<?xml version="1.0" encoding="UTF-8"?>
<testsuites name="A2-Pruebas_Planta_Personal" time="491.1" tests="16" failures="2" errors="0">
   <testsuite name="A2-Pruebas_Planta_Personal" tests="16" failures="2" errors="0" time="491.1" skipped="0" timestamp="2022-04-04 15:27:35" hostname="diego.rojas - US-AF-000371" id="Test Suites/Test_Suite_Secundaria/A2-Pruebas_Planta_Personal">
      <properties>
         <property name="deviceName" value=""/>
         <property name="devicePlatform" value=""/>
         <property name="logFolder" value="C:\\Users\\diego.rojas\\git\\Pruebas-Minimas\\Reports\\20220404_152727\\Test_Suite_Secundaria\\A2-Pruebas_Planta_Personal\\20220404_152727"/>
         <property name="logFiles" value="C:\\Users\\diego.rojas\\git\\Pruebas-Minimas\\Reports\\20220404_152727\\Test_Suite_Secundaria\\A2-Pruebas_Planta_Personal\\20220404_152727\\execution0.log"/>
         <property name="attachments" value="C:\\Users\\diego.rojas\\git\\Pruebas-Minimas\\Reports\\20220404_152727\\Test_Suite_Secundaria\\A2-Pruebas_Planta_Personal\\20220404_152727\\1649104405140.png, C:\\Users\\diego.rojas\\git\\Pruebas-Minimas\\Reports\\20220404_152727\\Test_Suite_Secundaria\\A2-Pruebas_Planta_Personal\\20220404_152727\\1649104486285.png"/>
         <property name="hostName" value="diego.rojas - US-AF-000371"/>
         <property name="os" value="Windows 10 64bit"/>
         <property name="katalonVersion" value="8.2.5.208"/>
         <property name="browser" value="Chrome 99.0.4844.84"/>
         <property name="hostAddress" value="192.168.56.1"/>
         <property name="sessionId" value="7118e4b60217d52078819d82b8b2b72e"/>
         <property name="seleniumVersion" value="3.141.59"/>
         <property name="proxyInformation" value="ProxyInformation { proxyOption=NO_PROXY, proxyServerType=HTTP, username=, password=********, proxyServerAddress=, proxyServerPort=0, executionList=&quot;&quot;, isApplyToDesiredCapabilities=true }"/>
         <property name="platform" value="Windows 10"/>
      </properties>
      <testcase name="Test Cases/1.2-Tareas_Secundarias/A.2-Pruebas_planta_personal/12.1.1-Crear_una_unidad" time="31.287" classname="Test Cases/1.2-Tareas_Secundarias/A.2-Pruebas_planta_personal/12.1.1-Crear_una_unidad" status="PASSED">
         <system-out><![CDATA[2022-04-04 15:27:36 - [TEST_CASE][PASSED] - Test Cases/1.2-Tareas_Secundarias/A.2-Pruebas_planta_personal/12.1.1-Crear_una_unidad: Test Cases/1.2-Tareas_Secundarias/A.2-Pruebas_planta_personal/12.1.1-Crear_una_unidad

2022-04-04 15:27:36 - [TEST_STEP][PASSED] - callTestCase(findTestCase("0.1-Login"), [:], STOP_ON_FAILURE): Call Test Case 'Test Cases/0.1-Login' successfully

2022-04-04 15:27:36 - [TEST_CASE][PASSED] - Test Cases/0.1-Login: Test Cases/0.1-Login

2022-04-04 15:27:37 - [TEST_STEP][PASSED] - openBrowser(""): Browser is opened with url: ''

2022-04-04 15:27:37 - [MESSAGE][INFO] - Starting 'Chrome' driver

2022-04-04 15:27:37 - [MESSAGE][INFO] - Action delay is set to 0 milliseconds

2022-04-04 15:27:39 - [MESSAGE][PASSED] - Browser is opened with url: ''

2022-04-04 15:27:39 - [TEST_STEP][PASSED] - maximizeWindow(): Current window maximized

2022-04-04 15:27:39 - [MESSAGE][PASSED] - Current window maximized

2022-04-04 15:27:39 - [TEST_STEP][PASSED] - i = G_Login: null

2022-04-04 15:27:40 - [TEST_STEP][PASSED] - url = new java.net.URL(i): null

2022-04-04 15:27:40 - [TEST_STEP][PASSED] - println("URL: " + url.toString()): null

2022-04-04 15:27:40 - [TEST_STEP][PASSED] - connection = url.openConnection(): null

2022-04-04 15:27:40 - [TEST_STEP][PASSED] - connection.setRequestMethod("GET"): null

2022-04-04 15:27:40 - [TEST_STEP][PASSED] - connection.setReadTimeout(2 * 1000): null

2022-04-04 15:27:40 - [TEST_STEP][PASSED] - try: null

2022-04-04 15:27:40 - [TEST_STEP][PASSED] - connection.connect(): null

2022-04-04 15:27:40 - [TEST_STEP][PASSED] - flag = connected: null

2022-04-04 15:27:40 - [TEST_STEP][PASSED] - println("Valor_ori: " + flag): null

2022-04-04 15:27:40 - [TEST_STEP][PASSED] - if (flag): null

2022-04-04 15:27:40 - [TEST_STEP][PASSED] - navigateToUrl(i): Navigate to 'http://192.168.2.19:8380/saraweb' successfully

2022-04-04 15:27:40 - [MESSAGE][PASSED] - Navigate to 'http://192.168.2.19:8380/saraweb' successfully

2022-04-04 15:27:40 - [TEST_STEP][PASSED] - a(): null

2022-04-04 15:27:40 - [TEST_STEP][PASSED] - setText(findTestObject("Login/input_USUARIO_loginusuario"), G_Usuario): Text 'saraadmin' is set on object 'Object Repository/Login/input_USUARIO_loginusuario'

2022-04-04 15:27:41 - [MESSAGE][PASSED] - Text 'saraadmin' is set on object 'Object Repository/Login/input_USUARIO_loginusuario'

2022-04-04 15:27:41 - [TEST_STEP][PASSED] - setEncryptedText(findTestObject("Login/input_CLAVE_loginpassword"), "MkG4/TYiCFC3cb2driP7+Q=="): Text ****** has been set on object 'Object Repository/Login/input_CLAVE_loginpassword'

2022-04-04 15:27:42 - [MESSAGE][PASSED] - Text ****** has been set on object 'Object Repository/Login/input_CLAVE_loginpassword'

2022-04-04 15:27:42 - [TEST_STEP][PASSED] - waitForElementClickable(findTestObject("Login/a_Ingresar"), G_TimeOut): Object 'Object Repository/Login/a_Ingresar' is clickable

2022-04-04 15:27:42 - [MESSAGE][PASSED] - Object 'Object Repository/Login/a_Ingresar' is clickable

2022-04-04 15:27:42 - [TEST_STEP][PASSED] - click(findTestObject("Login/a_Ingresar")): Object: 'Object Repository/Login/a_Ingresar' is clicked on

2022-04-04 15:27:44 - [MESSAGE][PASSED] - Object: 'Object Repository/Login/a_Ingresar' is clicked on

2022-04-04 15:27:44 - [TEST_STEP][PASSED] - element = findWebElement(findTestObject("Login/a_Ir"), 30): null

2022-04-04 15:27:44 - [TEST_STEP][PASSED] - executeJavaScript("arguments[0].click()", Arrays.asList(element)): Execute JavaScript 'arguments[0].click()' successfully

2022-04-04 15:27:44 - [MESSAGE][PASSED] - Execute JavaScript 'arguments[0].click()' successfully

2022-04-04 15:27:44 - [MESSAGE][PASSED] - Call Test Case 'Test Cases/0.1-Login' successfully

2022-04-04 15:27:44 - [TEST_STEP][PASSED] - setText(findTestObject("Modulo Pruebas Planta de Personal/Crear_una_unidad/input_Empresa 1_form_templatej_idt24_input"), "planta personal (tal)"): Text 'planta personal (tal)' is set on object 'Object Repository/Modulo Pruebas Planta de Personal/Crear_una_unidad/input_Empresa 1_form_templatej_idt24_input'

2022-04-04 15:27:46 - [MESSAGE][PASSED] - Text 'planta personal (tal)' is set on object 'Object Repository/Modulo Pruebas Planta de Personal/Crear_una_unidad/input_Empresa 1_form_templatej_idt24_input'

2022-04-04 15:27:46 - [TEST_STEP][PASSED] - click(findTestObject("Modulo Pruebas Planta de Personal/Crear_una_unidad/span_Planta Personal (tal)")): Object: 'Object Repository/Modulo Pruebas Planta de Personal/Crear_una_unidad/span_Planta Personal (tal)' is clicked on

2022-04-04 15:27:47 - [MESSAGE][PASSED] - Object: 'Object Repository/Modulo Pruebas Planta de Personal/Crear_una_unidad/span_Planta Personal (tal)' is clicked on

2022-04-04 15:27:47 - [TEST_STEP][PASSED] - click(findTestObject("Modulo Pruebas Planta de Personal/Crear_una_unidad/span_Administracion")): Object: 'Object Repository/Modulo Pruebas Planta de Personal/Crear_una_unidad/span_Administracion' is clicked on

2022-04-04 15:27:48 - [MESSAGE][PASSED] - Object: 'Object Repository/Modulo Pruebas Planta de Personal/Crear_una_unidad/span_Administracion' is clicked on

2022-04-04 15:27:48 - [TEST_STEP][PASSED] - if (waitForElementVisible(findTestObject("Modulo Pruebas Planta de Personal/Crear_una_unidad/span_Pruebas  Katalon1"), 1)): null

2022-04-04 15:27:49 - [MESSAGE][PASSED] - Object 'Object Repository/Modulo Pruebas Planta de Personal/Crear_una_unidad/span_Pruebas  Katalon1' is visible

2022-04-04 15:27:49 - [TEST_STEP][PASSED] - click(findTestObject("Modulo Pruebas Planta de Personal/Crear_una_unidad/span_Pruebas  Katalon1")): Object: 'Object Repository/Modulo Pruebas Planta de Personal/Crear_una_unidad/span_Pruebas  Katalon1' is clicked on

2022-04-04 15:27:49 - [MESSAGE][PASSED] - Object: 'Object Repository/Modulo Pruebas Planta de Personal/Crear_una_unidad/span_Pruebas  Katalon1' is clicked on

2022-04-04 15:27:49 - [TEST_STEP][PASSED] - click(findTestObject("Modulo Pruebas Planta de Personal/Crear_una_unidad/span_No Relacionado_ui-button-icon-left ui-icon ui-c ui-icon-triangle-1-s")): Object: 'Object Repository/Modulo Pruebas Planta de Personal/Crear_una_unidad/span_No Relacionado_ui-button-icon-left ui-icon ui-c ui-icon-triangle-1-s' is clicked on

2022-04-04 15:27:50 - [MESSAGE][PASSED] - Object: 'Object Repository/Modulo Pruebas Planta de Personal/Crear_una_unidad/span_No Relacionado_ui-button-icon-left ui-icon ui-c ui-icon-triangle-1-s' is clicked on

2022-04-04 15:27:50 - [TEST_STEP][PASSED] - click(findTestObject("Modulo Pruebas Planta de Personal/Crear_una_unidad/span_Organigrama1")): Object: 'Object Repository/Modulo Pruebas Planta de Personal/Crear_una_unidad/span_Organigrama1' is clicked on

2022-04-04 15:27:50 - [MESSAGE][PASSED] - Object: 'Object Repository/Modulo Pruebas Planta de Personal/Crear_una_unidad/span_Organigrama1' is clicked on

2022-04-04 15:27:50 - [TEST_STEP][PASSED] - if (waitForElementVisible(findTestObject("Modulo Pruebas Planta de Personal/Crear_una_unidad/span_QAS"), 1)): null

2022-04-04 15:27:51 - [MESSAGE][PASSED] - Object 'Object Repository/Modulo Pruebas Planta de Personal/Crear_una_unidad/span_QAS' is visible

2022-04-04 15:27:51 - [TEST_STEP][PASSED] - click(findTestObject("Modulo Pruebas Planta de Personal/Crear_una_unidad/a_QAS_organigramaj_idt1420modificar")): Object: 'Object Repository/Modulo Pruebas Planta de Personal/Crear_una_unidad/a_QAS_organigramaj_idt1420modificar' is clicked on

2022-04-04 15:27:51 - [MESSAGE][PASSED] - Object: 'Object Repository/Modulo Pruebas Planta de Personal/Crear_una_unidad/a_QAS_organigramaj_idt1420modificar' is clicked on

2022-04-04 15:27:51 - [TEST_STEP][PASSED] - click(findTestObject("Modulo Pruebas Planta de Personal/Crear_una_unidad/a_Eliminar1")): Object: 'Object Repository/Modulo Pruebas Planta de Personal/Crear_una_unidad/a_Eliminar1' is clicked on

2022-04-04 15:27:52 - [MESSAGE][PASSED] - Object: 'Object Repository/Modulo Pruebas Planta de Personal/Crear_una_unidad/a_Eliminar1' is clicked on

2022-04-04 15:27:52 - [TEST_STEP][PASSED] - click(findTestObject("Modulo Pruebas Planta de Personal/Crear_una_unidad/span_Si1")): Object: 'Object Repository/Modulo Pruebas Planta de Personal/Crear_una_unidad/span_Si1' is clicked on

2022-04-04 15:27:53 - [MESSAGE][PASSED] - Object: 'Object Repository/Modulo Pruebas Planta de Personal/Crear_una_unidad/span_Si1' is clicked on

2022-04-04 15:27:53 - [TEST_STEP][PASSED] - click(findTestObject("Modulo Pruebas Planta de Personal/Crear_una_unidad/a_Pruebas  Katalon_organigramamodificar2")): Object: 'Object Repository/Modulo Pruebas Planta de Personal/Crear_una_unidad/a_Pruebas  Katalon_organigramamodificar2' is clicked on

2022-04-04 15:27:55 - [MESSAGE][PASSED] - Object: 'Object Repository/Modulo Pruebas Planta de Personal/Crear_una_unidad/a_Pruebas  Katalon_organigramamodificar2' is clicked on

2022-04-04 15:27:55 - [TEST_STEP][PASSED] - click(findTestObject("Modulo Pruebas Planta de Personal/Crear_una_unidad/a_Eliminar")): Object: 'Object Repository/Modulo Pruebas Planta de Personal/Crear_una_unidad/a_Eliminar' is clicked on

2022-04-04 15:27:56 - [MESSAGE][PASSED] - Object: 'Object Repository/Modulo Pruebas Planta de Personal/Crear_una_unidad/a_Eliminar' is clicked on

2022-04-04 15:27:56 - [TEST_STEP][PASSED] - click(findTestObject("Modulo Pruebas Planta de Personal/Crear_una_unidad/span_Si")): Object: 'Object Repository/Modulo Pruebas Planta de Personal/Crear_una_unidad/span_Si' is clicked on

2022-04-04 15:27:57 - [MESSAGE][PASSED] - Object: 'Object Repository/Modulo Pruebas Planta de Personal/Crear_una_unidad/span_Si' is clicked on

2022-04-04 15:27:57 - [TEST_STEP][PASSED] - click(findTestObject("Modulo Pruebas Planta de Personal/Crear_una_unidad/span_Administracion")): Object: 'Object Repository/Modulo Pruebas Planta de Personal/Crear_una_unidad/span_Administracion' is clicked on

2022-04-04 15:27:58 - [MESSAGE][PASSED] - Object: 'Object Repository/Modulo Pruebas Planta de Personal/Crear_una_unidad/span_Administracion' is clicked on

2022-04-04 15:27:58 - [TEST_STEP][PASSED] - click(findTestObject("Modulo Pruebas Planta de Personal/Crear_una_unidad/span_No Relacionado_ui-button-icon-left ui-icon ui-c ui-icon-triangle-1-s")): Object: 'Object Repository/Modulo Pruebas Planta de Personal/Crear_una_unidad/span_No Relacionado_ui-button-icon-left ui-icon ui-c ui-icon-triangle-1-s' is clicked on

2022-04-04 15:27:59 - [MESSAGE][PASSED] - Object: 'Object Repository/Modulo Pruebas Planta de Personal/Crear_una_unidad/span_No Relacionado_ui-button-icon-left ui-icon ui-c ui-icon-triangle-1-s' is clicked on

2022-04-04 15:27:59 - [TEST_STEP][PASSED] - click(findTestObject("Modulo Pruebas Planta de Personal/Crear_una_unidad/span_Organigrama")): Object: 'Object Repository/Modulo Pruebas Planta de Personal/Crear_una_unidad/span_Organigrama' is clicked on

2022-04-04 15:27:59 - [MESSAGE][PASSED] - Object: 'Object Repository/Modulo Pruebas Planta de Personal/Crear_una_unidad/span_Organigrama' is clicked on

2022-04-04 15:27:59 - [TEST_STEP][PASSED] - Result = getText(findTestObject("Modulo Pruebas Planta de Personal/Crear_una_unidad/span_Pruebas  Katalon")): Text of object 'Object Repository/Modulo Pruebas Planta de Personal/Crear_una_unidad/span_Pruebas  Katalon' is: 'UNIDAD NUEVA1'

2022-04-04 15:28:00 - [MESSAGE][PASSED] - Text of object 'Object Repository/Modulo Pruebas Planta de Personal/Crear_una_unidad/span_Pruebas  Katalon' is: 'UNIDAD NUEVA1'

2022-04-04 15:28:00 - [TEST_STEP][PASSED] - if (Result == "Pruebas Katalon"): null

2022-04-04 15:28:00 - [TEST_STEP][PASSED] - click(findTestObject("Modulo Pruebas Planta de Personal/Crear_una_unidad/a_Organigrama_organigramacrearUnidad")): Object: 'Object Repository/Modulo Pruebas Planta de Personal/Crear_una_unidad/a_Organigrama_organigramacrearUnidad' is clicked on

2022-04-04 15:28:01 - [MESSAGE][PASSED] - Object: 'Object Repository/Modulo Pruebas Planta de Personal/Crear_una_unidad/a_Organigrama_organigramacrearUnidad' is clicked on

2022-04-04 15:28:01 - [TEST_STEP][PASSED] - setText(findTestObject("Modulo Pruebas Planta de Personal/Crear_una_unidad/input_Unidad Organizacional_popupUnidadOrganizacional_formcodigoUnidadPopup"), "27"): Text '27' is set on object 'Object Repository/Modulo Pruebas Planta de Personal/Crear_una_unidad/input_Unidad Organizacional_popupUnidadOrganizacional_formcodigoUnidadPopup'

2022-04-04 15:28:02 - [MESSAGE][PASSED] - Text '27' is set on object 'Object Repository/Modulo Pruebas Planta de Personal/Crear_una_unidad/input_Unidad Organizacional_popupUnidadOrganizacional_formcodigoUnidadPopup'

2022-04-04 15:28:02 - [TEST_STEP][PASSED] - selectOptionByIndex(findTestObject("Modulo Pruebas Planta de Personal/Crear_una_unidad/select_--Seleccione Tipo Unidad--COORDINACIONPRESIDENCIAVICEPRESIDENCIA"), 5): All options with index in [5] are selected on object 'Object Repository/Modulo Pruebas Planta de Personal/Crear_una_unidad/select_--Seleccione Tipo Unidad--COORDINACIONPRESIDENCIAVICEPRESIDENCIA'

2022-04-04 15:28:03 - [MESSAGE][PASSED] - All options with index in [5] are selected on object 'Object Repository/Modulo Pruebas Planta de Personal/Crear_una_unidad/select_--Seleccione Tipo Unidad--COORDINACIONPRESIDENCIAVICEPRESIDENCIA'

2022-04-04 15:28:03 - [TEST_STEP][PASSED] - setText(findTestObject("Modulo Pruebas Planta de Personal/Crear_una_unidad/input_Descripcin_popupUnidadOrganizacional_formnombreUnidadPopup"), "Pruebas  Katalon"): Text 'Pruebas  Katalon' is set on object 'Object Repository/Modulo Pruebas Planta de Personal/Crear_una_unidad/input_Descripcin_popupUnidadOrganizacional_formnombreUnidadPopup'

2022-04-04 15:28:04 - [MESSAGE][PASSED] - Text 'Pruebas  Katalon' is set on object 'Object Repository/Modulo Pruebas Planta de Personal/Crear_una_unidad/input_Descripcin_popupUnidadOrganizacional_formnombreUnidadPopup'

2022-04-04 15:28:04 - [TEST_STEP][PASSED] - selectOptionByIndex(findTestObject("Modulo Pruebas Planta de Personal/Crear_una_unidad/select_--Seleccione Sucursal--NO RELACIONADABOGOTA"), 2): All options with index in [2] are selected on object 'Object Repository/Modulo Pruebas Planta de Personal/Crear_una_unidad/select_--Seleccione Sucursal--NO RELACIONADABOGOTA'

2022-04-04 15:28:05 - [MESSAGE][PASSED] - All options with index in [2] are selected on object 'Object Repository/Modulo Pruebas Planta de Personal/Crear_una_unidad/select_--Seleccione Sucursal--NO RELACIONADABOGOTA'

2022-04-04 15:28:05 - [TEST_STEP][PASSED] - selectOptionByIndex(findTestObject("Modulo Pruebas Planta de Personal/Crear_una_unidad/select_--Seleccione el Estado--SINO"), 1): All options with index in [1] are selected on object 'Object Repository/Modulo Pruebas Planta de Personal/Crear_una_unidad/select_--Seleccione el Estado--SINO'

2022-04-04 15:28:06 - [MESSAGE][PASSED] - All options with index in [1] are selected on object 'Object Repository/Modulo Pruebas Planta de Personal/Crear_una_unidad/select_--Seleccione el Estado--SINO'

2022-04-04 15:28:06 - [TEST_STEP][PASSED] - click(findTestObject("Modulo Pruebas Planta de Personal/Crear_una_unidad/a_Actualizar")): Object: 'Object Repository/Modulo Pruebas Planta de Personal/Crear_una_unidad/a_Actualizar' is clicked on

2022-04-04 15:28:07 - [MESSAGE][PASSED] - Object: 'Object Repository/Modulo Pruebas Planta de Personal/Crear_una_unidad/a_Actualizar' is clicked on]]></system-out>
         <system-err><![CDATA[]]></system-err>
      </testcase>
      <testcase name="Test Cases/1.2-Tareas_Secundarias/A.2-Pruebas_planta_personal/12.1.3-Crear_un_puesto_de_trabajo" time="30.315" classname="Test Cases/1.2-Tareas_Secundarias/A.2-Pruebas_planta_personal/12.1.3-Crear_un_puesto_de_trabajo" status="PASSED">
         <system-out><![CDATA[2022-04-04 15:28:07 - [TEST_CASE][PASSED] - Test Cases/1.2-Tareas_Secundarias/A.2-Pruebas_planta_personal/12.1.3-Crear_un_puesto_de_trabajo: Test Cases/1.2-Tareas_Secundarias/A.2-Pruebas_planta_personal/12.1.3-Crear_un_puesto_de_trabajo

2022-04-04 15:28:07 - [TEST_STEP][PASSED] - callTestCase(findTestCase("0.1-Login"), [:], STOP_ON_FAILURE): Call Test Case 'Test Cases/0.1-Login' successfully

2022-04-04 15:28:07 - [TEST_CASE][PASSED] - Test Cases/0.1-Login: Test Cases/0.1-Login

2022-04-04 15:28:07 - [TEST_STEP][PASSED] - openBrowser(""): Browser is opened with url: ''

2022-04-04 15:28:07 - [MESSAGE][WARNING] - A browser is already opened. Closing browser and opening a new one

2022-04-04 15:28:08 - [MESSAGE][INFO] - Starting 'Chrome' driver

2022-04-04 15:28:08 - [MESSAGE][INFO] - Action delay is set to 0 milliseconds

2022-04-04 15:28:09 - [MESSAGE][PASSED] - Browser is opened with url: ''

2022-04-04 15:28:09 - [TEST_STEP][PASSED] - maximizeWindow(): Current window maximized

2022-04-04 15:28:10 - [MESSAGE][PASSED] - Current window maximized

2022-04-04 15:28:10 - [TEST_STEP][PASSED] - i = G_Login: null

2022-04-04 15:28:10 - [TEST_STEP][PASSED] - url = new java.net.URL(i): null

2022-04-04 15:28:10 - [TEST_STEP][PASSED] - println("URL: " + url.toString()): null

2022-04-04 15:28:10 - [TEST_STEP][PASSED] - connection = url.openConnection(): null

2022-04-04 15:28:10 - [TEST_STEP][PASSED] - connection.setRequestMethod("GET"): null

2022-04-04 15:28:10 - [TEST_STEP][PASSED] - connection.setReadTimeout(2 * 1000): null

2022-04-04 15:28:10 - [TEST_STEP][PASSED] - try: null

2022-04-04 15:28:10 - [TEST_STEP][PASSED] - connection.connect(): null

2022-04-04 15:28:10 - [TEST_STEP][PASSED] - flag = connected: null

2022-04-04 15:28:10 - [TEST_STEP][PASSED] - println("Valor_ori: " + flag): null

2022-04-04 15:28:10 - [TEST_STEP][PASSED] - if (flag): null

2022-04-04 15:28:10 - [TEST_STEP][PASSED] - navigateToUrl(i): Navigate to 'http://192.168.2.19:8380/saraweb' successfully

2022-04-04 15:28:10 - [MESSAGE][PASSED] - Navigate to 'http://192.168.2.19:8380/saraweb' successfully

2022-04-04 15:28:10 - [TEST_STEP][PASSED] - a(): null

2022-04-04 15:28:10 - [TEST_STEP][PASSED] - setText(findTestObject("Login/input_USUARIO_loginusuario"), G_Usuario): Text 'saraadmin' is set on object 'Object Repository/Login/input_USUARIO_loginusuario'

2022-04-04 15:28:11 - [MESSAGE][PASSED] - Text 'saraadmin' is set on object 'Object Repository/Login/input_USUARIO_loginusuario'

2022-04-04 15:28:11 - [TEST_STEP][PASSED] - setEncryptedText(findTestObject("Login/input_CLAVE_loginpassword"), "MkG4/TYiCFC3cb2driP7+Q=="): Text ****** has been set on object 'Object Repository/Login/input_CLAVE_loginpassword'

2022-04-04 15:28:11 - [MESSAGE][PASSED] - Text ****** has been set on object 'Object Repository/Login/input_CLAVE_loginpassword'

2022-04-04 15:28:11 - [TEST_STEP][PASSED] - waitForElementClickable(findTestObject("Login/a_Ingresar"), G_TimeOut): Object 'Object Repository/Login/a_Ingresar' is clickable

2022-04-04 15:28:12 - [MESSAGE][PASSED] - Object 'Object Repository/Login/a_Ingresar' is clickable

2022-04-04 15:28:12 - [TEST_STEP][PASSED] - click(findTestObject("Login/a_Ingresar")): Object: 'Object Repository/Login/a_Ingresar' is clicked on

2022-04-04 15:28:13 - [MESSAGE][PASSED] - Object: 'Object Repository/Login/a_Ingresar' is clicked on

2022-04-04 15:28:13 - [TEST_STEP][PASSED] - element = findWebElement(findTestObject("Login/a_Ir"), 30): null

2022-04-04 15:28:13 - [TEST_STEP][PASSED] - executeJavaScript("arguments[0].click()", Arrays.asList(element)): Execute JavaScript 'arguments[0].click()' successfully

2022-04-04 15:28:13 - [MESSAGE][PASSED] - Execute JavaScript 'arguments[0].click()' successfully

2022-04-04 15:28:13 - [MESSAGE][PASSED] - Call Test Case 'Test Cases/0.1-Login' successfully

2022-04-04 15:28:13 - [TEST_STEP][PASSED] - setText(findTestObject("Modulo Pruebas Planta de Personal/Crear_un_puesto_de_trabajo/input_Empresa 1_form_templatej_idt24_input"), "Planta personal (tal)"): Text 'Planta personal (tal)' is set on object 'Object Repository/Modulo Pruebas Planta de Personal/Crear_un_puesto_de_trabajo/input_Empresa 1_form_templatej_idt24_input'

2022-04-04 15:28:15 - [MESSAGE][PASSED] - Text 'Planta personal (tal)' is set on object 'Object Repository/Modulo Pruebas Planta de Personal/Crear_un_puesto_de_trabajo/input_Empresa 1_form_templatej_idt24_input'

2022-04-04 15:28:15 - [TEST_STEP][PASSED] - click(findTestObject("Modulo Pruebas Planta de Personal/Crear_un_puesto_de_trabajo/span_Planta Personal (tal)")): Object: 'Object Repository/Modulo Pruebas Planta de Personal/Crear_un_puesto_de_trabajo/span_Planta Personal (tal)' is clicked on

2022-04-04 15:28:16 - [MESSAGE][PASSED] - Object: 'Object Repository/Modulo Pruebas Planta de Personal/Crear_un_puesto_de_trabajo/span_Planta Personal (tal)' is clicked on

2022-04-04 15:28:16 - [TEST_STEP][PASSED] - click(findTestObject("Modulo Pruebas Planta de Personal/Crear_un_puesto_de_trabajo/span_Administracion")): Object: 'Object Repository/Modulo Pruebas Planta de Personal/Crear_un_puesto_de_trabajo/span_Administracion' is clicked on

2022-04-04 15:28:18 - [MESSAGE][PASSED] - Object: 'Object Repository/Modulo Pruebas Planta de Personal/Crear_un_puesto_de_trabajo/span_Administracion' is clicked on

2022-04-04 15:28:18 - [TEST_STEP][PASSED] - click(findTestObject("Modulo Pruebas Planta de Personal/Crear_un_puesto_de_trabajo/span_Posicion")): Object: 'Object Repository/Modulo Pruebas Planta de Personal/Crear_un_puesto_de_trabajo/span_Posicion' is clicked on

2022-04-04 15:28:19 - [MESSAGE][PASSED] - Object: 'Object Repository/Modulo Pruebas Planta de Personal/Crear_un_puesto_de_trabajo/span_Posicion' is clicked on

2022-04-04 15:28:19 - [TEST_STEP][PASSED] - click(findTestObject("Modulo Pruebas Planta de Personal/Crear_un_puesto_de_trabajo/span_Administracion")): Object: 'Object Repository/Modulo Pruebas Planta de Personal/Crear_un_puesto_de_trabajo/span_Administracion' is clicked on

2022-04-04 15:28:19 - [MESSAGE][PASSED] - Object: 'Object Repository/Modulo Pruebas Planta de Personal/Crear_un_puesto_de_trabajo/span_Administracion' is clicked on

2022-04-04 15:28:19 - [TEST_STEP][PASSED] - click(findTestObject("Modulo Pruebas Planta de Personal/Crear_un_puesto_de_trabajo/a_Posicion_organigramanuevoPuestoTrabajo")): Object: 'Object Repository/Modulo Pruebas Planta de Personal/Crear_un_puesto_de_trabajo/a_Posicion_organigramanuevoPuestoTrabajo' is clicked on

2022-04-04 15:28:20 - [MESSAGE][PASSED] - Object: 'Object Repository/Modulo Pruebas Planta de Personal/Crear_un_puesto_de_trabajo/a_Posicion_organigramanuevoPuestoTrabajo' is clicked on

2022-04-04 15:28:20 - [TEST_STEP][PASSED] - click(findTestObject("Modulo Pruebas Planta de Personal/Crear_un_puesto_de_trabajo/a_Cargo_datosPuestoTrabajo_formj_idt931")): Object: 'Object Repository/Modulo Pruebas Planta de Personal/Crear_un_puesto_de_trabajo/a_Cargo_datosPuestoTrabajo_formj_idt931' is clicked on

2022-04-04 15:28:21 - [MESSAGE][PASSED] - Object: 'Object Repository/Modulo Pruebas Planta de Personal/Crear_un_puesto_de_trabajo/a_Cargo_datosPuestoTrabajo_formj_idt931' is clicked on

2022-04-04 15:28:21 - [TEST_STEP][PASSED] - click(findTestObject("Modulo Pruebas Planta de Personal/Crear_un_puesto_de_trabajo/span_ABOGADO")): Object: 'Object Repository/Modulo Pruebas Planta de Personal/Crear_un_puesto_de_trabajo/span_ABOGADO' is clicked on

2022-04-04 15:28:22 - [MESSAGE][PASSED] - Object: 'Object Repository/Modulo Pruebas Planta de Personal/Crear_un_puesto_de_trabajo/span_ABOGADO' is clicked on

2022-04-04 15:28:22 - [TEST_STEP][PASSED] - selectOptionByIndex(findTestObject("Modulo Pruebas Planta de Personal/Crear_un_puesto_de_trabajo/select_-- Seleccione --Planta Dinamica                (1)Planta Fija                    (B1)"), 1): All options with index in [1] are selected on object 'Object Repository/Modulo Pruebas Planta de Personal/Crear_un_puesto_de_trabajo/select_-- Seleccione --Planta Dinamica                (1)Planta Fija                    (B1)'

2022-04-04 15:28:23 - [MESSAGE][PASSED] - All options with index in [1] are selected on object 'Object Repository/Modulo Pruebas Planta de Personal/Crear_un_puesto_de_trabajo/select_-- Seleccione --Planta Dinamica                (1)Planta Fija                    (B1)'

2022-04-04 15:28:23 - [TEST_STEP][PASSED] - selectOptionByIndex(findTestObject("Modulo Pruebas Planta de Personal/Crear_un_puesto_de_trabajo/select_-- Seleccione --Ampleado                       (Z3)Empleado                       (B3)Mapa"), 2): All options with index in [2] are selected on object 'Object Repository/Modulo Pruebas Planta de Personal/Crear_un_puesto_de_trabajo/select_-- Seleccione --Ampleado                       (Z3)Empleado                       (B3)Mapa'

2022-04-04 15:28:24 - [MESSAGE][PASSED] - All options with index in [2] are selected on object 'Object Repository/Modulo Pruebas Planta de Personal/Crear_un_puesto_de_trabajo/select_-- Seleccione --Ampleado                       (Z3)Empleado                       (B3)Mapa'

2022-04-04 15:28:24 - [TEST_STEP][PASSED] - selectOptionByIndex(findTestObject("Modulo Pruebas Planta de Personal/Crear_un_puesto_de_trabajo/select_-- Seleccione --BloqueadoEliminadoOcupado y disponible"), 6): All options with index in [6] are selected on object 'Object Repository/Modulo Pruebas Planta de Personal/Crear_un_puesto_de_trabajo/select_-- Seleccione --BloqueadoEliminadoOcupado y disponible'

2022-04-04 15:28:26 - [MESSAGE][PASSED] - All options with index in [6] are selected on object 'Object Repository/Modulo Pruebas Planta de Personal/Crear_un_puesto_de_trabajo/select_-- Seleccione --BloqueadoEliminadoOcupado y disponible'

2022-04-04 15:28:26 - [TEST_STEP][PASSED] - click(findTestObject("Modulo Pruebas Planta de Personal/Crear_un_puesto_de_trabajo/label_No es responsable de la Unidad")): Object: 'Object Repository/Modulo Pruebas Planta de Personal/Crear_un_puesto_de_trabajo/label_No es responsable de la Unidad' is clicked on

2022-04-04 15:28:26 - [MESSAGE][PASSED] - Object: 'Object Repository/Modulo Pruebas Planta de Personal/Crear_un_puesto_de_trabajo/label_No es responsable de la Unidad' is clicked on

2022-04-04 15:28:26 - [TEST_STEP][PASSED] - click(findTestObject("Modulo Pruebas Planta de Personal/Crear_un_puesto_de_trabajo/label_No")): Object: 'Object Repository/Modulo Pruebas Planta de Personal/Crear_un_puesto_de_trabajo/label_No' is clicked on

2022-04-04 15:28:27 - [MESSAGE][PASSED] - Object: 'Object Repository/Modulo Pruebas Planta de Personal/Crear_un_puesto_de_trabajo/label_No' is clicked on

2022-04-04 15:28:27 - [TEST_STEP][PASSED] - click(findTestObject("Modulo Pruebas Planta de Personal/Crear_un_puesto_de_trabajo/span_Actualizar")): Object: 'Object Repository/Modulo Pruebas Planta de Personal/Crear_un_puesto_de_trabajo/span_Actualizar' is clicked on

2022-04-04 15:28:27 - [MESSAGE][PASSED] - Object: 'Object Repository/Modulo Pruebas Planta de Personal/Crear_un_puesto_de_trabajo/span_Actualizar' is clicked on

2022-04-04 15:28:27 - [TEST_STEP][PASSED] - click(findTestObject("Modulo Pruebas Planta de Personal/Crear_un_puesto_de_trabajo/a_Zona Econmica_datosPuestoTrabajo_formj_idt1061")): Object: 'Object Repository/Modulo Pruebas Planta de Personal/Crear_un_puesto_de_trabajo/a_Zona Econmica_datosPuestoTrabajo_formj_idt1061' is clicked on

2022-04-04 15:28:28 - [MESSAGE][PASSED] - Object: 'Object Repository/Modulo Pruebas Planta de Personal/Crear_un_puesto_de_trabajo/a_Zona Econmica_datosPuestoTrabajo_formj_idt1061' is clicked on

2022-04-04 15:28:28 - [TEST_STEP][PASSED] - click(findTestObject("Modulo Pruebas Planta de Personal/Crear_un_puesto_de_trabajo/span_ADMINISTRATIVA")): Object: 'Object Repository/Modulo Pruebas Planta de Personal/Crear_un_puesto_de_trabajo/span_ADMINISTRATIVA' is clicked on

2022-04-04 15:28:29 - [MESSAGE][PASSED] - Object: 'Object Repository/Modulo Pruebas Planta de Personal/Crear_un_puesto_de_trabajo/span_ADMINISTRATIVA' is clicked on

2022-04-04 15:28:29 - [TEST_STEP][PASSED] - selectOptionByIndex(findTestObject("Modulo Pruebas Planta de Personal/Crear_un_puesto_de_trabajo/select_-- Seleccione empleados_lineacosto --ADMINISTRATIVO -- 1NO RELACIONADA"), 1): All options with index in [1] are selected on object 'Object Repository/Modulo Pruebas Planta de Personal/Crear_un_puesto_de_trabajo/select_-- Seleccione empleados_lineacosto --ADMINISTRATIVO -- 1NO RELACIONADA'

2022-04-04 15:28:30 - [MESSAGE][PASSED] - All options with index in [1] are selected on object 'Object Repository/Modulo Pruebas Planta de Personal/Crear_un_puesto_de_trabajo/select_-- Seleccione empleados_lineacosto --ADMINISTRATIVO -- 1NO RELACIONADA'

2022-04-04 15:28:30 - [TEST_STEP][PASSED] - selectOptionByLabel(findTestObject("Modulo Pruebas Planta de Personal/Crear_un_puesto_de_trabajo/select_-- Seleccione Ubicacin Fsica --ABEJORRALABREGOACACIASACANDIACEVEDOACHIAGRADO"), "BOGOTÁ", false): All options with label 'BOGOTÁ' are selected in object 'Object Repository/Modulo Pruebas Planta de Personal/Crear_un_puesto_de_trabajo/select_-- Seleccione Ubicacin Fsica --ABEJORRALABREGOACACIASACANDIACEVEDOACHIAGRADO' 

2022-04-04 15:28:31 - [MESSAGE][PASSED] - All options with label 'BOGOTÁ' are selected in object 'Object Repository/Modulo Pruebas Planta de Personal/Crear_un_puesto_de_trabajo/select_-- Seleccione Ubicacin Fsica --ABEJORRALABREGOACACIASACANDIACEVEDOACHIAGRADO' 

2022-04-04 15:28:31 - [TEST_STEP][PASSED] - selectOptionByIndex(findTestObject("Modulo Pruebas Planta de Personal/Crear_un_puesto_de_trabajo/select_2120 HORAS1240 HORAS0NO DEFINIDO61Pensin"), 2): All options with index in [2] are selected on object 'Object Repository/Modulo Pruebas Planta de Personal/Crear_un_puesto_de_trabajo/select_2120 HORAS1240 HORAS0NO DEFINIDO61Pensin'

2022-04-04 15:28:32 - [MESSAGE][PASSED] - All options with index in [2] are selected on object 'Object Repository/Modulo Pruebas Planta de Personal/Crear_un_puesto_de_trabajo/select_2120 HORAS1240 HORAS0NO DEFINIDO61Pensin'

2022-04-04 15:28:32 - [TEST_STEP][PASSED] - selectOptionByIndex(findTestObject("Modulo Pruebas Planta de Personal/Crear_un_puesto_de_trabajo/select_12kataloonkataloonNOMINA CATORCENALNOMINA"), 3): All options with index in [3] are selected on object 'Object Repository/Modulo Pruebas Planta de Personal/Crear_un_puesto_de_trabajo/select_12kataloonkataloonNOMINA CATORCENALNOMINA'

2022-04-04 15:28:33 - [MESSAGE][PASSED] - All options with index in [3] are selected on object 'Object Repository/Modulo Pruebas Planta de Personal/Crear_un_puesto_de_trabajo/select_12kataloonkataloonNOMINA CATORCENALNOMINA'

2022-04-04 15:28:33 - [TEST_STEP][PASSED] - selectOptionByIndex(findTestObject("Modulo Pruebas Planta de Personal/Crear_un_puesto_de_trabajo/select_0.5APRENDIZ ETAPA LECTIVA6APRENDIZ ETAPA PRODUCTIVA"), 7): All options with index in [7] are selected on object 'Object Repository/Modulo Pruebas Planta de Personal/Crear_un_puesto_de_trabajo/select_0.5APRENDIZ ETAPA LECTIVA6APRENDIZ ETAPA PRODUCTIVA'

2022-04-04 15:28:35 - [MESSAGE][PASSED] - All options with index in [7] are selected on object 'Object Repository/Modulo Pruebas Planta de Personal/Crear_un_puesto_de_trabajo/select_0.5APRENDIZ ETAPA LECTIVA6APRENDIZ ETAPA PRODUCTIVA'

2022-04-04 15:28:35 - [TEST_STEP][PASSED] - selectOptionByIndex(findTestObject("Modulo Pruebas Planta de Personal/Crear_un_puesto_de_trabajo/select_ADMINISTRATIVOSAPRENDICESEMPLEADOFBROLESTSMECANICOS"), 1): All options with index in [1] are selected on object 'Object Repository/Modulo Pruebas Planta de Personal/Crear_un_puesto_de_trabajo/select_ADMINISTRATIVOSAPRENDICESEMPLEADOFBROLESTSMECANICOS'

2022-04-04 15:28:36 - [MESSAGE][PASSED] - All options with index in [1] are selected on object 'Object Repository/Modulo Pruebas Planta de Personal/Crear_un_puesto_de_trabajo/select_ADMINISTRATIVOSAPRENDICESEMPLEADOFBROLESTSMECANICOS'

2022-04-04 15:28:36 - [TEST_STEP][PASSED] - setText(findTestObject("Modulo Pruebas Planta de Personal/Crear_un_puesto_de_trabajo/input_Mesada_datosPuestoTrabajo_formsueldo"), "150000"): Text '150000' is set on object 'Object Repository/Modulo Pruebas Planta de Personal/Crear_un_puesto_de_trabajo/input_Mesada_datosPuestoTrabajo_formsueldo'

2022-04-04 15:28:37 - [MESSAGE][PASSED] - Text '150000' is set on object 'Object Repository/Modulo Pruebas Planta de Personal/Crear_un_puesto_de_trabajo/input_Mesada_datosPuestoTrabajo_formsueldo'

2022-04-04 15:28:37 - [TEST_STEP][PASSED] - click(findTestObject("Modulo Pruebas Planta de Personal/Crear_un_puesto_de_trabajo/span_Actualizar")): Object: 'Object Repository/Modulo Pruebas Planta de Personal/Crear_un_puesto_de_trabajo/span_Actualizar' is clicked on

2022-04-04 15:28:37 - [MESSAGE][PASSED] - Object: 'Object Repository/Modulo Pruebas Planta de Personal/Crear_un_puesto_de_trabajo/span_Actualizar' is clicked on]]></system-out>
         <system-err><![CDATA[]]></system-err>
      </testcase>
      <testcase name="Test Cases/1.2-Tareas_Secundarias/A.2-Pruebas_planta_personal/12.1.4-Ajuste_relación_(Encargos)" time="12.667" classname="Test Cases/1.2-Tareas_Secundarias/A.2-Pruebas_planta_personal/12.1.4-Ajuste_relación_(Encargos)" status="PASSED">
         <system-out><![CDATA[2022-04-04 15:28:37 - [TEST_CASE][PASSED] - Test Cases/1.2-Tareas_Secundarias/A.2-Pruebas_planta_personal/12.1.4-Ajuste_relación_(Encargos): Test Cases/1.2-Tareas_Secundarias/A.2-Pruebas_planta_personal/12.1.4-Ajuste_relación_(Encargos)

2022-04-04 15:28:38 - [TEST_STEP][PASSED] - callTestCase(findTestCase("0.1-Login"), [:], STOP_ON_FAILURE): Call Test Case 'Test Cases/0.1-Login' successfully

2022-04-04 15:28:38 - [TEST_CASE][PASSED] - Test Cases/0.1-Login: Test Cases/0.1-Login

2022-04-04 15:28:38 - [TEST_STEP][PASSED] - openBrowser(""): Browser is opened with url: ''

2022-04-04 15:28:38 - [MESSAGE][WARNING] - A browser is already opened. Closing browser and opening a new one

2022-04-04 15:28:38 - [MESSAGE][INFO] - Starting 'Chrome' driver

2022-04-04 15:28:38 - [MESSAGE][INFO] - Action delay is set to 0 milliseconds

2022-04-04 15:28:40 - [MESSAGE][PASSED] - Browser is opened with url: ''

2022-04-04 15:28:40 - [TEST_STEP][PASSED] - maximizeWindow(): Current window maximized

2022-04-04 15:28:40 - [MESSAGE][PASSED] - Current window maximized

2022-04-04 15:28:40 - [TEST_STEP][PASSED] - i = G_Login: null

2022-04-04 15:28:40 - [TEST_STEP][PASSED] - url = new java.net.URL(i): null

2022-04-04 15:28:40 - [TEST_STEP][PASSED] - println("URL: " + url.toString()): null

2022-04-04 15:28:40 - [TEST_STEP][PASSED] - connection = url.openConnection(): null

2022-04-04 15:28:40 - [TEST_STEP][PASSED] - connection.setRequestMethod("GET"): null

2022-04-04 15:28:40 - [TEST_STEP][PASSED] - connection.setReadTimeout(2 * 1000): null

2022-04-04 15:28:40 - [TEST_STEP][PASSED] - try: null

2022-04-04 15:28:40 - [TEST_STEP][PASSED] - connection.connect(): null

2022-04-04 15:28:40 - [TEST_STEP][PASSED] - flag = connected: null

2022-04-04 15:28:40 - [TEST_STEP][PASSED] - println("Valor_ori: " + flag): null

2022-04-04 15:28:40 - [TEST_STEP][PASSED] - if (flag): null

2022-04-04 15:28:40 - [TEST_STEP][PASSED] - navigateToUrl(i): Navigate to 'http://192.168.2.19:8380/saraweb' successfully

2022-04-04 15:28:40 - [MESSAGE][PASSED] - Navigate to 'http://192.168.2.19:8380/saraweb' successfully

2022-04-04 15:28:40 - [TEST_STEP][PASSED] - a(): null

2022-04-04 15:28:40 - [TEST_STEP][PASSED] - setText(findTestObject("Login/input_USUARIO_loginusuario"), G_Usuario): Text 'saraadmin' is set on object 'Object Repository/Login/input_USUARIO_loginusuario'

2022-04-04 15:28:41 - [MESSAGE][PASSED] - Text 'saraadmin' is set on object 'Object Repository/Login/input_USUARIO_loginusuario'

2022-04-04 15:28:41 - [TEST_STEP][PASSED] - setEncryptedText(findTestObject("Login/input_CLAVE_loginpassword"), "MkG4/TYiCFC3cb2driP7+Q=="): Text ****** has been set on object 'Object Repository/Login/input_CLAVE_loginpassword'

2022-04-04 15:28:42 - [MESSAGE][PASSED] - Text ****** has been set on object 'Object Repository/Login/input_CLAVE_loginpassword'

2022-04-04 15:28:42 - [TEST_STEP][PASSED] - waitForElementClickable(findTestObject("Login/a_Ingresar"), G_TimeOut): Object 'Object Repository/Login/a_Ingresar' is clickable

2022-04-04 15:28:42 - [MESSAGE][PASSED] - Object 'Object Repository/Login/a_Ingresar' is clickable

2022-04-04 15:28:42 - [TEST_STEP][PASSED] - click(findTestObject("Login/a_Ingresar")): Object: 'Object Repository/Login/a_Ingresar' is clicked on

2022-04-04 15:28:44 - [MESSAGE][PASSED] - Object: 'Object Repository/Login/a_Ingresar' is clicked on

2022-04-04 15:28:44 - [TEST_STEP][PASSED] - element = findWebElement(findTestObject("Login/a_Ir"), 30): null

2022-04-04 15:28:44 - [TEST_STEP][PASSED] - executeJavaScript("arguments[0].click()", Arrays.asList(element)): Execute JavaScript 'arguments[0].click()' successfully

2022-04-04 15:28:44 - [MESSAGE][PASSED] - Execute JavaScript 'arguments[0].click()' successfully

2022-04-04 15:28:44 - [MESSAGE][PASSED] - Call Test Case 'Test Cases/0.1-Login' successfully

2022-04-04 15:28:44 - [TEST_STEP][PASSED] - setText(findTestObject("input_Empresa 1_form_templatej_idt24_input"), "Planta Personal (tal)"): Text 'Planta Personal (tal)' is set on object 'Object Repository/input_Empresa 1_form_templatej_idt24_input'

2022-04-04 15:28:45 - [MESSAGE][PASSED] - Text 'Planta Personal (tal)' is set on object 'Object Repository/input_Empresa 1_form_templatej_idt24_input'

2022-04-04 15:28:45 - [TEST_STEP][PASSED] - click(findTestObject("Modulo Pruebas Planta de Personal/Ajuste_relación_(Encargos)/span_Planta Personal (ta")): Object: 'Object Repository/Modulo Pruebas Planta de Personal/Ajuste_relación_(Encargos)/span_Planta Personal (ta' is clicked on

2022-04-04 15:28:47 - [MESSAGE][PASSED] - Object: 'Object Repository/Modulo Pruebas Planta de Personal/Ajuste_relación_(Encargos)/span_Planta Personal (ta' is clicked on

2022-04-04 15:28:47 - [TEST_STEP][PASSED] - click(findTestObject("Modulo Pruebas Planta de Personal/Ajuste_relación_(Encargos)/a_Actos Administrativos_organigramaajusterelacion")): Object: 'Object Repository/Modulo Pruebas Planta de Personal/Ajuste_relación_(Encargos)/a_Actos Administrativos_organigramaajusterelacion' is clicked on

2022-04-04 15:28:48 - [MESSAGE][PASSED] - Object: 'Object Repository/Modulo Pruebas Planta de Personal/Ajuste_relación_(Encargos)/a_Actos Administrativos_organigramaajusterelacion' is clicked on

2022-04-04 15:28:48 - [TEST_STEP][PASSED] - click(findTestObject("Modulo Pruebas Planta de Personal/Ajuste_relación_(Encargos)/a_Ajuste Relacion")): Object: 'Object Repository/Modulo Pruebas Planta de Personal/Ajuste_relación_(Encargos)/a_Ajuste Relacion' is clicked on

2022-04-04 15:28:48 - [MESSAGE][PASSED] - Object: 'Object Repository/Modulo Pruebas Planta de Personal/Ajuste_relación_(Encargos)/a_Ajuste Relacion' is clicked on

2022-04-04 15:28:48 - [TEST_STEP][PASSED] - click(findTestObject("Modulo Pruebas Planta de Personal/Ajuste_relación_(Encargos)/a_Aceptar")): Object: 'Object Repository/Modulo Pruebas Planta de Personal/Ajuste_relación_(Encargos)/a_Aceptar' is clicked on

2022-04-04 15:28:49 - [MESSAGE][PASSED] - Object: 'Object Repository/Modulo Pruebas Planta de Personal/Ajuste_relación_(Encargos)/a_Aceptar' is clicked on

2022-04-04 15:28:49 - [TEST_STEP][PASSED] - closeBrowser(): Browser is closed

2022-04-04 15:28:50 - [MESSAGE][PASSED] - Browser is closed]]></system-out>
         <system-err><![CDATA[]]></system-err>
      </testcase>
      <testcase name="Test Cases/1.2-Tareas_Secundarias/A.2-Pruebas_planta_personal/12.1.5-Buscar_Empleado" time="19.302" classname="Test Cases/1.2-Tareas_Secundarias/A.2-Pruebas_planta_personal/12.1.5-Buscar_Empleado" status="PASSED">
         <system-out><![CDATA[2022-04-04 15:28:50 - [TEST_CASE][PASSED] - Test Cases/1.2-Tareas_Secundarias/A.2-Pruebas_planta_personal/12.1.5-Buscar_Empleado: Test Cases/1.2-Tareas_Secundarias/A.2-Pruebas_planta_personal/12.1.5-Buscar_Empleado

2022-04-04 15:28:50 - [TEST_STEP][PASSED] - callTestCase(findTestCase("0.1-Login"), [:], STOP_ON_FAILURE): Call Test Case 'Test Cases/0.1-Login' successfully

2022-04-04 15:28:50 - [TEST_CASE][PASSED] - Test Cases/0.1-Login: Test Cases/0.1-Login

2022-04-04 15:28:50 - [TEST_STEP][PASSED] - openBrowser(""): Browser is opened with url: ''

2022-04-04 15:28:50 - [MESSAGE][INFO] - Starting 'Chrome' driver

2022-04-04 15:28:50 - [MESSAGE][INFO] - Action delay is set to 0 milliseconds

2022-04-04 15:28:52 - [MESSAGE][PASSED] - Browser is opened with url: ''

2022-04-04 15:28:52 - [TEST_STEP][PASSED] - maximizeWindow(): Current window maximized

2022-04-04 15:28:52 - [MESSAGE][PASSED] - Current window maximized

2022-04-04 15:28:52 - [TEST_STEP][PASSED] - i = G_Login: null

2022-04-04 15:28:52 - [TEST_STEP][PASSED] - url = new java.net.URL(i): null

2022-04-04 15:28:52 - [TEST_STEP][PASSED] - println("URL: " + url.toString()): null

2022-04-04 15:28:52 - [TEST_STEP][PASSED] - connection = url.openConnection(): null

2022-04-04 15:28:52 - [TEST_STEP][PASSED] - connection.setRequestMethod("GET"): null

2022-04-04 15:28:52 - [TEST_STEP][PASSED] - connection.setReadTimeout(2 * 1000): null

2022-04-04 15:28:52 - [TEST_STEP][PASSED] - try: null

2022-04-04 15:28:52 - [TEST_STEP][PASSED] - connection.connect(): null

2022-04-04 15:28:52 - [TEST_STEP][PASSED] - flag = connected: null

2022-04-04 15:28:52 - [TEST_STEP][PASSED] - println("Valor_ori: " + flag): null

2022-04-04 15:28:52 - [TEST_STEP][PASSED] - if (flag): null

2022-04-04 15:28:52 - [TEST_STEP][PASSED] - navigateToUrl(i): Navigate to 'http://192.168.2.19:8380/saraweb' successfully

2022-04-04 15:28:52 - [MESSAGE][PASSED] - Navigate to 'http://192.168.2.19:8380/saraweb' successfully

2022-04-04 15:28:52 - [TEST_STEP][PASSED] - a(): null

2022-04-04 15:28:52 - [TEST_STEP][PASSED] - setText(findTestObject("Login/input_USUARIO_loginusuario"), G_Usuario): Text 'saraadmin' is set on object 'Object Repository/Login/input_USUARIO_loginusuario'

2022-04-04 15:28:53 - [MESSAGE][PASSED] - Text 'saraadmin' is set on object 'Object Repository/Login/input_USUARIO_loginusuario'

2022-04-04 15:28:53 - [TEST_STEP][PASSED] - setEncryptedText(findTestObject("Login/input_CLAVE_loginpassword"), "MkG4/TYiCFC3cb2driP7+Q=="): Text ****** has been set on object 'Object Repository/Login/input_CLAVE_loginpassword'

2022-04-04 15:28:54 - [MESSAGE][PASSED] - Text ****** has been set on object 'Object Repository/Login/input_CLAVE_loginpassword'

2022-04-04 15:28:54 - [TEST_STEP][PASSED] - waitForElementClickable(findTestObject("Login/a_Ingresar"), G_TimeOut): Object 'Object Repository/Login/a_Ingresar' is clickable

2022-04-04 15:28:54 - [MESSAGE][PASSED] - Object 'Object Repository/Login/a_Ingresar' is clickable

2022-04-04 15:28:54 - [TEST_STEP][PASSED] - click(findTestObject("Login/a_Ingresar")): Object: 'Object Repository/Login/a_Ingresar' is clicked on

2022-04-04 15:28:55 - [MESSAGE][PASSED] - Object: 'Object Repository/Login/a_Ingresar' is clicked on

2022-04-04 15:28:55 - [TEST_STEP][PASSED] - element = findWebElement(findTestObject("Login/a_Ir"), 30): null

2022-04-04 15:28:55 - [TEST_STEP][PASSED] - executeJavaScript("arguments[0].click()", Arrays.asList(element)): Execute JavaScript 'arguments[0].click()' successfully

2022-04-04 15:28:55 - [MESSAGE][PASSED] - Execute JavaScript 'arguments[0].click()' successfully

2022-04-04 15:28:55 - [MESSAGE][PASSED] - Call Test Case 'Test Cases/0.1-Login' successfully

2022-04-04 15:28:55 - [TEST_STEP][PASSED] - setText(findTestObject("Modulo Pruebas Planta de Personal/Buscar_Empleado/input_Empresa 1_form_templatej_idt24_input"), "planta personal (tal)"): Text 'planta personal (tal)' is set on object 'Object Repository/Modulo Pruebas Planta de Personal/Buscar_Empleado/input_Empresa 1_form_templatej_idt24_input'

2022-04-04 15:28:57 - [MESSAGE][PASSED] - Text 'planta personal (tal)' is set on object 'Object Repository/Modulo Pruebas Planta de Personal/Buscar_Empleado/input_Empresa 1_form_templatej_idt24_input'

2022-04-04 15:28:57 - [TEST_STEP][PASSED] - click(findTestObject("Modulo Pruebas Planta de Personal/Buscar_Empleado/span_Planta Personal (ta")): Object: 'Object Repository/Modulo Pruebas Planta de Personal/Buscar_Empleado/span_Planta Personal (ta' is clicked on

2022-04-04 15:28:58 - [MESSAGE][PASSED] - Object: 'Object Repository/Modulo Pruebas Planta de Personal/Buscar_Empleado/span_Planta Personal (ta' is clicked on

2022-04-04 15:28:58 - [TEST_STEP][PASSED] - click(findTestObject("Modulo Pruebas Planta de Personal/Buscar_Empleado/a_Actos Administrativos_organigramabuscar")): Object: 'Object Repository/Modulo Pruebas Planta de Personal/Buscar_Empleado/a_Actos Administrativos_organigramabuscar' is clicked on

2022-04-04 15:29:00 - [MESSAGE][PASSED] - Object: 'Object Repository/Modulo Pruebas Planta de Personal/Buscar_Empleado/a_Actos Administrativos_organigramabuscar' is clicked on

2022-04-04 15:29:00 - [TEST_STEP][PASSED] - selectOptionByIndex(findTestObject("Modulo Pruebas Planta de Personal/Buscar_Empleado/select_--Seleccione--EmpleadoPuesto"), 1): All options with index in [1] are selected on object 'Object Repository/Modulo Pruebas Planta de Personal/Buscar_Empleado/select_--Seleccione--EmpleadoPuesto'

2022-04-04 15:29:01 - [MESSAGE][PASSED] - All options with index in [1] are selected on object 'Object Repository/Modulo Pruebas Planta de Personal/Buscar_Empleado/select_--Seleccione--EmpleadoPuesto'

2022-04-04 15:29:01 - [TEST_STEP][PASSED] - click(findTestObject("Modulo Pruebas Planta de Personal/Buscar_Empleado/a_Identificacin_popupBusquedaPlantaj_idt286")): Object: 'Object Repository/Modulo Pruebas Planta de Personal/Buscar_Empleado/a_Identificacin_popupBusquedaPlantaj_idt286' is clicked on

2022-04-04 15:29:02 - [MESSAGE][PASSED] - Object: 'Object Repository/Modulo Pruebas Planta de Personal/Buscar_Empleado/a_Identificacin_popupBusquedaPlantaj_idt286' is clicked on

2022-04-04 15:29:02 - [TEST_STEP][PASSED] - setText(findTestObject("Modulo Pruebas Planta de Personal/Buscar_Empleado/input_Filtro Hoja de Vida_formPopupHojaVidaj_idt1339"), "mendoza cabra empleado"): Text 'mendoza cabra empleado' is set on object 'Object Repository/Modulo Pruebas Planta de Personal/Buscar_Empleado/input_Filtro Hoja de Vida_formPopupHojaVidaj_idt1339'

2022-04-04 15:29:03 - [MESSAGE][PASSED] - Text 'mendoza cabra empleado' is set on object 'Object Repository/Modulo Pruebas Planta de Personal/Buscar_Empleado/input_Filtro Hoja de Vida_formPopupHojaVidaj_idt1339'

2022-04-04 15:29:03 - [TEST_STEP][PASSED] - sendKeys(findTestObject("Modulo Pruebas Planta de Personal/Buscar_Empleado/input_Filtro Hoja de Vida_formPopupHojaVidaj_idt1339"), Keys.chord(ENTER)): Keys 'ENTER + ' sent to object: 'Object Repository/Modulo Pruebas Planta de Personal/Buscar_Empleado/input_Filtro Hoja de Vida_formPopupHojaVidaj_idt1339'

2022-04-04 15:29:03 - [MESSAGE][PASSED] - Keys 'ENTER + ' sent to object: 'Object Repository/Modulo Pruebas Planta de Personal/Buscar_Empleado/input_Filtro Hoja de Vida_formPopupHojaVidaj_idt1339'

2022-04-04 15:29:03 - [TEST_STEP][PASSED] - click(findTestObject("Modulo Pruebas Planta de Personal/Buscar_Empleado/span_Mendoza Cabra Empleado")): Object: 'Object Repository/Modulo Pruebas Planta de Personal/Buscar_Empleado/span_Mendoza Cabra Empleado' is clicked on

2022-04-04 15:29:04 - [MESSAGE][PASSED] - Object: 'Object Repository/Modulo Pruebas Planta de Personal/Buscar_Empleado/span_Mendoza Cabra Empleado' is clicked on

2022-04-04 15:29:04 - [TEST_STEP][PASSED] - click(findTestObject("Modulo Pruebas Planta de Personal/Buscar_Empleado/span_65       - Asistente")): Object: 'Object Repository/Modulo Pruebas Planta de Personal/Buscar_Empleado/span_65       - Asistente' is clicked on

2022-04-04 15:29:05 - [MESSAGE][PASSED] - Object: 'Object Repository/Modulo Pruebas Planta de Personal/Buscar_Empleado/span_65       - Asistente' is clicked on

2022-04-04 15:29:05 - [TEST_STEP][PASSED] - scrollToElement(findTestObject("Modulo Pruebas Planta de Personal/Buscar_Empleado/a_1"), 0): Scroll to object 'Object Repository/Modulo Pruebas Planta de Personal/Buscar_Empleado/a_1' successfully

2022-04-04 15:29:05 - [MESSAGE][WARNING] - Timeout '0' is invalid. Using default page load timeout: '45'

2022-04-04 15:29:08 - [MESSAGE][PASSED] - Scroll to object 'Object Repository/Modulo Pruebas Planta de Personal/Buscar_Empleado/a_1' successfully

2022-04-04 15:29:08 - [TEST_STEP][PASSED] - closeBrowser(): Browser is closed

2022-04-04 15:29:09 - [MESSAGE][PASSED] - Browser is closed]]></system-out>
         <system-err><![CDATA[]]></system-err>
      </testcase>
      <testcase name="Test Cases/1.2-Tareas_Secundarias/A.2-Pruebas_planta_personal/12.1.6-Buscar_puesto_de_trabajo" time="18.079" classname="Test Cases/1.2-Tareas_Secundarias/A.2-Pruebas_planta_personal/12.1.6-Buscar_puesto_de_trabajo" status="PASSED">
         <system-out><![CDATA[2022-04-04 15:29:09 - [TEST_CASE][PASSED] - Test Cases/1.2-Tareas_Secundarias/A.2-Pruebas_planta_personal/12.1.6-Buscar_puesto_de_trabajo: Test Cases/1.2-Tareas_Secundarias/A.2-Pruebas_planta_personal/12.1.6-Buscar_puesto_de_trabajo

2022-04-04 15:29:10 - [TEST_STEP][PASSED] - callTestCase(findTestCase("0.1-Login"), [:], STOP_ON_FAILURE): Call Test Case 'Test Cases/0.1-Login' successfully

2022-04-04 15:29:10 - [TEST_CASE][PASSED] - Test Cases/0.1-Login: Test Cases/0.1-Login

2022-04-04 15:29:10 - [TEST_STEP][PASSED] - openBrowser(""): Browser is opened with url: ''

2022-04-04 15:29:10 - [MESSAGE][INFO] - Starting 'Chrome' driver

2022-04-04 15:29:10 - [MESSAGE][INFO] - Action delay is set to 0 milliseconds

2022-04-04 15:29:11 - [MESSAGE][PASSED] - Browser is opened with url: ''

2022-04-04 15:29:11 - [TEST_STEP][PASSED] - maximizeWindow(): Current window maximized

2022-04-04 15:29:11 - [MESSAGE][PASSED] - Current window maximized

2022-04-04 15:29:11 - [TEST_STEP][PASSED] - i = G_Login: null

2022-04-04 15:29:11 - [TEST_STEP][PASSED] - url = new java.net.URL(i): null

2022-04-04 15:29:11 - [TEST_STEP][PASSED] - println("URL: " + url.toString()): null

2022-04-04 15:29:11 - [TEST_STEP][PASSED] - connection = url.openConnection(): null

2022-04-04 15:29:11 - [TEST_STEP][PASSED] - connection.setRequestMethod("GET"): null

2022-04-04 15:29:11 - [TEST_STEP][PASSED] - connection.setReadTimeout(2 * 1000): null

2022-04-04 15:29:11 - [TEST_STEP][PASSED] - try: null

2022-04-04 15:29:11 - [TEST_STEP][PASSED] - connection.connect(): null

2022-04-04 15:29:11 - [TEST_STEP][PASSED] - flag = connected: null

2022-04-04 15:29:11 - [TEST_STEP][PASSED] - println("Valor_ori: " + flag): null

2022-04-04 15:29:11 - [TEST_STEP][PASSED] - if (flag): null

2022-04-04 15:29:11 - [TEST_STEP][PASSED] - navigateToUrl(i): Navigate to 'http://192.168.2.19:8380/saraweb' successfully

2022-04-04 15:29:11 - [MESSAGE][PASSED] - Navigate to 'http://192.168.2.19:8380/saraweb' successfully

2022-04-04 15:29:11 - [TEST_STEP][PASSED] - a(): null

2022-04-04 15:29:11 - [TEST_STEP][PASSED] - setText(findTestObject("Login/input_USUARIO_loginusuario"), G_Usuario): Text 'saraadmin' is set on object 'Object Repository/Login/input_USUARIO_loginusuario'

2022-04-04 15:29:12 - [MESSAGE][PASSED] - Text 'saraadmin' is set on object 'Object Repository/Login/input_USUARIO_loginusuario'

2022-04-04 15:29:12 - [TEST_STEP][PASSED] - setEncryptedText(findTestObject("Login/input_CLAVE_loginpassword"), "MkG4/TYiCFC3cb2driP7+Q=="): Text ****** has been set on object 'Object Repository/Login/input_CLAVE_loginpassword'

2022-04-04 15:29:13 - [MESSAGE][PASSED] - Text ****** has been set on object 'Object Repository/Login/input_CLAVE_loginpassword'

2022-04-04 15:29:13 - [TEST_STEP][PASSED] - waitForElementClickable(findTestObject("Login/a_Ingresar"), G_TimeOut): Object 'Object Repository/Login/a_Ingresar' is clickable

2022-04-04 15:29:13 - [MESSAGE][PASSED] - Object 'Object Repository/Login/a_Ingresar' is clickable

2022-04-04 15:29:13 - [TEST_STEP][PASSED] - click(findTestObject("Login/a_Ingresar")): Object: 'Object Repository/Login/a_Ingresar' is clicked on

2022-04-04 15:29:14 - [MESSAGE][PASSED] - Object: 'Object Repository/Login/a_Ingresar' is clicked on

2022-04-04 15:29:14 - [TEST_STEP][PASSED] - element = findWebElement(findTestObject("Login/a_Ir"), 30): null

2022-04-04 15:29:15 - [TEST_STEP][PASSED] - executeJavaScript("arguments[0].click()", Arrays.asList(element)): Execute JavaScript 'arguments[0].click()' successfully

2022-04-04 15:29:15 - [MESSAGE][PASSED] - Execute JavaScript 'arguments[0].click()' successfully

2022-04-04 15:29:15 - [MESSAGE][PASSED] - Call Test Case 'Test Cases/0.1-Login' successfully

2022-04-04 15:29:15 - [TEST_STEP][PASSED] - setText(findTestObject("input_Empresa 1_form_templatej_idt24_input"), "planta personal (tal)"): Text 'planta personal (tal)' is set on object 'Object Repository/input_Empresa 1_form_templatej_idt24_input'

2022-04-04 15:29:16 - [MESSAGE][PASSED] - Text 'planta personal (tal)' is set on object 'Object Repository/input_Empresa 1_form_templatej_idt24_input'

2022-04-04 15:29:16 - [TEST_STEP][PASSED] - click(findTestObject("Modulo Pruebas Planta de Personal/Buscar_puesto_de_trabajo/span_Planta Personal (ta")): Object: 'Object Repository/Modulo Pruebas Planta de Personal/Buscar_puesto_de_trabajo/span_Planta Personal (ta' is clicked on

2022-04-04 15:29:17 - [MESSAGE][PASSED] - Object: 'Object Repository/Modulo Pruebas Planta de Personal/Buscar_puesto_de_trabajo/span_Planta Personal (ta' is clicked on

2022-04-04 15:29:17 - [TEST_STEP][PASSED] - click(findTestObject("Modulo Pruebas Planta de Personal/Buscar_puesto_de_trabajo/a_Actos Administrativos_organigramabuscar")): Object: 'Object Repository/Modulo Pruebas Planta de Personal/Buscar_puesto_de_trabajo/a_Actos Administrativos_organigramabuscar' is clicked on

2022-04-04 15:29:19 - [MESSAGE][PASSED] - Object: 'Object Repository/Modulo Pruebas Planta de Personal/Buscar_puesto_de_trabajo/a_Actos Administrativos_organigramabuscar' is clicked on

2022-04-04 15:29:19 - [TEST_STEP][PASSED] - selectOptionByIndex(findTestObject("Modulo Pruebas Planta de Personal/Buscar_puesto_de_trabajo/select_--Seleccione--EmpleadoPuesto"), 2): All options with index in [2] are selected on object 'Object Repository/Modulo Pruebas Planta de Personal/Buscar_puesto_de_trabajo/select_--Seleccione--EmpleadoPuesto'

2022-04-04 15:29:20 - [MESSAGE][PASSED] - All options with index in [2] are selected on object 'Object Repository/Modulo Pruebas Planta de Personal/Buscar_puesto_de_trabajo/select_--Seleccione--EmpleadoPuesto'

2022-04-04 15:29:20 - [TEST_STEP][PASSED] - click(findTestObject("Modulo Pruebas Planta de Personal/Buscar_puesto_de_trabajo/a_Cargo_popupBusquedaPlantaj_idt279")): Object: 'Object Repository/Modulo Pruebas Planta de Personal/Buscar_puesto_de_trabajo/a_Cargo_popupBusquedaPlantaj_idt279' is clicked on

2022-04-04 15:29:21 - [MESSAGE][PASSED] - Object: 'Object Repository/Modulo Pruebas Planta de Personal/Buscar_puesto_de_trabajo/a_Cargo_popupBusquedaPlantaj_idt279' is clicked on

2022-04-04 15:29:21 - [TEST_STEP][PASSED] - click(findTestObject("Modulo Pruebas Planta de Personal/Buscar_puesto_de_trabajo/a_Unidad Organizacional_popupBusquedaPlantaj_idt274")): Object: 'Object Repository/Modulo Pruebas Planta de Personal/Buscar_puesto_de_trabajo/a_Unidad Organizacional_popupBusquedaPlantaj_idt274' is clicked on

2022-04-04 15:29:22 - [MESSAGE][PASSED] - Object: 'Object Repository/Modulo Pruebas Planta de Personal/Buscar_puesto_de_trabajo/a_Unidad Organizacional_popupBusquedaPlantaj_idt274' is clicked on

2022-04-04 15:29:22 - [TEST_STEP][PASSED] - setText(findTestObject("Modulo Pruebas Planta de Personal/Buscar_puesto_de_trabajo/input_Unidad_form_popupUnidadUsuarioj_idt880"), "administracion"): Text 'administracion' is set on object 'Object Repository/Modulo Pruebas Planta de Personal/Buscar_puesto_de_trabajo/input_Unidad_form_popupUnidadUsuarioj_idt880'

2022-04-04 15:29:23 - [MESSAGE][PASSED] - Text 'administracion' is set on object 'Object Repository/Modulo Pruebas Planta de Personal/Buscar_puesto_de_trabajo/input_Unidad_form_popupUnidadUsuarioj_idt880'

2022-04-04 15:29:23 - [TEST_STEP][PASSED] - sendKeys(findTestObject("Modulo Pruebas Planta de Personal/Buscar_puesto_de_trabajo/input_Unidad_form_popupUnidadUsuarioj_idt880"), Keys.chord(ENTER)): Keys 'ENTER + ' sent to object: 'Object Repository/Modulo Pruebas Planta de Personal/Buscar_puesto_de_trabajo/input_Unidad_form_popupUnidadUsuarioj_idt880'

2022-04-04 15:29:23 - [MESSAGE][PASSED] - Keys 'ENTER + ' sent to object: 'Object Repository/Modulo Pruebas Planta de Personal/Buscar_puesto_de_trabajo/input_Unidad_form_popupUnidadUsuarioj_idt880'

2022-04-04 15:29:23 - [TEST_STEP][PASSED] - click(findTestObject("Modulo Pruebas Planta de Personal/Buscar_puesto_de_trabajo/span_ADMINISTRACION")): Object: 'Object Repository/Modulo Pruebas Planta de Personal/Buscar_puesto_de_trabajo/span_ADMINISTRACION' is clicked on

2022-04-04 15:29:23 - [MESSAGE][PASSED] - Object: 'Object Repository/Modulo Pruebas Planta de Personal/Buscar_puesto_de_trabajo/span_ADMINISTRACION' is clicked on

2022-04-04 15:29:23 - [TEST_STEP][PASSED] - click(findTestObject("Modulo Pruebas Planta de Personal/Buscar_puesto_de_trabajo/a_Cargo_popupBusquedaPlantaj_idt2790")): Object: 'Object Repository/Modulo Pruebas Planta de Personal/Buscar_puesto_de_trabajo/a_Cargo_popupBusquedaPlantaj_idt2790' is clicked on

2022-04-04 15:29:24 - [MESSAGE][PASSED] - Object: 'Object Repository/Modulo Pruebas Planta de Personal/Buscar_puesto_de_trabajo/a_Cargo_popupBusquedaPlantaj_idt2790' is clicked on

2022-04-04 15:29:24 - [TEST_STEP][PASSED] - click(findTestObject("Modulo Pruebas Planta de Personal/Buscar_puesto_de_trabajo/span_ABOGADO")): Object: 'Object Repository/Modulo Pruebas Planta de Personal/Buscar_puesto_de_trabajo/span_ABOGADO' is clicked on

2022-04-04 15:29:25 - [MESSAGE][PASSED] - Object: 'Object Repository/Modulo Pruebas Planta de Personal/Buscar_puesto_de_trabajo/span_ABOGADO' is clicked on

2022-04-04 15:29:25 - [TEST_STEP][PASSED] - click(findTestObject("Modulo Pruebas Planta de Personal/Buscar_puesto_de_trabajo/span_20139    - Abogado")): Object: 'Object Repository/Modulo Pruebas Planta de Personal/Buscar_puesto_de_trabajo/span_20139    - Abogado' is clicked on

2022-04-04 15:29:26 - [MESSAGE][PASSED] - Object: 'Object Repository/Modulo Pruebas Planta de Personal/Buscar_puesto_de_trabajo/span_20139    - Abogado' is clicked on

2022-04-04 15:29:26 - [TEST_STEP][PASSED] - scrollToElement(findTestObject("Modulo Pruebas Planta de Personal/Buscar_puesto_de_trabajo/span_10308"), 0): Scroll to object 'Object Repository/Modulo Pruebas Planta de Personal/Buscar_puesto_de_trabajo/span_10308' successfully

2022-04-04 15:29:26 - [MESSAGE][WARNING] - Timeout '0' is invalid. Using default page load timeout: '45'

2022-04-04 15:29:27 - [MESSAGE][PASSED] - Scroll to object 'Object Repository/Modulo Pruebas Planta de Personal/Buscar_puesto_de_trabajo/span_10308' successfully]]></system-out>
         <system-err><![CDATA[]]></system-err>
      </testcase>
      <testcase name="Test Cases/1.2-Tareas_Secundarias/A.2-Pruebas_planta_personal/12.1.7-Consultar_posición__nómina" time="23.002" classname="Test Cases/1.2-Tareas_Secundarias/A.2-Pruebas_planta_personal/12.1.7-Consultar_posición__nómina" status="PASSED">
         <system-out><![CDATA[2022-04-04 15:29:27 - [TEST_CASE][PASSED] - Test Cases/1.2-Tareas_Secundarias/A.2-Pruebas_planta_personal/12.1.7-Consultar_posición__nómina: Test Cases/1.2-Tareas_Secundarias/A.2-Pruebas_planta_personal/12.1.7-Consultar_posición__nómina

2022-04-04 15:29:28 - [TEST_STEP][PASSED] - callTestCase(findTestCase("1.2-Tareas_Secundarias/A.2-Pruebas_planta_personal/12.1.6-Buscar_puesto_de_trabajo"), [:], STOP_ON_FAILURE): Call Test Case 'Test Cases/1.2-Tareas_Secundarias/A.2-Pruebas_planta_personal/12.1.6-Buscar_puesto_de_trabajo' successfully

2022-04-04 15:29:28 - [TEST_CASE][PASSED] - Test Cases/1.2-Tareas_Secundarias/A.2-Pruebas_planta_personal/12.1.6-Buscar_puesto_de_trabajo: Test Cases/1.2-Tareas_Secundarias/A.2-Pruebas_planta_personal/12.1.6-Buscar_puesto_de_trabajo

2022-04-04 15:29:28 - [TEST_STEP][PASSED] - callTestCase(findTestCase("0.1-Login"), [:], STOP_ON_FAILURE): Call Test Case 'Test Cases/0.1-Login' successfully

2022-04-04 15:29:28 - [TEST_CASE][PASSED] - Test Cases/0.1-Login: Test Cases/0.1-Login

2022-04-04 15:29:28 - [TEST_STEP][PASSED] - openBrowser(""): Browser is opened with url: ''

2022-04-04 15:29:28 - [MESSAGE][WARNING] - A browser is already opened. Closing browser and opening a new one

2022-04-04 15:29:29 - [MESSAGE][INFO] - Starting 'Chrome' driver

2022-04-04 15:29:29 - [MESSAGE][INFO] - Action delay is set to 0 milliseconds

2022-04-04 15:29:30 - [MESSAGE][PASSED] - Browser is opened with url: ''

2022-04-04 15:29:30 - [TEST_STEP][PASSED] - maximizeWindow(): Current window maximized

2022-04-04 15:29:30 - [MESSAGE][PASSED] - Current window maximized

2022-04-04 15:29:30 - [TEST_STEP][PASSED] - i = G_Login: null

2022-04-04 15:29:30 - [TEST_STEP][PASSED] - url = new java.net.URL(i): null

2022-04-04 15:29:30 - [TEST_STEP][PASSED] - println("URL: " + url.toString()): null

2022-04-04 15:29:30 - [TEST_STEP][PASSED] - connection = url.openConnection(): null

2022-04-04 15:29:30 - [TEST_STEP][PASSED] - connection.setRequestMethod("GET"): null

2022-04-04 15:29:30 - [TEST_STEP][PASSED] - connection.setReadTimeout(2 * 1000): null

2022-04-04 15:29:30 - [TEST_STEP][PASSED] - try: null

2022-04-04 15:29:30 - [TEST_STEP][PASSED] - connection.connect(): null

2022-04-04 15:29:30 - [TEST_STEP][PASSED] - flag = connected: null

2022-04-04 15:29:30 - [TEST_STEP][PASSED] - println("Valor_ori: " + flag): null

2022-04-04 15:29:30 - [TEST_STEP][PASSED] - if (flag): null

2022-04-04 15:29:30 - [TEST_STEP][PASSED] - navigateToUrl(i): Navigate to 'http://192.168.2.19:8380/saraweb' successfully

2022-04-04 15:29:31 - [MESSAGE][PASSED] - Navigate to 'http://192.168.2.19:8380/saraweb' successfully

2022-04-04 15:29:31 - [TEST_STEP][PASSED] - a(): null

2022-04-04 15:29:31 - [TEST_STEP][PASSED] - setText(findTestObject("Login/input_USUARIO_loginusuario"), G_Usuario): Text 'saraadmin' is set on object 'Object Repository/Login/input_USUARIO_loginusuario'

2022-04-04 15:29:32 - [MESSAGE][PASSED] - Text 'saraadmin' is set on object 'Object Repository/Login/input_USUARIO_loginusuario'

2022-04-04 15:29:32 - [TEST_STEP][PASSED] - setEncryptedText(findTestObject("Login/input_CLAVE_loginpassword"), "MkG4/TYiCFC3cb2driP7+Q=="): Text ****** has been set on object 'Object Repository/Login/input_CLAVE_loginpassword'

2022-04-04 15:29:32 - [MESSAGE][PASSED] - Text ****** has been set on object 'Object Repository/Login/input_CLAVE_loginpassword'

2022-04-04 15:29:32 - [TEST_STEP][PASSED] - waitForElementClickable(findTestObject("Login/a_Ingresar"), G_TimeOut): Object 'Object Repository/Login/a_Ingresar' is clickable

2022-04-04 15:29:32 - [MESSAGE][PASSED] - Object 'Object Repository/Login/a_Ingresar' is clickable

2022-04-04 15:29:32 - [TEST_STEP][PASSED] - click(findTestObject("Login/a_Ingresar")): Object: 'Object Repository/Login/a_Ingresar' is clicked on

2022-04-04 15:29:34 - [MESSAGE][PASSED] - Object: 'Object Repository/Login/a_Ingresar' is clicked on

2022-04-04 15:29:34 - [TEST_STEP][PASSED] - element = findWebElement(findTestObject("Login/a_Ir"), 30): null

2022-04-04 15:29:34 - [TEST_STEP][PASSED] - executeJavaScript("arguments[0].click()", Arrays.asList(element)): Execute JavaScript 'arguments[0].click()' successfully

2022-04-04 15:29:34 - [MESSAGE][PASSED] - Execute JavaScript 'arguments[0].click()' successfully

2022-04-04 15:29:34 - [MESSAGE][PASSED] - Call Test Case 'Test Cases/0.1-Login' successfully

2022-04-04 15:29:34 - [TEST_STEP][PASSED] - setText(findTestObject("input_Empresa 1_form_templatej_idt24_input"), "planta personal (tal)"): Text 'planta personal (tal)' is set on object 'Object Repository/input_Empresa 1_form_templatej_idt24_input'

2022-04-04 15:29:35 - [MESSAGE][PASSED] - Text 'planta personal (tal)' is set on object 'Object Repository/input_Empresa 1_form_templatej_idt24_input'

2022-04-04 15:29:35 - [TEST_STEP][PASSED] - click(findTestObject("Modulo Pruebas Planta de Personal/Buscar_puesto_de_trabajo/span_Planta Personal (ta")): Object: 'Object Repository/Modulo Pruebas Planta de Personal/Buscar_puesto_de_trabajo/span_Planta Personal (ta' is clicked on

2022-04-04 15:29:37 - [MESSAGE][PASSED] - Object: 'Object Repository/Modulo Pruebas Planta de Personal/Buscar_puesto_de_trabajo/span_Planta Personal (ta' is clicked on

2022-04-04 15:29:37 - [TEST_STEP][PASSED] - click(findTestObject("Modulo Pruebas Planta de Personal/Buscar_puesto_de_trabajo/a_Actos Administrativos_organigramabuscar")): Object: 'Object Repository/Modulo Pruebas Planta de Personal/Buscar_puesto_de_trabajo/a_Actos Administrativos_organigramabuscar' is clicked on

2022-04-04 15:29:38 - [MESSAGE][PASSED] - Object: 'Object Repository/Modulo Pruebas Planta de Personal/Buscar_puesto_de_trabajo/a_Actos Administrativos_organigramabuscar' is clicked on

2022-04-04 15:29:38 - [TEST_STEP][PASSED] - selectOptionByIndex(findTestObject("Modulo Pruebas Planta de Personal/Buscar_puesto_de_trabajo/select_--Seleccione--EmpleadoPuesto"), 2): All options with index in [2] are selected on object 'Object Repository/Modulo Pruebas Planta de Personal/Buscar_puesto_de_trabajo/select_--Seleccione--EmpleadoPuesto'

2022-04-04 15:29:39 - [MESSAGE][PASSED] - All options with index in [2] are selected on object 'Object Repository/Modulo Pruebas Planta de Personal/Buscar_puesto_de_trabajo/select_--Seleccione--EmpleadoPuesto'

2022-04-04 15:29:39 - [TEST_STEP][PASSED] - click(findTestObject("Modulo Pruebas Planta de Personal/Buscar_puesto_de_trabajo/a_Cargo_popupBusquedaPlantaj_idt279")): Object: 'Object Repository/Modulo Pruebas Planta de Personal/Buscar_puesto_de_trabajo/a_Cargo_popupBusquedaPlantaj_idt279' is clicked on

2022-04-04 15:29:40 - [MESSAGE][PASSED] - Object: 'Object Repository/Modulo Pruebas Planta de Personal/Buscar_puesto_de_trabajo/a_Cargo_popupBusquedaPlantaj_idt279' is clicked on

2022-04-04 15:29:40 - [TEST_STEP][PASSED] - click(findTestObject("Modulo Pruebas Planta de Personal/Buscar_puesto_de_trabajo/a_Unidad Organizacional_popupBusquedaPlantaj_idt274")): Object: 'Object Repository/Modulo Pruebas Planta de Personal/Buscar_puesto_de_trabajo/a_Unidad Organizacional_popupBusquedaPlantaj_idt274' is clicked on

2022-04-04 15:29:41 - [MESSAGE][PASSED] - Object: 'Object Repository/Modulo Pruebas Planta de Personal/Buscar_puesto_de_trabajo/a_Unidad Organizacional_popupBusquedaPlantaj_idt274' is clicked on

2022-04-04 15:29:41 - [TEST_STEP][PASSED] - setText(findTestObject("Modulo Pruebas Planta de Personal/Buscar_puesto_de_trabajo/input_Unidad_form_popupUnidadUsuarioj_idt880"), "administracion"): Text 'administracion' is set on object 'Object Repository/Modulo Pruebas Planta de Personal/Buscar_puesto_de_trabajo/input_Unidad_form_popupUnidadUsuarioj_idt880'

2022-04-04 15:29:42 - [MESSAGE][PASSED] - Text 'administracion' is set on object 'Object Repository/Modulo Pruebas Planta de Personal/Buscar_puesto_de_trabajo/input_Unidad_form_popupUnidadUsuarioj_idt880'

2022-04-04 15:29:42 - [TEST_STEP][PASSED] - sendKeys(findTestObject("Modulo Pruebas Planta de Personal/Buscar_puesto_de_trabajo/input_Unidad_form_popupUnidadUsuarioj_idt880"), Keys.chord(ENTER)): Keys 'ENTER + ' sent to object: 'Object Repository/Modulo Pruebas Planta de Personal/Buscar_puesto_de_trabajo/input_Unidad_form_popupUnidadUsuarioj_idt880'

2022-04-04 15:29:42 - [MESSAGE][PASSED] - Keys 'ENTER + ' sent to object: 'Object Repository/Modulo Pruebas Planta de Personal/Buscar_puesto_de_trabajo/input_Unidad_form_popupUnidadUsuarioj_idt880'

2022-04-04 15:29:42 - [TEST_STEP][PASSED] - click(findTestObject("Modulo Pruebas Planta de Personal/Buscar_puesto_de_trabajo/span_ADMINISTRACION")): Object: 'Object Repository/Modulo Pruebas Planta de Personal/Buscar_puesto_de_trabajo/span_ADMINISTRACION' is clicked on

2022-04-04 15:29:43 - [MESSAGE][PASSED] - Object: 'Object Repository/Modulo Pruebas Planta de Personal/Buscar_puesto_de_trabajo/span_ADMINISTRACION' is clicked on

2022-04-04 15:29:43 - [TEST_STEP][PASSED] - click(findTestObject("Modulo Pruebas Planta de Personal/Buscar_puesto_de_trabajo/a_Cargo_popupBusquedaPlantaj_idt2790")): Object: 'Object Repository/Modulo Pruebas Planta de Personal/Buscar_puesto_de_trabajo/a_Cargo_popupBusquedaPlantaj_idt2790' is clicked on

2022-04-04 15:29:43 - [MESSAGE][PASSED] - Object: 'Object Repository/Modulo Pruebas Planta de Personal/Buscar_puesto_de_trabajo/a_Cargo_popupBusquedaPlantaj_idt2790' is clicked on

2022-04-04 15:29:43 - [TEST_STEP][PASSED] - click(findTestObject("Modulo Pruebas Planta de Personal/Buscar_puesto_de_trabajo/span_ABOGADO")): Object: 'Object Repository/Modulo Pruebas Planta de Personal/Buscar_puesto_de_trabajo/span_ABOGADO' is clicked on

2022-04-04 15:29:44 - [MESSAGE][PASSED] - Object: 'Object Repository/Modulo Pruebas Planta de Personal/Buscar_puesto_de_trabajo/span_ABOGADO' is clicked on

2022-04-04 15:29:44 - [TEST_STEP][PASSED] - click(findTestObject("Modulo Pruebas Planta de Personal/Buscar_puesto_de_trabajo/span_20139    - Abogado")): Object: 'Object Repository/Modulo Pruebas Planta de Personal/Buscar_puesto_de_trabajo/span_20139    - Abogado' is clicked on

2022-04-04 15:29:45 - [MESSAGE][PASSED] - Object: 'Object Repository/Modulo Pruebas Planta de Personal/Buscar_puesto_de_trabajo/span_20139    - Abogado' is clicked on

2022-04-04 15:29:45 - [TEST_STEP][PASSED] - scrollToElement(findTestObject("Modulo Pruebas Planta de Personal/Buscar_puesto_de_trabajo/span_10308"), 0): Scroll to object 'Object Repository/Modulo Pruebas Planta de Personal/Buscar_puesto_de_trabajo/span_10308' successfully

2022-04-04 15:29:45 - [MESSAGE][WARNING] - Timeout '0' is invalid. Using default page load timeout: '45'

2022-04-04 15:29:46 - [MESSAGE][PASSED] - Scroll to object 'Object Repository/Modulo Pruebas Planta de Personal/Buscar_puesto_de_trabajo/span_10308' successfully

2022-04-04 15:29:46 - [MESSAGE][PASSED] - Call Test Case 'Test Cases/1.2-Tareas_Secundarias/A.2-Pruebas_planta_personal/12.1.6-Buscar_puesto_de_trabajo' successfully

2022-04-04 15:29:46 - [TEST_STEP][PASSED] - click(findTestObject("Modulo Pruebas Planta de Personal/Consultar_posición__nómina/span_Salgado . Paula")): Object: 'Object Repository/Modulo Pruebas Planta de Personal/Consultar_posición__nómina/span_Salgado . Paula' is clicked on

2022-04-04 15:29:46 - [MESSAGE][PASSED] - Object: 'Object Repository/Modulo Pruebas Planta de Personal/Consultar_posición__nómina/span_Salgado . Paula' is clicked on

2022-04-04 15:29:46 - [TEST_STEP][PASSED] - scrollToElement(findTestObject("Modulo Pruebas Planta de Personal/Consultar_posición__nómina/div_Salgado . Paula 40 Mil Staff"), 0): Scroll to object 'Object Repository/Modulo Pruebas Planta de Personal/Consultar_posición__nómina/div_Salgado . Paula 40 Mil Staff' successfully

2022-04-04 15:29:46 - [MESSAGE][WARNING] - Timeout '0' is invalid. Using default page load timeout: '45'

2022-04-04 15:29:47 - [MESSAGE][PASSED] - Scroll to object 'Object Repository/Modulo Pruebas Planta de Personal/Consultar_posición__nómina/div_Salgado . Paula 40 Mil Staff' successfully

2022-04-04 15:29:47 - [TEST_STEP][PASSED] - click(findTestObject("Modulo Pruebas Planta de Personal/Consultar_posición__nómina/a_Salgado . Paula_organigramaj_idt113")): Object: 'Object Repository/Modulo Pruebas Planta de Personal/Consultar_posición__nómina/a_Salgado . Paula_organigramaj_idt113' is clicked on

2022-04-04 15:29:48 - [MESSAGE][PASSED] - Object: 'Object Repository/Modulo Pruebas Planta de Personal/Consultar_posición__nómina/a_Salgado . Paula_organigramaj_idt113' is clicked on

2022-04-04 15:29:48 - [TEST_STEP][PASSED] - scrollToElement(findTestObject("Modulo Pruebas Planta de Personal/Consultar_posición__nómina/span_Actualizar"), 0): Scroll to object 'Object Repository/Modulo Pruebas Planta de Personal/Consultar_posición__nómina/span_Actualizar' successfully

2022-04-04 15:29:48 - [MESSAGE][WARNING] - Timeout '0' is invalid. Using default page load timeout: '45'

2022-04-04 15:29:49 - [MESSAGE][PASSED] - Scroll to object 'Object Repository/Modulo Pruebas Planta de Personal/Consultar_posición__nómina/span_Actualizar' successfully

2022-04-04 15:29:49 - [TEST_STEP][PASSED] - waitForElementVisible(findTestObject("Modulo Pruebas Planta de Personal/Consultar_posición__nómina/span_Actualizar"), 0): Object 'Object Repository/Modulo Pruebas Planta de Personal/Consultar_posición__nómina/span_Actualizar' is visible

2022-04-04 15:29:49 - [MESSAGE][WARNING] - Timeout '0' is invalid. Using default page load timeout: '45'

2022-04-04 15:29:49 - [MESSAGE][PASSED] - Object 'Object Repository/Modulo Pruebas Planta de Personal/Consultar_posición__nómina/span_Actualizar' is visible

2022-04-04 15:29:49 - [TEST_STEP][PASSED] - closeBrowser(): Browser is closed

2022-04-04 15:29:50 - [MESSAGE][PASSED] - Browser is closed]]></system-out>
         <system-err><![CDATA[]]></system-err>
      </testcase>
      <testcase name="Test Cases/1.2-Tareas_Secundarias/A.2-Pruebas_planta_personal/12.1.8-Solicitar_requerimiento" time="20.016" classname="Test Cases/1.2-Tareas_Secundarias/A.2-Pruebas_planta_personal/12.1.8-Solicitar_requerimiento" status="PASSED">
         <system-out><![CDATA[2022-04-04 15:29:50 - [TEST_CASE][PASSED] - Test Cases/1.2-Tareas_Secundarias/A.2-Pruebas_planta_personal/12.1.8-Solicitar_requerimiento: Test Cases/1.2-Tareas_Secundarias/A.2-Pruebas_planta_personal/12.1.8-Solicitar_requerimiento

2022-04-04 15:29:51 - [TEST_STEP][PASSED] - callTestCase(findTestCase("1.2-Tareas_Secundarias/A.2-Pruebas_planta_personal/12.1.6-Buscar_puesto_de_trabajo"), [:], STOP_ON_FAILURE): Call Test Case 'Test Cases/1.2-Tareas_Secundarias/A.2-Pruebas_planta_personal/12.1.6-Buscar_puesto_de_trabajo' successfully

2022-04-04 15:29:51 - [TEST_CASE][PASSED] - Test Cases/1.2-Tareas_Secundarias/A.2-Pruebas_planta_personal/12.1.6-Buscar_puesto_de_trabajo: Test Cases/1.2-Tareas_Secundarias/A.2-Pruebas_planta_personal/12.1.6-Buscar_puesto_de_trabajo

2022-04-04 15:29:51 - [TEST_STEP][PASSED] - callTestCase(findTestCase("0.1-Login"), [:], STOP_ON_FAILURE): Call Test Case 'Test Cases/0.1-Login' successfully

2022-04-04 15:29:51 - [TEST_CASE][PASSED] - Test Cases/0.1-Login: Test Cases/0.1-Login

2022-04-04 15:29:51 - [TEST_STEP][PASSED] - openBrowser(""): Browser is opened with url: ''

2022-04-04 15:29:51 - [MESSAGE][INFO] - Starting 'Chrome' driver

2022-04-04 15:29:51 - [MESSAGE][INFO] - Action delay is set to 0 milliseconds

2022-04-04 15:29:52 - [MESSAGE][PASSED] - Browser is opened with url: ''

2022-04-04 15:29:52 - [TEST_STEP][PASSED] - maximizeWindow(): Current window maximized

2022-04-04 15:29:52 - [MESSAGE][PASSED] - Current window maximized

2022-04-04 15:29:52 - [TEST_STEP][PASSED] - i = G_Login: null

2022-04-04 15:29:52 - [TEST_STEP][PASSED] - url = new java.net.URL(i): null

2022-04-04 15:29:52 - [TEST_STEP][PASSED] - println("URL: " + url.toString()): null

2022-04-04 15:29:52 - [TEST_STEP][PASSED] - connection = url.openConnection(): null

2022-04-04 15:29:52 - [TEST_STEP][PASSED] - connection.setRequestMethod("GET"): null

2022-04-04 15:29:52 - [TEST_STEP][PASSED] - connection.setReadTimeout(2 * 1000): null

2022-04-04 15:29:52 - [TEST_STEP][PASSED] - try: null

2022-04-04 15:29:52 - [TEST_STEP][PASSED] - connection.connect(): null

2022-04-04 15:29:52 - [TEST_STEP][PASSED] - flag = connected: null

2022-04-04 15:29:52 - [TEST_STEP][PASSED] - println("Valor_ori: " + flag): null

2022-04-04 15:29:52 - [TEST_STEP][PASSED] - if (flag): null

2022-04-04 15:29:52 - [TEST_STEP][PASSED] - navigateToUrl(i): Navigate to 'http://192.168.2.19:8380/saraweb' successfully

2022-04-04 15:29:53 - [MESSAGE][PASSED] - Navigate to 'http://192.168.2.19:8380/saraweb' successfully

2022-04-04 15:29:53 - [TEST_STEP][PASSED] - a(): null

2022-04-04 15:29:53 - [TEST_STEP][PASSED] - setText(findTestObject("Login/input_USUARIO_loginusuario"), G_Usuario): Text 'saraadmin' is set on object 'Object Repository/Login/input_USUARIO_loginusuario'

2022-04-04 15:29:54 - [MESSAGE][PASSED] - Text 'saraadmin' is set on object 'Object Repository/Login/input_USUARIO_loginusuario'

2022-04-04 15:29:54 - [TEST_STEP][PASSED] - setEncryptedText(findTestObject("Login/input_CLAVE_loginpassword"), "MkG4/TYiCFC3cb2driP7+Q=="): Text ****** has been set on object 'Object Repository/Login/input_CLAVE_loginpassword'

2022-04-04 15:29:54 - [MESSAGE][PASSED] - Text ****** has been set on object 'Object Repository/Login/input_CLAVE_loginpassword'

2022-04-04 15:29:54 - [TEST_STEP][PASSED] - waitForElementClickable(findTestObject("Login/a_Ingresar"), G_TimeOut): Object 'Object Repository/Login/a_Ingresar' is clickable

2022-04-04 15:29:54 - [MESSAGE][PASSED] - Object 'Object Repository/Login/a_Ingresar' is clickable

2022-04-04 15:29:54 - [TEST_STEP][PASSED] - click(findTestObject("Login/a_Ingresar")): Object: 'Object Repository/Login/a_Ingresar' is clicked on

2022-04-04 15:29:56 - [MESSAGE][PASSED] - Object: 'Object Repository/Login/a_Ingresar' is clicked on

2022-04-04 15:29:56 - [TEST_STEP][PASSED] - element = findWebElement(findTestObject("Login/a_Ir"), 30): null

2022-04-04 15:29:57 - [TEST_STEP][PASSED] - executeJavaScript("arguments[0].click()", Arrays.asList(element)): Execute JavaScript 'arguments[0].click()' successfully

2022-04-04 15:29:57 - [MESSAGE][PASSED] - Execute JavaScript 'arguments[0].click()' successfully

2022-04-04 15:29:57 - [MESSAGE][PASSED] - Call Test Case 'Test Cases/0.1-Login' successfully

2022-04-04 15:29:57 - [TEST_STEP][PASSED] - setText(findTestObject("input_Empresa 1_form_templatej_idt24_input"), "planta personal (tal)"): Text 'planta personal (tal)' is set on object 'Object Repository/input_Empresa 1_form_templatej_idt24_input'

2022-04-04 15:29:58 - [MESSAGE][PASSED] - Text 'planta personal (tal)' is set on object 'Object Repository/input_Empresa 1_form_templatej_idt24_input'

2022-04-04 15:29:58 - [TEST_STEP][PASSED] - click(findTestObject("Modulo Pruebas Planta de Personal/Buscar_puesto_de_trabajo/span_Planta Personal (ta")): Object: 'Object Repository/Modulo Pruebas Planta de Personal/Buscar_puesto_de_trabajo/span_Planta Personal (ta' is clicked on

2022-04-04 15:29:59 - [MESSAGE][PASSED] - Object: 'Object Repository/Modulo Pruebas Planta de Personal/Buscar_puesto_de_trabajo/span_Planta Personal (ta' is clicked on

2022-04-04 15:29:59 - [TEST_STEP][PASSED] - click(findTestObject("Modulo Pruebas Planta de Personal/Buscar_puesto_de_trabajo/a_Actos Administrativos_organigramabuscar")): Object: 'Object Repository/Modulo Pruebas Planta de Personal/Buscar_puesto_de_trabajo/a_Actos Administrativos_organigramabuscar' is clicked on

2022-04-04 15:30:00 - [MESSAGE][PASSED] - Object: 'Object Repository/Modulo Pruebas Planta de Personal/Buscar_puesto_de_trabajo/a_Actos Administrativos_organigramabuscar' is clicked on

2022-04-04 15:30:00 - [TEST_STEP][PASSED] - selectOptionByIndex(findTestObject("Modulo Pruebas Planta de Personal/Buscar_puesto_de_trabajo/select_--Seleccione--EmpleadoPuesto"), 2): All options with index in [2] are selected on object 'Object Repository/Modulo Pruebas Planta de Personal/Buscar_puesto_de_trabajo/select_--Seleccione--EmpleadoPuesto'

2022-04-04 15:30:01 - [MESSAGE][PASSED] - All options with index in [2] are selected on object 'Object Repository/Modulo Pruebas Planta de Personal/Buscar_puesto_de_trabajo/select_--Seleccione--EmpleadoPuesto'

2022-04-04 15:30:01 - [TEST_STEP][PASSED] - click(findTestObject("Modulo Pruebas Planta de Personal/Buscar_puesto_de_trabajo/a_Cargo_popupBusquedaPlantaj_idt279")): Object: 'Object Repository/Modulo Pruebas Planta de Personal/Buscar_puesto_de_trabajo/a_Cargo_popupBusquedaPlantaj_idt279' is clicked on

2022-04-04 15:30:02 - [MESSAGE][PASSED] - Object: 'Object Repository/Modulo Pruebas Planta de Personal/Buscar_puesto_de_trabajo/a_Cargo_popupBusquedaPlantaj_idt279' is clicked on

2022-04-04 15:30:02 - [TEST_STEP][PASSED] - click(findTestObject("Modulo Pruebas Planta de Personal/Buscar_puesto_de_trabajo/a_Unidad Organizacional_popupBusquedaPlantaj_idt274")): Object: 'Object Repository/Modulo Pruebas Planta de Personal/Buscar_puesto_de_trabajo/a_Unidad Organizacional_popupBusquedaPlantaj_idt274' is clicked on

2022-04-04 15:30:02 - [MESSAGE][PASSED] - Object: 'Object Repository/Modulo Pruebas Planta de Personal/Buscar_puesto_de_trabajo/a_Unidad Organizacional_popupBusquedaPlantaj_idt274' is clicked on

2022-04-04 15:30:02 - [TEST_STEP][PASSED] - setText(findTestObject("Modulo Pruebas Planta de Personal/Buscar_puesto_de_trabajo/input_Unidad_form_popupUnidadUsuarioj_idt880"), "administracion"): Text 'administracion' is set on object 'Object Repository/Modulo Pruebas Planta de Personal/Buscar_puesto_de_trabajo/input_Unidad_form_popupUnidadUsuarioj_idt880'

2022-04-04 15:30:03 - [MESSAGE][PASSED] - Text 'administracion' is set on object 'Object Repository/Modulo Pruebas Planta de Personal/Buscar_puesto_de_trabajo/input_Unidad_form_popupUnidadUsuarioj_idt880'

2022-04-04 15:30:03 - [TEST_STEP][PASSED] - sendKeys(findTestObject("Modulo Pruebas Planta de Personal/Buscar_puesto_de_trabajo/input_Unidad_form_popupUnidadUsuarioj_idt880"), Keys.chord(ENTER)): Keys 'ENTER + ' sent to object: 'Object Repository/Modulo Pruebas Planta de Personal/Buscar_puesto_de_trabajo/input_Unidad_form_popupUnidadUsuarioj_idt880'

2022-04-04 15:30:04 - [MESSAGE][PASSED] - Keys 'ENTER + ' sent to object: 'Object Repository/Modulo Pruebas Planta de Personal/Buscar_puesto_de_trabajo/input_Unidad_form_popupUnidadUsuarioj_idt880'

2022-04-04 15:30:04 - [TEST_STEP][PASSED] - click(findTestObject("Modulo Pruebas Planta de Personal/Buscar_puesto_de_trabajo/span_ADMINISTRACION")): Object: 'Object Repository/Modulo Pruebas Planta de Personal/Buscar_puesto_de_trabajo/span_ADMINISTRACION' is clicked on

2022-04-04 15:30:04 - [MESSAGE][PASSED] - Object: 'Object Repository/Modulo Pruebas Planta de Personal/Buscar_puesto_de_trabajo/span_ADMINISTRACION' is clicked on

2022-04-04 15:30:04 - [TEST_STEP][PASSED] - click(findTestObject("Modulo Pruebas Planta de Personal/Buscar_puesto_de_trabajo/a_Cargo_popupBusquedaPlantaj_idt2790")): Object: 'Object Repository/Modulo Pruebas Planta de Personal/Buscar_puesto_de_trabajo/a_Cargo_popupBusquedaPlantaj_idt2790' is clicked on

2022-04-04 15:30:05 - [MESSAGE][PASSED] - Object: 'Object Repository/Modulo Pruebas Planta de Personal/Buscar_puesto_de_trabajo/a_Cargo_popupBusquedaPlantaj_idt2790' is clicked on

2022-04-04 15:30:05 - [TEST_STEP][PASSED] - click(findTestObject("Modulo Pruebas Planta de Personal/Buscar_puesto_de_trabajo/span_ABOGADO")): Object: 'Object Repository/Modulo Pruebas Planta de Personal/Buscar_puesto_de_trabajo/span_ABOGADO' is clicked on

2022-04-04 15:30:06 - [MESSAGE][PASSED] - Object: 'Object Repository/Modulo Pruebas Planta de Personal/Buscar_puesto_de_trabajo/span_ABOGADO' is clicked on

2022-04-04 15:30:06 - [TEST_STEP][PASSED] - click(findTestObject("Modulo Pruebas Planta de Personal/Buscar_puesto_de_trabajo/span_20139    - Abogado")): Object: 'Object Repository/Modulo Pruebas Planta de Personal/Buscar_puesto_de_trabajo/span_20139    - Abogado' is clicked on

2022-04-04 15:30:07 - [MESSAGE][PASSED] - Object: 'Object Repository/Modulo Pruebas Planta de Personal/Buscar_puesto_de_trabajo/span_20139    - Abogado' is clicked on

2022-04-04 15:30:07 - [TEST_STEP][PASSED] - scrollToElement(findTestObject("Modulo Pruebas Planta de Personal/Buscar_puesto_de_trabajo/span_10308"), 0): Scroll to object 'Object Repository/Modulo Pruebas Planta de Personal/Buscar_puesto_de_trabajo/span_10308' successfully

2022-04-04 15:30:07 - [MESSAGE][WARNING] - Timeout '0' is invalid. Using default page load timeout: '45'

2022-04-04 15:30:08 - [MESSAGE][PASSED] - Scroll to object 'Object Repository/Modulo Pruebas Planta de Personal/Buscar_puesto_de_trabajo/span_10308' successfully

2022-04-04 15:30:08 - [MESSAGE][PASSED] - Call Test Case 'Test Cases/1.2-Tareas_Secundarias/A.2-Pruebas_planta_personal/12.1.6-Buscar_puesto_de_trabajo' successfully

2022-04-04 15:30:08 - [TEST_STEP][PASSED] - click(findTestObject("Modulo Pruebas Planta de Personal/Solicitar_requerimiento/a_Salgado . Paula_organigramaj_idt110")): Object: 'Object Repository/Modulo Pruebas Planta de Personal/Solicitar_requerimiento/a_Salgado . Paula_organigramaj_idt110' is clicked on

2022-04-04 15:30:08 - [MESSAGE][PASSED] - Object: 'Object Repository/Modulo Pruebas Planta de Personal/Solicitar_requerimiento/a_Salgado . Paula_organigramaj_idt110' is clicked on

2022-04-04 15:30:08 - [TEST_STEP][PASSED] - waitForElementVisible(findTestObject("Modulo Pruebas Planta de Personal/Solicitar_requerimiento/div_Motivo Requerimiento"), 0): Object 'Object Repository/Modulo Pruebas Planta de Personal/Solicitar_requerimiento/div_Motivo Requerimiento' is visible

2022-04-04 15:30:08 - [MESSAGE][WARNING] - Timeout '0' is invalid. Using default page load timeout: '45'

2022-04-04 15:30:10 - [MESSAGE][PASSED] - Object 'Object Repository/Modulo Pruebas Planta de Personal/Solicitar_requerimiento/div_Motivo Requerimiento' is visible

2022-04-04 15:30:10 - [TEST_STEP][PASSED] - closeBrowser(): Browser is closed

2022-04-04 15:30:10 - [MESSAGE][PASSED] - Browser is closed]]></system-out>
         <system-err><![CDATA[]]></system-err>
      </testcase>
      <testcase name="Test Cases/1.2-Tareas_Secundarias/A.2-Pruebas_planta_personal/12.1.9-Visualizar_opción_otros" time="19.305" classname="Test Cases/1.2-Tareas_Secundarias/A.2-Pruebas_planta_personal/12.1.9-Visualizar_opción_otros" status="PASSED">
         <system-out><![CDATA[2022-04-04 15:30:10 - [TEST_CASE][PASSED] - Test Cases/1.2-Tareas_Secundarias/A.2-Pruebas_planta_personal/12.1.9-Visualizar_opción_otros: Test Cases/1.2-Tareas_Secundarias/A.2-Pruebas_planta_personal/12.1.9-Visualizar_opción_otros

2022-04-04 15:30:11 - [TEST_STEP][PASSED] - callTestCase(findTestCase("1.2-Tareas_Secundarias/A.2-Pruebas_planta_personal/12.1.6-Buscar_puesto_de_trabajo"), [:], STOP_ON_FAILURE): Call Test Case 'Test Cases/1.2-Tareas_Secundarias/A.2-Pruebas_planta_personal/12.1.6-Buscar_puesto_de_trabajo' successfully

2022-04-04 15:30:11 - [TEST_CASE][PASSED] - Test Cases/1.2-Tareas_Secundarias/A.2-Pruebas_planta_personal/12.1.6-Buscar_puesto_de_trabajo: Test Cases/1.2-Tareas_Secundarias/A.2-Pruebas_planta_personal/12.1.6-Buscar_puesto_de_trabajo

2022-04-04 15:30:11 - [TEST_STEP][PASSED] - callTestCase(findTestCase("0.1-Login"), [:], STOP_ON_FAILURE): Call Test Case 'Test Cases/0.1-Login' successfully

2022-04-04 15:30:11 - [TEST_CASE][PASSED] - Test Cases/0.1-Login: Test Cases/0.1-Login

2022-04-04 15:30:11 - [TEST_STEP][PASSED] - openBrowser(""): Browser is opened with url: ''

2022-04-04 15:30:11 - [MESSAGE][INFO] - Starting 'Chrome' driver

2022-04-04 15:30:11 - [MESSAGE][INFO] - Action delay is set to 0 milliseconds

2022-04-04 15:30:12 - [MESSAGE][PASSED] - Browser is opened with url: ''

2022-04-04 15:30:12 - [TEST_STEP][PASSED] - maximizeWindow(): Current window maximized

2022-04-04 15:30:12 - [MESSAGE][PASSED] - Current window maximized

2022-04-04 15:30:12 - [TEST_STEP][PASSED] - i = G_Login: null

2022-04-04 15:30:12 - [TEST_STEP][PASSED] - url = new java.net.URL(i): null

2022-04-04 15:30:12 - [TEST_STEP][PASSED] - println("URL: " + url.toString()): null

2022-04-04 15:30:12 - [TEST_STEP][PASSED] - connection = url.openConnection(): null

2022-04-04 15:30:12 - [TEST_STEP][PASSED] - connection.setRequestMethod("GET"): null

2022-04-04 15:30:12 - [TEST_STEP][PASSED] - connection.setReadTimeout(2 * 1000): null

2022-04-04 15:30:12 - [TEST_STEP][PASSED] - try: null

2022-04-04 15:30:12 - [TEST_STEP][PASSED] - connection.connect(): null

2022-04-04 15:30:12 - [TEST_STEP][PASSED] - flag = connected: null

2022-04-04 15:30:12 - [TEST_STEP][PASSED] - println("Valor_ori: " + flag): null

2022-04-04 15:30:12 - [TEST_STEP][PASSED] - if (flag): null

2022-04-04 15:30:12 - [TEST_STEP][PASSED] - navigateToUrl(i): Navigate to 'http://192.168.2.19:8380/saraweb' successfully

2022-04-04 15:30:13 - [MESSAGE][PASSED] - Navigate to 'http://192.168.2.19:8380/saraweb' successfully

2022-04-04 15:30:13 - [TEST_STEP][PASSED] - a(): null

2022-04-04 15:30:13 - [TEST_STEP][PASSED] - setText(findTestObject("Login/input_USUARIO_loginusuario"), G_Usuario): Text 'saraadmin' is set on object 'Object Repository/Login/input_USUARIO_loginusuario'

2022-04-04 15:30:14 - [MESSAGE][PASSED] - Text 'saraadmin' is set on object 'Object Repository/Login/input_USUARIO_loginusuario'

2022-04-04 15:30:14 - [TEST_STEP][PASSED] - setEncryptedText(findTestObject("Login/input_CLAVE_loginpassword"), "MkG4/TYiCFC3cb2driP7+Q=="): Text ****** has been set on object 'Object Repository/Login/input_CLAVE_loginpassword'

2022-04-04 15:30:14 - [MESSAGE][PASSED] - Text ****** has been set on object 'Object Repository/Login/input_CLAVE_loginpassword'

2022-04-04 15:30:14 - [TEST_STEP][PASSED] - waitForElementClickable(findTestObject("Login/a_Ingresar"), G_TimeOut): Object 'Object Repository/Login/a_Ingresar' is clickable

2022-04-04 15:30:14 - [MESSAGE][PASSED] - Object 'Object Repository/Login/a_Ingresar' is clickable

2022-04-04 15:30:14 - [TEST_STEP][PASSED] - click(findTestObject("Login/a_Ingresar")): Object: 'Object Repository/Login/a_Ingresar' is clicked on

2022-04-04 15:30:16 - [MESSAGE][PASSED] - Object: 'Object Repository/Login/a_Ingresar' is clicked on

2022-04-04 15:30:16 - [TEST_STEP][PASSED] - element = findWebElement(findTestObject("Login/a_Ir"), 30): null

2022-04-04 15:30:16 - [TEST_STEP][PASSED] - executeJavaScript("arguments[0].click()", Arrays.asList(element)): Execute JavaScript 'arguments[0].click()' successfully

2022-04-04 15:30:16 - [MESSAGE][PASSED] - Execute JavaScript 'arguments[0].click()' successfully

2022-04-04 15:30:16 - [MESSAGE][PASSED] - Call Test Case 'Test Cases/0.1-Login' successfully

2022-04-04 15:30:16 - [TEST_STEP][PASSED] - setText(findTestObject("input_Empresa 1_form_templatej_idt24_input"), "planta personal (tal)"): Text 'planta personal (tal)' is set on object 'Object Repository/input_Empresa 1_form_templatej_idt24_input'

2022-04-04 15:30:18 - [MESSAGE][PASSED] - Text 'planta personal (tal)' is set on object 'Object Repository/input_Empresa 1_form_templatej_idt24_input'

2022-04-04 15:30:18 - [TEST_STEP][PASSED] - click(findTestObject("Modulo Pruebas Planta de Personal/Buscar_puesto_de_trabajo/span_Planta Personal (ta")): Object: 'Object Repository/Modulo Pruebas Planta de Personal/Buscar_puesto_de_trabajo/span_Planta Personal (ta' is clicked on

2022-04-04 15:30:19 - [MESSAGE][PASSED] - Object: 'Object Repository/Modulo Pruebas Planta de Personal/Buscar_puesto_de_trabajo/span_Planta Personal (ta' is clicked on

2022-04-04 15:30:19 - [TEST_STEP][PASSED] - click(findTestObject("Modulo Pruebas Planta de Personal/Buscar_puesto_de_trabajo/a_Actos Administrativos_organigramabuscar")): Object: 'Object Repository/Modulo Pruebas Planta de Personal/Buscar_puesto_de_trabajo/a_Actos Administrativos_organigramabuscar' is clicked on

2022-04-04 15:30:20 - [MESSAGE][PASSED] - Object: 'Object Repository/Modulo Pruebas Planta de Personal/Buscar_puesto_de_trabajo/a_Actos Administrativos_organigramabuscar' is clicked on

2022-04-04 15:30:20 - [TEST_STEP][PASSED] - selectOptionByIndex(findTestObject("Modulo Pruebas Planta de Personal/Buscar_puesto_de_trabajo/select_--Seleccione--EmpleadoPuesto"), 2): All options with index in [2] are selected on object 'Object Repository/Modulo Pruebas Planta de Personal/Buscar_puesto_de_trabajo/select_--Seleccione--EmpleadoPuesto'

2022-04-04 15:30:21 - [MESSAGE][PASSED] - All options with index in [2] are selected on object 'Object Repository/Modulo Pruebas Planta de Personal/Buscar_puesto_de_trabajo/select_--Seleccione--EmpleadoPuesto'

2022-04-04 15:30:21 - [TEST_STEP][PASSED] - click(findTestObject("Modulo Pruebas Planta de Personal/Buscar_puesto_de_trabajo/a_Cargo_popupBusquedaPlantaj_idt279")): Object: 'Object Repository/Modulo Pruebas Planta de Personal/Buscar_puesto_de_trabajo/a_Cargo_popupBusquedaPlantaj_idt279' is clicked on

2022-04-04 15:30:22 - [MESSAGE][PASSED] - Object: 'Object Repository/Modulo Pruebas Planta de Personal/Buscar_puesto_de_trabajo/a_Cargo_popupBusquedaPlantaj_idt279' is clicked on

2022-04-04 15:30:22 - [TEST_STEP][PASSED] - click(findTestObject("Modulo Pruebas Planta de Personal/Buscar_puesto_de_trabajo/a_Unidad Organizacional_popupBusquedaPlantaj_idt274")): Object: 'Object Repository/Modulo Pruebas Planta de Personal/Buscar_puesto_de_trabajo/a_Unidad Organizacional_popupBusquedaPlantaj_idt274' is clicked on

2022-04-04 15:30:23 - [MESSAGE][PASSED] - Object: 'Object Repository/Modulo Pruebas Planta de Personal/Buscar_puesto_de_trabajo/a_Unidad Organizacional_popupBusquedaPlantaj_idt274' is clicked on

2022-04-04 15:30:23 - [TEST_STEP][PASSED] - setText(findTestObject("Modulo Pruebas Planta de Personal/Buscar_puesto_de_trabajo/input_Unidad_form_popupUnidadUsuarioj_idt880"), "administracion"): Text 'administracion' is set on object 'Object Repository/Modulo Pruebas Planta de Personal/Buscar_puesto_de_trabajo/input_Unidad_form_popupUnidadUsuarioj_idt880'

2022-04-04 15:30:24 - [MESSAGE][PASSED] - Text 'administracion' is set on object 'Object Repository/Modulo Pruebas Planta de Personal/Buscar_puesto_de_trabajo/input_Unidad_form_popupUnidadUsuarioj_idt880'

2022-04-04 15:30:24 - [TEST_STEP][PASSED] - sendKeys(findTestObject("Modulo Pruebas Planta de Personal/Buscar_puesto_de_trabajo/input_Unidad_form_popupUnidadUsuarioj_idt880"), Keys.chord(ENTER)): Keys 'ENTER + ' sent to object: 'Object Repository/Modulo Pruebas Planta de Personal/Buscar_puesto_de_trabajo/input_Unidad_form_popupUnidadUsuarioj_idt880'

2022-04-04 15:30:24 - [MESSAGE][PASSED] - Keys 'ENTER + ' sent to object: 'Object Repository/Modulo Pruebas Planta de Personal/Buscar_puesto_de_trabajo/input_Unidad_form_popupUnidadUsuarioj_idt880'

2022-04-04 15:30:24 - [TEST_STEP][PASSED] - click(findTestObject("Modulo Pruebas Planta de Personal/Buscar_puesto_de_trabajo/span_ADMINISTRACION")): Object: 'Object Repository/Modulo Pruebas Planta de Personal/Buscar_puesto_de_trabajo/span_ADMINISTRACION' is clicked on

2022-04-04 15:30:25 - [MESSAGE][PASSED] - Object: 'Object Repository/Modulo Pruebas Planta de Personal/Buscar_puesto_de_trabajo/span_ADMINISTRACION' is clicked on

2022-04-04 15:30:25 - [TEST_STEP][PASSED] - click(findTestObject("Modulo Pruebas Planta de Personal/Buscar_puesto_de_trabajo/a_Cargo_popupBusquedaPlantaj_idt2790")): Object: 'Object Repository/Modulo Pruebas Planta de Personal/Buscar_puesto_de_trabajo/a_Cargo_popupBusquedaPlantaj_idt2790' is clicked on

2022-04-04 15:30:25 - [MESSAGE][PASSED] - Object: 'Object Repository/Modulo Pruebas Planta de Personal/Buscar_puesto_de_trabajo/a_Cargo_popupBusquedaPlantaj_idt2790' is clicked on

2022-04-04 15:30:25 - [TEST_STEP][PASSED] - click(findTestObject("Modulo Pruebas Planta de Personal/Buscar_puesto_de_trabajo/span_ABOGADO")): Object: 'Object Repository/Modulo Pruebas Planta de Personal/Buscar_puesto_de_trabajo/span_ABOGADO' is clicked on

2022-04-04 15:30:26 - [MESSAGE][PASSED] - Object: 'Object Repository/Modulo Pruebas Planta de Personal/Buscar_puesto_de_trabajo/span_ABOGADO' is clicked on

2022-04-04 15:30:26 - [TEST_STEP][PASSED] - click(findTestObject("Modulo Pruebas Planta de Personal/Buscar_puesto_de_trabajo/span_20139    - Abogado")): Object: 'Object Repository/Modulo Pruebas Planta de Personal/Buscar_puesto_de_trabajo/span_20139    - Abogado' is clicked on

2022-04-04 15:30:27 - [MESSAGE][PASSED] - Object: 'Object Repository/Modulo Pruebas Planta de Personal/Buscar_puesto_de_trabajo/span_20139    - Abogado' is clicked on

2022-04-04 15:30:27 - [TEST_STEP][PASSED] - scrollToElement(findTestObject("Modulo Pruebas Planta de Personal/Buscar_puesto_de_trabajo/span_10308"), 0): Scroll to object 'Object Repository/Modulo Pruebas Planta de Personal/Buscar_puesto_de_trabajo/span_10308' successfully

2022-04-04 15:30:27 - [MESSAGE][WARNING] - Timeout '0' is invalid. Using default page load timeout: '45'

2022-04-04 15:30:28 - [MESSAGE][PASSED] - Scroll to object 'Object Repository/Modulo Pruebas Planta de Personal/Buscar_puesto_de_trabajo/span_10308' successfully

2022-04-04 15:30:28 - [MESSAGE][PASSED] - Call Test Case 'Test Cases/1.2-Tareas_Secundarias/A.2-Pruebas_planta_personal/12.1.6-Buscar_puesto_de_trabajo' successfully

2022-04-04 15:30:28 - [TEST_STEP][PASSED] - click(findTestObject("Modulo Pruebas Planta de Personal/Visualizar_opción_otros/a_Salgado . Paula_organigramaj_idt109")): Object: 'Object Repository/Modulo Pruebas Planta de Personal/Visualizar_opción_otros/a_Salgado . Paula_organigramaj_idt109' is clicked on

2022-04-04 15:30:28 - [MESSAGE][PASSED] - Object: 'Object Repository/Modulo Pruebas Planta de Personal/Visualizar_opción_otros/a_Salgado . Paula_organigramaj_idt109' is clicked on

2022-04-04 15:30:28 - [TEST_STEP][PASSED] - waitForElementVisible(findTestObject("Modulo Pruebas Planta de Personal/Visualizar_opción_otros/table_Salgado . Paula66666CalidadAdministracion40 Mil Staff"), 0): Object 'Object Repository/Modulo Pruebas Planta de Personal/Visualizar_opción_otros/table_Salgado . Paula66666CalidadAdministracion40 Mil Staff' is visible

2022-04-04 15:30:28 - [MESSAGE][WARNING] - Timeout '0' is invalid. Using default page load timeout: '45'

2022-04-04 15:30:29 - [MESSAGE][PASSED] - Object 'Object Repository/Modulo Pruebas Planta de Personal/Visualizar_opción_otros/table_Salgado . Paula66666CalidadAdministracion40 Mil Staff' is visible

2022-04-04 15:30:29 - [TEST_STEP][PASSED] - closeBrowser(): Browser is closed

2022-04-04 15:30:30 - [MESSAGE][PASSED] - Browser is closed]]></system-out>
         <system-err><![CDATA[]]></system-err>
      </testcase>
      <testcase name="Test Cases/1.2-Tareas_Secundarias/A.2-Pruebas_planta_personal/12.2.1-Crear_descripción_del_cargo" time="47.211" classname="Test Cases/1.2-Tareas_Secundarias/A.2-Pruebas_planta_personal/12.2.1-Crear_descripción_del_cargo" status="PASSED">
         <system-out><![CDATA[2022-04-04 15:30:30 - [TEST_CASE][PASSED] - Test Cases/1.2-Tareas_Secundarias/A.2-Pruebas_planta_personal/12.2.1-Crear_descripción_del_cargo: Test Cases/1.2-Tareas_Secundarias/A.2-Pruebas_planta_personal/12.2.1-Crear_descripción_del_cargo

2022-04-04 15:30:30 - [TEST_STEP][PASSED] - callTestCase(findTestCase("1.2-Tareas_Secundarias/A.2-Pruebas_planta_personal/12.1.6-Buscar_puesto_de_trabajo"), [:], STOP_ON_FAILURE): Call Test Case 'Test Cases/1.2-Tareas_Secundarias/A.2-Pruebas_planta_personal/12.1.6-Buscar_puesto_de_trabajo' successfully

2022-04-04 15:30:30 - [TEST_CASE][PASSED] - Test Cases/1.2-Tareas_Secundarias/A.2-Pruebas_planta_personal/12.1.6-Buscar_puesto_de_trabajo: Test Cases/1.2-Tareas_Secundarias/A.2-Pruebas_planta_personal/12.1.6-Buscar_puesto_de_trabajo

2022-04-04 15:30:30 - [TEST_STEP][PASSED] - callTestCase(findTestCase("0.1-Login"), [:], STOP_ON_FAILURE): Call Test Case 'Test Cases/0.1-Login' successfully

2022-04-04 15:30:30 - [TEST_CASE][PASSED] - Test Cases/0.1-Login: Test Cases/0.1-Login

2022-04-04 15:30:30 - [TEST_STEP][PASSED] - openBrowser(""): Browser is opened with url: ''

2022-04-04 15:30:30 - [MESSAGE][INFO] - Starting 'Chrome' driver

2022-04-04 15:30:30 - [MESSAGE][INFO] - Action delay is set to 0 milliseconds

2022-04-04 15:30:31 - [MESSAGE][PASSED] - Browser is opened with url: ''

2022-04-04 15:30:31 - [TEST_STEP][PASSED] - maximizeWindow(): Current window maximized

2022-04-04 15:30:32 - [MESSAGE][PASSED] - Current window maximized

2022-04-04 15:30:32 - [TEST_STEP][PASSED] - i = G_Login: null

2022-04-04 15:30:32 - [TEST_STEP][PASSED] - url = new java.net.URL(i): null

2022-04-04 15:30:32 - [TEST_STEP][PASSED] - println("URL: " + url.toString()): null

2022-04-04 15:30:32 - [TEST_STEP][PASSED] - connection = url.openConnection(): null

2022-04-04 15:30:32 - [TEST_STEP][PASSED] - connection.setRequestMethod("GET"): null

2022-04-04 15:30:32 - [TEST_STEP][PASSED] - connection.setReadTimeout(2 * 1000): null

2022-04-04 15:30:32 - [TEST_STEP][PASSED] - try: null

2022-04-04 15:30:32 - [TEST_STEP][PASSED] - connection.connect(): null

2022-04-04 15:30:32 - [TEST_STEP][PASSED] - flag = connected: null

2022-04-04 15:30:32 - [TEST_STEP][PASSED] - println("Valor_ori: " + flag): null

2022-04-04 15:30:32 - [TEST_STEP][PASSED] - if (flag): null

2022-04-04 15:30:32 - [TEST_STEP][PASSED] - navigateToUrl(i): Navigate to 'http://192.168.2.19:8380/saraweb' successfully

2022-04-04 15:30:32 - [MESSAGE][PASSED] - Navigate to 'http://192.168.2.19:8380/saraweb' successfully

2022-04-04 15:30:32 - [TEST_STEP][PASSED] - a(): null

2022-04-04 15:30:32 - [TEST_STEP][PASSED] - setText(findTestObject("Login/input_USUARIO_loginusuario"), G_Usuario): Text 'saraadmin' is set on object 'Object Repository/Login/input_USUARIO_loginusuario'

2022-04-04 15:30:33 - [MESSAGE][PASSED] - Text 'saraadmin' is set on object 'Object Repository/Login/input_USUARIO_loginusuario'

2022-04-04 15:30:33 - [TEST_STEP][PASSED] - setEncryptedText(findTestObject("Login/input_CLAVE_loginpassword"), "MkG4/TYiCFC3cb2driP7+Q=="): Text ****** has been set on object 'Object Repository/Login/input_CLAVE_loginpassword'

2022-04-04 15:30:33 - [MESSAGE][PASSED] - Text ****** has been set on object 'Object Repository/Login/input_CLAVE_loginpassword'

2022-04-04 15:30:33 - [TEST_STEP][PASSED] - waitForElementClickable(findTestObject("Login/a_Ingresar"), G_TimeOut): Object 'Object Repository/Login/a_Ingresar' is clickable

2022-04-04 15:30:34 - [MESSAGE][PASSED] - Object 'Object Repository/Login/a_Ingresar' is clickable

2022-04-04 15:30:34 - [TEST_STEP][PASSED] - click(findTestObject("Login/a_Ingresar")): Object: 'Object Repository/Login/a_Ingresar' is clicked on

2022-04-04 15:30:35 - [MESSAGE][PASSED] - Object: 'Object Repository/Login/a_Ingresar' is clicked on

2022-04-04 15:30:35 - [TEST_STEP][PASSED] - element = findWebElement(findTestObject("Login/a_Ir"), 30): null

2022-04-04 15:30:35 - [TEST_STEP][PASSED] - executeJavaScript("arguments[0].click()", Arrays.asList(element)): Execute JavaScript 'arguments[0].click()' successfully

2022-04-04 15:30:35 - [MESSAGE][PASSED] - Execute JavaScript 'arguments[0].click()' successfully

2022-04-04 15:30:35 - [MESSAGE][PASSED] - Call Test Case 'Test Cases/0.1-Login' successfully

2022-04-04 15:30:35 - [TEST_STEP][PASSED] - setText(findTestObject("input_Empresa 1_form_templatej_idt24_input"), "planta personal (tal)"): Text 'planta personal (tal)' is set on object 'Object Repository/input_Empresa 1_form_templatej_idt24_input'

2022-04-04 15:30:37 - [MESSAGE][PASSED] - Text 'planta personal (tal)' is set on object 'Object Repository/input_Empresa 1_form_templatej_idt24_input'

2022-04-04 15:30:37 - [TEST_STEP][PASSED] - click(findTestObject("Modulo Pruebas Planta de Personal/Buscar_puesto_de_trabajo/span_Planta Personal (ta")): Object: 'Object Repository/Modulo Pruebas Planta de Personal/Buscar_puesto_de_trabajo/span_Planta Personal (ta' is clicked on

2022-04-04 15:30:38 - [MESSAGE][PASSED] - Object: 'Object Repository/Modulo Pruebas Planta de Personal/Buscar_puesto_de_trabajo/span_Planta Personal (ta' is clicked on

2022-04-04 15:30:38 - [TEST_STEP][PASSED] - click(findTestObject("Modulo Pruebas Planta de Personal/Buscar_puesto_de_trabajo/a_Actos Administrativos_organigramabuscar")): Object: 'Object Repository/Modulo Pruebas Planta de Personal/Buscar_puesto_de_trabajo/a_Actos Administrativos_organigramabuscar' is clicked on

2022-04-04 15:30:41 - [MESSAGE][PASSED] - Object: 'Object Repository/Modulo Pruebas Planta de Personal/Buscar_puesto_de_trabajo/a_Actos Administrativos_organigramabuscar' is clicked on

2022-04-04 15:30:41 - [TEST_STEP][PASSED] - selectOptionByIndex(findTestObject("Modulo Pruebas Planta de Personal/Buscar_puesto_de_trabajo/select_--Seleccione--EmpleadoPuesto"), 2): All options with index in [2] are selected on object 'Object Repository/Modulo Pruebas Planta de Personal/Buscar_puesto_de_trabajo/select_--Seleccione--EmpleadoPuesto'

2022-04-04 15:30:47 - [MESSAGE][PASSED] - All options with index in [2] are selected on object 'Object Repository/Modulo Pruebas Planta de Personal/Buscar_puesto_de_trabajo/select_--Seleccione--EmpleadoPuesto'

2022-04-04 15:30:47 - [TEST_STEP][PASSED] - click(findTestObject("Modulo Pruebas Planta de Personal/Buscar_puesto_de_trabajo/a_Cargo_popupBusquedaPlantaj_idt279")): Object: 'Object Repository/Modulo Pruebas Planta de Personal/Buscar_puesto_de_trabajo/a_Cargo_popupBusquedaPlantaj_idt279' is clicked on

2022-04-04 15:30:49 - [MESSAGE][PASSED] - Object: 'Object Repository/Modulo Pruebas Planta de Personal/Buscar_puesto_de_trabajo/a_Cargo_popupBusquedaPlantaj_idt279' is clicked on

2022-04-04 15:30:49 - [TEST_STEP][PASSED] - click(findTestObject("Modulo Pruebas Planta de Personal/Buscar_puesto_de_trabajo/a_Unidad Organizacional_popupBusquedaPlantaj_idt274")): Object: 'Object Repository/Modulo Pruebas Planta de Personal/Buscar_puesto_de_trabajo/a_Unidad Organizacional_popupBusquedaPlantaj_idt274' is clicked on

2022-04-04 15:30:51 - [MESSAGE][PASSED] - Object: 'Object Repository/Modulo Pruebas Planta de Personal/Buscar_puesto_de_trabajo/a_Unidad Organizacional_popupBusquedaPlantaj_idt274' is clicked on

2022-04-04 15:30:51 - [TEST_STEP][PASSED] - setText(findTestObject("Modulo Pruebas Planta de Personal/Buscar_puesto_de_trabajo/input_Unidad_form_popupUnidadUsuarioj_idt880"), "administracion"): Text 'administracion' is set on object 'Object Repository/Modulo Pruebas Planta de Personal/Buscar_puesto_de_trabajo/input_Unidad_form_popupUnidadUsuarioj_idt880'

2022-04-04 15:30:56 - [MESSAGE][PASSED] - Text 'administracion' is set on object 'Object Repository/Modulo Pruebas Planta de Personal/Buscar_puesto_de_trabajo/input_Unidad_form_popupUnidadUsuarioj_idt880'

2022-04-04 15:30:56 - [TEST_STEP][PASSED] - sendKeys(findTestObject("Modulo Pruebas Planta de Personal/Buscar_puesto_de_trabajo/input_Unidad_form_popupUnidadUsuarioj_idt880"), Keys.chord(ENTER)): Keys 'ENTER + ' sent to object: 'Object Repository/Modulo Pruebas Planta de Personal/Buscar_puesto_de_trabajo/input_Unidad_form_popupUnidadUsuarioj_idt880'

2022-04-04 15:30:57 - [MESSAGE][PASSED] - Keys 'ENTER + ' sent to object: 'Object Repository/Modulo Pruebas Planta de Personal/Buscar_puesto_de_trabajo/input_Unidad_form_popupUnidadUsuarioj_idt880'

2022-04-04 15:30:57 - [TEST_STEP][PASSED] - click(findTestObject("Modulo Pruebas Planta de Personal/Buscar_puesto_de_trabajo/span_ADMINISTRACION")): Object: 'Object Repository/Modulo Pruebas Planta de Personal/Buscar_puesto_de_trabajo/span_ADMINISTRACION' is clicked on

2022-04-04 15:31:00 - [MESSAGE][PASSED] - Object: 'Object Repository/Modulo Pruebas Planta de Personal/Buscar_puesto_de_trabajo/span_ADMINISTRACION' is clicked on

2022-04-04 15:31:00 - [TEST_STEP][PASSED] - click(findTestObject("Modulo Pruebas Planta de Personal/Buscar_puesto_de_trabajo/a_Cargo_popupBusquedaPlantaj_idt2790")): Object: 'Object Repository/Modulo Pruebas Planta de Personal/Buscar_puesto_de_trabajo/a_Cargo_popupBusquedaPlantaj_idt2790' is clicked on

2022-04-04 15:31:01 - [MESSAGE][PASSED] - Object: 'Object Repository/Modulo Pruebas Planta de Personal/Buscar_puesto_de_trabajo/a_Cargo_popupBusquedaPlantaj_idt2790' is clicked on

2022-04-04 15:31:01 - [TEST_STEP][PASSED] - click(findTestObject("Modulo Pruebas Planta de Personal/Buscar_puesto_de_trabajo/span_ABOGADO")): Object: 'Object Repository/Modulo Pruebas Planta de Personal/Buscar_puesto_de_trabajo/span_ABOGADO' is clicked on

2022-04-04 15:31:03 - [MESSAGE][PASSED] - Object: 'Object Repository/Modulo Pruebas Planta de Personal/Buscar_puesto_de_trabajo/span_ABOGADO' is clicked on

2022-04-04 15:31:03 - [TEST_STEP][PASSED] - click(findTestObject("Modulo Pruebas Planta de Personal/Buscar_puesto_de_trabajo/span_20139    - Abogado")): Object: 'Object Repository/Modulo Pruebas Planta de Personal/Buscar_puesto_de_trabajo/span_20139    - Abogado' is clicked on

2022-04-04 15:31:06 - [MESSAGE][PASSED] - Object: 'Object Repository/Modulo Pruebas Planta de Personal/Buscar_puesto_de_trabajo/span_20139    - Abogado' is clicked on

2022-04-04 15:31:06 - [TEST_STEP][PASSED] - scrollToElement(findTestObject("Modulo Pruebas Planta de Personal/Buscar_puesto_de_trabajo/span_10308"), 0): Scroll to object 'Object Repository/Modulo Pruebas Planta de Personal/Buscar_puesto_de_trabajo/span_10308' successfully

2022-04-04 15:31:06 - [MESSAGE][WARNING] - Timeout '0' is invalid. Using default page load timeout: '45'

2022-04-04 15:31:07 - [MESSAGE][PASSED] - Scroll to object 'Object Repository/Modulo Pruebas Planta de Personal/Buscar_puesto_de_trabajo/span_10308' successfully

2022-04-04 15:31:07 - [MESSAGE][PASSED] - Call Test Case 'Test Cases/1.2-Tareas_Secundarias/A.2-Pruebas_planta_personal/12.1.6-Buscar_puesto_de_trabajo' successfully

2022-04-04 15:31:07 - [TEST_STEP][PASSED] - click(findTestObject("Modulo Pruebas Planta de Personal/Crear_descripción_del_cargo/a_Salgado . Paula_organigramaj_idt111")): Object: 'Object Repository/Modulo Pruebas Planta de Personal/Crear_descripción_del_cargo/a_Salgado . Paula_organigramaj_idt111' is clicked on

2022-04-04 15:31:09 - [MESSAGE][PASSED] - Object: 'Object Repository/Modulo Pruebas Planta de Personal/Crear_descripción_del_cargo/a_Salgado . Paula_organigramaj_idt111' is clicked on

2022-04-04 15:31:09 - [TEST_STEP][PASSED] - if (waitForElementVisible(findTestObject("Modulo Pruebas Planta de Personal/Crear_descripción_del_cargo/a_Aceptar"), 1)): Web element with id: 'Object Repository/Modulo Pruebas Planta de Personal/Crear_descripción_del_cargo/a_Aceptar' located by '//a[contains(text(),'Aceptar')]' not found

2022-04-04 15:31:12 - [MESSAGE][INFO] - Unable to find the element located by 'By.xpath: //a[contains(text(),'Aceptar')]'. Please recheck the objects properties to make sure the desired element is located. 

2022-04-04 15:31:12 - [MESSAGE][WARNING] - Web element with id: 'Object Repository/Modulo Pruebas Planta de Personal/Crear_descripción_del_cargo/a_Aceptar' located by '//a[contains(text(),'Aceptar')]' not found

2022-04-04 15:31:12 - [TEST_STEP][PASSED] - setText(findTestObject("Modulo Pruebas Planta de Personal/Crear_descripción_del_cargo/textarea__descripcionCargo_formj_idt15140idTexto5"), "pruebas k"): Text 'pruebas k' is set on object 'Object Repository/Modulo Pruebas Planta de Personal/Crear_descripción_del_cargo/textarea__descripcionCargo_formj_idt15140idTexto5'

2022-04-04 15:31:12 - [MESSAGE][PASSED] - Text 'pruebas k' is set on object 'Object Repository/Modulo Pruebas Planta de Personal/Crear_descripción_del_cargo/textarea__descripcionCargo_formj_idt15140idTexto5'

2022-04-04 15:31:12 - [TEST_STEP][PASSED] - setText(findTestObject("Modulo Pruebas Planta de Personal/Crear_descripción_del_cargo/textarea__descripcionCargo_formj_idt15141idTexto5"), "pruebas automaticas"): Text 'pruebas automaticas' is set on object 'Object Repository/Modulo Pruebas Planta de Personal/Crear_descripción_del_cargo/textarea__descripcionCargo_formj_idt15141idTexto5'

2022-04-04 15:31:13 - [MESSAGE][PASSED] - Text 'pruebas automaticas' is set on object 'Object Repository/Modulo Pruebas Planta de Personal/Crear_descripción_del_cargo/textarea__descripcionCargo_formj_idt15141idTexto5'

2022-04-04 15:31:13 - [TEST_STEP][PASSED] - setText(findTestObject("Modulo Pruebas Planta de Personal/Crear_descripción_del_cargo/textarea__descripcionCargo_formj_idt15142idTexto5"), "NULL"): Text 'NULL' is set on object 'Object Repository/Modulo Pruebas Planta de Personal/Crear_descripción_del_cargo/textarea__descripcionCargo_formj_idt15142idTexto5'

2022-04-04 15:31:14 - [MESSAGE][PASSED] - Text 'NULL' is set on object 'Object Repository/Modulo Pruebas Planta de Personal/Crear_descripción_del_cargo/textarea__descripcionCargo_formj_idt15142idTexto5'

2022-04-04 15:31:14 - [TEST_STEP][PASSED] - setText(findTestObject("Modulo Pruebas Planta de Personal/Crear_descripción_del_cargo/textarea__descripcionCargo_formj_idt15143idTexto5"), "NULL"): Text 'NULL' is set on object 'Object Repository/Modulo Pruebas Planta de Personal/Crear_descripción_del_cargo/textarea__descripcionCargo_formj_idt15143idTexto5'

2022-04-04 15:31:15 - [MESSAGE][PASSED] - Text 'NULL' is set on object 'Object Repository/Modulo Pruebas Planta de Personal/Crear_descripción_del_cargo/textarea__descripcionCargo_formj_idt15143idTexto5'

2022-04-04 15:31:15 - [TEST_STEP][PASSED] - click(findTestObject("Modulo Pruebas Planta de Personal/Crear_descripción_del_cargo/a_Guardar")): Object: 'Object Repository/Modulo Pruebas Planta de Personal/Crear_descripción_del_cargo/a_Guardar' is clicked on

2022-04-04 15:31:15 - [MESSAGE][PASSED] - Object: 'Object Repository/Modulo Pruebas Planta de Personal/Crear_descripción_del_cargo/a_Guardar' is clicked on

2022-04-04 15:31:15 - [TEST_STEP][PASSED] - if (waitForElementVisible(findTestObject("Modulo Pruebas Planta de Personal/Crear_descripción_del_cargo/p_Se ha actualizado el registro"), 1)): null

2022-04-04 15:31:16 - [MESSAGE][PASSED] - Object 'Object Repository/Modulo Pruebas Planta de Personal/Crear_descripción_del_cargo/p_Se ha actualizado el registro' is visible

2022-04-04 15:31:16 - [TEST_STEP][PASSED] - closeBrowser(): Browser is closed

2022-04-04 15:31:17 - [MESSAGE][PASSED] - Browser is closed]]></system-out>
         <system-err><![CDATA[]]></system-err>
      </testcase>
      <testcase name="Test Cases/1.2-Tareas_Secundarias/A.2-Pruebas_planta_personal/12.2.2-Copiar_perfil" time="31.501" classname="Test Cases/1.2-Tareas_Secundarias/A.2-Pruebas_planta_personal/12.2.2-Copiar_perfil" status="PASSED">
         <system-out><![CDATA[2022-04-04 15:31:17 - [TEST_CASE][PASSED] - Test Cases/1.2-Tareas_Secundarias/A.2-Pruebas_planta_personal/12.2.2-Copiar_perfil: Test Cases/1.2-Tareas_Secundarias/A.2-Pruebas_planta_personal/12.2.2-Copiar_perfil

2022-04-04 15:31:17 - [TEST_STEP][PASSED] - callTestCase(findTestCase("1.2-Tareas_Secundarias/A.2-Pruebas_planta_personal/12.1.6-Buscar_puesto_de_trabajo"), [:], STOP_ON_FAILURE): Call Test Case 'Test Cases/1.2-Tareas_Secundarias/A.2-Pruebas_planta_personal/12.1.6-Buscar_puesto_de_trabajo' successfully

2022-04-04 15:31:17 - [TEST_CASE][PASSED] - Test Cases/1.2-Tareas_Secundarias/A.2-Pruebas_planta_personal/12.1.6-Buscar_puesto_de_trabajo: Test Cases/1.2-Tareas_Secundarias/A.2-Pruebas_planta_personal/12.1.6-Buscar_puesto_de_trabajo

2022-04-04 15:31:17 - [TEST_STEP][PASSED] - callTestCase(findTestCase("0.1-Login"), [:], STOP_ON_FAILURE): Call Test Case 'Test Cases/0.1-Login' successfully

2022-04-04 15:31:17 - [TEST_CASE][PASSED] - Test Cases/0.1-Login: Test Cases/0.1-Login

2022-04-04 15:31:17 - [TEST_STEP][PASSED] - openBrowser(""): Browser is opened with url: ''

2022-04-04 15:31:17 - [MESSAGE][INFO] - Starting 'Chrome' driver

2022-04-04 15:31:17 - [MESSAGE][INFO] - Action delay is set to 0 milliseconds

2022-04-04 15:31:19 - [MESSAGE][PASSED] - Browser is opened with url: ''

2022-04-04 15:31:19 - [TEST_STEP][PASSED] - maximizeWindow(): Current window maximized

2022-04-04 15:31:19 - [MESSAGE][PASSED] - Current window maximized

2022-04-04 15:31:19 - [TEST_STEP][PASSED] - i = G_Login: null

2022-04-04 15:31:19 - [TEST_STEP][PASSED] - url = new java.net.URL(i): null

2022-04-04 15:31:19 - [TEST_STEP][PASSED] - println("URL: " + url.toString()): null

2022-04-04 15:31:19 - [TEST_STEP][PASSED] - connection = url.openConnection(): null

2022-04-04 15:31:19 - [TEST_STEP][PASSED] - connection.setRequestMethod("GET"): null

2022-04-04 15:31:19 - [TEST_STEP][PASSED] - connection.setReadTimeout(2 * 1000): null

2022-04-04 15:31:19 - [TEST_STEP][PASSED] - try: null

2022-04-04 15:31:19 - [TEST_STEP][PASSED] - connection.connect(): null

2022-04-04 15:31:19 - [TEST_STEP][PASSED] - flag = connected: null

2022-04-04 15:31:19 - [TEST_STEP][PASSED] - println("Valor_ori: " + flag): null

2022-04-04 15:31:19 - [TEST_STEP][PASSED] - if (flag): null

2022-04-04 15:31:19 - [TEST_STEP][PASSED] - navigateToUrl(i): Navigate to 'http://192.168.2.19:8380/saraweb' successfully

2022-04-04 15:31:19 - [MESSAGE][PASSED] - Navigate to 'http://192.168.2.19:8380/saraweb' successfully

2022-04-04 15:31:19 - [TEST_STEP][PASSED] - a(): null

2022-04-04 15:31:19 - [TEST_STEP][PASSED] - setText(findTestObject("Login/input_USUARIO_loginusuario"), G_Usuario): Text 'saraadmin' is set on object 'Object Repository/Login/input_USUARIO_loginusuario'

2022-04-04 15:31:20 - [MESSAGE][PASSED] - Text 'saraadmin' is set on object 'Object Repository/Login/input_USUARIO_loginusuario'

2022-04-04 15:31:20 - [TEST_STEP][PASSED] - setEncryptedText(findTestObject("Login/input_CLAVE_loginpassword"), "MkG4/TYiCFC3cb2driP7+Q=="): Text ****** has been set on object 'Object Repository/Login/input_CLAVE_loginpassword'

2022-04-04 15:31:20 - [MESSAGE][PASSED] - Text ****** has been set on object 'Object Repository/Login/input_CLAVE_loginpassword'

2022-04-04 15:31:20 - [TEST_STEP][PASSED] - waitForElementClickable(findTestObject("Login/a_Ingresar"), G_TimeOut): Object 'Object Repository/Login/a_Ingresar' is clickable

2022-04-04 15:31:21 - [MESSAGE][PASSED] - Object 'Object Repository/Login/a_Ingresar' is clickable

2022-04-04 15:31:21 - [TEST_STEP][PASSED] - click(findTestObject("Login/a_Ingresar")): Object: 'Object Repository/Login/a_Ingresar' is clicked on

2022-04-04 15:31:22 - [MESSAGE][PASSED] - Object: 'Object Repository/Login/a_Ingresar' is clicked on

2022-04-04 15:31:22 - [TEST_STEP][PASSED] - element = findWebElement(findTestObject("Login/a_Ir"), 30): null

2022-04-04 15:31:23 - [TEST_STEP][PASSED] - executeJavaScript("arguments[0].click()", Arrays.asList(element)): Execute JavaScript 'arguments[0].click()' successfully

2022-04-04 15:31:23 - [MESSAGE][PASSED] - Execute JavaScript 'arguments[0].click()' successfully

2022-04-04 15:31:23 - [MESSAGE][PASSED] - Call Test Case 'Test Cases/0.1-Login' successfully

2022-04-04 15:31:23 - [TEST_STEP][PASSED] - setText(findTestObject("input_Empresa 1_form_templatej_idt24_input"), "planta personal (tal)"): Text 'planta personal (tal)' is set on object 'Object Repository/input_Empresa 1_form_templatej_idt24_input'

2022-04-04 15:31:24 - [MESSAGE][PASSED] - Text 'planta personal (tal)' is set on object 'Object Repository/input_Empresa 1_form_templatej_idt24_input'

2022-04-04 15:31:24 - [TEST_STEP][PASSED] - click(findTestObject("Modulo Pruebas Planta de Personal/Buscar_puesto_de_trabajo/span_Planta Personal (ta")): Object: 'Object Repository/Modulo Pruebas Planta de Personal/Buscar_puesto_de_trabajo/span_Planta Personal (ta' is clicked on

2022-04-04 15:31:25 - [MESSAGE][PASSED] - Object: 'Object Repository/Modulo Pruebas Planta de Personal/Buscar_puesto_de_trabajo/span_Planta Personal (ta' is clicked on

2022-04-04 15:31:25 - [TEST_STEP][PASSED] - click(findTestObject("Modulo Pruebas Planta de Personal/Buscar_puesto_de_trabajo/a_Actos Administrativos_organigramabuscar")): Object: 'Object Repository/Modulo Pruebas Planta de Personal/Buscar_puesto_de_trabajo/a_Actos Administrativos_organigramabuscar' is clicked on

2022-04-04 15:31:26 - [MESSAGE][PASSED] - Object: 'Object Repository/Modulo Pruebas Planta de Personal/Buscar_puesto_de_trabajo/a_Actos Administrativos_organigramabuscar' is clicked on

2022-04-04 15:31:26 - [TEST_STEP][PASSED] - selectOptionByIndex(findTestObject("Modulo Pruebas Planta de Personal/Buscar_puesto_de_trabajo/select_--Seleccione--EmpleadoPuesto"), 2): All options with index in [2] are selected on object 'Object Repository/Modulo Pruebas Planta de Personal/Buscar_puesto_de_trabajo/select_--Seleccione--EmpleadoPuesto'

2022-04-04 15:31:27 - [MESSAGE][PASSED] - All options with index in [2] are selected on object 'Object Repository/Modulo Pruebas Planta de Personal/Buscar_puesto_de_trabajo/select_--Seleccione--EmpleadoPuesto'

2022-04-04 15:31:27 - [TEST_STEP][PASSED] - click(findTestObject("Modulo Pruebas Planta de Personal/Buscar_puesto_de_trabajo/a_Cargo_popupBusquedaPlantaj_idt279")): Object: 'Object Repository/Modulo Pruebas Planta de Personal/Buscar_puesto_de_trabajo/a_Cargo_popupBusquedaPlantaj_idt279' is clicked on

2022-04-04 15:31:28 - [MESSAGE][PASSED] - Object: 'Object Repository/Modulo Pruebas Planta de Personal/Buscar_puesto_de_trabajo/a_Cargo_popupBusquedaPlantaj_idt279' is clicked on

2022-04-04 15:31:28 - [TEST_STEP][PASSED] - click(findTestObject("Modulo Pruebas Planta de Personal/Buscar_puesto_de_trabajo/a_Unidad Organizacional_popupBusquedaPlantaj_idt274")): Object: 'Object Repository/Modulo Pruebas Planta de Personal/Buscar_puesto_de_trabajo/a_Unidad Organizacional_popupBusquedaPlantaj_idt274' is clicked on

2022-04-04 15:31:29 - [MESSAGE][PASSED] - Object: 'Object Repository/Modulo Pruebas Planta de Personal/Buscar_puesto_de_trabajo/a_Unidad Organizacional_popupBusquedaPlantaj_idt274' is clicked on

2022-04-04 15:31:29 - [TEST_STEP][PASSED] - setText(findTestObject("Modulo Pruebas Planta de Personal/Buscar_puesto_de_trabajo/input_Unidad_form_popupUnidadUsuarioj_idt880"), "administracion"): Text 'administracion' is set on object 'Object Repository/Modulo Pruebas Planta de Personal/Buscar_puesto_de_trabajo/input_Unidad_form_popupUnidadUsuarioj_idt880'

2022-04-04 15:31:30 - [MESSAGE][PASSED] - Text 'administracion' is set on object 'Object Repository/Modulo Pruebas Planta de Personal/Buscar_puesto_de_trabajo/input_Unidad_form_popupUnidadUsuarioj_idt880'

2022-04-04 15:31:30 - [TEST_STEP][PASSED] - sendKeys(findTestObject("Modulo Pruebas Planta de Personal/Buscar_puesto_de_trabajo/input_Unidad_form_popupUnidadUsuarioj_idt880"), Keys.chord(ENTER)): Keys 'ENTER + ' sent to object: 'Object Repository/Modulo Pruebas Planta de Personal/Buscar_puesto_de_trabajo/input_Unidad_form_popupUnidadUsuarioj_idt880'

2022-04-04 15:31:30 - [MESSAGE][PASSED] - Keys 'ENTER + ' sent to object: 'Object Repository/Modulo Pruebas Planta de Personal/Buscar_puesto_de_trabajo/input_Unidad_form_popupUnidadUsuarioj_idt880'

2022-04-04 15:31:30 - [TEST_STEP][PASSED] - click(findTestObject("Modulo Pruebas Planta de Personal/Buscar_puesto_de_trabajo/span_ADMINISTRACION")): Object: 'Object Repository/Modulo Pruebas Planta de Personal/Buscar_puesto_de_trabajo/span_ADMINISTRACION' is clicked on

2022-04-04 15:31:31 - [MESSAGE][PASSED] - Object: 'Object Repository/Modulo Pruebas Planta de Personal/Buscar_puesto_de_trabajo/span_ADMINISTRACION' is clicked on

2022-04-04 15:31:31 - [TEST_STEP][PASSED] - click(findTestObject("Modulo Pruebas Planta de Personal/Buscar_puesto_de_trabajo/a_Cargo_popupBusquedaPlantaj_idt2790")): Object: 'Object Repository/Modulo Pruebas Planta de Personal/Buscar_puesto_de_trabajo/a_Cargo_popupBusquedaPlantaj_idt2790' is clicked on

2022-04-04 15:31:31 - [MESSAGE][PASSED] - Object: 'Object Repository/Modulo Pruebas Planta de Personal/Buscar_puesto_de_trabajo/a_Cargo_popupBusquedaPlantaj_idt2790' is clicked on

2022-04-04 15:31:31 - [TEST_STEP][PASSED] - click(findTestObject("Modulo Pruebas Planta de Personal/Buscar_puesto_de_trabajo/span_ABOGADO")): Object: 'Object Repository/Modulo Pruebas Planta de Personal/Buscar_puesto_de_trabajo/span_ABOGADO' is clicked on

2022-04-04 15:31:32 - [MESSAGE][PASSED] - Object: 'Object Repository/Modulo Pruebas Planta de Personal/Buscar_puesto_de_trabajo/span_ABOGADO' is clicked on

2022-04-04 15:31:32 - [TEST_STEP][PASSED] - click(findTestObject("Modulo Pruebas Planta de Personal/Buscar_puesto_de_trabajo/span_20139    - Abogado")): Object: 'Object Repository/Modulo Pruebas Planta de Personal/Buscar_puesto_de_trabajo/span_20139    - Abogado' is clicked on

2022-04-04 15:31:33 - [MESSAGE][PASSED] - Object: 'Object Repository/Modulo Pruebas Planta de Personal/Buscar_puesto_de_trabajo/span_20139    - Abogado' is clicked on

2022-04-04 15:31:33 - [TEST_STEP][PASSED] - scrollToElement(findTestObject("Modulo Pruebas Planta de Personal/Buscar_puesto_de_trabajo/span_10308"), 0): Scroll to object 'Object Repository/Modulo Pruebas Planta de Personal/Buscar_puesto_de_trabajo/span_10308' successfully

2022-04-04 15:31:33 - [MESSAGE][WARNING] - Timeout '0' is invalid. Using default page load timeout: '45'

2022-04-04 15:31:34 - [MESSAGE][PASSED] - Scroll to object 'Object Repository/Modulo Pruebas Planta de Personal/Buscar_puesto_de_trabajo/span_10308' successfully

2022-04-04 15:31:34 - [MESSAGE][PASSED] - Call Test Case 'Test Cases/1.2-Tareas_Secundarias/A.2-Pruebas_planta_personal/12.1.6-Buscar_puesto_de_trabajo' successfully

2022-04-04 15:31:34 - [TEST_STEP][PASSED] - click(findTestObject("Modulo Pruebas Planta de Personal/Copiar_perfil/a_Salgado . Paula_organigramaj_idt111")): Object: 'Object Repository/Modulo Pruebas Planta de Personal/Copiar_perfil/a_Salgado . Paula_organigramaj_idt111' is clicked on

2022-04-04 15:31:34 - [MESSAGE][PASSED] - Object: 'Object Repository/Modulo Pruebas Planta de Personal/Copiar_perfil/a_Salgado . Paula_organigramaj_idt111' is clicked on

2022-04-04 15:31:34 - [TEST_STEP][PASSED] - if (waitForElementVisible(findTestObject("Modulo Pruebas Planta de Personal/Copiar_perfil/a_Aceptar"), 1)): Web element with id: 'Object Repository/Modulo Pruebas Planta de Personal/Copiar_perfil/a_Aceptar' located by '//a[contains(text(),'Aceptar')]' not found

2022-04-04 15:31:36 - [MESSAGE][INFO] - Unable to find the element located by 'By.xpath: //a[contains(text(),'Aceptar')]'. Please recheck the objects properties to make sure the desired element is located. 

2022-04-04 15:31:36 - [MESSAGE][WARNING] - Web element with id: 'Object Repository/Modulo Pruebas Planta de Personal/Copiar_perfil/a_Aceptar' located by '//a[contains(text(),'Aceptar')]' not found

2022-04-04 15:31:37 - [TEST_STEP][PASSED] - click(findTestObject("Modulo Pruebas Planta de Personal/Copiar_perfil/a_Copiar Perfil")): Object: 'Object Repository/Modulo Pruebas Planta de Personal/Copiar_perfil/a_Copiar Perfil' is clicked on

2022-04-04 15:31:37 - [MESSAGE][PASSED] - Object: 'Object Repository/Modulo Pruebas Planta de Personal/Copiar_perfil/a_Copiar Perfil' is clicked on

2022-04-04 15:31:37 - [TEST_STEP][PASSED] - click(findTestObject("Modulo Pruebas Planta de Personal/Copiar_perfil/a_Unidad Organizacional_popupCopiarPerfilj_idt2011")): Object: 'Object Repository/Modulo Pruebas Planta de Personal/Copiar_perfil/a_Unidad Organizacional_popupCopiarPerfilj_idt2011' is clicked on

2022-04-04 15:31:38 - [MESSAGE][PASSED] - Object: 'Object Repository/Modulo Pruebas Planta de Personal/Copiar_perfil/a_Unidad Organizacional_popupCopiarPerfilj_idt2011' is clicked on

2022-04-04 15:31:38 - [TEST_STEP][PASSED] - setText(findTestObject("Modulo Pruebas Planta de Personal/Copiar_perfil/input_Unidad Organizacional_formPopUpUnidaddescripciones"), "ADMIN"): Text 'ADMIN' is set on object 'Object Repository/Modulo Pruebas Planta de Personal/Copiar_perfil/input_Unidad Organizacional_formPopUpUnidaddescripciones'

2022-04-04 15:31:39 - [MESSAGE][PASSED] - Text 'ADMIN' is set on object 'Object Repository/Modulo Pruebas Planta de Personal/Copiar_perfil/input_Unidad Organizacional_formPopUpUnidaddescripciones'

2022-04-04 15:31:39 - [TEST_STEP][PASSED] - sendKeys(findTestObject("Modulo Pruebas Planta de Personal/Copiar_perfil/input_Unidad Organizacional_formPopUpUnidaddescripciones"), Keys.chord(ENTER)): Keys 'ENTER + ' sent to object: 'Object Repository/Modulo Pruebas Planta de Personal/Copiar_perfil/input_Unidad Organizacional_formPopUpUnidaddescripciones'

2022-04-04 15:31:40 - [MESSAGE][PASSED] - Keys 'ENTER + ' sent to object: 'Object Repository/Modulo Pruebas Planta de Personal/Copiar_perfil/input_Unidad Organizacional_formPopUpUnidaddescripciones'

2022-04-04 15:31:40 - [TEST_STEP][PASSED] - click(findTestObject("Modulo Pruebas Planta de Personal/Copiar_perfil/td_ADMINISTRACION")): Object: 'Object Repository/Modulo Pruebas Planta de Personal/Copiar_perfil/td_ADMINISTRACION' is clicked on

2022-04-04 15:31:41 - [MESSAGE][PASSED] - Object: 'Object Repository/Modulo Pruebas Planta de Personal/Copiar_perfil/td_ADMINISTRACION' is clicked on

2022-04-04 15:31:41 - [TEST_STEP][PASSED] - click(findTestObject("Modulo Pruebas Planta de Personal/Copiar_perfil/a_Cargo_popupCopiarPerfilj_idt2016")): Object: 'Object Repository/Modulo Pruebas Planta de Personal/Copiar_perfil/a_Cargo_popupCopiarPerfilj_idt2016' is clicked on

2022-04-04 15:31:41 - [MESSAGE][PASSED] - Object: 'Object Repository/Modulo Pruebas Planta de Personal/Copiar_perfil/a_Cargo_popupCopiarPerfilj_idt2016' is clicked on

2022-04-04 15:31:41 - [TEST_STEP][PASSED] - click(findTestObject("Modulo Pruebas Planta de Personal/Copiar_perfil/span_40 MIL STAFF")): Object: 'Object Repository/Modulo Pruebas Planta de Personal/Copiar_perfil/span_40 MIL STAFF' is clicked on

2022-04-04 15:31:42 - [MESSAGE][PASSED] - Object: 'Object Repository/Modulo Pruebas Planta de Personal/Copiar_perfil/span_40 MIL STAFF' is clicked on

2022-04-04 15:31:42 - [TEST_STEP][PASSED] - check(findTestObject("Modulo Pruebas Planta de Personal/Copiar_perfil/div_Puesto_ui-chkbox-box ui-widget ui-corner-all ui-state-default ui-state-hover")): Object 'Object Repository/Modulo Pruebas Planta de Personal/Copiar_perfil/div_Puesto_ui-chkbox-box ui-widget ui-corner-all ui-state-default ui-state-hover' is checked

2022-04-04 15:31:45 - [MESSAGE][PASSED] - Object 'Object Repository/Modulo Pruebas Planta de Personal/Copiar_perfil/div_Puesto_ui-chkbox-box ui-widget ui-corner-all ui-state-default ui-state-hover' is checked

2022-04-04 15:31:45 - [TEST_STEP][PASSED] - click(findTestObject("Modulo Pruebas Planta de Personal/Copiar_perfil/a_Continuar")): Object: 'Object Repository/Modulo Pruebas Planta de Personal/Copiar_perfil/a_Continuar' is clicked on

2022-04-04 15:31:45 - [MESSAGE][PASSED] - Object: 'Object Repository/Modulo Pruebas Planta de Personal/Copiar_perfil/a_Continuar' is clicked on

2022-04-04 15:31:45 - [TEST_STEP][PASSED] - click(findTestObject("Modulo Pruebas Planta de Personal/Copiar_perfil/div_Descripcin_ui-chkbox-box ui-widget ui-corner-all ui-state-default")): Object: 'Object Repository/Modulo Pruebas Planta de Personal/Copiar_perfil/div_Descripcin_ui-chkbox-box ui-widget ui-corner-all ui-state-default' is clicked on

2022-04-04 15:31:46 - [MESSAGE][PASSED] - Object: 'Object Repository/Modulo Pruebas Planta de Personal/Copiar_perfil/div_Descripcin_ui-chkbox-box ui-widget ui-corner-all ui-state-default' is clicked on

2022-04-04 15:31:46 - [TEST_STEP][PASSED] - click(findTestObject("Modulo Pruebas Planta de Personal/Copiar_perfil/a_Aplicar")): Object: 'Object Repository/Modulo Pruebas Planta de Personal/Copiar_perfil/a_Aplicar' is clicked on

2022-04-04 15:31:47 - [MESSAGE][PASSED] - Object: 'Object Repository/Modulo Pruebas Planta de Personal/Copiar_perfil/a_Aplicar' is clicked on

2022-04-04 15:31:47 - [TEST_STEP][PASSED] - if (waitForElementVisible(findTestObject("Modulo Pruebas Planta de Personal/Copiar_perfil/p_Se ha realizado la copia del perfil a los puestos de trabajo seleccionados"), 1)): null

2022-04-04 15:31:48 - [MESSAGE][PASSED] - Object 'Object Repository/Modulo Pruebas Planta de Personal/Copiar_perfil/p_Se ha realizado la copia del perfil a los puestos de trabajo seleccionados' is visible

2022-04-04 15:31:48 - [TEST_STEP][PASSED] - closeBrowser(): Browser is closed

2022-04-04 15:31:48 - [MESSAGE][PASSED] - Browser is closed]]></system-out>
         <system-err><![CDATA[]]></system-err>
      </testcase>
      <testcase name="Test Cases/1.2-Tareas_Secundarias/A.2-Pruebas_planta_personal/12.2.3-Crear_descripción_del_cargo_(PUESTO_TRABAJO_MULTIPLE)" time="23.021" classname="Test Cases/1.2-Tareas_Secundarias/A.2-Pruebas_planta_personal/12.2.3-Crear_descripción_del_cargo_(PUESTO_TRABAJO_MULTIPLE)" status="PASSED">
         <system-out><![CDATA[2022-04-04 15:31:48 - [TEST_CASE][PASSED] - Test Cases/1.2-Tareas_Secundarias/A.2-Pruebas_planta_personal/12.2.3-Crear_descripción_del_cargo_(PUESTO_TRABAJO_MULTIPLE): Test Cases/1.2-Tareas_Secundarias/A.2-Pruebas_planta_personal/12.2.3-Crear_descripción_del_cargo_(PUESTO_TRABAJO_MULTIPLE)

2022-04-04 15:31:49 - [TEST_STEP][PASSED] - callTestCase(findTestCase("0.1-Login"), [:], STOP_ON_FAILURE): Call Test Case 'Test Cases/0.1-Login' successfully

2022-04-04 15:31:49 - [TEST_CASE][PASSED] - Test Cases/0.1-Login: Test Cases/0.1-Login

2022-04-04 15:31:49 - [TEST_STEP][PASSED] - openBrowser(""): Browser is opened with url: ''

2022-04-04 15:31:49 - [MESSAGE][INFO] - Starting 'Chrome' driver

2022-04-04 15:31:49 - [MESSAGE][INFO] - Action delay is set to 0 milliseconds

2022-04-04 15:31:50 - [MESSAGE][PASSED] - Browser is opened with url: ''

2022-04-04 15:31:50 - [TEST_STEP][PASSED] - maximizeWindow(): Current window maximized

2022-04-04 15:31:50 - [MESSAGE][PASSED] - Current window maximized

2022-04-04 15:31:50 - [TEST_STEP][PASSED] - i = G_Login: null

2022-04-04 15:31:50 - [TEST_STEP][PASSED] - url = new java.net.URL(i): null

2022-04-04 15:31:50 - [TEST_STEP][PASSED] - println("URL: " + url.toString()): null

2022-04-04 15:31:50 - [TEST_STEP][PASSED] - connection = url.openConnection(): null

2022-04-04 15:31:50 - [TEST_STEP][PASSED] - connection.setRequestMethod("GET"): null

2022-04-04 15:31:50 - [TEST_STEP][PASSED] - connection.setReadTimeout(2 * 1000): null

2022-04-04 15:31:50 - [TEST_STEP][PASSED] - try: null

2022-04-04 15:31:50 - [TEST_STEP][PASSED] - connection.connect(): null

2022-04-04 15:31:50 - [TEST_STEP][PASSED] - flag = connected: null

2022-04-04 15:31:50 - [TEST_STEP][PASSED] - println("Valor_ori: " + flag): null

2022-04-04 15:31:50 - [TEST_STEP][PASSED] - if (flag): null

2022-04-04 15:31:50 - [TEST_STEP][PASSED] - navigateToUrl(i): Navigate to 'http://192.168.2.19:8380/saraweb' successfully

2022-04-04 15:31:51 - [MESSAGE][PASSED] - Navigate to 'http://192.168.2.19:8380/saraweb' successfully

2022-04-04 15:31:51 - [TEST_STEP][PASSED] - a(): null

2022-04-04 15:31:51 - [TEST_STEP][PASSED] - setText(findTestObject("Login/input_USUARIO_loginusuario"), G_Usuario): Text 'saraadmin' is set on object 'Object Repository/Login/input_USUARIO_loginusuario'

2022-04-04 15:31:52 - [MESSAGE][PASSED] - Text 'saraadmin' is set on object 'Object Repository/Login/input_USUARIO_loginusuario'

2022-04-04 15:31:52 - [TEST_STEP][PASSED] - setEncryptedText(findTestObject("Login/input_CLAVE_loginpassword"), "MkG4/TYiCFC3cb2driP7+Q=="): Text ****** has been set on object 'Object Repository/Login/input_CLAVE_loginpassword'

2022-04-04 15:31:52 - [MESSAGE][PASSED] - Text ****** has been set on object 'Object Repository/Login/input_CLAVE_loginpassword'

2022-04-04 15:31:52 - [TEST_STEP][PASSED] - waitForElementClickable(findTestObject("Login/a_Ingresar"), G_TimeOut): Object 'Object Repository/Login/a_Ingresar' is clickable

2022-04-04 15:31:52 - [MESSAGE][PASSED] - Object 'Object Repository/Login/a_Ingresar' is clickable

2022-04-04 15:31:52 - [TEST_STEP][PASSED] - click(findTestObject("Login/a_Ingresar")): Object: 'Object Repository/Login/a_Ingresar' is clicked on

2022-04-04 15:31:54 - [MESSAGE][PASSED] - Object: 'Object Repository/Login/a_Ingresar' is clicked on

2022-04-04 15:31:54 - [TEST_STEP][PASSED] - element = findWebElement(findTestObject("Login/a_Ir"), 30): null

2022-04-04 15:31:54 - [TEST_STEP][PASSED] - executeJavaScript("arguments[0].click()", Arrays.asList(element)): Execute JavaScript 'arguments[0].click()' successfully

2022-04-04 15:31:54 - [MESSAGE][PASSED] - Execute JavaScript 'arguments[0].click()' successfully

2022-04-04 15:31:54 - [MESSAGE][PASSED] - Call Test Case 'Test Cases/0.1-Login' successfully

2022-04-04 15:31:54 - [TEST_STEP][PASSED] - setText(findTestObject("Modulo Pruebas Planta de Personal/Crear_descripción_del_cargo(Puesto_trabajo_multiple)/input_Empresa 1_form_templatej_idt24_input"), "Listado Descripcion Cargo (tal)"): Text 'Listado Descripcion Cargo (tal)' is set on object 'Object Repository/Modulo Pruebas Planta de Personal/Crear_descripción_del_cargo(Puesto_trabajo_multiple)/input_Empresa 1_form_templatej_idt24_input'

2022-04-04 15:31:55 - [MESSAGE][PASSED] - Text 'Listado Descripcion Cargo (tal)' is set on object 'Object Repository/Modulo Pruebas Planta de Personal/Crear_descripción_del_cargo(Puesto_trabajo_multiple)/input_Empresa 1_form_templatej_idt24_input'

2022-04-04 15:31:55 - [TEST_STEP][PASSED] - click(findTestObject("Modulo Pruebas Planta de Personal/Crear_descripción_del_cargo(Puesto_trabajo_multiple)/li_Listado Descripcion Cargo (tal)")): Object: 'Object Repository/Modulo Pruebas Planta de Personal/Crear_descripción_del_cargo(Puesto_trabajo_multiple)/li_Listado Descripcion Cargo (tal)' is clicked on

2022-04-04 15:31:57 - [MESSAGE][PASSED] - Object: 'Object Repository/Modulo Pruebas Planta de Personal/Crear_descripción_del_cargo(Puesto_trabajo_multiple)/li_Listado Descripcion Cargo (tal)' is clicked on

2022-04-04 15:31:57 - [TEST_STEP][PASSED] - click(findTestObject("Modulo Pruebas Planta de Personal/Crear_descripción_del_cargo(Puesto_trabajo_multiple)/a_Nuevo")): Object: 'Object Repository/Modulo Pruebas Planta de Personal/Crear_descripción_del_cargo(Puesto_trabajo_multiple)/a_Nuevo' is clicked on

2022-04-04 15:31:58 - [MESSAGE][PASSED] - Object: 'Object Repository/Modulo Pruebas Planta de Personal/Crear_descripción_del_cargo(Puesto_trabajo_multiple)/a_Nuevo' is clicked on

2022-04-04 15:31:58 - [TEST_STEP][PASSED] - click(findTestObject("Modulo Pruebas Planta de Personal/Crear_descripción_del_cargo(Puesto_trabajo_multiple)/a_Unidad Organizacional_form_listadoDescripcionCargoj_idt115")): Object: 'Object Repository/Modulo Pruebas Planta de Personal/Crear_descripción_del_cargo(Puesto_trabajo_multiple)/a_Unidad Organizacional_form_listadoDescripcionCargoj_idt115' is clicked on

2022-04-04 15:31:59 - [MESSAGE][PASSED] - Object: 'Object Repository/Modulo Pruebas Planta de Personal/Crear_descripción_del_cargo(Puesto_trabajo_multiple)/a_Unidad Organizacional_form_listadoDescripcionCargoj_idt115' is clicked on

2022-04-04 15:31:59 - [TEST_STEP][PASSED] - setText(findTestObject("Modulo Pruebas Planta de Personal/Crear_descripción_del_cargo(Puesto_trabajo_multiple)/input_Unidad_form_popupUnidadUsuarioj_idt612"), "ADMINISTRACION"): Text 'ADMINISTRACION' is set on object 'Object Repository/Modulo Pruebas Planta de Personal/Crear_descripción_del_cargo(Puesto_trabajo_multiple)/input_Unidad_form_popupUnidadUsuarioj_idt612'

2022-04-04 15:32:00 - [MESSAGE][PASSED] - Text 'ADMINISTRACION' is set on object 'Object Repository/Modulo Pruebas Planta de Personal/Crear_descripción_del_cargo(Puesto_trabajo_multiple)/input_Unidad_form_popupUnidadUsuarioj_idt612'

2022-04-04 15:32:00 - [TEST_STEP][PASSED] - sendKeys(findTestObject("Modulo Pruebas Planta de Personal/Crear_descripción_del_cargo(Puesto_trabajo_multiple)/input_Unidad_form_popupUnidadUsuarioj_idt612"), Keys.chord(ENTER)): Keys 'ENTER + ' sent to object: 'Object Repository/Modulo Pruebas Planta de Personal/Crear_descripción_del_cargo(Puesto_trabajo_multiple)/input_Unidad_form_popupUnidadUsuarioj_idt612'

2022-04-04 15:32:00 - [MESSAGE][PASSED] - Keys 'ENTER + ' sent to object: 'Object Repository/Modulo Pruebas Planta de Personal/Crear_descripción_del_cargo(Puesto_trabajo_multiple)/input_Unidad_form_popupUnidadUsuarioj_idt612'

2022-04-04 15:32:00 - [TEST_STEP][PASSED] - click(findTestObject("Modulo Pruebas Planta de Personal/Crear_descripción_del_cargo(Puesto_trabajo_multiple)/span_ADMINISTRACION")): Object: 'Object Repository/Modulo Pruebas Planta de Personal/Crear_descripción_del_cargo(Puesto_trabajo_multiple)/span_ADMINISTRACION' is clicked on

2022-04-04 15:32:01 - [MESSAGE][PASSED] - Object: 'Object Repository/Modulo Pruebas Planta de Personal/Crear_descripción_del_cargo(Puesto_trabajo_multiple)/span_ADMINISTRACION' is clicked on

2022-04-04 15:32:01 - [TEST_STEP][PASSED] - click(findTestObject("Modulo Pruebas Planta de Personal/Crear_descripción_del_cargo(Puesto_trabajo_multiple)/a_Cargo_form_listadoDescripcionCargoj_idt120")): Object: 'Object Repository/Modulo Pruebas Planta de Personal/Crear_descripción_del_cargo(Puesto_trabajo_multiple)/a_Cargo_form_listadoDescripcionCargoj_idt120' is clicked on

2022-04-04 15:32:02 - [MESSAGE][PASSED] - Object: 'Object Repository/Modulo Pruebas Planta de Personal/Crear_descripción_del_cargo(Puesto_trabajo_multiple)/a_Cargo_form_listadoDescripcionCargoj_idt120' is clicked on

2022-04-04 15:32:02 - [TEST_STEP][PASSED] - click(findTestObject("Modulo Pruebas Planta de Personal/Crear_descripción_del_cargo(Puesto_trabajo_multiple)/span_ABOGADO")): Object: 'Object Repository/Modulo Pruebas Planta de Personal/Crear_descripción_del_cargo(Puesto_trabajo_multiple)/span_ABOGADO' is clicked on

2022-04-04 15:32:03 - [MESSAGE][PASSED] - Object: 'Object Repository/Modulo Pruebas Planta de Personal/Crear_descripción_del_cargo(Puesto_trabajo_multiple)/span_ABOGADO' is clicked on

2022-04-04 15:32:03 - [TEST_STEP][PASSED] - click(findTestObject("Modulo Pruebas Planta de Personal/Crear_descripción_del_cargo(Puesto_trabajo_multiple)/span_20139    - Abogado")): Object: 'Object Repository/Modulo Pruebas Planta de Personal/Crear_descripción_del_cargo(Puesto_trabajo_multiple)/span_20139    - Abogado' is clicked on

2022-04-04 15:32:04 - [MESSAGE][PASSED] - Object: 'Object Repository/Modulo Pruebas Planta de Personal/Crear_descripción_del_cargo(Puesto_trabajo_multiple)/span_20139    - Abogado' is clicked on

2022-04-04 15:32:04 - [TEST_STEP][PASSED] - setText(findTestObject("Modulo Pruebas Planta de Personal/Crear_descripción_del_cargo(Puesto_trabajo_multiple)/input__descripcionCargo_formj_idt7270fecha_input"), "01/07/2021"): Text '01/07/2021' is set on object 'Object Repository/Modulo Pruebas Planta de Personal/Crear_descripción_del_cargo(Puesto_trabajo_multiple)/input__descripcionCargo_formj_idt7270fecha_input'

2022-04-04 15:32:05 - [MESSAGE][PASSED] - Text '01/07/2021' is set on object 'Object Repository/Modulo Pruebas Planta de Personal/Crear_descripción_del_cargo(Puesto_trabajo_multiple)/input__descripcionCargo_formj_idt7270fecha_input'

2022-04-04 15:32:05 - [TEST_STEP][PASSED] - setText(findTestObject("Modulo Pruebas Planta de Personal/Crear_descripción_del_cargo(Puesto_trabajo_multiple)/textarea__descripcionCargo_formj_idt7272idTexto5"), "pruebas katalon"): Text 'pruebas katalon' is set on object 'Object Repository/Modulo Pruebas Planta de Personal/Crear_descripción_del_cargo(Puesto_trabajo_multiple)/textarea__descripcionCargo_formj_idt7272idTexto5'

2022-04-04 15:32:06 - [MESSAGE][PASSED] - Text 'pruebas katalon' is set on object 'Object Repository/Modulo Pruebas Planta de Personal/Crear_descripción_del_cargo(Puesto_trabajo_multiple)/textarea__descripcionCargo_formj_idt7272idTexto5'

2022-04-04 15:32:06 - [TEST_STEP][PASSED] - setText(findTestObject("Modulo Pruebas Planta de Personal/Crear_descripción_del_cargo(Puesto_trabajo_multiple)/textarea__descripcionCargo_formj_idt7274idTexto5"), "pruebas katalon"): Text 'pruebas katalon' is set on object 'Object Repository/Modulo Pruebas Planta de Personal/Crear_descripción_del_cargo(Puesto_trabajo_multiple)/textarea__descripcionCargo_formj_idt7274idTexto5'

2022-04-04 15:32:07 - [MESSAGE][PASSED] - Text 'pruebas katalon' is set on object 'Object Repository/Modulo Pruebas Planta de Personal/Crear_descripción_del_cargo(Puesto_trabajo_multiple)/textarea__descripcionCargo_formj_idt7274idTexto5'

2022-04-04 15:32:07 - [TEST_STEP][PASSED] - setText(findTestObject("Modulo Pruebas Planta de Personal/Crear_descripción_del_cargo(Puesto_trabajo_multiple)/textarea__descripcionCargo_formj_idt7276idTexto5"), "pruebas katalon"): Text 'pruebas katalon' is set on object 'Object Repository/Modulo Pruebas Planta de Personal/Crear_descripción_del_cargo(Puesto_trabajo_multiple)/textarea__descripcionCargo_formj_idt7276idTexto5'

2022-04-04 15:32:08 - [MESSAGE][PASSED] - Text 'pruebas katalon' is set on object 'Object Repository/Modulo Pruebas Planta de Personal/Crear_descripción_del_cargo(Puesto_trabajo_multiple)/textarea__descripcionCargo_formj_idt7276idTexto5'

2022-04-04 15:32:08 - [TEST_STEP][PASSED] - setText(findTestObject("Modulo Pruebas Planta de Personal/Crear_descripción_del_cargo(Puesto_trabajo_multiple)/textarea__descripcionCargo_formj_idt7277idTexto5"), "pruebas katalon"): Text 'pruebas katalon' is set on object 'Object Repository/Modulo Pruebas Planta de Personal/Crear_descripción_del_cargo(Puesto_trabajo_multiple)/textarea__descripcionCargo_formj_idt7277idTexto5'

2022-04-04 15:32:09 - [MESSAGE][PASSED] - Text 'pruebas katalon' is set on object 'Object Repository/Modulo Pruebas Planta de Personal/Crear_descripción_del_cargo(Puesto_trabajo_multiple)/textarea__descripcionCargo_formj_idt7277idTexto5'

2022-04-04 15:32:09 - [TEST_STEP][PASSED] - click(findTestObject("Modulo Pruebas Planta de Personal/Crear_descripción_del_cargo(Puesto_trabajo_multiple)/a_Guardar")): Object: 'Object Repository/Modulo Pruebas Planta de Personal/Crear_descripción_del_cargo(Puesto_trabajo_multiple)/a_Guardar' is clicked on

2022-04-04 15:32:09 - [MESSAGE][PASSED] - Object: 'Object Repository/Modulo Pruebas Planta de Personal/Crear_descripción_del_cargo(Puesto_trabajo_multiple)/a_Guardar' is clicked on

2022-04-04 15:32:09 - [TEST_STEP][PASSED] - if (waitForElementVisible(findTestObject("Modulo Pruebas Planta de Personal/Crear_descripción_del_cargo(Puesto_trabajo_multiple)/a_Definir_Perfil"), 1)): Web element with id: 'Object Repository/Modulo Pruebas Planta de Personal/Crear_descripción_del_cargo(Puesto_trabajo_multiple)/a_Definir_Perfil' located by '//a[contains(text(),'Definir Perfil')]' not found

2022-04-04 15:32:11 - [MESSAGE][INFO] - Unable to find the element located by 'By.xpath: //a[contains(text(),'Definir Perfil')]'. Please recheck the objects properties to make sure the desired element is located. 

2022-04-04 15:32:11 - [MESSAGE][WARNING] - Web element with id: 'Object Repository/Modulo Pruebas Planta de Personal/Crear_descripción_del_cargo(Puesto_trabajo_multiple)/a_Definir_Perfil' located by '//a[contains(text(),'Definir Perfil')]' not found]]></system-out>
         <system-err><![CDATA[]]></system-err>
      </testcase>
      <testcase name="Test Cases/1.2-Tareas_Secundarias/A.2-Pruebas_planta_personal/12.2.4-Copiar_perfil_(Puesto_de_Trabajo)" time="73.353" classname="Test Cases/1.2-Tareas_Secundarias/A.2-Pruebas_planta_personal/12.2.4-Copiar_perfil_(Puesto_de_Trabajo)" status="FAILED">
         <failure type="FAILED" message="Test Cases/1.2-Tareas_Secundarias/A.2-Pruebas_planta_personal/12.2.4-Copiar_perfil_(Puesto_de_Trabajo) FAILED.
Reason:
com.kms.katalon.core.exception.StepFailedException: Unable to click on object 'Object Repository/Modulo Pruebas Planta de Personal/Copiar_perfil_(Puesto_de_Trabajo)/span_40 MIL STAFF'
	at com.kms.katalon.core.webui.keyword.internal.WebUIKeywordMain.stepFailed(WebUIKeywordMain.groovy:64)
	at com.kms.katalon.core.webui.keyword.internal.WebUIKeywordMain.runKeyword(WebUIKeywordMain.groovy:26)
	at com.kms.katalon.core.webui.keyword.builtin.ClickKeyword.click(ClickKeyword.groovy:74)
	at com.kms.katalon.core.webui.keyword.builtin.ClickKeyword.execute(ClickKeyword.groovy:40)
	at com.kms.katalon.core.keyword.internal.KeywordExecutor.executeKeywordForPlatform(KeywordExecutor.groovy:74)
	at com.kms.katalon.core.webui.keyword.WebUiBuiltInKeywords.click(WebUiBuiltInKeywords.groovy:620)
	at com.kms.katalon.core.webui.keyword.WebUiBuiltInKeywords$click$5.call(Unknown Source)
	at 12.2.4-Copiar_perfil_(Puesto_de_Trabajo).run(12.2.4-Copiar_perfil_(Puesto_de_Trabajo):48)
	at com.kms.katalon.core.main.ScriptEngine.run(ScriptEngine.java:194)
	at com.kms.katalon.core.main.ScriptEngine.runScriptAsRawText(ScriptEngine.java:119)
	at com.kms.katalon.core.main.TestCaseExecutor.runScript(TestCaseExecutor.java:442)
	at com.kms.katalon.core.main.TestCaseExecutor.doExecute(TestCaseExecutor.java:433)
	at com.kms.katalon.core.main.TestCaseExecutor.processExecutionPhase(TestCaseExecutor.java:412)
	at com.kms.katalon.core.main.TestCaseExecutor.accessMainPhase(TestCaseExecutor.java:404)
	at com.kms.katalon.core.main.TestCaseExecutor.execute(TestCaseExecutor.java:281)
	at com.kms.katalon.core.main.TestSuiteExecutor.accessTestCaseMainPhase(TestSuiteExecutor.java:202)
	at com.kms.katalon.core.main.TestSuiteExecutor.accessTestSuiteMainPhase(TestSuiteExecutor.java:164)
	at com.kms.katalon.core.main.TestSuiteExecutor.execute(TestSuiteExecutor.java:105)
	at com.kms.katalon.core.main.TestCaseMain.startTestSuite(TestCaseMain.java:185)
	at com.kms.katalon.core.main.TestCaseMain$startTestSuite$0.call(Unknown Source)
	at TempTestSuite1649104047901.run(TempTestSuite1649104047901.groovy:36)
Caused by: com.kms.katalon.core.webui.exception.WebElementNotFoundException: Web element with id: 'Object Repository/Modulo Pruebas Planta de Personal/Copiar_perfil_(Puesto_de_Trabajo)/span_40 MIL STAFF' located by '//*/text()[normalize-space(.)='40 MIL STAFF']/parent::*' not found
	at com.kms.katalon.core.webui.common.WebUiCommonHelper.findWebElement(WebUiCommonHelper.java:1370)
	at com.kms.katalon.core.webui.keyword.internal.WebUIAbstractKeyword.findWebElement(WebUIAbstractKeyword.groovy:27)
	at com.kms.katalon.core.webui.keyword.builtin.ClickKeyword$_click_closure1.doCall(ClickKeyword.groovy:65)
	at com.kms.katalon.core.webui.keyword.builtin.ClickKeyword$_click_closure1.call(ClickKeyword.groovy)
	at com.kms.katalon.core.webui.keyword.internal.WebUIKeywordMain.runKeyword(WebUIKeywordMain.groovy:20)
	... 19 more
"/>
         <system-out><![CDATA[2022-04-04 15:32:11 - [TEST_CASE][FAILED] - Test Cases/1.2-Tareas_Secundarias/A.2-Pruebas_planta_personal/12.2.4-Copiar_perfil_(Puesto_de_Trabajo): Test Cases/1.2-Tareas_Secundarias/A.2-Pruebas_planta_personal/12.2.4-Copiar_perfil_(Puesto_de_Trabajo) FAILED.
Reason:
com.kms.katalon.core.exception.StepFailedException: Unable to click on object 'Object Repository/Modulo Pruebas Planta de Personal/Copiar_perfil_(Puesto_de_Trabajo)/span_40 MIL STAFF'
	at com.kms.katalon.core.webui.keyword.internal.WebUIKeywordMain.stepFailed(WebUIKeywordMain.groovy:64)
	at com.kms.katalon.core.webui.keyword.internal.WebUIKeywordMain.runKeyword(WebUIKeywordMain.groovy:26)
	at com.kms.katalon.core.webui.keyword.builtin.ClickKeyword.click(ClickKeyword.groovy:74)
	at com.kms.katalon.core.webui.keyword.builtin.ClickKeyword.execute(ClickKeyword.groovy:40)
	at com.kms.katalon.core.keyword.internal.KeywordExecutor.executeKeywordForPlatform(KeywordExecutor.groovy:74)
	at com.kms.katalon.core.webui.keyword.WebUiBuiltInKeywords.click(WebUiBuiltInKeywords.groovy:620)
	at com.kms.katalon.core.webui.keyword.WebUiBuiltInKeywords$click$5.call(Unknown Source)
	at 12.2.4-Copiar_perfil_(Puesto_de_Trabajo).run(12.2.4-Copiar_perfil_(Puesto_de_Trabajo):48)
	at com.kms.katalon.core.main.ScriptEngine.run(ScriptEngine.java:194)
	at com.kms.katalon.core.main.ScriptEngine.runScriptAsRawText(ScriptEngine.java:119)
	at com.kms.katalon.core.main.TestCaseExecutor.runScript(TestCaseExecutor.java:442)
	at com.kms.katalon.core.main.TestCaseExecutor.doExecute(TestCaseExecutor.java:433)
	at com.kms.katalon.core.main.TestCaseExecutor.processExecutionPhase(TestCaseExecutor.java:412)
	at com.kms.katalon.core.main.TestCaseExecutor.accessMainPhase(TestCaseExecutor.java:404)
	at com.kms.katalon.core.main.TestCaseExecutor.execute(TestCaseExecutor.java:281)
	at com.kms.katalon.core.main.TestSuiteExecutor.accessTestCaseMainPhase(TestSuiteExecutor.java:202)
	at com.kms.katalon.core.main.TestSuiteExecutor.accessTestSuiteMainPhase(TestSuiteExecutor.java:164)
	at com.kms.katalon.core.main.TestSuiteExecutor.execute(TestSuiteExecutor.java:105)
	at com.kms.katalon.core.main.TestCaseMain.startTestSuite(TestCaseMain.java:185)
	at com.kms.katalon.core.main.TestCaseMain$startTestSuite$0.call(Unknown Source)
	at TempTestSuite1649104047901.run(TempTestSuite1649104047901.groovy:36)
Caused by: com.kms.katalon.core.webui.exception.WebElementNotFoundException: Web element with id: 'Object Repository/Modulo Pruebas Planta de Personal/Copiar_perfil_(Puesto_de_Trabajo)/span_40 MIL STAFF' located by '//*/text()[normalize-space(.)='40 MIL STAFF']/parent::*' not found
	at com.kms.katalon.core.webui.common.WebUiCommonHelper.findWebElement(WebUiCommonHelper.java:1370)
	at com.kms.katalon.core.webui.keyword.internal.WebUIAbstractKeyword.findWebElement(WebUIAbstractKeyword.groovy:27)
	at com.kms.katalon.core.webui.keyword.builtin.ClickKeyword$_click_closure1.doCall(ClickKeyword.groovy:65)
	at com.kms.katalon.core.webui.keyword.builtin.ClickKeyword$_click_closure1.call(ClickKeyword.groovy)
	at com.kms.katalon.core.webui.keyword.internal.WebUIKeywordMain.runKeyword(WebUIKeywordMain.groovy:20)
	... 19 more


2022-04-04 15:32:12 - [TEST_STEP][PASSED] - callTestCase(findTestCase("1.2-Tareas_Secundarias/A.2-Pruebas_planta_personal/12.1.6-Buscar_puesto_de_trabajo"), [:], STOP_ON_FAILURE): Call Test Case 'Test Cases/1.2-Tareas_Secundarias/A.2-Pruebas_planta_personal/12.1.6-Buscar_puesto_de_trabajo' successfully

2022-04-04 15:32:12 - [TEST_CASE][PASSED] - Test Cases/1.2-Tareas_Secundarias/A.2-Pruebas_planta_personal/12.1.6-Buscar_puesto_de_trabajo: Test Cases/1.2-Tareas_Secundarias/A.2-Pruebas_planta_personal/12.1.6-Buscar_puesto_de_trabajo

2022-04-04 15:32:12 - [TEST_STEP][PASSED] - callTestCase(findTestCase("0.1-Login"), [:], STOP_ON_FAILURE): Call Test Case 'Test Cases/0.1-Login' successfully

2022-04-04 15:32:12 - [TEST_CASE][PASSED] - Test Cases/0.1-Login: Test Cases/0.1-Login

2022-04-04 15:32:12 - [TEST_STEP][PASSED] - openBrowser(""): Browser is opened with url: ''

2022-04-04 15:32:12 - [MESSAGE][WARNING] - A browser is already opened. Closing browser and opening a new one

2022-04-04 15:32:13 - [MESSAGE][INFO] - Starting 'Chrome' driver

2022-04-04 15:32:13 - [MESSAGE][INFO] - Action delay is set to 0 milliseconds

2022-04-04 15:32:14 - [MESSAGE][PASSED] - Browser is opened with url: ''

2022-04-04 15:32:14 - [TEST_STEP][PASSED] - maximizeWindow(): Current window maximized

2022-04-04 15:32:14 - [MESSAGE][PASSED] - Current window maximized

2022-04-04 15:32:14 - [TEST_STEP][PASSED] - i = G_Login: null

2022-04-04 15:32:14 - [TEST_STEP][PASSED] - url = new java.net.URL(i): null

2022-04-04 15:32:14 - [TEST_STEP][PASSED] - println("URL: " + url.toString()): null

2022-04-04 15:32:14 - [TEST_STEP][PASSED] - connection = url.openConnection(): null

2022-04-04 15:32:14 - [TEST_STEP][PASSED] - connection.setRequestMethod("GET"): null

2022-04-04 15:32:14 - [TEST_STEP][PASSED] - connection.setReadTimeout(2 * 1000): null

2022-04-04 15:32:14 - [TEST_STEP][PASSED] - try: null

2022-04-04 15:32:14 - [TEST_STEP][PASSED] - connection.connect(): null

2022-04-04 15:32:14 - [TEST_STEP][PASSED] - flag = connected: null

2022-04-04 15:32:14 - [TEST_STEP][PASSED] - println("Valor_ori: " + flag): null

2022-04-04 15:32:14 - [TEST_STEP][PASSED] - if (flag): null

2022-04-04 15:32:14 - [TEST_STEP][PASSED] - navigateToUrl(i): Navigate to 'http://192.168.2.19:8380/saraweb' successfully

2022-04-04 15:32:14 - [MESSAGE][PASSED] - Navigate to 'http://192.168.2.19:8380/saraweb' successfully

2022-04-04 15:32:14 - [TEST_STEP][PASSED] - a(): null

2022-04-04 15:32:14 - [TEST_STEP][PASSED] - setText(findTestObject("Login/input_USUARIO_loginusuario"), G_Usuario): Text 'saraadmin' is set on object 'Object Repository/Login/input_USUARIO_loginusuario'

2022-04-04 15:32:15 - [MESSAGE][PASSED] - Text 'saraadmin' is set on object 'Object Repository/Login/input_USUARIO_loginusuario'

2022-04-04 15:32:15 - [TEST_STEP][PASSED] - setEncryptedText(findTestObject("Login/input_CLAVE_loginpassword"), "MkG4/TYiCFC3cb2driP7+Q=="): Text ****** has been set on object 'Object Repository/Login/input_CLAVE_loginpassword'

2022-04-04 15:32:16 - [MESSAGE][PASSED] - Text ****** has been set on object 'Object Repository/Login/input_CLAVE_loginpassword'

2022-04-04 15:32:16 - [TEST_STEP][PASSED] - waitForElementClickable(findTestObject("Login/a_Ingresar"), G_TimeOut): Object 'Object Repository/Login/a_Ingresar' is clickable

2022-04-04 15:32:16 - [MESSAGE][PASSED] - Object 'Object Repository/Login/a_Ingresar' is clickable

2022-04-04 15:32:16 - [TEST_STEP][PASSED] - click(findTestObject("Login/a_Ingresar")): Object: 'Object Repository/Login/a_Ingresar' is clicked on

2022-04-04 15:32:18 - [MESSAGE][PASSED] - Object: 'Object Repository/Login/a_Ingresar' is clicked on

2022-04-04 15:32:18 - [TEST_STEP][PASSED] - element = findWebElement(findTestObject("Login/a_Ir"), 30): null

2022-04-04 15:32:18 - [TEST_STEP][PASSED] - executeJavaScript("arguments[0].click()", Arrays.asList(element)): Execute JavaScript 'arguments[0].click()' successfully

2022-04-04 15:32:18 - [MESSAGE][PASSED] - Execute JavaScript 'arguments[0].click()' successfully

2022-04-04 15:32:18 - [MESSAGE][PASSED] - Call Test Case 'Test Cases/0.1-Login' successfully

2022-04-04 15:32:18 - [TEST_STEP][PASSED] - setText(findTestObject("input_Empresa 1_form_templatej_idt24_input"), "planta personal (tal)"): Text 'planta personal (tal)' is set on object 'Object Repository/input_Empresa 1_form_templatej_idt24_input'

2022-04-04 15:32:19 - [MESSAGE][PASSED] - Text 'planta personal (tal)' is set on object 'Object Repository/input_Empresa 1_form_templatej_idt24_input'

2022-04-04 15:32:19 - [TEST_STEP][PASSED] - click(findTestObject("Modulo Pruebas Planta de Personal/Buscar_puesto_de_trabajo/span_Planta Personal (ta")): Object: 'Object Repository/Modulo Pruebas Planta de Personal/Buscar_puesto_de_trabajo/span_Planta Personal (ta' is clicked on

2022-04-04 15:32:21 - [MESSAGE][PASSED] - Object: 'Object Repository/Modulo Pruebas Planta de Personal/Buscar_puesto_de_trabajo/span_Planta Personal (ta' is clicked on

2022-04-04 15:32:21 - [TEST_STEP][PASSED] - click(findTestObject("Modulo Pruebas Planta de Personal/Buscar_puesto_de_trabajo/a_Actos Administrativos_organigramabuscar")): Object: 'Object Repository/Modulo Pruebas Planta de Personal/Buscar_puesto_de_trabajo/a_Actos Administrativos_organigramabuscar' is clicked on

2022-04-04 15:32:22 - [MESSAGE][PASSED] - Object: 'Object Repository/Modulo Pruebas Planta de Personal/Buscar_puesto_de_trabajo/a_Actos Administrativos_organigramabuscar' is clicked on

2022-04-04 15:32:22 - [TEST_STEP][PASSED] - selectOptionByIndex(findTestObject("Modulo Pruebas Planta de Personal/Buscar_puesto_de_trabajo/select_--Seleccione--EmpleadoPuesto"), 2): All options with index in [2] are selected on object 'Object Repository/Modulo Pruebas Planta de Personal/Buscar_puesto_de_trabajo/select_--Seleccione--EmpleadoPuesto'

2022-04-04 15:32:23 - [MESSAGE][PASSED] - All options with index in [2] are selected on object 'Object Repository/Modulo Pruebas Planta de Personal/Buscar_puesto_de_trabajo/select_--Seleccione--EmpleadoPuesto'

2022-04-04 15:32:23 - [TEST_STEP][PASSED] - click(findTestObject("Modulo Pruebas Planta de Personal/Buscar_puesto_de_trabajo/a_Cargo_popupBusquedaPlantaj_idt279")): Object: 'Object Repository/Modulo Pruebas Planta de Personal/Buscar_puesto_de_trabajo/a_Cargo_popupBusquedaPlantaj_idt279' is clicked on

2022-04-04 15:32:24 - [MESSAGE][PASSED] - Object: 'Object Repository/Modulo Pruebas Planta de Personal/Buscar_puesto_de_trabajo/a_Cargo_popupBusquedaPlantaj_idt279' is clicked on

2022-04-04 15:32:24 - [TEST_STEP][PASSED] - click(findTestObject("Modulo Pruebas Planta de Personal/Buscar_puesto_de_trabajo/a_Unidad Organizacional_popupBusquedaPlantaj_idt274")): Object: 'Object Repository/Modulo Pruebas Planta de Personal/Buscar_puesto_de_trabajo/a_Unidad Organizacional_popupBusquedaPlantaj_idt274' is clicked on

2022-04-04 15:32:24 - [MESSAGE][PASSED] - Object: 'Object Repository/Modulo Pruebas Planta de Personal/Buscar_puesto_de_trabajo/a_Unidad Organizacional_popupBusquedaPlantaj_idt274' is clicked on

2022-04-04 15:32:24 - [TEST_STEP][PASSED] - setText(findTestObject("Modulo Pruebas Planta de Personal/Buscar_puesto_de_trabajo/input_Unidad_form_popupUnidadUsuarioj_idt880"), "administracion"): Text 'administracion' is set on object 'Object Repository/Modulo Pruebas Planta de Personal/Buscar_puesto_de_trabajo/input_Unidad_form_popupUnidadUsuarioj_idt880'

2022-04-04 15:32:26 - [MESSAGE][PASSED] - Text 'administracion' is set on object 'Object Repository/Modulo Pruebas Planta de Personal/Buscar_puesto_de_trabajo/input_Unidad_form_popupUnidadUsuarioj_idt880'

2022-04-04 15:32:26 - [TEST_STEP][PASSED] - sendKeys(findTestObject("Modulo Pruebas Planta de Personal/Buscar_puesto_de_trabajo/input_Unidad_form_popupUnidadUsuarioj_idt880"), Keys.chord(ENTER)): Keys 'ENTER + ' sent to object: 'Object Repository/Modulo Pruebas Planta de Personal/Buscar_puesto_de_trabajo/input_Unidad_form_popupUnidadUsuarioj_idt880'

2022-04-04 15:32:26 - [MESSAGE][PASSED] - Keys 'ENTER + ' sent to object: 'Object Repository/Modulo Pruebas Planta de Personal/Buscar_puesto_de_trabajo/input_Unidad_form_popupUnidadUsuarioj_idt880'

2022-04-04 15:32:26 - [TEST_STEP][PASSED] - click(findTestObject("Modulo Pruebas Planta de Personal/Buscar_puesto_de_trabajo/span_ADMINISTRACION")): Object: 'Object Repository/Modulo Pruebas Planta de Personal/Buscar_puesto_de_trabajo/span_ADMINISTRACION' is clicked on

2022-04-04 15:32:27 - [MESSAGE][PASSED] - Object: 'Object Repository/Modulo Pruebas Planta de Personal/Buscar_puesto_de_trabajo/span_ADMINISTRACION' is clicked on

2022-04-04 15:32:27 - [TEST_STEP][PASSED] - click(findTestObject("Modulo Pruebas Planta de Personal/Buscar_puesto_de_trabajo/a_Cargo_popupBusquedaPlantaj_idt2790")): Object: 'Object Repository/Modulo Pruebas Planta de Personal/Buscar_puesto_de_trabajo/a_Cargo_popupBusquedaPlantaj_idt2790' is clicked on

2022-04-04 15:32:27 - [MESSAGE][PASSED] - Object: 'Object Repository/Modulo Pruebas Planta de Personal/Buscar_puesto_de_trabajo/a_Cargo_popupBusquedaPlantaj_idt2790' is clicked on

2022-04-04 15:32:27 - [TEST_STEP][PASSED] - click(findTestObject("Modulo Pruebas Planta de Personal/Buscar_puesto_de_trabajo/span_ABOGADO")): Object: 'Object Repository/Modulo Pruebas Planta de Personal/Buscar_puesto_de_trabajo/span_ABOGADO' is clicked on

2022-04-04 15:32:28 - [MESSAGE][PASSED] - Object: 'Object Repository/Modulo Pruebas Planta de Personal/Buscar_puesto_de_trabajo/span_ABOGADO' is clicked on

2022-04-04 15:32:28 - [TEST_STEP][PASSED] - click(findTestObject("Modulo Pruebas Planta de Personal/Buscar_puesto_de_trabajo/span_20139    - Abogado")): Object: 'Object Repository/Modulo Pruebas Planta de Personal/Buscar_puesto_de_trabajo/span_20139    - Abogado' is clicked on

2022-04-04 15:32:29 - [MESSAGE][PASSED] - Object: 'Object Repository/Modulo Pruebas Planta de Personal/Buscar_puesto_de_trabajo/span_20139    - Abogado' is clicked on

2022-04-04 15:32:29 - [TEST_STEP][PASSED] - scrollToElement(findTestObject("Modulo Pruebas Planta de Personal/Buscar_puesto_de_trabajo/span_10308"), 0): Scroll to object 'Object Repository/Modulo Pruebas Planta de Personal/Buscar_puesto_de_trabajo/span_10308' successfully

2022-04-04 15:32:29 - [MESSAGE][WARNING] - Timeout '0' is invalid. Using default page load timeout: '45'

2022-04-04 15:32:30 - [MESSAGE][PASSED] - Scroll to object 'Object Repository/Modulo Pruebas Planta de Personal/Buscar_puesto_de_trabajo/span_10308' successfully

2022-04-04 15:32:30 - [MESSAGE][PASSED] - Call Test Case 'Test Cases/1.2-Tareas_Secundarias/A.2-Pruebas_planta_personal/12.1.6-Buscar_puesto_de_trabajo' successfully

2022-04-04 15:32:30 - [TEST_STEP][PASSED] - click(findTestObject("Modulo Pruebas Planta de Personal/Copiar_perfil_(Puesto_de_Trabajo)/span_20145    - 40 Mil Staff")): Object: 'Object Repository/Modulo Pruebas Planta de Personal/Copiar_perfil_(Puesto_de_Trabajo)/span_20145    - 40 Mil Staff' is clicked on

2022-04-04 15:32:30 - [MESSAGE][PASSED] - Object: 'Object Repository/Modulo Pruebas Planta de Personal/Copiar_perfil_(Puesto_de_Trabajo)/span_20145    - 40 Mil Staff' is clicked on

2022-04-04 15:32:30 - [TEST_STEP][PASSED] - scrollToElement(findTestObject("Modulo Pruebas Planta de Personal/Copiar_perfil_(Puesto_de_Trabajo)/div_Salgado . Paula 40 Mil Staff"), 0): Scroll to object 'Object Repository/Modulo Pruebas Planta de Personal/Copiar_perfil_(Puesto_de_Trabajo)/div_Salgado . Paula 40 Mil Staff' successfully

2022-04-04 15:32:30 - [MESSAGE][WARNING] - Timeout '0' is invalid. Using default page load timeout: '45'

2022-04-04 15:32:31 - [MESSAGE][PASSED] - Scroll to object 'Object Repository/Modulo Pruebas Planta de Personal/Copiar_perfil_(Puesto_de_Trabajo)/div_Salgado . Paula 40 Mil Staff' successfully

2022-04-04 15:32:31 - [TEST_STEP][PASSED] - click(findTestObject("Modulo Pruebas Planta de Personal/Copiar_perfil_(Puesto_de_Trabajo)/a_Salgado . Paula_organigramaj_idt111")): Object: 'Object Repository/Modulo Pruebas Planta de Personal/Copiar_perfil_(Puesto_de_Trabajo)/a_Salgado . Paula_organigramaj_idt111' is clicked on

2022-04-04 15:32:32 - [MESSAGE][PASSED] - Object: 'Object Repository/Modulo Pruebas Planta de Personal/Copiar_perfil_(Puesto_de_Trabajo)/a_Salgado . Paula_organigramaj_idt111' is clicked on

2022-04-04 15:32:32 - [TEST_STEP][PASSED] - if (waitForElementVisible(findTestObject("Modulo Pruebas Planta de Personal/Copiar_perfil_(Puesto_de_Trabajo)/a_Aceptar"), 1)): Web element with id: 'Object Repository/Modulo Pruebas Planta de Personal/Copiar_perfil_(Puesto_de_Trabajo)/a_Aceptar' located by '//a[contains(text(),'Aceptar')]' not found

2022-04-04 15:32:34 - [MESSAGE][INFO] - Unable to find the element located by 'By.xpath: //a[contains(text(),'Aceptar')]'. Please recheck the objects properties to make sure the desired element is located. 

2022-04-04 15:32:34 - [MESSAGE][WARNING] - Web element with id: 'Object Repository/Modulo Pruebas Planta de Personal/Copiar_perfil_(Puesto_de_Trabajo)/a_Aceptar' located by '//a[contains(text(),'Aceptar')]' not found

2022-04-04 15:32:34 - [TEST_STEP][PASSED] - click(findTestObject("Modulo Pruebas Planta de Personal/Copiar_perfil_(Puesto_de_Trabajo)/a_Copiar Perfil")): Object: 'Object Repository/Modulo Pruebas Planta de Personal/Copiar_perfil_(Puesto_de_Trabajo)/a_Copiar Perfil' is clicked on

2022-04-04 15:32:34 - [MESSAGE][PASSED] - Object: 'Object Repository/Modulo Pruebas Planta de Personal/Copiar_perfil_(Puesto_de_Trabajo)/a_Copiar Perfil' is clicked on

2022-04-04 15:32:34 - [TEST_STEP][PASSED] - click(findTestObject("Modulo Pruebas Planta de Personal/Copiar_perfil_(Puesto_de_Trabajo)/a_Unidad Organizacional_popupCopiarPerfilj_idt2011")): Object: 'Object Repository/Modulo Pruebas Planta de Personal/Copiar_perfil_(Puesto_de_Trabajo)/a_Unidad Organizacional_popupCopiarPerfilj_idt2011' is clicked on

2022-04-04 15:32:35 - [MESSAGE][PASSED] - Object: 'Object Repository/Modulo Pruebas Planta de Personal/Copiar_perfil_(Puesto_de_Trabajo)/a_Unidad Organizacional_popupCopiarPerfilj_idt2011' is clicked on

2022-04-04 15:32:35 - [TEST_STEP][PASSED] - setText(findTestObject("Modulo Pruebas Planta de Personal/Copiar_perfil_(Puesto_de_Trabajo)/input_Unidad Organizacional_formPopUpUnidaddescripciones"), "administracion"): Text 'administracion' is set on object 'Object Repository/Modulo Pruebas Planta de Personal/Copiar_perfil_(Puesto_de_Trabajo)/input_Unidad Organizacional_formPopUpUnidaddescripciones'

2022-04-04 15:32:36 - [MESSAGE][PASSED] - Text 'administracion' is set on object 'Object Repository/Modulo Pruebas Planta de Personal/Copiar_perfil_(Puesto_de_Trabajo)/input_Unidad Organizacional_formPopUpUnidaddescripciones'

2022-04-04 15:32:36 - [TEST_STEP][PASSED] - sendKeys(findTestObject("Modulo Pruebas Planta de Personal/Copiar_perfil_(Puesto_de_Trabajo)/input_Unidad Organizacional_formPopUpUnidaddescripciones"), Keys.chord(ENTER)): Keys 'ENTER + ' sent to object: 'Object Repository/Modulo Pruebas Planta de Personal/Copiar_perfil_(Puesto_de_Trabajo)/input_Unidad Organizacional_formPopUpUnidaddescripciones'

2022-04-04 15:32:37 - [MESSAGE][PASSED] - Keys 'ENTER + ' sent to object: 'Object Repository/Modulo Pruebas Planta de Personal/Copiar_perfil_(Puesto_de_Trabajo)/input_Unidad Organizacional_formPopUpUnidaddescripciones'

2022-04-04 15:32:37 - [TEST_STEP][PASSED] - click(findTestObject("Modulo Pruebas Planta de Personal/Copiar_perfil_(Puesto_de_Trabajo)/span_ADMINISTRACION")): Object: 'Object Repository/Modulo Pruebas Planta de Personal/Copiar_perfil_(Puesto_de_Trabajo)/span_ADMINISTRACION' is clicked on

2022-04-04 15:32:38 - [MESSAGE][PASSED] - Object: 'Object Repository/Modulo Pruebas Planta de Personal/Copiar_perfil_(Puesto_de_Trabajo)/span_ADMINISTRACION' is clicked on

2022-04-04 15:32:38 - [TEST_STEP][PASSED] - click(findTestObject("Modulo Pruebas Planta de Personal/Copiar_perfil_(Puesto_de_Trabajo)/a_Cargo_popupCopiarPerfilj_idt2016")): Object: 'Object Repository/Modulo Pruebas Planta de Personal/Copiar_perfil_(Puesto_de_Trabajo)/a_Cargo_popupCopiarPerfilj_idt2016' is clicked on

2022-04-04 15:32:38 - [MESSAGE][PASSED] - Object: 'Object Repository/Modulo Pruebas Planta de Personal/Copiar_perfil_(Puesto_de_Trabajo)/a_Cargo_popupCopiarPerfilj_idt2016' is clicked on

2022-04-04 15:32:38 - [TEST_STEP][FAILED] - click(findTestObject("Modulo Pruebas Planta de Personal/Copiar_perfil_(Puesto_de_Trabajo)/span_40 MIL STAFF")): Unable to click on object 'Object Repository/Modulo Pruebas Planta de Personal/Copiar_perfil_(Puesto_de_Trabajo)/span_40 MIL STAFF' (Root cause: com.kms.katalon.core.exception.StepFailedException: Unable to click on object 'Object Repository/Modulo Pruebas Planta de Personal/Copiar_perfil_(Puesto_de_Trabajo)/span_40 MIL STAFF'
	at com.kms.katalon.core.webui.keyword.internal.WebUIKeywordMain.stepFailed(WebUIKeywordMain.groovy:64)
	at com.kms.katalon.core.webui.keyword.internal.WebUIKeywordMain.runKeyword(WebUIKeywordMain.groovy:26)
	at com.kms.katalon.core.webui.keyword.builtin.ClickKeyword.click(ClickKeyword.groovy:74)
	at com.kms.katalon.core.webui.keyword.builtin.ClickKeyword.execute(ClickKeyword.groovy:40)
	at com.kms.katalon.core.keyword.internal.KeywordExecutor.executeKeywordForPlatform(KeywordExecutor.groovy:74)
	at com.kms.katalon.core.webui.keyword.WebUiBuiltInKeywords.click(WebUiBuiltInKeywords.groovy:620)
	at com.kms.katalon.core.webui.keyword.WebUiBuiltInKeywords$click$5.call(Unknown Source)
	at 12.2.4-Copiar_perfil_(Puesto_de_Trabajo).run(12.2.4-Copiar_perfil_(Puesto_de_Trabajo):48)
	at com.kms.katalon.core.main.ScriptEngine.run(ScriptEngine.java:194)
	at com.kms.katalon.core.main.ScriptEngine.runScriptAsRawText(ScriptEngine.java:119)
	at com.kms.katalon.core.main.TestCaseExecutor.runScript(TestCaseExecutor.java:442)
	at com.kms.katalon.core.main.TestCaseExecutor.doExecute(TestCaseExecutor.java:433)
	at com.kms.katalon.core.main.TestCaseExecutor.processExecutionPhase(TestCaseExecutor.java:412)
	at com.kms.katalon.core.main.TestCaseExecutor.accessMainPhase(TestCaseExecutor.java:404)
	at com.kms.katalon.core.main.TestCaseExecutor.execute(TestCaseExecutor.java:281)
	at com.kms.katalon.core.main.TestSuiteExecutor.accessTestCaseMainPhase(TestSuiteExecutor.java:202)
	at com.kms.katalon.core.main.TestSuiteExecutor.accessTestSuiteMainPhase(TestSuiteExecutor.java:164)
	at com.kms.katalon.core.main.TestSuiteExecutor.execute(TestSuiteExecutor.java:105)
	at com.kms.katalon.core.main.TestCaseMain.startTestSuite(TestCaseMain.java:185)
	at com.kms.katalon.core.main.TestCaseMain$startTestSuite$0.call(Unknown Source)
	at TempTestSuite1649104047901.run(TempTestSuite1649104047901.groovy:36)
Caused by: com.kms.katalon.core.webui.exception.WebElementNotFoundException: Web element with id: 'Object Repository/Modulo Pruebas Planta de Personal/Copiar_perfil_(Puesto_de_Trabajo)/span_40 MIL STAFF' located by '//*/text()[normalize-space(.)='40 MIL STAFF']/parent::*' not found
	at com.kms.katalon.core.webui.common.WebUiCommonHelper.findWebElement(WebUiCommonHelper.java:1370)
	at com.kms.katalon.core.webui.keyword.internal.WebUIAbstractKeyword.findWebElement(WebUIAbstractKeyword.groovy:27)
	at com.kms.katalon.core.webui.keyword.builtin.ClickKeyword$_click_closure1.doCall(ClickKeyword.groovy:65)
	at com.kms.katalon.core.webui.keyword.builtin.ClickKeyword$_click_closure1.call(ClickKeyword.groovy)
	at com.kms.katalon.core.webui.keyword.internal.WebUIKeywordMain.runKeyword(WebUIKeywordMain.groovy:20)
	at com.kms.katalon.core.webui.keyword.builtin.ClickKeyword.click(ClickKeyword.groovy:74)
	at com.kms.katalon.core.webui.keyword.builtin.ClickKeyword.execute(ClickKeyword.groovy:40)
	at com.kms.katalon.core.keyword.internal.KeywordExecutor.executeKeywordForPlatform(KeywordExecutor.groovy:74)
	at com.kms.katalon.core.webui.keyword.WebUiBuiltInKeywords.click(WebUiBuiltInKeywords.groovy:620)
	at com.kms.katalon.core.webui.keyword.WebUiBuiltInKeywords$click$5.call(Unknown Source)
	at Script1648474008076.run(Script1648474008076.groovy:48)
	... 13 more
)

2022-04-04 15:33:25 - [MESSAGE][INFO] - Unable to find the element located by 'By.xpath: //*/text()[normalize-space(.)='40 MIL STAFF']/parent::*'. Please recheck the objects properties to make sure the desired element is located. 

2022-04-04 15:33:25 - [MESSAGE][FAILED] - Unable to click on object 'Object Repository/Modulo Pruebas Planta de Personal/Copiar_perfil_(Puesto_de_Trabajo)/span_40 MIL STAFF' (Root cause: com.kms.katalon.core.exception.StepFailedException: Unable to click on object 'Object Repository/Modulo Pruebas Planta de Personal/Copiar_perfil_(Puesto_de_Trabajo)/span_40 MIL STAFF'
	at com.kms.katalon.core.webui.keyword.internal.WebUIKeywordMain.stepFailed(WebUIKeywordMain.groovy:64)
	at com.kms.katalon.core.webui.keyword.internal.WebUIKeywordMain.runKeyword(WebUIKeywordMain.groovy:26)
	at com.kms.katalon.core.webui.keyword.builtin.ClickKeyword.click(ClickKeyword.groovy:74)
	at com.kms.katalon.core.webui.keyword.builtin.ClickKeyword.execute(ClickKeyword.groovy:40)
	at com.kms.katalon.core.keyword.internal.KeywordExecutor.executeKeywordForPlatform(KeywordExecutor.groovy:74)
	at com.kms.katalon.core.webui.keyword.WebUiBuiltInKeywords.click(WebUiBuiltInKeywords.groovy:620)
	at com.kms.katalon.core.webui.keyword.WebUiBuiltInKeywords$click$5.call(Unknown Source)
	at 12.2.4-Copiar_perfil_(Puesto_de_Trabajo).run(12.2.4-Copiar_perfil_(Puesto_de_Trabajo):48)
	at com.kms.katalon.core.main.ScriptEngine.run(ScriptEngine.java:194)
	at com.kms.katalon.core.main.ScriptEngine.runScriptAsRawText(ScriptEngine.java:119)
	at com.kms.katalon.core.main.TestCaseExecutor.runScript(TestCaseExecutor.java:442)
	at com.kms.katalon.core.main.TestCaseExecutor.doExecute(TestCaseExecutor.java:433)
	at com.kms.katalon.core.main.TestCaseExecutor.processExecutionPhase(TestCaseExecutor.java:412)
	at com.kms.katalon.core.main.TestCaseExecutor.accessMainPhase(TestCaseExecutor.java:404)
	at com.kms.katalon.core.main.TestCaseExecutor.execute(TestCaseExecutor.java:281)
	at com.kms.katalon.core.main.TestSuiteExecutor.accessTestCaseMainPhase(TestSuiteExecutor.java:202)
	at com.kms.katalon.core.main.TestSuiteExecutor.accessTestSuiteMainPhase(TestSuiteExecutor.java:164)
	at com.kms.katalon.core.main.TestSuiteExecutor.execute(TestSuiteExecutor.java:105)
	at com.kms.katalon.core.main.TestCaseMain.startTestSuite(TestCaseMain.java:185)
	at com.kms.katalon.core.main.TestCaseMain$startTestSuite$0.call(Unknown Source)
	at TempTestSuite1649104047901.run(TempTestSuite1649104047901.groovy:36)
Caused by: com.kms.katalon.core.webui.exception.WebElementNotFoundException: Web element with id: 'Object Repository/Modulo Pruebas Planta de Personal/Copiar_perfil_(Puesto_de_Trabajo)/span_40 MIL STAFF' located by '//*/text()[normalize-space(.)='40 MIL STAFF']/parent::*' not found
	at com.kms.katalon.core.webui.common.WebUiCommonHelper.findWebElement(WebUiCommonHelper.java:1370)
	at com.kms.katalon.core.webui.keyword.internal.WebUIAbstractKeyword.findWebElement(WebUIAbstractKeyword.groovy:27)
	at com.kms.katalon.core.webui.keyword.builtin.ClickKeyword$_click_closure1.doCall(ClickKeyword.groovy:65)
	at com.kms.katalon.core.webui.keyword.builtin.ClickKeyword$_click_closure1.call(ClickKeyword.groovy)
	at com.kms.katalon.core.webui.keyword.internal.WebUIKeywordMain.runKeyword(WebUIKeywordMain.groovy:20)
	at com.kms.katalon.core.webui.keyword.builtin.ClickKeyword.click(ClickKeyword.groovy:74)
	at com.kms.katalon.core.webui.keyword.builtin.ClickKeyword.execute(ClickKeyword.groovy:40)
	at com.kms.katalon.core.keyword.internal.KeywordExecutor.executeKeywordForPlatform(KeywordExecutor.groovy:74)
	at com.kms.katalon.core.webui.keyword.WebUiBuiltInKeywords.click(WebUiBuiltInKeywords.groovy:620)
	at com.kms.katalon.core.webui.keyword.WebUiBuiltInKeywords$click$5.call(Unknown Source)
	at Script1648474008076.run(Script1648474008076.groovy:48)
	... 13 more
)
[[ATTACHMENT|C:\\Users\\diego.rojas\\git\\Pruebas-Minimas\\Reports\\20220404_152727\\Test_Suite_Secundaria\\A2-Pruebas_Planta_Personal\\20220404_152727\\1649104405140.png]]]]></system-out>
         <system-err><![CDATA[2022-04-04 15:32:11 - [TEST_CASE][FAILED] - Test Cases/1.2-Tareas_Secundarias/A.2-Pruebas_planta_personal/12.2.4-Copiar_perfil_(Puesto_de_Trabajo): Test Cases/1.2-Tareas_Secundarias/A.2-Pruebas_planta_personal/12.2.4-Copiar_perfil_(Puesto_de_Trabajo) FAILED.
Reason:
com.kms.katalon.core.exception.StepFailedException: Unable to click on object 'Object Repository/Modulo Pruebas Planta de Personal/Copiar_perfil_(Puesto_de_Trabajo)/span_40 MIL STAFF'
	at com.kms.katalon.core.webui.keyword.internal.WebUIKeywordMain.stepFailed(WebUIKeywordMain.groovy:64)
	at com.kms.katalon.core.webui.keyword.internal.WebUIKeywordMain.runKeyword(WebUIKeywordMain.groovy:26)
	at com.kms.katalon.core.webui.keyword.builtin.ClickKeyword.click(ClickKeyword.groovy:74)
	at com.kms.katalon.core.webui.keyword.builtin.ClickKeyword.execute(ClickKeyword.groovy:40)
	at com.kms.katalon.core.keyword.internal.KeywordExecutor.executeKeywordForPlatform(KeywordExecutor.groovy:74)
	at com.kms.katalon.core.webui.keyword.WebUiBuiltInKeywords.click(WebUiBuiltInKeywords.groovy:620)
	at com.kms.katalon.core.webui.keyword.WebUiBuiltInKeywords$click$5.call(Unknown Source)
	at 12.2.4-Copiar_perfil_(Puesto_de_Trabajo).run(12.2.4-Copiar_perfil_(Puesto_de_Trabajo):48)
	at com.kms.katalon.core.main.ScriptEngine.run(ScriptEngine.java:194)
	at com.kms.katalon.core.main.ScriptEngine.runScriptAsRawText(ScriptEngine.java:119)
	at com.kms.katalon.core.main.TestCaseExecutor.runScript(TestCaseExecutor.java:442)
	at com.kms.katalon.core.main.TestCaseExecutor.doExecute(TestCaseExecutor.java:433)
	at com.kms.katalon.core.main.TestCaseExecutor.processExecutionPhase(TestCaseExecutor.java:412)
	at com.kms.katalon.core.main.TestCaseExecutor.accessMainPhase(TestCaseExecutor.java:404)
	at com.kms.katalon.core.main.TestCaseExecutor.execute(TestCaseExecutor.java:281)
	at com.kms.katalon.core.main.TestSuiteExecutor.accessTestCaseMainPhase(TestSuiteExecutor.java:202)
	at com.kms.katalon.core.main.TestSuiteExecutor.accessTestSuiteMainPhase(TestSuiteExecutor.java:164)
	at com.kms.katalon.core.main.TestSuiteExecutor.execute(TestSuiteExecutor.java:105)
	at com.kms.katalon.core.main.TestCaseMain.startTestSuite(TestCaseMain.java:185)
	at com.kms.katalon.core.main.TestCaseMain$startTestSuite$0.call(Unknown Source)
	at TempTestSuite1649104047901.run(TempTestSuite1649104047901.groovy:36)
Caused by: com.kms.katalon.core.webui.exception.WebElementNotFoundException: Web element with id: 'Object Repository/Modulo Pruebas Planta de Personal/Copiar_perfil_(Puesto_de_Trabajo)/span_40 MIL STAFF' located by '//*/text()[normalize-space(.)='40 MIL STAFF']/parent::*' not found
	at com.kms.katalon.core.webui.common.WebUiCommonHelper.findWebElement(WebUiCommonHelper.java:1370)
	at com.kms.katalon.core.webui.keyword.internal.WebUIAbstractKeyword.findWebElement(WebUIAbstractKeyword.groovy:27)
	at com.kms.katalon.core.webui.keyword.builtin.ClickKeyword$_click_closure1.doCall(ClickKeyword.groovy:65)
	at com.kms.katalon.core.webui.keyword.builtin.ClickKeyword$_click_closure1.call(ClickKeyword.groovy)
	at com.kms.katalon.core.webui.keyword.internal.WebUIKeywordMain.runKeyword(WebUIKeywordMain.groovy:20)
	... 19 more]]></system-err>
      </testcase>
      <testcase name="Test Cases/1.2-Tareas_Secundarias/A.2-Pruebas_planta_personal/12.2.5-Crear_descripción_del_cargo_(Puesto_Trabajo_Múltiple)" time="24.171" classname="Test Cases/1.2-Tareas_Secundarias/A.2-Pruebas_planta_personal/12.2.5-Crear_descripción_del_cargo_(Puesto_Trabajo_Múltiple)" status="PASSED">
         <system-out><![CDATA[2022-04-04 15:33:25 - [TEST_CASE][PASSED] - Test Cases/1.2-Tareas_Secundarias/A.2-Pruebas_planta_personal/12.2.5-Crear_descripción_del_cargo_(Puesto_Trabajo_Múltiple): Test Cases/1.2-Tareas_Secundarias/A.2-Pruebas_planta_personal/12.2.5-Crear_descripción_del_cargo_(Puesto_Trabajo_Múltiple)

2022-04-04 15:33:25 - [TEST_STEP][PASSED] - callTestCase(findTestCase("1.2-Tareas_Secundarias/A.2-Pruebas_planta_personal/12.2.3-Crear_descripción_del_cargo_(PUESTO_TRABAJO_MULTIPLE)"), [:], STOP_ON_FAILURE): Call Test Case 'Test Cases/1.2-Tareas_Secundarias/A.2-Pruebas_planta_personal/12.2.3-Crear_descripción_del_cargo_(PUESTO_TRABAJO_MULTIPLE)' successfully

2022-04-04 15:33:25 - [TEST_CASE][PASSED] - Test Cases/1.2-Tareas_Secundarias/A.2-Pruebas_planta_personal/12.2.3-Crear_descripción_del_cargo_(PUESTO_TRABAJO_MULTIPLE): Test Cases/1.2-Tareas_Secundarias/A.2-Pruebas_planta_personal/12.2.3-Crear_descripción_del_cargo_(PUESTO_TRABAJO_MULTIPLE)

2022-04-04 15:33:25 - [TEST_STEP][PASSED] - callTestCase(findTestCase("0.1-Login"), [:], STOP_ON_FAILURE): Call Test Case 'Test Cases/0.1-Login' successfully

2022-04-04 15:33:25 - [TEST_CASE][PASSED] - Test Cases/0.1-Login: Test Cases/0.1-Login

2022-04-04 15:33:25 - [TEST_STEP][PASSED] - openBrowser(""): Browser is opened with url: ''

2022-04-04 15:33:25 - [MESSAGE][WARNING] - A browser is already opened. Closing browser and opening a new one

2022-04-04 15:33:26 - [MESSAGE][INFO] - Starting 'Chrome' driver

2022-04-04 15:33:26 - [MESSAGE][INFO] - Action delay is set to 0 milliseconds

2022-04-04 15:33:27 - [MESSAGE][PASSED] - Browser is opened with url: ''

2022-04-04 15:33:27 - [TEST_STEP][PASSED] - maximizeWindow(): Current window maximized

2022-04-04 15:33:27 - [MESSAGE][PASSED] - Current window maximized

2022-04-04 15:33:27 - [TEST_STEP][PASSED] - i = G_Login: null

2022-04-04 15:33:27 - [TEST_STEP][PASSED] - url = new java.net.URL(i): null

2022-04-04 15:33:27 - [TEST_STEP][PASSED] - println("URL: " + url.toString()): null

2022-04-04 15:33:27 - [TEST_STEP][PASSED] - connection = url.openConnection(): null

2022-04-04 15:33:27 - [TEST_STEP][PASSED] - connection.setRequestMethod("GET"): null

2022-04-04 15:33:27 - [TEST_STEP][PASSED] - connection.setReadTimeout(2 * 1000): null

2022-04-04 15:33:27 - [TEST_STEP][PASSED] - try: null

2022-04-04 15:33:27 - [TEST_STEP][PASSED] - connection.connect(): null

2022-04-04 15:33:27 - [TEST_STEP][PASSED] - flag = connected: null

2022-04-04 15:33:27 - [TEST_STEP][PASSED] - println("Valor_ori: " + flag): null

2022-04-04 15:33:27 - [TEST_STEP][PASSED] - if (flag): null

2022-04-04 15:33:27 - [TEST_STEP][PASSED] - navigateToUrl(i): Navigate to 'http://192.168.2.19:8380/saraweb' successfully

2022-04-04 15:33:28 - [MESSAGE][PASSED] - Navigate to 'http://192.168.2.19:8380/saraweb' successfully

2022-04-04 15:33:28 - [TEST_STEP][PASSED] - a(): null

2022-04-04 15:33:28 - [TEST_STEP][PASSED] - setText(findTestObject("Login/input_USUARIO_loginusuario"), G_Usuario): Text 'saraadmin' is set on object 'Object Repository/Login/input_USUARIO_loginusuario'

2022-04-04 15:33:29 - [MESSAGE][PASSED] - Text 'saraadmin' is set on object 'Object Repository/Login/input_USUARIO_loginusuario'

2022-04-04 15:33:29 - [TEST_STEP][PASSED] - setEncryptedText(findTestObject("Login/input_CLAVE_loginpassword"), "MkG4/TYiCFC3cb2driP7+Q=="): Text ****** has been set on object 'Object Repository/Login/input_CLAVE_loginpassword'

2022-04-04 15:33:29 - [MESSAGE][PASSED] - Text ****** has been set on object 'Object Repository/Login/input_CLAVE_loginpassword'

2022-04-04 15:33:29 - [TEST_STEP][PASSED] - waitForElementClickable(findTestObject("Login/a_Ingresar"), G_TimeOut): Object 'Object Repository/Login/a_Ingresar' is clickable

2022-04-04 15:33:30 - [MESSAGE][PASSED] - Object 'Object Repository/Login/a_Ingresar' is clickable

2022-04-04 15:33:30 - [TEST_STEP][PASSED] - click(findTestObject("Login/a_Ingresar")): Object: 'Object Repository/Login/a_Ingresar' is clicked on

2022-04-04 15:33:31 - [MESSAGE][PASSED] - Object: 'Object Repository/Login/a_Ingresar' is clicked on

2022-04-04 15:33:31 - [TEST_STEP][PASSED] - element = findWebElement(findTestObject("Login/a_Ir"), 30): null

2022-04-04 15:33:32 - [TEST_STEP][PASSED] - executeJavaScript("arguments[0].click()", Arrays.asList(element)): Execute JavaScript 'arguments[0].click()' successfully

2022-04-04 15:33:32 - [MESSAGE][PASSED] - Execute JavaScript 'arguments[0].click()' successfully

2022-04-04 15:33:32 - [MESSAGE][PASSED] - Call Test Case 'Test Cases/0.1-Login' successfully

2022-04-04 15:33:32 - [TEST_STEP][PASSED] - setText(findTestObject("Modulo Pruebas Planta de Personal/Crear_descripción_del_cargo(Puesto_trabajo_multiple)/input_Empresa 1_form_templatej_idt24_input"), "Listado Descripcion Cargo (tal)"): Text 'Listado Descripcion Cargo (tal)' is set on object 'Object Repository/Modulo Pruebas Planta de Personal/Crear_descripción_del_cargo(Puesto_trabajo_multiple)/input_Empresa 1_form_templatej_idt24_input'

2022-04-04 15:33:33 - [MESSAGE][PASSED] - Text 'Listado Descripcion Cargo (tal)' is set on object 'Object Repository/Modulo Pruebas Planta de Personal/Crear_descripción_del_cargo(Puesto_trabajo_multiple)/input_Empresa 1_form_templatej_idt24_input'

2022-04-04 15:33:33 - [TEST_STEP][PASSED] - click(findTestObject("Modulo Pruebas Planta de Personal/Crear_descripción_del_cargo(Puesto_trabajo_multiple)/li_Listado Descripcion Cargo (tal)")): Object: 'Object Repository/Modulo Pruebas Planta de Personal/Crear_descripción_del_cargo(Puesto_trabajo_multiple)/li_Listado Descripcion Cargo (tal)' is clicked on

2022-04-04 15:33:34 - [MESSAGE][PASSED] - Object: 'Object Repository/Modulo Pruebas Planta de Personal/Crear_descripción_del_cargo(Puesto_trabajo_multiple)/li_Listado Descripcion Cargo (tal)' is clicked on

2022-04-04 15:33:34 - [TEST_STEP][PASSED] - click(findTestObject("Modulo Pruebas Planta de Personal/Crear_descripción_del_cargo(Puesto_trabajo_multiple)/a_Nuevo")): Object: 'Object Repository/Modulo Pruebas Planta de Personal/Crear_descripción_del_cargo(Puesto_trabajo_multiple)/a_Nuevo' is clicked on

2022-04-04 15:33:35 - [MESSAGE][PASSED] - Object: 'Object Repository/Modulo Pruebas Planta de Personal/Crear_descripción_del_cargo(Puesto_trabajo_multiple)/a_Nuevo' is clicked on

2022-04-04 15:33:35 - [TEST_STEP][PASSED] - click(findTestObject("Modulo Pruebas Planta de Personal/Crear_descripción_del_cargo(Puesto_trabajo_multiple)/a_Unidad Organizacional_form_listadoDescripcionCargoj_idt115")): Object: 'Object Repository/Modulo Pruebas Planta de Personal/Crear_descripción_del_cargo(Puesto_trabajo_multiple)/a_Unidad Organizacional_form_listadoDescripcionCargoj_idt115' is clicked on

2022-04-04 15:33:36 - [MESSAGE][PASSED] - Object: 'Object Repository/Modulo Pruebas Planta de Personal/Crear_descripción_del_cargo(Puesto_trabajo_multiple)/a_Unidad Organizacional_form_listadoDescripcionCargoj_idt115' is clicked on

2022-04-04 15:33:36 - [TEST_STEP][PASSED] - setText(findTestObject("Modulo Pruebas Planta de Personal/Crear_descripción_del_cargo(Puesto_trabajo_multiple)/input_Unidad_form_popupUnidadUsuarioj_idt612"), "ADMINISTRACION"): Text 'ADMINISTRACION' is set on object 'Object Repository/Modulo Pruebas Planta de Personal/Crear_descripción_del_cargo(Puesto_trabajo_multiple)/input_Unidad_form_popupUnidadUsuarioj_idt612'

2022-04-04 15:33:37 - [MESSAGE][PASSED] - Text 'ADMINISTRACION' is set on object 'Object Repository/Modulo Pruebas Planta de Personal/Crear_descripción_del_cargo(Puesto_trabajo_multiple)/input_Unidad_form_popupUnidadUsuarioj_idt612'

2022-04-04 15:33:37 - [TEST_STEP][PASSED] - sendKeys(findTestObject("Modulo Pruebas Planta de Personal/Crear_descripción_del_cargo(Puesto_trabajo_multiple)/input_Unidad_form_popupUnidadUsuarioj_idt612"), Keys.chord(ENTER)): Keys 'ENTER + ' sent to object: 'Object Repository/Modulo Pruebas Planta de Personal/Crear_descripción_del_cargo(Puesto_trabajo_multiple)/input_Unidad_form_popupUnidadUsuarioj_idt612'

2022-04-04 15:33:38 - [MESSAGE][PASSED] - Keys 'ENTER + ' sent to object: 'Object Repository/Modulo Pruebas Planta de Personal/Crear_descripción_del_cargo(Puesto_trabajo_multiple)/input_Unidad_form_popupUnidadUsuarioj_idt612'

2022-04-04 15:33:38 - [TEST_STEP][PASSED] - click(findTestObject("Modulo Pruebas Planta de Personal/Crear_descripción_del_cargo(Puesto_trabajo_multiple)/span_ADMINISTRACION")): Object: 'Object Repository/Modulo Pruebas Planta de Personal/Crear_descripción_del_cargo(Puesto_trabajo_multiple)/span_ADMINISTRACION' is clicked on

2022-04-04 15:33:39 - [MESSAGE][PASSED] - Object: 'Object Repository/Modulo Pruebas Planta de Personal/Crear_descripción_del_cargo(Puesto_trabajo_multiple)/span_ADMINISTRACION' is clicked on

2022-04-04 15:33:39 - [TEST_STEP][PASSED] - click(findTestObject("Modulo Pruebas Planta de Personal/Crear_descripción_del_cargo(Puesto_trabajo_multiple)/a_Cargo_form_listadoDescripcionCargoj_idt120")): Object: 'Object Repository/Modulo Pruebas Planta de Personal/Crear_descripción_del_cargo(Puesto_trabajo_multiple)/a_Cargo_form_listadoDescripcionCargoj_idt120' is clicked on

2022-04-04 15:33:40 - [MESSAGE][PASSED] - Object: 'Object Repository/Modulo Pruebas Planta de Personal/Crear_descripción_del_cargo(Puesto_trabajo_multiple)/a_Cargo_form_listadoDescripcionCargoj_idt120' is clicked on

2022-04-04 15:33:40 - [TEST_STEP][PASSED] - click(findTestObject("Modulo Pruebas Planta de Personal/Crear_descripción_del_cargo(Puesto_trabajo_multiple)/span_ABOGADO")): Object: 'Object Repository/Modulo Pruebas Planta de Personal/Crear_descripción_del_cargo(Puesto_trabajo_multiple)/span_ABOGADO' is clicked on

2022-04-04 15:33:41 - [MESSAGE][PASSED] - Object: 'Object Repository/Modulo Pruebas Planta de Personal/Crear_descripción_del_cargo(Puesto_trabajo_multiple)/span_ABOGADO' is clicked on

2022-04-04 15:33:41 - [TEST_STEP][PASSED] - click(findTestObject("Modulo Pruebas Planta de Personal/Crear_descripción_del_cargo(Puesto_trabajo_multiple)/span_20139    - Abogado")): Object: 'Object Repository/Modulo Pruebas Planta de Personal/Crear_descripción_del_cargo(Puesto_trabajo_multiple)/span_20139    - Abogado' is clicked on

2022-04-04 15:33:41 - [MESSAGE][PASSED] - Object: 'Object Repository/Modulo Pruebas Planta de Personal/Crear_descripción_del_cargo(Puesto_trabajo_multiple)/span_20139    - Abogado' is clicked on

2022-04-04 15:33:41 - [TEST_STEP][PASSED] - setText(findTestObject("Modulo Pruebas Planta de Personal/Crear_descripción_del_cargo(Puesto_trabajo_multiple)/input__descripcionCargo_formj_idt7270fecha_input"), "01/07/2021"): Text '01/07/2021' is set on object 'Object Repository/Modulo Pruebas Planta de Personal/Crear_descripción_del_cargo(Puesto_trabajo_multiple)/input__descripcionCargo_formj_idt7270fecha_input'

2022-04-04 15:33:43 - [MESSAGE][PASSED] - Text '01/07/2021' is set on object 'Object Repository/Modulo Pruebas Planta de Personal/Crear_descripción_del_cargo(Puesto_trabajo_multiple)/input__descripcionCargo_formj_idt7270fecha_input'

2022-04-04 15:33:43 - [TEST_STEP][PASSED] - setText(findTestObject("Modulo Pruebas Planta de Personal/Crear_descripción_del_cargo(Puesto_trabajo_multiple)/textarea__descripcionCargo_formj_idt7272idTexto5"), "pruebas katalon"): Text 'pruebas katalon' is set on object 'Object Repository/Modulo Pruebas Planta de Personal/Crear_descripción_del_cargo(Puesto_trabajo_multiple)/textarea__descripcionCargo_formj_idt7272idTexto5'

2022-04-04 15:33:44 - [MESSAGE][PASSED] - Text 'pruebas katalon' is set on object 'Object Repository/Modulo Pruebas Planta de Personal/Crear_descripción_del_cargo(Puesto_trabajo_multiple)/textarea__descripcionCargo_formj_idt7272idTexto5'

2022-04-04 15:33:44 - [TEST_STEP][PASSED] - setText(findTestObject("Modulo Pruebas Planta de Personal/Crear_descripción_del_cargo(Puesto_trabajo_multiple)/textarea__descripcionCargo_formj_idt7274idTexto5"), "pruebas katalon"): Text 'pruebas katalon' is set on object 'Object Repository/Modulo Pruebas Planta de Personal/Crear_descripción_del_cargo(Puesto_trabajo_multiple)/textarea__descripcionCargo_formj_idt7274idTexto5'

2022-04-04 15:33:45 - [MESSAGE][PASSED] - Text 'pruebas katalon' is set on object 'Object Repository/Modulo Pruebas Planta de Personal/Crear_descripción_del_cargo(Puesto_trabajo_multiple)/textarea__descripcionCargo_formj_idt7274idTexto5'

2022-04-04 15:33:45 - [TEST_STEP][PASSED] - setText(findTestObject("Modulo Pruebas Planta de Personal/Crear_descripción_del_cargo(Puesto_trabajo_multiple)/textarea__descripcionCargo_formj_idt7276idTexto5"), "pruebas katalon"): Text 'pruebas katalon' is set on object 'Object Repository/Modulo Pruebas Planta de Personal/Crear_descripción_del_cargo(Puesto_trabajo_multiple)/textarea__descripcionCargo_formj_idt7276idTexto5'

2022-04-04 15:33:45 - [MESSAGE][PASSED] - Text 'pruebas katalon' is set on object 'Object Repository/Modulo Pruebas Planta de Personal/Crear_descripción_del_cargo(Puesto_trabajo_multiple)/textarea__descripcionCargo_formj_idt7276idTexto5'

2022-04-04 15:33:45 - [TEST_STEP][PASSED] - setText(findTestObject("Modulo Pruebas Planta de Personal/Crear_descripción_del_cargo(Puesto_trabajo_multiple)/textarea__descripcionCargo_formj_idt7277idTexto5"), "pruebas katalon"): Text 'pruebas katalon' is set on object 'Object Repository/Modulo Pruebas Planta de Personal/Crear_descripción_del_cargo(Puesto_trabajo_multiple)/textarea__descripcionCargo_formj_idt7277idTexto5'

2022-04-04 15:33:46 - [MESSAGE][PASSED] - Text 'pruebas katalon' is set on object 'Object Repository/Modulo Pruebas Planta de Personal/Crear_descripción_del_cargo(Puesto_trabajo_multiple)/textarea__descripcionCargo_formj_idt7277idTexto5'

2022-04-04 15:33:46 - [TEST_STEP][PASSED] - click(findTestObject("Modulo Pruebas Planta de Personal/Crear_descripción_del_cargo(Puesto_trabajo_multiple)/a_Guardar")): Object: 'Object Repository/Modulo Pruebas Planta de Personal/Crear_descripción_del_cargo(Puesto_trabajo_multiple)/a_Guardar' is clicked on

2022-04-04 15:33:47 - [MESSAGE][PASSED] - Object: 'Object Repository/Modulo Pruebas Planta de Personal/Crear_descripción_del_cargo(Puesto_trabajo_multiple)/a_Guardar' is clicked on

2022-04-04 15:33:47 - [TEST_STEP][PASSED] - if (waitForElementVisible(findTestObject("Modulo Pruebas Planta de Personal/Crear_descripción_del_cargo(Puesto_trabajo_multiple)/a_Definir_Perfil"), 1)): Web element with id: 'Object Repository/Modulo Pruebas Planta de Personal/Crear_descripción_del_cargo(Puesto_trabajo_multiple)/a_Definir_Perfil' located by '//a[contains(text(),'Definir Perfil')]' not found

2022-04-04 15:33:49 - [MESSAGE][INFO] - Unable to find the element located by 'By.xpath: //a[contains(text(),'Definir Perfil')]'. Please recheck the objects properties to make sure the desired element is located. 

2022-04-04 15:33:49 - [MESSAGE][WARNING] - Web element with id: 'Object Repository/Modulo Pruebas Planta de Personal/Crear_descripción_del_cargo(Puesto_trabajo_multiple)/a_Definir_Perfil' located by '//a[contains(text(),'Definir Perfil')]' not found

2022-04-04 15:33:49 - [MESSAGE][PASSED] - Call Test Case 'Test Cases/1.2-Tareas_Secundarias/A.2-Pruebas_planta_personal/12.2.3-Crear_descripción_del_cargo_(PUESTO_TRABAJO_MULTIPLE)' successfully]]></system-out>
         <system-err><![CDATA[]]></system-err>
      </testcase>
      <testcase name="Test Cases/1.2-Tareas_Secundarias/A.2-Pruebas_planta_personal/12.2.7-Impresión_de_descripción_del_cargo" time="56.947" classname="Test Cases/1.2-Tareas_Secundarias/A.2-Pruebas_planta_personal/12.2.7-Impresión_de_descripción_del_cargo" status="FAILED">
         <failure type="FAILED" message="Test Cases/1.2-Tareas_Secundarias/A.2-Pruebas_planta_personal/12.2.7-Impresión_de_descripción_del_cargo FAILED.
Reason:
com.kms.katalon.core.exception.StepFailedException: Unable to click on object 'Object Repository/Modulo Pruebas Planta de Personal/Impresión_de_descripción_del_cargo/span_01072021'
	at com.kms.katalon.core.webui.keyword.internal.WebUIKeywordMain.stepFailed(WebUIKeywordMain.groovy:64)
	at com.kms.katalon.core.webui.keyword.internal.WebUIKeywordMain.runKeyword(WebUIKeywordMain.groovy:26)
	at com.kms.katalon.core.webui.keyword.builtin.ClickKeyword.click(ClickKeyword.groovy:74)
	at com.kms.katalon.core.webui.keyword.builtin.ClickKeyword.execute(ClickKeyword.groovy:40)
	at com.kms.katalon.core.keyword.internal.KeywordExecutor.executeKeywordForPlatform(KeywordExecutor.groovy:74)
	at com.kms.katalon.core.webui.keyword.WebUiBuiltInKeywords.click(WebUiBuiltInKeywords.groovy:620)
	at com.kms.katalon.core.webui.keyword.WebUiBuiltInKeywords$click$5.call(Unknown Source)
	at 12.2.7-Impresión_de_descripción_del_cargo.run(12.2.7-Impresión_de_descripción_del_cargo:31)
	at com.kms.katalon.core.main.ScriptEngine.run(ScriptEngine.java:194)
	at com.kms.katalon.core.main.ScriptEngine.runScriptAsRawText(ScriptEngine.java:119)
	at com.kms.katalon.core.main.TestCaseExecutor.runScript(TestCaseExecutor.java:442)
	at com.kms.katalon.core.main.TestCaseExecutor.doExecute(TestCaseExecutor.java:433)
	at com.kms.katalon.core.main.TestCaseExecutor.processExecutionPhase(TestCaseExecutor.java:412)
	at com.kms.katalon.core.main.TestCaseExecutor.accessMainPhase(TestCaseExecutor.java:404)
	at com.kms.katalon.core.main.TestCaseExecutor.execute(TestCaseExecutor.java:281)
	at com.kms.katalon.core.main.TestSuiteExecutor.accessTestCaseMainPhase(TestSuiteExecutor.java:202)
	at com.kms.katalon.core.main.TestSuiteExecutor.accessTestSuiteMainPhase(TestSuiteExecutor.java:164)
	at com.kms.katalon.core.main.TestSuiteExecutor.execute(TestSuiteExecutor.java:105)
	at com.kms.katalon.core.main.TestCaseMain.startTestSuite(TestCaseMain.java:185)
	at com.kms.katalon.core.main.TestCaseMain$startTestSuite$0.call(Unknown Source)
	at TempTestSuite1649104047901.run(TempTestSuite1649104047901.groovy:36)
Caused by: com.kms.katalon.core.webui.exception.WebElementNotFoundException: Web element with id: 'Object Repository/Modulo Pruebas Planta de Personal/Impresión_de_descripción_del_cargo/span_01072021' located by '//*/text()[normalize-space(.)='01/07/2021']/parent::*' not found
	at com.kms.katalon.core.webui.common.WebUiCommonHelper.findWebElement(WebUiCommonHelper.java:1370)
	at com.kms.katalon.core.webui.keyword.internal.WebUIAbstractKeyword.findWebElement(WebUIAbstractKeyword.groovy:27)
	at com.kms.katalon.core.webui.keyword.builtin.ClickKeyword$_click_closure1.doCall(ClickKeyword.groovy:65)
	at com.kms.katalon.core.webui.keyword.builtin.ClickKeyword$_click_closure1.call(ClickKeyword.groovy)
	at com.kms.katalon.core.webui.keyword.internal.WebUIKeywordMain.runKeyword(WebUIKeywordMain.groovy:20)
	... 19 more
"/>
         <system-out><![CDATA[2022-04-04 15:33:49 - [TEST_CASE][FAILED] - Test Cases/1.2-Tareas_Secundarias/A.2-Pruebas_planta_personal/12.2.7-Impresión_de_descripción_del_cargo: Test Cases/1.2-Tareas_Secundarias/A.2-Pruebas_planta_personal/12.2.7-Impresión_de_descripción_del_cargo FAILED.
Reason:
com.kms.katalon.core.exception.StepFailedException: Unable to click on object 'Object Repository/Modulo Pruebas Planta de Personal/Impresión_de_descripción_del_cargo/span_01072021'
	at com.kms.katalon.core.webui.keyword.internal.WebUIKeywordMain.stepFailed(WebUIKeywordMain.groovy:64)
	at com.kms.katalon.core.webui.keyword.internal.WebUIKeywordMain.runKeyword(WebUIKeywordMain.groovy:26)
	at com.kms.katalon.core.webui.keyword.builtin.ClickKeyword.click(ClickKeyword.groovy:74)
	at com.kms.katalon.core.webui.keyword.builtin.ClickKeyword.execute(ClickKeyword.groovy:40)
	at com.kms.katalon.core.keyword.internal.KeywordExecutor.executeKeywordForPlatform(KeywordExecutor.groovy:74)
	at com.kms.katalon.core.webui.keyword.WebUiBuiltInKeywords.click(WebUiBuiltInKeywords.groovy:620)
	at com.kms.katalon.core.webui.keyword.WebUiBuiltInKeywords$click$5.call(Unknown Source)
	at 12.2.7-Impresión_de_descripción_del_cargo.run(12.2.7-Impresión_de_descripción_del_cargo:31)
	at com.kms.katalon.core.main.ScriptEngine.run(ScriptEngine.java:194)
	at com.kms.katalon.core.main.ScriptEngine.runScriptAsRawText(ScriptEngine.java:119)
	at com.kms.katalon.core.main.TestCaseExecutor.runScript(TestCaseExecutor.java:442)
	at com.kms.katalon.core.main.TestCaseExecutor.doExecute(TestCaseExecutor.java:433)
	at com.kms.katalon.core.main.TestCaseExecutor.processExecutionPhase(TestCaseExecutor.java:412)
	at com.kms.katalon.core.main.TestCaseExecutor.accessMainPhase(TestCaseExecutor.java:404)
	at com.kms.katalon.core.main.TestCaseExecutor.execute(TestCaseExecutor.java:281)
	at com.kms.katalon.core.main.TestSuiteExecutor.accessTestCaseMainPhase(TestSuiteExecutor.java:202)
	at com.kms.katalon.core.main.TestSuiteExecutor.accessTestSuiteMainPhase(TestSuiteExecutor.java:164)
	at com.kms.katalon.core.main.TestSuiteExecutor.execute(TestSuiteExecutor.java:105)
	at com.kms.katalon.core.main.TestCaseMain.startTestSuite(TestCaseMain.java:185)
	at com.kms.katalon.core.main.TestCaseMain$startTestSuite$0.call(Unknown Source)
	at TempTestSuite1649104047901.run(TempTestSuite1649104047901.groovy:36)
Caused by: com.kms.katalon.core.webui.exception.WebElementNotFoundException: Web element with id: 'Object Repository/Modulo Pruebas Planta de Personal/Impresión_de_descripción_del_cargo/span_01072021' located by '//*/text()[normalize-space(.)='01/07/2021']/parent::*' not found
	at com.kms.katalon.core.webui.common.WebUiCommonHelper.findWebElement(WebUiCommonHelper.java:1370)
	at com.kms.katalon.core.webui.keyword.internal.WebUIAbstractKeyword.findWebElement(WebUIAbstractKeyword.groovy:27)
	at com.kms.katalon.core.webui.keyword.builtin.ClickKeyword$_click_closure1.doCall(ClickKeyword.groovy:65)
	at com.kms.katalon.core.webui.keyword.builtin.ClickKeyword$_click_closure1.call(ClickKeyword.groovy)
	at com.kms.katalon.core.webui.keyword.internal.WebUIKeywordMain.runKeyword(WebUIKeywordMain.groovy:20)
	... 19 more


2022-04-04 15:33:49 - [TEST_STEP][PASSED] - callTestCase(findTestCase("0.1-Login"), [:], STOP_ON_FAILURE): Call Test Case 'Test Cases/0.1-Login' successfully

2022-04-04 15:33:49 - [TEST_CASE][PASSED] - Test Cases/0.1-Login: Test Cases/0.1-Login

2022-04-04 15:33:49 - [TEST_STEP][PASSED] - openBrowser(""): Browser is opened with url: ''

2022-04-04 15:33:49 - [MESSAGE][WARNING] - A browser is already opened. Closing browser and opening a new one

2022-04-04 15:33:50 - [MESSAGE][INFO] - Starting 'Chrome' driver

2022-04-04 15:33:50 - [MESSAGE][INFO] - Action delay is set to 0 milliseconds

2022-04-04 15:33:51 - [MESSAGE][PASSED] - Browser is opened with url: ''

2022-04-04 15:33:51 - [TEST_STEP][PASSED] - maximizeWindow(): Current window maximized

2022-04-04 15:33:52 - [MESSAGE][PASSED] - Current window maximized

2022-04-04 15:33:52 - [TEST_STEP][PASSED] - i = G_Login: null

2022-04-04 15:33:52 - [TEST_STEP][PASSED] - url = new java.net.URL(i): null

2022-04-04 15:33:52 - [TEST_STEP][PASSED] - println("URL: " + url.toString()): null

2022-04-04 15:33:52 - [TEST_STEP][PASSED] - connection = url.openConnection(): null

2022-04-04 15:33:52 - [TEST_STEP][PASSED] - connection.setRequestMethod("GET"): null

2022-04-04 15:33:52 - [TEST_STEP][PASSED] - connection.setReadTimeout(2 * 1000): null

2022-04-04 15:33:52 - [TEST_STEP][PASSED] - try: null

2022-04-04 15:33:52 - [TEST_STEP][PASSED] - connection.connect(): null

2022-04-04 15:33:52 - [TEST_STEP][PASSED] - flag = connected: null

2022-04-04 15:33:52 - [TEST_STEP][PASSED] - println("Valor_ori: " + flag): null

2022-04-04 15:33:52 - [TEST_STEP][PASSED] - if (flag): null

2022-04-04 15:33:52 - [TEST_STEP][PASSED] - navigateToUrl(i): Navigate to 'http://192.168.2.19:8380/saraweb' successfully

2022-04-04 15:33:52 - [MESSAGE][PASSED] - Navigate to 'http://192.168.2.19:8380/saraweb' successfully

2022-04-04 15:33:52 - [TEST_STEP][PASSED] - a(): null

2022-04-04 15:33:52 - [TEST_STEP][PASSED] - setText(findTestObject("Login/input_USUARIO_loginusuario"), G_Usuario): Text 'saraadmin' is set on object 'Object Repository/Login/input_USUARIO_loginusuario'

2022-04-04 15:33:53 - [MESSAGE][PASSED] - Text 'saraadmin' is set on object 'Object Repository/Login/input_USUARIO_loginusuario'

2022-04-04 15:33:53 - [TEST_STEP][PASSED] - setEncryptedText(findTestObject("Login/input_CLAVE_loginpassword"), "MkG4/TYiCFC3cb2driP7+Q=="): Text ****** has been set on object 'Object Repository/Login/input_CLAVE_loginpassword'

2022-04-04 15:33:53 - [MESSAGE][PASSED] - Text ****** has been set on object 'Object Repository/Login/input_CLAVE_loginpassword'

2022-04-04 15:33:53 - [TEST_STEP][PASSED] - waitForElementClickable(findTestObject("Login/a_Ingresar"), G_TimeOut): Object 'Object Repository/Login/a_Ingresar' is clickable

2022-04-04 15:33:54 - [MESSAGE][PASSED] - Object 'Object Repository/Login/a_Ingresar' is clickable

2022-04-04 15:33:54 - [TEST_STEP][PASSED] - click(findTestObject("Login/a_Ingresar")): Object: 'Object Repository/Login/a_Ingresar' is clicked on

2022-04-04 15:33:55 - [MESSAGE][PASSED] - Object: 'Object Repository/Login/a_Ingresar' is clicked on

2022-04-04 15:33:55 - [TEST_STEP][PASSED] - element = findWebElement(findTestObject("Login/a_Ir"), 30): null

2022-04-04 15:33:55 - [TEST_STEP][PASSED] - executeJavaScript("arguments[0].click()", Arrays.asList(element)): Execute JavaScript 'arguments[0].click()' successfully

2022-04-04 15:33:55 - [MESSAGE][PASSED] - Execute JavaScript 'arguments[0].click()' successfully

2022-04-04 15:33:55 - [MESSAGE][PASSED] - Call Test Case 'Test Cases/0.1-Login' successfully

2022-04-04 15:33:55 - [TEST_STEP][PASSED] - setText(findTestObject("Modulo Pruebas Planta de Personal/Impresión_de_descripción_del_cargo/input_Empresa 1_form_templatej_idt24_input"), "Listado Descripcion Cargo (tal)"): Text 'Listado Descripcion Cargo (tal)' is set on object 'Object Repository/Modulo Pruebas Planta de Personal/Impresión_de_descripción_del_cargo/input_Empresa 1_form_templatej_idt24_input'

2022-04-04 15:33:57 - [MESSAGE][PASSED] - Text 'Listado Descripcion Cargo (tal)' is set on object 'Object Repository/Modulo Pruebas Planta de Personal/Impresión_de_descripción_del_cargo/input_Empresa 1_form_templatej_idt24_input'

2022-04-04 15:33:57 - [TEST_STEP][PASSED] - click(findTestObject("Modulo Pruebas Planta de Personal/Impresión_de_descripción_del_cargo/li_Listado Descripcion Cargo (tal)")): Object: 'Object Repository/Modulo Pruebas Planta de Personal/Impresión_de_descripción_del_cargo/li_Listado Descripcion Cargo (tal)' is clicked on

2022-04-04 15:33:58 - [MESSAGE][PASSED] - Object: 'Object Repository/Modulo Pruebas Planta de Personal/Impresión_de_descripción_del_cargo/li_Listado Descripcion Cargo (tal)' is clicked on

2022-04-04 15:33:58 - [TEST_STEP][PASSED] - click(findTestObject("Modulo Pruebas Planta de Personal/Impresión_de_descripción_del_cargo/a_Cargo_form_listadoDescripcionCargoj_idt70")): Object: 'Object Repository/Modulo Pruebas Planta de Personal/Impresión_de_descripción_del_cargo/a_Cargo_form_listadoDescripcionCargoj_idt70' is clicked on

2022-04-04 15:33:59 - [MESSAGE][PASSED] - Object: 'Object Repository/Modulo Pruebas Planta de Personal/Impresión_de_descripción_del_cargo/a_Cargo_form_listadoDescripcionCargoj_idt70' is clicked on

2022-04-04 15:33:59 - [TEST_STEP][PASSED] - click(findTestObject("Modulo Pruebas Planta de Personal/Impresión_de_descripción_del_cargo/span_40 MIL STAFF")): Object: 'Object Repository/Modulo Pruebas Planta de Personal/Impresión_de_descripción_del_cargo/span_40 MIL STAFF' is clicked on

2022-04-04 15:34:00 - [MESSAGE][PASSED] - Object: 'Object Repository/Modulo Pruebas Planta de Personal/Impresión_de_descripción_del_cargo/span_40 MIL STAFF' is clicked on

2022-04-04 15:34:00 - [TEST_STEP][FAILED] - click(findTestObject("Modulo Pruebas Planta de Personal/Impresión_de_descripción_del_cargo/span_01072021")): Unable to click on object 'Object Repository/Modulo Pruebas Planta de Personal/Impresión_de_descripción_del_cargo/span_01072021' (Root cause: com.kms.katalon.core.exception.StepFailedException: Unable to click on object 'Object Repository/Modulo Pruebas Planta de Personal/Impresión_de_descripción_del_cargo/span_01072021'
	at com.kms.katalon.core.webui.keyword.internal.WebUIKeywordMain.stepFailed(WebUIKeywordMain.groovy:64)
	at com.kms.katalon.core.webui.keyword.internal.WebUIKeywordMain.runKeyword(WebUIKeywordMain.groovy:26)
	at com.kms.katalon.core.webui.keyword.builtin.ClickKeyword.click(ClickKeyword.groovy:74)
	at com.kms.katalon.core.webui.keyword.builtin.ClickKeyword.execute(ClickKeyword.groovy:40)
	at com.kms.katalon.core.keyword.internal.KeywordExecutor.executeKeywordForPlatform(KeywordExecutor.groovy:74)
	at com.kms.katalon.core.webui.keyword.WebUiBuiltInKeywords.click(WebUiBuiltInKeywords.groovy:620)
	at com.kms.katalon.core.webui.keyword.WebUiBuiltInKeywords$click$5.call(Unknown Source)
	at 12.2.7-Impresión_de_descripción_del_cargo.run(12.2.7-Impresión_de_descripción_del_cargo:31)
	at com.kms.katalon.core.main.ScriptEngine.run(ScriptEngine.java:194)
	at com.kms.katalon.core.main.ScriptEngine.runScriptAsRawText(ScriptEngine.java:119)
	at com.kms.katalon.core.main.TestCaseExecutor.runScript(TestCaseExecutor.java:442)
	at com.kms.katalon.core.main.TestCaseExecutor.doExecute(TestCaseExecutor.java:433)
	at com.kms.katalon.core.main.TestCaseExecutor.processExecutionPhase(TestCaseExecutor.java:412)
	at com.kms.katalon.core.main.TestCaseExecutor.accessMainPhase(TestCaseExecutor.java:404)
	at com.kms.katalon.core.main.TestCaseExecutor.execute(TestCaseExecutor.java:281)
	at com.kms.katalon.core.main.TestSuiteExecutor.accessTestCaseMainPhase(TestSuiteExecutor.java:202)
	at com.kms.katalon.core.main.TestSuiteExecutor.accessTestSuiteMainPhase(TestSuiteExecutor.java:164)
	at com.kms.katalon.core.main.TestSuiteExecutor.execute(TestSuiteExecutor.java:105)
	at com.kms.katalon.core.main.TestCaseMain.startTestSuite(TestCaseMain.java:185)
	at com.kms.katalon.core.main.TestCaseMain$startTestSuite$0.call(Unknown Source)
	at TempTestSuite1649104047901.run(TempTestSuite1649104047901.groovy:36)
Caused by: com.kms.katalon.core.webui.exception.WebElementNotFoundException: Web element with id: 'Object Repository/Modulo Pruebas Planta de Personal/Impresión_de_descripción_del_cargo/span_01072021' located by '//*/text()[normalize-space(.)='01/07/2021']/parent::*' not found
	at com.kms.katalon.core.webui.common.WebUiCommonHelper.findWebElement(WebUiCommonHelper.java:1370)
	at com.kms.katalon.core.webui.keyword.internal.WebUIAbstractKeyword.findWebElement(WebUIAbstractKeyword.groovy:27)
	at com.kms.katalon.core.webui.keyword.builtin.ClickKeyword$_click_closure1.doCall(ClickKeyword.groovy:65)
	at com.kms.katalon.core.webui.keyword.builtin.ClickKeyword$_click_closure1.call(ClickKeyword.groovy)
	at com.kms.katalon.core.webui.keyword.internal.WebUIKeywordMain.runKeyword(WebUIKeywordMain.groovy:20)
	at com.kms.katalon.core.webui.keyword.builtin.ClickKeyword.click(ClickKeyword.groovy:74)
	at com.kms.katalon.core.webui.keyword.builtin.ClickKeyword.execute(ClickKeyword.groovy:40)
	at com.kms.katalon.core.keyword.internal.KeywordExecutor.executeKeywordForPlatform(KeywordExecutor.groovy:74)
	at com.kms.katalon.core.webui.keyword.WebUiBuiltInKeywords.click(WebUiBuiltInKeywords.groovy:620)
	at com.kms.katalon.core.webui.keyword.WebUiBuiltInKeywords$click$5.call(Unknown Source)
	at Script1648474008115.run(Script1648474008115.groovy:31)
	... 13 more
)

2022-04-04 15:34:46 - [MESSAGE][INFO] - Unable to find the element located by 'By.xpath: //*/text()[normalize-space(.)='01/07/2021']/parent::*'. Please recheck the objects properties to make sure the desired element is located. 

2022-04-04 15:34:46 - [MESSAGE][FAILED] - Unable to click on object 'Object Repository/Modulo Pruebas Planta de Personal/Impresión_de_descripción_del_cargo/span_01072021' (Root cause: com.kms.katalon.core.exception.StepFailedException: Unable to click on object 'Object Repository/Modulo Pruebas Planta de Personal/Impresión_de_descripción_del_cargo/span_01072021'
	at com.kms.katalon.core.webui.keyword.internal.WebUIKeywordMain.stepFailed(WebUIKeywordMain.groovy:64)
	at com.kms.katalon.core.webui.keyword.internal.WebUIKeywordMain.runKeyword(WebUIKeywordMain.groovy:26)
	at com.kms.katalon.core.webui.keyword.builtin.ClickKeyword.click(ClickKeyword.groovy:74)
	at com.kms.katalon.core.webui.keyword.builtin.ClickKeyword.execute(ClickKeyword.groovy:40)
	at com.kms.katalon.core.keyword.internal.KeywordExecutor.executeKeywordForPlatform(KeywordExecutor.groovy:74)
	at com.kms.katalon.core.webui.keyword.WebUiBuiltInKeywords.click(WebUiBuiltInKeywords.groovy:620)
	at com.kms.katalon.core.webui.keyword.WebUiBuiltInKeywords$click$5.call(Unknown Source)
	at 12.2.7-Impresión_de_descripción_del_cargo.run(12.2.7-Impresión_de_descripción_del_cargo:31)
	at com.kms.katalon.core.main.ScriptEngine.run(ScriptEngine.java:194)
	at com.kms.katalon.core.main.ScriptEngine.runScriptAsRawText(ScriptEngine.java:119)
	at com.kms.katalon.core.main.TestCaseExecutor.runScript(TestCaseExecutor.java:442)
	at com.kms.katalon.core.main.TestCaseExecutor.doExecute(TestCaseExecutor.java:433)
	at com.kms.katalon.core.main.TestCaseExecutor.processExecutionPhase(TestCaseExecutor.java:412)
	at com.kms.katalon.core.main.TestCaseExecutor.accessMainPhase(TestCaseExecutor.java:404)
	at com.kms.katalon.core.main.TestCaseExecutor.execute(TestCaseExecutor.java:281)
	at com.kms.katalon.core.main.TestSuiteExecutor.accessTestCaseMainPhase(TestSuiteExecutor.java:202)
	at com.kms.katalon.core.main.TestSuiteExecutor.accessTestSuiteMainPhase(TestSuiteExecutor.java:164)
	at com.kms.katalon.core.main.TestSuiteExecutor.execute(TestSuiteExecutor.java:105)
	at com.kms.katalon.core.main.TestCaseMain.startTestSuite(TestCaseMain.java:185)
	at com.kms.katalon.core.main.TestCaseMain$startTestSuite$0.call(Unknown Source)
	at TempTestSuite1649104047901.run(TempTestSuite1649104047901.groovy:36)
Caused by: com.kms.katalon.core.webui.exception.WebElementNotFoundException: Web element with id: 'Object Repository/Modulo Pruebas Planta de Personal/Impresión_de_descripción_del_cargo/span_01072021' located by '//*/text()[normalize-space(.)='01/07/2021']/parent::*' not found
	at com.kms.katalon.core.webui.common.WebUiCommonHelper.findWebElement(WebUiCommonHelper.java:1370)
	at com.kms.katalon.core.webui.keyword.internal.WebUIAbstractKeyword.findWebElement(WebUIAbstractKeyword.groovy:27)
	at com.kms.katalon.core.webui.keyword.builtin.ClickKeyword$_click_closure1.doCall(ClickKeyword.groovy:65)
	at com.kms.katalon.core.webui.keyword.builtin.ClickKeyword$_click_closure1.call(ClickKeyword.groovy)
	at com.kms.katalon.core.webui.keyword.internal.WebUIKeywordMain.runKeyword(WebUIKeywordMain.groovy:20)
	at com.kms.katalon.core.webui.keyword.builtin.ClickKeyword.click(ClickKeyword.groovy:74)
	at com.kms.katalon.core.webui.keyword.builtin.ClickKeyword.execute(ClickKeyword.groovy:40)
	at com.kms.katalon.core.keyword.internal.KeywordExecutor.executeKeywordForPlatform(KeywordExecutor.groovy:74)
	at com.kms.katalon.core.webui.keyword.WebUiBuiltInKeywords.click(WebUiBuiltInKeywords.groovy:620)
	at com.kms.katalon.core.webui.keyword.WebUiBuiltInKeywords$click$5.call(Unknown Source)
	at Script1648474008115.run(Script1648474008115.groovy:31)
	... 13 more
)
[[ATTACHMENT|C:\\Users\\diego.rojas\\git\\Pruebas-Minimas\\Reports\\20220404_152727\\Test_Suite_Secundaria\\A2-Pruebas_Planta_Personal\\20220404_152727\\1649104486285.png]]]]></system-out>
         <system-err><![CDATA[2022-04-04 15:33:49 - [TEST_CASE][FAILED] - Test Cases/1.2-Tareas_Secundarias/A.2-Pruebas_planta_personal/12.2.7-Impresión_de_descripción_del_cargo: Test Cases/1.2-Tareas_Secundarias/A.2-Pruebas_planta_personal/12.2.7-Impresión_de_descripción_del_cargo FAILED.
Reason:
com.kms.katalon.core.exception.StepFailedException: Unable to click on object 'Object Repository/Modulo Pruebas Planta de Personal/Impresión_de_descripción_del_cargo/span_01072021'
	at com.kms.katalon.core.webui.keyword.internal.WebUIKeywordMain.stepFailed(WebUIKeywordMain.groovy:64)
	at com.kms.katalon.core.webui.keyword.internal.WebUIKeywordMain.runKeyword(WebUIKeywordMain.groovy:26)
	at com.kms.katalon.core.webui.keyword.builtin.ClickKeyword.click(ClickKeyword.groovy:74)
	at com.kms.katalon.core.webui.keyword.builtin.ClickKeyword.execute(ClickKeyword.groovy:40)
	at com.kms.katalon.core.keyword.internal.KeywordExecutor.executeKeywordForPlatform(KeywordExecutor.groovy:74)
	at com.kms.katalon.core.webui.keyword.WebUiBuiltInKeywords.click(WebUiBuiltInKeywords.groovy:620)
	at com.kms.katalon.core.webui.keyword.WebUiBuiltInKeywords$click$5.call(Unknown Source)
	at 12.2.7-Impresión_de_descripción_del_cargo.run(12.2.7-Impresión_de_descripción_del_cargo:31)
	at com.kms.katalon.core.main.ScriptEngine.run(ScriptEngine.java:194)
	at com.kms.katalon.core.main.ScriptEngine.runScriptAsRawText(ScriptEngine.java:119)
	at com.kms.katalon.core.main.TestCaseExecutor.runScript(TestCaseExecutor.java:442)
	at com.kms.katalon.core.main.TestCaseExecutor.doExecute(TestCaseExecutor.java:433)
	at com.kms.katalon.core.main.TestCaseExecutor.processExecutionPhase(TestCaseExecutor.java:412)
	at com.kms.katalon.core.main.TestCaseExecutor.accessMainPhase(TestCaseExecutor.java:404)
	at com.kms.katalon.core.main.TestCaseExecutor.execute(TestCaseExecutor.java:281)
	at com.kms.katalon.core.main.TestSuiteExecutor.accessTestCaseMainPhase(TestSuiteExecutor.java:202)
	at com.kms.katalon.core.main.TestSuiteExecutor.accessTestSuiteMainPhase(TestSuiteExecutor.java:164)
	at com.kms.katalon.core.main.TestSuiteExecutor.execute(TestSuiteExecutor.java:105)
	at com.kms.katalon.core.main.TestCaseMain.startTestSuite(TestCaseMain.java:185)
	at com.kms.katalon.core.main.TestCaseMain$startTestSuite$0.call(Unknown Source)
	at TempTestSuite1649104047901.run(TempTestSuite1649104047901.groovy:36)
Caused by: com.kms.katalon.core.webui.exception.WebElementNotFoundException: Web element with id: 'Object Repository/Modulo Pruebas Planta de Personal/Impresión_de_descripción_del_cargo/span_01072021' located by '//*/text()[normalize-space(.)='01/07/2021']/parent::*' not found
	at com.kms.katalon.core.webui.common.WebUiCommonHelper.findWebElement(WebUiCommonHelper.java:1370)
	at com.kms.katalon.core.webui.keyword.internal.WebUIAbstractKeyword.findWebElement(WebUIAbstractKeyword.groovy:27)
	at com.kms.katalon.core.webui.keyword.builtin.ClickKeyword$_click_closure1.doCall(ClickKeyword.groovy:65)
	at com.kms.katalon.core.webui.keyword.builtin.ClickKeyword$_click_closure1.call(ClickKeyword.groovy)
	at com.kms.katalon.core.webui.keyword.internal.WebUIKeywordMain.runKeyword(WebUIKeywordMain.groovy:20)
	... 19 more]]></system-err>
      </testcase>
      <testcase name="Test Cases/1.2-Tareas_Secundarias/A.2-Pruebas_planta_personal/12.2.8-Acto_administrativo-Crear_puesto" time="34.426" classname="Test Cases/1.2-Tareas_Secundarias/A.2-Pruebas_planta_personal/12.2.8-Acto_administrativo-Crear_puesto" status="PASSED">
         <system-out><![CDATA[2022-04-04 15:34:46 - [TEST_CASE][PASSED] - Test Cases/1.2-Tareas_Secundarias/A.2-Pruebas_planta_personal/12.2.8-Acto_administrativo-Crear_puesto: Test Cases/1.2-Tareas_Secundarias/A.2-Pruebas_planta_personal/12.2.8-Acto_administrativo-Crear_puesto

2022-04-04 15:34:46 - [TEST_STEP][PASSED] - callTestCase(findTestCase("0.1-Login"), [:], STOP_ON_FAILURE): Call Test Case 'Test Cases/0.1-Login' successfully

2022-04-04 15:34:46 - [TEST_CASE][PASSED] - Test Cases/0.1-Login: Test Cases/0.1-Login

2022-04-04 15:34:46 - [TEST_STEP][PASSED] - openBrowser(""): Browser is opened with url: ''

2022-04-04 15:34:46 - [MESSAGE][WARNING] - A browser is already opened. Closing browser and opening a new one

2022-04-04 15:34:47 - [MESSAGE][INFO] - Starting 'Chrome' driver

2022-04-04 15:34:47 - [MESSAGE][INFO] - Action delay is set to 0 milliseconds

2022-04-04 15:34:48 - [MESSAGE][PASSED] - Browser is opened with url: ''

2022-04-04 15:34:48 - [TEST_STEP][PASSED] - maximizeWindow(): Current window maximized

2022-04-04 15:34:49 - [MESSAGE][PASSED] - Current window maximized

2022-04-04 15:34:49 - [TEST_STEP][PASSED] - i = G_Login: null

2022-04-04 15:34:49 - [TEST_STEP][PASSED] - url = new java.net.URL(i): null

2022-04-04 15:34:49 - [TEST_STEP][PASSED] - println("URL: " + url.toString()): null

2022-04-04 15:34:49 - [TEST_STEP][PASSED] - connection = url.openConnection(): null

2022-04-04 15:34:49 - [TEST_STEP][PASSED] - connection.setRequestMethod("GET"): null

2022-04-04 15:34:49 - [TEST_STEP][PASSED] - connection.setReadTimeout(2 * 1000): null

2022-04-04 15:34:49 - [TEST_STEP][PASSED] - try: null

2022-04-04 15:34:49 - [TEST_STEP][PASSED] - connection.connect(): null

2022-04-04 15:34:49 - [TEST_STEP][PASSED] - flag = connected: null

2022-04-04 15:34:49 - [TEST_STEP][PASSED] - println("Valor_ori: " + flag): null

2022-04-04 15:34:49 - [TEST_STEP][PASSED] - if (flag): null

2022-04-04 15:34:49 - [TEST_STEP][PASSED] - navigateToUrl(i): Navigate to 'http://192.168.2.19:8380/saraweb' successfully

2022-04-04 15:34:49 - [MESSAGE][PASSED] - Navigate to 'http://192.168.2.19:8380/saraweb' successfully

2022-04-04 15:34:49 - [TEST_STEP][PASSED] - a(): null

2022-04-04 15:34:49 - [TEST_STEP][PASSED] - setText(findTestObject("Login/input_USUARIO_loginusuario"), G_Usuario): Text 'saraadmin' is set on object 'Object Repository/Login/input_USUARIO_loginusuario'

2022-04-04 15:34:50 - [MESSAGE][PASSED] - Text 'saraadmin' is set on object 'Object Repository/Login/input_USUARIO_loginusuario'

2022-04-04 15:34:50 - [TEST_STEP][PASSED] - setEncryptedText(findTestObject("Login/input_CLAVE_loginpassword"), "MkG4/TYiCFC3cb2driP7+Q=="): Text ****** has been set on object 'Object Repository/Login/input_CLAVE_loginpassword'

2022-04-04 15:34:50 - [MESSAGE][PASSED] - Text ****** has been set on object 'Object Repository/Login/input_CLAVE_loginpassword'

2022-04-04 15:34:50 - [TEST_STEP][PASSED] - waitForElementClickable(findTestObject("Login/a_Ingresar"), G_TimeOut): Object 'Object Repository/Login/a_Ingresar' is clickable

2022-04-04 15:34:51 - [MESSAGE][PASSED] - Object 'Object Repository/Login/a_Ingresar' is clickable

2022-04-04 15:34:51 - [TEST_STEP][PASSED] - click(findTestObject("Login/a_Ingresar")): Object: 'Object Repository/Login/a_Ingresar' is clicked on

2022-04-04 15:34:52 - [MESSAGE][PASSED] - Object: 'Object Repository/Login/a_Ingresar' is clicked on

2022-04-04 15:34:52 - [TEST_STEP][PASSED] - element = findWebElement(findTestObject("Login/a_Ir"), 30): null

2022-04-04 15:34:53 - [TEST_STEP][PASSED] - executeJavaScript("arguments[0].click()", Arrays.asList(element)): Execute JavaScript 'arguments[0].click()' successfully

2022-04-04 15:34:53 - [MESSAGE][PASSED] - Execute JavaScript 'arguments[0].click()' successfully

2022-04-04 15:34:53 - [MESSAGE][PASSED] - Call Test Case 'Test Cases/0.1-Login' successfully

2022-04-04 15:34:53 - [TEST_STEP][PASSED] - setText(findTestObject("Modulo Pruebas Planta de Personal/Acto_administrativo-Crear_puesto/input_Empresa 1_form_templatej_idt24_input"), "Actos administrativos"): Text 'Actos administrativos' is set on object 'Object Repository/Modulo Pruebas Planta de Personal/Acto_administrativo-Crear_puesto/input_Empresa 1_form_templatej_idt24_input'

2022-04-04 15:34:54 - [MESSAGE][PASSED] - Text 'Actos administrativos' is set on object 'Object Repository/Modulo Pruebas Planta de Personal/Acto_administrativo-Crear_puesto/input_Empresa 1_form_templatej_idt24_input'

2022-04-04 15:34:54 - [TEST_STEP][PASSED] - click(findTestObject("Modulo Pruebas Planta de Personal/Acto_administrativo-Crear_puesto/li_Actos Administrativos (act)")): Object: 'Object Repository/Modulo Pruebas Planta de Personal/Acto_administrativo-Crear_puesto/li_Actos Administrativos (act)' is clicked on

2022-04-04 15:34:55 - [MESSAGE][PASSED] - Object: 'Object Repository/Modulo Pruebas Planta de Personal/Acto_administrativo-Crear_puesto/li_Actos Administrativos (act)' is clicked on

2022-04-04 15:34:55 - [TEST_STEP][PASSED] - click(findTestObject("Modulo Pruebas Planta de Personal/Acto_administrativo-Crear_puesto/i_Actos Ausencia_glyphicons glyphicons-user-structure x3 icon-acto")): Object: 'Object Repository/Modulo Pruebas Planta de Personal/Acto_administrativo-Crear_puesto/i_Actos Ausencia_glyphicons glyphicons-user-structure x3 icon-acto' is clicked on

2022-04-04 15:34:56 - [MESSAGE][PASSED] - Object: 'Object Repository/Modulo Pruebas Planta de Personal/Acto_administrativo-Crear_puesto/i_Actos Ausencia_glyphicons glyphicons-user-structure x3 icon-acto' is clicked on

2022-04-04 15:34:56 - [TEST_STEP][PASSED] - click(findTestObject("Modulo Pruebas Planta de Personal/Acto_administrativo-Crear_puesto/a_Acto Movimento de planta_form_ActosAdministrativostabla_principal_10j_idt79")): Object: 'Object Repository/Modulo Pruebas Planta de Personal/Acto_administrativo-Crear_puesto/a_Acto Movimento de planta_form_ActosAdministrativostabla_principal_10j_idt79' is clicked on

2022-04-04 15:34:58 - [MESSAGE][PASSED] - Object: 'Object Repository/Modulo Pruebas Planta de Personal/Acto_administrativo-Crear_puesto/a_Acto Movimento de planta_form_ActosAdministrativostabla_principal_10j_idt79' is clicked on

2022-04-04 15:34:58 - [TEST_STEP][PASSED] - click(findTestObject("Modulo Pruebas Planta de Personal/Acto_administrativo-Crear_puesto/span_crea puesto trabajo")): Object: 'Object Repository/Modulo Pruebas Planta de Personal/Acto_administrativo-Crear_puesto/span_crea puesto trabajo' is clicked on

2022-04-04 15:34:59 - [MESSAGE][PASSED] - Object: 'Object Repository/Modulo Pruebas Planta de Personal/Acto_administrativo-Crear_puesto/span_crea puesto trabajo' is clicked on

2022-04-04 15:34:59 - [TEST_STEP][PASSED] - setText(findTestObject("Modulo Pruebas Planta de Personal/Acto_administrativo-Crear_puesto/input__form_actoMovPlantaj_idt18340idTexto"), "1010220596"): Text '1010220596' is set on object 'Object Repository/Modulo Pruebas Planta de Personal/Acto_administrativo-Crear_puesto/input__form_actoMovPlantaj_idt18340idTexto'

2022-04-04 15:35:02 - [MESSAGE][PASSED] - Text '1010220596' is set on object 'Object Repository/Modulo Pruebas Planta de Personal/Acto_administrativo-Crear_puesto/input__form_actoMovPlantaj_idt18340idTexto'

2022-04-04 15:35:02 - [TEST_STEP][PASSED] - click(findTestObject("Modulo Pruebas Planta de Personal/Acto_administrativo-Crear_puesto/a_Unidad Organizacional_form_actoMovPlantaunidad")): Object: 'Object Repository/Modulo Pruebas Planta de Personal/Acto_administrativo-Crear_puesto/a_Unidad Organizacional_form_actoMovPlantaunidad' is clicked on

2022-04-04 15:35:03 - [MESSAGE][PASSED] - Object: 'Object Repository/Modulo Pruebas Planta de Personal/Acto_administrativo-Crear_puesto/a_Unidad Organizacional_form_actoMovPlantaunidad' is clicked on

2022-04-04 15:35:03 - [TEST_STEP][PASSED] - setText(findTestObject("Modulo Pruebas Planta de Personal/Acto_administrativo-Crear_puesto/input_Unidad_form_popupUnidadUsuarioj_idt1425"), "administracion"): Text 'administracion' is set on object 'Object Repository/Modulo Pruebas Planta de Personal/Acto_administrativo-Crear_puesto/input_Unidad_form_popupUnidadUsuarioj_idt1425'

2022-04-04 15:35:04 - [MESSAGE][PASSED] - Text 'administracion' is set on object 'Object Repository/Modulo Pruebas Planta de Personal/Acto_administrativo-Crear_puesto/input_Unidad_form_popupUnidadUsuarioj_idt1425'

2022-04-04 15:35:04 - [TEST_STEP][PASSED] - sendKeys(findTestObject("Modulo Pruebas Planta de Personal/Acto_administrativo-Crear_puesto/input_Unidad_form_popupUnidadUsuarioj_idt1425"), Keys.chord(ENTER)): Keys 'ENTER + ' sent to object: 'Object Repository/Modulo Pruebas Planta de Personal/Acto_administrativo-Crear_puesto/input_Unidad_form_popupUnidadUsuarioj_idt1425'

2022-04-04 15:35:04 - [MESSAGE][PASSED] - Keys 'ENTER + ' sent to object: 'Object Repository/Modulo Pruebas Planta de Personal/Acto_administrativo-Crear_puesto/input_Unidad_form_popupUnidadUsuarioj_idt1425'

2022-04-04 15:35:04 - [TEST_STEP][PASSED] - click(findTestObject("Modulo Pruebas Planta de Personal/Acto_administrativo-Crear_puesto/span_ADMINISTRACION")): Object: 'Object Repository/Modulo Pruebas Planta de Personal/Acto_administrativo-Crear_puesto/span_ADMINISTRACION' is clicked on

2022-04-04 15:35:05 - [MESSAGE][PASSED] - Object: 'Object Repository/Modulo Pruebas Planta de Personal/Acto_administrativo-Crear_puesto/span_ADMINISTRACION' is clicked on

2022-04-04 15:35:05 - [TEST_STEP][PASSED] - click(findTestObject("Modulo Pruebas Planta de Personal/Acto_administrativo-Crear_puesto/a_Cargo_form_actoMovPlantacargo")): Object: 'Object Repository/Modulo Pruebas Planta de Personal/Acto_administrativo-Crear_puesto/a_Cargo_form_actoMovPlantacargo' is clicked on

2022-04-04 15:35:06 - [MESSAGE][PASSED] - Object: 'Object Repository/Modulo Pruebas Planta de Personal/Acto_administrativo-Crear_puesto/a_Cargo_form_actoMovPlantacargo' is clicked on

2022-04-04 15:35:06 - [TEST_STEP][PASSED] - click(findTestObject("Modulo Pruebas Planta de Personal/Acto_administrativo-Crear_puesto/span_ANALISTA CONTABLE")): Object: 'Object Repository/Modulo Pruebas Planta de Personal/Acto_administrativo-Crear_puesto/span_ANALISTA CONTABLE' is clicked on

2022-04-04 15:35:06 - [MESSAGE][PASSED] - Object: 'Object Repository/Modulo Pruebas Planta de Personal/Acto_administrativo-Crear_puesto/span_ANALISTA CONTABLE' is clicked on

2022-04-04 15:35:06 - [TEST_STEP][PASSED] - selectOptionByIndex(findTestObject("Modulo Pruebas Planta de Personal/Acto_administrativo-Crear_puesto/select_AMPLEADO"), 2): All options with index in [2] are selected on object 'Object Repository/Modulo Pruebas Planta de Personal/Acto_administrativo-Crear_puesto/select_AMPLEADO'

2022-04-04 15:35:08 - [MESSAGE][PASSED] - All options with index in [2] are selected on object 'Object Repository/Modulo Pruebas Planta de Personal/Acto_administrativo-Crear_puesto/select_AMPLEADO'

2022-04-04 15:35:08 - [TEST_STEP][PASSED] - selectOptionByIndex(findTestObject("Modulo Pruebas Planta de Personal/Acto_administrativo-Crear_puesto/select_2120 HORAS1240 HORAS0NO DEFINIDO"), 2): All options with index in [2] are selected on object 'Object Repository/Modulo Pruebas Planta de Personal/Acto_administrativo-Crear_puesto/select_2120 HORAS1240 HORAS0NO DEFINIDO'

2022-04-04 15:35:09 - [MESSAGE][PASSED] - All options with index in [2] are selected on object 'Object Repository/Modulo Pruebas Planta de Personal/Acto_administrativo-Crear_puesto/select_2120 HORAS1240 HORAS0NO DEFINIDO'

2022-04-04 15:35:09 - [TEST_STEP][PASSED] - selectOptionByIndex(findTestObject("Modulo Pruebas Planta de Personal/Acto_administrativo-Crear_puesto/select_NOMINA MENSUALNOMINA QUINCENAL"), 3): All options with index in [3] are selected on object 'Object Repository/Modulo Pruebas Planta de Personal/Acto_administrativo-Crear_puesto/select_NOMINA MENSUALNOMINA QUINCENAL'

2022-04-04 15:35:10 - [MESSAGE][PASSED] - All options with index in [3] are selected on object 'Object Repository/Modulo Pruebas Planta de Personal/Acto_administrativo-Crear_puesto/select_NOMINA MENSUALNOMINA QUINCENAL'

2022-04-04 15:35:10 - [TEST_STEP][PASSED] - selectOptionByIndex(findTestObject("Modulo Pruebas Planta de Personal/Acto_administrativo-Crear_puesto/select_0.5APRENDIZ ETAPA LECTIVA6APRENDIZ ETAPA PRODUCTIVA96ASISTENTE DE INVESTIGACION11"), 8): All options with index in [8] are selected on object 'Object Repository/Modulo Pruebas Planta de Personal/Acto_administrativo-Crear_puesto/select_0.5APRENDIZ ETAPA LECTIVA6APRENDIZ ETAPA PRODUCTIVA96ASISTENTE DE INVESTIGACION11'

2022-04-04 15:35:11 - [MESSAGE][PASSED] - All options with index in [8] are selected on object 'Object Repository/Modulo Pruebas Planta de Personal/Acto_administrativo-Crear_puesto/select_0.5APRENDIZ ETAPA LECTIVA6APRENDIZ ETAPA PRODUCTIVA96ASISTENTE DE INVESTIGACION11'

2022-04-04 15:35:11 - [TEST_STEP][PASSED] - setText(findTestObject("Modulo Pruebas Planta de Personal/Acto_administrativo-Crear_puesto/input_Sueldo_form_actoMovPlantasueldo"), "1200000"): Text '1200000' is set on object 'Object Repository/Modulo Pruebas Planta de Personal/Acto_administrativo-Crear_puesto/input_Sueldo_form_actoMovPlantasueldo'

2022-04-04 15:35:12 - [MESSAGE][PASSED] - Text '1200000' is set on object 'Object Repository/Modulo Pruebas Planta de Personal/Acto_administrativo-Crear_puesto/input_Sueldo_form_actoMovPlantasueldo'

2022-04-04 15:35:12 - [TEST_STEP][PASSED] - click(findTestObject("Modulo Pruebas Planta de Personal/Acto_administrativo-Crear_puesto/a_Continuar")): Object: 'Object Repository/Modulo Pruebas Planta de Personal/Acto_administrativo-Crear_puesto/a_Continuar' is clicked on

2022-04-04 15:35:12 - [MESSAGE][PASSED] - Object: 'Object Repository/Modulo Pruebas Planta de Personal/Acto_administrativo-Crear_puesto/a_Continuar' is clicked on

2022-04-04 15:35:12 - [TEST_STEP][PASSED] - doubleClick(findTestObject("Modulo Pruebas Planta de Personal/Acto_administrativo-Crear_puesto/a_Aceptar")): Object: 'Object Repository/Modulo Pruebas Planta de Personal/Acto_administrativo-Crear_puesto/a_Aceptar' is double clicked on

2022-04-04 15:35:17 - [MESSAGE][PASSED] - Object: 'Object Repository/Modulo Pruebas Planta de Personal/Acto_administrativo-Crear_puesto/a_Aceptar' is double clicked on

2022-04-04 15:35:17 - [TEST_STEP][PASSED] - click(findTestObject("Modulo Pruebas Planta de Personal/Acto_administrativo-Crear_puesto/a_Aplicar")): Object: 'Object Repository/Modulo Pruebas Planta de Personal/Acto_administrativo-Crear_puesto/a_Aplicar' is clicked on

2022-04-04 15:35:17 - [MESSAGE][PASSED] - Object: 'Object Repository/Modulo Pruebas Planta de Personal/Acto_administrativo-Crear_puesto/a_Aplicar' is clicked on

2022-04-04 15:35:17 - [TEST_STEP][PASSED] - click(findTestObject("Modulo Pruebas Planta de Personal/Acto_administrativo-Crear_puesto/span_Si")): Object: 'Object Repository/Modulo Pruebas Planta de Personal/Acto_administrativo-Crear_puesto/span_Si' is clicked on

2022-04-04 15:35:18 - [MESSAGE][PASSED] - Object: 'Object Repository/Modulo Pruebas Planta de Personal/Acto_administrativo-Crear_puesto/span_Si' is clicked on

2022-04-04 15:35:18 - [TEST_STEP][PASSED] - doubleClick(findTestObject("Modulo Pruebas Planta de Personal/Acto_administrativo-Crear_puesto/a_Aceptar")): Object: 'Object Repository/Modulo Pruebas Planta de Personal/Acto_administrativo-Crear_puesto/a_Aceptar' is double clicked on

2022-04-04 15:35:19 - [MESSAGE][PASSED] - Object: 'Object Repository/Modulo Pruebas Planta de Personal/Acto_administrativo-Crear_puesto/a_Aceptar' is double clicked on

2022-04-04 15:35:19 - [TEST_STEP][PASSED] - if (waitForElementVisible(findTestObject("Modulo Pruebas Planta de Personal/Acto_administrativo-Crear_puesto/span_crea puesto trabajo"), 1)): null

2022-04-04 15:35:20 - [MESSAGE][PASSED] - Object 'Object Repository/Modulo Pruebas Planta de Personal/Acto_administrativo-Crear_puesto/span_crea puesto trabajo' is visible

2022-04-04 15:35:20 - [TEST_STEP][PASSED] - closeBrowser(): Browser is closed

2022-04-04 15:35:20 - [MESSAGE][PASSED] - Browser is closed]]></system-out>
         <system-err><![CDATA[]]></system-err>
      </testcase>
      <testcase name="Test Cases/1.2-Tareas_Secundarias/A.2-Pruebas_planta_personal/12.2.9-Acto_administrativo-Traslado_puesto" time="25.897" classname="Test Cases/1.2-Tareas_Secundarias/A.2-Pruebas_planta_personal/12.2.9-Acto_administrativo-Traslado_puesto" status="PASSED">
         <system-out><![CDATA[2022-04-04 15:35:20 - [TEST_CASE][PASSED] - Test Cases/1.2-Tareas_Secundarias/A.2-Pruebas_planta_personal/12.2.9-Acto_administrativo-Traslado_puesto: Test Cases/1.2-Tareas_Secundarias/A.2-Pruebas_planta_personal/12.2.9-Acto_administrativo-Traslado_puesto

2022-04-04 15:35:21 - [TEST_STEP][PASSED] - today = new java.util.Date(): null

2022-04-04 15:35:21 - [TEST_STEP][PASSED] - Dia = today.format("dd"): null

2022-04-04 15:35:21 - [TEST_STEP][PASSED] - Mes = today.format("MM"): null

2022-04-04 15:35:21 - [TEST_STEP][PASSED] - Año = today.format("yyy"): null

2022-04-04 15:35:21 - [TEST_STEP][PASSED] - Fecha = Dia + "/" + Mes + "/" + Año: null

2022-04-04 15:35:21 - [TEST_STEP][PASSED] - callTestCase(findTestCase("0.1-Login"), [:], STOP_ON_FAILURE): Call Test Case 'Test Cases/0.1-Login' successfully

2022-04-04 15:35:21 - [TEST_CASE][PASSED] - Test Cases/0.1-Login: Test Cases/0.1-Login

2022-04-04 15:35:21 - [TEST_STEP][PASSED] - openBrowser(""): Browser is opened with url: ''

2022-04-04 15:35:21 - [MESSAGE][INFO] - Starting 'Chrome' driver

2022-04-04 15:35:21 - [MESSAGE][INFO] - Action delay is set to 0 milliseconds

2022-04-04 15:35:22 - [MESSAGE][PASSED] - Browser is opened with url: ''

2022-04-04 15:35:22 - [TEST_STEP][PASSED] - maximizeWindow(): Current window maximized

2022-04-04 15:35:22 - [MESSAGE][PASSED] - Current window maximized

2022-04-04 15:35:22 - [TEST_STEP][PASSED] - i = G_Login: null

2022-04-04 15:35:22 - [TEST_STEP][PASSED] - url = new java.net.URL(i): null

2022-04-04 15:35:22 - [TEST_STEP][PASSED] - println("URL: " + url.toString()): null

2022-04-04 15:35:22 - [TEST_STEP][PASSED] - connection = url.openConnection(): null

2022-04-04 15:35:22 - [TEST_STEP][PASSED] - connection.setRequestMethod("GET"): null

2022-04-04 15:35:22 - [TEST_STEP][PASSED] - connection.setReadTimeout(2 * 1000): null

2022-04-04 15:35:22 - [TEST_STEP][PASSED] - try: null

2022-04-04 15:35:22 - [TEST_STEP][PASSED] - connection.connect(): null

2022-04-04 15:35:22 - [TEST_STEP][PASSED] - flag = connected: null

2022-04-04 15:35:22 - [TEST_STEP][PASSED] - println("Valor_ori: " + flag): null

2022-04-04 15:35:22 - [TEST_STEP][PASSED] - if (flag): null

2022-04-04 15:35:22 - [TEST_STEP][PASSED] - navigateToUrl(i): Navigate to 'http://192.168.2.19:8380/saraweb' successfully

2022-04-04 15:35:23 - [MESSAGE][PASSED] - Navigate to 'http://192.168.2.19:8380/saraweb' successfully

2022-04-04 15:35:23 - [TEST_STEP][PASSED] - a(): null

2022-04-04 15:35:23 - [TEST_STEP][PASSED] - setText(findTestObject("Login/input_USUARIO_loginusuario"), G_Usuario): Text 'saraadmin' is set on object 'Object Repository/Login/input_USUARIO_loginusuario'

2022-04-04 15:35:24 - [MESSAGE][PASSED] - Text 'saraadmin' is set on object 'Object Repository/Login/input_USUARIO_loginusuario'

2022-04-04 15:35:24 - [TEST_STEP][PASSED] - setEncryptedText(findTestObject("Login/input_CLAVE_loginpassword"), "MkG4/TYiCFC3cb2driP7+Q=="): Text ****** has been set on object 'Object Repository/Login/input_CLAVE_loginpassword'

2022-04-04 15:35:24 - [MESSAGE][PASSED] - Text ****** has been set on object 'Object Repository/Login/input_CLAVE_loginpassword'

2022-04-04 15:35:24 - [TEST_STEP][PASSED] - waitForElementClickable(findTestObject("Login/a_Ingresar"), G_TimeOut): Object 'Object Repository/Login/a_Ingresar' is clickable

2022-04-04 15:35:24 - [MESSAGE][PASSED] - Object 'Object Repository/Login/a_Ingresar' is clickable

2022-04-04 15:35:24 - [TEST_STEP][PASSED] - click(findTestObject("Login/a_Ingresar")): Object: 'Object Repository/Login/a_Ingresar' is clicked on

2022-04-04 15:35:26 - [MESSAGE][PASSED] - Object: 'Object Repository/Login/a_Ingresar' is clicked on

2022-04-04 15:35:26 - [TEST_STEP][PASSED] - element = findWebElement(findTestObject("Login/a_Ir"), 30): null

2022-04-04 15:35:26 - [TEST_STEP][PASSED] - executeJavaScript("arguments[0].click()", Arrays.asList(element)): Execute JavaScript 'arguments[0].click()' successfully

2022-04-04 15:35:26 - [MESSAGE][PASSED] - Execute JavaScript 'arguments[0].click()' successfully

2022-04-04 15:35:26 - [MESSAGE][PASSED] - Call Test Case 'Test Cases/0.1-Login' successfully

2022-04-04 15:35:26 - [TEST_STEP][PASSED] - setText(findTestObject("Modulo Pruebas Planta de Personal/Acto_administrativo-Traslado_puesto/input_Empresa 1_form_templatej_idt24_input"), "Actos administrativos"): Text 'Actos administrativos' is set on object 'Object Repository/Modulo Pruebas Planta de Personal/Acto_administrativo-Traslado_puesto/input_Empresa 1_form_templatej_idt24_input'

2022-04-04 15:35:27 - [MESSAGE][PASSED] - Text 'Actos administrativos' is set on object 'Object Repository/Modulo Pruebas Planta de Personal/Acto_administrativo-Traslado_puesto/input_Empresa 1_form_templatej_idt24_input'

2022-04-04 15:35:27 - [TEST_STEP][PASSED] - click(findTestObject("Modulo Pruebas Planta de Personal/Acto_administrativo-Traslado_puesto/span_Actos Administrativos")): Object: 'Object Repository/Modulo Pruebas Planta de Personal/Acto_administrativo-Traslado_puesto/span_Actos Administrativos' is clicked on

2022-04-04 15:35:29 - [MESSAGE][PASSED] - Object: 'Object Repository/Modulo Pruebas Planta de Personal/Acto_administrativo-Traslado_puesto/span_Actos Administrativos' is clicked on

2022-04-04 15:35:29 - [TEST_STEP][PASSED] - click(findTestObject("Modulo Pruebas Planta de Personal/Acto_administrativo-Traslado_puesto/i_Actos Ausencia_glyphicons glyphicons-user-structure x3 icon-acto")): Object: 'Object Repository/Modulo Pruebas Planta de Personal/Acto_administrativo-Traslado_puesto/i_Actos Ausencia_glyphicons glyphicons-user-structure x3 icon-acto' is clicked on

2022-04-04 15:35:29 - [MESSAGE][PASSED] - Object: 'Object Repository/Modulo Pruebas Planta de Personal/Acto_administrativo-Traslado_puesto/i_Actos Ausencia_glyphicons glyphicons-user-structure x3 icon-acto' is clicked on

2022-04-04 15:35:29 - [TEST_STEP][PASSED] - click(findTestObject("Modulo Pruebas Planta de Personal/Acto_administrativo-Traslado_puesto/a_Acto Movimento de planta_form_ActosAdministrativostabla_principal_10j_idt79")): Object: 'Object Repository/Modulo Pruebas Planta de Personal/Acto_administrativo-Traslado_puesto/a_Acto Movimento de planta_form_ActosAdministrativostabla_principal_10j_idt79' is clicked on

2022-04-04 15:35:30 - [MESSAGE][PASSED] - Object: 'Object Repository/Modulo Pruebas Planta de Personal/Acto_administrativo-Traslado_puesto/a_Acto Movimento de planta_form_ActosAdministrativostabla_principal_10j_idt79' is clicked on

2022-04-04 15:35:30 - [TEST_STEP][PASSED] - click(findTestObject("Modulo Pruebas Planta de Personal/Acto_administrativo-Traslado_puesto/span_movimiento de planta traslado puesto de trabajo")): Object: 'Object Repository/Modulo Pruebas Planta de Personal/Acto_administrativo-Traslado_puesto/span_movimiento de planta traslado puesto de trabajo' is clicked on

2022-04-04 15:35:31 - [MESSAGE][PASSED] - Object: 'Object Repository/Modulo Pruebas Planta de Personal/Acto_administrativo-Traslado_puesto/span_movimiento de planta traslado puesto de trabajo' is clicked on

2022-04-04 15:35:31 - [TEST_STEP][PASSED] - click(findTestObject("Modulo Pruebas Planta de Personal/Acto_administrativo-Traslado_puesto/a_Elaboracin_form_popupSeleccionDerogarj_idt138")): Object: 'Object Repository/Modulo Pruebas Planta de Personal/Acto_administrativo-Traslado_puesto/a_Elaboracin_form_popupSeleccionDerogarj_idt138' is clicked on

2022-04-04 15:35:31 - [MESSAGE][PASSED] - Object: 'Object Repository/Modulo Pruebas Planta de Personal/Acto_administrativo-Traslado_puesto/a_Elaboracin_form_popupSeleccionDerogarj_idt138' is clicked on

2022-04-04 15:35:31 - [TEST_STEP][PASSED] - setText(findTestObject("Modulo Pruebas Planta de Personal/Acto_administrativo-Traslado_puesto/input__form_actoMovPlantaLiberaTransladaj_idt20880idTexto"), "5"): Text '5' is set on object 'Object Repository/Modulo Pruebas Planta de Personal/Acto_administrativo-Traslado_puesto/input__form_actoMovPlantaLiberaTransladaj_idt20880idTexto'

2022-04-04 15:35:33 - [MESSAGE][PASSED] - Text '5' is set on object 'Object Repository/Modulo Pruebas Planta de Personal/Acto_administrativo-Traslado_puesto/input__form_actoMovPlantaLiberaTransladaj_idt20880idTexto'

2022-04-04 15:35:33 - [TEST_STEP][PASSED] - setText(findTestObject("Modulo Pruebas Planta de Personal/Acto_administrativo-Traslado_puesto/input__form_actoMovPlantaLiberaTransladaj_idt20881fecha_input"), Fecha): Text '04/04/2022' is set on object 'Object Repository/Modulo Pruebas Planta de Personal/Acto_administrativo-Traslado_puesto/input__form_actoMovPlantaLiberaTransladaj_idt20881fecha_input'

2022-04-04 15:35:34 - [MESSAGE][PASSED] - Text '04/04/2022' is set on object 'Object Repository/Modulo Pruebas Planta de Personal/Acto_administrativo-Traslado_puesto/input__form_actoMovPlantaLiberaTransladaj_idt20881fecha_input'

2022-04-04 15:35:34 - [TEST_STEP][PASSED] - click(findTestObject("Modulo Pruebas Planta de Personal/Acto_administrativo-Traslado_puesto/a_Unidad Organizacional_form_actoMovPlantaLiberaTransladaunidad_antes")): Object: 'Object Repository/Modulo Pruebas Planta de Personal/Acto_administrativo-Traslado_puesto/a_Unidad Organizacional_form_actoMovPlantaLiberaTransladaunidad_antes' is clicked on

2022-04-04 15:35:34 - [MESSAGE][PASSED] - Object: 'Object Repository/Modulo Pruebas Planta de Personal/Acto_administrativo-Traslado_puesto/a_Unidad Organizacional_form_actoMovPlantaLiberaTransladaunidad_antes' is clicked on

2022-04-04 15:35:34 - [TEST_STEP][PASSED] - setText(findTestObject("Modulo Pruebas Planta de Personal/Acto_administrativo-Traslado_puesto/input_Unidad_form_popupUnidadUsuarioj_idt1425"), "A1"): Text 'A1' is set on object 'Object Repository/Modulo Pruebas Planta de Personal/Acto_administrativo-Traslado_puesto/input_Unidad_form_popupUnidadUsuarioj_idt1425'

2022-04-04 15:35:35 - [MESSAGE][PASSED] - Text 'A1' is set on object 'Object Repository/Modulo Pruebas Planta de Personal/Acto_administrativo-Traslado_puesto/input_Unidad_form_popupUnidadUsuarioj_idt1425'

2022-04-04 15:35:35 - [TEST_STEP][PASSED] - sendKeys(findTestObject("Modulo Pruebas Planta de Personal/Acto_administrativo-Traslado_puesto/input_Unidad_form_popupUnidadUsuarioj_idt1425"), Keys.chord(ENTER)): Keys 'ENTER + ' sent to object: 'Object Repository/Modulo Pruebas Planta de Personal/Acto_administrativo-Traslado_puesto/input_Unidad_form_popupUnidadUsuarioj_idt1425'

2022-04-04 15:35:35 - [MESSAGE][PASSED] - Keys 'ENTER + ' sent to object: 'Object Repository/Modulo Pruebas Planta de Personal/Acto_administrativo-Traslado_puesto/input_Unidad_form_popupUnidadUsuarioj_idt1425'

2022-04-04 15:35:35 - [TEST_STEP][PASSED] - click(findTestObject("Modulo Pruebas Planta de Personal/Acto_administrativo-Traslado_puesto/span_ADMINISTRACION")): Object: 'Object Repository/Modulo Pruebas Planta de Personal/Acto_administrativo-Traslado_puesto/span_ADMINISTRACION' is clicked on

2022-04-04 15:35:37 - [MESSAGE][PASSED] - Object: 'Object Repository/Modulo Pruebas Planta de Personal/Acto_administrativo-Traslado_puesto/span_ADMINISTRACION' is clicked on

2022-04-04 15:35:37 - [TEST_STEP][PASSED] - click(findTestObject("Modulo Pruebas Planta de Personal/Acto_administrativo-Traslado_puesto/a_Cargo_form_actoMovPlantaLiberaTransladacargo_antes")): Object: 'Object Repository/Modulo Pruebas Planta de Personal/Acto_administrativo-Traslado_puesto/a_Cargo_form_actoMovPlantaLiberaTransladacargo_antes' is clicked on

2022-04-04 15:35:37 - [MESSAGE][PASSED] - Object: 'Object Repository/Modulo Pruebas Planta de Personal/Acto_administrativo-Traslado_puesto/a_Cargo_form_actoMovPlantaLiberaTransladacargo_antes' is clicked on

2022-04-04 15:35:37 - [TEST_STEP][PASSED] - click(findTestObject("Modulo Pruebas Planta de Personal/Acto_administrativo-Traslado_puesto/span_ANALISTA CONTABLE")): Object: 'Object Repository/Modulo Pruebas Planta de Personal/Acto_administrativo-Traslado_puesto/span_ANALISTA CONTABLE' is clicked on

2022-04-04 15:35:38 - [MESSAGE][PASSED] - Object: 'Object Repository/Modulo Pruebas Planta de Personal/Acto_administrativo-Traslado_puesto/span_ANALISTA CONTABLE' is clicked on

2022-04-04 15:35:38 - [TEST_STEP][PASSED] - click(findTestObject("Modulo Pruebas Planta de Personal/Acto_administrativo-Traslado_puesto/a_Continuar")): Object: 'Object Repository/Modulo Pruebas Planta de Personal/Acto_administrativo-Traslado_puesto/a_Continuar' is clicked on

2022-04-04 15:35:39 - [MESSAGE][PASSED] - Object: 'Object Repository/Modulo Pruebas Planta de Personal/Acto_administrativo-Traslado_puesto/a_Continuar' is clicked on

2022-04-04 15:35:39 - [TEST_STEP][PASSED] - click(findTestObject("Modulo Pruebas Planta de Personal/Acto_administrativo-Traslado_puesto/td")): Object: 'Object Repository/Modulo Pruebas Planta de Personal/Acto_administrativo-Traslado_puesto/td' is clicked on

2022-04-04 15:35:41 - [MESSAGE][PASSED] - Object: 'Object Repository/Modulo Pruebas Planta de Personal/Acto_administrativo-Traslado_puesto/td' is clicked on

2022-04-04 15:35:41 - [TEST_STEP][PASSED] - click(findTestObject("Modulo Pruebas Planta de Personal/Acto_administrativo-Traslado_puesto/a_Continuar")): Object: 'Object Repository/Modulo Pruebas Planta de Personal/Acto_administrativo-Traslado_puesto/a_Continuar' is clicked on

2022-04-04 15:35:42 - [MESSAGE][PASSED] - Object: 'Object Repository/Modulo Pruebas Planta de Personal/Acto_administrativo-Traslado_puesto/a_Continuar' is clicked on

2022-04-04 15:35:42 - [TEST_STEP][PASSED] - click(findTestObject("Modulo Pruebas Planta de Personal/Acto_administrativo-Traslado_puesto/a_Aplicar")): Object: 'Object Repository/Modulo Pruebas Planta de Personal/Acto_administrativo-Traslado_puesto/a_Aplicar' is clicked on

2022-04-04 15:35:43 - [MESSAGE][PASSED] - Object: 'Object Repository/Modulo Pruebas Planta de Personal/Acto_administrativo-Traslado_puesto/a_Aplicar' is clicked on

2022-04-04 15:35:43 - [TEST_STEP][PASSED] - click(findTestObject("Modulo Pruebas Planta de Personal/Acto_administrativo-Traslado_puesto/span_Si")): Object: 'Object Repository/Modulo Pruebas Planta de Personal/Acto_administrativo-Traslado_puesto/span_Si' is clicked on

2022-04-04 15:35:43 - [MESSAGE][PASSED] - Object: 'Object Repository/Modulo Pruebas Planta de Personal/Acto_administrativo-Traslado_puesto/span_Si' is clicked on

2022-04-04 15:35:43 - [TEST_STEP][PASSED] - waitForElementVisible(findTestObject("Modulo Pruebas Planta de Personal/Acto_administrativo-Traslado_puesto/label_EL SISTEMA HA GENERADO EL ACTO ADMINISTRATIVO CORRECTAMENTE"), 0): Object 'Object Repository/Modulo Pruebas Planta de Personal/Acto_administrativo-Traslado_puesto/label_EL SISTEMA HA GENERADO EL ACTO ADMINISTRATIVO CORRECTAMENTE' is visible

2022-04-04 15:35:44 - [MESSAGE][WARNING] - Timeout '0' is invalid. Using default page load timeout: '45'

2022-04-04 15:35:44 - [MESSAGE][PASSED] - Object 'Object Repository/Modulo Pruebas Planta de Personal/Acto_administrativo-Traslado_puesto/label_EL SISTEMA HA GENERADO EL ACTO ADMINISTRATIVO CORRECTAMENTE' is visible

2022-04-04 15:35:44 - [TEST_STEP][PASSED] - click(findTestObject("Modulo Pruebas Planta de Personal/Acto_administrativo-Traslado_puesto/a_Aceptar")): Object: 'Object Repository/Modulo Pruebas Planta de Personal/Acto_administrativo-Traslado_puesto/a_Aceptar' is clicked on

2022-04-04 15:35:45 - [MESSAGE][PASSED] - Object: 'Object Repository/Modulo Pruebas Planta de Personal/Acto_administrativo-Traslado_puesto/a_Aceptar' is clicked on

2022-04-04 15:35:45 - [TEST_STEP][PASSED] - if (waitForElementVisible(findTestObject("Modulo Pruebas Planta de Personal/Acto_administrativo-Traslado_puesto/span_movimiento de planta traslado puesto de trabajo"), 1)): null

2022-04-04 15:35:45 - [MESSAGE][PASSED] - Object 'Object Repository/Modulo Pruebas Planta de Personal/Acto_administrativo-Traslado_puesto/span_movimiento de planta traslado puesto de trabajo' is visible

2022-04-04 15:35:45 - [TEST_STEP][PASSED] - closeBrowser(): Browser is closed

2022-04-04 15:35:46 - [MESSAGE][PASSED] - Browser is closed]]></system-out>
         <system-err><![CDATA[]]></system-err>
      </testcase>
      <system-out><![CDATA[2022-04-04 15:27:35 - [TEST_SUITE][FAILED] - A2-Pruebas_Planta_Personal: Test Cases/1.2-Tareas_Secundarias/A.2-Pruebas_planta_personal/12.2.4-Copiar_perfil_(Puesto_de_Trabajo) FAILED.
Reason:
com.kms.katalon.core.exception.StepFailedException: Unable to click on object 'Object Repository/Modulo Pruebas Planta de Personal/Copiar_perfil_(Puesto_de_Trabajo)/span_40 MIL STAFF'
	at com.kms.katalon.core.webui.keyword.internal.WebUIKeywordMain.stepFailed(WebUIKeywordMain.groovy:64)
	at com.kms.katalon.core.webui.keyword.internal.WebUIKeywordMain.runKeyword(WebUIKeywordMain.groovy:26)
	at com.kms.katalon.core.webui.keyword.builtin.ClickKeyword.click(ClickKeyword.groovy:74)
	at com.kms.katalon.core.webui.keyword.builtin.ClickKeyword.execute(ClickKeyword.groovy:40)
	at com.kms.katalon.core.keyword.internal.KeywordExecutor.executeKeywordForPlatform(KeywordExecutor.groovy:74)
	at com.kms.katalon.core.webui.keyword.WebUiBuiltInKeywords.click(WebUiBuiltInKeywords.groovy:620)
	at com.kms.katalon.core.webui.keyword.WebUiBuiltInKeywords$click$5.call(Unknown Source)
	at 12.2.4-Copiar_perfil_(Puesto_de_Trabajo).run(12.2.4-Copiar_perfil_(Puesto_de_Trabajo):48)
	at com.kms.katalon.core.main.ScriptEngine.run(ScriptEngine.java:194)
	at com.kms.katalon.core.main.ScriptEngine.runScriptAsRawText(ScriptEngine.java:119)
	at com.kms.katalon.core.main.TestCaseExecutor.runScript(TestCaseExecutor.java:442)
	at com.kms.katalon.core.main.TestCaseExecutor.doExecute(TestCaseExecutor.java:433)
	at com.kms.katalon.core.main.TestCaseExecutor.processExecutionPhase(TestCaseExecutor.java:412)
	at com.kms.katalon.core.main.TestCaseExecutor.accessMainPhase(TestCaseExecutor.java:404)
	at com.kms.katalon.core.main.TestCaseExecutor.execute(TestCaseExecutor.java:281)
	at com.kms.katalon.core.main.TestSuiteExecutor.accessTestCaseMainPhase(TestSuiteExecutor.java:202)
	at com.kms.katalon.core.main.TestSuiteExecutor.accessTestSuiteMainPhase(TestSuiteExecutor.java:164)
	at com.kms.katalon.core.main.TestSuiteExecutor.execute(TestSuiteExecutor.java:105)
	at com.kms.katalon.core.main.TestCaseMain.startTestSuite(TestCaseMain.java:185)
	at com.kms.katalon.core.main.TestCaseMain$startTestSuite$0.call(Unknown Source)
	at TempTestSuite1649104047901.run(TempTestSuite1649104047901.groovy:36)
Caused by: com.kms.katalon.core.webui.exception.WebElementNotFoundException: Web element with id: 'Object Repository/Modulo Pruebas Planta de Personal/Copiar_perfil_(Puesto_de_Trabajo)/span_40 MIL STAFF' located by '//*/text()[normalize-space(.)='40 MIL STAFF']/parent::*' not found
	at com.kms.katalon.core.webui.common.WebUiCommonHelper.findWebElement(WebUiCommonHelper.java:1370)
	at com.kms.katalon.core.webui.keyword.internal.WebUIAbstractKeyword.findWebElement(WebUIAbstractKeyword.groovy:27)
	at com.kms.katalon.core.webui.keyword.builtin.ClickKeyword$_click_closure1.doCall(ClickKeyword.groovy:65)
	at com.kms.katalon.core.webui.keyword.builtin.ClickKeyword$_click_closure1.call(ClickKeyword.groovy)
	at com.kms.katalon.core.webui.keyword.internal.WebUIKeywordMain.runKeyword(WebUIKeywordMain.groovy:20)
	... 19 more]]></system-out>
      <system-err><![CDATA[2022-04-04 15:27:35 - [TEST_SUITE][FAILED] - A2-Pruebas_Planta_Personal: Test Cases/1.2-Tareas_Secundarias/A.2-Pruebas_planta_personal/12.2.4-Copiar_perfil_(Puesto_de_Trabajo) FAILED.
Reason:
com.kms.katalon.core.exception.StepFailedException: Unable to click on object 'Object Repository/Modulo Pruebas Planta de Personal/Copiar_perfil_(Puesto_de_Trabajo)/span_40 MIL STAFF'
	at com.kms.katalon.core.webui.keyword.internal.WebUIKeywordMain.stepFailed(WebUIKeywordMain.groovy:64)
	at com.kms.katalon.core.webui.keyword.internal.WebUIKeywordMain.runKeyword(WebUIKeywordMain.groovy:26)
	at com.kms.katalon.core.webui.keyword.builtin.ClickKeyword.click(ClickKeyword.groovy:74)
	at com.kms.katalon.core.webui.keyword.builtin.ClickKeyword.execute(ClickKeyword.groovy:40)
	at com.kms.katalon.core.keyword.internal.KeywordExecutor.executeKeywordForPlatform(KeywordExecutor.groovy:74)
	at com.kms.katalon.core.webui.keyword.WebUiBuiltInKeywords.click(WebUiBuiltInKeywords.groovy:620)
	at com.kms.katalon.core.webui.keyword.WebUiBuiltInKeywords$click$5.call(Unknown Source)
	at 12.2.4-Copiar_perfil_(Puesto_de_Trabajo).run(12.2.4-Copiar_perfil_(Puesto_de_Trabajo):48)
	at com.kms.katalon.core.main.ScriptEngine.run(ScriptEngine.java:194)
	at com.kms.katalon.core.main.ScriptEngine.runScriptAsRawText(ScriptEngine.java:119)
	at com.kms.katalon.core.main.TestCaseExecutor.runScript(TestCaseExecutor.java:442)
	at com.kms.katalon.core.main.TestCaseExecutor.doExecute(TestCaseExecutor.java:433)
	at com.kms.katalon.core.main.TestCaseExecutor.processExecutionPhase(TestCaseExecutor.java:412)
	at com.kms.katalon.core.main.TestCaseExecutor.accessMainPhase(TestCaseExecutor.java:404)
	at com.kms.katalon.core.main.TestCaseExecutor.execute(TestCaseExecutor.java:281)
	at com.kms.katalon.core.main.TestSuiteExecutor.accessTestCaseMainPhase(TestSuiteExecutor.java:202)
	at com.kms.katalon.core.main.TestSuiteExecutor.accessTestSuiteMainPhase(TestSuiteExecutor.java:164)
	at com.kms.katalon.core.main.TestSuiteExecutor.execute(TestSuiteExecutor.java:105)
	at com.kms.katalon.core.main.TestCaseMain.startTestSuite(TestCaseMain.java:185)
	at com.kms.katalon.core.main.TestCaseMain$startTestSuite$0.call(Unknown Source)
	at TempTestSuite1649104047901.run(TempTestSuite1649104047901.groovy:36)
Caused by: com.kms.katalon.core.webui.exception.WebElementNotFoundException: Web element with id: 'Object Repository/Modulo Pruebas Planta de Personal/Copiar_perfil_(Puesto_de_Trabajo)/span_40 MIL STAFF' located by '//*/text()[normalize-space(.)='40 MIL STAFF']/parent::*' not found
	at com.kms.katalon.core.webui.common.WebUiCommonHelper.findWebElement(WebUiCommonHelper.java:1370)
	at com.kms.katalon.core.webui.keyword.internal.WebUIAbstractKeyword.findWebElement(WebUIAbstractKeyword.groovy:27)
	at com.kms.katalon.core.webui.keyword.builtin.ClickKeyword$_click_closure1.doCall(ClickKeyword.groovy:65)
	at com.kms.katalon.core.webui.keyword.builtin.ClickKeyword$_click_closure1.call(ClickKeyword.groovy)
	at com.kms.katalon.core.webui.keyword.internal.WebUIKeywordMain.runKeyword(WebUIKeywordMain.groovy:20)
	... 19 more]]></system-err>
   </testsuite>
</testsuites>
