<?xml version="1.0" encoding="UTF-8"?>
<testsuites name="5-Pruebas SST" time="702.214" tests="9" failures="0" errors="0">
   <testsuite name="5-Pruebas SST" tests="9" failures="0" errors="0" time="702.214" skipped="0" timestamp="2022-03-08 14:31:39" hostname="diego.rojas - US-AF-000371" id="Test Suites/5-Pruebas SST">
      <properties>
         <property name="deviceName" value=""/>
         <property name="devicePlatform" value=""/>
         <property name="logFolder" value="C:\\Users\\diego.rojas\\git\\Pruebas-Minimas\\Reports\\20220308_142515\\5-Pruebas SST\\20220308_142541"/>
         <property name="logFiles" value="C:\\Users\\diego.rojas\\git\\Pruebas-Minimas\\Reports\\20220308_142515\\5-Pruebas SST\\20220308_142541\\execution0.log"/>
         <property name="attachments" value=""/>
         <property name="hostName" value="diego.rojas - US-AF-000371"/>
         <property name="os" value="Windows 10 64bit"/>
         <property name="katalonVersion" value="8.2.5.208"/>
         <property name="browser" value="Chrome 98.0.4758.102"/>
         <property name="hostAddress" value="192.168.56.1"/>
         <property name="sessionId" value="a7139ef23fa7e4194cfa14adde0ebfa3"/>
         <property name="seleniumVersion" value="3.141.59"/>
         <property name="proxyInformation" value="ProxyInformation { proxyOption=NO_PROXY, proxyServerType=HTTP, username=, password=********, proxyServerAddress=, proxyServerPort=0, executionList=&quot;&quot;, isApplyToDesiredCapabilities=true }"/>
         <property name="platform" value="Windows 10"/>
      </properties>
      <testcase name="Test Cases/5.1-Pruebas_SST/5.1.1-Reporte_de_accidente_de_trabajo" time="106.219" classname="Test Cases/5.1-Pruebas_SST/5.1.1-Reporte_de_accidente_de_trabajo" status="PASSED">
         <system-out><![CDATA[2022-03-08 14:31:39 - [TEST_CASE][PASSED] - Test Cases/5.1-Pruebas_SST/5.1.1-Reporte_de_accidente_de_trabajo: Test Cases/5.1-Pruebas_SST/5.1.1-Reporte_de_accidente_de_trabajo

2022-03-08 14:31:40 - [TEST_STEP][PASSED] - callTestCase(findTestCase("0.1-Login"), [:], STOP_ON_FAILURE): Call Test Case 'Test Cases/0.1-Login' successfully

2022-03-08 14:31:40 - [TEST_CASE][PASSED] - Test Cases/0.1-Login: Test Cases/0.1-Login

2022-03-08 14:31:41 - [TEST_STEP][PASSED] - openBrowser(""): Browser is opened with url: ''

2022-03-08 14:31:41 - [MESSAGE][INFO] - Starting 'Chrome' driver

2022-03-08 14:31:41 - [MESSAGE][INFO] - Action delay is set to 0 milliseconds

2022-03-08 14:31:44 - [MESSAGE][PASSED] - Browser is opened with url: ''

2022-03-08 14:31:44 - [TEST_STEP][PASSED] - maximizeWindow(): Current window maximized

2022-03-08 14:31:44 - [MESSAGE][PASSED] - Current window maximized

2022-03-08 14:31:44 - [TEST_STEP][PASSED] - i = G_Login: null

2022-03-08 14:31:45 - [TEST_STEP][PASSED] - url = new java.net.URL(i): null

2022-03-08 14:31:45 - [TEST_STEP][PASSED] - println("URL: " + url.toString()): null

2022-03-08 14:31:45 - [TEST_STEP][PASSED] - connection = url.openConnection(): null

2022-03-08 14:31:45 - [TEST_STEP][PASSED] - connection.setRequestMethod("GET"): null

2022-03-08 14:31:45 - [TEST_STEP][PASSED] - connection.setReadTimeout(2 * 1000): null

2022-03-08 14:31:45 - [TEST_STEP][PASSED] - try: null

2022-03-08 14:31:45 - [TEST_STEP][PASSED] - connection.connect(): null

2022-03-08 14:31:45 - [TEST_STEP][PASSED] - flag = connected: null

2022-03-08 14:31:45 - [TEST_STEP][PASSED] - println("Valor_ori: " + flag): null

2022-03-08 14:31:45 - [TEST_STEP][PASSED] - if (flag): null

2022-03-08 14:31:45 - [TEST_STEP][PASSED] - navigateToUrl(i): Navigate to 'http://192.168.2.80:8380/saraweb' successfully

2022-03-08 14:31:45 - [MESSAGE][PASSED] - Navigate to 'http://192.168.2.80:8380/saraweb' successfully

2022-03-08 14:31:45 - [TEST_STEP][PASSED] - a(): null

2022-03-08 14:31:45 - [TEST_STEP][PASSED] - setText(findTestObject("Login/input_USUARIO_loginusuario"), G_Usuario): Text 'saraadmin' is set on object 'Object Repository/Login/input_USUARIO_loginusuario'

2022-03-08 14:31:46 - [MESSAGE][PASSED] - Text 'saraadmin' is set on object 'Object Repository/Login/input_USUARIO_loginusuario'

2022-03-08 14:31:46 - [TEST_STEP][PASSED] - setEncryptedText(findTestObject("Login/input_CLAVE_loginpassword"), "MkG4/TYiCFC3cb2driP7+Q=="): Text ****** has been set on object 'Object Repository/Login/input_CLAVE_loginpassword'

2022-03-08 14:31:46 - [MESSAGE][PASSED] - Text ****** has been set on object 'Object Repository/Login/input_CLAVE_loginpassword'

2022-03-08 14:31:46 - [TEST_STEP][PASSED] - waitForElementClickable(findTestObject("Login/a_Ingresar"), G_TimeOut): Object 'Object Repository/Login/a_Ingresar' is clickable

2022-03-08 14:31:47 - [MESSAGE][PASSED] - Object 'Object Repository/Login/a_Ingresar' is clickable

2022-03-08 14:31:47 - [TEST_STEP][PASSED] - click(findTestObject("Login/a_Ingresar")): Object: 'Object Repository/Login/a_Ingresar' is clicked on

2022-03-08 14:31:48 - [MESSAGE][PASSED] - Object: 'Object Repository/Login/a_Ingresar' is clicked on

2022-03-08 14:31:48 - [TEST_STEP][PASSED] - element = findWebElement(findTestObject("Login/a_Ir"), 30): null

2022-03-08 14:31:49 - [TEST_STEP][PASSED] - executeJavaScript("arguments[0].click()", Arrays.asList(element)): Execute JavaScript 'arguments[0].click()' successfully

2022-03-08 14:31:49 - [MESSAGE][PASSED] - Execute JavaScript 'arguments[0].click()' successfully

2022-03-08 14:31:49 - [MESSAGE][PASSED] - Call Test Case 'Test Cases/0.1-Login' successfully

2022-03-08 14:31:49 - [TEST_STEP][PASSED] - setText(findTestObject("Modulo Pruebas SST/Reporte_de_accidente_de_trabajo/input_ADMINISTRADOR DEL SISTEMA - SARA_form_templatej_idt24_input"), "Informe accidente de trabajo"): Text 'Informe accidente de trabajo' is set on object 'Object Repository/Modulo Pruebas SST/Reporte_de_accidente_de_trabajo/input_ADMINISTRADOR DEL SISTEMA - SARA_form_templatej_idt24_input'

2022-03-08 14:31:50 - [MESSAGE][PASSED] - Text 'Informe accidente de trabajo' is set on object 'Object Repository/Modulo Pruebas SST/Reporte_de_accidente_de_trabajo/input_ADMINISTRADOR DEL SISTEMA - SARA_form_templatej_idt24_input'

2022-03-08 14:31:50 - [TEST_STEP][PASSED] - click(findTestObject("Modulo Pruebas SST/Reporte_de_accidente_de_trabajo/li_Informe Accidente de Trabajo (sst)")): Object: 'Object Repository/Modulo Pruebas SST/Reporte_de_accidente_de_trabajo/li_Informe Accidente de Trabajo (sst)' is clicked on

2022-03-08 14:31:52 - [MESSAGE][PASSED] - Object: 'Object Repository/Modulo Pruebas SST/Reporte_de_accidente_de_trabajo/li_Informe Accidente de Trabajo (sst)' is clicked on

2022-03-08 14:31:52 - [TEST_STEP][PASSED] - if (waitForElementPresent(findTestObject("Modulo Pruebas SST/Reporte_de_accidente_de_trabajo/span_Prueba"), 1)): null

2022-03-08 14:31:53 - [MESSAGE][PASSED] - Object 'Object Repository/Modulo Pruebas SST/Reporte_de_accidente_de_trabajo/span_Prueba' is present

2022-03-08 14:31:53 - [TEST_STEP][PASSED] - click(findTestObject("Modulo Pruebas SST/Reporte_de_accidente_de_trabajo/span_Prueba")): Object: 'Object Repository/Modulo Pruebas SST/Reporte_de_accidente_de_trabajo/span_Prueba' is clicked on

2022-03-08 14:31:54 - [MESSAGE][PASSED] - Object: 'Object Repository/Modulo Pruebas SST/Reporte_de_accidente_de_trabajo/span_Prueba' is clicked on

2022-03-08 14:31:54 - [TEST_STEP][PASSED] - click(findTestObject("Modulo Pruebas SST/Reporte_de_accidente_de_trabajo/a_Recomendaciones_Eliminar")): Object: 'Object Repository/Modulo Pruebas SST/Reporte_de_accidente_de_trabajo/a_Recomendaciones_Eliminar' is clicked on

2022-03-08 14:31:55 - [MESSAGE][PASSED] - Object: 'Object Repository/Modulo Pruebas SST/Reporte_de_accidente_de_trabajo/a_Recomendaciones_Eliminar' is clicked on

2022-03-08 14:31:55 - [TEST_STEP][PASSED] - if (waitForElementPresent(findTestObject("Modulo Pruebas SST/Reporte_de_accidente_de_trabajo/span_Camine con Precaucin_eliminar"), 1)): null

2022-03-08 14:31:56 - [MESSAGE][PASSED] - Object 'Object Repository/Modulo Pruebas SST/Reporte_de_accidente_de_trabajo/span_Camine con Precaucin_eliminar' is present

2022-03-08 14:31:56 - [TEST_STEP][PASSED] - click(findTestObject("Modulo Pruebas SST/Reporte_de_accidente_de_trabajo/span_Camine con Precaucin_eliminar")): Object: 'Object Repository/Modulo Pruebas SST/Reporte_de_accidente_de_trabajo/span_Camine con Precaucin_eliminar' is clicked on

2022-03-08 14:31:56 - [MESSAGE][PASSED] - Object: 'Object Repository/Modulo Pruebas SST/Reporte_de_accidente_de_trabajo/span_Camine con Precaucin_eliminar' is clicked on

2022-03-08 14:31:56 - [TEST_STEP][PASSED] - click(findTestObject("Modulo Pruebas SST/Reporte_de_accidente_de_trabajo/a_Eliminar0")): Object: 'Object Repository/Modulo Pruebas SST/Reporte_de_accidente_de_trabajo/a_Eliminar0' is clicked on

2022-03-08 14:31:59 - [MESSAGE][PASSED] - Object: 'Object Repository/Modulo Pruebas SST/Reporte_de_accidente_de_trabajo/a_Eliminar0' is clicked on

2022-03-08 14:31:59 - [TEST_STEP][PASSED] - click(findTestObject("Modulo Pruebas SST/Reporte_de_accidente_de_trabajo/a_Aceptar_Eliminar0")): Object: 'Object Repository/Modulo Pruebas SST/Reporte_de_accidente_de_trabajo/a_Aceptar_Eliminar0' is clicked on

2022-03-08 14:32:00 - [MESSAGE][PASSED] - Object: 'Object Repository/Modulo Pruebas SST/Reporte_de_accidente_de_trabajo/a_Aceptar_Eliminar0' is clicked on

2022-03-08 14:32:00 - [TEST_STEP][PASSED] - click(findTestObject("Modulo Pruebas SST/Reporte_de_accidente_de_trabajo/a_Testigo_Eliminar")): Object: 'Object Repository/Modulo Pruebas SST/Reporte_de_accidente_de_trabajo/a_Testigo_Eliminar' is clicked on

2022-03-08 14:32:00 - [MESSAGE][PASSED] - Object: 'Object Repository/Modulo Pruebas SST/Reporte_de_accidente_de_trabajo/a_Testigo_Eliminar' is clicked on

2022-03-08 14:32:00 - [TEST_STEP][PASSED] - if (waitForElementPresent(findTestObject("Modulo Pruebas SST/Reporte_de_accidente_de_trabajo/td_DIAZ BLANCO GUISELL"), 1)): null

2022-03-08 14:32:01 - [MESSAGE][PASSED] - Object 'Object Repository/Modulo Pruebas SST/Reporte_de_accidente_de_trabajo/td_DIAZ BLANCO GUISELL' is present

2022-03-08 14:32:01 - [TEST_STEP][PASSED] - click(findTestObject("Modulo Pruebas SST/Reporte_de_accidente_de_trabajo/td_DIAZ BLANCO GUISELL")): Object: 'Object Repository/Modulo Pruebas SST/Reporte_de_accidente_de_trabajo/td_DIAZ BLANCO GUISELL' is clicked on

2022-03-08 14:32:02 - [MESSAGE][PASSED] - Object: 'Object Repository/Modulo Pruebas SST/Reporte_de_accidente_de_trabajo/td_DIAZ BLANCO GUISELL' is clicked on

2022-03-08 14:32:02 - [TEST_STEP][PASSED] - click(findTestObject("Modulo Pruebas SST/Reporte_de_accidente_de_trabajo/a_Eliminar1")): Object: 'Object Repository/Modulo Pruebas SST/Reporte_de_accidente_de_trabajo/a_Eliminar1' is clicked on

2022-03-08 14:32:02 - [MESSAGE][PASSED] - Object: 'Object Repository/Modulo Pruebas SST/Reporte_de_accidente_de_trabajo/a_Eliminar1' is clicked on

2022-03-08 14:32:02 - [TEST_STEP][PASSED] - click(findTestObject("Modulo Pruebas SST/Reporte_de_accidente_de_trabajo/a_Aceptar_Eliminar1")): Object: 'Object Repository/Modulo Pruebas SST/Reporte_de_accidente_de_trabajo/a_Aceptar_Eliminar1' is clicked on

2022-03-08 14:32:03 - [MESSAGE][PASSED] - Object: 'Object Repository/Modulo Pruebas SST/Reporte_de_accidente_de_trabajo/a_Aceptar_Eliminar1' is clicked on

2022-03-08 14:32:03 - [TEST_STEP][PASSED] - click(findTestObject("Modulo Pruebas SST/Reporte_de_accidente_de_trabajo/a_Accidentado_Eliminar")): Object: 'Object Repository/Modulo Pruebas SST/Reporte_de_accidente_de_trabajo/a_Accidentado_Eliminar' is clicked on

2022-03-08 14:32:04 - [MESSAGE][PASSED] - Object: 'Object Repository/Modulo Pruebas SST/Reporte_de_accidente_de_trabajo/a_Accidentado_Eliminar' is clicked on

2022-03-08 14:32:04 - [TEST_STEP][PASSED] - if (waitForElementPresent(findTestObject("Modulo Pruebas SST/Reporte_de_accidente_de_trabajo/span_DIAZ BLANCO GUISELL_Eliminar"), 1)): null

2022-03-08 14:32:04 - [MESSAGE][PASSED] - Object 'Object Repository/Modulo Pruebas SST/Reporte_de_accidente_de_trabajo/span_DIAZ BLANCO GUISELL_Eliminar' is present

2022-03-08 14:32:04 - [TEST_STEP][PASSED] - click(findTestObject("Modulo Pruebas SST/Reporte_de_accidente_de_trabajo/span_DIAZ BLANCO GUISELL_Eliminar")): Object: 'Object Repository/Modulo Pruebas SST/Reporte_de_accidente_de_trabajo/span_DIAZ BLANCO GUISELL_Eliminar' is clicked on

2022-03-08 14:32:05 - [MESSAGE][PASSED] - Object: 'Object Repository/Modulo Pruebas SST/Reporte_de_accidente_de_trabajo/span_DIAZ BLANCO GUISELL_Eliminar' is clicked on

2022-03-08 14:32:05 - [TEST_STEP][PASSED] - click(findTestObject("Modulo Pruebas SST/Reporte_de_accidente_de_trabajo/a_Investigaciones")): Object: 'Object Repository/Modulo Pruebas SST/Reporte_de_accidente_de_trabajo/a_Investigaciones' is clicked on

2022-03-08 14:32:06 - [MESSAGE][PASSED] - Object: 'Object Repository/Modulo Pruebas SST/Reporte_de_accidente_de_trabajo/a_Investigaciones' is clicked on

2022-03-08 14:32:06 - [TEST_STEP][PASSED] - if (waitForElementVisible(findTestObject("Modulo Pruebas SST/Reporte_de_accidente_de_trabajo/span_Prueba0"), 1)): null

2022-03-08 14:32:06 - [MESSAGE][PASSED] - Object 'Object Repository/Modulo Pruebas SST/Reporte_de_accidente_de_trabajo/span_Prueba0' is visible

2022-03-08 14:32:06 - [TEST_STEP][PASSED] - click(findTestObject("Modulo Pruebas SST/Reporte_de_accidente_de_trabajo/span_Prueba0")): Object: 'Object Repository/Modulo Pruebas SST/Reporte_de_accidente_de_trabajo/span_Prueba0' is clicked on

2022-03-08 14:32:07 - [MESSAGE][PASSED] - Object: 'Object Repository/Modulo Pruebas SST/Reporte_de_accidente_de_trabajo/span_Prueba0' is clicked on

2022-03-08 14:32:07 - [TEST_STEP][PASSED] - click(findTestObject("Modulo Pruebas SST/Reporte_de_accidente_de_trabajo/a_Accin2")): Object: 'Object Repository/Modulo Pruebas SST/Reporte_de_accidente_de_trabajo/a_Accin2' is clicked on

2022-03-08 14:32:08 - [MESSAGE][PASSED] - Object: 'Object Repository/Modulo Pruebas SST/Reporte_de_accidente_de_trabajo/a_Accin2' is clicked on

2022-03-08 14:32:08 - [TEST_STEP][PASSED] - if (waitForElementVisible(findTestObject("Modulo Pruebas SST/Reporte_de_accidente_de_trabajo/span_Tipo Accion"), 1)): null

2022-03-08 14:32:08 - [MESSAGE][PASSED] - Object 'Object Repository/Modulo Pruebas SST/Reporte_de_accidente_de_trabajo/span_Tipo Accion' is visible

2022-03-08 14:32:08 - [TEST_STEP][PASSED] - click(findTestObject("Modulo Pruebas SST/Reporte_de_accidente_de_trabajo/span_Tipo Accion")): Object: 'Object Repository/Modulo Pruebas SST/Reporte_de_accidente_de_trabajo/span_Tipo Accion' is clicked on

2022-03-08 14:32:09 - [MESSAGE][PASSED] - Object: 'Object Repository/Modulo Pruebas SST/Reporte_de_accidente_de_trabajo/span_Tipo Accion' is clicked on

2022-03-08 14:32:09 - [TEST_STEP][PASSED] - click(findTestObject("Modulo Pruebas SST/Reporte_de_accidente_de_trabajo/a_Control")): Object: 'Object Repository/Modulo Pruebas SST/Reporte_de_accidente_de_trabajo/a_Control' is clicked on

2022-03-08 14:32:09 - [MESSAGE][PASSED] - Object: 'Object Repository/Modulo Pruebas SST/Reporte_de_accidente_de_trabajo/a_Control' is clicked on

2022-03-08 14:32:09 - [TEST_STEP][PASSED] - if (waitForElementVisible(findTestObject("Modulo Pruebas SST/Reporte_de_accidente_de_trabajo/a_Efectuado_form_popupRecomendacionInvvpanel_principal_23tablaControl0j_idt460"), 1)): null

2022-03-08 14:32:10 - [MESSAGE][PASSED] - Object 'Object Repository/Modulo Pruebas SST/Reporte_de_accidente_de_trabajo/a_Efectuado_form_popupRecomendacionInvvpanel_principal_23tablaControl0j_idt460' is visible

2022-03-08 14:32:10 - [TEST_STEP][PASSED] - click(findTestObject("Modulo Pruebas SST/Reporte_de_accidente_de_trabajo/a_Efectuado_form_popupRecomendacionInvvpanel_principal_23tablaControl0j_idt460")): Object: 'Object Repository/Modulo Pruebas SST/Reporte_de_accidente_de_trabajo/a_Efectuado_form_popupRecomendacionInvvpanel_principal_23tablaControl0j_idt460' is clicked on

2022-03-08 14:32:10 - [MESSAGE][PASSED] - Object: 'Object Repository/Modulo Pruebas SST/Reporte_de_accidente_de_trabajo/a_Efectuado_form_popupRecomendacionInvvpanel_principal_23tablaControl0j_idt460' is clicked on

2022-03-08 14:32:10 - [TEST_STEP][PASSED] - click(findTestObject("Modulo Pruebas SST/Reporte_de_accidente_de_trabajo/label_Confirmacin"), STOP_ON_FAILURE): Object: 'Object Repository/Modulo Pruebas SST/Reporte_de_accidente_de_trabajo/label_Confirmacin' is clicked on

2022-03-08 14:32:11 - [MESSAGE][PASSED] - Object: 'Object Repository/Modulo Pruebas SST/Reporte_de_accidente_de_trabajo/label_Confirmacin' is clicked on

2022-03-08 14:32:11 - [TEST_STEP][PASSED] - click(findTestObject("Modulo Pruebas SST/Reporte_de_accidente_de_trabajo/a_Aceptar_eliminar accion")): Object: 'Object Repository/Modulo Pruebas SST/Reporte_de_accidente_de_trabajo/a_Aceptar_eliminar accion' is clicked on

2022-03-08 14:32:12 - [MESSAGE][PASSED] - Object: 'Object Repository/Modulo Pruebas SST/Reporte_de_accidente_de_trabajo/a_Aceptar_eliminar accion' is clicked on

2022-03-08 14:32:12 - [TEST_STEP][PASSED] - click(findTestObject("Modulo Pruebas SST/Reporte_de_accidente_de_trabajo/a_Accin")): Object: 'Object Repository/Modulo Pruebas SST/Reporte_de_accidente_de_trabajo/a_Accin' is clicked on

2022-03-08 14:32:13 - [MESSAGE][PASSED] - Object: 'Object Repository/Modulo Pruebas SST/Reporte_de_accidente_de_trabajo/a_Accin' is clicked on

2022-03-08 14:32:13 - [TEST_STEP][PASSED] - click(findTestObject("Modulo Pruebas SST/Reporte_de_accidente_de_trabajo/a_Eliminar")): Object: 'Object Repository/Modulo Pruebas SST/Reporte_de_accidente_de_trabajo/a_Eliminar' is clicked on

2022-03-08 14:32:13 - [MESSAGE][PASSED] - Object: 'Object Repository/Modulo Pruebas SST/Reporte_de_accidente_de_trabajo/a_Eliminar' is clicked on

2022-03-08 14:32:13 - [TEST_STEP][PASSED] - click(findTestObject("Modulo Pruebas SST/Reporte_de_accidente_de_trabajo/a_Aceptar_eliminar accion")): Object: 'Object Repository/Modulo Pruebas SST/Reporte_de_accidente_de_trabajo/a_Aceptar_eliminar accion' is clicked on

2022-03-08 14:32:14 - [MESSAGE][PASSED] - Object: 'Object Repository/Modulo Pruebas SST/Reporte_de_accidente_de_trabajo/a_Aceptar_eliminar accion' is clicked on

2022-03-08 14:32:14 - [TEST_STEP][PASSED] - click(findTestObject("Modulo Pruebas SST/Reporte_de_accidente_de_trabajo/a_Determinacin de Causas")): Object: 'Object Repository/Modulo Pruebas SST/Reporte_de_accidente_de_trabajo/a_Determinacin de Causas' is clicked on

2022-03-08 14:32:15 - [MESSAGE][PASSED] - Object: 'Object Repository/Modulo Pruebas SST/Reporte_de_accidente_de_trabajo/a_Determinacin de Causas' is clicked on

2022-03-08 14:32:15 - [TEST_STEP][PASSED] - if (waitForElementVisible(findTestObject("Modulo Pruebas SST/Reporte_de_accidente_de_trabajo/span_Causas Bsicas"), 1)): null

2022-03-08 14:32:15 - [MESSAGE][PASSED] - Object 'Object Repository/Modulo Pruebas SST/Reporte_de_accidente_de_trabajo/span_Causas Bsicas' is visible

2022-03-08 14:32:15 - [TEST_STEP][PASSED] - click(findTestObject("Modulo Pruebas SST/Reporte_de_accidente_de_trabajo/a_Anexos")): Object: 'Object Repository/Modulo Pruebas SST/Reporte_de_accidente_de_trabajo/a_Anexos' is clicked on

2022-03-08 14:32:16 - [MESSAGE][PASSED] - Object: 'Object Repository/Modulo Pruebas SST/Reporte_de_accidente_de_trabajo/a_Anexos' is clicked on

2022-03-08 14:32:16 - [TEST_STEP][PASSED] - if (waitForElementVisible(findTestObject("Modulo Pruebas SST/Reporte_de_accidente_de_trabajo/a_prueba.pdf_j_idt1841tabInvestigacionAccidentadotablaAnexos0j_idt2142"), 1)): null

2022-03-08 14:32:17 - [MESSAGE][PASSED] - Object 'Object Repository/Modulo Pruebas SST/Reporte_de_accidente_de_trabajo/a_prueba.pdf_j_idt1841tabInvestigacionAccidentadotablaAnexos0j_idt2142' is visible

2022-03-08 14:32:17 - [TEST_STEP][PASSED] - click(findTestObject("Modulo Pruebas SST/Reporte_de_accidente_de_trabajo/a_prueba.pdf_j_idt1841tabInvestigacionAccidentadotablaAnexos0j_idt2142")): Object: 'Object Repository/Modulo Pruebas SST/Reporte_de_accidente_de_trabajo/a_prueba.pdf_j_idt1841tabInvestigacionAccidentadotablaAnexos0j_idt2142' is clicked on

2022-03-08 14:32:17 - [MESSAGE][PASSED] - Object: 'Object Repository/Modulo Pruebas SST/Reporte_de_accidente_de_trabajo/a_prueba.pdf_j_idt1841tabInvestigacionAccidentadotablaAnexos0j_idt2142' is clicked on

2022-03-08 14:32:17 - [TEST_STEP][PASSED] - click(findTestObject("Modulo Pruebas SST/Reporte_de_accidente_de_trabajo/span_Si")): Object: 'Object Repository/Modulo Pruebas SST/Reporte_de_accidente_de_trabajo/span_Si' is clicked on

2022-03-08 14:32:18 - [MESSAGE][PASSED] - Object: 'Object Repository/Modulo Pruebas SST/Reporte_de_accidente_de_trabajo/span_Si' is clicked on

2022-03-08 14:32:18 - [TEST_STEP][PASSED] - click(findTestObject("Modulo Pruebas SST/Reporte_de_accidente_de_trabajo/a_Determinacin de Causas")): Object: 'Object Repository/Modulo Pruebas SST/Reporte_de_accidente_de_trabajo/a_Determinacin de Causas' is clicked on

2022-03-08 14:32:19 - [MESSAGE][PASSED] - Object: 'Object Repository/Modulo Pruebas SST/Reporte_de_accidente_de_trabajo/a_Determinacin de Causas' is clicked on

2022-03-08 14:32:19 - [TEST_STEP][PASSED] - click(findTestObject("Modulo Pruebas SST/Reporte_de_accidente_de_trabajo/span_Causas Bsicas")): Object: 'Object Repository/Modulo Pruebas SST/Reporte_de_accidente_de_trabajo/span_Causas Bsicas' is clicked on

2022-03-08 14:32:20 - [MESSAGE][PASSED] - Object: 'Object Repository/Modulo Pruebas SST/Reporte_de_accidente_de_trabajo/span_Causas Bsicas' is clicked on

2022-03-08 14:32:20 - [TEST_STEP][PASSED] - click(findTestObject("Modulo Pruebas SST/Reporte_de_accidente_de_trabajo/span_Eliminar")): Object: 'Object Repository/Modulo Pruebas SST/Reporte_de_accidente_de_trabajo/span_Eliminar' is clicked on

2022-03-08 14:32:20 - [MESSAGE][PASSED] - Object: 'Object Repository/Modulo Pruebas SST/Reporte_de_accidente_de_trabajo/span_Eliminar' is clicked on

2022-03-08 14:32:20 - [TEST_STEP][PASSED] - click(findTestObject("Modulo Pruebas SST/Reporte_de_accidente_de_trabajo/a_Aceptar_Eliminar_causaInve")): Object: 'Object Repository/Modulo Pruebas SST/Reporte_de_accidente_de_trabajo/a_Aceptar_Eliminar_causaInve' is clicked on

2022-03-08 14:32:21 - [MESSAGE][PASSED] - Object: 'Object Repository/Modulo Pruebas SST/Reporte_de_accidente_de_trabajo/a_Aceptar_Eliminar_causaInve' is clicked on

2022-03-08 14:32:21 - [TEST_STEP][PASSED] - click(findTestObject("Modulo Pruebas SST/Reporte_de_accidente_de_trabajo/a_Anlisis Causal")): Object: 'Object Repository/Modulo Pruebas SST/Reporte_de_accidente_de_trabajo/a_Anlisis Causal' is clicked on

2022-03-08 14:32:22 - [MESSAGE][PASSED] - Object: 'Object Repository/Modulo Pruebas SST/Reporte_de_accidente_de_trabajo/a_Anlisis Causal' is clicked on

2022-03-08 14:32:22 - [TEST_STEP][PASSED] - if (waitForElementVisible(findTestObject("Modulo Pruebas SST/Reporte_de_accidente_de_trabajo/a_Anexos"), 1)): null

2022-03-08 14:32:23 - [MESSAGE][PASSED] - Object 'Object Repository/Modulo Pruebas SST/Reporte_de_accidente_de_trabajo/a_Anexos' is visible

2022-03-08 14:32:23 - [TEST_STEP][PASSED] - click(findTestObject("Modulo Pruebas SST/Reporte_de_accidente_de_trabajo/a_Anexos")): Object: 'Object Repository/Modulo Pruebas SST/Reporte_de_accidente_de_trabajo/a_Anexos' is clicked on

2022-03-08 14:32:23 - [MESSAGE][PASSED] - Object: 'Object Repository/Modulo Pruebas SST/Reporte_de_accidente_de_trabajo/a_Anexos' is clicked on

2022-03-08 14:32:23 - [TEST_STEP][PASSED] - if (waitForElementVisible(findTestObject("Modulo Pruebas SST/Reporte_de_accidente_de_trabajo/a_prueba.pdf_j_idt1841tabInvestigacionAccidentadotablaAnexos0j_idt2142"), 1)): Object 'Object Repository/Modulo Pruebas SST/Reporte_de_accidente_de_trabajo/a_prueba.pdf_j_idt1841tabInvestigacionAccidentadotablaAnexos0j_idt2142' is not visible after 1 second(s)

2022-03-08 14:32:25 - [MESSAGE][WARNING] - Object 'Object Repository/Modulo Pruebas SST/Reporte_de_accidente_de_trabajo/a_prueba.pdf_j_idt1841tabInvestigacionAccidentadotablaAnexos0j_idt2142' is not visible after 1 second(s)

2022-03-08 14:32:25 - [TEST_STEP][PASSED] - click(findTestObject("Modulo Pruebas SST/Reporte_de_accidente_de_trabajo/a_Anlisis Causal")): Object: 'Object Repository/Modulo Pruebas SST/Reporte_de_accidente_de_trabajo/a_Anlisis Causal' is clicked on

2022-03-08 14:32:26 - [MESSAGE][PASSED] - Object: 'Object Repository/Modulo Pruebas SST/Reporte_de_accidente_de_trabajo/a_Anlisis Causal' is clicked on

2022-03-08 14:32:26 - [TEST_STEP][PASSED] - if (waitForElementVisible(findTestObject("Modulo Pruebas SST/Reporte_de_accidente_de_trabajo/td_Metodologa 1"), 1)): null

2022-03-08 14:32:26 - [MESSAGE][PASSED] - Object 'Object Repository/Modulo Pruebas SST/Reporte_de_accidente_de_trabajo/td_Metodologa 1' is visible

2022-03-08 14:32:26 - [TEST_STEP][PASSED] - click(findTestObject("Modulo Pruebas SST/Reporte_de_accidente_de_trabajo/td_Metodologa 1")): Object: 'Object Repository/Modulo Pruebas SST/Reporte_de_accidente_de_trabajo/td_Metodologa 1' is clicked on

2022-03-08 14:32:27 - [MESSAGE][PASSED] - Object: 'Object Repository/Modulo Pruebas SST/Reporte_de_accidente_de_trabajo/td_Metodologa 1' is clicked on

2022-03-08 14:32:27 - [TEST_STEP][PASSED] - element = findWebElement(findTestObject("Modulo Pruebas SST/Reporte_de_accidente_de_trabajo/a_EliminarNv2"), 30): null

2022-03-08 14:32:27 - [TEST_STEP][PASSED] - executeJavaScript("arguments[0].click()", Arrays.asList(element)): Execute JavaScript 'arguments[0].click()' successfully

2022-03-08 14:32:27 - [MESSAGE][PASSED] - Execute JavaScript 'arguments[0].click()' successfully

2022-03-08 14:32:27 - [TEST_STEP][PASSED] - click(findTestObject("Modulo Pruebas SST/Reporte_de_accidente_de_trabajo/a_Aceptar_Eliminar_causal")): Object: 'Object Repository/Modulo Pruebas SST/Reporte_de_accidente_de_trabajo/a_Aceptar_Eliminar_causal' is clicked on

2022-03-08 14:32:28 - [MESSAGE][PASSED] - Object: 'Object Repository/Modulo Pruebas SST/Reporte_de_accidente_de_trabajo/a_Aceptar_Eliminar_causal' is clicked on

2022-03-08 14:32:28 - [TEST_STEP][PASSED] - click(findTestObject("Modulo Pruebas SST/Reporte_de_accidente_de_trabajo/a_Datos de Investigacin Accidentado")): Object: 'Object Repository/Modulo Pruebas SST/Reporte_de_accidente_de_trabajo/a_Datos de Investigacin Accidentado' is clicked on

2022-03-08 14:32:29 - [MESSAGE][PASSED] - Object: 'Object Repository/Modulo Pruebas SST/Reporte_de_accidente_de_trabajo/a_Datos de Investigacin Accidentado' is clicked on

2022-03-08 14:32:29 - [TEST_STEP][PASSED] - click(findTestObject("Modulo Pruebas SST/Reporte_de_accidente_de_trabajo/a_Eliminar")): Object: 'Object Repository/Modulo Pruebas SST/Reporte_de_accidente_de_trabajo/a_Eliminar' is clicked on

2022-03-08 14:32:30 - [MESSAGE][PASSED] - Object: 'Object Repository/Modulo Pruebas SST/Reporte_de_accidente_de_trabajo/a_Eliminar' is clicked on

2022-03-08 14:32:30 - [TEST_STEP][PASSED] - click(findTestObject("Modulo Pruebas SST/Reporte_de_accidente_de_trabajo/a_Aceptar_eliminar datos investigacion")): Object: 'Object Repository/Modulo Pruebas SST/Reporte_de_accidente_de_trabajo/a_Aceptar_eliminar datos investigacion' is clicked on

2022-03-08 14:32:30 - [MESSAGE][PASSED] - Object: 'Object Repository/Modulo Pruebas SST/Reporte_de_accidente_de_trabajo/a_Aceptar_eliminar datos investigacion' is clicked on

2022-03-08 14:32:30 - [TEST_STEP][PASSED] - click(findTestObject("Modulo Pruebas SST/Reporte_de_accidente_de_trabajo/a_Datos Bsicos")): Object: 'Object Repository/Modulo Pruebas SST/Reporte_de_accidente_de_trabajo/a_Datos Bsicos' is clicked on

2022-03-08 14:32:31 - [MESSAGE][PASSED] - Object: 'Object Repository/Modulo Pruebas SST/Reporte_de_accidente_de_trabajo/a_Datos Bsicos' is clicked on

2022-03-08 14:32:31 - [TEST_STEP][PASSED] - click(findTestObject("Modulo Pruebas SST/Reporte_de_accidente_de_trabajo/a_Eliminar2")): Object: 'Object Repository/Modulo Pruebas SST/Reporte_de_accidente_de_trabajo/a_Eliminar2' is clicked on

2022-03-08 14:32:32 - [MESSAGE][PASSED] - Object: 'Object Repository/Modulo Pruebas SST/Reporte_de_accidente_de_trabajo/a_Eliminar2' is clicked on

2022-03-08 14:32:32 - [TEST_STEP][PASSED] - click(findTestObject("Modulo Pruebas SST/Reporte_de_accidente_de_trabajo/a_Aceptar_Eliminar2")): Object: 'Object Repository/Modulo Pruebas SST/Reporte_de_accidente_de_trabajo/a_Aceptar_Eliminar2' is clicked on

2022-03-08 14:32:32 - [MESSAGE][PASSED] - Object: 'Object Repository/Modulo Pruebas SST/Reporte_de_accidente_de_trabajo/a_Aceptar_Eliminar2' is clicked on

2022-03-08 14:32:32 - [TEST_STEP][PASSED] - click(findTestObject("Modulo Pruebas SST/Reporte_de_accidente_de_trabajo/a_Accidente")): Object: 'Object Repository/Modulo Pruebas SST/Reporte_de_accidente_de_trabajo/a_Accidente' is clicked on

2022-03-08 14:32:33 - [MESSAGE][PASSED] - Object: 'Object Repository/Modulo Pruebas SST/Reporte_de_accidente_de_trabajo/a_Accidente' is clicked on

2022-03-08 14:32:33 - [TEST_STEP][PASSED] - click(findTestObject("Modulo Pruebas SST/Reporte_de_accidente_de_trabajo/a_Eliminar_3")): Object: 'Object Repository/Modulo Pruebas SST/Reporte_de_accidente_de_trabajo/a_Eliminar_3' is clicked on

2022-03-08 14:32:34 - [MESSAGE][PASSED] - Object: 'Object Repository/Modulo Pruebas SST/Reporte_de_accidente_de_trabajo/a_Eliminar_3' is clicked on

2022-03-08 14:32:34 - [TEST_STEP][PASSED] - click(findTestObject("Modulo Pruebas SST/Reporte_de_accidente_de_trabajo/a_Aceptar_Eliminar3")): Object: 'Object Repository/Modulo Pruebas SST/Reporte_de_accidente_de_trabajo/a_Aceptar_Eliminar3' is clicked on

2022-03-08 14:32:35 - [MESSAGE][PASSED] - Object: 'Object Repository/Modulo Pruebas SST/Reporte_de_accidente_de_trabajo/a_Aceptar_Eliminar3' is clicked on

2022-03-08 14:32:35 - [TEST_STEP][PASSED] - click(findTestObject("Modulo Pruebas SST/Reporte_de_accidente_de_trabajo/a_Nuevo")): Object: 'Object Repository/Modulo Pruebas SST/Reporte_de_accidente_de_trabajo/a_Nuevo' is clicked on

2022-03-08 14:32:35 - [MESSAGE][PASSED] - Object: 'Object Repository/Modulo Pruebas SST/Reporte_de_accidente_de_trabajo/a_Nuevo' is clicked on

2022-03-08 14:32:35 - [TEST_STEP][PASSED] - selectOptionByIndex(findTestObject("Modulo Pruebas SST/Reporte_de_accidente_de_trabajo/select_-- Seleccin --GrupalIndividual"), 1): All options with index in [1] are selected on object 'Object Repository/Modulo Pruebas SST/Reporte_de_accidente_de_trabajo/select_-- Seleccin --GrupalIndividual'

2022-03-08 14:32:37 - [MESSAGE][PASSED] - All options with index in [1] are selected on object 'Object Repository/Modulo Pruebas SST/Reporte_de_accidente_de_trabajo/select_-- Seleccin --GrupalIndividual'

2022-03-08 14:32:37 - [TEST_STEP][PASSED] - click(findTestObject("Modulo Pruebas SST/Reporte_de_accidente_de_trabajo/a_Continuar")): Object: 'Object Repository/Modulo Pruebas SST/Reporte_de_accidente_de_trabajo/a_Continuar' is clicked on

2022-03-08 14:32:38 - [MESSAGE][PASSED] - Object: 'Object Repository/Modulo Pruebas SST/Reporte_de_accidente_de_trabajo/a_Continuar' is clicked on

2022-03-08 14:32:38 - [TEST_STEP][PASSED] - click(findTestObject("Modulo Pruebas SST/Reporte_de_accidente_de_trabajo/a_Accidente")): Object: 'Object Repository/Modulo Pruebas SST/Reporte_de_accidente_de_trabajo/a_Accidente' is clicked on

2022-03-08 14:32:38 - [MESSAGE][PASSED] - Object: 'Object Repository/Modulo Pruebas SST/Reporte_de_accidente_de_trabajo/a_Accidente' is clicked on

2022-03-08 14:32:38 - [TEST_STEP][PASSED] - selectOptionByIndex(findTestObject("Modulo Pruebas SST/Reporte_de_accidente_de_trabajo/select_-- SELECCIONAR --"), 1): All options with index in [1] are selected on object 'Object Repository/Modulo Pruebas SST/Reporte_de_accidente_de_trabajo/select_-- SELECCIONAR --'

2022-03-08 14:32:40 - [MESSAGE][PASSED] - All options with index in [1] are selected on object 'Object Repository/Modulo Pruebas SST/Reporte_de_accidente_de_trabajo/select_-- SELECCIONAR --'

2022-03-08 14:32:40 - [TEST_STEP][PASSED] - selectOptionByIndex(findTestObject("Modulo Pruebas SST/Reporte_de_accidente_de_trabajo/select_-- SELECCIONAR --desFAMILIAR Tipo AccidenteLABORALPERSONAL"), 3): All options with index in [3] are selected on object 'Object Repository/Modulo Pruebas SST/Reporte_de_accidente_de_trabajo/select_-- SELECCIONAR --desFAMILIAR Tipo AccidenteLABORALPERSONAL'

2022-03-08 14:32:41 - [MESSAGE][PASSED] - All options with index in [3] are selected on object 'Object Repository/Modulo Pruebas SST/Reporte_de_accidente_de_trabajo/select_-- SELECCIONAR --desFAMILIAR Tipo AccidenteLABORALPERSONAL'

2022-03-08 14:32:41 - [TEST_STEP][PASSED] - click(findTestObject("Modulo Pruebas SST/Reporte_de_accidente_de_trabajo/label_Si")): Object: 'Object Repository/Modulo Pruebas SST/Reporte_de_accidente_de_trabajo/label_Si' is clicked on

2022-03-08 14:32:41 - [MESSAGE][PASSED] - Object: 'Object Repository/Modulo Pruebas SST/Reporte_de_accidente_de_trabajo/label_Si' is clicked on

2022-03-08 14:32:41 - [TEST_STEP][PASSED] - click(findTestObject("Modulo Pruebas SST/Reporte_de_accidente_de_trabajo/label_Urbana")): Object: 'Object Repository/Modulo Pruebas SST/Reporte_de_accidente_de_trabajo/label_Urbana' is clicked on

2022-03-08 14:32:42 - [MESSAGE][PASSED] - Object: 'Object Repository/Modulo Pruebas SST/Reporte_de_accidente_de_trabajo/label_Urbana' is clicked on

2022-03-08 14:32:42 - [TEST_STEP][PASSED] - click(findTestObject("Modulo Pruebas SST/Reporte_de_accidente_de_trabajo/a_Ubicacin Fsica_form_detalleAccidentej_idt1171")): Object: 'Object Repository/Modulo Pruebas SST/Reporte_de_accidente_de_trabajo/a_Ubicacin Fsica_form_detalleAccidentej_idt1171' is clicked on

2022-03-08 14:32:42 - [MESSAGE][PASSED] - Object: 'Object Repository/Modulo Pruebas SST/Reporte_de_accidente_de_trabajo/a_Ubicacin Fsica_form_detalleAccidentej_idt1171' is clicked on

2022-03-08 14:32:42 - [TEST_STEP][PASSED] - click(findTestObject("Modulo Pruebas SST/Reporte_de_accidente_de_trabajo/span_Sede Suba")): Object: 'Object Repository/Modulo Pruebas SST/Reporte_de_accidente_de_trabajo/span_Sede Suba' is clicked on

2022-03-08 14:32:43 - [MESSAGE][PASSED] - Object: 'Object Repository/Modulo Pruebas SST/Reporte_de_accidente_de_trabajo/span_Sede Suba' is clicked on

2022-03-08 14:32:43 - [TEST_STEP][PASSED] - selectOptionByIndex(findTestObject("Modulo Pruebas SST/Reporte_de_accidente_de_trabajo/select_-- SELECCIONAR --RECREATIVO O CULTURALPROPIOS DEL TRABAJODEPORTIVOTRANSITOVIOLENCIAPROVOCADOIMPRUDENCIA"), 4): All options with index in [4] are selected on object 'Object Repository/Modulo Pruebas SST/Reporte_de_accidente_de_trabajo/select_-- SELECCIONAR --RECREATIVO O CULTURALPROPIOS DEL TRABAJODEPORTIVOTRANSITOVIOLENCIAPROVOCADOIMPRUDENCIA'

2022-03-08 14:32:44 - [MESSAGE][PASSED] - All options with index in [4] are selected on object 'Object Repository/Modulo Pruebas SST/Reporte_de_accidente_de_trabajo/select_-- SELECCIONAR --RECREATIVO O CULTURALPROPIOS DEL TRABAJODEPORTIVOTRANSITOVIOLENCIAPROVOCADOIMPRUDENCIA'

2022-03-08 14:32:44 - [TEST_STEP][PASSED] - selectOptionByIndex(findTestObject("Modulo Pruebas SST/Reporte_de_accidente_de_trabajo/select_-- SELECCIONAR --AREAS DE PRODUCCIONAREAS RECREATIVAS O DEPORTIVAS"), 9): All options with index in [9] are selected on object 'Object Repository/Modulo Pruebas SST/Reporte_de_accidente_de_trabajo/select_-- SELECCIONAR --AREAS DE PRODUCCIONAREAS RECREATIVAS O DEPORTIVAS'

2022-03-08 14:32:45 - [MESSAGE][PASSED] - All options with index in [9] are selected on object 'Object Repository/Modulo Pruebas SST/Reporte_de_accidente_de_trabajo/select_-- SELECCIONAR --AREAS DE PRODUCCIONAREAS RECREATIVAS O DEPORTIVAS'

2022-03-08 14:32:45 - [TEST_STEP][PASSED] - click(findTestObject("Modulo Pruebas SST/Reporte_de_accidente_de_trabajo/a_Ubicacin Geogrfica Accidente_form_detalleAccidentej_idt1189")): Object: 'Object Repository/Modulo Pruebas SST/Reporte_de_accidente_de_trabajo/a_Ubicacin Geogrfica Accidente_form_detalleAccidentej_idt1189' is clicked on

2022-03-08 14:32:45 - [MESSAGE][PASSED] - Object: 'Object Repository/Modulo Pruebas SST/Reporte_de_accidente_de_trabajo/a_Ubicacin Geogrfica Accidente_form_detalleAccidentej_idt1189' is clicked on

2022-03-08 14:32:45 - [TEST_STEP][PASSED] - setText(findTestObject("Modulo Pruebas SST/Reporte_de_accidente_de_trabajo/input_Ubicacin Geogrfica_formPopUpUbicacionj_idt1544"), "Bogotá"): Text 'Bogotá' is set on object 'Object Repository/Modulo Pruebas SST/Reporte_de_accidente_de_trabajo/input_Ubicacin Geogrfica_formPopUpUbicacionj_idt1544'

2022-03-08 14:32:46 - [MESSAGE][PASSED] - Text 'Bogotá' is set on object 'Object Repository/Modulo Pruebas SST/Reporte_de_accidente_de_trabajo/input_Ubicacin Geogrfica_formPopUpUbicacionj_idt1544'

2022-03-08 14:32:46 - [TEST_STEP][PASSED] - setText(findTestObject("Modulo Pruebas SST/Reporte_de_accidente_de_trabajo/input_Ubicacin Geogrfica_formPopUpUbicacionj_idt1545"), "colombia"): Text 'colombia' is set on object 'Object Repository/Modulo Pruebas SST/Reporte_de_accidente_de_trabajo/input_Ubicacin Geogrfica_formPopUpUbicacionj_idt1545'

2022-03-08 14:32:47 - [MESSAGE][PASSED] - Text 'colombia' is set on object 'Object Repository/Modulo Pruebas SST/Reporte_de_accidente_de_trabajo/input_Ubicacin Geogrfica_formPopUpUbicacionj_idt1545'

2022-03-08 14:32:47 - [TEST_STEP][PASSED] - click(findTestObject("Modulo Pruebas SST/Reporte_de_accidente_de_trabajo/td_COLO      COLOMBIA")): Object: 'Object Repository/Modulo Pruebas SST/Reporte_de_accidente_de_trabajo/td_COLO      COLOMBIA' is clicked on

2022-03-08 14:32:48 - [MESSAGE][PASSED] - Object: 'Object Repository/Modulo Pruebas SST/Reporte_de_accidente_de_trabajo/td_COLO      COLOMBIA' is clicked on

2022-03-08 14:32:48 - [TEST_STEP][PASSED] - click(findTestObject("Modulo Pruebas SST/Reporte_de_accidente_de_trabajo/a_Persona Informa_form_detalleAccidentej_idt1196")): Object: 'Object Repository/Modulo Pruebas SST/Reporte_de_accidente_de_trabajo/a_Persona Informa_form_detalleAccidentej_idt1196' is clicked on

2022-03-08 14:32:48 - [MESSAGE][PASSED] - Object: 'Object Repository/Modulo Pruebas SST/Reporte_de_accidente_de_trabajo/a_Persona Informa_form_detalleAccidentej_idt1196' is clicked on

2022-03-08 14:32:48 - [TEST_STEP][PASSED] - setText(findTestObject("Modulo Pruebas SST/Reporte_de_accidente_de_trabajo/input_Filtro Hoja de Vida_formPopupHojaVidaj_idt1557"), "guisell"): Text 'guisell' is set on object 'Object Repository/Modulo Pruebas SST/Reporte_de_accidente_de_trabajo/input_Filtro Hoja de Vida_formPopupHojaVidaj_idt1557'

2022-03-08 14:32:49 - [MESSAGE][PASSED] - Text 'guisell' is set on object 'Object Repository/Modulo Pruebas SST/Reporte_de_accidente_de_trabajo/input_Filtro Hoja de Vida_formPopupHojaVidaj_idt1557'

2022-03-08 14:32:49 - [TEST_STEP][PASSED] - sendKeys(findTestObject("Modulo Pruebas SST/Reporte_de_accidente_de_trabajo/input_Filtro Hoja de Vida_formPopupHojaVidaj_idt1557"), Keys.chord(ENTER)): Keys 'ENTER + ' sent to object: 'Object Repository/Modulo Pruebas SST/Reporte_de_accidente_de_trabajo/input_Filtro Hoja de Vida_formPopupHojaVidaj_idt1557'

2022-03-08 14:32:50 - [MESSAGE][PASSED] - Keys 'ENTER + ' sent to object: 'Object Repository/Modulo Pruebas SST/Reporte_de_accidente_de_trabajo/input_Filtro Hoja de Vida_formPopupHojaVidaj_idt1557'

2022-03-08 14:32:50 - [TEST_STEP][PASSED] - click(findTestObject("Modulo Pruebas SST/Reporte_de_accidente_de_trabajo/span_Diaz Blanco Guisell")): Object: 'Object Repository/Modulo Pruebas SST/Reporte_de_accidente_de_trabajo/span_Diaz Blanco Guisell' is clicked on

2022-03-08 14:32:51 - [MESSAGE][PASSED] - Object: 'Object Repository/Modulo Pruebas SST/Reporte_de_accidente_de_trabajo/span_Diaz Blanco Guisell' is clicked on

2022-03-08 14:32:51 - [TEST_STEP][PASSED] - setText(findTestObject("Modulo Pruebas SST/Reporte_de_accidente_de_trabajo/textarea_Descripcin_form_detalleAccidentedescripcionAcci"), "Prueba"): Text 'Prueba' is set on object 'Object Repository/Modulo Pruebas SST/Reporte_de_accidente_de_trabajo/textarea_Descripcin_form_detalleAccidentedescripcionAcci'

2022-03-08 14:32:52 - [MESSAGE][PASSED] - Text 'Prueba' is set on object 'Object Repository/Modulo Pruebas SST/Reporte_de_accidente_de_trabajo/textarea_Descripcin_form_detalleAccidentedescripcionAcci'

2022-03-08 14:32:52 - [TEST_STEP][PASSED] - click(findTestObject("Modulo Pruebas SST/Reporte_de_accidente_de_trabajo/a_Guardar")): Object: 'Object Repository/Modulo Pruebas SST/Reporte_de_accidente_de_trabajo/a_Guardar' is clicked on

2022-03-08 14:32:52 - [MESSAGE][PASSED] - Object: 'Object Repository/Modulo Pruebas SST/Reporte_de_accidente_de_trabajo/a_Guardar' is clicked on

2022-03-08 14:32:52 - [TEST_STEP][PASSED] - click(findTestObject("Modulo Pruebas SST/Reporte_de_accidente_de_trabajo/a_Testigo")): Object: 'Object Repository/Modulo Pruebas SST/Reporte_de_accidente_de_trabajo/a_Testigo' is clicked on

2022-03-08 14:32:53 - [MESSAGE][PASSED] - Object: 'Object Repository/Modulo Pruebas SST/Reporte_de_accidente_de_trabajo/a_Testigo' is clicked on

2022-03-08 14:32:53 - [TEST_STEP][PASSED] - click(findTestObject("Modulo Pruebas SST/Reporte_de_accidente_de_trabajo/a_Nuevo3")): Object: 'Object Repository/Modulo Pruebas SST/Reporte_de_accidente_de_trabajo/a_Nuevo3' is clicked on

2022-03-08 14:32:53 - [MESSAGE][PASSED] - Object: 'Object Repository/Modulo Pruebas SST/Reporte_de_accidente_de_trabajo/a_Nuevo3' is clicked on

2022-03-08 14:32:53 - [TEST_STEP][PASSED] - click(findTestObject("Modulo Pruebas SST/Reporte_de_accidente_de_trabajo/a_Nombre Testigo_form_popupTestigoAccidentej_idt157")): Object: 'Object Repository/Modulo Pruebas SST/Reporte_de_accidente_de_trabajo/a_Nombre Testigo_form_popupTestigoAccidentej_idt157' is clicked on

2022-03-08 14:32:54 - [MESSAGE][PASSED] - Object: 'Object Repository/Modulo Pruebas SST/Reporte_de_accidente_de_trabajo/a_Nombre Testigo_form_popupTestigoAccidentej_idt157' is clicked on

2022-03-08 14:32:54 - [TEST_STEP][PASSED] - setText(findTestObject("Modulo Pruebas SST/Reporte_de_accidente_de_trabajo/input_Filtro Hoja de Vida_formPopupHojaVidaj_idt15573"), "guisell"): Text 'guisell' is set on object 'Object Repository/Modulo Pruebas SST/Reporte_de_accidente_de_trabajo/input_Filtro Hoja de Vida_formPopupHojaVidaj_idt15573'

2022-03-08 14:32:55 - [MESSAGE][PASSED] - Text 'guisell' is set on object 'Object Repository/Modulo Pruebas SST/Reporte_de_accidente_de_trabajo/input_Filtro Hoja de Vida_formPopupHojaVidaj_idt15573'

2022-03-08 14:32:55 - [TEST_STEP][PASSED] - sendKeys(findTestObject("Modulo Pruebas SST/Reporte_de_accidente_de_trabajo/input_Filtro Hoja de Vida_formPopupHojaVidaj_idt15573"), Keys.chord(ENTER)): Keys 'ENTER + ' sent to object: 'Object Repository/Modulo Pruebas SST/Reporte_de_accidente_de_trabajo/input_Filtro Hoja de Vida_formPopupHojaVidaj_idt15573'

2022-03-08 14:32:55 - [MESSAGE][PASSED] - Keys 'ENTER + ' sent to object: 'Object Repository/Modulo Pruebas SST/Reporte_de_accidente_de_trabajo/input_Filtro Hoja de Vida_formPopupHojaVidaj_idt15573'

2022-03-08 14:32:55 - [TEST_STEP][PASSED] - click(findTestObject("Modulo Pruebas SST/Reporte_de_accidente_de_trabajo/span_Diaz Blanco Guisell3")): Object: 'Object Repository/Modulo Pruebas SST/Reporte_de_accidente_de_trabajo/span_Diaz Blanco Guisell3' is clicked on

2022-03-08 14:32:56 - [MESSAGE][PASSED] - Object: 'Object Repository/Modulo Pruebas SST/Reporte_de_accidente_de_trabajo/span_Diaz Blanco Guisell3' is clicked on

2022-03-08 14:32:56 - [TEST_STEP][PASSED] - setText(findTestObject("Modulo Pruebas SST/Reporte_de_accidente_de_trabajo/input_Telfono_form_popupTestigoAccidentetelefono"), "1234567890"): Text '1234567890' is set on object 'Object Repository/Modulo Pruebas SST/Reporte_de_accidente_de_trabajo/input_Telfono_form_popupTestigoAccidentetelefono'

2022-03-08 14:32:59 - [MESSAGE][PASSED] - Text '1234567890' is set on object 'Object Repository/Modulo Pruebas SST/Reporte_de_accidente_de_trabajo/input_Telfono_form_popupTestigoAccidentetelefono'

2022-03-08 14:32:59 - [TEST_STEP][PASSED] - setText(findTestObject("Modulo Pruebas SST/Reporte_de_accidente_de_trabajo/textarea_Versin Testigo_form_popupTestigoAccidenteversion"), "Prueba"): Text 'Prueba' is set on object 'Object Repository/Modulo Pruebas SST/Reporte_de_accidente_de_trabajo/textarea_Versin Testigo_form_popupTestigoAccidenteversion'

2022-03-08 14:33:00 - [MESSAGE][PASSED] - Text 'Prueba' is set on object 'Object Repository/Modulo Pruebas SST/Reporte_de_accidente_de_trabajo/textarea_Versin Testigo_form_popupTestigoAccidenteversion'

2022-03-08 14:33:00 - [TEST_STEP][PASSED] - click(findTestObject("Modulo Pruebas SST/Reporte_de_accidente_de_trabajo/a_Guardar3")): Object: 'Object Repository/Modulo Pruebas SST/Reporte_de_accidente_de_trabajo/a_Guardar3' is clicked on

2022-03-08 14:33:00 - [MESSAGE][PASSED] - Object: 'Object Repository/Modulo Pruebas SST/Reporte_de_accidente_de_trabajo/a_Guardar3' is clicked on

2022-03-08 14:33:00 - [TEST_STEP][PASSED] - click(findTestObject("Modulo Pruebas SST/Reporte_de_accidente_de_trabajo/a_Accidentado")): Object: 'Object Repository/Modulo Pruebas SST/Reporte_de_accidente_de_trabajo/a_Accidentado' is clicked on

2022-03-08 14:33:01 - [MESSAGE][PASSED] - Object: 'Object Repository/Modulo Pruebas SST/Reporte_de_accidente_de_trabajo/a_Accidentado' is clicked on

2022-03-08 14:33:01 - [TEST_STEP][PASSED] - click(findTestObject("Modulo Pruebas SST/Reporte_de_accidente_de_trabajo/a_Nuevo2")): Object: 'Object Repository/Modulo Pruebas SST/Reporte_de_accidente_de_trabajo/a_Nuevo2' is clicked on

2022-03-08 14:33:02 - [MESSAGE][PASSED] - Object: 'Object Repository/Modulo Pruebas SST/Reporte_de_accidente_de_trabajo/a_Nuevo2' is clicked on

2022-03-08 14:33:02 - [TEST_STEP][PASSED] - click(findTestObject("Modulo Pruebas SST/Reporte_de_accidente_de_trabajo/a_Identificacin_form_datosAccidentadoj_idt1642")): Object: 'Object Repository/Modulo Pruebas SST/Reporte_de_accidente_de_trabajo/a_Identificacin_form_datosAccidentadoj_idt1642' is clicked on

2022-03-08 14:33:02 - [MESSAGE][PASSED] - Object: 'Object Repository/Modulo Pruebas SST/Reporte_de_accidente_de_trabajo/a_Identificacin_form_datosAccidentadoj_idt1642' is clicked on

2022-03-08 14:33:02 - [TEST_STEP][PASSED] - setText(findTestObject("Modulo Pruebas SST/Reporte_de_accidente_de_trabajo/input_Bsqueda_form_datosAccidentadoj_idt1816"), "Guisell"): Text 'Guisell' is set on object 'Object Repository/Modulo Pruebas SST/Reporte_de_accidente_de_trabajo/input_Bsqueda_form_datosAccidentadoj_idt1816'

2022-03-08 14:33:04 - [MESSAGE][PASSED] - Text 'Guisell' is set on object 'Object Repository/Modulo Pruebas SST/Reporte_de_accidente_de_trabajo/input_Bsqueda_form_datosAccidentadoj_idt1816'

2022-03-08 14:33:04 - [TEST_STEP][PASSED] - sendKeys(findTestObject("Modulo Pruebas SST/Reporte_de_accidente_de_trabajo/input_Bsqueda_form_datosAccidentadoj_idt1816"), Keys.chord(ENTER)): Keys 'ENTER + ' sent to object: 'Object Repository/Modulo Pruebas SST/Reporte_de_accidente_de_trabajo/input_Bsqueda_form_datosAccidentadoj_idt1816'

2022-03-08 14:33:05 - [MESSAGE][PASSED] - Keys 'ENTER + ' sent to object: 'Object Repository/Modulo Pruebas SST/Reporte_de_accidente_de_trabajo/input_Bsqueda_form_datosAccidentadoj_idt1816'

2022-03-08 14:33:05 - [TEST_STEP][PASSED] - click(findTestObject("Modulo Pruebas SST/Reporte_de_accidente_de_trabajo/span_Diaz Blanco Guisell2")): Object: 'Object Repository/Modulo Pruebas SST/Reporte_de_accidente_de_trabajo/span_Diaz Blanco Guisell2' is clicked on

2022-03-08 14:33:05 - [MESSAGE][PASSED] - Object: 'Object Repository/Modulo Pruebas SST/Reporte_de_accidente_de_trabajo/span_Diaz Blanco Guisell2' is clicked on

2022-03-08 14:33:05 - [TEST_STEP][PASSED] - setText(findTestObject("Modulo Pruebas SST/Reporte_de_accidente_de_trabajo/input_Fecha Reporte_form_datosAccidentadoreporte_input"), "01/07/2021"): Text '01/07/2021' is set on object 'Object Repository/Modulo Pruebas SST/Reporte_de_accidente_de_trabajo/input_Fecha Reporte_form_datosAccidentadoreporte_input'

2022-03-08 14:33:07 - [MESSAGE][PASSED] - Text '01/07/2021' is set on object 'Object Repository/Modulo Pruebas SST/Reporte_de_accidente_de_trabajo/input_Fecha Reporte_form_datosAccidentadoreporte_input'

2022-03-08 14:33:07 - [TEST_STEP][PASSED] - setText(findTestObject("Modulo Pruebas SST/Reporte_de_accidente_de_trabajo/input_Fecha Radicado_form_datosAccidentadofecharadicado_input"), "10/07/2021"): Text '10/07/2021' is set on object 'Object Repository/Modulo Pruebas SST/Reporte_de_accidente_de_trabajo/input_Fecha Radicado_form_datosAccidentadofecharadicado_input'

2022-03-08 14:33:07 - [MESSAGE][PASSED] - Text '10/07/2021' is set on object 'Object Repository/Modulo Pruebas SST/Reporte_de_accidente_de_trabajo/input_Fecha Radicado_form_datosAccidentadofecharadicado_input'

2022-03-08 14:33:07 - [TEST_STEP][PASSED] - selectOptionByIndex(findTestObject("Modulo Pruebas SST/Reporte_de_accidente_de_trabajo/select_-- SELECCIONAR --COOPERADOESTUDIANTE O APRENDIZINDEPENDIENTEMISIONPLANTA"), 5): All options with index in [5] are selected on object 'Object Repository/Modulo Pruebas SST/Reporte_de_accidente_de_trabajo/select_-- SELECCIONAR --COOPERADOESTUDIANTE O APRENDIZINDEPENDIENTEMISIONPLANTA'

2022-03-08 14:33:09 - [MESSAGE][PASSED] - All options with index in [5] are selected on object 'Object Repository/Modulo Pruebas SST/Reporte_de_accidente_de_trabajo/select_-- SELECCIONAR --COOPERADOESTUDIANTE O APRENDIZINDEPENDIENTEMISIONPLANTA'

2022-03-08 14:33:09 - [TEST_STEP][PASSED] - selectOptionByIndex(findTestObject("Modulo Pruebas SST/Reporte_de_accidente_de_trabajo/select_-- SELECCIONAR --AREAS DE RIESGOAREAS SIN RIESGOPRUEBA SILVIA"), 4): All options with index in [4] are selected on object 'Object Repository/Modulo Pruebas SST/Reporte_de_accidente_de_trabajo/select_-- SELECCIONAR --AREAS DE RIESGOAREAS SIN RIESGOPRUEBA SILVIA'

2022-03-08 14:33:10 - [MESSAGE][PASSED] - All options with index in [4] are selected on object 'Object Repository/Modulo Pruebas SST/Reporte_de_accidente_de_trabajo/select_-- SELECCIONAR --AREAS DE RIESGOAREAS SIN RIESGOPRUEBA SILVIA'

2022-03-08 14:33:10 - [TEST_STEP][PASSED] - selectOptionByIndex(findTestObject("Modulo Pruebas SST/Reporte_de_accidente_de_trabajo/select_-- SELECCIONAR ---"), 1): All options with index in [1] are selected on object 'Object Repository/Modulo Pruebas SST/Reporte_de_accidente_de_trabajo/select_-- SELECCIONAR ---'

2022-03-08 14:33:11 - [MESSAGE][PASSED] - All options with index in [1] are selected on object 'Object Repository/Modulo Pruebas SST/Reporte_de_accidente_de_trabajo/select_-- SELECCIONAR ---'

2022-03-08 14:33:11 - [TEST_STEP][PASSED] - selectOptionByIndex(findTestObject("Modulo Pruebas SST/Reporte_de_accidente_de_trabajo/select_-- SELECCIONAR --AGENTES  NO CLASIFICADOSAMBIENTES DE TRABAJO(SUPERFICIES DE TRANSITO Y TRABAJO"), 2): All options with index in [2] are selected on object 'Object Repository/Modulo Pruebas SST/Reporte_de_accidente_de_trabajo/select_-- SELECCIONAR --AGENTES  NO CLASIFICADOSAMBIENTES DE TRABAJO(SUPERFICIES DE TRANSITO Y TRABAJO'

2022-03-08 14:33:12 - [MESSAGE][PASSED] - All options with index in [2] are selected on object 'Object Repository/Modulo Pruebas SST/Reporte_de_accidente_de_trabajo/select_-- SELECCIONAR --AGENTES  NO CLASIFICADOSAMBIENTES DE TRABAJO(SUPERFICIES DE TRANSITO Y TRABAJO'

2022-03-08 14:33:12 - [TEST_STEP][PASSED] - click(findTestObject("Modulo Pruebas SST/Reporte_de_accidente_de_trabajo/label_Si2")): Object: 'Object Repository/Modulo Pruebas SST/Reporte_de_accidente_de_trabajo/label_Si2' is clicked on

2022-03-08 14:33:13 - [MESSAGE][PASSED] - Object: 'Object Repository/Modulo Pruebas SST/Reporte_de_accidente_de_trabajo/label_Si2' is clicked on

2022-03-08 14:33:13 - [TEST_STEP][PASSED] - selectOptionByIndex(findTestObject("Modulo Pruebas SST/Reporte_de_accidente_de_trabajo/select_-- SELECCIONAR --Lesin GraveLesin MedianaLesin Mnima"), 3): All options with index in [3] are selected on object 'Object Repository/Modulo Pruebas SST/Reporte_de_accidente_de_trabajo/select_-- SELECCIONAR --Lesin GraveLesin MedianaLesin Mnima'

2022-03-08 14:33:14 - [MESSAGE][PASSED] - All options with index in [3] are selected on object 'Object Repository/Modulo Pruebas SST/Reporte_de_accidente_de_trabajo/select_-- SELECCIONAR --Lesin GraveLesin MedianaLesin Mnima'

2022-03-08 14:33:14 - [TEST_STEP][PASSED] - selectOptionByIndex(findTestObject("Modulo Pruebas SST/Reporte_de_accidente_de_trabajo/select_-- SELECCIONAR --DIURNAMIXTANOCTURNAPOR TURNOS"), 1): All options with index in [1] are selected on object 'Object Repository/Modulo Pruebas SST/Reporte_de_accidente_de_trabajo/select_-- SELECCIONAR --DIURNAMIXTANOCTURNAPOR TURNOS'

2022-03-08 14:33:15 - [MESSAGE][PASSED] - All options with index in [1] are selected on object 'Object Repository/Modulo Pruebas SST/Reporte_de_accidente_de_trabajo/select_-- SELECCIONAR --DIURNAMIXTANOCTURNAPOR TURNOS'

2022-03-08 14:33:15 - [TEST_STEP][PASSED] - click(findTestObject("Modulo Pruebas SST/Reporte_de_accidente_de_trabajo/label_No")): Object: 'Object Repository/Modulo Pruebas SST/Reporte_de_accidente_de_trabajo/label_No' is clicked on

2022-03-08 14:33:15 - [MESSAGE][PASSED] - Object: 'Object Repository/Modulo Pruebas SST/Reporte_de_accidente_de_trabajo/label_No' is clicked on

2022-03-08 14:33:15 - [TEST_STEP][PASSED] - click(findTestObject("Modulo Pruebas SST/Reporte_de_accidente_de_trabajo/a_Guardar2")): Object: 'Object Repository/Modulo Pruebas SST/Reporte_de_accidente_de_trabajo/a_Guardar2' is clicked on

2022-03-08 14:33:16 - [MESSAGE][PASSED] - Object: 'Object Repository/Modulo Pruebas SST/Reporte_de_accidente_de_trabajo/a_Guardar2' is clicked on

2022-03-08 14:33:16 - [TEST_STEP][PASSED] - click(findTestObject("Modulo Pruebas SST/Reporte_de_accidente_de_trabajo/a_Recomendaciones")): Object: 'Object Repository/Modulo Pruebas SST/Reporte_de_accidente_de_trabajo/a_Recomendaciones' is clicked on

2022-03-08 14:33:18 - [MESSAGE][PASSED] - Object: 'Object Repository/Modulo Pruebas SST/Reporte_de_accidente_de_trabajo/a_Recomendaciones' is clicked on

2022-03-08 14:33:18 - [TEST_STEP][PASSED] - click(findTestObject("Modulo Pruebas SST/Reporte_de_accidente_de_trabajo/a_Nuevo4")): Object: 'Object Repository/Modulo Pruebas SST/Reporte_de_accidente_de_trabajo/a_Nuevo4' is clicked on

2022-03-08 14:33:18 - [MESSAGE][PASSED] - Object: 'Object Repository/Modulo Pruebas SST/Reporte_de_accidente_de_trabajo/a_Nuevo4' is clicked on

2022-03-08 14:33:18 - [TEST_STEP][PASSED] - selectOptionByIndex(findTestObject("Modulo Pruebas SST/Reporte_de_accidente_de_trabajo/select_ActivoCanceladoCumplidoNo Cumplido"), 0): All options with index in [0] are selected on object 'Object Repository/Modulo Pruebas SST/Reporte_de_accidente_de_trabajo/select_ActivoCanceladoCumplidoNo Cumplido'

2022-03-08 14:33:19 - [MESSAGE][PASSED] - All options with index in [0] are selected on object 'Object Repository/Modulo Pruebas SST/Reporte_de_accidente_de_trabajo/select_ActivoCanceladoCumplidoNo Cumplido'

2022-03-08 14:33:19 - [TEST_STEP][PASSED] - selectOptionByIndex(findTestObject("Modulo Pruebas SST/Reporte_de_accidente_de_trabajo/select_-- SELECCIONAR --Camine con PrecaucinCapacitacinTrate de no correr"), 1): All options with index in [1] are selected on object 'Object Repository/Modulo Pruebas SST/Reporte_de_accidente_de_trabajo/select_-- SELECCIONAR --Camine con PrecaucinCapacitacinTrate de no correr'

2022-03-08 14:33:20 - [MESSAGE][PASSED] - All options with index in [1] are selected on object 'Object Repository/Modulo Pruebas SST/Reporte_de_accidente_de_trabajo/select_-- SELECCIONAR --Camine con PrecaucinCapacitacinTrate de no correr'

2022-03-08 14:33:20 - [TEST_STEP][PASSED] - selectOptionByIndex(findTestObject("Modulo Pruebas SST/Reporte_de_accidente_de_trabajo/select_-- SELECCIONAR --Recomendacin Atep 2Recomendacin Atep 1"), 1): All options with index in [1] are selected on object 'Object Repository/Modulo Pruebas SST/Reporte_de_accidente_de_trabajo/select_-- SELECCIONAR --Recomendacin Atep 2Recomendacin Atep 1'

2022-03-08 14:33:21 - [MESSAGE][PASSED] - All options with index in [1] are selected on object 'Object Repository/Modulo Pruebas SST/Reporte_de_accidente_de_trabajo/select_-- SELECCIONAR --Recomendacin Atep 2Recomendacin Atep 1'

2022-03-08 14:33:21 - [TEST_STEP][PASSED] - click(findTestObject("Modulo Pruebas SST/Reporte_de_accidente_de_trabajo/a_Responsable Recomendaciones_form_popupSeguimientotabRecomendacionj_idt200")): Object: 'Object Repository/Modulo Pruebas SST/Reporte_de_accidente_de_trabajo/a_Responsable Recomendaciones_form_popupSeguimientotabRecomendacionj_idt200' is clicked on

2022-03-08 14:33:22 - [MESSAGE][PASSED] - Object: 'Object Repository/Modulo Pruebas SST/Reporte_de_accidente_de_trabajo/a_Responsable Recomendaciones_form_popupSeguimientotabRecomendacionj_idt200' is clicked on

2022-03-08 14:33:22 - [TEST_STEP][PASSED] - setText(findTestObject("Modulo Pruebas SST/Reporte_de_accidente_de_trabajo/input_Filtro Hoja de Vida_formPopupHojaVidaj_idt15574"), "Guisell"): Text 'Guisell' is set on object 'Object Repository/Modulo Pruebas SST/Reporte_de_accidente_de_trabajo/input_Filtro Hoja de Vida_formPopupHojaVidaj_idt15574'

2022-03-08 14:33:23 - [MESSAGE][PASSED] - Text 'Guisell' is set on object 'Object Repository/Modulo Pruebas SST/Reporte_de_accidente_de_trabajo/input_Filtro Hoja de Vida_formPopupHojaVidaj_idt15574'

2022-03-08 14:33:23 - [TEST_STEP][PASSED] - sendKeys(findTestObject("Modulo Pruebas SST/Reporte_de_accidente_de_trabajo/input_Filtro Hoja de Vida_formPopupHojaVidaj_idt15574"), Keys.chord(ENTER)): Keys 'ENTER + ' sent to object: 'Object Repository/Modulo Pruebas SST/Reporte_de_accidente_de_trabajo/input_Filtro Hoja de Vida_formPopupHojaVidaj_idt15574'

2022-03-08 14:33:23 - [MESSAGE][PASSED] - Keys 'ENTER + ' sent to object: 'Object Repository/Modulo Pruebas SST/Reporte_de_accidente_de_trabajo/input_Filtro Hoja de Vida_formPopupHojaVidaj_idt15574'

2022-03-08 14:33:23 - [TEST_STEP][PASSED] - click(findTestObject("Modulo Pruebas SST/Reporte_de_accidente_de_trabajo/span_Diaz Blanco Guisell4")): Object: 'Object Repository/Modulo Pruebas SST/Reporte_de_accidente_de_trabajo/span_Diaz Blanco Guisell4' is clicked on

2022-03-08 14:33:24 - [MESSAGE][PASSED] - Object: 'Object Repository/Modulo Pruebas SST/Reporte_de_accidente_de_trabajo/span_Diaz Blanco Guisell4' is clicked on

2022-03-08 14:33:24 - [TEST_STEP][PASSED] - setText(findTestObject("Modulo Pruebas SST/Reporte_de_accidente_de_trabajo/textarea_Observacin_form_popupSeguimientotabRecomendacionobservacion"), "PRUEBA"): Text 'PRUEBA' is set on object 'Object Repository/Modulo Pruebas SST/Reporte_de_accidente_de_trabajo/textarea_Observacin_form_popupSeguimientotabRecomendacionobservacion'

2022-03-08 14:33:25 - [MESSAGE][PASSED] - Text 'PRUEBA' is set on object 'Object Repository/Modulo Pruebas SST/Reporte_de_accidente_de_trabajo/textarea_Observacin_form_popupSeguimientotabRecomendacionobservacion'

2022-03-08 14:33:25 - [TEST_STEP][PASSED] - click(findTestObject("Modulo Pruebas SST/Reporte_de_accidente_de_trabajo/a_Guardar4")): Object: 'Object Repository/Modulo Pruebas SST/Reporte_de_accidente_de_trabajo/a_Guardar4' is clicked on

2022-03-08 14:33:25 - [MESSAGE][PASSED] - Object: 'Object Repository/Modulo Pruebas SST/Reporte_de_accidente_de_trabajo/a_Guardar4' is clicked on]]></system-out>
         <system-err><![CDATA[]]></system-err>
      </testcase>
      <testcase name="Test Cases/5.1-Pruebas_SST/5.1.2-Investigación_Accidente_de_Trabajo" time="102.696" classname="Test Cases/5.1-Pruebas_SST/5.1.2-Investigación_Accidente_de_Trabajo" status="PASSED">
         <system-out><![CDATA[2022-03-08 14:33:25 - [TEST_CASE][PASSED] - Test Cases/5.1-Pruebas_SST/5.1.2-Investigación_Accidente_de_Trabajo: Test Cases/5.1-Pruebas_SST/5.1.2-Investigación_Accidente_de_Trabajo

2022-03-08 14:33:26 - [TEST_STEP][PASSED] - callTestCase(findTestCase("0.1-Login"), [:], STOP_ON_FAILURE): Call Test Case 'Test Cases/0.1-Login' successfully

2022-03-08 14:33:26 - [TEST_CASE][PASSED] - Test Cases/0.1-Login: Test Cases/0.1-Login

2022-03-08 14:33:26 - [TEST_STEP][PASSED] - openBrowser(""): Browser is opened with url: ''

2022-03-08 14:33:26 - [MESSAGE][WARNING] - A browser is already opened. Closing browser and opening a new one

2022-03-08 14:33:28 - [MESSAGE][INFO] - Starting 'Chrome' driver

2022-03-08 14:33:28 - [MESSAGE][INFO] - Action delay is set to 0 milliseconds

2022-03-08 14:33:29 - [MESSAGE][PASSED] - Browser is opened with url: ''

2022-03-08 14:33:29 - [TEST_STEP][PASSED] - maximizeWindow(): Current window maximized

2022-03-08 14:33:30 - [MESSAGE][PASSED] - Current window maximized

2022-03-08 14:33:30 - [TEST_STEP][PASSED] - i = G_Login: null

2022-03-08 14:33:30 - [TEST_STEP][PASSED] - url = new java.net.URL(i): null

2022-03-08 14:33:30 - [TEST_STEP][PASSED] - println("URL: " + url.toString()): null

2022-03-08 14:33:30 - [TEST_STEP][PASSED] - connection = url.openConnection(): null

2022-03-08 14:33:30 - [TEST_STEP][PASSED] - connection.setRequestMethod("GET"): null

2022-03-08 14:33:30 - [TEST_STEP][PASSED] - connection.setReadTimeout(2 * 1000): null

2022-03-08 14:33:30 - [TEST_STEP][PASSED] - try: null

2022-03-08 14:33:30 - [TEST_STEP][PASSED] - connection.connect(): null

2022-03-08 14:33:30 - [TEST_STEP][PASSED] - flag = connected: null

2022-03-08 14:33:30 - [TEST_STEP][PASSED] - println("Valor_ori: " + flag): null

2022-03-08 14:33:30 - [TEST_STEP][PASSED] - if (flag): null

2022-03-08 14:33:30 - [TEST_STEP][PASSED] - navigateToUrl(i): Navigate to 'http://192.168.2.80:8380/saraweb' successfully

2022-03-08 14:33:30 - [MESSAGE][PASSED] - Navigate to 'http://192.168.2.80:8380/saraweb' successfully

2022-03-08 14:33:30 - [TEST_STEP][PASSED] - a(): null

2022-03-08 14:33:30 - [TEST_STEP][PASSED] - setText(findTestObject("Login/input_USUARIO_loginusuario"), G_Usuario): Text 'saraadmin' is set on object 'Object Repository/Login/input_USUARIO_loginusuario'

2022-03-08 14:33:31 - [MESSAGE][PASSED] - Text 'saraadmin' is set on object 'Object Repository/Login/input_USUARIO_loginusuario'

2022-03-08 14:33:31 - [TEST_STEP][PASSED] - setEncryptedText(findTestObject("Login/input_CLAVE_loginpassword"), "MkG4/TYiCFC3cb2driP7+Q=="): Text ****** has been set on object 'Object Repository/Login/input_CLAVE_loginpassword'

2022-03-08 14:33:32 - [MESSAGE][PASSED] - Text ****** has been set on object 'Object Repository/Login/input_CLAVE_loginpassword'

2022-03-08 14:33:32 - [TEST_STEP][PASSED] - waitForElementClickable(findTestObject("Login/a_Ingresar"), G_TimeOut): Object 'Object Repository/Login/a_Ingresar' is clickable

2022-03-08 14:33:32 - [MESSAGE][PASSED] - Object 'Object Repository/Login/a_Ingresar' is clickable

2022-03-08 14:33:32 - [TEST_STEP][PASSED] - click(findTestObject("Login/a_Ingresar")): Object: 'Object Repository/Login/a_Ingresar' is clicked on

2022-03-08 14:33:34 - [MESSAGE][PASSED] - Object: 'Object Repository/Login/a_Ingresar' is clicked on

2022-03-08 14:33:34 - [TEST_STEP][PASSED] - element = findWebElement(findTestObject("Login/a_Ir"), 30): null

2022-03-08 14:33:34 - [TEST_STEP][PASSED] - executeJavaScript("arguments[0].click()", Arrays.asList(element)): Execute JavaScript 'arguments[0].click()' successfully

2022-03-08 14:33:34 - [MESSAGE][PASSED] - Execute JavaScript 'arguments[0].click()' successfully

2022-03-08 14:33:34 - [MESSAGE][PASSED] - Call Test Case 'Test Cases/0.1-Login' successfully

2022-03-08 14:33:34 - [TEST_STEP][PASSED] - executeJavaScript("document.body.style.zoom='98%'", null): Execute JavaScript 'document.body.style.zoom='98%'' successfully

2022-03-08 14:33:35 - [MESSAGE][PASSED] - Execute JavaScript 'document.body.style.zoom='98%'' successfully

2022-03-08 14:33:35 - [TEST_STEP][PASSED] - delay(1): Delayed 1 second(s)

2022-03-08 14:33:36 - [MESSAGE][PASSED] - Delayed 1 second(s)

2022-03-08 14:33:36 - [TEST_STEP][PASSED] - setText(findTestObject("Modulo Pruebas SST/Investigación_Accidente_de_Trabajo/input_Informes de Accidentes e Incidentes de Trabajo_form_templatej_idt24_input"), "Informe Accidente de Trabajo"): Text 'Informe Accidente de Trabajo' is set on object 'Object Repository/Modulo Pruebas SST/Investigación_Accidente_de_Trabajo/input_Informes de Accidentes e Incidentes de Trabajo_form_templatej_idt24_input'

2022-03-08 14:33:37 - [MESSAGE][PASSED] - Text 'Informe Accidente de Trabajo' is set on object 'Object Repository/Modulo Pruebas SST/Investigación_Accidente_de_Trabajo/input_Informes de Accidentes e Incidentes de Trabajo_form_templatej_idt24_input'

2022-03-08 14:33:37 - [TEST_STEP][PASSED] - waitForElementPresent(findTestObject("Modulo Pruebas SST/Investigación_Accidente_de_Trabajo/span_Informe Accidente de Trabajo (sst)"), 0): Object 'Object Repository/Modulo Pruebas SST/Investigación_Accidente_de_Trabajo/span_Informe Accidente de Trabajo (sst)' is present

2022-03-08 14:33:37 - [MESSAGE][WARNING] - Timeout '0' is invalid. Using default page load timeout: '30'

2022-03-08 14:33:38 - [MESSAGE][PASSED] - Object 'Object Repository/Modulo Pruebas SST/Investigación_Accidente_de_Trabajo/span_Informe Accidente de Trabajo (sst)' is present

2022-03-08 14:33:38 - [TEST_STEP][PASSED] - click(findTestObject("Modulo Pruebas SST/Investigación_Accidente_de_Trabajo/span_Informe Accidente de Trabajo (sst)")): Object: 'Object Repository/Modulo Pruebas SST/Investigación_Accidente_de_Trabajo/span_Informe Accidente de Trabajo (sst)' is clicked on

2022-03-08 14:33:39 - [MESSAGE][PASSED] - Object: 'Object Repository/Modulo Pruebas SST/Investigación_Accidente_de_Trabajo/span_Informe Accidente de Trabajo (sst)' is clicked on

2022-03-08 14:33:39 - [TEST_STEP][PASSED] - click(findTestObject("Modulo Pruebas SST/Investigación_Accidente_de_Trabajo/span_Prueba")): Object: 'Object Repository/Modulo Pruebas SST/Investigación_Accidente_de_Trabajo/span_Prueba' is clicked on

2022-03-08 14:33:42 - [MESSAGE][PASSED] - Object: 'Object Repository/Modulo Pruebas SST/Investigación_Accidente_de_Trabajo/span_Prueba' is clicked on

2022-03-08 14:33:42 - [TEST_STEP][PASSED] - click(findTestObject("Modulo Pruebas SST/Investigación_Accidente_de_Trabajo/a_Accidentado")): Object: 'Object Repository/Modulo Pruebas SST/Investigación_Accidente_de_Trabajo/a_Accidentado' is clicked on

2022-03-08 14:33:43 - [MESSAGE][PASSED] - Object: 'Object Repository/Modulo Pruebas SST/Investigación_Accidente_de_Trabajo/a_Accidentado' is clicked on

2022-03-08 14:33:43 - [TEST_STEP][PASSED] - click(findTestObject("Modulo Pruebas SST/Investigación_Accidente_de_Trabajo/span_DIAZ BLANCO GUISELL")): Object: 'Object Repository/Modulo Pruebas SST/Investigación_Accidente_de_Trabajo/span_DIAZ BLANCO GUISELL' is clicked on

2022-03-08 14:33:44 - [MESSAGE][PASSED] - Object: 'Object Repository/Modulo Pruebas SST/Investigación_Accidente_de_Trabajo/span_DIAZ BLANCO GUISELL' is clicked on

2022-03-08 14:33:44 - [TEST_STEP][PASSED] - click(findTestObject("Modulo Pruebas SST/Investigación_Accidente_de_Trabajo/a_Investigaciones")): Object: 'Object Repository/Modulo Pruebas SST/Investigación_Accidente_de_Trabajo/a_Investigaciones' is clicked on

2022-03-08 14:33:44 - [MESSAGE][PASSED] - Object: 'Object Repository/Modulo Pruebas SST/Investigación_Accidente_de_Trabajo/a_Investigaciones' is clicked on

2022-03-08 14:33:44 - [TEST_STEP][PASSED] - if (waitForElementPresent(findTestObject("Modulo Pruebas SST/Investigación_Accidente_de_Trabajo/span_Prueba2"), 1)): Object 'Object Repository/Modulo Pruebas SST/Investigación_Accidente_de_Trabajo/span_Prueba2' is not present after 1 second(s)

2022-03-08 14:33:47 - [MESSAGE][INFO] - Unable to find the element located by 'By.xpath: //div[2]/div[2]/table/tbody/tr/td/span'. Please recheck the objects properties to make sure the desired element is located. 

2022-03-08 14:33:47 - [MESSAGE][WARNING] - Object 'Object Repository/Modulo Pruebas SST/Investigación_Accidente_de_Trabajo/span_Prueba2' is not present after 1 second(s)

2022-03-08 14:33:47 - [TEST_STEP][PASSED] - click(findTestObject("Modulo Pruebas SST/Investigación_Accidente_de_Trabajo/a_Nuevo")): Object: 'Object Repository/Modulo Pruebas SST/Investigación_Accidente_de_Trabajo/a_Nuevo' is clicked on

2022-03-08 14:33:47 - [MESSAGE][PASSED] - Object: 'Object Repository/Modulo Pruebas SST/Investigación_Accidente_de_Trabajo/a_Nuevo' is clicked on

2022-03-08 14:33:47 - [TEST_STEP][PASSED] - setText(findTestObject("Modulo Pruebas SST/Investigación_Accidente_de_Trabajo/input_Costo Estimado del Dao_j_idt1827tabInvestigacionAccidentadocosto"), "100"): Text '100' is set on object 'Object Repository/Modulo Pruebas SST/Investigación_Accidente_de_Trabajo/input_Costo Estimado del Dao_j_idt1827tabInvestigacionAccidentadocosto'

2022-03-08 14:33:48 - [MESSAGE][PASSED] - Text '100' is set on object 'Object Repository/Modulo Pruebas SST/Investigación_Accidente_de_Trabajo/input_Costo Estimado del Dao_j_idt1827tabInvestigacionAccidentadocosto'

2022-03-08 14:33:48 - [TEST_STEP][PASSED] - setText(findTestObject("Modulo Pruebas SST/Investigación_Accidente_de_Trabajo/textarea_Propiedad o Equipo Daado_j_idt1827tabInvestigacionAccidentadoequipoDanado"), "null"): Text 'null' is set on object 'Object Repository/Modulo Pruebas SST/Investigación_Accidente_de_Trabajo/textarea_Propiedad o Equipo Daado_j_idt1827tabInvestigacionAccidentadoequipoDanado'

2022-03-08 14:33:49 - [MESSAGE][PASSED] - Text 'null' is set on object 'Object Repository/Modulo Pruebas SST/Investigación_Accidente_de_Trabajo/textarea_Propiedad o Equipo Daado_j_idt1827tabInvestigacionAccidentadoequipoDanado'

2022-03-08 14:33:49 - [TEST_STEP][PASSED] - setText(findTestObject("Modulo Pruebas SST/Investigación_Accidente_de_Trabajo/textarea_Naturaleza del Dao_j_idt1827tabInvestigacionAccidentadonaturaleza"), "null"): Text 'null' is set on object 'Object Repository/Modulo Pruebas SST/Investigación_Accidente_de_Trabajo/textarea_Naturaleza del Dao_j_idt1827tabInvestigacionAccidentadonaturaleza'

2022-03-08 14:33:50 - [MESSAGE][PASSED] - Text 'null' is set on object 'Object Repository/Modulo Pruebas SST/Investigación_Accidente_de_Trabajo/textarea_Naturaleza del Dao_j_idt1827tabInvestigacionAccidentadonaturaleza'

2022-03-08 14:33:50 - [TEST_STEP][PASSED] - setText(findTestObject("Modulo Pruebas SST/Investigación_Accidente_de_Trabajo/textarea_Agente Dao_j_idt1827tabInvestigacionAccidentadoorigenDano"), "null"): Text 'null' is set on object 'Object Repository/Modulo Pruebas SST/Investigación_Accidente_de_Trabajo/textarea_Agente Dao_j_idt1827tabInvestigacionAccidentadoorigenDano'

2022-03-08 14:33:51 - [MESSAGE][PASSED] - Text 'null' is set on object 'Object Repository/Modulo Pruebas SST/Investigación_Accidente_de_Trabajo/textarea_Agente Dao_j_idt1827tabInvestigacionAccidentadoorigenDano'

2022-03-08 14:33:51 - [TEST_STEP][PASSED] - selectOptionByIndex(findTestObject("Modulo Pruebas SST/Investigación_Accidente_de_Trabajo/select_-- SELECCIONAR --GraveLeveUrgente"), "2"): All options with index in [2] are selected on object 'Object Repository/Modulo Pruebas SST/Investigación_Accidente_de_Trabajo/select_-- SELECCIONAR --GraveLeveUrgente'

2022-03-08 14:33:52 - [MESSAGE][PASSED] - All options with index in [2] are selected on object 'Object Repository/Modulo Pruebas SST/Investigación_Accidente_de_Trabajo/select_-- SELECCIONAR --GraveLeveUrgente'

2022-03-08 14:33:52 - [TEST_STEP][PASSED] - setText(findTestObject("Modulo Pruebas SST/Investigación_Accidente_de_Trabajo/textarea_Descripcin del rea de Trabajo en Dnde Ocurri el Accidente_j_idt1827tabInvestigacionAccidentadoareaTrabajo"), "null"): Text 'null' is set on object 'Object Repository/Modulo Pruebas SST/Investigación_Accidente_de_Trabajo/textarea_Descripcin del rea de Trabajo en Dnde Ocurri el Accidente_j_idt1827tabInvestigacionAccidentadoareaTrabajo'

2022-03-08 14:33:53 - [MESSAGE][PASSED] - Text 'null' is set on object 'Object Repository/Modulo Pruebas SST/Investigación_Accidente_de_Trabajo/textarea_Descripcin del rea de Trabajo en Dnde Ocurri el Accidente_j_idt1827tabInvestigacionAccidentadoareaTrabajo'

2022-03-08 14:33:53 - [TEST_STEP][PASSED] - setText(findTestObject("Modulo Pruebas SST/Investigación_Accidente_de_Trabajo/textarea_Descripcin de la Operacin Desarrollada en el Momento del Accidente_j_idt1827tabInvestigacionAccidentadooperacion"), "null"): Text 'null' is set on object 'Object Repository/Modulo Pruebas SST/Investigación_Accidente_de_Trabajo/textarea_Descripcin de la Operacin Desarrollada en el Momento del Accidente_j_idt1827tabInvestigacionAccidentadooperacion'

2022-03-08 14:33:54 - [MESSAGE][PASSED] - Text 'null' is set on object 'Object Repository/Modulo Pruebas SST/Investigación_Accidente_de_Trabajo/textarea_Descripcin de la Operacin Desarrollada en el Momento del Accidente_j_idt1827tabInvestigacionAccidentadooperacion'

2022-03-08 14:33:54 - [TEST_STEP][PASSED] - setText(findTestObject("Modulo Pruebas SST/Investigación_Accidente_de_Trabajo/textarea_Acciones Adoptadas Despus del Accidente_j_idt1827tabInvestigacionAccidentadoacciones"), "null"): Text 'null' is set on object 'Object Repository/Modulo Pruebas SST/Investigación_Accidente_de_Trabajo/textarea_Acciones Adoptadas Despus del Accidente_j_idt1827tabInvestigacionAccidentadoacciones'

2022-03-08 14:33:54 - [MESSAGE][PASSED] - Text 'null' is set on object 'Object Repository/Modulo Pruebas SST/Investigación_Accidente_de_Trabajo/textarea_Acciones Adoptadas Despus del Accidente_j_idt1827tabInvestigacionAccidentadoacciones'

2022-03-08 14:33:54 - [TEST_STEP][PASSED] - setText(findTestObject("Modulo Pruebas SST/Investigación_Accidente_de_Trabajo/textarea_Conclusin_j_idt1827tabInvestigacionAccidentadoconclusion"), "Prueba"): Text 'Prueba' is set on object 'Object Repository/Modulo Pruebas SST/Investigación_Accidente_de_Trabajo/textarea_Conclusin_j_idt1827tabInvestigacionAccidentadoconclusion'

2022-03-08 14:33:55 - [MESSAGE][PASSED] - Text 'Prueba' is set on object 'Object Repository/Modulo Pruebas SST/Investigación_Accidente_de_Trabajo/textarea_Conclusin_j_idt1827tabInvestigacionAccidentadoconclusion'

2022-03-08 14:33:55 - [TEST_STEP][PASSED] - setText(findTestObject("Modulo Pruebas SST/Investigación_Accidente_de_Trabajo/textarea_Caracterstica No Obligatoria Investigacin_j_idt1827tabInvestigacionAccidentadoj_idt19321idTexto3"), "null"): Text 'null' is set on object 'Object Repository/Modulo Pruebas SST/Investigación_Accidente_de_Trabajo/textarea_Caracterstica No Obligatoria Investigacin_j_idt1827tabInvestigacionAccidentadoj_idt19321idTexto3'

2022-03-08 14:33:56 - [MESSAGE][PASSED] - Text 'null' is set on object 'Object Repository/Modulo Pruebas SST/Investigación_Accidente_de_Trabajo/textarea_Caracterstica No Obligatoria Investigacin_j_idt1827tabInvestigacionAccidentadoj_idt19321idTexto3'

2022-03-08 14:33:56 - [TEST_STEP][PASSED] - setText(findTestObject("Modulo Pruebas SST/Investigación_Accidente_de_Trabajo/input_Fecha_j_idt1827tabInvestigacionAccidentadoj_idt19322fecha_input"), "01/07/2021"): Text '01/07/2021' is set on object 'Object Repository/Modulo Pruebas SST/Investigación_Accidente_de_Trabajo/input_Fecha_j_idt1827tabInvestigacionAccidentadoj_idt19322fecha_input'

2022-03-08 14:33:57 - [MESSAGE][PASSED] - Text '01/07/2021' is set on object 'Object Repository/Modulo Pruebas SST/Investigación_Accidente_de_Trabajo/input_Fecha_j_idt1827tabInvestigacionAccidentadoj_idt19322fecha_input'

2022-03-08 14:33:57 - [TEST_STEP][PASSED] - click(findTestObject("Modulo Pruebas SST/Investigación_Accidente_de_Trabajo/a_Guardar"), STOP_ON_FAILURE): Object: 'Object Repository/Modulo Pruebas SST/Investigación_Accidente_de_Trabajo/a_Guardar' is clicked on

2022-03-08 14:33:58 - [MESSAGE][PASSED] - Object: 'Object Repository/Modulo Pruebas SST/Investigación_Accidente_de_Trabajo/a_Guardar' is clicked on

2022-03-08 14:33:58 - [TEST_STEP][PASSED] - click(findTestObject("Modulo Pruebas SST/Investigación_Accidente_de_Trabajo/a_Anlisis Causal")): Object: 'Object Repository/Modulo Pruebas SST/Investigación_Accidente_de_Trabajo/a_Anlisis Causal' is clicked on

2022-03-08 14:34:00 - [MESSAGE][PASSED] - Object: 'Object Repository/Modulo Pruebas SST/Investigación_Accidente_de_Trabajo/a_Anlisis Causal' is clicked on

2022-03-08 14:34:00 - [TEST_STEP][PASSED] - click(findTestObject("Modulo Pruebas SST/Investigación_Accidente_de_Trabajo/a_Nuevo1")): Object: 'Object Repository/Modulo Pruebas SST/Investigación_Accidente_de_Trabajo/a_Nuevo1' is clicked on

2022-03-08 14:34:00 - [MESSAGE][PASSED] - Object: 'Object Repository/Modulo Pruebas SST/Investigación_Accidente_de_Trabajo/a_Nuevo1' is clicked on

2022-03-08 14:34:00 - [TEST_STEP][PASSED] - selectOptionByIndex(findTestObject("Modulo Pruebas SST/Investigación_Accidente_de_Trabajo/select_Seleccionar1111-Metodologa 1"), 1): All options with index in [1] are selected on object 'Object Repository/Modulo Pruebas SST/Investigación_Accidente_de_Trabajo/select_Seleccionar1111-Metodologa 1'

2022-03-08 14:34:02 - [MESSAGE][PASSED] - All options with index in [1] are selected on object 'Object Repository/Modulo Pruebas SST/Investigación_Accidente_de_Trabajo/select_Seleccionar1111-Metodologa 1'

2022-03-08 14:34:02 - [TEST_STEP][PASSED] - selectOptionByIndex(findTestObject("Modulo Pruebas SST/Investigación_Accidente_de_Trabajo/select_Seleccionar"), 1): All options with index in [1] are selected on object 'Object Repository/Modulo Pruebas SST/Investigación_Accidente_de_Trabajo/select_Seleccionar'

2022-03-08 14:34:03 - [MESSAGE][PASSED] - All options with index in [1] are selected on object 'Object Repository/Modulo Pruebas SST/Investigación_Accidente_de_Trabajo/select_Seleccionar'

2022-03-08 14:34:03 - [TEST_STEP][PASSED] - setText(findTestObject("Modulo Pruebas SST/Investigación_Accidente_de_Trabajo/textarea_Descripcin_form_PopupAnalisisCausaldesc"), "prueba"): Text 'prueba' is set on object 'Object Repository/Modulo Pruebas SST/Investigación_Accidente_de_Trabajo/textarea_Descripcin_form_PopupAnalisisCausaldesc'

2022-03-08 14:34:04 - [MESSAGE][PASSED] - Text 'prueba' is set on object 'Object Repository/Modulo Pruebas SST/Investigación_Accidente_de_Trabajo/textarea_Descripcin_form_PopupAnalisisCausaldesc'

2022-03-08 14:34:04 - [TEST_STEP][PASSED] - setText(findTestObject("Modulo Pruebas SST/Investigación_Accidente_de_Trabajo/textarea_Observacin_form_PopupAnalisisCausalobservacion"), "prueba"): Text 'prueba' is set on object 'Object Repository/Modulo Pruebas SST/Investigación_Accidente_de_Trabajo/textarea_Observacin_form_PopupAnalisisCausalobservacion'

2022-03-08 14:34:04 - [MESSAGE][PASSED] - Text 'prueba' is set on object 'Object Repository/Modulo Pruebas SST/Investigación_Accidente_de_Trabajo/textarea_Observacin_form_PopupAnalisisCausalobservacion'

2022-03-08 14:34:04 - [TEST_STEP][PASSED] - selectOptionByIndex(findTestObject("Modulo Pruebas SST/Investigación_Accidente_de_Trabajo/select_SeleccionarBAJAMEDIAALTO"), 2): All options with index in [2] are selected on object 'Object Repository/Modulo Pruebas SST/Investigación_Accidente_de_Trabajo/select_SeleccionarBAJAMEDIAALTO'

2022-03-08 14:34:05 - [MESSAGE][PASSED] - All options with index in [2] are selected on object 'Object Repository/Modulo Pruebas SST/Investigación_Accidente_de_Trabajo/select_SeleccionarBAJAMEDIAALTO'

2022-03-08 14:34:05 - [TEST_STEP][PASSED] - click(findTestObject("Modulo Pruebas SST/Investigación_Accidente_de_Trabajo/a_Guardar_Anlisis Causal")): Object: 'Object Repository/Modulo Pruebas SST/Investigación_Accidente_de_Trabajo/a_Guardar_Anlisis Causal' is clicked on

2022-03-08 14:34:06 - [MESSAGE][PASSED] - Object: 'Object Repository/Modulo Pruebas SST/Investigación_Accidente_de_Trabajo/a_Guardar_Anlisis Causal' is clicked on

2022-03-08 14:34:06 - [TEST_STEP][PASSED] - click(findTestObject("Modulo Pruebas SST/Investigación_Accidente_de_Trabajo/a_Determinacin de Causas")): Object: 'Object Repository/Modulo Pruebas SST/Investigación_Accidente_de_Trabajo/a_Determinacin de Causas' is clicked on

2022-03-08 14:34:06 - [MESSAGE][PASSED] - Object: 'Object Repository/Modulo Pruebas SST/Investigación_Accidente_de_Trabajo/a_Determinacin de Causas' is clicked on

2022-03-08 14:34:06 - [TEST_STEP][PASSED] - click(findTestObject("Modulo Pruebas SST/Investigación_Accidente_de_Trabajo/a_Nuevo2")): Object: 'Object Repository/Modulo Pruebas SST/Investigación_Accidente_de_Trabajo/a_Nuevo2' is clicked on

2022-03-08 14:34:07 - [MESSAGE][PASSED] - Object: 'Object Repository/Modulo Pruebas SST/Investigación_Accidente_de_Trabajo/a_Nuevo2' is clicked on

2022-03-08 14:34:07 - [TEST_STEP][PASSED] - click(findTestObject("Modulo Pruebas SST/Investigación_Accidente_de_Trabajo/a_Metodologa_causaAccidente_formj_idt513")): Object: 'Object Repository/Modulo Pruebas SST/Investigación_Accidente_de_Trabajo/a_Metodologa_causaAccidente_formj_idt513' is clicked on

2022-03-08 14:34:08 - [MESSAGE][PASSED] - Object: 'Object Repository/Modulo Pruebas SST/Investigación_Accidente_de_Trabajo/a_Metodologa_causaAccidente_formj_idt513' is clicked on

2022-03-08 14:34:08 - [TEST_STEP][PASSED] - selectOptionByIndex(findTestObject("Modulo Pruebas SST/Investigación_Accidente_de_Trabajo/select_Seleccionar1111-Metodologa 12"), 1): All options with index in [1] are selected on object 'Object Repository/Modulo Pruebas SST/Investigación_Accidente_de_Trabajo/select_Seleccionar1111-Metodologa 12'

2022-03-08 14:34:09 - [MESSAGE][PASSED] - All options with index in [1] are selected on object 'Object Repository/Modulo Pruebas SST/Investigación_Accidente_de_Trabajo/select_Seleccionar1111-Metodologa 12'

2022-03-08 14:34:09 - [TEST_STEP][PASSED] - selectOptionByIndex(findTestObject("Modulo Pruebas SST/Investigación_Accidente_de_Trabajo/select_Seleccionar2"), 1): All options with index in [1] are selected on object 'Object Repository/Modulo Pruebas SST/Investigación_Accidente_de_Trabajo/select_Seleccionar2'

2022-03-08 14:34:10 - [MESSAGE][PASSED] - All options with index in [1] are selected on object 'Object Repository/Modulo Pruebas SST/Investigación_Accidente_de_Trabajo/select_Seleccionar2'

2022-03-08 14:34:10 - [TEST_STEP][PASSED] - click(findTestObject("Modulo Pruebas SST/Investigación_Accidente_de_Trabajo/span_Metodologa_ui-icon ui-icon-closethick")): Object: 'Object Repository/Modulo Pruebas SST/Investigación_Accidente_de_Trabajo/span_Metodologa_ui-icon ui-icon-closethick' is clicked on

2022-03-08 14:34:11 - [MESSAGE][PASSED] - Object: 'Object Repository/Modulo Pruebas SST/Investigación_Accidente_de_Trabajo/span_Metodologa_ui-icon ui-icon-closethick' is clicked on

2022-03-08 14:34:11 - [TEST_STEP][PASSED] - selectOptionByIndex(findTestObject("Modulo Pruebas SST/Investigación_Accidente_de_Trabajo/select_SeleccionarCausas BsicasCausas Inmediatas"), 1): All options with index in [1] are selected on object 'Object Repository/Modulo Pruebas SST/Investigación_Accidente_de_Trabajo/select_SeleccionarCausas BsicasCausas Inmediatas'

2022-03-08 14:34:12 - [MESSAGE][PASSED] - All options with index in [1] are selected on object 'Object Repository/Modulo Pruebas SST/Investigación_Accidente_de_Trabajo/select_SeleccionarCausas BsicasCausas Inmediatas'

2022-03-08 14:34:12 - [TEST_STEP][PASSED] - selectOptionByIndex(findTestObject("Modulo Pruebas SST/Investigación_Accidente_de_Trabajo/select_SeleccionarFactores PersonalesFactores del Trabajo"), 2): All options with index in [2] are selected on object 'Object Repository/Modulo Pruebas SST/Investigación_Accidente_de_Trabajo/select_SeleccionarFactores PersonalesFactores del Trabajo'

2022-03-08 14:34:14 - [MESSAGE][PASSED] - All options with index in [2] are selected on object 'Object Repository/Modulo Pruebas SST/Investigación_Accidente_de_Trabajo/select_SeleccionarFactores PersonalesFactores del Trabajo'

2022-03-08 14:34:14 - [TEST_STEP][PASSED] - selectOptionByIndex(findTestObject("Modulo Pruebas SST/Investigación_Accidente_de_Trabajo/select_SeleccionarLIMPIEZA, LUBRICACIN, AJUSTE O REPARACIN DE EQUIPO MVIL ELCTRICO O DE PRESIN"), 1): All options with index in [1] are selected on object 'Object Repository/Modulo Pruebas SST/Investigación_Accidente_de_Trabajo/select_SeleccionarLIMPIEZA, LUBRICACIN, AJUSTE O REPARACIN DE EQUIPO MVIL ELCTRICO O DE PRESIN'

2022-03-08 14:34:15 - [MESSAGE][PASSED] - All options with index in [1] are selected on object 'Object Repository/Modulo Pruebas SST/Investigación_Accidente_de_Trabajo/select_SeleccionarLIMPIEZA, LUBRICACIN, AJUSTE O REPARACIN DE EQUIPO MVIL ELCTRICO O DE PRESIN'

2022-03-08 14:34:15 - [TEST_STEP][PASSED] - selectOptionByIndex(findTestObject("Modulo Pruebas SST/Investigación_Accidente_de_Trabajo/select_SeleccionarNo especificada en otra parteTrabajar"), 1): All options with index in [1] are selected on object 'Object Repository/Modulo Pruebas SST/Investigación_Accidente_de_Trabajo/select_SeleccionarNo especificada en otra parteTrabajar'

2022-03-08 14:34:16 - [MESSAGE][PASSED] - All options with index in [1] are selected on object 'Object Repository/Modulo Pruebas SST/Investigación_Accidente_de_Trabajo/select_SeleccionarNo especificada en otra parteTrabajar'

2022-03-08 14:34:16 - [TEST_STEP][PASSED] - setText(findTestObject("Modulo Pruebas SST/Investigación_Accidente_de_Trabajo/textarea_Conclusin_causaAccidente_formobservacion"), "Prueba"): Text 'Prueba' is set on object 'Object Repository/Modulo Pruebas SST/Investigación_Accidente_de_Trabajo/textarea_Conclusin_causaAccidente_formobservacion'

2022-03-08 14:34:17 - [MESSAGE][PASSED] - Text 'Prueba' is set on object 'Object Repository/Modulo Pruebas SST/Investigación_Accidente_de_Trabajo/textarea_Conclusin_causaAccidente_formobservacion'

2022-03-08 14:34:17 - [TEST_STEP][PASSED] - click(findTestObject("Modulo Pruebas SST/Investigación_Accidente_de_Trabajo/a_Guardar_Causa investigacion")): Object: 'Object Repository/Modulo Pruebas SST/Investigación_Accidente_de_Trabajo/a_Guardar_Causa investigacion' is clicked on

2022-03-08 14:34:17 - [MESSAGE][PASSED] - Object: 'Object Repository/Modulo Pruebas SST/Investigación_Accidente_de_Trabajo/a_Guardar_Causa investigacion' is clicked on

2022-03-08 14:34:17 - [TEST_STEP][PASSED] - click(findTestObject("Modulo Pruebas SST/Investigación_Accidente_de_Trabajo/a_Accin")): Object: 'Object Repository/Modulo Pruebas SST/Investigación_Accidente_de_Trabajo/a_Accin' is clicked on

2022-03-08 14:34:19 - [MESSAGE][PASSED] - Object: 'Object Repository/Modulo Pruebas SST/Investigación_Accidente_de_Trabajo/a_Accin' is clicked on

2022-03-08 14:34:19 - [TEST_STEP][PASSED] - click(findTestObject("Modulo Pruebas SST/Investigación_Accidente_de_Trabajo/a_Nuevo3")): Object: 'Object Repository/Modulo Pruebas SST/Investigación_Accidente_de_Trabajo/a_Nuevo3' is clicked on

2022-03-08 14:34:19 - [MESSAGE][PASSED] - Object: 'Object Repository/Modulo Pruebas SST/Investigación_Accidente_de_Trabajo/a_Nuevo3' is clicked on

2022-03-08 14:34:19 - [TEST_STEP][PASSED] - selectOptionByIndex(findTestObject("Modulo Pruebas SST/Investigación_Accidente_de_Trabajo/select_SeleccionarTipo Accion"), 1): All options with index in [1] are selected on object 'Object Repository/Modulo Pruebas SST/Investigación_Accidente_de_Trabajo/select_SeleccionarTipo Accion'

2022-03-08 14:34:21 - [MESSAGE][PASSED] - All options with index in [1] are selected on object 'Object Repository/Modulo Pruebas SST/Investigación_Accidente_de_Trabajo/select_SeleccionarTipo Accion'

2022-03-08 14:34:21 - [TEST_STEP][PASSED] - setText(findTestObject("Modulo Pruebas SST/Investigación_Accidente_de_Trabajo/textarea_Descripcin De La  Accin_form_popupRecomendacionInvvpanel_principal_23descripcion"), "Prueba"): Text 'Prueba' is set on object 'Object Repository/Modulo Pruebas SST/Investigación_Accidente_de_Trabajo/textarea_Descripcin De La  Accin_form_popupRecomendacionInvvpanel_principal_23descripcion'

2022-03-08 14:34:21 - [MESSAGE][PASSED] - Text 'Prueba' is set on object 'Object Repository/Modulo Pruebas SST/Investigación_Accidente_de_Trabajo/textarea_Descripcin De La  Accin_form_popupRecomendacionInvvpanel_principal_23descripcion'

2022-03-08 14:34:21 - [TEST_STEP][PASSED] - setText(findTestObject("Modulo Pruebas SST/Investigación_Accidente_de_Trabajo/input_Fecha De Accin_form_popupRecomendacionInvvpanel_principal_23recomendacion_input"), "01/07/2021"): Text '01/07/2021' is set on object 'Object Repository/Modulo Pruebas SST/Investigación_Accidente_de_Trabajo/input_Fecha De Accin_form_popupRecomendacionInvvpanel_principal_23recomendacion_input'

2022-03-08 14:34:22 - [MESSAGE][PASSED] - Text '01/07/2021' is set on object 'Object Repository/Modulo Pruebas SST/Investigación_Accidente_de_Trabajo/input_Fecha De Accin_form_popupRecomendacionInvvpanel_principal_23recomendacion_input'

2022-03-08 14:34:22 - [TEST_STEP][PASSED] - setText(findTestObject("Modulo Pruebas SST/Investigación_Accidente_de_Trabajo/input_Fecha de Seguimiento_form_popupRecomendacionInvvpanel_principal_23seguimiento_input"), "02/07/2021"): Text '02/07/2021' is set on object 'Object Repository/Modulo Pruebas SST/Investigación_Accidente_de_Trabajo/input_Fecha de Seguimiento_form_popupRecomendacionInvvpanel_principal_23seguimiento_input'

2022-03-08 14:34:23 - [MESSAGE][PASSED] - Text '02/07/2021' is set on object 'Object Repository/Modulo Pruebas SST/Investigación_Accidente_de_Trabajo/input_Fecha de Seguimiento_form_popupRecomendacionInvvpanel_principal_23seguimiento_input'

2022-03-08 14:34:23 - [TEST_STEP][PASSED] - click(findTestObject("Modulo Pruebas SST/Investigación_Accidente_de_Trabajo/a_Responsable_form_popupRecomendacionInvvpanel_principal_23j_idt405")): Object: 'Object Repository/Modulo Pruebas SST/Investigación_Accidente_de_Trabajo/a_Responsable_form_popupRecomendacionInvvpanel_principal_23j_idt405' is clicked on

2022-03-08 14:34:24 - [MESSAGE][PASSED] - Object: 'Object Repository/Modulo Pruebas SST/Investigación_Accidente_de_Trabajo/a_Responsable_form_popupRecomendacionInvvpanel_principal_23j_idt405' is clicked on

2022-03-08 14:34:24 - [TEST_STEP][PASSED] - click(findTestObject("Modulo Pruebas SST/Investigación_Accidente_de_Trabajo/label_Responsable")): Object: 'Object Repository/Modulo Pruebas SST/Investigación_Accidente_de_Trabajo/label_Responsable' is clicked on

2022-03-08 14:34:24 - [MESSAGE][PASSED] - Object: 'Object Repository/Modulo Pruebas SST/Investigación_Accidente_de_Trabajo/label_Responsable' is clicked on

2022-03-08 14:34:24 - [TEST_STEP][PASSED] - waitForElementClickable(findTestObject("Modulo Pruebas SST/Investigación_Accidente_de_Trabajo/span_ALMANZA NOVOA JOHN ALEXANDRE"), 0): Object 'Object Repository/Modulo Pruebas SST/Investigación_Accidente_de_Trabajo/span_ALMANZA NOVOA JOHN ALEXANDRE' is clickable

2022-03-08 14:34:24 - [MESSAGE][WARNING] - Timeout '0' is invalid. Using default page load timeout: '30'

2022-03-08 14:34:25 - [MESSAGE][PASSED] - Object 'Object Repository/Modulo Pruebas SST/Investigación_Accidente_de_Trabajo/span_ALMANZA NOVOA JOHN ALEXANDRE' is clickable

2022-03-08 14:34:25 - [TEST_STEP][PASSED] - element = findWebElement(findTestObject("Modulo Pruebas SST/Investigación_Accidente_de_Trabajo/span_ALMANZA NOVOA JOHN ALEXANDRE"), 30): null

2022-03-08 14:34:25 - [TEST_STEP][PASSED] - executeJavaScript("arguments[0].click()", Arrays.asList(element)): Execute JavaScript 'arguments[0].click()' successfully

2022-03-08 14:34:25 - [MESSAGE][PASSED] - Execute JavaScript 'arguments[0].click()' successfully

2022-03-08 14:34:25 - [TEST_STEP][PASSED] - if (waitForElementPresent(findTestObject("Modulo Pruebas SST/Investigación_Accidente_de_Trabajo/div_Responsable"), 1)): Object 'Object Repository/Modulo Pruebas SST/Investigación_Accidente_de_Trabajo/div_Responsable' is not present after 1 second(s)

2022-03-08 14:34:27 - [MESSAGE][INFO] - Unable to find the element located by 'By.xpath: (.//*[normalize-space(text()) and normalize-space(.)='Responsable'])[3]/preceding::label[1]'. Please recheck the objects properties to make sure the desired element is located. 

2022-03-08 14:34:27 - [MESSAGE][WARNING] - Object 'Object Repository/Modulo Pruebas SST/Investigación_Accidente_de_Trabajo/div_Responsable' is not present after 1 second(s)

2022-03-08 14:34:27 - [TEST_STEP][PASSED] - click(findTestObject("Modulo Pruebas SST/Investigación_Accidente_de_Trabajo/a_Responsable De Accin_form_popupRecomendacionInvvpanel_principal_23j_idt409")): Object: 'Object Repository/Modulo Pruebas SST/Investigación_Accidente_de_Trabajo/a_Responsable De Accin_form_popupRecomendacionInvvpanel_principal_23j_idt409' is clicked on

2022-03-08 14:34:28 - [MESSAGE][PASSED] - Object: 'Object Repository/Modulo Pruebas SST/Investigación_Accidente_de_Trabajo/a_Responsable De Accin_form_popupRecomendacionInvvpanel_principal_23j_idt409' is clicked on

2022-03-08 14:34:28 - [TEST_STEP][PASSED] - setText(findTestObject("Modulo Pruebas SST/Investigación_Accidente_de_Trabajo/input_Filtro Hoja de Vida_formPopupHojaVidaj_idt1557"), "a"): Text 'a' is set on object 'Object Repository/Modulo Pruebas SST/Investigación_Accidente_de_Trabajo/input_Filtro Hoja de Vida_formPopupHojaVidaj_idt1557'

2022-03-08 14:34:29 - [MESSAGE][PASSED] - Text 'a' is set on object 'Object Repository/Modulo Pruebas SST/Investigación_Accidente_de_Trabajo/input_Filtro Hoja de Vida_formPopupHojaVidaj_idt1557'

2022-03-08 14:34:29 - [TEST_STEP][PASSED] - sendKeys(findTestObject("Modulo Pruebas SST/Investigación_Accidente_de_Trabajo/input_Filtro Hoja de Vida_formPopupHojaVidaj_idt1557"), Keys.chord(ENTER)): Keys 'ENTER + ' sent to object: 'Object Repository/Modulo Pruebas SST/Investigación_Accidente_de_Trabajo/input_Filtro Hoja de Vida_formPopupHojaVidaj_idt1557'

2022-03-08 14:34:29 - [MESSAGE][PASSED] - Keys 'ENTER + ' sent to object: 'Object Repository/Modulo Pruebas SST/Investigación_Accidente_de_Trabajo/input_Filtro Hoja de Vida_formPopupHojaVidaj_idt1557'

2022-03-08 14:34:29 - [TEST_STEP][PASSED] - click(findTestObject("Modulo Pruebas SST/Investigación_Accidente_de_Trabajo/span_A A A")): Object: 'Object Repository/Modulo Pruebas SST/Investigación_Accidente_de_Trabajo/span_A A A' is clicked on

2022-03-08 14:34:30 - [MESSAGE][PASSED] - Object: 'Object Repository/Modulo Pruebas SST/Investigación_Accidente_de_Trabajo/span_A A A' is clicked on

2022-03-08 14:34:30 - [TEST_STEP][PASSED] - click(findTestObject("Modulo Pruebas SST/Investigación_Accidente_de_Trabajo/a_Unidad Organizacional_form_popupRecomendacionInvvpanel_principal_23j_idt413")): Object: 'Object Repository/Modulo Pruebas SST/Investigación_Accidente_de_Trabajo/a_Unidad Organizacional_form_popupRecomendacionInvvpanel_principal_23j_idt413' is clicked on

2022-03-08 14:34:31 - [MESSAGE][PASSED] - Object: 'Object Repository/Modulo Pruebas SST/Investigación_Accidente_de_Trabajo/a_Unidad Organizacional_form_popupRecomendacionInvvpanel_principal_23j_idt413' is clicked on

2022-03-08 14:34:31 - [TEST_STEP][PASSED] - setText(findTestObject("Modulo Pruebas SST/Investigación_Accidente_de_Trabajo/input_Unidad Organizacional_formPopUpUnidaddescripciones"), "a"): Text 'a' is set on object 'Object Repository/Modulo Pruebas SST/Investigación_Accidente_de_Trabajo/input_Unidad Organizacional_formPopUpUnidaddescripciones'

2022-03-08 14:34:32 - [MESSAGE][PASSED] - Text 'a' is set on object 'Object Repository/Modulo Pruebas SST/Investigación_Accidente_de_Trabajo/input_Unidad Organizacional_formPopUpUnidaddescripciones'

2022-03-08 14:34:32 - [TEST_STEP][PASSED] - sendKeys(findTestObject("Modulo Pruebas SST/Investigación_Accidente_de_Trabajo/input_Unidad Organizacional_formPopUpUnidaddescripciones"), Keys.chord(ENTER)): Keys 'ENTER + ' sent to object: 'Object Repository/Modulo Pruebas SST/Investigación_Accidente_de_Trabajo/input_Unidad Organizacional_formPopUpUnidaddescripciones'

2022-03-08 14:34:33 - [MESSAGE][PASSED] - Keys 'ENTER + ' sent to object: 'Object Repository/Modulo Pruebas SST/Investigación_Accidente_de_Trabajo/input_Unidad Organizacional_formPopUpUnidaddescripciones'

2022-03-08 14:34:33 - [TEST_STEP][PASSED] - click(findTestObject("Modulo Pruebas SST/Investigación_Accidente_de_Trabajo/span_ADMINISTRACION")): Object: 'Object Repository/Modulo Pruebas SST/Investigación_Accidente_de_Trabajo/span_ADMINISTRACION' is clicked on

2022-03-08 14:34:34 - [MESSAGE][PASSED] - Object: 'Object Repository/Modulo Pruebas SST/Investigación_Accidente_de_Trabajo/span_ADMINISTRACION' is clicked on

2022-03-08 14:34:34 - [TEST_STEP][PASSED] - selectOptionByIndex(findTestObject("Modulo Pruebas SST/Investigación_Accidente_de_Trabajo/select_SeleccionarEfectuadoNo Efectuado"), 1): All options with index in [1] are selected on object 'Object Repository/Modulo Pruebas SST/Investigación_Accidente_de_Trabajo/select_SeleccionarEfectuadoNo Efectuado'

2022-03-08 14:34:35 - [MESSAGE][PASSED] - All options with index in [1] are selected on object 'Object Repository/Modulo Pruebas SST/Investigación_Accidente_de_Trabajo/select_SeleccionarEfectuadoNo Efectuado'

2022-03-08 14:34:35 - [TEST_STEP][PASSED] - click(findTestObject("Modulo Pruebas SST/Investigación_Accidente_de_Trabajo/a_Metodologa_form_popupRecomendacionInvvpanel_principal_23j_idt344")): Object: 'Object Repository/Modulo Pruebas SST/Investigación_Accidente_de_Trabajo/a_Metodologa_form_popupRecomendacionInvvpanel_principal_23j_idt344' is clicked on

2022-03-08 14:34:36 - [MESSAGE][PASSED] - Object: 'Object Repository/Modulo Pruebas SST/Investigación_Accidente_de_Trabajo/a_Metodologa_form_popupRecomendacionInvvpanel_principal_23j_idt344' is clicked on

2022-03-08 14:34:36 - [TEST_STEP][PASSED] - if (waitForElementPresent(findTestObject("Modulo Pruebas SST/Investigación_Accidente_de_Trabajo/span_Metodologa 1"), 1)): null

2022-03-08 14:34:36 - [MESSAGE][PASSED] - Object 'Object Repository/Modulo Pruebas SST/Investigación_Accidente_de_Trabajo/span_Metodologa 1' is present

2022-03-08 14:34:36 - [TEST_STEP][PASSED] - click(findTestObject("Modulo Pruebas SST/Investigación_Accidente_de_Trabajo/span_Metodologa 1")): Object: 'Object Repository/Modulo Pruebas SST/Investigación_Accidente_de_Trabajo/span_Metodologa 1' is clicked on

2022-03-08 14:34:37 - [MESSAGE][PASSED] - Object: 'Object Repository/Modulo Pruebas SST/Investigación_Accidente_de_Trabajo/span_Metodologa 1' is clicked on

2022-03-08 14:34:37 - [TEST_STEP][PASSED] - click(findTestObject("Modulo Pruebas SST/Investigación_Accidente_de_Trabajo/a_Causa_form_popupRecomendacionInvvpanel_principal_23j_idt365")): Object: 'Object Repository/Modulo Pruebas SST/Investigación_Accidente_de_Trabajo/a_Causa_form_popupRecomendacionInvvpanel_principal_23j_idt365' is clicked on

2022-03-08 14:34:38 - [MESSAGE][PASSED] - Object: 'Object Repository/Modulo Pruebas SST/Investigación_Accidente_de_Trabajo/a_Causa_form_popupRecomendacionInvvpanel_principal_23j_idt365' is clicked on

2022-03-08 14:34:38 - [TEST_STEP][PASSED] - click(findTestObject("Modulo Pruebas SST/Investigación_Accidente_de_Trabajo/span_Causas Bsicas")): Object: 'Object Repository/Modulo Pruebas SST/Investigación_Accidente_de_Trabajo/span_Causas Bsicas' is clicked on

2022-03-08 14:34:39 - [MESSAGE][PASSED] - Object: 'Object Repository/Modulo Pruebas SST/Investigación_Accidente_de_Trabajo/span_Causas Bsicas' is clicked on

2022-03-08 14:34:39 - [TEST_STEP][PASSED] - click(findTestObject("Modulo Pruebas SST/Investigación_Accidente_de_Trabajo/a_Guardar3")): Object: 'Object Repository/Modulo Pruebas SST/Investigación_Accidente_de_Trabajo/a_Guardar3' is clicked on

2022-03-08 14:34:40 - [MESSAGE][PASSED] - Object: 'Object Repository/Modulo Pruebas SST/Investigación_Accidente_de_Trabajo/a_Guardar3' is clicked on

2022-03-08 14:34:40 - [TEST_STEP][PASSED] - click(findTestObject("Modulo Pruebas SST/Investigación_Accidente_de_Trabajo/a_Control")): Object: 'Object Repository/Modulo Pruebas SST/Investigación_Accidente_de_Trabajo/a_Control' is clicked on

2022-03-08 14:34:41 - [MESSAGE][PASSED] - Object: 'Object Repository/Modulo Pruebas SST/Investigación_Accidente_de_Trabajo/a_Control' is clicked on

2022-03-08 14:34:41 - [TEST_STEP][PASSED] - setText(findTestObject("Modulo Pruebas SST/Investigación_Accidente_de_Trabajo/input_Estado_form_popupRecomendacionInvvpanel_principal_23tablaControlfechaEditable_input"), "01/07/2021"): Text '01/07/2021' is set on object 'Object Repository/Modulo Pruebas SST/Investigación_Accidente_de_Trabajo/input_Estado_form_popupRecomendacionInvvpanel_principal_23tablaControlfechaEditable_input'

2022-03-08 14:34:42 - [MESSAGE][PASSED] - Text '01/07/2021' is set on object 'Object Repository/Modulo Pruebas SST/Investigación_Accidente_de_Trabajo/input_Estado_form_popupRecomendacionInvvpanel_principal_23tablaControlfechaEditable_input'

2022-03-08 14:34:42 - [TEST_STEP][PASSED] - sendKeys(findTestObject("Modulo Pruebas SST/Investigación_Accidente_de_Trabajo/input_Estado_form_popupRecomendacionInvvpanel_principal_23tablaControlfechaEditable_input"), Keys.chord(ESCAPE)): Keys 'ESCAPE + ' sent to object: 'Object Repository/Modulo Pruebas SST/Investigación_Accidente_de_Trabajo/input_Estado_form_popupRecomendacionInvvpanel_principal_23tablaControlfechaEditable_input'

2022-03-08 14:34:42 - [MESSAGE][PASSED] - Keys 'ESCAPE + ' sent to object: 'Object Repository/Modulo Pruebas SST/Investigación_Accidente_de_Trabajo/input_Estado_form_popupRecomendacionInvvpanel_principal_23tablaControlfechaEditable_input'

2022-03-08 14:34:42 - [TEST_STEP][PASSED] - selectOptionByIndex(findTestObject("Modulo Pruebas SST/Investigación_Accidente_de_Trabajo/select_SeleccionarTipo Control"), "1"): All options with index in [1] are selected on object 'Object Repository/Modulo Pruebas SST/Investigación_Accidente_de_Trabajo/select_SeleccionarTipo Control'

2022-03-08 14:34:44 - [MESSAGE][PASSED] - All options with index in [1] are selected on object 'Object Repository/Modulo Pruebas SST/Investigación_Accidente_de_Trabajo/select_SeleccionarTipo Control'

2022-03-08 14:34:44 - [TEST_STEP][PASSED] - setText(findTestObject("Modulo Pruebas SST/Investigación_Accidente_de_Trabajo/input_Estado_form_popupRecomendacionInvvpanel_principal_23tablaControldescripcionEditable"), "Prueba"): Text 'Prueba' is set on object 'Object Repository/Modulo Pruebas SST/Investigación_Accidente_de_Trabajo/input_Estado_form_popupRecomendacionInvvpanel_principal_23tablaControldescripcionEditable'

2022-03-08 14:34:45 - [MESSAGE][PASSED] - Text 'Prueba' is set on object 'Object Repository/Modulo Pruebas SST/Investigación_Accidente_de_Trabajo/input_Estado_form_popupRecomendacionInvvpanel_principal_23tablaControldescripcionEditable'

2022-03-08 14:34:45 - [TEST_STEP][PASSED] - click(findTestObject("Modulo Pruebas SST/Investigación_Accidente_de_Trabajo/a_Estado_form_popupRecomendacionInvvpanel_principal_23tablaControlj_idt450")): Object: 'Object Repository/Modulo Pruebas SST/Investigación_Accidente_de_Trabajo/a_Estado_form_popupRecomendacionInvvpanel_principal_23tablaControlj_idt450' is clicked on

2022-03-08 14:34:45 - [MESSAGE][PASSED] - Object: 'Object Repository/Modulo Pruebas SST/Investigación_Accidente_de_Trabajo/a_Estado_form_popupRecomendacionInvvpanel_principal_23tablaControlj_idt450' is clicked on

2022-03-08 14:34:45 - [TEST_STEP][PASSED] - click(findTestObject("Modulo Pruebas SST/Investigación_Accidente_de_Trabajo/span_ALMANZA NOVOA JOHN ALEXANDRE4")): Object: 'Object Repository/Modulo Pruebas SST/Investigación_Accidente_de_Trabajo/span_ALMANZA NOVOA JOHN ALEXANDRE4' is clicked on

2022-03-08 14:34:46 - [MESSAGE][PASSED] - Object: 'Object Repository/Modulo Pruebas SST/Investigación_Accidente_de_Trabajo/span_ALMANZA NOVOA JOHN ALEXANDRE4' is clicked on

2022-03-08 14:34:46 - [TEST_STEP][PASSED] - selectOptionByIndex(findTestObject("Modulo Pruebas SST/Investigación_Accidente_de_Trabajo/select_SeleccionarEfectuadoNo Efectuado4"), 1): All options with index in [1] are selected on object 'Object Repository/Modulo Pruebas SST/Investigación_Accidente_de_Trabajo/select_SeleccionarEfectuadoNo Efectuado4'

2022-03-08 14:34:47 - [MESSAGE][PASSED] - All options with index in [1] are selected on object 'Object Repository/Modulo Pruebas SST/Investigación_Accidente_de_Trabajo/select_SeleccionarEfectuadoNo Efectuado4'

2022-03-08 14:34:47 - [TEST_STEP][PASSED] - click(findTestObject("Modulo Pruebas SST/Investigación_Accidente_de_Trabajo/a_Estado_form_popupRecomendacionInvvpanel_principal_23tablaControlj_idt462")): Object: 'Object Repository/Modulo Pruebas SST/Investigación_Accidente_de_Trabajo/a_Estado_form_popupRecomendacionInvvpanel_principal_23tablaControlj_idt462' is clicked on

2022-03-08 14:34:48 - [MESSAGE][PASSED] - Object: 'Object Repository/Modulo Pruebas SST/Investigación_Accidente_de_Trabajo/a_Estado_form_popupRecomendacionInvvpanel_principal_23tablaControlj_idt462' is clicked on

2022-03-08 14:34:48 - [TEST_STEP][PASSED] - click(findTestObject("Modulo Pruebas SST/Investigación_Accidente_de_Trabajo/label_Accin")): Object: 'Object Repository/Modulo Pruebas SST/Investigación_Accidente_de_Trabajo/label_Accin' is clicked on

2022-03-08 14:34:49 - [MESSAGE][PASSED] - Object: 'Object Repository/Modulo Pruebas SST/Investigación_Accidente_de_Trabajo/label_Accin' is clicked on

2022-03-08 14:34:49 - [TEST_STEP][PASSED] - click(findTestObject("Modulo Pruebas SST/Investigación_Accidente_de_Trabajo/a_Seguimiento")): Object: 'Object Repository/Modulo Pruebas SST/Investigación_Accidente_de_Trabajo/a_Seguimiento' is clicked on

2022-03-08 14:34:49 - [MESSAGE][PASSED] - Object: 'Object Repository/Modulo Pruebas SST/Investigación_Accidente_de_Trabajo/a_Seguimiento' is clicked on

2022-03-08 14:34:49 - [TEST_STEP][PASSED] - click(findTestObject("Modulo Pruebas SST/Investigación_Accidente_de_Trabajo/a_Observacin_form_popupRecomendacionInvvpanel_principal_23j_idt464j_idt480")): Object: 'Object Repository/Modulo Pruebas SST/Investigación_Accidente_de_Trabajo/a_Observacin_form_popupRecomendacionInvvpanel_principal_23j_idt464j_idt480' is clicked on

2022-03-08 14:34:50 - [MESSAGE][PASSED] - Object: 'Object Repository/Modulo Pruebas SST/Investigación_Accidente_de_Trabajo/a_Observacin_form_popupRecomendacionInvvpanel_principal_23j_idt464j_idt480' is clicked on

2022-03-08 14:34:50 - [TEST_STEP][PASSED] - click(findTestObject("Modulo Pruebas SST/Investigación_Accidente_de_Trabajo/label_Tipo  Control"), STOP_ON_FAILURE): Object: 'Object Repository/Modulo Pruebas SST/Investigación_Accidente_de_Trabajo/label_Tipo  Control' is clicked on

2022-03-08 14:34:51 - [MESSAGE][PASSED] - Object: 'Object Repository/Modulo Pruebas SST/Investigación_Accidente_de_Trabajo/label_Tipo  Control' is clicked on

2022-03-08 14:34:51 - [TEST_STEP][PASSED] - click(findTestObject("Modulo Pruebas SST/Investigación_Accidente_de_Trabajo/span_Tipo Control")): Object: 'Object Repository/Modulo Pruebas SST/Investigación_Accidente_de_Trabajo/span_Tipo Control' is clicked on

2022-03-08 14:34:51 - [MESSAGE][PASSED] - Object: 'Object Repository/Modulo Pruebas SST/Investigación_Accidente_de_Trabajo/span_Tipo Control' is clicked on

2022-03-08 14:34:51 - [TEST_STEP][PASSED] - setText(findTestObject("Modulo Pruebas SST/Investigación_Accidente_de_Trabajo/textarea_Observacin_form_popupRecomendacionInvvpanel_principal_23j_idt464obserSeguim"), "Prueba"): Text 'Prueba' is set on object 'Object Repository/Modulo Pruebas SST/Investigación_Accidente_de_Trabajo/textarea_Observacin_form_popupRecomendacionInvvpanel_principal_23j_idt464obserSeguim'

2022-03-08 14:34:52 - [MESSAGE][PASSED] - Text 'Prueba' is set on object 'Object Repository/Modulo Pruebas SST/Investigación_Accidente_de_Trabajo/textarea_Observacin_form_popupRecomendacionInvvpanel_principal_23j_idt464obserSeguim'

2022-03-08 14:34:52 - [TEST_STEP][PASSED] - click(findTestObject("Modulo Pruebas SST/Investigación_Accidente_de_Trabajo/a_Observacin_form_popupRecomendacionInvvpanel_principal_23j_idt464j_idt498")): Object: 'Object Repository/Modulo Pruebas SST/Investigación_Accidente_de_Trabajo/a_Observacin_form_popupRecomendacionInvvpanel_principal_23j_idt464j_idt498' is clicked on

2022-03-08 14:34:53 - [MESSAGE][PASSED] - Object: 'Object Repository/Modulo Pruebas SST/Investigación_Accidente_de_Trabajo/a_Observacin_form_popupRecomendacionInvvpanel_principal_23j_idt464j_idt498' is clicked on

2022-03-08 14:34:53 - [TEST_STEP][PASSED] - click(findTestObject("Modulo Pruebas SST/Investigación_Accidente_de_Trabajo/a_Accion")): Object: 'Object Repository/Modulo Pruebas SST/Investigación_Accidente_de_Trabajo/a_Accion' is clicked on

2022-03-08 14:34:54 - [MESSAGE][PASSED] - Object: 'Object Repository/Modulo Pruebas SST/Investigación_Accidente_de_Trabajo/a_Accion' is clicked on

2022-03-08 14:34:54 - [TEST_STEP][PASSED] - click(findTestObject("Modulo Pruebas SST/Investigación_Accidente_de_Trabajo/a_Actualizar")): Object: 'Object Repository/Modulo Pruebas SST/Investigación_Accidente_de_Trabajo/a_Actualizar' is clicked on

2022-03-08 14:34:54 - [MESSAGE][PASSED] - Object: 'Object Repository/Modulo Pruebas SST/Investigación_Accidente_de_Trabajo/a_Actualizar' is clicked on

2022-03-08 14:34:54 - [TEST_STEP][PASSED] - click(findTestObject("Modulo Pruebas SST/Investigación_Accidente_de_Trabajo/a_Equipo de investigacin")): Object: 'Object Repository/Modulo Pruebas SST/Investigación_Accidente_de_Trabajo/a_Equipo de investigacin' is clicked on

2022-03-08 14:34:55 - [MESSAGE][PASSED] - Object: 'Object Repository/Modulo Pruebas SST/Investigación_Accidente_de_Trabajo/a_Equipo de investigacin' is clicked on

2022-03-08 14:34:55 - [TEST_STEP][PASSED] - click(findTestObject("Modulo Pruebas SST/Investigación_Accidente_de_Trabajo/a_Nivel del Cargo_j_idt1810tabInvestigacionAccidentadotablaEquipoj_idt2013")): Object: 'Object Repository/Modulo Pruebas SST/Investigación_Accidente_de_Trabajo/a_Nivel del Cargo_j_idt1810tabInvestigacionAccidentadotablaEquipoj_idt2013' is clicked on

2022-03-08 14:34:56 - [MESSAGE][PASSED] - Object: 'Object Repository/Modulo Pruebas SST/Investigación_Accidente_de_Trabajo/a_Nivel del Cargo_j_idt1810tabInvestigacionAccidentadotablaEquipoj_idt2013' is clicked on

2022-03-08 14:34:56 - [TEST_STEP][PASSED] - setText(findTestObject("Modulo Pruebas SST/Investigación_Accidente_de_Trabajo/input_Filtro Hoja de Vida_formPopupHojaVidaj_idt2086"), "a"): Text 'a' is set on object 'Object Repository/Modulo Pruebas SST/Investigación_Accidente_de_Trabajo/input_Filtro Hoja de Vida_formPopupHojaVidaj_idt2086'

2022-03-08 14:34:57 - [MESSAGE][PASSED] - Text 'a' is set on object 'Object Repository/Modulo Pruebas SST/Investigación_Accidente_de_Trabajo/input_Filtro Hoja de Vida_formPopupHojaVidaj_idt2086'

2022-03-08 14:34:57 - [TEST_STEP][PASSED] - sendKeys(findTestObject("Modulo Pruebas SST/Investigación_Accidente_de_Trabajo/input_Filtro Hoja de Vida_formPopupHojaVidaj_idt2086"), Keys.chord(ENTER)): Keys 'ENTER + ' sent to object: 'Object Repository/Modulo Pruebas SST/Investigación_Accidente_de_Trabajo/input_Filtro Hoja de Vida_formPopupHojaVidaj_idt2086'

2022-03-08 14:34:57 - [MESSAGE][PASSED] - Keys 'ENTER + ' sent to object: 'Object Repository/Modulo Pruebas SST/Investigación_Accidente_de_Trabajo/input_Filtro Hoja de Vida_formPopupHojaVidaj_idt2086'

2022-03-08 14:34:57 - [TEST_STEP][PASSED] - click(findTestObject("Modulo Pruebas SST/Investigación_Accidente_de_Trabajo/span_A A A2")): Object: 'Object Repository/Modulo Pruebas SST/Investigación_Accidente_de_Trabajo/span_A A A2' is clicked on

2022-03-08 14:34:58 - [MESSAGE][PASSED] - Object: 'Object Repository/Modulo Pruebas SST/Investigación_Accidente_de_Trabajo/span_A A A2' is clicked on

2022-03-08 14:34:58 - [TEST_STEP][PASSED] - setText(findTestObject("Modulo Pruebas SST/Investigación_Accidente_de_Trabajo/input_Nivel del Cargo_j_idt1810tabInvestigacionAccidentadotablaEquipofechaaccidente_input"), "01/07/2021"): Text '01/07/2021' is set on object 'Object Repository/Modulo Pruebas SST/Investigación_Accidente_de_Trabajo/input_Nivel del Cargo_j_idt1810tabInvestigacionAccidentadotablaEquipofechaaccidente_input'

2022-03-08 14:35:01 - [MESSAGE][PASSED] - Text '01/07/2021' is set on object 'Object Repository/Modulo Pruebas SST/Investigación_Accidente_de_Trabajo/input_Nivel del Cargo_j_idt1810tabInvestigacionAccidentadotablaEquipofechaaccidente_input'

2022-03-08 14:35:01 - [TEST_STEP][PASSED] - setText(findTestObject("Modulo Pruebas SST/Investigación_Accidente_de_Trabajo/input_Nivel del Cargo_j_idt1810tabInvestigacionAccidentadotablaEquiporol"), "prueba"): Text 'prueba' is set on object 'Object Repository/Modulo Pruebas SST/Investigación_Accidente_de_Trabajo/input_Nivel del Cargo_j_idt1810tabInvestigacionAccidentadotablaEquiporol'

2022-03-08 14:35:02 - [MESSAGE][PASSED] - Text 'prueba' is set on object 'Object Repository/Modulo Pruebas SST/Investigación_Accidente_de_Trabajo/input_Nivel del Cargo_j_idt1810tabInvestigacionAccidentadotablaEquiporol'

2022-03-08 14:35:02 - [TEST_STEP][PASSED] - click(findTestObject("Modulo Pruebas SST/Investigación_Accidente_de_Trabajo/a_Nivel del Cargo_j_idt1810tabInvestigacionAccidentadotablaEquipoj_idt2022")): Object: 'Object Repository/Modulo Pruebas SST/Investigación_Accidente_de_Trabajo/a_Nivel del Cargo_j_idt1810tabInvestigacionAccidentadotablaEquipoj_idt2022' is clicked on

2022-03-08 14:35:02 - [MESSAGE][PASSED] - Object: 'Object Repository/Modulo Pruebas SST/Investigación_Accidente_de_Trabajo/a_Nivel del Cargo_j_idt1810tabInvestigacionAccidentadotablaEquipoj_idt2022' is clicked on

2022-03-08 14:35:02 - [TEST_STEP][PASSED] - click(findTestObject("Modulo Pruebas SST/Investigación_Accidente_de_Trabajo/a_Anexos")): Object: 'Object Repository/Modulo Pruebas SST/Investigación_Accidente_de_Trabajo/a_Anexos' is clicked on

2022-03-08 14:35:03 - [MESSAGE][PASSED] - Object: 'Object Repository/Modulo Pruebas SST/Investigación_Accidente_de_Trabajo/a_Anexos' is clicked on

2022-03-08 14:35:03 - [TEST_STEP][PASSED] - click(findTestObject("Modulo Pruebas SST/Investigación_Accidente_de_Trabajo/a_Descargar_j_idt1810tabInvestigacionAccidentadotablaAnexosj_idt2030")): Object: 'Object Repository/Modulo Pruebas SST/Investigación_Accidente_de_Trabajo/a_Descargar_j_idt1810tabInvestigacionAccidentadotablaAnexosj_idt2030' is clicked on

2022-03-08 14:35:04 - [MESSAGE][PASSED] - Object: 'Object Repository/Modulo Pruebas SST/Investigación_Accidente_de_Trabajo/a_Descargar_j_idt1810tabInvestigacionAccidentadotablaAnexosj_idt2030' is clicked on

2022-03-08 14:35:04 - [TEST_STEP][PASSED] - ruta = G_rutaarchivos + "prueba.pdf": null

2022-03-08 14:35:04 - [TEST_STEP][PASSED] - uploadFile(findTestObject("Modulo Pruebas SST/Investigación_Accidente_de_Trabajo/input_Cargar Archivo_popupCargarArchivoForminputFileName_input"), ruta): File 'E:\unionweb14\prueba.pdf' sent to object: 'Object Repository/Modulo Pruebas SST/Investigación_Accidente_de_Trabajo/input_Cargar Archivo_popupCargarArchivoForminputFileName_input'

2022-03-08 14:35:04 - [MESSAGE][PASSED] - File 'E:\unionweb14\prueba.pdf' sent to object: 'Object Repository/Modulo Pruebas SST/Investigación_Accidente_de_Trabajo/input_Cargar Archivo_popupCargarArchivoForminputFileName_input'

2022-03-08 14:35:04 - [TEST_STEP][PASSED] - setText(findTestObject("Modulo Pruebas SST/Investigación_Accidente_de_Trabajo/input_Descargar_j_idt1810tabInvestigacionAccidentadotablaAnexosdescripcionAnexo"), "Prueba"): Text 'Prueba' is set on object 'Object Repository/Modulo Pruebas SST/Investigación_Accidente_de_Trabajo/input_Descargar_j_idt1810tabInvestigacionAccidentadotablaAnexosdescripcionAnexo'

2022-03-08 14:35:06 - [MESSAGE][PASSED] - Text 'Prueba' is set on object 'Object Repository/Modulo Pruebas SST/Investigación_Accidente_de_Trabajo/input_Descargar_j_idt1810tabInvestigacionAccidentadotablaAnexosdescripcionAnexo'

2022-03-08 14:35:06 - [TEST_STEP][PASSED] - click(findTestObject("Modulo Pruebas SST/Investigación_Accidente_de_Trabajo/a_Descargar_j_idt1810tabInvestigacionAccidentadotablaAnexosj_idt2037")): Object: 'Object Repository/Modulo Pruebas SST/Investigación_Accidente_de_Trabajo/a_Descargar_j_idt1810tabInvestigacionAccidentadotablaAnexosj_idt2037' is clicked on

2022-03-08 14:35:06 - [MESSAGE][PASSED] - Object: 'Object Repository/Modulo Pruebas SST/Investigación_Accidente_de_Trabajo/a_Descargar_j_idt1810tabInvestigacionAccidentadotablaAnexosj_idt2037' is clicked on

2022-03-08 14:35:06 - [TEST_STEP][PASSED] - closeBrowser(): Browser is closed

2022-03-08 14:35:08 - [MESSAGE][PASSED] - Browser is closed]]></system-out>
         <system-err><![CDATA[]]></system-err>
      </testcase>
      <testcase name="Test Cases/5.1-Pruebas_SST/5.1.3-Seguimiento_a_accidente laborales_enfermedades_laborales_y_comunes" time="67.052" classname="Test Cases/5.1-Pruebas_SST/5.1.3-Seguimiento_a_accidente laborales_enfermedades_laborales_y_comunes" status="PASSED">
         <system-out><![CDATA[2022-03-08 14:35:08 - [TEST_CASE][PASSED] - Test Cases/5.1-Pruebas_SST/5.1.3-Seguimiento_a_accidente laborales_enfermedades_laborales_y_comunes: Test Cases/5.1-Pruebas_SST/5.1.3-Seguimiento_a_accidente laborales_enfermedades_laborales_y_comunes

2022-03-08 14:35:09 - [TEST_STEP][PASSED] - callTestCase(findTestCase("0.1-Login"), [:], STOP_ON_FAILURE): Call Test Case 'Test Cases/0.1-Login' successfully

2022-03-08 14:35:09 - [TEST_CASE][PASSED] - Test Cases/0.1-Login: Test Cases/0.1-Login

2022-03-08 14:35:09 - [TEST_STEP][PASSED] - openBrowser(""): Browser is opened with url: ''

2022-03-08 14:35:09 - [MESSAGE][INFO] - Starting 'Chrome' driver

2022-03-08 14:35:09 - [MESSAGE][INFO] - Action delay is set to 0 milliseconds

2022-03-08 14:35:11 - [MESSAGE][PASSED] - Browser is opened with url: ''

2022-03-08 14:35:11 - [TEST_STEP][PASSED] - maximizeWindow(): Current window maximized

2022-03-08 14:35:11 - [MESSAGE][PASSED] - Current window maximized

2022-03-08 14:35:11 - [TEST_STEP][PASSED] - i = G_Login: null

2022-03-08 14:35:11 - [TEST_STEP][PASSED] - url = new java.net.URL(i): null

2022-03-08 14:35:11 - [TEST_STEP][PASSED] - println("URL: " + url.toString()): null

2022-03-08 14:35:11 - [TEST_STEP][PASSED] - connection = url.openConnection(): null

2022-03-08 14:35:11 - [TEST_STEP][PASSED] - connection.setRequestMethod("GET"): null

2022-03-08 14:35:11 - [TEST_STEP][PASSED] - connection.setReadTimeout(2 * 1000): null

2022-03-08 14:35:11 - [TEST_STEP][PASSED] - try: null

2022-03-08 14:35:11 - [TEST_STEP][PASSED] - connection.connect(): null

2022-03-08 14:35:11 - [TEST_STEP][PASSED] - flag = connected: null

2022-03-08 14:35:11 - [TEST_STEP][PASSED] - println("Valor_ori: " + flag): null

2022-03-08 14:35:11 - [TEST_STEP][PASSED] - if (flag): null

2022-03-08 14:35:11 - [TEST_STEP][PASSED] - navigateToUrl(i): Navigate to 'http://192.168.2.80:8380/saraweb' successfully

2022-03-08 14:35:11 - [MESSAGE][PASSED] - Navigate to 'http://192.168.2.80:8380/saraweb' successfully

2022-03-08 14:35:11 - [TEST_STEP][PASSED] - a(): null

2022-03-08 14:35:11 - [TEST_STEP][PASSED] - setText(findTestObject("Login/input_USUARIO_loginusuario"), G_Usuario): Text 'saraadmin' is set on object 'Object Repository/Login/input_USUARIO_loginusuario'

2022-03-08 14:35:12 - [MESSAGE][PASSED] - Text 'saraadmin' is set on object 'Object Repository/Login/input_USUARIO_loginusuario'

2022-03-08 14:35:12 - [TEST_STEP][PASSED] - setEncryptedText(findTestObject("Login/input_CLAVE_loginpassword"), "MkG4/TYiCFC3cb2driP7+Q=="): Text ****** has been set on object 'Object Repository/Login/input_CLAVE_loginpassword'

2022-03-08 14:35:13 - [MESSAGE][PASSED] - Text ****** has been set on object 'Object Repository/Login/input_CLAVE_loginpassword'

2022-03-08 14:35:13 - [TEST_STEP][PASSED] - waitForElementClickable(findTestObject("Login/a_Ingresar"), G_TimeOut): Object 'Object Repository/Login/a_Ingresar' is clickable

2022-03-08 14:35:13 - [MESSAGE][PASSED] - Object 'Object Repository/Login/a_Ingresar' is clickable

2022-03-08 14:35:13 - [TEST_STEP][PASSED] - click(findTestObject("Login/a_Ingresar")): Object: 'Object Repository/Login/a_Ingresar' is clicked on

2022-03-08 14:35:14 - [MESSAGE][PASSED] - Object: 'Object Repository/Login/a_Ingresar' is clicked on

2022-03-08 14:35:14 - [TEST_STEP][PASSED] - element = findWebElement(findTestObject("Login/a_Ir"), 30): null

2022-03-08 14:35:15 - [TEST_STEP][PASSED] - executeJavaScript("arguments[0].click()", Arrays.asList(element)): Execute JavaScript 'arguments[0].click()' successfully

2022-03-08 14:35:15 - [MESSAGE][PASSED] - Execute JavaScript 'arguments[0].click()' successfully

2022-03-08 14:35:15 - [MESSAGE][PASSED] - Call Test Case 'Test Cases/0.1-Login' successfully

2022-03-08 14:35:15 - [TEST_STEP][PASSED] - setText(findTestObject("Modulo Pruebas SST/Seguimiento_a_accidente laborales_enfermedades_laborales_y_comunes/input_ADMINISTRADOR DEL SISTEMA - SARA_form_templatej_idt24_input"), "Registrar / Nov"): Text 'Registrar / Nov' is set on object 'Object Repository/Modulo Pruebas SST/Seguimiento_a_accidente laborales_enfermedades_laborales_y_comunes/input_ADMINISTRADOR DEL SISTEMA - SARA_form_templatej_idt24_input'

2022-03-08 14:35:16 - [MESSAGE][PASSED] - Text 'Registrar / Nov' is set on object 'Object Repository/Modulo Pruebas SST/Seguimiento_a_accidente laborales_enfermedades_laborales_y_comunes/input_ADMINISTRADOR DEL SISTEMA - SARA_form_templatej_idt24_input'

2022-03-08 14:35:16 - [TEST_STEP][PASSED] - click(findTestObject("Modulo Pruebas SST/Seguimiento_a_accidente laborales_enfermedades_laborales_y_comunes/li_Registrar  Nov. Caso Atep (sst)")): Object: 'Object Repository/Modulo Pruebas SST/Seguimiento_a_accidente laborales_enfermedades_laborales_y_comunes/li_Registrar  Nov. Caso Atep (sst)' is clicked on

2022-03-08 14:35:18 - [MESSAGE][PASSED] - Object: 'Object Repository/Modulo Pruebas SST/Seguimiento_a_accidente laborales_enfermedades_laborales_y_comunes/li_Registrar  Nov. Caso Atep (sst)' is clicked on

2022-03-08 14:35:18 - [TEST_STEP][PASSED] - selectOptionByIndex(findTestObject("Modulo Pruebas SST/Seguimiento_a_accidente laborales_enfermedades_laborales_y_comunes/select_-- SELECCIONAR --SEDE NORTESEDE OCCIDENTESEDE SUR1"), 1): All options with index in [1] are selected on object 'Object Repository/Modulo Pruebas SST/Seguimiento_a_accidente laborales_enfermedades_laborales_y_comunes/select_-- SELECCIONAR --SEDE NORTESEDE OCCIDENTESEDE SUR1'

2022-03-08 14:35:21 - [MESSAGE][PASSED] - All options with index in [1] are selected on object 'Object Repository/Modulo Pruebas SST/Seguimiento_a_accidente laborales_enfermedades_laborales_y_comunes/select_-- SELECCIONAR --SEDE NORTESEDE OCCIDENTESEDE SUR1'

2022-03-08 14:35:21 - [TEST_STEP][PASSED] - click(findTestObject("Modulo Pruebas SST/Seguimiento_a_accidente laborales_enfermedades_laborales_y_comunes/a_Nombre_form_listadoSolicitudElementoj_idt65")): Object: 'Object Repository/Modulo Pruebas SST/Seguimiento_a_accidente laborales_enfermedades_laborales_y_comunes/a_Nombre_form_listadoSolicitudElementoj_idt65' is clicked on

2022-03-08 14:35:22 - [MESSAGE][PASSED] - Object: 'Object Repository/Modulo Pruebas SST/Seguimiento_a_accidente laborales_enfermedades_laborales_y_comunes/a_Nombre_form_listadoSolicitudElementoj_idt65' is clicked on

2022-03-08 14:35:22 - [TEST_STEP][PASSED] - setText(findTestObject("Modulo Pruebas SST/Seguimiento_a_accidente laborales_enfermedades_laborales_y_comunes/input_Filtro Hoja de Vida_formPopupHojaVidaj_idt7951"), "A A A"): Text 'A A A' is set on object 'Object Repository/Modulo Pruebas SST/Seguimiento_a_accidente laborales_enfermedades_laborales_y_comunes/input_Filtro Hoja de Vida_formPopupHojaVidaj_idt7951'

2022-03-08 14:35:23 - [MESSAGE][PASSED] - Text 'A A A' is set on object 'Object Repository/Modulo Pruebas SST/Seguimiento_a_accidente laborales_enfermedades_laborales_y_comunes/input_Filtro Hoja de Vida_formPopupHojaVidaj_idt7951'

2022-03-08 14:35:23 - [TEST_STEP][PASSED] - sendKeys(findTestObject("Modulo Pruebas SST/Seguimiento_a_accidente laborales_enfermedades_laborales_y_comunes/input_Filtro Hoja de Vida_formPopupHojaVidaj_idt7951"), Keys.chord(ENTER)): Keys 'ENTER + ' sent to object: 'Object Repository/Modulo Pruebas SST/Seguimiento_a_accidente laborales_enfermedades_laborales_y_comunes/input_Filtro Hoja de Vida_formPopupHojaVidaj_idt7951'

2022-03-08 14:35:24 - [MESSAGE][PASSED] - Keys 'ENTER + ' sent to object: 'Object Repository/Modulo Pruebas SST/Seguimiento_a_accidente laborales_enfermedades_laborales_y_comunes/input_Filtro Hoja de Vida_formPopupHojaVidaj_idt7951'

2022-03-08 14:35:24 - [TEST_STEP][PASSED] - if (waitForElementClickable(findTestObject("Modulo Pruebas SST/Seguimiento_a_accidente laborales_enfermedades_laborales_y_comunes/span_A A A"), 1)): null

2022-03-08 14:35:24 - [MESSAGE][PASSED] - Object 'Object Repository/Modulo Pruebas SST/Seguimiento_a_accidente laborales_enfermedades_laborales_y_comunes/span_A A A' is clickable

2022-03-08 14:35:24 - [TEST_STEP][PASSED] - click(findTestObject("Modulo Pruebas SST/Seguimiento_a_accidente laborales_enfermedades_laborales_y_comunes/span_A A A")): Object: 'Object Repository/Modulo Pruebas SST/Seguimiento_a_accidente laborales_enfermedades_laborales_y_comunes/span_A A A' is clicked on

2022-03-08 14:35:25 - [MESSAGE][PASSED] - Object: 'Object Repository/Modulo Pruebas SST/Seguimiento_a_accidente laborales_enfermedades_laborales_y_comunes/span_A A A' is clicked on

2022-03-08 14:35:25 - [TEST_STEP][PASSED] - if (waitForElementPresent(findTestObject("Modulo Pruebas SST/Seguimiento_a_accidente laborales_enfermedades_laborales_y_comunes/td_1010220596 - A A A"), 1)): null

2022-03-08 14:35:25 - [MESSAGE][PASSED] - Object 'Object Repository/Modulo Pruebas SST/Seguimiento_a_accidente laborales_enfermedades_laborales_y_comunes/td_1010220596 - A A A' is present

2022-03-08 14:35:25 - [TEST_STEP][PASSED] - click(findTestObject("Modulo Pruebas SST/Seguimiento_a_accidente laborales_enfermedades_laborales_y_comunes/td_1010220596 - A A A"), STOP_ON_FAILURE): Object: 'Object Repository/Modulo Pruebas SST/Seguimiento_a_accidente laborales_enfermedades_laborales_y_comunes/td_1010220596 - A A A' is clicked on

2022-03-08 14:35:26 - [MESSAGE][PASSED] - Object: 'Object Repository/Modulo Pruebas SST/Seguimiento_a_accidente laborales_enfermedades_laborales_y_comunes/td_1010220596 - A A A' is clicked on

2022-03-08 14:35:26 - [TEST_STEP][PASSED] - click(findTestObject("Modulo Pruebas SST/Seguimiento_a_accidente laborales_enfermedades_laborales_y_comunes/a_Dictamen")): Object: 'Object Repository/Modulo Pruebas SST/Seguimiento_a_accidente laborales_enfermedades_laborales_y_comunes/a_Dictamen' is clicked on

2022-03-08 14:35:26 - [MESSAGE][PASSED] - Object: 'Object Repository/Modulo Pruebas SST/Seguimiento_a_accidente laborales_enfermedades_laborales_y_comunes/a_Dictamen' is clicked on

2022-03-08 14:35:26 - [TEST_STEP][PASSED] - if (waitForElementPresent(findTestObject("Modulo Pruebas SST/Seguimiento_a_accidente laborales_enfermedades_laborales_y_comunes/td_ALMANZA NOVOA JOHN ALEXANDRE"), 1)): null

2022-03-08 14:35:27 - [MESSAGE][PASSED] - Object 'Object Repository/Modulo Pruebas SST/Seguimiento_a_accidente laborales_enfermedades_laborales_y_comunes/td_ALMANZA NOVOA JOHN ALEXANDRE' is present

2022-03-08 14:35:27 - [TEST_STEP][PASSED] - click(findTestObject("Modulo Pruebas SST/Seguimiento_a_accidente laborales_enfermedades_laborales_y_comunes/td_ALMANZA NOVOA JOHN ALEXANDRE")): Object: 'Object Repository/Modulo Pruebas SST/Seguimiento_a_accidente laborales_enfermedades_laborales_y_comunes/td_ALMANZA NOVOA JOHN ALEXANDRE' is clicked on

2022-03-08 14:35:27 - [MESSAGE][PASSED] - Object: 'Object Repository/Modulo Pruebas SST/Seguimiento_a_accidente laborales_enfermedades_laborales_y_comunes/td_ALMANZA NOVOA JOHN ALEXANDRE' is clicked on

2022-03-08 14:35:27 - [TEST_STEP][PASSED] - click(findTestObject("Modulo Pruebas SST/Seguimiento_a_accidente laborales_enfermedades_laborales_y_comunes/a_Eliminar2")): Object: 'Object Repository/Modulo Pruebas SST/Seguimiento_a_accidente laborales_enfermedades_laborales_y_comunes/a_Eliminar2' is clicked on

2022-03-08 14:35:28 - [MESSAGE][PASSED] - Object: 'Object Repository/Modulo Pruebas SST/Seguimiento_a_accidente laborales_enfermedades_laborales_y_comunes/a_Eliminar2' is clicked on

2022-03-08 14:35:28 - [TEST_STEP][PASSED] - click(findTestObject("Modulo Pruebas SST/Seguimiento_a_accidente laborales_enfermedades_laborales_y_comunes/span_Si2")): Object: 'Object Repository/Modulo Pruebas SST/Seguimiento_a_accidente laborales_enfermedades_laborales_y_comunes/span_Si2' is clicked on

2022-03-08 14:35:28 - [MESSAGE][PASSED] - Object: 'Object Repository/Modulo Pruebas SST/Seguimiento_a_accidente laborales_enfermedades_laborales_y_comunes/span_Si2' is clicked on

2022-03-08 14:35:28 - [TEST_STEP][PASSED] - click(findTestObject("Modulo Pruebas SST/Seguimiento_a_accidente laborales_enfermedades_laborales_y_comunes/a_Regresar")): Object: 'Object Repository/Modulo Pruebas SST/Seguimiento_a_accidente laborales_enfermedades_laborales_y_comunes/a_Regresar' is clicked on

2022-03-08 14:35:29 - [MESSAGE][PASSED] - Object: 'Object Repository/Modulo Pruebas SST/Seguimiento_a_accidente laborales_enfermedades_laborales_y_comunes/a_Regresar' is clicked on

2022-03-08 14:35:29 - [TEST_STEP][PASSED] - click(findTestObject("Modulo Pruebas SST/Seguimiento_a_accidente laborales_enfermedades_laborales_y_comunes/a_Nombre_form_listadoSolicitudElementoj_idt65")): Object: 'Object Repository/Modulo Pruebas SST/Seguimiento_a_accidente laborales_enfermedades_laborales_y_comunes/a_Nombre_form_listadoSolicitudElementoj_idt65' is clicked on

2022-03-08 14:35:30 - [MESSAGE][PASSED] - Object: 'Object Repository/Modulo Pruebas SST/Seguimiento_a_accidente laborales_enfermedades_laborales_y_comunes/a_Nombre_form_listadoSolicitudElementoj_idt65' is clicked on

2022-03-08 14:35:30 - [TEST_STEP][PASSED] - setText(findTestObject("Modulo Pruebas SST/Seguimiento_a_accidente laborales_enfermedades_laborales_y_comunes/input_Filtro Hoja de Vida_formPopupHojaVidaj_idt7951"), "A A A"): Text 'A A A' is set on object 'Object Repository/Modulo Pruebas SST/Seguimiento_a_accidente laborales_enfermedades_laborales_y_comunes/input_Filtro Hoja de Vida_formPopupHojaVidaj_idt7951'

2022-03-08 14:35:31 - [MESSAGE][PASSED] - Text 'A A A' is set on object 'Object Repository/Modulo Pruebas SST/Seguimiento_a_accidente laborales_enfermedades_laborales_y_comunes/input_Filtro Hoja de Vida_formPopupHojaVidaj_idt7951'

2022-03-08 14:35:31 - [TEST_STEP][PASSED] - sendKeys(findTestObject("Modulo Pruebas SST/Seguimiento_a_accidente laborales_enfermedades_laborales_y_comunes/input_Filtro Hoja de Vida_formPopupHojaVidaj_idt7951"), Keys.chord(ENTER)): Keys 'ENTER + ' sent to object: 'Object Repository/Modulo Pruebas SST/Seguimiento_a_accidente laborales_enfermedades_laborales_y_comunes/input_Filtro Hoja de Vida_formPopupHojaVidaj_idt7951'

2022-03-08 14:35:32 - [MESSAGE][PASSED] - Keys 'ENTER + ' sent to object: 'Object Repository/Modulo Pruebas SST/Seguimiento_a_accidente laborales_enfermedades_laborales_y_comunes/input_Filtro Hoja de Vida_formPopupHojaVidaj_idt7951'

2022-03-08 14:35:32 - [TEST_STEP][PASSED] - click(findTestObject("Modulo Pruebas SST/Seguimiento_a_accidente laborales_enfermedades_laborales_y_comunes/span_A A A")): Object: 'Object Repository/Modulo Pruebas SST/Seguimiento_a_accidente laborales_enfermedades_laborales_y_comunes/span_A A A' is clicked on

2022-03-08 14:35:33 - [MESSAGE][PASSED] - Object: 'Object Repository/Modulo Pruebas SST/Seguimiento_a_accidente laborales_enfermedades_laborales_y_comunes/span_A A A' is clicked on

2022-03-08 14:35:33 - [TEST_STEP][PASSED] - click(findTestObject("Modulo Pruebas SST/Seguimiento_a_accidente laborales_enfermedades_laborales_y_comunes/a_Novedades")): Object: 'Object Repository/Modulo Pruebas SST/Seguimiento_a_accidente laborales_enfermedades_laborales_y_comunes/a_Novedades' is clicked on

2022-03-08 14:35:34 - [MESSAGE][PASSED] - Object: 'Object Repository/Modulo Pruebas SST/Seguimiento_a_accidente laborales_enfermedades_laborales_y_comunes/a_Novedades' is clicked on

2022-03-08 14:35:34 - [TEST_STEP][PASSED] - if (waitForElementPresent(findTestObject("Modulo Pruebas SST/Seguimiento_a_accidente laborales_enfermedades_laborales_y_comunes/td_Seguridad y Salud en el Trabajo - Parmetro Bsico"), 1)): null

2022-03-08 14:35:34 - [MESSAGE][PASSED] - Object 'Object Repository/Modulo Pruebas SST/Seguimiento_a_accidente laborales_enfermedades_laborales_y_comunes/td_Seguridad y Salud en el Trabajo - Parmetro Bsico' is present

2022-03-08 14:35:34 - [TEST_STEP][PASSED] - click(findTestObject("Modulo Pruebas SST/Seguimiento_a_accidente laborales_enfermedades_laborales_y_comunes/td_Seguridad y Salud en el Trabajo - Parmetro Bsico")): Object: 'Object Repository/Modulo Pruebas SST/Seguimiento_a_accidente laborales_enfermedades_laborales_y_comunes/td_Seguridad y Salud en el Trabajo - Parmetro Bsico' is clicked on

2022-03-08 14:35:35 - [MESSAGE][PASSED] - Object: 'Object Repository/Modulo Pruebas SST/Seguimiento_a_accidente laborales_enfermedades_laborales_y_comunes/td_Seguridad y Salud en el Trabajo - Parmetro Bsico' is clicked on

2022-03-08 14:35:35 - [TEST_STEP][PASSED] - click(findTestObject("Modulo Pruebas SST/Seguimiento_a_accidente laborales_enfermedades_laborales_y_comunes/label_Novedad Caso Atep")): Object: 'Object Repository/Modulo Pruebas SST/Seguimiento_a_accidente laborales_enfermedades_laborales_y_comunes/label_Novedad Caso Atep' is clicked on

2022-03-08 14:35:35 - [MESSAGE][PASSED] - Object: 'Object Repository/Modulo Pruebas SST/Seguimiento_a_accidente laborales_enfermedades_laborales_y_comunes/label_Novedad Caso Atep' is clicked on

2022-03-08 14:35:35 - [TEST_STEP][PASSED] - click(findTestObject("Modulo Pruebas SST/Seguimiento_a_accidente laborales_enfermedades_laborales_y_comunes/a_Eliminar3")): Object: 'Object Repository/Modulo Pruebas SST/Seguimiento_a_accidente laborales_enfermedades_laborales_y_comunes/a_Eliminar3' is clicked on

2022-03-08 14:35:36 - [MESSAGE][PASSED] - Object: 'Object Repository/Modulo Pruebas SST/Seguimiento_a_accidente laborales_enfermedades_laborales_y_comunes/a_Eliminar3' is clicked on

2022-03-08 14:35:36 - [TEST_STEP][PASSED] - click(findTestObject("Modulo Pruebas SST/Seguimiento_a_accidente laborales_enfermedades_laborales_y_comunes/span_Si3")): Object: 'Object Repository/Modulo Pruebas SST/Seguimiento_a_accidente laborales_enfermedades_laborales_y_comunes/span_Si3' is clicked on

2022-03-08 14:35:37 - [MESSAGE][PASSED] - Object: 'Object Repository/Modulo Pruebas SST/Seguimiento_a_accidente laborales_enfermedades_laborales_y_comunes/span_Si3' is clicked on

2022-03-08 14:35:37 - [TEST_STEP][PASSED] - click(findTestObject("Modulo Pruebas SST/Seguimiento_a_accidente laborales_enfermedades_laborales_y_comunes/a_Regresar")): Object: 'Object Repository/Modulo Pruebas SST/Seguimiento_a_accidente laborales_enfermedades_laborales_y_comunes/a_Regresar' is clicked on

2022-03-08 14:35:38 - [MESSAGE][PASSED] - Object: 'Object Repository/Modulo Pruebas SST/Seguimiento_a_accidente laborales_enfermedades_laborales_y_comunes/a_Regresar' is clicked on

2022-03-08 14:35:38 - [TEST_STEP][PASSED] - click(findTestObject("Modulo Pruebas SST/Seguimiento_a_accidente laborales_enfermedades_laborales_y_comunes/a_Nombre_form_listadoSolicitudElementoj_idt65")): Object: 'Object Repository/Modulo Pruebas SST/Seguimiento_a_accidente laborales_enfermedades_laborales_y_comunes/a_Nombre_form_listadoSolicitudElementoj_idt65' is clicked on

2022-03-08 14:35:38 - [MESSAGE][PASSED] - Object: 'Object Repository/Modulo Pruebas SST/Seguimiento_a_accidente laborales_enfermedades_laborales_y_comunes/a_Nombre_form_listadoSolicitudElementoj_idt65' is clicked on

2022-03-08 14:35:38 - [TEST_STEP][PASSED] - setText(findTestObject("Modulo Pruebas SST/Seguimiento_a_accidente laborales_enfermedades_laborales_y_comunes/input_Filtro Hoja de Vida_formPopupHojaVidaj_idt7951"), "A A A"): Text 'A A A' is set on object 'Object Repository/Modulo Pruebas SST/Seguimiento_a_accidente laborales_enfermedades_laborales_y_comunes/input_Filtro Hoja de Vida_formPopupHojaVidaj_idt7951'

2022-03-08 14:35:39 - [MESSAGE][PASSED] - Text 'A A A' is set on object 'Object Repository/Modulo Pruebas SST/Seguimiento_a_accidente laborales_enfermedades_laborales_y_comunes/input_Filtro Hoja de Vida_formPopupHojaVidaj_idt7951'

2022-03-08 14:35:39 - [TEST_STEP][PASSED] - sendKeys(findTestObject("Modulo Pruebas SST/Seguimiento_a_accidente laborales_enfermedades_laborales_y_comunes/input_Filtro Hoja de Vida_formPopupHojaVidaj_idt7951"), Keys.chord(ENTER)): Keys 'ENTER + ' sent to object: 'Object Repository/Modulo Pruebas SST/Seguimiento_a_accidente laborales_enfermedades_laborales_y_comunes/input_Filtro Hoja de Vida_formPopupHojaVidaj_idt7951'

2022-03-08 14:35:40 - [MESSAGE][PASSED] - Keys 'ENTER + ' sent to object: 'Object Repository/Modulo Pruebas SST/Seguimiento_a_accidente laborales_enfermedades_laborales_y_comunes/input_Filtro Hoja de Vida_formPopupHojaVidaj_idt7951'

2022-03-08 14:35:40 - [TEST_STEP][PASSED] - click(findTestObject("Modulo Pruebas SST/Seguimiento_a_accidente laborales_enfermedades_laborales_y_comunes/span_A A A")): Object: 'Object Repository/Modulo Pruebas SST/Seguimiento_a_accidente laborales_enfermedades_laborales_y_comunes/span_A A A' is clicked on

2022-03-08 14:35:41 - [MESSAGE][PASSED] - Object: 'Object Repository/Modulo Pruebas SST/Seguimiento_a_accidente laborales_enfermedades_laborales_y_comunes/span_A A A' is clicked on

2022-03-08 14:35:41 - [TEST_STEP][PASSED] - click(findTestObject("Modulo Pruebas SST/Seguimiento_a_accidente laborales_enfermedades_laborales_y_comunes/a_Ver")): Object: 'Object Repository/Modulo Pruebas SST/Seguimiento_a_accidente laborales_enfermedades_laborales_y_comunes/a_Ver' is clicked on

2022-03-08 14:35:41 - [MESSAGE][PASSED] - Object: 'Object Repository/Modulo Pruebas SST/Seguimiento_a_accidente laborales_enfermedades_laborales_y_comunes/a_Ver' is clicked on

2022-03-08 14:35:41 - [TEST_STEP][PASSED] - click(findTestObject("Modulo Pruebas SST/Seguimiento_a_accidente laborales_enfermedades_laborales_y_comunes/a_Eliminar")): Object: 'Object Repository/Modulo Pruebas SST/Seguimiento_a_accidente laborales_enfermedades_laborales_y_comunes/a_Eliminar' is clicked on

2022-03-08 14:35:42 - [MESSAGE][PASSED] - Object: 'Object Repository/Modulo Pruebas SST/Seguimiento_a_accidente laborales_enfermedades_laborales_y_comunes/a_Eliminar' is clicked on

2022-03-08 14:35:42 - [TEST_STEP][PASSED] - click(findTestObject("Modulo Pruebas SST/Seguimiento_a_accidente laborales_enfermedades_laborales_y_comunes/a_Aceptar_Eliminar")): Object: 'Object Repository/Modulo Pruebas SST/Seguimiento_a_accidente laborales_enfermedades_laborales_y_comunes/a_Aceptar_Eliminar' is clicked on

2022-03-08 14:35:43 - [MESSAGE][PASSED] - Object: 'Object Repository/Modulo Pruebas SST/Seguimiento_a_accidente laborales_enfermedades_laborales_y_comunes/a_Aceptar_Eliminar' is clicked on

2022-03-08 14:35:43 - [TEST_STEP][PASSED] - click(findTestObject("Modulo Pruebas SST/Seguimiento_a_accidente laborales_enfermedades_laborales_y_comunes/a_Nuevo")): Object: 'Object Repository/Modulo Pruebas SST/Seguimiento_a_accidente laborales_enfermedades_laborales_y_comunes/a_Nuevo' is clicked on

2022-03-08 14:35:44 - [MESSAGE][PASSED] - Object: 'Object Repository/Modulo Pruebas SST/Seguimiento_a_accidente laborales_enfermedades_laborales_y_comunes/a_Nuevo' is clicked on

2022-03-08 14:35:44 - [TEST_STEP][PASSED] - click(findTestObject("Modulo Pruebas SST/Seguimiento_a_accidente laborales_enfermedades_laborales_y_comunes/a_Identificacin_form_popupCasoAteptabj_idt102")): Object: 'Object Repository/Modulo Pruebas SST/Seguimiento_a_accidente laborales_enfermedades_laborales_y_comunes/a_Identificacin_form_popupCasoAteptabj_idt102' is clicked on

2022-03-08 14:35:44 - [MESSAGE][PASSED] - Object: 'Object Repository/Modulo Pruebas SST/Seguimiento_a_accidente laborales_enfermedades_laborales_y_comunes/a_Identificacin_form_popupCasoAteptabj_idt102' is clicked on

2022-03-08 14:35:44 - [TEST_STEP][PASSED] - setText(findTestObject("Modulo Pruebas SST/Seguimiento_a_accidente laborales_enfermedades_laborales_y_comunes/input_Filtro Hoja de Vida_formPopupHojaVidaj_idt795"), "A A A"): Text 'A A A' is set on object 'Object Repository/Modulo Pruebas SST/Seguimiento_a_accidente laborales_enfermedades_laborales_y_comunes/input_Filtro Hoja de Vida_formPopupHojaVidaj_idt795'

2022-03-08 14:35:45 - [MESSAGE][PASSED] - Text 'A A A' is set on object 'Object Repository/Modulo Pruebas SST/Seguimiento_a_accidente laborales_enfermedades_laborales_y_comunes/input_Filtro Hoja de Vida_formPopupHojaVidaj_idt795'

2022-03-08 14:35:45 - [TEST_STEP][PASSED] - sendKeys(findTestObject("Modulo Pruebas SST/Seguimiento_a_accidente laborales_enfermedades_laborales_y_comunes/input_Filtro Hoja de Vida_formPopupHojaVidaj_idt795"), Keys.chord(ENTER)): Keys 'ENTER + ' sent to object: 'Object Repository/Modulo Pruebas SST/Seguimiento_a_accidente laborales_enfermedades_laborales_y_comunes/input_Filtro Hoja de Vida_formPopupHojaVidaj_idt795'

2022-03-08 14:35:46 - [MESSAGE][PASSED] - Keys 'ENTER + ' sent to object: 'Object Repository/Modulo Pruebas SST/Seguimiento_a_accidente laborales_enfermedades_laborales_y_comunes/input_Filtro Hoja de Vida_formPopupHojaVidaj_idt795'

2022-03-08 14:35:46 - [TEST_STEP][PASSED] - click(findTestObject("Modulo Pruebas SST/Seguimiento_a_accidente laborales_enfermedades_laborales_y_comunes/span_A A A"), STOP_ON_FAILURE): Object: 'Object Repository/Modulo Pruebas SST/Seguimiento_a_accidente laborales_enfermedades_laborales_y_comunes/span_A A A' is clicked on

2022-03-08 14:35:46 - [MESSAGE][PASSED] - Object: 'Object Repository/Modulo Pruebas SST/Seguimiento_a_accidente laborales_enfermedades_laborales_y_comunes/span_A A A' is clicked on

2022-03-08 14:35:46 - [TEST_STEP][PASSED] - selectOptionByIndex(findTestObject("Modulo Pruebas SST/Seguimiento_a_accidente laborales_enfermedades_laborales_y_comunes/select_-- SELECCIONAR --SEDE NORTESEDE OCCIDENTESEDE SUR"), 1): All options with index in [1] are selected on object 'Object Repository/Modulo Pruebas SST/Seguimiento_a_accidente laborales_enfermedades_laborales_y_comunes/select_-- SELECCIONAR --SEDE NORTESEDE OCCIDENTESEDE SUR'

2022-03-08 14:35:48 - [MESSAGE][PASSED] - All options with index in [1] are selected on object 'Object Repository/Modulo Pruebas SST/Seguimiento_a_accidente laborales_enfermedades_laborales_y_comunes/select_-- SELECCIONAR --SEDE NORTESEDE OCCIDENTESEDE SUR'

2022-03-08 14:35:48 - [TEST_STEP][PASSED] - selectOptionByIndex(findTestObject("Modulo Pruebas SST/Seguimiento_a_accidente laborales_enfermedades_laborales_y_comunes/select_--Seleccione--AccidenteEnfermedad ComnEnfermedad Laboral"), 2): All options with index in [2] are selected on object 'Object Repository/Modulo Pruebas SST/Seguimiento_a_accidente laborales_enfermedades_laborales_y_comunes/select_--Seleccione--AccidenteEnfermedad ComnEnfermedad Laboral'

2022-03-08 14:35:49 - [MESSAGE][PASSED] - All options with index in [2] are selected on object 'Object Repository/Modulo Pruebas SST/Seguimiento_a_accidente laborales_enfermedades_laborales_y_comunes/select_--Seleccione--AccidenteEnfermedad ComnEnfermedad Laboral'

2022-03-08 14:35:49 - [TEST_STEP][PASSED] - selectOptionByIndex(findTestObject("Modulo Pruebas SST/Seguimiento_a_accidente laborales_enfermedades_laborales_y_comunes/select_-- SELECCIONAR --Aula InteligenteSala de JuntasSalon ExternoSalon Principal"), 4): All options with index in [4] are selected on object 'Object Repository/Modulo Pruebas SST/Seguimiento_a_accidente laborales_enfermedades_laborales_y_comunes/select_-- SELECCIONAR --Aula InteligenteSala de JuntasSalon ExternoSalon Principal'

2022-03-08 14:35:50 - [MESSAGE][PASSED] - All options with index in [4] are selected on object 'Object Repository/Modulo Pruebas SST/Seguimiento_a_accidente laborales_enfermedades_laborales_y_comunes/select_-- SELECCIONAR --Aula InteligenteSala de JuntasSalon ExternoSalon Principal'

2022-03-08 14:35:50 - [TEST_STEP][PASSED] - selectOptionByIndex(findTestObject("Modulo Pruebas SST/Seguimiento_a_accidente laborales_enfermedades_laborales_y_comunes/select_-- SELECCIONAR --COOPERADOESTUDIANTE O APRENDIZINDEPENDIENTEMISIONPLANTA"), 5): All options with index in [5] are selected on object 'Object Repository/Modulo Pruebas SST/Seguimiento_a_accidente laborales_enfermedades_laborales_y_comunes/select_-- SELECCIONAR --COOPERADOESTUDIANTE O APRENDIZINDEPENDIENTEMISIONPLANTA'

2022-03-08 14:35:51 - [MESSAGE][PASSED] - All options with index in [5] are selected on object 'Object Repository/Modulo Pruebas SST/Seguimiento_a_accidente laborales_enfermedades_laborales_y_comunes/select_-- SELECCIONAR --COOPERADOESTUDIANTE O APRENDIZINDEPENDIENTEMISIONPLANTA'

2022-03-08 14:35:51 - [TEST_STEP][PASSED] - selectOptionByIndex(findTestObject("Modulo Pruebas SST/Seguimiento_a_accidente laborales_enfermedades_laborales_y_comunes/select_-- SELECCIONAR --EPS - ALIANSALUD EPSEPS - CAFESALUDEPS"), 8): All options with index in [8] are selected on object 'Object Repository/Modulo Pruebas SST/Seguimiento_a_accidente laborales_enfermedades_laborales_y_comunes/select_-- SELECCIONAR --EPS - ALIANSALUD EPSEPS - CAFESALUDEPS'

2022-03-08 14:35:52 - [MESSAGE][PASSED] - All options with index in [8] are selected on object 'Object Repository/Modulo Pruebas SST/Seguimiento_a_accidente laborales_enfermedades_laborales_y_comunes/select_-- SELECCIONAR --EPS - ALIANSALUD EPSEPS - CAFESALUDEPS'

2022-03-08 14:35:52 - [TEST_STEP][PASSED] - selectOptionByIndex(findTestObject("Modulo Pruebas SST/Seguimiento_a_accidente laborales_enfermedades_laborales_y_comunes/select_-- SELECCIONAR --ALMANZA NOVOA JOHN ALEXANDREAYA SILVA CINDY"), 1): All options with index in [1] are selected on object 'Object Repository/Modulo Pruebas SST/Seguimiento_a_accidente laborales_enfermedades_laborales_y_comunes/select_-- SELECCIONAR --ALMANZA NOVOA JOHN ALEXANDREAYA SILVA CINDY'

2022-03-08 14:35:53 - [MESSAGE][PASSED] - All options with index in [1] are selected on object 'Object Repository/Modulo Pruebas SST/Seguimiento_a_accidente laborales_enfermedades_laborales_y_comunes/select_-- SELECCIONAR --ALMANZA NOVOA JOHN ALEXANDREAYA SILVA CINDY'

2022-03-08 14:35:53 - [TEST_STEP][PASSED] - click(findTestObject("Modulo Pruebas SST/Seguimiento_a_accidente laborales_enfermedades_laborales_y_comunes/a_Diagnstico Preliminar_form_popupCasoAteptabj_idt139")): Object: 'Object Repository/Modulo Pruebas SST/Seguimiento_a_accidente laborales_enfermedades_laborales_y_comunes/a_Diagnstico Preliminar_form_popupCasoAteptabj_idt139' is clicked on

2022-03-08 14:35:54 - [MESSAGE][PASSED] - Object: 'Object Repository/Modulo Pruebas SST/Seguimiento_a_accidente laborales_enfermedades_laborales_y_comunes/a_Diagnstico Preliminar_form_popupCasoAteptabj_idt139' is clicked on

2022-03-08 14:35:54 - [TEST_STEP][PASSED] - click(findTestObject("Modulo Pruebas SST/Seguimiento_a_accidente laborales_enfermedades_laborales_y_comunes/td_Prueba")): Object: 'Object Repository/Modulo Pruebas SST/Seguimiento_a_accidente laborales_enfermedades_laborales_y_comunes/td_Prueba' is clicked on

2022-03-08 14:35:55 - [MESSAGE][PASSED] - Object: 'Object Repository/Modulo Pruebas SST/Seguimiento_a_accidente laborales_enfermedades_laborales_y_comunes/td_Prueba' is clicked on

2022-03-08 14:35:55 - [TEST_STEP][PASSED] - click(findTestObject("Modulo Pruebas SST/Seguimiento_a_accidente laborales_enfermedades_laborales_y_comunes/a_Guardar")): Object: 'Object Repository/Modulo Pruebas SST/Seguimiento_a_accidente laborales_enfermedades_laborales_y_comunes/a_Guardar' is clicked on

2022-03-08 14:35:55 - [MESSAGE][PASSED] - Object: 'Object Repository/Modulo Pruebas SST/Seguimiento_a_accidente laborales_enfermedades_laborales_y_comunes/a_Guardar' is clicked on

2022-03-08 14:35:55 - [TEST_STEP][PASSED] - selectOptionByIndex(findTestObject("Modulo Pruebas SST/Seguimiento_a_accidente laborales_enfermedades_laborales_y_comunes/select_-- SELECCIONAR --SEDE NORTESEDE OCCIDENTESEDE SUR1"), 1): All options with index in [1] are selected on object 'Object Repository/Modulo Pruebas SST/Seguimiento_a_accidente laborales_enfermedades_laborales_y_comunes/select_-- SELECCIONAR --SEDE NORTESEDE OCCIDENTESEDE SUR1'

2022-03-08 14:35:57 - [MESSAGE][PASSED] - All options with index in [1] are selected on object 'Object Repository/Modulo Pruebas SST/Seguimiento_a_accidente laborales_enfermedades_laborales_y_comunes/select_-- SELECCIONAR --SEDE NORTESEDE OCCIDENTESEDE SUR1'

2022-03-08 14:35:57 - [TEST_STEP][PASSED] - click(findTestObject("Modulo Pruebas SST/Seguimiento_a_accidente laborales_enfermedades_laborales_y_comunes/a_Nombre_form_listadoSolicitudElementoj_idt65")): Object: 'Object Repository/Modulo Pruebas SST/Seguimiento_a_accidente laborales_enfermedades_laborales_y_comunes/a_Nombre_form_listadoSolicitudElementoj_idt65' is clicked on

2022-03-08 14:35:59 - [MESSAGE][PASSED] - Object: 'Object Repository/Modulo Pruebas SST/Seguimiento_a_accidente laborales_enfermedades_laborales_y_comunes/a_Nombre_form_listadoSolicitudElementoj_idt65' is clicked on

2022-03-08 14:35:59 - [TEST_STEP][PASSED] - setText(findTestObject("Modulo Pruebas SST/Seguimiento_a_accidente laborales_enfermedades_laborales_y_comunes/input_Filtro Hoja de Vida_formPopupHojaVidaj_idt7951"), "A A A"): Text 'A A A' is set on object 'Object Repository/Modulo Pruebas SST/Seguimiento_a_accidente laborales_enfermedades_laborales_y_comunes/input_Filtro Hoja de Vida_formPopupHojaVidaj_idt7951'

2022-03-08 14:36:00 - [MESSAGE][PASSED] - Text 'A A A' is set on object 'Object Repository/Modulo Pruebas SST/Seguimiento_a_accidente laborales_enfermedades_laborales_y_comunes/input_Filtro Hoja de Vida_formPopupHojaVidaj_idt7951'

2022-03-08 14:36:00 - [TEST_STEP][PASSED] - sendKeys(findTestObject("Modulo Pruebas SST/Seguimiento_a_accidente laborales_enfermedades_laborales_y_comunes/input_Filtro Hoja de Vida_formPopupHojaVidaj_idt7951"), Keys.chord(ENTER)): Keys 'ENTER + ' sent to object: 'Object Repository/Modulo Pruebas SST/Seguimiento_a_accidente laborales_enfermedades_laborales_y_comunes/input_Filtro Hoja de Vida_formPopupHojaVidaj_idt7951'

2022-03-08 14:36:01 - [MESSAGE][PASSED] - Keys 'ENTER + ' sent to object: 'Object Repository/Modulo Pruebas SST/Seguimiento_a_accidente laborales_enfermedades_laborales_y_comunes/input_Filtro Hoja de Vida_formPopupHojaVidaj_idt7951'

2022-03-08 14:36:01 - [TEST_STEP][PASSED] - click(findTestObject("Modulo Pruebas SST/Seguimiento_a_accidente laborales_enfermedades_laborales_y_comunes/span_A A A")): Object: 'Object Repository/Modulo Pruebas SST/Seguimiento_a_accidente laborales_enfermedades_laborales_y_comunes/span_A A A' is clicked on

2022-03-08 14:36:01 - [MESSAGE][PASSED] - Object: 'Object Repository/Modulo Pruebas SST/Seguimiento_a_accidente laborales_enfermedades_laborales_y_comunes/span_A A A' is clicked on

2022-03-08 14:36:01 - [TEST_STEP][PASSED] - click(findTestObject("Modulo Pruebas SST/Seguimiento_a_accidente laborales_enfermedades_laborales_y_comunes/a_Novedades")): Object: 'Object Repository/Modulo Pruebas SST/Seguimiento_a_accidente laborales_enfermedades_laborales_y_comunes/a_Novedades' is clicked on

2022-03-08 14:36:02 - [MESSAGE][PASSED] - Object: 'Object Repository/Modulo Pruebas SST/Seguimiento_a_accidente laborales_enfermedades_laborales_y_comunes/a_Novedades' is clicked on

2022-03-08 14:36:02 - [TEST_STEP][PASSED] - click(findTestObject("Modulo Pruebas SST/Seguimiento_a_accidente laborales_enfermedades_laborales_y_comunes/a_Nuevo1")): Object: 'Object Repository/Modulo Pruebas SST/Seguimiento_a_accidente laborales_enfermedades_laborales_y_comunes/a_Nuevo1' is clicked on

2022-03-08 14:36:03 - [MESSAGE][PASSED] - Object: 'Object Repository/Modulo Pruebas SST/Seguimiento_a_accidente laborales_enfermedades_laborales_y_comunes/a_Nuevo1' is clicked on

2022-03-08 14:36:03 - [TEST_STEP][PASSED] - click(findTestObject("Modulo Pruebas SST/Seguimiento_a_accidente laborales_enfermedades_laborales_y_comunes/label_Novedad Caso Atep")): Object: 'Object Repository/Modulo Pruebas SST/Seguimiento_a_accidente laborales_enfermedades_laborales_y_comunes/label_Novedad Caso Atep' is clicked on

2022-03-08 14:36:04 - [MESSAGE][PASSED] - Object: 'Object Repository/Modulo Pruebas SST/Seguimiento_a_accidente laborales_enfermedades_laborales_y_comunes/label_Novedad Caso Atep' is clicked on

2022-03-08 14:36:04 - [TEST_STEP][PASSED] - selectOptionByIndex(findTestObject("Modulo Pruebas SST/Seguimiento_a_accidente laborales_enfermedades_laborales_y_comunes/select_-- SELECCIONAR --ALMANZA NOVOA JOHN ALEXANDREAYA SILVA"), 1): All options with index in [1] are selected on object 'Object Repository/Modulo Pruebas SST/Seguimiento_a_accidente laborales_enfermedades_laborales_y_comunes/select_-- SELECCIONAR --ALMANZA NOVOA JOHN ALEXANDREAYA SILVA'

2022-03-08 14:36:05 - [MESSAGE][PASSED] - All options with index in [1] are selected on object 'Object Repository/Modulo Pruebas SST/Seguimiento_a_accidente laborales_enfermedades_laborales_y_comunes/select_-- SELECCIONAR --ALMANZA NOVOA JOHN ALEXANDREAYA SILVA'

2022-03-08 14:36:05 - [TEST_STEP][PASSED] - selectOptionByIndex(findTestObject("Modulo Pruebas SST/Seguimiento_a_accidente laborales_enfermedades_laborales_y_comunes/select_-- SELECCIONAR --NOVEDAD SALUD OCUPACIONAL"), 1): All options with index in [1] are selected on object 'Object Repository/Modulo Pruebas SST/Seguimiento_a_accidente laborales_enfermedades_laborales_y_comunes/select_-- SELECCIONAR --NOVEDAD SALUD OCUPACIONAL'

2022-03-08 14:36:06 - [MESSAGE][PASSED] - All options with index in [1] are selected on object 'Object Repository/Modulo Pruebas SST/Seguimiento_a_accidente laborales_enfermedades_laborales_y_comunes/select_-- SELECCIONAR --NOVEDAD SALUD OCUPACIONAL'

2022-03-08 14:36:06 - [TEST_STEP][PASSED] - setText(findTestObject("Modulo Pruebas SST/Seguimiento_a_accidente laborales_enfermedades_laborales_y_comunes/textarea_Observacin_form_popupNovedadAtepobservacion"), "Prueba"): Text 'Prueba' is set on object 'Object Repository/Modulo Pruebas SST/Seguimiento_a_accidente laborales_enfermedades_laborales_y_comunes/textarea_Observacin_form_popupNovedadAtepobservacion'

2022-03-08 14:36:07 - [MESSAGE][PASSED] - Text 'Prueba' is set on object 'Object Repository/Modulo Pruebas SST/Seguimiento_a_accidente laborales_enfermedades_laborales_y_comunes/textarea_Observacin_form_popupNovedadAtepobservacion'

2022-03-08 14:36:07 - [TEST_STEP][PASSED] - click(findTestObject("Modulo Pruebas SST/Seguimiento_a_accidente laborales_enfermedades_laborales_y_comunes/a_Guardar1")): Object: 'Object Repository/Modulo Pruebas SST/Seguimiento_a_accidente laborales_enfermedades_laborales_y_comunes/a_Guardar1' is clicked on

2022-03-08 14:36:08 - [MESSAGE][PASSED] - Object: 'Object Repository/Modulo Pruebas SST/Seguimiento_a_accidente laborales_enfermedades_laborales_y_comunes/a_Guardar1' is clicked on

2022-03-08 14:36:08 - [TEST_STEP][PASSED] - click(findTestObject("Modulo Pruebas SST/Seguimiento_a_accidente laborales_enfermedades_laborales_y_comunes/a_Regresar")): Object: 'Object Repository/Modulo Pruebas SST/Seguimiento_a_accidente laborales_enfermedades_laborales_y_comunes/a_Regresar' is clicked on

2022-03-08 14:36:08 - [MESSAGE][PASSED] - Object: 'Object Repository/Modulo Pruebas SST/Seguimiento_a_accidente laborales_enfermedades_laborales_y_comunes/a_Regresar' is clicked on

2022-03-08 14:36:08 - [TEST_STEP][PASSED] - click(findTestObject("Modulo Pruebas SST/Seguimiento_a_accidente laborales_enfermedades_laborales_y_comunes/a_Dictamen")): Object: 'Object Repository/Modulo Pruebas SST/Seguimiento_a_accidente laborales_enfermedades_laborales_y_comunes/a_Dictamen' is clicked on

2022-03-08 14:36:09 - [MESSAGE][PASSED] - Object: 'Object Repository/Modulo Pruebas SST/Seguimiento_a_accidente laborales_enfermedades_laborales_y_comunes/a_Dictamen' is clicked on

2022-03-08 14:36:09 - [TEST_STEP][PASSED] - click(findTestObject("Modulo Pruebas SST/Seguimiento_a_accidente laborales_enfermedades_laborales_y_comunes/a_Nuevo2")): Object: 'Object Repository/Modulo Pruebas SST/Seguimiento_a_accidente laborales_enfermedades_laborales_y_comunes/a_Nuevo2' is clicked on

2022-03-08 14:36:10 - [MESSAGE][PASSED] - Object: 'Object Repository/Modulo Pruebas SST/Seguimiento_a_accidente laborales_enfermedades_laborales_y_comunes/a_Nuevo2' is clicked on

2022-03-08 14:36:10 - [TEST_STEP][PASSED] - click(findTestObject("Modulo Pruebas SST/Seguimiento_a_accidente laborales_enfermedades_laborales_y_comunes/label_Dictamen Caso Atep")): Object: 'Object Repository/Modulo Pruebas SST/Seguimiento_a_accidente laborales_enfermedades_laborales_y_comunes/label_Dictamen Caso Atep' is clicked on

2022-03-08 14:36:11 - [MESSAGE][PASSED] - Object: 'Object Repository/Modulo Pruebas SST/Seguimiento_a_accidente laborales_enfermedades_laborales_y_comunes/label_Dictamen Caso Atep' is clicked on

2022-03-08 14:36:11 - [TEST_STEP][PASSED] - selectOptionByIndex(findTestObject("Modulo Pruebas SST/Seguimiento_a_accidente laborales_enfermedades_laborales_y_comunes/select_-- SELECCIONAR --AFPARLARPEPSJUNTA"), 2): All options with index in [2] are selected on object 'Object Repository/Modulo Pruebas SST/Seguimiento_a_accidente laborales_enfermedades_laborales_y_comunes/select_-- SELECCIONAR --AFPARLARPEPSJUNTA'

2022-03-08 14:36:12 - [MESSAGE][PASSED] - All options with index in [2] are selected on object 'Object Repository/Modulo Pruebas SST/Seguimiento_a_accidente laborales_enfermedades_laborales_y_comunes/select_-- SELECCIONAR --AFPARLARPEPSJUNTA'

2022-03-08 14:36:12 - [TEST_STEP][PASSED] - selectOptionByIndex(findTestObject("Modulo Pruebas SST/Seguimiento_a_accidente laborales_enfermedades_laborales_y_comunes/select_-- SELECCIONAR --ALMANZA NOVOA JOHN"), 1): All options with index in [1] are selected on object 'Object Repository/Modulo Pruebas SST/Seguimiento_a_accidente laborales_enfermedades_laborales_y_comunes/select_-- SELECCIONAR --ALMANZA NOVOA JOHN'

2022-03-08 14:36:13 - [MESSAGE][PASSED] - All options with index in [1] are selected on object 'Object Repository/Modulo Pruebas SST/Seguimiento_a_accidente laborales_enfermedades_laborales_y_comunes/select_-- SELECCIONAR --ALMANZA NOVOA JOHN'

2022-03-08 14:36:13 - [TEST_STEP][PASSED] - click(findTestObject("Modulo Pruebas SST/Seguimiento_a_accidente laborales_enfermedades_laborales_y_comunes/label_Calificacin prdida capacidad laboral")): Object: 'Object Repository/Modulo Pruebas SST/Seguimiento_a_accidente laborales_enfermedades_laborales_y_comunes/label_Calificacin prdida capacidad laboral' is clicked on

2022-03-08 14:36:13 - [MESSAGE][PASSED] - Object: 'Object Repository/Modulo Pruebas SST/Seguimiento_a_accidente laborales_enfermedades_laborales_y_comunes/label_Calificacin prdida capacidad laboral' is clicked on

2022-03-08 14:36:13 - [TEST_STEP][PASSED] - click(findTestObject("Modulo Pruebas SST/Seguimiento_a_accidente laborales_enfermedades_laborales_y_comunes/label_Determinacin Origen")): Object: 'Object Repository/Modulo Pruebas SST/Seguimiento_a_accidente laborales_enfermedades_laborales_y_comunes/label_Determinacin Origen' is clicked on

2022-03-08 14:36:13 - [MESSAGE][PASSED] - Object: 'Object Repository/Modulo Pruebas SST/Seguimiento_a_accidente laborales_enfermedades_laborales_y_comunes/label_Determinacin Origen' is clicked on

2022-03-08 14:36:13 - [TEST_STEP][PASSED] - click(findTestObject("Modulo Pruebas SST/Seguimiento_a_accidente laborales_enfermedades_laborales_y_comunes/a_Guardar2")): Object: 'Object Repository/Modulo Pruebas SST/Seguimiento_a_accidente laborales_enfermedades_laborales_y_comunes/a_Guardar2' is clicked on

2022-03-08 14:36:14 - [MESSAGE][PASSED] - Object: 'Object Repository/Modulo Pruebas SST/Seguimiento_a_accidente laborales_enfermedades_laborales_y_comunes/a_Guardar2' is clicked on

2022-03-08 14:36:14 - [TEST_STEP][PASSED] - click(findTestObject("Modulo Pruebas SST/Seguimiento_a_accidente laborales_enfermedades_laborales_y_comunes/span_No se encontr registros_ui-icon ui-icon-closethick")): Object: 'Object Repository/Modulo Pruebas SST/Seguimiento_a_accidente laborales_enfermedades_laborales_y_comunes/span_No se encontr registros_ui-icon ui-icon-closethick' is clicked on

2022-03-08 14:36:14 - [MESSAGE][PASSED] - Object: 'Object Repository/Modulo Pruebas SST/Seguimiento_a_accidente laborales_enfermedades_laborales_y_comunes/span_No se encontr registros_ui-icon ui-icon-closethick' is clicked on

2022-03-08 14:36:14 - [TEST_STEP][PASSED] - closeBrowser(): Browser is closed

2022-03-08 14:36:15 - [MESSAGE][PASSED] - Browser is closed]]></system-out>
         <system-err><![CDATA[]]></system-err>
      </testcase>
      <testcase name="Test Cases/5.1-Pruebas_SST/5.1.4-Creación_de_Matriz_de_Peligros" time="86.513" classname="Test Cases/5.1-Pruebas_SST/5.1.4-Creación_de_Matriz_de_Peligros" status="PASSED">
         <system-out><![CDATA[2022-03-08 14:36:15 - [TEST_CASE][PASSED] - Test Cases/5.1-Pruebas_SST/5.1.4-Creación_de_Matriz_de_Peligros: Test Cases/5.1-Pruebas_SST/5.1.4-Creación_de_Matriz_de_Peligros

2022-03-08 14:36:16 - [TEST_STEP][PASSED] - callTestCase(findTestCase("0.1-Login"), [:], STOP_ON_FAILURE): Call Test Case 'Test Cases/0.1-Login' successfully

2022-03-08 14:36:16 - [TEST_CASE][PASSED] - Test Cases/0.1-Login: Test Cases/0.1-Login

2022-03-08 14:36:16 - [TEST_STEP][PASSED] - openBrowser(""): Browser is opened with url: ''

2022-03-08 14:36:16 - [MESSAGE][INFO] - Starting 'Chrome' driver

2022-03-08 14:36:16 - [MESSAGE][INFO] - Action delay is set to 0 milliseconds

2022-03-08 14:36:17 - [MESSAGE][PASSED] - Browser is opened with url: ''

2022-03-08 14:36:17 - [TEST_STEP][PASSED] - maximizeWindow(): Current window maximized

2022-03-08 14:36:17 - [MESSAGE][PASSED] - Current window maximized

2022-03-08 14:36:17 - [TEST_STEP][PASSED] - i = G_Login: null

2022-03-08 14:36:17 - [TEST_STEP][PASSED] - url = new java.net.URL(i): null

2022-03-08 14:36:17 - [TEST_STEP][PASSED] - println("URL: " + url.toString()): null

2022-03-08 14:36:17 - [TEST_STEP][PASSED] - connection = url.openConnection(): null

2022-03-08 14:36:17 - [TEST_STEP][PASSED] - connection.setRequestMethod("GET"): null

2022-03-08 14:36:17 - [TEST_STEP][PASSED] - connection.setReadTimeout(2 * 1000): null

2022-03-08 14:36:17 - [TEST_STEP][PASSED] - try: null

2022-03-08 14:36:17 - [TEST_STEP][PASSED] - connection.connect(): null

2022-03-08 14:36:17 - [TEST_STEP][PASSED] - flag = connected: null

2022-03-08 14:36:17 - [TEST_STEP][PASSED] - println("Valor_ori: " + flag): null

2022-03-08 14:36:17 - [TEST_STEP][PASSED] - if (flag): null

2022-03-08 14:36:17 - [TEST_STEP][PASSED] - navigateToUrl(i): Navigate to 'http://192.168.2.80:8380/saraweb' successfully

2022-03-08 14:36:18 - [MESSAGE][PASSED] - Navigate to 'http://192.168.2.80:8380/saraweb' successfully

2022-03-08 14:36:18 - [TEST_STEP][PASSED] - a(): null

2022-03-08 14:36:18 - [TEST_STEP][PASSED] - setText(findTestObject("Login/input_USUARIO_loginusuario"), G_Usuario): Text 'saraadmin' is set on object 'Object Repository/Login/input_USUARIO_loginusuario'

2022-03-08 14:36:19 - [MESSAGE][PASSED] - Text 'saraadmin' is set on object 'Object Repository/Login/input_USUARIO_loginusuario'

2022-03-08 14:36:19 - [TEST_STEP][PASSED] - setEncryptedText(findTestObject("Login/input_CLAVE_loginpassword"), "MkG4/TYiCFC3cb2driP7+Q=="): Text ****** has been set on object 'Object Repository/Login/input_CLAVE_loginpassword'

2022-03-08 14:36:19 - [MESSAGE][PASSED] - Text ****** has been set on object 'Object Repository/Login/input_CLAVE_loginpassword'

2022-03-08 14:36:19 - [TEST_STEP][PASSED] - waitForElementClickable(findTestObject("Login/a_Ingresar"), G_TimeOut): Object 'Object Repository/Login/a_Ingresar' is clickable

2022-03-08 14:36:20 - [MESSAGE][PASSED] - Object 'Object Repository/Login/a_Ingresar' is clickable

2022-03-08 14:36:20 - [TEST_STEP][PASSED] - click(findTestObject("Login/a_Ingresar")): Object: 'Object Repository/Login/a_Ingresar' is clicked on

2022-03-08 14:36:21 - [MESSAGE][PASSED] - Object: 'Object Repository/Login/a_Ingresar' is clicked on

2022-03-08 14:36:21 - [TEST_STEP][PASSED] - element = findWebElement(findTestObject("Login/a_Ir"), 30): null

2022-03-08 14:36:21 - [TEST_STEP][PASSED] - executeJavaScript("arguments[0].click()", Arrays.asList(element)): Execute JavaScript 'arguments[0].click()' successfully

2022-03-08 14:36:21 - [MESSAGE][PASSED] - Execute JavaScript 'arguments[0].click()' successfully

2022-03-08 14:36:21 - [MESSAGE][PASSED] - Call Test Case 'Test Cases/0.1-Login' successfully

2022-03-08 14:36:21 - [TEST_STEP][PASSED] - setText(findTestObject("Modulo Pruebas SST/Creación_de_Matriz_de_Peligros/input_Listado Caso Atep_form_templatej_idt24_input"), "Matriz de peligros"): Text 'Matriz de peligros' is set on object 'Object Repository/Modulo Pruebas SST/Creación_de_Matriz_de_Peligros/input_Listado Caso Atep_form_templatej_idt24_input'

2022-03-08 14:36:22 - [MESSAGE][PASSED] - Text 'Matriz de peligros' is set on object 'Object Repository/Modulo Pruebas SST/Creación_de_Matriz_de_Peligros/input_Listado Caso Atep_form_templatej_idt24_input'

2022-03-08 14:36:22 - [TEST_STEP][PASSED] - click(findTestObject("Modulo Pruebas SST/Creación_de_Matriz_de_Peligros/li_Matriz de peligros (sst)")): Object: 'Object Repository/Modulo Pruebas SST/Creación_de_Matriz_de_Peligros/li_Matriz de peligros (sst)' is clicked on

2022-03-08 14:36:24 - [MESSAGE][PASSED] - Object: 'Object Repository/Modulo Pruebas SST/Creación_de_Matriz_de_Peligros/li_Matriz de peligros (sst)' is clicked on

2022-03-08 14:36:24 - [TEST_STEP][PASSED] - selectOptionByIndex(findTestObject("Modulo Pruebas SST/Creación_de_Matriz_de_Peligros/select_Periodo_principal"), 2): All options with index in [2] are selected on object 'Object Repository/Modulo Pruebas SST/Creación_de_Matriz_de_Peligros/select_Periodo_principal'

2022-03-08 14:36:26 - [MESSAGE][PASSED] - All options with index in [2] are selected on object 'Object Repository/Modulo Pruebas SST/Creación_de_Matriz_de_Peligros/select_Periodo_principal'

2022-03-08 14:36:26 - [TEST_STEP][PASSED] - selectOptionByIndex(findTestObject("Modulo Pruebas SST/Creación_de_Matriz_de_Peligros/select_Empresa_principal"), 1): All options with index in [1] are selected on object 'Object Repository/Modulo Pruebas SST/Creación_de_Matriz_de_Peligros/select_Empresa_principal'

2022-03-08 14:36:28 - [MESSAGE][PASSED] - All options with index in [1] are selected on object 'Object Repository/Modulo Pruebas SST/Creación_de_Matriz_de_Peligros/select_Empresa_principal'

2022-03-08 14:36:28 - [TEST_STEP][PASSED] - if (waitForElementPresent(findTestObject("Modulo Pruebas SST/Creación_de_Matriz_de_Peligros/td_PRUEBA KATALON"), 1)): null

2022-03-08 14:36:29 - [MESSAGE][PASSED] - Object 'Object Repository/Modulo Pruebas SST/Creación_de_Matriz_de_Peligros/td_PRUEBA KATALON' is present

2022-03-08 14:36:29 - [TEST_STEP][PASSED] - click(findTestObject("Modulo Pruebas SST/Creación_de_Matriz_de_Peligros/a_Fsico. - Riesgo Fsico_form_listadoMatrizPeligrotablaMatrizPeligroDetalle1j_idt138")): Object: 'Object Repository/Modulo Pruebas SST/Creación_de_Matriz_de_Peligros/a_Fsico. - Riesgo Fsico_form_listadoMatrizPeligrotablaMatrizPeligroDetalle1j_idt138' is clicked on

2022-03-08 14:36:29 - [MESSAGE][PASSED] - Object: 'Object Repository/Modulo Pruebas SST/Creación_de_Matriz_de_Peligros/a_Fsico. - Riesgo Fsico_form_listadoMatrizPeligrotablaMatrizPeligroDetalle1j_idt138' is clicked on

2022-03-08 14:36:29 - [TEST_STEP][PASSED] - click(findTestObject("Modulo Pruebas SST/Creación_de_Matriz_de_Peligros/a_Anexos_Eliminar")): Object: 'Object Repository/Modulo Pruebas SST/Creación_de_Matriz_de_Peligros/a_Anexos_Eliminar' is clicked on

2022-03-08 14:36:30 - [MESSAGE][PASSED] - Object: 'Object Repository/Modulo Pruebas SST/Creación_de_Matriz_de_Peligros/a_Anexos_Eliminar' is clicked on

2022-03-08 14:36:30 - [TEST_STEP][PASSED] - if (waitForElementPresent(findTestObject("Modulo Pruebas SST/Creación_de_Matriz_de_Peligros/td_Pruebas k"), 1)): null

2022-03-08 14:36:31 - [MESSAGE][PASSED] - Object 'Object Repository/Modulo Pruebas SST/Creación_de_Matriz_de_Peligros/td_Pruebas k' is present

2022-03-08 14:36:31 - [TEST_STEP][PASSED] - click(findTestObject("Modulo Pruebas SST/Creación_de_Matriz_de_Peligros/td_Pruebas k")): Object: 'Object Repository/Modulo Pruebas SST/Creación_de_Matriz_de_Peligros/td_Pruebas k' is clicked on

2022-03-08 14:36:31 - [MESSAGE][PASSED] - Object: 'Object Repository/Modulo Pruebas SST/Creación_de_Matriz_de_Peligros/td_Pruebas k' is clicked on

2022-03-08 14:36:31 - [TEST_STEP][PASSED] - click(findTestObject("Modulo Pruebas SST/Creación_de_Matriz_de_Peligros/a_prueba.pdf_Eliminar")): Object: 'Object Repository/Modulo Pruebas SST/Creación_de_Matriz_de_Peligros/a_prueba.pdf_Eliminar' is clicked on

2022-03-08 14:36:31 - [MESSAGE][PASSED] - Object: 'Object Repository/Modulo Pruebas SST/Creación_de_Matriz_de_Peligros/a_prueba.pdf_Eliminar' is clicked on

2022-03-08 14:36:31 - [TEST_STEP][PASSED] - click(findTestObject("Modulo Pruebas SST/Creación_de_Matriz_de_Peligros/span_Si")): Object: 'Object Repository/Modulo Pruebas SST/Creación_de_Matriz_de_Peligros/span_Si' is clicked on

2022-03-08 14:36:32 - [MESSAGE][PASSED] - Object: 'Object Repository/Modulo Pruebas SST/Creación_de_Matriz_de_Peligros/span_Si' is clicked on

2022-03-08 14:36:32 - [TEST_STEP][PASSED] - click(findTestObject("Modulo Pruebas SST/Creación_de_Matriz_de_Peligros/a_Medida de intervencin_Eliminar"), STOP_ON_FAILURE): Object: 'Object Repository/Modulo Pruebas SST/Creación_de_Matriz_de_Peligros/a_Medida de intervencin_Eliminar' is clicked on

2022-03-08 14:36:33 - [MESSAGE][PASSED] - Object: 'Object Repository/Modulo Pruebas SST/Creación_de_Matriz_de_Peligros/a_Medida de intervencin_Eliminar' is clicked on

2022-03-08 14:36:33 - [TEST_STEP][PASSED] - if (waitForElementPresent(findTestObject("Modulo Pruebas SST/Creación_de_Matriz_de_Peligros/td_PRUEBAS K (1)"), 1)): null

2022-03-08 14:36:34 - [MESSAGE][PASSED] - Object 'Object Repository/Modulo Pruebas SST/Creación_de_Matriz_de_Peligros/td_PRUEBAS K (1)' is present

2022-03-08 14:36:34 - [TEST_STEP][PASSED] - click(findTestObject("Modulo Pruebas SST/Creación_de_Matriz_de_Peligros/td_PRUEBAS K (1)")): Object: 'Object Repository/Modulo Pruebas SST/Creación_de_Matriz_de_Peligros/td_PRUEBAS K (1)' is clicked on

2022-03-08 14:36:34 - [MESSAGE][PASSED] - Object: 'Object Repository/Modulo Pruebas SST/Creación_de_Matriz_de_Peligros/td_PRUEBAS K (1)' is clicked on

2022-03-08 14:36:34 - [TEST_STEP][PASSED] - click(findTestObject("Modulo Pruebas SST/Creación_de_Matriz_de_Peligros/a_Eliminar0")): Object: 'Object Repository/Modulo Pruebas SST/Creación_de_Matriz_de_Peligros/a_Eliminar0' is clicked on

2022-03-08 14:36:35 - [MESSAGE][PASSED] - Object: 'Object Repository/Modulo Pruebas SST/Creación_de_Matriz_de_Peligros/a_Eliminar0' is clicked on

2022-03-08 14:36:35 - [TEST_STEP][PASSED] - click(findTestObject("Modulo Pruebas SST/Creación_de_Matriz_de_Peligros/a_Aceptar_Eliminar0")): Object: 'Object Repository/Modulo Pruebas SST/Creación_de_Matriz_de_Peligros/a_Aceptar_Eliminar0' is clicked on

2022-03-08 14:36:35 - [MESSAGE][PASSED] - Object: 'Object Repository/Modulo Pruebas SST/Creación_de_Matriz_de_Peligros/a_Aceptar_Eliminar0' is clicked on

2022-03-08 14:36:35 - [TEST_STEP][PASSED] - click(findTestObject("Modulo Pruebas SST/Creación_de_Matriz_de_Peligros/a_Niveles de Riesgo_Eliminar")): Object: 'Object Repository/Modulo Pruebas SST/Creación_de_Matriz_de_Peligros/a_Niveles de Riesgo_Eliminar' is clicked on

2022-03-08 14:36:36 - [MESSAGE][PASSED] - Object: 'Object Repository/Modulo Pruebas SST/Creación_de_Matriz_de_Peligros/a_Niveles de Riesgo_Eliminar' is clicked on

2022-03-08 14:36:36 - [TEST_STEP][PASSED] - if (waitForElementVisible(findTestObject("Modulo Pruebas SST/Creación_de_Matriz_de_Peligros/td_1"), 1)): null

2022-03-08 14:36:36 - [MESSAGE][PASSED] - Object 'Object Repository/Modulo Pruebas SST/Creación_de_Matriz_de_Peligros/td_1' is visible

2022-03-08 14:36:36 - [TEST_STEP][PASSED] - click(findTestObject("Modulo Pruebas SST/Creación_de_Matriz_de_Peligros/td_1")): Object: 'Object Repository/Modulo Pruebas SST/Creación_de_Matriz_de_Peligros/td_1' is clicked on

2022-03-08 14:36:37 - [MESSAGE][PASSED] - Object: 'Object Repository/Modulo Pruebas SST/Creación_de_Matriz_de_Peligros/td_1' is clicked on

2022-03-08 14:36:37 - [TEST_STEP][PASSED] - click(findTestObject("Modulo Pruebas SST/Creación_de_Matriz_de_Peligros/a_Eliminar1")): Object: 'Object Repository/Modulo Pruebas SST/Creación_de_Matriz_de_Peligros/a_Eliminar1' is clicked on

2022-03-08 14:36:38 - [MESSAGE][PASSED] - Object: 'Object Repository/Modulo Pruebas SST/Creación_de_Matriz_de_Peligros/a_Eliminar1' is clicked on

2022-03-08 14:36:38 - [TEST_STEP][PASSED] - click(findTestObject("Modulo Pruebas SST/Creación_de_Matriz_de_Peligros/a_Aceptar_Eliminar1")): Object: 'Object Repository/Modulo Pruebas SST/Creación_de_Matriz_de_Peligros/a_Aceptar_Eliminar1' is clicked on

2022-03-08 14:36:39 - [MESSAGE][PASSED] - Object: 'Object Repository/Modulo Pruebas SST/Creación_de_Matriz_de_Peligros/a_Aceptar_Eliminar1' is clicked on

2022-03-08 14:36:39 - [TEST_STEP][PASSED] - click(findTestObject("Modulo Pruebas SST/Creación_de_Matriz_de_Peligros/a_Controles Existentes_Eliminar")): Object: 'Object Repository/Modulo Pruebas SST/Creación_de_Matriz_de_Peligros/a_Controles Existentes_Eliminar' is clicked on

2022-03-08 14:36:40 - [MESSAGE][PASSED] - Object: 'Object Repository/Modulo Pruebas SST/Creación_de_Matriz_de_Peligros/a_Controles Existentes_Eliminar' is clicked on

2022-03-08 14:36:40 - [TEST_STEP][PASSED] - if (waitForElementPresent(findTestObject("Modulo Pruebas SST/Creación_de_Matriz_de_Peligros/td_Individuo"), 1)): null

2022-03-08 14:36:40 - [MESSAGE][PASSED] - Object 'Object Repository/Modulo Pruebas SST/Creación_de_Matriz_de_Peligros/td_Individuo' is present

2022-03-08 14:36:40 - [TEST_STEP][PASSED] - element = findWebElement(findTestObject("Modulo Pruebas SST/Creación_de_Matriz_de_Peligros/td_Individuo"), 30): null

2022-03-08 14:36:41 - [TEST_STEP][PASSED] - executeJavaScript("arguments[0].click()", Arrays.asList(element)): Execute JavaScript 'arguments[0].click()' successfully

2022-03-08 14:36:41 - [MESSAGE][PASSED] - Execute JavaScript 'arguments[0].click()' successfully

2022-03-08 14:36:41 - [TEST_STEP][PASSED] - click(findTestObject("Modulo Pruebas SST/Creación_de_Matriz_de_Peligros/td_Individuo")): Object: 'Object Repository/Modulo Pruebas SST/Creación_de_Matriz_de_Peligros/td_Individuo' is clicked on

2022-03-08 14:36:41 - [MESSAGE][PASSED] - Object: 'Object Repository/Modulo Pruebas SST/Creación_de_Matriz_de_Peligros/td_Individuo' is clicked on

2022-03-08 14:36:41 - [TEST_STEP][PASSED] - click(findTestObject("Modulo Pruebas SST/Creación_de_Matriz_de_Peligros/a_Eliminar2")): Object: 'Object Repository/Modulo Pruebas SST/Creación_de_Matriz_de_Peligros/a_Eliminar2' is clicked on

2022-03-08 14:36:42 - [MESSAGE][PASSED] - Object: 'Object Repository/Modulo Pruebas SST/Creación_de_Matriz_de_Peligros/a_Eliminar2' is clicked on

2022-03-08 14:36:42 - [TEST_STEP][PASSED] - click(findTestObject("Modulo Pruebas SST/Creación_de_Matriz_de_Peligros/a_Aceptar_Eliminar2")): Object: 'Object Repository/Modulo Pruebas SST/Creación_de_Matriz_de_Peligros/a_Aceptar_Eliminar2' is clicked on

2022-03-08 14:36:42 - [MESSAGE][PASSED] - Object: 'Object Repository/Modulo Pruebas SST/Creación_de_Matriz_de_Peligros/a_Aceptar_Eliminar2' is clicked on

2022-03-08 14:36:42 - [TEST_STEP][PASSED] - click(findTestObject("Modulo Pruebas SST/Creación_de_Matriz_de_Peligros/a_Detalle")): Object: 'Object Repository/Modulo Pruebas SST/Creación_de_Matriz_de_Peligros/a_Detalle' is clicked on

2022-03-08 14:36:43 - [MESSAGE][PASSED] - Object: 'Object Repository/Modulo Pruebas SST/Creación_de_Matriz_de_Peligros/a_Detalle' is clicked on

2022-03-08 14:36:43 - [TEST_STEP][PASSED] - click(findTestObject("Modulo Pruebas SST/Creación_de_Matriz_de_Peligros/a_Eliminar3")): Object: 'Object Repository/Modulo Pruebas SST/Creación_de_Matriz_de_Peligros/a_Eliminar3' is clicked on

2022-03-08 14:36:43 - [MESSAGE][PASSED] - Object: 'Object Repository/Modulo Pruebas SST/Creación_de_Matriz_de_Peligros/a_Eliminar3' is clicked on

2022-03-08 14:36:43 - [TEST_STEP][PASSED] - click(findTestObject("Modulo Pruebas SST/Creación_de_Matriz_de_Peligros/a_Aceptar_Eliminar3")): Object: 'Object Repository/Modulo Pruebas SST/Creación_de_Matriz_de_Peligros/a_Aceptar_Eliminar3' is clicked on

2022-03-08 14:36:44 - [MESSAGE][PASSED] - Object: 'Object Repository/Modulo Pruebas SST/Creación_de_Matriz_de_Peligros/a_Aceptar_Eliminar3' is clicked on

2022-03-08 14:36:44 - [TEST_STEP][PASSED] - click(findTestObject("Modulo Pruebas SST/Creación_de_Matriz_de_Peligros/a_Eliminar4")): Object: 'Object Repository/Modulo Pruebas SST/Creación_de_Matriz_de_Peligros/a_Eliminar4' is clicked on

2022-03-08 14:36:45 - [MESSAGE][PASSED] - Object: 'Object Repository/Modulo Pruebas SST/Creación_de_Matriz_de_Peligros/a_Eliminar4' is clicked on

2022-03-08 14:36:45 - [TEST_STEP][PASSED] - click(findTestObject("Modulo Pruebas SST/Creación_de_Matriz_de_Peligros/a_Aceptar_Eliminar4")): Object: 'Object Repository/Modulo Pruebas SST/Creación_de_Matriz_de_Peligros/a_Aceptar_Eliminar4' is clicked on

2022-03-08 14:36:45 - [MESSAGE][PASSED] - Object: 'Object Repository/Modulo Pruebas SST/Creación_de_Matriz_de_Peligros/a_Aceptar_Eliminar4' is clicked on

2022-03-08 14:36:45 - [TEST_STEP][PASSED] - click(findTestObject("Modulo Pruebas SST/Creación_de_Matriz_de_Peligros/a_Eliminar5")): Object: 'Object Repository/Modulo Pruebas SST/Creación_de_Matriz_de_Peligros/a_Eliminar5' is clicked on

2022-03-08 14:36:46 - [MESSAGE][PASSED] - Object: 'Object Repository/Modulo Pruebas SST/Creación_de_Matriz_de_Peligros/a_Eliminar5' is clicked on

2022-03-08 14:36:46 - [TEST_STEP][PASSED] - click(findTestObject("Modulo Pruebas SST/Creación_de_Matriz_de_Peligros/a_Aceptar_Eliminar5")): Object: 'Object Repository/Modulo Pruebas SST/Creación_de_Matriz_de_Peligros/a_Aceptar_Eliminar5' is clicked on

2022-03-08 14:36:47 - [MESSAGE][PASSED] - Object: 'Object Repository/Modulo Pruebas SST/Creación_de_Matriz_de_Peligros/a_Aceptar_Eliminar5' is clicked on

2022-03-08 14:36:47 - [TEST_STEP][PASSED] - click(findTestObject("Modulo Pruebas SST/Creación_de_Matriz_de_Peligros/a_Eliminar6")): Object: 'Object Repository/Modulo Pruebas SST/Creación_de_Matriz_de_Peligros/a_Eliminar6' is clicked on

2022-03-08 14:36:47 - [MESSAGE][PASSED] - Object: 'Object Repository/Modulo Pruebas SST/Creación_de_Matriz_de_Peligros/a_Eliminar6' is clicked on

2022-03-08 14:36:47 - [TEST_STEP][PASSED] - click(findTestObject("Modulo Pruebas SST/Creación_de_Matriz_de_Peligros/a_Aceptar_Eliminar6")): Object: 'Object Repository/Modulo Pruebas SST/Creación_de_Matriz_de_Peligros/a_Aceptar_Eliminar6' is clicked on

2022-03-08 14:36:48 - [MESSAGE][PASSED] - Object: 'Object Repository/Modulo Pruebas SST/Creación_de_Matriz_de_Peligros/a_Aceptar_Eliminar6' is clicked on

2022-03-08 14:36:48 - [TEST_STEP][PASSED] - click(findTestObject("Modulo Pruebas SST/Creación_de_Matriz_de_Peligros/a_Nuevo")): Object: 'Object Repository/Modulo Pruebas SST/Creación_de_Matriz_de_Peligros/a_Nuevo' is clicked on

2022-03-08 14:36:49 - [MESSAGE][PASSED] - Object: 'Object Repository/Modulo Pruebas SST/Creación_de_Matriz_de_Peligros/a_Nuevo' is clicked on

2022-03-08 14:36:49 - [TEST_STEP][PASSED] - selectOptionByIndex(findTestObject("Modulo Pruebas SST/Creación_de_Matriz_de_Peligros/select_SeleccionarPeriodo 2018Periodo No. 1"), 2): All options with index in [2] are selected on object 'Object Repository/Modulo Pruebas SST/Creación_de_Matriz_de_Peligros/select_SeleccionarPeriodo 2018Periodo No. 1'

2022-03-08 14:36:50 - [MESSAGE][PASSED] - All options with index in [2] are selected on object 'Object Repository/Modulo Pruebas SST/Creación_de_Matriz_de_Peligros/select_SeleccionarPeriodo 2018Periodo No. 1'

2022-03-08 14:36:50 - [TEST_STEP][PASSED] - selectOptionByIndex(findTestObject("Modulo Pruebas SST/Creación_de_Matriz_de_Peligros/select_SeleccionarCALIDADMENSUAL ABCMODELO EMPRESA QUINCENALPANSIONADOSPENSIONADOS BASEPRUEBAS"), 1): All options with index in [1] are selected on object 'Object Repository/Modulo Pruebas SST/Creación_de_Matriz_de_Peligros/select_SeleccionarCALIDADMENSUAL ABCMODELO EMPRESA QUINCENALPANSIONADOSPENSIONADOS BASEPRUEBAS'

2022-03-08 14:36:51 - [MESSAGE][PASSED] - All options with index in [1] are selected on object 'Object Repository/Modulo Pruebas SST/Creación_de_Matriz_de_Peligros/select_SeleccionarCALIDADMENSUAL ABCMODELO EMPRESA QUINCENALPANSIONADOSPENSIONADOS BASEPRUEBAS'

2022-03-08 14:36:51 - [TEST_STEP][PASSED] - setText(findTestObject("Modulo Pruebas SST/Creación_de_Matriz_de_Peligros/input_Descripcin_form_datosMatrizPeligrodescripcion"), "PRUEBA KATALON"): Text 'PRUEBA KATALON' is set on object 'Object Repository/Modulo Pruebas SST/Creación_de_Matriz_de_Peligros/input_Descripcin_form_datosMatrizPeligrodescripcion'

2022-03-08 14:36:52 - [MESSAGE][PASSED] - Text 'PRUEBA KATALON' is set on object 'Object Repository/Modulo Pruebas SST/Creación_de_Matriz_de_Peligros/input_Descripcin_form_datosMatrizPeligrodescripcion'

2022-03-08 14:36:52 - [TEST_STEP][PASSED] - selectOptionByIndex(findTestObject("Modulo Pruebas SST/Creación_de_Matriz_de_Peligros/select_SeleccionarNo VigenteVigente"), 2): All options with index in [2] are selected on object 'Object Repository/Modulo Pruebas SST/Creación_de_Matriz_de_Peligros/select_SeleccionarNo VigenteVigente'

2022-03-08 14:36:53 - [MESSAGE][PASSED] - All options with index in [2] are selected on object 'Object Repository/Modulo Pruebas SST/Creación_de_Matriz_de_Peligros/select_SeleccionarNo VigenteVigente'

2022-03-08 14:36:53 - [TEST_STEP][PASSED] - setText(findTestObject("Modulo Pruebas SST/Creación_de_Matriz_de_Peligros/input_Fecha Vigencia_form_datosMatrizPeligrofechaVigencia_input"), "01/07/2021"): Text '01/07/2021' is set on object 'Object Repository/Modulo Pruebas SST/Creación_de_Matriz_de_Peligros/input_Fecha Vigencia_form_datosMatrizPeligrofechaVigencia_input'

2022-03-08 14:36:54 - [MESSAGE][PASSED] - Text '01/07/2021' is set on object 'Object Repository/Modulo Pruebas SST/Creación_de_Matriz_de_Peligros/input_Fecha Vigencia_form_datosMatrizPeligrofechaVigencia_input'

2022-03-08 14:36:54 - [TEST_STEP][PASSED] - click(findTestObject("Modulo Pruebas SST/Creación_de_Matriz_de_Peligros/a_Guardar")): Object: 'Object Repository/Modulo Pruebas SST/Creación_de_Matriz_de_Peligros/a_Guardar' is clicked on

2022-03-08 14:36:54 - [MESSAGE][PASSED] - Object: 'Object Repository/Modulo Pruebas SST/Creación_de_Matriz_de_Peligros/a_Guardar' is clicked on

2022-03-08 14:36:54 - [TEST_STEP][PASSED] - click(findTestObject("Modulo Pruebas SST/Creación_de_Matriz_de_Peligros/a_Actividades")): Object: 'Object Repository/Modulo Pruebas SST/Creación_de_Matriz_de_Peligros/a_Actividades' is clicked on

2022-03-08 14:36:56 - [MESSAGE][PASSED] - Object: 'Object Repository/Modulo Pruebas SST/Creación_de_Matriz_de_Peligros/a_Actividades' is clicked on

2022-03-08 14:36:56 - [TEST_STEP][PASSED] - click(findTestObject("Modulo Pruebas SST/Creación_de_Matriz_de_Peligros/a_Nuevo1")): Object: 'Object Repository/Modulo Pruebas SST/Creación_de_Matriz_de_Peligros/a_Nuevo1' is clicked on

2022-03-08 14:36:56 - [MESSAGE][PASSED] - Object: 'Object Repository/Modulo Pruebas SST/Creación_de_Matriz_de_Peligros/a_Nuevo1' is clicked on

2022-03-08 14:36:56 - [TEST_STEP][PASSED] - setText(findTestObject("Modulo Pruebas SST/Creación_de_Matriz_de_Peligros/input_Cdigo_form_datosActividadMatrizcodigo"), "1122334455"): Text '1122334455' is set on object 'Object Repository/Modulo Pruebas SST/Creación_de_Matriz_de_Peligros/input_Cdigo_form_datosActividadMatrizcodigo'

2022-03-08 14:36:57 - [MESSAGE][PASSED] - Text '1122334455' is set on object 'Object Repository/Modulo Pruebas SST/Creación_de_Matriz_de_Peligros/input_Cdigo_form_datosActividadMatrizcodigo'

2022-03-08 14:36:57 - [TEST_STEP][PASSED] - setText(findTestObject("Modulo Pruebas SST/Creación_de_Matriz_de_Peligros/textarea_Descripcin_form_datosActividadMatrizdescripcion"), "PRUEBAS K"): Text 'PRUEBAS K' is set on object 'Object Repository/Modulo Pruebas SST/Creación_de_Matriz_de_Peligros/textarea_Descripcin_form_datosActividadMatrizdescripcion'

2022-03-08 14:36:58 - [MESSAGE][PASSED] - Text 'PRUEBAS K' is set on object 'Object Repository/Modulo Pruebas SST/Creación_de_Matriz_de_Peligros/textarea_Descripcin_form_datosActividadMatrizdescripcion'

2022-03-08 14:36:58 - [TEST_STEP][PASSED] - selectOptionByIndex(findTestObject("Modulo Pruebas SST/Creación_de_Matriz_de_Peligros/select_SeleccionarNoSi"), 2): All options with index in [2] are selected on object 'Object Repository/Modulo Pruebas SST/Creación_de_Matriz_de_Peligros/select_SeleccionarNoSi'

2022-03-08 14:36:59 - [MESSAGE][PASSED] - All options with index in [2] are selected on object 'Object Repository/Modulo Pruebas SST/Creación_de_Matriz_de_Peligros/select_SeleccionarNoSi'

2022-03-08 14:36:59 - [TEST_STEP][PASSED] - click(findTestObject("Modulo Pruebas SST/Creación_de_Matriz_de_Peligros/a_Guardar")): Object: 'Object Repository/Modulo Pruebas SST/Creación_de_Matriz_de_Peligros/a_Guardar' is clicked on

2022-03-08 14:36:59 - [MESSAGE][PASSED] - Object: 'Object Repository/Modulo Pruebas SST/Creación_de_Matriz_de_Peligros/a_Guardar' is clicked on

2022-03-08 14:36:59 - [TEST_STEP][PASSED] - click(findTestObject("Modulo Pruebas SST/Creación_de_Matriz_de_Peligros/a_Nuevo2")): Object: 'Object Repository/Modulo Pruebas SST/Creación_de_Matriz_de_Peligros/a_Nuevo2' is clicked on

2022-03-08 14:37:01 - [MESSAGE][PASSED] - Object: 'Object Repository/Modulo Pruebas SST/Creación_de_Matriz_de_Peligros/a_Nuevo2' is clicked on

2022-03-08 14:37:01 - [TEST_STEP][PASSED] - setText(findTestObject("Modulo Pruebas SST/Creación_de_Matriz_de_Peligros/input_Cdigo_form_detalleTareaMatrizcodigoTar"), "66778899"): Text '66778899' is set on object 'Object Repository/Modulo Pruebas SST/Creación_de_Matriz_de_Peligros/input_Cdigo_form_detalleTareaMatrizcodigoTar'

2022-03-08 14:37:01 - [MESSAGE][PASSED] - Text '66778899' is set on object 'Object Repository/Modulo Pruebas SST/Creación_de_Matriz_de_Peligros/input_Cdigo_form_detalleTareaMatrizcodigoTar'

2022-03-08 14:37:01 - [TEST_STEP][PASSED] - setText(findTestObject("Modulo Pruebas SST/Creación_de_Matriz_de_Peligros/textarea_Descripcin_form_detalleTareaMatrizdescripcionTar"), "Pruebas k"): Text 'Pruebas k' is set on object 'Object Repository/Modulo Pruebas SST/Creación_de_Matriz_de_Peligros/textarea_Descripcin_form_detalleTareaMatrizdescripcionTar'

2022-03-08 14:37:03 - [MESSAGE][PASSED] - Text 'Pruebas k' is set on object 'Object Repository/Modulo Pruebas SST/Creación_de_Matriz_de_Peligros/textarea_Descripcin_form_detalleTareaMatrizdescripcionTar'

2022-03-08 14:37:03 - [TEST_STEP][PASSED] - click(findTestObject("Modulo Pruebas SST/Creación_de_Matriz_de_Peligros/a_Guardar")): Object: 'Object Repository/Modulo Pruebas SST/Creación_de_Matriz_de_Peligros/a_Guardar' is clicked on

2022-03-08 14:37:03 - [MESSAGE][PASSED] - Object: 'Object Repository/Modulo Pruebas SST/Creación_de_Matriz_de_Peligros/a_Guardar' is clicked on

2022-03-08 14:37:03 - [TEST_STEP][PASSED] - click(findTestObject("Modulo Pruebas SST/Creación_de_Matriz_de_Peligros/a_Nuevo3")): Object: 'Object Repository/Modulo Pruebas SST/Creación_de_Matriz_de_Peligros/a_Nuevo3' is clicked on

2022-03-08 14:37:04 - [MESSAGE][PASSED] - Object: 'Object Repository/Modulo Pruebas SST/Creación_de_Matriz_de_Peligros/a_Nuevo3' is clicked on

2022-03-08 14:37:04 - [TEST_STEP][PASSED] - selectOptionByIndex(findTestObject("Modulo Pruebas SST/Creación_de_Matriz_de_Peligros/select_SeleccionarFsicoPrueba cdigo repetidoCondiciones de SeguridadPsicosocialBiomecnicoAuditivoFenmenos NaturalesVisualMotriz"), "1"): All options with index in [1] are selected on object 'Object Repository/Modulo Pruebas SST/Creación_de_Matriz_de_Peligros/select_SeleccionarFsicoPrueba cdigo repetidoCondiciones de SeguridadPsicosocialBiomecnicoAuditivoFenmenos NaturalesVisualMotriz'

2022-03-08 14:37:05 - [MESSAGE][PASSED] - All options with index in [1] are selected on object 'Object Repository/Modulo Pruebas SST/Creación_de_Matriz_de_Peligros/select_SeleccionarFsicoPrueba cdigo repetidoCondiciones de SeguridadPsicosocialBiomecnicoAuditivoFenmenos NaturalesVisualMotriz'

2022-03-08 14:37:05 - [TEST_STEP][PASSED] - selectOptionByIndex(findTestObject("Modulo Pruebas SST/Creación_de_Matriz_de_Peligros/select_Seleccionar"), "1"): All options with index in [1] are selected on object 'Object Repository/Modulo Pruebas SST/Creación_de_Matriz_de_Peligros/select_Seleccionar'

2022-03-08 14:37:06 - [MESSAGE][PASSED] - All options with index in [1] are selected on object 'Object Repository/Modulo Pruebas SST/Creación_de_Matriz_de_Peligros/select_Seleccionar'

2022-03-08 14:37:06 - [TEST_STEP][PASSED] - setText(findTestObject("Modulo Pruebas SST/Creación_de_Matriz_de_Peligros/textarea_Efecto Posible_form_listadoPeligroListadoActividaddtabconsecuencia"), "prueba k"): Text 'prueba k' is set on object 'Object Repository/Modulo Pruebas SST/Creación_de_Matriz_de_Peligros/textarea_Efecto Posible_form_listadoPeligroListadoActividaddtabconsecuencia'

2022-03-08 14:37:07 - [MESSAGE][PASSED] - Text 'prueba k' is set on object 'Object Repository/Modulo Pruebas SST/Creación_de_Matriz_de_Peligros/textarea_Efecto Posible_form_listadoPeligroListadoActividaddtabconsecuencia'

2022-03-08 14:37:07 - [TEST_STEP][PASSED] - click(findTestObject("Modulo Pruebas SST/Creación_de_Matriz_de_Peligros/a_Guardar")): Object: 'Object Repository/Modulo Pruebas SST/Creación_de_Matriz_de_Peligros/a_Guardar' is clicked on

2022-03-08 14:37:07 - [MESSAGE][PASSED] - Object: 'Object Repository/Modulo Pruebas SST/Creación_de_Matriz_de_Peligros/a_Guardar' is clicked on

2022-03-08 14:37:07 - [TEST_STEP][PASSED] - click(findTestObject("Modulo Pruebas SST/Creación_de_Matriz_de_Peligros/a_Controles Existentes")): Object: 'Object Repository/Modulo Pruebas SST/Creación_de_Matriz_de_Peligros/a_Controles Existentes' is clicked on

2022-03-08 14:37:08 - [MESSAGE][PASSED] - Object: 'Object Repository/Modulo Pruebas SST/Creación_de_Matriz_de_Peligros/a_Controles Existentes' is clicked on

2022-03-08 14:37:08 - [TEST_STEP][PASSED] - click(findTestObject("Modulo Pruebas SST/Creación_de_Matriz_de_Peligros/a_Nuevo4")): Object: 'Object Repository/Modulo Pruebas SST/Creación_de_Matriz_de_Peligros/a_Nuevo4' is clicked on

2022-03-08 14:37:09 - [MESSAGE][PASSED] - Object: 'Object Repository/Modulo Pruebas SST/Creación_de_Matriz_de_Peligros/a_Nuevo4' is clicked on

2022-03-08 14:37:09 - [TEST_STEP][PASSED] - selectOptionByIndex(findTestObject("Modulo Pruebas SST/Creación_de_Matriz_de_Peligros/select_SeleccionarIndividuoFuenteMedio"), 1): All options with index in [1] are selected on object 'Object Repository/Modulo Pruebas SST/Creación_de_Matriz_de_Peligros/select_SeleccionarIndividuoFuenteMedio'

2022-03-08 14:37:10 - [MESSAGE][PASSED] - All options with index in [1] are selected on object 'Object Repository/Modulo Pruebas SST/Creación_de_Matriz_de_Peligros/select_SeleccionarIndividuoFuenteMedio'

2022-03-08 14:37:10 - [TEST_STEP][PASSED] - setText(findTestObject("Modulo Pruebas SST/Creación_de_Matriz_de_Peligros/textarea_Descripcin_form_listadoPeligroListadoActividaddtabdescripcionMedControl"), "pruebas k"): Text 'pruebas k' is set on object 'Object Repository/Modulo Pruebas SST/Creación_de_Matriz_de_Peligros/textarea_Descripcin_form_listadoPeligroListadoActividaddtabdescripcionMedControl'

2022-03-08 14:37:11 - [MESSAGE][PASSED] - Text 'pruebas k' is set on object 'Object Repository/Modulo Pruebas SST/Creación_de_Matriz_de_Peligros/textarea_Descripcin_form_listadoPeligroListadoActividaddtabdescripcionMedControl'

2022-03-08 14:37:11 - [TEST_STEP][PASSED] - click(findTestObject("Modulo Pruebas SST/Creación_de_Matriz_de_Peligros/a_Guardar4")): Object: 'Object Repository/Modulo Pruebas SST/Creación_de_Matriz_de_Peligros/a_Guardar4' is clicked on

2022-03-08 14:37:11 - [MESSAGE][PASSED] - Object: 'Object Repository/Modulo Pruebas SST/Creación_de_Matriz_de_Peligros/a_Guardar4' is clicked on

2022-03-08 14:37:11 - [TEST_STEP][PASSED] - click(findTestObject("Modulo Pruebas SST/Creación_de_Matriz_de_Peligros/a_Niveles de Riesgo")): Object: 'Object Repository/Modulo Pruebas SST/Creación_de_Matriz_de_Peligros/a_Niveles de Riesgo' is clicked on

2022-03-08 14:37:12 - [MESSAGE][PASSED] - Object: 'Object Repository/Modulo Pruebas SST/Creación_de_Matriz_de_Peligros/a_Niveles de Riesgo' is clicked on

2022-03-08 14:37:12 - [TEST_STEP][PASSED] - click(findTestObject("Modulo Pruebas SST/Creación_de_Matriz_de_Peligros/a_Nuevo6")): Object: 'Object Repository/Modulo Pruebas SST/Creación_de_Matriz_de_Peligros/a_Nuevo6' is clicked on

2022-03-08 14:37:13 - [MESSAGE][PASSED] - Object: 'Object Repository/Modulo Pruebas SST/Creación_de_Matriz_de_Peligros/a_Nuevo6' is clicked on

2022-03-08 14:37:13 - [TEST_STEP][PASSED] - setText(findTestObject("Modulo Pruebas SST/Creación_de_Matriz_de_Peligros/input_Fecha Original_form_l5"), "01/07/2021"): Text '01/07/2021' is set on object 'Object Repository/Modulo Pruebas SST/Creación_de_Matriz_de_Peligros/input_Fecha Original_form_l5'

2022-03-08 14:37:14 - [MESSAGE][PASSED] - Text '01/07/2021' is set on object 'Object Repository/Modulo Pruebas SST/Creación_de_Matriz_de_Peligros/input_Fecha Original_form_l5'

2022-03-08 14:37:14 - [TEST_STEP][PASSED] - selectOptionByIndex(findTestObject("Modulo Pruebas SST/Creación_de_Matriz_de_Peligros/select_SeleccionarBAJAMEDIAALTO"), "1"): All options with index in [1] are selected on object 'Object Repository/Modulo Pruebas SST/Creación_de_Matriz_de_Peligros/select_SeleccionarBAJAMEDIAALTO'

2022-03-08 14:37:15 - [MESSAGE][PASSED] - All options with index in [1] are selected on object 'Object Repository/Modulo Pruebas SST/Creación_de_Matriz_de_Peligros/select_SeleccionarBAJAMEDIAALTO'

2022-03-08 14:37:15 - [TEST_STEP][PASSED] - selectOptionByIndex(findTestObject("Modulo Pruebas SST/Creación_de_Matriz_de_Peligros/select_SeleccionarSiNoNo Aplica"), 1): All options with index in [1] are selected on object 'Object Repository/Modulo Pruebas SST/Creación_de_Matriz_de_Peligros/select_SeleccionarSiNoNo Aplica'

2022-03-08 14:37:16 - [MESSAGE][PASSED] - All options with index in [1] are selected on object 'Object Repository/Modulo Pruebas SST/Creación_de_Matriz_de_Peligros/select_SeleccionarSiNoNo Aplica'

2022-03-08 14:37:16 - [TEST_STEP][PASSED] - selectOptionByIndex(findTestObject("Modulo Pruebas SST/Creación_de_Matriz_de_Peligros/select_SeleccionarIIIIIIIV"), "1"): All options with index in [1] are selected on object 'Object Repository/Modulo Pruebas SST/Creación_de_Matriz_de_Peligros/select_SeleccionarIIIIIIIV'

2022-03-08 14:37:18 - [MESSAGE][PASSED] - All options with index in [1] are selected on object 'Object Repository/Modulo Pruebas SST/Creación_de_Matriz_de_Peligros/select_SeleccionarIIIIIIIV'

2022-03-08 14:37:18 - [TEST_STEP][PASSED] - click(findTestObject("Modulo Pruebas SST/Creación_de_Matriz_de_Peligros/a_Guardar6")): Object: 'Object Repository/Modulo Pruebas SST/Creación_de_Matriz_de_Peligros/a_Guardar6' is clicked on

2022-03-08 14:37:19 - [MESSAGE][PASSED] - Object: 'Object Repository/Modulo Pruebas SST/Creación_de_Matriz_de_Peligros/a_Guardar6' is clicked on

2022-03-08 14:37:19 - [TEST_STEP][PASSED] - click(findTestObject("Modulo Pruebas SST/Creación_de_Matriz_de_Peligros/a_Seguimiento")): Object: 'Object Repository/Modulo Pruebas SST/Creación_de_Matriz_de_Peligros/a_Seguimiento' is clicked on

2022-03-08 14:37:21 - [MESSAGE][PASSED] - Object: 'Object Repository/Modulo Pruebas SST/Creación_de_Matriz_de_Peligros/a_Seguimiento' is clicked on

2022-03-08 14:37:21 - [TEST_STEP][PASSED] - click(findTestObject("Modulo Pruebas SST/Creación_de_Matriz_de_Peligros/td_4")): Object: 'Object Repository/Modulo Pruebas SST/Creación_de_Matriz_de_Peligros/td_4' is clicked on

2022-03-08 14:37:21 - [MESSAGE][PASSED] - Object: 'Object Repository/Modulo Pruebas SST/Creación_de_Matriz_de_Peligros/td_4' is clicked on

2022-03-08 14:37:21 - [TEST_STEP][PASSED] - setText(findTestObject("Modulo Pruebas SST/Creación_de_Matriz_de_Peligros/input_Fecha de Seguimiento_form_listadoPeligroListadoActividaddtabtab2fechaSeguimiento_input"), "01/07/2021"): Text '01/07/2021' is set on object 'Object Repository/Modulo Pruebas SST/Creación_de_Matriz_de_Peligros/input_Fecha de Seguimiento_form_listadoPeligroListadoActividaddtabtab2fechaSeguimiento_input'

2022-03-08 14:37:22 - [MESSAGE][PASSED] - Text '01/07/2021' is set on object 'Object Repository/Modulo Pruebas SST/Creación_de_Matriz_de_Peligros/input_Fecha de Seguimiento_form_listadoPeligroListadoActividaddtabtab2fechaSeguimiento_input'

2022-03-08 14:37:22 - [TEST_STEP][PASSED] - selectOptionByIndex(findTestObject("Modulo Pruebas SST/Creación_de_Matriz_de_Peligros/select_SeleccionarBAJAMEDIAALTO2"), "3"): All options with index in [3] are selected on object 'Object Repository/Modulo Pruebas SST/Creación_de_Matriz_de_Peligros/select_SeleccionarBAJAMEDIAALTO2'

2022-03-08 14:37:23 - [MESSAGE][PASSED] - All options with index in [3] are selected on object 'Object Repository/Modulo Pruebas SST/Creación_de_Matriz_de_Peligros/select_SeleccionarBAJAMEDIAALTO2'

2022-03-08 14:37:23 - [TEST_STEP][PASSED] - selectOptionByIndex(findTestObject("Modulo Pruebas SST/Creación_de_Matriz_de_Peligros/select_SeleccionarSiNoNo Aplica2"), "1"): All options with index in [1] are selected on object 'Object Repository/Modulo Pruebas SST/Creación_de_Matriz_de_Peligros/select_SeleccionarSiNoNo Aplica2'

2022-03-08 14:37:25 - [MESSAGE][PASSED] - All options with index in [1] are selected on object 'Object Repository/Modulo Pruebas SST/Creación_de_Matriz_de_Peligros/select_SeleccionarSiNoNo Aplica2'

2022-03-08 14:37:25 - [TEST_STEP][PASSED] - selectOptionByIndex(findTestObject("Modulo Pruebas SST/Creación_de_Matriz_de_Peligros/select_SeleccionarIIIIIIIV2"), "1"): All options with index in [1] are selected on object 'Object Repository/Modulo Pruebas SST/Creación_de_Matriz_de_Peligros/select_SeleccionarIIIIIIIV2'

2022-03-08 14:37:27 - [MESSAGE][PASSED] - All options with index in [1] are selected on object 'Object Repository/Modulo Pruebas SST/Creación_de_Matriz_de_Peligros/select_SeleccionarIIIIIIIV2'

2022-03-08 14:37:27 - [TEST_STEP][PASSED] - click(findTestObject("Modulo Pruebas SST/Creación_de_Matriz_de_Peligros/a_Actualizar")): Object: 'Object Repository/Modulo Pruebas SST/Creación_de_Matriz_de_Peligros/a_Actualizar' is clicked on

2022-03-08 14:37:27 - [MESSAGE][PASSED] - Object: 'Object Repository/Modulo Pruebas SST/Creación_de_Matriz_de_Peligros/a_Actualizar' is clicked on

2022-03-08 14:37:27 - [TEST_STEP][PASSED] - click(findTestObject("Modulo Pruebas SST/Creación_de_Matriz_de_Peligros/a_Medida de intervencin")): Object: 'Object Repository/Modulo Pruebas SST/Creación_de_Matriz_de_Peligros/a_Medida de intervencin' is clicked on

2022-03-08 14:37:28 - [MESSAGE][PASSED] - Object: 'Object Repository/Modulo Pruebas SST/Creación_de_Matriz_de_Peligros/a_Medida de intervencin' is clicked on

2022-03-08 14:37:28 - [TEST_STEP][PASSED] - click(findTestObject("Modulo Pruebas SST/Creación_de_Matriz_de_Peligros/a_Nuevo7")): Object: 'Object Repository/Modulo Pruebas SST/Creación_de_Matriz_de_Peligros/a_Nuevo7' is clicked on

2022-03-08 14:37:28 - [MESSAGE][PASSED] - Object: 'Object Repository/Modulo Pruebas SST/Creación_de_Matriz_de_Peligros/a_Nuevo7' is clicked on

2022-03-08 14:37:28 - [TEST_STEP][PASSED] - selectOptionByIndex(findTestObject("Modulo Pruebas SST/Creación_de_Matriz_de_Peligros/select_SeleccionarPrevencin Nivel 1Prevencin Nivel 2Prevencin Nivel 3"), "1"): All options with index in [1] are selected on object 'Object Repository/Modulo Pruebas SST/Creación_de_Matriz_de_Peligros/select_SeleccionarPrevencin Nivel 1Prevencin Nivel 2Prevencin Nivel 3'

2022-03-08 14:37:30 - [MESSAGE][PASSED] - All options with index in [1] are selected on object 'Object Repository/Modulo Pruebas SST/Creación_de_Matriz_de_Peligros/select_SeleccionarPrevencin Nivel 1Prevencin Nivel 2Prevencin Nivel 3'

2022-03-08 14:37:30 - [TEST_STEP][PASSED] - setText(findTestObject("Modulo Pruebas SST/Creación_de_Matriz_de_Peligros/textarea_Descripcin_form_listadoPeligroListadoActividaddtabdescripcionMedInter"), "PRUEBAS K"): Text 'PRUEBAS K' is set on object 'Object Repository/Modulo Pruebas SST/Creación_de_Matriz_de_Peligros/textarea_Descripcin_form_listadoPeligroListadoActividaddtabdescripcionMedInter'

2022-03-08 14:37:31 - [MESSAGE][PASSED] - Text 'PRUEBAS K' is set on object 'Object Repository/Modulo Pruebas SST/Creación_de_Matriz_de_Peligros/textarea_Descripcin_form_listadoPeligroListadoActividaddtabdescripcionMedInter'

2022-03-08 14:37:31 - [TEST_STEP][PASSED] - setText(findTestObject("Modulo Pruebas SST/Creación_de_Matriz_de_Peligros/textarea_Recurso Inversin_form_listadoPeligroListadoActividaddtabrecuInvsMedInter"), "PRUEBAS K"): Text 'PRUEBAS K' is set on object 'Object Repository/Modulo Pruebas SST/Creación_de_Matriz_de_Peligros/textarea_Recurso Inversin_form_listadoPeligroListadoActividaddtabrecuInvsMedInter'

2022-03-08 14:37:32 - [MESSAGE][PASSED] - Text 'PRUEBAS K' is set on object 'Object Repository/Modulo Pruebas SST/Creación_de_Matriz_de_Peligros/textarea_Recurso Inversin_form_listadoPeligroListadoActividaddtabrecuInvsMedInter'

2022-03-08 14:37:32 - [TEST_STEP][PASSED] - click(findTestObject("Modulo Pruebas SST/Creación_de_Matriz_de_Peligros/a_Guardar8")): Object: 'Object Repository/Modulo Pruebas SST/Creación_de_Matriz_de_Peligros/a_Guardar8' is clicked on

2022-03-08 14:37:32 - [MESSAGE][PASSED] - Object: 'Object Repository/Modulo Pruebas SST/Creación_de_Matriz_de_Peligros/a_Guardar8' is clicked on

2022-03-08 14:37:32 - [TEST_STEP][PASSED] - click(findTestObject("Modulo Pruebas SST/Creación_de_Matriz_de_Peligros/a_Anexos")): Object: 'Object Repository/Modulo Pruebas SST/Creación_de_Matriz_de_Peligros/a_Anexos' is clicked on

2022-03-08 14:37:33 - [MESSAGE][PASSED] - Object: 'Object Repository/Modulo Pruebas SST/Creación_de_Matriz_de_Peligros/a_Anexos' is clicked on

2022-03-08 14:37:33 - [TEST_STEP][PASSED] - click(findTestObject("Modulo Pruebas SST/Creación_de_Matriz_de_Peligros/a_Descargar_form_listadoPeligroListadoActividaddtabtablaAnexosj_idt1133")): Object: 'Object Repository/Modulo Pruebas SST/Creación_de_Matriz_de_Peligros/a_Descargar_form_listadoPeligroListadoActividaddtabtablaAnexosj_idt1133' is clicked on

2022-03-08 14:37:33 - [MESSAGE][PASSED] - Object: 'Object Repository/Modulo Pruebas SST/Creación_de_Matriz_de_Peligros/a_Descargar_form_listadoPeligroListadoActividaddtabtablaAnexosj_idt1133' is clicked on

2022-03-08 14:37:33 - [TEST_STEP][PASSED] - ruta = G_rutaarchivos + "prueba.pdf": null

2022-03-08 14:37:33 - [TEST_STEP][PASSED] - uploadFile(findTestObject("Modulo Pruebas SST/Creación_de_Matriz_de_Peligros/input_Cargar Archivo_popupCargarArchivoForminputFileName_input"), ruta): File 'E:\unionweb14\prueba.pdf' sent to object: 'Object Repository/Modulo Pruebas SST/Creación_de_Matriz_de_Peligros/input_Cargar Archivo_popupCargarArchivoForminputFileName_input'

2022-03-08 14:37:34 - [MESSAGE][PASSED] - File 'E:\unionweb14\prueba.pdf' sent to object: 'Object Repository/Modulo Pruebas SST/Creación_de_Matriz_de_Peligros/input_Cargar Archivo_popupCargarArchivoForminputFileName_input'

2022-03-08 14:37:34 - [TEST_STEP][PASSED] - setText(findTestObject("Modulo Pruebas SST/Creación_de_Matriz_de_Peligros/input_Descargar_form_listadoPeligroListadoActividaddtabtablaAnexosdescripcionAnexo"), "Pruebas k"): Text 'Pruebas k' is set on object 'Object Repository/Modulo Pruebas SST/Creación_de_Matriz_de_Peligros/input_Descargar_form_listadoPeligroListadoActividaddtabtablaAnexosdescripcionAnexo'

2022-03-08 14:37:35 - [MESSAGE][PASSED] - Text 'Pruebas k' is set on object 'Object Repository/Modulo Pruebas SST/Creación_de_Matriz_de_Peligros/input_Descargar_form_listadoPeligroListadoActividaddtabtablaAnexosdescripcionAnexo'

2022-03-08 14:37:35 - [TEST_STEP][PASSED] - click(findTestObject("Modulo Pruebas SST/Creación_de_Matriz_de_Peligros/a_Descargar_form_listadoPeligroListadoActividaddtabtablaAnexosj_idt1140")): Object: 'Object Repository/Modulo Pruebas SST/Creación_de_Matriz_de_Peligros/a_Descargar_form_listadoPeligroListadoActividaddtabtablaAnexosj_idt1140' is clicked on

2022-03-08 14:37:36 - [MESSAGE][PASSED] - Object: 'Object Repository/Modulo Pruebas SST/Creación_de_Matriz_de_Peligros/a_Descargar_form_listadoPeligroListadoActividaddtabtablaAnexosj_idt1140' is clicked on

2022-03-08 14:37:36 - [TEST_STEP][PASSED] - click(findTestObject("Modulo Pruebas SST/Creación_de_Matriz_de_Peligros/a_Regresar al inicio")): Object: 'Object Repository/Modulo Pruebas SST/Creación_de_Matriz_de_Peligros/a_Regresar al inicio' is clicked on

2022-03-08 14:37:36 - [MESSAGE][PASSED] - Object: 'Object Repository/Modulo Pruebas SST/Creación_de_Matriz_de_Peligros/a_Regresar al inicio' is clicked on

2022-03-08 14:37:36 - [TEST_STEP][PASSED] - selectOptionByIndex(findTestObject("Modulo Pruebas SST/Creación_de_Matriz_de_Peligros/select_Periodo_principal"), 2): All options with index in [2] are selected on object 'Object Repository/Modulo Pruebas SST/Creación_de_Matriz_de_Peligros/select_Periodo_principal'

2022-03-08 14:37:40 - [MESSAGE][PASSED] - All options with index in [2] are selected on object 'Object Repository/Modulo Pruebas SST/Creación_de_Matriz_de_Peligros/select_Periodo_principal'

2022-03-08 14:37:40 - [TEST_STEP][PASSED] - selectOptionByIndex(findTestObject("Modulo Pruebas SST/Creación_de_Matriz_de_Peligros/select_Empresa_principal"), 1): All options with index in [1] are selected on object 'Object Repository/Modulo Pruebas SST/Creación_de_Matriz_de_Peligros/select_Empresa_principal'

2022-03-08 14:37:41 - [MESSAGE][PASSED] - All options with index in [1] are selected on object 'Object Repository/Modulo Pruebas SST/Creación_de_Matriz_de_Peligros/select_Empresa_principal'

2022-03-08 14:37:41 - [TEST_STEP][PASSED] - closeBrowser(): Browser is closed

2022-03-08 14:37:42 - [MESSAGE][PASSED] - Browser is closed]]></system-out>
         <system-err><![CDATA[]]></system-err>
      </testcase>
      <testcase name="Test Cases/5.1-Pruebas_SST/5.1.5-Diligenciar_una_inspección" time="49.048" classname="Test Cases/5.1-Pruebas_SST/5.1.5-Diligenciar_una_inspección" status="PASSED">
         <system-out><![CDATA[2022-03-08 14:37:42 - [TEST_CASE][PASSED] - Test Cases/5.1-Pruebas_SST/5.1.5-Diligenciar_una_inspección: Test Cases/5.1-Pruebas_SST/5.1.5-Diligenciar_una_inspección

2022-03-08 14:37:42 - [TEST_STEP][PASSED] - callTestCase(findTestCase("0.1-Login"), [:], STOP_ON_FAILURE): Call Test Case 'Test Cases/0.1-Login' successfully

2022-03-08 14:37:42 - [TEST_CASE][PASSED] - Test Cases/0.1-Login: Test Cases/0.1-Login

2022-03-08 14:37:42 - [TEST_STEP][PASSED] - openBrowser(""): Browser is opened with url: ''

2022-03-08 14:37:42 - [MESSAGE][INFO] - Starting 'Chrome' driver

2022-03-08 14:37:42 - [MESSAGE][INFO] - Action delay is set to 0 milliseconds

2022-03-08 14:37:44 - [MESSAGE][PASSED] - Browser is opened with url: ''

2022-03-08 14:37:44 - [TEST_STEP][PASSED] - maximizeWindow(): Current window maximized

2022-03-08 14:37:44 - [MESSAGE][PASSED] - Current window maximized

2022-03-08 14:37:44 - [TEST_STEP][PASSED] - i = G_Login: null

2022-03-08 14:37:44 - [TEST_STEP][PASSED] - url = new java.net.URL(i): null

2022-03-08 14:37:44 - [TEST_STEP][PASSED] - println("URL: " + url.toString()): null

2022-03-08 14:37:44 - [TEST_STEP][PASSED] - connection = url.openConnection(): null

2022-03-08 14:37:44 - [TEST_STEP][PASSED] - connection.setRequestMethod("GET"): null

2022-03-08 14:37:44 - [TEST_STEP][PASSED] - connection.setReadTimeout(2 * 1000): null

2022-03-08 14:37:44 - [TEST_STEP][PASSED] - try: null

2022-03-08 14:37:44 - [TEST_STEP][PASSED] - connection.connect(): null

2022-03-08 14:37:44 - [TEST_STEP][PASSED] - flag = connected: null

2022-03-08 14:37:44 - [TEST_STEP][PASSED] - println("Valor_ori: " + flag): null

2022-03-08 14:37:44 - [TEST_STEP][PASSED] - if (flag): null

2022-03-08 14:37:44 - [TEST_STEP][PASSED] - navigateToUrl(i): Navigate to 'http://192.168.2.80:8380/saraweb' successfully

2022-03-08 14:37:44 - [MESSAGE][PASSED] - Navigate to 'http://192.168.2.80:8380/saraweb' successfully

2022-03-08 14:37:44 - [TEST_STEP][PASSED] - a(): null

2022-03-08 14:37:44 - [TEST_STEP][PASSED] - setText(findTestObject("Login/input_USUARIO_loginusuario"), G_Usuario): Text 'saraadmin' is set on object 'Object Repository/Login/input_USUARIO_loginusuario'

2022-03-08 14:37:45 - [MESSAGE][PASSED] - Text 'saraadmin' is set on object 'Object Repository/Login/input_USUARIO_loginusuario'

2022-03-08 14:37:45 - [TEST_STEP][PASSED] - setEncryptedText(findTestObject("Login/input_CLAVE_loginpassword"), "MkG4/TYiCFC3cb2driP7+Q=="): Text ****** has been set on object 'Object Repository/Login/input_CLAVE_loginpassword'

2022-03-08 14:37:46 - [MESSAGE][PASSED] - Text ****** has been set on object 'Object Repository/Login/input_CLAVE_loginpassword'

2022-03-08 14:37:46 - [TEST_STEP][PASSED] - waitForElementClickable(findTestObject("Login/a_Ingresar"), G_TimeOut): Object 'Object Repository/Login/a_Ingresar' is clickable

2022-03-08 14:37:46 - [MESSAGE][PASSED] - Object 'Object Repository/Login/a_Ingresar' is clickable

2022-03-08 14:37:46 - [TEST_STEP][PASSED] - click(findTestObject("Login/a_Ingresar")): Object: 'Object Repository/Login/a_Ingresar' is clicked on

2022-03-08 14:37:47 - [MESSAGE][PASSED] - Object: 'Object Repository/Login/a_Ingresar' is clicked on

2022-03-08 14:37:47 - [TEST_STEP][PASSED] - element = findWebElement(findTestObject("Login/a_Ir"), 30): null

2022-03-08 14:37:48 - [TEST_STEP][PASSED] - executeJavaScript("arguments[0].click()", Arrays.asList(element)): Execute JavaScript 'arguments[0].click()' successfully

2022-03-08 14:37:48 - [MESSAGE][PASSED] - Execute JavaScript 'arguments[0].click()' successfully

2022-03-08 14:37:48 - [MESSAGE][PASSED] - Call Test Case 'Test Cases/0.1-Login' successfully

2022-03-08 14:37:48 - [TEST_STEP][PASSED] - setText(findTestObject("Modulo Pruebas SST/Diligenciar_una_inspección/input_ADMINISTRADOR DEL SISTEMA - SARA_form_templatej_idt24_input"), "Inspecciones"): Text 'Inspecciones' is set on object 'Object Repository/Modulo Pruebas SST/Diligenciar_una_inspección/input_ADMINISTRADOR DEL SISTEMA - SARA_form_templatej_idt24_input'

2022-03-08 14:37:50 - [MESSAGE][PASSED] - Text 'Inspecciones' is set on object 'Object Repository/Modulo Pruebas SST/Diligenciar_una_inspección/input_ADMINISTRADOR DEL SISTEMA - SARA_form_templatej_idt24_input'

2022-03-08 14:37:50 - [TEST_STEP][PASSED] - click(findTestObject("Modulo Pruebas SST/Diligenciar_una_inspección/li_Inspecciones (sst)")): Object: 'Object Repository/Modulo Pruebas SST/Diligenciar_una_inspección/li_Inspecciones (sst)' is clicked on

2022-03-08 14:37:52 - [MESSAGE][PASSED] - Object: 'Object Repository/Modulo Pruebas SST/Diligenciar_una_inspección/li_Inspecciones (sst)' is clicked on

2022-03-08 14:37:52 - [TEST_STEP][PASSED] - if (waitForElementPresent(findTestObject("Modulo Pruebas SST/Diligenciar_una_inspección/td_PRUEBAS KATALON"), 1)): null

2022-03-08 14:37:53 - [MESSAGE][PASSED] - Object 'Object Repository/Modulo Pruebas SST/Diligenciar_una_inspección/td_PRUEBAS KATALON' is present

2022-03-08 14:37:53 - [TEST_STEP][PASSED] - click(findTestObject("Modulo Pruebas SST/Diligenciar_una_inspección/td_PRUEBAS KATALON")): Object: 'Object Repository/Modulo Pruebas SST/Diligenciar_una_inspección/td_PRUEBAS KATALON' is clicked on

2022-03-08 14:37:54 - [MESSAGE][PASSED] - Object: 'Object Repository/Modulo Pruebas SST/Diligenciar_una_inspección/td_PRUEBAS KATALON' is clicked on

2022-03-08 14:37:54 - [TEST_STEP][PASSED] - click(findTestObject("Modulo Pruebas SST/Diligenciar_una_inspección/a_Programacin1")): Object: 'Object Repository/Modulo Pruebas SST/Diligenciar_una_inspección/a_Programacin1' is clicked on

2022-03-08 14:37:55 - [MESSAGE][PASSED] - Object: 'Object Repository/Modulo Pruebas SST/Diligenciar_una_inspección/a_Programacin1' is clicked on

2022-03-08 14:37:55 - [TEST_STEP][PASSED] - if (waitForElementPresent(findTestObject("Modulo Pruebas SST/Diligenciar_una_inspección/td_1010220596"), 1)): null

2022-03-08 14:37:56 - [MESSAGE][PASSED] - Object 'Object Repository/Modulo Pruebas SST/Diligenciar_una_inspección/td_1010220596' is present

2022-03-08 14:37:56 - [TEST_STEP][PASSED] - click(findTestObject("Modulo Pruebas SST/Diligenciar_una_inspección/td_1010220596")): Object: 'Object Repository/Modulo Pruebas SST/Diligenciar_una_inspección/td_1010220596' is clicked on

2022-03-08 14:37:56 - [MESSAGE][PASSED] - Object: 'Object Repository/Modulo Pruebas SST/Diligenciar_una_inspección/td_1010220596' is clicked on

2022-03-08 14:37:56 - [TEST_STEP][PASSED] - click(findTestObject("Modulo Pruebas SST/Diligenciar_una_inspección/a_Eliminar")): Object: 'Object Repository/Modulo Pruebas SST/Diligenciar_una_inspección/a_Eliminar' is clicked on

2022-03-08 14:37:58 - [MESSAGE][PASSED] - Object: 'Object Repository/Modulo Pruebas SST/Diligenciar_una_inspección/a_Eliminar' is clicked on

2022-03-08 14:37:58 - [TEST_STEP][PASSED] - click(findTestObject("Modulo Pruebas SST/Diligenciar_una_inspección/button_Si")): Object: 'Object Repository/Modulo Pruebas SST/Diligenciar_una_inspección/button_Si' is clicked on

2022-03-08 14:37:58 - [MESSAGE][PASSED] - Object: 'Object Repository/Modulo Pruebas SST/Diligenciar_una_inspección/button_Si' is clicked on

2022-03-08 14:37:58 - [TEST_STEP][PASSED] - click(findTestObject("Modulo Pruebas SST/Diligenciar_una_inspección/a_Detalle_principal")): Object: 'Object Repository/Modulo Pruebas SST/Diligenciar_una_inspección/a_Detalle_principal' is clicked on

2022-03-08 14:37:59 - [MESSAGE][PASSED] - Object: 'Object Repository/Modulo Pruebas SST/Diligenciar_una_inspección/a_Detalle_principal' is clicked on

2022-03-08 14:37:59 - [TEST_STEP][PASSED] - click(findTestObject("Modulo Pruebas SST/Diligenciar_una_inspección/a_Eliminar2")): Object: 'Object Repository/Modulo Pruebas SST/Diligenciar_una_inspección/a_Eliminar2' is clicked on

2022-03-08 14:38:00 - [MESSAGE][PASSED] - Object: 'Object Repository/Modulo Pruebas SST/Diligenciar_una_inspección/a_Eliminar2' is clicked on

2022-03-08 14:38:00 - [TEST_STEP][PASSED] - click(findTestObject("Modulo Pruebas SST/Diligenciar_una_inspección/a_Aceptar2")): Object: 'Object Repository/Modulo Pruebas SST/Diligenciar_una_inspección/a_Aceptar2' is clicked on

2022-03-08 14:38:01 - [MESSAGE][PASSED] - Object: 'Object Repository/Modulo Pruebas SST/Diligenciar_una_inspección/a_Aceptar2' is clicked on

2022-03-08 14:38:01 - [TEST_STEP][PASSED] - click(findTestObject("Modulo Pruebas SST/Diligenciar_una_inspección/a_Nuevo")): Object: 'Object Repository/Modulo Pruebas SST/Diligenciar_una_inspección/a_Nuevo' is clicked on

2022-03-08 14:38:01 - [MESSAGE][PASSED] - Object: 'Object Repository/Modulo Pruebas SST/Diligenciar_una_inspección/a_Nuevo' is clicked on

2022-03-08 14:38:01 - [TEST_STEP][PASSED] - setText(findTestObject("Modulo Pruebas SST/Diligenciar_una_inspección/textarea_Descripcin_form_datobasicoinspecciondescripcion"), "PRUEBAS KATALON"): Text 'PRUEBAS KATALON' is set on object 'Object Repository/Modulo Pruebas SST/Diligenciar_una_inspección/textarea_Descripcin_form_datobasicoinspecciondescripcion'

2022-03-08 14:38:02 - [MESSAGE][PASSED] - Text 'PRUEBAS KATALON' is set on object 'Object Repository/Modulo Pruebas SST/Diligenciar_una_inspección/textarea_Descripcin_form_datobasicoinspecciondescripcion'

2022-03-08 14:38:02 - [TEST_STEP][PASSED] - selectOptionByIndex(findTestObject("Modulo Pruebas SST/Diligenciar_una_inspección/select_SeleccionarDe rea o punto crticoNo planeadaPlaneada"), 1): All options with index in [1] are selected on object 'Object Repository/Modulo Pruebas SST/Diligenciar_una_inspección/select_SeleccionarDe rea o punto crticoNo planeadaPlaneada'

2022-03-08 14:38:03 - [MESSAGE][PASSED] - All options with index in [1] are selected on object 'Object Repository/Modulo Pruebas SST/Diligenciar_una_inspección/select_SeleccionarDe rea o punto crticoNo planeadaPlaneada'

2022-03-08 14:38:03 - [TEST_STEP][PASSED] - selectOptionByIndex(findTestObject("Modulo Pruebas SST/Diligenciar_una_inspección/select_SeleccionarSEDE NORTESEDE OCCIDENTESEDE SUR"), 1): All options with index in [1] are selected on object 'Object Repository/Modulo Pruebas SST/Diligenciar_una_inspección/select_SeleccionarSEDE NORTESEDE OCCIDENTESEDE SUR'

2022-03-08 14:38:04 - [MESSAGE][PASSED] - All options with index in [1] are selected on object 'Object Repository/Modulo Pruebas SST/Diligenciar_una_inspección/select_SeleccionarSEDE NORTESEDE OCCIDENTESEDE SUR'

2022-03-08 14:38:04 - [TEST_STEP][PASSED] - selectOptionByIndex(findTestObject("Modulo Pruebas SST/Diligenciar_una_inspección/select_SeleccionarMENSUALBIMESTRALANUALSEMANALTRIMESTRALSEMESTRALDIARIA"), 1): All options with index in [1] are selected on object 'Object Repository/Modulo Pruebas SST/Diligenciar_una_inspección/select_SeleccionarMENSUALBIMESTRALANUALSEMANALTRIMESTRALSEMESTRALDIARIA'

2022-03-08 14:38:05 - [MESSAGE][PASSED] - All options with index in [1] are selected on object 'Object Repository/Modulo Pruebas SST/Diligenciar_una_inspección/select_SeleccionarMENSUALBIMESTRALANUALSEMANALTRIMESTRALSEMESTRALDIARIA'

2022-03-08 14:38:05 - [TEST_STEP][PASSED] - setText(findTestObject("Modulo Pruebas SST/Diligenciar_una_inspección/input_Fecha Inicial_form_datobasicoinspeccionfechaInPeriodicidad_input"), "01/07/2021"): Text '01/07/2021' is set on object 'Object Repository/Modulo Pruebas SST/Diligenciar_una_inspección/input_Fecha Inicial_form_datobasicoinspeccionfechaInPeriodicidad_input'

2022-03-08 14:38:07 - [MESSAGE][PASSED] - Text '01/07/2021' is set on object 'Object Repository/Modulo Pruebas SST/Diligenciar_una_inspección/input_Fecha Inicial_form_datobasicoinspeccionfechaInPeriodicidad_input'

2022-03-08 14:38:07 - [TEST_STEP][PASSED] - setText(findTestObject("Modulo Pruebas SST/Diligenciar_una_inspección/input_Fecha Final_form_datobasicoinspeccionfechaFnPeriodicidad_input"), "10/07/2021"): Text '10/07/2021' is set on object 'Object Repository/Modulo Pruebas SST/Diligenciar_una_inspección/input_Fecha Final_form_datobasicoinspeccionfechaFnPeriodicidad_input'

2022-03-08 14:38:08 - [MESSAGE][PASSED] - Text '10/07/2021' is set on object 'Object Repository/Modulo Pruebas SST/Diligenciar_una_inspección/input_Fecha Final_form_datobasicoinspeccionfechaFnPeriodicidad_input'

2022-03-08 14:38:08 - [TEST_STEP][PASSED] - click(findTestObject("Modulo Pruebas SST/Diligenciar_una_inspección/a_Responsable_form_datobasicoinspeccionj_idt599")): Object: 'Object Repository/Modulo Pruebas SST/Diligenciar_una_inspección/a_Responsable_form_datobasicoinspeccionj_idt599' is clicked on

2022-03-08 14:38:09 - [MESSAGE][PASSED] - Object: 'Object Repository/Modulo Pruebas SST/Diligenciar_una_inspección/a_Responsable_form_datobasicoinspeccionj_idt599' is clicked on

2022-03-08 14:38:09 - [TEST_STEP][PASSED] - setText(findTestObject("Modulo Pruebas SST/Diligenciar_una_inspección/input_Filtro Hoja de Vida_formPopupHojaVidaj_idt895"), "A A A"): Text 'A A A' is set on object 'Object Repository/Modulo Pruebas SST/Diligenciar_una_inspección/input_Filtro Hoja de Vida_formPopupHojaVidaj_idt895'

2022-03-08 14:38:09 - [MESSAGE][PASSED] - Text 'A A A' is set on object 'Object Repository/Modulo Pruebas SST/Diligenciar_una_inspección/input_Filtro Hoja de Vida_formPopupHojaVidaj_idt895'

2022-03-08 14:38:09 - [TEST_STEP][PASSED] - sendKeys(findTestObject("Modulo Pruebas SST/Diligenciar_una_inspección/input_Filtro Hoja de Vida_formPopupHojaVidaj_idt895"), Keys.chord(ENTER)): Keys 'ENTER + ' sent to object: 'Object Repository/Modulo Pruebas SST/Diligenciar_una_inspección/input_Filtro Hoja de Vida_formPopupHojaVidaj_idt895'

2022-03-08 14:38:10 - [MESSAGE][PASSED] - Keys 'ENTER + ' sent to object: 'Object Repository/Modulo Pruebas SST/Diligenciar_una_inspección/input_Filtro Hoja de Vida_formPopupHojaVidaj_idt895'

2022-03-08 14:38:10 - [TEST_STEP][PASSED] - click(findTestObject("Modulo Pruebas SST/Diligenciar_una_inspección/span_A A A")): Object: 'Object Repository/Modulo Pruebas SST/Diligenciar_una_inspección/span_A A A' is clicked on

2022-03-08 14:38:11 - [MESSAGE][PASSED] - Object: 'Object Repository/Modulo Pruebas SST/Diligenciar_una_inspección/span_A A A' is clicked on

2022-03-08 14:38:11 - [TEST_STEP][PASSED] - selectOptionByIndex(findTestObject("Modulo Pruebas SST/Diligenciar_una_inspección/select_Seleccionar001002003GESTIN HSE1"), 1): All options with index in [1] are selected on object 'Object Repository/Modulo Pruebas SST/Diligenciar_una_inspección/select_Seleccionar001002003GESTIN HSE1'

2022-03-08 14:38:12 - [MESSAGE][PASSED] - All options with index in [1] are selected on object 'Object Repository/Modulo Pruebas SST/Diligenciar_una_inspección/select_Seleccionar001002003GESTIN HSE1'

2022-03-08 14:38:12 - [TEST_STEP][PASSED] - click(findTestObject("Modulo Pruebas SST/Diligenciar_una_inspección/a_Formulario_form_datobasicoinspeccionj_idt6181")): Object: 'Object Repository/Modulo Pruebas SST/Diligenciar_una_inspección/a_Formulario_form_datobasicoinspeccionj_idt6181' is clicked on

2022-03-08 14:38:13 - [MESSAGE][PASSED] - Object: 'Object Repository/Modulo Pruebas SST/Diligenciar_una_inspección/a_Formulario_form_datobasicoinspeccionj_idt6181' is clicked on

2022-03-08 14:38:13 - [TEST_STEP][PASSED] - setText(findTestObject("Modulo Pruebas SST/Diligenciar_una_inspección/input_Filtro Hoja de Vida_formPopupHojaVidaj_idt8951"), " A A A"): Text ' A A A' is set on object 'Object Repository/Modulo Pruebas SST/Diligenciar_una_inspección/input_Filtro Hoja de Vida_formPopupHojaVidaj_idt8951'

2022-03-08 14:38:15 - [MESSAGE][PASSED] - Text ' A A A' is set on object 'Object Repository/Modulo Pruebas SST/Diligenciar_una_inspección/input_Filtro Hoja de Vida_formPopupHojaVidaj_idt8951'

2022-03-08 14:38:15 - [TEST_STEP][PASSED] - sendKeys(findTestObject("Modulo Pruebas SST/Diligenciar_una_inspección/input_Filtro Hoja de Vida_formPopupHojaVidaj_idt8951"), Keys.chord(ENTER)): Keys 'ENTER + ' sent to object: 'Object Repository/Modulo Pruebas SST/Diligenciar_una_inspección/input_Filtro Hoja de Vida_formPopupHojaVidaj_idt8951'

2022-03-08 14:38:16 - [MESSAGE][PASSED] - Keys 'ENTER + ' sent to object: 'Object Repository/Modulo Pruebas SST/Diligenciar_una_inspección/input_Filtro Hoja de Vida_formPopupHojaVidaj_idt8951'

2022-03-08 14:38:16 - [TEST_STEP][PASSED] - click(findTestObject("Modulo Pruebas SST/Diligenciar_una_inspección/span_A A A")): Object: 'Object Repository/Modulo Pruebas SST/Diligenciar_una_inspección/span_A A A' is clicked on

2022-03-08 14:38:16 - [MESSAGE][PASSED] - Object: 'Object Repository/Modulo Pruebas SST/Diligenciar_una_inspección/span_A A A' is clicked on

2022-03-08 14:38:16 - [TEST_STEP][PASSED] - setText(findTestObject("Modulo Pruebas SST/Diligenciar_una_inspección/input_Fecha_form_datobasicoinspeccionfecha_input"), "01/07/2021"): Text '01/07/2021' is set on object 'Object Repository/Modulo Pruebas SST/Diligenciar_una_inspección/input_Fecha_form_datobasicoinspeccionfecha_input'

2022-03-08 14:38:18 - [MESSAGE][PASSED] - Text '01/07/2021' is set on object 'Object Repository/Modulo Pruebas SST/Diligenciar_una_inspección/input_Fecha_form_datobasicoinspeccionfecha_input'

2022-03-08 14:38:18 - [TEST_STEP][PASSED] - click(findTestObject("Modulo Pruebas SST/Diligenciar_una_inspección/a_Guardar")): Object: 'Object Repository/Modulo Pruebas SST/Diligenciar_una_inspección/a_Guardar' is clicked on

2022-03-08 14:38:18 - [MESSAGE][PASSED] - Object: 'Object Repository/Modulo Pruebas SST/Diligenciar_una_inspección/a_Guardar' is clicked on

2022-03-08 14:38:18 - [TEST_STEP][PASSED] - click(findTestObject("Modulo Pruebas SST/Diligenciar_una_inspección/a_Programacin")): Object: 'Object Repository/Modulo Pruebas SST/Diligenciar_una_inspección/a_Programacin' is clicked on

2022-03-08 14:38:20 - [MESSAGE][PASSED] - Object: 'Object Repository/Modulo Pruebas SST/Diligenciar_una_inspección/a_Programacin' is clicked on

2022-03-08 14:38:20 - [TEST_STEP][PASSED] - click(findTestObject("Modulo Pruebas SST/Diligenciar_una_inspección/a_Nuevo1")): Object: 'Object Repository/Modulo Pruebas SST/Diligenciar_una_inspección/a_Nuevo1' is clicked on

2022-03-08 14:38:21 - [MESSAGE][PASSED] - Object: 'Object Repository/Modulo Pruebas SST/Diligenciar_una_inspección/a_Nuevo1' is clicked on

2022-03-08 14:38:21 - [TEST_STEP][PASSED] - click(findTestObject("Modulo Pruebas SST/Diligenciar_una_inspección/a_Responsable_form_detalleProgramacionXj_idt714")): Object: 'Object Repository/Modulo Pruebas SST/Diligenciar_una_inspección/a_Responsable_form_detalleProgramacionXj_idt714' is clicked on

2022-03-08 14:38:21 - [MESSAGE][PASSED] - Object: 'Object Repository/Modulo Pruebas SST/Diligenciar_una_inspección/a_Responsable_form_detalleProgramacionXj_idt714' is clicked on

2022-03-08 14:38:21 - [TEST_STEP][PASSED] - setText(findTestObject("Modulo Pruebas SST/Diligenciar_una_inspección/input_Filtro Hoja de Vida_formPopupHojaVidaj_idt8953"), "A A A"): Text 'A A A' is set on object 'Object Repository/Modulo Pruebas SST/Diligenciar_una_inspección/input_Filtro Hoja de Vida_formPopupHojaVidaj_idt8953'

2022-03-08 14:38:22 - [MESSAGE][PASSED] - Text 'A A A' is set on object 'Object Repository/Modulo Pruebas SST/Diligenciar_una_inspección/input_Filtro Hoja de Vida_formPopupHojaVidaj_idt8953'

2022-03-08 14:38:22 - [TEST_STEP][PASSED] - sendKeys(findTestObject("Modulo Pruebas SST/Diligenciar_una_inspección/input_Filtro Hoja de Vida_formPopupHojaVidaj_idt8953"), Keys.chord(ENTER)): Keys 'ENTER + ' sent to object: 'Object Repository/Modulo Pruebas SST/Diligenciar_una_inspección/input_Filtro Hoja de Vida_formPopupHojaVidaj_idt8953'

2022-03-08 14:38:23 - [MESSAGE][PASSED] - Keys 'ENTER + ' sent to object: 'Object Repository/Modulo Pruebas SST/Diligenciar_una_inspección/input_Filtro Hoja de Vida_formPopupHojaVidaj_idt8953'

2022-03-08 14:38:23 - [TEST_STEP][PASSED] - click(findTestObject("Modulo Pruebas SST/Diligenciar_una_inspección/span_A A A3")): Object: 'Object Repository/Modulo Pruebas SST/Diligenciar_una_inspección/span_A A A3' is clicked on

2022-03-08 14:38:24 - [MESSAGE][PASSED] - Object: 'Object Repository/Modulo Pruebas SST/Diligenciar_una_inspección/span_A A A3' is clicked on

2022-03-08 14:38:24 - [TEST_STEP][PASSED] - setText(findTestObject("Modulo Pruebas SST/Diligenciar_una_inspección/input_Fecha Programacin_form_detalleProgramacionXprogramacionf_input"), "01/07/2021"): Text '01/07/2021' is set on object 'Object Repository/Modulo Pruebas SST/Diligenciar_una_inspección/input_Fecha Programacin_form_detalleProgramacionXprogramacionf_input'

2022-03-08 14:38:25 - [MESSAGE][PASSED] - Text '01/07/2021' is set on object 'Object Repository/Modulo Pruebas SST/Diligenciar_una_inspección/input_Fecha Programacin_form_detalleProgramacionXprogramacionf_input'

2022-03-08 14:38:25 - [TEST_STEP][PASSED] - setText(findTestObject("Modulo Pruebas SST/Diligenciar_una_inspección/input_Nmero_form_detalleProgramacionXnumero"), "5"): Text '5' is set on object 'Object Repository/Modulo Pruebas SST/Diligenciar_una_inspección/input_Nmero_form_detalleProgramacionXnumero'

2022-03-08 14:38:26 - [MESSAGE][PASSED] - Text '5' is set on object 'Object Repository/Modulo Pruebas SST/Diligenciar_una_inspección/input_Nmero_form_detalleProgramacionXnumero'

2022-03-08 14:38:26 - [TEST_STEP][PASSED] - click(findTestObject("Modulo Pruebas SST/Diligenciar_una_inspección/a_Guardar1")): Object: 'Object Repository/Modulo Pruebas SST/Diligenciar_una_inspección/a_Guardar1' is clicked on

2022-03-08 14:38:27 - [MESSAGE][PASSED] - Object: 'Object Repository/Modulo Pruebas SST/Diligenciar_una_inspección/a_Guardar1' is clicked on

2022-03-08 14:38:27 - [TEST_STEP][PASSED] - click(findTestObject("Modulo Pruebas SST/Diligenciar_una_inspección/a_Evidencias")): Object: 'Object Repository/Modulo Pruebas SST/Diligenciar_una_inspección/a_Evidencias' is clicked on

2022-03-08 14:38:27 - [MESSAGE][PASSED] - Object: 'Object Repository/Modulo Pruebas SST/Diligenciar_una_inspección/a_Evidencias' is clicked on

2022-03-08 14:38:27 - [TEST_STEP][PASSED] - click(findTestObject("Modulo Pruebas SST/Diligenciar_una_inspección/a_subir")): Object: 'Object Repository/Modulo Pruebas SST/Diligenciar_una_inspección/a_subir' is clicked on

2022-03-08 14:38:28 - [MESSAGE][PASSED] - Object: 'Object Repository/Modulo Pruebas SST/Diligenciar_una_inspección/a_subir' is clicked on

2022-03-08 14:38:28 - [TEST_STEP][PASSED] - ruta = G_rutaarchivos + "prueba.pdf": null

2022-03-08 14:38:28 - [TEST_STEP][PASSED] - uploadFile(findTestObject("Modulo Pruebas SST/Diligenciar_una_inspección/input_Cargar Archivo_popupCargarArchivoForminputFileName_input"), ruta): File 'E:\unionweb14\prueba.pdf' sent to object: 'Object Repository/Modulo Pruebas SST/Diligenciar_una_inspección/input_Cargar Archivo_popupCargarArchivoForminputFileName_input'

2022-03-08 14:38:29 - [MESSAGE][PASSED] - File 'E:\unionweb14\prueba.pdf' sent to object: 'Object Repository/Modulo Pruebas SST/Diligenciar_una_inspección/input_Cargar Archivo_popupCargarArchivoForminputFileName_input'

2022-03-08 14:38:29 - [TEST_STEP][PASSED] - setText(findTestObject("Modulo Pruebas SST/Diligenciar_una_inspección/input_Descargar_form_evidenciastabladescripcion"), "pruebas k"): Text 'pruebas k' is set on object 'Object Repository/Modulo Pruebas SST/Diligenciar_una_inspección/input_Descargar_form_evidenciastabladescripcion'

2022-03-08 14:38:30 - [MESSAGE][PASSED] - Text 'pruebas k' is set on object 'Object Repository/Modulo Pruebas SST/Diligenciar_una_inspección/input_Descargar_form_evidenciastabladescripcion'

2022-03-08 14:38:30 - [TEST_STEP][PASSED] - click(findTestObject("Modulo Pruebas SST/Diligenciar_una_inspección/a_Descargar_form_evidenciastablaj_idt776")): Object: 'Object Repository/Modulo Pruebas SST/Diligenciar_una_inspección/a_Descargar_form_evidenciastablaj_idt776' is clicked on

2022-03-08 14:38:30 - [MESSAGE][PASSED] - Object: 'Object Repository/Modulo Pruebas SST/Diligenciar_una_inspección/a_Descargar_form_evidenciastablaj_idt776' is clicked on

2022-03-08 14:38:30 - [TEST_STEP][PASSED] - closeBrowser(): Browser is closed

2022-03-08 14:38:31 - [MESSAGE][PASSED] - Browser is closed]]></system-out>
         <system-err><![CDATA[]]></system-err>
      </testcase>
      <testcase name="Test Cases/5.1-Pruebas_SST/5.1.6-Crear_una_entidad_de_riesgo_sst" time="68.254" classname="Test Cases/5.1-Pruebas_SST/5.1.6-Crear_una_entidad_de_riesgo_sst" status="PASSED">
         <system-out><![CDATA[2022-03-08 14:38:31 - [TEST_CASE][PASSED] - Test Cases/5.1-Pruebas_SST/5.1.6-Crear_una_entidad_de_riesgo_sst: Test Cases/5.1-Pruebas_SST/5.1.6-Crear_una_entidad_de_riesgo_sst

2022-03-08 14:38:31 - [TEST_STEP][PASSED] - callTestCase(findTestCase("0.1-Login"), [:], STOP_ON_FAILURE): Call Test Case 'Test Cases/0.1-Login' successfully

2022-03-08 14:38:31 - [TEST_CASE][PASSED] - Test Cases/0.1-Login: Test Cases/0.1-Login

2022-03-08 14:38:31 - [TEST_STEP][PASSED] - openBrowser(""): Browser is opened with url: ''

2022-03-08 14:38:31 - [MESSAGE][INFO] - Starting 'Chrome' driver

2022-03-08 14:38:31 - [MESSAGE][INFO] - Action delay is set to 0 milliseconds

2022-03-08 14:38:33 - [MESSAGE][PASSED] - Browser is opened with url: ''

2022-03-08 14:38:33 - [TEST_STEP][PASSED] - maximizeWindow(): Current window maximized

2022-03-08 14:38:33 - [MESSAGE][PASSED] - Current window maximized

2022-03-08 14:38:33 - [TEST_STEP][PASSED] - i = G_Login: null

2022-03-08 14:38:33 - [TEST_STEP][PASSED] - url = new java.net.URL(i): null

2022-03-08 14:38:33 - [TEST_STEP][PASSED] - println("URL: " + url.toString()): null

2022-03-08 14:38:33 - [TEST_STEP][PASSED] - connection = url.openConnection(): null

2022-03-08 14:38:33 - [TEST_STEP][PASSED] - connection.setRequestMethod("GET"): null

2022-03-08 14:38:33 - [TEST_STEP][PASSED] - connection.setReadTimeout(2 * 1000): null

2022-03-08 14:38:33 - [TEST_STEP][PASSED] - try: null

2022-03-08 14:38:33 - [TEST_STEP][PASSED] - connection.connect(): null

2022-03-08 14:38:33 - [TEST_STEP][PASSED] - flag = connected: null

2022-03-08 14:38:33 - [TEST_STEP][PASSED] - println("Valor_ori: " + flag): null

2022-03-08 14:38:33 - [TEST_STEP][PASSED] - if (flag): null

2022-03-08 14:38:33 - [TEST_STEP][PASSED] - navigateToUrl(i): Navigate to 'http://192.168.2.80:8380/saraweb' successfully

2022-03-08 14:38:33 - [MESSAGE][PASSED] - Navigate to 'http://192.168.2.80:8380/saraweb' successfully

2022-03-08 14:38:33 - [TEST_STEP][PASSED] - a(): null

2022-03-08 14:38:33 - [TEST_STEP][PASSED] - setText(findTestObject("Login/input_USUARIO_loginusuario"), G_Usuario): Text 'saraadmin' is set on object 'Object Repository/Login/input_USUARIO_loginusuario'

2022-03-08 14:38:34 - [MESSAGE][PASSED] - Text 'saraadmin' is set on object 'Object Repository/Login/input_USUARIO_loginusuario'

2022-03-08 14:38:34 - [TEST_STEP][PASSED] - setEncryptedText(findTestObject("Login/input_CLAVE_loginpassword"), "MkG4/TYiCFC3cb2driP7+Q=="): Text ****** has been set on object 'Object Repository/Login/input_CLAVE_loginpassword'

2022-03-08 14:38:35 - [MESSAGE][PASSED] - Text ****** has been set on object 'Object Repository/Login/input_CLAVE_loginpassword'

2022-03-08 14:38:35 - [TEST_STEP][PASSED] - waitForElementClickable(findTestObject("Login/a_Ingresar"), G_TimeOut): Object 'Object Repository/Login/a_Ingresar' is clickable

2022-03-08 14:38:36 - [MESSAGE][PASSED] - Object 'Object Repository/Login/a_Ingresar' is clickable

2022-03-08 14:38:36 - [TEST_STEP][PASSED] - click(findTestObject("Login/a_Ingresar")): Object: 'Object Repository/Login/a_Ingresar' is clicked on

2022-03-08 14:38:39 - [MESSAGE][PASSED] - Object: 'Object Repository/Login/a_Ingresar' is clicked on

2022-03-08 14:38:39 - [TEST_STEP][PASSED] - element = findWebElement(findTestObject("Login/a_Ir"), 30): null

2022-03-08 14:38:40 - [TEST_STEP][PASSED] - executeJavaScript("arguments[0].click()", Arrays.asList(element)): Execute JavaScript 'arguments[0].click()' successfully

2022-03-08 14:38:40 - [MESSAGE][PASSED] - Execute JavaScript 'arguments[0].click()' successfully

2022-03-08 14:38:40 - [MESSAGE][PASSED] - Call Test Case 'Test Cases/0.1-Login' successfully

2022-03-08 14:38:40 - [TEST_STEP][PASSED] - setText(findTestObject("Modulo Pruebas SST/Reporte_de_accidente_de_trabajo/input_ADMINISTRADOR DEL SISTEMA - SARA_form_templatej_idt24_input"), "entidades riesgo"): Text 'entidades riesgo' is set on object 'Object Repository/Modulo Pruebas SST/Reporte_de_accidente_de_trabajo/input_ADMINISTRADOR DEL SISTEMA - SARA_form_templatej_idt24_input'

2022-03-08 14:38:41 - [MESSAGE][PASSED] - Text 'entidades riesgo' is set on object 'Object Repository/Modulo Pruebas SST/Reporte_de_accidente_de_trabajo/input_ADMINISTRADOR DEL SISTEMA - SARA_form_templatej_idt24_input'

2022-03-08 14:38:41 - [TEST_STEP][PASSED] - delay(2): Delayed 2 second(s)

2022-03-08 14:38:44 - [MESSAGE][PASSED] - Delayed 2 second(s)

2022-03-08 14:38:44 - [TEST_STEP][PASSED] - click(findTestObject("Modulo Pruebas SST/Crear_una_entidad_de_riesgo_sst/li_Entidades Riesgo (sst)")): Object: 'Object Repository/Modulo Pruebas SST/Crear_una_entidad_de_riesgo_sst/li_Entidades Riesgo (sst)' is clicked on

2022-03-08 14:38:45 - [MESSAGE][PASSED] - Object: 'Object Repository/Modulo Pruebas SST/Crear_una_entidad_de_riesgo_sst/li_Entidades Riesgo (sst)' is clicked on

2022-03-08 14:38:45 - [TEST_STEP][PASSED] - setText(findTestObject("Modulo Pruebas SST/Crear_una_entidad_de_riesgo_sst/input_Nombre_form_entidadRiesgoj_idt59"), "pruebas k"): Text 'pruebas k' is set on object 'Object Repository/Modulo Pruebas SST/Crear_una_entidad_de_riesgo_sst/input_Nombre_form_entidadRiesgoj_idt59'

2022-03-08 14:38:46 - [MESSAGE][PASSED] - Text 'pruebas k' is set on object 'Object Repository/Modulo Pruebas SST/Crear_una_entidad_de_riesgo_sst/input_Nombre_form_entidadRiesgoj_idt59'

2022-03-08 14:38:46 - [TEST_STEP][PASSED] - sendKeys(findTestObject("Modulo Pruebas SST/Crear_una_entidad_de_riesgo_sst/input_Nombre_form_entidadRiesgoj_idt59"), Keys.chord(ENTER)): Keys 'ENTER + ' sent to object: 'Object Repository/Modulo Pruebas SST/Crear_una_entidad_de_riesgo_sst/input_Nombre_form_entidadRiesgoj_idt59'

2022-03-08 14:38:46 - [MESSAGE][PASSED] - Keys 'ENTER + ' sent to object: 'Object Repository/Modulo Pruebas SST/Crear_una_entidad_de_riesgo_sst/input_Nombre_form_entidadRiesgoj_idt59'

2022-03-08 14:38:46 - [TEST_STEP][PASSED] - if (waitForElementPresent(findTestObject("Modulo Pruebas SST/Crear_una_entidad_de_riesgo_sst/td_PRUEBAS K"), 1)): null

2022-03-08 14:38:47 - [MESSAGE][PASSED] - Object 'Object Repository/Modulo Pruebas SST/Crear_una_entidad_de_riesgo_sst/td_PRUEBAS K' is present

2022-03-08 14:38:47 - [TEST_STEP][PASSED] - click(findTestObject("Modulo Pruebas SST/Crear_una_entidad_de_riesgo_sst/td_PRUEBAS K")): Object: 'Object Repository/Modulo Pruebas SST/Crear_una_entidad_de_riesgo_sst/td_PRUEBAS K' is clicked on

2022-03-08 14:38:48 - [MESSAGE][PASSED] - Object: 'Object Repository/Modulo Pruebas SST/Crear_una_entidad_de_riesgo_sst/td_PRUEBAS K' is clicked on

2022-03-08 14:38:48 - [TEST_STEP][PASSED] - click(findTestObject("Modulo Pruebas SST/Crear_una_entidad_de_riesgo_sst/a_Seguimiento")): Object: 'Object Repository/Modulo Pruebas SST/Crear_una_entidad_de_riesgo_sst/a_Seguimiento' is clicked on

2022-03-08 14:38:48 - [MESSAGE][PASSED] - Object: 'Object Repository/Modulo Pruebas SST/Crear_una_entidad_de_riesgo_sst/a_Seguimiento' is clicked on

2022-03-08 14:38:48 - [TEST_STEP][PASSED] - if (waitForElementPresent(findTestObject("Modulo Pruebas SST/Crear_una_entidad_de_riesgo_sst/td_DIAZ BLANCO GUISELL"), 1)): null

2022-03-08 14:38:49 - [MESSAGE][PASSED] - Object 'Object Repository/Modulo Pruebas SST/Crear_una_entidad_de_riesgo_sst/td_DIAZ BLANCO GUISELL' is present

2022-03-08 14:38:49 - [TEST_STEP][PASSED] - click(findTestObject("Modulo Pruebas SST/Crear_una_entidad_de_riesgo_sst/td_DIAZ BLANCO GUISELL")): Object: 'Object Repository/Modulo Pruebas SST/Crear_una_entidad_de_riesgo_sst/td_DIAZ BLANCO GUISELL' is clicked on

2022-03-08 14:38:49 - [MESSAGE][PASSED] - Object: 'Object Repository/Modulo Pruebas SST/Crear_una_entidad_de_riesgo_sst/td_DIAZ BLANCO GUISELL' is clicked on

2022-03-08 14:38:49 - [TEST_STEP][PASSED] - click(findTestObject("Modulo Pruebas SST/Crear_una_entidad_de_riesgo_sst/a_Eliminar1")): Object: 'Object Repository/Modulo Pruebas SST/Crear_una_entidad_de_riesgo_sst/a_Eliminar1' is clicked on

2022-03-08 14:38:50 - [MESSAGE][PASSED] - Object: 'Object Repository/Modulo Pruebas SST/Crear_una_entidad_de_riesgo_sst/a_Eliminar1' is clicked on

2022-03-08 14:38:50 - [TEST_STEP][PASSED] - click(findTestObject("Modulo Pruebas SST/Crear_una_entidad_de_riesgo_sst/a_Aceptar1")): Object: 'Object Repository/Modulo Pruebas SST/Crear_una_entidad_de_riesgo_sst/a_Aceptar1' is clicked on

2022-03-08 14:38:51 - [MESSAGE][PASSED] - Object: 'Object Repository/Modulo Pruebas SST/Crear_una_entidad_de_riesgo_sst/a_Aceptar1' is clicked on

2022-03-08 14:38:51 - [TEST_STEP][PASSED] - click(findTestObject("Modulo Pruebas SST/Crear_una_entidad_de_riesgo_sst/a_Entidad de Riesgo")): Object: 'Object Repository/Modulo Pruebas SST/Crear_una_entidad_de_riesgo_sst/a_Entidad de Riesgo' is clicked on

2022-03-08 14:38:52 - [MESSAGE][PASSED] - Object: 'Object Repository/Modulo Pruebas SST/Crear_una_entidad_de_riesgo_sst/a_Entidad de Riesgo' is clicked on

2022-03-08 14:38:52 - [TEST_STEP][PASSED] - if (waitForElementVisible(findTestObject("Modulo Pruebas SST/Crear_una_entidad_de_riesgo_sst/a_Eliminar1"), 1)): null

2022-03-08 14:38:52 - [MESSAGE][PASSED] - Object 'Object Repository/Modulo Pruebas SST/Crear_una_entidad_de_riesgo_sst/a_Eliminar1' is visible

2022-03-08 14:38:52 - [TEST_STEP][PASSED] - click(findTestObject("Modulo Pruebas SST/Crear_una_entidad_de_riesgo_sst/a_Eliminar1")): Object: 'Object Repository/Modulo Pruebas SST/Crear_una_entidad_de_riesgo_sst/a_Eliminar1' is clicked on

2022-03-08 14:38:53 - [MESSAGE][PASSED] - Object: 'Object Repository/Modulo Pruebas SST/Crear_una_entidad_de_riesgo_sst/a_Eliminar1' is clicked on

2022-03-08 14:38:53 - [TEST_STEP][PASSED] - click(findTestObject("Modulo Pruebas SST/Crear_una_entidad_de_riesgo_sst/a_Aceptar1")): Object: 'Object Repository/Modulo Pruebas SST/Crear_una_entidad_de_riesgo_sst/a_Aceptar1' is clicked on

2022-03-08 14:38:53 - [MESSAGE][PASSED] - Object: 'Object Repository/Modulo Pruebas SST/Crear_una_entidad_de_riesgo_sst/a_Aceptar1' is clicked on

2022-03-08 14:38:53 - [TEST_STEP][PASSED] - click(findTestObject("Modulo Pruebas SST/Crear_una_entidad_de_riesgo_sst/a_Regresar")): Object: 'Object Repository/Modulo Pruebas SST/Crear_una_entidad_de_riesgo_sst/a_Regresar' is clicked on

2022-03-08 14:38:54 - [MESSAGE][PASSED] - Object: 'Object Repository/Modulo Pruebas SST/Crear_una_entidad_de_riesgo_sst/a_Regresar' is clicked on

2022-03-08 14:38:54 - [TEST_STEP][PASSED] - click(findTestObject("Modulo Pruebas SST/Crear_una_entidad_de_riesgo_sst/a_Nuevo")): Object: 'Object Repository/Modulo Pruebas SST/Crear_una_entidad_de_riesgo_sst/a_Nuevo' is clicked on

2022-03-08 14:38:55 - [MESSAGE][PASSED] - Object: 'Object Repository/Modulo Pruebas SST/Crear_una_entidad_de_riesgo_sst/a_Nuevo' is clicked on

2022-03-08 14:38:55 - [TEST_STEP][PASSED] - setText(findTestObject("Modulo Pruebas SST/Crear_una_entidad_de_riesgo_sst/input_Cdigo_form_detalleEntidadRiesgocodigoInterno"), "5"): Text '5' is set on object 'Object Repository/Modulo Pruebas SST/Crear_una_entidad_de_riesgo_sst/input_Cdigo_form_detalleEntidadRiesgocodigoInterno'

2022-03-08 14:38:56 - [MESSAGE][PASSED] - Text '5' is set on object 'Object Repository/Modulo Pruebas SST/Crear_una_entidad_de_riesgo_sst/input_Cdigo_form_detalleEntidadRiesgocodigoInterno'

2022-03-08 14:38:56 - [TEST_STEP][PASSED] - setText(findTestObject("Modulo Pruebas SST/Crear_una_entidad_de_riesgo_sst/input_Nombre_form_detalleEntidadRiesgodescripcion"), "PRUEBAS K"): Text 'PRUEBAS K' is set on object 'Object Repository/Modulo Pruebas SST/Crear_una_entidad_de_riesgo_sst/input_Nombre_form_detalleEntidadRiesgodescripcion'

2022-03-08 14:38:56 - [MESSAGE][PASSED] - Text 'PRUEBAS K' is set on object 'Object Repository/Modulo Pruebas SST/Crear_una_entidad_de_riesgo_sst/input_Nombre_form_detalleEntidadRiesgodescripcion'

2022-03-08 14:38:56 - [TEST_STEP][PASSED] - click(findTestObject("Modulo Pruebas SST/Crear_una_entidad_de_riesgo_sst/a_Unidad Organizacional_form_detalleEntidadRiesgoj_idt6210")): Object: 'Object Repository/Modulo Pruebas SST/Crear_una_entidad_de_riesgo_sst/a_Unidad Organizacional_form_detalleEntidadRiesgoj_idt6210' is clicked on

2022-03-08 14:38:57 - [MESSAGE][PASSED] - Object: 'Object Repository/Modulo Pruebas SST/Crear_una_entidad_de_riesgo_sst/a_Unidad Organizacional_form_detalleEntidadRiesgoj_idt6210' is clicked on

2022-03-08 14:38:57 - [TEST_STEP][PASSED] - setText(findTestObject("Modulo Pruebas SST/Crear_una_entidad_de_riesgo_sst/input_Unidad Organizacional_formPopUpUnidaddescripciones0"), "ADMINISTRACION"): Text 'ADMINISTRACION' is set on object 'Object Repository/Modulo Pruebas SST/Crear_una_entidad_de_riesgo_sst/input_Unidad Organizacional_formPopUpUnidaddescripciones0'

2022-03-08 14:38:58 - [MESSAGE][PASSED] - Text 'ADMINISTRACION' is set on object 'Object Repository/Modulo Pruebas SST/Crear_una_entidad_de_riesgo_sst/input_Unidad Organizacional_formPopUpUnidaddescripciones0'

2022-03-08 14:38:58 - [TEST_STEP][PASSED] - sendKeys(findTestObject("Modulo Pruebas SST/Crear_una_entidad_de_riesgo_sst/input_Unidad Organizacional_formPopUpUnidaddescripciones0"), Keys.chord(ENTER)): Keys 'ENTER + ' sent to object: 'Object Repository/Modulo Pruebas SST/Crear_una_entidad_de_riesgo_sst/input_Unidad Organizacional_formPopUpUnidaddescripciones0'

2022-03-08 14:38:59 - [MESSAGE][PASSED] - Keys 'ENTER + ' sent to object: 'Object Repository/Modulo Pruebas SST/Crear_una_entidad_de_riesgo_sst/input_Unidad Organizacional_formPopUpUnidaddescripciones0'

2022-03-08 14:38:59 - [TEST_STEP][PASSED] - click(findTestObject("Modulo Pruebas SST/Crear_una_entidad_de_riesgo_sst/span_ADMINISTRACION")): Object: 'Object Repository/Modulo Pruebas SST/Crear_una_entidad_de_riesgo_sst/span_ADMINISTRACION' is clicked on

2022-03-08 14:38:59 - [MESSAGE][PASSED] - Object: 'Object Repository/Modulo Pruebas SST/Crear_una_entidad_de_riesgo_sst/span_ADMINISTRACION' is clicked on

2022-03-08 14:38:59 - [TEST_STEP][PASSED] - selectOptionByIndex(findTestObject("Modulo Pruebas SST/Crear_una_entidad_de_riesgo_sst/select_SeleccionarAREAS DE RIESGOAREAS SIN RIESGOPRUEBA SILVIA 1PRUEBA SILVIA 2"), 5): All options with index in [5] are selected on object 'Object Repository/Modulo Pruebas SST/Crear_una_entidad_de_riesgo_sst/select_SeleccionarAREAS DE RIESGOAREAS SIN RIESGOPRUEBA SILVIA 1PRUEBA SILVIA 2'

2022-03-08 14:39:01 - [MESSAGE][PASSED] - All options with index in [5] are selected on object 'Object Repository/Modulo Pruebas SST/Crear_una_entidad_de_riesgo_sst/select_SeleccionarAREAS DE RIESGOAREAS SIN RIESGOPRUEBA SILVIA 1PRUEBA SILVIA 2'

2022-03-08 14:39:01 - [TEST_STEP][PASSED] - selectOptionByIndex(findTestObject("Modulo Pruebas SST/Crear_una_entidad_de_riesgo_sst/select_-- SELECCIONAR --SEDE NORTESEDE OCCIDENTESEDE SUR"), 1): All options with index in [1] are selected on object 'Object Repository/Modulo Pruebas SST/Crear_una_entidad_de_riesgo_sst/select_-- SELECCIONAR --SEDE NORTESEDE OCCIDENTESEDE SUR'

2022-03-08 14:39:02 - [MESSAGE][PASSED] - All options with index in [1] are selected on object 'Object Repository/Modulo Pruebas SST/Crear_una_entidad_de_riesgo_sst/select_-- SELECCIONAR --SEDE NORTESEDE OCCIDENTESEDE SUR'

2022-03-08 14:39:02 - [TEST_STEP][PASSED] - selectOptionByIndex(findTestObject("Modulo Pruebas SST/Crear_una_entidad_de_riesgo_sst/select_-- SELECCIONAR --Aula InteligenteSala de JuntasSalon ExternoSalon Principal"), 1): All options with index in [1] are selected on object 'Object Repository/Modulo Pruebas SST/Crear_una_entidad_de_riesgo_sst/select_-- SELECCIONAR --Aula InteligenteSala de JuntasSalon ExternoSalon Principal'

2022-03-08 14:39:04 - [MESSAGE][PASSED] - All options with index in [1] are selected on object 'Object Repository/Modulo Pruebas SST/Crear_una_entidad_de_riesgo_sst/select_-- SELECCIONAR --Aula InteligenteSala de JuntasSalon ExternoSalon Principal'

2022-03-08 14:39:04 - [TEST_STEP][PASSED] - click(findTestObject("Modulo Pruebas SST/Crear_una_entidad_de_riesgo_sst/a_Responsable_form_detalleEntidadRiesgoj_idt6320")): Object: 'Object Repository/Modulo Pruebas SST/Crear_una_entidad_de_riesgo_sst/a_Responsable_form_detalleEntidadRiesgoj_idt6320' is clicked on

2022-03-08 14:39:04 - [MESSAGE][PASSED] - Object: 'Object Repository/Modulo Pruebas SST/Crear_una_entidad_de_riesgo_sst/a_Responsable_form_detalleEntidadRiesgoj_idt6320' is clicked on

2022-03-08 14:39:04 - [TEST_STEP][PASSED] - setText(findTestObject("Modulo Pruebas SST/Crear_una_entidad_de_riesgo_sst/input_Filtro Hoja de Vida_formPopupHojaVidaj_idt9270"), "A A A"): Text 'A A A' is set on object 'Object Repository/Modulo Pruebas SST/Crear_una_entidad_de_riesgo_sst/input_Filtro Hoja de Vida_formPopupHojaVidaj_idt9270'

2022-03-08 14:39:05 - [MESSAGE][PASSED] - Text 'A A A' is set on object 'Object Repository/Modulo Pruebas SST/Crear_una_entidad_de_riesgo_sst/input_Filtro Hoja de Vida_formPopupHojaVidaj_idt9270'

2022-03-08 14:39:05 - [TEST_STEP][PASSED] - sendKeys(findTestObject("Modulo Pruebas SST/Crear_una_entidad_de_riesgo_sst/input_Filtro Hoja de Vida_formPopupHojaVidaj_idt9270"), Keys.chord(ENTER)): Keys 'ENTER + ' sent to object: 'Object Repository/Modulo Pruebas SST/Crear_una_entidad_de_riesgo_sst/input_Filtro Hoja de Vida_formPopupHojaVidaj_idt9270'

2022-03-08 14:39:05 - [MESSAGE][PASSED] - Keys 'ENTER + ' sent to object: 'Object Repository/Modulo Pruebas SST/Crear_una_entidad_de_riesgo_sst/input_Filtro Hoja de Vida_formPopupHojaVidaj_idt9270'

2022-03-08 14:39:05 - [TEST_STEP][PASSED] - click(findTestObject("Modulo Pruebas SST/Crear_una_entidad_de_riesgo_sst/span_1010220596")): Object: 'Object Repository/Modulo Pruebas SST/Crear_una_entidad_de_riesgo_sst/span_1010220596' is clicked on

2022-03-08 14:39:06 - [MESSAGE][PASSED] - Object: 'Object Repository/Modulo Pruebas SST/Crear_una_entidad_de_riesgo_sst/span_1010220596' is clicked on

2022-03-08 14:39:06 - [TEST_STEP][PASSED] - click(findTestObject("Modulo Pruebas SST/Crear_una_entidad_de_riesgo_sst/a_Guardar")): Object: 'Object Repository/Modulo Pruebas SST/Crear_una_entidad_de_riesgo_sst/a_Guardar' is clicked on

2022-03-08 14:39:07 - [MESSAGE][PASSED] - Object: 'Object Repository/Modulo Pruebas SST/Crear_una_entidad_de_riesgo_sst/a_Guardar' is clicked on

2022-03-08 14:39:07 - [TEST_STEP][PASSED] - click(findTestObject("Modulo Pruebas SST/Crear_una_entidad_de_riesgo_sst/a_Personas")): Object: 'Object Repository/Modulo Pruebas SST/Crear_una_entidad_de_riesgo_sst/a_Personas' is clicked on

2022-03-08 14:39:08 - [MESSAGE][PASSED] - Object: 'Object Repository/Modulo Pruebas SST/Crear_una_entidad_de_riesgo_sst/a_Personas' is clicked on

2022-03-08 14:39:08 - [TEST_STEP][PASSED] - click(findTestObject("Modulo Pruebas SST/Crear_una_entidad_de_riesgo_sst/a_Persona_form_detalleEntidadRiesgoj_idt692")): Object: 'Object Repository/Modulo Pruebas SST/Crear_una_entidad_de_riesgo_sst/a_Persona_form_detalleEntidadRiesgoj_idt692' is clicked on

2022-03-08 14:39:08 - [MESSAGE][PASSED] - Object: 'Object Repository/Modulo Pruebas SST/Crear_una_entidad_de_riesgo_sst/a_Persona_form_detalleEntidadRiesgoj_idt692' is clicked on

2022-03-08 14:39:08 - [TEST_STEP][PASSED] - setText(findTestObject("Modulo Pruebas SST/Crear_una_entidad_de_riesgo_sst/input_Filtro Hoja de Vida_formPopupHojaVidaj_idt92700"), "A A A"): Text 'A A A' is set on object 'Object Repository/Modulo Pruebas SST/Crear_una_entidad_de_riesgo_sst/input_Filtro Hoja de Vida_formPopupHojaVidaj_idt92700'

2022-03-08 14:39:09 - [MESSAGE][PASSED] - Text 'A A A' is set on object 'Object Repository/Modulo Pruebas SST/Crear_una_entidad_de_riesgo_sst/input_Filtro Hoja de Vida_formPopupHojaVidaj_idt92700'

2022-03-08 14:39:09 - [TEST_STEP][PASSED] - sendKeys(findTestObject("Modulo Pruebas SST/Crear_una_entidad_de_riesgo_sst/input_Filtro Hoja de Vida_formPopupHojaVidaj_idt92700"), Keys.chord(ENTER)): Keys 'ENTER + ' sent to object: 'Object Repository/Modulo Pruebas SST/Crear_una_entidad_de_riesgo_sst/input_Filtro Hoja de Vida_formPopupHojaVidaj_idt92700'

2022-03-08 14:39:10 - [MESSAGE][PASSED] - Keys 'ENTER + ' sent to object: 'Object Repository/Modulo Pruebas SST/Crear_una_entidad_de_riesgo_sst/input_Filtro Hoja de Vida_formPopupHojaVidaj_idt92700'

2022-03-08 14:39:10 - [TEST_STEP][PASSED] - click(findTestObject("Modulo Pruebas SST/Crear_una_entidad_de_riesgo_sst/span_1010220596")): Object: 'Object Repository/Modulo Pruebas SST/Crear_una_entidad_de_riesgo_sst/span_1010220596' is clicked on

2022-03-08 14:39:11 - [MESSAGE][PASSED] - Object: 'Object Repository/Modulo Pruebas SST/Crear_una_entidad_de_riesgo_sst/span_1010220596' is clicked on

2022-03-08 14:39:11 - [TEST_STEP][PASSED] - click(findTestObject("Modulo Pruebas SST/Crear_una_entidad_de_riesgo_sst/a_Nuevo")): Object: 'Object Repository/Modulo Pruebas SST/Crear_una_entidad_de_riesgo_sst/a_Nuevo' is clicked on

2022-03-08 14:39:11 - [MESSAGE][PASSED] - Object: 'Object Repository/Modulo Pruebas SST/Crear_una_entidad_de_riesgo_sst/a_Nuevo' is clicked on

2022-03-08 14:39:11 - [TEST_STEP][PASSED] - click(findTestObject("Modulo Pruebas SST/Crear_una_entidad_de_riesgo_sst/a_Identificacin_form_popupHojaVidaEntidadj_idt838")): Object: 'Object Repository/Modulo Pruebas SST/Crear_una_entidad_de_riesgo_sst/a_Identificacin_form_popupHojaVidaEntidadj_idt838' is clicked on

2022-03-08 14:39:12 - [MESSAGE][PASSED] - Object: 'Object Repository/Modulo Pruebas SST/Crear_una_entidad_de_riesgo_sst/a_Identificacin_form_popupHojaVidaEntidadj_idt838' is clicked on

2022-03-08 14:39:12 - [TEST_STEP][PASSED] - setText(findTestObject("Modulo Pruebas SST/Crear_una_entidad_de_riesgo_sst/input_Filtro Hoja de Vida_formPopupHojaVidaj_idt92700"), "GUISELL"): Text 'GUISELL' is set on object 'Object Repository/Modulo Pruebas SST/Crear_una_entidad_de_riesgo_sst/input_Filtro Hoja de Vida_formPopupHojaVidaj_idt92700'

2022-03-08 14:39:13 - [MESSAGE][PASSED] - Text 'GUISELL' is set on object 'Object Repository/Modulo Pruebas SST/Crear_una_entidad_de_riesgo_sst/input_Filtro Hoja de Vida_formPopupHojaVidaj_idt92700'

2022-03-08 14:39:13 - [TEST_STEP][PASSED] - sendKeys(findTestObject("Modulo Pruebas SST/Crear_una_entidad_de_riesgo_sst/input_Filtro Hoja de Vida_formPopupHojaVidaj_idt92700"), Keys.chord(ENTER)): Keys 'ENTER + ' sent to object: 'Object Repository/Modulo Pruebas SST/Crear_una_entidad_de_riesgo_sst/input_Filtro Hoja de Vida_formPopupHojaVidaj_idt92700'

2022-03-08 14:39:13 - [MESSAGE][PASSED] - Keys 'ENTER + ' sent to object: 'Object Repository/Modulo Pruebas SST/Crear_una_entidad_de_riesgo_sst/input_Filtro Hoja de Vida_formPopupHojaVidaj_idt92700'

2022-03-08 14:39:13 - [TEST_STEP][PASSED] - click(findTestObject("Modulo Pruebas SST/Crear_una_entidad_de_riesgo_sst/span_Diaz Blanco Guisell")): Object: 'Object Repository/Modulo Pruebas SST/Crear_una_entidad_de_riesgo_sst/span_Diaz Blanco Guisell' is clicked on

2022-03-08 14:39:14 - [MESSAGE][PASSED] - Object: 'Object Repository/Modulo Pruebas SST/Crear_una_entidad_de_riesgo_sst/span_Diaz Blanco Guisell' is clicked on

2022-03-08 14:39:14 - [TEST_STEP][PASSED] - click(findTestObject("Modulo Pruebas SST/Crear_una_entidad_de_riesgo_sst/td_Indefinido")): Object: 'Object Repository/Modulo Pruebas SST/Crear_una_entidad_de_riesgo_sst/td_Indefinido' is clicked on

2022-03-08 14:39:15 - [MESSAGE][PASSED] - Object: 'Object Repository/Modulo Pruebas SST/Crear_una_entidad_de_riesgo_sst/td_Indefinido' is clicked on

2022-03-08 14:39:15 - [TEST_STEP][PASSED] - click(findTestObject("Modulo Pruebas SST/Crear_una_entidad_de_riesgo_sst/a_Guardar")): Object: 'Object Repository/Modulo Pruebas SST/Crear_una_entidad_de_riesgo_sst/a_Guardar' is clicked on

2022-03-08 14:39:15 - [MESSAGE][PASSED] - Object: 'Object Repository/Modulo Pruebas SST/Crear_una_entidad_de_riesgo_sst/a_Guardar' is clicked on

2022-03-08 14:39:15 - [TEST_STEP][PASSED] - click(findTestObject("Modulo Pruebas SST/Crear_una_entidad_de_riesgo_sst/a_Generar")): Object: 'Object Repository/Modulo Pruebas SST/Crear_una_entidad_de_riesgo_sst/a_Generar' is clicked on

2022-03-08 14:39:16 - [MESSAGE][PASSED] - Object: 'Object Repository/Modulo Pruebas SST/Crear_una_entidad_de_riesgo_sst/a_Generar' is clicked on

2022-03-08 14:39:16 - [TEST_STEP][PASSED] - click(findTestObject("Modulo Pruebas SST/Crear_una_entidad_de_riesgo_sst/a_Unidad_form_popupHojaVidaEntidadMasivaj_idt891")): Object: 'Object Repository/Modulo Pruebas SST/Crear_una_entidad_de_riesgo_sst/a_Unidad_form_popupHojaVidaEntidadMasivaj_idt891' is clicked on

2022-03-08 14:39:17 - [MESSAGE][PASSED] - Object: 'Object Repository/Modulo Pruebas SST/Crear_una_entidad_de_riesgo_sst/a_Unidad_form_popupHojaVidaEntidadMasivaj_idt891' is clicked on

2022-03-08 14:39:17 - [TEST_STEP][PASSED] - setText(findTestObject("Modulo Pruebas SST/Crear_una_entidad_de_riesgo_sst/input_Unidad Organizacional_formPopUpUnidaddescripciones"), "a"): Text 'a' is set on object 'Object Repository/Modulo Pruebas SST/Crear_una_entidad_de_riesgo_sst/input_Unidad Organizacional_formPopUpUnidaddescripciones'

2022-03-08 14:39:19 - [MESSAGE][PASSED] - Text 'a' is set on object 'Object Repository/Modulo Pruebas SST/Crear_una_entidad_de_riesgo_sst/input_Unidad Organizacional_formPopUpUnidaddescripciones'

2022-03-08 14:39:19 - [TEST_STEP][PASSED] - sendKeys(findTestObject("Modulo Pruebas SST/Crear_una_entidad_de_riesgo_sst/input_Unidad Organizacional_formPopUpUnidaddescripciones"), Keys.chord(ENTER)): Keys 'ENTER + ' sent to object: 'Object Repository/Modulo Pruebas SST/Crear_una_entidad_de_riesgo_sst/input_Unidad Organizacional_formPopUpUnidaddescripciones'

2022-03-08 14:39:19 - [MESSAGE][PASSED] - Keys 'ENTER + ' sent to object: 'Object Repository/Modulo Pruebas SST/Crear_una_entidad_de_riesgo_sst/input_Unidad Organizacional_formPopUpUnidaddescripciones'

2022-03-08 14:39:19 - [TEST_STEP][PASSED] - click(findTestObject("Modulo Pruebas SST/Crear_una_entidad_de_riesgo_sst/span_ADMINISTRACION")): Object: 'Object Repository/Modulo Pruebas SST/Crear_una_entidad_de_riesgo_sst/span_ADMINISTRACION' is clicked on

2022-03-08 14:39:20 - [MESSAGE][PASSED] - Object: 'Object Repository/Modulo Pruebas SST/Crear_una_entidad_de_riesgo_sst/span_ADMINISTRACION' is clicked on

2022-03-08 14:39:20 - [TEST_STEP][PASSED] - selectOptionByIndex(findTestObject("Modulo Pruebas SST/Crear_una_entidad_de_riesgo_sst/select_Seleccione40 MIL STAFF .  ABOGADO"), 2): All options with index in [2] are selected on object 'Object Repository/Modulo Pruebas SST/Crear_una_entidad_de_riesgo_sst/select_Seleccione40 MIL STAFF .  ABOGADO'

2022-03-08 14:39:21 - [MESSAGE][PASSED] - All options with index in [2] are selected on object 'Object Repository/Modulo Pruebas SST/Crear_una_entidad_de_riesgo_sst/select_Seleccione40 MIL STAFF .  ABOGADO'

2022-03-08 14:39:21 - [TEST_STEP][PASSED] - click(findTestObject("Modulo Pruebas SST/Crear_una_entidad_de_riesgo_sst/a_Buscar")): Object: 'Object Repository/Modulo Pruebas SST/Crear_una_entidad_de_riesgo_sst/a_Buscar' is clicked on

2022-03-08 14:39:22 - [MESSAGE][PASSED] - Object: 'Object Repository/Modulo Pruebas SST/Crear_una_entidad_de_riesgo_sst/a_Buscar' is clicked on

2022-03-08 14:39:22 - [TEST_STEP][PASSED] - click(findTestObject("Modulo Pruebas SST/Crear_una_entidad_de_riesgo_sst/div_Cargo_ui-chkbox-box ui-widget ui-corner-all ui-state-default ui-state-hover")): Object: 'Object Repository/Modulo Pruebas SST/Crear_una_entidad_de_riesgo_sst/div_Cargo_ui-chkbox-box ui-widget ui-corner-all ui-state-default ui-state-hover' is clicked on

2022-03-08 14:39:23 - [MESSAGE][PASSED] - Object: 'Object Repository/Modulo Pruebas SST/Crear_una_entidad_de_riesgo_sst/div_Cargo_ui-chkbox-box ui-widget ui-corner-all ui-state-default ui-state-hover' is clicked on

2022-03-08 14:39:23 - [TEST_STEP][PASSED] - click(findTestObject("Modulo Pruebas SST/Crear_una_entidad_de_riesgo_sst/a_Guardar")): Object: 'Object Repository/Modulo Pruebas SST/Crear_una_entidad_de_riesgo_sst/a_Guardar' is clicked on

2022-03-08 14:39:23 - [MESSAGE][PASSED] - Object: 'Object Repository/Modulo Pruebas SST/Crear_una_entidad_de_riesgo_sst/a_Guardar' is clicked on

2022-03-08 14:39:23 - [TEST_STEP][PASSED] - click(findTestObject("Modulo Pruebas SST/Crear_una_entidad_de_riesgo_sst/a_Elementos")): Object: 'Object Repository/Modulo Pruebas SST/Crear_una_entidad_de_riesgo_sst/a_Elementos' is clicked on

2022-03-08 14:39:25 - [MESSAGE][PASSED] - Object: 'Object Repository/Modulo Pruebas SST/Crear_una_entidad_de_riesgo_sst/a_Elementos' is clicked on

2022-03-08 14:39:25 - [TEST_STEP][PASSED] - delay(3): Delayed 3 second(s)

2022-03-08 14:39:28 - [MESSAGE][PASSED] - Delayed 3 second(s)

2022-03-08 14:39:28 - [TEST_STEP][PASSED] - click(findTestObject("Modulo Pruebas SST/Crear_una_entidad_de_riesgo_sst/a_Recomendacin")): Object: 'Object Repository/Modulo Pruebas SST/Crear_una_entidad_de_riesgo_sst/a_Recomendacin' is clicked on

2022-03-08 14:39:28 - [MESSAGE][PASSED] - Object: 'Object Repository/Modulo Pruebas SST/Crear_una_entidad_de_riesgo_sst/a_Recomendacin' is clicked on

2022-03-08 14:39:28 - [TEST_STEP][PASSED] - click(findTestObject("Modulo Pruebas SST/Crear_una_entidad_de_riesgo_sst/a_Nuevo")): Object: 'Object Repository/Modulo Pruebas SST/Crear_una_entidad_de_riesgo_sst/a_Nuevo' is clicked on

2022-03-08 14:39:29 - [MESSAGE][PASSED] - Object: 'Object Repository/Modulo Pruebas SST/Crear_una_entidad_de_riesgo_sst/a_Nuevo' is clicked on

2022-03-08 14:39:29 - [TEST_STEP][PASSED] - click(findTestObject("Modulo Pruebas SST/Crear_una_entidad_de_riesgo_sst/a_Responsable_form_detalleEntidadRiesgoj_idt774")): Object: 'Object Repository/Modulo Pruebas SST/Crear_una_entidad_de_riesgo_sst/a_Responsable_form_detalleEntidadRiesgoj_idt774' is clicked on

2022-03-08 14:39:30 - [MESSAGE][PASSED] - Object: 'Object Repository/Modulo Pruebas SST/Crear_una_entidad_de_riesgo_sst/a_Responsable_form_detalleEntidadRiesgoj_idt774' is clicked on

2022-03-08 14:39:30 - [TEST_STEP][PASSED] - setText(findTestObject("Modulo Pruebas SST/Crear_una_entidad_de_riesgo_sst/input_Filtro Hoja de Vida_formPopupHojaVidaj_idt9270"), "guisell"): Text 'guisell' is set on object 'Object Repository/Modulo Pruebas SST/Crear_una_entidad_de_riesgo_sst/input_Filtro Hoja de Vida_formPopupHojaVidaj_idt9270'

2022-03-08 14:39:31 - [MESSAGE][PASSED] - Text 'guisell' is set on object 'Object Repository/Modulo Pruebas SST/Crear_una_entidad_de_riesgo_sst/input_Filtro Hoja de Vida_formPopupHojaVidaj_idt9270'

2022-03-08 14:39:31 - [TEST_STEP][PASSED] - sendKeys(findTestObject("Modulo Pruebas SST/Crear_una_entidad_de_riesgo_sst/input_Filtro Hoja de Vida_formPopupHojaVidaj_idt9270"), Keys.chord(ENTER)): Keys 'ENTER + ' sent to object: 'Object Repository/Modulo Pruebas SST/Crear_una_entidad_de_riesgo_sst/input_Filtro Hoja de Vida_formPopupHojaVidaj_idt9270'

2022-03-08 14:39:31 - [MESSAGE][PASSED] - Keys 'ENTER + ' sent to object: 'Object Repository/Modulo Pruebas SST/Crear_una_entidad_de_riesgo_sst/input_Filtro Hoja de Vida_formPopupHojaVidaj_idt9270'

2022-03-08 14:39:31 - [TEST_STEP][PASSED] - click(findTestObject("Modulo Pruebas SST/Crear_una_entidad_de_riesgo_sst/span_1057596487")): Object: 'Object Repository/Modulo Pruebas SST/Crear_una_entidad_de_riesgo_sst/span_1057596487' is clicked on

2022-03-08 14:39:32 - [MESSAGE][PASSED] - Object: 'Object Repository/Modulo Pruebas SST/Crear_una_entidad_de_riesgo_sst/span_1057596487' is clicked on

2022-03-08 14:39:32 - [TEST_STEP][PASSED] - setText(findTestObject("Modulo Pruebas SST/Crear_una_entidad_de_riesgo_sst/input_Fecha de Implementacin_form_detalleEntidadRiesgofecharecomendacionr_input"), "01/07/2021"): Text '01/07/2021' is set on object 'Object Repository/Modulo Pruebas SST/Crear_una_entidad_de_riesgo_sst/input_Fecha de Implementacin_form_detalleEntidadRiesgofecharecomendacionr_input'

2022-03-08 14:39:33 - [MESSAGE][PASSED] - Text '01/07/2021' is set on object 'Object Repository/Modulo Pruebas SST/Crear_una_entidad_de_riesgo_sst/input_Fecha de Implementacin_form_detalleEntidadRiesgofecharecomendacionr_input'

2022-03-08 14:39:33 - [TEST_STEP][PASSED] - setText(findTestObject("Modulo Pruebas SST/Crear_una_entidad_de_riesgo_sst/textarea_Observacin_form_detalleEntidadRiesgoobservacionr"), "pruebas katalon"): Text 'pruebas katalon' is set on object 'Object Repository/Modulo Pruebas SST/Crear_una_entidad_de_riesgo_sst/textarea_Observacin_form_detalleEntidadRiesgoobservacionr'

2022-03-08 14:39:34 - [MESSAGE][PASSED] - Text 'pruebas katalon' is set on object 'Object Repository/Modulo Pruebas SST/Crear_una_entidad_de_riesgo_sst/textarea_Observacin_form_detalleEntidadRiesgoobservacionr'

2022-03-08 14:39:34 - [TEST_STEP][PASSED] - setText(findTestObject("Modulo Pruebas SST/Crear_una_entidad_de_riesgo_sst/input_Nombre_form_detalleEntidadRiesgonombrerecomendacionr"), "pruebas katalon"): Text 'pruebas katalon' is set on object 'Object Repository/Modulo Pruebas SST/Crear_una_entidad_de_riesgo_sst/input_Nombre_form_detalleEntidadRiesgonombrerecomendacionr'

2022-03-08 14:39:34 - [MESSAGE][PASSED] - Text 'pruebas katalon' is set on object 'Object Repository/Modulo Pruebas SST/Crear_una_entidad_de_riesgo_sst/input_Nombre_form_detalleEntidadRiesgonombrerecomendacionr'

2022-03-08 14:39:34 - [TEST_STEP][PASSED] - click(findTestObject("Modulo Pruebas SST/Crear_una_entidad_de_riesgo_sst/a_Guardar")): Object: 'Object Repository/Modulo Pruebas SST/Crear_una_entidad_de_riesgo_sst/a_Guardar' is clicked on

2022-03-08 14:39:35 - [MESSAGE][PASSED] - Object: 'Object Repository/Modulo Pruebas SST/Crear_una_entidad_de_riesgo_sst/a_Guardar' is clicked on

2022-03-08 14:39:35 - [TEST_STEP][PASSED] - click(findTestObject("Modulo Pruebas SST/Crear_una_entidad_de_riesgo_sst/a_Seguimiento")): Object: 'Object Repository/Modulo Pruebas SST/Crear_una_entidad_de_riesgo_sst/a_Seguimiento' is clicked on

2022-03-08 14:39:35 - [MESSAGE][PASSED] - Object: 'Object Repository/Modulo Pruebas SST/Crear_una_entidad_de_riesgo_sst/a_Seguimiento' is clicked on

2022-03-08 14:39:35 - [TEST_STEP][PASSED] - click(findTestObject("Modulo Pruebas SST/Crear_una_entidad_de_riesgo_sst/td_DIAZ BLANCO GUISELL")): Object: 'Object Repository/Modulo Pruebas SST/Crear_una_entidad_de_riesgo_sst/td_DIAZ BLANCO GUISELL' is clicked on

2022-03-08 14:39:36 - [MESSAGE][PASSED] - Object: 'Object Repository/Modulo Pruebas SST/Crear_una_entidad_de_riesgo_sst/td_DIAZ BLANCO GUISELL' is clicked on

2022-03-08 14:39:36 - [TEST_STEP][PASSED] - setText(findTestObject("Modulo Pruebas SST/Crear_una_entidad_de_riesgo_sst/input_Fecha de Seguimiento_form_detalleEntidadRiesgofechaseguimientoreal_input"), "01/08/2021"): Text '01/08/2021' is set on object 'Object Repository/Modulo Pruebas SST/Crear_una_entidad_de_riesgo_sst/input_Fecha de Seguimiento_form_detalleEntidadRiesgofechaseguimientoreal_input'

2022-03-08 14:39:37 - [MESSAGE][PASSED] - Text '01/08/2021' is set on object 'Object Repository/Modulo Pruebas SST/Crear_una_entidad_de_riesgo_sst/input_Fecha de Seguimiento_form_detalleEntidadRiesgofechaseguimientoreal_input'

2022-03-08 14:39:37 - [TEST_STEP][PASSED] - setText(findTestObject("Modulo Pruebas SST/Crear_una_entidad_de_riesgo_sst/textarea_Observacin_form_detalleEntidadRiesgoobservacions"), "pruebas katalon"): Text 'pruebas katalon' is set on object 'Object Repository/Modulo Pruebas SST/Crear_una_entidad_de_riesgo_sst/textarea_Observacin_form_detalleEntidadRiesgoobservacions'

2022-03-08 14:39:38 - [MESSAGE][PASSED] - Text 'pruebas katalon' is set on object 'Object Repository/Modulo Pruebas SST/Crear_una_entidad_de_riesgo_sst/textarea_Observacin_form_detalleEntidadRiesgoobservacions'

2022-03-08 14:39:38 - [TEST_STEP][PASSED] - click(findTestObject("Modulo Pruebas SST/Crear_una_entidad_de_riesgo_sst/a_Guardar")): Object: 'Object Repository/Modulo Pruebas SST/Crear_una_entidad_de_riesgo_sst/a_Guardar' is clicked on

2022-03-08 14:39:38 - [MESSAGE][PASSED] - Object: 'Object Repository/Modulo Pruebas SST/Crear_una_entidad_de_riesgo_sst/a_Guardar' is clicked on

2022-03-08 14:39:38 - [TEST_STEP][PASSED] - closeBrowser(): Browser is closed

2022-03-08 14:39:39 - [MESSAGE][PASSED] - Browser is closed]]></system-out>
         <system-err><![CDATA[]]></system-err>
      </testcase>
      <testcase name="Test Cases/5.1-Pruebas_SST/5.1.7-Crear_un_Sistema_de_Vigilancia_Epidemiologica" time="74.461" classname="Test Cases/5.1-Pruebas_SST/5.1.7-Crear_un_Sistema_de_Vigilancia_Epidemiologica" status="PASSED">
         <system-out><![CDATA[2022-03-08 14:39:39 - [TEST_CASE][PASSED] - Test Cases/5.1-Pruebas_SST/5.1.7-Crear_un_Sistema_de_Vigilancia_Epidemiologica: Test Cases/5.1-Pruebas_SST/5.1.7-Crear_un_Sistema_de_Vigilancia_Epidemiologica

2022-03-08 14:39:40 - [TEST_STEP][PASSED] - today = new java.util.Date(): null

2022-03-08 14:39:40 - [TEST_STEP][PASSED] - todaysDate = today.format("dd/MM/yyyy HH:mm"): null

2022-03-08 14:39:40 - [TEST_STEP][PASSED] - comment("FALTA CONDICION PARA ELIMINAR REGISTRO."): FALTA CONDICION PARA ELIMINAR REGISTRO.

2022-03-08 14:39:40 - [MESSAGE][INFO] - FALTA CONDICION PARA ELIMINAR REGISTRO.

2022-03-08 14:39:40 - [TEST_STEP][PASSED] - comment("conflicto con base de datos no permite eliminar registro"): conflicto con base de datos no permite eliminar registro

2022-03-08 14:39:40 - [MESSAGE][INFO] - conflicto con base de datos no permite eliminar registro

2022-03-08 14:39:40 - [TEST_STEP][PASSED] - callTestCase(findTestCase("0.1-Login"), [:], STOP_ON_FAILURE): Call Test Case 'Test Cases/0.1-Login' successfully

2022-03-08 14:39:40 - [TEST_CASE][PASSED] - Test Cases/0.1-Login: Test Cases/0.1-Login

2022-03-08 14:39:40 - [TEST_STEP][PASSED] - openBrowser(""): Browser is opened with url: ''

2022-03-08 14:39:40 - [MESSAGE][INFO] - Starting 'Chrome' driver

2022-03-08 14:39:40 - [MESSAGE][INFO] - Action delay is set to 0 milliseconds

2022-03-08 14:39:41 - [MESSAGE][PASSED] - Browser is opened with url: ''

2022-03-08 14:39:41 - [TEST_STEP][PASSED] - maximizeWindow(): Current window maximized

2022-03-08 14:39:41 - [MESSAGE][PASSED] - Current window maximized

2022-03-08 14:39:41 - [TEST_STEP][PASSED] - i = G_Login: null

2022-03-08 14:39:41 - [TEST_STEP][PASSED] - url = new java.net.URL(i): null

2022-03-08 14:39:41 - [TEST_STEP][PASSED] - println("URL: " + url.toString()): null

2022-03-08 14:39:41 - [TEST_STEP][PASSED] - connection = url.openConnection(): null

2022-03-08 14:39:41 - [TEST_STEP][PASSED] - connection.setRequestMethod("GET"): null

2022-03-08 14:39:41 - [TEST_STEP][PASSED] - connection.setReadTimeout(2 * 1000): null

2022-03-08 14:39:41 - [TEST_STEP][PASSED] - try: null

2022-03-08 14:39:41 - [TEST_STEP][PASSED] - connection.connect(): null

2022-03-08 14:39:41 - [TEST_STEP][PASSED] - flag = connected: null

2022-03-08 14:39:41 - [TEST_STEP][PASSED] - println("Valor_ori: " + flag): null

2022-03-08 14:39:41 - [TEST_STEP][PASSED] - if (flag): null

2022-03-08 14:39:41 - [TEST_STEP][PASSED] - navigateToUrl(i): Navigate to 'http://192.168.2.80:8380/saraweb' successfully

2022-03-08 14:39:42 - [MESSAGE][PASSED] - Navigate to 'http://192.168.2.80:8380/saraweb' successfully

2022-03-08 14:39:42 - [TEST_STEP][PASSED] - a(): null

2022-03-08 14:39:42 - [TEST_STEP][PASSED] - setText(findTestObject("Login/input_USUARIO_loginusuario"), G_Usuario): Text 'saraadmin' is set on object 'Object Repository/Login/input_USUARIO_loginusuario'

2022-03-08 14:39:43 - [MESSAGE][PASSED] - Text 'saraadmin' is set on object 'Object Repository/Login/input_USUARIO_loginusuario'

2022-03-08 14:39:43 - [TEST_STEP][PASSED] - setEncryptedText(findTestObject("Login/input_CLAVE_loginpassword"), "MkG4/TYiCFC3cb2driP7+Q=="): Text ****** has been set on object 'Object Repository/Login/input_CLAVE_loginpassword'

2022-03-08 14:39:43 - [MESSAGE][PASSED] - Text ****** has been set on object 'Object Repository/Login/input_CLAVE_loginpassword'

2022-03-08 14:39:43 - [TEST_STEP][PASSED] - waitForElementClickable(findTestObject("Login/a_Ingresar"), G_TimeOut): Object 'Object Repository/Login/a_Ingresar' is clickable

2022-03-08 14:39:44 - [MESSAGE][PASSED] - Object 'Object Repository/Login/a_Ingresar' is clickable

2022-03-08 14:39:44 - [TEST_STEP][PASSED] - click(findTestObject("Login/a_Ingresar")): Object: 'Object Repository/Login/a_Ingresar' is clicked on

2022-03-08 14:39:46 - [MESSAGE][PASSED] - Object: 'Object Repository/Login/a_Ingresar' is clicked on

2022-03-08 14:39:46 - [TEST_STEP][PASSED] - element = findWebElement(findTestObject("Login/a_Ir"), 30): null

2022-03-08 14:39:47 - [TEST_STEP][PASSED] - executeJavaScript("arguments[0].click()", Arrays.asList(element)): Execute JavaScript 'arguments[0].click()' successfully

2022-03-08 14:39:47 - [MESSAGE][PASSED] - Execute JavaScript 'arguments[0].click()' successfully

2022-03-08 14:39:47 - [MESSAGE][PASSED] - Call Test Case 'Test Cases/0.1-Login' successfully

2022-03-08 14:39:47 - [TEST_STEP][PASSED] - setText(findTestObject("Modulo Pruebas SST/Crear_un_Sistema_de_Vigilancia_Epidemiologica/input_Entidad de Riesgo_form_templatej_idt24_input"), "vigilancia epidemiologica"): Text 'vigilancia epidemiologica' is set on object 'Object Repository/Modulo Pruebas SST/Crear_un_Sistema_de_Vigilancia_Epidemiologica/input_Entidad de Riesgo_form_templatej_idt24_input'

2022-03-08 14:39:49 - [MESSAGE][PASSED] - Text 'vigilancia epidemiologica' is set on object 'Object Repository/Modulo Pruebas SST/Crear_un_Sistema_de_Vigilancia_Epidemiologica/input_Entidad de Riesgo_form_templatej_idt24_input'

2022-03-08 14:39:49 - [TEST_STEP][PASSED] - click(findTestObject("Modulo Pruebas SST/Crear_un_Sistema_de_Vigilancia_Epidemiologica/li_Programas de Vigilancia Epidemiologica (sst)")): Object: 'Object Repository/Modulo Pruebas SST/Crear_un_Sistema_de_Vigilancia_Epidemiologica/li_Programas de Vigilancia Epidemiologica (sst)' is clicked on

2022-03-08 14:39:50 - [MESSAGE][PASSED] - Object: 'Object Repository/Modulo Pruebas SST/Crear_un_Sistema_de_Vigilancia_Epidemiologica/li_Programas de Vigilancia Epidemiologica (sst)' is clicked on

2022-03-08 14:39:50 - [TEST_STEP][PASSED] - click(findTestObject("Modulo Pruebas SST/Crear_un_Sistema_de_Vigilancia_Epidemiologica/td_PRUEBAS K")): Object: 'Object Repository/Modulo Pruebas SST/Crear_un_Sistema_de_Vigilancia_Epidemiologica/td_PRUEBAS K' is clicked on

2022-03-08 14:39:52 - [MESSAGE][PASSED] - Object: 'Object Repository/Modulo Pruebas SST/Crear_un_Sistema_de_Vigilancia_Epidemiologica/td_PRUEBAS K' is clicked on

2022-03-08 14:39:52 - [TEST_STEP][PASSED] - click(findTestObject("Modulo Pruebas SST/Crear_un_Sistema_de_Vigilancia_Epidemiologica/a_Nuevo0")): Object: 'Object Repository/Modulo Pruebas SST/Crear_un_Sistema_de_Vigilancia_Epidemiologica/a_Nuevo0' is clicked on

2022-03-08 14:39:52 - [MESSAGE][PASSED] - Object: 'Object Repository/Modulo Pruebas SST/Crear_un_Sistema_de_Vigilancia_Epidemiologica/a_Nuevo0' is clicked on

2022-03-08 14:39:52 - [TEST_STEP][PASSED] - selectOptionByIndex(findTestObject("Modulo Pruebas SST/Crear_un_Sistema_de_Vigilancia_Epidemiologica/select_--Seleccione--PRUEBAS KATALON"), "1"): All options with index in [1] are selected on object 'Object Repository/Modulo Pruebas SST/Crear_un_Sistema_de_Vigilancia_Epidemiologica/select_--Seleccione--PRUEBAS KATALON'

2022-03-08 14:39:54 - [MESSAGE][PASSED] - All options with index in [1] are selected on object 'Object Repository/Modulo Pruebas SST/Crear_un_Sistema_de_Vigilancia_Epidemiologica/select_--Seleccione--PRUEBAS KATALON'

2022-03-08 14:39:54 - [TEST_STEP][PASSED] - setText(findTestObject("Modulo Pruebas SST/Crear_un_Sistema_de_Vigilancia_Epidemiologica/input_Descripcin_form_programaVigilanciatabdescripcion"), "pruebas k " + todaysDate): Text 'pruebas k 08/03/2022 14:39' is set on object 'Object Repository/Modulo Pruebas SST/Crear_un_Sistema_de_Vigilancia_Epidemiologica/input_Descripcin_form_programaVigilanciatabdescripcion'

2022-03-08 14:39:55 - [MESSAGE][PASSED] - Text 'pruebas k 08/03/2022 14:39' is set on object 'Object Repository/Modulo Pruebas SST/Crear_un_Sistema_de_Vigilancia_Epidemiologica/input_Descripcin_form_programaVigilanciatabdescripcion'

2022-03-08 14:39:55 - [TEST_STEP][PASSED] - click(findTestObject("Modulo Pruebas SST/Crear_un_Sistema_de_Vigilancia_Epidemiologica/label_SI")): Object: 'Object Repository/Modulo Pruebas SST/Crear_un_Sistema_de_Vigilancia_Epidemiologica/label_SI' is clicked on

2022-03-08 14:39:55 - [MESSAGE][PASSED] - Object: 'Object Repository/Modulo Pruebas SST/Crear_un_Sistema_de_Vigilancia_Epidemiologica/label_SI' is clicked on

2022-03-08 14:39:55 - [TEST_STEP][PASSED] - click(findTestObject("Modulo Pruebas SST/Crear_un_Sistema_de_Vigilancia_Epidemiologica/a_Guardar")): Object: 'Object Repository/Modulo Pruebas SST/Crear_un_Sistema_de_Vigilancia_Epidemiologica/a_Guardar' is clicked on

2022-03-08 14:39:56 - [MESSAGE][PASSED] - Object: 'Object Repository/Modulo Pruebas SST/Crear_un_Sistema_de_Vigilancia_Epidemiologica/a_Guardar' is clicked on

2022-03-08 14:39:56 - [TEST_STEP][PASSED] - click(findTestObject("Modulo Pruebas SST/Crear_un_Sistema_de_Vigilancia_Epidemiologica/a_Personas")): Object: 'Object Repository/Modulo Pruebas SST/Crear_un_Sistema_de_Vigilancia_Epidemiologica/a_Personas' is clicked on

2022-03-08 14:39:56 - [MESSAGE][PASSED] - Object: 'Object Repository/Modulo Pruebas SST/Crear_un_Sistema_de_Vigilancia_Epidemiologica/a_Personas' is clicked on

2022-03-08 14:39:56 - [TEST_STEP][PASSED] - click(findTestObject("Modulo Pruebas SST/Crear_un_Sistema_de_Vigilancia_Epidemiologica/a_Nuevo_personas")): Object: 'Object Repository/Modulo Pruebas SST/Crear_un_Sistema_de_Vigilancia_Epidemiologica/a_Nuevo_personas' is clicked on

2022-03-08 14:39:58 - [MESSAGE][PASSED] - Object: 'Object Repository/Modulo Pruebas SST/Crear_un_Sistema_de_Vigilancia_Epidemiologica/a_Nuevo_personas' is clicked on

2022-03-08 14:39:58 - [TEST_STEP][PASSED] - selectOptionByIndex(findTestObject("Modulo Pruebas SST/Crear_un_Sistema_de_Vigilancia_Epidemiologica/select_SeleccioneSEDE NORTESEDE OCCIDENTESEDE SUR"), 1): All options with index in [1] are selected on object 'Object Repository/Modulo Pruebas SST/Crear_un_Sistema_de_Vigilancia_Epidemiologica/select_SeleccioneSEDE NORTESEDE OCCIDENTESEDE SUR'

2022-03-08 14:40:00 - [MESSAGE][PASSED] - All options with index in [1] are selected on object 'Object Repository/Modulo Pruebas SST/Crear_un_Sistema_de_Vigilancia_Epidemiologica/select_SeleccioneSEDE NORTESEDE OCCIDENTESEDE SUR'

2022-03-08 14:40:00 - [TEST_STEP][PASSED] - click(findTestObject("Modulo Pruebas SST/Crear_un_Sistema_de_Vigilancia_Epidemiologica/a_Identificacin_form_popupInscritostabj_idt117")): Object: 'Object Repository/Modulo Pruebas SST/Crear_un_Sistema_de_Vigilancia_Epidemiologica/a_Identificacin_form_popupInscritostabj_idt117' is clicked on

2022-03-08 14:40:00 - [MESSAGE][PASSED] - Object: 'Object Repository/Modulo Pruebas SST/Crear_un_Sistema_de_Vigilancia_Epidemiologica/a_Identificacin_form_popupInscritostabj_idt117' is clicked on

2022-03-08 14:40:00 - [TEST_STEP][PASSED] - setText(findTestObject("Modulo Pruebas SST/Crear_un_Sistema_de_Vigilancia_Epidemiologica/input_Filtro Hoja de Vida_formPopupHojaVidaj_idt1722"), "A A A"): Text 'A A A' is set on object 'Object Repository/Modulo Pruebas SST/Crear_un_Sistema_de_Vigilancia_Epidemiologica/input_Filtro Hoja de Vida_formPopupHojaVidaj_idt1722'

2022-03-08 14:40:01 - [MESSAGE][PASSED] - Text 'A A A' is set on object 'Object Repository/Modulo Pruebas SST/Crear_un_Sistema_de_Vigilancia_Epidemiologica/input_Filtro Hoja de Vida_formPopupHojaVidaj_idt1722'

2022-03-08 14:40:01 - [TEST_STEP][PASSED] - sendKeys(findTestObject("Modulo Pruebas SST/Crear_un_Sistema_de_Vigilancia_Epidemiologica/input_Filtro Hoja de Vida_formPopupHojaVidaj_idt1722"), Keys.chord(ENTER)): Keys 'ENTER + ' sent to object: 'Object Repository/Modulo Pruebas SST/Crear_un_Sistema_de_Vigilancia_Epidemiologica/input_Filtro Hoja de Vida_formPopupHojaVidaj_idt1722'

2022-03-08 14:40:01 - [MESSAGE][PASSED] - Keys 'ENTER + ' sent to object: 'Object Repository/Modulo Pruebas SST/Crear_un_Sistema_de_Vigilancia_Epidemiologica/input_Filtro Hoja de Vida_formPopupHojaVidaj_idt1722'

2022-03-08 14:40:01 - [TEST_STEP][PASSED] - click(findTestObject("Modulo Pruebas SST/Crear_un_Sistema_de_Vigilancia_Epidemiologica/td_A A A")): Object: 'Object Repository/Modulo Pruebas SST/Crear_un_Sistema_de_Vigilancia_Epidemiologica/td_A A A' is clicked on

2022-03-08 14:40:02 - [MESSAGE][PASSED] - Object: 'Object Repository/Modulo Pruebas SST/Crear_un_Sistema_de_Vigilancia_Epidemiologica/td_A A A' is clicked on

2022-03-08 14:40:02 - [TEST_STEP][PASSED] - selectOptionByIndex(findTestObject("Modulo Pruebas SST/Crear_un_Sistema_de_Vigilancia_Epidemiologica/select_SeleccioneAula InteligenteSala de JuntasSalon ExternoSalon Principal"), 1): All options with index in [1] are selected on object 'Object Repository/Modulo Pruebas SST/Crear_un_Sistema_de_Vigilancia_Epidemiologica/select_SeleccioneAula InteligenteSala de JuntasSalon ExternoSalon Principal'

2022-03-08 14:40:04 - [MESSAGE][PASSED] - All options with index in [1] are selected on object 'Object Repository/Modulo Pruebas SST/Crear_un_Sistema_de_Vigilancia_Epidemiologica/select_SeleccioneAula InteligenteSala de JuntasSalon ExternoSalon Principal'

2022-03-08 14:40:04 - [TEST_STEP][PASSED] - click(findTestObject("Modulo Pruebas SST/Crear_un_Sistema_de_Vigilancia_Epidemiologica/span_Remitido EPS_ui-chkbox-icon ui-icon ui-icon-blank ui-c")): Object: 'Object Repository/Modulo Pruebas SST/Crear_un_Sistema_de_Vigilancia_Epidemiologica/span_Remitido EPS_ui-chkbox-icon ui-icon ui-icon-blank ui-c' is clicked on

2022-03-08 14:40:04 - [MESSAGE][PASSED] - Object: 'Object Repository/Modulo Pruebas SST/Crear_un_Sistema_de_Vigilancia_Epidemiologica/span_Remitido EPS_ui-chkbox-icon ui-icon ui-icon-blank ui-c' is clicked on

2022-03-08 14:40:04 - [TEST_STEP][PASSED] - setText(findTestObject("Modulo Pruebas SST/Crear_un_Sistema_de_Vigilancia_Epidemiologica/textarea_Observacin_form_popupInscritostabobservacion"), "pruebas k"): Text 'pruebas k' is set on object 'Object Repository/Modulo Pruebas SST/Crear_un_Sistema_de_Vigilancia_Epidemiologica/textarea_Observacin_form_popupInscritostabobservacion'

2022-03-08 14:40:05 - [MESSAGE][PASSED] - Text 'pruebas k' is set on object 'Object Repository/Modulo Pruebas SST/Crear_un_Sistema_de_Vigilancia_Epidemiologica/textarea_Observacin_form_popupInscritostabobservacion'

2022-03-08 14:40:05 - [TEST_STEP][PASSED] - click(findTestObject("Modulo Pruebas SST/Crear_un_Sistema_de_Vigilancia_Epidemiologica/a_Guardar")): Object: 'Object Repository/Modulo Pruebas SST/Crear_un_Sistema_de_Vigilancia_Epidemiologica/a_Guardar' is clicked on

2022-03-08 14:40:05 - [MESSAGE][PASSED] - Object: 'Object Repository/Modulo Pruebas SST/Crear_un_Sistema_de_Vigilancia_Epidemiologica/a_Guardar' is clicked on

2022-03-08 14:40:05 - [TEST_STEP][PASSED] - click(findTestObject("Modulo Pruebas SST/Crear_un_Sistema_de_Vigilancia_Epidemiologica/a_Grupos")): Object: 'Object Repository/Modulo Pruebas SST/Crear_un_Sistema_de_Vigilancia_Epidemiologica/a_Grupos' is clicked on

2022-03-08 14:40:06 - [MESSAGE][PASSED] - Object: 'Object Repository/Modulo Pruebas SST/Crear_un_Sistema_de_Vigilancia_Epidemiologica/a_Grupos' is clicked on

2022-03-08 14:40:06 - [TEST_STEP][PASSED] - click(findTestObject("Modulo Pruebas SST/Crear_un_Sistema_de_Vigilancia_Epidemiologica/a_Personas Entidad de Riesgo")): Object: 'Object Repository/Modulo Pruebas SST/Crear_un_Sistema_de_Vigilancia_Epidemiologica/a_Personas Entidad de Riesgo' is clicked on

2022-03-08 14:40:06 - [MESSAGE][PASSED] - Object: 'Object Repository/Modulo Pruebas SST/Crear_un_Sistema_de_Vigilancia_Epidemiologica/a_Personas Entidad de Riesgo' is clicked on

2022-03-08 14:40:06 - [TEST_STEP][PASSED] - selectOptionByIndex(findTestObject("Modulo Pruebas SST/Crear_un_Sistema_de_Vigilancia_Epidemiologica/select_Seleccione234ENTIDAD DE RIESGO 01idad y Salud en el Trabajo"), 26): All options with index in [26] are selected on object 'Object Repository/Modulo Pruebas SST/Crear_un_Sistema_de_Vigilancia_Epidemiologica/select_Seleccione234ENTIDAD DE RIESGO 01idad y Salud en el Trabajo'

2022-03-08 14:40:08 - [MESSAGE][PASSED] - All options with index in [26] are selected on object 'Object Repository/Modulo Pruebas SST/Crear_un_Sistema_de_Vigilancia_Epidemiologica/select_Seleccione234ENTIDAD DE RIESGO 01idad y Salud en el Trabajo'

2022-03-08 14:40:08 - [TEST_STEP][PASSED] - click(findTestObject("Modulo Pruebas SST/Crear_un_Sistema_de_Vigilancia_Epidemiologica/div_DIAZ BLANCO GUISELL_ui-chkbox-box ui-widget ui-corner-all ui-state-default ui-state-hover")): Object: 'Object Repository/Modulo Pruebas SST/Crear_un_Sistema_de_Vigilancia_Epidemiologica/div_DIAZ BLANCO GUISELL_ui-chkbox-box ui-widget ui-corner-all ui-state-default ui-state-hover' is clicked on

2022-03-08 14:40:09 - [MESSAGE][PASSED] - Object: 'Object Repository/Modulo Pruebas SST/Crear_un_Sistema_de_Vigilancia_Epidemiologica/div_DIAZ BLANCO GUISELL_ui-chkbox-box ui-widget ui-corner-all ui-state-default ui-state-hover' is clicked on

2022-03-08 14:40:09 - [TEST_STEP][PASSED] - click(findTestObject("Modulo Pruebas SST/Crear_un_Sistema_de_Vigilancia_Epidemiologica/div_CONSTA BELFEGORD  JHON1393138_ui-chkbox-box ui-widget ui-corner-all ui-state-default ui-state-hover")): Object: 'Object Repository/Modulo Pruebas SST/Crear_un_Sistema_de_Vigilancia_Epidemiologica/div_CONSTA BELFEGORD  JHON1393138_ui-chkbox-box ui-widget ui-corner-all ui-state-default ui-state-hover' is clicked on

2022-03-08 14:40:10 - [MESSAGE][PASSED] - Object: 'Object Repository/Modulo Pruebas SST/Crear_un_Sistema_de_Vigilancia_Epidemiologica/div_CONSTA BELFEGORD  JHON1393138_ui-chkbox-box ui-widget ui-corner-all ui-state-default ui-state-hover' is clicked on

2022-03-08 14:40:10 - [TEST_STEP][PASSED] - click(findTestObject("Modulo Pruebas SST/Crear_un_Sistema_de_Vigilancia_Epidemiologica/a_Enviar")): Object: 'Object Repository/Modulo Pruebas SST/Crear_un_Sistema_de_Vigilancia_Epidemiologica/a_Enviar' is clicked on

2022-03-08 14:40:11 - [MESSAGE][PASSED] - Object: 'Object Repository/Modulo Pruebas SST/Crear_un_Sistema_de_Vigilancia_Epidemiologica/a_Enviar' is clicked on

2022-03-08 14:40:11 - [TEST_STEP][PASSED] - sendKeys(findTestObject("Modulo Pruebas SST/Crear_un_Sistema_de_Vigilancia_Epidemiologica/input_Fecha Inscripcin_form_popupInscritostabinicio_input"), Keys.chord(ESCAPE)): Keys 'ESCAPE + ' sent to object: 'Object Repository/Modulo Pruebas SST/Crear_un_Sistema_de_Vigilancia_Epidemiologica/input_Fecha Inscripcin_form_popupInscritostabinicio_input'

2022-03-08 14:40:11 - [MESSAGE][PASSED] - Keys 'ESCAPE + ' sent to object: 'Object Repository/Modulo Pruebas SST/Crear_un_Sistema_de_Vigilancia_Epidemiologica/input_Fecha Inscripcin_form_popupInscritostabinicio_input'

2022-03-08 14:40:11 - [TEST_STEP][PASSED] - setText(findTestObject("Modulo Pruebas SST/Crear_un_Sistema_de_Vigilancia_Epidemiologica/textarea_Observacin_form_popupInscritostabobservacion"), "pruebas k"): Text 'pruebas k' is set on object 'Object Repository/Modulo Pruebas SST/Crear_un_Sistema_de_Vigilancia_Epidemiologica/textarea_Observacin_form_popupInscritostabobservacion'

2022-03-08 14:40:12 - [MESSAGE][PASSED] - Text 'pruebas k' is set on object 'Object Repository/Modulo Pruebas SST/Crear_un_Sistema_de_Vigilancia_Epidemiologica/textarea_Observacin_form_popupInscritostabobservacion'

2022-03-08 14:40:12 - [TEST_STEP][PASSED] - click(findTestObject("Modulo Pruebas SST/Crear_un_Sistema_de_Vigilancia_Epidemiologica/a_Guardar")): Object: 'Object Repository/Modulo Pruebas SST/Crear_un_Sistema_de_Vigilancia_Epidemiologica/a_Guardar' is clicked on

2022-03-08 14:40:12 - [MESSAGE][PASSED] - Object: 'Object Repository/Modulo Pruebas SST/Crear_un_Sistema_de_Vigilancia_Epidemiologica/a_Guardar' is clicked on

2022-03-08 14:40:12 - [TEST_STEP][PASSED] - click(findTestObject("Modulo Pruebas SST/Crear_un_Sistema_de_Vigilancia_Epidemiologica/td_PRUEBAS K")): Object: 'Object Repository/Modulo Pruebas SST/Crear_un_Sistema_de_Vigilancia_Epidemiologica/td_PRUEBAS K' is clicked on

2022-03-08 14:40:13 - [MESSAGE][PASSED] - Object: 'Object Repository/Modulo Pruebas SST/Crear_un_Sistema_de_Vigilancia_Epidemiologica/td_PRUEBAS K' is clicked on

2022-03-08 14:40:13 - [TEST_STEP][PASSED] - click(findTestObject("Modulo Pruebas SST/Crear_un_Sistema_de_Vigilancia_Epidemiologica/a_Recomendaciones")): Object: 'Object Repository/Modulo Pruebas SST/Crear_un_Sistema_de_Vigilancia_Epidemiologica/a_Recomendaciones' is clicked on

2022-03-08 14:40:14 - [MESSAGE][PASSED] - Object: 'Object Repository/Modulo Pruebas SST/Crear_un_Sistema_de_Vigilancia_Epidemiologica/a_Recomendaciones' is clicked on

2022-03-08 14:40:14 - [TEST_STEP][PASSED] - click(findTestObject("Modulo Pruebas SST/Crear_un_Sistema_de_Vigilancia_Epidemiologica/a_Nuevo")): Object: 'Object Repository/Modulo Pruebas SST/Crear_un_Sistema_de_Vigilancia_Epidemiologica/a_Nuevo' is clicked on

2022-03-08 14:40:15 - [MESSAGE][PASSED] - Object: 'Object Repository/Modulo Pruebas SST/Crear_un_Sistema_de_Vigilancia_Epidemiologica/a_Nuevo' is clicked on

2022-03-08 14:40:15 - [TEST_STEP][PASSED] - selectOptionByIndex(findTestObject("Modulo Pruebas SST/Crear_un_Sistema_de_Vigilancia_Epidemiologica/select_ActivoCanceladoCumplidoNo Cumplido"), 0): All options with index in [0] are selected on object 'Object Repository/Modulo Pruebas SST/Crear_un_Sistema_de_Vigilancia_Epidemiologica/select_ActivoCanceladoCumplidoNo Cumplido'

2022-03-08 14:40:17 - [MESSAGE][PASSED] - All options with index in [0] are selected on object 'Object Repository/Modulo Pruebas SST/Crear_un_Sistema_de_Vigilancia_Epidemiologica/select_ActivoCanceladoCumplidoNo Cumplido'

2022-03-08 14:40:17 - [TEST_STEP][PASSED] - selectOptionByIndex(findTestObject("Modulo Pruebas SST/Crear_un_Sistema_de_Vigilancia_Epidemiologica/select_-- SELECCIONAR --Trate de no correr"), 1): All options with index in [1] are selected on object 'Object Repository/Modulo Pruebas SST/Crear_un_Sistema_de_Vigilancia_Epidemiologica/select_-- SELECCIONAR --Trate de no correr'

2022-03-08 14:40:18 - [MESSAGE][PASSED] - All options with index in [1] are selected on object 'Object Repository/Modulo Pruebas SST/Crear_un_Sistema_de_Vigilancia_Epidemiologica/select_-- SELECCIONAR --Trate de no correr'

2022-03-08 14:40:18 - [TEST_STEP][PASSED] - selectOptionByIndex(findTestObject("Modulo Pruebas SST/Crear_un_Sistema_de_Vigilancia_Epidemiologica/select_-- SELECCIONAR --Recomendacin Atep 2Recomendacin Atep 1"), 1): All options with index in [1] are selected on object 'Object Repository/Modulo Pruebas SST/Crear_un_Sistema_de_Vigilancia_Epidemiologica/select_-- SELECCIONAR --Recomendacin Atep 2Recomendacin Atep 1'

2022-03-08 14:40:19 - [MESSAGE][PASSED] - All options with index in [1] are selected on object 'Object Repository/Modulo Pruebas SST/Crear_un_Sistema_de_Vigilancia_Epidemiologica/select_-- SELECCIONAR --Recomendacin Atep 2Recomendacin Atep 1'

2022-03-08 14:40:19 - [TEST_STEP][PASSED] - click(findTestObject("Modulo Pruebas SST/Crear_un_Sistema_de_Vigilancia_Epidemiologica/a_Responsable Recomendaciones_form_popupSeguimientotabRecomendacionj_idt607")): Object: 'Object Repository/Modulo Pruebas SST/Crear_un_Sistema_de_Vigilancia_Epidemiologica/a_Responsable Recomendaciones_form_popupSeguimientotabRecomendacionj_idt607' is clicked on

2022-03-08 14:40:20 - [MESSAGE][PASSED] - Object: 'Object Repository/Modulo Pruebas SST/Crear_un_Sistema_de_Vigilancia_Epidemiologica/a_Responsable Recomendaciones_form_popupSeguimientotabRecomendacionj_idt607' is clicked on

2022-03-08 14:40:20 - [TEST_STEP][PASSED] - setText(findTestObject("Modulo Pruebas SST/Crear_un_Sistema_de_Vigilancia_Epidemiologica/input_Filtro Hoja de Vida_formPopupHojaVidaj_idt1722"), "A A A"): Text 'A A A' is set on object 'Object Repository/Modulo Pruebas SST/Crear_un_Sistema_de_Vigilancia_Epidemiologica/input_Filtro Hoja de Vida_formPopupHojaVidaj_idt1722'

2022-03-08 14:40:21 - [MESSAGE][PASSED] - Text 'A A A' is set on object 'Object Repository/Modulo Pruebas SST/Crear_un_Sistema_de_Vigilancia_Epidemiologica/input_Filtro Hoja de Vida_formPopupHojaVidaj_idt1722'

2022-03-08 14:40:21 - [TEST_STEP][PASSED] - sendKeys(findTestObject("Modulo Pruebas SST/Crear_un_Sistema_de_Vigilancia_Epidemiologica/input_Filtro Hoja de Vida_formPopupHojaVidaj_idt1722"), Keys.chord(ENTER)): Keys 'ENTER + ' sent to object: 'Object Repository/Modulo Pruebas SST/Crear_un_Sistema_de_Vigilancia_Epidemiologica/input_Filtro Hoja de Vida_formPopupHojaVidaj_idt1722'

2022-03-08 14:40:23 - [MESSAGE][PASSED] - Keys 'ENTER + ' sent to object: 'Object Repository/Modulo Pruebas SST/Crear_un_Sistema_de_Vigilancia_Epidemiologica/input_Filtro Hoja de Vida_formPopupHojaVidaj_idt1722'

2022-03-08 14:40:23 - [TEST_STEP][PASSED] - click(findTestObject("Modulo Pruebas SST/Crear_un_Sistema_de_Vigilancia_Epidemiologica/td_A A A")): Object: 'Object Repository/Modulo Pruebas SST/Crear_un_Sistema_de_Vigilancia_Epidemiologica/td_A A A' is clicked on

2022-03-08 14:40:24 - [MESSAGE][PASSED] - Object: 'Object Repository/Modulo Pruebas SST/Crear_un_Sistema_de_Vigilancia_Epidemiologica/td_A A A' is clicked on

2022-03-08 14:40:24 - [TEST_STEP][PASSED] - click(findTestObject("Modulo Pruebas SST/Crear_un_Sistema_de_Vigilancia_Epidemiologica/a_Guardar")): Object: 'Object Repository/Modulo Pruebas SST/Crear_un_Sistema_de_Vigilancia_Epidemiologica/a_Guardar' is clicked on

2022-03-08 14:40:26 - [MESSAGE][PASSED] - Object: 'Object Repository/Modulo Pruebas SST/Crear_un_Sistema_de_Vigilancia_Epidemiologica/a_Guardar' is clicked on

2022-03-08 14:40:26 - [TEST_STEP][PASSED] - click(findTestObject("Modulo Pruebas SST/Crear_un_Sistema_de_Vigilancia_Epidemiologica/a_Seguimiento")): Object: 'Object Repository/Modulo Pruebas SST/Crear_un_Sistema_de_Vigilancia_Epidemiologica/a_Seguimiento' is clicked on

2022-03-08 14:40:27 - [MESSAGE][PASSED] - Object: 'Object Repository/Modulo Pruebas SST/Crear_un_Sistema_de_Vigilancia_Epidemiologica/a_Seguimiento' is clicked on

2022-03-08 14:40:27 - [TEST_STEP][PASSED] - click(findTestObject("Modulo Pruebas SST/Crear_un_Sistema_de_Vigilancia_Epidemiologica/a_Fecha Seguimiento_form_popupInscritostabtablaSeguimientoj_idt192")): Object: 'Object Repository/Modulo Pruebas SST/Crear_un_Sistema_de_Vigilancia_Epidemiologica/a_Fecha Seguimiento_form_popupInscritostabtablaSeguimientoj_idt192' is clicked on

2022-03-08 14:40:27 - [MESSAGE][PASSED] - Object: 'Object Repository/Modulo Pruebas SST/Crear_un_Sistema_de_Vigilancia_Epidemiologica/a_Fecha Seguimiento_form_popupInscritostabtablaSeguimientoj_idt192' is clicked on

2022-03-08 14:40:27 - [TEST_STEP][PASSED] - selectOptionByIndex(findTestObject("Modulo Pruebas SST/Crear_un_Sistema_de_Vigilancia_Epidemiologica/select_-- SELECCIONAR --Trate de no correr0"), 1): All options with index in [1] are selected on object 'Object Repository/Modulo Pruebas SST/Crear_un_Sistema_de_Vigilancia_Epidemiologica/select_-- SELECCIONAR --Trate de no correr0'

2022-03-08 14:40:29 - [MESSAGE][PASSED] - All options with index in [1] are selected on object 'Object Repository/Modulo Pruebas SST/Crear_un_Sistema_de_Vigilancia_Epidemiologica/select_-- SELECCIONAR --Trate de no correr0'

2022-03-08 14:40:29 - [TEST_STEP][PASSED] - click(findTestObject("Modulo Pruebas SST/Crear_un_Sistema_de_Vigilancia_Epidemiologica/span_Trate de no correr")): Object: 'Object Repository/Modulo Pruebas SST/Crear_un_Sistema_de_Vigilancia_Epidemiologica/span_Trate de no correr' is clicked on

2022-03-08 14:40:30 - [MESSAGE][PASSED] - Object: 'Object Repository/Modulo Pruebas SST/Crear_un_Sistema_de_Vigilancia_Epidemiologica/span_Trate de no correr' is clicked on

2022-03-08 14:40:30 - [TEST_STEP][PASSED] - setText(findTestObject("Modulo Pruebas SST/Crear_un_Sistema_de_Vigilancia_Epidemiologica/textarea_Fecha Seguimiento_form_popupInscritostabtablaSeguimientoj_idt197"), "pruebas k"): Text 'pruebas k' is set on object 'Object Repository/Modulo Pruebas SST/Crear_un_Sistema_de_Vigilancia_Epidemiologica/textarea_Fecha Seguimiento_form_popupInscritostabtablaSeguimientoj_idt197'

2022-03-08 14:40:31 - [MESSAGE][PASSED] - Text 'pruebas k' is set on object 'Object Repository/Modulo Pruebas SST/Crear_un_Sistema_de_Vigilancia_Epidemiologica/textarea_Fecha Seguimiento_form_popupInscritostabtablaSeguimientoj_idt197'

2022-03-08 14:40:31 - [TEST_STEP][PASSED] - setText(findTestObject("Modulo Pruebas SST/Crear_un_Sistema_de_Vigilancia_Epidemiologica/input_Fecha Seguimiento_form_popupInscritostabtablaSeguimientoj_idt202_input"), "15/12/2021"): Text '15/12/2021' is set on object 'Object Repository/Modulo Pruebas SST/Crear_un_Sistema_de_Vigilancia_Epidemiologica/input_Fecha Seguimiento_form_popupInscritostabtablaSeguimientoj_idt202_input'

2022-03-08 14:40:32 - [MESSAGE][PASSED] - Text '15/12/2021' is set on object 'Object Repository/Modulo Pruebas SST/Crear_un_Sistema_de_Vigilancia_Epidemiologica/input_Fecha Seguimiento_form_popupInscritostabtablaSeguimientoj_idt202_input'

2022-03-08 14:40:32 - [TEST_STEP][PASSED] - click(findTestObject("Modulo Pruebas SST/Crear_un_Sistema_de_Vigilancia_Epidemiologica/a_Fecha Seguimiento_form_popupInscritostabtablaSeguimientoj_idt206")): Object: 'Object Repository/Modulo Pruebas SST/Crear_un_Sistema_de_Vigilancia_Epidemiologica/a_Fecha Seguimiento_form_popupInscritostabtablaSeguimientoj_idt206' is clicked on

2022-03-08 14:40:33 - [MESSAGE][PASSED] - Object: 'Object Repository/Modulo Pruebas SST/Crear_un_Sistema_de_Vigilancia_Epidemiologica/a_Fecha Seguimiento_form_popupInscritostabtablaSeguimientoj_idt206' is clicked on

2022-03-08 14:40:33 - [TEST_STEP][PASSED] - click(findTestObject("Modulo Pruebas SST/Crear_un_Sistema_de_Vigilancia_Epidemiologica/span_SEDE NORTE_ui-icon ui-icon-closethick")): Object: 'Object Repository/Modulo Pruebas SST/Crear_un_Sistema_de_Vigilancia_Epidemiologica/span_SEDE NORTE_ui-icon ui-icon-closethick' is clicked on

2022-03-08 14:40:38 - [MESSAGE][PASSED] - Object: 'Object Repository/Modulo Pruebas SST/Crear_un_Sistema_de_Vigilancia_Epidemiologica/span_SEDE NORTE_ui-icon ui-icon-closethick' is clicked on

2022-03-08 14:40:38 - [TEST_STEP][PASSED] - click(findTestObject("Modulo Pruebas SST/Crear_un_Sistema_de_Vigilancia_Epidemiologica/a_Examen")): Object: 'Object Repository/Modulo Pruebas SST/Crear_un_Sistema_de_Vigilancia_Epidemiologica/a_Examen' is clicked on

2022-03-08 14:40:39 - [MESSAGE][PASSED] - Object: 'Object Repository/Modulo Pruebas SST/Crear_un_Sistema_de_Vigilancia_Epidemiologica/a_Examen' is clicked on

2022-03-08 14:40:39 - [TEST_STEP][PASSED] - click(findTestObject("Modulo Pruebas SST/Crear_un_Sistema_de_Vigilancia_Epidemiologica/a_Nuevo")): Object: 'Object Repository/Modulo Pruebas SST/Crear_un_Sistema_de_Vigilancia_Epidemiologica/a_Nuevo' is clicked on

2022-03-08 14:40:40 - [MESSAGE][PASSED] - Object: 'Object Repository/Modulo Pruebas SST/Crear_un_Sistema_de_Vigilancia_Epidemiologica/a_Nuevo' is clicked on

2022-03-08 14:40:40 - [TEST_STEP][PASSED] - selectOptionByIndex(findTestObject("Modulo Pruebas SST/Crear_un_Sistema_de_Vigilancia_Epidemiologica/select_SeleccioneSEDE NORTESEDE OCCIDENTESEDE SUR1"), 1): All options with index in [1] are selected on object 'Object Repository/Modulo Pruebas SST/Crear_un_Sistema_de_Vigilancia_Epidemiologica/select_SeleccioneSEDE NORTESEDE OCCIDENTESEDE SUR1'

2022-03-08 14:40:41 - [MESSAGE][PASSED] - All options with index in [1] are selected on object 'Object Repository/Modulo Pruebas SST/Crear_un_Sistema_de_Vigilancia_Epidemiologica/select_SeleccioneSEDE NORTESEDE OCCIDENTESEDE SUR1'

2022-03-08 14:40:41 - [TEST_STEP][PASSED] - selectOptionByIndex(findTestObject("Modulo Pruebas SST/Crear_un_Sistema_de_Vigilancia_Epidemiologica/select_SeleccioneALMANZA NOVOA JOHN"), 1): All options with index in [1] are selected on object 'Object Repository/Modulo Pruebas SST/Crear_un_Sistema_de_Vigilancia_Epidemiologica/select_SeleccioneALMANZA NOVOA JOHN'

2022-03-08 14:40:43 - [MESSAGE][PASSED] - All options with index in [1] are selected on object 'Object Repository/Modulo Pruebas SST/Crear_un_Sistema_de_Vigilancia_Epidemiologica/select_SeleccioneALMANZA NOVOA JOHN'

2022-03-08 14:40:43 - [TEST_STEP][PASSED] - click(findTestObject("Modulo Pruebas SST/Crear_un_Sistema_de_Vigilancia_Epidemiologica/a_Examinado_form_popupExamenesj_idt286")): Object: 'Object Repository/Modulo Pruebas SST/Crear_un_Sistema_de_Vigilancia_Epidemiologica/a_Examinado_form_popupExamenesj_idt286' is clicked on

2022-03-08 14:40:43 - [MESSAGE][PASSED] - Object: 'Object Repository/Modulo Pruebas SST/Crear_un_Sistema_de_Vigilancia_Epidemiologica/a_Examinado_form_popupExamenesj_idt286' is clicked on

2022-03-08 14:40:43 - [TEST_STEP][PASSED] - click(findTestObject("Modulo Pruebas SST/Crear_un_Sistema_de_Vigilancia_Epidemiologica/span_A A A")): Object: 'Object Repository/Modulo Pruebas SST/Crear_un_Sistema_de_Vigilancia_Epidemiologica/span_A A A' is clicked on

2022-03-08 14:40:44 - [MESSAGE][PASSED] - Object: 'Object Repository/Modulo Pruebas SST/Crear_un_Sistema_de_Vigilancia_Epidemiologica/span_A A A' is clicked on

2022-03-08 14:40:44 - [TEST_STEP][PASSED] - selectOptionByIndex(findTestObject("Modulo Pruebas SST/Crear_un_Sistema_de_Vigilancia_Epidemiologica/select_SeleccioneCuadro HematicoExamen de OrinaExamen Medico de RutinaExamen Medico de Rutina"), 3): All options with index in [3] are selected on object 'Object Repository/Modulo Pruebas SST/Crear_un_Sistema_de_Vigilancia_Epidemiologica/select_SeleccioneCuadro HematicoExamen de OrinaExamen Medico de RutinaExamen Medico de Rutina'

2022-03-08 14:40:45 - [MESSAGE][PASSED] - All options with index in [3] are selected on object 'Object Repository/Modulo Pruebas SST/Crear_un_Sistema_de_Vigilancia_Epidemiologica/select_SeleccioneCuadro HematicoExamen de OrinaExamen Medico de RutinaExamen Medico de Rutina'

2022-03-08 14:40:45 - [TEST_STEP][PASSED] - click(findTestObject("Modulo Pruebas SST/Crear_un_Sistema_de_Vigilancia_Epidemiologica/a_Guardar")): Object: 'Object Repository/Modulo Pruebas SST/Crear_un_Sistema_de_Vigilancia_Epidemiologica/a_Guardar' is clicked on

2022-03-08 14:40:46 - [MESSAGE][PASSED] - Object: 'Object Repository/Modulo Pruebas SST/Crear_un_Sistema_de_Vigilancia_Epidemiologica/a_Guardar' is clicked on

2022-03-08 14:40:46 - [TEST_STEP][PASSED] - click(findTestObject("Modulo Pruebas SST/Crear_un_Sistema_de_Vigilancia_Epidemiologica/a_Programar Encuestas")): Object: 'Object Repository/Modulo Pruebas SST/Crear_un_Sistema_de_Vigilancia_Epidemiologica/a_Programar Encuestas' is clicked on

2022-03-08 14:40:47 - [MESSAGE][PASSED] - Object: 'Object Repository/Modulo Pruebas SST/Crear_un_Sistema_de_Vigilancia_Epidemiologica/a_Programar Encuestas' is clicked on

2022-03-08 14:40:47 - [TEST_STEP][PASSED] - selectOptionByIndex(findTestObject("Modulo Pruebas SST/Crear_un_Sistema_de_Vigilancia_Epidemiologica/select_-- SELECCIONAR --EntidadListado Chequeo encuesta"), 2): All options with index in [2] are selected on object 'Object Repository/Modulo Pruebas SST/Crear_un_Sistema_de_Vigilancia_Epidemiologica/select_-- SELECCIONAR --EntidadListado Chequeo encuesta'

2022-03-08 14:40:48 - [MESSAGE][PASSED] - All options with index in [2] are selected on object 'Object Repository/Modulo Pruebas SST/Crear_un_Sistema_de_Vigilancia_Epidemiologica/select_-- SELECCIONAR --EntidadListado Chequeo encuesta'

2022-03-08 14:40:48 - [TEST_STEP][PASSED] - click(findTestObject("Modulo Pruebas SST/Crear_un_Sistema_de_Vigilancia_Epidemiologica/a_Adicionar Personas")): Object: 'Object Repository/Modulo Pruebas SST/Crear_un_Sistema_de_Vigilancia_Epidemiologica/a_Adicionar Personas' is clicked on

2022-03-08 14:40:49 - [MESSAGE][PASSED] - Object: 'Object Repository/Modulo Pruebas SST/Crear_un_Sistema_de_Vigilancia_Epidemiologica/a_Adicionar Personas' is clicked on

2022-03-08 14:40:49 - [TEST_STEP][PASSED] - click(findTestObject("Modulo Pruebas SST/Crear_un_Sistema_de_Vigilancia_Epidemiologica/span_CONSTA BELFEGORD  JHON1393138")): Object: 'Object Repository/Modulo Pruebas SST/Crear_un_Sistema_de_Vigilancia_Epidemiologica/span_CONSTA BELFEGORD  JHON1393138' is clicked on

2022-03-08 14:40:49 - [MESSAGE][PASSED] - Object: 'Object Repository/Modulo Pruebas SST/Crear_un_Sistema_de_Vigilancia_Epidemiologica/span_CONSTA BELFEGORD  JHON1393138' is clicked on

2022-03-08 14:40:49 - [TEST_STEP][PASSED] - click(findTestObject("Modulo Pruebas SST/Crear_un_Sistema_de_Vigilancia_Epidemiologica/a_Guardar")): Object: 'Object Repository/Modulo Pruebas SST/Crear_un_Sistema_de_Vigilancia_Epidemiologica/a_Guardar' is clicked on

2022-03-08 14:40:50 - [MESSAGE][PASSED] - Object: 'Object Repository/Modulo Pruebas SST/Crear_un_Sistema_de_Vigilancia_Epidemiologica/a_Guardar' is clicked on

2022-03-08 14:40:50 - [TEST_STEP][PASSED] - click(findTestObject("Modulo Pruebas SST/Crear_un_Sistema_de_Vigilancia_Epidemiologica/a_Resultado Encuestas")): Object: 'Object Repository/Modulo Pruebas SST/Crear_un_Sistema_de_Vigilancia_Epidemiologica/a_Resultado Encuestas' is clicked on

2022-03-08 14:40:51 - [MESSAGE][PASSED] - Object: 'Object Repository/Modulo Pruebas SST/Crear_un_Sistema_de_Vigilancia_Epidemiologica/a_Resultado Encuestas' is clicked on

2022-03-08 14:40:51 - [TEST_STEP][PASSED] - click(findTestObject("Modulo Pruebas SST/Crear_un_Sistema_de_Vigilancia_Epidemiologica/td_1393138 - CONSTA BELFEGORD  JHON1393138")): Object: 'Object Repository/Modulo Pruebas SST/Crear_un_Sistema_de_Vigilancia_Epidemiologica/td_1393138 - CONSTA BELFEGORD  JHON1393138' is clicked on

2022-03-08 14:40:52 - [MESSAGE][PASSED] - Object: 'Object Repository/Modulo Pruebas SST/Crear_un_Sistema_de_Vigilancia_Epidemiologica/td_1393138 - CONSTA BELFEGORD  JHON1393138' is clicked on

2022-03-08 14:40:52 - [TEST_STEP][PASSED] - comment("FALTA CONDICION PARA ELIMINAR REGISTRO."): FALTA CONDICION PARA ELIMINAR REGISTRO.

2022-03-08 14:40:52 - [MESSAGE][INFO] - FALTA CONDICION PARA ELIMINAR REGISTRO.

2022-03-08 14:40:52 - [TEST_STEP][PASSED] - comment("conflicto con base de datos no permite eliminar registro"): conflicto con base de datos no permite eliminar registro

2022-03-08 14:40:52 - [MESSAGE][INFO] - conflicto con base de datos no permite eliminar registro

2022-03-08 14:40:52 - [TEST_STEP][PASSED] - closeBrowser(): Browser is closed

2022-03-08 14:40:53 - [MESSAGE][PASSED] - Browser is closed]]></system-out>
         <system-err><![CDATA[]]></system-err>
      </testcase>
      <testcase name="Test Cases/5.1-Pruebas_SST/5.1.8-Crear_plan_de_trabajo_anual" time="69.528" classname="Test Cases/5.1-Pruebas_SST/5.1.8-Crear_plan_de_trabajo_anual" status="PASSED">
         <system-out><![CDATA[2022-03-08 14:40:53 - [TEST_CASE][PASSED] - Test Cases/5.1-Pruebas_SST/5.1.8-Crear_plan_de_trabajo_anual: Test Cases/5.1-Pruebas_SST/5.1.8-Crear_plan_de_trabajo_anual

2022-03-08 14:40:54 - [TEST_STEP][PASSED] - callTestCase(findTestCase("0.1-Login"), [:], STOP_ON_FAILURE): Call Test Case 'Test Cases/0.1-Login' successfully

2022-03-08 14:40:54 - [TEST_CASE][PASSED] - Test Cases/0.1-Login: Test Cases/0.1-Login

2022-03-08 14:40:54 - [TEST_STEP][PASSED] - openBrowser(""): Browser is opened with url: ''

2022-03-08 14:40:54 - [MESSAGE][INFO] - Starting 'Chrome' driver

2022-03-08 14:40:54 - [MESSAGE][INFO] - Action delay is set to 0 milliseconds

2022-03-08 14:40:56 - [MESSAGE][PASSED] - Browser is opened with url: ''

2022-03-08 14:40:56 - [TEST_STEP][PASSED] - maximizeWindow(): Current window maximized

2022-03-08 14:40:56 - [MESSAGE][PASSED] - Current window maximized

2022-03-08 14:40:56 - [TEST_STEP][PASSED] - i = G_Login: null

2022-03-08 14:40:56 - [TEST_STEP][PASSED] - url = new java.net.URL(i): null

2022-03-08 14:40:56 - [TEST_STEP][PASSED] - println("URL: " + url.toString()): null

2022-03-08 14:40:56 - [TEST_STEP][PASSED] - connection = url.openConnection(): null

2022-03-08 14:40:56 - [TEST_STEP][PASSED] - connection.setRequestMethod("GET"): null

2022-03-08 14:40:56 - [TEST_STEP][PASSED] - connection.setReadTimeout(2 * 1000): null

2022-03-08 14:40:56 - [TEST_STEP][PASSED] - try: null

2022-03-08 14:40:56 - [TEST_STEP][PASSED] - connection.connect(): null

2022-03-08 14:40:56 - [TEST_STEP][PASSED] - flag = connected: null

2022-03-08 14:40:56 - [TEST_STEP][PASSED] - println("Valor_ori: " + flag): null

2022-03-08 14:40:56 - [TEST_STEP][PASSED] - if (flag): null

2022-03-08 14:40:56 - [TEST_STEP][PASSED] - navigateToUrl(i): Navigate to 'http://192.168.2.80:8380/saraweb' successfully

2022-03-08 14:40:58 - [MESSAGE][PASSED] - Navigate to 'http://192.168.2.80:8380/saraweb' successfully

2022-03-08 14:40:58 - [TEST_STEP][PASSED] - a(): null

2022-03-08 14:40:58 - [TEST_STEP][PASSED] - setText(findTestObject("Login/input_USUARIO_loginusuario"), G_Usuario): Text 'saraadmin' is set on object 'Object Repository/Login/input_USUARIO_loginusuario'

2022-03-08 14:40:59 - [MESSAGE][PASSED] - Text 'saraadmin' is set on object 'Object Repository/Login/input_USUARIO_loginusuario'

2022-03-08 14:40:59 - [TEST_STEP][PASSED] - setEncryptedText(findTestObject("Login/input_CLAVE_loginpassword"), "MkG4/TYiCFC3cb2driP7+Q=="): Text ****** has been set on object 'Object Repository/Login/input_CLAVE_loginpassword'

2022-03-08 14:40:59 - [MESSAGE][PASSED] - Text ****** has been set on object 'Object Repository/Login/input_CLAVE_loginpassword'

2022-03-08 14:40:59 - [TEST_STEP][PASSED] - waitForElementClickable(findTestObject("Login/a_Ingresar"), G_TimeOut): Object 'Object Repository/Login/a_Ingresar' is clickable

2022-03-08 14:41:00 - [MESSAGE][PASSED] - Object 'Object Repository/Login/a_Ingresar' is clickable

2022-03-08 14:41:00 - [TEST_STEP][PASSED] - click(findTestObject("Login/a_Ingresar")): Object: 'Object Repository/Login/a_Ingresar' is clicked on

2022-03-08 14:41:03 - [MESSAGE][PASSED] - Object: 'Object Repository/Login/a_Ingresar' is clicked on

2022-03-08 14:41:03 - [TEST_STEP][PASSED] - element = findWebElement(findTestObject("Login/a_Ir"), 30): null

2022-03-08 14:41:03 - [TEST_STEP][PASSED] - executeJavaScript("arguments[0].click()", Arrays.asList(element)): Execute JavaScript 'arguments[0].click()' successfully

2022-03-08 14:41:03 - [MESSAGE][PASSED] - Execute JavaScript 'arguments[0].click()' successfully

2022-03-08 14:41:03 - [MESSAGE][PASSED] - Call Test Case 'Test Cases/0.1-Login' successfully

2022-03-08 14:41:03 - [TEST_STEP][PASSED] - setText(findTestObject("Modulo Pruebas SST/Crear_plan_de_trabajo_anual/input_ADMINISTRADOR DEL SISTEMA - SARA_form_templatej_idt24_input"), "Plan de trabajo anual"): Text 'Plan de trabajo anual' is set on object 'Object Repository/Modulo Pruebas SST/Crear_plan_de_trabajo_anual/input_ADMINISTRADOR DEL SISTEMA - SARA_form_templatej_idt24_input'

2022-03-08 14:41:05 - [MESSAGE][PASSED] - Text 'Plan de trabajo anual' is set on object 'Object Repository/Modulo Pruebas SST/Crear_plan_de_trabajo_anual/input_ADMINISTRADOR DEL SISTEMA - SARA_form_templatej_idt24_input'

2022-03-08 14:41:05 - [TEST_STEP][PASSED] - click(findTestObject("Modulo Pruebas SST/Crear_plan_de_trabajo_anual/li_Plan de Trabajo Anual (sst)")): Object: 'Object Repository/Modulo Pruebas SST/Crear_plan_de_trabajo_anual/li_Plan de Trabajo Anual (sst)' is clicked on

2022-03-08 14:41:06 - [MESSAGE][PASSED] - Object: 'Object Repository/Modulo Pruebas SST/Crear_plan_de_trabajo_anual/li_Plan de Trabajo Anual (sst)' is clicked on

2022-03-08 14:41:06 - [TEST_STEP][PASSED] - if (waitForElementPresent(findTestObject("Modulo Pruebas SST/Crear_plan_de_trabajo_anual/td_pruebas katalon"), 1)): null

2022-03-08 14:41:07 - [MESSAGE][PASSED] - Object 'Object Repository/Modulo Pruebas SST/Crear_plan_de_trabajo_anual/td_pruebas katalon' is present

2022-03-08 14:41:07 - [TEST_STEP][PASSED] - click(findTestObject("Modulo Pruebas SST/Crear_plan_de_trabajo_anual/td_pruebas katalon")): Object: 'Object Repository/Modulo Pruebas SST/Crear_plan_de_trabajo_anual/td_pruebas katalon' is clicked on

2022-03-08 14:41:08 - [MESSAGE][PASSED] - Object: 'Object Repository/Modulo Pruebas SST/Crear_plan_de_trabajo_anual/td_pruebas katalon' is clicked on

2022-03-08 14:41:08 - [TEST_STEP][PASSED] - click(findTestObject("Modulo Pruebas SST/Crear_plan_de_trabajo_anual/a_Objetivos")): Object: 'Object Repository/Modulo Pruebas SST/Crear_plan_de_trabajo_anual/a_Objetivos' is clicked on

2022-03-08 14:41:08 - [MESSAGE][PASSED] - Object: 'Object Repository/Modulo Pruebas SST/Crear_plan_de_trabajo_anual/a_Objetivos' is clicked on

2022-03-08 14:41:08 - [TEST_STEP][PASSED] - if (waitForElementPresent(findTestObject("Modulo Pruebas SST/Crear_plan_de_trabajo_anual/td_BASE LEGAL"), 1)): null

2022-03-08 14:41:09 - [MESSAGE][PASSED] - Object 'Object Repository/Modulo Pruebas SST/Crear_plan_de_trabajo_anual/td_BASE LEGAL' is present

2022-03-08 14:41:09 - [TEST_STEP][PASSED] - click(findTestObject("Modulo Pruebas SST/Crear_plan_de_trabajo_anual/td_BASE LEGAL")): Object: 'Object Repository/Modulo Pruebas SST/Crear_plan_de_trabajo_anual/td_BASE LEGAL' is clicked on

2022-03-08 14:41:09 - [MESSAGE][PASSED] - Object: 'Object Repository/Modulo Pruebas SST/Crear_plan_de_trabajo_anual/td_BASE LEGAL' is clicked on

2022-03-08 14:41:09 - [TEST_STEP][PASSED] - click(findTestObject("Modulo Pruebas SST/Crear_plan_de_trabajo_anual/a_Actividades")): Object: 'Object Repository/Modulo Pruebas SST/Crear_plan_de_trabajo_anual/a_Actividades' is clicked on

2022-03-08 14:41:10 - [MESSAGE][PASSED] - Object: 'Object Repository/Modulo Pruebas SST/Crear_plan_de_trabajo_anual/a_Actividades' is clicked on

2022-03-08 14:41:10 - [TEST_STEP][PASSED] - if (waitForElementPresent(findTestObject("Modulo Pruebas SST/Crear_plan_de_trabajo_anual/td_pruebas k"), 1)): null

2022-03-08 14:41:11 - [MESSAGE][PASSED] - Object 'Object Repository/Modulo Pruebas SST/Crear_plan_de_trabajo_anual/td_pruebas k' is present

2022-03-08 14:41:11 - [TEST_STEP][PASSED] - click(findTestObject("Modulo Pruebas SST/Crear_plan_de_trabajo_anual/td_pruebas k")): Object: 'Object Repository/Modulo Pruebas SST/Crear_plan_de_trabajo_anual/td_pruebas k' is clicked on

2022-03-08 14:41:11 - [MESSAGE][PASSED] - Object: 'Object Repository/Modulo Pruebas SST/Crear_plan_de_trabajo_anual/td_pruebas k' is clicked on

2022-03-08 14:41:11 - [TEST_STEP][PASSED] - if (waitForElementPresent(findTestObject("Modulo Pruebas SST/Crear_plan_de_trabajo_anual/a_Anexos"), 1)): null

2022-03-08 14:41:12 - [MESSAGE][PASSED] - Object 'Object Repository/Modulo Pruebas SST/Crear_plan_de_trabajo_anual/a_Anexos' is present

2022-03-08 14:41:12 - [TEST_STEP][PASSED] - click(findTestObject("Modulo Pruebas SST/Crear_plan_de_trabajo_anual/a_Anexos")): Object: 'Object Repository/Modulo Pruebas SST/Crear_plan_de_trabajo_anual/a_Anexos' is clicked on

2022-03-08 14:41:12 - [MESSAGE][PASSED] - Object: 'Object Repository/Modulo Pruebas SST/Crear_plan_de_trabajo_anual/a_Anexos' is clicked on

2022-03-08 14:41:12 - [TEST_STEP][PASSED] - if (waitForElementPresent(findTestObject("Modulo Pruebas SST/Crear_plan_de_trabajo_anual/a_prueba.pdf_form_actividadesObjetivosPlanTrabajotabsActividadestablaAnexos0j_idt769"), 1)): Object 'Object Repository/Modulo Pruebas SST/Crear_plan_de_trabajo_anual/a_prueba.pdf_form_actividadesObjetivosPlanTrabajotabsActividadestablaAnexos0j_idt769' is not present after 1 second(s)

2022-03-08 14:41:14 - [MESSAGE][INFO] - Unable to find the element located by 'By.xpath: //a[@id='form_actividadesObjetivosPlanTrabajo:tabsActividades:tablaAnexos:0:j_idt769']'. Please recheck the objects properties to make sure the desired element is located. 

2022-03-08 14:41:14 - [MESSAGE][WARNING] - Object 'Object Repository/Modulo Pruebas SST/Crear_plan_de_trabajo_anual/a_prueba.pdf_form_actividadesObjetivosPlanTrabajotabsActividadestablaAnexos0j_idt769' is not present after 1 second(s)

2022-03-08 14:41:14 - [TEST_STEP][PASSED] - if (waitForElementPresent(findTestObject("Modulo Pruebas SST/Crear_plan_de_trabajo_anual/a_Cronograma"), 1)): null

2022-03-08 14:41:15 - [MESSAGE][PASSED] - Object 'Object Repository/Modulo Pruebas SST/Crear_plan_de_trabajo_anual/a_Cronograma' is present

2022-03-08 14:41:15 - [TEST_STEP][PASSED] - click(findTestObject("Modulo Pruebas SST/Crear_plan_de_trabajo_anual/a_Cronograma")): Object: 'Object Repository/Modulo Pruebas SST/Crear_plan_de_trabajo_anual/a_Cronograma' is clicked on

2022-03-08 14:41:15 - [MESSAGE][PASSED] - Object: 'Object Repository/Modulo Pruebas SST/Crear_plan_de_trabajo_anual/a_Cronograma' is clicked on

2022-03-08 14:41:15 - [TEST_STEP][PASSED] - if (waitForElementVisible(findTestObject("Modulo Pruebas SST/Crear_plan_de_trabajo_anual/td_Programado0"), 1)): null

2022-03-08 14:41:16 - [MESSAGE][PASSED] - Object 'Object Repository/Modulo Pruebas SST/Crear_plan_de_trabajo_anual/td_Programado0' is visible

2022-03-08 14:41:16 - [TEST_STEP][PASSED] - click(findTestObject("Modulo Pruebas SST/Crear_plan_de_trabajo_anual/td_Programado0")): Object: 'Object Repository/Modulo Pruebas SST/Crear_plan_de_trabajo_anual/td_Programado0' is clicked on

2022-03-08 14:41:16 - [MESSAGE][PASSED] - Object: 'Object Repository/Modulo Pruebas SST/Crear_plan_de_trabajo_anual/td_Programado0' is clicked on

2022-03-08 14:41:16 - [TEST_STEP][PASSED] - click(findTestObject("Modulo Pruebas SST/Crear_plan_de_trabajo_anual/a_Eliminar")): Object: 'Object Repository/Modulo Pruebas SST/Crear_plan_de_trabajo_anual/a_Eliminar' is clicked on

2022-03-08 14:41:17 - [MESSAGE][PASSED] - Object: 'Object Repository/Modulo Pruebas SST/Crear_plan_de_trabajo_anual/a_Eliminar' is clicked on

2022-03-08 14:41:17 - [TEST_STEP][PASSED] - click(findTestObject("Modulo Pruebas SST/Crear_plan_de_trabajo_anual/a_Aceptar")): Object: 'Object Repository/Modulo Pruebas SST/Crear_plan_de_trabajo_anual/a_Aceptar' is clicked on

2022-03-08 14:41:18 - [MESSAGE][PASSED] - Object: 'Object Repository/Modulo Pruebas SST/Crear_plan_de_trabajo_anual/a_Aceptar' is clicked on

2022-03-08 14:41:18 - [TEST_STEP][PASSED] - if (waitForElementPresent(findTestObject("Modulo Pruebas SST/Crear_plan_de_trabajo_anual/a_Responsable"), 1)): null

2022-03-08 14:41:19 - [MESSAGE][PASSED] - Object 'Object Repository/Modulo Pruebas SST/Crear_plan_de_trabajo_anual/a_Responsable' is present

2022-03-08 14:41:19 - [TEST_STEP][PASSED] - click(findTestObject("Modulo Pruebas SST/Crear_plan_de_trabajo_anual/a_Responsable")): Object: 'Object Repository/Modulo Pruebas SST/Crear_plan_de_trabajo_anual/a_Responsable' is clicked on

2022-03-08 14:41:19 - [MESSAGE][PASSED] - Object: 'Object Repository/Modulo Pruebas SST/Crear_plan_de_trabajo_anual/a_Responsable' is clicked on

2022-03-08 14:41:19 - [TEST_STEP][PASSED] - if (waitForElementPresent(findTestObject("Modulo Pruebas SST/Crear_plan_de_trabajo_anual/a_A A A_form_actividadesObjetivosPlanTrabajotabsActividadestabla_responsables0j_idt714"), 1)): null

2022-03-08 14:41:20 - [MESSAGE][PASSED] - Object 'Object Repository/Modulo Pruebas SST/Crear_plan_de_trabajo_anual/a_A A A_form_actividadesObjetivosPlanTrabajotabsActividadestabla_responsables0j_idt714' is present

2022-03-08 14:41:20 - [TEST_STEP][PASSED] - click(findTestObject("Modulo Pruebas SST/Crear_plan_de_trabajo_anual/a_A A A_form_actividadesObjetivosPlanTrabajotabsActividadestabla_responsables0j_idt714")): Object: 'Object Repository/Modulo Pruebas SST/Crear_plan_de_trabajo_anual/a_A A A_form_actividadesObjetivosPlanTrabajotabsActividadestabla_responsables0j_idt714' is clicked on

2022-03-08 14:41:20 - [MESSAGE][PASSED] - Object: 'Object Repository/Modulo Pruebas SST/Crear_plan_de_trabajo_anual/a_A A A_form_actividadesObjetivosPlanTrabajotabsActividadestabla_responsables0j_idt714' is clicked on

2022-03-08 14:41:20 - [TEST_STEP][PASSED] - click(findTestObject("Modulo Pruebas SST/Crear_plan_de_trabajo_anual/a_Aceptar")): Object: 'Object Repository/Modulo Pruebas SST/Crear_plan_de_trabajo_anual/a_Aceptar' is clicked on

2022-03-08 14:41:21 - [MESSAGE][PASSED] - Object: 'Object Repository/Modulo Pruebas SST/Crear_plan_de_trabajo_anual/a_Aceptar' is clicked on

2022-03-08 14:41:21 - [TEST_STEP][PASSED] - if (waitForElementPresent(findTestObject("Modulo Pruebas SST/Crear_plan_de_trabajo_anual/a_Actividades_Pestaa"), 1)): null

2022-03-08 14:41:21 - [MESSAGE][PASSED] - Object 'Object Repository/Modulo Pruebas SST/Crear_plan_de_trabajo_anual/a_Actividades_Pestaa' is present

2022-03-08 14:41:21 - [TEST_STEP][PASSED] - click(findTestObject("Modulo Pruebas SST/Crear_plan_de_trabajo_anual/a_Actividades_Pestaa")): Object: 'Object Repository/Modulo Pruebas SST/Crear_plan_de_trabajo_anual/a_Actividades_Pestaa' is clicked on

2022-03-08 14:41:22 - [MESSAGE][PASSED] - Object: 'Object Repository/Modulo Pruebas SST/Crear_plan_de_trabajo_anual/a_Actividades_Pestaa' is clicked on

2022-03-08 14:41:22 - [TEST_STEP][PASSED] - click(findTestObject("Modulo Pruebas SST/Crear_plan_de_trabajo_anual/a_Eliminar")): Object: 'Object Repository/Modulo Pruebas SST/Crear_plan_de_trabajo_anual/a_Eliminar' is clicked on

2022-03-08 14:41:22 - [MESSAGE][PASSED] - Object: 'Object Repository/Modulo Pruebas SST/Crear_plan_de_trabajo_anual/a_Eliminar' is clicked on

2022-03-08 14:41:22 - [TEST_STEP][PASSED] - click(findTestObject("Modulo Pruebas SST/Crear_plan_de_trabajo_anual/a_Aceptar")): Object: 'Object Repository/Modulo Pruebas SST/Crear_plan_de_trabajo_anual/a_Aceptar' is clicked on

2022-03-08 14:41:23 - [MESSAGE][PASSED] - Object: 'Object Repository/Modulo Pruebas SST/Crear_plan_de_trabajo_anual/a_Aceptar' is clicked on

2022-03-08 14:41:23 - [TEST_STEP][PASSED] - click(findTestObject("Modulo Pruebas SST/Crear_plan_de_trabajo_anual/a_Detalle")): Object: 'Object Repository/Modulo Pruebas SST/Crear_plan_de_trabajo_anual/a_Detalle' is clicked on

2022-03-08 14:41:24 - [MESSAGE][PASSED] - Object: 'Object Repository/Modulo Pruebas SST/Crear_plan_de_trabajo_anual/a_Detalle' is clicked on

2022-03-08 14:41:24 - [TEST_STEP][PASSED] - click(findTestObject("Modulo Pruebas SST/Crear_plan_de_trabajo_anual/a_Eliminar")): Object: 'Object Repository/Modulo Pruebas SST/Crear_plan_de_trabajo_anual/a_Eliminar' is clicked on

2022-03-08 14:41:24 - [MESSAGE][PASSED] - Object: 'Object Repository/Modulo Pruebas SST/Crear_plan_de_trabajo_anual/a_Eliminar' is clicked on

2022-03-08 14:41:24 - [TEST_STEP][PASSED] - click(findTestObject("Modulo Pruebas SST/Crear_plan_de_trabajo_anual/a_Aceptar")): Object: 'Object Repository/Modulo Pruebas SST/Crear_plan_de_trabajo_anual/a_Aceptar' is clicked on

2022-03-08 14:41:25 - [MESSAGE][PASSED] - Object: 'Object Repository/Modulo Pruebas SST/Crear_plan_de_trabajo_anual/a_Aceptar' is clicked on

2022-03-08 14:41:25 - [TEST_STEP][PASSED] - click(findTestObject("Modulo Pruebas SST/Crear_plan_de_trabajo_anual/a_Regresar")): Object: 'Object Repository/Modulo Pruebas SST/Crear_plan_de_trabajo_anual/a_Regresar' is clicked on

2022-03-08 14:41:25 - [MESSAGE][PASSED] - Object: 'Object Repository/Modulo Pruebas SST/Crear_plan_de_trabajo_anual/a_Regresar' is clicked on

2022-03-08 14:41:25 - [TEST_STEP][PASSED] - click(findTestObject("Modulo Pruebas SST/Crear_plan_de_trabajo_anual/a_Detalle")): Object: 'Object Repository/Modulo Pruebas SST/Crear_plan_de_trabajo_anual/a_Detalle' is clicked on

2022-03-08 14:41:26 - [MESSAGE][PASSED] - Object: 'Object Repository/Modulo Pruebas SST/Crear_plan_de_trabajo_anual/a_Detalle' is clicked on

2022-03-08 14:41:26 - [TEST_STEP][PASSED] - if (waitForElementPresent(findTestObject("Modulo Pruebas SST/Crear_plan_de_trabajo_anual/a_Eliminar"), 1)): null

2022-03-08 14:41:26 - [MESSAGE][PASSED] - Object 'Object Repository/Modulo Pruebas SST/Crear_plan_de_trabajo_anual/a_Eliminar' is present

2022-03-08 14:41:26 - [TEST_STEP][PASSED] - click(findTestObject("Modulo Pruebas SST/Crear_plan_de_trabajo_anual/a_Eliminar")): Object: 'Object Repository/Modulo Pruebas SST/Crear_plan_de_trabajo_anual/a_Eliminar' is clicked on

2022-03-08 14:41:27 - [MESSAGE][PASSED] - Object: 'Object Repository/Modulo Pruebas SST/Crear_plan_de_trabajo_anual/a_Eliminar' is clicked on

2022-03-08 14:41:27 - [TEST_STEP][PASSED] - click(findTestObject("Modulo Pruebas SST/Crear_plan_de_trabajo_anual/a_Aceptar")): Object: 'Object Repository/Modulo Pruebas SST/Crear_plan_de_trabajo_anual/a_Aceptar' is clicked on

2022-03-08 14:41:28 - [MESSAGE][PASSED] - Object: 'Object Repository/Modulo Pruebas SST/Crear_plan_de_trabajo_anual/a_Aceptar' is clicked on

2022-03-08 14:41:28 - [TEST_STEP][PASSED] - click(findTestObject("Modulo Pruebas SST/Crear_plan_de_trabajo_anual/a_Regresar")): Object: 'Object Repository/Modulo Pruebas SST/Crear_plan_de_trabajo_anual/a_Regresar' is clicked on

2022-03-08 14:41:28 - [MESSAGE][PASSED] - Object: 'Object Repository/Modulo Pruebas SST/Crear_plan_de_trabajo_anual/a_Regresar' is clicked on

2022-03-08 14:41:28 - [TEST_STEP][PASSED] - click(findTestObject("Modulo Pruebas SST/Crear_plan_de_trabajo_anual/a_Nuevo")): Object: 'Object Repository/Modulo Pruebas SST/Crear_plan_de_trabajo_anual/a_Nuevo' is clicked on

2022-03-08 14:41:29 - [MESSAGE][PASSED] - Object: 'Object Repository/Modulo Pruebas SST/Crear_plan_de_trabajo_anual/a_Nuevo' is clicked on

2022-03-08 14:41:29 - [TEST_STEP][PASSED] - setText(findTestObject("Modulo Pruebas SST/Crear_plan_de_trabajo_anual/input_Nombre_form_datosBasicosPlanTrabajonombre"), "Pruebas  k"): Text 'Pruebas  k' is set on object 'Object Repository/Modulo Pruebas SST/Crear_plan_de_trabajo_anual/input_Nombre_form_datosBasicosPlanTrabajonombre'

2022-03-08 14:41:30 - [MESSAGE][PASSED] - Text 'Pruebas  k' is set on object 'Object Repository/Modulo Pruebas SST/Crear_plan_de_trabajo_anual/input_Nombre_form_datosBasicosPlanTrabajonombre'

2022-03-08 14:41:30 - [TEST_STEP][PASSED] - setText(findTestObject("Modulo Pruebas SST/Crear_plan_de_trabajo_anual/textarea_Descripcin_form_datosBasicosPlanTrabajodescripcion"), "pruebas katalon"): Text 'pruebas katalon' is set on object 'Object Repository/Modulo Pruebas SST/Crear_plan_de_trabajo_anual/textarea_Descripcin_form_datosBasicosPlanTrabajodescripcion'

2022-03-08 14:41:30 - [MESSAGE][PASSED] - Text 'pruebas katalon' is set on object 'Object Repository/Modulo Pruebas SST/Crear_plan_de_trabajo_anual/textarea_Descripcin_form_datosBasicosPlanTrabajodescripcion'

2022-03-08 14:41:30 - [TEST_STEP][PASSED] - setText(findTestObject("Modulo Pruebas SST/Crear_plan_de_trabajo_anual/input_Fecha_form_datosBasicosPlanTrabajofecha_input"), "01/07/2021"): Text '01/07/2021' is set on object 'Object Repository/Modulo Pruebas SST/Crear_plan_de_trabajo_anual/input_Fecha_form_datosBasicosPlanTrabajofecha_input'

2022-03-08 14:41:31 - [MESSAGE][PASSED] - Text '01/07/2021' is set on object 'Object Repository/Modulo Pruebas SST/Crear_plan_de_trabajo_anual/input_Fecha_form_datosBasicosPlanTrabajofecha_input'

2022-03-08 14:41:31 - [TEST_STEP][PASSED] - sendKeys(findTestObject("Modulo Pruebas SST/Crear_plan_de_trabajo_anual/input_Fecha_form_datosBasicosPlanTrabajofecha_input"), Keys.chord(ESCAPE)): Keys 'ESCAPE + ' sent to object: 'Object Repository/Modulo Pruebas SST/Crear_plan_de_trabajo_anual/input_Fecha_form_datosBasicosPlanTrabajofecha_input'

2022-03-08 14:41:32 - [MESSAGE][PASSED] - Keys 'ESCAPE + ' sent to object: 'Object Repository/Modulo Pruebas SST/Crear_plan_de_trabajo_anual/input_Fecha_form_datosBasicosPlanTrabajofecha_input'

2022-03-08 14:41:32 - [TEST_STEP][PASSED] - selectOptionByIndex(findTestObject("Modulo Pruebas SST/Crear_plan_de_trabajo_anual/select_SEDE NORTESEDE OCCIDENTESEDE SUR"), 0): All options with index in [0] are selected on object 'Object Repository/Modulo Pruebas SST/Crear_plan_de_trabajo_anual/select_SEDE NORTESEDE OCCIDENTESEDE SUR'

2022-03-08 14:41:33 - [MESSAGE][PASSED] - All options with index in [0] are selected on object 'Object Repository/Modulo Pruebas SST/Crear_plan_de_trabajo_anual/select_SEDE NORTESEDE OCCIDENTESEDE SUR'

2022-03-08 14:41:33 - [TEST_STEP][PASSED] - click(findTestObject("Modulo Pruebas SST/Crear_plan_de_trabajo_anual/a_Guardar")): Object: 'Object Repository/Modulo Pruebas SST/Crear_plan_de_trabajo_anual/a_Guardar' is clicked on

2022-03-08 14:41:33 - [MESSAGE][PASSED] - Object: 'Object Repository/Modulo Pruebas SST/Crear_plan_de_trabajo_anual/a_Guardar' is clicked on

2022-03-08 14:41:33 - [TEST_STEP][PASSED] - click(findTestObject("Modulo Pruebas SST/Crear_plan_de_trabajo_anual/a_Objetivos")): Object: 'Object Repository/Modulo Pruebas SST/Crear_plan_de_trabajo_anual/a_Objetivos' is clicked on

2022-03-08 14:41:34 - [MESSAGE][PASSED] - Object: 'Object Repository/Modulo Pruebas SST/Crear_plan_de_trabajo_anual/a_Objetivos' is clicked on

2022-03-08 14:41:34 - [TEST_STEP][PASSED] - click(findTestObject("Modulo Pruebas SST/Crear_plan_de_trabajo_anual/a_Nuevo")): Object: 'Object Repository/Modulo Pruebas SST/Crear_plan_de_trabajo_anual/a_Nuevo' is clicked on

2022-03-08 14:41:34 - [MESSAGE][PASSED] - Object: 'Object Repository/Modulo Pruebas SST/Crear_plan_de_trabajo_anual/a_Nuevo' is clicked on

2022-03-08 14:41:34 - [TEST_STEP][PASSED] - setText(findTestObject("Modulo Pruebas SST/Crear_plan_de_trabajo_anual/textarea_Objetivo_form_datosObjetivosPlanTrabajoobjetivo"), "pruebas katalon"): Text 'pruebas katalon' is set on object 'Object Repository/Modulo Pruebas SST/Crear_plan_de_trabajo_anual/textarea_Objetivo_form_datosObjetivosPlanTrabajoobjetivo'

2022-03-08 14:41:35 - [MESSAGE][PASSED] - Text 'pruebas katalon' is set on object 'Object Repository/Modulo Pruebas SST/Crear_plan_de_trabajo_anual/textarea_Objetivo_form_datosObjetivosPlanTrabajoobjetivo'

2022-03-08 14:41:35 - [TEST_STEP][PASSED] - selectOptionByIndex(findTestObject("Modulo Pruebas SST/Crear_plan_de_trabajo_anual/select_SeleccionarBASE LEGAL"), 1): All options with index in [1] are selected on object 'Object Repository/Modulo Pruebas SST/Crear_plan_de_trabajo_anual/select_SeleccionarBASE LEGAL'

2022-03-08 14:41:36 - [MESSAGE][PASSED] - All options with index in [1] are selected on object 'Object Repository/Modulo Pruebas SST/Crear_plan_de_trabajo_anual/select_SeleccionarBASE LEGAL'

2022-03-08 14:41:36 - [TEST_STEP][PASSED] - selectOptionByIndex(findTestObject("Modulo Pruebas SST/Crear_plan_de_trabajo_anual/select_SeleccionarPSO"), 1): All options with index in [1] are selected on object 'Object Repository/Modulo Pruebas SST/Crear_plan_de_trabajo_anual/select_SeleccionarPSO'

2022-03-08 14:41:37 - [MESSAGE][PASSED] - All options with index in [1] are selected on object 'Object Repository/Modulo Pruebas SST/Crear_plan_de_trabajo_anual/select_SeleccionarPSO'

2022-03-08 14:41:37 - [TEST_STEP][PASSED] - click(findTestObject("Modulo Pruebas SST/Crear_plan_de_trabajo_anual/a_Guardar")): Object: 'Object Repository/Modulo Pruebas SST/Crear_plan_de_trabajo_anual/a_Guardar' is clicked on

2022-03-08 14:41:37 - [MESSAGE][PASSED] - Object: 'Object Repository/Modulo Pruebas SST/Crear_plan_de_trabajo_anual/a_Guardar' is clicked on

2022-03-08 14:41:37 - [TEST_STEP][PASSED] - click(findTestObject("Modulo Pruebas SST/Crear_plan_de_trabajo_anual/a_Actividades")): Object: 'Object Repository/Modulo Pruebas SST/Crear_plan_de_trabajo_anual/a_Actividades' is clicked on

2022-03-08 14:41:39 - [MESSAGE][PASSED] - Object: 'Object Repository/Modulo Pruebas SST/Crear_plan_de_trabajo_anual/a_Actividades' is clicked on

2022-03-08 14:41:39 - [TEST_STEP][PASSED] - click(findTestObject("Modulo Pruebas SST/Crear_plan_de_trabajo_anual/a_Nuevo")): Object: 'Object Repository/Modulo Pruebas SST/Crear_plan_de_trabajo_anual/a_Nuevo' is clicked on

2022-03-08 14:41:40 - [MESSAGE][PASSED] - Object: 'Object Repository/Modulo Pruebas SST/Crear_plan_de_trabajo_anual/a_Nuevo' is clicked on

2022-03-08 14:41:40 - [TEST_STEP][PASSED] - setText(findTestObject("Modulo Pruebas SST/Crear_plan_de_trabajo_anual/input_Cdigo_form_actividadesObjetivosPlanTrabajotabsActividadesactividad"), "5"): Text '5' is set on object 'Object Repository/Modulo Pruebas SST/Crear_plan_de_trabajo_anual/input_Cdigo_form_actividadesObjetivosPlanTrabajotabsActividadesactividad'

2022-03-08 14:41:40 - [MESSAGE][PASSED] - Text '5' is set on object 'Object Repository/Modulo Pruebas SST/Crear_plan_de_trabajo_anual/input_Cdigo_form_actividadesObjetivosPlanTrabajotabsActividadesactividad'

2022-03-08 14:41:40 - [TEST_STEP][PASSED] - setText(findTestObject("Modulo Pruebas SST/Crear_plan_de_trabajo_anual/textarea_Descripcin_form_actividadesObjetivosPlanTrabajotabsActividadesdescripcion"), "pruebas k"): Text 'pruebas k' is set on object 'Object Repository/Modulo Pruebas SST/Crear_plan_de_trabajo_anual/textarea_Descripcin_form_actividadesObjetivosPlanTrabajotabsActividadesdescripcion'

2022-03-08 14:41:41 - [MESSAGE][PASSED] - Text 'pruebas k' is set on object 'Object Repository/Modulo Pruebas SST/Crear_plan_de_trabajo_anual/textarea_Descripcin_form_actividadesObjetivosPlanTrabajotabsActividadesdescripcion'

2022-03-08 14:41:41 - [TEST_STEP][PASSED] - click(findTestObject("Modulo Pruebas SST/Crear_plan_de_trabajo_anual/a_Responsable Principal_form_actividadesObjetivosPlanTrabajotabsActividadesj_idt673")): Object: 'Object Repository/Modulo Pruebas SST/Crear_plan_de_trabajo_anual/a_Responsable Principal_form_actividadesObjetivosPlanTrabajotabsActividadesj_idt673' is clicked on

2022-03-08 14:41:42 - [MESSAGE][PASSED] - Object: 'Object Repository/Modulo Pruebas SST/Crear_plan_de_trabajo_anual/a_Responsable Principal_form_actividadesObjetivosPlanTrabajotabsActividadesj_idt673' is clicked on

2022-03-08 14:41:42 - [TEST_STEP][PASSED] - setText(findTestObject("Modulo Pruebas SST/Crear_plan_de_trabajo_anual/input_Filtro Hoja de Vida_formPopupHojaVidaj_idt782"), "A A A"): Text 'A A A' is set on object 'Object Repository/Modulo Pruebas SST/Crear_plan_de_trabajo_anual/input_Filtro Hoja de Vida_formPopupHojaVidaj_idt782'

2022-03-08 14:41:42 - [MESSAGE][PASSED] - Text 'A A A' is set on object 'Object Repository/Modulo Pruebas SST/Crear_plan_de_trabajo_anual/input_Filtro Hoja de Vida_formPopupHojaVidaj_idt782'

2022-03-08 14:41:42 - [TEST_STEP][PASSED] - sendKeys(findTestObject("Modulo Pruebas SST/Crear_plan_de_trabajo_anual/input_Filtro Hoja de Vida_formPopupHojaVidaj_idt782"), Keys.chord(ENTER)): Keys 'ENTER + ' sent to object: 'Object Repository/Modulo Pruebas SST/Crear_plan_de_trabajo_anual/input_Filtro Hoja de Vida_formPopupHojaVidaj_idt782'

2022-03-08 14:41:43 - [MESSAGE][PASSED] - Keys 'ENTER + ' sent to object: 'Object Repository/Modulo Pruebas SST/Crear_plan_de_trabajo_anual/input_Filtro Hoja de Vida_formPopupHojaVidaj_idt782'

2022-03-08 14:41:43 - [TEST_STEP][PASSED] - click(findTestObject("Modulo Pruebas SST/Crear_plan_de_trabajo_anual/span_A A A")): Object: 'Object Repository/Modulo Pruebas SST/Crear_plan_de_trabajo_anual/span_A A A' is clicked on

2022-03-08 14:41:44 - [MESSAGE][PASSED] - Object: 'Object Repository/Modulo Pruebas SST/Crear_plan_de_trabajo_anual/span_A A A' is clicked on

2022-03-08 14:41:44 - [TEST_STEP][PASSED] - click(findTestObject("Modulo Pruebas SST/Crear_plan_de_trabajo_anual/a_Tipo de Riesgo_form_actividadesObjetivosPlanTrabajotabsActividadesj_idt677")): Object: 'Object Repository/Modulo Pruebas SST/Crear_plan_de_trabajo_anual/a_Tipo de Riesgo_form_actividadesObjetivosPlanTrabajotabsActividadesj_idt677' is clicked on

2022-03-08 14:41:44 - [MESSAGE][PASSED] - Object: 'Object Repository/Modulo Pruebas SST/Crear_plan_de_trabajo_anual/a_Tipo de Riesgo_form_actividadesObjetivosPlanTrabajotabsActividadesj_idt677' is clicked on

2022-03-08 14:41:44 - [TEST_STEP][PASSED] - click(findTestObject("Modulo Pruebas SST/Crear_plan_de_trabajo_anual/td_prueba")): Object: 'Object Repository/Modulo Pruebas SST/Crear_plan_de_trabajo_anual/td_prueba' is clicked on

2022-03-08 14:41:45 - [MESSAGE][PASSED] - Object: 'Object Repository/Modulo Pruebas SST/Crear_plan_de_trabajo_anual/td_prueba' is clicked on

2022-03-08 14:41:45 - [TEST_STEP][PASSED] - click(findTestObject("Modulo Pruebas SST/Crear_plan_de_trabajo_anual/a_Guardar")): Object: 'Object Repository/Modulo Pruebas SST/Crear_plan_de_trabajo_anual/a_Guardar' is clicked on

2022-03-08 14:41:46 - [MESSAGE][PASSED] - Object: 'Object Repository/Modulo Pruebas SST/Crear_plan_de_trabajo_anual/a_Guardar' is clicked on

2022-03-08 14:41:46 - [TEST_STEP][PASSED] - click(findTestObject("Modulo Pruebas SST/Crear_plan_de_trabajo_anual/a_Responsable")): Object: 'Object Repository/Modulo Pruebas SST/Crear_plan_de_trabajo_anual/a_Responsable' is clicked on

2022-03-08 14:41:47 - [MESSAGE][PASSED] - Object: 'Object Repository/Modulo Pruebas SST/Crear_plan_de_trabajo_anual/a_Responsable' is clicked on

2022-03-08 14:41:47 - [TEST_STEP][PASSED] - click(findTestObject("Modulo Pruebas SST/Crear_plan_de_trabajo_anual/a_Nombre_form_actividadesObjetivosPlanTrabajotabsActividadestabla_responsablesj_idt710")): Object: 'Object Repository/Modulo Pruebas SST/Crear_plan_de_trabajo_anual/a_Nombre_form_actividadesObjetivosPlanTrabajotabsActividadestabla_responsablesj_idt710' is clicked on

2022-03-08 14:41:47 - [MESSAGE][PASSED] - Object: 'Object Repository/Modulo Pruebas SST/Crear_plan_de_trabajo_anual/a_Nombre_form_actividadesObjetivosPlanTrabajotabsActividadestabla_responsablesj_idt710' is clicked on

2022-03-08 14:41:47 - [TEST_STEP][PASSED] - setText(findTestObject("Modulo Pruebas SST/Crear_plan_de_trabajo_anual/input_Filtro Hoja de Vida_formPopupHojaVidaj_idt7820"), "A A A"): Text 'A A A' is set on object 'Object Repository/Modulo Pruebas SST/Crear_plan_de_trabajo_anual/input_Filtro Hoja de Vida_formPopupHojaVidaj_idt7820'

2022-03-08 14:41:48 - [MESSAGE][PASSED] - Text 'A A A' is set on object 'Object Repository/Modulo Pruebas SST/Crear_plan_de_trabajo_anual/input_Filtro Hoja de Vida_formPopupHojaVidaj_idt7820'

2022-03-08 14:41:48 - [TEST_STEP][PASSED] - sendKeys(findTestObject("Modulo Pruebas SST/Crear_plan_de_trabajo_anual/input_Filtro Hoja de Vida_formPopupHojaVidaj_idt7820"), Keys.chord(ENTER)): Keys 'ENTER + ' sent to object: 'Object Repository/Modulo Pruebas SST/Crear_plan_de_trabajo_anual/input_Filtro Hoja de Vida_formPopupHojaVidaj_idt7820'

2022-03-08 14:41:48 - [MESSAGE][PASSED] - Keys 'ENTER + ' sent to object: 'Object Repository/Modulo Pruebas SST/Crear_plan_de_trabajo_anual/input_Filtro Hoja de Vida_formPopupHojaVidaj_idt7820'

2022-03-08 14:41:48 - [TEST_STEP][PASSED] - click(findTestObject("Modulo Pruebas SST/Crear_plan_de_trabajo_anual/td_A A A")): Object: 'Object Repository/Modulo Pruebas SST/Crear_plan_de_trabajo_anual/td_A A A' is clicked on

2022-03-08 14:41:49 - [MESSAGE][PASSED] - Object: 'Object Repository/Modulo Pruebas SST/Crear_plan_de_trabajo_anual/td_A A A' is clicked on

2022-03-08 14:41:49 - [TEST_STEP][PASSED] - click(findTestObject("Modulo Pruebas SST/Crear_plan_de_trabajo_anual/a_Nombre_form_actividadesObjetivosPlanTrabajotabsActividadestabla_responsablesj_idt715")): Object: 'Object Repository/Modulo Pruebas SST/Crear_plan_de_trabajo_anual/a_Nombre_form_actividadesObjetivosPlanTrabajotabsActividadestabla_responsablesj_idt715' is clicked on

2022-03-08 14:41:50 - [MESSAGE][PASSED] - Object: 'Object Repository/Modulo Pruebas SST/Crear_plan_de_trabajo_anual/a_Nombre_form_actividadesObjetivosPlanTrabajotabsActividadestabla_responsablesj_idt715' is clicked on

2022-03-08 14:41:50 - [TEST_STEP][PASSED] - click(findTestObject("Modulo Pruebas SST/Crear_plan_de_trabajo_anual/a_Cronograma")): Object: 'Object Repository/Modulo Pruebas SST/Crear_plan_de_trabajo_anual/a_Cronograma' is clicked on

2022-03-08 14:41:50 - [MESSAGE][PASSED] - Object: 'Object Repository/Modulo Pruebas SST/Crear_plan_de_trabajo_anual/a_Cronograma' is clicked on

2022-03-08 14:41:50 - [TEST_STEP][PASSED] - click(findTestObject("Modulo Pruebas SST/Crear_plan_de_trabajo_anual/a_Nuevo")): Object: 'Object Repository/Modulo Pruebas SST/Crear_plan_de_trabajo_anual/a_Nuevo' is clicked on

2022-03-08 14:41:51 - [MESSAGE][PASSED] - Object: 'Object Repository/Modulo Pruebas SST/Crear_plan_de_trabajo_anual/a_Nuevo' is clicked on

2022-03-08 14:41:51 - [TEST_STEP][PASSED] - setText(findTestObject("Modulo Pruebas SST/Crear_plan_de_trabajo_anual/input_Fecha Inicio_form_actividadesObjetivosPlanTrabajotabsActividadesfechaInicial_input"), "01/07/2021"): Text '01/07/2021' is set on object 'Object Repository/Modulo Pruebas SST/Crear_plan_de_trabajo_anual/input_Fecha Inicio_form_actividadesObjetivosPlanTrabajotabsActividadesfechaInicial_input'

2022-03-08 14:41:52 - [MESSAGE][PASSED] - Text '01/07/2021' is set on object 'Object Repository/Modulo Pruebas SST/Crear_plan_de_trabajo_anual/input_Fecha Inicio_form_actividadesObjetivosPlanTrabajotabsActividadesfechaInicial_input'

2022-03-08 14:41:52 - [TEST_STEP][PASSED] - setText(findTestObject("Modulo Pruebas SST/Crear_plan_de_trabajo_anual/input_Fecha Final_form_actividadesObjetivosPlanTrabajotabsActividadesfechaFinal_input"), "02/07/2021"): Text '02/07/2021' is set on object 'Object Repository/Modulo Pruebas SST/Crear_plan_de_trabajo_anual/input_Fecha Final_form_actividadesObjetivosPlanTrabajotabsActividadesfechaFinal_input'

2022-03-08 14:41:53 - [MESSAGE][PASSED] - Text '02/07/2021' is set on object 'Object Repository/Modulo Pruebas SST/Crear_plan_de_trabajo_anual/input_Fecha Final_form_actividadesObjetivosPlanTrabajotabsActividadesfechaFinal_input'

2022-03-08 14:41:53 - [TEST_STEP][PASSED] - setText(findTestObject("Modulo Pruebas SST/Crear_plan_de_trabajo_anual/input_Horas Programadas_form_actividadesObjetivosPlanTrabajotabsActividadeshorasProgramadas"), "5"): Text '5' is set on object 'Object Repository/Modulo Pruebas SST/Crear_plan_de_trabajo_anual/input_Horas Programadas_form_actividadesObjetivosPlanTrabajotabsActividadeshorasProgramadas'

2022-03-08 14:41:54 - [MESSAGE][PASSED] - Text '5' is set on object 'Object Repository/Modulo Pruebas SST/Crear_plan_de_trabajo_anual/input_Horas Programadas_form_actividadesObjetivosPlanTrabajotabsActividadeshorasProgramadas'

2022-03-08 14:41:54 - [TEST_STEP][PASSED] - selectOptionByIndex(findTestObject("Modulo Pruebas SST/Crear_plan_de_trabajo_anual/select_SeleccionarEjecutadoProgramado"), 2): All options with index in [2] are selected on object 'Object Repository/Modulo Pruebas SST/Crear_plan_de_trabajo_anual/select_SeleccionarEjecutadoProgramado'

2022-03-08 14:41:55 - [MESSAGE][PASSED] - All options with index in [2] are selected on object 'Object Repository/Modulo Pruebas SST/Crear_plan_de_trabajo_anual/select_SeleccionarEjecutadoProgramado'

2022-03-08 14:41:55 - [TEST_STEP][PASSED] - click(findTestObject("Modulo Pruebas SST/Crear_plan_de_trabajo_anual/a_Guardar")): Object: 'Object Repository/Modulo Pruebas SST/Crear_plan_de_trabajo_anual/a_Guardar' is clicked on

2022-03-08 14:41:55 - [MESSAGE][PASSED] - Object: 'Object Repository/Modulo Pruebas SST/Crear_plan_de_trabajo_anual/a_Guardar' is clicked on

2022-03-08 14:41:55 - [TEST_STEP][PASSED] - click(findTestObject("Modulo Pruebas SST/Crear_plan_de_trabajo_anual/a_Anexos")): Object: 'Object Repository/Modulo Pruebas SST/Crear_plan_de_trabajo_anual/a_Anexos' is clicked on

2022-03-08 14:41:56 - [MESSAGE][PASSED] - Object: 'Object Repository/Modulo Pruebas SST/Crear_plan_de_trabajo_anual/a_Anexos' is clicked on

2022-03-08 14:41:56 - [TEST_STEP][PASSED] - click(findTestObject("Modulo Pruebas SST/Crear_plan_de_trabajo_anual/a_Descargar_form_actividadesObjetivosPlanTrabajotabsActividadestablaAnexosj_idt763")): Object: 'Object Repository/Modulo Pruebas SST/Crear_plan_de_trabajo_anual/a_Descargar_form_actividadesObjetivosPlanTrabajotabsActividadestablaAnexosj_idt763' is clicked on

2022-03-08 14:41:56 - [MESSAGE][PASSED] - Object: 'Object Repository/Modulo Pruebas SST/Crear_plan_de_trabajo_anual/a_Descargar_form_actividadesObjetivosPlanTrabajotabsActividadestablaAnexosj_idt763' is clicked on

2022-03-08 14:41:56 - [TEST_STEP][PASSED] - waitForElementPresent(findTestObject("Modulo Pruebas SST/Crear_plan_de_trabajo_anual/input_Cargar Archivo_popupCargarArchivoForminputFileName_input"), 0): Object 'Object Repository/Modulo Pruebas SST/Crear_plan_de_trabajo_anual/input_Cargar Archivo_popupCargarArchivoForminputFileName_input' is present

2022-03-08 14:41:56 - [MESSAGE][WARNING] - Timeout '0' is invalid. Using default page load timeout: '30'

2022-03-08 14:41:57 - [MESSAGE][PASSED] - Object 'Object Repository/Modulo Pruebas SST/Crear_plan_de_trabajo_anual/input_Cargar Archivo_popupCargarArchivoForminputFileName_input' is present

2022-03-08 14:41:57 - [TEST_STEP][PASSED] - ruta = G_rutaarchivos + "prueba.pdf": null

2022-03-08 14:41:57 - [TEST_STEP][PASSED] - uploadFile(findTestObject("Modulo Pruebas SST/Crear_plan_de_trabajo_anual/input_Cargar Archivo_popupCargarArchivoForminputFileName_input"), ruta): File 'E:\unionweb14\prueba.pdf' sent to object: 'Object Repository/Modulo Pruebas SST/Crear_plan_de_trabajo_anual/input_Cargar Archivo_popupCargarArchivoForminputFileName_input'

2022-03-08 14:41:57 - [MESSAGE][PASSED] - File 'E:\unionweb14\prueba.pdf' sent to object: 'Object Repository/Modulo Pruebas SST/Crear_plan_de_trabajo_anual/input_Cargar Archivo_popupCargarArchivoForminputFileName_input'

2022-03-08 14:41:57 - [TEST_STEP][PASSED] - setText(findTestObject("Modulo Pruebas SST/Crear_plan_de_trabajo_anual/input_Descargar_form_actividadesObjetivosPlanTrabajotabsActividadestablaAnexosdescripcionAnexo"), "prueba"): Text 'prueba' is set on object 'Object Repository/Modulo Pruebas SST/Crear_plan_de_trabajo_anual/input_Descargar_form_actividadesObjetivosPlanTrabajotabsActividadestablaAnexosdescripcionAnexo'

2022-03-08 14:41:59 - [MESSAGE][PASSED] - Text 'prueba' is set on object 'Object Repository/Modulo Pruebas SST/Crear_plan_de_trabajo_anual/input_Descargar_form_actividadesObjetivosPlanTrabajotabsActividadestablaAnexosdescripcionAnexo'

2022-03-08 14:41:59 - [TEST_STEP][PASSED] - setText(findTestObject("Modulo Pruebas SST/Crear_plan_de_trabajo_anual/input_Descargar_form_actividadesObjetivosPlanTrabajotabsActividadestablaAnexosfecha_input"), "01/07/2021"): Text '01/07/2021' is set on object 'Object Repository/Modulo Pruebas SST/Crear_plan_de_trabajo_anual/input_Descargar_form_actividadesObjetivosPlanTrabajotabsActividadestablaAnexosfecha_input'

2022-03-08 14:41:59 - [MESSAGE][PASSED] - Text '01/07/2021' is set on object 'Object Repository/Modulo Pruebas SST/Crear_plan_de_trabajo_anual/input_Descargar_form_actividadesObjetivosPlanTrabajotabsActividadestablaAnexosfecha_input'

2022-03-08 14:41:59 - [TEST_STEP][PASSED] - waitForElementPresent(findTestObject("Modulo Pruebas SST/Crear_plan_de_trabajo_anual/a_Descargar_form_actividadesObjetivosPlanTrabajotabsActividadestablaAnexosj_idt770"), 0): Object 'Object Repository/Modulo Pruebas SST/Crear_plan_de_trabajo_anual/a_Descargar_form_actividadesObjetivosPlanTrabajotabsActividadestablaAnexosj_idt770' is present

2022-03-08 14:41:59 - [MESSAGE][WARNING] - Timeout '0' is invalid. Using default page load timeout: '30'

2022-03-08 14:42:00 - [MESSAGE][PASSED] - Object 'Object Repository/Modulo Pruebas SST/Crear_plan_de_trabajo_anual/a_Descargar_form_actividadesObjetivosPlanTrabajotabsActividadestablaAnexosj_idt770' is present

2022-03-08 14:42:00 - [TEST_STEP][PASSED] - click(findTestObject("Modulo Pruebas SST/Crear_plan_de_trabajo_anual/a_Descargar_form_actividadesObjetivosPlanTrabajotabsActividadestablaAnexosj_idt770")): Object: 'Object Repository/Modulo Pruebas SST/Crear_plan_de_trabajo_anual/a_Descargar_form_actividadesObjetivosPlanTrabajotabsActividadestablaAnexosj_idt770' is clicked on

2022-03-08 14:42:00 - [MESSAGE][PASSED] - Object: 'Object Repository/Modulo Pruebas SST/Crear_plan_de_trabajo_anual/a_Descargar_form_actividadesObjetivosPlanTrabajotabsActividadestablaAnexosj_idt770' is clicked on

2022-03-08 14:42:00 - [TEST_STEP][PASSED] - delay(2): Delayed 2 second(s)

2022-03-08 14:42:02 - [MESSAGE][PASSED] - Delayed 2 second(s)

2022-03-08 14:42:02 - [TEST_STEP][PASSED] - closeBrowser(): Browser is closed

2022-03-08 14:42:03 - [MESSAGE][PASSED] - Browser is closed]]></system-out>
         <system-err><![CDATA[]]></system-err>
      </testcase>
      <testcase name="Test Cases/5.1-Pruebas_SST/5.1.9-Creación_de_Grupos_de_Apoyo" time="77.955" classname="Test Cases/5.1-Pruebas_SST/5.1.9-Creación_de_Grupos_de_Apoyo" status="PASSED">
         <system-out><![CDATA[2022-03-08 14:42:03 - [TEST_CASE][PASSED] - Test Cases/5.1-Pruebas_SST/5.1.9-Creación_de_Grupos_de_Apoyo: Test Cases/5.1-Pruebas_SST/5.1.9-Creación_de_Grupos_de_Apoyo

2022-03-08 14:42:03 - [TEST_STEP][PASSED] - callTestCase(findTestCase("0.1-Login"), [:], STOP_ON_FAILURE): Call Test Case 'Test Cases/0.1-Login' successfully

2022-03-08 14:42:04 - [TEST_CASE][PASSED] - Test Cases/0.1-Login: Test Cases/0.1-Login

2022-03-08 14:42:04 - [TEST_STEP][PASSED] - openBrowser(""): Browser is opened with url: ''

2022-03-08 14:42:04 - [MESSAGE][INFO] - Starting 'Chrome' driver

2022-03-08 14:42:04 - [MESSAGE][INFO] - Action delay is set to 0 milliseconds

2022-03-08 14:42:06 - [MESSAGE][PASSED] - Browser is opened with url: ''

2022-03-08 14:42:06 - [TEST_STEP][PASSED] - maximizeWindow(): Current window maximized

2022-03-08 14:42:06 - [MESSAGE][PASSED] - Current window maximized

2022-03-08 14:42:06 - [TEST_STEP][PASSED] - i = G_Login: null

2022-03-08 14:42:06 - [TEST_STEP][PASSED] - url = new java.net.URL(i): null

2022-03-08 14:42:06 - [TEST_STEP][PASSED] - println("URL: " + url.toString()): null

2022-03-08 14:42:06 - [TEST_STEP][PASSED] - connection = url.openConnection(): null

2022-03-08 14:42:06 - [TEST_STEP][PASSED] - connection.setRequestMethod("GET"): null

2022-03-08 14:42:06 - [TEST_STEP][PASSED] - connection.setReadTimeout(2 * 1000): null

2022-03-08 14:42:06 - [TEST_STEP][PASSED] - try: null

2022-03-08 14:42:06 - [TEST_STEP][PASSED] - connection.connect(): null

2022-03-08 14:42:06 - [TEST_STEP][PASSED] - flag = connected: null

2022-03-08 14:42:06 - [TEST_STEP][PASSED] - println("Valor_ori: " + flag): null

2022-03-08 14:42:06 - [TEST_STEP][PASSED] - if (flag): null

2022-03-08 14:42:06 - [TEST_STEP][PASSED] - navigateToUrl(i): Navigate to 'http://192.168.2.80:8380/saraweb' successfully

2022-03-08 14:42:11 - [MESSAGE][PASSED] - Navigate to 'http://192.168.2.80:8380/saraweb' successfully

2022-03-08 14:42:11 - [TEST_STEP][PASSED] - a(): null

2022-03-08 14:42:11 - [TEST_STEP][PASSED] - setText(findTestObject("Login/input_USUARIO_loginusuario"), G_Usuario): Text 'saraadmin' is set on object 'Object Repository/Login/input_USUARIO_loginusuario'

2022-03-08 14:42:11 - [MESSAGE][PASSED] - Text 'saraadmin' is set on object 'Object Repository/Login/input_USUARIO_loginusuario'

2022-03-08 14:42:11 - [TEST_STEP][PASSED] - setEncryptedText(findTestObject("Login/input_CLAVE_loginpassword"), "MkG4/TYiCFC3cb2driP7+Q=="): Text ****** has been set on object 'Object Repository/Login/input_CLAVE_loginpassword'

2022-03-08 14:42:12 - [MESSAGE][PASSED] - Text ****** has been set on object 'Object Repository/Login/input_CLAVE_loginpassword'

2022-03-08 14:42:12 - [TEST_STEP][PASSED] - waitForElementClickable(findTestObject("Login/a_Ingresar"), G_TimeOut): Object 'Object Repository/Login/a_Ingresar' is clickable

2022-03-08 14:42:12 - [MESSAGE][PASSED] - Object 'Object Repository/Login/a_Ingresar' is clickable

2022-03-08 14:42:12 - [TEST_STEP][PASSED] - click(findTestObject("Login/a_Ingresar")): Object: 'Object Repository/Login/a_Ingresar' is clicked on

2022-03-08 14:42:13 - [MESSAGE][PASSED] - Object: 'Object Repository/Login/a_Ingresar' is clicked on

2022-03-08 14:42:13 - [TEST_STEP][PASSED] - element = findWebElement(findTestObject("Login/a_Ir"), 30): null

2022-03-08 14:42:14 - [TEST_STEP][PASSED] - executeJavaScript("arguments[0].click()", Arrays.asList(element)): Execute JavaScript 'arguments[0].click()' successfully

2022-03-08 14:42:14 - [MESSAGE][PASSED] - Execute JavaScript 'arguments[0].click()' successfully

2022-03-08 14:42:14 - [MESSAGE][PASSED] - Call Test Case 'Test Cases/0.1-Login' successfully

2022-03-08 14:42:14 - [TEST_STEP][PASSED] - setText(findTestObject("Modulo Pruebas SST/Creación de Grupos de Apoyo/input_ADMINISTRADOR DEL SISTEMA - SARA_form_templatej_idt24_input"), "grupos de apoyo"): Text 'grupos de apoyo' is set on object 'Object Repository/Modulo Pruebas SST/Creación de Grupos de Apoyo/input_ADMINISTRADOR DEL SISTEMA - SARA_form_templatej_idt24_input'

2022-03-08 14:42:15 - [MESSAGE][PASSED] - Text 'grupos de apoyo' is set on object 'Object Repository/Modulo Pruebas SST/Creación de Grupos de Apoyo/input_ADMINISTRADOR DEL SISTEMA - SARA_form_templatej_idt24_input'

2022-03-08 14:42:15 - [TEST_STEP][PASSED] - click(findTestObject("Modulo Pruebas SST/Creación de Grupos de Apoyo/li_Grupos de Apoyo (sst)")): Object: 'Object Repository/Modulo Pruebas SST/Creación de Grupos de Apoyo/li_Grupos de Apoyo (sst)' is clicked on

2022-03-08 14:42:18 - [MESSAGE][PASSED] - Object: 'Object Repository/Modulo Pruebas SST/Creación de Grupos de Apoyo/li_Grupos de Apoyo (sst)' is clicked on

2022-03-08 14:42:18 - [TEST_STEP][PASSED] - setText(findTestObject("Modulo Pruebas SST/Creación de Grupos de Apoyo/input_Descripcin_form_equipoTrabajoSalfiltroGrupoApoyo0"), "Katalon"): Text 'Katalon' is set on object 'Object Repository/Modulo Pruebas SST/Creación de Grupos de Apoyo/input_Descripcin_form_equipoTrabajoSalfiltroGrupoApoyo0'

2022-03-08 14:42:19 - [MESSAGE][PASSED] - Text 'Katalon' is set on object 'Object Repository/Modulo Pruebas SST/Creación de Grupos de Apoyo/input_Descripcin_form_equipoTrabajoSalfiltroGrupoApoyo0'

2022-03-08 14:42:19 - [TEST_STEP][PASSED] - if (waitForElementPresent(findTestObject("Modulo Pruebas SST/Creación de Grupos de Apoyo/td_PRUEBAS KATALON0"), 1)): null

2022-03-08 14:42:19 - [MESSAGE][PASSED] - Object 'Object Repository/Modulo Pruebas SST/Creación de Grupos de Apoyo/td_PRUEBAS KATALON0' is present

2022-03-08 14:42:19 - [TEST_STEP][PASSED] - click(findTestObject("Modulo Pruebas SST/Creación de Grupos de Apoyo/td_PRUEBAS KATALON0")): Object: 'Object Repository/Modulo Pruebas SST/Creación de Grupos de Apoyo/td_PRUEBAS KATALON0' is clicked on

2022-03-08 14:42:20 - [MESSAGE][PASSED] - Object: 'Object Repository/Modulo Pruebas SST/Creación de Grupos de Apoyo/td_PRUEBAS KATALON0' is clicked on

2022-03-08 14:42:20 - [TEST_STEP][PASSED] - click(findTestObject("Modulo Pruebas SST/Creación de Grupos de Apoyo/a_Anexos")): Object: 'Object Repository/Modulo Pruebas SST/Creación de Grupos de Apoyo/a_Anexos' is clicked on

2022-03-08 14:42:21 - [MESSAGE][PASSED] - Object: 'Object Repository/Modulo Pruebas SST/Creación de Grupos de Apoyo/a_Anexos' is clicked on

2022-03-08 14:42:21 - [TEST_STEP][PASSED] - if (waitForElementPresent(findTestObject("Modulo Pruebas SST/Creación de Grupos de Apoyo/a_prueba.pdf_form_equipoTrabajoSaltabtablaAnexos0j_idt208"), 1)): null

2022-03-08 14:42:22 - [MESSAGE][PASSED] - Object 'Object Repository/Modulo Pruebas SST/Creación de Grupos de Apoyo/a_prueba.pdf_form_equipoTrabajoSaltabtablaAnexos0j_idt208' is present

2022-03-08 14:42:22 - [TEST_STEP][PASSED] - click(findTestObject("Modulo Pruebas SST/Creación de Grupos de Apoyo/a_prueba.pdf_form_equipoTrabajoSaltabtablaAnexos0j_idt208")): Object: 'Object Repository/Modulo Pruebas SST/Creación de Grupos de Apoyo/a_prueba.pdf_form_equipoTrabajoSaltabtablaAnexos0j_idt208' is clicked on

2022-03-08 14:42:22 - [MESSAGE][PASSED] - Object: 'Object Repository/Modulo Pruebas SST/Creación de Grupos de Apoyo/a_prueba.pdf_form_equipoTrabajoSaltabtablaAnexos0j_idt208' is clicked on

2022-03-08 14:42:22 - [TEST_STEP][PASSED] - click(findTestObject("Modulo Pruebas SST/Creación de Grupos de Apoyo/span_Si0")): Object: 'Object Repository/Modulo Pruebas SST/Creación de Grupos de Apoyo/span_Si0' is clicked on

2022-03-08 14:42:23 - [MESSAGE][PASSED] - Object: 'Object Repository/Modulo Pruebas SST/Creación de Grupos de Apoyo/span_Si0' is clicked on

2022-03-08 14:42:23 - [TEST_STEP][PASSED] - click(findTestObject("Modulo Pruebas SST/Creación de Grupos de Apoyo/a_Compromisos")): Object: 'Object Repository/Modulo Pruebas SST/Creación de Grupos de Apoyo/a_Compromisos' is clicked on

2022-03-08 14:42:24 - [MESSAGE][PASSED] - Object: 'Object Repository/Modulo Pruebas SST/Creación de Grupos de Apoyo/a_Compromisos' is clicked on

2022-03-08 14:42:24 - [TEST_STEP][PASSED] - if (waitForElementPresent(findTestObject("Modulo Pruebas SST/Creación de Grupos de Apoyo/span_Trate de no correr"), 1)): null

2022-03-08 14:42:25 - [MESSAGE][PASSED] - Object 'Object Repository/Modulo Pruebas SST/Creación de Grupos de Apoyo/span_Trate de no correr' is present

2022-03-08 14:42:25 - [TEST_STEP][PASSED] - click(findTestObject("Modulo Pruebas SST/Creación de Grupos de Apoyo/span_Trate de no correr")): Object: 'Object Repository/Modulo Pruebas SST/Creación de Grupos de Apoyo/span_Trate de no correr' is clicked on

2022-03-08 14:42:25 - [MESSAGE][PASSED] - Object: 'Object Repository/Modulo Pruebas SST/Creación de Grupos de Apoyo/span_Trate de no correr' is clicked on

2022-03-08 14:42:25 - [TEST_STEP][PASSED] - click(findTestObject("Modulo Pruebas SST/Creación de Grupos de Apoyo/a_Eliminar0")): Object: 'Object Repository/Modulo Pruebas SST/Creación de Grupos de Apoyo/a_Eliminar0' is clicked on

2022-03-08 14:42:26 - [MESSAGE][PASSED] - Object: 'Object Repository/Modulo Pruebas SST/Creación de Grupos de Apoyo/a_Eliminar0' is clicked on

2022-03-08 14:42:26 - [TEST_STEP][PASSED] - click(findTestObject("Modulo Pruebas SST/Creación de Grupos de Apoyo/a_Aceptar0")): Object: 'Object Repository/Modulo Pruebas SST/Creación de Grupos de Apoyo/a_Aceptar0' is clicked on

2022-03-08 14:42:27 - [MESSAGE][PASSED] - Object: 'Object Repository/Modulo Pruebas SST/Creación de Grupos de Apoyo/a_Aceptar0' is clicked on

2022-03-08 14:42:27 - [TEST_STEP][PASSED] - click(findTestObject("Modulo Pruebas SST/Creación de Grupos de Apoyo/a_Actividades")): Object: 'Object Repository/Modulo Pruebas SST/Creación de Grupos de Apoyo/a_Actividades' is clicked on

2022-03-08 14:42:27 - [MESSAGE][PASSED] - Object: 'Object Repository/Modulo Pruebas SST/Creación de Grupos de Apoyo/a_Actividades' is clicked on

2022-03-08 14:42:27 - [TEST_STEP][PASSED] - if (waitForElementPresent(findTestObject("Modulo Pruebas SST/Creación de Grupos de Apoyo/span_A A A"), 1)): null

2022-03-08 14:42:28 - [MESSAGE][PASSED] - Object 'Object Repository/Modulo Pruebas SST/Creación de Grupos de Apoyo/span_A A A' is present

2022-03-08 14:42:28 - [TEST_STEP][PASSED] - click(findTestObject("Modulo Pruebas SST/Creación de Grupos de Apoyo/span_A A A")): Object: 'Object Repository/Modulo Pruebas SST/Creación de Grupos de Apoyo/span_A A A' is clicked on

2022-03-08 14:42:28 - [MESSAGE][PASSED] - Object: 'Object Repository/Modulo Pruebas SST/Creación de Grupos de Apoyo/span_A A A' is clicked on

2022-03-08 14:42:28 - [TEST_STEP][PASSED] - click(findTestObject("Modulo Pruebas SST/Creación de Grupos de Apoyo/a_Asistentes")): Object: 'Object Repository/Modulo Pruebas SST/Creación de Grupos de Apoyo/a_Asistentes' is clicked on

2022-03-08 14:42:29 - [MESSAGE][PASSED] - Object: 'Object Repository/Modulo Pruebas SST/Creación de Grupos de Apoyo/a_Asistentes' is clicked on

2022-03-08 14:42:29 - [TEST_STEP][PASSED] - if (waitForElementPresent(findTestObject("Modulo Pruebas SST/Creación de Grupos de Apoyo/a_JEFE DE BRIGADA_form_popupSeguimientotabPopupSeguimientolistaAsistentesIntegrantes0j_idt309"), 1)): null

2022-03-08 14:42:30 - [MESSAGE][PASSED] - Object 'Object Repository/Modulo Pruebas SST/Creación de Grupos de Apoyo/a_JEFE DE BRIGADA_form_popupSeguimientotabPopupSeguimientolistaAsistentesIntegrantes0j_idt309' is present

2022-03-08 14:42:30 - [TEST_STEP][PASSED] - click(findTestObject("Modulo Pruebas SST/Creación de Grupos de Apoyo/a_JEFE DE BRIGADA_form_popupSeguimientotabPopupSeguimientolistaAsistentesIntegrantes0j_idt309")): Object: 'Object Repository/Modulo Pruebas SST/Creación de Grupos de Apoyo/a_JEFE DE BRIGADA_form_popupSeguimientotabPopupSeguimientolistaAsistentesIntegrantes0j_idt309' is clicked on

2022-03-08 14:42:30 - [MESSAGE][PASSED] - Object: 'Object Repository/Modulo Pruebas SST/Creación de Grupos de Apoyo/a_JEFE DE BRIGADA_form_popupSeguimientotabPopupSeguimientolistaAsistentesIntegrantes0j_idt309' is clicked on

2022-03-08 14:42:30 - [TEST_STEP][PASSED] - click(findTestObject("Modulo Pruebas SST/Creación de Grupos de Apoyo/span_Si1")): Object: 'Object Repository/Modulo Pruebas SST/Creación de Grupos de Apoyo/span_Si1' is clicked on

2022-03-08 14:42:31 - [MESSAGE][PASSED] - Object: 'Object Repository/Modulo Pruebas SST/Creación de Grupos de Apoyo/span_Si1' is clicked on

2022-03-08 14:42:31 - [TEST_STEP][PASSED] - click(findTestObject("Modulo Pruebas SST/Creación de Grupos de Apoyo/a_Grupo Actividad")): Object: 'Object Repository/Modulo Pruebas SST/Creación de Grupos de Apoyo/a_Grupo Actividad' is clicked on

2022-03-08 14:42:32 - [MESSAGE][PASSED] - Object: 'Object Repository/Modulo Pruebas SST/Creación de Grupos de Apoyo/a_Grupo Actividad' is clicked on

2022-03-08 14:42:32 - [TEST_STEP][PASSED] - element = findWebElement(findTestObject("Modulo Pruebas SST/Creación de Grupos de Apoyo/a_Eliminar1"), 30): null

2022-03-08 14:42:32 - [TEST_STEP][PASSED] - executeJavaScript("arguments[0].click()", Arrays.asList(element)): Execute JavaScript 'arguments[0].click()' successfully

2022-03-08 14:42:32 - [MESSAGE][PASSED] - Execute JavaScript 'arguments[0].click()' successfully

2022-03-08 14:42:32 - [TEST_STEP][PASSED] - click(findTestObject("Modulo Pruebas SST/Creación de Grupos de Apoyo/a_Aceptar1")): Object: 'Object Repository/Modulo Pruebas SST/Creación de Grupos de Apoyo/a_Aceptar1' is clicked on

2022-03-08 14:42:33 - [MESSAGE][PASSED] - Object: 'Object Repository/Modulo Pruebas SST/Creación de Grupos de Apoyo/a_Aceptar1' is clicked on

2022-03-08 14:42:33 - [TEST_STEP][PASSED] - click(findTestObject("Modulo Pruebas SST/Creación de Grupos de Apoyo/a_Integrantes")): Object: 'Object Repository/Modulo Pruebas SST/Creación de Grupos de Apoyo/a_Integrantes' is clicked on

2022-03-08 14:42:34 - [MESSAGE][PASSED] - Object: 'Object Repository/Modulo Pruebas SST/Creación de Grupos de Apoyo/a_Integrantes' is clicked on

2022-03-08 14:42:34 - [TEST_STEP][PASSED] - if (waitForElementVisible(findTestObject("Modulo Pruebas SST/Creación de Grupos de Apoyo/span_SEDE NORTE"), 1)): null

2022-03-08 14:42:35 - [MESSAGE][PASSED] - Object 'Object Repository/Modulo Pruebas SST/Creación de Grupos de Apoyo/span_SEDE NORTE' is visible

2022-03-08 14:42:35 - [TEST_STEP][PASSED] - click(findTestObject("Modulo Pruebas SST/Creación de Grupos de Apoyo/span_SEDE NORTE"), STOP_ON_FAILURE): Object: 'Object Repository/Modulo Pruebas SST/Creación de Grupos de Apoyo/span_SEDE NORTE' is clicked on

2022-03-08 14:42:35 - [MESSAGE][PASSED] - Object: 'Object Repository/Modulo Pruebas SST/Creación de Grupos de Apoyo/span_SEDE NORTE' is clicked on

2022-03-08 14:42:35 - [TEST_STEP][PASSED] - click(findTestObject("Modulo Pruebas SST/Creación de Grupos de Apoyo/a_Eliminar2")): Object: 'Object Repository/Modulo Pruebas SST/Creación de Grupos de Apoyo/a_Eliminar2' is clicked on

2022-03-08 14:42:36 - [MESSAGE][PASSED] - Object: 'Object Repository/Modulo Pruebas SST/Creación de Grupos de Apoyo/a_Eliminar2' is clicked on

2022-03-08 14:42:36 - [TEST_STEP][PASSED] - click(findTestObject("Modulo Pruebas SST/Creación de Grupos de Apoyo/a_Aceptar2")): Object: 'Object Repository/Modulo Pruebas SST/Creación de Grupos de Apoyo/a_Aceptar2' is clicked on

2022-03-08 14:42:36 - [MESSAGE][PASSED] - Object: 'Object Repository/Modulo Pruebas SST/Creación de Grupos de Apoyo/a_Aceptar2' is clicked on

2022-03-08 14:42:36 - [TEST_STEP][PASSED] - click(findTestObject("Modulo Pruebas SST/Creación de Grupos de Apoyo/a_Grupo Apoyo")): Object: 'Object Repository/Modulo Pruebas SST/Creación de Grupos de Apoyo/a_Grupo Apoyo' is clicked on

2022-03-08 14:42:37 - [MESSAGE][PASSED] - Object: 'Object Repository/Modulo Pruebas SST/Creación de Grupos de Apoyo/a_Grupo Apoyo' is clicked on

2022-03-08 14:42:37 - [TEST_STEP][PASSED] - click(findTestObject("Modulo Pruebas SST/Creación de Grupos de Apoyo/a_Eliminar3")): Object: 'Object Repository/Modulo Pruebas SST/Creación de Grupos de Apoyo/a_Eliminar3' is clicked on

2022-03-08 14:42:38 - [MESSAGE][PASSED] - Object: 'Object Repository/Modulo Pruebas SST/Creación de Grupos de Apoyo/a_Eliminar3' is clicked on

2022-03-08 14:42:38 - [TEST_STEP][PASSED] - click(findTestObject("Modulo Pruebas SST/Creación de Grupos de Apoyo/a_Aceptar4")): Object: 'Object Repository/Modulo Pruebas SST/Creación de Grupos de Apoyo/a_Aceptar4' is clicked on

2022-03-08 14:42:39 - [MESSAGE][PASSED] - Object: 'Object Repository/Modulo Pruebas SST/Creación de Grupos de Apoyo/a_Aceptar4' is clicked on

2022-03-08 14:42:39 - [TEST_STEP][PASSED] - click(findTestObject("Modulo Pruebas SST/Creación de Grupos de Apoyo/a_Nuevo")): Object: 'Object Repository/Modulo Pruebas SST/Creación de Grupos de Apoyo/a_Nuevo' is clicked on

2022-03-08 14:42:40 - [MESSAGE][PASSED] - Object: 'Object Repository/Modulo Pruebas SST/Creación de Grupos de Apoyo/a_Nuevo' is clicked on

2022-03-08 14:42:40 - [TEST_STEP][PASSED] - setText(findTestObject("Modulo Pruebas SST/Creación de Grupos de Apoyo/input_Nombre Grupo Apoyo_form_equipoTrabajoSaltabdescripcion"), "PRUEBAS KATALON"): Text 'PRUEBAS KATALON' is set on object 'Object Repository/Modulo Pruebas SST/Creación de Grupos de Apoyo/input_Nombre Grupo Apoyo_form_equipoTrabajoSaltabdescripcion'

2022-03-08 14:42:41 - [MESSAGE][PASSED] - Text 'PRUEBAS KATALON' is set on object 'Object Repository/Modulo Pruebas SST/Creación de Grupos de Apoyo/input_Nombre Grupo Apoyo_form_equipoTrabajoSaltabdescripcion'

2022-03-08 14:42:41 - [TEST_STEP][PASSED] - selectOptionByIndex(findTestObject("Modulo Pruebas SST/Creación de Grupos de Apoyo/select_-- SELECCIONAR --BRIGADA DE PRIMEROS AUXILIOS"), 4): All options with index in [4] are selected on object 'Object Repository/Modulo Pruebas SST/Creación de Grupos de Apoyo/select_-- SELECCIONAR --BRIGADA DE PRIMEROS AUXILIOS'

2022-03-08 14:42:42 - [MESSAGE][PASSED] - All options with index in [4] are selected on object 'Object Repository/Modulo Pruebas SST/Creación de Grupos de Apoyo/select_-- SELECCIONAR --BRIGADA DE PRIMEROS AUXILIOS'

2022-03-08 14:42:42 - [TEST_STEP][PASSED] - selectOptionByIndex(findTestObject("Modulo Pruebas SST/Creación de Grupos de Apoyo/select_SeleccioneSEDE NORTESEDE OCCIDENTESEDE SUR"), 1): All options with index in [1] are selected on object 'Object Repository/Modulo Pruebas SST/Creación de Grupos de Apoyo/select_SeleccioneSEDE NORTESEDE OCCIDENTESEDE SUR'

2022-03-08 14:42:43 - [MESSAGE][PASSED] - All options with index in [1] are selected on object 'Object Repository/Modulo Pruebas SST/Creación de Grupos de Apoyo/select_SeleccioneSEDE NORTESEDE OCCIDENTESEDE SUR'

2022-03-08 14:42:43 - [TEST_STEP][PASSED] - setText(findTestObject("Modulo Pruebas SST/Creación de Grupos de Apoyo/textarea_Objetivo_form_equipoTrabajoSaltabobjetivo"), "null"): Text 'null' is set on object 'Object Repository/Modulo Pruebas SST/Creación de Grupos de Apoyo/textarea_Objetivo_form_equipoTrabajoSaltabobjetivo'

2022-03-08 14:42:43 - [MESSAGE][PASSED] - Text 'null' is set on object 'Object Repository/Modulo Pruebas SST/Creación de Grupos de Apoyo/textarea_Objetivo_form_equipoTrabajoSaltabobjetivo'

2022-03-08 14:42:43 - [TEST_STEP][PASSED] - click(findTestObject("Modulo Pruebas SST/Creación de Grupos de Apoyo/a_Guardar")): Object: 'Object Repository/Modulo Pruebas SST/Creación de Grupos de Apoyo/a_Guardar' is clicked on

2022-03-08 14:42:44 - [MESSAGE][PASSED] - Object: 'Object Repository/Modulo Pruebas SST/Creación de Grupos de Apoyo/a_Guardar' is clicked on

2022-03-08 14:42:44 - [TEST_STEP][PASSED] - click(findTestObject("Modulo Pruebas SST/Creación de Grupos de Apoyo/a_Integrantes")): Object: 'Object Repository/Modulo Pruebas SST/Creación de Grupos de Apoyo/a_Integrantes' is clicked on

2022-03-08 14:42:45 - [MESSAGE][PASSED] - Object: 'Object Repository/Modulo Pruebas SST/Creación de Grupos de Apoyo/a_Integrantes' is clicked on

2022-03-08 14:42:45 - [TEST_STEP][PASSED] - click(findTestObject("Modulo Pruebas SST/Creación de Grupos de Apoyo/a_Nuevo0")): Object: 'Object Repository/Modulo Pruebas SST/Creación de Grupos de Apoyo/a_Nuevo0' is clicked on

2022-03-08 14:42:45 - [MESSAGE][PASSED] - Object: 'Object Repository/Modulo Pruebas SST/Creación de Grupos de Apoyo/a_Nuevo0' is clicked on

2022-03-08 14:42:45 - [TEST_STEP][PASSED] - click(findTestObject("Modulo Pruebas SST/Creación de Grupos de Apoyo/a_Identificacin_form_popupGrupoApoyoIntegrantej_idt217")): Object: 'Object Repository/Modulo Pruebas SST/Creación de Grupos de Apoyo/a_Identificacin_form_popupGrupoApoyoIntegrantej_idt217' is clicked on

2022-03-08 14:42:46 - [MESSAGE][PASSED] - Object: 'Object Repository/Modulo Pruebas SST/Creación de Grupos de Apoyo/a_Identificacin_form_popupGrupoApoyoIntegrantej_idt217' is clicked on

2022-03-08 14:42:46 - [TEST_STEP][PASSED] - setText(findTestObject("Modulo Pruebas SST/Creación de Grupos de Apoyo/input_Filtro Hoja de Vida_formPopupHojaVidaj_idt840"), "Diaz Blanco Guisell"): Text 'Diaz Blanco Guisell' is set on object 'Object Repository/Modulo Pruebas SST/Creación de Grupos de Apoyo/input_Filtro Hoja de Vida_formPopupHojaVidaj_idt840'

2022-03-08 14:42:47 - [MESSAGE][PASSED] - Text 'Diaz Blanco Guisell' is set on object 'Object Repository/Modulo Pruebas SST/Creación de Grupos de Apoyo/input_Filtro Hoja de Vida_formPopupHojaVidaj_idt840'

2022-03-08 14:42:47 - [TEST_STEP][PASSED] - sendKeys(findTestObject("Modulo Pruebas SST/Creación de Grupos de Apoyo/input_Filtro Hoja de Vida_formPopupHojaVidaj_idt840"), Keys.chord(ENTER)): Keys 'ENTER + ' sent to object: 'Object Repository/Modulo Pruebas SST/Creación de Grupos de Apoyo/input_Filtro Hoja de Vida_formPopupHojaVidaj_idt840'

2022-03-08 14:42:47 - [MESSAGE][PASSED] - Keys 'ENTER + ' sent to object: 'Object Repository/Modulo Pruebas SST/Creación de Grupos de Apoyo/input_Filtro Hoja de Vida_formPopupHojaVidaj_idt840'

2022-03-08 14:42:47 - [TEST_STEP][PASSED] - click(findTestObject("Modulo Pruebas SST/Creación de Grupos de Apoyo/span_Diaz Blanco Guisell")): Object: 'Object Repository/Modulo Pruebas SST/Creación de Grupos de Apoyo/span_Diaz Blanco Guisell' is clicked on

2022-03-08 14:42:48 - [MESSAGE][PASSED] - Object: 'Object Repository/Modulo Pruebas SST/Creación de Grupos de Apoyo/span_Diaz Blanco Guisell' is clicked on

2022-03-08 14:42:48 - [TEST_STEP][PASSED] - selectOptionByIndex(findTestObject("Modulo Pruebas SST/Creación de Grupos de Apoyo/select_-- SELECCIONAR --SEDE NORTESEDE OCCIDENTESEDE SUR"), 1): All options with index in [1] are selected on object 'Object Repository/Modulo Pruebas SST/Creación de Grupos de Apoyo/select_-- SELECCIONAR --SEDE NORTESEDE OCCIDENTESEDE SUR'

2022-03-08 14:42:49 - [MESSAGE][PASSED] - All options with index in [1] are selected on object 'Object Repository/Modulo Pruebas SST/Creación de Grupos de Apoyo/select_-- SELECCIONAR --SEDE NORTESEDE OCCIDENTESEDE SUR'

2022-03-08 14:42:49 - [TEST_STEP][PASSED] - selectOptionByIndex(findTestObject("Modulo Pruebas SST/Creación de Grupos de Apoyo/select_-- SELECCIONAR --ADMINISTRADOR SSTBRIGADISTAJEFE DE BRIGADAPRESIDENTEREPRESENTATE DE LOS TRABAJADORESSECRETARIA"), 3): All options with index in [3] are selected on object 'Object Repository/Modulo Pruebas SST/Creación de Grupos de Apoyo/select_-- SELECCIONAR --ADMINISTRADOR SSTBRIGADISTAJEFE DE BRIGADAPRESIDENTEREPRESENTATE DE LOS TRABAJADORESSECRETARIA'

2022-03-08 14:42:50 - [MESSAGE][PASSED] - All options with index in [3] are selected on object 'Object Repository/Modulo Pruebas SST/Creación de Grupos de Apoyo/select_-- SELECCIONAR --ADMINISTRADOR SSTBRIGADISTAJEFE DE BRIGADAPRESIDENTEREPRESENTATE DE LOS TRABAJADORESSECRETARIA'

2022-03-08 14:42:50 - [TEST_STEP][PASSED] - setText(findTestObject("Modulo Pruebas SST/Creación de Grupos de Apoyo/textarea_Detalle Ingreso_form_popupGrupoApoyoIntegranteobjetivo"), "pruebas katalon"): Text 'pruebas katalon' is set on object 'Object Repository/Modulo Pruebas SST/Creación de Grupos de Apoyo/textarea_Detalle Ingreso_form_popupGrupoApoyoIntegranteobjetivo'

2022-03-08 14:42:51 - [MESSAGE][PASSED] - Text 'pruebas katalon' is set on object 'Object Repository/Modulo Pruebas SST/Creación de Grupos de Apoyo/textarea_Detalle Ingreso_form_popupGrupoApoyoIntegranteobjetivo'

2022-03-08 14:42:51 - [TEST_STEP][PASSED] - click(findTestObject("Modulo Pruebas SST/Creación de Grupos de Apoyo/a_Guardar")): Object: 'Object Repository/Modulo Pruebas SST/Creación de Grupos de Apoyo/a_Guardar' is clicked on

2022-03-08 14:42:51 - [MESSAGE][PASSED] - Object: 'Object Repository/Modulo Pruebas SST/Creación de Grupos de Apoyo/a_Guardar' is clicked on

2022-03-08 14:42:51 - [TEST_STEP][PASSED] - click(findTestObject("Modulo Pruebas SST/Creación de Grupos de Apoyo/a_Actividades")): Object: 'Object Repository/Modulo Pruebas SST/Creación de Grupos de Apoyo/a_Actividades' is clicked on

2022-03-08 14:42:52 - [MESSAGE][PASSED] - Object: 'Object Repository/Modulo Pruebas SST/Creación de Grupos de Apoyo/a_Actividades' is clicked on

2022-03-08 14:42:52 - [TEST_STEP][PASSED] - click(findTestObject("Modulo Pruebas SST/Creación de Grupos de Apoyo/a_Nuevo1"), STOP_ON_FAILURE): Object: 'Object Repository/Modulo Pruebas SST/Creación de Grupos de Apoyo/a_Nuevo1' is clicked on

2022-03-08 14:42:52 - [MESSAGE][PASSED] - Object: 'Object Repository/Modulo Pruebas SST/Creación de Grupos de Apoyo/a_Nuevo1' is clicked on

2022-03-08 14:42:52 - [TEST_STEP][PASSED] - click(findTestObject("Modulo Pruebas SST/Creación de Grupos de Apoyo/a_Responsable_form_popupSeguimientotabPopupSeguimientoj_idt276")): Object: 'Object Repository/Modulo Pruebas SST/Creación de Grupos de Apoyo/a_Responsable_form_popupSeguimientotabPopupSeguimientoj_idt276' is clicked on

2022-03-08 14:42:53 - [MESSAGE][PASSED] - Object: 'Object Repository/Modulo Pruebas SST/Creación de Grupos de Apoyo/a_Responsable_form_popupSeguimientotabPopupSeguimientoj_idt276' is clicked on

2022-03-08 14:42:53 - [TEST_STEP][PASSED] - setText(findTestObject("Modulo Pruebas SST/Creación de Grupos de Apoyo/input_Filtro Hoja de Vida_formPopupHojaVidaj_idt8401"), "A A A"): Text 'A A A' is set on object 'Object Repository/Modulo Pruebas SST/Creación de Grupos de Apoyo/input_Filtro Hoja de Vida_formPopupHojaVidaj_idt8401'

2022-03-08 14:42:54 - [MESSAGE][PASSED] - Text 'A A A' is set on object 'Object Repository/Modulo Pruebas SST/Creación de Grupos de Apoyo/input_Filtro Hoja de Vida_formPopupHojaVidaj_idt8401'

2022-03-08 14:42:54 - [TEST_STEP][PASSED] - sendKeys(findTestObject("Modulo Pruebas SST/Creación de Grupos de Apoyo/input_Filtro Hoja de Vida_formPopupHojaVidaj_idt8401"), Keys.chord(ENTER)): Keys 'ENTER + ' sent to object: 'Object Repository/Modulo Pruebas SST/Creación de Grupos de Apoyo/input_Filtro Hoja de Vida_formPopupHojaVidaj_idt8401'

2022-03-08 14:42:55 - [MESSAGE][PASSED] - Keys 'ENTER + ' sent to object: 'Object Repository/Modulo Pruebas SST/Creación de Grupos de Apoyo/input_Filtro Hoja de Vida_formPopupHojaVidaj_idt8401'

2022-03-08 14:42:55 - [TEST_STEP][PASSED] - click(findTestObject("Modulo Pruebas SST/Creación de Grupos de Apoyo/span_A A A")): Object: 'Object Repository/Modulo Pruebas SST/Creación de Grupos de Apoyo/span_A A A' is clicked on

2022-03-08 14:42:55 - [MESSAGE][PASSED] - Object: 'Object Repository/Modulo Pruebas SST/Creación de Grupos de Apoyo/span_A A A' is clicked on

2022-03-08 14:42:55 - [TEST_STEP][PASSED] - selectOptionByIndex(findTestObject("Modulo Pruebas SST/Creación de Grupos de Apoyo/select_ProgramadoCumplidoCancelado"), 0): All options with index in [0] are selected on object 'Object Repository/Modulo Pruebas SST/Creación de Grupos de Apoyo/select_ProgramadoCumplidoCancelado'

2022-03-08 14:42:57 - [MESSAGE][PASSED] - All options with index in [0] are selected on object 'Object Repository/Modulo Pruebas SST/Creación de Grupos de Apoyo/select_ProgramadoCumplidoCancelado'

2022-03-08 14:42:57 - [TEST_STEP][PASSED] - setText(findTestObject("Modulo Pruebas SST/Creación de Grupos de Apoyo/textarea_Objetivo_form_popupSeguimientotabPopupSeguimientoobjetivo"), "pruebas k"): Text 'pruebas k' is set on object 'Object Repository/Modulo Pruebas SST/Creación de Grupos de Apoyo/textarea_Objetivo_form_popupSeguimientotabPopupSeguimientoobjetivo'

2022-03-08 14:42:57 - [MESSAGE][PASSED] - Text 'pruebas k' is set on object 'Object Repository/Modulo Pruebas SST/Creación de Grupos de Apoyo/textarea_Objetivo_form_popupSeguimientotabPopupSeguimientoobjetivo'

2022-03-08 14:42:57 - [TEST_STEP][PASSED] - setText(findTestObject("Modulo Pruebas SST/Creación de Grupos de Apoyo/textarea_Detalle Actividad_form_popupSeguimientotabPopupSeguimientoobservacion"), "pruebas k"): Text 'pruebas k' is set on object 'Object Repository/Modulo Pruebas SST/Creación de Grupos de Apoyo/textarea_Detalle Actividad_form_popupSeguimientotabPopupSeguimientoobservacion'

2022-03-08 14:42:58 - [MESSAGE][PASSED] - Text 'pruebas k' is set on object 'Object Repository/Modulo Pruebas SST/Creación de Grupos de Apoyo/textarea_Detalle Actividad_form_popupSeguimientotabPopupSeguimientoobservacion'

2022-03-08 14:42:58 - [TEST_STEP][PASSED] - setText(findTestObject("Modulo Pruebas SST/Creación de Grupos de Apoyo/textarea_Detalle Cumplimiento_form_popupSeguimientotabPopupSeguimientodetallecump"), "pruebas k"): Text 'pruebas k' is set on object 'Object Repository/Modulo Pruebas SST/Creación de Grupos de Apoyo/textarea_Detalle Cumplimiento_form_popupSeguimientotabPopupSeguimientodetallecump'

2022-03-08 14:42:59 - [MESSAGE][PASSED] - Text 'pruebas k' is set on object 'Object Repository/Modulo Pruebas SST/Creación de Grupos de Apoyo/textarea_Detalle Cumplimiento_form_popupSeguimientotabPopupSeguimientodetallecump'

2022-03-08 14:42:59 - [TEST_STEP][PASSED] - selectOptionByIndex(findTestObject("Modulo Pruebas SST/Creación de Grupos de Apoyo/select_-- SELECCIONAR --Trate de no correr"), 1): All options with index in [1] are selected on object 'Object Repository/Modulo Pruebas SST/Creación de Grupos de Apoyo/select_-- SELECCIONAR --Trate de no correr'

2022-03-08 14:43:00 - [MESSAGE][PASSED] - All options with index in [1] are selected on object 'Object Repository/Modulo Pruebas SST/Creación de Grupos de Apoyo/select_-- SELECCIONAR --Trate de no correr'

2022-03-08 14:43:00 - [TEST_STEP][PASSED] - element = findWebElement(findTestObject("Modulo Pruebas SST/Creación de Grupos de Apoyo/a_Guardar"), 30): null

2022-03-08 14:43:00 - [TEST_STEP][PASSED] - executeJavaScript("arguments[0].click()", Arrays.asList(element)): Execute JavaScript 'arguments[0].click()' successfully

2022-03-08 14:43:00 - [MESSAGE][PASSED] - Execute JavaScript 'arguments[0].click()' successfully

2022-03-08 14:43:00 - [TEST_STEP][PASSED] - click(findTestObject("Modulo Pruebas SST/Creación de Grupos de Apoyo/td_Trate de no correr")): Object: 'Object Repository/Modulo Pruebas SST/Creación de Grupos de Apoyo/td_Trate de no correr' is clicked on

2022-03-08 14:43:01 - [MESSAGE][PASSED] - Object: 'Object Repository/Modulo Pruebas SST/Creación de Grupos de Apoyo/td_Trate de no correr' is clicked on

2022-03-08 14:43:01 - [TEST_STEP][PASSED] - click(findTestObject("Modulo Pruebas SST/Creación de Grupos de Apoyo/a_Asistentes")): Object: 'Object Repository/Modulo Pruebas SST/Creación de Grupos de Apoyo/a_Asistentes' is clicked on

2022-03-08 14:43:02 - [MESSAGE][PASSED] - Object: 'Object Repository/Modulo Pruebas SST/Creación de Grupos de Apoyo/a_Asistentes' is clicked on

2022-03-08 14:43:02 - [TEST_STEP][PASSED] - click(findTestObject("Modulo Pruebas SST/Creación de Grupos de Apoyo/a_Rol_form_popupSeguimientotabPopupSeguimientolistaAsistentesIntegrantesj_idt304")): Object: 'Object Repository/Modulo Pruebas SST/Creación de Grupos de Apoyo/a_Rol_form_popupSeguimientotabPopupSeguimientolistaAsistentesIntegrantesj_idt304' is clicked on

2022-03-08 14:43:03 - [MESSAGE][PASSED] - Object: 'Object Repository/Modulo Pruebas SST/Creación de Grupos de Apoyo/a_Rol_form_popupSeguimientotabPopupSeguimientolistaAsistentesIntegrantesj_idt304' is clicked on

2022-03-08 14:43:03 - [TEST_STEP][PASSED] - setText(findTestObject("Modulo Pruebas SST/Creación de Grupos de Apoyo/input_Filtro Inscritos_form_AsistenteGrupoApoyoPopUpj_idt350"), "guisell"): Text 'guisell' is set on object 'Object Repository/Modulo Pruebas SST/Creación de Grupos de Apoyo/input_Filtro Inscritos_form_AsistenteGrupoApoyoPopUpj_idt350'

2022-03-08 14:43:04 - [MESSAGE][PASSED] - Text 'guisell' is set on object 'Object Repository/Modulo Pruebas SST/Creación de Grupos de Apoyo/input_Filtro Inscritos_form_AsistenteGrupoApoyoPopUpj_idt350'

2022-03-08 14:43:04 - [TEST_STEP][PASSED] - sendKeys(findTestObject("Modulo Pruebas SST/Creación de Grupos de Apoyo/input_Filtro Inscritos_form_AsistenteGrupoApoyoPopUpj_idt350"), Keys.chord(ENTER)): Keys 'ENTER + ' sent to object: 'Object Repository/Modulo Pruebas SST/Creación de Grupos de Apoyo/input_Filtro Inscritos_form_AsistenteGrupoApoyoPopUpj_idt350'

2022-03-08 14:43:05 - [MESSAGE][PASSED] - Keys 'ENTER + ' sent to object: 'Object Repository/Modulo Pruebas SST/Creación de Grupos de Apoyo/input_Filtro Inscritos_form_AsistenteGrupoApoyoPopUpj_idt350'

2022-03-08 14:43:05 - [TEST_STEP][PASSED] - click(findTestObject("Modulo Pruebas SST/Creación de Grupos de Apoyo/span_1057596487")): Object: 'Object Repository/Modulo Pruebas SST/Creación de Grupos de Apoyo/span_1057596487' is clicked on

2022-03-08 14:43:05 - [MESSAGE][PASSED] - Object: 'Object Repository/Modulo Pruebas SST/Creación de Grupos de Apoyo/span_1057596487' is clicked on

2022-03-08 14:43:05 - [TEST_STEP][PASSED] - click(findTestObject("Modulo Pruebas SST/Creación de Grupos de Apoyo/a_Rol_form_popupSeguimientotabPopupSeguimientolistaAsistentesIntegrantesj_idt310")): Object: 'Object Repository/Modulo Pruebas SST/Creación de Grupos de Apoyo/a_Rol_form_popupSeguimientotabPopupSeguimientolistaAsistentesIntegrantesj_idt310' is clicked on

2022-03-08 14:43:06 - [MESSAGE][PASSED] - Object: 'Object Repository/Modulo Pruebas SST/Creación de Grupos de Apoyo/a_Rol_form_popupSeguimientotabPopupSeguimientolistaAsistentesIntegrantesj_idt310' is clicked on

2022-03-08 14:43:06 - [TEST_STEP][PASSED] - click(findTestObject("Modulo Pruebas SST/Creación de Grupos de Apoyo/a_Grupo Actividad")): Object: 'Object Repository/Modulo Pruebas SST/Creación de Grupos de Apoyo/a_Grupo Actividad' is clicked on

2022-03-08 14:43:07 - [MESSAGE][PASSED] - Object: 'Object Repository/Modulo Pruebas SST/Creación de Grupos de Apoyo/a_Grupo Actividad' is clicked on

2022-03-08 14:43:07 - [TEST_STEP][PASSED] - click(findTestObject("Modulo Pruebas SST/Creación de Grupos de Apoyo/span_No se encontr registros_ui-icon ui-icon-closethick")): Object: 'Object Repository/Modulo Pruebas SST/Creación de Grupos de Apoyo/span_No se encontr registros_ui-icon ui-icon-closethick' is clicked on

2022-03-08 14:43:08 - [MESSAGE][PASSED] - Object: 'Object Repository/Modulo Pruebas SST/Creación de Grupos de Apoyo/span_No se encontr registros_ui-icon ui-icon-closethick' is clicked on

2022-03-08 14:43:08 - [TEST_STEP][PASSED] - click(findTestObject("Modulo Pruebas SST/Creación de Grupos de Apoyo/a_Compromisos")): Object: 'Object Repository/Modulo Pruebas SST/Creación de Grupos de Apoyo/a_Compromisos' is clicked on

2022-03-08 14:43:08 - [MESSAGE][PASSED] - Object: 'Object Repository/Modulo Pruebas SST/Creación de Grupos de Apoyo/a_Compromisos' is clicked on

2022-03-08 14:43:08 - [TEST_STEP][PASSED] - click(findTestObject("Modulo Pruebas SST/Creación de Grupos de Apoyo/a_Nuevo3")): Object: 'Object Repository/Modulo Pruebas SST/Creación de Grupos de Apoyo/a_Nuevo3' is clicked on

2022-03-08 14:43:09 - [MESSAGE][PASSED] - Object: 'Object Repository/Modulo Pruebas SST/Creación de Grupos de Apoyo/a_Nuevo3' is clicked on

2022-03-08 14:43:09 - [TEST_STEP][PASSED] - click(findTestObject("Modulo Pruebas SST/Creación de Grupos de Apoyo/a_Responsable_form_popupSeguimientoComj_idt323")): Object: 'Object Repository/Modulo Pruebas SST/Creación de Grupos de Apoyo/a_Responsable_form_popupSeguimientoComj_idt323' is clicked on

2022-03-08 14:43:10 - [MESSAGE][PASSED] - Object: 'Object Repository/Modulo Pruebas SST/Creación de Grupos de Apoyo/a_Responsable_form_popupSeguimientoComj_idt323' is clicked on

2022-03-08 14:43:10 - [TEST_STEP][PASSED] - setText(findTestObject("Modulo Pruebas SST/Creación de Grupos de Apoyo/input_Filtro Hoja de Vida_formPopupHojaVidaj_idt8402"), "guisell"): Text 'guisell' is set on object 'Object Repository/Modulo Pruebas SST/Creación de Grupos de Apoyo/input_Filtro Hoja de Vida_formPopupHojaVidaj_idt8402'

2022-03-08 14:43:10 - [MESSAGE][PASSED] - Text 'guisell' is set on object 'Object Repository/Modulo Pruebas SST/Creación de Grupos de Apoyo/input_Filtro Hoja de Vida_formPopupHojaVidaj_idt8402'

2022-03-08 14:43:10 - [TEST_STEP][PASSED] - sendKeys(findTestObject("Modulo Pruebas SST/Creación de Grupos de Apoyo/input_Filtro Hoja de Vida_formPopupHojaVidaj_idt8402"), Keys.chord(ENTER)): Keys 'ENTER + ' sent to object: 'Object Repository/Modulo Pruebas SST/Creación de Grupos de Apoyo/input_Filtro Hoja de Vida_formPopupHojaVidaj_idt8402'

2022-03-08 14:43:11 - [MESSAGE][PASSED] - Keys 'ENTER + ' sent to object: 'Object Repository/Modulo Pruebas SST/Creación de Grupos de Apoyo/input_Filtro Hoja de Vida_formPopupHojaVidaj_idt8402'

2022-03-08 14:43:11 - [TEST_STEP][PASSED] - click(findTestObject("Modulo Pruebas SST/Creación de Grupos de Apoyo/span_Diaz Blanco Guisell2")): Object: 'Object Repository/Modulo Pruebas SST/Creación de Grupos de Apoyo/span_Diaz Blanco Guisell2' is clicked on

2022-03-08 14:43:12 - [MESSAGE][PASSED] - Object: 'Object Repository/Modulo Pruebas SST/Creación de Grupos de Apoyo/span_Diaz Blanco Guisell2' is clicked on

2022-03-08 14:43:12 - [TEST_STEP][PASSED] - selectOptionByIndex(findTestObject("Modulo Pruebas SST/Creación de Grupos de Apoyo/select_-- SELECCIONAR --Trate de no correr2"), 1): All options with index in [1] are selected on object 'Object Repository/Modulo Pruebas SST/Creación de Grupos de Apoyo/select_-- SELECCIONAR --Trate de no correr2'

2022-03-08 14:43:13 - [MESSAGE][PASSED] - All options with index in [1] are selected on object 'Object Repository/Modulo Pruebas SST/Creación de Grupos de Apoyo/select_-- SELECCIONAR --Trate de no correr2'

2022-03-08 14:43:13 - [TEST_STEP][PASSED] - selectOptionByIndex(findTestObject("Modulo Pruebas SST/Creación de Grupos de Apoyo/select_-- SELECCIONAR --ProgramadoCumplidoCancelado"), 1): All options with index in [1] are selected on object 'Object Repository/Modulo Pruebas SST/Creación de Grupos de Apoyo/select_-- SELECCIONAR --ProgramadoCumplidoCancelado'

2022-03-08 14:43:14 - [MESSAGE][PASSED] - All options with index in [1] are selected on object 'Object Repository/Modulo Pruebas SST/Creación de Grupos de Apoyo/select_-- SELECCIONAR --ProgramadoCumplidoCancelado'

2022-03-08 14:43:14 - [TEST_STEP][PASSED] - setText(findTestObject("Modulo Pruebas SST/Creación de Grupos de Apoyo/textarea_Observacin_form_popupSeguimientoComobservacion"), "pruebas katalon"): Text 'pruebas katalon' is set on object 'Object Repository/Modulo Pruebas SST/Creación de Grupos de Apoyo/textarea_Observacin_form_popupSeguimientoComobservacion'

2022-03-08 14:43:14 - [MESSAGE][PASSED] - Text 'pruebas katalon' is set on object 'Object Repository/Modulo Pruebas SST/Creación de Grupos de Apoyo/textarea_Observacin_form_popupSeguimientoComobservacion'

2022-03-08 14:43:14 - [TEST_STEP][PASSED] - click(findTestObject("Modulo Pruebas SST/Creación de Grupos de Apoyo/a_Guardar")): Object: 'Object Repository/Modulo Pruebas SST/Creación de Grupos de Apoyo/a_Guardar' is clicked on

2022-03-08 14:43:15 - [MESSAGE][PASSED] - Object: 'Object Repository/Modulo Pruebas SST/Creación de Grupos de Apoyo/a_Guardar' is clicked on

2022-03-08 14:43:15 - [TEST_STEP][PASSED] - click(findTestObject("Modulo Pruebas SST/Creación de Grupos de Apoyo/a_Anexos")): Object: 'Object Repository/Modulo Pruebas SST/Creación de Grupos de Apoyo/a_Anexos' is clicked on

2022-03-08 14:43:15 - [MESSAGE][PASSED] - Object: 'Object Repository/Modulo Pruebas SST/Creación de Grupos de Apoyo/a_Anexos' is clicked on

2022-03-08 14:43:15 - [TEST_STEP][PASSED] - click(findTestObject("Modulo Pruebas SST/Creación de Grupos de Apoyo/a_Descargar_form_equipoTrabajoSaltabtablaAnexosj_idt202")): Object: 'Object Repository/Modulo Pruebas SST/Creación de Grupos de Apoyo/a_Descargar_form_equipoTrabajoSaltabtablaAnexosj_idt202' is clicked on

2022-03-08 14:43:16 - [MESSAGE][PASSED] - Object: 'Object Repository/Modulo Pruebas SST/Creación de Grupos de Apoyo/a_Descargar_form_equipoTrabajoSaltabtablaAnexosj_idt202' is clicked on

2022-03-08 14:43:16 - [TEST_STEP][PASSED] - ruta = G_rutaarchivos + "prueba.pdf": null

2022-03-08 14:43:16 - [TEST_STEP][PASSED] - uploadFile(findTestObject("Modulo Pruebas SST/Creación de Grupos de Apoyo/input_Cargar Archivo_popupCargarArchivoForminputFileName_input"), ruta): File 'E:\unionweb14\prueba.pdf' sent to object: 'Object Repository/Modulo Pruebas SST/Creación de Grupos de Apoyo/input_Cargar Archivo_popupCargarArchivoForminputFileName_input'

2022-03-08 14:43:17 - [MESSAGE][PASSED] - File 'E:\unionweb14\prueba.pdf' sent to object: 'Object Repository/Modulo Pruebas SST/Creación de Grupos de Apoyo/input_Cargar Archivo_popupCargarArchivoForminputFileName_input'

2022-03-08 14:43:17 - [TEST_STEP][PASSED] - setText(findTestObject("Modulo Pruebas SST/Creación de Grupos de Apoyo/input_Descargar_form_equipoTrabajoSaltabtablaAnexosfecha_input"), "01/07/2021"): Text '01/07/2021' is set on object 'Object Repository/Modulo Pruebas SST/Creación de Grupos de Apoyo/input_Descargar_form_equipoTrabajoSaltabtablaAnexosfecha_input'

2022-03-08 14:43:19 - [MESSAGE][PASSED] - Text '01/07/2021' is set on object 'Object Repository/Modulo Pruebas SST/Creación de Grupos de Apoyo/input_Descargar_form_equipoTrabajoSaltabtablaAnexosfecha_input'

2022-03-08 14:43:19 - [TEST_STEP][PASSED] - setText(findTestObject("Modulo Pruebas SST/Creación de Grupos de Apoyo/input_Descargar_form_equipoTrabajoSaltabtablaAnexosdescripcionAnexo"), "pruebas k"): Text 'pruebas k' is set on object 'Object Repository/Modulo Pruebas SST/Creación de Grupos de Apoyo/input_Descargar_form_equipoTrabajoSaltabtablaAnexosdescripcionAnexo'

2022-03-08 14:43:20 - [MESSAGE][PASSED] - Text 'pruebas k' is set on object 'Object Repository/Modulo Pruebas SST/Creación de Grupos de Apoyo/input_Descargar_form_equipoTrabajoSaltabtablaAnexosdescripcionAnexo'

2022-03-08 14:43:20 - [TEST_STEP][PASSED] - click(findTestObject("Modulo Pruebas SST/Creación de Grupos de Apoyo/a_Descargar_form_equipoTrabajoSaltabtablaAnexosj_idt209")): Object: 'Object Repository/Modulo Pruebas SST/Creación de Grupos de Apoyo/a_Descargar_form_equipoTrabajoSaltabtablaAnexosj_idt209' is clicked on

2022-03-08 14:43:20 - [MESSAGE][PASSED] - Object: 'Object Repository/Modulo Pruebas SST/Creación de Grupos de Apoyo/a_Descargar_form_equipoTrabajoSaltabtablaAnexosj_idt209' is clicked on

2022-03-08 14:43:20 - [TEST_STEP][PASSED] - closeBrowser(): Browser is closed

2022-03-08 14:43:21 - [MESSAGE][PASSED] - Browser is closed]]></system-out>
         <system-err><![CDATA[]]></system-err>
      </testcase>
      <system-out><![CDATA[2022-03-08 14:31:39 - [TEST_SUITE][PASSED] - 5-Pruebas SST: Test Cases/5.1-Pruebas_SST/5.1.9-Creación_de_Grupos_de_Apoyo]]></system-out>
      <system-err><![CDATA[]]></system-err>
   </testsuite>
</testsuites>
