<?xml version="1.0" encoding="UTF-8"?>
<testsuites name="4-pruebas capacitación" time="395.332" tests="12" failures="0" errors="0">
   <testsuite name="4-pruebas capacitación" tests="12" failures="0" errors="0" time="395.332" skipped="0" timestamp="2022-02-23 11:38:29" hostname="diego.rojas - US-AF-000371" id="Test Suites/4-pruebas capacitación">
      <properties>
         <property name="deviceName" value=""/>
         <property name="devicePlatform" value=""/>
         <property name="logFolder" value="C:\\Users\\diego.rojas\\git\\Pruebas-Minimas\\Reports\\20220223_112127\\4-pruebas capacitaci\u00F3n\\20220223_112157"/>
         <property name="logFiles" value="C:\\Users\\diego.rojas\\git\\Pruebas-Minimas\\Reports\\20220223_112127\\4-pruebas capacitaci\u00F3n\\20220223_112157\\execution0.log"/>
         <property name="attachments" value=""/>
         <property name="hostName" value="diego.rojas - US-AF-000371"/>
         <property name="os" value="Windows 10 64bit"/>
         <property name="katalonVersion" value="8.2.5.208"/>
         <property name="browser" value="Chrome 98.0.4758.102"/>
         <property name="hostAddress" value="192.168.56.1"/>
         <property name="sessionId" value="328327fbd84324f0134359340b217c0b"/>
         <property name="seleniumVersion" value="3.141.59"/>
         <property name="proxyInformation" value="ProxyInformation { proxyOption=NO_PROXY, proxyServerType=HTTP, username=, password=********, proxyServerAddress=, proxyServerPort=0, executionList=&quot;&quot;, isApplyToDesiredCapabilities=true }"/>
         <property name="platform" value="Windows 10"/>
      </properties>
      <testcase name="Test Cases/4.1-Pruebas_Capacitación/4.1.1-Nuevo_Curso" time="38.381" classname="Test Cases/4.1-Pruebas_Capacitación/4.1.1-Nuevo_Curso" status="PASSED">
         <system-out><![CDATA[2022-02-23 11:38:29 - [TEST_CASE][PASSED] - Test Cases/4.1-Pruebas_Capacitación/4.1.1-Nuevo_Curso: Test Cases/4.1-Pruebas_Capacitación/4.1.1-Nuevo_Curso

2022-02-23 11:38:30 - [TEST_STEP][PASSED] - callTestCase(findTestCase("0.1-Login"), [:], STOP_ON_FAILURE): Call Test Case 'Test Cases/0.1-Login' successfully

2022-02-23 11:38:30 - [TEST_CASE][PASSED] - Test Cases/0.1-Login: Test Cases/0.1-Login

2022-02-23 11:38:31 - [TEST_STEP][PASSED] - openBrowser(""): Browser is opened with url: ''

2022-02-23 11:38:31 - [MESSAGE][INFO] - Starting 'Chrome' driver

2022-02-23 11:38:31 - [MESSAGE][INFO] - Action delay is set to 0 milliseconds

2022-02-23 11:38:33 - [MESSAGE][PASSED] - Browser is opened with url: ''

2022-02-23 11:38:33 - [TEST_STEP][PASSED] - maximizeWindow(): Current window maximized

2022-02-23 11:38:33 - [MESSAGE][PASSED] - Current window maximized

2022-02-23 11:38:33 - [TEST_STEP][PASSED] - i = G_Login: null

2022-02-23 11:38:34 - [TEST_STEP][PASSED] - url = new java.net.URL(i): null

2022-02-23 11:38:34 - [TEST_STEP][PASSED] - println("URL: " + url.toString()): null

2022-02-23 11:38:34 - [TEST_STEP][PASSED] - connection = url.openConnection(): null

2022-02-23 11:38:34 - [TEST_STEP][PASSED] - connection.setRequestMethod("GET"): null

2022-02-23 11:38:34 - [TEST_STEP][PASSED] - connection.setReadTimeout(2 * 1000): null

2022-02-23 11:38:34 - [TEST_STEP][PASSED] - try: null

2022-02-23 11:38:34 - [TEST_STEP][PASSED] - connection.connect(): null

2022-02-23 11:38:34 - [TEST_STEP][PASSED] - flag = connected: null

2022-02-23 11:38:34 - [TEST_STEP][PASSED] - println("Valor_ori: " + flag): null

2022-02-23 11:38:34 - [TEST_STEP][PASSED] - if (flag): null

2022-02-23 11:38:34 - [TEST_STEP][PASSED] - navigateToUrl(i): Navigate to 'http://192.168.2.80:8380/saraweb' successfully

2022-02-23 11:38:34 - [MESSAGE][PASSED] - Navigate to 'http://192.168.2.80:8380/saraweb' successfully

2022-02-23 11:38:34 - [TEST_STEP][PASSED] - a(): null

2022-02-23 11:38:34 - [TEST_STEP][PASSED] - setText(findTestObject("Login/input_USUARIO_loginusuario"), G_Usuario): Text 'saraadmin' is set on object 'Object Repository/Login/input_USUARIO_loginusuario'

2022-02-23 11:38:35 - [MESSAGE][PASSED] - Text 'saraadmin' is set on object 'Object Repository/Login/input_USUARIO_loginusuario'

2022-02-23 11:38:35 - [TEST_STEP][PASSED] - setEncryptedText(findTestObject("Login/input_CLAVE_loginpassword"), "MkG4/TYiCFC3cb2driP7+Q=="): Text ****** has been set on object 'Object Repository/Login/input_CLAVE_loginpassword'

2022-02-23 11:38:36 - [MESSAGE][PASSED] - Text ****** has been set on object 'Object Repository/Login/input_CLAVE_loginpassword'

2022-02-23 11:38:36 - [TEST_STEP][PASSED] - waitForElementClickable(findTestObject("Login/a_Ingresar"), G_TimeOut): Object 'Object Repository/Login/a_Ingresar' is clickable

2022-02-23 11:38:36 - [MESSAGE][PASSED] - Object 'Object Repository/Login/a_Ingresar' is clickable

2022-02-23 11:38:36 - [TEST_STEP][PASSED] - click(findTestObject("Login/a_Ingresar")): Object: 'Object Repository/Login/a_Ingresar' is clicked on

2022-02-23 11:38:38 - [MESSAGE][PASSED] - Object: 'Object Repository/Login/a_Ingresar' is clicked on

2022-02-23 11:38:38 - [TEST_STEP][PASSED] - element = findWebElement(findTestObject("Login/a_Ir"), 30): null

2022-02-23 11:38:39 - [TEST_STEP][PASSED] - executeJavaScript("arguments[0].click()", Arrays.asList(element)): Execute JavaScript 'arguments[0].click()' successfully

2022-02-23 11:38:39 - [MESSAGE][PASSED] - Execute JavaScript 'arguments[0].click()' successfully

2022-02-23 11:38:39 - [MESSAGE][PASSED] - Call Test Case 'Test Cases/0.1-Login' successfully

2022-02-23 11:38:39 - [TEST_STEP][PASSED] - setText(findTestObject("Modulo Pruebas Capacitación/Nuevo_Curso/input_ADMINISTRADOR DEL SISTEMA - SARA_form_templatej_idt24_input"), "Cursos (cap)"): Text 'Cursos (cap)' is set on object 'Object Repository/Modulo Pruebas Capacitación/Nuevo_Curso/input_ADMINISTRADOR DEL SISTEMA - SARA_form_templatej_idt24_input'

2022-02-23 11:38:40 - [MESSAGE][PASSED] - Text 'Cursos (cap)' is set on object 'Object Repository/Modulo Pruebas Capacitación/Nuevo_Curso/input_ADMINISTRADOR DEL SISTEMA - SARA_form_templatej_idt24_input'

2022-02-23 11:38:40 - [TEST_STEP][PASSED] - waitForElementClickable(findTestObject("Modulo Pruebas Capacitación/Nuevo_Curso/li_Cursos (cap)"), 0): Object 'Object Repository/Modulo Pruebas Capacitación/Nuevo_Curso/li_Cursos (cap)' is clickable

2022-02-23 11:38:40 - [MESSAGE][WARNING] - Timeout '0' is invalid. Using default page load timeout: '30'

2022-02-23 11:38:41 - [MESSAGE][PASSED] - Object 'Object Repository/Modulo Pruebas Capacitación/Nuevo_Curso/li_Cursos (cap)' is clickable

2022-02-23 11:38:41 - [TEST_STEP][PASSED] - click(findTestObject("Modulo Pruebas Capacitación/Nuevo_Curso/li_Cursos (cap)"), STOP_ON_FAILURE): Object: 'Object Repository/Modulo Pruebas Capacitación/Nuevo_Curso/li_Cursos (cap)' is clicked on

2022-02-23 11:38:42 - [MESSAGE][PASSED] - Object: 'Object Repository/Modulo Pruebas Capacitación/Nuevo_Curso/li_Cursos (cap)' is clicked on

2022-02-23 11:38:42 - [TEST_STEP][PASSED] - if (waitForElementPresent(findTestObject("Modulo Pruebas Capacitación/Nuevo_Curso/td_Prueba"), 1)): null

2022-02-23 11:38:43 - [MESSAGE][PASSED] - Object 'Object Repository/Modulo Pruebas Capacitación/Nuevo_Curso/td_Prueba' is present

2022-02-23 11:38:43 - [TEST_STEP][PASSED] - click(findTestObject("Modulo Pruebas Capacitación/Nuevo_Curso/td_Prueba")): Object: 'Object Repository/Modulo Pruebas Capacitación/Nuevo_Curso/td_Prueba' is clicked on

2022-02-23 11:38:43 - [MESSAGE][PASSED] - Object: 'Object Repository/Modulo Pruebas Capacitación/Nuevo_Curso/td_Prueba' is clicked on

2022-02-23 11:38:43 - [TEST_STEP][PASSED] - click(findTestObject("Modulo Pruebas Capacitación/Nuevo_Curso/a_Tema")): Object: 'Object Repository/Modulo Pruebas Capacitación/Nuevo_Curso/a_Tema' is clicked on

2022-02-23 11:38:45 - [MESSAGE][PASSED] - Object: 'Object Repository/Modulo Pruebas Capacitación/Nuevo_Curso/a_Tema' is clicked on

2022-02-23 11:38:45 - [TEST_STEP][PASSED] - if (waitForElementPresent(findTestObject("Modulo Pruebas Capacitación/Nuevo_Curso/span_Tema"), 1)): null

2022-02-23 11:38:46 - [MESSAGE][PASSED] - Object 'Object Repository/Modulo Pruebas Capacitación/Nuevo_Curso/span_Tema' is present

2022-02-23 11:38:46 - [TEST_STEP][PASSED] - click(findTestObject("Modulo Pruebas Capacitación/Nuevo_Curso/a_Tema_form_cursopestaniaslistaTemas0j_idt608")): Object: 'Object Repository/Modulo Pruebas Capacitación/Nuevo_Curso/a_Tema_form_cursopestaniaslistaTemas0j_idt608' is clicked on

2022-02-23 11:38:46 - [MESSAGE][PASSED] - Object: 'Object Repository/Modulo Pruebas Capacitación/Nuevo_Curso/a_Tema_form_cursopestaniaslistaTemas0j_idt608' is clicked on

2022-02-23 11:38:46 - [TEST_STEP][PASSED] - click(findTestObject("Modulo Pruebas Capacitación/Nuevo_Curso/a_Datos Bsicos")): Object: 'Object Repository/Modulo Pruebas Capacitación/Nuevo_Curso/a_Datos Bsicos' is clicked on

2022-02-23 11:38:47 - [MESSAGE][PASSED] - Object: 'Object Repository/Modulo Pruebas Capacitación/Nuevo_Curso/a_Datos Bsicos' is clicked on

2022-02-23 11:38:47 - [TEST_STEP][PASSED] - click(findTestObject("Modulo Pruebas Capacitación/Nuevo_Curso/a_Eliminar")): Object: 'Object Repository/Modulo Pruebas Capacitación/Nuevo_Curso/a_Eliminar' is clicked on

2022-02-23 11:38:48 - [MESSAGE][PASSED] - Object: 'Object Repository/Modulo Pruebas Capacitación/Nuevo_Curso/a_Eliminar' is clicked on

2022-02-23 11:38:48 - [TEST_STEP][PASSED] - click(findTestObject("Modulo Pruebas Capacitación/Nuevo_Curso/a_Aceptar")): Object: 'Object Repository/Modulo Pruebas Capacitación/Nuevo_Curso/a_Aceptar' is clicked on

2022-02-23 11:38:49 - [MESSAGE][PASSED] - Object: 'Object Repository/Modulo Pruebas Capacitación/Nuevo_Curso/a_Aceptar' is clicked on

2022-02-23 11:38:49 - [TEST_STEP][PASSED] - click(findTestObject("Modulo Pruebas Capacitación/Nuevo_Curso/a_Nuevo"), STOP_ON_FAILURE): Object: 'Object Repository/Modulo Pruebas Capacitación/Nuevo_Curso/a_Nuevo' is clicked on

2022-02-23 11:38:49 - [MESSAGE][PASSED] - Object: 'Object Repository/Modulo Pruebas Capacitación/Nuevo_Curso/a_Nuevo' is clicked on

2022-02-23 11:38:49 - [TEST_STEP][PASSED] - setText(findTestObject("Modulo Pruebas Capacitación/Nuevo_Curso/textarea_Curso_form_cursopestaniasdescripcion"), "Prueba"): Text 'Prueba' is set on object 'Object Repository/Modulo Pruebas Capacitación/Nuevo_Curso/textarea_Curso_form_cursopestaniasdescripcion'

2022-02-23 11:38:50 - [MESSAGE][PASSED] - Text 'Prueba' is set on object 'Object Repository/Modulo Pruebas Capacitación/Nuevo_Curso/textarea_Curso_form_cursopestaniasdescripcion'

2022-02-23 11:38:50 - [TEST_STEP][PASSED] - setText(findTestObject("Modulo Pruebas Capacitación/Nuevo_Curso/input_Intensidad Horaria_form_cursopestaniasintensidad"), "12"): Text '12' is set on object 'Object Repository/Modulo Pruebas Capacitación/Nuevo_Curso/input_Intensidad Horaria_form_cursopestaniasintensidad'

2022-02-23 11:38:51 - [MESSAGE][PASSED] - Text '12' is set on object 'Object Repository/Modulo Pruebas Capacitación/Nuevo_Curso/input_Intensidad Horaria_form_cursopestaniasintensidad'

2022-02-23 11:38:51 - [TEST_STEP][PASSED] - check(findTestObject("Modulo Pruebas Capacitación/Nuevo_Curso/label_Ambas"), STOP_ON_FAILURE): Object 'Object Repository/Modulo Pruebas Capacitación/Nuevo_Curso/label_Ambas' is checked

2022-02-23 11:38:51 - [MESSAGE][PASSED] - Object 'Object Repository/Modulo Pruebas Capacitación/Nuevo_Curso/label_Ambas' is checked

2022-02-23 11:38:51 - [TEST_STEP][PASSED] - setText(findTestObject("Modulo Pruebas Capacitación/Nuevo_Curso/input_Puntaje Minimo_form_cursopestaniaspuntajeminimo"), "10"): Text '10' is set on object 'Object Repository/Modulo Pruebas Capacitación/Nuevo_Curso/input_Puntaje Minimo_form_cursopestaniaspuntajeminimo'

2022-02-23 11:38:52 - [MESSAGE][PASSED] - Text '10' is set on object 'Object Repository/Modulo Pruebas Capacitación/Nuevo_Curso/input_Puntaje Minimo_form_cursopestaniaspuntajeminimo'

2022-02-23 11:38:52 - [TEST_STEP][PASSED] - setText(findTestObject("Modulo Pruebas Capacitación/Nuevo_Curso/input_Puntaje Aprobacin_form_cursopestaniaspuntajeaproba"), "31"): Text '31' is set on object 'Object Repository/Modulo Pruebas Capacitación/Nuevo_Curso/input_Puntaje Aprobacin_form_cursopestaniaspuntajeaproba'

2022-02-23 11:38:53 - [MESSAGE][PASSED] - Text '31' is set on object 'Object Repository/Modulo Pruebas Capacitación/Nuevo_Curso/input_Puntaje Aprobacin_form_cursopestaniaspuntajeaproba'

2022-02-23 11:38:53 - [TEST_STEP][PASSED] - setText(findTestObject("Modulo Pruebas Capacitación/Nuevo_Curso/textarea_Prerrequisito_form_cursopestaniasprerequisito"), "null"): Text 'null' is set on object 'Object Repository/Modulo Pruebas Capacitación/Nuevo_Curso/textarea_Prerrequisito_form_cursopestaniasprerequisito'

2022-02-23 11:38:54 - [MESSAGE][PASSED] - Text 'null' is set on object 'Object Repository/Modulo Pruebas Capacitación/Nuevo_Curso/textarea_Prerrequisito_form_cursopestaniasprerequisito'

2022-02-23 11:38:54 - [TEST_STEP][PASSED] - setText(findTestObject("Modulo Pruebas Capacitación/Nuevo_Curso/textarea_Metodologa_form_cursopestaniasmetodologia"), "virtual"): Text 'virtual' is set on object 'Object Repository/Modulo Pruebas Capacitación/Nuevo_Curso/textarea_Metodologa_form_cursopestaniasmetodologia'

2022-02-23 11:38:55 - [MESSAGE][PASSED] - Text 'virtual' is set on object 'Object Repository/Modulo Pruebas Capacitación/Nuevo_Curso/textarea_Metodologa_form_cursopestaniasmetodologia'

2022-02-23 11:38:55 - [TEST_STEP][PASSED] - selectOptionByIndex(findTestObject("Modulo Pruebas Capacitación/Nuevo_Curso/select_-- Seleccione --CARTAS DE RETIROCERT"), "1"): All options with index in [1] are selected on object 'Object Repository/Modulo Pruebas Capacitación/Nuevo_Curso/select_-- Seleccione --CARTAS DE RETIROCERT'

2022-02-23 11:38:56 - [MESSAGE][PASSED] - All options with index in [1] are selected on object 'Object Repository/Modulo Pruebas Capacitación/Nuevo_Curso/select_-- Seleccione --CARTAS DE RETIROCERT'

2022-02-23 11:38:56 - [TEST_STEP][PASSED] - selectOptionByIndex(findTestObject("Modulo Pruebas Capacitación/Nuevo_Curso/select_SeleccioneNINGUNOIcetexInstituto Caro y Cuervo.PositivaSena"), 5): All options with index in [5] are selected on object 'Object Repository/Modulo Pruebas Capacitación/Nuevo_Curso/select_SeleccioneNINGUNOIcetexInstituto Caro y Cuervo.PositivaSena'

2022-02-23 11:38:57 - [MESSAGE][PASSED] - All options with index in [5] are selected on object 'Object Repository/Modulo Pruebas Capacitación/Nuevo_Curso/select_SeleccioneNINGUNOIcetexInstituto Caro y Cuervo.PositivaSena'

2022-02-23 11:38:57 - [TEST_STEP][PASSED] - selectOptionByIndex(findTestObject("Modulo Pruebas Capacitación/Nuevo_Curso/select_ActivoCancelado"), 1): All options with index in [1] are selected on object 'Object Repository/Modulo Pruebas Capacitación/Nuevo_Curso/select_ActivoCancelado'

2022-02-23 11:38:58 - [MESSAGE][PASSED] - All options with index in [1] are selected on object 'Object Repository/Modulo Pruebas Capacitación/Nuevo_Curso/select_ActivoCancelado'

2022-02-23 11:38:58 - [TEST_STEP][PASSED] - setText(findTestObject("Modulo Pruebas Capacitación/Nuevo_Curso/input_Asistencia Mnima Horas_form_cursopestaniasasistenciamin"), "8"): Text '8' is set on object 'Object Repository/Modulo Pruebas Capacitación/Nuevo_Curso/input_Asistencia Mnima Horas_form_cursopestaniasasistenciamin'

2022-02-23 11:38:58 - [MESSAGE][PASSED] - Text '8' is set on object 'Object Repository/Modulo Pruebas Capacitación/Nuevo_Curso/input_Asistencia Mnima Horas_form_cursopestaniasasistenciamin'

2022-02-23 11:38:58 - [TEST_STEP][PASSED] - setText(findTestObject("Modulo Pruebas Capacitación/Nuevo_Curso/input_Puntaje Mximo_form_cursopestaniaspuntajemaximo"), "50"): Text '50' is set on object 'Object Repository/Modulo Pruebas Capacitación/Nuevo_Curso/input_Puntaje Mximo_form_cursopestaniaspuntajemaximo'

2022-02-23 11:38:59 - [MESSAGE][PASSED] - Text '50' is set on object 'Object Repository/Modulo Pruebas Capacitación/Nuevo_Curso/input_Puntaje Mximo_form_cursopestaniaspuntajemaximo'

2022-02-23 11:38:59 - [TEST_STEP][PASSED] - setText(findTestObject("Modulo Pruebas Capacitación/Nuevo_Curso/textarea_Poblacin Objeto_form_cursopestaniascobertura"), "null"): Text 'null' is set on object 'Object Repository/Modulo Pruebas Capacitación/Nuevo_Curso/textarea_Poblacin Objeto_form_cursopestaniascobertura'

2022-02-23 11:39:00 - [MESSAGE][PASSED] - Text 'null' is set on object 'Object Repository/Modulo Pruebas Capacitación/Nuevo_Curso/textarea_Poblacin Objeto_form_cursopestaniascobertura'

2022-02-23 11:39:00 - [TEST_STEP][PASSED] - setText(findTestObject("Modulo Pruebas Capacitación/Nuevo_Curso/textarea_Objetivo_form_cursopestaniasimpacto"), "null"): Text 'null' is set on object 'Object Repository/Modulo Pruebas Capacitación/Nuevo_Curso/textarea_Objetivo_form_cursopestaniasimpacto'

2022-02-23 11:39:01 - [MESSAGE][PASSED] - Text 'null' is set on object 'Object Repository/Modulo Pruebas Capacitación/Nuevo_Curso/textarea_Objetivo_form_cursopestaniasimpacto'

2022-02-23 11:39:01 - [TEST_STEP][PASSED] - setText(findTestObject("Modulo Pruebas Capacitación/Nuevo_Curso/textarea_Contenido_form_cursopestaniascontenido"), "null"): Text 'null' is set on object 'Object Repository/Modulo Pruebas Capacitación/Nuevo_Curso/textarea_Contenido_form_cursopestaniascontenido'

2022-02-23 11:39:02 - [MESSAGE][PASSED] - Text 'null' is set on object 'Object Repository/Modulo Pruebas Capacitación/Nuevo_Curso/textarea_Contenido_form_cursopestaniascontenido'

2022-02-23 11:39:02 - [TEST_STEP][PASSED] - click(findTestObject("Modulo Pruebas Capacitación/Nuevo_Curso/a_Guardar")): Object: 'Object Repository/Modulo Pruebas Capacitación/Nuevo_Curso/a_Guardar' is clicked on

2022-02-23 11:39:02 - [MESSAGE][PASSED] - Object: 'Object Repository/Modulo Pruebas Capacitación/Nuevo_Curso/a_Guardar' is clicked on

2022-02-23 11:39:02 - [TEST_STEP][PASSED] - click(findTestObject("Modulo Pruebas Capacitación/Nuevo_Curso/a_Tema")): Object: 'Object Repository/Modulo Pruebas Capacitación/Nuevo_Curso/a_Tema' is clicked on

2022-02-23 11:39:03 - [MESSAGE][PASSED] - Object: 'Object Repository/Modulo Pruebas Capacitación/Nuevo_Curso/a_Tema' is clicked on

2022-02-23 11:39:03 - [TEST_STEP][PASSED] - selectOptionByIndex(findTestObject("Modulo Pruebas Capacitación/Nuevo_Curso/select_-- SELECCIONAR --GERENCIA DE PROYECTOSPLANMEACINPRUEBA DE MODULOSEGURIDAD EN EL SISTEMA DE INFORMACINTema"), 5): All options with index in [5] are selected on object 'Object Repository/Modulo Pruebas Capacitación/Nuevo_Curso/select_-- SELECCIONAR --GERENCIA DE PROYECTOSPLANMEACINPRUEBA DE MODULOSEGURIDAD EN EL SISTEMA DE INFORMACINTema'

2022-02-23 11:39:05 - [MESSAGE][PASSED] - All options with index in [5] are selected on object 'Object Repository/Modulo Pruebas Capacitación/Nuevo_Curso/select_-- SELECCIONAR --GERENCIA DE PROYECTOSPLANMEACINPRUEBA DE MODULOSEGURIDAD EN EL SISTEMA DE INFORMACINTema'

2022-02-23 11:39:05 - [TEST_STEP][PASSED] - setText(findTestObject("Modulo Pruebas Capacitación/Nuevo_Curso/input_Orden_form_cursopestaniaslistaTemasorden"), "1"): Text '1' is set on object 'Object Repository/Modulo Pruebas Capacitación/Nuevo_Curso/input_Orden_form_cursopestaniaslistaTemasorden'

2022-02-23 11:39:05 - [MESSAGE][PASSED] - Text '1' is set on object 'Object Repository/Modulo Pruebas Capacitación/Nuevo_Curso/input_Orden_form_cursopestaniaslistaTemasorden'

2022-02-23 11:39:05 - [TEST_STEP][PASSED] - click(findTestObject("Modulo Pruebas Capacitación/Nuevo_Curso/a_Orden_form_cursopestaniaslistaTemasj_idt609")): Object: 'Object Repository/Modulo Pruebas Capacitación/Nuevo_Curso/a_Orden_form_cursopestaniaslistaTemasj_idt609' is clicked on

2022-02-23 11:39:06 - [MESSAGE][PASSED] - Object: 'Object Repository/Modulo Pruebas Capacitación/Nuevo_Curso/a_Orden_form_cursopestaniaslistaTemasj_idt609' is clicked on

2022-02-23 11:39:06 - [TEST_STEP][PASSED] - click(findTestObject("Modulo Pruebas Capacitación/Nuevo_Curso/a_Regresar")): Object: 'Object Repository/Modulo Pruebas Capacitación/Nuevo_Curso/a_Regresar' is clicked on

2022-02-23 11:39:07 - [MESSAGE][PASSED] - Object: 'Object Repository/Modulo Pruebas Capacitación/Nuevo_Curso/a_Regresar' is clicked on

2022-02-23 11:39:07 - [TEST_STEP][PASSED] - closeBrowser(): Browser is closed

2022-02-23 11:39:08 - [MESSAGE][PASSED] - Browser is closed]]></system-out>
         <system-err><![CDATA[]]></system-err>
      </testcase>
      <testcase name="Test Cases/4.1-Pruebas_Capacitación/4.1.2-Nuevo _Instructor-Entidad" time="25.16" classname="Test Cases/4.1-Pruebas_Capacitación/4.1.2-Nuevo _Instructor-Entidad" status="PASSED">
         <system-out><![CDATA[2022-02-23 11:39:08 - [TEST_CASE][PASSED] - Test Cases/4.1-Pruebas_Capacitación/4.1.2-Nuevo _Instructor-Entidad: Test Cases/4.1-Pruebas_Capacitación/4.1.2-Nuevo _Instructor-Entidad

2022-02-23 11:39:08 - [TEST_STEP][PASSED] - today = new java.util.Date(): null

2022-02-23 11:39:08 - [TEST_STEP][PASSED] - Dia = today.format("dd"): null

2022-02-23 11:39:08 - [TEST_STEP][PASSED] - Mes = today.format("MM"): null

2022-02-23 11:39:08 - [TEST_STEP][PASSED] - MesN = today.format("MM"): null

2022-02-23 11:39:08 - [TEST_STEP][PASSED] - Año = today.format("yyyy"): null

2022-02-23 11:39:08 - [TEST_STEP][PASSED] - sumaD = Dia + 10: null

2022-02-23 11:39:08 - [TEST_STEP][PASSED] - sumaM = Mes + 1: null

2022-02-23 11:39:08 - [TEST_STEP][PASSED] - sumaA = Año + 1: null

2022-02-23 11:39:08 - [TEST_STEP][PASSED] - if (sumaD > 30): null

2022-02-23 11:39:08 - [TEST_STEP][PASSED] - sumaD = sumaD - Dia: null

2022-02-23 11:39:08 - [TEST_STEP][PASSED] - Mes = sumaM: null

2022-02-23 11:39:08 - [TEST_STEP][PASSED] - if (sumaM > 12): null

2022-02-23 11:39:08 - [TEST_STEP][PASSED] - FechaI = Dia + "/" + MesN + "/" + Año: null

2022-02-23 11:39:08 - [TEST_STEP][PASSED] - FechaF = sumaD + "/" + Mes + "/" + Año: null

2022-02-23 11:39:08 - [TEST_STEP][PASSED] - callTestCase(findTestCase("0.1-Login"), [:], STOP_ON_FAILURE): Call Test Case 'Test Cases/0.1-Login' successfully

2022-02-23 11:39:08 - [TEST_CASE][PASSED] - Test Cases/0.1-Login: Test Cases/0.1-Login

2022-02-23 11:39:08 - [TEST_STEP][PASSED] - openBrowser(""): Browser is opened with url: ''

2022-02-23 11:39:08 - [MESSAGE][INFO] - Starting 'Chrome' driver

2022-02-23 11:39:08 - [MESSAGE][INFO] - Action delay is set to 0 milliseconds

2022-02-23 11:39:10 - [MESSAGE][PASSED] - Browser is opened with url: ''

2022-02-23 11:39:10 - [TEST_STEP][PASSED] - maximizeWindow(): Current window maximized

2022-02-23 11:39:10 - [MESSAGE][PASSED] - Current window maximized

2022-02-23 11:39:10 - [TEST_STEP][PASSED] - i = G_Login: null

2022-02-23 11:39:10 - [TEST_STEP][PASSED] - url = new java.net.URL(i): null

2022-02-23 11:39:10 - [TEST_STEP][PASSED] - println("URL: " + url.toString()): null

2022-02-23 11:39:10 - [TEST_STEP][PASSED] - connection = url.openConnection(): null

2022-02-23 11:39:10 - [TEST_STEP][PASSED] - connection.setRequestMethod("GET"): null

2022-02-23 11:39:10 - [TEST_STEP][PASSED] - connection.setReadTimeout(2 * 1000): null

2022-02-23 11:39:10 - [TEST_STEP][PASSED] - try: null

2022-02-23 11:39:10 - [TEST_STEP][PASSED] - connection.connect(): null

2022-02-23 11:39:10 - [TEST_STEP][PASSED] - flag = connected: null

2022-02-23 11:39:10 - [TEST_STEP][PASSED] - println("Valor_ori: " + flag): null

2022-02-23 11:39:10 - [TEST_STEP][PASSED] - if (flag): null

2022-02-23 11:39:10 - [TEST_STEP][PASSED] - navigateToUrl(i): Navigate to 'http://192.168.2.80:8380/saraweb' successfully

2022-02-23 11:39:10 - [MESSAGE][PASSED] - Navigate to 'http://192.168.2.80:8380/saraweb' successfully

2022-02-23 11:39:10 - [TEST_STEP][PASSED] - a(): null

2022-02-23 11:39:10 - [TEST_STEP][PASSED] - setText(findTestObject("Login/input_USUARIO_loginusuario"), G_Usuario): Text 'saraadmin' is set on object 'Object Repository/Login/input_USUARIO_loginusuario'

2022-02-23 11:39:11 - [MESSAGE][PASSED] - Text 'saraadmin' is set on object 'Object Repository/Login/input_USUARIO_loginusuario'

2022-02-23 11:39:11 - [TEST_STEP][PASSED] - setEncryptedText(findTestObject("Login/input_CLAVE_loginpassword"), "MkG4/TYiCFC3cb2driP7+Q=="): Text ****** has been set on object 'Object Repository/Login/input_CLAVE_loginpassword'

2022-02-23 11:39:12 - [MESSAGE][PASSED] - Text ****** has been set on object 'Object Repository/Login/input_CLAVE_loginpassword'

2022-02-23 11:39:12 - [TEST_STEP][PASSED] - waitForElementClickable(findTestObject("Login/a_Ingresar"), G_TimeOut): Object 'Object Repository/Login/a_Ingresar' is clickable

2022-02-23 11:39:12 - [MESSAGE][PASSED] - Object 'Object Repository/Login/a_Ingresar' is clickable

2022-02-23 11:39:12 - [TEST_STEP][PASSED] - click(findTestObject("Login/a_Ingresar")): Object: 'Object Repository/Login/a_Ingresar' is clicked on

2022-02-23 11:39:14 - [MESSAGE][PASSED] - Object: 'Object Repository/Login/a_Ingresar' is clicked on

2022-02-23 11:39:14 - [TEST_STEP][PASSED] - element = findWebElement(findTestObject("Login/a_Ir"), 30): null

2022-02-23 11:39:15 - [TEST_STEP][PASSED] - executeJavaScript("arguments[0].click()", Arrays.asList(element)): Execute JavaScript 'arguments[0].click()' successfully

2022-02-23 11:39:15 - [MESSAGE][PASSED] - Execute JavaScript 'arguments[0].click()' successfully

2022-02-23 11:39:15 - [MESSAGE][PASSED] - Call Test Case 'Test Cases/0.1-Login' successfully

2022-02-23 11:39:15 - [TEST_STEP][PASSED] - setText(findTestObject("Modulo Pruebas Capacitación/Nuevo _Instructor-Entidad/input_Parmetros EntidadInstructor_form_templatej_idt24_input"), "Parametros Entidad/Instructor"): Text 'Parametros Entidad/Instructor' is set on object 'Object Repository/Modulo Pruebas Capacitación/Nuevo _Instructor-Entidad/input_Parmetros EntidadInstructor_form_templatej_idt24_input'

2022-02-23 11:39:16 - [MESSAGE][PASSED] - Text 'Parametros Entidad/Instructor' is set on object 'Object Repository/Modulo Pruebas Capacitación/Nuevo _Instructor-Entidad/input_Parmetros EntidadInstructor_form_templatej_idt24_input'

2022-02-23 11:39:16 - [TEST_STEP][PASSED] - click(findTestObject("Modulo Pruebas Capacitación/Nuevo _Instructor-Entidad/li_Parametros EntidadInstructor (bie)")): Object: 'Object Repository/Modulo Pruebas Capacitación/Nuevo _Instructor-Entidad/li_Parametros EntidadInstructor (bie)' is clicked on

2022-02-23 11:39:17 - [MESSAGE][PASSED] - Object: 'Object Repository/Modulo Pruebas Capacitación/Nuevo _Instructor-Entidad/li_Parametros EntidadInstructor (bie)' is clicked on

2022-02-23 11:39:17 - [TEST_STEP][PASSED] - click(findTestObject("Modulo Pruebas Capacitación/Nuevo _Instructor-Entidad/a_Entidad")): Object: 'Object Repository/Modulo Pruebas Capacitación/Nuevo _Instructor-Entidad/a_Entidad' is clicked on

2022-02-23 11:39:18 - [MESSAGE][PASSED] - Object: 'Object Repository/Modulo Pruebas Capacitación/Nuevo _Instructor-Entidad/a_Entidad' is clicked on

2022-02-23 11:39:18 - [TEST_STEP][PASSED] - if (waitForElementClickable(findTestObject("Modulo Pruebas Capacitación/Nuevo _Instructor-Entidad/td_123456789"), 1)): null

2022-02-23 11:39:19 - [MESSAGE][PASSED] - Object 'Object Repository/Modulo Pruebas Capacitación/Nuevo _Instructor-Entidad/td_123456789' is clickable

2022-02-23 11:39:19 - [TEST_STEP][PASSED] - click(findTestObject("Modulo Pruebas Capacitación/Nuevo _Instructor-Entidad/td_123456789")): Object: 'Object Repository/Modulo Pruebas Capacitación/Nuevo _Instructor-Entidad/td_123456789' is clicked on

2022-02-23 11:39:19 - [MESSAGE][PASSED] - Object: 'Object Repository/Modulo Pruebas Capacitación/Nuevo _Instructor-Entidad/td_123456789' is clicked on

2022-02-23 11:39:19 - [TEST_STEP][PASSED] - click(findTestObject("Modulo Pruebas Capacitación/Nuevo _Instructor-Entidad/a_Eliminar")): Object: 'Object Repository/Modulo Pruebas Capacitación/Nuevo _Instructor-Entidad/a_Eliminar' is clicked on

2022-02-23 11:39:20 - [MESSAGE][PASSED] - Object: 'Object Repository/Modulo Pruebas Capacitación/Nuevo _Instructor-Entidad/a_Eliminar' is clicked on

2022-02-23 11:39:20 - [TEST_STEP][PASSED] - click(findTestObject("Modulo Pruebas Capacitación/Nuevo _Instructor-Entidad/a_Aceptar")): Object: 'Object Repository/Modulo Pruebas Capacitación/Nuevo _Instructor-Entidad/a_Aceptar' is clicked on

2022-02-23 11:39:22 - [MESSAGE][PASSED] - Object: 'Object Repository/Modulo Pruebas Capacitación/Nuevo _Instructor-Entidad/a_Aceptar' is clicked on

2022-02-23 11:39:22 - [TEST_STEP][PASSED] - click(findTestObject("Modulo Pruebas Capacitación/Nuevo _Instructor-Entidad/a_Nuevo")): Object: 'Object Repository/Modulo Pruebas Capacitación/Nuevo _Instructor-Entidad/a_Nuevo' is clicked on

2022-02-23 11:39:22 - [MESSAGE][PASSED] - Object: 'Object Repository/Modulo Pruebas Capacitación/Nuevo _Instructor-Entidad/a_Nuevo' is clicked on

2022-02-23 11:39:22 - [TEST_STEP][PASSED] - setText(findTestObject("Modulo Pruebas Capacitación/Nuevo _Instructor-Entidad/input_Identificacin_form_entidadtabidentificacionEntidad"), "123456789"): Text '123456789' is set on object 'Object Repository/Modulo Pruebas Capacitación/Nuevo _Instructor-Entidad/input_Identificacin_form_entidadtabidentificacionEntidad'

2022-02-23 11:39:23 - [MESSAGE][PASSED] - Text '123456789' is set on object 'Object Repository/Modulo Pruebas Capacitación/Nuevo _Instructor-Entidad/input_Identificacin_form_entidadtabidentificacionEntidad'

2022-02-23 11:39:23 - [TEST_STEP][PASSED] - selectOptionByIndex(findTestObject("Modulo Pruebas Capacitación/Nuevo _Instructor-Entidad/select_--Seleccione--ActivoNo Disponible"), 1): All options with index in [1] are selected on object 'Object Repository/Modulo Pruebas Capacitación/Nuevo _Instructor-Entidad/select_--Seleccione--ActivoNo Disponible'

2022-02-23 11:39:24 - [MESSAGE][PASSED] - All options with index in [1] are selected on object 'Object Repository/Modulo Pruebas Capacitación/Nuevo _Instructor-Entidad/select_--Seleccione--ActivoNo Disponible'

2022-02-23 11:39:24 - [TEST_STEP][PASSED] - setText(findTestObject("Modulo Pruebas Capacitación/Nuevo _Instructor-Entidad/textarea_Razn Social_form_entidadtabrazonsocial"), "Prueba"): Text 'Prueba' is set on object 'Object Repository/Modulo Pruebas Capacitación/Nuevo _Instructor-Entidad/textarea_Razn Social_form_entidadtabrazonsocial'

2022-02-23 11:39:25 - [MESSAGE][PASSED] - Text 'Prueba' is set on object 'Object Repository/Modulo Pruebas Capacitación/Nuevo _Instructor-Entidad/textarea_Razn Social_form_entidadtabrazonsocial'

2022-02-23 11:39:25 - [TEST_STEP][PASSED] - setText(findTestObject("Modulo Pruebas Capacitación/Nuevo _Instructor-Entidad/input_Contacto_form_entidadtabcontacto"), "ninguno"): Text 'ninguno' is set on object 'Object Repository/Modulo Pruebas Capacitación/Nuevo _Instructor-Entidad/input_Contacto_form_entidadtabcontacto'

2022-02-23 11:39:26 - [MESSAGE][PASSED] - Text 'ninguno' is set on object 'Object Repository/Modulo Pruebas Capacitación/Nuevo _Instructor-Entidad/input_Contacto_form_entidadtabcontacto'

2022-02-23 11:39:26 - [TEST_STEP][PASSED] - setText(findTestObject("Modulo Pruebas Capacitación/Nuevo _Instructor-Entidad/input_Direccin_form_entidadtabdireccion"), "carrera 132 # 152 c-10"): Text 'carrera 132 # 152 c-10' is set on object 'Object Repository/Modulo Pruebas Capacitación/Nuevo _Instructor-Entidad/input_Direccin_form_entidadtabdireccion'

2022-02-23 11:39:27 - [MESSAGE][PASSED] - Text 'carrera 132 # 152 c-10' is set on object 'Object Repository/Modulo Pruebas Capacitación/Nuevo _Instructor-Entidad/input_Direccin_form_entidadtabdireccion'

2022-02-23 11:39:27 - [TEST_STEP][PASSED] - setText(findTestObject("Modulo Pruebas Capacitación/Nuevo _Instructor-Entidad/input_Barrio_form_entidadtabbarrio"), "ninguno"): Text 'ninguno' is set on object 'Object Repository/Modulo Pruebas Capacitación/Nuevo _Instructor-Entidad/input_Barrio_form_entidadtabbarrio'

2022-02-23 11:39:27 - [MESSAGE][PASSED] - Text 'ninguno' is set on object 'Object Repository/Modulo Pruebas Capacitación/Nuevo _Instructor-Entidad/input_Barrio_form_entidadtabbarrio'

2022-02-23 11:39:27 - [TEST_STEP][PASSED] - setText(findTestObject("Modulo Pruebas Capacitación/Nuevo _Instructor-Entidad/input_Telfono_form_entidadtabtelefono"), "319388299"): Text '319388299' is set on object 'Object Repository/Modulo Pruebas Capacitación/Nuevo _Instructor-Entidad/input_Telfono_form_entidadtabtelefono'

2022-02-23 11:39:28 - [MESSAGE][PASSED] - Text '319388299' is set on object 'Object Repository/Modulo Pruebas Capacitación/Nuevo _Instructor-Entidad/input_Telfono_form_entidadtabtelefono'

2022-02-23 11:39:28 - [TEST_STEP][PASSED] - setText(findTestObject("Modulo Pruebas Capacitación/Nuevo _Instructor-Entidad/input_Fecha de Ingreso_form_entidadtabfechaingreso_input"), FechaI): Text '23/2/2022' is set on object 'Object Repository/Modulo Pruebas Capacitación/Nuevo _Instructor-Entidad/input_Fecha de Ingreso_form_entidadtabfechaingreso_input'

2022-02-23 11:39:29 - [MESSAGE][PASSED] - Text '23/2/2022' is set on object 'Object Repository/Modulo Pruebas Capacitación/Nuevo _Instructor-Entidad/input_Fecha de Ingreso_form_entidadtabfechaingreso_input'

2022-02-23 11:39:29 - [TEST_STEP][PASSED] - sendKeys(findTestObject("Modulo Pruebas Capacitación/Nuevo _Instructor-Entidad/input_Fecha de Ingreso_form_entidadtabfechaingreso_input"), Keys.chord(ESCAPE)): Keys 'ESCAPE + ' sent to object: 'Object Repository/Modulo Pruebas Capacitación/Nuevo _Instructor-Entidad/input_Fecha de Ingreso_form_entidadtabfechaingreso_input'

2022-02-23 11:39:29 - [MESSAGE][PASSED] - Keys 'ESCAPE + ' sent to object: 'Object Repository/Modulo Pruebas Capacitación/Nuevo _Instructor-Entidad/input_Fecha de Ingreso_form_entidadtabfechaingreso_input'

2022-02-23 11:39:29 - [TEST_STEP][PASSED] - waitForElementClickable(findTestObject("Modulo Pruebas Capacitación/Nuevo _Instructor-Entidad/input_Fecha de Retiro_form_entidadtabfecharetiro_input"), 0): Object 'Object Repository/Modulo Pruebas Capacitación/Nuevo _Instructor-Entidad/input_Fecha de Retiro_form_entidadtabfecharetiro_input' is clickable

2022-02-23 11:39:29 - [MESSAGE][WARNING] - Timeout '0' is invalid. Using default page load timeout: '30'

2022-02-23 11:39:30 - [MESSAGE][PASSED] - Object 'Object Repository/Modulo Pruebas Capacitación/Nuevo _Instructor-Entidad/input_Fecha de Retiro_form_entidadtabfecharetiro_input' is clickable

2022-02-23 11:39:30 - [TEST_STEP][PASSED] - setText(findTestObject("Modulo Pruebas Capacitación/Nuevo _Instructor-Entidad/input_Fecha de Retiro_form_entidadtabfecharetiro_input"), FechaF): Text '10/3/2022' is set on object 'Object Repository/Modulo Pruebas Capacitación/Nuevo _Instructor-Entidad/input_Fecha de Retiro_form_entidadtabfecharetiro_input'

2022-02-23 11:39:31 - [MESSAGE][PASSED] - Text '10/3/2022' is set on object 'Object Repository/Modulo Pruebas Capacitación/Nuevo _Instructor-Entidad/input_Fecha de Retiro_form_entidadtabfecharetiro_input'

2022-02-23 11:39:31 - [TEST_STEP][PASSED] - sendKeys(findTestObject("Modulo Pruebas Capacitación/Nuevo _Instructor-Entidad/input_Fecha de Retiro_form_entidadtabfecharetiro_input"), Keys.chord(ESCAPE)): Keys 'ESCAPE + ' sent to object: 'Object Repository/Modulo Pruebas Capacitación/Nuevo _Instructor-Entidad/input_Fecha de Retiro_form_entidadtabfecharetiro_input'

2022-02-23 11:39:31 - [MESSAGE][PASSED] - Keys 'ESCAPE + ' sent to object: 'Object Repository/Modulo Pruebas Capacitación/Nuevo _Instructor-Entidad/input_Fecha de Retiro_form_entidadtabfecharetiro_input'

2022-02-23 11:39:31 - [TEST_STEP][PASSED] - setText(findTestObject("Modulo Pruebas Capacitación/Nuevo _Instructor-Entidad/textarea_Observacin_form_entidadtabobservacion"), "ninguna"): Text 'ninguna' is set on object 'Object Repository/Modulo Pruebas Capacitación/Nuevo _Instructor-Entidad/textarea_Observacin_form_entidadtabobservacion'

2022-02-23 11:39:32 - [MESSAGE][PASSED] - Text 'ninguna' is set on object 'Object Repository/Modulo Pruebas Capacitación/Nuevo _Instructor-Entidad/textarea_Observacin_form_entidadtabobservacion'

2022-02-23 11:39:32 - [TEST_STEP][PASSED] - setText(findTestObject("Modulo Pruebas Capacitación/Nuevo _Instructor-Entidad/input_Motivo de Retiro_form_entidadtabmotivo"), "ninguna"): Text 'ninguna' is set on object 'Object Repository/Modulo Pruebas Capacitación/Nuevo _Instructor-Entidad/input_Motivo de Retiro_form_entidadtabmotivo'

2022-02-23 11:39:33 - [MESSAGE][PASSED] - Text 'ninguna' is set on object 'Object Repository/Modulo Pruebas Capacitación/Nuevo _Instructor-Entidad/input_Motivo de Retiro_form_entidadtabmotivo'

2022-02-23 11:39:33 - [TEST_STEP][PASSED] - click(findTestObject("Modulo Pruebas Capacitación/Nuevo _Instructor-Entidad/a_Guardar")): Object: 'Object Repository/Modulo Pruebas Capacitación/Nuevo _Instructor-Entidad/a_Guardar' is clicked on

2022-02-23 11:39:33 - [MESSAGE][PASSED] - Object: 'Object Repository/Modulo Pruebas Capacitación/Nuevo _Instructor-Entidad/a_Guardar' is clicked on]]></system-out>
         <system-err><![CDATA[]]></system-err>
      </testcase>
      <testcase name="Test Cases/4.1-Pruebas_Capacitación/4.1.3-Evento_de_Capacitación" time="90.187" classname="Test Cases/4.1-Pruebas_Capacitación/4.1.3-Evento_de_Capacitación" status="PASSED">
         <system-out><![CDATA[2022-02-23 11:39:33 - [TEST_CASE][PASSED] - Test Cases/4.1-Pruebas_Capacitación/4.1.3-Evento_de_Capacitación: Test Cases/4.1-Pruebas_Capacitación/4.1.3-Evento_de_Capacitación

2022-02-23 11:39:33 - [TEST_STEP][PASSED] - callTestCase(findTestCase("Utilidades-(atajos_para _tareas)/Modulos/Modulo Control Evento Capacitacion"), [:], STOP_ON_FAILURE): Call Test Case 'Test Cases/Utilidades-(atajos_para _tareas)/Modulos/Modulo Control Evento Capacitacion' successfully

2022-02-23 11:39:34 - [TEST_CASE][PASSED] - Test Cases/Utilidades-(atajos_para _tareas)/Modulos/Modulo Control Evento Capacitacion: Test Cases/Utilidades-(atajos_para _tareas)/Modulos/Modulo Control Evento Capacitacion

2022-02-23 11:39:34 - [TEST_STEP][PASSED] - callTestCase(findTestCase("0.1-Login"), [:], STOP_ON_FAILURE): Call Test Case 'Test Cases/0.1-Login' successfully

2022-02-23 11:39:34 - [TEST_CASE][PASSED] - Test Cases/0.1-Login: Test Cases/0.1-Login

2022-02-23 11:39:34 - [TEST_STEP][PASSED] - openBrowser(""): Browser is opened with url: ''

2022-02-23 11:39:34 - [MESSAGE][WARNING] - A browser is already opened. Closing browser and opening a new one

2022-02-23 11:39:35 - [MESSAGE][INFO] - Starting 'Chrome' driver

2022-02-23 11:39:35 - [MESSAGE][INFO] - Action delay is set to 0 milliseconds

2022-02-23 11:39:36 - [MESSAGE][PASSED] - Browser is opened with url: ''

2022-02-23 11:39:36 - [TEST_STEP][PASSED] - maximizeWindow(): Current window maximized

2022-02-23 11:39:36 - [MESSAGE][PASSED] - Current window maximized

2022-02-23 11:39:36 - [TEST_STEP][PASSED] - i = G_Login: null

2022-02-23 11:39:36 - [TEST_STEP][PASSED] - url = new java.net.URL(i): null

2022-02-23 11:39:36 - [TEST_STEP][PASSED] - println("URL: " + url.toString()): null

2022-02-23 11:39:36 - [TEST_STEP][PASSED] - connection = url.openConnection(): null

2022-02-23 11:39:36 - [TEST_STEP][PASSED] - connection.setRequestMethod("GET"): null

2022-02-23 11:39:36 - [TEST_STEP][PASSED] - connection.setReadTimeout(2 * 1000): null

2022-02-23 11:39:36 - [TEST_STEP][PASSED] - try: null

2022-02-23 11:39:36 - [TEST_STEP][PASSED] - connection.connect(): null

2022-02-23 11:39:36 - [TEST_STEP][PASSED] - flag = connected: null

2022-02-23 11:39:36 - [TEST_STEP][PASSED] - println("Valor_ori: " + flag): null

2022-02-23 11:39:36 - [TEST_STEP][PASSED] - if (flag): null

2022-02-23 11:39:36 - [TEST_STEP][PASSED] - navigateToUrl(i): Navigate to 'http://192.168.2.80:8380/saraweb' successfully

2022-02-23 11:39:36 - [MESSAGE][PASSED] - Navigate to 'http://192.168.2.80:8380/saraweb' successfully

2022-02-23 11:39:36 - [TEST_STEP][PASSED] - a(): null

2022-02-23 11:39:36 - [TEST_STEP][PASSED] - setText(findTestObject("Login/input_USUARIO_loginusuario"), G_Usuario): Text 'saraadmin' is set on object 'Object Repository/Login/input_USUARIO_loginusuario'

2022-02-23 11:39:37 - [MESSAGE][PASSED] - Text 'saraadmin' is set on object 'Object Repository/Login/input_USUARIO_loginusuario'

2022-02-23 11:39:37 - [TEST_STEP][PASSED] - setEncryptedText(findTestObject("Login/input_CLAVE_loginpassword"), "MkG4/TYiCFC3cb2driP7+Q=="): Text ****** has been set on object 'Object Repository/Login/input_CLAVE_loginpassword'

2022-02-23 11:39:38 - [MESSAGE][PASSED] - Text ****** has been set on object 'Object Repository/Login/input_CLAVE_loginpassword'

2022-02-23 11:39:38 - [TEST_STEP][PASSED] - waitForElementClickable(findTestObject("Login/a_Ingresar"), G_TimeOut): Object 'Object Repository/Login/a_Ingresar' is clickable

2022-02-23 11:39:38 - [MESSAGE][PASSED] - Object 'Object Repository/Login/a_Ingresar' is clickable

2022-02-23 11:39:38 - [TEST_STEP][PASSED] - click(findTestObject("Login/a_Ingresar")): Object: 'Object Repository/Login/a_Ingresar' is clicked on

2022-02-23 11:39:41 - [MESSAGE][PASSED] - Object: 'Object Repository/Login/a_Ingresar' is clicked on

2022-02-23 11:39:41 - [TEST_STEP][PASSED] - element = findWebElement(findTestObject("Login/a_Ir"), 30): null

2022-02-23 11:39:42 - [TEST_STEP][PASSED] - executeJavaScript("arguments[0].click()", Arrays.asList(element)): Execute JavaScript 'arguments[0].click()' successfully

2022-02-23 11:39:42 - [MESSAGE][PASSED] - Execute JavaScript 'arguments[0].click()' successfully

2022-02-23 11:39:42 - [MESSAGE][PASSED] - Call Test Case 'Test Cases/0.1-Login' successfully

2022-02-23 11:39:42 - [TEST_STEP][PASSED] - setText(findTestObject("Modulo Control Evento Capacitacion/input_ADMINISTRADOR DEL SISTEMA - SARA_form_templatej_idt24_input"), "Control Evento"): Text 'Control Evento' is set on object 'Object Repository/Modulo Control Evento Capacitacion/input_ADMINISTRADOR DEL SISTEMA - SARA_form_templatej_idt24_input'

2022-02-23 11:39:43 - [MESSAGE][PASSED] - Text 'Control Evento' is set on object 'Object Repository/Modulo Control Evento Capacitacion/input_ADMINISTRADOR DEL SISTEMA - SARA_form_templatej_idt24_input'

2022-02-23 11:39:43 - [TEST_STEP][PASSED] - click(findTestObject("Modulo Control Evento Capacitacion/li_Control Evento Capacitacion (cap)")): Object: 'Object Repository/Modulo Control Evento Capacitacion/li_Control Evento Capacitacion (cap)' is clicked on

2022-02-23 11:39:44 - [MESSAGE][PASSED] - Object: 'Object Repository/Modulo Control Evento Capacitacion/li_Control Evento Capacitacion (cap)' is clicked on

2022-02-23 11:39:44 - [MESSAGE][PASSED] - Call Test Case 'Test Cases/Utilidades-(atajos_para _tareas)/Modulos/Modulo Control Evento Capacitacion' successfully

2022-02-23 11:39:44 - [TEST_STEP][PASSED] - if (waitForElementClickable(findTestObject("Modulo Pruebas Capacitación/Evento_de_Capacitacion/td_prueba"), 1)): null

2022-02-23 11:39:47 - [MESSAGE][PASSED] - Object 'Object Repository/Modulo Pruebas Capacitación/Evento_de_Capacitacion/td_prueba' is clickable

2022-02-23 11:39:47 - [TEST_STEP][PASSED] - click(findTestObject("Modulo Pruebas Capacitación/Evento_de_Capacitacion/td_prueba")): Object: 'Object Repository/Modulo Pruebas Capacitación/Evento_de_Capacitacion/td_prueba' is clicked on

2022-02-23 11:39:47 - [MESSAGE][PASSED] - Object: 'Object Repository/Modulo Pruebas Capacitación/Evento_de_Capacitacion/td_prueba' is clicked on

2022-02-23 11:39:47 - [TEST_STEP][PASSED] - click(findTestObject("Modulo Pruebas Capacitación/Evento_de_Capacitacion/div_Evaluacin")): Object: 'Object Repository/Modulo Pruebas Capacitación/Evento_de_Capacitacion/div_Evaluacin' is clicked on

2022-02-23 11:39:49 - [MESSAGE][PASSED] - Object: 'Object Repository/Modulo Pruebas Capacitación/Evento_de_Capacitacion/div_Evaluacin' is clicked on

2022-02-23 11:39:49 - [TEST_STEP][PASSED] - click(findTestObject("Modulo Pruebas Capacitación/Evento_de_Capacitacion/a_Evento")): Object: 'Object Repository/Modulo Pruebas Capacitación/Evento_de_Capacitacion/a_Evento' is clicked on

2022-02-23 11:39:49 - [MESSAGE][PASSED] - Object: 'Object Repository/Modulo Pruebas Capacitación/Evento_de_Capacitacion/a_Evento' is clicked on

2022-02-23 11:39:49 - [TEST_STEP][PASSED] - if (waitForElementPresent(findTestObject("Modulo Pruebas Capacitación/Evento_de_Capacitacion/a_No Diligenciada_formEventoEvaluacionpanel_eventotablaEvaluacion0j_idt766"), 1)): Object 'Object Repository/Modulo Pruebas Capacitación/Evento_de_Capacitacion/a_No Diligenciada_formEventoEvaluacionpanel_eventotablaEvaluacion0j_idt766' is not present after 1 second(s)

2022-02-23 11:39:51 - [MESSAGE][INFO] - Unable to find the element located by 'By.xpath: //td[10]/a'. Please recheck the objects properties to make sure the desired element is located. 

2022-02-23 11:39:51 - [MESSAGE][WARNING] - Object 'Object Repository/Modulo Pruebas Capacitación/Evento_de_Capacitacion/a_No Diligenciada_formEventoEvaluacionpanel_eventotablaEvaluacion0j_idt766' is not present after 1 second(s)

2022-02-23 11:39:51 - [TEST_STEP][PASSED] - click(findTestObject("Modulo Pruebas Capacitación/Evento_de_Capacitacion/div_Programacin")): Object: 'Object Repository/Modulo Pruebas Capacitación/Evento_de_Capacitacion/div_Programacin' is clicked on

2022-02-23 11:39:52 - [MESSAGE][PASSED] - Object: 'Object Repository/Modulo Pruebas Capacitación/Evento_de_Capacitacion/div_Programacin' is clicked on

2022-02-23 11:39:52 - [TEST_STEP][PASSED] - click(findTestObject("Modulo Pruebas Capacitación/Evento_de_Capacitacion/a_Programacin0")): Object: 'Object Repository/Modulo Pruebas Capacitación/Evento_de_Capacitacion/a_Programacin0' is clicked on

2022-02-23 11:39:52 - [MESSAGE][PASSED] - Object: 'Object Repository/Modulo Pruebas Capacitación/Evento_de_Capacitacion/a_Programacin0' is clicked on

2022-02-23 11:39:52 - [TEST_STEP][PASSED] - if (waitForElementVisible(findTestObject("Modulo Pruebas Capacitación/Evento_de_Capacitacion/td_24122021"), 1)): null

2022-02-23 11:39:53 - [MESSAGE][PASSED] - Object 'Object Repository/Modulo Pruebas Capacitación/Evento_de_Capacitacion/td_24122021' is visible

2022-02-23 11:39:53 - [TEST_STEP][PASSED] - click(findTestObject("Modulo Pruebas Capacitación/Evento_de_Capacitacion/div_Ubicacin_ui-chkbox-box ui-widget ui-corner-all ui-state-default ui-state-hover")): Object: 'Object Repository/Modulo Pruebas Capacitación/Evento_de_Capacitacion/div_Ubicacin_ui-chkbox-box ui-widget ui-corner-all ui-state-default ui-state-hover' is clicked on

2022-02-23 11:39:53 - [MESSAGE][PASSED] - Object: 'Object Repository/Modulo Pruebas Capacitación/Evento_de_Capacitacion/div_Ubicacin_ui-chkbox-box ui-widget ui-corner-all ui-state-default ui-state-hover' is clicked on

2022-02-23 11:39:53 - [TEST_STEP][PASSED] - click(findTestObject("Modulo Pruebas Capacitación/Evento_de_Capacitacion/a_Eliminar2")): Object: 'Object Repository/Modulo Pruebas Capacitación/Evento_de_Capacitacion/a_Eliminar2' is clicked on

2022-02-23 11:39:54 - [MESSAGE][PASSED] - Object: 'Object Repository/Modulo Pruebas Capacitación/Evento_de_Capacitacion/a_Eliminar2' is clicked on

2022-02-23 11:39:54 - [TEST_STEP][PASSED] - click(findTestObject("Modulo Pruebas Capacitación/Evento_de_Capacitacion/a_Aceptar2")): Object: 'Object Repository/Modulo Pruebas Capacitación/Evento_de_Capacitacion/a_Aceptar2' is clicked on

2022-02-23 11:39:55 - [MESSAGE][PASSED] - Object: 'Object Repository/Modulo Pruebas Capacitación/Evento_de_Capacitacion/a_Aceptar2' is clicked on

2022-02-23 11:39:55 - [TEST_STEP][PASSED] - click(findTestObject("Modulo Pruebas Capacitación/Evento_de_Capacitacion/div_Costo")): Object: 'Object Repository/Modulo Pruebas Capacitación/Evento_de_Capacitacion/div_Costo' is clicked on

2022-02-23 11:39:56 - [MESSAGE][PASSED] - Object: 'Object Repository/Modulo Pruebas Capacitación/Evento_de_Capacitacion/div_Costo' is clicked on

2022-02-23 11:39:56 - [TEST_STEP][PASSED] - click(findTestObject("Modulo Pruebas Capacitación/Evento_de_Capacitacion/a_Registro2")): Object: 'Object Repository/Modulo Pruebas Capacitación/Evento_de_Capacitacion/a_Registro2' is clicked on

2022-02-23 11:39:56 - [MESSAGE][PASSED] - Object: 'Object Repository/Modulo Pruebas Capacitación/Evento_de_Capacitacion/a_Registro2' is clicked on

2022-02-23 11:39:56 - [TEST_STEP][PASSED] - if (waitForElementPresent(findTestObject("Modulo Pruebas Capacitación/Evento_de_Capacitacion/a_REFRIGERIO_formCostoEventopanel_costostabla_costos0j_idt634"), 1)): null

2022-02-23 11:39:57 - [MESSAGE][PASSED] - Object 'Object Repository/Modulo Pruebas Capacitación/Evento_de_Capacitacion/a_REFRIGERIO_formCostoEventopanel_costostabla_costos0j_idt634' is present

2022-02-23 11:39:57 - [TEST_STEP][PASSED] - click(findTestObject("Modulo Pruebas Capacitación/Evento_de_Capacitacion/a_REFRIGERIO_formCostoEventopanel_costostabla_costos0j_idt634")): Object: 'Object Repository/Modulo Pruebas Capacitación/Evento_de_Capacitacion/a_REFRIGERIO_formCostoEventopanel_costostabla_costos0j_idt634' is clicked on

2022-02-23 11:39:58 - [MESSAGE][PASSED] - Object: 'Object Repository/Modulo Pruebas Capacitación/Evento_de_Capacitacion/a_REFRIGERIO_formCostoEventopanel_costostabla_costos0j_idt634' is clicked on

2022-02-23 11:39:58 - [TEST_STEP][PASSED] - click(findTestObject("Modulo Pruebas Capacitación/Evento_de_Capacitacion/a_Aceptar3")): Object: 'Object Repository/Modulo Pruebas Capacitación/Evento_de_Capacitacion/a_Aceptar3' is clicked on

2022-02-23 11:39:59 - [MESSAGE][PASSED] - Object: 'Object Repository/Modulo Pruebas Capacitación/Evento_de_Capacitacion/a_Aceptar3' is clicked on

2022-02-23 11:39:59 - [TEST_STEP][PASSED] - click(findTestObject("Modulo Pruebas Capacitación/Evento_de_Capacitacion/div_Recursos")): Object: 'Object Repository/Modulo Pruebas Capacitación/Evento_de_Capacitacion/div_Recursos' is clicked on

2022-02-23 11:40:00 - [MESSAGE][PASSED] - Object: 'Object Repository/Modulo Pruebas Capacitación/Evento_de_Capacitacion/div_Recursos' is clicked on

2022-02-23 11:40:00 - [TEST_STEP][PASSED] - click(findTestObject("Modulo Pruebas Capacitación/Evento_de_Capacitacion/a_Logsticos")): Object: 'Object Repository/Modulo Pruebas Capacitación/Evento_de_Capacitacion/a_Logsticos' is clicked on

2022-02-23 11:40:00 - [MESSAGE][PASSED] - Object: 'Object Repository/Modulo Pruebas Capacitación/Evento_de_Capacitacion/a_Logsticos' is clicked on

2022-02-23 11:40:00 - [TEST_STEP][PASSED] - if (waitForElementPresent(findTestObject("Modulo Pruebas Capacitación/Evento_de_Capacitacion/a_INDISPENSABLE_formRecursoLogisticopanel_recursostabla_recursos0j_idt606"), 1)): null

2022-02-23 11:40:01 - [MESSAGE][PASSED] - Object 'Object Repository/Modulo Pruebas Capacitación/Evento_de_Capacitacion/a_INDISPENSABLE_formRecursoLogisticopanel_recursostabla_recursos0j_idt606' is present

2022-02-23 11:40:01 - [TEST_STEP][PASSED] - click(findTestObject("Modulo Pruebas Capacitación/Evento_de_Capacitacion/a_INDISPENSABLE_formRecursoLogisticopanel_recursostabla_recursos0j_idt606")): Object: 'Object Repository/Modulo Pruebas Capacitación/Evento_de_Capacitacion/a_INDISPENSABLE_formRecursoLogisticopanel_recursostabla_recursos0j_idt606' is clicked on

2022-02-23 11:40:02 - [MESSAGE][PASSED] - Object: 'Object Repository/Modulo Pruebas Capacitación/Evento_de_Capacitacion/a_INDISPENSABLE_formRecursoLogisticopanel_recursostabla_recursos0j_idt606' is clicked on

2022-02-23 11:40:02 - [TEST_STEP][PASSED] - click(findTestObject("Modulo Pruebas Capacitación/Evento_de_Capacitacion/a_Aceptar2")): Object: 'Object Repository/Modulo Pruebas Capacitación/Evento_de_Capacitacion/a_Aceptar2' is clicked on

2022-02-23 11:40:03 - [MESSAGE][PASSED] - Object: 'Object Repository/Modulo Pruebas Capacitación/Evento_de_Capacitacion/a_Aceptar2' is clicked on

2022-02-23 11:40:03 - [TEST_STEP][PASSED] - click(findTestObject("Modulo Pruebas Capacitación/Evento_de_Capacitacion/div_Asistentes")): Object: 'Object Repository/Modulo Pruebas Capacitación/Evento_de_Capacitacion/div_Asistentes' is clicked on

2022-02-23 11:40:03 - [MESSAGE][PASSED] - Object: 'Object Repository/Modulo Pruebas Capacitación/Evento_de_Capacitacion/div_Asistentes' is clicked on

2022-02-23 11:40:03 - [TEST_STEP][PASSED] - click(findTestObject("Modulo Pruebas Capacitación/Evento_de_Capacitacion/a_Registro1")): Object: 'Object Repository/Modulo Pruebas Capacitación/Evento_de_Capacitacion/a_Registro1' is clicked on

2022-02-23 11:40:04 - [MESSAGE][PASSED] - Object: 'Object Repository/Modulo Pruebas Capacitación/Evento_de_Capacitacion/a_Registro1' is clicked on

2022-02-23 11:40:04 - [TEST_STEP][PASSED] - if (waitForElementPresent(findTestObject("Modulo Pruebas Capacitación/Evento_de_Capacitacion/td_prueba ka Pruebas"), 1)): null

2022-02-23 11:40:06 - [MESSAGE][PASSED] - Object 'Object Repository/Modulo Pruebas Capacitación/Evento_de_Capacitacion/td_prueba ka Pruebas' is present

2022-02-23 11:40:06 - [TEST_STEP][PASSED] - click(findTestObject("Modulo Pruebas Capacitación/Evento_de_Capacitacion/td_prueba ka Pruebas")): Object: 'Object Repository/Modulo Pruebas Capacitación/Evento_de_Capacitacion/td_prueba ka Pruebas' is clicked on

2022-02-23 11:40:06 - [MESSAGE][PASSED] - Object: 'Object Repository/Modulo Pruebas Capacitación/Evento_de_Capacitacion/td_prueba ka Pruebas' is clicked on

2022-02-23 11:40:06 - [TEST_STEP][PASSED] - click(findTestObject("Modulo Pruebas Capacitación/Evento_de_Capacitacion/a_Eliminar1")): Object: 'Object Repository/Modulo Pruebas Capacitación/Evento_de_Capacitacion/a_Eliminar1' is clicked on

2022-02-23 11:40:08 - [MESSAGE][PASSED] - Object: 'Object Repository/Modulo Pruebas Capacitación/Evento_de_Capacitacion/a_Eliminar1' is clicked on

2022-02-23 11:40:08 - [TEST_STEP][PASSED] - click(findTestObject("Modulo Pruebas Capacitación/Evento_de_Capacitacion/a_Aceptar1")): Object: 'Object Repository/Modulo Pruebas Capacitación/Evento_de_Capacitacion/a_Aceptar1' is clicked on

2022-02-23 11:40:10 - [MESSAGE][PASSED] - Object: 'Object Repository/Modulo Pruebas Capacitación/Evento_de_Capacitacion/a_Aceptar1' is clicked on

2022-02-23 11:40:10 - [TEST_STEP][PASSED] - click(findTestObject("Modulo Pruebas Capacitación/Evento_de_Capacitacion/div_Grupos")): Object: 'Object Repository/Modulo Pruebas Capacitación/Evento_de_Capacitacion/div_Grupos' is clicked on

2022-02-23 11:40:10 - [MESSAGE][PASSED] - Object: 'Object Repository/Modulo Pruebas Capacitación/Evento_de_Capacitacion/div_Grupos' is clicked on

2022-02-23 11:40:10 - [TEST_STEP][PASSED] - click(findTestObject("Modulo Pruebas Capacitación/Evento_de_Capacitacion/a_Registro0")): Object: 'Object Repository/Modulo Pruebas Capacitación/Evento_de_Capacitacion/a_Registro0' is clicked on

2022-02-23 11:40:11 - [MESSAGE][PASSED] - Object: 'Object Repository/Modulo Pruebas Capacitación/Evento_de_Capacitacion/a_Registro0' is clicked on

2022-02-23 11:40:11 - [TEST_STEP][PASSED] - if (waitForElementClickable(findTestObject("Modulo Pruebas Capacitación/Evento_de_Capacitacion/td_Pruebas k"), 1)): null

2022-02-23 11:40:11 - [MESSAGE][PASSED] - Object 'Object Repository/Modulo Pruebas Capacitación/Evento_de_Capacitacion/td_Pruebas k' is clickable

2022-02-23 11:40:11 - [TEST_STEP][PASSED] - click(findTestObject("Modulo Pruebas Capacitación/Evento_de_Capacitacion/td_Pruebas k")): Object: 'Object Repository/Modulo Pruebas Capacitación/Evento_de_Capacitacion/td_Pruebas k' is clicked on

2022-02-23 11:40:12 - [MESSAGE][PASSED] - Object: 'Object Repository/Modulo Pruebas Capacitación/Evento_de_Capacitacion/td_Pruebas k' is clicked on

2022-02-23 11:40:12 - [TEST_STEP][PASSED] - click(findTestObject("Modulo Pruebas Capacitación/Evento_de_Capacitacion/a_Eliminar0")): Object: 'Object Repository/Modulo Pruebas Capacitación/Evento_de_Capacitacion/a_Eliminar0' is clicked on

2022-02-23 11:40:12 - [MESSAGE][PASSED] - Object: 'Object Repository/Modulo Pruebas Capacitación/Evento_de_Capacitacion/a_Eliminar0' is clicked on

2022-02-23 11:40:12 - [TEST_STEP][PASSED] - click(findTestObject("Modulo Pruebas Capacitación/Evento_de_Capacitacion/a_Aceptar0")): Object: 'Object Repository/Modulo Pruebas Capacitación/Evento_de_Capacitacion/a_Aceptar0' is clicked on

2022-02-23 11:40:14 - [MESSAGE][PASSED] - Object: 'Object Repository/Modulo Pruebas Capacitación/Evento_de_Capacitacion/a_Aceptar0' is clicked on

2022-02-23 11:40:14 - [TEST_STEP][PASSED] - click(findTestObject("Modulo Pruebas Capacitación/Evento_de_Capacitacion/div_Evento")): Object: 'Object Repository/Modulo Pruebas Capacitación/Evento_de_Capacitacion/div_Evento' is clicked on

2022-02-23 11:40:14 - [MESSAGE][PASSED] - Object: 'Object Repository/Modulo Pruebas Capacitación/Evento_de_Capacitacion/div_Evento' is clicked on

2022-02-23 11:40:14 - [TEST_STEP][PASSED] - click(findTestObject("Modulo Pruebas Capacitación/Evento_de_Capacitacion/a_Registro3")): Object: 'Object Repository/Modulo Pruebas Capacitación/Evento_de_Capacitacion/a_Registro3' is clicked on

2022-02-23 11:40:15 - [MESSAGE][PASSED] - Object: 'Object Repository/Modulo Pruebas Capacitación/Evento_de_Capacitacion/a_Registro3' is clicked on

2022-02-23 11:40:15 - [TEST_STEP][PASSED] - click(findTestObject("Modulo Pruebas Capacitación/Evento_de_Capacitacion/a_Eliminar3")): Object: 'Object Repository/Modulo Pruebas Capacitación/Evento_de_Capacitacion/a_Eliminar3' is clicked on

2022-02-23 11:40:16 - [MESSAGE][PASSED] - Object: 'Object Repository/Modulo Pruebas Capacitación/Evento_de_Capacitacion/a_Eliminar3' is clicked on

2022-02-23 11:40:16 - [TEST_STEP][PASSED] - click(findTestObject("Modulo Pruebas Capacitación/Evento_de_Capacitacion/a_Aceptar5")): Object: 'Object Repository/Modulo Pruebas Capacitación/Evento_de_Capacitacion/a_Aceptar5' is clicked on

2022-02-23 11:40:17 - [MESSAGE][PASSED] - Object: 'Object Repository/Modulo Pruebas Capacitación/Evento_de_Capacitacion/a_Aceptar5' is clicked on

2022-02-23 11:40:17 - [TEST_STEP][PASSED] - if (waitForElementPresent(findTestObject("Modulo Pruebas Capacitación/Evento_de_Capacitacion/a_Nuevo"), 1)): Object 'Object Repository/Modulo Pruebas Capacitación/Evento_de_Capacitacion/a_Nuevo' is not present after 1 second(s)

2022-02-23 11:40:19 - [MESSAGE][INFO] - Unable to find the element located by 'By.xpath: //a[contains(text(),'Nuevo')]'. Please recheck the objects properties to make sure the desired element is located. 

2022-02-23 11:40:19 - [MESSAGE][WARNING] - Object 'Object Repository/Modulo Pruebas Capacitación/Evento_de_Capacitacion/a_Nuevo' is not present after 1 second(s)

2022-02-23 11:40:19 - [TEST_STEP][PASSED] - else: null

2022-02-23 11:40:19 - [TEST_STEP][PASSED] - callTestCase(findTestCase("Utilidades-(atajos_para _tareas)/Modulos/Modulo Control Evento Capacitacion"), [:], STOP_ON_FAILURE): Call Test Case 'Test Cases/Utilidades-(atajos_para _tareas)/Modulos/Modulo Control Evento Capacitacion' successfully

2022-02-23 11:40:19 - [TEST_CASE][PASSED] - Test Cases/Utilidades-(atajos_para _tareas)/Modulos/Modulo Control Evento Capacitacion: Test Cases/Utilidades-(atajos_para _tareas)/Modulos/Modulo Control Evento Capacitacion

2022-02-23 11:40:19 - [TEST_STEP][PASSED] - callTestCase(findTestCase("0.1-Login"), [:], STOP_ON_FAILURE): Call Test Case 'Test Cases/0.1-Login' successfully

2022-02-23 11:40:19 - [TEST_CASE][PASSED] - Test Cases/0.1-Login: Test Cases/0.1-Login

2022-02-23 11:40:19 - [TEST_STEP][PASSED] - openBrowser(""): Browser is opened with url: ''

2022-02-23 11:40:19 - [MESSAGE][WARNING] - A browser is already opened. Closing browser and opening a new one

2022-02-23 11:40:20 - [MESSAGE][INFO] - Starting 'Chrome' driver

2022-02-23 11:40:20 - [MESSAGE][INFO] - Action delay is set to 0 milliseconds

2022-02-23 11:40:21 - [MESSAGE][PASSED] - Browser is opened with url: ''

2022-02-23 11:40:21 - [TEST_STEP][PASSED] - maximizeWindow(): Current window maximized

2022-02-23 11:40:21 - [MESSAGE][PASSED] - Current window maximized

2022-02-23 11:40:21 - [TEST_STEP][PASSED] - i = G_Login: null

2022-02-23 11:40:21 - [TEST_STEP][PASSED] - url = new java.net.URL(i): null

2022-02-23 11:40:21 - [TEST_STEP][PASSED] - println("URL: " + url.toString()): null

2022-02-23 11:40:21 - [TEST_STEP][PASSED] - connection = url.openConnection(): null

2022-02-23 11:40:21 - [TEST_STEP][PASSED] - connection.setRequestMethod("GET"): null

2022-02-23 11:40:21 - [TEST_STEP][PASSED] - connection.setReadTimeout(2 * 1000): null

2022-02-23 11:40:21 - [TEST_STEP][PASSED] - try: null

2022-02-23 11:40:21 - [TEST_STEP][PASSED] - connection.connect(): null

2022-02-23 11:40:21 - [TEST_STEP][PASSED] - flag = connected: null

2022-02-23 11:40:21 - [TEST_STEP][PASSED] - println("Valor_ori: " + flag): null

2022-02-23 11:40:21 - [TEST_STEP][PASSED] - if (flag): null

2022-02-23 11:40:21 - [TEST_STEP][PASSED] - navigateToUrl(i): Navigate to 'http://192.168.2.80:8380/saraweb' successfully

2022-02-23 11:40:22 - [MESSAGE][PASSED] - Navigate to 'http://192.168.2.80:8380/saraweb' successfully

2022-02-23 11:40:22 - [TEST_STEP][PASSED] - a(): null

2022-02-23 11:40:22 - [TEST_STEP][PASSED] - setText(findTestObject("Login/input_USUARIO_loginusuario"), G_Usuario): Text 'saraadmin' is set on object 'Object Repository/Login/input_USUARIO_loginusuario'

2022-02-23 11:40:23 - [MESSAGE][PASSED] - Text 'saraadmin' is set on object 'Object Repository/Login/input_USUARIO_loginusuario'

2022-02-23 11:40:23 - [TEST_STEP][PASSED] - setEncryptedText(findTestObject("Login/input_CLAVE_loginpassword"), "MkG4/TYiCFC3cb2driP7+Q=="): Text ****** has been set on object 'Object Repository/Login/input_CLAVE_loginpassword'

2022-02-23 11:40:23 - [MESSAGE][PASSED] - Text ****** has been set on object 'Object Repository/Login/input_CLAVE_loginpassword'

2022-02-23 11:40:23 - [TEST_STEP][PASSED] - waitForElementClickable(findTestObject("Login/a_Ingresar"), G_TimeOut): Object 'Object Repository/Login/a_Ingresar' is clickable

2022-02-23 11:40:24 - [MESSAGE][PASSED] - Object 'Object Repository/Login/a_Ingresar' is clickable

2022-02-23 11:40:24 - [TEST_STEP][PASSED] - click(findTestObject("Login/a_Ingresar")): Object: 'Object Repository/Login/a_Ingresar' is clicked on

2022-02-23 11:40:26 - [MESSAGE][PASSED] - Object: 'Object Repository/Login/a_Ingresar' is clicked on

2022-02-23 11:40:26 - [TEST_STEP][PASSED] - element = findWebElement(findTestObject("Login/a_Ir"), 30): null

2022-02-23 11:40:26 - [TEST_STEP][PASSED] - executeJavaScript("arguments[0].click()", Arrays.asList(element)): Execute JavaScript 'arguments[0].click()' successfully

2022-02-23 11:40:26 - [MESSAGE][PASSED] - Execute JavaScript 'arguments[0].click()' successfully

2022-02-23 11:40:26 - [MESSAGE][PASSED] - Call Test Case 'Test Cases/0.1-Login' successfully

2022-02-23 11:40:26 - [TEST_STEP][PASSED] - setText(findTestObject("Modulo Control Evento Capacitacion/input_ADMINISTRADOR DEL SISTEMA - SARA_form_templatej_idt24_input"), "Control Evento"): Text 'Control Evento' is set on object 'Object Repository/Modulo Control Evento Capacitacion/input_ADMINISTRADOR DEL SISTEMA - SARA_form_templatej_idt24_input'

2022-02-23 11:40:27 - [MESSAGE][PASSED] - Text 'Control Evento' is set on object 'Object Repository/Modulo Control Evento Capacitacion/input_ADMINISTRADOR DEL SISTEMA - SARA_form_templatej_idt24_input'

2022-02-23 11:40:27 - [TEST_STEP][PASSED] - click(findTestObject("Modulo Control Evento Capacitacion/li_Control Evento Capacitacion (cap)")): Object: 'Object Repository/Modulo Control Evento Capacitacion/li_Control Evento Capacitacion (cap)' is clicked on

2022-02-23 11:40:29 - [MESSAGE][PASSED] - Object: 'Object Repository/Modulo Control Evento Capacitacion/li_Control Evento Capacitacion (cap)' is clicked on

2022-02-23 11:40:29 - [MESSAGE][PASSED] - Call Test Case 'Test Cases/Utilidades-(atajos_para _tareas)/Modulos/Modulo Control Evento Capacitacion' successfully

2022-02-23 11:40:29 - [TEST_STEP][PASSED] - if (waitForElementClickable(findTestObject("Modulo Pruebas Capacitación/Evento_de_Capacitacion/td_prueba"), 1)): Web element with id: 'Object Repository/Modulo Pruebas Capacitación/Evento_de_Capacitacion/td_prueba' located by '//*/text()[normalize-space(.)='Prueba']/parent::*' not found

2022-02-23 11:40:31 - [MESSAGE][INFO] - Unable to find the element located by 'By.xpath: //*/text()[normalize-space(.)='Prueba']/parent::*'. Please recheck the objects properties to make sure the desired element is located. 

2022-02-23 11:40:31 - [MESSAGE][WARNING] - Web element with id: 'Object Repository/Modulo Pruebas Capacitación/Evento_de_Capacitacion/td_prueba' located by '//*/text()[normalize-space(.)='Prueba']/parent::*' not found

2022-02-23 11:40:31 - [TEST_STEP][PASSED] - if (waitForElementPresent(findTestObject("Modulo Pruebas Capacitación/Evento_de_Capacitacion/a_Nuevo"), 1)): null

2022-02-23 11:40:31 - [MESSAGE][PASSED] - Object 'Object Repository/Modulo Pruebas Capacitación/Evento_de_Capacitacion/a_Nuevo' is present

2022-02-23 11:40:31 - [TEST_STEP][PASSED] - click(findTestObject("Modulo Pruebas Capacitación/Evento_de_Capacitacion/a_Nuevo")): Object: 'Object Repository/Modulo Pruebas Capacitación/Evento_de_Capacitacion/a_Nuevo' is clicked on

2022-02-23 11:40:32 - [MESSAGE][PASSED] - Object: 'Object Repository/Modulo Pruebas Capacitación/Evento_de_Capacitacion/a_Nuevo' is clicked on

2022-02-23 11:40:32 - [TEST_STEP][PASSED] - selectOptionByIndex(findTestObject("Modulo Pruebas Capacitación/Evento_de_Capacitacion/select_-- Seleccione --Evento CapacitacinEvento Capacitacin Grupal"), 2): All options with index in [2] are selected on object 'Object Repository/Modulo Pruebas Capacitación/Evento_de_Capacitacion/select_-- Seleccione --Evento CapacitacinEvento Capacitacin Grupal'

2022-02-23 11:40:33 - [MESSAGE][PASSED] - All options with index in [2] are selected on object 'Object Repository/Modulo Pruebas Capacitación/Evento_de_Capacitacion/select_-- Seleccione --Evento CapacitacinEvento Capacitacin Grupal'

2022-02-23 11:40:33 - [TEST_STEP][PASSED] - click(findTestObject("Modulo Pruebas Capacitación/Evento_de_Capacitacion/a_Aplicar")): Object: 'Object Repository/Modulo Pruebas Capacitación/Evento_de_Capacitacion/a_Aplicar' is clicked on

2022-02-23 11:40:34 - [MESSAGE][PASSED] - Object: 'Object Repository/Modulo Pruebas Capacitación/Evento_de_Capacitacion/a_Aplicar' is clicked on

2022-02-23 11:40:34 - [TEST_STEP][PASSED] - selectOptionByIndex(findTestObject("Modulo Pruebas Capacitación/Evento_de_Capacitacion/select_--Seleccione--Aplicacin SaraCurso De Alturas"), 9): All options with index in [9] are selected on object 'Object Repository/Modulo Pruebas Capacitación/Evento_de_Capacitacion/select_--Seleccione--Aplicacin SaraCurso De Alturas'

2022-02-23 11:40:35 - [MESSAGE][PASSED] - All options with index in [9] are selected on object 'Object Repository/Modulo Pruebas Capacitación/Evento_de_Capacitacion/select_--Seleccione--Aplicacin SaraCurso De Alturas'

2022-02-23 11:40:35 - [TEST_STEP][PASSED] - selectOptionByIndex(findTestObject("Modulo Pruebas Capacitación/Evento_de_Capacitacion/select_--Seleccione--BloqueadoEjecucinFinalizadoProgramado"), 4): All options with index in [4] are selected on object 'Object Repository/Modulo Pruebas Capacitación/Evento_de_Capacitacion/select_--Seleccione--BloqueadoEjecucinFinalizadoProgramado'

2022-02-23 11:40:36 - [MESSAGE][PASSED] - All options with index in [4] are selected on object 'Object Repository/Modulo Pruebas Capacitación/Evento_de_Capacitacion/select_--Seleccione--BloqueadoEjecucinFinalizadoProgramado'

2022-02-23 11:40:36 - [TEST_STEP][PASSED] - click(findTestObject("Modulo Pruebas Capacitación/Evento_de_Capacitacion/a_Plan de Inversin_formRegistroEventoj_idt180")): Object: 'Object Repository/Modulo Pruebas Capacitación/Evento_de_Capacitacion/a_Plan de Inversin_formRegistroEventoj_idt180' is clicked on

2022-02-23 11:40:37 - [MESSAGE][PASSED] - Object: 'Object Repository/Modulo Pruebas Capacitación/Evento_de_Capacitacion/a_Plan de Inversin_formRegistroEventoj_idt180' is clicked on

2022-02-23 11:40:37 - [TEST_STEP][PASSED] - click(findTestObject("Modulo Pruebas Capacitación/Evento_de_Capacitacion/td_prueba1")): Object: 'Object Repository/Modulo Pruebas Capacitación/Evento_de_Capacitacion/td_prueba1' is clicked on

2022-02-23 11:40:38 - [MESSAGE][PASSED] - Object: 'Object Repository/Modulo Pruebas Capacitación/Evento_de_Capacitacion/td_prueba1' is clicked on

2022-02-23 11:40:38 - [TEST_STEP][PASSED] - setText(findTestObject("Modulo Pruebas Capacitación/Evento_de_Capacitacion/input_Fecha Rango_formRegistroEventofechaInicial_input"), "17/11/2021"): Text '17/11/2021' is set on object 'Object Repository/Modulo Pruebas Capacitación/Evento_de_Capacitacion/input_Fecha Rango_formRegistroEventofechaInicial_input'

2022-02-23 11:40:39 - [MESSAGE][PASSED] - Text '17/11/2021' is set on object 'Object Repository/Modulo Pruebas Capacitación/Evento_de_Capacitacion/input_Fecha Rango_formRegistroEventofechaInicial_input'

2022-02-23 11:40:39 - [TEST_STEP][PASSED] - setText(findTestObject("Modulo Pruebas Capacitación/Evento_de_Capacitacion/input_Fecha Rango_formRegistroEventofechaFinal_input"), "27/11/2021"): Text '27/11/2021' is set on object 'Object Repository/Modulo Pruebas Capacitación/Evento_de_Capacitacion/input_Fecha Rango_formRegistroEventofechaFinal_input'

2022-02-23 11:40:40 - [MESSAGE][PASSED] - Text '27/11/2021' is set on object 'Object Repository/Modulo Pruebas Capacitación/Evento_de_Capacitacion/input_Fecha Rango_formRegistroEventofechaFinal_input'

2022-02-23 11:40:40 - [TEST_STEP][PASSED] - sendKeys(findTestObject("Modulo Pruebas Capacitación/Evento_de_Capacitacion/input_Fecha Rango_formRegistroEventofechaFinal_input"), Keys.chord(ESCAPE)): Keys 'ESCAPE + ' sent to object: 'Object Repository/Modulo Pruebas Capacitación/Evento_de_Capacitacion/input_Fecha Rango_formRegistroEventofechaFinal_input'

2022-02-23 11:40:40 - [MESSAGE][PASSED] - Keys 'ESCAPE + ' sent to object: 'Object Repository/Modulo Pruebas Capacitación/Evento_de_Capacitacion/input_Fecha Rango_formRegistroEventofechaFinal_input'

2022-02-23 11:40:40 - [TEST_STEP][PASSED] - setText(findTestObject("Modulo Pruebas Capacitación/Evento_de_Capacitacion/textarea_Descripcin del evento_formRegistroEventoj_idt1890idTexto5"), "Prueba"): Text 'Prueba' is set on object 'Object Repository/Modulo Pruebas Capacitación/Evento_de_Capacitacion/textarea_Descripcin del evento_formRegistroEventoj_idt1890idTexto5'

2022-02-23 11:40:41 - [MESSAGE][PASSED] - Text 'Prueba' is set on object 'Object Repository/Modulo Pruebas Capacitación/Evento_de_Capacitacion/textarea_Descripcin del evento_formRegistroEventoj_idt1890idTexto5'

2022-02-23 11:40:41 - [TEST_STEP][PASSED] - selectOptionByIndex(findTestObject("Modulo Pruebas Capacitación/Evento_de_Capacitacion/select_--Seleccione--CALIDADMENSUAL ABCMODELO EMPRESA QUINCENALPANSIONADOSPENSIONADOS BASEPRUEBAS"), "7"): All options with index in [7] are selected on object 'Object Repository/Modulo Pruebas Capacitación/Evento_de_Capacitacion/select_--Seleccione--CALIDADMENSUAL ABCMODELO EMPRESA QUINCENALPANSIONADOSPENSIONADOS BASEPRUEBAS'

2022-02-23 11:40:42 - [MESSAGE][PASSED] - All options with index in [7] are selected on object 'Object Repository/Modulo Pruebas Capacitación/Evento_de_Capacitacion/select_--Seleccione--CALIDADMENSUAL ABCMODELO EMPRESA QUINCENALPANSIONADOSPENSIONADOS BASEPRUEBAS'

2022-02-23 11:40:42 - [TEST_STEP][PASSED] - setText(findTestObject("Modulo Pruebas Capacitación/Evento_de_Capacitacion/input_Publicacion Inicial_formRegistroEventoj_idt1892fecha_input"), "17/11/2021"): Text '17/11/2021' is set on object 'Object Repository/Modulo Pruebas Capacitación/Evento_de_Capacitacion/input_Publicacion Inicial_formRegistroEventoj_idt1892fecha_input'

2022-02-23 11:40:43 - [MESSAGE][PASSED] - Text '17/11/2021' is set on object 'Object Repository/Modulo Pruebas Capacitación/Evento_de_Capacitacion/input_Publicacion Inicial_formRegistroEventoj_idt1892fecha_input'

2022-02-23 11:40:43 - [TEST_STEP][PASSED] - setText(findTestObject("Modulo Pruebas Capacitación/Evento_de_Capacitacion/input_Publicacion Final_formRegistroEventoj_idt1893fecha_input"), "27/11/2021"): Text '27/11/2021' is set on object 'Object Repository/Modulo Pruebas Capacitación/Evento_de_Capacitacion/input_Publicacion Final_formRegistroEventoj_idt1893fecha_input'

2022-02-23 11:40:44 - [MESSAGE][PASSED] - Text '27/11/2021' is set on object 'Object Repository/Modulo Pruebas Capacitación/Evento_de_Capacitacion/input_Publicacion Final_formRegistroEventoj_idt1893fecha_input'

2022-02-23 11:40:44 - [TEST_STEP][PASSED] - setText(findTestObject("Modulo Pruebas Capacitación/Evento_de_Capacitacion/input__formRegistroEventoj_idt1894idTexto6"), "100"): Text '100' is set on object 'Object Repository/Modulo Pruebas Capacitación/Evento_de_Capacitacion/input__formRegistroEventoj_idt1894idTexto6'

2022-02-23 11:40:45 - [MESSAGE][PASSED] - Text '100' is set on object 'Object Repository/Modulo Pruebas Capacitación/Evento_de_Capacitacion/input__formRegistroEventoj_idt1894idTexto6'

2022-02-23 11:40:45 - [TEST_STEP][PASSED] - setText(findTestObject("Modulo Pruebas Capacitación/Evento_de_Capacitacion/input__formRegistroEventoj_idt1895idNumero1"), "2"): Text '2' is set on object 'Object Repository/Modulo Pruebas Capacitación/Evento_de_Capacitacion/input__formRegistroEventoj_idt1895idNumero1'

2022-02-23 11:40:46 - [MESSAGE][PASSED] - Text '2' is set on object 'Object Repository/Modulo Pruebas Capacitación/Evento_de_Capacitacion/input__formRegistroEventoj_idt1895idNumero1'

2022-02-23 11:40:46 - [TEST_STEP][PASSED] - selectOptionByIndex(findTestObject("Modulo Pruebas Capacitación/Evento_de_Capacitacion/select_Diagnstico de Necesidades de CapacitacinEstrategiaEvaluacin del desempeoOrigen Evento"), 1): All options with index in [1] are selected on object 'Object Repository/Modulo Pruebas Capacitación/Evento_de_Capacitacion/select_Diagnstico de Necesidades de CapacitacinEstrategiaEvaluacin del desempeoOrigen Evento'

2022-02-23 11:40:47 - [MESSAGE][PASSED] - All options with index in [1] are selected on object 'Object Repository/Modulo Pruebas Capacitación/Evento_de_Capacitacion/select_Diagnstico de Necesidades de CapacitacinEstrategiaEvaluacin del desempeoOrigen Evento'

2022-02-23 11:40:47 - [TEST_STEP][PASSED] - selectOptionByIndex(findTestObject("Modulo Pruebas Capacitación/Evento_de_Capacitacion/select_MixtaPresencialVirtual"), 3): All options with index in [3] are selected on object 'Object Repository/Modulo Pruebas Capacitación/Evento_de_Capacitacion/select_MixtaPresencialVirtual'

2022-02-23 11:40:48 - [MESSAGE][PASSED] - All options with index in [3] are selected on object 'Object Repository/Modulo Pruebas Capacitación/Evento_de_Capacitacion/select_MixtaPresencialVirtual'

2022-02-23 11:40:48 - [TEST_STEP][PASSED] - selectOptionByIndex(findTestObject("Modulo Pruebas Capacitación/Evento_de_Capacitacion/select_NOSI"), 1): All options with index in [1] are selected on object 'Object Repository/Modulo Pruebas Capacitación/Evento_de_Capacitacion/select_NOSI'

2022-02-23 11:40:49 - [MESSAGE][PASSED] - All options with index in [1] are selected on object 'Object Repository/Modulo Pruebas Capacitación/Evento_de_Capacitacion/select_NOSI'

2022-02-23 11:40:49 - [TEST_STEP][PASSED] - selectOptionByIndex(findTestObject("Modulo Pruebas Capacitación/Evento_de_Capacitacion/select_123456PRUEBA SILVIAUS654US23913781"), 2): All options with index in [2] are selected on object 'Object Repository/Modulo Pruebas Capacitación/Evento_de_Capacitacion/select_123456PRUEBA SILVIAUS654US23913781'

2022-02-23 11:40:50 - [MESSAGE][PASSED] - All options with index in [2] are selected on object 'Object Repository/Modulo Pruebas Capacitación/Evento_de_Capacitacion/select_123456PRUEBA SILVIAUS654US23913781'

2022-02-23 11:40:50 - [TEST_STEP][PASSED] - selectOptionByIndex(findTestObject("Modulo Pruebas Capacitación/Evento_de_Capacitacion/select_BARRANQUILLABOGOTACALIFRANCIAIBIZA"), 3): All options with index in [3] are selected on object 'Object Repository/Modulo Pruebas Capacitación/Evento_de_Capacitacion/select_BARRANQUILLABOGOTACALIFRANCIAIBIZA'

2022-02-23 11:40:51 - [MESSAGE][PASSED] - All options with index in [3] are selected on object 'Object Repository/Modulo Pruebas Capacitación/Evento_de_Capacitacion/select_BARRANQUILLABOGOTACALIFRANCIAIBIZA'

2022-02-23 11:40:51 - [TEST_STEP][PASSED] - setText(findTestObject("Modulo Pruebas Capacitación/Evento_de_Capacitacion/input_Nmeromero Autorizacin_formRegistroEventoj_idt18915idTexto"), "100000"): Text '100000' is set on object 'Object Repository/Modulo Pruebas Capacitación/Evento_de_Capacitacion/input_Nmeromero Autorizacin_formRegistroEventoj_idt18915idTexto'

2022-02-23 11:40:52 - [MESSAGE][PASSED] - Text '100000' is set on object 'Object Repository/Modulo Pruebas Capacitación/Evento_de_Capacitacion/input_Nmeromero Autorizacin_formRegistroEventoj_idt18915idTexto'

2022-02-23 11:40:52 - [TEST_STEP][PASSED] - setText(findTestObject("Modulo Pruebas Capacitación/Evento_de_Capacitacion/input_Costo Evento_formRegistroEventoj_idt18914idTexto6"), "10000"): Text '10000' is set on object 'Object Repository/Modulo Pruebas Capacitación/Evento_de_Capacitacion/input_Costo Evento_formRegistroEventoj_idt18914idTexto6'

2022-02-23 11:40:53 - [MESSAGE][PASSED] - Text '10000' is set on object 'Object Repository/Modulo Pruebas Capacitación/Evento_de_Capacitacion/input_Costo Evento_formRegistroEventoj_idt18914idTexto6'

2022-02-23 11:40:53 - [TEST_STEP][PASSED] - setText(findTestObject("Modulo Pruebas Capacitación/Evento_de_Capacitacion/input_Nmeromero Autorizacin_formRegistroEventoj_idt18915idTexto"), "5"): Text '5' is set on object 'Object Repository/Modulo Pruebas Capacitación/Evento_de_Capacitacion/input_Nmeromero Autorizacin_formRegistroEventoj_idt18915idTexto'

2022-02-23 11:40:53 - [MESSAGE][PASSED] - Text '5' is set on object 'Object Repository/Modulo Pruebas Capacitación/Evento_de_Capacitacion/input_Nmeromero Autorizacin_formRegistroEventoj_idt18915idTexto'

2022-02-23 11:40:53 - [TEST_STEP][PASSED] - setText(findTestObject("Modulo Pruebas Capacitación/Evento_de_Capacitacion/textarea_Observacin_formRegistroEventoj_idt18917idTexto5"), "Prueba"): Text 'Prueba' is set on object 'Object Repository/Modulo Pruebas Capacitación/Evento_de_Capacitacion/textarea_Observacin_formRegistroEventoj_idt18917idTexto5'

2022-02-23 11:40:54 - [MESSAGE][PASSED] - Text 'Prueba' is set on object 'Object Repository/Modulo Pruebas Capacitación/Evento_de_Capacitacion/textarea_Observacin_formRegistroEventoj_idt18917idTexto5'

2022-02-23 11:40:54 - [TEST_STEP][PASSED] - selectOptionByIndex(findTestObject("Modulo Pruebas Capacitación/Evento_de_Capacitacion/select_AmbosNo AplicaPor AsistenciaPor Puntaje"), 1): All options with index in [1] are selected on object 'Object Repository/Modulo Pruebas Capacitación/Evento_de_Capacitacion/select_AmbosNo AplicaPor AsistenciaPor Puntaje'

2022-02-23 11:40:55 - [MESSAGE][PASSED] - All options with index in [1] are selected on object 'Object Repository/Modulo Pruebas Capacitación/Evento_de_Capacitacion/select_AmbosNo AplicaPor AsistenciaPor Puntaje'

2022-02-23 11:40:55 - [TEST_STEP][PASSED] - click(findTestObject("Modulo Pruebas Capacitación/Evento_de_Capacitacion/a__formRegistroEventoj_idt18910j_idt229")): Object: 'Object Repository/Modulo Pruebas Capacitación/Evento_de_Capacitacion/a__formRegistroEventoj_idt18910j_idt229' is clicked on

2022-02-23 11:40:56 - [MESSAGE][PASSED] - Object: 'Object Repository/Modulo Pruebas Capacitación/Evento_de_Capacitacion/a__formRegistroEventoj_idt18910j_idt229' is clicked on

2022-02-23 11:40:56 - [TEST_STEP][PASSED] - setText(findTestObject("Modulo Pruebas Capacitación/Evento_de_Capacitacion/input_Filtro Hoja de Vida_formPopupHojaVidaj_idt23111"), "A"): Text 'A' is set on object 'Object Repository/Modulo Pruebas Capacitación/Evento_de_Capacitacion/input_Filtro Hoja de Vida_formPopupHojaVidaj_idt23111'

2022-02-23 11:40:57 - [MESSAGE][PASSED] - Text 'A' is set on object 'Object Repository/Modulo Pruebas Capacitación/Evento_de_Capacitacion/input_Filtro Hoja de Vida_formPopupHojaVidaj_idt23111'

2022-02-23 11:40:57 - [TEST_STEP][PASSED] - sendKeys(findTestObject("Modulo Pruebas Capacitación/Evento_de_Capacitacion/input_Filtro Hoja de Vida_formPopupHojaVidaj_idt23111"), Keys.chord(ENTER)): Keys 'ENTER + ' sent to object: 'Object Repository/Modulo Pruebas Capacitación/Evento_de_Capacitacion/input_Filtro Hoja de Vida_formPopupHojaVidaj_idt23111'

2022-02-23 11:40:58 - [MESSAGE][PASSED] - Keys 'ENTER + ' sent to object: 'Object Repository/Modulo Pruebas Capacitación/Evento_de_Capacitacion/input_Filtro Hoja de Vida_formPopupHojaVidaj_idt23111'

2022-02-23 11:40:58 - [TEST_STEP][PASSED] - click(findTestObject("Modulo Pruebas Capacitación/Evento_de_Capacitacion/span_A A A")): Object: 'Object Repository/Modulo Pruebas Capacitación/Evento_de_Capacitacion/span_A A A' is clicked on

2022-02-23 11:40:59 - [MESSAGE][PASSED] - Object: 'Object Repository/Modulo Pruebas Capacitación/Evento_de_Capacitacion/span_A A A' is clicked on

2022-02-23 11:40:59 - [TEST_STEP][PASSED] - click(findTestObject("Modulo Pruebas Capacitación/Evento_de_Capacitacion/a_Guardar")): Object: 'Object Repository/Modulo Pruebas Capacitación/Evento_de_Capacitacion/a_Guardar' is clicked on

2022-02-23 11:41:00 - [MESSAGE][PASSED] - Object: 'Object Repository/Modulo Pruebas Capacitación/Evento_de_Capacitacion/a_Guardar' is clicked on

2022-02-23 11:41:00 - [TEST_STEP][PASSED] - setText(findTestObject("Modulo Pruebas Capacitación/Evento_de_Capacitacion/input_Puntaje Minimo_formRegistroEventominimoPuntaje"), "3"): Text '3' is set on object 'Object Repository/Modulo Pruebas Capacitación/Evento_de_Capacitacion/input_Puntaje Minimo_formRegistroEventominimoPuntaje'

2022-02-23 11:41:01 - [MESSAGE][PASSED] - Text '3' is set on object 'Object Repository/Modulo Pruebas Capacitación/Evento_de_Capacitacion/input_Puntaje Minimo_formRegistroEventominimoPuntaje'

2022-02-23 11:41:01 - [TEST_STEP][PASSED] - setText(findTestObject("Modulo Pruebas Capacitación/Evento_de_Capacitacion/input_Mximo Horas Ausencia_formRegistroEventomaximoHorasAusencia"), "4"): Text '4' is set on object 'Object Repository/Modulo Pruebas Capacitación/Evento_de_Capacitacion/input_Mximo Horas Ausencia_formRegistroEventomaximoHorasAusencia'

2022-02-23 11:41:02 - [MESSAGE][PASSED] - Text '4' is set on object 'Object Repository/Modulo Pruebas Capacitación/Evento_de_Capacitacion/input_Mximo Horas Ausencia_formRegistroEventomaximoHorasAusencia'

2022-02-23 11:41:02 - [TEST_STEP][PASSED] - click(findTestObject("Modulo Pruebas Capacitación/Evento_de_Capacitacion/a_Guardar")): Object: 'Object Repository/Modulo Pruebas Capacitación/Evento_de_Capacitacion/a_Guardar' is clicked on

2022-02-23 11:41:02 - [MESSAGE][PASSED] - Object: 'Object Repository/Modulo Pruebas Capacitación/Evento_de_Capacitacion/a_Guardar' is clicked on

2022-02-23 11:41:02 - [TEST_STEP][PASSED] - closeBrowser(): Browser is closed

2022-02-23 11:41:03 - [MESSAGE][PASSED] - Browser is closed]]></system-out>
         <system-err><![CDATA[]]></system-err>
      </testcase>
      <testcase name="Test Cases/4.1-Pruebas_Capacitación/4.1.4-Crear_un_Grupo-Curso_Tipo_Evento_Grupal" time="19.485" classname="Test Cases/4.1-Pruebas_Capacitación/4.1.4-Crear_un_Grupo-Curso_Tipo_Evento_Grupal" status="PASSED">
         <system-out><![CDATA[2022-02-23 11:41:03 - [TEST_CASE][PASSED] - Test Cases/4.1-Pruebas_Capacitación/4.1.4-Crear_un_Grupo-Curso_Tipo_Evento_Grupal: Test Cases/4.1-Pruebas_Capacitación/4.1.4-Crear_un_Grupo-Curso_Tipo_Evento_Grupal

2022-02-23 11:41:04 - [TEST_STEP][PASSED] - callTestCase(findTestCase("Utilidades-(atajos_para _tareas)/Modulos/Modulo Control Evento Capacitacion"), [:], STOP_ON_FAILURE): Call Test Case 'Test Cases/Utilidades-(atajos_para _tareas)/Modulos/Modulo Control Evento Capacitacion' successfully

2022-02-23 11:41:04 - [TEST_CASE][PASSED] - Test Cases/Utilidades-(atajos_para _tareas)/Modulos/Modulo Control Evento Capacitacion: Test Cases/Utilidades-(atajos_para _tareas)/Modulos/Modulo Control Evento Capacitacion

2022-02-23 11:41:04 - [TEST_STEP][PASSED] - callTestCase(findTestCase("0.1-Login"), [:], STOP_ON_FAILURE): Call Test Case 'Test Cases/0.1-Login' successfully

2022-02-23 11:41:04 - [TEST_CASE][PASSED] - Test Cases/0.1-Login: Test Cases/0.1-Login

2022-02-23 11:41:04 - [TEST_STEP][PASSED] - openBrowser(""): Browser is opened with url: ''

2022-02-23 11:41:04 - [MESSAGE][INFO] - Starting 'Chrome' driver

2022-02-23 11:41:04 - [MESSAGE][INFO] - Action delay is set to 0 milliseconds

2022-02-23 11:41:05 - [MESSAGE][PASSED] - Browser is opened with url: ''

2022-02-23 11:41:05 - [TEST_STEP][PASSED] - maximizeWindow(): Current window maximized

2022-02-23 11:41:05 - [MESSAGE][PASSED] - Current window maximized

2022-02-23 11:41:05 - [TEST_STEP][PASSED] - i = G_Login: null

2022-02-23 11:41:05 - [TEST_STEP][PASSED] - url = new java.net.URL(i): null

2022-02-23 11:41:05 - [TEST_STEP][PASSED] - println("URL: " + url.toString()): null

2022-02-23 11:41:05 - [TEST_STEP][PASSED] - connection = url.openConnection(): null

2022-02-23 11:41:05 - [TEST_STEP][PASSED] - connection.setRequestMethod("GET"): null

2022-02-23 11:41:05 - [TEST_STEP][PASSED] - connection.setReadTimeout(2 * 1000): null

2022-02-23 11:41:05 - [TEST_STEP][PASSED] - try: null

2022-02-23 11:41:05 - [TEST_STEP][PASSED] - connection.connect(): null

2022-02-23 11:41:05 - [TEST_STEP][PASSED] - flag = connected: null

2022-02-23 11:41:05 - [TEST_STEP][PASSED] - println("Valor_ori: " + flag): null

2022-02-23 11:41:05 - [TEST_STEP][PASSED] - if (flag): null

2022-02-23 11:41:05 - [TEST_STEP][PASSED] - navigateToUrl(i): Navigate to 'http://192.168.2.80:8380/saraweb' successfully

2022-02-23 11:41:05 - [MESSAGE][PASSED] - Navigate to 'http://192.168.2.80:8380/saraweb' successfully

2022-02-23 11:41:05 - [TEST_STEP][PASSED] - a(): null

2022-02-23 11:41:05 - [TEST_STEP][PASSED] - setText(findTestObject("Login/input_USUARIO_loginusuario"), G_Usuario): Text 'saraadmin' is set on object 'Object Repository/Login/input_USUARIO_loginusuario'

2022-02-23 11:41:06 - [MESSAGE][PASSED] - Text 'saraadmin' is set on object 'Object Repository/Login/input_USUARIO_loginusuario'

2022-02-23 11:41:06 - [TEST_STEP][PASSED] - setEncryptedText(findTestObject("Login/input_CLAVE_loginpassword"), "MkG4/TYiCFC3cb2driP7+Q=="): Text ****** has been set on object 'Object Repository/Login/input_CLAVE_loginpassword'

2022-02-23 11:41:07 - [MESSAGE][PASSED] - Text ****** has been set on object 'Object Repository/Login/input_CLAVE_loginpassword'

2022-02-23 11:41:07 - [TEST_STEP][PASSED] - waitForElementClickable(findTestObject("Login/a_Ingresar"), G_TimeOut): Object 'Object Repository/Login/a_Ingresar' is clickable

2022-02-23 11:41:07 - [MESSAGE][PASSED] - Object 'Object Repository/Login/a_Ingresar' is clickable

2022-02-23 11:41:07 - [TEST_STEP][PASSED] - click(findTestObject("Login/a_Ingresar")): Object: 'Object Repository/Login/a_Ingresar' is clicked on

2022-02-23 11:41:09 - [MESSAGE][PASSED] - Object: 'Object Repository/Login/a_Ingresar' is clicked on

2022-02-23 11:41:09 - [TEST_STEP][PASSED] - element = findWebElement(findTestObject("Login/a_Ir"), 30): null

2022-02-23 11:41:10 - [TEST_STEP][PASSED] - executeJavaScript("arguments[0].click()", Arrays.asList(element)): Execute JavaScript 'arguments[0].click()' successfully

2022-02-23 11:41:10 - [MESSAGE][PASSED] - Execute JavaScript 'arguments[0].click()' successfully

2022-02-23 11:41:10 - [MESSAGE][PASSED] - Call Test Case 'Test Cases/0.1-Login' successfully

2022-02-23 11:41:10 - [TEST_STEP][PASSED] - setText(findTestObject("Modulo Control Evento Capacitacion/input_ADMINISTRADOR DEL SISTEMA - SARA_form_templatej_idt24_input"), "Control Evento"): Text 'Control Evento' is set on object 'Object Repository/Modulo Control Evento Capacitacion/input_ADMINISTRADOR DEL SISTEMA - SARA_form_templatej_idt24_input'

2022-02-23 11:41:11 - [MESSAGE][PASSED] - Text 'Control Evento' is set on object 'Object Repository/Modulo Control Evento Capacitacion/input_ADMINISTRADOR DEL SISTEMA - SARA_form_templatej_idt24_input'

2022-02-23 11:41:11 - [TEST_STEP][PASSED] - click(findTestObject("Modulo Control Evento Capacitacion/li_Control Evento Capacitacion (cap)")): Object: 'Object Repository/Modulo Control Evento Capacitacion/li_Control Evento Capacitacion (cap)' is clicked on

2022-02-23 11:41:12 - [MESSAGE][PASSED] - Object: 'Object Repository/Modulo Control Evento Capacitacion/li_Control Evento Capacitacion (cap)' is clicked on

2022-02-23 11:41:12 - [MESSAGE][PASSED] - Call Test Case 'Test Cases/Utilidades-(atajos_para _tareas)/Modulos/Modulo Control Evento Capacitacion' successfully

2022-02-23 11:41:12 - [TEST_STEP][PASSED] - if (waitForElementClickable(findTestObject("Modulo Pruebas Capacitación/Crear_un_Grupo-Curso_Tipo_Evento_Grupal/td_Prueba"), 1)): null

2022-02-23 11:41:14 - [MESSAGE][PASSED] - Object 'Object Repository/Modulo Pruebas Capacitación/Crear_un_Grupo-Curso_Tipo_Evento_Grupal/td_Prueba' is clickable

2022-02-23 11:41:14 - [TEST_STEP][PASSED] - click(findTestObject("Modulo Pruebas Capacitación/Crear_un_Grupo-Curso_Tipo_Evento_Grupal/td_Prueba")): Object: 'Object Repository/Modulo Pruebas Capacitación/Crear_un_Grupo-Curso_Tipo_Evento_Grupal/td_Prueba' is clicked on

2022-02-23 11:41:15 - [MESSAGE][PASSED] - Object: 'Object Repository/Modulo Pruebas Capacitación/Crear_un_Grupo-Curso_Tipo_Evento_Grupal/td_Prueba' is clicked on

2022-02-23 11:41:15 - [TEST_STEP][PASSED] - click(findTestObject("Modulo Pruebas Capacitación/Crear_un_Grupo-Curso_Tipo_Evento_Grupal/div_Grupos")): Object: 'Object Repository/Modulo Pruebas Capacitación/Crear_un_Grupo-Curso_Tipo_Evento_Grupal/div_Grupos' is clicked on

2022-02-23 11:41:15 - [MESSAGE][PASSED] - Object: 'Object Repository/Modulo Pruebas Capacitación/Crear_un_Grupo-Curso_Tipo_Evento_Grupal/div_Grupos' is clicked on

2022-02-23 11:41:15 - [TEST_STEP][PASSED] - click(findTestObject("Modulo Pruebas Capacitación/Crear_un_Grupo-Curso_Tipo_Evento_Grupal/a_Registro")): Object: 'Object Repository/Modulo Pruebas Capacitación/Crear_un_Grupo-Curso_Tipo_Evento_Grupal/a_Registro' is clicked on

2022-02-23 11:41:16 - [MESSAGE][PASSED] - Object: 'Object Repository/Modulo Pruebas Capacitación/Crear_un_Grupo-Curso_Tipo_Evento_Grupal/a_Registro' is clicked on

2022-02-23 11:41:16 - [TEST_STEP][PASSED] - if (waitForElementVisible(findTestObject("Modulo Pruebas Capacitación/Crear_un_Grupo-Curso_Tipo_Evento_Grupal/td_Prueba1"), 1)): Object 'Object Repository/Modulo Pruebas Capacitación/Crear_un_Grupo-Curso_Tipo_Evento_Grupal/td_Prueba1' is not visible after 1 second(s)

2022-02-23 11:41:18 - [MESSAGE][WARNING] - Object 'Object Repository/Modulo Pruebas Capacitación/Crear_un_Grupo-Curso_Tipo_Evento_Grupal/td_Prueba1' is not visible after 1 second(s)

2022-02-23 11:41:18 - [TEST_STEP][PASSED] - click(findTestObject("Modulo Pruebas Capacitación/Crear_un_Grupo-Curso_Tipo_Evento_Grupal/a_Nuevo")): Object: 'Object Repository/Modulo Pruebas Capacitación/Crear_un_Grupo-Curso_Tipo_Evento_Grupal/a_Nuevo' is clicked on

2022-02-23 11:41:18 - [MESSAGE][PASSED] - Object: 'Object Repository/Modulo Pruebas Capacitación/Crear_un_Grupo-Curso_Tipo_Evento_Grupal/a_Nuevo' is clicked on

2022-02-23 11:41:18 - [TEST_STEP][PASSED] - setText(findTestObject("Modulo Pruebas Capacitación/Crear_un_Grupo-Curso_Tipo_Evento_Grupal/input_Cdigo_popupGruposEvento_formcodigo"), "5"): Text '5' is set on object 'Object Repository/Modulo Pruebas Capacitación/Crear_un_Grupo-Curso_Tipo_Evento_Grupal/input_Cdigo_popupGruposEvento_formcodigo'

2022-02-23 11:41:19 - [MESSAGE][PASSED] - Text '5' is set on object 'Object Repository/Modulo Pruebas Capacitación/Crear_un_Grupo-Curso_Tipo_Evento_Grupal/input_Cdigo_popupGruposEvento_formcodigo'

2022-02-23 11:41:19 - [TEST_STEP][PASSED] - setText(findTestObject("Modulo Pruebas Capacitación/Crear_un_Grupo-Curso_Tipo_Evento_Grupal/input_Descripcin_popupGruposEvento_formdescripcion"), "Pruebas k"): Text 'Pruebas k' is set on object 'Object Repository/Modulo Pruebas Capacitación/Crear_un_Grupo-Curso_Tipo_Evento_Grupal/input_Descripcin_popupGruposEvento_formdescripcion'

2022-02-23 11:41:20 - [MESSAGE][PASSED] - Text 'Pruebas k' is set on object 'Object Repository/Modulo Pruebas Capacitación/Crear_un_Grupo-Curso_Tipo_Evento_Grupal/input_Descripcin_popupGruposEvento_formdescripcion'

2022-02-23 11:41:20 - [TEST_STEP][PASSED] - setText(findTestObject("Modulo Pruebas Capacitación/Crear_un_Grupo-Curso_Tipo_Evento_Grupal/input_Horario_popupGruposEvento_formhorario"), "16:00"): Text '16:00' is set on object 'Object Repository/Modulo Pruebas Capacitación/Crear_un_Grupo-Curso_Tipo_Evento_Grupal/input_Horario_popupGruposEvento_formhorario'

2022-02-23 11:41:21 - [MESSAGE][PASSED] - Text '16:00' is set on object 'Object Repository/Modulo Pruebas Capacitación/Crear_un_Grupo-Curso_Tipo_Evento_Grupal/input_Horario_popupGruposEvento_formhorario'

2022-02-23 11:41:21 - [TEST_STEP][PASSED] - setText(findTestObject("Modulo Pruebas Capacitación/Crear_un_Grupo-Curso_Tipo_Evento_Grupal/input_Cupo_popupGruposEvento_formcupo"), "100"): Text '100' is set on object 'Object Repository/Modulo Pruebas Capacitación/Crear_un_Grupo-Curso_Tipo_Evento_Grupal/input_Cupo_popupGruposEvento_formcupo'

2022-02-23 11:41:22 - [MESSAGE][PASSED] - Text '100' is set on object 'Object Repository/Modulo Pruebas Capacitación/Crear_un_Grupo-Curso_Tipo_Evento_Grupal/input_Cupo_popupGruposEvento_formcupo'

2022-02-23 11:41:22 - [TEST_STEP][PASSED] - click(findTestObject("Modulo Pruebas Capacitación/Crear_un_Grupo-Curso_Tipo_Evento_Grupal/a_Guardar")): Object: 'Object Repository/Modulo Pruebas Capacitación/Crear_un_Grupo-Curso_Tipo_Evento_Grupal/a_Guardar' is clicked on

2022-02-23 11:41:22 - [MESSAGE][PASSED] - Object: 'Object Repository/Modulo Pruebas Capacitación/Crear_un_Grupo-Curso_Tipo_Evento_Grupal/a_Guardar' is clicked on

2022-02-23 11:41:22 - [TEST_STEP][PASSED] - closeBrowser(): Browser is closed

2022-02-23 11:41:23 - [MESSAGE][PASSED] - Browser is closed]]></system-out>
         <system-err><![CDATA[]]></system-err>
      </testcase>
      <testcase name="Test Cases/4.1-Pruebas_Capacitación/4.1.5-Insribir_un_asistente" time="25.501" classname="Test Cases/4.1-Pruebas_Capacitación/4.1.5-Insribir_un_asistente" status="PASSED">
         <system-out><![CDATA[2022-02-23 11:41:23 - [TEST_CASE][PASSED] - Test Cases/4.1-Pruebas_Capacitación/4.1.5-Insribir_un_asistente: Test Cases/4.1-Pruebas_Capacitación/4.1.5-Insribir_un_asistente

2022-02-23 11:41:23 - [TEST_STEP][PASSED] - callTestCase(findTestCase("Utilidades-(atajos_para _tareas)/Modulos/Modulo Control Evento Capacitacion"), [:], STOP_ON_FAILURE): Call Test Case 'Test Cases/Utilidades-(atajos_para _tareas)/Modulos/Modulo Control Evento Capacitacion' successfully

2022-02-23 11:41:23 - [TEST_CASE][PASSED] - Test Cases/Utilidades-(atajos_para _tareas)/Modulos/Modulo Control Evento Capacitacion: Test Cases/Utilidades-(atajos_para _tareas)/Modulos/Modulo Control Evento Capacitacion

2022-02-23 11:41:23 - [TEST_STEP][PASSED] - callTestCase(findTestCase("0.1-Login"), [:], STOP_ON_FAILURE): Call Test Case 'Test Cases/0.1-Login' successfully

2022-02-23 11:41:23 - [TEST_CASE][PASSED] - Test Cases/0.1-Login: Test Cases/0.1-Login

2022-02-23 11:41:23 - [TEST_STEP][PASSED] - openBrowser(""): Browser is opened with url: ''

2022-02-23 11:41:23 - [MESSAGE][INFO] - Starting 'Chrome' driver

2022-02-23 11:41:23 - [MESSAGE][INFO] - Action delay is set to 0 milliseconds

2022-02-23 11:41:24 - [MESSAGE][PASSED] - Browser is opened with url: ''

2022-02-23 11:41:24 - [TEST_STEP][PASSED] - maximizeWindow(): Current window maximized

2022-02-23 11:41:25 - [MESSAGE][PASSED] - Current window maximized

2022-02-23 11:41:25 - [TEST_STEP][PASSED] - i = G_Login: null

2022-02-23 11:41:25 - [TEST_STEP][PASSED] - url = new java.net.URL(i): null

2022-02-23 11:41:25 - [TEST_STEP][PASSED] - println("URL: " + url.toString()): null

2022-02-23 11:41:25 - [TEST_STEP][PASSED] - connection = url.openConnection(): null

2022-02-23 11:41:25 - [TEST_STEP][PASSED] - connection.setRequestMethod("GET"): null

2022-02-23 11:41:25 - [TEST_STEP][PASSED] - connection.setReadTimeout(2 * 1000): null

2022-02-23 11:41:25 - [TEST_STEP][PASSED] - try: null

2022-02-23 11:41:25 - [TEST_STEP][PASSED] - connection.connect(): null

2022-02-23 11:41:25 - [TEST_STEP][PASSED] - flag = connected: null

2022-02-23 11:41:25 - [TEST_STEP][PASSED] - println("Valor_ori: " + flag): null

2022-02-23 11:41:25 - [TEST_STEP][PASSED] - if (flag): null

2022-02-23 11:41:25 - [TEST_STEP][PASSED] - navigateToUrl(i): Navigate to 'http://192.168.2.80:8380/saraweb' successfully

2022-02-23 11:41:25 - [MESSAGE][PASSED] - Navigate to 'http://192.168.2.80:8380/saraweb' successfully

2022-02-23 11:41:25 - [TEST_STEP][PASSED] - a(): null

2022-02-23 11:41:25 - [TEST_STEP][PASSED] - setText(findTestObject("Login/input_USUARIO_loginusuario"), G_Usuario): Text 'saraadmin' is set on object 'Object Repository/Login/input_USUARIO_loginusuario'

2022-02-23 11:41:26 - [MESSAGE][PASSED] - Text 'saraadmin' is set on object 'Object Repository/Login/input_USUARIO_loginusuario'

2022-02-23 11:41:26 - [TEST_STEP][PASSED] - setEncryptedText(findTestObject("Login/input_CLAVE_loginpassword"), "MkG4/TYiCFC3cb2driP7+Q=="): Text ****** has been set on object 'Object Repository/Login/input_CLAVE_loginpassword'

2022-02-23 11:41:26 - [MESSAGE][PASSED] - Text ****** has been set on object 'Object Repository/Login/input_CLAVE_loginpassword'

2022-02-23 11:41:26 - [TEST_STEP][PASSED] - waitForElementClickable(findTestObject("Login/a_Ingresar"), G_TimeOut): Object 'Object Repository/Login/a_Ingresar' is clickable

2022-02-23 11:41:27 - [MESSAGE][PASSED] - Object 'Object Repository/Login/a_Ingresar' is clickable

2022-02-23 11:41:27 - [TEST_STEP][PASSED] - click(findTestObject("Login/a_Ingresar")): Object: 'Object Repository/Login/a_Ingresar' is clicked on

2022-02-23 11:41:29 - [MESSAGE][PASSED] - Object: 'Object Repository/Login/a_Ingresar' is clicked on

2022-02-23 11:41:29 - [TEST_STEP][PASSED] - element = findWebElement(findTestObject("Login/a_Ir"), 30): null

2022-02-23 11:41:29 - [TEST_STEP][PASSED] - executeJavaScript("arguments[0].click()", Arrays.asList(element)): Execute JavaScript 'arguments[0].click()' successfully

2022-02-23 11:41:29 - [MESSAGE][PASSED] - Execute JavaScript 'arguments[0].click()' successfully

2022-02-23 11:41:29 - [MESSAGE][PASSED] - Call Test Case 'Test Cases/0.1-Login' successfully

2022-02-23 11:41:29 - [TEST_STEP][PASSED] - setText(findTestObject("Modulo Control Evento Capacitacion/input_ADMINISTRADOR DEL SISTEMA - SARA_form_templatej_idt24_input"), "Control Evento"): Text 'Control Evento' is set on object 'Object Repository/Modulo Control Evento Capacitacion/input_ADMINISTRADOR DEL SISTEMA - SARA_form_templatej_idt24_input'

2022-02-23 11:41:30 - [MESSAGE][PASSED] - Text 'Control Evento' is set on object 'Object Repository/Modulo Control Evento Capacitacion/input_ADMINISTRADOR DEL SISTEMA - SARA_form_templatej_idt24_input'

2022-02-23 11:41:30 - [TEST_STEP][PASSED] - click(findTestObject("Modulo Control Evento Capacitacion/li_Control Evento Capacitacion (cap)")): Object: 'Object Repository/Modulo Control Evento Capacitacion/li_Control Evento Capacitacion (cap)' is clicked on

2022-02-23 11:41:32 - [MESSAGE][PASSED] - Object: 'Object Repository/Modulo Control Evento Capacitacion/li_Control Evento Capacitacion (cap)' is clicked on

2022-02-23 11:41:32 - [MESSAGE][PASSED] - Call Test Case 'Test Cases/Utilidades-(atajos_para _tareas)/Modulos/Modulo Control Evento Capacitacion' successfully

2022-02-23 11:41:32 - [TEST_STEP][PASSED] - click(findTestObject("Modulo Pruebas Capacitación/Inscribir_un_asistente/td_Prueba")): Object: 'Object Repository/Modulo Pruebas Capacitación/Inscribir_un_asistente/td_Prueba' is clicked on

2022-02-23 11:41:34 - [MESSAGE][PASSED] - Object: 'Object Repository/Modulo Pruebas Capacitación/Inscribir_un_asistente/td_Prueba' is clicked on

2022-02-23 11:41:34 - [TEST_STEP][PASSED] - click(findTestObject("Modulo Pruebas Capacitación/Inscribir_un_asistente/div_Asistentes")): Object: 'Object Repository/Modulo Pruebas Capacitación/Inscribir_un_asistente/div_Asistentes' is clicked on

2022-02-23 11:41:35 - [MESSAGE][PASSED] - Object: 'Object Repository/Modulo Pruebas Capacitación/Inscribir_un_asistente/div_Asistentes' is clicked on

2022-02-23 11:41:35 - [TEST_STEP][PASSED] - click(findTestObject("Modulo Pruebas Capacitación/Inscribir_un_asistente/a_Registro")): Object: 'Object Repository/Modulo Pruebas Capacitación/Inscribir_un_asistente/a_Registro' is clicked on

2022-02-23 11:41:35 - [MESSAGE][PASSED] - Object: 'Object Repository/Modulo Pruebas Capacitación/Inscribir_un_asistente/a_Registro' is clicked on

2022-02-23 11:41:35 - [TEST_STEP][PASSED] - if (waitForElementPresent(findTestObject("Modulo Pruebas Capacitación/Inscribir_un_asistente/td_prueba ka Pruebas"), 1)): Object 'Object Repository/Modulo Pruebas Capacitación/Inscribir_un_asistente/td_prueba ka Pruebas' is not present after 1 second(s)

2022-02-23 11:41:37 - [MESSAGE][INFO] - Unable to find the element located by 'By.xpath: //*/text()[normalize-space(.)='prueba ka Pruebas']/parent::*'. Please recheck the objects properties to make sure the desired element is located. 

2022-02-23 11:41:37 - [MESSAGE][WARNING] - Object 'Object Repository/Modulo Pruebas Capacitación/Inscribir_un_asistente/td_prueba ka Pruebas' is not present after 1 second(s)

2022-02-23 11:41:37 - [TEST_STEP][PASSED] - click(findTestObject("Modulo Pruebas Capacitación/Inscribir_un_asistente/a_Nuevo")): Object: 'Object Repository/Modulo Pruebas Capacitación/Inscribir_un_asistente/a_Nuevo' is clicked on

2022-02-23 11:41:38 - [MESSAGE][PASSED] - Object: 'Object Repository/Modulo Pruebas Capacitación/Inscribir_un_asistente/a_Nuevo' is clicked on

2022-02-23 11:41:38 - [TEST_STEP][PASSED] - selectOptionByIndex(findTestObject("Modulo Pruebas Capacitación/Inscribir_un_asistente/select_SeleccioneExternoInterno"), 1): All options with index in [1] are selected on object 'Object Repository/Modulo Pruebas Capacitación/Inscribir_un_asistente/select_SeleccioneExternoInterno'

2022-02-23 11:41:39 - [MESSAGE][PASSED] - All options with index in [1] are selected on object 'Object Repository/Modulo Pruebas Capacitación/Inscribir_un_asistente/select_SeleccioneExternoInterno'

2022-02-23 11:41:39 - [TEST_STEP][PASSED] - setText(findTestObject("Modulo Pruebas Capacitación/Inscribir_un_asistente/input_Documento_formAsistenteEventopanelTabAsistenteEvendocumentoAsistenteAlfaNumerico"), "123456789"): Text '123456789' is set on object 'Object Repository/Modulo Pruebas Capacitación/Inscribir_un_asistente/input_Documento_formAsistenteEventopanelTabAsistenteEvendocumentoAsistenteAlfaNumerico'

2022-02-23 11:41:40 - [MESSAGE][PASSED] - Text '123456789' is set on object 'Object Repository/Modulo Pruebas Capacitación/Inscribir_un_asistente/input_Documento_formAsistenteEventopanelTabAsistenteEvendocumentoAsistenteAlfaNumerico'

2022-02-23 11:41:40 - [TEST_STEP][PASSED] - setText(findTestObject("Modulo Pruebas Capacitación/Inscribir_un_asistente/input_Nombres_formAsistenteEventopanelTabAsistenteEvennombresAsistente"), "Pruebas"): Text 'Pruebas' is set on object 'Object Repository/Modulo Pruebas Capacitación/Inscribir_un_asistente/input_Nombres_formAsistenteEventopanelTabAsistenteEvennombresAsistente'

2022-02-23 11:41:41 - [MESSAGE][PASSED] - Text 'Pruebas' is set on object 'Object Repository/Modulo Pruebas Capacitación/Inscribir_un_asistente/input_Nombres_formAsistenteEventopanelTabAsistenteEvennombresAsistente'

2022-02-23 11:41:41 - [TEST_STEP][PASSED] - setText(findTestObject("Modulo Pruebas Capacitación/Inscribir_un_asistente/input_Primer Apellido_formAsistenteEventopanelTabAsistenteEvenprimerApellidoAsistente"), "prueba"): Text 'prueba' is set on object 'Object Repository/Modulo Pruebas Capacitación/Inscribir_un_asistente/input_Primer Apellido_formAsistenteEventopanelTabAsistenteEvenprimerApellidoAsistente'

2022-02-23 11:41:42 - [MESSAGE][PASSED] - Text 'prueba' is set on object 'Object Repository/Modulo Pruebas Capacitación/Inscribir_un_asistente/input_Primer Apellido_formAsistenteEventopanelTabAsistenteEvenprimerApellidoAsistente'

2022-02-23 11:41:42 - [TEST_STEP][PASSED] - setText(findTestObject("Modulo Pruebas Capacitación/Inscribir_un_asistente/input_Segundo Apellido_formAsistenteEventopanelTabAsistenteEvensegundoApellidoAsistente"), "ka"): Text 'ka' is set on object 'Object Repository/Modulo Pruebas Capacitación/Inscribir_un_asistente/input_Segundo Apellido_formAsistenteEventopanelTabAsistenteEvensegundoApellidoAsistente'

2022-02-23 11:41:42 - [MESSAGE][PASSED] - Text 'ka' is set on object 'Object Repository/Modulo Pruebas Capacitación/Inscribir_un_asistente/input_Segundo Apellido_formAsistenteEventopanelTabAsistenteEvensegundoApellidoAsistente'

2022-02-23 11:41:42 - [TEST_STEP][PASSED] - setText(findTestObject("Modulo Pruebas Capacitación/Inscribir_un_asistente/input_Email_formAsistenteEventopanelTabAsistenteEvenemail"), "autotestus1994@gmail.com"): Text 'autotestus1994@gmail.com' is set on object 'Object Repository/Modulo Pruebas Capacitación/Inscribir_un_asistente/input_Email_formAsistenteEventopanelTabAsistenteEvenemail'

2022-02-23 11:41:43 - [MESSAGE][PASSED] - Text 'autotestus1994@gmail.com' is set on object 'Object Repository/Modulo Pruebas Capacitación/Inscribir_un_asistente/input_Email_formAsistenteEventopanelTabAsistenteEvenemail'

2022-02-23 11:41:43 - [TEST_STEP][PASSED] - setText(findTestObject("Modulo Pruebas Capacitación/Inscribir_un_asistente/input_Tipo de Vinculacin_formAsistenteEventopanelTabAsistenteEventipovinculacion"), "null"): Text 'null' is set on object 'Object Repository/Modulo Pruebas Capacitación/Inscribir_un_asistente/input_Tipo de Vinculacin_formAsistenteEventopanelTabAsistenteEventipovinculacion'

2022-02-23 11:41:44 - [MESSAGE][PASSED] - Text 'null' is set on object 'Object Repository/Modulo Pruebas Capacitación/Inscribir_un_asistente/input_Tipo de Vinculacin_formAsistenteEventopanelTabAsistenteEventipovinculacion'

2022-02-23 11:41:44 - [TEST_STEP][PASSED] - selectOptionByIndex(findTestObject("Modulo Pruebas Capacitación/Inscribir_un_asistente/select_SeleccioneACEPTADOFINALIZADOINSCRITONO ACEPTADONO APROBADONO ASISTIO"), "3"): All options with index in [3] are selected on object 'Object Repository/Modulo Pruebas Capacitación/Inscribir_un_asistente/select_SeleccioneACEPTADOFINALIZADOINSCRITONO ACEPTADONO APROBADONO ASISTIO'

2022-02-23 11:41:45 - [MESSAGE][PASSED] - All options with index in [3] are selected on object 'Object Repository/Modulo Pruebas Capacitación/Inscribir_un_asistente/select_SeleccioneACEPTADOFINALIZADOINSCRITONO ACEPTADONO APROBADONO ASISTIO'

2022-02-23 11:41:45 - [TEST_STEP][PASSED] - selectOptionByIndex(findTestObject("Modulo Pruebas Capacitación/Inscribir_un_asistente/select_SeleccionePrueba"), "1"): All options with index in [1] are selected on object 'Object Repository/Modulo Pruebas Capacitación/Inscribir_un_asistente/select_SeleccionePrueba'

2022-02-23 11:41:46 - [MESSAGE][PASSED] - All options with index in [1] are selected on object 'Object Repository/Modulo Pruebas Capacitación/Inscribir_un_asistente/select_SeleccionePrueba'

2022-02-23 11:41:46 - [TEST_STEP][PASSED] - selectOptionByIndex(findTestObject("Modulo Pruebas Capacitación/Inscribir_un_asistente/select_SeleccionePrueba1pruebaPRUEBA PLAN CAPACITACIONPRUEBA SILVIA"), "1"): All options with index in [1] are selected on object 'Object Repository/Modulo Pruebas Capacitación/Inscribir_un_asistente/select_SeleccionePrueba1pruebaPRUEBA PLAN CAPACITACIONPRUEBA SILVIA'

2022-02-23 11:41:47 - [MESSAGE][PASSED] - All options with index in [1] are selected on object 'Object Repository/Modulo Pruebas Capacitación/Inscribir_un_asistente/select_SeleccionePrueba1pruebaPRUEBA PLAN CAPACITACIONPRUEBA SILVIA'

2022-02-23 11:41:47 - [TEST_STEP][PASSED] - setText(findTestObject("Modulo Pruebas Capacitación/Inscribir_un_asistente/textarea_Observacin_formAsistenteEventopanelTabAsistenteEvenobservacion"), "Pruebas"): Text 'Pruebas' is set on object 'Object Repository/Modulo Pruebas Capacitación/Inscribir_un_asistente/textarea_Observacin_formAsistenteEventopanelTabAsistenteEvenobservacion'

2022-02-23 11:41:48 - [MESSAGE][PASSED] - Text 'Pruebas' is set on object 'Object Repository/Modulo Pruebas Capacitación/Inscribir_un_asistente/textarea_Observacin_formAsistenteEventopanelTabAsistenteEvenobservacion'

2022-02-23 11:41:48 - [TEST_STEP][PASSED] - click(findTestObject("Modulo Pruebas Capacitación/Inscribir_un_asistente/a_Guardar")): Object: 'Object Repository/Modulo Pruebas Capacitación/Inscribir_un_asistente/a_Guardar' is clicked on

2022-02-23 11:41:48 - [MESSAGE][PASSED] - Object: 'Object Repository/Modulo Pruebas Capacitación/Inscribir_un_asistente/a_Guardar' is clicked on]]></system-out>
         <system-err><![CDATA[]]></system-err>
      </testcase>
      <testcase name="Test Cases/4.1-Pruebas_Capacitación/4.1.6-Enviar_una_invitación" time="31.229" classname="Test Cases/4.1-Pruebas_Capacitación/4.1.6-Enviar_una_invitación" status="PASSED">
         <system-out><![CDATA[2022-02-23 11:41:48 - [TEST_CASE][PASSED] - Test Cases/4.1-Pruebas_Capacitación/4.1.6-Enviar_una_invitación: Test Cases/4.1-Pruebas_Capacitación/4.1.6-Enviar_una_invitación

2022-02-23 11:41:49 - [TEST_STEP][PASSED] - callTestCase(findTestCase("Utilidades-(atajos_para _tareas)/Modulos/Modulo Control Evento Capacitacion"), [:], STOP_ON_FAILURE): Call Test Case 'Test Cases/Utilidades-(atajos_para _tareas)/Modulos/Modulo Control Evento Capacitacion' successfully

2022-02-23 11:41:49 - [TEST_CASE][PASSED] - Test Cases/Utilidades-(atajos_para _tareas)/Modulos/Modulo Control Evento Capacitacion: Test Cases/Utilidades-(atajos_para _tareas)/Modulos/Modulo Control Evento Capacitacion

2022-02-23 11:41:49 - [TEST_STEP][PASSED] - callTestCase(findTestCase("0.1-Login"), [:], STOP_ON_FAILURE): Call Test Case 'Test Cases/0.1-Login' successfully

2022-02-23 11:41:49 - [TEST_CASE][PASSED] - Test Cases/0.1-Login: Test Cases/0.1-Login

2022-02-23 11:41:49 - [TEST_STEP][PASSED] - openBrowser(""): Browser is opened with url: ''

2022-02-23 11:41:49 - [MESSAGE][WARNING] - A browser is already opened. Closing browser and opening a new one

2022-02-23 11:41:49 - [MESSAGE][INFO] - Starting 'Chrome' driver

2022-02-23 11:41:49 - [MESSAGE][INFO] - Action delay is set to 0 milliseconds

2022-02-23 11:41:51 - [MESSAGE][PASSED] - Browser is opened with url: ''

2022-02-23 11:41:51 - [TEST_STEP][PASSED] - maximizeWindow(): Current window maximized

2022-02-23 11:41:51 - [MESSAGE][PASSED] - Current window maximized

2022-02-23 11:41:51 - [TEST_STEP][PASSED] - i = G_Login: null

2022-02-23 11:41:51 - [TEST_STEP][PASSED] - url = new java.net.URL(i): null

2022-02-23 11:41:51 - [TEST_STEP][PASSED] - println("URL: " + url.toString()): null

2022-02-23 11:41:51 - [TEST_STEP][PASSED] - connection = url.openConnection(): null

2022-02-23 11:41:51 - [TEST_STEP][PASSED] - connection.setRequestMethod("GET"): null

2022-02-23 11:41:51 - [TEST_STEP][PASSED] - connection.setReadTimeout(2 * 1000): null

2022-02-23 11:41:51 - [TEST_STEP][PASSED] - try: null

2022-02-23 11:41:51 - [TEST_STEP][PASSED] - connection.connect(): null

2022-02-23 11:41:51 - [TEST_STEP][PASSED] - flag = connected: null

2022-02-23 11:41:51 - [TEST_STEP][PASSED] - println("Valor_ori: " + flag): null

2022-02-23 11:41:51 - [TEST_STEP][PASSED] - if (flag): null

2022-02-23 11:41:51 - [TEST_STEP][PASSED] - navigateToUrl(i): Navigate to 'http://192.168.2.80:8380/saraweb' successfully

2022-02-23 11:41:51 - [MESSAGE][PASSED] - Navigate to 'http://192.168.2.80:8380/saraweb' successfully

2022-02-23 11:41:51 - [TEST_STEP][PASSED] - a(): null

2022-02-23 11:41:51 - [TEST_STEP][PASSED] - setText(findTestObject("Login/input_USUARIO_loginusuario"), G_Usuario): Text 'saraadmin' is set on object 'Object Repository/Login/input_USUARIO_loginusuario'

2022-02-23 11:41:52 - [MESSAGE][PASSED] - Text 'saraadmin' is set on object 'Object Repository/Login/input_USUARIO_loginusuario'

2022-02-23 11:41:52 - [TEST_STEP][PASSED] - setEncryptedText(findTestObject("Login/input_CLAVE_loginpassword"), "MkG4/TYiCFC3cb2driP7+Q=="): Text ****** has been set on object 'Object Repository/Login/input_CLAVE_loginpassword'

2022-02-23 11:41:52 - [MESSAGE][PASSED] - Text ****** has been set on object 'Object Repository/Login/input_CLAVE_loginpassword'

2022-02-23 11:41:52 - [TEST_STEP][PASSED] - waitForElementClickable(findTestObject("Login/a_Ingresar"), G_TimeOut): Object 'Object Repository/Login/a_Ingresar' is clickable

2022-02-23 11:41:53 - [MESSAGE][PASSED] - Object 'Object Repository/Login/a_Ingresar' is clickable

2022-02-23 11:41:53 - [TEST_STEP][PASSED] - click(findTestObject("Login/a_Ingresar")): Object: 'Object Repository/Login/a_Ingresar' is clicked on

2022-02-23 11:41:55 - [MESSAGE][PASSED] - Object: 'Object Repository/Login/a_Ingresar' is clicked on

2022-02-23 11:41:55 - [TEST_STEP][PASSED] - element = findWebElement(findTestObject("Login/a_Ir"), 30): null

2022-02-23 11:41:55 - [TEST_STEP][PASSED] - executeJavaScript("arguments[0].click()", Arrays.asList(element)): Execute JavaScript 'arguments[0].click()' successfully

2022-02-23 11:41:55 - [MESSAGE][PASSED] - Execute JavaScript 'arguments[0].click()' successfully

2022-02-23 11:41:55 - [MESSAGE][PASSED] - Call Test Case 'Test Cases/0.1-Login' successfully

2022-02-23 11:41:55 - [TEST_STEP][PASSED] - setText(findTestObject("Modulo Control Evento Capacitacion/input_ADMINISTRADOR DEL SISTEMA - SARA_form_templatej_idt24_input"), "Control Evento"): Text 'Control Evento' is set on object 'Object Repository/Modulo Control Evento Capacitacion/input_ADMINISTRADOR DEL SISTEMA - SARA_form_templatej_idt24_input'

2022-02-23 11:41:57 - [MESSAGE][PASSED] - Text 'Control Evento' is set on object 'Object Repository/Modulo Control Evento Capacitacion/input_ADMINISTRADOR DEL SISTEMA - SARA_form_templatej_idt24_input'

2022-02-23 11:41:57 - [TEST_STEP][PASSED] - click(findTestObject("Modulo Control Evento Capacitacion/li_Control Evento Capacitacion (cap)")): Object: 'Object Repository/Modulo Control Evento Capacitacion/li_Control Evento Capacitacion (cap)' is clicked on

2022-02-23 11:41:58 - [MESSAGE][PASSED] - Object: 'Object Repository/Modulo Control Evento Capacitacion/li_Control Evento Capacitacion (cap)' is clicked on

2022-02-23 11:41:58 - [MESSAGE][PASSED] - Call Test Case 'Test Cases/Utilidades-(atajos_para _tareas)/Modulos/Modulo Control Evento Capacitacion' successfully

2022-02-23 11:41:58 - [TEST_STEP][PASSED] - click(findTestObject("Modulo Pruebas Capacitación/Enviar_una_invitación/td_Prueba")): Object: 'Object Repository/Modulo Pruebas Capacitación/Enviar_una_invitación/td_Prueba' is clicked on

2022-02-23 11:42:00 - [MESSAGE][PASSED] - Object: 'Object Repository/Modulo Pruebas Capacitación/Enviar_una_invitación/td_Prueba' is clicked on

2022-02-23 11:42:00 - [TEST_STEP][PASSED] - click(findTestObject("Modulo Pruebas Capacitación/Enviar_una_invitación/div_Asistentes")): Object: 'Object Repository/Modulo Pruebas Capacitación/Enviar_una_invitación/div_Asistentes' is clicked on

2022-02-23 11:42:03 - [MESSAGE][PASSED] - Object: 'Object Repository/Modulo Pruebas Capacitación/Enviar_una_invitación/div_Asistentes' is clicked on

2022-02-23 11:42:03 - [TEST_STEP][PASSED] - click(findTestObject("Modulo Pruebas Capacitación/Enviar_una_invitación/a_Invitacin")): Object: 'Object Repository/Modulo Pruebas Capacitación/Enviar_una_invitación/a_Invitacin' is clicked on

2022-02-23 11:42:04 - [MESSAGE][PASSED] - Object: 'Object Repository/Modulo Pruebas Capacitación/Enviar_una_invitación/a_Invitacin' is clicked on

2022-02-23 11:42:04 - [TEST_STEP][PASSED] - click(findTestObject("Modulo Pruebas Capacitación/Enviar_una_invitación/span_PLANTA")): Object: 'Object Repository/Modulo Pruebas Capacitación/Enviar_una_invitación/span_PLANTA' is clicked on

2022-02-23 11:42:04 - [MESSAGE][PASSED] - Object: 'Object Repository/Modulo Pruebas Capacitación/Enviar_una_invitación/span_PLANTA' is clicked on

2022-02-23 11:42:04 - [TEST_STEP][PASSED] - selectOptionByIndex(findTestObject("Modulo Pruebas Capacitación/Enviar_una_invitación/select_SeleccioneCALIDADMENSUAL ABCMODELO EMPRESA QUINCENALPANSIONADOSPENSIONADOS BASEPRUEBAS"), 1): All options with index in [1] are selected on object 'Object Repository/Modulo Pruebas Capacitación/Enviar_una_invitación/select_SeleccioneCALIDADMENSUAL ABCMODELO EMPRESA QUINCENALPANSIONADOSPENSIONADOS BASEPRUEBAS'

2022-02-23 11:42:06 - [MESSAGE][PASSED] - All options with index in [1] are selected on object 'Object Repository/Modulo Pruebas Capacitación/Enviar_una_invitación/select_SeleccioneCALIDADMENSUAL ABCMODELO EMPRESA QUINCENALPANSIONADOSPENSIONADOS BASEPRUEBAS'

2022-02-23 11:42:06 - [TEST_STEP][PASSED] - click(findTestObject("Modulo Pruebas Capacitación/Enviar_una_invitación/a_Unidad_invitacioneventoPopup_formlinkPopupUnidad")): Object: 'Object Repository/Modulo Pruebas Capacitación/Enviar_una_invitación/a_Unidad_invitacioneventoPopup_formlinkPopupUnidad' is clicked on

2022-02-23 11:42:07 - [MESSAGE][PASSED] - Object: 'Object Repository/Modulo Pruebas Capacitación/Enviar_una_invitación/a_Unidad_invitacioneventoPopup_formlinkPopupUnidad' is clicked on

2022-02-23 11:42:07 - [TEST_STEP][PASSED] - setText(findTestObject("Modulo Pruebas Capacitación/Enviar_una_invitación/input_Unidad Organizacional_invitacioneventoPopup_formdescripciones"), "a"): Text 'a' is set on object 'Object Repository/Modulo Pruebas Capacitación/Enviar_una_invitación/input_Unidad Organizacional_invitacioneventoPopup_formdescripciones'

2022-02-23 11:42:09 - [MESSAGE][PASSED] - Text 'a' is set on object 'Object Repository/Modulo Pruebas Capacitación/Enviar_una_invitación/input_Unidad Organizacional_invitacioneventoPopup_formdescripciones'

2022-02-23 11:42:09 - [TEST_STEP][PASSED] - sendKeys(findTestObject("Modulo Pruebas Capacitación/Enviar_una_invitación/input_Unidad Organizacional_invitacioneventoPopup_formdescripciones"), Keys.chord(ENTER)): Keys 'ENTER + ' sent to object: 'Object Repository/Modulo Pruebas Capacitación/Enviar_una_invitación/input_Unidad Organizacional_invitacioneventoPopup_formdescripciones'

2022-02-23 11:42:09 - [MESSAGE][PASSED] - Keys 'ENTER + ' sent to object: 'Object Repository/Modulo Pruebas Capacitación/Enviar_una_invitación/input_Unidad Organizacional_invitacioneventoPopup_formdescripciones'

2022-02-23 11:42:09 - [TEST_STEP][PASSED] - click(findTestObject("Modulo Pruebas Capacitación/Enviar_una_invitación/span_A1")): Object: 'Object Repository/Modulo Pruebas Capacitación/Enviar_una_invitación/span_A1' is clicked on

2022-02-23 11:42:11 - [MESSAGE][PASSED] - Object: 'Object Repository/Modulo Pruebas Capacitación/Enviar_una_invitación/span_A1' is clicked on

2022-02-23 11:42:11 - [TEST_STEP][PASSED] - click(findTestObject("Modulo Pruebas Capacitación/Enviar_una_invitación/a_Cargo_invitacioneventoPopup_formfiltroPopupCargo")): Object: 'Object Repository/Modulo Pruebas Capacitación/Enviar_una_invitación/a_Cargo_invitacioneventoPopup_formfiltroPopupCargo' is clicked on

2022-02-23 11:42:12 - [MESSAGE][PASSED] - Object: 'Object Repository/Modulo Pruebas Capacitación/Enviar_una_invitación/a_Cargo_invitacioneventoPopup_formfiltroPopupCargo' is clicked on

2022-02-23 11:42:12 - [TEST_STEP][PASSED] - click(findTestObject("Modulo Pruebas Capacitación/Enviar_una_invitación/span_ANALISTA DE SISTEMAS")): Object: 'Object Repository/Modulo Pruebas Capacitación/Enviar_una_invitación/span_ANALISTA DE SISTEMAS' is clicked on

2022-02-23 11:42:13 - [MESSAGE][PASSED] - Object: 'Object Repository/Modulo Pruebas Capacitación/Enviar_una_invitación/span_ANALISTA DE SISTEMAS' is clicked on

2022-02-23 11:42:13 - [TEST_STEP][PASSED] - click(findTestObject("Modulo Pruebas Capacitación/Enviar_una_invitación/a_Empleado_invitacioneventoPopup_formlinkPopupCoordinador")): Object: 'Object Repository/Modulo Pruebas Capacitación/Enviar_una_invitación/a_Empleado_invitacioneventoPopup_formlinkPopupCoordinador' is clicked on

2022-02-23 11:42:13 - [MESSAGE][PASSED] - Object: 'Object Repository/Modulo Pruebas Capacitación/Enviar_una_invitación/a_Empleado_invitacioneventoPopup_formlinkPopupCoordinador' is clicked on

2022-02-23 11:42:13 - [TEST_STEP][PASSED] - setText(findTestObject("Modulo Pruebas Capacitación/Enviar_una_invitación/input_Filtro Hoja de Vida_formPopupHojaVidaj_idt1714"), "a"): Text 'a' is set on object 'Object Repository/Modulo Pruebas Capacitación/Enviar_una_invitación/input_Filtro Hoja de Vida_formPopupHojaVidaj_idt1714'

2022-02-23 11:42:15 - [MESSAGE][PASSED] - Text 'a' is set on object 'Object Repository/Modulo Pruebas Capacitación/Enviar_una_invitación/input_Filtro Hoja de Vida_formPopupHojaVidaj_idt1714'

2022-02-23 11:42:15 - [TEST_STEP][PASSED] - sendKeys(findTestObject("Modulo Pruebas Capacitación/Enviar_una_invitación/input_Filtro Hoja de Vida_formPopupHojaVidaj_idt1714"), Keys.chord(ENTER)): Keys 'ENTER + ' sent to object: 'Object Repository/Modulo Pruebas Capacitación/Enviar_una_invitación/input_Filtro Hoja de Vida_formPopupHojaVidaj_idt1714'

2022-02-23 11:42:15 - [MESSAGE][PASSED] - Keys 'ENTER + ' sent to object: 'Object Repository/Modulo Pruebas Capacitación/Enviar_una_invitación/input_Filtro Hoja de Vida_formPopupHojaVidaj_idt1714'

2022-02-23 11:42:15 - [TEST_STEP][PASSED] - click(findTestObject("Modulo Pruebas Capacitación/Enviar_una_invitación/span_A A A")): Object: 'Object Repository/Modulo Pruebas Capacitación/Enviar_una_invitación/span_A A A' is clicked on

2022-02-23 11:42:16 - [MESSAGE][PASSED] - Object: 'Object Repository/Modulo Pruebas Capacitación/Enviar_una_invitación/span_A A A' is clicked on

2022-02-23 11:42:16 - [TEST_STEP][PASSED] - selectOptionByIndex(findTestObject("Modulo Pruebas Capacitación/Enviar_una_invitación/select_SeleccionePrueba"), 1): All options with index in [1] are selected on object 'Object Repository/Modulo Pruebas Capacitación/Enviar_una_invitación/select_SeleccionePrueba'

2022-02-23 11:42:17 - [MESSAGE][PASSED] - All options with index in [1] are selected on object 'Object Repository/Modulo Pruebas Capacitación/Enviar_una_invitación/select_SeleccionePrueba'

2022-02-23 11:42:17 - [TEST_STEP][PASSED] - setText(findTestObject("Modulo Pruebas Capacitación/Enviar_una_invitación/input_Asunto_invitacioneventoPopup_formasunto"), "null"): Text 'null' is set on object 'Object Repository/Modulo Pruebas Capacitación/Enviar_una_invitación/input_Asunto_invitacioneventoPopup_formasunto'

2022-02-23 11:42:18 - [MESSAGE][PASSED] - Text 'null' is set on object 'Object Repository/Modulo Pruebas Capacitación/Enviar_una_invitación/input_Asunto_invitacioneventoPopup_formasunto'

2022-02-23 11:42:18 - [TEST_STEP][PASSED] - click(findTestObject("Modulo Pruebas Capacitación/Enviar_una_invitación/a_Invitacin1")): Object: 'Object Repository/Modulo Pruebas Capacitación/Enviar_una_invitación/a_Invitacin1' is clicked on

2022-02-23 11:42:19 - [MESSAGE][PASSED] - Object: 'Object Repository/Modulo Pruebas Capacitación/Enviar_una_invitación/a_Invitacin1' is clicked on

2022-02-23 11:42:19 - [TEST_STEP][PASSED] - closeBrowser(): Browser is closed

2022-02-23 11:42:19 - [MESSAGE][PASSED] - Browser is closed]]></system-out>
         <system-err><![CDATA[]]></system-err>
      </testcase>
      <testcase name="Test Cases/4.1-Pruebas_Capacitación/4.1.7-Cambiar_estado_de_un_asistente" time="43.821" classname="Test Cases/4.1-Pruebas_Capacitación/4.1.7-Cambiar_estado_de_un_asistente" status="PASSED">
         <system-out><![CDATA[2022-02-23 11:42:19 - [TEST_CASE][PASSED] - Test Cases/4.1-Pruebas_Capacitación/4.1.7-Cambiar_estado_de_un_asistente: Test Cases/4.1-Pruebas_Capacitación/4.1.7-Cambiar_estado_de_un_asistente

2022-02-23 11:42:20 - [TEST_STEP][PASSED] - callTestCase(findTestCase("Utilidades-(atajos_para _tareas)/Modulos/Modulo Control Evento Capacitacion"), [:], STOP_ON_FAILURE): Call Test Case 'Test Cases/Utilidades-(atajos_para _tareas)/Modulos/Modulo Control Evento Capacitacion' successfully

2022-02-23 11:42:20 - [TEST_CASE][PASSED] - Test Cases/Utilidades-(atajos_para _tareas)/Modulos/Modulo Control Evento Capacitacion: Test Cases/Utilidades-(atajos_para _tareas)/Modulos/Modulo Control Evento Capacitacion

2022-02-23 11:42:20 - [TEST_STEP][PASSED] - callTestCase(findTestCase("0.1-Login"), [:], STOP_ON_FAILURE): Call Test Case 'Test Cases/0.1-Login' successfully

2022-02-23 11:42:20 - [TEST_CASE][PASSED] - Test Cases/0.1-Login: Test Cases/0.1-Login

2022-02-23 11:42:20 - [TEST_STEP][PASSED] - openBrowser(""): Browser is opened with url: ''

2022-02-23 11:42:20 - [MESSAGE][INFO] - Starting 'Chrome' driver

2022-02-23 11:42:20 - [MESSAGE][INFO] - Action delay is set to 0 milliseconds

2022-02-23 11:42:21 - [MESSAGE][PASSED] - Browser is opened with url: ''

2022-02-23 11:42:21 - [TEST_STEP][PASSED] - maximizeWindow(): Current window maximized

2022-02-23 11:42:21 - [MESSAGE][PASSED] - Current window maximized

2022-02-23 11:42:21 - [TEST_STEP][PASSED] - i = G_Login: null

2022-02-23 11:42:21 - [TEST_STEP][PASSED] - url = new java.net.URL(i): null

2022-02-23 11:42:21 - [TEST_STEP][PASSED] - println("URL: " + url.toString()): null

2022-02-23 11:42:21 - [TEST_STEP][PASSED] - connection = url.openConnection(): null

2022-02-23 11:42:21 - [TEST_STEP][PASSED] - connection.setRequestMethod("GET"): null

2022-02-23 11:42:21 - [TEST_STEP][PASSED] - connection.setReadTimeout(2 * 1000): null

2022-02-23 11:42:21 - [TEST_STEP][PASSED] - try: null

2022-02-23 11:42:21 - [TEST_STEP][PASSED] - connection.connect(): null

2022-02-23 11:42:21 - [TEST_STEP][PASSED] - flag = connected: null

2022-02-23 11:42:21 - [TEST_STEP][PASSED] - println("Valor_ori: " + flag): null

2022-02-23 11:42:21 - [TEST_STEP][PASSED] - if (flag): null

2022-02-23 11:42:21 - [TEST_STEP][PASSED] - navigateToUrl(i): Navigate to 'http://192.168.2.80:8380/saraweb' successfully

2022-02-23 11:42:22 - [MESSAGE][PASSED] - Navigate to 'http://192.168.2.80:8380/saraweb' successfully

2022-02-23 11:42:22 - [TEST_STEP][PASSED] - a(): null

2022-02-23 11:42:22 - [TEST_STEP][PASSED] - setText(findTestObject("Login/input_USUARIO_loginusuario"), G_Usuario): Text 'saraadmin' is set on object 'Object Repository/Login/input_USUARIO_loginusuario'

2022-02-23 11:42:23 - [MESSAGE][PASSED] - Text 'saraadmin' is set on object 'Object Repository/Login/input_USUARIO_loginusuario'

2022-02-23 11:42:23 - [TEST_STEP][PASSED] - setEncryptedText(findTestObject("Login/input_CLAVE_loginpassword"), "MkG4/TYiCFC3cb2driP7+Q=="): Text ****** has been set on object 'Object Repository/Login/input_CLAVE_loginpassword'

2022-02-23 11:42:24 - [MESSAGE][PASSED] - Text ****** has been set on object 'Object Repository/Login/input_CLAVE_loginpassword'

2022-02-23 11:42:24 - [TEST_STEP][PASSED] - waitForElementClickable(findTestObject("Login/a_Ingresar"), G_TimeOut): Object 'Object Repository/Login/a_Ingresar' is clickable

2022-02-23 11:42:24 - [MESSAGE][PASSED] - Object 'Object Repository/Login/a_Ingresar' is clickable

2022-02-23 11:42:24 - [TEST_STEP][PASSED] - click(findTestObject("Login/a_Ingresar")): Object: 'Object Repository/Login/a_Ingresar' is clicked on

2022-02-23 11:42:26 - [MESSAGE][PASSED] - Object: 'Object Repository/Login/a_Ingresar' is clicked on

2022-02-23 11:42:26 - [TEST_STEP][PASSED] - element = findWebElement(findTestObject("Login/a_Ir"), 30): null

2022-02-23 11:42:27 - [TEST_STEP][PASSED] - executeJavaScript("arguments[0].click()", Arrays.asList(element)): Execute JavaScript 'arguments[0].click()' successfully

2022-02-23 11:42:27 - [MESSAGE][PASSED] - Execute JavaScript 'arguments[0].click()' successfully

2022-02-23 11:42:27 - [MESSAGE][PASSED] - Call Test Case 'Test Cases/0.1-Login' successfully

2022-02-23 11:42:27 - [TEST_STEP][PASSED] - setText(findTestObject("Modulo Control Evento Capacitacion/input_ADMINISTRADOR DEL SISTEMA - SARA_form_templatej_idt24_input"), "Control Evento"): Text 'Control Evento' is set on object 'Object Repository/Modulo Control Evento Capacitacion/input_ADMINISTRADOR DEL SISTEMA - SARA_form_templatej_idt24_input'

2022-02-23 11:42:28 - [MESSAGE][PASSED] - Text 'Control Evento' is set on object 'Object Repository/Modulo Control Evento Capacitacion/input_ADMINISTRADOR DEL SISTEMA - SARA_form_templatej_idt24_input'

2022-02-23 11:42:28 - [TEST_STEP][PASSED] - click(findTestObject("Modulo Control Evento Capacitacion/li_Control Evento Capacitacion (cap)")): Object: 'Object Repository/Modulo Control Evento Capacitacion/li_Control Evento Capacitacion (cap)' is clicked on

2022-02-23 11:42:29 - [MESSAGE][PASSED] - Object: 'Object Repository/Modulo Control Evento Capacitacion/li_Control Evento Capacitacion (cap)' is clicked on

2022-02-23 11:42:29 - [MESSAGE][PASSED] - Call Test Case 'Test Cases/Utilidades-(atajos_para _tareas)/Modulos/Modulo Control Evento Capacitacion' successfully

2022-02-23 11:42:29 - [TEST_STEP][PASSED] - click(findTestObject("Modulo Pruebas Capacitación/Cambiar_estado_de_un_asistente/td_Prueba")): Object: 'Object Repository/Modulo Pruebas Capacitación/Cambiar_estado_de_un_asistente/td_Prueba' is clicked on

2022-02-23 11:42:31 - [MESSAGE][PASSED] - Object: 'Object Repository/Modulo Pruebas Capacitación/Cambiar_estado_de_un_asistente/td_Prueba' is clicked on

2022-02-23 11:42:31 - [TEST_STEP][PASSED] - click(findTestObject("Modulo Pruebas Capacitación/Cambiar_estado_de_un_asistente/div_Asistentes")): Object: 'Object Repository/Modulo Pruebas Capacitación/Cambiar_estado_de_un_asistente/div_Asistentes' is clicked on

2022-02-23 11:42:32 - [MESSAGE][PASSED] - Object: 'Object Repository/Modulo Pruebas Capacitación/Cambiar_estado_de_un_asistente/div_Asistentes' is clicked on

2022-02-23 11:42:32 - [TEST_STEP][PASSED] - click(findTestObject("Modulo Pruebas Capacitación/Cambiar_estado_de_un_asistente/a_Registro")): Object: 'Object Repository/Modulo Pruebas Capacitación/Cambiar_estado_de_un_asistente/a_Registro' is clicked on

2022-02-23 11:42:32 - [MESSAGE][PASSED] - Object: 'Object Repository/Modulo Pruebas Capacitación/Cambiar_estado_de_un_asistente/a_Registro' is clicked on

2022-02-23 11:42:32 - [TEST_STEP][PASSED] - if (waitForElementNotPresent(findTestObject("Modulo Pruebas Capacitación/Cambiar_estado_de_un_asistente/td_prueba ka Pruebas"), 1)): Web element with id: 'Object Repository/Modulo Pruebas Capacitación/Cambiar_estado_de_un_asistente/td_prueba ka Pruebas' located by 'By.xpath: //*/text()[normalize-space(.)='prueba ka Pruebas']/parent::*' is present after '1' second(s)

2022-02-23 11:42:34 - [MESSAGE][WARNING] - Web element with id: 'Object Repository/Modulo Pruebas Capacitación/Cambiar_estado_de_un_asistente/td_prueba ka Pruebas' located by 'By.xpath: //*/text()[normalize-space(.)='prueba ka Pruebas']/parent::*' is present after '1' second(s)

2022-02-23 11:42:34 - [TEST_STEP][PASSED] - else: Web element with id: 'Object Repository/Modulo Pruebas Capacitación/Cambiar_estado_de_un_asistente/td_prueba ka Pruebas' located by 'By.xpath: //*/text()[normalize-space(.)='prueba ka Pruebas']/parent::*' is present after '1' second(s)

2022-02-23 11:42:34 - [TEST_STEP][PASSED] - callTestCase(findTestCase("4.1-Pruebas_Capacitación/4.1.5-Insribir_un_asistente"), [:], STOP_ON_FAILURE): Call Test Case 'Test Cases/4.1-Pruebas_Capacitación/4.1.5-Insribir_un_asistente' successfully

2022-02-23 11:42:34 - [TEST_CASE][PASSED] - Test Cases/4.1-Pruebas_Capacitación/4.1.5-Insribir_un_asistente: Test Cases/4.1-Pruebas_Capacitación/4.1.5-Insribir_un_asistente

2022-02-23 11:42:34 - [TEST_STEP][PASSED] - callTestCase(findTestCase("Utilidades-(atajos_para _tareas)/Modulos/Modulo Control Evento Capacitacion"), [:], STOP_ON_FAILURE): Call Test Case 'Test Cases/Utilidades-(atajos_para _tareas)/Modulos/Modulo Control Evento Capacitacion' successfully

2022-02-23 11:42:34 - [TEST_CASE][PASSED] - Test Cases/Utilidades-(atajos_para _tareas)/Modulos/Modulo Control Evento Capacitacion: Test Cases/Utilidades-(atajos_para _tareas)/Modulos/Modulo Control Evento Capacitacion

2022-02-23 11:42:34 - [TEST_STEP][PASSED] - callTestCase(findTestCase("0.1-Login"), [:], STOP_ON_FAILURE): Call Test Case 'Test Cases/0.1-Login' successfully

2022-02-23 11:42:34 - [TEST_CASE][PASSED] - Test Cases/0.1-Login: Test Cases/0.1-Login

2022-02-23 11:42:34 - [TEST_STEP][PASSED] - openBrowser(""): Browser is opened with url: ''

2022-02-23 11:42:34 - [MESSAGE][WARNING] - A browser is already opened. Closing browser and opening a new one

2022-02-23 11:42:35 - [MESSAGE][INFO] - Starting 'Chrome' driver

2022-02-23 11:42:35 - [MESSAGE][INFO] - Action delay is set to 0 milliseconds

2022-02-23 11:42:36 - [MESSAGE][PASSED] - Browser is opened with url: ''

2022-02-23 11:42:36 - [TEST_STEP][PASSED] - maximizeWindow(): Current window maximized

2022-02-23 11:42:36 - [MESSAGE][PASSED] - Current window maximized

2022-02-23 11:42:36 - [TEST_STEP][PASSED] - i = G_Login: null

2022-02-23 11:42:36 - [TEST_STEP][PASSED] - url = new java.net.URL(i): null

2022-02-23 11:42:36 - [TEST_STEP][PASSED] - println("URL: " + url.toString()): null

2022-02-23 11:42:36 - [TEST_STEP][PASSED] - connection = url.openConnection(): null

2022-02-23 11:42:36 - [TEST_STEP][PASSED] - connection.setRequestMethod("GET"): null

2022-02-23 11:42:36 - [TEST_STEP][PASSED] - connection.setReadTimeout(2 * 1000): null

2022-02-23 11:42:36 - [TEST_STEP][PASSED] - try: null

2022-02-23 11:42:36 - [TEST_STEP][PASSED] - connection.connect(): null

2022-02-23 11:42:36 - [TEST_STEP][PASSED] - flag = connected: null

2022-02-23 11:42:36 - [TEST_STEP][PASSED] - println("Valor_ori: " + flag): null

2022-02-23 11:42:36 - [TEST_STEP][PASSED] - if (flag): null

2022-02-23 11:42:36 - [TEST_STEP][PASSED] - navigateToUrl(i): Navigate to 'http://192.168.2.80:8380/saraweb' successfully

2022-02-23 11:42:36 - [MESSAGE][PASSED] - Navigate to 'http://192.168.2.80:8380/saraweb' successfully

2022-02-23 11:42:36 - [TEST_STEP][PASSED] - a(): null

2022-02-23 11:42:36 - [TEST_STEP][PASSED] - setText(findTestObject("Login/input_USUARIO_loginusuario"), G_Usuario): Text 'saraadmin' is set on object 'Object Repository/Login/input_USUARIO_loginusuario'

2022-02-23 11:42:37 - [MESSAGE][PASSED] - Text 'saraadmin' is set on object 'Object Repository/Login/input_USUARIO_loginusuario'

2022-02-23 11:42:37 - [TEST_STEP][PASSED] - setEncryptedText(findTestObject("Login/input_CLAVE_loginpassword"), "MkG4/TYiCFC3cb2driP7+Q=="): Text ****** has been set on object 'Object Repository/Login/input_CLAVE_loginpassword'

2022-02-23 11:42:38 - [MESSAGE][PASSED] - Text ****** has been set on object 'Object Repository/Login/input_CLAVE_loginpassword'

2022-02-23 11:42:38 - [TEST_STEP][PASSED] - waitForElementClickable(findTestObject("Login/a_Ingresar"), G_TimeOut): Object 'Object Repository/Login/a_Ingresar' is clickable

2022-02-23 11:42:38 - [MESSAGE][PASSED] - Object 'Object Repository/Login/a_Ingresar' is clickable

2022-02-23 11:42:38 - [TEST_STEP][PASSED] - click(findTestObject("Login/a_Ingresar")): Object: 'Object Repository/Login/a_Ingresar' is clicked on

2022-02-23 11:42:39 - [MESSAGE][PASSED] - Object: 'Object Repository/Login/a_Ingresar' is clicked on

2022-02-23 11:42:39 - [TEST_STEP][PASSED] - element = findWebElement(findTestObject("Login/a_Ir"), 30): null

2022-02-23 11:42:39 - [TEST_STEP][PASSED] - executeJavaScript("arguments[0].click()", Arrays.asList(element)): Execute JavaScript 'arguments[0].click()' successfully

2022-02-23 11:42:39 - [MESSAGE][PASSED] - Execute JavaScript 'arguments[0].click()' successfully

2022-02-23 11:42:39 - [MESSAGE][PASSED] - Call Test Case 'Test Cases/0.1-Login' successfully

2022-02-23 11:42:39 - [TEST_STEP][PASSED] - setText(findTestObject("Modulo Control Evento Capacitacion/input_ADMINISTRADOR DEL SISTEMA - SARA_form_templatej_idt24_input"), "Control Evento"): Text 'Control Evento' is set on object 'Object Repository/Modulo Control Evento Capacitacion/input_ADMINISTRADOR DEL SISTEMA - SARA_form_templatej_idt24_input'

2022-02-23 11:42:41 - [MESSAGE][PASSED] - Text 'Control Evento' is set on object 'Object Repository/Modulo Control Evento Capacitacion/input_ADMINISTRADOR DEL SISTEMA - SARA_form_templatej_idt24_input'

2022-02-23 11:42:41 - [TEST_STEP][PASSED] - click(findTestObject("Modulo Control Evento Capacitacion/li_Control Evento Capacitacion (cap)")): Object: 'Object Repository/Modulo Control Evento Capacitacion/li_Control Evento Capacitacion (cap)' is clicked on

2022-02-23 11:42:42 - [MESSAGE][PASSED] - Object: 'Object Repository/Modulo Control Evento Capacitacion/li_Control Evento Capacitacion (cap)' is clicked on

2022-02-23 11:42:42 - [MESSAGE][PASSED] - Call Test Case 'Test Cases/Utilidades-(atajos_para _tareas)/Modulos/Modulo Control Evento Capacitacion' successfully

2022-02-23 11:42:42 - [TEST_STEP][PASSED] - click(findTestObject("Modulo Pruebas Capacitación/Inscribir_un_asistente/td_Prueba")): Object: 'Object Repository/Modulo Pruebas Capacitación/Inscribir_un_asistente/td_Prueba' is clicked on

2022-02-23 11:42:45 - [MESSAGE][PASSED] - Object: 'Object Repository/Modulo Pruebas Capacitación/Inscribir_un_asistente/td_Prueba' is clicked on

2022-02-23 11:42:45 - [TEST_STEP][PASSED] - click(findTestObject("Modulo Pruebas Capacitación/Inscribir_un_asistente/div_Asistentes")): Object: 'Object Repository/Modulo Pruebas Capacitación/Inscribir_un_asistente/div_Asistentes' is clicked on

2022-02-23 11:42:47 - [MESSAGE][PASSED] - Object: 'Object Repository/Modulo Pruebas Capacitación/Inscribir_un_asistente/div_Asistentes' is clicked on

2022-02-23 11:42:47 - [TEST_STEP][PASSED] - click(findTestObject("Modulo Pruebas Capacitación/Inscribir_un_asistente/a_Registro")): Object: 'Object Repository/Modulo Pruebas Capacitación/Inscribir_un_asistente/a_Registro' is clicked on

2022-02-23 11:42:47 - [MESSAGE][PASSED] - Object: 'Object Repository/Modulo Pruebas Capacitación/Inscribir_un_asistente/a_Registro' is clicked on

2022-02-23 11:42:47 - [TEST_STEP][PASSED] - if (waitForElementPresent(findTestObject("Modulo Pruebas Capacitación/Inscribir_un_asistente/td_prueba ka Pruebas"), 1)): null

2022-02-23 11:42:48 - [MESSAGE][PASSED] - Object 'Object Repository/Modulo Pruebas Capacitación/Inscribir_un_asistente/td_prueba ka Pruebas' is present

2022-02-23 11:42:48 - [TEST_STEP][PASSED] - click(findTestObject("Modulo Pruebas Capacitación/Inscribir_un_asistente/td_prueba ka Pruebas")): Object: 'Object Repository/Modulo Pruebas Capacitación/Inscribir_un_asistente/td_prueba ka Pruebas' is clicked on

2022-02-23 11:42:48 - [MESSAGE][PASSED] - Object: 'Object Repository/Modulo Pruebas Capacitación/Inscribir_un_asistente/td_prueba ka Pruebas' is clicked on

2022-02-23 11:42:48 - [TEST_STEP][PASSED] - click(findTestObject("Modulo Pruebas Capacitación/Inscribir_un_asistente/a_Eliminar")): Object: 'Object Repository/Modulo Pruebas Capacitación/Inscribir_un_asistente/a_Eliminar' is clicked on

2022-02-23 11:42:49 - [MESSAGE][PASSED] - Object: 'Object Repository/Modulo Pruebas Capacitación/Inscribir_un_asistente/a_Eliminar' is clicked on

2022-02-23 11:42:49 - [TEST_STEP][PASSED] - click(findTestObject("Modulo Pruebas Capacitación/Inscribir_un_asistente/a_Aceptar_eliminar")): Object: 'Object Repository/Modulo Pruebas Capacitación/Inscribir_un_asistente/a_Aceptar_eliminar' is clicked on

2022-02-23 11:42:50 - [MESSAGE][PASSED] - Object: 'Object Repository/Modulo Pruebas Capacitación/Inscribir_un_asistente/a_Aceptar_eliminar' is clicked on

2022-02-23 11:42:50 - [TEST_STEP][PASSED] - click(findTestObject("Modulo Pruebas Capacitación/Inscribir_un_asistente/a_Nuevo")): Object: 'Object Repository/Modulo Pruebas Capacitación/Inscribir_un_asistente/a_Nuevo' is clicked on

2022-02-23 11:42:51 - [MESSAGE][PASSED] - Object: 'Object Repository/Modulo Pruebas Capacitación/Inscribir_un_asistente/a_Nuevo' is clicked on

2022-02-23 11:42:51 - [TEST_STEP][PASSED] - selectOptionByIndex(findTestObject("Modulo Pruebas Capacitación/Inscribir_un_asistente/select_SeleccioneExternoInterno"), 1): All options with index in [1] are selected on object 'Object Repository/Modulo Pruebas Capacitación/Inscribir_un_asistente/select_SeleccioneExternoInterno'

2022-02-23 11:42:52 - [MESSAGE][PASSED] - All options with index in [1] are selected on object 'Object Repository/Modulo Pruebas Capacitación/Inscribir_un_asistente/select_SeleccioneExternoInterno'

2022-02-23 11:42:52 - [TEST_STEP][PASSED] - setText(findTestObject("Modulo Pruebas Capacitación/Inscribir_un_asistente/input_Documento_formAsistenteEventopanelTabAsistenteEvendocumentoAsistenteAlfaNumerico"), "123456789"): Text '123456789' is set on object 'Object Repository/Modulo Pruebas Capacitación/Inscribir_un_asistente/input_Documento_formAsistenteEventopanelTabAsistenteEvendocumentoAsistenteAlfaNumerico'

2022-02-23 11:42:53 - [MESSAGE][PASSED] - Text '123456789' is set on object 'Object Repository/Modulo Pruebas Capacitación/Inscribir_un_asistente/input_Documento_formAsistenteEventopanelTabAsistenteEvendocumentoAsistenteAlfaNumerico'

2022-02-23 11:42:53 - [TEST_STEP][PASSED] - setText(findTestObject("Modulo Pruebas Capacitación/Inscribir_un_asistente/input_Nombres_formAsistenteEventopanelTabAsistenteEvennombresAsistente"), "Pruebas"): Text 'Pruebas' is set on object 'Object Repository/Modulo Pruebas Capacitación/Inscribir_un_asistente/input_Nombres_formAsistenteEventopanelTabAsistenteEvennombresAsistente'

2022-02-23 11:42:54 - [MESSAGE][PASSED] - Text 'Pruebas' is set on object 'Object Repository/Modulo Pruebas Capacitación/Inscribir_un_asistente/input_Nombres_formAsistenteEventopanelTabAsistenteEvennombresAsistente'

2022-02-23 11:42:54 - [TEST_STEP][PASSED] - setText(findTestObject("Modulo Pruebas Capacitación/Inscribir_un_asistente/input_Primer Apellido_formAsistenteEventopanelTabAsistenteEvenprimerApellidoAsistente"), "prueba"): Text 'prueba' is set on object 'Object Repository/Modulo Pruebas Capacitación/Inscribir_un_asistente/input_Primer Apellido_formAsistenteEventopanelTabAsistenteEvenprimerApellidoAsistente'

2022-02-23 11:42:55 - [MESSAGE][PASSED] - Text 'prueba' is set on object 'Object Repository/Modulo Pruebas Capacitación/Inscribir_un_asistente/input_Primer Apellido_formAsistenteEventopanelTabAsistenteEvenprimerApellidoAsistente'

2022-02-23 11:42:55 - [TEST_STEP][PASSED] - setText(findTestObject("Modulo Pruebas Capacitación/Inscribir_un_asistente/input_Segundo Apellido_formAsistenteEventopanelTabAsistenteEvensegundoApellidoAsistente"), "ka"): Text 'ka' is set on object 'Object Repository/Modulo Pruebas Capacitación/Inscribir_un_asistente/input_Segundo Apellido_formAsistenteEventopanelTabAsistenteEvensegundoApellidoAsistente'

2022-02-23 11:42:55 - [MESSAGE][PASSED] - Text 'ka' is set on object 'Object Repository/Modulo Pruebas Capacitación/Inscribir_un_asistente/input_Segundo Apellido_formAsistenteEventopanelTabAsistenteEvensegundoApellidoAsistente'

2022-02-23 11:42:55 - [TEST_STEP][PASSED] - setText(findTestObject("Modulo Pruebas Capacitación/Inscribir_un_asistente/input_Email_formAsistenteEventopanelTabAsistenteEvenemail"), "autotestus1994@gmail.com"): Text 'autotestus1994@gmail.com' is set on object 'Object Repository/Modulo Pruebas Capacitación/Inscribir_un_asistente/input_Email_formAsistenteEventopanelTabAsistenteEvenemail'

2022-02-23 11:42:56 - [MESSAGE][PASSED] - Text 'autotestus1994@gmail.com' is set on object 'Object Repository/Modulo Pruebas Capacitación/Inscribir_un_asistente/input_Email_formAsistenteEventopanelTabAsistenteEvenemail'

2022-02-23 11:42:56 - [TEST_STEP][PASSED] - setText(findTestObject("Modulo Pruebas Capacitación/Inscribir_un_asistente/input_Tipo de Vinculacin_formAsistenteEventopanelTabAsistenteEventipovinculacion"), "null"): Text 'null' is set on object 'Object Repository/Modulo Pruebas Capacitación/Inscribir_un_asistente/input_Tipo de Vinculacin_formAsistenteEventopanelTabAsistenteEventipovinculacion'

2022-02-23 11:42:57 - [MESSAGE][PASSED] - Text 'null' is set on object 'Object Repository/Modulo Pruebas Capacitación/Inscribir_un_asistente/input_Tipo de Vinculacin_formAsistenteEventopanelTabAsistenteEventipovinculacion'

2022-02-23 11:42:57 - [TEST_STEP][PASSED] - selectOptionByIndex(findTestObject("Modulo Pruebas Capacitación/Inscribir_un_asistente/select_SeleccioneACEPTADOFINALIZADOINSCRITONO ACEPTADONO APROBADONO ASISTIO"), "3"): All options with index in [3] are selected on object 'Object Repository/Modulo Pruebas Capacitación/Inscribir_un_asistente/select_SeleccioneACEPTADOFINALIZADOINSCRITONO ACEPTADONO APROBADONO ASISTIO'

2022-02-23 11:42:58 - [MESSAGE][PASSED] - All options with index in [3] are selected on object 'Object Repository/Modulo Pruebas Capacitación/Inscribir_un_asistente/select_SeleccioneACEPTADOFINALIZADOINSCRITONO ACEPTADONO APROBADONO ASISTIO'

2022-02-23 11:42:58 - [TEST_STEP][PASSED] - selectOptionByIndex(findTestObject("Modulo Pruebas Capacitación/Inscribir_un_asistente/select_SeleccionePrueba"), "1"): All options with index in [1] are selected on object 'Object Repository/Modulo Pruebas Capacitación/Inscribir_un_asistente/select_SeleccionePrueba'

2022-02-23 11:42:59 - [MESSAGE][PASSED] - All options with index in [1] are selected on object 'Object Repository/Modulo Pruebas Capacitación/Inscribir_un_asistente/select_SeleccionePrueba'

2022-02-23 11:42:59 - [TEST_STEP][PASSED] - selectOptionByIndex(findTestObject("Modulo Pruebas Capacitación/Inscribir_un_asistente/select_SeleccionePrueba1pruebaPRUEBA PLAN CAPACITACIONPRUEBA SILVIA"), "1"): All options with index in [1] are selected on object 'Object Repository/Modulo Pruebas Capacitación/Inscribir_un_asistente/select_SeleccionePrueba1pruebaPRUEBA PLAN CAPACITACIONPRUEBA SILVIA'

2022-02-23 11:43:00 - [MESSAGE][PASSED] - All options with index in [1] are selected on object 'Object Repository/Modulo Pruebas Capacitación/Inscribir_un_asistente/select_SeleccionePrueba1pruebaPRUEBA PLAN CAPACITACIONPRUEBA SILVIA'

2022-02-23 11:43:00 - [TEST_STEP][PASSED] - setText(findTestObject("Modulo Pruebas Capacitación/Inscribir_un_asistente/textarea_Observacin_formAsistenteEventopanelTabAsistenteEvenobservacion"), "Pruebas"): Text 'Pruebas' is set on object 'Object Repository/Modulo Pruebas Capacitación/Inscribir_un_asistente/textarea_Observacin_formAsistenteEventopanelTabAsistenteEvenobservacion'

2022-02-23 11:43:01 - [MESSAGE][PASSED] - Text 'Pruebas' is set on object 'Object Repository/Modulo Pruebas Capacitación/Inscribir_un_asistente/textarea_Observacin_formAsistenteEventopanelTabAsistenteEvenobservacion'

2022-02-23 11:43:01 - [TEST_STEP][PASSED] - click(findTestObject("Modulo Pruebas Capacitación/Inscribir_un_asistente/a_Guardar")): Object: 'Object Repository/Modulo Pruebas Capacitación/Inscribir_un_asistente/a_Guardar' is clicked on

2022-02-23 11:43:01 - [MESSAGE][PASSED] - Object: 'Object Repository/Modulo Pruebas Capacitación/Inscribir_un_asistente/a_Guardar' is clicked on

2022-02-23 11:43:01 - [MESSAGE][PASSED] - Call Test Case 'Test Cases/4.1-Pruebas_Capacitación/4.1.5-Insribir_un_asistente' successfully

2022-02-23 11:43:01 - [TEST_STEP][PASSED] - if (waitForElementNotPresent(findTestObject("Modulo Pruebas Capacitación/Cambiar_estado_de_un_asistente/td_prueba ka Pruebas"), 1)): Web element with id: 'Object Repository/Modulo Pruebas Capacitación/Cambiar_estado_de_un_asistente/td_prueba ka Pruebas' located by 'By.xpath: //*/text()[normalize-space(.)='prueba ka Pruebas']/parent::*' is present after '1' second(s)

2022-02-23 11:43:03 - [MESSAGE][WARNING] - Web element with id: 'Object Repository/Modulo Pruebas Capacitación/Cambiar_estado_de_un_asistente/td_prueba ka Pruebas' located by 'By.xpath: //*/text()[normalize-space(.)='prueba ka Pruebas']/parent::*' is present after '1' second(s)

2022-02-23 11:43:03 - [TEST_STEP][PASSED] - closeBrowser(): Browser is closed

2022-02-23 11:43:03 - [MESSAGE][PASSED] - Browser is closed]]></system-out>
         <system-err><![CDATA[]]></system-err>
      </testcase>
      <testcase name="Test Cases/4.1-Pruebas_Capacitación/4.1.8-Asociar_Recursos" time="16.98" classname="Test Cases/4.1-Pruebas_Capacitación/4.1.8-Asociar_Recursos" status="PASSED">
         <system-out><![CDATA[2022-02-23 11:43:03 - [TEST_CASE][PASSED] - Test Cases/4.1-Pruebas_Capacitación/4.1.8-Asociar_Recursos: Test Cases/4.1-Pruebas_Capacitación/4.1.8-Asociar_Recursos

2022-02-23 11:43:04 - [TEST_STEP][PASSED] - callTestCase(findTestCase("Utilidades-(atajos_para _tareas)/Modulos/Modulo Control Evento Capacitacion"), [:], STOP_ON_FAILURE): Call Test Case 'Test Cases/Utilidades-(atajos_para _tareas)/Modulos/Modulo Control Evento Capacitacion' successfully

2022-02-23 11:43:04 - [TEST_CASE][PASSED] - Test Cases/Utilidades-(atajos_para _tareas)/Modulos/Modulo Control Evento Capacitacion: Test Cases/Utilidades-(atajos_para _tareas)/Modulos/Modulo Control Evento Capacitacion

2022-02-23 11:43:04 - [TEST_STEP][PASSED] - callTestCase(findTestCase("0.1-Login"), [:], STOP_ON_FAILURE): Call Test Case 'Test Cases/0.1-Login' successfully

2022-02-23 11:43:04 - [TEST_CASE][PASSED] - Test Cases/0.1-Login: Test Cases/0.1-Login

2022-02-23 11:43:04 - [TEST_STEP][PASSED] - openBrowser(""): Browser is opened with url: ''

2022-02-23 11:43:04 - [MESSAGE][INFO] - Starting 'Chrome' driver

2022-02-23 11:43:04 - [MESSAGE][INFO] - Action delay is set to 0 milliseconds

2022-02-23 11:43:05 - [MESSAGE][PASSED] - Browser is opened with url: ''

2022-02-23 11:43:05 - [TEST_STEP][PASSED] - maximizeWindow(): Current window maximized

2022-02-23 11:43:05 - [MESSAGE][PASSED] - Current window maximized

2022-02-23 11:43:05 - [TEST_STEP][PASSED] - i = G_Login: null

2022-02-23 11:43:05 - [TEST_STEP][PASSED] - url = new java.net.URL(i): null

2022-02-23 11:43:05 - [TEST_STEP][PASSED] - println("URL: " + url.toString()): null

2022-02-23 11:43:05 - [TEST_STEP][PASSED] - connection = url.openConnection(): null

2022-02-23 11:43:05 - [TEST_STEP][PASSED] - connection.setRequestMethod("GET"): null

2022-02-23 11:43:05 - [TEST_STEP][PASSED] - connection.setReadTimeout(2 * 1000): null

2022-02-23 11:43:05 - [TEST_STEP][PASSED] - try: null

2022-02-23 11:43:05 - [TEST_STEP][PASSED] - connection.connect(): null

2022-02-23 11:43:05 - [TEST_STEP][PASSED] - flag = connected: null

2022-02-23 11:43:05 - [TEST_STEP][PASSED] - println("Valor_ori: " + flag): null

2022-02-23 11:43:05 - [TEST_STEP][PASSED] - if (flag): null

2022-02-23 11:43:05 - [TEST_STEP][PASSED] - navigateToUrl(i): Navigate to 'http://192.168.2.80:8380/saraweb' successfully

2022-02-23 11:43:06 - [MESSAGE][PASSED] - Navigate to 'http://192.168.2.80:8380/saraweb' successfully

2022-02-23 11:43:06 - [TEST_STEP][PASSED] - a(): null

2022-02-23 11:43:06 - [TEST_STEP][PASSED] - setText(findTestObject("Login/input_USUARIO_loginusuario"), G_Usuario): Text 'saraadmin' is set on object 'Object Repository/Login/input_USUARIO_loginusuario'

2022-02-23 11:43:06 - [MESSAGE][PASSED] - Text 'saraadmin' is set on object 'Object Repository/Login/input_USUARIO_loginusuario'

2022-02-23 11:43:06 - [TEST_STEP][PASSED] - setEncryptedText(findTestObject("Login/input_CLAVE_loginpassword"), "MkG4/TYiCFC3cb2driP7+Q=="): Text ****** has been set on object 'Object Repository/Login/input_CLAVE_loginpassword'

2022-02-23 11:43:07 - [MESSAGE][PASSED] - Text ****** has been set on object 'Object Repository/Login/input_CLAVE_loginpassword'

2022-02-23 11:43:07 - [TEST_STEP][PASSED] - waitForElementClickable(findTestObject("Login/a_Ingresar"), G_TimeOut): Object 'Object Repository/Login/a_Ingresar' is clickable

2022-02-23 11:43:07 - [MESSAGE][PASSED] - Object 'Object Repository/Login/a_Ingresar' is clickable

2022-02-23 11:43:07 - [TEST_STEP][PASSED] - click(findTestObject("Login/a_Ingresar")): Object: 'Object Repository/Login/a_Ingresar' is clicked on

2022-02-23 11:43:09 - [MESSAGE][PASSED] - Object: 'Object Repository/Login/a_Ingresar' is clicked on

2022-02-23 11:43:09 - [TEST_STEP][PASSED] - element = findWebElement(findTestObject("Login/a_Ir"), 30): null

2022-02-23 11:43:10 - [TEST_STEP][PASSED] - executeJavaScript("arguments[0].click()", Arrays.asList(element)): Execute JavaScript 'arguments[0].click()' successfully

2022-02-23 11:43:10 - [MESSAGE][PASSED] - Execute JavaScript 'arguments[0].click()' successfully

2022-02-23 11:43:10 - [MESSAGE][PASSED] - Call Test Case 'Test Cases/0.1-Login' successfully

2022-02-23 11:43:10 - [TEST_STEP][PASSED] - setText(findTestObject("Modulo Control Evento Capacitacion/input_ADMINISTRADOR DEL SISTEMA - SARA_form_templatej_idt24_input"), "Control Evento"): Text 'Control Evento' is set on object 'Object Repository/Modulo Control Evento Capacitacion/input_ADMINISTRADOR DEL SISTEMA - SARA_form_templatej_idt24_input'

2022-02-23 11:43:11 - [MESSAGE][PASSED] - Text 'Control Evento' is set on object 'Object Repository/Modulo Control Evento Capacitacion/input_ADMINISTRADOR DEL SISTEMA - SARA_form_templatej_idt24_input'

2022-02-23 11:43:11 - [TEST_STEP][PASSED] - click(findTestObject("Modulo Control Evento Capacitacion/li_Control Evento Capacitacion (cap)")): Object: 'Object Repository/Modulo Control Evento Capacitacion/li_Control Evento Capacitacion (cap)' is clicked on

2022-02-23 11:43:13 - [MESSAGE][PASSED] - Object: 'Object Repository/Modulo Control Evento Capacitacion/li_Control Evento Capacitacion (cap)' is clicked on

2022-02-23 11:43:13 - [MESSAGE][PASSED] - Call Test Case 'Test Cases/Utilidades-(atajos_para _tareas)/Modulos/Modulo Control Evento Capacitacion' successfully

2022-02-23 11:43:13 - [TEST_STEP][PASSED] - click(findTestObject("Modulo Pruebas Capacitación/Asociar_Recursos/td_Prueba")): Object: 'Object Repository/Modulo Pruebas Capacitación/Asociar_Recursos/td_Prueba' is clicked on

2022-02-23 11:43:14 - [MESSAGE][PASSED] - Object: 'Object Repository/Modulo Pruebas Capacitación/Asociar_Recursos/td_Prueba' is clicked on

2022-02-23 11:43:14 - [TEST_STEP][PASSED] - click(findTestObject("Modulo Pruebas Capacitación/Asociar_Recursos/div_Recursos")): Object: 'Object Repository/Modulo Pruebas Capacitación/Asociar_Recursos/div_Recursos' is clicked on

2022-02-23 11:43:15 - [MESSAGE][PASSED] - Object: 'Object Repository/Modulo Pruebas Capacitación/Asociar_Recursos/div_Recursos' is clicked on

2022-02-23 11:43:15 - [TEST_STEP][PASSED] - click(findTestObject("Modulo Pruebas Capacitación/Asociar_Recursos/a_Logsticos")): Object: 'Object Repository/Modulo Pruebas Capacitación/Asociar_Recursos/a_Logsticos' is clicked on

2022-02-23 11:43:16 - [MESSAGE][PASSED] - Object: 'Object Repository/Modulo Pruebas Capacitación/Asociar_Recursos/a_Logsticos' is clicked on

2022-02-23 11:43:16 - [TEST_STEP][PASSED] - if (waitForElementPresent(findTestObject("Modulo Pruebas Capacitación/Asociar_Recursos/td_DVD"), 1)): Object 'Object Repository/Modulo Pruebas Capacitación/Asociar_Recursos/td_DVD' is not present after 1 second(s)

2022-02-23 11:43:18 - [MESSAGE][INFO] - Unable to find the element located by 'By.xpath: (.//*[normalize-space(text()) and normalize-space(.)='INDISPENSABLE'])[2]/preceding::td[1]'. Please recheck the objects properties to make sure the desired element is located. 

2022-02-23 11:43:18 - [MESSAGE][WARNING] - Object 'Object Repository/Modulo Pruebas Capacitación/Asociar_Recursos/td_DVD' is not present after 1 second(s)

2022-02-23 11:43:18 - [TEST_STEP][PASSED] - selectOptionByIndex(findTestObject("Modulo Pruebas Capacitación/Asociar_Recursos/select_SeleccioneDVDTV"), 1): All options with index in [1] are selected on object 'Object Repository/Modulo Pruebas Capacitación/Asociar_Recursos/select_SeleccioneDVDTV'

2022-02-23 11:43:19 - [MESSAGE][PASSED] - All options with index in [1] are selected on object 'Object Repository/Modulo Pruebas Capacitación/Asociar_Recursos/select_SeleccioneDVDTV'

2022-02-23 11:43:19 - [TEST_STEP][PASSED] - selectOptionByIndex(findTestObject("Modulo Pruebas Capacitación/Asociar_Recursos/select_SeleccioneINDISPENSABLEOPCIONAL"), 1): All options with index in [1] are selected on object 'Object Repository/Modulo Pruebas Capacitación/Asociar_Recursos/select_SeleccioneINDISPENSABLEOPCIONAL'

2022-02-23 11:43:20 - [MESSAGE][PASSED] - All options with index in [1] are selected on object 'Object Repository/Modulo Pruebas Capacitación/Asociar_Recursos/select_SeleccioneINDISPENSABLEOPCIONAL'

2022-02-23 11:43:20 - [TEST_STEP][PASSED] - click(findTestObject("Modulo Pruebas Capacitación/Asociar_Recursos/a_Necesidad_formRecursoLogisticopanel_recursostabla_recursosj_idt608")): Object: 'Object Repository/Modulo Pruebas Capacitación/Asociar_Recursos/a_Necesidad_formRecursoLogisticopanel_recursostabla_recursosj_idt608' is clicked on

2022-02-23 11:43:20 - [MESSAGE][PASSED] - Object: 'Object Repository/Modulo Pruebas Capacitación/Asociar_Recursos/a_Necesidad_formRecursoLogisticopanel_recursostabla_recursosj_idt608' is clicked on]]></system-out>
         <system-err><![CDATA[]]></system-err>
      </testcase>
      <testcase name="Test Cases/4.1-Pruebas_Capacitación/4.1.9-Registrar_los_costos" time="18.622" classname="Test Cases/4.1-Pruebas_Capacitación/4.1.9-Registrar_los_costos" status="PASSED">
         <system-out><![CDATA[2022-02-23 11:43:20 - [TEST_CASE][PASSED] - Test Cases/4.1-Pruebas_Capacitación/4.1.9-Registrar_los_costos: Test Cases/4.1-Pruebas_Capacitación/4.1.9-Registrar_los_costos

2022-02-23 11:43:21 - [TEST_STEP][PASSED] - callTestCase(findTestCase("Utilidades-(atajos_para _tareas)/Modulos/Modulo Control Evento Capacitacion"), [:], STOP_ON_FAILURE): Call Test Case 'Test Cases/Utilidades-(atajos_para _tareas)/Modulos/Modulo Control Evento Capacitacion' successfully

2022-02-23 11:43:21 - [TEST_CASE][PASSED] - Test Cases/Utilidades-(atajos_para _tareas)/Modulos/Modulo Control Evento Capacitacion: Test Cases/Utilidades-(atajos_para _tareas)/Modulos/Modulo Control Evento Capacitacion

2022-02-23 11:43:21 - [TEST_STEP][PASSED] - callTestCase(findTestCase("0.1-Login"), [:], STOP_ON_FAILURE): Call Test Case 'Test Cases/0.1-Login' successfully

2022-02-23 11:43:21 - [TEST_CASE][PASSED] - Test Cases/0.1-Login: Test Cases/0.1-Login

2022-02-23 11:43:21 - [TEST_STEP][PASSED] - openBrowser(""): Browser is opened with url: ''

2022-02-23 11:43:21 - [MESSAGE][WARNING] - A browser is already opened. Closing browser and opening a new one

2022-02-23 11:43:21 - [MESSAGE][INFO] - Starting 'Chrome' driver

2022-02-23 11:43:21 - [MESSAGE][INFO] - Action delay is set to 0 milliseconds

2022-02-23 11:43:23 - [MESSAGE][PASSED] - Browser is opened with url: ''

2022-02-23 11:43:23 - [TEST_STEP][PASSED] - maximizeWindow(): Current window maximized

2022-02-23 11:43:23 - [MESSAGE][PASSED] - Current window maximized

2022-02-23 11:43:23 - [TEST_STEP][PASSED] - i = G_Login: null

2022-02-23 11:43:23 - [TEST_STEP][PASSED] - url = new java.net.URL(i): null

2022-02-23 11:43:23 - [TEST_STEP][PASSED] - println("URL: " + url.toString()): null

2022-02-23 11:43:23 - [TEST_STEP][PASSED] - connection = url.openConnection(): null

2022-02-23 11:43:23 - [TEST_STEP][PASSED] - connection.setRequestMethod("GET"): null

2022-02-23 11:43:23 - [TEST_STEP][PASSED] - connection.setReadTimeout(2 * 1000): null

2022-02-23 11:43:23 - [TEST_STEP][PASSED] - try: null

2022-02-23 11:43:23 - [TEST_STEP][PASSED] - connection.connect(): null

2022-02-23 11:43:23 - [TEST_STEP][PASSED] - flag = connected: null

2022-02-23 11:43:23 - [TEST_STEP][PASSED] - println("Valor_ori: " + flag): null

2022-02-23 11:43:23 - [TEST_STEP][PASSED] - if (flag): null

2022-02-23 11:43:23 - [TEST_STEP][PASSED] - navigateToUrl(i): Navigate to 'http://192.168.2.80:8380/saraweb' successfully

2022-02-23 11:43:23 - [MESSAGE][PASSED] - Navigate to 'http://192.168.2.80:8380/saraweb' successfully

2022-02-23 11:43:23 - [TEST_STEP][PASSED] - a(): null

2022-02-23 11:43:23 - [TEST_STEP][PASSED] - setText(findTestObject("Login/input_USUARIO_loginusuario"), G_Usuario): Text 'saraadmin' is set on object 'Object Repository/Login/input_USUARIO_loginusuario'

2022-02-23 11:43:24 - [MESSAGE][PASSED] - Text 'saraadmin' is set on object 'Object Repository/Login/input_USUARIO_loginusuario'

2022-02-23 11:43:24 - [TEST_STEP][PASSED] - setEncryptedText(findTestObject("Login/input_CLAVE_loginpassword"), "MkG4/TYiCFC3cb2driP7+Q=="): Text ****** has been set on object 'Object Repository/Login/input_CLAVE_loginpassword'

2022-02-23 11:43:24 - [MESSAGE][PASSED] - Text ****** has been set on object 'Object Repository/Login/input_CLAVE_loginpassword'

2022-02-23 11:43:24 - [TEST_STEP][PASSED] - waitForElementClickable(findTestObject("Login/a_Ingresar"), G_TimeOut): Object 'Object Repository/Login/a_Ingresar' is clickable

2022-02-23 11:43:25 - [MESSAGE][PASSED] - Object 'Object Repository/Login/a_Ingresar' is clickable

2022-02-23 11:43:25 - [TEST_STEP][PASSED] - click(findTestObject("Login/a_Ingresar")): Object: 'Object Repository/Login/a_Ingresar' is clicked on

2022-02-23 11:43:27 - [MESSAGE][PASSED] - Object: 'Object Repository/Login/a_Ingresar' is clicked on

2022-02-23 11:43:27 - [TEST_STEP][PASSED] - element = findWebElement(findTestObject("Login/a_Ir"), 30): null

2022-02-23 11:43:27 - [TEST_STEP][PASSED] - executeJavaScript("arguments[0].click()", Arrays.asList(element)): Execute JavaScript 'arguments[0].click()' successfully

2022-02-23 11:43:27 - [MESSAGE][PASSED] - Execute JavaScript 'arguments[0].click()' successfully

2022-02-23 11:43:27 - [MESSAGE][PASSED] - Call Test Case 'Test Cases/0.1-Login' successfully

2022-02-23 11:43:27 - [TEST_STEP][PASSED] - setText(findTestObject("Modulo Control Evento Capacitacion/input_ADMINISTRADOR DEL SISTEMA - SARA_form_templatej_idt24_input"), "Control Evento"): Text 'Control Evento' is set on object 'Object Repository/Modulo Control Evento Capacitacion/input_ADMINISTRADOR DEL SISTEMA - SARA_form_templatej_idt24_input'

2022-02-23 11:43:29 - [MESSAGE][PASSED] - Text 'Control Evento' is set on object 'Object Repository/Modulo Control Evento Capacitacion/input_ADMINISTRADOR DEL SISTEMA - SARA_form_templatej_idt24_input'

2022-02-23 11:43:29 - [TEST_STEP][PASSED] - click(findTestObject("Modulo Control Evento Capacitacion/li_Control Evento Capacitacion (cap)")): Object: 'Object Repository/Modulo Control Evento Capacitacion/li_Control Evento Capacitacion (cap)' is clicked on

2022-02-23 11:43:30 - [MESSAGE][PASSED] - Object: 'Object Repository/Modulo Control Evento Capacitacion/li_Control Evento Capacitacion (cap)' is clicked on

2022-02-23 11:43:30 - [MESSAGE][PASSED] - Call Test Case 'Test Cases/Utilidades-(atajos_para _tareas)/Modulos/Modulo Control Evento Capacitacion' successfully

2022-02-23 11:43:30 - [TEST_STEP][PASSED] - click(findTestObject("Modulo Pruebas Capacitación/Registrar_los_costos/td_Prueba")): Object: 'Object Repository/Modulo Pruebas Capacitación/Registrar_los_costos/td_Prueba' is clicked on

2022-02-23 11:43:32 - [MESSAGE][PASSED] - Object: 'Object Repository/Modulo Pruebas Capacitación/Registrar_los_costos/td_Prueba' is clicked on

2022-02-23 11:43:32 - [TEST_STEP][PASSED] - click(findTestObject("Modulo Pruebas Capacitación/Registrar_los_costos/div_Costo")): Object: 'Object Repository/Modulo Pruebas Capacitación/Registrar_los_costos/div_Costo' is clicked on

2022-02-23 11:43:33 - [MESSAGE][PASSED] - Object: 'Object Repository/Modulo Pruebas Capacitación/Registrar_los_costos/div_Costo' is clicked on

2022-02-23 11:43:33 - [TEST_STEP][PASSED] - click(findTestObject("Modulo Pruebas Capacitación/Registrar_los_costos/a_Registro")): Object: 'Object Repository/Modulo Pruebas Capacitación/Registrar_los_costos/a_Registro' is clicked on

2022-02-23 11:43:33 - [MESSAGE][PASSED] - Object: 'Object Repository/Modulo Pruebas Capacitación/Registrar_los_costos/a_Registro' is clicked on

2022-02-23 11:43:33 - [TEST_STEP][PASSED] - if (waitForElementVisible(findTestObject("Modulo Pruebas Capacitación/Registrar_los_costos/a_REFRIGERIO_formCostoEventopanel_costostabla_costos0j_idt634"), 1)): Web element with id: 'Object Repository/Modulo Pruebas Capacitación/Registrar_los_costos/a_REFRIGERIO_formCostoEventopanel_costostabla_costos0j_idt634' located by '//tbody/tr/td[5]/a' not found

2022-02-23 11:43:35 - [MESSAGE][INFO] - Unable to find the element located by 'By.xpath: //tbody/tr/td[5]/a'. Please recheck the objects properties to make sure the desired element is located. 

2022-02-23 11:43:35 - [MESSAGE][WARNING] - Web element with id: 'Object Repository/Modulo Pruebas Capacitación/Registrar_los_costos/a_REFRIGERIO_formCostoEventopanel_costostabla_costos0j_idt634' located by '//tbody/tr/td[5]/a' not found

2022-02-23 11:43:35 - [TEST_STEP][PASSED] - selectOptionByIndex(findTestObject("Modulo Pruebas Capacitación/Registrar_los_costos/select_SeleccioneALOJAMIENTOMATERIALESREFRIGERIOSALONTRANSPORTE"), 3): All options with index in [3] are selected on object 'Object Repository/Modulo Pruebas Capacitación/Registrar_los_costos/select_SeleccioneALOJAMIENTOMATERIALESREFRIGERIOSALONTRANSPORTE'

2022-02-23 11:43:36 - [MESSAGE][PASSED] - All options with index in [3] are selected on object 'Object Repository/Modulo Pruebas Capacitación/Registrar_los_costos/select_SeleccioneALOJAMIENTOMATERIALESREFRIGERIOSALONTRANSPORTE'

2022-02-23 11:43:36 - [TEST_STEP][PASSED] - setText(findTestObject("Modulo Pruebas Capacitación/Registrar_los_costos/input_Valor_formCostoEventopanel_costostabla_costosnumero"), "100"): Text '100' is set on object 'Object Repository/Modulo Pruebas Capacitación/Registrar_los_costos/input_Valor_formCostoEventopanel_costostabla_costosnumero'

2022-02-23 11:43:37 - [MESSAGE][PASSED] - Text '100' is set on object 'Object Repository/Modulo Pruebas Capacitación/Registrar_los_costos/input_Valor_formCostoEventopanel_costostabla_costosnumero'

2022-02-23 11:43:37 - [TEST_STEP][PASSED] - setText(findTestObject("Modulo Pruebas Capacitación/Registrar_los_costos/input_Valor_formCostoEventopanel_costostabla_costosfechaPago_input"), "07/05/2021"): Text '07/05/2021' is set on object 'Object Repository/Modulo Pruebas Capacitación/Registrar_los_costos/input_Valor_formCostoEventopanel_costostabla_costosfechaPago_input'

2022-02-23 11:43:38 - [MESSAGE][PASSED] - Text '07/05/2021' is set on object 'Object Repository/Modulo Pruebas Capacitación/Registrar_los_costos/input_Valor_formCostoEventopanel_costostabla_costosfechaPago_input'

2022-02-23 11:43:38 - [TEST_STEP][PASSED] - setText(findTestObject("Modulo Pruebas Capacitación/Registrar_los_costos/input_Valor_formCostoEventopanel_costostabla_costosvalor"), "1000000"): Text '1000000' is set on object 'Object Repository/Modulo Pruebas Capacitación/Registrar_los_costos/input_Valor_formCostoEventopanel_costostabla_costosvalor'

2022-02-23 11:43:38 - [MESSAGE][PASSED] - Text '1000000' is set on object 'Object Repository/Modulo Pruebas Capacitación/Registrar_los_costos/input_Valor_formCostoEventopanel_costostabla_costosvalor'

2022-02-23 11:43:38 - [TEST_STEP][PASSED] - click(findTestObject("Modulo Pruebas Capacitación/Registrar_los_costos/a_Valor_formCostoEventopanel_costostabla_costosj_idt637")): Object: 'Object Repository/Modulo Pruebas Capacitación/Registrar_los_costos/a_Valor_formCostoEventopanel_costostabla_costosj_idt637' is clicked on

2022-02-23 11:43:39 - [MESSAGE][PASSED] - Object: 'Object Repository/Modulo Pruebas Capacitación/Registrar_los_costos/a_Valor_formCostoEventopanel_costostabla_costosj_idt637' is clicked on]]></system-out>
         <system-err><![CDATA[]]></system-err>
      </testcase>
      <testcase name="Test Cases/4.1-Pruebas_Capacitación/4.2.1-Programar_un_evento" time="28.976" classname="Test Cases/4.1-Pruebas_Capacitación/4.2.1-Programar_un_evento" status="PASSED">
         <system-out><![CDATA[2022-02-23 11:43:39 - [TEST_CASE][PASSED] - Test Cases/4.1-Pruebas_Capacitación/4.2.1-Programar_un_evento: Test Cases/4.1-Pruebas_Capacitación/4.2.1-Programar_un_evento

2022-02-23 11:43:39 - [TEST_STEP][PASSED] - callTestCase(findTestCase("Utilidades-(atajos_para _tareas)/Modulos/Modulo Control Evento Capacitacion"), [:], STOP_ON_FAILURE): Call Test Case 'Test Cases/Utilidades-(atajos_para _tareas)/Modulos/Modulo Control Evento Capacitacion' successfully

2022-02-23 11:43:39 - [TEST_CASE][PASSED] - Test Cases/Utilidades-(atajos_para _tareas)/Modulos/Modulo Control Evento Capacitacion: Test Cases/Utilidades-(atajos_para _tareas)/Modulos/Modulo Control Evento Capacitacion

2022-02-23 11:43:39 - [TEST_STEP][PASSED] - callTestCase(findTestCase("0.1-Login"), [:], STOP_ON_FAILURE): Call Test Case 'Test Cases/0.1-Login' successfully

2022-02-23 11:43:39 - [TEST_CASE][PASSED] - Test Cases/0.1-Login: Test Cases/0.1-Login

2022-02-23 11:43:39 - [TEST_STEP][PASSED] - openBrowser(""): Browser is opened with url: ''

2022-02-23 11:43:39 - [MESSAGE][WARNING] - A browser is already opened. Closing browser and opening a new one

2022-02-23 11:43:40 - [MESSAGE][INFO] - Starting 'Chrome' driver

2022-02-23 11:43:40 - [MESSAGE][INFO] - Action delay is set to 0 milliseconds

2022-02-23 11:43:41 - [MESSAGE][PASSED] - Browser is opened with url: ''

2022-02-23 11:43:41 - [TEST_STEP][PASSED] - maximizeWindow(): Current window maximized

2022-02-23 11:43:42 - [MESSAGE][PASSED] - Current window maximized

2022-02-23 11:43:42 - [TEST_STEP][PASSED] - i = G_Login: null

2022-02-23 11:43:42 - [TEST_STEP][PASSED] - url = new java.net.URL(i): null

2022-02-23 11:43:42 - [TEST_STEP][PASSED] - println("URL: " + url.toString()): null

2022-02-23 11:43:42 - [TEST_STEP][PASSED] - connection = url.openConnection(): null

2022-02-23 11:43:42 - [TEST_STEP][PASSED] - connection.setRequestMethod("GET"): null

2022-02-23 11:43:42 - [TEST_STEP][PASSED] - connection.setReadTimeout(2 * 1000): null

2022-02-23 11:43:42 - [TEST_STEP][PASSED] - try: null

2022-02-23 11:43:42 - [TEST_STEP][PASSED] - connection.connect(): null

2022-02-23 11:43:42 - [TEST_STEP][PASSED] - flag = connected: null

2022-02-23 11:43:42 - [TEST_STEP][PASSED] - println("Valor_ori: " + flag): null

2022-02-23 11:43:42 - [TEST_STEP][PASSED] - if (flag): null

2022-02-23 11:43:42 - [TEST_STEP][PASSED] - navigateToUrl(i): Navigate to 'http://192.168.2.80:8380/saraweb' successfully

2022-02-23 11:43:42 - [MESSAGE][PASSED] - Navigate to 'http://192.168.2.80:8380/saraweb' successfully

2022-02-23 11:43:42 - [TEST_STEP][PASSED] - a(): null

2022-02-23 11:43:42 - [TEST_STEP][PASSED] - setText(findTestObject("Login/input_USUARIO_loginusuario"), G_Usuario): Text 'saraadmin' is set on object 'Object Repository/Login/input_USUARIO_loginusuario'

2022-02-23 11:43:43 - [MESSAGE][PASSED] - Text 'saraadmin' is set on object 'Object Repository/Login/input_USUARIO_loginusuario'

2022-02-23 11:43:43 - [TEST_STEP][PASSED] - setEncryptedText(findTestObject("Login/input_CLAVE_loginpassword"), "MkG4/TYiCFC3cb2driP7+Q=="): Text ****** has been set on object 'Object Repository/Login/input_CLAVE_loginpassword'

2022-02-23 11:43:44 - [MESSAGE][PASSED] - Text ****** has been set on object 'Object Repository/Login/input_CLAVE_loginpassword'

2022-02-23 11:43:44 - [TEST_STEP][PASSED] - waitForElementClickable(findTestObject("Login/a_Ingresar"), G_TimeOut): Object 'Object Repository/Login/a_Ingresar' is clickable

2022-02-23 11:43:44 - [MESSAGE][PASSED] - Object 'Object Repository/Login/a_Ingresar' is clickable

2022-02-23 11:43:44 - [TEST_STEP][PASSED] - click(findTestObject("Login/a_Ingresar")): Object: 'Object Repository/Login/a_Ingresar' is clicked on

2022-02-23 11:43:46 - [MESSAGE][PASSED] - Object: 'Object Repository/Login/a_Ingresar' is clicked on

2022-02-23 11:43:46 - [TEST_STEP][PASSED] - element = findWebElement(findTestObject("Login/a_Ir"), 30): null

2022-02-23 11:43:47 - [TEST_STEP][PASSED] - executeJavaScript("arguments[0].click()", Arrays.asList(element)): Execute JavaScript 'arguments[0].click()' successfully

2022-02-23 11:43:47 - [MESSAGE][PASSED] - Execute JavaScript 'arguments[0].click()' successfully

2022-02-23 11:43:47 - [MESSAGE][PASSED] - Call Test Case 'Test Cases/0.1-Login' successfully

2022-02-23 11:43:47 - [TEST_STEP][PASSED] - setText(findTestObject("Modulo Control Evento Capacitacion/input_ADMINISTRADOR DEL SISTEMA - SARA_form_templatej_idt24_input"), "Control Evento"): Text 'Control Evento' is set on object 'Object Repository/Modulo Control Evento Capacitacion/input_ADMINISTRADOR DEL SISTEMA - SARA_form_templatej_idt24_input'

2022-02-23 11:43:48 - [MESSAGE][PASSED] - Text 'Control Evento' is set on object 'Object Repository/Modulo Control Evento Capacitacion/input_ADMINISTRADOR DEL SISTEMA - SARA_form_templatej_idt24_input'

2022-02-23 11:43:48 - [TEST_STEP][PASSED] - click(findTestObject("Modulo Control Evento Capacitacion/li_Control Evento Capacitacion (cap)")): Object: 'Object Repository/Modulo Control Evento Capacitacion/li_Control Evento Capacitacion (cap)' is clicked on

2022-02-23 11:43:49 - [MESSAGE][PASSED] - Object: 'Object Repository/Modulo Control Evento Capacitacion/li_Control Evento Capacitacion (cap)' is clicked on

2022-02-23 11:43:49 - [MESSAGE][PASSED] - Call Test Case 'Test Cases/Utilidades-(atajos_para _tareas)/Modulos/Modulo Control Evento Capacitacion' successfully

2022-02-23 11:43:49 - [TEST_STEP][PASSED] - click(findTestObject("Modulo Pruebas Capacitación/Programar_un_evento/td_Prueba")): Object: 'Object Repository/Modulo Pruebas Capacitación/Programar_un_evento/td_Prueba' is clicked on

2022-02-23 11:43:51 - [MESSAGE][PASSED] - Object: 'Object Repository/Modulo Pruebas Capacitación/Programar_un_evento/td_Prueba' is clicked on

2022-02-23 11:43:51 - [TEST_STEP][PASSED] - click(findTestObject("Modulo Pruebas Capacitación/Programar_un_evento/div_Programacin")): Object: 'Object Repository/Modulo Pruebas Capacitación/Programar_un_evento/div_Programacin' is clicked on

2022-02-23 11:43:52 - [MESSAGE][PASSED] - Object: 'Object Repository/Modulo Pruebas Capacitación/Programar_un_evento/div_Programacin' is clicked on

2022-02-23 11:43:52 - [TEST_STEP][PASSED] - click(findTestObject("Modulo Pruebas Capacitación/Programar_un_evento/a_Programacin")): Object: 'Object Repository/Modulo Pruebas Capacitación/Programar_un_evento/a_Programacin' is clicked on

2022-02-23 11:43:53 - [MESSAGE][PASSED] - Object: 'Object Repository/Modulo Pruebas Capacitación/Programar_un_evento/a_Programacin' is clicked on

2022-02-23 11:43:53 - [TEST_STEP][PASSED] - if (waitForElementVisible(findTestObject("Modulo Pruebas Capacitación/Programar_un_evento/td_24122021"), 1)): Object 'Object Repository/Modulo Pruebas Capacitación/Programar_un_evento/td_24122021' is not visible after 1 second(s)

2022-02-23 11:43:55 - [MESSAGE][WARNING] - Object 'Object Repository/Modulo Pruebas Capacitación/Programar_un_evento/td_24122021' is not visible after 1 second(s)

2022-02-23 11:43:55 - [TEST_STEP][PASSED] - click(findTestObject("Modulo Pruebas Capacitación/Programar_un_evento/a_Nuevo")): Object: 'Object Repository/Modulo Pruebas Capacitación/Programar_un_evento/a_Nuevo' is clicked on

2022-02-23 11:43:55 - [MESSAGE][PASSED] - Object: 'Object Repository/Modulo Pruebas Capacitación/Programar_un_evento/a_Nuevo' is clicked on

2022-02-23 11:43:55 - [TEST_STEP][PASSED] - setText(findTestObject("Modulo Pruebas Capacitación/Programar_un_evento/input_Das_diaeventoPopup_formdia_input"), "24/12/2021"): Text '24/12/2021' is set on object 'Object Repository/Modulo Pruebas Capacitación/Programar_un_evento/input_Das_diaeventoPopup_formdia_input'

2022-02-23 11:43:56 - [MESSAGE][PASSED] - Text '24/12/2021' is set on object 'Object Repository/Modulo Pruebas Capacitación/Programar_un_evento/input_Das_diaeventoPopup_formdia_input'

2022-02-23 11:43:56 - [TEST_STEP][PASSED] - sendKeys(findTestObject("Modulo Pruebas Capacitación/Programar_un_evento/input_Das_diaeventoPopup_formdia_input"), Keys.chord(ESCAPE)): Keys 'ESCAPE + ' sent to object: 'Object Repository/Modulo Pruebas Capacitación/Programar_un_evento/input_Das_diaeventoPopup_formdia_input'

2022-02-23 11:43:57 - [MESSAGE][PASSED] - Keys 'ESCAPE + ' sent to object: 'Object Repository/Modulo Pruebas Capacitación/Programar_un_evento/input_Das_diaeventoPopup_formdia_input'

2022-02-23 11:43:57 - [TEST_STEP][PASSED] - selectOptionByIndex(findTestObject("Modulo Pruebas Capacitación/Programar_un_evento/select_010203040506070809101112_1"), 0): All options with index in [0] are selected on object 'Object Repository/Modulo Pruebas Capacitación/Programar_un_evento/select_010203040506070809101112_1'

2022-02-23 11:43:58 - [MESSAGE][PASSED] - All options with index in [0] are selected on object 'Object Repository/Modulo Pruebas Capacitación/Programar_un_evento/select_010203040506070809101112_1'

2022-02-23 11:43:58 - [TEST_STEP][PASSED] - selectOptionByIndex(findTestObject("Modulo Pruebas Capacitación/Programar_un_evento/select_00153045_1"), 2): All options with index in [2] are selected on object 'Object Repository/Modulo Pruebas Capacitación/Programar_un_evento/select_00153045_1'

2022-02-23 11:43:59 - [MESSAGE][PASSED] - All options with index in [2] are selected on object 'Object Repository/Modulo Pruebas Capacitación/Programar_un_evento/select_00153045_1'

2022-02-23 11:43:59 - [TEST_STEP][PASSED] - selectOptionByIndex(findTestObject("Modulo Pruebas Capacitación/Programar_un_evento/select_AMPM_1"), 1): All options with index in [1] are selected on object 'Object Repository/Modulo Pruebas Capacitación/Programar_un_evento/select_AMPM_1'

2022-02-23 11:44:00 - [MESSAGE][PASSED] - All options with index in [1] are selected on object 'Object Repository/Modulo Pruebas Capacitación/Programar_un_evento/select_AMPM_1'

2022-02-23 11:44:00 - [TEST_STEP][PASSED] - selectOptionByIndex(findTestObject("Modulo Pruebas Capacitación/Programar_un_evento/select_010203040506070809101112_2"), 2): All options with index in [2] are selected on object 'Object Repository/Modulo Pruebas Capacitación/Programar_un_evento/select_010203040506070809101112_2'

2022-02-23 11:44:01 - [MESSAGE][PASSED] - All options with index in [2] are selected on object 'Object Repository/Modulo Pruebas Capacitación/Programar_un_evento/select_010203040506070809101112_2'

2022-02-23 11:44:01 - [TEST_STEP][PASSED] - selectOptionByIndex(findTestObject("Modulo Pruebas Capacitación/Programar_un_evento/select_00153045_2"), 3): All options with index in [3] are selected on object 'Object Repository/Modulo Pruebas Capacitación/Programar_un_evento/select_00153045_2'

2022-02-23 11:44:02 - [MESSAGE][PASSED] - All options with index in [3] are selected on object 'Object Repository/Modulo Pruebas Capacitación/Programar_un_evento/select_00153045_2'

2022-02-23 11:44:02 - [TEST_STEP][PASSED] - selectOptionByIndex(findTestObject("Modulo Pruebas Capacitación/Programar_un_evento/select_AMPM_2"), 1): All options with index in [1] are selected on object 'Object Repository/Modulo Pruebas Capacitación/Programar_un_evento/select_AMPM_2'

2022-02-23 11:44:03 - [MESSAGE][PASSED] - All options with index in [1] are selected on object 'Object Repository/Modulo Pruebas Capacitación/Programar_un_evento/select_AMPM_2'

2022-02-23 11:44:03 - [TEST_STEP][PASSED] - selectOptionByIndex(findTestObject("Modulo Pruebas Capacitación/Programar_un_evento/select_SeleccionePrueba"), 1): All options with index in [1] are selected on object 'Object Repository/Modulo Pruebas Capacitación/Programar_un_evento/select_SeleccionePrueba'

2022-02-23 11:44:04 - [MESSAGE][PASSED] - All options with index in [1] are selected on object 'Object Repository/Modulo Pruebas Capacitación/Programar_un_evento/select_SeleccionePrueba'

2022-02-23 11:44:04 - [TEST_STEP][PASSED] - selectOptionByIndex(findTestObject("Modulo Pruebas Capacitación/Programar_un_evento/select_SeleccioneAula InteligenteSala de JuntasSalon ExternoSalon Principal"), 4): All options with index in [4] are selected on object 'Object Repository/Modulo Pruebas Capacitación/Programar_un_evento/select_SeleccioneAula InteligenteSala de JuntasSalon ExternoSalon Principal'

2022-02-23 11:44:05 - [MESSAGE][PASSED] - All options with index in [4] are selected on object 'Object Repository/Modulo Pruebas Capacitación/Programar_un_evento/select_SeleccioneAula InteligenteSala de JuntasSalon ExternoSalon Principal'

2022-02-23 11:44:05 - [TEST_STEP][PASSED] - selectOptionByIndex(findTestObject("Modulo Pruebas Capacitación/Programar_un_evento/select_SeleccionePRUEBA DE MODULO"), 1): All options with index in [1] are selected on object 'Object Repository/Modulo Pruebas Capacitación/Programar_un_evento/select_SeleccionePRUEBA DE MODULO'

2022-02-23 11:44:06 - [MESSAGE][PASSED] - All options with index in [1] are selected on object 'Object Repository/Modulo Pruebas Capacitación/Programar_un_evento/select_SeleccionePRUEBA DE MODULO'

2022-02-23 11:44:06 - [TEST_STEP][PASSED] - selectOptionByIndex(findTestObject("Modulo Pruebas Capacitación/Programar_un_evento/select_Seleccione23913781ALMANZA ROSAS SILVISGUISELLGUTIERREZ ALVAREZ FERNANDA LUCIA"), 1): All options with index in [1] are selected on object 'Object Repository/Modulo Pruebas Capacitación/Programar_un_evento/select_Seleccione23913781ALMANZA ROSAS SILVISGUISELLGUTIERREZ ALVAREZ FERNANDA LUCIA'

2022-02-23 11:44:07 - [MESSAGE][PASSED] - All options with index in [1] are selected on object 'Object Repository/Modulo Pruebas Capacitación/Programar_un_evento/select_Seleccione23913781ALMANZA ROSAS SILVISGUISELLGUTIERREZ ALVAREZ FERNANDA LUCIA'

2022-02-23 11:44:07 - [TEST_STEP][PASSED] - click(findTestObject("Modulo Pruebas Capacitación/Programar_un_evento/a_Guardar")): Object: 'Object Repository/Modulo Pruebas Capacitación/Programar_un_evento/a_Guardar' is clicked on

2022-02-23 11:44:08 - [MESSAGE][PASSED] - Object: 'Object Repository/Modulo Pruebas Capacitación/Programar_un_evento/a_Guardar' is clicked on]]></system-out>
         <system-err><![CDATA[]]></system-err>
      </testcase>
      <testcase name="Test Cases/4.1-Pruebas_Capacitación/4.2.3-Crear_una_Necesidad_de_Capacitación" time="27.019" classname="Test Cases/4.1-Pruebas_Capacitación/4.2.3-Crear_una_Necesidad_de_Capacitación" status="PASSED">
         <system-out><![CDATA[2022-02-23 11:44:08 - [TEST_CASE][PASSED] - Test Cases/4.1-Pruebas_Capacitación/4.2.3-Crear_una_Necesidad_de_Capacitación: Test Cases/4.1-Pruebas_Capacitación/4.2.3-Crear_una_Necesidad_de_Capacitación

2022-02-23 11:44:08 - [TEST_STEP][PASSED] - callTestCase(findTestCase("0.1-Login"), [:], STOP_ON_FAILURE): Call Test Case 'Test Cases/0.1-Login' successfully

2022-02-23 11:44:08 - [TEST_CASE][PASSED] - Test Cases/0.1-Login: Test Cases/0.1-Login

2022-02-23 11:44:08 - [TEST_STEP][PASSED] - openBrowser(""): Browser is opened with url: ''

2022-02-23 11:44:08 - [MESSAGE][WARNING] - A browser is already opened. Closing browser and opening a new one

2022-02-23 11:44:09 - [MESSAGE][INFO] - Starting 'Chrome' driver

2022-02-23 11:44:09 - [MESSAGE][INFO] - Action delay is set to 0 milliseconds

2022-02-23 11:44:10 - [MESSAGE][PASSED] - Browser is opened with url: ''

2022-02-23 11:44:10 - [TEST_STEP][PASSED] - maximizeWindow(): Current window maximized

2022-02-23 11:44:10 - [MESSAGE][PASSED] - Current window maximized

2022-02-23 11:44:10 - [TEST_STEP][PASSED] - i = G_Login: null

2022-02-23 11:44:10 - [TEST_STEP][PASSED] - url = new java.net.URL(i): null

2022-02-23 11:44:10 - [TEST_STEP][PASSED] - println("URL: " + url.toString()): null

2022-02-23 11:44:10 - [TEST_STEP][PASSED] - connection = url.openConnection(): null

2022-02-23 11:44:10 - [TEST_STEP][PASSED] - connection.setRequestMethod("GET"): null

2022-02-23 11:44:10 - [TEST_STEP][PASSED] - connection.setReadTimeout(2 * 1000): null

2022-02-23 11:44:10 - [TEST_STEP][PASSED] - try: null

2022-02-23 11:44:10 - [TEST_STEP][PASSED] - connection.connect(): null

2022-02-23 11:44:10 - [TEST_STEP][PASSED] - flag = connected: null

2022-02-23 11:44:10 - [TEST_STEP][PASSED] - println("Valor_ori: " + flag): null

2022-02-23 11:44:10 - [TEST_STEP][PASSED] - if (flag): null

2022-02-23 11:44:10 - [TEST_STEP][PASSED] - navigateToUrl(i): Navigate to 'http://192.168.2.80:8380/saraweb' successfully

2022-02-23 11:44:11 - [MESSAGE][PASSED] - Navigate to 'http://192.168.2.80:8380/saraweb' successfully

2022-02-23 11:44:11 - [TEST_STEP][PASSED] - a(): null

2022-02-23 11:44:11 - [TEST_STEP][PASSED] - setText(findTestObject("Login/input_USUARIO_loginusuario"), G_Usuario): Text 'saraadmin' is set on object 'Object Repository/Login/input_USUARIO_loginusuario'

2022-02-23 11:44:12 - [MESSAGE][PASSED] - Text 'saraadmin' is set on object 'Object Repository/Login/input_USUARIO_loginusuario'

2022-02-23 11:44:12 - [TEST_STEP][PASSED] - setEncryptedText(findTestObject("Login/input_CLAVE_loginpassword"), "MkG4/TYiCFC3cb2driP7+Q=="): Text ****** has been set on object 'Object Repository/Login/input_CLAVE_loginpassword'

2022-02-23 11:44:12 - [MESSAGE][PASSED] - Text ****** has been set on object 'Object Repository/Login/input_CLAVE_loginpassword'

2022-02-23 11:44:12 - [TEST_STEP][PASSED] - waitForElementClickable(findTestObject("Login/a_Ingresar"), G_TimeOut): Object 'Object Repository/Login/a_Ingresar' is clickable

2022-02-23 11:44:12 - [MESSAGE][PASSED] - Object 'Object Repository/Login/a_Ingresar' is clickable

2022-02-23 11:44:12 - [TEST_STEP][PASSED] - click(findTestObject("Login/a_Ingresar")): Object: 'Object Repository/Login/a_Ingresar' is clicked on

2022-02-23 11:44:15 - [MESSAGE][PASSED] - Object: 'Object Repository/Login/a_Ingresar' is clicked on

2022-02-23 11:44:15 - [TEST_STEP][PASSED] - element = findWebElement(findTestObject("Login/a_Ir"), 30): null

2022-02-23 11:44:15 - [TEST_STEP][PASSED] - executeJavaScript("arguments[0].click()", Arrays.asList(element)): Execute JavaScript 'arguments[0].click()' successfully

2022-02-23 11:44:15 - [MESSAGE][PASSED] - Execute JavaScript 'arguments[0].click()' successfully

2022-02-23 11:44:15 - [MESSAGE][PASSED] - Call Test Case 'Test Cases/0.1-Login' successfully

2022-02-23 11:44:15 - [TEST_STEP][PASSED] - setText(findTestObject("Modulo Pruebas Capacitación/Crear_una_Necesidad_de_Capacitación/input_Evento Capacitacin_form_templatej_idt24_input"), "Listado necesidad de capacitacion"): Text 'Listado necesidad de capacitacion' is set on object 'Object Repository/Modulo Pruebas Capacitación/Crear_una_Necesidad_de_Capacitación/input_Evento Capacitacin_form_templatej_idt24_input'

2022-02-23 11:44:16 - [MESSAGE][PASSED] - Text 'Listado necesidad de capacitacion' is set on object 'Object Repository/Modulo Pruebas Capacitación/Crear_una_Necesidad_de_Capacitación/input_Evento Capacitacin_form_templatej_idt24_input'

2022-02-23 11:44:16 - [TEST_STEP][PASSED] - click(findTestObject("Modulo Pruebas Capacitación/Crear_una_Necesidad_de_Capacitación/li_Listado necesidad de capacitacion (cap)")): Object: 'Object Repository/Modulo Pruebas Capacitación/Crear_una_Necesidad_de_Capacitación/li_Listado necesidad de capacitacion (cap)' is clicked on

2022-02-23 11:44:18 - [MESSAGE][PASSED] - Object: 'Object Repository/Modulo Pruebas Capacitación/Crear_una_Necesidad_de_Capacitación/li_Listado necesidad de capacitacion (cap)' is clicked on

2022-02-23 11:44:18 - [TEST_STEP][PASSED] - if (waitForElementPresent(findTestObject("Modulo Pruebas Capacitación/Crear_una_Necesidad_de_Capacitación/td_A A A"), 1)): null

2022-02-23 11:44:19 - [MESSAGE][PASSED] - Object 'Object Repository/Modulo Pruebas Capacitación/Crear_una_Necesidad_de_Capacitación/td_A A A' is present

2022-02-23 11:44:19 - [TEST_STEP][PASSED] - click(findTestObject("Modulo Pruebas Capacitación/Crear_una_Necesidad_de_Capacitación/td_A A A")): Object: 'Object Repository/Modulo Pruebas Capacitación/Crear_una_Necesidad_de_Capacitación/td_A A A' is clicked on

2022-02-23 11:44:20 - [MESSAGE][PASSED] - Object: 'Object Repository/Modulo Pruebas Capacitación/Crear_una_Necesidad_de_Capacitación/td_A A A' is clicked on

2022-02-23 11:44:20 - [TEST_STEP][PASSED] - if (waitForElementPresent(findTestObject("Modulo Pruebas Capacitación/Crear_una_Necesidad_de_Capacitación/a_Cambiar Datos"), 1)): null

2022-02-23 11:44:23 - [MESSAGE][PASSED] - Object 'Object Repository/Modulo Pruebas Capacitación/Crear_una_Necesidad_de_Capacitación/a_Cambiar Datos' is present

2022-02-23 11:44:23 - [TEST_STEP][PASSED] - click(findTestObject("Modulo Pruebas Capacitación/Crear_una_Necesidad_de_Capacitación/a_Cambiar Datos")): Object: 'Object Repository/Modulo Pruebas Capacitación/Crear_una_Necesidad_de_Capacitación/a_Cambiar Datos' is clicked on

2022-02-23 11:44:23 - [MESSAGE][PASSED] - Object: 'Object Repository/Modulo Pruebas Capacitación/Crear_una_Necesidad_de_Capacitación/a_Cambiar Datos' is clicked on

2022-02-23 11:44:23 - [TEST_STEP][PASSED] - click(findTestObject("Modulo Pruebas Capacitación/Crear_una_Necesidad_de_Capacitación/a_Eliminar")): Object: 'Object Repository/Modulo Pruebas Capacitación/Crear_una_Necesidad_de_Capacitación/a_Eliminar' is clicked on

2022-02-23 11:44:24 - [MESSAGE][PASSED] - Object: 'Object Repository/Modulo Pruebas Capacitación/Crear_una_Necesidad_de_Capacitación/a_Eliminar' is clicked on

2022-02-23 11:44:24 - [TEST_STEP][PASSED] - click(findTestObject("Modulo Pruebas Capacitación/Crear_una_Necesidad_de_Capacitación/span_Si")): Object: 'Object Repository/Modulo Pruebas Capacitación/Crear_una_Necesidad_de_Capacitación/span_Si' is clicked on

2022-02-23 11:44:25 - [MESSAGE][PASSED] - Object: 'Object Repository/Modulo Pruebas Capacitación/Crear_una_Necesidad_de_Capacitación/span_Si' is clicked on

2022-02-23 11:44:25 - [TEST_STEP][PASSED] - click(findTestObject("Modulo Pruebas Capacitación/Crear_una_Necesidad_de_Capacitación/a_Aceptar_Eliminar")): Object: 'Object Repository/Modulo Pruebas Capacitación/Crear_una_Necesidad_de_Capacitación/a_Aceptar_Eliminar' is clicked on

2022-02-23 11:44:27 - [MESSAGE][PASSED] - Object: 'Object Repository/Modulo Pruebas Capacitación/Crear_una_Necesidad_de_Capacitación/a_Aceptar_Eliminar' is clicked on

2022-02-23 11:44:27 - [TEST_STEP][PASSED] - click(findTestObject("Modulo Pruebas Capacitación/Crear_una_Necesidad_de_Capacitación/a_Nuevo")): Object: 'Object Repository/Modulo Pruebas Capacitación/Crear_una_Necesidad_de_Capacitación/a_Nuevo' is clicked on

2022-02-23 11:44:27 - [MESSAGE][PASSED] - Object: 'Object Repository/Modulo Pruebas Capacitación/Crear_una_Necesidad_de_Capacitación/a_Nuevo' is clicked on

2022-02-23 11:44:27 - [TEST_STEP][PASSED] - click(findTestObject("Modulo Pruebas Capacitación/Crear_una_Necesidad_de_Capacitación/span_prueba np")): Object: 'Object Repository/Modulo Pruebas Capacitación/Crear_una_Necesidad_de_Capacitación/span_prueba np' is clicked on

2022-02-23 11:44:28 - [MESSAGE][PASSED] - Object: 'Object Repository/Modulo Pruebas Capacitación/Crear_una_Necesidad_de_Capacitación/span_prueba np' is clicked on

2022-02-23 11:44:28 - [TEST_STEP][PASSED] - click(findTestObject("Modulo Pruebas Capacitación/Crear_una_Necesidad_de_Capacitación/a_Nombre_formj_idt628")): Object: 'Object Repository/Modulo Pruebas Capacitación/Crear_una_Necesidad_de_Capacitación/a_Nombre_formj_idt628' is clicked on

2022-02-23 11:44:28 - [MESSAGE][PASSED] - Object: 'Object Repository/Modulo Pruebas Capacitación/Crear_una_Necesidad_de_Capacitación/a_Nombre_formj_idt628' is clicked on

2022-02-23 11:44:28 - [TEST_STEP][PASSED] - setText(findTestObject("Modulo Pruebas Capacitación/Crear_una_Necesidad_de_Capacitación/input_Filtro Hoja de Vida_formPopupHojaVidaj_idt1726"), "a"): Text 'a' is set on object 'Object Repository/Modulo Pruebas Capacitación/Crear_una_Necesidad_de_Capacitación/input_Filtro Hoja de Vida_formPopupHojaVidaj_idt1726'

2022-02-23 11:44:29 - [MESSAGE][PASSED] - Text 'a' is set on object 'Object Repository/Modulo Pruebas Capacitación/Crear_una_Necesidad_de_Capacitación/input_Filtro Hoja de Vida_formPopupHojaVidaj_idt1726'

2022-02-23 11:44:29 - [TEST_STEP][PASSED] - sendKeys(findTestObject("Modulo Pruebas Capacitación/Crear_una_Necesidad_de_Capacitación/input_Filtro Hoja de Vida_formPopupHojaVidaj_idt1726"), Keys.chord(ENTER)): Keys 'ENTER + ' sent to object: 'Object Repository/Modulo Pruebas Capacitación/Crear_una_Necesidad_de_Capacitación/input_Filtro Hoja de Vida_formPopupHojaVidaj_idt1726'

2022-02-23 11:44:30 - [MESSAGE][PASSED] - Keys 'ENTER + ' sent to object: 'Object Repository/Modulo Pruebas Capacitación/Crear_una_Necesidad_de_Capacitación/input_Filtro Hoja de Vida_formPopupHojaVidaj_idt1726'

2022-02-23 11:44:30 - [TEST_STEP][PASSED] - click(findTestObject("Modulo Pruebas Capacitación/Crear_una_Necesidad_de_Capacitación/span_A A A"), STOP_ON_FAILURE): Object: 'Object Repository/Modulo Pruebas Capacitación/Crear_una_Necesidad_de_Capacitación/span_A A A' is clicked on

2022-02-23 11:44:31 - [MESSAGE][PASSED] - Object: 'Object Repository/Modulo Pruebas Capacitación/Crear_una_Necesidad_de_Capacitación/span_A A A' is clicked on

2022-02-23 11:44:31 - [TEST_STEP][PASSED] - click(findTestObject("Modulo Pruebas Capacitación/Crear_una_Necesidad_de_Capacitación/a_Solicitado Por_formj_idt661")): Object: 'Object Repository/Modulo Pruebas Capacitación/Crear_una_Necesidad_de_Capacitación/a_Solicitado Por_formj_idt661' is clicked on

2022-02-23 11:44:31 - [MESSAGE][PASSED] - Object: 'Object Repository/Modulo Pruebas Capacitación/Crear_una_Necesidad_de_Capacitación/a_Solicitado Por_formj_idt661' is clicked on

2022-02-23 11:44:31 - [TEST_STEP][PASSED] - setText(findTestObject("Modulo Pruebas Capacitación/Crear_una_Necesidad_de_Capacitación/input_Filtro Hoja de Vida_formj_idt723"), "a"): Text 'a' is set on object 'Object Repository/Modulo Pruebas Capacitación/Crear_una_Necesidad_de_Capacitación/input_Filtro Hoja de Vida_formj_idt723'

2022-02-23 11:44:32 - [MESSAGE][PASSED] - Text 'a' is set on object 'Object Repository/Modulo Pruebas Capacitación/Crear_una_Necesidad_de_Capacitación/input_Filtro Hoja de Vida_formj_idt723'

2022-02-23 11:44:32 - [TEST_STEP][PASSED] - sendKeys(findTestObject("Modulo Pruebas Capacitación/Crear_una_Necesidad_de_Capacitación/input_Filtro Hoja de Vida_formj_idt723"), Keys.chord(ENTER)): Keys 'ENTER + ' sent to object: 'Object Repository/Modulo Pruebas Capacitación/Crear_una_Necesidad_de_Capacitación/input_Filtro Hoja de Vida_formj_idt723'

2022-02-23 11:44:33 - [MESSAGE][PASSED] - Keys 'ENTER + ' sent to object: 'Object Repository/Modulo Pruebas Capacitación/Crear_una_Necesidad_de_Capacitación/input_Filtro Hoja de Vida_formj_idt723'

2022-02-23 11:44:33 - [TEST_STEP][PASSED] - click(findTestObject("Modulo Pruebas Capacitación/Crear_una_Necesidad_de_Capacitación/span_Aalfalfa Aalfalfa Aalfalfa")): Object: 'Object Repository/Modulo Pruebas Capacitación/Crear_una_Necesidad_de_Capacitación/span_Aalfalfa Aalfalfa Aalfalfa' is clicked on

2022-02-23 11:44:33 - [MESSAGE][PASSED] - Object: 'Object Repository/Modulo Pruebas Capacitación/Crear_una_Necesidad_de_Capacitación/span_Aalfalfa Aalfalfa Aalfalfa' is clicked on

2022-02-23 11:44:33 - [TEST_STEP][PASSED] - click(findTestObject("Modulo Pruebas Capacitación/Crear_una_Necesidad_de_Capacitación/a_Guardar")): Object: 'Object Repository/Modulo Pruebas Capacitación/Crear_una_Necesidad_de_Capacitación/a_Guardar' is clicked on

2022-02-23 11:44:34 - [MESSAGE][PASSED] - Object: 'Object Repository/Modulo Pruebas Capacitación/Crear_una_Necesidad_de_Capacitación/a_Guardar' is clicked on

2022-02-23 11:44:34 - [TEST_STEP][PASSED] - closeBrowser(): Browser is closed

2022-02-23 11:44:35 - [MESSAGE][PASSED] - Browser is closed]]></system-out>
         <system-err><![CDATA[]]></system-err>
      </testcase>
      <testcase name="Test Cases/4.1-Pruebas_Capacitación/4.2.4-Reserva_de_Salones" time="29.512" classname="Test Cases/4.1-Pruebas_Capacitación/4.2.4-Reserva_de_Salones" status="PASSED">
         <system-out><![CDATA[2022-02-23 11:44:35 - [TEST_CASE][PASSED] - Test Cases/4.1-Pruebas_Capacitación/4.2.4-Reserva_de_Salones: Test Cases/4.1-Pruebas_Capacitación/4.2.4-Reserva_de_Salones

2022-02-23 11:44:35 - [TEST_STEP][PASSED] - callTestCase(findTestCase("0.1-Login"), [:], STOP_ON_FAILURE): Call Test Case 'Test Cases/0.1-Login' successfully

2022-02-23 11:44:35 - [TEST_CASE][PASSED] - Test Cases/0.1-Login: Test Cases/0.1-Login

2022-02-23 11:44:35 - [TEST_STEP][PASSED] - openBrowser(""): Browser is opened with url: ''

2022-02-23 11:44:35 - [MESSAGE][INFO] - Starting 'Chrome' driver

2022-02-23 11:44:35 - [MESSAGE][INFO] - Action delay is set to 0 milliseconds

2022-02-23 11:44:37 - [MESSAGE][PASSED] - Browser is opened with url: ''

2022-02-23 11:44:37 - [TEST_STEP][PASSED] - maximizeWindow(): Current window maximized

2022-02-23 11:44:37 - [MESSAGE][PASSED] - Current window maximized

2022-02-23 11:44:37 - [TEST_STEP][PASSED] - i = G_Login: null

2022-02-23 11:44:37 - [TEST_STEP][PASSED] - url = new java.net.URL(i): null

2022-02-23 11:44:37 - [TEST_STEP][PASSED] - println("URL: " + url.toString()): null

2022-02-23 11:44:37 - [TEST_STEP][PASSED] - connection = url.openConnection(): null

2022-02-23 11:44:37 - [TEST_STEP][PASSED] - connection.setRequestMethod("GET"): null

2022-02-23 11:44:37 - [TEST_STEP][PASSED] - connection.setReadTimeout(2 * 1000): null

2022-02-23 11:44:37 - [TEST_STEP][PASSED] - try: null

2022-02-23 11:44:37 - [TEST_STEP][PASSED] - connection.connect(): null

2022-02-23 11:44:37 - [TEST_STEP][PASSED] - flag = connected: null

2022-02-23 11:44:37 - [TEST_STEP][PASSED] - println("Valor_ori: " + flag): null

2022-02-23 11:44:37 - [TEST_STEP][PASSED] - if (flag): null

2022-02-23 11:44:37 - [TEST_STEP][PASSED] - navigateToUrl(i): Navigate to 'http://192.168.2.80:8380/saraweb' successfully

2022-02-23 11:44:37 - [MESSAGE][PASSED] - Navigate to 'http://192.168.2.80:8380/saraweb' successfully

2022-02-23 11:44:37 - [TEST_STEP][PASSED] - a(): null

2022-02-23 11:44:37 - [TEST_STEP][PASSED] - setText(findTestObject("Login/input_USUARIO_loginusuario"), G_Usuario): Text 'saraadmin' is set on object 'Object Repository/Login/input_USUARIO_loginusuario'

2022-02-23 11:44:38 - [MESSAGE][PASSED] - Text 'saraadmin' is set on object 'Object Repository/Login/input_USUARIO_loginusuario'

2022-02-23 11:44:38 - [TEST_STEP][PASSED] - setEncryptedText(findTestObject("Login/input_CLAVE_loginpassword"), "MkG4/TYiCFC3cb2driP7+Q=="): Text ****** has been set on object 'Object Repository/Login/input_CLAVE_loginpassword'

2022-02-23 11:44:38 - [MESSAGE][PASSED] - Text ****** has been set on object 'Object Repository/Login/input_CLAVE_loginpassword'

2022-02-23 11:44:38 - [TEST_STEP][PASSED] - waitForElementClickable(findTestObject("Login/a_Ingresar"), G_TimeOut): Object 'Object Repository/Login/a_Ingresar' is clickable

2022-02-23 11:44:39 - [MESSAGE][PASSED] - Object 'Object Repository/Login/a_Ingresar' is clickable

2022-02-23 11:44:39 - [TEST_STEP][PASSED] - click(findTestObject("Login/a_Ingresar")): Object: 'Object Repository/Login/a_Ingresar' is clicked on

2022-02-23 11:44:40 - [MESSAGE][PASSED] - Object: 'Object Repository/Login/a_Ingresar' is clicked on

2022-02-23 11:44:40 - [TEST_STEP][PASSED] - element = findWebElement(findTestObject("Login/a_Ir"), 30): null

2022-02-23 11:44:40 - [TEST_STEP][PASSED] - executeJavaScript("arguments[0].click()", Arrays.asList(element)): Execute JavaScript 'arguments[0].click()' successfully

2022-02-23 11:44:40 - [MESSAGE][PASSED] - Execute JavaScript 'arguments[0].click()' successfully

2022-02-23 11:44:40 - [MESSAGE][PASSED] - Call Test Case 'Test Cases/0.1-Login' successfully

2022-02-23 11:44:40 - [TEST_STEP][PASSED] - setText(findTestObject("Modulo Pruebas Capacitación/Reserva_de_Salones/input_Listado Necesidad Capacitacin_form_templatej_idt24_input"), "Reserva de Salones"): Text 'Reserva de Salones' is set on object 'Object Repository/Modulo Pruebas Capacitación/Reserva_de_Salones/input_Listado Necesidad Capacitacin_form_templatej_idt24_input'

2022-02-23 11:44:42 - [MESSAGE][PASSED] - Text 'Reserva de Salones' is set on object 'Object Repository/Modulo Pruebas Capacitación/Reserva_de_Salones/input_Listado Necesidad Capacitacin_form_templatej_idt24_input'

2022-02-23 11:44:42 - [TEST_STEP][PASSED] - click(findTestObject("Modulo Pruebas Capacitación/Reserva_de_Salones/span_Reserva de Salones")): Object: 'Object Repository/Modulo Pruebas Capacitación/Reserva_de_Salones/span_Reserva de Salones' is clicked on

2022-02-23 11:44:43 - [MESSAGE][PASSED] - Object: 'Object Repository/Modulo Pruebas Capacitación/Reserva_de_Salones/span_Reserva de Salones' is clicked on

2022-02-23 11:44:43 - [TEST_STEP][PASSED] - click(findTestObject("Modulo Pruebas Capacitación/Reserva_de_Salones/td_Sala de Juntas")): Object: 'Object Repository/Modulo Pruebas Capacitación/Reserva_de_Salones/td_Sala de Juntas' is clicked on

2022-02-23 11:44:45 - [MESSAGE][PASSED] - Object: 'Object Repository/Modulo Pruebas Capacitación/Reserva_de_Salones/td_Sala de Juntas' is clicked on

2022-02-23 11:44:45 - [TEST_STEP][PASSED] - if (waitForElementPresent(findTestObject("Modulo Pruebas Capacitación/Reserva_de_Salones/span_Pruebas ka"), 1)): null

2022-02-23 11:44:46 - [MESSAGE][PASSED] - Object 'Object Repository/Modulo Pruebas Capacitación/Reserva_de_Salones/span_Pruebas ka' is present

2022-02-23 11:44:46 - [TEST_STEP][PASSED] - click(findTestObject("Modulo Pruebas Capacitación/Reserva_de_Salones/span_Pruebas ka")): Object: 'Object Repository/Modulo Pruebas Capacitación/Reserva_de_Salones/span_Pruebas ka' is clicked on

2022-02-23 11:44:46 - [MESSAGE][PASSED] - Object: 'Object Repository/Modulo Pruebas Capacitación/Reserva_de_Salones/span_Pruebas ka' is clicked on

2022-02-23 11:44:46 - [TEST_STEP][PASSED] - element = findWebElement(findTestObject("Modulo Pruebas Capacitación/Reserva_de_Salones/a_Eliminar"), 30): null

2022-02-23 11:44:47 - [TEST_STEP][PASSED] - executeJavaScript("arguments[0].click()", Arrays.asList(element)): Execute JavaScript 'arguments[0].click()' successfully

2022-02-23 11:44:47 - [MESSAGE][PASSED] - Execute JavaScript 'arguments[0].click()' successfully

2022-02-23 11:44:47 - [TEST_STEP][PASSED] - click(findTestObject("Modulo Pruebas Capacitación/Reserva_de_Salones/a_Aceptar")): Object: 'Object Repository/Modulo Pruebas Capacitación/Reserva_de_Salones/a_Aceptar' is clicked on

2022-02-23 11:44:50 - [MESSAGE][PASSED] - Object: 'Object Repository/Modulo Pruebas Capacitación/Reserva_de_Salones/a_Aceptar' is clicked on

2022-02-23 11:44:50 - [TEST_STEP][PASSED] - click(findTestObject("Modulo Pruebas Capacitación/Reserva_de_Salones/span_----")): Object: 'Object Repository/Modulo Pruebas Capacitación/Reserva_de_Salones/span_----' is clicked on

2022-02-23 11:44:50 - [MESSAGE][PASSED] - Object: 'Object Repository/Modulo Pruebas Capacitación/Reserva_de_Salones/span_----' is clicked on

2022-02-23 11:44:50 - [TEST_STEP][PASSED] - setText(findTestObject("Modulo Pruebas Capacitación/Reserva_de_Salones/textarea_Tema_popup_form_reservaSalonestema"), "Pruebas ka"): Text 'Pruebas ka' is set on object 'Object Repository/Modulo Pruebas Capacitación/Reserva_de_Salones/textarea_Tema_popup_form_reservaSalonestema'

2022-02-23 11:44:51 - [MESSAGE][PASSED] - Text 'Pruebas ka' is set on object 'Object Repository/Modulo Pruebas Capacitación/Reserva_de_Salones/textarea_Tema_popup_form_reservaSalonestema'

2022-02-23 11:44:51 - [TEST_STEP][PASSED] - selectOptionByIndex(findTestObject("Modulo Pruebas Capacitación/Reserva_de_Salones/select_0830 AM0900 AM0930"), 1): All options with index in [1] are selected on object 'Object Repository/Modulo Pruebas Capacitación/Reserva_de_Salones/select_0830 AM0900 AM0930'

2022-02-23 11:44:53 - [MESSAGE][PASSED] - All options with index in [1] are selected on object 'Object Repository/Modulo Pruebas Capacitación/Reserva_de_Salones/select_0830 AM0900 AM0930'

2022-02-23 11:44:53 - [TEST_STEP][PASSED] - setText(findTestObject("Modulo Pruebas Capacitación/Reserva_de_Salones/input_Nmero Asistentes_popup_form_reservaSalonescantidad"), "20"): Text '20' is set on object 'Object Repository/Modulo Pruebas Capacitación/Reserva_de_Salones/input_Nmero Asistentes_popup_form_reservaSalonescantidad'

2022-02-23 11:44:53 - [MESSAGE][PASSED] - Text '20' is set on object 'Object Repository/Modulo Pruebas Capacitación/Reserva_de_Salones/input_Nmero Asistentes_popup_form_reservaSalonescantidad'

2022-02-23 11:44:53 - [TEST_STEP][PASSED] - setText(findTestObject("Modulo Pruebas Capacitación/Reserva_de_Salones/textarea_Requerimiento_popup_form_reservaSalonesrequerimiento"), "Ninguno"): Text 'Ninguno' is set on object 'Object Repository/Modulo Pruebas Capacitación/Reserva_de_Salones/textarea_Requerimiento_popup_form_reservaSalonesrequerimiento'

2022-02-23 11:44:54 - [MESSAGE][PASSED] - Text 'Ninguno' is set on object 'Object Repository/Modulo Pruebas Capacitación/Reserva_de_Salones/textarea_Requerimiento_popup_form_reservaSalonesrequerimiento'

2022-02-23 11:44:54 - [TEST_STEP][PASSED] - setText(findTestObject("Modulo Pruebas Capacitación/Reserva_de_Salones/textarea_Observacin_popup_form_reservaSalonesobservacion"), "Ninguna"): Text 'Ninguna' is set on object 'Object Repository/Modulo Pruebas Capacitación/Reserva_de_Salones/textarea_Observacin_popup_form_reservaSalonesobservacion'

2022-02-23 11:44:55 - [MESSAGE][PASSED] - Text 'Ninguna' is set on object 'Object Repository/Modulo Pruebas Capacitación/Reserva_de_Salones/textarea_Observacin_popup_form_reservaSalonesobservacion'

2022-02-23 11:44:55 - [TEST_STEP][PASSED] - click(findTestObject("Modulo Pruebas Capacitación/Reserva_de_Salones/a_Solicitante_popup_form_reservaSalonesj_idt173")): Object: 'Object Repository/Modulo Pruebas Capacitación/Reserva_de_Salones/a_Solicitante_popup_form_reservaSalonesj_idt173' is clicked on

2022-02-23 11:44:55 - [MESSAGE][PASSED] - Object: 'Object Repository/Modulo Pruebas Capacitación/Reserva_de_Salones/a_Solicitante_popup_form_reservaSalonesj_idt173' is clicked on

2022-02-23 11:44:55 - [TEST_STEP][PASSED] - setText(findTestObject("Modulo Pruebas Capacitación/Reserva_de_Salones/input_Filtro Hoja de Vida_formPopupHojaVidaj_idt205"), "a"): Text 'a' is set on object 'Object Repository/Modulo Pruebas Capacitación/Reserva_de_Salones/input_Filtro Hoja de Vida_formPopupHojaVidaj_idt205'

2022-02-23 11:44:57 - [MESSAGE][PASSED] - Text 'a' is set on object 'Object Repository/Modulo Pruebas Capacitación/Reserva_de_Salones/input_Filtro Hoja de Vida_formPopupHojaVidaj_idt205'

2022-02-23 11:44:57 - [TEST_STEP][PASSED] - sendKeys(findTestObject("Modulo Pruebas Capacitación/Reserva_de_Salones/input_Filtro Hoja de Vida_formPopupHojaVidaj_idt205"), Keys.chord(ENTER)): Keys 'ENTER + ' sent to object: 'Object Repository/Modulo Pruebas Capacitación/Reserva_de_Salones/input_Filtro Hoja de Vida_formPopupHojaVidaj_idt205'

2022-02-23 11:44:57 - [MESSAGE][PASSED] - Keys 'ENTER + ' sent to object: 'Object Repository/Modulo Pruebas Capacitación/Reserva_de_Salones/input_Filtro Hoja de Vida_formPopupHojaVidaj_idt205'

2022-02-23 11:44:57 - [TEST_STEP][PASSED] - click(findTestObject("Modulo Pruebas Capacitación/Reserva_de_Salones/td_A A A")): Object: 'Object Repository/Modulo Pruebas Capacitación/Reserva_de_Salones/td_A A A' is clicked on

2022-02-23 11:44:58 - [MESSAGE][PASSED] - Object: 'Object Repository/Modulo Pruebas Capacitación/Reserva_de_Salones/td_A A A' is clicked on

2022-02-23 11:44:58 - [TEST_STEP][PASSED] - click(findTestObject("Modulo Pruebas Capacitación/Reserva_de_Salones/a_Responsable de reservacin_popup_form_reservaSalonesj_idt177")): Object: 'Object Repository/Modulo Pruebas Capacitación/Reserva_de_Salones/a_Responsable de reservacin_popup_form_reservaSalonesj_idt177' is clicked on

2022-02-23 11:44:59 - [MESSAGE][PASSED] - Object: 'Object Repository/Modulo Pruebas Capacitación/Reserva_de_Salones/a_Responsable de reservacin_popup_form_reservaSalonesj_idt177' is clicked on

2022-02-23 11:44:59 - [TEST_STEP][PASSED] - setText(findTestObject("Modulo Pruebas Capacitación/Reserva_de_Salones/input_Filtro Hoja de Vida_formPopupHojaVidaj_idt205"), "a"): Text 'a' is set on object 'Object Repository/Modulo Pruebas Capacitación/Reserva_de_Salones/input_Filtro Hoja de Vida_formPopupHojaVidaj_idt205'

2022-02-23 11:45:00 - [MESSAGE][PASSED] - Text 'a' is set on object 'Object Repository/Modulo Pruebas Capacitación/Reserva_de_Salones/input_Filtro Hoja de Vida_formPopupHojaVidaj_idt205'

2022-02-23 11:45:00 - [TEST_STEP][PASSED] - sendKeys(findTestObject("Modulo Pruebas Capacitación/Reserva_de_Salones/input_Filtro Hoja de Vida_formPopupHojaVidaj_idt205"), Keys.chord(ENTER)): Keys 'ENTER + ' sent to object: 'Object Repository/Modulo Pruebas Capacitación/Reserva_de_Salones/input_Filtro Hoja de Vida_formPopupHojaVidaj_idt205'

2022-02-23 11:45:00 - [MESSAGE][PASSED] - Keys 'ENTER + ' sent to object: 'Object Repository/Modulo Pruebas Capacitación/Reserva_de_Salones/input_Filtro Hoja de Vida_formPopupHojaVidaj_idt205'

2022-02-23 11:45:00 - [TEST_STEP][PASSED] - click(findTestObject("Modulo Pruebas Capacitación/Reserva_de_Salones/span_A A A"), STOP_ON_FAILURE): Object: 'Object Repository/Modulo Pruebas Capacitación/Reserva_de_Salones/span_A A A' is clicked on

2022-02-23 11:45:02 - [MESSAGE][PASSED] - Object: 'Object Repository/Modulo Pruebas Capacitación/Reserva_de_Salones/span_A A A' is clicked on

2022-02-23 11:45:02 - [TEST_STEP][PASSED] - executeJavaScript("document.body.style.zoom='100%'", null): Execute JavaScript 'document.body.style.zoom='100%'' successfully

2022-02-23 11:45:02 - [MESSAGE][PASSED] - Execute JavaScript 'document.body.style.zoom='100%'' successfully

2022-02-23 11:45:02 - [TEST_STEP][PASSED] - delay(2): Delayed 2 second(s)

2022-02-23 11:45:04 - [MESSAGE][PASSED] - Delayed 2 second(s)

2022-02-23 11:45:04 - [TEST_STEP][PASSED] - scrollToPosition(400, 4000): Browser is scrolled to position x = 400, y = 4000

2022-02-23 11:45:04 - [MESSAGE][PASSED] - Browser is scrolled to position x = 400, y = 4000

2022-02-23 11:45:04 - [TEST_STEP][PASSED] - element = findWebElement(findTestObject("Modulo Pruebas Capacitación/Reserva_de_Salones/a_Guardar"), 30): null

2022-02-23 11:45:04 - [TEST_STEP][PASSED] - executeJavaScript("arguments[0].click()", Arrays.asList(element)): Execute JavaScript 'arguments[0].click()' successfully

2022-02-23 11:45:04 - [MESSAGE][PASSED] - Execute JavaScript 'arguments[0].click()' successfully]]></system-out>
         <system-err><![CDATA[]]></system-err>
      </testcase>
      <system-out><![CDATA[2022-02-23 11:38:29 - [TEST_SUITE][PASSED] - 4-pruebas capacitación: Test Cases/4.1-Pruebas_Capacitación/4.2.4-Reserva_de_Salones]]></system-out>
      <system-err><![CDATA[]]></system-err>
   </testsuite>
</testsuites>
