<?xml version="1.0" encoding="UTF-8"?>
<testsuites name="2-Pruebas hoja de vida" time="379.042" tests="10" failures="1" errors="0">
   <testsuite name="2-Pruebas hoja de vida" tests="10" failures="1" errors="0" time="379.042" skipped="0" timestamp="2022-03-28 09:17:20" hostname="diego.rojas - US-AF-000371" id="Test Suites/Test_Suite_Secundaria/2-Pruebas hoja de vida">
      <properties>
         <property name="deviceName" value=""/>
         <property name="devicePlatform" value=""/>
         <property name="logFolder" value="C:\\Users\\diego.rojas\\git\\Pruebas-Minimas\\Reports\\20220328_084605\\Test_Suite_Secundaria\\2-Pruebas hoja de vida\\20220328_091402"/>
         <property name="logFiles" value="C:\\Users\\diego.rojas\\git\\Pruebas-Minimas\\Reports\\20220328_084605\\Test_Suite_Secundaria\\2-Pruebas hoja de vida\\20220328_091402\\execution0.log"/>
         <property name="attachments" value="C:\\Users\\diego.rojas\\git\\Pruebas-Minimas\\Reports\\20220328_084605\\Test_Suite_Secundaria\\2-Pruebas hoja de vida\\20220328_091402\\1648477399241.png"/>
         <property name="hostName" value="diego.rojas - US-AF-000371"/>
         <property name="os" value="Windows 10 64bit"/>
         <property name="katalonVersion" value="8.2.5.208"/>
         <property name="browser" value="Chrome 99.0.4844.82"/>
         <property name="hostAddress" value="192.168.56.1"/>
         <property name="sessionId" value="5fa2348ad203bb0a05a138ed7381ed72"/>
         <property name="seleniumVersion" value="3.141.59"/>
         <property name="proxyInformation" value="ProxyInformation { proxyOption=NO_PROXY, proxyServerType=HTTP, username=, password=********, proxyServerAddress=, proxyServerPort=0, executionList=&quot;&quot;, isApplyToDesiredCapabilities=true }"/>
         <property name="platform" value="Windows 10"/>
      </properties>
      <testcase name="Test Cases/1.2-Tareas_Secundarias/2.1-Pruebas_Hoja_de_Vida/2.1.0-Nueva_Categoria" time="62.673" classname="Test Cases/1.2-Tareas_Secundarias/2.1-Pruebas_Hoja_de_Vida/2.1.0-Nueva_Categoria" status="PASSED">
         <system-out><![CDATA[2022-03-28 09:17:21 - [TEST_CASE][PASSED] - Test Cases/1.2-Tareas_Secundarias/2.1-Pruebas_Hoja_de_Vida/2.1.0-Nueva_Categoria: Test Cases/1.2-Tareas_Secundarias/2.1-Pruebas_Hoja_de_Vida/2.1.0-Nueva_Categoria

2022-03-28 09:17:22 - [TEST_STEP][PASSED] - callTestCase(findTestCase("0.1-Login"), [:], STOP_ON_FAILURE): Call Test Case 'Test Cases/0.1-Login' successfully

2022-03-28 09:17:23 - [TEST_CASE][PASSED] - Test Cases/0.1-Login: Test Cases/0.1-Login

2022-03-28 09:17:24 - [TEST_STEP][PASSED] - openBrowser(""): Browser is opened with url: ''

2022-03-28 09:17:25 - [MESSAGE][INFO] - Starting 'Chrome' driver

2022-03-28 09:17:25 - [MESSAGE][INFO] - Action delay is set to 50 milliseconds

2022-03-28 09:17:31 - [MESSAGE][PASSED] - Browser is opened with url: ''

2022-03-28 09:17:31 - [TEST_STEP][PASSED] - maximizeWindow(): Current window maximized

2022-03-28 09:17:31 - [MESSAGE][PASSED] - Current window maximized

2022-03-28 09:17:31 - [TEST_STEP][PASSED] - i = G_Login: null

2022-03-28 09:17:36 - [TEST_STEP][PASSED] - url = new java.net.URL(i): null

2022-03-28 09:17:36 - [TEST_STEP][PASSED] - println("URL: " + url.toString()): null

2022-03-28 09:17:36 - [TEST_STEP][PASSED] - connection = url.openConnection(): null

2022-03-28 09:17:36 - [TEST_STEP][PASSED] - connection.setRequestMethod("GET"): null

2022-03-28 09:17:36 - [TEST_STEP][PASSED] - connection.setReadTimeout(2 * 1000): null

2022-03-28 09:17:36 - [TEST_STEP][PASSED] - try: null

2022-03-28 09:17:36 - [TEST_STEP][PASSED] - connection.connect(): null

2022-03-28 09:17:36 - [TEST_STEP][PASSED] - flag = connected: null

2022-03-28 09:17:36 - [TEST_STEP][PASSED] - println("Valor_ori: " + flag): null

2022-03-28 09:17:36 - [TEST_STEP][PASSED] - if (flag): null

2022-03-28 09:17:36 - [TEST_STEP][PASSED] - navigateToUrl(i): Navigate to 'http://192.168.2.19:8380/saraweb' successfully

2022-03-28 09:17:39 - [MESSAGE][PASSED] - Navigate to 'http://192.168.2.19:8380/saraweb' successfully

2022-03-28 09:17:39 - [TEST_STEP][PASSED] - a(): null

2022-03-28 09:17:39 - [TEST_STEP][PASSED] - setText(findTestObject("Login/input_USUARIO_loginusuario"), G_Usuario): Text 'saraadmin' is set on object 'Object Repository/Login/input_USUARIO_loginusuario'

2022-03-28 09:17:42 - [MESSAGE][PASSED] - Text 'saraadmin' is set on object 'Object Repository/Login/input_USUARIO_loginusuario'

2022-03-28 09:17:42 - [TEST_STEP][PASSED] - setEncryptedText(findTestObject("Login/input_CLAVE_loginpassword"), "MkG4/TYiCFC3cb2driP7+Q=="): Text ****** has been set on object 'Object Repository/Login/input_CLAVE_loginpassword'

2022-03-28 09:17:47 - [MESSAGE][PASSED] - Text ****** has been set on object 'Object Repository/Login/input_CLAVE_loginpassword'

2022-03-28 09:17:47 - [TEST_STEP][PASSED] - waitForElementClickable(findTestObject("Login/a_Ingresar"), G_TimeOut): Object 'Object Repository/Login/a_Ingresar' is clickable

2022-03-28 09:17:48 - [MESSAGE][PASSED] - Object 'Object Repository/Login/a_Ingresar' is clickable

2022-03-28 09:17:48 - [TEST_STEP][PASSED] - click(findTestObject("Login/a_Ingresar")): Object: 'Object Repository/Login/a_Ingresar' is clicked on

2022-03-28 09:17:55 - [MESSAGE][PASSED] - Object: 'Object Repository/Login/a_Ingresar' is clicked on

2022-03-28 09:17:55 - [TEST_STEP][PASSED] - element = findWebElement(findTestObject("Login/a_Ir"), 30): null

2022-03-28 09:17:58 - [TEST_STEP][PASSED] - executeJavaScript("arguments[0].click()", Arrays.asList(element)): Execute JavaScript 'arguments[0].click()' successfully

2022-03-28 09:17:58 - [MESSAGE][PASSED] - Execute JavaScript 'arguments[0].click()' successfully

2022-03-28 09:17:58 - [MESSAGE][PASSED] - Call Test Case 'Test Cases/0.1-Login' successfully

2022-03-28 09:17:58 - [TEST_STEP][PASSED] - waitForElementClickable(findTestObject("Pruebas_Hoja_de_Vida/Nueva_Categoria/span_Categora_buscar glyphicons glyphicons-search"), 0): Object 'Object Repository/Pruebas_Hoja_de_Vida/Nueva_Categoria/span_Categora_buscar glyphicons glyphicons-search' is clickable

2022-03-28 09:17:59 - [MESSAGE][WARNING] - Timeout '0' is invalid. Using default page load timeout: '45'

2022-03-28 09:18:01 - [MESSAGE][PASSED] - Object 'Object Repository/Pruebas_Hoja_de_Vida/Nueva_Categoria/span_Categora_buscar glyphicons glyphicons-search' is clickable

2022-03-28 09:18:01 - [TEST_STEP][PASSED] - setText(findTestObject("Pruebas_Hoja_de_Vida/Nueva_Categoria/span_Categora_buscar glyphicons glyphicons-search"), "categoria"): Text 'categoria' is set on object 'Object Repository/Pruebas_Hoja_de_Vida/Nueva_Categoria/span_Categora_buscar glyphicons glyphicons-search'

2022-03-28 09:18:05 - [MESSAGE][PASSED] - Text 'categoria' is set on object 'Object Repository/Pruebas_Hoja_de_Vida/Nueva_Categoria/span_Categora_buscar glyphicons glyphicons-search'

2022-03-28 09:18:05 - [TEST_STEP][PASSED] - waitForElementVisible(findTestObject("Pruebas_Hoja_de_Vida/Nueva_Categoria/span_categoria"), 0): Object 'Object Repository/Pruebas_Hoja_de_Vida/Nueva_Categoria/span_categoria' is visible

2022-03-28 09:18:05 - [MESSAGE][WARNING] - Timeout '0' is invalid. Using default page load timeout: '45'

2022-03-28 09:18:06 - [MESSAGE][PASSED] - Object 'Object Repository/Pruebas_Hoja_de_Vida/Nueva_Categoria/span_categoria' is visible

2022-03-28 09:18:06 - [TEST_STEP][PASSED] - click(findTestObject("Pruebas_Hoja_de_Vida/Nueva_Categoria/span_categoria")): Object: 'Object Repository/Pruebas_Hoja_de_Vida/Nueva_Categoria/span_categoria' is clicked on

2022-03-28 09:18:08 - [MESSAGE][PASSED] - Object: 'Object Repository/Pruebas_Hoja_de_Vida/Nueva_Categoria/span_categoria' is clicked on

2022-03-28 09:18:08 - [TEST_STEP][PASSED] - setText(findTestObject("Pruebas_Hoja_de_Vida/Nueva_Categoria/input_Actos Administrativos_form_categoriaSeccionj_idt61"), "prueba"): Text 'prueba' is set on object 'Object Repository/Pruebas_Hoja_de_Vida/Nueva_Categoria/input_Actos Administrativos_form_categoriaSeccionj_idt61'

2022-03-28 09:18:10 - [MESSAGE][PASSED] - Text 'prueba' is set on object 'Object Repository/Pruebas_Hoja_de_Vida/Nueva_Categoria/input_Actos Administrativos_form_categoriaSeccionj_idt61'

2022-03-28 09:18:10 - [TEST_STEP][PASSED] - sendKeys(findTestObject("Pruebas_Hoja_de_Vida/Nueva_Categoria/input_Actos Administrativos_form_categoriaSeccionj_idt61"), Keys.chord(ENTER)): Keys 'ENTER + ' sent to object: 'Object Repository/Pruebas_Hoja_de_Vida/Nueva_Categoria/input_Actos Administrativos_form_categoriaSeccionj_idt61'

2022-03-28 09:18:11 - [MESSAGE][PASSED] - Keys 'ENTER + ' sent to object: 'Object Repository/Pruebas_Hoja_de_Vida/Nueva_Categoria/input_Actos Administrativos_form_categoriaSeccionj_idt61'

2022-03-28 09:18:11 - [TEST_STEP][PASSED] - if (waitForElementClickable(findTestObject("Pruebas_Hoja_de_Vida/Nueva_Categoria/span_prueba"), 1)): null

2022-03-28 09:18:12 - [MESSAGE][PASSED] - Object 'Object Repository/Pruebas_Hoja_de_Vida/Nueva_Categoria/span_prueba' is clickable

2022-03-28 09:18:12 - [TEST_STEP][PASSED] - click(findTestObject("Pruebas_Hoja_de_Vida/Nueva_Categoria/span_prueba")): Object: 'Object Repository/Pruebas_Hoja_de_Vida/Nueva_Categoria/span_prueba' is clicked on

2022-03-28 09:18:12 - [MESSAGE][PASSED] - Object: 'Object Repository/Pruebas_Hoja_de_Vida/Nueva_Categoria/span_prueba' is clicked on

2022-03-28 09:18:12 - [TEST_STEP][PASSED] - click(findTestObject("Pruebas_Hoja_de_Vida/Nueva_Categoria/a_Eliminar")): Object: 'Object Repository/Pruebas_Hoja_de_Vida/Nueva_Categoria/a_Eliminar' is clicked on

2022-03-28 09:18:14 - [MESSAGE][PASSED] - Object: 'Object Repository/Pruebas_Hoja_de_Vida/Nueva_Categoria/a_Eliminar' is clicked on

2022-03-28 09:18:14 - [TEST_STEP][PASSED] - click(findTestObject("Pruebas_Hoja_de_Vida/Nueva_Categoria/a_Aceptar")): Object: 'Object Repository/Pruebas_Hoja_de_Vida/Nueva_Categoria/a_Aceptar' is clicked on

2022-03-28 09:18:15 - [MESSAGE][PASSED] - Object: 'Object Repository/Pruebas_Hoja_de_Vida/Nueva_Categoria/a_Aceptar' is clicked on

2022-03-28 09:18:15 - [TEST_STEP][PASSED] - click(findTestObject("Pruebas_Hoja_de_Vida/Nueva_Categoria/a_Nuevo")): Object: 'Object Repository/Pruebas_Hoja_de_Vida/Nueva_Categoria/a_Nuevo' is clicked on

2022-03-28 09:18:18 - [MESSAGE][PASSED] - Object: 'Object Repository/Pruebas_Hoja_de_Vida/Nueva_Categoria/a_Nuevo' is clicked on

2022-03-28 09:18:18 - [TEST_STEP][PASSED] - setText(findTestObject("Pruebas_Hoja_de_Vida/Nueva_Categoria/input_Descripcin_form_categoriaSecciondescripcion"), "prueba"): Text 'prueba' is set on object 'Object Repository/Pruebas_Hoja_de_Vida/Nueva_Categoria/input_Descripcin_form_categoriaSecciondescripcion'

2022-03-28 09:18:19 - [MESSAGE][PASSED] - Text 'prueba' is set on object 'Object Repository/Pruebas_Hoja_de_Vida/Nueva_Categoria/input_Descripcin_form_categoriaSecciondescripcion'

2022-03-28 09:18:19 - [TEST_STEP][PASSED] - setText(findTestObject("Pruebas_Hoja_de_Vida/Nueva_Categoria/input_Orden_form_categoriaSeccionorden"), "5"): Text '5' is set on object 'Object Repository/Pruebas_Hoja_de_Vida/Nueva_Categoria/input_Orden_form_categoriaSeccionorden'

2022-03-28 09:18:20 - [MESSAGE][PASSED] - Text '5' is set on object 'Object Repository/Pruebas_Hoja_de_Vida/Nueva_Categoria/input_Orden_form_categoriaSeccionorden'

2022-03-28 09:18:20 - [TEST_STEP][PASSED] - click(findTestObject("Pruebas_Hoja_de_Vida/Nueva_Categoria/a_Guardar")): Object: 'Object Repository/Pruebas_Hoja_de_Vida/Nueva_Categoria/a_Guardar' is clicked on

2022-03-28 09:18:21 - [MESSAGE][PASSED] - Object: 'Object Repository/Pruebas_Hoja_de_Vida/Nueva_Categoria/a_Guardar' is clicked on

2022-03-28 09:18:21 - [TEST_STEP][PASSED] - closeBrowser(): Browser is closed

2022-03-28 09:18:23 - [MESSAGE][PASSED] - Browser is closed]]></system-out>
         <system-err><![CDATA[]]></system-err>
      </testcase>
      <testcase name="Test Cases/1.2-Tareas_Secundarias/2.1-Pruebas_Hoja_de_Vida/2.1.1-Nueva_Seccion" time="40.591" classname="Test Cases/1.2-Tareas_Secundarias/2.1-Pruebas_Hoja_de_Vida/2.1.1-Nueva_Seccion" status="PASSED">
         <system-out><![CDATA[2022-03-28 09:18:23 - [TEST_CASE][PASSED] - Test Cases/1.2-Tareas_Secundarias/2.1-Pruebas_Hoja_de_Vida/2.1.1-Nueva_Seccion: Test Cases/1.2-Tareas_Secundarias/2.1-Pruebas_Hoja_de_Vida/2.1.1-Nueva_Seccion

2022-03-28 09:18:24 - [TEST_STEP][PASSED] - callTestCase(findTestCase("0.1-Login"), [:], STOP_ON_FAILURE): Call Test Case 'Test Cases/0.1-Login' successfully

2022-03-28 09:18:24 - [TEST_CASE][PASSED] - Test Cases/0.1-Login: Test Cases/0.1-Login

2022-03-28 09:18:24 - [TEST_STEP][PASSED] - openBrowser(""): Browser is opened with url: ''

2022-03-28 09:18:24 - [MESSAGE][INFO] - Starting 'Chrome' driver

2022-03-28 09:18:24 - [MESSAGE][INFO] - Action delay is set to 50 milliseconds

2022-03-28 09:18:26 - [MESSAGE][PASSED] - Browser is opened with url: ''

2022-03-28 09:18:26 - [TEST_STEP][PASSED] - maximizeWindow(): Current window maximized

2022-03-28 09:18:26 - [MESSAGE][PASSED] - Current window maximized

2022-03-28 09:18:26 - [TEST_STEP][PASSED] - i = G_Login: null

2022-03-28 09:18:26 - [TEST_STEP][PASSED] - url = new java.net.URL(i): null

2022-03-28 09:18:26 - [TEST_STEP][PASSED] - println("URL: " + url.toString()): null

2022-03-28 09:18:26 - [TEST_STEP][PASSED] - connection = url.openConnection(): null

2022-03-28 09:18:26 - [TEST_STEP][PASSED] - connection.setRequestMethod("GET"): null

2022-03-28 09:18:26 - [TEST_STEP][PASSED] - connection.setReadTimeout(2 * 1000): null

2022-03-28 09:18:26 - [TEST_STEP][PASSED] - try: null

2022-03-28 09:18:26 - [TEST_STEP][PASSED] - connection.connect(): null

2022-03-28 09:18:26 - [TEST_STEP][PASSED] - flag = connected: null

2022-03-28 09:18:26 - [TEST_STEP][PASSED] - println("Valor_ori: " + flag): null

2022-03-28 09:18:26 - [TEST_STEP][PASSED] - if (flag): null

2022-03-28 09:18:26 - [TEST_STEP][PASSED] - navigateToUrl(i): Navigate to 'http://192.168.2.19:8380/saraweb' successfully

2022-03-28 09:18:27 - [MESSAGE][PASSED] - Navigate to 'http://192.168.2.19:8380/saraweb' successfully

2022-03-28 09:18:27 - [TEST_STEP][PASSED] - a(): null

2022-03-28 09:18:27 - [TEST_STEP][PASSED] - setText(findTestObject("Login/input_USUARIO_loginusuario"), G_Usuario): Text 'saraadmin' is set on object 'Object Repository/Login/input_USUARIO_loginusuario'

2022-03-28 09:18:28 - [MESSAGE][PASSED] - Text 'saraadmin' is set on object 'Object Repository/Login/input_USUARIO_loginusuario'

2022-03-28 09:18:28 - [TEST_STEP][PASSED] - setEncryptedText(findTestObject("Login/input_CLAVE_loginpassword"), "MkG4/TYiCFC3cb2driP7+Q=="): Text ****** has been set on object 'Object Repository/Login/input_CLAVE_loginpassword'

2022-03-28 09:18:29 - [MESSAGE][PASSED] - Text ****** has been set on object 'Object Repository/Login/input_CLAVE_loginpassword'

2022-03-28 09:18:29 - [TEST_STEP][PASSED] - waitForElementClickable(findTestObject("Login/a_Ingresar"), G_TimeOut): Object 'Object Repository/Login/a_Ingresar' is clickable

2022-03-28 09:18:30 - [MESSAGE][PASSED] - Object 'Object Repository/Login/a_Ingresar' is clickable

2022-03-28 09:18:30 - [TEST_STEP][PASSED] - click(findTestObject("Login/a_Ingresar")): Object: 'Object Repository/Login/a_Ingresar' is clicked on

2022-03-28 09:18:32 - [MESSAGE][PASSED] - Object: 'Object Repository/Login/a_Ingresar' is clicked on

2022-03-28 09:18:32 - [TEST_STEP][PASSED] - element = findWebElement(findTestObject("Login/a_Ir"), 30): null

2022-03-28 09:18:33 - [TEST_STEP][PASSED] - executeJavaScript("arguments[0].click()", Arrays.asList(element)): Execute JavaScript 'arguments[0].click()' successfully

2022-03-28 09:18:33 - [MESSAGE][PASSED] - Execute JavaScript 'arguments[0].click()' successfully

2022-03-28 09:18:33 - [MESSAGE][PASSED] - Call Test Case 'Test Cases/0.1-Login' successfully

2022-03-28 09:18:33 - [TEST_STEP][PASSED] - click(findTestObject("Pruebas_Hoja_de_Vida/Nueva_sección/input_Secciones_form_templatej_idt286j_idt29")): Object: 'Object Repository/Pruebas_Hoja_de_Vida/Nueva_sección/input_Secciones_form_templatej_idt286j_idt29' is clicked on

2022-03-28 09:18:36 - [MESSAGE][PASSED] - Object: 'Object Repository/Pruebas_Hoja_de_Vida/Nueva_sección/input_Secciones_form_templatej_idt286j_idt29' is clicked on

2022-03-28 09:18:36 - [TEST_STEP][PASSED] - click(findTestObject("Pruebas_Hoja_de_Vida/Nueva_sección/a_ADMINISTRADOR DEL SISTEMA - SARA_cerrar_menu")): Object: 'Object Repository/Pruebas_Hoja_de_Vida/Nueva_sección/a_ADMINISTRADOR DEL SISTEMA - SARA_cerrar_menu' is clicked on

2022-03-28 09:18:37 - [MESSAGE][PASSED] - Object: 'Object Repository/Pruebas_Hoja_de_Vida/Nueva_sección/a_ADMINISTRADOR DEL SISTEMA - SARA_cerrar_menu' is clicked on

2022-03-28 09:18:37 - [TEST_STEP][PASSED] - click(findTestObject("Pruebas_Hoja_de_Vida/Nueva_sección/label_Parametros de Formularios")): Object: 'Object Repository/Pruebas_Hoja_de_Vida/Nueva_sección/label_Parametros de Formularios' is clicked on

2022-03-28 09:18:38 - [MESSAGE][PASSED] - Object: 'Object Repository/Pruebas_Hoja_de_Vida/Nueva_sección/label_Parametros de Formularios' is clicked on

2022-03-28 09:18:38 - [TEST_STEP][PASSED] - click(findTestObject("Pruebas_Hoja_de_Vida/Nueva_sección/a_Seccion")): Object: 'Object Repository/Pruebas_Hoja_de_Vida/Nueva_sección/a_Seccion' is clicked on

2022-03-28 09:18:41 - [MESSAGE][PASSED] - Object: 'Object Repository/Pruebas_Hoja_de_Vida/Nueva_sección/a_Seccion' is clicked on

2022-03-28 09:18:41 - [TEST_STEP][PASSED] - waitForElementClickable(findTestObject("Pruebas_Hoja_de_Vida/Nueva_sección/input_Nueva Hoja Vida_seccion_formj_idt60"), 0): Object 'Object Repository/Pruebas_Hoja_de_Vida/Nueva_sección/input_Nueva Hoja Vida_seccion_formj_idt60' is clickable

2022-03-28 09:18:41 - [MESSAGE][WARNING] - Timeout '0' is invalid. Using default page load timeout: '45'

2022-03-28 09:18:42 - [MESSAGE][PASSED] - Object 'Object Repository/Pruebas_Hoja_de_Vida/Nueva_sección/input_Nueva Hoja Vida_seccion_formj_idt60' is clickable

2022-03-28 09:18:42 - [TEST_STEP][PASSED] - click(findTestObject("Pruebas_Hoja_de_Vida/Nueva_sección/input_Nueva Hoja Vida_seccion_formj_idt60")): Object: 'Object Repository/Pruebas_Hoja_de_Vida/Nueva_sección/input_Nueva Hoja Vida_seccion_formj_idt60' is clicked on

2022-03-28 09:18:42 - [MESSAGE][PASSED] - Object: 'Object Repository/Pruebas_Hoja_de_Vida/Nueva_sección/input_Nueva Hoja Vida_seccion_formj_idt60' is clicked on

2022-03-28 09:18:42 - [TEST_STEP][PASSED] - setText(findTestObject("Pruebas_Hoja_de_Vida/Nueva_sección/input_Nueva Hoja Vida_seccion_formj_idt60"), "prueba"): Text 'prueba' is set on object 'Object Repository/Pruebas_Hoja_de_Vida/Nueva_sección/input_Nueva Hoja Vida_seccion_formj_idt60'

2022-03-28 09:18:44 - [MESSAGE][PASSED] - Text 'prueba' is set on object 'Object Repository/Pruebas_Hoja_de_Vida/Nueva_sección/input_Nueva Hoja Vida_seccion_formj_idt60'

2022-03-28 09:18:44 - [TEST_STEP][PASSED] - sendKeys(findTestObject("Pruebas_Hoja_de_Vida/Nueva_sección/input_Nueva Hoja Vida_seccion_formj_idt60"), Keys.chord(ENTER)): Keys 'ENTER + ' sent to object: 'Object Repository/Pruebas_Hoja_de_Vida/Nueva_sección/input_Nueva Hoja Vida_seccion_formj_idt60'

2022-03-28 09:18:45 - [MESSAGE][PASSED] - Keys 'ENTER + ' sent to object: 'Object Repository/Pruebas_Hoja_de_Vida/Nueva_sección/input_Nueva Hoja Vida_seccion_formj_idt60'

2022-03-28 09:18:45 - [TEST_STEP][PASSED] - if (waitForElementClickable(findTestObject("Pruebas_Hoja_de_Vida/Nueva_sección/span_Prueba"), 1)): null

2022-03-28 09:18:47 - [MESSAGE][PASSED] - Object 'Object Repository/Pruebas_Hoja_de_Vida/Nueva_sección/span_Prueba' is clickable

2022-03-28 09:18:47 - [TEST_STEP][PASSED] - click(findTestObject("Pruebas_Hoja_de_Vida/Nueva_sección/span_Prueba")): Object: 'Object Repository/Pruebas_Hoja_de_Vida/Nueva_sección/span_Prueba' is clicked on

2022-03-28 09:18:50 - [MESSAGE][PASSED] - Object: 'Object Repository/Pruebas_Hoja_de_Vida/Nueva_sección/span_Prueba' is clicked on

2022-03-28 09:18:50 - [TEST_STEP][PASSED] - click(findTestObject("Pruebas_Hoja_de_Vida/Nueva_sección/a_Eliminar")): Object: 'Object Repository/Pruebas_Hoja_de_Vida/Nueva_sección/a_Eliminar' is clicked on

2022-03-28 09:18:51 - [MESSAGE][PASSED] - Object: 'Object Repository/Pruebas_Hoja_de_Vida/Nueva_sección/a_Eliminar' is clicked on

2022-03-28 09:18:51 - [TEST_STEP][PASSED] - click(findTestObject("Pruebas_Hoja_de_Vida/Nueva_sección/a_Nuevo")): Object: 'Object Repository/Pruebas_Hoja_de_Vida/Nueva_sección/a_Nuevo' is clicked on

2022-03-28 09:18:52 - [MESSAGE][PASSED] - Object: 'Object Repository/Pruebas_Hoja_de_Vida/Nueva_sección/a_Nuevo' is clicked on

2022-03-28 09:18:52 - [TEST_STEP][PASSED] - setText(findTestObject("Pruebas_Hoja_de_Vida/Nueva_sección/input_Descripcin_seccion_formtabdescripcion"), "Prueba"): Text 'Prueba' is set on object 'Object Repository/Pruebas_Hoja_de_Vida/Nueva_sección/input_Descripcin_seccion_formtabdescripcion'

2022-03-28 09:18:53 - [MESSAGE][PASSED] - Text 'Prueba' is set on object 'Object Repository/Pruebas_Hoja_de_Vida/Nueva_sección/input_Descripcin_seccion_formtabdescripcion'

2022-03-28 09:18:53 - [TEST_STEP][PASSED] - setText(findTestObject("Pruebas_Hoja_de_Vida/Nueva_sección/input_Orden_seccion_formtaborden"), "12345"): Text '12345' is set on object 'Object Repository/Pruebas_Hoja_de_Vida/Nueva_sección/input_Orden_seccion_formtaborden'

2022-03-28 09:18:54 - [MESSAGE][PASSED] - Text '12345' is set on object 'Object Repository/Pruebas_Hoja_de_Vida/Nueva_sección/input_Orden_seccion_formtaborden'

2022-03-28 09:18:54 - [TEST_STEP][PASSED] - selectOptionByIndex(findTestObject("Pruebas_Hoja_de_Vida/Nueva_sección/select_SeleccioneBienes"), "2"): All options with index in [2] are selected on object 'Object Repository/Pruebas_Hoja_de_Vida/Nueva_sección/select_SeleccioneBienes'

2022-03-28 09:18:56 - [MESSAGE][PASSED] - All options with index in [2] are selected on object 'Object Repository/Pruebas_Hoja_de_Vida/Nueva_sección/select_SeleccioneBienes'

2022-03-28 09:18:56 - [TEST_STEP][PASSED] - selectOptionByIndex(findTestObject("Pruebas_Hoja_de_Vida/Nueva_sección/select_SeleccioneAreas de experiencia"), "5"): All options with index in [5] are selected on object 'Object Repository/Pruebas_Hoja_de_Vida/Nueva_sección/select_SeleccioneAreas de experiencia'

2022-03-28 09:18:57 - [MESSAGE][PASSED] - All options with index in [5] are selected on object 'Object Repository/Pruebas_Hoja_de_Vida/Nueva_sección/select_SeleccioneAreas de experiencia'

2022-03-28 09:18:57 - [TEST_STEP][PASSED] - setText(findTestObject("Pruebas_Hoja_de_Vida/Nueva_sección/textarea_Mensaje_seccion_formtabmensaje"), "PRUEBA"): Text 'PRUEBA' is set on object 'Object Repository/Pruebas_Hoja_de_Vida/Nueva_sección/textarea_Mensaje_seccion_formtabmensaje'

2022-03-28 09:18:58 - [MESSAGE][PASSED] - Text 'PRUEBA' is set on object 'Object Repository/Pruebas_Hoja_de_Vida/Nueva_sección/textarea_Mensaje_seccion_formtabmensaje'

2022-03-28 09:18:58 - [TEST_STEP][PASSED] - setText(findTestObject("Pruebas_Hoja_de_Vida/Nueva_sección/textarea_Mensaje Final_seccion_formtabmensaje_final"), "PRUEBA"): Text 'PRUEBA' is set on object 'Object Repository/Pruebas_Hoja_de_Vida/Nueva_sección/textarea_Mensaje Final_seccion_formtabmensaje_final'

2022-03-28 09:18:59 - [MESSAGE][PASSED] - Text 'PRUEBA' is set on object 'Object Repository/Pruebas_Hoja_de_Vida/Nueva_sección/textarea_Mensaje Final_seccion_formtabmensaje_final'

2022-03-28 09:18:59 - [TEST_STEP][PASSED] - setText(findTestObject("Pruebas_Hoja_de_Vida/Nueva_sección/textarea_Texto Confirmar_seccion_formtabmensaje_aceptacion"), "PRUEBA"): Text 'PRUEBA' is set on object 'Object Repository/Pruebas_Hoja_de_Vida/Nueva_sección/textarea_Texto Confirmar_seccion_formtabmensaje_aceptacion'

2022-03-28 09:19:00 - [MESSAGE][PASSED] - Text 'PRUEBA' is set on object 'Object Repository/Pruebas_Hoja_de_Vida/Nueva_sección/textarea_Texto Confirmar_seccion_formtabmensaje_aceptacion'

2022-03-28 09:19:00 - [TEST_STEP][PASSED] - selectOptionByIndex(findTestObject("Pruebas_Hoja_de_Vida/Nueva_sección/select_SeleccioneMultiplex AnexosNo solicitarnico anexo"), "2"): All options with index in [2] are selected on object 'Object Repository/Pruebas_Hoja_de_Vida/Nueva_sección/select_SeleccioneMultiplex AnexosNo solicitarnico anexo'

2022-03-28 09:19:01 - [MESSAGE][PASSED] - All options with index in [2] are selected on object 'Object Repository/Pruebas_Hoja_de_Vida/Nueva_sección/select_SeleccioneMultiplex AnexosNo solicitarnico anexo'

2022-03-28 09:19:01 - [TEST_STEP][PASSED] - selectOptionByIndex(findTestObject("Pruebas_Hoja_de_Vida/Nueva_sección/select_SeleccioneSiNo"), "1"): All options with index in [1] are selected on object 'Object Repository/Pruebas_Hoja_de_Vida/Nueva_sección/select_SeleccioneSiNo'

2022-03-28 09:19:02 - [MESSAGE][PASSED] - All options with index in [1] are selected on object 'Object Repository/Pruebas_Hoja_de_Vida/Nueva_sección/select_SeleccioneSiNo'

2022-03-28 09:19:02 - [TEST_STEP][PASSED] - setText(findTestObject("Pruebas_Hoja_de_Vida/Nueva_sección/input_Externo_seccion_formtabexterno"), "PRUEBA"): Text 'PRUEBA' is set on object 'Object Repository/Pruebas_Hoja_de_Vida/Nueva_sección/input_Externo_seccion_formtabexterno'

2022-03-28 09:19:03 - [MESSAGE][PASSED] - Text 'PRUEBA' is set on object 'Object Repository/Pruebas_Hoja_de_Vida/Nueva_sección/input_Externo_seccion_formtabexterno'

2022-03-28 09:19:03 - [TEST_STEP][PASSED] - click(findTestObject("Pruebas_Hoja_de_Vida/Nueva_sección/a_Guardar")): Object: 'Object Repository/Pruebas_Hoja_de_Vida/Nueva_sección/a_Guardar' is clicked on

2022-03-28 09:19:03 - [MESSAGE][PASSED] - Object: 'Object Repository/Pruebas_Hoja_de_Vida/Nueva_sección/a_Guardar' is clicked on

2022-03-28 09:19:03 - [TEST_STEP][PASSED] - closeBrowser(): Browser is closed

2022-03-28 09:19:04 - [MESSAGE][PASSED] - Browser is closed]]></system-out>
         <system-err><![CDATA[]]></system-err>
      </testcase>
      <testcase name="Test Cases/1.2-Tareas_Secundarias/2.1-Pruebas_Hoja_de_Vida/2.1.2-Nuevo_Formulario_Hoja_de_vida" time="22.895" classname="Test Cases/1.2-Tareas_Secundarias/2.1-Pruebas_Hoja_de_Vida/2.1.2-Nuevo_Formulario_Hoja_de_vida" status="PASSED">
         <system-out><![CDATA[2022-03-28 09:19:04 - [TEST_CASE][PASSED] - Test Cases/1.2-Tareas_Secundarias/2.1-Pruebas_Hoja_de_Vida/2.1.2-Nuevo_Formulario_Hoja_de_vida: Test Cases/1.2-Tareas_Secundarias/2.1-Pruebas_Hoja_de_Vida/2.1.2-Nuevo_Formulario_Hoja_de_vida

2022-03-28 09:19:05 - [TEST_STEP][PASSED] - callTestCase(findTestCase("0.1-Login"), [:], STOP_ON_FAILURE): Call Test Case 'Test Cases/0.1-Login' successfully

2022-03-28 09:19:05 - [TEST_CASE][PASSED] - Test Cases/0.1-Login: Test Cases/0.1-Login

2022-03-28 09:19:05 - [TEST_STEP][PASSED] - openBrowser(""): Browser is opened with url: ''

2022-03-28 09:19:05 - [MESSAGE][INFO] - Starting 'Chrome' driver

2022-03-28 09:19:05 - [MESSAGE][INFO] - Action delay is set to 50 milliseconds

2022-03-28 09:19:06 - [MESSAGE][PASSED] - Browser is opened with url: ''

2022-03-28 09:19:06 - [TEST_STEP][PASSED] - maximizeWindow(): Current window maximized

2022-03-28 09:19:07 - [MESSAGE][PASSED] - Current window maximized

2022-03-28 09:19:07 - [TEST_STEP][PASSED] - i = G_Login: null

2022-03-28 09:19:07 - [TEST_STEP][PASSED] - url = new java.net.URL(i): null

2022-03-28 09:19:07 - [TEST_STEP][PASSED] - println("URL: " + url.toString()): null

2022-03-28 09:19:07 - [TEST_STEP][PASSED] - connection = url.openConnection(): null

2022-03-28 09:19:07 - [TEST_STEP][PASSED] - connection.setRequestMethod("GET"): null

2022-03-28 09:19:07 - [TEST_STEP][PASSED] - connection.setReadTimeout(2 * 1000): null

2022-03-28 09:19:07 - [TEST_STEP][PASSED] - try: null

2022-03-28 09:19:07 - [TEST_STEP][PASSED] - connection.connect(): null

2022-03-28 09:19:07 - [TEST_STEP][PASSED] - flag = connected: null

2022-03-28 09:19:07 - [TEST_STEP][PASSED] - println("Valor_ori: " + flag): null

2022-03-28 09:19:07 - [TEST_STEP][PASSED] - if (flag): null

2022-03-28 09:19:07 - [TEST_STEP][PASSED] - navigateToUrl(i): Navigate to 'http://192.168.2.19:8380/saraweb' successfully

2022-03-28 09:19:07 - [MESSAGE][PASSED] - Navigate to 'http://192.168.2.19:8380/saraweb' successfully

2022-03-28 09:19:07 - [TEST_STEP][PASSED] - a(): null

2022-03-28 09:19:07 - [TEST_STEP][PASSED] - setText(findTestObject("Login/input_USUARIO_loginusuario"), G_Usuario): Text 'saraadmin' is set on object 'Object Repository/Login/input_USUARIO_loginusuario'

2022-03-28 09:19:08 - [MESSAGE][PASSED] - Text 'saraadmin' is set on object 'Object Repository/Login/input_USUARIO_loginusuario'

2022-03-28 09:19:08 - [TEST_STEP][PASSED] - setEncryptedText(findTestObject("Login/input_CLAVE_loginpassword"), "MkG4/TYiCFC3cb2driP7+Q=="): Text ****** has been set on object 'Object Repository/Login/input_CLAVE_loginpassword'

2022-03-28 09:19:09 - [MESSAGE][PASSED] - Text ****** has been set on object 'Object Repository/Login/input_CLAVE_loginpassword'

2022-03-28 09:19:09 - [TEST_STEP][PASSED] - waitForElementClickable(findTestObject("Login/a_Ingresar"), G_TimeOut): Object 'Object Repository/Login/a_Ingresar' is clickable

2022-03-28 09:19:10 - [MESSAGE][PASSED] - Object 'Object Repository/Login/a_Ingresar' is clickable

2022-03-28 09:19:10 - [TEST_STEP][PASSED] - click(findTestObject("Login/a_Ingresar")): Object: 'Object Repository/Login/a_Ingresar' is clicked on

2022-03-28 09:19:11 - [MESSAGE][PASSED] - Object: 'Object Repository/Login/a_Ingresar' is clicked on

2022-03-28 09:19:11 - [TEST_STEP][PASSED] - element = findWebElement(findTestObject("Login/a_Ir"), 30): null

2022-03-28 09:19:11 - [TEST_STEP][PASSED] - executeJavaScript("arguments[0].click()", Arrays.asList(element)): Execute JavaScript 'arguments[0].click()' successfully

2022-03-28 09:19:11 - [MESSAGE][PASSED] - Execute JavaScript 'arguments[0].click()' successfully

2022-03-28 09:19:11 - [MESSAGE][PASSED] - Call Test Case 'Test Cases/0.1-Login' successfully

2022-03-28 09:19:11 - [TEST_STEP][PASSED] - click(findTestObject("Pruebas_Hoja_de_Vida/Nuevo_Formulario_Hoja_de_vida1/input_Secciones_form_templatej_idt286j_idt29")): Object: 'Object Repository/Pruebas_Hoja_de_Vida/Nuevo_Formulario_Hoja_de_vida1/input_Secciones_form_templatej_idt286j_idt29' is clicked on

2022-03-28 09:19:13 - [MESSAGE][PASSED] - Object: 'Object Repository/Pruebas_Hoja_de_Vida/Nuevo_Formulario_Hoja_de_vida1/input_Secciones_form_templatej_idt286j_idt29' is clicked on

2022-03-28 09:19:13 - [TEST_STEP][PASSED] - click(findTestObject("Pruebas_Hoja_de_Vida/Nuevo_Formulario_Hoja_de_vida1/a_ADMINISTRADOR DEL SISTEMA - SARA_cerrar_menu")): Object: 'Object Repository/Pruebas_Hoja_de_Vida/Nuevo_Formulario_Hoja_de_vida1/a_ADMINISTRADOR DEL SISTEMA - SARA_cerrar_menu' is clicked on

2022-03-28 09:19:13 - [MESSAGE][PASSED] - Object: 'Object Repository/Pruebas_Hoja_de_Vida/Nuevo_Formulario_Hoja_de_vida1/a_ADMINISTRADOR DEL SISTEMA - SARA_cerrar_menu' is clicked on

2022-03-28 09:19:13 - [TEST_STEP][PASSED] - click(findTestObject("Pruebas_Hoja_de_Vida/Nuevo_Formulario_Hoja_de_vida1/label_Parametros de Formularios")): Object: 'Object Repository/Pruebas_Hoja_de_Vida/Nuevo_Formulario_Hoja_de_vida1/label_Parametros de Formularios' is clicked on

2022-03-28 09:19:14 - [MESSAGE][PASSED] - Object: 'Object Repository/Pruebas_Hoja_de_Vida/Nuevo_Formulario_Hoja_de_vida1/label_Parametros de Formularios' is clicked on

2022-03-28 09:19:14 - [TEST_STEP][PASSED] - click(findTestObject("Pruebas_Hoja_de_Vida/Nuevo_Formulario_Hoja_de_vida1/a_Formulario")): Object: 'Object Repository/Pruebas_Hoja_de_Vida/Nuevo_Formulario_Hoja_de_vida1/a_Formulario' is clicked on

2022-03-28 09:19:15 - [MESSAGE][PASSED] - Object: 'Object Repository/Pruebas_Hoja_de_Vida/Nuevo_Formulario_Hoja_de_vida1/a_Formulario' is clicked on

2022-03-28 09:19:15 - [TEST_STEP][PASSED] - setText(findTestObject("Pruebas_Hoja_de_Vida/Nuevo_Formulario_Hoja_de_vida1/input_Nueva Hoja Vida_form_formularioj_idt61"), "prueba"): Text 'prueba' is set on object 'Object Repository/Pruebas_Hoja_de_Vida/Nuevo_Formulario_Hoja_de_vida1/input_Nueva Hoja Vida_form_formularioj_idt61'

2022-03-28 09:19:16 - [MESSAGE][PASSED] - Text 'prueba' is set on object 'Object Repository/Pruebas_Hoja_de_Vida/Nuevo_Formulario_Hoja_de_vida1/input_Nueva Hoja Vida_form_formularioj_idt61'

2022-03-28 09:19:16 - [TEST_STEP][PASSED] - sendKeys(findTestObject("Pruebas_Hoja_de_Vida/Nuevo_Formulario_Hoja_de_vida1/input_Nueva Hoja Vida_form_formularioj_idt61"), Keys.chord(ENTER)): Keys 'ENTER + ' sent to object: 'Object Repository/Pruebas_Hoja_de_Vida/Nuevo_Formulario_Hoja_de_vida1/input_Nueva Hoja Vida_form_formularioj_idt61'

2022-03-28 09:19:17 - [MESSAGE][PASSED] - Keys 'ENTER + ' sent to object: 'Object Repository/Pruebas_Hoja_de_Vida/Nuevo_Formulario_Hoja_de_vida1/input_Nueva Hoja Vida_form_formularioj_idt61'

2022-03-28 09:19:17 - [TEST_STEP][PASSED] - if (waitForElementClickable(findTestObject("Pruebas_Hoja_de_Vida/Nuevo_Formulario_Hoja_de_vida1/span_Prueba"), 1)): null

2022-03-28 09:19:18 - [MESSAGE][PASSED] - Object 'Object Repository/Pruebas_Hoja_de_Vida/Nuevo_Formulario_Hoja_de_vida1/span_Prueba' is clickable

2022-03-28 09:19:18 - [TEST_STEP][PASSED] - click(findTestObject("Pruebas_Hoja_de_Vida/Nuevo_Formulario_Hoja_de_vida1/span_Prueba")): Object: 'Object Repository/Pruebas_Hoja_de_Vida/Nuevo_Formulario_Hoja_de_vida1/span_Prueba' is clicked on

2022-03-28 09:19:19 - [MESSAGE][PASSED] - Object: 'Object Repository/Pruebas_Hoja_de_Vida/Nuevo_Formulario_Hoja_de_vida1/span_Prueba' is clicked on

2022-03-28 09:19:19 - [TEST_STEP][PASSED] - click(findTestObject("Pruebas_Hoja_de_Vida/Nuevo_Formulario_Hoja_de_vida1/a_Eliminar")): Object: 'Object Repository/Pruebas_Hoja_de_Vida/Nuevo_Formulario_Hoja_de_vida1/a_Eliminar' is clicked on

2022-03-28 09:19:20 - [MESSAGE][PASSED] - Object: 'Object Repository/Pruebas_Hoja_de_Vida/Nuevo_Formulario_Hoja_de_vida1/a_Eliminar' is clicked on

2022-03-28 09:19:20 - [TEST_STEP][PASSED] - click(findTestObject("Pruebas_Hoja_de_Vida/Nuevo_Formulario_Hoja_de_vida1/a_Aceptar_Eliminar")): Object: 'Object Repository/Pruebas_Hoja_de_Vida/Nuevo_Formulario_Hoja_de_vida1/a_Aceptar_Eliminar' is clicked on

2022-03-28 09:19:21 - [MESSAGE][PASSED] - Object: 'Object Repository/Pruebas_Hoja_de_Vida/Nuevo_Formulario_Hoja_de_vida1/a_Aceptar_Eliminar' is clicked on

2022-03-28 09:19:21 - [TEST_STEP][PASSED] - click(findTestObject("Pruebas_Hoja_de_Vida/Nuevo_Formulario_Hoja_de_vida1/a_Nuevo")): Object: 'Object Repository/Pruebas_Hoja_de_Vida/Nuevo_Formulario_Hoja_de_vida1/a_Nuevo' is clicked on

2022-03-28 09:19:21 - [MESSAGE][PASSED] - Object: 'Object Repository/Pruebas_Hoja_de_Vida/Nuevo_Formulario_Hoja_de_vida1/a_Nuevo' is clicked on

2022-03-28 09:19:21 - [TEST_STEP][PASSED] - setText(findTestObject("Pruebas_Hoja_de_Vida/Nuevo_Formulario_Hoja_de_vida1/input_Nombre_form_formularionombre"), "prueba"): Text 'prueba' is set on object 'Object Repository/Pruebas_Hoja_de_Vida/Nuevo_Formulario_Hoja_de_vida1/input_Nombre_form_formularionombre'

2022-03-28 09:19:22 - [MESSAGE][PASSED] - Text 'prueba' is set on object 'Object Repository/Pruebas_Hoja_de_Vida/Nuevo_Formulario_Hoja_de_vida1/input_Nombre_form_formularionombre'

2022-03-28 09:19:22 - [TEST_STEP][PASSED] - setText(findTestObject("Pruebas_Hoja_de_Vida/Nuevo_Formulario_Hoja_de_vida1/input_Cdigo_form_formulariomodulo"), "123"): Text '123' is set on object 'Object Repository/Pruebas_Hoja_de_Vida/Nuevo_Formulario_Hoja_de_vida1/input_Cdigo_form_formulariomodulo'

2022-03-28 09:19:24 - [MESSAGE][PASSED] - Text '123' is set on object 'Object Repository/Pruebas_Hoja_de_Vida/Nuevo_Formulario_Hoja_de_vida1/input_Cdigo_form_formulariomodulo'

2022-03-28 09:19:24 - [TEST_STEP][PASSED] - click(findTestObject("Pruebas_Hoja_de_Vida/Nuevo_Formulario_Hoja_de_vida1/a_Guardar")): Object: 'Object Repository/Pruebas_Hoja_de_Vida/Nuevo_Formulario_Hoja_de_vida1/a_Guardar' is clicked on

2022-03-28 09:19:25 - [MESSAGE][PASSED] - Object: 'Object Repository/Pruebas_Hoja_de_Vida/Nuevo_Formulario_Hoja_de_vida1/a_Guardar' is clicked on

2022-03-28 09:19:25 - [TEST_STEP][PASSED] - closeBrowser(): Browser is closed

2022-03-28 09:19:27 - [MESSAGE][PASSED] - Browser is closed]]></system-out>
         <system-err><![CDATA[]]></system-err>
      </testcase>
      <testcase name="Test Cases/1.2-Tareas_Secundarias/2.1-Pruebas_Hoja_de_Vida/2.1.3-Crear_Nueva_Tipo_de_Hoja" time="32.985" classname="Test Cases/1.2-Tareas_Secundarias/2.1-Pruebas_Hoja_de_Vida/2.1.3-Crear_Nueva_Tipo_de_Hoja" status="PASSED">
         <system-out><![CDATA[2022-03-28 09:19:27 - [TEST_CASE][PASSED] - Test Cases/1.2-Tareas_Secundarias/2.1-Pruebas_Hoja_de_Vida/2.1.3-Crear_Nueva_Tipo_de_Hoja: Test Cases/1.2-Tareas_Secundarias/2.1-Pruebas_Hoja_de_Vida/2.1.3-Crear_Nueva_Tipo_de_Hoja

2022-03-28 09:19:28 - [TEST_STEP][PASSED] - callTestCase(findTestCase("0.1-Login"), [:], STOP_ON_FAILURE): Call Test Case 'Test Cases/0.1-Login' successfully

2022-03-28 09:19:28 - [TEST_CASE][PASSED] - Test Cases/0.1-Login: Test Cases/0.1-Login

2022-03-28 09:19:28 - [TEST_STEP][PASSED] - openBrowser(""): Browser is opened with url: ''

2022-03-28 09:19:28 - [MESSAGE][INFO] - Starting 'Chrome' driver

2022-03-28 09:19:28 - [MESSAGE][INFO] - Action delay is set to 50 milliseconds

2022-03-28 09:19:29 - [MESSAGE][PASSED] - Browser is opened with url: ''

2022-03-28 09:19:29 - [TEST_STEP][PASSED] - maximizeWindow(): Current window maximized

2022-03-28 09:19:30 - [MESSAGE][PASSED] - Current window maximized

2022-03-28 09:19:30 - [TEST_STEP][PASSED] - i = G_Login: null

2022-03-28 09:19:30 - [TEST_STEP][PASSED] - url = new java.net.URL(i): null

2022-03-28 09:19:30 - [TEST_STEP][PASSED] - println("URL: " + url.toString()): null

2022-03-28 09:19:30 - [TEST_STEP][PASSED] - connection = url.openConnection(): null

2022-03-28 09:19:30 - [TEST_STEP][PASSED] - connection.setRequestMethod("GET"): null

2022-03-28 09:19:30 - [TEST_STEP][PASSED] - connection.setReadTimeout(2 * 1000): null

2022-03-28 09:19:30 - [TEST_STEP][PASSED] - try: null

2022-03-28 09:19:30 - [TEST_STEP][PASSED] - connection.connect(): null

2022-03-28 09:19:30 - [TEST_STEP][PASSED] - flag = connected: null

2022-03-28 09:19:30 - [TEST_STEP][PASSED] - println("Valor_ori: " + flag): null

2022-03-28 09:19:30 - [TEST_STEP][PASSED] - if (flag): null

2022-03-28 09:19:30 - [TEST_STEP][PASSED] - navigateToUrl(i): Navigate to 'http://192.168.2.19:8380/saraweb' successfully

2022-03-28 09:19:31 - [MESSAGE][PASSED] - Navigate to 'http://192.168.2.19:8380/saraweb' successfully

2022-03-28 09:19:31 - [TEST_STEP][PASSED] - a(): null

2022-03-28 09:19:31 - [TEST_STEP][PASSED] - setText(findTestObject("Login/input_USUARIO_loginusuario"), G_Usuario): Text 'saraadmin' is set on object 'Object Repository/Login/input_USUARIO_loginusuario'

2022-03-28 09:19:32 - [MESSAGE][PASSED] - Text 'saraadmin' is set on object 'Object Repository/Login/input_USUARIO_loginusuario'

2022-03-28 09:19:32 - [TEST_STEP][PASSED] - setEncryptedText(findTestObject("Login/input_CLAVE_loginpassword"), "MkG4/TYiCFC3cb2driP7+Q=="): Text ****** has been set on object 'Object Repository/Login/input_CLAVE_loginpassword'

2022-03-28 09:19:33 - [MESSAGE][PASSED] - Text ****** has been set on object 'Object Repository/Login/input_CLAVE_loginpassword'

2022-03-28 09:19:33 - [TEST_STEP][PASSED] - waitForElementClickable(findTestObject("Login/a_Ingresar"), G_TimeOut): Object 'Object Repository/Login/a_Ingresar' is clickable

2022-03-28 09:19:33 - [MESSAGE][PASSED] - Object 'Object Repository/Login/a_Ingresar' is clickable

2022-03-28 09:19:33 - [TEST_STEP][PASSED] - click(findTestObject("Login/a_Ingresar")): Object: 'Object Repository/Login/a_Ingresar' is clicked on

2022-03-28 09:19:36 - [MESSAGE][PASSED] - Object: 'Object Repository/Login/a_Ingresar' is clicked on

2022-03-28 09:19:36 - [TEST_STEP][PASSED] - element = findWebElement(findTestObject("Login/a_Ir"), 30): null

2022-03-28 09:19:37 - [TEST_STEP][PASSED] - executeJavaScript("arguments[0].click()", Arrays.asList(element)): Execute JavaScript 'arguments[0].click()' successfully

2022-03-28 09:19:37 - [MESSAGE][PASSED] - Execute JavaScript 'arguments[0].click()' successfully

2022-03-28 09:19:37 - [MESSAGE][PASSED] - Call Test Case 'Test Cases/0.1-Login' successfully

2022-03-28 09:19:37 - [TEST_STEP][PASSED] - setText(findTestObject("Pruebas_Hoja_de_Vida/Crear_Nueva_Tipo_de_Hoja/input_Empresa 1_form_templatej_idt24_input"), "Tipo de Hoja"): Text 'Tipo de Hoja' is set on object 'Object Repository/Pruebas_Hoja_de_Vida/Crear_Nueva_Tipo_de_Hoja/input_Empresa 1_form_templatej_idt24_input'

2022-03-28 09:19:38 - [MESSAGE][PASSED] - Text 'Tipo de Hoja' is set on object 'Object Repository/Pruebas_Hoja_de_Vida/Crear_Nueva_Tipo_de_Hoja/input_Empresa 1_form_templatej_idt24_input'

2022-03-28 09:19:38 - [TEST_STEP][PASSED] - click(findTestObject("Pruebas_Hoja_de_Vida/Crear_Nueva_Tipo_de_Hoja/span_Tipo de Hoja")): Object: 'Object Repository/Pruebas_Hoja_de_Vida/Crear_Nueva_Tipo_de_Hoja/span_Tipo de Hoja' is clicked on

2022-03-28 09:19:40 - [MESSAGE][PASSED] - Object: 'Object Repository/Pruebas_Hoja_de_Vida/Crear_Nueva_Tipo_de_Hoja/span_Tipo de Hoja' is clicked on

2022-03-28 09:19:40 - [TEST_STEP][PASSED] - if (waitForElementClickable(findTestObject("Pruebas_Hoja_de_Vida/Crear_Nueva_Tipo_de_Hoja/span_P1"), 1)): null

2022-03-28 09:19:41 - [MESSAGE][PASSED] - Object 'Object Repository/Pruebas_Hoja_de_Vida/Crear_Nueva_Tipo_de_Hoja/span_P1' is clickable

2022-03-28 09:19:41 - [TEST_STEP][PASSED] - click(findTestObject("Pruebas_Hoja_de_Vida/Crear_Nueva_Tipo_de_Hoja/span_P1")): Object: 'Object Repository/Pruebas_Hoja_de_Vida/Crear_Nueva_Tipo_de_Hoja/span_P1' is clicked on

2022-03-28 09:19:41 - [MESSAGE][PASSED] - Object: 'Object Repository/Pruebas_Hoja_de_Vida/Crear_Nueva_Tipo_de_Hoja/span_P1' is clicked on

2022-03-28 09:19:41 - [TEST_STEP][PASSED] - click(findTestObject("Pruebas_Hoja_de_Vida/Crear_Nueva_Tipo_de_Hoja/a_Eliminar")): Object: 'Object Repository/Pruebas_Hoja_de_Vida/Crear_Nueva_Tipo_de_Hoja/a_Eliminar' is clicked on

2022-03-28 09:19:42 - [MESSAGE][PASSED] - Object: 'Object Repository/Pruebas_Hoja_de_Vida/Crear_Nueva_Tipo_de_Hoja/a_Eliminar' is clicked on

2022-03-28 09:19:42 - [TEST_STEP][PASSED] - click(findTestObject("Pruebas_Hoja_de_Vida/Crear_Nueva_Tipo_de_Hoja/a_Aceptar")): Object: 'Object Repository/Pruebas_Hoja_de_Vida/Crear_Nueva_Tipo_de_Hoja/a_Aceptar' is clicked on

2022-03-28 09:19:43 - [MESSAGE][PASSED] - Object: 'Object Repository/Pruebas_Hoja_de_Vida/Crear_Nueva_Tipo_de_Hoja/a_Aceptar' is clicked on

2022-03-28 09:19:43 - [TEST_STEP][PASSED] - click(findTestObject("Pruebas_Hoja_de_Vida/Crear_Nueva_Tipo_de_Hoja/a_Nuevo")): Object: 'Object Repository/Pruebas_Hoja_de_Vida/Crear_Nueva_Tipo_de_Hoja/a_Nuevo' is clicked on

2022-03-28 09:19:44 - [MESSAGE][PASSED] - Object: 'Object Repository/Pruebas_Hoja_de_Vida/Crear_Nueva_Tipo_de_Hoja/a_Nuevo' is clicked on

2022-03-28 09:19:44 - [TEST_STEP][PASSED] - setText(findTestObject("Pruebas_Hoja_de_Vida/Crear_Nueva_Tipo_de_Hoja/input_Tipo Relacin Hoja_form_tipohojavinculacion"), "P1"): Text 'P1' is set on object 'Object Repository/Pruebas_Hoja_de_Vida/Crear_Nueva_Tipo_de_Hoja/input_Tipo Relacin Hoja_form_tipohojavinculacion'

2022-03-28 09:19:46 - [MESSAGE][PASSED] - Text 'P1' is set on object 'Object Repository/Pruebas_Hoja_de_Vida/Crear_Nueva_Tipo_de_Hoja/input_Tipo Relacin Hoja_form_tipohojavinculacion'

2022-03-28 09:19:46 - [TEST_STEP][PASSED] - setText(findTestObject("Pruebas_Hoja_de_Vida/Crear_Nueva_Tipo_de_Hoja/input_Descripcin_form_tipohojadescripcion"), "prueba"): Text 'prueba' is set on object 'Object Repository/Pruebas_Hoja_de_Vida/Crear_Nueva_Tipo_de_Hoja/input_Descripcin_form_tipohojadescripcion'

2022-03-28 09:19:47 - [MESSAGE][PASSED] - Text 'prueba' is set on object 'Object Repository/Pruebas_Hoja_de_Vida/Crear_Nueva_Tipo_de_Hoja/input_Descripcin_form_tipohojadescripcion'

2022-03-28 09:19:47 - [TEST_STEP][PASSED] - click(findTestObject("Pruebas_Hoja_de_Vida/Crear_Nueva_Tipo_de_Hoja/label_No_Novedad Directa")): Object: 'Object Repository/Pruebas_Hoja_de_Vida/Crear_Nueva_Tipo_de_Hoja/label_No_Novedad Directa' is clicked on

2022-03-28 09:19:49 - [MESSAGE][PASSED] - Object: 'Object Repository/Pruebas_Hoja_de_Vida/Crear_Nueva_Tipo_de_Hoja/label_No_Novedad Directa' is clicked on

2022-03-28 09:19:49 - [TEST_STEP][PASSED] - click(findTestObject("Pruebas_Hoja_de_Vida/Crear_Nueva_Tipo_de_Hoja/label_Si_Crear Hoja")): Object: 'Object Repository/Pruebas_Hoja_de_Vida/Crear_Nueva_Tipo_de_Hoja/label_Si_Crear Hoja' is clicked on

2022-03-28 09:19:51 - [MESSAGE][PASSED] - Object: 'Object Repository/Pruebas_Hoja_de_Vida/Crear_Nueva_Tipo_de_Hoja/label_Si_Crear Hoja' is clicked on

2022-03-28 09:19:51 - [TEST_STEP][PASSED] - click(findTestObject("Pruebas_Hoja_de_Vida/Crear_Nueva_Tipo_de_Hoja/label_No_Novedad Aprobada")): Object: 'Object Repository/Pruebas_Hoja_de_Vida/Crear_Nueva_Tipo_de_Hoja/label_No_Novedad Aprobada' is clicked on

2022-03-28 09:19:52 - [MESSAGE][PASSED] - Object: 'Object Repository/Pruebas_Hoja_de_Vida/Crear_Nueva_Tipo_de_Hoja/label_No_Novedad Aprobada' is clicked on

2022-03-28 09:19:52 - [TEST_STEP][PASSED] - click(findTestObject("Pruebas_Hoja_de_Vida/Crear_Nueva_Tipo_de_Hoja/label_No_Novedad Rechazada")): Object: 'Object Repository/Pruebas_Hoja_de_Vida/Crear_Nueva_Tipo_de_Hoja/label_No_Novedad Rechazada' is clicked on

2022-03-28 09:19:52 - [MESSAGE][PASSED] - Object: 'Object Repository/Pruebas_Hoja_de_Vida/Crear_Nueva_Tipo_de_Hoja/label_No_Novedad Rechazada' is clicked on

2022-03-28 09:19:52 - [TEST_STEP][PASSED] - selectOptionByIndex(findTestObject("Pruebas_Hoja_de_Vida/Crear_Nueva_Tipo_de_Hoja/select_Formulario Asociados"), 8): All options with index in [8] are selected on object 'Object Repository/Pruebas_Hoja_de_Vida/Crear_Nueva_Tipo_de_Hoja/select_Formulario Asociados'

2022-03-28 09:19:54 - [MESSAGE][PASSED] - All options with index in [8] are selected on object 'Object Repository/Pruebas_Hoja_de_Vida/Crear_Nueva_Tipo_de_Hoja/select_Formulario Asociados'

2022-03-28 09:19:54 - [TEST_STEP][PASSED] - selectOptionByIndex(findTestObject("Pruebas_Hoja_de_Vida/Crear_Nueva_Tipo_de_Hoja/select_Hoja Asociar"), 3): All options with index in [3] are selected on object 'Object Repository/Pruebas_Hoja_de_Vida/Crear_Nueva_Tipo_de_Hoja/select_Hoja Asociar'

2022-03-28 09:19:55 - [MESSAGE][PASSED] - All options with index in [3] are selected on object 'Object Repository/Pruebas_Hoja_de_Vida/Crear_Nueva_Tipo_de_Hoja/select_Hoja Asociar'

2022-03-28 09:19:55 - [TEST_STEP][PASSED] - selectOptionByIndex(findTestObject("Pruebas_Hoja_de_Vida/Crear_Nueva_Tipo_de_Hoja/select_Gestion Periodo"), 2): All options with index in [2] are selected on object 'Object Repository/Pruebas_Hoja_de_Vida/Crear_Nueva_Tipo_de_Hoja/select_Gestion Periodo'

2022-03-28 09:19:56 - [MESSAGE][PASSED] - All options with index in [2] are selected on object 'Object Repository/Pruebas_Hoja_de_Vida/Crear_Nueva_Tipo_de_Hoja/select_Gestion Periodo'

2022-03-28 09:19:56 - [TEST_STEP][PASSED] - selectOptionByIndex(findTestObject("Pruebas_Hoja_de_Vida/Crear_Nueva_Tipo_de_Hoja/select_Modo"), 1): All options with index in [1] are selected on object 'Object Repository/Pruebas_Hoja_de_Vida/Crear_Nueva_Tipo_de_Hoja/select_Modo'

2022-03-28 09:19:59 - [MESSAGE][PASSED] - All options with index in [1] are selected on object 'Object Repository/Pruebas_Hoja_de_Vida/Crear_Nueva_Tipo_de_Hoja/select_Modo'

2022-03-28 09:19:59 - [TEST_STEP][PASSED] - click(findTestObject("Pruebas_Hoja_de_Vida/Crear_Nueva_Tipo_de_Hoja/a_Guardar")): Object: 'Object Repository/Pruebas_Hoja_de_Vida/Crear_Nueva_Tipo_de_Hoja/a_Guardar' is clicked on

2022-03-28 09:20:00 - [MESSAGE][PASSED] - Object: 'Object Repository/Pruebas_Hoja_de_Vida/Crear_Nueva_Tipo_de_Hoja/a_Guardar' is clicked on]]></system-out>
         <system-err><![CDATA[]]></system-err>
      </testcase>
      <testcase name="Test Cases/1.2-Tareas_Secundarias/2.1-Pruebas_Hoja_de_Vida/2.1.4-Crear_Nueva_Hoja_de_Vida" time="51.14" classname="Test Cases/1.2-Tareas_Secundarias/2.1-Pruebas_Hoja_de_Vida/2.1.4-Crear_Nueva_Hoja_de_Vida" status="PASSED">
         <system-out><![CDATA[2022-03-28 09:20:00 - [TEST_CASE][PASSED] - Test Cases/1.2-Tareas_Secundarias/2.1-Pruebas_Hoja_de_Vida/2.1.4-Crear_Nueva_Hoja_de_Vida: Test Cases/1.2-Tareas_Secundarias/2.1-Pruebas_Hoja_de_Vida/2.1.4-Crear_Nueva_Hoja_de_Vida

2022-03-28 09:20:00 - [TEST_STEP][PASSED] - callTestCase(findTestCase("1.1-Tareas Principales/1.1.1-Crear Nueva Hoja de Vida"), [:], STOP_ON_FAILURE): Call Test Case 'Test Cases/1.1-Tareas Principales/1.1.1-Crear Nueva Hoja de Vida' successfully

2022-03-28 09:20:01 - [TEST_CASE][PASSED] - Test Cases/1.1-Tareas Principales/1.1.1-Crear Nueva Hoja de Vida: Test Cases/1.1-Tareas Principales/1.1.1-Crear Nueva Hoja de Vida

2022-03-28 09:20:02 - [TEST_STEP][PASSED] - random_double = Math.random() * 9999 + 999: null

2022-03-28 09:20:02 - [TEST_STEP][PASSED] - random_double = Math.round(random_double * 1000): null

2022-03-28 09:20:02 - [TEST_STEP][PASSED] - identificacion = toString().replace(".0", ""): null

2022-03-28 09:20:02 - [TEST_STEP][PASSED] - callTestCase(findTestCase("0.1-Login"), [:], STOP_ON_FAILURE): Call Test Case 'Test Cases/0.1-Login' successfully

2022-03-28 09:20:02 - [TEST_CASE][PASSED] - Test Cases/0.1-Login: Test Cases/0.1-Login

2022-03-28 09:20:02 - [TEST_STEP][PASSED] - openBrowser(""): Browser is opened with url: ''

2022-03-28 09:20:02 - [MESSAGE][WARNING] - A browser is already opened. Closing browser and opening a new one

2022-03-28 09:20:03 - [MESSAGE][INFO] - Starting 'Chrome' driver

2022-03-28 09:20:03 - [MESSAGE][INFO] - Action delay is set to 50 milliseconds

2022-03-28 09:20:05 - [MESSAGE][PASSED] - Browser is opened with url: ''

2022-03-28 09:20:05 - [TEST_STEP][PASSED] - maximizeWindow(): Current window maximized

2022-03-28 09:20:05 - [MESSAGE][PASSED] - Current window maximized

2022-03-28 09:20:05 - [TEST_STEP][PASSED] - i = G_Login: null

2022-03-28 09:20:05 - [TEST_STEP][PASSED] - url = new java.net.URL(i): null

2022-03-28 09:20:05 - [TEST_STEP][PASSED] - println("URL: " + url.toString()): null

2022-03-28 09:20:05 - [TEST_STEP][PASSED] - connection = url.openConnection(): null

2022-03-28 09:20:05 - [TEST_STEP][PASSED] - connection.setRequestMethod("GET"): null

2022-03-28 09:20:05 - [TEST_STEP][PASSED] - connection.setReadTimeout(2 * 1000): null

2022-03-28 09:20:05 - [TEST_STEP][PASSED] - try: null

2022-03-28 09:20:05 - [TEST_STEP][PASSED] - connection.connect(): null

2022-03-28 09:20:05 - [TEST_STEP][PASSED] - flag = connected: null

2022-03-28 09:20:05 - [TEST_STEP][PASSED] - println("Valor_ori: " + flag): null

2022-03-28 09:20:05 - [TEST_STEP][PASSED] - if (flag): null

2022-03-28 09:20:05 - [TEST_STEP][PASSED] - navigateToUrl(i): Navigate to 'http://192.168.2.19:8380/saraweb' successfully

2022-03-28 09:20:07 - [MESSAGE][PASSED] - Navigate to 'http://192.168.2.19:8380/saraweb' successfully

2022-03-28 09:20:07 - [TEST_STEP][PASSED] - a(): null

2022-03-28 09:20:07 - [TEST_STEP][PASSED] - setText(findTestObject("Login/input_USUARIO_loginusuario"), G_Usuario): Text 'saraadmin' is set on object 'Object Repository/Login/input_USUARIO_loginusuario'

2022-03-28 09:20:09 - [MESSAGE][PASSED] - Text 'saraadmin' is set on object 'Object Repository/Login/input_USUARIO_loginusuario'

2022-03-28 09:20:09 - [TEST_STEP][PASSED] - setEncryptedText(findTestObject("Login/input_CLAVE_loginpassword"), "MkG4/TYiCFC3cb2driP7+Q=="): Text ****** has been set on object 'Object Repository/Login/input_CLAVE_loginpassword'

2022-03-28 09:20:10 - [MESSAGE][PASSED] - Text ****** has been set on object 'Object Repository/Login/input_CLAVE_loginpassword'

2022-03-28 09:20:10 - [TEST_STEP][PASSED] - waitForElementClickable(findTestObject("Login/a_Ingresar"), G_TimeOut): Object 'Object Repository/Login/a_Ingresar' is clickable

2022-03-28 09:20:11 - [MESSAGE][PASSED] - Object 'Object Repository/Login/a_Ingresar' is clickable

2022-03-28 09:20:11 - [TEST_STEP][PASSED] - click(findTestObject("Login/a_Ingresar")): Object: 'Object Repository/Login/a_Ingresar' is clicked on

2022-03-28 09:20:15 - [MESSAGE][PASSED] - Object: 'Object Repository/Login/a_Ingresar' is clicked on

2022-03-28 09:20:15 - [TEST_STEP][PASSED] - element = findWebElement(findTestObject("Login/a_Ir"), 30): null

2022-03-28 09:20:16 - [TEST_STEP][PASSED] - executeJavaScript("arguments[0].click()", Arrays.asList(element)): Execute JavaScript 'arguments[0].click()' successfully

2022-03-28 09:20:16 - [MESSAGE][PASSED] - Execute JavaScript 'arguments[0].click()' successfully

2022-03-28 09:20:16 - [MESSAGE][PASSED] - Call Test Case 'Test Cases/0.1-Login' successfully

2022-03-28 09:20:16 - [TEST_STEP][PASSED] - waitForElementClickable(findTestObject("Modulo Tarea Listado Hojas de Vida/Crear Nueva Hoja de Vida/input_Listado Hojas De Vida_form_templatej_idt24_input"), G_TimeOut): Object 'Object Repository/Modulo Tarea Listado Hojas de Vida/Crear Nueva Hoja de Vida/input_Listado Hojas De Vida_form_templatej_idt24_input' is clickable

2022-03-28 09:20:18 - [MESSAGE][PASSED] - Object 'Object Repository/Modulo Tarea Listado Hojas de Vida/Crear Nueva Hoja de Vida/input_Listado Hojas De Vida_form_templatej_idt24_input' is clickable

2022-03-28 09:20:18 - [TEST_STEP][PASSED] - setText(findTestObject("Modulo Tarea Listado Hojas de Vida/Crear Nueva Hoja de Vida/input_Listado Hojas De Vida_form_templatej_idt24_input"), "Listado Hojas de Vida"): Text 'Listado Hojas de Vida' is set on object 'Object Repository/Modulo Tarea Listado Hojas de Vida/Crear Nueva Hoja de Vida/input_Listado Hojas De Vida_form_templatej_idt24_input'

2022-03-28 09:20:19 - [MESSAGE][PASSED] - Text 'Listado Hojas de Vida' is set on object 'Object Repository/Modulo Tarea Listado Hojas de Vida/Crear Nueva Hoja de Vida/input_Listado Hojas De Vida_form_templatej_idt24_input'

2022-03-28 09:20:19 - [TEST_STEP][PASSED] - waitForElementVisible(findTestObject("Modulo Tarea Listado Hojas de Vida/Crear Nueva Hoja de Vida/span_Listado Hojas de Vida"), 0): Object 'Object Repository/Modulo Tarea Listado Hojas de Vida/Crear Nueva Hoja de Vida/span_Listado Hojas de Vida' is visible

2022-03-28 09:20:19 - [MESSAGE][WARNING] - Timeout '0' is invalid. Using default page load timeout: '45'

2022-03-28 09:20:21 - [MESSAGE][PASSED] - Object 'Object Repository/Modulo Tarea Listado Hojas de Vida/Crear Nueva Hoja de Vida/span_Listado Hojas de Vida' is visible

2022-03-28 09:20:21 - [TEST_STEP][PASSED] - click(findTestObject("Modulo Tarea Listado Hojas de Vida/Crear Nueva Hoja de Vida/span_Listado Hojas de Vida")): Object: 'Object Repository/Modulo Tarea Listado Hojas de Vida/Crear Nueva Hoja de Vida/span_Listado Hojas de Vida' is clicked on

2022-03-28 09:20:22 - [MESSAGE][PASSED] - Object: 'Object Repository/Modulo Tarea Listado Hojas de Vida/Crear Nueva Hoja de Vida/span_Listado Hojas de Vida' is clicked on

2022-03-28 09:20:22 - [TEST_STEP][PASSED] - waitForElementClickable(findTestObject("Modulo Tarea Listado Hojas de Vida/Crear Nueva Hoja de Vida/a_Nueva HojaVida"), G_TimeOut): Object 'Object Repository/Modulo Tarea Listado Hojas de Vida/Crear Nueva Hoja de Vida/a_Nueva HojaVida' is clickable

2022-03-28 09:20:22 - [MESSAGE][PASSED] - Object 'Object Repository/Modulo Tarea Listado Hojas de Vida/Crear Nueva Hoja de Vida/a_Nueva HojaVida' is clickable

2022-03-28 09:20:22 - [TEST_STEP][PASSED] - click(findTestObject("Modulo Tarea Listado Hojas de Vida/Crear Nueva Hoja de Vida/a_Nueva HojaVida")): Object: 'Object Repository/Modulo Tarea Listado Hojas de Vida/Crear Nueva Hoja de Vida/a_Nueva HojaVida' is clicked on

2022-03-28 09:20:23 - [MESSAGE][PASSED] - Object: 'Object Repository/Modulo Tarea Listado Hojas de Vida/Crear Nueva Hoja de Vida/a_Nueva HojaVida' is clicked on

2022-03-28 09:20:23 - [TEST_STEP][PASSED] - waitForElementClickable(findTestObject("Modulo Tarea Listado Hojas de Vida/Crear Nueva Hoja de Vida/input_Identificacin_nuevahoja_"), 0): Object 'Object Repository/Modulo Tarea Listado Hojas de Vida/Crear Nueva Hoja de Vida/input_Identificacin_nuevahoja_' is clickable

2022-03-28 09:20:23 - [MESSAGE][WARNING] - Timeout '0' is invalid. Using default page load timeout: '45'

2022-03-28 09:20:23 - [MESSAGE][PASSED] - Object 'Object Repository/Modulo Tarea Listado Hojas de Vida/Crear Nueva Hoja de Vida/input_Identificacin_nuevahoja_' is clickable

2022-03-28 09:20:23 - [TEST_STEP][PASSED] - setText(findTestObject("Modulo Tarea Listado Hojas de Vida/Crear Nueva Hoja de Vida/input_Identificacin_nuevahoja_"), identificacion): Text '9275550' is set on object 'Object Repository/Modulo Tarea Listado Hojas de Vida/Crear Nueva Hoja de Vida/input_Identificacin_nuevahoja_'

2022-03-28 09:20:24 - [MESSAGE][PASSED] - Text '9275550' is set on object 'Object Repository/Modulo Tarea Listado Hojas de Vida/Crear Nueva Hoja de Vida/input_Identificacin_nuevahoja_'

2022-03-28 09:20:24 - [TEST_STEP][PASSED] - selectOptionByIndex(findTestObject("Modulo Tarea Listado Hojas de Vida/Crear Nueva Hoja de Vida/select_-- Seleccione --.ASPIRA"), "4"): All options with index in [4] are selected on object 'Object Repository/Modulo Tarea Listado Hojas de Vida/Crear Nueva Hoja de Vida/select_-- Seleccione --.ASPIRA'

2022-03-28 09:20:26 - [MESSAGE][PASSED] - All options with index in [4] are selected on object 'Object Repository/Modulo Tarea Listado Hojas de Vida/Crear Nueva Hoja de Vida/select_-- Seleccione --.ASPIRA'

2022-03-28 09:20:26 - [TEST_STEP][PASSED] - click(findTestObject("Modulo Tarea Listado Hojas de Vida/Crear Nueva Hoja de Vida/a_Nueva Solicitud")): Object: 'Object Repository/Modulo Tarea Listado Hojas de Vida/Crear Nueva Hoja de Vida/a_Nueva Solicitud' is clicked on

2022-03-28 09:20:27 - [MESSAGE][PASSED] - Object: 'Object Repository/Modulo Tarea Listado Hojas de Vida/Crear Nueva Hoja de Vida/a_Nueva Solicitud' is clicked on

2022-03-28 09:20:27 - [TEST_STEP][PASSED] - waitForElementPresent(findTestObject("Modulo Tarea Listado Hojas de Vida/Crear Nueva Hoja de Vida/input__hojaVidaseccionj_idt8350j_idt845"), 0): Object 'Object Repository/Modulo Tarea Listado Hojas de Vida/Crear Nueva Hoja de Vida/input__hojaVidaseccionj_idt8350j_idt845' is present

2022-03-28 09:20:27 - [MESSAGE][WARNING] - Timeout '0' is invalid. Using default page load timeout: '45'

2022-03-28 09:20:28 - [MESSAGE][PASSED] - Object 'Object Repository/Modulo Tarea Listado Hojas de Vida/Crear Nueva Hoja de Vida/input__hojaVidaseccionj_idt8350j_idt845' is present

2022-03-28 09:20:28 - [TEST_STEP][PASSED] - setText(findTestObject("Modulo Tarea Listado Hojas de Vida/Crear Nueva Hoja de Vida/input__hojaVidaseccionj_idt8350j_idt845"), identificacion): Text '9275550' is set on object 'Object Repository/Modulo Tarea Listado Hojas de Vida/Crear Nueva Hoja de Vida/input__hojaVidaseccionj_idt8350j_idt845'

2022-03-28 09:20:28 - [MESSAGE][PASSED] - Text '9275550' is set on object 'Object Repository/Modulo Tarea Listado Hojas de Vida/Crear Nueva Hoja de Vida/input__hojaVidaseccionj_idt8350j_idt845'

2022-03-28 09:20:28 - [TEST_STEP][PASSED] - setText(findTestObject("Modulo Tarea Listado Hojas de Vida/Crear Nueva Hoja de Vida/input__hojaVidaseccionj_idt8351j_idt845"), "Empleado" + identificacion): Text 'Empleado9275550' is set on object 'Object Repository/Modulo Tarea Listado Hojas de Vida/Crear Nueva Hoja de Vida/input__hojaVidaseccionj_idt8351j_idt845'

2022-03-28 09:20:29 - [MESSAGE][PASSED] - Text 'Empleado9275550' is set on object 'Object Repository/Modulo Tarea Listado Hojas de Vida/Crear Nueva Hoja de Vida/input__hojaVidaseccionj_idt8351j_idt845'

2022-03-28 09:20:29 - [TEST_STEP][PASSED] - setText(findTestObject("Modulo Tarea Listado Hojas de Vida/Crear Nueva Hoja de Vida/input__hojaVidaseccionj_idt8352j_idt845"), " Pruebas_Automaticas"): Text ' Pruebas_Automaticas' is set on object 'Object Repository/Modulo Tarea Listado Hojas de Vida/Crear Nueva Hoja de Vida/input__hojaVidaseccionj_idt8352j_idt845'

2022-03-28 09:20:31 - [MESSAGE][PASSED] - Text ' Pruebas_Automaticas' is set on object 'Object Repository/Modulo Tarea Listado Hojas de Vida/Crear Nueva Hoja de Vida/input__hojaVidaseccionj_idt8352j_idt845'

2022-03-28 09:20:31 - [TEST_STEP][PASSED] - setText(findTestObject("Modulo Tarea Listado Hojas de Vida/Crear Nueva Hoja de Vida/input__hojaVidaseccionj_idt8353fecha_input"), "30/08/1995"): Text '30/08/1995' is set on object 'Object Repository/Modulo Tarea Listado Hojas de Vida/Crear Nueva Hoja de Vida/input__hojaVidaseccionj_idt8353fecha_input'

2022-03-28 09:20:33 - [MESSAGE][PASSED] - Text '30/08/1995' is set on object 'Object Repository/Modulo Tarea Listado Hojas de Vida/Crear Nueva Hoja de Vida/input__hojaVidaseccionj_idt8353fecha_input'

2022-03-28 09:20:33 - [TEST_STEP][PASSED] - sendKeys(findTestObject("Modulo Tarea Listado Hojas de Vida/Crear Nueva Hoja de Vida/input__hojaVidaseccionj_idt8353fecha_input"), Keys.chord(ENTER)): Keys 'ENTER + ' sent to object: 'Object Repository/Modulo Tarea Listado Hojas de Vida/Crear Nueva Hoja de Vida/input__hojaVidaseccionj_idt8353fecha_input'

2022-03-28 09:20:34 - [MESSAGE][PASSED] - Keys 'ENTER + ' sent to object: 'Object Repository/Modulo Tarea Listado Hojas de Vida/Crear Nueva Hoja de Vida/input__hojaVidaseccionj_idt8353fecha_input'

2022-03-28 09:20:34 - [TEST_STEP][PASSED] - waitForElementClickable(findTestObject("Modulo Tarea Listado Hojas de Vida/Crear Nueva Hoja de Vida/a__hojaVidaseccionj_idt8354j_idt865"), G_TimeOut): Object 'Object Repository/Modulo Tarea Listado Hojas de Vida/Crear Nueva Hoja de Vida/a__hojaVidaseccionj_idt8354j_idt865' is clickable

2022-03-28 09:20:34 - [MESSAGE][PASSED] - Object 'Object Repository/Modulo Tarea Listado Hojas de Vida/Crear Nueva Hoja de Vida/a__hojaVidaseccionj_idt8354j_idt865' is clickable

2022-03-28 09:20:34 - [TEST_STEP][PASSED] - click(findTestObject("Modulo Tarea Listado Hojas de Vida/Crear Nueva Hoja de Vida/a__hojaVidaseccionj_idt8354j_idt865")): Object: 'Object Repository/Modulo Tarea Listado Hojas de Vida/Crear Nueva Hoja de Vida/a__hojaVidaseccionj_idt8354j_idt865' is clicked on

2022-03-28 09:20:35 - [MESSAGE][PASSED] - Object: 'Object Repository/Modulo Tarea Listado Hojas de Vida/Crear Nueva Hoja de Vida/a__hojaVidaseccionj_idt8354j_idt865' is clicked on

2022-03-28 09:20:35 - [TEST_STEP][PASSED] - waitForElementClickable(findTestObject("Modulo Tarea Listado Hojas de Vida/Crear Nueva Hoja de Vida/span_CEDULA CIUDADANIA"), G_TimeOut): Object 'Object Repository/Modulo Tarea Listado Hojas de Vida/Crear Nueva Hoja de Vida/span_CEDULA CIUDADANIA' is clickable

2022-03-28 09:20:36 - [MESSAGE][PASSED] - Object 'Object Repository/Modulo Tarea Listado Hojas de Vida/Crear Nueva Hoja de Vida/span_CEDULA CIUDADANIA' is clickable

2022-03-28 09:20:36 - [TEST_STEP][PASSED] - click(findTestObject("Modulo Tarea Listado Hojas de Vida/Crear Nueva Hoja de Vida/span_CEDULA CIUDADANIA")): Object: 'Object Repository/Modulo Tarea Listado Hojas de Vida/Crear Nueva Hoja de Vida/span_CEDULA CIUDADANIA' is clicked on

2022-03-28 09:20:36 - [MESSAGE][PASSED] - Object: 'Object Repository/Modulo Tarea Listado Hojas de Vida/Crear Nueva Hoja de Vida/span_CEDULA CIUDADANIA' is clicked on

2022-03-28 09:20:36 - [TEST_STEP][PASSED] - waitForElementClickable(findTestObject("Modulo Tarea Listado Hojas de Vida/Crear Nueva Hoja de Vida/input_Fecha Expedicin_hojaVidas"), G_TimeOut): Object 'Object Repository/Modulo Tarea Listado Hojas de Vida/Crear Nueva Hoja de Vida/input_Fecha Expedicin_hojaVidas' is clickable

2022-03-28 09:20:37 - [MESSAGE][PASSED] - Object 'Object Repository/Modulo Tarea Listado Hojas de Vida/Crear Nueva Hoja de Vida/input_Fecha Expedicin_hojaVidas' is clickable

2022-03-28 09:20:37 - [TEST_STEP][PASSED] - setText(findTestObject("Modulo Tarea Listado Hojas de Vida/Crear Nueva Hoja de Vida/input_Fecha Expedicin_hojaVidas"), "13/09/2013"): Text '13/09/2013' is set on object 'Object Repository/Modulo Tarea Listado Hojas de Vida/Crear Nueva Hoja de Vida/input_Fecha Expedicin_hojaVidas'

2022-03-28 09:20:38 - [MESSAGE][PASSED] - Text '13/09/2013' is set on object 'Object Repository/Modulo Tarea Listado Hojas de Vida/Crear Nueva Hoja de Vida/input_Fecha Expedicin_hojaVidas'

2022-03-28 09:20:38 - [TEST_STEP][PASSED] - sendKeys(findTestObject("Modulo Tarea Listado Hojas de Vida/Crear Nueva Hoja de Vida/input_Fecha Expedicin_hojaVidas"), Keys.chord(ENTER)): Keys 'ENTER + ' sent to object: 'Object Repository/Modulo Tarea Listado Hojas de Vida/Crear Nueva Hoja de Vida/input_Fecha Expedicin_hojaVidas'

2022-03-28 09:20:39 - [MESSAGE][PASSED] - Keys 'ENTER + ' sent to object: 'Object Repository/Modulo Tarea Listado Hojas de Vida/Crear Nueva Hoja de Vida/input_Fecha Expedicin_hojaVidas'

2022-03-28 09:20:39 - [TEST_STEP][PASSED] - selectOptionByIndex(findTestObject("Modulo Tarea Listado Hojas de Vida/Crear Nueva Hoja de Vida/select_-- Seleccione--000000ABEJORRAL"), "113"): All options with index in [113] are selected on object 'Object Repository/Modulo Tarea Listado Hojas de Vida/Crear Nueva Hoja de Vida/select_-- Seleccione--000000ABEJORRAL'

2022-03-28 09:20:43 - [MESSAGE][PASSED] - All options with index in [113] are selected on object 'Object Repository/Modulo Tarea Listado Hojas de Vida/Crear Nueva Hoja de Vida/select_-- Seleccione--000000ABEJORRAL'

2022-03-28 09:20:43 - [TEST_STEP][PASSED] - setText(findTestObject("Modulo Tarea Listado Hojas de Vida/Crear Nueva Hoja de Vida/input__hojaVidaseccionj_idt8358j_idt845"), "634564654684"): Text '634564654684' is set on object 'Object Repository/Modulo Tarea Listado Hojas de Vida/Crear Nueva Hoja de Vida/input__hojaVidaseccionj_idt8358j_idt845'

2022-03-28 09:20:44 - [MESSAGE][PASSED] - Text '634564654684' is set on object 'Object Repository/Modulo Tarea Listado Hojas de Vida/Crear Nueva Hoja de Vida/input__hojaVidaseccionj_idt8358j_idt845'

2022-03-28 09:20:44 - [TEST_STEP][PASSED] - setText(findTestObject("Modulo Tarea Listado Hojas de Vida/Crear Nueva Hoja de Vida/input__hojaVidaseccionj_idt8359j_idt845"), "noodle@gmail.com"): Text 'noodle@gmail.com' is set on object 'Object Repository/Modulo Tarea Listado Hojas de Vida/Crear Nueva Hoja de Vida/input__hojaVidaseccionj_idt8359j_idt845'

2022-03-28 09:20:46 - [MESSAGE][PASSED] - Text 'noodle@gmail.com' is set on object 'Object Repository/Modulo Tarea Listado Hojas de Vida/Crear Nueva Hoja de Vida/input__hojaVidaseccionj_idt8359j_idt845'

2022-03-28 09:20:46 - [TEST_STEP][PASSED] - selectOptionByIndex(findTestObject("Modulo Tarea Listado Hojas de Vida/Crear Nueva Hoja de Vida/select_AA-ABAB-BB-OO-"), "7"): All options with index in [7] are selected on object 'Object Repository/Modulo Tarea Listado Hojas de Vida/Crear Nueva Hoja de Vida/select_AA-ABAB-BB-OO-'

2022-03-28 09:20:47 - [MESSAGE][PASSED] - All options with index in [7] are selected on object 'Object Repository/Modulo Tarea Listado Hojas de Vida/Crear Nueva Hoja de Vida/select_AA-ABAB-BB-OO-'

2022-03-28 09:20:47 - [TEST_STEP][PASSED] - waitForElementClickable(findTestObject("Modulo Tarea Listado Hojas de Vida/Crear Nueva Hoja de Vida/a_Continuar"), G_TimeOut): Object 'Object Repository/Modulo Tarea Listado Hojas de Vida/Crear Nueva Hoja de Vida/a_Continuar' is clickable

2022-03-28 09:20:48 - [MESSAGE][PASSED] - Object 'Object Repository/Modulo Tarea Listado Hojas de Vida/Crear Nueva Hoja de Vida/a_Continuar' is clickable

2022-03-28 09:20:48 - [TEST_STEP][PASSED] - click(findTestObject("Modulo Tarea Listado Hojas de Vida/Crear Nueva Hoja de Vida/a_Continuar")): Object: 'Object Repository/Modulo Tarea Listado Hojas de Vida/Crear Nueva Hoja de Vida/a_Continuar' is clicked on

2022-03-28 09:20:49 - [MESSAGE][PASSED] - Object: 'Object Repository/Modulo Tarea Listado Hojas de Vida/Crear Nueva Hoja de Vida/a_Continuar' is clicked on

2022-03-28 09:20:49 - [TEST_STEP][PASSED] - waitForElementClickable(findTestObject("Modulo Tarea Listado Hojas de Vida/Crear Nueva Hoja de Vida/a_Aceptar"), G_TimeOut): Object 'Object Repository/Modulo Tarea Listado Hojas de Vida/Crear Nueva Hoja de Vida/a_Aceptar' is clickable

2022-03-28 09:20:50 - [MESSAGE][PASSED] - Object 'Object Repository/Modulo Tarea Listado Hojas de Vida/Crear Nueva Hoja de Vida/a_Aceptar' is clickable

2022-03-28 09:20:50 - [TEST_STEP][PASSED] - click(findTestObject("Modulo Tarea Listado Hojas de Vida/Crear Nueva Hoja de Vida/a_Aceptar"), STOP_ON_FAILURE): Object: 'Object Repository/Modulo Tarea Listado Hojas de Vida/Crear Nueva Hoja de Vida/a_Aceptar' is clicked on

2022-03-28 09:20:51 - [MESSAGE][PASSED] - Object: 'Object Repository/Modulo Tarea Listado Hojas de Vida/Crear Nueva Hoja de Vida/a_Aceptar' is clicked on

2022-03-28 09:20:51 - [TEST_STEP][PASSED] - return identificacion: null

2022-03-28 09:20:51 - [MESSAGE][PASSED] - Call Test Case 'Test Cases/1.1-Tareas Principales/1.1.1-Crear Nueva Hoja de Vida' successfully]]></system-out>
         <system-err><![CDATA[]]></system-err>
      </testcase>
      <testcase name="Test Cases/1.2-Tareas_Secundarias/2.1-Pruebas_Hoja_de_Vida/2.1.5-Crear_Nueva_Hoja_de_Vida_(adjuntar_documento)" time="33.734" classname="Test Cases/1.2-Tareas_Secundarias/2.1-Pruebas_Hoja_de_Vida/2.1.5-Crear_Nueva_Hoja_de_Vida_(adjuntar_documento)" status="PASSED">
         <system-out><![CDATA[2022-03-28 09:20:51 - [TEST_CASE][PASSED] - Test Cases/1.2-Tareas_Secundarias/2.1-Pruebas_Hoja_de_Vida/2.1.5-Crear_Nueva_Hoja_de_Vida_(adjuntar_documento): Test Cases/1.2-Tareas_Secundarias/2.1-Pruebas_Hoja_de_Vida/2.1.5-Crear_Nueva_Hoja_de_Vida_(adjuntar_documento)

2022-03-28 09:20:52 - [TEST_STEP][PASSED] - callTestCase(findTestCase("0.1-Login"), [:], STOP_ON_FAILURE): Call Test Case 'Test Cases/0.1-Login' successfully

2022-03-28 09:20:52 - [TEST_CASE][PASSED] - Test Cases/0.1-Login: Test Cases/0.1-Login

2022-03-28 09:20:52 - [TEST_STEP][PASSED] - openBrowser(""): Browser is opened with url: ''

2022-03-28 09:20:52 - [MESSAGE][WARNING] - A browser is already opened. Closing browser and opening a new one

2022-03-28 09:20:53 - [MESSAGE][INFO] - Starting 'Chrome' driver

2022-03-28 09:20:53 - [MESSAGE][INFO] - Action delay is set to 50 milliseconds

2022-03-28 09:20:55 - [MESSAGE][PASSED] - Browser is opened with url: ''

2022-03-28 09:20:55 - [TEST_STEP][PASSED] - maximizeWindow(): Current window maximized

2022-03-28 09:20:55 - [MESSAGE][PASSED] - Current window maximized

2022-03-28 09:20:55 - [TEST_STEP][PASSED] - i = G_Login: null

2022-03-28 09:20:55 - [TEST_STEP][PASSED] - url = new java.net.URL(i): null

2022-03-28 09:20:55 - [TEST_STEP][PASSED] - println("URL: " + url.toString()): null

2022-03-28 09:20:55 - [TEST_STEP][PASSED] - connection = url.openConnection(): null

2022-03-28 09:20:55 - [TEST_STEP][PASSED] - connection.setRequestMethod("GET"): null

2022-03-28 09:20:55 - [TEST_STEP][PASSED] - connection.setReadTimeout(2 * 1000): null

2022-03-28 09:20:55 - [TEST_STEP][PASSED] - try: null

2022-03-28 09:20:55 - [TEST_STEP][PASSED] - connection.connect(): null

2022-03-28 09:20:55 - [TEST_STEP][PASSED] - flag = connected: null

2022-03-28 09:20:55 - [TEST_STEP][PASSED] - println("Valor_ori: " + flag): null

2022-03-28 09:20:55 - [TEST_STEP][PASSED] - if (flag): null

2022-03-28 09:20:55 - [TEST_STEP][PASSED] - navigateToUrl(i): Navigate to 'http://192.168.2.19:8380/saraweb' successfully

2022-03-28 09:20:56 - [MESSAGE][PASSED] - Navigate to 'http://192.168.2.19:8380/saraweb' successfully

2022-03-28 09:20:56 - [TEST_STEP][PASSED] - a(): null

2022-03-28 09:20:56 - [TEST_STEP][PASSED] - setText(findTestObject("Login/input_USUARIO_loginusuario"), G_Usuario): Text 'saraadmin' is set on object 'Object Repository/Login/input_USUARIO_loginusuario'

2022-03-28 09:20:57 - [MESSAGE][PASSED] - Text 'saraadmin' is set on object 'Object Repository/Login/input_USUARIO_loginusuario'

2022-03-28 09:20:57 - [TEST_STEP][PASSED] - setEncryptedText(findTestObject("Login/input_CLAVE_loginpassword"), "MkG4/TYiCFC3cb2driP7+Q=="): Text ****** has been set on object 'Object Repository/Login/input_CLAVE_loginpassword'

2022-03-28 09:20:58 - [MESSAGE][PASSED] - Text ****** has been set on object 'Object Repository/Login/input_CLAVE_loginpassword'

2022-03-28 09:20:58 - [TEST_STEP][PASSED] - waitForElementClickable(findTestObject("Login/a_Ingresar"), G_TimeOut): Object 'Object Repository/Login/a_Ingresar' is clickable

2022-03-28 09:20:58 - [MESSAGE][PASSED] - Object 'Object Repository/Login/a_Ingresar' is clickable

2022-03-28 09:20:58 - [TEST_STEP][PASSED] - click(findTestObject("Login/a_Ingresar")): Object: 'Object Repository/Login/a_Ingresar' is clicked on

2022-03-28 09:21:03 - [MESSAGE][PASSED] - Object: 'Object Repository/Login/a_Ingresar' is clicked on

2022-03-28 09:21:03 - [TEST_STEP][PASSED] - element = findWebElement(findTestObject("Login/a_Ir"), 30): null

2022-03-28 09:21:04 - [TEST_STEP][PASSED] - executeJavaScript("arguments[0].click()", Arrays.asList(element)): Execute JavaScript 'arguments[0].click()' successfully

2022-03-28 09:21:04 - [MESSAGE][PASSED] - Execute JavaScript 'arguments[0].click()' successfully

2022-03-28 09:21:04 - [MESSAGE][PASSED] - Call Test Case 'Test Cases/0.1-Login' successfully

2022-03-28 09:21:04 - [TEST_STEP][PASSED] - click(findTestObject("Pruebas_Hoja_de_Vida/Crear_Nueva_Hoja_de_Vida_(adjuntar_documento)/input_Secciones_form_templatej_idt286j_idt29")): Object: 'Object Repository/Pruebas_Hoja_de_Vida/Crear_Nueva_Hoja_de_Vida_(adjuntar_documento)/input_Secciones_form_templatej_idt286j_idt29' is clicked on

2022-03-28 09:21:06 - [MESSAGE][PASSED] - Object: 'Object Repository/Pruebas_Hoja_de_Vida/Crear_Nueva_Hoja_de_Vida_(adjuntar_documento)/input_Secciones_form_templatej_idt286j_idt29' is clicked on

2022-03-28 09:21:06 - [TEST_STEP][PASSED] - click(findTestObject("Pruebas_Hoja_de_Vida/Crear_Nueva_Hoja_de_Vida_(adjuntar_documento)/a_ADMINISTRADOR DEL SISTEMA - SARA_cerrar_menu")): Object: 'Object Repository/Pruebas_Hoja_de_Vida/Crear_Nueva_Hoja_de_Vida_(adjuntar_documento)/a_ADMINISTRADOR DEL SISTEMA - SARA_cerrar_menu' is clicked on

2022-03-28 09:21:06 - [MESSAGE][PASSED] - Object: 'Object Repository/Pruebas_Hoja_de_Vida/Crear_Nueva_Hoja_de_Vida_(adjuntar_documento)/a_ADMINISTRADOR DEL SISTEMA - SARA_cerrar_menu' is clicked on

2022-03-28 09:21:06 - [TEST_STEP][PASSED] - waitForElementClickable(findTestObject("Pruebas_Hoja_de_Vida/Crear_Nueva_Hoja_de_Vida_(adjuntar_documento)/label_Nueva Hoja Vida"), 0): Object 'Object Repository/Pruebas_Hoja_de_Vida/Crear_Nueva_Hoja_de_Vida_(adjuntar_documento)/label_Nueva Hoja Vida' is clickable

2022-03-28 09:21:07 - [MESSAGE][WARNING] - Timeout '0' is invalid. Using default page load timeout: '45'

2022-03-28 09:21:07 - [MESSAGE][PASSED] - Object 'Object Repository/Pruebas_Hoja_de_Vida/Crear_Nueva_Hoja_de_Vida_(adjuntar_documento)/label_Nueva Hoja Vida' is clickable

2022-03-28 09:21:07 - [TEST_STEP][PASSED] - click(findTestObject("Pruebas_Hoja_de_Vida/Crear_Nueva_Hoja_de_Vida_(adjuntar_documento)/label_Nueva Hoja Vida")): Object: 'Object Repository/Pruebas_Hoja_de_Vida/Crear_Nueva_Hoja_de_Vida_(adjuntar_documento)/label_Nueva Hoja Vida' is clicked on

2022-03-28 09:21:09 - [MESSAGE][PASSED] - Object: 'Object Repository/Pruebas_Hoja_de_Vida/Crear_Nueva_Hoja_de_Vida_(adjuntar_documento)/label_Nueva Hoja Vida' is clicked on

2022-03-28 09:21:09 - [TEST_STEP][PASSED] - waitForElementClickable(findTestObject("Pruebas_Hoja_de_Vida/Crear_Nueva_Hoja_de_Vida_(adjuntar_documento)/a_Listado Hojas de Vida"), 0): Object 'Object Repository/Pruebas_Hoja_de_Vida/Crear_Nueva_Hoja_de_Vida_(adjuntar_documento)/a_Listado Hojas de Vida' is clickable

2022-03-28 09:21:09 - [MESSAGE][WARNING] - Timeout '0' is invalid. Using default page load timeout: '45'

2022-03-28 09:21:10 - [MESSAGE][PASSED] - Object 'Object Repository/Pruebas_Hoja_de_Vida/Crear_Nueva_Hoja_de_Vida_(adjuntar_documento)/a_Listado Hojas de Vida' is clickable

2022-03-28 09:21:10 - [TEST_STEP][PASSED] - click(findTestObject("Pruebas_Hoja_de_Vida/Crear_Nueva_Hoja_de_Vida_(adjuntar_documento)/a_Listado Hojas de Vida")): Object: 'Object Repository/Pruebas_Hoja_de_Vida/Crear_Nueva_Hoja_de_Vida_(adjuntar_documento)/a_Listado Hojas de Vida' is clicked on

2022-03-28 09:21:11 - [MESSAGE][PASSED] - Object: 'Object Repository/Pruebas_Hoja_de_Vida/Crear_Nueva_Hoja_de_Vida_(adjuntar_documento)/a_Listado Hojas de Vida' is clicked on

2022-03-28 09:21:11 - [TEST_STEP][PASSED] - setText(findTestObject("Pruebas_Hoja_de_Vida/Crear_Nueva_Hoja_de_Vida_(adjuntar_documento)/input_Identificacin_listado_hojaVidaj_idt63"), "355682169"): Text '355682169' is set on object 'Object Repository/Pruebas_Hoja_de_Vida/Crear_Nueva_Hoja_de_Vida_(adjuntar_documento)/input_Identificacin_listado_hojaVidaj_idt63'

2022-03-28 09:21:13 - [MESSAGE][PASSED] - Text '355682169' is set on object 'Object Repository/Pruebas_Hoja_de_Vida/Crear_Nueva_Hoja_de_Vida_(adjuntar_documento)/input_Identificacin_listado_hojaVidaj_idt63'

2022-03-28 09:21:13 - [TEST_STEP][PASSED] - sendKeys(findTestObject("Pruebas_Hoja_de_Vida/Crear_Nueva_Hoja_de_Vida_(adjuntar_documento)/input_Identificacin_listado_hojaVidaj_idt63"), Keys.chord(ENTER)): Keys 'ENTER + ' sent to object: 'Object Repository/Pruebas_Hoja_de_Vida/Crear_Nueva_Hoja_de_Vida_(adjuntar_documento)/input_Identificacin_listado_hojaVidaj_idt63'

2022-03-28 09:21:14 - [MESSAGE][PASSED] - Keys 'ENTER + ' sent to object: 'Object Repository/Pruebas_Hoja_de_Vida/Crear_Nueva_Hoja_de_Vida_(adjuntar_documento)/input_Identificacin_listado_hojaVidaj_idt63'

2022-03-28 09:21:14 - [TEST_STEP][PASSED] - click(findTestObject("Pruebas_Hoja_de_Vida/Crear_Nueva_Hoja_de_Vida_(adjuntar_documento)/td_355682169")): Object: 'Object Repository/Pruebas_Hoja_de_Vida/Crear_Nueva_Hoja_de_Vida_(adjuntar_documento)/td_355682169' is clicked on

2022-03-28 09:21:15 - [MESSAGE][PASSED] - Object: 'Object Repository/Pruebas_Hoja_de_Vida/Crear_Nueva_Hoja_de_Vida_(adjuntar_documento)/td_355682169' is clicked on

2022-03-28 09:21:15 - [TEST_STEP][PASSED] - click(findTestObject("Pruebas_Hoja_de_Vida/Crear_Nueva_Hoja_de_Vida_(adjuntar_documento)/a_Adjuntar Archivo")): Object: 'Object Repository/Pruebas_Hoja_de_Vida/Crear_Nueva_Hoja_de_Vida_(adjuntar_documento)/a_Adjuntar Archivo' is clicked on

2022-03-28 09:21:17 - [MESSAGE][PASSED] - Object: 'Object Repository/Pruebas_Hoja_de_Vida/Crear_Nueva_Hoja_de_Vida_(adjuntar_documento)/a_Adjuntar Archivo' is clicked on

2022-03-28 09:21:17 - [TEST_STEP][PASSED] - click(findTestObject("Pruebas_Hoja_de_Vida/Crear_Nueva_Hoja_de_Vida_(adjuntar_documento)/a_nuevo")): Object: 'Object Repository/Pruebas_Hoja_de_Vida/Crear_Nueva_Hoja_de_Vida_(adjuntar_documento)/a_nuevo' is clicked on

2022-03-28 09:21:18 - [MESSAGE][PASSED] - Object: 'Object Repository/Pruebas_Hoja_de_Vida/Crear_Nueva_Hoja_de_Vida_(adjuntar_documento)/a_nuevo' is clicked on

2022-03-28 09:21:18 - [TEST_STEP][PASSED] - setText(findTestObject("Pruebas_Hoja_de_Vida/Crear_Nueva_Hoja_de_Vida_(adjuntar_documento)/input_Descripcin_hojaVidasecciondescripcion"), "prueba"): Text 'prueba' is set on object 'Object Repository/Pruebas_Hoja_de_Vida/Crear_Nueva_Hoja_de_Vida_(adjuntar_documento)/input_Descripcin_hojaVidasecciondescripcion'

2022-03-28 09:21:19 - [MESSAGE][PASSED] - Text 'prueba' is set on object 'Object Repository/Pruebas_Hoja_de_Vida/Crear_Nueva_Hoja_de_Vida_(adjuntar_documento)/input_Descripcin_hojaVidasecciondescripcion'

2022-03-28 09:21:19 - [TEST_STEP][PASSED] - click(findTestObject("Pruebas_Hoja_de_Vida/Crear_Nueva_Hoja_de_Vida_(adjuntar_documento)/a_Continuar")): Object: 'Object Repository/Pruebas_Hoja_de_Vida/Crear_Nueva_Hoja_de_Vida_(adjuntar_documento)/a_Continuar' is clicked on

2022-03-28 09:21:20 - [MESSAGE][PASSED] - Object: 'Object Repository/Pruebas_Hoja_de_Vida/Crear_Nueva_Hoja_de_Vida_(adjuntar_documento)/a_Continuar' is clicked on

2022-03-28 09:21:20 - [TEST_STEP][PASSED] - ruta = G_rutaarchivos + "HojaDeVida.txt": null

2022-03-28 09:21:20 - [TEST_STEP][PASSED] - uploadFile(findTestObject("Pruebas_Hoja_de_Vida/Crear_Nueva_Hoja_de_Vida_(adjuntar_documento)/input_Cargar Archivo_popupCargarArchivoForminputFileName_input"), ruta): File 'E:\unionweb14\HojaDeVida.txt' sent to object: 'Object Repository/Pruebas_Hoja_de_Vida/Crear_Nueva_Hoja_de_Vida_(adjuntar_documento)/input_Cargar Archivo_popupCargarArchivoForminputFileName_input'

2022-03-28 09:21:21 - [MESSAGE][PASSED] - File 'E:\unionweb14\HojaDeVida.txt' sent to object: 'Object Repository/Pruebas_Hoja_de_Vida/Crear_Nueva_Hoja_de_Vida_(adjuntar_documento)/input_Cargar Archivo_popupCargarArchivoForminputFileName_input'

2022-03-28 09:21:21 - [TEST_STEP][PASSED] - waitForElementClickable(findTestObject("Pruebas_Hoja_de_Vida/Crear_Nueva_Hoja_de_Vida_(adjuntar_documento)/td_prueba"), 0): Object 'Object Repository/Pruebas_Hoja_de_Vida/Crear_Nueva_Hoja_de_Vida_(adjuntar_documento)/td_prueba' is clickable

2022-03-28 09:21:21 - [MESSAGE][WARNING] - Timeout '0' is invalid. Using default page load timeout: '45'

2022-03-28 09:21:21 - [MESSAGE][PASSED] - Object 'Object Repository/Pruebas_Hoja_de_Vida/Crear_Nueva_Hoja_de_Vida_(adjuntar_documento)/td_prueba' is clickable

2022-03-28 09:21:21 - [TEST_STEP][PASSED] - click(findTestObject("Pruebas_Hoja_de_Vida/Crear_Nueva_Hoja_de_Vida_(adjuntar_documento)/td_prueba")): Object: 'Object Repository/Pruebas_Hoja_de_Vida/Crear_Nueva_Hoja_de_Vida_(adjuntar_documento)/td_prueba' is clicked on

2022-03-28 09:21:22 - [MESSAGE][PASSED] - Object: 'Object Repository/Pruebas_Hoja_de_Vida/Crear_Nueva_Hoja_de_Vida_(adjuntar_documento)/td_prueba' is clicked on

2022-03-28 09:21:22 - [TEST_STEP][PASSED] - click(findTestObject("Pruebas_Hoja_de_Vida/Crear_Nueva_Hoja_de_Vida_(adjuntar_documento)/a_Eliminar")): Object: 'Object Repository/Pruebas_Hoja_de_Vida/Crear_Nueva_Hoja_de_Vida_(adjuntar_documento)/a_Eliminar' is clicked on

2022-03-28 09:21:23 - [MESSAGE][PASSED] - Object: 'Object Repository/Pruebas_Hoja_de_Vida/Crear_Nueva_Hoja_de_Vida_(adjuntar_documento)/a_Eliminar' is clicked on

2022-03-28 09:21:23 - [TEST_STEP][PASSED] - closeBrowser(): Browser is closed

2022-03-28 09:21:25 - [MESSAGE][PASSED] - Browser is closed]]></system-out>
         <system-err><![CDATA[]]></system-err>
      </testcase>
      <testcase name="Test Cases/1.2-Tareas_Secundarias/2.1-Pruebas_Hoja_de_Vida/2.1.6-Impresión_Hoja_Vida_Plantilla" time="20.261" classname="Test Cases/1.2-Tareas_Secundarias/2.1-Pruebas_Hoja_de_Vida/2.1.6-Impresión_Hoja_Vida_Plantilla" status="PASSED">
         <system-out><![CDATA[2022-03-28 09:21:25 - [TEST_CASE][PASSED] - Test Cases/1.2-Tareas_Secundarias/2.1-Pruebas_Hoja_de_Vida/2.1.6-Impresión_Hoja_Vida_Plantilla: Test Cases/1.2-Tareas_Secundarias/2.1-Pruebas_Hoja_de_Vida/2.1.6-Impresión_Hoja_Vida_Plantilla

2022-03-28 09:21:25 - [TEST_STEP][PASSED] - callTestCase(findTestCase("0.1-Login"), [:], STOP_ON_FAILURE): Call Test Case 'Test Cases/0.1-Login' successfully

2022-03-28 09:21:25 - [TEST_CASE][PASSED] - Test Cases/0.1-Login: Test Cases/0.1-Login

2022-03-28 09:21:25 - [TEST_STEP][PASSED] - openBrowser(""): Browser is opened with url: ''

2022-03-28 09:21:25 - [MESSAGE][INFO] - Starting 'Chrome' driver

2022-03-28 09:21:25 - [MESSAGE][INFO] - Action delay is set to 50 milliseconds

2022-03-28 09:21:27 - [MESSAGE][PASSED] - Browser is opened with url: ''

2022-03-28 09:21:27 - [TEST_STEP][PASSED] - maximizeWindow(): Current window maximized

2022-03-28 09:21:27 - [MESSAGE][PASSED] - Current window maximized

2022-03-28 09:21:27 - [TEST_STEP][PASSED] - i = G_Login: null

2022-03-28 09:21:27 - [TEST_STEP][PASSED] - url = new java.net.URL(i): null

2022-03-28 09:21:27 - [TEST_STEP][PASSED] - println("URL: " + url.toString()): null

2022-03-28 09:21:27 - [TEST_STEP][PASSED] - connection = url.openConnection(): null

2022-03-28 09:21:27 - [TEST_STEP][PASSED] - connection.setRequestMethod("GET"): null

2022-03-28 09:21:27 - [TEST_STEP][PASSED] - connection.setReadTimeout(2 * 1000): null

2022-03-28 09:21:27 - [TEST_STEP][PASSED] - try: null

2022-03-28 09:21:27 - [TEST_STEP][PASSED] - connection.connect(): null

2022-03-28 09:21:27 - [TEST_STEP][PASSED] - flag = connected: null

2022-03-28 09:21:27 - [TEST_STEP][PASSED] - println("Valor_ori: " + flag): null

2022-03-28 09:21:27 - [TEST_STEP][PASSED] - if (flag): null

2022-03-28 09:21:27 - [TEST_STEP][PASSED] - navigateToUrl(i): Navigate to 'http://192.168.2.19:8380/saraweb' successfully

2022-03-28 09:21:27 - [MESSAGE][PASSED] - Navigate to 'http://192.168.2.19:8380/saraweb' successfully

2022-03-28 09:21:27 - [TEST_STEP][PASSED] - a(): null

2022-03-28 09:21:27 - [TEST_STEP][PASSED] - setText(findTestObject("Login/input_USUARIO_loginusuario"), G_Usuario): Text 'saraadmin' is set on object 'Object Repository/Login/input_USUARIO_loginusuario'

2022-03-28 09:21:28 - [MESSAGE][PASSED] - Text 'saraadmin' is set on object 'Object Repository/Login/input_USUARIO_loginusuario'

2022-03-28 09:21:28 - [TEST_STEP][PASSED] - setEncryptedText(findTestObject("Login/input_CLAVE_loginpassword"), "MkG4/TYiCFC3cb2driP7+Q=="): Text ****** has been set on object 'Object Repository/Login/input_CLAVE_loginpassword'

2022-03-28 09:21:29 - [MESSAGE][PASSED] - Text ****** has been set on object 'Object Repository/Login/input_CLAVE_loginpassword'

2022-03-28 09:21:29 - [TEST_STEP][PASSED] - waitForElementClickable(findTestObject("Login/a_Ingresar"), G_TimeOut): Object 'Object Repository/Login/a_Ingresar' is clickable

2022-03-28 09:21:29 - [MESSAGE][PASSED] - Object 'Object Repository/Login/a_Ingresar' is clickable

2022-03-28 09:21:29 - [TEST_STEP][PASSED] - click(findTestObject("Login/a_Ingresar")): Object: 'Object Repository/Login/a_Ingresar' is clicked on

2022-03-28 09:21:31 - [MESSAGE][PASSED] - Object: 'Object Repository/Login/a_Ingresar' is clicked on

2022-03-28 09:21:31 - [TEST_STEP][PASSED] - element = findWebElement(findTestObject("Login/a_Ir"), 30): null

2022-03-28 09:21:31 - [TEST_STEP][PASSED] - executeJavaScript("arguments[0].click()", Arrays.asList(element)): Execute JavaScript 'arguments[0].click()' successfully

2022-03-28 09:21:31 - [MESSAGE][PASSED] - Execute JavaScript 'arguments[0].click()' successfully

2022-03-28 09:21:31 - [MESSAGE][PASSED] - Call Test Case 'Test Cases/0.1-Login' successfully

2022-03-28 09:21:31 - [TEST_STEP][PASSED] - click(findTestObject("Pruebas_Hoja_de_Vida/Impresión_Hoja_Vida_Plantilla/input_Secciones_form_templatej_idt286j_idt29")): Object: 'Object Repository/Pruebas_Hoja_de_Vida/Impresión_Hoja_Vida_Plantilla/input_Secciones_form_templatej_idt286j_idt29' is clicked on

2022-03-28 09:21:32 - [MESSAGE][PASSED] - Object: 'Object Repository/Pruebas_Hoja_de_Vida/Impresión_Hoja_Vida_Plantilla/input_Secciones_form_templatej_idt286j_idt29' is clicked on

2022-03-28 09:21:32 - [TEST_STEP][PASSED] - click(findTestObject("Pruebas_Hoja_de_Vida/Impresión_Hoja_Vida_Plantilla/a_ADMINISTRADOR DEL SISTEMA - SARA_cerrar_menu")): Object: 'Object Repository/Pruebas_Hoja_de_Vida/Impresión_Hoja_Vida_Plantilla/a_ADMINISTRADOR DEL SISTEMA - SARA_cerrar_menu' is clicked on

2022-03-28 09:21:33 - [MESSAGE][PASSED] - Object: 'Object Repository/Pruebas_Hoja_de_Vida/Impresión_Hoja_Vida_Plantilla/a_ADMINISTRADOR DEL SISTEMA - SARA_cerrar_menu' is clicked on

2022-03-28 09:21:33 - [TEST_STEP][PASSED] - click(findTestObject("Pruebas_Hoja_de_Vida/Impresión_Hoja_Vida_Plantilla/label_Nueva Hoja Vida")): Object: 'Object Repository/Pruebas_Hoja_de_Vida/Impresión_Hoja_Vida_Plantilla/label_Nueva Hoja Vida' is clicked on

2022-03-28 09:21:34 - [MESSAGE][PASSED] - Object: 'Object Repository/Pruebas_Hoja_de_Vida/Impresión_Hoja_Vida_Plantilla/label_Nueva Hoja Vida' is clicked on

2022-03-28 09:21:34 - [TEST_STEP][PASSED] - waitForElementClickable(findTestObject("Pruebas_Hoja_de_Vida/Impresión_Hoja_Vida_Plantilla/a_Listado Hojas de Vida"), 0): Object 'Object Repository/Pruebas_Hoja_de_Vida/Impresión_Hoja_Vida_Plantilla/a_Listado Hojas de Vida' is clickable

2022-03-28 09:21:34 - [MESSAGE][WARNING] - Timeout '0' is invalid. Using default page load timeout: '45'

2022-03-28 09:21:34 - [MESSAGE][PASSED] - Object 'Object Repository/Pruebas_Hoja_de_Vida/Impresión_Hoja_Vida_Plantilla/a_Listado Hojas de Vida' is clickable

2022-03-28 09:21:34 - [TEST_STEP][PASSED] - click(findTestObject("Pruebas_Hoja_de_Vida/Impresión_Hoja_Vida_Plantilla/a_Listado Hojas de Vida")): Object: 'Object Repository/Pruebas_Hoja_de_Vida/Impresión_Hoja_Vida_Plantilla/a_Listado Hojas de Vida' is clicked on

2022-03-28 09:21:35 - [MESSAGE][PASSED] - Object: 'Object Repository/Pruebas_Hoja_de_Vida/Impresión_Hoja_Vida_Plantilla/a_Listado Hojas de Vida' is clicked on

2022-03-28 09:21:35 - [TEST_STEP][PASSED] - waitForElementClickable(findTestObject("Pruebas_Hoja_de_Vida/Impresión_Hoja_Vida_Plantilla/input_Identificacin_listado_hojaVidaj_idt63"), 0): Object 'Object Repository/Pruebas_Hoja_de_Vida/Impresión_Hoja_Vida_Plantilla/input_Identificacin_listado_hojaVidaj_idt63' is clickable

2022-03-28 09:21:35 - [MESSAGE][WARNING] - Timeout '0' is invalid. Using default page load timeout: '45'

2022-03-28 09:21:36 - [MESSAGE][PASSED] - Object 'Object Repository/Pruebas_Hoja_de_Vida/Impresión_Hoja_Vida_Plantilla/input_Identificacin_listado_hojaVidaj_idt63' is clickable

2022-03-28 09:21:36 - [TEST_STEP][PASSED] - setText(findTestObject("Pruebas_Hoja_de_Vida/Impresión_Hoja_Vida_Plantilla/input_Identificacin_listado_hojaVidaj_idt63"), "355682169"): Text '355682169' is set on object 'Object Repository/Pruebas_Hoja_de_Vida/Impresión_Hoja_Vida_Plantilla/input_Identificacin_listado_hojaVidaj_idt63'

2022-03-28 09:21:38 - [MESSAGE][PASSED] - Text '355682169' is set on object 'Object Repository/Pruebas_Hoja_de_Vida/Impresión_Hoja_Vida_Plantilla/input_Identificacin_listado_hojaVidaj_idt63'

2022-03-28 09:21:38 - [TEST_STEP][PASSED] - sendKeys(findTestObject("Pruebas_Hoja_de_Vida/Impresión_Hoja_Vida_Plantilla/input_Identificacin_listado_hojaVidaj_idt63"), Keys.chord(ENTER)): Keys 'ENTER + ' sent to object: 'Object Repository/Pruebas_Hoja_de_Vida/Impresión_Hoja_Vida_Plantilla/input_Identificacin_listado_hojaVidaj_idt63'

2022-03-28 09:21:38 - [MESSAGE][PASSED] - Keys 'ENTER + ' sent to object: 'Object Repository/Pruebas_Hoja_de_Vida/Impresión_Hoja_Vida_Plantilla/input_Identificacin_listado_hojaVidaj_idt63'

2022-03-28 09:21:38 - [TEST_STEP][PASSED] - click(findTestObject("Pruebas_Hoja_de_Vida/Impresión_Hoja_Vida_Plantilla/td_355682169")): Object: 'Object Repository/Pruebas_Hoja_de_Vida/Impresión_Hoja_Vida_Plantilla/td_355682169' is clicked on

2022-03-28 09:21:39 - [MESSAGE][PASSED] - Object: 'Object Repository/Pruebas_Hoja_de_Vida/Impresión_Hoja_Vida_Plantilla/td_355682169' is clicked on

2022-03-28 09:21:39 - [TEST_STEP][PASSED] - click(findTestObject("Pruebas_Hoja_de_Vida/Impresión_Hoja_Vida_Plantilla/a_Generar")): Object: 'Object Repository/Pruebas_Hoja_de_Vida/Impresión_Hoja_Vida_Plantilla/a_Generar' is clicked on

2022-03-28 09:21:40 - [MESSAGE][PASSED] - Object: 'Object Repository/Pruebas_Hoja_de_Vida/Impresión_Hoja_Vida_Plantilla/a_Generar' is clicked on

2022-03-28 09:21:40 - [TEST_STEP][PASSED] - click(findTestObject("Pruebas_Hoja_de_Vida/Impresión_Hoja_Vida_Plantilla/td_espaol impresion empleado")): Object: 'Object Repository/Pruebas_Hoja_de_Vida/Impresión_Hoja_Vida_Plantilla/td_espaol impresion empleado' is clicked on

2022-03-28 09:21:41 - [MESSAGE][PASSED] - Object: 'Object Repository/Pruebas_Hoja_de_Vida/Impresión_Hoja_Vida_Plantilla/td_espaol impresion empleado' is clicked on

2022-03-28 09:21:41 - [TEST_STEP][PASSED] - click(findTestObject("Pruebas_Hoja_de_Vida/Impresión_Hoja_Vida_Plantilla/a_Descargar")): Object: 'Object Repository/Pruebas_Hoja_de_Vida/Impresión_Hoja_Vida_Plantilla/a_Descargar' is clicked on

2022-03-28 09:21:42 - [MESSAGE][PASSED] - Object: 'Object Repository/Pruebas_Hoja_de_Vida/Impresión_Hoja_Vida_Plantilla/a_Descargar' is clicked on

2022-03-28 09:21:42 - [TEST_STEP][PASSED] - switchToWindowTitle("SARA"): Switched to window with title: 'SARA'

2022-03-28 09:21:43 - [MESSAGE][PASSED] - Switched to window with title: 'SARA'

2022-03-28 09:21:43 - [TEST_STEP][PASSED] - waitForElementVisible(findTestObject("Pruebas_Hoja_de_Vida/Impresión_Hoja_Vida_Plantilla/a_Descargar"), 0): Object 'Object Repository/Pruebas_Hoja_de_Vida/Impresión_Hoja_Vida_Plantilla/a_Descargar' is visible

2022-03-28 09:21:43 - [MESSAGE][WARNING] - Timeout '0' is invalid. Using default page load timeout: '45'

2022-03-28 09:21:43 - [MESSAGE][PASSED] - Object 'Object Repository/Pruebas_Hoja_de_Vida/Impresión_Hoja_Vida_Plantilla/a_Descargar' is visible

2022-03-28 09:21:43 - [TEST_STEP][PASSED] - closeBrowser(): Browser is closed

2022-03-28 09:21:45 - [MESSAGE][PASSED] - Browser is closed]]></system-out>
         <system-err><![CDATA[]]></system-err>
      </testcase>
      <testcase name="Test Cases/1.2-Tareas_Secundarias/2.1-Pruebas_Hoja_de_Vida/2.1.7-Impresión_Hoja_Vida_Función_Pública" time="23.544" classname="Test Cases/1.2-Tareas_Secundarias/2.1-Pruebas_Hoja_de_Vida/2.1.7-Impresión_Hoja_Vida_Función_Pública" status="PASSED">
         <system-out><![CDATA[2022-03-28 09:21:45 - [TEST_CASE][PASSED] - Test Cases/1.2-Tareas_Secundarias/2.1-Pruebas_Hoja_de_Vida/2.1.7-Impresión_Hoja_Vida_Función_Pública: Test Cases/1.2-Tareas_Secundarias/2.1-Pruebas_Hoja_de_Vida/2.1.7-Impresión_Hoja_Vida_Función_Pública

2022-03-28 09:21:45 - [TEST_STEP][PASSED] - callTestCase(findTestCase("1.1-Tareas Principales/1.1.2-Imprimir Hoja de Vida"), [:], STOP_ON_FAILURE): Call Test Case 'Test Cases/1.1-Tareas Principales/1.1.2-Imprimir Hoja de Vida' successfully

2022-03-28 09:21:45 - [TEST_CASE][PASSED] - Test Cases/1.1-Tareas Principales/1.1.2-Imprimir Hoja de Vida: Test Cases/1.1-Tareas Principales/1.1.2-Imprimir Hoja de Vida

2022-03-28 09:21:46 - [TEST_STEP][PASSED] - callTestCase(findTestCase("1.1-Tareas Principales/Listado hojas de Vida"), [:], STOP_ON_FAILURE): Call Test Case 'Test Cases/1.1-Tareas Principales/Listado hojas de Vida' successfully

2022-03-28 09:21:46 - [TEST_CASE][PASSED] - Test Cases/1.1-Tareas Principales/Listado hojas de Vida: Test Cases/1.1-Tareas Principales/Listado hojas de Vida

2022-03-28 09:21:47 - [TEST_STEP][PASSED] - callTestCase(findTestCase("0.1-Login"), [:], STOP_ON_FAILURE): Call Test Case 'Test Cases/0.1-Login' successfully

2022-03-28 09:21:47 - [TEST_CASE][PASSED] - Test Cases/0.1-Login: Test Cases/0.1-Login

2022-03-28 09:21:47 - [TEST_STEP][PASSED] - openBrowser(""): Browser is opened with url: ''

2022-03-28 09:21:47 - [MESSAGE][INFO] - Starting 'Chrome' driver

2022-03-28 09:21:47 - [MESSAGE][INFO] - Action delay is set to 50 milliseconds

2022-03-28 09:21:48 - [MESSAGE][PASSED] - Browser is opened with url: ''

2022-03-28 09:21:48 - [TEST_STEP][PASSED] - maximizeWindow(): Current window maximized

2022-03-28 09:21:48 - [MESSAGE][PASSED] - Current window maximized

2022-03-28 09:21:48 - [TEST_STEP][PASSED] - i = G_Login: null

2022-03-28 09:21:48 - [TEST_STEP][PASSED] - url = new java.net.URL(i): null

2022-03-28 09:21:48 - [TEST_STEP][PASSED] - println("URL: " + url.toString()): null

2022-03-28 09:21:48 - [TEST_STEP][PASSED] - connection = url.openConnection(): null

2022-03-28 09:21:48 - [TEST_STEP][PASSED] - connection.setRequestMethod("GET"): null

2022-03-28 09:21:48 - [TEST_STEP][PASSED] - connection.setReadTimeout(2 * 1000): null

2022-03-28 09:21:48 - [TEST_STEP][PASSED] - try: null

2022-03-28 09:21:48 - [TEST_STEP][PASSED] - connection.connect(): null

2022-03-28 09:21:48 - [TEST_STEP][PASSED] - flag = connected: null

2022-03-28 09:21:48 - [TEST_STEP][PASSED] - println("Valor_ori: " + flag): null

2022-03-28 09:21:48 - [TEST_STEP][PASSED] - if (flag): null

2022-03-28 09:21:48 - [TEST_STEP][PASSED] - navigateToUrl(i): Navigate to 'http://192.168.2.19:8380/saraweb' successfully

2022-03-28 09:21:48 - [MESSAGE][PASSED] - Navigate to 'http://192.168.2.19:8380/saraweb' successfully

2022-03-28 09:21:48 - [TEST_STEP][PASSED] - a(): null

2022-03-28 09:21:48 - [TEST_STEP][PASSED] - setText(findTestObject("Login/input_USUARIO_loginusuario"), G_Usuario): Text 'saraadmin' is set on object 'Object Repository/Login/input_USUARIO_loginusuario'

2022-03-28 09:21:49 - [MESSAGE][PASSED] - Text 'saraadmin' is set on object 'Object Repository/Login/input_USUARIO_loginusuario'

2022-03-28 09:21:49 - [TEST_STEP][PASSED] - setEncryptedText(findTestObject("Login/input_CLAVE_loginpassword"), "MkG4/TYiCFC3cb2driP7+Q=="): Text ****** has been set on object 'Object Repository/Login/input_CLAVE_loginpassword'

2022-03-28 09:21:50 - [MESSAGE][PASSED] - Text ****** has been set on object 'Object Repository/Login/input_CLAVE_loginpassword'

2022-03-28 09:21:50 - [TEST_STEP][PASSED] - waitForElementClickable(findTestObject("Login/a_Ingresar"), G_TimeOut): Object 'Object Repository/Login/a_Ingresar' is clickable

2022-03-28 09:21:50 - [MESSAGE][PASSED] - Object 'Object Repository/Login/a_Ingresar' is clickable

2022-03-28 09:21:50 - [TEST_STEP][PASSED] - click(findTestObject("Login/a_Ingresar")): Object: 'Object Repository/Login/a_Ingresar' is clicked on

2022-03-28 09:21:51 - [MESSAGE][PASSED] - Object: 'Object Repository/Login/a_Ingresar' is clicked on

2022-03-28 09:21:51 - [TEST_STEP][PASSED] - element = findWebElement(findTestObject("Login/a_Ir"), 30): null

2022-03-28 09:21:51 - [TEST_STEP][PASSED] - executeJavaScript("arguments[0].click()", Arrays.asList(element)): Execute JavaScript 'arguments[0].click()' successfully

2022-03-28 09:21:51 - [MESSAGE][PASSED] - Execute JavaScript 'arguments[0].click()' successfully

2022-03-28 09:21:51 - [MESSAGE][PASSED] - Call Test Case 'Test Cases/0.1-Login' successfully

2022-03-28 09:21:51 - [TEST_STEP][PASSED] - waitForElementClickable(findTestObject("Modulo Tarea Listado Hojas de Vida/Tareas Listado Hojas de Vida/input_Listado Hojas De Vida_form_templatej_idt24_input"), G_TimeOut): Object 'Object Repository/Modulo Tarea Listado Hojas de Vida/Tareas Listado Hojas de Vida/input_Listado Hojas De Vida_form_templatej_idt24_input' is clickable

2022-03-28 09:21:52 - [MESSAGE][PASSED] - Object 'Object Repository/Modulo Tarea Listado Hojas de Vida/Tareas Listado Hojas de Vida/input_Listado Hojas De Vida_form_templatej_idt24_input' is clickable

2022-03-28 09:21:52 - [TEST_STEP][PASSED] - setText(findTestObject("Modulo Tarea Listado Hojas de Vida/Tareas Listado Hojas de Vida/input_Listado Hojas De Vida_form_templatej_idt24_input"), "Listado Hojas de Vida (hoj)"): Text 'Listado Hojas de Vida (hoj)' is set on object 'Object Repository/Modulo Tarea Listado Hojas de Vida/Tareas Listado Hojas de Vida/input_Listado Hojas De Vida_form_templatej_idt24_input'

2022-03-28 09:21:53 - [MESSAGE][PASSED] - Text 'Listado Hojas de Vida (hoj)' is set on object 'Object Repository/Modulo Tarea Listado Hojas de Vida/Tareas Listado Hojas de Vida/input_Listado Hojas De Vida_form_templatej_idt24_input'

2022-03-28 09:21:53 - [TEST_STEP][PASSED] - waitForElementVisible(findTestObject("Modulo Tarea Listado Hojas de Vida/Tareas Listado Hojas de Vida/span_Listado Hojas de Vida (hoj)"), 0): Object 'Object Repository/Modulo Tarea Listado Hojas de Vida/Tareas Listado Hojas de Vida/span_Listado Hojas de Vida (hoj)' is visible

2022-03-28 09:21:53 - [MESSAGE][WARNING] - Timeout '0' is invalid. Using default page load timeout: '45'

2022-03-28 09:21:54 - [MESSAGE][PASSED] - Object 'Object Repository/Modulo Tarea Listado Hojas de Vida/Tareas Listado Hojas de Vida/span_Listado Hojas de Vida (hoj)' is visible

2022-03-28 09:21:54 - [TEST_STEP][PASSED] - click(findTestObject("Modulo Tarea Listado Hojas de Vida/Tareas Listado Hojas de Vida/span_Listado Hojas de Vida (hoj)")): Object: 'Object Repository/Modulo Tarea Listado Hojas de Vida/Tareas Listado Hojas de Vida/span_Listado Hojas de Vida (hoj)' is clicked on

2022-03-28 09:21:55 - [MESSAGE][PASSED] - Object: 'Object Repository/Modulo Tarea Listado Hojas de Vida/Tareas Listado Hojas de Vida/span_Listado Hojas de Vida (hoj)' is clicked on

2022-03-28 09:21:55 - [MESSAGE][PASSED] - Call Test Case 'Test Cases/1.1-Tareas Principales/Listado hojas de Vida' successfully

2022-03-28 09:21:55 - [TEST_STEP][PASSED] - waitForElementClickable(findTestObject("Modulo Tarea Listado Hojas de Vida/Imprimir Hoja de Vida/input_Identificacin_listado_hojaVidaj_idt62"), G_TimeOut): Object 'Object Repository/Modulo Tarea Listado Hojas de Vida/Imprimir Hoja de Vida/input_Identificacin_listado_hojaVidaj_idt62' is clickable

2022-03-28 09:21:56 - [MESSAGE][PASSED] - Object 'Object Repository/Modulo Tarea Listado Hojas de Vida/Imprimir Hoja de Vida/input_Identificacin_listado_hojaVidaj_idt62' is clickable

2022-03-28 09:21:56 - [TEST_STEP][PASSED] - setText(findTestObject("Modulo Tarea Listado Hojas de Vida/Imprimir Hoja de Vida/input_Identificacin_listado_hojaVidaj_idt62"), "355682169"): Text '355682169' is set on object 'Object Repository/Modulo Tarea Listado Hojas de Vida/Imprimir Hoja de Vida/input_Identificacin_listado_hojaVidaj_idt62'

2022-03-28 09:21:57 - [MESSAGE][PASSED] - Text '355682169' is set on object 'Object Repository/Modulo Tarea Listado Hojas de Vida/Imprimir Hoja de Vida/input_Identificacin_listado_hojaVidaj_idt62'

2022-03-28 09:21:57 - [TEST_STEP][PASSED] - sendKeys(findTestObject("Modulo Tarea Listado Hojas de Vida/Imprimir Hoja de Vida/input_Identificacin_listado_hojaVidaj_idt62"), Keys.chord(ENTER)): Keys 'ENTER + ' sent to object: 'Object Repository/Modulo Tarea Listado Hojas de Vida/Imprimir Hoja de Vida/input_Identificacin_listado_hojaVidaj_idt62'

2022-03-28 09:21:57 - [MESSAGE][PASSED] - Keys 'ENTER + ' sent to object: 'Object Repository/Modulo Tarea Listado Hojas de Vida/Imprimir Hoja de Vida/input_Identificacin_listado_hojaVidaj_idt62'

2022-03-28 09:21:57 - [TEST_STEP][PASSED] - waitForElementClickable(findTestObject("Modulo Tarea Listado Hojas de Vida/Imprimir Hoja de Vida/td_355682169"), G_TimeOut): Object 'Object Repository/Modulo Tarea Listado Hojas de Vida/Imprimir Hoja de Vida/td_355682169' is clickable

2022-03-28 09:21:58 - [MESSAGE][PASSED] - Object 'Object Repository/Modulo Tarea Listado Hojas de Vida/Imprimir Hoja de Vida/td_355682169' is clickable

2022-03-28 09:21:58 - [TEST_STEP][PASSED] - click(findTestObject("Modulo Tarea Listado Hojas de Vida/Imprimir Hoja de Vida/td_355682169")): Object: 'Object Repository/Modulo Tarea Listado Hojas de Vida/Imprimir Hoja de Vida/td_355682169' is clicked on

2022-03-28 09:21:58 - [MESSAGE][PASSED] - Object: 'Object Repository/Modulo Tarea Listado Hojas de Vida/Imprimir Hoja de Vida/td_355682169' is clicked on

2022-03-28 09:21:58 - [TEST_STEP][PASSED] - waitForElementClickable(findTestObject("Modulo Tarea Listado Hojas de Vida/Imprimir Hoja de Vida/a_Imprimir"), G_TimeOut): Object 'Object Repository/Modulo Tarea Listado Hojas de Vida/Imprimir Hoja de Vida/a_Imprimir' is clickable

2022-03-28 09:21:59 - [MESSAGE][PASSED] - Object 'Object Repository/Modulo Tarea Listado Hojas de Vida/Imprimir Hoja de Vida/a_Imprimir' is clickable

2022-03-28 09:21:59 - [TEST_STEP][PASSED] - click(findTestObject("Modulo Tarea Listado Hojas de Vida/Imprimir Hoja de Vida/a_Imprimir")): Object: 'Object Repository/Modulo Tarea Listado Hojas de Vida/Imprimir Hoja de Vida/a_Imprimir' is clicked on

2022-03-28 09:21:59 - [MESSAGE][PASSED] - Object: 'Object Repository/Modulo Tarea Listado Hojas de Vida/Imprimir Hoja de Vida/a_Imprimir' is clicked on

2022-03-28 09:21:59 - [TEST_STEP][PASSED] - waitForElementClickable(findTestObject("Modulo Tarea Listado Hojas de Vida/Imprimir Hoja de Vida/a_Si"), G_TimeOut): Object 'Object Repository/Modulo Tarea Listado Hojas de Vida/Imprimir Hoja de Vida/a_Si' is clickable

2022-03-28 09:22:00 - [MESSAGE][PASSED] - Object 'Object Repository/Modulo Tarea Listado Hojas de Vida/Imprimir Hoja de Vida/a_Si' is clickable

2022-03-28 09:22:00 - [TEST_STEP][PASSED] - click(findTestObject("Modulo Tarea Listado Hojas de Vida/Imprimir Hoja de Vida/a_Si")): Object: 'Object Repository/Modulo Tarea Listado Hojas de Vida/Imprimir Hoja de Vida/a_Si' is clicked on

2022-03-28 09:22:02 - [MESSAGE][PASSED] - Object: 'Object Repository/Modulo Tarea Listado Hojas de Vida/Imprimir Hoja de Vida/a_Si' is clicked on

2022-03-28 09:22:02 - [TEST_STEP][PASSED] - switchToWindowTitle("SARA"): Switched to window with title: 'SARA'

2022-03-28 09:22:02 - [MESSAGE][PASSED] - Switched to window with title: 'SARA'

2022-03-28 09:22:02 - [TEST_STEP][PASSED] - waitForElementClickable(findTestObject("Modulo Tarea Listado Hojas de Vida/Imprimir Hoja de Vida/span_Grupo Sanguneo-closethick"), G_TimeOut): Object 'Object Repository/Modulo Tarea Listado Hojas de Vida/Imprimir Hoja de Vida/span_Grupo Sanguneo-closethick' is clickable

2022-03-28 09:22:02 - [MESSAGE][PASSED] - Object 'Object Repository/Modulo Tarea Listado Hojas de Vida/Imprimir Hoja de Vida/span_Grupo Sanguneo-closethick' is clickable

2022-03-28 09:22:02 - [TEST_STEP][PASSED] - click(findTestObject("Modulo Tarea Listado Hojas de Vida/Imprimir Hoja de Vida/span_Grupo Sanguneo-closethick")): Object: 'Object Repository/Modulo Tarea Listado Hojas de Vida/Imprimir Hoja de Vida/span_Grupo Sanguneo-closethick' is clicked on

2022-03-28 09:22:03 - [MESSAGE][PASSED] - Object: 'Object Repository/Modulo Tarea Listado Hojas de Vida/Imprimir Hoja de Vida/span_Grupo Sanguneo-closethick' is clicked on

2022-03-28 09:22:03 - [TEST_STEP][PASSED] - waitForElementClickable(findTestObject("Modulo Tarea Listado Hojas de Vida/Imprimir Hoja de Vida/a_Generar"), G_TimeOut): Object 'Object Repository/Modulo Tarea Listado Hojas de Vida/Imprimir Hoja de Vida/a_Generar' is clickable

2022-03-28 09:22:03 - [MESSAGE][PASSED] - Object 'Object Repository/Modulo Tarea Listado Hojas de Vida/Imprimir Hoja de Vida/a_Generar' is clickable

2022-03-28 09:22:03 - [TEST_STEP][PASSED] - click(findTestObject("Modulo Tarea Listado Hojas de Vida/Imprimir Hoja de Vida/a_Generar")): Object: 'Object Repository/Modulo Tarea Listado Hojas de Vida/Imprimir Hoja de Vida/a_Generar' is clicked on

2022-03-28 09:22:04 - [MESSAGE][PASSED] - Object: 'Object Repository/Modulo Tarea Listado Hojas de Vida/Imprimir Hoja de Vida/a_Generar' is clicked on

2022-03-28 09:22:04 - [TEST_STEP][PASSED] - waitForElementClickable(findTestObject("Modulo Tarea Listado Hojas de Vida/Imprimir Hoja de Vida/td_espaol impresion empleado"), G_TimeOut): Object 'Object Repository/Modulo Tarea Listado Hojas de Vida/Imprimir Hoja de Vida/td_espaol impresion empleado' is clickable

2022-03-28 09:22:05 - [MESSAGE][PASSED] - Object 'Object Repository/Modulo Tarea Listado Hojas de Vida/Imprimir Hoja de Vida/td_espaol impresion empleado' is clickable

2022-03-28 09:22:05 - [TEST_STEP][PASSED] - click(findTestObject("Modulo Tarea Listado Hojas de Vida/Imprimir Hoja de Vida/td_espaol impresion empleado")): Object: 'Object Repository/Modulo Tarea Listado Hojas de Vida/Imprimir Hoja de Vida/td_espaol impresion empleado' is clicked on

2022-03-28 09:22:05 - [MESSAGE][PASSED] - Object: 'Object Repository/Modulo Tarea Listado Hojas de Vida/Imprimir Hoja de Vida/td_espaol impresion empleado' is clicked on

2022-03-28 09:22:05 - [TEST_STEP][PASSED] - waitForElementClickable(findTestObject("Modulo Tarea Listado Hojas de Vida/Imprimir Hoja de Vida/a_Descargar"), G_TimeOut): Object 'Object Repository/Modulo Tarea Listado Hojas de Vida/Imprimir Hoja de Vida/a_Descargar' is clickable

2022-03-28 09:22:06 - [MESSAGE][PASSED] - Object 'Object Repository/Modulo Tarea Listado Hojas de Vida/Imprimir Hoja de Vida/a_Descargar' is clickable

2022-03-28 09:22:06 - [TEST_STEP][PASSED] - click(findTestObject("Modulo Tarea Listado Hojas de Vida/Imprimir Hoja de Vida/a_Descargar")): Object: 'Object Repository/Modulo Tarea Listado Hojas de Vida/Imprimir Hoja de Vida/a_Descargar' is clicked on

2022-03-28 09:22:07 - [MESSAGE][PASSED] - Object: 'Object Repository/Modulo Tarea Listado Hojas de Vida/Imprimir Hoja de Vida/a_Descargar' is clicked on

2022-03-28 09:22:07 - [TEST_STEP][PASSED] - switchToWindowIndex(0): Switched to window with index: '0'

2022-03-28 09:22:07 - [MESSAGE][PASSED] - Switched to window with index: '0'

2022-03-28 09:22:07 - [TEST_STEP][PASSED] - waitForElementClickable(findTestObject("Modulo Tarea Listado Hojas de Vida/Imprimir Hoja de Vida/span_Grupo Sanguneo-closethick_1"), G_TimeOut): Object 'Object Repository/Modulo Tarea Listado Hojas de Vida/Imprimir Hoja de Vida/span_Grupo Sanguneo-closethick_1' is clickable

2022-03-28 09:22:07 - [MESSAGE][PASSED] - Object 'Object Repository/Modulo Tarea Listado Hojas de Vida/Imprimir Hoja de Vida/span_Grupo Sanguneo-closethick_1' is clickable

2022-03-28 09:22:07 - [TEST_STEP][PASSED] - click(findTestObject("Modulo Tarea Listado Hojas de Vida/Imprimir Hoja de Vida/span_Grupo Sanguneo-closethick_1")): Object: 'Object Repository/Modulo Tarea Listado Hojas de Vida/Imprimir Hoja de Vida/span_Grupo Sanguneo-closethick_1' is clicked on

2022-03-28 09:22:08 - [MESSAGE][PASSED] - Object: 'Object Repository/Modulo Tarea Listado Hojas de Vida/Imprimir Hoja de Vida/span_Grupo Sanguneo-closethick_1' is clicked on

2022-03-28 09:22:08 - [TEST_STEP][PASSED] - closeBrowser(): Browser is closed

2022-03-28 09:22:08 - [MESSAGE][PASSED] - Browser is closed

2022-03-28 09:22:08 - [MESSAGE][PASSED] - Call Test Case 'Test Cases/1.1-Tareas Principales/1.1.2-Imprimir Hoja de Vida' successfully]]></system-out>
         <system-err><![CDATA[]]></system-err>
      </testcase>
      <testcase name="Test Cases/1.2-Tareas_Secundarias/2.1-Pruebas_Hoja_de_Vida/2.1.8-Aprobación_Novedades" time="70.525" classname="Test Cases/1.2-Tareas_Secundarias/2.1-Pruebas_Hoja_de_Vida/2.1.8-Aprobación_Novedades" status="FAILED">
         <failure type="FAILED" message="Test Cases/1.2-Tareas_Secundarias/2.1-Pruebas_Hoja_de_Vida/2.1.8-Aprobación_Novedades FAILED.
Reason:
com.kms.katalon.core.exception.StepFailedException: Unable to set text 'hoja de vida' of object 'Object Repository/Pruebas_Hoja_de_Vida/Aprobación_Novedades/input_Empresa 1_form_templatej_idt24_input'
	at com.kms.katalon.core.webui.keyword.internal.WebUIKeywordMain.stepFailed(WebUIKeywordMain.groovy:64)
	at com.kms.katalon.core.webui.keyword.internal.WebUIKeywordMain.runKeyword(WebUIKeywordMain.groovy:26)
	at com.kms.katalon.core.webui.keyword.builtin.SetTextKeyword.setText(SetTextKeyword.groovy:66)
	at com.kms.katalon.core.webui.keyword.builtin.SetTextKeyword.execute(SetTextKeyword.groovy:37)
	at com.kms.katalon.core.keyword.internal.KeywordExecutor.executeKeywordForPlatform(KeywordExecutor.groovy:74)
	at com.kms.katalon.core.webui.keyword.WebUiBuiltInKeywords.setText(WebUiBuiltInKeywords.groovy:980)
	at com.kms.katalon.core.webui.keyword.WebUiBuiltInKeywords$setText$2.call(Unknown Source)
	at 2.1.8-Aprobación_Novedades.run(2.1.8-Aprobación_Novedades:42)
	at com.kms.katalon.core.main.ScriptEngine.run(ScriptEngine.java:194)
	at com.kms.katalon.core.main.ScriptEngine.runScriptAsRawText(ScriptEngine.java:119)
	at com.kms.katalon.core.main.TestCaseExecutor.runScript(TestCaseExecutor.java:442)
	at com.kms.katalon.core.main.TestCaseExecutor.doExecute(TestCaseExecutor.java:433)
	at com.kms.katalon.core.main.TestCaseExecutor.processExecutionPhase(TestCaseExecutor.java:412)
	at com.kms.katalon.core.main.TestCaseExecutor.accessMainPhase(TestCaseExecutor.java:404)
	at com.kms.katalon.core.main.TestCaseExecutor.execute(TestCaseExecutor.java:281)
	at com.kms.katalon.core.main.TestSuiteExecutor.accessTestCaseMainPhase(TestSuiteExecutor.java:202)
	at com.kms.katalon.core.main.TestSuiteExecutor.accessTestSuiteMainPhase(TestSuiteExecutor.java:164)
	at com.kms.katalon.core.main.TestSuiteExecutor.execute(TestSuiteExecutor.java:105)
	at com.kms.katalon.core.main.TestCaseMain.startTestSuite(TestCaseMain.java:185)
	at com.kms.katalon.core.main.TestCaseMain$startTestSuite$0.call(Unknown Source)
	at TempTestSuite1648476842672.run(TempTestSuite1648476842672.groovy:36)
Caused by: com.kms.katalon.core.webui.exception.WebElementNotFoundException: Web element with id: 'Object Repository/Pruebas_Hoja_de_Vida/Aprobación_Novedades/input_Empresa 1_form_templatej_idt24_input' located by '//span/input' not found
	at com.kms.katalon.core.webui.common.WebUiCommonHelper.findWebElement(WebUiCommonHelper.java:1370)
	at com.kms.katalon.core.webui.keyword.internal.WebUIAbstractKeyword.findWebElement(WebUIAbstractKeyword.groovy:27)
	at com.kms.katalon.core.webui.keyword.internal.WebUIAbstractKeyword.findWebElement(WebUIAbstractKeyword.groovy:26)
	at com.kms.katalon.core.webui.keyword.builtin.SetTextKeyword$_setText_closure1.doCall(SetTextKeyword.groovy:51)
	at com.kms.katalon.core.webui.keyword.builtin.SetTextKeyword$_setText_closure1.call(SetTextKeyword.groovy)
	at com.kms.katalon.core.webui.keyword.internal.WebUIKeywordMain.runKeyword(WebUIKeywordMain.groovy:20)
	... 19 more
"/>
         <system-out><![CDATA[2022-03-28 09:22:08 - [TEST_CASE][FAILED] - Test Cases/1.2-Tareas_Secundarias/2.1-Pruebas_Hoja_de_Vida/2.1.8-Aprobación_Novedades: Test Cases/1.2-Tareas_Secundarias/2.1-Pruebas_Hoja_de_Vida/2.1.8-Aprobación_Novedades FAILED.
Reason:
com.kms.katalon.core.exception.StepFailedException: Unable to set text 'hoja de vida' of object 'Object Repository/Pruebas_Hoja_de_Vida/Aprobación_Novedades/input_Empresa 1_form_templatej_idt24_input'
	at com.kms.katalon.core.webui.keyword.internal.WebUIKeywordMain.stepFailed(WebUIKeywordMain.groovy:64)
	at com.kms.katalon.core.webui.keyword.internal.WebUIKeywordMain.runKeyword(WebUIKeywordMain.groovy:26)
	at com.kms.katalon.core.webui.keyword.builtin.SetTextKeyword.setText(SetTextKeyword.groovy:66)
	at com.kms.katalon.core.webui.keyword.builtin.SetTextKeyword.execute(SetTextKeyword.groovy:37)
	at com.kms.katalon.core.keyword.internal.KeywordExecutor.executeKeywordForPlatform(KeywordExecutor.groovy:74)
	at com.kms.katalon.core.webui.keyword.WebUiBuiltInKeywords.setText(WebUiBuiltInKeywords.groovy:980)
	at com.kms.katalon.core.webui.keyword.WebUiBuiltInKeywords$setText$2.call(Unknown Source)
	at 2.1.8-Aprobación_Novedades.run(2.1.8-Aprobación_Novedades:42)
	at com.kms.katalon.core.main.ScriptEngine.run(ScriptEngine.java:194)
	at com.kms.katalon.core.main.ScriptEngine.runScriptAsRawText(ScriptEngine.java:119)
	at com.kms.katalon.core.main.TestCaseExecutor.runScript(TestCaseExecutor.java:442)
	at com.kms.katalon.core.main.TestCaseExecutor.doExecute(TestCaseExecutor.java:433)
	at com.kms.katalon.core.main.TestCaseExecutor.processExecutionPhase(TestCaseExecutor.java:412)
	at com.kms.katalon.core.main.TestCaseExecutor.accessMainPhase(TestCaseExecutor.java:404)
	at com.kms.katalon.core.main.TestCaseExecutor.execute(TestCaseExecutor.java:281)
	at com.kms.katalon.core.main.TestSuiteExecutor.accessTestCaseMainPhase(TestSuiteExecutor.java:202)
	at com.kms.katalon.core.main.TestSuiteExecutor.accessTestSuiteMainPhase(TestSuiteExecutor.java:164)
	at com.kms.katalon.core.main.TestSuiteExecutor.execute(TestSuiteExecutor.java:105)
	at com.kms.katalon.core.main.TestCaseMain.startTestSuite(TestCaseMain.java:185)
	at com.kms.katalon.core.main.TestCaseMain$startTestSuite$0.call(Unknown Source)
	at TempTestSuite1648476842672.run(TempTestSuite1648476842672.groovy:36)
Caused by: com.kms.katalon.core.webui.exception.WebElementNotFoundException: Web element with id: 'Object Repository/Pruebas_Hoja_de_Vida/Aprobación_Novedades/input_Empresa 1_form_templatej_idt24_input' located by '//span/input' not found
	at com.kms.katalon.core.webui.common.WebUiCommonHelper.findWebElement(WebUiCommonHelper.java:1370)
	at com.kms.katalon.core.webui.keyword.internal.WebUIAbstractKeyword.findWebElement(WebUIAbstractKeyword.groovy:27)
	at com.kms.katalon.core.webui.keyword.internal.WebUIAbstractKeyword.findWebElement(WebUIAbstractKeyword.groovy:26)
	at com.kms.katalon.core.webui.keyword.builtin.SetTextKeyword$_setText_closure1.doCall(SetTextKeyword.groovy:51)
	at com.kms.katalon.core.webui.keyword.builtin.SetTextKeyword$_setText_closure1.call(SetTextKeyword.groovy)
	at com.kms.katalon.core.webui.keyword.internal.WebUIKeywordMain.runKeyword(WebUIKeywordMain.groovy:20)
	... 19 more


2022-03-28 09:22:10 - [TEST_STEP][PASSED] - callTestCase(findTestCase("0.1-Login"), [:], STOP_ON_FAILURE): Call Test Case 'Test Cases/0.1-Login' successfully

2022-03-28 09:22:10 - [TEST_CASE][PASSED] - Test Cases/0.1-Login: Test Cases/0.1-Login

2022-03-28 09:22:10 - [TEST_STEP][PASSED] - openBrowser(""): Browser is opened with url: ''

2022-03-28 09:22:10 - [MESSAGE][INFO] - Starting 'Chrome' driver

2022-03-28 09:22:10 - [MESSAGE][INFO] - Action delay is set to 50 milliseconds

2022-03-28 09:22:11 - [MESSAGE][PASSED] - Browser is opened with url: ''

2022-03-28 09:22:11 - [TEST_STEP][PASSED] - maximizeWindow(): Current window maximized

2022-03-28 09:22:12 - [MESSAGE][PASSED] - Current window maximized

2022-03-28 09:22:12 - [TEST_STEP][PASSED] - i = G_Login: null

2022-03-28 09:22:12 - [TEST_STEP][PASSED] - url = new java.net.URL(i): null

2022-03-28 09:22:12 - [TEST_STEP][PASSED] - println("URL: " + url.toString()): null

2022-03-28 09:22:12 - [TEST_STEP][PASSED] - connection = url.openConnection(): null

2022-03-28 09:22:12 - [TEST_STEP][PASSED] - connection.setRequestMethod("GET"): null

2022-03-28 09:22:12 - [TEST_STEP][PASSED] - connection.setReadTimeout(2 * 1000): null

2022-03-28 09:22:12 - [TEST_STEP][PASSED] - try: null

2022-03-28 09:22:12 - [TEST_STEP][PASSED] - connection.connect(): null

2022-03-28 09:22:12 - [TEST_STEP][PASSED] - flag = connected: null

2022-03-28 09:22:12 - [TEST_STEP][PASSED] - println("Valor_ori: " + flag): null

2022-03-28 09:22:12 - [TEST_STEP][PASSED] - if (flag): null

2022-03-28 09:22:12 - [TEST_STEP][PASSED] - navigateToUrl(i): Navigate to 'http://192.168.2.19:8380/saraweb' successfully

2022-03-28 09:22:12 - [MESSAGE][PASSED] - Navigate to 'http://192.168.2.19:8380/saraweb' successfully

2022-03-28 09:22:12 - [TEST_STEP][PASSED] - a(): null

2022-03-28 09:22:12 - [TEST_STEP][PASSED] - setText(findTestObject("Login/input_USUARIO_loginusuario"), G_Usuario): Text 'saraadmin' is set on object 'Object Repository/Login/input_USUARIO_loginusuario'

2022-03-28 09:22:13 - [MESSAGE][PASSED] - Text 'saraadmin' is set on object 'Object Repository/Login/input_USUARIO_loginusuario'

2022-03-28 09:22:13 - [TEST_STEP][PASSED] - setEncryptedText(findTestObject("Login/input_CLAVE_loginpassword"), "MkG4/TYiCFC3cb2driP7+Q=="): Text ****** has been set on object 'Object Repository/Login/input_CLAVE_loginpassword'

2022-03-28 09:22:14 - [MESSAGE][PASSED] - Text ****** has been set on object 'Object Repository/Login/input_CLAVE_loginpassword'

2022-03-28 09:22:14 - [TEST_STEP][PASSED] - waitForElementClickable(findTestObject("Login/a_Ingresar"), G_TimeOut): Object 'Object Repository/Login/a_Ingresar' is clickable

2022-03-28 09:22:14 - [MESSAGE][PASSED] - Object 'Object Repository/Login/a_Ingresar' is clickable

2022-03-28 09:22:14 - [TEST_STEP][PASSED] - click(findTestObject("Login/a_Ingresar")): Object: 'Object Repository/Login/a_Ingresar' is clicked on

2022-03-28 09:22:15 - [MESSAGE][PASSED] - Object: 'Object Repository/Login/a_Ingresar' is clicked on

2022-03-28 09:22:15 - [TEST_STEP][PASSED] - element = findWebElement(findTestObject("Login/a_Ir"), 30): null

2022-03-28 09:22:16 - [TEST_STEP][PASSED] - executeJavaScript("arguments[0].click()", Arrays.asList(element)): Execute JavaScript 'arguments[0].click()' successfully

2022-03-28 09:22:16 - [MESSAGE][PASSED] - Execute JavaScript 'arguments[0].click()' successfully

2022-03-28 09:22:16 - [MESSAGE][PASSED] - Call Test Case 'Test Cases/0.1-Login' successfully

2022-03-28 09:22:16 - [TEST_STEP][PASSED] - click(findTestObject("Pruebas_Hoja_de_Vida/Aprobación_Novedades/input_Secciones_form_templatej_idt286j_idt29")): Object: 'Object Repository/Pruebas_Hoja_de_Vida/Aprobación_Novedades/input_Secciones_form_templatej_idt286j_idt29' is clicked on

2022-03-28 09:22:17 - [MESSAGE][PASSED] - Object: 'Object Repository/Pruebas_Hoja_de_Vida/Aprobación_Novedades/input_Secciones_form_templatej_idt286j_idt29' is clicked on

2022-03-28 09:22:17 - [TEST_STEP][PASSED] - click(findTestObject("Pruebas_Hoja_de_Vida/Aprobación_Novedades/a_ADMINISTRADOR DEL SISTEMA - SARA_cerrar_menu")): Object: 'Object Repository/Pruebas_Hoja_de_Vida/Aprobación_Novedades/a_ADMINISTRADOR DEL SISTEMA - SARA_cerrar_menu' is clicked on

2022-03-28 09:22:18 - [MESSAGE][PASSED] - Object: 'Object Repository/Pruebas_Hoja_de_Vida/Aprobación_Novedades/a_ADMINISTRADOR DEL SISTEMA - SARA_cerrar_menu' is clicked on

2022-03-28 09:22:18 - [TEST_STEP][PASSED] - click(findTestObject("Pruebas_Hoja_de_Vida/Aprobación_Novedades/label_Nueva Hoja Vida")): Object: 'Object Repository/Pruebas_Hoja_de_Vida/Aprobación_Novedades/label_Nueva Hoja Vida' is clicked on

2022-03-28 09:22:18 - [MESSAGE][PASSED] - Object: 'Object Repository/Pruebas_Hoja_de_Vida/Aprobación_Novedades/label_Nueva Hoja Vida' is clicked on

2022-03-28 09:22:18 - [TEST_STEP][PASSED] - click(findTestObject("Pruebas_Hoja_de_Vida/Aprobación_Novedades/a_Novedades")): Object: 'Object Repository/Pruebas_Hoja_de_Vida/Aprobación_Novedades/a_Novedades' is clicked on

2022-03-28 09:22:18 - [MESSAGE][PASSED] - Object: 'Object Repository/Pruebas_Hoja_de_Vida/Aprobación_Novedades/a_Novedades' is clicked on

2022-03-28 09:22:18 - [TEST_STEP][PASSED] - selectOptionByIndex(findTestObject("Pruebas_Hoja_de_Vida/Aprobación_Novedades/select_-- Seleccione --AprobadaCanceladaPendienteRechazada"), 3): All options with index in [3] are selected on object 'Object Repository/Pruebas_Hoja_de_Vida/Aprobación_Novedades/select_-- Seleccione --AprobadaCanceladaPendienteRechazada'

2022-03-28 09:22:20 - [MESSAGE][PASSED] - All options with index in [3] are selected on object 'Object Repository/Pruebas_Hoja_de_Vida/Aprobación_Novedades/select_-- Seleccione --AprobadaCanceladaPendienteRechazada'

2022-03-28 09:22:20 - [TEST_STEP][PASSED] - if (waitForElementVisible(findTestObject("Pruebas_Hoja_de_Vida/Aprobación_Novedades/span_DIAZ BLANCO GUISELL"), 1)): Web element with id: 'Object Repository/Pruebas_Hoja_de_Vida/Aprobación_Novedades/span_DIAZ BLANCO GUISELL' located by '//div[2]/div/table/tbody/tr/td[3]/span' not found

2022-03-28 09:22:22 - [MESSAGE][INFO] - Unable to find the element located by 'By.xpath: //div[2]/div/table/tbody/tr/td[3]/span'. Please recheck the objects properties to make sure the desired element is located. 

2022-03-28 09:22:22 - [MESSAGE][WARNING] - Web element with id: 'Object Repository/Pruebas_Hoja_de_Vida/Aprobación_Novedades/span_DIAZ BLANCO GUISELL' located by '//div[2]/div/table/tbody/tr/td[3]/span' not found

2022-03-28 09:22:22 - [TEST_STEP][FAILED] - else: Unable to set text 'hoja de vida' of object 'Object Repository/Pruebas_Hoja_de_Vida/Aprobación_Novedades/input_Empresa 1_form_templatej_idt24_input' (Root cause: com.kms.katalon.core.exception.StepFailedException: Unable to set text 'hoja de vida' of object 'Object Repository/Pruebas_Hoja_de_Vida/Aprobación_Novedades/input_Empresa 1_form_templatej_idt24_input'
	at com.kms.katalon.core.webui.keyword.internal.WebUIKeywordMain.stepFailed(WebUIKeywordMain.groovy:64)
	at com.kms.katalon.core.webui.keyword.internal.WebUIKeywordMain.runKeyword(WebUIKeywordMain.groovy:26)
	at com.kms.katalon.core.webui.keyword.builtin.SetTextKeyword.setText(SetTextKeyword.groovy:66)
	at com.kms.katalon.core.webui.keyword.builtin.SetTextKeyword.execute(SetTextKeyword.groovy:37)
	at com.kms.katalon.core.keyword.internal.KeywordExecutor.executeKeywordForPlatform(KeywordExecutor.groovy:74)
	at com.kms.katalon.core.webui.keyword.WebUiBuiltInKeywords.setText(WebUiBuiltInKeywords.groovy:980)
	at com.kms.katalon.core.webui.keyword.WebUiBuiltInKeywords$setText$2.call(Unknown Source)
	at 2.1.8-Aprobación_Novedades.run(2.1.8-Aprobación_Novedades:42)
	at com.kms.katalon.core.main.ScriptEngine.run(ScriptEngine.java:194)
	at com.kms.katalon.core.main.ScriptEngine.runScriptAsRawText(ScriptEngine.java:119)
	at com.kms.katalon.core.main.TestCaseExecutor.runScript(TestCaseExecutor.java:442)
	at com.kms.katalon.core.main.TestCaseExecutor.doExecute(TestCaseExecutor.java:433)
	at com.kms.katalon.core.main.TestCaseExecutor.processExecutionPhase(TestCaseExecutor.java:412)
	at com.kms.katalon.core.main.TestCaseExecutor.accessMainPhase(TestCaseExecutor.java:404)
	at com.kms.katalon.core.main.TestCaseExecutor.execute(TestCaseExecutor.java:281)
	at com.kms.katalon.core.main.TestSuiteExecutor.accessTestCaseMainPhase(TestSuiteExecutor.java:202)
	at com.kms.katalon.core.main.TestSuiteExecutor.accessTestSuiteMainPhase(TestSuiteExecutor.java:164)
	at com.kms.katalon.core.main.TestSuiteExecutor.execute(TestSuiteExecutor.java:105)
	at com.kms.katalon.core.main.TestCaseMain.startTestSuite(TestCaseMain.java:185)
	at com.kms.katalon.core.main.TestCaseMain$startTestSuite$0.call(Unknown Source)
	at TempTestSuite1648476842672.run(TempTestSuite1648476842672.groovy:36)
Caused by: com.kms.katalon.core.webui.exception.WebElementNotFoundException: Web element with id: 'Object Repository/Pruebas_Hoja_de_Vida/Aprobación_Novedades/input_Empresa 1_form_templatej_idt24_input' located by '//span/input' not found
	at com.kms.katalon.core.webui.common.WebUiCommonHelper.findWebElement(WebUiCommonHelper.java:1370)
	at com.kms.katalon.core.webui.keyword.internal.WebUIAbstractKeyword.findWebElement(WebUIAbstractKeyword.groovy:27)
	at com.kms.katalon.core.webui.keyword.internal.WebUIAbstractKeyword.findWebElement(WebUIAbstractKeyword.groovy:26)
	at com.kms.katalon.core.webui.keyword.builtin.SetTextKeyword$_setText_closure1.doCall(SetTextKeyword.groovy:51)
	at com.kms.katalon.core.webui.keyword.builtin.SetTextKeyword$_setText_closure1.call(SetTextKeyword.groovy)
	at com.kms.katalon.core.webui.keyword.internal.WebUIKeywordMain.runKeyword(WebUIKeywordMain.groovy:20)
	at com.kms.katalon.core.webui.keyword.builtin.SetTextKeyword.setText(SetTextKeyword.groovy:66)
	at com.kms.katalon.core.webui.keyword.builtin.SetTextKeyword.execute(SetTextKeyword.groovy:37)
	at com.kms.katalon.core.keyword.internal.KeywordExecutor.executeKeywordForPlatform(KeywordExecutor.groovy:74)
	at com.kms.katalon.core.webui.keyword.WebUiBuiltInKeywords.setText(WebUiBuiltInKeywords.groovy:980)
	at com.kms.katalon.core.webui.keyword.WebUiBuiltInKeywords$setText$2.call(Unknown Source)
	at Script1635365792265.run(Script1635365792265.groovy:42)
	... 13 more
)

2022-03-28 09:22:22 - [TEST_STEP][PASSED] - callTestCase(findTestCase("Utilidades-(atajos_para _tareas)/Login_Seguridad/0.1-Login-1057596487"), [:], STOP_ON_FAILURE): Call Test Case 'Test Cases/Utilidades-(atajos_para _tareas)/Login_Seguridad/0.1-Login-1057596487' successfully

2022-03-28 09:22:22 - [TEST_CASE][PASSED] - Test Cases/Utilidades-(atajos_para _tareas)/Login_Seguridad/0.1-Login-1057596487: Test Cases/Utilidades-(atajos_para _tareas)/Login_Seguridad/0.1-Login-1057596487

2022-03-28 09:22:23 - [TEST_STEP][PASSED] - openBrowser(""): Browser is opened with url: ''

2022-03-28 09:22:23 - [MESSAGE][WARNING] - A browser is already opened. Closing browser and opening a new one

2022-03-28 09:22:25 - [MESSAGE][INFO] - Starting 'Chrome' driver

2022-03-28 09:22:25 - [MESSAGE][INFO] - Action delay is set to 50 milliseconds

2022-03-28 09:22:27 - [MESSAGE][PASSED] - Browser is opened with url: ''

2022-03-28 09:22:27 - [TEST_STEP][PASSED] - maximizeWindow(): Current window maximized

2022-03-28 09:22:28 - [MESSAGE][PASSED] - Current window maximized

2022-03-28 09:22:28 - [TEST_STEP][PASSED] - i = G_Login: null

2022-03-28 09:22:28 - [TEST_STEP][PASSED] - url = new java.net.URL(i): null

2022-03-28 09:22:28 - [TEST_STEP][PASSED] - println("URL: " + url.toString()): null

2022-03-28 09:22:28 - [TEST_STEP][PASSED] - connection = url.openConnection(): null

2022-03-28 09:22:28 - [TEST_STEP][PASSED] - connection.setRequestMethod("GET"): null

2022-03-28 09:22:28 - [TEST_STEP][PASSED] - connection.setReadTimeout(2 * 1000): null

2022-03-28 09:22:28 - [TEST_STEP][PASSED] - try: null

2022-03-28 09:22:28 - [TEST_STEP][PASSED] - connection.connect(): null

2022-03-28 09:22:28 - [TEST_STEP][PASSED] - flag = connected: null

2022-03-28 09:22:28 - [TEST_STEP][PASSED] - println("Valor_ori: " + flag): null

2022-03-28 09:22:28 - [TEST_STEP][PASSED] - if (flag): null

2022-03-28 09:22:28 - [TEST_STEP][PASSED] - navigateToUrl(i): Navigate to 'http://192.168.2.19:8380/saraweb' successfully

2022-03-28 09:22:28 - [MESSAGE][PASSED] - Navigate to 'http://192.168.2.19:8380/saraweb' successfully

2022-03-28 09:22:28 - [TEST_STEP][PASSED] - a(): null

2022-03-28 09:22:28 - [TEST_STEP][PASSED] - setText(findTestObject("Login/input_USUARIO_loginusuario"), G_Usuario2): Text '1057596487' is set on object 'Object Repository/Login/input_USUARIO_loginusuario'

2022-03-28 09:22:29 - [MESSAGE][PASSED] - Text '1057596487' is set on object 'Object Repository/Login/input_USUARIO_loginusuario'

2022-03-28 09:22:29 - [TEST_STEP][PASSED] - setEncryptedText(findTestObject("Login/input_CLAVE_loginpassword"), "MkG4/TYiCFC3cb2driP7+Q=="): Text ****** has been set on object 'Object Repository/Login/input_CLAVE_loginpassword'

2022-03-28 09:22:30 - [MESSAGE][PASSED] - Text ****** has been set on object 'Object Repository/Login/input_CLAVE_loginpassword'

2022-03-28 09:22:30 - [TEST_STEP][PASSED] - waitForElementClickable(findTestObject("Login/a_Ingresar"), G_TimeOut): Object 'Object Repository/Login/a_Ingresar' is clickable

2022-03-28 09:22:30 - [MESSAGE][PASSED] - Object 'Object Repository/Login/a_Ingresar' is clickable

2022-03-28 09:22:30 - [TEST_STEP][PASSED] - click(findTestObject("Login/a_Ingresar")): Object: 'Object Repository/Login/a_Ingresar' is clicked on

2022-03-28 09:22:31 - [MESSAGE][PASSED] - Object: 'Object Repository/Login/a_Ingresar' is clicked on

2022-03-28 09:22:31 - [TEST_STEP][PASSED] - element = findWebElement(findTestObject("Login/a_Ir"), 30): null

2022-03-28 09:22:32 - [TEST_STEP][PASSED] - executeJavaScript("arguments[0].click()", Arrays.asList(element)): Execute JavaScript 'arguments[0].click()' successfully

2022-03-28 09:22:33 - [MESSAGE][PASSED] - Execute JavaScript 'arguments[0].click()' successfully

2022-03-28 09:22:33 - [MESSAGE][PASSED] - Call Test Case 'Test Cases/Utilidades-(atajos_para _tareas)/Login_Seguridad/0.1-Login-1057596487' successfully

2022-03-28 09:22:33 - [TEST_STEP][FAILED] - setText(findTestObject("Pruebas_Hoja_de_Vida/Aprobación_Novedades/input_Empresa 1_form_templatej_idt24_input"), "hoja de vida"): Unable to set text 'hoja de vida' of object 'Object Repository/Pruebas_Hoja_de_Vida/Aprobación_Novedades/input_Empresa 1_form_templatej_idt24_input' (Root cause: com.kms.katalon.core.exception.StepFailedException: Unable to set text 'hoja de vida' of object 'Object Repository/Pruebas_Hoja_de_Vida/Aprobación_Novedades/input_Empresa 1_form_templatej_idt24_input'
	at com.kms.katalon.core.webui.keyword.internal.WebUIKeywordMain.stepFailed(WebUIKeywordMain.groovy:64)
	at com.kms.katalon.core.webui.keyword.internal.WebUIKeywordMain.runKeyword(WebUIKeywordMain.groovy:26)
	at com.kms.katalon.core.webui.keyword.builtin.SetTextKeyword.setText(SetTextKeyword.groovy:66)
	at com.kms.katalon.core.webui.keyword.builtin.SetTextKeyword.execute(SetTextKeyword.groovy:37)
	at com.kms.katalon.core.keyword.internal.KeywordExecutor.executeKeywordForPlatform(KeywordExecutor.groovy:74)
	at com.kms.katalon.core.webui.keyword.WebUiBuiltInKeywords.setText(WebUiBuiltInKeywords.groovy:980)
	at com.kms.katalon.core.webui.keyword.WebUiBuiltInKeywords$setText$2.call(Unknown Source)
	at 2.1.8-Aprobación_Novedades.run(2.1.8-Aprobación_Novedades:42)
	at com.kms.katalon.core.main.ScriptEngine.run(ScriptEngine.java:194)
	at com.kms.katalon.core.main.ScriptEngine.runScriptAsRawText(ScriptEngine.java:119)
	at com.kms.katalon.core.main.TestCaseExecutor.runScript(TestCaseExecutor.java:442)
	at com.kms.katalon.core.main.TestCaseExecutor.doExecute(TestCaseExecutor.java:433)
	at com.kms.katalon.core.main.TestCaseExecutor.processExecutionPhase(TestCaseExecutor.java:412)
	at com.kms.katalon.core.main.TestCaseExecutor.accessMainPhase(TestCaseExecutor.java:404)
	at com.kms.katalon.core.main.TestCaseExecutor.execute(TestCaseExecutor.java:281)
	at com.kms.katalon.core.main.TestSuiteExecutor.accessTestCaseMainPhase(TestSuiteExecutor.java:202)
	at com.kms.katalon.core.main.TestSuiteExecutor.accessTestSuiteMainPhase(TestSuiteExecutor.java:164)
	at com.kms.katalon.core.main.TestSuiteExecutor.execute(TestSuiteExecutor.java:105)
	at com.kms.katalon.core.main.TestCaseMain.startTestSuite(TestCaseMain.java:185)
	at com.kms.katalon.core.main.TestCaseMain$startTestSuite$0.call(Unknown Source)
	at TempTestSuite1648476842672.run(TempTestSuite1648476842672.groovy:36)
Caused by: com.kms.katalon.core.webui.exception.WebElementNotFoundException: Web element with id: 'Object Repository/Pruebas_Hoja_de_Vida/Aprobación_Novedades/input_Empresa 1_form_templatej_idt24_input' located by '//span/input' not found
	at com.kms.katalon.core.webui.common.WebUiCommonHelper.findWebElement(WebUiCommonHelper.java:1370)
	at com.kms.katalon.core.webui.keyword.internal.WebUIAbstractKeyword.findWebElement(WebUIAbstractKeyword.groovy:27)
	at com.kms.katalon.core.webui.keyword.internal.WebUIAbstractKeyword.findWebElement(WebUIAbstractKeyword.groovy:26)
	at com.kms.katalon.core.webui.keyword.builtin.SetTextKeyword$_setText_closure1.doCall(SetTextKeyword.groovy:51)
	at com.kms.katalon.core.webui.keyword.builtin.SetTextKeyword$_setText_closure1.call(SetTextKeyword.groovy)
	at com.kms.katalon.core.webui.keyword.internal.WebUIKeywordMain.runKeyword(WebUIKeywordMain.groovy:20)
	at com.kms.katalon.core.webui.keyword.builtin.SetTextKeyword.setText(SetTextKeyword.groovy:66)
	at com.kms.katalon.core.webui.keyword.builtin.SetTextKeyword.execute(SetTextKeyword.groovy:37)
	at com.kms.katalon.core.keyword.internal.KeywordExecutor.executeKeywordForPlatform(KeywordExecutor.groovy:74)
	at com.kms.katalon.core.webui.keyword.WebUiBuiltInKeywords.setText(WebUiBuiltInKeywords.groovy:980)
	at com.kms.katalon.core.webui.keyword.WebUiBuiltInKeywords$setText$2.call(Unknown Source)
	at Script1635365792265.run(Script1635365792265.groovy:42)
	... 13 more
)

2022-03-28 09:23:19 - [MESSAGE][INFO] - Unable to find the element located by 'By.xpath: //span/input'. Please recheck the objects properties to make sure the desired element is located. 

2022-03-28 09:23:19 - [MESSAGE][FAILED] - Unable to set text 'hoja de vida' of object 'Object Repository/Pruebas_Hoja_de_Vida/Aprobación_Novedades/input_Empresa 1_form_templatej_idt24_input' (Root cause: com.kms.katalon.core.exception.StepFailedException: Unable to set text 'hoja de vida' of object 'Object Repository/Pruebas_Hoja_de_Vida/Aprobación_Novedades/input_Empresa 1_form_templatej_idt24_input'
	at com.kms.katalon.core.webui.keyword.internal.WebUIKeywordMain.stepFailed(WebUIKeywordMain.groovy:64)
	at com.kms.katalon.core.webui.keyword.internal.WebUIKeywordMain.runKeyword(WebUIKeywordMain.groovy:26)
	at com.kms.katalon.core.webui.keyword.builtin.SetTextKeyword.setText(SetTextKeyword.groovy:66)
	at com.kms.katalon.core.webui.keyword.builtin.SetTextKeyword.execute(SetTextKeyword.groovy:37)
	at com.kms.katalon.core.keyword.internal.KeywordExecutor.executeKeywordForPlatform(KeywordExecutor.groovy:74)
	at com.kms.katalon.core.webui.keyword.WebUiBuiltInKeywords.setText(WebUiBuiltInKeywords.groovy:980)
	at com.kms.katalon.core.webui.keyword.WebUiBuiltInKeywords$setText$2.call(Unknown Source)
	at 2.1.8-Aprobación_Novedades.run(2.1.8-Aprobación_Novedades:42)
	at com.kms.katalon.core.main.ScriptEngine.run(ScriptEngine.java:194)
	at com.kms.katalon.core.main.ScriptEngine.runScriptAsRawText(ScriptEngine.java:119)
	at com.kms.katalon.core.main.TestCaseExecutor.runScript(TestCaseExecutor.java:442)
	at com.kms.katalon.core.main.TestCaseExecutor.doExecute(TestCaseExecutor.java:433)
	at com.kms.katalon.core.main.TestCaseExecutor.processExecutionPhase(TestCaseExecutor.java:412)
	at com.kms.katalon.core.main.TestCaseExecutor.accessMainPhase(TestCaseExecutor.java:404)
	at com.kms.katalon.core.main.TestCaseExecutor.execute(TestCaseExecutor.java:281)
	at com.kms.katalon.core.main.TestSuiteExecutor.accessTestCaseMainPhase(TestSuiteExecutor.java:202)
	at com.kms.katalon.core.main.TestSuiteExecutor.accessTestSuiteMainPhase(TestSuiteExecutor.java:164)
	at com.kms.katalon.core.main.TestSuiteExecutor.execute(TestSuiteExecutor.java:105)
	at com.kms.katalon.core.main.TestCaseMain.startTestSuite(TestCaseMain.java:185)
	at com.kms.katalon.core.main.TestCaseMain$startTestSuite$0.call(Unknown Source)
	at TempTestSuite1648476842672.run(TempTestSuite1648476842672.groovy:36)
Caused by: com.kms.katalon.core.webui.exception.WebElementNotFoundException: Web element with id: 'Object Repository/Pruebas_Hoja_de_Vida/Aprobación_Novedades/input_Empresa 1_form_templatej_idt24_input' located by '//span/input' not found
	at com.kms.katalon.core.webui.common.WebUiCommonHelper.findWebElement(WebUiCommonHelper.java:1370)
	at com.kms.katalon.core.webui.keyword.internal.WebUIAbstractKeyword.findWebElement(WebUIAbstractKeyword.groovy:27)
	at com.kms.katalon.core.webui.keyword.internal.WebUIAbstractKeyword.findWebElement(WebUIAbstractKeyword.groovy:26)
	at com.kms.katalon.core.webui.keyword.builtin.SetTextKeyword$_setText_closure1.doCall(SetTextKeyword.groovy:51)
	at com.kms.katalon.core.webui.keyword.builtin.SetTextKeyword$_setText_closure1.call(SetTextKeyword.groovy)
	at com.kms.katalon.core.webui.keyword.internal.WebUIKeywordMain.runKeyword(WebUIKeywordMain.groovy:20)
	at com.kms.katalon.core.webui.keyword.builtin.SetTextKeyword.setText(SetTextKeyword.groovy:66)
	at com.kms.katalon.core.webui.keyword.builtin.SetTextKeyword.execute(SetTextKeyword.groovy:37)
	at com.kms.katalon.core.keyword.internal.KeywordExecutor.executeKeywordForPlatform(KeywordExecutor.groovy:74)
	at com.kms.katalon.core.webui.keyword.WebUiBuiltInKeywords.setText(WebUiBuiltInKeywords.groovy:980)
	at com.kms.katalon.core.webui.keyword.WebUiBuiltInKeywords$setText$2.call(Unknown Source)
	at Script1635365792265.run(Script1635365792265.groovy:42)
	... 13 more
)
[[ATTACHMENT|C:\\Users\\diego.rojas\\git\\Pruebas-Minimas\\Reports\\20220328_084605\\Test_Suite_Secundaria\\2-Pruebas hoja de vida\\20220328_091402\\1648477399241.png]]]]></system-out>
         <system-err><![CDATA[2022-03-28 09:22:08 - [TEST_CASE][FAILED] - Test Cases/1.2-Tareas_Secundarias/2.1-Pruebas_Hoja_de_Vida/2.1.8-Aprobación_Novedades: Test Cases/1.2-Tareas_Secundarias/2.1-Pruebas_Hoja_de_Vida/2.1.8-Aprobación_Novedades FAILED.
Reason:
com.kms.katalon.core.exception.StepFailedException: Unable to set text 'hoja de vida' of object 'Object Repository/Pruebas_Hoja_de_Vida/Aprobación_Novedades/input_Empresa 1_form_templatej_idt24_input'
	at com.kms.katalon.core.webui.keyword.internal.WebUIKeywordMain.stepFailed(WebUIKeywordMain.groovy:64)
	at com.kms.katalon.core.webui.keyword.internal.WebUIKeywordMain.runKeyword(WebUIKeywordMain.groovy:26)
	at com.kms.katalon.core.webui.keyword.builtin.SetTextKeyword.setText(SetTextKeyword.groovy:66)
	at com.kms.katalon.core.webui.keyword.builtin.SetTextKeyword.execute(SetTextKeyword.groovy:37)
	at com.kms.katalon.core.keyword.internal.KeywordExecutor.executeKeywordForPlatform(KeywordExecutor.groovy:74)
	at com.kms.katalon.core.webui.keyword.WebUiBuiltInKeywords.setText(WebUiBuiltInKeywords.groovy:980)
	at com.kms.katalon.core.webui.keyword.WebUiBuiltInKeywords$setText$2.call(Unknown Source)
	at 2.1.8-Aprobación_Novedades.run(2.1.8-Aprobación_Novedades:42)
	at com.kms.katalon.core.main.ScriptEngine.run(ScriptEngine.java:194)
	at com.kms.katalon.core.main.ScriptEngine.runScriptAsRawText(ScriptEngine.java:119)
	at com.kms.katalon.core.main.TestCaseExecutor.runScript(TestCaseExecutor.java:442)
	at com.kms.katalon.core.main.TestCaseExecutor.doExecute(TestCaseExecutor.java:433)
	at com.kms.katalon.core.main.TestCaseExecutor.processExecutionPhase(TestCaseExecutor.java:412)
	at com.kms.katalon.core.main.TestCaseExecutor.accessMainPhase(TestCaseExecutor.java:404)
	at com.kms.katalon.core.main.TestCaseExecutor.execute(TestCaseExecutor.java:281)
	at com.kms.katalon.core.main.TestSuiteExecutor.accessTestCaseMainPhase(TestSuiteExecutor.java:202)
	at com.kms.katalon.core.main.TestSuiteExecutor.accessTestSuiteMainPhase(TestSuiteExecutor.java:164)
	at com.kms.katalon.core.main.TestSuiteExecutor.execute(TestSuiteExecutor.java:105)
	at com.kms.katalon.core.main.TestCaseMain.startTestSuite(TestCaseMain.java:185)
	at com.kms.katalon.core.main.TestCaseMain$startTestSuite$0.call(Unknown Source)
	at TempTestSuite1648476842672.run(TempTestSuite1648476842672.groovy:36)
Caused by: com.kms.katalon.core.webui.exception.WebElementNotFoundException: Web element with id: 'Object Repository/Pruebas_Hoja_de_Vida/Aprobación_Novedades/input_Empresa 1_form_templatej_idt24_input' located by '//span/input' not found
	at com.kms.katalon.core.webui.common.WebUiCommonHelper.findWebElement(WebUiCommonHelper.java:1370)
	at com.kms.katalon.core.webui.keyword.internal.WebUIAbstractKeyword.findWebElement(WebUIAbstractKeyword.groovy:27)
	at com.kms.katalon.core.webui.keyword.internal.WebUIAbstractKeyword.findWebElement(WebUIAbstractKeyword.groovy:26)
	at com.kms.katalon.core.webui.keyword.builtin.SetTextKeyword$_setText_closure1.doCall(SetTextKeyword.groovy:51)
	at com.kms.katalon.core.webui.keyword.builtin.SetTextKeyword$_setText_closure1.call(SetTextKeyword.groovy)
	at com.kms.katalon.core.webui.keyword.internal.WebUIKeywordMain.runKeyword(WebUIKeywordMain.groovy:20)
	... 19 more]]></system-err>
      </testcase>
      <testcase name="Test Cases/1.2-Tareas_Secundarias/2.1-Pruebas_Hoja_de_Vida/2.2.2-Notificar_Novedades_Hoja_Vida" time="19.893" classname="Test Cases/1.2-Tareas_Secundarias/2.1-Pruebas_Hoja_de_Vida/2.2.2-Notificar_Novedades_Hoja_Vida" status="PASSED">
         <system-out><![CDATA[2022-03-28 09:23:19 - [TEST_CASE][PASSED] - Test Cases/1.2-Tareas_Secundarias/2.1-Pruebas_Hoja_de_Vida/2.2.2-Notificar_Novedades_Hoja_Vida: Test Cases/1.2-Tareas_Secundarias/2.1-Pruebas_Hoja_de_Vida/2.2.2-Notificar_Novedades_Hoja_Vida

2022-03-28 09:23:20 - [TEST_STEP][PASSED] - today = new java.util.Date(): null

2022-03-28 09:23:20 - [TEST_STEP][PASSED] - Dia = today.format("dd"): null

2022-03-28 09:23:20 - [TEST_STEP][PASSED] - Mes = today.format("MM"): null

2022-03-28 09:23:20 - [TEST_STEP][PASSED] - Año = today.format("yyyy"): null

2022-03-28 09:23:20 - [TEST_STEP][PASSED] - Añom = Año - 20: null

2022-03-28 09:23:20 - [TEST_STEP][PASSED] - AñoB = Año - 32: null

2022-03-28 09:23:20 - [TEST_STEP][PASSED] - Fecha = Dia + "/" + Mes + "/" + Añom: null

2022-03-28 09:23:20 - [TEST_STEP][PASSED] - FechaB = Dia + "/" + Mes + "/" + AñoB: null

2022-03-28 09:23:20 - [TEST_STEP][PASSED] - callTestCase(findTestCase("0.1-Login"), [:], STOP_ON_FAILURE): Call Test Case 'Test Cases/0.1-Login' successfully

2022-03-28 09:23:20 - [TEST_CASE][PASSED] - Test Cases/0.1-Login: Test Cases/0.1-Login

2022-03-28 09:23:20 - [TEST_STEP][PASSED] - openBrowser(""): Browser is opened with url: ''

2022-03-28 09:23:20 - [MESSAGE][WARNING] - A browser is already opened. Closing browser and opening a new one

2022-03-28 09:23:21 - [MESSAGE][INFO] - Starting 'Chrome' driver

2022-03-28 09:23:21 - [MESSAGE][INFO] - Action delay is set to 50 milliseconds

2022-03-28 09:23:22 - [MESSAGE][PASSED] - Browser is opened with url: ''

2022-03-28 09:23:22 - [TEST_STEP][PASSED] - maximizeWindow(): Current window maximized

2022-03-28 09:23:22 - [MESSAGE][PASSED] - Current window maximized

2022-03-28 09:23:22 - [TEST_STEP][PASSED] - i = G_Login: null

2022-03-28 09:23:22 - [TEST_STEP][PASSED] - url = new java.net.URL(i): null

2022-03-28 09:23:22 - [TEST_STEP][PASSED] - println("URL: " + url.toString()): null

2022-03-28 09:23:22 - [TEST_STEP][PASSED] - connection = url.openConnection(): null

2022-03-28 09:23:22 - [TEST_STEP][PASSED] - connection.setRequestMethod("GET"): null

2022-03-28 09:23:22 - [TEST_STEP][PASSED] - connection.setReadTimeout(2 * 1000): null

2022-03-28 09:23:22 - [TEST_STEP][PASSED] - try: null

2022-03-28 09:23:22 - [TEST_STEP][PASSED] - connection.connect(): null

2022-03-28 09:23:22 - [TEST_STEP][PASSED] - flag = connected: null

2022-03-28 09:23:22 - [TEST_STEP][PASSED] - println("Valor_ori: " + flag): null

2022-03-28 09:23:22 - [TEST_STEP][PASSED] - if (flag): null

2022-03-28 09:23:22 - [TEST_STEP][PASSED] - navigateToUrl(i): Navigate to 'http://192.168.2.19:8380/saraweb' successfully

2022-03-28 09:23:23 - [MESSAGE][PASSED] - Navigate to 'http://192.168.2.19:8380/saraweb' successfully

2022-03-28 09:23:23 - [TEST_STEP][PASSED] - a(): null

2022-03-28 09:23:23 - [TEST_STEP][PASSED] - setText(findTestObject("Login/input_USUARIO_loginusuario"), G_Usuario): Text 'saraadmin' is set on object 'Object Repository/Login/input_USUARIO_loginusuario'

2022-03-28 09:23:24 - [MESSAGE][PASSED] - Text 'saraadmin' is set on object 'Object Repository/Login/input_USUARIO_loginusuario'

2022-03-28 09:23:24 - [TEST_STEP][PASSED] - setEncryptedText(findTestObject("Login/input_CLAVE_loginpassword"), "MkG4/TYiCFC3cb2driP7+Q=="): Text ****** has been set on object 'Object Repository/Login/input_CLAVE_loginpassword'

2022-03-28 09:23:24 - [MESSAGE][PASSED] - Text ****** has been set on object 'Object Repository/Login/input_CLAVE_loginpassword'

2022-03-28 09:23:24 - [TEST_STEP][PASSED] - waitForElementClickable(findTestObject("Login/a_Ingresar"), G_TimeOut): Object 'Object Repository/Login/a_Ingresar' is clickable

2022-03-28 09:23:25 - [MESSAGE][PASSED] - Object 'Object Repository/Login/a_Ingresar' is clickable

2022-03-28 09:23:25 - [TEST_STEP][PASSED] - click(findTestObject("Login/a_Ingresar")): Object: 'Object Repository/Login/a_Ingresar' is clicked on

2022-03-28 09:23:26 - [MESSAGE][PASSED] - Object: 'Object Repository/Login/a_Ingresar' is clicked on

2022-03-28 09:23:26 - [TEST_STEP][PASSED] - element = findWebElement(findTestObject("Login/a_Ir"), 30): null

2022-03-28 09:23:26 - [TEST_STEP][PASSED] - executeJavaScript("arguments[0].click()", Arrays.asList(element)): Execute JavaScript 'arguments[0].click()' successfully

2022-03-28 09:23:26 - [MESSAGE][PASSED] - Execute JavaScript 'arguments[0].click()' successfully

2022-03-28 09:23:26 - [MESSAGE][PASSED] - Call Test Case 'Test Cases/0.1-Login' successfully

2022-03-28 09:23:26 - [TEST_STEP][PASSED] - waitForElementClickable(findTestObject("Pruebas_Hoja_de_Vida/Notificar_Novedades_Hoja_Vida/input_ADMINISTRADOR DEL SISTEMA - SARA_form_templatej_idt24_input"), 0): Object 'Object Repository/Pruebas_Hoja_de_Vida/Notificar_Novedades_Hoja_Vida/input_ADMINISTRADOR DEL SISTEMA - SARA_form_templatej_idt24_input' is clickable

2022-03-28 09:23:27 - [MESSAGE][WARNING] - Timeout '0' is invalid. Using default page load timeout: '45'

2022-03-28 09:23:27 - [MESSAGE][PASSED] - Object 'Object Repository/Pruebas_Hoja_de_Vida/Notificar_Novedades_Hoja_Vida/input_ADMINISTRADOR DEL SISTEMA - SARA_form_templatej_idt24_input' is clickable

2022-03-28 09:23:27 - [TEST_STEP][PASSED] - setText(findTestObject("Pruebas_Hoja_de_Vida/Notificar_Novedades_Hoja_Vida/input_ADMINISTRADOR DEL SISTEMA - SARA_form_templatej_idt24_input"), "Listado Hojas de Vida (hoj)"): Text 'Listado Hojas de Vida (hoj)' is set on object 'Object Repository/Pruebas_Hoja_de_Vida/Notificar_Novedades_Hoja_Vida/input_ADMINISTRADOR DEL SISTEMA - SARA_form_templatej_idt24_input'

2022-03-28 09:23:28 - [MESSAGE][PASSED] - Text 'Listado Hojas de Vida (hoj)' is set on object 'Object Repository/Pruebas_Hoja_de_Vida/Notificar_Novedades_Hoja_Vida/input_ADMINISTRADOR DEL SISTEMA - SARA_form_templatej_idt24_input'

2022-03-28 09:23:28 - [TEST_STEP][PASSED] - waitForElementVisible(findTestObject("Pruebas_Hoja_de_Vida/Notificar_Novedades_Hoja_Vida/span_Listado Hojas de Vida (hoj)"), 0): Object 'Object Repository/Pruebas_Hoja_de_Vida/Notificar_Novedades_Hoja_Vida/span_Listado Hojas de Vida (hoj)' is visible

2022-03-28 09:23:28 - [MESSAGE][WARNING] - Timeout '0' is invalid. Using default page load timeout: '45'

2022-03-28 09:23:30 - [MESSAGE][PASSED] - Object 'Object Repository/Pruebas_Hoja_de_Vida/Notificar_Novedades_Hoja_Vida/span_Listado Hojas de Vida (hoj)' is visible

2022-03-28 09:23:30 - [TEST_STEP][PASSED] - click(findTestObject("Pruebas_Hoja_de_Vida/Notificar_Novedades_Hoja_Vida/span_Listado Hojas de Vida (hoj)")): Object: 'Object Repository/Pruebas_Hoja_de_Vida/Notificar_Novedades_Hoja_Vida/span_Listado Hojas de Vida (hoj)' is clicked on

2022-03-28 09:23:30 - [MESSAGE][PASSED] - Object: 'Object Repository/Pruebas_Hoja_de_Vida/Notificar_Novedades_Hoja_Vida/span_Listado Hojas de Vida (hoj)' is clicked on

2022-03-28 09:23:30 - [TEST_STEP][PASSED] - setText(findTestObject("Pruebas_Hoja_de_Vida/Notificar_Novedades_Hoja_Vida/input_Identificacin_listado_hojaVidaj_idt63"), "354968431354"): Text '354968431354' is set on object 'Object Repository/Pruebas_Hoja_de_Vida/Notificar_Novedades_Hoja_Vida/input_Identificacin_listado_hojaVidaj_idt63'

2022-03-28 09:23:32 - [MESSAGE][PASSED] - Text '354968431354' is set on object 'Object Repository/Pruebas_Hoja_de_Vida/Notificar_Novedades_Hoja_Vida/input_Identificacin_listado_hojaVidaj_idt63'

2022-03-28 09:23:32 - [TEST_STEP][PASSED] - sendKeys(findTestObject("Pruebas_Hoja_de_Vida/Notificar_Novedades_Hoja_Vida/input_Identificacin_listado_hojaVidaj_idt63"), Keys.chord(ENTER)): Keys 'ENTER + ' sent to object: 'Object Repository/Pruebas_Hoja_de_Vida/Notificar_Novedades_Hoja_Vida/input_Identificacin_listado_hojaVidaj_idt63'

2022-03-28 09:23:32 - [MESSAGE][PASSED] - Keys 'ENTER + ' sent to object: 'Object Repository/Pruebas_Hoja_de_Vida/Notificar_Novedades_Hoja_Vida/input_Identificacin_listado_hojaVidaj_idt63'

2022-03-28 09:23:32 - [TEST_STEP][PASSED] - click(findTestObject("Pruebas_Hoja_de_Vida/Notificar_Novedades_Hoja_Vida/td_354968431354")): Object: 'Object Repository/Pruebas_Hoja_de_Vida/Notificar_Novedades_Hoja_Vida/td_354968431354' is clicked on

2022-03-28 09:23:33 - [MESSAGE][PASSED] - Object: 'Object Repository/Pruebas_Hoja_de_Vida/Notificar_Novedades_Hoja_Vida/td_354968431354' is clicked on

2022-03-28 09:23:33 - [TEST_STEP][PASSED] - FechaG = getText(findTestObject("Pruebas_Hoja_de_Vida/Notificar_Novedades_Hoja_Vida/input_Fecha Expedicin_hojaVidaseccionj_idt2106fecha_input"), STOP_ON_FAILURE): Text of object 'Object Repository/Pruebas_Hoja_de_Vida/Notificar_Novedades_Hoja_Vida/input_Fecha Expedicin_hojaVidaseccionj_idt2106fecha_input' is: ''

2022-03-28 09:23:34 - [MESSAGE][PASSED] - Text of object 'Object Repository/Pruebas_Hoja_de_Vida/Notificar_Novedades_Hoja_Vida/input_Fecha Expedicin_hojaVidaseccionj_idt2106fecha_input' is: ''

2022-03-28 09:23:34 - [TEST_STEP][PASSED] - if (Fecha == FechaG): null

2022-03-28 09:23:34 - [TEST_STEP][PASSED] - setText(findTestObject("Pruebas_Hoja_de_Vida/Notificar_Novedades_Hoja_Vida/input_Fecha Expedicin_hojaVidaseccionj_idt2106fecha_input"), Fecha): Text '28/03/2002' is set on object 'Object Repository/Pruebas_Hoja_de_Vida/Notificar_Novedades_Hoja_Vida/input_Fecha Expedicin_hojaVidaseccionj_idt2106fecha_input'

2022-03-28 09:23:35 - [MESSAGE][PASSED] - Text '28/03/2002' is set on object 'Object Repository/Pruebas_Hoja_de_Vida/Notificar_Novedades_Hoja_Vida/input_Fecha Expedicin_hojaVidaseccionj_idt2106fecha_input'

2022-03-28 09:23:35 - [TEST_STEP][PASSED] - click(findTestObject("Pruebas_Hoja_de_Vida/Notificar_Novedades_Hoja_Vida/a_Guardar")): Object: 'Object Repository/Pruebas_Hoja_de_Vida/Notificar_Novedades_Hoja_Vida/a_Guardar' is clicked on

2022-03-28 09:23:35 - [MESSAGE][PASSED] - Object: 'Object Repository/Pruebas_Hoja_de_Vida/Notificar_Novedades_Hoja_Vida/a_Guardar' is clicked on

2022-03-28 09:23:35 - [TEST_STEP][PASSED] - if (waitForElementVisible(findTestObject("Pruebas_Hoja_de_Vida/Notificar_Novedades_Hoja_Vida/div_INFONo hay cambios que guardar"), 1)): Web element with id: 'Object Repository/Pruebas_Hoja_de_Vida/Notificar_Novedades_Hoja_Vida/div_INFONo hay cambios que guardar' located by '//div[(text() = 'INFO:No hay cambios que guardar' or . = 'INFO:No hay cambios que guardar')]' not found

2022-03-28 09:23:38 - [MESSAGE][INFO] - Unable to find the element located by 'By.xpath: //div[(text() = 'INFO:No hay cambios que guardar' or . = 'INFO:No hay cambios que guardar')]'. Please recheck the objects properties to make sure the desired element is located. 

2022-03-28 09:23:38 - [MESSAGE][WARNING] - Web element with id: 'Object Repository/Pruebas_Hoja_de_Vida/Notificar_Novedades_Hoja_Vida/div_INFONo hay cambios que guardar' located by '//div[(text() = 'INFO:No hay cambios que guardar' or . = 'INFO:No hay cambios que guardar')]' not found

2022-03-28 09:23:38 - [TEST_STEP][PASSED] - click(findTestObject("Pruebas_Hoja_de_Vida/Notificar_Novedades_Hoja_Vida/a_Aceptar")): Object: 'Object Repository/Pruebas_Hoja_de_Vida/Notificar_Novedades_Hoja_Vida/a_Aceptar' is clicked on

2022-03-28 09:23:38 - [MESSAGE][PASSED] - Object: 'Object Repository/Pruebas_Hoja_de_Vida/Notificar_Novedades_Hoja_Vida/a_Aceptar' is clicked on

2022-03-28 09:23:38 - [TEST_STEP][PASSED] - closeBrowser(): Browser is closed

2022-03-28 09:23:39 - [MESSAGE][PASSED] - Browser is closed]]></system-out>
         <system-err><![CDATA[]]></system-err>
      </testcase>
      <system-out><![CDATA[2022-03-28 09:17:20 - [TEST_SUITE][FAILED] - 2-Pruebas hoja de vida: Test Cases/1.2-Tareas_Secundarias/2.1-Pruebas_Hoja_de_Vida/2.1.8-Aprobación_Novedades FAILED.
Reason:
com.kms.katalon.core.exception.StepFailedException: Unable to set text 'hoja de vida' of object 'Object Repository/Pruebas_Hoja_de_Vida/Aprobación_Novedades/input_Empresa 1_form_templatej_idt24_input'
	at com.kms.katalon.core.webui.keyword.internal.WebUIKeywordMain.stepFailed(WebUIKeywordMain.groovy:64)
	at com.kms.katalon.core.webui.keyword.internal.WebUIKeywordMain.runKeyword(WebUIKeywordMain.groovy:26)
	at com.kms.katalon.core.webui.keyword.builtin.SetTextKeyword.setText(SetTextKeyword.groovy:66)
	at com.kms.katalon.core.webui.keyword.builtin.SetTextKeyword.execute(SetTextKeyword.groovy:37)
	at com.kms.katalon.core.keyword.internal.KeywordExecutor.executeKeywordForPlatform(KeywordExecutor.groovy:74)
	at com.kms.katalon.core.webui.keyword.WebUiBuiltInKeywords.setText(WebUiBuiltInKeywords.groovy:980)
	at com.kms.katalon.core.webui.keyword.WebUiBuiltInKeywords$setText$2.call(Unknown Source)
	at 2.1.8-Aprobación_Novedades.run(2.1.8-Aprobación_Novedades:42)
	at com.kms.katalon.core.main.ScriptEngine.run(ScriptEngine.java:194)
	at com.kms.katalon.core.main.ScriptEngine.runScriptAsRawText(ScriptEngine.java:119)
	at com.kms.katalon.core.main.TestCaseExecutor.runScript(TestCaseExecutor.java:442)
	at com.kms.katalon.core.main.TestCaseExecutor.doExecute(TestCaseExecutor.java:433)
	at com.kms.katalon.core.main.TestCaseExecutor.processExecutionPhase(TestCaseExecutor.java:412)
	at com.kms.katalon.core.main.TestCaseExecutor.accessMainPhase(TestCaseExecutor.java:404)
	at com.kms.katalon.core.main.TestCaseExecutor.execute(TestCaseExecutor.java:281)
	at com.kms.katalon.core.main.TestSuiteExecutor.accessTestCaseMainPhase(TestSuiteExecutor.java:202)
	at com.kms.katalon.core.main.TestSuiteExecutor.accessTestSuiteMainPhase(TestSuiteExecutor.java:164)
	at com.kms.katalon.core.main.TestSuiteExecutor.execute(TestSuiteExecutor.java:105)
	at com.kms.katalon.core.main.TestCaseMain.startTestSuite(TestCaseMain.java:185)
	at com.kms.katalon.core.main.TestCaseMain$startTestSuite$0.call(Unknown Source)
	at TempTestSuite1648476842672.run(TempTestSuite1648476842672.groovy:36)
Caused by: com.kms.katalon.core.webui.exception.WebElementNotFoundException: Web element with id: 'Object Repository/Pruebas_Hoja_de_Vida/Aprobación_Novedades/input_Empresa 1_form_templatej_idt24_input' located by '//span/input' not found
	at com.kms.katalon.core.webui.common.WebUiCommonHelper.findWebElement(WebUiCommonHelper.java:1370)
	at com.kms.katalon.core.webui.keyword.internal.WebUIAbstractKeyword.findWebElement(WebUIAbstractKeyword.groovy:27)
	at com.kms.katalon.core.webui.keyword.internal.WebUIAbstractKeyword.findWebElement(WebUIAbstractKeyword.groovy:26)
	at com.kms.katalon.core.webui.keyword.builtin.SetTextKeyword$_setText_closure1.doCall(SetTextKeyword.groovy:51)
	at com.kms.katalon.core.webui.keyword.builtin.SetTextKeyword$_setText_closure1.call(SetTextKeyword.groovy)
	at com.kms.katalon.core.webui.keyword.internal.WebUIKeywordMain.runKeyword(WebUIKeywordMain.groovy:20)
	... 19 more]]></system-out>
      <system-err><![CDATA[2022-03-28 09:17:20 - [TEST_SUITE][FAILED] - 2-Pruebas hoja de vida: Test Cases/1.2-Tareas_Secundarias/2.1-Pruebas_Hoja_de_Vida/2.1.8-Aprobación_Novedades FAILED.
Reason:
com.kms.katalon.core.exception.StepFailedException: Unable to set text 'hoja de vida' of object 'Object Repository/Pruebas_Hoja_de_Vida/Aprobación_Novedades/input_Empresa 1_form_templatej_idt24_input'
	at com.kms.katalon.core.webui.keyword.internal.WebUIKeywordMain.stepFailed(WebUIKeywordMain.groovy:64)
	at com.kms.katalon.core.webui.keyword.internal.WebUIKeywordMain.runKeyword(WebUIKeywordMain.groovy:26)
	at com.kms.katalon.core.webui.keyword.builtin.SetTextKeyword.setText(SetTextKeyword.groovy:66)
	at com.kms.katalon.core.webui.keyword.builtin.SetTextKeyword.execute(SetTextKeyword.groovy:37)
	at com.kms.katalon.core.keyword.internal.KeywordExecutor.executeKeywordForPlatform(KeywordExecutor.groovy:74)
	at com.kms.katalon.core.webui.keyword.WebUiBuiltInKeywords.setText(WebUiBuiltInKeywords.groovy:980)
	at com.kms.katalon.core.webui.keyword.WebUiBuiltInKeywords$setText$2.call(Unknown Source)
	at 2.1.8-Aprobación_Novedades.run(2.1.8-Aprobación_Novedades:42)
	at com.kms.katalon.core.main.ScriptEngine.run(ScriptEngine.java:194)
	at com.kms.katalon.core.main.ScriptEngine.runScriptAsRawText(ScriptEngine.java:119)
	at com.kms.katalon.core.main.TestCaseExecutor.runScript(TestCaseExecutor.java:442)
	at com.kms.katalon.core.main.TestCaseExecutor.doExecute(TestCaseExecutor.java:433)
	at com.kms.katalon.core.main.TestCaseExecutor.processExecutionPhase(TestCaseExecutor.java:412)
	at com.kms.katalon.core.main.TestCaseExecutor.accessMainPhase(TestCaseExecutor.java:404)
	at com.kms.katalon.core.main.TestCaseExecutor.execute(TestCaseExecutor.java:281)
	at com.kms.katalon.core.main.TestSuiteExecutor.accessTestCaseMainPhase(TestSuiteExecutor.java:202)
	at com.kms.katalon.core.main.TestSuiteExecutor.accessTestSuiteMainPhase(TestSuiteExecutor.java:164)
	at com.kms.katalon.core.main.TestSuiteExecutor.execute(TestSuiteExecutor.java:105)
	at com.kms.katalon.core.main.TestCaseMain.startTestSuite(TestCaseMain.java:185)
	at com.kms.katalon.core.main.TestCaseMain$startTestSuite$0.call(Unknown Source)
	at TempTestSuite1648476842672.run(TempTestSuite1648476842672.groovy:36)
Caused by: com.kms.katalon.core.webui.exception.WebElementNotFoundException: Web element with id: 'Object Repository/Pruebas_Hoja_de_Vida/Aprobación_Novedades/input_Empresa 1_form_templatej_idt24_input' located by '//span/input' not found
	at com.kms.katalon.core.webui.common.WebUiCommonHelper.findWebElement(WebUiCommonHelper.java:1370)
	at com.kms.katalon.core.webui.keyword.internal.WebUIAbstractKeyword.findWebElement(WebUIAbstractKeyword.groovy:27)
	at com.kms.katalon.core.webui.keyword.internal.WebUIAbstractKeyword.findWebElement(WebUIAbstractKeyword.groovy:26)
	at com.kms.katalon.core.webui.keyword.builtin.SetTextKeyword$_setText_closure1.doCall(SetTextKeyword.groovy:51)
	at com.kms.katalon.core.webui.keyword.builtin.SetTextKeyword$_setText_closure1.call(SetTextKeyword.groovy)
	at com.kms.katalon.core.webui.keyword.internal.WebUIKeywordMain.runKeyword(WebUIKeywordMain.groovy:20)
	... 19 more]]></system-err>
   </testsuite>
</testsuites>
