<?xml version="1.0" encoding="UTF-8"?>
<testsuites name="0.1" time="7" tests="1" failures="0" errors="0">
   <testsuite name="0.1" tests="1" failures="0" errors="0" time="7" timestamp="2019-02-01 12:10:47" hostname="jhojan.pachon - calidad-03" id="Test Suites/0.1">
      <properties>
         <property name="deviceName" value=""/>
         <property name="devicePlatform" value=""/>
         <property name="logFolder" value="C:\\Users\\jhojan.pachon\\Documents\\Pruebas Minimas\\Reports\\0.1\\20190201_121046"/>
         <property name="logFiles" value="C:\\Users\\jhojan.pachon\\Documents\\Pruebas Minimas\\Reports\\0.1\\20190201_121046\\execution0.log"/>
         <property name="attachments" value=""/>
         <property name="hostName" value="jhojan.pachon - calidad-03"/>
         <property name="os" value="Windows 10 64bit"/>
         <property name="katalonVersion" value="5.10.1.1"/>
         <property name="browser" value="Chrome 71.0.3578.98"/>
         <property name="hostAddress" value="192.168.2.88"/>
         <property name="sessionId" value="1b3fe567101e4ae1c7d8e8a8a839227c"/>
         <property name="seleniumVersion" value="3.7.1"/>
         <property name="proxyInformation" value="ProxyInformation{proxyOption=NO_PROXY, proxyServerType=HTTP, password=, proxyServerAddress=, proxyServerPort=0}"/>
         <property name="platform" value="Windows 10"/>
      </properties>
      <testcase name="Test Cases/0.1-Login" classname="Test Cases/0.1-Login" status="PASSED">
         <system-out><![CDATA[2019-02-01 12:10:48 - [TEST_CASE][PASSED] - Test Cases/0.1-Login: Test Cases/0.1-Login

2019-02-01 12:10:48 - [TEST_STEP][PASSED] - openBrowser(""): Browser is opened with url: ''

2019-02-01 12:10:48 - [MESSAGE][INFO] - Starting 'Chrome' driver

2019-02-01 12:10:48 - [MESSAGE][INFO] - Action delay is set to 0 seconds

2019-02-01 12:10:51 - [MESSAGE][PASSED] - Browser is opened with url: ''

2019-02-01 12:10:51 - [TEST_STEP][PASSED] - lst = ["http://localhost:8080/saraweb/webcommon/acceso.jsf", "http://192.168.2.38:8080/saraweb/webcommon/acceso.jsf"]: null

2019-02-01 12:10:51 - [TEST_STEP][PASSED] - for (String i : lst): null

2019-02-01 12:10:51 - [TEST_STEP][PASSED] - url = new java.net.URL(i): null

2019-02-01 12:10:51 - [TEST_STEP][PASSED] - println("URL: " + url.toString()): null

2019-02-01 12:10:51 - [TEST_STEP][PASSED] - connection = url.openConnection(): null

2019-02-01 12:10:51 - [TEST_STEP][PASSED] - connection.setRequestMethod("GET"): null

2019-02-01 12:10:51 - [TEST_STEP][PASSED] - connection.setReadTimeout(2 * 1000): null

2019-02-01 12:10:51 - [TEST_STEP][PASSED] - try: null

2019-02-01 12:10:51 - [TEST_STEP][PASSED] - connection.connect(): null

2019-02-01 12:10:51 - [TEST_STEP][PASSED] - flag = connected: null

2019-02-01 12:10:51 - [TEST_STEP][PASSED] - println("Valor_ori: " + flag): null

2019-02-01 12:10:51 - [TEST_STEP][PASSED] - if (flag): null

2019-02-01 12:10:51 - [TEST_STEP][PASSED] - navigateToUrl(i): Navigate to 'http://localhost:8080/saraweb/webcommon/acceso.jsf' successfully

2019-02-01 12:10:52 - [MESSAGE][PASSED] - Navigate to 'http://localhost:8080/saraweb/webcommon/acceso.jsf' successfully

2019-02-01 12:10:52 - [TEST_STEP][PASSED] - a(): null

2019-02-01 12:10:52 - [TEST_STEP][PASSED] - setText(findTestObject("Login/input_USUARIO_loginusuario"), "saraadmin"): Text 'saraadmin' is set on object 'Object Repository/Login/input_USUARIO_loginusuario'

2019-02-01 12:10:52 - [MESSAGE][PASSED] - Text 'saraadmin' is set on object 'Object Repository/Login/input_USUARIO_loginusuario'

2019-02-01 12:10:52 - [TEST_STEP][PASSED] - setEncryptedText(findTestObject("Login/input_CLAVE_loginpassword"), "MkG4/TYiCFC3cb2driP7+Q=="): Text ****** has been set on object 'Object Repository/Login/input_CLAVE_loginpassword'

2019-02-01 12:10:53 - [MESSAGE][PASSED] - Text ****** has been set on object 'Object Repository/Login/input_CLAVE_loginpassword'

2019-02-01 12:10:53 - [TEST_STEP][PASSED] - delay(2): Delayed 2 second(s)

2019-02-01 12:10:55 - [MESSAGE][PASSED] - Delayed 2 second(s)

2019-02-01 12:10:55 - [TEST_STEP][PASSED] - click(findTestObject("Login/span_Ingresar")): null

2019-02-01 12:10:55 - [MESSAGE][PASSED] - Object: 'Object Repository/Login/span_Ingresar' is clicked on

2019-02-01 12:10:55 - [TEST_STEP][PASSED] - break: null]]></system-out>
         <system-err><![CDATA[]]></system-err>
      </testcase>
      <system-out><![CDATA[2019-02-01 12:10:47 - [TEST_SUITE][PASSED] - 0.1: Test Cases/0.1-Login]]></system-out>
      <system-err><![CDATA[]]></system-err>
   </testsuite>
</testsuites>
