<?xml version="1.0" encoding="UTF-8"?>
<testsuites name="2-Pruebas hoja de vida" time="228.943" tests="10" failures="0" errors="0">
   <testsuite name="2-Pruebas hoja de vida" tests="10" failures="0" errors="0" time="228.943" skipped="0" timestamp="2021-12-15 16:37:41" hostname="diego.rojas - US-AF-000371" id="Test Suites/2-Pruebas hoja de vida">
      <properties>
         <property name="deviceName" value=""/>
         <property name="devicePlatform" value=""/>
         <property name="logFolder" value="C:\\Users\\diego.rojas\\git\\Pruebas-Minimas\\Reports\\20211215_163734\\2-Pruebas hoja de vida\\20211215_163734"/>
         <property name="logFiles" value="C:\\Users\\diego.rojas\\git\\Pruebas-Minimas\\Reports\\20211215_163734\\2-Pruebas hoja de vida\\20211215_163734\\execution0.log"/>
         <property name="attachments" value=""/>
         <property name="hostName" value="diego.rojas - US-AF-000371"/>
         <property name="os" value="Windows 10 64bit"/>
         <property name="katalonVersion" value="8.2.0.208"/>
         <property name="browser" value="Chrome 96.0.4664.110"/>
         <property name="hostAddress" value="192.168.56.1"/>
         <property name="sessionId" value="5b2c116f45dfb850978a4b36ff3b7fef"/>
         <property name="seleniumVersion" value="3.141.59"/>
         <property name="proxyInformation" value="ProxyInformation { proxyOption=NO_PROXY, proxyServerType=HTTP, username=, password=********, proxyServerAddress=, proxyServerPort=0, executionList=&quot;&quot;, isApplyToDesiredCapabilities=true }"/>
         <property name="platform" value="Windows 10"/>
      </properties>
      <testcase name="Test Cases/2.1-Pruebas_Hoja_de_Vida/2.1.0-Nueva_Categoria" time="20.917" classname="Test Cases/2.1-Pruebas_Hoja_de_Vida/2.1.0-Nueva_Categoria" status="PASSED">
         <system-out><![CDATA[2021-12-15 16:37:42 - [TEST_CASE][PASSED] - Test Cases/2.1-Pruebas_Hoja_de_Vida/2.1.0-Nueva_Categoria: Test Cases/2.1-Pruebas_Hoja_de_Vida/2.1.0-Nueva_Categoria

2021-12-15 16:37:42 - [TEST_STEP][PASSED] - callTestCase(findTestCase("0.1-Login"), [:], STOP_ON_FAILURE): Call Test Case 'Test Cases/0.1-Login' successfully

2021-12-15 16:37:42 - [TEST_CASE][PASSED] - Test Cases/0.1-Login: Test Cases/0.1-Login

2021-12-15 16:37:43 - [TEST_STEP][PASSED] - openBrowser(""): Browser is opened with url: ''

2021-12-15 16:37:43 - [MESSAGE][INFO] - Starting 'Chrome' driver

2021-12-15 16:37:43 - [MESSAGE][INFO] - Action delay is set to 0 milliseconds

2021-12-15 16:37:45 - [MESSAGE][PASSED] - Browser is opened with url: ''

2021-12-15 16:37:45 - [TEST_STEP][PASSED] - maximizeWindow(): Current window maximized

2021-12-15 16:37:46 - [MESSAGE][PASSED] - Current window maximized

2021-12-15 16:37:46 - [TEST_STEP][PASSED] - i = G_Login: null

2021-12-15 16:37:46 - [TEST_STEP][PASSED] - url = new java.net.URL(i): null

2021-12-15 16:37:46 - [TEST_STEP][PASSED] - println("URL: " + url.toString()): null

2021-12-15 16:37:46 - [TEST_STEP][PASSED] - connection = url.openConnection(): null

2021-12-15 16:37:46 - [TEST_STEP][PASSED] - connection.setRequestMethod("GET"): null

2021-12-15 16:37:46 - [TEST_STEP][PASSED] - connection.setReadTimeout(2 * 1000): null

2021-12-15 16:37:46 - [TEST_STEP][PASSED] - try: null

2021-12-15 16:37:46 - [TEST_STEP][PASSED] - connection.connect(): null

2021-12-15 16:37:46 - [TEST_STEP][PASSED] - flag = connected: null

2021-12-15 16:37:46 - [TEST_STEP][PASSED] - println("Valor_ori: " + flag): null

2021-12-15 16:37:46 - [TEST_STEP][PASSED] - if (flag): null

2021-12-15 16:37:46 - [TEST_STEP][PASSED] - navigateToUrl(i): Navigate to 'http://192.168.2.80:8380/saraweb' successfully

2021-12-15 16:37:47 - [MESSAGE][PASSED] - Navigate to 'http://192.168.2.80:8380/saraweb' successfully

2021-12-15 16:37:47 - [TEST_STEP][PASSED] - a(): null

2021-12-15 16:37:47 - [TEST_STEP][PASSED] - setText(findTestObject("Login/input_USUARIO_loginusuario"), G_Usuario): Text 'saraadmin' is set on object 'Object Repository/Login/input_USUARIO_loginusuario'

2021-12-15 16:37:48 - [MESSAGE][PASSED] - Text 'saraadmin' is set on object 'Object Repository/Login/input_USUARIO_loginusuario'

2021-12-15 16:37:48 - [TEST_STEP][PASSED] - setEncryptedText(findTestObject("Login/input_CLAVE_loginpassword"), "MkG4/TYiCFC3cb2driP7+Q=="): Text ****** has been set on object 'Object Repository/Login/input_CLAVE_loginpassword'

2021-12-15 16:37:48 - [MESSAGE][PASSED] - Text ****** has been set on object 'Object Repository/Login/input_CLAVE_loginpassword'

2021-12-15 16:37:48 - [TEST_STEP][PASSED] - waitForElementClickable(findTestObject("Login/a_Ingresar"), G_TimeOut): Object 'Object Repository/Login/a_Ingresar' is clickable

2021-12-15 16:37:49 - [MESSAGE][PASSED] - Object 'Object Repository/Login/a_Ingresar' is clickable

2021-12-15 16:37:49 - [TEST_STEP][PASSED] - click(findTestObject("Login/a_Ingresar")): Object: 'Object Repository/Login/a_Ingresar' is clicked on

2021-12-15 16:37:51 - [MESSAGE][PASSED] - Object: 'Object Repository/Login/a_Ingresar' is clicked on

2021-12-15 16:37:51 - [TEST_STEP][PASSED] - element = findWebElement(findTestObject("Login/a_Ir"), 30): null

2021-12-15 16:37:52 - [TEST_STEP][PASSED] - executeJavaScript("arguments[0].click()", Arrays.asList(element)): Execute JavaScript 'arguments[0].click()' successfully

2021-12-15 16:37:52 - [MESSAGE][PASSED] - Execute JavaScript 'arguments[0].click()' successfully

2021-12-15 16:37:52 - [MESSAGE][PASSED] - Call Test Case 'Test Cases/0.1-Login' successfully

2021-12-15 16:37:52 - [TEST_STEP][PASSED] - waitForElementClickable(findTestObject("Pruebas_Hoja_de_Vida/Nueva_Categoria/span_Categora_buscar glyphicons glyphicons-search"), 0): Object 'Object Repository/Pruebas_Hoja_de_Vida/Nueva_Categoria/span_Categora_buscar glyphicons glyphicons-search' is clickable

2021-12-15 16:37:52 - [MESSAGE][WARNING] - Timeout '0' is invalid. Using default page load timeout: '30'

2021-12-15 16:37:52 - [MESSAGE][PASSED] - Object 'Object Repository/Pruebas_Hoja_de_Vida/Nueva_Categoria/span_Categora_buscar glyphicons glyphicons-search' is clickable

2021-12-15 16:37:52 - [TEST_STEP][PASSED] - setText(findTestObject("Pruebas_Hoja_de_Vida/Nueva_Categoria/span_Categora_buscar glyphicons glyphicons-search"), "categoria"): Text 'categoria' is set on object 'Object Repository/Pruebas_Hoja_de_Vida/Nueva_Categoria/span_Categora_buscar glyphicons glyphicons-search'

2021-12-15 16:37:53 - [MESSAGE][PASSED] - Text 'categoria' is set on object 'Object Repository/Pruebas_Hoja_de_Vida/Nueva_Categoria/span_Categora_buscar glyphicons glyphicons-search'

2021-12-15 16:37:53 - [TEST_STEP][PASSED] - delay(1): Delayed 1 second(s)

2021-12-15 16:37:54 - [MESSAGE][PASSED] - Delayed 1 second(s)

2021-12-15 16:37:54 - [TEST_STEP][PASSED] - sendKeys(findTestObject("Pruebas_Hoja_de_Vida/Nueva_Categoria/span_Categora_buscar glyphicons glyphicons-search"), Keys.chord(ENTER)): Keys 'ENTER + ' sent to object: 'Object Repository/Pruebas_Hoja_de_Vida/Nueva_Categoria/span_Categora_buscar glyphicons glyphicons-search'

2021-12-15 16:37:55 - [MESSAGE][PASSED] - Keys 'ENTER + ' sent to object: 'Object Repository/Pruebas_Hoja_de_Vida/Nueva_Categoria/span_Categora_buscar glyphicons glyphicons-search'

2021-12-15 16:37:55 - [TEST_STEP][PASSED] - setText(findTestObject("Pruebas_Hoja_de_Vida/Nueva_Categoria/input_Actos Administrativos_form_categoriaSeccionj_idt61"), "prueba"): Text 'prueba' is set on object 'Object Repository/Pruebas_Hoja_de_Vida/Nueva_Categoria/input_Actos Administrativos_form_categoriaSeccionj_idt61'

2021-12-15 16:37:56 - [MESSAGE][PASSED] - Text 'prueba' is set on object 'Object Repository/Pruebas_Hoja_de_Vida/Nueva_Categoria/input_Actos Administrativos_form_categoriaSeccionj_idt61'

2021-12-15 16:37:56 - [TEST_STEP][PASSED] - sendKeys(findTestObject("Pruebas_Hoja_de_Vida/Nueva_Categoria/input_Actos Administrativos_form_categoriaSeccionj_idt61"), Keys.chord(ENTER)): Keys 'ENTER + ' sent to object: 'Object Repository/Pruebas_Hoja_de_Vida/Nueva_Categoria/input_Actos Administrativos_form_categoriaSeccionj_idt61'

2021-12-15 16:37:57 - [MESSAGE][PASSED] - Keys 'ENTER + ' sent to object: 'Object Repository/Pruebas_Hoja_de_Vida/Nueva_Categoria/input_Actos Administrativos_form_categoriaSeccionj_idt61'

2021-12-15 16:37:57 - [TEST_STEP][PASSED] - if (waitForElementClickable(findTestObject("Pruebas_Hoja_de_Vida/Nueva_Categoria/span_prueba"), 1)): null

2021-12-15 16:37:57 - [MESSAGE][PASSED] - Object 'Object Repository/Pruebas_Hoja_de_Vida/Nueva_Categoria/span_prueba' is clickable

2021-12-15 16:37:57 - [TEST_STEP][PASSED] - click(findTestObject("Pruebas_Hoja_de_Vida/Nueva_Categoria/span_prueba")): Object: 'Object Repository/Pruebas_Hoja_de_Vida/Nueva_Categoria/span_prueba' is clicked on

2021-12-15 16:37:58 - [MESSAGE][PASSED] - Object: 'Object Repository/Pruebas_Hoja_de_Vida/Nueva_Categoria/span_prueba' is clicked on

2021-12-15 16:37:58 - [TEST_STEP][PASSED] - click(findTestObject("Pruebas_Hoja_de_Vida/Nueva_Categoria/a_Eliminar")): Object: 'Object Repository/Pruebas_Hoja_de_Vida/Nueva_Categoria/a_Eliminar' is clicked on

2021-12-15 16:37:58 - [MESSAGE][PASSED] - Object: 'Object Repository/Pruebas_Hoja_de_Vida/Nueva_Categoria/a_Eliminar' is clicked on

2021-12-15 16:37:58 - [TEST_STEP][PASSED] - click(findTestObject("Pruebas_Hoja_de_Vida/Nueva_Categoria/a_Aceptar")): Object: 'Object Repository/Pruebas_Hoja_de_Vida/Nueva_Categoria/a_Aceptar' is clicked on

2021-12-15 16:37:59 - [MESSAGE][PASSED] - Object: 'Object Repository/Pruebas_Hoja_de_Vida/Nueva_Categoria/a_Aceptar' is clicked on

2021-12-15 16:37:59 - [TEST_STEP][PASSED] - click(findTestObject("Pruebas_Hoja_de_Vida/Nueva_Categoria/a_Nuevo")): Object: 'Object Repository/Pruebas_Hoja_de_Vida/Nueva_Categoria/a_Nuevo' is clicked on

2021-12-15 16:38:00 - [MESSAGE][PASSED] - Object: 'Object Repository/Pruebas_Hoja_de_Vida/Nueva_Categoria/a_Nuevo' is clicked on

2021-12-15 16:38:00 - [TEST_STEP][PASSED] - setText(findTestObject("Pruebas_Hoja_de_Vida/Nueva_Categoria/input_Descripcin_form_categoriaSecciondescripcion"), "prueba"): Text 'prueba' is set on object 'Object Repository/Pruebas_Hoja_de_Vida/Nueva_Categoria/input_Descripcin_form_categoriaSecciondescripcion'

2021-12-15 16:38:00 - [MESSAGE][PASSED] - Text 'prueba' is set on object 'Object Repository/Pruebas_Hoja_de_Vida/Nueva_Categoria/input_Descripcin_form_categoriaSecciondescripcion'

2021-12-15 16:38:00 - [TEST_STEP][PASSED] - setText(findTestObject("Pruebas_Hoja_de_Vida/Nueva_Categoria/input_Orden_form_categoriaSeccionorden"), "5"): Text '5' is set on object 'Object Repository/Pruebas_Hoja_de_Vida/Nueva_Categoria/input_Orden_form_categoriaSeccionorden'

2021-12-15 16:38:01 - [MESSAGE][PASSED] - Text '5' is set on object 'Object Repository/Pruebas_Hoja_de_Vida/Nueva_Categoria/input_Orden_form_categoriaSeccionorden'

2021-12-15 16:38:01 - [TEST_STEP][PASSED] - click(findTestObject("Pruebas_Hoja_de_Vida/Nueva_Categoria/a_Guardar")): Object: 'Object Repository/Pruebas_Hoja_de_Vida/Nueva_Categoria/a_Guardar' is clicked on

2021-12-15 16:38:02 - [MESSAGE][PASSED] - Object: 'Object Repository/Pruebas_Hoja_de_Vida/Nueva_Categoria/a_Guardar' is clicked on

2021-12-15 16:38:02 - [TEST_STEP][PASSED] - closeBrowser(): Browser is closed

2021-12-15 16:38:02 - [MESSAGE][PASSED] - Browser is closed]]></system-out>
         <system-err><![CDATA[]]></system-err>
      </testcase>
      <testcase name="Test Cases/2.1-Pruebas_Hoja_de_Vida/2.1.1-Nueva_Seccion" time="25.577" classname="Test Cases/2.1-Pruebas_Hoja_de_Vida/2.1.1-Nueva_Seccion" status="PASSED">
         <system-out><![CDATA[2021-12-15 16:38:02 - [TEST_CASE][PASSED] - Test Cases/2.1-Pruebas_Hoja_de_Vida/2.1.1-Nueva_Seccion: Test Cases/2.1-Pruebas_Hoja_de_Vida/2.1.1-Nueva_Seccion

2021-12-15 16:38:03 - [TEST_STEP][PASSED] - callTestCase(findTestCase("0.1-Login"), [:], STOP_ON_FAILURE): Call Test Case 'Test Cases/0.1-Login' successfully

2021-12-15 16:38:03 - [TEST_CASE][PASSED] - Test Cases/0.1-Login: Test Cases/0.1-Login

2021-12-15 16:38:03 - [TEST_STEP][PASSED] - openBrowser(""): Browser is opened with url: ''

2021-12-15 16:38:03 - [MESSAGE][INFO] - Starting 'Chrome' driver

2021-12-15 16:38:03 - [MESSAGE][INFO] - Action delay is set to 0 milliseconds

2021-12-15 16:38:04 - [MESSAGE][PASSED] - Browser is opened with url: ''

2021-12-15 16:38:04 - [TEST_STEP][PASSED] - maximizeWindow(): Current window maximized

2021-12-15 16:38:04 - [MESSAGE][PASSED] - Current window maximized

2021-12-15 16:38:04 - [TEST_STEP][PASSED] - i = G_Login: null

2021-12-15 16:38:04 - [TEST_STEP][PASSED] - url = new java.net.URL(i): null

2021-12-15 16:38:04 - [TEST_STEP][PASSED] - println("URL: " + url.toString()): null

2021-12-15 16:38:04 - [TEST_STEP][PASSED] - connection = url.openConnection(): null

2021-12-15 16:38:04 - [TEST_STEP][PASSED] - connection.setRequestMethod("GET"): null

2021-12-15 16:38:04 - [TEST_STEP][PASSED] - connection.setReadTimeout(2 * 1000): null

2021-12-15 16:38:04 - [TEST_STEP][PASSED] - try: null

2021-12-15 16:38:04 - [TEST_STEP][PASSED] - connection.connect(): null

2021-12-15 16:38:04 - [TEST_STEP][PASSED] - flag = connected: null

2021-12-15 16:38:04 - [TEST_STEP][PASSED] - println("Valor_ori: " + flag): null

2021-12-15 16:38:04 - [TEST_STEP][PASSED] - if (flag): null

2021-12-15 16:38:04 - [TEST_STEP][PASSED] - navigateToUrl(i): Navigate to 'http://192.168.2.80:8380/saraweb' successfully

2021-12-15 16:38:05 - [MESSAGE][PASSED] - Navigate to 'http://192.168.2.80:8380/saraweb' successfully

2021-12-15 16:38:05 - [TEST_STEP][PASSED] - a(): null

2021-12-15 16:38:05 - [TEST_STEP][PASSED] - setText(findTestObject("Login/input_USUARIO_loginusuario"), G_Usuario): Text 'saraadmin' is set on object 'Object Repository/Login/input_USUARIO_loginusuario'

2021-12-15 16:38:06 - [MESSAGE][PASSED] - Text 'saraadmin' is set on object 'Object Repository/Login/input_USUARIO_loginusuario'

2021-12-15 16:38:06 - [TEST_STEP][PASSED] - setEncryptedText(findTestObject("Login/input_CLAVE_loginpassword"), "MkG4/TYiCFC3cb2driP7+Q=="): Text ****** has been set on object 'Object Repository/Login/input_CLAVE_loginpassword'

2021-12-15 16:38:06 - [MESSAGE][PASSED] - Text ****** has been set on object 'Object Repository/Login/input_CLAVE_loginpassword'

2021-12-15 16:38:06 - [TEST_STEP][PASSED] - waitForElementClickable(findTestObject("Login/a_Ingresar"), G_TimeOut): Object 'Object Repository/Login/a_Ingresar' is clickable

2021-12-15 16:38:07 - [MESSAGE][PASSED] - Object 'Object Repository/Login/a_Ingresar' is clickable

2021-12-15 16:38:07 - [TEST_STEP][PASSED] - click(findTestObject("Login/a_Ingresar")): Object: 'Object Repository/Login/a_Ingresar' is clicked on

2021-12-15 16:38:09 - [MESSAGE][PASSED] - Object: 'Object Repository/Login/a_Ingresar' is clicked on

2021-12-15 16:38:09 - [TEST_STEP][PASSED] - element = findWebElement(findTestObject("Login/a_Ir"), 30): null

2021-12-15 16:38:10 - [TEST_STEP][PASSED] - executeJavaScript("arguments[0].click()", Arrays.asList(element)): Execute JavaScript 'arguments[0].click()' successfully

2021-12-15 16:38:10 - [MESSAGE][PASSED] - Execute JavaScript 'arguments[0].click()' successfully

2021-12-15 16:38:10 - [MESSAGE][PASSED] - Call Test Case 'Test Cases/0.1-Login' successfully

2021-12-15 16:38:10 - [TEST_STEP][PASSED] - click(findTestObject("Pruebas_Hoja_de_Vida/Nueva_sección/input_Secciones_form_templatej_idt286j_idt29")): Object: 'Object Repository/Pruebas_Hoja_de_Vida/Nueva_sección/input_Secciones_form_templatej_idt286j_idt29' is clicked on

2021-12-15 16:38:11 - [MESSAGE][PASSED] - Object: 'Object Repository/Pruebas_Hoja_de_Vida/Nueva_sección/input_Secciones_form_templatej_idt286j_idt29' is clicked on

2021-12-15 16:38:11 - [TEST_STEP][PASSED] - click(findTestObject("Pruebas_Hoja_de_Vida/Nueva_sección/a_ADMINISTRADOR DEL SISTEMA - SARA_cerrar_menu")): Object: 'Object Repository/Pruebas_Hoja_de_Vida/Nueva_sección/a_ADMINISTRADOR DEL SISTEMA - SARA_cerrar_menu' is clicked on

2021-12-15 16:38:12 - [MESSAGE][PASSED] - Object: 'Object Repository/Pruebas_Hoja_de_Vida/Nueva_sección/a_ADMINISTRADOR DEL SISTEMA - SARA_cerrar_menu' is clicked on

2021-12-15 16:38:12 - [TEST_STEP][PASSED] - click(findTestObject("Pruebas_Hoja_de_Vida/Nueva_sección/label_Parametros de Formularios")): Object: 'Object Repository/Pruebas_Hoja_de_Vida/Nueva_sección/label_Parametros de Formularios' is clicked on

2021-12-15 16:38:12 - [MESSAGE][PASSED] - Object: 'Object Repository/Pruebas_Hoja_de_Vida/Nueva_sección/label_Parametros de Formularios' is clicked on

2021-12-15 16:38:12 - [TEST_STEP][PASSED] - click(findTestObject("Pruebas_Hoja_de_Vida/Nueva_sección/a_Seccion")): Object: 'Object Repository/Pruebas_Hoja_de_Vida/Nueva_sección/a_Seccion' is clicked on

2021-12-15 16:38:12 - [MESSAGE][PASSED] - Object: 'Object Repository/Pruebas_Hoja_de_Vida/Nueva_sección/a_Seccion' is clicked on

2021-12-15 16:38:12 - [TEST_STEP][PASSED] - waitForElementClickable(findTestObject("Pruebas_Hoja_de_Vida/Nueva_sección/input_Nueva Hoja Vida_seccion_formj_idt60"), 0): Object 'Object Repository/Pruebas_Hoja_de_Vida/Nueva_sección/input_Nueva Hoja Vida_seccion_formj_idt60' is clickable

2021-12-15 16:38:12 - [MESSAGE][WARNING] - Timeout '0' is invalid. Using default page load timeout: '30'

2021-12-15 16:38:13 - [MESSAGE][PASSED] - Object 'Object Repository/Pruebas_Hoja_de_Vida/Nueva_sección/input_Nueva Hoja Vida_seccion_formj_idt60' is clickable

2021-12-15 16:38:13 - [TEST_STEP][PASSED] - click(findTestObject("Pruebas_Hoja_de_Vida/Nueva_sección/input_Nueva Hoja Vida_seccion_formj_idt60")): Object: 'Object Repository/Pruebas_Hoja_de_Vida/Nueva_sección/input_Nueva Hoja Vida_seccion_formj_idt60' is clicked on

2021-12-15 16:38:14 - [MESSAGE][PASSED] - Object: 'Object Repository/Pruebas_Hoja_de_Vida/Nueva_sección/input_Nueva Hoja Vida_seccion_formj_idt60' is clicked on

2021-12-15 16:38:14 - [TEST_STEP][PASSED] - setText(findTestObject("Pruebas_Hoja_de_Vida/Nueva_sección/input_Nueva Hoja Vida_seccion_formj_idt60"), "prueba"): Text 'prueba' is set on object 'Object Repository/Pruebas_Hoja_de_Vida/Nueva_sección/input_Nueva Hoja Vida_seccion_formj_idt60'

2021-12-15 16:38:14 - [MESSAGE][PASSED] - Text 'prueba' is set on object 'Object Repository/Pruebas_Hoja_de_Vida/Nueva_sección/input_Nueva Hoja Vida_seccion_formj_idt60'

2021-12-15 16:38:14 - [TEST_STEP][PASSED] - sendKeys(findTestObject("Pruebas_Hoja_de_Vida/Nueva_sección/input_Nueva Hoja Vida_seccion_formj_idt60"), Keys.chord(ENTER)): Keys 'ENTER + ' sent to object: 'Object Repository/Pruebas_Hoja_de_Vida/Nueva_sección/input_Nueva Hoja Vida_seccion_formj_idt60'

2021-12-15 16:38:15 - [MESSAGE][PASSED] - Keys 'ENTER + ' sent to object: 'Object Repository/Pruebas_Hoja_de_Vida/Nueva_sección/input_Nueva Hoja Vida_seccion_formj_idt60'

2021-12-15 16:38:15 - [TEST_STEP][PASSED] - if (waitForElementClickable(findTestObject("Pruebas_Hoja_de_Vida/Nueva_sección/span_Prueba"), 1)): null

2021-12-15 16:38:16 - [MESSAGE][PASSED] - Object 'Object Repository/Pruebas_Hoja_de_Vida/Nueva_sección/span_Prueba' is clickable

2021-12-15 16:38:16 - [TEST_STEP][PASSED] - click(findTestObject("Pruebas_Hoja_de_Vida/Nueva_sección/span_Prueba")): Object: 'Object Repository/Pruebas_Hoja_de_Vida/Nueva_sección/span_Prueba' is clicked on

2021-12-15 16:38:16 - [MESSAGE][PASSED] - Object: 'Object Repository/Pruebas_Hoja_de_Vida/Nueva_sección/span_Prueba' is clicked on

2021-12-15 16:38:16 - [TEST_STEP][PASSED] - click(findTestObject("Pruebas_Hoja_de_Vida/Nueva_sección/a_Eliminar")): Object: 'Object Repository/Pruebas_Hoja_de_Vida/Nueva_sección/a_Eliminar' is clicked on

2021-12-15 16:38:17 - [MESSAGE][PASSED] - Object: 'Object Repository/Pruebas_Hoja_de_Vida/Nueva_sección/a_Eliminar' is clicked on

2021-12-15 16:38:17 - [TEST_STEP][PASSED] - click(findTestObject("Pruebas_Hoja_de_Vida/Nueva_sección/a_Nuevo")): Object: 'Object Repository/Pruebas_Hoja_de_Vida/Nueva_sección/a_Nuevo' is clicked on

2021-12-15 16:38:17 - [MESSAGE][PASSED] - Object: 'Object Repository/Pruebas_Hoja_de_Vida/Nueva_sección/a_Nuevo' is clicked on

2021-12-15 16:38:17 - [TEST_STEP][PASSED] - setText(findTestObject("Pruebas_Hoja_de_Vida/Nueva_sección/input_Descripcin_seccion_formtabdescripcion"), "Prueba"): Text 'Prueba' is set on object 'Object Repository/Pruebas_Hoja_de_Vida/Nueva_sección/input_Descripcin_seccion_formtabdescripcion'

2021-12-15 16:38:18 - [MESSAGE][PASSED] - Text 'Prueba' is set on object 'Object Repository/Pruebas_Hoja_de_Vida/Nueva_sección/input_Descripcin_seccion_formtabdescripcion'

2021-12-15 16:38:18 - [TEST_STEP][PASSED] - setText(findTestObject("Pruebas_Hoja_de_Vida/Nueva_sección/input_Orden_seccion_formtaborden"), "12345"): Text '12345' is set on object 'Object Repository/Pruebas_Hoja_de_Vida/Nueva_sección/input_Orden_seccion_formtaborden'

2021-12-15 16:38:19 - [MESSAGE][PASSED] - Text '12345' is set on object 'Object Repository/Pruebas_Hoja_de_Vida/Nueva_sección/input_Orden_seccion_formtaborden'

2021-12-15 16:38:19 - [TEST_STEP][PASSED] - selectOptionByIndex(findTestObject("Pruebas_Hoja_de_Vida/Nueva_sección/select_SeleccioneBienes"), "2"): All options with index in [2] are selected on object 'Object Repository/Pruebas_Hoja_de_Vida/Nueva_sección/select_SeleccioneBienes'

2021-12-15 16:38:20 - [MESSAGE][PASSED] - All options with index in [2] are selected on object 'Object Repository/Pruebas_Hoja_de_Vida/Nueva_sección/select_SeleccioneBienes'

2021-12-15 16:38:20 - [TEST_STEP][PASSED] - selectOptionByIndex(findTestObject("Pruebas_Hoja_de_Vida/Nueva_sección/select_SeleccioneAreas de experiencia"), "5"): All options with index in [5] are selected on object 'Object Repository/Pruebas_Hoja_de_Vida/Nueva_sección/select_SeleccioneAreas de experiencia'

2021-12-15 16:38:21 - [MESSAGE][PASSED] - All options with index in [5] are selected on object 'Object Repository/Pruebas_Hoja_de_Vida/Nueva_sección/select_SeleccioneAreas de experiencia'

2021-12-15 16:38:21 - [TEST_STEP][PASSED] - setText(findTestObject("Pruebas_Hoja_de_Vida/Nueva_sección/textarea_Mensaje_seccion_formtabmensaje"), "PRUEBA"): Text 'PRUEBA' is set on object 'Object Repository/Pruebas_Hoja_de_Vida/Nueva_sección/textarea_Mensaje_seccion_formtabmensaje'

2021-12-15 16:38:22 - [MESSAGE][PASSED] - Text 'PRUEBA' is set on object 'Object Repository/Pruebas_Hoja_de_Vida/Nueva_sección/textarea_Mensaje_seccion_formtabmensaje'

2021-12-15 16:38:22 - [TEST_STEP][PASSED] - setText(findTestObject("Pruebas_Hoja_de_Vida/Nueva_sección/textarea_Mensaje Final_seccion_formtabmensaje_final"), "PRUEBA"): Text 'PRUEBA' is set on object 'Object Repository/Pruebas_Hoja_de_Vida/Nueva_sección/textarea_Mensaje Final_seccion_formtabmensaje_final'

2021-12-15 16:38:23 - [MESSAGE][PASSED] - Text 'PRUEBA' is set on object 'Object Repository/Pruebas_Hoja_de_Vida/Nueva_sección/textarea_Mensaje Final_seccion_formtabmensaje_final'

2021-12-15 16:38:23 - [TEST_STEP][PASSED] - setText(findTestObject("Pruebas_Hoja_de_Vida/Nueva_sección/textarea_Texto Confirmar_seccion_formtabmensaje_aceptacion"), "PRUEBA"): Text 'PRUEBA' is set on object 'Object Repository/Pruebas_Hoja_de_Vida/Nueva_sección/textarea_Texto Confirmar_seccion_formtabmensaje_aceptacion'

2021-12-15 16:38:24 - [MESSAGE][PASSED] - Text 'PRUEBA' is set on object 'Object Repository/Pruebas_Hoja_de_Vida/Nueva_sección/textarea_Texto Confirmar_seccion_formtabmensaje_aceptacion'

2021-12-15 16:38:24 - [TEST_STEP][PASSED] - selectOptionByIndex(findTestObject("Pruebas_Hoja_de_Vida/Nueva_sección/select_SeleccioneMultiplex AnexosNo solicitarnico anexo"), "2"): All options with index in [2] are selected on object 'Object Repository/Pruebas_Hoja_de_Vida/Nueva_sección/select_SeleccioneMultiplex AnexosNo solicitarnico anexo'

2021-12-15 16:38:25 - [MESSAGE][PASSED] - All options with index in [2] are selected on object 'Object Repository/Pruebas_Hoja_de_Vida/Nueva_sección/select_SeleccioneMultiplex AnexosNo solicitarnico anexo'

2021-12-15 16:38:25 - [TEST_STEP][PASSED] - selectOptionByIndex(findTestObject("Pruebas_Hoja_de_Vida/Nueva_sección/select_SeleccioneSiNo"), "1"): All options with index in [1] are selected on object 'Object Repository/Pruebas_Hoja_de_Vida/Nueva_sección/select_SeleccioneSiNo'

2021-12-15 16:38:26 - [MESSAGE][PASSED] - All options with index in [1] are selected on object 'Object Repository/Pruebas_Hoja_de_Vida/Nueva_sección/select_SeleccioneSiNo'

2021-12-15 16:38:26 - [TEST_STEP][PASSED] - setText(findTestObject("Pruebas_Hoja_de_Vida/Nueva_sección/input_Externo_seccion_formtabexterno"), "PRUEBA"): Text 'PRUEBA' is set on object 'Object Repository/Pruebas_Hoja_de_Vida/Nueva_sección/input_Externo_seccion_formtabexterno'

2021-12-15 16:38:27 - [MESSAGE][PASSED] - Text 'PRUEBA' is set on object 'Object Repository/Pruebas_Hoja_de_Vida/Nueva_sección/input_Externo_seccion_formtabexterno'

2021-12-15 16:38:27 - [TEST_STEP][PASSED] - click(findTestObject("Pruebas_Hoja_de_Vida/Nueva_sección/a_Guardar")): Object: 'Object Repository/Pruebas_Hoja_de_Vida/Nueva_sección/a_Guardar' is clicked on

2021-12-15 16:38:27 - [MESSAGE][PASSED] - Object: 'Object Repository/Pruebas_Hoja_de_Vida/Nueva_sección/a_Guardar' is clicked on

2021-12-15 16:38:27 - [TEST_STEP][PASSED] - closeBrowser(): Browser is closed

2021-12-15 16:38:28 - [MESSAGE][PASSED] - Browser is closed]]></system-out>
         <system-err><![CDATA[]]></system-err>
      </testcase>
      <testcase name="Test Cases/2.1-Pruebas_Hoja_de_Vida/2.1.2-Nuevo_Formulario_Hoja_de_vida" time="17.009" classname="Test Cases/2.1-Pruebas_Hoja_de_Vida/2.1.2-Nuevo_Formulario_Hoja_de_vida" status="PASSED">
         <system-out><![CDATA[2021-12-15 16:38:28 - [TEST_CASE][PASSED] - Test Cases/2.1-Pruebas_Hoja_de_Vida/2.1.2-Nuevo_Formulario_Hoja_de_vida: Test Cases/2.1-Pruebas_Hoja_de_Vida/2.1.2-Nuevo_Formulario_Hoja_de_vida

2021-12-15 16:38:29 - [TEST_STEP][PASSED] - callTestCase(findTestCase("0.1-Login"), [:], STOP_ON_FAILURE): Call Test Case 'Test Cases/0.1-Login' successfully

2021-12-15 16:38:29 - [TEST_CASE][PASSED] - Test Cases/0.1-Login: Test Cases/0.1-Login

2021-12-15 16:38:29 - [TEST_STEP][PASSED] - openBrowser(""): Browser is opened with url: ''

2021-12-15 16:38:29 - [MESSAGE][INFO] - Starting 'Chrome' driver

2021-12-15 16:38:29 - [MESSAGE][INFO] - Action delay is set to 0 milliseconds

2021-12-15 16:38:30 - [MESSAGE][PASSED] - Browser is opened with url: ''

2021-12-15 16:38:30 - [TEST_STEP][PASSED] - maximizeWindow(): Current window maximized

2021-12-15 16:38:30 - [MESSAGE][PASSED] - Current window maximized

2021-12-15 16:38:30 - [TEST_STEP][PASSED] - i = G_Login: null

2021-12-15 16:38:30 - [TEST_STEP][PASSED] - url = new java.net.URL(i): null

2021-12-15 16:38:30 - [TEST_STEP][PASSED] - println("URL: " + url.toString()): null

2021-12-15 16:38:30 - [TEST_STEP][PASSED] - connection = url.openConnection(): null

2021-12-15 16:38:30 - [TEST_STEP][PASSED] - connection.setRequestMethod("GET"): null

2021-12-15 16:38:30 - [TEST_STEP][PASSED] - connection.setReadTimeout(2 * 1000): null

2021-12-15 16:38:30 - [TEST_STEP][PASSED] - try: null

2021-12-15 16:38:30 - [TEST_STEP][PASSED] - connection.connect(): null

2021-12-15 16:38:30 - [TEST_STEP][PASSED] - flag = connected: null

2021-12-15 16:38:30 - [TEST_STEP][PASSED] - println("Valor_ori: " + flag): null

2021-12-15 16:38:30 - [TEST_STEP][PASSED] - if (flag): null

2021-12-15 16:38:30 - [TEST_STEP][PASSED] - navigateToUrl(i): Navigate to 'http://192.168.2.80:8380/saraweb' successfully

2021-12-15 16:38:30 - [MESSAGE][PASSED] - Navigate to 'http://192.168.2.80:8380/saraweb' successfully

2021-12-15 16:38:30 - [TEST_STEP][PASSED] - a(): null

2021-12-15 16:38:30 - [TEST_STEP][PASSED] - setText(findTestObject("Login/input_USUARIO_loginusuario"), G_Usuario): Text 'saraadmin' is set on object 'Object Repository/Login/input_USUARIO_loginusuario'

2021-12-15 16:38:31 - [MESSAGE][PASSED] - Text 'saraadmin' is set on object 'Object Repository/Login/input_USUARIO_loginusuario'

2021-12-15 16:38:31 - [TEST_STEP][PASSED] - setEncryptedText(findTestObject("Login/input_CLAVE_loginpassword"), "MkG4/TYiCFC3cb2driP7+Q=="): Text ****** has been set on object 'Object Repository/Login/input_CLAVE_loginpassword'

2021-12-15 16:38:32 - [MESSAGE][PASSED] - Text ****** has been set on object 'Object Repository/Login/input_CLAVE_loginpassword'

2021-12-15 16:38:32 - [TEST_STEP][PASSED] - waitForElementClickable(findTestObject("Login/a_Ingresar"), G_TimeOut): Object 'Object Repository/Login/a_Ingresar' is clickable

2021-12-15 16:38:32 - [MESSAGE][PASSED] - Object 'Object Repository/Login/a_Ingresar' is clickable

2021-12-15 16:38:32 - [TEST_STEP][PASSED] - click(findTestObject("Login/a_Ingresar")): Object: 'Object Repository/Login/a_Ingresar' is clicked on

2021-12-15 16:38:34 - [MESSAGE][PASSED] - Object: 'Object Repository/Login/a_Ingresar' is clicked on

2021-12-15 16:38:34 - [TEST_STEP][PASSED] - element = findWebElement(findTestObject("Login/a_Ir"), 30): null

2021-12-15 16:38:35 - [TEST_STEP][PASSED] - executeJavaScript("arguments[0].click()", Arrays.asList(element)): Execute JavaScript 'arguments[0].click()' successfully

2021-12-15 16:38:35 - [MESSAGE][PASSED] - Execute JavaScript 'arguments[0].click()' successfully

2021-12-15 16:38:35 - [MESSAGE][PASSED] - Call Test Case 'Test Cases/0.1-Login' successfully

2021-12-15 16:38:35 - [TEST_STEP][PASSED] - click(findTestObject("Pruebas_Hoja_de_Vida/Nuevo_Formulario_Hoja_de_vida1/input_Secciones_form_templatej_idt286j_idt29")): Object: 'Object Repository/Pruebas_Hoja_de_Vida/Nuevo_Formulario_Hoja_de_vida1/input_Secciones_form_templatej_idt286j_idt29' is clicked on

2021-12-15 16:38:36 - [MESSAGE][PASSED] - Object: 'Object Repository/Pruebas_Hoja_de_Vida/Nuevo_Formulario_Hoja_de_vida1/input_Secciones_form_templatej_idt286j_idt29' is clicked on

2021-12-15 16:38:36 - [TEST_STEP][PASSED] - click(findTestObject("Pruebas_Hoja_de_Vida/Nuevo_Formulario_Hoja_de_vida1/a_ADMINISTRADOR DEL SISTEMA - SARA_cerrar_menu")): Object: 'Object Repository/Pruebas_Hoja_de_Vida/Nuevo_Formulario_Hoja_de_vida1/a_ADMINISTRADOR DEL SISTEMA - SARA_cerrar_menu' is clicked on

2021-12-15 16:38:36 - [MESSAGE][PASSED] - Object: 'Object Repository/Pruebas_Hoja_de_Vida/Nuevo_Formulario_Hoja_de_vida1/a_ADMINISTRADOR DEL SISTEMA - SARA_cerrar_menu' is clicked on

2021-12-15 16:38:36 - [TEST_STEP][PASSED] - click(findTestObject("Pruebas_Hoja_de_Vida/Nuevo_Formulario_Hoja_de_vida1/label_Parametros de Formularios")): Object: 'Object Repository/Pruebas_Hoja_de_Vida/Nuevo_Formulario_Hoja_de_vida1/label_Parametros de Formularios' is clicked on

2021-12-15 16:38:37 - [MESSAGE][PASSED] - Object: 'Object Repository/Pruebas_Hoja_de_Vida/Nuevo_Formulario_Hoja_de_vida1/label_Parametros de Formularios' is clicked on

2021-12-15 16:38:37 - [TEST_STEP][PASSED] - click(findTestObject("Pruebas_Hoja_de_Vida/Nuevo_Formulario_Hoja_de_vida1/a_Formulario")): Object: 'Object Repository/Pruebas_Hoja_de_Vida/Nuevo_Formulario_Hoja_de_vida1/a_Formulario' is clicked on

2021-12-15 16:38:37 - [MESSAGE][PASSED] - Object: 'Object Repository/Pruebas_Hoja_de_Vida/Nuevo_Formulario_Hoja_de_vida1/a_Formulario' is clicked on

2021-12-15 16:38:37 - [TEST_STEP][PASSED] - setText(findTestObject("Pruebas_Hoja_de_Vida/Nuevo_Formulario_Hoja_de_vida1/input_Nueva Hoja Vida_form_formularioj_idt61"), "prueba"): Text 'prueba' is set on object 'Object Repository/Pruebas_Hoja_de_Vida/Nuevo_Formulario_Hoja_de_vida1/input_Nueva Hoja Vida_form_formularioj_idt61'

2021-12-15 16:38:38 - [MESSAGE][PASSED] - Text 'prueba' is set on object 'Object Repository/Pruebas_Hoja_de_Vida/Nuevo_Formulario_Hoja_de_vida1/input_Nueva Hoja Vida_form_formularioj_idt61'

2021-12-15 16:38:38 - [TEST_STEP][PASSED] - sendKeys(findTestObject("Pruebas_Hoja_de_Vida/Nuevo_Formulario_Hoja_de_vida1/input_Nueva Hoja Vida_form_formularioj_idt61"), Keys.chord(ENTER)): Keys 'ENTER + ' sent to object: 'Object Repository/Pruebas_Hoja_de_Vida/Nuevo_Formulario_Hoja_de_vida1/input_Nueva Hoja Vida_form_formularioj_idt61'

2021-12-15 16:38:39 - [MESSAGE][PASSED] - Keys 'ENTER + ' sent to object: 'Object Repository/Pruebas_Hoja_de_Vida/Nuevo_Formulario_Hoja_de_vida1/input_Nueva Hoja Vida_form_formularioj_idt61'

2021-12-15 16:38:39 - [TEST_STEP][PASSED] - if (waitForElementClickable(findTestObject("Pruebas_Hoja_de_Vida/Nuevo_Formulario_Hoja_de_vida1/span_Prueba"), 1)): null

2021-12-15 16:38:40 - [MESSAGE][PASSED] - Object 'Object Repository/Pruebas_Hoja_de_Vida/Nuevo_Formulario_Hoja_de_vida1/span_Prueba' is clickable

2021-12-15 16:38:40 - [TEST_STEP][PASSED] - click(findTestObject("Pruebas_Hoja_de_Vida/Nuevo_Formulario_Hoja_de_vida1/span_Prueba")): Object: 'Object Repository/Pruebas_Hoja_de_Vida/Nuevo_Formulario_Hoja_de_vida1/span_Prueba' is clicked on

2021-12-15 16:38:40 - [MESSAGE][PASSED] - Object: 'Object Repository/Pruebas_Hoja_de_Vida/Nuevo_Formulario_Hoja_de_vida1/span_Prueba' is clicked on

2021-12-15 16:38:40 - [TEST_STEP][PASSED] - click(findTestObject("Pruebas_Hoja_de_Vida/Nuevo_Formulario_Hoja_de_vida1/a_Eliminar")): Object: 'Object Repository/Pruebas_Hoja_de_Vida/Nuevo_Formulario_Hoja_de_vida1/a_Eliminar' is clicked on

2021-12-15 16:38:41 - [MESSAGE][PASSED] - Object: 'Object Repository/Pruebas_Hoja_de_Vida/Nuevo_Formulario_Hoja_de_vida1/a_Eliminar' is clicked on

2021-12-15 16:38:41 - [TEST_STEP][PASSED] - click(findTestObject("Pruebas_Hoja_de_Vida/Nuevo_Formulario_Hoja_de_vida1/a_Aceptar_Eliminar")): Object: 'Object Repository/Pruebas_Hoja_de_Vida/Nuevo_Formulario_Hoja_de_vida1/a_Aceptar_Eliminar' is clicked on

2021-12-15 16:38:42 - [MESSAGE][PASSED] - Object: 'Object Repository/Pruebas_Hoja_de_Vida/Nuevo_Formulario_Hoja_de_vida1/a_Aceptar_Eliminar' is clicked on

2021-12-15 16:38:42 - [TEST_STEP][PASSED] - click(findTestObject("Pruebas_Hoja_de_Vida/Nuevo_Formulario_Hoja_de_vida1/a_Nuevo")): Object: 'Object Repository/Pruebas_Hoja_de_Vida/Nuevo_Formulario_Hoja_de_vida1/a_Nuevo' is clicked on

2021-12-15 16:38:42 - [MESSAGE][PASSED] - Object: 'Object Repository/Pruebas_Hoja_de_Vida/Nuevo_Formulario_Hoja_de_vida1/a_Nuevo' is clicked on

2021-12-15 16:38:42 - [TEST_STEP][PASSED] - setText(findTestObject("Pruebas_Hoja_de_Vida/Nuevo_Formulario_Hoja_de_vida1/input_Nombre_form_formularionombre"), "prueba"): Text 'prueba' is set on object 'Object Repository/Pruebas_Hoja_de_Vida/Nuevo_Formulario_Hoja_de_vida1/input_Nombre_form_formularionombre'

2021-12-15 16:38:43 - [MESSAGE][PASSED] - Text 'prueba' is set on object 'Object Repository/Pruebas_Hoja_de_Vida/Nuevo_Formulario_Hoja_de_vida1/input_Nombre_form_formularionombre'

2021-12-15 16:38:43 - [TEST_STEP][PASSED] - setText(findTestObject("Pruebas_Hoja_de_Vida/Nuevo_Formulario_Hoja_de_vida1/input_Cdigo_form_formulariomodulo"), "123"): Text '123' is set on object 'Object Repository/Pruebas_Hoja_de_Vida/Nuevo_Formulario_Hoja_de_vida1/input_Cdigo_form_formulariomodulo'

2021-12-15 16:38:44 - [MESSAGE][PASSED] - Text '123' is set on object 'Object Repository/Pruebas_Hoja_de_Vida/Nuevo_Formulario_Hoja_de_vida1/input_Cdigo_form_formulariomodulo'

2021-12-15 16:38:44 - [TEST_STEP][PASSED] - click(findTestObject("Pruebas_Hoja_de_Vida/Nuevo_Formulario_Hoja_de_vida1/a_Guardar")): Object: 'Object Repository/Pruebas_Hoja_de_Vida/Nuevo_Formulario_Hoja_de_vida1/a_Guardar' is clicked on

2021-12-15 16:38:44 - [MESSAGE][PASSED] - Object: 'Object Repository/Pruebas_Hoja_de_Vida/Nuevo_Formulario_Hoja_de_vida1/a_Guardar' is clicked on

2021-12-15 16:38:44 - [TEST_STEP][PASSED] - closeBrowser(): Browser is closed

2021-12-15 16:38:45 - [MESSAGE][PASSED] - Browser is closed]]></system-out>
         <system-err><![CDATA[]]></system-err>
      </testcase>
      <testcase name="Test Cases/2.1-Pruebas_Hoja_de_Vida/2.1.3-Crear_Nueva_Tipo_de_Hoja" time="22.798" classname="Test Cases/2.1-Pruebas_Hoja_de_Vida/2.1.3-Crear_Nueva_Tipo_de_Hoja" status="PASSED">
         <system-out><![CDATA[2021-12-15 16:38:45 - [TEST_CASE][PASSED] - Test Cases/2.1-Pruebas_Hoja_de_Vida/2.1.3-Crear_Nueva_Tipo_de_Hoja: Test Cases/2.1-Pruebas_Hoja_de_Vida/2.1.3-Crear_Nueva_Tipo_de_Hoja

2021-12-15 16:38:45 - [TEST_STEP][PASSED] - callTestCase(findTestCase("0.1-Login"), [:], STOP_ON_FAILURE): Call Test Case 'Test Cases/0.1-Login' successfully

2021-12-15 16:38:46 - [TEST_CASE][PASSED] - Test Cases/0.1-Login: Test Cases/0.1-Login

2021-12-15 16:38:46 - [TEST_STEP][PASSED] - openBrowser(""): Browser is opened with url: ''

2021-12-15 16:38:46 - [MESSAGE][INFO] - Starting 'Chrome' driver

2021-12-15 16:38:46 - [MESSAGE][INFO] - Action delay is set to 0 milliseconds

2021-12-15 16:38:47 - [MESSAGE][PASSED] - Browser is opened with url: ''

2021-12-15 16:38:47 - [TEST_STEP][PASSED] - maximizeWindow(): Current window maximized

2021-12-15 16:38:47 - [MESSAGE][PASSED] - Current window maximized

2021-12-15 16:38:47 - [TEST_STEP][PASSED] - i = G_Login: null

2021-12-15 16:38:47 - [TEST_STEP][PASSED] - url = new java.net.URL(i): null

2021-12-15 16:38:47 - [TEST_STEP][PASSED] - println("URL: " + url.toString()): null

2021-12-15 16:38:47 - [TEST_STEP][PASSED] - connection = url.openConnection(): null

2021-12-15 16:38:47 - [TEST_STEP][PASSED] - connection.setRequestMethod("GET"): null

2021-12-15 16:38:47 - [TEST_STEP][PASSED] - connection.setReadTimeout(2 * 1000): null

2021-12-15 16:38:47 - [TEST_STEP][PASSED] - try: null

2021-12-15 16:38:47 - [TEST_STEP][PASSED] - connection.connect(): null

2021-12-15 16:38:47 - [TEST_STEP][PASSED] - flag = connected: null

2021-12-15 16:38:47 - [TEST_STEP][PASSED] - println("Valor_ori: " + flag): null

2021-12-15 16:38:47 - [TEST_STEP][PASSED] - if (flag): null

2021-12-15 16:38:47 - [TEST_STEP][PASSED] - navigateToUrl(i): Navigate to 'http://192.168.2.80:8380/saraweb' successfully

2021-12-15 16:38:48 - [MESSAGE][PASSED] - Navigate to 'http://192.168.2.80:8380/saraweb' successfully

2021-12-15 16:38:48 - [TEST_STEP][PASSED] - a(): null

2021-12-15 16:38:48 - [TEST_STEP][PASSED] - setText(findTestObject("Login/input_USUARIO_loginusuario"), G_Usuario): Text 'saraadmin' is set on object 'Object Repository/Login/input_USUARIO_loginusuario'

2021-12-15 16:38:49 - [MESSAGE][PASSED] - Text 'saraadmin' is set on object 'Object Repository/Login/input_USUARIO_loginusuario'

2021-12-15 16:38:49 - [TEST_STEP][PASSED] - setEncryptedText(findTestObject("Login/input_CLAVE_loginpassword"), "MkG4/TYiCFC3cb2driP7+Q=="): Text ****** has been set on object 'Object Repository/Login/input_CLAVE_loginpassword'

2021-12-15 16:38:49 - [MESSAGE][PASSED] - Text ****** has been set on object 'Object Repository/Login/input_CLAVE_loginpassword'

2021-12-15 16:38:49 - [TEST_STEP][PASSED] - waitForElementClickable(findTestObject("Login/a_Ingresar"), G_TimeOut): Object 'Object Repository/Login/a_Ingresar' is clickable

2021-12-15 16:38:50 - [MESSAGE][PASSED] - Object 'Object Repository/Login/a_Ingresar' is clickable

2021-12-15 16:38:50 - [TEST_STEP][PASSED] - click(findTestObject("Login/a_Ingresar")): Object: 'Object Repository/Login/a_Ingresar' is clicked on

2021-12-15 16:38:52 - [MESSAGE][PASSED] - Object: 'Object Repository/Login/a_Ingresar' is clicked on

2021-12-15 16:38:52 - [TEST_STEP][PASSED] - element = findWebElement(findTestObject("Login/a_Ir"), 30): null

2021-12-15 16:38:52 - [TEST_STEP][PASSED] - executeJavaScript("arguments[0].click()", Arrays.asList(element)): Execute JavaScript 'arguments[0].click()' successfully

2021-12-15 16:38:52 - [MESSAGE][PASSED] - Execute JavaScript 'arguments[0].click()' successfully

2021-12-15 16:38:52 - [MESSAGE][PASSED] - Call Test Case 'Test Cases/0.1-Login' successfully

2021-12-15 16:38:52 - [TEST_STEP][PASSED] - click(findTestObject("Pruebas_Hoja_de_Vida/Crear_Nueva_Tipo_de_Hoja/input_Secciones_form_templatej_idt286j_idt29")): Object: 'Object Repository/Pruebas_Hoja_de_Vida/Crear_Nueva_Tipo_de_Hoja/input_Secciones_form_templatej_idt286j_idt29' is clicked on

2021-12-15 16:38:53 - [MESSAGE][PASSED] - Object: 'Object Repository/Pruebas_Hoja_de_Vida/Crear_Nueva_Tipo_de_Hoja/input_Secciones_form_templatej_idt286j_idt29' is clicked on

2021-12-15 16:38:53 - [TEST_STEP][PASSED] - click(findTestObject("Pruebas_Hoja_de_Vida/Crear_Nueva_Tipo_de_Hoja/a_ADMINISTRADOR DEL SISTEMA - SARA_cerrar_menu")): Object: 'Object Repository/Pruebas_Hoja_de_Vida/Crear_Nueva_Tipo_de_Hoja/a_ADMINISTRADOR DEL SISTEMA - SARA_cerrar_menu' is clicked on

2021-12-15 16:38:54 - [MESSAGE][PASSED] - Object: 'Object Repository/Pruebas_Hoja_de_Vida/Crear_Nueva_Tipo_de_Hoja/a_ADMINISTRADOR DEL SISTEMA - SARA_cerrar_menu' is clicked on

2021-12-15 16:38:54 - [TEST_STEP][PASSED] - waitForElementClickable(findTestObject("Pruebas_Hoja_de_Vida/Crear_Nueva_Tipo_de_Hoja/label_Parametros Generales"), 0): Object 'Object Repository/Pruebas_Hoja_de_Vida/Crear_Nueva_Tipo_de_Hoja/label_Parametros Generales' is clickable

2021-12-15 16:38:54 - [MESSAGE][WARNING] - Timeout '0' is invalid. Using default page load timeout: '30'

2021-12-15 16:38:54 - [MESSAGE][PASSED] - Object 'Object Repository/Pruebas_Hoja_de_Vida/Crear_Nueva_Tipo_de_Hoja/label_Parametros Generales' is clickable

2021-12-15 16:38:54 - [TEST_STEP][PASSED] - click(findTestObject("Pruebas_Hoja_de_Vida/Crear_Nueva_Tipo_de_Hoja/label_Parametros Generales")): Object: 'Object Repository/Pruebas_Hoja_de_Vida/Crear_Nueva_Tipo_de_Hoja/label_Parametros Generales' is clicked on

2021-12-15 16:38:55 - [MESSAGE][PASSED] - Object: 'Object Repository/Pruebas_Hoja_de_Vida/Crear_Nueva_Tipo_de_Hoja/label_Parametros Generales' is clicked on

2021-12-15 16:38:55 - [TEST_STEP][PASSED] - waitForElementClickable(findTestObject("Pruebas_Hoja_de_Vida/Crear_Nueva_Tipo_de_Hoja/a_Tipo de Hoja"), 0): Object 'Object Repository/Pruebas_Hoja_de_Vida/Crear_Nueva_Tipo_de_Hoja/a_Tipo de Hoja' is clickable

2021-12-15 16:38:55 - [MESSAGE][WARNING] - Timeout '0' is invalid. Using default page load timeout: '30'

2021-12-15 16:38:55 - [MESSAGE][PASSED] - Object 'Object Repository/Pruebas_Hoja_de_Vida/Crear_Nueva_Tipo_de_Hoja/a_Tipo de Hoja' is clickable

2021-12-15 16:38:55 - [TEST_STEP][PASSED] - scrollToElement(findTestObject("Pruebas_Hoja_de_Vida/Crear_Nueva_Tipo_de_Hoja/a_Tipo de Hoja"), 0): Scroll to object 'Object Repository/Pruebas_Hoja_de_Vida/Crear_Nueva_Tipo_de_Hoja/a_Tipo de Hoja' successfully

2021-12-15 16:38:55 - [MESSAGE][WARNING] - Timeout '0' is invalid. Using default page load timeout: '30'

2021-12-15 16:38:55 - [MESSAGE][PASSED] - Scroll to object 'Object Repository/Pruebas_Hoja_de_Vida/Crear_Nueva_Tipo_de_Hoja/a_Tipo de Hoja' successfully

2021-12-15 16:38:55 - [TEST_STEP][PASSED] - click(findTestObject("Pruebas_Hoja_de_Vida/Crear_Nueva_Tipo_de_Hoja/a_Tipo de Hoja")): Object: 'Object Repository/Pruebas_Hoja_de_Vida/Crear_Nueva_Tipo_de_Hoja/a_Tipo de Hoja' is clicked on

2021-12-15 16:38:56 - [MESSAGE][PASSED] - Object: 'Object Repository/Pruebas_Hoja_de_Vida/Crear_Nueva_Tipo_de_Hoja/a_Tipo de Hoja' is clicked on

2021-12-15 16:38:56 - [TEST_STEP][PASSED] - if (waitForElementClickable(findTestObject("Pruebas_Hoja_de_Vida/Crear_Nueva_Tipo_de_Hoja/span_P1"), 1)): null

2021-12-15 16:38:57 - [MESSAGE][PASSED] - Object 'Object Repository/Pruebas_Hoja_de_Vida/Crear_Nueva_Tipo_de_Hoja/span_P1' is clickable

2021-12-15 16:38:57 - [TEST_STEP][PASSED] - click(findTestObject("Pruebas_Hoja_de_Vida/Crear_Nueva_Tipo_de_Hoja/span_P1")): Object: 'Object Repository/Pruebas_Hoja_de_Vida/Crear_Nueva_Tipo_de_Hoja/span_P1' is clicked on

2021-12-15 16:38:57 - [MESSAGE][PASSED] - Object: 'Object Repository/Pruebas_Hoja_de_Vida/Crear_Nueva_Tipo_de_Hoja/span_P1' is clicked on

2021-12-15 16:38:57 - [TEST_STEP][PASSED] - click(findTestObject("Pruebas_Hoja_de_Vida/Crear_Nueva_Tipo_de_Hoja/a_Eliminar")): Object: 'Object Repository/Pruebas_Hoja_de_Vida/Crear_Nueva_Tipo_de_Hoja/a_Eliminar' is clicked on

2021-12-15 16:38:58 - [MESSAGE][PASSED] - Object: 'Object Repository/Pruebas_Hoja_de_Vida/Crear_Nueva_Tipo_de_Hoja/a_Eliminar' is clicked on

2021-12-15 16:38:58 - [TEST_STEP][PASSED] - click(findTestObject("Pruebas_Hoja_de_Vida/Crear_Nueva_Tipo_de_Hoja/a_Aceptar")): Object: 'Object Repository/Pruebas_Hoja_de_Vida/Crear_Nueva_Tipo_de_Hoja/a_Aceptar' is clicked on

2021-12-15 16:38:59 - [MESSAGE][PASSED] - Object: 'Object Repository/Pruebas_Hoja_de_Vida/Crear_Nueva_Tipo_de_Hoja/a_Aceptar' is clicked on

2021-12-15 16:38:59 - [TEST_STEP][PASSED] - click(findTestObject("Pruebas_Hoja_de_Vida/Crear_Nueva_Tipo_de_Hoja/a_Nuevo")): Object: 'Object Repository/Pruebas_Hoja_de_Vida/Crear_Nueva_Tipo_de_Hoja/a_Nuevo' is clicked on

2021-12-15 16:39:00 - [MESSAGE][PASSED] - Object: 'Object Repository/Pruebas_Hoja_de_Vida/Crear_Nueva_Tipo_de_Hoja/a_Nuevo' is clicked on

2021-12-15 16:39:00 - [TEST_STEP][PASSED] - setText(findTestObject("Pruebas_Hoja_de_Vida/Crear_Nueva_Tipo_de_Hoja/input_Tipo Relacin Hoja_form_tipohojavinculacion"), "P1"): Text 'P1' is set on object 'Object Repository/Pruebas_Hoja_de_Vida/Crear_Nueva_Tipo_de_Hoja/input_Tipo Relacin Hoja_form_tipohojavinculacion'

2021-12-15 16:39:01 - [MESSAGE][PASSED] - Text 'P1' is set on object 'Object Repository/Pruebas_Hoja_de_Vida/Crear_Nueva_Tipo_de_Hoja/input_Tipo Relacin Hoja_form_tipohojavinculacion'

2021-12-15 16:39:01 - [TEST_STEP][PASSED] - setText(findTestObject("Pruebas_Hoja_de_Vida/Crear_Nueva_Tipo_de_Hoja/input_Descripcin_form_tipohojadescripcion"), "prueba"): Text 'prueba' is set on object 'Object Repository/Pruebas_Hoja_de_Vida/Crear_Nueva_Tipo_de_Hoja/input_Descripcin_form_tipohojadescripcion'

2021-12-15 16:39:01 - [MESSAGE][PASSED] - Text 'prueba' is set on object 'Object Repository/Pruebas_Hoja_de_Vida/Crear_Nueva_Tipo_de_Hoja/input_Descripcin_form_tipohojadescripcion'

2021-12-15 16:39:01 - [TEST_STEP][PASSED] - click(findTestObject("Pruebas_Hoja_de_Vida/Crear_Nueva_Tipo_de_Hoja/label_No_Novedad Directa")): Object: 'Object Repository/Pruebas_Hoja_de_Vida/Crear_Nueva_Tipo_de_Hoja/label_No_Novedad Directa' is clicked on

2021-12-15 16:39:02 - [MESSAGE][PASSED] - Object: 'Object Repository/Pruebas_Hoja_de_Vida/Crear_Nueva_Tipo_de_Hoja/label_No_Novedad Directa' is clicked on

2021-12-15 16:39:02 - [TEST_STEP][PASSED] - click(findTestObject("Pruebas_Hoja_de_Vida/Crear_Nueva_Tipo_de_Hoja/label_Si_Crear Hoja")): Object: 'Object Repository/Pruebas_Hoja_de_Vida/Crear_Nueva_Tipo_de_Hoja/label_Si_Crear Hoja' is clicked on

2021-12-15 16:39:02 - [MESSAGE][PASSED] - Object: 'Object Repository/Pruebas_Hoja_de_Vida/Crear_Nueva_Tipo_de_Hoja/label_Si_Crear Hoja' is clicked on

2021-12-15 16:39:02 - [TEST_STEP][PASSED] - click(findTestObject("Pruebas_Hoja_de_Vida/Crear_Nueva_Tipo_de_Hoja/label_No_Novedad Aprobada")): Object: 'Object Repository/Pruebas_Hoja_de_Vida/Crear_Nueva_Tipo_de_Hoja/label_No_Novedad Aprobada' is clicked on

2021-12-15 16:39:03 - [MESSAGE][PASSED] - Object: 'Object Repository/Pruebas_Hoja_de_Vida/Crear_Nueva_Tipo_de_Hoja/label_No_Novedad Aprobada' is clicked on

2021-12-15 16:39:03 - [TEST_STEP][PASSED] - click(findTestObject("Pruebas_Hoja_de_Vida/Crear_Nueva_Tipo_de_Hoja/label_No_Novedad Rechazada")): Object: 'Object Repository/Pruebas_Hoja_de_Vida/Crear_Nueva_Tipo_de_Hoja/label_No_Novedad Rechazada' is clicked on

2021-12-15 16:39:03 - [MESSAGE][PASSED] - Object: 'Object Repository/Pruebas_Hoja_de_Vida/Crear_Nueva_Tipo_de_Hoja/label_No_Novedad Rechazada' is clicked on

2021-12-15 16:39:03 - [TEST_STEP][PASSED] - selectOptionByIndex(findTestObject("Pruebas_Hoja_de_Vida/Crear_Nueva_Tipo_de_Hoja/select_Formulario Asociados"), 8): All options with index in [8] are selected on object 'Object Repository/Pruebas_Hoja_de_Vida/Crear_Nueva_Tipo_de_Hoja/select_Formulario Asociados'

2021-12-15 16:39:04 - [MESSAGE][PASSED] - All options with index in [8] are selected on object 'Object Repository/Pruebas_Hoja_de_Vida/Crear_Nueva_Tipo_de_Hoja/select_Formulario Asociados'

2021-12-15 16:39:04 - [TEST_STEP][PASSED] - selectOptionByIndex(findTestObject("Pruebas_Hoja_de_Vida/Crear_Nueva_Tipo_de_Hoja/select_Hoja Asociar"), 3): All options with index in [3] are selected on object 'Object Repository/Pruebas_Hoja_de_Vida/Crear_Nueva_Tipo_de_Hoja/select_Hoja Asociar'

2021-12-15 16:39:05 - [MESSAGE][PASSED] - All options with index in [3] are selected on object 'Object Repository/Pruebas_Hoja_de_Vida/Crear_Nueva_Tipo_de_Hoja/select_Hoja Asociar'

2021-12-15 16:39:05 - [TEST_STEP][PASSED] - selectOptionByIndex(findTestObject("Pruebas_Hoja_de_Vida/Crear_Nueva_Tipo_de_Hoja/select_Gestion Periodo"), 2): All options with index in [2] are selected on object 'Object Repository/Pruebas_Hoja_de_Vida/Crear_Nueva_Tipo_de_Hoja/select_Gestion Periodo'

2021-12-15 16:39:06 - [MESSAGE][PASSED] - All options with index in [2] are selected on object 'Object Repository/Pruebas_Hoja_de_Vida/Crear_Nueva_Tipo_de_Hoja/select_Gestion Periodo'

2021-12-15 16:39:06 - [TEST_STEP][PASSED] - selectOptionByIndex(findTestObject("Pruebas_Hoja_de_Vida/Crear_Nueva_Tipo_de_Hoja/select_Modo"), 1): All options with index in [1] are selected on object 'Object Repository/Pruebas_Hoja_de_Vida/Crear_Nueva_Tipo_de_Hoja/select_Modo'

2021-12-15 16:39:07 - [MESSAGE][PASSED] - All options with index in [1] are selected on object 'Object Repository/Pruebas_Hoja_de_Vida/Crear_Nueva_Tipo_de_Hoja/select_Modo'

2021-12-15 16:39:07 - [TEST_STEP][PASSED] - click(findTestObject("Pruebas_Hoja_de_Vida/Crear_Nueva_Tipo_de_Hoja/a_Guardar")): Object: 'Object Repository/Pruebas_Hoja_de_Vida/Crear_Nueva_Tipo_de_Hoja/a_Guardar' is clicked on

2021-12-15 16:39:08 - [MESSAGE][PASSED] - Object: 'Object Repository/Pruebas_Hoja_de_Vida/Crear_Nueva_Tipo_de_Hoja/a_Guardar' is clicked on]]></system-out>
         <system-err><![CDATA[]]></system-err>
      </testcase>
      <testcase name="Test Cases/2.1-Pruebas_Hoja_de_Vida/2.1.4-Crear_Nueva_Hoja_de_Vida" time="32.63" classname="Test Cases/2.1-Pruebas_Hoja_de_Vida/2.1.4-Crear_Nueva_Hoja_de_Vida" status="PASSED">
         <system-out><![CDATA[2021-12-15 16:39:08 - [TEST_CASE][PASSED] - Test Cases/2.1-Pruebas_Hoja_de_Vida/2.1.4-Crear_Nueva_Hoja_de_Vida: Test Cases/2.1-Pruebas_Hoja_de_Vida/2.1.4-Crear_Nueva_Hoja_de_Vida

2021-12-15 16:39:08 - [TEST_STEP][PASSED] - callTestCase(findTestCase("1.1-Tareas Principales/1.1.1-Crear Nueva Hoja de Vida"), [:], STOP_ON_FAILURE): Call Test Case 'Test Cases/1.1-Tareas Principales/1.1.1-Crear Nueva Hoja de Vida' successfully

2021-12-15 16:39:08 - [TEST_CASE][PASSED] - Test Cases/1.1-Tareas Principales/1.1.1-Crear Nueva Hoja de Vida: Test Cases/1.1-Tareas Principales/1.1.1-Crear Nueva Hoja de Vida

2021-12-15 16:39:09 - [TEST_STEP][PASSED] - random_double = Math.random() * 9999 + 999: null

2021-12-15 16:39:09 - [TEST_STEP][PASSED] - random_double = Math.round(random_double * 1000): null

2021-12-15 16:39:09 - [TEST_STEP][PASSED] - identificacion = toString().replace(".0", ""): null

2021-12-15 16:39:09 - [TEST_STEP][PASSED] - callTestCase(findTestCase("0.1-Login"), [:], STOP_ON_FAILURE): Call Test Case 'Test Cases/0.1-Login' successfully

2021-12-15 16:39:09 - [TEST_CASE][PASSED] - Test Cases/0.1-Login: Test Cases/0.1-Login

2021-12-15 16:39:09 - [TEST_STEP][PASSED] - openBrowser(""): Browser is opened with url: ''

2021-12-15 16:39:09 - [MESSAGE][WARNING] - A browser is already opened. Closing browser and opening a new one

2021-12-15 16:39:10 - [MESSAGE][INFO] - Starting 'Chrome' driver

2021-12-15 16:39:10 - [MESSAGE][INFO] - Action delay is set to 0 milliseconds

2021-12-15 16:39:11 - [MESSAGE][PASSED] - Browser is opened with url: ''

2021-12-15 16:39:11 - [TEST_STEP][PASSED] - maximizeWindow(): Current window maximized

2021-12-15 16:39:11 - [MESSAGE][PASSED] - Current window maximized

2021-12-15 16:39:11 - [TEST_STEP][PASSED] - i = G_Login: null

2021-12-15 16:39:11 - [TEST_STEP][PASSED] - url = new java.net.URL(i): null

2021-12-15 16:39:11 - [TEST_STEP][PASSED] - println("URL: " + url.toString()): null

2021-12-15 16:39:11 - [TEST_STEP][PASSED] - connection = url.openConnection(): null

2021-12-15 16:39:11 - [TEST_STEP][PASSED] - connection.setRequestMethod("GET"): null

2021-12-15 16:39:11 - [TEST_STEP][PASSED] - connection.setReadTimeout(2 * 1000): null

2021-12-15 16:39:11 - [TEST_STEP][PASSED] - try: null

2021-12-15 16:39:11 - [TEST_STEP][PASSED] - connection.connect(): null

2021-12-15 16:39:11 - [TEST_STEP][PASSED] - flag = connected: null

2021-12-15 16:39:11 - [TEST_STEP][PASSED] - println("Valor_ori: " + flag): null

2021-12-15 16:39:11 - [TEST_STEP][PASSED] - if (flag): null

2021-12-15 16:39:11 - [TEST_STEP][PASSED] - navigateToUrl(i): Navigate to 'http://192.168.2.80:8380/saraweb' successfully

2021-12-15 16:39:12 - [MESSAGE][PASSED] - Navigate to 'http://192.168.2.80:8380/saraweb' successfully

2021-12-15 16:39:12 - [TEST_STEP][PASSED] - a(): null

2021-12-15 16:39:12 - [TEST_STEP][PASSED] - setText(findTestObject("Login/input_USUARIO_loginusuario"), G_Usuario): Text 'saraadmin' is set on object 'Object Repository/Login/input_USUARIO_loginusuario'

2021-12-15 16:39:12 - [MESSAGE][PASSED] - Text 'saraadmin' is set on object 'Object Repository/Login/input_USUARIO_loginusuario'

2021-12-15 16:39:12 - [TEST_STEP][PASSED] - setEncryptedText(findTestObject("Login/input_CLAVE_loginpassword"), "MkG4/TYiCFC3cb2driP7+Q=="): Text ****** has been set on object 'Object Repository/Login/input_CLAVE_loginpassword'

2021-12-15 16:39:13 - [MESSAGE][PASSED] - Text ****** has been set on object 'Object Repository/Login/input_CLAVE_loginpassword'

2021-12-15 16:39:13 - [TEST_STEP][PASSED] - waitForElementClickable(findTestObject("Login/a_Ingresar"), G_TimeOut): Object 'Object Repository/Login/a_Ingresar' is clickable

2021-12-15 16:39:13 - [MESSAGE][PASSED] - Object 'Object Repository/Login/a_Ingresar' is clickable

2021-12-15 16:39:13 - [TEST_STEP][PASSED] - click(findTestObject("Login/a_Ingresar")): Object: 'Object Repository/Login/a_Ingresar' is clicked on

2021-12-15 16:39:15 - [MESSAGE][PASSED] - Object: 'Object Repository/Login/a_Ingresar' is clicked on

2021-12-15 16:39:15 - [TEST_STEP][PASSED] - element = findWebElement(findTestObject("Login/a_Ir"), 30): null

2021-12-15 16:39:16 - [TEST_STEP][PASSED] - executeJavaScript("arguments[0].click()", Arrays.asList(element)): Execute JavaScript 'arguments[0].click()' successfully

2021-12-15 16:39:16 - [MESSAGE][PASSED] - Execute JavaScript 'arguments[0].click()' successfully

2021-12-15 16:39:16 - [MESSAGE][PASSED] - Call Test Case 'Test Cases/0.1-Login' successfully

2021-12-15 16:39:16 - [TEST_STEP][PASSED] - waitForElementClickable(findTestObject("Modulo Tarea Listado Hojas de Vida/Crear Nueva Hoja de Vida/input_Listado Hojas De Vida_form_templatej_idt24_input"), G_TimeOut): Object 'Object Repository/Modulo Tarea Listado Hojas de Vida/Crear Nueva Hoja de Vida/input_Listado Hojas De Vida_form_templatej_idt24_input' is clickable

2021-12-15 16:39:17 - [MESSAGE][PASSED] - Object 'Object Repository/Modulo Tarea Listado Hojas de Vida/Crear Nueva Hoja de Vida/input_Listado Hojas De Vida_form_templatej_idt24_input' is clickable

2021-12-15 16:39:17 - [TEST_STEP][PASSED] - setText(findTestObject("Modulo Tarea Listado Hojas de Vida/Crear Nueva Hoja de Vida/input_Listado Hojas De Vida_form_templatej_idt24_input"), "Listado Hojas de Vida"): Text 'Listado Hojas de Vida' is set on object 'Object Repository/Modulo Tarea Listado Hojas de Vida/Crear Nueva Hoja de Vida/input_Listado Hojas De Vida_form_templatej_idt24_input'

2021-12-15 16:39:17 - [MESSAGE][PASSED] - Text 'Listado Hojas de Vida' is set on object 'Object Repository/Modulo Tarea Listado Hojas de Vida/Crear Nueva Hoja de Vida/input_Listado Hojas De Vida_form_templatej_idt24_input'

2021-12-15 16:39:17 - [TEST_STEP][PASSED] - delay(1): Delayed 1 second(s)

2021-12-15 16:39:18 - [MESSAGE][PASSED] - Delayed 1 second(s)

2021-12-15 16:39:18 - [TEST_STEP][PASSED] - sendKeys(findTestObject("Modulo Tarea Listado Hojas de Vida/Crear Nueva Hoja de Vida/input_Listado Hojas De Vida_form_templatej_idt24_input"), Keys.chord(ENTER)): Keys 'ENTER + ' sent to object: 'Object Repository/Modulo Tarea Listado Hojas de Vida/Crear Nueva Hoja de Vida/input_Listado Hojas De Vida_form_templatej_idt24_input'

2021-12-15 16:39:19 - [MESSAGE][PASSED] - Keys 'ENTER + ' sent to object: 'Object Repository/Modulo Tarea Listado Hojas de Vida/Crear Nueva Hoja de Vida/input_Listado Hojas De Vida_form_templatej_idt24_input'

2021-12-15 16:39:19 - [TEST_STEP][PASSED] - waitForElementClickable(findTestObject("Modulo Tarea Listado Hojas de Vida/Crear Nueva Hoja de Vida/a_Nueva HojaVida"), G_TimeOut): Object 'Object Repository/Modulo Tarea Listado Hojas de Vida/Crear Nueva Hoja de Vida/a_Nueva HojaVida' is clickable

2021-12-15 16:39:20 - [MESSAGE][PASSED] - Object 'Object Repository/Modulo Tarea Listado Hojas de Vida/Crear Nueva Hoja de Vida/a_Nueva HojaVida' is clickable

2021-12-15 16:39:20 - [TEST_STEP][PASSED] - click(findTestObject("Modulo Tarea Listado Hojas de Vida/Crear Nueva Hoja de Vida/a_Nueva HojaVida")): Object: 'Object Repository/Modulo Tarea Listado Hojas de Vida/Crear Nueva Hoja de Vida/a_Nueva HojaVida' is clicked on

2021-12-15 16:39:20 - [MESSAGE][PASSED] - Object: 'Object Repository/Modulo Tarea Listado Hojas de Vida/Crear Nueva Hoja de Vida/a_Nueva HojaVida' is clicked on

2021-12-15 16:39:20 - [TEST_STEP][PASSED] - waitForElementClickable(findTestObject("Modulo Tarea Listado Hojas de Vida/Crear Nueva Hoja de Vida/input_Identificacin_nuevahoja_"), 0): Object 'Object Repository/Modulo Tarea Listado Hojas de Vida/Crear Nueva Hoja de Vida/input_Identificacin_nuevahoja_' is clickable

2021-12-15 16:39:21 - [MESSAGE][WARNING] - Timeout '0' is invalid. Using default page load timeout: '30'

2021-12-15 16:39:21 - [MESSAGE][PASSED] - Object 'Object Repository/Modulo Tarea Listado Hojas de Vida/Crear Nueva Hoja de Vida/input_Identificacin_nuevahoja_' is clickable

2021-12-15 16:39:21 - [TEST_STEP][PASSED] - setText(findTestObject("Modulo Tarea Listado Hojas de Vida/Crear Nueva Hoja de Vida/input_Identificacin_nuevahoja_"), identificacion): Text '2868222' is set on object 'Object Repository/Modulo Tarea Listado Hojas de Vida/Crear Nueva Hoja de Vida/input_Identificacin_nuevahoja_'

2021-12-15 16:39:22 - [MESSAGE][PASSED] - Text '2868222' is set on object 'Object Repository/Modulo Tarea Listado Hojas de Vida/Crear Nueva Hoja de Vida/input_Identificacin_nuevahoja_'

2021-12-15 16:39:22 - [TEST_STEP][PASSED] - selectOptionByIndex(findTestObject("Modulo Tarea Listado Hojas de Vida/Crear Nueva Hoja de Vida/select_-- Seleccione --.ASPIRA"), "4"): All options with index in [4] are selected on object 'Object Repository/Modulo Tarea Listado Hojas de Vida/Crear Nueva Hoja de Vida/select_-- Seleccione --.ASPIRA'

2021-12-15 16:39:23 - [MESSAGE][PASSED] - All options with index in [4] are selected on object 'Object Repository/Modulo Tarea Listado Hojas de Vida/Crear Nueva Hoja de Vida/select_-- Seleccione --.ASPIRA'

2021-12-15 16:39:23 - [TEST_STEP][PASSED] - click(findTestObject("Modulo Tarea Listado Hojas de Vida/Crear Nueva Hoja de Vida/a_Nueva Solicitud")): Object: 'Object Repository/Modulo Tarea Listado Hojas de Vida/Crear Nueva Hoja de Vida/a_Nueva Solicitud' is clicked on

2021-12-15 16:39:23 - [MESSAGE][PASSED] - Object: 'Object Repository/Modulo Tarea Listado Hojas de Vida/Crear Nueva Hoja de Vida/a_Nueva Solicitud' is clicked on

2021-12-15 16:39:23 - [TEST_STEP][PASSED] - waitForElementPresent(findTestObject("Modulo Tarea Listado Hojas de Vida/Crear Nueva Hoja de Vida/input__hojaVidaseccionj_idt8350j_idt845"), 0): Object 'Object Repository/Modulo Tarea Listado Hojas de Vida/Crear Nueva Hoja de Vida/input__hojaVidaseccionj_idt8350j_idt845' is present

2021-12-15 16:39:24 - [MESSAGE][WARNING] - Timeout '0' is invalid. Using default page load timeout: '30'

2021-12-15 16:39:24 - [MESSAGE][PASSED] - Object 'Object Repository/Modulo Tarea Listado Hojas de Vida/Crear Nueva Hoja de Vida/input__hojaVidaseccionj_idt8350j_idt845' is present

2021-12-15 16:39:24 - [TEST_STEP][PASSED] - setText(findTestObject("Modulo Tarea Listado Hojas de Vida/Crear Nueva Hoja de Vida/input__hojaVidaseccionj_idt8350j_idt845"), identificacion): Text '2868222' is set on object 'Object Repository/Modulo Tarea Listado Hojas de Vida/Crear Nueva Hoja de Vida/input__hojaVidaseccionj_idt8350j_idt845'

2021-12-15 16:39:25 - [MESSAGE][PASSED] - Text '2868222' is set on object 'Object Repository/Modulo Tarea Listado Hojas de Vida/Crear Nueva Hoja de Vida/input__hojaVidaseccionj_idt8350j_idt845'

2021-12-15 16:39:25 - [TEST_STEP][PASSED] - setText(findTestObject("Modulo Tarea Listado Hojas de Vida/Crear Nueva Hoja de Vida/input__hojaVidaseccionj_idt8351j_idt845"), "jhon" + identificacion): Text 'jhon2868222' is set on object 'Object Repository/Modulo Tarea Listado Hojas de Vida/Crear Nueva Hoja de Vida/input__hojaVidaseccionj_idt8351j_idt845'

2021-12-15 16:39:26 - [MESSAGE][PASSED] - Text 'jhon2868222' is set on object 'Object Repository/Modulo Tarea Listado Hojas de Vida/Crear Nueva Hoja de Vida/input__hojaVidaseccionj_idt8351j_idt845'

2021-12-15 16:39:26 - [TEST_STEP][PASSED] - setText(findTestObject("Modulo Tarea Listado Hojas de Vida/Crear Nueva Hoja de Vida/input__hojaVidaseccionj_idt8352j_idt845"), "consta belfegord"): Text 'consta belfegord' is set on object 'Object Repository/Modulo Tarea Listado Hojas de Vida/Crear Nueva Hoja de Vida/input__hojaVidaseccionj_idt8352j_idt845'

2021-12-15 16:39:26 - [MESSAGE][PASSED] - Text 'consta belfegord' is set on object 'Object Repository/Modulo Tarea Listado Hojas de Vida/Crear Nueva Hoja de Vida/input__hojaVidaseccionj_idt8352j_idt845'

2021-12-15 16:39:26 - [TEST_STEP][PASSED] - setText(findTestObject("Modulo Tarea Listado Hojas de Vida/Crear Nueva Hoja de Vida/input__hojaVidaseccionj_idt8353fecha_input"), "30/08/1995"): Text '30/08/1995' is set on object 'Object Repository/Modulo Tarea Listado Hojas de Vida/Crear Nueva Hoja de Vida/input__hojaVidaseccionj_idt8353fecha_input'

2021-12-15 16:39:27 - [MESSAGE][PASSED] - Text '30/08/1995' is set on object 'Object Repository/Modulo Tarea Listado Hojas de Vida/Crear Nueva Hoja de Vida/input__hojaVidaseccionj_idt8353fecha_input'

2021-12-15 16:39:27 - [TEST_STEP][PASSED] - sendKeys(findTestObject("Modulo Tarea Listado Hojas de Vida/Crear Nueva Hoja de Vida/input__hojaVidaseccionj_idt8353fecha_input"), Keys.chord(ENTER)): Keys 'ENTER + ' sent to object: 'Object Repository/Modulo Tarea Listado Hojas de Vida/Crear Nueva Hoja de Vida/input__hojaVidaseccionj_idt8353fecha_input'

2021-12-15 16:39:28 - [MESSAGE][PASSED] - Keys 'ENTER + ' sent to object: 'Object Repository/Modulo Tarea Listado Hojas de Vida/Crear Nueva Hoja de Vida/input__hojaVidaseccionj_idt8353fecha_input'

2021-12-15 16:39:28 - [TEST_STEP][PASSED] - waitForElementClickable(findTestObject("Modulo Tarea Listado Hojas de Vida/Crear Nueva Hoja de Vida/a__hojaVidaseccionj_idt8354j_idt865"), G_TimeOut): Object 'Object Repository/Modulo Tarea Listado Hojas de Vida/Crear Nueva Hoja de Vida/a__hojaVidaseccionj_idt8354j_idt865' is clickable

2021-12-15 16:39:28 - [MESSAGE][PASSED] - Object 'Object Repository/Modulo Tarea Listado Hojas de Vida/Crear Nueva Hoja de Vida/a__hojaVidaseccionj_idt8354j_idt865' is clickable

2021-12-15 16:39:28 - [TEST_STEP][PASSED] - click(findTestObject("Modulo Tarea Listado Hojas de Vida/Crear Nueva Hoja de Vida/a__hojaVidaseccionj_idt8354j_idt865")): Object: 'Object Repository/Modulo Tarea Listado Hojas de Vida/Crear Nueva Hoja de Vida/a__hojaVidaseccionj_idt8354j_idt865' is clicked on

2021-12-15 16:39:29 - [MESSAGE][PASSED] - Object: 'Object Repository/Modulo Tarea Listado Hojas de Vida/Crear Nueva Hoja de Vida/a__hojaVidaseccionj_idt8354j_idt865' is clicked on

2021-12-15 16:39:29 - [TEST_STEP][PASSED] - waitForElementClickable(findTestObject("Modulo Tarea Listado Hojas de Vida/Crear Nueva Hoja de Vida/span_CEDULA CIUDADANIA"), G_TimeOut): Object 'Object Repository/Modulo Tarea Listado Hojas de Vida/Crear Nueva Hoja de Vida/span_CEDULA CIUDADANIA' is clickable

2021-12-15 16:39:30 - [MESSAGE][PASSED] - Object 'Object Repository/Modulo Tarea Listado Hojas de Vida/Crear Nueva Hoja de Vida/span_CEDULA CIUDADANIA' is clickable

2021-12-15 16:39:30 - [TEST_STEP][PASSED] - click(findTestObject("Modulo Tarea Listado Hojas de Vida/Crear Nueva Hoja de Vida/span_CEDULA CIUDADANIA")): Object: 'Object Repository/Modulo Tarea Listado Hojas de Vida/Crear Nueva Hoja de Vida/span_CEDULA CIUDADANIA' is clicked on

2021-12-15 16:39:30 - [MESSAGE][PASSED] - Object: 'Object Repository/Modulo Tarea Listado Hojas de Vida/Crear Nueva Hoja de Vida/span_CEDULA CIUDADANIA' is clicked on

2021-12-15 16:39:30 - [TEST_STEP][PASSED] - waitForElementClickable(findTestObject("Modulo Tarea Listado Hojas de Vida/Crear Nueva Hoja de Vida/input_Fecha Expedicin_hojaVidas"), G_TimeOut): Object 'Object Repository/Modulo Tarea Listado Hojas de Vida/Crear Nueva Hoja de Vida/input_Fecha Expedicin_hojaVidas' is clickable

2021-12-15 16:39:31 - [MESSAGE][PASSED] - Object 'Object Repository/Modulo Tarea Listado Hojas de Vida/Crear Nueva Hoja de Vida/input_Fecha Expedicin_hojaVidas' is clickable

2021-12-15 16:39:31 - [TEST_STEP][PASSED] - setText(findTestObject("Modulo Tarea Listado Hojas de Vida/Crear Nueva Hoja de Vida/input_Fecha Expedicin_hojaVidas"), "13/09/2013"): Text '13/09/2013' is set on object 'Object Repository/Modulo Tarea Listado Hojas de Vida/Crear Nueva Hoja de Vida/input_Fecha Expedicin_hojaVidas'

2021-12-15 16:39:32 - [MESSAGE][PASSED] - Text '13/09/2013' is set on object 'Object Repository/Modulo Tarea Listado Hojas de Vida/Crear Nueva Hoja de Vida/input_Fecha Expedicin_hojaVidas'

2021-12-15 16:39:32 - [TEST_STEP][PASSED] - sendKeys(findTestObject("Modulo Tarea Listado Hojas de Vida/Crear Nueva Hoja de Vida/input_Fecha Expedicin_hojaVidas"), Keys.chord(ENTER)): Keys 'ENTER + ' sent to object: 'Object Repository/Modulo Tarea Listado Hojas de Vida/Crear Nueva Hoja de Vida/input_Fecha Expedicin_hojaVidas'

2021-12-15 16:39:32 - [MESSAGE][PASSED] - Keys 'ENTER + ' sent to object: 'Object Repository/Modulo Tarea Listado Hojas de Vida/Crear Nueva Hoja de Vida/input_Fecha Expedicin_hojaVidas'

2021-12-15 16:39:32 - [TEST_STEP][PASSED] - selectOptionByIndex(findTestObject("Modulo Tarea Listado Hojas de Vida/Crear Nueva Hoja de Vida/select_-- Seleccione--000000ABEJORRAL"), "113"): All options with index in [113] are selected on object 'Object Repository/Modulo Tarea Listado Hojas de Vida/Crear Nueva Hoja de Vida/select_-- Seleccione--000000ABEJORRAL'

2021-12-15 16:39:35 - [MESSAGE][PASSED] - All options with index in [113] are selected on object 'Object Repository/Modulo Tarea Listado Hojas de Vida/Crear Nueva Hoja de Vida/select_-- Seleccione--000000ABEJORRAL'

2021-12-15 16:39:35 - [TEST_STEP][PASSED] - setText(findTestObject("Modulo Tarea Listado Hojas de Vida/Crear Nueva Hoja de Vida/input__hojaVidaseccionj_idt8358j_idt845"), "634564654684"): Text '634564654684' is set on object 'Object Repository/Modulo Tarea Listado Hojas de Vida/Crear Nueva Hoja de Vida/input__hojaVidaseccionj_idt8358j_idt845'

2021-12-15 16:39:36 - [MESSAGE][PASSED] - Text '634564654684' is set on object 'Object Repository/Modulo Tarea Listado Hojas de Vida/Crear Nueva Hoja de Vida/input__hojaVidaseccionj_idt8358j_idt845'

2021-12-15 16:39:36 - [TEST_STEP][PASSED] - setText(findTestObject("Modulo Tarea Listado Hojas de Vida/Crear Nueva Hoja de Vida/input__hojaVidaseccionj_idt8359j_idt845"), "noodle@gmail.com"): Text 'noodle@gmail.com' is set on object 'Object Repository/Modulo Tarea Listado Hojas de Vida/Crear Nueva Hoja de Vida/input__hojaVidaseccionj_idt8359j_idt845'

2021-12-15 16:39:37 - [MESSAGE][PASSED] - Text 'noodle@gmail.com' is set on object 'Object Repository/Modulo Tarea Listado Hojas de Vida/Crear Nueva Hoja de Vida/input__hojaVidaseccionj_idt8359j_idt845'

2021-12-15 16:39:37 - [TEST_STEP][PASSED] - selectOptionByIndex(findTestObject("Modulo Tarea Listado Hojas de Vida/Crear Nueva Hoja de Vida/select_AA-ABAB-BB-OO-"), "7"): All options with index in [7] are selected on object 'Object Repository/Modulo Tarea Listado Hojas de Vida/Crear Nueva Hoja de Vida/select_AA-ABAB-BB-OO-'

2021-12-15 16:39:38 - [MESSAGE][PASSED] - All options with index in [7] are selected on object 'Object Repository/Modulo Tarea Listado Hojas de Vida/Crear Nueva Hoja de Vida/select_AA-ABAB-BB-OO-'

2021-12-15 16:39:38 - [TEST_STEP][PASSED] - waitForElementClickable(findTestObject("Modulo Tarea Listado Hojas de Vida/Crear Nueva Hoja de Vida/a_Continuar"), G_TimeOut): Object 'Object Repository/Modulo Tarea Listado Hojas de Vida/Crear Nueva Hoja de Vida/a_Continuar' is clickable

2021-12-15 16:39:38 - [MESSAGE][PASSED] - Object 'Object Repository/Modulo Tarea Listado Hojas de Vida/Crear Nueva Hoja de Vida/a_Continuar' is clickable

2021-12-15 16:39:38 - [TEST_STEP][PASSED] - click(findTestObject("Modulo Tarea Listado Hojas de Vida/Crear Nueva Hoja de Vida/a_Continuar")): Object: 'Object Repository/Modulo Tarea Listado Hojas de Vida/Crear Nueva Hoja de Vida/a_Continuar' is clicked on

2021-12-15 16:39:39 - [MESSAGE][PASSED] - Object: 'Object Repository/Modulo Tarea Listado Hojas de Vida/Crear Nueva Hoja de Vida/a_Continuar' is clicked on

2021-12-15 16:39:39 - [TEST_STEP][PASSED] - waitForElementClickable(findTestObject("Modulo Tarea Listado Hojas de Vida/Crear Nueva Hoja de Vida/a_Aceptar"), G_TimeOut): Object 'Object Repository/Modulo Tarea Listado Hojas de Vida/Crear Nueva Hoja de Vida/a_Aceptar' is clickable

2021-12-15 16:39:40 - [MESSAGE][PASSED] - Object 'Object Repository/Modulo Tarea Listado Hojas de Vida/Crear Nueva Hoja de Vida/a_Aceptar' is clickable

2021-12-15 16:39:40 - [TEST_STEP][PASSED] - click(findTestObject("Modulo Tarea Listado Hojas de Vida/Crear Nueva Hoja de Vida/a_Aceptar"), STOP_ON_FAILURE): Object: 'Object Repository/Modulo Tarea Listado Hojas de Vida/Crear Nueva Hoja de Vida/a_Aceptar' is clicked on

2021-12-15 16:39:41 - [MESSAGE][PASSED] - Object: 'Object Repository/Modulo Tarea Listado Hojas de Vida/Crear Nueva Hoja de Vida/a_Aceptar' is clicked on

2021-12-15 16:39:41 - [TEST_STEP][PASSED] - return identificacion: null

2021-12-15 16:39:41 - [MESSAGE][PASSED] - Call Test Case 'Test Cases/1.1-Tareas Principales/1.1.1-Crear Nueva Hoja de Vida' successfully]]></system-out>
         <system-err><![CDATA[]]></system-err>
      </testcase>
      <testcase name="Test Cases/2.1-Pruebas_Hoja_de_Vida/2.1.5-Crear_Nueva_Hoja_de_Vida_(adjuntar_documento)" time="19.894" classname="Test Cases/2.1-Pruebas_Hoja_de_Vida/2.1.5-Crear_Nueva_Hoja_de_Vida_(adjuntar_documento)" status="PASSED">
         <system-out><![CDATA[2021-12-15 16:39:41 - [TEST_CASE][PASSED] - Test Cases/2.1-Pruebas_Hoja_de_Vida/2.1.5-Crear_Nueva_Hoja_de_Vida_(adjuntar_documento): Test Cases/2.1-Pruebas_Hoja_de_Vida/2.1.5-Crear_Nueva_Hoja_de_Vida_(adjuntar_documento)

2021-12-15 16:39:41 - [TEST_STEP][PASSED] - callTestCase(findTestCase("0.1-Login"), [:], STOP_ON_FAILURE): Call Test Case 'Test Cases/0.1-Login' successfully

2021-12-15 16:39:41 - [TEST_CASE][PASSED] - Test Cases/0.1-Login: Test Cases/0.1-Login

2021-12-15 16:39:41 - [TEST_STEP][PASSED] - openBrowser(""): Browser is opened with url: ''

2021-12-15 16:39:41 - [MESSAGE][WARNING] - A browser is already opened. Closing browser and opening a new one

2021-12-15 16:39:42 - [MESSAGE][INFO] - Starting 'Chrome' driver

2021-12-15 16:39:42 - [MESSAGE][INFO] - Action delay is set to 0 milliseconds

2021-12-15 16:39:43 - [MESSAGE][PASSED] - Browser is opened with url: ''

2021-12-15 16:39:43 - [TEST_STEP][PASSED] - maximizeWindow(): Current window maximized

2021-12-15 16:39:43 - [MESSAGE][PASSED] - Current window maximized

2021-12-15 16:39:43 - [TEST_STEP][PASSED] - i = G_Login: null

2021-12-15 16:39:43 - [TEST_STEP][PASSED] - url = new java.net.URL(i): null

2021-12-15 16:39:43 - [TEST_STEP][PASSED] - println("URL: " + url.toString()): null

2021-12-15 16:39:43 - [TEST_STEP][PASSED] - connection = url.openConnection(): null

2021-12-15 16:39:43 - [TEST_STEP][PASSED] - connection.setRequestMethod("GET"): null

2021-12-15 16:39:43 - [TEST_STEP][PASSED] - connection.setReadTimeout(2 * 1000): null

2021-12-15 16:39:43 - [TEST_STEP][PASSED] - try: null

2021-12-15 16:39:43 - [TEST_STEP][PASSED] - connection.connect(): null

2021-12-15 16:39:43 - [TEST_STEP][PASSED] - flag = connected: null

2021-12-15 16:39:43 - [TEST_STEP][PASSED] - println("Valor_ori: " + flag): null

2021-12-15 16:39:43 - [TEST_STEP][PASSED] - if (flag): null

2021-12-15 16:39:43 - [TEST_STEP][PASSED] - navigateToUrl(i): Navigate to 'http://192.168.2.80:8380/saraweb' successfully

2021-12-15 16:39:44 - [MESSAGE][PASSED] - Navigate to 'http://192.168.2.80:8380/saraweb' successfully

2021-12-15 16:39:44 - [TEST_STEP][PASSED] - a(): null

2021-12-15 16:39:44 - [TEST_STEP][PASSED] - setText(findTestObject("Login/input_USUARIO_loginusuario"), G_Usuario): Text 'saraadmin' is set on object 'Object Repository/Login/input_USUARIO_loginusuario'

2021-12-15 16:39:45 - [MESSAGE][PASSED] - Text 'saraadmin' is set on object 'Object Repository/Login/input_USUARIO_loginusuario'

2021-12-15 16:39:45 - [TEST_STEP][PASSED] - setEncryptedText(findTestObject("Login/input_CLAVE_loginpassword"), "MkG4/TYiCFC3cb2driP7+Q=="): Text ****** has been set on object 'Object Repository/Login/input_CLAVE_loginpassword'

2021-12-15 16:39:45 - [MESSAGE][PASSED] - Text ****** has been set on object 'Object Repository/Login/input_CLAVE_loginpassword'

2021-12-15 16:39:45 - [TEST_STEP][PASSED] - waitForElementClickable(findTestObject("Login/a_Ingresar"), G_TimeOut): Object 'Object Repository/Login/a_Ingresar' is clickable

2021-12-15 16:39:45 - [MESSAGE][PASSED] - Object 'Object Repository/Login/a_Ingresar' is clickable

2021-12-15 16:39:45 - [TEST_STEP][PASSED] - click(findTestObject("Login/a_Ingresar")): Object: 'Object Repository/Login/a_Ingresar' is clicked on

2021-12-15 16:39:48 - [MESSAGE][PASSED] - Object: 'Object Repository/Login/a_Ingresar' is clicked on

2021-12-15 16:39:48 - [TEST_STEP][PASSED] - element = findWebElement(findTestObject("Login/a_Ir"), 30): null

2021-12-15 16:39:48 - [TEST_STEP][PASSED] - executeJavaScript("arguments[0].click()", Arrays.asList(element)): Execute JavaScript 'arguments[0].click()' successfully

2021-12-15 16:39:48 - [MESSAGE][PASSED] - Execute JavaScript 'arguments[0].click()' successfully

2021-12-15 16:39:48 - [MESSAGE][PASSED] - Call Test Case 'Test Cases/0.1-Login' successfully

2021-12-15 16:39:48 - [TEST_STEP][PASSED] - click(findTestObject("Pruebas_Hoja_de_Vida/Crear_Nueva_Hoja_de_Vida_(adjuntar_documento)/input_Secciones_form_templatej_idt286j_idt29")): Object: 'Object Repository/Pruebas_Hoja_de_Vida/Crear_Nueva_Hoja_de_Vida_(adjuntar_documento)/input_Secciones_form_templatej_idt286j_idt29' is clicked on

2021-12-15 16:39:50 - [MESSAGE][PASSED] - Object: 'Object Repository/Pruebas_Hoja_de_Vida/Crear_Nueva_Hoja_de_Vida_(adjuntar_documento)/input_Secciones_form_templatej_idt286j_idt29' is clicked on

2021-12-15 16:39:50 - [TEST_STEP][PASSED] - click(findTestObject("Pruebas_Hoja_de_Vida/Crear_Nueva_Hoja_de_Vida_(adjuntar_documento)/a_ADMINISTRADOR DEL SISTEMA - SARA_cerrar_menu")): Object: 'Object Repository/Pruebas_Hoja_de_Vida/Crear_Nueva_Hoja_de_Vida_(adjuntar_documento)/a_ADMINISTRADOR DEL SISTEMA - SARA_cerrar_menu' is clicked on

2021-12-15 16:39:50 - [MESSAGE][PASSED] - Object: 'Object Repository/Pruebas_Hoja_de_Vida/Crear_Nueva_Hoja_de_Vida_(adjuntar_documento)/a_ADMINISTRADOR DEL SISTEMA - SARA_cerrar_menu' is clicked on

2021-12-15 16:39:50 - [TEST_STEP][PASSED] - waitForElementClickable(findTestObject("Pruebas_Hoja_de_Vida/Crear_Nueva_Hoja_de_Vida_(adjuntar_documento)/label_Nueva Hoja Vida"), 0): Object 'Object Repository/Pruebas_Hoja_de_Vida/Crear_Nueva_Hoja_de_Vida_(adjuntar_documento)/label_Nueva Hoja Vida' is clickable

2021-12-15 16:39:50 - [MESSAGE][WARNING] - Timeout '0' is invalid. Using default page load timeout: '30'

2021-12-15 16:39:50 - [MESSAGE][PASSED] - Object 'Object Repository/Pruebas_Hoja_de_Vida/Crear_Nueva_Hoja_de_Vida_(adjuntar_documento)/label_Nueva Hoja Vida' is clickable

2021-12-15 16:39:50 - [TEST_STEP][PASSED] - click(findTestObject("Pruebas_Hoja_de_Vida/Crear_Nueva_Hoja_de_Vida_(adjuntar_documento)/label_Nueva Hoja Vida")): Object: 'Object Repository/Pruebas_Hoja_de_Vida/Crear_Nueva_Hoja_de_Vida_(adjuntar_documento)/label_Nueva Hoja Vida' is clicked on

2021-12-15 16:39:51 - [MESSAGE][PASSED] - Object: 'Object Repository/Pruebas_Hoja_de_Vida/Crear_Nueva_Hoja_de_Vida_(adjuntar_documento)/label_Nueva Hoja Vida' is clicked on

2021-12-15 16:39:51 - [TEST_STEP][PASSED] - waitForElementClickable(findTestObject("Pruebas_Hoja_de_Vida/Crear_Nueva_Hoja_de_Vida_(adjuntar_documento)/a_Listado Hojas de Vida"), 0): Object 'Object Repository/Pruebas_Hoja_de_Vida/Crear_Nueva_Hoja_de_Vida_(adjuntar_documento)/a_Listado Hojas de Vida' is clickable

2021-12-15 16:39:51 - [MESSAGE][WARNING] - Timeout '0' is invalid. Using default page load timeout: '30'

2021-12-15 16:39:51 - [MESSAGE][PASSED] - Object 'Object Repository/Pruebas_Hoja_de_Vida/Crear_Nueva_Hoja_de_Vida_(adjuntar_documento)/a_Listado Hojas de Vida' is clickable

2021-12-15 16:39:51 - [TEST_STEP][PASSED] - click(findTestObject("Pruebas_Hoja_de_Vida/Crear_Nueva_Hoja_de_Vida_(adjuntar_documento)/a_Listado Hojas de Vida")): Object: 'Object Repository/Pruebas_Hoja_de_Vida/Crear_Nueva_Hoja_de_Vida_(adjuntar_documento)/a_Listado Hojas de Vida' is clicked on

2021-12-15 16:39:51 - [MESSAGE][PASSED] - Object: 'Object Repository/Pruebas_Hoja_de_Vida/Crear_Nueva_Hoja_de_Vida_(adjuntar_documento)/a_Listado Hojas de Vida' is clicked on

2021-12-15 16:39:51 - [TEST_STEP][PASSED] - setText(findTestObject("Pruebas_Hoja_de_Vida/Crear_Nueva_Hoja_de_Vida_(adjuntar_documento)/input_Identificacin_listado_hojaVidaj_idt63"), "355682169"): Text '355682169' is set on object 'Object Repository/Pruebas_Hoja_de_Vida/Crear_Nueva_Hoja_de_Vida_(adjuntar_documento)/input_Identificacin_listado_hojaVidaj_idt63'

2021-12-15 16:39:54 - [MESSAGE][PASSED] - Text '355682169' is set on object 'Object Repository/Pruebas_Hoja_de_Vida/Crear_Nueva_Hoja_de_Vida_(adjuntar_documento)/input_Identificacin_listado_hojaVidaj_idt63'

2021-12-15 16:39:54 - [TEST_STEP][PASSED] - sendKeys(findTestObject("Pruebas_Hoja_de_Vida/Crear_Nueva_Hoja_de_Vida_(adjuntar_documento)/input_Identificacin_listado_hojaVidaj_idt63"), Keys.chord(ENTER)): Keys 'ENTER + ' sent to object: 'Object Repository/Pruebas_Hoja_de_Vida/Crear_Nueva_Hoja_de_Vida_(adjuntar_documento)/input_Identificacin_listado_hojaVidaj_idt63'

2021-12-15 16:39:54 - [MESSAGE][PASSED] - Keys 'ENTER + ' sent to object: 'Object Repository/Pruebas_Hoja_de_Vida/Crear_Nueva_Hoja_de_Vida_(adjuntar_documento)/input_Identificacin_listado_hojaVidaj_idt63'

2021-12-15 16:39:54 - [TEST_STEP][PASSED] - click(findTestObject("Pruebas_Hoja_de_Vida/Crear_Nueva_Hoja_de_Vida_(adjuntar_documento)/td_355682169")): Object: 'Object Repository/Pruebas_Hoja_de_Vida/Crear_Nueva_Hoja_de_Vida_(adjuntar_documento)/td_355682169' is clicked on

2021-12-15 16:39:54 - [MESSAGE][PASSED] - Object: 'Object Repository/Pruebas_Hoja_de_Vida/Crear_Nueva_Hoja_de_Vida_(adjuntar_documento)/td_355682169' is clicked on

2021-12-15 16:39:54 - [TEST_STEP][PASSED] - click(findTestObject("Pruebas_Hoja_de_Vida/Crear_Nueva_Hoja_de_Vida_(adjuntar_documento)/a_Adjuntar Archivo")): Object: 'Object Repository/Pruebas_Hoja_de_Vida/Crear_Nueva_Hoja_de_Vida_(adjuntar_documento)/a_Adjuntar Archivo' is clicked on

2021-12-15 16:39:55 - [MESSAGE][PASSED] - Object: 'Object Repository/Pruebas_Hoja_de_Vida/Crear_Nueva_Hoja_de_Vida_(adjuntar_documento)/a_Adjuntar Archivo' is clicked on

2021-12-15 16:39:55 - [TEST_STEP][PASSED] - click(findTestObject("Pruebas_Hoja_de_Vida/Crear_Nueva_Hoja_de_Vida_(adjuntar_documento)/a_nuevo")): Object: 'Object Repository/Pruebas_Hoja_de_Vida/Crear_Nueva_Hoja_de_Vida_(adjuntar_documento)/a_nuevo' is clicked on

2021-12-15 16:39:56 - [MESSAGE][PASSED] - Object: 'Object Repository/Pruebas_Hoja_de_Vida/Crear_Nueva_Hoja_de_Vida_(adjuntar_documento)/a_nuevo' is clicked on

2021-12-15 16:39:56 - [TEST_STEP][PASSED] - setText(findTestObject("Pruebas_Hoja_de_Vida/Crear_Nueva_Hoja_de_Vida_(adjuntar_documento)/input_Descripcin_hojaVidasecciondescripcion"), "prueba"): Text 'prueba' is set on object 'Object Repository/Pruebas_Hoja_de_Vida/Crear_Nueva_Hoja_de_Vida_(adjuntar_documento)/input_Descripcin_hojaVidasecciondescripcion'

2021-12-15 16:39:57 - [MESSAGE][PASSED] - Text 'prueba' is set on object 'Object Repository/Pruebas_Hoja_de_Vida/Crear_Nueva_Hoja_de_Vida_(adjuntar_documento)/input_Descripcin_hojaVidasecciondescripcion'

2021-12-15 16:39:57 - [TEST_STEP][PASSED] - click(findTestObject("Pruebas_Hoja_de_Vida/Crear_Nueva_Hoja_de_Vida_(adjuntar_documento)/a_Continuar")): Object: 'Object Repository/Pruebas_Hoja_de_Vida/Crear_Nueva_Hoja_de_Vida_(adjuntar_documento)/a_Continuar' is clicked on

2021-12-15 16:39:57 - [MESSAGE][PASSED] - Object: 'Object Repository/Pruebas_Hoja_de_Vida/Crear_Nueva_Hoja_de_Vida_(adjuntar_documento)/a_Continuar' is clicked on

2021-12-15 16:39:57 - [TEST_STEP][PASSED] - ruta = G_rutaarchivos + "HojaDeVida.txt": null

2021-12-15 16:39:57 - [TEST_STEP][PASSED] - uploadFile(findTestObject("Pruebas_Hoja_de_Vida/Crear_Nueva_Hoja_de_Vida_(adjuntar_documento)/input_Cargar Archivo_popupCargarArchivoForminputFileName_input"), ruta): File 'E:\unionweb14\HojaDeVida.txt' sent to object: 'Object Repository/Pruebas_Hoja_de_Vida/Crear_Nueva_Hoja_de_Vida_(adjuntar_documento)/input_Cargar Archivo_popupCargarArchivoForminputFileName_input'

2021-12-15 16:39:58 - [MESSAGE][PASSED] - File 'E:\unionweb14\HojaDeVida.txt' sent to object: 'Object Repository/Pruebas_Hoja_de_Vida/Crear_Nueva_Hoja_de_Vida_(adjuntar_documento)/input_Cargar Archivo_popupCargarArchivoForminputFileName_input'

2021-12-15 16:39:58 - [TEST_STEP][PASSED] - waitForElementClickable(findTestObject("Pruebas_Hoja_de_Vida/Crear_Nueva_Hoja_de_Vida_(adjuntar_documento)/td_prueba"), 0): Object 'Object Repository/Pruebas_Hoja_de_Vida/Crear_Nueva_Hoja_de_Vida_(adjuntar_documento)/td_prueba' is clickable

2021-12-15 16:39:58 - [MESSAGE][WARNING] - Timeout '0' is invalid. Using default page load timeout: '30'

2021-12-15 16:39:59 - [MESSAGE][PASSED] - Object 'Object Repository/Pruebas_Hoja_de_Vida/Crear_Nueva_Hoja_de_Vida_(adjuntar_documento)/td_prueba' is clickable

2021-12-15 16:39:59 - [TEST_STEP][PASSED] - click(findTestObject("Pruebas_Hoja_de_Vida/Crear_Nueva_Hoja_de_Vida_(adjuntar_documento)/td_prueba")): Object: 'Object Repository/Pruebas_Hoja_de_Vida/Crear_Nueva_Hoja_de_Vida_(adjuntar_documento)/td_prueba' is clicked on

2021-12-15 16:39:59 - [MESSAGE][PASSED] - Object: 'Object Repository/Pruebas_Hoja_de_Vida/Crear_Nueva_Hoja_de_Vida_(adjuntar_documento)/td_prueba' is clicked on

2021-12-15 16:39:59 - [TEST_STEP][PASSED] - click(findTestObject("Pruebas_Hoja_de_Vida/Crear_Nueva_Hoja_de_Vida_(adjuntar_documento)/a_Eliminar")): Object: 'Object Repository/Pruebas_Hoja_de_Vida/Crear_Nueva_Hoja_de_Vida_(adjuntar_documento)/a_Eliminar' is clicked on

2021-12-15 16:40:00 - [MESSAGE][PASSED] - Object: 'Object Repository/Pruebas_Hoja_de_Vida/Crear_Nueva_Hoja_de_Vida_(adjuntar_documento)/a_Eliminar' is clicked on

2021-12-15 16:40:00 - [TEST_STEP][PASSED] - closeBrowser(): Browser is closed

2021-12-15 16:40:00 - [MESSAGE][PASSED] - Browser is closed]]></system-out>
         <system-err><![CDATA[]]></system-err>
      </testcase>
      <testcase name="Test Cases/2.1-Pruebas_Hoja_de_Vida/2.1.6-Impresión_Hoja_Vida_Plantilla" time="18.578" classname="Test Cases/2.1-Pruebas_Hoja_de_Vida/2.1.6-Impresión_Hoja_Vida_Plantilla" status="PASSED">
         <system-out><![CDATA[2021-12-15 16:40:00 - [TEST_CASE][PASSED] - Test Cases/2.1-Pruebas_Hoja_de_Vida/2.1.6-Impresión_Hoja_Vida_Plantilla: Test Cases/2.1-Pruebas_Hoja_de_Vida/2.1.6-Impresión_Hoja_Vida_Plantilla

2021-12-15 16:40:01 - [TEST_STEP][PASSED] - callTestCase(findTestCase("0.1-Login"), [:], STOP_ON_FAILURE): Call Test Case 'Test Cases/0.1-Login' successfully

2021-12-15 16:40:01 - [TEST_CASE][PASSED] - Test Cases/0.1-Login: Test Cases/0.1-Login

2021-12-15 16:40:01 - [TEST_STEP][PASSED] - openBrowser(""): Browser is opened with url: ''

2021-12-15 16:40:01 - [MESSAGE][INFO] - Starting 'Chrome' driver

2021-12-15 16:40:01 - [MESSAGE][INFO] - Action delay is set to 0 milliseconds

2021-12-15 16:40:02 - [MESSAGE][PASSED] - Browser is opened with url: ''

2021-12-15 16:40:02 - [TEST_STEP][PASSED] - maximizeWindow(): Current window maximized

2021-12-15 16:40:02 - [MESSAGE][PASSED] - Current window maximized

2021-12-15 16:40:02 - [TEST_STEP][PASSED] - i = G_Login: null

2021-12-15 16:40:02 - [TEST_STEP][PASSED] - url = new java.net.URL(i): null

2021-12-15 16:40:02 - [TEST_STEP][PASSED] - println("URL: " + url.toString()): null

2021-12-15 16:40:02 - [TEST_STEP][PASSED] - connection = url.openConnection(): null

2021-12-15 16:40:02 - [TEST_STEP][PASSED] - connection.setRequestMethod("GET"): null

2021-12-15 16:40:02 - [TEST_STEP][PASSED] - connection.setReadTimeout(2 * 1000): null

2021-12-15 16:40:02 - [TEST_STEP][PASSED] - try: null

2021-12-15 16:40:02 - [TEST_STEP][PASSED] - connection.connect(): null

2021-12-15 16:40:02 - [TEST_STEP][PASSED] - flag = connected: null

2021-12-15 16:40:02 - [TEST_STEP][PASSED] - println("Valor_ori: " + flag): null

2021-12-15 16:40:02 - [TEST_STEP][PASSED] - if (flag): null

2021-12-15 16:40:02 - [TEST_STEP][PASSED] - navigateToUrl(i): Navigate to 'http://192.168.2.80:8380/saraweb' successfully

2021-12-15 16:40:03 - [MESSAGE][PASSED] - Navigate to 'http://192.168.2.80:8380/saraweb' successfully

2021-12-15 16:40:03 - [TEST_STEP][PASSED] - a(): null

2021-12-15 16:40:03 - [TEST_STEP][PASSED] - setText(findTestObject("Login/input_USUARIO_loginusuario"), G_Usuario): Text 'saraadmin' is set on object 'Object Repository/Login/input_USUARIO_loginusuario'

2021-12-15 16:40:04 - [MESSAGE][PASSED] - Text 'saraadmin' is set on object 'Object Repository/Login/input_USUARIO_loginusuario'

2021-12-15 16:40:04 - [TEST_STEP][PASSED] - setEncryptedText(findTestObject("Login/input_CLAVE_loginpassword"), "MkG4/TYiCFC3cb2driP7+Q=="): Text ****** has been set on object 'Object Repository/Login/input_CLAVE_loginpassword'

2021-12-15 16:40:04 - [MESSAGE][PASSED] - Text ****** has been set on object 'Object Repository/Login/input_CLAVE_loginpassword'

2021-12-15 16:40:04 - [TEST_STEP][PASSED] - waitForElementClickable(findTestObject("Login/a_Ingresar"), G_TimeOut): Object 'Object Repository/Login/a_Ingresar' is clickable

2021-12-15 16:40:05 - [MESSAGE][PASSED] - Object 'Object Repository/Login/a_Ingresar' is clickable

2021-12-15 16:40:05 - [TEST_STEP][PASSED] - click(findTestObject("Login/a_Ingresar")): Object: 'Object Repository/Login/a_Ingresar' is clicked on

2021-12-15 16:40:05 - [MESSAGE][PASSED] - Object: 'Object Repository/Login/a_Ingresar' is clicked on

2021-12-15 16:40:05 - [TEST_STEP][PASSED] - element = findWebElement(findTestObject("Login/a_Ir"), 30): null

2021-12-15 16:40:06 - [TEST_STEP][PASSED] - executeJavaScript("arguments[0].click()", Arrays.asList(element)): Execute JavaScript 'arguments[0].click()' successfully

2021-12-15 16:40:06 - [MESSAGE][PASSED] - Execute JavaScript 'arguments[0].click()' successfully

2021-12-15 16:40:06 - [MESSAGE][PASSED] - Call Test Case 'Test Cases/0.1-Login' successfully

2021-12-15 16:40:06 - [TEST_STEP][PASSED] - click(findTestObject("Pruebas_Hoja_de_Vida/Impresión_Hoja_Vida_Plantilla/input_Secciones_form_templatej_idt286j_idt29")): Object: 'Object Repository/Pruebas_Hoja_de_Vida/Impresión_Hoja_Vida_Plantilla/input_Secciones_form_templatej_idt286j_idt29' is clicked on

2021-12-15 16:40:07 - [MESSAGE][PASSED] - Object: 'Object Repository/Pruebas_Hoja_de_Vida/Impresión_Hoja_Vida_Plantilla/input_Secciones_form_templatej_idt286j_idt29' is clicked on

2021-12-15 16:40:07 - [TEST_STEP][PASSED] - click(findTestObject("Pruebas_Hoja_de_Vida/Impresión_Hoja_Vida_Plantilla/a_ADMINISTRADOR DEL SISTEMA - SARA_cerrar_menu")): Object: 'Object Repository/Pruebas_Hoja_de_Vida/Impresión_Hoja_Vida_Plantilla/a_ADMINISTRADOR DEL SISTEMA - SARA_cerrar_menu' is clicked on

2021-12-15 16:40:08 - [MESSAGE][PASSED] - Object: 'Object Repository/Pruebas_Hoja_de_Vida/Impresión_Hoja_Vida_Plantilla/a_ADMINISTRADOR DEL SISTEMA - SARA_cerrar_menu' is clicked on

2021-12-15 16:40:08 - [TEST_STEP][PASSED] - click(findTestObject("Pruebas_Hoja_de_Vida/Impresión_Hoja_Vida_Plantilla/label_Nueva Hoja Vida")): Object: 'Object Repository/Pruebas_Hoja_de_Vida/Impresión_Hoja_Vida_Plantilla/label_Nueva Hoja Vida' is clicked on

2021-12-15 16:40:08 - [MESSAGE][PASSED] - Object: 'Object Repository/Pruebas_Hoja_de_Vida/Impresión_Hoja_Vida_Plantilla/label_Nueva Hoja Vida' is clicked on

2021-12-15 16:40:08 - [TEST_STEP][PASSED] - waitForElementClickable(findTestObject("Pruebas_Hoja_de_Vida/Impresión_Hoja_Vida_Plantilla/a_Listado Hojas de Vida"), 0): Object 'Object Repository/Pruebas_Hoja_de_Vida/Impresión_Hoja_Vida_Plantilla/a_Listado Hojas de Vida' is clickable

2021-12-15 16:40:08 - [MESSAGE][WARNING] - Timeout '0' is invalid. Using default page load timeout: '30'

2021-12-15 16:40:09 - [MESSAGE][PASSED] - Object 'Object Repository/Pruebas_Hoja_de_Vida/Impresión_Hoja_Vida_Plantilla/a_Listado Hojas de Vida' is clickable

2021-12-15 16:40:09 - [TEST_STEP][PASSED] - click(findTestObject("Pruebas_Hoja_de_Vida/Impresión_Hoja_Vida_Plantilla/a_Listado Hojas de Vida")): Object: 'Object Repository/Pruebas_Hoja_de_Vida/Impresión_Hoja_Vida_Plantilla/a_Listado Hojas de Vida' is clicked on

2021-12-15 16:40:09 - [MESSAGE][PASSED] - Object: 'Object Repository/Pruebas_Hoja_de_Vida/Impresión_Hoja_Vida_Plantilla/a_Listado Hojas de Vida' is clicked on

2021-12-15 16:40:09 - [TEST_STEP][PASSED] - waitForElementClickable(findTestObject("Pruebas_Hoja_de_Vida/Impresión_Hoja_Vida_Plantilla/input_Identificacin_listado_hojaVidaj_idt63"), 0): Object 'Object Repository/Pruebas_Hoja_de_Vida/Impresión_Hoja_Vida_Plantilla/input_Identificacin_listado_hojaVidaj_idt63' is clickable

2021-12-15 16:40:09 - [MESSAGE][WARNING] - Timeout '0' is invalid. Using default page load timeout: '30'

2021-12-15 16:40:11 - [MESSAGE][PASSED] - Object 'Object Repository/Pruebas_Hoja_de_Vida/Impresión_Hoja_Vida_Plantilla/input_Identificacin_listado_hojaVidaj_idt63' is clickable

2021-12-15 16:40:11 - [TEST_STEP][PASSED] - setText(findTestObject("Pruebas_Hoja_de_Vida/Impresión_Hoja_Vida_Plantilla/input_Identificacin_listado_hojaVidaj_idt63"), "355682169"): Text '355682169' is set on object 'Object Repository/Pruebas_Hoja_de_Vida/Impresión_Hoja_Vida_Plantilla/input_Identificacin_listado_hojaVidaj_idt63'

2021-12-15 16:40:12 - [MESSAGE][PASSED] - Text '355682169' is set on object 'Object Repository/Pruebas_Hoja_de_Vida/Impresión_Hoja_Vida_Plantilla/input_Identificacin_listado_hojaVidaj_idt63'

2021-12-15 16:40:12 - [TEST_STEP][PASSED] - sendKeys(findTestObject("Pruebas_Hoja_de_Vida/Impresión_Hoja_Vida_Plantilla/input_Identificacin_listado_hojaVidaj_idt63"), Keys.chord(ENTER)): Keys 'ENTER + ' sent to object: 'Object Repository/Pruebas_Hoja_de_Vida/Impresión_Hoja_Vida_Plantilla/input_Identificacin_listado_hojaVidaj_idt63'

2021-12-15 16:40:12 - [MESSAGE][PASSED] - Keys 'ENTER + ' sent to object: 'Object Repository/Pruebas_Hoja_de_Vida/Impresión_Hoja_Vida_Plantilla/input_Identificacin_listado_hojaVidaj_idt63'

2021-12-15 16:40:12 - [TEST_STEP][PASSED] - click(findTestObject("Pruebas_Hoja_de_Vida/Impresión_Hoja_Vida_Plantilla/td_355682169")): Object: 'Object Repository/Pruebas_Hoja_de_Vida/Impresión_Hoja_Vida_Plantilla/td_355682169' is clicked on

2021-12-15 16:40:13 - [MESSAGE][PASSED] - Object: 'Object Repository/Pruebas_Hoja_de_Vida/Impresión_Hoja_Vida_Plantilla/td_355682169' is clicked on

2021-12-15 16:40:13 - [TEST_STEP][PASSED] - click(findTestObject("Pruebas_Hoja_de_Vida/Impresión_Hoja_Vida_Plantilla/a_Generar")): Object: 'Object Repository/Pruebas_Hoja_de_Vida/Impresión_Hoja_Vida_Plantilla/a_Generar' is clicked on

2021-12-15 16:40:14 - [MESSAGE][PASSED] - Object: 'Object Repository/Pruebas_Hoja_de_Vida/Impresión_Hoja_Vida_Plantilla/a_Generar' is clicked on

2021-12-15 16:40:14 - [TEST_STEP][PASSED] - click(findTestObject("Pruebas_Hoja_de_Vida/Impresión_Hoja_Vida_Plantilla/td_espaol impresion empleado")): Object: 'Object Repository/Pruebas_Hoja_de_Vida/Impresión_Hoja_Vida_Plantilla/td_espaol impresion empleado' is clicked on

2021-12-15 16:40:15 - [MESSAGE][PASSED] - Object: 'Object Repository/Pruebas_Hoja_de_Vida/Impresión_Hoja_Vida_Plantilla/td_espaol impresion empleado' is clicked on

2021-12-15 16:40:15 - [TEST_STEP][PASSED] - click(findTestObject("Pruebas_Hoja_de_Vida/Impresión_Hoja_Vida_Plantilla/a_Descargar")): Object: 'Object Repository/Pruebas_Hoja_de_Vida/Impresión_Hoja_Vida_Plantilla/a_Descargar' is clicked on

2021-12-15 16:40:16 - [MESSAGE][PASSED] - Object: 'Object Repository/Pruebas_Hoja_de_Vida/Impresión_Hoja_Vida_Plantilla/a_Descargar' is clicked on

2021-12-15 16:40:16 - [TEST_STEP][PASSED] - delay(2): Delayed 2 second(s)

2021-12-15 16:40:18 - [MESSAGE][PASSED] - Delayed 2 second(s)

2021-12-15 16:40:18 - [TEST_STEP][PASSED] - closeBrowser(): Browser is closed

2021-12-15 16:40:19 - [MESSAGE][PASSED] - Browser is closed]]></system-out>
         <system-err><![CDATA[]]></system-err>
      </testcase>
      <testcase name="Test Cases/2.1-Pruebas_Hoja_de_Vida/2.1.7-Impresión_Hoja_Vida_Función_Pública" time="41.153" classname="Test Cases/2.1-Pruebas_Hoja_de_Vida/2.1.7-Impresión_Hoja_Vida_Función_Pública" status="PASSED">
         <system-out><![CDATA[2021-12-15 16:40:19 - [TEST_CASE][PASSED] - Test Cases/2.1-Pruebas_Hoja_de_Vida/2.1.7-Impresión_Hoja_Vida_Función_Pública: Test Cases/2.1-Pruebas_Hoja_de_Vida/2.1.7-Impresión_Hoja_Vida_Función_Pública

2021-12-15 16:40:19 - [TEST_STEP][PASSED] - callTestCase(findTestCase("1.1-Tareas Principales/1.1.2-Imprimir Hoja de Vida"), [:], STOP_ON_FAILURE): Call Test Case 'Test Cases/1.1-Tareas Principales/1.1.2-Imprimir Hoja de Vida' successfully

2021-12-15 16:40:19 - [TEST_CASE][PASSED] - Test Cases/1.1-Tareas Principales/1.1.2-Imprimir Hoja de Vida: Test Cases/1.1-Tareas Principales/1.1.2-Imprimir Hoja de Vida

2021-12-15 16:40:20 - [TEST_STEP][PASSED] - callTestCase(findTestCase("1.1-Tareas Principales/Listado hojas de Vida"), [:], STOP_ON_FAILURE): Call Test Case 'Test Cases/1.1-Tareas Principales/Listado hojas de Vida' successfully

2021-12-15 16:40:20 - [TEST_CASE][PASSED] - Test Cases/1.1-Tareas Principales/Listado hojas de Vida: Test Cases/1.1-Tareas Principales/Listado hojas de Vida

2021-12-15 16:40:20 - [TEST_STEP][PASSED] - callTestCase(findTestCase("0.1-Login"), [:], STOP_ON_FAILURE): Call Test Case 'Test Cases/0.1-Login' successfully

2021-12-15 16:40:20 - [TEST_CASE][PASSED] - Test Cases/0.1-Login: Test Cases/0.1-Login

2021-12-15 16:40:20 - [TEST_STEP][PASSED] - openBrowser(""): Browser is opened with url: ''

2021-12-15 16:40:20 - [MESSAGE][INFO] - Starting 'Chrome' driver

2021-12-15 16:40:20 - [MESSAGE][INFO] - Action delay is set to 0 milliseconds

2021-12-15 16:40:22 - [MESSAGE][PASSED] - Browser is opened with url: ''

2021-12-15 16:40:22 - [TEST_STEP][PASSED] - maximizeWindow(): Current window maximized

2021-12-15 16:40:22 - [MESSAGE][PASSED] - Current window maximized

2021-12-15 16:40:22 - [TEST_STEP][PASSED] - i = G_Login: null

2021-12-15 16:40:22 - [TEST_STEP][PASSED] - url = new java.net.URL(i): null

2021-12-15 16:40:22 - [TEST_STEP][PASSED] - println("URL: " + url.toString()): null

2021-12-15 16:40:22 - [TEST_STEP][PASSED] - connection = url.openConnection(): null

2021-12-15 16:40:22 - [TEST_STEP][PASSED] - connection.setRequestMethod("GET"): null

2021-12-15 16:40:22 - [TEST_STEP][PASSED] - connection.setReadTimeout(2 * 1000): null

2021-12-15 16:40:22 - [TEST_STEP][PASSED] - try: null

2021-12-15 16:40:22 - [TEST_STEP][PASSED] - connection.connect(): null

2021-12-15 16:40:22 - [TEST_STEP][PASSED] - flag = connected: null

2021-12-15 16:40:22 - [TEST_STEP][PASSED] - println("Valor_ori: " + flag): null

2021-12-15 16:40:22 - [TEST_STEP][PASSED] - if (flag): null

2021-12-15 16:40:22 - [TEST_STEP][PASSED] - navigateToUrl(i): Navigate to 'http://192.168.2.80:8380/saraweb' successfully

2021-12-15 16:40:22 - [MESSAGE][PASSED] - Navigate to 'http://192.168.2.80:8380/saraweb' successfully

2021-12-15 16:40:22 - [TEST_STEP][PASSED] - a(): null

2021-12-15 16:40:22 - [TEST_STEP][PASSED] - setText(findTestObject("Login/input_USUARIO_loginusuario"), G_Usuario): Text 'saraadmin' is set on object 'Object Repository/Login/input_USUARIO_loginusuario'

2021-12-15 16:40:23 - [MESSAGE][PASSED] - Text 'saraadmin' is set on object 'Object Repository/Login/input_USUARIO_loginusuario'

2021-12-15 16:40:23 - [TEST_STEP][PASSED] - setEncryptedText(findTestObject("Login/input_CLAVE_loginpassword"), "MkG4/TYiCFC3cb2driP7+Q=="): Text ****** has been set on object 'Object Repository/Login/input_CLAVE_loginpassword'

2021-12-15 16:40:23 - [MESSAGE][PASSED] - Text ****** has been set on object 'Object Repository/Login/input_CLAVE_loginpassword'

2021-12-15 16:40:23 - [TEST_STEP][PASSED] - waitForElementClickable(findTestObject("Login/a_Ingresar"), G_TimeOut): Object 'Object Repository/Login/a_Ingresar' is clickable

2021-12-15 16:40:24 - [MESSAGE][PASSED] - Object 'Object Repository/Login/a_Ingresar' is clickable

2021-12-15 16:40:24 - [TEST_STEP][PASSED] - click(findTestObject("Login/a_Ingresar")): Object: 'Object Repository/Login/a_Ingresar' is clicked on

2021-12-15 16:40:25 - [MESSAGE][PASSED] - Object: 'Object Repository/Login/a_Ingresar' is clicked on

2021-12-15 16:40:25 - [TEST_STEP][PASSED] - element = findWebElement(findTestObject("Login/a_Ir"), 30): null

2021-12-15 16:40:25 - [TEST_STEP][PASSED] - executeJavaScript("arguments[0].click()", Arrays.asList(element)): Execute JavaScript 'arguments[0].click()' successfully

2021-12-15 16:40:25 - [MESSAGE][PASSED] - Execute JavaScript 'arguments[0].click()' successfully

2021-12-15 16:40:25 - [MESSAGE][PASSED] - Call Test Case 'Test Cases/0.1-Login' successfully

2021-12-15 16:40:25 - [TEST_STEP][PASSED] - waitForElementClickable(findTestObject("Modulo Tarea Listado Hojas de Vida/Tareas Listado Hojas de Vida/input_Listado Hojas De Vida_form_templatej_idt24_input"), G_TimeOut): Object 'Object Repository/Modulo Tarea Listado Hojas de Vida/Tareas Listado Hojas de Vida/input_Listado Hojas De Vida_form_templatej_idt24_input' is clickable

2021-12-15 16:40:26 - [MESSAGE][PASSED] - Object 'Object Repository/Modulo Tarea Listado Hojas de Vida/Tareas Listado Hojas de Vida/input_Listado Hojas De Vida_form_templatej_idt24_input' is clickable

2021-12-15 16:40:26 - [TEST_STEP][PASSED] - setText(findTestObject("Modulo Tarea Listado Hojas de Vida/Tareas Listado Hojas de Vida/input_Listado Hojas De Vida_form_templatej_idt24_input"), "Listado Hojas de Vida"): Text 'Listado Hojas de Vida' is set on object 'Object Repository/Modulo Tarea Listado Hojas de Vida/Tareas Listado Hojas de Vida/input_Listado Hojas De Vida_form_templatej_idt24_input'

2021-12-15 16:40:27 - [MESSAGE][PASSED] - Text 'Listado Hojas de Vida' is set on object 'Object Repository/Modulo Tarea Listado Hojas de Vida/Tareas Listado Hojas de Vida/input_Listado Hojas De Vida_form_templatej_idt24_input'

2021-12-15 16:40:27 - [TEST_STEP][PASSED] - delay(3): Delayed 3 second(s)

2021-12-15 16:40:30 - [MESSAGE][PASSED] - Delayed 3 second(s)

2021-12-15 16:40:30 - [TEST_STEP][PASSED] - sendKeys(findTestObject("Modulo Tarea Listado Hojas de Vida/Tareas Listado Hojas de Vida/input_Listado Hojas De Vida_form_templatej_idt24_input"), Keys.chord(ENTER)): Keys 'ENTER + ' sent to object: 'Object Repository/Modulo Tarea Listado Hojas de Vida/Tareas Listado Hojas de Vida/input_Listado Hojas De Vida_form_templatej_idt24_input'

2021-12-15 16:40:30 - [MESSAGE][PASSED] - Keys 'ENTER + ' sent to object: 'Object Repository/Modulo Tarea Listado Hojas de Vida/Tareas Listado Hojas de Vida/input_Listado Hojas De Vida_form_templatej_idt24_input'

2021-12-15 16:40:30 - [MESSAGE][PASSED] - Call Test Case 'Test Cases/1.1-Tareas Principales/Listado hojas de Vida' successfully

2021-12-15 16:40:30 - [TEST_STEP][PASSED] - waitForElementClickable(findTestObject("Modulo Tarea Listado Hojas de Vida/Imprimir Hoja de Vida/input_Identificacin_listado_hojaVidaj_idt62"), G_TimeOut): Object 'Object Repository/Modulo Tarea Listado Hojas de Vida/Imprimir Hoja de Vida/input_Identificacin_listado_hojaVidaj_idt62' is clickable

2021-12-15 16:40:33 - [MESSAGE][PASSED] - Object 'Object Repository/Modulo Tarea Listado Hojas de Vida/Imprimir Hoja de Vida/input_Identificacin_listado_hojaVidaj_idt62' is clickable

2021-12-15 16:40:33 - [TEST_STEP][PASSED] - setText(findTestObject("Modulo Tarea Listado Hojas de Vida/Imprimir Hoja de Vida/input_Identificacin_listado_hojaVidaj_idt62"), "355682169"): Text '355682169' is set on object 'Object Repository/Modulo Tarea Listado Hojas de Vida/Imprimir Hoja de Vida/input_Identificacin_listado_hojaVidaj_idt62'

2021-12-15 16:40:33 - [MESSAGE][PASSED] - Text '355682169' is set on object 'Object Repository/Modulo Tarea Listado Hojas de Vida/Imprimir Hoja de Vida/input_Identificacin_listado_hojaVidaj_idt62'

2021-12-15 16:40:33 - [TEST_STEP][PASSED] - sendKeys(findTestObject("Modulo Tarea Listado Hojas de Vida/Imprimir Hoja de Vida/input_Identificacin_listado_hojaVidaj_idt62"), Keys.chord(ENTER)): Keys 'ENTER + ' sent to object: 'Object Repository/Modulo Tarea Listado Hojas de Vida/Imprimir Hoja de Vida/input_Identificacin_listado_hojaVidaj_idt62'

2021-12-15 16:40:34 - [MESSAGE][PASSED] - Keys 'ENTER + ' sent to object: 'Object Repository/Modulo Tarea Listado Hojas de Vida/Imprimir Hoja de Vida/input_Identificacin_listado_hojaVidaj_idt62'

2021-12-15 16:40:34 - [TEST_STEP][PASSED] - waitForElementClickable(findTestObject("Modulo Tarea Listado Hojas de Vida/Imprimir Hoja de Vida/td_355682169"), G_TimeOut): Object 'Object Repository/Modulo Tarea Listado Hojas de Vida/Imprimir Hoja de Vida/td_355682169' is clickable

2021-12-15 16:40:34 - [MESSAGE][PASSED] - Object 'Object Repository/Modulo Tarea Listado Hojas de Vida/Imprimir Hoja de Vida/td_355682169' is clickable

2021-12-15 16:40:34 - [TEST_STEP][PASSED] - click(findTestObject("Modulo Tarea Listado Hojas de Vida/Imprimir Hoja de Vida/td_355682169")): Object: 'Object Repository/Modulo Tarea Listado Hojas de Vida/Imprimir Hoja de Vida/td_355682169' is clicked on

2021-12-15 16:40:35 - [MESSAGE][PASSED] - Object: 'Object Repository/Modulo Tarea Listado Hojas de Vida/Imprimir Hoja de Vida/td_355682169' is clicked on

2021-12-15 16:40:35 - [TEST_STEP][PASSED] - waitForElementClickable(findTestObject("Modulo Tarea Listado Hojas de Vida/Imprimir Hoja de Vida/a_Imprimir"), G_TimeOut): Object 'Object Repository/Modulo Tarea Listado Hojas de Vida/Imprimir Hoja de Vida/a_Imprimir' is clickable

2021-12-15 16:40:36 - [MESSAGE][PASSED] - Object 'Object Repository/Modulo Tarea Listado Hojas de Vida/Imprimir Hoja de Vida/a_Imprimir' is clickable

2021-12-15 16:40:36 - [TEST_STEP][PASSED] - click(findTestObject("Modulo Tarea Listado Hojas de Vida/Imprimir Hoja de Vida/a_Imprimir")): Object: 'Object Repository/Modulo Tarea Listado Hojas de Vida/Imprimir Hoja de Vida/a_Imprimir' is clicked on

2021-12-15 16:40:36 - [MESSAGE][PASSED] - Object: 'Object Repository/Modulo Tarea Listado Hojas de Vida/Imprimir Hoja de Vida/a_Imprimir' is clicked on

2021-12-15 16:40:36 - [TEST_STEP][PASSED] - waitForElementClickable(findTestObject("Modulo Tarea Listado Hojas de Vida/Imprimir Hoja de Vida/a_Si"), G_TimeOut): Object 'Object Repository/Modulo Tarea Listado Hojas de Vida/Imprimir Hoja de Vida/a_Si' is clickable

2021-12-15 16:40:37 - [MESSAGE][PASSED] - Object 'Object Repository/Modulo Tarea Listado Hojas de Vida/Imprimir Hoja de Vida/a_Si' is clickable

2021-12-15 16:40:37 - [TEST_STEP][PASSED] - click(findTestObject("Modulo Tarea Listado Hojas de Vida/Imprimir Hoja de Vida/a_Si")): Object: 'Object Repository/Modulo Tarea Listado Hojas de Vida/Imprimir Hoja de Vida/a_Si' is clicked on

2021-12-15 16:40:37 - [MESSAGE][PASSED] - Object: 'Object Repository/Modulo Tarea Listado Hojas de Vida/Imprimir Hoja de Vida/a_Si' is clicked on

2021-12-15 16:40:37 - [TEST_STEP][PASSED] - waitForElementClickable(findTestObject("Modulo Tarea Listado Hojas de Vida/Imprimir Hoja de Vida/span_Grupo Sanguneo-closethick"), G_TimeOut): Object 'Object Repository/Modulo Tarea Listado Hojas de Vida/Imprimir Hoja de Vida/span_Grupo Sanguneo-closethick' is clickable

2021-12-15 16:40:39 - [MESSAGE][PASSED] - Object 'Object Repository/Modulo Tarea Listado Hojas de Vida/Imprimir Hoja de Vida/span_Grupo Sanguneo-closethick' is clickable

2021-12-15 16:40:39 - [TEST_STEP][PASSED] - click(findTestObject("Modulo Tarea Listado Hojas de Vida/Imprimir Hoja de Vida/span_Grupo Sanguneo-closethick")): Object: 'Object Repository/Modulo Tarea Listado Hojas de Vida/Imprimir Hoja de Vida/span_Grupo Sanguneo-closethick' is clicked on

2021-12-15 16:40:41 - [MESSAGE][PASSED] - Object: 'Object Repository/Modulo Tarea Listado Hojas de Vida/Imprimir Hoja de Vida/span_Grupo Sanguneo-closethick' is clicked on

2021-12-15 16:40:41 - [TEST_STEP][PASSED] - waitForElementClickable(findTestObject("Modulo Tarea Listado Hojas de Vida/Imprimir Hoja de Vida/a_Generar"), G_TimeOut): Object 'Object Repository/Modulo Tarea Listado Hojas de Vida/Imprimir Hoja de Vida/a_Generar' is clickable

2021-12-15 16:40:43 - [MESSAGE][PASSED] - Object 'Object Repository/Modulo Tarea Listado Hojas de Vida/Imprimir Hoja de Vida/a_Generar' is clickable

2021-12-15 16:40:43 - [TEST_STEP][PASSED] - click(findTestObject("Modulo Tarea Listado Hojas de Vida/Imprimir Hoja de Vida/a_Generar")): Object: 'Object Repository/Modulo Tarea Listado Hojas de Vida/Imprimir Hoja de Vida/a_Generar' is clicked on

2021-12-15 16:40:45 - [MESSAGE][PASSED] - Object: 'Object Repository/Modulo Tarea Listado Hojas de Vida/Imprimir Hoja de Vida/a_Generar' is clicked on

2021-12-15 16:40:45 - [TEST_STEP][PASSED] - waitForElementClickable(findTestObject("Modulo Tarea Listado Hojas de Vida/Imprimir Hoja de Vida/td_espaol impresion empleado"), G_TimeOut): Object 'Object Repository/Modulo Tarea Listado Hojas de Vida/Imprimir Hoja de Vida/td_espaol impresion empleado' is clickable

2021-12-15 16:40:48 - [MESSAGE][PASSED] - Object 'Object Repository/Modulo Tarea Listado Hojas de Vida/Imprimir Hoja de Vida/td_espaol impresion empleado' is clickable

2021-12-15 16:40:48 - [TEST_STEP][PASSED] - click(findTestObject("Modulo Tarea Listado Hojas de Vida/Imprimir Hoja de Vida/td_espaol impresion empleado")): Object: 'Object Repository/Modulo Tarea Listado Hojas de Vida/Imprimir Hoja de Vida/td_espaol impresion empleado' is clicked on

2021-12-15 16:40:50 - [MESSAGE][PASSED] - Object: 'Object Repository/Modulo Tarea Listado Hojas de Vida/Imprimir Hoja de Vida/td_espaol impresion empleado' is clicked on

2021-12-15 16:40:50 - [TEST_STEP][PASSED] - waitForElementClickable(findTestObject("Modulo Tarea Listado Hojas de Vida/Imprimir Hoja de Vida/a_Descargar"), G_TimeOut): Object 'Object Repository/Modulo Tarea Listado Hojas de Vida/Imprimir Hoja de Vida/a_Descargar' is clickable

2021-12-15 16:40:53 - [MESSAGE][PASSED] - Object 'Object Repository/Modulo Tarea Listado Hojas de Vida/Imprimir Hoja de Vida/a_Descargar' is clickable

2021-12-15 16:40:53 - [TEST_STEP][PASSED] - click(findTestObject("Modulo Tarea Listado Hojas de Vida/Imprimir Hoja de Vida/a_Descargar")): Object: 'Object Repository/Modulo Tarea Listado Hojas de Vida/Imprimir Hoja de Vida/a_Descargar' is clicked on

2021-12-15 16:40:55 - [MESSAGE][PASSED] - Object: 'Object Repository/Modulo Tarea Listado Hojas de Vida/Imprimir Hoja de Vida/a_Descargar' is clicked on

2021-12-15 16:40:55 - [TEST_STEP][PASSED] - waitForElementClickable(findTestObject("Modulo Tarea Listado Hojas de Vida/Imprimir Hoja de Vida/span_Grupo Sanguneo-closethick_1"), G_TimeOut): Object 'Object Repository/Modulo Tarea Listado Hojas de Vida/Imprimir Hoja de Vida/span_Grupo Sanguneo-closethick_1' is clickable

2021-12-15 16:40:57 - [MESSAGE][PASSED] - Object 'Object Repository/Modulo Tarea Listado Hojas de Vida/Imprimir Hoja de Vida/span_Grupo Sanguneo-closethick_1' is clickable

2021-12-15 16:40:57 - [TEST_STEP][PASSED] - click(findTestObject("Modulo Tarea Listado Hojas de Vida/Imprimir Hoja de Vida/span_Grupo Sanguneo-closethick_1")): Object: 'Object Repository/Modulo Tarea Listado Hojas de Vida/Imprimir Hoja de Vida/span_Grupo Sanguneo-closethick_1' is clicked on

2021-12-15 16:40:59 - [MESSAGE][PASSED] - Object: 'Object Repository/Modulo Tarea Listado Hojas de Vida/Imprimir Hoja de Vida/span_Grupo Sanguneo-closethick_1' is clicked on

2021-12-15 16:40:59 - [TEST_STEP][PASSED] - closeBrowser(): Browser is closed

2021-12-15 16:41:00 - [MESSAGE][PASSED] - Browser is closed

2021-12-15 16:41:00 - [MESSAGE][PASSED] - Call Test Case 'Test Cases/1.1-Tareas Principales/1.1.2-Imprimir Hoja de Vida' successfully]]></system-out>
         <system-err><![CDATA[]]></system-err>
      </testcase>
      <testcase name="Test Cases/2.1-Pruebas_Hoja_de_Vida/2.1.8-Aprobación_Novedades" time="12.166" classname="Test Cases/2.1-Pruebas_Hoja_de_Vida/2.1.8-Aprobación_Novedades" status="PASSED">
         <system-out><![CDATA[2021-12-15 16:41:00 - [TEST_CASE][PASSED] - Test Cases/2.1-Pruebas_Hoja_de_Vida/2.1.8-Aprobación_Novedades: Test Cases/2.1-Pruebas_Hoja_de_Vida/2.1.8-Aprobación_Novedades

2021-12-15 16:41:01 - [TEST_STEP][PASSED] - callTestCase(findTestCase("0.1-Login"), [:], STOP_ON_FAILURE): Call Test Case 'Test Cases/0.1-Login' successfully

2021-12-15 16:41:01 - [TEST_CASE][PASSED] - Test Cases/0.1-Login: Test Cases/0.1-Login

2021-12-15 16:41:01 - [TEST_STEP][PASSED] - openBrowser(""): Browser is opened with url: ''

2021-12-15 16:41:01 - [MESSAGE][INFO] - Starting 'Chrome' driver

2021-12-15 16:41:01 - [MESSAGE][INFO] - Action delay is set to 0 milliseconds

2021-12-15 16:41:02 - [MESSAGE][PASSED] - Browser is opened with url: ''

2021-12-15 16:41:02 - [TEST_STEP][PASSED] - maximizeWindow(): Current window maximized

2021-12-15 16:41:02 - [MESSAGE][PASSED] - Current window maximized

2021-12-15 16:41:02 - [TEST_STEP][PASSED] - i = G_Login: null

2021-12-15 16:41:02 - [TEST_STEP][PASSED] - url = new java.net.URL(i): null

2021-12-15 16:41:02 - [TEST_STEP][PASSED] - println("URL: " + url.toString()): null

2021-12-15 16:41:02 - [TEST_STEP][PASSED] - connection = url.openConnection(): null

2021-12-15 16:41:02 - [TEST_STEP][PASSED] - connection.setRequestMethod("GET"): null

2021-12-15 16:41:02 - [TEST_STEP][PASSED] - connection.setReadTimeout(2 * 1000): null

2021-12-15 16:41:02 - [TEST_STEP][PASSED] - try: null

2021-12-15 16:41:02 - [TEST_STEP][PASSED] - connection.connect(): null

2021-12-15 16:41:02 - [TEST_STEP][PASSED] - flag = connected: null

2021-12-15 16:41:02 - [TEST_STEP][PASSED] - println("Valor_ori: " + flag): null

2021-12-15 16:41:02 - [TEST_STEP][PASSED] - if (flag): null

2021-12-15 16:41:02 - [TEST_STEP][PASSED] - navigateToUrl(i): Navigate to 'http://192.168.2.80:8380/saraweb' successfully

2021-12-15 16:41:03 - [MESSAGE][PASSED] - Navigate to 'http://192.168.2.80:8380/saraweb' successfully

2021-12-15 16:41:03 - [TEST_STEP][PASSED] - a(): null

2021-12-15 16:41:03 - [TEST_STEP][PASSED] - setText(findTestObject("Login/input_USUARIO_loginusuario"), G_Usuario): Text 'saraadmin' is set on object 'Object Repository/Login/input_USUARIO_loginusuario'

2021-12-15 16:41:03 - [MESSAGE][PASSED] - Text 'saraadmin' is set on object 'Object Repository/Login/input_USUARIO_loginusuario'

2021-12-15 16:41:03 - [TEST_STEP][PASSED] - setEncryptedText(findTestObject("Login/input_CLAVE_loginpassword"), "MkG4/TYiCFC3cb2driP7+Q=="): Text ****** has been set on object 'Object Repository/Login/input_CLAVE_loginpassword'

2021-12-15 16:41:04 - [MESSAGE][PASSED] - Text ****** has been set on object 'Object Repository/Login/input_CLAVE_loginpassword'

2021-12-15 16:41:04 - [TEST_STEP][PASSED] - waitForElementClickable(findTestObject("Login/a_Ingresar"), G_TimeOut): Object 'Object Repository/Login/a_Ingresar' is clickable

2021-12-15 16:41:04 - [MESSAGE][PASSED] - Object 'Object Repository/Login/a_Ingresar' is clickable

2021-12-15 16:41:04 - [TEST_STEP][PASSED] - click(findTestObject("Login/a_Ingresar")): Object: 'Object Repository/Login/a_Ingresar' is clicked on

2021-12-15 16:41:06 - [MESSAGE][PASSED] - Object: 'Object Repository/Login/a_Ingresar' is clicked on

2021-12-15 16:41:06 - [TEST_STEP][PASSED] - element = findWebElement(findTestObject("Login/a_Ir"), 30): null

2021-12-15 16:41:06 - [TEST_STEP][PASSED] - executeJavaScript("arguments[0].click()", Arrays.asList(element)): Execute JavaScript 'arguments[0].click()' successfully

2021-12-15 16:41:06 - [MESSAGE][PASSED] - Execute JavaScript 'arguments[0].click()' successfully

2021-12-15 16:41:06 - [MESSAGE][PASSED] - Call Test Case 'Test Cases/0.1-Login' successfully

2021-12-15 16:41:06 - [TEST_STEP][PASSED] - click(findTestObject("Pruebas_Hoja_de_Vida/Aprobación_Novedades/input_Secciones_form_templatej_idt286j_idt29")): Object: 'Object Repository/Pruebas_Hoja_de_Vida/Aprobación_Novedades/input_Secciones_form_templatej_idt286j_idt29' is clicked on

2021-12-15 16:41:08 - [MESSAGE][PASSED] - Object: 'Object Repository/Pruebas_Hoja_de_Vida/Aprobación_Novedades/input_Secciones_form_templatej_idt286j_idt29' is clicked on

2021-12-15 16:41:08 - [TEST_STEP][PASSED] - click(findTestObject("Pruebas_Hoja_de_Vida/Aprobación_Novedades/a_ADMINISTRADOR DEL SISTEMA - SARA_cerrar_menu")): Object: 'Object Repository/Pruebas_Hoja_de_Vida/Aprobación_Novedades/a_ADMINISTRADOR DEL SISTEMA - SARA_cerrar_menu' is clicked on

2021-12-15 16:41:08 - [MESSAGE][PASSED] - Object: 'Object Repository/Pruebas_Hoja_de_Vida/Aprobación_Novedades/a_ADMINISTRADOR DEL SISTEMA - SARA_cerrar_menu' is clicked on

2021-12-15 16:41:08 - [TEST_STEP][PASSED] - click(findTestObject("Pruebas_Hoja_de_Vida/Aprobación_Novedades/label_Nueva Hoja Vida")): Object: 'Object Repository/Pruebas_Hoja_de_Vida/Aprobación_Novedades/label_Nueva Hoja Vida' is clicked on

2021-12-15 16:41:09 - [MESSAGE][PASSED] - Object: 'Object Repository/Pruebas_Hoja_de_Vida/Aprobación_Novedades/label_Nueva Hoja Vida' is clicked on

2021-12-15 16:41:09 - [TEST_STEP][PASSED] - click(findTestObject("Pruebas_Hoja_de_Vida/Aprobación_Novedades/a_Novedades")): Object: 'Object Repository/Pruebas_Hoja_de_Vida/Aprobación_Novedades/a_Novedades' is clicked on

2021-12-15 16:41:09 - [MESSAGE][PASSED] - Object: 'Object Repository/Pruebas_Hoja_de_Vida/Aprobación_Novedades/a_Novedades' is clicked on

2021-12-15 16:41:09 - [TEST_STEP][PASSED] - click(findTestObject("Pruebas_Hoja_de_Vida/Aprobación_Novedades/span_DIAZ BLANCO GUISELL")): Object: 'Object Repository/Pruebas_Hoja_de_Vida/Aprobación_Novedades/span_DIAZ BLANCO GUISELL' is clicked on

2021-12-15 16:41:10 - [MESSAGE][PASSED] - Object: 'Object Repository/Pruebas_Hoja_de_Vida/Aprobación_Novedades/span_DIAZ BLANCO GUISELL' is clicked on

2021-12-15 16:41:10 - [TEST_STEP][PASSED] - click(findTestObject("Pruebas_Hoja_de_Vida/Aprobación_Novedades/a_Aprobar")): Object: 'Object Repository/Pruebas_Hoja_de_Vida/Aprobación_Novedades/a_Aprobar' is clicked on

2021-12-15 16:41:11 - [MESSAGE][PASSED] - Object: 'Object Repository/Pruebas_Hoja_de_Vida/Aprobación_Novedades/a_Aprobar' is clicked on

2021-12-15 16:41:11 - [TEST_STEP][PASSED] - click(findTestObject("Pruebas_Hoja_de_Vida/Aprobación_Novedades/a_Aceptar")): Object: 'Object Repository/Pruebas_Hoja_de_Vida/Aprobación_Novedades/a_Aceptar' is clicked on

2021-12-15 16:41:12 - [MESSAGE][PASSED] - Object: 'Object Repository/Pruebas_Hoja_de_Vida/Aprobación_Novedades/a_Aceptar' is clicked on]]></system-out>
         <system-err><![CDATA[]]></system-err>
      </testcase>
      <testcase name="Test Cases/2.1-Pruebas_Hoja_de_Vida/2.1.9-Notificar_Novedades_Hoja_Vida" time="17.677" classname="Test Cases/2.1-Pruebas_Hoja_de_Vida/2.1.9-Notificar_Novedades_Hoja_Vida" status="PASSED">
         <system-out><![CDATA[2021-12-15 16:41:12 - [TEST_CASE][PASSED] - Test Cases/2.1-Pruebas_Hoja_de_Vida/2.1.9-Notificar_Novedades_Hoja_Vida: Test Cases/2.1-Pruebas_Hoja_de_Vida/2.1.9-Notificar_Novedades_Hoja_Vida

2021-12-15 16:41:13 - [TEST_STEP][PASSED] - random_double = Math.random() * 31: null

2021-12-15 16:41:13 - [TEST_STEP][PASSED] - random_double = Math.round(random_double - 10): null

2021-12-15 16:41:13 - [TEST_STEP][PASSED] - identificacion = toString().replace(".0", ""): null

2021-12-15 16:41:13 - [TEST_STEP][PASSED] - callTestCase(findTestCase("0.1-Login"), [:], STOP_ON_FAILURE): Call Test Case 'Test Cases/0.1-Login' successfully

2021-12-15 16:41:13 - [TEST_CASE][PASSED] - Test Cases/0.1-Login: Test Cases/0.1-Login

2021-12-15 16:41:13 - [TEST_STEP][PASSED] - openBrowser(""): Browser is opened with url: ''

2021-12-15 16:41:13 - [MESSAGE][WARNING] - A browser is already opened. Closing browser and opening a new one

2021-12-15 16:41:14 - [MESSAGE][INFO] - Starting 'Chrome' driver

2021-12-15 16:41:14 - [MESSAGE][INFO] - Action delay is set to 0 milliseconds

2021-12-15 16:41:15 - [MESSAGE][PASSED] - Browser is opened with url: ''

2021-12-15 16:41:15 - [TEST_STEP][PASSED] - maximizeWindow(): Current window maximized

2021-12-15 16:41:15 - [MESSAGE][PASSED] - Current window maximized

2021-12-15 16:41:15 - [TEST_STEP][PASSED] - i = G_Login: null

2021-12-15 16:41:15 - [TEST_STEP][PASSED] - url = new java.net.URL(i): null

2021-12-15 16:41:15 - [TEST_STEP][PASSED] - println("URL: " + url.toString()): null

2021-12-15 16:41:15 - [TEST_STEP][PASSED] - connection = url.openConnection(): null

2021-12-15 16:41:15 - [TEST_STEP][PASSED] - connection.setRequestMethod("GET"): null

2021-12-15 16:41:15 - [TEST_STEP][PASSED] - connection.setReadTimeout(2 * 1000): null

2021-12-15 16:41:15 - [TEST_STEP][PASSED] - try: null

2021-12-15 16:41:15 - [TEST_STEP][PASSED] - connection.connect(): null

2021-12-15 16:41:15 - [TEST_STEP][PASSED] - flag = connected: null

2021-12-15 16:41:15 - [TEST_STEP][PASSED] - println("Valor_ori: " + flag): null

2021-12-15 16:41:15 - [TEST_STEP][PASSED] - if (flag): null

2021-12-15 16:41:15 - [TEST_STEP][PASSED] - navigateToUrl(i): Navigate to 'http://192.168.2.80:8380/saraweb' successfully

2021-12-15 16:41:16 - [MESSAGE][PASSED] - Navigate to 'http://192.168.2.80:8380/saraweb' successfully

2021-12-15 16:41:16 - [TEST_STEP][PASSED] - a(): null

2021-12-15 16:41:16 - [TEST_STEP][PASSED] - setText(findTestObject("Login/input_USUARIO_loginusuario"), G_Usuario): Text 'saraadmin' is set on object 'Object Repository/Login/input_USUARIO_loginusuario'

2021-12-15 16:41:16 - [MESSAGE][PASSED] - Text 'saraadmin' is set on object 'Object Repository/Login/input_USUARIO_loginusuario'

2021-12-15 16:41:16 - [TEST_STEP][PASSED] - setEncryptedText(findTestObject("Login/input_CLAVE_loginpassword"), "MkG4/TYiCFC3cb2driP7+Q=="): Text ****** has been set on object 'Object Repository/Login/input_CLAVE_loginpassword'

2021-12-15 16:41:17 - [MESSAGE][PASSED] - Text ****** has been set on object 'Object Repository/Login/input_CLAVE_loginpassword'

2021-12-15 16:41:17 - [TEST_STEP][PASSED] - waitForElementClickable(findTestObject("Login/a_Ingresar"), G_TimeOut): Object 'Object Repository/Login/a_Ingresar' is clickable

2021-12-15 16:41:17 - [MESSAGE][PASSED] - Object 'Object Repository/Login/a_Ingresar' is clickable

2021-12-15 16:41:17 - [TEST_STEP][PASSED] - click(findTestObject("Login/a_Ingresar")): Object: 'Object Repository/Login/a_Ingresar' is clicked on

2021-12-15 16:41:19 - [MESSAGE][PASSED] - Object: 'Object Repository/Login/a_Ingresar' is clicked on

2021-12-15 16:41:19 - [TEST_STEP][PASSED] - element = findWebElement(findTestObject("Login/a_Ir"), 30): null

2021-12-15 16:41:20 - [TEST_STEP][PASSED] - executeJavaScript("arguments[0].click()", Arrays.asList(element)): Execute JavaScript 'arguments[0].click()' successfully

2021-12-15 16:41:20 - [MESSAGE][PASSED] - Execute JavaScript 'arguments[0].click()' successfully

2021-12-15 16:41:20 - [MESSAGE][PASSED] - Call Test Case 'Test Cases/0.1-Login' successfully

2021-12-15 16:41:20 - [TEST_STEP][PASSED] - waitForElementClickable(findTestObject("Pruebas_Hoja_de_Vida/Notificar_Novedades_Hoja_Vida/input_ADMINISTRADOR DEL SISTEMA - SARA_form_templatej_idt24_input"), 0): Object 'Object Repository/Pruebas_Hoja_de_Vida/Notificar_Novedades_Hoja_Vida/input_ADMINISTRADOR DEL SISTEMA - SARA_form_templatej_idt24_input' is clickable

2021-12-15 16:41:20 - [MESSAGE][WARNING] - Timeout '0' is invalid. Using default page load timeout: '30'

2021-12-15 16:41:21 - [MESSAGE][PASSED] - Object 'Object Repository/Pruebas_Hoja_de_Vida/Notificar_Novedades_Hoja_Vida/input_ADMINISTRADOR DEL SISTEMA - SARA_form_templatej_idt24_input' is clickable

2021-12-15 16:41:21 - [TEST_STEP][PASSED] - setText(findTestObject("Pruebas_Hoja_de_Vida/Notificar_Novedades_Hoja_Vida/input_ADMINISTRADOR DEL SISTEMA - SARA_form_templatej_idt24_input"), "Listado Hojas De Vida"): Text 'Listado Hojas De Vida' is set on object 'Object Repository/Pruebas_Hoja_de_Vida/Notificar_Novedades_Hoja_Vida/input_ADMINISTRADOR DEL SISTEMA - SARA_form_templatej_idt24_input'

2021-12-15 16:41:22 - [MESSAGE][PASSED] - Text 'Listado Hojas De Vida' is set on object 'Object Repository/Pruebas_Hoja_de_Vida/Notificar_Novedades_Hoja_Vida/input_ADMINISTRADOR DEL SISTEMA - SARA_form_templatej_idt24_input'

2021-12-15 16:41:22 - [TEST_STEP][PASSED] - delay(1): Delayed 1 second(s)

2021-12-15 16:41:23 - [MESSAGE][PASSED] - Delayed 1 second(s)

2021-12-15 16:41:23 - [TEST_STEP][PASSED] - sendKeys(findTestObject("Pruebas_Hoja_de_Vida/Notificar_Novedades_Hoja_Vida/input_ADMINISTRADOR DEL SISTEMA - SARA_form_templatej_idt24_input"), Keys.chord(ENTER)): Keys 'ENTER + ' sent to object: 'Object Repository/Pruebas_Hoja_de_Vida/Notificar_Novedades_Hoja_Vida/input_ADMINISTRADOR DEL SISTEMA - SARA_form_templatej_idt24_input'

2021-12-15 16:41:23 - [MESSAGE][PASSED] - Keys 'ENTER + ' sent to object: 'Object Repository/Pruebas_Hoja_de_Vida/Notificar_Novedades_Hoja_Vida/input_ADMINISTRADOR DEL SISTEMA - SARA_form_templatej_idt24_input'

2021-12-15 16:41:23 - [TEST_STEP][PASSED] - setText(findTestObject("Pruebas_Hoja_de_Vida/Notificar_Novedades_Hoja_Vida/input_Identificacin_listado_hojaVidaj_idt63"), "354968431354"): Text '354968431354' is set on object 'Object Repository/Pruebas_Hoja_de_Vida/Notificar_Novedades_Hoja_Vida/input_Identificacin_listado_hojaVidaj_idt63'

2021-12-15 16:41:25 - [MESSAGE][PASSED] - Text '354968431354' is set on object 'Object Repository/Pruebas_Hoja_de_Vida/Notificar_Novedades_Hoja_Vida/input_Identificacin_listado_hojaVidaj_idt63'

2021-12-15 16:41:25 - [TEST_STEP][PASSED] - sendKeys(findTestObject("Pruebas_Hoja_de_Vida/Notificar_Novedades_Hoja_Vida/input_Identificacin_listado_hojaVidaj_idt63"), Keys.chord(ENTER)): Keys 'ENTER + ' sent to object: 'Object Repository/Pruebas_Hoja_de_Vida/Notificar_Novedades_Hoja_Vida/input_Identificacin_listado_hojaVidaj_idt63'

2021-12-15 16:41:25 - [MESSAGE][PASSED] - Keys 'ENTER + ' sent to object: 'Object Repository/Pruebas_Hoja_de_Vida/Notificar_Novedades_Hoja_Vida/input_Identificacin_listado_hojaVidaj_idt63'

2021-12-15 16:41:25 - [TEST_STEP][PASSED] - click(findTestObject("Pruebas_Hoja_de_Vida/Notificar_Novedades_Hoja_Vida/td_354968431354")): Object: 'Object Repository/Pruebas_Hoja_de_Vida/Notificar_Novedades_Hoja_Vida/td_354968431354' is clicked on

2021-12-15 16:41:26 - [MESSAGE][PASSED] - Object: 'Object Repository/Pruebas_Hoja_de_Vida/Notificar_Novedades_Hoja_Vida/td_354968431354' is clicked on

2021-12-15 16:41:26 - [TEST_STEP][PASSED] - setText(findTestObject("Pruebas_Hoja_de_Vida/Notificar_Novedades_Hoja_Vida/input_Fecha Expedicin_hojaVidaseccionj_idt2106fecha_input"), identificacion + "/09/2013"): Text '8/09/2013' is set on object 'Object Repository/Pruebas_Hoja_de_Vida/Notificar_Novedades_Hoja_Vida/input_Fecha Expedicin_hojaVidaseccionj_idt2106fecha_input'

2021-12-15 16:41:27 - [MESSAGE][PASSED] - Text '8/09/2013' is set on object 'Object Repository/Pruebas_Hoja_de_Vida/Notificar_Novedades_Hoja_Vida/input_Fecha Expedicin_hojaVidaseccionj_idt2106fecha_input'

2021-12-15 16:41:27 - [TEST_STEP][PASSED] - click(findTestObject("Pruebas_Hoja_de_Vida/Notificar_Novedades_Hoja_Vida/a_Guardar")): Object: 'Object Repository/Pruebas_Hoja_de_Vida/Notificar_Novedades_Hoja_Vida/a_Guardar' is clicked on

2021-12-15 16:41:27 - [MESSAGE][PASSED] - Object: 'Object Repository/Pruebas_Hoja_de_Vida/Notificar_Novedades_Hoja_Vida/a_Guardar' is clicked on

2021-12-15 16:41:27 - [TEST_STEP][PASSED] - click(findTestObject("Pruebas_Hoja_de_Vida/Notificar_Novedades_Hoja_Vida/a_Aceptar")): Object: 'Object Repository/Pruebas_Hoja_de_Vida/Notificar_Novedades_Hoja_Vida/a_Aceptar' is clicked on

2021-12-15 16:41:29 - [MESSAGE][PASSED] - Object: 'Object Repository/Pruebas_Hoja_de_Vida/Notificar_Novedades_Hoja_Vida/a_Aceptar' is clicked on

2021-12-15 16:41:29 - [TEST_STEP][PASSED] - closeBrowser(): Browser is closed

2021-12-15 16:41:30 - [MESSAGE][PASSED] - Browser is closed]]></system-out>
         <system-err><![CDATA[]]></system-err>
      </testcase>
      <system-out><![CDATA[2021-12-15 16:37:41 - [TEST_SUITE][PASSED] - 2-Pruebas hoja de vida: Test Cases/2.1-Pruebas_Hoja_de_Vida/2.1.9-Notificar_Novedades_Hoja_Vida]]></system-out>
      <system-err><![CDATA[]]></system-err>
   </testsuite>
</testsuites>
