<?xml version="1.0" encoding="UTF-8"?>
<testsuites name="5-Pruebas SST" time="543.299" tests="9" failures="7" errors="0">
   <testsuite name="5-Pruebas SST" tests="9" failures="7" errors="0" time="543.299" skipped="0" timestamp="2021-12-29 18:15:29" hostname="diego.rojas - US-AF-000371" id="Test Suites/5-Pruebas SST">
      <properties>
         <property name="deviceName" value=""/>
         <property name="devicePlatform" value=""/>
         <property name="logFolder" value="C:\\Users\\diego.rojas\\git\\Pruebas-Minimas\\Reports\\20211229_180359\\5-Pruebas SST\\20211229_180416"/>
         <property name="logFiles" value="C:\\Users\\diego.rojas\\git\\Pruebas-Minimas\\Reports\\20211229_180359\\5-Pruebas SST\\20211229_180416\\execution0.log"/>
         <property name="attachments" value="C:\\Users\\diego.rojas\\git\\Pruebas-Minimas\\Reports\\20211229_180359\\5-Pruebas SST\\20211229_180416\\1640819786413.png, C:\\Users\\diego.rojas\\git\\Pruebas-Minimas\\Reports\\20211229_180359\\5-Pruebas SST\\20211229_180416\\1640819833904.png, C:\\Users\\diego.rojas\\git\\Pruebas-Minimas\\Reports\\20211229_180359\\5-Pruebas SST\\20211229_180416\\1640819888894.png, C:\\Users\\diego.rojas\\git\\Pruebas-Minimas\\Reports\\20211229_180359\\5-Pruebas SST\\20211229_180416\\1640819953580.png, C:\\Users\\diego.rojas\\git\\Pruebas-Minimas\\Reports\\20211229_180359\\5-Pruebas SST\\20211229_180416\\1640820072171.png, C:\\Users\\diego.rojas\\git\\Pruebas-Minimas\\Reports\\20211229_180359\\5-Pruebas SST\\20211229_180416\\1640820134551.png, C:\\Users\\diego.rojas\\git\\Pruebas-Minimas\\Reports\\20211229_180359\\5-Pruebas SST\\20211229_180416\\1640820272173.png"/>
         <property name="hostName" value="diego.rojas - US-AF-000371"/>
         <property name="os" value="Windows 10 64bit"/>
         <property name="katalonVersion" value="8.2.0.208"/>
         <property name="browser" value="Chrome 96.0.4664.110"/>
         <property name="hostAddress" value="192.168.56.1"/>
         <property name="sessionId" value="a283c7ef63e8adb6a3f6f4487b2acd95"/>
         <property name="seleniumVersion" value="3.141.59"/>
         <property name="proxyInformation" value="ProxyInformation { proxyOption=NO_PROXY, proxyServerType=HTTP, username=, password=********, proxyServerAddress=, proxyServerPort=0, executionList=&quot;&quot;, isApplyToDesiredCapabilities=true }"/>
         <property name="platform" value="Windows 10"/>
      </properties>
      <testcase name="Test Cases/5.1-Pruebas_SST/5.1.1-Reporte_de_accidente_de_trabajo" time="57.224" classname="Test Cases/5.1-Pruebas_SST/5.1.1-Reporte_de_accidente_de_trabajo" status="FAILED">
         <failure type="FAILED" message="Test Cases/5.1-Pruebas_SST/5.1.1-Reporte_de_accidente_de_trabajo FAILED.
Reason:
com.kms.katalon.core.exception.StepFailedException: Unable to click on object 'Object Repository/Modulo Pruebas SST/Reporte_de_accidente_de_trabajo/a_Nuevo'
	at com.kms.katalon.core.webui.keyword.internal.WebUIKeywordMain.stepFailed(WebUIKeywordMain.groovy:64)
	at com.kms.katalon.core.webui.keyword.internal.WebUIKeywordMain.runKeyword(WebUIKeywordMain.groovy:26)
	at com.kms.katalon.core.webui.keyword.builtin.ClickKeyword.click(ClickKeyword.groovy:74)
	at com.kms.katalon.core.webui.keyword.builtin.ClickKeyword.execute(ClickKeyword.groovy:40)
	at com.kms.katalon.core.keyword.internal.KeywordExecutor.executeKeywordForPlatform(KeywordExecutor.groovy:74)
	at com.kms.katalon.core.webui.keyword.WebUiBuiltInKeywords.click(WebUiBuiltInKeywords.groovy:620)
	at com.kms.katalon.core.webui.keyword.WebUiBuiltInKeywords$click$5.call(Unknown Source)
	at 5.1.1-Reporte_de_accidente_de_trabajo.run(5.1.1-Reporte_de_accidente_de_trabajo:157)
	at com.kms.katalon.core.main.ScriptEngine.run(ScriptEngine.java:194)
	at com.kms.katalon.core.main.ScriptEngine.runScriptAsRawText(ScriptEngine.java:119)
	at com.kms.katalon.core.main.TestCaseExecutor.runScript(TestCaseExecutor.java:442)
	at com.kms.katalon.core.main.TestCaseExecutor.doExecute(TestCaseExecutor.java:433)
	at com.kms.katalon.core.main.TestCaseExecutor.processExecutionPhase(TestCaseExecutor.java:412)
	at com.kms.katalon.core.main.TestCaseExecutor.accessMainPhase(TestCaseExecutor.java:404)
	at com.kms.katalon.core.main.TestCaseExecutor.execute(TestCaseExecutor.java:281)
	at com.kms.katalon.core.main.TestSuiteExecutor.accessTestCaseMainPhase(TestSuiteExecutor.java:202)
	at com.kms.katalon.core.main.TestSuiteExecutor.accessTestSuiteMainPhase(TestSuiteExecutor.java:164)
	at com.kms.katalon.core.main.TestSuiteExecutor.execute(TestSuiteExecutor.java:105)
	at com.kms.katalon.core.main.TestCaseMain.startTestSuite(TestCaseMain.java:181)
	at com.kms.katalon.core.main.TestCaseMain$startTestSuite$0.call(Unknown Source)
	at TempTestSuite1640819056891.run(TempTestSuite1640819056891.groovy:36)
Caused by: com.kms.katalon.core.webui.exception.WebElementNotFoundException: Web element with id: 'Object Repository/Modulo Pruebas SST/Reporte_de_accidente_de_trabajo/a_Nuevo' located by '//a[contains(text(),'Nuevo')]' not found
	at com.kms.katalon.core.webui.common.WebUiCommonHelper.findWebElement(WebUiCommonHelper.java:1368)
	at com.kms.katalon.core.webui.keyword.internal.WebUIAbstractKeyword.findWebElement(WebUIAbstractKeyword.groovy:27)
	at com.kms.katalon.core.webui.keyword.builtin.ClickKeyword$_click_closure1.doCall(ClickKeyword.groovy:65)
	at com.kms.katalon.core.webui.keyword.builtin.ClickKeyword$_click_closure1.call(ClickKeyword.groovy)
	at com.kms.katalon.core.webui.keyword.internal.WebUIKeywordMain.runKeyword(WebUIKeywordMain.groovy:20)
	... 19 more
"/>
         <system-out><![CDATA[2021-12-29 18:15:29 - [TEST_CASE][FAILED] - Test Cases/5.1-Pruebas_SST/5.1.1-Reporte_de_accidente_de_trabajo: Test Cases/5.1-Pruebas_SST/5.1.1-Reporte_de_accidente_de_trabajo FAILED.
Reason:
com.kms.katalon.core.exception.StepFailedException: Unable to click on object 'Object Repository/Modulo Pruebas SST/Reporte_de_accidente_de_trabajo/a_Nuevo'
	at com.kms.katalon.core.webui.keyword.internal.WebUIKeywordMain.stepFailed(WebUIKeywordMain.groovy:64)
	at com.kms.katalon.core.webui.keyword.internal.WebUIKeywordMain.runKeyword(WebUIKeywordMain.groovy:26)
	at com.kms.katalon.core.webui.keyword.builtin.ClickKeyword.click(ClickKeyword.groovy:74)
	at com.kms.katalon.core.webui.keyword.builtin.ClickKeyword.execute(ClickKeyword.groovy:40)
	at com.kms.katalon.core.keyword.internal.KeywordExecutor.executeKeywordForPlatform(KeywordExecutor.groovy:74)
	at com.kms.katalon.core.webui.keyword.WebUiBuiltInKeywords.click(WebUiBuiltInKeywords.groovy:620)
	at com.kms.katalon.core.webui.keyword.WebUiBuiltInKeywords$click$5.call(Unknown Source)
	at 5.1.1-Reporte_de_accidente_de_trabajo.run(5.1.1-Reporte_de_accidente_de_trabajo:157)
	at com.kms.katalon.core.main.ScriptEngine.run(ScriptEngine.java:194)
	at com.kms.katalon.core.main.ScriptEngine.runScriptAsRawText(ScriptEngine.java:119)
	at com.kms.katalon.core.main.TestCaseExecutor.runScript(TestCaseExecutor.java:442)
	at com.kms.katalon.core.main.TestCaseExecutor.doExecute(TestCaseExecutor.java:433)
	at com.kms.katalon.core.main.TestCaseExecutor.processExecutionPhase(TestCaseExecutor.java:412)
	at com.kms.katalon.core.main.TestCaseExecutor.accessMainPhase(TestCaseExecutor.java:404)
	at com.kms.katalon.core.main.TestCaseExecutor.execute(TestCaseExecutor.java:281)
	at com.kms.katalon.core.main.TestSuiteExecutor.accessTestCaseMainPhase(TestSuiteExecutor.java:202)
	at com.kms.katalon.core.main.TestSuiteExecutor.accessTestSuiteMainPhase(TestSuiteExecutor.java:164)
	at com.kms.katalon.core.main.TestSuiteExecutor.execute(TestSuiteExecutor.java:105)
	at com.kms.katalon.core.main.TestCaseMain.startTestSuite(TestCaseMain.java:181)
	at com.kms.katalon.core.main.TestCaseMain$startTestSuite$0.call(Unknown Source)
	at TempTestSuite1640819056891.run(TempTestSuite1640819056891.groovy:36)
Caused by: com.kms.katalon.core.webui.exception.WebElementNotFoundException: Web element with id: 'Object Repository/Modulo Pruebas SST/Reporte_de_accidente_de_trabajo/a_Nuevo' located by '//a[contains(text(),'Nuevo')]' not found
	at com.kms.katalon.core.webui.common.WebUiCommonHelper.findWebElement(WebUiCommonHelper.java:1368)
	at com.kms.katalon.core.webui.keyword.internal.WebUIAbstractKeyword.findWebElement(WebUIAbstractKeyword.groovy:27)
	at com.kms.katalon.core.webui.keyword.builtin.ClickKeyword$_click_closure1.doCall(ClickKeyword.groovy:65)
	at com.kms.katalon.core.webui.keyword.builtin.ClickKeyword$_click_closure1.call(ClickKeyword.groovy)
	at com.kms.katalon.core.webui.keyword.internal.WebUIKeywordMain.runKeyword(WebUIKeywordMain.groovy:20)
	... 19 more


2021-12-29 18:15:29 - [TEST_STEP][PASSED] - callTestCase(findTestCase("0.1-Login"), [:], STOP_ON_FAILURE): Call Test Case 'Test Cases/0.1-Login' successfully

2021-12-29 18:15:30 - [TEST_CASE][PASSED] - Test Cases/0.1-Login: Test Cases/0.1-Login

2021-12-29 18:15:30 - [TEST_STEP][PASSED] - openBrowser(""): Browser is opened with url: ''

2021-12-29 18:15:30 - [MESSAGE][INFO] - Starting 'Chrome' driver

2021-12-29 18:15:30 - [MESSAGE][INFO] - Action delay is set to 0 milliseconds

2021-12-29 18:15:32 - [MESSAGE][PASSED] - Browser is opened with url: ''

2021-12-29 18:15:32 - [TEST_STEP][PASSED] - maximizeWindow(): Current window maximized

2021-12-29 18:15:33 - [MESSAGE][PASSED] - Current window maximized

2021-12-29 18:15:33 - [TEST_STEP][PASSED] - i = G_Login: null

2021-12-29 18:15:33 - [TEST_STEP][PASSED] - url = new java.net.URL(i): null

2021-12-29 18:15:33 - [TEST_STEP][PASSED] - println("URL: " + url.toString()): null

2021-12-29 18:15:33 - [TEST_STEP][PASSED] - connection = url.openConnection(): null

2021-12-29 18:15:33 - [TEST_STEP][PASSED] - connection.setRequestMethod("GET"): null

2021-12-29 18:15:33 - [TEST_STEP][PASSED] - connection.setReadTimeout(2 * 1000): null

2021-12-29 18:15:33 - [TEST_STEP][PASSED] - try: null

2021-12-29 18:15:33 - [TEST_STEP][PASSED] - connection.connect(): null

2021-12-29 18:15:33 - [TEST_STEP][PASSED] - flag = connected: null

2021-12-29 18:15:33 - [TEST_STEP][PASSED] - println("Valor_ori: " + flag): null

2021-12-29 18:15:33 - [TEST_STEP][PASSED] - if (flag): null

2021-12-29 18:15:33 - [TEST_STEP][PASSED] - navigateToUrl(i): Navigate to 'http://192.168.2.80:8380/saraweb' successfully

2021-12-29 18:15:33 - [MESSAGE][PASSED] - Navigate to 'http://192.168.2.80:8380/saraweb' successfully

2021-12-29 18:15:33 - [TEST_STEP][PASSED] - a(): null

2021-12-29 18:15:33 - [TEST_STEP][PASSED] - setText(findTestObject("Login/input_USUARIO_loginusuario"), G_Usuario): Text 'saraadmin' is set on object 'Object Repository/Login/input_USUARIO_loginusuario'

2021-12-29 18:15:34 - [MESSAGE][PASSED] - Text 'saraadmin' is set on object 'Object Repository/Login/input_USUARIO_loginusuario'

2021-12-29 18:15:34 - [TEST_STEP][PASSED] - setEncryptedText(findTestObject("Login/input_CLAVE_loginpassword"), "MkG4/TYiCFC3cb2driP7+Q=="): Text ****** has been set on object 'Object Repository/Login/input_CLAVE_loginpassword'

2021-12-29 18:15:35 - [MESSAGE][PASSED] - Text ****** has been set on object 'Object Repository/Login/input_CLAVE_loginpassword'

2021-12-29 18:15:35 - [TEST_STEP][PASSED] - waitForElementClickable(findTestObject("Login/a_Ingresar"), G_TimeOut): Object 'Object Repository/Login/a_Ingresar' is clickable

2021-12-29 18:15:35 - [MESSAGE][PASSED] - Object 'Object Repository/Login/a_Ingresar' is clickable

2021-12-29 18:15:35 - [TEST_STEP][PASSED] - click(findTestObject("Login/a_Ingresar")): Object: 'Object Repository/Login/a_Ingresar' is clicked on

2021-12-29 18:15:37 - [MESSAGE][PASSED] - Object: 'Object Repository/Login/a_Ingresar' is clicked on

2021-12-29 18:15:37 - [TEST_STEP][PASSED] - element = findWebElement(findTestObject("Login/a_Ir"), 30): null

2021-12-29 18:15:37 - [TEST_STEP][PASSED] - executeJavaScript("arguments[0].click()", Arrays.asList(element)): Execute JavaScript 'arguments[0].click()' successfully

2021-12-29 18:15:37 - [MESSAGE][PASSED] - Execute JavaScript 'arguments[0].click()' successfully

2021-12-29 18:15:37 - [MESSAGE][PASSED] - Call Test Case 'Test Cases/0.1-Login' successfully

2021-12-29 18:15:37 - [TEST_STEP][PASSED] - setText(findTestObject("Modulo Pruebas SST/Reporte_de_accidente_de_trabajo/input_ADMINISTRADOR DEL SISTEMA - SARA_form_templatej_idt24_input"), "Informe accidente de trabajo"): Text 'Informe accidente de trabajo' is set on object 'Object Repository/Modulo Pruebas SST/Reporte_de_accidente_de_trabajo/input_ADMINISTRADOR DEL SISTEMA - SARA_form_templatej_idt24_input'

2021-12-29 18:15:38 - [MESSAGE][PASSED] - Text 'Informe accidente de trabajo' is set on object 'Object Repository/Modulo Pruebas SST/Reporte_de_accidente_de_trabajo/input_ADMINISTRADOR DEL SISTEMA - SARA_form_templatej_idt24_input'

2021-12-29 18:15:38 - [TEST_STEP][PASSED] - click(findTestObject("Modulo Pruebas SST/Reporte_de_accidente_de_trabajo/li_Informe Accidente de Trabajo (sst)")): Object: 'Object Repository/Modulo Pruebas SST/Reporte_de_accidente_de_trabajo/li_Informe Accidente de Trabajo (sst)' is clicked on

2021-12-29 18:15:40 - [MESSAGE][PASSED] - Object: 'Object Repository/Modulo Pruebas SST/Reporte_de_accidente_de_trabajo/li_Informe Accidente de Trabajo (sst)' is clicked on

2021-12-29 18:15:40 - [TEST_STEP][PASSED] - if (waitForElementPresent(findTestObject("Modulo Pruebas SST/Reporte_de_accidente_de_trabajo/span_Prueba"), 1)): null

2021-12-29 18:15:43 - [MESSAGE][PASSED] - Object 'Object Repository/Modulo Pruebas SST/Reporte_de_accidente_de_trabajo/span_Prueba' is present

2021-12-29 18:15:43 - [TEST_STEP][PASSED] - click(findTestObject("Modulo Pruebas SST/Reporte_de_accidente_de_trabajo/span_Prueba")): Object: 'Object Repository/Modulo Pruebas SST/Reporte_de_accidente_de_trabajo/span_Prueba' is clicked on

2021-12-29 18:15:43 - [MESSAGE][PASSED] - Object: 'Object Repository/Modulo Pruebas SST/Reporte_de_accidente_de_trabajo/span_Prueba' is clicked on

2021-12-29 18:15:43 - [TEST_STEP][PASSED] - click(findTestObject("Modulo Pruebas SST/Reporte_de_accidente_de_trabajo/a_Recomendaciones_Eliminar")): Object: 'Object Repository/Modulo Pruebas SST/Reporte_de_accidente_de_trabajo/a_Recomendaciones_Eliminar' is clicked on

2021-12-29 18:15:44 - [MESSAGE][PASSED] - Object: 'Object Repository/Modulo Pruebas SST/Reporte_de_accidente_de_trabajo/a_Recomendaciones_Eliminar' is clicked on

2021-12-29 18:15:44 - [TEST_STEP][PASSED] - if (waitForElementPresent(findTestObject("Modulo Pruebas SST/Reporte_de_accidente_de_trabajo/span_Camine con Precaucin_eliminar"), 1)): null

2021-12-29 18:15:45 - [MESSAGE][PASSED] - Object 'Object Repository/Modulo Pruebas SST/Reporte_de_accidente_de_trabajo/span_Camine con Precaucin_eliminar' is present

2021-12-29 18:15:45 - [TEST_STEP][PASSED] - click(findTestObject("Modulo Pruebas SST/Reporte_de_accidente_de_trabajo/span_Camine con Precaucin_eliminar")): Object: 'Object Repository/Modulo Pruebas SST/Reporte_de_accidente_de_trabajo/span_Camine con Precaucin_eliminar' is clicked on

2021-12-29 18:15:45 - [MESSAGE][PASSED] - Object: 'Object Repository/Modulo Pruebas SST/Reporte_de_accidente_de_trabajo/span_Camine con Precaucin_eliminar' is clicked on

2021-12-29 18:15:45 - [TEST_STEP][PASSED] - click(findTestObject("Modulo Pruebas SST/Reporte_de_accidente_de_trabajo/a_Eliminar0")): Object: 'Object Repository/Modulo Pruebas SST/Reporte_de_accidente_de_trabajo/a_Eliminar0' is clicked on

2021-12-29 18:15:46 - [MESSAGE][PASSED] - Object: 'Object Repository/Modulo Pruebas SST/Reporte_de_accidente_de_trabajo/a_Eliminar0' is clicked on

2021-12-29 18:15:46 - [TEST_STEP][PASSED] - click(findTestObject("Modulo Pruebas SST/Reporte_de_accidente_de_trabajo/a_Aceptar_Eliminar0")): Object: 'Object Repository/Modulo Pruebas SST/Reporte_de_accidente_de_trabajo/a_Aceptar_Eliminar0' is clicked on

2021-12-29 18:15:47 - [MESSAGE][PASSED] - Object: 'Object Repository/Modulo Pruebas SST/Reporte_de_accidente_de_trabajo/a_Aceptar_Eliminar0' is clicked on

2021-12-29 18:15:47 - [TEST_STEP][PASSED] - click(findTestObject("Modulo Pruebas SST/Reporte_de_accidente_de_trabajo/a_Testigo_Eliminar")): Object: 'Object Repository/Modulo Pruebas SST/Reporte_de_accidente_de_trabajo/a_Testigo_Eliminar' is clicked on

2021-12-29 18:15:48 - [MESSAGE][PASSED] - Object: 'Object Repository/Modulo Pruebas SST/Reporte_de_accidente_de_trabajo/a_Testigo_Eliminar' is clicked on

2021-12-29 18:15:48 - [TEST_STEP][PASSED] - if (waitForElementPresent(findTestObject("Modulo Pruebas SST/Reporte_de_accidente_de_trabajo/td_DIAZ BLANCO GUISELL"), 1)): Object 'Object Repository/Modulo Pruebas SST/Reporte_de_accidente_de_trabajo/td_DIAZ BLANCO GUISELL' is not present after 1 second(s)

2021-12-29 18:15:50 - [MESSAGE][INFO] - Unable to find the element located by 'By.xpath: //*/text()[normalize-space(.)='DIAZ BLANCO GUISELL']/parent::*'. Please recheck the objects properties to make sure the desired element is located. 

2021-12-29 18:15:50 - [MESSAGE][WARNING] - Object 'Object Repository/Modulo Pruebas SST/Reporte_de_accidente_de_trabajo/td_DIAZ BLANCO GUISELL' is not present after 1 second(s)

2021-12-29 18:15:50 - [TEST_STEP][PASSED] - click(findTestObject("Modulo Pruebas SST/Reporte_de_accidente_de_trabajo/a_Accidentado_Eliminar")): Object: 'Object Repository/Modulo Pruebas SST/Reporte_de_accidente_de_trabajo/a_Accidentado_Eliminar' is clicked on

2021-12-29 18:15:50 - [MESSAGE][PASSED] - Object: 'Object Repository/Modulo Pruebas SST/Reporte_de_accidente_de_trabajo/a_Accidentado_Eliminar' is clicked on

2021-12-29 18:15:50 - [TEST_STEP][PASSED] - if (waitForElementPresent(findTestObject("Modulo Pruebas SST/Reporte_de_accidente_de_trabajo/span_DIAZ BLANCO GUISELL_Eliminar"), 1)): Object 'Object Repository/Modulo Pruebas SST/Reporte_de_accidente_de_trabajo/span_DIAZ BLANCO GUISELL_Eliminar' is not present after 1 second(s)

2021-12-29 18:15:52 - [MESSAGE][INFO] - Unable to find the element located by 'By.xpath: //*/text()[normalize-space(.)='DIAZ BLANCO GUISELL']/parent::*'. Please recheck the objects properties to make sure the desired element is located. 

2021-12-29 18:15:52 - [MESSAGE][WARNING] - Object 'Object Repository/Modulo Pruebas SST/Reporte_de_accidente_de_trabajo/span_DIAZ BLANCO GUISELL_Eliminar' is not present after 1 second(s)

2021-12-29 18:15:52 - [TEST_STEP][PASSED] - click(findTestObject("Modulo Pruebas SST/Reporte_de_accidente_de_trabajo/a_Accidente")): Object: 'Object Repository/Modulo Pruebas SST/Reporte_de_accidente_de_trabajo/a_Accidente' is clicked on

2021-12-29 18:15:53 - [MESSAGE][PASSED] - Object: 'Object Repository/Modulo Pruebas SST/Reporte_de_accidente_de_trabajo/a_Accidente' is clicked on

2021-12-29 18:15:53 - [TEST_STEP][PASSED] - click(findTestObject("Modulo Pruebas SST/Reporte_de_accidente_de_trabajo/a_Eliminar_3")): Object: 'Object Repository/Modulo Pruebas SST/Reporte_de_accidente_de_trabajo/a_Eliminar_3' is clicked on

2021-12-29 18:15:53 - [MESSAGE][PASSED] - Object: 'Object Repository/Modulo Pruebas SST/Reporte_de_accidente_de_trabajo/a_Eliminar_3' is clicked on

2021-12-29 18:15:53 - [TEST_STEP][PASSED] - click(findTestObject("Modulo Pruebas SST/Reporte_de_accidente_de_trabajo/a_Aceptar_Eliminar3")): Object: 'Object Repository/Modulo Pruebas SST/Reporte_de_accidente_de_trabajo/a_Aceptar_Eliminar3' is clicked on

2021-12-29 18:15:55 - [MESSAGE][PASSED] - Object: 'Object Repository/Modulo Pruebas SST/Reporte_de_accidente_de_trabajo/a_Aceptar_Eliminar3' is clicked on

2021-12-29 18:15:55 - [TEST_STEP][FAILED] - click(findTestObject("Modulo Pruebas SST/Reporte_de_accidente_de_trabajo/a_Nuevo")): Unable to click on object 'Object Repository/Modulo Pruebas SST/Reporte_de_accidente_de_trabajo/a_Nuevo' (Root cause: com.kms.katalon.core.exception.StepFailedException: Unable to click on object 'Object Repository/Modulo Pruebas SST/Reporte_de_accidente_de_trabajo/a_Nuevo'
	at com.kms.katalon.core.webui.keyword.internal.WebUIKeywordMain.stepFailed(WebUIKeywordMain.groovy:64)
	at com.kms.katalon.core.webui.keyword.internal.WebUIKeywordMain.runKeyword(WebUIKeywordMain.groovy:26)
	at com.kms.katalon.core.webui.keyword.builtin.ClickKeyword.click(ClickKeyword.groovy:74)
	at com.kms.katalon.core.webui.keyword.builtin.ClickKeyword.execute(ClickKeyword.groovy:40)
	at com.kms.katalon.core.keyword.internal.KeywordExecutor.executeKeywordForPlatform(KeywordExecutor.groovy:74)
	at com.kms.katalon.core.webui.keyword.WebUiBuiltInKeywords.click(WebUiBuiltInKeywords.groovy:620)
	at com.kms.katalon.core.webui.keyword.WebUiBuiltInKeywords$click$5.call(Unknown Source)
	at 5.1.1-Reporte_de_accidente_de_trabajo.run(5.1.1-Reporte_de_accidente_de_trabajo:157)
	at com.kms.katalon.core.main.ScriptEngine.run(ScriptEngine.java:194)
	at com.kms.katalon.core.main.ScriptEngine.runScriptAsRawText(ScriptEngine.java:119)
	at com.kms.katalon.core.main.TestCaseExecutor.runScript(TestCaseExecutor.java:442)
	at com.kms.katalon.core.main.TestCaseExecutor.doExecute(TestCaseExecutor.java:433)
	at com.kms.katalon.core.main.TestCaseExecutor.processExecutionPhase(TestCaseExecutor.java:412)
	at com.kms.katalon.core.main.TestCaseExecutor.accessMainPhase(TestCaseExecutor.java:404)
	at com.kms.katalon.core.main.TestCaseExecutor.execute(TestCaseExecutor.java:281)
	at com.kms.katalon.core.main.TestSuiteExecutor.accessTestCaseMainPhase(TestSuiteExecutor.java:202)
	at com.kms.katalon.core.main.TestSuiteExecutor.accessTestSuiteMainPhase(TestSuiteExecutor.java:164)
	at com.kms.katalon.core.main.TestSuiteExecutor.execute(TestSuiteExecutor.java:105)
	at com.kms.katalon.core.main.TestCaseMain.startTestSuite(TestCaseMain.java:181)
	at com.kms.katalon.core.main.TestCaseMain$startTestSuite$0.call(Unknown Source)
	at TempTestSuite1640819056891.run(TempTestSuite1640819056891.groovy:36)
Caused by: com.kms.katalon.core.webui.exception.WebElementNotFoundException: Web element with id: 'Object Repository/Modulo Pruebas SST/Reporte_de_accidente_de_trabajo/a_Nuevo' located by '//a[contains(text(),'Nuevo')]' not found
	at com.kms.katalon.core.webui.common.WebUiCommonHelper.findWebElement(WebUiCommonHelper.java:1368)
	at com.kms.katalon.core.webui.keyword.internal.WebUIAbstractKeyword.findWebElement(WebUIAbstractKeyword.groovy:27)
	at com.kms.katalon.core.webui.keyword.builtin.ClickKeyword$_click_closure1.doCall(ClickKeyword.groovy:65)
	at com.kms.katalon.core.webui.keyword.builtin.ClickKeyword$_click_closure1.call(ClickKeyword.groovy)
	at com.kms.katalon.core.webui.keyword.internal.WebUIKeywordMain.runKeyword(WebUIKeywordMain.groovy:20)
	at com.kms.katalon.core.webui.keyword.builtin.ClickKeyword.click(ClickKeyword.groovy:74)
	at com.kms.katalon.core.webui.keyword.builtin.ClickKeyword.execute(ClickKeyword.groovy:40)
	at com.kms.katalon.core.keyword.internal.KeywordExecutor.executeKeywordForPlatform(KeywordExecutor.groovy:74)
	at com.kms.katalon.core.webui.keyword.WebUiBuiltInKeywords.click(WebUiBuiltInKeywords.groovy:620)
	at com.kms.katalon.core.webui.keyword.WebUiBuiltInKeywords$click$5.call(Unknown Source)
	at Script1637609109922.run(Script1637609109922.groovy:157)
	... 13 more
)

2021-12-29 18:16:26 - [MESSAGE][INFO] - Unable to find the element located by 'By.xpath: //a[contains(text(),'Nuevo')]'. Please recheck the objects properties to make sure the desired element is located. 

2021-12-29 18:16:26 - [MESSAGE][FAILED] - Unable to click on object 'Object Repository/Modulo Pruebas SST/Reporte_de_accidente_de_trabajo/a_Nuevo' (Root cause: com.kms.katalon.core.exception.StepFailedException: Unable to click on object 'Object Repository/Modulo Pruebas SST/Reporte_de_accidente_de_trabajo/a_Nuevo'
	at com.kms.katalon.core.webui.keyword.internal.WebUIKeywordMain.stepFailed(WebUIKeywordMain.groovy:64)
	at com.kms.katalon.core.webui.keyword.internal.WebUIKeywordMain.runKeyword(WebUIKeywordMain.groovy:26)
	at com.kms.katalon.core.webui.keyword.builtin.ClickKeyword.click(ClickKeyword.groovy:74)
	at com.kms.katalon.core.webui.keyword.builtin.ClickKeyword.execute(ClickKeyword.groovy:40)
	at com.kms.katalon.core.keyword.internal.KeywordExecutor.executeKeywordForPlatform(KeywordExecutor.groovy:74)
	at com.kms.katalon.core.webui.keyword.WebUiBuiltInKeywords.click(WebUiBuiltInKeywords.groovy:620)
	at com.kms.katalon.core.webui.keyword.WebUiBuiltInKeywords$click$5.call(Unknown Source)
	at 5.1.1-Reporte_de_accidente_de_trabajo.run(5.1.1-Reporte_de_accidente_de_trabajo:157)
	at com.kms.katalon.core.main.ScriptEngine.run(ScriptEngine.java:194)
	at com.kms.katalon.core.main.ScriptEngine.runScriptAsRawText(ScriptEngine.java:119)
	at com.kms.katalon.core.main.TestCaseExecutor.runScript(TestCaseExecutor.java:442)
	at com.kms.katalon.core.main.TestCaseExecutor.doExecute(TestCaseExecutor.java:433)
	at com.kms.katalon.core.main.TestCaseExecutor.processExecutionPhase(TestCaseExecutor.java:412)
	at com.kms.katalon.core.main.TestCaseExecutor.accessMainPhase(TestCaseExecutor.java:404)
	at com.kms.katalon.core.main.TestCaseExecutor.execute(TestCaseExecutor.java:281)
	at com.kms.katalon.core.main.TestSuiteExecutor.accessTestCaseMainPhase(TestSuiteExecutor.java:202)
	at com.kms.katalon.core.main.TestSuiteExecutor.accessTestSuiteMainPhase(TestSuiteExecutor.java:164)
	at com.kms.katalon.core.main.TestSuiteExecutor.execute(TestSuiteExecutor.java:105)
	at com.kms.katalon.core.main.TestCaseMain.startTestSuite(TestCaseMain.java:181)
	at com.kms.katalon.core.main.TestCaseMain$startTestSuite$0.call(Unknown Source)
	at TempTestSuite1640819056891.run(TempTestSuite1640819056891.groovy:36)
Caused by: com.kms.katalon.core.webui.exception.WebElementNotFoundException: Web element with id: 'Object Repository/Modulo Pruebas SST/Reporte_de_accidente_de_trabajo/a_Nuevo' located by '//a[contains(text(),'Nuevo')]' not found
	at com.kms.katalon.core.webui.common.WebUiCommonHelper.findWebElement(WebUiCommonHelper.java:1368)
	at com.kms.katalon.core.webui.keyword.internal.WebUIAbstractKeyword.findWebElement(WebUIAbstractKeyword.groovy:27)
	at com.kms.katalon.core.webui.keyword.builtin.ClickKeyword$_click_closure1.doCall(ClickKeyword.groovy:65)
	at com.kms.katalon.core.webui.keyword.builtin.ClickKeyword$_click_closure1.call(ClickKeyword.groovy)
	at com.kms.katalon.core.webui.keyword.internal.WebUIKeywordMain.runKeyword(WebUIKeywordMain.groovy:20)
	at com.kms.katalon.core.webui.keyword.builtin.ClickKeyword.click(ClickKeyword.groovy:74)
	at com.kms.katalon.core.webui.keyword.builtin.ClickKeyword.execute(ClickKeyword.groovy:40)
	at com.kms.katalon.core.keyword.internal.KeywordExecutor.executeKeywordForPlatform(KeywordExecutor.groovy:74)
	at com.kms.katalon.core.webui.keyword.WebUiBuiltInKeywords.click(WebUiBuiltInKeywords.groovy:620)
	at com.kms.katalon.core.webui.keyword.WebUiBuiltInKeywords$click$5.call(Unknown Source)
	at Script1637609109922.run(Script1637609109922.groovy:157)
	... 13 more
)
[[ATTACHMENT|C:\\Users\\diego.rojas\\git\\Pruebas-Minimas\\Reports\\20211229_180359\\5-Pruebas SST\\20211229_180416\\1640819786413.png]]]]></system-out>
         <system-err><![CDATA[2021-12-29 18:15:29 - [TEST_CASE][FAILED] - Test Cases/5.1-Pruebas_SST/5.1.1-Reporte_de_accidente_de_trabajo: Test Cases/5.1-Pruebas_SST/5.1.1-Reporte_de_accidente_de_trabajo FAILED.
Reason:
com.kms.katalon.core.exception.StepFailedException: Unable to click on object 'Object Repository/Modulo Pruebas SST/Reporte_de_accidente_de_trabajo/a_Nuevo'
	at com.kms.katalon.core.webui.keyword.internal.WebUIKeywordMain.stepFailed(WebUIKeywordMain.groovy:64)
	at com.kms.katalon.core.webui.keyword.internal.WebUIKeywordMain.runKeyword(WebUIKeywordMain.groovy:26)
	at com.kms.katalon.core.webui.keyword.builtin.ClickKeyword.click(ClickKeyword.groovy:74)
	at com.kms.katalon.core.webui.keyword.builtin.ClickKeyword.execute(ClickKeyword.groovy:40)
	at com.kms.katalon.core.keyword.internal.KeywordExecutor.executeKeywordForPlatform(KeywordExecutor.groovy:74)
	at com.kms.katalon.core.webui.keyword.WebUiBuiltInKeywords.click(WebUiBuiltInKeywords.groovy:620)
	at com.kms.katalon.core.webui.keyword.WebUiBuiltInKeywords$click$5.call(Unknown Source)
	at 5.1.1-Reporte_de_accidente_de_trabajo.run(5.1.1-Reporte_de_accidente_de_trabajo:157)
	at com.kms.katalon.core.main.ScriptEngine.run(ScriptEngine.java:194)
	at com.kms.katalon.core.main.ScriptEngine.runScriptAsRawText(ScriptEngine.java:119)
	at com.kms.katalon.core.main.TestCaseExecutor.runScript(TestCaseExecutor.java:442)
	at com.kms.katalon.core.main.TestCaseExecutor.doExecute(TestCaseExecutor.java:433)
	at com.kms.katalon.core.main.TestCaseExecutor.processExecutionPhase(TestCaseExecutor.java:412)
	at com.kms.katalon.core.main.TestCaseExecutor.accessMainPhase(TestCaseExecutor.java:404)
	at com.kms.katalon.core.main.TestCaseExecutor.execute(TestCaseExecutor.java:281)
	at com.kms.katalon.core.main.TestSuiteExecutor.accessTestCaseMainPhase(TestSuiteExecutor.java:202)
	at com.kms.katalon.core.main.TestSuiteExecutor.accessTestSuiteMainPhase(TestSuiteExecutor.java:164)
	at com.kms.katalon.core.main.TestSuiteExecutor.execute(TestSuiteExecutor.java:105)
	at com.kms.katalon.core.main.TestCaseMain.startTestSuite(TestCaseMain.java:181)
	at com.kms.katalon.core.main.TestCaseMain$startTestSuite$0.call(Unknown Source)
	at TempTestSuite1640819056891.run(TempTestSuite1640819056891.groovy:36)
Caused by: com.kms.katalon.core.webui.exception.WebElementNotFoundException: Web element with id: 'Object Repository/Modulo Pruebas SST/Reporte_de_accidente_de_trabajo/a_Nuevo' located by '//a[contains(text(),'Nuevo')]' not found
	at com.kms.katalon.core.webui.common.WebUiCommonHelper.findWebElement(WebUiCommonHelper.java:1368)
	at com.kms.katalon.core.webui.keyword.internal.WebUIAbstractKeyword.findWebElement(WebUIAbstractKeyword.groovy:27)
	at com.kms.katalon.core.webui.keyword.builtin.ClickKeyword$_click_closure1.doCall(ClickKeyword.groovy:65)
	at com.kms.katalon.core.webui.keyword.builtin.ClickKeyword$_click_closure1.call(ClickKeyword.groovy)
	at com.kms.katalon.core.webui.keyword.internal.WebUIKeywordMain.runKeyword(WebUIKeywordMain.groovy:20)
	... 19 more]]></system-err>
      </testcase>
      <testcase name="Test Cases/5.1-Pruebas_SST/5.1.2-Investigación_Accidente_de_Trabajo" time="47.427" classname="Test Cases/5.1-Pruebas_SST/5.1.2-Investigación_Accidente_de_Trabajo" status="FAILED">
         <failure type="FAILED" message="Test Cases/5.1-Pruebas_SST/5.1.2-Investigación_Accidente_de_Trabajo FAILED.
Reason:
com.kms.katalon.core.exception.StepFailedException: Unable to click on object 'Object Repository/Modulo Pruebas SST/Investigación_Accidente_de_Trabajo/span_DIAZ BLANCO GUISELL'
	at com.kms.katalon.core.webui.keyword.internal.WebUIKeywordMain.stepFailed(WebUIKeywordMain.groovy:64)
	at com.kms.katalon.core.webui.keyword.internal.WebUIKeywordMain.runKeyword(WebUIKeywordMain.groovy:26)
	at com.kms.katalon.core.webui.keyword.builtin.ClickKeyword.click(ClickKeyword.groovy:74)
	at com.kms.katalon.core.webui.keyword.builtin.ClickKeyword.execute(ClickKeyword.groovy:40)
	at com.kms.katalon.core.keyword.internal.KeywordExecutor.executeKeywordForPlatform(KeywordExecutor.groovy:74)
	at com.kms.katalon.core.webui.keyword.WebUiBuiltInKeywords.click(WebUiBuiltInKeywords.groovy:620)
	at com.kms.katalon.core.webui.keyword.WebUiBuiltInKeywords$click$5.call(Unknown Source)
	at 5.1.2-Investigación_Accidente_de_Trabajo.run(5.1.2-Investigación_Accidente_de_Trabajo:39)
	at com.kms.katalon.core.main.ScriptEngine.run(ScriptEngine.java:194)
	at com.kms.katalon.core.main.ScriptEngine.runScriptAsRawText(ScriptEngine.java:119)
	at com.kms.katalon.core.main.TestCaseExecutor.runScript(TestCaseExecutor.java:442)
	at com.kms.katalon.core.main.TestCaseExecutor.doExecute(TestCaseExecutor.java:433)
	at com.kms.katalon.core.main.TestCaseExecutor.processExecutionPhase(TestCaseExecutor.java:412)
	at com.kms.katalon.core.main.TestCaseExecutor.accessMainPhase(TestCaseExecutor.java:404)
	at com.kms.katalon.core.main.TestCaseExecutor.execute(TestCaseExecutor.java:281)
	at com.kms.katalon.core.main.TestSuiteExecutor.accessTestCaseMainPhase(TestSuiteExecutor.java:202)
	at com.kms.katalon.core.main.TestSuiteExecutor.accessTestSuiteMainPhase(TestSuiteExecutor.java:164)
	at com.kms.katalon.core.main.TestSuiteExecutor.execute(TestSuiteExecutor.java:105)
	at com.kms.katalon.core.main.TestCaseMain.startTestSuite(TestCaseMain.java:181)
	at com.kms.katalon.core.main.TestCaseMain$startTestSuite$0.call(Unknown Source)
	at TempTestSuite1640819056891.run(TempTestSuite1640819056891.groovy:36)
Caused by: com.kms.katalon.core.webui.exception.WebElementNotFoundException: Web element with id: 'Object Repository/Modulo Pruebas SST/Investigación_Accidente_de_Trabajo/span_DIAZ BLANCO GUISELL' located by '//*/text()[normalize-space(.)='DIAZ BLANCO GUISELL']/parent::*' not found
	at com.kms.katalon.core.webui.common.WebUiCommonHelper.findWebElement(WebUiCommonHelper.java:1368)
	at com.kms.katalon.core.webui.keyword.internal.WebUIAbstractKeyword.findWebElement(WebUIAbstractKeyword.groovy:27)
	at com.kms.katalon.core.webui.keyword.builtin.ClickKeyword$_click_closure1.doCall(ClickKeyword.groovy:65)
	at com.kms.katalon.core.webui.keyword.builtin.ClickKeyword$_click_closure1.call(ClickKeyword.groovy)
	at com.kms.katalon.core.webui.keyword.internal.WebUIKeywordMain.runKeyword(WebUIKeywordMain.groovy:20)
	... 19 more
"/>
         <system-out><![CDATA[2021-12-29 18:16:26 - [TEST_CASE][FAILED] - Test Cases/5.1-Pruebas_SST/5.1.2-Investigación_Accidente_de_Trabajo: Test Cases/5.1-Pruebas_SST/5.1.2-Investigación_Accidente_de_Trabajo FAILED.
Reason:
com.kms.katalon.core.exception.StepFailedException: Unable to click on object 'Object Repository/Modulo Pruebas SST/Investigación_Accidente_de_Trabajo/span_DIAZ BLANCO GUISELL'
	at com.kms.katalon.core.webui.keyword.internal.WebUIKeywordMain.stepFailed(WebUIKeywordMain.groovy:64)
	at com.kms.katalon.core.webui.keyword.internal.WebUIKeywordMain.runKeyword(WebUIKeywordMain.groovy:26)
	at com.kms.katalon.core.webui.keyword.builtin.ClickKeyword.click(ClickKeyword.groovy:74)
	at com.kms.katalon.core.webui.keyword.builtin.ClickKeyword.execute(ClickKeyword.groovy:40)
	at com.kms.katalon.core.keyword.internal.KeywordExecutor.executeKeywordForPlatform(KeywordExecutor.groovy:74)
	at com.kms.katalon.core.webui.keyword.WebUiBuiltInKeywords.click(WebUiBuiltInKeywords.groovy:620)
	at com.kms.katalon.core.webui.keyword.WebUiBuiltInKeywords$click$5.call(Unknown Source)
	at 5.1.2-Investigación_Accidente_de_Trabajo.run(5.1.2-Investigación_Accidente_de_Trabajo:39)
	at com.kms.katalon.core.main.ScriptEngine.run(ScriptEngine.java:194)
	at com.kms.katalon.core.main.ScriptEngine.runScriptAsRawText(ScriptEngine.java:119)
	at com.kms.katalon.core.main.TestCaseExecutor.runScript(TestCaseExecutor.java:442)
	at com.kms.katalon.core.main.TestCaseExecutor.doExecute(TestCaseExecutor.java:433)
	at com.kms.katalon.core.main.TestCaseExecutor.processExecutionPhase(TestCaseExecutor.java:412)
	at com.kms.katalon.core.main.TestCaseExecutor.accessMainPhase(TestCaseExecutor.java:404)
	at com.kms.katalon.core.main.TestCaseExecutor.execute(TestCaseExecutor.java:281)
	at com.kms.katalon.core.main.TestSuiteExecutor.accessTestCaseMainPhase(TestSuiteExecutor.java:202)
	at com.kms.katalon.core.main.TestSuiteExecutor.accessTestSuiteMainPhase(TestSuiteExecutor.java:164)
	at com.kms.katalon.core.main.TestSuiteExecutor.execute(TestSuiteExecutor.java:105)
	at com.kms.katalon.core.main.TestCaseMain.startTestSuite(TestCaseMain.java:181)
	at com.kms.katalon.core.main.TestCaseMain$startTestSuite$0.call(Unknown Source)
	at TempTestSuite1640819056891.run(TempTestSuite1640819056891.groovy:36)
Caused by: com.kms.katalon.core.webui.exception.WebElementNotFoundException: Web element with id: 'Object Repository/Modulo Pruebas SST/Investigación_Accidente_de_Trabajo/span_DIAZ BLANCO GUISELL' located by '//*/text()[normalize-space(.)='DIAZ BLANCO GUISELL']/parent::*' not found
	at com.kms.katalon.core.webui.common.WebUiCommonHelper.findWebElement(WebUiCommonHelper.java:1368)
	at com.kms.katalon.core.webui.keyword.internal.WebUIAbstractKeyword.findWebElement(WebUIAbstractKeyword.groovy:27)
	at com.kms.katalon.core.webui.keyword.builtin.ClickKeyword$_click_closure1.doCall(ClickKeyword.groovy:65)
	at com.kms.katalon.core.webui.keyword.builtin.ClickKeyword$_click_closure1.call(ClickKeyword.groovy)
	at com.kms.katalon.core.webui.keyword.internal.WebUIKeywordMain.runKeyword(WebUIKeywordMain.groovy:20)
	... 19 more


2021-12-29 18:16:27 - [TEST_STEP][PASSED] - callTestCase(findTestCase("0.1-Login"), [:], STOP_ON_FAILURE): Call Test Case 'Test Cases/0.1-Login' successfully

2021-12-29 18:16:27 - [TEST_CASE][PASSED] - Test Cases/0.1-Login: Test Cases/0.1-Login

2021-12-29 18:16:27 - [TEST_STEP][PASSED] - openBrowser(""): Browser is opened with url: ''

2021-12-29 18:16:27 - [MESSAGE][WARNING] - A browser is already opened. Closing browser and opening a new one

2021-12-29 18:16:27 - [MESSAGE][INFO] - Starting 'Chrome' driver

2021-12-29 18:16:27 - [MESSAGE][INFO] - Action delay is set to 0 milliseconds

2021-12-29 18:16:29 - [MESSAGE][PASSED] - Browser is opened with url: ''

2021-12-29 18:16:29 - [TEST_STEP][PASSED] - maximizeWindow(): Current window maximized

2021-12-29 18:16:29 - [MESSAGE][PASSED] - Current window maximized

2021-12-29 18:16:29 - [TEST_STEP][PASSED] - i = G_Login: null

2021-12-29 18:16:29 - [TEST_STEP][PASSED] - url = new java.net.URL(i): null

2021-12-29 18:16:29 - [TEST_STEP][PASSED] - println("URL: " + url.toString()): null

2021-12-29 18:16:29 - [TEST_STEP][PASSED] - connection = url.openConnection(): null

2021-12-29 18:16:29 - [TEST_STEP][PASSED] - connection.setRequestMethod("GET"): null

2021-12-29 18:16:29 - [TEST_STEP][PASSED] - connection.setReadTimeout(2 * 1000): null

2021-12-29 18:16:29 - [TEST_STEP][PASSED] - try: null

2021-12-29 18:16:29 - [TEST_STEP][PASSED] - connection.connect(): null

2021-12-29 18:16:29 - [TEST_STEP][PASSED] - flag = connected: null

2021-12-29 18:16:29 - [TEST_STEP][PASSED] - println("Valor_ori: " + flag): null

2021-12-29 18:16:29 - [TEST_STEP][PASSED] - if (flag): null

2021-12-29 18:16:29 - [TEST_STEP][PASSED] - navigateToUrl(i): Navigate to 'http://192.168.2.80:8380/saraweb' successfully

2021-12-29 18:16:30 - [MESSAGE][PASSED] - Navigate to 'http://192.168.2.80:8380/saraweb' successfully

2021-12-29 18:16:30 - [TEST_STEP][PASSED] - a(): null

2021-12-29 18:16:30 - [TEST_STEP][PASSED] - setText(findTestObject("Login/input_USUARIO_loginusuario"), G_Usuario): Text 'saraadmin' is set on object 'Object Repository/Login/input_USUARIO_loginusuario'

2021-12-29 18:16:31 - [MESSAGE][PASSED] - Text 'saraadmin' is set on object 'Object Repository/Login/input_USUARIO_loginusuario'

2021-12-29 18:16:31 - [TEST_STEP][PASSED] - setEncryptedText(findTestObject("Login/input_CLAVE_loginpassword"), "MkG4/TYiCFC3cb2driP7+Q=="): Text ****** has been set on object 'Object Repository/Login/input_CLAVE_loginpassword'

2021-12-29 18:16:31 - [MESSAGE][PASSED] - Text ****** has been set on object 'Object Repository/Login/input_CLAVE_loginpassword'

2021-12-29 18:16:31 - [TEST_STEP][PASSED] - waitForElementClickable(findTestObject("Login/a_Ingresar"), G_TimeOut): Object 'Object Repository/Login/a_Ingresar' is clickable

2021-12-29 18:16:31 - [MESSAGE][PASSED] - Object 'Object Repository/Login/a_Ingresar' is clickable

2021-12-29 18:16:31 - [TEST_STEP][PASSED] - click(findTestObject("Login/a_Ingresar")): Object: 'Object Repository/Login/a_Ingresar' is clicked on

2021-12-29 18:16:34 - [MESSAGE][PASSED] - Object: 'Object Repository/Login/a_Ingresar' is clicked on

2021-12-29 18:16:34 - [TEST_STEP][PASSED] - element = findWebElement(findTestObject("Login/a_Ir"), 30): null

2021-12-29 18:16:34 - [TEST_STEP][PASSED] - executeJavaScript("arguments[0].click()", Arrays.asList(element)): Execute JavaScript 'arguments[0].click()' successfully

2021-12-29 18:16:34 - [MESSAGE][PASSED] - Execute JavaScript 'arguments[0].click()' successfully

2021-12-29 18:16:34 - [MESSAGE][PASSED] - Call Test Case 'Test Cases/0.1-Login' successfully

2021-12-29 18:16:34 - [TEST_STEP][PASSED] - executeJavaScript("document.body.style.zoom='98%'", null): Execute JavaScript 'document.body.style.zoom='98%'' successfully

2021-12-29 18:16:34 - [MESSAGE][PASSED] - Execute JavaScript 'document.body.style.zoom='98%'' successfully

2021-12-29 18:16:34 - [TEST_STEP][PASSED] - delay(1): Delayed 1 second(s)

2021-12-29 18:16:35 - [MESSAGE][PASSED] - Delayed 1 second(s)

2021-12-29 18:16:35 - [TEST_STEP][PASSED] - setText(findTestObject("Modulo Pruebas SST/Investigación_Accidente_de_Trabajo/input_Informes de Accidentes e Incidentes de Trabajo_form_templatej_idt24_input"), "Informe Accidente de Trabajo"): Text 'Informe Accidente de Trabajo' is set on object 'Object Repository/Modulo Pruebas SST/Investigación_Accidente_de_Trabajo/input_Informes de Accidentes e Incidentes de Trabajo_form_templatej_idt24_input'

2021-12-29 18:16:36 - [MESSAGE][PASSED] - Text 'Informe Accidente de Trabajo' is set on object 'Object Repository/Modulo Pruebas SST/Investigación_Accidente_de_Trabajo/input_Informes de Accidentes e Incidentes de Trabajo_form_templatej_idt24_input'

2021-12-29 18:16:36 - [TEST_STEP][PASSED] - waitForElementPresent(findTestObject("Modulo Pruebas SST/Investigación_Accidente_de_Trabajo/span_Informe Accidente de Trabajo (sst)"), 0): Object 'Object Repository/Modulo Pruebas SST/Investigación_Accidente_de_Trabajo/span_Informe Accidente de Trabajo (sst)' is present

2021-12-29 18:16:36 - [MESSAGE][WARNING] - Timeout '0' is invalid. Using default page load timeout: '30'

2021-12-29 18:16:37 - [MESSAGE][PASSED] - Object 'Object Repository/Modulo Pruebas SST/Investigación_Accidente_de_Trabajo/span_Informe Accidente de Trabajo (sst)' is present

2021-12-29 18:16:37 - [TEST_STEP][PASSED] - click(findTestObject("Modulo Pruebas SST/Investigación_Accidente_de_Trabajo/span_Informe Accidente de Trabajo (sst)")): Object: 'Object Repository/Modulo Pruebas SST/Investigación_Accidente_de_Trabajo/span_Informe Accidente de Trabajo (sst)' is clicked on

2021-12-29 18:16:38 - [MESSAGE][PASSED] - Object: 'Object Repository/Modulo Pruebas SST/Investigación_Accidente_de_Trabajo/span_Informe Accidente de Trabajo (sst)' is clicked on

2021-12-29 18:16:38 - [TEST_STEP][PASSED] - click(findTestObject("Modulo Pruebas SST/Investigación_Accidente_de_Trabajo/span_Prueba")): Object: 'Object Repository/Modulo Pruebas SST/Investigación_Accidente_de_Trabajo/span_Prueba' is clicked on

2021-12-29 18:16:39 - [MESSAGE][PASSED] - Object: 'Object Repository/Modulo Pruebas SST/Investigación_Accidente_de_Trabajo/span_Prueba' is clicked on

2021-12-29 18:16:39 - [TEST_STEP][PASSED] - click(findTestObject("Modulo Pruebas SST/Investigación_Accidente_de_Trabajo/a_Accidentado")): Object: 'Object Repository/Modulo Pruebas SST/Investigación_Accidente_de_Trabajo/a_Accidentado' is clicked on

2021-12-29 18:16:42 - [MESSAGE][PASSED] - Object: 'Object Repository/Modulo Pruebas SST/Investigación_Accidente_de_Trabajo/a_Accidentado' is clicked on

2021-12-29 18:16:42 - [TEST_STEP][FAILED] - click(findTestObject("Modulo Pruebas SST/Investigación_Accidente_de_Trabajo/span_DIAZ BLANCO GUISELL")): Unable to click on object 'Object Repository/Modulo Pruebas SST/Investigación_Accidente_de_Trabajo/span_DIAZ BLANCO GUISELL' (Root cause: com.kms.katalon.core.exception.StepFailedException: Unable to click on object 'Object Repository/Modulo Pruebas SST/Investigación_Accidente_de_Trabajo/span_DIAZ BLANCO GUISELL'
	at com.kms.katalon.core.webui.keyword.internal.WebUIKeywordMain.stepFailed(WebUIKeywordMain.groovy:64)
	at com.kms.katalon.core.webui.keyword.internal.WebUIKeywordMain.runKeyword(WebUIKeywordMain.groovy:26)
	at com.kms.katalon.core.webui.keyword.builtin.ClickKeyword.click(ClickKeyword.groovy:74)
	at com.kms.katalon.core.webui.keyword.builtin.ClickKeyword.execute(ClickKeyword.groovy:40)
	at com.kms.katalon.core.keyword.internal.KeywordExecutor.executeKeywordForPlatform(KeywordExecutor.groovy:74)
	at com.kms.katalon.core.webui.keyword.WebUiBuiltInKeywords.click(WebUiBuiltInKeywords.groovy:620)
	at com.kms.katalon.core.webui.keyword.WebUiBuiltInKeywords$click$5.call(Unknown Source)
	at 5.1.2-Investigación_Accidente_de_Trabajo.run(5.1.2-Investigación_Accidente_de_Trabajo:39)
	at com.kms.katalon.core.main.ScriptEngine.run(ScriptEngine.java:194)
	at com.kms.katalon.core.main.ScriptEngine.runScriptAsRawText(ScriptEngine.java:119)
	at com.kms.katalon.core.main.TestCaseExecutor.runScript(TestCaseExecutor.java:442)
	at com.kms.katalon.core.main.TestCaseExecutor.doExecute(TestCaseExecutor.java:433)
	at com.kms.katalon.core.main.TestCaseExecutor.processExecutionPhase(TestCaseExecutor.java:412)
	at com.kms.katalon.core.main.TestCaseExecutor.accessMainPhase(TestCaseExecutor.java:404)
	at com.kms.katalon.core.main.TestCaseExecutor.execute(TestCaseExecutor.java:281)
	at com.kms.katalon.core.main.TestSuiteExecutor.accessTestCaseMainPhase(TestSuiteExecutor.java:202)
	at com.kms.katalon.core.main.TestSuiteExecutor.accessTestSuiteMainPhase(TestSuiteExecutor.java:164)
	at com.kms.katalon.core.main.TestSuiteExecutor.execute(TestSuiteExecutor.java:105)
	at com.kms.katalon.core.main.TestCaseMain.startTestSuite(TestCaseMain.java:181)
	at com.kms.katalon.core.main.TestCaseMain$startTestSuite$0.call(Unknown Source)
	at TempTestSuite1640819056891.run(TempTestSuite1640819056891.groovy:36)
Caused by: com.kms.katalon.core.webui.exception.WebElementNotFoundException: Web element with id: 'Object Repository/Modulo Pruebas SST/Investigación_Accidente_de_Trabajo/span_DIAZ BLANCO GUISELL' located by '//*/text()[normalize-space(.)='DIAZ BLANCO GUISELL']/parent::*' not found
	at com.kms.katalon.core.webui.common.WebUiCommonHelper.findWebElement(WebUiCommonHelper.java:1368)
	at com.kms.katalon.core.webui.keyword.internal.WebUIAbstractKeyword.findWebElement(WebUIAbstractKeyword.groovy:27)
	at com.kms.katalon.core.webui.keyword.builtin.ClickKeyword$_click_closure1.doCall(ClickKeyword.groovy:65)
	at com.kms.katalon.core.webui.keyword.builtin.ClickKeyword$_click_closure1.call(ClickKeyword.groovy)
	at com.kms.katalon.core.webui.keyword.internal.WebUIKeywordMain.runKeyword(WebUIKeywordMain.groovy:20)
	at com.kms.katalon.core.webui.keyword.builtin.ClickKeyword.click(ClickKeyword.groovy:74)
	at com.kms.katalon.core.webui.keyword.builtin.ClickKeyword.execute(ClickKeyword.groovy:40)
	at com.kms.katalon.core.keyword.internal.KeywordExecutor.executeKeywordForPlatform(KeywordExecutor.groovy:74)
	at com.kms.katalon.core.webui.keyword.WebUiBuiltInKeywords.click(WebUiBuiltInKeywords.groovy:620)
	at com.kms.katalon.core.webui.keyword.WebUiBuiltInKeywords$click$5.call(Unknown Source)
	at Script1637672124826.run(Script1637672124826.groovy:39)
	... 13 more
)

2021-12-29 18:17:13 - [MESSAGE][INFO] - Unable to find the element located by 'By.xpath: //*/text()[normalize-space(.)='DIAZ BLANCO GUISELL']/parent::*'. Please recheck the objects properties to make sure the desired element is located. 

2021-12-29 18:17:14 - [MESSAGE][FAILED] - Unable to click on object 'Object Repository/Modulo Pruebas SST/Investigación_Accidente_de_Trabajo/span_DIAZ BLANCO GUISELL' (Root cause: com.kms.katalon.core.exception.StepFailedException: Unable to click on object 'Object Repository/Modulo Pruebas SST/Investigación_Accidente_de_Trabajo/span_DIAZ BLANCO GUISELL'
	at com.kms.katalon.core.webui.keyword.internal.WebUIKeywordMain.stepFailed(WebUIKeywordMain.groovy:64)
	at com.kms.katalon.core.webui.keyword.internal.WebUIKeywordMain.runKeyword(WebUIKeywordMain.groovy:26)
	at com.kms.katalon.core.webui.keyword.builtin.ClickKeyword.click(ClickKeyword.groovy:74)
	at com.kms.katalon.core.webui.keyword.builtin.ClickKeyword.execute(ClickKeyword.groovy:40)
	at com.kms.katalon.core.keyword.internal.KeywordExecutor.executeKeywordForPlatform(KeywordExecutor.groovy:74)
	at com.kms.katalon.core.webui.keyword.WebUiBuiltInKeywords.click(WebUiBuiltInKeywords.groovy:620)
	at com.kms.katalon.core.webui.keyword.WebUiBuiltInKeywords$click$5.call(Unknown Source)
	at 5.1.2-Investigación_Accidente_de_Trabajo.run(5.1.2-Investigación_Accidente_de_Trabajo:39)
	at com.kms.katalon.core.main.ScriptEngine.run(ScriptEngine.java:194)
	at com.kms.katalon.core.main.ScriptEngine.runScriptAsRawText(ScriptEngine.java:119)
	at com.kms.katalon.core.main.TestCaseExecutor.runScript(TestCaseExecutor.java:442)
	at com.kms.katalon.core.main.TestCaseExecutor.doExecute(TestCaseExecutor.java:433)
	at com.kms.katalon.core.main.TestCaseExecutor.processExecutionPhase(TestCaseExecutor.java:412)
	at com.kms.katalon.core.main.TestCaseExecutor.accessMainPhase(TestCaseExecutor.java:404)
	at com.kms.katalon.core.main.TestCaseExecutor.execute(TestCaseExecutor.java:281)
	at com.kms.katalon.core.main.TestSuiteExecutor.accessTestCaseMainPhase(TestSuiteExecutor.java:202)
	at com.kms.katalon.core.main.TestSuiteExecutor.accessTestSuiteMainPhase(TestSuiteExecutor.java:164)
	at com.kms.katalon.core.main.TestSuiteExecutor.execute(TestSuiteExecutor.java:105)
	at com.kms.katalon.core.main.TestCaseMain.startTestSuite(TestCaseMain.java:181)
	at com.kms.katalon.core.main.TestCaseMain$startTestSuite$0.call(Unknown Source)
	at TempTestSuite1640819056891.run(TempTestSuite1640819056891.groovy:36)
Caused by: com.kms.katalon.core.webui.exception.WebElementNotFoundException: Web element with id: 'Object Repository/Modulo Pruebas SST/Investigación_Accidente_de_Trabajo/span_DIAZ BLANCO GUISELL' located by '//*/text()[normalize-space(.)='DIAZ BLANCO GUISELL']/parent::*' not found
	at com.kms.katalon.core.webui.common.WebUiCommonHelper.findWebElement(WebUiCommonHelper.java:1368)
	at com.kms.katalon.core.webui.keyword.internal.WebUIAbstractKeyword.findWebElement(WebUIAbstractKeyword.groovy:27)
	at com.kms.katalon.core.webui.keyword.builtin.ClickKeyword$_click_closure1.doCall(ClickKeyword.groovy:65)
	at com.kms.katalon.core.webui.keyword.builtin.ClickKeyword$_click_closure1.call(ClickKeyword.groovy)
	at com.kms.katalon.core.webui.keyword.internal.WebUIKeywordMain.runKeyword(WebUIKeywordMain.groovy:20)
	at com.kms.katalon.core.webui.keyword.builtin.ClickKeyword.click(ClickKeyword.groovy:74)
	at com.kms.katalon.core.webui.keyword.builtin.ClickKeyword.execute(ClickKeyword.groovy:40)
	at com.kms.katalon.core.keyword.internal.KeywordExecutor.executeKeywordForPlatform(KeywordExecutor.groovy:74)
	at com.kms.katalon.core.webui.keyword.WebUiBuiltInKeywords.click(WebUiBuiltInKeywords.groovy:620)
	at com.kms.katalon.core.webui.keyword.WebUiBuiltInKeywords$click$5.call(Unknown Source)
	at Script1637672124826.run(Script1637672124826.groovy:39)
	... 13 more
)
[[ATTACHMENT|C:\\Users\\diego.rojas\\git\\Pruebas-Minimas\\Reports\\20211229_180359\\5-Pruebas SST\\20211229_180416\\1640819833904.png]]]]></system-out>
         <system-err><![CDATA[2021-12-29 18:16:26 - [TEST_CASE][FAILED] - Test Cases/5.1-Pruebas_SST/5.1.2-Investigación_Accidente_de_Trabajo: Test Cases/5.1-Pruebas_SST/5.1.2-Investigación_Accidente_de_Trabajo FAILED.
Reason:
com.kms.katalon.core.exception.StepFailedException: Unable to click on object 'Object Repository/Modulo Pruebas SST/Investigación_Accidente_de_Trabajo/span_DIAZ BLANCO GUISELL'
	at com.kms.katalon.core.webui.keyword.internal.WebUIKeywordMain.stepFailed(WebUIKeywordMain.groovy:64)
	at com.kms.katalon.core.webui.keyword.internal.WebUIKeywordMain.runKeyword(WebUIKeywordMain.groovy:26)
	at com.kms.katalon.core.webui.keyword.builtin.ClickKeyword.click(ClickKeyword.groovy:74)
	at com.kms.katalon.core.webui.keyword.builtin.ClickKeyword.execute(ClickKeyword.groovy:40)
	at com.kms.katalon.core.keyword.internal.KeywordExecutor.executeKeywordForPlatform(KeywordExecutor.groovy:74)
	at com.kms.katalon.core.webui.keyword.WebUiBuiltInKeywords.click(WebUiBuiltInKeywords.groovy:620)
	at com.kms.katalon.core.webui.keyword.WebUiBuiltInKeywords$click$5.call(Unknown Source)
	at 5.1.2-Investigación_Accidente_de_Trabajo.run(5.1.2-Investigación_Accidente_de_Trabajo:39)
	at com.kms.katalon.core.main.ScriptEngine.run(ScriptEngine.java:194)
	at com.kms.katalon.core.main.ScriptEngine.runScriptAsRawText(ScriptEngine.java:119)
	at com.kms.katalon.core.main.TestCaseExecutor.runScript(TestCaseExecutor.java:442)
	at com.kms.katalon.core.main.TestCaseExecutor.doExecute(TestCaseExecutor.java:433)
	at com.kms.katalon.core.main.TestCaseExecutor.processExecutionPhase(TestCaseExecutor.java:412)
	at com.kms.katalon.core.main.TestCaseExecutor.accessMainPhase(TestCaseExecutor.java:404)
	at com.kms.katalon.core.main.TestCaseExecutor.execute(TestCaseExecutor.java:281)
	at com.kms.katalon.core.main.TestSuiteExecutor.accessTestCaseMainPhase(TestSuiteExecutor.java:202)
	at com.kms.katalon.core.main.TestSuiteExecutor.accessTestSuiteMainPhase(TestSuiteExecutor.java:164)
	at com.kms.katalon.core.main.TestSuiteExecutor.execute(TestSuiteExecutor.java:105)
	at com.kms.katalon.core.main.TestCaseMain.startTestSuite(TestCaseMain.java:181)
	at com.kms.katalon.core.main.TestCaseMain$startTestSuite$0.call(Unknown Source)
	at TempTestSuite1640819056891.run(TempTestSuite1640819056891.groovy:36)
Caused by: com.kms.katalon.core.webui.exception.WebElementNotFoundException: Web element with id: 'Object Repository/Modulo Pruebas SST/Investigación_Accidente_de_Trabajo/span_DIAZ BLANCO GUISELL' located by '//*/text()[normalize-space(.)='DIAZ BLANCO GUISELL']/parent::*' not found
	at com.kms.katalon.core.webui.common.WebUiCommonHelper.findWebElement(WebUiCommonHelper.java:1368)
	at com.kms.katalon.core.webui.keyword.internal.WebUIAbstractKeyword.findWebElement(WebUIAbstractKeyword.groovy:27)
	at com.kms.katalon.core.webui.keyword.builtin.ClickKeyword$_click_closure1.doCall(ClickKeyword.groovy:65)
	at com.kms.katalon.core.webui.keyword.builtin.ClickKeyword$_click_closure1.call(ClickKeyword.groovy)
	at com.kms.katalon.core.webui.keyword.internal.WebUIKeywordMain.runKeyword(WebUIKeywordMain.groovy:20)
	... 19 more]]></system-err>
      </testcase>
      <testcase name="Test Cases/5.1-Pruebas_SST/5.1.3-Seguimiento_a_accidente laborales_enfermedades_laborales_y_comunes" time="55.002" classname="Test Cases/5.1-Pruebas_SST/5.1.3-Seguimiento_a_accidente laborales_enfermedades_laborales_y_comunes" status="FAILED">
         <failure type="FAILED" message="Test Cases/5.1-Pruebas_SST/5.1.3-Seguimiento_a_accidente laborales_enfermedades_laborales_y_comunes FAILED.
Reason:
com.kms.katalon.core.exception.StepFailedException: Unable to click on object 'Object Repository/Modulo Pruebas SST/Seguimiento_a_accidente laborales_enfermedades_laborales_y_comunes/a_Novedades'
	at com.kms.katalon.core.webui.keyword.internal.WebUIKeywordMain.stepFailed(WebUIKeywordMain.groovy:64)
	at com.kms.katalon.core.webui.keyword.internal.WebUIKeywordMain.runKeyword(WebUIKeywordMain.groovy:26)
	at com.kms.katalon.core.webui.keyword.builtin.ClickKeyword.click(ClickKeyword.groovy:74)
	at com.kms.katalon.core.webui.keyword.builtin.ClickKeyword.execute(ClickKeyword.groovy:40)
	at com.kms.katalon.core.keyword.internal.KeywordExecutor.executeKeywordForPlatform(KeywordExecutor.groovy:74)
	at com.kms.katalon.core.webui.keyword.WebUiBuiltInKeywords.click(WebUiBuiltInKeywords.groovy:620)
	at com.kms.katalon.core.webui.keyword.WebUiBuiltInKeywords$click$5.call(Unknown Source)
	at 5.1.3-Seguimiento_a_accidente laborales_enfermedades_laborales_y_comunes.run(5.1.3-Seguimiento_a_accidente laborales_enfermedades_laborales_y_comunes:70)
	at com.kms.katalon.core.main.ScriptEngine.run(ScriptEngine.java:194)
	at com.kms.katalon.core.main.ScriptEngine.runScriptAsRawText(ScriptEngine.java:119)
	at com.kms.katalon.core.main.TestCaseExecutor.runScript(TestCaseExecutor.java:442)
	at com.kms.katalon.core.main.TestCaseExecutor.doExecute(TestCaseExecutor.java:433)
	at com.kms.katalon.core.main.TestCaseExecutor.processExecutionPhase(TestCaseExecutor.java:412)
	at com.kms.katalon.core.main.TestCaseExecutor.accessMainPhase(TestCaseExecutor.java:404)
	at com.kms.katalon.core.main.TestCaseExecutor.execute(TestCaseExecutor.java:281)
	at com.kms.katalon.core.main.TestSuiteExecutor.accessTestCaseMainPhase(TestSuiteExecutor.java:202)
	at com.kms.katalon.core.main.TestSuiteExecutor.accessTestSuiteMainPhase(TestSuiteExecutor.java:164)
	at com.kms.katalon.core.main.TestSuiteExecutor.execute(TestSuiteExecutor.java:105)
	at com.kms.katalon.core.main.TestCaseMain.startTestSuite(TestCaseMain.java:181)
	at com.kms.katalon.core.main.TestCaseMain$startTestSuite$0.call(Unknown Source)
	at TempTestSuite1640819056891.run(TempTestSuite1640819056891.groovy:36)
Caused by: com.kms.katalon.core.webui.exception.WebElementNotFoundException: Web element with id: 'Object Repository/Modulo Pruebas SST/Seguimiento_a_accidente laborales_enfermedades_laborales_y_comunes/a_Novedades' located by '//a[@id='form_listadoSolicitudElemento:tablacaso:0:j_idt85']' not found
	at com.kms.katalon.core.webui.common.WebUiCommonHelper.findWebElement(WebUiCommonHelper.java:1368)
	at com.kms.katalon.core.webui.keyword.internal.WebUIAbstractKeyword.findWebElement(WebUIAbstractKeyword.groovy:27)
	at com.kms.katalon.core.webui.keyword.builtin.ClickKeyword$_click_closure1.doCall(ClickKeyword.groovy:65)
	at com.kms.katalon.core.webui.keyword.builtin.ClickKeyword$_click_closure1.call(ClickKeyword.groovy)
	at com.kms.katalon.core.webui.keyword.internal.WebUIKeywordMain.runKeyword(WebUIKeywordMain.groovy:20)
	... 19 more
"/>
         <system-out><![CDATA[2021-12-29 18:17:14 - [TEST_CASE][FAILED] - Test Cases/5.1-Pruebas_SST/5.1.3-Seguimiento_a_accidente laborales_enfermedades_laborales_y_comunes: Test Cases/5.1-Pruebas_SST/5.1.3-Seguimiento_a_accidente laborales_enfermedades_laborales_y_comunes FAILED.
Reason:
com.kms.katalon.core.exception.StepFailedException: Unable to click on object 'Object Repository/Modulo Pruebas SST/Seguimiento_a_accidente laborales_enfermedades_laborales_y_comunes/a_Novedades'
	at com.kms.katalon.core.webui.keyword.internal.WebUIKeywordMain.stepFailed(WebUIKeywordMain.groovy:64)
	at com.kms.katalon.core.webui.keyword.internal.WebUIKeywordMain.runKeyword(WebUIKeywordMain.groovy:26)
	at com.kms.katalon.core.webui.keyword.builtin.ClickKeyword.click(ClickKeyword.groovy:74)
	at com.kms.katalon.core.webui.keyword.builtin.ClickKeyword.execute(ClickKeyword.groovy:40)
	at com.kms.katalon.core.keyword.internal.KeywordExecutor.executeKeywordForPlatform(KeywordExecutor.groovy:74)
	at com.kms.katalon.core.webui.keyword.WebUiBuiltInKeywords.click(WebUiBuiltInKeywords.groovy:620)
	at com.kms.katalon.core.webui.keyword.WebUiBuiltInKeywords$click$5.call(Unknown Source)
	at 5.1.3-Seguimiento_a_accidente laborales_enfermedades_laborales_y_comunes.run(5.1.3-Seguimiento_a_accidente laborales_enfermedades_laborales_y_comunes:70)
	at com.kms.katalon.core.main.ScriptEngine.run(ScriptEngine.java:194)
	at com.kms.katalon.core.main.ScriptEngine.runScriptAsRawText(ScriptEngine.java:119)
	at com.kms.katalon.core.main.TestCaseExecutor.runScript(TestCaseExecutor.java:442)
	at com.kms.katalon.core.main.TestCaseExecutor.doExecute(TestCaseExecutor.java:433)
	at com.kms.katalon.core.main.TestCaseExecutor.processExecutionPhase(TestCaseExecutor.java:412)
	at com.kms.katalon.core.main.TestCaseExecutor.accessMainPhase(TestCaseExecutor.java:404)
	at com.kms.katalon.core.main.TestCaseExecutor.execute(TestCaseExecutor.java:281)
	at com.kms.katalon.core.main.TestSuiteExecutor.accessTestCaseMainPhase(TestSuiteExecutor.java:202)
	at com.kms.katalon.core.main.TestSuiteExecutor.accessTestSuiteMainPhase(TestSuiteExecutor.java:164)
	at com.kms.katalon.core.main.TestSuiteExecutor.execute(TestSuiteExecutor.java:105)
	at com.kms.katalon.core.main.TestCaseMain.startTestSuite(TestCaseMain.java:181)
	at com.kms.katalon.core.main.TestCaseMain$startTestSuite$0.call(Unknown Source)
	at TempTestSuite1640819056891.run(TempTestSuite1640819056891.groovy:36)
Caused by: com.kms.katalon.core.webui.exception.WebElementNotFoundException: Web element with id: 'Object Repository/Modulo Pruebas SST/Seguimiento_a_accidente laborales_enfermedades_laborales_y_comunes/a_Novedades' located by '//a[@id='form_listadoSolicitudElemento:tablacaso:0:j_idt85']' not found
	at com.kms.katalon.core.webui.common.WebUiCommonHelper.findWebElement(WebUiCommonHelper.java:1368)
	at com.kms.katalon.core.webui.keyword.internal.WebUIAbstractKeyword.findWebElement(WebUIAbstractKeyword.groovy:27)
	at com.kms.katalon.core.webui.keyword.builtin.ClickKeyword$_click_closure1.doCall(ClickKeyword.groovy:65)
	at com.kms.katalon.core.webui.keyword.builtin.ClickKeyword$_click_closure1.call(ClickKeyword.groovy)
	at com.kms.katalon.core.webui.keyword.internal.WebUIKeywordMain.runKeyword(WebUIKeywordMain.groovy:20)
	... 19 more


2021-12-29 18:17:14 - [TEST_STEP][PASSED] - callTestCase(findTestCase("0.1-Login"), [:], STOP_ON_FAILURE): Call Test Case 'Test Cases/0.1-Login' successfully

2021-12-29 18:17:14 - [TEST_CASE][PASSED] - Test Cases/0.1-Login: Test Cases/0.1-Login

2021-12-29 18:17:14 - [TEST_STEP][PASSED] - openBrowser(""): Browser is opened with url: ''

2021-12-29 18:17:14 - [MESSAGE][WARNING] - A browser is already opened. Closing browser and opening a new one

2021-12-29 18:17:15 - [MESSAGE][INFO] - Starting 'Chrome' driver

2021-12-29 18:17:15 - [MESSAGE][INFO] - Action delay is set to 0 milliseconds

2021-12-29 18:17:16 - [MESSAGE][PASSED] - Browser is opened with url: ''

2021-12-29 18:17:16 - [TEST_STEP][PASSED] - maximizeWindow(): Current window maximized

2021-12-29 18:17:16 - [MESSAGE][PASSED] - Current window maximized

2021-12-29 18:17:16 - [TEST_STEP][PASSED] - i = G_Login: null

2021-12-29 18:17:16 - [TEST_STEP][PASSED] - url = new java.net.URL(i): null

2021-12-29 18:17:16 - [TEST_STEP][PASSED] - println("URL: " + url.toString()): null

2021-12-29 18:17:16 - [TEST_STEP][PASSED] - connection = url.openConnection(): null

2021-12-29 18:17:16 - [TEST_STEP][PASSED] - connection.setRequestMethod("GET"): null

2021-12-29 18:17:16 - [TEST_STEP][PASSED] - connection.setReadTimeout(2 * 1000): null

2021-12-29 18:17:16 - [TEST_STEP][PASSED] - try: null

2021-12-29 18:17:16 - [TEST_STEP][PASSED] - connection.connect(): null

2021-12-29 18:17:16 - [TEST_STEP][PASSED] - flag = connected: null

2021-12-29 18:17:16 - [TEST_STEP][PASSED] - println("Valor_ori: " + flag): null

2021-12-29 18:17:16 - [TEST_STEP][PASSED] - if (flag): null

2021-12-29 18:17:16 - [TEST_STEP][PASSED] - navigateToUrl(i): Navigate to 'http://192.168.2.80:8380/saraweb' successfully

2021-12-29 18:17:17 - [MESSAGE][PASSED] - Navigate to 'http://192.168.2.80:8380/saraweb' successfully

2021-12-29 18:17:17 - [TEST_STEP][PASSED] - a(): null

2021-12-29 18:17:17 - [TEST_STEP][PASSED] - setText(findTestObject("Login/input_USUARIO_loginusuario"), G_Usuario): Text 'saraadmin' is set on object 'Object Repository/Login/input_USUARIO_loginusuario'

2021-12-29 18:17:18 - [MESSAGE][PASSED] - Text 'saraadmin' is set on object 'Object Repository/Login/input_USUARIO_loginusuario'

2021-12-29 18:17:18 - [TEST_STEP][PASSED] - setEncryptedText(findTestObject("Login/input_CLAVE_loginpassword"), "MkG4/TYiCFC3cb2driP7+Q=="): Text ****** has been set on object 'Object Repository/Login/input_CLAVE_loginpassword'

2021-12-29 18:17:18 - [MESSAGE][PASSED] - Text ****** has been set on object 'Object Repository/Login/input_CLAVE_loginpassword'

2021-12-29 18:17:18 - [TEST_STEP][PASSED] - waitForElementClickable(findTestObject("Login/a_Ingresar"), G_TimeOut): Object 'Object Repository/Login/a_Ingresar' is clickable

2021-12-29 18:17:19 - [MESSAGE][PASSED] - Object 'Object Repository/Login/a_Ingresar' is clickable

2021-12-29 18:17:19 - [TEST_STEP][PASSED] - click(findTestObject("Login/a_Ingresar")): Object: 'Object Repository/Login/a_Ingresar' is clicked on

2021-12-29 18:17:21 - [MESSAGE][PASSED] - Object: 'Object Repository/Login/a_Ingresar' is clicked on

2021-12-29 18:17:21 - [TEST_STEP][PASSED] - element = findWebElement(findTestObject("Login/a_Ir"), 30): null

2021-12-29 18:17:22 - [TEST_STEP][PASSED] - executeJavaScript("arguments[0].click()", Arrays.asList(element)): Execute JavaScript 'arguments[0].click()' successfully

2021-12-29 18:17:22 - [MESSAGE][PASSED] - Execute JavaScript 'arguments[0].click()' successfully

2021-12-29 18:17:22 - [MESSAGE][PASSED] - Call Test Case 'Test Cases/0.1-Login' successfully

2021-12-29 18:17:22 - [TEST_STEP][PASSED] - setText(findTestObject("Modulo Pruebas SST/Seguimiento_a_accidente laborales_enfermedades_laborales_y_comunes/input_ADMINISTRADOR DEL SISTEMA - SARA_form_templatej_idt24_input"), "Registrar / Nov"): Text 'Registrar / Nov' is set on object 'Object Repository/Modulo Pruebas SST/Seguimiento_a_accidente laborales_enfermedades_laborales_y_comunes/input_ADMINISTRADOR DEL SISTEMA - SARA_form_templatej_idt24_input'

2021-12-29 18:17:23 - [MESSAGE][PASSED] - Text 'Registrar / Nov' is set on object 'Object Repository/Modulo Pruebas SST/Seguimiento_a_accidente laborales_enfermedades_laborales_y_comunes/input_ADMINISTRADOR DEL SISTEMA - SARA_form_templatej_idt24_input'

2021-12-29 18:17:23 - [TEST_STEP][PASSED] - click(findTestObject("Modulo Pruebas SST/Seguimiento_a_accidente laborales_enfermedades_laborales_y_comunes/li_Registrar  Nov. Caso Atep (sst)")): Object: 'Object Repository/Modulo Pruebas SST/Seguimiento_a_accidente laborales_enfermedades_laborales_y_comunes/li_Registrar  Nov. Caso Atep (sst)' is clicked on

2021-12-29 18:17:25 - [MESSAGE][PASSED] - Object: 'Object Repository/Modulo Pruebas SST/Seguimiento_a_accidente laborales_enfermedades_laborales_y_comunes/li_Registrar  Nov. Caso Atep (sst)' is clicked on

2021-12-29 18:17:25 - [TEST_STEP][PASSED] - selectOptionByIndex(findTestObject("Modulo Pruebas SST/Seguimiento_a_accidente laborales_enfermedades_laborales_y_comunes/select_-- SELECCIONAR --SEDE NORTESEDE OCCIDENTESEDE SUR1"), 1): All options with index in [1] are selected on object 'Object Repository/Modulo Pruebas SST/Seguimiento_a_accidente laborales_enfermedades_laborales_y_comunes/select_-- SELECCIONAR --SEDE NORTESEDE OCCIDENTESEDE SUR1'

2021-12-29 18:17:27 - [MESSAGE][PASSED] - All options with index in [1] are selected on object 'Object Repository/Modulo Pruebas SST/Seguimiento_a_accidente laborales_enfermedades_laborales_y_comunes/select_-- SELECCIONAR --SEDE NORTESEDE OCCIDENTESEDE SUR1'

2021-12-29 18:17:27 - [TEST_STEP][PASSED] - click(findTestObject("Modulo Pruebas SST/Seguimiento_a_accidente laborales_enfermedades_laborales_y_comunes/a_Nombre_form_listadoSolicitudElementoj_idt65")): Object: 'Object Repository/Modulo Pruebas SST/Seguimiento_a_accidente laborales_enfermedades_laborales_y_comunes/a_Nombre_form_listadoSolicitudElementoj_idt65' is clicked on

2021-12-29 18:17:27 - [MESSAGE][PASSED] - Object: 'Object Repository/Modulo Pruebas SST/Seguimiento_a_accidente laborales_enfermedades_laborales_y_comunes/a_Nombre_form_listadoSolicitudElementoj_idt65' is clicked on

2021-12-29 18:17:27 - [TEST_STEP][PASSED] - setText(findTestObject("Modulo Pruebas SST/Seguimiento_a_accidente laborales_enfermedades_laborales_y_comunes/input_Filtro Hoja de Vida_formPopupHojaVidaj_idt7951"), "A A A"): Text 'A A A' is set on object 'Object Repository/Modulo Pruebas SST/Seguimiento_a_accidente laborales_enfermedades_laborales_y_comunes/input_Filtro Hoja de Vida_formPopupHojaVidaj_idt7951'

2021-12-29 18:17:28 - [MESSAGE][PASSED] - Text 'A A A' is set on object 'Object Repository/Modulo Pruebas SST/Seguimiento_a_accidente laborales_enfermedades_laborales_y_comunes/input_Filtro Hoja de Vida_formPopupHojaVidaj_idt7951'

2021-12-29 18:17:28 - [TEST_STEP][PASSED] - sendKeys(findTestObject("Modulo Pruebas SST/Seguimiento_a_accidente laborales_enfermedades_laborales_y_comunes/input_Filtro Hoja de Vida_formPopupHojaVidaj_idt7951"), Keys.chord(ENTER)): Keys 'ENTER + ' sent to object: 'Object Repository/Modulo Pruebas SST/Seguimiento_a_accidente laborales_enfermedades_laborales_y_comunes/input_Filtro Hoja de Vida_formPopupHojaVidaj_idt7951'

2021-12-29 18:17:29 - [MESSAGE][PASSED] - Keys 'ENTER + ' sent to object: 'Object Repository/Modulo Pruebas SST/Seguimiento_a_accidente laborales_enfermedades_laborales_y_comunes/input_Filtro Hoja de Vida_formPopupHojaVidaj_idt7951'

2021-12-29 18:17:29 - [TEST_STEP][PASSED] - if (waitForElementClickable(findTestObject("Modulo Pruebas SST/Seguimiento_a_accidente laborales_enfermedades_laborales_y_comunes/span_A A A"), 1)): null

2021-12-29 18:17:29 - [MESSAGE][PASSED] - Object 'Object Repository/Modulo Pruebas SST/Seguimiento_a_accidente laborales_enfermedades_laborales_y_comunes/span_A A A' is clickable

2021-12-29 18:17:29 - [TEST_STEP][PASSED] - click(findTestObject("Modulo Pruebas SST/Seguimiento_a_accidente laborales_enfermedades_laborales_y_comunes/span_A A A")): Object: 'Object Repository/Modulo Pruebas SST/Seguimiento_a_accidente laborales_enfermedades_laborales_y_comunes/span_A A A' is clicked on

2021-12-29 18:17:30 - [MESSAGE][PASSED] - Object: 'Object Repository/Modulo Pruebas SST/Seguimiento_a_accidente laborales_enfermedades_laborales_y_comunes/span_A A A' is clicked on

2021-12-29 18:17:30 - [TEST_STEP][PASSED] - if (waitForElementPresent(findTestObject("Modulo Pruebas SST/Seguimiento_a_accidente laborales_enfermedades_laborales_y_comunes/td_1010220596 - A A A"), 1)): null

2021-12-29 18:17:31 - [MESSAGE][PASSED] - Object 'Object Repository/Modulo Pruebas SST/Seguimiento_a_accidente laborales_enfermedades_laborales_y_comunes/td_1010220596 - A A A' is present

2021-12-29 18:17:31 - [TEST_STEP][PASSED] - click(findTestObject("Modulo Pruebas SST/Seguimiento_a_accidente laborales_enfermedades_laborales_y_comunes/td_1010220596 - A A A"), STOP_ON_FAILURE): Object: 'Object Repository/Modulo Pruebas SST/Seguimiento_a_accidente laborales_enfermedades_laborales_y_comunes/td_1010220596 - A A A' is clicked on

2021-12-29 18:17:31 - [MESSAGE][PASSED] - Object: 'Object Repository/Modulo Pruebas SST/Seguimiento_a_accidente laborales_enfermedades_laborales_y_comunes/td_1010220596 - A A A' is clicked on

2021-12-29 18:17:31 - [TEST_STEP][PASSED] - click(findTestObject("Modulo Pruebas SST/Seguimiento_a_accidente laborales_enfermedades_laborales_y_comunes/a_Dictamen")): Object: 'Object Repository/Modulo Pruebas SST/Seguimiento_a_accidente laborales_enfermedades_laborales_y_comunes/a_Dictamen' is clicked on

2021-12-29 18:17:31 - [MESSAGE][PASSED] - Object: 'Object Repository/Modulo Pruebas SST/Seguimiento_a_accidente laborales_enfermedades_laborales_y_comunes/a_Dictamen' is clicked on

2021-12-29 18:17:31 - [TEST_STEP][PASSED] - if (waitForElementPresent(findTestObject("Modulo Pruebas SST/Seguimiento_a_accidente laborales_enfermedades_laborales_y_comunes/td_ALMANZA NOVOA JOHN ALEXANDRE"), 1)): Object 'Object Repository/Modulo Pruebas SST/Seguimiento_a_accidente laborales_enfermedades_laborales_y_comunes/td_ALMANZA NOVOA JOHN ALEXANDRE' is not present after 1 second(s)

2021-12-29 18:17:34 - [MESSAGE][INFO] - Unable to find the element located by 'By.xpath: //*/text()[normalize-space(.)='ALMANZA NOVOA JOHN ALEXANDRE']/parent::*'. Please recheck the objects properties to make sure the desired element is located. 

2021-12-29 18:17:34 - [MESSAGE][WARNING] - Object 'Object Repository/Modulo Pruebas SST/Seguimiento_a_accidente laborales_enfermedades_laborales_y_comunes/td_ALMANZA NOVOA JOHN ALEXANDRE' is not present after 1 second(s)

2021-12-29 18:17:34 - [TEST_STEP][PASSED] - click(findTestObject("Modulo Pruebas SST/Seguimiento_a_accidente laborales_enfermedades_laborales_y_comunes/a_Regresar")): Object: 'Object Repository/Modulo Pruebas SST/Seguimiento_a_accidente laborales_enfermedades_laborales_y_comunes/a_Regresar' is clicked on

2021-12-29 18:17:34 - [MESSAGE][PASSED] - Object: 'Object Repository/Modulo Pruebas SST/Seguimiento_a_accidente laborales_enfermedades_laborales_y_comunes/a_Regresar' is clicked on

2021-12-29 18:17:34 - [TEST_STEP][PASSED] - click(findTestObject("Modulo Pruebas SST/Seguimiento_a_accidente laborales_enfermedades_laborales_y_comunes/a_Nombre_form_listadoSolicitudElementoj_idt65")): Object: 'Object Repository/Modulo Pruebas SST/Seguimiento_a_accidente laborales_enfermedades_laborales_y_comunes/a_Nombre_form_listadoSolicitudElementoj_idt65' is clicked on

2021-12-29 18:17:35 - [MESSAGE][PASSED] - Object: 'Object Repository/Modulo Pruebas SST/Seguimiento_a_accidente laborales_enfermedades_laborales_y_comunes/a_Nombre_form_listadoSolicitudElementoj_idt65' is clicked on

2021-12-29 18:17:35 - [TEST_STEP][PASSED] - setText(findTestObject("Modulo Pruebas SST/Seguimiento_a_accidente laborales_enfermedades_laborales_y_comunes/input_Filtro Hoja de Vida_formPopupHojaVidaj_idt7951"), "A A A"): Text 'A A A' is set on object 'Object Repository/Modulo Pruebas SST/Seguimiento_a_accidente laborales_enfermedades_laborales_y_comunes/input_Filtro Hoja de Vida_formPopupHojaVidaj_idt7951'

2021-12-29 18:17:36 - [MESSAGE][PASSED] - Text 'A A A' is set on object 'Object Repository/Modulo Pruebas SST/Seguimiento_a_accidente laborales_enfermedades_laborales_y_comunes/input_Filtro Hoja de Vida_formPopupHojaVidaj_idt7951'

2021-12-29 18:17:36 - [TEST_STEP][PASSED] - sendKeys(findTestObject("Modulo Pruebas SST/Seguimiento_a_accidente laborales_enfermedades_laborales_y_comunes/input_Filtro Hoja de Vida_formPopupHojaVidaj_idt7951"), Keys.chord(ENTER)): Keys 'ENTER + ' sent to object: 'Object Repository/Modulo Pruebas SST/Seguimiento_a_accidente laborales_enfermedades_laborales_y_comunes/input_Filtro Hoja de Vida_formPopupHojaVidaj_idt7951'

2021-12-29 18:17:36 - [MESSAGE][PASSED] - Keys 'ENTER + ' sent to object: 'Object Repository/Modulo Pruebas SST/Seguimiento_a_accidente laborales_enfermedades_laborales_y_comunes/input_Filtro Hoja de Vida_formPopupHojaVidaj_idt7951'

2021-12-29 18:17:36 - [TEST_STEP][PASSED] - click(findTestObject("Modulo Pruebas SST/Seguimiento_a_accidente laborales_enfermedades_laborales_y_comunes/span_A A A")): Object: 'Object Repository/Modulo Pruebas SST/Seguimiento_a_accidente laborales_enfermedades_laborales_y_comunes/span_A A A' is clicked on

2021-12-29 18:17:37 - [MESSAGE][PASSED] - Object: 'Object Repository/Modulo Pruebas SST/Seguimiento_a_accidente laborales_enfermedades_laborales_y_comunes/span_A A A' is clicked on

2021-12-29 18:17:37 - [TEST_STEP][FAILED] - click(findTestObject("Modulo Pruebas SST/Seguimiento_a_accidente laborales_enfermedades_laborales_y_comunes/a_Novedades")): Unable to click on object 'Object Repository/Modulo Pruebas SST/Seguimiento_a_accidente laborales_enfermedades_laborales_y_comunes/a_Novedades' (Root cause: com.kms.katalon.core.exception.StepFailedException: Unable to click on object 'Object Repository/Modulo Pruebas SST/Seguimiento_a_accidente laborales_enfermedades_laborales_y_comunes/a_Novedades'
	at com.kms.katalon.core.webui.keyword.internal.WebUIKeywordMain.stepFailed(WebUIKeywordMain.groovy:64)
	at com.kms.katalon.core.webui.keyword.internal.WebUIKeywordMain.runKeyword(WebUIKeywordMain.groovy:26)
	at com.kms.katalon.core.webui.keyword.builtin.ClickKeyword.click(ClickKeyword.groovy:74)
	at com.kms.katalon.core.webui.keyword.builtin.ClickKeyword.execute(ClickKeyword.groovy:40)
	at com.kms.katalon.core.keyword.internal.KeywordExecutor.executeKeywordForPlatform(KeywordExecutor.groovy:74)
	at com.kms.katalon.core.webui.keyword.WebUiBuiltInKeywords.click(WebUiBuiltInKeywords.groovy:620)
	at com.kms.katalon.core.webui.keyword.WebUiBuiltInKeywords$click$5.call(Unknown Source)
	at 5.1.3-Seguimiento_a_accidente laborales_enfermedades_laborales_y_comunes.run(5.1.3-Seguimiento_a_accidente laborales_enfermedades_laborales_y_comunes:70)
	at com.kms.katalon.core.main.ScriptEngine.run(ScriptEngine.java:194)
	at com.kms.katalon.core.main.ScriptEngine.runScriptAsRawText(ScriptEngine.java:119)
	at com.kms.katalon.core.main.TestCaseExecutor.runScript(TestCaseExecutor.java:442)
	at com.kms.katalon.core.main.TestCaseExecutor.doExecute(TestCaseExecutor.java:433)
	at com.kms.katalon.core.main.TestCaseExecutor.processExecutionPhase(TestCaseExecutor.java:412)
	at com.kms.katalon.core.main.TestCaseExecutor.accessMainPhase(TestCaseExecutor.java:404)
	at com.kms.katalon.core.main.TestCaseExecutor.execute(TestCaseExecutor.java:281)
	at com.kms.katalon.core.main.TestSuiteExecutor.accessTestCaseMainPhase(TestSuiteExecutor.java:202)
	at com.kms.katalon.core.main.TestSuiteExecutor.accessTestSuiteMainPhase(TestSuiteExecutor.java:164)
	at com.kms.katalon.core.main.TestSuiteExecutor.execute(TestSuiteExecutor.java:105)
	at com.kms.katalon.core.main.TestCaseMain.startTestSuite(TestCaseMain.java:181)
	at com.kms.katalon.core.main.TestCaseMain$startTestSuite$0.call(Unknown Source)
	at TempTestSuite1640819056891.run(TempTestSuite1640819056891.groovy:36)
Caused by: com.kms.katalon.core.webui.exception.WebElementNotFoundException: Web element with id: 'Object Repository/Modulo Pruebas SST/Seguimiento_a_accidente laborales_enfermedades_laborales_y_comunes/a_Novedades' located by '//a[@id='form_listadoSolicitudElemento:tablacaso:0:j_idt85']' not found
	at com.kms.katalon.core.webui.common.WebUiCommonHelper.findWebElement(WebUiCommonHelper.java:1368)
	at com.kms.katalon.core.webui.keyword.internal.WebUIAbstractKeyword.findWebElement(WebUIAbstractKeyword.groovy:27)
	at com.kms.katalon.core.webui.keyword.builtin.ClickKeyword$_click_closure1.doCall(ClickKeyword.groovy:65)
	at com.kms.katalon.core.webui.keyword.builtin.ClickKeyword$_click_closure1.call(ClickKeyword.groovy)
	at com.kms.katalon.core.webui.keyword.internal.WebUIKeywordMain.runKeyword(WebUIKeywordMain.groovy:20)
	at com.kms.katalon.core.webui.keyword.builtin.ClickKeyword.click(ClickKeyword.groovy:74)
	at com.kms.katalon.core.webui.keyword.builtin.ClickKeyword.execute(ClickKeyword.groovy:40)
	at com.kms.katalon.core.keyword.internal.KeywordExecutor.executeKeywordForPlatform(KeywordExecutor.groovy:74)
	at com.kms.katalon.core.webui.keyword.WebUiBuiltInKeywords.click(WebUiBuiltInKeywords.groovy:620)
	at com.kms.katalon.core.webui.keyword.WebUiBuiltInKeywords$click$5.call(Unknown Source)
	at Script1637858574132.run(Script1637858574132.groovy:70)
	... 13 more
)

2021-12-29 18:18:08 - [MESSAGE][INFO] - Unable to find the element located by 'By.xpath: //a[@id='form_listadoSolicitudElemento:tablacaso:0:j_idt85']'. Please recheck the objects properties to make sure the desired element is located. 

2021-12-29 18:18:09 - [MESSAGE][FAILED] - Unable to click on object 'Object Repository/Modulo Pruebas SST/Seguimiento_a_accidente laborales_enfermedades_laborales_y_comunes/a_Novedades' (Root cause: com.kms.katalon.core.exception.StepFailedException: Unable to click on object 'Object Repository/Modulo Pruebas SST/Seguimiento_a_accidente laborales_enfermedades_laborales_y_comunes/a_Novedades'
	at com.kms.katalon.core.webui.keyword.internal.WebUIKeywordMain.stepFailed(WebUIKeywordMain.groovy:64)
	at com.kms.katalon.core.webui.keyword.internal.WebUIKeywordMain.runKeyword(WebUIKeywordMain.groovy:26)
	at com.kms.katalon.core.webui.keyword.builtin.ClickKeyword.click(ClickKeyword.groovy:74)
	at com.kms.katalon.core.webui.keyword.builtin.ClickKeyword.execute(ClickKeyword.groovy:40)
	at com.kms.katalon.core.keyword.internal.KeywordExecutor.executeKeywordForPlatform(KeywordExecutor.groovy:74)
	at com.kms.katalon.core.webui.keyword.WebUiBuiltInKeywords.click(WebUiBuiltInKeywords.groovy:620)
	at com.kms.katalon.core.webui.keyword.WebUiBuiltInKeywords$click$5.call(Unknown Source)
	at 5.1.3-Seguimiento_a_accidente laborales_enfermedades_laborales_y_comunes.run(5.1.3-Seguimiento_a_accidente laborales_enfermedades_laborales_y_comunes:70)
	at com.kms.katalon.core.main.ScriptEngine.run(ScriptEngine.java:194)
	at com.kms.katalon.core.main.ScriptEngine.runScriptAsRawText(ScriptEngine.java:119)
	at com.kms.katalon.core.main.TestCaseExecutor.runScript(TestCaseExecutor.java:442)
	at com.kms.katalon.core.main.TestCaseExecutor.doExecute(TestCaseExecutor.java:433)
	at com.kms.katalon.core.main.TestCaseExecutor.processExecutionPhase(TestCaseExecutor.java:412)
	at com.kms.katalon.core.main.TestCaseExecutor.accessMainPhase(TestCaseExecutor.java:404)
	at com.kms.katalon.core.main.TestCaseExecutor.execute(TestCaseExecutor.java:281)
	at com.kms.katalon.core.main.TestSuiteExecutor.accessTestCaseMainPhase(TestSuiteExecutor.java:202)
	at com.kms.katalon.core.main.TestSuiteExecutor.accessTestSuiteMainPhase(TestSuiteExecutor.java:164)
	at com.kms.katalon.core.main.TestSuiteExecutor.execute(TestSuiteExecutor.java:105)
	at com.kms.katalon.core.main.TestCaseMain.startTestSuite(TestCaseMain.java:181)
	at com.kms.katalon.core.main.TestCaseMain$startTestSuite$0.call(Unknown Source)
	at TempTestSuite1640819056891.run(TempTestSuite1640819056891.groovy:36)
Caused by: com.kms.katalon.core.webui.exception.WebElementNotFoundException: Web element with id: 'Object Repository/Modulo Pruebas SST/Seguimiento_a_accidente laborales_enfermedades_laborales_y_comunes/a_Novedades' located by '//a[@id='form_listadoSolicitudElemento:tablacaso:0:j_idt85']' not found
	at com.kms.katalon.core.webui.common.WebUiCommonHelper.findWebElement(WebUiCommonHelper.java:1368)
	at com.kms.katalon.core.webui.keyword.internal.WebUIAbstractKeyword.findWebElement(WebUIAbstractKeyword.groovy:27)
	at com.kms.katalon.core.webui.keyword.builtin.ClickKeyword$_click_closure1.doCall(ClickKeyword.groovy:65)
	at com.kms.katalon.core.webui.keyword.builtin.ClickKeyword$_click_closure1.call(ClickKeyword.groovy)
	at com.kms.katalon.core.webui.keyword.internal.WebUIKeywordMain.runKeyword(WebUIKeywordMain.groovy:20)
	at com.kms.katalon.core.webui.keyword.builtin.ClickKeyword.click(ClickKeyword.groovy:74)
	at com.kms.katalon.core.webui.keyword.builtin.ClickKeyword.execute(ClickKeyword.groovy:40)
	at com.kms.katalon.core.keyword.internal.KeywordExecutor.executeKeywordForPlatform(KeywordExecutor.groovy:74)
	at com.kms.katalon.core.webui.keyword.WebUiBuiltInKeywords.click(WebUiBuiltInKeywords.groovy:620)
	at com.kms.katalon.core.webui.keyword.WebUiBuiltInKeywords$click$5.call(Unknown Source)
	at Script1637858574132.run(Script1637858574132.groovy:70)
	... 13 more
)
[[ATTACHMENT|C:\\Users\\diego.rojas\\git\\Pruebas-Minimas\\Reports\\20211229_180359\\5-Pruebas SST\\20211229_180416\\1640819888894.png]]]]></system-out>
         <system-err><![CDATA[2021-12-29 18:17:14 - [TEST_CASE][FAILED] - Test Cases/5.1-Pruebas_SST/5.1.3-Seguimiento_a_accidente laborales_enfermedades_laborales_y_comunes: Test Cases/5.1-Pruebas_SST/5.1.3-Seguimiento_a_accidente laborales_enfermedades_laborales_y_comunes FAILED.
Reason:
com.kms.katalon.core.exception.StepFailedException: Unable to click on object 'Object Repository/Modulo Pruebas SST/Seguimiento_a_accidente laborales_enfermedades_laborales_y_comunes/a_Novedades'
	at com.kms.katalon.core.webui.keyword.internal.WebUIKeywordMain.stepFailed(WebUIKeywordMain.groovy:64)
	at com.kms.katalon.core.webui.keyword.internal.WebUIKeywordMain.runKeyword(WebUIKeywordMain.groovy:26)
	at com.kms.katalon.core.webui.keyword.builtin.ClickKeyword.click(ClickKeyword.groovy:74)
	at com.kms.katalon.core.webui.keyword.builtin.ClickKeyword.execute(ClickKeyword.groovy:40)
	at com.kms.katalon.core.keyword.internal.KeywordExecutor.executeKeywordForPlatform(KeywordExecutor.groovy:74)
	at com.kms.katalon.core.webui.keyword.WebUiBuiltInKeywords.click(WebUiBuiltInKeywords.groovy:620)
	at com.kms.katalon.core.webui.keyword.WebUiBuiltInKeywords$click$5.call(Unknown Source)
	at 5.1.3-Seguimiento_a_accidente laborales_enfermedades_laborales_y_comunes.run(5.1.3-Seguimiento_a_accidente laborales_enfermedades_laborales_y_comunes:70)
	at com.kms.katalon.core.main.ScriptEngine.run(ScriptEngine.java:194)
	at com.kms.katalon.core.main.ScriptEngine.runScriptAsRawText(ScriptEngine.java:119)
	at com.kms.katalon.core.main.TestCaseExecutor.runScript(TestCaseExecutor.java:442)
	at com.kms.katalon.core.main.TestCaseExecutor.doExecute(TestCaseExecutor.java:433)
	at com.kms.katalon.core.main.TestCaseExecutor.processExecutionPhase(TestCaseExecutor.java:412)
	at com.kms.katalon.core.main.TestCaseExecutor.accessMainPhase(TestCaseExecutor.java:404)
	at com.kms.katalon.core.main.TestCaseExecutor.execute(TestCaseExecutor.java:281)
	at com.kms.katalon.core.main.TestSuiteExecutor.accessTestCaseMainPhase(TestSuiteExecutor.java:202)
	at com.kms.katalon.core.main.TestSuiteExecutor.accessTestSuiteMainPhase(TestSuiteExecutor.java:164)
	at com.kms.katalon.core.main.TestSuiteExecutor.execute(TestSuiteExecutor.java:105)
	at com.kms.katalon.core.main.TestCaseMain.startTestSuite(TestCaseMain.java:181)
	at com.kms.katalon.core.main.TestCaseMain$startTestSuite$0.call(Unknown Source)
	at TempTestSuite1640819056891.run(TempTestSuite1640819056891.groovy:36)
Caused by: com.kms.katalon.core.webui.exception.WebElementNotFoundException: Web element with id: 'Object Repository/Modulo Pruebas SST/Seguimiento_a_accidente laborales_enfermedades_laborales_y_comunes/a_Novedades' located by '//a[@id='form_listadoSolicitudElemento:tablacaso:0:j_idt85']' not found
	at com.kms.katalon.core.webui.common.WebUiCommonHelper.findWebElement(WebUiCommonHelper.java:1368)
	at com.kms.katalon.core.webui.keyword.internal.WebUIAbstractKeyword.findWebElement(WebUIAbstractKeyword.groovy:27)
	at com.kms.katalon.core.webui.keyword.builtin.ClickKeyword$_click_closure1.doCall(ClickKeyword.groovy:65)
	at com.kms.katalon.core.webui.keyword.builtin.ClickKeyword$_click_closure1.call(ClickKeyword.groovy)
	at com.kms.katalon.core.webui.keyword.internal.WebUIKeywordMain.runKeyword(WebUIKeywordMain.groovy:20)
	... 19 more]]></system-err>
      </testcase>
      <testcase name="Test Cases/5.1-Pruebas_SST/5.1.4-Creación_de_Matriz_de_Peligros" time="64.716" classname="Test Cases/5.1-Pruebas_SST/5.1.4-Creación_de_Matriz_de_Peligros" status="FAILED">
         <failure type="FAILED" message="Test Cases/5.1-Pruebas_SST/5.1.4-Creación_de_Matriz_de_Peligros FAILED.
Reason:
com.kms.katalon.core.exception.StepFailedException: Unable to click on object 'Object Repository/Modulo Pruebas SST/Creación_de_Matriz_de_Peligros/a_Aceptar_Eliminar5'
	at com.kms.katalon.core.webui.keyword.internal.WebUIKeywordMain.stepFailed(WebUIKeywordMain.groovy:64)
	at com.kms.katalon.core.webui.keyword.internal.WebUIKeywordMain.runKeyword(WebUIKeywordMain.groovy:26)
	at com.kms.katalon.core.webui.keyword.builtin.ClickKeyword.click(ClickKeyword.groovy:74)
	at com.kms.katalon.core.webui.keyword.builtin.ClickKeyword.execute(ClickKeyword.groovy:40)
	at com.kms.katalon.core.keyword.internal.KeywordExecutor.executeKeywordForPlatform(KeywordExecutor.groovy:74)
	at com.kms.katalon.core.webui.keyword.WebUiBuiltInKeywords.click(WebUiBuiltInKeywords.groovy:620)
	at com.kms.katalon.core.webui.keyword.WebUiBuiltInKeywords$click$5.call(Unknown Source)
	at 5.1.4-Creación_de_Matriz_de_Peligros.run(5.1.4-Creación_de_Matriz_de_Peligros:89)
	at com.kms.katalon.core.main.ScriptEngine.run(ScriptEngine.java:194)
	at com.kms.katalon.core.main.ScriptEngine.runScriptAsRawText(ScriptEngine.java:119)
	at com.kms.katalon.core.main.TestCaseExecutor.runScript(TestCaseExecutor.java:442)
	at com.kms.katalon.core.main.TestCaseExecutor.doExecute(TestCaseExecutor.java:433)
	at com.kms.katalon.core.main.TestCaseExecutor.processExecutionPhase(TestCaseExecutor.java:412)
	at com.kms.katalon.core.main.TestCaseExecutor.accessMainPhase(TestCaseExecutor.java:404)
	at com.kms.katalon.core.main.TestCaseExecutor.execute(TestCaseExecutor.java:281)
	at com.kms.katalon.core.main.TestSuiteExecutor.accessTestCaseMainPhase(TestSuiteExecutor.java:202)
	at com.kms.katalon.core.main.TestSuiteExecutor.accessTestSuiteMainPhase(TestSuiteExecutor.java:164)
	at com.kms.katalon.core.main.TestSuiteExecutor.execute(TestSuiteExecutor.java:105)
	at com.kms.katalon.core.main.TestCaseMain.startTestSuite(TestCaseMain.java:181)
	at com.kms.katalon.core.main.TestCaseMain$startTestSuite$0.call(Unknown Source)
	at TempTestSuite1640819056891.run(TempTestSuite1640819056891.groovy:36)
Caused by: com.kms.katalon.core.webui.exception.WebElementNotFoundException: Web element with id: 'Object Repository/Modulo Pruebas SST/Creación_de_Matriz_de_Peligros/a_Aceptar_Eliminar5' located by '//a[@onclick=&quot;mojarra.jsfcljs(document.getElementById('popupConfirmacionDialog'),{'popupConfirmacionDialog:j_idt598':'popupConfirmacionDialog:j_idt598'},'');return false&quot;]' not found
	at com.kms.katalon.core.webui.common.WebUiCommonHelper.findWebElement(WebUiCommonHelper.java:1368)
	at com.kms.katalon.core.webui.keyword.internal.WebUIAbstractKeyword.findWebElement(WebUIAbstractKeyword.groovy:27)
	at com.kms.katalon.core.webui.keyword.builtin.ClickKeyword$_click_closure1.doCall(ClickKeyword.groovy:65)
	at com.kms.katalon.core.webui.keyword.builtin.ClickKeyword$_click_closure1.call(ClickKeyword.groovy)
	at com.kms.katalon.core.webui.keyword.internal.WebUIKeywordMain.runKeyword(WebUIKeywordMain.groovy:20)
	... 19 more
"/>
         <system-out><![CDATA[2021-12-29 18:18:09 - [TEST_CASE][FAILED] - Test Cases/5.1-Pruebas_SST/5.1.4-Creación_de_Matriz_de_Peligros: Test Cases/5.1-Pruebas_SST/5.1.4-Creación_de_Matriz_de_Peligros FAILED.
Reason:
com.kms.katalon.core.exception.StepFailedException: Unable to click on object 'Object Repository/Modulo Pruebas SST/Creación_de_Matriz_de_Peligros/a_Aceptar_Eliminar5'
	at com.kms.katalon.core.webui.keyword.internal.WebUIKeywordMain.stepFailed(WebUIKeywordMain.groovy:64)
	at com.kms.katalon.core.webui.keyword.internal.WebUIKeywordMain.runKeyword(WebUIKeywordMain.groovy:26)
	at com.kms.katalon.core.webui.keyword.builtin.ClickKeyword.click(ClickKeyword.groovy:74)
	at com.kms.katalon.core.webui.keyword.builtin.ClickKeyword.execute(ClickKeyword.groovy:40)
	at com.kms.katalon.core.keyword.internal.KeywordExecutor.executeKeywordForPlatform(KeywordExecutor.groovy:74)
	at com.kms.katalon.core.webui.keyword.WebUiBuiltInKeywords.click(WebUiBuiltInKeywords.groovy:620)
	at com.kms.katalon.core.webui.keyword.WebUiBuiltInKeywords$click$5.call(Unknown Source)
	at 5.1.4-Creación_de_Matriz_de_Peligros.run(5.1.4-Creación_de_Matriz_de_Peligros:89)
	at com.kms.katalon.core.main.ScriptEngine.run(ScriptEngine.java:194)
	at com.kms.katalon.core.main.ScriptEngine.runScriptAsRawText(ScriptEngine.java:119)
	at com.kms.katalon.core.main.TestCaseExecutor.runScript(TestCaseExecutor.java:442)
	at com.kms.katalon.core.main.TestCaseExecutor.doExecute(TestCaseExecutor.java:433)
	at com.kms.katalon.core.main.TestCaseExecutor.processExecutionPhase(TestCaseExecutor.java:412)
	at com.kms.katalon.core.main.TestCaseExecutor.accessMainPhase(TestCaseExecutor.java:404)
	at com.kms.katalon.core.main.TestCaseExecutor.execute(TestCaseExecutor.java:281)
	at com.kms.katalon.core.main.TestSuiteExecutor.accessTestCaseMainPhase(TestSuiteExecutor.java:202)
	at com.kms.katalon.core.main.TestSuiteExecutor.accessTestSuiteMainPhase(TestSuiteExecutor.java:164)
	at com.kms.katalon.core.main.TestSuiteExecutor.execute(TestSuiteExecutor.java:105)
	at com.kms.katalon.core.main.TestCaseMain.startTestSuite(TestCaseMain.java:181)
	at com.kms.katalon.core.main.TestCaseMain$startTestSuite$0.call(Unknown Source)
	at TempTestSuite1640819056891.run(TempTestSuite1640819056891.groovy:36)
Caused by: com.kms.katalon.core.webui.exception.WebElementNotFoundException: Web element with id: 'Object Repository/Modulo Pruebas SST/Creación_de_Matriz_de_Peligros/a_Aceptar_Eliminar5' located by '//a[@onclick="mojarra.jsfcljs(document.getElementById('popupConfirmacionDialog'),{'popupConfirmacionDialog:j_idt598':'popupConfirmacionDialog:j_idt598'},'');return false"]' not found
	at com.kms.katalon.core.webui.common.WebUiCommonHelper.findWebElement(WebUiCommonHelper.java:1368)
	at com.kms.katalon.core.webui.keyword.internal.WebUIAbstractKeyword.findWebElement(WebUIAbstractKeyword.groovy:27)
	at com.kms.katalon.core.webui.keyword.builtin.ClickKeyword$_click_closure1.doCall(ClickKeyword.groovy:65)
	at com.kms.katalon.core.webui.keyword.builtin.ClickKeyword$_click_closure1.call(ClickKeyword.groovy)
	at com.kms.katalon.core.webui.keyword.internal.WebUIKeywordMain.runKeyword(WebUIKeywordMain.groovy:20)
	... 19 more


2021-12-29 18:18:09 - [TEST_STEP][PASSED] - callTestCase(findTestCase("0.1-Login"), [:], STOP_ON_FAILURE): Call Test Case 'Test Cases/0.1-Login' successfully

2021-12-29 18:18:09 - [TEST_CASE][PASSED] - Test Cases/0.1-Login: Test Cases/0.1-Login

2021-12-29 18:18:09 - [TEST_STEP][PASSED] - openBrowser(""): Browser is opened with url: ''

2021-12-29 18:18:09 - [MESSAGE][WARNING] - A browser is already opened. Closing browser and opening a new one

2021-12-29 18:18:10 - [MESSAGE][INFO] - Starting 'Chrome' driver

2021-12-29 18:18:10 - [MESSAGE][INFO] - Action delay is set to 0 milliseconds

2021-12-29 18:18:11 - [MESSAGE][PASSED] - Browser is opened with url: ''

2021-12-29 18:18:11 - [TEST_STEP][PASSED] - maximizeWindow(): Current window maximized

2021-12-29 18:18:11 - [MESSAGE][PASSED] - Current window maximized

2021-12-29 18:18:11 - [TEST_STEP][PASSED] - i = G_Login: null

2021-12-29 18:18:11 - [TEST_STEP][PASSED] - url = new java.net.URL(i): null

2021-12-29 18:18:11 - [TEST_STEP][PASSED] - println("URL: " + url.toString()): null

2021-12-29 18:18:11 - [TEST_STEP][PASSED] - connection = url.openConnection(): null

2021-12-29 18:18:11 - [TEST_STEP][PASSED] - connection.setRequestMethod("GET"): null

2021-12-29 18:18:11 - [TEST_STEP][PASSED] - connection.setReadTimeout(2 * 1000): null

2021-12-29 18:18:11 - [TEST_STEP][PASSED] - try: null

2021-12-29 18:18:11 - [TEST_STEP][PASSED] - connection.connect(): null

2021-12-29 18:18:11 - [TEST_STEP][PASSED] - flag = connected: null

2021-12-29 18:18:11 - [TEST_STEP][PASSED] - println("Valor_ori: " + flag): null

2021-12-29 18:18:11 - [TEST_STEP][PASSED] - if (flag): null

2021-12-29 18:18:11 - [TEST_STEP][PASSED] - navigateToUrl(i): Navigate to 'http://192.168.2.80:8380/saraweb' successfully

2021-12-29 18:18:12 - [MESSAGE][PASSED] - Navigate to 'http://192.168.2.80:8380/saraweb' successfully

2021-12-29 18:18:12 - [TEST_STEP][PASSED] - a(): null

2021-12-29 18:18:12 - [TEST_STEP][PASSED] - setText(findTestObject("Login/input_USUARIO_loginusuario"), G_Usuario): Text 'saraadmin' is set on object 'Object Repository/Login/input_USUARIO_loginusuario'

2021-12-29 18:18:13 - [MESSAGE][PASSED] - Text 'saraadmin' is set on object 'Object Repository/Login/input_USUARIO_loginusuario'

2021-12-29 18:18:13 - [TEST_STEP][PASSED] - setEncryptedText(findTestObject("Login/input_CLAVE_loginpassword"), "MkG4/TYiCFC3cb2driP7+Q=="): Text ****** has been set on object 'Object Repository/Login/input_CLAVE_loginpassword'

2021-12-29 18:18:13 - [MESSAGE][PASSED] - Text ****** has been set on object 'Object Repository/Login/input_CLAVE_loginpassword'

2021-12-29 18:18:13 - [TEST_STEP][PASSED] - waitForElementClickable(findTestObject("Login/a_Ingresar"), G_TimeOut): Object 'Object Repository/Login/a_Ingresar' is clickable

2021-12-29 18:18:14 - [MESSAGE][PASSED] - Object 'Object Repository/Login/a_Ingresar' is clickable

2021-12-29 18:18:14 - [TEST_STEP][PASSED] - click(findTestObject("Login/a_Ingresar")): Object: 'Object Repository/Login/a_Ingresar' is clicked on

2021-12-29 18:18:16 - [MESSAGE][PASSED] - Object: 'Object Repository/Login/a_Ingresar' is clicked on

2021-12-29 18:18:16 - [TEST_STEP][PASSED] - element = findWebElement(findTestObject("Login/a_Ir"), 30): null

2021-12-29 18:18:16 - [TEST_STEP][PASSED] - executeJavaScript("arguments[0].click()", Arrays.asList(element)): Execute JavaScript 'arguments[0].click()' successfully

2021-12-29 18:18:16 - [MESSAGE][PASSED] - Execute JavaScript 'arguments[0].click()' successfully

2021-12-29 18:18:16 - [MESSAGE][PASSED] - Call Test Case 'Test Cases/0.1-Login' successfully

2021-12-29 18:18:16 - [TEST_STEP][PASSED] - setText(findTestObject("Modulo Pruebas SST/Creación_de_Matriz_de_Peligros/input_Listado Caso Atep_form_templatej_idt24_input"), "Matriz de peligros"): Text 'Matriz de peligros' is set on object 'Object Repository/Modulo Pruebas SST/Creación_de_Matriz_de_Peligros/input_Listado Caso Atep_form_templatej_idt24_input'

2021-12-29 18:18:18 - [MESSAGE][PASSED] - Text 'Matriz de peligros' is set on object 'Object Repository/Modulo Pruebas SST/Creación_de_Matriz_de_Peligros/input_Listado Caso Atep_form_templatej_idt24_input'

2021-12-29 18:18:18 - [TEST_STEP][PASSED] - click(findTestObject("Modulo Pruebas SST/Creación_de_Matriz_de_Peligros/li_Matriz de peligros (sst)")): Object: 'Object Repository/Modulo Pruebas SST/Creación_de_Matriz_de_Peligros/li_Matriz de peligros (sst)' is clicked on

2021-12-29 18:18:19 - [MESSAGE][PASSED] - Object: 'Object Repository/Modulo Pruebas SST/Creación_de_Matriz_de_Peligros/li_Matriz de peligros (sst)' is clicked on

2021-12-29 18:18:19 - [TEST_STEP][PASSED] - selectOptionByIndex(findTestObject("Modulo Pruebas SST/Creación_de_Matriz_de_Peligros/select_Periodo_principal"), 2): All options with index in [2] are selected on object 'Object Repository/Modulo Pruebas SST/Creación_de_Matriz_de_Peligros/select_Periodo_principal'

2021-12-29 18:18:23 - [MESSAGE][PASSED] - All options with index in [2] are selected on object 'Object Repository/Modulo Pruebas SST/Creación_de_Matriz_de_Peligros/select_Periodo_principal'

2021-12-29 18:18:23 - [TEST_STEP][PASSED] - selectOptionByIndex(findTestObject("Modulo Pruebas SST/Creación_de_Matriz_de_Peligros/select_Empresa_principal"), 1): All options with index in [1] are selected on object 'Object Repository/Modulo Pruebas SST/Creación_de_Matriz_de_Peligros/select_Empresa_principal'

2021-12-29 18:18:24 - [MESSAGE][PASSED] - All options with index in [1] are selected on object 'Object Repository/Modulo Pruebas SST/Creación_de_Matriz_de_Peligros/select_Empresa_principal'

2021-12-29 18:18:24 - [TEST_STEP][PASSED] - if (waitForElementPresent(findTestObject("Modulo Pruebas SST/Creación_de_Matriz_de_Peligros/td_PRUEBA KATALON"), 1)): null

2021-12-29 18:18:25 - [MESSAGE][PASSED] - Object 'Object Repository/Modulo Pruebas SST/Creación_de_Matriz_de_Peligros/td_PRUEBA KATALON' is present

2021-12-29 18:18:25 - [TEST_STEP][PASSED] - click(findTestObject("Modulo Pruebas SST/Creación_de_Matriz_de_Peligros/a_Fsico. - Riesgo Fsico_form_listadoMatrizPeligrotablaMatrizPeligroDetalle1j_idt138")): Object: 'Object Repository/Modulo Pruebas SST/Creación_de_Matriz_de_Peligros/a_Fsico. - Riesgo Fsico_form_listadoMatrizPeligrotablaMatrizPeligroDetalle1j_idt138' is clicked on

2021-12-29 18:18:25 - [MESSAGE][PASSED] - Object: 'Object Repository/Modulo Pruebas SST/Creación_de_Matriz_de_Peligros/a_Fsico. - Riesgo Fsico_form_listadoMatrizPeligrotablaMatrizPeligroDetalle1j_idt138' is clicked on

2021-12-29 18:18:25 - [TEST_STEP][PASSED] - click(findTestObject("Modulo Pruebas SST/Creación_de_Matriz_de_Peligros/a_Anexos_Eliminar")): Object: 'Object Repository/Modulo Pruebas SST/Creación_de_Matriz_de_Peligros/a_Anexos_Eliminar' is clicked on

2021-12-29 18:18:26 - [MESSAGE][PASSED] - Object: 'Object Repository/Modulo Pruebas SST/Creación_de_Matriz_de_Peligros/a_Anexos_Eliminar' is clicked on

2021-12-29 18:18:26 - [TEST_STEP][PASSED] - if (waitForElementPresent(findTestObject("Modulo Pruebas SST/Creación_de_Matriz_de_Peligros/td_Pruebas k"), 1)): Object 'Object Repository/Modulo Pruebas SST/Creación_de_Matriz_de_Peligros/td_Pruebas k' is not present after 1 second(s)

2021-12-29 18:18:28 - [MESSAGE][INFO] - Unable to find the element located by 'By.xpath: (.//*[normalize-space(text()) and normalize-space(.)='prueba.pdf'])[1]/preceding::td[1]'. Please recheck the objects properties to make sure the desired element is located. 

2021-12-29 18:18:28 - [MESSAGE][WARNING] - Object 'Object Repository/Modulo Pruebas SST/Creación_de_Matriz_de_Peligros/td_Pruebas k' is not present after 1 second(s)

2021-12-29 18:18:28 - [TEST_STEP][PASSED] - click(findTestObject("Modulo Pruebas SST/Creación_de_Matriz_de_Peligros/a_Medida de intervencin_Eliminar"), STOP_ON_FAILURE): Object: 'Object Repository/Modulo Pruebas SST/Creación_de_Matriz_de_Peligros/a_Medida de intervencin_Eliminar' is clicked on

2021-12-29 18:18:29 - [MESSAGE][PASSED] - Object: 'Object Repository/Modulo Pruebas SST/Creación_de_Matriz_de_Peligros/a_Medida de intervencin_Eliminar' is clicked on

2021-12-29 18:18:29 - [TEST_STEP][PASSED] - if (waitForElementPresent(findTestObject("Modulo Pruebas SST/Creación_de_Matriz_de_Peligros/td_PRUEBAS K (1)"), 1)): Object 'Object Repository/Modulo Pruebas SST/Creación_de_Matriz_de_Peligros/td_PRUEBAS K (1)' is not present after 1 second(s)

2021-12-29 18:18:31 - [MESSAGE][INFO] - Unable to find the element located by 'By.xpath: (.//*[normalize-space(text()) and normalize-space(.)='PRUEBAS K'])[2]/following::td[1]'. Please recheck the objects properties to make sure the desired element is located. 

2021-12-29 18:18:31 - [MESSAGE][WARNING] - Object 'Object Repository/Modulo Pruebas SST/Creación_de_Matriz_de_Peligros/td_PRUEBAS K (1)' is not present after 1 second(s)

2021-12-29 18:18:31 - [TEST_STEP][PASSED] - click(findTestObject("Modulo Pruebas SST/Creación_de_Matriz_de_Peligros/a_Niveles de Riesgo_Eliminar")): Object: 'Object Repository/Modulo Pruebas SST/Creación_de_Matriz_de_Peligros/a_Niveles de Riesgo_Eliminar' is clicked on

2021-12-29 18:18:31 - [MESSAGE][PASSED] - Object: 'Object Repository/Modulo Pruebas SST/Creación_de_Matriz_de_Peligros/a_Niveles de Riesgo_Eliminar' is clicked on

2021-12-29 18:18:31 - [TEST_STEP][PASSED] - if (waitForElementVisible(findTestObject("Modulo Pruebas SST/Creación_de_Matriz_de_Peligros/td_1"), 1)): Web element with id: 'Object Repository/Modulo Pruebas SST/Creación_de_Matriz_de_Peligros/td_1' located by '//*/text()[normalize-space(.)='4']/parent::*' not found

2021-12-29 18:18:34 - [MESSAGE][INFO] - Unable to find the element located by 'By.xpath: //*/text()[normalize-space(.)='4']/parent::*'. Please recheck the objects properties to make sure the desired element is located. 

2021-12-29 18:18:34 - [MESSAGE][WARNING] - Web element with id: 'Object Repository/Modulo Pruebas SST/Creación_de_Matriz_de_Peligros/td_1' located by '//*/text()[normalize-space(.)='4']/parent::*' not found

2021-12-29 18:18:34 - [TEST_STEP][PASSED] - click(findTestObject("Modulo Pruebas SST/Creación_de_Matriz_de_Peligros/a_Controles Existentes_Eliminar")): Object: 'Object Repository/Modulo Pruebas SST/Creación_de_Matriz_de_Peligros/a_Controles Existentes_Eliminar' is clicked on

2021-12-29 18:18:34 - [MESSAGE][PASSED] - Object: 'Object Repository/Modulo Pruebas SST/Creación_de_Matriz_de_Peligros/a_Controles Existentes_Eliminar' is clicked on

2021-12-29 18:18:34 - [TEST_STEP][PASSED] - if (waitForElementPresent(findTestObject("Modulo Pruebas SST/Creación_de_Matriz_de_Peligros/td_Individuo"), 1)): Object 'Object Repository/Modulo Pruebas SST/Creación_de_Matriz_de_Peligros/td_Individuo' is not present after 1 second(s)

2021-12-29 18:18:37 - [MESSAGE][INFO] - Unable to find the element located by 'By.xpath: //*/text()[normalize-space(.)='Individuo']/parent::*'. Please recheck the objects properties to make sure the desired element is located. 

2021-12-29 18:18:37 - [MESSAGE][WARNING] - Object 'Object Repository/Modulo Pruebas SST/Creación_de_Matriz_de_Peligros/td_Individuo' is not present after 1 second(s)

2021-12-29 18:18:37 - [TEST_STEP][PASSED] - click(findTestObject("Modulo Pruebas SST/Creación_de_Matriz_de_Peligros/a_Detalle")): Object: 'Object Repository/Modulo Pruebas SST/Creación_de_Matriz_de_Peligros/a_Detalle' is clicked on

2021-12-29 18:18:37 - [MESSAGE][PASSED] - Object: 'Object Repository/Modulo Pruebas SST/Creación_de_Matriz_de_Peligros/a_Detalle' is clicked on

2021-12-29 18:18:37 - [TEST_STEP][PASSED] - click(findTestObject("Modulo Pruebas SST/Creación_de_Matriz_de_Peligros/a_Eliminar3")): Object: 'Object Repository/Modulo Pruebas SST/Creación_de_Matriz_de_Peligros/a_Eliminar3' is clicked on

2021-12-29 18:18:38 - [MESSAGE][PASSED] - Object: 'Object Repository/Modulo Pruebas SST/Creación_de_Matriz_de_Peligros/a_Eliminar3' is clicked on

2021-12-29 18:18:38 - [TEST_STEP][PASSED] - click(findTestObject("Modulo Pruebas SST/Creación_de_Matriz_de_Peligros/a_Aceptar_Eliminar3")): Object: 'Object Repository/Modulo Pruebas SST/Creación_de_Matriz_de_Peligros/a_Aceptar_Eliminar3' is clicked on

2021-12-29 18:18:39 - [MESSAGE][PASSED] - Object: 'Object Repository/Modulo Pruebas SST/Creación_de_Matriz_de_Peligros/a_Aceptar_Eliminar3' is clicked on

2021-12-29 18:18:39 - [TEST_STEP][PASSED] - click(findTestObject("Modulo Pruebas SST/Creación_de_Matriz_de_Peligros/a_Eliminar4")): Object: 'Object Repository/Modulo Pruebas SST/Creación_de_Matriz_de_Peligros/a_Eliminar4' is clicked on

2021-12-29 18:18:39 - [MESSAGE][PASSED] - Object: 'Object Repository/Modulo Pruebas SST/Creación_de_Matriz_de_Peligros/a_Eliminar4' is clicked on

2021-12-29 18:18:39 - [TEST_STEP][PASSED] - click(findTestObject("Modulo Pruebas SST/Creación_de_Matriz_de_Peligros/a_Aceptar_Eliminar4")): Object: 'Object Repository/Modulo Pruebas SST/Creación_de_Matriz_de_Peligros/a_Aceptar_Eliminar4' is clicked on

2021-12-29 18:18:41 - [MESSAGE][PASSED] - Object: 'Object Repository/Modulo Pruebas SST/Creación_de_Matriz_de_Peligros/a_Aceptar_Eliminar4' is clicked on

2021-12-29 18:18:41 - [TEST_STEP][PASSED] - click(findTestObject("Modulo Pruebas SST/Creación_de_Matriz_de_Peligros/a_Eliminar5")): Object: 'Object Repository/Modulo Pruebas SST/Creación_de_Matriz_de_Peligros/a_Eliminar5' is clicked on

2021-12-29 18:18:42 - [MESSAGE][PASSED] - Object: 'Object Repository/Modulo Pruebas SST/Creación_de_Matriz_de_Peligros/a_Eliminar5' is clicked on

2021-12-29 18:18:42 - [TEST_STEP][FAILED] - click(findTestObject("Modulo Pruebas SST/Creación_de_Matriz_de_Peligros/a_Aceptar_Eliminar5")): Unable to click on object 'Object Repository/Modulo Pruebas SST/Creación_de_Matriz_de_Peligros/a_Aceptar_Eliminar5' (Root cause: com.kms.katalon.core.exception.StepFailedException: Unable to click on object 'Object Repository/Modulo Pruebas SST/Creación_de_Matriz_de_Peligros/a_Aceptar_Eliminar5'
	at com.kms.katalon.core.webui.keyword.internal.WebUIKeywordMain.stepFailed(WebUIKeywordMain.groovy:64)
	at com.kms.katalon.core.webui.keyword.internal.WebUIKeywordMain.runKeyword(WebUIKeywordMain.groovy:26)
	at com.kms.katalon.core.webui.keyword.builtin.ClickKeyword.click(ClickKeyword.groovy:74)
	at com.kms.katalon.core.webui.keyword.builtin.ClickKeyword.execute(ClickKeyword.groovy:40)
	at com.kms.katalon.core.keyword.internal.KeywordExecutor.executeKeywordForPlatform(KeywordExecutor.groovy:74)
	at com.kms.katalon.core.webui.keyword.WebUiBuiltInKeywords.click(WebUiBuiltInKeywords.groovy:620)
	at com.kms.katalon.core.webui.keyword.WebUiBuiltInKeywords$click$5.call(Unknown Source)
	at 5.1.4-Creación_de_Matriz_de_Peligros.run(5.1.4-Creación_de_Matriz_de_Peligros:89)
	at com.kms.katalon.core.main.ScriptEngine.run(ScriptEngine.java:194)
	at com.kms.katalon.core.main.ScriptEngine.runScriptAsRawText(ScriptEngine.java:119)
	at com.kms.katalon.core.main.TestCaseExecutor.runScript(TestCaseExecutor.java:442)
	at com.kms.katalon.core.main.TestCaseExecutor.doExecute(TestCaseExecutor.java:433)
	at com.kms.katalon.core.main.TestCaseExecutor.processExecutionPhase(TestCaseExecutor.java:412)
	at com.kms.katalon.core.main.TestCaseExecutor.accessMainPhase(TestCaseExecutor.java:404)
	at com.kms.katalon.core.main.TestCaseExecutor.execute(TestCaseExecutor.java:281)
	at com.kms.katalon.core.main.TestSuiteExecutor.accessTestCaseMainPhase(TestSuiteExecutor.java:202)
	at com.kms.katalon.core.main.TestSuiteExecutor.accessTestSuiteMainPhase(TestSuiteExecutor.java:164)
	at com.kms.katalon.core.main.TestSuiteExecutor.execute(TestSuiteExecutor.java:105)
	at com.kms.katalon.core.main.TestCaseMain.startTestSuite(TestCaseMain.java:181)
	at com.kms.katalon.core.main.TestCaseMain$startTestSuite$0.call(Unknown Source)
	at TempTestSuite1640819056891.run(TempTestSuite1640819056891.groovy:36)
Caused by: com.kms.katalon.core.webui.exception.WebElementNotFoundException: Web element with id: 'Object Repository/Modulo Pruebas SST/Creación_de_Matriz_de_Peligros/a_Aceptar_Eliminar5' located by '//a[@onclick="mojarra.jsfcljs(document.getElementById('popupConfirmacionDialog'),{'popupConfirmacionDialog:j_idt598':'popupConfirmacionDialog:j_idt598'},'');return false"]' not found
	at com.kms.katalon.core.webui.common.WebUiCommonHelper.findWebElement(WebUiCommonHelper.java:1368)
	at com.kms.katalon.core.webui.keyword.internal.WebUIAbstractKeyword.findWebElement(WebUIAbstractKeyword.groovy:27)
	at com.kms.katalon.core.webui.keyword.builtin.ClickKeyword$_click_closure1.doCall(ClickKeyword.groovy:65)
	at com.kms.katalon.core.webui.keyword.builtin.ClickKeyword$_click_closure1.call(ClickKeyword.groovy)
	at com.kms.katalon.core.webui.keyword.internal.WebUIKeywordMain.runKeyword(WebUIKeywordMain.groovy:20)
	at com.kms.katalon.core.webui.keyword.builtin.ClickKeyword.click(ClickKeyword.groovy:74)
	at com.kms.katalon.core.webui.keyword.builtin.ClickKeyword.execute(ClickKeyword.groovy:40)
	at com.kms.katalon.core.keyword.internal.KeywordExecutor.executeKeywordForPlatform(KeywordExecutor.groovy:74)
	at com.kms.katalon.core.webui.keyword.WebUiBuiltInKeywords.click(WebUiBuiltInKeywords.groovy:620)
	at com.kms.katalon.core.webui.keyword.WebUiBuiltInKeywords$click$5.call(Unknown Source)
	at Script1637871030329.run(Script1637871030329.groovy:89)
	... 13 more
)

2021-12-29 18:19:13 - [MESSAGE][INFO] - Unable to find the element located by 'By.xpath: //a[@onclick="mojarra.jsfcljs(document.getElementById('popupConfirmacionDialog'),{'popupConfirmacionDialog:j_idt598':'popupConfirmacionDialog:j_idt598'},'');return false"]'. Please recheck the objects properties to make sure the desired element is located. 

2021-12-29 18:19:13 - [MESSAGE][FAILED] - Unable to click on object 'Object Repository/Modulo Pruebas SST/Creación_de_Matriz_de_Peligros/a_Aceptar_Eliminar5' (Root cause: com.kms.katalon.core.exception.StepFailedException: Unable to click on object 'Object Repository/Modulo Pruebas SST/Creación_de_Matriz_de_Peligros/a_Aceptar_Eliminar5'
	at com.kms.katalon.core.webui.keyword.internal.WebUIKeywordMain.stepFailed(WebUIKeywordMain.groovy:64)
	at com.kms.katalon.core.webui.keyword.internal.WebUIKeywordMain.runKeyword(WebUIKeywordMain.groovy:26)
	at com.kms.katalon.core.webui.keyword.builtin.ClickKeyword.click(ClickKeyword.groovy:74)
	at com.kms.katalon.core.webui.keyword.builtin.ClickKeyword.execute(ClickKeyword.groovy:40)
	at com.kms.katalon.core.keyword.internal.KeywordExecutor.executeKeywordForPlatform(KeywordExecutor.groovy:74)
	at com.kms.katalon.core.webui.keyword.WebUiBuiltInKeywords.click(WebUiBuiltInKeywords.groovy:620)
	at com.kms.katalon.core.webui.keyword.WebUiBuiltInKeywords$click$5.call(Unknown Source)
	at 5.1.4-Creación_de_Matriz_de_Peligros.run(5.1.4-Creación_de_Matriz_de_Peligros:89)
	at com.kms.katalon.core.main.ScriptEngine.run(ScriptEngine.java:194)
	at com.kms.katalon.core.main.ScriptEngine.runScriptAsRawText(ScriptEngine.java:119)
	at com.kms.katalon.core.main.TestCaseExecutor.runScript(TestCaseExecutor.java:442)
	at com.kms.katalon.core.main.TestCaseExecutor.doExecute(TestCaseExecutor.java:433)
	at com.kms.katalon.core.main.TestCaseExecutor.processExecutionPhase(TestCaseExecutor.java:412)
	at com.kms.katalon.core.main.TestCaseExecutor.accessMainPhase(TestCaseExecutor.java:404)
	at com.kms.katalon.core.main.TestCaseExecutor.execute(TestCaseExecutor.java:281)
	at com.kms.katalon.core.main.TestSuiteExecutor.accessTestCaseMainPhase(TestSuiteExecutor.java:202)
	at com.kms.katalon.core.main.TestSuiteExecutor.accessTestSuiteMainPhase(TestSuiteExecutor.java:164)
	at com.kms.katalon.core.main.TestSuiteExecutor.execute(TestSuiteExecutor.java:105)
	at com.kms.katalon.core.main.TestCaseMain.startTestSuite(TestCaseMain.java:181)
	at com.kms.katalon.core.main.TestCaseMain$startTestSuite$0.call(Unknown Source)
	at TempTestSuite1640819056891.run(TempTestSuite1640819056891.groovy:36)
Caused by: com.kms.katalon.core.webui.exception.WebElementNotFoundException: Web element with id: 'Object Repository/Modulo Pruebas SST/Creación_de_Matriz_de_Peligros/a_Aceptar_Eliminar5' located by '//a[@onclick="mojarra.jsfcljs(document.getElementById('popupConfirmacionDialog'),{'popupConfirmacionDialog:j_idt598':'popupConfirmacionDialog:j_idt598'},'');return false"]' not found
	at com.kms.katalon.core.webui.common.WebUiCommonHelper.findWebElement(WebUiCommonHelper.java:1368)
	at com.kms.katalon.core.webui.keyword.internal.WebUIAbstractKeyword.findWebElement(WebUIAbstractKeyword.groovy:27)
	at com.kms.katalon.core.webui.keyword.builtin.ClickKeyword$_click_closure1.doCall(ClickKeyword.groovy:65)
	at com.kms.katalon.core.webui.keyword.builtin.ClickKeyword$_click_closure1.call(ClickKeyword.groovy)
	at com.kms.katalon.core.webui.keyword.internal.WebUIKeywordMain.runKeyword(WebUIKeywordMain.groovy:20)
	at com.kms.katalon.core.webui.keyword.builtin.ClickKeyword.click(ClickKeyword.groovy:74)
	at com.kms.katalon.core.webui.keyword.builtin.ClickKeyword.execute(ClickKeyword.groovy:40)
	at com.kms.katalon.core.keyword.internal.KeywordExecutor.executeKeywordForPlatform(KeywordExecutor.groovy:74)
	at com.kms.katalon.core.webui.keyword.WebUiBuiltInKeywords.click(WebUiBuiltInKeywords.groovy:620)
	at com.kms.katalon.core.webui.keyword.WebUiBuiltInKeywords$click$5.call(Unknown Source)
	at Script1637871030329.run(Script1637871030329.groovy:89)
	... 13 more
)
[[ATTACHMENT|C:\\Users\\diego.rojas\\git\\Pruebas-Minimas\\Reports\\20211229_180359\\5-Pruebas SST\\20211229_180416\\1640819953580.png]]]]></system-out>
         <system-err><![CDATA[2021-12-29 18:18:09 - [TEST_CASE][FAILED] - Test Cases/5.1-Pruebas_SST/5.1.4-Creación_de_Matriz_de_Peligros: Test Cases/5.1-Pruebas_SST/5.1.4-Creación_de_Matriz_de_Peligros FAILED.
Reason:
com.kms.katalon.core.exception.StepFailedException: Unable to click on object 'Object Repository/Modulo Pruebas SST/Creación_de_Matriz_de_Peligros/a_Aceptar_Eliminar5'
	at com.kms.katalon.core.webui.keyword.internal.WebUIKeywordMain.stepFailed(WebUIKeywordMain.groovy:64)
	at com.kms.katalon.core.webui.keyword.internal.WebUIKeywordMain.runKeyword(WebUIKeywordMain.groovy:26)
	at com.kms.katalon.core.webui.keyword.builtin.ClickKeyword.click(ClickKeyword.groovy:74)
	at com.kms.katalon.core.webui.keyword.builtin.ClickKeyword.execute(ClickKeyword.groovy:40)
	at com.kms.katalon.core.keyword.internal.KeywordExecutor.executeKeywordForPlatform(KeywordExecutor.groovy:74)
	at com.kms.katalon.core.webui.keyword.WebUiBuiltInKeywords.click(WebUiBuiltInKeywords.groovy:620)
	at com.kms.katalon.core.webui.keyword.WebUiBuiltInKeywords$click$5.call(Unknown Source)
	at 5.1.4-Creación_de_Matriz_de_Peligros.run(5.1.4-Creación_de_Matriz_de_Peligros:89)
	at com.kms.katalon.core.main.ScriptEngine.run(ScriptEngine.java:194)
	at com.kms.katalon.core.main.ScriptEngine.runScriptAsRawText(ScriptEngine.java:119)
	at com.kms.katalon.core.main.TestCaseExecutor.runScript(TestCaseExecutor.java:442)
	at com.kms.katalon.core.main.TestCaseExecutor.doExecute(TestCaseExecutor.java:433)
	at com.kms.katalon.core.main.TestCaseExecutor.processExecutionPhase(TestCaseExecutor.java:412)
	at com.kms.katalon.core.main.TestCaseExecutor.accessMainPhase(TestCaseExecutor.java:404)
	at com.kms.katalon.core.main.TestCaseExecutor.execute(TestCaseExecutor.java:281)
	at com.kms.katalon.core.main.TestSuiteExecutor.accessTestCaseMainPhase(TestSuiteExecutor.java:202)
	at com.kms.katalon.core.main.TestSuiteExecutor.accessTestSuiteMainPhase(TestSuiteExecutor.java:164)
	at com.kms.katalon.core.main.TestSuiteExecutor.execute(TestSuiteExecutor.java:105)
	at com.kms.katalon.core.main.TestCaseMain.startTestSuite(TestCaseMain.java:181)
	at com.kms.katalon.core.main.TestCaseMain$startTestSuite$0.call(Unknown Source)
	at TempTestSuite1640819056891.run(TempTestSuite1640819056891.groovy:36)
Caused by: com.kms.katalon.core.webui.exception.WebElementNotFoundException: Web element with id: 'Object Repository/Modulo Pruebas SST/Creación_de_Matriz_de_Peligros/a_Aceptar_Eliminar5' located by '//a[@onclick="mojarra.jsfcljs(document.getElementById('popupConfirmacionDialog'),{'popupConfirmacionDialog:j_idt598':'popupConfirmacionDialog:j_idt598'},'');return false"]' not found
	at com.kms.katalon.core.webui.common.WebUiCommonHelper.findWebElement(WebUiCommonHelper.java:1368)
	at com.kms.katalon.core.webui.keyword.internal.WebUIAbstractKeyword.findWebElement(WebUIAbstractKeyword.groovy:27)
	at com.kms.katalon.core.webui.keyword.builtin.ClickKeyword$_click_closure1.doCall(ClickKeyword.groovy:65)
	at com.kms.katalon.core.webui.keyword.builtin.ClickKeyword$_click_closure1.call(ClickKeyword.groovy)
	at com.kms.katalon.core.webui.keyword.internal.WebUIKeywordMain.runKeyword(WebUIKeywordMain.groovy:20)
	... 19 more]]></system-err>
      </testcase>
      <testcase name="Test Cases/5.1-Pruebas_SST/5.1.5-Diligenciar_una_inspección" time="46.6" classname="Test Cases/5.1-Pruebas_SST/5.1.5-Diligenciar_una_inspección" status="PASSED">
         <system-out><![CDATA[2021-12-29 18:19:13 - [TEST_CASE][PASSED] - Test Cases/5.1-Pruebas_SST/5.1.5-Diligenciar_una_inspección: Test Cases/5.1-Pruebas_SST/5.1.5-Diligenciar_una_inspección

2021-12-29 18:19:14 - [TEST_STEP][PASSED] - callTestCase(findTestCase("0.1-Login"), [:], STOP_ON_FAILURE): Call Test Case 'Test Cases/0.1-Login' successfully

2021-12-29 18:19:14 - [TEST_CASE][PASSED] - Test Cases/0.1-Login: Test Cases/0.1-Login

2021-12-29 18:19:14 - [TEST_STEP][PASSED] - openBrowser(""): Browser is opened with url: ''

2021-12-29 18:19:14 - [MESSAGE][WARNING] - A browser is already opened. Closing browser and opening a new one

2021-12-29 18:19:14 - [MESSAGE][INFO] - Starting 'Chrome' driver

2021-12-29 18:19:14 - [MESSAGE][INFO] - Action delay is set to 0 milliseconds

2021-12-29 18:19:16 - [MESSAGE][PASSED] - Browser is opened with url: ''

2021-12-29 18:19:16 - [TEST_STEP][PASSED] - maximizeWindow(): Current window maximized

2021-12-29 18:19:16 - [MESSAGE][PASSED] - Current window maximized

2021-12-29 18:19:16 - [TEST_STEP][PASSED] - i = G_Login: null

2021-12-29 18:19:16 - [TEST_STEP][PASSED] - url = new java.net.URL(i): null

2021-12-29 18:19:16 - [TEST_STEP][PASSED] - println("URL: " + url.toString()): null

2021-12-29 18:19:16 - [TEST_STEP][PASSED] - connection = url.openConnection(): null

2021-12-29 18:19:16 - [TEST_STEP][PASSED] - connection.setRequestMethod("GET"): null

2021-12-29 18:19:16 - [TEST_STEP][PASSED] - connection.setReadTimeout(2 * 1000): null

2021-12-29 18:19:16 - [TEST_STEP][PASSED] - try: null

2021-12-29 18:19:16 - [TEST_STEP][PASSED] - connection.connect(): null

2021-12-29 18:19:16 - [TEST_STEP][PASSED] - flag = connected: null

2021-12-29 18:19:16 - [TEST_STEP][PASSED] - println("Valor_ori: " + flag): null

2021-12-29 18:19:16 - [TEST_STEP][PASSED] - if (flag): null

2021-12-29 18:19:16 - [TEST_STEP][PASSED] - navigateToUrl(i): Navigate to 'http://192.168.2.80:8380/saraweb' successfully

2021-12-29 18:19:17 - [MESSAGE][PASSED] - Navigate to 'http://192.168.2.80:8380/saraweb' successfully

2021-12-29 18:19:17 - [TEST_STEP][PASSED] - a(): null

2021-12-29 18:19:17 - [TEST_STEP][PASSED] - setText(findTestObject("Login/input_USUARIO_loginusuario"), G_Usuario): Text 'saraadmin' is set on object 'Object Repository/Login/input_USUARIO_loginusuario'

2021-12-29 18:19:18 - [MESSAGE][PASSED] - Text 'saraadmin' is set on object 'Object Repository/Login/input_USUARIO_loginusuario'

2021-12-29 18:19:18 - [TEST_STEP][PASSED] - setEncryptedText(findTestObject("Login/input_CLAVE_loginpassword"), "MkG4/TYiCFC3cb2driP7+Q=="): Text ****** has been set on object 'Object Repository/Login/input_CLAVE_loginpassword'

2021-12-29 18:19:18 - [MESSAGE][PASSED] - Text ****** has been set on object 'Object Repository/Login/input_CLAVE_loginpassword'

2021-12-29 18:19:18 - [TEST_STEP][PASSED] - waitForElementClickable(findTestObject("Login/a_Ingresar"), G_TimeOut): Object 'Object Repository/Login/a_Ingresar' is clickable

2021-12-29 18:19:18 - [MESSAGE][PASSED] - Object 'Object Repository/Login/a_Ingresar' is clickable

2021-12-29 18:19:18 - [TEST_STEP][PASSED] - click(findTestObject("Login/a_Ingresar")): Object: 'Object Repository/Login/a_Ingresar' is clicked on

2021-12-29 18:19:21 - [MESSAGE][PASSED] - Object: 'Object Repository/Login/a_Ingresar' is clicked on

2021-12-29 18:19:21 - [TEST_STEP][PASSED] - element = findWebElement(findTestObject("Login/a_Ir"), 30): null

2021-12-29 18:19:22 - [TEST_STEP][PASSED] - executeJavaScript("arguments[0].click()", Arrays.asList(element)): Execute JavaScript 'arguments[0].click()' successfully

2021-12-29 18:19:22 - [MESSAGE][PASSED] - Execute JavaScript 'arguments[0].click()' successfully

2021-12-29 18:19:22 - [MESSAGE][PASSED] - Call Test Case 'Test Cases/0.1-Login' successfully

2021-12-29 18:19:22 - [TEST_STEP][PASSED] - setText(findTestObject("Modulo Pruebas SST/Diligenciar_una_inspección/input_ADMINISTRADOR DEL SISTEMA - SARA_form_templatej_idt24_input"), "Inspecciones"): Text 'Inspecciones' is set on object 'Object Repository/Modulo Pruebas SST/Diligenciar_una_inspección/input_ADMINISTRADOR DEL SISTEMA - SARA_form_templatej_idt24_input'

2021-12-29 18:19:23 - [MESSAGE][PASSED] - Text 'Inspecciones' is set on object 'Object Repository/Modulo Pruebas SST/Diligenciar_una_inspección/input_ADMINISTRADOR DEL SISTEMA - SARA_form_templatej_idt24_input'

2021-12-29 18:19:23 - [TEST_STEP][PASSED] - click(findTestObject("Modulo Pruebas SST/Diligenciar_una_inspección/li_Inspecciones (sst)")): Object: 'Object Repository/Modulo Pruebas SST/Diligenciar_una_inspección/li_Inspecciones (sst)' is clicked on

2021-12-29 18:19:24 - [MESSAGE][PASSED] - Object: 'Object Repository/Modulo Pruebas SST/Diligenciar_una_inspección/li_Inspecciones (sst)' is clicked on

2021-12-29 18:19:24 - [TEST_STEP][PASSED] - if (waitForElementPresent(findTestObject("Modulo Pruebas SST/Diligenciar_una_inspección/td_PRUEBAS KATALON"), 1)): null

2021-12-29 18:19:26 - [MESSAGE][PASSED] - Object 'Object Repository/Modulo Pruebas SST/Diligenciar_una_inspección/td_PRUEBAS KATALON' is present

2021-12-29 18:19:26 - [TEST_STEP][PASSED] - click(findTestObject("Modulo Pruebas SST/Diligenciar_una_inspección/td_PRUEBAS KATALON")): Object: 'Object Repository/Modulo Pruebas SST/Diligenciar_una_inspección/td_PRUEBAS KATALON' is clicked on

2021-12-29 18:19:26 - [MESSAGE][PASSED] - Object: 'Object Repository/Modulo Pruebas SST/Diligenciar_una_inspección/td_PRUEBAS KATALON' is clicked on

2021-12-29 18:19:26 - [TEST_STEP][PASSED] - click(findTestObject("Modulo Pruebas SST/Diligenciar_una_inspección/a_Programacin1")): Object: 'Object Repository/Modulo Pruebas SST/Diligenciar_una_inspección/a_Programacin1' is clicked on

2021-12-29 18:19:27 - [MESSAGE][PASSED] - Object: 'Object Repository/Modulo Pruebas SST/Diligenciar_una_inspección/a_Programacin1' is clicked on

2021-12-29 18:19:27 - [TEST_STEP][PASSED] - if (waitForElementPresent(findTestObject("Modulo Pruebas SST/Diligenciar_una_inspección/td_1010220596"), 1)): null

2021-12-29 18:19:28 - [MESSAGE][PASSED] - Object 'Object Repository/Modulo Pruebas SST/Diligenciar_una_inspección/td_1010220596' is present

2021-12-29 18:19:28 - [TEST_STEP][PASSED] - click(findTestObject("Modulo Pruebas SST/Diligenciar_una_inspección/td_1010220596")): Object: 'Object Repository/Modulo Pruebas SST/Diligenciar_una_inspección/td_1010220596' is clicked on

2021-12-29 18:19:28 - [MESSAGE][PASSED] - Object: 'Object Repository/Modulo Pruebas SST/Diligenciar_una_inspección/td_1010220596' is clicked on

2021-12-29 18:19:28 - [TEST_STEP][PASSED] - click(findTestObject("Modulo Pruebas SST/Diligenciar_una_inspección/a_Eliminar")): Object: 'Object Repository/Modulo Pruebas SST/Diligenciar_una_inspección/a_Eliminar' is clicked on

2021-12-29 18:19:29 - [MESSAGE][PASSED] - Object: 'Object Repository/Modulo Pruebas SST/Diligenciar_una_inspección/a_Eliminar' is clicked on

2021-12-29 18:19:29 - [TEST_STEP][PASSED] - click(findTestObject("Modulo Pruebas SST/Diligenciar_una_inspección/button_Si")): Object: 'Object Repository/Modulo Pruebas SST/Diligenciar_una_inspección/button_Si' is clicked on

2021-12-29 18:19:29 - [MESSAGE][PASSED] - Object: 'Object Repository/Modulo Pruebas SST/Diligenciar_una_inspección/button_Si' is clicked on

2021-12-29 18:19:29 - [TEST_STEP][PASSED] - click(findTestObject("Modulo Pruebas SST/Diligenciar_una_inspección/a_Detalle_principal")): Object: 'Object Repository/Modulo Pruebas SST/Diligenciar_una_inspección/a_Detalle_principal' is clicked on

2021-12-29 18:19:30 - [MESSAGE][PASSED] - Object: 'Object Repository/Modulo Pruebas SST/Diligenciar_una_inspección/a_Detalle_principal' is clicked on

2021-12-29 18:19:30 - [TEST_STEP][PASSED] - click(findTestObject("Modulo Pruebas SST/Diligenciar_una_inspección/a_Eliminar2")): Object: 'Object Repository/Modulo Pruebas SST/Diligenciar_una_inspección/a_Eliminar2' is clicked on

2021-12-29 18:19:31 - [MESSAGE][PASSED] - Object: 'Object Repository/Modulo Pruebas SST/Diligenciar_una_inspección/a_Eliminar2' is clicked on

2021-12-29 18:19:31 - [TEST_STEP][PASSED] - click(findTestObject("Modulo Pruebas SST/Diligenciar_una_inspección/a_Aceptar2")): Object: 'Object Repository/Modulo Pruebas SST/Diligenciar_una_inspección/a_Aceptar2' is clicked on

2021-12-29 18:19:32 - [MESSAGE][PASSED] - Object: 'Object Repository/Modulo Pruebas SST/Diligenciar_una_inspección/a_Aceptar2' is clicked on

2021-12-29 18:19:32 - [TEST_STEP][PASSED] - click(findTestObject("Modulo Pruebas SST/Diligenciar_una_inspección/a_Nuevo")): Object: 'Object Repository/Modulo Pruebas SST/Diligenciar_una_inspección/a_Nuevo' is clicked on

2021-12-29 18:19:33 - [MESSAGE][PASSED] - Object: 'Object Repository/Modulo Pruebas SST/Diligenciar_una_inspección/a_Nuevo' is clicked on

2021-12-29 18:19:33 - [TEST_STEP][PASSED] - setText(findTestObject("Modulo Pruebas SST/Diligenciar_una_inspección/textarea_Descripcin_form_datobasicoinspecciondescripcion"), "PRUEBAS KATALON"): Text 'PRUEBAS KATALON' is set on object 'Object Repository/Modulo Pruebas SST/Diligenciar_una_inspección/textarea_Descripcin_form_datobasicoinspecciondescripcion'

2021-12-29 18:19:34 - [MESSAGE][PASSED] - Text 'PRUEBAS KATALON' is set on object 'Object Repository/Modulo Pruebas SST/Diligenciar_una_inspección/textarea_Descripcin_form_datobasicoinspecciondescripcion'

2021-12-29 18:19:34 - [TEST_STEP][PASSED] - selectOptionByIndex(findTestObject("Modulo Pruebas SST/Diligenciar_una_inspección/select_SeleccionarDe rea o punto crticoNo planeadaPlaneada"), 1): All options with index in [1] are selected on object 'Object Repository/Modulo Pruebas SST/Diligenciar_una_inspección/select_SeleccionarDe rea o punto crticoNo planeadaPlaneada'

2021-12-29 18:19:35 - [MESSAGE][PASSED] - All options with index in [1] are selected on object 'Object Repository/Modulo Pruebas SST/Diligenciar_una_inspección/select_SeleccionarDe rea o punto crticoNo planeadaPlaneada'

2021-12-29 18:19:35 - [TEST_STEP][PASSED] - selectOptionByIndex(findTestObject("Modulo Pruebas SST/Diligenciar_una_inspección/select_SeleccionarSEDE NORTESEDE OCCIDENTESEDE SUR"), 1): All options with index in [1] are selected on object 'Object Repository/Modulo Pruebas SST/Diligenciar_una_inspección/select_SeleccionarSEDE NORTESEDE OCCIDENTESEDE SUR'

2021-12-29 18:19:36 - [MESSAGE][PASSED] - All options with index in [1] are selected on object 'Object Repository/Modulo Pruebas SST/Diligenciar_una_inspección/select_SeleccionarSEDE NORTESEDE OCCIDENTESEDE SUR'

2021-12-29 18:19:36 - [TEST_STEP][PASSED] - selectOptionByIndex(findTestObject("Modulo Pruebas SST/Diligenciar_una_inspección/select_SeleccionarMENSUALBIMESTRALANUALSEMANALTRIMESTRALSEMESTRALDIARIA"), 1): All options with index in [1] are selected on object 'Object Repository/Modulo Pruebas SST/Diligenciar_una_inspección/select_SeleccionarMENSUALBIMESTRALANUALSEMANALTRIMESTRALSEMESTRALDIARIA'

2021-12-29 18:19:37 - [MESSAGE][PASSED] - All options with index in [1] are selected on object 'Object Repository/Modulo Pruebas SST/Diligenciar_una_inspección/select_SeleccionarMENSUALBIMESTRALANUALSEMANALTRIMESTRALSEMESTRALDIARIA'

2021-12-29 18:19:37 - [TEST_STEP][PASSED] - setText(findTestObject("Modulo Pruebas SST/Diligenciar_una_inspección/input_Fecha Inicial_form_datobasicoinspeccionfechaInPeriodicidad_input"), "01/07/2021"): Text '01/07/2021' is set on object 'Object Repository/Modulo Pruebas SST/Diligenciar_una_inspección/input_Fecha Inicial_form_datobasicoinspeccionfechaInPeriodicidad_input'

2021-12-29 18:19:38 - [MESSAGE][PASSED] - Text '01/07/2021' is set on object 'Object Repository/Modulo Pruebas SST/Diligenciar_una_inspección/input_Fecha Inicial_form_datobasicoinspeccionfechaInPeriodicidad_input'

2021-12-29 18:19:38 - [TEST_STEP][PASSED] - setText(findTestObject("Modulo Pruebas SST/Diligenciar_una_inspección/input_Fecha Final_form_datobasicoinspeccionfechaFnPeriodicidad_input"), "10/07/2021"): Text '10/07/2021' is set on object 'Object Repository/Modulo Pruebas SST/Diligenciar_una_inspección/input_Fecha Final_form_datobasicoinspeccionfechaFnPeriodicidad_input'

2021-12-29 18:19:39 - [MESSAGE][PASSED] - Text '10/07/2021' is set on object 'Object Repository/Modulo Pruebas SST/Diligenciar_una_inspección/input_Fecha Final_form_datobasicoinspeccionfechaFnPeriodicidad_input'

2021-12-29 18:19:39 - [TEST_STEP][PASSED] - click(findTestObject("Modulo Pruebas SST/Diligenciar_una_inspección/a_Responsable_form_datobasicoinspeccionj_idt599")): Object: 'Object Repository/Modulo Pruebas SST/Diligenciar_una_inspección/a_Responsable_form_datobasicoinspeccionj_idt599' is clicked on

2021-12-29 18:19:40 - [MESSAGE][PASSED] - Object: 'Object Repository/Modulo Pruebas SST/Diligenciar_una_inspección/a_Responsable_form_datobasicoinspeccionj_idt599' is clicked on

2021-12-29 18:19:40 - [TEST_STEP][PASSED] - setText(findTestObject("Modulo Pruebas SST/Diligenciar_una_inspección/input_Filtro Hoja de Vida_formPopupHojaVidaj_idt895"), "A A A"): Text 'A A A' is set on object 'Object Repository/Modulo Pruebas SST/Diligenciar_una_inspección/input_Filtro Hoja de Vida_formPopupHojaVidaj_idt895'

2021-12-29 18:19:41 - [MESSAGE][PASSED] - Text 'A A A' is set on object 'Object Repository/Modulo Pruebas SST/Diligenciar_una_inspección/input_Filtro Hoja de Vida_formPopupHojaVidaj_idt895'

2021-12-29 18:19:41 - [TEST_STEP][PASSED] - sendKeys(findTestObject("Modulo Pruebas SST/Diligenciar_una_inspección/input_Filtro Hoja de Vida_formPopupHojaVidaj_idt895"), Keys.chord(ENTER)): Keys 'ENTER + ' sent to object: 'Object Repository/Modulo Pruebas SST/Diligenciar_una_inspección/input_Filtro Hoja de Vida_formPopupHojaVidaj_idt895'

2021-12-29 18:19:41 - [MESSAGE][PASSED] - Keys 'ENTER + ' sent to object: 'Object Repository/Modulo Pruebas SST/Diligenciar_una_inspección/input_Filtro Hoja de Vida_formPopupHojaVidaj_idt895'

2021-12-29 18:19:41 - [TEST_STEP][PASSED] - click(findTestObject("Modulo Pruebas SST/Diligenciar_una_inspección/span_A A A")): Object: 'Object Repository/Modulo Pruebas SST/Diligenciar_una_inspección/span_A A A' is clicked on

2021-12-29 18:19:42 - [MESSAGE][PASSED] - Object: 'Object Repository/Modulo Pruebas SST/Diligenciar_una_inspección/span_A A A' is clicked on

2021-12-29 18:19:42 - [TEST_STEP][PASSED] - selectOptionByIndex(findTestObject("Modulo Pruebas SST/Diligenciar_una_inspección/select_Seleccionar001002003GESTIN HSE1"), 1): All options with index in [1] are selected on object 'Object Repository/Modulo Pruebas SST/Diligenciar_una_inspección/select_Seleccionar001002003GESTIN HSE1'

2021-12-29 18:19:44 - [MESSAGE][PASSED] - All options with index in [1] are selected on object 'Object Repository/Modulo Pruebas SST/Diligenciar_una_inspección/select_Seleccionar001002003GESTIN HSE1'

2021-12-29 18:19:44 - [TEST_STEP][PASSED] - click(findTestObject("Modulo Pruebas SST/Diligenciar_una_inspección/a_Formulario_form_datobasicoinspeccionj_idt6181")): Object: 'Object Repository/Modulo Pruebas SST/Diligenciar_una_inspección/a_Formulario_form_datobasicoinspeccionj_idt6181' is clicked on

2021-12-29 18:19:45 - [MESSAGE][PASSED] - Object: 'Object Repository/Modulo Pruebas SST/Diligenciar_una_inspección/a_Formulario_form_datobasicoinspeccionj_idt6181' is clicked on

2021-12-29 18:19:45 - [TEST_STEP][PASSED] - setText(findTestObject("Modulo Pruebas SST/Diligenciar_una_inspección/input_Filtro Hoja de Vida_formPopupHojaVidaj_idt8951"), " A A A"): Text ' A A A' is set on object 'Object Repository/Modulo Pruebas SST/Diligenciar_una_inspección/input_Filtro Hoja de Vida_formPopupHojaVidaj_idt8951'

2021-12-29 18:19:46 - [MESSAGE][PASSED] - Text ' A A A' is set on object 'Object Repository/Modulo Pruebas SST/Diligenciar_una_inspección/input_Filtro Hoja de Vida_formPopupHojaVidaj_idt8951'

2021-12-29 18:19:46 - [TEST_STEP][PASSED] - sendKeys(findTestObject("Modulo Pruebas SST/Diligenciar_una_inspección/input_Filtro Hoja de Vida_formPopupHojaVidaj_idt8951"), Keys.chord(ENTER)): Keys 'ENTER + ' sent to object: 'Object Repository/Modulo Pruebas SST/Diligenciar_una_inspección/input_Filtro Hoja de Vida_formPopupHojaVidaj_idt8951'

2021-12-29 18:19:46 - [MESSAGE][PASSED] - Keys 'ENTER + ' sent to object: 'Object Repository/Modulo Pruebas SST/Diligenciar_una_inspección/input_Filtro Hoja de Vida_formPopupHojaVidaj_idt8951'

2021-12-29 18:19:46 - [TEST_STEP][PASSED] - click(findTestObject("Modulo Pruebas SST/Diligenciar_una_inspección/span_A A A")): Object: 'Object Repository/Modulo Pruebas SST/Diligenciar_una_inspección/span_A A A' is clicked on

2021-12-29 18:19:47 - [MESSAGE][PASSED] - Object: 'Object Repository/Modulo Pruebas SST/Diligenciar_una_inspección/span_A A A' is clicked on

2021-12-29 18:19:47 - [TEST_STEP][PASSED] - setText(findTestObject("Modulo Pruebas SST/Diligenciar_una_inspección/input_Fecha_form_datobasicoinspeccionfecha_input"), "01/07/2021"): Text '01/07/2021' is set on object 'Object Repository/Modulo Pruebas SST/Diligenciar_una_inspección/input_Fecha_form_datobasicoinspeccionfecha_input'

2021-12-29 18:19:48 - [MESSAGE][PASSED] - Text '01/07/2021' is set on object 'Object Repository/Modulo Pruebas SST/Diligenciar_una_inspección/input_Fecha_form_datobasicoinspeccionfecha_input'

2021-12-29 18:19:48 - [TEST_STEP][PASSED] - click(findTestObject("Modulo Pruebas SST/Diligenciar_una_inspección/a_Guardar")): Object: 'Object Repository/Modulo Pruebas SST/Diligenciar_una_inspección/a_Guardar' is clicked on

2021-12-29 18:19:48 - [MESSAGE][PASSED] - Object: 'Object Repository/Modulo Pruebas SST/Diligenciar_una_inspección/a_Guardar' is clicked on

2021-12-29 18:19:48 - [TEST_STEP][PASSED] - click(findTestObject("Modulo Pruebas SST/Diligenciar_una_inspección/a_Programacin")): Object: 'Object Repository/Modulo Pruebas SST/Diligenciar_una_inspección/a_Programacin' is clicked on

2021-12-29 18:19:50 - [MESSAGE][PASSED] - Object: 'Object Repository/Modulo Pruebas SST/Diligenciar_una_inspección/a_Programacin' is clicked on

2021-12-29 18:19:50 - [TEST_STEP][PASSED] - click(findTestObject("Modulo Pruebas SST/Diligenciar_una_inspección/a_Nuevo1")): Object: 'Object Repository/Modulo Pruebas SST/Diligenciar_una_inspección/a_Nuevo1' is clicked on

2021-12-29 18:19:50 - [MESSAGE][PASSED] - Object: 'Object Repository/Modulo Pruebas SST/Diligenciar_una_inspección/a_Nuevo1' is clicked on

2021-12-29 18:19:50 - [TEST_STEP][PASSED] - click(findTestObject("Modulo Pruebas SST/Diligenciar_una_inspección/a_Responsable_form_detalleProgramacionXj_idt714")): Object: 'Object Repository/Modulo Pruebas SST/Diligenciar_una_inspección/a_Responsable_form_detalleProgramacionXj_idt714' is clicked on

2021-12-29 18:19:51 - [MESSAGE][PASSED] - Object: 'Object Repository/Modulo Pruebas SST/Diligenciar_una_inspección/a_Responsable_form_detalleProgramacionXj_idt714' is clicked on

2021-12-29 18:19:51 - [TEST_STEP][PASSED] - setText(findTestObject("Modulo Pruebas SST/Diligenciar_una_inspección/input_Filtro Hoja de Vida_formPopupHojaVidaj_idt8953"), "A A A"): Text 'A A A' is set on object 'Object Repository/Modulo Pruebas SST/Diligenciar_una_inspección/input_Filtro Hoja de Vida_formPopupHojaVidaj_idt8953'

2021-12-29 18:19:52 - [MESSAGE][PASSED] - Text 'A A A' is set on object 'Object Repository/Modulo Pruebas SST/Diligenciar_una_inspección/input_Filtro Hoja de Vida_formPopupHojaVidaj_idt8953'

2021-12-29 18:19:52 - [TEST_STEP][PASSED] - sendKeys(findTestObject("Modulo Pruebas SST/Diligenciar_una_inspección/input_Filtro Hoja de Vida_formPopupHojaVidaj_idt8953"), Keys.chord(ENTER)): Keys 'ENTER + ' sent to object: 'Object Repository/Modulo Pruebas SST/Diligenciar_una_inspección/input_Filtro Hoja de Vida_formPopupHojaVidaj_idt8953'

2021-12-29 18:19:52 - [MESSAGE][PASSED] - Keys 'ENTER + ' sent to object: 'Object Repository/Modulo Pruebas SST/Diligenciar_una_inspección/input_Filtro Hoja de Vida_formPopupHojaVidaj_idt8953'

2021-12-29 18:19:52 - [TEST_STEP][PASSED] - click(findTestObject("Modulo Pruebas SST/Diligenciar_una_inspección/span_A A A3")): Object: 'Object Repository/Modulo Pruebas SST/Diligenciar_una_inspección/span_A A A3' is clicked on

2021-12-29 18:19:53 - [MESSAGE][PASSED] - Object: 'Object Repository/Modulo Pruebas SST/Diligenciar_una_inspección/span_A A A3' is clicked on

2021-12-29 18:19:53 - [TEST_STEP][PASSED] - setText(findTestObject("Modulo Pruebas SST/Diligenciar_una_inspección/input_Fecha Programacin_form_detalleProgramacionXprogramacionf_input"), "01/07/2021"): Text '01/07/2021' is set on object 'Object Repository/Modulo Pruebas SST/Diligenciar_una_inspección/input_Fecha Programacin_form_detalleProgramacionXprogramacionf_input'

2021-12-29 18:19:54 - [MESSAGE][PASSED] - Text '01/07/2021' is set on object 'Object Repository/Modulo Pruebas SST/Diligenciar_una_inspección/input_Fecha Programacin_form_detalleProgramacionXprogramacionf_input'

2021-12-29 18:19:54 - [TEST_STEP][PASSED] - setText(findTestObject("Modulo Pruebas SST/Diligenciar_una_inspección/input_Nmero_form_detalleProgramacionXnumero"), "5"): Text '5' is set on object 'Object Repository/Modulo Pruebas SST/Diligenciar_una_inspección/input_Nmero_form_detalleProgramacionXnumero'

2021-12-29 18:19:55 - [MESSAGE][PASSED] - Text '5' is set on object 'Object Repository/Modulo Pruebas SST/Diligenciar_una_inspección/input_Nmero_form_detalleProgramacionXnumero'

2021-12-29 18:19:55 - [TEST_STEP][PASSED] - click(findTestObject("Modulo Pruebas SST/Diligenciar_una_inspección/a_Guardar1")): Object: 'Object Repository/Modulo Pruebas SST/Diligenciar_una_inspección/a_Guardar1' is clicked on

2021-12-29 18:19:56 - [MESSAGE][PASSED] - Object: 'Object Repository/Modulo Pruebas SST/Diligenciar_una_inspección/a_Guardar1' is clicked on

2021-12-29 18:19:56 - [TEST_STEP][PASSED] - click(findTestObject("Modulo Pruebas SST/Diligenciar_una_inspección/a_Evidencias")): Object: 'Object Repository/Modulo Pruebas SST/Diligenciar_una_inspección/a_Evidencias' is clicked on

2021-12-29 18:19:56 - [MESSAGE][PASSED] - Object: 'Object Repository/Modulo Pruebas SST/Diligenciar_una_inspección/a_Evidencias' is clicked on

2021-12-29 18:19:56 - [TEST_STEP][PASSED] - click(findTestObject("Modulo Pruebas SST/Diligenciar_una_inspección/a_subir")): Object: 'Object Repository/Modulo Pruebas SST/Diligenciar_una_inspección/a_subir' is clicked on

2021-12-29 18:19:57 - [MESSAGE][PASSED] - Object: 'Object Repository/Modulo Pruebas SST/Diligenciar_una_inspección/a_subir' is clicked on

2021-12-29 18:19:57 - [TEST_STEP][PASSED] - ruta = G_rutaarchivos + "prueba.pdf": null

2021-12-29 18:19:57 - [TEST_STEP][PASSED] - uploadFile(findTestObject("Modulo Pruebas SST/Diligenciar_una_inspección/input_Cargar Archivo_popupCargarArchivoForminputFileName_input"), ruta): File 'E:\unionweb14\prueba.pdf' sent to object: 'Object Repository/Modulo Pruebas SST/Diligenciar_una_inspección/input_Cargar Archivo_popupCargarArchivoForminputFileName_input'

2021-12-29 18:19:58 - [MESSAGE][PASSED] - File 'E:\unionweb14\prueba.pdf' sent to object: 'Object Repository/Modulo Pruebas SST/Diligenciar_una_inspección/input_Cargar Archivo_popupCargarArchivoForminputFileName_input'

2021-12-29 18:19:58 - [TEST_STEP][PASSED] - setText(findTestObject("Modulo Pruebas SST/Diligenciar_una_inspección/input_Descargar_form_evidenciastabladescripcion"), "pruebas k"): Text 'pruebas k' is set on object 'Object Repository/Modulo Pruebas SST/Diligenciar_una_inspección/input_Descargar_form_evidenciastabladescripcion'

2021-12-29 18:19:59 - [MESSAGE][PASSED] - Text 'pruebas k' is set on object 'Object Repository/Modulo Pruebas SST/Diligenciar_una_inspección/input_Descargar_form_evidenciastabladescripcion'

2021-12-29 18:19:59 - [TEST_STEP][PASSED] - click(findTestObject("Modulo Pruebas SST/Diligenciar_una_inspección/a_Descargar_form_evidenciastablaj_idt776")): Object: 'Object Repository/Modulo Pruebas SST/Diligenciar_una_inspección/a_Descargar_form_evidenciastablaj_idt776' is clicked on

2021-12-29 18:19:59 - [MESSAGE][PASSED] - Object: 'Object Repository/Modulo Pruebas SST/Diligenciar_una_inspección/a_Descargar_form_evidenciastablaj_idt776' is clicked on

2021-12-29 18:19:59 - [TEST_STEP][PASSED] - closeBrowser(): Browser is closed

2021-12-29 18:20:00 - [MESSAGE][PASSED] - Browser is closed]]></system-out>
         <system-err><![CDATA[]]></system-err>
      </testcase>
      <testcase name="Test Cases/5.1-Pruebas_SST/5.1.6-Crear_una_entidad_de_riesgo_sst" time="71.949" classname="Test Cases/5.1-Pruebas_SST/5.1.6-Crear_una_entidad_de_riesgo_sst" status="FAILED">
         <failure type="FAILED" message="Test Cases/5.1-Pruebas_SST/5.1.6-Crear_una_entidad_de_riesgo_sst FAILED.
Reason:
com.kms.katalon.core.exception.StepFailedException: Unable to click on object 'Object Repository/Modulo Pruebas SST/Crear_una_entidad_de_riesgo_sst/span_Diaz Blanco Guisell'
	at com.kms.katalon.core.webui.keyword.internal.WebUIKeywordMain.stepFailed(WebUIKeywordMain.groovy:64)
	at com.kms.katalon.core.webui.keyword.internal.WebUIKeywordMain.runKeyword(WebUIKeywordMain.groovy:26)
	at com.kms.katalon.core.webui.keyword.builtin.ClickKeyword.click(ClickKeyword.groovy:74)
	at com.kms.katalon.core.webui.keyword.builtin.ClickKeyword.execute(ClickKeyword.groovy:40)
	at com.kms.katalon.core.keyword.internal.KeywordExecutor.executeKeywordForPlatform(KeywordExecutor.groovy:74)
	at com.kms.katalon.core.webui.keyword.WebUiBuiltInKeywords.click(WebUiBuiltInKeywords.groovy:620)
	at com.kms.katalon.core.webui.keyword.WebUiBuiltInKeywords$click$5.call(Unknown Source)
	at 5.1.6-Crear_una_entidad_de_riesgo_sst.run(5.1.6-Crear_una_entidad_de_riesgo_sst:121)
	at com.kms.katalon.core.main.ScriptEngine.run(ScriptEngine.java:194)
	at com.kms.katalon.core.main.ScriptEngine.runScriptAsRawText(ScriptEngine.java:119)
	at com.kms.katalon.core.main.TestCaseExecutor.runScript(TestCaseExecutor.java:442)
	at com.kms.katalon.core.main.TestCaseExecutor.doExecute(TestCaseExecutor.java:433)
	at com.kms.katalon.core.main.TestCaseExecutor.processExecutionPhase(TestCaseExecutor.java:412)
	at com.kms.katalon.core.main.TestCaseExecutor.accessMainPhase(TestCaseExecutor.java:404)
	at com.kms.katalon.core.main.TestCaseExecutor.execute(TestCaseExecutor.java:281)
	at com.kms.katalon.core.main.TestSuiteExecutor.accessTestCaseMainPhase(TestSuiteExecutor.java:202)
	at com.kms.katalon.core.main.TestSuiteExecutor.accessTestSuiteMainPhase(TestSuiteExecutor.java:164)
	at com.kms.katalon.core.main.TestSuiteExecutor.execute(TestSuiteExecutor.java:105)
	at com.kms.katalon.core.main.TestCaseMain.startTestSuite(TestCaseMain.java:181)
	at com.kms.katalon.core.main.TestCaseMain$startTestSuite$0.call(Unknown Source)
	at TempTestSuite1640819056891.run(TempTestSuite1640819056891.groovy:36)
Caused by: com.kms.katalon.core.webui.exception.WebElementNotFoundException: Web element with id: 'Object Repository/Modulo Pruebas SST/Crear_una_entidad_de_riesgo_sst/span_Diaz Blanco Guisell' located by '//*/text()[normalize-space(.)='Diaz Blanco Guisell']/parent::*' not found
	at com.kms.katalon.core.webui.common.WebUiCommonHelper.findWebElement(WebUiCommonHelper.java:1368)
	at com.kms.katalon.core.webui.keyword.internal.WebUIAbstractKeyword.findWebElement(WebUIAbstractKeyword.groovy:27)
	at com.kms.katalon.core.webui.keyword.builtin.ClickKeyword$_click_closure1.doCall(ClickKeyword.groovy:65)
	at com.kms.katalon.core.webui.keyword.builtin.ClickKeyword$_click_closure1.call(ClickKeyword.groovy)
	at com.kms.katalon.core.webui.keyword.internal.WebUIKeywordMain.runKeyword(WebUIKeywordMain.groovy:20)
	... 19 more
"/>
         <system-out><![CDATA[2021-12-29 18:20:00 - [TEST_CASE][FAILED] - Test Cases/5.1-Pruebas_SST/5.1.6-Crear_una_entidad_de_riesgo_sst: Test Cases/5.1-Pruebas_SST/5.1.6-Crear_una_entidad_de_riesgo_sst FAILED.
Reason:
com.kms.katalon.core.exception.StepFailedException: Unable to click on object 'Object Repository/Modulo Pruebas SST/Crear_una_entidad_de_riesgo_sst/span_Diaz Blanco Guisell'
	at com.kms.katalon.core.webui.keyword.internal.WebUIKeywordMain.stepFailed(WebUIKeywordMain.groovy:64)
	at com.kms.katalon.core.webui.keyword.internal.WebUIKeywordMain.runKeyword(WebUIKeywordMain.groovy:26)
	at com.kms.katalon.core.webui.keyword.builtin.ClickKeyword.click(ClickKeyword.groovy:74)
	at com.kms.katalon.core.webui.keyword.builtin.ClickKeyword.execute(ClickKeyword.groovy:40)
	at com.kms.katalon.core.keyword.internal.KeywordExecutor.executeKeywordForPlatform(KeywordExecutor.groovy:74)
	at com.kms.katalon.core.webui.keyword.WebUiBuiltInKeywords.click(WebUiBuiltInKeywords.groovy:620)
	at com.kms.katalon.core.webui.keyword.WebUiBuiltInKeywords$click$5.call(Unknown Source)
	at 5.1.6-Crear_una_entidad_de_riesgo_sst.run(5.1.6-Crear_una_entidad_de_riesgo_sst:121)
	at com.kms.katalon.core.main.ScriptEngine.run(ScriptEngine.java:194)
	at com.kms.katalon.core.main.ScriptEngine.runScriptAsRawText(ScriptEngine.java:119)
	at com.kms.katalon.core.main.TestCaseExecutor.runScript(TestCaseExecutor.java:442)
	at com.kms.katalon.core.main.TestCaseExecutor.doExecute(TestCaseExecutor.java:433)
	at com.kms.katalon.core.main.TestCaseExecutor.processExecutionPhase(TestCaseExecutor.java:412)
	at com.kms.katalon.core.main.TestCaseExecutor.accessMainPhase(TestCaseExecutor.java:404)
	at com.kms.katalon.core.main.TestCaseExecutor.execute(TestCaseExecutor.java:281)
	at com.kms.katalon.core.main.TestSuiteExecutor.accessTestCaseMainPhase(TestSuiteExecutor.java:202)
	at com.kms.katalon.core.main.TestSuiteExecutor.accessTestSuiteMainPhase(TestSuiteExecutor.java:164)
	at com.kms.katalon.core.main.TestSuiteExecutor.execute(TestSuiteExecutor.java:105)
	at com.kms.katalon.core.main.TestCaseMain.startTestSuite(TestCaseMain.java:181)
	at com.kms.katalon.core.main.TestCaseMain$startTestSuite$0.call(Unknown Source)
	at TempTestSuite1640819056891.run(TempTestSuite1640819056891.groovy:36)
Caused by: com.kms.katalon.core.webui.exception.WebElementNotFoundException: Web element with id: 'Object Repository/Modulo Pruebas SST/Crear_una_entidad_de_riesgo_sst/span_Diaz Blanco Guisell' located by '//*/text()[normalize-space(.)='Diaz Blanco Guisell']/parent::*' not found
	at com.kms.katalon.core.webui.common.WebUiCommonHelper.findWebElement(WebUiCommonHelper.java:1368)
	at com.kms.katalon.core.webui.keyword.internal.WebUIAbstractKeyword.findWebElement(WebUIAbstractKeyword.groovy:27)
	at com.kms.katalon.core.webui.keyword.builtin.ClickKeyword$_click_closure1.doCall(ClickKeyword.groovy:65)
	at com.kms.katalon.core.webui.keyword.builtin.ClickKeyword$_click_closure1.call(ClickKeyword.groovy)
	at com.kms.katalon.core.webui.keyword.internal.WebUIKeywordMain.runKeyword(WebUIKeywordMain.groovy:20)
	... 19 more


2021-12-29 18:20:00 - [TEST_STEP][PASSED] - callTestCase(findTestCase("0.1-Login"), [:], STOP_ON_FAILURE): Call Test Case 'Test Cases/0.1-Login' successfully

2021-12-29 18:20:00 - [TEST_CASE][PASSED] - Test Cases/0.1-Login: Test Cases/0.1-Login

2021-12-29 18:20:00 - [TEST_STEP][PASSED] - openBrowser(""): Browser is opened with url: ''

2021-12-29 18:20:00 - [MESSAGE][INFO] - Starting 'Chrome' driver

2021-12-29 18:20:00 - [MESSAGE][INFO] - Action delay is set to 0 milliseconds

2021-12-29 18:20:02 - [MESSAGE][PASSED] - Browser is opened with url: ''

2021-12-29 18:20:02 - [TEST_STEP][PASSED] - maximizeWindow(): Current window maximized

2021-12-29 18:20:02 - [MESSAGE][PASSED] - Current window maximized

2021-12-29 18:20:02 - [TEST_STEP][PASSED] - i = G_Login: null

2021-12-29 18:20:02 - [TEST_STEP][PASSED] - url = new java.net.URL(i): null

2021-12-29 18:20:02 - [TEST_STEP][PASSED] - println("URL: " + url.toString()): null

2021-12-29 18:20:02 - [TEST_STEP][PASSED] - connection = url.openConnection(): null

2021-12-29 18:20:02 - [TEST_STEP][PASSED] - connection.setRequestMethod("GET"): null

2021-12-29 18:20:02 - [TEST_STEP][PASSED] - connection.setReadTimeout(2 * 1000): null

2021-12-29 18:20:02 - [TEST_STEP][PASSED] - try: null

2021-12-29 18:20:02 - [TEST_STEP][PASSED] - connection.connect(): null

2021-12-29 18:20:02 - [TEST_STEP][PASSED] - flag = connected: null

2021-12-29 18:20:02 - [TEST_STEP][PASSED] - println("Valor_ori: " + flag): null

2021-12-29 18:20:02 - [TEST_STEP][PASSED] - if (flag): null

2021-12-29 18:20:02 - [TEST_STEP][PASSED] - navigateToUrl(i): Navigate to 'http://192.168.2.80:8380/saraweb' successfully

2021-12-29 18:20:02 - [MESSAGE][PASSED] - Navigate to 'http://192.168.2.80:8380/saraweb' successfully

2021-12-29 18:20:02 - [TEST_STEP][PASSED] - a(): null

2021-12-29 18:20:02 - [TEST_STEP][PASSED] - setText(findTestObject("Login/input_USUARIO_loginusuario"), G_Usuario): Text 'saraadmin' is set on object 'Object Repository/Login/input_USUARIO_loginusuario'

2021-12-29 18:20:03 - [MESSAGE][PASSED] - Text 'saraadmin' is set on object 'Object Repository/Login/input_USUARIO_loginusuario'

2021-12-29 18:20:03 - [TEST_STEP][PASSED] - setEncryptedText(findTestObject("Login/input_CLAVE_loginpassword"), "MkG4/TYiCFC3cb2driP7+Q=="): Text ****** has been set on object 'Object Repository/Login/input_CLAVE_loginpassword'

2021-12-29 18:20:03 - [MESSAGE][PASSED] - Text ****** has been set on object 'Object Repository/Login/input_CLAVE_loginpassword'

2021-12-29 18:20:03 - [TEST_STEP][PASSED] - waitForElementClickable(findTestObject("Login/a_Ingresar"), G_TimeOut): Object 'Object Repository/Login/a_Ingresar' is clickable

2021-12-29 18:20:04 - [MESSAGE][PASSED] - Object 'Object Repository/Login/a_Ingresar' is clickable

2021-12-29 18:20:04 - [TEST_STEP][PASSED] - click(findTestObject("Login/a_Ingresar")): Object: 'Object Repository/Login/a_Ingresar' is clicked on

2021-12-29 18:20:06 - [MESSAGE][PASSED] - Object: 'Object Repository/Login/a_Ingresar' is clicked on

2021-12-29 18:20:06 - [TEST_STEP][PASSED] - element = findWebElement(findTestObject("Login/a_Ir"), 30): null

2021-12-29 18:20:06 - [TEST_STEP][PASSED] - executeJavaScript("arguments[0].click()", Arrays.asList(element)): Execute JavaScript 'arguments[0].click()' successfully

2021-12-29 18:20:06 - [MESSAGE][PASSED] - Execute JavaScript 'arguments[0].click()' successfully

2021-12-29 18:20:06 - [MESSAGE][PASSED] - Call Test Case 'Test Cases/0.1-Login' successfully

2021-12-29 18:20:06 - [TEST_STEP][PASSED] - setText(findTestObject("Modulo Pruebas SST/Reporte_de_accidente_de_trabajo/input_ADMINISTRADOR DEL SISTEMA - SARA_form_templatej_idt24_input"), "entidades riesgo"): Text 'entidades riesgo' is set on object 'Object Repository/Modulo Pruebas SST/Reporte_de_accidente_de_trabajo/input_ADMINISTRADOR DEL SISTEMA - SARA_form_templatej_idt24_input'

2021-12-29 18:20:07 - [MESSAGE][PASSED] - Text 'entidades riesgo' is set on object 'Object Repository/Modulo Pruebas SST/Reporte_de_accidente_de_trabajo/input_ADMINISTRADOR DEL SISTEMA - SARA_form_templatej_idt24_input'

2021-12-29 18:20:07 - [TEST_STEP][PASSED] - delay(2): Delayed 2 second(s)

2021-12-29 18:20:09 - [MESSAGE][PASSED] - Delayed 2 second(s)

2021-12-29 18:20:09 - [TEST_STEP][PASSED] - click(findTestObject("Modulo Pruebas SST/Crear_una_entidad_de_riesgo_sst/li_Entidades Riesgo (sst)")): Object: 'Object Repository/Modulo Pruebas SST/Crear_una_entidad_de_riesgo_sst/li_Entidades Riesgo (sst)' is clicked on

2021-12-29 18:20:10 - [MESSAGE][PASSED] - Object: 'Object Repository/Modulo Pruebas SST/Crear_una_entidad_de_riesgo_sst/li_Entidades Riesgo (sst)' is clicked on

2021-12-29 18:20:10 - [TEST_STEP][PASSED] - setText(findTestObject("Modulo Pruebas SST/Crear_una_entidad_de_riesgo_sst/input_Nombre_form_entidadRiesgoj_idt59"), "pruebas k"): Text 'pruebas k' is set on object 'Object Repository/Modulo Pruebas SST/Crear_una_entidad_de_riesgo_sst/input_Nombre_form_entidadRiesgoj_idt59'

2021-12-29 18:20:12 - [MESSAGE][PASSED] - Text 'pruebas k' is set on object 'Object Repository/Modulo Pruebas SST/Crear_una_entidad_de_riesgo_sst/input_Nombre_form_entidadRiesgoj_idt59'

2021-12-29 18:20:12 - [TEST_STEP][PASSED] - sendKeys(findTestObject("Modulo Pruebas SST/Crear_una_entidad_de_riesgo_sst/input_Nombre_form_entidadRiesgoj_idt59"), Keys.chord(ENTER)): Keys 'ENTER + ' sent to object: 'Object Repository/Modulo Pruebas SST/Crear_una_entidad_de_riesgo_sst/input_Nombre_form_entidadRiesgoj_idt59'

2021-12-29 18:20:12 - [MESSAGE][PASSED] - Keys 'ENTER + ' sent to object: 'Object Repository/Modulo Pruebas SST/Crear_una_entidad_de_riesgo_sst/input_Nombre_form_entidadRiesgoj_idt59'

2021-12-29 18:20:12 - [TEST_STEP][PASSED] - if (waitForElementPresent(findTestObject("Modulo Pruebas SST/Crear_una_entidad_de_riesgo_sst/td_PRUEBAS K"), 1)): null

2021-12-29 18:20:13 - [MESSAGE][PASSED] - Object 'Object Repository/Modulo Pruebas SST/Crear_una_entidad_de_riesgo_sst/td_PRUEBAS K' is present

2021-12-29 18:20:13 - [TEST_STEP][PASSED] - click(findTestObject("Modulo Pruebas SST/Crear_una_entidad_de_riesgo_sst/td_PRUEBAS K")): Object: 'Object Repository/Modulo Pruebas SST/Crear_una_entidad_de_riesgo_sst/td_PRUEBAS K' is clicked on

2021-12-29 18:20:13 - [MESSAGE][PASSED] - Object: 'Object Repository/Modulo Pruebas SST/Crear_una_entidad_de_riesgo_sst/td_PRUEBAS K' is clicked on

2021-12-29 18:20:13 - [TEST_STEP][PASSED] - click(findTestObject("Modulo Pruebas SST/Crear_una_entidad_de_riesgo_sst/a_Seguimiento")): Object: 'Object Repository/Modulo Pruebas SST/Crear_una_entidad_de_riesgo_sst/a_Seguimiento' is clicked on

2021-12-29 18:20:14 - [MESSAGE][PASSED] - Object: 'Object Repository/Modulo Pruebas SST/Crear_una_entidad_de_riesgo_sst/a_Seguimiento' is clicked on

2021-12-29 18:20:14 - [TEST_STEP][PASSED] - if (waitForElementPresent(findTestObject("Modulo Pruebas SST/Crear_una_entidad_de_riesgo_sst/td_DIAZ BLANCO GUISELL"), 1)): Object 'Object Repository/Modulo Pruebas SST/Crear_una_entidad_de_riesgo_sst/td_DIAZ BLANCO GUISELL' is not present after 1 second(s)

2021-12-29 18:20:17 - [MESSAGE][INFO] - Unable to find the element located by 'By.xpath: //*/text()[normalize-space(.)='DIAZ BLANCO GUISELL']/parent::*'. Please recheck the objects properties to make sure the desired element is located. 

2021-12-29 18:20:17 - [MESSAGE][WARNING] - Object 'Object Repository/Modulo Pruebas SST/Crear_una_entidad_de_riesgo_sst/td_DIAZ BLANCO GUISELL' is not present after 1 second(s)

2021-12-29 18:20:17 - [TEST_STEP][PASSED] - click(findTestObject("Modulo Pruebas SST/Crear_una_entidad_de_riesgo_sst/a_Entidad de Riesgo")): Object: 'Object Repository/Modulo Pruebas SST/Crear_una_entidad_de_riesgo_sst/a_Entidad de Riesgo' is clicked on

2021-12-29 18:20:17 - [MESSAGE][PASSED] - Object: 'Object Repository/Modulo Pruebas SST/Crear_una_entidad_de_riesgo_sst/a_Entidad de Riesgo' is clicked on

2021-12-29 18:20:17 - [TEST_STEP][PASSED] - if (waitForElementVisible(findTestObject("Modulo Pruebas SST/Crear_una_entidad_de_riesgo_sst/a_Eliminar1"), 1)): null

2021-12-29 18:20:18 - [MESSAGE][PASSED] - Object 'Object Repository/Modulo Pruebas SST/Crear_una_entidad_de_riesgo_sst/a_Eliminar1' is visible

2021-12-29 18:20:18 - [TEST_STEP][PASSED] - click(findTestObject("Modulo Pruebas SST/Crear_una_entidad_de_riesgo_sst/a_Eliminar1")): Object: 'Object Repository/Modulo Pruebas SST/Crear_una_entidad_de_riesgo_sst/a_Eliminar1' is clicked on

2021-12-29 18:20:18 - [MESSAGE][PASSED] - Object: 'Object Repository/Modulo Pruebas SST/Crear_una_entidad_de_riesgo_sst/a_Eliminar1' is clicked on

2021-12-29 18:20:18 - [TEST_STEP][PASSED] - click(findTestObject("Modulo Pruebas SST/Crear_una_entidad_de_riesgo_sst/a_Aceptar1")): Object: 'Object Repository/Modulo Pruebas SST/Crear_una_entidad_de_riesgo_sst/a_Aceptar1' is clicked on

2021-12-29 18:20:19 - [MESSAGE][PASSED] - Object: 'Object Repository/Modulo Pruebas SST/Crear_una_entidad_de_riesgo_sst/a_Aceptar1' is clicked on

2021-12-29 18:20:19 - [TEST_STEP][PASSED] - click(findTestObject("Modulo Pruebas SST/Crear_una_entidad_de_riesgo_sst/a_Regresar")): Object: 'Object Repository/Modulo Pruebas SST/Crear_una_entidad_de_riesgo_sst/a_Regresar' is clicked on

2021-12-29 18:20:20 - [MESSAGE][PASSED] - Object: 'Object Repository/Modulo Pruebas SST/Crear_una_entidad_de_riesgo_sst/a_Regresar' is clicked on

2021-12-29 18:20:20 - [TEST_STEP][PASSED] - click(findTestObject("Modulo Pruebas SST/Crear_una_entidad_de_riesgo_sst/a_Nuevo")): Object: 'Object Repository/Modulo Pruebas SST/Crear_una_entidad_de_riesgo_sst/a_Nuevo' is clicked on

2021-12-29 18:20:22 - [MESSAGE][PASSED] - Object: 'Object Repository/Modulo Pruebas SST/Crear_una_entidad_de_riesgo_sst/a_Nuevo' is clicked on

2021-12-29 18:20:22 - [TEST_STEP][PASSED] - setText(findTestObject("Modulo Pruebas SST/Crear_una_entidad_de_riesgo_sst/input_Cdigo_form_detalleEntidadRiesgocodigoInterno"), "5"): Text '5' is set on object 'Object Repository/Modulo Pruebas SST/Crear_una_entidad_de_riesgo_sst/input_Cdigo_form_detalleEntidadRiesgocodigoInterno'

2021-12-29 18:20:23 - [MESSAGE][PASSED] - Text '5' is set on object 'Object Repository/Modulo Pruebas SST/Crear_una_entidad_de_riesgo_sst/input_Cdigo_form_detalleEntidadRiesgocodigoInterno'

2021-12-29 18:20:23 - [TEST_STEP][PASSED] - setText(findTestObject("Modulo Pruebas SST/Crear_una_entidad_de_riesgo_sst/input_Nombre_form_detalleEntidadRiesgodescripcion"), "PRUEBAS K"): Text 'PRUEBAS K' is set on object 'Object Repository/Modulo Pruebas SST/Crear_una_entidad_de_riesgo_sst/input_Nombre_form_detalleEntidadRiesgodescripcion'

2021-12-29 18:20:23 - [MESSAGE][PASSED] - Text 'PRUEBAS K' is set on object 'Object Repository/Modulo Pruebas SST/Crear_una_entidad_de_riesgo_sst/input_Nombre_form_detalleEntidadRiesgodescripcion'

2021-12-29 18:20:23 - [TEST_STEP][PASSED] - click(findTestObject("Modulo Pruebas SST/Crear_una_entidad_de_riesgo_sst/a_Unidad Organizacional_form_detalleEntidadRiesgoj_idt6210")): Object: 'Object Repository/Modulo Pruebas SST/Crear_una_entidad_de_riesgo_sst/a_Unidad Organizacional_form_detalleEntidadRiesgoj_idt6210' is clicked on

2021-12-29 18:20:24 - [MESSAGE][PASSED] - Object: 'Object Repository/Modulo Pruebas SST/Crear_una_entidad_de_riesgo_sst/a_Unidad Organizacional_form_detalleEntidadRiesgoj_idt6210' is clicked on

2021-12-29 18:20:24 - [TEST_STEP][PASSED] - setText(findTestObject("Modulo Pruebas SST/Crear_una_entidad_de_riesgo_sst/input_Unidad Organizacional_formPopUpUnidaddescripciones0"), "ADMINISTRACION"): Text 'ADMINISTRACION' is set on object 'Object Repository/Modulo Pruebas SST/Crear_una_entidad_de_riesgo_sst/input_Unidad Organizacional_formPopUpUnidaddescripciones0'

2021-12-29 18:20:25 - [MESSAGE][PASSED] - Text 'ADMINISTRACION' is set on object 'Object Repository/Modulo Pruebas SST/Crear_una_entidad_de_riesgo_sst/input_Unidad Organizacional_formPopUpUnidaddescripciones0'

2021-12-29 18:20:25 - [TEST_STEP][PASSED] - sendKeys(findTestObject("Modulo Pruebas SST/Crear_una_entidad_de_riesgo_sst/input_Unidad Organizacional_formPopUpUnidaddescripciones0"), Keys.chord(ENTER)): Keys 'ENTER + ' sent to object: 'Object Repository/Modulo Pruebas SST/Crear_una_entidad_de_riesgo_sst/input_Unidad Organizacional_formPopUpUnidaddescripciones0'

2021-12-29 18:20:25 - [MESSAGE][PASSED] - Keys 'ENTER + ' sent to object: 'Object Repository/Modulo Pruebas SST/Crear_una_entidad_de_riesgo_sst/input_Unidad Organizacional_formPopUpUnidaddescripciones0'

2021-12-29 18:20:25 - [TEST_STEP][PASSED] - click(findTestObject("Modulo Pruebas SST/Crear_una_entidad_de_riesgo_sst/span_ADMINISTRACION")): Object: 'Object Repository/Modulo Pruebas SST/Crear_una_entidad_de_riesgo_sst/span_ADMINISTRACION' is clicked on

2021-12-29 18:20:26 - [MESSAGE][PASSED] - Object: 'Object Repository/Modulo Pruebas SST/Crear_una_entidad_de_riesgo_sst/span_ADMINISTRACION' is clicked on

2021-12-29 18:20:26 - [TEST_STEP][PASSED] - selectOptionByIndex(findTestObject("Modulo Pruebas SST/Crear_una_entidad_de_riesgo_sst/select_SeleccionarAREAS DE RIESGOAREAS SIN RIESGOPRUEBA SILVIA 1PRUEBA SILVIA 2"), 5): All options with index in [5] are selected on object 'Object Repository/Modulo Pruebas SST/Crear_una_entidad_de_riesgo_sst/select_SeleccionarAREAS DE RIESGOAREAS SIN RIESGOPRUEBA SILVIA 1PRUEBA SILVIA 2'

2021-12-29 18:20:28 - [MESSAGE][PASSED] - All options with index in [5] are selected on object 'Object Repository/Modulo Pruebas SST/Crear_una_entidad_de_riesgo_sst/select_SeleccionarAREAS DE RIESGOAREAS SIN RIESGOPRUEBA SILVIA 1PRUEBA SILVIA 2'

2021-12-29 18:20:28 - [TEST_STEP][PASSED] - selectOptionByIndex(findTestObject("Modulo Pruebas SST/Crear_una_entidad_de_riesgo_sst/select_-- SELECCIONAR --SEDE NORTESEDE OCCIDENTESEDE SUR"), 1): All options with index in [1] are selected on object 'Object Repository/Modulo Pruebas SST/Crear_una_entidad_de_riesgo_sst/select_-- SELECCIONAR --SEDE NORTESEDE OCCIDENTESEDE SUR'

2021-12-29 18:20:29 - [MESSAGE][PASSED] - All options with index in [1] are selected on object 'Object Repository/Modulo Pruebas SST/Crear_una_entidad_de_riesgo_sst/select_-- SELECCIONAR --SEDE NORTESEDE OCCIDENTESEDE SUR'

2021-12-29 18:20:29 - [TEST_STEP][PASSED] - selectOptionByIndex(findTestObject("Modulo Pruebas SST/Crear_una_entidad_de_riesgo_sst/select_-- SELECCIONAR --Aula InteligenteSala de JuntasSalon ExternoSalon Principal"), 1): All options with index in [1] are selected on object 'Object Repository/Modulo Pruebas SST/Crear_una_entidad_de_riesgo_sst/select_-- SELECCIONAR --Aula InteligenteSala de JuntasSalon ExternoSalon Principal'

2021-12-29 18:20:30 - [MESSAGE][PASSED] - All options with index in [1] are selected on object 'Object Repository/Modulo Pruebas SST/Crear_una_entidad_de_riesgo_sst/select_-- SELECCIONAR --Aula InteligenteSala de JuntasSalon ExternoSalon Principal'

2021-12-29 18:20:30 - [TEST_STEP][PASSED] - click(findTestObject("Modulo Pruebas SST/Crear_una_entidad_de_riesgo_sst/a_Responsable_form_detalleEntidadRiesgoj_idt6320")): Object: 'Object Repository/Modulo Pruebas SST/Crear_una_entidad_de_riesgo_sst/a_Responsable_form_detalleEntidadRiesgoj_idt6320' is clicked on

2021-12-29 18:20:31 - [MESSAGE][PASSED] - Object: 'Object Repository/Modulo Pruebas SST/Crear_una_entidad_de_riesgo_sst/a_Responsable_form_detalleEntidadRiesgoj_idt6320' is clicked on

2021-12-29 18:20:31 - [TEST_STEP][PASSED] - setText(findTestObject("Modulo Pruebas SST/Crear_una_entidad_de_riesgo_sst/input_Filtro Hoja de Vida_formPopupHojaVidaj_idt9270"), "A A A"): Text 'A A A' is set on object 'Object Repository/Modulo Pruebas SST/Crear_una_entidad_de_riesgo_sst/input_Filtro Hoja de Vida_formPopupHojaVidaj_idt9270'

2021-12-29 18:20:32 - [MESSAGE][PASSED] - Text 'A A A' is set on object 'Object Repository/Modulo Pruebas SST/Crear_una_entidad_de_riesgo_sst/input_Filtro Hoja de Vida_formPopupHojaVidaj_idt9270'

2021-12-29 18:20:32 - [TEST_STEP][PASSED] - sendKeys(findTestObject("Modulo Pruebas SST/Crear_una_entidad_de_riesgo_sst/input_Filtro Hoja de Vida_formPopupHojaVidaj_idt9270"), Keys.chord(ENTER)): Keys 'ENTER + ' sent to object: 'Object Repository/Modulo Pruebas SST/Crear_una_entidad_de_riesgo_sst/input_Filtro Hoja de Vida_formPopupHojaVidaj_idt9270'

2021-12-29 18:20:32 - [MESSAGE][PASSED] - Keys 'ENTER + ' sent to object: 'Object Repository/Modulo Pruebas SST/Crear_una_entidad_de_riesgo_sst/input_Filtro Hoja de Vida_formPopupHojaVidaj_idt9270'

2021-12-29 18:20:32 - [TEST_STEP][PASSED] - click(findTestObject("Modulo Pruebas SST/Crear_una_entidad_de_riesgo_sst/span_1010220596")): Object: 'Object Repository/Modulo Pruebas SST/Crear_una_entidad_de_riesgo_sst/span_1010220596' is clicked on

2021-12-29 18:20:33 - [MESSAGE][PASSED] - Object: 'Object Repository/Modulo Pruebas SST/Crear_una_entidad_de_riesgo_sst/span_1010220596' is clicked on

2021-12-29 18:20:33 - [TEST_STEP][PASSED] - click(findTestObject("Modulo Pruebas SST/Crear_una_entidad_de_riesgo_sst/a_Guardar")): Object: 'Object Repository/Modulo Pruebas SST/Crear_una_entidad_de_riesgo_sst/a_Guardar' is clicked on

2021-12-29 18:20:34 - [MESSAGE][PASSED] - Object: 'Object Repository/Modulo Pruebas SST/Crear_una_entidad_de_riesgo_sst/a_Guardar' is clicked on

2021-12-29 18:20:34 - [TEST_STEP][PASSED] - click(findTestObject("Modulo Pruebas SST/Crear_una_entidad_de_riesgo_sst/a_Personas")): Object: 'Object Repository/Modulo Pruebas SST/Crear_una_entidad_de_riesgo_sst/a_Personas' is clicked on

2021-12-29 18:20:34 - [MESSAGE][PASSED] - Object: 'Object Repository/Modulo Pruebas SST/Crear_una_entidad_de_riesgo_sst/a_Personas' is clicked on

2021-12-29 18:20:34 - [TEST_STEP][PASSED] - click(findTestObject("Modulo Pruebas SST/Crear_una_entidad_de_riesgo_sst/a_Persona_form_detalleEntidadRiesgoj_idt692")): Object: 'Object Repository/Modulo Pruebas SST/Crear_una_entidad_de_riesgo_sst/a_Persona_form_detalleEntidadRiesgoj_idt692' is clicked on

2021-12-29 18:20:35 - [MESSAGE][PASSED] - Object: 'Object Repository/Modulo Pruebas SST/Crear_una_entidad_de_riesgo_sst/a_Persona_form_detalleEntidadRiesgoj_idt692' is clicked on

2021-12-29 18:20:35 - [TEST_STEP][PASSED] - setText(findTestObject("Modulo Pruebas SST/Crear_una_entidad_de_riesgo_sst/input_Filtro Hoja de Vida_formPopupHojaVidaj_idt92700"), "A A A"): Text 'A A A' is set on object 'Object Repository/Modulo Pruebas SST/Crear_una_entidad_de_riesgo_sst/input_Filtro Hoja de Vida_formPopupHojaVidaj_idt92700'

2021-12-29 18:20:36 - [MESSAGE][PASSED] - Text 'A A A' is set on object 'Object Repository/Modulo Pruebas SST/Crear_una_entidad_de_riesgo_sst/input_Filtro Hoja de Vida_formPopupHojaVidaj_idt92700'

2021-12-29 18:20:36 - [TEST_STEP][PASSED] - sendKeys(findTestObject("Modulo Pruebas SST/Crear_una_entidad_de_riesgo_sst/input_Filtro Hoja de Vida_formPopupHojaVidaj_idt92700"), Keys.chord(ENTER)): Keys 'ENTER + ' sent to object: 'Object Repository/Modulo Pruebas SST/Crear_una_entidad_de_riesgo_sst/input_Filtro Hoja de Vida_formPopupHojaVidaj_idt92700'

2021-12-29 18:20:37 - [MESSAGE][PASSED] - Keys 'ENTER + ' sent to object: 'Object Repository/Modulo Pruebas SST/Crear_una_entidad_de_riesgo_sst/input_Filtro Hoja de Vida_formPopupHojaVidaj_idt92700'

2021-12-29 18:20:37 - [TEST_STEP][PASSED] - click(findTestObject("Modulo Pruebas SST/Crear_una_entidad_de_riesgo_sst/span_1010220596")): Object: 'Object Repository/Modulo Pruebas SST/Crear_una_entidad_de_riesgo_sst/span_1010220596' is clicked on

2021-12-29 18:20:37 - [MESSAGE][PASSED] - Object: 'Object Repository/Modulo Pruebas SST/Crear_una_entidad_de_riesgo_sst/span_1010220596' is clicked on

2021-12-29 18:20:37 - [TEST_STEP][PASSED] - click(findTestObject("Modulo Pruebas SST/Crear_una_entidad_de_riesgo_sst/a_Nuevo")): Object: 'Object Repository/Modulo Pruebas SST/Crear_una_entidad_de_riesgo_sst/a_Nuevo' is clicked on

2021-12-29 18:20:38 - [MESSAGE][PASSED] - Object: 'Object Repository/Modulo Pruebas SST/Crear_una_entidad_de_riesgo_sst/a_Nuevo' is clicked on

2021-12-29 18:20:38 - [TEST_STEP][PASSED] - click(findTestObject("Modulo Pruebas SST/Crear_una_entidad_de_riesgo_sst/a_Identificacin_form_popupHojaVidaEntidadj_idt838")): Object: 'Object Repository/Modulo Pruebas SST/Crear_una_entidad_de_riesgo_sst/a_Identificacin_form_popupHojaVidaEntidadj_idt838' is clicked on

2021-12-29 18:20:39 - [MESSAGE][PASSED] - Object: 'Object Repository/Modulo Pruebas SST/Crear_una_entidad_de_riesgo_sst/a_Identificacin_form_popupHojaVidaEntidadj_idt838' is clicked on

2021-12-29 18:20:39 - [TEST_STEP][PASSED] - setText(findTestObject("Modulo Pruebas SST/Crear_una_entidad_de_riesgo_sst/input_Filtro Hoja de Vida_formPopupHojaVidaj_idt92700"), "GUISELL"): Text 'GUISELL' is set on object 'Object Repository/Modulo Pruebas SST/Crear_una_entidad_de_riesgo_sst/input_Filtro Hoja de Vida_formPopupHojaVidaj_idt92700'

2021-12-29 18:20:40 - [MESSAGE][PASSED] - Text 'GUISELL' is set on object 'Object Repository/Modulo Pruebas SST/Crear_una_entidad_de_riesgo_sst/input_Filtro Hoja de Vida_formPopupHojaVidaj_idt92700'

2021-12-29 18:20:40 - [TEST_STEP][PASSED] - sendKeys(findTestObject("Modulo Pruebas SST/Crear_una_entidad_de_riesgo_sst/input_Filtro Hoja de Vida_formPopupHojaVidaj_idt92700"), Keys.chord(ENTER)): Keys 'ENTER + ' sent to object: 'Object Repository/Modulo Pruebas SST/Crear_una_entidad_de_riesgo_sst/input_Filtro Hoja de Vida_formPopupHojaVidaj_idt92700'

2021-12-29 18:20:40 - [MESSAGE][PASSED] - Keys 'ENTER + ' sent to object: 'Object Repository/Modulo Pruebas SST/Crear_una_entidad_de_riesgo_sst/input_Filtro Hoja de Vida_formPopupHojaVidaj_idt92700'

2021-12-29 18:20:40 - [TEST_STEP][FAILED] - click(findTestObject("Modulo Pruebas SST/Crear_una_entidad_de_riesgo_sst/span_Diaz Blanco Guisell")): Unable to click on object 'Object Repository/Modulo Pruebas SST/Crear_una_entidad_de_riesgo_sst/span_Diaz Blanco Guisell' (Root cause: com.kms.katalon.core.exception.StepFailedException: Unable to click on object 'Object Repository/Modulo Pruebas SST/Crear_una_entidad_de_riesgo_sst/span_Diaz Blanco Guisell'
	at com.kms.katalon.core.webui.keyword.internal.WebUIKeywordMain.stepFailed(WebUIKeywordMain.groovy:64)
	at com.kms.katalon.core.webui.keyword.internal.WebUIKeywordMain.runKeyword(WebUIKeywordMain.groovy:26)
	at com.kms.katalon.core.webui.keyword.builtin.ClickKeyword.click(ClickKeyword.groovy:74)
	at com.kms.katalon.core.webui.keyword.builtin.ClickKeyword.execute(ClickKeyword.groovy:40)
	at com.kms.katalon.core.keyword.internal.KeywordExecutor.executeKeywordForPlatform(KeywordExecutor.groovy:74)
	at com.kms.katalon.core.webui.keyword.WebUiBuiltInKeywords.click(WebUiBuiltInKeywords.groovy:620)
	at com.kms.katalon.core.webui.keyword.WebUiBuiltInKeywords$click$5.call(Unknown Source)
	at 5.1.6-Crear_una_entidad_de_riesgo_sst.run(5.1.6-Crear_una_entidad_de_riesgo_sst:121)
	at com.kms.katalon.core.main.ScriptEngine.run(ScriptEngine.java:194)
	at com.kms.katalon.core.main.ScriptEngine.runScriptAsRawText(ScriptEngine.java:119)
	at com.kms.katalon.core.main.TestCaseExecutor.runScript(TestCaseExecutor.java:442)
	at com.kms.katalon.core.main.TestCaseExecutor.doExecute(TestCaseExecutor.java:433)
	at com.kms.katalon.core.main.TestCaseExecutor.processExecutionPhase(TestCaseExecutor.java:412)
	at com.kms.katalon.core.main.TestCaseExecutor.accessMainPhase(TestCaseExecutor.java:404)
	at com.kms.katalon.core.main.TestCaseExecutor.execute(TestCaseExecutor.java:281)
	at com.kms.katalon.core.main.TestSuiteExecutor.accessTestCaseMainPhase(TestSuiteExecutor.java:202)
	at com.kms.katalon.core.main.TestSuiteExecutor.accessTestSuiteMainPhase(TestSuiteExecutor.java:164)
	at com.kms.katalon.core.main.TestSuiteExecutor.execute(TestSuiteExecutor.java:105)
	at com.kms.katalon.core.main.TestCaseMain.startTestSuite(TestCaseMain.java:181)
	at com.kms.katalon.core.main.TestCaseMain$startTestSuite$0.call(Unknown Source)
	at TempTestSuite1640819056891.run(TempTestSuite1640819056891.groovy:36)
Caused by: com.kms.katalon.core.webui.exception.WebElementNotFoundException: Web element with id: 'Object Repository/Modulo Pruebas SST/Crear_una_entidad_de_riesgo_sst/span_Diaz Blanco Guisell' located by '//*/text()[normalize-space(.)='Diaz Blanco Guisell']/parent::*' not found
	at com.kms.katalon.core.webui.common.WebUiCommonHelper.findWebElement(WebUiCommonHelper.java:1368)
	at com.kms.katalon.core.webui.keyword.internal.WebUIAbstractKeyword.findWebElement(WebUIAbstractKeyword.groovy:27)
	at com.kms.katalon.core.webui.keyword.builtin.ClickKeyword$_click_closure1.doCall(ClickKeyword.groovy:65)
	at com.kms.katalon.core.webui.keyword.builtin.ClickKeyword$_click_closure1.call(ClickKeyword.groovy)
	at com.kms.katalon.core.webui.keyword.internal.WebUIKeywordMain.runKeyword(WebUIKeywordMain.groovy:20)
	at com.kms.katalon.core.webui.keyword.builtin.ClickKeyword.click(ClickKeyword.groovy:74)
	at com.kms.katalon.core.webui.keyword.builtin.ClickKeyword.execute(ClickKeyword.groovy:40)
	at com.kms.katalon.core.keyword.internal.KeywordExecutor.executeKeywordForPlatform(KeywordExecutor.groovy:74)
	at com.kms.katalon.core.webui.keyword.WebUiBuiltInKeywords.click(WebUiBuiltInKeywords.groovy:620)
	at com.kms.katalon.core.webui.keyword.WebUiBuiltInKeywords$click$5.call(Unknown Source)
	at Script1639075665186.run(Script1639075665186.groovy:121)
	... 13 more
)

2021-12-29 18:21:12 - [MESSAGE][INFO] - Unable to find the element located by 'By.xpath: //*/text()[normalize-space(.)='Diaz Blanco Guisell']/parent::*'. Please recheck the objects properties to make sure the desired element is located. 

2021-12-29 18:21:12 - [MESSAGE][FAILED] - Unable to click on object 'Object Repository/Modulo Pruebas SST/Crear_una_entidad_de_riesgo_sst/span_Diaz Blanco Guisell' (Root cause: com.kms.katalon.core.exception.StepFailedException: Unable to click on object 'Object Repository/Modulo Pruebas SST/Crear_una_entidad_de_riesgo_sst/span_Diaz Blanco Guisell'
	at com.kms.katalon.core.webui.keyword.internal.WebUIKeywordMain.stepFailed(WebUIKeywordMain.groovy:64)
	at com.kms.katalon.core.webui.keyword.internal.WebUIKeywordMain.runKeyword(WebUIKeywordMain.groovy:26)
	at com.kms.katalon.core.webui.keyword.builtin.ClickKeyword.click(ClickKeyword.groovy:74)
	at com.kms.katalon.core.webui.keyword.builtin.ClickKeyword.execute(ClickKeyword.groovy:40)
	at com.kms.katalon.core.keyword.internal.KeywordExecutor.executeKeywordForPlatform(KeywordExecutor.groovy:74)
	at com.kms.katalon.core.webui.keyword.WebUiBuiltInKeywords.click(WebUiBuiltInKeywords.groovy:620)
	at com.kms.katalon.core.webui.keyword.WebUiBuiltInKeywords$click$5.call(Unknown Source)
	at 5.1.6-Crear_una_entidad_de_riesgo_sst.run(5.1.6-Crear_una_entidad_de_riesgo_sst:121)
	at com.kms.katalon.core.main.ScriptEngine.run(ScriptEngine.java:194)
	at com.kms.katalon.core.main.ScriptEngine.runScriptAsRawText(ScriptEngine.java:119)
	at com.kms.katalon.core.main.TestCaseExecutor.runScript(TestCaseExecutor.java:442)
	at com.kms.katalon.core.main.TestCaseExecutor.doExecute(TestCaseExecutor.java:433)
	at com.kms.katalon.core.main.TestCaseExecutor.processExecutionPhase(TestCaseExecutor.java:412)
	at com.kms.katalon.core.main.TestCaseExecutor.accessMainPhase(TestCaseExecutor.java:404)
	at com.kms.katalon.core.main.TestCaseExecutor.execute(TestCaseExecutor.java:281)
	at com.kms.katalon.core.main.TestSuiteExecutor.accessTestCaseMainPhase(TestSuiteExecutor.java:202)
	at com.kms.katalon.core.main.TestSuiteExecutor.accessTestSuiteMainPhase(TestSuiteExecutor.java:164)
	at com.kms.katalon.core.main.TestSuiteExecutor.execute(TestSuiteExecutor.java:105)
	at com.kms.katalon.core.main.TestCaseMain.startTestSuite(TestCaseMain.java:181)
	at com.kms.katalon.core.main.TestCaseMain$startTestSuite$0.call(Unknown Source)
	at TempTestSuite1640819056891.run(TempTestSuite1640819056891.groovy:36)
Caused by: com.kms.katalon.core.webui.exception.WebElementNotFoundException: Web element with id: 'Object Repository/Modulo Pruebas SST/Crear_una_entidad_de_riesgo_sst/span_Diaz Blanco Guisell' located by '//*/text()[normalize-space(.)='Diaz Blanco Guisell']/parent::*' not found
	at com.kms.katalon.core.webui.common.WebUiCommonHelper.findWebElement(WebUiCommonHelper.java:1368)
	at com.kms.katalon.core.webui.keyword.internal.WebUIAbstractKeyword.findWebElement(WebUIAbstractKeyword.groovy:27)
	at com.kms.katalon.core.webui.keyword.builtin.ClickKeyword$_click_closure1.doCall(ClickKeyword.groovy:65)
	at com.kms.katalon.core.webui.keyword.builtin.ClickKeyword$_click_closure1.call(ClickKeyword.groovy)
	at com.kms.katalon.core.webui.keyword.internal.WebUIKeywordMain.runKeyword(WebUIKeywordMain.groovy:20)
	at com.kms.katalon.core.webui.keyword.builtin.ClickKeyword.click(ClickKeyword.groovy:74)
	at com.kms.katalon.core.webui.keyword.builtin.ClickKeyword.execute(ClickKeyword.groovy:40)
	at com.kms.katalon.core.keyword.internal.KeywordExecutor.executeKeywordForPlatform(KeywordExecutor.groovy:74)
	at com.kms.katalon.core.webui.keyword.WebUiBuiltInKeywords.click(WebUiBuiltInKeywords.groovy:620)
	at com.kms.katalon.core.webui.keyword.WebUiBuiltInKeywords$click$5.call(Unknown Source)
	at Script1639075665186.run(Script1639075665186.groovy:121)
	... 13 more
)
[[ATTACHMENT|C:\\Users\\diego.rojas\\git\\Pruebas-Minimas\\Reports\\20211229_180359\\5-Pruebas SST\\20211229_180416\\1640820072171.png]]]]></system-out>
         <system-err><![CDATA[2021-12-29 18:20:00 - [TEST_CASE][FAILED] - Test Cases/5.1-Pruebas_SST/5.1.6-Crear_una_entidad_de_riesgo_sst: Test Cases/5.1-Pruebas_SST/5.1.6-Crear_una_entidad_de_riesgo_sst FAILED.
Reason:
com.kms.katalon.core.exception.StepFailedException: Unable to click on object 'Object Repository/Modulo Pruebas SST/Crear_una_entidad_de_riesgo_sst/span_Diaz Blanco Guisell'
	at com.kms.katalon.core.webui.keyword.internal.WebUIKeywordMain.stepFailed(WebUIKeywordMain.groovy:64)
	at com.kms.katalon.core.webui.keyword.internal.WebUIKeywordMain.runKeyword(WebUIKeywordMain.groovy:26)
	at com.kms.katalon.core.webui.keyword.builtin.ClickKeyword.click(ClickKeyword.groovy:74)
	at com.kms.katalon.core.webui.keyword.builtin.ClickKeyword.execute(ClickKeyword.groovy:40)
	at com.kms.katalon.core.keyword.internal.KeywordExecutor.executeKeywordForPlatform(KeywordExecutor.groovy:74)
	at com.kms.katalon.core.webui.keyword.WebUiBuiltInKeywords.click(WebUiBuiltInKeywords.groovy:620)
	at com.kms.katalon.core.webui.keyword.WebUiBuiltInKeywords$click$5.call(Unknown Source)
	at 5.1.6-Crear_una_entidad_de_riesgo_sst.run(5.1.6-Crear_una_entidad_de_riesgo_sst:121)
	at com.kms.katalon.core.main.ScriptEngine.run(ScriptEngine.java:194)
	at com.kms.katalon.core.main.ScriptEngine.runScriptAsRawText(ScriptEngine.java:119)
	at com.kms.katalon.core.main.TestCaseExecutor.runScript(TestCaseExecutor.java:442)
	at com.kms.katalon.core.main.TestCaseExecutor.doExecute(TestCaseExecutor.java:433)
	at com.kms.katalon.core.main.TestCaseExecutor.processExecutionPhase(TestCaseExecutor.java:412)
	at com.kms.katalon.core.main.TestCaseExecutor.accessMainPhase(TestCaseExecutor.java:404)
	at com.kms.katalon.core.main.TestCaseExecutor.execute(TestCaseExecutor.java:281)
	at com.kms.katalon.core.main.TestSuiteExecutor.accessTestCaseMainPhase(TestSuiteExecutor.java:202)
	at com.kms.katalon.core.main.TestSuiteExecutor.accessTestSuiteMainPhase(TestSuiteExecutor.java:164)
	at com.kms.katalon.core.main.TestSuiteExecutor.execute(TestSuiteExecutor.java:105)
	at com.kms.katalon.core.main.TestCaseMain.startTestSuite(TestCaseMain.java:181)
	at com.kms.katalon.core.main.TestCaseMain$startTestSuite$0.call(Unknown Source)
	at TempTestSuite1640819056891.run(TempTestSuite1640819056891.groovy:36)
Caused by: com.kms.katalon.core.webui.exception.WebElementNotFoundException: Web element with id: 'Object Repository/Modulo Pruebas SST/Crear_una_entidad_de_riesgo_sst/span_Diaz Blanco Guisell' located by '//*/text()[normalize-space(.)='Diaz Blanco Guisell']/parent::*' not found
	at com.kms.katalon.core.webui.common.WebUiCommonHelper.findWebElement(WebUiCommonHelper.java:1368)
	at com.kms.katalon.core.webui.keyword.internal.WebUIAbstractKeyword.findWebElement(WebUIAbstractKeyword.groovy:27)
	at com.kms.katalon.core.webui.keyword.builtin.ClickKeyword$_click_closure1.doCall(ClickKeyword.groovy:65)
	at com.kms.katalon.core.webui.keyword.builtin.ClickKeyword$_click_closure1.call(ClickKeyword.groovy)
	at com.kms.katalon.core.webui.keyword.internal.WebUIKeywordMain.runKeyword(WebUIKeywordMain.groovy:20)
	... 19 more]]></system-err>
      </testcase>
      <testcase name="Test Cases/5.1-Pruebas_SST/5.1.7-Crear_un_Sistema_de_Vigilancia_Epidemiologica" time="62.334" classname="Test Cases/5.1-Pruebas_SST/5.1.7-Crear_un_Sistema_de_Vigilancia_Epidemiologica" status="FAILED">
         <failure type="FAILED" message="Test Cases/5.1-Pruebas_SST/5.1.7-Crear_un_Sistema_de_Vigilancia_Epidemiologica FAILED.
Reason:
com.kms.katalon.core.exception.StepFailedException: Unable to click on object 'Object Repository/Modulo Pruebas SST/Crear_un_Sistema_de_Vigilancia_Epidemiologica/div_DIAZ BLANCO GUISELL_ui-chkbox-box ui-widget ui-corner-all ui-state-default ui-state-hover'
	at com.kms.katalon.core.webui.keyword.internal.WebUIKeywordMain.stepFailed(WebUIKeywordMain.groovy:64)
	at com.kms.katalon.core.webui.keyword.internal.WebUIKeywordMain.runKeyword(WebUIKeywordMain.groovy:26)
	at com.kms.katalon.core.webui.keyword.builtin.ClickKeyword.click(ClickKeyword.groovy:74)
	at com.kms.katalon.core.webui.keyword.builtin.ClickKeyword.execute(ClickKeyword.groovy:40)
	at com.kms.katalon.core.keyword.internal.KeywordExecutor.executeKeywordForPlatform(KeywordExecutor.groovy:74)
	at com.kms.katalon.core.webui.keyword.WebUiBuiltInKeywords.click(WebUiBuiltInKeywords.groovy:620)
	at com.kms.katalon.core.webui.keyword.WebUiBuiltInKeywords$click$5.call(Unknown Source)
	at 5.1.7-Crear_un_Sistema_de_Vigilancia_Epidemiologica.run(5.1.7-Crear_un_Sistema_de_Vigilancia_Epidemiologica:84)
	at com.kms.katalon.core.main.ScriptEngine.run(ScriptEngine.java:194)
	at com.kms.katalon.core.main.ScriptEngine.runScriptAsRawText(ScriptEngine.java:119)
	at com.kms.katalon.core.main.TestCaseExecutor.runScript(TestCaseExecutor.java:442)
	at com.kms.katalon.core.main.TestCaseExecutor.doExecute(TestCaseExecutor.java:433)
	at com.kms.katalon.core.main.TestCaseExecutor.processExecutionPhase(TestCaseExecutor.java:412)
	at com.kms.katalon.core.main.TestCaseExecutor.accessMainPhase(TestCaseExecutor.java:404)
	at com.kms.katalon.core.main.TestCaseExecutor.execute(TestCaseExecutor.java:281)
	at com.kms.katalon.core.main.TestSuiteExecutor.accessTestCaseMainPhase(TestSuiteExecutor.java:202)
	at com.kms.katalon.core.main.TestSuiteExecutor.accessTestSuiteMainPhase(TestSuiteExecutor.java:164)
	at com.kms.katalon.core.main.TestSuiteExecutor.execute(TestSuiteExecutor.java:105)
	at com.kms.katalon.core.main.TestCaseMain.startTestSuite(TestCaseMain.java:181)
	at com.kms.katalon.core.main.TestCaseMain$startTestSuite$0.call(Unknown Source)
	at TempTestSuite1640819056891.run(TempTestSuite1640819056891.groovy:36)
Caused by: com.kms.katalon.core.webui.exception.WebElementNotFoundException: Web element with id: 'Object Repository/Modulo Pruebas SST/Crear_un_Sistema_de_Vigilancia_Epidemiologica/div_DIAZ BLANCO GUISELL_ui-chkbox-box ui-widget ui-corner-all ui-state-default ui-state-hover' located by '//td[3]/div/div[2]' not found
	at com.kms.katalon.core.webui.common.WebUiCommonHelper.findWebElement(WebUiCommonHelper.java:1368)
	at com.kms.katalon.core.webui.keyword.internal.WebUIAbstractKeyword.findWebElement(WebUIAbstractKeyword.groovy:27)
	at com.kms.katalon.core.webui.keyword.builtin.ClickKeyword$_click_closure1.doCall(ClickKeyword.groovy:65)
	at com.kms.katalon.core.webui.keyword.builtin.ClickKeyword$_click_closure1.call(ClickKeyword.groovy)
	at com.kms.katalon.core.webui.keyword.internal.WebUIKeywordMain.runKeyword(WebUIKeywordMain.groovy:20)
	... 19 more
"/>
         <system-out><![CDATA[2021-12-29 18:21:12 - [TEST_CASE][FAILED] - Test Cases/5.1-Pruebas_SST/5.1.7-Crear_un_Sistema_de_Vigilancia_Epidemiologica: Test Cases/5.1-Pruebas_SST/5.1.7-Crear_un_Sistema_de_Vigilancia_Epidemiologica FAILED.
Reason:
com.kms.katalon.core.exception.StepFailedException: Unable to click on object 'Object Repository/Modulo Pruebas SST/Crear_un_Sistema_de_Vigilancia_Epidemiologica/div_DIAZ BLANCO GUISELL_ui-chkbox-box ui-widget ui-corner-all ui-state-default ui-state-hover'
	at com.kms.katalon.core.webui.keyword.internal.WebUIKeywordMain.stepFailed(WebUIKeywordMain.groovy:64)
	at com.kms.katalon.core.webui.keyword.internal.WebUIKeywordMain.runKeyword(WebUIKeywordMain.groovy:26)
	at com.kms.katalon.core.webui.keyword.builtin.ClickKeyword.click(ClickKeyword.groovy:74)
	at com.kms.katalon.core.webui.keyword.builtin.ClickKeyword.execute(ClickKeyword.groovy:40)
	at com.kms.katalon.core.keyword.internal.KeywordExecutor.executeKeywordForPlatform(KeywordExecutor.groovy:74)
	at com.kms.katalon.core.webui.keyword.WebUiBuiltInKeywords.click(WebUiBuiltInKeywords.groovy:620)
	at com.kms.katalon.core.webui.keyword.WebUiBuiltInKeywords$click$5.call(Unknown Source)
	at 5.1.7-Crear_un_Sistema_de_Vigilancia_Epidemiologica.run(5.1.7-Crear_un_Sistema_de_Vigilancia_Epidemiologica:84)
	at com.kms.katalon.core.main.ScriptEngine.run(ScriptEngine.java:194)
	at com.kms.katalon.core.main.ScriptEngine.runScriptAsRawText(ScriptEngine.java:119)
	at com.kms.katalon.core.main.TestCaseExecutor.runScript(TestCaseExecutor.java:442)
	at com.kms.katalon.core.main.TestCaseExecutor.doExecute(TestCaseExecutor.java:433)
	at com.kms.katalon.core.main.TestCaseExecutor.processExecutionPhase(TestCaseExecutor.java:412)
	at com.kms.katalon.core.main.TestCaseExecutor.accessMainPhase(TestCaseExecutor.java:404)
	at com.kms.katalon.core.main.TestCaseExecutor.execute(TestCaseExecutor.java:281)
	at com.kms.katalon.core.main.TestSuiteExecutor.accessTestCaseMainPhase(TestSuiteExecutor.java:202)
	at com.kms.katalon.core.main.TestSuiteExecutor.accessTestSuiteMainPhase(TestSuiteExecutor.java:164)
	at com.kms.katalon.core.main.TestSuiteExecutor.execute(TestSuiteExecutor.java:105)
	at com.kms.katalon.core.main.TestCaseMain.startTestSuite(TestCaseMain.java:181)
	at com.kms.katalon.core.main.TestCaseMain$startTestSuite$0.call(Unknown Source)
	at TempTestSuite1640819056891.run(TempTestSuite1640819056891.groovy:36)
Caused by: com.kms.katalon.core.webui.exception.WebElementNotFoundException: Web element with id: 'Object Repository/Modulo Pruebas SST/Crear_un_Sistema_de_Vigilancia_Epidemiologica/div_DIAZ BLANCO GUISELL_ui-chkbox-box ui-widget ui-corner-all ui-state-default ui-state-hover' located by '//td[3]/div/div[2]' not found
	at com.kms.katalon.core.webui.common.WebUiCommonHelper.findWebElement(WebUiCommonHelper.java:1368)
	at com.kms.katalon.core.webui.keyword.internal.WebUIAbstractKeyword.findWebElement(WebUIAbstractKeyword.groovy:27)
	at com.kms.katalon.core.webui.keyword.builtin.ClickKeyword$_click_closure1.doCall(ClickKeyword.groovy:65)
	at com.kms.katalon.core.webui.keyword.builtin.ClickKeyword$_click_closure1.call(ClickKeyword.groovy)
	at com.kms.katalon.core.webui.keyword.internal.WebUIKeywordMain.runKeyword(WebUIKeywordMain.groovy:20)
	... 19 more


2021-12-29 18:21:12 - [TEST_STEP][PASSED] - today = new java.util.Date(): null

2021-12-29 18:21:12 - [TEST_STEP][PASSED] - todaysDate = today.format("dd/MM/yyyy HH:mm"): null

2021-12-29 18:21:12 - [TEST_STEP][PASSED] - comment("FALTA CONDICION PARA ELIMINAR REGISTRO."): FALTA CONDICION PARA ELIMINAR REGISTRO.

2021-12-29 18:21:12 - [MESSAGE][INFO] - FALTA CONDICION PARA ELIMINAR REGISTRO.

2021-12-29 18:21:12 - [TEST_STEP][PASSED] - comment("conflicto con base de datos no permite eliminar registro"): conflicto con base de datos no permite eliminar registro

2021-12-29 18:21:12 - [MESSAGE][INFO] - conflicto con base de datos no permite eliminar registro

2021-12-29 18:21:12 - [TEST_STEP][PASSED] - callTestCase(findTestCase("0.1-Login"), [:], STOP_ON_FAILURE): Call Test Case 'Test Cases/0.1-Login' successfully

2021-12-29 18:21:12 - [TEST_CASE][PASSED] - Test Cases/0.1-Login: Test Cases/0.1-Login

2021-12-29 18:21:12 - [TEST_STEP][PASSED] - openBrowser(""): Browser is opened with url: ''

2021-12-29 18:21:12 - [MESSAGE][WARNING] - A browser is already opened. Closing browser and opening a new one

2021-12-29 18:21:13 - [MESSAGE][INFO] - Starting 'Chrome' driver

2021-12-29 18:21:13 - [MESSAGE][INFO] - Action delay is set to 0 milliseconds

2021-12-29 18:21:14 - [MESSAGE][PASSED] - Browser is opened with url: ''

2021-12-29 18:21:14 - [TEST_STEP][PASSED] - maximizeWindow(): Current window maximized

2021-12-29 18:21:14 - [MESSAGE][PASSED] - Current window maximized

2021-12-29 18:21:14 - [TEST_STEP][PASSED] - i = G_Login: null

2021-12-29 18:21:14 - [TEST_STEP][PASSED] - url = new java.net.URL(i): null

2021-12-29 18:21:14 - [TEST_STEP][PASSED] - println("URL: " + url.toString()): null

2021-12-29 18:21:14 - [TEST_STEP][PASSED] - connection = url.openConnection(): null

2021-12-29 18:21:14 - [TEST_STEP][PASSED] - connection.setRequestMethod("GET"): null

2021-12-29 18:21:14 - [TEST_STEP][PASSED] - connection.setReadTimeout(2 * 1000): null

2021-12-29 18:21:14 - [TEST_STEP][PASSED] - try: null

2021-12-29 18:21:14 - [TEST_STEP][PASSED] - connection.connect(): null

2021-12-29 18:21:14 - [TEST_STEP][PASSED] - flag = connected: null

2021-12-29 18:21:14 - [TEST_STEP][PASSED] - println("Valor_ori: " + flag): null

2021-12-29 18:21:14 - [TEST_STEP][PASSED] - if (flag): null

2021-12-29 18:21:14 - [TEST_STEP][PASSED] - navigateToUrl(i): Navigate to 'http://192.168.2.80:8380/saraweb' successfully

2021-12-29 18:21:15 - [MESSAGE][PASSED] - Navigate to 'http://192.168.2.80:8380/saraweb' successfully

2021-12-29 18:21:15 - [TEST_STEP][PASSED] - a(): null

2021-12-29 18:21:15 - [TEST_STEP][PASSED] - setText(findTestObject("Login/input_USUARIO_loginusuario"), G_Usuario): Text 'saraadmin' is set on object 'Object Repository/Login/input_USUARIO_loginusuario'

2021-12-29 18:21:16 - [MESSAGE][PASSED] - Text 'saraadmin' is set on object 'Object Repository/Login/input_USUARIO_loginusuario'

2021-12-29 18:21:16 - [TEST_STEP][PASSED] - setEncryptedText(findTestObject("Login/input_CLAVE_loginpassword"), "MkG4/TYiCFC3cb2driP7+Q=="): Text ****** has been set on object 'Object Repository/Login/input_CLAVE_loginpassword'

2021-12-29 18:21:17 - [MESSAGE][PASSED] - Text ****** has been set on object 'Object Repository/Login/input_CLAVE_loginpassword'

2021-12-29 18:21:17 - [TEST_STEP][PASSED] - waitForElementClickable(findTestObject("Login/a_Ingresar"), G_TimeOut): Object 'Object Repository/Login/a_Ingresar' is clickable

2021-12-29 18:21:17 - [MESSAGE][PASSED] - Object 'Object Repository/Login/a_Ingresar' is clickable

2021-12-29 18:21:17 - [TEST_STEP][PASSED] - click(findTestObject("Login/a_Ingresar")): Object: 'Object Repository/Login/a_Ingresar' is clicked on

2021-12-29 18:21:19 - [MESSAGE][PASSED] - Object: 'Object Repository/Login/a_Ingresar' is clicked on

2021-12-29 18:21:19 - [TEST_STEP][PASSED] - element = findWebElement(findTestObject("Login/a_Ir"), 30): null

2021-12-29 18:21:20 - [TEST_STEP][PASSED] - executeJavaScript("arguments[0].click()", Arrays.asList(element)): Execute JavaScript 'arguments[0].click()' successfully

2021-12-29 18:21:20 - [MESSAGE][PASSED] - Execute JavaScript 'arguments[0].click()' successfully

2021-12-29 18:21:20 - [MESSAGE][PASSED] - Call Test Case 'Test Cases/0.1-Login' successfully

2021-12-29 18:21:20 - [TEST_STEP][PASSED] - setText(findTestObject("Modulo Pruebas SST/Crear_un_Sistema_de_Vigilancia_Epidemiologica/input_Entidad de Riesgo_form_templatej_idt24_input"), "vigilancia epidemiologica"): Text 'vigilancia epidemiologica' is set on object 'Object Repository/Modulo Pruebas SST/Crear_un_Sistema_de_Vigilancia_Epidemiologica/input_Entidad de Riesgo_form_templatej_idt24_input'

2021-12-29 18:21:21 - [MESSAGE][PASSED] - Text 'vigilancia epidemiologica' is set on object 'Object Repository/Modulo Pruebas SST/Crear_un_Sistema_de_Vigilancia_Epidemiologica/input_Entidad de Riesgo_form_templatej_idt24_input'

2021-12-29 18:21:21 - [TEST_STEP][PASSED] - click(findTestObject("Modulo Pruebas SST/Crear_un_Sistema_de_Vigilancia_Epidemiologica/li_Programas de Vigilancia Epidemiologica (sst)")): Object: 'Object Repository/Modulo Pruebas SST/Crear_un_Sistema_de_Vigilancia_Epidemiologica/li_Programas de Vigilancia Epidemiologica (sst)' is clicked on

2021-12-29 18:21:23 - [MESSAGE][PASSED] - Object: 'Object Repository/Modulo Pruebas SST/Crear_un_Sistema_de_Vigilancia_Epidemiologica/li_Programas de Vigilancia Epidemiologica (sst)' is clicked on

2021-12-29 18:21:23 - [TEST_STEP][PASSED] - click(findTestObject("Modulo Pruebas SST/Crear_un_Sistema_de_Vigilancia_Epidemiologica/td_PRUEBAS K")): Object: 'Object Repository/Modulo Pruebas SST/Crear_un_Sistema_de_Vigilancia_Epidemiologica/td_PRUEBAS K' is clicked on

2021-12-29 18:21:26 - [MESSAGE][PASSED] - Object: 'Object Repository/Modulo Pruebas SST/Crear_un_Sistema_de_Vigilancia_Epidemiologica/td_PRUEBAS K' is clicked on

2021-12-29 18:21:26 - [TEST_STEP][PASSED] - click(findTestObject("Modulo Pruebas SST/Crear_un_Sistema_de_Vigilancia_Epidemiologica/a_Nuevo0")): Object: 'Object Repository/Modulo Pruebas SST/Crear_un_Sistema_de_Vigilancia_Epidemiologica/a_Nuevo0' is clicked on

2021-12-29 18:21:27 - [MESSAGE][PASSED] - Object: 'Object Repository/Modulo Pruebas SST/Crear_un_Sistema_de_Vigilancia_Epidemiologica/a_Nuevo0' is clicked on

2021-12-29 18:21:27 - [TEST_STEP][PASSED] - selectOptionByIndex(findTestObject("Modulo Pruebas SST/Crear_un_Sistema_de_Vigilancia_Epidemiologica/select_--Seleccione--PRUEBAS KATALON"), "1"): All options with index in [1] are selected on object 'Object Repository/Modulo Pruebas SST/Crear_un_Sistema_de_Vigilancia_Epidemiologica/select_--Seleccione--PRUEBAS KATALON'

2021-12-29 18:21:28 - [MESSAGE][PASSED] - All options with index in [1] are selected on object 'Object Repository/Modulo Pruebas SST/Crear_un_Sistema_de_Vigilancia_Epidemiologica/select_--Seleccione--PRUEBAS KATALON'

2021-12-29 18:21:28 - [TEST_STEP][PASSED] - setText(findTestObject("Modulo Pruebas SST/Crear_un_Sistema_de_Vigilancia_Epidemiologica/input_Descripcin_form_programaVigilanciatabdescripcion"), "pruebas k " + todaysDate): Text 'pruebas k 29/12/2021 18:21' is set on object 'Object Repository/Modulo Pruebas SST/Crear_un_Sistema_de_Vigilancia_Epidemiologica/input_Descripcin_form_programaVigilanciatabdescripcion'

2021-12-29 18:21:29 - [MESSAGE][PASSED] - Text 'pruebas k 29/12/2021 18:21' is set on object 'Object Repository/Modulo Pruebas SST/Crear_un_Sistema_de_Vigilancia_Epidemiologica/input_Descripcin_form_programaVigilanciatabdescripcion'

2021-12-29 18:21:29 - [TEST_STEP][PASSED] - click(findTestObject("Modulo Pruebas SST/Crear_un_Sistema_de_Vigilancia_Epidemiologica/label_SI")): Object: 'Object Repository/Modulo Pruebas SST/Crear_un_Sistema_de_Vigilancia_Epidemiologica/label_SI' is clicked on

2021-12-29 18:21:29 - [MESSAGE][PASSED] - Object: 'Object Repository/Modulo Pruebas SST/Crear_un_Sistema_de_Vigilancia_Epidemiologica/label_SI' is clicked on

2021-12-29 18:21:29 - [TEST_STEP][PASSED] - click(findTestObject("Modulo Pruebas SST/Crear_un_Sistema_de_Vigilancia_Epidemiologica/a_Guardar")): Object: 'Object Repository/Modulo Pruebas SST/Crear_un_Sistema_de_Vigilancia_Epidemiologica/a_Guardar' is clicked on

2021-12-29 18:21:30 - [MESSAGE][PASSED] - Object: 'Object Repository/Modulo Pruebas SST/Crear_un_Sistema_de_Vigilancia_Epidemiologica/a_Guardar' is clicked on

2021-12-29 18:21:30 - [TEST_STEP][PASSED] - click(findTestObject("Modulo Pruebas SST/Crear_un_Sistema_de_Vigilancia_Epidemiologica/a_Personas")): Object: 'Object Repository/Modulo Pruebas SST/Crear_un_Sistema_de_Vigilancia_Epidemiologica/a_Personas' is clicked on

2021-12-29 18:21:30 - [MESSAGE][PASSED] - Object: 'Object Repository/Modulo Pruebas SST/Crear_un_Sistema_de_Vigilancia_Epidemiologica/a_Personas' is clicked on

2021-12-29 18:21:30 - [TEST_STEP][PASSED] - click(findTestObject("Modulo Pruebas SST/Crear_un_Sistema_de_Vigilancia_Epidemiologica/a_Nuevo_personas")): Object: 'Object Repository/Modulo Pruebas SST/Crear_un_Sistema_de_Vigilancia_Epidemiologica/a_Nuevo_personas' is clicked on

2021-12-29 18:21:31 - [MESSAGE][PASSED] - Object: 'Object Repository/Modulo Pruebas SST/Crear_un_Sistema_de_Vigilancia_Epidemiologica/a_Nuevo_personas' is clicked on

2021-12-29 18:21:31 - [TEST_STEP][PASSED] - selectOptionByIndex(findTestObject("Modulo Pruebas SST/Crear_un_Sistema_de_Vigilancia_Epidemiologica/select_SeleccioneSEDE NORTESEDE OCCIDENTESEDE SUR"), 1): All options with index in [1] are selected on object 'Object Repository/Modulo Pruebas SST/Crear_un_Sistema_de_Vigilancia_Epidemiologica/select_SeleccioneSEDE NORTESEDE OCCIDENTESEDE SUR'

2021-12-29 18:21:33 - [MESSAGE][PASSED] - All options with index in [1] are selected on object 'Object Repository/Modulo Pruebas SST/Crear_un_Sistema_de_Vigilancia_Epidemiologica/select_SeleccioneSEDE NORTESEDE OCCIDENTESEDE SUR'

2021-12-29 18:21:33 - [TEST_STEP][PASSED] - click(findTestObject("Modulo Pruebas SST/Crear_un_Sistema_de_Vigilancia_Epidemiologica/a_Identificacin_form_popupInscritostabj_idt117")): Object: 'Object Repository/Modulo Pruebas SST/Crear_un_Sistema_de_Vigilancia_Epidemiologica/a_Identificacin_form_popupInscritostabj_idt117' is clicked on

2021-12-29 18:21:33 - [MESSAGE][PASSED] - Object: 'Object Repository/Modulo Pruebas SST/Crear_un_Sistema_de_Vigilancia_Epidemiologica/a_Identificacin_form_popupInscritostabj_idt117' is clicked on

2021-12-29 18:21:33 - [TEST_STEP][PASSED] - setText(findTestObject("Modulo Pruebas SST/Crear_un_Sistema_de_Vigilancia_Epidemiologica/input_Filtro Hoja de Vida_formPopupHojaVidaj_idt1722"), "A A A"): Text 'A A A' is set on object 'Object Repository/Modulo Pruebas SST/Crear_un_Sistema_de_Vigilancia_Epidemiologica/input_Filtro Hoja de Vida_formPopupHojaVidaj_idt1722'

2021-12-29 18:21:34 - [MESSAGE][PASSED] - Text 'A A A' is set on object 'Object Repository/Modulo Pruebas SST/Crear_un_Sistema_de_Vigilancia_Epidemiologica/input_Filtro Hoja de Vida_formPopupHojaVidaj_idt1722'

2021-12-29 18:21:34 - [TEST_STEP][PASSED] - sendKeys(findTestObject("Modulo Pruebas SST/Crear_un_Sistema_de_Vigilancia_Epidemiologica/input_Filtro Hoja de Vida_formPopupHojaVidaj_idt1722"), Keys.chord(ENTER)): Keys 'ENTER + ' sent to object: 'Object Repository/Modulo Pruebas SST/Crear_un_Sistema_de_Vigilancia_Epidemiologica/input_Filtro Hoja de Vida_formPopupHojaVidaj_idt1722'

2021-12-29 18:21:35 - [MESSAGE][PASSED] - Keys 'ENTER + ' sent to object: 'Object Repository/Modulo Pruebas SST/Crear_un_Sistema_de_Vigilancia_Epidemiologica/input_Filtro Hoja de Vida_formPopupHojaVidaj_idt1722'

2021-12-29 18:21:35 - [TEST_STEP][PASSED] - click(findTestObject("Modulo Pruebas SST/Crear_un_Sistema_de_Vigilancia_Epidemiologica/td_A A A")): Object: 'Object Repository/Modulo Pruebas SST/Crear_un_Sistema_de_Vigilancia_Epidemiologica/td_A A A' is clicked on

2021-12-29 18:21:35 - [MESSAGE][PASSED] - Object: 'Object Repository/Modulo Pruebas SST/Crear_un_Sistema_de_Vigilancia_Epidemiologica/td_A A A' is clicked on

2021-12-29 18:21:35 - [TEST_STEP][PASSED] - selectOptionByIndex(findTestObject("Modulo Pruebas SST/Crear_un_Sistema_de_Vigilancia_Epidemiologica/select_SeleccioneAula InteligenteSala de JuntasSalon ExternoSalon Principal"), 1): All options with index in [1] are selected on object 'Object Repository/Modulo Pruebas SST/Crear_un_Sistema_de_Vigilancia_Epidemiologica/select_SeleccioneAula InteligenteSala de JuntasSalon ExternoSalon Principal'

2021-12-29 18:21:37 - [MESSAGE][PASSED] - All options with index in [1] are selected on object 'Object Repository/Modulo Pruebas SST/Crear_un_Sistema_de_Vigilancia_Epidemiologica/select_SeleccioneAula InteligenteSala de JuntasSalon ExternoSalon Principal'

2021-12-29 18:21:37 - [TEST_STEP][PASSED] - click(findTestObject("Modulo Pruebas SST/Crear_un_Sistema_de_Vigilancia_Epidemiologica/span_Remitido EPS_ui-chkbox-icon ui-icon ui-icon-blank ui-c")): Object: 'Object Repository/Modulo Pruebas SST/Crear_un_Sistema_de_Vigilancia_Epidemiologica/span_Remitido EPS_ui-chkbox-icon ui-icon ui-icon-blank ui-c' is clicked on

2021-12-29 18:21:37 - [MESSAGE][PASSED] - Object: 'Object Repository/Modulo Pruebas SST/Crear_un_Sistema_de_Vigilancia_Epidemiologica/span_Remitido EPS_ui-chkbox-icon ui-icon ui-icon-blank ui-c' is clicked on

2021-12-29 18:21:37 - [TEST_STEP][PASSED] - setText(findTestObject("Modulo Pruebas SST/Crear_un_Sistema_de_Vigilancia_Epidemiologica/textarea_Observacin_form_popupInscritostabobservacion"), "pruebas k"): Text 'pruebas k' is set on object 'Object Repository/Modulo Pruebas SST/Crear_un_Sistema_de_Vigilancia_Epidemiologica/textarea_Observacin_form_popupInscritostabobservacion'

2021-12-29 18:21:38 - [MESSAGE][PASSED] - Text 'pruebas k' is set on object 'Object Repository/Modulo Pruebas SST/Crear_un_Sistema_de_Vigilancia_Epidemiologica/textarea_Observacin_form_popupInscritostabobservacion'

2021-12-29 18:21:38 - [TEST_STEP][PASSED] - click(findTestObject("Modulo Pruebas SST/Crear_un_Sistema_de_Vigilancia_Epidemiologica/a_Guardar")): Object: 'Object Repository/Modulo Pruebas SST/Crear_un_Sistema_de_Vigilancia_Epidemiologica/a_Guardar' is clicked on

2021-12-29 18:21:38 - [MESSAGE][PASSED] - Object: 'Object Repository/Modulo Pruebas SST/Crear_un_Sistema_de_Vigilancia_Epidemiologica/a_Guardar' is clicked on

2021-12-29 18:21:38 - [TEST_STEP][PASSED] - click(findTestObject("Modulo Pruebas SST/Crear_un_Sistema_de_Vigilancia_Epidemiologica/a_Grupos")): Object: 'Object Repository/Modulo Pruebas SST/Crear_un_Sistema_de_Vigilancia_Epidemiologica/a_Grupos' is clicked on

2021-12-29 18:21:39 - [MESSAGE][PASSED] - Object: 'Object Repository/Modulo Pruebas SST/Crear_un_Sistema_de_Vigilancia_Epidemiologica/a_Grupos' is clicked on

2021-12-29 18:21:39 - [TEST_STEP][PASSED] - click(findTestObject("Modulo Pruebas SST/Crear_un_Sistema_de_Vigilancia_Epidemiologica/a_Personas Entidad de Riesgo")): Object: 'Object Repository/Modulo Pruebas SST/Crear_un_Sistema_de_Vigilancia_Epidemiologica/a_Personas Entidad de Riesgo' is clicked on

2021-12-29 18:21:40 - [MESSAGE][PASSED] - Object: 'Object Repository/Modulo Pruebas SST/Crear_un_Sistema_de_Vigilancia_Epidemiologica/a_Personas Entidad de Riesgo' is clicked on

2021-12-29 18:21:40 - [TEST_STEP][PASSED] - selectOptionByIndex(findTestObject("Modulo Pruebas SST/Crear_un_Sistema_de_Vigilancia_Epidemiologica/select_Seleccione234ENTIDAD DE RIESGO 01idad y Salud en el Trabajo"), 26): All options with index in [26] are selected on object 'Object Repository/Modulo Pruebas SST/Crear_un_Sistema_de_Vigilancia_Epidemiologica/select_Seleccione234ENTIDAD DE RIESGO 01idad y Salud en el Trabajo'

2021-12-29 18:21:43 - [MESSAGE][PASSED] - All options with index in [26] are selected on object 'Object Repository/Modulo Pruebas SST/Crear_un_Sistema_de_Vigilancia_Epidemiologica/select_Seleccione234ENTIDAD DE RIESGO 01idad y Salud en el Trabajo'

2021-12-29 18:21:43 - [TEST_STEP][FAILED] - click(findTestObject("Modulo Pruebas SST/Crear_un_Sistema_de_Vigilancia_Epidemiologica/div_DIAZ BLANCO GUISELL_ui-chkbox-box ui-widget ui-corner-all ui-state-default ui-state-hover")): Unable to click on object 'Object Repository/Modulo Pruebas SST/Crear_un_Sistema_de_Vigilancia_Epidemiologica/div_DIAZ BLANCO GUISELL_ui-chkbox-box ui-widget ui-corner-all ui-state-default ui-state-hover' (Root cause: com.kms.katalon.core.exception.StepFailedException: Unable to click on object 'Object Repository/Modulo Pruebas SST/Crear_un_Sistema_de_Vigilancia_Epidemiologica/div_DIAZ BLANCO GUISELL_ui-chkbox-box ui-widget ui-corner-all ui-state-default ui-state-hover'
	at com.kms.katalon.core.webui.keyword.internal.WebUIKeywordMain.stepFailed(WebUIKeywordMain.groovy:64)
	at com.kms.katalon.core.webui.keyword.internal.WebUIKeywordMain.runKeyword(WebUIKeywordMain.groovy:26)
	at com.kms.katalon.core.webui.keyword.builtin.ClickKeyword.click(ClickKeyword.groovy:74)
	at com.kms.katalon.core.webui.keyword.builtin.ClickKeyword.execute(ClickKeyword.groovy:40)
	at com.kms.katalon.core.keyword.internal.KeywordExecutor.executeKeywordForPlatform(KeywordExecutor.groovy:74)
	at com.kms.katalon.core.webui.keyword.WebUiBuiltInKeywords.click(WebUiBuiltInKeywords.groovy:620)
	at com.kms.katalon.core.webui.keyword.WebUiBuiltInKeywords$click$5.call(Unknown Source)
	at 5.1.7-Crear_un_Sistema_de_Vigilancia_Epidemiologica.run(5.1.7-Crear_un_Sistema_de_Vigilancia_Epidemiologica:84)
	at com.kms.katalon.core.main.ScriptEngine.run(ScriptEngine.java:194)
	at com.kms.katalon.core.main.ScriptEngine.runScriptAsRawText(ScriptEngine.java:119)
	at com.kms.katalon.core.main.TestCaseExecutor.runScript(TestCaseExecutor.java:442)
	at com.kms.katalon.core.main.TestCaseExecutor.doExecute(TestCaseExecutor.java:433)
	at com.kms.katalon.core.main.TestCaseExecutor.processExecutionPhase(TestCaseExecutor.java:412)
	at com.kms.katalon.core.main.TestCaseExecutor.accessMainPhase(TestCaseExecutor.java:404)
	at com.kms.katalon.core.main.TestCaseExecutor.execute(TestCaseExecutor.java:281)
	at com.kms.katalon.core.main.TestSuiteExecutor.accessTestCaseMainPhase(TestSuiteExecutor.java:202)
	at com.kms.katalon.core.main.TestSuiteExecutor.accessTestSuiteMainPhase(TestSuiteExecutor.java:164)
	at com.kms.katalon.core.main.TestSuiteExecutor.execute(TestSuiteExecutor.java:105)
	at com.kms.katalon.core.main.TestCaseMain.startTestSuite(TestCaseMain.java:181)
	at com.kms.katalon.core.main.TestCaseMain$startTestSuite$0.call(Unknown Source)
	at TempTestSuite1640819056891.run(TempTestSuite1640819056891.groovy:36)
Caused by: com.kms.katalon.core.webui.exception.WebElementNotFoundException: Web element with id: 'Object Repository/Modulo Pruebas SST/Crear_un_Sistema_de_Vigilancia_Epidemiologica/div_DIAZ BLANCO GUISELL_ui-chkbox-box ui-widget ui-corner-all ui-state-default ui-state-hover' located by '//td[3]/div/div[2]' not found
	at com.kms.katalon.core.webui.common.WebUiCommonHelper.findWebElement(WebUiCommonHelper.java:1368)
	at com.kms.katalon.core.webui.keyword.internal.WebUIAbstractKeyword.findWebElement(WebUIAbstractKeyword.groovy:27)
	at com.kms.katalon.core.webui.keyword.builtin.ClickKeyword$_click_closure1.doCall(ClickKeyword.groovy:65)
	at com.kms.katalon.core.webui.keyword.builtin.ClickKeyword$_click_closure1.call(ClickKeyword.groovy)
	at com.kms.katalon.core.webui.keyword.internal.WebUIKeywordMain.runKeyword(WebUIKeywordMain.groovy:20)
	at com.kms.katalon.core.webui.keyword.builtin.ClickKeyword.click(ClickKeyword.groovy:74)
	at com.kms.katalon.core.webui.keyword.builtin.ClickKeyword.execute(ClickKeyword.groovy:40)
	at com.kms.katalon.core.keyword.internal.KeywordExecutor.executeKeywordForPlatform(KeywordExecutor.groovy:74)
	at com.kms.katalon.core.webui.keyword.WebUiBuiltInKeywords.click(WebUiBuiltInKeywords.groovy:620)
	at com.kms.katalon.core.webui.keyword.WebUiBuiltInKeywords$click$5.call(Unknown Source)
	at Script1639093749148.run(Script1639093749148.groovy:84)
	... 13 more
)

2021-12-29 18:22:14 - [MESSAGE][INFO] - Unable to find the element located by 'By.xpath: //td[3]/div/div[2]'. Please recheck the objects properties to make sure the desired element is located. 

2021-12-29 18:22:14 - [MESSAGE][FAILED] - Unable to click on object 'Object Repository/Modulo Pruebas SST/Crear_un_Sistema_de_Vigilancia_Epidemiologica/div_DIAZ BLANCO GUISELL_ui-chkbox-box ui-widget ui-corner-all ui-state-default ui-state-hover' (Root cause: com.kms.katalon.core.exception.StepFailedException: Unable to click on object 'Object Repository/Modulo Pruebas SST/Crear_un_Sistema_de_Vigilancia_Epidemiologica/div_DIAZ BLANCO GUISELL_ui-chkbox-box ui-widget ui-corner-all ui-state-default ui-state-hover'
	at com.kms.katalon.core.webui.keyword.internal.WebUIKeywordMain.stepFailed(WebUIKeywordMain.groovy:64)
	at com.kms.katalon.core.webui.keyword.internal.WebUIKeywordMain.runKeyword(WebUIKeywordMain.groovy:26)
	at com.kms.katalon.core.webui.keyword.builtin.ClickKeyword.click(ClickKeyword.groovy:74)
	at com.kms.katalon.core.webui.keyword.builtin.ClickKeyword.execute(ClickKeyword.groovy:40)
	at com.kms.katalon.core.keyword.internal.KeywordExecutor.executeKeywordForPlatform(KeywordExecutor.groovy:74)
	at com.kms.katalon.core.webui.keyword.WebUiBuiltInKeywords.click(WebUiBuiltInKeywords.groovy:620)
	at com.kms.katalon.core.webui.keyword.WebUiBuiltInKeywords$click$5.call(Unknown Source)
	at 5.1.7-Crear_un_Sistema_de_Vigilancia_Epidemiologica.run(5.1.7-Crear_un_Sistema_de_Vigilancia_Epidemiologica:84)
	at com.kms.katalon.core.main.ScriptEngine.run(ScriptEngine.java:194)
	at com.kms.katalon.core.main.ScriptEngine.runScriptAsRawText(ScriptEngine.java:119)
	at com.kms.katalon.core.main.TestCaseExecutor.runScript(TestCaseExecutor.java:442)
	at com.kms.katalon.core.main.TestCaseExecutor.doExecute(TestCaseExecutor.java:433)
	at com.kms.katalon.core.main.TestCaseExecutor.processExecutionPhase(TestCaseExecutor.java:412)
	at com.kms.katalon.core.main.TestCaseExecutor.accessMainPhase(TestCaseExecutor.java:404)
	at com.kms.katalon.core.main.TestCaseExecutor.execute(TestCaseExecutor.java:281)
	at com.kms.katalon.core.main.TestSuiteExecutor.accessTestCaseMainPhase(TestSuiteExecutor.java:202)
	at com.kms.katalon.core.main.TestSuiteExecutor.accessTestSuiteMainPhase(TestSuiteExecutor.java:164)
	at com.kms.katalon.core.main.TestSuiteExecutor.execute(TestSuiteExecutor.java:105)
	at com.kms.katalon.core.main.TestCaseMain.startTestSuite(TestCaseMain.java:181)
	at com.kms.katalon.core.main.TestCaseMain$startTestSuite$0.call(Unknown Source)
	at TempTestSuite1640819056891.run(TempTestSuite1640819056891.groovy:36)
Caused by: com.kms.katalon.core.webui.exception.WebElementNotFoundException: Web element with id: 'Object Repository/Modulo Pruebas SST/Crear_un_Sistema_de_Vigilancia_Epidemiologica/div_DIAZ BLANCO GUISELL_ui-chkbox-box ui-widget ui-corner-all ui-state-default ui-state-hover' located by '//td[3]/div/div[2]' not found
	at com.kms.katalon.core.webui.common.WebUiCommonHelper.findWebElement(WebUiCommonHelper.java:1368)
	at com.kms.katalon.core.webui.keyword.internal.WebUIAbstractKeyword.findWebElement(WebUIAbstractKeyword.groovy:27)
	at com.kms.katalon.core.webui.keyword.builtin.ClickKeyword$_click_closure1.doCall(ClickKeyword.groovy:65)
	at com.kms.katalon.core.webui.keyword.builtin.ClickKeyword$_click_closure1.call(ClickKeyword.groovy)
	at com.kms.katalon.core.webui.keyword.internal.WebUIKeywordMain.runKeyword(WebUIKeywordMain.groovy:20)
	at com.kms.katalon.core.webui.keyword.builtin.ClickKeyword.click(ClickKeyword.groovy:74)
	at com.kms.katalon.core.webui.keyword.builtin.ClickKeyword.execute(ClickKeyword.groovy:40)
	at com.kms.katalon.core.keyword.internal.KeywordExecutor.executeKeywordForPlatform(KeywordExecutor.groovy:74)
	at com.kms.katalon.core.webui.keyword.WebUiBuiltInKeywords.click(WebUiBuiltInKeywords.groovy:620)
	at com.kms.katalon.core.webui.keyword.WebUiBuiltInKeywords$click$5.call(Unknown Source)
	at Script1639093749148.run(Script1639093749148.groovy:84)
	... 13 more
)
[[ATTACHMENT|C:\\Users\\diego.rojas\\git\\Pruebas-Minimas\\Reports\\20211229_180359\\5-Pruebas SST\\20211229_180416\\1640820134551.png]]]]></system-out>
         <system-err><![CDATA[2021-12-29 18:21:12 - [TEST_CASE][FAILED] - Test Cases/5.1-Pruebas_SST/5.1.7-Crear_un_Sistema_de_Vigilancia_Epidemiologica: Test Cases/5.1-Pruebas_SST/5.1.7-Crear_un_Sistema_de_Vigilancia_Epidemiologica FAILED.
Reason:
com.kms.katalon.core.exception.StepFailedException: Unable to click on object 'Object Repository/Modulo Pruebas SST/Crear_un_Sistema_de_Vigilancia_Epidemiologica/div_DIAZ BLANCO GUISELL_ui-chkbox-box ui-widget ui-corner-all ui-state-default ui-state-hover'
	at com.kms.katalon.core.webui.keyword.internal.WebUIKeywordMain.stepFailed(WebUIKeywordMain.groovy:64)
	at com.kms.katalon.core.webui.keyword.internal.WebUIKeywordMain.runKeyword(WebUIKeywordMain.groovy:26)
	at com.kms.katalon.core.webui.keyword.builtin.ClickKeyword.click(ClickKeyword.groovy:74)
	at com.kms.katalon.core.webui.keyword.builtin.ClickKeyword.execute(ClickKeyword.groovy:40)
	at com.kms.katalon.core.keyword.internal.KeywordExecutor.executeKeywordForPlatform(KeywordExecutor.groovy:74)
	at com.kms.katalon.core.webui.keyword.WebUiBuiltInKeywords.click(WebUiBuiltInKeywords.groovy:620)
	at com.kms.katalon.core.webui.keyword.WebUiBuiltInKeywords$click$5.call(Unknown Source)
	at 5.1.7-Crear_un_Sistema_de_Vigilancia_Epidemiologica.run(5.1.7-Crear_un_Sistema_de_Vigilancia_Epidemiologica:84)
	at com.kms.katalon.core.main.ScriptEngine.run(ScriptEngine.java:194)
	at com.kms.katalon.core.main.ScriptEngine.runScriptAsRawText(ScriptEngine.java:119)
	at com.kms.katalon.core.main.TestCaseExecutor.runScript(TestCaseExecutor.java:442)
	at com.kms.katalon.core.main.TestCaseExecutor.doExecute(TestCaseExecutor.java:433)
	at com.kms.katalon.core.main.TestCaseExecutor.processExecutionPhase(TestCaseExecutor.java:412)
	at com.kms.katalon.core.main.TestCaseExecutor.accessMainPhase(TestCaseExecutor.java:404)
	at com.kms.katalon.core.main.TestCaseExecutor.execute(TestCaseExecutor.java:281)
	at com.kms.katalon.core.main.TestSuiteExecutor.accessTestCaseMainPhase(TestSuiteExecutor.java:202)
	at com.kms.katalon.core.main.TestSuiteExecutor.accessTestSuiteMainPhase(TestSuiteExecutor.java:164)
	at com.kms.katalon.core.main.TestSuiteExecutor.execute(TestSuiteExecutor.java:105)
	at com.kms.katalon.core.main.TestCaseMain.startTestSuite(TestCaseMain.java:181)
	at com.kms.katalon.core.main.TestCaseMain$startTestSuite$0.call(Unknown Source)
	at TempTestSuite1640819056891.run(TempTestSuite1640819056891.groovy:36)
Caused by: com.kms.katalon.core.webui.exception.WebElementNotFoundException: Web element with id: 'Object Repository/Modulo Pruebas SST/Crear_un_Sistema_de_Vigilancia_Epidemiologica/div_DIAZ BLANCO GUISELL_ui-chkbox-box ui-widget ui-corner-all ui-state-default ui-state-hover' located by '//td[3]/div/div[2]' not found
	at com.kms.katalon.core.webui.common.WebUiCommonHelper.findWebElement(WebUiCommonHelper.java:1368)
	at com.kms.katalon.core.webui.keyword.internal.WebUIAbstractKeyword.findWebElement(WebUIAbstractKeyword.groovy:27)
	at com.kms.katalon.core.webui.keyword.builtin.ClickKeyword$_click_closure1.doCall(ClickKeyword.groovy:65)
	at com.kms.katalon.core.webui.keyword.builtin.ClickKeyword$_click_closure1.call(ClickKeyword.groovy)
	at com.kms.katalon.core.webui.keyword.internal.WebUIKeywordMain.runKeyword(WebUIKeywordMain.groovy:20)
	... 19 more]]></system-err>
      </testcase>
      <testcase name="Test Cases/5.1-Pruebas_SST/5.1.8-Crear_plan_de_trabajo_anual" time="72.834" classname="Test Cases/5.1-Pruebas_SST/5.1.8-Crear_plan_de_trabajo_anual" status="PASSED">
         <system-out><![CDATA[2021-12-29 18:22:14 - [TEST_CASE][PASSED] - Test Cases/5.1-Pruebas_SST/5.1.8-Crear_plan_de_trabajo_anual: Test Cases/5.1-Pruebas_SST/5.1.8-Crear_plan_de_trabajo_anual

2021-12-29 18:22:15 - [TEST_STEP][PASSED] - callTestCase(findTestCase("0.1-Login"), [:], STOP_ON_FAILURE): Call Test Case 'Test Cases/0.1-Login' successfully

2021-12-29 18:22:15 - [TEST_CASE][PASSED] - Test Cases/0.1-Login: Test Cases/0.1-Login

2021-12-29 18:22:15 - [TEST_STEP][PASSED] - openBrowser(""): Browser is opened with url: ''

2021-12-29 18:22:15 - [MESSAGE][WARNING] - A browser is already opened. Closing browser and opening a new one

2021-12-29 18:22:15 - [MESSAGE][INFO] - Starting 'Chrome' driver

2021-12-29 18:22:15 - [MESSAGE][INFO] - Action delay is set to 0 milliseconds

2021-12-29 18:22:17 - [MESSAGE][PASSED] - Browser is opened with url: ''

2021-12-29 18:22:17 - [TEST_STEP][PASSED] - maximizeWindow(): Current window maximized

2021-12-29 18:22:17 - [MESSAGE][PASSED] - Current window maximized

2021-12-29 18:22:17 - [TEST_STEP][PASSED] - i = G_Login: null

2021-12-29 18:22:17 - [TEST_STEP][PASSED] - url = new java.net.URL(i): null

2021-12-29 18:22:17 - [TEST_STEP][PASSED] - println("URL: " + url.toString()): null

2021-12-29 18:22:17 - [TEST_STEP][PASSED] - connection = url.openConnection(): null

2021-12-29 18:22:17 - [TEST_STEP][PASSED] - connection.setRequestMethod("GET"): null

2021-12-29 18:22:17 - [TEST_STEP][PASSED] - connection.setReadTimeout(2 * 1000): null

2021-12-29 18:22:17 - [TEST_STEP][PASSED] - try: null

2021-12-29 18:22:17 - [TEST_STEP][PASSED] - connection.connect(): null

2021-12-29 18:22:17 - [TEST_STEP][PASSED] - flag = connected: null

2021-12-29 18:22:17 - [TEST_STEP][PASSED] - println("Valor_ori: " + flag): null

2021-12-29 18:22:17 - [TEST_STEP][PASSED] - if (flag): null

2021-12-29 18:22:17 - [TEST_STEP][PASSED] - navigateToUrl(i): Navigate to 'http://192.168.2.80:8380/saraweb' successfully

2021-12-29 18:22:17 - [MESSAGE][PASSED] - Navigate to 'http://192.168.2.80:8380/saraweb' successfully

2021-12-29 18:22:17 - [TEST_STEP][PASSED] - a(): null

2021-12-29 18:22:17 - [TEST_STEP][PASSED] - setText(findTestObject("Login/input_USUARIO_loginusuario"), G_Usuario): Text 'saraadmin' is set on object 'Object Repository/Login/input_USUARIO_loginusuario'

2021-12-29 18:22:18 - [MESSAGE][PASSED] - Text 'saraadmin' is set on object 'Object Repository/Login/input_USUARIO_loginusuario'

2021-12-29 18:22:18 - [TEST_STEP][PASSED] - setEncryptedText(findTestObject("Login/input_CLAVE_loginpassword"), "MkG4/TYiCFC3cb2driP7+Q=="): Text ****** has been set on object 'Object Repository/Login/input_CLAVE_loginpassword'

2021-12-29 18:22:19 - [MESSAGE][PASSED] - Text ****** has been set on object 'Object Repository/Login/input_CLAVE_loginpassword'

2021-12-29 18:22:19 - [TEST_STEP][PASSED] - waitForElementClickable(findTestObject("Login/a_Ingresar"), G_TimeOut): Object 'Object Repository/Login/a_Ingresar' is clickable

2021-12-29 18:22:19 - [MESSAGE][PASSED] - Object 'Object Repository/Login/a_Ingresar' is clickable

2021-12-29 18:22:19 - [TEST_STEP][PASSED] - click(findTestObject("Login/a_Ingresar")): Object: 'Object Repository/Login/a_Ingresar' is clicked on

2021-12-29 18:22:22 - [MESSAGE][PASSED] - Object: 'Object Repository/Login/a_Ingresar' is clicked on

2021-12-29 18:22:22 - [TEST_STEP][PASSED] - element = findWebElement(findTestObject("Login/a_Ir"), 30): null

2021-12-29 18:22:22 - [TEST_STEP][PASSED] - executeJavaScript("arguments[0].click()", Arrays.asList(element)): Execute JavaScript 'arguments[0].click()' successfully

2021-12-29 18:22:22 - [MESSAGE][PASSED] - Execute JavaScript 'arguments[0].click()' successfully

2021-12-29 18:22:22 - [MESSAGE][PASSED] - Call Test Case 'Test Cases/0.1-Login' successfully

2021-12-29 18:22:22 - [TEST_STEP][PASSED] - setText(findTestObject("Modulo Pruebas SST/Crear_plan_de_trabajo_anual/input_ADMINISTRADOR DEL SISTEMA - SARA_form_templatej_idt24_input"), "Plan de trabajo anual"): Text 'Plan de trabajo anual' is set on object 'Object Repository/Modulo Pruebas SST/Crear_plan_de_trabajo_anual/input_ADMINISTRADOR DEL SISTEMA - SARA_form_templatej_idt24_input'

2021-12-29 18:22:24 - [MESSAGE][PASSED] - Text 'Plan de trabajo anual' is set on object 'Object Repository/Modulo Pruebas SST/Crear_plan_de_trabajo_anual/input_ADMINISTRADOR DEL SISTEMA - SARA_form_templatej_idt24_input'

2021-12-29 18:22:24 - [TEST_STEP][PASSED] - click(findTestObject("Modulo Pruebas SST/Crear_plan_de_trabajo_anual/li_Plan de Trabajo Anual (sst)")): Object: 'Object Repository/Modulo Pruebas SST/Crear_plan_de_trabajo_anual/li_Plan de Trabajo Anual (sst)' is clicked on

2021-12-29 18:22:25 - [MESSAGE][PASSED] - Object: 'Object Repository/Modulo Pruebas SST/Crear_plan_de_trabajo_anual/li_Plan de Trabajo Anual (sst)' is clicked on

2021-12-29 18:22:25 - [TEST_STEP][PASSED] - if (waitForElementPresent(findTestObject("Modulo Pruebas SST/Crear_plan_de_trabajo_anual/td_pruebas katalon"), 1)): null

2021-12-29 18:22:26 - [MESSAGE][PASSED] - Object 'Object Repository/Modulo Pruebas SST/Crear_plan_de_trabajo_anual/td_pruebas katalon' is present

2021-12-29 18:22:26 - [TEST_STEP][PASSED] - click(findTestObject("Modulo Pruebas SST/Crear_plan_de_trabajo_anual/td_pruebas katalon")): Object: 'Object Repository/Modulo Pruebas SST/Crear_plan_de_trabajo_anual/td_pruebas katalon' is clicked on

2021-12-29 18:22:27 - [MESSAGE][PASSED] - Object: 'Object Repository/Modulo Pruebas SST/Crear_plan_de_trabajo_anual/td_pruebas katalon' is clicked on

2021-12-29 18:22:27 - [TEST_STEP][PASSED] - click(findTestObject("Modulo Pruebas SST/Crear_plan_de_trabajo_anual/a_Objetivos")): Object: 'Object Repository/Modulo Pruebas SST/Crear_plan_de_trabajo_anual/a_Objetivos' is clicked on

2021-12-29 18:22:28 - [MESSAGE][PASSED] - Object: 'Object Repository/Modulo Pruebas SST/Crear_plan_de_trabajo_anual/a_Objetivos' is clicked on

2021-12-29 18:22:28 - [TEST_STEP][PASSED] - if (waitForElementPresent(findTestObject("Modulo Pruebas SST/Crear_plan_de_trabajo_anual/td_BASE LEGAL"), 1)): null

2021-12-29 18:22:28 - [MESSAGE][PASSED] - Object 'Object Repository/Modulo Pruebas SST/Crear_plan_de_trabajo_anual/td_BASE LEGAL' is present

2021-12-29 18:22:28 - [TEST_STEP][PASSED] - click(findTestObject("Modulo Pruebas SST/Crear_plan_de_trabajo_anual/td_BASE LEGAL")): Object: 'Object Repository/Modulo Pruebas SST/Crear_plan_de_trabajo_anual/td_BASE LEGAL' is clicked on

2021-12-29 18:22:29 - [MESSAGE][PASSED] - Object: 'Object Repository/Modulo Pruebas SST/Crear_plan_de_trabajo_anual/td_BASE LEGAL' is clicked on

2021-12-29 18:22:29 - [TEST_STEP][PASSED] - click(findTestObject("Modulo Pruebas SST/Crear_plan_de_trabajo_anual/a_Actividades")): Object: 'Object Repository/Modulo Pruebas SST/Crear_plan_de_trabajo_anual/a_Actividades' is clicked on

2021-12-29 18:22:29 - [MESSAGE][PASSED] - Object: 'Object Repository/Modulo Pruebas SST/Crear_plan_de_trabajo_anual/a_Actividades' is clicked on

2021-12-29 18:22:29 - [TEST_STEP][PASSED] - if (waitForElementPresent(findTestObject("Modulo Pruebas SST/Crear_plan_de_trabajo_anual/td_pruebas k"), 1)): null

2021-12-29 18:22:30 - [MESSAGE][PASSED] - Object 'Object Repository/Modulo Pruebas SST/Crear_plan_de_trabajo_anual/td_pruebas k' is present

2021-12-29 18:22:30 - [TEST_STEP][PASSED] - click(findTestObject("Modulo Pruebas SST/Crear_plan_de_trabajo_anual/td_pruebas k")): Object: 'Object Repository/Modulo Pruebas SST/Crear_plan_de_trabajo_anual/td_pruebas k' is clicked on

2021-12-29 18:22:30 - [MESSAGE][PASSED] - Object: 'Object Repository/Modulo Pruebas SST/Crear_plan_de_trabajo_anual/td_pruebas k' is clicked on

2021-12-29 18:22:30 - [TEST_STEP][PASSED] - if (waitForElementPresent(findTestObject("Modulo Pruebas SST/Crear_plan_de_trabajo_anual/a_Anexos"), 1)): null

2021-12-29 18:22:31 - [MESSAGE][PASSED] - Object 'Object Repository/Modulo Pruebas SST/Crear_plan_de_trabajo_anual/a_Anexos' is present

2021-12-29 18:22:31 - [TEST_STEP][PASSED] - click(findTestObject("Modulo Pruebas SST/Crear_plan_de_trabajo_anual/a_Anexos")): Object: 'Object Repository/Modulo Pruebas SST/Crear_plan_de_trabajo_anual/a_Anexos' is clicked on

2021-12-29 18:22:31 - [MESSAGE][PASSED] - Object: 'Object Repository/Modulo Pruebas SST/Crear_plan_de_trabajo_anual/a_Anexos' is clicked on

2021-12-29 18:22:31 - [TEST_STEP][PASSED] - if (waitForElementPresent(findTestObject("Modulo Pruebas SST/Crear_plan_de_trabajo_anual/a_prueba.pdf_form_actividadesObjetivosPlanTrabajotabsActividadestablaAnexos0j_idt769"), 1)): Object 'Object Repository/Modulo Pruebas SST/Crear_plan_de_trabajo_anual/a_prueba.pdf_form_actividadesObjetivosPlanTrabajotabsActividadestablaAnexos0j_idt769' is not present after 1 second(s)

2021-12-29 18:22:33 - [MESSAGE][INFO] - Unable to find the element located by 'By.xpath: //a[@id='form_actividadesObjetivosPlanTrabajo:tabsActividades:tablaAnexos:0:j_idt769']'. Please recheck the objects properties to make sure the desired element is located. 

2021-12-29 18:22:33 - [MESSAGE][WARNING] - Object 'Object Repository/Modulo Pruebas SST/Crear_plan_de_trabajo_anual/a_prueba.pdf_form_actividadesObjetivosPlanTrabajotabsActividadestablaAnexos0j_idt769' is not present after 1 second(s)

2021-12-29 18:22:33 - [TEST_STEP][PASSED] - if (waitForElementPresent(findTestObject("Modulo Pruebas SST/Crear_plan_de_trabajo_anual/a_Cronograma"), 1)): null

2021-12-29 18:22:34 - [MESSAGE][PASSED] - Object 'Object Repository/Modulo Pruebas SST/Crear_plan_de_trabajo_anual/a_Cronograma' is present

2021-12-29 18:22:34 - [TEST_STEP][PASSED] - click(findTestObject("Modulo Pruebas SST/Crear_plan_de_trabajo_anual/a_Cronograma")): Object: 'Object Repository/Modulo Pruebas SST/Crear_plan_de_trabajo_anual/a_Cronograma' is clicked on

2021-12-29 18:22:34 - [MESSAGE][PASSED] - Object: 'Object Repository/Modulo Pruebas SST/Crear_plan_de_trabajo_anual/a_Cronograma' is clicked on

2021-12-29 18:22:34 - [TEST_STEP][PASSED] - if (waitForElementVisible(findTestObject("Modulo Pruebas SST/Crear_plan_de_trabajo_anual/td_Programado0"), 1)): Object 'Object Repository/Modulo Pruebas SST/Crear_plan_de_trabajo_anual/td_Programado0' is not visible after 1 second(s)

2021-12-29 18:22:36 - [MESSAGE][WARNING] - Object 'Object Repository/Modulo Pruebas SST/Crear_plan_de_trabajo_anual/td_Programado0' is not visible after 1 second(s)

2021-12-29 18:22:36 - [TEST_STEP][PASSED] - if (waitForElementPresent(findTestObject("Modulo Pruebas SST/Crear_plan_de_trabajo_anual/a_Responsable"), 1)): null

2021-12-29 18:22:36 - [MESSAGE][PASSED] - Object 'Object Repository/Modulo Pruebas SST/Crear_plan_de_trabajo_anual/a_Responsable' is present

2021-12-29 18:22:36 - [TEST_STEP][PASSED] - click(findTestObject("Modulo Pruebas SST/Crear_plan_de_trabajo_anual/a_Responsable")): Object: 'Object Repository/Modulo Pruebas SST/Crear_plan_de_trabajo_anual/a_Responsable' is clicked on

2021-12-29 18:22:37 - [MESSAGE][PASSED] - Object: 'Object Repository/Modulo Pruebas SST/Crear_plan_de_trabajo_anual/a_Responsable' is clicked on

2021-12-29 18:22:37 - [TEST_STEP][PASSED] - if (waitForElementPresent(findTestObject("Modulo Pruebas SST/Crear_plan_de_trabajo_anual/a_A A A_form_actividadesObjetivosPlanTrabajotabsActividadestabla_responsables0j_idt714"), 1)): null

2021-12-29 18:22:37 - [MESSAGE][PASSED] - Object 'Object Repository/Modulo Pruebas SST/Crear_plan_de_trabajo_anual/a_A A A_form_actividadesObjetivosPlanTrabajotabsActividadestabla_responsables0j_idt714' is present

2021-12-29 18:22:37 - [TEST_STEP][PASSED] - click(findTestObject("Modulo Pruebas SST/Crear_plan_de_trabajo_anual/a_A A A_form_actividadesObjetivosPlanTrabajotabsActividadestabla_responsables0j_idt714")): Object: 'Object Repository/Modulo Pruebas SST/Crear_plan_de_trabajo_anual/a_A A A_form_actividadesObjetivosPlanTrabajotabsActividadestabla_responsables0j_idt714' is clicked on

2021-12-29 18:22:38 - [MESSAGE][PASSED] - Object: 'Object Repository/Modulo Pruebas SST/Crear_plan_de_trabajo_anual/a_A A A_form_actividadesObjetivosPlanTrabajotabsActividadestabla_responsables0j_idt714' is clicked on

2021-12-29 18:22:38 - [TEST_STEP][PASSED] - click(findTestObject("Modulo Pruebas SST/Crear_plan_de_trabajo_anual/a_Aceptar")): Object: 'Object Repository/Modulo Pruebas SST/Crear_plan_de_trabajo_anual/a_Aceptar' is clicked on

2021-12-29 18:22:39 - [MESSAGE][PASSED] - Object: 'Object Repository/Modulo Pruebas SST/Crear_plan_de_trabajo_anual/a_Aceptar' is clicked on

2021-12-29 18:22:39 - [TEST_STEP][PASSED] - if (waitForElementPresent(findTestObject("Modulo Pruebas SST/Crear_plan_de_trabajo_anual/a_Actividades_Pestaa"), 1)): null

2021-12-29 18:22:39 - [MESSAGE][PASSED] - Object 'Object Repository/Modulo Pruebas SST/Crear_plan_de_trabajo_anual/a_Actividades_Pestaa' is present

2021-12-29 18:22:39 - [TEST_STEP][PASSED] - click(findTestObject("Modulo Pruebas SST/Crear_plan_de_trabajo_anual/a_Actividades_Pestaa")): Object: 'Object Repository/Modulo Pruebas SST/Crear_plan_de_trabajo_anual/a_Actividades_Pestaa' is clicked on

2021-12-29 18:22:40 - [MESSAGE][PASSED] - Object: 'Object Repository/Modulo Pruebas SST/Crear_plan_de_trabajo_anual/a_Actividades_Pestaa' is clicked on

2021-12-29 18:22:40 - [TEST_STEP][PASSED] - click(findTestObject("Modulo Pruebas SST/Crear_plan_de_trabajo_anual/a_Eliminar")): Object: 'Object Repository/Modulo Pruebas SST/Crear_plan_de_trabajo_anual/a_Eliminar' is clicked on

2021-12-29 18:22:41 - [MESSAGE][PASSED] - Object: 'Object Repository/Modulo Pruebas SST/Crear_plan_de_trabajo_anual/a_Eliminar' is clicked on

2021-12-29 18:22:41 - [TEST_STEP][PASSED] - click(findTestObject("Modulo Pruebas SST/Crear_plan_de_trabajo_anual/a_Aceptar")): Object: 'Object Repository/Modulo Pruebas SST/Crear_plan_de_trabajo_anual/a_Aceptar' is clicked on

2021-12-29 18:22:43 - [MESSAGE][PASSED] - Object: 'Object Repository/Modulo Pruebas SST/Crear_plan_de_trabajo_anual/a_Aceptar' is clicked on

2021-12-29 18:22:43 - [TEST_STEP][PASSED] - click(findTestObject("Modulo Pruebas SST/Crear_plan_de_trabajo_anual/a_Detalle")): Object: 'Object Repository/Modulo Pruebas SST/Crear_plan_de_trabajo_anual/a_Detalle' is clicked on

2021-12-29 18:22:43 - [MESSAGE][PASSED] - Object: 'Object Repository/Modulo Pruebas SST/Crear_plan_de_trabajo_anual/a_Detalle' is clicked on

2021-12-29 18:22:43 - [TEST_STEP][PASSED] - click(findTestObject("Modulo Pruebas SST/Crear_plan_de_trabajo_anual/a_Eliminar")): Object: 'Object Repository/Modulo Pruebas SST/Crear_plan_de_trabajo_anual/a_Eliminar' is clicked on

2021-12-29 18:22:44 - [MESSAGE][PASSED] - Object: 'Object Repository/Modulo Pruebas SST/Crear_plan_de_trabajo_anual/a_Eliminar' is clicked on

2021-12-29 18:22:44 - [TEST_STEP][PASSED] - click(findTestObject("Modulo Pruebas SST/Crear_plan_de_trabajo_anual/a_Aceptar")): Object: 'Object Repository/Modulo Pruebas SST/Crear_plan_de_trabajo_anual/a_Aceptar' is clicked on

2021-12-29 18:22:45 - [MESSAGE][PASSED] - Object: 'Object Repository/Modulo Pruebas SST/Crear_plan_de_trabajo_anual/a_Aceptar' is clicked on

2021-12-29 18:22:45 - [TEST_STEP][PASSED] - click(findTestObject("Modulo Pruebas SST/Crear_plan_de_trabajo_anual/a_Regresar")): Object: 'Object Repository/Modulo Pruebas SST/Crear_plan_de_trabajo_anual/a_Regresar' is clicked on

2021-12-29 18:22:45 - [MESSAGE][PASSED] - Object: 'Object Repository/Modulo Pruebas SST/Crear_plan_de_trabajo_anual/a_Regresar' is clicked on

2021-12-29 18:22:45 - [TEST_STEP][PASSED] - click(findTestObject("Modulo Pruebas SST/Crear_plan_de_trabajo_anual/a_Detalle")): Object: 'Object Repository/Modulo Pruebas SST/Crear_plan_de_trabajo_anual/a_Detalle' is clicked on

2021-12-29 18:22:46 - [MESSAGE][PASSED] - Object: 'Object Repository/Modulo Pruebas SST/Crear_plan_de_trabajo_anual/a_Detalle' is clicked on

2021-12-29 18:22:46 - [TEST_STEP][PASSED] - if (waitForElementPresent(findTestObject("Modulo Pruebas SST/Crear_plan_de_trabajo_anual/a_Eliminar"), 1)): null

2021-12-29 18:22:46 - [MESSAGE][PASSED] - Object 'Object Repository/Modulo Pruebas SST/Crear_plan_de_trabajo_anual/a_Eliminar' is present

2021-12-29 18:22:46 - [TEST_STEP][PASSED] - click(findTestObject("Modulo Pruebas SST/Crear_plan_de_trabajo_anual/a_Eliminar")): Object: 'Object Repository/Modulo Pruebas SST/Crear_plan_de_trabajo_anual/a_Eliminar' is clicked on

2021-12-29 18:22:47 - [MESSAGE][PASSED] - Object: 'Object Repository/Modulo Pruebas SST/Crear_plan_de_trabajo_anual/a_Eliminar' is clicked on

2021-12-29 18:22:47 - [TEST_STEP][PASSED] - click(findTestObject("Modulo Pruebas SST/Crear_plan_de_trabajo_anual/a_Aceptar")): Object: 'Object Repository/Modulo Pruebas SST/Crear_plan_de_trabajo_anual/a_Aceptar' is clicked on

2021-12-29 18:22:48 - [MESSAGE][PASSED] - Object: 'Object Repository/Modulo Pruebas SST/Crear_plan_de_trabajo_anual/a_Aceptar' is clicked on

2021-12-29 18:22:48 - [TEST_STEP][PASSED] - click(findTestObject("Modulo Pruebas SST/Crear_plan_de_trabajo_anual/a_Regresar")): Object: 'Object Repository/Modulo Pruebas SST/Crear_plan_de_trabajo_anual/a_Regresar' is clicked on

2021-12-29 18:22:49 - [MESSAGE][PASSED] - Object: 'Object Repository/Modulo Pruebas SST/Crear_plan_de_trabajo_anual/a_Regresar' is clicked on

2021-12-29 18:22:49 - [TEST_STEP][PASSED] - click(findTestObject("Modulo Pruebas SST/Crear_plan_de_trabajo_anual/a_Nuevo")): Object: 'Object Repository/Modulo Pruebas SST/Crear_plan_de_trabajo_anual/a_Nuevo' is clicked on

2021-12-29 18:22:49 - [MESSAGE][PASSED] - Object: 'Object Repository/Modulo Pruebas SST/Crear_plan_de_trabajo_anual/a_Nuevo' is clicked on

2021-12-29 18:22:49 - [TEST_STEP][PASSED] - setText(findTestObject("Modulo Pruebas SST/Crear_plan_de_trabajo_anual/input_Nombre_form_datosBasicosPlanTrabajonombre"), "Pruebas  k"): Text 'Pruebas  k' is set on object 'Object Repository/Modulo Pruebas SST/Crear_plan_de_trabajo_anual/input_Nombre_form_datosBasicosPlanTrabajonombre'

2021-12-29 18:22:50 - [MESSAGE][PASSED] - Text 'Pruebas  k' is set on object 'Object Repository/Modulo Pruebas SST/Crear_plan_de_trabajo_anual/input_Nombre_form_datosBasicosPlanTrabajonombre'

2021-12-29 18:22:50 - [TEST_STEP][PASSED] - setText(findTestObject("Modulo Pruebas SST/Crear_plan_de_trabajo_anual/textarea_Descripcin_form_datosBasicosPlanTrabajodescripcion"), "pruebas katalon"): Text 'pruebas katalon' is set on object 'Object Repository/Modulo Pruebas SST/Crear_plan_de_trabajo_anual/textarea_Descripcin_form_datosBasicosPlanTrabajodescripcion'

2021-12-29 18:22:51 - [MESSAGE][PASSED] - Text 'pruebas katalon' is set on object 'Object Repository/Modulo Pruebas SST/Crear_plan_de_trabajo_anual/textarea_Descripcin_form_datosBasicosPlanTrabajodescripcion'

2021-12-29 18:22:51 - [TEST_STEP][PASSED] - setText(findTestObject("Modulo Pruebas SST/Crear_plan_de_trabajo_anual/input_Fecha_form_datosBasicosPlanTrabajofecha_input"), "01/07/2021"): Text '01/07/2021' is set on object 'Object Repository/Modulo Pruebas SST/Crear_plan_de_trabajo_anual/input_Fecha_form_datosBasicosPlanTrabajofecha_input'

2021-12-29 18:22:52 - [MESSAGE][PASSED] - Text '01/07/2021' is set on object 'Object Repository/Modulo Pruebas SST/Crear_plan_de_trabajo_anual/input_Fecha_form_datosBasicosPlanTrabajofecha_input'

2021-12-29 18:22:52 - [TEST_STEP][PASSED] - sendKeys(findTestObject("Modulo Pruebas SST/Crear_plan_de_trabajo_anual/input_Fecha_form_datosBasicosPlanTrabajofecha_input"), Keys.chord(ESCAPE)): Keys 'ESCAPE + ' sent to object: 'Object Repository/Modulo Pruebas SST/Crear_plan_de_trabajo_anual/input_Fecha_form_datosBasicosPlanTrabajofecha_input'

2021-12-29 18:22:52 - [MESSAGE][PASSED] - Keys 'ESCAPE + ' sent to object: 'Object Repository/Modulo Pruebas SST/Crear_plan_de_trabajo_anual/input_Fecha_form_datosBasicosPlanTrabajofecha_input'

2021-12-29 18:22:52 - [TEST_STEP][PASSED] - selectOptionByIndex(findTestObject("Modulo Pruebas SST/Crear_plan_de_trabajo_anual/select_SEDE NORTESEDE OCCIDENTESEDE SUR"), 0): All options with index in [0] are selected on object 'Object Repository/Modulo Pruebas SST/Crear_plan_de_trabajo_anual/select_SEDE NORTESEDE OCCIDENTESEDE SUR'

2021-12-29 18:22:54 - [MESSAGE][PASSED] - All options with index in [0] are selected on object 'Object Repository/Modulo Pruebas SST/Crear_plan_de_trabajo_anual/select_SEDE NORTESEDE OCCIDENTESEDE SUR'

2021-12-29 18:22:54 - [TEST_STEP][PASSED] - click(findTestObject("Modulo Pruebas SST/Crear_plan_de_trabajo_anual/a_Guardar")): Object: 'Object Repository/Modulo Pruebas SST/Crear_plan_de_trabajo_anual/a_Guardar' is clicked on

2021-12-29 18:22:54 - [MESSAGE][PASSED] - Object: 'Object Repository/Modulo Pruebas SST/Crear_plan_de_trabajo_anual/a_Guardar' is clicked on

2021-12-29 18:22:54 - [TEST_STEP][PASSED] - click(findTestObject("Modulo Pruebas SST/Crear_plan_de_trabajo_anual/a_Objetivos")): Object: 'Object Repository/Modulo Pruebas SST/Crear_plan_de_trabajo_anual/a_Objetivos' is clicked on

2021-12-29 18:22:55 - [MESSAGE][PASSED] - Object: 'Object Repository/Modulo Pruebas SST/Crear_plan_de_trabajo_anual/a_Objetivos' is clicked on

2021-12-29 18:22:55 - [TEST_STEP][PASSED] - click(findTestObject("Modulo Pruebas SST/Crear_plan_de_trabajo_anual/a_Nuevo")): Object: 'Object Repository/Modulo Pruebas SST/Crear_plan_de_trabajo_anual/a_Nuevo' is clicked on

2021-12-29 18:22:55 - [MESSAGE][PASSED] - Object: 'Object Repository/Modulo Pruebas SST/Crear_plan_de_trabajo_anual/a_Nuevo' is clicked on

2021-12-29 18:22:55 - [TEST_STEP][PASSED] - setText(findTestObject("Modulo Pruebas SST/Crear_plan_de_trabajo_anual/textarea_Objetivo_form_datosObjetivosPlanTrabajoobjetivo"), "pruebas katalon"): Text 'pruebas katalon' is set on object 'Object Repository/Modulo Pruebas SST/Crear_plan_de_trabajo_anual/textarea_Objetivo_form_datosObjetivosPlanTrabajoobjetivo'

2021-12-29 18:22:56 - [MESSAGE][PASSED] - Text 'pruebas katalon' is set on object 'Object Repository/Modulo Pruebas SST/Crear_plan_de_trabajo_anual/textarea_Objetivo_form_datosObjetivosPlanTrabajoobjetivo'

2021-12-29 18:22:56 - [TEST_STEP][PASSED] - selectOptionByIndex(findTestObject("Modulo Pruebas SST/Crear_plan_de_trabajo_anual/select_SeleccionarBASE LEGAL"), 1): All options with index in [1] are selected on object 'Object Repository/Modulo Pruebas SST/Crear_plan_de_trabajo_anual/select_SeleccionarBASE LEGAL'

2021-12-29 18:22:57 - [MESSAGE][PASSED] - All options with index in [1] are selected on object 'Object Repository/Modulo Pruebas SST/Crear_plan_de_trabajo_anual/select_SeleccionarBASE LEGAL'

2021-12-29 18:22:57 - [TEST_STEP][PASSED] - selectOptionByIndex(findTestObject("Modulo Pruebas SST/Crear_plan_de_trabajo_anual/select_SeleccionarPSO"), 1): All options with index in [1] are selected on object 'Object Repository/Modulo Pruebas SST/Crear_plan_de_trabajo_anual/select_SeleccionarPSO'

2021-12-29 18:22:59 - [MESSAGE][PASSED] - All options with index in [1] are selected on object 'Object Repository/Modulo Pruebas SST/Crear_plan_de_trabajo_anual/select_SeleccionarPSO'

2021-12-29 18:22:59 - [TEST_STEP][PASSED] - click(findTestObject("Modulo Pruebas SST/Crear_plan_de_trabajo_anual/a_Guardar")): Object: 'Object Repository/Modulo Pruebas SST/Crear_plan_de_trabajo_anual/a_Guardar' is clicked on

2021-12-29 18:22:59 - [MESSAGE][PASSED] - Object: 'Object Repository/Modulo Pruebas SST/Crear_plan_de_trabajo_anual/a_Guardar' is clicked on

2021-12-29 18:22:59 - [TEST_STEP][PASSED] - click(findTestObject("Modulo Pruebas SST/Crear_plan_de_trabajo_anual/a_Actividades")): Object: 'Object Repository/Modulo Pruebas SST/Crear_plan_de_trabajo_anual/a_Actividades' is clicked on

2021-12-29 18:23:00 - [MESSAGE][PASSED] - Object: 'Object Repository/Modulo Pruebas SST/Crear_plan_de_trabajo_anual/a_Actividades' is clicked on

2021-12-29 18:23:00 - [TEST_STEP][PASSED] - click(findTestObject("Modulo Pruebas SST/Crear_plan_de_trabajo_anual/a_Nuevo")): Object: 'Object Repository/Modulo Pruebas SST/Crear_plan_de_trabajo_anual/a_Nuevo' is clicked on

2021-12-29 18:23:01 - [MESSAGE][PASSED] - Object: 'Object Repository/Modulo Pruebas SST/Crear_plan_de_trabajo_anual/a_Nuevo' is clicked on

2021-12-29 18:23:01 - [TEST_STEP][PASSED] - setText(findTestObject("Modulo Pruebas SST/Crear_plan_de_trabajo_anual/input_Cdigo_form_actividadesObjetivosPlanTrabajotabsActividadesactividad"), "5"): Text '5' is set on object 'Object Repository/Modulo Pruebas SST/Crear_plan_de_trabajo_anual/input_Cdigo_form_actividadesObjetivosPlanTrabajotabsActividadesactividad'

2021-12-29 18:23:02 - [MESSAGE][PASSED] - Text '5' is set on object 'Object Repository/Modulo Pruebas SST/Crear_plan_de_trabajo_anual/input_Cdigo_form_actividadesObjetivosPlanTrabajotabsActividadesactividad'

2021-12-29 18:23:02 - [TEST_STEP][PASSED] - setText(findTestObject("Modulo Pruebas SST/Crear_plan_de_trabajo_anual/textarea_Descripcin_form_actividadesObjetivosPlanTrabajotabsActividadesdescripcion"), "pruebas k"): Text 'pruebas k' is set on object 'Object Repository/Modulo Pruebas SST/Crear_plan_de_trabajo_anual/textarea_Descripcin_form_actividadesObjetivosPlanTrabajotabsActividadesdescripcion'

2021-12-29 18:23:03 - [MESSAGE][PASSED] - Text 'pruebas k' is set on object 'Object Repository/Modulo Pruebas SST/Crear_plan_de_trabajo_anual/textarea_Descripcin_form_actividadesObjetivosPlanTrabajotabsActividadesdescripcion'

2021-12-29 18:23:03 - [TEST_STEP][PASSED] - click(findTestObject("Modulo Pruebas SST/Crear_plan_de_trabajo_anual/a_Responsable Principal_form_actividadesObjetivosPlanTrabajotabsActividadesj_idt673")): Object: 'Object Repository/Modulo Pruebas SST/Crear_plan_de_trabajo_anual/a_Responsable Principal_form_actividadesObjetivosPlanTrabajotabsActividadesj_idt673' is clicked on

2021-12-29 18:23:04 - [MESSAGE][PASSED] - Object: 'Object Repository/Modulo Pruebas SST/Crear_plan_de_trabajo_anual/a_Responsable Principal_form_actividadesObjetivosPlanTrabajotabsActividadesj_idt673' is clicked on

2021-12-29 18:23:04 - [TEST_STEP][PASSED] - setText(findTestObject("Modulo Pruebas SST/Crear_plan_de_trabajo_anual/input_Filtro Hoja de Vida_formPopupHojaVidaj_idt782"), "A A A"): Text 'A A A' is set on object 'Object Repository/Modulo Pruebas SST/Crear_plan_de_trabajo_anual/input_Filtro Hoja de Vida_formPopupHojaVidaj_idt782'

2021-12-29 18:23:05 - [MESSAGE][PASSED] - Text 'A A A' is set on object 'Object Repository/Modulo Pruebas SST/Crear_plan_de_trabajo_anual/input_Filtro Hoja de Vida_formPopupHojaVidaj_idt782'

2021-12-29 18:23:05 - [TEST_STEP][PASSED] - sendKeys(findTestObject("Modulo Pruebas SST/Crear_plan_de_trabajo_anual/input_Filtro Hoja de Vida_formPopupHojaVidaj_idt782"), Keys.chord(ENTER)): Keys 'ENTER + ' sent to object: 'Object Repository/Modulo Pruebas SST/Crear_plan_de_trabajo_anual/input_Filtro Hoja de Vida_formPopupHojaVidaj_idt782'

2021-12-29 18:23:05 - [MESSAGE][PASSED] - Keys 'ENTER + ' sent to object: 'Object Repository/Modulo Pruebas SST/Crear_plan_de_trabajo_anual/input_Filtro Hoja de Vida_formPopupHojaVidaj_idt782'

2021-12-29 18:23:05 - [TEST_STEP][PASSED] - click(findTestObject("Modulo Pruebas SST/Crear_plan_de_trabajo_anual/span_A A A")): Object: 'Object Repository/Modulo Pruebas SST/Crear_plan_de_trabajo_anual/span_A A A' is clicked on

2021-12-29 18:23:06 - [MESSAGE][PASSED] - Object: 'Object Repository/Modulo Pruebas SST/Crear_plan_de_trabajo_anual/span_A A A' is clicked on

2021-12-29 18:23:06 - [TEST_STEP][PASSED] - click(findTestObject("Modulo Pruebas SST/Crear_plan_de_trabajo_anual/a_Tipo de Riesgo_form_actividadesObjetivosPlanTrabajotabsActividadesj_idt677")): Object: 'Object Repository/Modulo Pruebas SST/Crear_plan_de_trabajo_anual/a_Tipo de Riesgo_form_actividadesObjetivosPlanTrabajotabsActividadesj_idt677' is clicked on

2021-12-29 18:23:07 - [MESSAGE][PASSED] - Object: 'Object Repository/Modulo Pruebas SST/Crear_plan_de_trabajo_anual/a_Tipo de Riesgo_form_actividadesObjetivosPlanTrabajotabsActividadesj_idt677' is clicked on

2021-12-29 18:23:07 - [TEST_STEP][PASSED] - click(findTestObject("Modulo Pruebas SST/Crear_plan_de_trabajo_anual/td_prueba")): Object: 'Object Repository/Modulo Pruebas SST/Crear_plan_de_trabajo_anual/td_prueba' is clicked on

2021-12-29 18:23:07 - [MESSAGE][PASSED] - Object: 'Object Repository/Modulo Pruebas SST/Crear_plan_de_trabajo_anual/td_prueba' is clicked on

2021-12-29 18:23:07 - [TEST_STEP][PASSED] - click(findTestObject("Modulo Pruebas SST/Crear_plan_de_trabajo_anual/a_Guardar")): Object: 'Object Repository/Modulo Pruebas SST/Crear_plan_de_trabajo_anual/a_Guardar' is clicked on

2021-12-29 18:23:08 - [MESSAGE][PASSED] - Object: 'Object Repository/Modulo Pruebas SST/Crear_plan_de_trabajo_anual/a_Guardar' is clicked on

2021-12-29 18:23:08 - [TEST_STEP][PASSED] - click(findTestObject("Modulo Pruebas SST/Crear_plan_de_trabajo_anual/a_Responsable")): Object: 'Object Repository/Modulo Pruebas SST/Crear_plan_de_trabajo_anual/a_Responsable' is clicked on

2021-12-29 18:23:09 - [MESSAGE][PASSED] - Object: 'Object Repository/Modulo Pruebas SST/Crear_plan_de_trabajo_anual/a_Responsable' is clicked on

2021-12-29 18:23:09 - [TEST_STEP][PASSED] - click(findTestObject("Modulo Pruebas SST/Crear_plan_de_trabajo_anual/a_Nombre_form_actividadesObjetivosPlanTrabajotabsActividadestabla_responsablesj_idt710")): Object: 'Object Repository/Modulo Pruebas SST/Crear_plan_de_trabajo_anual/a_Nombre_form_actividadesObjetivosPlanTrabajotabsActividadestabla_responsablesj_idt710' is clicked on

2021-12-29 18:23:09 - [MESSAGE][PASSED] - Object: 'Object Repository/Modulo Pruebas SST/Crear_plan_de_trabajo_anual/a_Nombre_form_actividadesObjetivosPlanTrabajotabsActividadestabla_responsablesj_idt710' is clicked on

2021-12-29 18:23:09 - [TEST_STEP][PASSED] - setText(findTestObject("Modulo Pruebas SST/Crear_plan_de_trabajo_anual/input_Filtro Hoja de Vida_formPopupHojaVidaj_idt7820"), "A A A"): Text 'A A A' is set on object 'Object Repository/Modulo Pruebas SST/Crear_plan_de_trabajo_anual/input_Filtro Hoja de Vida_formPopupHojaVidaj_idt7820'

2021-12-29 18:23:11 - [MESSAGE][PASSED] - Text 'A A A' is set on object 'Object Repository/Modulo Pruebas SST/Crear_plan_de_trabajo_anual/input_Filtro Hoja de Vida_formPopupHojaVidaj_idt7820'

2021-12-29 18:23:11 - [TEST_STEP][PASSED] - sendKeys(findTestObject("Modulo Pruebas SST/Crear_plan_de_trabajo_anual/input_Filtro Hoja de Vida_formPopupHojaVidaj_idt7820"), Keys.chord(ENTER)): Keys 'ENTER + ' sent to object: 'Object Repository/Modulo Pruebas SST/Crear_plan_de_trabajo_anual/input_Filtro Hoja de Vida_formPopupHojaVidaj_idt7820'

2021-12-29 18:23:11 - [MESSAGE][PASSED] - Keys 'ENTER + ' sent to object: 'Object Repository/Modulo Pruebas SST/Crear_plan_de_trabajo_anual/input_Filtro Hoja de Vida_formPopupHojaVidaj_idt7820'

2021-12-29 18:23:11 - [TEST_STEP][PASSED] - click(findTestObject("Modulo Pruebas SST/Crear_plan_de_trabajo_anual/td_A A A")): Object: 'Object Repository/Modulo Pruebas SST/Crear_plan_de_trabajo_anual/td_A A A' is clicked on

2021-12-29 18:23:12 - [MESSAGE][PASSED] - Object: 'Object Repository/Modulo Pruebas SST/Crear_plan_de_trabajo_anual/td_A A A' is clicked on

2021-12-29 18:23:12 - [TEST_STEP][PASSED] - click(findTestObject("Modulo Pruebas SST/Crear_plan_de_trabajo_anual/a_Nombre_form_actividadesObjetivosPlanTrabajotabsActividadestabla_responsablesj_idt715")): Object: 'Object Repository/Modulo Pruebas SST/Crear_plan_de_trabajo_anual/a_Nombre_form_actividadesObjetivosPlanTrabajotabsActividadestabla_responsablesj_idt715' is clicked on

2021-12-29 18:23:12 - [MESSAGE][PASSED] - Object: 'Object Repository/Modulo Pruebas SST/Crear_plan_de_trabajo_anual/a_Nombre_form_actividadesObjetivosPlanTrabajotabsActividadestabla_responsablesj_idt715' is clicked on

2021-12-29 18:23:12 - [TEST_STEP][PASSED] - click(findTestObject("Modulo Pruebas SST/Crear_plan_de_trabajo_anual/a_Cronograma")): Object: 'Object Repository/Modulo Pruebas SST/Crear_plan_de_trabajo_anual/a_Cronograma' is clicked on

2021-12-29 18:23:13 - [MESSAGE][PASSED] - Object: 'Object Repository/Modulo Pruebas SST/Crear_plan_de_trabajo_anual/a_Cronograma' is clicked on

2021-12-29 18:23:13 - [TEST_STEP][PASSED] - click(findTestObject("Modulo Pruebas SST/Crear_plan_de_trabajo_anual/a_Nuevo")): Object: 'Object Repository/Modulo Pruebas SST/Crear_plan_de_trabajo_anual/a_Nuevo' is clicked on

2021-12-29 18:23:14 - [MESSAGE][PASSED] - Object: 'Object Repository/Modulo Pruebas SST/Crear_plan_de_trabajo_anual/a_Nuevo' is clicked on

2021-12-29 18:23:14 - [TEST_STEP][PASSED] - setText(findTestObject("Modulo Pruebas SST/Crear_plan_de_trabajo_anual/input_Fecha Inicio_form_actividadesObjetivosPlanTrabajotabsActividadesfechaInicial_input"), "01/07/2021"): Text '01/07/2021' is set on object 'Object Repository/Modulo Pruebas SST/Crear_plan_de_trabajo_anual/input_Fecha Inicio_form_actividadesObjetivosPlanTrabajotabsActividadesfechaInicial_input'

2021-12-29 18:23:15 - [MESSAGE][PASSED] - Text '01/07/2021' is set on object 'Object Repository/Modulo Pruebas SST/Crear_plan_de_trabajo_anual/input_Fecha Inicio_form_actividadesObjetivosPlanTrabajotabsActividadesfechaInicial_input'

2021-12-29 18:23:15 - [TEST_STEP][PASSED] - setText(findTestObject("Modulo Pruebas SST/Crear_plan_de_trabajo_anual/input_Fecha Final_form_actividadesObjetivosPlanTrabajotabsActividadesfechaFinal_input"), "02/07/2021"): Text '02/07/2021' is set on object 'Object Repository/Modulo Pruebas SST/Crear_plan_de_trabajo_anual/input_Fecha Final_form_actividadesObjetivosPlanTrabajotabsActividadesfechaFinal_input'

2021-12-29 18:23:16 - [MESSAGE][PASSED] - Text '02/07/2021' is set on object 'Object Repository/Modulo Pruebas SST/Crear_plan_de_trabajo_anual/input_Fecha Final_form_actividadesObjetivosPlanTrabajotabsActividadesfechaFinal_input'

2021-12-29 18:23:16 - [TEST_STEP][PASSED] - setText(findTestObject("Modulo Pruebas SST/Crear_plan_de_trabajo_anual/input_Horas Programadas_form_actividadesObjetivosPlanTrabajotabsActividadeshorasProgramadas"), "5"): Text '5' is set on object 'Object Repository/Modulo Pruebas SST/Crear_plan_de_trabajo_anual/input_Horas Programadas_form_actividadesObjetivosPlanTrabajotabsActividadeshorasProgramadas'

2021-12-29 18:23:17 - [MESSAGE][PASSED] - Text '5' is set on object 'Object Repository/Modulo Pruebas SST/Crear_plan_de_trabajo_anual/input_Horas Programadas_form_actividadesObjetivosPlanTrabajotabsActividadeshorasProgramadas'

2021-12-29 18:23:17 - [TEST_STEP][PASSED] - selectOptionByIndex(findTestObject("Modulo Pruebas SST/Crear_plan_de_trabajo_anual/select_SeleccionarEjecutadoProgramado"), 2): All options with index in [2] are selected on object 'Object Repository/Modulo Pruebas SST/Crear_plan_de_trabajo_anual/select_SeleccionarEjecutadoProgramado'

2021-12-29 18:23:18 - [MESSAGE][PASSED] - All options with index in [2] are selected on object 'Object Repository/Modulo Pruebas SST/Crear_plan_de_trabajo_anual/select_SeleccionarEjecutadoProgramado'

2021-12-29 18:23:18 - [TEST_STEP][PASSED] - click(findTestObject("Modulo Pruebas SST/Crear_plan_de_trabajo_anual/a_Guardar")): Object: 'Object Repository/Modulo Pruebas SST/Crear_plan_de_trabajo_anual/a_Guardar' is clicked on

2021-12-29 18:23:18 - [MESSAGE][PASSED] - Object: 'Object Repository/Modulo Pruebas SST/Crear_plan_de_trabajo_anual/a_Guardar' is clicked on

2021-12-29 18:23:18 - [TEST_STEP][PASSED] - click(findTestObject("Modulo Pruebas SST/Crear_plan_de_trabajo_anual/a_Anexos")): Object: 'Object Repository/Modulo Pruebas SST/Crear_plan_de_trabajo_anual/a_Anexos' is clicked on

2021-12-29 18:23:19 - [MESSAGE][PASSED] - Object: 'Object Repository/Modulo Pruebas SST/Crear_plan_de_trabajo_anual/a_Anexos' is clicked on

2021-12-29 18:23:19 - [TEST_STEP][PASSED] - click(findTestObject("Modulo Pruebas SST/Crear_plan_de_trabajo_anual/a_Descargar_form_actividadesObjetivosPlanTrabajotabsActividadestablaAnexosj_idt763")): Object: 'Object Repository/Modulo Pruebas SST/Crear_plan_de_trabajo_anual/a_Descargar_form_actividadesObjetivosPlanTrabajotabsActividadestablaAnexosj_idt763' is clicked on

2021-12-29 18:23:20 - [MESSAGE][PASSED] - Object: 'Object Repository/Modulo Pruebas SST/Crear_plan_de_trabajo_anual/a_Descargar_form_actividadesObjetivosPlanTrabajotabsActividadestablaAnexosj_idt763' is clicked on

2021-12-29 18:23:20 - [TEST_STEP][PASSED] - waitForElementPresent(findTestObject("Modulo Pruebas SST/Crear_plan_de_trabajo_anual/input_Cargar Archivo_popupCargarArchivoForminputFileName_input"), 0): Object 'Object Repository/Modulo Pruebas SST/Crear_plan_de_trabajo_anual/input_Cargar Archivo_popupCargarArchivoForminputFileName_input' is present

2021-12-29 18:23:20 - [MESSAGE][WARNING] - Timeout '0' is invalid. Using default page load timeout: '30'

2021-12-29 18:23:21 - [MESSAGE][PASSED] - Object 'Object Repository/Modulo Pruebas SST/Crear_plan_de_trabajo_anual/input_Cargar Archivo_popupCargarArchivoForminputFileName_input' is present

2021-12-29 18:23:21 - [TEST_STEP][PASSED] - ruta = G_rutaarchivos + "prueba.pdf": null

2021-12-29 18:23:21 - [TEST_STEP][PASSED] - uploadFile(findTestObject("Modulo Pruebas SST/Crear_plan_de_trabajo_anual/input_Cargar Archivo_popupCargarArchivoForminputFileName_input"), ruta): File 'E:\unionweb14\prueba.pdf' sent to object: 'Object Repository/Modulo Pruebas SST/Crear_plan_de_trabajo_anual/input_Cargar Archivo_popupCargarArchivoForminputFileName_input'

2021-12-29 18:23:21 - [MESSAGE][PASSED] - File 'E:\unionweb14\prueba.pdf' sent to object: 'Object Repository/Modulo Pruebas SST/Crear_plan_de_trabajo_anual/input_Cargar Archivo_popupCargarArchivoForminputFileName_input'

2021-12-29 18:23:21 - [TEST_STEP][PASSED] - setText(findTestObject("Modulo Pruebas SST/Crear_plan_de_trabajo_anual/input_Descargar_form_actividadesObjetivosPlanTrabajotabsActividadestablaAnexosdescripcionAnexo"), "prueba"): Text 'prueba' is set on object 'Object Repository/Modulo Pruebas SST/Crear_plan_de_trabajo_anual/input_Descargar_form_actividadesObjetivosPlanTrabajotabsActividadestablaAnexosdescripcionAnexo'

2021-12-29 18:23:22 - [MESSAGE][PASSED] - Text 'prueba' is set on object 'Object Repository/Modulo Pruebas SST/Crear_plan_de_trabajo_anual/input_Descargar_form_actividadesObjetivosPlanTrabajotabsActividadestablaAnexosdescripcionAnexo'

2021-12-29 18:23:22 - [TEST_STEP][PASSED] - setText(findTestObject("Modulo Pruebas SST/Crear_plan_de_trabajo_anual/input_Descargar_form_actividadesObjetivosPlanTrabajotabsActividadestablaAnexosfecha_input"), "01/07/2021"): Text '01/07/2021' is set on object 'Object Repository/Modulo Pruebas SST/Crear_plan_de_trabajo_anual/input_Descargar_form_actividadesObjetivosPlanTrabajotabsActividadestablaAnexosfecha_input'

2021-12-29 18:23:23 - [MESSAGE][PASSED] - Text '01/07/2021' is set on object 'Object Repository/Modulo Pruebas SST/Crear_plan_de_trabajo_anual/input_Descargar_form_actividadesObjetivosPlanTrabajotabsActividadestablaAnexosfecha_input'

2021-12-29 18:23:23 - [TEST_STEP][PASSED] - waitForElementPresent(findTestObject("Modulo Pruebas SST/Crear_plan_de_trabajo_anual/a_Descargar_form_actividadesObjetivosPlanTrabajotabsActividadestablaAnexosj_idt770"), 0): Object 'Object Repository/Modulo Pruebas SST/Crear_plan_de_trabajo_anual/a_Descargar_form_actividadesObjetivosPlanTrabajotabsActividadestablaAnexosj_idt770' is present

2021-12-29 18:23:23 - [MESSAGE][WARNING] - Timeout '0' is invalid. Using default page load timeout: '30'

2021-12-29 18:23:24 - [MESSAGE][PASSED] - Object 'Object Repository/Modulo Pruebas SST/Crear_plan_de_trabajo_anual/a_Descargar_form_actividadesObjetivosPlanTrabajotabsActividadestablaAnexosj_idt770' is present

2021-12-29 18:23:24 - [TEST_STEP][PASSED] - click(findTestObject("Modulo Pruebas SST/Crear_plan_de_trabajo_anual/a_Descargar_form_actividadesObjetivosPlanTrabajotabsActividadestablaAnexosj_idt770")): Object: 'Object Repository/Modulo Pruebas SST/Crear_plan_de_trabajo_anual/a_Descargar_form_actividadesObjetivosPlanTrabajotabsActividadestablaAnexosj_idt770' is clicked on

2021-12-29 18:23:24 - [MESSAGE][PASSED] - Object: 'Object Repository/Modulo Pruebas SST/Crear_plan_de_trabajo_anual/a_Descargar_form_actividadesObjetivosPlanTrabajotabsActividadestablaAnexosj_idt770' is clicked on

2021-12-29 18:23:24 - [TEST_STEP][PASSED] - delay(2): Delayed 2 second(s)

2021-12-29 18:23:26 - [MESSAGE][PASSED] - Delayed 2 second(s)

2021-12-29 18:23:26 - [TEST_STEP][PASSED] - closeBrowser(): Browser is closed

2021-12-29 18:23:27 - [MESSAGE][PASSED] - Browser is closed]]></system-out>
         <system-err><![CDATA[]]></system-err>
      </testcase>
      <testcase name="Test Cases/5.1-Pruebas_SST/5.1.9-Creación_de_Grupos_de_Apoyo" time="64.871" classname="Test Cases/5.1-Pruebas_SST/5.1.9-Creación_de_Grupos_de_Apoyo" status="FAILED">
         <failure type="FAILED" message="Test Cases/5.1-Pruebas_SST/5.1.9-Creación_de_Grupos_de_Apoyo FAILED.
Reason:
com.kms.katalon.core.exception.StepFailedException: Unable to click on object 'Object Repository/Modulo Pruebas SST/Creación de Grupos de Apoyo/span_Diaz Blanco Guisell'
	at com.kms.katalon.core.webui.keyword.internal.WebUIKeywordMain.stepFailed(WebUIKeywordMain.groovy:64)
	at com.kms.katalon.core.webui.keyword.internal.WebUIKeywordMain.runKeyword(WebUIKeywordMain.groovy:26)
	at com.kms.katalon.core.webui.keyword.builtin.ClickKeyword.click(ClickKeyword.groovy:74)
	at com.kms.katalon.core.webui.keyword.builtin.ClickKeyword.execute(ClickKeyword.groovy:40)
	at com.kms.katalon.core.keyword.internal.KeywordExecutor.executeKeywordForPlatform(KeywordExecutor.groovy:74)
	at com.kms.katalon.core.webui.keyword.WebUiBuiltInKeywords.click(WebUiBuiltInKeywords.groovy:620)
	at com.kms.katalon.core.webui.keyword.WebUiBuiltInKeywords$click$5.call(Unknown Source)
	at 5.1.9-Creación_de_Grupos_de_Apoyo.run(5.1.9-Creación_de_Grupos_de_Apoyo:123)
	at com.kms.katalon.core.main.ScriptEngine.run(ScriptEngine.java:194)
	at com.kms.katalon.core.main.ScriptEngine.runScriptAsRawText(ScriptEngine.java:119)
	at com.kms.katalon.core.main.TestCaseExecutor.runScript(TestCaseExecutor.java:442)
	at com.kms.katalon.core.main.TestCaseExecutor.doExecute(TestCaseExecutor.java:433)
	at com.kms.katalon.core.main.TestCaseExecutor.processExecutionPhase(TestCaseExecutor.java:412)
	at com.kms.katalon.core.main.TestCaseExecutor.accessMainPhase(TestCaseExecutor.java:404)
	at com.kms.katalon.core.main.TestCaseExecutor.execute(TestCaseExecutor.java:281)
	at com.kms.katalon.core.main.TestSuiteExecutor.accessTestCaseMainPhase(TestSuiteExecutor.java:202)
	at com.kms.katalon.core.main.TestSuiteExecutor.accessTestSuiteMainPhase(TestSuiteExecutor.java:164)
	at com.kms.katalon.core.main.TestSuiteExecutor.execute(TestSuiteExecutor.java:105)
	at com.kms.katalon.core.main.TestCaseMain.startTestSuite(TestCaseMain.java:181)
	at com.kms.katalon.core.main.TestCaseMain$startTestSuite$0.call(Unknown Source)
	at TempTestSuite1640819056891.run(TempTestSuite1640819056891.groovy:36)
Caused by: com.kms.katalon.core.webui.exception.WebElementNotFoundException: Web element with id: 'Object Repository/Modulo Pruebas SST/Creación de Grupos de Apoyo/span_Diaz Blanco Guisell' located by '//*/text()[normalize-space(.)='Diaz Blanco Guisell']/parent::*' not found
	at com.kms.katalon.core.webui.common.WebUiCommonHelper.findWebElement(WebUiCommonHelper.java:1368)
	at com.kms.katalon.core.webui.keyword.internal.WebUIAbstractKeyword.findWebElement(WebUIAbstractKeyword.groovy:27)
	at com.kms.katalon.core.webui.keyword.builtin.ClickKeyword$_click_closure1.doCall(ClickKeyword.groovy:65)
	at com.kms.katalon.core.webui.keyword.builtin.ClickKeyword$_click_closure1.call(ClickKeyword.groovy)
	at com.kms.katalon.core.webui.keyword.internal.WebUIKeywordMain.runKeyword(WebUIKeywordMain.groovy:20)
	... 19 more
"/>
         <system-out><![CDATA[2021-12-29 18:23:27 - [TEST_CASE][FAILED] - Test Cases/5.1-Pruebas_SST/5.1.9-Creación_de_Grupos_de_Apoyo: Test Cases/5.1-Pruebas_SST/5.1.9-Creación_de_Grupos_de_Apoyo FAILED.
Reason:
com.kms.katalon.core.exception.StepFailedException: Unable to click on object 'Object Repository/Modulo Pruebas SST/Creación de Grupos de Apoyo/span_Diaz Blanco Guisell'
	at com.kms.katalon.core.webui.keyword.internal.WebUIKeywordMain.stepFailed(WebUIKeywordMain.groovy:64)
	at com.kms.katalon.core.webui.keyword.internal.WebUIKeywordMain.runKeyword(WebUIKeywordMain.groovy:26)
	at com.kms.katalon.core.webui.keyword.builtin.ClickKeyword.click(ClickKeyword.groovy:74)
	at com.kms.katalon.core.webui.keyword.builtin.ClickKeyword.execute(ClickKeyword.groovy:40)
	at com.kms.katalon.core.keyword.internal.KeywordExecutor.executeKeywordForPlatform(KeywordExecutor.groovy:74)
	at com.kms.katalon.core.webui.keyword.WebUiBuiltInKeywords.click(WebUiBuiltInKeywords.groovy:620)
	at com.kms.katalon.core.webui.keyword.WebUiBuiltInKeywords$click$5.call(Unknown Source)
	at 5.1.9-Creación_de_Grupos_de_Apoyo.run(5.1.9-Creación_de_Grupos_de_Apoyo:123)
	at com.kms.katalon.core.main.ScriptEngine.run(ScriptEngine.java:194)
	at com.kms.katalon.core.main.ScriptEngine.runScriptAsRawText(ScriptEngine.java:119)
	at com.kms.katalon.core.main.TestCaseExecutor.runScript(TestCaseExecutor.java:442)
	at com.kms.katalon.core.main.TestCaseExecutor.doExecute(TestCaseExecutor.java:433)
	at com.kms.katalon.core.main.TestCaseExecutor.processExecutionPhase(TestCaseExecutor.java:412)
	at com.kms.katalon.core.main.TestCaseExecutor.accessMainPhase(TestCaseExecutor.java:404)
	at com.kms.katalon.core.main.TestCaseExecutor.execute(TestCaseExecutor.java:281)
	at com.kms.katalon.core.main.TestSuiteExecutor.accessTestCaseMainPhase(TestSuiteExecutor.java:202)
	at com.kms.katalon.core.main.TestSuiteExecutor.accessTestSuiteMainPhase(TestSuiteExecutor.java:164)
	at com.kms.katalon.core.main.TestSuiteExecutor.execute(TestSuiteExecutor.java:105)
	at com.kms.katalon.core.main.TestCaseMain.startTestSuite(TestCaseMain.java:181)
	at com.kms.katalon.core.main.TestCaseMain$startTestSuite$0.call(Unknown Source)
	at TempTestSuite1640819056891.run(TempTestSuite1640819056891.groovy:36)
Caused by: com.kms.katalon.core.webui.exception.WebElementNotFoundException: Web element with id: 'Object Repository/Modulo Pruebas SST/Creación de Grupos de Apoyo/span_Diaz Blanco Guisell' located by '//*/text()[normalize-space(.)='Diaz Blanco Guisell']/parent::*' not found
	at com.kms.katalon.core.webui.common.WebUiCommonHelper.findWebElement(WebUiCommonHelper.java:1368)
	at com.kms.katalon.core.webui.keyword.internal.WebUIAbstractKeyword.findWebElement(WebUIAbstractKeyword.groovy:27)
	at com.kms.katalon.core.webui.keyword.builtin.ClickKeyword$_click_closure1.doCall(ClickKeyword.groovy:65)
	at com.kms.katalon.core.webui.keyword.builtin.ClickKeyword$_click_closure1.call(ClickKeyword.groovy)
	at com.kms.katalon.core.webui.keyword.internal.WebUIKeywordMain.runKeyword(WebUIKeywordMain.groovy:20)
	... 19 more


2021-12-29 18:23:27 - [TEST_STEP][PASSED] - callTestCase(findTestCase("0.1-Login"), [:], STOP_ON_FAILURE): Call Test Case 'Test Cases/0.1-Login' successfully

2021-12-29 18:23:27 - [TEST_CASE][PASSED] - Test Cases/0.1-Login: Test Cases/0.1-Login

2021-12-29 18:23:27 - [TEST_STEP][PASSED] - openBrowser(""): Browser is opened with url: ''

2021-12-29 18:23:27 - [MESSAGE][INFO] - Starting 'Chrome' driver

2021-12-29 18:23:27 - [MESSAGE][INFO] - Action delay is set to 0 milliseconds

2021-12-29 18:23:29 - [MESSAGE][PASSED] - Browser is opened with url: ''

2021-12-29 18:23:29 - [TEST_STEP][PASSED] - maximizeWindow(): Current window maximized

2021-12-29 18:23:29 - [MESSAGE][PASSED] - Current window maximized

2021-12-29 18:23:29 - [TEST_STEP][PASSED] - i = G_Login: null

2021-12-29 18:23:29 - [TEST_STEP][PASSED] - url = new java.net.URL(i): null

2021-12-29 18:23:29 - [TEST_STEP][PASSED] - println("URL: " + url.toString()): null

2021-12-29 18:23:29 - [TEST_STEP][PASSED] - connection = url.openConnection(): null

2021-12-29 18:23:29 - [TEST_STEP][PASSED] - connection.setRequestMethod("GET"): null

2021-12-29 18:23:29 - [TEST_STEP][PASSED] - connection.setReadTimeout(2 * 1000): null

2021-12-29 18:23:29 - [TEST_STEP][PASSED] - try: null

2021-12-29 18:23:29 - [TEST_STEP][PASSED] - connection.connect(): null

2021-12-29 18:23:29 - [TEST_STEP][PASSED] - flag = connected: null

2021-12-29 18:23:29 - [TEST_STEP][PASSED] - println("Valor_ori: " + flag): null

2021-12-29 18:23:29 - [TEST_STEP][PASSED] - if (flag): null

2021-12-29 18:23:29 - [TEST_STEP][PASSED] - navigateToUrl(i): Navigate to 'http://192.168.2.80:8380/saraweb' successfully

2021-12-29 18:23:29 - [MESSAGE][PASSED] - Navigate to 'http://192.168.2.80:8380/saraweb' successfully

2021-12-29 18:23:29 - [TEST_STEP][PASSED] - a(): null

2021-12-29 18:23:29 - [TEST_STEP][PASSED] - setText(findTestObject("Login/input_USUARIO_loginusuario"), G_Usuario): Text 'saraadmin' is set on object 'Object Repository/Login/input_USUARIO_loginusuario'

2021-12-29 18:23:30 - [MESSAGE][PASSED] - Text 'saraadmin' is set on object 'Object Repository/Login/input_USUARIO_loginusuario'

2021-12-29 18:23:30 - [TEST_STEP][PASSED] - setEncryptedText(findTestObject("Login/input_CLAVE_loginpassword"), "MkG4/TYiCFC3cb2driP7+Q=="): Text ****** has been set on object 'Object Repository/Login/input_CLAVE_loginpassword'

2021-12-29 18:23:31 - [MESSAGE][PASSED] - Text ****** has been set on object 'Object Repository/Login/input_CLAVE_loginpassword'

2021-12-29 18:23:31 - [TEST_STEP][PASSED] - waitForElementClickable(findTestObject("Login/a_Ingresar"), G_TimeOut): Object 'Object Repository/Login/a_Ingresar' is clickable

2021-12-29 18:23:31 - [MESSAGE][PASSED] - Object 'Object Repository/Login/a_Ingresar' is clickable

2021-12-29 18:23:31 - [TEST_STEP][PASSED] - click(findTestObject("Login/a_Ingresar")): Object: 'Object Repository/Login/a_Ingresar' is clicked on

2021-12-29 18:23:33 - [MESSAGE][PASSED] - Object: 'Object Repository/Login/a_Ingresar' is clicked on

2021-12-29 18:23:33 - [TEST_STEP][PASSED] - element = findWebElement(findTestObject("Login/a_Ir"), 30): null

2021-12-29 18:23:34 - [TEST_STEP][PASSED] - executeJavaScript("arguments[0].click()", Arrays.asList(element)): Execute JavaScript 'arguments[0].click()' successfully

2021-12-29 18:23:34 - [MESSAGE][PASSED] - Execute JavaScript 'arguments[0].click()' successfully

2021-12-29 18:23:34 - [MESSAGE][PASSED] - Call Test Case 'Test Cases/0.1-Login' successfully

2021-12-29 18:23:34 - [TEST_STEP][PASSED] - setText(findTestObject("Modulo Pruebas SST/Creación de Grupos de Apoyo/input_ADMINISTRADOR DEL SISTEMA - SARA_form_templatej_idt24_input"), "grupos de apoyo"): Text 'grupos de apoyo' is set on object 'Object Repository/Modulo Pruebas SST/Creación de Grupos de Apoyo/input_ADMINISTRADOR DEL SISTEMA - SARA_form_templatej_idt24_input'

2021-12-29 18:23:35 - [MESSAGE][PASSED] - Text 'grupos de apoyo' is set on object 'Object Repository/Modulo Pruebas SST/Creación de Grupos de Apoyo/input_ADMINISTRADOR DEL SISTEMA - SARA_form_templatej_idt24_input'

2021-12-29 18:23:35 - [TEST_STEP][PASSED] - click(findTestObject("Modulo Pruebas SST/Creación de Grupos de Apoyo/li_Grupos de Apoyo (sst)")): Object: 'Object Repository/Modulo Pruebas SST/Creación de Grupos de Apoyo/li_Grupos de Apoyo (sst)' is clicked on

2021-12-29 18:23:36 - [MESSAGE][PASSED] - Object: 'Object Repository/Modulo Pruebas SST/Creación de Grupos de Apoyo/li_Grupos de Apoyo (sst)' is clicked on

2021-12-29 18:23:36 - [TEST_STEP][PASSED] - setText(findTestObject("Modulo Pruebas SST/Creación de Grupos de Apoyo/input_Descripcin_form_equipoTrabajoSalfiltroGrupoApoyo0"), "Katalon"): Text 'Katalon' is set on object 'Object Repository/Modulo Pruebas SST/Creación de Grupos de Apoyo/input_Descripcin_form_equipoTrabajoSalfiltroGrupoApoyo0'

2021-12-29 18:23:38 - [MESSAGE][PASSED] - Text 'Katalon' is set on object 'Object Repository/Modulo Pruebas SST/Creación de Grupos de Apoyo/input_Descripcin_form_equipoTrabajoSalfiltroGrupoApoyo0'

2021-12-29 18:23:38 - [TEST_STEP][PASSED] - if (waitForElementPresent(findTestObject("Modulo Pruebas SST/Creación de Grupos de Apoyo/td_PRUEBAS KATALON0"), 1)): null

2021-12-29 18:23:38 - [MESSAGE][PASSED] - Object 'Object Repository/Modulo Pruebas SST/Creación de Grupos de Apoyo/td_PRUEBAS KATALON0' is present

2021-12-29 18:23:38 - [TEST_STEP][PASSED] - click(findTestObject("Modulo Pruebas SST/Creación de Grupos de Apoyo/td_PRUEBAS KATALON0")): Object: 'Object Repository/Modulo Pruebas SST/Creación de Grupos de Apoyo/td_PRUEBAS KATALON0' is clicked on

2021-12-29 18:23:39 - [MESSAGE][PASSED] - Object: 'Object Repository/Modulo Pruebas SST/Creación de Grupos de Apoyo/td_PRUEBAS KATALON0' is clicked on

2021-12-29 18:23:39 - [TEST_STEP][PASSED] - click(findTestObject("Modulo Pruebas SST/Creación de Grupos de Apoyo/a_Anexos")): Object: 'Object Repository/Modulo Pruebas SST/Creación de Grupos de Apoyo/a_Anexos' is clicked on

2021-12-29 18:23:40 - [MESSAGE][PASSED] - Object: 'Object Repository/Modulo Pruebas SST/Creación de Grupos de Apoyo/a_Anexos' is clicked on

2021-12-29 18:23:40 - [TEST_STEP][PASSED] - if (waitForElementPresent(findTestObject("Modulo Pruebas SST/Creación de Grupos de Apoyo/a_prueba.pdf_form_equipoTrabajoSaltabtablaAnexos0j_idt208"), 1)): Object 'Object Repository/Modulo Pruebas SST/Creación de Grupos de Apoyo/a_prueba.pdf_form_equipoTrabajoSaltabtablaAnexos0j_idt208' is not present after 1 second(s)

2021-12-29 18:23:42 - [MESSAGE][INFO] - Unable to find the element located by 'By.xpath: //tbody/tr/td[5]/a'. Please recheck the objects properties to make sure the desired element is located. 

2021-12-29 18:23:42 - [MESSAGE][WARNING] - Object 'Object Repository/Modulo Pruebas SST/Creación de Grupos de Apoyo/a_prueba.pdf_form_equipoTrabajoSaltabtablaAnexos0j_idt208' is not present after 1 second(s)

2021-12-29 18:23:42 - [TEST_STEP][PASSED] - click(findTestObject("Modulo Pruebas SST/Creación de Grupos de Apoyo/a_Compromisos")): Object: 'Object Repository/Modulo Pruebas SST/Creación de Grupos de Apoyo/a_Compromisos' is clicked on

2021-12-29 18:23:43 - [MESSAGE][PASSED] - Object: 'Object Repository/Modulo Pruebas SST/Creación de Grupos de Apoyo/a_Compromisos' is clicked on

2021-12-29 18:23:43 - [TEST_STEP][PASSED] - if (waitForElementPresent(findTestObject("Modulo Pruebas SST/Creación de Grupos de Apoyo/span_Trate de no correr"), 1)): Object 'Object Repository/Modulo Pruebas SST/Creación de Grupos de Apoyo/span_Trate de no correr' is not present after 1 second(s)

2021-12-29 18:23:45 - [MESSAGE][INFO] - Unable to find the element located by 'By.xpath: //*/text()[normalize-space(.)='Trate de no correr']/parent::*'. Please recheck the objects properties to make sure the desired element is located. 

2021-12-29 18:23:45 - [MESSAGE][WARNING] - Object 'Object Repository/Modulo Pruebas SST/Creación de Grupos de Apoyo/span_Trate de no correr' is not present after 1 second(s)

2021-12-29 18:23:45 - [TEST_STEP][PASSED] - click(findTestObject("Modulo Pruebas SST/Creación de Grupos de Apoyo/a_Actividades")): Object: 'Object Repository/Modulo Pruebas SST/Creación de Grupos de Apoyo/a_Actividades' is clicked on

2021-12-29 18:23:45 - [MESSAGE][PASSED] - Object: 'Object Repository/Modulo Pruebas SST/Creación de Grupos de Apoyo/a_Actividades' is clicked on

2021-12-29 18:23:45 - [TEST_STEP][PASSED] - if (waitForElementPresent(findTestObject("Modulo Pruebas SST/Creación de Grupos de Apoyo/span_A A A"), 1)): Object 'Object Repository/Modulo Pruebas SST/Creación de Grupos de Apoyo/span_A A A' is not present after 1 second(s)

2021-12-29 18:23:47 - [MESSAGE][INFO] - Unable to find the element located by 'By.xpath: //*/text()[normalize-space(.)='A A A']/parent::*'. Please recheck the objects properties to make sure the desired element is located. 

2021-12-29 18:23:47 - [MESSAGE][WARNING] - Object 'Object Repository/Modulo Pruebas SST/Creación de Grupos de Apoyo/span_A A A' is not present after 1 second(s)

2021-12-29 18:23:47 - [TEST_STEP][PASSED] - click(findTestObject("Modulo Pruebas SST/Creación de Grupos de Apoyo/a_Integrantes")): Object: 'Object Repository/Modulo Pruebas SST/Creación de Grupos de Apoyo/a_Integrantes' is clicked on

2021-12-29 18:23:48 - [MESSAGE][PASSED] - Object: 'Object Repository/Modulo Pruebas SST/Creación de Grupos de Apoyo/a_Integrantes' is clicked on

2021-12-29 18:23:48 - [TEST_STEP][PASSED] - if (waitForElementVisible(findTestObject("Modulo Pruebas SST/Creación de Grupos de Apoyo/span_SEDE NORTE"), 1)): Object 'Object Repository/Modulo Pruebas SST/Creación de Grupos de Apoyo/span_SEDE NORTE' is not visible after 1 second(s)

2021-12-29 18:23:50 - [MESSAGE][WARNING] - Object 'Object Repository/Modulo Pruebas SST/Creación de Grupos de Apoyo/span_SEDE NORTE' is not visible after 1 second(s)

2021-12-29 18:23:50 - [TEST_STEP][PASSED] - click(findTestObject("Modulo Pruebas SST/Creación de Grupos de Apoyo/a_Grupo Apoyo")): Object: 'Object Repository/Modulo Pruebas SST/Creación de Grupos de Apoyo/a_Grupo Apoyo' is clicked on

2021-12-29 18:23:50 - [MESSAGE][PASSED] - Object: 'Object Repository/Modulo Pruebas SST/Creación de Grupos de Apoyo/a_Grupo Apoyo' is clicked on

2021-12-29 18:23:50 - [TEST_STEP][PASSED] - click(findTestObject("Modulo Pruebas SST/Creación de Grupos de Apoyo/a_Eliminar3")): Object: 'Object Repository/Modulo Pruebas SST/Creación de Grupos de Apoyo/a_Eliminar3' is clicked on

2021-12-29 18:23:51 - [MESSAGE][PASSED] - Object: 'Object Repository/Modulo Pruebas SST/Creación de Grupos de Apoyo/a_Eliminar3' is clicked on

2021-12-29 18:23:51 - [TEST_STEP][PASSED] - click(findTestObject("Modulo Pruebas SST/Creación de Grupos de Apoyo/a_Aceptar4")): Object: 'Object Repository/Modulo Pruebas SST/Creación de Grupos de Apoyo/a_Aceptar4' is clicked on

2021-12-29 18:23:52 - [MESSAGE][PASSED] - Object: 'Object Repository/Modulo Pruebas SST/Creación de Grupos de Apoyo/a_Aceptar4' is clicked on

2021-12-29 18:23:52 - [TEST_STEP][PASSED] - click(findTestObject("Modulo Pruebas SST/Creación de Grupos de Apoyo/a_Nuevo")): Object: 'Object Repository/Modulo Pruebas SST/Creación de Grupos de Apoyo/a_Nuevo' is clicked on

2021-12-29 18:23:52 - [MESSAGE][PASSED] - Object: 'Object Repository/Modulo Pruebas SST/Creación de Grupos de Apoyo/a_Nuevo' is clicked on

2021-12-29 18:23:52 - [TEST_STEP][PASSED] - setText(findTestObject("Modulo Pruebas SST/Creación de Grupos de Apoyo/input_Nombre Grupo Apoyo_form_equipoTrabajoSaltabdescripcion"), "PRUEBAS KATALON"): Text 'PRUEBAS KATALON' is set on object 'Object Repository/Modulo Pruebas SST/Creación de Grupos de Apoyo/input_Nombre Grupo Apoyo_form_equipoTrabajoSaltabdescripcion'

2021-12-29 18:23:53 - [MESSAGE][PASSED] - Text 'PRUEBAS KATALON' is set on object 'Object Repository/Modulo Pruebas SST/Creación de Grupos de Apoyo/input_Nombre Grupo Apoyo_form_equipoTrabajoSaltabdescripcion'

2021-12-29 18:23:53 - [TEST_STEP][PASSED] - selectOptionByIndex(findTestObject("Modulo Pruebas SST/Creación de Grupos de Apoyo/select_-- SELECCIONAR --BRIGADA DE PRIMEROS AUXILIOS"), 4): All options with index in [4] are selected on object 'Object Repository/Modulo Pruebas SST/Creación de Grupos de Apoyo/select_-- SELECCIONAR --BRIGADA DE PRIMEROS AUXILIOS'

2021-12-29 18:23:55 - [MESSAGE][PASSED] - All options with index in [4] are selected on object 'Object Repository/Modulo Pruebas SST/Creación de Grupos de Apoyo/select_-- SELECCIONAR --BRIGADA DE PRIMEROS AUXILIOS'

2021-12-29 18:23:55 - [TEST_STEP][PASSED] - selectOptionByIndex(findTestObject("Modulo Pruebas SST/Creación de Grupos de Apoyo/select_SeleccioneSEDE NORTESEDE OCCIDENTESEDE SUR"), 1): All options with index in [1] are selected on object 'Object Repository/Modulo Pruebas SST/Creación de Grupos de Apoyo/select_SeleccioneSEDE NORTESEDE OCCIDENTESEDE SUR'

2021-12-29 18:23:56 - [MESSAGE][PASSED] - All options with index in [1] are selected on object 'Object Repository/Modulo Pruebas SST/Creación de Grupos de Apoyo/select_SeleccioneSEDE NORTESEDE OCCIDENTESEDE SUR'

2021-12-29 18:23:56 - [TEST_STEP][PASSED] - setText(findTestObject("Modulo Pruebas SST/Creación de Grupos de Apoyo/textarea_Objetivo_form_equipoTrabajoSaltabobjetivo"), "null"): Text 'null' is set on object 'Object Repository/Modulo Pruebas SST/Creación de Grupos de Apoyo/textarea_Objetivo_form_equipoTrabajoSaltabobjetivo'

2021-12-29 18:23:56 - [MESSAGE][PASSED] - Text 'null' is set on object 'Object Repository/Modulo Pruebas SST/Creación de Grupos de Apoyo/textarea_Objetivo_form_equipoTrabajoSaltabobjetivo'

2021-12-29 18:23:56 - [TEST_STEP][PASSED] - click(findTestObject("Modulo Pruebas SST/Creación de Grupos de Apoyo/a_Guardar")): Object: 'Object Repository/Modulo Pruebas SST/Creación de Grupos de Apoyo/a_Guardar' is clicked on

2021-12-29 18:23:57 - [MESSAGE][PASSED] - Object: 'Object Repository/Modulo Pruebas SST/Creación de Grupos de Apoyo/a_Guardar' is clicked on

2021-12-29 18:23:57 - [TEST_STEP][PASSED] - click(findTestObject("Modulo Pruebas SST/Creación de Grupos de Apoyo/a_Integrantes")): Object: 'Object Repository/Modulo Pruebas SST/Creación de Grupos de Apoyo/a_Integrantes' is clicked on

2021-12-29 18:23:58 - [MESSAGE][PASSED] - Object: 'Object Repository/Modulo Pruebas SST/Creación de Grupos de Apoyo/a_Integrantes' is clicked on

2021-12-29 18:23:58 - [TEST_STEP][PASSED] - click(findTestObject("Modulo Pruebas SST/Creación de Grupos de Apoyo/a_Nuevo0")): Object: 'Object Repository/Modulo Pruebas SST/Creación de Grupos de Apoyo/a_Nuevo0' is clicked on

2021-12-29 18:23:58 - [MESSAGE][PASSED] - Object: 'Object Repository/Modulo Pruebas SST/Creación de Grupos de Apoyo/a_Nuevo0' is clicked on

2021-12-29 18:23:58 - [TEST_STEP][PASSED] - click(findTestObject("Modulo Pruebas SST/Creación de Grupos de Apoyo/a_Identificacin_form_popupGrupoApoyoIntegrantej_idt217")): Object: 'Object Repository/Modulo Pruebas SST/Creación de Grupos de Apoyo/a_Identificacin_form_popupGrupoApoyoIntegrantej_idt217' is clicked on

2021-12-29 18:23:59 - [MESSAGE][PASSED] - Object: 'Object Repository/Modulo Pruebas SST/Creación de Grupos de Apoyo/a_Identificacin_form_popupGrupoApoyoIntegrantej_idt217' is clicked on

2021-12-29 18:23:59 - [TEST_STEP][PASSED] - setText(findTestObject("Modulo Pruebas SST/Creación de Grupos de Apoyo/input_Filtro Hoja de Vida_formPopupHojaVidaj_idt840"), "Diaz Blanco Guisell"): Text 'Diaz Blanco Guisell' is set on object 'Object Repository/Modulo Pruebas SST/Creación de Grupos de Apoyo/input_Filtro Hoja de Vida_formPopupHojaVidaj_idt840'

2021-12-29 18:24:00 - [MESSAGE][PASSED] - Text 'Diaz Blanco Guisell' is set on object 'Object Repository/Modulo Pruebas SST/Creación de Grupos de Apoyo/input_Filtro Hoja de Vida_formPopupHojaVidaj_idt840'

2021-12-29 18:24:00 - [TEST_STEP][PASSED] - sendKeys(findTestObject("Modulo Pruebas SST/Creación de Grupos de Apoyo/input_Filtro Hoja de Vida_formPopupHojaVidaj_idt840"), Keys.chord(ENTER)): Keys 'ENTER + ' sent to object: 'Object Repository/Modulo Pruebas SST/Creación de Grupos de Apoyo/input_Filtro Hoja de Vida_formPopupHojaVidaj_idt840'

2021-12-29 18:24:00 - [MESSAGE][PASSED] - Keys 'ENTER + ' sent to object: 'Object Repository/Modulo Pruebas SST/Creación de Grupos de Apoyo/input_Filtro Hoja de Vida_formPopupHojaVidaj_idt840'

2021-12-29 18:24:00 - [TEST_STEP][FAILED] - click(findTestObject("Modulo Pruebas SST/Creación de Grupos de Apoyo/span_Diaz Blanco Guisell")): Unable to click on object 'Object Repository/Modulo Pruebas SST/Creación de Grupos de Apoyo/span_Diaz Blanco Guisell' (Root cause: com.kms.katalon.core.exception.StepFailedException: Unable to click on object 'Object Repository/Modulo Pruebas SST/Creación de Grupos de Apoyo/span_Diaz Blanco Guisell'
	at com.kms.katalon.core.webui.keyword.internal.WebUIKeywordMain.stepFailed(WebUIKeywordMain.groovy:64)
	at com.kms.katalon.core.webui.keyword.internal.WebUIKeywordMain.runKeyword(WebUIKeywordMain.groovy:26)
	at com.kms.katalon.core.webui.keyword.builtin.ClickKeyword.click(ClickKeyword.groovy:74)
	at com.kms.katalon.core.webui.keyword.builtin.ClickKeyword.execute(ClickKeyword.groovy:40)
	at com.kms.katalon.core.keyword.internal.KeywordExecutor.executeKeywordForPlatform(KeywordExecutor.groovy:74)
	at com.kms.katalon.core.webui.keyword.WebUiBuiltInKeywords.click(WebUiBuiltInKeywords.groovy:620)
	at com.kms.katalon.core.webui.keyword.WebUiBuiltInKeywords$click$5.call(Unknown Source)
	at 5.1.9-Creación_de_Grupos_de_Apoyo.run(5.1.9-Creación_de_Grupos_de_Apoyo:123)
	at com.kms.katalon.core.main.ScriptEngine.run(ScriptEngine.java:194)
	at com.kms.katalon.core.main.ScriptEngine.runScriptAsRawText(ScriptEngine.java:119)
	at com.kms.katalon.core.main.TestCaseExecutor.runScript(TestCaseExecutor.java:442)
	at com.kms.katalon.core.main.TestCaseExecutor.doExecute(TestCaseExecutor.java:433)
	at com.kms.katalon.core.main.TestCaseExecutor.processExecutionPhase(TestCaseExecutor.java:412)
	at com.kms.katalon.core.main.TestCaseExecutor.accessMainPhase(TestCaseExecutor.java:404)
	at com.kms.katalon.core.main.TestCaseExecutor.execute(TestCaseExecutor.java:281)
	at com.kms.katalon.core.main.TestSuiteExecutor.accessTestCaseMainPhase(TestSuiteExecutor.java:202)
	at com.kms.katalon.core.main.TestSuiteExecutor.accessTestSuiteMainPhase(TestSuiteExecutor.java:164)
	at com.kms.katalon.core.main.TestSuiteExecutor.execute(TestSuiteExecutor.java:105)
	at com.kms.katalon.core.main.TestCaseMain.startTestSuite(TestCaseMain.java:181)
	at com.kms.katalon.core.main.TestCaseMain$startTestSuite$0.call(Unknown Source)
	at TempTestSuite1640819056891.run(TempTestSuite1640819056891.groovy:36)
Caused by: com.kms.katalon.core.webui.exception.WebElementNotFoundException: Web element with id: 'Object Repository/Modulo Pruebas SST/Creación de Grupos de Apoyo/span_Diaz Blanco Guisell' located by '//*/text()[normalize-space(.)='Diaz Blanco Guisell']/parent::*' not found
	at com.kms.katalon.core.webui.common.WebUiCommonHelper.findWebElement(WebUiCommonHelper.java:1368)
	at com.kms.katalon.core.webui.keyword.internal.WebUIAbstractKeyword.findWebElement(WebUIAbstractKeyword.groovy:27)
	at com.kms.katalon.core.webui.keyword.builtin.ClickKeyword$_click_closure1.doCall(ClickKeyword.groovy:65)
	at com.kms.katalon.core.webui.keyword.builtin.ClickKeyword$_click_closure1.call(ClickKeyword.groovy)
	at com.kms.katalon.core.webui.keyword.internal.WebUIKeywordMain.runKeyword(WebUIKeywordMain.groovy:20)
	at com.kms.katalon.core.webui.keyword.builtin.ClickKeyword.click(ClickKeyword.groovy:74)
	at com.kms.katalon.core.webui.keyword.builtin.ClickKeyword.execute(ClickKeyword.groovy:40)
	at com.kms.katalon.core.keyword.internal.KeywordExecutor.executeKeywordForPlatform(KeywordExecutor.groovy:74)
	at com.kms.katalon.core.webui.keyword.WebUiBuiltInKeywords.click(WebUiBuiltInKeywords.groovy:620)
	at com.kms.katalon.core.webui.keyword.WebUiBuiltInKeywords$click$5.call(Unknown Source)
	at Script1639319449028.run(Script1639319449028.groovy:123)
	... 13 more
)

2021-12-29 18:24:32 - [MESSAGE][INFO] - Unable to find the element located by 'By.xpath: //*/text()[normalize-space(.)='Diaz Blanco Guisell']/parent::*'. Please recheck the objects properties to make sure the desired element is located. 

2021-12-29 18:24:32 - [MESSAGE][FAILED] - Unable to click on object 'Object Repository/Modulo Pruebas SST/Creación de Grupos de Apoyo/span_Diaz Blanco Guisell' (Root cause: com.kms.katalon.core.exception.StepFailedException: Unable to click on object 'Object Repository/Modulo Pruebas SST/Creación de Grupos de Apoyo/span_Diaz Blanco Guisell'
	at com.kms.katalon.core.webui.keyword.internal.WebUIKeywordMain.stepFailed(WebUIKeywordMain.groovy:64)
	at com.kms.katalon.core.webui.keyword.internal.WebUIKeywordMain.runKeyword(WebUIKeywordMain.groovy:26)
	at com.kms.katalon.core.webui.keyword.builtin.ClickKeyword.click(ClickKeyword.groovy:74)
	at com.kms.katalon.core.webui.keyword.builtin.ClickKeyword.execute(ClickKeyword.groovy:40)
	at com.kms.katalon.core.keyword.internal.KeywordExecutor.executeKeywordForPlatform(KeywordExecutor.groovy:74)
	at com.kms.katalon.core.webui.keyword.WebUiBuiltInKeywords.click(WebUiBuiltInKeywords.groovy:620)
	at com.kms.katalon.core.webui.keyword.WebUiBuiltInKeywords$click$5.call(Unknown Source)
	at 5.1.9-Creación_de_Grupos_de_Apoyo.run(5.1.9-Creación_de_Grupos_de_Apoyo:123)
	at com.kms.katalon.core.main.ScriptEngine.run(ScriptEngine.java:194)
	at com.kms.katalon.core.main.ScriptEngine.runScriptAsRawText(ScriptEngine.java:119)
	at com.kms.katalon.core.main.TestCaseExecutor.runScript(TestCaseExecutor.java:442)
	at com.kms.katalon.core.main.TestCaseExecutor.doExecute(TestCaseExecutor.java:433)
	at com.kms.katalon.core.main.TestCaseExecutor.processExecutionPhase(TestCaseExecutor.java:412)
	at com.kms.katalon.core.main.TestCaseExecutor.accessMainPhase(TestCaseExecutor.java:404)
	at com.kms.katalon.core.main.TestCaseExecutor.execute(TestCaseExecutor.java:281)
	at com.kms.katalon.core.main.TestSuiteExecutor.accessTestCaseMainPhase(TestSuiteExecutor.java:202)
	at com.kms.katalon.core.main.TestSuiteExecutor.accessTestSuiteMainPhase(TestSuiteExecutor.java:164)
	at com.kms.katalon.core.main.TestSuiteExecutor.execute(TestSuiteExecutor.java:105)
	at com.kms.katalon.core.main.TestCaseMain.startTestSuite(TestCaseMain.java:181)
	at com.kms.katalon.core.main.TestCaseMain$startTestSuite$0.call(Unknown Source)
	at TempTestSuite1640819056891.run(TempTestSuite1640819056891.groovy:36)
Caused by: com.kms.katalon.core.webui.exception.WebElementNotFoundException: Web element with id: 'Object Repository/Modulo Pruebas SST/Creación de Grupos de Apoyo/span_Diaz Blanco Guisell' located by '//*/text()[normalize-space(.)='Diaz Blanco Guisell']/parent::*' not found
	at com.kms.katalon.core.webui.common.WebUiCommonHelper.findWebElement(WebUiCommonHelper.java:1368)
	at com.kms.katalon.core.webui.keyword.internal.WebUIAbstractKeyword.findWebElement(WebUIAbstractKeyword.groovy:27)
	at com.kms.katalon.core.webui.keyword.builtin.ClickKeyword$_click_closure1.doCall(ClickKeyword.groovy:65)
	at com.kms.katalon.core.webui.keyword.builtin.ClickKeyword$_click_closure1.call(ClickKeyword.groovy)
	at com.kms.katalon.core.webui.keyword.internal.WebUIKeywordMain.runKeyword(WebUIKeywordMain.groovy:20)
	at com.kms.katalon.core.webui.keyword.builtin.ClickKeyword.click(ClickKeyword.groovy:74)
	at com.kms.katalon.core.webui.keyword.builtin.ClickKeyword.execute(ClickKeyword.groovy:40)
	at com.kms.katalon.core.keyword.internal.KeywordExecutor.executeKeywordForPlatform(KeywordExecutor.groovy:74)
	at com.kms.katalon.core.webui.keyword.WebUiBuiltInKeywords.click(WebUiBuiltInKeywords.groovy:620)
	at com.kms.katalon.core.webui.keyword.WebUiBuiltInKeywords$click$5.call(Unknown Source)
	at Script1639319449028.run(Script1639319449028.groovy:123)
	... 13 more
)
[[ATTACHMENT|C:\\Users\\diego.rojas\\git\\Pruebas-Minimas\\Reports\\20211229_180359\\5-Pruebas SST\\20211229_180416\\1640820272173.png]]]]></system-out>
         <system-err><![CDATA[2021-12-29 18:23:27 - [TEST_CASE][FAILED] - Test Cases/5.1-Pruebas_SST/5.1.9-Creación_de_Grupos_de_Apoyo: Test Cases/5.1-Pruebas_SST/5.1.9-Creación_de_Grupos_de_Apoyo FAILED.
Reason:
com.kms.katalon.core.exception.StepFailedException: Unable to click on object 'Object Repository/Modulo Pruebas SST/Creación de Grupos de Apoyo/span_Diaz Blanco Guisell'
	at com.kms.katalon.core.webui.keyword.internal.WebUIKeywordMain.stepFailed(WebUIKeywordMain.groovy:64)
	at com.kms.katalon.core.webui.keyword.internal.WebUIKeywordMain.runKeyword(WebUIKeywordMain.groovy:26)
	at com.kms.katalon.core.webui.keyword.builtin.ClickKeyword.click(ClickKeyword.groovy:74)
	at com.kms.katalon.core.webui.keyword.builtin.ClickKeyword.execute(ClickKeyword.groovy:40)
	at com.kms.katalon.core.keyword.internal.KeywordExecutor.executeKeywordForPlatform(KeywordExecutor.groovy:74)
	at com.kms.katalon.core.webui.keyword.WebUiBuiltInKeywords.click(WebUiBuiltInKeywords.groovy:620)
	at com.kms.katalon.core.webui.keyword.WebUiBuiltInKeywords$click$5.call(Unknown Source)
	at 5.1.9-Creación_de_Grupos_de_Apoyo.run(5.1.9-Creación_de_Grupos_de_Apoyo:123)
	at com.kms.katalon.core.main.ScriptEngine.run(ScriptEngine.java:194)
	at com.kms.katalon.core.main.ScriptEngine.runScriptAsRawText(ScriptEngine.java:119)
	at com.kms.katalon.core.main.TestCaseExecutor.runScript(TestCaseExecutor.java:442)
	at com.kms.katalon.core.main.TestCaseExecutor.doExecute(TestCaseExecutor.java:433)
	at com.kms.katalon.core.main.TestCaseExecutor.processExecutionPhase(TestCaseExecutor.java:412)
	at com.kms.katalon.core.main.TestCaseExecutor.accessMainPhase(TestCaseExecutor.java:404)
	at com.kms.katalon.core.main.TestCaseExecutor.execute(TestCaseExecutor.java:281)
	at com.kms.katalon.core.main.TestSuiteExecutor.accessTestCaseMainPhase(TestSuiteExecutor.java:202)
	at com.kms.katalon.core.main.TestSuiteExecutor.accessTestSuiteMainPhase(TestSuiteExecutor.java:164)
	at com.kms.katalon.core.main.TestSuiteExecutor.execute(TestSuiteExecutor.java:105)
	at com.kms.katalon.core.main.TestCaseMain.startTestSuite(TestCaseMain.java:181)
	at com.kms.katalon.core.main.TestCaseMain$startTestSuite$0.call(Unknown Source)
	at TempTestSuite1640819056891.run(TempTestSuite1640819056891.groovy:36)
Caused by: com.kms.katalon.core.webui.exception.WebElementNotFoundException: Web element with id: 'Object Repository/Modulo Pruebas SST/Creación de Grupos de Apoyo/span_Diaz Blanco Guisell' located by '//*/text()[normalize-space(.)='Diaz Blanco Guisell']/parent::*' not found
	at com.kms.katalon.core.webui.common.WebUiCommonHelper.findWebElement(WebUiCommonHelper.java:1368)
	at com.kms.katalon.core.webui.keyword.internal.WebUIAbstractKeyword.findWebElement(WebUIAbstractKeyword.groovy:27)
	at com.kms.katalon.core.webui.keyword.builtin.ClickKeyword$_click_closure1.doCall(ClickKeyword.groovy:65)
	at com.kms.katalon.core.webui.keyword.builtin.ClickKeyword$_click_closure1.call(ClickKeyword.groovy)
	at com.kms.katalon.core.webui.keyword.internal.WebUIKeywordMain.runKeyword(WebUIKeywordMain.groovy:20)
	... 19 more]]></system-err>
      </testcase>
      <system-out><![CDATA[2021-12-29 18:15:29 - [TEST_SUITE][FAILED] - 5-Pruebas SST: Test Cases/5.1-Pruebas_SST/5.1.1-Reporte_de_accidente_de_trabajo FAILED.
Reason:
com.kms.katalon.core.exception.StepFailedException: Unable to click on object 'Object Repository/Modulo Pruebas SST/Reporte_de_accidente_de_trabajo/a_Nuevo'
	at com.kms.katalon.core.webui.keyword.internal.WebUIKeywordMain.stepFailed(WebUIKeywordMain.groovy:64)
	at com.kms.katalon.core.webui.keyword.internal.WebUIKeywordMain.runKeyword(WebUIKeywordMain.groovy:26)
	at com.kms.katalon.core.webui.keyword.builtin.ClickKeyword.click(ClickKeyword.groovy:74)
	at com.kms.katalon.core.webui.keyword.builtin.ClickKeyword.execute(ClickKeyword.groovy:40)
	at com.kms.katalon.core.keyword.internal.KeywordExecutor.executeKeywordForPlatform(KeywordExecutor.groovy:74)
	at com.kms.katalon.core.webui.keyword.WebUiBuiltInKeywords.click(WebUiBuiltInKeywords.groovy:620)
	at com.kms.katalon.core.webui.keyword.WebUiBuiltInKeywords$click$5.call(Unknown Source)
	at 5.1.1-Reporte_de_accidente_de_trabajo.run(5.1.1-Reporte_de_accidente_de_trabajo:157)
	at com.kms.katalon.core.main.ScriptEngine.run(ScriptEngine.java:194)
	at com.kms.katalon.core.main.ScriptEngine.runScriptAsRawText(ScriptEngine.java:119)
	at com.kms.katalon.core.main.TestCaseExecutor.runScript(TestCaseExecutor.java:442)
	at com.kms.katalon.core.main.TestCaseExecutor.doExecute(TestCaseExecutor.java:433)
	at com.kms.katalon.core.main.TestCaseExecutor.processExecutionPhase(TestCaseExecutor.java:412)
	at com.kms.katalon.core.main.TestCaseExecutor.accessMainPhase(TestCaseExecutor.java:404)
	at com.kms.katalon.core.main.TestCaseExecutor.execute(TestCaseExecutor.java:281)
	at com.kms.katalon.core.main.TestSuiteExecutor.accessTestCaseMainPhase(TestSuiteExecutor.java:202)
	at com.kms.katalon.core.main.TestSuiteExecutor.accessTestSuiteMainPhase(TestSuiteExecutor.java:164)
	at com.kms.katalon.core.main.TestSuiteExecutor.execute(TestSuiteExecutor.java:105)
	at com.kms.katalon.core.main.TestCaseMain.startTestSuite(TestCaseMain.java:181)
	at com.kms.katalon.core.main.TestCaseMain$startTestSuite$0.call(Unknown Source)
	at TempTestSuite1640819056891.run(TempTestSuite1640819056891.groovy:36)
Caused by: com.kms.katalon.core.webui.exception.WebElementNotFoundException: Web element with id: 'Object Repository/Modulo Pruebas SST/Reporte_de_accidente_de_trabajo/a_Nuevo' located by '//a[contains(text(),'Nuevo')]' not found
	at com.kms.katalon.core.webui.common.WebUiCommonHelper.findWebElement(WebUiCommonHelper.java:1368)
	at com.kms.katalon.core.webui.keyword.internal.WebUIAbstractKeyword.findWebElement(WebUIAbstractKeyword.groovy:27)
	at com.kms.katalon.core.webui.keyword.builtin.ClickKeyword$_click_closure1.doCall(ClickKeyword.groovy:65)
	at com.kms.katalon.core.webui.keyword.builtin.ClickKeyword$_click_closure1.call(ClickKeyword.groovy)
	at com.kms.katalon.core.webui.keyword.internal.WebUIKeywordMain.runKeyword(WebUIKeywordMain.groovy:20)
	... 19 more]]></system-out>
      <system-err><![CDATA[2021-12-29 18:15:29 - [TEST_SUITE][FAILED] - 5-Pruebas SST: Test Cases/5.1-Pruebas_SST/5.1.1-Reporte_de_accidente_de_trabajo FAILED.
Reason:
com.kms.katalon.core.exception.StepFailedException: Unable to click on object 'Object Repository/Modulo Pruebas SST/Reporte_de_accidente_de_trabajo/a_Nuevo'
	at com.kms.katalon.core.webui.keyword.internal.WebUIKeywordMain.stepFailed(WebUIKeywordMain.groovy:64)
	at com.kms.katalon.core.webui.keyword.internal.WebUIKeywordMain.runKeyword(WebUIKeywordMain.groovy:26)
	at com.kms.katalon.core.webui.keyword.builtin.ClickKeyword.click(ClickKeyword.groovy:74)
	at com.kms.katalon.core.webui.keyword.builtin.ClickKeyword.execute(ClickKeyword.groovy:40)
	at com.kms.katalon.core.keyword.internal.KeywordExecutor.executeKeywordForPlatform(KeywordExecutor.groovy:74)
	at com.kms.katalon.core.webui.keyword.WebUiBuiltInKeywords.click(WebUiBuiltInKeywords.groovy:620)
	at com.kms.katalon.core.webui.keyword.WebUiBuiltInKeywords$click$5.call(Unknown Source)
	at 5.1.1-Reporte_de_accidente_de_trabajo.run(5.1.1-Reporte_de_accidente_de_trabajo:157)
	at com.kms.katalon.core.main.ScriptEngine.run(ScriptEngine.java:194)
	at com.kms.katalon.core.main.ScriptEngine.runScriptAsRawText(ScriptEngine.java:119)
	at com.kms.katalon.core.main.TestCaseExecutor.runScript(TestCaseExecutor.java:442)
	at com.kms.katalon.core.main.TestCaseExecutor.doExecute(TestCaseExecutor.java:433)
	at com.kms.katalon.core.main.TestCaseExecutor.processExecutionPhase(TestCaseExecutor.java:412)
	at com.kms.katalon.core.main.TestCaseExecutor.accessMainPhase(TestCaseExecutor.java:404)
	at com.kms.katalon.core.main.TestCaseExecutor.execute(TestCaseExecutor.java:281)
	at com.kms.katalon.core.main.TestSuiteExecutor.accessTestCaseMainPhase(TestSuiteExecutor.java:202)
	at com.kms.katalon.core.main.TestSuiteExecutor.accessTestSuiteMainPhase(TestSuiteExecutor.java:164)
	at com.kms.katalon.core.main.TestSuiteExecutor.execute(TestSuiteExecutor.java:105)
	at com.kms.katalon.core.main.TestCaseMain.startTestSuite(TestCaseMain.java:181)
	at com.kms.katalon.core.main.TestCaseMain$startTestSuite$0.call(Unknown Source)
	at TempTestSuite1640819056891.run(TempTestSuite1640819056891.groovy:36)
Caused by: com.kms.katalon.core.webui.exception.WebElementNotFoundException: Web element with id: 'Object Repository/Modulo Pruebas SST/Reporte_de_accidente_de_trabajo/a_Nuevo' located by '//a[contains(text(),'Nuevo')]' not found
	at com.kms.katalon.core.webui.common.WebUiCommonHelper.findWebElement(WebUiCommonHelper.java:1368)
	at com.kms.katalon.core.webui.keyword.internal.WebUIAbstractKeyword.findWebElement(WebUIAbstractKeyword.groovy:27)
	at com.kms.katalon.core.webui.keyword.builtin.ClickKeyword$_click_closure1.doCall(ClickKeyword.groovy:65)
	at com.kms.katalon.core.webui.keyword.builtin.ClickKeyword$_click_closure1.call(ClickKeyword.groovy)
	at com.kms.katalon.core.webui.keyword.internal.WebUIKeywordMain.runKeyword(WebUIKeywordMain.groovy:20)
	... 19 more]]></system-err>
   </testsuite>
</testsuites>
