<?xml version="1.0" encoding="UTF-8"?>
<testsuites name="A1-Pruebas_Compensaciones" time="391.343" tests="7" failures="0" errors="0">
   <testsuite name="A1-Pruebas_Compensaciones" tests="7" failures="0" errors="0" time="391.343" skipped="0" timestamp="2023-03-29 17:02:33" hostname="diego.rojas - US-AF-000371" id="Test Suites/Test_Suite_Secundaria/A1-Pruebas_Compensaciones">
      <properties>
         <property name="deviceName" value=""/>
         <property name="devicePlatform" value=""/>
         <property name="logFolder" value="C:\\Users\\diego.rojas\\git\\Pruebas-Minimas\\Reports\\20230329_170225\\Test_Suite_Secundaria\\A1-Pruebas_Compensaciones\\20230329_170225"/>
         <property name="logFiles" value="C:\\Users\\diego.rojas\\git\\Pruebas-Minimas\\Reports\\20230329_170225\\Test_Suite_Secundaria\\A1-Pruebas_Compensaciones\\20230329_170225\\execution0.log"/>
         <property name="attachments" value=""/>
         <property name="hostName" value="diego.rojas - US-AF-000371"/>
         <property name="os" value="Windows 10 64bit"/>
         <property name="katalonVersion" value="8.5.0.208"/>
         <property name="browser" value="Chrome 111.0.0.0"/>
         <property name="hostAddress" value="192.168.56.1"/>
         <property name="sessionId" value="fa6e05dfbf0f36d1e19fcdc221056969"/>
         <property name="seleniumVersion" value="3.141.59"/>
         <property name="proxyInformation" value="ProxyInformation { proxyOption=NO_PROXY, proxyServerType=HTTP, username=, password=********, proxyServerAddress=, proxyServerPort=0, executionList=&quot;&quot;, isApplyToDesiredCapabilities=true }"/>
         <property name="platform" value="Windows 10"/>
      </properties>
      <testcase name="Test Cases/1.2-Tareas_Secundarias/A.1-Pruebas_compensaciones/11.1.1-Recálcular_nómina_por_empleado" time="21.068" classname="Test Cases/1.2-Tareas_Secundarias/A.1-Pruebas_compensaciones/11.1.1-Recálcular_nómina_por_empleado" status="PASSED">
         <system-out><![CDATA[2023-03-29 17:02:34 - [TEST_CASE][PASSED] - Test Cases/1.2-Tareas_Secundarias/A.1-Pruebas_compensaciones/11.1.1-Recálcular_nómina_por_empleado: Test Cases/1.2-Tareas_Secundarias/A.1-Pruebas_compensaciones/11.1.1-Recálcular_nómina_por_empleado

2023-03-29 17:02:34 - [TEST_STEP][PASSED] - callTestCase(findTestCase("0.1-Login"), [:], STOP_ON_FAILURE): Call Test Case 'Test Cases/0.1-Login' successfully

2023-03-29 17:02:34 - [TEST_CASE][PASSED] - Test Cases/0.1-Login: Test Cases/0.1-Login

2023-03-29 17:02:35 - [TEST_STEP][PASSED] - openBrowser(""): Browser is opened with url: ''

2023-03-29 17:02:35 - [MESSAGE][INFO] - Starting 'Chrome' driver

2023-03-29 17:02:35 - [MESSAGE][INFO] - Action delay is set to 0 milliseconds

2023-03-29 17:02:37 - [MESSAGE][PASSED] - Browser is opened with url: ''

2023-03-29 17:02:37 - [TEST_STEP][PASSED] - maximizeWindow(): Current window maximized

2023-03-29 17:02:38 - [MESSAGE][PASSED] - Current window maximized

2023-03-29 17:02:38 - [TEST_STEP][PASSED] - i = G_Login: null

2023-03-29 17:02:38 - [TEST_STEP][PASSED] - url = new java.net.URL(i): null

2023-03-29 17:02:38 - [TEST_STEP][PASSED] - println("URL: " + url.toString()): null

2023-03-29 17:02:38 - [TEST_STEP][PASSED] - connection = url.openConnection(): null

2023-03-29 17:02:38 - [TEST_STEP][PASSED] - connection.setRequestMethod("GET"): null

2023-03-29 17:02:38 - [TEST_STEP][PASSED] - connection.setReadTimeout(2 * 1000): null

2023-03-29 17:02:38 - [TEST_STEP][PASSED] - try: null

2023-03-29 17:02:38 - [TEST_STEP][PASSED] - connection.connect(): null

2023-03-29 17:02:38 - [TEST_STEP][PASSED] - flag = connected: null

2023-03-29 17:02:38 - [TEST_STEP][PASSED] - println("Valor_ori: " + flag): null

2023-03-29 17:02:38 - [TEST_STEP][PASSED] - if (flag): null

2023-03-29 17:02:38 - [TEST_STEP][PASSED] - navigateToUrl(i): Navigate to 'http://192.168.2.19:8380/saraweb' successfully

2023-03-29 17:02:39 - [MESSAGE][PASSED] - Navigate to 'http://192.168.2.19:8380/saraweb' successfully

2023-03-29 17:02:39 - [TEST_STEP][PASSED] - a(): null

2023-03-29 17:02:39 - [TEST_STEP][PASSED] - if (waitForElementVisible(findTestObject("3-OBJECTS UTILIDADES/Login/input_USUARIO_loginusuario"), 0)): null

2023-03-29 17:02:39 - [MESSAGE][WARNING] - Timeout '0' is invalid. Using default page load timeout: '37'

2023-03-29 17:02:39 - [MESSAGE][PASSED] - Object 'Object Repository/3-OBJECTS UTILIDADES/Login/input_USUARIO_loginusuario' is visible

2023-03-29 17:02:39 - [TEST_STEP][PASSED] - switchToWindowTitle("SARA"): Switched to window with title: 'SARA'

2023-03-29 17:02:39 - [MESSAGE][PASSED] - Switched to window with title: 'SARA'

2023-03-29 17:02:39 - [TEST_STEP][PASSED] - zoom(): null

2023-03-29 17:02:39 - [TEST_STEP][PASSED] - robot = new java.awt.Robot(): null

2023-03-29 17:02:40 - [TEST_STEP][PASSED] - robot.keyPress(VK_CONTROL): null

2023-03-29 17:02:40 - [TEST_STEP][PASSED] - robot.keyPress(VK_SUBTRACT): null

2023-03-29 17:02:40 - [TEST_STEP][PASSED] - robot.keyRelease(VK_CONTROL): null

2023-03-29 17:02:40 - [TEST_STEP][PASSED] - robot.keyRelease(VK_SUBTRACT): null

2023-03-29 17:02:40 - [TEST_STEP][PASSED] - robot.keyPress(VK_CONTROL): null

2023-03-29 17:02:40 - [TEST_STEP][PASSED] - robot.keyPress(VK_SUBTRACT): null

2023-03-29 17:02:40 - [TEST_STEP][PASSED] - robot.keyRelease(VK_CONTROL): null

2023-03-29 17:02:40 - [TEST_STEP][PASSED] - robot.keyRelease(VK_SUBTRACT): null

2023-03-29 17:02:40 - [TEST_STEP][PASSED] - robot.keyPress(VK_CONTROL): null

2023-03-29 17:02:40 - [TEST_STEP][PASSED] - robot.keyPress(VK_SUBTRACT): null

2023-03-29 17:02:40 - [TEST_STEP][PASSED] - robot.keyRelease(VK_CONTROL): null

2023-03-29 17:02:40 - [TEST_STEP][PASSED] - robot.keyRelease(VK_SUBTRACT): null

2023-03-29 17:02:40 - [TEST_STEP][PASSED] - robot.keyRelease(VK_CONTROL): null

2023-03-29 17:02:40 - [TEST_STEP][PASSED] - robot.keyRelease(VK_SUBTRACT): null

2023-03-29 17:02:40 - [TEST_STEP][PASSED] - setText(findTestObject("3-OBJECTS UTILIDADES/Login/input_USUARIO_loginusuario"), G_Usuario): Text 'saraadmin' is set on object 'Object Repository/3-OBJECTS UTILIDADES/Login/input_USUARIO_loginusuario'

2023-03-29 17:02:40 - [MESSAGE][PASSED] - Text 'saraadmin' is set on object 'Object Repository/3-OBJECTS UTILIDADES/Login/input_USUARIO_loginusuario'

2023-03-29 17:02:40 - [TEST_STEP][PASSED] - setEncryptedText(findTestObject("3-OBJECTS UTILIDADES/Login/input_CLAVE_loginpassword"), "SlAwMcyRKqrwbnzhAs8HhT6NnI7sEyng"): Text ****** has been set on object 'Object Repository/3-OBJECTS UTILIDADES/Login/input_CLAVE_loginpassword'

2023-03-29 17:02:42 - [MESSAGE][PASSED] - Text ****** has been set on object 'Object Repository/3-OBJECTS UTILIDADES/Login/input_CLAVE_loginpassword'

2023-03-29 17:02:42 - [TEST_STEP][PASSED] - while (waitForElementClickable(findTestObject("3-OBJECTS UTILIDADES/Login/a_Ingresar"), 1)): Web element with id: 'Object Repository/3-OBJECTS UTILIDADES/Login/a_Ingresar' located by '//a[contains(text(),'Ingresar')]' not found

2023-03-29 17:02:44 - [MESSAGE][INFO] - Unable to find the element located by 'By.xpath: //a[contains(text(),'Ingresar')]'. Please recheck the objects properties to make sure the desired element is located. 

2023-03-29 17:02:44 - [MESSAGE][WARNING] - Web element with id: 'Object Repository/3-OBJECTS UTILIDADES/Login/a_Ingresar' located by '//a[contains(text(),'Ingresar')]' not found

2023-03-29 17:02:44 - [MESSAGE][PASSED] - Call Test Case 'Test Cases/0.1-Login' successfully

2023-03-29 17:02:44 - [TEST_STEP][PASSED] - setText(findTestObject("2-OBJECTS TAREAS SECUNDARIAS/Pruebas Compensación/Recálcular_nómina_por_empleado/input_Empresa 1_form_templatej_idt24_input"), "liquidacion nomina"): Text 'liquidacion nomina' is set on object 'Object Repository/2-OBJECTS TAREAS SECUNDARIAS/Pruebas Compensación/Recálcular_nómina_por_empleado/input_Empresa 1_form_templatej_idt24_input'

2023-03-29 17:02:45 - [MESSAGE][PASSED] - Text 'liquidacion nomina' is set on object 'Object Repository/2-OBJECTS TAREAS SECUNDARIAS/Pruebas Compensación/Recálcular_nómina_por_empleado/input_Empresa 1_form_templatej_idt24_input'

2023-03-29 17:02:45 - [TEST_STEP][PASSED] - click(findTestObject("2-OBJECTS TAREAS SECUNDARIAS/Pruebas Compensación/Recálcular_nómina_por_empleado/li_Liquidacion Nomina (com)")): Object: 'Object Repository/2-OBJECTS TAREAS SECUNDARIAS/Pruebas Compensación/Recálcular_nómina_por_empleado/li_Liquidacion Nomina (com)' is clicked on

2023-03-29 17:02:46 - [MESSAGE][PASSED] - Object: 'Object Repository/2-OBJECTS TAREAS SECUNDARIAS/Pruebas Compensación/Recálcular_nómina_por_empleado/li_Liquidacion Nomina (com)' is clicked on

2023-03-29 17:02:46 - [TEST_STEP][PASSED] - click(findTestObject("2-OBJECTS TAREAS SECUNDARIAS/Pruebas Compensación/Recálcular_nómina_por_empleado/a_Periodo Nomina_LiquidacionNominaj_idt68")): Object: 'Object Repository/2-OBJECTS TAREAS SECUNDARIAS/Pruebas Compensación/Recálcular_nómina_por_empleado/a_Periodo Nomina_LiquidacionNominaj_idt68' is clicked on

2023-03-29 17:02:47 - [MESSAGE][PASSED] - Object: 'Object Repository/2-OBJECTS TAREAS SECUNDARIAS/Pruebas Compensación/Recálcular_nómina_por_empleado/a_Periodo Nomina_LiquidacionNominaj_idt68' is clicked on

2023-03-29 17:02:47 - [TEST_STEP][PASSED] - selectOptionByIndex(findTestObject("2-OBJECTS TAREAS SECUNDARIAS/Pruebas Compensación/Recálcular_nómina_por_empleado/select_--  Seleccione  --Periodo CerradoPeriodo en Proceso"), 2): All options with index in [2] are selected on object 'Object Repository/2-OBJECTS TAREAS SECUNDARIAS/Pruebas Compensación/Recálcular_nómina_por_empleado/select_--  Seleccione  --Periodo CerradoPeriodo en Proceso'

2023-03-29 17:02:49 - [MESSAGE][PASSED] - All options with index in [2] are selected on object 'Object Repository/2-OBJECTS TAREAS SECUNDARIAS/Pruebas Compensación/Recálcular_nómina_por_empleado/select_--  Seleccione  --Periodo CerradoPeriodo en Proceso'

2023-03-29 17:02:49 - [TEST_STEP][PASSED] - waitForElementVisible(findTestObject("2-OBJECTS TAREAS SECUNDARIAS/Pruebas Compensación/Recálcular_nómina_por_empleado/span_P. MensualJunio2021"), 1): Object 'Object Repository/2-OBJECTS TAREAS SECUNDARIAS/Pruebas Compensación/Recálcular_nómina_por_empleado/span_P. MensualJunio2021' is visible

2023-03-29 17:02:50 - [MESSAGE][PASSED] - Object 'Object Repository/2-OBJECTS TAREAS SECUNDARIAS/Pruebas Compensación/Recálcular_nómina_por_empleado/span_P. MensualJunio2021' is visible

2023-03-29 17:02:50 - [TEST_STEP][PASSED] - click(findTestObject("2-OBJECTS TAREAS SECUNDARIAS/Pruebas Compensación/Recálcular_nómina_por_empleado/span_P. MensualJunio2021")): Object: 'Object Repository/2-OBJECTS TAREAS SECUNDARIAS/Pruebas Compensación/Recálcular_nómina_por_empleado/span_P. MensualJunio2021' is clicked on

2023-03-29 17:02:50 - [MESSAGE][PASSED] - Object: 'Object Repository/2-OBJECTS TAREAS SECUNDARIAS/Pruebas Compensación/Recálcular_nómina_por_empleado/span_P. MensualJunio2021' is clicked on

2023-03-29 17:02:50 - [TEST_STEP][PASSED] - check(findTestObject("2-OBJECTS TAREAS SECUNDARIAS/Pruebas Compensación/Recálcular_nómina_por_empleado/div_Estado_ui-chkbox-box ui-widget ui-corner-all ui-state-default")): Object 'Object Repository/2-OBJECTS TAREAS SECUNDARIAS/Pruebas Compensación/Recálcular_nómina_por_empleado/div_Estado_ui-chkbox-box ui-widget ui-corner-all ui-state-default' is checked

2023-03-29 17:02:52 - [MESSAGE][PASSED] - Object 'Object Repository/2-OBJECTS TAREAS SECUNDARIAS/Pruebas Compensación/Recálcular_nómina_por_empleado/div_Estado_ui-chkbox-box ui-widget ui-corner-all ui-state-default' is checked

2023-03-29 17:02:52 - [TEST_STEP][PASSED] - click(findTestObject("2-OBJECTS TAREAS SECUNDARIAS/Pruebas Compensación/Recálcular_nómina_por_empleado/a_Reclculo Seleccin")): Object: 'Object Repository/2-OBJECTS TAREAS SECUNDARIAS/Pruebas Compensación/Recálcular_nómina_por_empleado/a_Reclculo Seleccin' is clicked on

2023-03-29 17:02:52 - [MESSAGE][PASSED] - Object: 'Object Repository/2-OBJECTS TAREAS SECUNDARIAS/Pruebas Compensación/Recálcular_nómina_por_empleado/a_Reclculo Seleccin' is clicked on

2023-03-29 17:02:52 - [TEST_STEP][PASSED] - click(findTestObject("2-OBJECTS TAREAS SECUNDARIAS/Pruebas Compensación/Recálcular_nómina_por_empleado/span_Si")): Object: 'Object Repository/2-OBJECTS TAREAS SECUNDARIAS/Pruebas Compensación/Recálcular_nómina_por_empleado/span_Si' is clicked on

2023-03-29 17:02:53 - [MESSAGE][PASSED] - Object: 'Object Repository/2-OBJECTS TAREAS SECUNDARIAS/Pruebas Compensación/Recálcular_nómina_por_empleado/span_Si' is clicked on

2023-03-29 17:02:53 - [TEST_STEP][PASSED] - Result = getText(findTestObject("3-OBJECTS UTILIDADES/Alerta/Alerta")): Text of object 'Object Repository/3-OBJECTS UTILIDADES/Alerta/Alerta' is: 'Recalculo Finalizado'

2023-03-29 17:02:54 - [MESSAGE][PASSED] - Text of object 'Object Repository/3-OBJECTS UTILIDADES/Alerta/Alerta' is: 'Recalculo Finalizado'

2023-03-29 17:02:54 - [TEST_STEP][PASSED] - if (Result == "Recalculo Finalizado"): Browser is closed

2023-03-29 17:02:54 - [TEST_STEP][PASSED] - Resultado = "PRUEBA OK": null

2023-03-29 17:02:54 - [TEST_STEP][PASSED] - closeBrowser(): Browser is closed

2023-03-29 17:02:55 - [MESSAGE][PASSED] - Browser is closed]]></system-out>
         <system-err><![CDATA[]]></system-err>
      </testcase>
      <testcase name="Test Cases/1.2-Tareas_Secundarias/A.1-Pruebas_compensaciones/11.1.2-Terminación_de_Contrato_Definitivo" time="148.901" classname="Test Cases/1.2-Tareas_Secundarias/A.1-Pruebas_compensaciones/11.1.2-Terminación_de_Contrato_Definitivo" status="PASSED">
         <system-out><![CDATA[2023-03-29 17:02:55 - [TEST_CASE][PASSED] - Test Cases/1.2-Tareas_Secundarias/A.1-Pruebas_compensaciones/11.1.2-Terminación_de_Contrato_Definitivo: Test Cases/1.2-Tareas_Secundarias/A.1-Pruebas_compensaciones/11.1.2-Terminación_de_Contrato_Definitivo

2023-03-29 17:02:55 - [TEST_STEP][PASSED] - random_double = Math.random() * 9999 + 999: null

2023-03-29 17:02:55 - [TEST_STEP][PASSED] - random_double = Math.round(random_double * 1000): null

2023-03-29 17:02:55 - [TEST_STEP][PASSED] - identificacion = toString().replace(".0", ""): null

2023-03-29 17:02:55 - [TEST_STEP][PASSED] - callTestCase(findTestCase("0.1-Login"), [:], STOP_ON_FAILURE): Call Test Case 'Test Cases/0.1-Login' successfully

2023-03-29 17:02:55 - [TEST_CASE][PASSED] - Test Cases/0.1-Login: Test Cases/0.1-Login

2023-03-29 17:02:55 - [TEST_STEP][PASSED] - openBrowser(""): Browser is opened with url: ''

2023-03-29 17:02:55 - [MESSAGE][INFO] - Starting 'Chrome' driver

2023-03-29 17:02:55 - [MESSAGE][INFO] - Action delay is set to 0 milliseconds

2023-03-29 17:02:57 - [MESSAGE][PASSED] - Browser is opened with url: ''

2023-03-29 17:02:57 - [TEST_STEP][PASSED] - maximizeWindow(): Current window maximized

2023-03-29 17:02:57 - [MESSAGE][PASSED] - Current window maximized

2023-03-29 17:02:57 - [TEST_STEP][PASSED] - i = G_Login: null

2023-03-29 17:02:57 - [TEST_STEP][PASSED] - url = new java.net.URL(i): null

2023-03-29 17:02:57 - [TEST_STEP][PASSED] - println("URL: " + url.toString()): null

2023-03-29 17:02:57 - [TEST_STEP][PASSED] - connection = url.openConnection(): null

2023-03-29 17:02:57 - [TEST_STEP][PASSED] - connection.setRequestMethod("GET"): null

2023-03-29 17:02:57 - [TEST_STEP][PASSED] - connection.setReadTimeout(2 * 1000): null

2023-03-29 17:02:57 - [TEST_STEP][PASSED] - try: null

2023-03-29 17:02:57 - [TEST_STEP][PASSED] - connection.connect(): null

2023-03-29 17:02:57 - [TEST_STEP][PASSED] - flag = connected: null

2023-03-29 17:02:57 - [TEST_STEP][PASSED] - println("Valor_ori: " + flag): null

2023-03-29 17:02:57 - [TEST_STEP][PASSED] - if (flag): null

2023-03-29 17:02:57 - [TEST_STEP][PASSED] - navigateToUrl(i): Navigate to 'http://192.168.2.19:8380/saraweb' successfully

2023-03-29 17:02:57 - [MESSAGE][PASSED] - Navigate to 'http://192.168.2.19:8380/saraweb' successfully

2023-03-29 17:02:57 - [TEST_STEP][PASSED] - a(): null

2023-03-29 17:02:57 - [TEST_STEP][PASSED] - if (waitForElementVisible(findTestObject("3-OBJECTS UTILIDADES/Login/input_USUARIO_loginusuario"), 0)): null

2023-03-29 17:02:57 - [MESSAGE][WARNING] - Timeout '0' is invalid. Using default page load timeout: '37'

2023-03-29 17:02:58 - [MESSAGE][PASSED] - Object 'Object Repository/3-OBJECTS UTILIDADES/Login/input_USUARIO_loginusuario' is visible

2023-03-29 17:02:58 - [TEST_STEP][PASSED] - switchToWindowTitle("SARA"): Switched to window with title: 'SARA'

2023-03-29 17:02:58 - [MESSAGE][PASSED] - Switched to window with title: 'SARA'

2023-03-29 17:02:58 - [TEST_STEP][PASSED] - zoom(): null

2023-03-29 17:02:58 - [TEST_STEP][PASSED] - robot = new java.awt.Robot(): null

2023-03-29 17:02:58 - [TEST_STEP][PASSED] - robot.keyPress(VK_CONTROL): null

2023-03-29 17:02:58 - [TEST_STEP][PASSED] - robot.keyPress(VK_SUBTRACT): null

2023-03-29 17:02:58 - [TEST_STEP][PASSED] - robot.keyRelease(VK_CONTROL): null

2023-03-29 17:02:58 - [TEST_STEP][PASSED] - robot.keyRelease(VK_SUBTRACT): null

2023-03-29 17:02:58 - [TEST_STEP][PASSED] - robot.keyPress(VK_CONTROL): null

2023-03-29 17:02:58 - [TEST_STEP][PASSED] - robot.keyPress(VK_SUBTRACT): null

2023-03-29 17:02:58 - [TEST_STEP][PASSED] - robot.keyRelease(VK_CONTROL): null

2023-03-29 17:02:58 - [TEST_STEP][PASSED] - robot.keyRelease(VK_SUBTRACT): null

2023-03-29 17:02:58 - [TEST_STEP][PASSED] - robot.keyPress(VK_CONTROL): null

2023-03-29 17:02:58 - [TEST_STEP][PASSED] - robot.keyPress(VK_SUBTRACT): null

2023-03-29 17:02:58 - [TEST_STEP][PASSED] - robot.keyRelease(VK_CONTROL): null

2023-03-29 17:02:58 - [TEST_STEP][PASSED] - robot.keyRelease(VK_SUBTRACT): null

2023-03-29 17:02:58 - [TEST_STEP][PASSED] - robot.keyRelease(VK_CONTROL): null

2023-03-29 17:02:58 - [TEST_STEP][PASSED] - robot.keyRelease(VK_SUBTRACT): null

2023-03-29 17:02:58 - [TEST_STEP][PASSED] - setText(findTestObject("3-OBJECTS UTILIDADES/Login/input_USUARIO_loginusuario"), G_Usuario): Text 'saraadmin' is set on object 'Object Repository/3-OBJECTS UTILIDADES/Login/input_USUARIO_loginusuario'

2023-03-29 17:02:58 - [MESSAGE][PASSED] - Text 'saraadmin' is set on object 'Object Repository/3-OBJECTS UTILIDADES/Login/input_USUARIO_loginusuario'

2023-03-29 17:02:58 - [TEST_STEP][PASSED] - setEncryptedText(findTestObject("3-OBJECTS UTILIDADES/Login/input_CLAVE_loginpassword"), "SlAwMcyRKqrwbnzhAs8HhT6NnI7sEyng"): Text ****** has been set on object 'Object Repository/3-OBJECTS UTILIDADES/Login/input_CLAVE_loginpassword'

2023-03-29 17:02:59 - [MESSAGE][PASSED] - Text ****** has been set on object 'Object Repository/3-OBJECTS UTILIDADES/Login/input_CLAVE_loginpassword'

2023-03-29 17:02:59 - [TEST_STEP][PASSED] - while (waitForElementClickable(findTestObject("3-OBJECTS UTILIDADES/Login/a_Ingresar"), 1)): Web element with id: 'Object Repository/3-OBJECTS UTILIDADES/Login/a_Ingresar' located by '//a[contains(text(),'Ingresar')]' not found

2023-03-29 17:03:02 - [MESSAGE][INFO] - Unable to find the element located by 'By.xpath: //a[contains(text(),'Ingresar')]'. Please recheck the objects properties to make sure the desired element is located. 

2023-03-29 17:03:02 - [MESSAGE][WARNING] - Web element with id: 'Object Repository/3-OBJECTS UTILIDADES/Login/a_Ingresar' located by '//a[contains(text(),'Ingresar')]' not found

2023-03-29 17:03:02 - [MESSAGE][PASSED] - Call Test Case 'Test Cases/0.1-Login' successfully

2023-03-29 17:03:02 - [TEST_STEP][PASSED] - setText(findTestObject("2-OBJECTS TAREAS SECUNDARIAS/Pruebas Compensación/Terminación_de_Contrato_Definitivo/input_Empresa 1_form_templatej_idt24_input"), "Listado Hojas de Vida"): Text 'Listado Hojas de Vida' is set on object 'Object Repository/2-OBJECTS TAREAS SECUNDARIAS/Pruebas Compensación/Terminación_de_Contrato_Definitivo/input_Empresa 1_form_templatej_idt24_input'

2023-03-29 17:03:02 - [MESSAGE][PASSED] - Text 'Listado Hojas de Vida' is set on object 'Object Repository/2-OBJECTS TAREAS SECUNDARIAS/Pruebas Compensación/Terminación_de_Contrato_Definitivo/input_Empresa 1_form_templatej_idt24_input'

2023-03-29 17:03:02 - [TEST_STEP][PASSED] - click(findTestObject("2-OBJECTS TAREAS SECUNDARIAS/Pruebas Compensación/Terminación_de_Contrato_Definitivo/li_Listado Hojas de Vida (hoj)")): Object: 'Object Repository/2-OBJECTS TAREAS SECUNDARIAS/Pruebas Compensación/Terminación_de_Contrato_Definitivo/li_Listado Hojas de Vida (hoj)' is clicked on

2023-03-29 17:03:04 - [MESSAGE][PASSED] - Object: 'Object Repository/2-OBJECTS TAREAS SECUNDARIAS/Pruebas Compensación/Terminación_de_Contrato_Definitivo/li_Listado Hojas de Vida (hoj)' is clicked on

2023-03-29 17:03:04 - [TEST_STEP][PASSED] - click(findTestObject("2-OBJECTS TAREAS SECUNDARIAS/Pruebas Compensación/Terminación_de_Contrato_Definitivo/a_Nueva HojaVida")): Object: 'Object Repository/2-OBJECTS TAREAS SECUNDARIAS/Pruebas Compensación/Terminación_de_Contrato_Definitivo/a_Nueva HojaVida' is clicked on

2023-03-29 17:03:05 - [MESSAGE][PASSED] - Object: 'Object Repository/2-OBJECTS TAREAS SECUNDARIAS/Pruebas Compensación/Terminación_de_Contrato_Definitivo/a_Nueva HojaVida' is clicked on

2023-03-29 17:03:05 - [TEST_STEP][PASSED] - setText(findTestObject("2-OBJECTS TAREAS SECUNDARIAS/Pruebas Compensación/Terminación_de_Contrato_Definitivo/input_Identificacin_nuevahoja_formcedula"), identificacion): Text '7854962' is set on object 'Object Repository/2-OBJECTS TAREAS SECUNDARIAS/Pruebas Compensación/Terminación_de_Contrato_Definitivo/input_Identificacin_nuevahoja_formcedula'

2023-03-29 17:03:06 - [MESSAGE][PASSED] - Text '7854962' is set on object 'Object Repository/2-OBJECTS TAREAS SECUNDARIAS/Pruebas Compensación/Terminación_de_Contrato_Definitivo/input_Identificacin_nuevahoja_formcedula'

2023-03-29 17:03:06 - [TEST_STEP][PASSED] - selectOptionByIndex(findTestObject("2-OBJECTS TAREAS SECUNDARIAS/Pruebas Compensación/Terminación_de_Contrato_Definitivo/select_-- Seleccione --.ASPIRANTEAspirante NPxEspaol Tipo Hoja EmpleadoIngles Tipo Hoja AspirantepruebaTcnico"), 4): All options with index in [4] are selected on object 'Object Repository/2-OBJECTS TAREAS SECUNDARIAS/Pruebas Compensación/Terminación_de_Contrato_Definitivo/select_-- Seleccione --.ASPIRANTEAspirante NPxEspaol Tipo Hoja EmpleadoIngles Tipo Hoja AspirantepruebaTcnico'

2023-03-29 17:03:07 - [MESSAGE][PASSED] - All options with index in [4] are selected on object 'Object Repository/2-OBJECTS TAREAS SECUNDARIAS/Pruebas Compensación/Terminación_de_Contrato_Definitivo/select_-- Seleccione --.ASPIRANTEAspirante NPxEspaol Tipo Hoja EmpleadoIngles Tipo Hoja AspirantepruebaTcnico'

2023-03-29 17:03:07 - [TEST_STEP][PASSED] - click(findTestObject("2-OBJECTS TAREAS SECUNDARIAS/Pruebas Compensación/Terminación_de_Contrato_Definitivo/a_Nueva Solicitud")): Object: 'Object Repository/2-OBJECTS TAREAS SECUNDARIAS/Pruebas Compensación/Terminación_de_Contrato_Definitivo/a_Nueva Solicitud' is clicked on

2023-03-29 17:03:08 - [MESSAGE][PASSED] - Object: 'Object Repository/2-OBJECTS TAREAS SECUNDARIAS/Pruebas Compensación/Terminación_de_Contrato_Definitivo/a_Nueva Solicitud' is clicked on

2023-03-29 17:03:08 - [TEST_STEP][PASSED] - setText(findTestObject("2-OBJECTS TAREAS SECUNDARIAS/Pruebas Compensación/Terminación_de_Contrato_Definitivo/input__hojaVidaseccionj_idt2140idTexto"), identificacion): Text '7854962' is set on object 'Object Repository/2-OBJECTS TAREAS SECUNDARIAS/Pruebas Compensación/Terminación_de_Contrato_Definitivo/input__hojaVidaseccionj_idt2140idTexto'

2023-03-29 17:03:09 - [MESSAGE][PASSED] - Text '7854962' is set on object 'Object Repository/2-OBJECTS TAREAS SECUNDARIAS/Pruebas Compensación/Terminación_de_Contrato_Definitivo/input__hojaVidaseccionj_idt2140idTexto'

2023-03-29 17:03:09 - [TEST_STEP][PASSED] - setText(findTestObject("2-OBJECTS TAREAS SECUNDARIAS/Pruebas Compensación/Terminación_de_Contrato_Definitivo/input__hojaVidaseccionj_idt2141idTexto"), "Francis " + identificacion): Text 'Francis 7854962' is set on object 'Object Repository/2-OBJECTS TAREAS SECUNDARIAS/Pruebas Compensación/Terminación_de_Contrato_Definitivo/input__hojaVidaseccionj_idt2141idTexto'

2023-03-29 17:03:10 - [MESSAGE][PASSED] - Text 'Francis 7854962' is set on object 'Object Repository/2-OBJECTS TAREAS SECUNDARIAS/Pruebas Compensación/Terminación_de_Contrato_Definitivo/input__hojaVidaseccionj_idt2141idTexto'

2023-03-29 17:03:10 - [TEST_STEP][PASSED] - setText(findTestObject("2-OBJECTS TAREAS SECUNDARIAS/Pruebas Compensación/Terminación_de_Contrato_Definitivo/input__hojaVidaseccionj_idt2142idTexto"), "Chandler"): Text 'Chandler' is set on object 'Object Repository/2-OBJECTS TAREAS SECUNDARIAS/Pruebas Compensación/Terminación_de_Contrato_Definitivo/input__hojaVidaseccionj_idt2142idTexto'

2023-03-29 17:03:11 - [MESSAGE][PASSED] - Text 'Chandler' is set on object 'Object Repository/2-OBJECTS TAREAS SECUNDARIAS/Pruebas Compensación/Terminación_de_Contrato_Definitivo/input__hojaVidaseccionj_idt2142idTexto'

2023-03-29 17:03:11 - [TEST_STEP][PASSED] - setText(findTestObject("2-OBJECTS TAREAS SECUNDARIAS/Pruebas Compensación/Terminación_de_Contrato_Definitivo/input__hojaVidaseccionj_idt2143fecha_input"), "08/10/1990"): Text '08/10/1990' is set on object 'Object Repository/2-OBJECTS TAREAS SECUNDARIAS/Pruebas Compensación/Terminación_de_Contrato_Definitivo/input__hojaVidaseccionj_idt2143fecha_input'

2023-03-29 17:03:11 - [MESSAGE][PASSED] - Text '08/10/1990' is set on object 'Object Repository/2-OBJECTS TAREAS SECUNDARIAS/Pruebas Compensación/Terminación_de_Contrato_Definitivo/input__hojaVidaseccionj_idt2143fecha_input'

2023-03-29 17:03:11 - [TEST_STEP][PASSED] - click(findTestObject("2-OBJECTS TAREAS SECUNDARIAS/Pruebas Compensación/Terminación_de_Contrato_Definitivo/a__hojaVidaseccionj_idt2144j_idt254")): Object: 'Object Repository/2-OBJECTS TAREAS SECUNDARIAS/Pruebas Compensación/Terminación_de_Contrato_Definitivo/a__hojaVidaseccionj_idt2144j_idt254' is clicked on

2023-03-29 17:03:12 - [MESSAGE][PASSED] - Object: 'Object Repository/2-OBJECTS TAREAS SECUNDARIAS/Pruebas Compensación/Terminación_de_Contrato_Definitivo/a__hojaVidaseccionj_idt2144j_idt254' is clicked on

2023-03-29 17:03:12 - [TEST_STEP][PASSED] - click(findTestObject("2-OBJECTS TAREAS SECUNDARIAS/Pruebas Compensación/Terminación_de_Contrato_Definitivo (2)/span_CEDULA CIUDADANIA")): Object: 'Object Repository/2-OBJECTS TAREAS SECUNDARIAS/Pruebas Compensación/Terminación_de_Contrato_Definitivo (2)/span_CEDULA CIUDADANIA' is clicked on

2023-03-29 17:03:13 - [MESSAGE][PASSED] - Object: 'Object Repository/2-OBJECTS TAREAS SECUNDARIAS/Pruebas Compensación/Terminación_de_Contrato_Definitivo (2)/span_CEDULA CIUDADANIA' is clicked on

2023-03-29 17:03:13 - [TEST_STEP][PASSED] - setText(findTestObject("2-OBJECTS TAREAS SECUNDARIAS/Pruebas Compensación/Terminación_de_Contrato_Definitivo/input_Fecha Expedicin_hojaVidaseccionj_idt2146fecha_input"), "08/10/2008"): Text '08/10/2008' is set on object 'Object Repository/2-OBJECTS TAREAS SECUNDARIAS/Pruebas Compensación/Terminación_de_Contrato_Definitivo/input_Fecha Expedicin_hojaVidaseccionj_idt2146fecha_input'

2023-03-29 17:03:14 - [MESSAGE][PASSED] - Text '08/10/2008' is set on object 'Object Repository/2-OBJECTS TAREAS SECUNDARIAS/Pruebas Compensación/Terminación_de_Contrato_Definitivo/input_Fecha Expedicin_hojaVidaseccionj_idt2146fecha_input'

2023-03-29 17:03:14 - [TEST_STEP][PASSED] - selectOptionByLabel(findTestObject("2-OBJECTS TAREAS SECUNDARIAS/Pruebas Compensación/Terminación_de_Contrato_Definitivo (1)/select_--Seleccione---- Seleccione--000000ABEJORRA"), "BOGOTÁ", false): All options with label 'BOGOTÁ' are selected in object 'Object Repository/2-OBJECTS TAREAS SECUNDARIAS/Pruebas Compensación/Terminación_de_Contrato_Definitivo (1)/select_--Seleccione---- Seleccione--000000ABEJORRA' 

2023-03-29 17:03:15 - [MESSAGE][PASSED] - All options with label 'BOGOTÁ' are selected in object 'Object Repository/2-OBJECTS TAREAS SECUNDARIAS/Pruebas Compensación/Terminación_de_Contrato_Definitivo (1)/select_--Seleccione---- Seleccione--000000ABEJORRA' 

2023-03-29 17:03:15 - [TEST_STEP][PASSED] - setText(findTestObject("2-OBJECTS TAREAS SECUNDARIAS/Pruebas Compensación/Terminación_de_Contrato_Definitivo/input__hojaVidaseccionj_idt2148idTexto"), "624564654684"): Text '624564654684' is set on object 'Object Repository/2-OBJECTS TAREAS SECUNDARIAS/Pruebas Compensación/Terminación_de_Contrato_Definitivo/input__hojaVidaseccionj_idt2148idTexto'

2023-03-29 17:03:15 - [MESSAGE][PASSED] - Text '624564654684' is set on object 'Object Repository/2-OBJECTS TAREAS SECUNDARIAS/Pruebas Compensación/Terminación_de_Contrato_Definitivo/input__hojaVidaseccionj_idt2148idTexto'

2023-03-29 17:03:15 - [TEST_STEP][PASSED] - setText(findTestObject("2-OBJECTS TAREAS SECUNDARIAS/Pruebas Compensación/Terminación_de_Contrato_Definitivo/input__hojaVidaseccionj_idt2149idTexto"), "noodle@gmail.com"): Text 'noodle@gmail.com' is set on object 'Object Repository/2-OBJECTS TAREAS SECUNDARIAS/Pruebas Compensación/Terminación_de_Contrato_Definitivo/input__hojaVidaseccionj_idt2149idTexto'

2023-03-29 17:03:16 - [MESSAGE][PASSED] - Text 'noodle@gmail.com' is set on object 'Object Repository/2-OBJECTS TAREAS SECUNDARIAS/Pruebas Compensación/Terminación_de_Contrato_Definitivo/input__hojaVidaseccionj_idt2149idTexto'

2023-03-29 17:03:16 - [TEST_STEP][PASSED] - selectOptionByIndex(findTestObject("2-OBJECTS TAREAS SECUNDARIAS/Pruebas Compensación/Terminación_de_Contrato_Definitivo (1)/select_--Seleccione--AA-ABAB-BB-OO-"), 8): All options with index in [8] are selected on object 'Object Repository/2-OBJECTS TAREAS SECUNDARIAS/Pruebas Compensación/Terminación_de_Contrato_Definitivo (1)/select_--Seleccione--AA-ABAB-BB-OO-'

2023-03-29 17:03:17 - [MESSAGE][PASSED] - All options with index in [8] are selected on object 'Object Repository/2-OBJECTS TAREAS SECUNDARIAS/Pruebas Compensación/Terminación_de_Contrato_Definitivo (1)/select_--Seleccione--AA-ABAB-BB-OO-'

2023-03-29 17:03:17 - [TEST_STEP][PASSED] - click(findTestObject("2-OBJECTS TAREAS SECUNDARIAS/Pruebas Compensación/Terminación_de_Contrato_Definitivo (2)/a__hojaVidaseccionj_idt21411j_idt254")): Object: 'Object Repository/2-OBJECTS TAREAS SECUNDARIAS/Pruebas Compensación/Terminación_de_Contrato_Definitivo (2)/a__hojaVidaseccionj_idt21411j_idt254' is clicked on

2023-03-29 17:03:18 - [MESSAGE][PASSED] - Object: 'Object Repository/2-OBJECTS TAREAS SECUNDARIAS/Pruebas Compensación/Terminación_de_Contrato_Definitivo (2)/a__hojaVidaseccionj_idt21411j_idt254' is clicked on

2023-03-29 17:03:18 - [TEST_STEP][PASSED] - setText(findTestObject("2-OBJECTS TAREAS SECUNDARIAS/Pruebas Compensación/Terminación_de_Contrato_Definitivo (2)/input_Ubicacin Geogrfica_formPopUpUbicacionj_idt893"), "BOGOTÁ"): Text 'BOGOTÁ' is set on object 'Object Repository/2-OBJECTS TAREAS SECUNDARIAS/Pruebas Compensación/Terminación_de_Contrato_Definitivo (2)/input_Ubicacin Geogrfica_formPopUpUbicacionj_idt893'

2023-03-29 17:03:19 - [MESSAGE][PASSED] - Text 'BOGOTÁ' is set on object 'Object Repository/2-OBJECTS TAREAS SECUNDARIAS/Pruebas Compensación/Terminación_de_Contrato_Definitivo (2)/input_Ubicacin Geogrfica_formPopUpUbicacionj_idt893'

2023-03-29 17:03:19 - [TEST_STEP][PASSED] - sendKeys(findTestObject("2-OBJECTS TAREAS SECUNDARIAS/Pruebas Compensación/Terminación_de_Contrato_Definitivo (2)/input_Ubicacin Geogrfica_formPopUpUbicacionj_idt893"), Keys.chord(ENTER)): Keys 'ENTER + ' sent to object: 'Object Repository/2-OBJECTS TAREAS SECUNDARIAS/Pruebas Compensación/Terminación_de_Contrato_Definitivo (2)/input_Ubicacin Geogrfica_formPopUpUbicacionj_idt893'

2023-03-29 17:03:19 - [MESSAGE][PASSED] - Keys 'ENTER + ' sent to object: 'Object Repository/2-OBJECTS TAREAS SECUNDARIAS/Pruebas Compensación/Terminación_de_Contrato_Definitivo (2)/input_Ubicacin Geogrfica_formPopUpUbicacionj_idt893'

2023-03-29 17:03:19 - [TEST_STEP][PASSED] - click(findTestObject("2-OBJECTS TAREAS SECUNDARIAS/Pruebas Compensación/Terminación_de_Contrato_Definitivo (2)/td_11001     BOGOT")): Object: 'Object Repository/2-OBJECTS TAREAS SECUNDARIAS/Pruebas Compensación/Terminación_de_Contrato_Definitivo (2)/td_11001     BOGOT' is clicked on

2023-03-29 17:03:20 - [MESSAGE][PASSED] - Object: 'Object Repository/2-OBJECTS TAREAS SECUNDARIAS/Pruebas Compensación/Terminación_de_Contrato_Definitivo (2)/td_11001     BOGOT' is clicked on

2023-03-29 17:03:20 - [TEST_STEP][PASSED] - click(findTestObject("2-OBJECTS TAREAS SECUNDARIAS/Pruebas Compensación/Terminación_de_Contrato_Definitivo (2)/a__hojaVidaseccionj_idt21412j_idt254")): Object: 'Object Repository/2-OBJECTS TAREAS SECUNDARIAS/Pruebas Compensación/Terminación_de_Contrato_Definitivo (2)/a__hojaVidaseccionj_idt21412j_idt254' is clicked on

2023-03-29 17:03:21 - [MESSAGE][PASSED] - Object: 'Object Repository/2-OBJECTS TAREAS SECUNDARIAS/Pruebas Compensación/Terminación_de_Contrato_Definitivo (2)/a__hojaVidaseccionj_idt21412j_idt254' is clicked on

2023-03-29 17:03:21 - [TEST_STEP][PASSED] - setText(findTestObject("2-OBJECTS TAREAS SECUNDARIAS/Pruebas Compensación/Terminación_de_Contrato_Definitivo (2)/input_Nacionalidad_j_idt902j_idt907"), "COLOMBIANA"): Text 'COLOMBIANA' is set on object 'Object Repository/2-OBJECTS TAREAS SECUNDARIAS/Pruebas Compensación/Terminación_de_Contrato_Definitivo (2)/input_Nacionalidad_j_idt902j_idt907'

2023-03-29 17:03:22 - [MESSAGE][PASSED] - Text 'COLOMBIANA' is set on object 'Object Repository/2-OBJECTS TAREAS SECUNDARIAS/Pruebas Compensación/Terminación_de_Contrato_Definitivo (2)/input_Nacionalidad_j_idt902j_idt907'

2023-03-29 17:03:22 - [TEST_STEP][PASSED] - sendKeys(findTestObject("2-OBJECTS TAREAS SECUNDARIAS/Pruebas Compensación/Terminación_de_Contrato_Definitivo (2)/input_Nacionalidad_j_idt902j_idt907"), Keys.chord(ENTER)): Keys 'ENTER + ' sent to object: 'Object Repository/2-OBJECTS TAREAS SECUNDARIAS/Pruebas Compensación/Terminación_de_Contrato_Definitivo (2)/input_Nacionalidad_j_idt902j_idt907'

2023-03-29 17:03:23 - [MESSAGE][PASSED] - Keys 'ENTER + ' sent to object: 'Object Repository/2-OBJECTS TAREAS SECUNDARIAS/Pruebas Compensación/Terminación_de_Contrato_Definitivo (2)/input_Nacionalidad_j_idt902j_idt907'

2023-03-29 17:03:23 - [TEST_STEP][PASSED] - click(findTestObject("2-OBJECTS TAREAS SECUNDARIAS/Pruebas Compensación/Terminación_de_Contrato_Definitivo (2)/span_Colombiana")): Object: 'Object Repository/2-OBJECTS TAREAS SECUNDARIAS/Pruebas Compensación/Terminación_de_Contrato_Definitivo (2)/span_Colombiana' is clicked on

2023-03-29 17:03:23 - [MESSAGE][PASSED] - Object: 'Object Repository/2-OBJECTS TAREAS SECUNDARIAS/Pruebas Compensación/Terminación_de_Contrato_Definitivo (2)/span_Colombiana' is clicked on

2023-03-29 17:03:23 - [TEST_STEP][PASSED] - click(findTestObject("2-OBJECTS TAREAS SECUNDARIAS/Pruebas Compensación/Terminación_de_Contrato_Definitivo/a_Continuar")): Object: 'Object Repository/2-OBJECTS TAREAS SECUNDARIAS/Pruebas Compensación/Terminación_de_Contrato_Definitivo/a_Continuar' is clicked on

2023-03-29 17:03:24 - [MESSAGE][PASSED] - Object: 'Object Repository/2-OBJECTS TAREAS SECUNDARIAS/Pruebas Compensación/Terminación_de_Contrato_Definitivo/a_Continuar' is clicked on

2023-03-29 17:03:24 - [TEST_STEP][PASSED] - click(findTestObject("2-OBJECTS TAREAS SECUNDARIAS/Pruebas Compensación/Terminación_de_Contrato_Definitivo/a_Aceptar")): Object: 'Object Repository/2-OBJECTS TAREAS SECUNDARIAS/Pruebas Compensación/Terminación_de_Contrato_Definitivo/a_Aceptar' is clicked on

2023-03-29 17:03:25 - [MESSAGE][PASSED] - Object: 'Object Repository/2-OBJECTS TAREAS SECUNDARIAS/Pruebas Compensación/Terminación_de_Contrato_Definitivo/a_Aceptar' is clicked on

2023-03-29 17:03:25 - [TEST_STEP][PASSED] - Nombre = getText(findTestObject("2-OBJECTS TAREAS SECUNDARIAS/Pruebas Compensación/Terminación_de_Contrato_Definitivo/input__hojaVidaseccionj_idt2140idTexto")): Text of object 'Object Repository/2-OBJECTS TAREAS SECUNDARIAS/Pruebas Compensación/Terminación_de_Contrato_Definitivo/input__hojaVidaseccionj_idt2140idTexto' is: ''

2023-03-29 17:03:26 - [MESSAGE][PASSED] - Text of object 'Object Repository/2-OBJECTS TAREAS SECUNDARIAS/Pruebas Compensación/Terminación_de_Contrato_Definitivo/input__hojaVidaseccionj_idt2140idTexto' is: ''

2023-03-29 17:03:26 - [TEST_STEP][PASSED] - setText(findTestObject("2-OBJECTS TAREAS SECUNDARIAS/Pruebas Compensación/Terminación_de_Contrato_Definitivo/input_Empresa 1_form_templatej_idt24_input"), "Actos administrativos"): Text 'Actos administrativos' is set on object 'Object Repository/2-OBJECTS TAREAS SECUNDARIAS/Pruebas Compensación/Terminación_de_Contrato_Definitivo/input_Empresa 1_form_templatej_idt24_input'

2023-03-29 17:03:26 - [MESSAGE][PASSED] - Text 'Actos administrativos' is set on object 'Object Repository/2-OBJECTS TAREAS SECUNDARIAS/Pruebas Compensación/Terminación_de_Contrato_Definitivo/input_Empresa 1_form_templatej_idt24_input'

2023-03-29 17:03:26 - [TEST_STEP][PASSED] - click(findTestObject("2-OBJECTS TAREAS SECUNDARIAS/Pruebas Compensación/Terminación_de_Contrato_Definitivo/li_Listado Hojas de Vida (hoj)")): Object: 'Object Repository/2-OBJECTS TAREAS SECUNDARIAS/Pruebas Compensación/Terminación_de_Contrato_Definitivo/li_Listado Hojas de Vida (hoj)' is clicked on

2023-03-29 17:03:28 - [MESSAGE][PASSED] - Object: 'Object Repository/2-OBJECTS TAREAS SECUNDARIAS/Pruebas Compensación/Terminación_de_Contrato_Definitivo/li_Listado Hojas de Vida (hoj)' is clicked on

2023-03-29 17:03:28 - [TEST_STEP][PASSED] - click(findTestObject("2-OBJECTS TAREAS SECUNDARIAS/Pruebas Compensación/Terminación_de_Contrato_Definitivo/i_Actos_glyphicons glyphicons-group")): Object: 'Object Repository/2-OBJECTS TAREAS SECUNDARIAS/Pruebas Compensación/Terminación_de_Contrato_Definitivo/i_Actos_glyphicons glyphicons-group' is clicked on

2023-03-29 17:03:29 - [MESSAGE][PASSED] - Object: 'Object Repository/2-OBJECTS TAREAS SECUNDARIAS/Pruebas Compensación/Terminación_de_Contrato_Definitivo/i_Actos_glyphicons glyphicons-group' is clicked on

2023-03-29 17:03:29 - [TEST_STEP][PASSED] - click(findTestObject("2-OBJECTS TAREAS SECUNDARIAS/Pruebas Compensación/Terminación_de_Contrato_Definitivo/a_Regresar")): Object: 'Object Repository/2-OBJECTS TAREAS SECUNDARIAS/Pruebas Compensación/Terminación_de_Contrato_Definitivo/a_Regresar' is clicked on

2023-03-29 17:03:30 - [MESSAGE][PASSED] - Object: 'Object Repository/2-OBJECTS TAREAS SECUNDARIAS/Pruebas Compensación/Terminación_de_Contrato_Definitivo/a_Regresar' is clicked on

2023-03-29 17:03:30 - [TEST_STEP][PASSED] - click(findTestObject("2-OBJECTS TAREAS SECUNDARIAS/Pruebas Compensación/Terminación_de_Contrato_Definitivo/a_Acto cambio del Empleado_form_ActosAdministrativostabla_principal_10j_idt79")): Object: 'Object Repository/2-OBJECTS TAREAS SECUNDARIAS/Pruebas Compensación/Terminación_de_Contrato_Definitivo/a_Acto cambio del Empleado_form_ActosAdministrativostabla_principal_10j_idt79' is clicked on

2023-03-29 17:03:30 - [MESSAGE][PASSED] - Object: 'Object Repository/2-OBJECTS TAREAS SECUNDARIAS/Pruebas Compensación/Terminación_de_Contrato_Definitivo/a_Acto cambio del Empleado_form_ActosAdministrativostabla_principal_10j_idt79' is clicked on

2023-03-29 17:03:30 - [TEST_STEP][PASSED] - click(findTestObject("2-OBJECTS TAREAS SECUNDARIAS/Pruebas Compensación/Terminación_de_Contrato_Definitivo/a_elaborar")): Object: 'Object Repository/2-OBJECTS TAREAS SECUNDARIAS/Pruebas Compensación/Terminación_de_Contrato_Definitivo/a_elaborar' is clicked on

2023-03-29 17:03:31 - [MESSAGE][PASSED] - Object: 'Object Repository/2-OBJECTS TAREAS SECUNDARIAS/Pruebas Compensación/Terminación_de_Contrato_Definitivo/a_elaborar' is clicked on

2023-03-29 17:03:31 - [TEST_STEP][PASSED] - click(findTestObject("2-OBJECTS TAREAS SECUNDARIAS/Pruebas Compensación/Terminación_de_Contrato_Definitivo (2)/span_Nomina")): Object: 'Object Repository/2-OBJECTS TAREAS SECUNDARIAS/Pruebas Compensación/Terminación_de_Contrato_Definitivo (2)/span_Nomina' is clicked on

2023-03-29 17:03:31 - [MESSAGE][PASSED] - Object: 'Object Repository/2-OBJECTS TAREAS SECUNDARIAS/Pruebas Compensación/Terminación_de_Contrato_Definitivo (2)/span_Nomina' is clicked on

2023-03-29 17:03:31 - [TEST_STEP][PASSED] - click(findTestObject("2-OBJECTS TAREAS SECUNDARIAS/Pruebas Compensación/Terminación_de_Contrato_Definitivo (2)/span_ingreso definitivo indefinido salario basico")): Object: 'Object Repository/2-OBJECTS TAREAS SECUNDARIAS/Pruebas Compensación/Terminación_de_Contrato_Definitivo (2)/span_ingreso definitivo indefinido salario basico' is clicked on

2023-03-29 17:03:32 - [MESSAGE][PASSED] - Object: 'Object Repository/2-OBJECTS TAREAS SECUNDARIAS/Pruebas Compensación/Terminación_de_Contrato_Definitivo (2)/span_ingreso definitivo indefinido salario basico' is clicked on

2023-03-29 17:03:32 - [TEST_STEP][PASSED] - click(findTestObject("2-OBJECTS TAREAS SECUNDARIAS/Pruebas Compensación/Terminación_de_Contrato_Definitivo/a_Elaboracin_glyphicons glyphicons-chronicle x2")): Object: 'Object Repository/2-OBJECTS TAREAS SECUNDARIAS/Pruebas Compensación/Terminación_de_Contrato_Definitivo/a_Elaboracin_glyphicons glyphicons-chronicle x2' is clicked on

2023-03-29 17:03:33 - [MESSAGE][PASSED] - Object: 'Object Repository/2-OBJECTS TAREAS SECUNDARIAS/Pruebas Compensación/Terminación_de_Contrato_Definitivo/a_Elaboracin_glyphicons glyphicons-chronicle x2' is clicked on

2023-03-29 17:03:33 - [TEST_STEP][PASSED] - click(findTestObject("2-OBJECTS TAREAS SECUNDARIAS/Pruebas Compensación/Terminación_de_Contrato_Definitivo/a_Identificacin_form_actoIngresoj_idt1250")): Object: 'Object Repository/2-OBJECTS TAREAS SECUNDARIAS/Pruebas Compensación/Terminación_de_Contrato_Definitivo/a_Identificacin_form_actoIngresoj_idt1250' is clicked on

2023-03-29 17:03:34 - [MESSAGE][PASSED] - Object: 'Object Repository/2-OBJECTS TAREAS SECUNDARIAS/Pruebas Compensación/Terminación_de_Contrato_Definitivo/a_Identificacin_form_actoIngresoj_idt1250' is clicked on

2023-03-29 17:03:34 - [TEST_STEP][PASSED] - setText(findTestObject("2-OBJECTS TAREAS SECUNDARIAS/Pruebas Compensación/Terminación_de_Contrato_Definitivo/input_Filtro Hoja de Vida_formPopupHojaVidaj_idt1762"), identificacion): Text '7854962' is set on object 'Object Repository/2-OBJECTS TAREAS SECUNDARIAS/Pruebas Compensación/Terminación_de_Contrato_Definitivo/input_Filtro Hoja de Vida_formPopupHojaVidaj_idt1762'

2023-03-29 17:03:35 - [MESSAGE][PASSED] - Text '7854962' is set on object 'Object Repository/2-OBJECTS TAREAS SECUNDARIAS/Pruebas Compensación/Terminación_de_Contrato_Definitivo/input_Filtro Hoja de Vida_formPopupHojaVidaj_idt1762'

2023-03-29 17:03:35 - [TEST_STEP][PASSED] - sendKeys(findTestObject("2-OBJECTS TAREAS SECUNDARIAS/Pruebas Compensación/Terminación_de_Contrato_Definitivo/input_Filtro Hoja de Vida_formPopupHojaVidaj_idt1762"), Keys.chord(ENTER)): Keys 'ENTER + ' sent to object: 'Object Repository/2-OBJECTS TAREAS SECUNDARIAS/Pruebas Compensación/Terminación_de_Contrato_Definitivo/input_Filtro Hoja de Vida_formPopupHojaVidaj_idt1762'

2023-03-29 17:03:36 - [MESSAGE][PASSED] - Keys 'ENTER + ' sent to object: 'Object Repository/2-OBJECTS TAREAS SECUNDARIAS/Pruebas Compensación/Terminación_de_Contrato_Definitivo/input_Filtro Hoja de Vida_formPopupHojaVidaj_idt1762'

2023-03-29 17:03:36 - [TEST_STEP][PASSED] - click(findTestObject("2-OBJECTS TAREAS SECUNDARIAS/Pruebas Compensación/Terminación_de_Contrato_Definitivo (2)/td_Chandler  Francis 1537948e7")): Object: 'Object Repository/2-OBJECTS TAREAS SECUNDARIAS/Pruebas Compensación/Terminación_de_Contrato_Definitivo (2)/td_Chandler  Francis 1537948e7' is clicked on

2023-03-29 17:03:37 - [MESSAGE][PASSED] - Object: 'Object Repository/2-OBJECTS TAREAS SECUNDARIAS/Pruebas Compensación/Terminación_de_Contrato_Definitivo (2)/td_Chandler  Francis 1537948e7' is clicked on

2023-03-29 17:03:37 - [TEST_STEP][PASSED] - click(findTestObject("2-OBJECTS TAREAS SECUNDARIAS/Pruebas Compensación/Terminación_de_Contrato_Definitivo/a_Continuar")): Object: 'Object Repository/2-OBJECTS TAREAS SECUNDARIAS/Pruebas Compensación/Terminación_de_Contrato_Definitivo/a_Continuar' is clicked on

2023-03-29 17:03:37 - [MESSAGE][PASSED] - Object: 'Object Repository/2-OBJECTS TAREAS SECUNDARIAS/Pruebas Compensación/Terminación_de_Contrato_Definitivo/a_Continuar' is clicked on

2023-03-29 17:03:37 - [TEST_STEP][PASSED] - setText(findTestObject("2-OBJECTS TAREAS SECUNDARIAS/Pruebas Compensación/Terminación_de_Contrato_Definitivo/input__form_actoIngresoj_idt12870fecha_input"), "01/07/2021"): Text '01/07/2021' is set on object 'Object Repository/2-OBJECTS TAREAS SECUNDARIAS/Pruebas Compensación/Terminación_de_Contrato_Definitivo/input__form_actoIngresoj_idt12870fecha_input'

2023-03-29 17:03:38 - [MESSAGE][PASSED] - Text '01/07/2021' is set on object 'Object Repository/2-OBJECTS TAREAS SECUNDARIAS/Pruebas Compensación/Terminación_de_Contrato_Definitivo/input__form_actoIngresoj_idt12870fecha_input'

2023-03-29 17:03:38 - [TEST_STEP][PASSED] - setText(findTestObject("2-OBJECTS TAREAS SECUNDARIAS/Pruebas Compensación/Terminación_de_Contrato_Definitivo/input__form_actoIngresoj_idt12871fecha_input"), "01/07/2021"): Text '01/07/2021' is set on object 'Object Repository/2-OBJECTS TAREAS SECUNDARIAS/Pruebas Compensación/Terminación_de_Contrato_Definitivo/input__form_actoIngresoj_idt12871fecha_input'

2023-03-29 17:03:39 - [MESSAGE][PASSED] - Text '01/07/2021' is set on object 'Object Repository/2-OBJECTS TAREAS SECUNDARIAS/Pruebas Compensación/Terminación_de_Contrato_Definitivo/input__form_actoIngresoj_idt12871fecha_input'

2023-03-29 17:03:39 - [TEST_STEP][PASSED] - selectOptionByIndex(findTestObject("2-OBJECTS TAREAS SECUNDARIAS/Pruebas Compensación/Terminación_de_Contrato_Definitivo (1)/select_10 - Ingreso Puesto Nuevo"), 1): All options with index in [1] are selected on object 'Object Repository/2-OBJECTS TAREAS SECUNDARIAS/Pruebas Compensación/Terminación_de_Contrato_Definitivo (1)/select_10 - Ingreso Puesto Nuevo'

2023-03-29 17:03:40 - [MESSAGE][PASSED] - All options with index in [1] are selected on object 'Object Repository/2-OBJECTS TAREAS SECUNDARIAS/Pruebas Compensación/Terminación_de_Contrato_Definitivo (1)/select_10 - Ingreso Puesto Nuevo'

2023-03-29 17:03:40 - [TEST_STEP][PASSED] - if (waitForElementVisible(findTestObject("2-OBJECTS TAREAS SECUNDARIAS/Pruebas Compensación/Terminación_de_Contrato_Definitivo (1)/select_DIAZ BLANCO GUISELL"), 1)): Web element with id: 'Object Repository/2-OBJECTS TAREAS SECUNDARIAS/Pruebas Compensación/Terminación_de_Contrato_Definitivo (1)/select_DIAZ BLANCO GUISELL' located by '//tr[4]/td[2]/table/tbody/tr/td/table/tbody/tr/td/select' not found

2023-03-29 17:03:43 - [MESSAGE][INFO] - Unable to find the element located by 'By.xpath: //tr[4]/td[2]/table/tbody/tr/td/table/tbody/tr/td/select'. Please recheck the objects properties to make sure the desired element is located. 

2023-03-29 17:03:43 - [MESSAGE][WARNING] - Web element with id: 'Object Repository/2-OBJECTS TAREAS SECUNDARIAS/Pruebas Compensación/Terminación_de_Contrato_Definitivo (1)/select_DIAZ BLANCO GUISELL' located by '//tr[4]/td[2]/table/tbody/tr/td/table/tbody/tr/td/select' not found

2023-03-29 17:03:43 - [TEST_STEP][PASSED] - setText(findTestObject("2-OBJECTS TAREAS SECUNDARIAS/Pruebas Compensación/Terminación_de_Contrato_Definitivo (2)/textarea__form_actoIngresoj_idt12874idTexto5"), "Magister en derecho penal"): Text 'Magister en derecho penal' is set on object 'Object Repository/2-OBJECTS TAREAS SECUNDARIAS/Pruebas Compensación/Terminación_de_Contrato_Definitivo (2)/textarea__form_actoIngresoj_idt12874idTexto5'

2023-03-29 17:03:44 - [MESSAGE][PASSED] - Text 'Magister en derecho penal' is set on object 'Object Repository/2-OBJECTS TAREAS SECUNDARIAS/Pruebas Compensación/Terminación_de_Contrato_Definitivo (2)/textarea__form_actoIngresoj_idt12874idTexto5'

2023-03-29 17:03:44 - [TEST_STEP][PASSED] - selectOptionByIndex(findTestObject("2-OBJECTS TAREAS SECUNDARIAS/Pruebas Compensación/Terminación_de_Contrato_Definitivo (1)/select_-- Seleccione --1. Actualizacin por Ascenso del Escalafn Origina2.Actualizacin por Ascenso"), 2): All options with index in [2] are selected on object 'Object Repository/2-OBJECTS TAREAS SECUNDARIAS/Pruebas Compensación/Terminación_de_Contrato_Definitivo (1)/select_-- Seleccione --1. Actualizacin por Ascenso del Escalafn Origina2.Actualizacin por Ascenso'

2023-03-29 17:03:45 - [MESSAGE][PASSED] - All options with index in [2] are selected on object 'Object Repository/2-OBJECTS TAREAS SECUNDARIAS/Pruebas Compensación/Terminación_de_Contrato_Definitivo (1)/select_-- Seleccione --1. Actualizacin por Ascenso del Escalafn Origina2.Actualizacin por Ascenso'

2023-03-29 17:03:45 - [TEST_STEP][PASSED] - setText(findTestObject("2-OBJECTS TAREAS SECUNDARIAS/Pruebas Compensación/Terminación_de_Contrato_Definitivo/input__form_actoIngresoj_idt12876idTexto"), "AAAAAA"): Text 'AAAAAA' is set on object 'Object Repository/2-OBJECTS TAREAS SECUNDARIAS/Pruebas Compensación/Terminación_de_Contrato_Definitivo/input__form_actoIngresoj_idt12876idTexto'

2023-03-29 17:03:46 - [MESSAGE][PASSED] - Text 'AAAAAA' is set on object 'Object Repository/2-OBJECTS TAREAS SECUNDARIAS/Pruebas Compensación/Terminación_de_Contrato_Definitivo/input__form_actoIngresoj_idt12876idTexto'

2023-03-29 17:03:46 - [TEST_STEP][PASSED] - click(findTestObject("2-OBJECTS TAREAS SECUNDARIAS/Pruebas Compensación/Terminación_de_Contrato_Definitivo/a__form_actoIngresoj_idt12877j_idt1327")): Object: 'Object Repository/2-OBJECTS TAREAS SECUNDARIAS/Pruebas Compensación/Terminación_de_Contrato_Definitivo/a__form_actoIngresoj_idt12877j_idt1327' is clicked on

2023-03-29 17:03:46 - [MESSAGE][PASSED] - Object: 'Object Repository/2-OBJECTS TAREAS SECUNDARIAS/Pruebas Compensación/Terminación_de_Contrato_Definitivo/a__form_actoIngresoj_idt12877j_idt1327' is clicked on

2023-03-29 17:03:46 - [TEST_STEP][PASSED] - setText(findTestObject("2-OBJECTS TAREAS SECUNDARIAS/Pruebas Compensación/Terminación_de_Contrato_Definitivo/input_Unidad_form_popupUnidadUsuarioj_idt1777"), "1"): Text '1' is set on object 'Object Repository/2-OBJECTS TAREAS SECUNDARIAS/Pruebas Compensación/Terminación_de_Contrato_Definitivo/input_Unidad_form_popupUnidadUsuarioj_idt1777'

2023-03-29 17:03:47 - [MESSAGE][PASSED] - Text '1' is set on object 'Object Repository/2-OBJECTS TAREAS SECUNDARIAS/Pruebas Compensación/Terminación_de_Contrato_Definitivo/input_Unidad_form_popupUnidadUsuarioj_idt1777'

2023-03-29 17:03:47 - [TEST_STEP][PASSED] - sendKeys(findTestObject("2-OBJECTS TAREAS SECUNDARIAS/Pruebas Compensación/Terminación_de_Contrato_Definitivo/input_Unidad_form_popupUnidadUsuarioj_idt1777"), Keys.chord(ENTER)): Keys 'ENTER + ' sent to object: 'Object Repository/2-OBJECTS TAREAS SECUNDARIAS/Pruebas Compensación/Terminación_de_Contrato_Definitivo/input_Unidad_form_popupUnidadUsuarioj_idt1777'

2023-03-29 17:03:47 - [MESSAGE][PASSED] - Keys 'ENTER + ' sent to object: 'Object Repository/2-OBJECTS TAREAS SECUNDARIAS/Pruebas Compensación/Terminación_de_Contrato_Definitivo/input_Unidad_form_popupUnidadUsuarioj_idt1777'

2023-03-29 17:03:47 - [TEST_STEP][PASSED] - click(findTestObject("2-OBJECTS TAREAS SECUNDARIAS/Pruebas Compensación/Terminación_de_Contrato_Definitivo (2)/span_ADMINISTRACION")): Object: 'Object Repository/2-OBJECTS TAREAS SECUNDARIAS/Pruebas Compensación/Terminación_de_Contrato_Definitivo (2)/span_ADMINISTRACION' is clicked on

2023-03-29 17:03:49 - [MESSAGE][PASSED] - Object: 'Object Repository/2-OBJECTS TAREAS SECUNDARIAS/Pruebas Compensación/Terminación_de_Contrato_Definitivo (2)/span_ADMINISTRACION' is clicked on

2023-03-29 17:03:49 - [TEST_STEP][PASSED] - click(findTestObject("2-OBJECTS TAREAS SECUNDARIAS/Pruebas Compensación/Terminación_de_Contrato_Definitivo/a__form_actoIngresoj_idt12878j_idt1327")): Object: 'Object Repository/2-OBJECTS TAREAS SECUNDARIAS/Pruebas Compensación/Terminación_de_Contrato_Definitivo/a__form_actoIngresoj_idt12878j_idt1327' is clicked on

2023-03-29 17:03:49 - [MESSAGE][PASSED] - Object: 'Object Repository/2-OBJECTS TAREAS SECUNDARIAS/Pruebas Compensación/Terminación_de_Contrato_Definitivo/a__form_actoIngresoj_idt12878j_idt1327' is clicked on

2023-03-29 17:03:49 - [TEST_STEP][PASSED] - click(findTestObject("2-OBJECTS TAREAS SECUNDARIAS/Pruebas Compensación/Terminación_de_Contrato_Definitivo (2)/span_APRENDIZ SENA PRODUCTIVA")): Object: 'Object Repository/2-OBJECTS TAREAS SECUNDARIAS/Pruebas Compensación/Terminación_de_Contrato_Definitivo (2)/span_APRENDIZ SENA PRODUCTIVA' is clicked on

2023-03-29 17:03:50 - [MESSAGE][PASSED] - Object: 'Object Repository/2-OBJECTS TAREAS SECUNDARIAS/Pruebas Compensación/Terminación_de_Contrato_Definitivo (2)/span_APRENDIZ SENA PRODUCTIVA' is clicked on

2023-03-29 17:03:50 - [TEST_STEP][PASSED] - setText(findTestObject("2-OBJECTS TAREAS SECUNDARIAS/Pruebas Compensación/Terminación_de_Contrato_Definitivo/input_VALOR4_form_actoIngresoj_idt12879idNumero1"), "3"): Text '3' is set on object 'Object Repository/2-OBJECTS TAREAS SECUNDARIAS/Pruebas Compensación/Terminación_de_Contrato_Definitivo/input_VALOR4_form_actoIngresoj_idt12879idNumero1'

2023-03-29 17:03:51 - [MESSAGE][PASSED] - Text '3' is set on object 'Object Repository/2-OBJECTS TAREAS SECUNDARIAS/Pruebas Compensación/Terminación_de_Contrato_Definitivo/input_VALOR4_form_actoIngresoj_idt12879idNumero1'

2023-03-29 17:03:51 - [TEST_STEP][PASSED] - click(findTestObject("2-OBJECTS TAREAS SECUNDARIAS/Pruebas Compensación/Terminación_de_Contrato_Definitivo (2)/td_ENTIDAD DE SALUD")): Object: 'Object Repository/2-OBJECTS TAREAS SECUNDARIAS/Pruebas Compensación/Terminación_de_Contrato_Definitivo (2)/td_ENTIDAD DE SALUD' is clicked on

2023-03-29 17:03:52 - [MESSAGE][PASSED] - Object: 'Object Repository/2-OBJECTS TAREAS SECUNDARIAS/Pruebas Compensación/Terminación_de_Contrato_Definitivo (2)/td_ENTIDAD DE SALUD' is clicked on

2023-03-29 17:03:52 - [TEST_STEP][PASSED] - click(findTestObject("2-OBJECTS TAREAS SECUNDARIAS/Pruebas Compensación/Terminación_de_Contrato_Definitivo (2)/span_Eps - Aliansalud Eps")): Object: 'Object Repository/2-OBJECTS TAREAS SECUNDARIAS/Pruebas Compensación/Terminación_de_Contrato_Definitivo (2)/span_Eps - Aliansalud Eps' is clicked on

2023-03-29 17:03:53 - [MESSAGE][PASSED] - Object: 'Object Repository/2-OBJECTS TAREAS SECUNDARIAS/Pruebas Compensación/Terminación_de_Contrato_Definitivo (2)/span_Eps - Aliansalud Eps' is clicked on

2023-03-29 17:03:53 - [TEST_STEP][PASSED] - click(findTestObject("2-OBJECTS TAREAS SECUNDARIAS/Pruebas Compensación/Terminación_de_Contrato_Definitivo (2)/td_FONDO DE PENSIONES")): Object: 'Object Repository/2-OBJECTS TAREAS SECUNDARIAS/Pruebas Compensación/Terminación_de_Contrato_Definitivo (2)/td_FONDO DE PENSIONES' is clicked on

2023-03-29 17:03:53 - [MESSAGE][PASSED] - Object: 'Object Repository/2-OBJECTS TAREAS SECUNDARIAS/Pruebas Compensación/Terminación_de_Contrato_Definitivo (2)/td_FONDO DE PENSIONES' is clicked on

2023-03-29 17:03:53 - [TEST_STEP][PASSED] - click(findTestObject("2-OBJECTS TAREAS SECUNDARIAS/Pruebas Compensación/Terminación_de_Contrato_Definitivo (2)/span_Afp - Colfondos")): Object: 'Object Repository/2-OBJECTS TAREAS SECUNDARIAS/Pruebas Compensación/Terminación_de_Contrato_Definitivo (2)/span_Afp - Colfondos' is clicked on

2023-03-29 17:03:54 - [MESSAGE][PASSED] - Object: 'Object Repository/2-OBJECTS TAREAS SECUNDARIAS/Pruebas Compensación/Terminación_de_Contrato_Definitivo (2)/span_Afp - Colfondos' is clicked on

2023-03-29 17:03:54 - [TEST_STEP][PASSED] - click(findTestObject("2-OBJECTS TAREAS SECUNDARIAS/Pruebas Compensación/Terminación_de_Contrato_Definitivo (2)/span_ASEG. RIESGOS PROFESIONALES")): Object: 'Object Repository/2-OBJECTS TAREAS SECUNDARIAS/Pruebas Compensación/Terminación_de_Contrato_Definitivo (2)/span_ASEG. RIESGOS PROFESIONALES' is clicked on

2023-03-29 17:03:55 - [MESSAGE][PASSED] - Object: 'Object Repository/2-OBJECTS TAREAS SECUNDARIAS/Pruebas Compensación/Terminación_de_Contrato_Definitivo (2)/span_ASEG. RIESGOS PROFESIONALES' is clicked on

2023-03-29 17:03:55 - [TEST_STEP][PASSED] - click(findTestObject("2-OBJECTS TAREAS SECUNDARIAS/Pruebas Compensación/Terminación_de_Contrato_Definitivo (2)/span_Arl - Seguros Bolivar")): Object: 'Object Repository/2-OBJECTS TAREAS SECUNDARIAS/Pruebas Compensación/Terminación_de_Contrato_Definitivo (2)/span_Arl - Seguros Bolivar' is clicked on

2023-03-29 17:03:55 - [MESSAGE][PASSED] - Object: 'Object Repository/2-OBJECTS TAREAS SECUNDARIAS/Pruebas Compensación/Terminación_de_Contrato_Definitivo (2)/span_Arl - Seguros Bolivar' is clicked on

2023-03-29 17:03:55 - [TEST_STEP][PASSED] - click(findTestObject("2-OBJECTS TAREAS SECUNDARIAS/Pruebas Compensación/Terminación_de_Contrato_Definitivo (2)/span_FONDO DE CESANTIAS")): Object: 'Object Repository/2-OBJECTS TAREAS SECUNDARIAS/Pruebas Compensación/Terminación_de_Contrato_Definitivo (2)/span_FONDO DE CESANTIAS' is clicked on

2023-03-29 17:03:56 - [MESSAGE][PASSED] - Object: 'Object Repository/2-OBJECTS TAREAS SECUNDARIAS/Pruebas Compensación/Terminación_de_Contrato_Definitivo (2)/span_FONDO DE CESANTIAS' is clicked on

2023-03-29 17:03:56 - [TEST_STEP][PASSED] - click(findTestObject("2-OBJECTS TAREAS SECUNDARIAS/Pruebas Compensación/Terminación_de_Contrato_Definitivo (2)/span_Fc - Colfondos")): Object: 'Object Repository/2-OBJECTS TAREAS SECUNDARIAS/Pruebas Compensación/Terminación_de_Contrato_Definitivo (2)/span_Fc - Colfondos' is clicked on

2023-03-29 17:03:57 - [MESSAGE][PASSED] - Object: 'Object Repository/2-OBJECTS TAREAS SECUNDARIAS/Pruebas Compensación/Terminación_de_Contrato_Definitivo (2)/span_Fc - Colfondos' is clicked on

2023-03-29 17:03:57 - [TEST_STEP][PASSED] - click(findTestObject("2-OBJECTS TAREAS SECUNDARIAS/Pruebas Compensación/Terminación_de_Contrato_Definitivo (2)/td_PAGO DE NOMINA")): Object: 'Object Repository/2-OBJECTS TAREAS SECUNDARIAS/Pruebas Compensación/Terminación_de_Contrato_Definitivo (2)/td_PAGO DE NOMINA' is clicked on

2023-03-29 17:03:58 - [MESSAGE][PASSED] - Object: 'Object Repository/2-OBJECTS TAREAS SECUNDARIAS/Pruebas Compensación/Terminación_de_Contrato_Definitivo (2)/td_PAGO DE NOMINA' is clicked on

2023-03-29 17:03:58 - [TEST_STEP][PASSED] - click(findTestObject("2-OBJECTS TAREAS SECUNDARIAS/Pruebas Compensación/Terminación_de_Contrato_Definitivo/a_Sucursal_entidadempleado_formtabj_idt1562")): Object: 'Object Repository/2-OBJECTS TAREAS SECUNDARIAS/Pruebas Compensación/Terminación_de_Contrato_Definitivo/a_Sucursal_entidadempleado_formtabj_idt1562' is clicked on

2023-03-29 17:03:58 - [MESSAGE][PASSED] - Object: 'Object Repository/2-OBJECTS TAREAS SECUNDARIAS/Pruebas Compensación/Terminación_de_Contrato_Definitivo/a_Sucursal_entidadempleado_formtabj_idt1562' is clicked on

2023-03-29 17:03:58 - [TEST_STEP][PASSED] - click(findTestObject("2-OBJECTS TAREAS SECUNDARIAS/Pruebas Compensación/Terminación_de_Contrato_Definitivo (2)/span_Ccf - Cafam")): Object: 'Object Repository/2-OBJECTS TAREAS SECUNDARIAS/Pruebas Compensación/Terminación_de_Contrato_Definitivo (2)/span_Ccf - Cafam' is clicked on

2023-03-29 17:03:59 - [MESSAGE][PASSED] - Object: 'Object Repository/2-OBJECTS TAREAS SECUNDARIAS/Pruebas Compensación/Terminación_de_Contrato_Definitivo (2)/span_Ccf - Cafam' is clicked on

2023-03-29 17:03:59 - [TEST_STEP][PASSED] - selectOptionByIndex(findTestObject("2-OBJECTS TAREAS SECUNDARIAS/Pruebas Compensación/Terminación_de_Contrato_Definitivo (1)/select_--Seleccione--003 Familia Popayan"), 2): All options with index in [2] are selected on object 'Object Repository/2-OBJECTS TAREAS SECUNDARIAS/Pruebas Compensación/Terminación_de_Contrato_Definitivo (1)/select_--Seleccione--003 Familia Popayan'

2023-03-29 17:04:00 - [MESSAGE][PASSED] - All options with index in [2] are selected on object 'Object Repository/2-OBJECTS TAREAS SECUNDARIAS/Pruebas Compensación/Terminación_de_Contrato_Definitivo (1)/select_--Seleccione--003 Familia Popayan'

2023-03-29 17:04:00 - [TEST_STEP][PASSED] - setText(findTestObject("2-OBJECTS TAREAS SECUNDARIAS/Pruebas Compensación/Terminación_de_Contrato_Definitivo/input_Cuenta_entidadempleado_formtabtablaCampos0referencia"), "12345678910"): Text '12345678910' is set on object 'Object Repository/2-OBJECTS TAREAS SECUNDARIAS/Pruebas Compensación/Terminación_de_Contrato_Definitivo/input_Cuenta_entidadempleado_formtabtablaCampos0referencia'

2023-03-29 17:04:01 - [MESSAGE][PASSED] - Text '12345678910' is set on object 'Object Repository/2-OBJECTS TAREAS SECUNDARIAS/Pruebas Compensación/Terminación_de_Contrato_Definitivo/input_Cuenta_entidadempleado_formtabtablaCampos0referencia'

2023-03-29 17:04:01 - [TEST_STEP][PASSED] - setText(findTestObject("2-OBJECTS TAREAS SECUNDARIAS/Pruebas Compensación/Terminación_de_Contrato_Definitivo/input_Bco Destino_entidadempleado_formtabtablaCampos1valor"), "5"): Text '5' is set on object 'Object Repository/2-OBJECTS TAREAS SECUNDARIAS/Pruebas Compensación/Terminación_de_Contrato_Definitivo/input_Bco Destino_entidadempleado_formtabtablaCampos1valor'

2023-03-29 17:04:02 - [MESSAGE][PASSED] - Text '5' is set on object 'Object Repository/2-OBJECTS TAREAS SECUNDARIAS/Pruebas Compensación/Terminación_de_Contrato_Definitivo/input_Bco Destino_entidadempleado_formtabtablaCampos1valor'

2023-03-29 17:04:02 - [TEST_STEP][PASSED] - setText(findTestObject("2-OBJECTS TAREAS SECUNDARIAS/Pruebas Compensación/Terminación_de_Contrato_Definitivo/input_Tipo de cuenta_entidadempleado_formtabtablaCampos2sucReferencia"), "Corriente"): Text 'Corriente' is set on object 'Object Repository/2-OBJECTS TAREAS SECUNDARIAS/Pruebas Compensación/Terminación_de_Contrato_Definitivo/input_Tipo de cuenta_entidadempleado_formtabtablaCampos2sucReferencia'

2023-03-29 17:04:03 - [MESSAGE][PASSED] - Text 'Corriente' is set on object 'Object Repository/2-OBJECTS TAREAS SECUNDARIAS/Pruebas Compensación/Terminación_de_Contrato_Definitivo/input_Tipo de cuenta_entidadempleado_formtabtablaCampos2sucReferencia'

2023-03-29 17:04:03 - [TEST_STEP][PASSED] - setText(findTestObject("2-OBJECTS TAREAS SECUNDARIAS/Pruebas Compensación/Terminación_de_Contrato_Definitivo/input_Tipo Cuenta 1ahorro 2 corr_entidadempleado_formtabtablaCampos4tipo"), "1"): Text '1' is set on object 'Object Repository/2-OBJECTS TAREAS SECUNDARIAS/Pruebas Compensación/Terminación_de_Contrato_Definitivo/input_Tipo Cuenta 1ahorro 2 corr_entidadempleado_formtabtablaCampos4tipo'

2023-03-29 17:04:04 - [MESSAGE][PASSED] - Text '1' is set on object 'Object Repository/2-OBJECTS TAREAS SECUNDARIAS/Pruebas Compensación/Terminación_de_Contrato_Definitivo/input_Tipo Cuenta 1ahorro 2 corr_entidadempleado_formtabtablaCampos4tipo'

2023-03-29 17:04:04 - [TEST_STEP][PASSED] - click(findTestObject("2-OBJECTS TAREAS SECUNDARIAS/Pruebas Compensación/Terminación_de_Contrato_Definitivo/a_Aplicar2")): Object: 'Object Repository/2-OBJECTS TAREAS SECUNDARIAS/Pruebas Compensación/Terminación_de_Contrato_Definitivo/a_Aplicar2' is clicked on

2023-03-29 17:04:04 - [MESSAGE][PASSED] - Object: 'Object Repository/2-OBJECTS TAREAS SECUNDARIAS/Pruebas Compensación/Terminación_de_Contrato_Definitivo/a_Aplicar2' is clicked on

2023-03-29 17:04:04 - [TEST_STEP][PASSED] - click(findTestObject("1-OBJECTS TAREAS PRINCIPALES/Modulo Tarea Actos Administrativos/Elaboracion Acto Cambio de Empleado/span_CAJA DE COMPENSACION")): Object: 'Object Repository/1-OBJECTS TAREAS PRINCIPALES/Modulo Tarea Actos Administrativos/Elaboracion Acto Cambio de Empleado/span_CAJA DE COMPENSACION' is clicked on

2023-03-29 17:04:05 - [MESSAGE][PASSED] - Object: 'Object Repository/1-OBJECTS TAREAS PRINCIPALES/Modulo Tarea Actos Administrativos/Elaboracion Acto Cambio de Empleado/span_CAJA DE COMPENSACION' is clicked on

2023-03-29 17:04:05 - [TEST_STEP][PASSED] - click(findTestObject("2-OBJECTS TAREAS SECUNDARIAS/Pruebas Compensación/Terminación_de_Contrato_Definitivo (2)/span_Ccf - Compensar")): Object: 'Object Repository/2-OBJECTS TAREAS SECUNDARIAS/Pruebas Compensación/Terminación_de_Contrato_Definitivo (2)/span_Ccf - Compensar' is clicked on

2023-03-29 17:04:05 - [MESSAGE][PASSED] - Object: 'Object Repository/2-OBJECTS TAREAS SECUNDARIAS/Pruebas Compensación/Terminación_de_Contrato_Definitivo (2)/span_Ccf - Compensar' is clicked on

2023-03-29 17:04:05 - [TEST_STEP][PASSED] - click(findTestObject("2-OBJECTS TAREAS SECUNDARIAS/Pruebas Compensación/Terminación_de_Contrato_Definitivo/a_Continuar")): Object: 'Object Repository/2-OBJECTS TAREAS SECUNDARIAS/Pruebas Compensación/Terminación_de_Contrato_Definitivo/a_Continuar' is clicked on

2023-03-29 17:04:06 - [MESSAGE][PASSED] - Object: 'Object Repository/2-OBJECTS TAREAS SECUNDARIAS/Pruebas Compensación/Terminación_de_Contrato_Definitivo/a_Continuar' is clicked on

2023-03-29 17:04:06 - [TEST_STEP][PASSED] - Puesto = getText(findTestObject("2-OBJECTS TAREAS SECUNDARIAS/Pruebas Compensación/Terminación_de_Contrato_Definitivo (2)/td_10247")): Text of object 'Object Repository/2-OBJECTS TAREAS SECUNDARIAS/Pruebas Compensación/Terminación_de_Contrato_Definitivo (2)/td_10247' is: '11052'

2023-03-29 17:04:07 - [MESSAGE][PASSED] - Text of object 'Object Repository/2-OBJECTS TAREAS SECUNDARIAS/Pruebas Compensación/Terminación_de_Contrato_Definitivo (2)/td_10247' is: '11052'

2023-03-29 17:04:07 - [TEST_STEP][PASSED] - click(findTestObject("2-OBJECTS TAREAS SECUNDARIAS/Pruebas Compensación/Terminación_de_Contrato_Definitivo (2)/td_10247")): Object: 'Object Repository/2-OBJECTS TAREAS SECUNDARIAS/Pruebas Compensación/Terminación_de_Contrato_Definitivo (2)/td_10247' is clicked on

2023-03-29 17:04:08 - [MESSAGE][PASSED] - Object: 'Object Repository/2-OBJECTS TAREAS SECUNDARIAS/Pruebas Compensación/Terminación_de_Contrato_Definitivo (2)/td_10247' is clicked on

2023-03-29 17:04:08 - [TEST_STEP][PASSED] - click(findTestObject("2-OBJECTS TAREAS SECUNDARIAS/Pruebas Compensación/Terminación_de_Contrato_Definitivo/a_Actualizar(1)")): Object: 'Object Repository/2-OBJECTS TAREAS SECUNDARIAS/Pruebas Compensación/Terminación_de_Contrato_Definitivo/a_Actualizar(1)' is clicked on

2023-03-29 17:04:09 - [MESSAGE][PASSED] - Object: 'Object Repository/2-OBJECTS TAREAS SECUNDARIAS/Pruebas Compensación/Terminación_de_Contrato_Definitivo/a_Actualizar(1)' is clicked on

2023-03-29 17:04:09 - [TEST_STEP][PASSED] - selectOptionByIndex(findTestObject("2-OBJECTS TAREAS SECUNDARIAS/Pruebas Compensación/Terminación_de_Contrato_Definitivo (1)/select_NOMINA MENSUALNOMINA QUINCENAL"), 2): All options with index in [2] are selected on object 'Object Repository/2-OBJECTS TAREAS SECUNDARIAS/Pruebas Compensación/Terminación_de_Contrato_Definitivo (1)/select_NOMINA MENSUALNOMINA QUINCENAL'

2023-03-29 17:04:10 - [MESSAGE][PASSED] - All options with index in [2] are selected on object 'Object Repository/2-OBJECTS TAREAS SECUNDARIAS/Pruebas Compensación/Terminación_de_Contrato_Definitivo (1)/select_NOMINA MENSUALNOMINA QUINCENAL'

2023-03-29 17:04:10 - [TEST_STEP][PASSED] - selectOptionByIndex(findTestObject("2-OBJECTS TAREAS SECUNDARIAS/Pruebas Compensación/Terminación_de_Contrato_Definitivo (1)/select_ADMINISTRATIVOSAPRENDICESEMPLEADOFBROLESTSMECANICOS"), 1): All options with index in [1] are selected on object 'Object Repository/2-OBJECTS TAREAS SECUNDARIAS/Pruebas Compensación/Terminación_de_Contrato_Definitivo (1)/select_ADMINISTRATIVOSAPRENDICESEMPLEADOFBROLESTSMECANICOS'

2023-03-29 17:04:11 - [MESSAGE][PASSED] - All options with index in [1] are selected on object 'Object Repository/2-OBJECTS TAREAS SECUNDARIAS/Pruebas Compensación/Terminación_de_Contrato_Definitivo (1)/select_ADMINISTRATIVOSAPRENDICESEMPLEADOFBROLESTSMECANICOS'

2023-03-29 17:04:11 - [TEST_STEP][PASSED] - click(findTestObject("2-OBJECTS TAREAS SECUNDARIAS/Pruebas Compensación/Terminación_de_Contrato_Definitivo/a_Continuar")): Object: 'Object Repository/2-OBJECTS TAREAS SECUNDARIAS/Pruebas Compensación/Terminación_de_Contrato_Definitivo/a_Continuar' is clicked on

2023-03-29 17:04:12 - [MESSAGE][PASSED] - Object: 'Object Repository/2-OBJECTS TAREAS SECUNDARIAS/Pruebas Compensación/Terminación_de_Contrato_Definitivo/a_Continuar' is clicked on

2023-03-29 17:04:12 - [TEST_STEP][PASSED] - click(findTestObject("2-OBJECTS TAREAS SECUNDARIAS/Pruebas Compensación/Terminación_de_Contrato_Definitivo/a_Descargar pdf")): Object: 'Object Repository/2-OBJECTS TAREAS SECUNDARIAS/Pruebas Compensación/Terminación_de_Contrato_Definitivo/a_Descargar pdf' is clicked on

2023-03-29 17:04:16 - [MESSAGE][PASSED] - Object: 'Object Repository/2-OBJECTS TAREAS SECUNDARIAS/Pruebas Compensación/Terminación_de_Contrato_Definitivo/a_Descargar pdf' is clicked on

2023-03-29 17:04:16 - [TEST_STEP][PASSED] - switchToWindowTitle("SARA"): Switched to window with title: 'SARA'

2023-03-29 17:04:17 - [MESSAGE][PASSED] - Switched to window with title: 'SARA'

2023-03-29 17:04:17 - [TEST_STEP][PASSED] - click(findTestObject("2-OBJECTS TAREAS SECUNDARIAS/Pruebas Compensación/Terminación_de_Contrato_Definitivo/a_Aplicar - Copy")): Object: 'Object Repository/2-OBJECTS TAREAS SECUNDARIAS/Pruebas Compensación/Terminación_de_Contrato_Definitivo/a_Aplicar - Copy' is clicked on

2023-03-29 17:04:17 - [MESSAGE][PASSED] - Object: 'Object Repository/2-OBJECTS TAREAS SECUNDARIAS/Pruebas Compensación/Terminación_de_Contrato_Definitivo/a_Aplicar - Copy' is clicked on

2023-03-29 17:04:17 - [TEST_STEP][PASSED] - informacion = "": null

2023-03-29 17:04:17 - [TEST_STEP][PASSED] - if (waitForElementVisible(findTestObject("2-OBJECTS TAREAS SECUNDARIAS/Pruebas Compensación/Terminación_de_Contrato_Definitivo (2)/a_informacion"), 1)): null

2023-03-29 17:04:18 - [MESSAGE][PASSED] - Object 'Object Repository/2-OBJECTS TAREAS SECUNDARIAS/Pruebas Compensación/Terminación_de_Contrato_Definitivo (2)/a_informacion' is visible

2023-03-29 17:04:18 - [TEST_STEP][PASSED] - informacion = getText(findTestObject("2-OBJECTS TAREAS SECUNDARIAS/Pruebas Compensación/Terminación_de_Contrato_Definitivo (2)/a_informacion")): Text of object 'Object Repository/2-OBJECTS TAREAS SECUNDARIAS/Pruebas Compensación/Terminación_de_Contrato_Definitivo (2)/a_informacion' is: 'EL SISTEMA HA GENERADO EL ACTO ADMINISTRATIVO CORRECTAMENTE'

2023-03-29 17:04:19 - [MESSAGE][PASSED] - Text of object 'Object Repository/2-OBJECTS TAREAS SECUNDARIAS/Pruebas Compensación/Terminación_de_Contrato_Definitivo (2)/a_informacion' is: 'EL SISTEMA HA GENERADO EL ACTO ADMINISTRATIVO CORRECTAMENTE'

2023-03-29 17:04:19 - [TEST_STEP][PASSED] - click(findTestObject("2-OBJECTS TAREAS SECUNDARIAS/Pruebas Compensación/Terminación_de_Contrato_Definitivo (2)/a_Aceptar")): Object: 'Object Repository/2-OBJECTS TAREAS SECUNDARIAS/Pruebas Compensación/Terminación_de_Contrato_Definitivo (2)/a_Aceptar' is clicked on

2023-03-29 17:04:19 - [MESSAGE][PASSED] - Object: 'Object Repository/2-OBJECTS TAREAS SECUNDARIAS/Pruebas Compensación/Terminación_de_Contrato_Definitivo (2)/a_Aceptar' is clicked on

2023-03-29 17:04:19 - [TEST_STEP][PASSED] - callTestCase(findTestCase("Utilidades-(atajos_para _tareas)/Tareas Actos Administrativos/Legalizar"), [:], STOP_ON_FAILURE): Call Test Case 'Test Cases/Utilidades-(atajos_para _tareas)/Tareas Actos Administrativos/Legalizar' successfully

2023-03-29 17:04:19 - [TEST_CASE][PASSED] - Test Cases/Utilidades-(atajos_para _tareas)/Tareas Actos Administrativos/Legalizar: Test Cases/Utilidades-(atajos_para _tareas)/Tareas Actos Administrativos/Legalizar

2023-03-29 17:04:20 - [TEST_STEP][PASSED] - actualizar(): null

2023-03-29 17:04:20 - [TEST_STEP][PASSED] - robot = new java.awt.Robot(): null

2023-03-29 17:04:20 - [TEST_STEP][PASSED] - robot.keyPress(VK_CONTROL): null

2023-03-29 17:04:20 - [TEST_STEP][PASSED] - robot.keyPress(VK_SHIFT): null

2023-03-29 17:04:20 - [TEST_STEP][PASSED] - robot.keyRelease(VK_R): null

2023-03-29 17:04:20 - [TEST_STEP][PASSED] - click(findTestObject("3-OBJECTS UTILIDADES/Legalizar/span_Acto cambio del Empleado")): Object: 'Object Repository/3-OBJECTS UTILIDADES/Legalizar/span_Acto cambio del Empleado' is clicked on

2023-03-29 17:04:20 - [MESSAGE][PASSED] - Object: 'Object Repository/3-OBJECTS UTILIDADES/Legalizar/span_Acto cambio del Empleado' is clicked on

2023-03-29 17:04:20 - [TEST_STEP][PASSED] - text1 = getText(findTestObject("3-OBJECTS UTILIDADES/Legalizar/span_Elaborar")): Text of object 'Object Repository/3-OBJECTS UTILIDADES/Legalizar/span_Elaborar' is: 'Elaborar'

2023-03-29 17:04:20 - [MESSAGE][PASSED] - Text of object 'Object Repository/3-OBJECTS UTILIDADES/Legalizar/span_Elaborar' is: 'Elaborar'

2023-03-29 17:04:20 - [TEST_STEP][PASSED] - text2 = getText(findTestObject("3-OBJECTS UTILIDADES/Legalizar/span_Eliminar")): Text of object 'Object Repository/3-OBJECTS UTILIDADES/Legalizar/span_Eliminar' is: 'Eliminar'

2023-03-29 17:04:21 - [MESSAGE][PASSED] - Text of object 'Object Repository/3-OBJECTS UTILIDADES/Legalizar/span_Eliminar' is: 'Eliminar'

2023-03-29 17:04:21 - [TEST_STEP][PASSED] - text3 = getText(findTestObject("3-OBJECTS UTILIDADES/Legalizar/span_Legalizar")): Text of object 'Object Repository/3-OBJECTS UTILIDADES/Legalizar/span_Legalizar' is: 'Legalizar'

2023-03-29 17:04:21 - [MESSAGE][PASSED] - Text of object 'Object Repository/3-OBJECTS UTILIDADES/Legalizar/span_Legalizar' is: 'Legalizar'

2023-03-29 17:04:21 - [TEST_STEP][PASSED] - text4 = getText(findTestObject("3-OBJECTS UTILIDADES/Legalizar/span_Modificar")): Text of object 'Object Repository/3-OBJECTS UTILIDADES/Legalizar/span_Modificar' is: 'Modificar'

2023-03-29 17:04:21 - [MESSAGE][PASSED] - Text of object 'Object Repository/3-OBJECTS UTILIDADES/Legalizar/span_Modificar' is: 'Modificar'

2023-03-29 17:04:21 - [TEST_STEP][PASSED] - if (text1 == "Legalizar"): null

2023-03-29 17:04:21 - [TEST_STEP][PASSED] - else if (text2 == "Legalizar"): null

2023-03-29 17:04:21 - [TEST_STEP][PASSED] - else if (text3 == "Legalizar"): Object: 'Object Repository/3-OBJECTS UTILIDADES/Legalizar/a_ico3' is clicked on

2023-03-29 17:04:21 - [TEST_STEP][PASSED] - click(findTestObject("3-OBJECTS UTILIDADES/Legalizar/a_ico3")): Object: 'Object Repository/3-OBJECTS UTILIDADES/Legalizar/a_ico3' is clicked on

2023-03-29 17:04:22 - [MESSAGE][PASSED] - Object: 'Object Repository/3-OBJECTS UTILIDADES/Legalizar/a_ico3' is clicked on

2023-03-29 17:04:22 - [TEST_STEP][PASSED] - setText(findTestObject("3-OBJECTS UTILIDADES/Legalizar/input_Filtrar por Actos Administrativos_form_ActosAdministrativostabla_principal_actosj_idt115filter"), "Ingreso Definitivo Indefinido Salario Basico"): Text 'Ingreso Definitivo Indefinido Salario Basico' is set on object 'Object Repository/3-OBJECTS UTILIDADES/Legalizar/input_Filtrar por Actos Administrativos_form_ActosAdministrativostabla_principal_actosj_idt115filter'

2023-03-29 17:04:23 - [MESSAGE][PASSED] - Text 'Ingreso Definitivo Indefinido Salario Basico' is set on object 'Object Repository/3-OBJECTS UTILIDADES/Legalizar/input_Filtrar por Actos Administrativos_form_ActosAdministrativostabla_principal_actosj_idt115filter'

2023-03-29 17:04:23 - [TEST_STEP][PASSED] - sendKeys(findTestObject("3-OBJECTS UTILIDADES/Legalizar/input_Filtrar por Actos Administrativos_form_ActosAdministrativostabla_principal_actosj_idt115filter"), Keys.chord(ENTER)): Keys 'ENTER + ' sent to object: 'Object Repository/3-OBJECTS UTILIDADES/Legalizar/input_Filtrar por Actos Administrativos_form_ActosAdministrativostabla_principal_actosj_idt115filter'

2023-03-29 17:04:23 - [MESSAGE][PASSED] - Keys 'ENTER + ' sent to object: 'Object Repository/3-OBJECTS UTILIDADES/Legalizar/input_Filtrar por Actos Administrativos_form_ActosAdministrativostabla_principal_actosj_idt115filter'

2023-03-29 17:04:23 - [TEST_STEP][PASSED] - while (waitForElementVisible(findTestObject("3-OBJECTS UTILIDADES/Legalizar/td_Ingreso Definitivo Indefinido Salario Basico"), 2)): null

2023-03-29 17:04:24 - [MESSAGE][PASSED] - Object 'Object Repository/3-OBJECTS UTILIDADES/Legalizar/td_Ingreso Definitivo Indefinido Salario Basico' is visible

2023-03-29 17:04:24 - [TEST_STEP][PASSED] - click(findTestObject("3-OBJECTS UTILIDADES/Legalizar/td_Ingreso Definitivo Indefinido Salario Basico")): Object: 'Object Repository/3-OBJECTS UTILIDADES/Legalizar/td_Ingreso Definitivo Indefinido Salario Basico' is clicked on

2023-03-29 17:04:24 - [MESSAGE][PASSED] - Object: 'Object Repository/3-OBJECTS UTILIDADES/Legalizar/td_Ingreso Definitivo Indefinido Salario Basico' is clicked on

2023-03-29 17:04:24 - [TEST_STEP][PASSED] - click(findTestObject("3-OBJECTS UTILIDADES/Legalizar/a_Continuar")): Object: 'Object Repository/3-OBJECTS UTILIDADES/Legalizar/a_Continuar' is clicked on

2023-03-29 17:04:25 - [MESSAGE][PASSED] - Object: 'Object Repository/3-OBJECTS UTILIDADES/Legalizar/a_Continuar' is clicked on

2023-03-29 17:04:25 - [TEST_STEP][PASSED] - click(findTestObject("3-OBJECTS UTILIDADES/Legalizar/a_Aplicar")): Object: 'Object Repository/3-OBJECTS UTILIDADES/Legalizar/a_Aplicar' is clicked on

2023-03-29 17:04:26 - [MESSAGE][PASSED] - Object: 'Object Repository/3-OBJECTS UTILIDADES/Legalizar/a_Aplicar' is clicked on

2023-03-29 17:04:26 - [TEST_STEP][PASSED] - if (waitForElementVisible(findTestObject("3-OBJECTS UTILIDADES/Alerta/Alerta"), 1)): Web element with id: 'Object Repository/3-OBJECTS UTILIDADES/Alerta/Alerta' located by '
//*[@id="growl_container"]/div/div/div[2]/p' not found

2023-03-29 17:04:29 - [MESSAGE][INFO] - Unable to find the element located by 'By.xpath: 
//*[@id="growl_container"]/div/div/div[2]/p'. Please recheck the objects properties to make sure the desired element is located. 

2023-03-29 17:04:29 - [MESSAGE][WARNING] - Web element with id: 'Object Repository/3-OBJECTS UTILIDADES/Alerta/Alerta' located by '
//*[@id="growl_container"]/div/div/div[2]/p' not found

2023-03-29 17:04:29 - [TEST_STEP][PASSED] - if (waitForElementVisible(findTestObject("3-OBJECTS UTILIDADES/Legalizar/a_Cancelar"), 1)): null

2023-03-29 17:04:29 - [MESSAGE][PASSED] - Object 'Object Repository/3-OBJECTS UTILIDADES/Legalizar/a_Cancelar' is visible

2023-03-29 17:04:29 - [TEST_STEP][PASSED] - click(findTestObject("3-OBJECTS UTILIDADES/Legalizar/a_Cancelar")): Object: 'Object Repository/3-OBJECTS UTILIDADES/Legalizar/a_Cancelar' is clicked on

2023-03-29 17:04:30 - [MESSAGE][PASSED] - Object: 'Object Repository/3-OBJECTS UTILIDADES/Legalizar/a_Cancelar' is clicked on

2023-03-29 17:04:30 - [TEST_STEP][PASSED] - setText(findTestObject("3-OBJECTS UTILIDADES/Legalizar/input_Filtrar por Actos Administrativos_form_ActosAdministrativostabla_principal_actosj_idt115filter"), "Ingreso Definitivo Indefinido Salario Basico"): Text 'Ingreso Definitivo Indefinido Salario Basico' is set on object 'Object Repository/3-OBJECTS UTILIDADES/Legalizar/input_Filtrar por Actos Administrativos_form_ActosAdministrativostabla_principal_actosj_idt115filter'

2023-03-29 17:04:31 - [MESSAGE][PASSED] - Text 'Ingreso Definitivo Indefinido Salario Basico' is set on object 'Object Repository/3-OBJECTS UTILIDADES/Legalizar/input_Filtrar por Actos Administrativos_form_ActosAdministrativostabla_principal_actosj_idt115filter'

2023-03-29 17:04:31 - [TEST_STEP][PASSED] - sendKeys(findTestObject("3-OBJECTS UTILIDADES/Legalizar/input_Filtrar por Actos Administrativos_form_ActosAdministrativostabla_principal_actosj_idt115filter"), Keys.chord(ENTER)): Keys 'ENTER + ' sent to object: 'Object Repository/3-OBJECTS UTILIDADES/Legalizar/input_Filtrar por Actos Administrativos_form_ActosAdministrativostabla_principal_actosj_idt115filter'

2023-03-29 17:04:32 - [MESSAGE][PASSED] - Keys 'ENTER + ' sent to object: 'Object Repository/3-OBJECTS UTILIDADES/Legalizar/input_Filtrar por Actos Administrativos_form_ActosAdministrativostabla_principal_actosj_idt115filter'

2023-03-29 17:04:32 - [TEST_STEP][PASSED] - while (waitForElementVisible(findTestObject("3-OBJECTS UTILIDADES/Legalizar/td_Ingreso Definitivo Indefinido Salario Basico"), 1)): Web element with id: 'Object Repository/3-OBJECTS UTILIDADES/Legalizar/td_Ingreso Definitivo Indefinido Salario Basico' located by '//*/text()[normalize-space(.)='Ingreso Definitivo Indefinido Salario Basico']/parent::*' not found

2023-03-29 17:04:34 - [MESSAGE][INFO] - Unable to find the element located by 'By.xpath: //*/text()[normalize-space(.)='Ingreso Definitivo Indefinido Salario Basico']/parent::*'. Please recheck the objects properties to make sure the desired element is located. 

2023-03-29 17:04:34 - [MESSAGE][WARNING] - Web element with id: 'Object Repository/3-OBJECTS UTILIDADES/Legalizar/td_Ingreso Definitivo Indefinido Salario Basico' located by '//*/text()[normalize-space(.)='Ingreso Definitivo Indefinido Salario Basico']/parent::*' not found

2023-03-29 17:04:34 - [TEST_STEP][PASSED] - if (waitForElementVisible(findTestObject("3-OBJECTS UTILIDADES/Legalizar/a_Cancelar"), 2)): Web element with id: 'Object Repository/3-OBJECTS UTILIDADES/Legalizar/td_Ingreso Definitivo Indefinido Salario Basico' located by '//*/text()[normalize-space(.)='Ingreso Definitivo Indefinido Salario Basico']/parent::*' not found

2023-03-29 17:04:37 - [MESSAGE][INFO] - Unable to find the element located by 'By.xpath: //a[contains(text(),'Cancelar')]'. Please recheck the objects properties to make sure the desired element is located. 

2023-03-29 17:04:37 - [MESSAGE][WARNING] - Web element with id: 'Object Repository/3-OBJECTS UTILIDADES/Legalizar/a_Cancelar' located by '//a[contains(text(),'Cancelar')]' not found

2023-03-29 17:04:40 - [MESSAGE][INFO] - Unable to find the element located by 'By.xpath: //*/text()[normalize-space(.)='Ingreso Definitivo Indefinido Salario Basico']/parent::*'. Please recheck the objects properties to make sure the desired element is located. 

2023-03-29 17:04:40 - [MESSAGE][WARNING] - Web element with id: 'Object Repository/3-OBJECTS UTILIDADES/Legalizar/td_Ingreso Definitivo Indefinido Salario Basico' located by '//*/text()[normalize-space(.)='Ingreso Definitivo Indefinido Salario Basico']/parent::*' not found

2023-03-29 17:04:40 - [MESSAGE][PASSED] - Call Test Case 'Test Cases/Utilidades-(atajos_para _tareas)/Tareas Actos Administrativos/Legalizar' successfully

2023-03-29 17:04:40 - [TEST_STEP][PASSED] - if (waitForElementVisible(findTestObject("2-OBJECTS TAREAS SECUNDARIAS/Pruebas Compensación/Terminación_de_Contrato_Definitivo/p_Puesto de trabajo ocupado (A1           12)"), 1)): Web element with id: 'Object Repository/2-OBJECTS TAREAS SECUNDARIAS/Pruebas Compensación/Terminación_de_Contrato_Definitivo/p_Puesto de trabajo ocupado (A1           12)' located by '//p' not found

2023-03-29 17:04:43 - [MESSAGE][INFO] - Unable to find the element located by 'By.xpath: //p'. Please recheck the objects properties to make sure the desired element is located. 

2023-03-29 17:04:43 - [MESSAGE][WARNING] - Web element with id: 'Object Repository/2-OBJECTS TAREAS SECUNDARIAS/Pruebas Compensación/Terminación_de_Contrato_Definitivo/p_Puesto de trabajo ocupado (A1           12)' located by '//p' not found

2023-03-29 17:04:43 - [TEST_STEP][PASSED] - else: null

2023-03-29 17:04:43 - [TEST_STEP][PASSED] - if (waitForElementVisible(findTestObject("2-OBJECTS TAREAS SECUNDARIAS/Pruebas Compensación/Terminación_de_Contrato_Definitivo/a_Cancelar"), 1)): Web element with id: 'Object Repository/2-OBJECTS TAREAS SECUNDARIAS/Pruebas Compensación/Terminación_de_Contrato_Definitivo/a_Cancelar' located by '//a[contains(text(),'Cancelar')]' not found

2023-03-29 17:04:45 - [MESSAGE][INFO] - Unable to find the element located by 'By.xpath: //a[contains(text(),'Cancelar')]'. Please recheck the objects properties to make sure the desired element is located. 

2023-03-29 17:04:45 - [MESSAGE][WARNING] - Web element with id: 'Object Repository/2-OBJECTS TAREAS SECUNDARIAS/Pruebas Compensación/Terminación_de_Contrato_Definitivo/a_Cancelar' located by '//a[contains(text(),'Cancelar')]' not found

2023-03-29 17:04:45 - [TEST_STEP][PASSED] - setText(findTestObject("2-OBJECTS TAREAS SECUNDARIAS/Pruebas Compensación/Terminación_de_Contrato_Definitivo/input_Empresa 1_form_templatej_idt24_input"), "Actos administrativos"): Text 'Actos administrativos' is set on object 'Object Repository/2-OBJECTS TAREAS SECUNDARIAS/Pruebas Compensación/Terminación_de_Contrato_Definitivo/input_Empresa 1_form_templatej_idt24_input'

2023-03-29 17:04:45 - [MESSAGE][PASSED] - Text 'Actos administrativos' is set on object 'Object Repository/2-OBJECTS TAREAS SECUNDARIAS/Pruebas Compensación/Terminación_de_Contrato_Definitivo/input_Empresa 1_form_templatej_idt24_input'

2023-03-29 17:04:46 - [TEST_STEP][PASSED] - click(findTestObject("2-OBJECTS TAREAS SECUNDARIAS/Pruebas Compensación/Terminación_de_Contrato_Definitivo (2)/span_Actos Administrativos")): Object: 'Object Repository/2-OBJECTS TAREAS SECUNDARIAS/Pruebas Compensación/Terminación_de_Contrato_Definitivo (2)/span_Actos Administrativos' is clicked on

2023-03-29 17:04:47 - [MESSAGE][PASSED] - Object: 'Object Repository/2-OBJECTS TAREAS SECUNDARIAS/Pruebas Compensación/Terminación_de_Contrato_Definitivo (2)/span_Actos Administrativos' is clicked on

2023-03-29 17:04:47 - [TEST_STEP][PASSED] - click(findTestObject("2-OBJECTS TAREAS SECUNDARIAS/Pruebas Compensación/Terminación_de_Contrato_Definitivo (2)/span_Actos de Retiro del empleado")): Object: 'Object Repository/2-OBJECTS TAREAS SECUNDARIAS/Pruebas Compensación/Terminación_de_Contrato_Definitivo (2)/span_Actos de Retiro del empleado' is clicked on

2023-03-29 17:04:48 - [MESSAGE][PASSED] - Object: 'Object Repository/2-OBJECTS TAREAS SECUNDARIAS/Pruebas Compensación/Terminación_de_Contrato_Definitivo (2)/span_Actos de Retiro del empleado' is clicked on

2023-03-29 17:04:48 - [TEST_STEP][PASSED] - click(findTestObject("2-OBJECTS TAREAS SECUNDARIAS/Pruebas Compensación/Terminación_de_Contrato_Definitivo/a_Regresar")): Object: 'Object Repository/2-OBJECTS TAREAS SECUNDARIAS/Pruebas Compensación/Terminación_de_Contrato_Definitivo/a_Regresar' is clicked on

2023-03-29 17:04:49 - [MESSAGE][PASSED] - Object: 'Object Repository/2-OBJECTS TAREAS SECUNDARIAS/Pruebas Compensación/Terminación_de_Contrato_Definitivo/a_Regresar' is clicked on

2023-03-29 17:04:49 - [TEST_STEP][PASSED] - click(findTestObject("2-OBJECTS TAREAS SECUNDARIAS/Pruebas Compensación/Terminación_de_Contrato_Definitivo/a_Actos de Retiro del empleado_form_ActosAdministrativostabla_principal_10j_idt79")): Object: 'Object Repository/2-OBJECTS TAREAS SECUNDARIAS/Pruebas Compensación/Terminación_de_Contrato_Definitivo/a_Actos de Retiro del empleado_form_ActosAdministrativostabla_principal_10j_idt79' is clicked on

2023-03-29 17:04:49 - [MESSAGE][PASSED] - Object: 'Object Repository/2-OBJECTS TAREAS SECUNDARIAS/Pruebas Compensación/Terminación_de_Contrato_Definitivo/a_Actos de Retiro del empleado_form_ActosAdministrativostabla_principal_10j_idt79' is clicked on

2023-03-29 17:04:49 - [TEST_STEP][PASSED] - click(findTestObject("2-OBJECTS TAREAS SECUNDARIAS/Pruebas Compensación/Terminación_de_Contrato_Definitivo/a_elaborar")): Object: 'Object Repository/2-OBJECTS TAREAS SECUNDARIAS/Pruebas Compensación/Terminación_de_Contrato_Definitivo/a_elaborar' is clicked on

2023-03-29 17:04:50 - [MESSAGE][PASSED] - Object: 'Object Repository/2-OBJECTS TAREAS SECUNDARIAS/Pruebas Compensación/Terminación_de_Contrato_Definitivo/a_elaborar' is clicked on

2023-03-29 17:04:50 - [TEST_STEP][PASSED] - click(findTestObject("2-OBJECTS TAREAS SECUNDARIAS/Pruebas Compensación/Terminación_de_Contrato_Definitivo (2)/span_terminacion de contrato")): Object: 'Object Repository/2-OBJECTS TAREAS SECUNDARIAS/Pruebas Compensación/Terminación_de_Contrato_Definitivo (2)/span_terminacion de contrato' is clicked on

2023-03-29 17:04:51 - [MESSAGE][PASSED] - Object: 'Object Repository/2-OBJECTS TAREAS SECUNDARIAS/Pruebas Compensación/Terminación_de_Contrato_Definitivo (2)/span_terminacion de contrato' is clicked on

2023-03-29 17:04:51 - [TEST_STEP][PASSED] - click(findTestObject("2-OBJECTS TAREAS SECUNDARIAS/Pruebas Compensación/Terminación_de_Contrato_Definitivo/a_Elaboracin_form_popupSeleccionDerogarj_idt138")): Object: 'Object Repository/2-OBJECTS TAREAS SECUNDARIAS/Pruebas Compensación/Terminación_de_Contrato_Definitivo/a_Elaboracin_form_popupSeleccionDerogarj_idt138' is clicked on

2023-03-29 17:04:51 - [MESSAGE][PASSED] - Object: 'Object Repository/2-OBJECTS TAREAS SECUNDARIAS/Pruebas Compensación/Terminación_de_Contrato_Definitivo/a_Elaboracin_form_popupSeleccionDerogarj_idt138' is clicked on

2023-03-29 17:04:51 - [TEST_STEP][PASSED] - click(findTestObject("2-OBJECTS TAREAS SECUNDARIAS/Pruebas Compensación/Terminación_de_Contrato_Definitivo/a_Identificacin_form_actoAusentismoj_idt938")): Object: 'Object Repository/2-OBJECTS TAREAS SECUNDARIAS/Pruebas Compensación/Terminación_de_Contrato_Definitivo/a_Identificacin_form_actoAusentismoj_idt938' is clicked on

2023-03-29 17:04:53 - [MESSAGE][PASSED] - Object: 'Object Repository/2-OBJECTS TAREAS SECUNDARIAS/Pruebas Compensación/Terminación_de_Contrato_Definitivo/a_Identificacin_form_actoAusentismoj_idt938' is clicked on

2023-03-29 17:04:53 - [TEST_STEP][PASSED] - setText(findTestObject("2-OBJECTS TAREAS SECUNDARIAS/Pruebas Compensación/Terminación_de_Contrato_Definitivo/input_Filtro Empleado_form_popupEmpleadoj_idt1208"), identificacion): Text '7854962' is set on object 'Object Repository/2-OBJECTS TAREAS SECUNDARIAS/Pruebas Compensación/Terminación_de_Contrato_Definitivo/input_Filtro Empleado_form_popupEmpleadoj_idt1208'

2023-03-29 17:04:54 - [MESSAGE][PASSED] - Text '7854962' is set on object 'Object Repository/2-OBJECTS TAREAS SECUNDARIAS/Pruebas Compensación/Terminación_de_Contrato_Definitivo/input_Filtro Empleado_form_popupEmpleadoj_idt1208'

2023-03-29 17:04:54 - [TEST_STEP][PASSED] - sendKeys(findTestObject("2-OBJECTS TAREAS SECUNDARIAS/Pruebas Compensación/Terminación_de_Contrato_Definitivo/input_Filtro Empleado_form_popupEmpleadoj_idt1208"), Keys.chord(ENTER)): Keys 'ENTER + ' sent to object: 'Object Repository/2-OBJECTS TAREAS SECUNDARIAS/Pruebas Compensación/Terminación_de_Contrato_Definitivo/input_Filtro Empleado_form_popupEmpleadoj_idt1208'

2023-03-29 17:04:54 - [MESSAGE][PASSED] - Keys 'ENTER + ' sent to object: 'Object Repository/2-OBJECTS TAREAS SECUNDARIAS/Pruebas Compensación/Terminación_de_Contrato_Definitivo/input_Filtro Empleado_form_popupEmpleadoj_idt1208'

2023-03-29 17:04:54 - [TEST_STEP][PASSED] - click(findTestObject("2-OBJECTS TAREAS SECUNDARIAS/Pruebas Compensación/Terminación_de_Contrato_Definitivo (2)/span_Chandler Francis 149223e7")): Object: 'Object Repository/2-OBJECTS TAREAS SECUNDARIAS/Pruebas Compensación/Terminación_de_Contrato_Definitivo (2)/span_Chandler Francis 149223e7' is clicked on

2023-03-29 17:04:55 - [MESSAGE][PASSED] - Object: 'Object Repository/2-OBJECTS TAREAS SECUNDARIAS/Pruebas Compensación/Terminación_de_Contrato_Definitivo (2)/span_Chandler Francis 149223e7' is clicked on

2023-03-29 17:04:55 - [TEST_STEP][PASSED] - click(findTestObject("2-OBJECTS TAREAS SECUNDARIAS/Pruebas Compensación/Terminación_de_Contrato_Definitivo/a_Continuar0")): Object: 'Object Repository/2-OBJECTS TAREAS SECUNDARIAS/Pruebas Compensación/Terminación_de_Contrato_Definitivo/a_Continuar0' is clicked on

2023-03-29 17:04:55 - [MESSAGE][PASSED] - Object: 'Object Repository/2-OBJECTS TAREAS SECUNDARIAS/Pruebas Compensación/Terminación_de_Contrato_Definitivo/a_Continuar0' is clicked on

2023-03-29 17:04:55 - [TEST_STEP][PASSED] - setText(findTestObject("2-OBJECTS TAREAS SECUNDARIAS/Pruebas Compensación/Terminación_de_Contrato_Definitivo/input__form_actoAusentismoj_idt15770fecha_input"), "02/07/2021"): Text '02/07/2021' is set on object 'Object Repository/2-OBJECTS TAREAS SECUNDARIAS/Pruebas Compensación/Terminación_de_Contrato_Definitivo/input__form_actoAusentismoj_idt15770fecha_input'

2023-03-29 17:04:56 - [MESSAGE][PASSED] - Text '02/07/2021' is set on object 'Object Repository/2-OBJECTS TAREAS SECUNDARIAS/Pruebas Compensación/Terminación_de_Contrato_Definitivo/input__form_actoAusentismoj_idt15770fecha_input'

2023-03-29 17:04:56 - [TEST_STEP][PASSED] - click(findTestObject("2-OBJECTS TAREAS SECUNDARIAS/Pruebas Compensación/Terminación_de_Contrato_Definitivo/a_Continuar1")): Object: 'Object Repository/2-OBJECTS TAREAS SECUNDARIAS/Pruebas Compensación/Terminación_de_Contrato_Definitivo/a_Continuar1' is clicked on

2023-03-29 17:04:57 - [MESSAGE][PASSED] - Object: 'Object Repository/2-OBJECTS TAREAS SECUNDARIAS/Pruebas Compensación/Terminación_de_Contrato_Definitivo/a_Continuar1' is clicked on

2023-03-29 17:04:57 - [TEST_STEP][PASSED] - click(findTestObject("2-OBJECTS TAREAS SECUNDARIAS/Pruebas Compensación/Terminación_de_Contrato_Definitivo/a_Aplicar1")): Object: 'Object Repository/2-OBJECTS TAREAS SECUNDARIAS/Pruebas Compensación/Terminación_de_Contrato_Definitivo/a_Aplicar1' is clicked on

2023-03-29 17:04:58 - [MESSAGE][PASSED] - Object: 'Object Repository/2-OBJECTS TAREAS SECUNDARIAS/Pruebas Compensación/Terminación_de_Contrato_Definitivo/a_Aplicar1' is clicked on

2023-03-29 17:04:58 - [TEST_STEP][PASSED] - click(findTestObject("2-OBJECTS TAREAS SECUNDARIAS/Pruebas Compensación/Terminación_de_Contrato_Definitivo (2)/span_Si1")): Object: 'Object Repository/2-OBJECTS TAREAS SECUNDARIAS/Pruebas Compensación/Terminación_de_Contrato_Definitivo (2)/span_Si1' is clicked on

2023-03-29 17:04:58 - [MESSAGE][PASSED] - Object: 'Object Repository/2-OBJECTS TAREAS SECUNDARIAS/Pruebas Compensación/Terminación_de_Contrato_Definitivo (2)/span_Si1' is clicked on

2023-03-29 17:04:58 - [TEST_STEP][PASSED] - click(findTestObject("2-OBJECTS TAREAS SECUNDARIAS/Pruebas Compensación/Terminación_de_Contrato_Definitivo/a_Aceptar1")): Object: 'Object Repository/2-OBJECTS TAREAS SECUNDARIAS/Pruebas Compensación/Terminación_de_Contrato_Definitivo/a_Aceptar1' is clicked on

2023-03-29 17:04:59 - [MESSAGE][PASSED] - Object: 'Object Repository/2-OBJECTS TAREAS SECUNDARIAS/Pruebas Compensación/Terminación_de_Contrato_Definitivo/a_Aceptar1' is clicked on

2023-03-29 17:04:59 - [TEST_STEP][PASSED] - click(findTestObject("2-OBJECTS TAREAS SECUNDARIAS/Pruebas Compensación/Terminación_de_Contrato_Definitivo/a_Eliminar_form_ActosAdministrativostabla_principal_12j_idt79")): Object: 'Object Repository/2-OBJECTS TAREAS SECUNDARIAS/Pruebas Compensación/Terminación_de_Contrato_Definitivo/a_Eliminar_form_ActosAdministrativostabla_principal_12j_idt79' is clicked on

2023-03-29 17:05:00 - [MESSAGE][PASSED] - Object: 'Object Repository/2-OBJECTS TAREAS SECUNDARIAS/Pruebas Compensación/Terminación_de_Contrato_Definitivo/a_Eliminar_form_ActosAdministrativostabla_principal_12j_idt79' is clicked on

2023-03-29 17:05:00 - [TEST_STEP][PASSED] - setText(findTestObject("2-OBJECTS TAREAS SECUNDARIAS/Pruebas Compensación/Terminación_de_Contrato_Definitivo/input_Filter by Identificacin_form_ActosAdministrativostabla_principal_actosj_idt118filter"), identificacion): Text '7854962' is set on object 'Object Repository/2-OBJECTS TAREAS SECUNDARIAS/Pruebas Compensación/Terminación_de_Contrato_Definitivo/input_Filter by Identificacin_form_ActosAdministrativostabla_principal_actosj_idt118filter'

2023-03-29 17:05:01 - [MESSAGE][PASSED] - Text '7854962' is set on object 'Object Repository/2-OBJECTS TAREAS SECUNDARIAS/Pruebas Compensación/Terminación_de_Contrato_Definitivo/input_Filter by Identificacin_form_ActosAdministrativostabla_principal_actosj_idt118filter'

2023-03-29 17:05:01 - [TEST_STEP][PASSED] - click(findTestObject("2-OBJECTS TAREAS SECUNDARIAS/Pruebas Compensación/Terminación_de_Contrato_Definitivo (2)/td_Cc")): Object: 'Object Repository/2-OBJECTS TAREAS SECUNDARIAS/Pruebas Compensación/Terminación_de_Contrato_Definitivo (2)/td_Cc' is clicked on

2023-03-29 17:05:02 - [MESSAGE][PASSED] - Object: 'Object Repository/2-OBJECTS TAREAS SECUNDARIAS/Pruebas Compensación/Terminación_de_Contrato_Definitivo (2)/td_Cc' is clicked on

2023-03-29 17:05:02 - [TEST_STEP][PASSED] - click(findTestObject("2-OBJECTS TAREAS SECUNDARIAS/Pruebas Compensación/Terminación_de_Contrato_Definitivo/a_Continuar3")): Object: 'Object Repository/2-OBJECTS TAREAS SECUNDARIAS/Pruebas Compensación/Terminación_de_Contrato_Definitivo/a_Continuar3' is clicked on

2023-03-29 17:05:02 - [MESSAGE][PASSED] - Object: 'Object Repository/2-OBJECTS TAREAS SECUNDARIAS/Pruebas Compensación/Terminación_de_Contrato_Definitivo/a_Continuar3' is clicked on

2023-03-29 17:05:02 - [TEST_STEP][PASSED] - click(findTestObject("2-OBJECTS TAREAS SECUNDARIAS/Pruebas Compensación/Terminación_de_Contrato_Definitivo/a_Aplicar3")): Object: 'Object Repository/2-OBJECTS TAREAS SECUNDARIAS/Pruebas Compensación/Terminación_de_Contrato_Definitivo/a_Aplicar3' is clicked on

2023-03-29 17:05:03 - [MESSAGE][PASSED] - Object: 'Object Repository/2-OBJECTS TAREAS SECUNDARIAS/Pruebas Compensación/Terminación_de_Contrato_Definitivo/a_Aplicar3' is clicked on

2023-03-29 17:05:03 - [TEST_STEP][PASSED] - click(findTestObject("2-OBJECTS TAREAS SECUNDARIAS/Pruebas Compensación/Terminación_de_Contrato_Definitivo (2)/span_Si3")): Object: 'Object Repository/2-OBJECTS TAREAS SECUNDARIAS/Pruebas Compensación/Terminación_de_Contrato_Definitivo (2)/span_Si3' is clicked on

2023-03-29 17:05:04 - [MESSAGE][PASSED] - Object: 'Object Repository/2-OBJECTS TAREAS SECUNDARIAS/Pruebas Compensación/Terminación_de_Contrato_Definitivo (2)/span_Si3' is clicked on

2023-03-29 17:05:04 - [TEST_STEP][PASSED] - click(findTestObject("2-OBJECTS TAREAS SECUNDARIAS/Pruebas Compensación/Terminación_de_Contrato_Definitivo/label_EL SISTEMA HA GENERADO EL ACTO ADMINISTRATIVO CORRECTAMENTE")): Object: 'Object Repository/2-OBJECTS TAREAS SECUNDARIAS/Pruebas Compensación/Terminación_de_Contrato_Definitivo/label_EL SISTEMA HA GENERADO EL ACTO ADMINISTRATIVO CORRECTAMENTE' is clicked on

2023-03-29 17:05:05 - [MESSAGE][PASSED] - Object: 'Object Repository/2-OBJECTS TAREAS SECUNDARIAS/Pruebas Compensación/Terminación_de_Contrato_Definitivo/label_EL SISTEMA HA GENERADO EL ACTO ADMINISTRATIVO CORRECTAMENTE' is clicked on

2023-03-29 17:05:05 - [TEST_STEP][PASSED] - click(findTestObject("2-OBJECTS TAREAS SECUNDARIAS/Pruebas Compensación/Terminación_de_Contrato_Definitivo/a_Aceptar3")): Object: 'Object Repository/2-OBJECTS TAREAS SECUNDARIAS/Pruebas Compensación/Terminación_de_Contrato_Definitivo/a_Aceptar3' is clicked on

2023-03-29 17:05:05 - [MESSAGE][PASSED] - Object: 'Object Repository/2-OBJECTS TAREAS SECUNDARIAS/Pruebas Compensación/Terminación_de_Contrato_Definitivo/a_Aceptar3' is clicked on

2023-03-29 17:05:05 - [TEST_STEP][PASSED] - setText(findTestObject("2-OBJECTS TAREAS SECUNDARIAS/Pruebas Compensación/Terminación_de_Contrato_Definitivo/input_Empresa 1_form_templatej_idt24_input"), "Listado de Empleados"): Text 'Listado de Empleados' is set on object 'Object Repository/2-OBJECTS TAREAS SECUNDARIAS/Pruebas Compensación/Terminación_de_Contrato_Definitivo/input_Empresa 1_form_templatej_idt24_input'

2023-03-29 17:05:06 - [MESSAGE][PASSED] - Text 'Listado de Empleados' is set on object 'Object Repository/2-OBJECTS TAREAS SECUNDARIAS/Pruebas Compensación/Terminación_de_Contrato_Definitivo/input_Empresa 1_form_templatej_idt24_input'

2023-03-29 17:05:06 - [TEST_STEP][PASSED] - click(findTestObject("2-OBJECTS TAREAS SECUNDARIAS/Pruebas Compensación/Terminación_de_Contrato_Definitivo (2)/span_Empleados")): Object: 'Object Repository/2-OBJECTS TAREAS SECUNDARIAS/Pruebas Compensación/Terminación_de_Contrato_Definitivo (2)/span_Empleados' is clicked on

2023-03-29 17:05:07 - [MESSAGE][PASSED] - Object: 'Object Repository/2-OBJECTS TAREAS SECUNDARIAS/Pruebas Compensación/Terminación_de_Contrato_Definitivo (2)/span_Empleados' is clicked on

2023-03-29 17:05:07 - [TEST_STEP][PASSED] - setText(findTestObject("2-OBJECTS TAREAS SECUNDARIAS/Pruebas Compensación/Terminación_de_Contrato_Definitivo/input_Identificacin_listadoEmpleadoIdentificacionEmpleado"), identificacion): Text '7854962' is set on object 'Object Repository/2-OBJECTS TAREAS SECUNDARIAS/Pruebas Compensación/Terminación_de_Contrato_Definitivo/input_Identificacin_listadoEmpleadoIdentificacionEmpleado'

2023-03-29 17:05:10 - [MESSAGE][PASSED] - Text '7854962' is set on object 'Object Repository/2-OBJECTS TAREAS SECUNDARIAS/Pruebas Compensación/Terminación_de_Contrato_Definitivo/input_Identificacin_listadoEmpleadoIdentificacionEmpleado'

2023-03-29 17:05:10 - [TEST_STEP][PASSED] - sendKeys(findTestObject("2-OBJECTS TAREAS SECUNDARIAS/Pruebas Compensación/Terminación_de_Contrato_Definitivo/input_Identificacin_listadoEmpleadoIdentificacionEmpleado"), Keys.chord(ENTER)): Keys 'ENTER + ' sent to object: 'Object Repository/2-OBJECTS TAREAS SECUNDARIAS/Pruebas Compensación/Terminación_de_Contrato_Definitivo/input_Identificacin_listadoEmpleadoIdentificacionEmpleado'

2023-03-29 17:05:10 - [MESSAGE][PASSED] - Keys 'ENTER + ' sent to object: 'Object Repository/2-OBJECTS TAREAS SECUNDARIAS/Pruebas Compensación/Terminación_de_Contrato_Definitivo/input_Identificacin_listadoEmpleadoIdentificacionEmpleado'

2023-03-29 17:05:10 - [TEST_STEP][PASSED] - click(findTestObject("2-OBJECTS TAREAS SECUNDARIAS/Pruebas Compensación/Terminación_de_Contrato_Definitivo (2)/span_Chandler Francis_listado empleados")): Object: 'Object Repository/2-OBJECTS TAREAS SECUNDARIAS/Pruebas Compensación/Terminación_de_Contrato_Definitivo (2)/span_Chandler Francis_listado empleados' is clicked on

2023-03-29 17:05:11 - [MESSAGE][PASSED] - Object: 'Object Repository/2-OBJECTS TAREAS SECUNDARIAS/Pruebas Compensación/Terminación_de_Contrato_Definitivo (2)/span_Chandler Francis_listado empleados' is clicked on

2023-03-29 17:05:11 - [TEST_STEP][PASSED] - click(findTestObject("2-OBJECTS TAREAS SECUNDARIAS/Pruebas Compensación/Terminación_de_Contrato_Definitivo/a_Terminar Contrato")): Object: 'Object Repository/2-OBJECTS TAREAS SECUNDARIAS/Pruebas Compensación/Terminación_de_Contrato_Definitivo/a_Terminar Contrato' is clicked on

2023-03-29 17:05:11 - [MESSAGE][PASSED] - Object: 'Object Repository/2-OBJECTS TAREAS SECUNDARIAS/Pruebas Compensación/Terminación_de_Contrato_Definitivo/a_Terminar Contrato' is clicked on

2023-03-29 17:05:11 - [TEST_STEP][PASSED] - click(findTestObject("2-OBJECTS TAREAS SECUNDARIAS/Pruebas Compensación/Terminación_de_Contrato_Definitivo (2)/span_Liquidar")): Object: 'Object Repository/2-OBJECTS TAREAS SECUNDARIAS/Pruebas Compensación/Terminación_de_Contrato_Definitivo (2)/span_Liquidar' is clicked on

2023-03-29 17:05:12 - [MESSAGE][PASSED] - Object: 'Object Repository/2-OBJECTS TAREAS SECUNDARIAS/Pruebas Compensación/Terminación_de_Contrato_Definitivo (2)/span_Liquidar' is clicked on

2023-03-29 17:05:12 - [TEST_STEP][PASSED] - selectOptionByIndex(findTestObject("2-OBJECTS TAREAS SECUNDARIAS/Pruebas Compensación/Terminación_de_Contrato_Definitivo (1)/select_SUSTITUCIN PATRONALUNILATERAL DEL EMPLEADOJUSTA CAUSATERMINACION DE CONTRATOSIN JUSTA CAUSAPENSIONMUTUO ACUERDO"), "5"): All options with index in [5] are selected on object 'Object Repository/2-OBJECTS TAREAS SECUNDARIAS/Pruebas Compensación/Terminación_de_Contrato_Definitivo (1)/select_SUSTITUCIN PATRONALUNILATERAL DEL EMPLEADOJUSTA CAUSATERMINACION DE CONTRATOSIN JUSTA CAUSAPENSIONMUTUO ACUERDO'

2023-03-29 17:05:14 - [MESSAGE][PASSED] - All options with index in [5] are selected on object 'Object Repository/2-OBJECTS TAREAS SECUNDARIAS/Pruebas Compensación/Terminación_de_Contrato_Definitivo (1)/select_SUSTITUCIN PATRONALUNILATERAL DEL EMPLEADOJUSTA CAUSATERMINACION DE CONTRATOSIN JUSTA CAUSAPENSIONMUTUO ACUERDO'

2023-03-29 17:05:14 - [TEST_STEP][PASSED] - selectOptionByIndex(findTestObject("2-OBJECTS TAREAS SECUNDARIAS/Pruebas Compensación/Terminación_de_Contrato_Definitivo (1)/select_---SELECCIONE ---DirectoEntidad de PagoPeriodo de Nomina"), 3): All options with index in [3] are selected on object 'Object Repository/2-OBJECTS TAREAS SECUNDARIAS/Pruebas Compensación/Terminación_de_Contrato_Definitivo (1)/select_---SELECCIONE ---DirectoEntidad de PagoPeriodo de Nomina'

2023-03-29 17:05:15 - [MESSAGE][PASSED] - All options with index in [3] are selected on object 'Object Repository/2-OBJECTS TAREAS SECUNDARIAS/Pruebas Compensación/Terminación_de_Contrato_Definitivo (1)/select_---SELECCIONE ---DirectoEntidad de PagoPeriodo de Nomina'

2023-03-29 17:05:15 - [TEST_STEP][PASSED] - selectOptionByIndex(findTestObject("2-OBJECTS TAREAS SECUNDARIAS/Pruebas Compensación/Terminación_de_Contrato_Definitivo (1)/select_--SELECCIONE--PM202106PM202107"), 2): All options with index in [2] are selected on object 'Object Repository/2-OBJECTS TAREAS SECUNDARIAS/Pruebas Compensación/Terminación_de_Contrato_Definitivo (1)/select_--SELECCIONE--PM202106PM202107'

2023-03-29 17:05:16 - [MESSAGE][PASSED] - All options with index in [2] are selected on object 'Object Repository/2-OBJECTS TAREAS SECUNDARIAS/Pruebas Compensación/Terminación_de_Contrato_Definitivo (1)/select_--SELECCIONE--PM202106PM202107'

2023-03-29 17:05:16 - [TEST_STEP][PASSED] - click(findTestObject("2-OBJECTS TAREAS SECUNDARIAS/Pruebas Compensación/Terminación_de_Contrato_Definitivo (2)/span_Calculo Nomina")): Object: 'Object Repository/2-OBJECTS TAREAS SECUNDARIAS/Pruebas Compensación/Terminación_de_Contrato_Definitivo (2)/span_Calculo Nomina' is clicked on

2023-03-29 17:05:17 - [MESSAGE][PASSED] - Object: 'Object Repository/2-OBJECTS TAREAS SECUNDARIAS/Pruebas Compensación/Terminación_de_Contrato_Definitivo (2)/span_Calculo Nomina' is clicked on

2023-03-29 17:05:17 - [TEST_STEP][PASSED] - if (waitForElementVisible(findTestObject("2-OBJECTS TAREAS SECUNDARIAS/Pruebas Compensación/Terminación_de_Contrato_Definitivo/a_Prestaciones Sociales"), 1)): null

2023-03-29 17:05:18 - [MESSAGE][PASSED] - Object 'Object Repository/2-OBJECTS TAREAS SECUNDARIAS/Pruebas Compensación/Terminación_de_Contrato_Definitivo/a_Prestaciones Sociales' is visible

2023-03-29 17:05:18 - [TEST_STEP][PASSED] - click(findTestObject("2-OBJECTS TAREAS SECUNDARIAS/Pruebas Compensación/Terminación_de_Contrato_Definitivo/a_Prestaciones Sociales")): Object: 'Object Repository/2-OBJECTS TAREAS SECUNDARIAS/Pruebas Compensación/Terminación_de_Contrato_Definitivo/a_Prestaciones Sociales' is clicked on

2023-03-29 17:05:18 - [MESSAGE][PASSED] - Object: 'Object Repository/2-OBJECTS TAREAS SECUNDARIAS/Pruebas Compensación/Terminación_de_Contrato_Definitivo/a_Prestaciones Sociales' is clicked on

2023-03-29 17:05:18 - [TEST_STEP][PASSED] - if (waitForElementVisible(findTestObject("2-OBJECTS TAREAS SECUNDARIAS/Pruebas Compensación/Terminación_de_Contrato_Definitivo (2)/span_Calculo Nomina"), 1)): Web element with id: 'Object Repository/2-OBJECTS TAREAS SECUNDARIAS/Pruebas Compensación/Terminación_de_Contrato_Definitivo (2)/span_Calculo Nomina' located by '//*/text()[normalize-space(.)='Calculo Nomina']/parent::*' not found

2023-03-29 17:05:20 - [MESSAGE][INFO] - Unable to find the element located by 'By.xpath: //*/text()[normalize-space(.)='Calculo Nomina']/parent::*'. Please recheck the objects properties to make sure the desired element is located. 

2023-03-29 17:05:20 - [MESSAGE][WARNING] - Web element with id: 'Object Repository/2-OBJECTS TAREAS SECUNDARIAS/Pruebas Compensación/Terminación_de_Contrato_Definitivo (2)/span_Calculo Nomina' located by '//*/text()[normalize-space(.)='Calculo Nomina']/parent::*' not found

2023-03-29 17:05:20 - [TEST_STEP][PASSED] - click(findTestObject("2-OBJECTS TAREAS SECUNDARIAS/Pruebas Compensación/Terminación_de_Contrato_Definitivo (2)/span_Si")): Object: 'Object Repository/2-OBJECTS TAREAS SECUNDARIAS/Pruebas Compensación/Terminación_de_Contrato_Definitivo (2)/span_Si' is clicked on

2023-03-29 17:05:21 - [MESSAGE][PASSED] - Object: 'Object Repository/2-OBJECTS TAREAS SECUNDARIAS/Pruebas Compensación/Terminación_de_Contrato_Definitivo (2)/span_Si' is clicked on

2023-03-29 17:05:21 - [TEST_STEP][PASSED] - click(findTestObject("2-OBJECTS TAREAS SECUNDARIAS/Pruebas Compensación/Terminación_de_Contrato_Definitivo/a_Reporte")): Object: 'Object Repository/2-OBJECTS TAREAS SECUNDARIAS/Pruebas Compensación/Terminación_de_Contrato_Definitivo/a_Reporte' is clicked on

2023-03-29 17:05:22 - [MESSAGE][PASSED] - Object: 'Object Repository/2-OBJECTS TAREAS SECUNDARIAS/Pruebas Compensación/Terminación_de_Contrato_Definitivo/a_Reporte' is clicked on

2023-03-29 17:05:22 - [TEST_STEP][PASSED] - if (waitForElementVisible(findTestObject("2-OBJECTS TAREAS SECUNDARIAS/Pruebas Compensación/Terminación_de_Contrato_Definitivo/a_Regresar"), 1)): null

2023-03-29 17:05:23 - [MESSAGE][PASSED] - Object 'Object Repository/2-OBJECTS TAREAS SECUNDARIAS/Pruebas Compensación/Terminación_de_Contrato_Definitivo/a_Regresar' is visible

2023-03-29 17:05:23 - [TEST_STEP][PASSED] - closeBrowser(): Browser is closed

2023-03-29 17:05:24 - [MESSAGE][PASSED] - Browser is closed]]></system-out>
         <system-err><![CDATA[]]></system-err>
      </testcase>
      <testcase name="Test Cases/1.2-Tareas_Secundarias/A.1-Pruebas_compensaciones/11.1.3-Liquidación_Nomina" time="23.329" classname="Test Cases/1.2-Tareas_Secundarias/A.1-Pruebas_compensaciones/11.1.3-Liquidación_Nomina" status="PASSED">
         <system-out><![CDATA[2023-03-29 17:05:24 - [TEST_CASE][PASSED] - Test Cases/1.2-Tareas_Secundarias/A.1-Pruebas_compensaciones/11.1.3-Liquidación_Nomina: Test Cases/1.2-Tareas_Secundarias/A.1-Pruebas_compensaciones/11.1.3-Liquidación_Nomina

2023-03-29 17:05:24 - [TEST_STEP][PASSED] - callTestCase(findTestCase("0.1-Login"), [:], STOP_ON_FAILURE): Call Test Case 'Test Cases/0.1-Login' successfully

2023-03-29 17:05:24 - [TEST_CASE][PASSED] - Test Cases/0.1-Login: Test Cases/0.1-Login

2023-03-29 17:05:24 - [TEST_STEP][PASSED] - openBrowser(""): Browser is opened with url: ''

2023-03-29 17:05:24 - [MESSAGE][INFO] - Starting 'Chrome' driver

2023-03-29 17:05:24 - [MESSAGE][INFO] - Action delay is set to 0 milliseconds

2023-03-29 17:05:25 - [MESSAGE][PASSED] - Browser is opened with url: ''

2023-03-29 17:05:25 - [TEST_STEP][PASSED] - maximizeWindow(): Current window maximized

2023-03-29 17:05:25 - [MESSAGE][PASSED] - Current window maximized

2023-03-29 17:05:25 - [TEST_STEP][PASSED] - i = G_Login: null

2023-03-29 17:05:25 - [TEST_STEP][PASSED] - url = new java.net.URL(i): null

2023-03-29 17:05:25 - [TEST_STEP][PASSED] - println("URL: " + url.toString()): null

2023-03-29 17:05:25 - [TEST_STEP][PASSED] - connection = url.openConnection(): null

2023-03-29 17:05:25 - [TEST_STEP][PASSED] - connection.setRequestMethod("GET"): null

2023-03-29 17:05:25 - [TEST_STEP][PASSED] - connection.setReadTimeout(2 * 1000): null

2023-03-29 17:05:25 - [TEST_STEP][PASSED] - try: null

2023-03-29 17:05:25 - [TEST_STEP][PASSED] - connection.connect(): null

2023-03-29 17:05:25 - [TEST_STEP][PASSED] - flag = connected: null

2023-03-29 17:05:25 - [TEST_STEP][PASSED] - println("Valor_ori: " + flag): null

2023-03-29 17:05:25 - [TEST_STEP][PASSED] - if (flag): null

2023-03-29 17:05:25 - [TEST_STEP][PASSED] - navigateToUrl(i): Navigate to 'http://192.168.2.19:8380/saraweb' successfully

2023-03-29 17:05:26 - [MESSAGE][PASSED] - Navigate to 'http://192.168.2.19:8380/saraweb' successfully

2023-03-29 17:05:26 - [TEST_STEP][PASSED] - a(): null

2023-03-29 17:05:26 - [TEST_STEP][PASSED] - if (waitForElementVisible(findTestObject("3-OBJECTS UTILIDADES/Login/input_USUARIO_loginusuario"), 0)): null

2023-03-29 17:05:26 - [MESSAGE][WARNING] - Timeout '0' is invalid. Using default page load timeout: '37'

2023-03-29 17:05:26 - [MESSAGE][PASSED] - Object 'Object Repository/3-OBJECTS UTILIDADES/Login/input_USUARIO_loginusuario' is visible

2023-03-29 17:05:26 - [TEST_STEP][PASSED] - switchToWindowTitle("SARA"): Switched to window with title: 'SARA'

2023-03-29 17:05:26 - [MESSAGE][PASSED] - Switched to window with title: 'SARA'

2023-03-29 17:05:26 - [TEST_STEP][PASSED] - zoom(): null

2023-03-29 17:05:26 - [TEST_STEP][PASSED] - robot = new java.awt.Robot(): null

2023-03-29 17:05:26 - [TEST_STEP][PASSED] - robot.keyPress(VK_CONTROL): null

2023-03-29 17:05:26 - [TEST_STEP][PASSED] - robot.keyPress(VK_SUBTRACT): null

2023-03-29 17:05:26 - [TEST_STEP][PASSED] - robot.keyRelease(VK_CONTROL): null

2023-03-29 17:05:26 - [TEST_STEP][PASSED] - robot.keyRelease(VK_SUBTRACT): null

2023-03-29 17:05:26 - [TEST_STEP][PASSED] - robot.keyPress(VK_CONTROL): null

2023-03-29 17:05:26 - [TEST_STEP][PASSED] - robot.keyPress(VK_SUBTRACT): null

2023-03-29 17:05:26 - [TEST_STEP][PASSED] - robot.keyRelease(VK_CONTROL): null

2023-03-29 17:05:26 - [TEST_STEP][PASSED] - robot.keyRelease(VK_SUBTRACT): null

2023-03-29 17:05:26 - [TEST_STEP][PASSED] - robot.keyPress(VK_CONTROL): null

2023-03-29 17:05:26 - [TEST_STEP][PASSED] - robot.keyPress(VK_SUBTRACT): null

2023-03-29 17:05:26 - [TEST_STEP][PASSED] - robot.keyRelease(VK_CONTROL): null

2023-03-29 17:05:26 - [TEST_STEP][PASSED] - robot.keyRelease(VK_SUBTRACT): null

2023-03-29 17:05:26 - [TEST_STEP][PASSED] - robot.keyRelease(VK_CONTROL): null

2023-03-29 17:05:26 - [TEST_STEP][PASSED] - robot.keyRelease(VK_SUBTRACT): null

2023-03-29 17:05:26 - [TEST_STEP][PASSED] - setText(findTestObject("3-OBJECTS UTILIDADES/Login/input_USUARIO_loginusuario"), G_Usuario): Text 'saraadmin' is set on object 'Object Repository/3-OBJECTS UTILIDADES/Login/input_USUARIO_loginusuario'

2023-03-29 17:05:27 - [MESSAGE][PASSED] - Text 'saraadmin' is set on object 'Object Repository/3-OBJECTS UTILIDADES/Login/input_USUARIO_loginusuario'

2023-03-29 17:05:27 - [TEST_STEP][PASSED] - setEncryptedText(findTestObject("3-OBJECTS UTILIDADES/Login/input_CLAVE_loginpassword"), "SlAwMcyRKqrwbnzhAs8HhT6NnI7sEyng"): Text ****** has been set on object 'Object Repository/3-OBJECTS UTILIDADES/Login/input_CLAVE_loginpassword'

2023-03-29 17:05:28 - [MESSAGE][PASSED] - Text ****** has been set on object 'Object Repository/3-OBJECTS UTILIDADES/Login/input_CLAVE_loginpassword'

2023-03-29 17:05:28 - [TEST_STEP][PASSED] - while (waitForElementClickable(findTestObject("3-OBJECTS UTILIDADES/Login/a_Ingresar"), 1)): Web element with id: 'Object Repository/3-OBJECTS UTILIDADES/Login/a_Ingresar' located by '//a[contains(text(),'Ingresar')]' not found

2023-03-29 17:05:31 - [MESSAGE][INFO] - Unable to find the element located by 'By.xpath: //a[contains(text(),'Ingresar')]'. Please recheck the objects properties to make sure the desired element is located. 

2023-03-29 17:05:31 - [MESSAGE][WARNING] - Web element with id: 'Object Repository/3-OBJECTS UTILIDADES/Login/a_Ingresar' located by '//a[contains(text(),'Ingresar')]' not found

2023-03-29 17:05:31 - [MESSAGE][PASSED] - Call Test Case 'Test Cases/0.1-Login' successfully

2023-03-29 17:05:31 - [TEST_STEP][PASSED] - setText(findTestObject("2-OBJECTS TAREAS SECUNDARIAS/Pruebas Compensación/Liquidación_Nomina/input_Empresa 1_form_templatej_idt24_input"), "Liquidacion Nomina"): Text 'Liquidacion Nomina' is set on object 'Object Repository/2-OBJECTS TAREAS SECUNDARIAS/Pruebas Compensación/Liquidación_Nomina/input_Empresa 1_form_templatej_idt24_input'

2023-03-29 17:05:31 - [MESSAGE][PASSED] - Text 'Liquidacion Nomina' is set on object 'Object Repository/2-OBJECTS TAREAS SECUNDARIAS/Pruebas Compensación/Liquidación_Nomina/input_Empresa 1_form_templatej_idt24_input'

2023-03-29 17:05:31 - [TEST_STEP][PASSED] - click(findTestObject("2-OBJECTS TAREAS SECUNDARIAS/Pruebas Compensación/Liquidación_Nomina/li_Liquidacion Nomina (com)")): Object: 'Object Repository/2-OBJECTS TAREAS SECUNDARIAS/Pruebas Compensación/Liquidación_Nomina/li_Liquidacion Nomina (com)' is clicked on

2023-03-29 17:05:33 - [MESSAGE][PASSED] - Object: 'Object Repository/2-OBJECTS TAREAS SECUNDARIAS/Pruebas Compensación/Liquidación_Nomina/li_Liquidacion Nomina (com)' is clicked on

2023-03-29 17:05:33 - [TEST_STEP][PASSED] - click(findTestObject("2-OBJECTS TAREAS SECUNDARIAS/Pruebas Compensación/Liquidación_Nomina/a_Periodo Nomina_LiquidacionNominaj_idt68")): Object: 'Object Repository/2-OBJECTS TAREAS SECUNDARIAS/Pruebas Compensación/Liquidación_Nomina/a_Periodo Nomina_LiquidacionNominaj_idt68' is clicked on

2023-03-29 17:05:34 - [MESSAGE][PASSED] - Object: 'Object Repository/2-OBJECTS TAREAS SECUNDARIAS/Pruebas Compensación/Liquidación_Nomina/a_Periodo Nomina_LiquidacionNominaj_idt68' is clicked on

2023-03-29 17:05:34 - [TEST_STEP][PASSED] - selectOptionByIndex(findTestObject("2-OBJECTS TAREAS SECUNDARIAS/Pruebas Compensación/Liquidación_Nomina/select_--  Seleccione  --Periodo CerradoPeriodo en Proceso"), 2): All options with index in [2] are selected on object 'Object Repository/2-OBJECTS TAREAS SECUNDARIAS/Pruebas Compensación/Liquidación_Nomina/select_--  Seleccione  --Periodo CerradoPeriodo en Proceso'

2023-03-29 17:05:35 - [MESSAGE][PASSED] - All options with index in [2] are selected on object 'Object Repository/2-OBJECTS TAREAS SECUNDARIAS/Pruebas Compensación/Liquidación_Nomina/select_--  Seleccione  --Periodo CerradoPeriodo en Proceso'

2023-03-29 17:05:35 - [TEST_STEP][PASSED] - click(findTestObject("2-OBJECTS TAREAS SECUNDARIAS/Pruebas Compensación/Liquidación_Nomina/span_P. MensualJulio2021")): Object: 'Object Repository/2-OBJECTS TAREAS SECUNDARIAS/Pruebas Compensación/Liquidación_Nomina/span_P. MensualJulio2021' is clicked on

2023-03-29 17:05:36 - [MESSAGE][PASSED] - Object: 'Object Repository/2-OBJECTS TAREAS SECUNDARIAS/Pruebas Compensación/Liquidación_Nomina/span_P. MensualJulio2021' is clicked on

2023-03-29 17:05:36 - [TEST_STEP][PASSED] - setText(findTestObject("2-OBJECTS TAREAS SECUNDARIAS/Pruebas Compensación/Liquidación_Nomina/input_Nombre Persona_LiquidacionNominaj_idt124"), "1026588953"): Text '1026588953' is set on object 'Object Repository/2-OBJECTS TAREAS SECUNDARIAS/Pruebas Compensación/Liquidación_Nomina/input_Nombre Persona_LiquidacionNominaj_idt124'

2023-03-29 17:05:37 - [MESSAGE][PASSED] - Text '1026588953' is set on object 'Object Repository/2-OBJECTS TAREAS SECUNDARIAS/Pruebas Compensación/Liquidación_Nomina/input_Nombre Persona_LiquidacionNominaj_idt124'

2023-03-29 17:05:37 - [TEST_STEP][PASSED] - sendKeys(findTestObject("2-OBJECTS TAREAS SECUNDARIAS/Pruebas Compensación/Liquidación_Nomina/input_Nombre Persona_LiquidacionNominaj_idt124"), Keys.chord(ENTER)): Keys 'ENTER + ' sent to object: 'Object Repository/2-OBJECTS TAREAS SECUNDARIAS/Pruebas Compensación/Liquidación_Nomina/input_Nombre Persona_LiquidacionNominaj_idt124'

2023-03-29 17:05:37 - [MESSAGE][PASSED] - Keys 'ENTER + ' sent to object: 'Object Repository/2-OBJECTS TAREAS SECUNDARIAS/Pruebas Compensación/Liquidación_Nomina/input_Nombre Persona_LiquidacionNominaj_idt124'

2023-03-29 17:05:37 - [TEST_STEP][PASSED] - click(findTestObject("2-OBJECTS TAREAS SECUNDARIAS/Pruebas Compensación/Liquidación_Nomina/td_Aya Silva Cindy Ximena")): Object: 'Object Repository/2-OBJECTS TAREAS SECUNDARIAS/Pruebas Compensación/Liquidación_Nomina/td_Aya Silva Cindy Ximena' is clicked on

2023-03-29 17:05:38 - [MESSAGE][PASSED] - Object: 'Object Repository/2-OBJECTS TAREAS SECUNDARIAS/Pruebas Compensación/Liquidación_Nomina/td_Aya Silva Cindy Ximena' is clicked on

2023-03-29 17:05:38 - [TEST_STEP][PASSED] - click(findTestObject("2-OBJECTS TAREAS SECUNDARIAS/Pruebas Compensación/Liquidación_Nomina/a_Liquidacin Periodica")): Object: 'Object Repository/2-OBJECTS TAREAS SECUNDARIAS/Pruebas Compensación/Liquidación_Nomina/a_Liquidacin Periodica' is clicked on

2023-03-29 17:05:39 - [MESSAGE][PASSED] - Object: 'Object Repository/2-OBJECTS TAREAS SECUNDARIAS/Pruebas Compensación/Liquidación_Nomina/a_Liquidacin Periodica' is clicked on

2023-03-29 17:05:39 - [TEST_STEP][PASSED] - if (waitForElementVisible(findTestObject("2-OBJECTS TAREAS SECUNDARIAS/Pruebas Compensación/Liquidación_Nomina/span_Prestamo Compaa"), 1)): Web element with id: 'Object Repository/2-OBJECTS TAREAS SECUNDARIAS/Pruebas Compensación/Liquidación_Nomina/span_Prestamo Compaa' located by '//*/text()[normalize-space(.)='Prestamo Compañía']/parent::*' not found

2023-03-29 17:05:41 - [MESSAGE][INFO] - Unable to find the element located by 'By.xpath: //*/text()[normalize-space(.)='Prestamo Compañía']/parent::*'. Please recheck the objects properties to make sure the desired element is located. 

2023-03-29 17:05:41 - [MESSAGE][WARNING] - Web element with id: 'Object Repository/2-OBJECTS TAREAS SECUNDARIAS/Pruebas Compensación/Liquidación_Nomina/span_Prestamo Compaa' located by '//*/text()[normalize-space(.)='Prestamo Compañía']/parent::*' not found

2023-03-29 17:05:41 - [TEST_STEP][PASSED] - else: null

2023-03-29 17:05:41 - [TEST_STEP][PASSED] - click(findTestObject("2-OBJECTS TAREAS SECUNDARIAS/Pruebas Compensación/Liquidación_Nomina/a_Concepto")): Object: 'Object Repository/2-OBJECTS TAREAS SECUNDARIAS/Pruebas Compensación/Liquidación_Nomina/a_Concepto' is clicked on

2023-03-29 17:05:41 - [MESSAGE][PASSED] - Object: 'Object Repository/2-OBJECTS TAREAS SECUNDARIAS/Pruebas Compensación/Liquidación_Nomina/a_Concepto' is clicked on

2023-03-29 17:05:41 - [TEST_STEP][PASSED] - click(findTestObject("2-OBJECTS TAREAS SECUNDARIAS/Pruebas Compensación/Liquidación_Nomina/a_Liquidar")): Object: 'Object Repository/2-OBJECTS TAREAS SECUNDARIAS/Pruebas Compensación/Liquidación_Nomina/a_Liquidar' is clicked on

2023-03-29 17:05:42 - [MESSAGE][PASSED] - Object: 'Object Repository/2-OBJECTS TAREAS SECUNDARIAS/Pruebas Compensación/Liquidación_Nomina/a_Liquidar' is clicked on

2023-03-29 17:05:42 - [TEST_STEP][PASSED] - click(findTestObject("2-OBJECTS TAREAS SECUNDARIAS/Pruebas Compensación/Liquidación_Nomina/span_Si")): Object: 'Object Repository/2-OBJECTS TAREAS SECUNDARIAS/Pruebas Compensación/Liquidación_Nomina/span_Si' is clicked on

2023-03-29 17:05:43 - [MESSAGE][PASSED] - Object: 'Object Repository/2-OBJECTS TAREAS SECUNDARIAS/Pruebas Compensación/Liquidación_Nomina/span_Si' is clicked on

2023-03-29 17:05:43 - [TEST_STEP][PASSED] - click(findTestObject("2-OBJECTS TAREAS SECUNDARIAS/Pruebas Compensación/Liquidación_Nomina/a_Liquidacin Periodica")): Object: 'Object Repository/2-OBJECTS TAREAS SECUNDARIAS/Pruebas Compensación/Liquidación_Nomina/a_Liquidacin Periodica' is clicked on

2023-03-29 17:05:43 - [MESSAGE][PASSED] - Object: 'Object Repository/2-OBJECTS TAREAS SECUNDARIAS/Pruebas Compensación/Liquidación_Nomina/a_Liquidacin Periodica' is clicked on

2023-03-29 17:05:43 - [TEST_STEP][PASSED] - if (waitForElementVisible(findTestObject("2-OBJECTS TAREAS SECUNDARIAS/Pruebas Compensación/Liquidación_Nomina/span_Prestamo Compaa"), 1)): null

2023-03-29 17:05:44 - [MESSAGE][PASSED] - Object 'Object Repository/2-OBJECTS TAREAS SECUNDARIAS/Pruebas Compensación/Liquidación_Nomina/span_Prestamo Compaa' is visible

2023-03-29 17:05:44 - [TEST_STEP][PASSED] - click(findTestObject("2-OBJECTS TAREAS SECUNDARIAS/Pruebas Compensación/Liquidación_Nomina/span_Prestamo Compaa")): Object: 'Object Repository/2-OBJECTS TAREAS SECUNDARIAS/Pruebas Compensación/Liquidación_Nomina/span_Prestamo Compaa' is clicked on

2023-03-29 17:05:45 - [MESSAGE][PASSED] - Object: 'Object Repository/2-OBJECTS TAREAS SECUNDARIAS/Pruebas Compensación/Liquidación_Nomina/span_Prestamo Compaa' is clicked on

2023-03-29 17:05:45 - [TEST_STEP][PASSED] - click(findTestObject("2-OBJECTS TAREAS SECUNDARIAS/Pruebas Compensación/Liquidación_Nomina/a_Ver")): Object: 'Object Repository/2-OBJECTS TAREAS SECUNDARIAS/Pruebas Compensación/Liquidación_Nomina/a_Ver' is clicked on

2023-03-29 17:05:45 - [MESSAGE][PASSED] - Object: 'Object Repository/2-OBJECTS TAREAS SECUNDARIAS/Pruebas Compensación/Liquidación_Nomina/a_Ver' is clicked on

2023-03-29 17:05:45 - [TEST_STEP][PASSED] - if (waitForElementVisible(findTestObject("2-OBJECTS TAREAS SECUNDARIAS/Pruebas Compensación/Liquidación_Nomina/a_Pagos o Descuentos Extra"), 1)): null

2023-03-29 17:05:46 - [MESSAGE][PASSED] - Object 'Object Repository/2-OBJECTS TAREAS SECUNDARIAS/Pruebas Compensación/Liquidación_Nomina/a_Pagos o Descuentos Extra' is visible

2023-03-29 17:05:46 - [TEST_STEP][PASSED] - Resultado = "PRUEBA OK": null

2023-03-29 17:05:46 - [TEST_STEP][PASSED] - closeBrowser(): Browser is closed

2023-03-29 17:05:47 - [MESSAGE][PASSED] - Browser is closed]]></system-out>
         <system-err><![CDATA[]]></system-err>
      </testcase>
      <testcase name="Test Cases/1.2-Tareas_Secundarias/A.1-Pruebas_compensaciones/11.1.4-Fuente_General" time="82.174" classname="Test Cases/1.2-Tareas_Secundarias/A.1-Pruebas_compensaciones/11.1.4-Fuente_General" status="PASSED">
         <system-out><![CDATA[2023-03-29 17:05:47 - [TEST_CASE][PASSED] - Test Cases/1.2-Tareas_Secundarias/A.1-Pruebas_compensaciones/11.1.4-Fuente_General: Test Cases/1.2-Tareas_Secundarias/A.1-Pruebas_compensaciones/11.1.4-Fuente_General

2023-03-29 17:05:47 - [TEST_STEP][PASSED] - callTestCase(findTestCase("0.1-Login"), [:], STOP_ON_FAILURE): Call Test Case 'Test Cases/0.1-Login' successfully

2023-03-29 17:05:47 - [TEST_CASE][PASSED] - Test Cases/0.1-Login: Test Cases/0.1-Login

2023-03-29 17:05:47 - [TEST_STEP][PASSED] - openBrowser(""): Browser is opened with url: ''

2023-03-29 17:05:47 - [MESSAGE][INFO] - Starting 'Chrome' driver

2023-03-29 17:05:47 - [MESSAGE][INFO] - Action delay is set to 0 milliseconds

2023-03-29 17:05:49 - [MESSAGE][PASSED] - Browser is opened with url: ''

2023-03-29 17:05:49 - [TEST_STEP][PASSED] - maximizeWindow(): Current window maximized

2023-03-29 17:05:49 - [MESSAGE][PASSED] - Current window maximized

2023-03-29 17:05:49 - [TEST_STEP][PASSED] - i = G_Login: null

2023-03-29 17:05:49 - [TEST_STEP][PASSED] - url = new java.net.URL(i): null

2023-03-29 17:05:49 - [TEST_STEP][PASSED] - println("URL: " + url.toString()): null

2023-03-29 17:05:49 - [TEST_STEP][PASSED] - connection = url.openConnection(): null

2023-03-29 17:05:49 - [TEST_STEP][PASSED] - connection.setRequestMethod("GET"): null

2023-03-29 17:05:49 - [TEST_STEP][PASSED] - connection.setReadTimeout(2 * 1000): null

2023-03-29 17:05:49 - [TEST_STEP][PASSED] - try: null

2023-03-29 17:05:49 - [TEST_STEP][PASSED] - connection.connect(): null

2023-03-29 17:05:49 - [TEST_STEP][PASSED] - flag = connected: null

2023-03-29 17:05:49 - [TEST_STEP][PASSED] - println("Valor_ori: " + flag): null

2023-03-29 17:05:49 - [TEST_STEP][PASSED] - if (flag): null

2023-03-29 17:05:49 - [TEST_STEP][PASSED] - navigateToUrl(i): Navigate to 'http://192.168.2.19:8380/saraweb' successfully

2023-03-29 17:05:49 - [MESSAGE][PASSED] - Navigate to 'http://192.168.2.19:8380/saraweb' successfully

2023-03-29 17:05:49 - [TEST_STEP][PASSED] - a(): null

2023-03-29 17:05:49 - [TEST_STEP][PASSED] - if (waitForElementVisible(findTestObject("3-OBJECTS UTILIDADES/Login/input_USUARIO_loginusuario"), 0)): null

2023-03-29 17:05:49 - [MESSAGE][WARNING] - Timeout '0' is invalid. Using default page load timeout: '37'

2023-03-29 17:05:50 - [MESSAGE][PASSED] - Object 'Object Repository/3-OBJECTS UTILIDADES/Login/input_USUARIO_loginusuario' is visible

2023-03-29 17:05:50 - [TEST_STEP][PASSED] - switchToWindowTitle("SARA"): Switched to window with title: 'SARA'

2023-03-29 17:05:50 - [MESSAGE][PASSED] - Switched to window with title: 'SARA'

2023-03-29 17:05:50 - [TEST_STEP][PASSED] - zoom(): null

2023-03-29 17:05:50 - [TEST_STEP][PASSED] - robot = new java.awt.Robot(): null

2023-03-29 17:05:50 - [TEST_STEP][PASSED] - robot.keyPress(VK_CONTROL): null

2023-03-29 17:05:50 - [TEST_STEP][PASSED] - robot.keyPress(VK_SUBTRACT): null

2023-03-29 17:05:50 - [TEST_STEP][PASSED] - robot.keyRelease(VK_CONTROL): null

2023-03-29 17:05:50 - [TEST_STEP][PASSED] - robot.keyRelease(VK_SUBTRACT): null

2023-03-29 17:05:50 - [TEST_STEP][PASSED] - robot.keyPress(VK_CONTROL): null

2023-03-29 17:05:50 - [TEST_STEP][PASSED] - robot.keyPress(VK_SUBTRACT): null

2023-03-29 17:05:50 - [TEST_STEP][PASSED] - robot.keyRelease(VK_CONTROL): null

2023-03-29 17:05:50 - [TEST_STEP][PASSED] - robot.keyRelease(VK_SUBTRACT): null

2023-03-29 17:05:50 - [TEST_STEP][PASSED] - robot.keyPress(VK_CONTROL): null

2023-03-29 17:05:50 - [TEST_STEP][PASSED] - robot.keyPress(VK_SUBTRACT): null

2023-03-29 17:05:50 - [TEST_STEP][PASSED] - robot.keyRelease(VK_CONTROL): null

2023-03-29 17:05:50 - [TEST_STEP][PASSED] - robot.keyRelease(VK_SUBTRACT): null

2023-03-29 17:05:50 - [TEST_STEP][PASSED] - robot.keyRelease(VK_CONTROL): null

2023-03-29 17:05:50 - [TEST_STEP][PASSED] - robot.keyRelease(VK_SUBTRACT): null

2023-03-29 17:05:50 - [TEST_STEP][PASSED] - setText(findTestObject("3-OBJECTS UTILIDADES/Login/input_USUARIO_loginusuario"), G_Usuario): Text 'saraadmin' is set on object 'Object Repository/3-OBJECTS UTILIDADES/Login/input_USUARIO_loginusuario'

2023-03-29 17:05:50 - [MESSAGE][PASSED] - Text 'saraadmin' is set on object 'Object Repository/3-OBJECTS UTILIDADES/Login/input_USUARIO_loginusuario'

2023-03-29 17:05:50 - [TEST_STEP][PASSED] - setEncryptedText(findTestObject("3-OBJECTS UTILIDADES/Login/input_CLAVE_loginpassword"), "SlAwMcyRKqrwbnzhAs8HhT6NnI7sEyng"): Text ****** has been set on object 'Object Repository/3-OBJECTS UTILIDADES/Login/input_CLAVE_loginpassword'

2023-03-29 17:05:52 - [MESSAGE][PASSED] - Text ****** has been set on object 'Object Repository/3-OBJECTS UTILIDADES/Login/input_CLAVE_loginpassword'

2023-03-29 17:05:52 - [TEST_STEP][PASSED] - while (waitForElementClickable(findTestObject("3-OBJECTS UTILIDADES/Login/a_Ingresar"), 1)): Web element with id: 'Object Repository/3-OBJECTS UTILIDADES/Login/a_Ingresar' located by '//a[contains(text(),'Ingresar')]' not found

2023-03-29 17:05:54 - [MESSAGE][INFO] - Unable to find the element located by 'By.xpath: //a[contains(text(),'Ingresar')]'. Please recheck the objects properties to make sure the desired element is located. 

2023-03-29 17:05:54 - [MESSAGE][WARNING] - Web element with id: 'Object Repository/3-OBJECTS UTILIDADES/Login/a_Ingresar' located by '//a[contains(text(),'Ingresar')]' not found

2023-03-29 17:05:54 - [MESSAGE][PASSED] - Call Test Case 'Test Cases/0.1-Login' successfully

2023-03-29 17:05:54 - [TEST_STEP][PASSED] - setText(findTestObject("2-OBJECTS TAREAS SECUNDARIAS/Pruebas Compensación/Fuente_General/input_Empresa 1_form_templatej_idt24_input"), "importar fuente general"): Text 'importar fuente general' is set on object 'Object Repository/2-OBJECTS TAREAS SECUNDARIAS/Pruebas Compensación/Fuente_General/input_Empresa 1_form_templatej_idt24_input'

2023-03-29 17:05:55 - [MESSAGE][PASSED] - Text 'importar fuente general' is set on object 'Object Repository/2-OBJECTS TAREAS SECUNDARIAS/Pruebas Compensación/Fuente_General/input_Empresa 1_form_templatej_idt24_input'

2023-03-29 17:05:55 - [TEST_STEP][PASSED] - click(findTestObject("2-OBJECTS TAREAS SECUNDARIAS/Pruebas Compensación/Fuente_General/li_fuente general (gna)")): Object: 'Object Repository/2-OBJECTS TAREAS SECUNDARIAS/Pruebas Compensación/Fuente_General/li_fuente general (gna)' is clicked on

2023-03-29 17:05:56 - [MESSAGE][PASSED] - Object: 'Object Repository/2-OBJECTS TAREAS SECUNDARIAS/Pruebas Compensación/Fuente_General/li_fuente general (gna)' is clicked on

2023-03-29 17:05:56 - [TEST_STEP][PASSED] - setText(findTestObject("1-OBJECTS TAREAS PRINCIPALES/Modulo Tarea Sara General/Importar Fuente General/input_Procesos Generados_formImportarListadoFuentej_idt67"), "Creación prestamos"): Text 'Creación prestamos' is set on object 'Object Repository/1-OBJECTS TAREAS PRINCIPALES/Modulo Tarea Sara General/Importar Fuente General/input_Procesos Generados_formImportarListadoFuentej_idt67'

2023-03-29 17:05:58 - [MESSAGE][PASSED] - Text 'Creación prestamos' is set on object 'Object Repository/1-OBJECTS TAREAS PRINCIPALES/Modulo Tarea Sara General/Importar Fuente General/input_Procesos Generados_formImportarListadoFuentej_idt67'

2023-03-29 17:05:58 - [TEST_STEP][PASSED] - sendKeys(findTestObject("1-OBJECTS TAREAS PRINCIPALES/Modulo Tarea Sara General/Importar Fuente General/input_Procesos Generados_formImportarListadoFuentej_idt67"), Keys.chord(ENTER)): Keys 'ENTER + ' sent to object: 'Object Repository/1-OBJECTS TAREAS PRINCIPALES/Modulo Tarea Sara General/Importar Fuente General/input_Procesos Generados_formImportarListadoFuentej_idt67'

2023-03-29 17:05:58 - [MESSAGE][PASSED] - Keys 'ENTER + ' sent to object: 'Object Repository/1-OBJECTS TAREAS PRINCIPALES/Modulo Tarea Sara General/Importar Fuente General/input_Procesos Generados_formImportarListadoFuentej_idt67'

2023-03-29 17:05:58 - [TEST_STEP][PASSED] - click(findTestObject("1-OBJECTS TAREAS PRINCIPALES/Modulo Tarea Sara General/Importar Fuente General/td_Creacin Prestamos")): Object: 'Object Repository/1-OBJECTS TAREAS PRINCIPALES/Modulo Tarea Sara General/Importar Fuente General/td_Creacin Prestamos' is clicked on

2023-03-29 17:05:59 - [MESSAGE][PASSED] - Object: 'Object Repository/1-OBJECTS TAREAS PRINCIPALES/Modulo Tarea Sara General/Importar Fuente General/td_Creacin Prestamos' is clicked on

2023-03-29 17:05:59 - [TEST_STEP][PASSED] - ra = "": null

2023-03-29 17:05:59 - [TEST_STEP][PASSED] - ruta = Systema() + "carguePrestamo.txt": null

2023-03-29 17:05:59 - [TEST_STEP][PASSED] - RutaA = System.getProperty("os.name"): null

2023-03-29 17:05:59 - [TEST_STEP][PASSED] - println(RutaA): null

2023-03-29 17:05:59 - [TEST_STEP][PASSED] - if (RutaA == "Windows 10"): null

2023-03-29 17:05:59 - [TEST_STEP][PASSED] - rutaW = getProjectDir() + "/1.Requerimientos/Documento para pruebas/": null

2023-03-29 17:05:59 - [TEST_STEP][PASSED] - rutaW = rutaW.replace("/", "\"): null

2023-03-29 17:05:59 - [TEST_STEP][PASSED] - println("Esta es la ruta:" + rutaW): null

2023-03-29 17:05:59 - [TEST_STEP][PASSED] - ra = rutaW: null

2023-03-29 17:05:59 - [TEST_STEP][PASSED] - uploadFile(findTestObject("1-OBJECTS TAREAS PRINCIPALES/Modulo Tarea Sara General/Importar Fuente General/input_Cargar_formImportarFuentetabarchivo_input"), ruta): File 'C:\Users\diego.rojas\git\Pruebas-Minimas\1.Requerimientos\Documento para pruebas\carguePrestamo.txt' sent to object: 'Object Repository/1-OBJECTS TAREAS PRINCIPALES/Modulo Tarea Sara General/Importar Fuente General/input_Cargar_formImportarFuentetabarchivo_input'

2023-03-29 17:05:59 - [MESSAGE][PASSED] - File 'C:\Users\diego.rojas\git\Pruebas-Minimas\1.Requerimientos\Documento para pruebas\carguePrestamo.txt' sent to object: 'Object Repository/1-OBJECTS TAREAS PRINCIPALES/Modulo Tarea Sara General/Importar Fuente General/input_Cargar_formImportarFuentetabarchivo_input'

2023-03-29 17:05:59 - [TEST_STEP][PASSED] - click(findTestObject("1-OBJECTS TAREAS PRINCIPALES/Modulo Tarea Sara General/Importar Fuente General/a_Importar")): Object: 'Object Repository/1-OBJECTS TAREAS PRINCIPALES/Modulo Tarea Sara General/Importar Fuente General/a_Importar' is clicked on

2023-03-29 17:06:00 - [MESSAGE][PASSED] - Object: 'Object Repository/1-OBJECTS TAREAS PRINCIPALES/Modulo Tarea Sara General/Importar Fuente General/a_Importar' is clicked on

2023-03-29 17:06:00 - [TEST_STEP][PASSED] - waitForElementVisible(findTestObject("2-OBJECTS TAREAS SECUNDARIAS/Pruebas Compensación/Fuente_General/a_Continuar"), 0): Object 'Object Repository/2-OBJECTS TAREAS SECUNDARIAS/Pruebas Compensación/Fuente_General/a_Continuar' is visible

2023-03-29 17:06:00 - [MESSAGE][WARNING] - Timeout '0' is invalid. Using default page load timeout: '37'

2023-03-29 17:06:04 - [MESSAGE][PASSED] - Object 'Object Repository/2-OBJECTS TAREAS SECUNDARIAS/Pruebas Compensación/Fuente_General/a_Continuar' is visible

2023-03-29 17:06:04 - [TEST_STEP][PASSED] - click(findTestObject("2-OBJECTS TAREAS SECUNDARIAS/Pruebas Compensación/Fuente_General/a_Continuar")): Object: 'Object Repository/2-OBJECTS TAREAS SECUNDARIAS/Pruebas Compensación/Fuente_General/a_Continuar' is clicked on

2023-03-29 17:06:04 - [MESSAGE][PASSED] - Object: 'Object Repository/2-OBJECTS TAREAS SECUNDARIAS/Pruebas Compensación/Fuente_General/a_Continuar' is clicked on

2023-03-29 17:06:04 - [TEST_STEP][PASSED] - click(findTestObject("2-OBJECTS TAREAS SECUNDARIAS/Pruebas Compensación/Fuente_General/a_Ejecutar")): Object: 'Object Repository/2-OBJECTS TAREAS SECUNDARIAS/Pruebas Compensación/Fuente_General/a_Ejecutar' is clicked on

2023-03-29 17:06:09 - [MESSAGE][PASSED] - Object: 'Object Repository/2-OBJECTS TAREAS SECUNDARIAS/Pruebas Compensación/Fuente_General/a_Ejecutar' is clicked on

2023-03-29 17:06:09 - [TEST_STEP][PASSED] - if (waitForElementVisible(findTestObject("2-OBJECTS TAREAS SECUNDARIAS/Pruebas Compensación/Fuente_General/a_Continuar - Copy"), 3)): null

2023-03-29 17:06:12 - [MESSAGE][PASSED] - Object 'Object Repository/2-OBJECTS TAREAS SECUNDARIAS/Pruebas Compensación/Fuente_General/a_Continuar - Copy' is visible

2023-03-29 17:06:12 - [TEST_STEP][PASSED] - click(findTestObject("2-OBJECTS TAREAS SECUNDARIAS/Pruebas Compensación/Fuente_General/a_Continuar - Copy")): Object: 'Object Repository/2-OBJECTS TAREAS SECUNDARIAS/Pruebas Compensación/Fuente_General/a_Continuar - Copy' is clicked on

2023-03-29 17:06:12 - [MESSAGE][PASSED] - Object: 'Object Repository/2-OBJECTS TAREAS SECUNDARIAS/Pruebas Compensación/Fuente_General/a_Continuar - Copy' is clicked on

2023-03-29 17:06:12 - [TEST_STEP][PASSED] - waitForElementVisible(findTestObject("2-OBJECTS TAREAS SECUNDARIAS/Pruebas Compensación/Fuente_General/mensaje"), 0): Object 'Object Repository/2-OBJECTS TAREAS SECUNDARIAS/Pruebas Compensación/Fuente_General/mensaje' is visible

2023-03-29 17:06:13 - [MESSAGE][WARNING] - Timeout '0' is invalid. Using default page load timeout: '37'

2023-03-29 17:06:13 - [MESSAGE][PASSED] - Object 'Object Repository/2-OBJECTS TAREAS SECUNDARIAS/Pruebas Compensación/Fuente_General/mensaje' is visible

2023-03-29 17:06:13 - [TEST_STEP][PASSED] - Result = getText(findTestObject("2-OBJECTS TAREAS SECUNDARIAS/Pruebas Compensación/Fuente_General/mensaje")): Text of object 'Object Repository/2-OBJECTS TAREAS SECUNDARIAS/Pruebas Compensación/Fuente_General/mensaje' is: 'insertarprestamo:No valida (.,Registro ya existe-789)|'

2023-03-29 17:06:13 - [MESSAGE][PASSED] - Text of object 'Object Repository/2-OBJECTS TAREAS SECUNDARIAS/Pruebas Compensación/Fuente_General/mensaje' is: 'insertarprestamo:No valida (.,Registro ya existe-789)|'

2023-03-29 17:06:13 - [TEST_STEP][PASSED] - if (Result == ""): null

2023-03-29 17:06:13 - [TEST_STEP][PASSED] - else: null

2023-03-29 17:06:13 - [TEST_STEP][PASSED] - click(findTestObject("2-OBJECTS TAREAS SECUNDARIAS/Pruebas Compensación/Fuente_General/a_Regresar")): Object: 'Object Repository/2-OBJECTS TAREAS SECUNDARIAS/Pruebas Compensación/Fuente_General/a_Regresar' is clicked on

2023-03-29 17:06:14 - [MESSAGE][PASSED] - Object: 'Object Repository/2-OBJECTS TAREAS SECUNDARIAS/Pruebas Compensación/Fuente_General/a_Regresar' is clicked on

2023-03-29 17:06:14 - [TEST_STEP][PASSED] - click(findTestObject("1-OBJECTS TAREAS PRINCIPALES/Modulo Tarea Sara General/Importar Fuente General/td_Creacin Prestamos")): Object: 'Object Repository/1-OBJECTS TAREAS PRINCIPALES/Modulo Tarea Sara General/Importar Fuente General/td_Creacin Prestamos' is clicked on

2023-03-29 17:06:15 - [MESSAGE][PASSED] - Object: 'Object Repository/1-OBJECTS TAREAS PRINCIPALES/Modulo Tarea Sara General/Importar Fuente General/td_Creacin Prestamos' is clicked on

2023-03-29 17:06:15 - [TEST_STEP][PASSED] - ruta1 = Systema() + "carguePrestamo1.txt": null

2023-03-29 17:06:15 - [TEST_STEP][PASSED] - RutaA = System.getProperty("os.name"): null

2023-03-29 17:06:15 - [TEST_STEP][PASSED] - println(RutaA): null

2023-03-29 17:06:15 - [TEST_STEP][PASSED] - if (RutaA == "Windows 10"): null

2023-03-29 17:06:15 - [TEST_STEP][PASSED] - rutaW = getProjectDir() + "/1.Requerimientos/Documento para pruebas/": null

2023-03-29 17:06:15 - [TEST_STEP][PASSED] - rutaW = rutaW.replace("/", "\"): null

2023-03-29 17:06:15 - [TEST_STEP][PASSED] - println("Esta es la ruta:" + rutaW): null

2023-03-29 17:06:15 - [TEST_STEP][PASSED] - ra = rutaW: null

2023-03-29 17:06:15 - [TEST_STEP][PASSED] - uploadFile(findTestObject("1-OBJECTS TAREAS PRINCIPALES/Modulo Tarea Sara General/Importar Fuente General/input_Cargar_formImportarFuentetabarchivo_input"), ruta1): File 'C:\Users\diego.rojas\git\Pruebas-Minimas\1.Requerimientos\Documento para pruebas\carguePrestamo1.txt' sent to object: 'Object Repository/1-OBJECTS TAREAS PRINCIPALES/Modulo Tarea Sara General/Importar Fuente General/input_Cargar_formImportarFuentetabarchivo_input'

2023-03-29 17:06:15 - [MESSAGE][PASSED] - File 'C:\Users\diego.rojas\git\Pruebas-Minimas\1.Requerimientos\Documento para pruebas\carguePrestamo1.txt' sent to object: 'Object Repository/1-OBJECTS TAREAS PRINCIPALES/Modulo Tarea Sara General/Importar Fuente General/input_Cargar_formImportarFuentetabarchivo_input'

2023-03-29 17:06:15 - [TEST_STEP][PASSED] - click(findTestObject("1-OBJECTS TAREAS PRINCIPALES/Modulo Tarea Sara General/Importar Fuente General/a_Importar")): Object: 'Object Repository/1-OBJECTS TAREAS PRINCIPALES/Modulo Tarea Sara General/Importar Fuente General/a_Importar' is clicked on

2023-03-29 17:06:16 - [MESSAGE][PASSED] - Object: 'Object Repository/1-OBJECTS TAREAS PRINCIPALES/Modulo Tarea Sara General/Importar Fuente General/a_Importar' is clicked on

2023-03-29 17:06:16 - [TEST_STEP][PASSED] - waitForElementVisible(findTestObject("2-OBJECTS TAREAS SECUNDARIAS/Pruebas Compensación/Fuente_General/a_Continuar"), 0): Object 'Object Repository/2-OBJECTS TAREAS SECUNDARIAS/Pruebas Compensación/Fuente_General/a_Continuar' is visible

2023-03-29 17:06:16 - [MESSAGE][WARNING] - Timeout '0' is invalid. Using default page load timeout: '37'

2023-03-29 17:06:20 - [MESSAGE][PASSED] - Object 'Object Repository/2-OBJECTS TAREAS SECUNDARIAS/Pruebas Compensación/Fuente_General/a_Continuar' is visible

2023-03-29 17:06:20 - [TEST_STEP][PASSED] - click(findTestObject("2-OBJECTS TAREAS SECUNDARIAS/Pruebas Compensación/Fuente_General/a_Continuar")): Object: 'Object Repository/2-OBJECTS TAREAS SECUNDARIAS/Pruebas Compensación/Fuente_General/a_Continuar' is clicked on

2023-03-29 17:06:20 - [MESSAGE][PASSED] - Object: 'Object Repository/2-OBJECTS TAREAS SECUNDARIAS/Pruebas Compensación/Fuente_General/a_Continuar' is clicked on

2023-03-29 17:06:20 - [TEST_STEP][PASSED] - click(findTestObject("2-OBJECTS TAREAS SECUNDARIAS/Pruebas Compensación/Fuente_General/a_Ejecutar")): Object: 'Object Repository/2-OBJECTS TAREAS SECUNDARIAS/Pruebas Compensación/Fuente_General/a_Ejecutar' is clicked on

2023-03-29 17:06:24 - [MESSAGE][PASSED] - Object: 'Object Repository/2-OBJECTS TAREAS SECUNDARIAS/Pruebas Compensación/Fuente_General/a_Ejecutar' is clicked on

2023-03-29 17:06:24 - [TEST_STEP][PASSED] - click(findTestObject("2-OBJECTS TAREAS SECUNDARIAS/Pruebas Compensación/Fuente_General/a_Continuar")): Object: 'Object Repository/2-OBJECTS TAREAS SECUNDARIAS/Pruebas Compensación/Fuente_General/a_Continuar' is clicked on

2023-03-29 17:06:27 - [MESSAGE][PASSED] - Object: 'Object Repository/2-OBJECTS TAREAS SECUNDARIAS/Pruebas Compensación/Fuente_General/a_Continuar' is clicked on

2023-03-29 17:06:27 - [TEST_STEP][PASSED] - Result1 = getText(findTestObject("2-OBJECTS TAREAS SECUNDARIAS/Pruebas Compensación/Fuente_General/mensaje")): Text of object 'Object Repository/2-OBJECTS TAREAS SECUNDARIAS/Pruebas Compensación/Fuente_General/mensaje' is: 'insertarprestamo:No valida (.,Registro ya existe-999)|'

2023-03-29 17:06:28 - [MESSAGE][PASSED] - Text of object 'Object Repository/2-OBJECTS TAREAS SECUNDARIAS/Pruebas Compensación/Fuente_General/mensaje' is: 'insertarprestamo:No valida (.,Registro ya existe-999)|'

2023-03-29 17:06:28 - [TEST_STEP][PASSED] - if (Result1 == ""): null

2023-03-29 17:06:28 - [TEST_STEP][PASSED] - else: null

2023-03-29 17:06:28 - [TEST_STEP][PASSED] - setText(findTestObject("2-OBJECTS TAREAS SECUNDARIAS/Pruebas Compensación/Fuente_General/input_Empresa 1_form_templatej_idt24_input"), "Liquidacion Nomina (com)"): Text 'Liquidacion Nomina (com)' is set on object 'Object Repository/2-OBJECTS TAREAS SECUNDARIAS/Pruebas Compensación/Fuente_General/input_Empresa 1_form_templatej_idt24_input'

2023-03-29 17:06:29 - [MESSAGE][PASSED] - Text 'Liquidacion Nomina (com)' is set on object 'Object Repository/2-OBJECTS TAREAS SECUNDARIAS/Pruebas Compensación/Fuente_General/input_Empresa 1_form_templatej_idt24_input'

2023-03-29 17:06:29 - [TEST_STEP][PASSED] - click(findTestObject("2-OBJECTS TAREAS SECUNDARIAS/Pruebas Compensación/Fuente_General/li_fuente general (gna)")): Object: 'Object Repository/2-OBJECTS TAREAS SECUNDARIAS/Pruebas Compensación/Fuente_General/li_fuente general (gna)' is clicked on

2023-03-29 17:06:30 - [MESSAGE][PASSED] - Object: 'Object Repository/2-OBJECTS TAREAS SECUNDARIAS/Pruebas Compensación/Fuente_General/li_fuente general (gna)' is clicked on

2023-03-29 17:06:30 - [TEST_STEP][PASSED] - click(findTestObject("2-OBJECTS TAREAS SECUNDARIAS/Pruebas Compensación/Fuente_General/a_Periodo Nomina_LiquidacionNominaj_idt68")): Object: 'Object Repository/2-OBJECTS TAREAS SECUNDARIAS/Pruebas Compensación/Fuente_General/a_Periodo Nomina_LiquidacionNominaj_idt68' is clicked on

2023-03-29 17:06:32 - [MESSAGE][PASSED] - Object: 'Object Repository/2-OBJECTS TAREAS SECUNDARIAS/Pruebas Compensación/Fuente_General/a_Periodo Nomina_LiquidacionNominaj_idt68' is clicked on

2023-03-29 17:06:32 - [TEST_STEP][PASSED] - selectOptionByIndex(findTestObject("2-OBJECTS TAREAS SECUNDARIAS/Pruebas Compensación/Fuente_General/select_--  Seleccione  --Periodo CerradoPeriodo en Proceso"), 2): All options with index in [2] are selected on object 'Object Repository/2-OBJECTS TAREAS SECUNDARIAS/Pruebas Compensación/Fuente_General/select_--  Seleccione  --Periodo CerradoPeriodo en Proceso'

2023-03-29 17:06:33 - [MESSAGE][PASSED] - All options with index in [2] are selected on object 'Object Repository/2-OBJECTS TAREAS SECUNDARIAS/Pruebas Compensación/Fuente_General/select_--  Seleccione  --Periodo CerradoPeriodo en Proceso'

2023-03-29 17:06:33 - [TEST_STEP][PASSED] - click(findTestObject("2-OBJECTS TAREAS SECUNDARIAS/Pruebas Compensación/Fuente_General/td_P. MensualJulio2021")): Object: 'Object Repository/2-OBJECTS TAREAS SECUNDARIAS/Pruebas Compensación/Fuente_General/td_P. MensualJulio2021' is clicked on

2023-03-29 17:06:34 - [MESSAGE][PASSED] - Object: 'Object Repository/2-OBJECTS TAREAS SECUNDARIAS/Pruebas Compensación/Fuente_General/td_P. MensualJulio2021' is clicked on

2023-03-29 17:06:34 - [TEST_STEP][PASSED] - setText(findTestObject("2-OBJECTS TAREAS SECUNDARIAS/Pruebas Compensación/Fuente_General/input_Nombre Persona_LiquidacionNominaj_idt124"), "1026588953"): Text '1026588953' is set on object 'Object Repository/2-OBJECTS TAREAS SECUNDARIAS/Pruebas Compensación/Fuente_General/input_Nombre Persona_LiquidacionNominaj_idt124'

2023-03-29 17:06:35 - [MESSAGE][PASSED] - Text '1026588953' is set on object 'Object Repository/2-OBJECTS TAREAS SECUNDARIAS/Pruebas Compensación/Fuente_General/input_Nombre Persona_LiquidacionNominaj_idt124'

2023-03-29 17:06:35 - [TEST_STEP][PASSED] - sendKeys(findTestObject("2-OBJECTS TAREAS SECUNDARIAS/Pruebas Compensación/Fuente_General/input_Nombre Persona_LiquidacionNominaj_idt124"), Keys.chord(ENTER)): Keys 'ENTER + ' sent to object: 'Object Repository/2-OBJECTS TAREAS SECUNDARIAS/Pruebas Compensación/Fuente_General/input_Nombre Persona_LiquidacionNominaj_idt124'

2023-03-29 17:06:36 - [MESSAGE][PASSED] - Keys 'ENTER + ' sent to object: 'Object Repository/2-OBJECTS TAREAS SECUNDARIAS/Pruebas Compensación/Fuente_General/input_Nombre Persona_LiquidacionNominaj_idt124'

2023-03-29 17:06:36 - [TEST_STEP][PASSED] - click(findTestObject("2-OBJECTS TAREAS SECUNDARIAS/Pruebas Compensación/Fuente_General/td_Aya Silva Cindy Ximena")): Object: 'Object Repository/2-OBJECTS TAREAS SECUNDARIAS/Pruebas Compensación/Fuente_General/td_Aya Silva Cindy Ximena' is clicked on

2023-03-29 17:06:36 - [MESSAGE][PASSED] - Object: 'Object Repository/2-OBJECTS TAREAS SECUNDARIAS/Pruebas Compensación/Fuente_General/td_Aya Silva Cindy Ximena' is clicked on

2023-03-29 17:06:36 - [TEST_STEP][PASSED] - click(findTestObject("2-OBJECTS TAREAS SECUNDARIAS/Pruebas Compensación/Fuente_General/a_Concepto")): Object: 'Object Repository/2-OBJECTS TAREAS SECUNDARIAS/Pruebas Compensación/Fuente_General/a_Concepto' is clicked on

2023-03-29 17:06:37 - [MESSAGE][PASSED] - Object: 'Object Repository/2-OBJECTS TAREAS SECUNDARIAS/Pruebas Compensación/Fuente_General/a_Concepto' is clicked on

2023-03-29 17:06:37 - [TEST_STEP][PASSED] - click(findTestObject("2-OBJECTS TAREAS SECUNDARIAS/Pruebas Compensación/Fuente_General/a_Reversar")): Object: 'Object Repository/2-OBJECTS TAREAS SECUNDARIAS/Pruebas Compensación/Fuente_General/a_Reversar' is clicked on

2023-03-29 17:06:38 - [MESSAGE][PASSED] - Object: 'Object Repository/2-OBJECTS TAREAS SECUNDARIAS/Pruebas Compensación/Fuente_General/a_Reversar' is clicked on

2023-03-29 17:06:38 - [TEST_STEP][PASSED] - click(findTestObject("2-OBJECTS TAREAS SECUNDARIAS/Pruebas Compensación/Fuente_General/span_Si")): Object: 'Object Repository/2-OBJECTS TAREAS SECUNDARIAS/Pruebas Compensación/Fuente_General/span_Si' is clicked on

2023-03-29 17:06:38 - [MESSAGE][PASSED] - Object: 'Object Repository/2-OBJECTS TAREAS SECUNDARIAS/Pruebas Compensación/Fuente_General/span_Si' is clicked on

2023-03-29 17:06:38 - [TEST_STEP][PASSED] - setText(findTestObject("2-OBJECTS TAREAS SECUNDARIAS/Pruebas Compensación/Fuente_General/input_Empresa 1_form_templatej_idt24_input"), "Listado de Empleados (com)"): Text 'Listado de Empleados (com)' is set on object 'Object Repository/2-OBJECTS TAREAS SECUNDARIAS/Pruebas Compensación/Fuente_General/input_Empresa 1_form_templatej_idt24_input'

2023-03-29 17:06:40 - [MESSAGE][PASSED] - Text 'Listado de Empleados (com)' is set on object 'Object Repository/2-OBJECTS TAREAS SECUNDARIAS/Pruebas Compensación/Fuente_General/input_Empresa 1_form_templatej_idt24_input'

2023-03-29 17:06:40 - [TEST_STEP][PASSED] - click(findTestObject("2-OBJECTS TAREAS SECUNDARIAS/Pruebas Compensación/Fuente_General/li_fuente general (gna)")): Object: 'Object Repository/2-OBJECTS TAREAS SECUNDARIAS/Pruebas Compensación/Fuente_General/li_fuente general (gna)' is clicked on

2023-03-29 17:06:41 - [MESSAGE][PASSED] - Object: 'Object Repository/2-OBJECTS TAREAS SECUNDARIAS/Pruebas Compensación/Fuente_General/li_fuente general (gna)' is clicked on

2023-03-29 17:06:41 - [TEST_STEP][PASSED] - setText(findTestObject("2-OBJECTS TAREAS SECUNDARIAS/Pruebas Compensación/Fuente_General/input_Identificacin_listadoEmpleadoIdentificacionEmpleado"), "1026588953"): Text '1026588953' is set on object 'Object Repository/2-OBJECTS TAREAS SECUNDARIAS/Pruebas Compensación/Fuente_General/input_Identificacin_listadoEmpleadoIdentificacionEmpleado'

2023-03-29 17:06:43 - [MESSAGE][PASSED] - Text '1026588953' is set on object 'Object Repository/2-OBJECTS TAREAS SECUNDARIAS/Pruebas Compensación/Fuente_General/input_Identificacin_listadoEmpleadoIdentificacionEmpleado'

2023-03-29 17:06:43 - [TEST_STEP][PASSED] - sendKeys(findTestObject("2-OBJECTS TAREAS SECUNDARIAS/Pruebas Compensación/Fuente_General/input_Identificacin_listadoEmpleadoIdentificacionEmpleado"), Keys.chord(ENTER)): Keys 'ENTER + ' sent to object: 'Object Repository/2-OBJECTS TAREAS SECUNDARIAS/Pruebas Compensación/Fuente_General/input_Identificacin_listadoEmpleadoIdentificacionEmpleado'

2023-03-29 17:06:43 - [MESSAGE][PASSED] - Keys 'ENTER + ' sent to object: 'Object Repository/2-OBJECTS TAREAS SECUNDARIAS/Pruebas Compensación/Fuente_General/input_Identificacin_listadoEmpleadoIdentificacionEmpleado'

2023-03-29 17:06:43 - [TEST_STEP][PASSED] - click(findTestObject("2-OBJECTS TAREAS SECUNDARIAS/Pruebas Compensación/Fuente_General/span_Aya Silva Cindy Ximena")): Object: 'Object Repository/2-OBJECTS TAREAS SECUNDARIAS/Pruebas Compensación/Fuente_General/span_Aya Silva Cindy Ximena' is clicked on

2023-03-29 17:06:44 - [MESSAGE][PASSED] - Object: 'Object Repository/2-OBJECTS TAREAS SECUNDARIAS/Pruebas Compensación/Fuente_General/span_Aya Silva Cindy Ximena' is clicked on

2023-03-29 17:06:44 - [TEST_STEP][PASSED] - click(findTestObject("2-OBJECTS TAREAS SECUNDARIAS/Pruebas Compensación/Fuente_General/a_Liquidacin Periodica")): Object: 'Object Repository/2-OBJECTS TAREAS SECUNDARIAS/Pruebas Compensación/Fuente_General/a_Liquidacin Periodica' is clicked on

2023-03-29 17:06:45 - [MESSAGE][PASSED] - Object: 'Object Repository/2-OBJECTS TAREAS SECUNDARIAS/Pruebas Compensación/Fuente_General/a_Liquidacin Periodica' is clicked on

2023-03-29 17:06:45 - [TEST_STEP][PASSED] - while (waitForElementVisible(findTestObject("2-OBJECTS TAREAS SECUNDARIAS/Pruebas Compensación/Fuente_General/span_Prestamo Compaa"), 1)): null

2023-03-29 17:06:46 - [MESSAGE][PASSED] - Object 'Object Repository/2-OBJECTS TAREAS SECUNDARIAS/Pruebas Compensación/Fuente_General/span_Prestamo Compaa' is visible

2023-03-29 17:06:46 - [TEST_STEP][PASSED] - click(findTestObject("2-OBJECTS TAREAS SECUNDARIAS/Pruebas Compensación/Fuente_General/span_Prestamo Compaa")): Object: 'Object Repository/2-OBJECTS TAREAS SECUNDARIAS/Pruebas Compensación/Fuente_General/span_Prestamo Compaa' is clicked on

2023-03-29 17:06:46 - [MESSAGE][PASSED] - Object: 'Object Repository/2-OBJECTS TAREAS SECUNDARIAS/Pruebas Compensación/Fuente_General/span_Prestamo Compaa' is clicked on

2023-03-29 17:06:46 - [TEST_STEP][PASSED] - click(findTestObject("2-OBJECTS TAREAS SECUNDARIAS/Pruebas Compensación/Fuente_General/a_ReversarEliminar")): Object: 'Object Repository/2-OBJECTS TAREAS SECUNDARIAS/Pruebas Compensación/Fuente_General/a_ReversarEliminar' is clicked on

2023-03-29 17:06:47 - [MESSAGE][PASSED] - Object: 'Object Repository/2-OBJECTS TAREAS SECUNDARIAS/Pruebas Compensación/Fuente_General/a_ReversarEliminar' is clicked on

2023-03-29 17:06:47 - [TEST_STEP][PASSED] - click(findTestObject("2-OBJECTS TAREAS SECUNDARIAS/Pruebas Compensación/Fuente_General/a_Aceptar")): Web element with id: 'Object Repository/2-OBJECTS TAREAS SECUNDARIAS/Pruebas Compensación/Fuente_General/span_Prestamo Compaa' located by '//*/text()[normalize-space(.)='Prestamo Compañía']/parent::*' not found

2023-03-29 17:06:48 - [MESSAGE][PASSED] - Object: 'Object Repository/2-OBJECTS TAREAS SECUNDARIAS/Pruebas Compensación/Fuente_General/a_Aceptar' is clicked on

2023-03-29 17:06:50 - [MESSAGE][INFO] - Unable to find the element located by 'By.xpath: //*/text()[normalize-space(.)='Prestamo Compañía']/parent::*'. Please recheck the objects properties to make sure the desired element is located. 

2023-03-29 17:06:50 - [MESSAGE][WARNING] - Web element with id: 'Object Repository/2-OBJECTS TAREAS SECUNDARIAS/Pruebas Compensación/Fuente_General/span_Prestamo Compaa' located by '//*/text()[normalize-space(.)='Prestamo Compañía']/parent::*' not found

2023-03-29 17:06:50 - [TEST_STEP][PASSED] - setText(findTestObject("2-OBJECTS TAREAS SECUNDARIAS/Pruebas Compensación/Fuente_General/input_Empresa 1_form_templatej_idt24_input"), "importar fuente general"): Text 'importar fuente general' is set on object 'Object Repository/2-OBJECTS TAREAS SECUNDARIAS/Pruebas Compensación/Fuente_General/input_Empresa 1_form_templatej_idt24_input'

2023-03-29 17:06:50 - [MESSAGE][PASSED] - Text 'importar fuente general' is set on object 'Object Repository/2-OBJECTS TAREAS SECUNDARIAS/Pruebas Compensación/Fuente_General/input_Empresa 1_form_templatej_idt24_input'

2023-03-29 17:06:50 - [TEST_STEP][PASSED] - click(findTestObject("2-OBJECTS TAREAS SECUNDARIAS/Pruebas Compensación/Fuente_General/li_fuente general (gna)")): Object: 'Object Repository/2-OBJECTS TAREAS SECUNDARIAS/Pruebas Compensación/Fuente_General/li_fuente general (gna)' is clicked on

2023-03-29 17:06:52 - [MESSAGE][PASSED] - Object: 'Object Repository/2-OBJECTS TAREAS SECUNDARIAS/Pruebas Compensación/Fuente_General/li_fuente general (gna)' is clicked on

2023-03-29 17:06:52 - [TEST_STEP][PASSED] - setText(findTestObject("1-OBJECTS TAREAS PRINCIPALES/Modulo Tarea Sara General/Importar Fuente General/input_Procesos Generados_formImportarListadoFuentej_idt67"), "Creación prestamos"): Text 'Creación prestamos' is set on object 'Object Repository/1-OBJECTS TAREAS PRINCIPALES/Modulo Tarea Sara General/Importar Fuente General/input_Procesos Generados_formImportarListadoFuentej_idt67'

2023-03-29 17:06:54 - [MESSAGE][PASSED] - Text 'Creación prestamos' is set on object 'Object Repository/1-OBJECTS TAREAS PRINCIPALES/Modulo Tarea Sara General/Importar Fuente General/input_Procesos Generados_formImportarListadoFuentej_idt67'

2023-03-29 17:06:54 - [TEST_STEP][PASSED] - sendKeys(findTestObject("1-OBJECTS TAREAS PRINCIPALES/Modulo Tarea Sara General/Importar Fuente General/input_Procesos Generados_formImportarListadoFuentej_idt67"), Keys.chord(ENTER)): Keys 'ENTER + ' sent to object: 'Object Repository/1-OBJECTS TAREAS PRINCIPALES/Modulo Tarea Sara General/Importar Fuente General/input_Procesos Generados_formImportarListadoFuentej_idt67'

2023-03-29 17:06:54 - [MESSAGE][PASSED] - Keys 'ENTER + ' sent to object: 'Object Repository/1-OBJECTS TAREAS PRINCIPALES/Modulo Tarea Sara General/Importar Fuente General/input_Procesos Generados_formImportarListadoFuentej_idt67'

2023-03-29 17:06:54 - [TEST_STEP][PASSED] - click(findTestObject("1-OBJECTS TAREAS PRINCIPALES/Modulo Tarea Sara General/Importar Fuente General/td_Creacin Prestamos")): Object: 'Object Repository/1-OBJECTS TAREAS PRINCIPALES/Modulo Tarea Sara General/Importar Fuente General/td_Creacin Prestamos' is clicked on

2023-03-29 17:06:55 - [MESSAGE][PASSED] - Object: 'Object Repository/1-OBJECTS TAREAS PRINCIPALES/Modulo Tarea Sara General/Importar Fuente General/td_Creacin Prestamos' is clicked on

2023-03-29 17:06:55 - [TEST_STEP][PASSED] - ruta2 = Systema() + "carguePrestamo1.txt": null

2023-03-29 17:06:55 - [TEST_STEP][PASSED] - RutaA = System.getProperty("os.name"): null

2023-03-29 17:06:55 - [TEST_STEP][PASSED] - println(RutaA): null

2023-03-29 17:06:55 - [TEST_STEP][PASSED] - if (RutaA == "Windows 10"): Browser is closed

2023-03-29 17:06:55 - [TEST_STEP][PASSED] - rutaW = getProjectDir() + "/1.Requerimientos/Documento para pruebas/": null

2023-03-29 17:06:55 - [TEST_STEP][PASSED] - rutaW = rutaW.replace("/", "\"): null

2023-03-29 17:06:55 - [TEST_STEP][PASSED] - println("Esta es la ruta:" + rutaW): null

2023-03-29 17:06:55 - [TEST_STEP][PASSED] - ra = rutaW: Browser is closed

2023-03-29 17:06:55 - [TEST_STEP][PASSED] - uploadFile(findTestObject("1-OBJECTS TAREAS PRINCIPALES/Modulo Tarea Sara General/Importar Fuente General/input_Cargar_formImportarFuentetabarchivo_input"), ruta2): File 'C:\Users\diego.rojas\git\Pruebas-Minimas\1.Requerimientos\Documento para pruebas\carguePrestamo1.txt' sent to object: 'Object Repository/1-OBJECTS TAREAS PRINCIPALES/Modulo Tarea Sara General/Importar Fuente General/input_Cargar_formImportarFuentetabarchivo_input'

2023-03-29 17:06:55 - [MESSAGE][PASSED] - File 'C:\Users\diego.rojas\git\Pruebas-Minimas\1.Requerimientos\Documento para pruebas\carguePrestamo1.txt' sent to object: 'Object Repository/1-OBJECTS TAREAS PRINCIPALES/Modulo Tarea Sara General/Importar Fuente General/input_Cargar_formImportarFuentetabarchivo_input'

2023-03-29 17:06:55 - [TEST_STEP][PASSED] - click(findTestObject("1-OBJECTS TAREAS PRINCIPALES/Modulo Tarea Sara General/Importar Fuente General/a_Importar")): Object: 'Object Repository/1-OBJECTS TAREAS PRINCIPALES/Modulo Tarea Sara General/Importar Fuente General/a_Importar' is clicked on

2023-03-29 17:06:56 - [MESSAGE][PASSED] - Object: 'Object Repository/1-OBJECTS TAREAS PRINCIPALES/Modulo Tarea Sara General/Importar Fuente General/a_Importar' is clicked on

2023-03-29 17:06:56 - [TEST_STEP][PASSED] - waitForElementVisible(findTestObject("2-OBJECTS TAREAS SECUNDARIAS/Pruebas Compensación/Fuente_General/a_Continuar"), 0): Object 'Object Repository/2-OBJECTS TAREAS SECUNDARIAS/Pruebas Compensación/Fuente_General/a_Continuar' is visible

2023-03-29 17:06:56 - [MESSAGE][WARNING] - Timeout '0' is invalid. Using default page load timeout: '37'

2023-03-29 17:07:00 - [MESSAGE][PASSED] - Object 'Object Repository/2-OBJECTS TAREAS SECUNDARIAS/Pruebas Compensación/Fuente_General/a_Continuar' is visible

2023-03-29 17:07:00 - [TEST_STEP][PASSED] - click(findTestObject("2-OBJECTS TAREAS SECUNDARIAS/Pruebas Compensación/Fuente_General/a_Continuar")): Object: 'Object Repository/2-OBJECTS TAREAS SECUNDARIAS/Pruebas Compensación/Fuente_General/a_Continuar' is clicked on

2023-03-29 17:07:00 - [MESSAGE][PASSED] - Object: 'Object Repository/2-OBJECTS TAREAS SECUNDARIAS/Pruebas Compensación/Fuente_General/a_Continuar' is clicked on

2023-03-29 17:07:00 - [TEST_STEP][PASSED] - click(findTestObject("2-OBJECTS TAREAS SECUNDARIAS/Pruebas Compensación/Fuente_General/a_Ejecutar")): Object: 'Object Repository/2-OBJECTS TAREAS SECUNDARIAS/Pruebas Compensación/Fuente_General/a_Ejecutar' is clicked on

2023-03-29 17:07:04 - [MESSAGE][PASSED] - Object: 'Object Repository/2-OBJECTS TAREAS SECUNDARIAS/Pruebas Compensación/Fuente_General/a_Ejecutar' is clicked on

2023-03-29 17:07:04 - [TEST_STEP][PASSED] - click(findTestObject("2-OBJECTS TAREAS SECUNDARIAS/Pruebas Compensación/Fuente_General/a_Continuar")): Object: 'Object Repository/2-OBJECTS TAREAS SECUNDARIAS/Pruebas Compensación/Fuente_General/a_Continuar' is clicked on

2023-03-29 17:07:08 - [MESSAGE][PASSED] - Object: 'Object Repository/2-OBJECTS TAREAS SECUNDARIAS/Pruebas Compensación/Fuente_General/a_Continuar' is clicked on

2023-03-29 17:07:08 - [TEST_STEP][PASSED] - Result2 = getText(findTestObject("2-OBJECTS TAREAS SECUNDARIAS/Pruebas Compensación/Fuente_General/mensaje")): Text of object 'Object Repository/2-OBJECTS TAREAS SECUNDARIAS/Pruebas Compensación/Fuente_General/mensaje' is: ''

2023-03-29 17:07:08 - [MESSAGE][PASSED] - Text of object 'Object Repository/2-OBJECTS TAREAS SECUNDARIAS/Pruebas Compensación/Fuente_General/mensaje' is: ''

2023-03-29 17:07:08 - [TEST_STEP][PASSED] - if (Result2 == ""): Browser is closed

2023-03-29 17:07:08 - [TEST_STEP][PASSED] - Resultado = "PRUEBA OK": null

2023-03-29 17:07:08 - [TEST_STEP][PASSED] - closeBrowser(): Browser is closed

2023-03-29 17:07:09 - [MESSAGE][PASSED] - Browser is closed]]></system-out>
         <system-err><![CDATA[]]></system-err>
      </testcase>
      <testcase name="Test Cases/1.2-Tareas_Secundarias/A.1-Pruebas_compensaciones/11.1.5-Listado_Empleados" time="20.399" classname="Test Cases/1.2-Tareas_Secundarias/A.1-Pruebas_compensaciones/11.1.5-Listado_Empleados" status="PASSED">
         <system-out><![CDATA[2023-03-29 17:07:09 - [TEST_CASE][PASSED] - Test Cases/1.2-Tareas_Secundarias/A.1-Pruebas_compensaciones/11.1.5-Listado_Empleados: Test Cases/1.2-Tareas_Secundarias/A.1-Pruebas_compensaciones/11.1.5-Listado_Empleados

2023-03-29 17:07:09 - [TEST_STEP][PASSED] - callTestCase(findTestCase("0.1-Login"), [:], STOP_ON_FAILURE): Call Test Case 'Test Cases/0.1-Login' successfully

2023-03-29 17:07:10 - [TEST_CASE][PASSED] - Test Cases/0.1-Login: Test Cases/0.1-Login

2023-03-29 17:07:10 - [TEST_STEP][PASSED] - openBrowser(""): Browser is opened with url: ''

2023-03-29 17:07:10 - [MESSAGE][INFO] - Starting 'Chrome' driver

2023-03-29 17:07:10 - [MESSAGE][INFO] - Action delay is set to 0 milliseconds

2023-03-29 17:07:11 - [MESSAGE][PASSED] - Browser is opened with url: ''

2023-03-29 17:07:11 - [TEST_STEP][PASSED] - maximizeWindow(): Current window maximized

2023-03-29 17:07:11 - [MESSAGE][PASSED] - Current window maximized

2023-03-29 17:07:11 - [TEST_STEP][PASSED] - i = G_Login: null

2023-03-29 17:07:11 - [TEST_STEP][PASSED] - url = new java.net.URL(i): null

2023-03-29 17:07:11 - [TEST_STEP][PASSED] - println("URL: " + url.toString()): null

2023-03-29 17:07:11 - [TEST_STEP][PASSED] - connection = url.openConnection(): null

2023-03-29 17:07:11 - [TEST_STEP][PASSED] - connection.setRequestMethod("GET"): null

2023-03-29 17:07:11 - [TEST_STEP][PASSED] - connection.setReadTimeout(2 * 1000): null

2023-03-29 17:07:11 - [TEST_STEP][PASSED] - try: null

2023-03-29 17:07:11 - [TEST_STEP][PASSED] - connection.connect(): null

2023-03-29 17:07:11 - [TEST_STEP][PASSED] - flag = connected: null

2023-03-29 17:07:11 - [TEST_STEP][PASSED] - println("Valor_ori: " + flag): null

2023-03-29 17:07:11 - [TEST_STEP][PASSED] - if (flag): null

2023-03-29 17:07:11 - [TEST_STEP][PASSED] - navigateToUrl(i): Navigate to 'http://192.168.2.19:8380/saraweb' successfully

2023-03-29 17:07:11 - [MESSAGE][PASSED] - Navigate to 'http://192.168.2.19:8380/saraweb' successfully

2023-03-29 17:07:11 - [TEST_STEP][PASSED] - a(): null

2023-03-29 17:07:11 - [TEST_STEP][PASSED] - if (waitForElementVisible(findTestObject("3-OBJECTS UTILIDADES/Login/input_USUARIO_loginusuario"), 0)): null

2023-03-29 17:07:12 - [MESSAGE][WARNING] - Timeout '0' is invalid. Using default page load timeout: '37'

2023-03-29 17:07:12 - [MESSAGE][PASSED] - Object 'Object Repository/3-OBJECTS UTILIDADES/Login/input_USUARIO_loginusuario' is visible

2023-03-29 17:07:12 - [TEST_STEP][PASSED] - switchToWindowTitle("SARA"): Switched to window with title: 'SARA'

2023-03-29 17:07:12 - [MESSAGE][PASSED] - Switched to window with title: 'SARA'

2023-03-29 17:07:12 - [TEST_STEP][PASSED] - zoom(): null

2023-03-29 17:07:12 - [TEST_STEP][PASSED] - robot = new java.awt.Robot(): null

2023-03-29 17:07:12 - [TEST_STEP][PASSED] - robot.keyPress(VK_CONTROL): null

2023-03-29 17:07:12 - [TEST_STEP][PASSED] - robot.keyPress(VK_SUBTRACT): null

2023-03-29 17:07:12 - [TEST_STEP][PASSED] - robot.keyRelease(VK_CONTROL): null

2023-03-29 17:07:12 - [TEST_STEP][PASSED] - robot.keyRelease(VK_SUBTRACT): null

2023-03-29 17:07:12 - [TEST_STEP][PASSED] - robot.keyPress(VK_CONTROL): null

2023-03-29 17:07:12 - [TEST_STEP][PASSED] - robot.keyPress(VK_SUBTRACT): null

2023-03-29 17:07:12 - [TEST_STEP][PASSED] - robot.keyRelease(VK_CONTROL): null

2023-03-29 17:07:12 - [TEST_STEP][PASSED] - robot.keyRelease(VK_SUBTRACT): null

2023-03-29 17:07:12 - [TEST_STEP][PASSED] - robot.keyPress(VK_CONTROL): null

2023-03-29 17:07:12 - [TEST_STEP][PASSED] - robot.keyPress(VK_SUBTRACT): null

2023-03-29 17:07:12 - [TEST_STEP][PASSED] - robot.keyRelease(VK_CONTROL): null

2023-03-29 17:07:12 - [TEST_STEP][PASSED] - robot.keyRelease(VK_SUBTRACT): null

2023-03-29 17:07:12 - [TEST_STEP][PASSED] - robot.keyRelease(VK_CONTROL): null

2023-03-29 17:07:12 - [TEST_STEP][PASSED] - robot.keyRelease(VK_SUBTRACT): null

2023-03-29 17:07:12 - [TEST_STEP][PASSED] - setText(findTestObject("3-OBJECTS UTILIDADES/Login/input_USUARIO_loginusuario"), G_Usuario): Text 'saraadmin' is set on object 'Object Repository/3-OBJECTS UTILIDADES/Login/input_USUARIO_loginusuario'

2023-03-29 17:07:13 - [MESSAGE][PASSED] - Text 'saraadmin' is set on object 'Object Repository/3-OBJECTS UTILIDADES/Login/input_USUARIO_loginusuario'

2023-03-29 17:07:13 - [TEST_STEP][PASSED] - setEncryptedText(findTestObject("3-OBJECTS UTILIDADES/Login/input_CLAVE_loginpassword"), "SlAwMcyRKqrwbnzhAs8HhT6NnI7sEyng"): Text ****** has been set on object 'Object Repository/3-OBJECTS UTILIDADES/Login/input_CLAVE_loginpassword'

2023-03-29 17:07:14 - [MESSAGE][PASSED] - Text ****** has been set on object 'Object Repository/3-OBJECTS UTILIDADES/Login/input_CLAVE_loginpassword'

2023-03-29 17:07:14 - [TEST_STEP][PASSED] - while (waitForElementClickable(findTestObject("3-OBJECTS UTILIDADES/Login/a_Ingresar"), 1)): Web element with id: 'Object Repository/3-OBJECTS UTILIDADES/Login/a_Ingresar' located by '//a[contains(text(),'Ingresar')]' not found

2023-03-29 17:07:17 - [MESSAGE][INFO] - Unable to find the element located by 'By.xpath: //a[contains(text(),'Ingresar')]'. Please recheck the objects properties to make sure the desired element is located. 

2023-03-29 17:07:17 - [MESSAGE][WARNING] - Web element with id: 'Object Repository/3-OBJECTS UTILIDADES/Login/a_Ingresar' located by '//a[contains(text(),'Ingresar')]' not found

2023-03-29 17:07:17 - [MESSAGE][PASSED] - Call Test Case 'Test Cases/0.1-Login' successfully

2023-03-29 17:07:17 - [TEST_STEP][PASSED] - setText(findTestObject("2-OBJECTS TAREAS SECUNDARIAS/Pruebas Compensación/Listado_Empleados/input_Empresa 1_form_templatej_idt24_input"), "Listado de empleados"): Text 'Listado de empleados' is set on object 'Object Repository/2-OBJECTS TAREAS SECUNDARIAS/Pruebas Compensación/Listado_Empleados/input_Empresa 1_form_templatej_idt24_input'

2023-03-29 17:07:17 - [MESSAGE][PASSED] - Text 'Listado de empleados' is set on object 'Object Repository/2-OBJECTS TAREAS SECUNDARIAS/Pruebas Compensación/Listado_Empleados/input_Empresa 1_form_templatej_idt24_input'

2023-03-29 17:07:17 - [TEST_STEP][PASSED] - click(findTestObject("2-OBJECTS TAREAS SECUNDARIAS/Pruebas Compensación/Listado_Empleados/li_Listado de Empleados (com)")): Object: 'Object Repository/2-OBJECTS TAREAS SECUNDARIAS/Pruebas Compensación/Listado_Empleados/li_Listado de Empleados (com)' is clicked on

2023-03-29 17:07:19 - [MESSAGE][PASSED] - Object: 'Object Repository/2-OBJECTS TAREAS SECUNDARIAS/Pruebas Compensación/Listado_Empleados/li_Listado de Empleados (com)' is clicked on

2023-03-29 17:07:19 - [TEST_STEP][PASSED] - setText(findTestObject("2-OBJECTS TAREAS SECUNDARIAS/Pruebas Compensación/Listado_Empleados/input_Nombre Funcionario_listadoEmpleadoj_idt64"), "Aya Silva Cindy Ximena"): Text 'Aya Silva Cindy Ximena' is set on object 'Object Repository/2-OBJECTS TAREAS SECUNDARIAS/Pruebas Compensación/Listado_Empleados/input_Nombre Funcionario_listadoEmpleadoj_idt64'

2023-03-29 17:07:20 - [MESSAGE][PASSED] - Text 'Aya Silva Cindy Ximena' is set on object 'Object Repository/2-OBJECTS TAREAS SECUNDARIAS/Pruebas Compensación/Listado_Empleados/input_Nombre Funcionario_listadoEmpleadoj_idt64'

2023-03-29 17:07:20 - [TEST_STEP][PASSED] - sendKeys(findTestObject("2-OBJECTS TAREAS SECUNDARIAS/Pruebas Compensación/Listado_Empleados/input_Nombre Funcionario_listadoEmpleadoj_idt64"), Keys.chord(ENTER)): Keys 'ENTER + ' sent to object: 'Object Repository/2-OBJECTS TAREAS SECUNDARIAS/Pruebas Compensación/Listado_Empleados/input_Nombre Funcionario_listadoEmpleadoj_idt64'

2023-03-29 17:07:21 - [MESSAGE][PASSED] - Keys 'ENTER + ' sent to object: 'Object Repository/2-OBJECTS TAREAS SECUNDARIAS/Pruebas Compensación/Listado_Empleados/input_Nombre Funcionario_listadoEmpleadoj_idt64'

2023-03-29 17:07:21 - [TEST_STEP][PASSED] - click(findTestObject("2-OBJECTS TAREAS SECUNDARIAS/Pruebas Compensación/Listado_Empleados/span_Constantino Jhon")): Object: 'Object Repository/2-OBJECTS TAREAS SECUNDARIAS/Pruebas Compensación/Listado_Empleados/span_Constantino Jhon' is clicked on

2023-03-29 17:07:22 - [MESSAGE][PASSED] - Object: 'Object Repository/2-OBJECTS TAREAS SECUNDARIAS/Pruebas Compensación/Listado_Empleados/span_Constantino Jhon' is clicked on

2023-03-29 17:07:22 - [TEST_STEP][PASSED] - click(findTestObject("2-OBJECTS TAREAS SECUNDARIAS/Pruebas Compensación/Listado_Empleados/a_Liquidacin Periodica")): Object: 'Object Repository/2-OBJECTS TAREAS SECUNDARIAS/Pruebas Compensación/Listado_Empleados/a_Liquidacin Periodica' is clicked on

2023-03-29 17:07:22 - [MESSAGE][PASSED] - Object: 'Object Repository/2-OBJECTS TAREAS SECUNDARIAS/Pruebas Compensación/Listado_Empleados/a_Liquidacin Periodica' is clicked on

2023-03-29 17:07:22 - [TEST_STEP][PASSED] - selectOptionByIndex(findTestObject("2-OBJECTS TAREAS SECUNDARIAS/Pruebas Compensación/Listado_Empleados/select_-- seleccione --BC - PRESTAMO BANCOLOMBIAPC - PRESTAMO COMPAA"), 2): All options with index in [2] are selected on object 'Object Repository/2-OBJECTS TAREAS SECUNDARIAS/Pruebas Compensación/Listado_Empleados/select_-- seleccione --BC - PRESTAMO BANCOLOMBIAPC - PRESTAMO COMPAA'

2023-03-29 17:07:24 - [MESSAGE][PASSED] - All options with index in [2] are selected on object 'Object Repository/2-OBJECTS TAREAS SECUNDARIAS/Pruebas Compensación/Listado_Empleados/select_-- seleccione --BC - PRESTAMO BANCOLOMBIAPC - PRESTAMO COMPAA'

2023-03-29 17:07:24 - [TEST_STEP][PASSED] - if (waitForElementVisible(findTestObject("2-OBJECTS TAREAS SECUNDARIAS/Pruebas Compensación/Listado_Empleados/span_281"), 1)): null

2023-03-29 17:07:24 - [MESSAGE][PASSED] - Object 'Object Repository/2-OBJECTS TAREAS SECUNDARIAS/Pruebas Compensación/Listado_Empleados/span_281' is visible

2023-03-29 17:07:24 - [TEST_STEP][PASSED] - click(findTestObject("2-OBJECTS TAREAS SECUNDARIAS/Pruebas Compensación/Listado_Empleados/span_281")): Object: 'Object Repository/2-OBJECTS TAREAS SECUNDARIAS/Pruebas Compensación/Listado_Empleados/span_281' is clicked on

2023-03-29 17:07:25 - [MESSAGE][PASSED] - Object: 'Object Repository/2-OBJECTS TAREAS SECUNDARIAS/Pruebas Compensación/Listado_Empleados/span_281' is clicked on

2023-03-29 17:07:25 - [TEST_STEP][PASSED] - click(findTestObject("2-OBJECTS TAREAS SECUNDARIAS/Pruebas Compensación/Listado_Empleados/a_ReversarEliminar")): Object: 'Object Repository/2-OBJECTS TAREAS SECUNDARIAS/Pruebas Compensación/Listado_Empleados/a_ReversarEliminar' is clicked on

2023-03-29 17:07:25 - [MESSAGE][PASSED] - Object: 'Object Repository/2-OBJECTS TAREAS SECUNDARIAS/Pruebas Compensación/Listado_Empleados/a_ReversarEliminar' is clicked on

2023-03-29 17:07:25 - [TEST_STEP][PASSED] - click(findTestObject("2-OBJECTS TAREAS SECUNDARIAS/Pruebas Compensación/Listado_Empleados/a_Aceptar")): Object: 'Object Repository/2-OBJECTS TAREAS SECUNDARIAS/Pruebas Compensación/Listado_Empleados/a_Aceptar' is clicked on

2023-03-29 17:07:26 - [MESSAGE][PASSED] - Object: 'Object Repository/2-OBJECTS TAREAS SECUNDARIAS/Pruebas Compensación/Listado_Empleados/a_Aceptar' is clicked on

2023-03-29 17:07:26 - [TEST_STEP][PASSED] - if (waitForElementVisible(findTestObject("1-OBJECTS TAREAS PRINCIPALES/Modulo Tarea Compensacion/Prestamo Liquidacion Periodica/label_Tiene registros relacionados en la nomina"), 1)): Web element with id: 'Object Repository/1-OBJECTS TAREAS PRINCIPALES/Modulo Tarea Compensacion/Prestamo Liquidacion Periodica/label_Tiene registros relacionados en la nomina' located by '//*/text()[normalize-space(.)='Tiene registros relacionados en la nomina']/parent::*' not found

2023-03-29 17:07:28 - [MESSAGE][INFO] - Unable to find the element located by 'By.xpath: //*/text()[normalize-space(.)='Tiene registros relacionados en la nomina']/parent::*'. Please recheck the objects properties to make sure the desired element is located. 

2023-03-29 17:07:28 - [MESSAGE][WARNING] - Web element with id: 'Object Repository/1-OBJECTS TAREAS PRINCIPALES/Modulo Tarea Compensacion/Prestamo Liquidacion Periodica/label_Tiene registros relacionados en la nomina' located by '//*/text()[normalize-space(.)='Tiene registros relacionados en la nomina']/parent::*' not found

2023-03-29 17:07:28 - [TEST_STEP][PASSED] - Result = getText(findTestObject("3-OBJECTS UTILIDADES/Alerta/Alerta")): Text of object 'Object Repository/3-OBJECTS UTILIDADES/Alerta/Alerta' is: 'Se eliminó el registro satisfactoriamete'

2023-03-29 17:07:29 - [MESSAGE][PASSED] - Text of object 'Object Repository/3-OBJECTS UTILIDADES/Alerta/Alerta' is: 'Se eliminó el registro satisfactoriamete'

2023-03-29 17:07:29 - [TEST_STEP][PASSED] - if (Result == "Se eliminó el registro satisfactoriamete"): Browser is closed

2023-03-29 17:07:29 - [TEST_STEP][PASSED] - Resultado = "PRUEBA OK": null

2023-03-29 17:07:29 - [TEST_STEP][PASSED] - closeBrowser(): Browser is closed

2023-03-29 17:07:29 - [MESSAGE][PASSED] - Browser is closed]]></system-out>
         <system-err><![CDATA[]]></system-err>
      </testcase>
      <testcase name="Test Cases/1.2-Tareas_Secundarias/A.1-Pruebas_compensaciones/11.1.6-Liquidación_Nomina" time="19.273" classname="Test Cases/1.2-Tareas_Secundarias/A.1-Pruebas_compensaciones/11.1.6-Liquidación_Nomina" status="PASSED">
         <system-out><![CDATA[2023-03-29 17:07:29 - [TEST_CASE][PASSED] - Test Cases/1.2-Tareas_Secundarias/A.1-Pruebas_compensaciones/11.1.6-Liquidación_Nomina: Test Cases/1.2-Tareas_Secundarias/A.1-Pruebas_compensaciones/11.1.6-Liquidación_Nomina

2023-03-29 17:07:30 - [TEST_STEP][PASSED] - callTestCase(findTestCase("0.1-Login"), [:], STOP_ON_FAILURE): Call Test Case 'Test Cases/0.1-Login' successfully

2023-03-29 17:07:30 - [TEST_CASE][PASSED] - Test Cases/0.1-Login: Test Cases/0.1-Login

2023-03-29 17:07:30 - [TEST_STEP][PASSED] - openBrowser(""): Browser is opened with url: ''

2023-03-29 17:07:30 - [MESSAGE][INFO] - Starting 'Chrome' driver

2023-03-29 17:07:30 - [MESSAGE][INFO] - Action delay is set to 0 milliseconds

2023-03-29 17:07:31 - [MESSAGE][PASSED] - Browser is opened with url: ''

2023-03-29 17:07:31 - [TEST_STEP][PASSED] - maximizeWindow(): Current window maximized

2023-03-29 17:07:31 - [MESSAGE][PASSED] - Current window maximized

2023-03-29 17:07:31 - [TEST_STEP][PASSED] - i = G_Login: null

2023-03-29 17:07:31 - [TEST_STEP][PASSED] - url = new java.net.URL(i): null

2023-03-29 17:07:31 - [TEST_STEP][PASSED] - println("URL: " + url.toString()): null

2023-03-29 17:07:31 - [TEST_STEP][PASSED] - connection = url.openConnection(): null

2023-03-29 17:07:31 - [TEST_STEP][PASSED] - connection.setRequestMethod("GET"): null

2023-03-29 17:07:31 - [TEST_STEP][PASSED] - connection.setReadTimeout(2 * 1000): null

2023-03-29 17:07:31 - [TEST_STEP][PASSED] - try: null

2023-03-29 17:07:31 - [TEST_STEP][PASSED] - connection.connect(): null

2023-03-29 17:07:31 - [TEST_STEP][PASSED] - flag = connected: null

2023-03-29 17:07:31 - [TEST_STEP][PASSED] - println("Valor_ori: " + flag): null

2023-03-29 17:07:31 - [TEST_STEP][PASSED] - if (flag): null

2023-03-29 17:07:31 - [TEST_STEP][PASSED] - navigateToUrl(i): Navigate to 'http://192.168.2.19:8380/saraweb' successfully

2023-03-29 17:07:32 - [MESSAGE][PASSED] - Navigate to 'http://192.168.2.19:8380/saraweb' successfully

2023-03-29 17:07:32 - [TEST_STEP][PASSED] - a(): null

2023-03-29 17:07:32 - [TEST_STEP][PASSED] - if (waitForElementVisible(findTestObject("3-OBJECTS UTILIDADES/Login/input_USUARIO_loginusuario"), 0)): null

2023-03-29 17:07:32 - [MESSAGE][WARNING] - Timeout '0' is invalid. Using default page load timeout: '37'

2023-03-29 17:07:32 - [MESSAGE][PASSED] - Object 'Object Repository/3-OBJECTS UTILIDADES/Login/input_USUARIO_loginusuario' is visible

2023-03-29 17:07:32 - [TEST_STEP][PASSED] - switchToWindowTitle("SARA"): Switched to window with title: 'SARA'

2023-03-29 17:07:33 - [MESSAGE][PASSED] - Switched to window with title: 'SARA'

2023-03-29 17:07:33 - [TEST_STEP][PASSED] - zoom(): null

2023-03-29 17:07:33 - [TEST_STEP][PASSED] - robot = new java.awt.Robot(): null

2023-03-29 17:07:33 - [TEST_STEP][PASSED] - robot.keyPress(VK_CONTROL): null

2023-03-29 17:07:33 - [TEST_STEP][PASSED] - robot.keyPress(VK_SUBTRACT): null

2023-03-29 17:07:33 - [TEST_STEP][PASSED] - robot.keyRelease(VK_CONTROL): null

2023-03-29 17:07:33 - [TEST_STEP][PASSED] - robot.keyRelease(VK_SUBTRACT): null

2023-03-29 17:07:33 - [TEST_STEP][PASSED] - robot.keyPress(VK_CONTROL): null

2023-03-29 17:07:33 - [TEST_STEP][PASSED] - robot.keyPress(VK_SUBTRACT): null

2023-03-29 17:07:33 - [TEST_STEP][PASSED] - robot.keyRelease(VK_CONTROL): null

2023-03-29 17:07:33 - [TEST_STEP][PASSED] - robot.keyRelease(VK_SUBTRACT): null

2023-03-29 17:07:33 - [TEST_STEP][PASSED] - robot.keyPress(VK_CONTROL): null

2023-03-29 17:07:33 - [TEST_STEP][PASSED] - robot.keyPress(VK_SUBTRACT): null

2023-03-29 17:07:33 - [TEST_STEP][PASSED] - robot.keyRelease(VK_CONTROL): null

2023-03-29 17:07:33 - [TEST_STEP][PASSED] - robot.keyRelease(VK_SUBTRACT): null

2023-03-29 17:07:33 - [TEST_STEP][PASSED] - robot.keyRelease(VK_CONTROL): null

2023-03-29 17:07:33 - [TEST_STEP][PASSED] - robot.keyRelease(VK_SUBTRACT): null

2023-03-29 17:07:33 - [TEST_STEP][PASSED] - setText(findTestObject("3-OBJECTS UTILIDADES/Login/input_USUARIO_loginusuario"), G_Usuario): Text 'saraadmin' is set on object 'Object Repository/3-OBJECTS UTILIDADES/Login/input_USUARIO_loginusuario'

2023-03-29 17:07:33 - [MESSAGE][PASSED] - Text 'saraadmin' is set on object 'Object Repository/3-OBJECTS UTILIDADES/Login/input_USUARIO_loginusuario'

2023-03-29 17:07:33 - [TEST_STEP][PASSED] - setEncryptedText(findTestObject("3-OBJECTS UTILIDADES/Login/input_CLAVE_loginpassword"), "SlAwMcyRKqrwbnzhAs8HhT6NnI7sEyng"): Text ****** has been set on object 'Object Repository/3-OBJECTS UTILIDADES/Login/input_CLAVE_loginpassword'

2023-03-29 17:07:35 - [MESSAGE][PASSED] - Text ****** has been set on object 'Object Repository/3-OBJECTS UTILIDADES/Login/input_CLAVE_loginpassword'

2023-03-29 17:07:35 - [TEST_STEP][PASSED] - while (waitForElementClickable(findTestObject("3-OBJECTS UTILIDADES/Login/a_Ingresar"), 1)): Web element with id: 'Object Repository/3-OBJECTS UTILIDADES/Login/a_Ingresar' located by '//a[contains(text(),'Ingresar')]' not found

2023-03-29 17:07:37 - [MESSAGE][INFO] - Unable to find the element located by 'By.xpath: //a[contains(text(),'Ingresar')]'. Please recheck the objects properties to make sure the desired element is located. 

2023-03-29 17:07:37 - [MESSAGE][WARNING] - Web element with id: 'Object Repository/3-OBJECTS UTILIDADES/Login/a_Ingresar' located by '//a[contains(text(),'Ingresar')]' not found

2023-03-29 17:07:37 - [MESSAGE][PASSED] - Call Test Case 'Test Cases/0.1-Login' successfully

2023-03-29 17:07:37 - [TEST_STEP][PASSED] - setText(findTestObject("2-OBJECTS TAREAS SECUNDARIAS/Pruebas Compensación/Liquidación_Nomina0/input_Empresa 1_form_templatej_idt24_input"), "liquidacion nomina"): Text 'liquidacion nomina' is set on object 'Object Repository/2-OBJECTS TAREAS SECUNDARIAS/Pruebas Compensación/Liquidación_Nomina0/input_Empresa 1_form_templatej_idt24_input'

2023-03-29 17:07:38 - [MESSAGE][PASSED] - Text 'liquidacion nomina' is set on object 'Object Repository/2-OBJECTS TAREAS SECUNDARIAS/Pruebas Compensación/Liquidación_Nomina0/input_Empresa 1_form_templatej_idt24_input'

2023-03-29 17:07:38 - [TEST_STEP][PASSED] - click(findTestObject("2-OBJECTS TAREAS SECUNDARIAS/Pruebas Compensación/Liquidación_Nomina0/li_Liquidacion Nomina (com)")): Object: 'Object Repository/2-OBJECTS TAREAS SECUNDARIAS/Pruebas Compensación/Liquidación_Nomina0/li_Liquidacion Nomina (com)' is clicked on

2023-03-29 17:07:39 - [MESSAGE][PASSED] - Object: 'Object Repository/2-OBJECTS TAREAS SECUNDARIAS/Pruebas Compensación/Liquidación_Nomina0/li_Liquidacion Nomina (com)' is clicked on

2023-03-29 17:07:39 - [TEST_STEP][PASSED] - click(findTestObject("2-OBJECTS TAREAS SECUNDARIAS/Pruebas Compensación/Liquidación_Nomina0/a_Periodo Nomina_LiquidacionNominaj_idt68")): Object: 'Object Repository/2-OBJECTS TAREAS SECUNDARIAS/Pruebas Compensación/Liquidación_Nomina0/a_Periodo Nomina_LiquidacionNominaj_idt68' is clicked on

2023-03-29 17:07:40 - [MESSAGE][PASSED] - Object: 'Object Repository/2-OBJECTS TAREAS SECUNDARIAS/Pruebas Compensación/Liquidación_Nomina0/a_Periodo Nomina_LiquidacionNominaj_idt68' is clicked on

2023-03-29 17:07:40 - [TEST_STEP][PASSED] - selectOptionByIndex(findTestObject("2-OBJECTS TAREAS SECUNDARIAS/Pruebas Compensación/Liquidación_Nomina0/select_--  Seleccione  --Periodo CerradoPeriodo en Proceso"), 2): All options with index in [2] are selected on object 'Object Repository/2-OBJECTS TAREAS SECUNDARIAS/Pruebas Compensación/Liquidación_Nomina0/select_--  Seleccione  --Periodo CerradoPeriodo en Proceso'

2023-03-29 17:07:41 - [MESSAGE][PASSED] - All options with index in [2] are selected on object 'Object Repository/2-OBJECTS TAREAS SECUNDARIAS/Pruebas Compensación/Liquidación_Nomina0/select_--  Seleccione  --Periodo CerradoPeriodo en Proceso'

2023-03-29 17:07:41 - [TEST_STEP][PASSED] - click(findTestObject("2-OBJECTS TAREAS SECUNDARIAS/Pruebas Compensación/Liquidación_Nomina0/span_P. MensualJulio2021")): Object: 'Object Repository/2-OBJECTS TAREAS SECUNDARIAS/Pruebas Compensación/Liquidación_Nomina0/span_P. MensualJulio2021' is clicked on

2023-03-29 17:07:42 - [MESSAGE][PASSED] - Object: 'Object Repository/2-OBJECTS TAREAS SECUNDARIAS/Pruebas Compensación/Liquidación_Nomina0/span_P. MensualJulio2021' is clicked on

2023-03-29 17:07:42 - [TEST_STEP][PASSED] - click(findTestObject("2-OBJECTS TAREAS SECUNDARIAS/Pruebas Compensación/Liquidación_Nomina0/a_Nombre Persona_LiquidacionNominaj_idt126")): Object: 'Object Repository/2-OBJECTS TAREAS SECUNDARIAS/Pruebas Compensación/Liquidación_Nomina0/a_Nombre Persona_LiquidacionNominaj_idt126' is clicked on

2023-03-29 17:07:43 - [MESSAGE][PASSED] - Object: 'Object Repository/2-OBJECTS TAREAS SECUNDARIAS/Pruebas Compensación/Liquidación_Nomina0/a_Nombre Persona_LiquidacionNominaj_idt126' is clicked on

2023-03-29 17:07:43 - [TEST_STEP][PASSED] - setText(findTestObject("2-OBJECTS TAREAS SECUNDARIAS/Pruebas Compensación/Liquidación_Nomina0/input_Filtro Empleado_form_popupEmpleadoj_idt2433"), "1026588953"): Text '1026588953' is set on object 'Object Repository/2-OBJECTS TAREAS SECUNDARIAS/Pruebas Compensación/Liquidación_Nomina0/input_Filtro Empleado_form_popupEmpleadoj_idt2433'

2023-03-29 17:07:44 - [MESSAGE][PASSED] - Text '1026588953' is set on object 'Object Repository/2-OBJECTS TAREAS SECUNDARIAS/Pruebas Compensación/Liquidación_Nomina0/input_Filtro Empleado_form_popupEmpleadoj_idt2433'

2023-03-29 17:07:44 - [TEST_STEP][PASSED] - sendKeys(findTestObject("2-OBJECTS TAREAS SECUNDARIAS/Pruebas Compensación/Liquidación_Nomina0/input_Filtro Empleado_form_popupEmpleadoj_idt2433"), Keys.chord(ENTER)): Keys 'ENTER + ' sent to object: 'Object Repository/2-OBJECTS TAREAS SECUNDARIAS/Pruebas Compensación/Liquidación_Nomina0/input_Filtro Empleado_form_popupEmpleadoj_idt2433'

2023-03-29 17:07:45 - [MESSAGE][PASSED] - Keys 'ENTER + ' sent to object: 'Object Repository/2-OBJECTS TAREAS SECUNDARIAS/Pruebas Compensación/Liquidación_Nomina0/input_Filtro Empleado_form_popupEmpleadoj_idt2433'

2023-03-29 17:07:45 - [TEST_STEP][PASSED] - click(findTestObject("2-OBJECTS TAREAS SECUNDARIAS/Pruebas Compensación/Liquidación_Nomina0/span_Constantino Jhon")): Object: 'Object Repository/2-OBJECTS TAREAS SECUNDARIAS/Pruebas Compensación/Liquidación_Nomina0/span_Constantino Jhon' is clicked on

2023-03-29 17:07:45 - [MESSAGE][PASSED] - Object: 'Object Repository/2-OBJECTS TAREAS SECUNDARIAS/Pruebas Compensación/Liquidación_Nomina0/span_Constantino Jhon' is clicked on

2023-03-29 17:07:45 - [TEST_STEP][PASSED] - click(findTestObject("2-OBJECTS TAREAS SECUNDARIAS/Pruebas Compensación/Liquidación_Nomina0/td_Aya Silva Cindy Ximena"), STOP_ON_FAILURE): Object: 'Object Repository/2-OBJECTS TAREAS SECUNDARIAS/Pruebas Compensación/Liquidación_Nomina0/td_Aya Silva Cindy Ximena' is clicked on

2023-03-29 17:07:46 - [MESSAGE][PASSED] - Object: 'Object Repository/2-OBJECTS TAREAS SECUNDARIAS/Pruebas Compensación/Liquidación_Nomina0/td_Aya Silva Cindy Ximena' is clicked on

2023-03-29 17:07:46 - [TEST_STEP][PASSED] - click(findTestObject("2-OBJECTS TAREAS SECUNDARIAS/Pruebas Compensación/Liquidación_Nomina0/a_ adicionales")): Object: 'Object Repository/2-OBJECTS TAREAS SECUNDARIAS/Pruebas Compensación/Liquidación_Nomina0/a_ adicionales' is clicked on

2023-03-29 17:07:47 - [MESSAGE][PASSED] - Object: 'Object Repository/2-OBJECTS TAREAS SECUNDARIAS/Pruebas Compensación/Liquidación_Nomina0/a_ adicionales' is clicked on

2023-03-29 17:07:47 - [TEST_STEP][PASSED] - click(findTestObject("2-OBJECTS TAREAS SECUNDARIAS/Pruebas capacitacion/Comprobar Parametros/a_Guardar")): Object: 'Object Repository/2-OBJECTS TAREAS SECUNDARIAS/Pruebas capacitacion/Comprobar Parametros/a_Guardar' is clicked on

2023-03-29 17:07:47 - [MESSAGE][PASSED] - Object: 'Object Repository/2-OBJECTS TAREAS SECUNDARIAS/Pruebas capacitacion/Comprobar Parametros/a_Guardar' is clicked on

2023-03-29 17:07:47 - [TEST_STEP][PASSED] - Result = getText(findTestObject("3-OBJECTS UTILIDADES/Alerta/Alerta")): Text of object 'Object Repository/3-OBJECTS UTILIDADES/Alerta/Alerta' is: 'Se guardo el mensaje'

2023-03-29 17:07:48 - [MESSAGE][PASSED] - Text of object 'Object Repository/3-OBJECTS UTILIDADES/Alerta/Alerta' is: 'Se guardo el mensaje'

2023-03-29 17:07:48 - [TEST_STEP][PASSED] - if (Result == "Se guardo el mensaje"): Browser is closed

2023-03-29 17:07:48 - [TEST_STEP][PASSED] - Resultado = "PRUEBA OK": null

2023-03-29 17:07:48 - [TEST_STEP][PASSED] - closeBrowser(): Browser is closed

2023-03-29 17:07:49 - [MESSAGE][PASSED] - Browser is closed]]></system-out>
         <system-err><![CDATA[]]></system-err>
      </testcase>
      <testcase name="Test Cases/1.2-Tareas_Secundarias/A.1-Pruebas_compensaciones/11.1.7-Listado_Empleados" time="75.775" classname="Test Cases/1.2-Tareas_Secundarias/A.1-Pruebas_compensaciones/11.1.7-Listado_Empleados" status="PASSED">
         <system-out><![CDATA[2023-03-29 17:07:49 - [TEST_CASE][PASSED] - Test Cases/1.2-Tareas_Secundarias/A.1-Pruebas_compensaciones/11.1.7-Listado_Empleados: Test Cases/1.2-Tareas_Secundarias/A.1-Pruebas_compensaciones/11.1.7-Listado_Empleados

2023-03-29 17:07:49 - [TEST_STEP][PASSED] - callTestCase(findTestCase("0.1-Login"), [:], STOP_ON_FAILURE): Call Test Case 'Test Cases/0.1-Login' successfully

2023-03-29 17:07:49 - [TEST_CASE][PASSED] - Test Cases/0.1-Login: Test Cases/0.1-Login

2023-03-29 17:07:49 - [TEST_STEP][PASSED] - openBrowser(""): Browser is opened with url: ''

2023-03-29 17:07:49 - [MESSAGE][INFO] - Starting 'Chrome' driver

2023-03-29 17:07:49 - [MESSAGE][INFO] - Action delay is set to 0 milliseconds

2023-03-29 17:07:51 - [MESSAGE][PASSED] - Browser is opened with url: ''

2023-03-29 17:07:51 - [TEST_STEP][PASSED] - maximizeWindow(): Current window maximized

2023-03-29 17:07:51 - [MESSAGE][PASSED] - Current window maximized

2023-03-29 17:07:51 - [TEST_STEP][PASSED] - i = G_Login: null

2023-03-29 17:07:51 - [TEST_STEP][PASSED] - url = new java.net.URL(i): null

2023-03-29 17:07:51 - [TEST_STEP][PASSED] - println("URL: " + url.toString()): null

2023-03-29 17:07:51 - [TEST_STEP][PASSED] - connection = url.openConnection(): null

2023-03-29 17:07:51 - [TEST_STEP][PASSED] - connection.setRequestMethod("GET"): null

2023-03-29 17:07:51 - [TEST_STEP][PASSED] - connection.setReadTimeout(2 * 1000): null

2023-03-29 17:07:51 - [TEST_STEP][PASSED] - try: null

2023-03-29 17:07:51 - [TEST_STEP][PASSED] - connection.connect(): null

2023-03-29 17:07:51 - [TEST_STEP][PASSED] - flag = connected: null

2023-03-29 17:07:51 - [TEST_STEP][PASSED] - println("Valor_ori: " + flag): null

2023-03-29 17:07:51 - [TEST_STEP][PASSED] - if (flag): null

2023-03-29 17:07:51 - [TEST_STEP][PASSED] - navigateToUrl(i): Navigate to 'http://192.168.2.19:8380/saraweb' successfully

2023-03-29 17:07:51 - [MESSAGE][PASSED] - Navigate to 'http://192.168.2.19:8380/saraweb' successfully

2023-03-29 17:07:51 - [TEST_STEP][PASSED] - a(): null

2023-03-29 17:07:51 - [TEST_STEP][PASSED] - if (waitForElementVisible(findTestObject("3-OBJECTS UTILIDADES/Login/input_USUARIO_loginusuario"), 0)): null

2023-03-29 17:07:51 - [MESSAGE][WARNING] - Timeout '0' is invalid. Using default page load timeout: '37'

2023-03-29 17:07:52 - [MESSAGE][PASSED] - Object 'Object Repository/3-OBJECTS UTILIDADES/Login/input_USUARIO_loginusuario' is visible

2023-03-29 17:07:52 - [TEST_STEP][PASSED] - switchToWindowTitle("SARA"): Switched to window with title: 'SARA'

2023-03-29 17:07:52 - [MESSAGE][PASSED] - Switched to window with title: 'SARA'

2023-03-29 17:07:52 - [TEST_STEP][PASSED] - zoom(): null

2023-03-29 17:07:52 - [TEST_STEP][PASSED] - robot = new java.awt.Robot(): null

2023-03-29 17:07:52 - [TEST_STEP][PASSED] - robot.keyPress(VK_CONTROL): null

2023-03-29 17:07:52 - [TEST_STEP][PASSED] - robot.keyPress(VK_SUBTRACT): null

2023-03-29 17:07:52 - [TEST_STEP][PASSED] - robot.keyRelease(VK_CONTROL): null

2023-03-29 17:07:52 - [TEST_STEP][PASSED] - robot.keyRelease(VK_SUBTRACT): null

2023-03-29 17:07:52 - [TEST_STEP][PASSED] - robot.keyPress(VK_CONTROL): null

2023-03-29 17:07:52 - [TEST_STEP][PASSED] - robot.keyPress(VK_SUBTRACT): null

2023-03-29 17:07:52 - [TEST_STEP][PASSED] - robot.keyRelease(VK_CONTROL): null

2023-03-29 17:07:52 - [TEST_STEP][PASSED] - robot.keyRelease(VK_SUBTRACT): null

2023-03-29 17:07:52 - [TEST_STEP][PASSED] - robot.keyPress(VK_CONTROL): null

2023-03-29 17:07:52 - [TEST_STEP][PASSED] - robot.keyPress(VK_SUBTRACT): null

2023-03-29 17:07:52 - [TEST_STEP][PASSED] - robot.keyRelease(VK_CONTROL): null

2023-03-29 17:07:52 - [TEST_STEP][PASSED] - robot.keyRelease(VK_SUBTRACT): null

2023-03-29 17:07:52 - [TEST_STEP][PASSED] - robot.keyRelease(VK_CONTROL): null

2023-03-29 17:07:52 - [TEST_STEP][PASSED] - robot.keyRelease(VK_SUBTRACT): null

2023-03-29 17:07:52 - [TEST_STEP][PASSED] - setText(findTestObject("3-OBJECTS UTILIDADES/Login/input_USUARIO_loginusuario"), G_Usuario): Text 'saraadmin' is set on object 'Object Repository/3-OBJECTS UTILIDADES/Login/input_USUARIO_loginusuario'

2023-03-29 17:07:52 - [MESSAGE][PASSED] - Text 'saraadmin' is set on object 'Object Repository/3-OBJECTS UTILIDADES/Login/input_USUARIO_loginusuario'

2023-03-29 17:07:52 - [TEST_STEP][PASSED] - setEncryptedText(findTestObject("3-OBJECTS UTILIDADES/Login/input_CLAVE_loginpassword"), "SlAwMcyRKqrwbnzhAs8HhT6NnI7sEyng"): Text ****** has been set on object 'Object Repository/3-OBJECTS UTILIDADES/Login/input_CLAVE_loginpassword'

2023-03-29 17:07:54 - [MESSAGE][PASSED] - Text ****** has been set on object 'Object Repository/3-OBJECTS UTILIDADES/Login/input_CLAVE_loginpassword'

2023-03-29 17:07:54 - [TEST_STEP][PASSED] - while (waitForElementClickable(findTestObject("3-OBJECTS UTILIDADES/Login/a_Ingresar"), 1)): Web element with id: 'Object Repository/3-OBJECTS UTILIDADES/Login/a_Ingresar' located by '//a[contains(text(),'Ingresar')]' not found

2023-03-29 17:07:56 - [MESSAGE][INFO] - Unable to find the element located by 'By.xpath: //a[contains(text(),'Ingresar')]'. Please recheck the objects properties to make sure the desired element is located. 

2023-03-29 17:07:56 - [MESSAGE][WARNING] - Web element with id: 'Object Repository/3-OBJECTS UTILIDADES/Login/a_Ingresar' located by '//a[contains(text(),'Ingresar')]' not found

2023-03-29 17:07:56 - [MESSAGE][PASSED] - Call Test Case 'Test Cases/0.1-Login' successfully

2023-03-29 17:07:56 - [TEST_STEP][PASSED] - setText(findTestObject("2-OBJECTS TAREAS SECUNDARIAS/Pruebas Compensación/Listado_Empleados/input_Empresa 1_form_templatej_idt24_input"), "Listado de Empleados"): Text 'Listado de Empleados' is set on object 'Object Repository/2-OBJECTS TAREAS SECUNDARIAS/Pruebas Compensación/Listado_Empleados/input_Empresa 1_form_templatej_idt24_input'

2023-03-29 17:07:57 - [MESSAGE][PASSED] - Text 'Listado de Empleados' is set on object 'Object Repository/2-OBJECTS TAREAS SECUNDARIAS/Pruebas Compensación/Listado_Empleados/input_Empresa 1_form_templatej_idt24_input'

2023-03-29 17:07:57 - [TEST_STEP][PASSED] - click(findTestObject("2-OBJECTS TAREAS SECUNDARIAS/Pruebas Compensación/Listado_Empleados/li_Listado de Empleados (com)")): Object: 'Object Repository/2-OBJECTS TAREAS SECUNDARIAS/Pruebas Compensación/Listado_Empleados/li_Listado de Empleados (com)' is clicked on

2023-03-29 17:07:58 - [MESSAGE][PASSED] - Object: 'Object Repository/2-OBJECTS TAREAS SECUNDARIAS/Pruebas Compensación/Listado_Empleados/li_Listado de Empleados (com)' is clicked on

2023-03-29 17:07:58 - [TEST_STEP][PASSED] - setText(findTestObject("2-OBJECTS TAREAS SECUNDARIAS/Pruebas Compensación/Listado_Empleados/input_Nombre Funcionario_listadoEmpleadoj_idt64"), "Aya Silva Cindy Ximena"): Text 'Aya Silva Cindy Ximena' is set on object 'Object Repository/2-OBJECTS TAREAS SECUNDARIAS/Pruebas Compensación/Listado_Empleados/input_Nombre Funcionario_listadoEmpleadoj_idt64'

2023-03-29 17:08:00 - [MESSAGE][PASSED] - Text 'Aya Silva Cindy Ximena' is set on object 'Object Repository/2-OBJECTS TAREAS SECUNDARIAS/Pruebas Compensación/Listado_Empleados/input_Nombre Funcionario_listadoEmpleadoj_idt64'

2023-03-29 17:08:00 - [TEST_STEP][PASSED] - sendKeys(findTestObject("2-OBJECTS TAREAS SECUNDARIAS/Pruebas Compensación/Listado_Empleados/input_Nombre Funcionario_listadoEmpleadoj_idt64"), Keys.chord(ENTER)): Keys 'ENTER + ' sent to object: 'Object Repository/2-OBJECTS TAREAS SECUNDARIAS/Pruebas Compensación/Listado_Empleados/input_Nombre Funcionario_listadoEmpleadoj_idt64'

2023-03-29 17:08:01 - [MESSAGE][PASSED] - Keys 'ENTER + ' sent to object: 'Object Repository/2-OBJECTS TAREAS SECUNDARIAS/Pruebas Compensación/Listado_Empleados/input_Nombre Funcionario_listadoEmpleadoj_idt64'

2023-03-29 17:08:01 - [TEST_STEP][PASSED] - click(findTestObject("2-OBJECTS TAREAS SECUNDARIAS/Pruebas Compensación/Listado_Empleados/span_Constantino Jhon")): Object: 'Object Repository/2-OBJECTS TAREAS SECUNDARIAS/Pruebas Compensación/Listado_Empleados/span_Constantino Jhon' is clicked on

2023-03-29 17:08:01 - [MESSAGE][PASSED] - Object: 'Object Repository/2-OBJECTS TAREAS SECUNDARIAS/Pruebas Compensación/Listado_Empleados/span_Constantino Jhon' is clicked on

2023-03-29 17:08:01 - [TEST_STEP][PASSED] - click(findTestObject("2-OBJECTS TAREAS SECUNDARIAS/Pruebas Compensación/Listado_Empleados/a_Liquidacin Periodica")): Object: 'Object Repository/2-OBJECTS TAREAS SECUNDARIAS/Pruebas Compensación/Listado_Empleados/a_Liquidacin Periodica' is clicked on

2023-03-29 17:08:02 - [MESSAGE][PASSED] - Object: 'Object Repository/2-OBJECTS TAREAS SECUNDARIAS/Pruebas Compensación/Listado_Empleados/a_Liquidacin Periodica' is clicked on

2023-03-29 17:08:02 - [TEST_STEP][PASSED] - selectOptionByIndex(findTestObject("2-OBJECTS TAREAS SECUNDARIAS/Pruebas Compensación/Listado_Empleados/select_-- seleccione --BC - PRESTAMO BANCOLOMBIAPC - PRESTAMO COMPAA"), 2): All options with index in [2] are selected on object 'Object Repository/2-OBJECTS TAREAS SECUNDARIAS/Pruebas Compensación/Listado_Empleados/select_-- seleccione --BC - PRESTAMO BANCOLOMBIAPC - PRESTAMO COMPAA'

2023-03-29 17:08:03 - [MESSAGE][PASSED] - All options with index in [2] are selected on object 'Object Repository/2-OBJECTS TAREAS SECUNDARIAS/Pruebas Compensación/Listado_Empleados/select_-- seleccione --BC - PRESTAMO BANCOLOMBIAPC - PRESTAMO COMPAA'

2023-03-29 17:08:03 - [TEST_STEP][PASSED] - if (waitForElementVisible(findTestObject("2-OBJECTS TAREAS SECUNDARIAS/Pruebas Compensación/Listado_Empleados/span_Prestamo Compaa"), 1)): Web element with id: 'Object Repository/2-OBJECTS TAREAS SECUNDARIAS/Pruebas Compensación/Listado_Empleados/span_Prestamo Compaa' located by '//*/text()[normalize-space(.)='Prestamo Compañía']/parent::*' not found

2023-03-29 17:08:05 - [MESSAGE][INFO] - Unable to find the element located by 'By.xpath: //*/text()[normalize-space(.)='Prestamo Compañía']/parent::*'. Please recheck the objects properties to make sure the desired element is located. 

2023-03-29 17:08:05 - [MESSAGE][WARNING] - Web element with id: 'Object Repository/2-OBJECTS TAREAS SECUNDARIAS/Pruebas Compensación/Listado_Empleados/span_Prestamo Compaa' located by '//*/text()[normalize-space(.)='Prestamo Compañía']/parent::*' not found

2023-03-29 17:08:05 - [TEST_STEP][PASSED] - else: null

2023-03-29 17:08:05 - [TEST_STEP][PASSED] - callTestCase(findTestCase("1.2-Tareas_Secundarias/A.1-Pruebas_compensaciones/11.1.4-Fuente_General"), [:], STOP_ON_FAILURE): Call Test Case 'Test Cases/1.2-Tareas_Secundarias/A.1-Pruebas_compensaciones/11.1.4-Fuente_General' successfully

2023-03-29 17:08:05 - [TEST_CASE][PASSED] - Test Cases/1.2-Tareas_Secundarias/A.1-Pruebas_compensaciones/11.1.4-Fuente_General: Test Cases/1.2-Tareas_Secundarias/A.1-Pruebas_compensaciones/11.1.4-Fuente_General

2023-03-29 17:08:05 - [TEST_STEP][PASSED] - callTestCase(findTestCase("0.1-Login"), [:], STOP_ON_FAILURE): Call Test Case 'Test Cases/0.1-Login' successfully

2023-03-29 17:08:06 - [TEST_CASE][PASSED] - Test Cases/0.1-Login: Test Cases/0.1-Login

2023-03-29 17:08:06 - [TEST_STEP][PASSED] - openBrowser(""): Browser is opened with url: ''

2023-03-29 17:08:06 - [MESSAGE][WARNING] - A browser is already opened. Closing browser and opening a new one

2023-03-29 17:08:06 - [MESSAGE][INFO] - Starting 'Chrome' driver

2023-03-29 17:08:06 - [MESSAGE][INFO] - Action delay is set to 0 milliseconds

2023-03-29 17:08:08 - [MESSAGE][PASSED] - Browser is opened with url: ''

2023-03-29 17:08:08 - [TEST_STEP][PASSED] - maximizeWindow(): Current window maximized

2023-03-29 17:08:08 - [MESSAGE][PASSED] - Current window maximized

2023-03-29 17:08:08 - [TEST_STEP][PASSED] - i = G_Login: null

2023-03-29 17:08:08 - [TEST_STEP][PASSED] - url = new java.net.URL(i): null

2023-03-29 17:08:08 - [TEST_STEP][PASSED] - println("URL: " + url.toString()): null

2023-03-29 17:08:08 - [TEST_STEP][PASSED] - connection = url.openConnection(): null

2023-03-29 17:08:08 - [TEST_STEP][PASSED] - connection.setRequestMethod("GET"): null

2023-03-29 17:08:08 - [TEST_STEP][PASSED] - connection.setReadTimeout(2 * 1000): null

2023-03-29 17:08:08 - [TEST_STEP][PASSED] - try: null

2023-03-29 17:08:08 - [TEST_STEP][PASSED] - connection.connect(): null

2023-03-29 17:08:08 - [TEST_STEP][PASSED] - flag = connected: null

2023-03-29 17:08:08 - [TEST_STEP][PASSED] - println("Valor_ori: " + flag): null

2023-03-29 17:08:08 - [TEST_STEP][PASSED] - if (flag): null

2023-03-29 17:08:08 - [TEST_STEP][PASSED] - navigateToUrl(i): Navigate to 'http://192.168.2.19:8380/saraweb' successfully

2023-03-29 17:08:08 - [MESSAGE][PASSED] - Navigate to 'http://192.168.2.19:8380/saraweb' successfully

2023-03-29 17:08:08 - [TEST_STEP][PASSED] - a(): null

2023-03-29 17:08:08 - [TEST_STEP][PASSED] - if (waitForElementVisible(findTestObject("3-OBJECTS UTILIDADES/Login/input_USUARIO_loginusuario"), 0)): null

2023-03-29 17:08:08 - [MESSAGE][WARNING] - Timeout '0' is invalid. Using default page load timeout: '37'

2023-03-29 17:08:09 - [MESSAGE][PASSED] - Object 'Object Repository/3-OBJECTS UTILIDADES/Login/input_USUARIO_loginusuario' is visible

2023-03-29 17:08:09 - [TEST_STEP][PASSED] - switchToWindowTitle("SARA"): Switched to window with title: 'SARA'

2023-03-29 17:08:09 - [MESSAGE][PASSED] - Switched to window with title: 'SARA'

2023-03-29 17:08:09 - [TEST_STEP][PASSED] - zoom(): null

2023-03-29 17:08:09 - [TEST_STEP][PASSED] - robot = new java.awt.Robot(): null

2023-03-29 17:08:09 - [TEST_STEP][PASSED] - robot.keyPress(VK_CONTROL): null

2023-03-29 17:08:09 - [TEST_STEP][PASSED] - robot.keyPress(VK_SUBTRACT): null

2023-03-29 17:08:09 - [TEST_STEP][PASSED] - robot.keyRelease(VK_CONTROL): null

2023-03-29 17:08:09 - [TEST_STEP][PASSED] - robot.keyRelease(VK_SUBTRACT): null

2023-03-29 17:08:09 - [TEST_STEP][PASSED] - robot.keyPress(VK_CONTROL): null

2023-03-29 17:08:09 - [TEST_STEP][PASSED] - robot.keyPress(VK_SUBTRACT): null

2023-03-29 17:08:09 - [TEST_STEP][PASSED] - robot.keyRelease(VK_CONTROL): null

2023-03-29 17:08:09 - [TEST_STEP][PASSED] - robot.keyRelease(VK_SUBTRACT): null

2023-03-29 17:08:09 - [TEST_STEP][PASSED] - robot.keyPress(VK_CONTROL): null

2023-03-29 17:08:09 - [TEST_STEP][PASSED] - robot.keyPress(VK_SUBTRACT): null

2023-03-29 17:08:09 - [TEST_STEP][PASSED] - robot.keyRelease(VK_CONTROL): null

2023-03-29 17:08:09 - [TEST_STEP][PASSED] - robot.keyRelease(VK_SUBTRACT): null

2023-03-29 17:08:09 - [TEST_STEP][PASSED] - robot.keyRelease(VK_CONTROL): null

2023-03-29 17:08:09 - [TEST_STEP][PASSED] - robot.keyRelease(VK_SUBTRACT): null

2023-03-29 17:08:09 - [TEST_STEP][PASSED] - setText(findTestObject("3-OBJECTS UTILIDADES/Login/input_USUARIO_loginusuario"), G_Usuario): Text 'saraadmin' is set on object 'Object Repository/3-OBJECTS UTILIDADES/Login/input_USUARIO_loginusuario'

2023-03-29 17:08:10 - [MESSAGE][PASSED] - Text 'saraadmin' is set on object 'Object Repository/3-OBJECTS UTILIDADES/Login/input_USUARIO_loginusuario'

2023-03-29 17:08:10 - [TEST_STEP][PASSED] - setEncryptedText(findTestObject("3-OBJECTS UTILIDADES/Login/input_CLAVE_loginpassword"), "SlAwMcyRKqrwbnzhAs8HhT6NnI7sEyng"): Text ****** has been set on object 'Object Repository/3-OBJECTS UTILIDADES/Login/input_CLAVE_loginpassword'

2023-03-29 17:08:11 - [MESSAGE][PASSED] - Text ****** has been set on object 'Object Repository/3-OBJECTS UTILIDADES/Login/input_CLAVE_loginpassword'

2023-03-29 17:08:11 - [TEST_STEP][PASSED] - while (waitForElementClickable(findTestObject("3-OBJECTS UTILIDADES/Login/a_Ingresar"), 1)): Web element with id: 'Object Repository/3-OBJECTS UTILIDADES/Login/a_Ingresar' located by '//a[contains(text(),'Ingresar')]' not found

2023-03-29 17:08:14 - [MESSAGE][INFO] - Unable to find the element located by 'By.xpath: //a[contains(text(),'Ingresar')]'. Please recheck the objects properties to make sure the desired element is located. 

2023-03-29 17:08:14 - [MESSAGE][WARNING] - Web element with id: 'Object Repository/3-OBJECTS UTILIDADES/Login/a_Ingresar' located by '//a[contains(text(),'Ingresar')]' not found

2023-03-29 17:08:14 - [MESSAGE][PASSED] - Call Test Case 'Test Cases/0.1-Login' successfully

2023-03-29 17:08:14 - [TEST_STEP][PASSED] - setText(findTestObject("2-OBJECTS TAREAS SECUNDARIAS/Pruebas Compensación/Fuente_General/input_Empresa 1_form_templatej_idt24_input"), "importar fuente general"): Text 'importar fuente general' is set on object 'Object Repository/2-OBJECTS TAREAS SECUNDARIAS/Pruebas Compensación/Fuente_General/input_Empresa 1_form_templatej_idt24_input'

2023-03-29 17:08:14 - [MESSAGE][PASSED] - Text 'importar fuente general' is set on object 'Object Repository/2-OBJECTS TAREAS SECUNDARIAS/Pruebas Compensación/Fuente_General/input_Empresa 1_form_templatej_idt24_input'

2023-03-29 17:08:14 - [TEST_STEP][PASSED] - click(findTestObject("2-OBJECTS TAREAS SECUNDARIAS/Pruebas Compensación/Fuente_General/li_fuente general (gna)")): Object: 'Object Repository/2-OBJECTS TAREAS SECUNDARIAS/Pruebas Compensación/Fuente_General/li_fuente general (gna)' is clicked on

2023-03-29 17:08:16 - [MESSAGE][PASSED] - Object: 'Object Repository/2-OBJECTS TAREAS SECUNDARIAS/Pruebas Compensación/Fuente_General/li_fuente general (gna)' is clicked on

2023-03-29 17:08:16 - [TEST_STEP][PASSED] - setText(findTestObject("1-OBJECTS TAREAS PRINCIPALES/Modulo Tarea Sara General/Importar Fuente General/input_Procesos Generados_formImportarListadoFuentej_idt67"), "Creación prestamos"): Text 'Creación prestamos' is set on object 'Object Repository/1-OBJECTS TAREAS PRINCIPALES/Modulo Tarea Sara General/Importar Fuente General/input_Procesos Generados_formImportarListadoFuentej_idt67'

2023-03-29 17:08:17 - [MESSAGE][PASSED] - Text 'Creación prestamos' is set on object 'Object Repository/1-OBJECTS TAREAS PRINCIPALES/Modulo Tarea Sara General/Importar Fuente General/input_Procesos Generados_formImportarListadoFuentej_idt67'

2023-03-29 17:08:17 - [TEST_STEP][PASSED] - sendKeys(findTestObject("1-OBJECTS TAREAS PRINCIPALES/Modulo Tarea Sara General/Importar Fuente General/input_Procesos Generados_formImportarListadoFuentej_idt67"), Keys.chord(ENTER)): Keys 'ENTER + ' sent to object: 'Object Repository/1-OBJECTS TAREAS PRINCIPALES/Modulo Tarea Sara General/Importar Fuente General/input_Procesos Generados_formImportarListadoFuentej_idt67'

2023-03-29 17:08:17 - [MESSAGE][PASSED] - Keys 'ENTER + ' sent to object: 'Object Repository/1-OBJECTS TAREAS PRINCIPALES/Modulo Tarea Sara General/Importar Fuente General/input_Procesos Generados_formImportarListadoFuentej_idt67'

2023-03-29 17:08:18 - [TEST_STEP][PASSED] - click(findTestObject("1-OBJECTS TAREAS PRINCIPALES/Modulo Tarea Sara General/Importar Fuente General/td_Creacin Prestamos")): Object: 'Object Repository/1-OBJECTS TAREAS PRINCIPALES/Modulo Tarea Sara General/Importar Fuente General/td_Creacin Prestamos' is clicked on

2023-03-29 17:08:18 - [MESSAGE][PASSED] - Object: 'Object Repository/1-OBJECTS TAREAS PRINCIPALES/Modulo Tarea Sara General/Importar Fuente General/td_Creacin Prestamos' is clicked on

2023-03-29 17:08:18 - [TEST_STEP][PASSED] - ra = "": null

2023-03-29 17:08:18 - [TEST_STEP][PASSED] - ruta = Systema() + "carguePrestamo.txt": null

2023-03-29 17:08:18 - [TEST_STEP][PASSED] - RutaA = System.getProperty("os.name"): null

2023-03-29 17:08:18 - [TEST_STEP][PASSED] - println(RutaA): null

2023-03-29 17:08:18 - [TEST_STEP][PASSED] - if (RutaA == "Windows 10"): null

2023-03-29 17:08:18 - [TEST_STEP][PASSED] - rutaW = getProjectDir() + "/1.Requerimientos/Documento para pruebas/": null

2023-03-29 17:08:18 - [TEST_STEP][PASSED] - rutaW = rutaW.replace("/", "\"): null

2023-03-29 17:08:18 - [TEST_STEP][PASSED] - println("Esta es la ruta:" + rutaW): null

2023-03-29 17:08:18 - [TEST_STEP][PASSED] - ra = rutaW: null

2023-03-29 17:08:18 - [TEST_STEP][PASSED] - uploadFile(findTestObject("1-OBJECTS TAREAS PRINCIPALES/Modulo Tarea Sara General/Importar Fuente General/input_Cargar_formImportarFuentetabarchivo_input"), ruta): File 'C:\Users\diego.rojas\git\Pruebas-Minimas\1.Requerimientos\Documento para pruebas\carguePrestamo.txt' sent to object: 'Object Repository/1-OBJECTS TAREAS PRINCIPALES/Modulo Tarea Sara General/Importar Fuente General/input_Cargar_formImportarFuentetabarchivo_input'

2023-03-29 17:08:19 - [MESSAGE][PASSED] - File 'C:\Users\diego.rojas\git\Pruebas-Minimas\1.Requerimientos\Documento para pruebas\carguePrestamo.txt' sent to object: 'Object Repository/1-OBJECTS TAREAS PRINCIPALES/Modulo Tarea Sara General/Importar Fuente General/input_Cargar_formImportarFuentetabarchivo_input'

2023-03-29 17:08:19 - [TEST_STEP][PASSED] - click(findTestObject("1-OBJECTS TAREAS PRINCIPALES/Modulo Tarea Sara General/Importar Fuente General/a_Importar")): Object: 'Object Repository/1-OBJECTS TAREAS PRINCIPALES/Modulo Tarea Sara General/Importar Fuente General/a_Importar' is clicked on

2023-03-29 17:08:20 - [MESSAGE][PASSED] - Object: 'Object Repository/1-OBJECTS TAREAS PRINCIPALES/Modulo Tarea Sara General/Importar Fuente General/a_Importar' is clicked on

2023-03-29 17:08:20 - [TEST_STEP][PASSED] - waitForElementVisible(findTestObject("2-OBJECTS TAREAS SECUNDARIAS/Pruebas Compensación/Fuente_General/a_Continuar"), 0): Object 'Object Repository/2-OBJECTS TAREAS SECUNDARIAS/Pruebas Compensación/Fuente_General/a_Continuar' is visible

2023-03-29 17:08:20 - [MESSAGE][WARNING] - Timeout '0' is invalid. Using default page load timeout: '37'

2023-03-29 17:08:23 - [MESSAGE][PASSED] - Object 'Object Repository/2-OBJECTS TAREAS SECUNDARIAS/Pruebas Compensación/Fuente_General/a_Continuar' is visible

2023-03-29 17:08:23 - [TEST_STEP][PASSED] - click(findTestObject("2-OBJECTS TAREAS SECUNDARIAS/Pruebas Compensación/Fuente_General/a_Continuar")): Object: 'Object Repository/2-OBJECTS TAREAS SECUNDARIAS/Pruebas Compensación/Fuente_General/a_Continuar' is clicked on

2023-03-29 17:08:23 - [MESSAGE][PASSED] - Object: 'Object Repository/2-OBJECTS TAREAS SECUNDARIAS/Pruebas Compensación/Fuente_General/a_Continuar' is clicked on

2023-03-29 17:08:23 - [TEST_STEP][PASSED] - click(findTestObject("2-OBJECTS TAREAS SECUNDARIAS/Pruebas Compensación/Fuente_General/a_Ejecutar")): Object: 'Object Repository/2-OBJECTS TAREAS SECUNDARIAS/Pruebas Compensación/Fuente_General/a_Ejecutar' is clicked on

2023-03-29 17:08:27 - [MESSAGE][PASSED] - Object: 'Object Repository/2-OBJECTS TAREAS SECUNDARIAS/Pruebas Compensación/Fuente_General/a_Ejecutar' is clicked on

2023-03-29 17:08:27 - [TEST_STEP][PASSED] - if (waitForElementVisible(findTestObject("2-OBJECTS TAREAS SECUNDARIAS/Pruebas Compensación/Fuente_General/a_Continuar - Copy"), 3)): null

2023-03-29 17:08:31 - [MESSAGE][PASSED] - Object 'Object Repository/2-OBJECTS TAREAS SECUNDARIAS/Pruebas Compensación/Fuente_General/a_Continuar - Copy' is visible

2023-03-29 17:08:31 - [TEST_STEP][PASSED] - click(findTestObject("2-OBJECTS TAREAS SECUNDARIAS/Pruebas Compensación/Fuente_General/a_Continuar - Copy")): Object: 'Object Repository/2-OBJECTS TAREAS SECUNDARIAS/Pruebas Compensación/Fuente_General/a_Continuar - Copy' is clicked on

2023-03-29 17:08:32 - [MESSAGE][PASSED] - Object: 'Object Repository/2-OBJECTS TAREAS SECUNDARIAS/Pruebas Compensación/Fuente_General/a_Continuar - Copy' is clicked on

2023-03-29 17:08:32 - [TEST_STEP][PASSED] - waitForElementVisible(findTestObject("2-OBJECTS TAREAS SECUNDARIAS/Pruebas Compensación/Fuente_General/mensaje"), 0): Object 'Object Repository/2-OBJECTS TAREAS SECUNDARIAS/Pruebas Compensación/Fuente_General/mensaje' is visible

2023-03-29 17:08:32 - [MESSAGE][WARNING] - Timeout '0' is invalid. Using default page load timeout: '37'

2023-03-29 17:08:32 - [MESSAGE][PASSED] - Object 'Object Repository/2-OBJECTS TAREAS SECUNDARIAS/Pruebas Compensación/Fuente_General/mensaje' is visible

2023-03-29 17:08:32 - [TEST_STEP][PASSED] - Result = getText(findTestObject("2-OBJECTS TAREAS SECUNDARIAS/Pruebas Compensación/Fuente_General/mensaje")): Text of object 'Object Repository/2-OBJECTS TAREAS SECUNDARIAS/Pruebas Compensación/Fuente_General/mensaje' is: 'insertarprestamo:No valida (.,Registro ya existe-789)|'

2023-03-29 17:08:33 - [MESSAGE][PASSED] - Text of object 'Object Repository/2-OBJECTS TAREAS SECUNDARIAS/Pruebas Compensación/Fuente_General/mensaje' is: 'insertarprestamo:No valida (.,Registro ya existe-789)|'

2023-03-29 17:08:33 - [TEST_STEP][PASSED] - if (Result == ""): null

2023-03-29 17:08:33 - [TEST_STEP][PASSED] - else: null

2023-03-29 17:08:33 - [TEST_STEP][PASSED] - click(findTestObject("2-OBJECTS TAREAS SECUNDARIAS/Pruebas Compensación/Fuente_General/a_Regresar")): Object: 'Object Repository/2-OBJECTS TAREAS SECUNDARIAS/Pruebas Compensación/Fuente_General/a_Regresar' is clicked on

2023-03-29 17:08:34 - [MESSAGE][PASSED] - Object: 'Object Repository/2-OBJECTS TAREAS SECUNDARIAS/Pruebas Compensación/Fuente_General/a_Regresar' is clicked on

2023-03-29 17:08:34 - [TEST_STEP][PASSED] - click(findTestObject("1-OBJECTS TAREAS PRINCIPALES/Modulo Tarea Sara General/Importar Fuente General/td_Creacin Prestamos")): Object: 'Object Repository/1-OBJECTS TAREAS PRINCIPALES/Modulo Tarea Sara General/Importar Fuente General/td_Creacin Prestamos' is clicked on

2023-03-29 17:08:34 - [MESSAGE][PASSED] - Object: 'Object Repository/1-OBJECTS TAREAS PRINCIPALES/Modulo Tarea Sara General/Importar Fuente General/td_Creacin Prestamos' is clicked on

2023-03-29 17:08:34 - [TEST_STEP][PASSED] - ruta1 = Systema() + "carguePrestamo1.txt": null

2023-03-29 17:08:34 - [TEST_STEP][PASSED] - RutaA = System.getProperty("os.name"): null

2023-03-29 17:08:34 - [TEST_STEP][PASSED] - println(RutaA): null

2023-03-29 17:08:34 - [TEST_STEP][PASSED] - if (RutaA == "Windows 10"): Browser is closed

2023-03-29 17:08:34 - [TEST_STEP][PASSED] - rutaW = getProjectDir() + "/1.Requerimientos/Documento para pruebas/": null

2023-03-29 17:08:34 - [TEST_STEP][PASSED] - rutaW = rutaW.replace("/", "\"): null

2023-03-29 17:08:34 - [TEST_STEP][PASSED] - println("Esta es la ruta:" + rutaW): null

2023-03-29 17:08:34 - [TEST_STEP][PASSED] - ra = rutaW: null

2023-03-29 17:08:34 - [TEST_STEP][PASSED] - uploadFile(findTestObject("1-OBJECTS TAREAS PRINCIPALES/Modulo Tarea Sara General/Importar Fuente General/input_Cargar_formImportarFuentetabarchivo_input"), ruta1): File 'C:\Users\diego.rojas\git\Pruebas-Minimas\1.Requerimientos\Documento para pruebas\carguePrestamo1.txt' sent to object: 'Object Repository/1-OBJECTS TAREAS PRINCIPALES/Modulo Tarea Sara General/Importar Fuente General/input_Cargar_formImportarFuentetabarchivo_input'

2023-03-29 17:08:35 - [MESSAGE][PASSED] - File 'C:\Users\diego.rojas\git\Pruebas-Minimas\1.Requerimientos\Documento para pruebas\carguePrestamo1.txt' sent to object: 'Object Repository/1-OBJECTS TAREAS PRINCIPALES/Modulo Tarea Sara General/Importar Fuente General/input_Cargar_formImportarFuentetabarchivo_input'

2023-03-29 17:08:35 - [TEST_STEP][PASSED] - click(findTestObject("1-OBJECTS TAREAS PRINCIPALES/Modulo Tarea Sara General/Importar Fuente General/a_Importar")): Object: 'Object Repository/1-OBJECTS TAREAS PRINCIPALES/Modulo Tarea Sara General/Importar Fuente General/a_Importar' is clicked on

2023-03-29 17:08:36 - [MESSAGE][PASSED] - Object: 'Object Repository/1-OBJECTS TAREAS PRINCIPALES/Modulo Tarea Sara General/Importar Fuente General/a_Importar' is clicked on

2023-03-29 17:08:36 - [TEST_STEP][PASSED] - waitForElementVisible(findTestObject("2-OBJECTS TAREAS SECUNDARIAS/Pruebas Compensación/Fuente_General/a_Continuar"), 0): Object 'Object Repository/2-OBJECTS TAREAS SECUNDARIAS/Pruebas Compensación/Fuente_General/a_Continuar' is visible

2023-03-29 17:08:36 - [MESSAGE][WARNING] - Timeout '0' is invalid. Using default page load timeout: '37'

2023-03-29 17:08:39 - [MESSAGE][PASSED] - Object 'Object Repository/2-OBJECTS TAREAS SECUNDARIAS/Pruebas Compensación/Fuente_General/a_Continuar' is visible

2023-03-29 17:08:39 - [TEST_STEP][PASSED] - click(findTestObject("2-OBJECTS TAREAS SECUNDARIAS/Pruebas Compensación/Fuente_General/a_Continuar")): Object: 'Object Repository/2-OBJECTS TAREAS SECUNDARIAS/Pruebas Compensación/Fuente_General/a_Continuar' is clicked on

2023-03-29 17:08:40 - [MESSAGE][PASSED] - Object: 'Object Repository/2-OBJECTS TAREAS SECUNDARIAS/Pruebas Compensación/Fuente_General/a_Continuar' is clicked on

2023-03-29 17:08:40 - [TEST_STEP][PASSED] - click(findTestObject("2-OBJECTS TAREAS SECUNDARIAS/Pruebas Compensación/Fuente_General/a_Ejecutar")): Object: 'Object Repository/2-OBJECTS TAREAS SECUNDARIAS/Pruebas Compensación/Fuente_General/a_Ejecutar' is clicked on

2023-03-29 17:08:43 - [MESSAGE][PASSED] - Object: 'Object Repository/2-OBJECTS TAREAS SECUNDARIAS/Pruebas Compensación/Fuente_General/a_Ejecutar' is clicked on

2023-03-29 17:08:43 - [TEST_STEP][PASSED] - click(findTestObject("2-OBJECTS TAREAS SECUNDARIAS/Pruebas Compensación/Fuente_General/a_Continuar")): Object: 'Object Repository/2-OBJECTS TAREAS SECUNDARIAS/Pruebas Compensación/Fuente_General/a_Continuar' is clicked on

2023-03-29 17:08:47 - [MESSAGE][PASSED] - Object: 'Object Repository/2-OBJECTS TAREAS SECUNDARIAS/Pruebas Compensación/Fuente_General/a_Continuar' is clicked on

2023-03-29 17:08:47 - [TEST_STEP][PASSED] - Result1 = getText(findTestObject("2-OBJECTS TAREAS SECUNDARIAS/Pruebas Compensación/Fuente_General/mensaje")): Text of object 'Object Repository/2-OBJECTS TAREAS SECUNDARIAS/Pruebas Compensación/Fuente_General/mensaje' is: ''

2023-03-29 17:08:48 - [MESSAGE][PASSED] - Text of object 'Object Repository/2-OBJECTS TAREAS SECUNDARIAS/Pruebas Compensación/Fuente_General/mensaje' is: ''

2023-03-29 17:08:48 - [TEST_STEP][PASSED] - if (Result1 == ""): Browser is closed

2023-03-29 17:08:48 - [TEST_STEP][PASSED] - Resultado = "PRUEBA OK": null

2023-03-29 17:08:48 - [TEST_STEP][PASSED] - closeBrowser(): Browser is closed

2023-03-29 17:08:48 - [MESSAGE][PASSED] - Browser is closed

2023-03-29 17:08:48 - [MESSAGE][PASSED] - Call Test Case 'Test Cases/1.2-Tareas_Secundarias/A.1-Pruebas_compensaciones/11.1.4-Fuente_General' successfully

2023-03-29 17:08:48 - [TEST_STEP][PASSED] - callTestCase(findTestCase("0.1-Login"), [:], STOP_ON_FAILURE): Call Test Case 'Test Cases/0.1-Login' successfully

2023-03-29 17:08:48 - [TEST_CASE][PASSED] - Test Cases/0.1-Login: Test Cases/0.1-Login

2023-03-29 17:08:48 - [TEST_STEP][PASSED] - openBrowser(""): Browser is opened with url: ''

2023-03-29 17:08:48 - [MESSAGE][INFO] - Starting 'Chrome' driver

2023-03-29 17:08:48 - [MESSAGE][INFO] - Action delay is set to 0 milliseconds

2023-03-29 17:08:50 - [MESSAGE][PASSED] - Browser is opened with url: ''

2023-03-29 17:08:50 - [TEST_STEP][PASSED] - maximizeWindow(): Current window maximized

2023-03-29 17:08:50 - [MESSAGE][PASSED] - Current window maximized

2023-03-29 17:08:50 - [TEST_STEP][PASSED] - i = G_Login: null

2023-03-29 17:08:50 - [TEST_STEP][PASSED] - url = new java.net.URL(i): null

2023-03-29 17:08:50 - [TEST_STEP][PASSED] - println("URL: " + url.toString()): null

2023-03-29 17:08:50 - [TEST_STEP][PASSED] - connection = url.openConnection(): null

2023-03-29 17:08:50 - [TEST_STEP][PASSED] - connection.setRequestMethod("GET"): null

2023-03-29 17:08:50 - [TEST_STEP][PASSED] - connection.setReadTimeout(2 * 1000): null

2023-03-29 17:08:50 - [TEST_STEP][PASSED] - try: null

2023-03-29 17:08:50 - [TEST_STEP][PASSED] - connection.connect(): null

2023-03-29 17:08:50 - [TEST_STEP][PASSED] - flag = connected: null

2023-03-29 17:08:50 - [TEST_STEP][PASSED] - println("Valor_ori: " + flag): null

2023-03-29 17:08:50 - [TEST_STEP][PASSED] - if (flag): null

2023-03-29 17:08:50 - [TEST_STEP][PASSED] - navigateToUrl(i): Navigate to 'http://192.168.2.19:8380/saraweb' successfully

2023-03-29 17:08:50 - [MESSAGE][PASSED] - Navigate to 'http://192.168.2.19:8380/saraweb' successfully

2023-03-29 17:08:50 - [TEST_STEP][PASSED] - a(): null

2023-03-29 17:08:50 - [TEST_STEP][PASSED] - if (waitForElementVisible(findTestObject("3-OBJECTS UTILIDADES/Login/input_USUARIO_loginusuario"), 0)): null

2023-03-29 17:08:50 - [MESSAGE][WARNING] - Timeout '0' is invalid. Using default page load timeout: '37'

2023-03-29 17:08:51 - [MESSAGE][PASSED] - Object 'Object Repository/3-OBJECTS UTILIDADES/Login/input_USUARIO_loginusuario' is visible

2023-03-29 17:08:51 - [TEST_STEP][PASSED] - switchToWindowTitle("SARA"): Switched to window with title: 'SARA'

2023-03-29 17:08:51 - [MESSAGE][PASSED] - Switched to window with title: 'SARA'

2023-03-29 17:08:51 - [TEST_STEP][PASSED] - zoom(): null

2023-03-29 17:08:51 - [TEST_STEP][PASSED] - robot = new java.awt.Robot(): null

2023-03-29 17:08:51 - [TEST_STEP][PASSED] - robot.keyPress(VK_CONTROL): null

2023-03-29 17:08:51 - [TEST_STEP][PASSED] - robot.keyPress(VK_SUBTRACT): null

2023-03-29 17:08:51 - [TEST_STEP][PASSED] - robot.keyRelease(VK_CONTROL): null

2023-03-29 17:08:51 - [TEST_STEP][PASSED] - robot.keyRelease(VK_SUBTRACT): null

2023-03-29 17:08:51 - [TEST_STEP][PASSED] - robot.keyPress(VK_CONTROL): null

2023-03-29 17:08:51 - [TEST_STEP][PASSED] - robot.keyPress(VK_SUBTRACT): null

2023-03-29 17:08:51 - [TEST_STEP][PASSED] - robot.keyRelease(VK_CONTROL): null

2023-03-29 17:08:51 - [TEST_STEP][PASSED] - robot.keyRelease(VK_SUBTRACT): null

2023-03-29 17:08:51 - [TEST_STEP][PASSED] - robot.keyPress(VK_CONTROL): null

2023-03-29 17:08:51 - [TEST_STEP][PASSED] - robot.keyPress(VK_SUBTRACT): null

2023-03-29 17:08:51 - [TEST_STEP][PASSED] - robot.keyRelease(VK_CONTROL): null

2023-03-29 17:08:51 - [TEST_STEP][PASSED] - robot.keyRelease(VK_SUBTRACT): null

2023-03-29 17:08:51 - [TEST_STEP][PASSED] - robot.keyRelease(VK_CONTROL): null

2023-03-29 17:08:51 - [TEST_STEP][PASSED] - robot.keyRelease(VK_SUBTRACT): null

2023-03-29 17:08:51 - [TEST_STEP][PASSED] - setText(findTestObject("3-OBJECTS UTILIDADES/Login/input_USUARIO_loginusuario"), G_Usuario): Text 'saraadmin' is set on object 'Object Repository/3-OBJECTS UTILIDADES/Login/input_USUARIO_loginusuario'

2023-03-29 17:08:52 - [MESSAGE][PASSED] - Text 'saraadmin' is set on object 'Object Repository/3-OBJECTS UTILIDADES/Login/input_USUARIO_loginusuario'

2023-03-29 17:08:52 - [TEST_STEP][PASSED] - setEncryptedText(findTestObject("3-OBJECTS UTILIDADES/Login/input_CLAVE_loginpassword"), "SlAwMcyRKqrwbnzhAs8HhT6NnI7sEyng"): Text ****** has been set on object 'Object Repository/3-OBJECTS UTILIDADES/Login/input_CLAVE_loginpassword'

2023-03-29 17:08:53 - [MESSAGE][PASSED] - Text ****** has been set on object 'Object Repository/3-OBJECTS UTILIDADES/Login/input_CLAVE_loginpassword'

2023-03-29 17:08:53 - [TEST_STEP][PASSED] - while (waitForElementClickable(findTestObject("3-OBJECTS UTILIDADES/Login/a_Ingresar"), 1)): Web element with id: 'Object Repository/3-OBJECTS UTILIDADES/Login/a_Ingresar' located by '//a[contains(text(),'Ingresar')]' not found

2023-03-29 17:08:55 - [MESSAGE][INFO] - Unable to find the element located by 'By.xpath: //a[contains(text(),'Ingresar')]'. Please recheck the objects properties to make sure the desired element is located. 

2023-03-29 17:08:55 - [MESSAGE][WARNING] - Web element with id: 'Object Repository/3-OBJECTS UTILIDADES/Login/a_Ingresar' located by '//a[contains(text(),'Ingresar')]' not found

2023-03-29 17:08:55 - [MESSAGE][PASSED] - Call Test Case 'Test Cases/0.1-Login' successfully

2023-03-29 17:08:55 - [TEST_STEP][PASSED] - setText(findTestObject("2-OBJECTS TAREAS SECUNDARIAS/Pruebas Compensación/Listado_Empleados/input_Empresa 1_form_templatej_idt24_input (1)"), "listado de empleados"): Text 'listado de empleados' is set on object 'Object Repository/2-OBJECTS TAREAS SECUNDARIAS/Pruebas Compensación/Listado_Empleados/input_Empresa 1_form_templatej_idt24_input (1)'

2023-03-29 17:08:56 - [MESSAGE][PASSED] - Text 'listado de empleados' is set on object 'Object Repository/2-OBJECTS TAREAS SECUNDARIAS/Pruebas Compensación/Listado_Empleados/input_Empresa 1_form_templatej_idt24_input (1)'

2023-03-29 17:08:56 - [TEST_STEP][PASSED] - click(findTestObject("2-OBJECTS TAREAS SECUNDARIAS/Pruebas Compensación/Listado_Empleados/span_Listado de Empleados")): Object: 'Object Repository/2-OBJECTS TAREAS SECUNDARIAS/Pruebas Compensación/Listado_Empleados/span_Listado de Empleados' is clicked on

2023-03-29 17:08:57 - [MESSAGE][PASSED] - Object: 'Object Repository/2-OBJECTS TAREAS SECUNDARIAS/Pruebas Compensación/Listado_Empleados/span_Listado de Empleados' is clicked on

2023-03-29 17:08:57 - [TEST_STEP][PASSED] - setText(findTestObject("2-OBJECTS TAREAS SECUNDARIAS/Pruebas Compensación/Listado_Empleados/input_Nombre Funcionario_listadoEmpleadoj_idt64"), "Aya Silva Cindy Ximena"): Text 'Aya Silva Cindy Ximena' is set on object 'Object Repository/2-OBJECTS TAREAS SECUNDARIAS/Pruebas Compensación/Listado_Empleados/input_Nombre Funcionario_listadoEmpleadoj_idt64'

2023-03-29 17:08:59 - [MESSAGE][PASSED] - Text 'Aya Silva Cindy Ximena' is set on object 'Object Repository/2-OBJECTS TAREAS SECUNDARIAS/Pruebas Compensación/Listado_Empleados/input_Nombre Funcionario_listadoEmpleadoj_idt64'

2023-03-29 17:08:59 - [TEST_STEP][PASSED] - sendKeys(findTestObject("2-OBJECTS TAREAS SECUNDARIAS/Pruebas Compensación/Listado_Empleados/input_Nombre Funcionario_listadoEmpleadoj_idt64"), Keys.chord(ENTER)): Keys 'ENTER + ' sent to object: 'Object Repository/2-OBJECTS TAREAS SECUNDARIAS/Pruebas Compensación/Listado_Empleados/input_Nombre Funcionario_listadoEmpleadoj_idt64'

2023-03-29 17:09:00 - [MESSAGE][PASSED] - Keys 'ENTER + ' sent to object: 'Object Repository/2-OBJECTS TAREAS SECUNDARIAS/Pruebas Compensación/Listado_Empleados/input_Nombre Funcionario_listadoEmpleadoj_idt64'

2023-03-29 17:09:00 - [TEST_STEP][PASSED] - click(findTestObject("2-OBJECTS TAREAS SECUNDARIAS/Pruebas Compensación/Listado_Empleados/span_Constantino Jhon")): Object: 'Object Repository/2-OBJECTS TAREAS SECUNDARIAS/Pruebas Compensación/Listado_Empleados/span_Constantino Jhon' is clicked on

2023-03-29 17:09:00 - [MESSAGE][PASSED] - Object: 'Object Repository/2-OBJECTS TAREAS SECUNDARIAS/Pruebas Compensación/Listado_Empleados/span_Constantino Jhon' is clicked on

2023-03-29 17:09:00 - [TEST_STEP][PASSED] - click(findTestObject("2-OBJECTS TAREAS SECUNDARIAS/Pruebas Compensación/Listado_Empleados/a_Liquidacin Periodica")): Object: 'Object Repository/2-OBJECTS TAREAS SECUNDARIAS/Pruebas Compensación/Listado_Empleados/a_Liquidacin Periodica' is clicked on

2023-03-29 17:09:01 - [MESSAGE][PASSED] - Object: 'Object Repository/2-OBJECTS TAREAS SECUNDARIAS/Pruebas Compensación/Listado_Empleados/a_Liquidacin Periodica' is clicked on

2023-03-29 17:09:01 - [TEST_STEP][PASSED] - selectOptionByIndex(findTestObject("2-OBJECTS TAREAS SECUNDARIAS/Pruebas Compensación/Listado_Empleados/select_-- seleccione --BC - PRESTAMO BANCOLOMBIAPC - PRESTAMO COMPAA"), 2): All options with index in [2] are selected on object 'Object Repository/2-OBJECTS TAREAS SECUNDARIAS/Pruebas Compensación/Listado_Empleados/select_-- seleccione --BC - PRESTAMO BANCOLOMBIAPC - PRESTAMO COMPAA'

2023-03-29 17:09:02 - [MESSAGE][PASSED] - All options with index in [2] are selected on object 'Object Repository/2-OBJECTS TAREAS SECUNDARIAS/Pruebas Compensación/Listado_Empleados/select_-- seleccione --BC - PRESTAMO BANCOLOMBIAPC - PRESTAMO COMPAA'

2023-03-29 17:09:02 - [TEST_STEP][PASSED] - click(findTestObject("2-OBJECTS TAREAS SECUNDARIAS/Pruebas Compensación/Listado_Empleados/span_Prestamo Compaa")): Object: 'Object Repository/2-OBJECTS TAREAS SECUNDARIAS/Pruebas Compensación/Listado_Empleados/span_Prestamo Compaa' is clicked on

2023-03-29 17:09:03 - [MESSAGE][PASSED] - Object: 'Object Repository/2-OBJECTS TAREAS SECUNDARIAS/Pruebas Compensación/Listado_Empleados/span_Prestamo Compaa' is clicked on

2023-03-29 17:09:03 - [TEST_STEP][PASSED] - if (waitForElementVisible(findTestObject("2-OBJECTS TAREAS SECUNDARIAS/Pruebas Compensación/Listado_Empleados/a_Pagos o Descuentos Extra"), 1)): null

2023-03-29 17:09:04 - [MESSAGE][PASSED] - Object 'Object Repository/2-OBJECTS TAREAS SECUNDARIAS/Pruebas Compensación/Listado_Empleados/a_Pagos o Descuentos Extra' is visible

2023-03-29 17:09:04 - [TEST_STEP][PASSED] - Result = "PRUEBA OK": null

2023-03-29 17:09:04 - [TEST_STEP][PASSED] - closeBrowser(): Browser is closed

2023-03-29 17:09:05 - [MESSAGE][PASSED] - Browser is closed]]></system-out>
         <system-err><![CDATA[]]></system-err>
      </testcase>
      <system-out><![CDATA[2023-03-29 17:02:33 - [TEST_SUITE][PASSED] - A1-Pruebas_Compensaciones: Test Cases/1.2-Tareas_Secundarias/A.1-Pruebas_compensaciones/11.1.7-Listado_Empleados]]></system-out>
      <system-err><![CDATA[]]></system-err>
   </testsuite>
</testsuites>
