<?xml version="1.0" encoding="UTF-8"?>
<testsuites name="12-Pruebas_Planta_Personal" time="341.889" tests="14" failures="0" errors="0">
   <testsuite name="12-Pruebas_Planta_Personal" tests="14" failures="0" errors="0" time="341.889" skipped="0" timestamp="2022-02-23 15:47:14" hostname="diego.rojas - US-AF-000371" id="Test Suites/12-Pruebas_Planta_Personal">
      <properties>
         <property name="deviceName" value=""/>
         <property name="devicePlatform" value=""/>
         <property name="logFolder" value="C:\\Users\\diego.rojas\\git\\Pruebas-Minimas\\Reports\\20220223_145603\\12-Pruebas_Planta_Personal\\20220223_145704"/>
         <property name="logFiles" value="C:\\Users\\diego.rojas\\git\\Pruebas-Minimas\\Reports\\20220223_145603\\12-Pruebas_Planta_Personal\\20220223_145704\\execution0.log"/>
         <property name="attachments" value=""/>
         <property name="hostName" value="diego.rojas - US-AF-000371"/>
         <property name="os" value="Windows 10 64bit"/>
         <property name="katalonVersion" value="8.2.5.208"/>
         <property name="browser" value="Chrome 98.0.4758.102"/>
         <property name="hostAddress" value="192.168.56.1"/>
         <property name="sessionId" value="37550c273715b9ee7e2ed987328aa267"/>
         <property name="seleniumVersion" value="3.141.59"/>
         <property name="proxyInformation" value="ProxyInformation { proxyOption=NO_PROXY, proxyServerType=HTTP, username=, password=********, proxyServerAddress=, proxyServerPort=0, executionList=&quot;&quot;, isApplyToDesiredCapabilities=true }"/>
         <property name="platform" value="Windows 10"/>
      </properties>
      <testcase name="Test Cases/12.1-Pruebas_Planta_Personal/12.1.1-Crear_una_unidad" time="24.97" classname="Test Cases/12.1-Pruebas_Planta_Personal/12.1.1-Crear_una_unidad" status="PASSED">
         <system-out><![CDATA[2022-02-23 15:47:15 - [TEST_CASE][PASSED] - Test Cases/12.1-Pruebas_Planta_Personal/12.1.1-Crear_una_unidad: Test Cases/12.1-Pruebas_Planta_Personal/12.1.1-Crear_una_unidad

2022-02-23 15:47:15 - [TEST_STEP][PASSED] - callTestCase(findTestCase("0.1-Login"), [:], STOP_ON_FAILURE): Call Test Case 'Test Cases/0.1-Login' successfully

2022-02-23 15:47:15 - [TEST_CASE][PASSED] - Test Cases/0.1-Login: Test Cases/0.1-Login

2022-02-23 15:47:16 - [TEST_STEP][PASSED] - openBrowser(""): Browser is opened with url: ''

2022-02-23 15:47:16 - [MESSAGE][INFO] - Starting 'Chrome' driver

2022-02-23 15:47:16 - [MESSAGE][INFO] - Action delay is set to 0 milliseconds

2022-02-23 15:47:19 - [MESSAGE][PASSED] - Browser is opened with url: ''

2022-02-23 15:47:19 - [TEST_STEP][PASSED] - maximizeWindow(): Current window maximized

2022-02-23 15:47:19 - [MESSAGE][PASSED] - Current window maximized

2022-02-23 15:47:19 - [TEST_STEP][PASSED] - i = G_Login: null

2022-02-23 15:47:19 - [TEST_STEP][PASSED] - url = new java.net.URL(i): null

2022-02-23 15:47:19 - [TEST_STEP][PASSED] - println("URL: " + url.toString()): null

2022-02-23 15:47:19 - [TEST_STEP][PASSED] - connection = url.openConnection(): null

2022-02-23 15:47:19 - [TEST_STEP][PASSED] - connection.setRequestMethod("GET"): null

2022-02-23 15:47:19 - [TEST_STEP][PASSED] - connection.setReadTimeout(2 * 1000): null

2022-02-23 15:47:19 - [TEST_STEP][PASSED] - try: null

2022-02-23 15:47:19 - [TEST_STEP][PASSED] - connection.connect(): null

2022-02-23 15:47:19 - [TEST_STEP][PASSED] - flag = connected: null

2022-02-23 15:47:19 - [TEST_STEP][PASSED] - println("Valor_ori: " + flag): null

2022-02-23 15:47:19 - [TEST_STEP][PASSED] - if (flag): null

2022-02-23 15:47:19 - [TEST_STEP][PASSED] - navigateToUrl(i): Navigate to 'http://192.168.2.80:8380/saraweb' successfully

2022-02-23 15:47:20 - [MESSAGE][PASSED] - Navigate to 'http://192.168.2.80:8380/saraweb' successfully

2022-02-23 15:47:20 - [TEST_STEP][PASSED] - a(): null

2022-02-23 15:47:20 - [TEST_STEP][PASSED] - setText(findTestObject("Login/input_USUARIO_loginusuario"), G_Usuario): Text 'saraadmin' is set on object 'Object Repository/Login/input_USUARIO_loginusuario'

2022-02-23 15:47:21 - [MESSAGE][PASSED] - Text 'saraadmin' is set on object 'Object Repository/Login/input_USUARIO_loginusuario'

2022-02-23 15:47:21 - [TEST_STEP][PASSED] - setEncryptedText(findTestObject("Login/input_CLAVE_loginpassword"), "MkG4/TYiCFC3cb2driP7+Q=="): Text ****** has been set on object 'Object Repository/Login/input_CLAVE_loginpassword'

2022-02-23 15:47:21 - [MESSAGE][PASSED] - Text ****** has been set on object 'Object Repository/Login/input_CLAVE_loginpassword'

2022-02-23 15:47:21 - [TEST_STEP][PASSED] - waitForElementClickable(findTestObject("Login/a_Ingresar"), G_TimeOut): Object 'Object Repository/Login/a_Ingresar' is clickable

2022-02-23 15:47:22 - [MESSAGE][PASSED] - Object 'Object Repository/Login/a_Ingresar' is clickable

2022-02-23 15:47:22 - [TEST_STEP][PASSED] - click(findTestObject("Login/a_Ingresar")): Object: 'Object Repository/Login/a_Ingresar' is clicked on

2022-02-23 15:47:22 - [MESSAGE][PASSED] - Object: 'Object Repository/Login/a_Ingresar' is clicked on

2022-02-23 15:47:22 - [TEST_STEP][PASSED] - element = findWebElement(findTestObject("Login/a_Ir"), 30): null

2022-02-23 15:47:23 - [TEST_STEP][PASSED] - executeJavaScript("arguments[0].click()", Arrays.asList(element)): Execute JavaScript 'arguments[0].click()' successfully

2022-02-23 15:47:23 - [MESSAGE][PASSED] - Execute JavaScript 'arguments[0].click()' successfully

2022-02-23 15:47:23 - [MESSAGE][PASSED] - Call Test Case 'Test Cases/0.1-Login' successfully

2022-02-23 15:47:23 - [TEST_STEP][PASSED] - setText(findTestObject("Modulo Pruebas Planta de Personal/Crear_una_unidad/input_Empresa 1_form_templatej_idt24_input"), "planta personal (tal)"): Text 'planta personal (tal)' is set on object 'Object Repository/Modulo Pruebas Planta de Personal/Crear_una_unidad/input_Empresa 1_form_templatej_idt24_input'

2022-02-23 15:47:24 - [MESSAGE][PASSED] - Text 'planta personal (tal)' is set on object 'Object Repository/Modulo Pruebas Planta de Personal/Crear_una_unidad/input_Empresa 1_form_templatej_idt24_input'

2022-02-23 15:47:24 - [TEST_STEP][PASSED] - click(findTestObject("Modulo Pruebas Planta de Personal/Crear_una_unidad/span_Planta Personal (tal)")): Object: 'Object Repository/Modulo Pruebas Planta de Personal/Crear_una_unidad/span_Planta Personal (tal)' is clicked on

2022-02-23 15:47:26 - [MESSAGE][PASSED] - Object: 'Object Repository/Modulo Pruebas Planta de Personal/Crear_una_unidad/span_Planta Personal (tal)' is clicked on

2022-02-23 15:47:26 - [TEST_STEP][PASSED] - click(findTestObject("Modulo Pruebas Planta de Personal/Crear_una_unidad/span_Administracion")): Object: 'Object Repository/Modulo Pruebas Planta de Personal/Crear_una_unidad/span_Administracion' is clicked on

2022-02-23 15:47:29 - [MESSAGE][PASSED] - Object: 'Object Repository/Modulo Pruebas Planta de Personal/Crear_una_unidad/span_Administracion' is clicked on

2022-02-23 15:47:29 - [TEST_STEP][PASSED] - click(findTestObject("Modulo Pruebas Planta de Personal/Crear_una_unidad/span_No Relacionado_ui-button-icon-left ui-icon ui-c ui-icon-triangle-1-s")): Object: 'Object Repository/Modulo Pruebas Planta de Personal/Crear_una_unidad/span_No Relacionado_ui-button-icon-left ui-icon ui-c ui-icon-triangle-1-s' is clicked on

2022-02-23 15:47:29 - [MESSAGE][PASSED] - Object: 'Object Repository/Modulo Pruebas Planta de Personal/Crear_una_unidad/span_No Relacionado_ui-button-icon-left ui-icon ui-c ui-icon-triangle-1-s' is clicked on

2022-02-23 15:47:29 - [TEST_STEP][PASSED] - click(findTestObject("Modulo Pruebas Planta de Personal/Crear_una_unidad/span_Organigrama")): Object: 'Object Repository/Modulo Pruebas Planta de Personal/Crear_una_unidad/span_Organigrama' is clicked on

2022-02-23 15:47:30 - [MESSAGE][PASSED] - Object: 'Object Repository/Modulo Pruebas Planta de Personal/Crear_una_unidad/span_Organigrama' is clicked on

2022-02-23 15:47:30 - [TEST_STEP][PASSED] - getText(findTestObject("Modulo Pruebas Planta de Personal/Crear_una_unidad/span_Pruebas  Katalon")): Text of object 'Object Repository/Modulo Pruebas Planta de Personal/Crear_una_unidad/span_Pruebas  Katalon' is: 'Pruebas Katalon'

2022-02-23 15:47:31 - [MESSAGE][PASSED] - Text of object 'Object Repository/Modulo Pruebas Planta de Personal/Crear_una_unidad/span_Pruebas  Katalon' is: 'Pruebas Katalon'

2022-02-23 15:47:31 - [TEST_STEP][PASSED] - if (waitForElementVisible(findTestObject("Modulo Pruebas Planta de Personal/Crear_una_unidad/span_Pruebas  Katalon"), 1)): null

2022-02-23 15:47:31 - [MESSAGE][PASSED] - Object 'Object Repository/Modulo Pruebas Planta de Personal/Crear_una_unidad/span_Pruebas  Katalon' is visible

2022-02-23 15:47:31 - [TEST_STEP][PASSED] - click(findTestObject("Modulo Pruebas Planta de Personal/Crear_una_unidad/a_Pruebas  Katalon_organigramaj_idt1422modificar")): Object: 'Object Repository/Modulo Pruebas Planta de Personal/Crear_una_unidad/a_Pruebas  Katalon_organigramaj_idt1422modificar' is clicked on

2022-02-23 15:47:31 - [MESSAGE][PASSED] - Object: 'Object Repository/Modulo Pruebas Planta de Personal/Crear_una_unidad/a_Pruebas  Katalon_organigramaj_idt1422modificar' is clicked on

2022-02-23 15:47:31 - [TEST_STEP][PASSED] - click(findTestObject("Modulo Pruebas Planta de Personal/Crear_una_unidad/a_Eliminar")): Object: 'Object Repository/Modulo Pruebas Planta de Personal/Crear_una_unidad/a_Eliminar' is clicked on

2022-02-23 15:47:32 - [MESSAGE][PASSED] - Object: 'Object Repository/Modulo Pruebas Planta de Personal/Crear_una_unidad/a_Eliminar' is clicked on

2022-02-23 15:47:32 - [TEST_STEP][PASSED] - click(findTestObject("Modulo Pruebas Planta de Personal/Crear_una_unidad/span_Si")): Object: 'Object Repository/Modulo Pruebas Planta de Personal/Crear_una_unidad/span_Si' is clicked on

2022-02-23 15:47:33 - [MESSAGE][PASSED] - Object: 'Object Repository/Modulo Pruebas Planta de Personal/Crear_una_unidad/span_Si' is clicked on

2022-02-23 15:47:33 - [TEST_STEP][PASSED] - click(findTestObject("Modulo Pruebas Planta de Personal/Crear_una_unidad/a_Organigrama_organigramacrearUnidad")): Object: 'Object Repository/Modulo Pruebas Planta de Personal/Crear_una_unidad/a_Organigrama_organigramacrearUnidad' is clicked on

2022-02-23 15:47:34 - [MESSAGE][PASSED] - Object: 'Object Repository/Modulo Pruebas Planta de Personal/Crear_una_unidad/a_Organigrama_organigramacrearUnidad' is clicked on

2022-02-23 15:47:34 - [TEST_STEP][PASSED] - setText(findTestObject("Modulo Pruebas Planta de Personal/Crear_una_unidad/input_Unidad Organizacional_popupUnidadOrganizacional_formcodigoUnidadPopup"), "27"): Text '27' is set on object 'Object Repository/Modulo Pruebas Planta de Personal/Crear_una_unidad/input_Unidad Organizacional_popupUnidadOrganizacional_formcodigoUnidadPopup'

2022-02-23 15:47:36 - [MESSAGE][PASSED] - Text '27' is set on object 'Object Repository/Modulo Pruebas Planta de Personal/Crear_una_unidad/input_Unidad Organizacional_popupUnidadOrganizacional_formcodigoUnidadPopup'

2022-02-23 15:47:36 - [TEST_STEP][PASSED] - selectOptionByIndex(findTestObject("Modulo Pruebas Planta de Personal/Crear_una_unidad/select_--Seleccione Tipo Unidad--COORDINACIONPRESIDENCIAVICEPRESIDENCIA"), 5): All options with index in [5] are selected on object 'Object Repository/Modulo Pruebas Planta de Personal/Crear_una_unidad/select_--Seleccione Tipo Unidad--COORDINACIONPRESIDENCIAVICEPRESIDENCIA'

2022-02-23 15:47:37 - [MESSAGE][PASSED] - All options with index in [5] are selected on object 'Object Repository/Modulo Pruebas Planta de Personal/Crear_una_unidad/select_--Seleccione Tipo Unidad--COORDINACIONPRESIDENCIAVICEPRESIDENCIA'

2022-02-23 15:47:37 - [TEST_STEP][PASSED] - setText(findTestObject("Modulo Pruebas Planta de Personal/Crear_una_unidad/input_Descripcin_popupUnidadOrganizacional_formnombreUnidadPopup"), "Pruebas  Katalon"): Text 'Pruebas  Katalon' is set on object 'Object Repository/Modulo Pruebas Planta de Personal/Crear_una_unidad/input_Descripcin_popupUnidadOrganizacional_formnombreUnidadPopup'

2022-02-23 15:47:37 - [MESSAGE][PASSED] - Text 'Pruebas  Katalon' is set on object 'Object Repository/Modulo Pruebas Planta de Personal/Crear_una_unidad/input_Descripcin_popupUnidadOrganizacional_formnombreUnidadPopup'

2022-02-23 15:47:37 - [TEST_STEP][PASSED] - selectOptionByIndex(findTestObject("Modulo Pruebas Planta de Personal/Crear_una_unidad/select_--Seleccione Sucursal--NO RELACIONADABOGOTA"), 2): All options with index in [2] are selected on object 'Object Repository/Modulo Pruebas Planta de Personal/Crear_una_unidad/select_--Seleccione Sucursal--NO RELACIONADABOGOTA'

2022-02-23 15:47:38 - [MESSAGE][PASSED] - All options with index in [2] are selected on object 'Object Repository/Modulo Pruebas Planta de Personal/Crear_una_unidad/select_--Seleccione Sucursal--NO RELACIONADABOGOTA'

2022-02-23 15:47:38 - [TEST_STEP][PASSED] - selectOptionByIndex(findTestObject("Modulo Pruebas Planta de Personal/Crear_una_unidad/select_--Seleccione el Estado--SINO"), 1): All options with index in [1] are selected on object 'Object Repository/Modulo Pruebas Planta de Personal/Crear_una_unidad/select_--Seleccione el Estado--SINO'

2022-02-23 15:47:39 - [MESSAGE][PASSED] - All options with index in [1] are selected on object 'Object Repository/Modulo Pruebas Planta de Personal/Crear_una_unidad/select_--Seleccione el Estado--SINO'

2022-02-23 15:47:39 - [TEST_STEP][PASSED] - click(findTestObject("Modulo Pruebas Planta de Personal/Crear_una_unidad/a_Actualizar")): Object: 'Object Repository/Modulo Pruebas Planta de Personal/Crear_una_unidad/a_Actualizar' is clicked on

2022-02-23 15:47:40 - [MESSAGE][PASSED] - Object: 'Object Repository/Modulo Pruebas Planta de Personal/Crear_una_unidad/a_Actualizar' is clicked on]]></system-out>
         <system-err><![CDATA[]]></system-err>
      </testcase>
      <testcase name="Test Cases/12.1-Pruebas_Planta_Personal/12.1.3-Crear_un_puesto_de_trabajo" time="29.168" classname="Test Cases/12.1-Pruebas_Planta_Personal/12.1.3-Crear_un_puesto_de_trabajo" status="PASSED">
         <system-out><![CDATA[2022-02-23 15:47:40 - [TEST_CASE][PASSED] - Test Cases/12.1-Pruebas_Planta_Personal/12.1.3-Crear_un_puesto_de_trabajo: Test Cases/12.1-Pruebas_Planta_Personal/12.1.3-Crear_un_puesto_de_trabajo

2022-02-23 15:47:40 - [TEST_STEP][PASSED] - callTestCase(findTestCase("0.1-Login"), [:], STOP_ON_FAILURE): Call Test Case 'Test Cases/0.1-Login' successfully

2022-02-23 15:47:40 - [TEST_CASE][PASSED] - Test Cases/0.1-Login: Test Cases/0.1-Login

2022-02-23 15:47:40 - [TEST_STEP][PASSED] - openBrowser(""): Browser is opened with url: ''

2022-02-23 15:47:40 - [MESSAGE][WARNING] - A browser is already opened. Closing browser and opening a new one

2022-02-23 15:47:41 - [MESSAGE][INFO] - Starting 'Chrome' driver

2022-02-23 15:47:41 - [MESSAGE][INFO] - Action delay is set to 0 milliseconds

2022-02-23 15:47:42 - [MESSAGE][PASSED] - Browser is opened with url: ''

2022-02-23 15:47:42 - [TEST_STEP][PASSED] - maximizeWindow(): Current window maximized

2022-02-23 15:47:42 - [MESSAGE][PASSED] - Current window maximized

2022-02-23 15:47:42 - [TEST_STEP][PASSED] - i = G_Login: null

2022-02-23 15:47:42 - [TEST_STEP][PASSED] - url = new java.net.URL(i): null

2022-02-23 15:47:42 - [TEST_STEP][PASSED] - println("URL: " + url.toString()): null

2022-02-23 15:47:42 - [TEST_STEP][PASSED] - connection = url.openConnection(): null

2022-02-23 15:47:42 - [TEST_STEP][PASSED] - connection.setRequestMethod("GET"): null

2022-02-23 15:47:42 - [TEST_STEP][PASSED] - connection.setReadTimeout(2 * 1000): null

2022-02-23 15:47:42 - [TEST_STEP][PASSED] - try: null

2022-02-23 15:47:42 - [TEST_STEP][PASSED] - connection.connect(): null

2022-02-23 15:47:42 - [TEST_STEP][PASSED] - flag = connected: null

2022-02-23 15:47:42 - [TEST_STEP][PASSED] - println("Valor_ori: " + flag): null

2022-02-23 15:47:42 - [TEST_STEP][PASSED] - if (flag): null

2022-02-23 15:47:42 - [TEST_STEP][PASSED] - navigateToUrl(i): Navigate to 'http://192.168.2.80:8380/saraweb' successfully

2022-02-23 15:47:43 - [MESSAGE][PASSED] - Navigate to 'http://192.168.2.80:8380/saraweb' successfully

2022-02-23 15:47:43 - [TEST_STEP][PASSED] - a(): null

2022-02-23 15:47:43 - [TEST_STEP][PASSED] - setText(findTestObject("Login/input_USUARIO_loginusuario"), G_Usuario): Text 'saraadmin' is set on object 'Object Repository/Login/input_USUARIO_loginusuario'

2022-02-23 15:47:44 - [MESSAGE][PASSED] - Text 'saraadmin' is set on object 'Object Repository/Login/input_USUARIO_loginusuario'

2022-02-23 15:47:44 - [TEST_STEP][PASSED] - setEncryptedText(findTestObject("Login/input_CLAVE_loginpassword"), "MkG4/TYiCFC3cb2driP7+Q=="): Text ****** has been set on object 'Object Repository/Login/input_CLAVE_loginpassword'

2022-02-23 15:47:44 - [MESSAGE][PASSED] - Text ****** has been set on object 'Object Repository/Login/input_CLAVE_loginpassword'

2022-02-23 15:47:44 - [TEST_STEP][PASSED] - waitForElementClickable(findTestObject("Login/a_Ingresar"), G_TimeOut): Object 'Object Repository/Login/a_Ingresar' is clickable

2022-02-23 15:47:44 - [MESSAGE][PASSED] - Object 'Object Repository/Login/a_Ingresar' is clickable

2022-02-23 15:47:44 - [TEST_STEP][PASSED] - click(findTestObject("Login/a_Ingresar")): Object: 'Object Repository/Login/a_Ingresar' is clicked on

2022-02-23 15:47:47 - [MESSAGE][PASSED] - Object: 'Object Repository/Login/a_Ingresar' is clicked on

2022-02-23 15:47:47 - [TEST_STEP][PASSED] - element = findWebElement(findTestObject("Login/a_Ir"), 30): null

2022-02-23 15:47:48 - [TEST_STEP][PASSED] - executeJavaScript("arguments[0].click()", Arrays.asList(element)): Execute JavaScript 'arguments[0].click()' successfully

2022-02-23 15:47:48 - [MESSAGE][PASSED] - Execute JavaScript 'arguments[0].click()' successfully

2022-02-23 15:47:48 - [MESSAGE][PASSED] - Call Test Case 'Test Cases/0.1-Login' successfully

2022-02-23 15:47:48 - [TEST_STEP][PASSED] - setText(findTestObject("Modulo Pruebas Planta de Personal/Crear_un_puesto_de_trabajo/input_Empresa 1_form_templatej_idt24_input"), "Planta personal (tal)"): Text 'Planta personal (tal)' is set on object 'Object Repository/Modulo Pruebas Planta de Personal/Crear_un_puesto_de_trabajo/input_Empresa 1_form_templatej_idt24_input'

2022-02-23 15:47:49 - [MESSAGE][PASSED] - Text 'Planta personal (tal)' is set on object 'Object Repository/Modulo Pruebas Planta de Personal/Crear_un_puesto_de_trabajo/input_Empresa 1_form_templatej_idt24_input'

2022-02-23 15:47:49 - [TEST_STEP][PASSED] - click(findTestObject("Modulo Pruebas Planta de Personal/Crear_un_puesto_de_trabajo/span_Planta Personal (tal)")): Object: 'Object Repository/Modulo Pruebas Planta de Personal/Crear_un_puesto_de_trabajo/span_Planta Personal (tal)' is clicked on

2022-02-23 15:47:50 - [MESSAGE][PASSED] - Object: 'Object Repository/Modulo Pruebas Planta de Personal/Crear_un_puesto_de_trabajo/span_Planta Personal (tal)' is clicked on

2022-02-23 15:47:50 - [TEST_STEP][PASSED] - click(findTestObject("Modulo Pruebas Planta de Personal/Crear_un_puesto_de_trabajo/span_Administracion")): Object: 'Object Repository/Modulo Pruebas Planta de Personal/Crear_un_puesto_de_trabajo/span_Administracion' is clicked on

2022-02-23 15:47:52 - [MESSAGE][PASSED] - Object: 'Object Repository/Modulo Pruebas Planta de Personal/Crear_un_puesto_de_trabajo/span_Administracion' is clicked on

2022-02-23 15:47:52 - [TEST_STEP][PASSED] - click(findTestObject("Modulo Pruebas Planta de Personal/Crear_un_puesto_de_trabajo/span_Posicion")): Object: 'Object Repository/Modulo Pruebas Planta de Personal/Crear_un_puesto_de_trabajo/span_Posicion' is clicked on

2022-02-23 15:47:52 - [MESSAGE][PASSED] - Object: 'Object Repository/Modulo Pruebas Planta de Personal/Crear_un_puesto_de_trabajo/span_Posicion' is clicked on

2022-02-23 15:47:52 - [TEST_STEP][PASSED] - click(findTestObject("Modulo Pruebas Planta de Personal/Crear_un_puesto_de_trabajo/span_Administracion")): Object: 'Object Repository/Modulo Pruebas Planta de Personal/Crear_un_puesto_de_trabajo/span_Administracion' is clicked on

2022-02-23 15:47:53 - [MESSAGE][PASSED] - Object: 'Object Repository/Modulo Pruebas Planta de Personal/Crear_un_puesto_de_trabajo/span_Administracion' is clicked on

2022-02-23 15:47:53 - [TEST_STEP][PASSED] - click(findTestObject("Modulo Pruebas Planta de Personal/Crear_un_puesto_de_trabajo/a_Posicion_organigramanuevoPuestoTrabajo")): Object: 'Object Repository/Modulo Pruebas Planta de Personal/Crear_un_puesto_de_trabajo/a_Posicion_organigramanuevoPuestoTrabajo' is clicked on

2022-02-23 15:47:54 - [MESSAGE][PASSED] - Object: 'Object Repository/Modulo Pruebas Planta de Personal/Crear_un_puesto_de_trabajo/a_Posicion_organigramanuevoPuestoTrabajo' is clicked on

2022-02-23 15:47:54 - [TEST_STEP][PASSED] - click(findTestObject("Modulo Pruebas Planta de Personal/Crear_un_puesto_de_trabajo/a_Cargo_datosPuestoTrabajo_formj_idt931")): Object: 'Object Repository/Modulo Pruebas Planta de Personal/Crear_un_puesto_de_trabajo/a_Cargo_datosPuestoTrabajo_formj_idt931' is clicked on

2022-02-23 15:47:55 - [MESSAGE][PASSED] - Object: 'Object Repository/Modulo Pruebas Planta de Personal/Crear_un_puesto_de_trabajo/a_Cargo_datosPuestoTrabajo_formj_idt931' is clicked on

2022-02-23 15:47:55 - [TEST_STEP][PASSED] - click(findTestObject("Modulo Pruebas Planta de Personal/Crear_un_puesto_de_trabajo/span_ABOGADO")): Object: 'Object Repository/Modulo Pruebas Planta de Personal/Crear_un_puesto_de_trabajo/span_ABOGADO' is clicked on

2022-02-23 15:47:55 - [MESSAGE][PASSED] - Object: 'Object Repository/Modulo Pruebas Planta de Personal/Crear_un_puesto_de_trabajo/span_ABOGADO' is clicked on

2022-02-23 15:47:55 - [TEST_STEP][PASSED] - selectOptionByIndex(findTestObject("Modulo Pruebas Planta de Personal/Crear_un_puesto_de_trabajo/select_-- Seleccione --Planta Dinamica                (1)Planta Fija                    (B1)"), 1): All options with index in [1] are selected on object 'Object Repository/Modulo Pruebas Planta de Personal/Crear_un_puesto_de_trabajo/select_-- Seleccione --Planta Dinamica                (1)Planta Fija                    (B1)'

2022-02-23 15:47:57 - [MESSAGE][PASSED] - All options with index in [1] are selected on object 'Object Repository/Modulo Pruebas Planta de Personal/Crear_un_puesto_de_trabajo/select_-- Seleccione --Planta Dinamica                (1)Planta Fija                    (B1)'

2022-02-23 15:47:57 - [TEST_STEP][PASSED] - selectOptionByIndex(findTestObject("Modulo Pruebas Planta de Personal/Crear_un_puesto_de_trabajo/select_-- Seleccione --Ampleado                       (Z3)Empleado                       (B3)Mapa"), 2): All options with index in [2] are selected on object 'Object Repository/Modulo Pruebas Planta de Personal/Crear_un_puesto_de_trabajo/select_-- Seleccione --Ampleado                       (Z3)Empleado                       (B3)Mapa'

2022-02-23 15:47:58 - [MESSAGE][PASSED] - All options with index in [2] are selected on object 'Object Repository/Modulo Pruebas Planta de Personal/Crear_un_puesto_de_trabajo/select_-- Seleccione --Ampleado                       (Z3)Empleado                       (B3)Mapa'

2022-02-23 15:47:58 - [TEST_STEP][PASSED] - selectOptionByIndex(findTestObject("Modulo Pruebas Planta de Personal/Crear_un_puesto_de_trabajo/select_-- Seleccione --BloqueadoEliminadoOcupado y disponible"), 3): All options with index in [3] are selected on object 'Object Repository/Modulo Pruebas Planta de Personal/Crear_un_puesto_de_trabajo/select_-- Seleccione --BloqueadoEliminadoOcupado y disponible'

2022-02-23 15:47:59 - [MESSAGE][PASSED] - All options with index in [3] are selected on object 'Object Repository/Modulo Pruebas Planta de Personal/Crear_un_puesto_de_trabajo/select_-- Seleccione --BloqueadoEliminadoOcupado y disponible'

2022-02-23 15:47:59 - [TEST_STEP][PASSED] - click(findTestObject("Modulo Pruebas Planta de Personal/Crear_un_puesto_de_trabajo/label_No es responsable de la Unidad")): Object: 'Object Repository/Modulo Pruebas Planta de Personal/Crear_un_puesto_de_trabajo/label_No es responsable de la Unidad' is clicked on

2022-02-23 15:47:59 - [MESSAGE][PASSED] - Object: 'Object Repository/Modulo Pruebas Planta de Personal/Crear_un_puesto_de_trabajo/label_No es responsable de la Unidad' is clicked on

2022-02-23 15:47:59 - [TEST_STEP][PASSED] - click(findTestObject("Modulo Pruebas Planta de Personal/Crear_un_puesto_de_trabajo/label_No")): Object: 'Object Repository/Modulo Pruebas Planta de Personal/Crear_un_puesto_de_trabajo/label_No' is clicked on

2022-02-23 15:48:00 - [MESSAGE][PASSED] - Object: 'Object Repository/Modulo Pruebas Planta de Personal/Crear_un_puesto_de_trabajo/label_No' is clicked on

2022-02-23 15:48:00 - [TEST_STEP][PASSED] - click(findTestObject("Modulo Pruebas Planta de Personal/Crear_un_puesto_de_trabajo/span_Actualizar")): Object: 'Object Repository/Modulo Pruebas Planta de Personal/Crear_un_puesto_de_trabajo/span_Actualizar' is clicked on

2022-02-23 15:48:00 - [MESSAGE][PASSED] - Object: 'Object Repository/Modulo Pruebas Planta de Personal/Crear_un_puesto_de_trabajo/span_Actualizar' is clicked on

2022-02-23 15:48:00 - [TEST_STEP][PASSED] - click(findTestObject("Modulo Pruebas Planta de Personal/Crear_un_puesto_de_trabajo/a_Zona Econmica_datosPuestoTrabajo_formj_idt1061")): Object: 'Object Repository/Modulo Pruebas Planta de Personal/Crear_un_puesto_de_trabajo/a_Zona Econmica_datosPuestoTrabajo_formj_idt1061' is clicked on

2022-02-23 15:48:01 - [MESSAGE][PASSED] - Object: 'Object Repository/Modulo Pruebas Planta de Personal/Crear_un_puesto_de_trabajo/a_Zona Econmica_datosPuestoTrabajo_formj_idt1061' is clicked on

2022-02-23 15:48:01 - [TEST_STEP][PASSED] - click(findTestObject("Modulo Pruebas Planta de Personal/Crear_un_puesto_de_trabajo/span_ADMINISTRATIVA")): Object: 'Object Repository/Modulo Pruebas Planta de Personal/Crear_un_puesto_de_trabajo/span_ADMINISTRATIVA' is clicked on

2022-02-23 15:48:02 - [MESSAGE][PASSED] - Object: 'Object Repository/Modulo Pruebas Planta de Personal/Crear_un_puesto_de_trabajo/span_ADMINISTRATIVA' is clicked on

2022-02-23 15:48:02 - [TEST_STEP][PASSED] - selectOptionByIndex(findTestObject("Modulo Pruebas Planta de Personal/Crear_un_puesto_de_trabajo/select_-- Seleccione empleados_lineacosto --ADMINISTRATIVO -- 1NO RELACIONADA"), 1): All options with index in [1] are selected on object 'Object Repository/Modulo Pruebas Planta de Personal/Crear_un_puesto_de_trabajo/select_-- Seleccione empleados_lineacosto --ADMINISTRATIVO -- 1NO RELACIONADA'

2022-02-23 15:48:03 - [MESSAGE][PASSED] - All options with index in [1] are selected on object 'Object Repository/Modulo Pruebas Planta de Personal/Crear_un_puesto_de_trabajo/select_-- Seleccione empleados_lineacosto --ADMINISTRATIVO -- 1NO RELACIONADA'

2022-02-23 15:48:03 - [TEST_STEP][PASSED] - selectOptionByLabel(findTestObject("Modulo Pruebas Planta de Personal/Crear_un_puesto_de_trabajo/select_-- Seleccione Ubicacin Fsica --ABEJORRALABREGOACACIASACANDIACEVEDOACHIAGRADO"), "BOGOTÁ", false): All options with label 'BOGOTÁ' are selected in object 'Object Repository/Modulo Pruebas Planta de Personal/Crear_un_puesto_de_trabajo/select_-- Seleccione Ubicacin Fsica --ABEJORRALABREGOACACIASACANDIACEVEDOACHIAGRADO' 

2022-02-23 15:48:04 - [MESSAGE][PASSED] - All options with label 'BOGOTÁ' are selected in object 'Object Repository/Modulo Pruebas Planta de Personal/Crear_un_puesto_de_trabajo/select_-- Seleccione Ubicacin Fsica --ABEJORRALABREGOACACIASACANDIACEVEDOACHIAGRADO' 

2022-02-23 15:48:04 - [TEST_STEP][PASSED] - selectOptionByIndex(findTestObject("Modulo Pruebas Planta de Personal/Crear_un_puesto_de_trabajo/select_2120 HORAS1240 HORAS0NO DEFINIDO61Pensin"), 2): All options with index in [2] are selected on object 'Object Repository/Modulo Pruebas Planta de Personal/Crear_un_puesto_de_trabajo/select_2120 HORAS1240 HORAS0NO DEFINIDO61Pensin'

2022-02-23 15:48:05 - [MESSAGE][PASSED] - All options with index in [2] are selected on object 'Object Repository/Modulo Pruebas Planta de Personal/Crear_un_puesto_de_trabajo/select_2120 HORAS1240 HORAS0NO DEFINIDO61Pensin'

2022-02-23 15:48:05 - [TEST_STEP][PASSED] - selectOptionByIndex(findTestObject("Modulo Pruebas Planta de Personal/Crear_un_puesto_de_trabajo/select_12kataloonkataloonNOMINA CATORCENALNOMINA"), 3): All options with index in [3] are selected on object 'Object Repository/Modulo Pruebas Planta de Personal/Crear_un_puesto_de_trabajo/select_12kataloonkataloonNOMINA CATORCENALNOMINA'

2022-02-23 15:48:06 - [MESSAGE][PASSED] - All options with index in [3] are selected on object 'Object Repository/Modulo Pruebas Planta de Personal/Crear_un_puesto_de_trabajo/select_12kataloonkataloonNOMINA CATORCENALNOMINA'

2022-02-23 15:48:06 - [TEST_STEP][PASSED] - selectOptionByIndex(findTestObject("Modulo Pruebas Planta de Personal/Crear_un_puesto_de_trabajo/select_0.5APRENDIZ ETAPA LECTIVA6APRENDIZ ETAPA PRODUCTIVA"), 7): All options with index in [7] are selected on object 'Object Repository/Modulo Pruebas Planta de Personal/Crear_un_puesto_de_trabajo/select_0.5APRENDIZ ETAPA LECTIVA6APRENDIZ ETAPA PRODUCTIVA'

2022-02-23 15:48:07 - [MESSAGE][PASSED] - All options with index in [7] are selected on object 'Object Repository/Modulo Pruebas Planta de Personal/Crear_un_puesto_de_trabajo/select_0.5APRENDIZ ETAPA LECTIVA6APRENDIZ ETAPA PRODUCTIVA'

2022-02-23 15:48:07 - [TEST_STEP][PASSED] - selectOptionByIndex(findTestObject("Modulo Pruebas Planta de Personal/Crear_un_puesto_de_trabajo/select_ADMINISTRATIVOSAPRENDICESEMPLEADOFBROLESTSMECANICOS"), 1): All options with index in [1] are selected on object 'Object Repository/Modulo Pruebas Planta de Personal/Crear_un_puesto_de_trabajo/select_ADMINISTRATIVOSAPRENDICESEMPLEADOFBROLESTSMECANICOS'

2022-02-23 15:48:08 - [MESSAGE][PASSED] - All options with index in [1] are selected on object 'Object Repository/Modulo Pruebas Planta de Personal/Crear_un_puesto_de_trabajo/select_ADMINISTRATIVOSAPRENDICESEMPLEADOFBROLESTSMECANICOS'

2022-02-23 15:48:08 - [TEST_STEP][PASSED] - setText(findTestObject("Modulo Pruebas Planta de Personal/Crear_un_puesto_de_trabajo/input_Mesada_datosPuestoTrabajo_formsueldo"), "150000"): Text '150000' is set on object 'Object Repository/Modulo Pruebas Planta de Personal/Crear_un_puesto_de_trabajo/input_Mesada_datosPuestoTrabajo_formsueldo'

2022-02-23 15:48:09 - [MESSAGE][PASSED] - Text '150000' is set on object 'Object Repository/Modulo Pruebas Planta de Personal/Crear_un_puesto_de_trabajo/input_Mesada_datosPuestoTrabajo_formsueldo'

2022-02-23 15:48:09 - [TEST_STEP][PASSED] - click(findTestObject("Modulo Pruebas Planta de Personal/Crear_un_puesto_de_trabajo/span_Actualizar")): Object: 'Object Repository/Modulo Pruebas Planta de Personal/Crear_un_puesto_de_trabajo/span_Actualizar' is clicked on

2022-02-23 15:48:09 - [MESSAGE][PASSED] - Object: 'Object Repository/Modulo Pruebas Planta de Personal/Crear_un_puesto_de_trabajo/span_Actualizar' is clicked on]]></system-out>
         <system-err><![CDATA[]]></system-err>
      </testcase>
      <testcase name="Test Cases/12.1-Pruebas_Planta_Personal/12.1.4-Ajuste_relación_(Encargos)" time="14.14" classname="Test Cases/12.1-Pruebas_Planta_Personal/12.1.4-Ajuste_relación_(Encargos)" status="PASSED">
         <system-out><![CDATA[2022-02-23 15:48:09 - [TEST_CASE][PASSED] - Test Cases/12.1-Pruebas_Planta_Personal/12.1.4-Ajuste_relación_(Encargos): Test Cases/12.1-Pruebas_Planta_Personal/12.1.4-Ajuste_relación_(Encargos)

2022-02-23 15:48:09 - [TEST_STEP][PASSED] - callTestCase(findTestCase("0.1-Login"), [:], STOP_ON_FAILURE): Call Test Case 'Test Cases/0.1-Login' successfully

2022-02-23 15:48:09 - [TEST_CASE][PASSED] - Test Cases/0.1-Login: Test Cases/0.1-Login

2022-02-23 15:48:09 - [TEST_STEP][PASSED] - openBrowser(""): Browser is opened with url: ''

2022-02-23 15:48:09 - [MESSAGE][WARNING] - A browser is already opened. Closing browser and opening a new one

2022-02-23 15:48:10 - [MESSAGE][INFO] - Starting 'Chrome' driver

2022-02-23 15:48:10 - [MESSAGE][INFO] - Action delay is set to 0 milliseconds

2022-02-23 15:48:11 - [MESSAGE][PASSED] - Browser is opened with url: ''

2022-02-23 15:48:11 - [TEST_STEP][PASSED] - maximizeWindow(): Current window maximized

2022-02-23 15:48:12 - [MESSAGE][PASSED] - Current window maximized

2022-02-23 15:48:12 - [TEST_STEP][PASSED] - i = G_Login: null

2022-02-23 15:48:12 - [TEST_STEP][PASSED] - url = new java.net.URL(i): null

2022-02-23 15:48:12 - [TEST_STEP][PASSED] - println("URL: " + url.toString()): null

2022-02-23 15:48:12 - [TEST_STEP][PASSED] - connection = url.openConnection(): null

2022-02-23 15:48:12 - [TEST_STEP][PASSED] - connection.setRequestMethod("GET"): null

2022-02-23 15:48:12 - [TEST_STEP][PASSED] - connection.setReadTimeout(2 * 1000): null

2022-02-23 15:48:12 - [TEST_STEP][PASSED] - try: null

2022-02-23 15:48:12 - [TEST_STEP][PASSED] - connection.connect(): null

2022-02-23 15:48:12 - [TEST_STEP][PASSED] - flag = connected: null

2022-02-23 15:48:12 - [TEST_STEP][PASSED] - println("Valor_ori: " + flag): null

2022-02-23 15:48:12 - [TEST_STEP][PASSED] - if (flag): null

2022-02-23 15:48:12 - [TEST_STEP][PASSED] - navigateToUrl(i): Navigate to 'http://192.168.2.80:8380/saraweb' successfully

2022-02-23 15:48:12 - [MESSAGE][PASSED] - Navigate to 'http://192.168.2.80:8380/saraweb' successfully

2022-02-23 15:48:12 - [TEST_STEP][PASSED] - a(): null

2022-02-23 15:48:12 - [TEST_STEP][PASSED] - setText(findTestObject("Login/input_USUARIO_loginusuario"), G_Usuario): Text 'saraadmin' is set on object 'Object Repository/Login/input_USUARIO_loginusuario'

2022-02-23 15:48:13 - [MESSAGE][PASSED] - Text 'saraadmin' is set on object 'Object Repository/Login/input_USUARIO_loginusuario'

2022-02-23 15:48:13 - [TEST_STEP][PASSED] - setEncryptedText(findTestObject("Login/input_CLAVE_loginpassword"), "MkG4/TYiCFC3cb2driP7+Q=="): Text ****** has been set on object 'Object Repository/Login/input_CLAVE_loginpassword'

2022-02-23 15:48:13 - [MESSAGE][PASSED] - Text ****** has been set on object 'Object Repository/Login/input_CLAVE_loginpassword'

2022-02-23 15:48:13 - [TEST_STEP][PASSED] - waitForElementClickable(findTestObject("Login/a_Ingresar"), G_TimeOut): Object 'Object Repository/Login/a_Ingresar' is clickable

2022-02-23 15:48:13 - [MESSAGE][PASSED] - Object 'Object Repository/Login/a_Ingresar' is clickable

2022-02-23 15:48:13 - [TEST_STEP][PASSED] - click(findTestObject("Login/a_Ingresar")): Object: 'Object Repository/Login/a_Ingresar' is clicked on

2022-02-23 15:48:16 - [MESSAGE][PASSED] - Object: 'Object Repository/Login/a_Ingresar' is clicked on

2022-02-23 15:48:16 - [TEST_STEP][PASSED] - element = findWebElement(findTestObject("Login/a_Ir"), 30): null

2022-02-23 15:48:16 - [TEST_STEP][PASSED] - executeJavaScript("arguments[0].click()", Arrays.asList(element)): Execute JavaScript 'arguments[0].click()' successfully

2022-02-23 15:48:16 - [MESSAGE][PASSED] - Execute JavaScript 'arguments[0].click()' successfully

2022-02-23 15:48:16 - [MESSAGE][PASSED] - Call Test Case 'Test Cases/0.1-Login' successfully

2022-02-23 15:48:16 - [TEST_STEP][PASSED] - setText(findTestObject("input_Empresa 1_form_templatej_idt24_input"), "Planta Personal (tal)"): Text 'Planta Personal (tal)' is set on object 'Object Repository/input_Empresa 1_form_templatej_idt24_input'

2022-02-23 15:48:17 - [MESSAGE][PASSED] - Text 'Planta Personal (tal)' is set on object 'Object Repository/input_Empresa 1_form_templatej_idt24_input'

2022-02-23 15:48:17 - [TEST_STEP][PASSED] - click(findTestObject("Modulo Pruebas Planta de Personal/Ajuste_relación_(Encargos)/span_Planta Personal (ta")): Object: 'Object Repository/Modulo Pruebas Planta de Personal/Ajuste_relación_(Encargos)/span_Planta Personal (ta' is clicked on

2022-02-23 15:48:19 - [MESSAGE][PASSED] - Object: 'Object Repository/Modulo Pruebas Planta de Personal/Ajuste_relación_(Encargos)/span_Planta Personal (ta' is clicked on

2022-02-23 15:48:19 - [TEST_STEP][PASSED] - click(findTestObject("Modulo Pruebas Planta de Personal/Ajuste_relación_(Encargos)/a_Actos Administrativos_organigramaajusterelacion")): Object: 'Object Repository/Modulo Pruebas Planta de Personal/Ajuste_relación_(Encargos)/a_Actos Administrativos_organigramaajusterelacion' is clicked on

2022-02-23 15:48:20 - [MESSAGE][PASSED] - Object: 'Object Repository/Modulo Pruebas Planta de Personal/Ajuste_relación_(Encargos)/a_Actos Administrativos_organigramaajusterelacion' is clicked on

2022-02-23 15:48:20 - [TEST_STEP][PASSED] - click(findTestObject("Modulo Pruebas Planta de Personal/Ajuste_relación_(Encargos)/a_Ajuste Relacion")): Object: 'Object Repository/Modulo Pruebas Planta de Personal/Ajuste_relación_(Encargos)/a_Ajuste Relacion' is clicked on

2022-02-23 15:48:20 - [MESSAGE][PASSED] - Object: 'Object Repository/Modulo Pruebas Planta de Personal/Ajuste_relación_(Encargos)/a_Ajuste Relacion' is clicked on

2022-02-23 15:48:20 - [TEST_STEP][PASSED] - click(findTestObject("Modulo Pruebas Planta de Personal/Ajuste_relación_(Encargos)/a_Aceptar")): Object: 'Object Repository/Modulo Pruebas Planta de Personal/Ajuste_relación_(Encargos)/a_Aceptar' is clicked on

2022-02-23 15:48:22 - [MESSAGE][PASSED] - Object: 'Object Repository/Modulo Pruebas Planta de Personal/Ajuste_relación_(Encargos)/a_Aceptar' is clicked on

2022-02-23 15:48:22 - [TEST_STEP][PASSED] - closeBrowser(): Browser is closed

2022-02-23 15:48:23 - [MESSAGE][PASSED] - Browser is closed]]></system-out>
         <system-err><![CDATA[]]></system-err>
      </testcase>
      <testcase name="Test Cases/12.1-Pruebas_Planta_Personal/12.1.5-Buscar_Empleado" time="19.402" classname="Test Cases/12.1-Pruebas_Planta_Personal/12.1.5-Buscar_Empleado" status="PASSED">
         <system-out><![CDATA[2022-02-23 15:48:23 - [TEST_CASE][PASSED] - Test Cases/12.1-Pruebas_Planta_Personal/12.1.5-Buscar_Empleado: Test Cases/12.1-Pruebas_Planta_Personal/12.1.5-Buscar_Empleado

2022-02-23 15:48:23 - [TEST_STEP][PASSED] - callTestCase(findTestCase("0.1-Login"), [:], STOP_ON_FAILURE): Call Test Case 'Test Cases/0.1-Login' successfully

2022-02-23 15:48:24 - [TEST_CASE][PASSED] - Test Cases/0.1-Login: Test Cases/0.1-Login

2022-02-23 15:48:24 - [TEST_STEP][PASSED] - openBrowser(""): Browser is opened with url: ''

2022-02-23 15:48:24 - [MESSAGE][INFO] - Starting 'Chrome' driver

2022-02-23 15:48:24 - [MESSAGE][INFO] - Action delay is set to 0 milliseconds

2022-02-23 15:48:25 - [MESSAGE][PASSED] - Browser is opened with url: ''

2022-02-23 15:48:25 - [TEST_STEP][PASSED] - maximizeWindow(): Current window maximized

2022-02-23 15:48:25 - [MESSAGE][PASSED] - Current window maximized

2022-02-23 15:48:25 - [TEST_STEP][PASSED] - i = G_Login: null

2022-02-23 15:48:25 - [TEST_STEP][PASSED] - url = new java.net.URL(i): null

2022-02-23 15:48:25 - [TEST_STEP][PASSED] - println("URL: " + url.toString()): null

2022-02-23 15:48:25 - [TEST_STEP][PASSED] - connection = url.openConnection(): null

2022-02-23 15:48:25 - [TEST_STEP][PASSED] - connection.setRequestMethod("GET"): null

2022-02-23 15:48:25 - [TEST_STEP][PASSED] - connection.setReadTimeout(2 * 1000): null

2022-02-23 15:48:25 - [TEST_STEP][PASSED] - try: null

2022-02-23 15:48:25 - [TEST_STEP][PASSED] - connection.connect(): null

2022-02-23 15:48:25 - [TEST_STEP][PASSED] - flag = connected: null

2022-02-23 15:48:25 - [TEST_STEP][PASSED] - println("Valor_ori: " + flag): null

2022-02-23 15:48:25 - [TEST_STEP][PASSED] - if (flag): null

2022-02-23 15:48:25 - [TEST_STEP][PASSED] - navigateToUrl(i): Navigate to 'http://192.168.2.80:8380/saraweb' successfully

2022-02-23 15:48:26 - [MESSAGE][PASSED] - Navigate to 'http://192.168.2.80:8380/saraweb' successfully

2022-02-23 15:48:26 - [TEST_STEP][PASSED] - a(): null

2022-02-23 15:48:26 - [TEST_STEP][PASSED] - setText(findTestObject("Login/input_USUARIO_loginusuario"), G_Usuario): Text 'saraadmin' is set on object 'Object Repository/Login/input_USUARIO_loginusuario'

2022-02-23 15:48:27 - [MESSAGE][PASSED] - Text 'saraadmin' is set on object 'Object Repository/Login/input_USUARIO_loginusuario'

2022-02-23 15:48:27 - [TEST_STEP][PASSED] - setEncryptedText(findTestObject("Login/input_CLAVE_loginpassword"), "MkG4/TYiCFC3cb2driP7+Q=="): Text ****** has been set on object 'Object Repository/Login/input_CLAVE_loginpassword'

2022-02-23 15:48:27 - [MESSAGE][PASSED] - Text ****** has been set on object 'Object Repository/Login/input_CLAVE_loginpassword'

2022-02-23 15:48:27 - [TEST_STEP][PASSED] - waitForElementClickable(findTestObject("Login/a_Ingresar"), G_TimeOut): Object 'Object Repository/Login/a_Ingresar' is clickable

2022-02-23 15:48:27 - [MESSAGE][PASSED] - Object 'Object Repository/Login/a_Ingresar' is clickable

2022-02-23 15:48:27 - [TEST_STEP][PASSED] - click(findTestObject("Login/a_Ingresar")): Object: 'Object Repository/Login/a_Ingresar' is clicked on

2022-02-23 15:48:30 - [MESSAGE][PASSED] - Object: 'Object Repository/Login/a_Ingresar' is clicked on

2022-02-23 15:48:30 - [TEST_STEP][PASSED] - element = findWebElement(findTestObject("Login/a_Ir"), 30): null

2022-02-23 15:48:30 - [TEST_STEP][PASSED] - executeJavaScript("arguments[0].click()", Arrays.asList(element)): Execute JavaScript 'arguments[0].click()' successfully

2022-02-23 15:48:30 - [MESSAGE][PASSED] - Execute JavaScript 'arguments[0].click()' successfully

2022-02-23 15:48:30 - [MESSAGE][PASSED] - Call Test Case 'Test Cases/0.1-Login' successfully

2022-02-23 15:48:30 - [TEST_STEP][PASSED] - setText(findTestObject("Modulo Pruebas Planta de Personal/Buscar_Empleado/input_Empresa 1_form_templatej_idt24_input"), "planta personal (tal)"): Text 'planta personal (tal)' is set on object 'Object Repository/Modulo Pruebas Planta de Personal/Buscar_Empleado/input_Empresa 1_form_templatej_idt24_input'

2022-02-23 15:48:31 - [MESSAGE][PASSED] - Text 'planta personal (tal)' is set on object 'Object Repository/Modulo Pruebas Planta de Personal/Buscar_Empleado/input_Empresa 1_form_templatej_idt24_input'

2022-02-23 15:48:31 - [TEST_STEP][PASSED] - click(findTestObject("Modulo Pruebas Planta de Personal/Buscar_Empleado/span_Planta Personal (ta")): Object: 'Object Repository/Modulo Pruebas Planta de Personal/Buscar_Empleado/span_Planta Personal (ta' is clicked on

2022-02-23 15:48:33 - [MESSAGE][PASSED] - Object: 'Object Repository/Modulo Pruebas Planta de Personal/Buscar_Empleado/span_Planta Personal (ta' is clicked on

2022-02-23 15:48:33 - [TEST_STEP][PASSED] - click(findTestObject("Modulo Pruebas Planta de Personal/Buscar_Empleado/a_Actos Administrativos_organigramabuscar")): Object: 'Object Repository/Modulo Pruebas Planta de Personal/Buscar_Empleado/a_Actos Administrativos_organigramabuscar' is clicked on

2022-02-23 15:48:34 - [MESSAGE][PASSED] - Object: 'Object Repository/Modulo Pruebas Planta de Personal/Buscar_Empleado/a_Actos Administrativos_organigramabuscar' is clicked on

2022-02-23 15:48:34 - [TEST_STEP][PASSED] - selectOptionByIndex(findTestObject("Modulo Pruebas Planta de Personal/Buscar_Empleado/select_--Seleccione--EmpleadoPuesto"), 1): All options with index in [1] are selected on object 'Object Repository/Modulo Pruebas Planta de Personal/Buscar_Empleado/select_--Seleccione--EmpleadoPuesto'

2022-02-23 15:48:35 - [MESSAGE][PASSED] - All options with index in [1] are selected on object 'Object Repository/Modulo Pruebas Planta de Personal/Buscar_Empleado/select_--Seleccione--EmpleadoPuesto'

2022-02-23 15:48:35 - [TEST_STEP][PASSED] - click(findTestObject("Modulo Pruebas Planta de Personal/Buscar_Empleado/a_Identificacin_popupBusquedaPlantaj_idt286")): Object: 'Object Repository/Modulo Pruebas Planta de Personal/Buscar_Empleado/a_Identificacin_popupBusquedaPlantaj_idt286' is clicked on

2022-02-23 15:48:36 - [MESSAGE][PASSED] - Object: 'Object Repository/Modulo Pruebas Planta de Personal/Buscar_Empleado/a_Identificacin_popupBusquedaPlantaj_idt286' is clicked on

2022-02-23 15:48:36 - [TEST_STEP][PASSED] - setText(findTestObject("Modulo Pruebas Planta de Personal/Buscar_Empleado/input_Filtro Hoja de Vida_formPopupHojaVidaj_idt1339"), "mendoza cabra empleado"): Text 'mendoza cabra empleado' is set on object 'Object Repository/Modulo Pruebas Planta de Personal/Buscar_Empleado/input_Filtro Hoja de Vida_formPopupHojaVidaj_idt1339'

2022-02-23 15:48:37 - [MESSAGE][PASSED] - Text 'mendoza cabra empleado' is set on object 'Object Repository/Modulo Pruebas Planta de Personal/Buscar_Empleado/input_Filtro Hoja de Vida_formPopupHojaVidaj_idt1339'

2022-02-23 15:48:37 - [TEST_STEP][PASSED] - sendKeys(findTestObject("Modulo Pruebas Planta de Personal/Buscar_Empleado/input_Filtro Hoja de Vida_formPopupHojaVidaj_idt1339"), Keys.chord(ENTER)): Keys 'ENTER + ' sent to object: 'Object Repository/Modulo Pruebas Planta de Personal/Buscar_Empleado/input_Filtro Hoja de Vida_formPopupHojaVidaj_idt1339'

2022-02-23 15:48:37 - [MESSAGE][PASSED] - Keys 'ENTER + ' sent to object: 'Object Repository/Modulo Pruebas Planta de Personal/Buscar_Empleado/input_Filtro Hoja de Vida_formPopupHojaVidaj_idt1339'

2022-02-23 15:48:37 - [TEST_STEP][PASSED] - click(findTestObject("Modulo Pruebas Planta de Personal/Buscar_Empleado/span_Mendoza Cabra Empleado")): Object: 'Object Repository/Modulo Pruebas Planta de Personal/Buscar_Empleado/span_Mendoza Cabra Empleado' is clicked on

2022-02-23 15:48:38 - [MESSAGE][PASSED] - Object: 'Object Repository/Modulo Pruebas Planta de Personal/Buscar_Empleado/span_Mendoza Cabra Empleado' is clicked on

2022-02-23 15:48:38 - [TEST_STEP][PASSED] - click(findTestObject("Modulo Pruebas Planta de Personal/Buscar_Empleado/span_65       - Asistente")): Object: 'Object Repository/Modulo Pruebas Planta de Personal/Buscar_Empleado/span_65       - Asistente' is clicked on

2022-02-23 15:48:39 - [MESSAGE][PASSED] - Object: 'Object Repository/Modulo Pruebas Planta de Personal/Buscar_Empleado/span_65       - Asistente' is clicked on

2022-02-23 15:48:39 - [TEST_STEP][PASSED] - scrollToElement(findTestObject("Modulo Pruebas Planta de Personal/Buscar_Empleado/a_1"), 0): Scroll to object 'Object Repository/Modulo Pruebas Planta de Personal/Buscar_Empleado/a_1' successfully

2022-02-23 15:48:39 - [MESSAGE][WARNING] - Timeout '0' is invalid. Using default page load timeout: '30'

2022-02-23 15:48:42 - [MESSAGE][PASSED] - Scroll to object 'Object Repository/Modulo Pruebas Planta de Personal/Buscar_Empleado/a_1' successfully

2022-02-23 15:48:42 - [TEST_STEP][PASSED] - closeBrowser(): Browser is closed

2022-02-23 15:48:42 - [MESSAGE][PASSED] - Browser is closed]]></system-out>
         <system-err><![CDATA[]]></system-err>
      </testcase>
      <testcase name="Test Cases/12.1-Pruebas_Planta_Personal/12.1.6-Buscar_puesto_de_trabajo" time="24.333" classname="Test Cases/12.1-Pruebas_Planta_Personal/12.1.6-Buscar_puesto_de_trabajo" status="PASSED">
         <system-out><![CDATA[2022-02-23 15:48:42 - [TEST_CASE][PASSED] - Test Cases/12.1-Pruebas_Planta_Personal/12.1.6-Buscar_puesto_de_trabajo: Test Cases/12.1-Pruebas_Planta_Personal/12.1.6-Buscar_puesto_de_trabajo

2022-02-23 15:48:43 - [TEST_STEP][PASSED] - callTestCase(findTestCase("0.1-Login"), [:], STOP_ON_FAILURE): Call Test Case 'Test Cases/0.1-Login' successfully

2022-02-23 15:48:43 - [TEST_CASE][PASSED] - Test Cases/0.1-Login: Test Cases/0.1-Login

2022-02-23 15:48:43 - [TEST_STEP][PASSED] - openBrowser(""): Browser is opened with url: ''

2022-02-23 15:48:43 - [MESSAGE][INFO] - Starting 'Chrome' driver

2022-02-23 15:48:43 - [MESSAGE][INFO] - Action delay is set to 0 milliseconds

2022-02-23 15:48:45 - [MESSAGE][PASSED] - Browser is opened with url: ''

2022-02-23 15:48:45 - [TEST_STEP][PASSED] - maximizeWindow(): Current window maximized

2022-02-23 15:48:45 - [MESSAGE][PASSED] - Current window maximized

2022-02-23 15:48:45 - [TEST_STEP][PASSED] - i = G_Login: null

2022-02-23 15:48:45 - [TEST_STEP][PASSED] - url = new java.net.URL(i): null

2022-02-23 15:48:45 - [TEST_STEP][PASSED] - println("URL: " + url.toString()): null

2022-02-23 15:48:45 - [TEST_STEP][PASSED] - connection = url.openConnection(): null

2022-02-23 15:48:45 - [TEST_STEP][PASSED] - connection.setRequestMethod("GET"): null

2022-02-23 15:48:45 - [TEST_STEP][PASSED] - connection.setReadTimeout(2 * 1000): null

2022-02-23 15:48:45 - [TEST_STEP][PASSED] - try: null

2022-02-23 15:48:45 - [TEST_STEP][PASSED] - connection.connect(): null

2022-02-23 15:48:45 - [TEST_STEP][PASSED] - flag = connected: null

2022-02-23 15:48:45 - [TEST_STEP][PASSED] - println("Valor_ori: " + flag): null

2022-02-23 15:48:45 - [TEST_STEP][PASSED] - if (flag): null

2022-02-23 15:48:45 - [TEST_STEP][PASSED] - navigateToUrl(i): Navigate to 'http://192.168.2.80:8380/saraweb' successfully

2022-02-23 15:48:50 - [MESSAGE][PASSED] - Navigate to 'http://192.168.2.80:8380/saraweb' successfully

2022-02-23 15:48:50 - [TEST_STEP][PASSED] - a(): null

2022-02-23 15:48:50 - [TEST_STEP][PASSED] - setText(findTestObject("Login/input_USUARIO_loginusuario"), G_Usuario): Text 'saraadmin' is set on object 'Object Repository/Login/input_USUARIO_loginusuario'

2022-02-23 15:48:50 - [MESSAGE][PASSED] - Text 'saraadmin' is set on object 'Object Repository/Login/input_USUARIO_loginusuario'

2022-02-23 15:48:50 - [TEST_STEP][PASSED] - setEncryptedText(findTestObject("Login/input_CLAVE_loginpassword"), "MkG4/TYiCFC3cb2driP7+Q=="): Text ****** has been set on object 'Object Repository/Login/input_CLAVE_loginpassword'

2022-02-23 15:48:51 - [MESSAGE][PASSED] - Text ****** has been set on object 'Object Repository/Login/input_CLAVE_loginpassword'

2022-02-23 15:48:51 - [TEST_STEP][PASSED] - waitForElementClickable(findTestObject("Login/a_Ingresar"), G_TimeOut): Object 'Object Repository/Login/a_Ingresar' is clickable

2022-02-23 15:48:51 - [MESSAGE][PASSED] - Object 'Object Repository/Login/a_Ingresar' is clickable

2022-02-23 15:48:51 - [TEST_STEP][PASSED] - click(findTestObject("Login/a_Ingresar")): Object: 'Object Repository/Login/a_Ingresar' is clicked on

2022-02-23 15:48:53 - [MESSAGE][PASSED] - Object: 'Object Repository/Login/a_Ingresar' is clicked on

2022-02-23 15:48:53 - [TEST_STEP][PASSED] - element = findWebElement(findTestObject("Login/a_Ir"), 30): null

2022-02-23 15:48:54 - [TEST_STEP][PASSED] - executeJavaScript("arguments[0].click()", Arrays.asList(element)): Execute JavaScript 'arguments[0].click()' successfully

2022-02-23 15:48:54 - [MESSAGE][PASSED] - Execute JavaScript 'arguments[0].click()' successfully

2022-02-23 15:48:54 - [MESSAGE][PASSED] - Call Test Case 'Test Cases/0.1-Login' successfully

2022-02-23 15:48:54 - [TEST_STEP][PASSED] - setText(findTestObject("input_Empresa 1_form_templatej_idt24_input"), "planta personal (tal)"): Text 'planta personal (tal)' is set on object 'Object Repository/input_Empresa 1_form_templatej_idt24_input'

2022-02-23 15:48:55 - [MESSAGE][PASSED] - Text 'planta personal (tal)' is set on object 'Object Repository/input_Empresa 1_form_templatej_idt24_input'

2022-02-23 15:48:55 - [TEST_STEP][PASSED] - click(findTestObject("Modulo Pruebas Planta de Personal/Buscar_puesto_de_trabajo/span_Planta Personal (ta")): Object: 'Object Repository/Modulo Pruebas Planta de Personal/Buscar_puesto_de_trabajo/span_Planta Personal (ta' is clicked on

2022-02-23 15:48:57 - [MESSAGE][PASSED] - Object: 'Object Repository/Modulo Pruebas Planta de Personal/Buscar_puesto_de_trabajo/span_Planta Personal (ta' is clicked on

2022-02-23 15:48:57 - [TEST_STEP][PASSED] - click(findTestObject("Modulo Pruebas Planta de Personal/Buscar_puesto_de_trabajo/a_Actos Administrativos_organigramabuscar")): Object: 'Object Repository/Modulo Pruebas Planta de Personal/Buscar_puesto_de_trabajo/a_Actos Administrativos_organigramabuscar' is clicked on

2022-02-23 15:48:58 - [MESSAGE][PASSED] - Object: 'Object Repository/Modulo Pruebas Planta de Personal/Buscar_puesto_de_trabajo/a_Actos Administrativos_organigramabuscar' is clicked on

2022-02-23 15:48:58 - [TEST_STEP][PASSED] - selectOptionByIndex(findTestObject("Modulo Pruebas Planta de Personal/Buscar_puesto_de_trabajo/select_--Seleccione--EmpleadoPuesto"), 2): All options with index in [2] are selected on object 'Object Repository/Modulo Pruebas Planta de Personal/Buscar_puesto_de_trabajo/select_--Seleccione--EmpleadoPuesto'

2022-02-23 15:48:59 - [MESSAGE][PASSED] - All options with index in [2] are selected on object 'Object Repository/Modulo Pruebas Planta de Personal/Buscar_puesto_de_trabajo/select_--Seleccione--EmpleadoPuesto'

2022-02-23 15:48:59 - [TEST_STEP][PASSED] - click(findTestObject("Modulo Pruebas Planta de Personal/Buscar_puesto_de_trabajo/a_Cargo_popupBusquedaPlantaj_idt279")): Object: 'Object Repository/Modulo Pruebas Planta de Personal/Buscar_puesto_de_trabajo/a_Cargo_popupBusquedaPlantaj_idt279' is clicked on

2022-02-23 15:49:00 - [MESSAGE][PASSED] - Object: 'Object Repository/Modulo Pruebas Planta de Personal/Buscar_puesto_de_trabajo/a_Cargo_popupBusquedaPlantaj_idt279' is clicked on

2022-02-23 15:49:00 - [TEST_STEP][PASSED] - click(findTestObject("Modulo Pruebas Planta de Personal/Buscar_puesto_de_trabajo/a_Unidad Organizacional_popupBusquedaPlantaj_idt274")): Object: 'Object Repository/Modulo Pruebas Planta de Personal/Buscar_puesto_de_trabajo/a_Unidad Organizacional_popupBusquedaPlantaj_idt274' is clicked on

2022-02-23 15:49:00 - [MESSAGE][PASSED] - Object: 'Object Repository/Modulo Pruebas Planta de Personal/Buscar_puesto_de_trabajo/a_Unidad Organizacional_popupBusquedaPlantaj_idt274' is clicked on

2022-02-23 15:49:00 - [TEST_STEP][PASSED] - setText(findTestObject("Modulo Pruebas Planta de Personal/Buscar_puesto_de_trabajo/input_Unidad_form_popupUnidadUsuarioj_idt880"), "administracion"): Text 'administracion' is set on object 'Object Repository/Modulo Pruebas Planta de Personal/Buscar_puesto_de_trabajo/input_Unidad_form_popupUnidadUsuarioj_idt880'

2022-02-23 15:49:01 - [MESSAGE][PASSED] - Text 'administracion' is set on object 'Object Repository/Modulo Pruebas Planta de Personal/Buscar_puesto_de_trabajo/input_Unidad_form_popupUnidadUsuarioj_idt880'

2022-02-23 15:49:01 - [TEST_STEP][PASSED] - sendKeys(findTestObject("Modulo Pruebas Planta de Personal/Buscar_puesto_de_trabajo/input_Unidad_form_popupUnidadUsuarioj_idt880"), Keys.chord(ENTER)): Keys 'ENTER + ' sent to object: 'Object Repository/Modulo Pruebas Planta de Personal/Buscar_puesto_de_trabajo/input_Unidad_form_popupUnidadUsuarioj_idt880'

2022-02-23 15:49:02 - [MESSAGE][PASSED] - Keys 'ENTER + ' sent to object: 'Object Repository/Modulo Pruebas Planta de Personal/Buscar_puesto_de_trabajo/input_Unidad_form_popupUnidadUsuarioj_idt880'

2022-02-23 15:49:02 - [TEST_STEP][PASSED] - click(findTestObject("Modulo Pruebas Planta de Personal/Buscar_puesto_de_trabajo/span_ADMINISTRACION")): Object: 'Object Repository/Modulo Pruebas Planta de Personal/Buscar_puesto_de_trabajo/span_ADMINISTRACION' is clicked on

2022-02-23 15:49:02 - [MESSAGE][PASSED] - Object: 'Object Repository/Modulo Pruebas Planta de Personal/Buscar_puesto_de_trabajo/span_ADMINISTRACION' is clicked on

2022-02-23 15:49:02 - [TEST_STEP][PASSED] - click(findTestObject("Modulo Pruebas Planta de Personal/Buscar_puesto_de_trabajo/a_Cargo_popupBusquedaPlantaj_idt2790")): Object: 'Object Repository/Modulo Pruebas Planta de Personal/Buscar_puesto_de_trabajo/a_Cargo_popupBusquedaPlantaj_idt2790' is clicked on

2022-02-23 15:49:03 - [MESSAGE][PASSED] - Object: 'Object Repository/Modulo Pruebas Planta de Personal/Buscar_puesto_de_trabajo/a_Cargo_popupBusquedaPlantaj_idt2790' is clicked on

2022-02-23 15:49:03 - [TEST_STEP][PASSED] - click(findTestObject("Modulo Pruebas Planta de Personal/Buscar_puesto_de_trabajo/span_ABOGADO")): Object: 'Object Repository/Modulo Pruebas Planta de Personal/Buscar_puesto_de_trabajo/span_ABOGADO' is clicked on

2022-02-23 15:49:04 - [MESSAGE][PASSED] - Object: 'Object Repository/Modulo Pruebas Planta de Personal/Buscar_puesto_de_trabajo/span_ABOGADO' is clicked on

2022-02-23 15:49:04 - [TEST_STEP][PASSED] - click(findTestObject("Modulo Pruebas Planta de Personal/Buscar_puesto_de_trabajo/span_20139    - Abogado")): Object: 'Object Repository/Modulo Pruebas Planta de Personal/Buscar_puesto_de_trabajo/span_20139    - Abogado' is clicked on

2022-02-23 15:49:06 - [MESSAGE][PASSED] - Object: 'Object Repository/Modulo Pruebas Planta de Personal/Buscar_puesto_de_trabajo/span_20139    - Abogado' is clicked on

2022-02-23 15:49:06 - [TEST_STEP][PASSED] - scrollToElement(findTestObject("Modulo Pruebas Planta de Personal/Buscar_puesto_de_trabajo/span_10308"), 0): Scroll to object 'Object Repository/Modulo Pruebas Planta de Personal/Buscar_puesto_de_trabajo/span_10308' successfully

2022-02-23 15:49:06 - [MESSAGE][WARNING] - Timeout '0' is invalid. Using default page load timeout: '30'

2022-02-23 15:49:07 - [MESSAGE][PASSED] - Scroll to object 'Object Repository/Modulo Pruebas Planta de Personal/Buscar_puesto_de_trabajo/span_10308' successfully]]></system-out>
         <system-err><![CDATA[]]></system-err>
      </testcase>
      <testcase name="Test Cases/12.1-Pruebas_Planta_Personal/12.1.7-Consultar_posición__nómina" time="26.425" classname="Test Cases/12.1-Pruebas_Planta_Personal/12.1.7-Consultar_posición__nómina" status="PASSED">
         <system-out><![CDATA[2022-02-23 15:49:07 - [TEST_CASE][PASSED] - Test Cases/12.1-Pruebas_Planta_Personal/12.1.7-Consultar_posición__nómina: Test Cases/12.1-Pruebas_Planta_Personal/12.1.7-Consultar_posición__nómina

2022-02-23 15:49:07 - [TEST_STEP][PASSED] - callTestCase(findTestCase("12.1-Pruebas_Planta_Personal/12.1.6-Buscar_puesto_de_trabajo"), [:], STOP_ON_FAILURE): Call Test Case 'Test Cases/12.1-Pruebas_Planta_Personal/12.1.6-Buscar_puesto_de_trabajo' successfully

2022-02-23 15:49:07 - [TEST_CASE][PASSED] - Test Cases/12.1-Pruebas_Planta_Personal/12.1.6-Buscar_puesto_de_trabajo: Test Cases/12.1-Pruebas_Planta_Personal/12.1.6-Buscar_puesto_de_trabajo

2022-02-23 15:49:07 - [TEST_STEP][PASSED] - callTestCase(findTestCase("0.1-Login"), [:], STOP_ON_FAILURE): Call Test Case 'Test Cases/0.1-Login' successfully

2022-02-23 15:49:07 - [TEST_CASE][PASSED] - Test Cases/0.1-Login: Test Cases/0.1-Login

2022-02-23 15:49:07 - [TEST_STEP][PASSED] - openBrowser(""): Browser is opened with url: ''

2022-02-23 15:49:07 - [MESSAGE][WARNING] - A browser is already opened. Closing browser and opening a new one

2022-02-23 15:49:08 - [MESSAGE][INFO] - Starting 'Chrome' driver

2022-02-23 15:49:08 - [MESSAGE][INFO] - Action delay is set to 0 milliseconds

2022-02-23 15:49:09 - [MESSAGE][PASSED] - Browser is opened with url: ''

2022-02-23 15:49:09 - [TEST_STEP][PASSED] - maximizeWindow(): Current window maximized

2022-02-23 15:49:09 - [MESSAGE][PASSED] - Current window maximized

2022-02-23 15:49:09 - [TEST_STEP][PASSED] - i = G_Login: null

2022-02-23 15:49:09 - [TEST_STEP][PASSED] - url = new java.net.URL(i): null

2022-02-23 15:49:09 - [TEST_STEP][PASSED] - println("URL: " + url.toString()): null

2022-02-23 15:49:09 - [TEST_STEP][PASSED] - connection = url.openConnection(): null

2022-02-23 15:49:09 - [TEST_STEP][PASSED] - connection.setRequestMethod("GET"): null

2022-02-23 15:49:09 - [TEST_STEP][PASSED] - connection.setReadTimeout(2 * 1000): null

2022-02-23 15:49:09 - [TEST_STEP][PASSED] - try: null

2022-02-23 15:49:09 - [TEST_STEP][PASSED] - connection.connect(): null

2022-02-23 15:49:09 - [TEST_STEP][PASSED] - flag = connected: null

2022-02-23 15:49:09 - [TEST_STEP][PASSED] - println("Valor_ori: " + flag): null

2022-02-23 15:49:09 - [TEST_STEP][PASSED] - if (flag): null

2022-02-23 15:49:09 - [TEST_STEP][PASSED] - navigateToUrl(i): Navigate to 'http://192.168.2.80:8380/saraweb' successfully

2022-02-23 15:49:10 - [MESSAGE][PASSED] - Navigate to 'http://192.168.2.80:8380/saraweb' successfully

2022-02-23 15:49:10 - [TEST_STEP][PASSED] - a(): null

2022-02-23 15:49:10 - [TEST_STEP][PASSED] - setText(findTestObject("Login/input_USUARIO_loginusuario"), G_Usuario): Text 'saraadmin' is set on object 'Object Repository/Login/input_USUARIO_loginusuario'

2022-02-23 15:49:11 - [MESSAGE][PASSED] - Text 'saraadmin' is set on object 'Object Repository/Login/input_USUARIO_loginusuario'

2022-02-23 15:49:11 - [TEST_STEP][PASSED] - setEncryptedText(findTestObject("Login/input_CLAVE_loginpassword"), "MkG4/TYiCFC3cb2driP7+Q=="): Text ****** has been set on object 'Object Repository/Login/input_CLAVE_loginpassword'

2022-02-23 15:49:11 - [MESSAGE][PASSED] - Text ****** has been set on object 'Object Repository/Login/input_CLAVE_loginpassword'

2022-02-23 15:49:11 - [TEST_STEP][PASSED] - waitForElementClickable(findTestObject("Login/a_Ingresar"), G_TimeOut): Object 'Object Repository/Login/a_Ingresar' is clickable

2022-02-23 15:49:11 - [MESSAGE][PASSED] - Object 'Object Repository/Login/a_Ingresar' is clickable

2022-02-23 15:49:11 - [TEST_STEP][PASSED] - click(findTestObject("Login/a_Ingresar")): Object: 'Object Repository/Login/a_Ingresar' is clicked on

2022-02-23 15:49:14 - [MESSAGE][PASSED] - Object: 'Object Repository/Login/a_Ingresar' is clicked on

2022-02-23 15:49:14 - [TEST_STEP][PASSED] - element = findWebElement(findTestObject("Login/a_Ir"), 30): null

2022-02-23 15:49:14 - [TEST_STEP][PASSED] - executeJavaScript("arguments[0].click()", Arrays.asList(element)): Execute JavaScript 'arguments[0].click()' successfully

2022-02-23 15:49:14 - [MESSAGE][PASSED] - Execute JavaScript 'arguments[0].click()' successfully

2022-02-23 15:49:14 - [MESSAGE][PASSED] - Call Test Case 'Test Cases/0.1-Login' successfully

2022-02-23 15:49:14 - [TEST_STEP][PASSED] - setText(findTestObject("input_Empresa 1_form_templatej_idt24_input"), "planta personal (tal)"): Text 'planta personal (tal)' is set on object 'Object Repository/input_Empresa 1_form_templatej_idt24_input'

2022-02-23 15:49:15 - [MESSAGE][PASSED] - Text 'planta personal (tal)' is set on object 'Object Repository/input_Empresa 1_form_templatej_idt24_input'

2022-02-23 15:49:15 - [TEST_STEP][PASSED] - click(findTestObject("Modulo Pruebas Planta de Personal/Buscar_puesto_de_trabajo/span_Planta Personal (ta")): Object: 'Object Repository/Modulo Pruebas Planta de Personal/Buscar_puesto_de_trabajo/span_Planta Personal (ta' is clicked on

2022-02-23 15:49:17 - [MESSAGE][PASSED] - Object: 'Object Repository/Modulo Pruebas Planta de Personal/Buscar_puesto_de_trabajo/span_Planta Personal (ta' is clicked on

2022-02-23 15:49:17 - [TEST_STEP][PASSED] - click(findTestObject("Modulo Pruebas Planta de Personal/Buscar_puesto_de_trabajo/a_Actos Administrativos_organigramabuscar")): Object: 'Object Repository/Modulo Pruebas Planta de Personal/Buscar_puesto_de_trabajo/a_Actos Administrativos_organigramabuscar' is clicked on

2022-02-23 15:49:18 - [MESSAGE][PASSED] - Object: 'Object Repository/Modulo Pruebas Planta de Personal/Buscar_puesto_de_trabajo/a_Actos Administrativos_organigramabuscar' is clicked on

2022-02-23 15:49:18 - [TEST_STEP][PASSED] - selectOptionByIndex(findTestObject("Modulo Pruebas Planta de Personal/Buscar_puesto_de_trabajo/select_--Seleccione--EmpleadoPuesto"), 2): All options with index in [2] are selected on object 'Object Repository/Modulo Pruebas Planta de Personal/Buscar_puesto_de_trabajo/select_--Seleccione--EmpleadoPuesto'

2022-02-23 15:49:19 - [MESSAGE][PASSED] - All options with index in [2] are selected on object 'Object Repository/Modulo Pruebas Planta de Personal/Buscar_puesto_de_trabajo/select_--Seleccione--EmpleadoPuesto'

2022-02-23 15:49:19 - [TEST_STEP][PASSED] - click(findTestObject("Modulo Pruebas Planta de Personal/Buscar_puesto_de_trabajo/a_Cargo_popupBusquedaPlantaj_idt279")): Object: 'Object Repository/Modulo Pruebas Planta de Personal/Buscar_puesto_de_trabajo/a_Cargo_popupBusquedaPlantaj_idt279' is clicked on

2022-02-23 15:49:20 - [MESSAGE][PASSED] - Object: 'Object Repository/Modulo Pruebas Planta de Personal/Buscar_puesto_de_trabajo/a_Cargo_popupBusquedaPlantaj_idt279' is clicked on

2022-02-23 15:49:20 - [TEST_STEP][PASSED] - click(findTestObject("Modulo Pruebas Planta de Personal/Buscar_puesto_de_trabajo/a_Unidad Organizacional_popupBusquedaPlantaj_idt274")): Object: 'Object Repository/Modulo Pruebas Planta de Personal/Buscar_puesto_de_trabajo/a_Unidad Organizacional_popupBusquedaPlantaj_idt274' is clicked on

2022-02-23 15:49:20 - [MESSAGE][PASSED] - Object: 'Object Repository/Modulo Pruebas Planta de Personal/Buscar_puesto_de_trabajo/a_Unidad Organizacional_popupBusquedaPlantaj_idt274' is clicked on

2022-02-23 15:49:20 - [TEST_STEP][PASSED] - setText(findTestObject("Modulo Pruebas Planta de Personal/Buscar_puesto_de_trabajo/input_Unidad_form_popupUnidadUsuarioj_idt880"), "administracion"): Text 'administracion' is set on object 'Object Repository/Modulo Pruebas Planta de Personal/Buscar_puesto_de_trabajo/input_Unidad_form_popupUnidadUsuarioj_idt880'

2022-02-23 15:49:21 - [MESSAGE][PASSED] - Text 'administracion' is set on object 'Object Repository/Modulo Pruebas Planta de Personal/Buscar_puesto_de_trabajo/input_Unidad_form_popupUnidadUsuarioj_idt880'

2022-02-23 15:49:21 - [TEST_STEP][PASSED] - sendKeys(findTestObject("Modulo Pruebas Planta de Personal/Buscar_puesto_de_trabajo/input_Unidad_form_popupUnidadUsuarioj_idt880"), Keys.chord(ENTER)): Keys 'ENTER + ' sent to object: 'Object Repository/Modulo Pruebas Planta de Personal/Buscar_puesto_de_trabajo/input_Unidad_form_popupUnidadUsuarioj_idt880'

2022-02-23 15:49:22 - [MESSAGE][PASSED] - Keys 'ENTER + ' sent to object: 'Object Repository/Modulo Pruebas Planta de Personal/Buscar_puesto_de_trabajo/input_Unidad_form_popupUnidadUsuarioj_idt880'

2022-02-23 15:49:22 - [TEST_STEP][PASSED] - click(findTestObject("Modulo Pruebas Planta de Personal/Buscar_puesto_de_trabajo/span_ADMINISTRACION")): Object: 'Object Repository/Modulo Pruebas Planta de Personal/Buscar_puesto_de_trabajo/span_ADMINISTRACION' is clicked on

2022-02-23 15:49:22 - [MESSAGE][PASSED] - Object: 'Object Repository/Modulo Pruebas Planta de Personal/Buscar_puesto_de_trabajo/span_ADMINISTRACION' is clicked on

2022-02-23 15:49:22 - [TEST_STEP][PASSED] - click(findTestObject("Modulo Pruebas Planta de Personal/Buscar_puesto_de_trabajo/a_Cargo_popupBusquedaPlantaj_idt2790")): Object: 'Object Repository/Modulo Pruebas Planta de Personal/Buscar_puesto_de_trabajo/a_Cargo_popupBusquedaPlantaj_idt2790' is clicked on

2022-02-23 15:49:23 - [MESSAGE][PASSED] - Object: 'Object Repository/Modulo Pruebas Planta de Personal/Buscar_puesto_de_trabajo/a_Cargo_popupBusquedaPlantaj_idt2790' is clicked on

2022-02-23 15:49:23 - [TEST_STEP][PASSED] - click(findTestObject("Modulo Pruebas Planta de Personal/Buscar_puesto_de_trabajo/span_ABOGADO")): Object: 'Object Repository/Modulo Pruebas Planta de Personal/Buscar_puesto_de_trabajo/span_ABOGADO' is clicked on

2022-02-23 15:49:24 - [MESSAGE][PASSED] - Object: 'Object Repository/Modulo Pruebas Planta de Personal/Buscar_puesto_de_trabajo/span_ABOGADO' is clicked on

2022-02-23 15:49:24 - [TEST_STEP][PASSED] - click(findTestObject("Modulo Pruebas Planta de Personal/Buscar_puesto_de_trabajo/span_20139    - Abogado")): Object: 'Object Repository/Modulo Pruebas Planta de Personal/Buscar_puesto_de_trabajo/span_20139    - Abogado' is clicked on

2022-02-23 15:49:25 - [MESSAGE][PASSED] - Object: 'Object Repository/Modulo Pruebas Planta de Personal/Buscar_puesto_de_trabajo/span_20139    - Abogado' is clicked on

2022-02-23 15:49:25 - [TEST_STEP][PASSED] - scrollToElement(findTestObject("Modulo Pruebas Planta de Personal/Buscar_puesto_de_trabajo/span_10308"), 0): Scroll to object 'Object Repository/Modulo Pruebas Planta de Personal/Buscar_puesto_de_trabajo/span_10308' successfully

2022-02-23 15:49:25 - [MESSAGE][WARNING] - Timeout '0' is invalid. Using default page load timeout: '30'

2022-02-23 15:49:26 - [MESSAGE][PASSED] - Scroll to object 'Object Repository/Modulo Pruebas Planta de Personal/Buscar_puesto_de_trabajo/span_10308' successfully

2022-02-23 15:49:26 - [MESSAGE][PASSED] - Call Test Case 'Test Cases/12.1-Pruebas_Planta_Personal/12.1.6-Buscar_puesto_de_trabajo' successfully

2022-02-23 15:49:26 - [TEST_STEP][PASSED] - click(findTestObject("Modulo Pruebas Planta de Personal/Consultar_posición__nómina/span_Salgado . Paula")): Object: 'Object Repository/Modulo Pruebas Planta de Personal/Consultar_posición__nómina/span_Salgado . Paula' is clicked on

2022-02-23 15:49:27 - [MESSAGE][PASSED] - Object: 'Object Repository/Modulo Pruebas Planta de Personal/Consultar_posición__nómina/span_Salgado . Paula' is clicked on

2022-02-23 15:49:27 - [TEST_STEP][PASSED] - scrollToElement(findTestObject("Modulo Pruebas Planta de Personal/Consultar_posición__nómina/div_Salgado . Paula 40 Mil Staff"), 0): Scroll to object 'Object Repository/Modulo Pruebas Planta de Personal/Consultar_posición__nómina/div_Salgado . Paula 40 Mil Staff' successfully

2022-02-23 15:49:27 - [MESSAGE][WARNING] - Timeout '0' is invalid. Using default page load timeout: '30'

2022-02-23 15:49:28 - [MESSAGE][PASSED] - Scroll to object 'Object Repository/Modulo Pruebas Planta de Personal/Consultar_posición__nómina/div_Salgado . Paula 40 Mil Staff' successfully

2022-02-23 15:49:28 - [TEST_STEP][PASSED] - click(findTestObject("Modulo Pruebas Planta de Personal/Consultar_posición__nómina/a_Salgado . Paula_organigramaj_idt113")): Object: 'Object Repository/Modulo Pruebas Planta de Personal/Consultar_posición__nómina/a_Salgado . Paula_organigramaj_idt113' is clicked on

2022-02-23 15:49:28 - [MESSAGE][PASSED] - Object: 'Object Repository/Modulo Pruebas Planta de Personal/Consultar_posición__nómina/a_Salgado . Paula_organigramaj_idt113' is clicked on

2022-02-23 15:49:28 - [TEST_STEP][PASSED] - scrollToElement(findTestObject("Modulo Pruebas Planta de Personal/Consultar_posición__nómina/span_Actualizar"), 0): Scroll to object 'Object Repository/Modulo Pruebas Planta de Personal/Consultar_posición__nómina/span_Actualizar' successfully

2022-02-23 15:49:28 - [MESSAGE][WARNING] - Timeout '0' is invalid. Using default page load timeout: '30'

2022-02-23 15:49:30 - [MESSAGE][PASSED] - Scroll to object 'Object Repository/Modulo Pruebas Planta de Personal/Consultar_posición__nómina/span_Actualizar' successfully

2022-02-23 15:49:30 - [TEST_STEP][PASSED] - delay(2): Delayed 2 second(s)

2022-02-23 15:49:32 - [MESSAGE][PASSED] - Delayed 2 second(s)

2022-02-23 15:49:32 - [TEST_STEP][PASSED] - closeBrowser(): Browser is closed

2022-02-23 15:49:33 - [MESSAGE][PASSED] - Browser is closed]]></system-out>
         <system-err><![CDATA[]]></system-err>
      </testcase>
      <testcase name="Test Cases/12.1-Pruebas_Planta_Personal/12.1.8-Solicitar_requerimiento" time="21.653" classname="Test Cases/12.1-Pruebas_Planta_Personal/12.1.8-Solicitar_requerimiento" status="PASSED">
         <system-out><![CDATA[2022-02-23 15:49:33 - [TEST_CASE][PASSED] - Test Cases/12.1-Pruebas_Planta_Personal/12.1.8-Solicitar_requerimiento: Test Cases/12.1-Pruebas_Planta_Personal/12.1.8-Solicitar_requerimiento

2022-02-23 15:49:34 - [TEST_STEP][PASSED] - callTestCase(findTestCase("12.1-Pruebas_Planta_Personal/12.1.6-Buscar_puesto_de_trabajo"), [:], STOP_ON_FAILURE): Call Test Case 'Test Cases/12.1-Pruebas_Planta_Personal/12.1.6-Buscar_puesto_de_trabajo' successfully

2022-02-23 15:49:34 - [TEST_CASE][PASSED] - Test Cases/12.1-Pruebas_Planta_Personal/12.1.6-Buscar_puesto_de_trabajo: Test Cases/12.1-Pruebas_Planta_Personal/12.1.6-Buscar_puesto_de_trabajo

2022-02-23 15:49:34 - [TEST_STEP][PASSED] - callTestCase(findTestCase("0.1-Login"), [:], STOP_ON_FAILURE): Call Test Case 'Test Cases/0.1-Login' successfully

2022-02-23 15:49:34 - [TEST_CASE][PASSED] - Test Cases/0.1-Login: Test Cases/0.1-Login

2022-02-23 15:49:34 - [TEST_STEP][PASSED] - openBrowser(""): Browser is opened with url: ''

2022-02-23 15:49:34 - [MESSAGE][INFO] - Starting 'Chrome' driver

2022-02-23 15:49:34 - [MESSAGE][INFO] - Action delay is set to 0 milliseconds

2022-02-23 15:49:35 - [MESSAGE][PASSED] - Browser is opened with url: ''

2022-02-23 15:49:35 - [TEST_STEP][PASSED] - maximizeWindow(): Current window maximized

2022-02-23 15:49:35 - [MESSAGE][PASSED] - Current window maximized

2022-02-23 15:49:35 - [TEST_STEP][PASSED] - i = G_Login: null

2022-02-23 15:49:35 - [TEST_STEP][PASSED] - url = new java.net.URL(i): null

2022-02-23 15:49:35 - [TEST_STEP][PASSED] - println("URL: " + url.toString()): null

2022-02-23 15:49:35 - [TEST_STEP][PASSED] - connection = url.openConnection(): null

2022-02-23 15:49:35 - [TEST_STEP][PASSED] - connection.setRequestMethod("GET"): null

2022-02-23 15:49:35 - [TEST_STEP][PASSED] - connection.setReadTimeout(2 * 1000): null

2022-02-23 15:49:35 - [TEST_STEP][PASSED] - try: null

2022-02-23 15:49:35 - [TEST_STEP][PASSED] - connection.connect(): null

2022-02-23 15:49:35 - [TEST_STEP][PASSED] - flag = connected: null

2022-02-23 15:49:35 - [TEST_STEP][PASSED] - println("Valor_ori: " + flag): null

2022-02-23 15:49:35 - [TEST_STEP][PASSED] - if (flag): null

2022-02-23 15:49:35 - [TEST_STEP][PASSED] - navigateToUrl(i): Navigate to 'http://192.168.2.80:8380/saraweb' successfully

2022-02-23 15:49:35 - [MESSAGE][PASSED] - Navigate to 'http://192.168.2.80:8380/saraweb' successfully

2022-02-23 15:49:35 - [TEST_STEP][PASSED] - a(): null

2022-02-23 15:49:35 - [TEST_STEP][PASSED] - setText(findTestObject("Login/input_USUARIO_loginusuario"), G_Usuario): Text 'saraadmin' is set on object 'Object Repository/Login/input_USUARIO_loginusuario'

2022-02-23 15:49:36 - [MESSAGE][PASSED] - Text 'saraadmin' is set on object 'Object Repository/Login/input_USUARIO_loginusuario'

2022-02-23 15:49:36 - [TEST_STEP][PASSED] - setEncryptedText(findTestObject("Login/input_CLAVE_loginpassword"), "MkG4/TYiCFC3cb2driP7+Q=="): Text ****** has been set on object 'Object Repository/Login/input_CLAVE_loginpassword'

2022-02-23 15:49:37 - [MESSAGE][PASSED] - Text ****** has been set on object 'Object Repository/Login/input_CLAVE_loginpassword'

2022-02-23 15:49:37 - [TEST_STEP][PASSED] - waitForElementClickable(findTestObject("Login/a_Ingresar"), G_TimeOut): Object 'Object Repository/Login/a_Ingresar' is clickable

2022-02-23 15:49:37 - [MESSAGE][PASSED] - Object 'Object Repository/Login/a_Ingresar' is clickable

2022-02-23 15:49:37 - [TEST_STEP][PASSED] - click(findTestObject("Login/a_Ingresar")): Object: 'Object Repository/Login/a_Ingresar' is clicked on

2022-02-23 15:49:39 - [MESSAGE][PASSED] - Object: 'Object Repository/Login/a_Ingresar' is clicked on

2022-02-23 15:49:39 - [TEST_STEP][PASSED] - element = findWebElement(findTestObject("Login/a_Ir"), 30): null

2022-02-23 15:49:39 - [TEST_STEP][PASSED] - executeJavaScript("arguments[0].click()", Arrays.asList(element)): Execute JavaScript 'arguments[0].click()' successfully

2022-02-23 15:49:39 - [MESSAGE][PASSED] - Execute JavaScript 'arguments[0].click()' successfully

2022-02-23 15:49:39 - [MESSAGE][PASSED] - Call Test Case 'Test Cases/0.1-Login' successfully

2022-02-23 15:49:39 - [TEST_STEP][PASSED] - setText(findTestObject("input_Empresa 1_form_templatej_idt24_input"), "planta personal (tal)"): Text 'planta personal (tal)' is set on object 'Object Repository/input_Empresa 1_form_templatej_idt24_input'

2022-02-23 15:49:40 - [MESSAGE][PASSED] - Text 'planta personal (tal)' is set on object 'Object Repository/input_Empresa 1_form_templatej_idt24_input'

2022-02-23 15:49:40 - [TEST_STEP][PASSED] - click(findTestObject("Modulo Pruebas Planta de Personal/Buscar_puesto_de_trabajo/span_Planta Personal (ta")): Object: 'Object Repository/Modulo Pruebas Planta de Personal/Buscar_puesto_de_trabajo/span_Planta Personal (ta' is clicked on

2022-02-23 15:49:42 - [MESSAGE][PASSED] - Object: 'Object Repository/Modulo Pruebas Planta de Personal/Buscar_puesto_de_trabajo/span_Planta Personal (ta' is clicked on

2022-02-23 15:49:42 - [TEST_STEP][PASSED] - click(findTestObject("Modulo Pruebas Planta de Personal/Buscar_puesto_de_trabajo/a_Actos Administrativos_organigramabuscar")): Object: 'Object Repository/Modulo Pruebas Planta de Personal/Buscar_puesto_de_trabajo/a_Actos Administrativos_organigramabuscar' is clicked on

2022-02-23 15:49:43 - [MESSAGE][PASSED] - Object: 'Object Repository/Modulo Pruebas Planta de Personal/Buscar_puesto_de_trabajo/a_Actos Administrativos_organigramabuscar' is clicked on

2022-02-23 15:49:43 - [TEST_STEP][PASSED] - selectOptionByIndex(findTestObject("Modulo Pruebas Planta de Personal/Buscar_puesto_de_trabajo/select_--Seleccione--EmpleadoPuesto"), 2): All options with index in [2] are selected on object 'Object Repository/Modulo Pruebas Planta de Personal/Buscar_puesto_de_trabajo/select_--Seleccione--EmpleadoPuesto'

2022-02-23 15:49:44 - [MESSAGE][PASSED] - All options with index in [2] are selected on object 'Object Repository/Modulo Pruebas Planta de Personal/Buscar_puesto_de_trabajo/select_--Seleccione--EmpleadoPuesto'

2022-02-23 15:49:44 - [TEST_STEP][PASSED] - click(findTestObject("Modulo Pruebas Planta de Personal/Buscar_puesto_de_trabajo/a_Cargo_popupBusquedaPlantaj_idt279")): Object: 'Object Repository/Modulo Pruebas Planta de Personal/Buscar_puesto_de_trabajo/a_Cargo_popupBusquedaPlantaj_idt279' is clicked on

2022-02-23 15:49:45 - [MESSAGE][PASSED] - Object: 'Object Repository/Modulo Pruebas Planta de Personal/Buscar_puesto_de_trabajo/a_Cargo_popupBusquedaPlantaj_idt279' is clicked on

2022-02-23 15:49:45 - [TEST_STEP][PASSED] - click(findTestObject("Modulo Pruebas Planta de Personal/Buscar_puesto_de_trabajo/a_Unidad Organizacional_popupBusquedaPlantaj_idt274")): Object: 'Object Repository/Modulo Pruebas Planta de Personal/Buscar_puesto_de_trabajo/a_Unidad Organizacional_popupBusquedaPlantaj_idt274' is clicked on

2022-02-23 15:49:46 - [MESSAGE][PASSED] - Object: 'Object Repository/Modulo Pruebas Planta de Personal/Buscar_puesto_de_trabajo/a_Unidad Organizacional_popupBusquedaPlantaj_idt274' is clicked on

2022-02-23 15:49:46 - [TEST_STEP][PASSED] - setText(findTestObject("Modulo Pruebas Planta de Personal/Buscar_puesto_de_trabajo/input_Unidad_form_popupUnidadUsuarioj_idt880"), "administracion"): Text 'administracion' is set on object 'Object Repository/Modulo Pruebas Planta de Personal/Buscar_puesto_de_trabajo/input_Unidad_form_popupUnidadUsuarioj_idt880'

2022-02-23 15:49:47 - [MESSAGE][PASSED] - Text 'administracion' is set on object 'Object Repository/Modulo Pruebas Planta de Personal/Buscar_puesto_de_trabajo/input_Unidad_form_popupUnidadUsuarioj_idt880'

2022-02-23 15:49:47 - [TEST_STEP][PASSED] - sendKeys(findTestObject("Modulo Pruebas Planta de Personal/Buscar_puesto_de_trabajo/input_Unidad_form_popupUnidadUsuarioj_idt880"), Keys.chord(ENTER)): Keys 'ENTER + ' sent to object: 'Object Repository/Modulo Pruebas Planta de Personal/Buscar_puesto_de_trabajo/input_Unidad_form_popupUnidadUsuarioj_idt880'

2022-02-23 15:49:47 - [MESSAGE][PASSED] - Keys 'ENTER + ' sent to object: 'Object Repository/Modulo Pruebas Planta de Personal/Buscar_puesto_de_trabajo/input_Unidad_form_popupUnidadUsuarioj_idt880'

2022-02-23 15:49:47 - [TEST_STEP][PASSED] - click(findTestObject("Modulo Pruebas Planta de Personal/Buscar_puesto_de_trabajo/span_ADMINISTRACION")): Object: 'Object Repository/Modulo Pruebas Planta de Personal/Buscar_puesto_de_trabajo/span_ADMINISTRACION' is clicked on

2022-02-23 15:49:48 - [MESSAGE][PASSED] - Object: 'Object Repository/Modulo Pruebas Planta de Personal/Buscar_puesto_de_trabajo/span_ADMINISTRACION' is clicked on

2022-02-23 15:49:48 - [TEST_STEP][PASSED] - click(findTestObject("Modulo Pruebas Planta de Personal/Buscar_puesto_de_trabajo/a_Cargo_popupBusquedaPlantaj_idt2790")): Object: 'Object Repository/Modulo Pruebas Planta de Personal/Buscar_puesto_de_trabajo/a_Cargo_popupBusquedaPlantaj_idt2790' is clicked on

2022-02-23 15:49:49 - [MESSAGE][PASSED] - Object: 'Object Repository/Modulo Pruebas Planta de Personal/Buscar_puesto_de_trabajo/a_Cargo_popupBusquedaPlantaj_idt2790' is clicked on

2022-02-23 15:49:49 - [TEST_STEP][PASSED] - click(findTestObject("Modulo Pruebas Planta de Personal/Buscar_puesto_de_trabajo/span_ABOGADO")): Object: 'Object Repository/Modulo Pruebas Planta de Personal/Buscar_puesto_de_trabajo/span_ABOGADO' is clicked on

2022-02-23 15:49:50 - [MESSAGE][PASSED] - Object: 'Object Repository/Modulo Pruebas Planta de Personal/Buscar_puesto_de_trabajo/span_ABOGADO' is clicked on

2022-02-23 15:49:50 - [TEST_STEP][PASSED] - click(findTestObject("Modulo Pruebas Planta de Personal/Buscar_puesto_de_trabajo/span_20139    - Abogado")): Object: 'Object Repository/Modulo Pruebas Planta de Personal/Buscar_puesto_de_trabajo/span_20139    - Abogado' is clicked on

2022-02-23 15:49:51 - [MESSAGE][PASSED] - Object: 'Object Repository/Modulo Pruebas Planta de Personal/Buscar_puesto_de_trabajo/span_20139    - Abogado' is clicked on

2022-02-23 15:49:51 - [TEST_STEP][PASSED] - scrollToElement(findTestObject("Modulo Pruebas Planta de Personal/Buscar_puesto_de_trabajo/span_10308"), 0): Scroll to object 'Object Repository/Modulo Pruebas Planta de Personal/Buscar_puesto_de_trabajo/span_10308' successfully

2022-02-23 15:49:51 - [MESSAGE][WARNING] - Timeout '0' is invalid. Using default page load timeout: '30'

2022-02-23 15:49:52 - [MESSAGE][PASSED] - Scroll to object 'Object Repository/Modulo Pruebas Planta de Personal/Buscar_puesto_de_trabajo/span_10308' successfully

2022-02-23 15:49:52 - [MESSAGE][PASSED] - Call Test Case 'Test Cases/12.1-Pruebas_Planta_Personal/12.1.6-Buscar_puesto_de_trabajo' successfully

2022-02-23 15:49:52 - [TEST_STEP][PASSED] - click(findTestObject("Modulo Pruebas Planta de Personal/Solicitar_requerimiento/a_Salgado . Paula_organigramaj_idt110")): Object: 'Object Repository/Modulo Pruebas Planta de Personal/Solicitar_requerimiento/a_Salgado . Paula_organigramaj_idt110' is clicked on

2022-02-23 15:49:52 - [MESSAGE][PASSED] - Object: 'Object Repository/Modulo Pruebas Planta de Personal/Solicitar_requerimiento/a_Salgado . Paula_organigramaj_idt110' is clicked on

2022-02-23 15:49:52 - [TEST_STEP][PASSED] - delay(2): Delayed 2 second(s)

2022-02-23 15:49:54 - [MESSAGE][PASSED] - Delayed 2 second(s)

2022-02-23 15:49:54 - [TEST_STEP][PASSED] - closeBrowser(): Browser is closed

2022-02-23 15:49:55 - [MESSAGE][PASSED] - Browser is closed]]></system-out>
         <system-err><![CDATA[]]></system-err>
      </testcase>
      <testcase name="Test Cases/12.1-Pruebas_Planta_Personal/12.1.9-Visualizar_opción_otros" time="22.723" classname="Test Cases/12.1-Pruebas_Planta_Personal/12.1.9-Visualizar_opción_otros" status="PASSED">
         <system-out><![CDATA[2022-02-23 15:49:55 - [TEST_CASE][PASSED] - Test Cases/12.1-Pruebas_Planta_Personal/12.1.9-Visualizar_opción_otros: Test Cases/12.1-Pruebas_Planta_Personal/12.1.9-Visualizar_opción_otros

2022-02-23 15:49:55 - [TEST_STEP][PASSED] - callTestCase(findTestCase("12.1-Pruebas_Planta_Personal/12.1.6-Buscar_puesto_de_trabajo"), [:], STOP_ON_FAILURE): Call Test Case 'Test Cases/12.1-Pruebas_Planta_Personal/12.1.6-Buscar_puesto_de_trabajo' successfully

2022-02-23 15:49:55 - [TEST_CASE][PASSED] - Test Cases/12.1-Pruebas_Planta_Personal/12.1.6-Buscar_puesto_de_trabajo: Test Cases/12.1-Pruebas_Planta_Personal/12.1.6-Buscar_puesto_de_trabajo

2022-02-23 15:49:55 - [TEST_STEP][PASSED] - callTestCase(findTestCase("0.1-Login"), [:], STOP_ON_FAILURE): Call Test Case 'Test Cases/0.1-Login' successfully

2022-02-23 15:49:55 - [TEST_CASE][PASSED] - Test Cases/0.1-Login: Test Cases/0.1-Login

2022-02-23 15:49:55 - [TEST_STEP][PASSED] - openBrowser(""): Browser is opened with url: ''

2022-02-23 15:49:55 - [MESSAGE][INFO] - Starting 'Chrome' driver

2022-02-23 15:49:55 - [MESSAGE][INFO] - Action delay is set to 0 milliseconds

2022-02-23 15:49:57 - [MESSAGE][PASSED] - Browser is opened with url: ''

2022-02-23 15:49:57 - [TEST_STEP][PASSED] - maximizeWindow(): Current window maximized

2022-02-23 15:49:57 - [MESSAGE][PASSED] - Current window maximized

2022-02-23 15:49:57 - [TEST_STEP][PASSED] - i = G_Login: null

2022-02-23 15:49:57 - [TEST_STEP][PASSED] - url = new java.net.URL(i): null

2022-02-23 15:49:57 - [TEST_STEP][PASSED] - println("URL: " + url.toString()): null

2022-02-23 15:49:57 - [TEST_STEP][PASSED] - connection = url.openConnection(): null

2022-02-23 15:49:57 - [TEST_STEP][PASSED] - connection.setRequestMethod("GET"): null

2022-02-23 15:49:57 - [TEST_STEP][PASSED] - connection.setReadTimeout(2 * 1000): null

2022-02-23 15:49:57 - [TEST_STEP][PASSED] - try: null

2022-02-23 15:49:57 - [TEST_STEP][PASSED] - connection.connect(): null

2022-02-23 15:49:57 - [TEST_STEP][PASSED] - flag = connected: null

2022-02-23 15:49:57 - [TEST_STEP][PASSED] - println("Valor_ori: " + flag): null

2022-02-23 15:49:57 - [TEST_STEP][PASSED] - if (flag): null

2022-02-23 15:49:57 - [TEST_STEP][PASSED] - navigateToUrl(i): Navigate to 'http://192.168.2.80:8380/saraweb' successfully

2022-02-23 15:49:57 - [MESSAGE][PASSED] - Navigate to 'http://192.168.2.80:8380/saraweb' successfully

2022-02-23 15:49:57 - [TEST_STEP][PASSED] - a(): null

2022-02-23 15:49:57 - [TEST_STEP][PASSED] - setText(findTestObject("Login/input_USUARIO_loginusuario"), G_Usuario): Text 'saraadmin' is set on object 'Object Repository/Login/input_USUARIO_loginusuario'

2022-02-23 15:49:58 - [MESSAGE][PASSED] - Text 'saraadmin' is set on object 'Object Repository/Login/input_USUARIO_loginusuario'

2022-02-23 15:49:58 - [TEST_STEP][PASSED] - setEncryptedText(findTestObject("Login/input_CLAVE_loginpassword"), "MkG4/TYiCFC3cb2driP7+Q=="): Text ****** has been set on object 'Object Repository/Login/input_CLAVE_loginpassword'

2022-02-23 15:49:58 - [MESSAGE][PASSED] - Text ****** has been set on object 'Object Repository/Login/input_CLAVE_loginpassword'

2022-02-23 15:49:58 - [TEST_STEP][PASSED] - waitForElementClickable(findTestObject("Login/a_Ingresar"), G_TimeOut): Object 'Object Repository/Login/a_Ingresar' is clickable

2022-02-23 15:49:59 - [MESSAGE][PASSED] - Object 'Object Repository/Login/a_Ingresar' is clickable

2022-02-23 15:49:59 - [TEST_STEP][PASSED] - click(findTestObject("Login/a_Ingresar")): Object: 'Object Repository/Login/a_Ingresar' is clicked on

2022-02-23 15:50:00 - [MESSAGE][PASSED] - Object: 'Object Repository/Login/a_Ingresar' is clicked on

2022-02-23 15:50:00 - [TEST_STEP][PASSED] - element = findWebElement(findTestObject("Login/a_Ir"), 30): null

2022-02-23 15:50:01 - [TEST_STEP][PASSED] - executeJavaScript("arguments[0].click()", Arrays.asList(element)): Execute JavaScript 'arguments[0].click()' successfully

2022-02-23 15:50:01 - [MESSAGE][PASSED] - Execute JavaScript 'arguments[0].click()' successfully

2022-02-23 15:50:01 - [MESSAGE][PASSED] - Call Test Case 'Test Cases/0.1-Login' successfully

2022-02-23 15:50:01 - [TEST_STEP][PASSED] - setText(findTestObject("input_Empresa 1_form_templatej_idt24_input"), "planta personal (tal)"): Text 'planta personal (tal)' is set on object 'Object Repository/input_Empresa 1_form_templatej_idt24_input'

2022-02-23 15:50:02 - [MESSAGE][PASSED] - Text 'planta personal (tal)' is set on object 'Object Repository/input_Empresa 1_form_templatej_idt24_input'

2022-02-23 15:50:02 - [TEST_STEP][PASSED] - click(findTestObject("Modulo Pruebas Planta de Personal/Buscar_puesto_de_trabajo/span_Planta Personal (ta")): Object: 'Object Repository/Modulo Pruebas Planta de Personal/Buscar_puesto_de_trabajo/span_Planta Personal (ta' is clicked on

2022-02-23 15:50:03 - [MESSAGE][PASSED] - Object: 'Object Repository/Modulo Pruebas Planta de Personal/Buscar_puesto_de_trabajo/span_Planta Personal (ta' is clicked on

2022-02-23 15:50:03 - [TEST_STEP][PASSED] - click(findTestObject("Modulo Pruebas Planta de Personal/Buscar_puesto_de_trabajo/a_Actos Administrativos_organigramabuscar")): Object: 'Object Repository/Modulo Pruebas Planta de Personal/Buscar_puesto_de_trabajo/a_Actos Administrativos_organigramabuscar' is clicked on

2022-02-23 15:50:07 - [MESSAGE][PASSED] - Object: 'Object Repository/Modulo Pruebas Planta de Personal/Buscar_puesto_de_trabajo/a_Actos Administrativos_organigramabuscar' is clicked on

2022-02-23 15:50:07 - [TEST_STEP][PASSED] - selectOptionByIndex(findTestObject("Modulo Pruebas Planta de Personal/Buscar_puesto_de_trabajo/select_--Seleccione--EmpleadoPuesto"), 2): All options with index in [2] are selected on object 'Object Repository/Modulo Pruebas Planta de Personal/Buscar_puesto_de_trabajo/select_--Seleccione--EmpleadoPuesto'

2022-02-23 15:50:08 - [MESSAGE][PASSED] - All options with index in [2] are selected on object 'Object Repository/Modulo Pruebas Planta de Personal/Buscar_puesto_de_trabajo/select_--Seleccione--EmpleadoPuesto'

2022-02-23 15:50:08 - [TEST_STEP][PASSED] - click(findTestObject("Modulo Pruebas Planta de Personal/Buscar_puesto_de_trabajo/a_Cargo_popupBusquedaPlantaj_idt279")): Object: 'Object Repository/Modulo Pruebas Planta de Personal/Buscar_puesto_de_trabajo/a_Cargo_popupBusquedaPlantaj_idt279' is clicked on

2022-02-23 15:50:08 - [MESSAGE][PASSED] - Object: 'Object Repository/Modulo Pruebas Planta de Personal/Buscar_puesto_de_trabajo/a_Cargo_popupBusquedaPlantaj_idt279' is clicked on

2022-02-23 15:50:08 - [TEST_STEP][PASSED] - click(findTestObject("Modulo Pruebas Planta de Personal/Buscar_puesto_de_trabajo/a_Unidad Organizacional_popupBusquedaPlantaj_idt274")): Object: 'Object Repository/Modulo Pruebas Planta de Personal/Buscar_puesto_de_trabajo/a_Unidad Organizacional_popupBusquedaPlantaj_idt274' is clicked on

2022-02-23 15:50:09 - [MESSAGE][PASSED] - Object: 'Object Repository/Modulo Pruebas Planta de Personal/Buscar_puesto_de_trabajo/a_Unidad Organizacional_popupBusquedaPlantaj_idt274' is clicked on

2022-02-23 15:50:09 - [TEST_STEP][PASSED] - setText(findTestObject("Modulo Pruebas Planta de Personal/Buscar_puesto_de_trabajo/input_Unidad_form_popupUnidadUsuarioj_idt880"), "administracion"): Text 'administracion' is set on object 'Object Repository/Modulo Pruebas Planta de Personal/Buscar_puesto_de_trabajo/input_Unidad_form_popupUnidadUsuarioj_idt880'

2022-02-23 15:50:10 - [MESSAGE][PASSED] - Text 'administracion' is set on object 'Object Repository/Modulo Pruebas Planta de Personal/Buscar_puesto_de_trabajo/input_Unidad_form_popupUnidadUsuarioj_idt880'

2022-02-23 15:50:10 - [TEST_STEP][PASSED] - sendKeys(findTestObject("Modulo Pruebas Planta de Personal/Buscar_puesto_de_trabajo/input_Unidad_form_popupUnidadUsuarioj_idt880"), Keys.chord(ENTER)): Keys 'ENTER + ' sent to object: 'Object Repository/Modulo Pruebas Planta de Personal/Buscar_puesto_de_trabajo/input_Unidad_form_popupUnidadUsuarioj_idt880'

2022-02-23 15:50:11 - [MESSAGE][PASSED] - Keys 'ENTER + ' sent to object: 'Object Repository/Modulo Pruebas Planta de Personal/Buscar_puesto_de_trabajo/input_Unidad_form_popupUnidadUsuarioj_idt880'

2022-02-23 15:50:11 - [TEST_STEP][PASSED] - click(findTestObject("Modulo Pruebas Planta de Personal/Buscar_puesto_de_trabajo/span_ADMINISTRACION")): Object: 'Object Repository/Modulo Pruebas Planta de Personal/Buscar_puesto_de_trabajo/span_ADMINISTRACION' is clicked on

2022-02-23 15:50:11 - [MESSAGE][PASSED] - Object: 'Object Repository/Modulo Pruebas Planta de Personal/Buscar_puesto_de_trabajo/span_ADMINISTRACION' is clicked on

2022-02-23 15:50:11 - [TEST_STEP][PASSED] - click(findTestObject("Modulo Pruebas Planta de Personal/Buscar_puesto_de_trabajo/a_Cargo_popupBusquedaPlantaj_idt2790")): Object: 'Object Repository/Modulo Pruebas Planta de Personal/Buscar_puesto_de_trabajo/a_Cargo_popupBusquedaPlantaj_idt2790' is clicked on

2022-02-23 15:50:12 - [MESSAGE][PASSED] - Object: 'Object Repository/Modulo Pruebas Planta de Personal/Buscar_puesto_de_trabajo/a_Cargo_popupBusquedaPlantaj_idt2790' is clicked on

2022-02-23 15:50:12 - [TEST_STEP][PASSED] - click(findTestObject("Modulo Pruebas Planta de Personal/Buscar_puesto_de_trabajo/span_ABOGADO")): Object: 'Object Repository/Modulo Pruebas Planta de Personal/Buscar_puesto_de_trabajo/span_ABOGADO' is clicked on

2022-02-23 15:50:13 - [MESSAGE][PASSED] - Object: 'Object Repository/Modulo Pruebas Planta de Personal/Buscar_puesto_de_trabajo/span_ABOGADO' is clicked on

2022-02-23 15:50:13 - [TEST_STEP][PASSED] - click(findTestObject("Modulo Pruebas Planta de Personal/Buscar_puesto_de_trabajo/span_20139    - Abogado")): Object: 'Object Repository/Modulo Pruebas Planta de Personal/Buscar_puesto_de_trabajo/span_20139    - Abogado' is clicked on

2022-02-23 15:50:13 - [MESSAGE][PASSED] - Object: 'Object Repository/Modulo Pruebas Planta de Personal/Buscar_puesto_de_trabajo/span_20139    - Abogado' is clicked on

2022-02-23 15:50:13 - [TEST_STEP][PASSED] - scrollToElement(findTestObject("Modulo Pruebas Planta de Personal/Buscar_puesto_de_trabajo/span_10308"), 0): Scroll to object 'Object Repository/Modulo Pruebas Planta de Personal/Buscar_puesto_de_trabajo/span_10308' successfully

2022-02-23 15:50:14 - [MESSAGE][WARNING] - Timeout '0' is invalid. Using default page load timeout: '30'

2022-02-23 15:50:14 - [MESSAGE][PASSED] - Scroll to object 'Object Repository/Modulo Pruebas Planta de Personal/Buscar_puesto_de_trabajo/span_10308' successfully

2022-02-23 15:50:14 - [MESSAGE][PASSED] - Call Test Case 'Test Cases/12.1-Pruebas_Planta_Personal/12.1.6-Buscar_puesto_de_trabajo' successfully

2022-02-23 15:50:14 - [TEST_STEP][PASSED] - click(findTestObject("Modulo Pruebas Planta de Personal/Visualizar_opción_otros/a_Salgado . Paula_organigramaj_idt109")): Object: 'Object Repository/Modulo Pruebas Planta de Personal/Visualizar_opción_otros/a_Salgado . Paula_organigramaj_idt109' is clicked on

2022-02-23 15:50:15 - [MESSAGE][PASSED] - Object: 'Object Repository/Modulo Pruebas Planta de Personal/Visualizar_opción_otros/a_Salgado . Paula_organigramaj_idt109' is clicked on

2022-02-23 15:50:15 - [TEST_STEP][PASSED] - delay(2): Delayed 2 second(s)

2022-02-23 15:50:17 - [MESSAGE][PASSED] - Delayed 2 second(s)

2022-02-23 15:50:17 - [TEST_STEP][PASSED] - closeBrowser(): Browser is closed

2022-02-23 15:50:18 - [MESSAGE][PASSED] - Browser is closed]]></system-out>
         <system-err><![CDATA[]]></system-err>
      </testcase>
      <testcase name="Test Cases/12.1-Pruebas_Planta_Personal/12.2.1-Crear_descripción_del_cargo" time="27.028" classname="Test Cases/12.1-Pruebas_Planta_Personal/12.2.1-Crear_descripción_del_cargo" status="PASSED">
         <system-out><![CDATA[2022-02-23 15:50:18 - [TEST_CASE][PASSED] - Test Cases/12.1-Pruebas_Planta_Personal/12.2.1-Crear_descripción_del_cargo: Test Cases/12.1-Pruebas_Planta_Personal/12.2.1-Crear_descripción_del_cargo

2022-02-23 15:50:18 - [TEST_STEP][PASSED] - callTestCase(findTestCase("12.1-Pruebas_Planta_Personal/12.1.6-Buscar_puesto_de_trabajo"), [:], STOP_ON_FAILURE): Call Test Case 'Test Cases/12.1-Pruebas_Planta_Personal/12.1.6-Buscar_puesto_de_trabajo' successfully

2022-02-23 15:50:18 - [TEST_CASE][PASSED] - Test Cases/12.1-Pruebas_Planta_Personal/12.1.6-Buscar_puesto_de_trabajo: Test Cases/12.1-Pruebas_Planta_Personal/12.1.6-Buscar_puesto_de_trabajo

2022-02-23 15:50:18 - [TEST_STEP][PASSED] - callTestCase(findTestCase("0.1-Login"), [:], STOP_ON_FAILURE): Call Test Case 'Test Cases/0.1-Login' successfully

2022-02-23 15:50:18 - [TEST_CASE][PASSED] - Test Cases/0.1-Login: Test Cases/0.1-Login

2022-02-23 15:50:18 - [TEST_STEP][PASSED] - openBrowser(""): Browser is opened with url: ''

2022-02-23 15:50:18 - [MESSAGE][INFO] - Starting 'Chrome' driver

2022-02-23 15:50:18 - [MESSAGE][INFO] - Action delay is set to 0 milliseconds

2022-02-23 15:50:19 - [MESSAGE][PASSED] - Browser is opened with url: ''

2022-02-23 15:50:19 - [TEST_STEP][PASSED] - maximizeWindow(): Current window maximized

2022-02-23 15:50:20 - [MESSAGE][PASSED] - Current window maximized

2022-02-23 15:50:20 - [TEST_STEP][PASSED] - i = G_Login: null

2022-02-23 15:50:20 - [TEST_STEP][PASSED] - url = new java.net.URL(i): null

2022-02-23 15:50:20 - [TEST_STEP][PASSED] - println("URL: " + url.toString()): null

2022-02-23 15:50:20 - [TEST_STEP][PASSED] - connection = url.openConnection(): null

2022-02-23 15:50:20 - [TEST_STEP][PASSED] - connection.setRequestMethod("GET"): null

2022-02-23 15:50:20 - [TEST_STEP][PASSED] - connection.setReadTimeout(2 * 1000): null

2022-02-23 15:50:20 - [TEST_STEP][PASSED] - try: null

2022-02-23 15:50:20 - [TEST_STEP][PASSED] - connection.connect(): null

2022-02-23 15:50:20 - [TEST_STEP][PASSED] - flag = connected: null

2022-02-23 15:50:20 - [TEST_STEP][PASSED] - println("Valor_ori: " + flag): null

2022-02-23 15:50:20 - [TEST_STEP][PASSED] - if (flag): null

2022-02-23 15:50:20 - [TEST_STEP][PASSED] - navigateToUrl(i): Navigate to 'http://192.168.2.80:8380/saraweb' successfully

2022-02-23 15:50:20 - [MESSAGE][PASSED] - Navigate to 'http://192.168.2.80:8380/saraweb' successfully

2022-02-23 15:50:20 - [TEST_STEP][PASSED] - a(): null

2022-02-23 15:50:20 - [TEST_STEP][PASSED] - setText(findTestObject("Login/input_USUARIO_loginusuario"), G_Usuario): Text 'saraadmin' is set on object 'Object Repository/Login/input_USUARIO_loginusuario'

2022-02-23 15:50:21 - [MESSAGE][PASSED] - Text 'saraadmin' is set on object 'Object Repository/Login/input_USUARIO_loginusuario'

2022-02-23 15:50:21 - [TEST_STEP][PASSED] - setEncryptedText(findTestObject("Login/input_CLAVE_loginpassword"), "MkG4/TYiCFC3cb2driP7+Q=="): Text ****** has been set on object 'Object Repository/Login/input_CLAVE_loginpassword'

2022-02-23 15:50:21 - [MESSAGE][PASSED] - Text ****** has been set on object 'Object Repository/Login/input_CLAVE_loginpassword'

2022-02-23 15:50:21 - [TEST_STEP][PASSED] - waitForElementClickable(findTestObject("Login/a_Ingresar"), G_TimeOut): Object 'Object Repository/Login/a_Ingresar' is clickable

2022-02-23 15:50:22 - [MESSAGE][PASSED] - Object 'Object Repository/Login/a_Ingresar' is clickable

2022-02-23 15:50:22 - [TEST_STEP][PASSED] - click(findTestObject("Login/a_Ingresar")): Object: 'Object Repository/Login/a_Ingresar' is clicked on

2022-02-23 15:50:22 - [MESSAGE][PASSED] - Object: 'Object Repository/Login/a_Ingresar' is clicked on

2022-02-23 15:50:22 - [TEST_STEP][PASSED] - element = findWebElement(findTestObject("Login/a_Ir"), 30): null

2022-02-23 15:50:23 - [TEST_STEP][PASSED] - executeJavaScript("arguments[0].click()", Arrays.asList(element)): Execute JavaScript 'arguments[0].click()' successfully

2022-02-23 15:50:23 - [MESSAGE][PASSED] - Execute JavaScript 'arguments[0].click()' successfully

2022-02-23 15:50:23 - [MESSAGE][PASSED] - Call Test Case 'Test Cases/0.1-Login' successfully

2022-02-23 15:50:23 - [TEST_STEP][PASSED] - setText(findTestObject("input_Empresa 1_form_templatej_idt24_input"), "planta personal (tal)"): Text 'planta personal (tal)' is set on object 'Object Repository/input_Empresa 1_form_templatej_idt24_input'

2022-02-23 15:50:24 - [MESSAGE][PASSED] - Text 'planta personal (tal)' is set on object 'Object Repository/input_Empresa 1_form_templatej_idt24_input'

2022-02-23 15:50:24 - [TEST_STEP][PASSED] - click(findTestObject("Modulo Pruebas Planta de Personal/Buscar_puesto_de_trabajo/span_Planta Personal (ta")): Object: 'Object Repository/Modulo Pruebas Planta de Personal/Buscar_puesto_de_trabajo/span_Planta Personal (ta' is clicked on

2022-02-23 15:50:26 - [MESSAGE][PASSED] - Object: 'Object Repository/Modulo Pruebas Planta de Personal/Buscar_puesto_de_trabajo/span_Planta Personal (ta' is clicked on

2022-02-23 15:50:26 - [TEST_STEP][PASSED] - click(findTestObject("Modulo Pruebas Planta de Personal/Buscar_puesto_de_trabajo/a_Actos Administrativos_organigramabuscar")): Object: 'Object Repository/Modulo Pruebas Planta de Personal/Buscar_puesto_de_trabajo/a_Actos Administrativos_organigramabuscar' is clicked on

2022-02-23 15:50:29 - [MESSAGE][PASSED] - Object: 'Object Repository/Modulo Pruebas Planta de Personal/Buscar_puesto_de_trabajo/a_Actos Administrativos_organigramabuscar' is clicked on

2022-02-23 15:50:29 - [TEST_STEP][PASSED] - selectOptionByIndex(findTestObject("Modulo Pruebas Planta de Personal/Buscar_puesto_de_trabajo/select_--Seleccione--EmpleadoPuesto"), 2): All options with index in [2] are selected on object 'Object Repository/Modulo Pruebas Planta de Personal/Buscar_puesto_de_trabajo/select_--Seleccione--EmpleadoPuesto'

2022-02-23 15:50:30 - [MESSAGE][PASSED] - All options with index in [2] are selected on object 'Object Repository/Modulo Pruebas Planta de Personal/Buscar_puesto_de_trabajo/select_--Seleccione--EmpleadoPuesto'

2022-02-23 15:50:30 - [TEST_STEP][PASSED] - click(findTestObject("Modulo Pruebas Planta de Personal/Buscar_puesto_de_trabajo/a_Cargo_popupBusquedaPlantaj_idt279")): Object: 'Object Repository/Modulo Pruebas Planta de Personal/Buscar_puesto_de_trabajo/a_Cargo_popupBusquedaPlantaj_idt279' is clicked on

2022-02-23 15:50:31 - [MESSAGE][PASSED] - Object: 'Object Repository/Modulo Pruebas Planta de Personal/Buscar_puesto_de_trabajo/a_Cargo_popupBusquedaPlantaj_idt279' is clicked on

2022-02-23 15:50:31 - [TEST_STEP][PASSED] - click(findTestObject("Modulo Pruebas Planta de Personal/Buscar_puesto_de_trabajo/a_Unidad Organizacional_popupBusquedaPlantaj_idt274")): Object: 'Object Repository/Modulo Pruebas Planta de Personal/Buscar_puesto_de_trabajo/a_Unidad Organizacional_popupBusquedaPlantaj_idt274' is clicked on

2022-02-23 15:50:31 - [MESSAGE][PASSED] - Object: 'Object Repository/Modulo Pruebas Planta de Personal/Buscar_puesto_de_trabajo/a_Unidad Organizacional_popupBusquedaPlantaj_idt274' is clicked on

2022-02-23 15:50:31 - [TEST_STEP][PASSED] - setText(findTestObject("Modulo Pruebas Planta de Personal/Buscar_puesto_de_trabajo/input_Unidad_form_popupUnidadUsuarioj_idt880"), "administracion"): Text 'administracion' is set on object 'Object Repository/Modulo Pruebas Planta de Personal/Buscar_puesto_de_trabajo/input_Unidad_form_popupUnidadUsuarioj_idt880'

2022-02-23 15:50:32 - [MESSAGE][PASSED] - Text 'administracion' is set on object 'Object Repository/Modulo Pruebas Planta de Personal/Buscar_puesto_de_trabajo/input_Unidad_form_popupUnidadUsuarioj_idt880'

2022-02-23 15:50:32 - [TEST_STEP][PASSED] - sendKeys(findTestObject("Modulo Pruebas Planta de Personal/Buscar_puesto_de_trabajo/input_Unidad_form_popupUnidadUsuarioj_idt880"), Keys.chord(ENTER)): Keys 'ENTER + ' sent to object: 'Object Repository/Modulo Pruebas Planta de Personal/Buscar_puesto_de_trabajo/input_Unidad_form_popupUnidadUsuarioj_idt880'

2022-02-23 15:50:33 - [MESSAGE][PASSED] - Keys 'ENTER + ' sent to object: 'Object Repository/Modulo Pruebas Planta de Personal/Buscar_puesto_de_trabajo/input_Unidad_form_popupUnidadUsuarioj_idt880'

2022-02-23 15:50:33 - [TEST_STEP][PASSED] - click(findTestObject("Modulo Pruebas Planta de Personal/Buscar_puesto_de_trabajo/span_ADMINISTRACION")): Object: 'Object Repository/Modulo Pruebas Planta de Personal/Buscar_puesto_de_trabajo/span_ADMINISTRACION' is clicked on

2022-02-23 15:50:33 - [MESSAGE][PASSED] - Object: 'Object Repository/Modulo Pruebas Planta de Personal/Buscar_puesto_de_trabajo/span_ADMINISTRACION' is clicked on

2022-02-23 15:50:33 - [TEST_STEP][PASSED] - click(findTestObject("Modulo Pruebas Planta de Personal/Buscar_puesto_de_trabajo/a_Cargo_popupBusquedaPlantaj_idt2790")): Object: 'Object Repository/Modulo Pruebas Planta de Personal/Buscar_puesto_de_trabajo/a_Cargo_popupBusquedaPlantaj_idt2790' is clicked on

2022-02-23 15:50:34 - [MESSAGE][PASSED] - Object: 'Object Repository/Modulo Pruebas Planta de Personal/Buscar_puesto_de_trabajo/a_Cargo_popupBusquedaPlantaj_idt2790' is clicked on

2022-02-23 15:50:34 - [TEST_STEP][PASSED] - click(findTestObject("Modulo Pruebas Planta de Personal/Buscar_puesto_de_trabajo/span_ABOGADO")): Object: 'Object Repository/Modulo Pruebas Planta de Personal/Buscar_puesto_de_trabajo/span_ABOGADO' is clicked on

2022-02-23 15:50:35 - [MESSAGE][PASSED] - Object: 'Object Repository/Modulo Pruebas Planta de Personal/Buscar_puesto_de_trabajo/span_ABOGADO' is clicked on

2022-02-23 15:50:35 - [TEST_STEP][PASSED] - click(findTestObject("Modulo Pruebas Planta de Personal/Buscar_puesto_de_trabajo/span_20139    - Abogado")): Object: 'Object Repository/Modulo Pruebas Planta de Personal/Buscar_puesto_de_trabajo/span_20139    - Abogado' is clicked on

2022-02-23 15:50:35 - [MESSAGE][PASSED] - Object: 'Object Repository/Modulo Pruebas Planta de Personal/Buscar_puesto_de_trabajo/span_20139    - Abogado' is clicked on

2022-02-23 15:50:35 - [TEST_STEP][PASSED] - scrollToElement(findTestObject("Modulo Pruebas Planta de Personal/Buscar_puesto_de_trabajo/span_10308"), 0): Scroll to object 'Object Repository/Modulo Pruebas Planta de Personal/Buscar_puesto_de_trabajo/span_10308' successfully

2022-02-23 15:50:35 - [MESSAGE][WARNING] - Timeout '0' is invalid. Using default page load timeout: '30'

2022-02-23 15:50:36 - [MESSAGE][PASSED] - Scroll to object 'Object Repository/Modulo Pruebas Planta de Personal/Buscar_puesto_de_trabajo/span_10308' successfully

2022-02-23 15:50:36 - [MESSAGE][PASSED] - Call Test Case 'Test Cases/12.1-Pruebas_Planta_Personal/12.1.6-Buscar_puesto_de_trabajo' successfully

2022-02-23 15:50:36 - [TEST_STEP][PASSED] - click(findTestObject("Modulo Pruebas Planta de Personal/Crear_descripción_del_cargo/a_Salgado . Paula_organigramaj_idt111")): Object: 'Object Repository/Modulo Pruebas Planta de Personal/Crear_descripción_del_cargo/a_Salgado . Paula_organigramaj_idt111' is clicked on

2022-02-23 15:50:37 - [MESSAGE][PASSED] - Object: 'Object Repository/Modulo Pruebas Planta de Personal/Crear_descripción_del_cargo/a_Salgado . Paula_organigramaj_idt111' is clicked on

2022-02-23 15:50:37 - [TEST_STEP][PASSED] - if (waitForElementVisible(findTestObject("Modulo Pruebas Planta de Personal/Crear_descripción_del_cargo/a_Aceptar"), 1)): Web element with id: 'Object Repository/Modulo Pruebas Planta de Personal/Crear_descripción_del_cargo/a_Aceptar' located by '//a[contains(text(),'Aceptar')]' not found

2022-02-23 15:50:39 - [MESSAGE][INFO] - Unable to find the element located by 'By.xpath: //a[contains(text(),'Aceptar')]'. Please recheck the objects properties to make sure the desired element is located. 

2022-02-23 15:50:39 - [MESSAGE][WARNING] - Web element with id: 'Object Repository/Modulo Pruebas Planta de Personal/Crear_descripción_del_cargo/a_Aceptar' located by '//a[contains(text(),'Aceptar')]' not found

2022-02-23 15:50:39 - [TEST_STEP][PASSED] - setText(findTestObject("Modulo Pruebas Planta de Personal/Crear_descripción_del_cargo/textarea__descripcionCargo_formj_idt15140idTexto5"), "pruebas k"): Text 'pruebas k' is set on object 'Object Repository/Modulo Pruebas Planta de Personal/Crear_descripción_del_cargo/textarea__descripcionCargo_formj_idt15140idTexto5'

2022-02-23 15:50:40 - [MESSAGE][PASSED] - Text 'pruebas k' is set on object 'Object Repository/Modulo Pruebas Planta de Personal/Crear_descripción_del_cargo/textarea__descripcionCargo_formj_idt15140idTexto5'

2022-02-23 15:50:40 - [TEST_STEP][PASSED] - setText(findTestObject("Modulo Pruebas Planta de Personal/Crear_descripción_del_cargo/textarea__descripcionCargo_formj_idt15141idTexto5"), "pruebas automaticas"): Text 'pruebas automaticas' is set on object 'Object Repository/Modulo Pruebas Planta de Personal/Crear_descripción_del_cargo/textarea__descripcionCargo_formj_idt15141idTexto5'

2022-02-23 15:50:41 - [MESSAGE][PASSED] - Text 'pruebas automaticas' is set on object 'Object Repository/Modulo Pruebas Planta de Personal/Crear_descripción_del_cargo/textarea__descripcionCargo_formj_idt15141idTexto5'

2022-02-23 15:50:41 - [TEST_STEP][PASSED] - setText(findTestObject("Modulo Pruebas Planta de Personal/Crear_descripción_del_cargo/textarea__descripcionCargo_formj_idt15142idTexto5"), "NULL"): Text 'NULL' is set on object 'Object Repository/Modulo Pruebas Planta de Personal/Crear_descripción_del_cargo/textarea__descripcionCargo_formj_idt15142idTexto5'

2022-02-23 15:50:41 - [MESSAGE][PASSED] - Text 'NULL' is set on object 'Object Repository/Modulo Pruebas Planta de Personal/Crear_descripción_del_cargo/textarea__descripcionCargo_formj_idt15142idTexto5'

2022-02-23 15:50:41 - [TEST_STEP][PASSED] - setText(findTestObject("Modulo Pruebas Planta de Personal/Crear_descripción_del_cargo/textarea__descripcionCargo_formj_idt15143idTexto5"), "NULL"): Text 'NULL' is set on object 'Object Repository/Modulo Pruebas Planta de Personal/Crear_descripción_del_cargo/textarea__descripcionCargo_formj_idt15143idTexto5'

2022-02-23 15:50:42 - [MESSAGE][PASSED] - Text 'NULL' is set on object 'Object Repository/Modulo Pruebas Planta de Personal/Crear_descripción_del_cargo/textarea__descripcionCargo_formj_idt15143idTexto5'

2022-02-23 15:50:42 - [TEST_STEP][PASSED] - click(findTestObject("Modulo Pruebas Planta de Personal/Crear_descripción_del_cargo/a_Guardar")): Object: 'Object Repository/Modulo Pruebas Planta de Personal/Crear_descripción_del_cargo/a_Guardar' is clicked on

2022-02-23 15:50:42 - [MESSAGE][PASSED] - Object: 'Object Repository/Modulo Pruebas Planta de Personal/Crear_descripción_del_cargo/a_Guardar' is clicked on

2022-02-23 15:50:42 - [TEST_STEP][PASSED] - if (waitForElementVisible(findTestObject("Modulo Pruebas Planta de Personal/Crear_descripción_del_cargo/p_Se ha actualizado el registro"), 1)): Web element with id: 'Object Repository/Modulo Pruebas Planta de Personal/Crear_descripción_del_cargo/p_Se ha actualizado el registro' located by '//*/text()[normalize-space(.)='Se ha actualizado el registro.']/parent::*' not found

2022-02-23 15:50:45 - [MESSAGE][INFO] - Unable to find the element located by 'By.xpath: //*/text()[normalize-space(.)='Se ha actualizado el registro.']/parent::*'. Please recheck the objects properties to make sure the desired element is located. 

2022-02-23 15:50:45 - [MESSAGE][WARNING] - Web element with id: 'Object Repository/Modulo Pruebas Planta de Personal/Crear_descripción_del_cargo/p_Se ha actualizado el registro' located by '//*/text()[normalize-space(.)='Se ha actualizado el registro.']/parent::*' not found]]></system-out>
         <system-err><![CDATA[]]></system-err>
      </testcase>
      <testcase name="Test Cases/12.1-Pruebas_Planta_Personal/12.2.2-Copiar_perfil" time="32.543" classname="Test Cases/12.1-Pruebas_Planta_Personal/12.2.2-Copiar_perfil" status="PASSED">
         <system-out><![CDATA[2022-02-23 15:50:45 - [TEST_CASE][PASSED] - Test Cases/12.1-Pruebas_Planta_Personal/12.2.2-Copiar_perfil: Test Cases/12.1-Pruebas_Planta_Personal/12.2.2-Copiar_perfil

2022-02-23 15:50:45 - [TEST_STEP][PASSED] - callTestCase(findTestCase("12.1-Pruebas_Planta_Personal/12.1.6-Buscar_puesto_de_trabajo"), [:], STOP_ON_FAILURE): Call Test Case 'Test Cases/12.1-Pruebas_Planta_Personal/12.1.6-Buscar_puesto_de_trabajo' successfully

2022-02-23 15:50:45 - [TEST_CASE][PASSED] - Test Cases/12.1-Pruebas_Planta_Personal/12.1.6-Buscar_puesto_de_trabajo: Test Cases/12.1-Pruebas_Planta_Personal/12.1.6-Buscar_puesto_de_trabajo

2022-02-23 15:50:45 - [TEST_STEP][PASSED] - callTestCase(findTestCase("0.1-Login"), [:], STOP_ON_FAILURE): Call Test Case 'Test Cases/0.1-Login' successfully

2022-02-23 15:50:45 - [TEST_CASE][PASSED] - Test Cases/0.1-Login: Test Cases/0.1-Login

2022-02-23 15:50:45 - [TEST_STEP][PASSED] - openBrowser(""): Browser is opened with url: ''

2022-02-23 15:50:45 - [MESSAGE][WARNING] - A browser is already opened. Closing browser and opening a new one

2022-02-23 15:50:46 - [MESSAGE][INFO] - Starting 'Chrome' driver

2022-02-23 15:50:46 - [MESSAGE][INFO] - Action delay is set to 0 milliseconds

2022-02-23 15:50:47 - [MESSAGE][PASSED] - Browser is opened with url: ''

2022-02-23 15:50:47 - [TEST_STEP][PASSED] - maximizeWindow(): Current window maximized

2022-02-23 15:50:47 - [MESSAGE][PASSED] - Current window maximized

2022-02-23 15:50:47 - [TEST_STEP][PASSED] - i = G_Login: null

2022-02-23 15:50:47 - [TEST_STEP][PASSED] - url = new java.net.URL(i): null

2022-02-23 15:50:47 - [TEST_STEP][PASSED] - println("URL: " + url.toString()): null

2022-02-23 15:50:47 - [TEST_STEP][PASSED] - connection = url.openConnection(): null

2022-02-23 15:50:47 - [TEST_STEP][PASSED] - connection.setRequestMethod("GET"): null

2022-02-23 15:50:47 - [TEST_STEP][PASSED] - connection.setReadTimeout(2 * 1000): null

2022-02-23 15:50:47 - [TEST_STEP][PASSED] - try: null

2022-02-23 15:50:47 - [TEST_STEP][PASSED] - connection.connect(): null

2022-02-23 15:50:47 - [TEST_STEP][PASSED] - flag = connected: null

2022-02-23 15:50:47 - [TEST_STEP][PASSED] - println("Valor_ori: " + flag): null

2022-02-23 15:50:47 - [TEST_STEP][PASSED] - if (flag): null

2022-02-23 15:50:47 - [TEST_STEP][PASSED] - navigateToUrl(i): Navigate to 'http://192.168.2.80:8380/saraweb' successfully

2022-02-23 15:50:48 - [MESSAGE][PASSED] - Navigate to 'http://192.168.2.80:8380/saraweb' successfully

2022-02-23 15:50:48 - [TEST_STEP][PASSED] - a(): null

2022-02-23 15:50:48 - [TEST_STEP][PASSED] - setText(findTestObject("Login/input_USUARIO_loginusuario"), G_Usuario): Text 'saraadmin' is set on object 'Object Repository/Login/input_USUARIO_loginusuario'

2022-02-23 15:50:49 - [MESSAGE][PASSED] - Text 'saraadmin' is set on object 'Object Repository/Login/input_USUARIO_loginusuario'

2022-02-23 15:50:49 - [TEST_STEP][PASSED] - setEncryptedText(findTestObject("Login/input_CLAVE_loginpassword"), "MkG4/TYiCFC3cb2driP7+Q=="): Text ****** has been set on object 'Object Repository/Login/input_CLAVE_loginpassword'

2022-02-23 15:50:49 - [MESSAGE][PASSED] - Text ****** has been set on object 'Object Repository/Login/input_CLAVE_loginpassword'

2022-02-23 15:50:49 - [TEST_STEP][PASSED] - waitForElementClickable(findTestObject("Login/a_Ingresar"), G_TimeOut): Object 'Object Repository/Login/a_Ingresar' is clickable

2022-02-23 15:50:50 - [MESSAGE][PASSED] - Object 'Object Repository/Login/a_Ingresar' is clickable

2022-02-23 15:50:50 - [TEST_STEP][PASSED] - click(findTestObject("Login/a_Ingresar")): Object: 'Object Repository/Login/a_Ingresar' is clicked on

2022-02-23 15:50:52 - [MESSAGE][PASSED] - Object: 'Object Repository/Login/a_Ingresar' is clicked on

2022-02-23 15:50:52 - [TEST_STEP][PASSED] - element = findWebElement(findTestObject("Login/a_Ir"), 30): null

2022-02-23 15:50:52 - [TEST_STEP][PASSED] - executeJavaScript("arguments[0].click()", Arrays.asList(element)): Execute JavaScript 'arguments[0].click()' successfully

2022-02-23 15:50:52 - [MESSAGE][PASSED] - Execute JavaScript 'arguments[0].click()' successfully

2022-02-23 15:50:52 - [MESSAGE][PASSED] - Call Test Case 'Test Cases/0.1-Login' successfully

2022-02-23 15:50:52 - [TEST_STEP][PASSED] - setText(findTestObject("input_Empresa 1_form_templatej_idt24_input"), "planta personal (tal)"): Text 'planta personal (tal)' is set on object 'Object Repository/input_Empresa 1_form_templatej_idt24_input'

2022-02-23 15:50:54 - [MESSAGE][PASSED] - Text 'planta personal (tal)' is set on object 'Object Repository/input_Empresa 1_form_templatej_idt24_input'

2022-02-23 15:50:54 - [TEST_STEP][PASSED] - click(findTestObject("Modulo Pruebas Planta de Personal/Buscar_puesto_de_trabajo/span_Planta Personal (ta")): Object: 'Object Repository/Modulo Pruebas Planta de Personal/Buscar_puesto_de_trabajo/span_Planta Personal (ta' is clicked on

2022-02-23 15:50:55 - [MESSAGE][PASSED] - Object: 'Object Repository/Modulo Pruebas Planta de Personal/Buscar_puesto_de_trabajo/span_Planta Personal (ta' is clicked on

2022-02-23 15:50:55 - [TEST_STEP][PASSED] - click(findTestObject("Modulo Pruebas Planta de Personal/Buscar_puesto_de_trabajo/a_Actos Administrativos_organigramabuscar")): Object: 'Object Repository/Modulo Pruebas Planta de Personal/Buscar_puesto_de_trabajo/a_Actos Administrativos_organigramabuscar' is clicked on

2022-02-23 15:50:56 - [MESSAGE][PASSED] - Object: 'Object Repository/Modulo Pruebas Planta de Personal/Buscar_puesto_de_trabajo/a_Actos Administrativos_organigramabuscar' is clicked on

2022-02-23 15:50:56 - [TEST_STEP][PASSED] - selectOptionByIndex(findTestObject("Modulo Pruebas Planta de Personal/Buscar_puesto_de_trabajo/select_--Seleccione--EmpleadoPuesto"), 2): All options with index in [2] are selected on object 'Object Repository/Modulo Pruebas Planta de Personal/Buscar_puesto_de_trabajo/select_--Seleccione--EmpleadoPuesto'

2022-02-23 15:50:58 - [MESSAGE][PASSED] - All options with index in [2] are selected on object 'Object Repository/Modulo Pruebas Planta de Personal/Buscar_puesto_de_trabajo/select_--Seleccione--EmpleadoPuesto'

2022-02-23 15:50:58 - [TEST_STEP][PASSED] - click(findTestObject("Modulo Pruebas Planta de Personal/Buscar_puesto_de_trabajo/a_Cargo_popupBusquedaPlantaj_idt279")): Object: 'Object Repository/Modulo Pruebas Planta de Personal/Buscar_puesto_de_trabajo/a_Cargo_popupBusquedaPlantaj_idt279' is clicked on

2022-02-23 15:50:58 - [MESSAGE][PASSED] - Object: 'Object Repository/Modulo Pruebas Planta de Personal/Buscar_puesto_de_trabajo/a_Cargo_popupBusquedaPlantaj_idt279' is clicked on

2022-02-23 15:50:58 - [TEST_STEP][PASSED] - click(findTestObject("Modulo Pruebas Planta de Personal/Buscar_puesto_de_trabajo/a_Unidad Organizacional_popupBusquedaPlantaj_idt274")): Object: 'Object Repository/Modulo Pruebas Planta de Personal/Buscar_puesto_de_trabajo/a_Unidad Organizacional_popupBusquedaPlantaj_idt274' is clicked on

2022-02-23 15:50:59 - [MESSAGE][PASSED] - Object: 'Object Repository/Modulo Pruebas Planta de Personal/Buscar_puesto_de_trabajo/a_Unidad Organizacional_popupBusquedaPlantaj_idt274' is clicked on

2022-02-23 15:50:59 - [TEST_STEP][PASSED] - setText(findTestObject("Modulo Pruebas Planta de Personal/Buscar_puesto_de_trabajo/input_Unidad_form_popupUnidadUsuarioj_idt880"), "administracion"): Text 'administracion' is set on object 'Object Repository/Modulo Pruebas Planta de Personal/Buscar_puesto_de_trabajo/input_Unidad_form_popupUnidadUsuarioj_idt880'

2022-02-23 15:51:00 - [MESSAGE][PASSED] - Text 'administracion' is set on object 'Object Repository/Modulo Pruebas Planta de Personal/Buscar_puesto_de_trabajo/input_Unidad_form_popupUnidadUsuarioj_idt880'

2022-02-23 15:51:00 - [TEST_STEP][PASSED] - sendKeys(findTestObject("Modulo Pruebas Planta de Personal/Buscar_puesto_de_trabajo/input_Unidad_form_popupUnidadUsuarioj_idt880"), Keys.chord(ENTER)): Keys 'ENTER + ' sent to object: 'Object Repository/Modulo Pruebas Planta de Personal/Buscar_puesto_de_trabajo/input_Unidad_form_popupUnidadUsuarioj_idt880'

2022-02-23 15:51:00 - [MESSAGE][PASSED] - Keys 'ENTER + ' sent to object: 'Object Repository/Modulo Pruebas Planta de Personal/Buscar_puesto_de_trabajo/input_Unidad_form_popupUnidadUsuarioj_idt880'

2022-02-23 15:51:00 - [TEST_STEP][PASSED] - click(findTestObject("Modulo Pruebas Planta de Personal/Buscar_puesto_de_trabajo/span_ADMINISTRACION")): Object: 'Object Repository/Modulo Pruebas Planta de Personal/Buscar_puesto_de_trabajo/span_ADMINISTRACION' is clicked on

2022-02-23 15:51:01 - [MESSAGE][PASSED] - Object: 'Object Repository/Modulo Pruebas Planta de Personal/Buscar_puesto_de_trabajo/span_ADMINISTRACION' is clicked on

2022-02-23 15:51:01 - [TEST_STEP][PASSED] - click(findTestObject("Modulo Pruebas Planta de Personal/Buscar_puesto_de_trabajo/a_Cargo_popupBusquedaPlantaj_idt2790")): Object: 'Object Repository/Modulo Pruebas Planta de Personal/Buscar_puesto_de_trabajo/a_Cargo_popupBusquedaPlantaj_idt2790' is clicked on

2022-02-23 15:51:02 - [MESSAGE][PASSED] - Object: 'Object Repository/Modulo Pruebas Planta de Personal/Buscar_puesto_de_trabajo/a_Cargo_popupBusquedaPlantaj_idt2790' is clicked on

2022-02-23 15:51:02 - [TEST_STEP][PASSED] - click(findTestObject("Modulo Pruebas Planta de Personal/Buscar_puesto_de_trabajo/span_ABOGADO")): Object: 'Object Repository/Modulo Pruebas Planta de Personal/Buscar_puesto_de_trabajo/span_ABOGADO' is clicked on

2022-02-23 15:51:02 - [MESSAGE][PASSED] - Object: 'Object Repository/Modulo Pruebas Planta de Personal/Buscar_puesto_de_trabajo/span_ABOGADO' is clicked on

2022-02-23 15:51:02 - [TEST_STEP][PASSED] - click(findTestObject("Modulo Pruebas Planta de Personal/Buscar_puesto_de_trabajo/span_20139    - Abogado")): Object: 'Object Repository/Modulo Pruebas Planta de Personal/Buscar_puesto_de_trabajo/span_20139    - Abogado' is clicked on

2022-02-23 15:51:03 - [MESSAGE][PASSED] - Object: 'Object Repository/Modulo Pruebas Planta de Personal/Buscar_puesto_de_trabajo/span_20139    - Abogado' is clicked on

2022-02-23 15:51:03 - [TEST_STEP][PASSED] - scrollToElement(findTestObject("Modulo Pruebas Planta de Personal/Buscar_puesto_de_trabajo/span_10308"), 0): Scroll to object 'Object Repository/Modulo Pruebas Planta de Personal/Buscar_puesto_de_trabajo/span_10308' successfully

2022-02-23 15:51:03 - [MESSAGE][WARNING] - Timeout '0' is invalid. Using default page load timeout: '30'

2022-02-23 15:51:05 - [MESSAGE][PASSED] - Scroll to object 'Object Repository/Modulo Pruebas Planta de Personal/Buscar_puesto_de_trabajo/span_10308' successfully

2022-02-23 15:51:05 - [MESSAGE][PASSED] - Call Test Case 'Test Cases/12.1-Pruebas_Planta_Personal/12.1.6-Buscar_puesto_de_trabajo' successfully

2022-02-23 15:51:05 - [TEST_STEP][PASSED] - click(findTestObject("Modulo Pruebas Planta de Personal/Copiar_perfil/a_Salgado . Paula_organigramaj_idt111")): Object: 'Object Repository/Modulo Pruebas Planta de Personal/Copiar_perfil/a_Salgado . Paula_organigramaj_idt111' is clicked on

2022-02-23 15:51:05 - [MESSAGE][PASSED] - Object: 'Object Repository/Modulo Pruebas Planta de Personal/Copiar_perfil/a_Salgado . Paula_organigramaj_idt111' is clicked on

2022-02-23 15:51:05 - [TEST_STEP][PASSED] - if (waitForElementVisible(findTestObject("Modulo Pruebas Planta de Personal/Copiar_perfil/a_Aceptar"), 1)): Web element with id: 'Object Repository/Modulo Pruebas Planta de Personal/Copiar_perfil/a_Aceptar' located by '//a[contains(text(),'Aceptar')]' not found

2022-02-23 15:51:08 - [MESSAGE][INFO] - Unable to find the element located by 'By.xpath: //a[contains(text(),'Aceptar')]'. Please recheck the objects properties to make sure the desired element is located. 

2022-02-23 15:51:08 - [MESSAGE][WARNING] - Web element with id: 'Object Repository/Modulo Pruebas Planta de Personal/Copiar_perfil/a_Aceptar' located by '//a[contains(text(),'Aceptar')]' not found

2022-02-23 15:51:08 - [TEST_STEP][PASSED] - click(findTestObject("Modulo Pruebas Planta de Personal/Copiar_perfil/a_Copiar Perfil")): Object: 'Object Repository/Modulo Pruebas Planta de Personal/Copiar_perfil/a_Copiar Perfil' is clicked on

2022-02-23 15:51:08 - [MESSAGE][PASSED] - Object: 'Object Repository/Modulo Pruebas Planta de Personal/Copiar_perfil/a_Copiar Perfil' is clicked on

2022-02-23 15:51:08 - [TEST_STEP][PASSED] - click(findTestObject("Modulo Pruebas Planta de Personal/Copiar_perfil/a_Unidad Organizacional_popupCopiarPerfilj_idt2011")): Object: 'Object Repository/Modulo Pruebas Planta de Personal/Copiar_perfil/a_Unidad Organizacional_popupCopiarPerfilj_idt2011' is clicked on

2022-02-23 15:51:09 - [MESSAGE][PASSED] - Object: 'Object Repository/Modulo Pruebas Planta de Personal/Copiar_perfil/a_Unidad Organizacional_popupCopiarPerfilj_idt2011' is clicked on

2022-02-23 15:51:09 - [TEST_STEP][PASSED] - setText(findTestObject("Modulo Pruebas Planta de Personal/Copiar_perfil/input_Unidad Organizacional_formPopUpUnidaddescripciones"), "ADMIN"): Text 'ADMIN' is set on object 'Object Repository/Modulo Pruebas Planta de Personal/Copiar_perfil/input_Unidad Organizacional_formPopUpUnidaddescripciones'

2022-02-23 15:51:10 - [MESSAGE][PASSED] - Text 'ADMIN' is set on object 'Object Repository/Modulo Pruebas Planta de Personal/Copiar_perfil/input_Unidad Organizacional_formPopUpUnidaddescripciones'

2022-02-23 15:51:10 - [TEST_STEP][PASSED] - sendKeys(findTestObject("Modulo Pruebas Planta de Personal/Copiar_perfil/input_Unidad Organizacional_formPopUpUnidaddescripciones"), Keys.chord(ENTER)): Keys 'ENTER + ' sent to object: 'Object Repository/Modulo Pruebas Planta de Personal/Copiar_perfil/input_Unidad Organizacional_formPopUpUnidaddescripciones'

2022-02-23 15:51:10 - [MESSAGE][PASSED] - Keys 'ENTER + ' sent to object: 'Object Repository/Modulo Pruebas Planta de Personal/Copiar_perfil/input_Unidad Organizacional_formPopUpUnidaddescripciones'

2022-02-23 15:51:10 - [TEST_STEP][PASSED] - click(findTestObject("Modulo Pruebas Planta de Personal/Copiar_perfil/td_ADMINISTRACION")): Object: 'Object Repository/Modulo Pruebas Planta de Personal/Copiar_perfil/td_ADMINISTRACION' is clicked on

2022-02-23 15:51:11 - [MESSAGE][PASSED] - Object: 'Object Repository/Modulo Pruebas Planta de Personal/Copiar_perfil/td_ADMINISTRACION' is clicked on

2022-02-23 15:51:11 - [TEST_STEP][PASSED] - click(findTestObject("Modulo Pruebas Planta de Personal/Copiar_perfil/a_Cargo_popupCopiarPerfilj_idt2016")): Object: 'Object Repository/Modulo Pruebas Planta de Personal/Copiar_perfil/a_Cargo_popupCopiarPerfilj_idt2016' is clicked on

2022-02-23 15:51:12 - [MESSAGE][PASSED] - Object: 'Object Repository/Modulo Pruebas Planta de Personal/Copiar_perfil/a_Cargo_popupCopiarPerfilj_idt2016' is clicked on

2022-02-23 15:51:12 - [TEST_STEP][PASSED] - click(findTestObject("Modulo Pruebas Planta de Personal/Copiar_perfil/span_40 MIL STAFF")): Object: 'Object Repository/Modulo Pruebas Planta de Personal/Copiar_perfil/span_40 MIL STAFF' is clicked on

2022-02-23 15:51:12 - [MESSAGE][PASSED] - Object: 'Object Repository/Modulo Pruebas Planta de Personal/Copiar_perfil/span_40 MIL STAFF' is clicked on

2022-02-23 15:51:13 - [TEST_STEP][PASSED] - check(findTestObject("Modulo Pruebas Planta de Personal/Copiar_perfil/div_Puesto_ui-chkbox-box ui-widget ui-corner-all ui-state-default ui-state-hover")): Object 'Object Repository/Modulo Pruebas Planta de Personal/Copiar_perfil/div_Puesto_ui-chkbox-box ui-widget ui-corner-all ui-state-default ui-state-hover' is checked

2022-02-23 15:51:14 - [MESSAGE][PASSED] - Object 'Object Repository/Modulo Pruebas Planta de Personal/Copiar_perfil/div_Puesto_ui-chkbox-box ui-widget ui-corner-all ui-state-default ui-state-hover' is checked

2022-02-23 15:51:14 - [TEST_STEP][PASSED] - click(findTestObject("Modulo Pruebas Planta de Personal/Copiar_perfil/a_Continuar")): Object: 'Object Repository/Modulo Pruebas Planta de Personal/Copiar_perfil/a_Continuar' is clicked on

2022-02-23 15:51:14 - [MESSAGE][PASSED] - Object: 'Object Repository/Modulo Pruebas Planta de Personal/Copiar_perfil/a_Continuar' is clicked on

2022-02-23 15:51:14 - [TEST_STEP][PASSED] - click(findTestObject("Modulo Pruebas Planta de Personal/Copiar_perfil/div_Descripcin_ui-chkbox-box ui-widget ui-corner-all ui-state-default")): Object: 'Object Repository/Modulo Pruebas Planta de Personal/Copiar_perfil/div_Descripcin_ui-chkbox-box ui-widget ui-corner-all ui-state-default' is clicked on

2022-02-23 15:51:15 - [MESSAGE][PASSED] - Object: 'Object Repository/Modulo Pruebas Planta de Personal/Copiar_perfil/div_Descripcin_ui-chkbox-box ui-widget ui-corner-all ui-state-default' is clicked on

2022-02-23 15:51:15 - [TEST_STEP][PASSED] - click(findTestObject("Modulo Pruebas Planta de Personal/Copiar_perfil/a_Aplicar")): Object: 'Object Repository/Modulo Pruebas Planta de Personal/Copiar_perfil/a_Aplicar' is clicked on

2022-02-23 15:51:16 - [MESSAGE][PASSED] - Object: 'Object Repository/Modulo Pruebas Planta de Personal/Copiar_perfil/a_Aplicar' is clicked on

2022-02-23 15:51:16 - [TEST_STEP][PASSED] - if (waitForElementVisible(findTestObject("Modulo Pruebas Planta de Personal/Copiar_perfil/p_Se ha realizado la copia del perfil a los puestos de trabajo seleccionados"), 1)): null

2022-02-23 15:51:16 - [MESSAGE][PASSED] - Object 'Object Repository/Modulo Pruebas Planta de Personal/Copiar_perfil/p_Se ha realizado la copia del perfil a los puestos de trabajo seleccionados' is visible

2022-02-23 15:51:16 - [TEST_STEP][PASSED] - closeBrowser(): Browser is closed

2022-02-23 15:51:17 - [MESSAGE][PASSED] - Browser is closed]]></system-out>
         <system-err><![CDATA[]]></system-err>
      </testcase>
      <testcase name="Test Cases/12.1-Pruebas_Planta_Personal/12.2.3-Crear_descripción_del_cargo_(PUESTO_TRABAJO_MULTIPLE)" time="23.583" classname="Test Cases/12.1-Pruebas_Planta_Personal/12.2.3-Crear_descripción_del_cargo_(PUESTO_TRABAJO_MULTIPLE)" status="PASSED">
         <system-out><![CDATA[2022-02-23 15:51:17 - [TEST_CASE][PASSED] - Test Cases/12.1-Pruebas_Planta_Personal/12.2.3-Crear_descripción_del_cargo_(PUESTO_TRABAJO_MULTIPLE): Test Cases/12.1-Pruebas_Planta_Personal/12.2.3-Crear_descripción_del_cargo_(PUESTO_TRABAJO_MULTIPLE)

2022-02-23 15:51:18 - [TEST_STEP][PASSED] - callTestCase(findTestCase("0.1-Login"), [:], STOP_ON_FAILURE): Call Test Case 'Test Cases/0.1-Login' successfully

2022-02-23 15:51:18 - [TEST_CASE][PASSED] - Test Cases/0.1-Login: Test Cases/0.1-Login

2022-02-23 15:51:18 - [TEST_STEP][PASSED] - openBrowser(""): Browser is opened with url: ''

2022-02-23 15:51:18 - [MESSAGE][INFO] - Starting 'Chrome' driver

2022-02-23 15:51:18 - [MESSAGE][INFO] - Action delay is set to 0 milliseconds

2022-02-23 15:51:19 - [MESSAGE][PASSED] - Browser is opened with url: ''

2022-02-23 15:51:19 - [TEST_STEP][PASSED] - maximizeWindow(): Current window maximized

2022-02-23 15:51:19 - [MESSAGE][PASSED] - Current window maximized

2022-02-23 15:51:19 - [TEST_STEP][PASSED] - i = G_Login: null

2022-02-23 15:51:19 - [TEST_STEP][PASSED] - url = new java.net.URL(i): null

2022-02-23 15:51:19 - [TEST_STEP][PASSED] - println("URL: " + url.toString()): null

2022-02-23 15:51:19 - [TEST_STEP][PASSED] - connection = url.openConnection(): null

2022-02-23 15:51:19 - [TEST_STEP][PASSED] - connection.setRequestMethod("GET"): null

2022-02-23 15:51:19 - [TEST_STEP][PASSED] - connection.setReadTimeout(2 * 1000): null

2022-02-23 15:51:19 - [TEST_STEP][PASSED] - try: null

2022-02-23 15:51:19 - [TEST_STEP][PASSED] - connection.connect(): null

2022-02-23 15:51:19 - [TEST_STEP][PASSED] - flag = connected: null

2022-02-23 15:51:19 - [TEST_STEP][PASSED] - println("Valor_ori: " + flag): null

2022-02-23 15:51:19 - [TEST_STEP][PASSED] - if (flag): null

2022-02-23 15:51:19 - [TEST_STEP][PASSED] - navigateToUrl(i): Navigate to 'http://192.168.2.80:8380/saraweb' successfully

2022-02-23 15:51:19 - [MESSAGE][PASSED] - Navigate to 'http://192.168.2.80:8380/saraweb' successfully

2022-02-23 15:51:19 - [TEST_STEP][PASSED] - a(): null

2022-02-23 15:51:19 - [TEST_STEP][PASSED] - setText(findTestObject("Login/input_USUARIO_loginusuario"), G_Usuario): Text 'saraadmin' is set on object 'Object Repository/Login/input_USUARIO_loginusuario'

2022-02-23 15:51:20 - [MESSAGE][PASSED] - Text 'saraadmin' is set on object 'Object Repository/Login/input_USUARIO_loginusuario'

2022-02-23 15:51:20 - [TEST_STEP][PASSED] - setEncryptedText(findTestObject("Login/input_CLAVE_loginpassword"), "MkG4/TYiCFC3cb2driP7+Q=="): Text ****** has been set on object 'Object Repository/Login/input_CLAVE_loginpassword'

2022-02-23 15:51:21 - [MESSAGE][PASSED] - Text ****** has been set on object 'Object Repository/Login/input_CLAVE_loginpassword'

2022-02-23 15:51:21 - [TEST_STEP][PASSED] - waitForElementClickable(findTestObject("Login/a_Ingresar"), G_TimeOut): Object 'Object Repository/Login/a_Ingresar' is clickable

2022-02-23 15:51:21 - [MESSAGE][PASSED] - Object 'Object Repository/Login/a_Ingresar' is clickable

2022-02-23 15:51:21 - [TEST_STEP][PASSED] - click(findTestObject("Login/a_Ingresar")): Object: 'Object Repository/Login/a_Ingresar' is clicked on

2022-02-23 15:51:22 - [MESSAGE][PASSED] - Object: 'Object Repository/Login/a_Ingresar' is clicked on

2022-02-23 15:51:22 - [TEST_STEP][PASSED] - element = findWebElement(findTestObject("Login/a_Ir"), 30): null

2022-02-23 15:51:23 - [TEST_STEP][PASSED] - executeJavaScript("arguments[0].click()", Arrays.asList(element)): Execute JavaScript 'arguments[0].click()' successfully

2022-02-23 15:51:23 - [MESSAGE][PASSED] - Execute JavaScript 'arguments[0].click()' successfully

2022-02-23 15:51:23 - [MESSAGE][PASSED] - Call Test Case 'Test Cases/0.1-Login' successfully

2022-02-23 15:51:23 - [TEST_STEP][PASSED] - setText(findTestObject("Modulo Pruebas Planta de Personal/Crear_descripción_del_cargo(Puesto_trabajo_multiple)/input_Empresa 1_form_templatej_idt24_input"), "Listado Descripcion Cargo (tal)"): Text 'Listado Descripcion Cargo (tal)' is set on object 'Object Repository/Modulo Pruebas Planta de Personal/Crear_descripción_del_cargo(Puesto_trabajo_multiple)/input_Empresa 1_form_templatej_idt24_input'

2022-02-23 15:51:24 - [MESSAGE][PASSED] - Text 'Listado Descripcion Cargo (tal)' is set on object 'Object Repository/Modulo Pruebas Planta de Personal/Crear_descripción_del_cargo(Puesto_trabajo_multiple)/input_Empresa 1_form_templatej_idt24_input'

2022-02-23 15:51:24 - [TEST_STEP][PASSED] - click(findTestObject("Modulo Pruebas Planta de Personal/Crear_descripción_del_cargo(Puesto_trabajo_multiple)/li_Listado Descripcion Cargo (tal)")): Object: 'Object Repository/Modulo Pruebas Planta de Personal/Crear_descripción_del_cargo(Puesto_trabajo_multiple)/li_Listado Descripcion Cargo (tal)' is clicked on

2022-02-23 15:51:26 - [MESSAGE][PASSED] - Object: 'Object Repository/Modulo Pruebas Planta de Personal/Crear_descripción_del_cargo(Puesto_trabajo_multiple)/li_Listado Descripcion Cargo (tal)' is clicked on

2022-02-23 15:51:26 - [TEST_STEP][PASSED] - click(findTestObject("Modulo Pruebas Planta de Personal/Crear_descripción_del_cargo(Puesto_trabajo_multiple)/a_Nuevo")): Object: 'Object Repository/Modulo Pruebas Planta de Personal/Crear_descripción_del_cargo(Puesto_trabajo_multiple)/a_Nuevo' is clicked on

2022-02-23 15:51:27 - [MESSAGE][PASSED] - Object: 'Object Repository/Modulo Pruebas Planta de Personal/Crear_descripción_del_cargo(Puesto_trabajo_multiple)/a_Nuevo' is clicked on

2022-02-23 15:51:27 - [TEST_STEP][PASSED] - click(findTestObject("Modulo Pruebas Planta de Personal/Crear_descripción_del_cargo(Puesto_trabajo_multiple)/a_Unidad Organizacional_form_listadoDescripcionCargoj_idt115")): Object: 'Object Repository/Modulo Pruebas Planta de Personal/Crear_descripción_del_cargo(Puesto_trabajo_multiple)/a_Unidad Organizacional_form_listadoDescripcionCargoj_idt115' is clicked on

2022-02-23 15:51:28 - [MESSAGE][PASSED] - Object: 'Object Repository/Modulo Pruebas Planta de Personal/Crear_descripción_del_cargo(Puesto_trabajo_multiple)/a_Unidad Organizacional_form_listadoDescripcionCargoj_idt115' is clicked on

2022-02-23 15:51:28 - [TEST_STEP][PASSED] - setText(findTestObject("Modulo Pruebas Planta de Personal/Crear_descripción_del_cargo(Puesto_trabajo_multiple)/input_Unidad_form_popupUnidadUsuarioj_idt612"), "ADMINISTRACION"): Text 'ADMINISTRACION' is set on object 'Object Repository/Modulo Pruebas Planta de Personal/Crear_descripción_del_cargo(Puesto_trabajo_multiple)/input_Unidad_form_popupUnidadUsuarioj_idt612'

2022-02-23 15:51:29 - [MESSAGE][PASSED] - Text 'ADMINISTRACION' is set on object 'Object Repository/Modulo Pruebas Planta de Personal/Crear_descripción_del_cargo(Puesto_trabajo_multiple)/input_Unidad_form_popupUnidadUsuarioj_idt612'

2022-02-23 15:51:29 - [TEST_STEP][PASSED] - sendKeys(findTestObject("Modulo Pruebas Planta de Personal/Crear_descripción_del_cargo(Puesto_trabajo_multiple)/input_Unidad_form_popupUnidadUsuarioj_idt612"), Keys.chord(ENTER)): Keys 'ENTER + ' sent to object: 'Object Repository/Modulo Pruebas Planta de Personal/Crear_descripción_del_cargo(Puesto_trabajo_multiple)/input_Unidad_form_popupUnidadUsuarioj_idt612'

2022-02-23 15:51:29 - [MESSAGE][PASSED] - Keys 'ENTER + ' sent to object: 'Object Repository/Modulo Pruebas Planta de Personal/Crear_descripción_del_cargo(Puesto_trabajo_multiple)/input_Unidad_form_popupUnidadUsuarioj_idt612'

2022-02-23 15:51:29 - [TEST_STEP][PASSED] - click(findTestObject("Modulo Pruebas Planta de Personal/Crear_descripción_del_cargo(Puesto_trabajo_multiple)/span_ADMINISTRACION")): Object: 'Object Repository/Modulo Pruebas Planta de Personal/Crear_descripción_del_cargo(Puesto_trabajo_multiple)/span_ADMINISTRACION' is clicked on

2022-02-23 15:51:31 - [MESSAGE][PASSED] - Object: 'Object Repository/Modulo Pruebas Planta de Personal/Crear_descripción_del_cargo(Puesto_trabajo_multiple)/span_ADMINISTRACION' is clicked on

2022-02-23 15:51:31 - [TEST_STEP][PASSED] - click(findTestObject("Modulo Pruebas Planta de Personal/Crear_descripción_del_cargo(Puesto_trabajo_multiple)/a_Cargo_form_listadoDescripcionCargoj_idt120")): Object: 'Object Repository/Modulo Pruebas Planta de Personal/Crear_descripción_del_cargo(Puesto_trabajo_multiple)/a_Cargo_form_listadoDescripcionCargoj_idt120' is clicked on

2022-02-23 15:51:31 - [MESSAGE][PASSED] - Object: 'Object Repository/Modulo Pruebas Planta de Personal/Crear_descripción_del_cargo(Puesto_trabajo_multiple)/a_Cargo_form_listadoDescripcionCargoj_idt120' is clicked on

2022-02-23 15:51:31 - [TEST_STEP][PASSED] - click(findTestObject("Modulo Pruebas Planta de Personal/Crear_descripción_del_cargo(Puesto_trabajo_multiple)/span_ABOGADO")): Object: 'Object Repository/Modulo Pruebas Planta de Personal/Crear_descripción_del_cargo(Puesto_trabajo_multiple)/span_ABOGADO' is clicked on

2022-02-23 15:51:32 - [MESSAGE][PASSED] - Object: 'Object Repository/Modulo Pruebas Planta de Personal/Crear_descripción_del_cargo(Puesto_trabajo_multiple)/span_ABOGADO' is clicked on

2022-02-23 15:51:32 - [TEST_STEP][PASSED] - click(findTestObject("Modulo Pruebas Planta de Personal/Crear_descripción_del_cargo(Puesto_trabajo_multiple)/span_20139    - Abogado")): Object: 'Object Repository/Modulo Pruebas Planta de Personal/Crear_descripción_del_cargo(Puesto_trabajo_multiple)/span_20139    - Abogado' is clicked on

2022-02-23 15:51:33 - [MESSAGE][PASSED] - Object: 'Object Repository/Modulo Pruebas Planta de Personal/Crear_descripción_del_cargo(Puesto_trabajo_multiple)/span_20139    - Abogado' is clicked on

2022-02-23 15:51:33 - [TEST_STEP][PASSED] - setText(findTestObject("Modulo Pruebas Planta de Personal/Crear_descripción_del_cargo(Puesto_trabajo_multiple)/input__descripcionCargo_formj_idt7270fecha_input"), "01/07/2021"): Text '01/07/2021' is set on object 'Object Repository/Modulo Pruebas Planta de Personal/Crear_descripción_del_cargo(Puesto_trabajo_multiple)/input__descripcionCargo_formj_idt7270fecha_input'

2022-02-23 15:51:35 - [MESSAGE][PASSED] - Text '01/07/2021' is set on object 'Object Repository/Modulo Pruebas Planta de Personal/Crear_descripción_del_cargo(Puesto_trabajo_multiple)/input__descripcionCargo_formj_idt7270fecha_input'

2022-02-23 15:51:35 - [TEST_STEP][PASSED] - setText(findTestObject("Modulo Pruebas Planta de Personal/Crear_descripción_del_cargo(Puesto_trabajo_multiple)/textarea__descripcionCargo_formj_idt7272idTexto5"), "pruebas katalon"): Text 'pruebas katalon' is set on object 'Object Repository/Modulo Pruebas Planta de Personal/Crear_descripción_del_cargo(Puesto_trabajo_multiple)/textarea__descripcionCargo_formj_idt7272idTexto5'

2022-02-23 15:51:36 - [MESSAGE][PASSED] - Text 'pruebas katalon' is set on object 'Object Repository/Modulo Pruebas Planta de Personal/Crear_descripción_del_cargo(Puesto_trabajo_multiple)/textarea__descripcionCargo_formj_idt7272idTexto5'

2022-02-23 15:51:36 - [TEST_STEP][PASSED] - setText(findTestObject("Modulo Pruebas Planta de Personal/Crear_descripción_del_cargo(Puesto_trabajo_multiple)/textarea__descripcionCargo_formj_idt7274idTexto5"), "pruebas katalon"): Text 'pruebas katalon' is set on object 'Object Repository/Modulo Pruebas Planta de Personal/Crear_descripción_del_cargo(Puesto_trabajo_multiple)/textarea__descripcionCargo_formj_idt7274idTexto5'

2022-02-23 15:51:37 - [MESSAGE][PASSED] - Text 'pruebas katalon' is set on object 'Object Repository/Modulo Pruebas Planta de Personal/Crear_descripción_del_cargo(Puesto_trabajo_multiple)/textarea__descripcionCargo_formj_idt7274idTexto5'

2022-02-23 15:51:37 - [TEST_STEP][PASSED] - setText(findTestObject("Modulo Pruebas Planta de Personal/Crear_descripción_del_cargo(Puesto_trabajo_multiple)/textarea__descripcionCargo_formj_idt7276idTexto5"), "pruebas katalon"): Text 'pruebas katalon' is set on object 'Object Repository/Modulo Pruebas Planta de Personal/Crear_descripción_del_cargo(Puesto_trabajo_multiple)/textarea__descripcionCargo_formj_idt7276idTexto5'

2022-02-23 15:51:37 - [MESSAGE][PASSED] - Text 'pruebas katalon' is set on object 'Object Repository/Modulo Pruebas Planta de Personal/Crear_descripción_del_cargo(Puesto_trabajo_multiple)/textarea__descripcionCargo_formj_idt7276idTexto5'

2022-02-23 15:51:37 - [TEST_STEP][PASSED] - setText(findTestObject("Modulo Pruebas Planta de Personal/Crear_descripción_del_cargo(Puesto_trabajo_multiple)/textarea__descripcionCargo_formj_idt7277idTexto5"), "pruebas katalon"): Text 'pruebas katalon' is set on object 'Object Repository/Modulo Pruebas Planta de Personal/Crear_descripción_del_cargo(Puesto_trabajo_multiple)/textarea__descripcionCargo_formj_idt7277idTexto5'

2022-02-23 15:51:38 - [MESSAGE][PASSED] - Text 'pruebas katalon' is set on object 'Object Repository/Modulo Pruebas Planta de Personal/Crear_descripción_del_cargo(Puesto_trabajo_multiple)/textarea__descripcionCargo_formj_idt7277idTexto5'

2022-02-23 15:51:38 - [TEST_STEP][PASSED] - click(findTestObject("Modulo Pruebas Planta de Personal/Crear_descripción_del_cargo(Puesto_trabajo_multiple)/a_Guardar")): Object: 'Object Repository/Modulo Pruebas Planta de Personal/Crear_descripción_del_cargo(Puesto_trabajo_multiple)/a_Guardar' is clicked on

2022-02-23 15:51:39 - [MESSAGE][PASSED] - Object: 'Object Repository/Modulo Pruebas Planta de Personal/Crear_descripción_del_cargo(Puesto_trabajo_multiple)/a_Guardar' is clicked on

2022-02-23 15:51:39 - [TEST_STEP][PASSED] - if (waitForElementVisible(findTestObject("Modulo Pruebas Planta de Personal/Crear_descripción_del_cargo(Puesto_trabajo_multiple)/a_Definir_Perfil"), 1)): null

2022-02-23 15:51:40 - [MESSAGE][PASSED] - Object 'Object Repository/Modulo Pruebas Planta de Personal/Crear_descripción_del_cargo(Puesto_trabajo_multiple)/a_Definir_Perfil' is visible

2022-02-23 15:51:40 - [TEST_STEP][PASSED] - closeBrowser(): Browser is closed

2022-02-23 15:51:41 - [MESSAGE][PASSED] - Browser is closed]]></system-out>
         <system-err><![CDATA[]]></system-err>
      </testcase>
      <testcase name="Test Cases/12.1-Pruebas_Planta_Personal/12.2.4-Copiar_perfil_(Puesto_de_Trabajo)" time="33.957" classname="Test Cases/12.1-Pruebas_Planta_Personal/12.2.4-Copiar_perfil_(Puesto_de_Trabajo)" status="PASSED">
         <system-out><![CDATA[2022-02-23 15:51:41 - [TEST_CASE][PASSED] - Test Cases/12.1-Pruebas_Planta_Personal/12.2.4-Copiar_perfil_(Puesto_de_Trabajo): Test Cases/12.1-Pruebas_Planta_Personal/12.2.4-Copiar_perfil_(Puesto_de_Trabajo)

2022-02-23 15:51:41 - [TEST_STEP][PASSED] - callTestCase(findTestCase("12.1-Pruebas_Planta_Personal/12.1.6-Buscar_puesto_de_trabajo"), [:], STOP_ON_FAILURE): Call Test Case 'Test Cases/12.1-Pruebas_Planta_Personal/12.1.6-Buscar_puesto_de_trabajo' successfully

2022-02-23 15:51:41 - [TEST_CASE][PASSED] - Test Cases/12.1-Pruebas_Planta_Personal/12.1.6-Buscar_puesto_de_trabajo: Test Cases/12.1-Pruebas_Planta_Personal/12.1.6-Buscar_puesto_de_trabajo

2022-02-23 15:51:41 - [TEST_STEP][PASSED] - callTestCase(findTestCase("0.1-Login"), [:], STOP_ON_FAILURE): Call Test Case 'Test Cases/0.1-Login' successfully

2022-02-23 15:51:41 - [TEST_CASE][PASSED] - Test Cases/0.1-Login: Test Cases/0.1-Login

2022-02-23 15:51:41 - [TEST_STEP][PASSED] - openBrowser(""): Browser is opened with url: ''

2022-02-23 15:51:41 - [MESSAGE][INFO] - Starting 'Chrome' driver

2022-02-23 15:51:41 - [MESSAGE][INFO] - Action delay is set to 0 milliseconds

2022-02-23 15:51:43 - [MESSAGE][PASSED] - Browser is opened with url: ''

2022-02-23 15:51:43 - [TEST_STEP][PASSED] - maximizeWindow(): Current window maximized

2022-02-23 15:51:43 - [MESSAGE][PASSED] - Current window maximized

2022-02-23 15:51:43 - [TEST_STEP][PASSED] - i = G_Login: null

2022-02-23 15:51:43 - [TEST_STEP][PASSED] - url = new java.net.URL(i): null

2022-02-23 15:51:43 - [TEST_STEP][PASSED] - println("URL: " + url.toString()): null

2022-02-23 15:51:43 - [TEST_STEP][PASSED] - connection = url.openConnection(): null

2022-02-23 15:51:43 - [TEST_STEP][PASSED] - connection.setRequestMethod("GET"): null

2022-02-23 15:51:43 - [TEST_STEP][PASSED] - connection.setReadTimeout(2 * 1000): null

2022-02-23 15:51:43 - [TEST_STEP][PASSED] - try: null

2022-02-23 15:51:43 - [TEST_STEP][PASSED] - connection.connect(): null

2022-02-23 15:51:43 - [TEST_STEP][PASSED] - flag = connected: null

2022-02-23 15:51:43 - [TEST_STEP][PASSED] - println("Valor_ori: " + flag): null

2022-02-23 15:51:43 - [TEST_STEP][PASSED] - if (flag): null

2022-02-23 15:51:43 - [TEST_STEP][PASSED] - navigateToUrl(i): Navigate to 'http://192.168.2.80:8380/saraweb' successfully

2022-02-23 15:51:43 - [MESSAGE][PASSED] - Navigate to 'http://192.168.2.80:8380/saraweb' successfully

2022-02-23 15:51:43 - [TEST_STEP][PASSED] - a(): null

2022-02-23 15:51:43 - [TEST_STEP][PASSED] - setText(findTestObject("Login/input_USUARIO_loginusuario"), G_Usuario): Text 'saraadmin' is set on object 'Object Repository/Login/input_USUARIO_loginusuario'

2022-02-23 15:51:44 - [MESSAGE][PASSED] - Text 'saraadmin' is set on object 'Object Repository/Login/input_USUARIO_loginusuario'

2022-02-23 15:51:44 - [TEST_STEP][PASSED] - setEncryptedText(findTestObject("Login/input_CLAVE_loginpassword"), "MkG4/TYiCFC3cb2driP7+Q=="): Text ****** has been set on object 'Object Repository/Login/input_CLAVE_loginpassword'

2022-02-23 15:51:44 - [MESSAGE][PASSED] - Text ****** has been set on object 'Object Repository/Login/input_CLAVE_loginpassword'

2022-02-23 15:51:44 - [TEST_STEP][PASSED] - waitForElementClickable(findTestObject("Login/a_Ingresar"), G_TimeOut): Object 'Object Repository/Login/a_Ingresar' is clickable

2022-02-23 15:51:45 - [MESSAGE][PASSED] - Object 'Object Repository/Login/a_Ingresar' is clickable

2022-02-23 15:51:45 - [TEST_STEP][PASSED] - click(findTestObject("Login/a_Ingresar")): Object: 'Object Repository/Login/a_Ingresar' is clicked on

2022-02-23 15:51:47 - [MESSAGE][PASSED] - Object: 'Object Repository/Login/a_Ingresar' is clicked on

2022-02-23 15:51:47 - [TEST_STEP][PASSED] - element = findWebElement(findTestObject("Login/a_Ir"), 30): null

2022-02-23 15:51:48 - [TEST_STEP][PASSED] - executeJavaScript("arguments[0].click()", Arrays.asList(element)): Execute JavaScript 'arguments[0].click()' successfully

2022-02-23 15:51:48 - [MESSAGE][PASSED] - Execute JavaScript 'arguments[0].click()' successfully

2022-02-23 15:51:48 - [MESSAGE][PASSED] - Call Test Case 'Test Cases/0.1-Login' successfully

2022-02-23 15:51:48 - [TEST_STEP][PASSED] - setText(findTestObject("input_Empresa 1_form_templatej_idt24_input"), "planta personal (tal)"): Text 'planta personal (tal)' is set on object 'Object Repository/input_Empresa 1_form_templatej_idt24_input'

2022-02-23 15:51:49 - [MESSAGE][PASSED] - Text 'planta personal (tal)' is set on object 'Object Repository/input_Empresa 1_form_templatej_idt24_input'

2022-02-23 15:51:49 - [TEST_STEP][PASSED] - click(findTestObject("Modulo Pruebas Planta de Personal/Buscar_puesto_de_trabajo/span_Planta Personal (ta")): Object: 'Object Repository/Modulo Pruebas Planta de Personal/Buscar_puesto_de_trabajo/span_Planta Personal (ta' is clicked on

2022-02-23 15:51:51 - [MESSAGE][PASSED] - Object: 'Object Repository/Modulo Pruebas Planta de Personal/Buscar_puesto_de_trabajo/span_Planta Personal (ta' is clicked on

2022-02-23 15:51:51 - [TEST_STEP][PASSED] - click(findTestObject("Modulo Pruebas Planta de Personal/Buscar_puesto_de_trabajo/a_Actos Administrativos_organigramabuscar")): Object: 'Object Repository/Modulo Pruebas Planta de Personal/Buscar_puesto_de_trabajo/a_Actos Administrativos_organigramabuscar' is clicked on

2022-02-23 15:51:52 - [MESSAGE][PASSED] - Object: 'Object Repository/Modulo Pruebas Planta de Personal/Buscar_puesto_de_trabajo/a_Actos Administrativos_organigramabuscar' is clicked on

2022-02-23 15:51:52 - [TEST_STEP][PASSED] - selectOptionByIndex(findTestObject("Modulo Pruebas Planta de Personal/Buscar_puesto_de_trabajo/select_--Seleccione--EmpleadoPuesto"), 2): All options with index in [2] are selected on object 'Object Repository/Modulo Pruebas Planta de Personal/Buscar_puesto_de_trabajo/select_--Seleccione--EmpleadoPuesto'

2022-02-23 15:51:53 - [MESSAGE][PASSED] - All options with index in [2] are selected on object 'Object Repository/Modulo Pruebas Planta de Personal/Buscar_puesto_de_trabajo/select_--Seleccione--EmpleadoPuesto'

2022-02-23 15:51:53 - [TEST_STEP][PASSED] - click(findTestObject("Modulo Pruebas Planta de Personal/Buscar_puesto_de_trabajo/a_Cargo_popupBusquedaPlantaj_idt279")): Object: 'Object Repository/Modulo Pruebas Planta de Personal/Buscar_puesto_de_trabajo/a_Cargo_popupBusquedaPlantaj_idt279' is clicked on

2022-02-23 15:51:54 - [MESSAGE][PASSED] - Object: 'Object Repository/Modulo Pruebas Planta de Personal/Buscar_puesto_de_trabajo/a_Cargo_popupBusquedaPlantaj_idt279' is clicked on

2022-02-23 15:51:54 - [TEST_STEP][PASSED] - click(findTestObject("Modulo Pruebas Planta de Personal/Buscar_puesto_de_trabajo/a_Unidad Organizacional_popupBusquedaPlantaj_idt274")): Object: 'Object Repository/Modulo Pruebas Planta de Personal/Buscar_puesto_de_trabajo/a_Unidad Organizacional_popupBusquedaPlantaj_idt274' is clicked on

2022-02-23 15:51:54 - [MESSAGE][PASSED] - Object: 'Object Repository/Modulo Pruebas Planta de Personal/Buscar_puesto_de_trabajo/a_Unidad Organizacional_popupBusquedaPlantaj_idt274' is clicked on

2022-02-23 15:51:54 - [TEST_STEP][PASSED] - setText(findTestObject("Modulo Pruebas Planta de Personal/Buscar_puesto_de_trabajo/input_Unidad_form_popupUnidadUsuarioj_idt880"), "administracion"): Text 'administracion' is set on object 'Object Repository/Modulo Pruebas Planta de Personal/Buscar_puesto_de_trabajo/input_Unidad_form_popupUnidadUsuarioj_idt880'

2022-02-23 15:51:55 - [MESSAGE][PASSED] - Text 'administracion' is set on object 'Object Repository/Modulo Pruebas Planta de Personal/Buscar_puesto_de_trabajo/input_Unidad_form_popupUnidadUsuarioj_idt880'

2022-02-23 15:51:55 - [TEST_STEP][PASSED] - sendKeys(findTestObject("Modulo Pruebas Planta de Personal/Buscar_puesto_de_trabajo/input_Unidad_form_popupUnidadUsuarioj_idt880"), Keys.chord(ENTER)): Keys 'ENTER + ' sent to object: 'Object Repository/Modulo Pruebas Planta de Personal/Buscar_puesto_de_trabajo/input_Unidad_form_popupUnidadUsuarioj_idt880'

2022-02-23 15:51:56 - [MESSAGE][PASSED] - Keys 'ENTER + ' sent to object: 'Object Repository/Modulo Pruebas Planta de Personal/Buscar_puesto_de_trabajo/input_Unidad_form_popupUnidadUsuarioj_idt880'

2022-02-23 15:51:56 - [TEST_STEP][PASSED] - click(findTestObject("Modulo Pruebas Planta de Personal/Buscar_puesto_de_trabajo/span_ADMINISTRACION")): Object: 'Object Repository/Modulo Pruebas Planta de Personal/Buscar_puesto_de_trabajo/span_ADMINISTRACION' is clicked on

2022-02-23 15:51:56 - [MESSAGE][PASSED] - Object: 'Object Repository/Modulo Pruebas Planta de Personal/Buscar_puesto_de_trabajo/span_ADMINISTRACION' is clicked on

2022-02-23 15:51:56 - [TEST_STEP][PASSED] - click(findTestObject("Modulo Pruebas Planta de Personal/Buscar_puesto_de_trabajo/a_Cargo_popupBusquedaPlantaj_idt2790")): Object: 'Object Repository/Modulo Pruebas Planta de Personal/Buscar_puesto_de_trabajo/a_Cargo_popupBusquedaPlantaj_idt2790' is clicked on

2022-02-23 15:51:57 - [MESSAGE][PASSED] - Object: 'Object Repository/Modulo Pruebas Planta de Personal/Buscar_puesto_de_trabajo/a_Cargo_popupBusquedaPlantaj_idt2790' is clicked on

2022-02-23 15:51:57 - [TEST_STEP][PASSED] - click(findTestObject("Modulo Pruebas Planta de Personal/Buscar_puesto_de_trabajo/span_ABOGADO")): Object: 'Object Repository/Modulo Pruebas Planta de Personal/Buscar_puesto_de_trabajo/span_ABOGADO' is clicked on

2022-02-23 15:51:58 - [MESSAGE][PASSED] - Object: 'Object Repository/Modulo Pruebas Planta de Personal/Buscar_puesto_de_trabajo/span_ABOGADO' is clicked on

2022-02-23 15:51:58 - [TEST_STEP][PASSED] - click(findTestObject("Modulo Pruebas Planta de Personal/Buscar_puesto_de_trabajo/span_20139    - Abogado")): Object: 'Object Repository/Modulo Pruebas Planta de Personal/Buscar_puesto_de_trabajo/span_20139    - Abogado' is clicked on

2022-02-23 15:51:59 - [MESSAGE][PASSED] - Object: 'Object Repository/Modulo Pruebas Planta de Personal/Buscar_puesto_de_trabajo/span_20139    - Abogado' is clicked on

2022-02-23 15:51:59 - [TEST_STEP][PASSED] - scrollToElement(findTestObject("Modulo Pruebas Planta de Personal/Buscar_puesto_de_trabajo/span_10308"), 0): Scroll to object 'Object Repository/Modulo Pruebas Planta de Personal/Buscar_puesto_de_trabajo/span_10308' successfully

2022-02-23 15:51:59 - [MESSAGE][WARNING] - Timeout '0' is invalid. Using default page load timeout: '30'

2022-02-23 15:51:59 - [MESSAGE][PASSED] - Scroll to object 'Object Repository/Modulo Pruebas Planta de Personal/Buscar_puesto_de_trabajo/span_10308' successfully

2022-02-23 15:51:59 - [MESSAGE][PASSED] - Call Test Case 'Test Cases/12.1-Pruebas_Planta_Personal/12.1.6-Buscar_puesto_de_trabajo' successfully

2022-02-23 15:51:59 - [TEST_STEP][PASSED] - click(findTestObject("Modulo Pruebas Planta de Personal/Copiar_perfil_(Puesto_de_Trabajo)/span_20145    - 40 Mil Staff")): Object: 'Object Repository/Modulo Pruebas Planta de Personal/Copiar_perfil_(Puesto_de_Trabajo)/span_20145    - 40 Mil Staff' is clicked on

2022-02-23 15:52:00 - [MESSAGE][PASSED] - Object: 'Object Repository/Modulo Pruebas Planta de Personal/Copiar_perfil_(Puesto_de_Trabajo)/span_20145    - 40 Mil Staff' is clicked on

2022-02-23 15:52:00 - [TEST_STEP][PASSED] - scrollToElement(findTestObject("Modulo Pruebas Planta de Personal/Copiar_perfil_(Puesto_de_Trabajo)/div_Salgado . Paula 40 Mil Staff"), 0): Scroll to object 'Object Repository/Modulo Pruebas Planta de Personal/Copiar_perfil_(Puesto_de_Trabajo)/div_Salgado . Paula 40 Mil Staff' successfully

2022-02-23 15:52:00 - [MESSAGE][WARNING] - Timeout '0' is invalid. Using default page load timeout: '30'

2022-02-23 15:52:01 - [MESSAGE][PASSED] - Scroll to object 'Object Repository/Modulo Pruebas Planta de Personal/Copiar_perfil_(Puesto_de_Trabajo)/div_Salgado . Paula 40 Mil Staff' successfully

2022-02-23 15:52:01 - [TEST_STEP][PASSED] - click(findTestObject("Modulo Pruebas Planta de Personal/Copiar_perfil_(Puesto_de_Trabajo)/a_Salgado . Paula_organigramaj_idt111")): Object: 'Object Repository/Modulo Pruebas Planta de Personal/Copiar_perfil_(Puesto_de_Trabajo)/a_Salgado . Paula_organigramaj_idt111' is clicked on

2022-02-23 15:52:01 - [MESSAGE][PASSED] - Object: 'Object Repository/Modulo Pruebas Planta de Personal/Copiar_perfil_(Puesto_de_Trabajo)/a_Salgado . Paula_organigramaj_idt111' is clicked on

2022-02-23 15:52:01 - [TEST_STEP][PASSED] - if (waitForElementVisible(findTestObject("Modulo Pruebas Planta de Personal/Copiar_perfil_(Puesto_de_Trabajo)/a_Aceptar"), 1)): null

2022-02-23 15:52:03 - [MESSAGE][PASSED] - Object 'Object Repository/Modulo Pruebas Planta de Personal/Copiar_perfil_(Puesto_de_Trabajo)/a_Aceptar' is visible

2022-02-23 15:52:03 - [TEST_STEP][PASSED] - click(findTestObject("Modulo Pruebas Planta de Personal/Copiar_perfil_(Puesto_de_Trabajo)/a_Aceptar")): Object: 'Object Repository/Modulo Pruebas Planta de Personal/Copiar_perfil_(Puesto_de_Trabajo)/a_Aceptar' is clicked on

2022-02-23 15:52:03 - [MESSAGE][PASSED] - Object: 'Object Repository/Modulo Pruebas Planta de Personal/Copiar_perfil_(Puesto_de_Trabajo)/a_Aceptar' is clicked on

2022-02-23 15:52:03 - [TEST_STEP][PASSED] - click(findTestObject("Modulo Pruebas Planta de Personal/Copiar_perfil_(Puesto_de_Trabajo)/a_Copiar Perfil")): Object: 'Object Repository/Modulo Pruebas Planta de Personal/Copiar_perfil_(Puesto_de_Trabajo)/a_Copiar Perfil' is clicked on

2022-02-23 15:52:04 - [MESSAGE][PASSED] - Object: 'Object Repository/Modulo Pruebas Planta de Personal/Copiar_perfil_(Puesto_de_Trabajo)/a_Copiar Perfil' is clicked on

2022-02-23 15:52:04 - [TEST_STEP][PASSED] - click(findTestObject("Modulo Pruebas Planta de Personal/Copiar_perfil_(Puesto_de_Trabajo)/a_Unidad Organizacional_popupCopiarPerfilj_idt2011")): Object: 'Object Repository/Modulo Pruebas Planta de Personal/Copiar_perfil_(Puesto_de_Trabajo)/a_Unidad Organizacional_popupCopiarPerfilj_idt2011' is clicked on

2022-02-23 15:52:06 - [MESSAGE][PASSED] - Object: 'Object Repository/Modulo Pruebas Planta de Personal/Copiar_perfil_(Puesto_de_Trabajo)/a_Unidad Organizacional_popupCopiarPerfilj_idt2011' is clicked on

2022-02-23 15:52:06 - [TEST_STEP][PASSED] - setText(findTestObject("Modulo Pruebas Planta de Personal/Copiar_perfil_(Puesto_de_Trabajo)/input_Unidad Organizacional_formPopUpUnidaddescripciones"), "administracion"): Text 'administracion' is set on object 'Object Repository/Modulo Pruebas Planta de Personal/Copiar_perfil_(Puesto_de_Trabajo)/input_Unidad Organizacional_formPopUpUnidaddescripciones'

2022-02-23 15:52:07 - [MESSAGE][PASSED] - Text 'administracion' is set on object 'Object Repository/Modulo Pruebas Planta de Personal/Copiar_perfil_(Puesto_de_Trabajo)/input_Unidad Organizacional_formPopUpUnidaddescripciones'

2022-02-23 15:52:07 - [TEST_STEP][PASSED] - sendKeys(findTestObject("Modulo Pruebas Planta de Personal/Copiar_perfil_(Puesto_de_Trabajo)/input_Unidad Organizacional_formPopUpUnidaddescripciones"), Keys.chord(ENTER)): Keys 'ENTER + ' sent to object: 'Object Repository/Modulo Pruebas Planta de Personal/Copiar_perfil_(Puesto_de_Trabajo)/input_Unidad Organizacional_formPopUpUnidaddescripciones'

2022-02-23 15:52:07 - [MESSAGE][PASSED] - Keys 'ENTER + ' sent to object: 'Object Repository/Modulo Pruebas Planta de Personal/Copiar_perfil_(Puesto_de_Trabajo)/input_Unidad Organizacional_formPopUpUnidaddescripciones'

2022-02-23 15:52:07 - [TEST_STEP][PASSED] - click(findTestObject("Modulo Pruebas Planta de Personal/Copiar_perfil_(Puesto_de_Trabajo)/span_ADMINISTRACION")): Object: 'Object Repository/Modulo Pruebas Planta de Personal/Copiar_perfil_(Puesto_de_Trabajo)/span_ADMINISTRACION' is clicked on

2022-02-23 15:52:08 - [MESSAGE][PASSED] - Object: 'Object Repository/Modulo Pruebas Planta de Personal/Copiar_perfil_(Puesto_de_Trabajo)/span_ADMINISTRACION' is clicked on

2022-02-23 15:52:08 - [TEST_STEP][PASSED] - click(findTestObject("Modulo Pruebas Planta de Personal/Copiar_perfil_(Puesto_de_Trabajo)/a_Cargo_popupCopiarPerfilj_idt2016")): Object: 'Object Repository/Modulo Pruebas Planta de Personal/Copiar_perfil_(Puesto_de_Trabajo)/a_Cargo_popupCopiarPerfilj_idt2016' is clicked on

2022-02-23 15:52:09 - [MESSAGE][PASSED] - Object: 'Object Repository/Modulo Pruebas Planta de Personal/Copiar_perfil_(Puesto_de_Trabajo)/a_Cargo_popupCopiarPerfilj_idt2016' is clicked on

2022-02-23 15:52:09 - [TEST_STEP][PASSED] - click(findTestObject("Modulo Pruebas Planta de Personal/Copiar_perfil_(Puesto_de_Trabajo)/span_40 MIL STAFF")): Object: 'Object Repository/Modulo Pruebas Planta de Personal/Copiar_perfil_(Puesto_de_Trabajo)/span_40 MIL STAFF' is clicked on

2022-02-23 15:52:10 - [MESSAGE][PASSED] - Object: 'Object Repository/Modulo Pruebas Planta de Personal/Copiar_perfil_(Puesto_de_Trabajo)/span_40 MIL STAFF' is clicked on

2022-02-23 15:52:10 - [TEST_STEP][PASSED] - check(findTestObject("Modulo Pruebas Planta de Personal/Copiar_perfil_(Puesto_de_Trabajo)/select_Reemplazar RegistrosAdicionar Registros"), STOP_ON_FAILURE): Object 'Object Repository/Modulo Pruebas Planta de Personal/Copiar_perfil_(Puesto_de_Trabajo)/select_Reemplazar RegistrosAdicionar Registros' is checked

2022-02-23 15:52:11 - [MESSAGE][PASSED] - Object 'Object Repository/Modulo Pruebas Planta de Personal/Copiar_perfil_(Puesto_de_Trabajo)/select_Reemplazar RegistrosAdicionar Registros' is checked

2022-02-23 15:52:11 - [TEST_STEP][PASSED] - click(findTestObject("Modulo Pruebas Planta de Personal/Copiar_perfil_(Puesto_de_Trabajo)/span_Puesto_ui-chkbox-icon ui-icon ui-icon-check ui-c")): Object: 'Object Repository/Modulo Pruebas Planta de Personal/Copiar_perfil_(Puesto_de_Trabajo)/span_Puesto_ui-chkbox-icon ui-icon ui-icon-check ui-c' is clicked on

2022-02-23 15:52:11 - [MESSAGE][PASSED] - Object: 'Object Repository/Modulo Pruebas Planta de Personal/Copiar_perfil_(Puesto_de_Trabajo)/span_Puesto_ui-chkbox-icon ui-icon ui-icon-check ui-c' is clicked on

2022-02-23 15:52:11 - [TEST_STEP][PASSED] - click(findTestObject("Modulo Pruebas Planta de Personal/Copiar_perfil_(Puesto_de_Trabajo)/a_Continuar")): Object: 'Object Repository/Modulo Pruebas Planta de Personal/Copiar_perfil_(Puesto_de_Trabajo)/a_Continuar' is clicked on

2022-02-23 15:52:12 - [MESSAGE][PASSED] - Object: 'Object Repository/Modulo Pruebas Planta de Personal/Copiar_perfil_(Puesto_de_Trabajo)/a_Continuar' is clicked on

2022-02-23 15:52:12 - [TEST_STEP][PASSED] - check(findTestObject("Modulo Pruebas Planta de Personal/Copiar_perfil_(Puesto_de_Trabajo)/div_Descripcin_ui-chkbox-box ui-widget ui-corner-all ui-state-default ui-state-hover")): Object 'Object Repository/Modulo Pruebas Planta de Personal/Copiar_perfil_(Puesto_de_Trabajo)/div_Descripcin_ui-chkbox-box ui-widget ui-corner-all ui-state-default ui-state-hover' is checked

2022-02-23 15:52:13 - [MESSAGE][PASSED] - Object 'Object Repository/Modulo Pruebas Planta de Personal/Copiar_perfil_(Puesto_de_Trabajo)/div_Descripcin_ui-chkbox-box ui-widget ui-corner-all ui-state-default ui-state-hover' is checked

2022-02-23 15:52:13 - [TEST_STEP][PASSED] - click(findTestObject("Modulo Pruebas Planta de Personal/Copiar_perfil_(Puesto_de_Trabajo)/a_Aplicar")): Object: 'Object Repository/Modulo Pruebas Planta de Personal/Copiar_perfil_(Puesto_de_Trabajo)/a_Aplicar' is clicked on

2022-02-23 15:52:13 - [MESSAGE][PASSED] - Object: 'Object Repository/Modulo Pruebas Planta de Personal/Copiar_perfil_(Puesto_de_Trabajo)/a_Aplicar' is clicked on

2022-02-23 15:52:13 - [TEST_STEP][PASSED] - if (waitForElementVisible(findTestObject("Modulo Pruebas Planta de Personal/Copiar_perfil_(Puesto_de_Trabajo)/p_Se ha realizado la copia del perfil a los puestos de trabajo seleccionados"), 1)): null

2022-02-23 15:52:14 - [MESSAGE][PASSED] - Object 'Object Repository/Modulo Pruebas Planta de Personal/Copiar_perfil_(Puesto_de_Trabajo)/p_Se ha realizado la copia del perfil a los puestos de trabajo seleccionados' is visible

2022-02-23 15:52:14 - [TEST_STEP][PASSED] - closeBrowser(): Browser is closed

2022-02-23 15:52:15 - [MESSAGE][PASSED] - Browser is closed]]></system-out>
         <system-err><![CDATA[]]></system-err>
      </testcase>
      <testcase name="Test Cases/12.1-Pruebas_Planta_Personal/12.2.5-Crear_descripción_del_cargo_(Puesto_Trabajo_Múltiple)" time="24.783" classname="Test Cases/12.1-Pruebas_Planta_Personal/12.2.5-Crear_descripción_del_cargo_(Puesto_Trabajo_Múltiple)" status="PASSED">
         <system-out><![CDATA[2022-02-23 15:52:15 - [TEST_CASE][PASSED] - Test Cases/12.1-Pruebas_Planta_Personal/12.2.5-Crear_descripción_del_cargo_(Puesto_Trabajo_Múltiple): Test Cases/12.1-Pruebas_Planta_Personal/12.2.5-Crear_descripción_del_cargo_(Puesto_Trabajo_Múltiple)

2022-02-23 15:52:15 - [TEST_STEP][PASSED] - callTestCase(findTestCase("12.1-Pruebas_Planta_Personal/12.2.3-Crear_descripción_del_cargo_(PUESTO_TRABAJO_MULTIPLE)"), [:], STOP_ON_FAILURE): Call Test Case 'Test Cases/12.1-Pruebas_Planta_Personal/12.2.3-Crear_descripción_del_cargo_(PUESTO_TRABAJO_MULTIPLE)' successfully

2022-02-23 15:52:15 - [TEST_CASE][PASSED] - Test Cases/12.1-Pruebas_Planta_Personal/12.2.3-Crear_descripción_del_cargo_(PUESTO_TRABAJO_MULTIPLE): Test Cases/12.1-Pruebas_Planta_Personal/12.2.3-Crear_descripción_del_cargo_(PUESTO_TRABAJO_MULTIPLE)

2022-02-23 15:52:15 - [TEST_STEP][PASSED] - callTestCase(findTestCase("0.1-Login"), [:], STOP_ON_FAILURE): Call Test Case 'Test Cases/0.1-Login' successfully

2022-02-23 15:52:15 - [TEST_CASE][PASSED] - Test Cases/0.1-Login: Test Cases/0.1-Login

2022-02-23 15:52:15 - [TEST_STEP][PASSED] - openBrowser(""): Browser is opened with url: ''

2022-02-23 15:52:15 - [MESSAGE][INFO] - Starting 'Chrome' driver

2022-02-23 15:52:15 - [MESSAGE][INFO] - Action delay is set to 0 milliseconds

2022-02-23 15:52:17 - [MESSAGE][PASSED] - Browser is opened with url: ''

2022-02-23 15:52:17 - [TEST_STEP][PASSED] - maximizeWindow(): Current window maximized

2022-02-23 15:52:17 - [MESSAGE][PASSED] - Current window maximized

2022-02-23 15:52:17 - [TEST_STEP][PASSED] - i = G_Login: null

2022-02-23 15:52:17 - [TEST_STEP][PASSED] - url = new java.net.URL(i): null

2022-02-23 15:52:17 - [TEST_STEP][PASSED] - println("URL: " + url.toString()): null

2022-02-23 15:52:17 - [TEST_STEP][PASSED] - connection = url.openConnection(): null

2022-02-23 15:52:17 - [TEST_STEP][PASSED] - connection.setRequestMethod("GET"): null

2022-02-23 15:52:17 - [TEST_STEP][PASSED] - connection.setReadTimeout(2 * 1000): null

2022-02-23 15:52:17 - [TEST_STEP][PASSED] - try: null

2022-02-23 15:52:17 - [TEST_STEP][PASSED] - connection.connect(): null

2022-02-23 15:52:17 - [TEST_STEP][PASSED] - flag = connected: null

2022-02-23 15:52:17 - [TEST_STEP][PASSED] - println("Valor_ori: " + flag): null

2022-02-23 15:52:17 - [TEST_STEP][PASSED] - if (flag): null

2022-02-23 15:52:17 - [TEST_STEP][PASSED] - navigateToUrl(i): Navigate to 'http://192.168.2.80:8380/saraweb' successfully

2022-02-23 15:52:17 - [MESSAGE][PASSED] - Navigate to 'http://192.168.2.80:8380/saraweb' successfully

2022-02-23 15:52:17 - [TEST_STEP][PASSED] - a(): null

2022-02-23 15:52:17 - [TEST_STEP][PASSED] - setText(findTestObject("Login/input_USUARIO_loginusuario"), G_Usuario): Text 'saraadmin' is set on object 'Object Repository/Login/input_USUARIO_loginusuario'

2022-02-23 15:52:18 - [MESSAGE][PASSED] - Text 'saraadmin' is set on object 'Object Repository/Login/input_USUARIO_loginusuario'

2022-02-23 15:52:18 - [TEST_STEP][PASSED] - setEncryptedText(findTestObject("Login/input_CLAVE_loginpassword"), "MkG4/TYiCFC3cb2driP7+Q=="): Text ****** has been set on object 'Object Repository/Login/input_CLAVE_loginpassword'

2022-02-23 15:52:18 - [MESSAGE][PASSED] - Text ****** has been set on object 'Object Repository/Login/input_CLAVE_loginpassword'

2022-02-23 15:52:18 - [TEST_STEP][PASSED] - waitForElementClickable(findTestObject("Login/a_Ingresar"), G_TimeOut): Object 'Object Repository/Login/a_Ingresar' is clickable

2022-02-23 15:52:19 - [MESSAGE][PASSED] - Object 'Object Repository/Login/a_Ingresar' is clickable

2022-02-23 15:52:19 - [TEST_STEP][PASSED] - click(findTestObject("Login/a_Ingresar")): Object: 'Object Repository/Login/a_Ingresar' is clicked on

2022-02-23 15:52:21 - [MESSAGE][PASSED] - Object: 'Object Repository/Login/a_Ingresar' is clicked on

2022-02-23 15:52:21 - [TEST_STEP][PASSED] - element = findWebElement(findTestObject("Login/a_Ir"), 30): null

2022-02-23 15:52:21 - [TEST_STEP][PASSED] - executeJavaScript("arguments[0].click()", Arrays.asList(element)): Execute JavaScript 'arguments[0].click()' successfully

2022-02-23 15:52:21 - [MESSAGE][PASSED] - Execute JavaScript 'arguments[0].click()' successfully

2022-02-23 15:52:21 - [MESSAGE][PASSED] - Call Test Case 'Test Cases/0.1-Login' successfully

2022-02-23 15:52:21 - [TEST_STEP][PASSED] - setText(findTestObject("Modulo Pruebas Planta de Personal/Crear_descripción_del_cargo(Puesto_trabajo_multiple)/input_Empresa 1_form_templatej_idt24_input"), "Listado Descripcion Cargo (tal)"): Text 'Listado Descripcion Cargo (tal)' is set on object 'Object Repository/Modulo Pruebas Planta de Personal/Crear_descripción_del_cargo(Puesto_trabajo_multiple)/input_Empresa 1_form_templatej_idt24_input'

2022-02-23 15:52:22 - [MESSAGE][PASSED] - Text 'Listado Descripcion Cargo (tal)' is set on object 'Object Repository/Modulo Pruebas Planta de Personal/Crear_descripción_del_cargo(Puesto_trabajo_multiple)/input_Empresa 1_form_templatej_idt24_input'

2022-02-23 15:52:22 - [TEST_STEP][PASSED] - click(findTestObject("Modulo Pruebas Planta de Personal/Crear_descripción_del_cargo(Puesto_trabajo_multiple)/li_Listado Descripcion Cargo (tal)")): Object: 'Object Repository/Modulo Pruebas Planta de Personal/Crear_descripción_del_cargo(Puesto_trabajo_multiple)/li_Listado Descripcion Cargo (tal)' is clicked on

2022-02-23 15:52:24 - [MESSAGE][PASSED] - Object: 'Object Repository/Modulo Pruebas Planta de Personal/Crear_descripción_del_cargo(Puesto_trabajo_multiple)/li_Listado Descripcion Cargo (tal)' is clicked on

2022-02-23 15:52:24 - [TEST_STEP][PASSED] - click(findTestObject("Modulo Pruebas Planta de Personal/Crear_descripción_del_cargo(Puesto_trabajo_multiple)/a_Nuevo")): Object: 'Object Repository/Modulo Pruebas Planta de Personal/Crear_descripción_del_cargo(Puesto_trabajo_multiple)/a_Nuevo' is clicked on

2022-02-23 15:52:26 - [MESSAGE][PASSED] - Object: 'Object Repository/Modulo Pruebas Planta de Personal/Crear_descripción_del_cargo(Puesto_trabajo_multiple)/a_Nuevo' is clicked on

2022-02-23 15:52:26 - [TEST_STEP][PASSED] - click(findTestObject("Modulo Pruebas Planta de Personal/Crear_descripción_del_cargo(Puesto_trabajo_multiple)/a_Unidad Organizacional_form_listadoDescripcionCargoj_idt115")): Object: 'Object Repository/Modulo Pruebas Planta de Personal/Crear_descripción_del_cargo(Puesto_trabajo_multiple)/a_Unidad Organizacional_form_listadoDescripcionCargoj_idt115' is clicked on

2022-02-23 15:52:26 - [MESSAGE][PASSED] - Object: 'Object Repository/Modulo Pruebas Planta de Personal/Crear_descripción_del_cargo(Puesto_trabajo_multiple)/a_Unidad Organizacional_form_listadoDescripcionCargoj_idt115' is clicked on

2022-02-23 15:52:26 - [TEST_STEP][PASSED] - setText(findTestObject("Modulo Pruebas Planta de Personal/Crear_descripción_del_cargo(Puesto_trabajo_multiple)/input_Unidad_form_popupUnidadUsuarioj_idt612"), "ADMINISTRACION"): Text 'ADMINISTRACION' is set on object 'Object Repository/Modulo Pruebas Planta de Personal/Crear_descripción_del_cargo(Puesto_trabajo_multiple)/input_Unidad_form_popupUnidadUsuarioj_idt612'

2022-02-23 15:52:28 - [MESSAGE][PASSED] - Text 'ADMINISTRACION' is set on object 'Object Repository/Modulo Pruebas Planta de Personal/Crear_descripción_del_cargo(Puesto_trabajo_multiple)/input_Unidad_form_popupUnidadUsuarioj_idt612'

2022-02-23 15:52:28 - [TEST_STEP][PASSED] - sendKeys(findTestObject("Modulo Pruebas Planta de Personal/Crear_descripción_del_cargo(Puesto_trabajo_multiple)/input_Unidad_form_popupUnidadUsuarioj_idt612"), Keys.chord(ENTER)): Keys 'ENTER + ' sent to object: 'Object Repository/Modulo Pruebas Planta de Personal/Crear_descripción_del_cargo(Puesto_trabajo_multiple)/input_Unidad_form_popupUnidadUsuarioj_idt612'

2022-02-23 15:52:28 - [MESSAGE][PASSED] - Keys 'ENTER + ' sent to object: 'Object Repository/Modulo Pruebas Planta de Personal/Crear_descripción_del_cargo(Puesto_trabajo_multiple)/input_Unidad_form_popupUnidadUsuarioj_idt612'

2022-02-23 15:52:28 - [TEST_STEP][PASSED] - click(findTestObject("Modulo Pruebas Planta de Personal/Crear_descripción_del_cargo(Puesto_trabajo_multiple)/span_ADMINISTRACION")): Object: 'Object Repository/Modulo Pruebas Planta de Personal/Crear_descripción_del_cargo(Puesto_trabajo_multiple)/span_ADMINISTRACION' is clicked on

2022-02-23 15:52:29 - [MESSAGE][PASSED] - Object: 'Object Repository/Modulo Pruebas Planta de Personal/Crear_descripción_del_cargo(Puesto_trabajo_multiple)/span_ADMINISTRACION' is clicked on

2022-02-23 15:52:29 - [TEST_STEP][PASSED] - click(findTestObject("Modulo Pruebas Planta de Personal/Crear_descripción_del_cargo(Puesto_trabajo_multiple)/a_Cargo_form_listadoDescripcionCargoj_idt120")): Object: 'Object Repository/Modulo Pruebas Planta de Personal/Crear_descripción_del_cargo(Puesto_trabajo_multiple)/a_Cargo_form_listadoDescripcionCargoj_idt120' is clicked on

2022-02-23 15:52:30 - [MESSAGE][PASSED] - Object: 'Object Repository/Modulo Pruebas Planta de Personal/Crear_descripción_del_cargo(Puesto_trabajo_multiple)/a_Cargo_form_listadoDescripcionCargoj_idt120' is clicked on

2022-02-23 15:52:30 - [TEST_STEP][PASSED] - click(findTestObject("Modulo Pruebas Planta de Personal/Crear_descripción_del_cargo(Puesto_trabajo_multiple)/span_ABOGADO")): Object: 'Object Repository/Modulo Pruebas Planta de Personal/Crear_descripción_del_cargo(Puesto_trabajo_multiple)/span_ABOGADO' is clicked on

2022-02-23 15:52:31 - [MESSAGE][PASSED] - Object: 'Object Repository/Modulo Pruebas Planta de Personal/Crear_descripción_del_cargo(Puesto_trabajo_multiple)/span_ABOGADO' is clicked on

2022-02-23 15:52:31 - [TEST_STEP][PASSED] - click(findTestObject("Modulo Pruebas Planta de Personal/Crear_descripción_del_cargo(Puesto_trabajo_multiple)/span_20139    - Abogado")): Object: 'Object Repository/Modulo Pruebas Planta de Personal/Crear_descripción_del_cargo(Puesto_trabajo_multiple)/span_20139    - Abogado' is clicked on

2022-02-23 15:52:32 - [MESSAGE][PASSED] - Object: 'Object Repository/Modulo Pruebas Planta de Personal/Crear_descripción_del_cargo(Puesto_trabajo_multiple)/span_20139    - Abogado' is clicked on

2022-02-23 15:52:32 - [TEST_STEP][PASSED] - setText(findTestObject("Modulo Pruebas Planta de Personal/Crear_descripción_del_cargo(Puesto_trabajo_multiple)/input__descripcionCargo_formj_idt7270fecha_input"), "01/07/2021"): Text '01/07/2021' is set on object 'Object Repository/Modulo Pruebas Planta de Personal/Crear_descripción_del_cargo(Puesto_trabajo_multiple)/input__descripcionCargo_formj_idt7270fecha_input'

2022-02-23 15:52:34 - [MESSAGE][PASSED] - Text '01/07/2021' is set on object 'Object Repository/Modulo Pruebas Planta de Personal/Crear_descripción_del_cargo(Puesto_trabajo_multiple)/input__descripcionCargo_formj_idt7270fecha_input'

2022-02-23 15:52:34 - [TEST_STEP][PASSED] - setText(findTestObject("Modulo Pruebas Planta de Personal/Crear_descripción_del_cargo(Puesto_trabajo_multiple)/textarea__descripcionCargo_formj_idt7272idTexto5"), "pruebas katalon"): Text 'pruebas katalon' is set on object 'Object Repository/Modulo Pruebas Planta de Personal/Crear_descripción_del_cargo(Puesto_trabajo_multiple)/textarea__descripcionCargo_formj_idt7272idTexto5'

2022-02-23 15:52:35 - [MESSAGE][PASSED] - Text 'pruebas katalon' is set on object 'Object Repository/Modulo Pruebas Planta de Personal/Crear_descripción_del_cargo(Puesto_trabajo_multiple)/textarea__descripcionCargo_formj_idt7272idTexto5'

2022-02-23 15:52:35 - [TEST_STEP][PASSED] - setText(findTestObject("Modulo Pruebas Planta de Personal/Crear_descripción_del_cargo(Puesto_trabajo_multiple)/textarea__descripcionCargo_formj_idt7274idTexto5"), "pruebas katalon"): Text 'pruebas katalon' is set on object 'Object Repository/Modulo Pruebas Planta de Personal/Crear_descripción_del_cargo(Puesto_trabajo_multiple)/textarea__descripcionCargo_formj_idt7274idTexto5'

2022-02-23 15:52:35 - [MESSAGE][PASSED] - Text 'pruebas katalon' is set on object 'Object Repository/Modulo Pruebas Planta de Personal/Crear_descripción_del_cargo(Puesto_trabajo_multiple)/textarea__descripcionCargo_formj_idt7274idTexto5'

2022-02-23 15:52:35 - [TEST_STEP][PASSED] - setText(findTestObject("Modulo Pruebas Planta de Personal/Crear_descripción_del_cargo(Puesto_trabajo_multiple)/textarea__descripcionCargo_formj_idt7276idTexto5"), "pruebas katalon"): Text 'pruebas katalon' is set on object 'Object Repository/Modulo Pruebas Planta de Personal/Crear_descripción_del_cargo(Puesto_trabajo_multiple)/textarea__descripcionCargo_formj_idt7276idTexto5'

2022-02-23 15:52:36 - [MESSAGE][PASSED] - Text 'pruebas katalon' is set on object 'Object Repository/Modulo Pruebas Planta de Personal/Crear_descripción_del_cargo(Puesto_trabajo_multiple)/textarea__descripcionCargo_formj_idt7276idTexto5'

2022-02-23 15:52:36 - [TEST_STEP][PASSED] - setText(findTestObject("Modulo Pruebas Planta de Personal/Crear_descripción_del_cargo(Puesto_trabajo_multiple)/textarea__descripcionCargo_formj_idt7277idTexto5"), "pruebas katalon"): Text 'pruebas katalon' is set on object 'Object Repository/Modulo Pruebas Planta de Personal/Crear_descripción_del_cargo(Puesto_trabajo_multiple)/textarea__descripcionCargo_formj_idt7277idTexto5'

2022-02-23 15:52:37 - [MESSAGE][PASSED] - Text 'pruebas katalon' is set on object 'Object Repository/Modulo Pruebas Planta de Personal/Crear_descripción_del_cargo(Puesto_trabajo_multiple)/textarea__descripcionCargo_formj_idt7277idTexto5'

2022-02-23 15:52:37 - [TEST_STEP][PASSED] - click(findTestObject("Modulo Pruebas Planta de Personal/Crear_descripción_del_cargo(Puesto_trabajo_multiple)/a_Guardar")): Object: 'Object Repository/Modulo Pruebas Planta de Personal/Crear_descripción_del_cargo(Puesto_trabajo_multiple)/a_Guardar' is clicked on

2022-02-23 15:52:37 - [MESSAGE][PASSED] - Object: 'Object Repository/Modulo Pruebas Planta de Personal/Crear_descripción_del_cargo(Puesto_trabajo_multiple)/a_Guardar' is clicked on

2022-02-23 15:52:37 - [TEST_STEP][PASSED] - if (waitForElementVisible(findTestObject("Modulo Pruebas Planta de Personal/Crear_descripción_del_cargo(Puesto_trabajo_multiple)/a_Definir_Perfil"), 1)): null

2022-02-23 15:52:39 - [MESSAGE][PASSED] - Object 'Object Repository/Modulo Pruebas Planta de Personal/Crear_descripción_del_cargo(Puesto_trabajo_multiple)/a_Definir_Perfil' is visible

2022-02-23 15:52:39 - [TEST_STEP][PASSED] - closeBrowser(): Browser is closed

2022-02-23 15:52:40 - [MESSAGE][PASSED] - Browser is closed

2022-02-23 15:52:40 - [MESSAGE][PASSED] - Call Test Case 'Test Cases/12.1-Pruebas_Planta_Personal/12.2.3-Crear_descripción_del_cargo_(PUESTO_TRABAJO_MULTIPLE)' successfully]]></system-out>
         <system-err><![CDATA[]]></system-err>
      </testcase>
      <testcase name="Test Cases/12.1-Pruebas_Planta_Personal/12.2.7-Impresión_de_descripción_del_cargo" time="16.724" classname="Test Cases/12.1-Pruebas_Planta_Personal/12.2.7-Impresión_de_descripción_del_cargo" status="PASSED">
         <system-out><![CDATA[2022-02-23 15:52:40 - [TEST_CASE][PASSED] - Test Cases/12.1-Pruebas_Planta_Personal/12.2.7-Impresión_de_descripción_del_cargo: Test Cases/12.1-Pruebas_Planta_Personal/12.2.7-Impresión_de_descripción_del_cargo

2022-02-23 15:52:40 - [TEST_STEP][PASSED] - callTestCase(findTestCase("0.1-Login"), [:], STOP_ON_FAILURE): Call Test Case 'Test Cases/0.1-Login' successfully

2022-02-23 15:52:40 - [TEST_CASE][PASSED] - Test Cases/0.1-Login: Test Cases/0.1-Login

2022-02-23 15:52:40 - [TEST_STEP][PASSED] - openBrowser(""): Browser is opened with url: ''

2022-02-23 15:52:40 - [MESSAGE][INFO] - Starting 'Chrome' driver

2022-02-23 15:52:40 - [MESSAGE][INFO] - Action delay is set to 0 milliseconds

2022-02-23 15:52:41 - [MESSAGE][PASSED] - Browser is opened with url: ''

2022-02-23 15:52:41 - [TEST_STEP][PASSED] - maximizeWindow(): Current window maximized

2022-02-23 15:52:41 - [MESSAGE][PASSED] - Current window maximized

2022-02-23 15:52:41 - [TEST_STEP][PASSED] - i = G_Login: null

2022-02-23 15:52:41 - [TEST_STEP][PASSED] - url = new java.net.URL(i): null

2022-02-23 15:52:41 - [TEST_STEP][PASSED] - println("URL: " + url.toString()): null

2022-02-23 15:52:41 - [TEST_STEP][PASSED] - connection = url.openConnection(): null

2022-02-23 15:52:41 - [TEST_STEP][PASSED] - connection.setRequestMethod("GET"): null

2022-02-23 15:52:41 - [TEST_STEP][PASSED] - connection.setReadTimeout(2 * 1000): null

2022-02-23 15:52:41 - [TEST_STEP][PASSED] - try: null

2022-02-23 15:52:41 - [TEST_STEP][PASSED] - connection.connect(): null

2022-02-23 15:52:41 - [TEST_STEP][PASSED] - flag = connected: null

2022-02-23 15:52:41 - [TEST_STEP][PASSED] - println("Valor_ori: " + flag): null

2022-02-23 15:52:41 - [TEST_STEP][PASSED] - if (flag): null

2022-02-23 15:52:41 - [TEST_STEP][PASSED] - navigateToUrl(i): Navigate to 'http://192.168.2.80:8380/saraweb' successfully

2022-02-23 15:52:42 - [MESSAGE][PASSED] - Navigate to 'http://192.168.2.80:8380/saraweb' successfully

2022-02-23 15:52:42 - [TEST_STEP][PASSED] - a(): null

2022-02-23 15:52:42 - [TEST_STEP][PASSED] - setText(findTestObject("Login/input_USUARIO_loginusuario"), G_Usuario): Text 'saraadmin' is set on object 'Object Repository/Login/input_USUARIO_loginusuario'

2022-02-23 15:52:43 - [MESSAGE][PASSED] - Text 'saraadmin' is set on object 'Object Repository/Login/input_USUARIO_loginusuario'

2022-02-23 15:52:43 - [TEST_STEP][PASSED] - setEncryptedText(findTestObject("Login/input_CLAVE_loginpassword"), "MkG4/TYiCFC3cb2driP7+Q=="): Text ****** has been set on object 'Object Repository/Login/input_CLAVE_loginpassword'

2022-02-23 15:52:43 - [MESSAGE][PASSED] - Text ****** has been set on object 'Object Repository/Login/input_CLAVE_loginpassword'

2022-02-23 15:52:43 - [TEST_STEP][PASSED] - waitForElementClickable(findTestObject("Login/a_Ingresar"), G_TimeOut): Object 'Object Repository/Login/a_Ingresar' is clickable

2022-02-23 15:52:43 - [MESSAGE][PASSED] - Object 'Object Repository/Login/a_Ingresar' is clickable

2022-02-23 15:52:43 - [TEST_STEP][PASSED] - click(findTestObject("Login/a_Ingresar")): Object: 'Object Repository/Login/a_Ingresar' is clicked on

2022-02-23 15:52:46 - [MESSAGE][PASSED] - Object: 'Object Repository/Login/a_Ingresar' is clicked on

2022-02-23 15:52:46 - [TEST_STEP][PASSED] - element = findWebElement(findTestObject("Login/a_Ir"), 30): null

2022-02-23 15:52:47 - [TEST_STEP][PASSED] - executeJavaScript("arguments[0].click()", Arrays.asList(element)): Execute JavaScript 'arguments[0].click()' successfully

2022-02-23 15:52:47 - [MESSAGE][PASSED] - Execute JavaScript 'arguments[0].click()' successfully

2022-02-23 15:52:47 - [MESSAGE][PASSED] - Call Test Case 'Test Cases/0.1-Login' successfully

2022-02-23 15:52:47 - [TEST_STEP][PASSED] - setText(findTestObject("Modulo Pruebas Planta de Personal/Impresión_de_descripción_del_cargo/input_Empresa 1_form_templatej_idt24_input"), "Listado Descripcion Cargo (tal)"): Text 'Listado Descripcion Cargo (tal)' is set on object 'Object Repository/Modulo Pruebas Planta de Personal/Impresión_de_descripción_del_cargo/input_Empresa 1_form_templatej_idt24_input'

2022-02-23 15:52:48 - [MESSAGE][PASSED] - Text 'Listado Descripcion Cargo (tal)' is set on object 'Object Repository/Modulo Pruebas Planta de Personal/Impresión_de_descripción_del_cargo/input_Empresa 1_form_templatej_idt24_input'

2022-02-23 15:52:48 - [TEST_STEP][PASSED] - click(findTestObject("Modulo Pruebas Planta de Personal/Impresión_de_descripción_del_cargo/li_Listado Descripcion Cargo (tal)")): Object: 'Object Repository/Modulo Pruebas Planta de Personal/Impresión_de_descripción_del_cargo/li_Listado Descripcion Cargo (tal)' is clicked on

2022-02-23 15:52:49 - [MESSAGE][PASSED] - Object: 'Object Repository/Modulo Pruebas Planta de Personal/Impresión_de_descripción_del_cargo/li_Listado Descripcion Cargo (tal)' is clicked on

2022-02-23 15:52:49 - [TEST_STEP][PASSED] - click(findTestObject("Modulo Pruebas Planta de Personal/Impresión_de_descripción_del_cargo/a_Cargo_form_listadoDescripcionCargoj_idt70")): Object: 'Object Repository/Modulo Pruebas Planta de Personal/Impresión_de_descripción_del_cargo/a_Cargo_form_listadoDescripcionCargoj_idt70' is clicked on

2022-02-23 15:52:51 - [MESSAGE][PASSED] - Object: 'Object Repository/Modulo Pruebas Planta de Personal/Impresión_de_descripción_del_cargo/a_Cargo_form_listadoDescripcionCargoj_idt70' is clicked on

2022-02-23 15:52:51 - [TEST_STEP][PASSED] - click(findTestObject("Modulo Pruebas Planta de Personal/Impresión_de_descripción_del_cargo/span_40 MIL STAFF")): Object: 'Object Repository/Modulo Pruebas Planta de Personal/Impresión_de_descripción_del_cargo/span_40 MIL STAFF' is clicked on

2022-02-23 15:52:51 - [MESSAGE][PASSED] - Object: 'Object Repository/Modulo Pruebas Planta de Personal/Impresión_de_descripción_del_cargo/span_40 MIL STAFF' is clicked on

2022-02-23 15:52:51 - [TEST_STEP][PASSED] - click(findTestObject("Modulo Pruebas Planta de Personal/Impresión_de_descripción_del_cargo/span_01072021")): Object: 'Object Repository/Modulo Pruebas Planta de Personal/Impresión_de_descripción_del_cargo/span_01072021' is clicked on

2022-02-23 15:52:52 - [MESSAGE][PASSED] - Object: 'Object Repository/Modulo Pruebas Planta de Personal/Impresión_de_descripción_del_cargo/span_01072021' is clicked on

2022-02-23 15:52:52 - [TEST_STEP][PASSED] - click(findTestObject("Modulo Pruebas Planta de Personal/Impresión_de_descripción_del_cargo/a_Imprimir Publicacin")): Object: 'Object Repository/Modulo Pruebas Planta de Personal/Impresión_de_descripción_del_cargo/a_Imprimir Publicacin' is clicked on

2022-02-23 15:52:53 - [MESSAGE][PASSED] - Object: 'Object Repository/Modulo Pruebas Planta de Personal/Impresión_de_descripción_del_cargo/a_Imprimir Publicacin' is clicked on

2022-02-23 15:52:53 - [TEST_STEP][PASSED] - click(findTestObject("Modulo Pruebas Planta de Personal/Impresión_de_descripción_del_cargo/td_Descripcin del Cargo1")): Object: 'Object Repository/Modulo Pruebas Planta de Personal/Impresión_de_descripción_del_cargo/td_Descripcin del Cargo1' is clicked on

2022-02-23 15:52:54 - [MESSAGE][PASSED] - Object: 'Object Repository/Modulo Pruebas Planta de Personal/Impresión_de_descripción_del_cargo/td_Descripcin del Cargo1' is clicked on

2022-02-23 15:52:54 - [TEST_STEP][PASSED] - if (waitForElementVisible(findTestObject("Modulo Pruebas Planta de Personal/Impresión_de_descripción_del_cargo/a_Descargar archivo en formato Doc"), 1)): Web element with id: 'Object Repository/Modulo Pruebas Planta de Personal/Impresión_de_descripción_del_cargo/a_Descargar archivo en formato Doc' located by '//a[contains(text(),'Descargar archivo en formato Doc.')]' not found

2022-02-23 15:52:56 - [MESSAGE][INFO] - Unable to find the element located by 'By.xpath: //a[contains(text(),'Descargar archivo en formato Doc.')]'. Please recheck the objects properties to make sure the desired element is located. 

2022-02-23 15:52:56 - [MESSAGE][WARNING] - Web element with id: 'Object Repository/Modulo Pruebas Planta de Personal/Impresión_de_descripción_del_cargo/a_Descargar archivo en formato Doc' located by '//a[contains(text(),'Descargar archivo en formato Doc.')]' not found]]></system-out>
         <system-err><![CDATA[]]></system-err>
      </testcase>
      <system-out><![CDATA[2022-02-23 15:47:14 - [TEST_SUITE][PASSED] - 12-Pruebas_Planta_Personal: Test Cases/12.1-Pruebas_Planta_Personal/12.2.7-Impresión_de_descripción_del_cargo]]></system-out>
      <system-err><![CDATA[]]></system-err>
   </testsuite>
</testsuites>
