<?xml version="1.0" encoding="UTF-8"?>
<testsuites name="11-Pruebas_Compensaciones" time="439.131" tests="7" failures="0" errors="0">
   <testsuite name="11-Pruebas_Compensaciones" tests="7" failures="0" errors="0" time="439.131" skipped="0" timestamp="2022-03-28 09:03:18" hostname="diego.rojas - US-AF-000371" id="Test Suites/Test_Suite_Secundaria/11-Pruebas_Compensaciones">
      <properties>
         <property name="deviceName" value=""/>
         <property name="devicePlatform" value=""/>
         <property name="logFolder" value="C:\\Users\\diego.rojas\\git\\Pruebas-Minimas\\Reports\\20220328_084605\\Test_Suite_Secundaria\\11-Pruebas_Compensaciones\\20220328_084656"/>
         <property name="logFiles" value="C:\\Users\\diego.rojas\\git\\Pruebas-Minimas\\Reports\\20220328_084605\\Test_Suite_Secundaria\\11-Pruebas_Compensaciones\\20220328_084656\\execution0.log"/>
         <property name="attachments" value=""/>
         <property name="hostName" value="diego.rojas - US-AF-000371"/>
         <property name="os" value="Windows 10 64bit"/>
         <property name="katalonVersion" value="8.2.5.208"/>
         <property name="browser" value="Chrome 99.0.4844.82"/>
         <property name="hostAddress" value="192.168.56.1"/>
         <property name="sessionId" value="8ea9d94c184ef64b040e807c5f64a6c1"/>
         <property name="seleniumVersion" value="3.141.59"/>
         <property name="proxyInformation" value="ProxyInformation { proxyOption=NO_PROXY, proxyServerType=HTTP, username=, password=********, proxyServerAddress=, proxyServerPort=0, executionList=&quot;&quot;, isApplyToDesiredCapabilities=true }"/>
         <property name="platform" value="Windows 10"/>
      </properties>
      <testcase name="Test Cases/1.2-Tareas_Secundarias/A.1-Pruebas_compensaciones/11.1.1-Recálcular_nómina_por_empleado" time="38.844" classname="Test Cases/1.2-Tareas_Secundarias/A.1-Pruebas_compensaciones/11.1.1-Recálcular_nómina_por_empleado" status="PASSED">
         <system-out><![CDATA[2022-03-28 09:03:18 - [TEST_CASE][PASSED] - Test Cases/1.2-Tareas_Secundarias/A.1-Pruebas_compensaciones/11.1.1-Recálcular_nómina_por_empleado: Test Cases/1.2-Tareas_Secundarias/A.1-Pruebas_compensaciones/11.1.1-Recálcular_nómina_por_empleado

2022-03-28 09:03:19 - [TEST_STEP][PASSED] - callTestCase(findTestCase("0.1-Login"), [:], STOP_ON_FAILURE): Call Test Case 'Test Cases/0.1-Login' successfully

2022-03-28 09:03:20 - [TEST_CASE][PASSED] - Test Cases/0.1-Login: Test Cases/0.1-Login

2022-03-28 09:03:21 - [TEST_STEP][PASSED] - openBrowser(""): Browser is opened with url: ''

2022-03-28 09:03:21 - [MESSAGE][INFO] - Starting 'Chrome' driver

2022-03-28 09:03:21 - [MESSAGE][INFO] - Action delay is set to 50 milliseconds

2022-03-28 09:03:24 - [MESSAGE][PASSED] - Browser is opened with url: ''

2022-03-28 09:03:24 - [TEST_STEP][PASSED] - maximizeWindow(): Current window maximized

2022-03-28 09:03:24 - [MESSAGE][PASSED] - Current window maximized

2022-03-28 09:03:24 - [TEST_STEP][PASSED] - i = G_Login: null

2022-03-28 09:03:24 - [TEST_STEP][PASSED] - url = new java.net.URL(i): null

2022-03-28 09:03:24 - [TEST_STEP][PASSED] - println("URL: " + url.toString()): null

2022-03-28 09:03:24 - [TEST_STEP][PASSED] - connection = url.openConnection(): null

2022-03-28 09:03:24 - [TEST_STEP][PASSED] - connection.setRequestMethod("GET"): null

2022-03-28 09:03:24 - [TEST_STEP][PASSED] - connection.setReadTimeout(2 * 1000): null

2022-03-28 09:03:24 - [TEST_STEP][PASSED] - try: null

2022-03-28 09:03:24 - [TEST_STEP][PASSED] - connection.connect(): null

2022-03-28 09:03:24 - [TEST_STEP][PASSED] - flag = connected: null

2022-03-28 09:03:24 - [TEST_STEP][PASSED] - println("Valor_ori: " + flag): null

2022-03-28 09:03:24 - [TEST_STEP][PASSED] - if (flag): null

2022-03-28 09:03:24 - [TEST_STEP][PASSED] - navigateToUrl(i): Navigate to 'http://192.168.2.19:8380/saraweb' successfully

2022-03-28 09:03:25 - [MESSAGE][PASSED] - Navigate to 'http://192.168.2.19:8380/saraweb' successfully

2022-03-28 09:03:25 - [TEST_STEP][PASSED] - a(): null

2022-03-28 09:03:25 - [TEST_STEP][PASSED] - setText(findTestObject("Login/input_USUARIO_loginusuario"), G_Usuario): Text 'saraadmin' is set on object 'Object Repository/Login/input_USUARIO_loginusuario'

2022-03-28 09:03:26 - [MESSAGE][PASSED] - Text 'saraadmin' is set on object 'Object Repository/Login/input_USUARIO_loginusuario'

2022-03-28 09:03:26 - [TEST_STEP][PASSED] - setEncryptedText(findTestObject("Login/input_CLAVE_loginpassword"), "MkG4/TYiCFC3cb2driP7+Q=="): Text ****** has been set on object 'Object Repository/Login/input_CLAVE_loginpassword'

2022-03-28 09:03:27 - [MESSAGE][PASSED] - Text ****** has been set on object 'Object Repository/Login/input_CLAVE_loginpassword'

2022-03-28 09:03:27 - [TEST_STEP][PASSED] - waitForElementClickable(findTestObject("Login/a_Ingresar"), G_TimeOut): Object 'Object Repository/Login/a_Ingresar' is clickable

2022-03-28 09:03:27 - [MESSAGE][PASSED] - Object 'Object Repository/Login/a_Ingresar' is clickable

2022-03-28 09:03:27 - [TEST_STEP][PASSED] - click(findTestObject("Login/a_Ingresar")): Object: 'Object Repository/Login/a_Ingresar' is clicked on

2022-03-28 09:03:28 - [MESSAGE][PASSED] - Object: 'Object Repository/Login/a_Ingresar' is clicked on

2022-03-28 09:03:28 - [TEST_STEP][PASSED] - element = findWebElement(findTestObject("Login/a_Ir"), 30): null

2022-03-28 09:03:29 - [TEST_STEP][PASSED] - executeJavaScript("arguments[0].click()", Arrays.asList(element)): Execute JavaScript 'arguments[0].click()' successfully

2022-03-28 09:03:30 - [MESSAGE][PASSED] - Execute JavaScript 'arguments[0].click()' successfully

2022-03-28 09:03:30 - [MESSAGE][PASSED] - Call Test Case 'Test Cases/0.1-Login' successfully

2022-03-28 09:03:30 - [TEST_STEP][PASSED] - setText(findTestObject("Modulo compensaciones/Recálcular_nómina_por_empleado/input_Empresa 1_form_templatej_idt24_input"), "liquidacion nomina"): Text 'liquidacion nomina' is set on object 'Object Repository/Modulo compensaciones/Recálcular_nómina_por_empleado/input_Empresa 1_form_templatej_idt24_input'

2022-03-28 09:03:31 - [MESSAGE][PASSED] - Text 'liquidacion nomina' is set on object 'Object Repository/Modulo compensaciones/Recálcular_nómina_por_empleado/input_Empresa 1_form_templatej_idt24_input'

2022-03-28 09:03:31 - [TEST_STEP][PASSED] - click(findTestObject("Modulo compensaciones/Recálcular_nómina_por_empleado/li_Liquidacion Nomina (com)")): Object: 'Object Repository/Modulo compensaciones/Recálcular_nómina_por_empleado/li_Liquidacion Nomina (com)' is clicked on

2022-03-28 09:03:33 - [MESSAGE][PASSED] - Object: 'Object Repository/Modulo compensaciones/Recálcular_nómina_por_empleado/li_Liquidacion Nomina (com)' is clicked on

2022-03-28 09:03:33 - [TEST_STEP][PASSED] - click(findTestObject("Modulo compensaciones/Recálcular_nómina_por_empleado/a_Periodo Nomina_LiquidacionNominaj_idt68")): Object: 'Object Repository/Modulo compensaciones/Recálcular_nómina_por_empleado/a_Periodo Nomina_LiquidacionNominaj_idt68' is clicked on

2022-03-28 09:03:34 - [MESSAGE][PASSED] - Object: 'Object Repository/Modulo compensaciones/Recálcular_nómina_por_empleado/a_Periodo Nomina_LiquidacionNominaj_idt68' is clicked on

2022-03-28 09:03:34 - [TEST_STEP][PASSED] - selectOptionByIndex(findTestObject("Modulo compensaciones/Recálcular_nómina_por_empleado/select_--  Seleccione  --Periodo CerradoPeriodo en Proceso"), 2): All options with index in [2] are selected on object 'Object Repository/Modulo compensaciones/Recálcular_nómina_por_empleado/select_--  Seleccione  --Periodo CerradoPeriodo en Proceso'

2022-03-28 09:03:37 - [MESSAGE][PASSED] - All options with index in [2] are selected on object 'Object Repository/Modulo compensaciones/Recálcular_nómina_por_empleado/select_--  Seleccione  --Periodo CerradoPeriodo en Proceso'

2022-03-28 09:03:37 - [TEST_STEP][PASSED] - click(findTestObject("Modulo compensaciones/Recálcular_nómina_por_empleado/span_P. MensualJunio2021")): Object: 'Object Repository/Modulo compensaciones/Recálcular_nómina_por_empleado/span_P. MensualJunio2021' is clicked on

2022-03-28 09:03:38 - [MESSAGE][PASSED] - Object: 'Object Repository/Modulo compensaciones/Recálcular_nómina_por_empleado/span_P. MensualJunio2021' is clicked on

2022-03-28 09:03:38 - [TEST_STEP][PASSED] - check(findTestObject("Modulo compensaciones/Recálcular_nómina_por_empleado/div_Estado_ui-chkbox-box ui-widget ui-corner-all ui-state-default")): Object 'Object Repository/Modulo compensaciones/Recálcular_nómina_por_empleado/div_Estado_ui-chkbox-box ui-widget ui-corner-all ui-state-default' is checked

2022-03-28 09:03:41 - [MESSAGE][PASSED] - Object 'Object Repository/Modulo compensaciones/Recálcular_nómina_por_empleado/div_Estado_ui-chkbox-box ui-widget ui-corner-all ui-state-default' is checked

2022-03-28 09:03:41 - [TEST_STEP][PASSED] - click(findTestObject("Modulo compensaciones/Recálcular_nómina_por_empleado/a_Reclculo Seleccin")): Object: 'Object Repository/Modulo compensaciones/Recálcular_nómina_por_empleado/a_Reclculo Seleccin' is clicked on

2022-03-28 09:03:42 - [MESSAGE][PASSED] - Object: 'Object Repository/Modulo compensaciones/Recálcular_nómina_por_empleado/a_Reclculo Seleccin' is clicked on

2022-03-28 09:03:42 - [TEST_STEP][PASSED] - click(findTestObject("Modulo compensaciones/Recálcular_nómina_por_empleado/span_Si")): Object: 'Object Repository/Modulo compensaciones/Recálcular_nómina_por_empleado/span_Si' is clicked on

2022-03-28 09:03:43 - [MESSAGE][PASSED] - Object: 'Object Repository/Modulo compensaciones/Recálcular_nómina_por_empleado/span_Si' is clicked on

2022-03-28 09:03:43 - [TEST_STEP][PASSED] - if (waitForElementVisible(findTestObject("Modulo compensaciones/Recálcular_nómina_por_empleado/p_Recalculo Finalizado"), 1)): null

2022-03-28 09:03:56 - [MESSAGE][PASSED] - Object 'Object Repository/Modulo compensaciones/Recálcular_nómina_por_empleado/p_Recalculo Finalizado' is visible

2022-03-28 09:03:56 - [TEST_STEP][PASSED] - closeBrowser(): Browser is closed

2022-03-28 09:03:57 - [MESSAGE][PASSED] - Browser is closed]]></system-out>
         <system-err><![CDATA[]]></system-err>
      </testcase>
      <testcase name="Test Cases/1.2-Tareas_Secundarias/A.1-Pruebas_compensaciones/11.1.2-Terminación_de_Contrato_Definitivo" time="200.572" classname="Test Cases/1.2-Tareas_Secundarias/A.1-Pruebas_compensaciones/11.1.2-Terminación_de_Contrato_Definitivo" status="PASSED">
         <system-out><![CDATA[2022-03-28 09:03:57 - [TEST_CASE][PASSED] - Test Cases/1.2-Tareas_Secundarias/A.1-Pruebas_compensaciones/11.1.2-Terminación_de_Contrato_Definitivo: Test Cases/1.2-Tareas_Secundarias/A.1-Pruebas_compensaciones/11.1.2-Terminación_de_Contrato_Definitivo

2022-03-28 09:03:58 - [TEST_STEP][PASSED] - random_double = Math.random() * 9999 + 999: null

2022-03-28 09:03:58 - [TEST_STEP][PASSED] - random_double = Math.round(random_double * 1000): null

2022-03-28 09:03:58 - [TEST_STEP][PASSED] - identificacion = toString().replace(".0", ""): null

2022-03-28 09:03:58 - [TEST_STEP][PASSED] - callTestCase(findTestCase("0.1-Login"), [:], STOP_ON_FAILURE): Call Test Case 'Test Cases/0.1-Login' successfully

2022-03-28 09:03:58 - [TEST_CASE][PASSED] - Test Cases/0.1-Login: Test Cases/0.1-Login

2022-03-28 09:03:58 - [TEST_STEP][PASSED] - openBrowser(""): Browser is opened with url: ''

2022-03-28 09:03:58 - [MESSAGE][INFO] - Starting 'Chrome' driver

2022-03-28 09:03:58 - [MESSAGE][INFO] - Action delay is set to 50 milliseconds

2022-03-28 09:03:59 - [MESSAGE][PASSED] - Browser is opened with url: ''

2022-03-28 09:03:59 - [TEST_STEP][PASSED] - maximizeWindow(): Current window maximized

2022-03-28 09:04:00 - [MESSAGE][PASSED] - Current window maximized

2022-03-28 09:04:00 - [TEST_STEP][PASSED] - i = G_Login: null

2022-03-28 09:04:00 - [TEST_STEP][PASSED] - url = new java.net.URL(i): null

2022-03-28 09:04:00 - [TEST_STEP][PASSED] - println("URL: " + url.toString()): null

2022-03-28 09:04:00 - [TEST_STEP][PASSED] - connection = url.openConnection(): null

2022-03-28 09:04:00 - [TEST_STEP][PASSED] - connection.setRequestMethod("GET"): null

2022-03-28 09:04:00 - [TEST_STEP][PASSED] - connection.setReadTimeout(2 * 1000): null

2022-03-28 09:04:00 - [TEST_STEP][PASSED] - try: null

2022-03-28 09:04:00 - [TEST_STEP][PASSED] - connection.connect(): null

2022-03-28 09:04:00 - [TEST_STEP][PASSED] - flag = connected: null

2022-03-28 09:04:00 - [TEST_STEP][PASSED] - println("Valor_ori: " + flag): null

2022-03-28 09:04:00 - [TEST_STEP][PASSED] - if (flag): null

2022-03-28 09:04:00 - [TEST_STEP][PASSED] - navigateToUrl(i): Navigate to 'http://192.168.2.19:8380/saraweb' successfully

2022-03-28 09:04:00 - [MESSAGE][PASSED] - Navigate to 'http://192.168.2.19:8380/saraweb' successfully

2022-03-28 09:04:00 - [TEST_STEP][PASSED] - a(): null

2022-03-28 09:04:00 - [TEST_STEP][PASSED] - setText(findTestObject("Login/input_USUARIO_loginusuario"), G_Usuario): Text 'saraadmin' is set on object 'Object Repository/Login/input_USUARIO_loginusuario'

2022-03-28 09:04:01 - [MESSAGE][PASSED] - Text 'saraadmin' is set on object 'Object Repository/Login/input_USUARIO_loginusuario'

2022-03-28 09:04:01 - [TEST_STEP][PASSED] - setEncryptedText(findTestObject("Login/input_CLAVE_loginpassword"), "MkG4/TYiCFC3cb2driP7+Q=="): Text ****** has been set on object 'Object Repository/Login/input_CLAVE_loginpassword'

2022-03-28 09:04:02 - [MESSAGE][PASSED] - Text ****** has been set on object 'Object Repository/Login/input_CLAVE_loginpassword'

2022-03-28 09:04:02 - [TEST_STEP][PASSED] - waitForElementClickable(findTestObject("Login/a_Ingresar"), G_TimeOut): Object 'Object Repository/Login/a_Ingresar' is clickable

2022-03-28 09:04:02 - [MESSAGE][PASSED] - Object 'Object Repository/Login/a_Ingresar' is clickable

2022-03-28 09:04:02 - [TEST_STEP][PASSED] - click(findTestObject("Login/a_Ingresar")): Object: 'Object Repository/Login/a_Ingresar' is clicked on

2022-03-28 09:04:03 - [MESSAGE][PASSED] - Object: 'Object Repository/Login/a_Ingresar' is clicked on

2022-03-28 09:04:03 - [TEST_STEP][PASSED] - element = findWebElement(findTestObject("Login/a_Ir"), 30): null

2022-03-28 09:04:04 - [TEST_STEP][PASSED] - executeJavaScript("arguments[0].click()", Arrays.asList(element)): Execute JavaScript 'arguments[0].click()' successfully

2022-03-28 09:04:04 - [MESSAGE][PASSED] - Execute JavaScript 'arguments[0].click()' successfully

2022-03-28 09:04:04 - [MESSAGE][PASSED] - Call Test Case 'Test Cases/0.1-Login' successfully

2022-03-28 09:04:04 - [TEST_STEP][PASSED] - setText(findTestObject("Modulo compensaciones/Terminación_de_Contrato_Definitivo/input_Empresa 1_form_templatej_idt24_input"), "Listado Hojas de Vida"): Text 'Listado Hojas de Vida' is set on object 'Object Repository/Modulo compensaciones/Terminación_de_Contrato_Definitivo/input_Empresa 1_form_templatej_idt24_input'

2022-03-28 09:04:05 - [MESSAGE][PASSED] - Text 'Listado Hojas de Vida' is set on object 'Object Repository/Modulo compensaciones/Terminación_de_Contrato_Definitivo/input_Empresa 1_form_templatej_idt24_input'

2022-03-28 09:04:05 - [TEST_STEP][PASSED] - click(findTestObject("Modulo compensaciones/Terminación_de_Contrato_Definitivo/li_Listado Hojas de Vida (hoj)")): Object: 'Object Repository/Modulo compensaciones/Terminación_de_Contrato_Definitivo/li_Listado Hojas de Vida (hoj)' is clicked on

2022-03-28 09:04:07 - [MESSAGE][PASSED] - Object: 'Object Repository/Modulo compensaciones/Terminación_de_Contrato_Definitivo/li_Listado Hojas de Vida (hoj)' is clicked on

2022-03-28 09:04:07 - [TEST_STEP][PASSED] - click(findTestObject("Modulo compensaciones/Terminación_de_Contrato_Definitivo/a_Nueva HojaVida")): Object: 'Object Repository/Modulo compensaciones/Terminación_de_Contrato_Definitivo/a_Nueva HojaVida' is clicked on

2022-03-28 09:04:08 - [MESSAGE][PASSED] - Object: 'Object Repository/Modulo compensaciones/Terminación_de_Contrato_Definitivo/a_Nueva HojaVida' is clicked on

2022-03-28 09:04:08 - [TEST_STEP][PASSED] - setText(findTestObject("Modulo compensaciones/Terminación_de_Contrato_Definitivo/input_Identificacin_nuevahoja_formcedula"), identificacion): Text '4495280' is set on object 'Object Repository/Modulo compensaciones/Terminación_de_Contrato_Definitivo/input_Identificacin_nuevahoja_formcedula'

2022-03-28 09:04:09 - [MESSAGE][PASSED] - Text '4495280' is set on object 'Object Repository/Modulo compensaciones/Terminación_de_Contrato_Definitivo/input_Identificacin_nuevahoja_formcedula'

2022-03-28 09:04:09 - [TEST_STEP][PASSED] - selectOptionByIndex(findTestObject("Modulo compensaciones/Terminación_de_Contrato_Definitivo/select_-- Seleccione --.ASPIRANTEAspirante NPxEspaol Tipo Hoja EmpleadoIngles Tipo Hoja AspirantepruebaTcnico"), 4): All options with index in [4] are selected on object 'Object Repository/Modulo compensaciones/Terminación_de_Contrato_Definitivo/select_-- Seleccione --.ASPIRANTEAspirante NPxEspaol Tipo Hoja EmpleadoIngles Tipo Hoja AspirantepruebaTcnico'

2022-03-28 09:04:10 - [MESSAGE][PASSED] - All options with index in [4] are selected on object 'Object Repository/Modulo compensaciones/Terminación_de_Contrato_Definitivo/select_-- Seleccione --.ASPIRANTEAspirante NPxEspaol Tipo Hoja EmpleadoIngles Tipo Hoja AspirantepruebaTcnico'

2022-03-28 09:04:10 - [TEST_STEP][PASSED] - click(findTestObject("Modulo compensaciones/Terminación_de_Contrato_Definitivo/a_Nueva Solicitud")): Object: 'Object Repository/Modulo compensaciones/Terminación_de_Contrato_Definitivo/a_Nueva Solicitud' is clicked on

2022-03-28 09:04:10 - [MESSAGE][PASSED] - Object: 'Object Repository/Modulo compensaciones/Terminación_de_Contrato_Definitivo/a_Nueva Solicitud' is clicked on

2022-03-28 09:04:10 - [TEST_STEP][PASSED] - setText(findTestObject("Modulo compensaciones/Terminación_de_Contrato_Definitivo/input__hojaVidaseccionj_idt2140idTexto"), identificacion): Text '4495280' is set on object 'Object Repository/Modulo compensaciones/Terminación_de_Contrato_Definitivo/input__hojaVidaseccionj_idt2140idTexto'

2022-03-28 09:04:12 - [MESSAGE][PASSED] - Text '4495280' is set on object 'Object Repository/Modulo compensaciones/Terminación_de_Contrato_Definitivo/input__hojaVidaseccionj_idt2140idTexto'

2022-03-28 09:04:12 - [TEST_STEP][PASSED] - setText(findTestObject("Modulo compensaciones/Terminación_de_Contrato_Definitivo/input__hojaVidaseccionj_idt2141idTexto"), "Francis " + identificacion): Text 'Francis 4495280' is set on object 'Object Repository/Modulo compensaciones/Terminación_de_Contrato_Definitivo/input__hojaVidaseccionj_idt2141idTexto'

2022-03-28 09:04:13 - [MESSAGE][PASSED] - Text 'Francis 4495280' is set on object 'Object Repository/Modulo compensaciones/Terminación_de_Contrato_Definitivo/input__hojaVidaseccionj_idt2141idTexto'

2022-03-28 09:04:13 - [TEST_STEP][PASSED] - setText(findTestObject("Modulo compensaciones/Terminación_de_Contrato_Definitivo/input__hojaVidaseccionj_idt2142idTexto"), "Chandler"): Text 'Chandler' is set on object 'Object Repository/Modulo compensaciones/Terminación_de_Contrato_Definitivo/input__hojaVidaseccionj_idt2142idTexto'

2022-03-28 09:04:13 - [MESSAGE][PASSED] - Text 'Chandler' is set on object 'Object Repository/Modulo compensaciones/Terminación_de_Contrato_Definitivo/input__hojaVidaseccionj_idt2142idTexto'

2022-03-28 09:04:13 - [TEST_STEP][PASSED] - setText(findTestObject("Modulo compensaciones/Terminación_de_Contrato_Definitivo/input__hojaVidaseccionj_idt2143fecha_input"), "08/10/1990"): Text '08/10/1990' is set on object 'Object Repository/Modulo compensaciones/Terminación_de_Contrato_Definitivo/input__hojaVidaseccionj_idt2143fecha_input'

2022-03-28 09:04:14 - [MESSAGE][PASSED] - Text '08/10/1990' is set on object 'Object Repository/Modulo compensaciones/Terminación_de_Contrato_Definitivo/input__hojaVidaseccionj_idt2143fecha_input'

2022-03-28 09:04:14 - [TEST_STEP][PASSED] - click(findTestObject("Modulo compensaciones/Terminación_de_Contrato_Definitivo/a__hojaVidaseccionj_idt2144j_idt254")): Object: 'Object Repository/Modulo compensaciones/Terminación_de_Contrato_Definitivo/a__hojaVidaseccionj_idt2144j_idt254' is clicked on

2022-03-28 09:04:15 - [MESSAGE][PASSED] - Object: 'Object Repository/Modulo compensaciones/Terminación_de_Contrato_Definitivo/a__hojaVidaseccionj_idt2144j_idt254' is clicked on

2022-03-28 09:04:15 - [TEST_STEP][PASSED] - click(findTestObject("Modulo compensaciones/Terminación_de_Contrato_Definitivo/span_CEDULA CIUDADANIA")): Object: 'Object Repository/Modulo compensaciones/Terminación_de_Contrato_Definitivo/span_CEDULA CIUDADANIA' is clicked on

2022-03-28 09:04:16 - [MESSAGE][PASSED] - Object: 'Object Repository/Modulo compensaciones/Terminación_de_Contrato_Definitivo/span_CEDULA CIUDADANIA' is clicked on

2022-03-28 09:04:16 - [TEST_STEP][PASSED] - setText(findTestObject("Modulo compensaciones/Terminación_de_Contrato_Definitivo/input_Fecha Expedicin_hojaVidaseccionj_idt2146fecha_input"), "08/10/2008"): Text '08/10/2008' is set on object 'Object Repository/Modulo compensaciones/Terminación_de_Contrato_Definitivo/input_Fecha Expedicin_hojaVidaseccionj_idt2146fecha_input'

2022-03-28 09:04:17 - [MESSAGE][PASSED] - Text '08/10/2008' is set on object 'Object Repository/Modulo compensaciones/Terminación_de_Contrato_Definitivo/input_Fecha Expedicin_hojaVidaseccionj_idt2146fecha_input'

2022-03-28 09:04:17 - [TEST_STEP][PASSED] - selectOptionByLabel(findTestObject("Modulo compensaciones/Terminación_de_Contrato_Definitivo/select_--Seleccione---- Seleccione--000000ABEJORRA"), "BOGOTÁ", false): All options with label 'BOGOTÁ' are selected in object 'Object Repository/Modulo compensaciones/Terminación_de_Contrato_Definitivo/select_--Seleccione---- Seleccione--000000ABEJORRA' 

2022-03-28 09:04:18 - [MESSAGE][PASSED] - All options with label 'BOGOTÁ' are selected in object 'Object Repository/Modulo compensaciones/Terminación_de_Contrato_Definitivo/select_--Seleccione---- Seleccione--000000ABEJORRA' 

2022-03-28 09:04:18 - [TEST_STEP][PASSED] - setText(findTestObject("Modulo compensaciones/Terminación_de_Contrato_Definitivo/input__hojaVidaseccionj_idt2148idTexto"), "624564654684"): Text '624564654684' is set on object 'Object Repository/Modulo compensaciones/Terminación_de_Contrato_Definitivo/input__hojaVidaseccionj_idt2148idTexto'

2022-03-28 09:04:19 - [MESSAGE][PASSED] - Text '624564654684' is set on object 'Object Repository/Modulo compensaciones/Terminación_de_Contrato_Definitivo/input__hojaVidaseccionj_idt2148idTexto'

2022-03-28 09:04:19 - [TEST_STEP][PASSED] - setText(findTestObject("Modulo compensaciones/Terminación_de_Contrato_Definitivo/input__hojaVidaseccionj_idt2149idTexto"), "noodle@gmail.com"): Text 'noodle@gmail.com' is set on object 'Object Repository/Modulo compensaciones/Terminación_de_Contrato_Definitivo/input__hojaVidaseccionj_idt2149idTexto'

2022-03-28 09:04:20 - [MESSAGE][PASSED] - Text 'noodle@gmail.com' is set on object 'Object Repository/Modulo compensaciones/Terminación_de_Contrato_Definitivo/input__hojaVidaseccionj_idt2149idTexto'

2022-03-28 09:04:20 - [TEST_STEP][PASSED] - selectOptionByIndex(findTestObject("Modulo compensaciones/Terminación_de_Contrato_Definitivo/select_--Seleccione--AA-ABAB-BB-OO-"), 8): All options with index in [8] are selected on object 'Object Repository/Modulo compensaciones/Terminación_de_Contrato_Definitivo/select_--Seleccione--AA-ABAB-BB-OO-'

2022-03-28 09:04:21 - [MESSAGE][PASSED] - All options with index in [8] are selected on object 'Object Repository/Modulo compensaciones/Terminación_de_Contrato_Definitivo/select_--Seleccione--AA-ABAB-BB-OO-'

2022-03-28 09:04:21 - [TEST_STEP][PASSED] - click(findTestObject("Modulo compensaciones/Terminación_de_Contrato_Definitivo/a_Continuar")): Object: 'Object Repository/Modulo compensaciones/Terminación_de_Contrato_Definitivo/a_Continuar' is clicked on

2022-03-28 09:04:22 - [MESSAGE][PASSED] - Object: 'Object Repository/Modulo compensaciones/Terminación_de_Contrato_Definitivo/a_Continuar' is clicked on

2022-03-28 09:04:22 - [TEST_STEP][PASSED] - click(findTestObject("Modulo compensaciones/Terminación_de_Contrato_Definitivo/a_Aceptar")): Object: 'Object Repository/Modulo compensaciones/Terminación_de_Contrato_Definitivo/a_Aceptar' is clicked on

2022-03-28 09:04:23 - [MESSAGE][PASSED] - Object: 'Object Repository/Modulo compensaciones/Terminación_de_Contrato_Definitivo/a_Aceptar' is clicked on

2022-03-28 09:04:23 - [TEST_STEP][PASSED] - Nombre = getText(findTestObject("Modulo compensaciones/Terminación_de_Contrato_Definitivo/input__hojaVidaseccionj_idt2140idTexto")): Text of object 'Object Repository/Modulo compensaciones/Terminación_de_Contrato_Definitivo/input__hojaVidaseccionj_idt2140idTexto' is: ''

2022-03-28 09:04:23 - [MESSAGE][PASSED] - Text of object 'Object Repository/Modulo compensaciones/Terminación_de_Contrato_Definitivo/input__hojaVidaseccionj_idt2140idTexto' is: ''

2022-03-28 09:04:23 - [TEST_STEP][PASSED] - setText(findTestObject("Modulo compensaciones/Terminación_de_Contrato_Definitivo/input_Empresa 1_form_templatej_idt24_input"), "Actos administrativos"): Text 'Actos administrativos' is set on object 'Object Repository/Modulo compensaciones/Terminación_de_Contrato_Definitivo/input_Empresa 1_form_templatej_idt24_input'

2022-03-28 09:04:24 - [MESSAGE][PASSED] - Text 'Actos administrativos' is set on object 'Object Repository/Modulo compensaciones/Terminación_de_Contrato_Definitivo/input_Empresa 1_form_templatej_idt24_input'

2022-03-28 09:04:24 - [TEST_STEP][PASSED] - click(findTestObject("Modulo compensaciones/Terminación_de_Contrato_Definitivo/li_Listado Hojas de Vida (hoj)")): Object: 'Object Repository/Modulo compensaciones/Terminación_de_Contrato_Definitivo/li_Listado Hojas de Vida (hoj)' is clicked on

2022-03-28 09:04:26 - [MESSAGE][PASSED] - Object: 'Object Repository/Modulo compensaciones/Terminación_de_Contrato_Definitivo/li_Listado Hojas de Vida (hoj)' is clicked on

2022-03-28 09:04:26 - [TEST_STEP][PASSED] - click(findTestObject("Modulo compensaciones/Terminación_de_Contrato_Definitivo/i_Actos_glyphicons glyphicons-group")): Object: 'Object Repository/Modulo compensaciones/Terminación_de_Contrato_Definitivo/i_Actos_glyphicons glyphicons-group' is clicked on

2022-03-28 09:04:27 - [MESSAGE][PASSED] - Object: 'Object Repository/Modulo compensaciones/Terminación_de_Contrato_Definitivo/i_Actos_glyphicons glyphicons-group' is clicked on

2022-03-28 09:04:27 - [TEST_STEP][PASSED] - click(findTestObject("Modulo compensaciones/Terminación_de_Contrato_Definitivo/a_Actos de Retiro del empleado_form_ActosAdministrativostabla_principal_10j_idt79")): Object: 'Object Repository/Modulo compensaciones/Terminación_de_Contrato_Definitivo/a_Actos de Retiro del empleado_form_ActosAdministrativostabla_principal_10j_idt79' is clicked on

2022-03-28 09:04:28 - [MESSAGE][PASSED] - Object: 'Object Repository/Modulo compensaciones/Terminación_de_Contrato_Definitivo/a_Actos de Retiro del empleado_form_ActosAdministrativostabla_principal_10j_idt79' is clicked on

2022-03-28 09:04:28 - [TEST_STEP][PASSED] - click(findTestObject("Modulo compensaciones/Terminación_de_Contrato_Definitivo/span_Nomina")): Object: 'Object Repository/Modulo compensaciones/Terminación_de_Contrato_Definitivo/span_Nomina' is clicked on

2022-03-28 09:04:28 - [MESSAGE][PASSED] - Object: 'Object Repository/Modulo compensaciones/Terminación_de_Contrato_Definitivo/span_Nomina' is clicked on

2022-03-28 09:04:28 - [TEST_STEP][PASSED] - click(findTestObject("Modulo compensaciones/Terminación_de_Contrato_Definitivo/span_ingreso definitivo indefinido salario basico")): Object: 'Object Repository/Modulo compensaciones/Terminación_de_Contrato_Definitivo/span_ingreso definitivo indefinido salario basico' is clicked on

2022-03-28 09:04:29 - [MESSAGE][PASSED] - Object: 'Object Repository/Modulo compensaciones/Terminación_de_Contrato_Definitivo/span_ingreso definitivo indefinido salario basico' is clicked on

2022-03-28 09:04:29 - [TEST_STEP][PASSED] - click(findTestObject("Modulo compensaciones/Terminación_de_Contrato_Definitivo/a_Elaboracin_glyphicons glyphicons-chronicle x2")): Object: 'Object Repository/Modulo compensaciones/Terminación_de_Contrato_Definitivo/a_Elaboracin_glyphicons glyphicons-chronicle x2' is clicked on

2022-03-28 09:04:30 - [MESSAGE][PASSED] - Object: 'Object Repository/Modulo compensaciones/Terminación_de_Contrato_Definitivo/a_Elaboracin_glyphicons glyphicons-chronicle x2' is clicked on

2022-03-28 09:04:30 - [TEST_STEP][PASSED] - click(findTestObject("Modulo compensaciones/Terminación_de_Contrato_Definitivo/a_Identificacin_form_actoIngresoj_idt1250")): Object: 'Object Repository/Modulo compensaciones/Terminación_de_Contrato_Definitivo/a_Identificacin_form_actoIngresoj_idt1250' is clicked on

2022-03-28 09:04:31 - [MESSAGE][PASSED] - Object: 'Object Repository/Modulo compensaciones/Terminación_de_Contrato_Definitivo/a_Identificacin_form_actoIngresoj_idt1250' is clicked on

2022-03-28 09:04:31 - [TEST_STEP][PASSED] - setText(findTestObject("Modulo compensaciones/Terminación_de_Contrato_Definitivo/input_Filtro Hoja de Vida_formPopupHojaVidaj_idt1762"), identificacion): Text '4495280' is set on object 'Object Repository/Modulo compensaciones/Terminación_de_Contrato_Definitivo/input_Filtro Hoja de Vida_formPopupHojaVidaj_idt1762'

2022-03-28 09:04:33 - [MESSAGE][PASSED] - Text '4495280' is set on object 'Object Repository/Modulo compensaciones/Terminación_de_Contrato_Definitivo/input_Filtro Hoja de Vida_formPopupHojaVidaj_idt1762'

2022-03-28 09:04:33 - [TEST_STEP][PASSED] - sendKeys(findTestObject("Modulo compensaciones/Terminación_de_Contrato_Definitivo/input_Filtro Hoja de Vida_formPopupHojaVidaj_idt1762"), Keys.chord(ENTER)): Keys 'ENTER + ' sent to object: 'Object Repository/Modulo compensaciones/Terminación_de_Contrato_Definitivo/input_Filtro Hoja de Vida_formPopupHojaVidaj_idt1762'

2022-03-28 09:04:33 - [MESSAGE][PASSED] - Keys 'ENTER + ' sent to object: 'Object Repository/Modulo compensaciones/Terminación_de_Contrato_Definitivo/input_Filtro Hoja de Vida_formPopupHojaVidaj_idt1762'

2022-03-28 09:04:33 - [TEST_STEP][PASSED] - click(findTestObject("Modulo compensaciones/Terminación_de_Contrato_Definitivo/td_Chandler  Francis 1537948e7")): Object: 'Object Repository/Modulo compensaciones/Terminación_de_Contrato_Definitivo/td_Chandler  Francis 1537948e7' is clicked on

2022-03-28 09:04:34 - [MESSAGE][PASSED] - Object: 'Object Repository/Modulo compensaciones/Terminación_de_Contrato_Definitivo/td_Chandler  Francis 1537948e7' is clicked on

2022-03-28 09:04:34 - [TEST_STEP][PASSED] - click(findTestObject("Modulo compensaciones/Terminación_de_Contrato_Definitivo/a_Continuar")): Object: 'Object Repository/Modulo compensaciones/Terminación_de_Contrato_Definitivo/a_Continuar' is clicked on

2022-03-28 09:04:35 - [MESSAGE][PASSED] - Object: 'Object Repository/Modulo compensaciones/Terminación_de_Contrato_Definitivo/a_Continuar' is clicked on

2022-03-28 09:04:35 - [TEST_STEP][PASSED] - setText(findTestObject("Modulo compensaciones/Terminación_de_Contrato_Definitivo/input__form_actoIngresoj_idt12870fecha_input"), "01/07/2021"): Text '01/07/2021' is set on object 'Object Repository/Modulo compensaciones/Terminación_de_Contrato_Definitivo/input__form_actoIngresoj_idt12870fecha_input'

2022-03-28 09:04:36 - [MESSAGE][PASSED] - Text '01/07/2021' is set on object 'Object Repository/Modulo compensaciones/Terminación_de_Contrato_Definitivo/input__form_actoIngresoj_idt12870fecha_input'

2022-03-28 09:04:36 - [TEST_STEP][PASSED] - sendKeys(findTestObject("Modulo compensaciones/Terminación_de_Contrato_Definitivo/input__form_actoIngresoj_idt12870fecha_input"), Keys.chord(ENTER)): Keys 'ENTER + ' sent to object: 'Object Repository/Modulo compensaciones/Terminación_de_Contrato_Definitivo/input__form_actoIngresoj_idt12870fecha_input'

2022-03-28 09:04:37 - [MESSAGE][PASSED] - Keys 'ENTER + ' sent to object: 'Object Repository/Modulo compensaciones/Terminación_de_Contrato_Definitivo/input__form_actoIngresoj_idt12870fecha_input'

2022-03-28 09:04:37 - [TEST_STEP][PASSED] - setText(findTestObject("Modulo compensaciones/Terminación_de_Contrato_Definitivo/input__form_actoIngresoj_idt12871fecha_input"), "01/07/2021"): Text '01/07/2021' is set on object 'Object Repository/Modulo compensaciones/Terminación_de_Contrato_Definitivo/input__form_actoIngresoj_idt12871fecha_input'

2022-03-28 09:04:38 - [MESSAGE][PASSED] - Text '01/07/2021' is set on object 'Object Repository/Modulo compensaciones/Terminación_de_Contrato_Definitivo/input__form_actoIngresoj_idt12871fecha_input'

2022-03-28 09:04:38 - [TEST_STEP][PASSED] - sendKeys(findTestObject("Modulo compensaciones/Terminación_de_Contrato_Definitivo/input__form_actoIngresoj_idt12871fecha_input"), Keys.chord(ENTER)): Keys 'ENTER + ' sent to object: 'Object Repository/Modulo compensaciones/Terminación_de_Contrato_Definitivo/input__form_actoIngresoj_idt12871fecha_input'

2022-03-28 09:04:38 - [MESSAGE][PASSED] - Keys 'ENTER + ' sent to object: 'Object Repository/Modulo compensaciones/Terminación_de_Contrato_Definitivo/input__form_actoIngresoj_idt12871fecha_input'

2022-03-28 09:04:38 - [TEST_STEP][PASSED] - selectOptionByIndex(findTestObject("Modulo compensaciones/Terminación_de_Contrato_Definitivo/select_10 - Ingreso Puesto Nuevo"), 1): All options with index in [1] are selected on object 'Object Repository/Modulo compensaciones/Terminación_de_Contrato_Definitivo/select_10 - Ingreso Puesto Nuevo'

2022-03-28 09:04:39 - [MESSAGE][PASSED] - All options with index in [1] are selected on object 'Object Repository/Modulo compensaciones/Terminación_de_Contrato_Definitivo/select_10 - Ingreso Puesto Nuevo'

2022-03-28 09:04:39 - [TEST_STEP][PASSED] - if (waitForElementVisible(findTestObject("Modulo compensaciones/Terminación_de_Contrato_Definitivo/select_DIAZ BLANCO GUISELL"), 1)): Web element with id: 'Object Repository/Modulo compensaciones/Terminación_de_Contrato_Definitivo/select_DIAZ BLANCO GUISELL' located by '//tr[4]/td[2]/table/tbody/tr/td/table/tbody/tr/td/select' not found

2022-03-28 09:04:41 - [MESSAGE][INFO] - Unable to find the element located by 'By.xpath: //tr[4]/td[2]/table/tbody/tr/td/table/tbody/tr/td/select'. Please recheck the objects properties to make sure the desired element is located. 

2022-03-28 09:04:41 - [MESSAGE][WARNING] - Web element with id: 'Object Repository/Modulo compensaciones/Terminación_de_Contrato_Definitivo/select_DIAZ BLANCO GUISELL' located by '//tr[4]/td[2]/table/tbody/tr/td/table/tbody/tr/td/select' not found

2022-03-28 09:04:41 - [TEST_STEP][PASSED] - setText(findTestObject("Modulo compensaciones/Terminación_de_Contrato_Definitivo/textarea__form_actoIngresoj_idt12874idTexto5"), "Magister en derecho penal"): Text 'Magister en derecho penal' is set on object 'Object Repository/Modulo compensaciones/Terminación_de_Contrato_Definitivo/textarea__form_actoIngresoj_idt12874idTexto5'

2022-03-28 09:04:42 - [MESSAGE][PASSED] - Text 'Magister en derecho penal' is set on object 'Object Repository/Modulo compensaciones/Terminación_de_Contrato_Definitivo/textarea__form_actoIngresoj_idt12874idTexto5'

2022-03-28 09:04:42 - [TEST_STEP][PASSED] - selectOptionByIndex(findTestObject("Modulo compensaciones/Terminación_de_Contrato_Definitivo/select_-- Seleccione --1. Actualizacin por Ascenso del Escalafn Origina2.Actualizacin por Ascenso"), 2): All options with index in [2] are selected on object 'Object Repository/Modulo compensaciones/Terminación_de_Contrato_Definitivo/select_-- Seleccione --1. Actualizacin por Ascenso del Escalafn Origina2.Actualizacin por Ascenso'

2022-03-28 09:04:43 - [MESSAGE][PASSED] - All options with index in [2] are selected on object 'Object Repository/Modulo compensaciones/Terminación_de_Contrato_Definitivo/select_-- Seleccione --1. Actualizacin por Ascenso del Escalafn Origina2.Actualizacin por Ascenso'

2022-03-28 09:04:43 - [TEST_STEP][PASSED] - setText(findTestObject("Modulo compensaciones/Terminación_de_Contrato_Definitivo/input__form_actoIngresoj_idt12876idTexto"), "AAAAAA"): Text 'AAAAAA' is set on object 'Object Repository/Modulo compensaciones/Terminación_de_Contrato_Definitivo/input__form_actoIngresoj_idt12876idTexto'

2022-03-28 09:04:44 - [MESSAGE][PASSED] - Text 'AAAAAA' is set on object 'Object Repository/Modulo compensaciones/Terminación_de_Contrato_Definitivo/input__form_actoIngresoj_idt12876idTexto'

2022-03-28 09:04:44 - [TEST_STEP][PASSED] - click(findTestObject("Modulo compensaciones/Terminación_de_Contrato_Definitivo/a__form_actoIngresoj_idt12877j_idt1327")): Object: 'Object Repository/Modulo compensaciones/Terminación_de_Contrato_Definitivo/a__form_actoIngresoj_idt12877j_idt1327' is clicked on

2022-03-28 09:04:45 - [MESSAGE][PASSED] - Object: 'Object Repository/Modulo compensaciones/Terminación_de_Contrato_Definitivo/a__form_actoIngresoj_idt12877j_idt1327' is clicked on

2022-03-28 09:04:45 - [TEST_STEP][PASSED] - setText(findTestObject("Modulo compensaciones/Terminación_de_Contrato_Definitivo/input_Unidad_form_popupUnidadUsuarioj_idt1777"), "1"): Text '1' is set on object 'Object Repository/Modulo compensaciones/Terminación_de_Contrato_Definitivo/input_Unidad_form_popupUnidadUsuarioj_idt1777'

2022-03-28 09:04:46 - [MESSAGE][PASSED] - Text '1' is set on object 'Object Repository/Modulo compensaciones/Terminación_de_Contrato_Definitivo/input_Unidad_form_popupUnidadUsuarioj_idt1777'

2022-03-28 09:04:46 - [TEST_STEP][PASSED] - sendKeys(findTestObject("Modulo compensaciones/Terminación_de_Contrato_Definitivo/input_Unidad_form_popupUnidadUsuarioj_idt1777"), Keys.chord(ENTER)): Keys 'ENTER + ' sent to object: 'Object Repository/Modulo compensaciones/Terminación_de_Contrato_Definitivo/input_Unidad_form_popupUnidadUsuarioj_idt1777'

2022-03-28 09:04:47 - [MESSAGE][PASSED] - Keys 'ENTER + ' sent to object: 'Object Repository/Modulo compensaciones/Terminación_de_Contrato_Definitivo/input_Unidad_form_popupUnidadUsuarioj_idt1777'

2022-03-28 09:04:47 - [TEST_STEP][PASSED] - click(findTestObject("Modulo compensaciones/Terminación_de_Contrato_Definitivo/span_ADMINISTRACION")): Object: 'Object Repository/Modulo compensaciones/Terminación_de_Contrato_Definitivo/span_ADMINISTRACION' is clicked on

2022-03-28 09:04:47 - [MESSAGE][PASSED] - Object: 'Object Repository/Modulo compensaciones/Terminación_de_Contrato_Definitivo/span_ADMINISTRACION' is clicked on

2022-03-28 09:04:47 - [TEST_STEP][PASSED] - click(findTestObject("Modulo compensaciones/Terminación_de_Contrato_Definitivo/a__form_actoIngresoj_idt12878j_idt1327")): Object: 'Object Repository/Modulo compensaciones/Terminación_de_Contrato_Definitivo/a__form_actoIngresoj_idt12878j_idt1327' is clicked on

2022-03-28 09:04:48 - [MESSAGE][PASSED] - Object: 'Object Repository/Modulo compensaciones/Terminación_de_Contrato_Definitivo/a__form_actoIngresoj_idt12878j_idt1327' is clicked on

2022-03-28 09:04:48 - [TEST_STEP][PASSED] - click(findTestObject("Modulo compensaciones/Terminación_de_Contrato_Definitivo/span_APRENDIZ SENA PRODUCTIVA")): Object: 'Object Repository/Modulo compensaciones/Terminación_de_Contrato_Definitivo/span_APRENDIZ SENA PRODUCTIVA' is clicked on

2022-03-28 09:04:49 - [MESSAGE][PASSED] - Object: 'Object Repository/Modulo compensaciones/Terminación_de_Contrato_Definitivo/span_APRENDIZ SENA PRODUCTIVA' is clicked on

2022-03-28 09:04:49 - [TEST_STEP][PASSED] - setText(findTestObject("Modulo compensaciones/Terminación_de_Contrato_Definitivo/input_VALOR4_form_actoIngresoj_idt12879idNumero1"), "3"): Text '3' is set on object 'Object Repository/Modulo compensaciones/Terminación_de_Contrato_Definitivo/input_VALOR4_form_actoIngresoj_idt12879idNumero1'

2022-03-28 09:04:50 - [MESSAGE][PASSED] - Text '3' is set on object 'Object Repository/Modulo compensaciones/Terminación_de_Contrato_Definitivo/input_VALOR4_form_actoIngresoj_idt12879idNumero1'

2022-03-28 09:04:50 - [TEST_STEP][PASSED] - click(findTestObject("Modulo compensaciones/Terminación_de_Contrato_Definitivo/td_ENTIDAD DE SALUD")): Object: 'Object Repository/Modulo compensaciones/Terminación_de_Contrato_Definitivo/td_ENTIDAD DE SALUD' is clicked on

2022-03-28 09:04:51 - [MESSAGE][PASSED] - Object: 'Object Repository/Modulo compensaciones/Terminación_de_Contrato_Definitivo/td_ENTIDAD DE SALUD' is clicked on

2022-03-28 09:04:51 - [TEST_STEP][PASSED] - click(findTestObject("Modulo compensaciones/Terminación_de_Contrato_Definitivo/span_Eps - Aliansalud Eps")): Object: 'Object Repository/Modulo compensaciones/Terminación_de_Contrato_Definitivo/span_Eps - Aliansalud Eps' is clicked on

2022-03-28 09:04:52 - [MESSAGE][PASSED] - Object: 'Object Repository/Modulo compensaciones/Terminación_de_Contrato_Definitivo/span_Eps - Aliansalud Eps' is clicked on

2022-03-28 09:04:52 - [TEST_STEP][PASSED] - click(findTestObject("Modulo compensaciones/Terminación_de_Contrato_Definitivo/td_FONDO DE PENSIONES")): Object: 'Object Repository/Modulo compensaciones/Terminación_de_Contrato_Definitivo/td_FONDO DE PENSIONES' is clicked on

2022-03-28 09:04:52 - [MESSAGE][PASSED] - Object: 'Object Repository/Modulo compensaciones/Terminación_de_Contrato_Definitivo/td_FONDO DE PENSIONES' is clicked on

2022-03-28 09:04:52 - [TEST_STEP][PASSED] - click(findTestObject("Modulo compensaciones/Terminación_de_Contrato_Definitivo/span_Afp - Colfondos")): Object: 'Object Repository/Modulo compensaciones/Terminación_de_Contrato_Definitivo/span_Afp - Colfondos' is clicked on

2022-03-28 09:04:53 - [MESSAGE][PASSED] - Object: 'Object Repository/Modulo compensaciones/Terminación_de_Contrato_Definitivo/span_Afp - Colfondos' is clicked on

2022-03-28 09:04:53 - [TEST_STEP][PASSED] - click(findTestObject("Modulo compensaciones/Terminación_de_Contrato_Definitivo/span_ASEG. RIESGOS PROFESIONALES")): Object: 'Object Repository/Modulo compensaciones/Terminación_de_Contrato_Definitivo/span_ASEG. RIESGOS PROFESIONALES' is clicked on

2022-03-28 09:04:54 - [MESSAGE][PASSED] - Object: 'Object Repository/Modulo compensaciones/Terminación_de_Contrato_Definitivo/span_ASEG. RIESGOS PROFESIONALES' is clicked on

2022-03-28 09:04:54 - [TEST_STEP][PASSED] - click(findTestObject("Modulo compensaciones/Terminación_de_Contrato_Definitivo/span_Arl - Seguros Bolivar")): Object: 'Object Repository/Modulo compensaciones/Terminación_de_Contrato_Definitivo/span_Arl - Seguros Bolivar' is clicked on

2022-03-28 09:04:55 - [MESSAGE][PASSED] - Object: 'Object Repository/Modulo compensaciones/Terminación_de_Contrato_Definitivo/span_Arl - Seguros Bolivar' is clicked on

2022-03-28 09:04:55 - [TEST_STEP][PASSED] - click(findTestObject("Modulo compensaciones/Terminación_de_Contrato_Definitivo/span_FONDO DE CESANTIAS")): Object: 'Object Repository/Modulo compensaciones/Terminación_de_Contrato_Definitivo/span_FONDO DE CESANTIAS' is clicked on

2022-03-28 09:04:56 - [MESSAGE][PASSED] - Object: 'Object Repository/Modulo compensaciones/Terminación_de_Contrato_Definitivo/span_FONDO DE CESANTIAS' is clicked on

2022-03-28 09:04:56 - [TEST_STEP][PASSED] - click(findTestObject("Modulo compensaciones/Terminación_de_Contrato_Definitivo/span_Fc - Colfondos")): Object: 'Object Repository/Modulo compensaciones/Terminación_de_Contrato_Definitivo/span_Fc - Colfondos' is clicked on

2022-03-28 09:04:57 - [MESSAGE][PASSED] - Object: 'Object Repository/Modulo compensaciones/Terminación_de_Contrato_Definitivo/span_Fc - Colfondos' is clicked on

2022-03-28 09:04:57 - [TEST_STEP][PASSED] - click(findTestObject("Modulo compensaciones/Terminación_de_Contrato_Definitivo/td_PAGO DE NOMINA")): Object: 'Object Repository/Modulo compensaciones/Terminación_de_Contrato_Definitivo/td_PAGO DE NOMINA' is clicked on

2022-03-28 09:04:57 - [MESSAGE][PASSED] - Object: 'Object Repository/Modulo compensaciones/Terminación_de_Contrato_Definitivo/td_PAGO DE NOMINA' is clicked on

2022-03-28 09:04:57 - [TEST_STEP][PASSED] - click(findTestObject("Modulo compensaciones/Terminación_de_Contrato_Definitivo/a_Sucursal_entidadempleado_formtabj_idt1562")): Object: 'Object Repository/Modulo compensaciones/Terminación_de_Contrato_Definitivo/a_Sucursal_entidadempleado_formtabj_idt1562' is clicked on

2022-03-28 09:04:58 - [MESSAGE][PASSED] - Object: 'Object Repository/Modulo compensaciones/Terminación_de_Contrato_Definitivo/a_Sucursal_entidadempleado_formtabj_idt1562' is clicked on

2022-03-28 09:04:58 - [TEST_STEP][PASSED] - click(findTestObject("Modulo compensaciones/Terminación_de_Contrato_Definitivo/span_Ccf - Cafam")): Object: 'Object Repository/Modulo compensaciones/Terminación_de_Contrato_Definitivo/span_Ccf - Cafam' is clicked on

2022-03-28 09:04:59 - [MESSAGE][PASSED] - Object: 'Object Repository/Modulo compensaciones/Terminación_de_Contrato_Definitivo/span_Ccf - Cafam' is clicked on

2022-03-28 09:04:59 - [TEST_STEP][PASSED] - selectOptionByIndex(findTestObject("Modulo compensaciones/Terminación_de_Contrato_Definitivo/select_--Seleccione--003 Familia Popayan"), 2): All options with index in [2] are selected on object 'Object Repository/Modulo compensaciones/Terminación_de_Contrato_Definitivo/select_--Seleccione--003 Familia Popayan'

2022-03-28 09:05:01 - [MESSAGE][PASSED] - All options with index in [2] are selected on object 'Object Repository/Modulo compensaciones/Terminación_de_Contrato_Definitivo/select_--Seleccione--003 Familia Popayan'

2022-03-28 09:05:01 - [TEST_STEP][PASSED] - setText(findTestObject("Modulo compensaciones/Terminación_de_Contrato_Definitivo/input_Cuenta_entidadempleado_formtabtablaCampos0referencia"), "12345678910"): Text '12345678910' is set on object 'Object Repository/Modulo compensaciones/Terminación_de_Contrato_Definitivo/input_Cuenta_entidadempleado_formtabtablaCampos0referencia'

2022-03-28 09:05:02 - [MESSAGE][PASSED] - Text '12345678910' is set on object 'Object Repository/Modulo compensaciones/Terminación_de_Contrato_Definitivo/input_Cuenta_entidadempleado_formtabtablaCampos0referencia'

2022-03-28 09:05:02 - [TEST_STEP][PASSED] - setText(findTestObject("Modulo compensaciones/Terminación_de_Contrato_Definitivo/input_Bco Destino_entidadempleado_formtabtablaCampos1valor"), "5"): Text '5' is set on object 'Object Repository/Modulo compensaciones/Terminación_de_Contrato_Definitivo/input_Bco Destino_entidadempleado_formtabtablaCampos1valor'

2022-03-28 09:05:02 - [MESSAGE][PASSED] - Text '5' is set on object 'Object Repository/Modulo compensaciones/Terminación_de_Contrato_Definitivo/input_Bco Destino_entidadempleado_formtabtablaCampos1valor'

2022-03-28 09:05:02 - [TEST_STEP][PASSED] - setText(findTestObject("Modulo compensaciones/Terminación_de_Contrato_Definitivo/input_Tipo de cuenta_entidadempleado_formtabtablaCampos2sucReferencia"), "Corriente"): Text 'Corriente' is set on object 'Object Repository/Modulo compensaciones/Terminación_de_Contrato_Definitivo/input_Tipo de cuenta_entidadempleado_formtabtablaCampos2sucReferencia'

2022-03-28 09:05:03 - [MESSAGE][PASSED] - Text 'Corriente' is set on object 'Object Repository/Modulo compensaciones/Terminación_de_Contrato_Definitivo/input_Tipo de cuenta_entidadempleado_formtabtablaCampos2sucReferencia'

2022-03-28 09:05:03 - [TEST_STEP][PASSED] - setText(findTestObject("Modulo compensaciones/Terminación_de_Contrato_Definitivo/input_Tipo Cuenta 1ahorro 2 corr_entidadempleado_formtabtablaCampos4tipo"), "1"): Text '1' is set on object 'Object Repository/Modulo compensaciones/Terminación_de_Contrato_Definitivo/input_Tipo Cuenta 1ahorro 2 corr_entidadempleado_formtabtablaCampos4tipo'

2022-03-28 09:05:04 - [MESSAGE][PASSED] - Text '1' is set on object 'Object Repository/Modulo compensaciones/Terminación_de_Contrato_Definitivo/input_Tipo Cuenta 1ahorro 2 corr_entidadempleado_formtabtablaCampos4tipo'

2022-03-28 09:05:04 - [TEST_STEP][PASSED] - click(findTestObject("Modulo compensaciones/Terminación_de_Contrato_Definitivo/a_Aplicar2")): Object: 'Object Repository/Modulo compensaciones/Terminación_de_Contrato_Definitivo/a_Aplicar2' is clicked on

2022-03-28 09:05:05 - [MESSAGE][PASSED] - Object: 'Object Repository/Modulo compensaciones/Terminación_de_Contrato_Definitivo/a_Aplicar2' is clicked on

2022-03-28 09:05:05 - [TEST_STEP][PASSED] - click(findTestObject("Modulo Tarea Actos Administrativos/Elaboracion Acto Cambio de Empleado/span_CAJA DE COMPENSACION")): Object: 'Object Repository/Modulo Tarea Actos Administrativos/Elaboracion Acto Cambio de Empleado/span_CAJA DE COMPENSACION' is clicked on

2022-03-28 09:05:05 - [MESSAGE][PASSED] - Object: 'Object Repository/Modulo Tarea Actos Administrativos/Elaboracion Acto Cambio de Empleado/span_CAJA DE COMPENSACION' is clicked on

2022-03-28 09:05:05 - [TEST_STEP][PASSED] - click(findTestObject("Modulo compensaciones/Terminación_de_Contrato_Definitivo/span_Ccf - Compensar")): Object: 'Object Repository/Modulo compensaciones/Terminación_de_Contrato_Definitivo/span_Ccf - Compensar' is clicked on

2022-03-28 09:05:06 - [MESSAGE][PASSED] - Object: 'Object Repository/Modulo compensaciones/Terminación_de_Contrato_Definitivo/span_Ccf - Compensar' is clicked on

2022-03-28 09:05:06 - [TEST_STEP][PASSED] - click(findTestObject("Modulo compensaciones/Terminación_de_Contrato_Definitivo/a_Continuar")): Object: 'Object Repository/Modulo compensaciones/Terminación_de_Contrato_Definitivo/a_Continuar' is clicked on

2022-03-28 09:05:07 - [MESSAGE][PASSED] - Object: 'Object Repository/Modulo compensaciones/Terminación_de_Contrato_Definitivo/a_Continuar' is clicked on

2022-03-28 09:05:07 - [TEST_STEP][PASSED] - click(findTestObject("Modulo compensaciones/Terminación_de_Contrato_Definitivo/td_10247")): Object: 'Object Repository/Modulo compensaciones/Terminación_de_Contrato_Definitivo/td_10247' is clicked on

2022-03-28 09:05:08 - [MESSAGE][PASSED] - Object: 'Object Repository/Modulo compensaciones/Terminación_de_Contrato_Definitivo/td_10247' is clicked on

2022-03-28 09:05:08 - [TEST_STEP][PASSED] - click(findTestObject("Modulo compensaciones/Terminación_de_Contrato_Definitivo/a_Actualizar(1)")): Object: 'Object Repository/Modulo compensaciones/Terminación_de_Contrato_Definitivo/a_Actualizar(1)' is clicked on

2022-03-28 09:05:09 - [MESSAGE][PASSED] - Object: 'Object Repository/Modulo compensaciones/Terminación_de_Contrato_Definitivo/a_Actualizar(1)' is clicked on

2022-03-28 09:05:09 - [TEST_STEP][PASSED] - selectOptionByIndex(findTestObject("Modulo compensaciones/Terminación_de_Contrato_Definitivo/select_NOMINA MENSUALNOMINA QUINCENAL"), 2): All options with index in [2] are selected on object 'Object Repository/Modulo compensaciones/Terminación_de_Contrato_Definitivo/select_NOMINA MENSUALNOMINA QUINCENAL'

2022-03-28 09:05:10 - [MESSAGE][PASSED] - All options with index in [2] are selected on object 'Object Repository/Modulo compensaciones/Terminación_de_Contrato_Definitivo/select_NOMINA MENSUALNOMINA QUINCENAL'

2022-03-28 09:05:10 - [TEST_STEP][PASSED] - selectOptionByIndex(findTestObject("Modulo compensaciones/Terminación_de_Contrato_Definitivo/select_ADMINISTRATIVOSAPRENDICESEMPLEADOFBROLESTSMECANICOS"), 1): All options with index in [1] are selected on object 'Object Repository/Modulo compensaciones/Terminación_de_Contrato_Definitivo/select_ADMINISTRATIVOSAPRENDICESEMPLEADOFBROLESTSMECANICOS'

2022-03-28 09:05:11 - [MESSAGE][PASSED] - All options with index in [1] are selected on object 'Object Repository/Modulo compensaciones/Terminación_de_Contrato_Definitivo/select_ADMINISTRATIVOSAPRENDICESEMPLEADOFBROLESTSMECANICOS'

2022-03-28 09:05:11 - [TEST_STEP][PASSED] - click(findTestObject("Modulo compensaciones/Terminación_de_Contrato_Definitivo/a_Continuar")): Object: 'Object Repository/Modulo compensaciones/Terminación_de_Contrato_Definitivo/a_Continuar' is clicked on

2022-03-28 09:05:11 - [MESSAGE][PASSED] - Object: 'Object Repository/Modulo compensaciones/Terminación_de_Contrato_Definitivo/a_Continuar' is clicked on

2022-03-28 09:05:11 - [TEST_STEP][PASSED] - click(findTestObject("Modulo compensaciones/Terminación_de_Contrato_Definitivo/a_Descargar pdf")): Object: 'Object Repository/Modulo compensaciones/Terminación_de_Contrato_Definitivo/a_Descargar pdf' is clicked on

2022-03-28 09:05:17 - [MESSAGE][PASSED] - Object: 'Object Repository/Modulo compensaciones/Terminación_de_Contrato_Definitivo/a_Descargar pdf' is clicked on

2022-03-28 09:05:17 - [TEST_STEP][PASSED] - click(findTestObject("Modulo compensaciones/Terminación_de_Contrato_Definitivo/a_Aplicar - Copy")): Object: 'Object Repository/Modulo compensaciones/Terminación_de_Contrato_Definitivo/a_Aplicar - Copy' is clicked on

2022-03-28 09:05:18 - [MESSAGE][PASSED] - Object: 'Object Repository/Modulo compensaciones/Terminación_de_Contrato_Definitivo/a_Aplicar - Copy' is clicked on

2022-03-28 09:05:18 - [TEST_STEP][PASSED] - click(findTestObject("Modulo compensaciones/Terminación_de_Contrato_Definitivo/a_Cancelar")): Object: 'Object Repository/Modulo compensaciones/Terminación_de_Contrato_Definitivo/a_Cancelar' is clicked on

2022-03-28 09:05:21 - [MESSAGE][PASSED] - Object: 'Object Repository/Modulo compensaciones/Terminación_de_Contrato_Definitivo/a_Cancelar' is clicked on

2022-03-28 09:05:21 - [TEST_STEP][PASSED] - setText(findTestObject("Modulo compensaciones/Terminación_de_Contrato_Definitivo/input_Empresa 1_form_templatej_idt24_input"), "Actos administrativos"): Text 'Actos administrativos' is set on object 'Object Repository/Modulo compensaciones/Terminación_de_Contrato_Definitivo/input_Empresa 1_form_templatej_idt24_input'

2022-03-28 09:05:25 - [MESSAGE][PASSED] - Text 'Actos administrativos' is set on object 'Object Repository/Modulo compensaciones/Terminación_de_Contrato_Definitivo/input_Empresa 1_form_templatej_idt24_input'

2022-03-28 09:05:25 - [TEST_STEP][PASSED] - click(findTestObject("Modulo compensaciones/Terminación_de_Contrato_Definitivo/span_Actos Administrativos")): Object: 'Object Repository/Modulo compensaciones/Terminación_de_Contrato_Definitivo/span_Actos Administrativos' is clicked on

2022-03-28 09:05:28 - [MESSAGE][PASSED] - Object: 'Object Repository/Modulo compensaciones/Terminación_de_Contrato_Definitivo/span_Actos Administrativos' is clicked on

2022-03-28 09:05:28 - [TEST_STEP][PASSED] - click(findTestObject("Modulo compensaciones/Terminación_de_Contrato_Definitivo/span_Actos de Retiro del empleado")): Object: 'Object Repository/Modulo compensaciones/Terminación_de_Contrato_Definitivo/span_Actos de Retiro del empleado' is clicked on

2022-03-28 09:05:30 - [MESSAGE][PASSED] - Object: 'Object Repository/Modulo compensaciones/Terminación_de_Contrato_Definitivo/span_Actos de Retiro del empleado' is clicked on

2022-03-28 09:05:30 - [TEST_STEP][PASSED] - click(findTestObject("Modulo compensaciones/Terminación_de_Contrato_Definitivo/a_Actos de Retiro del empleado_form_ActosAdministrativostabla_principal_10j_idt79")): Object: 'Object Repository/Modulo compensaciones/Terminación_de_Contrato_Definitivo/a_Actos de Retiro del empleado_form_ActosAdministrativostabla_principal_10j_idt79' is clicked on

2022-03-28 09:05:32 - [MESSAGE][PASSED] - Object: 'Object Repository/Modulo compensaciones/Terminación_de_Contrato_Definitivo/a_Actos de Retiro del empleado_form_ActosAdministrativostabla_principal_10j_idt79' is clicked on

2022-03-28 09:05:32 - [TEST_STEP][PASSED] - click(findTestObject("Modulo compensaciones/Terminación_de_Contrato_Definitivo/span_terminacion de contrato")): Object: 'Object Repository/Modulo compensaciones/Terminación_de_Contrato_Definitivo/span_terminacion de contrato' is clicked on

2022-03-28 09:05:34 - [MESSAGE][PASSED] - Object: 'Object Repository/Modulo compensaciones/Terminación_de_Contrato_Definitivo/span_terminacion de contrato' is clicked on

2022-03-28 09:05:34 - [TEST_STEP][PASSED] - click(findTestObject("Modulo compensaciones/Terminación_de_Contrato_Definitivo/a_Elaboracin_form_popupSeleccionDerogarj_idt138")): Object: 'Object Repository/Modulo compensaciones/Terminación_de_Contrato_Definitivo/a_Elaboracin_form_popupSeleccionDerogarj_idt138' is clicked on

2022-03-28 09:05:36 - [MESSAGE][PASSED] - Object: 'Object Repository/Modulo compensaciones/Terminación_de_Contrato_Definitivo/a_Elaboracin_form_popupSeleccionDerogarj_idt138' is clicked on

2022-03-28 09:05:36 - [TEST_STEP][PASSED] - click(findTestObject("Modulo compensaciones/Terminación_de_Contrato_Definitivo/a_Identificacin_form_actoAusentismoj_idt938")): Object: 'Object Repository/Modulo compensaciones/Terminación_de_Contrato_Definitivo/a_Identificacin_form_actoAusentismoj_idt938' is clicked on

2022-03-28 09:05:38 - [MESSAGE][PASSED] - Object: 'Object Repository/Modulo compensaciones/Terminación_de_Contrato_Definitivo/a_Identificacin_form_actoAusentismoj_idt938' is clicked on

2022-03-28 09:05:38 - [TEST_STEP][PASSED] - setText(findTestObject("Modulo compensaciones/Terminación_de_Contrato_Definitivo/input_Filtro Empleado_form_popupEmpleadoj_idt1208"), identificacion): Text '4495280' is set on object 'Object Repository/Modulo compensaciones/Terminación_de_Contrato_Definitivo/input_Filtro Empleado_form_popupEmpleadoj_idt1208'

2022-03-28 09:05:42 - [MESSAGE][PASSED] - Text '4495280' is set on object 'Object Repository/Modulo compensaciones/Terminación_de_Contrato_Definitivo/input_Filtro Empleado_form_popupEmpleadoj_idt1208'

2022-03-28 09:05:42 - [TEST_STEP][PASSED] - sendKeys(findTestObject("Modulo compensaciones/Terminación_de_Contrato_Definitivo/input_Filtro Empleado_form_popupEmpleadoj_idt1208"), Keys.chord(ENTER)): Keys 'ENTER + ' sent to object: 'Object Repository/Modulo compensaciones/Terminación_de_Contrato_Definitivo/input_Filtro Empleado_form_popupEmpleadoj_idt1208'

2022-03-28 09:05:44 - [MESSAGE][PASSED] - Keys 'ENTER + ' sent to object: 'Object Repository/Modulo compensaciones/Terminación_de_Contrato_Definitivo/input_Filtro Empleado_form_popupEmpleadoj_idt1208'

2022-03-28 09:05:44 - [TEST_STEP][PASSED] - click(findTestObject("Modulo compensaciones/Terminación_de_Contrato_Definitivo/span_Chandler Francis 149223e7")): Object: 'Object Repository/Modulo compensaciones/Terminación_de_Contrato_Definitivo/span_Chandler Francis 149223e7' is clicked on

2022-03-28 09:05:46 - [MESSAGE][PASSED] - Object: 'Object Repository/Modulo compensaciones/Terminación_de_Contrato_Definitivo/span_Chandler Francis 149223e7' is clicked on

2022-03-28 09:05:46 - [TEST_STEP][PASSED] - click(findTestObject("Modulo compensaciones/Terminación_de_Contrato_Definitivo/a_Continuar0")): Object: 'Object Repository/Modulo compensaciones/Terminación_de_Contrato_Definitivo/a_Continuar0' is clicked on

2022-03-28 09:05:48 - [MESSAGE][PASSED] - Object: 'Object Repository/Modulo compensaciones/Terminación_de_Contrato_Definitivo/a_Continuar0' is clicked on

2022-03-28 09:05:48 - [TEST_STEP][PASSED] - setText(findTestObject("Modulo compensaciones/Terminación_de_Contrato_Definitivo/input__form_actoAusentismoj_idt15770fecha_input"), "02/07/2021"): Text '02/07/2021' is set on object 'Object Repository/Modulo compensaciones/Terminación_de_Contrato_Definitivo/input__form_actoAusentismoj_idt15770fecha_input'

2022-03-28 09:05:52 - [MESSAGE][PASSED] - Text '02/07/2021' is set on object 'Object Repository/Modulo compensaciones/Terminación_de_Contrato_Definitivo/input__form_actoAusentismoj_idt15770fecha_input'

2022-03-28 09:05:52 - [TEST_STEP][PASSED] - click(findTestObject("Modulo compensaciones/Terminación_de_Contrato_Definitivo/a_Continuar1")): Object: 'Object Repository/Modulo compensaciones/Terminación_de_Contrato_Definitivo/a_Continuar1' is clicked on

2022-03-28 09:05:54 - [MESSAGE][PASSED] - Object: 'Object Repository/Modulo compensaciones/Terminación_de_Contrato_Definitivo/a_Continuar1' is clicked on

2022-03-28 09:05:54 - [TEST_STEP][PASSED] - click(findTestObject("Modulo compensaciones/Terminación_de_Contrato_Definitivo/a_Aplicar1")): Object: 'Object Repository/Modulo compensaciones/Terminación_de_Contrato_Definitivo/a_Aplicar1' is clicked on

2022-03-28 09:05:58 - [MESSAGE][PASSED] - Object: 'Object Repository/Modulo compensaciones/Terminación_de_Contrato_Definitivo/a_Aplicar1' is clicked on

2022-03-28 09:05:58 - [TEST_STEP][PASSED] - click(findTestObject("Modulo compensaciones/Terminación_de_Contrato_Definitivo/span_Si1")): Object: 'Object Repository/Modulo compensaciones/Terminación_de_Contrato_Definitivo/span_Si1' is clicked on

2022-03-28 09:06:00 - [MESSAGE][PASSED] - Object: 'Object Repository/Modulo compensaciones/Terminación_de_Contrato_Definitivo/span_Si1' is clicked on

2022-03-28 09:06:00 - [TEST_STEP][PASSED] - click(findTestObject("Modulo compensaciones/Terminación_de_Contrato_Definitivo/a_Aceptar1")): Object: 'Object Repository/Modulo compensaciones/Terminación_de_Contrato_Definitivo/a_Aceptar1' is clicked on

2022-03-28 09:06:03 - [MESSAGE][PASSED] - Object: 'Object Repository/Modulo compensaciones/Terminación_de_Contrato_Definitivo/a_Aceptar1' is clicked on

2022-03-28 09:06:03 - [TEST_STEP][PASSED] - click(findTestObject("Modulo compensaciones/Terminación_de_Contrato_Definitivo/a_Eliminar_form_ActosAdministrativostabla_principal_12j_idt79")): Object: 'Object Repository/Modulo compensaciones/Terminación_de_Contrato_Definitivo/a_Eliminar_form_ActosAdministrativostabla_principal_12j_idt79' is clicked on

2022-03-28 09:06:05 - [MESSAGE][PASSED] - Object: 'Object Repository/Modulo compensaciones/Terminación_de_Contrato_Definitivo/a_Eliminar_form_ActosAdministrativostabla_principal_12j_idt79' is clicked on

2022-03-28 09:06:05 - [TEST_STEP][PASSED] - setText(findTestObject("Modulo compensaciones/Terminación_de_Contrato_Definitivo/input_Filter by Identificacin_form_ActosAdministrativostabla_principal_actosj_idt118filter"), identificacion): Text '4495280' is set on object 'Object Repository/Modulo compensaciones/Terminación_de_Contrato_Definitivo/input_Filter by Identificacin_form_ActosAdministrativostabla_principal_actosj_idt118filter'

2022-03-28 09:06:09 - [MESSAGE][PASSED] - Text '4495280' is set on object 'Object Repository/Modulo compensaciones/Terminación_de_Contrato_Definitivo/input_Filter by Identificacin_form_ActosAdministrativostabla_principal_actosj_idt118filter'

2022-03-28 09:06:09 - [TEST_STEP][PASSED] - click(findTestObject("Modulo compensaciones/Terminación_de_Contrato_Definitivo/td_Cc")): Object: 'Object Repository/Modulo compensaciones/Terminación_de_Contrato_Definitivo/td_Cc' is clicked on

2022-03-28 09:06:11 - [MESSAGE][PASSED] - Object: 'Object Repository/Modulo compensaciones/Terminación_de_Contrato_Definitivo/td_Cc' is clicked on

2022-03-28 09:06:11 - [TEST_STEP][PASSED] - click(findTestObject("Modulo compensaciones/Terminación_de_Contrato_Definitivo/a_Continuar3")): Object: 'Object Repository/Modulo compensaciones/Terminación_de_Contrato_Definitivo/a_Continuar3' is clicked on

2022-03-28 09:06:14 - [MESSAGE][PASSED] - Object: 'Object Repository/Modulo compensaciones/Terminación_de_Contrato_Definitivo/a_Continuar3' is clicked on

2022-03-28 09:06:14 - [TEST_STEP][PASSED] - click(findTestObject("Modulo compensaciones/Terminación_de_Contrato_Definitivo/a_Aplicar3")): Object: 'Object Repository/Modulo compensaciones/Terminación_de_Contrato_Definitivo/a_Aplicar3' is clicked on

2022-03-28 09:06:16 - [MESSAGE][PASSED] - Object: 'Object Repository/Modulo compensaciones/Terminación_de_Contrato_Definitivo/a_Aplicar3' is clicked on

2022-03-28 09:06:16 - [TEST_STEP][PASSED] - click(findTestObject("Modulo compensaciones/Terminación_de_Contrato_Definitivo/span_Si3")): Object: 'Object Repository/Modulo compensaciones/Terminación_de_Contrato_Definitivo/span_Si3' is clicked on

2022-03-28 09:06:18 - [MESSAGE][PASSED] - Object: 'Object Repository/Modulo compensaciones/Terminación_de_Contrato_Definitivo/span_Si3' is clicked on

2022-03-28 09:06:18 - [TEST_STEP][PASSED] - click(findTestObject("Modulo compensaciones/Terminación_de_Contrato_Definitivo/label_EL SISTEMA HA GENERADO EL ACTO ADMINISTRATIVO CORRECTAMENTE")): Object: 'Object Repository/Modulo compensaciones/Terminación_de_Contrato_Definitivo/label_EL SISTEMA HA GENERADO EL ACTO ADMINISTRATIVO CORRECTAMENTE' is clicked on

2022-03-28 09:06:20 - [MESSAGE][PASSED] - Object: 'Object Repository/Modulo compensaciones/Terminación_de_Contrato_Definitivo/label_EL SISTEMA HA GENERADO EL ACTO ADMINISTRATIVO CORRECTAMENTE' is clicked on

2022-03-28 09:06:20 - [TEST_STEP][PASSED] - click(findTestObject("Modulo compensaciones/Terminación_de_Contrato_Definitivo/a_Aceptar3")): Object: 'Object Repository/Modulo compensaciones/Terminación_de_Contrato_Definitivo/a_Aceptar3' is clicked on

2022-03-28 09:06:22 - [MESSAGE][PASSED] - Object: 'Object Repository/Modulo compensaciones/Terminación_de_Contrato_Definitivo/a_Aceptar3' is clicked on

2022-03-28 09:06:22 - [TEST_STEP][PASSED] - setText(findTestObject("Modulo compensaciones/Terminación_de_Contrato_Definitivo/input_Empresa 1_form_templatej_idt24_input"), "Listado de Empleados"): Text 'Listado de Empleados' is set on object 'Object Repository/Modulo compensaciones/Terminación_de_Contrato_Definitivo/input_Empresa 1_form_templatej_idt24_input'

2022-03-28 09:06:26 - [MESSAGE][PASSED] - Text 'Listado de Empleados' is set on object 'Object Repository/Modulo compensaciones/Terminación_de_Contrato_Definitivo/input_Empresa 1_form_templatej_idt24_input'

2022-03-28 09:06:26 - [TEST_STEP][PASSED] - click(findTestObject("Modulo compensaciones/Terminación_de_Contrato_Definitivo/span_Empleados")): Object: 'Object Repository/Modulo compensaciones/Terminación_de_Contrato_Definitivo/span_Empleados' is clicked on

2022-03-28 09:06:29 - [MESSAGE][PASSED] - Object: 'Object Repository/Modulo compensaciones/Terminación_de_Contrato_Definitivo/span_Empleados' is clicked on

2022-03-28 09:06:29 - [TEST_STEP][PASSED] - setText(findTestObject("Modulo compensaciones/Terminación_de_Contrato_Definitivo/input_Identificacin_listadoEmpleadoIdentificacionEmpleado"), identificacion): Text '4495280' is set on object 'Object Repository/Modulo compensaciones/Terminación_de_Contrato_Definitivo/input_Identificacin_listadoEmpleadoIdentificacionEmpleado'

2022-03-28 09:06:34 - [MESSAGE][PASSED] - Text '4495280' is set on object 'Object Repository/Modulo compensaciones/Terminación_de_Contrato_Definitivo/input_Identificacin_listadoEmpleadoIdentificacionEmpleado'

2022-03-28 09:06:34 - [TEST_STEP][PASSED] - sendKeys(findTestObject("Modulo compensaciones/Terminación_de_Contrato_Definitivo/input_Identificacin_listadoEmpleadoIdentificacionEmpleado"), Keys.chord(ENTER)): Keys 'ENTER + ' sent to object: 'Object Repository/Modulo compensaciones/Terminación_de_Contrato_Definitivo/input_Identificacin_listadoEmpleadoIdentificacionEmpleado'

2022-03-28 09:06:35 - [MESSAGE][PASSED] - Keys 'ENTER + ' sent to object: 'Object Repository/Modulo compensaciones/Terminación_de_Contrato_Definitivo/input_Identificacin_listadoEmpleadoIdentificacionEmpleado'

2022-03-28 09:06:35 - [TEST_STEP][PASSED] - click(findTestObject("Modulo compensaciones/Terminación_de_Contrato_Definitivo/span_Chandler Francis_listado empleados")): Object: 'Object Repository/Modulo compensaciones/Terminación_de_Contrato_Definitivo/span_Chandler Francis_listado empleados' is clicked on

2022-03-28 09:06:37 - [MESSAGE][PASSED] - Object: 'Object Repository/Modulo compensaciones/Terminación_de_Contrato_Definitivo/span_Chandler Francis_listado empleados' is clicked on

2022-03-28 09:06:37 - [TEST_STEP][PASSED] - click(findTestObject("Modulo compensaciones/Terminación_de_Contrato_Definitivo/a_Terminar Contrato")): Object: 'Object Repository/Modulo compensaciones/Terminación_de_Contrato_Definitivo/a_Terminar Contrato' is clicked on

2022-03-28 09:06:39 - [MESSAGE][PASSED] - Object: 'Object Repository/Modulo compensaciones/Terminación_de_Contrato_Definitivo/a_Terminar Contrato' is clicked on

2022-03-28 09:06:39 - [TEST_STEP][PASSED] - click(findTestObject("Modulo compensaciones/Terminación_de_Contrato_Definitivo/span_Liquidar")): Object: 'Object Repository/Modulo compensaciones/Terminación_de_Contrato_Definitivo/span_Liquidar' is clicked on

2022-03-28 09:06:41 - [MESSAGE][PASSED] - Object: 'Object Repository/Modulo compensaciones/Terminación_de_Contrato_Definitivo/span_Liquidar' is clicked on

2022-03-28 09:06:41 - [TEST_STEP][PASSED] - selectOptionByIndex(findTestObject("Modulo compensaciones/Terminación_de_Contrato_Definitivo/select_SUSTITUCIN PATRONALUNILATERAL DEL EMPLEADOJUSTA CAUSATERMINACION DE CONTRATOSIN JUSTA CAUSAPENSIONMUTUO ACUERDO"), "5"): All options with index in [5] are selected on object 'Object Repository/Modulo compensaciones/Terminación_de_Contrato_Definitivo/select_SUSTITUCIN PATRONALUNILATERAL DEL EMPLEADOJUSTA CAUSATERMINACION DE CONTRATOSIN JUSTA CAUSAPENSIONMUTUO ACUERDO'

2022-03-28 09:06:47 - [MESSAGE][PASSED] - All options with index in [5] are selected on object 'Object Repository/Modulo compensaciones/Terminación_de_Contrato_Definitivo/select_SUSTITUCIN PATRONALUNILATERAL DEL EMPLEADOJUSTA CAUSATERMINACION DE CONTRATOSIN JUSTA CAUSAPENSIONMUTUO ACUERDO'

2022-03-28 09:06:47 - [TEST_STEP][PASSED] - selectOptionByIndex(findTestObject("Modulo compensaciones/Terminación_de_Contrato_Definitivo/select_---SELECCIONE ---DirectoEntidad de PagoPeriodo de Nomina"), 3): All options with index in [3] are selected on object 'Object Repository/Modulo compensaciones/Terminación_de_Contrato_Definitivo/select_---SELECCIONE ---DirectoEntidad de PagoPeriodo de Nomina'

2022-03-28 09:06:53 - [MESSAGE][PASSED] - All options with index in [3] are selected on object 'Object Repository/Modulo compensaciones/Terminación_de_Contrato_Definitivo/select_---SELECCIONE ---DirectoEntidad de PagoPeriodo de Nomina'

2022-03-28 09:06:53 - [TEST_STEP][PASSED] - selectOptionByIndex(findTestObject("Modulo compensaciones/Terminación_de_Contrato_Definitivo/select_--SELECCIONE--PM202106PM202107"), 2): All options with index in [2] are selected on object 'Object Repository/Modulo compensaciones/Terminación_de_Contrato_Definitivo/select_--SELECCIONE--PM202106PM202107'

2022-03-28 09:06:59 - [MESSAGE][PASSED] - All options with index in [2] are selected on object 'Object Repository/Modulo compensaciones/Terminación_de_Contrato_Definitivo/select_--SELECCIONE--PM202106PM202107'

2022-03-28 09:06:59 - [TEST_STEP][PASSED] - click(findTestObject("Modulo compensaciones/Terminación_de_Contrato_Definitivo/span_Calculo Nomina")): Object: 'Object Repository/Modulo compensaciones/Terminación_de_Contrato_Definitivo/span_Calculo Nomina' is clicked on

2022-03-28 09:07:01 - [MESSAGE][PASSED] - Object: 'Object Repository/Modulo compensaciones/Terminación_de_Contrato_Definitivo/span_Calculo Nomina' is clicked on

2022-03-28 09:07:01 - [TEST_STEP][PASSED] - click(findTestObject("Modulo compensaciones/Terminación_de_Contrato_Definitivo/a_Prestaciones Sociales")): Object: 'Object Repository/Modulo compensaciones/Terminación_de_Contrato_Definitivo/a_Prestaciones Sociales' is clicked on

2022-03-28 09:07:07 - [MESSAGE][PASSED] - Object: 'Object Repository/Modulo compensaciones/Terminación_de_Contrato_Definitivo/a_Prestaciones Sociales' is clicked on

2022-03-28 09:07:07 - [TEST_STEP][PASSED] - click(findTestObject("Modulo compensaciones/Terminación_de_Contrato_Definitivo/span_Si")): Object: 'Object Repository/Modulo compensaciones/Terminación_de_Contrato_Definitivo/span_Si' is clicked on

2022-03-28 09:07:09 - [MESSAGE][PASSED] - Object: 'Object Repository/Modulo compensaciones/Terminación_de_Contrato_Definitivo/span_Si' is clicked on

2022-03-28 09:07:09 - [TEST_STEP][PASSED] - click(findTestObject("Modulo compensaciones/Terminación_de_Contrato_Definitivo/a_Reporte")): Object: 'Object Repository/Modulo compensaciones/Terminación_de_Contrato_Definitivo/a_Reporte' is clicked on

2022-03-28 09:07:14 - [MESSAGE][PASSED] - Object: 'Object Repository/Modulo compensaciones/Terminación_de_Contrato_Definitivo/a_Reporte' is clicked on

2022-03-28 09:07:14 - [TEST_STEP][PASSED] - if (waitForElementVisible(findTestObject("Modulo compensaciones/Terminación_de_Contrato_Definitivo/a_Regresar"), 1)): null

2022-03-28 09:07:16 - [MESSAGE][PASSED] - Object 'Object Repository/Modulo compensaciones/Terminación_de_Contrato_Definitivo/a_Regresar' is visible

2022-03-28 09:07:16 - [TEST_STEP][PASSED] - closeBrowser(): Browser is closed

2022-03-28 09:07:18 - [MESSAGE][PASSED] - Browser is closed]]></system-out>
         <system-err><![CDATA[]]></system-err>
      </testcase>
      <testcase name="Test Cases/1.2-Tareas_Secundarias/A.1-Pruebas_compensaciones/11.1.3-Liquidación_Nomina" time="24.796" classname="Test Cases/1.2-Tareas_Secundarias/A.1-Pruebas_compensaciones/11.1.3-Liquidación_Nomina" status="PASSED">
         <system-out><![CDATA[2022-03-28 09:07:18 - [TEST_CASE][PASSED] - Test Cases/1.2-Tareas_Secundarias/A.1-Pruebas_compensaciones/11.1.3-Liquidación_Nomina: Test Cases/1.2-Tareas_Secundarias/A.1-Pruebas_compensaciones/11.1.3-Liquidación_Nomina

2022-03-28 09:07:19 - [TEST_STEP][PASSED] - callTestCase(findTestCase("0.1-Login"), [:], STOP_ON_FAILURE): Call Test Case 'Test Cases/0.1-Login' successfully

2022-03-28 09:07:19 - [TEST_CASE][PASSED] - Test Cases/0.1-Login: Test Cases/0.1-Login

2022-03-28 09:07:19 - [TEST_STEP][PASSED] - openBrowser(""): Browser is opened with url: ''

2022-03-28 09:07:19 - [MESSAGE][INFO] - Starting 'Chrome' driver

2022-03-28 09:07:19 - [MESSAGE][INFO] - Action delay is set to 50 milliseconds

2022-03-28 09:07:21 - [MESSAGE][PASSED] - Browser is opened with url: ''

2022-03-28 09:07:21 - [TEST_STEP][PASSED] - maximizeWindow(): Current window maximized

2022-03-28 09:07:21 - [MESSAGE][PASSED] - Current window maximized

2022-03-28 09:07:21 - [TEST_STEP][PASSED] - i = G_Login: null

2022-03-28 09:07:21 - [TEST_STEP][PASSED] - url = new java.net.URL(i): null

2022-03-28 09:07:21 - [TEST_STEP][PASSED] - println("URL: " + url.toString()): null

2022-03-28 09:07:21 - [TEST_STEP][PASSED] - connection = url.openConnection(): null

2022-03-28 09:07:21 - [TEST_STEP][PASSED] - connection.setRequestMethod("GET"): null

2022-03-28 09:07:21 - [TEST_STEP][PASSED] - connection.setReadTimeout(2 * 1000): null

2022-03-28 09:07:21 - [TEST_STEP][PASSED] - try: null

2022-03-28 09:07:21 - [TEST_STEP][PASSED] - connection.connect(): null

2022-03-28 09:07:21 - [TEST_STEP][PASSED] - flag = connected: null

2022-03-28 09:07:21 - [TEST_STEP][PASSED] - println("Valor_ori: " + flag): null

2022-03-28 09:07:21 - [TEST_STEP][PASSED] - if (flag): null

2022-03-28 09:07:21 - [TEST_STEP][PASSED] - navigateToUrl(i): Navigate to 'http://192.168.2.19:8380/saraweb' successfully

2022-03-28 09:07:21 - [MESSAGE][PASSED] - Navigate to 'http://192.168.2.19:8380/saraweb' successfully

2022-03-28 09:07:21 - [TEST_STEP][PASSED] - a(): null

2022-03-28 09:07:21 - [TEST_STEP][PASSED] - setText(findTestObject("Login/input_USUARIO_loginusuario"), G_Usuario): Text 'saraadmin' is set on object 'Object Repository/Login/input_USUARIO_loginusuario'

2022-03-28 09:07:23 - [MESSAGE][PASSED] - Text 'saraadmin' is set on object 'Object Repository/Login/input_USUARIO_loginusuario'

2022-03-28 09:07:23 - [TEST_STEP][PASSED] - setEncryptedText(findTestObject("Login/input_CLAVE_loginpassword"), "MkG4/TYiCFC3cb2driP7+Q=="): Text ****** has been set on object 'Object Repository/Login/input_CLAVE_loginpassword'

2022-03-28 09:07:23 - [MESSAGE][PASSED] - Text ****** has been set on object 'Object Repository/Login/input_CLAVE_loginpassword'

2022-03-28 09:07:23 - [TEST_STEP][PASSED] - waitForElementClickable(findTestObject("Login/a_Ingresar"), G_TimeOut): Object 'Object Repository/Login/a_Ingresar' is clickable

2022-03-28 09:07:24 - [MESSAGE][PASSED] - Object 'Object Repository/Login/a_Ingresar' is clickable

2022-03-28 09:07:24 - [TEST_STEP][PASSED] - click(findTestObject("Login/a_Ingresar")): Object: 'Object Repository/Login/a_Ingresar' is clicked on

2022-03-28 09:07:26 - [MESSAGE][PASSED] - Object: 'Object Repository/Login/a_Ingresar' is clicked on

2022-03-28 09:07:26 - [TEST_STEP][PASSED] - element = findWebElement(findTestObject("Login/a_Ir"), 30): null

2022-03-28 09:07:26 - [TEST_STEP][PASSED] - executeJavaScript("arguments[0].click()", Arrays.asList(element)): Execute JavaScript 'arguments[0].click()' successfully

2022-03-28 09:07:27 - [MESSAGE][PASSED] - Execute JavaScript 'arguments[0].click()' successfully

2022-03-28 09:07:27 - [MESSAGE][PASSED] - Call Test Case 'Test Cases/0.1-Login' successfully

2022-03-28 09:07:27 - [TEST_STEP][PASSED] - setText(findTestObject("Modulo compensaciones/Liquidación_Nomina/input_Empresa 1_form_templatej_idt24_input"), "Liquidacion Nomina"): Text 'Liquidacion Nomina' is set on object 'Object Repository/Modulo compensaciones/Liquidación_Nomina/input_Empresa 1_form_templatej_idt24_input'

2022-03-28 09:07:28 - [MESSAGE][PASSED] - Text 'Liquidacion Nomina' is set on object 'Object Repository/Modulo compensaciones/Liquidación_Nomina/input_Empresa 1_form_templatej_idt24_input'

2022-03-28 09:07:28 - [TEST_STEP][PASSED] - click(findTestObject("Modulo compensaciones/Liquidación_Nomina/li_Liquidacion Nomina (com)")): Object: 'Object Repository/Modulo compensaciones/Liquidación_Nomina/li_Liquidacion Nomina (com)' is clicked on

2022-03-28 09:07:29 - [MESSAGE][PASSED] - Object: 'Object Repository/Modulo compensaciones/Liquidación_Nomina/li_Liquidacion Nomina (com)' is clicked on

2022-03-28 09:07:29 - [TEST_STEP][PASSED] - click(findTestObject("Modulo compensaciones/Liquidación_Nomina/a_Periodo Nomina_LiquidacionNominaj_idt68")): Object: 'Object Repository/Modulo compensaciones/Liquidación_Nomina/a_Periodo Nomina_LiquidacionNominaj_idt68' is clicked on

2022-03-28 09:07:30 - [MESSAGE][PASSED] - Object: 'Object Repository/Modulo compensaciones/Liquidación_Nomina/a_Periodo Nomina_LiquidacionNominaj_idt68' is clicked on

2022-03-28 09:07:30 - [TEST_STEP][PASSED] - selectOptionByIndex(findTestObject("Modulo compensaciones/Liquidación_Nomina/select_--  Seleccione  --Periodo CerradoPeriodo en Proceso"), 2): All options with index in [2] are selected on object 'Object Repository/Modulo compensaciones/Liquidación_Nomina/select_--  Seleccione  --Periodo CerradoPeriodo en Proceso'

2022-03-28 09:07:31 - [MESSAGE][PASSED] - All options with index in [2] are selected on object 'Object Repository/Modulo compensaciones/Liquidación_Nomina/select_--  Seleccione  --Periodo CerradoPeriodo en Proceso'

2022-03-28 09:07:31 - [TEST_STEP][PASSED] - click(findTestObject("Modulo compensaciones/Liquidación_Nomina/span_P. MensualJulio2021")): Object: 'Object Repository/Modulo compensaciones/Liquidación_Nomina/span_P. MensualJulio2021' is clicked on

2022-03-28 09:07:32 - [MESSAGE][PASSED] - Object: 'Object Repository/Modulo compensaciones/Liquidación_Nomina/span_P. MensualJulio2021' is clicked on

2022-03-28 09:07:32 - [TEST_STEP][PASSED] - setText(findTestObject("Modulo compensaciones/Liquidación_Nomina/input_Nombre Persona_LiquidacionNominaj_idt124"), "1026588953"): Text '1026588953' is set on object 'Object Repository/Modulo compensaciones/Liquidación_Nomina/input_Nombre Persona_LiquidacionNominaj_idt124'

2022-03-28 09:07:35 - [MESSAGE][PASSED] - Text '1026588953' is set on object 'Object Repository/Modulo compensaciones/Liquidación_Nomina/input_Nombre Persona_LiquidacionNominaj_idt124'

2022-03-28 09:07:35 - [TEST_STEP][PASSED] - sendKeys(findTestObject("Modulo compensaciones/Liquidación_Nomina/input_Nombre Persona_LiquidacionNominaj_idt124"), Keys.chord(ENTER)): Keys 'ENTER + ' sent to object: 'Object Repository/Modulo compensaciones/Liquidación_Nomina/input_Nombre Persona_LiquidacionNominaj_idt124'

2022-03-28 09:07:35 - [MESSAGE][PASSED] - Keys 'ENTER + ' sent to object: 'Object Repository/Modulo compensaciones/Liquidación_Nomina/input_Nombre Persona_LiquidacionNominaj_idt124'

2022-03-28 09:07:35 - [TEST_STEP][PASSED] - click(findTestObject("Modulo compensaciones/Liquidación_Nomina/td_Aya Silva Cindy Ximena")): Object: 'Object Repository/Modulo compensaciones/Liquidación_Nomina/td_Aya Silva Cindy Ximena' is clicked on

2022-03-28 09:07:36 - [MESSAGE][PASSED] - Object: 'Object Repository/Modulo compensaciones/Liquidación_Nomina/td_Aya Silva Cindy Ximena' is clicked on

2022-03-28 09:07:36 - [TEST_STEP][PASSED] - click(findTestObject("Modulo compensaciones/Liquidación_Nomina/a_Liquidacin Periodica")): Object: 'Object Repository/Modulo compensaciones/Liquidación_Nomina/a_Liquidacin Periodica' is clicked on

2022-03-28 09:07:38 - [MESSAGE][PASSED] - Object: 'Object Repository/Modulo compensaciones/Liquidación_Nomina/a_Liquidacin Periodica' is clicked on

2022-03-28 09:07:38 - [TEST_STEP][PASSED] - click(findTestObject("Modulo compensaciones/Liquidación_Nomina/span_Prestamo Compaa")): Object: 'Object Repository/Modulo compensaciones/Liquidación_Nomina/span_Prestamo Compaa' is clicked on

2022-03-28 09:07:39 - [MESSAGE][PASSED] - Object: 'Object Repository/Modulo compensaciones/Liquidación_Nomina/span_Prestamo Compaa' is clicked on

2022-03-28 09:07:39 - [TEST_STEP][PASSED] - click(findTestObject("Modulo compensaciones/Liquidación_Nomina/a_Ver")): Object: 'Object Repository/Modulo compensaciones/Liquidación_Nomina/a_Ver' is clicked on

2022-03-28 09:07:40 - [MESSAGE][PASSED] - Object: 'Object Repository/Modulo compensaciones/Liquidación_Nomina/a_Ver' is clicked on

2022-03-28 09:07:40 - [TEST_STEP][PASSED] - if (waitForElementVisible(findTestObject("Modulo compensaciones/Liquidación_Nomina/a_Pagos o Descuentos Extra"), 1)): null

2022-03-28 09:07:42 - [MESSAGE][PASSED] - Object 'Object Repository/Modulo compensaciones/Liquidación_Nomina/a_Pagos o Descuentos Extra' is visible

2022-03-28 09:07:42 - [TEST_STEP][PASSED] - closeBrowser(): Browser is closed

2022-03-28 09:07:43 - [MESSAGE][PASSED] - Browser is closed]]></system-out>
         <system-err><![CDATA[]]></system-err>
      </testcase>
      <testcase name="Test Cases/1.2-Tareas_Secundarias/A.1-Pruebas_compensaciones/11.1.4-Fuente_General" time="25.746" classname="Test Cases/1.2-Tareas_Secundarias/A.1-Pruebas_compensaciones/11.1.4-Fuente_General" status="PASSED">
         <system-out><![CDATA[2022-03-28 09:07:43 - [TEST_CASE][PASSED] - Test Cases/1.2-Tareas_Secundarias/A.1-Pruebas_compensaciones/11.1.4-Fuente_General: Test Cases/1.2-Tareas_Secundarias/A.1-Pruebas_compensaciones/11.1.4-Fuente_General

2022-03-28 09:07:43 - [TEST_STEP][PASSED] - callTestCase(findTestCase("0.1-Login"), [:], STOP_ON_FAILURE): Call Test Case 'Test Cases/0.1-Login' successfully

2022-03-28 09:07:43 - [TEST_CASE][PASSED] - Test Cases/0.1-Login: Test Cases/0.1-Login

2022-03-28 09:07:43 - [TEST_STEP][PASSED] - openBrowser(""): Browser is opened with url: ''

2022-03-28 09:07:43 - [MESSAGE][INFO] - Starting 'Chrome' driver

2022-03-28 09:07:43 - [MESSAGE][INFO] - Action delay is set to 50 milliseconds

2022-03-28 09:07:45 - [MESSAGE][PASSED] - Browser is opened with url: ''

2022-03-28 09:07:45 - [TEST_STEP][PASSED] - maximizeWindow(): Current window maximized

2022-03-28 09:07:45 - [MESSAGE][PASSED] - Current window maximized

2022-03-28 09:07:45 - [TEST_STEP][PASSED] - i = G_Login: null

2022-03-28 09:07:45 - [TEST_STEP][PASSED] - url = new java.net.URL(i): null

2022-03-28 09:07:45 - [TEST_STEP][PASSED] - println("URL: " + url.toString()): null

2022-03-28 09:07:45 - [TEST_STEP][PASSED] - connection = url.openConnection(): null

2022-03-28 09:07:45 - [TEST_STEP][PASSED] - connection.setRequestMethod("GET"): null

2022-03-28 09:07:45 - [TEST_STEP][PASSED] - connection.setReadTimeout(2 * 1000): null

2022-03-28 09:07:45 - [TEST_STEP][PASSED] - try: null

2022-03-28 09:07:45 - [TEST_STEP][PASSED] - connection.connect(): null

2022-03-28 09:07:45 - [TEST_STEP][PASSED] - flag = connected: null

2022-03-28 09:07:45 - [TEST_STEP][PASSED] - println("Valor_ori: " + flag): null

2022-03-28 09:07:45 - [TEST_STEP][PASSED] - if (flag): null

2022-03-28 09:07:45 - [TEST_STEP][PASSED] - navigateToUrl(i): Navigate to 'http://192.168.2.19:8380/saraweb' successfully

2022-03-28 09:07:45 - [MESSAGE][PASSED] - Navigate to 'http://192.168.2.19:8380/saraweb' successfully

2022-03-28 09:07:45 - [TEST_STEP][PASSED] - a(): null

2022-03-28 09:07:45 - [TEST_STEP][PASSED] - setText(findTestObject("Login/input_USUARIO_loginusuario"), G_Usuario): Text 'saraadmin' is set on object 'Object Repository/Login/input_USUARIO_loginusuario'

2022-03-28 09:07:46 - [MESSAGE][PASSED] - Text 'saraadmin' is set on object 'Object Repository/Login/input_USUARIO_loginusuario'

2022-03-28 09:07:46 - [TEST_STEP][PASSED] - setEncryptedText(findTestObject("Login/input_CLAVE_loginpassword"), "MkG4/TYiCFC3cb2driP7+Q=="): Text ****** has been set on object 'Object Repository/Login/input_CLAVE_loginpassword'

2022-03-28 09:07:47 - [MESSAGE][PASSED] - Text ****** has been set on object 'Object Repository/Login/input_CLAVE_loginpassword'

2022-03-28 09:07:47 - [TEST_STEP][PASSED] - waitForElementClickable(findTestObject("Login/a_Ingresar"), G_TimeOut): Object 'Object Repository/Login/a_Ingresar' is clickable

2022-03-28 09:07:47 - [MESSAGE][PASSED] - Object 'Object Repository/Login/a_Ingresar' is clickable

2022-03-28 09:07:47 - [TEST_STEP][PASSED] - click(findTestObject("Login/a_Ingresar")): Object: 'Object Repository/Login/a_Ingresar' is clicked on

2022-03-28 09:07:48 - [MESSAGE][PASSED] - Object: 'Object Repository/Login/a_Ingresar' is clicked on

2022-03-28 09:07:48 - [TEST_STEP][PASSED] - element = findWebElement(findTestObject("Login/a_Ir"), 30): null

2022-03-28 09:07:49 - [TEST_STEP][PASSED] - executeJavaScript("arguments[0].click()", Arrays.asList(element)): Execute JavaScript 'arguments[0].click()' successfully

2022-03-28 09:07:49 - [MESSAGE][PASSED] - Execute JavaScript 'arguments[0].click()' successfully

2022-03-28 09:07:49 - [MESSAGE][PASSED] - Call Test Case 'Test Cases/0.1-Login' successfully

2022-03-28 09:07:49 - [TEST_STEP][PASSED] - setText(findTestObject("Modulo compensaciones/Fuente_General/input_Empresa 1_form_templatej_idt24_input"), "importar fuente general"): Text 'importar fuente general' is set on object 'Object Repository/Modulo compensaciones/Fuente_General/input_Empresa 1_form_templatej_idt24_input'

2022-03-28 09:07:50 - [MESSAGE][PASSED] - Text 'importar fuente general' is set on object 'Object Repository/Modulo compensaciones/Fuente_General/input_Empresa 1_form_templatej_idt24_input'

2022-03-28 09:07:50 - [TEST_STEP][PASSED] - click(findTestObject("Modulo compensaciones/Fuente_General/li_fuente general (gna)")): Object: 'Object Repository/Modulo compensaciones/Fuente_General/li_fuente general (gna)' is clicked on

2022-03-28 09:07:52 - [MESSAGE][PASSED] - Object: 'Object Repository/Modulo compensaciones/Fuente_General/li_fuente general (gna)' is clicked on

2022-03-28 09:07:52 - [TEST_STEP][PASSED] - setText(findTestObject("Modulo Tarea Sara General/Importar Fuente General/input_Procesos Generados_formImportarListadoFuentej_idt67"), "Creación prestamos"): Text 'Creación prestamos' is set on object 'Object Repository/Modulo Tarea Sara General/Importar Fuente General/input_Procesos Generados_formImportarListadoFuentej_idt67'

2022-03-28 09:07:54 - [MESSAGE][PASSED] - Text 'Creación prestamos' is set on object 'Object Repository/Modulo Tarea Sara General/Importar Fuente General/input_Procesos Generados_formImportarListadoFuentej_idt67'

2022-03-28 09:07:54 - [TEST_STEP][PASSED] - sendKeys(findTestObject("Modulo Tarea Sara General/Importar Fuente General/input_Procesos Generados_formImportarListadoFuentej_idt67"), Keys.chord(ENTER)): Keys 'ENTER + ' sent to object: 'Object Repository/Modulo Tarea Sara General/Importar Fuente General/input_Procesos Generados_formImportarListadoFuentej_idt67'

2022-03-28 09:07:56 - [MESSAGE][PASSED] - Keys 'ENTER + ' sent to object: 'Object Repository/Modulo Tarea Sara General/Importar Fuente General/input_Procesos Generados_formImportarListadoFuentej_idt67'

2022-03-28 09:07:56 - [TEST_STEP][PASSED] - click(findTestObject("Modulo Tarea Sara General/Importar Fuente General/td_Creacin Prestamos")): Object: 'Object Repository/Modulo Tarea Sara General/Importar Fuente General/td_Creacin Prestamos' is clicked on

2022-03-28 09:07:56 - [MESSAGE][PASSED] - Object: 'Object Repository/Modulo Tarea Sara General/Importar Fuente General/td_Creacin Prestamos' is clicked on

2022-03-28 09:07:56 - [TEST_STEP][PASSED] - ruta = G_rutaarchivos + "carguePrestamo.txt": null

2022-03-28 09:07:56 - [TEST_STEP][PASSED] - uploadFile(findTestObject("Modulo Tarea Sara General/Importar Fuente General/input_Cargar_formImportarFuentetabarchivo_input"), ruta): File 'E:\unionweb14\carguePrestamo.txt' sent to object: 'Object Repository/Modulo Tarea Sara General/Importar Fuente General/input_Cargar_formImportarFuentetabarchivo_input'

2022-03-28 09:07:57 - [MESSAGE][PASSED] - File 'E:\unionweb14\carguePrestamo.txt' sent to object: 'Object Repository/Modulo Tarea Sara General/Importar Fuente General/input_Cargar_formImportarFuentetabarchivo_input'

2022-03-28 09:07:57 - [TEST_STEP][PASSED] - click(findTestObject("Modulo Tarea Sara General/Importar Fuente General/a_Importar")): Object: 'Object Repository/Modulo Tarea Sara General/Importar Fuente General/a_Importar' is clicked on

2022-03-28 09:07:58 - [MESSAGE][PASSED] - Object: 'Object Repository/Modulo Tarea Sara General/Importar Fuente General/a_Importar' is clicked on

2022-03-28 09:07:58 - [TEST_STEP][PASSED] - waitForElementVisible(findTestObject("Modulo compensaciones/Fuente_General/a_Continuar"), 0): Object 'Object Repository/Modulo compensaciones/Fuente_General/a_Continuar' is visible

2022-03-28 09:07:58 - [MESSAGE][WARNING] - Timeout '0' is invalid. Using default page load timeout: '45'

2022-03-28 09:08:02 - [MESSAGE][PASSED] - Object 'Object Repository/Modulo compensaciones/Fuente_General/a_Continuar' is visible

2022-03-28 09:08:02 - [TEST_STEP][PASSED] - click(findTestObject("Modulo compensaciones/Fuente_General/a_Continuar")): Object: 'Object Repository/Modulo compensaciones/Fuente_General/a_Continuar' is clicked on

2022-03-28 09:08:02 - [MESSAGE][PASSED] - Object: 'Object Repository/Modulo compensaciones/Fuente_General/a_Continuar' is clicked on

2022-03-28 09:08:02 - [TEST_STEP][PASSED] - click(findTestObject("Modulo compensaciones/Fuente_General/a_Ejecutar")): Object: 'Object Repository/Modulo compensaciones/Fuente_General/a_Ejecutar' is clicked on

2022-03-28 09:08:05 - [MESSAGE][PASSED] - Object: 'Object Repository/Modulo compensaciones/Fuente_General/a_Ejecutar' is clicked on

2022-03-28 09:08:05 - [TEST_STEP][PASSED] - click(findTestObject("Modulo compensaciones/Fuente_General/a_Continuar")): Object: 'Object Repository/Modulo compensaciones/Fuente_General/a_Continuar' is clicked on

2022-03-28 09:08:07 - [MESSAGE][PASSED] - Object: 'Object Repository/Modulo compensaciones/Fuente_General/a_Continuar' is clicked on

2022-03-28 09:08:07 - [TEST_STEP][PASSED] - waitForElementVisible(findTestObject("Modulo compensaciones/Fuente_General/td_354968431354    PC65000001000020107202118076995478975000"), 0): Object 'Object Repository/Modulo compensaciones/Fuente_General/td_354968431354    PC65000001000020107202118076995478975000' is visible

2022-03-28 09:08:07 - [MESSAGE][WARNING] - Timeout '0' is invalid. Using default page load timeout: '45'

2022-03-28 09:08:08 - [MESSAGE][PASSED] - Object 'Object Repository/Modulo compensaciones/Fuente_General/td_354968431354    PC65000001000020107202118076995478975000' is visible

2022-03-28 09:08:08 - [TEST_STEP][PASSED] - closeBrowser(): Browser is closed

2022-03-28 09:08:08 - [MESSAGE][PASSED] - Browser is closed]]></system-out>
         <system-err><![CDATA[]]></system-err>
      </testcase>
      <testcase name="Test Cases/1.2-Tareas_Secundarias/A.1-Pruebas_compensaciones/11.1.5-Listado_Empleados" time="62.647" classname="Test Cases/1.2-Tareas_Secundarias/A.1-Pruebas_compensaciones/11.1.5-Listado_Empleados" status="PASSED">
         <system-out><![CDATA[2022-03-28 09:08:08 - [TEST_CASE][PASSED] - Test Cases/1.2-Tareas_Secundarias/A.1-Pruebas_compensaciones/11.1.5-Listado_Empleados: Test Cases/1.2-Tareas_Secundarias/A.1-Pruebas_compensaciones/11.1.5-Listado_Empleados

2022-03-28 09:08:09 - [TEST_STEP][PASSED] - callTestCase(findTestCase("0.1-Login"), [:], STOP_ON_FAILURE): Call Test Case 'Test Cases/0.1-Login' successfully

2022-03-28 09:08:09 - [TEST_CASE][PASSED] - Test Cases/0.1-Login: Test Cases/0.1-Login

2022-03-28 09:08:09 - [TEST_STEP][PASSED] - openBrowser(""): Browser is opened with url: ''

2022-03-28 09:08:09 - [MESSAGE][INFO] - Starting 'Chrome' driver

2022-03-28 09:08:09 - [MESSAGE][INFO] - Action delay is set to 50 milliseconds

2022-03-28 09:08:10 - [MESSAGE][PASSED] - Browser is opened with url: ''

2022-03-28 09:08:10 - [TEST_STEP][PASSED] - maximizeWindow(): Current window maximized

2022-03-28 09:08:11 - [MESSAGE][PASSED] - Current window maximized

2022-03-28 09:08:11 - [TEST_STEP][PASSED] - i = G_Login: null

2022-03-28 09:08:11 - [TEST_STEP][PASSED] - url = new java.net.URL(i): null

2022-03-28 09:08:11 - [TEST_STEP][PASSED] - println("URL: " + url.toString()): null

2022-03-28 09:08:11 - [TEST_STEP][PASSED] - connection = url.openConnection(): null

2022-03-28 09:08:11 - [TEST_STEP][PASSED] - connection.setRequestMethod("GET"): null

2022-03-28 09:08:11 - [TEST_STEP][PASSED] - connection.setReadTimeout(2 * 1000): null

2022-03-28 09:08:11 - [TEST_STEP][PASSED] - try: null

2022-03-28 09:08:11 - [TEST_STEP][PASSED] - connection.connect(): null

2022-03-28 09:08:11 - [TEST_STEP][PASSED] - flag = connected: null

2022-03-28 09:08:11 - [TEST_STEP][PASSED] - println("Valor_ori: " + flag): null

2022-03-28 09:08:11 - [TEST_STEP][PASSED] - if (flag): null

2022-03-28 09:08:11 - [TEST_STEP][PASSED] - navigateToUrl(i): Navigate to 'http://192.168.2.19:8380/saraweb' successfully

2022-03-28 09:08:11 - [MESSAGE][PASSED] - Navigate to 'http://192.168.2.19:8380/saraweb' successfully

2022-03-28 09:08:11 - [TEST_STEP][PASSED] - a(): null

2022-03-28 09:08:11 - [TEST_STEP][PASSED] - setText(findTestObject("Login/input_USUARIO_loginusuario"), G_Usuario): Text 'saraadmin' is set on object 'Object Repository/Login/input_USUARIO_loginusuario'

2022-03-28 09:08:12 - [MESSAGE][PASSED] - Text 'saraadmin' is set on object 'Object Repository/Login/input_USUARIO_loginusuario'

2022-03-28 09:08:12 - [TEST_STEP][PASSED] - setEncryptedText(findTestObject("Login/input_CLAVE_loginpassword"), "MkG4/TYiCFC3cb2driP7+Q=="): Text ****** has been set on object 'Object Repository/Login/input_CLAVE_loginpassword'

2022-03-28 09:08:13 - [MESSAGE][PASSED] - Text ****** has been set on object 'Object Repository/Login/input_CLAVE_loginpassword'

2022-03-28 09:08:13 - [TEST_STEP][PASSED] - waitForElementClickable(findTestObject("Login/a_Ingresar"), G_TimeOut): Object 'Object Repository/Login/a_Ingresar' is clickable

2022-03-28 09:08:13 - [MESSAGE][PASSED] - Object 'Object Repository/Login/a_Ingresar' is clickable

2022-03-28 09:08:13 - [TEST_STEP][PASSED] - click(findTestObject("Login/a_Ingresar")): Object: 'Object Repository/Login/a_Ingresar' is clicked on

2022-03-28 09:08:14 - [MESSAGE][PASSED] - Object: 'Object Repository/Login/a_Ingresar' is clicked on

2022-03-28 09:08:14 - [TEST_STEP][PASSED] - element = findWebElement(findTestObject("Login/a_Ir"), 30): null

2022-03-28 09:08:15 - [TEST_STEP][PASSED] - executeJavaScript("arguments[0].click()", Arrays.asList(element)): Execute JavaScript 'arguments[0].click()' successfully

2022-03-28 09:08:15 - [MESSAGE][PASSED] - Execute JavaScript 'arguments[0].click()' successfully

2022-03-28 09:08:15 - [MESSAGE][PASSED] - Call Test Case 'Test Cases/0.1-Login' successfully

2022-03-28 09:08:15 - [TEST_STEP][PASSED] - setText(findTestObject("Modulo compensaciones/Listado_Empleados/input_Empresa 1_form_templatej_idt24_input"), "Listado de empleados"): Text 'Listado de empleados' is set on object 'Object Repository/Modulo compensaciones/Listado_Empleados/input_Empresa 1_form_templatej_idt24_input'

2022-03-28 09:08:16 - [MESSAGE][PASSED] - Text 'Listado de empleados' is set on object 'Object Repository/Modulo compensaciones/Listado_Empleados/input_Empresa 1_form_templatej_idt24_input'

2022-03-28 09:08:16 - [TEST_STEP][PASSED] - click(findTestObject("Modulo compensaciones/Listado_Empleados/li_Listado de Empleados (com)")): Object: 'Object Repository/Modulo compensaciones/Listado_Empleados/li_Listado de Empleados (com)' is clicked on

2022-03-28 09:08:17 - [MESSAGE][PASSED] - Object: 'Object Repository/Modulo compensaciones/Listado_Empleados/li_Listado de Empleados (com)' is clicked on

2022-03-28 09:08:17 - [TEST_STEP][PASSED] - setText(findTestObject("Modulo compensaciones/Listado_Empleados/input_Nombre Funcionario_listadoEmpleadoj_idt64"), "Constantino"): Text 'Constantino' is set on object 'Object Repository/Modulo compensaciones/Listado_Empleados/input_Nombre Funcionario_listadoEmpleadoj_idt64'

2022-03-28 09:08:19 - [MESSAGE][PASSED] - Text 'Constantino' is set on object 'Object Repository/Modulo compensaciones/Listado_Empleados/input_Nombre Funcionario_listadoEmpleadoj_idt64'

2022-03-28 09:08:19 - [TEST_STEP][PASSED] - sendKeys(findTestObject("Modulo compensaciones/Listado_Empleados/input_Nombre Funcionario_listadoEmpleadoj_idt64"), Keys.chord(ENTER)): Keys 'ENTER + ' sent to object: 'Object Repository/Modulo compensaciones/Listado_Empleados/input_Nombre Funcionario_listadoEmpleadoj_idt64'

2022-03-28 09:08:20 - [MESSAGE][PASSED] - Keys 'ENTER + ' sent to object: 'Object Repository/Modulo compensaciones/Listado_Empleados/input_Nombre Funcionario_listadoEmpleadoj_idt64'

2022-03-28 09:08:20 - [TEST_STEP][PASSED] - click(findTestObject("Modulo compensaciones/Listado_Empleados/span_Constantino Jhon")): Object: 'Object Repository/Modulo compensaciones/Listado_Empleados/span_Constantino Jhon' is clicked on

2022-03-28 09:08:21 - [MESSAGE][PASSED] - Object: 'Object Repository/Modulo compensaciones/Listado_Empleados/span_Constantino Jhon' is clicked on

2022-03-28 09:08:21 - [TEST_STEP][PASSED] - click(findTestObject("Modulo compensaciones/Listado_Empleados/a_Liquidacin Periodica")): Object: 'Object Repository/Modulo compensaciones/Listado_Empleados/a_Liquidacin Periodica' is clicked on

2022-03-28 09:08:22 - [MESSAGE][PASSED] - Object: 'Object Repository/Modulo compensaciones/Listado_Empleados/a_Liquidacin Periodica' is clicked on

2022-03-28 09:08:22 - [TEST_STEP][PASSED] - selectOptionByIndex(findTestObject("Modulo compensaciones/Listado_Empleados/select_-- seleccione --BC - PRESTAMO BANCOLOMBIAPC - PRESTAMO COMPAA"), 2): All options with index in [2] are selected on object 'Object Repository/Modulo compensaciones/Listado_Empleados/select_-- seleccione --BC - PRESTAMO BANCOLOMBIAPC - PRESTAMO COMPAA'

2022-03-28 09:08:24 - [MESSAGE][PASSED] - All options with index in [2] are selected on object 'Object Repository/Modulo compensaciones/Listado_Empleados/select_-- seleccione --BC - PRESTAMO BANCOLOMBIAPC - PRESTAMO COMPAA'

2022-03-28 09:08:24 - [TEST_STEP][PASSED] - if (waitForElementVisible(findTestObject("Modulo compensaciones/Listado_Empleados/span_281"), 1)): Web element with id: 'Object Repository/Modulo compensaciones/Listado_Empleados/span_281' located by '//*/text()[normalize-space(.)='281']/parent::*' not found

2022-03-28 09:08:26 - [MESSAGE][INFO] - Unable to find the element located by 'By.xpath: //*/text()[normalize-space(.)='281']/parent::*'. Please recheck the objects properties to make sure the desired element is located. 

2022-03-28 09:08:26 - [MESSAGE][WARNING] - Web element with id: 'Object Repository/Modulo compensaciones/Listado_Empleados/span_281' located by '//*/text()[normalize-space(.)='281']/parent::*' not found

2022-03-28 09:08:26 - [TEST_STEP][PASSED] - else: Web element with id: 'Object Repository/Modulo compensaciones/Listado_Empleados/span_281' located by '//*/text()[normalize-space(.)='281']/parent::*' not found

2022-03-28 09:08:26 - [TEST_STEP][PASSED] - callTestCase(findTestCase("1.2-Tareas_Secundarias/A.1-Pruebas_compensaciones/11.1.4-Fuente_General"), [:], STOP_ON_FAILURE): Call Test Case 'Test Cases/1.2-Tareas_Secundarias/A.1-Pruebas_compensaciones/11.1.4-Fuente_General' successfully

2022-03-28 09:08:26 - [TEST_CASE][PASSED] - Test Cases/1.2-Tareas_Secundarias/A.1-Pruebas_compensaciones/11.1.4-Fuente_General: Test Cases/1.2-Tareas_Secundarias/A.1-Pruebas_compensaciones/11.1.4-Fuente_General

2022-03-28 09:08:26 - [TEST_STEP][PASSED] - callTestCase(findTestCase("0.1-Login"), [:], STOP_ON_FAILURE): Call Test Case 'Test Cases/0.1-Login' successfully

2022-03-28 09:08:26 - [TEST_CASE][PASSED] - Test Cases/0.1-Login: Test Cases/0.1-Login

2022-03-28 09:08:26 - [TEST_STEP][PASSED] - openBrowser(""): Browser is opened with url: ''

2022-03-28 09:08:26 - [MESSAGE][WARNING] - A browser is already opened. Closing browser and opening a new one

2022-03-28 09:08:28 - [MESSAGE][INFO] - Starting 'Chrome' driver

2022-03-28 09:08:28 - [MESSAGE][INFO] - Action delay is set to 50 milliseconds

2022-03-28 09:08:29 - [MESSAGE][PASSED] - Browser is opened with url: ''

2022-03-28 09:08:29 - [TEST_STEP][PASSED] - maximizeWindow(): Current window maximized

2022-03-28 09:08:29 - [MESSAGE][PASSED] - Current window maximized

2022-03-28 09:08:29 - [TEST_STEP][PASSED] - i = G_Login: null

2022-03-28 09:08:29 - [TEST_STEP][PASSED] - url = new java.net.URL(i): null

2022-03-28 09:08:29 - [TEST_STEP][PASSED] - println("URL: " + url.toString()): null

2022-03-28 09:08:29 - [TEST_STEP][PASSED] - connection = url.openConnection(): null

2022-03-28 09:08:29 - [TEST_STEP][PASSED] - connection.setRequestMethod("GET"): null

2022-03-28 09:08:29 - [TEST_STEP][PASSED] - connection.setReadTimeout(2 * 1000): null

2022-03-28 09:08:29 - [TEST_STEP][PASSED] - try: null

2022-03-28 09:08:29 - [TEST_STEP][PASSED] - connection.connect(): null

2022-03-28 09:08:29 - [TEST_STEP][PASSED] - flag = connected: null

2022-03-28 09:08:29 - [TEST_STEP][PASSED] - println("Valor_ori: " + flag): null

2022-03-28 09:08:29 - [TEST_STEP][PASSED] - if (flag): null

2022-03-28 09:08:29 - [TEST_STEP][PASSED] - navigateToUrl(i): Navigate to 'http://192.168.2.19:8380/saraweb' successfully

2022-03-28 09:08:30 - [MESSAGE][PASSED] - Navigate to 'http://192.168.2.19:8380/saraweb' successfully

2022-03-28 09:08:30 - [TEST_STEP][PASSED] - a(): null

2022-03-28 09:08:30 - [TEST_STEP][PASSED] - setText(findTestObject("Login/input_USUARIO_loginusuario"), G_Usuario): Text 'saraadmin' is set on object 'Object Repository/Login/input_USUARIO_loginusuario'

2022-03-28 09:08:31 - [MESSAGE][PASSED] - Text 'saraadmin' is set on object 'Object Repository/Login/input_USUARIO_loginusuario'

2022-03-28 09:08:31 - [TEST_STEP][PASSED] - setEncryptedText(findTestObject("Login/input_CLAVE_loginpassword"), "MkG4/TYiCFC3cb2driP7+Q=="): Text ****** has been set on object 'Object Repository/Login/input_CLAVE_loginpassword'

2022-03-28 09:08:31 - [MESSAGE][PASSED] - Text ****** has been set on object 'Object Repository/Login/input_CLAVE_loginpassword'

2022-03-28 09:08:31 - [TEST_STEP][PASSED] - waitForElementClickable(findTestObject("Login/a_Ingresar"), G_TimeOut): Object 'Object Repository/Login/a_Ingresar' is clickable

2022-03-28 09:08:32 - [MESSAGE][PASSED] - Object 'Object Repository/Login/a_Ingresar' is clickable

2022-03-28 09:08:32 - [TEST_STEP][PASSED] - click(findTestObject("Login/a_Ingresar")): Object: 'Object Repository/Login/a_Ingresar' is clicked on

2022-03-28 09:08:33 - [MESSAGE][PASSED] - Object: 'Object Repository/Login/a_Ingresar' is clicked on

2022-03-28 09:08:33 - [TEST_STEP][PASSED] - element = findWebElement(findTestObject("Login/a_Ir"), 30): null

2022-03-28 09:08:34 - [TEST_STEP][PASSED] - executeJavaScript("arguments[0].click()", Arrays.asList(element)): Execute JavaScript 'arguments[0].click()' successfully

2022-03-28 09:08:34 - [MESSAGE][PASSED] - Execute JavaScript 'arguments[0].click()' successfully

2022-03-28 09:08:34 - [MESSAGE][PASSED] - Call Test Case 'Test Cases/0.1-Login' successfully

2022-03-28 09:08:34 - [TEST_STEP][PASSED] - setText(findTestObject("Modulo compensaciones/Fuente_General/input_Empresa 1_form_templatej_idt24_input"), "importar fuente general"): Text 'importar fuente general' is set on object 'Object Repository/Modulo compensaciones/Fuente_General/input_Empresa 1_form_templatej_idt24_input'

2022-03-28 09:08:35 - [MESSAGE][PASSED] - Text 'importar fuente general' is set on object 'Object Repository/Modulo compensaciones/Fuente_General/input_Empresa 1_form_templatej_idt24_input'

2022-03-28 09:08:35 - [TEST_STEP][PASSED] - click(findTestObject("Modulo compensaciones/Fuente_General/li_fuente general (gna)")): Object: 'Object Repository/Modulo compensaciones/Fuente_General/li_fuente general (gna)' is clicked on

2022-03-28 09:08:37 - [MESSAGE][PASSED] - Object: 'Object Repository/Modulo compensaciones/Fuente_General/li_fuente general (gna)' is clicked on

2022-03-28 09:08:37 - [TEST_STEP][PASSED] - setText(findTestObject("Modulo Tarea Sara General/Importar Fuente General/input_Procesos Generados_formImportarListadoFuentej_idt67"), "Creación prestamos"): Text 'Creación prestamos' is set on object 'Object Repository/Modulo Tarea Sara General/Importar Fuente General/input_Procesos Generados_formImportarListadoFuentej_idt67'

2022-03-28 09:08:38 - [MESSAGE][PASSED] - Text 'Creación prestamos' is set on object 'Object Repository/Modulo Tarea Sara General/Importar Fuente General/input_Procesos Generados_formImportarListadoFuentej_idt67'

2022-03-28 09:08:38 - [TEST_STEP][PASSED] - sendKeys(findTestObject("Modulo Tarea Sara General/Importar Fuente General/input_Procesos Generados_formImportarListadoFuentej_idt67"), Keys.chord(ENTER)): Keys 'ENTER + ' sent to object: 'Object Repository/Modulo Tarea Sara General/Importar Fuente General/input_Procesos Generados_formImportarListadoFuentej_idt67'

2022-03-28 09:08:39 - [MESSAGE][PASSED] - Keys 'ENTER + ' sent to object: 'Object Repository/Modulo Tarea Sara General/Importar Fuente General/input_Procesos Generados_formImportarListadoFuentej_idt67'

2022-03-28 09:08:39 - [TEST_STEP][PASSED] - click(findTestObject("Modulo Tarea Sara General/Importar Fuente General/td_Creacin Prestamos")): Object: 'Object Repository/Modulo Tarea Sara General/Importar Fuente General/td_Creacin Prestamos' is clicked on

2022-03-28 09:08:40 - [MESSAGE][PASSED] - Object: 'Object Repository/Modulo Tarea Sara General/Importar Fuente General/td_Creacin Prestamos' is clicked on

2022-03-28 09:08:40 - [TEST_STEP][PASSED] - ruta = G_rutaarchivos + "carguePrestamo.txt": null

2022-03-28 09:08:40 - [TEST_STEP][PASSED] - uploadFile(findTestObject("Modulo Tarea Sara General/Importar Fuente General/input_Cargar_formImportarFuentetabarchivo_input"), ruta): File 'E:\unionweb14\carguePrestamo.txt' sent to object: 'Object Repository/Modulo Tarea Sara General/Importar Fuente General/input_Cargar_formImportarFuentetabarchivo_input'

2022-03-28 09:08:40 - [MESSAGE][PASSED] - File 'E:\unionweb14\carguePrestamo.txt' sent to object: 'Object Repository/Modulo Tarea Sara General/Importar Fuente General/input_Cargar_formImportarFuentetabarchivo_input'

2022-03-28 09:08:40 - [TEST_STEP][PASSED] - click(findTestObject("Modulo Tarea Sara General/Importar Fuente General/a_Importar")): Object: 'Object Repository/Modulo Tarea Sara General/Importar Fuente General/a_Importar' is clicked on

2022-03-28 09:08:41 - [MESSAGE][PASSED] - Object: 'Object Repository/Modulo Tarea Sara General/Importar Fuente General/a_Importar' is clicked on

2022-03-28 09:08:41 - [TEST_STEP][PASSED] - waitForElementVisible(findTestObject("Modulo compensaciones/Fuente_General/a_Continuar"), 0): Object 'Object Repository/Modulo compensaciones/Fuente_General/a_Continuar' is visible

2022-03-28 09:08:41 - [MESSAGE][WARNING] - Timeout '0' is invalid. Using default page load timeout: '45'

2022-03-28 09:08:45 - [MESSAGE][PASSED] - Object 'Object Repository/Modulo compensaciones/Fuente_General/a_Continuar' is visible

2022-03-28 09:08:45 - [TEST_STEP][PASSED] - click(findTestObject("Modulo compensaciones/Fuente_General/a_Continuar")): Object: 'Object Repository/Modulo compensaciones/Fuente_General/a_Continuar' is clicked on

2022-03-28 09:08:45 - [MESSAGE][PASSED] - Object: 'Object Repository/Modulo compensaciones/Fuente_General/a_Continuar' is clicked on

2022-03-28 09:08:45 - [TEST_STEP][PASSED] - click(findTestObject("Modulo compensaciones/Fuente_General/a_Ejecutar")): Object: 'Object Repository/Modulo compensaciones/Fuente_General/a_Ejecutar' is clicked on

2022-03-28 09:08:49 - [MESSAGE][PASSED] - Object: 'Object Repository/Modulo compensaciones/Fuente_General/a_Ejecutar' is clicked on

2022-03-28 09:08:49 - [TEST_STEP][PASSED] - click(findTestObject("Modulo compensaciones/Fuente_General/a_Continuar")): Object: 'Object Repository/Modulo compensaciones/Fuente_General/a_Continuar' is clicked on

2022-03-28 09:08:53 - [MESSAGE][PASSED] - Object: 'Object Repository/Modulo compensaciones/Fuente_General/a_Continuar' is clicked on

2022-03-28 09:08:53 - [TEST_STEP][PASSED] - waitForElementVisible(findTestObject("Modulo compensaciones/Fuente_General/td_354968431354    PC65000001000020107202118076995478975000"), 0): Object 'Object Repository/Modulo compensaciones/Fuente_General/td_354968431354    PC65000001000020107202118076995478975000' is visible

2022-03-28 09:08:53 - [MESSAGE][WARNING] - Timeout '0' is invalid. Using default page load timeout: '45'

2022-03-28 09:08:53 - [MESSAGE][PASSED] - Object 'Object Repository/Modulo compensaciones/Fuente_General/td_354968431354    PC65000001000020107202118076995478975000' is visible

2022-03-28 09:08:53 - [TEST_STEP][PASSED] - closeBrowser(): Browser is closed

2022-03-28 09:08:54 - [MESSAGE][PASSED] - Browser is closed

2022-03-28 09:08:54 - [MESSAGE][PASSED] - Call Test Case 'Test Cases/1.2-Tareas_Secundarias/A.1-Pruebas_compensaciones/11.1.4-Fuente_General' successfully

2022-03-28 09:08:54 - [TEST_STEP][PASSED] - callTestCase(findTestCase("0.1-Login"), [:], STOP_ON_FAILURE): Call Test Case 'Test Cases/0.1-Login' successfully

2022-03-28 09:08:54 - [TEST_CASE][PASSED] - Test Cases/0.1-Login: Test Cases/0.1-Login

2022-03-28 09:08:54 - [TEST_STEP][PASSED] - openBrowser(""): Browser is opened with url: ''

2022-03-28 09:08:54 - [MESSAGE][INFO] - Starting 'Chrome' driver

2022-03-28 09:08:54 - [MESSAGE][INFO] - Action delay is set to 50 milliseconds

2022-03-28 09:08:56 - [MESSAGE][PASSED] - Browser is opened with url: ''

2022-03-28 09:08:56 - [TEST_STEP][PASSED] - maximizeWindow(): Current window maximized

2022-03-28 09:08:56 - [MESSAGE][PASSED] - Current window maximized

2022-03-28 09:08:56 - [TEST_STEP][PASSED] - i = G_Login: null

2022-03-28 09:08:56 - [TEST_STEP][PASSED] - url = new java.net.URL(i): null

2022-03-28 09:08:56 - [TEST_STEP][PASSED] - println("URL: " + url.toString()): null

2022-03-28 09:08:56 - [TEST_STEP][PASSED] - connection = url.openConnection(): null

2022-03-28 09:08:56 - [TEST_STEP][PASSED] - connection.setRequestMethod("GET"): null

2022-03-28 09:08:56 - [TEST_STEP][PASSED] - connection.setReadTimeout(2 * 1000): null

2022-03-28 09:08:56 - [TEST_STEP][PASSED] - try: null

2022-03-28 09:08:56 - [TEST_STEP][PASSED] - connection.connect(): null

2022-03-28 09:08:56 - [TEST_STEP][PASSED] - flag = connected: null

2022-03-28 09:08:56 - [TEST_STEP][PASSED] - println("Valor_ori: " + flag): null

2022-03-28 09:08:56 - [TEST_STEP][PASSED] - if (flag): null

2022-03-28 09:08:56 - [TEST_STEP][PASSED] - navigateToUrl(i): Navigate to 'http://192.168.2.19:8380/saraweb' successfully

2022-03-28 09:08:56 - [MESSAGE][PASSED] - Navigate to 'http://192.168.2.19:8380/saraweb' successfully

2022-03-28 09:08:56 - [TEST_STEP][PASSED] - a(): null

2022-03-28 09:08:56 - [TEST_STEP][PASSED] - setText(findTestObject("Login/input_USUARIO_loginusuario"), G_Usuario): Text 'saraadmin' is set on object 'Object Repository/Login/input_USUARIO_loginusuario'

2022-03-28 09:08:57 - [MESSAGE][PASSED] - Text 'saraadmin' is set on object 'Object Repository/Login/input_USUARIO_loginusuario'

2022-03-28 09:08:57 - [TEST_STEP][PASSED] - setEncryptedText(findTestObject("Login/input_CLAVE_loginpassword"), "MkG4/TYiCFC3cb2driP7+Q=="): Text ****** has been set on object 'Object Repository/Login/input_CLAVE_loginpassword'

2022-03-28 09:08:58 - [MESSAGE][PASSED] - Text ****** has been set on object 'Object Repository/Login/input_CLAVE_loginpassword'

2022-03-28 09:08:58 - [TEST_STEP][PASSED] - waitForElementClickable(findTestObject("Login/a_Ingresar"), G_TimeOut): Object 'Object Repository/Login/a_Ingresar' is clickable

2022-03-28 09:08:58 - [MESSAGE][PASSED] - Object 'Object Repository/Login/a_Ingresar' is clickable

2022-03-28 09:08:58 - [TEST_STEP][PASSED] - click(findTestObject("Login/a_Ingresar")): Object: 'Object Repository/Login/a_Ingresar' is clicked on

2022-03-28 09:08:59 - [MESSAGE][PASSED] - Object: 'Object Repository/Login/a_Ingresar' is clicked on

2022-03-28 09:08:59 - [TEST_STEP][PASSED] - element = findWebElement(findTestObject("Login/a_Ir"), 30): null

2022-03-28 09:09:00 - [TEST_STEP][PASSED] - executeJavaScript("arguments[0].click()", Arrays.asList(element)): Execute JavaScript 'arguments[0].click()' successfully

2022-03-28 09:09:00 - [MESSAGE][PASSED] - Execute JavaScript 'arguments[0].click()' successfully

2022-03-28 09:09:00 - [MESSAGE][PASSED] - Call Test Case 'Test Cases/0.1-Login' successfully

2022-03-28 09:09:00 - [TEST_STEP][PASSED] - setText(findTestObject("Modulo compensaciones/Listado_Empleados/input_Empresa 1_form_templatej_idt24_input"), "Listado de empleados"): Text 'Listado de empleados' is set on object 'Object Repository/Modulo compensaciones/Listado_Empleados/input_Empresa 1_form_templatej_idt24_input'

2022-03-28 09:09:01 - [MESSAGE][PASSED] - Text 'Listado de empleados' is set on object 'Object Repository/Modulo compensaciones/Listado_Empleados/input_Empresa 1_form_templatej_idt24_input'

2022-03-28 09:09:01 - [TEST_STEP][PASSED] - click(findTestObject("Modulo compensaciones/Listado_Empleados/li_Listado de Empleados (com)")): Object: 'Object Repository/Modulo compensaciones/Listado_Empleados/li_Listado de Empleados (com)' is clicked on

2022-03-28 09:09:03 - [MESSAGE][PASSED] - Object: 'Object Repository/Modulo compensaciones/Listado_Empleados/li_Listado de Empleados (com)' is clicked on

2022-03-28 09:09:03 - [TEST_STEP][PASSED] - setText(findTestObject("Modulo compensaciones/Listado_Empleados/input_Nombre Funcionario_listadoEmpleadoj_idt64"), "Constantino"): Text 'Constantino' is set on object 'Object Repository/Modulo compensaciones/Listado_Empleados/input_Nombre Funcionario_listadoEmpleadoj_idt64'

2022-03-28 09:09:05 - [MESSAGE][PASSED] - Text 'Constantino' is set on object 'Object Repository/Modulo compensaciones/Listado_Empleados/input_Nombre Funcionario_listadoEmpleadoj_idt64'

2022-03-28 09:09:05 - [TEST_STEP][PASSED] - sendKeys(findTestObject("Modulo compensaciones/Listado_Empleados/input_Nombre Funcionario_listadoEmpleadoj_idt64"), Keys.chord(ENTER)): Keys 'ENTER + ' sent to object: 'Object Repository/Modulo compensaciones/Listado_Empleados/input_Nombre Funcionario_listadoEmpleadoj_idt64'

2022-03-28 09:09:05 - [MESSAGE][PASSED] - Keys 'ENTER + ' sent to object: 'Object Repository/Modulo compensaciones/Listado_Empleados/input_Nombre Funcionario_listadoEmpleadoj_idt64'

2022-03-28 09:09:05 - [TEST_STEP][PASSED] - click(findTestObject("Modulo compensaciones/Listado_Empleados/span_Constantino Jhon")): Object: 'Object Repository/Modulo compensaciones/Listado_Empleados/span_Constantino Jhon' is clicked on

2022-03-28 09:09:06 - [MESSAGE][PASSED] - Object: 'Object Repository/Modulo compensaciones/Listado_Empleados/span_Constantino Jhon' is clicked on

2022-03-28 09:09:06 - [TEST_STEP][PASSED] - click(findTestObject("Modulo compensaciones/Listado_Empleados/a_Liquidacin Periodica")): Object: 'Object Repository/Modulo compensaciones/Listado_Empleados/a_Liquidacin Periodica' is clicked on

2022-03-28 09:09:07 - [MESSAGE][PASSED] - Object: 'Object Repository/Modulo compensaciones/Listado_Empleados/a_Liquidacin Periodica' is clicked on

2022-03-28 09:09:07 - [TEST_STEP][PASSED] - selectOptionByIndex(findTestObject("Modulo compensaciones/Listado_Empleados/select_-- seleccione --BC - PRESTAMO BANCOLOMBIAPC - PRESTAMO COMPAA"), 2): All options with index in [2] are selected on object 'Object Repository/Modulo compensaciones/Listado_Empleados/select_-- seleccione --BC - PRESTAMO BANCOLOMBIAPC - PRESTAMO COMPAA'

2022-03-28 09:09:09 - [MESSAGE][PASSED] - All options with index in [2] are selected on object 'Object Repository/Modulo compensaciones/Listado_Empleados/select_-- seleccione --BC - PRESTAMO BANCOLOMBIAPC - PRESTAMO COMPAA'

2022-03-28 09:09:09 - [TEST_STEP][PASSED] - if (waitForElementVisible(findTestObject("Modulo compensaciones/Listado_Empleados/span_281"), 1)): Web element with id: 'Object Repository/Modulo compensaciones/Listado_Empleados/span_281' located by '//*/text()[normalize-space(.)='281']/parent::*' not found

2022-03-28 09:09:11 - [MESSAGE][INFO] - Unable to find the element located by 'By.xpath: //*/text()[normalize-space(.)='281']/parent::*'. Please recheck the objects properties to make sure the desired element is located. 

2022-03-28 09:09:11 - [MESSAGE][WARNING] - Web element with id: 'Object Repository/Modulo compensaciones/Listado_Empleados/span_281' located by '//*/text()[normalize-space(.)='281']/parent::*' not found]]></system-out>
         <system-err><![CDATA[]]></system-err>
      </testcase>
      <testcase name="Test Cases/1.2-Tareas_Secundarias/A.1-Pruebas_compensaciones/11.1.6-Liquidación_Nomina" time="23.611" classname="Test Cases/1.2-Tareas_Secundarias/A.1-Pruebas_compensaciones/11.1.6-Liquidación_Nomina" status="PASSED">
         <system-out><![CDATA[2022-03-28 09:09:11 - [TEST_CASE][PASSED] - Test Cases/1.2-Tareas_Secundarias/A.1-Pruebas_compensaciones/11.1.6-Liquidación_Nomina: Test Cases/1.2-Tareas_Secundarias/A.1-Pruebas_compensaciones/11.1.6-Liquidación_Nomina

2022-03-28 09:09:11 - [TEST_STEP][PASSED] - callTestCase(findTestCase("0.1-Login"), [:], STOP_ON_FAILURE): Call Test Case 'Test Cases/0.1-Login' successfully

2022-03-28 09:09:12 - [TEST_CASE][PASSED] - Test Cases/0.1-Login: Test Cases/0.1-Login

2022-03-28 09:09:12 - [TEST_STEP][PASSED] - openBrowser(""): Browser is opened with url: ''

2022-03-28 09:09:12 - [MESSAGE][WARNING] - A browser is already opened. Closing browser and opening a new one

2022-03-28 09:09:12 - [MESSAGE][INFO] - Starting 'Chrome' driver

2022-03-28 09:09:12 - [MESSAGE][INFO] - Action delay is set to 50 milliseconds

2022-03-28 09:09:14 - [MESSAGE][PASSED] - Browser is opened with url: ''

2022-03-28 09:09:14 - [TEST_STEP][PASSED] - maximizeWindow(): Current window maximized

2022-03-28 09:09:14 - [MESSAGE][PASSED] - Current window maximized

2022-03-28 09:09:14 - [TEST_STEP][PASSED] - i = G_Login: null

2022-03-28 09:09:14 - [TEST_STEP][PASSED] - url = new java.net.URL(i): null

2022-03-28 09:09:14 - [TEST_STEP][PASSED] - println("URL: " + url.toString()): null

2022-03-28 09:09:14 - [TEST_STEP][PASSED] - connection = url.openConnection(): null

2022-03-28 09:09:14 - [TEST_STEP][PASSED] - connection.setRequestMethod("GET"): null

2022-03-28 09:09:14 - [TEST_STEP][PASSED] - connection.setReadTimeout(2 * 1000): null

2022-03-28 09:09:14 - [TEST_STEP][PASSED] - try: null

2022-03-28 09:09:14 - [TEST_STEP][PASSED] - connection.connect(): null

2022-03-28 09:09:14 - [TEST_STEP][PASSED] - flag = connected: null

2022-03-28 09:09:14 - [TEST_STEP][PASSED] - println("Valor_ori: " + flag): null

2022-03-28 09:09:14 - [TEST_STEP][PASSED] - if (flag): null

2022-03-28 09:09:14 - [TEST_STEP][PASSED] - navigateToUrl(i): Navigate to 'http://192.168.2.19:8380/saraweb' successfully

2022-03-28 09:09:15 - [MESSAGE][PASSED] - Navigate to 'http://192.168.2.19:8380/saraweb' successfully

2022-03-28 09:09:15 - [TEST_STEP][PASSED] - a(): null

2022-03-28 09:09:15 - [TEST_STEP][PASSED] - setText(findTestObject("Login/input_USUARIO_loginusuario"), G_Usuario): Text 'saraadmin' is set on object 'Object Repository/Login/input_USUARIO_loginusuario'

2022-03-28 09:09:16 - [MESSAGE][PASSED] - Text 'saraadmin' is set on object 'Object Repository/Login/input_USUARIO_loginusuario'

2022-03-28 09:09:16 - [TEST_STEP][PASSED] - setEncryptedText(findTestObject("Login/input_CLAVE_loginpassword"), "MkG4/TYiCFC3cb2driP7+Q=="): Text ****** has been set on object 'Object Repository/Login/input_CLAVE_loginpassword'

2022-03-28 09:09:17 - [MESSAGE][PASSED] - Text ****** has been set on object 'Object Repository/Login/input_CLAVE_loginpassword'

2022-03-28 09:09:17 - [TEST_STEP][PASSED] - waitForElementClickable(findTestObject("Login/a_Ingresar"), G_TimeOut): Object 'Object Repository/Login/a_Ingresar' is clickable

2022-03-28 09:09:17 - [MESSAGE][PASSED] - Object 'Object Repository/Login/a_Ingresar' is clickable

2022-03-28 09:09:17 - [TEST_STEP][PASSED] - click(findTestObject("Login/a_Ingresar")): Object: 'Object Repository/Login/a_Ingresar' is clicked on

2022-03-28 09:09:18 - [MESSAGE][PASSED] - Object: 'Object Repository/Login/a_Ingresar' is clicked on

2022-03-28 09:09:18 - [TEST_STEP][PASSED] - element = findWebElement(findTestObject("Login/a_Ir"), 30): null

2022-03-28 09:09:19 - [TEST_STEP][PASSED] - executeJavaScript("arguments[0].click()", Arrays.asList(element)): Execute JavaScript 'arguments[0].click()' successfully

2022-03-28 09:09:19 - [MESSAGE][PASSED] - Execute JavaScript 'arguments[0].click()' successfully

2022-03-28 09:09:19 - [MESSAGE][PASSED] - Call Test Case 'Test Cases/0.1-Login' successfully

2022-03-28 09:09:19 - [TEST_STEP][PASSED] - setText(findTestObject("Modulo compensaciones/Liquidación_Nomina0/input_Empresa 1_form_templatej_idt24_input"), "liquidacion nomina"): Text 'liquidacion nomina' is set on object 'Object Repository/Modulo compensaciones/Liquidación_Nomina0/input_Empresa 1_form_templatej_idt24_input'

2022-03-28 09:09:21 - [MESSAGE][PASSED] - Text 'liquidacion nomina' is set on object 'Object Repository/Modulo compensaciones/Liquidación_Nomina0/input_Empresa 1_form_templatej_idt24_input'

2022-03-28 09:09:21 - [TEST_STEP][PASSED] - click(findTestObject("Modulo compensaciones/Liquidación_Nomina0/li_Liquidacion Nomina (com)")): Object: 'Object Repository/Modulo compensaciones/Liquidación_Nomina0/li_Liquidacion Nomina (com)' is clicked on

2022-03-28 09:09:23 - [MESSAGE][PASSED] - Object: 'Object Repository/Modulo compensaciones/Liquidación_Nomina0/li_Liquidacion Nomina (com)' is clicked on

2022-03-28 09:09:23 - [TEST_STEP][PASSED] - click(findTestObject("Modulo compensaciones/Liquidación_Nomina0/a_Periodo Nomina_LiquidacionNominaj_idt68")): Object: 'Object Repository/Modulo compensaciones/Liquidación_Nomina0/a_Periodo Nomina_LiquidacionNominaj_idt68' is clicked on

2022-03-28 09:09:24 - [MESSAGE][PASSED] - Object: 'Object Repository/Modulo compensaciones/Liquidación_Nomina0/a_Periodo Nomina_LiquidacionNominaj_idt68' is clicked on

2022-03-28 09:09:24 - [TEST_STEP][PASSED] - selectOptionByIndex(findTestObject("Modulo compensaciones/Liquidación_Nomina0/select_--  Seleccione  --Periodo CerradoPeriodo en Proceso"), 2): All options with index in [2] are selected on object 'Object Repository/Modulo compensaciones/Liquidación_Nomina0/select_--  Seleccione  --Periodo CerradoPeriodo en Proceso'

2022-03-28 09:09:26 - [MESSAGE][PASSED] - All options with index in [2] are selected on object 'Object Repository/Modulo compensaciones/Liquidación_Nomina0/select_--  Seleccione  --Periodo CerradoPeriodo en Proceso'

2022-03-28 09:09:26 - [TEST_STEP][PASSED] - click(findTestObject("Modulo compensaciones/Liquidación_Nomina0/span_P. MensualJulio2021")): Object: 'Object Repository/Modulo compensaciones/Liquidación_Nomina0/span_P. MensualJulio2021' is clicked on

2022-03-28 09:09:26 - [MESSAGE][PASSED] - Object: 'Object Repository/Modulo compensaciones/Liquidación_Nomina0/span_P. MensualJulio2021' is clicked on

2022-03-28 09:09:26 - [TEST_STEP][PASSED] - click(findTestObject("Modulo compensaciones/Liquidación_Nomina0/a_Nombre Persona_LiquidacionNominaj_idt126")): Object: 'Object Repository/Modulo compensaciones/Liquidación_Nomina0/a_Nombre Persona_LiquidacionNominaj_idt126' is clicked on

2022-03-28 09:09:27 - [MESSAGE][PASSED] - Object: 'Object Repository/Modulo compensaciones/Liquidación_Nomina0/a_Nombre Persona_LiquidacionNominaj_idt126' is clicked on

2022-03-28 09:09:27 - [TEST_STEP][PASSED] - setText(findTestObject("Modulo compensaciones/Liquidación_Nomina0/input_Filtro Empleado_form_popupEmpleadoj_idt2433"), "1026588953"): Text '1026588953' is set on object 'Object Repository/Modulo compensaciones/Liquidación_Nomina0/input_Filtro Empleado_form_popupEmpleadoj_idt2433'

2022-03-28 09:09:29 - [MESSAGE][PASSED] - Text '1026588953' is set on object 'Object Repository/Modulo compensaciones/Liquidación_Nomina0/input_Filtro Empleado_form_popupEmpleadoj_idt2433'

2022-03-28 09:09:29 - [TEST_STEP][PASSED] - sendKeys(findTestObject("Modulo compensaciones/Liquidación_Nomina0/input_Filtro Empleado_form_popupEmpleadoj_idt2433"), Keys.chord(ENTER)): Keys 'ENTER + ' sent to object: 'Object Repository/Modulo compensaciones/Liquidación_Nomina0/input_Filtro Empleado_form_popupEmpleadoj_idt2433'

2022-03-28 09:09:30 - [MESSAGE][PASSED] - Keys 'ENTER + ' sent to object: 'Object Repository/Modulo compensaciones/Liquidación_Nomina0/input_Filtro Empleado_form_popupEmpleadoj_idt2433'

2022-03-28 09:09:30 - [TEST_STEP][PASSED] - click(findTestObject("Modulo compensaciones/Liquidación_Nomina0/span_Constantino Jhon")): Object: 'Object Repository/Modulo compensaciones/Liquidación_Nomina0/span_Constantino Jhon' is clicked on

2022-03-28 09:09:30 - [MESSAGE][PASSED] - Object: 'Object Repository/Modulo compensaciones/Liquidación_Nomina0/span_Constantino Jhon' is clicked on

2022-03-28 09:09:30 - [TEST_STEP][PASSED] - click(findTestObject("Modulo compensaciones/Liquidación_Nomina0/td_Aya Silva Cindy Ximena"), STOP_ON_FAILURE): Object: 'Object Repository/Modulo compensaciones/Liquidación_Nomina0/td_Aya Silva Cindy Ximena' is clicked on

2022-03-28 09:09:31 - [MESSAGE][PASSED] - Object: 'Object Repository/Modulo compensaciones/Liquidación_Nomina0/td_Aya Silva Cindy Ximena' is clicked on

2022-03-28 09:09:31 - [TEST_STEP][PASSED] - click(findTestObject("Modulo Parametros/Comprobar Parametros/a_Guardar")): Object: 'Object Repository/Modulo Parametros/Comprobar Parametros/a_Guardar' is clicked on

2022-03-28 09:09:33 - [MESSAGE][PASSED] - Object: 'Object Repository/Modulo Parametros/Comprobar Parametros/a_Guardar' is clicked on

2022-03-28 09:09:33 - [TEST_STEP][PASSED] - if (waitForElementVisible(findTestObject("Modulo compensaciones/Liquidación_Nomina0/p_Se guardo el mensaje"), 1)): null

2022-03-28 09:09:33 - [MESSAGE][PASSED] - Object 'Object Repository/Modulo compensaciones/Liquidación_Nomina0/p_Se guardo el mensaje' is visible

2022-03-28 09:09:33 - [TEST_STEP][PASSED] - closeBrowser(): Browser is closed

2022-03-28 09:09:35 - [MESSAGE][PASSED] - Browser is closed]]></system-out>
         <system-err><![CDATA[]]></system-err>
      </testcase>
      <testcase name="Test Cases/1.2-Tareas_Secundarias/A.1-Pruebas_compensaciones/11.1.7-Listado_Empleados" time="62.327" classname="Test Cases/1.2-Tareas_Secundarias/A.1-Pruebas_compensaciones/11.1.7-Listado_Empleados" status="PASSED">
         <system-out><![CDATA[2022-03-28 09:09:35 - [TEST_CASE][PASSED] - Test Cases/1.2-Tareas_Secundarias/A.1-Pruebas_compensaciones/11.1.7-Listado_Empleados: Test Cases/1.2-Tareas_Secundarias/A.1-Pruebas_compensaciones/11.1.7-Listado_Empleados

2022-03-28 09:09:35 - [TEST_STEP][PASSED] - callTestCase(findTestCase("0.1-Login"), [:], STOP_ON_FAILURE): Call Test Case 'Test Cases/0.1-Login' successfully

2022-03-28 09:09:35 - [TEST_CASE][PASSED] - Test Cases/0.1-Login: Test Cases/0.1-Login

2022-03-28 09:09:35 - [TEST_STEP][PASSED] - openBrowser(""): Browser is opened with url: ''

2022-03-28 09:09:35 - [MESSAGE][INFO] - Starting 'Chrome' driver

2022-03-28 09:09:35 - [MESSAGE][INFO] - Action delay is set to 50 milliseconds

2022-03-28 09:09:37 - [MESSAGE][PASSED] - Browser is opened with url: ''

2022-03-28 09:09:37 - [TEST_STEP][PASSED] - maximizeWindow(): Current window maximized

2022-03-28 09:09:37 - [MESSAGE][PASSED] - Current window maximized

2022-03-28 09:09:37 - [TEST_STEP][PASSED] - i = G_Login: null

2022-03-28 09:09:37 - [TEST_STEP][PASSED] - url = new java.net.URL(i): null

2022-03-28 09:09:37 - [TEST_STEP][PASSED] - println("URL: " + url.toString()): null

2022-03-28 09:09:37 - [TEST_STEP][PASSED] - connection = url.openConnection(): null

2022-03-28 09:09:37 - [TEST_STEP][PASSED] - connection.setRequestMethod("GET"): null

2022-03-28 09:09:37 - [TEST_STEP][PASSED] - connection.setReadTimeout(2 * 1000): null

2022-03-28 09:09:37 - [TEST_STEP][PASSED] - try: null

2022-03-28 09:09:37 - [TEST_STEP][PASSED] - connection.connect(): null

2022-03-28 09:09:37 - [TEST_STEP][PASSED] - flag = connected: null

2022-03-28 09:09:37 - [TEST_STEP][PASSED] - println("Valor_ori: " + flag): null

2022-03-28 09:09:37 - [TEST_STEP][PASSED] - if (flag): null

2022-03-28 09:09:37 - [TEST_STEP][PASSED] - navigateToUrl(i): Navigate to 'http://192.168.2.19:8380/saraweb' successfully

2022-03-28 09:09:37 - [MESSAGE][PASSED] - Navigate to 'http://192.168.2.19:8380/saraweb' successfully

2022-03-28 09:09:37 - [TEST_STEP][PASSED] - a(): null

2022-03-28 09:09:37 - [TEST_STEP][PASSED] - setText(findTestObject("Login/input_USUARIO_loginusuario"), G_Usuario): Text 'saraadmin' is set on object 'Object Repository/Login/input_USUARIO_loginusuario'

2022-03-28 09:09:38 - [MESSAGE][PASSED] - Text 'saraadmin' is set on object 'Object Repository/Login/input_USUARIO_loginusuario'

2022-03-28 09:09:38 - [TEST_STEP][PASSED] - setEncryptedText(findTestObject("Login/input_CLAVE_loginpassword"), "MkG4/TYiCFC3cb2driP7+Q=="): Text ****** has been set on object 'Object Repository/Login/input_CLAVE_loginpassword'

2022-03-28 09:09:39 - [MESSAGE][PASSED] - Text ****** has been set on object 'Object Repository/Login/input_CLAVE_loginpassword'

2022-03-28 09:09:39 - [TEST_STEP][PASSED] - waitForElementClickable(findTestObject("Login/a_Ingresar"), G_TimeOut): Object 'Object Repository/Login/a_Ingresar' is clickable

2022-03-28 09:09:39 - [MESSAGE][PASSED] - Object 'Object Repository/Login/a_Ingresar' is clickable

2022-03-28 09:09:39 - [TEST_STEP][PASSED] - click(findTestObject("Login/a_Ingresar")): Object: 'Object Repository/Login/a_Ingresar' is clicked on

2022-03-28 09:09:40 - [MESSAGE][PASSED] - Object: 'Object Repository/Login/a_Ingresar' is clicked on

2022-03-28 09:09:40 - [TEST_STEP][PASSED] - element = findWebElement(findTestObject("Login/a_Ir"), 30): null

2022-03-28 09:09:41 - [TEST_STEP][PASSED] - executeJavaScript("arguments[0].click()", Arrays.asList(element)): Execute JavaScript 'arguments[0].click()' successfully

2022-03-28 09:09:41 - [MESSAGE][PASSED] - Execute JavaScript 'arguments[0].click()' successfully

2022-03-28 09:09:41 - [MESSAGE][PASSED] - Call Test Case 'Test Cases/0.1-Login' successfully

2022-03-28 09:09:41 - [TEST_STEP][PASSED] - setText(findTestObject("Modulo compensaciones/Listado_Empleados/input_Empresa 1_form_templatej_idt24_input"), "Listado de Empleados"): Text 'Listado de Empleados' is set on object 'Object Repository/Modulo compensaciones/Listado_Empleados/input_Empresa 1_form_templatej_idt24_input'

2022-03-28 09:09:42 - [MESSAGE][PASSED] - Text 'Listado de Empleados' is set on object 'Object Repository/Modulo compensaciones/Listado_Empleados/input_Empresa 1_form_templatej_idt24_input'

2022-03-28 09:09:42 - [TEST_STEP][PASSED] - click(findTestObject("Modulo compensaciones/Listado_Empleados/li_Listado de Empleados (com)")): Object: 'Object Repository/Modulo compensaciones/Listado_Empleados/li_Listado de Empleados (com)' is clicked on

2022-03-28 09:09:44 - [MESSAGE][PASSED] - Object: 'Object Repository/Modulo compensaciones/Listado_Empleados/li_Listado de Empleados (com)' is clicked on

2022-03-28 09:09:44 - [TEST_STEP][PASSED] - setText(findTestObject("Modulo compensaciones/Listado_Empleados/input_Nombre Funcionario_listadoEmpleadoj_idt64"), "Consta"): Text 'Consta' is set on object 'Object Repository/Modulo compensaciones/Listado_Empleados/input_Nombre Funcionario_listadoEmpleadoj_idt64'

2022-03-28 09:09:45 - [MESSAGE][PASSED] - Text 'Consta' is set on object 'Object Repository/Modulo compensaciones/Listado_Empleados/input_Nombre Funcionario_listadoEmpleadoj_idt64'

2022-03-28 09:09:45 - [TEST_STEP][PASSED] - sendKeys(findTestObject("Modulo compensaciones/Listado_Empleados/input_Nombre Funcionario_listadoEmpleadoj_idt64"), Keys.chord(ENTER)): Keys 'ENTER + ' sent to object: 'Object Repository/Modulo compensaciones/Listado_Empleados/input_Nombre Funcionario_listadoEmpleadoj_idt64'

2022-03-28 09:09:46 - [MESSAGE][PASSED] - Keys 'ENTER + ' sent to object: 'Object Repository/Modulo compensaciones/Listado_Empleados/input_Nombre Funcionario_listadoEmpleadoj_idt64'

2022-03-28 09:09:46 - [TEST_STEP][PASSED] - click(findTestObject("Modulo compensaciones/Listado_Empleados/span_Constantino Jhon")): Object: 'Object Repository/Modulo compensaciones/Listado_Empleados/span_Constantino Jhon' is clicked on

2022-03-28 09:09:47 - [MESSAGE][PASSED] - Object: 'Object Repository/Modulo compensaciones/Listado_Empleados/span_Constantino Jhon' is clicked on

2022-03-28 09:09:47 - [TEST_STEP][PASSED] - click(findTestObject("Modulo compensaciones/Listado_Empleados/a_Liquidacin Periodica")): Object: 'Object Repository/Modulo compensaciones/Listado_Empleados/a_Liquidacin Periodica' is clicked on

2022-03-28 09:09:48 - [MESSAGE][PASSED] - Object: 'Object Repository/Modulo compensaciones/Listado_Empleados/a_Liquidacin Periodica' is clicked on

2022-03-28 09:09:48 - [TEST_STEP][PASSED] - selectOptionByIndex(findTestObject("Modulo compensaciones/Listado_Empleados/select_-- seleccione --BC - PRESTAMO BANCOLOMBIAPC - PRESTAMO COMPAA"), 2): All options with index in [2] are selected on object 'Object Repository/Modulo compensaciones/Listado_Empleados/select_-- seleccione --BC - PRESTAMO BANCOLOMBIAPC - PRESTAMO COMPAA'

2022-03-28 09:09:49 - [MESSAGE][PASSED] - All options with index in [2] are selected on object 'Object Repository/Modulo compensaciones/Listado_Empleados/select_-- seleccione --BC - PRESTAMO BANCOLOMBIAPC - PRESTAMO COMPAA'

2022-03-28 09:09:49 - [TEST_STEP][PASSED] - click(findTestObject("Modulo compensaciones/Listado_Empleados/span_Prestamo Compaa")): Object: 'Object Repository/Modulo compensaciones/Listado_Empleados/span_Prestamo Compaa' is clicked on

2022-03-28 09:09:50 - [MESSAGE][PASSED] - Object: 'Object Repository/Modulo compensaciones/Listado_Empleados/span_Prestamo Compaa' is clicked on

2022-03-28 09:09:50 - [TEST_STEP][PASSED] - totalA = getText(findTestObject("Modulo compensaciones/Listado_Empleados/input_Total Abonado_form_liquidacionesPeriodicasEmpleadotabLiquidacionesPeriodicasabono"), STOP_ON_FAILURE): Text of object 'Object Repository/Modulo compensaciones/Listado_Empleados/input_Total Abonado_form_liquidacionesPeriodicasEmpleadotabLiquidacionesPeriodicasabono' is: ''

2022-03-28 09:09:51 - [MESSAGE][PASSED] - Text of object 'Object Repository/Modulo compensaciones/Listado_Empleados/input_Total Abonado_form_liquidacionesPeriodicasEmpleadotabLiquidacionesPeriodicasabono' is: ''

2022-03-28 09:09:51 - [TEST_STEP][PASSED] - if (totalA == "10.000,00"): null

2022-03-28 09:09:51 - [TEST_STEP][PASSED] - else: Browser is closed

2022-03-28 09:09:51 - [TEST_STEP][PASSED] - callTestCase(findTestCase("1.2-Tareas_Secundarias/A.1-Pruebas_compensaciones/11.1.4-Fuente_General"), [:], STOP_ON_FAILURE): Call Test Case 'Test Cases/1.2-Tareas_Secundarias/A.1-Pruebas_compensaciones/11.1.4-Fuente_General' successfully

2022-03-28 09:09:51 - [TEST_CASE][PASSED] - Test Cases/1.2-Tareas_Secundarias/A.1-Pruebas_compensaciones/11.1.4-Fuente_General: Test Cases/1.2-Tareas_Secundarias/A.1-Pruebas_compensaciones/11.1.4-Fuente_General

2022-03-28 09:09:51 - [TEST_STEP][PASSED] - callTestCase(findTestCase("0.1-Login"), [:], STOP_ON_FAILURE): Call Test Case 'Test Cases/0.1-Login' successfully

2022-03-28 09:09:51 - [TEST_CASE][PASSED] - Test Cases/0.1-Login: Test Cases/0.1-Login

2022-03-28 09:09:51 - [TEST_STEP][PASSED] - openBrowser(""): Browser is opened with url: ''

2022-03-28 09:09:51 - [MESSAGE][WARNING] - A browser is already opened. Closing browser and opening a new one

2022-03-28 09:09:52 - [MESSAGE][INFO] - Starting 'Chrome' driver

2022-03-28 09:09:52 - [MESSAGE][INFO] - Action delay is set to 50 milliseconds

2022-03-28 09:09:54 - [MESSAGE][PASSED] - Browser is opened with url: ''

2022-03-28 09:09:54 - [TEST_STEP][PASSED] - maximizeWindow(): Current window maximized

2022-03-28 09:09:54 - [MESSAGE][PASSED] - Current window maximized

2022-03-28 09:09:54 - [TEST_STEP][PASSED] - i = G_Login: null

2022-03-28 09:09:54 - [TEST_STEP][PASSED] - url = new java.net.URL(i): null

2022-03-28 09:09:54 - [TEST_STEP][PASSED] - println("URL: " + url.toString()): null

2022-03-28 09:09:54 - [TEST_STEP][PASSED] - connection = url.openConnection(): null

2022-03-28 09:09:54 - [TEST_STEP][PASSED] - connection.setRequestMethod("GET"): null

2022-03-28 09:09:54 - [TEST_STEP][PASSED] - connection.setReadTimeout(2 * 1000): null

2022-03-28 09:09:54 - [TEST_STEP][PASSED] - try: null

2022-03-28 09:09:54 - [TEST_STEP][PASSED] - connection.connect(): null

2022-03-28 09:09:54 - [TEST_STEP][PASSED] - flag = connected: null

2022-03-28 09:09:54 - [TEST_STEP][PASSED] - println("Valor_ori: " + flag): null

2022-03-28 09:09:54 - [TEST_STEP][PASSED] - if (flag): null

2022-03-28 09:09:54 - [TEST_STEP][PASSED] - navigateToUrl(i): Navigate to 'http://192.168.2.19:8380/saraweb' successfully

2022-03-28 09:09:55 - [MESSAGE][PASSED] - Navigate to 'http://192.168.2.19:8380/saraweb' successfully

2022-03-28 09:09:55 - [TEST_STEP][PASSED] - a(): null

2022-03-28 09:09:55 - [TEST_STEP][PASSED] - setText(findTestObject("Login/input_USUARIO_loginusuario"), G_Usuario): Text 'saraadmin' is set on object 'Object Repository/Login/input_USUARIO_loginusuario'

2022-03-28 09:09:56 - [MESSAGE][PASSED] - Text 'saraadmin' is set on object 'Object Repository/Login/input_USUARIO_loginusuario'

2022-03-28 09:09:56 - [TEST_STEP][PASSED] - setEncryptedText(findTestObject("Login/input_CLAVE_loginpassword"), "MkG4/TYiCFC3cb2driP7+Q=="): Text ****** has been set on object 'Object Repository/Login/input_CLAVE_loginpassword'

2022-03-28 09:09:56 - [MESSAGE][PASSED] - Text ****** has been set on object 'Object Repository/Login/input_CLAVE_loginpassword'

2022-03-28 09:09:56 - [TEST_STEP][PASSED] - waitForElementClickable(findTestObject("Login/a_Ingresar"), G_TimeOut): Object 'Object Repository/Login/a_Ingresar' is clickable

2022-03-28 09:09:57 - [MESSAGE][PASSED] - Object 'Object Repository/Login/a_Ingresar' is clickable

2022-03-28 09:09:57 - [TEST_STEP][PASSED] - click(findTestObject("Login/a_Ingresar")): Object: 'Object Repository/Login/a_Ingresar' is clicked on

2022-03-28 09:09:58 - [MESSAGE][PASSED] - Object: 'Object Repository/Login/a_Ingresar' is clicked on

2022-03-28 09:09:58 - [TEST_STEP][PASSED] - element = findWebElement(findTestObject("Login/a_Ir"), 30): null

2022-03-28 09:09:59 - [TEST_STEP][PASSED] - executeJavaScript("arguments[0].click()", Arrays.asList(element)): Execute JavaScript 'arguments[0].click()' successfully

2022-03-28 09:09:59 - [MESSAGE][PASSED] - Execute JavaScript 'arguments[0].click()' successfully

2022-03-28 09:09:59 - [MESSAGE][PASSED] - Call Test Case 'Test Cases/0.1-Login' successfully

2022-03-28 09:09:59 - [TEST_STEP][PASSED] - setText(findTestObject("Modulo compensaciones/Fuente_General/input_Empresa 1_form_templatej_idt24_input"), "importar fuente general"): Text 'importar fuente general' is set on object 'Object Repository/Modulo compensaciones/Fuente_General/input_Empresa 1_form_templatej_idt24_input'

2022-03-28 09:10:00 - [MESSAGE][PASSED] - Text 'importar fuente general' is set on object 'Object Repository/Modulo compensaciones/Fuente_General/input_Empresa 1_form_templatej_idt24_input'

2022-03-28 09:10:00 - [TEST_STEP][PASSED] - click(findTestObject("Modulo compensaciones/Fuente_General/li_fuente general (gna)")): Object: 'Object Repository/Modulo compensaciones/Fuente_General/li_fuente general (gna)' is clicked on

2022-03-28 09:10:02 - [MESSAGE][PASSED] - Object: 'Object Repository/Modulo compensaciones/Fuente_General/li_fuente general (gna)' is clicked on

2022-03-28 09:10:02 - [TEST_STEP][PASSED] - setText(findTestObject("Modulo Tarea Sara General/Importar Fuente General/input_Procesos Generados_formImportarListadoFuentej_idt67"), "Creación prestamos"): Text 'Creación prestamos' is set on object 'Object Repository/Modulo Tarea Sara General/Importar Fuente General/input_Procesos Generados_formImportarListadoFuentej_idt67'

2022-03-28 09:10:03 - [MESSAGE][PASSED] - Text 'Creación prestamos' is set on object 'Object Repository/Modulo Tarea Sara General/Importar Fuente General/input_Procesos Generados_formImportarListadoFuentej_idt67'

2022-03-28 09:10:03 - [TEST_STEP][PASSED] - sendKeys(findTestObject("Modulo Tarea Sara General/Importar Fuente General/input_Procesos Generados_formImportarListadoFuentej_idt67"), Keys.chord(ENTER)): Keys 'ENTER + ' sent to object: 'Object Repository/Modulo Tarea Sara General/Importar Fuente General/input_Procesos Generados_formImportarListadoFuentej_idt67'

2022-03-28 09:10:04 - [MESSAGE][PASSED] - Keys 'ENTER + ' sent to object: 'Object Repository/Modulo Tarea Sara General/Importar Fuente General/input_Procesos Generados_formImportarListadoFuentej_idt67'

2022-03-28 09:10:04 - [TEST_STEP][PASSED] - click(findTestObject("Modulo Tarea Sara General/Importar Fuente General/td_Creacin Prestamos")): Object: 'Object Repository/Modulo Tarea Sara General/Importar Fuente General/td_Creacin Prestamos' is clicked on

2022-03-28 09:10:05 - [MESSAGE][PASSED] - Object: 'Object Repository/Modulo Tarea Sara General/Importar Fuente General/td_Creacin Prestamos' is clicked on

2022-03-28 09:10:05 - [TEST_STEP][PASSED] - ruta = G_rutaarchivos + "carguePrestamo.txt": null

2022-03-28 09:10:05 - [TEST_STEP][PASSED] - uploadFile(findTestObject("Modulo Tarea Sara General/Importar Fuente General/input_Cargar_formImportarFuentetabarchivo_input"), ruta): File 'E:\unionweb14\carguePrestamo.txt' sent to object: 'Object Repository/Modulo Tarea Sara General/Importar Fuente General/input_Cargar_formImportarFuentetabarchivo_input'

2022-03-28 09:10:05 - [MESSAGE][PASSED] - File 'E:\unionweb14\carguePrestamo.txt' sent to object: 'Object Repository/Modulo Tarea Sara General/Importar Fuente General/input_Cargar_formImportarFuentetabarchivo_input'

2022-03-28 09:10:05 - [TEST_STEP][PASSED] - click(findTestObject("Modulo Tarea Sara General/Importar Fuente General/a_Importar")): Object: 'Object Repository/Modulo Tarea Sara General/Importar Fuente General/a_Importar' is clicked on

2022-03-28 09:10:06 - [MESSAGE][PASSED] - Object: 'Object Repository/Modulo Tarea Sara General/Importar Fuente General/a_Importar' is clicked on

2022-03-28 09:10:06 - [TEST_STEP][PASSED] - waitForElementVisible(findTestObject("Modulo compensaciones/Fuente_General/a_Continuar"), 0): Object 'Object Repository/Modulo compensaciones/Fuente_General/a_Continuar' is visible

2022-03-28 09:10:06 - [MESSAGE][WARNING] - Timeout '0' is invalid. Using default page load timeout: '45'

2022-03-28 09:10:10 - [MESSAGE][PASSED] - Object 'Object Repository/Modulo compensaciones/Fuente_General/a_Continuar' is visible

2022-03-28 09:10:10 - [TEST_STEP][PASSED] - click(findTestObject("Modulo compensaciones/Fuente_General/a_Continuar")): Object: 'Object Repository/Modulo compensaciones/Fuente_General/a_Continuar' is clicked on

2022-03-28 09:10:10 - [MESSAGE][PASSED] - Object: 'Object Repository/Modulo compensaciones/Fuente_General/a_Continuar' is clicked on

2022-03-28 09:10:10 - [TEST_STEP][PASSED] - click(findTestObject("Modulo compensaciones/Fuente_General/a_Ejecutar")): Object: 'Object Repository/Modulo compensaciones/Fuente_General/a_Ejecutar' is clicked on

2022-03-28 09:10:13 - [MESSAGE][PASSED] - Object: 'Object Repository/Modulo compensaciones/Fuente_General/a_Ejecutar' is clicked on

2022-03-28 09:10:13 - [TEST_STEP][PASSED] - click(findTestObject("Modulo compensaciones/Fuente_General/a_Continuar")): Object: 'Object Repository/Modulo compensaciones/Fuente_General/a_Continuar' is clicked on

2022-03-28 09:10:16 - [MESSAGE][PASSED] - Object: 'Object Repository/Modulo compensaciones/Fuente_General/a_Continuar' is clicked on

2022-03-28 09:10:16 - [TEST_STEP][PASSED] - waitForElementVisible(findTestObject("Modulo compensaciones/Fuente_General/td_354968431354    PC65000001000020107202118076995478975000"), 0): Object 'Object Repository/Modulo compensaciones/Fuente_General/td_354968431354    PC65000001000020107202118076995478975000' is visible

2022-03-28 09:10:16 - [MESSAGE][WARNING] - Timeout '0' is invalid. Using default page load timeout: '45'

2022-03-28 09:10:17 - [MESSAGE][PASSED] - Object 'Object Repository/Modulo compensaciones/Fuente_General/td_354968431354    PC65000001000020107202118076995478975000' is visible

2022-03-28 09:10:17 - [TEST_STEP][PASSED] - closeBrowser(): Browser is closed

2022-03-28 09:10:18 - [MESSAGE][PASSED] - Browser is closed

2022-03-28 09:10:18 - [MESSAGE][PASSED] - Call Test Case 'Test Cases/1.2-Tareas_Secundarias/A.1-Pruebas_compensaciones/11.1.4-Fuente_General' successfully

2022-03-28 09:10:18 - [TEST_STEP][PASSED] - callTestCase(findTestCase("0.1-Login"), [:], STOP_ON_FAILURE): Call Test Case 'Test Cases/0.1-Login' successfully

2022-03-28 09:10:18 - [TEST_CASE][PASSED] - Test Cases/0.1-Login: Test Cases/0.1-Login

2022-03-28 09:10:18 - [TEST_STEP][PASSED] - openBrowser(""): Browser is opened with url: ''

2022-03-28 09:10:18 - [MESSAGE][INFO] - Starting 'Chrome' driver

2022-03-28 09:10:18 - [MESSAGE][INFO] - Action delay is set to 50 milliseconds

2022-03-28 09:10:20 - [MESSAGE][PASSED] - Browser is opened with url: ''

2022-03-28 09:10:20 - [TEST_STEP][PASSED] - maximizeWindow(): Current window maximized

2022-03-28 09:10:20 - [MESSAGE][PASSED] - Current window maximized

2022-03-28 09:10:20 - [TEST_STEP][PASSED] - i = G_Login: null

2022-03-28 09:10:20 - [TEST_STEP][PASSED] - url = new java.net.URL(i): null

2022-03-28 09:10:20 - [TEST_STEP][PASSED] - println("URL: " + url.toString()): null

2022-03-28 09:10:20 - [TEST_STEP][PASSED] - connection = url.openConnection(): null

2022-03-28 09:10:20 - [TEST_STEP][PASSED] - connection.setRequestMethod("GET"): null

2022-03-28 09:10:20 - [TEST_STEP][PASSED] - connection.setReadTimeout(2 * 1000): null

2022-03-28 09:10:20 - [TEST_STEP][PASSED] - try: null

2022-03-28 09:10:20 - [TEST_STEP][PASSED] - connection.connect(): null

2022-03-28 09:10:20 - [TEST_STEP][PASSED] - flag = connected: null

2022-03-28 09:10:20 - [TEST_STEP][PASSED] - println("Valor_ori: " + flag): null

2022-03-28 09:10:20 - [TEST_STEP][PASSED] - if (flag): null

2022-03-28 09:10:20 - [TEST_STEP][PASSED] - navigateToUrl(i): Navigate to 'http://192.168.2.19:8380/saraweb' successfully

2022-03-28 09:10:20 - [MESSAGE][PASSED] - Navigate to 'http://192.168.2.19:8380/saraweb' successfully

2022-03-28 09:10:20 - [TEST_STEP][PASSED] - a(): null

2022-03-28 09:10:20 - [TEST_STEP][PASSED] - setText(findTestObject("Login/input_USUARIO_loginusuario"), G_Usuario): Text 'saraadmin' is set on object 'Object Repository/Login/input_USUARIO_loginusuario'

2022-03-28 09:10:22 - [MESSAGE][PASSED] - Text 'saraadmin' is set on object 'Object Repository/Login/input_USUARIO_loginusuario'

2022-03-28 09:10:22 - [TEST_STEP][PASSED] - setEncryptedText(findTestObject("Login/input_CLAVE_loginpassword"), "MkG4/TYiCFC3cb2driP7+Q=="): Text ****** has been set on object 'Object Repository/Login/input_CLAVE_loginpassword'

2022-03-28 09:10:23 - [MESSAGE][PASSED] - Text ****** has been set on object 'Object Repository/Login/input_CLAVE_loginpassword'

2022-03-28 09:10:23 - [TEST_STEP][PASSED] - waitForElementClickable(findTestObject("Login/a_Ingresar"), G_TimeOut): Object 'Object Repository/Login/a_Ingresar' is clickable

2022-03-28 09:10:23 - [MESSAGE][PASSED] - Object 'Object Repository/Login/a_Ingresar' is clickable

2022-03-28 09:10:23 - [TEST_STEP][PASSED] - click(findTestObject("Login/a_Ingresar")): Object: 'Object Repository/Login/a_Ingresar' is clicked on

2022-03-28 09:10:24 - [MESSAGE][PASSED] - Object: 'Object Repository/Login/a_Ingresar' is clicked on

2022-03-28 09:10:24 - [TEST_STEP][PASSED] - element = findWebElement(findTestObject("Login/a_Ir"), 30): null

2022-03-28 09:10:24 - [TEST_STEP][PASSED] - executeJavaScript("arguments[0].click()", Arrays.asList(element)): Execute JavaScript 'arguments[0].click()' successfully

2022-03-28 09:10:24 - [MESSAGE][PASSED] - Execute JavaScript 'arguments[0].click()' successfully

2022-03-28 09:10:24 - [MESSAGE][PASSED] - Call Test Case 'Test Cases/0.1-Login' successfully

2022-03-28 09:10:24 - [TEST_STEP][PASSED] - setText(findTestObject("input_Empresa 1_form_templatej_idt24_input"), "listado de empleados"): Text 'listado de empleados' is set on object 'Object Repository/input_Empresa 1_form_templatej_idt24_input'

2022-03-28 09:10:26 - [MESSAGE][PASSED] - Text 'listado de empleados' is set on object 'Object Repository/input_Empresa 1_form_templatej_idt24_input'

2022-03-28 09:10:26 - [TEST_STEP][PASSED] - click(findTestObject("Modulo compensaciones/Listado_Empleados/span_Listado de Empleados")): Object: 'Object Repository/Modulo compensaciones/Listado_Empleados/span_Listado de Empleados' is clicked on

2022-03-28 09:10:28 - [MESSAGE][PASSED] - Object: 'Object Repository/Modulo compensaciones/Listado_Empleados/span_Listado de Empleados' is clicked on

2022-03-28 09:10:28 - [TEST_STEP][PASSED] - setText(findTestObject("Modulo compensaciones/Listado_Empleados/input_Nombre Funcionario_listadoEmpleadoj_idt64"), "consta"): Text 'consta' is set on object 'Object Repository/Modulo compensaciones/Listado_Empleados/input_Nombre Funcionario_listadoEmpleadoj_idt64'

2022-03-28 09:10:29 - [MESSAGE][PASSED] - Text 'consta' is set on object 'Object Repository/Modulo compensaciones/Listado_Empleados/input_Nombre Funcionario_listadoEmpleadoj_idt64'

2022-03-28 09:10:29 - [TEST_STEP][PASSED] - sendKeys(findTestObject("Modulo compensaciones/Listado_Empleados/input_Nombre Funcionario_listadoEmpleadoj_idt64"), Keys.chord(ENTER)): Keys 'ENTER + ' sent to object: 'Object Repository/Modulo compensaciones/Listado_Empleados/input_Nombre Funcionario_listadoEmpleadoj_idt64'

2022-03-28 09:10:30 - [MESSAGE][PASSED] - Keys 'ENTER + ' sent to object: 'Object Repository/Modulo compensaciones/Listado_Empleados/input_Nombre Funcionario_listadoEmpleadoj_idt64'

2022-03-28 09:10:30 - [TEST_STEP][PASSED] - click(findTestObject("Modulo compensaciones/Listado_Empleados/span_Constantino Jhon")): Object: 'Object Repository/Modulo compensaciones/Listado_Empleados/span_Constantino Jhon' is clicked on

2022-03-28 09:10:31 - [MESSAGE][PASSED] - Object: 'Object Repository/Modulo compensaciones/Listado_Empleados/span_Constantino Jhon' is clicked on

2022-03-28 09:10:31 - [TEST_STEP][PASSED] - click(findTestObject("Modulo compensaciones/Listado_Empleados/a_Liquidacin Periodica")): Object: 'Object Repository/Modulo compensaciones/Listado_Empleados/a_Liquidacin Periodica' is clicked on

2022-03-28 09:10:32 - [MESSAGE][PASSED] - Object: 'Object Repository/Modulo compensaciones/Listado_Empleados/a_Liquidacin Periodica' is clicked on

2022-03-28 09:10:32 - [TEST_STEP][PASSED] - selectOptionByIndex(findTestObject("Modulo compensaciones/Listado_Empleados/select_-- seleccione --BC - PRESTAMO BANCOLOMBIAPC - PRESTAMO COMPAA"), 2): All options with index in [2] are selected on object 'Object Repository/Modulo compensaciones/Listado_Empleados/select_-- seleccione --BC - PRESTAMO BANCOLOMBIAPC - PRESTAMO COMPAA'

2022-03-28 09:10:33 - [MESSAGE][PASSED] - All options with index in [2] are selected on object 'Object Repository/Modulo compensaciones/Listado_Empleados/select_-- seleccione --BC - PRESTAMO BANCOLOMBIAPC - PRESTAMO COMPAA'

2022-03-28 09:10:33 - [TEST_STEP][PASSED] - click(findTestObject("Modulo compensaciones/Listado_Empleados/span_Prestamo Compaa")): Object: 'Object Repository/Modulo compensaciones/Listado_Empleados/span_Prestamo Compaa' is clicked on

2022-03-28 09:10:34 - [MESSAGE][PASSED] - Object: 'Object Repository/Modulo compensaciones/Listado_Empleados/span_Prestamo Compaa' is clicked on

2022-03-28 09:10:34 - [TEST_STEP][PASSED] - getText(findTestObject("Modulo compensaciones/Listado_Empleados/input_Total Abonado_form_liquidacionesPeriodicasEmpleadotabLiquidacionesPeriodicasabono")): Text of object 'Object Repository/Modulo compensaciones/Listado_Empleados/input_Total Abonado_form_liquidacionesPeriodicasEmpleadotabLiquidacionesPeriodicasabono' is: ''

2022-03-28 09:10:36 - [MESSAGE][PASSED] - Text of object 'Object Repository/Modulo compensaciones/Listado_Empleados/input_Total Abonado_form_liquidacionesPeriodicasEmpleadotabLiquidacionesPeriodicasabono' is: ''

2022-03-28 09:10:36 - [TEST_STEP][PASSED] - closeBrowser(): Browser is closed

2022-03-28 09:10:37 - [MESSAGE][PASSED] - Browser is closed]]></system-out>
         <system-err><![CDATA[]]></system-err>
      </testcase>
      <system-out><![CDATA[2022-03-28 09:03:18 - [TEST_SUITE][PASSED] - 11-Pruebas_Compensaciones: Test Cases/1.2-Tareas_Secundarias/A.1-Pruebas_compensaciones/11.1.7-Listado_Empleados]]></system-out>
      <system-err><![CDATA[]]></system-err>
   </testsuite>
</testsuites>
