<?xml version="1.0" encoding="UTF-8"?>
<testsuites name="1-Tareas Principales" time="4496.556" tests="70" failures="42" errors="0">
   <testsuite name="1-Tareas Principales" tests="70" failures="42" errors="0" time="4496.556" skipped="0" timestamp="2022-06-10 08:27:31" hostname="diego.rojas - US-AF-000371" id="Test Suites/Test_Suite_Principales/1-Tareas Principales">
      <properties>
         <property name="deviceName" value=""/>
         <property name="devicePlatform" value=""/>
         <property name="logFolder" value="C:\\Users\\diego.rojas\\git\\Pruebas-Minimas\\Reports\\20220610_082723\\Test_Suite_Principales\\1-Tareas Principales\\20220610_082723"/>
         <property name="logFiles" value="C:\\Users\\diego.rojas\\git\\Pruebas-Minimas\\Reports\\20220610_082723\\Test_Suite_Principales\\1-Tareas Principales\\20220610_082723\\execution0.log"/>
         <property name="attachments" value="C:\\Users\\diego.rojas\\git\\Pruebas-Minimas\\Reports\\20220610_082723\\Test_Suite_Principales\\1-Tareas Principales\\20220610_082723\\1654867759271.png, C:\\Users\\diego.rojas\\git\\Pruebas-Minimas\\Reports\\20220610_082723\\Test_Suite_Principales\\1-Tareas Principales\\20220610_082723\\1654867861273.png, C:\\Users\\diego.rojas\\git\\Pruebas-Minimas\\Reports\\20220610_082723\\Test_Suite_Principales\\1-Tareas Principales\\20220610_082723\\1654868031189.png, C:\\Users\\diego.rojas\\git\\Pruebas-Minimas\\Reports\\20220610_082723\\Test_Suite_Principales\\1-Tareas Principales\\20220610_082723\\1654868149968.png, C:\\Users\\diego.rojas\\git\\Pruebas-Minimas\\Reports\\20220610_082723\\Test_Suite_Principales\\1-Tareas Principales\\20220610_082723\\1654868280035.png, C:\\Users\\diego.rojas\\git\\Pruebas-Minimas\\Reports\\20220610_082723\\Test_Suite_Principales\\1-Tareas Principales\\20220610_082723\\1654868411050.png, C:\\Users\\diego.rojas\\git\\Pruebas-Minimas\\Reports\\20220610_082723\\Test_Suite_Principales\\1-Tareas Principales\\20220610_082723\\1654868541167.png, C:\\Users\\diego.rojas\\git\\Pruebas-Minimas\\Reports\\20220610_082723\\Test_Suite_Principales\\1-Tareas Principales\\20220610_082723\\1654868625288.png, C:\\Users\\diego.rojas\\git\\Pruebas-Minimas\\Reports\\20220610_082723\\Test_Suite_Principales\\1-Tareas Principales\\20220610_082723\\1654868690261.png, C:\\Users\\diego.rojas\\git\\Pruebas-Minimas\\Reports\\20220610_082723\\Test_Suite_Principales\\1-Tareas Principales\\20220610_082723\\1654868767032.png, C:\\Users\\diego.rojas\\git\\Pruebas-Minimas\\Reports\\20220610_082723\\Test_Suite_Principales\\1-Tareas Principales\\20220610_082723\\1654868882076.png, C:\\Users\\diego.rojas\\git\\Pruebas-Minimas\\Reports\\20220610_082723\\Test_Suite_Principales\\1-Tareas Principales\\20220610_082723\\1654868977058.png, C:\\Users\\diego.rojas\\git\\Pruebas-Minimas\\Reports\\20220610_082723\\Test_Suite_Principales\\1-Tareas Principales\\20220610_082723\\1654869032370.png, C:\\Users\\diego.rojas\\git\\Pruebas-Minimas\\Reports\\20220610_082723\\Test_Suite_Principales\\1-Tareas Principales\\20220610_082723\\1654869098584.png, C:\\Users\\diego.rojas\\git\\Pruebas-Minimas\\Reports\\20220610_082723\\Test_Suite_Principales\\1-Tareas Principales\\20220610_082723\\1654869200036.png, C:\\Users\\diego.rojas\\git\\Pruebas-Minimas\\Reports\\20220610_082723\\Test_Suite_Principales\\1-Tareas Principales\\20220610_082723\\1654869309812.png, C:\\Users\\diego.rojas\\git\\Pruebas-Minimas\\Reports\\20220610_082723\\Test_Suite_Principales\\1-Tareas Principales\\20220610_082723\\1654869403729.png, C:\\Users\\diego.rojas\\git\\Pruebas-Minimas\\Reports\\20220610_082723\\Test_Suite_Principales\\1-Tareas Principales\\20220610_082723\\1654869403912.png, C:\\Users\\diego.rojas\\git\\Pruebas-Minimas\\Reports\\20220610_082723\\Test_Suite_Principales\\1-Tareas Principales\\20220610_082723\\1654869461686.png, C:\\Users\\diego.rojas\\git\\Pruebas-Minimas\\Reports\\20220610_082723\\Test_Suite_Principales\\1-Tareas Principales\\20220610_082723\\1654869557049.png, C:\\Users\\diego.rojas\\git\\Pruebas-Minimas\\Reports\\20220610_082723\\Test_Suite_Principales\\1-Tareas Principales\\20220610_082723\\1654869647417.png, C:\\Users\\diego.rojas\\git\\Pruebas-Minimas\\Reports\\20220610_082723\\Test_Suite_Principales\\1-Tareas Principales\\20220610_082723\\1654869709828.png, C:\\Users\\diego.rojas\\git\\Pruebas-Minimas\\Reports\\20220610_082723\\Test_Suite_Principales\\1-Tareas Principales\\20220610_082723\\1654869841592.png, C:\\Users\\diego.rojas\\git\\Pruebas-Minimas\\Reports\\20220610_082723\\Test_Suite_Principales\\1-Tareas Principales\\20220610_082723\\1654869892198.png, C:\\Users\\diego.rojas\\git\\Pruebas-Minimas\\Reports\\20220610_082723\\Test_Suite_Principales\\1-Tareas Principales\\20220610_082723\\1654869960601.png, C:\\Users\\diego.rojas\\git\\Pruebas-Minimas\\Reports\\20220610_082723\\Test_Suite_Principales\\1-Tareas Principales\\20220610_082723\\1654870021570.png, C:\\Users\\diego.rojas\\git\\Pruebas-Minimas\\Reports\\20220610_082723\\Test_Suite_Principales\\1-Tareas Principales\\20220610_082723\\1654870139940.png, C:\\Users\\diego.rojas\\git\\Pruebas-Minimas\\Reports\\20220610_082723\\Test_Suite_Principales\\1-Tareas Principales\\20220610_082723\\1654870361929.png, C:\\Users\\diego.rojas\\git\\Pruebas-Minimas\\Reports\\20220610_082723\\Test_Suite_Principales\\1-Tareas Principales\\20220610_082723\\1654870425089.png, C:\\Users\\diego.rojas\\git\\Pruebas-Minimas\\Reports\\20220610_082723\\Test_Suite_Principales\\1-Tareas Principales\\20220610_082723\\1654870425208.png, C:\\Users\\diego.rojas\\git\\Pruebas-Minimas\\Reports\\20220610_082723\\Test_Suite_Principales\\1-Tareas Principales\\20220610_082723\\1654870542848.png, C:\\Users\\diego.rojas\\git\\Pruebas-Minimas\\Reports\\20220610_082723\\Test_Suite_Principales\\1-Tareas Principales\\20220610_082723\\1654870747392.png, C:\\Users\\diego.rojas\\git\\Pruebas-Minimas\\Reports\\20220610_082723\\Test_Suite_Principales\\1-Tareas Principales\\20220610_082723\\1654870847107.png, C:\\Users\\diego.rojas\\git\\Pruebas-Minimas\\Reports\\20220610_082723\\Test_Suite_Principales\\1-Tareas Principales\\20220610_082723\\1654870906773.png, C:\\Users\\diego.rojas\\git\\Pruebas-Minimas\\Reports\\20220610_082723\\Test_Suite_Principales\\1-Tareas Principales\\20220610_082723\\1654870971343.png, C:\\Users\\diego.rojas\\git\\Pruebas-Minimas\\Reports\\20220610_082723\\Test_Suite_Principales\\1-Tareas Principales\\20220610_082723\\1654871034761.png, C:\\Users\\diego.rojas\\git\\Pruebas-Minimas\\Reports\\20220610_082723\\Test_Suite_Principales\\1-Tareas Principales\\20220610_082723\\1654871150634.png, C:\\Users\\diego.rojas\\git\\Pruebas-Minimas\\Reports\\20220610_082723\\Test_Suite_Principales\\1-Tareas Principales\\20220610_082723\\1654871245594.png, C:\\Users\\diego.rojas\\git\\Pruebas-Minimas\\Reports\\20220610_082723\\Test_Suite_Principales\\1-Tareas Principales\\20220610_082723\\1654871338828.png, C:\\Users\\diego.rojas\\git\\Pruebas-Minimas\\Reports\\20220610_082723\\Test_Suite_Principales\\1-Tareas Principales\\20220610_082723\\1654871546371.png, C:\\Users\\diego.rojas\\git\\Pruebas-Minimas\\Reports\\20220610_082723\\Test_Suite_Principales\\1-Tareas Principales\\20220610_082723\\1654871608661.png, C:\\Users\\diego.rojas\\git\\Pruebas-Minimas\\Reports\\20220610_082723\\Test_Suite_Principales\\1-Tareas Principales\\20220610_082723\\1654871969427.png, C:\\Users\\diego.rojas\\git\\Pruebas-Minimas\\Reports\\20220610_082723\\Test_Suite_Principales\\1-Tareas Principales\\20220610_082723\\1654872148225.png"/>
         <property name="hostName" value="diego.rojas - US-AF-000371"/>
         <property name="os" value="Windows 10 64bit"/>
         <property name="katalonVersion" value="8.3.5.208"/>
         <property name="browser" value="Chrome 102.0.5005.115"/>
         <property name="hostAddress" value="192.168.56.1"/>
         <property name="sessionId" value="3d991746d8fb8ed2133a068f77286890"/>
         <property name="seleniumVersion" value="3.141.59"/>
         <property name="proxyInformation" value="ProxyInformation { proxyOption=NO_PROXY, proxyServerType=HTTP, username=, password=********, proxyServerAddress=, proxyServerPort=0, executionList=&quot;&quot;, isApplyToDesiredCapabilities=true }"/>
         <property name="platform" value="Windows 10"/>
      </properties>
      <testcase name="Test Cases/1.1-Tareas Principales/1.1.1-Crear Nueva Hoja de Vida" time="42.079" classname="Test Cases/1.1-Tareas Principales/1.1.1-Crear Nueva Hoja de Vida" status="PASSED">
         <system-out><![CDATA[2022-06-10 08:27:32 - [TEST_CASE][PASSED] - Test Cases/1.1-Tareas Principales/1.1.1-Crear Nueva Hoja de Vida: Test Cases/1.1-Tareas Principales/1.1.1-Crear Nueva Hoja de Vida

2022-06-10 08:27:32 - [TEST_STEP][PASSED] - random_double = Math.random() * 9999 + 999: null

2022-06-10 08:27:32 - [TEST_STEP][PASSED] - random_double = Math.round(random_double * 1000): null

2022-06-10 08:27:32 - [TEST_STEP][PASSED] - identificacion = toString().replace(".0", ""): null

2022-06-10 08:27:32 - [TEST_STEP][PASSED] - callTestCase(findTestCase("0.1.1-Login_detector"), [:], STOP_ON_FAILURE): Call Test Case 'Test Cases/0.1.1-Login_detector' successfully

2022-06-10 08:27:32 - [TEST_CASE][PASSED] - Test Cases/0.1.1-Login_detector: Test Cases/0.1.1-Login_detector

2022-06-10 08:27:33 - [TEST_STEP][PASSED] - openBrowser(""): Browser is opened with url: ''

2022-06-10 08:27:33 - [MESSAGE][INFO] - Starting 'Chrome' driver

2022-06-10 08:27:33 - [MESSAGE][INFO] - Action delay is set to 0 milliseconds

2022-06-10 08:27:36 - [MESSAGE][PASSED] - Browser is opened with url: ''

2022-06-10 08:27:36 - [TEST_STEP][PASSED] - maximizeWindow(): Current window maximized

2022-06-10 08:27:36 - [MESSAGE][PASSED] - Current window maximized

2022-06-10 08:27:36 - [TEST_STEP][PASSED] - i = G_Login: null

2022-06-10 08:27:36 - [TEST_STEP][PASSED] - url = new java.net.URL(i): null

2022-06-10 08:27:36 - [TEST_STEP][PASSED] - println("URL: " + url.toString()): null

2022-06-10 08:27:36 - [TEST_STEP][PASSED] - connection = url.openConnection(): null

2022-06-10 08:27:36 - [TEST_STEP][PASSED] - connection.setRequestMethod("GET"): null

2022-06-10 08:27:36 - [TEST_STEP][PASSED] - connection.setReadTimeout(2 * 1000): null

2022-06-10 08:27:36 - [TEST_STEP][PASSED] - try: null

2022-06-10 08:27:36 - [TEST_STEP][PASSED] - connection.connect(): null

2022-06-10 08:27:36 - [TEST_STEP][PASSED] - flag = connected: null

2022-06-10 08:27:36 - [TEST_STEP][PASSED] - println("Valor_ori: " + flag): null

2022-06-10 08:27:36 - [TEST_STEP][PASSED] - if (flag): null

2022-06-10 08:27:36 - [TEST_STEP][PASSED] - navigateToUrl(i): Navigate to 'http://192.168.2.19:8380/saraweb' successfully

2022-06-10 08:27:37 - [MESSAGE][PASSED] - Navigate to 'http://192.168.2.19:8380/saraweb' successfully

2022-06-10 08:27:37 - [TEST_STEP][PASSED] - a(): null

2022-06-10 08:27:37 - [TEST_STEP][PASSED] - USER = G_Usuario: null

2022-06-10 08:27:37 - [TEST_STEP][PASSED] - if (USER == "weblogic"): null

2022-06-10 08:27:37 - [TEST_STEP][PASSED] - else: Execute JavaScript 'arguments[0].click()' successfully

2022-06-10 08:27:37 - [TEST_STEP][PASSED] - setText(findTestObject("3-OBJECTS UTILIDADES/Login/input_USUARIO_loginusuario"), USER): Text 'saraadmin' is set on object 'Object Repository/3-OBJECTS UTILIDADES/Login/input_USUARIO_loginusuario'

2022-06-10 08:27:38 - [MESSAGE][PASSED] - Text 'saraadmin' is set on object 'Object Repository/3-OBJECTS UTILIDADES/Login/input_USUARIO_loginusuario'

2022-06-10 08:27:38 - [TEST_STEP][PASSED] - setEncryptedText(findTestObject("3-OBJECTS UTILIDADES/Login/input_CLAVE_loginpassword"), "MkG4/TYiCFC3cb2driP7+Q=="): Text ****** has been set on object 'Object Repository/3-OBJECTS UTILIDADES/Login/input_CLAVE_loginpassword'

2022-06-10 08:27:38 - [MESSAGE][PASSED] - Text ****** has been set on object 'Object Repository/3-OBJECTS UTILIDADES/Login/input_CLAVE_loginpassword'

2022-06-10 08:27:38 - [TEST_STEP][PASSED] - waitForElementClickable(findTestObject("3-OBJECTS UTILIDADES/Login/a_Ingresar"), G_TimeOut): Object 'Object Repository/3-OBJECTS UTILIDADES/Login/a_Ingresar' is clickable

2022-06-10 08:27:39 - [MESSAGE][PASSED] - Object 'Object Repository/3-OBJECTS UTILIDADES/Login/a_Ingresar' is clickable

2022-06-10 08:27:39 - [TEST_STEP][PASSED] - click(findTestObject("3-OBJECTS UTILIDADES/Login/a_Ingresar")): Object: 'Object Repository/3-OBJECTS UTILIDADES/Login/a_Ingresar' is clicked on

2022-06-10 08:27:41 - [MESSAGE][PASSED] - Object: 'Object Repository/3-OBJECTS UTILIDADES/Login/a_Ingresar' is clicked on

2022-06-10 08:27:41 - [TEST_STEP][PASSED] - element = findWebElement(findTestObject("3-OBJECTS UTILIDADES/Login/a_Ir"), 30): null

2022-06-10 08:27:41 - [TEST_STEP][PASSED] - executeJavaScript("arguments[0].click()", Arrays.asList(element)): Execute JavaScript 'arguments[0].click()' successfully

2022-06-10 08:27:41 - [MESSAGE][PASSED] - Execute JavaScript 'arguments[0].click()' successfully

2022-06-10 08:27:41 - [MESSAGE][PASSED] - Call Test Case 'Test Cases/0.1.1-Login_detector' successfully

2022-06-10 08:27:41 - [TEST_STEP][PASSED] - waitForElementClickable(findTestObject("1-OBJECTS TAREAS PRINCIPALES/Modulo Tarea Listado Hojas de Vida/Crear Nueva Hoja de Vida/input_Listado Hojas De Vida_form_templatej_idt24_input"), G_TimeOut): Object 'Object Repository/1-OBJECTS TAREAS PRINCIPALES/Modulo Tarea Listado Hojas de Vida/Crear Nueva Hoja de Vida/input_Listado Hojas De Vida_form_templatej_idt24_input' is clickable

2022-06-10 08:27:42 - [MESSAGE][PASSED] - Object 'Object Repository/1-OBJECTS TAREAS PRINCIPALES/Modulo Tarea Listado Hojas de Vida/Crear Nueva Hoja de Vida/input_Listado Hojas De Vida_form_templatej_idt24_input' is clickable

2022-06-10 08:27:42 - [TEST_STEP][PASSED] - setText(findTestObject("1-OBJECTS TAREAS PRINCIPALES/Modulo Tarea Listado Hojas de Vida/Crear Nueva Hoja de Vida/input_Listado Hojas De Vida_form_templatej_idt24_input"), "Listado Hojas de Vida"): Text 'Listado Hojas de Vida' is set on object 'Object Repository/1-OBJECTS TAREAS PRINCIPALES/Modulo Tarea Listado Hojas de Vida/Crear Nueva Hoja de Vida/input_Listado Hojas De Vida_form_templatej_idt24_input'

2022-06-10 08:27:43 - [MESSAGE][PASSED] - Text 'Listado Hojas de Vida' is set on object 'Object Repository/1-OBJECTS TAREAS PRINCIPALES/Modulo Tarea Listado Hojas de Vida/Crear Nueva Hoja de Vida/input_Listado Hojas De Vida_form_templatej_idt24_input'

2022-06-10 08:27:43 - [TEST_STEP][PASSED] - waitForElementVisible(findTestObject("1-OBJECTS TAREAS PRINCIPALES/Modulo Tarea Listado Hojas de Vida/Crear Nueva Hoja de Vida/span_Listado Hojas de Vida"), 0): Object 'Object Repository/1-OBJECTS TAREAS PRINCIPALES/Modulo Tarea Listado Hojas de Vida/Crear Nueva Hoja de Vida/span_Listado Hojas de Vida' is visible

2022-06-10 08:27:43 - [MESSAGE][WARNING] - Timeout '0' is invalid. Using default page load timeout: '37'

2022-06-10 08:27:44 - [MESSAGE][PASSED] - Object 'Object Repository/1-OBJECTS TAREAS PRINCIPALES/Modulo Tarea Listado Hojas de Vida/Crear Nueva Hoja de Vida/span_Listado Hojas de Vida' is visible

2022-06-10 08:27:44 - [TEST_STEP][PASSED] - click(findTestObject("1-OBJECTS TAREAS PRINCIPALES/Modulo Tarea Listado Hojas de Vida/Crear Nueva Hoja de Vida/span_Listado Hojas de Vida")): Object: 'Object Repository/1-OBJECTS TAREAS PRINCIPALES/Modulo Tarea Listado Hojas de Vida/Crear Nueva Hoja de Vida/span_Listado Hojas de Vida' is clicked on

2022-06-10 08:27:44 - [MESSAGE][PASSED] - Object: 'Object Repository/1-OBJECTS TAREAS PRINCIPALES/Modulo Tarea Listado Hojas de Vida/Crear Nueva Hoja de Vida/span_Listado Hojas de Vida' is clicked on

2022-06-10 08:27:44 - [TEST_STEP][PASSED] - waitForElementClickable(findTestObject("1-OBJECTS TAREAS PRINCIPALES/Modulo Tarea Listado Hojas de Vida/Crear Nueva Hoja de Vida/a_Nueva HojaVida"), G_TimeOut): Object 'Object Repository/1-OBJECTS TAREAS PRINCIPALES/Modulo Tarea Listado Hojas de Vida/Crear Nueva Hoja de Vida/a_Nueva HojaVida' is clickable

2022-06-10 08:27:46 - [MESSAGE][PASSED] - Object 'Object Repository/1-OBJECTS TAREAS PRINCIPALES/Modulo Tarea Listado Hojas de Vida/Crear Nueva Hoja de Vida/a_Nueva HojaVida' is clickable

2022-06-10 08:27:46 - [TEST_STEP][PASSED] - click(findTestObject("1-OBJECTS TAREAS PRINCIPALES/Modulo Tarea Listado Hojas de Vida/Crear Nueva Hoja de Vida/a_Nueva HojaVida")): Object: 'Object Repository/1-OBJECTS TAREAS PRINCIPALES/Modulo Tarea Listado Hojas de Vida/Crear Nueva Hoja de Vida/a_Nueva HojaVida' is clicked on

2022-06-10 08:27:46 - [MESSAGE][PASSED] - Object: 'Object Repository/1-OBJECTS TAREAS PRINCIPALES/Modulo Tarea Listado Hojas de Vida/Crear Nueva Hoja de Vida/a_Nueva HojaVida' is clicked on

2022-06-10 08:27:46 - [TEST_STEP][PASSED] - waitForElementClickable(findTestObject("1-OBJECTS TAREAS PRINCIPALES/Modulo Tarea Listado Hojas de Vida/Crear Nueva Hoja de Vida/input_Identificacin_nuevahoja_"), 0): Object 'Object Repository/1-OBJECTS TAREAS PRINCIPALES/Modulo Tarea Listado Hojas de Vida/Crear Nueva Hoja de Vida/input_Identificacin_nuevahoja_' is clickable

2022-06-10 08:27:46 - [MESSAGE][WARNING] - Timeout '0' is invalid. Using default page load timeout: '37'

2022-06-10 08:27:47 - [MESSAGE][PASSED] - Object 'Object Repository/1-OBJECTS TAREAS PRINCIPALES/Modulo Tarea Listado Hojas de Vida/Crear Nueva Hoja de Vida/input_Identificacin_nuevahoja_' is clickable

2022-06-10 08:27:47 - [TEST_STEP][PASSED] - setText(findTestObject("1-OBJECTS TAREAS PRINCIPALES/Modulo Tarea Listado Hojas de Vida/Crear Nueva Hoja de Vida/input_Identificacin_nuevahoja_"), identificacion): Text '7455347' is set on object 'Object Repository/1-OBJECTS TAREAS PRINCIPALES/Modulo Tarea Listado Hojas de Vida/Crear Nueva Hoja de Vida/input_Identificacin_nuevahoja_'

2022-06-10 08:27:47 - [MESSAGE][PASSED] - Text '7455347' is set on object 'Object Repository/1-OBJECTS TAREAS PRINCIPALES/Modulo Tarea Listado Hojas de Vida/Crear Nueva Hoja de Vida/input_Identificacin_nuevahoja_'

2022-06-10 08:27:47 - [TEST_STEP][PASSED] - selectOptionByIndex(findTestObject("1-OBJECTS TAREAS PRINCIPALES/Modulo Tarea Listado Hojas de Vida/Crear Nueva Hoja de Vida/select_-- Seleccione --.ASPIRA"), "4"): All options with index in [4] are selected on object 'Object Repository/1-OBJECTS TAREAS PRINCIPALES/Modulo Tarea Listado Hojas de Vida/Crear Nueva Hoja de Vida/select_-- Seleccione --.ASPIRA'

2022-06-10 08:27:48 - [MESSAGE][PASSED] - All options with index in [4] are selected on object 'Object Repository/1-OBJECTS TAREAS PRINCIPALES/Modulo Tarea Listado Hojas de Vida/Crear Nueva Hoja de Vida/select_-- Seleccione --.ASPIRA'

2022-06-10 08:27:48 - [TEST_STEP][PASSED] - click(findTestObject("1-OBJECTS TAREAS PRINCIPALES/Modulo Tarea Listado Hojas de Vida/Crear Nueva Hoja de Vida/a_Nueva Solicitud")): Object: 'Object Repository/1-OBJECTS TAREAS PRINCIPALES/Modulo Tarea Listado Hojas de Vida/Crear Nueva Hoja de Vida/a_Nueva Solicitud' is clicked on

2022-06-10 08:27:49 - [MESSAGE][PASSED] - Object: 'Object Repository/1-OBJECTS TAREAS PRINCIPALES/Modulo Tarea Listado Hojas de Vida/Crear Nueva Hoja de Vida/a_Nueva Solicitud' is clicked on

2022-06-10 08:27:49 - [TEST_STEP][PASSED] - waitForElementPresent(findTestObject("1-OBJECTS TAREAS PRINCIPALES/Modulo Tarea Listado Hojas de Vida/Crear Nueva Hoja de Vida/input__hojaVidaseccionj_idt8350j_idt845"), 0): Object 'Object Repository/1-OBJECTS TAREAS PRINCIPALES/Modulo Tarea Listado Hojas de Vida/Crear Nueva Hoja de Vida/input__hojaVidaseccionj_idt8350j_idt845' is present

2022-06-10 08:27:49 - [MESSAGE][WARNING] - Timeout '0' is invalid. Using default page load timeout: '37'

2022-06-10 08:27:50 - [MESSAGE][PASSED] - Object 'Object Repository/1-OBJECTS TAREAS PRINCIPALES/Modulo Tarea Listado Hojas de Vida/Crear Nueva Hoja de Vida/input__hojaVidaseccionj_idt8350j_idt845' is present

2022-06-10 08:27:50 - [TEST_STEP][PASSED] - setText(findTestObject("1-OBJECTS TAREAS PRINCIPALES/Modulo Tarea Listado Hojas de Vida/Crear Nueva Hoja de Vida/input__hojaVidaseccionj_idt8350j_idt845"), identificacion): Text '7455347' is set on object 'Object Repository/1-OBJECTS TAREAS PRINCIPALES/Modulo Tarea Listado Hojas de Vida/Crear Nueva Hoja de Vida/input__hojaVidaseccionj_idt8350j_idt845'

2022-06-10 08:27:50 - [MESSAGE][PASSED] - Text '7455347' is set on object 'Object Repository/1-OBJECTS TAREAS PRINCIPALES/Modulo Tarea Listado Hojas de Vida/Crear Nueva Hoja de Vida/input__hojaVidaseccionj_idt8350j_idt845'

2022-06-10 08:27:50 - [TEST_STEP][PASSED] - setText(findTestObject("1-OBJECTS TAREAS PRINCIPALES/Modulo Tarea Listado Hojas de Vida/Crear Nueva Hoja de Vida/input__hojaVidaseccionj_idt8351j_idt845"), "Empleado" + identificacion): Text 'Empleado7455347' is set on object 'Object Repository/1-OBJECTS TAREAS PRINCIPALES/Modulo Tarea Listado Hojas de Vida/Crear Nueva Hoja de Vida/input__hojaVidaseccionj_idt8351j_idt845'

2022-06-10 08:27:51 - [MESSAGE][PASSED] - Text 'Empleado7455347' is set on object 'Object Repository/1-OBJECTS TAREAS PRINCIPALES/Modulo Tarea Listado Hojas de Vida/Crear Nueva Hoja de Vida/input__hojaVidaseccionj_idt8351j_idt845'

2022-06-10 08:27:51 - [TEST_STEP][PASSED] - setText(findTestObject("1-OBJECTS TAREAS PRINCIPALES/Modulo Tarea Listado Hojas de Vida/Crear Nueva Hoja de Vida/input__hojaVidaseccionj_idt8352j_idt845"), " Pruebas_Automaticas"): Text ' Pruebas_Automaticas' is set on object 'Object Repository/1-OBJECTS TAREAS PRINCIPALES/Modulo Tarea Listado Hojas de Vida/Crear Nueva Hoja de Vida/input__hojaVidaseccionj_idt8352j_idt845'

2022-06-10 08:27:52 - [MESSAGE][PASSED] - Text ' Pruebas_Automaticas' is set on object 'Object Repository/1-OBJECTS TAREAS PRINCIPALES/Modulo Tarea Listado Hojas de Vida/Crear Nueva Hoja de Vida/input__hojaVidaseccionj_idt8352j_idt845'

2022-06-10 08:27:52 - [TEST_STEP][PASSED] - setText(findTestObject("1-OBJECTS TAREAS PRINCIPALES/Modulo Tarea Listado Hojas de Vida/Crear Nueva Hoja de Vida/input__hojaVidaseccionj_idt8353fecha_input"), "30/08/1995"): Text '30/08/1995' is set on object 'Object Repository/1-OBJECTS TAREAS PRINCIPALES/Modulo Tarea Listado Hojas de Vida/Crear Nueva Hoja de Vida/input__hojaVidaseccionj_idt8353fecha_input'

2022-06-10 08:27:53 - [MESSAGE][PASSED] - Text '30/08/1995' is set on object 'Object Repository/1-OBJECTS TAREAS PRINCIPALES/Modulo Tarea Listado Hojas de Vida/Crear Nueva Hoja de Vida/input__hojaVidaseccionj_idt8353fecha_input'

2022-06-10 08:27:53 - [TEST_STEP][PASSED] - sendKeys(findTestObject("1-OBJECTS TAREAS PRINCIPALES/Modulo Tarea Listado Hojas de Vida/Crear Nueva Hoja de Vida/input__hojaVidaseccionj_idt8353fecha_input"), Keys.chord(ENTER)): Keys 'ENTER + ' sent to object: 'Object Repository/1-OBJECTS TAREAS PRINCIPALES/Modulo Tarea Listado Hojas de Vida/Crear Nueva Hoja de Vida/input__hojaVidaseccionj_idt8353fecha_input'

2022-06-10 08:27:53 - [MESSAGE][PASSED] - Keys 'ENTER + ' sent to object: 'Object Repository/1-OBJECTS TAREAS PRINCIPALES/Modulo Tarea Listado Hojas de Vida/Crear Nueva Hoja de Vida/input__hojaVidaseccionj_idt8353fecha_input'

2022-06-10 08:27:53 - [TEST_STEP][PASSED] - waitForElementClickable(findTestObject("1-OBJECTS TAREAS PRINCIPALES/Modulo Tarea Listado Hojas de Vida/Crear Nueva Hoja de Vida/a__hojaVidaseccionj_idt8354j_idt865"), G_TimeOut): Object 'Object Repository/1-OBJECTS TAREAS PRINCIPALES/Modulo Tarea Listado Hojas de Vida/Crear Nueva Hoja de Vida/a__hojaVidaseccionj_idt8354j_idt865' is clickable

2022-06-10 08:27:54 - [MESSAGE][PASSED] - Object 'Object Repository/1-OBJECTS TAREAS PRINCIPALES/Modulo Tarea Listado Hojas de Vida/Crear Nueva Hoja de Vida/a__hojaVidaseccionj_idt8354j_idt865' is clickable

2022-06-10 08:27:54 - [TEST_STEP][PASSED] - click(findTestObject("1-OBJECTS TAREAS PRINCIPALES/Modulo Tarea Listado Hojas de Vida/Crear Nueva Hoja de Vida/a__hojaVidaseccionj_idt8354j_idt865")): Object: 'Object Repository/1-OBJECTS TAREAS PRINCIPALES/Modulo Tarea Listado Hojas de Vida/Crear Nueva Hoja de Vida/a__hojaVidaseccionj_idt8354j_idt865' is clicked on

2022-06-10 08:27:54 - [MESSAGE][PASSED] - Object: 'Object Repository/1-OBJECTS TAREAS PRINCIPALES/Modulo Tarea Listado Hojas de Vida/Crear Nueva Hoja de Vida/a__hojaVidaseccionj_idt8354j_idt865' is clicked on

2022-06-10 08:27:54 - [TEST_STEP][PASSED] - waitForElementClickable(findTestObject("1-OBJECTS TAREAS PRINCIPALES/Modulo Tarea Listado Hojas de Vida/Crear Nueva Hoja de Vida/span_CEDULA CIUDADANIA"), G_TimeOut): Object 'Object Repository/1-OBJECTS TAREAS PRINCIPALES/Modulo Tarea Listado Hojas de Vida/Crear Nueva Hoja de Vida/span_CEDULA CIUDADANIA' is clickable

2022-06-10 08:27:55 - [MESSAGE][PASSED] - Object 'Object Repository/1-OBJECTS TAREAS PRINCIPALES/Modulo Tarea Listado Hojas de Vida/Crear Nueva Hoja de Vida/span_CEDULA CIUDADANIA' is clickable

2022-06-10 08:27:55 - [TEST_STEP][PASSED] - click(findTestObject("1-OBJECTS TAREAS PRINCIPALES/Modulo Tarea Listado Hojas de Vida/Crear Nueva Hoja de Vida/span_CEDULA CIUDADANIA")): Object: 'Object Repository/1-OBJECTS TAREAS PRINCIPALES/Modulo Tarea Listado Hojas de Vida/Crear Nueva Hoja de Vida/span_CEDULA CIUDADANIA' is clicked on

2022-06-10 08:27:55 - [MESSAGE][PASSED] - Object: 'Object Repository/1-OBJECTS TAREAS PRINCIPALES/Modulo Tarea Listado Hojas de Vida/Crear Nueva Hoja de Vida/span_CEDULA CIUDADANIA' is clicked on

2022-06-10 08:27:55 - [TEST_STEP][PASSED] - waitForElementClickable(findTestObject("1-OBJECTS TAREAS PRINCIPALES/Modulo Tarea Listado Hojas de Vida/Crear Nueva Hoja de Vida/input_Fecha Expedicin_hojaVidas"), G_TimeOut): Object 'Object Repository/1-OBJECTS TAREAS PRINCIPALES/Modulo Tarea Listado Hojas de Vida/Crear Nueva Hoja de Vida/input_Fecha Expedicin_hojaVidas' is clickable

2022-06-10 08:27:56 - [MESSAGE][PASSED] - Object 'Object Repository/1-OBJECTS TAREAS PRINCIPALES/Modulo Tarea Listado Hojas de Vida/Crear Nueva Hoja de Vida/input_Fecha Expedicin_hojaVidas' is clickable

2022-06-10 08:27:56 - [TEST_STEP][PASSED] - setText(findTestObject("1-OBJECTS TAREAS PRINCIPALES/Modulo Tarea Listado Hojas de Vida/Crear Nueva Hoja de Vida/input_Fecha Expedicin_hojaVidas"), "13/09/2013"): Text '13/09/2013' is set on object 'Object Repository/1-OBJECTS TAREAS PRINCIPALES/Modulo Tarea Listado Hojas de Vida/Crear Nueva Hoja de Vida/input_Fecha Expedicin_hojaVidas'

2022-06-10 08:27:57 - [MESSAGE][PASSED] - Text '13/09/2013' is set on object 'Object Repository/1-OBJECTS TAREAS PRINCIPALES/Modulo Tarea Listado Hojas de Vida/Crear Nueva Hoja de Vida/input_Fecha Expedicin_hojaVidas'

2022-06-10 08:27:57 - [TEST_STEP][PASSED] - sendKeys(findTestObject("1-OBJECTS TAREAS PRINCIPALES/Modulo Tarea Listado Hojas de Vida/Crear Nueva Hoja de Vida/input_Fecha Expedicin_hojaVidas"), Keys.chord(ENTER)): Keys 'ENTER + ' sent to object: 'Object Repository/1-OBJECTS TAREAS PRINCIPALES/Modulo Tarea Listado Hojas de Vida/Crear Nueva Hoja de Vida/input_Fecha Expedicin_hojaVidas'

2022-06-10 08:27:57 - [MESSAGE][PASSED] - Keys 'ENTER + ' sent to object: 'Object Repository/1-OBJECTS TAREAS PRINCIPALES/Modulo Tarea Listado Hojas de Vida/Crear Nueva Hoja de Vida/input_Fecha Expedicin_hojaVidas'

2022-06-10 08:27:57 - [TEST_STEP][PASSED] - selectOptionByIndex(findTestObject("1-OBJECTS TAREAS PRINCIPALES/Modulo Tarea Listado Hojas de Vida/Crear Nueva Hoja de Vida/select_-- Seleccione--000000ABEJORRAL"), "113"): All options with index in [113] are selected on object 'Object Repository/1-OBJECTS TAREAS PRINCIPALES/Modulo Tarea Listado Hojas de Vida/Crear Nueva Hoja de Vida/select_-- Seleccione--000000ABEJORRAL'

2022-06-10 08:28:01 - [MESSAGE][PASSED] - All options with index in [113] are selected on object 'Object Repository/1-OBJECTS TAREAS PRINCIPALES/Modulo Tarea Listado Hojas de Vida/Crear Nueva Hoja de Vida/select_-- Seleccione--000000ABEJORRAL'

2022-06-10 08:28:01 - [TEST_STEP][PASSED] - setText(findTestObject("1-OBJECTS TAREAS PRINCIPALES/Modulo Tarea Listado Hojas de Vida/Crear Nueva Hoja de Vida/input__hojaVidaseccionj_idt8358j_idt845"), "634564654684"): Text '634564654684' is set on object 'Object Repository/1-OBJECTS TAREAS PRINCIPALES/Modulo Tarea Listado Hojas de Vida/Crear Nueva Hoja de Vida/input__hojaVidaseccionj_idt8358j_idt845'

2022-06-10 08:28:01 - [MESSAGE][PASSED] - Text '634564654684' is set on object 'Object Repository/1-OBJECTS TAREAS PRINCIPALES/Modulo Tarea Listado Hojas de Vida/Crear Nueva Hoja de Vida/input__hojaVidaseccionj_idt8358j_idt845'

2022-06-10 08:28:01 - [TEST_STEP][PASSED] - setText(findTestObject("1-OBJECTS TAREAS PRINCIPALES/Modulo Tarea Listado Hojas de Vida/Crear Nueva Hoja de Vida/input__hojaVidaseccionj_idt8359j_idt845"), "noodle@gmail.com"): Text 'noodle@gmail.com' is set on object 'Object Repository/1-OBJECTS TAREAS PRINCIPALES/Modulo Tarea Listado Hojas de Vida/Crear Nueva Hoja de Vida/input__hojaVidaseccionj_idt8359j_idt845'

2022-06-10 08:28:02 - [MESSAGE][PASSED] - Text 'noodle@gmail.com' is set on object 'Object Repository/1-OBJECTS TAREAS PRINCIPALES/Modulo Tarea Listado Hojas de Vida/Crear Nueva Hoja de Vida/input__hojaVidaseccionj_idt8359j_idt845'

2022-06-10 08:28:02 - [TEST_STEP][PASSED] - selectOptionByIndex(findTestObject("1-OBJECTS TAREAS PRINCIPALES/Modulo Tarea Listado Hojas de Vida/Crear Nueva Hoja de Vida/select_AA-ABAB-BB-OO-"), "7"): All options with index in [7] are selected on object 'Object Repository/1-OBJECTS TAREAS PRINCIPALES/Modulo Tarea Listado Hojas de Vida/Crear Nueva Hoja de Vida/select_AA-ABAB-BB-OO-'

2022-06-10 08:28:03 - [MESSAGE][PASSED] - All options with index in [7] are selected on object 'Object Repository/1-OBJECTS TAREAS PRINCIPALES/Modulo Tarea Listado Hojas de Vida/Crear Nueva Hoja de Vida/select_AA-ABAB-BB-OO-'

2022-06-10 08:28:03 - [TEST_STEP][PASSED] - click(findTestObject("1-OBJECTS TAREAS PRINCIPALES/Modulo Tarea Listado Hojas de Vida/Crear Nueva Hoja de Vida/a__hojaVidaseccionj_idt21411j_idt254")): Object: 'Object Repository/1-OBJECTS TAREAS PRINCIPALES/Modulo Tarea Listado Hojas de Vida/Crear Nueva Hoja de Vida/a__hojaVidaseccionj_idt21411j_idt254' is clicked on

2022-06-10 08:28:04 - [MESSAGE][PASSED] - Object: 'Object Repository/1-OBJECTS TAREAS PRINCIPALES/Modulo Tarea Listado Hojas de Vida/Crear Nueva Hoja de Vida/a__hojaVidaseccionj_idt21411j_idt254' is clicked on

2022-06-10 08:28:04 - [TEST_STEP][PASSED] - setText(findTestObject("1-OBJECTS TAREAS PRINCIPALES/Modulo Tarea Listado Hojas de Vida/Crear Nueva Hoja de Vida/input_Ubicacin Geogrfica_formPopUpUbicacionj_idt921"), "BOGOTÁ"): Text 'BOGOTÁ' is set on object 'Object Repository/1-OBJECTS TAREAS PRINCIPALES/Modulo Tarea Listado Hojas de Vida/Crear Nueva Hoja de Vida/input_Ubicacin Geogrfica_formPopUpUbicacionj_idt921'

2022-06-10 08:28:05 - [MESSAGE][PASSED] - Text 'BOGOTÁ' is set on object 'Object Repository/1-OBJECTS TAREAS PRINCIPALES/Modulo Tarea Listado Hojas de Vida/Crear Nueva Hoja de Vida/input_Ubicacin Geogrfica_formPopUpUbicacionj_idt921'

2022-06-10 08:28:05 - [TEST_STEP][PASSED] - sendKeys(findTestObject("1-OBJECTS TAREAS PRINCIPALES/Modulo Tarea Listado Hojas de Vida/Crear Nueva Hoja de Vida/input_Ubicacin Geogrfica_formPopUpUbicacionj_idt921"), Keys.chord(ENTER)): Keys 'ENTER + ' sent to object: 'Object Repository/1-OBJECTS TAREAS PRINCIPALES/Modulo Tarea Listado Hojas de Vida/Crear Nueva Hoja de Vida/input_Ubicacin Geogrfica_formPopUpUbicacionj_idt921'

2022-06-10 08:28:05 - [MESSAGE][PASSED] - Keys 'ENTER + ' sent to object: 'Object Repository/1-OBJECTS TAREAS PRINCIPALES/Modulo Tarea Listado Hojas de Vida/Crear Nueva Hoja de Vida/input_Ubicacin Geogrfica_formPopUpUbicacionj_idt921'

2022-06-10 08:28:05 - [TEST_STEP][PASSED] - click(findTestObject("1-OBJECTS TAREAS PRINCIPALES/Modulo Tarea Listado Hojas de Vida/Crear Nueva Hoja de Vida/td_11001     BOGOT")): Object: 'Object Repository/1-OBJECTS TAREAS PRINCIPALES/Modulo Tarea Listado Hojas de Vida/Crear Nueva Hoja de Vida/td_11001     BOGOT' is clicked on

2022-06-10 08:28:06 - [MESSAGE][PASSED] - Object: 'Object Repository/1-OBJECTS TAREAS PRINCIPALES/Modulo Tarea Listado Hojas de Vida/Crear Nueva Hoja de Vida/td_11001     BOGOT' is clicked on

2022-06-10 08:28:06 - [TEST_STEP][PASSED] - click(findTestObject("1-OBJECTS TAREAS PRINCIPALES/Modulo Tarea Listado Hojas de Vida/Crear Nueva Hoja de Vida/a__hojaVidaseccionj_idt21412j_idt254")): Object: 'Object Repository/1-OBJECTS TAREAS PRINCIPALES/Modulo Tarea Listado Hojas de Vida/Crear Nueva Hoja de Vida/a__hojaVidaseccionj_idt21412j_idt254' is clicked on

2022-06-10 08:28:07 - [MESSAGE][PASSED] - Object: 'Object Repository/1-OBJECTS TAREAS PRINCIPALES/Modulo Tarea Listado Hojas de Vida/Crear Nueva Hoja de Vida/a__hojaVidaseccionj_idt21412j_idt254' is clicked on

2022-06-10 08:28:07 - [TEST_STEP][PASSED] - setText(findTestObject("1-OBJECTS TAREAS PRINCIPALES/Modulo Tarea Listado Hojas de Vida/Crear Nueva Hoja de Vida/input_Nacionalidad_j_idt930j_idt935"), "Colombiana"): Text 'Colombiana' is set on object 'Object Repository/1-OBJECTS TAREAS PRINCIPALES/Modulo Tarea Listado Hojas de Vida/Crear Nueva Hoja de Vida/input_Nacionalidad_j_idt930j_idt935'

2022-06-10 08:28:08 - [MESSAGE][PASSED] - Text 'Colombiana' is set on object 'Object Repository/1-OBJECTS TAREAS PRINCIPALES/Modulo Tarea Listado Hojas de Vida/Crear Nueva Hoja de Vida/input_Nacionalidad_j_idt930j_idt935'

2022-06-10 08:28:08 - [TEST_STEP][PASSED] - sendKeys(findTestObject("1-OBJECTS TAREAS PRINCIPALES/Modulo Tarea Listado Hojas de Vida/Crear Nueva Hoja de Vida/input_Nacionalidad_j_idt930j_idt935"), Keys.chord(ENTER)): Keys 'ENTER + ' sent to object: 'Object Repository/1-OBJECTS TAREAS PRINCIPALES/Modulo Tarea Listado Hojas de Vida/Crear Nueva Hoja de Vida/input_Nacionalidad_j_idt930j_idt935'

2022-06-10 08:28:09 - [MESSAGE][PASSED] - Keys 'ENTER + ' sent to object: 'Object Repository/1-OBJECTS TAREAS PRINCIPALES/Modulo Tarea Listado Hojas de Vida/Crear Nueva Hoja de Vida/input_Nacionalidad_j_idt930j_idt935'

2022-06-10 08:28:09 - [TEST_STEP][PASSED] - click(findTestObject("1-OBJECTS TAREAS PRINCIPALES/Modulo Tarea Listado Hojas de Vida/Crear Nueva Hoja de Vida/span_Colombiana")): Object: 'Object Repository/1-OBJECTS TAREAS PRINCIPALES/Modulo Tarea Listado Hojas de Vida/Crear Nueva Hoja de Vida/span_Colombiana' is clicked on

2022-06-10 08:28:09 - [MESSAGE][PASSED] - Object: 'Object Repository/1-OBJECTS TAREAS PRINCIPALES/Modulo Tarea Listado Hojas de Vida/Crear Nueva Hoja de Vida/span_Colombiana' is clicked on

2022-06-10 08:28:09 - [TEST_STEP][PASSED] - waitForElementClickable(findTestObject("1-OBJECTS TAREAS PRINCIPALES/Modulo Tarea Listado Hojas de Vida/Crear Nueva Hoja de Vida/a_Continuar"), G_TimeOut): Object 'Object Repository/1-OBJECTS TAREAS PRINCIPALES/Modulo Tarea Listado Hojas de Vida/Crear Nueva Hoja de Vida/a_Continuar' is clickable

2022-06-10 08:28:10 - [MESSAGE][PASSED] - Object 'Object Repository/1-OBJECTS TAREAS PRINCIPALES/Modulo Tarea Listado Hojas de Vida/Crear Nueva Hoja de Vida/a_Continuar' is clickable

2022-06-10 08:28:10 - [TEST_STEP][PASSED] - click(findTestObject("1-OBJECTS TAREAS PRINCIPALES/Modulo Tarea Listado Hojas de Vida/Crear Nueva Hoja de Vida/a_Continuar")): Object: 'Object Repository/1-OBJECTS TAREAS PRINCIPALES/Modulo Tarea Listado Hojas de Vida/Crear Nueva Hoja de Vida/a_Continuar' is clicked on

2022-06-10 08:28:11 - [MESSAGE][PASSED] - Object: 'Object Repository/1-OBJECTS TAREAS PRINCIPALES/Modulo Tarea Listado Hojas de Vida/Crear Nueva Hoja de Vida/a_Continuar' is clicked on

2022-06-10 08:28:11 - [TEST_STEP][PASSED] - waitForElementClickable(findTestObject("1-OBJECTS TAREAS PRINCIPALES/Modulo Tarea Listado Hojas de Vida/Crear Nueva Hoja de Vida/a_Aceptar"), G_TimeOut): Object 'Object Repository/1-OBJECTS TAREAS PRINCIPALES/Modulo Tarea Listado Hojas de Vida/Crear Nueva Hoja de Vida/a_Aceptar' is clickable

2022-06-10 08:28:12 - [MESSAGE][PASSED] - Object 'Object Repository/1-OBJECTS TAREAS PRINCIPALES/Modulo Tarea Listado Hojas de Vida/Crear Nueva Hoja de Vida/a_Aceptar' is clickable

2022-06-10 08:28:12 - [TEST_STEP][PASSED] - click(findTestObject("1-OBJECTS TAREAS PRINCIPALES/Modulo Tarea Listado Hojas de Vida/Crear Nueva Hoja de Vida/a_Aceptar"), STOP_ON_FAILURE): Object: 'Object Repository/1-OBJECTS TAREAS PRINCIPALES/Modulo Tarea Listado Hojas de Vida/Crear Nueva Hoja de Vida/a_Aceptar' is clicked on

2022-06-10 08:28:12 - [MESSAGE][PASSED] - Object: 'Object Repository/1-OBJECTS TAREAS PRINCIPALES/Modulo Tarea Listado Hojas de Vida/Crear Nueva Hoja de Vida/a_Aceptar' is clicked on

2022-06-10 08:28:12 - [TEST_STEP][PASSED] - if (waitForElementVisible(findTestObject("1-OBJECTS TAREAS PRINCIPALES/Modulo Tarea Listado Hojas de Vida/Crear Nueva Hoja de Vida/a_Actualizar Respuesta"), 1)): null

2022-06-10 08:28:13 - [MESSAGE][PASSED] - Object 'Object Repository/1-OBJECTS TAREAS PRINCIPALES/Modulo Tarea Listado Hojas de Vida/Crear Nueva Hoja de Vida/a_Actualizar Respuesta' is visible

2022-06-10 08:28:13 - [TEST_STEP][PASSED] - closeBrowser(): Browser is closed

2022-06-10 08:28:14 - [MESSAGE][PASSED] - Browser is closed

2022-06-10 08:28:14 - [TEST_STEP][PASSED] - return identificacion: null]]></system-out>
         <system-err><![CDATA[]]></system-err>
      </testcase>
      <testcase name="Test Cases/1.1-Tareas Principales/1.1.2-Imprimir Hoja de Vida" time="65.178" classname="Test Cases/1.1-Tareas Principales/1.1.2-Imprimir Hoja de Vida" status="FAILED">
         <failure type="FAILED" message="Test Cases/1.1-Tareas Principales/1.1.2-Imprimir Hoja de Vida FAILED.
Reason:
com.kms.katalon.core.exception.StepFailedException: Unable to click on object 'Object Repository/1-OBJECTS TAREAS PRINCIPALES/Modulo Tarea Listado Hojas de Vida/Imprimir Hoja de Vida/a_Si'
	at com.kms.katalon.core.webui.keyword.internal.WebUIKeywordMain.stepFailed(WebUIKeywordMain.groovy:64)
	at com.kms.katalon.core.webui.keyword.internal.WebUIKeywordMain.runKeyword(WebUIKeywordMain.groovy:26)
	at com.kms.katalon.core.webui.keyword.builtin.ClickKeyword.click(ClickKeyword.groovy:74)
	at com.kms.katalon.core.webui.keyword.builtin.ClickKeyword.execute(ClickKeyword.groovy:40)
	at com.kms.katalon.core.keyword.internal.KeywordExecutor.executeKeywordForPlatform(KeywordExecutor.groovy:74)
	at com.kms.katalon.core.webui.keyword.WebUiBuiltInKeywords.click(WebUiBuiltInKeywords.groovy:620)
	at com.kms.katalon.core.webui.keyword.WebUiBuiltInKeywords$click$5.call(Unknown Source)
	at Listado hojas de Vida.run(Listado hojas de Vida:43)
	at com.kms.katalon.core.main.ScriptEngine.run(ScriptEngine.java:194)
	at com.kms.katalon.core.main.ScriptEngine.runScriptAsRawText(ScriptEngine.java:119)
	at com.kms.katalon.core.main.TestCaseExecutor.runScript(TestCaseExecutor.java:445)
	at com.kms.katalon.core.main.TestCaseExecutor.doExecute(TestCaseExecutor.java:436)
	at com.kms.katalon.core.main.TestCaseExecutor.processExecutionPhase(TestCaseExecutor.java:415)
	at com.kms.katalon.core.main.TestCaseExecutor.accessMainPhase(TestCaseExecutor.java:407)
	at com.kms.katalon.core.main.TestCaseExecutor.execute(TestCaseExecutor.java:284)
	at com.kms.katalon.core.common.CommonExecutor.accessTestCaseMainPhase(CommonExecutor.java:65)
	at com.kms.katalon.core.main.TestSuiteExecutor.accessTestSuiteMainPhase(TestSuiteExecutor.java:144)
	at com.kms.katalon.core.main.TestSuiteExecutor.execute(TestSuiteExecutor.java:106)
	at com.kms.katalon.core.main.TestCaseMain.startTestSuite(TestCaseMain.java:185)
	at com.kms.katalon.core.main.TestCaseMain$startTestSuite$0.call(Unknown Source)
	at TempTestSuite1654867643956.run(TempTestSuite1654867643956.groovy:36)
Caused by: com.kms.katalon.core.webui.exception.WebElementNotFoundException: Web element with id: 'Object Repository/1-OBJECTS TAREAS PRINCIPALES/Modulo Tarea Listado Hojas de Vida/Imprimir Hoja de Vida/a_Si' located by '//a[contains(text(),'Si')]' not found
	at com.kms.katalon.core.webui.common.WebUiCommonHelper.findWebElement(WebUiCommonHelper.java:1370)
	at com.kms.katalon.core.webui.keyword.internal.WebUIAbstractKeyword.findWebElement(WebUIAbstractKeyword.groovy:27)
	at com.kms.katalon.core.webui.keyword.builtin.ClickKeyword$_click_closure1.doCall(ClickKeyword.groovy:65)
	at com.kms.katalon.core.webui.keyword.builtin.ClickKeyword$_click_closure1.call(ClickKeyword.groovy)
	at com.kms.katalon.core.webui.keyword.internal.WebUIKeywordMain.runKeyword(WebUIKeywordMain.groovy:20)
	... 19 more
"/>
         <system-out><![CDATA[2022-06-10 08:28:14 - [TEST_CASE][FAILED] - Test Cases/1.1-Tareas Principales/1.1.2-Imprimir Hoja de Vida: Test Cases/1.1-Tareas Principales/1.1.2-Imprimir Hoja de Vida FAILED.
Reason:
com.kms.katalon.core.exception.StepFailedException: Unable to click on object 'Object Repository/1-OBJECTS TAREAS PRINCIPALES/Modulo Tarea Listado Hojas de Vida/Imprimir Hoja de Vida/a_Si'
	at com.kms.katalon.core.webui.keyword.internal.WebUIKeywordMain.stepFailed(WebUIKeywordMain.groovy:64)
	at com.kms.katalon.core.webui.keyword.internal.WebUIKeywordMain.runKeyword(WebUIKeywordMain.groovy:26)
	at com.kms.katalon.core.webui.keyword.builtin.ClickKeyword.click(ClickKeyword.groovy:74)
	at com.kms.katalon.core.webui.keyword.builtin.ClickKeyword.execute(ClickKeyword.groovy:40)
	at com.kms.katalon.core.keyword.internal.KeywordExecutor.executeKeywordForPlatform(KeywordExecutor.groovy:74)
	at com.kms.katalon.core.webui.keyword.WebUiBuiltInKeywords.click(WebUiBuiltInKeywords.groovy:620)
	at com.kms.katalon.core.webui.keyword.WebUiBuiltInKeywords$click$5.call(Unknown Source)
	at Listado hojas de Vida.run(Listado hojas de Vida:43)
	at com.kms.katalon.core.main.ScriptEngine.run(ScriptEngine.java:194)
	at com.kms.katalon.core.main.ScriptEngine.runScriptAsRawText(ScriptEngine.java:119)
	at com.kms.katalon.core.main.TestCaseExecutor.runScript(TestCaseExecutor.java:445)
	at com.kms.katalon.core.main.TestCaseExecutor.doExecute(TestCaseExecutor.java:436)
	at com.kms.katalon.core.main.TestCaseExecutor.processExecutionPhase(TestCaseExecutor.java:415)
	at com.kms.katalon.core.main.TestCaseExecutor.accessMainPhase(TestCaseExecutor.java:407)
	at com.kms.katalon.core.main.TestCaseExecutor.execute(TestCaseExecutor.java:284)
	at com.kms.katalon.core.common.CommonExecutor.accessTestCaseMainPhase(CommonExecutor.java:65)
	at com.kms.katalon.core.main.TestSuiteExecutor.accessTestSuiteMainPhase(TestSuiteExecutor.java:144)
	at com.kms.katalon.core.main.TestSuiteExecutor.execute(TestSuiteExecutor.java:106)
	at com.kms.katalon.core.main.TestCaseMain.startTestSuite(TestCaseMain.java:185)
	at com.kms.katalon.core.main.TestCaseMain$startTestSuite$0.call(Unknown Source)
	at TempTestSuite1654867643956.run(TempTestSuite1654867643956.groovy:36)
Caused by: com.kms.katalon.core.webui.exception.WebElementNotFoundException: Web element with id: 'Object Repository/1-OBJECTS TAREAS PRINCIPALES/Modulo Tarea Listado Hojas de Vida/Imprimir Hoja de Vida/a_Si' located by '//a[contains(text(),'Si')]' not found
	at com.kms.katalon.core.webui.common.WebUiCommonHelper.findWebElement(WebUiCommonHelper.java:1370)
	at com.kms.katalon.core.webui.keyword.internal.WebUIAbstractKeyword.findWebElement(WebUIAbstractKeyword.groovy:27)
	at com.kms.katalon.core.webui.keyword.builtin.ClickKeyword$_click_closure1.doCall(ClickKeyword.groovy:65)
	at com.kms.katalon.core.webui.keyword.builtin.ClickKeyword$_click_closure1.call(ClickKeyword.groovy)
	at com.kms.katalon.core.webui.keyword.internal.WebUIKeywordMain.runKeyword(WebUIKeywordMain.groovy:20)
	... 19 more


2022-06-10 08:28:14 - [TEST_STEP][PASSED] - callTestCase(findTestCase("1.1-Tareas Principales/Listado hojas de Vida"), [:], STOP_ON_FAILURE): Call Test Case 'Test Cases/1.1-Tareas Principales/Listado hojas de Vida' successfully

2022-06-10 08:28:14 - [TEST_CASE][PASSED] - Test Cases/1.1-Tareas Principales/Listado hojas de Vida: Test Cases/1.1-Tareas Principales/Listado hojas de Vida

2022-06-10 08:28:15 - [TEST_STEP][PASSED] - callTestCase(findTestCase("0.1-Login"), [:], STOP_ON_FAILURE): Call Test Case 'Test Cases/0.1-Login' successfully

2022-06-10 08:28:15 - [TEST_CASE][PASSED] - Test Cases/0.1-Login: Test Cases/0.1-Login

2022-06-10 08:28:15 - [TEST_STEP][PASSED] - openBrowser(""): Browser is opened with url: ''

2022-06-10 08:28:15 - [MESSAGE][INFO] - Starting 'Chrome' driver

2022-06-10 08:28:15 - [MESSAGE][INFO] - Action delay is set to 0 milliseconds

2022-06-10 08:28:16 - [MESSAGE][PASSED] - Browser is opened with url: ''

2022-06-10 08:28:16 - [TEST_STEP][PASSED] - maximizeWindow(): Current window maximized

2022-06-10 08:28:16 - [MESSAGE][PASSED] - Current window maximized

2022-06-10 08:28:16 - [TEST_STEP][PASSED] - i = G_Login: null

2022-06-10 08:28:16 - [TEST_STEP][PASSED] - url = new java.net.URL(i): null

2022-06-10 08:28:16 - [TEST_STEP][PASSED] - println("URL: " + url.toString()): null

2022-06-10 08:28:16 - [TEST_STEP][PASSED] - connection = url.openConnection(): null

2022-06-10 08:28:16 - [TEST_STEP][PASSED] - connection.setRequestMethod("GET"): null

2022-06-10 08:28:16 - [TEST_STEP][PASSED] - connection.setReadTimeout(2 * 1000): null

2022-06-10 08:28:16 - [TEST_STEP][PASSED] - try: null

2022-06-10 08:28:16 - [TEST_STEP][PASSED] - connection.connect(): null

2022-06-10 08:28:16 - [TEST_STEP][PASSED] - flag = connected: null

2022-06-10 08:28:16 - [TEST_STEP][PASSED] - println("Valor_ori: " + flag): null

2022-06-10 08:28:16 - [TEST_STEP][PASSED] - if (flag): null

2022-06-10 08:28:16 - [TEST_STEP][PASSED] - navigateToUrl(i): Navigate to 'http://192.168.2.19:8380/saraweb' successfully

2022-06-10 08:28:17 - [MESSAGE][PASSED] - Navigate to 'http://192.168.2.19:8380/saraweb' successfully

2022-06-10 08:28:17 - [TEST_STEP][PASSED] - a(): null

2022-06-10 08:28:17 - [TEST_STEP][PASSED] - setText(findTestObject("3-OBJECTS UTILIDADES/Login/input_USUARIO_loginusuario"), G_Usuario): Text 'saraadmin' is set on object 'Object Repository/3-OBJECTS UTILIDADES/Login/input_USUARIO_loginusuario'

2022-06-10 08:28:18 - [MESSAGE][PASSED] - Text 'saraadmin' is set on object 'Object Repository/3-OBJECTS UTILIDADES/Login/input_USUARIO_loginusuario'

2022-06-10 08:28:18 - [TEST_STEP][PASSED] - setEncryptedText(findTestObject("3-OBJECTS UTILIDADES/Login/input_CLAVE_loginpassword"), "MkG4/TYiCFC3cb2driP7+Q=="): Text ****** has been set on object 'Object Repository/3-OBJECTS UTILIDADES/Login/input_CLAVE_loginpassword'

2022-06-10 08:28:18 - [MESSAGE][PASSED] - Text ****** has been set on object 'Object Repository/3-OBJECTS UTILIDADES/Login/input_CLAVE_loginpassword'

2022-06-10 08:28:18 - [TEST_STEP][PASSED] - waitForElementClickable(findTestObject("3-OBJECTS UTILIDADES/Login/a_Ingresar"), G_TimeOut): Object 'Object Repository/3-OBJECTS UTILIDADES/Login/a_Ingresar' is clickable

2022-06-10 08:28:19 - [MESSAGE][PASSED] - Object 'Object Repository/3-OBJECTS UTILIDADES/Login/a_Ingresar' is clickable

2022-06-10 08:28:19 - [TEST_STEP][PASSED] - click(findTestObject("3-OBJECTS UTILIDADES/Login/a_Ingresar")): Object: 'Object Repository/3-OBJECTS UTILIDADES/Login/a_Ingresar' is clicked on

2022-06-10 08:28:21 - [MESSAGE][PASSED] - Object: 'Object Repository/3-OBJECTS UTILIDADES/Login/a_Ingresar' is clicked on

2022-06-10 08:28:21 - [TEST_STEP][PASSED] - element = findWebElement(findTestObject("3-OBJECTS UTILIDADES/Login/a_Ir"), 30): null

2022-06-10 08:28:21 - [TEST_STEP][PASSED] - executeJavaScript("arguments[0].click()", Arrays.asList(element)): Execute JavaScript 'arguments[0].click()' successfully

2022-06-10 08:28:21 - [MESSAGE][PASSED] - Execute JavaScript 'arguments[0].click()' successfully

2022-06-10 08:28:21 - [MESSAGE][PASSED] - Call Test Case 'Test Cases/0.1-Login' successfully

2022-06-10 08:28:21 - [TEST_STEP][PASSED] - waitForElementClickable(findTestObject("1-OBJECTS TAREAS PRINCIPALES/Modulo Tarea Listado Hojas de Vida/Tareas Listado Hojas de Vida/input_Listado Hojas De Vida_form_templatej_idt24_input"), G_TimeOut): Object 'Object Repository/1-OBJECTS TAREAS PRINCIPALES/Modulo Tarea Listado Hojas de Vida/Tareas Listado Hojas de Vida/input_Listado Hojas De Vida_form_templatej_idt24_input' is clickable

2022-06-10 08:28:22 - [MESSAGE][PASSED] - Object 'Object Repository/1-OBJECTS TAREAS PRINCIPALES/Modulo Tarea Listado Hojas de Vida/Tareas Listado Hojas de Vida/input_Listado Hojas De Vida_form_templatej_idt24_input' is clickable

2022-06-10 08:28:22 - [TEST_STEP][PASSED] - setText(findTestObject("1-OBJECTS TAREAS PRINCIPALES/Modulo Tarea Listado Hojas de Vida/Tareas Listado Hojas de Vida/input_Listado Hojas De Vida_form_templatej_idt24_input"), "Listado Hojas de Vida (hoj)"): Text 'Listado Hojas de Vida (hoj)' is set on object 'Object Repository/1-OBJECTS TAREAS PRINCIPALES/Modulo Tarea Listado Hojas de Vida/Tareas Listado Hojas de Vida/input_Listado Hojas De Vida_form_templatej_idt24_input'

2022-06-10 08:28:23 - [MESSAGE][PASSED] - Text 'Listado Hojas de Vida (hoj)' is set on object 'Object Repository/1-OBJECTS TAREAS PRINCIPALES/Modulo Tarea Listado Hojas de Vida/Tareas Listado Hojas de Vida/input_Listado Hojas De Vida_form_templatej_idt24_input'

2022-06-10 08:28:23 - [TEST_STEP][PASSED] - waitForElementVisible(findTestObject("1-OBJECTS TAREAS PRINCIPALES/Modulo Tarea Listado Hojas de Vida/Tareas Listado Hojas de Vida/span_Listado Hojas de Vida (hoj)"), 0): Object 'Object Repository/1-OBJECTS TAREAS PRINCIPALES/Modulo Tarea Listado Hojas de Vida/Tareas Listado Hojas de Vida/span_Listado Hojas de Vida (hoj)' is visible

2022-06-10 08:28:23 - [MESSAGE][WARNING] - Timeout '0' is invalid. Using default page load timeout: '37'

2022-06-10 08:28:24 - [MESSAGE][PASSED] - Object 'Object Repository/1-OBJECTS TAREAS PRINCIPALES/Modulo Tarea Listado Hojas de Vida/Tareas Listado Hojas de Vida/span_Listado Hojas de Vida (hoj)' is visible

2022-06-10 08:28:24 - [TEST_STEP][PASSED] - click(findTestObject("1-OBJECTS TAREAS PRINCIPALES/Modulo Tarea Listado Hojas de Vida/Tareas Listado Hojas de Vida/span_Listado Hojas de Vida (hoj)")): Object: 'Object Repository/1-OBJECTS TAREAS PRINCIPALES/Modulo Tarea Listado Hojas de Vida/Tareas Listado Hojas de Vida/span_Listado Hojas de Vida (hoj)' is clicked on

2022-06-10 08:28:24 - [MESSAGE][PASSED] - Object: 'Object Repository/1-OBJECTS TAREAS PRINCIPALES/Modulo Tarea Listado Hojas de Vida/Tareas Listado Hojas de Vida/span_Listado Hojas de Vida (hoj)' is clicked on

2022-06-10 08:28:24 - [MESSAGE][PASSED] - Call Test Case 'Test Cases/1.1-Tareas Principales/Listado hojas de Vida' successfully

2022-06-10 08:28:24 - [TEST_STEP][PASSED] - waitForElementClickable(findTestObject("1-OBJECTS TAREAS PRINCIPALES/Modulo Tarea Listado Hojas de Vida/Imprimir Hoja de Vida/input_Identificacin_listado_hojaVidaj_idt62"), G_TimeOut): Object 'Object Repository/1-OBJECTS TAREAS PRINCIPALES/Modulo Tarea Listado Hojas de Vida/Imprimir Hoja de Vida/input_Identificacin_listado_hojaVidaj_idt62' is clickable

2022-06-10 08:28:26 - [MESSAGE][PASSED] - Object 'Object Repository/1-OBJECTS TAREAS PRINCIPALES/Modulo Tarea Listado Hojas de Vida/Imprimir Hoja de Vida/input_Identificacin_listado_hojaVidaj_idt62' is clickable

2022-06-10 08:28:26 - [TEST_STEP][PASSED] - setText(findTestObject("1-OBJECTS TAREAS PRINCIPALES/Modulo Tarea Listado Hojas de Vida/Imprimir Hoja de Vida/input_Identificacin_listado_hojaVidaj_idt62"), "355682169"): Text '355682169' is set on object 'Object Repository/1-OBJECTS TAREAS PRINCIPALES/Modulo Tarea Listado Hojas de Vida/Imprimir Hoja de Vida/input_Identificacin_listado_hojaVidaj_idt62'

2022-06-10 08:28:26 - [MESSAGE][PASSED] - Text '355682169' is set on object 'Object Repository/1-OBJECTS TAREAS PRINCIPALES/Modulo Tarea Listado Hojas de Vida/Imprimir Hoja de Vida/input_Identificacin_listado_hojaVidaj_idt62'

2022-06-10 08:28:26 - [TEST_STEP][PASSED] - sendKeys(findTestObject("1-OBJECTS TAREAS PRINCIPALES/Modulo Tarea Listado Hojas de Vida/Imprimir Hoja de Vida/input_Identificacin_listado_hojaVidaj_idt62"), Keys.chord(ENTER)): Keys 'ENTER + ' sent to object: 'Object Repository/1-OBJECTS TAREAS PRINCIPALES/Modulo Tarea Listado Hojas de Vida/Imprimir Hoja de Vida/input_Identificacin_listado_hojaVidaj_idt62'

2022-06-10 08:28:27 - [MESSAGE][PASSED] - Keys 'ENTER + ' sent to object: 'Object Repository/1-OBJECTS TAREAS PRINCIPALES/Modulo Tarea Listado Hojas de Vida/Imprimir Hoja de Vida/input_Identificacin_listado_hojaVidaj_idt62'

2022-06-10 08:28:27 - [TEST_STEP][PASSED] - waitForElementClickable(findTestObject("1-OBJECTS TAREAS PRINCIPALES/Modulo Tarea Listado Hojas de Vida/Imprimir Hoja de Vida/td_355682169"), G_TimeOut): Object 'Object Repository/1-OBJECTS TAREAS PRINCIPALES/Modulo Tarea Listado Hojas de Vida/Imprimir Hoja de Vida/td_355682169' is clickable

2022-06-10 08:28:27 - [MESSAGE][PASSED] - Object 'Object Repository/1-OBJECTS TAREAS PRINCIPALES/Modulo Tarea Listado Hojas de Vida/Imprimir Hoja de Vida/td_355682169' is clickable

2022-06-10 08:28:27 - [TEST_STEP][PASSED] - click(findTestObject("1-OBJECTS TAREAS PRINCIPALES/Modulo Tarea Listado Hojas de Vida/Imprimir Hoja de Vida/td_355682169")): Object: 'Object Repository/1-OBJECTS TAREAS PRINCIPALES/Modulo Tarea Listado Hojas de Vida/Imprimir Hoja de Vida/td_355682169' is clicked on

2022-06-10 08:28:28 - [MESSAGE][PASSED] - Object: 'Object Repository/1-OBJECTS TAREAS PRINCIPALES/Modulo Tarea Listado Hojas de Vida/Imprimir Hoja de Vida/td_355682169' is clicked on

2022-06-10 08:28:28 - [TEST_STEP][PASSED] - waitForElementClickable(findTestObject("1-OBJECTS TAREAS PRINCIPALES/Modulo Tarea Listado Hojas de Vida/Imprimir Hoja de Vida/a_Imprimir"), G_TimeOut): Object 'Object Repository/1-OBJECTS TAREAS PRINCIPALES/Modulo Tarea Listado Hojas de Vida/Imprimir Hoja de Vida/a_Imprimir' is clickable

2022-06-10 08:28:29 - [MESSAGE][PASSED] - Object 'Object Repository/1-OBJECTS TAREAS PRINCIPALES/Modulo Tarea Listado Hojas de Vida/Imprimir Hoja de Vida/a_Imprimir' is clickable

2022-06-10 08:28:29 - [TEST_STEP][PASSED] - click(findTestObject("1-OBJECTS TAREAS PRINCIPALES/Modulo Tarea Listado Hojas de Vida/Imprimir Hoja de Vida/a_Imprimir")): Object: 'Object Repository/1-OBJECTS TAREAS PRINCIPALES/Modulo Tarea Listado Hojas de Vida/Imprimir Hoja de Vida/a_Imprimir' is clicked on

2022-06-10 08:28:29 - [MESSAGE][PASSED] - Object: 'Object Repository/1-OBJECTS TAREAS PRINCIPALES/Modulo Tarea Listado Hojas de Vida/Imprimir Hoja de Vida/a_Imprimir' is clicked on

2022-06-10 08:28:29 - [TEST_STEP][PASSED] - waitForElementClickable(findTestObject("1-OBJECTS TAREAS PRINCIPALES/Modulo Tarea Listado Hojas de Vida/Imprimir Hoja de Vida/a_Si"), G_TimeOut): Web element with id: 'Object Repository/1-OBJECTS TAREAS PRINCIPALES/Modulo Tarea Listado Hojas de Vida/Imprimir Hoja de Vida/a_Si' located by '//a[contains(text(),'Si')]' not found

2022-06-10 08:28:40 - [MESSAGE][INFO] - Unable to find the element located by 'By.xpath: //a[contains(text(),'Si')]'. Please recheck the objects properties to make sure the desired element is located. 

2022-06-10 08:28:40 - [MESSAGE][WARNING] - Web element with id: 'Object Repository/1-OBJECTS TAREAS PRINCIPALES/Modulo Tarea Listado Hojas de Vida/Imprimir Hoja de Vida/a_Si' located by '//a[contains(text(),'Si')]' not found

2022-06-10 08:28:40 - [TEST_STEP][FAILED] - click(findTestObject("1-OBJECTS TAREAS PRINCIPALES/Modulo Tarea Listado Hojas de Vida/Imprimir Hoja de Vida/a_Si")): Unable to click on object 'Object Repository/1-OBJECTS TAREAS PRINCIPALES/Modulo Tarea Listado Hojas de Vida/Imprimir Hoja de Vida/a_Si' (Root cause: com.kms.katalon.core.exception.StepFailedException: Unable to click on object 'Object Repository/1-OBJECTS TAREAS PRINCIPALES/Modulo Tarea Listado Hojas de Vida/Imprimir Hoja de Vida/a_Si'
	at com.kms.katalon.core.webui.keyword.internal.WebUIKeywordMain.stepFailed(WebUIKeywordMain.groovy:64)
	at com.kms.katalon.core.webui.keyword.internal.WebUIKeywordMain.runKeyword(WebUIKeywordMain.groovy:26)
	at com.kms.katalon.core.webui.keyword.builtin.ClickKeyword.click(ClickKeyword.groovy:74)
	at com.kms.katalon.core.webui.keyword.builtin.ClickKeyword.execute(ClickKeyword.groovy:40)
	at com.kms.katalon.core.keyword.internal.KeywordExecutor.executeKeywordForPlatform(KeywordExecutor.groovy:74)
	at com.kms.katalon.core.webui.keyword.WebUiBuiltInKeywords.click(WebUiBuiltInKeywords.groovy:620)
	at com.kms.katalon.core.webui.keyword.WebUiBuiltInKeywords$click$5.call(Unknown Source)
	at Listado hojas de Vida.run(Listado hojas de Vida:43)
	at com.kms.katalon.core.main.ScriptEngine.run(ScriptEngine.java:194)
	at com.kms.katalon.core.main.ScriptEngine.runScriptAsRawText(ScriptEngine.java:119)
	at com.kms.katalon.core.main.TestCaseExecutor.runScript(TestCaseExecutor.java:445)
	at com.kms.katalon.core.main.TestCaseExecutor.doExecute(TestCaseExecutor.java:436)
	at com.kms.katalon.core.main.TestCaseExecutor.processExecutionPhase(TestCaseExecutor.java:415)
	at com.kms.katalon.core.main.TestCaseExecutor.accessMainPhase(TestCaseExecutor.java:407)
	at com.kms.katalon.core.main.TestCaseExecutor.execute(TestCaseExecutor.java:284)
	at com.kms.katalon.core.common.CommonExecutor.accessTestCaseMainPhase(CommonExecutor.java:65)
	at com.kms.katalon.core.main.TestSuiteExecutor.accessTestSuiteMainPhase(TestSuiteExecutor.java:144)
	at com.kms.katalon.core.main.TestSuiteExecutor.execute(TestSuiteExecutor.java:106)
	at com.kms.katalon.core.main.TestCaseMain.startTestSuite(TestCaseMain.java:185)
	at com.kms.katalon.core.main.TestCaseMain$startTestSuite$0.call(Unknown Source)
	at TempTestSuite1654867643956.run(TempTestSuite1654867643956.groovy:36)
Caused by: com.kms.katalon.core.webui.exception.WebElementNotFoundException: Web element with id: 'Object Repository/1-OBJECTS TAREAS PRINCIPALES/Modulo Tarea Listado Hojas de Vida/Imprimir Hoja de Vida/a_Si' located by '//a[contains(text(),'Si')]' not found
	at com.kms.katalon.core.webui.common.WebUiCommonHelper.findWebElement(WebUiCommonHelper.java:1370)
	at com.kms.katalon.core.webui.keyword.internal.WebUIAbstractKeyword.findWebElement(WebUIAbstractKeyword.groovy:27)
	at com.kms.katalon.core.webui.keyword.builtin.ClickKeyword$_click_closure1.doCall(ClickKeyword.groovy:65)
	at com.kms.katalon.core.webui.keyword.builtin.ClickKeyword$_click_closure1.call(ClickKeyword.groovy)
	at com.kms.katalon.core.webui.keyword.internal.WebUIKeywordMain.runKeyword(WebUIKeywordMain.groovy:20)
	at com.kms.katalon.core.webui.keyword.builtin.ClickKeyword.click(ClickKeyword.groovy:74)
	at com.kms.katalon.core.webui.keyword.builtin.ClickKeyword.execute(ClickKeyword.groovy:40)
	at com.kms.katalon.core.keyword.internal.KeywordExecutor.executeKeywordForPlatform(KeywordExecutor.groovy:74)
	at com.kms.katalon.core.webui.keyword.WebUiBuiltInKeywords.click(WebUiBuiltInKeywords.groovy:620)
	at com.kms.katalon.core.webui.keyword.WebUiBuiltInKeywords$click$5.call(Unknown Source)
	at Script1548856449435.run(Script1548856449435.groovy:43)
	... 13 more
)

2022-06-10 08:29:19 - [MESSAGE][INFO] - Unable to find the element located by 'By.xpath: //a[contains(text(),'Si')]'. Please recheck the objects properties to make sure the desired element is located. 

2022-06-10 08:29:19 - [MESSAGE][FAILED] - Unable to click on object 'Object Repository/1-OBJECTS TAREAS PRINCIPALES/Modulo Tarea Listado Hojas de Vida/Imprimir Hoja de Vida/a_Si' (Root cause: com.kms.katalon.core.exception.StepFailedException: Unable to click on object 'Object Repository/1-OBJECTS TAREAS PRINCIPALES/Modulo Tarea Listado Hojas de Vida/Imprimir Hoja de Vida/a_Si'
	at com.kms.katalon.core.webui.keyword.internal.WebUIKeywordMain.stepFailed(WebUIKeywordMain.groovy:64)
	at com.kms.katalon.core.webui.keyword.internal.WebUIKeywordMain.runKeyword(WebUIKeywordMain.groovy:26)
	at com.kms.katalon.core.webui.keyword.builtin.ClickKeyword.click(ClickKeyword.groovy:74)
	at com.kms.katalon.core.webui.keyword.builtin.ClickKeyword.execute(ClickKeyword.groovy:40)
	at com.kms.katalon.core.keyword.internal.KeywordExecutor.executeKeywordForPlatform(KeywordExecutor.groovy:74)
	at com.kms.katalon.core.webui.keyword.WebUiBuiltInKeywords.click(WebUiBuiltInKeywords.groovy:620)
	at com.kms.katalon.core.webui.keyword.WebUiBuiltInKeywords$click$5.call(Unknown Source)
	at Listado hojas de Vida.run(Listado hojas de Vida:43)
	at com.kms.katalon.core.main.ScriptEngine.run(ScriptEngine.java:194)
	at com.kms.katalon.core.main.ScriptEngine.runScriptAsRawText(ScriptEngine.java:119)
	at com.kms.katalon.core.main.TestCaseExecutor.runScript(TestCaseExecutor.java:445)
	at com.kms.katalon.core.main.TestCaseExecutor.doExecute(TestCaseExecutor.java:436)
	at com.kms.katalon.core.main.TestCaseExecutor.processExecutionPhase(TestCaseExecutor.java:415)
	at com.kms.katalon.core.main.TestCaseExecutor.accessMainPhase(TestCaseExecutor.java:407)
	at com.kms.katalon.core.main.TestCaseExecutor.execute(TestCaseExecutor.java:284)
	at com.kms.katalon.core.common.CommonExecutor.accessTestCaseMainPhase(CommonExecutor.java:65)
	at com.kms.katalon.core.main.TestSuiteExecutor.accessTestSuiteMainPhase(TestSuiteExecutor.java:144)
	at com.kms.katalon.core.main.TestSuiteExecutor.execute(TestSuiteExecutor.java:106)
	at com.kms.katalon.core.main.TestCaseMain.startTestSuite(TestCaseMain.java:185)
	at com.kms.katalon.core.main.TestCaseMain$startTestSuite$0.call(Unknown Source)
	at TempTestSuite1654867643956.run(TempTestSuite1654867643956.groovy:36)
Caused by: com.kms.katalon.core.webui.exception.WebElementNotFoundException: Web element with id: 'Object Repository/1-OBJECTS TAREAS PRINCIPALES/Modulo Tarea Listado Hojas de Vida/Imprimir Hoja de Vida/a_Si' located by '//a[contains(text(),'Si')]' not found
	at com.kms.katalon.core.webui.common.WebUiCommonHelper.findWebElement(WebUiCommonHelper.java:1370)
	at com.kms.katalon.core.webui.keyword.internal.WebUIAbstractKeyword.findWebElement(WebUIAbstractKeyword.groovy:27)
	at com.kms.katalon.core.webui.keyword.builtin.ClickKeyword$_click_closure1.doCall(ClickKeyword.groovy:65)
	at com.kms.katalon.core.webui.keyword.builtin.ClickKeyword$_click_closure1.call(ClickKeyword.groovy)
	at com.kms.katalon.core.webui.keyword.internal.WebUIKeywordMain.runKeyword(WebUIKeywordMain.groovy:20)
	at com.kms.katalon.core.webui.keyword.builtin.ClickKeyword.click(ClickKeyword.groovy:74)
	at com.kms.katalon.core.webui.keyword.builtin.ClickKeyword.execute(ClickKeyword.groovy:40)
	at com.kms.katalon.core.keyword.internal.KeywordExecutor.executeKeywordForPlatform(KeywordExecutor.groovy:74)
	at com.kms.katalon.core.webui.keyword.WebUiBuiltInKeywords.click(WebUiBuiltInKeywords.groovy:620)
	at com.kms.katalon.core.webui.keyword.WebUiBuiltInKeywords$click$5.call(Unknown Source)
	at Script1548856449435.run(Script1548856449435.groovy:43)
	... 13 more
)
[[ATTACHMENT|C:\\Users\\diego.rojas\\git\\Pruebas-Minimas\\Reports\\20220610_082723\\Test_Suite_Principales\\1-Tareas Principales\\20220610_082723\\1654867759271.png]]]]></system-out>
         <system-err><![CDATA[2022-06-10 08:28:14 - [TEST_CASE][FAILED] - Test Cases/1.1-Tareas Principales/1.1.2-Imprimir Hoja de Vida: Test Cases/1.1-Tareas Principales/1.1.2-Imprimir Hoja de Vida FAILED.
Reason:
com.kms.katalon.core.exception.StepFailedException: Unable to click on object 'Object Repository/1-OBJECTS TAREAS PRINCIPALES/Modulo Tarea Listado Hojas de Vida/Imprimir Hoja de Vida/a_Si'
	at com.kms.katalon.core.webui.keyword.internal.WebUIKeywordMain.stepFailed(WebUIKeywordMain.groovy:64)
	at com.kms.katalon.core.webui.keyword.internal.WebUIKeywordMain.runKeyword(WebUIKeywordMain.groovy:26)
	at com.kms.katalon.core.webui.keyword.builtin.ClickKeyword.click(ClickKeyword.groovy:74)
	at com.kms.katalon.core.webui.keyword.builtin.ClickKeyword.execute(ClickKeyword.groovy:40)
	at com.kms.katalon.core.keyword.internal.KeywordExecutor.executeKeywordForPlatform(KeywordExecutor.groovy:74)
	at com.kms.katalon.core.webui.keyword.WebUiBuiltInKeywords.click(WebUiBuiltInKeywords.groovy:620)
	at com.kms.katalon.core.webui.keyword.WebUiBuiltInKeywords$click$5.call(Unknown Source)
	at Listado hojas de Vida.run(Listado hojas de Vida:43)
	at com.kms.katalon.core.main.ScriptEngine.run(ScriptEngine.java:194)
	at com.kms.katalon.core.main.ScriptEngine.runScriptAsRawText(ScriptEngine.java:119)
	at com.kms.katalon.core.main.TestCaseExecutor.runScript(TestCaseExecutor.java:445)
	at com.kms.katalon.core.main.TestCaseExecutor.doExecute(TestCaseExecutor.java:436)
	at com.kms.katalon.core.main.TestCaseExecutor.processExecutionPhase(TestCaseExecutor.java:415)
	at com.kms.katalon.core.main.TestCaseExecutor.accessMainPhase(TestCaseExecutor.java:407)
	at com.kms.katalon.core.main.TestCaseExecutor.execute(TestCaseExecutor.java:284)
	at com.kms.katalon.core.common.CommonExecutor.accessTestCaseMainPhase(CommonExecutor.java:65)
	at com.kms.katalon.core.main.TestSuiteExecutor.accessTestSuiteMainPhase(TestSuiteExecutor.java:144)
	at com.kms.katalon.core.main.TestSuiteExecutor.execute(TestSuiteExecutor.java:106)
	at com.kms.katalon.core.main.TestCaseMain.startTestSuite(TestCaseMain.java:185)
	at com.kms.katalon.core.main.TestCaseMain$startTestSuite$0.call(Unknown Source)
	at TempTestSuite1654867643956.run(TempTestSuite1654867643956.groovy:36)
Caused by: com.kms.katalon.core.webui.exception.WebElementNotFoundException: Web element with id: 'Object Repository/1-OBJECTS TAREAS PRINCIPALES/Modulo Tarea Listado Hojas de Vida/Imprimir Hoja de Vida/a_Si' located by '//a[contains(text(),'Si')]' not found
	at com.kms.katalon.core.webui.common.WebUiCommonHelper.findWebElement(WebUiCommonHelper.java:1370)
	at com.kms.katalon.core.webui.keyword.internal.WebUIAbstractKeyword.findWebElement(WebUIAbstractKeyword.groovy:27)
	at com.kms.katalon.core.webui.keyword.builtin.ClickKeyword$_click_closure1.doCall(ClickKeyword.groovy:65)
	at com.kms.katalon.core.webui.keyword.builtin.ClickKeyword$_click_closure1.call(ClickKeyword.groovy)
	at com.kms.katalon.core.webui.keyword.internal.WebUIKeywordMain.runKeyword(WebUIKeywordMain.groovy:20)
	... 19 more]]></system-err>
      </testcase>
      <testcase name="Test Cases/1.1-Tareas Principales/1.1.3-Elaboracion Acto Cambio del Empleado y derogacion" time="101.964" classname="Test Cases/1.1-Tareas Principales/1.1.3-Elaboracion Acto Cambio del Empleado y derogacion" status="FAILED">
         <failure type="FAILED" message="Test Cases/1.1-Tareas Principales/1.1.3-Elaboracion Acto Cambio del Empleado y derogacion FAILED.
Reason:
com.kms.katalon.core.exception.StepFailedException: Call Test Case 'Test Cases/Utilidades-(atajos_para _tareas)/Tareas Actos Administrativos/Acto Cambio del Empleado' failed
	at com.kms.katalon.core.keyword.builtin.CallTestCaseKeyword$_callTestCase_closure1.doCall(CallTestCaseKeyword.groovy:63)
	at com.kms.katalon.core.keyword.builtin.CallTestCaseKeyword$_callTestCase_closure1.call(CallTestCaseKeyword.groovy)
	at com.kms.katalon.core.keyword.internal.KeywordMain.runKeyword(KeywordMain.groovy:74)
	at com.kms.katalon.core.keyword.builtin.CallTestCaseKeyword.callTestCase(CallTestCaseKeyword.groovy:81)
	at com.kms.katalon.core.keyword.builtin.CallTestCaseKeyword.execute(CallTestCaseKeyword.groovy:44)
	at com.kms.katalon.core.keyword.internal.KeywordExecutor.executeKeywordForPlatform(KeywordExecutor.groovy:74)
	at com.kms.katalon.core.keyword.BuiltinKeywords.callTestCase(BuiltinKeywords.groovy:334)
	at 1.1.3-Elaboracion Acto Cambio del Empleado y derogacion.run(1.1.3-Elaboracion Acto Cambio del Empleado y derogacion:20)
	at com.kms.katalon.core.main.ScriptEngine.run(ScriptEngine.java:194)
	at com.kms.katalon.core.main.ScriptEngine.runScriptAsRawText(ScriptEngine.java:119)
	at com.kms.katalon.core.main.TestCaseExecutor.runScript(TestCaseExecutor.java:445)
	at com.kms.katalon.core.main.TestCaseExecutor.doExecute(TestCaseExecutor.java:436)
	at com.kms.katalon.core.main.TestCaseExecutor.processExecutionPhase(TestCaseExecutor.java:415)
	at com.kms.katalon.core.main.TestCaseExecutor.accessMainPhase(TestCaseExecutor.java:407)
	at com.kms.katalon.core.main.TestCaseExecutor.execute(TestCaseExecutor.java:284)
	at com.kms.katalon.core.common.CommonExecutor.accessTestCaseMainPhase(CommonExecutor.java:65)
	at com.kms.katalon.core.main.TestSuiteExecutor.accessTestSuiteMainPhase(TestSuiteExecutor.java:144)
	at com.kms.katalon.core.main.TestSuiteExecutor.execute(TestSuiteExecutor.java:106)
	at com.kms.katalon.core.main.TestCaseMain.startTestSuite(TestCaseMain.java:185)
	at com.kms.katalon.core.main.TestCaseMain$startTestSuite$0.call(Unknown Source)
	at TempTestSuite1654867643956.run(TempTestSuite1654867643956.groovy:36)
Caused by: com.kms.katalon.core.exception.StepFailedException: Unable to click on object 'Object Repository/1-OBJECTS TAREAS PRINCIPALES/Modulo Tarea Actos Administrativos/Acto Cambio Empleado/span_ingreso definitivo indefinido salario basico'
	at com.kms.katalon.core.webui.keyword.internal.WebUIKeywordMain.stepFailed(WebUIKeywordMain.groovy:64)
	at com.kms.katalon.core.webui.keyword.internal.WebUIKeywordMain.runKeyword(WebUIKeywordMain.groovy:26)
	at com.kms.katalon.core.webui.keyword.builtin.ClickKeyword.click(ClickKeyword.groovy:74)
	at com.kms.katalon.core.webui.keyword.builtin.ClickKeyword.execute(ClickKeyword.groovy:40)
	at com.kms.katalon.core.keyword.internal.KeywordExecutor.executeKeywordForPlatform(KeywordExecutor.groovy:74)
	at com.kms.katalon.core.webui.keyword.WebUiBuiltInKeywords.click(WebUiBuiltInKeywords.groovy:620)
	at com.kms.katalon.core.webui.keyword.WebUiBuiltInKeywords$click$5.call(Unknown Source)
	at Acto Cambio del Empleado.run(Acto Cambio del Empleado:43)
	at com.kms.katalon.core.main.ScriptEngine.run(ScriptEngine.java:194)
	at com.kms.katalon.core.main.ScriptEngine.runScriptAsRawText(ScriptEngine.java:119)
	at com.kms.katalon.core.main.TestCaseExecutor.runScript(TestCaseExecutor.java:445)
	at com.kms.katalon.core.main.TestCaseExecutor.doExecute(TestCaseExecutor.java:436)
	at com.kms.katalon.core.main.TestCaseExecutor.processExecutionPhase(TestCaseExecutor.java:415)
	at com.kms.katalon.core.main.TestCaseExecutor.accessMainPhase(TestCaseExecutor.java:407)
	at com.kms.katalon.core.main.TestCaseExecutor.execute(TestCaseExecutor.java:284)
	at com.kms.katalon.core.main.TestCaseMain.runTestCase(TestCaseMain.java:142)
	at com.kms.katalon.core.keyword.builtin.CallTestCaseKeyword$_callTestCase_closure1.doCall(CallTestCaseKeyword.groovy:59)
	... 20 more
Caused by: com.kms.katalon.core.webui.exception.WebElementNotFoundException: Web element with id: 'Object Repository/1-OBJECTS TAREAS PRINCIPALES/Modulo Tarea Actos Administrativos/Acto Cambio Empleado/span_ingreso definitivo indefinido salario basico' located by '//li[19]/span/span[3]/div/a/span' not found
	at com.kms.katalon.core.webui.common.WebUiCommonHelper.findWebElement(WebUiCommonHelper.java:1370)
	at com.kms.katalon.core.webui.keyword.internal.WebUIAbstractKeyword.findWebElement(WebUIAbstractKeyword.groovy:27)
	at com.kms.katalon.core.webui.keyword.builtin.ClickKeyword$_click_closure1.doCall(ClickKeyword.groovy:65)
	at com.kms.katalon.core.webui.keyword.builtin.ClickKeyword$_click_closure1.call(ClickKeyword.groovy)
	at com.kms.katalon.core.webui.keyword.internal.WebUIKeywordMain.runKeyword(WebUIKeywordMain.groovy:20)
	... 35 more
"/>
         <system-out><![CDATA[2022-06-10 08:29:19 - [TEST_CASE][FAILED] - Test Cases/1.1-Tareas Principales/1.1.3-Elaboracion Acto Cambio del Empleado y derogacion: Test Cases/1.1-Tareas Principales/1.1.3-Elaboracion Acto Cambio del Empleado y derogacion FAILED.
Reason:
com.kms.katalon.core.exception.StepFailedException: Call Test Case 'Test Cases/Utilidades-(atajos_para _tareas)/Tareas Actos Administrativos/Acto Cambio del Empleado' failed
	at com.kms.katalon.core.keyword.builtin.CallTestCaseKeyword$_callTestCase_closure1.doCall(CallTestCaseKeyword.groovy:63)
	at com.kms.katalon.core.keyword.builtin.CallTestCaseKeyword$_callTestCase_closure1.call(CallTestCaseKeyword.groovy)
	at com.kms.katalon.core.keyword.internal.KeywordMain.runKeyword(KeywordMain.groovy:74)
	at com.kms.katalon.core.keyword.builtin.CallTestCaseKeyword.callTestCase(CallTestCaseKeyword.groovy:81)
	at com.kms.katalon.core.keyword.builtin.CallTestCaseKeyword.execute(CallTestCaseKeyword.groovy:44)
	at com.kms.katalon.core.keyword.internal.KeywordExecutor.executeKeywordForPlatform(KeywordExecutor.groovy:74)
	at com.kms.katalon.core.keyword.BuiltinKeywords.callTestCase(BuiltinKeywords.groovy:334)
	at 1.1.3-Elaboracion Acto Cambio del Empleado y derogacion.run(1.1.3-Elaboracion Acto Cambio del Empleado y derogacion:20)
	at com.kms.katalon.core.main.ScriptEngine.run(ScriptEngine.java:194)
	at com.kms.katalon.core.main.ScriptEngine.runScriptAsRawText(ScriptEngine.java:119)
	at com.kms.katalon.core.main.TestCaseExecutor.runScript(TestCaseExecutor.java:445)
	at com.kms.katalon.core.main.TestCaseExecutor.doExecute(TestCaseExecutor.java:436)
	at com.kms.katalon.core.main.TestCaseExecutor.processExecutionPhase(TestCaseExecutor.java:415)
	at com.kms.katalon.core.main.TestCaseExecutor.accessMainPhase(TestCaseExecutor.java:407)
	at com.kms.katalon.core.main.TestCaseExecutor.execute(TestCaseExecutor.java:284)
	at com.kms.katalon.core.common.CommonExecutor.accessTestCaseMainPhase(CommonExecutor.java:65)
	at com.kms.katalon.core.main.TestSuiteExecutor.accessTestSuiteMainPhase(TestSuiteExecutor.java:144)
	at com.kms.katalon.core.main.TestSuiteExecutor.execute(TestSuiteExecutor.java:106)
	at com.kms.katalon.core.main.TestCaseMain.startTestSuite(TestCaseMain.java:185)
	at com.kms.katalon.core.main.TestCaseMain$startTestSuite$0.call(Unknown Source)
	at TempTestSuite1654867643956.run(TempTestSuite1654867643956.groovy:36)
Caused by: com.kms.katalon.core.exception.StepFailedException: Unable to click on object 'Object Repository/1-OBJECTS TAREAS PRINCIPALES/Modulo Tarea Actos Administrativos/Acto Cambio Empleado/span_ingreso definitivo indefinido salario basico'
	at com.kms.katalon.core.webui.keyword.internal.WebUIKeywordMain.stepFailed(WebUIKeywordMain.groovy:64)
	at com.kms.katalon.core.webui.keyword.internal.WebUIKeywordMain.runKeyword(WebUIKeywordMain.groovy:26)
	at com.kms.katalon.core.webui.keyword.builtin.ClickKeyword.click(ClickKeyword.groovy:74)
	at com.kms.katalon.core.webui.keyword.builtin.ClickKeyword.execute(ClickKeyword.groovy:40)
	at com.kms.katalon.core.keyword.internal.KeywordExecutor.executeKeywordForPlatform(KeywordExecutor.groovy:74)
	at com.kms.katalon.core.webui.keyword.WebUiBuiltInKeywords.click(WebUiBuiltInKeywords.groovy:620)
	at com.kms.katalon.core.webui.keyword.WebUiBuiltInKeywords$click$5.call(Unknown Source)
	at Acto Cambio del Empleado.run(Acto Cambio del Empleado:43)
	at com.kms.katalon.core.main.ScriptEngine.run(ScriptEngine.java:194)
	at com.kms.katalon.core.main.ScriptEngine.runScriptAsRawText(ScriptEngine.java:119)
	at com.kms.katalon.core.main.TestCaseExecutor.runScript(TestCaseExecutor.java:445)
	at com.kms.katalon.core.main.TestCaseExecutor.doExecute(TestCaseExecutor.java:436)
	at com.kms.katalon.core.main.TestCaseExecutor.processExecutionPhase(TestCaseExecutor.java:415)
	at com.kms.katalon.core.main.TestCaseExecutor.accessMainPhase(TestCaseExecutor.java:407)
	at com.kms.katalon.core.main.TestCaseExecutor.execute(TestCaseExecutor.java:284)
	at com.kms.katalon.core.main.TestCaseMain.runTestCase(TestCaseMain.java:142)
	at com.kms.katalon.core.keyword.builtin.CallTestCaseKeyword$_callTestCase_closure1.doCall(CallTestCaseKeyword.groovy:59)
	... 20 more
Caused by: com.kms.katalon.core.webui.exception.WebElementNotFoundException: Web element with id: 'Object Repository/1-OBJECTS TAREAS PRINCIPALES/Modulo Tarea Actos Administrativos/Acto Cambio Empleado/span_ingreso definitivo indefinido salario basico' located by '//li[19]/span/span[3]/div/a/span' not found
	at com.kms.katalon.core.webui.common.WebUiCommonHelper.findWebElement(WebUiCommonHelper.java:1370)
	at com.kms.katalon.core.webui.keyword.internal.WebUIAbstractKeyword.findWebElement(WebUIAbstractKeyword.groovy:27)
	at com.kms.katalon.core.webui.keyword.builtin.ClickKeyword$_click_closure1.doCall(ClickKeyword.groovy:65)
	at com.kms.katalon.core.webui.keyword.builtin.ClickKeyword$_click_closure1.call(ClickKeyword.groovy)
	at com.kms.katalon.core.webui.keyword.internal.WebUIKeywordMain.runKeyword(WebUIKeywordMain.groovy:20)
	... 35 more


2022-06-10 08:29:19 - [TEST_STEP][FAILED] - identificacion = callTestCase(findTestCase("Utilidades-(atajos_para _tareas)/Tareas Actos Administrativos/Acto Cambio del Empleado"), [:], STOP_ON_FAILURE): Unable to call Test Case 'Test Cases/Utilidades-(atajos_para _tareas)/Tareas Actos Administrativos/Acto Cambio del Empleado' (Root cause: com.kms.katalon.core.exception.StepFailedException: Call Test Case 'Test Cases/Utilidades-(atajos_para _tareas)/Tareas Actos Administrativos/Acto Cambio del Empleado' failed
	at com.kms.katalon.core.keyword.builtin.CallTestCaseKeyword$_callTestCase_closure1.doCall(CallTestCaseKeyword.groovy:63)
	at com.kms.katalon.core.keyword.builtin.CallTestCaseKeyword$_callTestCase_closure1.call(CallTestCaseKeyword.groovy)
	at com.kms.katalon.core.keyword.internal.KeywordMain.runKeyword(KeywordMain.groovy:74)
	at com.kms.katalon.core.keyword.builtin.CallTestCaseKeyword.callTestCase(CallTestCaseKeyword.groovy:81)
	at com.kms.katalon.core.keyword.builtin.CallTestCaseKeyword.execute(CallTestCaseKeyword.groovy:44)
	at com.kms.katalon.core.keyword.internal.KeywordExecutor.executeKeywordForPlatform(KeywordExecutor.groovy:74)
	at com.kms.katalon.core.keyword.BuiltinKeywords.callTestCase(BuiltinKeywords.groovy:334)
	at 1.1.3-Elaboracion Acto Cambio del Empleado y derogacion.run(1.1.3-Elaboracion Acto Cambio del Empleado y derogacion:20)
	at com.kms.katalon.core.main.ScriptEngine.run(ScriptEngine.java:194)
	at com.kms.katalon.core.main.ScriptEngine.runScriptAsRawText(ScriptEngine.java:119)
	at com.kms.katalon.core.main.TestCaseExecutor.runScript(TestCaseExecutor.java:445)
	at com.kms.katalon.core.main.TestCaseExecutor.doExecute(TestCaseExecutor.java:436)
	at com.kms.katalon.core.main.TestCaseExecutor.processExecutionPhase(TestCaseExecutor.java:415)
	at com.kms.katalon.core.main.TestCaseExecutor.accessMainPhase(TestCaseExecutor.java:407)
	at com.kms.katalon.core.main.TestCaseExecutor.execute(TestCaseExecutor.java:284)
	at com.kms.katalon.core.common.CommonExecutor.accessTestCaseMainPhase(CommonExecutor.java:65)
	at com.kms.katalon.core.main.TestSuiteExecutor.accessTestSuiteMainPhase(TestSuiteExecutor.java:144)
	at com.kms.katalon.core.main.TestSuiteExecutor.execute(TestSuiteExecutor.java:106)
	at com.kms.katalon.core.main.TestCaseMain.startTestSuite(TestCaseMain.java:185)
	at com.kms.katalon.core.main.TestCaseMain$startTestSuite$0.call(Unknown Source)
	at TempTestSuite1654867643956.run(TempTestSuite1654867643956.groovy:36)
Caused by: com.kms.katalon.core.exception.StepFailedException: Unable to click on object 'Object Repository/1-OBJECTS TAREAS PRINCIPALES/Modulo Tarea Actos Administrativos/Acto Cambio Empleado/span_ingreso definitivo indefinido salario basico'
	at com.kms.katalon.core.webui.keyword.internal.WebUIKeywordMain.stepFailed(WebUIKeywordMain.groovy:64)
	at com.kms.katalon.core.webui.keyword.internal.WebUIKeywordMain.runKeyword(WebUIKeywordMain.groovy:26)
	at com.kms.katalon.core.webui.keyword.builtin.ClickKeyword.click(ClickKeyword.groovy:74)
	at com.kms.katalon.core.webui.keyword.builtin.ClickKeyword.execute(ClickKeyword.groovy:40)
	at com.kms.katalon.core.keyword.internal.KeywordExecutor.executeKeywordForPlatform(KeywordExecutor.groovy:74)
	at com.kms.katalon.core.webui.keyword.WebUiBuiltInKeywords.click(WebUiBuiltInKeywords.groovy:620)
	at com.kms.katalon.core.webui.keyword.WebUiBuiltInKeywords$click$5.call(Unknown Source)
	at Acto Cambio del Empleado.run(Acto Cambio del Empleado:43)
	at com.kms.katalon.core.main.ScriptEngine.run(ScriptEngine.java:194)
	at com.kms.katalon.core.main.ScriptEngine.runScriptAsRawText(ScriptEngine.java:119)
	at com.kms.katalon.core.main.TestCaseExecutor.runScript(TestCaseExecutor.java:445)
	at com.kms.katalon.core.main.TestCaseExecutor.doExecute(TestCaseExecutor.java:436)
	at com.kms.katalon.core.main.TestCaseExecutor.processExecutionPhase(TestCaseExecutor.java:415)
	at com.kms.katalon.core.main.TestCaseExecutor.accessMainPhase(TestCaseExecutor.java:407)
	at com.kms.katalon.core.main.TestCaseExecutor.execute(TestCaseExecutor.java:284)
	at com.kms.katalon.core.main.TestCaseMain.runTestCase(TestCaseMain.java:142)
	at com.kms.katalon.core.keyword.builtin.CallTestCaseKeyword$_callTestCase_closure1.doCall(CallTestCaseKeyword.groovy:59)
	... 20 more
Caused by: com.kms.katalon.core.webui.exception.WebElementNotFoundException: Web element with id: 'Object Repository/1-OBJECTS TAREAS PRINCIPALES/Modulo Tarea Actos Administrativos/Acto Cambio Empleado/span_ingreso definitivo indefinido salario basico' located by '//li[19]/span/span[3]/div/a/span' not found
	at com.kms.katalon.core.webui.common.WebUiCommonHelper.findWebElement(WebUiCommonHelper.java:1370)
	at com.kms.katalon.core.webui.keyword.internal.WebUIAbstractKeyword.findWebElement(WebUIAbstractKeyword.groovy:27)
	at com.kms.katalon.core.webui.keyword.builtin.ClickKeyword$_click_closure1.doCall(ClickKeyword.groovy:65)
	at com.kms.katalon.core.webui.keyword.builtin.ClickKeyword$_click_closure1.call(ClickKeyword.groovy)
	at com.kms.katalon.core.webui.keyword.internal.WebUIKeywordMain.runKeyword(WebUIKeywordMain.groovy:20)
	... 35 more
)

2022-06-10 08:29:19 - [TEST_CASE][FAILED] - Test Cases/Utilidades-(atajos_para _tareas)/Tareas Actos Administrativos/Acto Cambio del Empleado: Test Cases/Utilidades-(atajos_para _tareas)/Tareas Actos Administrativos/Acto Cambio del Empleado FAILED.
Reason:
com.kms.katalon.core.exception.StepFailedException: Unable to click on object 'Object Repository/1-OBJECTS TAREAS PRINCIPALES/Modulo Tarea Actos Administrativos/Acto Cambio Empleado/span_ingreso definitivo indefinido salario basico'
	at com.kms.katalon.core.webui.keyword.internal.WebUIKeywordMain.stepFailed(WebUIKeywordMain.groovy:64)
	at com.kms.katalon.core.webui.keyword.internal.WebUIKeywordMain.runKeyword(WebUIKeywordMain.groovy:26)
	at com.kms.katalon.core.webui.keyword.builtin.ClickKeyword.click(ClickKeyword.groovy:74)
	at com.kms.katalon.core.webui.keyword.builtin.ClickKeyword.execute(ClickKeyword.groovy:40)
	at com.kms.katalon.core.keyword.internal.KeywordExecutor.executeKeywordForPlatform(KeywordExecutor.groovy:74)
	at com.kms.katalon.core.webui.keyword.WebUiBuiltInKeywords.click(WebUiBuiltInKeywords.groovy:620)
	at com.kms.katalon.core.webui.keyword.WebUiBuiltInKeywords$click$5.call(Unknown Source)
	at Acto Cambio del Empleado.run(Acto Cambio del Empleado:43)
	at com.kms.katalon.core.main.ScriptEngine.run(ScriptEngine.java:194)
	at com.kms.katalon.core.main.ScriptEngine.runScriptAsRawText(ScriptEngine.java:119)
	at com.kms.katalon.core.main.TestCaseExecutor.runScript(TestCaseExecutor.java:445)
	at com.kms.katalon.core.main.TestCaseExecutor.doExecute(TestCaseExecutor.java:436)
	at com.kms.katalon.core.main.TestCaseExecutor.processExecutionPhase(TestCaseExecutor.java:415)
	at com.kms.katalon.core.main.TestCaseExecutor.accessMainPhase(TestCaseExecutor.java:407)
	at com.kms.katalon.core.main.TestCaseExecutor.execute(TestCaseExecutor.java:284)
	at com.kms.katalon.core.main.TestCaseMain.runTestCase(TestCaseMain.java:142)
	at com.kms.katalon.core.keyword.builtin.CallTestCaseKeyword$_callTestCase_closure1.doCall(CallTestCaseKeyword.groovy:59)
	at com.kms.katalon.core.keyword.builtin.CallTestCaseKeyword$_callTestCase_closure1.call(CallTestCaseKeyword.groovy)
	at com.kms.katalon.core.keyword.internal.KeywordMain.runKeyword(KeywordMain.groovy:74)
	at com.kms.katalon.core.keyword.builtin.CallTestCaseKeyword.callTestCase(CallTestCaseKeyword.groovy:81)
	at com.kms.katalon.core.keyword.builtin.CallTestCaseKeyword.execute(CallTestCaseKeyword.groovy:44)
	at com.kms.katalon.core.keyword.internal.KeywordExecutor.executeKeywordForPlatform(KeywordExecutor.groovy:74)
	at com.kms.katalon.core.keyword.BuiltinKeywords.callTestCase(BuiltinKeywords.groovy:334)
	at 1.1.3-Elaboracion Acto Cambio del Empleado y derogacion.run(1.1.3-Elaboracion Acto Cambio del Empleado y derogacion:20)
	at com.kms.katalon.core.main.ScriptEngine.run(ScriptEngine.java:194)
	at com.kms.katalon.core.main.ScriptEngine.runScriptAsRawText(ScriptEngine.java:119)
	at com.kms.katalon.core.main.TestCaseExecutor.runScript(TestCaseExecutor.java:445)
	at com.kms.katalon.core.main.TestCaseExecutor.doExecute(TestCaseExecutor.java:436)
	at com.kms.katalon.core.main.TestCaseExecutor.processExecutionPhase(TestCaseExecutor.java:415)
	at com.kms.katalon.core.main.TestCaseExecutor.accessMainPhase(TestCaseExecutor.java:407)
	at com.kms.katalon.core.main.TestCaseExecutor.execute(TestCaseExecutor.java:284)
	at com.kms.katalon.core.common.CommonExecutor.accessTestCaseMainPhase(CommonExecutor.java:65)
	at com.kms.katalon.core.main.TestSuiteExecutor.accessTestSuiteMainPhase(TestSuiteExecutor.java:144)
	at com.kms.katalon.core.main.TestSuiteExecutor.execute(TestSuiteExecutor.java:106)
	at com.kms.katalon.core.main.TestCaseMain.startTestSuite(TestCaseMain.java:185)
	at com.kms.katalon.core.main.TestCaseMain$startTestSuite$0.call(Unknown Source)
	at TempTestSuite1654867643956.run(TempTestSuite1654867643956.groovy:36)
Caused by: com.kms.katalon.core.webui.exception.WebElementNotFoundException: Web element with id: 'Object Repository/1-OBJECTS TAREAS PRINCIPALES/Modulo Tarea Actos Administrativos/Acto Cambio Empleado/span_ingreso definitivo indefinido salario basico' located by '//li[19]/span/span[3]/div/a/span' not found
	at com.kms.katalon.core.webui.common.WebUiCommonHelper.findWebElement(WebUiCommonHelper.java:1370)
	at com.kms.katalon.core.webui.keyword.internal.WebUIAbstractKeyword.findWebElement(WebUIAbstractKeyword.groovy:27)
	at com.kms.katalon.core.webui.keyword.builtin.ClickKeyword$_click_closure1.doCall(ClickKeyword.groovy:65)
	at com.kms.katalon.core.webui.keyword.builtin.ClickKeyword$_click_closure1.call(ClickKeyword.groovy)
	at com.kms.katalon.core.webui.keyword.internal.WebUIKeywordMain.runKeyword(WebUIKeywordMain.groovy:20)
	... 35 more


2022-06-10 08:29:20 - [TEST_STEP][PASSED] - identificacion = callTestCase(findTestCase("1.1-Tareas Principales/1.1.1-Crear Nueva Hoja de Vida"), [:], STOP_ON_FAILURE): Call Test Case 'Test Cases/1.1-Tareas Principales/1.1.1-Crear Nueva Hoja de Vida' successfully

2022-06-10 08:29:20 - [TEST_CASE][PASSED] - Test Cases/1.1-Tareas Principales/1.1.1-Crear Nueva Hoja de Vida: Test Cases/1.1-Tareas Principales/1.1.1-Crear Nueva Hoja de Vida

2022-06-10 08:29:20 - [TEST_STEP][PASSED] - random_double = Math.random() * 9999 + 999: null

2022-06-10 08:29:20 - [TEST_STEP][PASSED] - random_double = Math.round(random_double * 1000): null

2022-06-10 08:29:20 - [TEST_STEP][PASSED] - identificacion = toString().replace(".0", ""): null

2022-06-10 08:29:20 - [TEST_STEP][PASSED] - callTestCase(findTestCase("0.1.1-Login_detector"), [:], STOP_ON_FAILURE): Call Test Case 'Test Cases/0.1.1-Login_detector' successfully

2022-06-10 08:29:20 - [TEST_CASE][PASSED] - Test Cases/0.1.1-Login_detector: Test Cases/0.1.1-Login_detector

2022-06-10 08:29:20 - [TEST_STEP][PASSED] - openBrowser(""): Browser is opened with url: ''

2022-06-10 08:29:20 - [MESSAGE][WARNING] - A browser is already opened. Closing browser and opening a new one

2022-06-10 08:29:21 - [MESSAGE][INFO] - Starting 'Chrome' driver

2022-06-10 08:29:21 - [MESSAGE][INFO] - Action delay is set to 0 milliseconds

2022-06-10 08:29:22 - [MESSAGE][PASSED] - Browser is opened with url: ''

2022-06-10 08:29:22 - [TEST_STEP][PASSED] - maximizeWindow(): Current window maximized

2022-06-10 08:29:22 - [MESSAGE][PASSED] - Current window maximized

2022-06-10 08:29:22 - [TEST_STEP][PASSED] - i = G_Login: null

2022-06-10 08:29:22 - [TEST_STEP][PASSED] - url = new java.net.URL(i): null

2022-06-10 08:29:22 - [TEST_STEP][PASSED] - println("URL: " + url.toString()): null

2022-06-10 08:29:22 - [TEST_STEP][PASSED] - connection = url.openConnection(): null

2022-06-10 08:29:22 - [TEST_STEP][PASSED] - connection.setRequestMethod("GET"): null

2022-06-10 08:29:22 - [TEST_STEP][PASSED] - connection.setReadTimeout(2 * 1000): null

2022-06-10 08:29:22 - [TEST_STEP][PASSED] - try: null

2022-06-10 08:29:22 - [TEST_STEP][PASSED] - connection.connect(): null

2022-06-10 08:29:22 - [TEST_STEP][PASSED] - flag = connected: null

2022-06-10 08:29:22 - [TEST_STEP][PASSED] - println("Valor_ori: " + flag): null

2022-06-10 08:29:22 - [TEST_STEP][PASSED] - if (flag): null

2022-06-10 08:29:22 - [TEST_STEP][PASSED] - navigateToUrl(i): Navigate to 'http://192.168.2.19:8380/saraweb' successfully

2022-06-10 08:29:23 - [MESSAGE][PASSED] - Navigate to 'http://192.168.2.19:8380/saraweb' successfully

2022-06-10 08:29:23 - [TEST_STEP][PASSED] - a(): null

2022-06-10 08:29:23 - [TEST_STEP][PASSED] - USER = G_Usuario: null

2022-06-10 08:29:23 - [TEST_STEP][PASSED] - if (USER == "weblogic"): null

2022-06-10 08:29:23 - [TEST_STEP][PASSED] - else: Execute JavaScript 'arguments[0].click()' successfully

2022-06-10 08:29:23 - [TEST_STEP][PASSED] - setText(findTestObject("3-OBJECTS UTILIDADES/Login/input_USUARIO_loginusuario"), USER): Text 'saraadmin' is set on object 'Object Repository/3-OBJECTS UTILIDADES/Login/input_USUARIO_loginusuario'

2022-06-10 08:29:23 - [MESSAGE][PASSED] - Text 'saraadmin' is set on object 'Object Repository/3-OBJECTS UTILIDADES/Login/input_USUARIO_loginusuario'

2022-06-10 08:29:23 - [TEST_STEP][PASSED] - setEncryptedText(findTestObject("3-OBJECTS UTILIDADES/Login/input_CLAVE_loginpassword"), "MkG4/TYiCFC3cb2driP7+Q=="): Text ****** has been set on object 'Object Repository/3-OBJECTS UTILIDADES/Login/input_CLAVE_loginpassword'

2022-06-10 08:29:24 - [MESSAGE][PASSED] - Text ****** has been set on object 'Object Repository/3-OBJECTS UTILIDADES/Login/input_CLAVE_loginpassword'

2022-06-10 08:29:24 - [TEST_STEP][PASSED] - waitForElementClickable(findTestObject("3-OBJECTS UTILIDADES/Login/a_Ingresar"), G_TimeOut): Object 'Object Repository/3-OBJECTS UTILIDADES/Login/a_Ingresar' is clickable

2022-06-10 08:29:24 - [MESSAGE][PASSED] - Object 'Object Repository/3-OBJECTS UTILIDADES/Login/a_Ingresar' is clickable

2022-06-10 08:29:24 - [TEST_STEP][PASSED] - click(findTestObject("3-OBJECTS UTILIDADES/Login/a_Ingresar")): Object: 'Object Repository/3-OBJECTS UTILIDADES/Login/a_Ingresar' is clicked on

2022-06-10 08:29:26 - [MESSAGE][PASSED] - Object: 'Object Repository/3-OBJECTS UTILIDADES/Login/a_Ingresar' is clicked on

2022-06-10 08:29:26 - [TEST_STEP][PASSED] - element = findWebElement(findTestObject("3-OBJECTS UTILIDADES/Login/a_Ir"), 30): null

2022-06-10 08:29:26 - [TEST_STEP][PASSED] - executeJavaScript("arguments[0].click()", Arrays.asList(element)): Execute JavaScript 'arguments[0].click()' successfully

2022-06-10 08:29:26 - [MESSAGE][PASSED] - Execute JavaScript 'arguments[0].click()' successfully

2022-06-10 08:29:26 - [MESSAGE][PASSED] - Call Test Case 'Test Cases/0.1.1-Login_detector' successfully

2022-06-10 08:29:26 - [TEST_STEP][PASSED] - waitForElementClickable(findTestObject("1-OBJECTS TAREAS PRINCIPALES/Modulo Tarea Listado Hojas de Vida/Crear Nueva Hoja de Vida/input_Listado Hojas De Vida_form_templatej_idt24_input"), G_TimeOut): Object 'Object Repository/1-OBJECTS TAREAS PRINCIPALES/Modulo Tarea Listado Hojas de Vida/Crear Nueva Hoja de Vida/input_Listado Hojas De Vida_form_templatej_idt24_input' is clickable

2022-06-10 08:29:27 - [MESSAGE][PASSED] - Object 'Object Repository/1-OBJECTS TAREAS PRINCIPALES/Modulo Tarea Listado Hojas de Vida/Crear Nueva Hoja de Vida/input_Listado Hojas De Vida_form_templatej_idt24_input' is clickable

2022-06-10 08:29:27 - [TEST_STEP][PASSED] - setText(findTestObject("1-OBJECTS TAREAS PRINCIPALES/Modulo Tarea Listado Hojas de Vida/Crear Nueva Hoja de Vida/input_Listado Hojas De Vida_form_templatej_idt24_input"), "Listado Hojas de Vida"): Text 'Listado Hojas de Vida' is set on object 'Object Repository/1-OBJECTS TAREAS PRINCIPALES/Modulo Tarea Listado Hojas de Vida/Crear Nueva Hoja de Vida/input_Listado Hojas De Vida_form_templatej_idt24_input'

2022-06-10 08:29:28 - [MESSAGE][PASSED] - Text 'Listado Hojas de Vida' is set on object 'Object Repository/1-OBJECTS TAREAS PRINCIPALES/Modulo Tarea Listado Hojas de Vida/Crear Nueva Hoja de Vida/input_Listado Hojas De Vida_form_templatej_idt24_input'

2022-06-10 08:29:28 - [TEST_STEP][PASSED] - waitForElementVisible(findTestObject("1-OBJECTS TAREAS PRINCIPALES/Modulo Tarea Listado Hojas de Vida/Crear Nueva Hoja de Vida/span_Listado Hojas de Vida"), 0): Object 'Object Repository/1-OBJECTS TAREAS PRINCIPALES/Modulo Tarea Listado Hojas de Vida/Crear Nueva Hoja de Vida/span_Listado Hojas de Vida' is visible

2022-06-10 08:29:28 - [MESSAGE][WARNING] - Timeout '0' is invalid. Using default page load timeout: '37'

2022-06-10 08:29:29 - [MESSAGE][PASSED] - Object 'Object Repository/1-OBJECTS TAREAS PRINCIPALES/Modulo Tarea Listado Hojas de Vida/Crear Nueva Hoja de Vida/span_Listado Hojas de Vida' is visible

2022-06-10 08:29:29 - [TEST_STEP][PASSED] - click(findTestObject("1-OBJECTS TAREAS PRINCIPALES/Modulo Tarea Listado Hojas de Vida/Crear Nueva Hoja de Vida/span_Listado Hojas de Vida")): Object: 'Object Repository/1-OBJECTS TAREAS PRINCIPALES/Modulo Tarea Listado Hojas de Vida/Crear Nueva Hoja de Vida/span_Listado Hojas de Vida' is clicked on

2022-06-10 08:29:29 - [MESSAGE][PASSED] - Object: 'Object Repository/1-OBJECTS TAREAS PRINCIPALES/Modulo Tarea Listado Hojas de Vida/Crear Nueva Hoja de Vida/span_Listado Hojas de Vida' is clicked on

2022-06-10 08:29:29 - [TEST_STEP][PASSED] - waitForElementClickable(findTestObject("1-OBJECTS TAREAS PRINCIPALES/Modulo Tarea Listado Hojas de Vida/Crear Nueva Hoja de Vida/a_Nueva HojaVida"), G_TimeOut): Object 'Object Repository/1-OBJECTS TAREAS PRINCIPALES/Modulo Tarea Listado Hojas de Vida/Crear Nueva Hoja de Vida/a_Nueva HojaVida' is clickable

2022-06-10 08:29:31 - [MESSAGE][PASSED] - Object 'Object Repository/1-OBJECTS TAREAS PRINCIPALES/Modulo Tarea Listado Hojas de Vida/Crear Nueva Hoja de Vida/a_Nueva HojaVida' is clickable

2022-06-10 08:29:31 - [TEST_STEP][PASSED] - click(findTestObject("1-OBJECTS TAREAS PRINCIPALES/Modulo Tarea Listado Hojas de Vida/Crear Nueva Hoja de Vida/a_Nueva HojaVida")): Object: 'Object Repository/1-OBJECTS TAREAS PRINCIPALES/Modulo Tarea Listado Hojas de Vida/Crear Nueva Hoja de Vida/a_Nueva HojaVida' is clicked on

2022-06-10 08:29:31 - [MESSAGE][PASSED] - Object: 'Object Repository/1-OBJECTS TAREAS PRINCIPALES/Modulo Tarea Listado Hojas de Vida/Crear Nueva Hoja de Vida/a_Nueva HojaVida' is clicked on

2022-06-10 08:29:31 - [TEST_STEP][PASSED] - waitForElementClickable(findTestObject("1-OBJECTS TAREAS PRINCIPALES/Modulo Tarea Listado Hojas de Vida/Crear Nueva Hoja de Vida/input_Identificacin_nuevahoja_"), 0): Object 'Object Repository/1-OBJECTS TAREAS PRINCIPALES/Modulo Tarea Listado Hojas de Vida/Crear Nueva Hoja de Vida/input_Identificacin_nuevahoja_' is clickable

2022-06-10 08:29:31 - [MESSAGE][WARNING] - Timeout '0' is invalid. Using default page load timeout: '37'

2022-06-10 08:29:32 - [MESSAGE][PASSED] - Object 'Object Repository/1-OBJECTS TAREAS PRINCIPALES/Modulo Tarea Listado Hojas de Vida/Crear Nueva Hoja de Vida/input_Identificacin_nuevahoja_' is clickable

2022-06-10 08:29:32 - [TEST_STEP][PASSED] - setText(findTestObject("1-OBJECTS TAREAS PRINCIPALES/Modulo Tarea Listado Hojas de Vida/Crear Nueva Hoja de Vida/input_Identificacin_nuevahoja_"), identificacion): Text '3426059' is set on object 'Object Repository/1-OBJECTS TAREAS PRINCIPALES/Modulo Tarea Listado Hojas de Vida/Crear Nueva Hoja de Vida/input_Identificacin_nuevahoja_'

2022-06-10 08:29:32 - [MESSAGE][PASSED] - Text '3426059' is set on object 'Object Repository/1-OBJECTS TAREAS PRINCIPALES/Modulo Tarea Listado Hojas de Vida/Crear Nueva Hoja de Vida/input_Identificacin_nuevahoja_'

2022-06-10 08:29:32 - [TEST_STEP][PASSED] - selectOptionByIndex(findTestObject("1-OBJECTS TAREAS PRINCIPALES/Modulo Tarea Listado Hojas de Vida/Crear Nueva Hoja de Vida/select_-- Seleccione --.ASPIRA"), "4"): All options with index in [4] are selected on object 'Object Repository/1-OBJECTS TAREAS PRINCIPALES/Modulo Tarea Listado Hojas de Vida/Crear Nueva Hoja de Vida/select_-- Seleccione --.ASPIRA'

2022-06-10 08:29:33 - [MESSAGE][PASSED] - All options with index in [4] are selected on object 'Object Repository/1-OBJECTS TAREAS PRINCIPALES/Modulo Tarea Listado Hojas de Vida/Crear Nueva Hoja de Vida/select_-- Seleccione --.ASPIRA'

2022-06-10 08:29:33 - [TEST_STEP][PASSED] - click(findTestObject("1-OBJECTS TAREAS PRINCIPALES/Modulo Tarea Listado Hojas de Vida/Crear Nueva Hoja de Vida/a_Nueva Solicitud")): Object: 'Object Repository/1-OBJECTS TAREAS PRINCIPALES/Modulo Tarea Listado Hojas de Vida/Crear Nueva Hoja de Vida/a_Nueva Solicitud' is clicked on

2022-06-10 08:29:34 - [MESSAGE][PASSED] - Object: 'Object Repository/1-OBJECTS TAREAS PRINCIPALES/Modulo Tarea Listado Hojas de Vida/Crear Nueva Hoja de Vida/a_Nueva Solicitud' is clicked on

2022-06-10 08:29:34 - [TEST_STEP][PASSED] - waitForElementPresent(findTestObject("1-OBJECTS TAREAS PRINCIPALES/Modulo Tarea Listado Hojas de Vida/Crear Nueva Hoja de Vida/input__hojaVidaseccionj_idt8350j_idt845"), 0): Object 'Object Repository/1-OBJECTS TAREAS PRINCIPALES/Modulo Tarea Listado Hojas de Vida/Crear Nueva Hoja de Vida/input__hojaVidaseccionj_idt8350j_idt845' is present

2022-06-10 08:29:34 - [MESSAGE][WARNING] - Timeout '0' is invalid. Using default page load timeout: '37'

2022-06-10 08:29:35 - [MESSAGE][PASSED] - Object 'Object Repository/1-OBJECTS TAREAS PRINCIPALES/Modulo Tarea Listado Hojas de Vida/Crear Nueva Hoja de Vida/input__hojaVidaseccionj_idt8350j_idt845' is present

2022-06-10 08:29:35 - [TEST_STEP][PASSED] - setText(findTestObject("1-OBJECTS TAREAS PRINCIPALES/Modulo Tarea Listado Hojas de Vida/Crear Nueva Hoja de Vida/input__hojaVidaseccionj_idt8350j_idt845"), identificacion): Text '3426059' is set on object 'Object Repository/1-OBJECTS TAREAS PRINCIPALES/Modulo Tarea Listado Hojas de Vida/Crear Nueva Hoja de Vida/input__hojaVidaseccionj_idt8350j_idt845'

2022-06-10 08:29:35 - [MESSAGE][PASSED] - Text '3426059' is set on object 'Object Repository/1-OBJECTS TAREAS PRINCIPALES/Modulo Tarea Listado Hojas de Vida/Crear Nueva Hoja de Vida/input__hojaVidaseccionj_idt8350j_idt845'

2022-06-10 08:29:35 - [TEST_STEP][PASSED] - setText(findTestObject("1-OBJECTS TAREAS PRINCIPALES/Modulo Tarea Listado Hojas de Vida/Crear Nueva Hoja de Vida/input__hojaVidaseccionj_idt8351j_idt845"), "Empleado" + identificacion): Text 'Empleado3426059' is set on object 'Object Repository/1-OBJECTS TAREAS PRINCIPALES/Modulo Tarea Listado Hojas de Vida/Crear Nueva Hoja de Vida/input__hojaVidaseccionj_idt8351j_idt845'

2022-06-10 08:29:36 - [MESSAGE][PASSED] - Text 'Empleado3426059' is set on object 'Object Repository/1-OBJECTS TAREAS PRINCIPALES/Modulo Tarea Listado Hojas de Vida/Crear Nueva Hoja de Vida/input__hojaVidaseccionj_idt8351j_idt845'

2022-06-10 08:29:36 - [TEST_STEP][PASSED] - setText(findTestObject("1-OBJECTS TAREAS PRINCIPALES/Modulo Tarea Listado Hojas de Vida/Crear Nueva Hoja de Vida/input__hojaVidaseccionj_idt8352j_idt845"), " Pruebas_Automaticas"): Text ' Pruebas_Automaticas' is set on object 'Object Repository/1-OBJECTS TAREAS PRINCIPALES/Modulo Tarea Listado Hojas de Vida/Crear Nueva Hoja de Vida/input__hojaVidaseccionj_idt8352j_idt845'

2022-06-10 08:29:37 - [MESSAGE][PASSED] - Text ' Pruebas_Automaticas' is set on object 'Object Repository/1-OBJECTS TAREAS PRINCIPALES/Modulo Tarea Listado Hojas de Vida/Crear Nueva Hoja de Vida/input__hojaVidaseccionj_idt8352j_idt845'

2022-06-10 08:29:37 - [TEST_STEP][PASSED] - setText(findTestObject("1-OBJECTS TAREAS PRINCIPALES/Modulo Tarea Listado Hojas de Vida/Crear Nueva Hoja de Vida/input__hojaVidaseccionj_idt8353fecha_input"), "30/08/1995"): Text '30/08/1995' is set on object 'Object Repository/1-OBJECTS TAREAS PRINCIPALES/Modulo Tarea Listado Hojas de Vida/Crear Nueva Hoja de Vida/input__hojaVidaseccionj_idt8353fecha_input'

2022-06-10 08:29:38 - [MESSAGE][PASSED] - Text '30/08/1995' is set on object 'Object Repository/1-OBJECTS TAREAS PRINCIPALES/Modulo Tarea Listado Hojas de Vida/Crear Nueva Hoja de Vida/input__hojaVidaseccionj_idt8353fecha_input'

2022-06-10 08:29:38 - [TEST_STEP][PASSED] - sendKeys(findTestObject("1-OBJECTS TAREAS PRINCIPALES/Modulo Tarea Listado Hojas de Vida/Crear Nueva Hoja de Vida/input__hojaVidaseccionj_idt8353fecha_input"), Keys.chord(ENTER)): Keys 'ENTER + ' sent to object: 'Object Repository/1-OBJECTS TAREAS PRINCIPALES/Modulo Tarea Listado Hojas de Vida/Crear Nueva Hoja de Vida/input__hojaVidaseccionj_idt8353fecha_input'

2022-06-10 08:29:38 - [MESSAGE][PASSED] - Keys 'ENTER + ' sent to object: 'Object Repository/1-OBJECTS TAREAS PRINCIPALES/Modulo Tarea Listado Hojas de Vida/Crear Nueva Hoja de Vida/input__hojaVidaseccionj_idt8353fecha_input'

2022-06-10 08:29:38 - [TEST_STEP][PASSED] - waitForElementClickable(findTestObject("1-OBJECTS TAREAS PRINCIPALES/Modulo Tarea Listado Hojas de Vida/Crear Nueva Hoja de Vida/a__hojaVidaseccionj_idt8354j_idt865"), G_TimeOut): Object 'Object Repository/1-OBJECTS TAREAS PRINCIPALES/Modulo Tarea Listado Hojas de Vida/Crear Nueva Hoja de Vida/a__hojaVidaseccionj_idt8354j_idt865' is clickable

2022-06-10 08:29:39 - [MESSAGE][PASSED] - Object 'Object Repository/1-OBJECTS TAREAS PRINCIPALES/Modulo Tarea Listado Hojas de Vida/Crear Nueva Hoja de Vida/a__hojaVidaseccionj_idt8354j_idt865' is clickable

2022-06-10 08:29:39 - [TEST_STEP][PASSED] - click(findTestObject("1-OBJECTS TAREAS PRINCIPALES/Modulo Tarea Listado Hojas de Vida/Crear Nueva Hoja de Vida/a__hojaVidaseccionj_idt8354j_idt865")): Object: 'Object Repository/1-OBJECTS TAREAS PRINCIPALES/Modulo Tarea Listado Hojas de Vida/Crear Nueva Hoja de Vida/a__hojaVidaseccionj_idt8354j_idt865' is clicked on

2022-06-10 08:29:39 - [MESSAGE][PASSED] - Object: 'Object Repository/1-OBJECTS TAREAS PRINCIPALES/Modulo Tarea Listado Hojas de Vida/Crear Nueva Hoja de Vida/a__hojaVidaseccionj_idt8354j_idt865' is clicked on

2022-06-10 08:29:39 - [TEST_STEP][PASSED] - waitForElementClickable(findTestObject("1-OBJECTS TAREAS PRINCIPALES/Modulo Tarea Listado Hojas de Vida/Crear Nueva Hoja de Vida/span_CEDULA CIUDADANIA"), G_TimeOut): Object 'Object Repository/1-OBJECTS TAREAS PRINCIPALES/Modulo Tarea Listado Hojas de Vida/Crear Nueva Hoja de Vida/span_CEDULA CIUDADANIA' is clickable

2022-06-10 08:29:40 - [MESSAGE][PASSED] - Object 'Object Repository/1-OBJECTS TAREAS PRINCIPALES/Modulo Tarea Listado Hojas de Vida/Crear Nueva Hoja de Vida/span_CEDULA CIUDADANIA' is clickable

2022-06-10 08:29:40 - [TEST_STEP][PASSED] - click(findTestObject("1-OBJECTS TAREAS PRINCIPALES/Modulo Tarea Listado Hojas de Vida/Crear Nueva Hoja de Vida/span_CEDULA CIUDADANIA")): Object: 'Object Repository/1-OBJECTS TAREAS PRINCIPALES/Modulo Tarea Listado Hojas de Vida/Crear Nueva Hoja de Vida/span_CEDULA CIUDADANIA' is clicked on

2022-06-10 08:29:41 - [MESSAGE][PASSED] - Object: 'Object Repository/1-OBJECTS TAREAS PRINCIPALES/Modulo Tarea Listado Hojas de Vida/Crear Nueva Hoja de Vida/span_CEDULA CIUDADANIA' is clicked on

2022-06-10 08:29:41 - [TEST_STEP][PASSED] - waitForElementClickable(findTestObject("1-OBJECTS TAREAS PRINCIPALES/Modulo Tarea Listado Hojas de Vida/Crear Nueva Hoja de Vida/input_Fecha Expedicin_hojaVidas"), G_TimeOut): Object 'Object Repository/1-OBJECTS TAREAS PRINCIPALES/Modulo Tarea Listado Hojas de Vida/Crear Nueva Hoja de Vida/input_Fecha Expedicin_hojaVidas' is clickable

2022-06-10 08:29:41 - [MESSAGE][PASSED] - Object 'Object Repository/1-OBJECTS TAREAS PRINCIPALES/Modulo Tarea Listado Hojas de Vida/Crear Nueva Hoja de Vida/input_Fecha Expedicin_hojaVidas' is clickable

2022-06-10 08:29:41 - [TEST_STEP][PASSED] - setText(findTestObject("1-OBJECTS TAREAS PRINCIPALES/Modulo Tarea Listado Hojas de Vida/Crear Nueva Hoja de Vida/input_Fecha Expedicin_hojaVidas"), "13/09/2013"): Text '13/09/2013' is set on object 'Object Repository/1-OBJECTS TAREAS PRINCIPALES/Modulo Tarea Listado Hojas de Vida/Crear Nueva Hoja de Vida/input_Fecha Expedicin_hojaVidas'

2022-06-10 08:29:42 - [MESSAGE][PASSED] - Text '13/09/2013' is set on object 'Object Repository/1-OBJECTS TAREAS PRINCIPALES/Modulo Tarea Listado Hojas de Vida/Crear Nueva Hoja de Vida/input_Fecha Expedicin_hojaVidas'

2022-06-10 08:29:42 - [TEST_STEP][PASSED] - sendKeys(findTestObject("1-OBJECTS TAREAS PRINCIPALES/Modulo Tarea Listado Hojas de Vida/Crear Nueva Hoja de Vida/input_Fecha Expedicin_hojaVidas"), Keys.chord(ENTER)): Keys 'ENTER + ' sent to object: 'Object Repository/1-OBJECTS TAREAS PRINCIPALES/Modulo Tarea Listado Hojas de Vida/Crear Nueva Hoja de Vida/input_Fecha Expedicin_hojaVidas'

2022-06-10 08:29:43 - [MESSAGE][PASSED] - Keys 'ENTER + ' sent to object: 'Object Repository/1-OBJECTS TAREAS PRINCIPALES/Modulo Tarea Listado Hojas de Vida/Crear Nueva Hoja de Vida/input_Fecha Expedicin_hojaVidas'

2022-06-10 08:29:43 - [TEST_STEP][PASSED] - selectOptionByIndex(findTestObject("1-OBJECTS TAREAS PRINCIPALES/Modulo Tarea Listado Hojas de Vida/Crear Nueva Hoja de Vida/select_-- Seleccione--000000ABEJORRAL"), "113"): All options with index in [113] are selected on object 'Object Repository/1-OBJECTS TAREAS PRINCIPALES/Modulo Tarea Listado Hojas de Vida/Crear Nueva Hoja de Vida/select_-- Seleccione--000000ABEJORRAL'

2022-06-10 08:29:46 - [MESSAGE][PASSED] - All options with index in [113] are selected on object 'Object Repository/1-OBJECTS TAREAS PRINCIPALES/Modulo Tarea Listado Hojas de Vida/Crear Nueva Hoja de Vida/select_-- Seleccione--000000ABEJORRAL'

2022-06-10 08:29:46 - [TEST_STEP][PASSED] - setText(findTestObject("1-OBJECTS TAREAS PRINCIPALES/Modulo Tarea Listado Hojas de Vida/Crear Nueva Hoja de Vida/input__hojaVidaseccionj_idt8358j_idt845"), "634564654684"): Text '634564654684' is set on object 'Object Repository/1-OBJECTS TAREAS PRINCIPALES/Modulo Tarea Listado Hojas de Vida/Crear Nueva Hoja de Vida/input__hojaVidaseccionj_idt8358j_idt845'

2022-06-10 08:29:47 - [MESSAGE][PASSED] - Text '634564654684' is set on object 'Object Repository/1-OBJECTS TAREAS PRINCIPALES/Modulo Tarea Listado Hojas de Vida/Crear Nueva Hoja de Vida/input__hojaVidaseccionj_idt8358j_idt845'

2022-06-10 08:29:47 - [TEST_STEP][PASSED] - setText(findTestObject("1-OBJECTS TAREAS PRINCIPALES/Modulo Tarea Listado Hojas de Vida/Crear Nueva Hoja de Vida/input__hojaVidaseccionj_idt8359j_idt845"), "noodle@gmail.com"): Text 'noodle@gmail.com' is set on object 'Object Repository/1-OBJECTS TAREAS PRINCIPALES/Modulo Tarea Listado Hojas de Vida/Crear Nueva Hoja de Vida/input__hojaVidaseccionj_idt8359j_idt845'

2022-06-10 08:29:48 - [MESSAGE][PASSED] - Text 'noodle@gmail.com' is set on object 'Object Repository/1-OBJECTS TAREAS PRINCIPALES/Modulo Tarea Listado Hojas de Vida/Crear Nueva Hoja de Vida/input__hojaVidaseccionj_idt8359j_idt845'

2022-06-10 08:29:48 - [TEST_STEP][PASSED] - selectOptionByIndex(findTestObject("1-OBJECTS TAREAS PRINCIPALES/Modulo Tarea Listado Hojas de Vida/Crear Nueva Hoja de Vida/select_AA-ABAB-BB-OO-"), "7"): All options with index in [7] are selected on object 'Object Repository/1-OBJECTS TAREAS PRINCIPALES/Modulo Tarea Listado Hojas de Vida/Crear Nueva Hoja de Vida/select_AA-ABAB-BB-OO-'

2022-06-10 08:29:49 - [MESSAGE][PASSED] - All options with index in [7] are selected on object 'Object Repository/1-OBJECTS TAREAS PRINCIPALES/Modulo Tarea Listado Hojas de Vida/Crear Nueva Hoja de Vida/select_AA-ABAB-BB-OO-'

2022-06-10 08:29:49 - [TEST_STEP][PASSED] - click(findTestObject("1-OBJECTS TAREAS PRINCIPALES/Modulo Tarea Listado Hojas de Vida/Crear Nueva Hoja de Vida/a__hojaVidaseccionj_idt21411j_idt254")): Object: 'Object Repository/1-OBJECTS TAREAS PRINCIPALES/Modulo Tarea Listado Hojas de Vida/Crear Nueva Hoja de Vida/a__hojaVidaseccionj_idt21411j_idt254' is clicked on

2022-06-10 08:29:49 - [MESSAGE][PASSED] - Object: 'Object Repository/1-OBJECTS TAREAS PRINCIPALES/Modulo Tarea Listado Hojas de Vida/Crear Nueva Hoja de Vida/a__hojaVidaseccionj_idt21411j_idt254' is clicked on

2022-06-10 08:29:49 - [TEST_STEP][PASSED] - setText(findTestObject("1-OBJECTS TAREAS PRINCIPALES/Modulo Tarea Listado Hojas de Vida/Crear Nueva Hoja de Vida/input_Ubicacin Geogrfica_formPopUpUbicacionj_idt921"), "BOGOTÁ"): Text 'BOGOTÁ' is set on object 'Object Repository/1-OBJECTS TAREAS PRINCIPALES/Modulo Tarea Listado Hojas de Vida/Crear Nueva Hoja de Vida/input_Ubicacin Geogrfica_formPopUpUbicacionj_idt921'

2022-06-10 08:29:50 - [MESSAGE][PASSED] - Text 'BOGOTÁ' is set on object 'Object Repository/1-OBJECTS TAREAS PRINCIPALES/Modulo Tarea Listado Hojas de Vida/Crear Nueva Hoja de Vida/input_Ubicacin Geogrfica_formPopUpUbicacionj_idt921'

2022-06-10 08:29:50 - [TEST_STEP][PASSED] - sendKeys(findTestObject("1-OBJECTS TAREAS PRINCIPALES/Modulo Tarea Listado Hojas de Vida/Crear Nueva Hoja de Vida/input_Ubicacin Geogrfica_formPopUpUbicacionj_idt921"), Keys.chord(ENTER)): Keys 'ENTER + ' sent to object: 'Object Repository/1-OBJECTS TAREAS PRINCIPALES/Modulo Tarea Listado Hojas de Vida/Crear Nueva Hoja de Vida/input_Ubicacin Geogrfica_formPopUpUbicacionj_idt921'

2022-06-10 08:29:51 - [MESSAGE][PASSED] - Keys 'ENTER + ' sent to object: 'Object Repository/1-OBJECTS TAREAS PRINCIPALES/Modulo Tarea Listado Hojas de Vida/Crear Nueva Hoja de Vida/input_Ubicacin Geogrfica_formPopUpUbicacionj_idt921'

2022-06-10 08:29:51 - [TEST_STEP][PASSED] - click(findTestObject("1-OBJECTS TAREAS PRINCIPALES/Modulo Tarea Listado Hojas de Vida/Crear Nueva Hoja de Vida/td_11001     BOGOT")): Object: 'Object Repository/1-OBJECTS TAREAS PRINCIPALES/Modulo Tarea Listado Hojas de Vida/Crear Nueva Hoja de Vida/td_11001     BOGOT' is clicked on

2022-06-10 08:29:51 - [MESSAGE][PASSED] - Object: 'Object Repository/1-OBJECTS TAREAS PRINCIPALES/Modulo Tarea Listado Hojas de Vida/Crear Nueva Hoja de Vida/td_11001     BOGOT' is clicked on

2022-06-10 08:29:51 - [TEST_STEP][PASSED] - click(findTestObject("1-OBJECTS TAREAS PRINCIPALES/Modulo Tarea Listado Hojas de Vida/Crear Nueva Hoja de Vida/a__hojaVidaseccionj_idt21412j_idt254")): Object: 'Object Repository/1-OBJECTS TAREAS PRINCIPALES/Modulo Tarea Listado Hojas de Vida/Crear Nueva Hoja de Vida/a__hojaVidaseccionj_idt21412j_idt254' is clicked on

2022-06-10 08:29:52 - [MESSAGE][PASSED] - Object: 'Object Repository/1-OBJECTS TAREAS PRINCIPALES/Modulo Tarea Listado Hojas de Vida/Crear Nueva Hoja de Vida/a__hojaVidaseccionj_idt21412j_idt254' is clicked on

2022-06-10 08:29:52 - [TEST_STEP][PASSED] - setText(findTestObject("1-OBJECTS TAREAS PRINCIPALES/Modulo Tarea Listado Hojas de Vida/Crear Nueva Hoja de Vida/input_Nacionalidad_j_idt930j_idt935"), "Colombiana"): Text 'Colombiana' is set on object 'Object Repository/1-OBJECTS TAREAS PRINCIPALES/Modulo Tarea Listado Hojas de Vida/Crear Nueva Hoja de Vida/input_Nacionalidad_j_idt930j_idt935'

2022-06-10 08:29:53 - [MESSAGE][PASSED] - Text 'Colombiana' is set on object 'Object Repository/1-OBJECTS TAREAS PRINCIPALES/Modulo Tarea Listado Hojas de Vida/Crear Nueva Hoja de Vida/input_Nacionalidad_j_idt930j_idt935'

2022-06-10 08:29:53 - [TEST_STEP][PASSED] - sendKeys(findTestObject("1-OBJECTS TAREAS PRINCIPALES/Modulo Tarea Listado Hojas de Vida/Crear Nueva Hoja de Vida/input_Nacionalidad_j_idt930j_idt935"), Keys.chord(ENTER)): Keys 'ENTER + ' sent to object: 'Object Repository/1-OBJECTS TAREAS PRINCIPALES/Modulo Tarea Listado Hojas de Vida/Crear Nueva Hoja de Vida/input_Nacionalidad_j_idt930j_idt935'

2022-06-10 08:29:54 - [MESSAGE][PASSED] - Keys 'ENTER + ' sent to object: 'Object Repository/1-OBJECTS TAREAS PRINCIPALES/Modulo Tarea Listado Hojas de Vida/Crear Nueva Hoja de Vida/input_Nacionalidad_j_idt930j_idt935'

2022-06-10 08:29:54 - [TEST_STEP][PASSED] - click(findTestObject("1-OBJECTS TAREAS PRINCIPALES/Modulo Tarea Listado Hojas de Vida/Crear Nueva Hoja de Vida/span_Colombiana")): Object: 'Object Repository/1-OBJECTS TAREAS PRINCIPALES/Modulo Tarea Listado Hojas de Vida/Crear Nueva Hoja de Vida/span_Colombiana' is clicked on

2022-06-10 08:29:55 - [MESSAGE][PASSED] - Object: 'Object Repository/1-OBJECTS TAREAS PRINCIPALES/Modulo Tarea Listado Hojas de Vida/Crear Nueva Hoja de Vida/span_Colombiana' is clicked on

2022-06-10 08:29:55 - [TEST_STEP][PASSED] - waitForElementClickable(findTestObject("1-OBJECTS TAREAS PRINCIPALES/Modulo Tarea Listado Hojas de Vida/Crear Nueva Hoja de Vida/a_Continuar"), G_TimeOut): Object 'Object Repository/1-OBJECTS TAREAS PRINCIPALES/Modulo Tarea Listado Hojas de Vida/Crear Nueva Hoja de Vida/a_Continuar' is clickable

2022-06-10 08:29:55 - [MESSAGE][PASSED] - Object 'Object Repository/1-OBJECTS TAREAS PRINCIPALES/Modulo Tarea Listado Hojas de Vida/Crear Nueva Hoja de Vida/a_Continuar' is clickable

2022-06-10 08:29:55 - [TEST_STEP][PASSED] - click(findTestObject("1-OBJECTS TAREAS PRINCIPALES/Modulo Tarea Listado Hojas de Vida/Crear Nueva Hoja de Vida/a_Continuar")): Object: 'Object Repository/1-OBJECTS TAREAS PRINCIPALES/Modulo Tarea Listado Hojas de Vida/Crear Nueva Hoja de Vida/a_Continuar' is clicked on

2022-06-10 08:29:56 - [MESSAGE][PASSED] - Object: 'Object Repository/1-OBJECTS TAREAS PRINCIPALES/Modulo Tarea Listado Hojas de Vida/Crear Nueva Hoja de Vida/a_Continuar' is clicked on

2022-06-10 08:29:56 - [TEST_STEP][PASSED] - waitForElementClickable(findTestObject("1-OBJECTS TAREAS PRINCIPALES/Modulo Tarea Listado Hojas de Vida/Crear Nueva Hoja de Vida/a_Aceptar"), G_TimeOut): Object 'Object Repository/1-OBJECTS TAREAS PRINCIPALES/Modulo Tarea Listado Hojas de Vida/Crear Nueva Hoja de Vida/a_Aceptar' is clickable

2022-06-10 08:29:57 - [MESSAGE][PASSED] - Object 'Object Repository/1-OBJECTS TAREAS PRINCIPALES/Modulo Tarea Listado Hojas de Vida/Crear Nueva Hoja de Vida/a_Aceptar' is clickable

2022-06-10 08:29:57 - [TEST_STEP][PASSED] - click(findTestObject("1-OBJECTS TAREAS PRINCIPALES/Modulo Tarea Listado Hojas de Vida/Crear Nueva Hoja de Vida/a_Aceptar"), STOP_ON_FAILURE): Object: 'Object Repository/1-OBJECTS TAREAS PRINCIPALES/Modulo Tarea Listado Hojas de Vida/Crear Nueva Hoja de Vida/a_Aceptar' is clicked on

2022-06-10 08:29:58 - [MESSAGE][PASSED] - Object: 'Object Repository/1-OBJECTS TAREAS PRINCIPALES/Modulo Tarea Listado Hojas de Vida/Crear Nueva Hoja de Vida/a_Aceptar' is clicked on

2022-06-10 08:29:58 - [TEST_STEP][PASSED] - if (waitForElementVisible(findTestObject("1-OBJECTS TAREAS PRINCIPALES/Modulo Tarea Listado Hojas de Vida/Crear Nueva Hoja de Vida/a_Actualizar Respuesta"), 1)): null

2022-06-10 08:29:58 - [MESSAGE][PASSED] - Object 'Object Repository/1-OBJECTS TAREAS PRINCIPALES/Modulo Tarea Listado Hojas de Vida/Crear Nueva Hoja de Vida/a_Actualizar Respuesta' is visible

2022-06-10 08:29:58 - [TEST_STEP][PASSED] - closeBrowser(): Browser is closed

2022-06-10 08:29:59 - [MESSAGE][PASSED] - Browser is closed

2022-06-10 08:29:59 - [TEST_STEP][PASSED] - return identificacion: null

2022-06-10 08:29:59 - [MESSAGE][PASSED] - Call Test Case 'Test Cases/1.1-Tareas Principales/1.1.1-Crear Nueva Hoja de Vida' successfully

2022-06-10 08:29:59 - [TEST_STEP][PASSED] - callTestCase(findTestCase("Utilidades-(atajos_para _tareas)/Tareas Actos Administrativos/Tarea Actos Administrativos"), [:], STOP_ON_FAILURE): Call Test Case 'Test Cases/Utilidades-(atajos_para _tareas)/Tareas Actos Administrativos/Tarea Actos Administrativos' successfully

2022-06-10 08:29:59 - [TEST_CASE][PASSED] - Test Cases/Utilidades-(atajos_para _tareas)/Tareas Actos Administrativos/Tarea Actos Administrativos: Test Cases/Utilidades-(atajos_para _tareas)/Tareas Actos Administrativos/Tarea Actos Administrativos

2022-06-10 08:30:00 - [TEST_STEP][PASSED] - callTestCase(findTestCase("0.1-Login"), [:], STOP_ON_FAILURE): Call Test Case 'Test Cases/0.1-Login' successfully

2022-06-10 08:30:00 - [TEST_CASE][PASSED] - Test Cases/0.1-Login: Test Cases/0.1-Login

2022-06-10 08:30:00 - [TEST_STEP][PASSED] - openBrowser(""): Browser is opened with url: ''

2022-06-10 08:30:00 - [MESSAGE][INFO] - Starting 'Chrome' driver

2022-06-10 08:30:00 - [MESSAGE][INFO] - Action delay is set to 0 milliseconds

2022-06-10 08:30:01 - [MESSAGE][PASSED] - Browser is opened with url: ''

2022-06-10 08:30:01 - [TEST_STEP][PASSED] - maximizeWindow(): Current window maximized

2022-06-10 08:30:01 - [MESSAGE][PASSED] - Current window maximized

2022-06-10 08:30:01 - [TEST_STEP][PASSED] - i = G_Login: null

2022-06-10 08:30:01 - [TEST_STEP][PASSED] - url = new java.net.URL(i): null

2022-06-10 08:30:01 - [TEST_STEP][PASSED] - println("URL: " + url.toString()): null

2022-06-10 08:30:01 - [TEST_STEP][PASSED] - connection = url.openConnection(): null

2022-06-10 08:30:01 - [TEST_STEP][PASSED] - connection.setRequestMethod("GET"): null

2022-06-10 08:30:01 - [TEST_STEP][PASSED] - connection.setReadTimeout(2 * 1000): null

2022-06-10 08:30:01 - [TEST_STEP][PASSED] - try: null

2022-06-10 08:30:01 - [TEST_STEP][PASSED] - connection.connect(): null

2022-06-10 08:30:01 - [TEST_STEP][PASSED] - flag = connected: null

2022-06-10 08:30:01 - [TEST_STEP][PASSED] - println("Valor_ori: " + flag): null

2022-06-10 08:30:01 - [TEST_STEP][PASSED] - if (flag): null

2022-06-10 08:30:01 - [TEST_STEP][PASSED] - navigateToUrl(i): Navigate to 'http://192.168.2.19:8380/saraweb' successfully

2022-06-10 08:30:01 - [MESSAGE][PASSED] - Navigate to 'http://192.168.2.19:8380/saraweb' successfully

2022-06-10 08:30:01 - [TEST_STEP][PASSED] - a(): null

2022-06-10 08:30:01 - [TEST_STEP][PASSED] - setText(findTestObject("3-OBJECTS UTILIDADES/Login/input_USUARIO_loginusuario"), G_Usuario): Text 'saraadmin' is set on object 'Object Repository/3-OBJECTS UTILIDADES/Login/input_USUARIO_loginusuario'

2022-06-10 08:30:02 - [MESSAGE][PASSED] - Text 'saraadmin' is set on object 'Object Repository/3-OBJECTS UTILIDADES/Login/input_USUARIO_loginusuario'

2022-06-10 08:30:02 - [TEST_STEP][PASSED] - setEncryptedText(findTestObject("3-OBJECTS UTILIDADES/Login/input_CLAVE_loginpassword"), "MkG4/TYiCFC3cb2driP7+Q=="): Text ****** has been set on object 'Object Repository/3-OBJECTS UTILIDADES/Login/input_CLAVE_loginpassword'

2022-06-10 08:30:03 - [MESSAGE][PASSED] - Text ****** has been set on object 'Object Repository/3-OBJECTS UTILIDADES/Login/input_CLAVE_loginpassword'

2022-06-10 08:30:03 - [TEST_STEP][PASSED] - waitForElementClickable(findTestObject("3-OBJECTS UTILIDADES/Login/a_Ingresar"), G_TimeOut): Object 'Object Repository/3-OBJECTS UTILIDADES/Login/a_Ingresar' is clickable

2022-06-10 08:30:03 - [MESSAGE][PASSED] - Object 'Object Repository/3-OBJECTS UTILIDADES/Login/a_Ingresar' is clickable

2022-06-10 08:30:03 - [TEST_STEP][PASSED] - click(findTestObject("3-OBJECTS UTILIDADES/Login/a_Ingresar")): Object: 'Object Repository/3-OBJECTS UTILIDADES/Login/a_Ingresar' is clicked on

2022-06-10 08:30:05 - [MESSAGE][PASSED] - Object: 'Object Repository/3-OBJECTS UTILIDADES/Login/a_Ingresar' is clicked on

2022-06-10 08:30:05 - [TEST_STEP][PASSED] - element = findWebElement(findTestObject("3-OBJECTS UTILIDADES/Login/a_Ir"), 30): null

2022-06-10 08:30:05 - [TEST_STEP][PASSED] - executeJavaScript("arguments[0].click()", Arrays.asList(element)): Execute JavaScript 'arguments[0].click()' successfully

2022-06-10 08:30:05 - [MESSAGE][PASSED] - Execute JavaScript 'arguments[0].click()' successfully

2022-06-10 08:30:05 - [MESSAGE][PASSED] - Call Test Case 'Test Cases/0.1-Login' successfully

2022-06-10 08:30:05 - [TEST_STEP][PASSED] - waitForElementClickable(findTestObject("1-OBJECTS TAREAS PRINCIPALES/Modulo Tarea Actos Administrativos/Tarea Actos Administrativos/input_ADMINISTRADOR DEL SISTEMA"), G_TimeOut): Object 'Object Repository/1-OBJECTS TAREAS PRINCIPALES/Modulo Tarea Actos Administrativos/Tarea Actos Administrativos/input_ADMINISTRADOR DEL SISTEMA' is clickable

2022-06-10 08:30:06 - [MESSAGE][PASSED] - Object 'Object Repository/1-OBJECTS TAREAS PRINCIPALES/Modulo Tarea Actos Administrativos/Tarea Actos Administrativos/input_ADMINISTRADOR DEL SISTEMA' is clickable

2022-06-10 08:30:06 - [TEST_STEP][PASSED] - setText(findTestObject("1-OBJECTS TAREAS PRINCIPALES/Modulo Tarea Actos Administrativos/Tarea Actos Administrativos/input_ADMINISTRADOR DEL SISTEMA"), "Actos Administrativos"): Text 'Actos Administrativos' is set on object 'Object Repository/1-OBJECTS TAREAS PRINCIPALES/Modulo Tarea Actos Administrativos/Tarea Actos Administrativos/input_ADMINISTRADOR DEL SISTEMA'

2022-06-10 08:30:07 - [MESSAGE][PASSED] - Text 'Actos Administrativos' is set on object 'Object Repository/1-OBJECTS TAREAS PRINCIPALES/Modulo Tarea Actos Administrativos/Tarea Actos Administrativos/input_ADMINISTRADOR DEL SISTEMA'

2022-06-10 08:30:07 - [TEST_STEP][PASSED] - waitForElementVisible(findTestObject("1-OBJECTS TAREAS PRINCIPALES/Modulo Tarea Actos Administrativos/Tarea Actos Administrativos/span_Tarea actos administrativos"), 0): Object 'Object Repository/1-OBJECTS TAREAS PRINCIPALES/Modulo Tarea Actos Administrativos/Tarea Actos Administrativos/span_Tarea actos administrativos' is visible

2022-06-10 08:30:07 - [MESSAGE][WARNING] - Timeout '0' is invalid. Using default page load timeout: '37'

2022-06-10 08:30:08 - [MESSAGE][PASSED] - Object 'Object Repository/1-OBJECTS TAREAS PRINCIPALES/Modulo Tarea Actos Administrativos/Tarea Actos Administrativos/span_Tarea actos administrativos' is visible

2022-06-10 08:30:08 - [TEST_STEP][PASSED] - click(findTestObject("1-OBJECTS TAREAS PRINCIPALES/Modulo Tarea Actos Administrativos/Tarea Actos Administrativos/span_Tarea actos administrativos")): Object: 'Object Repository/1-OBJECTS TAREAS PRINCIPALES/Modulo Tarea Actos Administrativos/Tarea Actos Administrativos/span_Tarea actos administrativos' is clicked on

2022-06-10 08:30:08 - [MESSAGE][PASSED] - Object: 'Object Repository/1-OBJECTS TAREAS PRINCIPALES/Modulo Tarea Actos Administrativos/Tarea Actos Administrativos/span_Tarea actos administrativos' is clicked on

2022-06-10 08:30:08 - [MESSAGE][PASSED] - Call Test Case 'Test Cases/Utilidades-(atajos_para _tareas)/Tareas Actos Administrativos/Tarea Actos Administrativos' successfully

2022-06-10 08:30:08 - [TEST_STEP][PASSED] - waitForElementClickable(findTestObject("1-OBJECTS TAREAS PRINCIPALES/Modulo Tarea Actos Administrativos/Acto Cambio Empleado/i_Actos_glyphicons glyphicons-group"), G_TimeOut): Object 'Object Repository/1-OBJECTS TAREAS PRINCIPALES/Modulo Tarea Actos Administrativos/Acto Cambio Empleado/i_Actos_glyphicons glyphicons-group' is clickable

2022-06-10 08:30:09 - [MESSAGE][PASSED] - Object 'Object Repository/1-OBJECTS TAREAS PRINCIPALES/Modulo Tarea Actos Administrativos/Acto Cambio Empleado/i_Actos_glyphicons glyphicons-group' is clickable

2022-06-10 08:30:09 - [TEST_STEP][PASSED] - click(findTestObject("1-OBJECTS TAREAS PRINCIPALES/Modulo Tarea Actos Administrativos/Acto Cambio Empleado/i_Actos_glyphicons glyphicons-group")): Object: 'Object Repository/1-OBJECTS TAREAS PRINCIPALES/Modulo Tarea Actos Administrativos/Acto Cambio Empleado/i_Actos_glyphicons glyphicons-group' is clicked on

2022-06-10 08:30:09 - [MESSAGE][PASSED] - Object: 'Object Repository/1-OBJECTS TAREAS PRINCIPALES/Modulo Tarea Actos Administrativos/Acto Cambio Empleado/i_Actos_glyphicons glyphicons-group' is clicked on

2022-06-10 08:30:09 - [TEST_STEP][PASSED] - waitForElementClickable(findTestObject("1-OBJECTS TAREAS PRINCIPALES/Modulo Tarea Actos Administrativos/Acto Cambio Empleado/a_Acto cambio del Empleado_form"), G_TimeOut): Object 'Object Repository/1-OBJECTS TAREAS PRINCIPALES/Modulo Tarea Actos Administrativos/Acto Cambio Empleado/a_Acto cambio del Empleado_form' is clickable

2022-06-10 08:30:10 - [MESSAGE][PASSED] - Object 'Object Repository/1-OBJECTS TAREAS PRINCIPALES/Modulo Tarea Actos Administrativos/Acto Cambio Empleado/a_Acto cambio del Empleado_form' is clickable

2022-06-10 08:30:10 - [TEST_STEP][PASSED] - click(findTestObject("1-OBJECTS TAREAS PRINCIPALES/Modulo Tarea Actos Administrativos/Acto Cambio Empleado/a_Acto cambio del Empleado_form")): Object: 'Object Repository/1-OBJECTS TAREAS PRINCIPALES/Modulo Tarea Actos Administrativos/Acto Cambio Empleado/a_Acto cambio del Empleado_form' is clicked on

2022-06-10 08:30:10 - [MESSAGE][PASSED] - Object: 'Object Repository/1-OBJECTS TAREAS PRINCIPALES/Modulo Tarea Actos Administrativos/Acto Cambio Empleado/a_Acto cambio del Empleado_form' is clicked on

2022-06-10 08:30:10 - [TEST_STEP][PASSED] - waitForElementClickable(findTestObject("1-OBJECTS TAREAS PRINCIPALES/Modulo Tarea Actos Administrativos/Acto Cambio Empleado/span_Nomina"), G_TimeOut): Object 'Object Repository/1-OBJECTS TAREAS PRINCIPALES/Modulo Tarea Actos Administrativos/Acto Cambio Empleado/span_Nomina' is clickable

2022-06-10 08:30:11 - [MESSAGE][PASSED] - Object 'Object Repository/1-OBJECTS TAREAS PRINCIPALES/Modulo Tarea Actos Administrativos/Acto Cambio Empleado/span_Nomina' is clickable

2022-06-10 08:30:11 - [TEST_STEP][PASSED] - click(findTestObject("1-OBJECTS TAREAS PRINCIPALES/Modulo Tarea Actos Administrativos/Acto Cambio Empleado/span_Nomina")): Object: 'Object Repository/1-OBJECTS TAREAS PRINCIPALES/Modulo Tarea Actos Administrativos/Acto Cambio Empleado/span_Nomina' is clicked on

2022-06-10 08:30:11 - [MESSAGE][PASSED] - Object: 'Object Repository/1-OBJECTS TAREAS PRINCIPALES/Modulo Tarea Actos Administrativos/Acto Cambio Empleado/span_Nomina' is clicked on

2022-06-10 08:30:11 - [TEST_STEP][PASSED] - waitForElementClickable(findTestObject("1-OBJECTS TAREAS PRINCIPALES/Modulo Tarea Actos Administrativos/Acto Cambio Empleado/span_ingreso definitivo indefinido salario basico"), G_TimeOut): Web element with id: 'Object Repository/1-OBJECTS TAREAS PRINCIPALES/Modulo Tarea Actos Administrativos/Acto Cambio Empleado/span_ingreso definitivo indefinido salario basico' located by '//li[19]/span/span[3]/div/a/span' not found

2022-06-10 08:30:23 - [MESSAGE][INFO] - Unable to find the element located by 'By.xpath: //li[19]/span/span[3]/div/a/span'. Please recheck the objects properties to make sure the desired element is located. 

2022-06-10 08:30:23 - [MESSAGE][WARNING] - Web element with id: 'Object Repository/1-OBJECTS TAREAS PRINCIPALES/Modulo Tarea Actos Administrativos/Acto Cambio Empleado/span_ingreso definitivo indefinido salario basico' located by '//li[19]/span/span[3]/div/a/span' not found

2022-06-10 08:30:23 - [TEST_STEP][FAILED] - click(findTestObject("1-OBJECTS TAREAS PRINCIPALES/Modulo Tarea Actos Administrativos/Acto Cambio Empleado/span_ingreso definitivo indefinido salario basico")): Unable to click on object 'Object Repository/1-OBJECTS TAREAS PRINCIPALES/Modulo Tarea Actos Administrativos/Acto Cambio Empleado/span_ingreso definitivo indefinido salario basico' (Root cause: com.kms.katalon.core.exception.StepFailedException: Unable to click on object 'Object Repository/1-OBJECTS TAREAS PRINCIPALES/Modulo Tarea Actos Administrativos/Acto Cambio Empleado/span_ingreso definitivo indefinido salario basico'
	at com.kms.katalon.core.webui.keyword.internal.WebUIKeywordMain.stepFailed(WebUIKeywordMain.groovy:64)
	at com.kms.katalon.core.webui.keyword.internal.WebUIKeywordMain.runKeyword(WebUIKeywordMain.groovy:26)
	at com.kms.katalon.core.webui.keyword.builtin.ClickKeyword.click(ClickKeyword.groovy:74)
	at com.kms.katalon.core.webui.keyword.builtin.ClickKeyword.execute(ClickKeyword.groovy:40)
	at com.kms.katalon.core.keyword.internal.KeywordExecutor.executeKeywordForPlatform(KeywordExecutor.groovy:74)
	at com.kms.katalon.core.webui.keyword.WebUiBuiltInKeywords.click(WebUiBuiltInKeywords.groovy:620)
	at com.kms.katalon.core.webui.keyword.WebUiBuiltInKeywords$click$5.call(Unknown Source)
	at Acto Cambio del Empleado.run(Acto Cambio del Empleado:43)
	at com.kms.katalon.core.main.ScriptEngine.run(ScriptEngine.java:194)
	at com.kms.katalon.core.main.ScriptEngine.runScriptAsRawText(ScriptEngine.java:119)
	at com.kms.katalon.core.main.TestCaseExecutor.runScript(TestCaseExecutor.java:445)
	at com.kms.katalon.core.main.TestCaseExecutor.doExecute(TestCaseExecutor.java:436)
	at com.kms.katalon.core.main.TestCaseExecutor.processExecutionPhase(TestCaseExecutor.java:415)
	at com.kms.katalon.core.main.TestCaseExecutor.accessMainPhase(TestCaseExecutor.java:407)
	at com.kms.katalon.core.main.TestCaseExecutor.execute(TestCaseExecutor.java:284)
	at com.kms.katalon.core.main.TestCaseMain.runTestCase(TestCaseMain.java:142)
	at com.kms.katalon.core.keyword.builtin.CallTestCaseKeyword$_callTestCase_closure1.doCall(CallTestCaseKeyword.groovy:59)
	at com.kms.katalon.core.keyword.builtin.CallTestCaseKeyword$_callTestCase_closure1.call(CallTestCaseKeyword.groovy)
	at com.kms.katalon.core.keyword.internal.KeywordMain.runKeyword(KeywordMain.groovy:74)
	at com.kms.katalon.core.keyword.builtin.CallTestCaseKeyword.callTestCase(CallTestCaseKeyword.groovy:81)
	at com.kms.katalon.core.keyword.builtin.CallTestCaseKeyword.execute(CallTestCaseKeyword.groovy:44)
	at com.kms.katalon.core.keyword.internal.KeywordExecutor.executeKeywordForPlatform(KeywordExecutor.groovy:74)
	at com.kms.katalon.core.keyword.BuiltinKeywords.callTestCase(BuiltinKeywords.groovy:334)
	at 1.1.3-Elaboracion Acto Cambio del Empleado y derogacion.run(1.1.3-Elaboracion Acto Cambio del Empleado y derogacion:20)
	at com.kms.katalon.core.main.ScriptEngine.run(ScriptEngine.java:194)
	at com.kms.katalon.core.main.ScriptEngine.runScriptAsRawText(ScriptEngine.java:119)
	at com.kms.katalon.core.main.TestCaseExecutor.runScript(TestCaseExecutor.java:445)
	at com.kms.katalon.core.main.TestCaseExecutor.doExecute(TestCaseExecutor.java:436)
	at com.kms.katalon.core.main.TestCaseExecutor.processExecutionPhase(TestCaseExecutor.java:415)
	at com.kms.katalon.core.main.TestCaseExecutor.accessMainPhase(TestCaseExecutor.java:407)
	at com.kms.katalon.core.main.TestCaseExecutor.execute(TestCaseExecutor.java:284)
	at com.kms.katalon.core.common.CommonExecutor.accessTestCaseMainPhase(CommonExecutor.java:65)
	at com.kms.katalon.core.main.TestSuiteExecutor.accessTestSuiteMainPhase(TestSuiteExecutor.java:144)
	at com.kms.katalon.core.main.TestSuiteExecutor.execute(TestSuiteExecutor.java:106)
	at com.kms.katalon.core.main.TestCaseMain.startTestSuite(TestCaseMain.java:185)
	at com.kms.katalon.core.main.TestCaseMain$startTestSuite$0.call(Unknown Source)
	at TempTestSuite1654867643956.run(TempTestSuite1654867643956.groovy:36)
Caused by: com.kms.katalon.core.webui.exception.WebElementNotFoundException: Web element with id: 'Object Repository/1-OBJECTS TAREAS PRINCIPALES/Modulo Tarea Actos Administrativos/Acto Cambio Empleado/span_ingreso definitivo indefinido salario basico' located by '//li[19]/span/span[3]/div/a/span' not found
	at com.kms.katalon.core.webui.common.WebUiCommonHelper.findWebElement(WebUiCommonHelper.java:1370)
	at com.kms.katalon.core.webui.keyword.internal.WebUIAbstractKeyword.findWebElement(WebUIAbstractKeyword.groovy:27)
	at com.kms.katalon.core.webui.keyword.builtin.ClickKeyword$_click_closure1.doCall(ClickKeyword.groovy:65)
	at com.kms.katalon.core.webui.keyword.builtin.ClickKeyword$_click_closure1.call(ClickKeyword.groovy)
	at com.kms.katalon.core.webui.keyword.internal.WebUIKeywordMain.runKeyword(WebUIKeywordMain.groovy:20)
	at com.kms.katalon.core.webui.keyword.builtin.ClickKeyword.click(ClickKeyword.groovy:74)
	at com.kms.katalon.core.webui.keyword.builtin.ClickKeyword.execute(ClickKeyword.groovy:40)
	at com.kms.katalon.core.keyword.internal.KeywordExecutor.executeKeywordForPlatform(KeywordExecutor.groovy:74)
	at com.kms.katalon.core.webui.keyword.WebUiBuiltInKeywords.click(WebUiBuiltInKeywords.groovy:620)
	at com.kms.katalon.core.webui.keyword.WebUiBuiltInKeywords$click$5.call(Unknown Source)
	at Script1640007333221.run(Script1640007333221.groovy:43)
	at com.kms.katalon.core.main.ScriptEngine.run(ScriptEngine.java:194)
	at com.kms.katalon.core.main.ScriptEngine.runScriptAsRawText(ScriptEngine.java:119)
	at com.kms.katalon.core.main.TestCaseExecutor.runScript(TestCaseExecutor.java:445)
	at com.kms.katalon.core.main.TestCaseExecutor.doExecute(TestCaseExecutor.java:436)
	at com.kms.katalon.core.main.TestCaseExecutor.processExecutionPhase(TestCaseExecutor.java:415)
	at com.kms.katalon.core.main.TestCaseExecutor.accessMainPhase(TestCaseExecutor.java:407)
	at com.kms.katalon.core.main.TestCaseExecutor.execute(TestCaseExecutor.java:284)
	at com.kms.katalon.core.main.TestCaseMain.runTestCase(TestCaseMain.java:142)
	at com.kms.katalon.core.keyword.builtin.CallTestCaseKeyword$_callTestCase_closure1.doCall(CallTestCaseKeyword.groovy:59)
	at com.kms.katalon.core.keyword.builtin.CallTestCaseKeyword$_callTestCase_closure1.call(CallTestCaseKeyword.groovy)
	at com.kms.katalon.core.keyword.internal.KeywordMain.runKeyword(KeywordMain.groovy:74)
	at com.kms.katalon.core.keyword.builtin.CallTestCaseKeyword.callTestCase(CallTestCaseKeyword.groovy:81)
	at com.kms.katalon.core.keyword.builtin.CallTestCaseKeyword.execute(CallTestCaseKeyword.groovy:44)
	at com.kms.katalon.core.keyword.internal.KeywordExecutor.executeKeywordForPlatform(KeywordExecutor.groovy:74)
	at com.kms.katalon.core.keyword.BuiltinKeywords.callTestCase(BuiltinKeywords.groovy:334)
	at Script1641929082220.run(Script1641929082220.groovy:20)
	... 13 more
)

2022-06-10 08:31:01 - [MESSAGE][INFO] - Unable to find the element located by 'By.xpath: //li[19]/span/span[3]/div/a/span'. Please recheck the objects properties to make sure the desired element is located. 

2022-06-10 08:31:01 - [MESSAGE][FAILED] - Unable to click on object 'Object Repository/1-OBJECTS TAREAS PRINCIPALES/Modulo Tarea Actos Administrativos/Acto Cambio Empleado/span_ingreso definitivo indefinido salario basico' (Root cause: com.kms.katalon.core.exception.StepFailedException: Unable to click on object 'Object Repository/1-OBJECTS TAREAS PRINCIPALES/Modulo Tarea Actos Administrativos/Acto Cambio Empleado/span_ingreso definitivo indefinido salario basico'
	at com.kms.katalon.core.webui.keyword.internal.WebUIKeywordMain.stepFailed(WebUIKeywordMain.groovy:64)
	at com.kms.katalon.core.webui.keyword.internal.WebUIKeywordMain.runKeyword(WebUIKeywordMain.groovy:26)
	at com.kms.katalon.core.webui.keyword.builtin.ClickKeyword.click(ClickKeyword.groovy:74)
	at com.kms.katalon.core.webui.keyword.builtin.ClickKeyword.execute(ClickKeyword.groovy:40)
	at com.kms.katalon.core.keyword.internal.KeywordExecutor.executeKeywordForPlatform(KeywordExecutor.groovy:74)
	at com.kms.katalon.core.webui.keyword.WebUiBuiltInKeywords.click(WebUiBuiltInKeywords.groovy:620)
	at com.kms.katalon.core.webui.keyword.WebUiBuiltInKeywords$click$5.call(Unknown Source)
	at Acto Cambio del Empleado.run(Acto Cambio del Empleado:43)
	at com.kms.katalon.core.main.ScriptEngine.run(ScriptEngine.java:194)
	at com.kms.katalon.core.main.ScriptEngine.runScriptAsRawText(ScriptEngine.java:119)
	at com.kms.katalon.core.main.TestCaseExecutor.runScript(TestCaseExecutor.java:445)
	at com.kms.katalon.core.main.TestCaseExecutor.doExecute(TestCaseExecutor.java:436)
	at com.kms.katalon.core.main.TestCaseExecutor.processExecutionPhase(TestCaseExecutor.java:415)
	at com.kms.katalon.core.main.TestCaseExecutor.accessMainPhase(TestCaseExecutor.java:407)
	at com.kms.katalon.core.main.TestCaseExecutor.execute(TestCaseExecutor.java:284)
	at com.kms.katalon.core.main.TestCaseMain.runTestCase(TestCaseMain.java:142)
	at com.kms.katalon.core.keyword.builtin.CallTestCaseKeyword$_callTestCase_closure1.doCall(CallTestCaseKeyword.groovy:59)
	at com.kms.katalon.core.keyword.builtin.CallTestCaseKeyword$_callTestCase_closure1.call(CallTestCaseKeyword.groovy)
	at com.kms.katalon.core.keyword.internal.KeywordMain.runKeyword(KeywordMain.groovy:74)
	at com.kms.katalon.core.keyword.builtin.CallTestCaseKeyword.callTestCase(CallTestCaseKeyword.groovy:81)
	at com.kms.katalon.core.keyword.builtin.CallTestCaseKeyword.execute(CallTestCaseKeyword.groovy:44)
	at com.kms.katalon.core.keyword.internal.KeywordExecutor.executeKeywordForPlatform(KeywordExecutor.groovy:74)
	at com.kms.katalon.core.keyword.BuiltinKeywords.callTestCase(BuiltinKeywords.groovy:334)
	at 1.1.3-Elaboracion Acto Cambio del Empleado y derogacion.run(1.1.3-Elaboracion Acto Cambio del Empleado y derogacion:20)
	at com.kms.katalon.core.main.ScriptEngine.run(ScriptEngine.java:194)
	at com.kms.katalon.core.main.ScriptEngine.runScriptAsRawText(ScriptEngine.java:119)
	at com.kms.katalon.core.main.TestCaseExecutor.runScript(TestCaseExecutor.java:445)
	at com.kms.katalon.core.main.TestCaseExecutor.doExecute(TestCaseExecutor.java:436)
	at com.kms.katalon.core.main.TestCaseExecutor.processExecutionPhase(TestCaseExecutor.java:415)
	at com.kms.katalon.core.main.TestCaseExecutor.accessMainPhase(TestCaseExecutor.java:407)
	at com.kms.katalon.core.main.TestCaseExecutor.execute(TestCaseExecutor.java:284)
	at com.kms.katalon.core.common.CommonExecutor.accessTestCaseMainPhase(CommonExecutor.java:65)
	at com.kms.katalon.core.main.TestSuiteExecutor.accessTestSuiteMainPhase(TestSuiteExecutor.java:144)
	at com.kms.katalon.core.main.TestSuiteExecutor.execute(TestSuiteExecutor.java:106)
	at com.kms.katalon.core.main.TestCaseMain.startTestSuite(TestCaseMain.java:185)
	at com.kms.katalon.core.main.TestCaseMain$startTestSuite$0.call(Unknown Source)
	at TempTestSuite1654867643956.run(TempTestSuite1654867643956.groovy:36)
Caused by: com.kms.katalon.core.webui.exception.WebElementNotFoundException: Web element with id: 'Object Repository/1-OBJECTS TAREAS PRINCIPALES/Modulo Tarea Actos Administrativos/Acto Cambio Empleado/span_ingreso definitivo indefinido salario basico' located by '//li[19]/span/span[3]/div/a/span' not found
	at com.kms.katalon.core.webui.common.WebUiCommonHelper.findWebElement(WebUiCommonHelper.java:1370)
	at com.kms.katalon.core.webui.keyword.internal.WebUIAbstractKeyword.findWebElement(WebUIAbstractKeyword.groovy:27)
	at com.kms.katalon.core.webui.keyword.builtin.ClickKeyword$_click_closure1.doCall(ClickKeyword.groovy:65)
	at com.kms.katalon.core.webui.keyword.builtin.ClickKeyword$_click_closure1.call(ClickKeyword.groovy)
	at com.kms.katalon.core.webui.keyword.internal.WebUIKeywordMain.runKeyword(WebUIKeywordMain.groovy:20)
	at com.kms.katalon.core.webui.keyword.builtin.ClickKeyword.click(ClickKeyword.groovy:74)
	at com.kms.katalon.core.webui.keyword.builtin.ClickKeyword.execute(ClickKeyword.groovy:40)
	at com.kms.katalon.core.keyword.internal.KeywordExecutor.executeKeywordForPlatform(KeywordExecutor.groovy:74)
	at com.kms.katalon.core.webui.keyword.WebUiBuiltInKeywords.click(WebUiBuiltInKeywords.groovy:620)
	at com.kms.katalon.core.webui.keyword.WebUiBuiltInKeywords$click$5.call(Unknown Source)
	at Script1640007333221.run(Script1640007333221.groovy:43)
	at com.kms.katalon.core.main.ScriptEngine.run(ScriptEngine.java:194)
	at com.kms.katalon.core.main.ScriptEngine.runScriptAsRawText(ScriptEngine.java:119)
	at com.kms.katalon.core.main.TestCaseExecutor.runScript(TestCaseExecutor.java:445)
	at com.kms.katalon.core.main.TestCaseExecutor.doExecute(TestCaseExecutor.java:436)
	at com.kms.katalon.core.main.TestCaseExecutor.processExecutionPhase(TestCaseExecutor.java:415)
	at com.kms.katalon.core.main.TestCaseExecutor.accessMainPhase(TestCaseExecutor.java:407)
	at com.kms.katalon.core.main.TestCaseExecutor.execute(TestCaseExecutor.java:284)
	at com.kms.katalon.core.main.TestCaseMain.runTestCase(TestCaseMain.java:142)
	at com.kms.katalon.core.keyword.builtin.CallTestCaseKeyword$_callTestCase_closure1.doCall(CallTestCaseKeyword.groovy:59)
	at com.kms.katalon.core.keyword.builtin.CallTestCaseKeyword$_callTestCase_closure1.call(CallTestCaseKeyword.groovy)
	at com.kms.katalon.core.keyword.internal.KeywordMain.runKeyword(KeywordMain.groovy:74)
	at com.kms.katalon.core.keyword.builtin.CallTestCaseKeyword.callTestCase(CallTestCaseKeyword.groovy:81)
	at com.kms.katalon.core.keyword.builtin.CallTestCaseKeyword.execute(CallTestCaseKeyword.groovy:44)
	at com.kms.katalon.core.keyword.internal.KeywordExecutor.executeKeywordForPlatform(KeywordExecutor.groovy:74)
	at com.kms.katalon.core.keyword.BuiltinKeywords.callTestCase(BuiltinKeywords.groovy:334)
	at Script1641929082220.run(Script1641929082220.groovy:20)
	... 13 more
)
[[ATTACHMENT|C:\\Users\\diego.rojas\\git\\Pruebas-Minimas\\Reports\\20220610_082723\\Test_Suite_Principales\\1-Tareas Principales\\20220610_082723\\1654867861273.png]]

2022-06-10 08:31:01 - [MESSAGE][FAILED] - Unable to call Test Case 'Test Cases/Utilidades-(atajos_para _tareas)/Tareas Actos Administrativos/Acto Cambio del Empleado' (Root cause: com.kms.katalon.core.exception.StepFailedException: Call Test Case 'Test Cases/Utilidades-(atajos_para _tareas)/Tareas Actos Administrativos/Acto Cambio del Empleado' failed
	at com.kms.katalon.core.keyword.builtin.CallTestCaseKeyword$_callTestCase_closure1.doCall(CallTestCaseKeyword.groovy:63)
	at com.kms.katalon.core.keyword.builtin.CallTestCaseKeyword$_callTestCase_closure1.call(CallTestCaseKeyword.groovy)
	at com.kms.katalon.core.keyword.internal.KeywordMain.runKeyword(KeywordMain.groovy:74)
	at com.kms.katalon.core.keyword.builtin.CallTestCaseKeyword.callTestCase(CallTestCaseKeyword.groovy:81)
	at com.kms.katalon.core.keyword.builtin.CallTestCaseKeyword.execute(CallTestCaseKeyword.groovy:44)
	at com.kms.katalon.core.keyword.internal.KeywordExecutor.executeKeywordForPlatform(KeywordExecutor.groovy:74)
	at com.kms.katalon.core.keyword.BuiltinKeywords.callTestCase(BuiltinKeywords.groovy:334)
	at 1.1.3-Elaboracion Acto Cambio del Empleado y derogacion.run(1.1.3-Elaboracion Acto Cambio del Empleado y derogacion:20)
	at com.kms.katalon.core.main.ScriptEngine.run(ScriptEngine.java:194)
	at com.kms.katalon.core.main.ScriptEngine.runScriptAsRawText(ScriptEngine.java:119)
	at com.kms.katalon.core.main.TestCaseExecutor.runScript(TestCaseExecutor.java:445)
	at com.kms.katalon.core.main.TestCaseExecutor.doExecute(TestCaseExecutor.java:436)
	at com.kms.katalon.core.main.TestCaseExecutor.processExecutionPhase(TestCaseExecutor.java:415)
	at com.kms.katalon.core.main.TestCaseExecutor.accessMainPhase(TestCaseExecutor.java:407)
	at com.kms.katalon.core.main.TestCaseExecutor.execute(TestCaseExecutor.java:284)
	at com.kms.katalon.core.common.CommonExecutor.accessTestCaseMainPhase(CommonExecutor.java:65)
	at com.kms.katalon.core.main.TestSuiteExecutor.accessTestSuiteMainPhase(TestSuiteExecutor.java:144)
	at com.kms.katalon.core.main.TestSuiteExecutor.execute(TestSuiteExecutor.java:106)
	at com.kms.katalon.core.main.TestCaseMain.startTestSuite(TestCaseMain.java:185)
	at com.kms.katalon.core.main.TestCaseMain$startTestSuite$0.call(Unknown Source)
	at TempTestSuite1654867643956.run(TempTestSuite1654867643956.groovy:36)
Caused by: com.kms.katalon.core.exception.StepFailedException: Unable to click on object 'Object Repository/1-OBJECTS TAREAS PRINCIPALES/Modulo Tarea Actos Administrativos/Acto Cambio Empleado/span_ingreso definitivo indefinido salario basico'
	at com.kms.katalon.core.webui.keyword.internal.WebUIKeywordMain.stepFailed(WebUIKeywordMain.groovy:64)
	at com.kms.katalon.core.webui.keyword.internal.WebUIKeywordMain.runKeyword(WebUIKeywordMain.groovy:26)
	at com.kms.katalon.core.webui.keyword.builtin.ClickKeyword.click(ClickKeyword.groovy:74)
	at com.kms.katalon.core.webui.keyword.builtin.ClickKeyword.execute(ClickKeyword.groovy:40)
	at com.kms.katalon.core.keyword.internal.KeywordExecutor.executeKeywordForPlatform(KeywordExecutor.groovy:74)
	at com.kms.katalon.core.webui.keyword.WebUiBuiltInKeywords.click(WebUiBuiltInKeywords.groovy:620)
	at com.kms.katalon.core.webui.keyword.WebUiBuiltInKeywords$click$5.call(Unknown Source)
	at Acto Cambio del Empleado.run(Acto Cambio del Empleado:43)
	at com.kms.katalon.core.main.ScriptEngine.run(ScriptEngine.java:194)
	at com.kms.katalon.core.main.ScriptEngine.runScriptAsRawText(ScriptEngine.java:119)
	at com.kms.katalon.core.main.TestCaseExecutor.runScript(TestCaseExecutor.java:445)
	at com.kms.katalon.core.main.TestCaseExecutor.doExecute(TestCaseExecutor.java:436)
	at com.kms.katalon.core.main.TestCaseExecutor.processExecutionPhase(TestCaseExecutor.java:415)
	at com.kms.katalon.core.main.TestCaseExecutor.accessMainPhase(TestCaseExecutor.java:407)
	at com.kms.katalon.core.main.TestCaseExecutor.execute(TestCaseExecutor.java:284)
	at com.kms.katalon.core.main.TestCaseMain.runTestCase(TestCaseMain.java:142)
	at com.kms.katalon.core.keyword.builtin.CallTestCaseKeyword$_callTestCase_closure1.doCall(CallTestCaseKeyword.groovy:59)
	... 20 more
Caused by: com.kms.katalon.core.webui.exception.WebElementNotFoundException: Web element with id: 'Object Repository/1-OBJECTS TAREAS PRINCIPALES/Modulo Tarea Actos Administrativos/Acto Cambio Empleado/span_ingreso definitivo indefinido salario basico' located by '//li[19]/span/span[3]/div/a/span' not found
	at com.kms.katalon.core.webui.common.WebUiCommonHelper.findWebElement(WebUiCommonHelper.java:1370)
	at com.kms.katalon.core.webui.keyword.internal.WebUIAbstractKeyword.findWebElement(WebUIAbstractKeyword.groovy:27)
	at com.kms.katalon.core.webui.keyword.builtin.ClickKeyword$_click_closure1.doCall(ClickKeyword.groovy:65)
	at com.kms.katalon.core.webui.keyword.builtin.ClickKeyword$_click_closure1.call(ClickKeyword.groovy)
	at com.kms.katalon.core.webui.keyword.internal.WebUIKeywordMain.runKeyword(WebUIKeywordMain.groovy:20)
	... 35 more
)]]></system-out>
         <system-err><![CDATA[2022-06-10 08:29:19 - [TEST_CASE][FAILED] - Test Cases/1.1-Tareas Principales/1.1.3-Elaboracion Acto Cambio del Empleado y derogacion: Test Cases/1.1-Tareas Principales/1.1.3-Elaboracion Acto Cambio del Empleado y derogacion FAILED.
Reason:
com.kms.katalon.core.exception.StepFailedException: Call Test Case 'Test Cases/Utilidades-(atajos_para _tareas)/Tareas Actos Administrativos/Acto Cambio del Empleado' failed
	at com.kms.katalon.core.keyword.builtin.CallTestCaseKeyword$_callTestCase_closure1.doCall(CallTestCaseKeyword.groovy:63)
	at com.kms.katalon.core.keyword.builtin.CallTestCaseKeyword$_callTestCase_closure1.call(CallTestCaseKeyword.groovy)
	at com.kms.katalon.core.keyword.internal.KeywordMain.runKeyword(KeywordMain.groovy:74)
	at com.kms.katalon.core.keyword.builtin.CallTestCaseKeyword.callTestCase(CallTestCaseKeyword.groovy:81)
	at com.kms.katalon.core.keyword.builtin.CallTestCaseKeyword.execute(CallTestCaseKeyword.groovy:44)
	at com.kms.katalon.core.keyword.internal.KeywordExecutor.executeKeywordForPlatform(KeywordExecutor.groovy:74)
	at com.kms.katalon.core.keyword.BuiltinKeywords.callTestCase(BuiltinKeywords.groovy:334)
	at 1.1.3-Elaboracion Acto Cambio del Empleado y derogacion.run(1.1.3-Elaboracion Acto Cambio del Empleado y derogacion:20)
	at com.kms.katalon.core.main.ScriptEngine.run(ScriptEngine.java:194)
	at com.kms.katalon.core.main.ScriptEngine.runScriptAsRawText(ScriptEngine.java:119)
	at com.kms.katalon.core.main.TestCaseExecutor.runScript(TestCaseExecutor.java:445)
	at com.kms.katalon.core.main.TestCaseExecutor.doExecute(TestCaseExecutor.java:436)
	at com.kms.katalon.core.main.TestCaseExecutor.processExecutionPhase(TestCaseExecutor.java:415)
	at com.kms.katalon.core.main.TestCaseExecutor.accessMainPhase(TestCaseExecutor.java:407)
	at com.kms.katalon.core.main.TestCaseExecutor.execute(TestCaseExecutor.java:284)
	at com.kms.katalon.core.common.CommonExecutor.accessTestCaseMainPhase(CommonExecutor.java:65)
	at com.kms.katalon.core.main.TestSuiteExecutor.accessTestSuiteMainPhase(TestSuiteExecutor.java:144)
	at com.kms.katalon.core.main.TestSuiteExecutor.execute(TestSuiteExecutor.java:106)
	at com.kms.katalon.core.main.TestCaseMain.startTestSuite(TestCaseMain.java:185)
	at com.kms.katalon.core.main.TestCaseMain$startTestSuite$0.call(Unknown Source)
	at TempTestSuite1654867643956.run(TempTestSuite1654867643956.groovy:36)
Caused by: com.kms.katalon.core.exception.StepFailedException: Unable to click on object 'Object Repository/1-OBJECTS TAREAS PRINCIPALES/Modulo Tarea Actos Administrativos/Acto Cambio Empleado/span_ingreso definitivo indefinido salario basico'
	at com.kms.katalon.core.webui.keyword.internal.WebUIKeywordMain.stepFailed(WebUIKeywordMain.groovy:64)
	at com.kms.katalon.core.webui.keyword.internal.WebUIKeywordMain.runKeyword(WebUIKeywordMain.groovy:26)
	at com.kms.katalon.core.webui.keyword.builtin.ClickKeyword.click(ClickKeyword.groovy:74)
	at com.kms.katalon.core.webui.keyword.builtin.ClickKeyword.execute(ClickKeyword.groovy:40)
	at com.kms.katalon.core.keyword.internal.KeywordExecutor.executeKeywordForPlatform(KeywordExecutor.groovy:74)
	at com.kms.katalon.core.webui.keyword.WebUiBuiltInKeywords.click(WebUiBuiltInKeywords.groovy:620)
	at com.kms.katalon.core.webui.keyword.WebUiBuiltInKeywords$click$5.call(Unknown Source)
	at Acto Cambio del Empleado.run(Acto Cambio del Empleado:43)
	at com.kms.katalon.core.main.ScriptEngine.run(ScriptEngine.java:194)
	at com.kms.katalon.core.main.ScriptEngine.runScriptAsRawText(ScriptEngine.java:119)
	at com.kms.katalon.core.main.TestCaseExecutor.runScript(TestCaseExecutor.java:445)
	at com.kms.katalon.core.main.TestCaseExecutor.doExecute(TestCaseExecutor.java:436)
	at com.kms.katalon.core.main.TestCaseExecutor.processExecutionPhase(TestCaseExecutor.java:415)
	at com.kms.katalon.core.main.TestCaseExecutor.accessMainPhase(TestCaseExecutor.java:407)
	at com.kms.katalon.core.main.TestCaseExecutor.execute(TestCaseExecutor.java:284)
	at com.kms.katalon.core.main.TestCaseMain.runTestCase(TestCaseMain.java:142)
	at com.kms.katalon.core.keyword.builtin.CallTestCaseKeyword$_callTestCase_closure1.doCall(CallTestCaseKeyword.groovy:59)
	... 20 more
Caused by: com.kms.katalon.core.webui.exception.WebElementNotFoundException: Web element with id: 'Object Repository/1-OBJECTS TAREAS PRINCIPALES/Modulo Tarea Actos Administrativos/Acto Cambio Empleado/span_ingreso definitivo indefinido salario basico' located by '//li[19]/span/span[3]/div/a/span' not found
	at com.kms.katalon.core.webui.common.WebUiCommonHelper.findWebElement(WebUiCommonHelper.java:1370)
	at com.kms.katalon.core.webui.keyword.internal.WebUIAbstractKeyword.findWebElement(WebUIAbstractKeyword.groovy:27)
	at com.kms.katalon.core.webui.keyword.builtin.ClickKeyword$_click_closure1.doCall(ClickKeyword.groovy:65)
	at com.kms.katalon.core.webui.keyword.builtin.ClickKeyword$_click_closure1.call(ClickKeyword.groovy)
	at com.kms.katalon.core.webui.keyword.internal.WebUIKeywordMain.runKeyword(WebUIKeywordMain.groovy:20)
	... 35 more]]></system-err>
      </testcase>
      <testcase name="Test Cases/1.1-Tareas Principales/1.1.4-Crear Periodos Internos de cada Nomina" time="23.309" classname="Test Cases/1.1-Tareas Principales/1.1.4-Crear Periodos Internos de cada Nomina" status="PASSED">
         <system-out><![CDATA[2022-06-10 08:31:01 - [TEST_CASE][PASSED] - Test Cases/1.1-Tareas Principales/1.1.4-Crear Periodos Internos de cada Nomina: Test Cases/1.1-Tareas Principales/1.1.4-Crear Periodos Internos de cada Nomina

2022-06-10 08:31:01 - [TEST_STEP][PASSED] - callTestCase(findTestCase("0.1-Login"), [:], STOP_ON_FAILURE): Call Test Case 'Test Cases/0.1-Login' successfully

2022-06-10 08:31:01 - [TEST_CASE][PASSED] - Test Cases/0.1-Login: Test Cases/0.1-Login

2022-06-10 08:31:01 - [TEST_STEP][PASSED] - openBrowser(""): Browser is opened with url: ''

2022-06-10 08:31:01 - [MESSAGE][WARNING] - A browser is already opened. Closing browser and opening a new one

2022-06-10 08:31:02 - [MESSAGE][INFO] - Starting 'Chrome' driver

2022-06-10 08:31:02 - [MESSAGE][INFO] - Action delay is set to 0 milliseconds

2022-06-10 08:31:03 - [MESSAGE][PASSED] - Browser is opened with url: ''

2022-06-10 08:31:03 - [TEST_STEP][PASSED] - maximizeWindow(): Current window maximized

2022-06-10 08:31:03 - [MESSAGE][PASSED] - Current window maximized

2022-06-10 08:31:03 - [TEST_STEP][PASSED] - i = G_Login: null

2022-06-10 08:31:03 - [TEST_STEP][PASSED] - url = new java.net.URL(i): null

2022-06-10 08:31:03 - [TEST_STEP][PASSED] - println("URL: " + url.toString()): null

2022-06-10 08:31:03 - [TEST_STEP][PASSED] - connection = url.openConnection(): null

2022-06-10 08:31:03 - [TEST_STEP][PASSED] - connection.setRequestMethod("GET"): null

2022-06-10 08:31:03 - [TEST_STEP][PASSED] - connection.setReadTimeout(2 * 1000): null

2022-06-10 08:31:03 - [TEST_STEP][PASSED] - try: null

2022-06-10 08:31:03 - [TEST_STEP][PASSED] - connection.connect(): null

2022-06-10 08:31:03 - [TEST_STEP][PASSED] - flag = connected: null

2022-06-10 08:31:03 - [TEST_STEP][PASSED] - println("Valor_ori: " + flag): null

2022-06-10 08:31:03 - [TEST_STEP][PASSED] - if (flag): null

2022-06-10 08:31:03 - [TEST_STEP][PASSED] - navigateToUrl(i): Navigate to 'http://192.168.2.19:8380/saraweb' successfully

2022-06-10 08:31:04 - [MESSAGE][PASSED] - Navigate to 'http://192.168.2.19:8380/saraweb' successfully

2022-06-10 08:31:04 - [TEST_STEP][PASSED] - a(): null

2022-06-10 08:31:04 - [TEST_STEP][PASSED] - setText(findTestObject("3-OBJECTS UTILIDADES/Login/input_USUARIO_loginusuario"), G_Usuario): Text 'saraadmin' is set on object 'Object Repository/3-OBJECTS UTILIDADES/Login/input_USUARIO_loginusuario'

2022-06-10 08:31:05 - [MESSAGE][PASSED] - Text 'saraadmin' is set on object 'Object Repository/3-OBJECTS UTILIDADES/Login/input_USUARIO_loginusuario'

2022-06-10 08:31:05 - [TEST_STEP][PASSED] - setEncryptedText(findTestObject("3-OBJECTS UTILIDADES/Login/input_CLAVE_loginpassword"), "MkG4/TYiCFC3cb2driP7+Q=="): Text ****** has been set on object 'Object Repository/3-OBJECTS UTILIDADES/Login/input_CLAVE_loginpassword'

2022-06-10 08:31:05 - [MESSAGE][PASSED] - Text ****** has been set on object 'Object Repository/3-OBJECTS UTILIDADES/Login/input_CLAVE_loginpassword'

2022-06-10 08:31:05 - [TEST_STEP][PASSED] - waitForElementClickable(findTestObject("3-OBJECTS UTILIDADES/Login/a_Ingresar"), G_TimeOut): Object 'Object Repository/3-OBJECTS UTILIDADES/Login/a_Ingresar' is clickable

2022-06-10 08:31:06 - [MESSAGE][PASSED] - Object 'Object Repository/3-OBJECTS UTILIDADES/Login/a_Ingresar' is clickable

2022-06-10 08:31:06 - [TEST_STEP][PASSED] - click(findTestObject("3-OBJECTS UTILIDADES/Login/a_Ingresar")): Object: 'Object Repository/3-OBJECTS UTILIDADES/Login/a_Ingresar' is clicked on

2022-06-10 08:31:07 - [MESSAGE][PASSED] - Object: 'Object Repository/3-OBJECTS UTILIDADES/Login/a_Ingresar' is clicked on

2022-06-10 08:31:07 - [TEST_STEP][PASSED] - element = findWebElement(findTestObject("3-OBJECTS UTILIDADES/Login/a_Ir"), 30): null

2022-06-10 08:31:08 - [TEST_STEP][PASSED] - executeJavaScript("arguments[0].click()", Arrays.asList(element)): Execute JavaScript 'arguments[0].click()' successfully

2022-06-10 08:31:08 - [MESSAGE][PASSED] - Execute JavaScript 'arguments[0].click()' successfully

2022-06-10 08:31:08 - [MESSAGE][PASSED] - Call Test Case 'Test Cases/0.1-Login' successfully

2022-06-10 08:31:08 - [TEST_STEP][PASSED] - setText(findTestObject("1-OBJECTS TAREAS PRINCIPALES/Modulo Tarea Compensacion/Crear Periodos Internos de Cada Nomina/input_Empresa 1_form_templatej_idt24_input"), "mantenimiento periodo nomina"): Text 'mantenimiento periodo nomina' is set on object 'Object Repository/1-OBJECTS TAREAS PRINCIPALES/Modulo Tarea Compensacion/Crear Periodos Internos de Cada Nomina/input_Empresa 1_form_templatej_idt24_input'

2022-06-10 08:31:09 - [MESSAGE][PASSED] - Text 'mantenimiento periodo nomina' is set on object 'Object Repository/1-OBJECTS TAREAS PRINCIPALES/Modulo Tarea Compensacion/Crear Periodos Internos de Cada Nomina/input_Empresa 1_form_templatej_idt24_input'

2022-06-10 08:31:09 - [TEST_STEP][PASSED] - click(findTestObject("1-OBJECTS TAREAS PRINCIPALES/Modulo Tarea Compensacion/Crear Periodos Internos de Cada Nomina/li_Mantenimiento Periodo Nomina (com)")): Object: 'Object Repository/1-OBJECTS TAREAS PRINCIPALES/Modulo Tarea Compensacion/Crear Periodos Internos de Cada Nomina/li_Mantenimiento Periodo Nomina (com)' is clicked on

2022-06-10 08:31:10 - [MESSAGE][PASSED] - Object: 'Object Repository/1-OBJECTS TAREAS PRINCIPALES/Modulo Tarea Compensacion/Crear Periodos Internos de Cada Nomina/li_Mantenimiento Periodo Nomina (com)' is clicked on

2022-06-10 08:31:10 - [TEST_STEP][PASSED] - click(findTestObject("1-OBJECTS TAREAS PRINCIPALES/Modulo Tarea Compensacion/Crear Periodos Internos de Cada Nomina/span_NOMINA MENSUAL")): Object: 'Object Repository/1-OBJECTS TAREAS PRINCIPALES/Modulo Tarea Compensacion/Crear Periodos Internos de Cada Nomina/span_NOMINA MENSUAL' is clicked on

2022-06-10 08:31:11 - [MESSAGE][PASSED] - Object: 'Object Repository/1-OBJECTS TAREAS PRINCIPALES/Modulo Tarea Compensacion/Crear Periodos Internos de Cada Nomina/span_NOMINA MENSUAL' is clicked on

2022-06-10 08:31:11 - [TEST_STEP][PASSED] - if (waitForElementVisible(findTestObject("1-OBJECTS TAREAS PRINCIPALES/Modulo Tarea Compensacion/Crear Periodos Internos de Cada Nomina/td_pruebask"), 1)): Web element with id: 'Object Repository/1-OBJECTS TAREAS PRINCIPALES/Modulo Tarea Compensacion/Crear Periodos Internos de Cada Nomina/td_pruebask' located by '//*/text()[normalize-space(.)='pruebask']/parent::*' not found

2022-06-10 08:31:14 - [MESSAGE][INFO] - Unable to find the element located by 'By.xpath: //*/text()[normalize-space(.)='pruebask']/parent::*'. Please recheck the objects properties to make sure the desired element is located. 

2022-06-10 08:31:14 - [MESSAGE][WARNING] - Web element with id: 'Object Repository/1-OBJECTS TAREAS PRINCIPALES/Modulo Tarea Compensacion/Crear Periodos Internos de Cada Nomina/td_pruebask' located by '//*/text()[normalize-space(.)='pruebask']/parent::*' not found

2022-06-10 08:31:14 - [TEST_STEP][PASSED] - click(findTestObject("1-OBJECTS TAREAS PRINCIPALES/Modulo Tarea Compensacion/Crear Periodos Internos de Cada Nomina/span_Nuevo")): Object: 'Object Repository/1-OBJECTS TAREAS PRINCIPALES/Modulo Tarea Compensacion/Crear Periodos Internos de Cada Nomina/span_Nuevo' is clicked on

2022-06-10 08:31:14 - [MESSAGE][PASSED] - Object: 'Object Repository/1-OBJECTS TAREAS PRINCIPALES/Modulo Tarea Compensacion/Crear Periodos Internos de Cada Nomina/span_Nuevo' is clicked on

2022-06-10 08:31:14 - [TEST_STEP][PASSED] - setText(findTestObject("1-OBJECTS TAREAS PRINCIPALES/Modulo Tarea Compensacion/Crear Periodos Internos de Cada Nomina/input_Periodo Nomina_popupNuevoPeriodopanelNominaperiodo"), "pruebask"): Text 'pruebask' is set on object 'Object Repository/1-OBJECTS TAREAS PRINCIPALES/Modulo Tarea Compensacion/Crear Periodos Internos de Cada Nomina/input_Periodo Nomina_popupNuevoPeriodopanelNominaperiodo'

2022-06-10 08:31:15 - [MESSAGE][PASSED] - Text 'pruebask' is set on object 'Object Repository/1-OBJECTS TAREAS PRINCIPALES/Modulo Tarea Compensacion/Crear Periodos Internos de Cada Nomina/input_Periodo Nomina_popupNuevoPeriodopanelNominaperiodo'

2022-06-10 08:31:15 - [TEST_STEP][PASSED] - setText(findTestObject("1-OBJECTS TAREAS PRINCIPALES/Modulo Tarea Compensacion/Crear Periodos Internos de Cada Nomina/input_Descripcin_popupNuevoPeriodopanelNominadescripcion"), "P. MensualSeptiembre2021"): Text 'P. MensualSeptiembre2021' is set on object 'Object Repository/1-OBJECTS TAREAS PRINCIPALES/Modulo Tarea Compensacion/Crear Periodos Internos de Cada Nomina/input_Descripcin_popupNuevoPeriodopanelNominadescripcion'

2022-06-10 08:31:16 - [MESSAGE][PASSED] - Text 'P. MensualSeptiembre2021' is set on object 'Object Repository/1-OBJECTS TAREAS PRINCIPALES/Modulo Tarea Compensacion/Crear Periodos Internos de Cada Nomina/input_Descripcin_popupNuevoPeriodopanelNominadescripcion'

2022-06-10 08:31:16 - [TEST_STEP][PASSED] - setText(findTestObject("1-OBJECTS TAREAS PRINCIPALES/Modulo Tarea Compensacion/Crear Periodos Internos de Cada Nomina/input_Fecha Inicial_popupNuevoPeriodopanelNominafechainicial_input"), "01/09/2021"): Text '01/09/2021' is set on object 'Object Repository/1-OBJECTS TAREAS PRINCIPALES/Modulo Tarea Compensacion/Crear Periodos Internos de Cada Nomina/input_Fecha Inicial_popupNuevoPeriodopanelNominafechainicial_input'

2022-06-10 08:31:17 - [MESSAGE][PASSED] - Text '01/09/2021' is set on object 'Object Repository/1-OBJECTS TAREAS PRINCIPALES/Modulo Tarea Compensacion/Crear Periodos Internos de Cada Nomina/input_Fecha Inicial_popupNuevoPeriodopanelNominafechainicial_input'

2022-06-10 08:31:17 - [TEST_STEP][PASSED] - setText(findTestObject("1-OBJECTS TAREAS PRINCIPALES/Modulo Tarea Compensacion/Crear Periodos Internos de Cada Nomina/input_Fecha Final_popupNuevoPeriodopanelNominafechafinal_input"), "30/09/2021"): Text '30/09/2021' is set on object 'Object Repository/1-OBJECTS TAREAS PRINCIPALES/Modulo Tarea Compensacion/Crear Periodos Internos de Cada Nomina/input_Fecha Final_popupNuevoPeriodopanelNominafechafinal_input'

2022-06-10 08:31:17 - [MESSAGE][PASSED] - Text '30/09/2021' is set on object 'Object Repository/1-OBJECTS TAREAS PRINCIPALES/Modulo Tarea Compensacion/Crear Periodos Internos de Cada Nomina/input_Fecha Final_popupNuevoPeriodopanelNominafechafinal_input'

2022-06-10 08:31:17 - [TEST_STEP][PASSED] - setText(findTestObject("1-OBJECTS TAREAS PRINCIPALES/Modulo Tarea Compensacion/Crear Periodos Internos de Cada Nomina/input_Fecha Pago_popupNuevoPeriodopanelNominafechaPago_input"), "30/09/2021"): Text '30/09/2021' is set on object 'Object Repository/1-OBJECTS TAREAS PRINCIPALES/Modulo Tarea Compensacion/Crear Periodos Internos de Cada Nomina/input_Fecha Pago_popupNuevoPeriodopanelNominafechaPago_input'

2022-06-10 08:31:18 - [MESSAGE][PASSED] - Text '30/09/2021' is set on object 'Object Repository/1-OBJECTS TAREAS PRINCIPALES/Modulo Tarea Compensacion/Crear Periodos Internos de Cada Nomina/input_Fecha Pago_popupNuevoPeriodopanelNominafechaPago_input'

2022-06-10 08:31:18 - [TEST_STEP][PASSED] - selectOptionByIndex(findTestObject("1-OBJECTS TAREAS PRINCIPALES/Modulo Tarea Compensacion/Crear Periodos Internos de Cada Nomina/select_-- seleccione --Ciclo 0Ciclo 1Ciclo 2"), 1): All options with index in [1] are selected on object 'Object Repository/1-OBJECTS TAREAS PRINCIPALES/Modulo Tarea Compensacion/Crear Periodos Internos de Cada Nomina/select_-- seleccione --Ciclo 0Ciclo 1Ciclo 2'

2022-06-10 08:31:20 - [MESSAGE][PASSED] - All options with index in [1] are selected on object 'Object Repository/1-OBJECTS TAREAS PRINCIPALES/Modulo Tarea Compensacion/Crear Periodos Internos de Cada Nomina/select_-- seleccione --Ciclo 0Ciclo 1Ciclo 2'

2022-06-10 08:31:20 - [TEST_STEP][PASSED] - selectOptionByIndex(findTestObject("1-OBJECTS TAREAS PRINCIPALES/Modulo Tarea Compensacion/Crear Periodos Internos de Cada Nomina/select_Periodo AbonadoPeriodo CerradoPeriodo en ProcesoPeriodo no Generado"), 0): All options with index in [0] are selected on object 'Object Repository/1-OBJECTS TAREAS PRINCIPALES/Modulo Tarea Compensacion/Crear Periodos Internos de Cada Nomina/select_Periodo AbonadoPeriodo CerradoPeriodo en ProcesoPeriodo no Generado'

2022-06-10 08:31:21 - [MESSAGE][PASSED] - All options with index in [0] are selected on object 'Object Repository/1-OBJECTS TAREAS PRINCIPALES/Modulo Tarea Compensacion/Crear Periodos Internos de Cada Nomina/select_Periodo AbonadoPeriodo CerradoPeriodo en ProcesoPeriodo no Generado'

2022-06-10 08:31:21 - [TEST_STEP][PASSED] - selectOptionByIndex(findTestObject("1-OBJECTS TAREAS PRINCIPALES/Modulo Tarea Compensacion/Crear Periodos Internos de Cada Nomina/select_CausadoPagado"), 0): All options with index in [0] are selected on object 'Object Repository/1-OBJECTS TAREAS PRINCIPALES/Modulo Tarea Compensacion/Crear Periodos Internos de Cada Nomina/select_CausadoPagado'

2022-06-10 08:31:22 - [MESSAGE][PASSED] - All options with index in [0] are selected on object 'Object Repository/1-OBJECTS TAREAS PRINCIPALES/Modulo Tarea Compensacion/Crear Periodos Internos de Cada Nomina/select_CausadoPagado'

2022-06-10 08:31:22 - [TEST_STEP][PASSED] - click(findTestObject("1-OBJECTS TAREAS PRINCIPALES/Modulo Tarea Compensacion/Crear Periodos Internos de Cada Nomina/a_Guardar")): Object: 'Object Repository/1-OBJECTS TAREAS PRINCIPALES/Modulo Tarea Compensacion/Crear Periodos Internos de Cada Nomina/a_Guardar' is clicked on

2022-06-10 08:31:22 - [MESSAGE][PASSED] - Object: 'Object Repository/1-OBJECTS TAREAS PRINCIPALES/Modulo Tarea Compensacion/Crear Periodos Internos de Cada Nomina/a_Guardar' is clicked on

2022-06-10 08:31:22 - [TEST_STEP][PASSED] - Alerta = getText(findTestObject("3-OBJECTS UTILIDADES/Alerta/Alerta")): Text of object 'Object Repository/3-OBJECTS UTILIDADES/Alerta/Alerta' is: 'Registro guardado'

2022-06-10 08:31:24 - [MESSAGE][PASSED] - Text of object 'Object Repository/3-OBJECTS UTILIDADES/Alerta/Alerta' is: 'Registro guardado'

2022-06-10 08:31:24 - [TEST_STEP][PASSED] - if (Alerta == "Registro guardado"): Browser is closed

2022-06-10 08:31:24 - [TEST_STEP][PASSED] - closeBrowser(): Browser is closed

2022-06-10 08:31:24 - [MESSAGE][PASSED] - Browser is closed]]></system-out>
         <system-err><![CDATA[]]></system-err>
      </testcase>
      <testcase name="Test Cases/1.1-Tareas Principales/1.1.5-Generacion Periodos Internos de cada Nomina" time="28.304" classname="Test Cases/1.1-Tareas Principales/1.1.5-Generacion Periodos Internos de cada Nomina" status="PASSED">
         <system-out><![CDATA[2022-06-10 08:31:24 - [TEST_CASE][PASSED] - Test Cases/1.1-Tareas Principales/1.1.5-Generacion Periodos Internos de cada Nomina: Test Cases/1.1-Tareas Principales/1.1.5-Generacion Periodos Internos de cada Nomina

2022-06-10 08:31:25 - [TEST_STEP][PASSED] - today = new java.util.Date(): null

2022-06-10 08:31:25 - [TEST_STEP][PASSED] - todaysDate = today.format("dd/MM/yyyy"): null

2022-06-10 08:31:25 - [TEST_STEP][PASSED] - projectName = "Regression Project " + todaysDate: null

2022-06-10 08:31:25 - [TEST_STEP][PASSED] - callTestCase(findTestCase("Utilidades-(atajos_para _tareas)/Tareas Administracion Compensacion/Tarea Mantenimieto Periodo Nomina"), [:], STOP_ON_FAILURE): Call Test Case 'Test Cases/Utilidades-(atajos_para _tareas)/Tareas Administracion Compensacion/Tarea Mantenimieto Periodo Nomina' successfully

2022-06-10 08:31:25 - [TEST_CASE][PASSED] - Test Cases/Utilidades-(atajos_para _tareas)/Tareas Administracion Compensacion/Tarea Mantenimieto Periodo Nomina: Test Cases/Utilidades-(atajos_para _tareas)/Tareas Administracion Compensacion/Tarea Mantenimieto Periodo Nomina

2022-06-10 08:31:25 - [TEST_STEP][PASSED] - callTestCase(findTestCase("0.1-Login"), [:], STOP_ON_FAILURE): Call Test Case 'Test Cases/0.1-Login' successfully

2022-06-10 08:31:25 - [TEST_CASE][PASSED] - Test Cases/0.1-Login: Test Cases/0.1-Login

2022-06-10 08:31:25 - [TEST_STEP][PASSED] - openBrowser(""): Browser is opened with url: ''

2022-06-10 08:31:25 - [MESSAGE][INFO] - Starting 'Chrome' driver

2022-06-10 08:31:25 - [MESSAGE][INFO] - Action delay is set to 0 milliseconds

2022-06-10 08:31:26 - [MESSAGE][PASSED] - Browser is opened with url: ''

2022-06-10 08:31:26 - [TEST_STEP][PASSED] - maximizeWindow(): Current window maximized

2022-06-10 08:31:26 - [MESSAGE][PASSED] - Current window maximized

2022-06-10 08:31:26 - [TEST_STEP][PASSED] - i = G_Login: null

2022-06-10 08:31:26 - [TEST_STEP][PASSED] - url = new java.net.URL(i): null

2022-06-10 08:31:26 - [TEST_STEP][PASSED] - println("URL: " + url.toString()): null

2022-06-10 08:31:26 - [TEST_STEP][PASSED] - connection = url.openConnection(): null

2022-06-10 08:31:26 - [TEST_STEP][PASSED] - connection.setRequestMethod("GET"): null

2022-06-10 08:31:26 - [TEST_STEP][PASSED] - connection.setReadTimeout(2 * 1000): null

2022-06-10 08:31:26 - [TEST_STEP][PASSED] - try: null

2022-06-10 08:31:26 - [TEST_STEP][PASSED] - connection.connect(): null

2022-06-10 08:31:26 - [TEST_STEP][PASSED] - flag = connected: null

2022-06-10 08:31:26 - [TEST_STEP][PASSED] - println("Valor_ori: " + flag): null

2022-06-10 08:31:26 - [TEST_STEP][PASSED] - if (flag): null

2022-06-10 08:31:26 - [TEST_STEP][PASSED] - navigateToUrl(i): Navigate to 'http://192.168.2.19:8380/saraweb' successfully

2022-06-10 08:31:27 - [MESSAGE][PASSED] - Navigate to 'http://192.168.2.19:8380/saraweb' successfully

2022-06-10 08:31:27 - [TEST_STEP][PASSED] - a(): null

2022-06-10 08:31:27 - [TEST_STEP][PASSED] - setText(findTestObject("3-OBJECTS UTILIDADES/Login/input_USUARIO_loginusuario"), G_Usuario): Text 'saraadmin' is set on object 'Object Repository/3-OBJECTS UTILIDADES/Login/input_USUARIO_loginusuario'

2022-06-10 08:31:28 - [MESSAGE][PASSED] - Text 'saraadmin' is set on object 'Object Repository/3-OBJECTS UTILIDADES/Login/input_USUARIO_loginusuario'

2022-06-10 08:31:28 - [TEST_STEP][PASSED] - setEncryptedText(findTestObject("3-OBJECTS UTILIDADES/Login/input_CLAVE_loginpassword"), "MkG4/TYiCFC3cb2driP7+Q=="): Text ****** has been set on object 'Object Repository/3-OBJECTS UTILIDADES/Login/input_CLAVE_loginpassword'

2022-06-10 08:31:28 - [MESSAGE][PASSED] - Text ****** has been set on object 'Object Repository/3-OBJECTS UTILIDADES/Login/input_CLAVE_loginpassword'

2022-06-10 08:31:28 - [TEST_STEP][PASSED] - waitForElementClickable(findTestObject("3-OBJECTS UTILIDADES/Login/a_Ingresar"), G_TimeOut): Object 'Object Repository/3-OBJECTS UTILIDADES/Login/a_Ingresar' is clickable

2022-06-10 08:31:29 - [MESSAGE][PASSED] - Object 'Object Repository/3-OBJECTS UTILIDADES/Login/a_Ingresar' is clickable

2022-06-10 08:31:29 - [TEST_STEP][PASSED] - click(findTestObject("3-OBJECTS UTILIDADES/Login/a_Ingresar")): Object: 'Object Repository/3-OBJECTS UTILIDADES/Login/a_Ingresar' is clicked on

2022-06-10 08:31:30 - [MESSAGE][PASSED] - Object: 'Object Repository/3-OBJECTS UTILIDADES/Login/a_Ingresar' is clicked on

2022-06-10 08:31:30 - [TEST_STEP][PASSED] - element = findWebElement(findTestObject("3-OBJECTS UTILIDADES/Login/a_Ir"), 30): null

2022-06-10 08:31:30 - [TEST_STEP][PASSED] - executeJavaScript("arguments[0].click()", Arrays.asList(element)): Execute JavaScript 'arguments[0].click()' successfully

2022-06-10 08:31:30 - [MESSAGE][PASSED] - Execute JavaScript 'arguments[0].click()' successfully

2022-06-10 08:31:30 - [MESSAGE][PASSED] - Call Test Case 'Test Cases/0.1-Login' successfully

2022-06-10 08:31:30 - [TEST_STEP][PASSED] - waitForElementClickable(findTestObject("1-OBJECTS TAREAS PRINCIPALES/Modulo Tarea Compensacion/Tarea Mantenimieto Periodo Nomina/input_Actos Administrativos_form_templatej_idt24_input"), G_TimeOut): Object 'Object Repository/1-OBJECTS TAREAS PRINCIPALES/Modulo Tarea Compensacion/Tarea Mantenimieto Periodo Nomina/input_Actos Administrativos_form_templatej_idt24_input' is clickable

2022-06-10 08:31:31 - [MESSAGE][PASSED] - Object 'Object Repository/1-OBJECTS TAREAS PRINCIPALES/Modulo Tarea Compensacion/Tarea Mantenimieto Periodo Nomina/input_Actos Administrativos_form_templatej_idt24_input' is clickable

2022-06-10 08:31:31 - [TEST_STEP][PASSED] - setText(findTestObject("1-OBJECTS TAREAS PRINCIPALES/Modulo Tarea Compensacion/Tarea Mantenimieto Periodo Nomina/input_Actos Administrativos_form_templatej_idt24_input"), "Mantenimiento Periodo"): Text 'Mantenimiento Periodo' is set on object 'Object Repository/1-OBJECTS TAREAS PRINCIPALES/Modulo Tarea Compensacion/Tarea Mantenimieto Periodo Nomina/input_Actos Administrativos_form_templatej_idt24_input'

2022-06-10 08:31:32 - [MESSAGE][PASSED] - Text 'Mantenimiento Periodo' is set on object 'Object Repository/1-OBJECTS TAREAS PRINCIPALES/Modulo Tarea Compensacion/Tarea Mantenimieto Periodo Nomina/input_Actos Administrativos_form_templatej_idt24_input'

2022-06-10 08:31:32 - [TEST_STEP][PASSED] - waitForElementVisible(findTestObject("1-OBJECTS TAREAS PRINCIPALES/Modulo Tarea Compensacion/Tarea Mantenimieto Periodo Nomina/span_Mantenimiento Periodo"), 0): Object 'Object Repository/1-OBJECTS TAREAS PRINCIPALES/Modulo Tarea Compensacion/Tarea Mantenimieto Periodo Nomina/span_Mantenimiento Periodo' is visible

2022-06-10 08:31:32 - [MESSAGE][WARNING] - Timeout '0' is invalid. Using default page load timeout: '37'

2022-06-10 08:31:33 - [MESSAGE][PASSED] - Object 'Object Repository/1-OBJECTS TAREAS PRINCIPALES/Modulo Tarea Compensacion/Tarea Mantenimieto Periodo Nomina/span_Mantenimiento Periodo' is visible

2022-06-10 08:31:33 - [TEST_STEP][PASSED] - click(findTestObject("1-OBJECTS TAREAS PRINCIPALES/Modulo Tarea Compensacion/Tarea Mantenimieto Periodo Nomina/span_Mantenimiento Periodo")): Object: 'Object Repository/1-OBJECTS TAREAS PRINCIPALES/Modulo Tarea Compensacion/Tarea Mantenimieto Periodo Nomina/span_Mantenimiento Periodo' is clicked on

2022-06-10 08:31:33 - [MESSAGE][PASSED] - Object: 'Object Repository/1-OBJECTS TAREAS PRINCIPALES/Modulo Tarea Compensacion/Tarea Mantenimieto Periodo Nomina/span_Mantenimiento Periodo' is clicked on

2022-06-10 08:31:33 - [MESSAGE][PASSED] - Call Test Case 'Test Cases/Utilidades-(atajos_para _tareas)/Tareas Administracion Compensacion/Tarea Mantenimieto Periodo Nomina' successfully

2022-06-10 08:31:33 - [TEST_STEP][PASSED] - waitForElementClickable(findTestObject("1-OBJECTS TAREAS PRINCIPALES/Modulo Tarea Compensacion/Generacion Periodos Internos de Cada Nomina/span_NOMINA MENSUAL"), G_TimeOut): Object 'Object Repository/1-OBJECTS TAREAS PRINCIPALES/Modulo Tarea Compensacion/Generacion Periodos Internos de Cada Nomina/span_NOMINA MENSUAL' is clickable

2022-06-10 08:31:34 - [MESSAGE][PASSED] - Object 'Object Repository/1-OBJECTS TAREAS PRINCIPALES/Modulo Tarea Compensacion/Generacion Periodos Internos de Cada Nomina/span_NOMINA MENSUAL' is clickable

2022-06-10 08:31:34 - [TEST_STEP][PASSED] - click(findTestObject("1-OBJECTS TAREAS PRINCIPALES/Modulo Tarea Compensacion/Generacion Periodos Internos de Cada Nomina/span_NOMINA MENSUAL")): Object: 'Object Repository/1-OBJECTS TAREAS PRINCIPALES/Modulo Tarea Compensacion/Generacion Periodos Internos de Cada Nomina/span_NOMINA MENSUAL' is clicked on

2022-06-10 08:31:35 - [MESSAGE][PASSED] - Object: 'Object Repository/1-OBJECTS TAREAS PRINCIPALES/Modulo Tarea Compensacion/Generacion Periodos Internos de Cada Nomina/span_NOMINA MENSUAL' is clicked on

2022-06-10 08:31:35 - [TEST_STEP][PASSED] - if (waitForElementClickable(findTestObject("1-OBJECTS TAREAS PRINCIPALES/Modulo Tarea Compensacion/Generacion Periodos Internos de Cada Nomina/td_P. MensualAgosto2021"), 1)): null

2022-06-10 08:31:35 - [MESSAGE][PASSED] - Object 'Object Repository/1-OBJECTS TAREAS PRINCIPALES/Modulo Tarea Compensacion/Generacion Periodos Internos de Cada Nomina/td_P. MensualAgosto2021' is clickable

2022-06-10 08:31:35 - [TEST_STEP][PASSED] - click(findTestObject("1-OBJECTS TAREAS PRINCIPALES/Modulo Tarea Compensacion/Generacion Periodos Internos de Cada Nomina/td_P. MensualAgosto2021")): Object: 'Object Repository/1-OBJECTS TAREAS PRINCIPALES/Modulo Tarea Compensacion/Generacion Periodos Internos de Cada Nomina/td_P. MensualAgosto2021' is clicked on

2022-06-10 08:31:35 - [MESSAGE][PASSED] - Object: 'Object Repository/1-OBJECTS TAREAS PRINCIPALES/Modulo Tarea Compensacion/Generacion Periodos Internos de Cada Nomina/td_P. MensualAgosto2021' is clicked on

2022-06-10 08:31:35 - [TEST_STEP][PASSED] - waitForElementClickable(findTestObject("1-OBJECTS TAREAS PRINCIPALES/Modulo Tarea Compensacion/Generacion Periodos Internos de Cada Nomina/a_Eliminar_Periodo Agosto"), 0): Object 'Object Repository/1-OBJECTS TAREAS PRINCIPALES/Modulo Tarea Compensacion/Generacion Periodos Internos de Cada Nomina/a_Eliminar_Periodo Agosto' is clickable

2022-06-10 08:31:36 - [MESSAGE][WARNING] - Timeout '0' is invalid. Using default page load timeout: '37'

2022-06-10 08:31:36 - [MESSAGE][PASSED] - Object 'Object Repository/1-OBJECTS TAREAS PRINCIPALES/Modulo Tarea Compensacion/Generacion Periodos Internos de Cada Nomina/a_Eliminar_Periodo Agosto' is clickable

2022-06-10 08:31:36 - [TEST_STEP][PASSED] - click(findTestObject("1-OBJECTS TAREAS PRINCIPALES/Modulo Tarea Compensacion/Generacion Periodos Internos de Cada Nomina/a_Eliminar_Periodo Agosto")): Object: 'Object Repository/1-OBJECTS TAREAS PRINCIPALES/Modulo Tarea Compensacion/Generacion Periodos Internos de Cada Nomina/a_Eliminar_Periodo Agosto' is clicked on

2022-06-10 08:31:36 - [MESSAGE][PASSED] - Object: 'Object Repository/1-OBJECTS TAREAS PRINCIPALES/Modulo Tarea Compensacion/Generacion Periodos Internos de Cada Nomina/a_Eliminar_Periodo Agosto' is clicked on

2022-06-10 08:31:36 - [TEST_STEP][PASSED] - click(findTestObject("1-OBJECTS TAREAS PRINCIPALES/Modulo Tarea Compensacion/Generacion Periodos Internos de Cada Nomina/a_Aceptar_ELiminar_Agosto")): Object: 'Object Repository/1-OBJECTS TAREAS PRINCIPALES/Modulo Tarea Compensacion/Generacion Periodos Internos de Cada Nomina/a_Aceptar_ELiminar_Agosto' is clicked on

2022-06-10 08:31:37 - [MESSAGE][PASSED] - Object: 'Object Repository/1-OBJECTS TAREAS PRINCIPALES/Modulo Tarea Compensacion/Generacion Periodos Internos de Cada Nomina/a_Aceptar_ELiminar_Agosto' is clicked on

2022-06-10 08:31:37 - [TEST_STEP][PASSED] - if (waitForElementVisible(findTestObject("1-OBJECTS TAREAS PRINCIPALES/Modulo Tarea Compensacion/Generacion Periodos Internos de Cada Nomina/td_P. MensualSeptiembre2021"), 1)): Web element with id: 'Object Repository/1-OBJECTS TAREAS PRINCIPALES/Modulo Tarea Compensacion/Generacion Periodos Internos de Cada Nomina/td_P. MensualSeptiembre2021' located by '//*/text()[normalize-space(.)='P. MensualSeptiembre2021']/parent::*' not found

2022-06-10 08:31:40 - [MESSAGE][INFO] - Unable to find the element located by 'By.xpath: //*/text()[normalize-space(.)='P. MensualSeptiembre2021']/parent::*'. Please recheck the objects properties to make sure the desired element is located. 

2022-06-10 08:31:40 - [MESSAGE][WARNING] - Web element with id: 'Object Repository/1-OBJECTS TAREAS PRINCIPALES/Modulo Tarea Compensacion/Generacion Periodos Internos de Cada Nomina/td_P. MensualSeptiembre2021' located by '//*/text()[normalize-space(.)='P. MensualSeptiembre2021']/parent::*' not found

2022-06-10 08:31:40 - [TEST_STEP][PASSED] - waitForElementClickable(findTestObject("1-OBJECTS TAREAS PRINCIPALES/Modulo Tarea Compensacion/Generacion Periodos Internos de Cada Nomina/a_Generar Periodicidad"), G_TimeOut): Object 'Object Repository/1-OBJECTS TAREAS PRINCIPALES/Modulo Tarea Compensacion/Generacion Periodos Internos de Cada Nomina/a_Generar Periodicidad' is clickable

2022-06-10 08:31:40 - [MESSAGE][PASSED] - Object 'Object Repository/1-OBJECTS TAREAS PRINCIPALES/Modulo Tarea Compensacion/Generacion Periodos Internos de Cada Nomina/a_Generar Periodicidad' is clickable

2022-06-10 08:31:40 - [TEST_STEP][PASSED] - click(findTestObject("1-OBJECTS TAREAS PRINCIPALES/Modulo Tarea Compensacion/Generacion Periodos Internos de Cada Nomina/a_Generar Periodicidad")): Object: 'Object Repository/1-OBJECTS TAREAS PRINCIPALES/Modulo Tarea Compensacion/Generacion Periodos Internos de Cada Nomina/a_Generar Periodicidad' is clicked on

2022-06-10 08:31:40 - [MESSAGE][PASSED] - Object: 'Object Repository/1-OBJECTS TAREAS PRINCIPALES/Modulo Tarea Compensacion/Generacion Periodos Internos de Cada Nomina/a_Generar Periodicidad' is clicked on

2022-06-10 08:31:40 - [TEST_STEP][PASSED] - setText(findTestObject("1-OBJECTS TAREAS PRINCIPALES/Modulo Tarea Compensacion/Generacion Periodos Internos de Cada Nomina/input_Descripcin Periodo_formPoGePepoGePePeriodicidadDescripcion"), "P. Mensual"): Text 'P. Mensual' is set on object 'Object Repository/1-OBJECTS TAREAS PRINCIPALES/Modulo Tarea Compensacion/Generacion Periodos Internos de Cada Nomina/input_Descripcin Periodo_formPoGePepoGePePeriodicidadDescripcion'

2022-06-10 08:31:42 - [MESSAGE][PASSED] - Text 'P. Mensual' is set on object 'Object Repository/1-OBJECTS TAREAS PRINCIPALES/Modulo Tarea Compensacion/Generacion Periodos Internos de Cada Nomina/input_Descripcin Periodo_formPoGePepoGePePeriodicidadDescripcion'

2022-06-10 08:31:42 - [TEST_STEP][PASSED] - selectOptionByIndex(findTestObject("1-OBJECTS TAREAS PRINCIPALES/Modulo Tarea Compensacion/Generacion Periodos Internos de Cada Nomina/select_--Seleccione--CatorcenalMensualQuincenalSemanal"), "2"): All options with index in [2] are selected on object 'Object Repository/1-OBJECTS TAREAS PRINCIPALES/Modulo Tarea Compensacion/Generacion Periodos Internos de Cada Nomina/select_--Seleccione--CatorcenalMensualQuincenalSemanal'

2022-06-10 08:31:43 - [MESSAGE][PASSED] - All options with index in [2] are selected on object 'Object Repository/1-OBJECTS TAREAS PRINCIPALES/Modulo Tarea Compensacion/Generacion Periodos Internos de Cada Nomina/select_--Seleccione--CatorcenalMensualQuincenalSemanal'

2022-06-10 08:31:43 - [TEST_STEP][PASSED] - waitForElementClickable(findTestObject("1-OBJECTS TAREAS PRINCIPALES/Modulo Tarea Compensacion/Generacion Periodos Internos de Cada Nomina/input_Prefijo_formPoGePeprefijo"), G_TimeOut): Object 'Object Repository/1-OBJECTS TAREAS PRINCIPALES/Modulo Tarea Compensacion/Generacion Periodos Internos de Cada Nomina/input_Prefijo_formPoGePeprefijo' is clickable

2022-06-10 08:31:44 - [MESSAGE][PASSED] - Object 'Object Repository/1-OBJECTS TAREAS PRINCIPALES/Modulo Tarea Compensacion/Generacion Periodos Internos de Cada Nomina/input_Prefijo_formPoGePeprefijo' is clickable

2022-06-10 08:31:44 - [TEST_STEP][PASSED] - click(findTestObject("1-OBJECTS TAREAS PRINCIPALES/Modulo Tarea Compensacion/Generacion Periodos Internos de Cada Nomina/input_Prefijo_formPoGePeprefijo")): Object: 'Object Repository/1-OBJECTS TAREAS PRINCIPALES/Modulo Tarea Compensacion/Generacion Periodos Internos de Cada Nomina/input_Prefijo_formPoGePeprefijo' is clicked on

2022-06-10 08:31:44 - [MESSAGE][PASSED] - Object: 'Object Repository/1-OBJECTS TAREAS PRINCIPALES/Modulo Tarea Compensacion/Generacion Periodos Internos de Cada Nomina/input_Prefijo_formPoGePeprefijo' is clicked on

2022-06-10 08:31:44 - [TEST_STEP][PASSED] - setText(findTestObject("1-OBJECTS TAREAS PRINCIPALES/Modulo Tarea Compensacion/Generacion Periodos Internos de Cada Nomina/input_Prefijo_formPoGePeprefijo"), "PM"): Text 'PM' is set on object 'Object Repository/1-OBJECTS TAREAS PRINCIPALES/Modulo Tarea Compensacion/Generacion Periodos Internos de Cada Nomina/input_Prefijo_formPoGePeprefijo'

2022-06-10 08:31:45 - [MESSAGE][PASSED] - Text 'PM' is set on object 'Object Repository/1-OBJECTS TAREAS PRINCIPALES/Modulo Tarea Compensacion/Generacion Periodos Internos de Cada Nomina/input_Prefijo_formPoGePeprefijo'

2022-06-10 08:31:45 - [TEST_STEP][PASSED] - setText(findTestObject("1-OBJECTS TAREAS PRINCIPALES/Modulo Tarea Compensacion/Generacion Periodos Internos de Cada Nomina/input_Fecha Inicial_formPoGePepoGePeFechaInicial_input"), "01/09/2021"): Text '01/09/2021' is set on object 'Object Repository/1-OBJECTS TAREAS PRINCIPALES/Modulo Tarea Compensacion/Generacion Periodos Internos de Cada Nomina/input_Fecha Inicial_formPoGePepoGePeFechaInicial_input'

2022-06-10 08:31:46 - [MESSAGE][PASSED] - Text '01/09/2021' is set on object 'Object Repository/1-OBJECTS TAREAS PRINCIPALES/Modulo Tarea Compensacion/Generacion Periodos Internos de Cada Nomina/input_Fecha Inicial_formPoGePepoGePeFechaInicial_input'

2022-06-10 08:31:46 - [TEST_STEP][PASSED] - setText(findTestObject("1-OBJECTS TAREAS PRINCIPALES/Modulo Tarea Compensacion/Generacion Periodos Internos de Cada Nomina/input_Fecha Final_formPoGePepoGePeFechaFinal_input"), "30/09/2021"): Text '30/09/2021' is set on object 'Object Repository/1-OBJECTS TAREAS PRINCIPALES/Modulo Tarea Compensacion/Generacion Periodos Internos de Cada Nomina/input_Fecha Final_formPoGePepoGePeFechaFinal_input'

2022-06-10 08:31:46 - [MESSAGE][PASSED] - Text '30/09/2021' is set on object 'Object Repository/1-OBJECTS TAREAS PRINCIPALES/Modulo Tarea Compensacion/Generacion Periodos Internos de Cada Nomina/input_Fecha Final_formPoGePepoGePeFechaFinal_input'

2022-06-10 08:31:46 - [TEST_STEP][PASSED] - waitForElementClickable(findTestObject("1-OBJECTS TAREAS PRINCIPALES/Modulo Tarea Compensacion/Generacion Periodos Internos de Cada Nomina/a_Generar"), G_TimeOut): Object 'Object Repository/1-OBJECTS TAREAS PRINCIPALES/Modulo Tarea Compensacion/Generacion Periodos Internos de Cada Nomina/a_Generar' is clickable

2022-06-10 08:31:47 - [MESSAGE][PASSED] - Object 'Object Repository/1-OBJECTS TAREAS PRINCIPALES/Modulo Tarea Compensacion/Generacion Periodos Internos de Cada Nomina/a_Generar' is clickable

2022-06-10 08:31:47 - [TEST_STEP][PASSED] - click(findTestObject("1-OBJECTS TAREAS PRINCIPALES/Modulo Tarea Compensacion/Generacion Periodos Internos de Cada Nomina/a_Generar")): Object: 'Object Repository/1-OBJECTS TAREAS PRINCIPALES/Modulo Tarea Compensacion/Generacion Periodos Internos de Cada Nomina/a_Generar' is clicked on

2022-06-10 08:31:48 - [MESSAGE][PASSED] - Object: 'Object Repository/1-OBJECTS TAREAS PRINCIPALES/Modulo Tarea Compensacion/Generacion Periodos Internos de Cada Nomina/a_Generar' is clicked on

2022-06-10 08:31:48 - [TEST_STEP][PASSED] - waitForElementClickable(findTestObject("1-OBJECTS TAREAS PRINCIPALES/Modulo Tarea Compensacion/Generacion Periodos Internos de Cada Nomina/a_Guardar"), G_TimeOut): Object 'Object Repository/1-OBJECTS TAREAS PRINCIPALES/Modulo Tarea Compensacion/Generacion Periodos Internos de Cada Nomina/a_Guardar' is clickable

2022-06-10 08:31:48 - [MESSAGE][PASSED] - Object 'Object Repository/1-OBJECTS TAREAS PRINCIPALES/Modulo Tarea Compensacion/Generacion Periodos Internos de Cada Nomina/a_Guardar' is clickable

2022-06-10 08:31:48 - [TEST_STEP][PASSED] - click(findTestObject("1-OBJECTS TAREAS PRINCIPALES/Modulo Tarea Compensacion/Generacion Periodos Internos de Cada Nomina/a_Guardar")): Object: 'Object Repository/1-OBJECTS TAREAS PRINCIPALES/Modulo Tarea Compensacion/Generacion Periodos Internos de Cada Nomina/a_Guardar' is clicked on

2022-06-10 08:31:49 - [MESSAGE][PASSED] - Object: 'Object Repository/1-OBJECTS TAREAS PRINCIPALES/Modulo Tarea Compensacion/Generacion Periodos Internos de Cada Nomina/a_Guardar' is clicked on

2022-06-10 08:31:49 - [TEST_STEP][PASSED] - waitForElementVisible(findTestObject("1-OBJECTS TAREAS PRINCIPALES/Modulo Tarea Compensacion/Generacion Periodos Internos de Cada Nomina/td_P. MensualSeptiembre2021"), 0): Object 'Object Repository/1-OBJECTS TAREAS PRINCIPALES/Modulo Tarea Compensacion/Generacion Periodos Internos de Cada Nomina/td_P. MensualSeptiembre2021' is visible

2022-06-10 08:31:49 - [MESSAGE][WARNING] - Timeout '0' is invalid. Using default page load timeout: '37'

2022-06-10 08:31:49 - [MESSAGE][PASSED] - Object 'Object Repository/1-OBJECTS TAREAS PRINCIPALES/Modulo Tarea Compensacion/Generacion Periodos Internos de Cada Nomina/td_P. MensualSeptiembre2021' is visible

2022-06-10 08:31:49 - [TEST_STEP][PASSED] - click(findTestObject("1-OBJECTS TAREAS PRINCIPALES/Modulo Tarea Compensacion/Generacion Periodos Internos de Cada Nomina/td_P. MensualSeptiembre2021")): Object: 'Object Repository/1-OBJECTS TAREAS PRINCIPALES/Modulo Tarea Compensacion/Generacion Periodos Internos de Cada Nomina/td_P. MensualSeptiembre2021' is clicked on

2022-06-10 08:31:50 - [MESSAGE][PASSED] - Object: 'Object Repository/1-OBJECTS TAREAS PRINCIPALES/Modulo Tarea Compensacion/Generacion Periodos Internos de Cada Nomina/td_P. MensualSeptiembre2021' is clicked on

2022-06-10 08:31:50 - [TEST_STEP][PASSED] - click(findTestObject("1-OBJECTS TAREAS PRINCIPALES/Modulo Tarea Compensacion/Crear Periodos Internos de Cada Nomina/a_Eliminar")): Object: 'Object Repository/1-OBJECTS TAREAS PRINCIPALES/Modulo Tarea Compensacion/Crear Periodos Internos de Cada Nomina/a_Eliminar' is clicked on

2022-06-10 08:31:50 - [MESSAGE][PASSED] - Object: 'Object Repository/1-OBJECTS TAREAS PRINCIPALES/Modulo Tarea Compensacion/Crear Periodos Internos de Cada Nomina/a_Eliminar' is clicked on

2022-06-10 08:31:50 - [TEST_STEP][PASSED] - click(findTestObject("1-OBJECTS TAREAS PRINCIPALES/Modulo Tarea Compensacion/Crear Periodos Internos de Cada Nomina/a_Aceptar")): Object: 'Object Repository/1-OBJECTS TAREAS PRINCIPALES/Modulo Tarea Compensacion/Crear Periodos Internos de Cada Nomina/a_Aceptar' is clicked on

2022-06-10 08:31:51 - [MESSAGE][PASSED] - Object: 'Object Repository/1-OBJECTS TAREAS PRINCIPALES/Modulo Tarea Compensacion/Crear Periodos Internos de Cada Nomina/a_Aceptar' is clicked on

2022-06-10 08:31:51 - [TEST_STEP][PASSED] - Alerta = getText(findTestObject("3-OBJECTS UTILIDADES/Alerta/Alerta")): Text of object 'Object Repository/3-OBJECTS UTILIDADES/Alerta/Alerta' is: 'Se elimino el registro'

2022-06-10 08:31:52 - [MESSAGE][PASSED] - Text of object 'Object Repository/3-OBJECTS UTILIDADES/Alerta/Alerta' is: 'Se elimino el registro'

2022-06-10 08:31:52 - [TEST_STEP][PASSED] - if (Alerta == "Se elimino el registro"): Browser is closed

2022-06-10 08:31:52 - [TEST_STEP][PASSED] - closeBrowser(): Browser is closed

2022-06-10 08:31:53 - [MESSAGE][PASSED] - Browser is closed]]></system-out>
         <system-err><![CDATA[]]></system-err>
      </testcase>
      <testcase name="Test Cases/1.1-Tareas Principales/1.1.6-crear vacaciones" time="118.288" classname="Test Cases/1.1-Tareas Principales/1.1.6-crear vacaciones" status="FAILED">
         <failure type="FAILED" message="Test Cases/1.1-Tareas Principales/1.1.6-crear vacaciones FAILED.
Reason:
com.kms.katalon.core.exception.StepFailedException: Unable to click on object 'Object Repository/1-OBJECTS TAREAS PRINCIPALES/Modulo Tarea Compensacion/Dias con Permisos Pasivos Permitidos/a_Guardar_solicitudes'
	at com.kms.katalon.core.webui.keyword.internal.WebUIKeywordMain.stepFailed(WebUIKeywordMain.groovy:64)
	at com.kms.katalon.core.webui.keyword.internal.WebUIKeywordMain.runKeyword(WebUIKeywordMain.groovy:26)
	at com.kms.katalon.core.webui.keyword.builtin.ClickKeyword.click(ClickKeyword.groovy:74)
	at com.kms.katalon.core.webui.keyword.builtin.ClickKeyword.execute(ClickKeyword.groovy:40)
	at com.kms.katalon.core.keyword.internal.KeywordExecutor.executeKeywordForPlatform(KeywordExecutor.groovy:74)
	at com.kms.katalon.core.webui.keyword.WebUiBuiltInKeywords.click(WebUiBuiltInKeywords.groovy:620)
	at com.kms.katalon.core.webui.keyword.WebUiBuiltInKeywords$click$5.call(Unknown Source)
	at 1.1.6-crear vacaciones.run(1.1.6-crear vacaciones:177)
	at com.kms.katalon.core.main.ScriptEngine.run(ScriptEngine.java:194)
	at com.kms.katalon.core.main.ScriptEngine.runScriptAsRawText(ScriptEngine.java:119)
	at com.kms.katalon.core.main.TestCaseExecutor.runScript(TestCaseExecutor.java:445)
	at com.kms.katalon.core.main.TestCaseExecutor.doExecute(TestCaseExecutor.java:436)
	at com.kms.katalon.core.main.TestCaseExecutor.processExecutionPhase(TestCaseExecutor.java:415)
	at com.kms.katalon.core.main.TestCaseExecutor.accessMainPhase(TestCaseExecutor.java:407)
	at com.kms.katalon.core.main.TestCaseExecutor.execute(TestCaseExecutor.java:284)
	at com.kms.katalon.core.common.CommonExecutor.accessTestCaseMainPhase(CommonExecutor.java:65)
	at com.kms.katalon.core.main.TestSuiteExecutor.accessTestSuiteMainPhase(TestSuiteExecutor.java:144)
	at com.kms.katalon.core.main.TestSuiteExecutor.execute(TestSuiteExecutor.java:106)
	at com.kms.katalon.core.main.TestCaseMain.startTestSuite(TestCaseMain.java:185)
	at com.kms.katalon.core.main.TestCaseMain$startTestSuite$0.call(Unknown Source)
	at TempTestSuite1654867643956.run(TempTestSuite1654867643956.groovy:36)
Caused by: com.kms.katalon.core.webui.exception.WebElementNotFoundException: Web element with id: 'Object Repository/1-OBJECTS TAREAS PRINCIPALES/Modulo Tarea Compensacion/Dias con Permisos Pasivos Permitidos/a_Guardar_solicitudes' located by '//*/text()[normalize-space(.)='Guardar Legalizar']/parent::*' not found
	at com.kms.katalon.core.webui.common.WebUiCommonHelper.findWebElement(WebUiCommonHelper.java:1370)
	at com.kms.katalon.core.webui.keyword.internal.WebUIAbstractKeyword.findWebElement(WebUIAbstractKeyword.groovy:27)
	at com.kms.katalon.core.webui.keyword.builtin.ClickKeyword$_click_closure1.doCall(ClickKeyword.groovy:65)
	at com.kms.katalon.core.webui.keyword.builtin.ClickKeyword$_click_closure1.call(ClickKeyword.groovy)
	at com.kms.katalon.core.webui.keyword.internal.WebUIKeywordMain.runKeyword(WebUIKeywordMain.groovy:20)
	... 19 more
"/>
         <system-out><![CDATA[2022-06-10 08:31:53 - [TEST_CASE][FAILED] - Test Cases/1.1-Tareas Principales/1.1.6-crear vacaciones: Test Cases/1.1-Tareas Principales/1.1.6-crear vacaciones FAILED.
Reason:
com.kms.katalon.core.exception.StepFailedException: Unable to click on object 'Object Repository/1-OBJECTS TAREAS PRINCIPALES/Modulo Tarea Compensacion/Dias con Permisos Pasivos Permitidos/a_Guardar_solicitudes'
	at com.kms.katalon.core.webui.keyword.internal.WebUIKeywordMain.stepFailed(WebUIKeywordMain.groovy:64)
	at com.kms.katalon.core.webui.keyword.internal.WebUIKeywordMain.runKeyword(WebUIKeywordMain.groovy:26)
	at com.kms.katalon.core.webui.keyword.builtin.ClickKeyword.click(ClickKeyword.groovy:74)
	at com.kms.katalon.core.webui.keyword.builtin.ClickKeyword.execute(ClickKeyword.groovy:40)
	at com.kms.katalon.core.keyword.internal.KeywordExecutor.executeKeywordForPlatform(KeywordExecutor.groovy:74)
	at com.kms.katalon.core.webui.keyword.WebUiBuiltInKeywords.click(WebUiBuiltInKeywords.groovy:620)
	at com.kms.katalon.core.webui.keyword.WebUiBuiltInKeywords$click$5.call(Unknown Source)
	at 1.1.6-crear vacaciones.run(1.1.6-crear vacaciones:177)
	at com.kms.katalon.core.main.ScriptEngine.run(ScriptEngine.java:194)
	at com.kms.katalon.core.main.ScriptEngine.runScriptAsRawText(ScriptEngine.java:119)
	at com.kms.katalon.core.main.TestCaseExecutor.runScript(TestCaseExecutor.java:445)
	at com.kms.katalon.core.main.TestCaseExecutor.doExecute(TestCaseExecutor.java:436)
	at com.kms.katalon.core.main.TestCaseExecutor.processExecutionPhase(TestCaseExecutor.java:415)
	at com.kms.katalon.core.main.TestCaseExecutor.accessMainPhase(TestCaseExecutor.java:407)
	at com.kms.katalon.core.main.TestCaseExecutor.execute(TestCaseExecutor.java:284)
	at com.kms.katalon.core.common.CommonExecutor.accessTestCaseMainPhase(CommonExecutor.java:65)
	at com.kms.katalon.core.main.TestSuiteExecutor.accessTestSuiteMainPhase(TestSuiteExecutor.java:144)
	at com.kms.katalon.core.main.TestSuiteExecutor.execute(TestSuiteExecutor.java:106)
	at com.kms.katalon.core.main.TestCaseMain.startTestSuite(TestCaseMain.java:185)
	at com.kms.katalon.core.main.TestCaseMain$startTestSuite$0.call(Unknown Source)
	at TempTestSuite1654867643956.run(TempTestSuite1654867643956.groovy:36)
Caused by: com.kms.katalon.core.webui.exception.WebElementNotFoundException: Web element with id: 'Object Repository/1-OBJECTS TAREAS PRINCIPALES/Modulo Tarea Compensacion/Dias con Permisos Pasivos Permitidos/a_Guardar_solicitudes' located by '//*/text()[normalize-space(.)='Guardar Legalizar']/parent::*' not found
	at com.kms.katalon.core.webui.common.WebUiCommonHelper.findWebElement(WebUiCommonHelper.java:1370)
	at com.kms.katalon.core.webui.keyword.internal.WebUIAbstractKeyword.findWebElement(WebUIAbstractKeyword.groovy:27)
	at com.kms.katalon.core.webui.keyword.builtin.ClickKeyword$_click_closure1.doCall(ClickKeyword.groovy:65)
	at com.kms.katalon.core.webui.keyword.builtin.ClickKeyword$_click_closure1.call(ClickKeyword.groovy)
	at com.kms.katalon.core.webui.keyword.internal.WebUIKeywordMain.runKeyword(WebUIKeywordMain.groovy:20)
	... 19 more


2022-06-10 08:31:53 - [TEST_STEP][PASSED] - callTestCase(findTestCase("Utilidades-(atajos_para _tareas)/Tareas Administracion Compensacion/Tarea Listado Empleados"), [:], STOP_ON_FAILURE): Call Test Case 'Test Cases/Utilidades-(atajos_para _tareas)/Tareas Administracion Compensacion/Tarea Listado Empleados' successfully

2022-06-10 08:31:53 - [TEST_CASE][PASSED] - Test Cases/Utilidades-(atajos_para _tareas)/Tareas Administracion Compensacion/Tarea Listado Empleados: Test Cases/Utilidades-(atajos_para _tareas)/Tareas Administracion Compensacion/Tarea Listado Empleados

2022-06-10 08:31:53 - [TEST_STEP][PASSED] - callTestCase(findTestCase("0.1-Login"), [:], STOP_ON_FAILURE): Call Test Case 'Test Cases/0.1-Login' successfully

2022-06-10 08:31:53 - [TEST_CASE][PASSED] - Test Cases/0.1-Login: Test Cases/0.1-Login

2022-06-10 08:31:53 - [TEST_STEP][PASSED] - openBrowser(""): Browser is opened with url: ''

2022-06-10 08:31:53 - [MESSAGE][INFO] - Starting 'Chrome' driver

2022-06-10 08:31:53 - [MESSAGE][INFO] - Action delay is set to 0 milliseconds

2022-06-10 08:31:55 - [MESSAGE][PASSED] - Browser is opened with url: ''

2022-06-10 08:31:55 - [TEST_STEP][PASSED] - maximizeWindow(): Current window maximized

2022-06-10 08:31:55 - [MESSAGE][PASSED] - Current window maximized

2022-06-10 08:31:55 - [TEST_STEP][PASSED] - i = G_Login: null

2022-06-10 08:31:55 - [TEST_STEP][PASSED] - url = new java.net.URL(i): null

2022-06-10 08:31:55 - [TEST_STEP][PASSED] - println("URL: " + url.toString()): null

2022-06-10 08:31:55 - [TEST_STEP][PASSED] - connection = url.openConnection(): null

2022-06-10 08:31:55 - [TEST_STEP][PASSED] - connection.setRequestMethod("GET"): null

2022-06-10 08:31:55 - [TEST_STEP][PASSED] - connection.setReadTimeout(2 * 1000): null

2022-06-10 08:31:55 - [TEST_STEP][PASSED] - try: null

2022-06-10 08:31:55 - [TEST_STEP][PASSED] - connection.connect(): null

2022-06-10 08:31:55 - [TEST_STEP][PASSED] - flag = connected: null

2022-06-10 08:31:55 - [TEST_STEP][PASSED] - println("Valor_ori: " + flag): null

2022-06-10 08:31:55 - [TEST_STEP][PASSED] - if (flag): null

2022-06-10 08:31:55 - [TEST_STEP][PASSED] - navigateToUrl(i): Navigate to 'http://192.168.2.19:8380/saraweb' successfully

2022-06-10 08:31:55 - [MESSAGE][PASSED] - Navigate to 'http://192.168.2.19:8380/saraweb' successfully

2022-06-10 08:31:55 - [TEST_STEP][PASSED] - a(): null

2022-06-10 08:31:55 - [TEST_STEP][PASSED] - setText(findTestObject("3-OBJECTS UTILIDADES/Login/input_USUARIO_loginusuario"), G_Usuario): Text 'saraadmin' is set on object 'Object Repository/3-OBJECTS UTILIDADES/Login/input_USUARIO_loginusuario'

2022-06-10 08:31:56 - [MESSAGE][PASSED] - Text 'saraadmin' is set on object 'Object Repository/3-OBJECTS UTILIDADES/Login/input_USUARIO_loginusuario'

2022-06-10 08:31:56 - [TEST_STEP][PASSED] - setEncryptedText(findTestObject("3-OBJECTS UTILIDADES/Login/input_CLAVE_loginpassword"), "MkG4/TYiCFC3cb2driP7+Q=="): Text ****** has been set on object 'Object Repository/3-OBJECTS UTILIDADES/Login/input_CLAVE_loginpassword'

2022-06-10 08:31:56 - [MESSAGE][PASSED] - Text ****** has been set on object 'Object Repository/3-OBJECTS UTILIDADES/Login/input_CLAVE_loginpassword'

2022-06-10 08:31:56 - [TEST_STEP][PASSED] - waitForElementClickable(findTestObject("3-OBJECTS UTILIDADES/Login/a_Ingresar"), G_TimeOut): Object 'Object Repository/3-OBJECTS UTILIDADES/Login/a_Ingresar' is clickable

2022-06-10 08:31:57 - [MESSAGE][PASSED] - Object 'Object Repository/3-OBJECTS UTILIDADES/Login/a_Ingresar' is clickable

2022-06-10 08:31:57 - [TEST_STEP][PASSED] - click(findTestObject("3-OBJECTS UTILIDADES/Login/a_Ingresar")): Object: 'Object Repository/3-OBJECTS UTILIDADES/Login/a_Ingresar' is clicked on

2022-06-10 08:31:58 - [MESSAGE][PASSED] - Object: 'Object Repository/3-OBJECTS UTILIDADES/Login/a_Ingresar' is clicked on

2022-06-10 08:31:58 - [TEST_STEP][PASSED] - element = findWebElement(findTestObject("3-OBJECTS UTILIDADES/Login/a_Ir"), 30): null

2022-06-10 08:31:58 - [TEST_STEP][PASSED] - executeJavaScript("arguments[0].click()", Arrays.asList(element)): Execute JavaScript 'arguments[0].click()' successfully

2022-06-10 08:31:58 - [MESSAGE][PASSED] - Execute JavaScript 'arguments[0].click()' successfully

2022-06-10 08:31:58 - [MESSAGE][PASSED] - Call Test Case 'Test Cases/0.1-Login' successfully

2022-06-10 08:31:58 - [TEST_STEP][PASSED] - setText(findTestObject("1-OBJECTS TAREAS PRINCIPALES/Modulo Tarea Listado Hojas de Vida/Tareas Listado Hojas de Vida/input_Listado Hojas De Vida_form_templatej_idt24_input"), "Listado de Empleados"): Text 'Listado de Empleados' is set on object 'Object Repository/1-OBJECTS TAREAS PRINCIPALES/Modulo Tarea Listado Hojas de Vida/Tareas Listado Hojas de Vida/input_Listado Hojas De Vida_form_templatej_idt24_input'

2022-06-10 08:32:00 - [MESSAGE][PASSED] - Text 'Listado de Empleados' is set on object 'Object Repository/1-OBJECTS TAREAS PRINCIPALES/Modulo Tarea Listado Hojas de Vida/Tareas Listado Hojas de Vida/input_Listado Hojas De Vida_form_templatej_idt24_input'

2022-06-10 08:32:00 - [TEST_STEP][PASSED] - waitForElementVisible(findTestObject("1-OBJECTS TAREAS PRINCIPALES/Modulo Tarea Listado Hojas de Vida/Tareas Listado Hojas de Vida/span_Listado de Empleados"), 0): Object 'Object Repository/1-OBJECTS TAREAS PRINCIPALES/Modulo Tarea Listado Hojas de Vida/Tareas Listado Hojas de Vida/span_Listado de Empleados' is visible

2022-06-10 08:32:00 - [MESSAGE][WARNING] - Timeout '0' is invalid. Using default page load timeout: '37'

2022-06-10 08:32:01 - [MESSAGE][PASSED] - Object 'Object Repository/1-OBJECTS TAREAS PRINCIPALES/Modulo Tarea Listado Hojas de Vida/Tareas Listado Hojas de Vida/span_Listado de Empleados' is visible

2022-06-10 08:32:01 - [TEST_STEP][PASSED] - click(findTestObject("1-OBJECTS TAREAS PRINCIPALES/Modulo Tarea Listado Hojas de Vida/Tareas Listado Hojas de Vida/span_Listado de Empleados")): Object: 'Object Repository/1-OBJECTS TAREAS PRINCIPALES/Modulo Tarea Listado Hojas de Vida/Tareas Listado Hojas de Vida/span_Listado de Empleados' is clicked on

2022-06-10 08:32:01 - [MESSAGE][PASSED] - Object: 'Object Repository/1-OBJECTS TAREAS PRINCIPALES/Modulo Tarea Listado Hojas de Vida/Tareas Listado Hojas de Vida/span_Listado de Empleados' is clicked on

2022-06-10 08:32:01 - [MESSAGE][PASSED] - Call Test Case 'Test Cases/Utilidades-(atajos_para _tareas)/Tareas Administracion Compensacion/Tarea Listado Empleados' successfully

2022-06-10 08:32:01 - [TEST_STEP][PASSED] - setText(findTestObject("1-OBJECTS TAREAS PRINCIPALES/Modulo Tarea Compensacion/Dias con Permisos Pasivos Permitidos/input_Identificacin_listadoEmpleadoIdentificacionEmpleado"), "1234567890"): Text '1234567890' is set on object 'Object Repository/1-OBJECTS TAREAS PRINCIPALES/Modulo Tarea Compensacion/Dias con Permisos Pasivos Permitidos/input_Identificacin_listadoEmpleadoIdentificacionEmpleado'

2022-06-10 08:32:03 - [MESSAGE][PASSED] - Text '1234567890' is set on object 'Object Repository/1-OBJECTS TAREAS PRINCIPALES/Modulo Tarea Compensacion/Dias con Permisos Pasivos Permitidos/input_Identificacin_listadoEmpleadoIdentificacionEmpleado'

2022-06-10 08:32:03 - [TEST_STEP][PASSED] - sendKeys(findTestObject("1-OBJECTS TAREAS PRINCIPALES/Modulo Tarea Compensacion/Dias con Permisos Pasivos Permitidos/input_Identificacin_listadoEmpleadoIdentificacionEmpleado"), Keys.chord(ENTER)): Keys 'ENTER + ' sent to object: 'Object Repository/1-OBJECTS TAREAS PRINCIPALES/Modulo Tarea Compensacion/Dias con Permisos Pasivos Permitidos/input_Identificacin_listadoEmpleadoIdentificacionEmpleado'

2022-06-10 08:32:04 - [MESSAGE][PASSED] - Keys 'ENTER + ' sent to object: 'Object Repository/1-OBJECTS TAREAS PRINCIPALES/Modulo Tarea Compensacion/Dias con Permisos Pasivos Permitidos/input_Identificacin_listadoEmpleadoIdentificacionEmpleado'

2022-06-10 08:32:04 - [TEST_STEP][PASSED] - waitForElementClickable(findTestObject("1-OBJECTS TAREAS PRINCIPALES/Modulo Tarea Compensacion/Dias con Permisos Pasivos Permitidos/span_Consta Belfegord Jhon"), G_TimeOut): Object 'Object Repository/1-OBJECTS TAREAS PRINCIPALES/Modulo Tarea Compensacion/Dias con Permisos Pasivos Permitidos/span_Consta Belfegord Jhon' is clickable

2022-06-10 08:32:04 - [MESSAGE][PASSED] - Object 'Object Repository/1-OBJECTS TAREAS PRINCIPALES/Modulo Tarea Compensacion/Dias con Permisos Pasivos Permitidos/span_Consta Belfegord Jhon' is clickable

2022-06-10 08:32:04 - [TEST_STEP][PASSED] - click(findTestObject("1-OBJECTS TAREAS PRINCIPALES/Modulo Tarea Compensacion/Dias con Permisos Pasivos Permitidos/span_Consta Belfegord Jhon")): Object: 'Object Repository/1-OBJECTS TAREAS PRINCIPALES/Modulo Tarea Compensacion/Dias con Permisos Pasivos Permitidos/span_Consta Belfegord Jhon' is clicked on

2022-06-10 08:32:05 - [MESSAGE][PASSED] - Object: 'Object Repository/1-OBJECTS TAREAS PRINCIPALES/Modulo Tarea Compensacion/Dias con Permisos Pasivos Permitidos/span_Consta Belfegord Jhon' is clicked on

2022-06-10 08:32:05 - [TEST_STEP][PASSED] - waitForElementClickable(findTestObject("1-OBJECTS TAREAS PRINCIPALES/Modulo Tarea Compensacion/Dias con Permisos Pasivos Permitidos/a_Vacacin"), G_TimeOut): Object 'Object Repository/1-OBJECTS TAREAS PRINCIPALES/Modulo Tarea Compensacion/Dias con Permisos Pasivos Permitidos/a_Vacacin' is clickable

2022-06-10 08:32:06 - [MESSAGE][PASSED] - Object 'Object Repository/1-OBJECTS TAREAS PRINCIPALES/Modulo Tarea Compensacion/Dias con Permisos Pasivos Permitidos/a_Vacacin' is clickable

2022-06-10 08:32:06 - [TEST_STEP][PASSED] - click(findTestObject("1-OBJECTS TAREAS PRINCIPALES/Modulo Tarea Compensacion/Dias con Permisos Pasivos Permitidos/a_Vacacin")): Object: 'Object Repository/1-OBJECTS TAREAS PRINCIPALES/Modulo Tarea Compensacion/Dias con Permisos Pasivos Permitidos/a_Vacacin' is clicked on

2022-06-10 08:32:06 - [MESSAGE][PASSED] - Object: 'Object Repository/1-OBJECTS TAREAS PRINCIPALES/Modulo Tarea Compensacion/Dias con Permisos Pasivos Permitidos/a_Vacacin' is clicked on

2022-06-10 08:32:06 - [TEST_STEP][PASSED] - if (waitForElementClickable(findTestObject("1-OBJECTS TAREAS PRINCIPALES/Modulo Tarea Compensacion/Dias con Permisos Pasivos Permitidos/span_Programacion De Vacaciones"), G_TimeOut)): null

2022-06-10 08:32:07 - [MESSAGE][PASSED] - Object 'Object Repository/1-OBJECTS TAREAS PRINCIPALES/Modulo Tarea Compensacion/Dias con Permisos Pasivos Permitidos/span_Programacion De Vacaciones' is clickable

2022-06-10 08:32:07 - [TEST_STEP][PASSED] - click(findTestObject("1-OBJECTS TAREAS PRINCIPALES/Modulo Tarea Compensacion/Dias con Permisos Pasivos Permitidos/span_Programacion De Vacaciones")): Object: 'Object Repository/1-OBJECTS TAREAS PRINCIPALES/Modulo Tarea Compensacion/Dias con Permisos Pasivos Permitidos/span_Programacion De Vacaciones' is clicked on

2022-06-10 08:32:07 - [MESSAGE][PASSED] - Object: 'Object Repository/1-OBJECTS TAREAS PRINCIPALES/Modulo Tarea Compensacion/Dias con Permisos Pasivos Permitidos/span_Programacion De Vacaciones' is clicked on

2022-06-10 08:32:07 - [TEST_STEP][PASSED] - waitForElementClickable(findTestObject("1-OBJECTS TAREAS PRINCIPALES/Modulo Tarea Compensacion/Dias con Permisos Pasivos Permitidos/a_Eliminar"), G_TimeOut): Object 'Object Repository/1-OBJECTS TAREAS PRINCIPALES/Modulo Tarea Compensacion/Dias con Permisos Pasivos Permitidos/a_Eliminar' is clickable

2022-06-10 08:32:08 - [MESSAGE][PASSED] - Object 'Object Repository/1-OBJECTS TAREAS PRINCIPALES/Modulo Tarea Compensacion/Dias con Permisos Pasivos Permitidos/a_Eliminar' is clickable

2022-06-10 08:32:08 - [TEST_STEP][PASSED] - click(findTestObject("1-OBJECTS TAREAS PRINCIPALES/Modulo Tarea Compensacion/Dias con Permisos Pasivos Permitidos/a_Eliminar")): Object: 'Object Repository/1-OBJECTS TAREAS PRINCIPALES/Modulo Tarea Compensacion/Dias con Permisos Pasivos Permitidos/a_Eliminar' is clicked on

2022-06-10 08:32:08 - [MESSAGE][PASSED] - Object: 'Object Repository/1-OBJECTS TAREAS PRINCIPALES/Modulo Tarea Compensacion/Dias con Permisos Pasivos Permitidos/a_Eliminar' is clicked on

2022-06-10 08:32:08 - [TEST_STEP][PASSED] - waitForElementClickable(findTestObject("1-OBJECTS TAREAS PRINCIPALES/Modulo Tarea Compensacion/Dias con Permisos Pasivos Permitidos/a_Aceptar"), G_TimeOut): Object 'Object Repository/1-OBJECTS TAREAS PRINCIPALES/Modulo Tarea Compensacion/Dias con Permisos Pasivos Permitidos/a_Aceptar' is clickable

2022-06-10 08:32:09 - [MESSAGE][PASSED] - Object 'Object Repository/1-OBJECTS TAREAS PRINCIPALES/Modulo Tarea Compensacion/Dias con Permisos Pasivos Permitidos/a_Aceptar' is clickable

2022-06-10 08:32:09 - [TEST_STEP][PASSED] - click(findTestObject("1-OBJECTS TAREAS PRINCIPALES/Modulo Tarea Compensacion/Dias con Permisos Pasivos Permitidos/a_Aceptar")): Object: 'Object Repository/1-OBJECTS TAREAS PRINCIPALES/Modulo Tarea Compensacion/Dias con Permisos Pasivos Permitidos/a_Aceptar' is clicked on

2022-06-10 08:32:09 - [MESSAGE][PASSED] - Object: 'Object Repository/1-OBJECTS TAREAS PRINCIPALES/Modulo Tarea Compensacion/Dias con Permisos Pasivos Permitidos/a_Aceptar' is clicked on

2022-06-10 08:32:09 - [TEST_STEP][PASSED] - click(findTestObject("1-OBJECTS TAREAS PRINCIPALES/Modulo Tarea Compensacion/Dias con Permisos Pasivos Permitidos/a_Histrico")): Object: 'Object Repository/1-OBJECTS TAREAS PRINCIPALES/Modulo Tarea Compensacion/Dias con Permisos Pasivos Permitidos/a_Histrico' is clicked on

2022-06-10 08:32:10 - [MESSAGE][PASSED] - Object: 'Object Repository/1-OBJECTS TAREAS PRINCIPALES/Modulo Tarea Compensacion/Dias con Permisos Pasivos Permitidos/a_Histrico' is clicked on

2022-06-10 08:32:10 - [TEST_STEP][PASSED] - if (waitForElementClickable(findTestObject("1-OBJECTS TAREAS PRINCIPALES/Modulo Tarea Compensacion/Dias con Permisos Pasivos Permitidos/span_Programacion De Vacaciones"), 1)): Web element with id: 'Object Repository/1-OBJECTS TAREAS PRINCIPALES/Modulo Tarea Compensacion/Dias con Permisos Pasivos Permitidos/span_Programacion De Vacaciones' located by '//*/text()[normalize-space(.)='Programacion De Vacaciones']/parent::*' not found

2022-06-10 08:32:12 - [MESSAGE][INFO] - Unable to find the element located by 'By.xpath: //*/text()[normalize-space(.)='Programacion De Vacaciones']/parent::*'. Please recheck the objects properties to make sure the desired element is located. 

2022-06-10 08:32:12 - [MESSAGE][WARNING] - Web element with id: 'Object Repository/1-OBJECTS TAREAS PRINCIPALES/Modulo Tarea Compensacion/Dias con Permisos Pasivos Permitidos/span_Programacion De Vacaciones' located by '//*/text()[normalize-space(.)='Programacion De Vacaciones']/parent::*' not found

2022-06-10 08:32:12 - [TEST_STEP][PASSED] - click(findTestObject("1-OBJECTS TAREAS PRINCIPALES/Modulo Tarea Compensacion/Dias con Permisos Pasivos Permitidos/a_Vacaciones")): Object: 'Object Repository/1-OBJECTS TAREAS PRINCIPALES/Modulo Tarea Compensacion/Dias con Permisos Pasivos Permitidos/a_Vacaciones' is clicked on

2022-06-10 08:32:13 - [MESSAGE][PASSED] - Object: 'Object Repository/1-OBJECTS TAREAS PRINCIPALES/Modulo Tarea Compensacion/Dias con Permisos Pasivos Permitidos/a_Vacaciones' is clicked on

2022-06-10 08:32:13 - [TEST_STEP][PASSED] - waitForElementClickable(findTestObject("1-OBJECTS TAREAS PRINCIPALES/Modulo Tarea Compensacion/Dias con Permisos Pasivos Permitidos/a_Nuevo Pasivo"), G_TimeOut): Object 'Object Repository/1-OBJECTS TAREAS PRINCIPALES/Modulo Tarea Compensacion/Dias con Permisos Pasivos Permitidos/a_Nuevo Pasivo' is clickable

2022-06-10 08:32:13 - [MESSAGE][PASSED] - Object 'Object Repository/1-OBJECTS TAREAS PRINCIPALES/Modulo Tarea Compensacion/Dias con Permisos Pasivos Permitidos/a_Nuevo Pasivo' is clickable

2022-06-10 08:32:13 - [TEST_STEP][PASSED] - click(findTestObject("1-OBJECTS TAREAS PRINCIPALES/Modulo Tarea Compensacion/Dias con Permisos Pasivos Permitidos/a_Nuevo Pasivo")): Object: 'Object Repository/1-OBJECTS TAREAS PRINCIPALES/Modulo Tarea Compensacion/Dias con Permisos Pasivos Permitidos/a_Nuevo Pasivo' is clicked on

2022-06-10 08:32:14 - [MESSAGE][PASSED] - Object: 'Object Repository/1-OBJECTS TAREAS PRINCIPALES/Modulo Tarea Compensacion/Dias con Permisos Pasivos Permitidos/a_Nuevo Pasivo' is clicked on

2022-06-10 08:32:14 - [TEST_STEP][PASSED] - click(findTestObject("1-OBJECTS TAREAS PRINCIPALES/Modulo Tarea Compensacion/Dias con Permisos Pasivos Permitidos/a_pestaa Vacaciones")): Object: 'Object Repository/1-OBJECTS TAREAS PRINCIPALES/Modulo Tarea Compensacion/Dias con Permisos Pasivos Permitidos/a_pestaa Vacaciones' is clicked on

2022-06-10 08:32:15 - [MESSAGE][PASSED] - Object: 'Object Repository/1-OBJECTS TAREAS PRINCIPALES/Modulo Tarea Compensacion/Dias con Permisos Pasivos Permitidos/a_pestaa Vacaciones' is clicked on

2022-06-10 08:32:15 - [TEST_STEP][PASSED] - selectOptionByIndex(findTestObject("1-OBJECTS TAREAS PRINCIPALES/Modulo Tarea Compensacion/Dias con Permisos Pasivos Permitidos/select_APLAZAMIENTOPROGRAMACION DE VACACIONES"), "2"): All options with index in [2] are selected on object 'Object Repository/1-OBJECTS TAREAS PRINCIPALES/Modulo Tarea Compensacion/Dias con Permisos Pasivos Permitidos/select_APLAZAMIENTOPROGRAMACION DE VACACIONES'

2022-06-10 08:32:16 - [MESSAGE][PASSED] - All options with index in [2] are selected on object 'Object Repository/1-OBJECTS TAREAS PRINCIPALES/Modulo Tarea Compensacion/Dias con Permisos Pasivos Permitidos/select_APLAZAMIENTOPROGRAMACION DE VACACIONES'

2022-06-10 08:32:16 - [TEST_STEP][PASSED] - selectOptionByIndex(findTestObject("1-OBJECTS TAREAS PRINCIPALES/Modulo Tarea Compensacion/Dias con Permisos Pasivos Permitidos/select_InterrupcinNo Aplica"), "1"): All options with index in [1] are selected on object 'Object Repository/1-OBJECTS TAREAS PRINCIPALES/Modulo Tarea Compensacion/Dias con Permisos Pasivos Permitidos/select_InterrupcinNo Aplica'

2022-06-10 08:32:17 - [MESSAGE][PASSED] - All options with index in [1] are selected on object 'Object Repository/1-OBJECTS TAREAS PRINCIPALES/Modulo Tarea Compensacion/Dias con Permisos Pasivos Permitidos/select_InterrupcinNo Aplica'

2022-06-10 08:32:17 - [TEST_STEP][PASSED] - setText(findTestObject("1-OBJECTS TAREAS PRINCIPALES/Modulo Tarea Compensacion/Dias con Permisos Pasivos Permitidos/input_Periodo Servicio_form_"), "01/06/2021"): Text '01/06/2021' is set on object 'Object Repository/1-OBJECTS TAREAS PRINCIPALES/Modulo Tarea Compensacion/Dias con Permisos Pasivos Permitidos/input_Periodo Servicio_form_'

2022-06-10 08:32:18 - [MESSAGE][PASSED] - Text '01/06/2021' is set on object 'Object Repository/1-OBJECTS TAREAS PRINCIPALES/Modulo Tarea Compensacion/Dias con Permisos Pasivos Permitidos/input_Periodo Servicio_form_'

2022-06-10 08:32:18 - [TEST_STEP][PASSED] - click(findTestObject("1-OBJECTS TAREAS PRINCIPALES/Modulo Tarea Compensacion/Dias con Permisos Pasivos Permitidos/span_Periodo Servicio"), STOP_ON_FAILURE): Object: 'Object Repository/1-OBJECTS TAREAS PRINCIPALES/Modulo Tarea Compensacion/Dias con Permisos Pasivos Permitidos/span_Periodo Servicio' is clicked on

2022-06-10 08:32:18 - [MESSAGE][PASSED] - Object: 'Object Repository/1-OBJECTS TAREAS PRINCIPALES/Modulo Tarea Compensacion/Dias con Permisos Pasivos Permitidos/span_Periodo Servicio' is clicked on

2022-06-10 08:32:18 - [TEST_STEP][PASSED] - setText(findTestObject("1-OBJECTS TAREAS PRINCIPALES/Modulo Tarea Compensacion/Dias con Permisos Pasivos Permitidos/input_Periodo Servicio_form_vacaciones"), "06/06/2021"): Text '06/06/2021' is set on object 'Object Repository/1-OBJECTS TAREAS PRINCIPALES/Modulo Tarea Compensacion/Dias con Permisos Pasivos Permitidos/input_Periodo Servicio_form_vacaciones'

2022-06-10 08:32:19 - [MESSAGE][PASSED] - Text '06/06/2021' is set on object 'Object Repository/1-OBJECTS TAREAS PRINCIPALES/Modulo Tarea Compensacion/Dias con Permisos Pasivos Permitidos/input_Periodo Servicio_form_vacaciones'

2022-06-10 08:32:19 - [TEST_STEP][PASSED] - sendKeys(findTestObject("1-OBJECTS TAREAS PRINCIPALES/Modulo Tarea Compensacion/Dias con Permisos Pasivos Permitidos/input_Periodo Servicio_form_vacaciones"), Keys.chord(ENTER)): Keys 'ENTER + ' sent to object: 'Object Repository/1-OBJECTS TAREAS PRINCIPALES/Modulo Tarea Compensacion/Dias con Permisos Pasivos Permitidos/input_Periodo Servicio_form_vacaciones'

2022-06-10 08:32:19 - [MESSAGE][PASSED] - Keys 'ENTER + ' sent to object: 'Object Repository/1-OBJECTS TAREAS PRINCIPALES/Modulo Tarea Compensacion/Dias con Permisos Pasivos Permitidos/input_Periodo Servicio_form_vacaciones'

2022-06-10 08:32:19 - [TEST_STEP][PASSED] - setText(findTestObject("1-OBJECTS TAREAS PRINCIPALES/Modulo Tarea Compensacion/Dias con Permisos Pasivos Permitidos/input_Das_form_vacacionesEmpleadotabs"), "5"): Text '5' is set on object 'Object Repository/1-OBJECTS TAREAS PRINCIPALES/Modulo Tarea Compensacion/Dias con Permisos Pasivos Permitidos/input_Das_form_vacacionesEmpleadotabs'

2022-06-10 08:32:20 - [MESSAGE][PASSED] - Text '5' is set on object 'Object Repository/1-OBJECTS TAREAS PRINCIPALES/Modulo Tarea Compensacion/Dias con Permisos Pasivos Permitidos/input_Das_form_vacacionesEmpleadotabs'

2022-06-10 08:32:20 - [TEST_STEP][PASSED] - setText(findTestObject("1-OBJECTS TAREAS PRINCIPALES/Modulo Tarea Compensacion/Dias con Permisos Pasivos Permitidos/input_Fecha Origen_form_vacaciones"), "01/06/2021"): Text '01/06/2021' is set on object 'Object Repository/1-OBJECTS TAREAS PRINCIPALES/Modulo Tarea Compensacion/Dias con Permisos Pasivos Permitidos/input_Fecha Origen_form_vacaciones'

2022-06-10 08:32:21 - [MESSAGE][PASSED] - Text '01/06/2021' is set on object 'Object Repository/1-OBJECTS TAREAS PRINCIPALES/Modulo Tarea Compensacion/Dias con Permisos Pasivos Permitidos/input_Fecha Origen_form_vacaciones'

2022-06-10 08:32:21 - [TEST_STEP][PASSED] - sendKeys(findTestObject("1-OBJECTS TAREAS PRINCIPALES/Modulo Tarea Compensacion/Dias con Permisos Pasivos Permitidos/input_Fecha Origen_form_vacaciones"), Keys.chord(ENTER)): Keys 'ENTER + ' sent to object: 'Object Repository/1-OBJECTS TAREAS PRINCIPALES/Modulo Tarea Compensacion/Dias con Permisos Pasivos Permitidos/input_Fecha Origen_form_vacaciones'

2022-06-10 08:32:22 - [MESSAGE][PASSED] - Keys 'ENTER + ' sent to object: 'Object Repository/1-OBJECTS TAREAS PRINCIPALES/Modulo Tarea Compensacion/Dias con Permisos Pasivos Permitidos/input_Fecha Origen_form_vacaciones'

2022-06-10 08:32:22 - [TEST_STEP][PASSED] - waitForElementClickable(findTestObject("1-OBJECTS TAREAS PRINCIPALES/Modulo Tarea Compensacion/Dias con Permisos Pasivos Permitidos/a_Guardar"), G_TimeOut): Object 'Object Repository/1-OBJECTS TAREAS PRINCIPALES/Modulo Tarea Compensacion/Dias con Permisos Pasivos Permitidos/a_Guardar' is clickable

2022-06-10 08:32:22 - [MESSAGE][PASSED] - Object 'Object Repository/1-OBJECTS TAREAS PRINCIPALES/Modulo Tarea Compensacion/Dias con Permisos Pasivos Permitidos/a_Guardar' is clickable

2022-06-10 08:32:22 - [TEST_STEP][PASSED] - click(findTestObject("1-OBJECTS TAREAS PRINCIPALES/Modulo Tarea Compensacion/Dias con Permisos Pasivos Permitidos/a_Guardar")): Object: 'Object Repository/1-OBJECTS TAREAS PRINCIPALES/Modulo Tarea Compensacion/Dias con Permisos Pasivos Permitidos/a_Guardar' is clicked on

2022-06-10 08:32:22 - [MESSAGE][PASSED] - Object: 'Object Repository/1-OBJECTS TAREAS PRINCIPALES/Modulo Tarea Compensacion/Dias con Permisos Pasivos Permitidos/a_Guardar' is clicked on

2022-06-10 08:32:22 - [TEST_STEP][PASSED] - waitForElementClickable(findTestObject("1-OBJECTS TAREAS PRINCIPALES/Modulo Tarea Compensacion/Dias con Permisos Pasivos Permitidos/a_Regresar"), G_TimeOut): Object 'Object Repository/1-OBJECTS TAREAS PRINCIPALES/Modulo Tarea Compensacion/Dias con Permisos Pasivos Permitidos/a_Regresar' is clickable

2022-06-10 08:32:24 - [MESSAGE][PASSED] - Object 'Object Repository/1-OBJECTS TAREAS PRINCIPALES/Modulo Tarea Compensacion/Dias con Permisos Pasivos Permitidos/a_Regresar' is clickable

2022-06-10 08:32:24 - [TEST_STEP][PASSED] - click(findTestObject("1-OBJECTS TAREAS PRINCIPALES/Modulo Tarea Compensacion/Dias con Permisos Pasivos Permitidos/a_Regresar")): Object: 'Object Repository/1-OBJECTS TAREAS PRINCIPALES/Modulo Tarea Compensacion/Dias con Permisos Pasivos Permitidos/a_Regresar' is clicked on

2022-06-10 08:32:24 - [MESSAGE][PASSED] - Object: 'Object Repository/1-OBJECTS TAREAS PRINCIPALES/Modulo Tarea Compensacion/Dias con Permisos Pasivos Permitidos/a_Regresar' is clicked on

2022-06-10 08:32:24 - [TEST_STEP][PASSED] - if (waitForElementClickable(findTestObject("1-OBJECTS TAREAS PRINCIPALES/Modulo Tarea Compensacion/Dias con Permisos Pasivos Permitidos/td_02062021"), 1)): Web element with id: 'Object Repository/1-OBJECTS TAREAS PRINCIPALES/Modulo Tarea Compensacion/Dias con Permisos Pasivos Permitidos/td_02062021' located by '//*/text()[normalize-space(.)='02/06/2021']/parent::*' not found

2022-06-10 08:32:26 - [MESSAGE][INFO] - Unable to find the element located by 'By.xpath: //*/text()[normalize-space(.)='02/06/2021']/parent::*'. Please recheck the objects properties to make sure the desired element is located. 

2022-06-10 08:32:26 - [MESSAGE][WARNING] - Web element with id: 'Object Repository/1-OBJECTS TAREAS PRINCIPALES/Modulo Tarea Compensacion/Dias con Permisos Pasivos Permitidos/td_02062021' located by '//*/text()[normalize-space(.)='02/06/2021']/parent::*' not found

2022-06-10 08:32:26 - [TEST_STEP][PASSED] - waitForElementClickable(findTestObject("1-OBJECTS TAREAS PRINCIPALES/Modulo Tarea Compensacion/Dias con Permisos Pasivos Permitidos/a_Nueva Solicitud"), G_TimeOut): Object 'Object Repository/1-OBJECTS TAREAS PRINCIPALES/Modulo Tarea Compensacion/Dias con Permisos Pasivos Permitidos/a_Nueva Solicitud' is clickable

2022-06-10 08:32:27 - [MESSAGE][PASSED] - Object 'Object Repository/1-OBJECTS TAREAS PRINCIPALES/Modulo Tarea Compensacion/Dias con Permisos Pasivos Permitidos/a_Nueva Solicitud' is clickable

2022-06-10 08:32:27 - [TEST_STEP][PASSED] - click(findTestObject("1-OBJECTS TAREAS PRINCIPALES/Modulo Tarea Compensacion/Dias con Permisos Pasivos Permitidos/a_Nueva Solicitud")): Object: 'Object Repository/1-OBJECTS TAREAS PRINCIPALES/Modulo Tarea Compensacion/Dias con Permisos Pasivos Permitidos/a_Nueva Solicitud' is clicked on

2022-06-10 08:32:27 - [MESSAGE][PASSED] - Object: 'Object Repository/1-OBJECTS TAREAS PRINCIPALES/Modulo Tarea Compensacion/Dias con Permisos Pasivos Permitidos/a_Nueva Solicitud' is clicked on

2022-06-10 08:32:27 - [TEST_STEP][PASSED] - setText(findTestObject("1-OBJECTS TAREAS PRINCIPALES/Modulo Tarea Compensacion/Dias con Permisos Pasivos Permitidos/input_Salida Nomina_form_vacaciones"), "01/06/2021"): Text '01/06/2021' is set on object 'Object Repository/1-OBJECTS TAREAS PRINCIPALES/Modulo Tarea Compensacion/Dias con Permisos Pasivos Permitidos/input_Salida Nomina_form_vacaciones'

2022-06-10 08:32:28 - [MESSAGE][PASSED] - Text '01/06/2021' is set on object 'Object Repository/1-OBJECTS TAREAS PRINCIPALES/Modulo Tarea Compensacion/Dias con Permisos Pasivos Permitidos/input_Salida Nomina_form_vacaciones'

2022-06-10 08:32:28 - [TEST_STEP][PASSED] - sendKeys(findTestObject("1-OBJECTS TAREAS PRINCIPALES/Modulo Tarea Compensacion/Dias con Permisos Pasivos Permitidos/input_Salida Nomina_form_vacaciones"), Keys.chord(ENTER)): Keys 'ENTER + ' sent to object: 'Object Repository/1-OBJECTS TAREAS PRINCIPALES/Modulo Tarea Compensacion/Dias con Permisos Pasivos Permitidos/input_Salida Nomina_form_vacaciones'

2022-06-10 08:32:29 - [MESSAGE][PASSED] - Keys 'ENTER + ' sent to object: 'Object Repository/1-OBJECTS TAREAS PRINCIPALES/Modulo Tarea Compensacion/Dias con Permisos Pasivos Permitidos/input_Salida Nomina_form_vacaciones'

2022-06-10 08:32:29 - [TEST_STEP][PASSED] - selectOptionByIndex(findTestObject("1-OBJECTS TAREAS PRINCIPALES/Modulo Tarea Compensacion/Dias con Permisos Pasivos Permitidos/select_SeleccioneChequeEntidad_"), "3"): All options with index in [3] are selected on object 'Object Repository/1-OBJECTS TAREAS PRINCIPALES/Modulo Tarea Compensacion/Dias con Permisos Pasivos Permitidos/select_SeleccioneChequeEntidad_'

2022-06-10 08:32:30 - [MESSAGE][PASSED] - All options with index in [3] are selected on object 'Object Repository/1-OBJECTS TAREAS PRINCIPALES/Modulo Tarea Compensacion/Dias con Permisos Pasivos Permitidos/select_SeleccioneChequeEntidad_'

2022-06-10 08:32:30 - [TEST_STEP][PASSED] - setText(findTestObject("1-OBJECTS TAREAS PRINCIPALES/Modulo Tarea Compensacion/Dias con Permisos Pasivos Permitidos/input_Pago_form_vacacionesEmpleado"), "01/06/2021"): Text '01/06/2021' is set on object 'Object Repository/1-OBJECTS TAREAS PRINCIPALES/Modulo Tarea Compensacion/Dias con Permisos Pasivos Permitidos/input_Pago_form_vacacionesEmpleado'

2022-06-10 08:32:31 - [MESSAGE][PASSED] - Text '01/06/2021' is set on object 'Object Repository/1-OBJECTS TAREAS PRINCIPALES/Modulo Tarea Compensacion/Dias con Permisos Pasivos Permitidos/input_Pago_form_vacacionesEmpleado'

2022-06-10 08:32:31 - [TEST_STEP][PASSED] - sendKeys(findTestObject("1-OBJECTS TAREAS PRINCIPALES/Modulo Tarea Compensacion/Dias con Permisos Pasivos Permitidos/input_Pago_form_vacacionesEmpleado"), Keys.chord(ENTER)): Keys 'ENTER + ' sent to object: 'Object Repository/1-OBJECTS TAREAS PRINCIPALES/Modulo Tarea Compensacion/Dias con Permisos Pasivos Permitidos/input_Pago_form_vacacionesEmpleado'

2022-06-10 08:32:31 - [MESSAGE][PASSED] - Keys 'ENTER + ' sent to object: 'Object Repository/1-OBJECTS TAREAS PRINCIPALES/Modulo Tarea Compensacion/Dias con Permisos Pasivos Permitidos/input_Pago_form_vacacionesEmpleado'

2022-06-10 08:32:31 - [TEST_STEP][PASSED] - setText(findTestObject("1-OBJECTS TAREAS PRINCIPALES/Modulo Tarea Compensacion/Dias con Permisos Pasivos Permitidos/input_Disfrute_form_vacacionesEmpleado"), "1"): Text '1' is set on object 'Object Repository/1-OBJECTS TAREAS PRINCIPALES/Modulo Tarea Compensacion/Dias con Permisos Pasivos Permitidos/input_Disfrute_form_vacacionesEmpleado'

2022-06-10 08:32:32 - [MESSAGE][PASSED] - Text '1' is set on object 'Object Repository/1-OBJECTS TAREAS PRINCIPALES/Modulo Tarea Compensacion/Dias con Permisos Pasivos Permitidos/input_Disfrute_form_vacacionesEmpleado'

2022-06-10 08:32:32 - [TEST_STEP][PASSED] - setText(findTestObject("1-OBJECTS TAREAS PRINCIPALES/Modulo Tarea Compensacion/Dias con Permisos Pasivos Permitidos/input_Compensados_form_vacaciones"), "1"): Text '1' is set on object 'Object Repository/1-OBJECTS TAREAS PRINCIPALES/Modulo Tarea Compensacion/Dias con Permisos Pasivos Permitidos/input_Compensados_form_vacaciones'

2022-06-10 08:32:33 - [MESSAGE][PASSED] - Text '1' is set on object 'Object Repository/1-OBJECTS TAREAS PRINCIPALES/Modulo Tarea Compensacion/Dias con Permisos Pasivos Permitidos/input_Compensados_form_vacaciones'

2022-06-10 08:32:33 - [TEST_STEP][PASSED] - setText(findTestObject("1-OBJECTS TAREAS PRINCIPALES/Modulo Tarea Compensacion/Dias con Permisos Pasivos Permitidos/textarea_Observacin_form_vacaciones"), "Pruebas sara"): Text 'Pruebas sara' is set on object 'Object Repository/1-OBJECTS TAREAS PRINCIPALES/Modulo Tarea Compensacion/Dias con Permisos Pasivos Permitidos/textarea_Observacin_form_vacaciones'

2022-06-10 08:32:34 - [MESSAGE][PASSED] - Text 'Pruebas sara' is set on object 'Object Repository/1-OBJECTS TAREAS PRINCIPALES/Modulo Tarea Compensacion/Dias con Permisos Pasivos Permitidos/textarea_Observacin_form_vacaciones'

2022-06-10 08:32:34 - [TEST_STEP][PASSED] - waitForElementClickable(findTestObject("1-OBJECTS TAREAS PRINCIPALES/Modulo Tarea Compensacion/Dias con Permisos Pasivos Permitidos/a_Verificar"), G_TimeOut): Object 'Object Repository/1-OBJECTS TAREAS PRINCIPALES/Modulo Tarea Compensacion/Dias con Permisos Pasivos Permitidos/a_Verificar' is clickable

2022-06-10 08:32:34 - [MESSAGE][PASSED] - Object 'Object Repository/1-OBJECTS TAREAS PRINCIPALES/Modulo Tarea Compensacion/Dias con Permisos Pasivos Permitidos/a_Verificar' is clickable

2022-06-10 08:32:34 - [TEST_STEP][PASSED] - click(findTestObject("1-OBJECTS TAREAS PRINCIPALES/Modulo Tarea Compensacion/Dias con Permisos Pasivos Permitidos/a_Verificar")): Object: 'Object Repository/1-OBJECTS TAREAS PRINCIPALES/Modulo Tarea Compensacion/Dias con Permisos Pasivos Permitidos/a_Verificar' is clicked on

2022-06-10 08:32:34 - [MESSAGE][PASSED] - Object: 'Object Repository/1-OBJECTS TAREAS PRINCIPALES/Modulo Tarea Compensacion/Dias con Permisos Pasivos Permitidos/a_Verificar' is clicked on

2022-06-10 08:32:34 - [TEST_STEP][PASSED] - waitForElementClickable(findTestObject("1-OBJECTS TAREAS PRINCIPALES/Modulo Tarea Compensacion/Dias con Permisos Pasivos Permitidos/a_Guardar_solicitudes"), 0): Web element with id: 'Object Repository/1-OBJECTS TAREAS PRINCIPALES/Modulo Tarea Compensacion/Dias con Permisos Pasivos Permitidos/a_Guardar_solicitudes' located by '//*/text()[normalize-space(.)='Guardar Legalizar']/parent::*' not found

2022-06-10 08:32:34 - [MESSAGE][WARNING] - Timeout '0' is invalid. Using default page load timeout: '37'

2022-06-10 08:33:13 - [MESSAGE][INFO] - Unable to find the element located by 'By.xpath: //*/text()[normalize-space(.)='Guardar Legalizar']/parent::*'. Please recheck the objects properties to make sure the desired element is located. 

2022-06-10 08:33:13 - [MESSAGE][WARNING] - Web element with id: 'Object Repository/1-OBJECTS TAREAS PRINCIPALES/Modulo Tarea Compensacion/Dias con Permisos Pasivos Permitidos/a_Guardar_solicitudes' located by '//*/text()[normalize-space(.)='Guardar Legalizar']/parent::*' not found

2022-06-10 08:33:13 - [TEST_STEP][FAILED] - click(findTestObject("1-OBJECTS TAREAS PRINCIPALES/Modulo Tarea Compensacion/Dias con Permisos Pasivos Permitidos/a_Guardar_solicitudes")): Unable to click on object 'Object Repository/1-OBJECTS TAREAS PRINCIPALES/Modulo Tarea Compensacion/Dias con Permisos Pasivos Permitidos/a_Guardar_solicitudes' (Root cause: com.kms.katalon.core.exception.StepFailedException: Unable to click on object 'Object Repository/1-OBJECTS TAREAS PRINCIPALES/Modulo Tarea Compensacion/Dias con Permisos Pasivos Permitidos/a_Guardar_solicitudes'
	at com.kms.katalon.core.webui.keyword.internal.WebUIKeywordMain.stepFailed(WebUIKeywordMain.groovy:64)
	at com.kms.katalon.core.webui.keyword.internal.WebUIKeywordMain.runKeyword(WebUIKeywordMain.groovy:26)
	at com.kms.katalon.core.webui.keyword.builtin.ClickKeyword.click(ClickKeyword.groovy:74)
	at com.kms.katalon.core.webui.keyword.builtin.ClickKeyword.execute(ClickKeyword.groovy:40)
	at com.kms.katalon.core.keyword.internal.KeywordExecutor.executeKeywordForPlatform(KeywordExecutor.groovy:74)
	at com.kms.katalon.core.webui.keyword.WebUiBuiltInKeywords.click(WebUiBuiltInKeywords.groovy:620)
	at com.kms.katalon.core.webui.keyword.WebUiBuiltInKeywords$click$5.call(Unknown Source)
	at 1.1.6-crear vacaciones.run(1.1.6-crear vacaciones:177)
	at com.kms.katalon.core.main.ScriptEngine.run(ScriptEngine.java:194)
	at com.kms.katalon.core.main.ScriptEngine.runScriptAsRawText(ScriptEngine.java:119)
	at com.kms.katalon.core.main.TestCaseExecutor.runScript(TestCaseExecutor.java:445)
	at com.kms.katalon.core.main.TestCaseExecutor.doExecute(TestCaseExecutor.java:436)
	at com.kms.katalon.core.main.TestCaseExecutor.processExecutionPhase(TestCaseExecutor.java:415)
	at com.kms.katalon.core.main.TestCaseExecutor.accessMainPhase(TestCaseExecutor.java:407)
	at com.kms.katalon.core.main.TestCaseExecutor.execute(TestCaseExecutor.java:284)
	at com.kms.katalon.core.common.CommonExecutor.accessTestCaseMainPhase(CommonExecutor.java:65)
	at com.kms.katalon.core.main.TestSuiteExecutor.accessTestSuiteMainPhase(TestSuiteExecutor.java:144)
	at com.kms.katalon.core.main.TestSuiteExecutor.execute(TestSuiteExecutor.java:106)
	at com.kms.katalon.core.main.TestCaseMain.startTestSuite(TestCaseMain.java:185)
	at com.kms.katalon.core.main.TestCaseMain$startTestSuite$0.call(Unknown Source)
	at TempTestSuite1654867643956.run(TempTestSuite1654867643956.groovy:36)
Caused by: com.kms.katalon.core.webui.exception.WebElementNotFoundException: Web element with id: 'Object Repository/1-OBJECTS TAREAS PRINCIPALES/Modulo Tarea Compensacion/Dias con Permisos Pasivos Permitidos/a_Guardar_solicitudes' located by '//*/text()[normalize-space(.)='Guardar Legalizar']/parent::*' not found
	at com.kms.katalon.core.webui.common.WebUiCommonHelper.findWebElement(WebUiCommonHelper.java:1370)
	at com.kms.katalon.core.webui.keyword.internal.WebUIAbstractKeyword.findWebElement(WebUIAbstractKeyword.groovy:27)
	at com.kms.katalon.core.webui.keyword.builtin.ClickKeyword$_click_closure1.doCall(ClickKeyword.groovy:65)
	at com.kms.katalon.core.webui.keyword.builtin.ClickKeyword$_click_closure1.call(ClickKeyword.groovy)
	at com.kms.katalon.core.webui.keyword.internal.WebUIKeywordMain.runKeyword(WebUIKeywordMain.groovy:20)
	at com.kms.katalon.core.webui.keyword.builtin.ClickKeyword.click(ClickKeyword.groovy:74)
	at com.kms.katalon.core.webui.keyword.builtin.ClickKeyword.execute(ClickKeyword.groovy:40)
	at com.kms.katalon.core.keyword.internal.KeywordExecutor.executeKeywordForPlatform(KeywordExecutor.groovy:74)
	at com.kms.katalon.core.webui.keyword.WebUiBuiltInKeywords.click(WebUiBuiltInKeywords.groovy:620)
	at com.kms.katalon.core.webui.keyword.WebUiBuiltInKeywords$click$5.call(Unknown Source)
	at Script1548865857907.run(Script1548865857907.groovy:177)
	... 13 more
)

2022-06-10 08:33:51 - [MESSAGE][INFO] - Unable to find the element located by 'By.xpath: //*/text()[normalize-space(.)='Guardar Legalizar']/parent::*'. Please recheck the objects properties to make sure the desired element is located. 

2022-06-10 08:33:51 - [MESSAGE][FAILED] - Unable to click on object 'Object Repository/1-OBJECTS TAREAS PRINCIPALES/Modulo Tarea Compensacion/Dias con Permisos Pasivos Permitidos/a_Guardar_solicitudes' (Root cause: com.kms.katalon.core.exception.StepFailedException: Unable to click on object 'Object Repository/1-OBJECTS TAREAS PRINCIPALES/Modulo Tarea Compensacion/Dias con Permisos Pasivos Permitidos/a_Guardar_solicitudes'
	at com.kms.katalon.core.webui.keyword.internal.WebUIKeywordMain.stepFailed(WebUIKeywordMain.groovy:64)
	at com.kms.katalon.core.webui.keyword.internal.WebUIKeywordMain.runKeyword(WebUIKeywordMain.groovy:26)
	at com.kms.katalon.core.webui.keyword.builtin.ClickKeyword.click(ClickKeyword.groovy:74)
	at com.kms.katalon.core.webui.keyword.builtin.ClickKeyword.execute(ClickKeyword.groovy:40)
	at com.kms.katalon.core.keyword.internal.KeywordExecutor.executeKeywordForPlatform(KeywordExecutor.groovy:74)
	at com.kms.katalon.core.webui.keyword.WebUiBuiltInKeywords.click(WebUiBuiltInKeywords.groovy:620)
	at com.kms.katalon.core.webui.keyword.WebUiBuiltInKeywords$click$5.call(Unknown Source)
	at 1.1.6-crear vacaciones.run(1.1.6-crear vacaciones:177)
	at com.kms.katalon.core.main.ScriptEngine.run(ScriptEngine.java:194)
	at com.kms.katalon.core.main.ScriptEngine.runScriptAsRawText(ScriptEngine.java:119)
	at com.kms.katalon.core.main.TestCaseExecutor.runScript(TestCaseExecutor.java:445)
	at com.kms.katalon.core.main.TestCaseExecutor.doExecute(TestCaseExecutor.java:436)
	at com.kms.katalon.core.main.TestCaseExecutor.processExecutionPhase(TestCaseExecutor.java:415)
	at com.kms.katalon.core.main.TestCaseExecutor.accessMainPhase(TestCaseExecutor.java:407)
	at com.kms.katalon.core.main.TestCaseExecutor.execute(TestCaseExecutor.java:284)
	at com.kms.katalon.core.common.CommonExecutor.accessTestCaseMainPhase(CommonExecutor.java:65)
	at com.kms.katalon.core.main.TestSuiteExecutor.accessTestSuiteMainPhase(TestSuiteExecutor.java:144)
	at com.kms.katalon.core.main.TestSuiteExecutor.execute(TestSuiteExecutor.java:106)
	at com.kms.katalon.core.main.TestCaseMain.startTestSuite(TestCaseMain.java:185)
	at com.kms.katalon.core.main.TestCaseMain$startTestSuite$0.call(Unknown Source)
	at TempTestSuite1654867643956.run(TempTestSuite1654867643956.groovy:36)
Caused by: com.kms.katalon.core.webui.exception.WebElementNotFoundException: Web element with id: 'Object Repository/1-OBJECTS TAREAS PRINCIPALES/Modulo Tarea Compensacion/Dias con Permisos Pasivos Permitidos/a_Guardar_solicitudes' located by '//*/text()[normalize-space(.)='Guardar Legalizar']/parent::*' not found
	at com.kms.katalon.core.webui.common.WebUiCommonHelper.findWebElement(WebUiCommonHelper.java:1370)
	at com.kms.katalon.core.webui.keyword.internal.WebUIAbstractKeyword.findWebElement(WebUIAbstractKeyword.groovy:27)
	at com.kms.katalon.core.webui.keyword.builtin.ClickKeyword$_click_closure1.doCall(ClickKeyword.groovy:65)
	at com.kms.katalon.core.webui.keyword.builtin.ClickKeyword$_click_closure1.call(ClickKeyword.groovy)
	at com.kms.katalon.core.webui.keyword.internal.WebUIKeywordMain.runKeyword(WebUIKeywordMain.groovy:20)
	at com.kms.katalon.core.webui.keyword.builtin.ClickKeyword.click(ClickKeyword.groovy:74)
	at com.kms.katalon.core.webui.keyword.builtin.ClickKeyword.execute(ClickKeyword.groovy:40)
	at com.kms.katalon.core.keyword.internal.KeywordExecutor.executeKeywordForPlatform(KeywordExecutor.groovy:74)
	at com.kms.katalon.core.webui.keyword.WebUiBuiltInKeywords.click(WebUiBuiltInKeywords.groovy:620)
	at com.kms.katalon.core.webui.keyword.WebUiBuiltInKeywords$click$5.call(Unknown Source)
	at Script1548865857907.run(Script1548865857907.groovy:177)
	... 13 more
)
[[ATTACHMENT|C:\\Users\\diego.rojas\\git\\Pruebas-Minimas\\Reports\\20220610_082723\\Test_Suite_Principales\\1-Tareas Principales\\20220610_082723\\1654868031189.png]]]]></system-out>
         <system-err><![CDATA[2022-06-10 08:31:53 - [TEST_CASE][FAILED] - Test Cases/1.1-Tareas Principales/1.1.6-crear vacaciones: Test Cases/1.1-Tareas Principales/1.1.6-crear vacaciones FAILED.
Reason:
com.kms.katalon.core.exception.StepFailedException: Unable to click on object 'Object Repository/1-OBJECTS TAREAS PRINCIPALES/Modulo Tarea Compensacion/Dias con Permisos Pasivos Permitidos/a_Guardar_solicitudes'
	at com.kms.katalon.core.webui.keyword.internal.WebUIKeywordMain.stepFailed(WebUIKeywordMain.groovy:64)
	at com.kms.katalon.core.webui.keyword.internal.WebUIKeywordMain.runKeyword(WebUIKeywordMain.groovy:26)
	at com.kms.katalon.core.webui.keyword.builtin.ClickKeyword.click(ClickKeyword.groovy:74)
	at com.kms.katalon.core.webui.keyword.builtin.ClickKeyword.execute(ClickKeyword.groovy:40)
	at com.kms.katalon.core.keyword.internal.KeywordExecutor.executeKeywordForPlatform(KeywordExecutor.groovy:74)
	at com.kms.katalon.core.webui.keyword.WebUiBuiltInKeywords.click(WebUiBuiltInKeywords.groovy:620)
	at com.kms.katalon.core.webui.keyword.WebUiBuiltInKeywords$click$5.call(Unknown Source)
	at 1.1.6-crear vacaciones.run(1.1.6-crear vacaciones:177)
	at com.kms.katalon.core.main.ScriptEngine.run(ScriptEngine.java:194)
	at com.kms.katalon.core.main.ScriptEngine.runScriptAsRawText(ScriptEngine.java:119)
	at com.kms.katalon.core.main.TestCaseExecutor.runScript(TestCaseExecutor.java:445)
	at com.kms.katalon.core.main.TestCaseExecutor.doExecute(TestCaseExecutor.java:436)
	at com.kms.katalon.core.main.TestCaseExecutor.processExecutionPhase(TestCaseExecutor.java:415)
	at com.kms.katalon.core.main.TestCaseExecutor.accessMainPhase(TestCaseExecutor.java:407)
	at com.kms.katalon.core.main.TestCaseExecutor.execute(TestCaseExecutor.java:284)
	at com.kms.katalon.core.common.CommonExecutor.accessTestCaseMainPhase(CommonExecutor.java:65)
	at com.kms.katalon.core.main.TestSuiteExecutor.accessTestSuiteMainPhase(TestSuiteExecutor.java:144)
	at com.kms.katalon.core.main.TestSuiteExecutor.execute(TestSuiteExecutor.java:106)
	at com.kms.katalon.core.main.TestCaseMain.startTestSuite(TestCaseMain.java:185)
	at com.kms.katalon.core.main.TestCaseMain$startTestSuite$0.call(Unknown Source)
	at TempTestSuite1654867643956.run(TempTestSuite1654867643956.groovy:36)
Caused by: com.kms.katalon.core.webui.exception.WebElementNotFoundException: Web element with id: 'Object Repository/1-OBJECTS TAREAS PRINCIPALES/Modulo Tarea Compensacion/Dias con Permisos Pasivos Permitidos/a_Guardar_solicitudes' located by '//*/text()[normalize-space(.)='Guardar Legalizar']/parent::*' not found
	at com.kms.katalon.core.webui.common.WebUiCommonHelper.findWebElement(WebUiCommonHelper.java:1370)
	at com.kms.katalon.core.webui.keyword.internal.WebUIAbstractKeyword.findWebElement(WebUIAbstractKeyword.groovy:27)
	at com.kms.katalon.core.webui.keyword.builtin.ClickKeyword$_click_closure1.doCall(ClickKeyword.groovy:65)
	at com.kms.katalon.core.webui.keyword.builtin.ClickKeyword$_click_closure1.call(ClickKeyword.groovy)
	at com.kms.katalon.core.webui.keyword.internal.WebUIKeywordMain.runKeyword(WebUIKeywordMain.groovy:20)
	... 19 more]]></system-err>
      </testcase>
      <testcase name="Test Cases/1.1-Tareas Principales/1.1.7-Generar Vacaciones" time="118.78" classname="Test Cases/1.1-Tareas Principales/1.1.7-Generar Vacaciones" status="FAILED">
         <failure type="FAILED" message="Test Cases/1.1-Tareas Principales/1.1.7-Generar Vacaciones FAILED.
Reason:
com.kms.katalon.core.exception.StepFailedException: Call Test Case 'Test Cases/1.1-Tareas Principales/1.1.6-crear vacaciones' failed
	at com.kms.katalon.core.keyword.builtin.CallTestCaseKeyword$_callTestCase_closure1.doCall(CallTestCaseKeyword.groovy:63)
	at com.kms.katalon.core.keyword.builtin.CallTestCaseKeyword$_callTestCase_closure1.call(CallTestCaseKeyword.groovy)
	at com.kms.katalon.core.keyword.internal.KeywordMain.runKeyword(KeywordMain.groovy:74)
	at com.kms.katalon.core.keyword.builtin.CallTestCaseKeyword.callTestCase(CallTestCaseKeyword.groovy:81)
	at com.kms.katalon.core.keyword.builtin.CallTestCaseKeyword.execute(CallTestCaseKeyword.groovy:44)
	at com.kms.katalon.core.keyword.internal.KeywordExecutor.executeKeywordForPlatform(KeywordExecutor.groovy:74)
	at com.kms.katalon.core.keyword.BuiltinKeywords.callTestCase(BuiltinKeywords.groovy:334)
	at 1.1.7-Generar Vacaciones.run(1.1.7-Generar Vacaciones:19)
	at com.kms.katalon.core.main.ScriptEngine.run(ScriptEngine.java:194)
	at com.kms.katalon.core.main.ScriptEngine.runScriptAsRawText(ScriptEngine.java:119)
	at com.kms.katalon.core.main.TestCaseExecutor.runScript(TestCaseExecutor.java:445)
	at com.kms.katalon.core.main.TestCaseExecutor.doExecute(TestCaseExecutor.java:436)
	at com.kms.katalon.core.main.TestCaseExecutor.processExecutionPhase(TestCaseExecutor.java:415)
	at com.kms.katalon.core.main.TestCaseExecutor.accessMainPhase(TestCaseExecutor.java:407)
	at com.kms.katalon.core.main.TestCaseExecutor.execute(TestCaseExecutor.java:284)
	at com.kms.katalon.core.common.CommonExecutor.accessTestCaseMainPhase(CommonExecutor.java:65)
	at com.kms.katalon.core.main.TestSuiteExecutor.accessTestSuiteMainPhase(TestSuiteExecutor.java:144)
	at com.kms.katalon.core.main.TestSuiteExecutor.execute(TestSuiteExecutor.java:106)
	at com.kms.katalon.core.main.TestCaseMain.startTestSuite(TestCaseMain.java:185)
	at com.kms.katalon.core.main.TestCaseMain$startTestSuite$0.call(Unknown Source)
	at TempTestSuite1654867643956.run(TempTestSuite1654867643956.groovy:36)
Caused by: com.kms.katalon.core.exception.StepFailedException: Unable to click on object 'Object Repository/1-OBJECTS TAREAS PRINCIPALES/Modulo Tarea Compensacion/Dias con Permisos Pasivos Permitidos/a_Guardar_solicitudes'
	at com.kms.katalon.core.webui.keyword.internal.WebUIKeywordMain.stepFailed(WebUIKeywordMain.groovy:64)
	at com.kms.katalon.core.webui.keyword.internal.WebUIKeywordMain.runKeyword(WebUIKeywordMain.groovy:26)
	at com.kms.katalon.core.webui.keyword.builtin.ClickKeyword.click(ClickKeyword.groovy:74)
	at com.kms.katalon.core.webui.keyword.builtin.ClickKeyword.execute(ClickKeyword.groovy:40)
	at com.kms.katalon.core.keyword.internal.KeywordExecutor.executeKeywordForPlatform(KeywordExecutor.groovy:74)
	at com.kms.katalon.core.webui.keyword.WebUiBuiltInKeywords.click(WebUiBuiltInKeywords.groovy:620)
	at com.kms.katalon.core.webui.keyword.WebUiBuiltInKeywords$click$5.call(Unknown Source)
	at 1.1.6-crear vacaciones.run(1.1.6-crear vacaciones:177)
	at com.kms.katalon.core.main.ScriptEngine.run(ScriptEngine.java:194)
	at com.kms.katalon.core.main.ScriptEngine.runScriptAsRawText(ScriptEngine.java:119)
	at com.kms.katalon.core.main.TestCaseExecutor.runScript(TestCaseExecutor.java:445)
	at com.kms.katalon.core.main.TestCaseExecutor.doExecute(TestCaseExecutor.java:436)
	at com.kms.katalon.core.main.TestCaseExecutor.processExecutionPhase(TestCaseExecutor.java:415)
	at com.kms.katalon.core.main.TestCaseExecutor.accessMainPhase(TestCaseExecutor.java:407)
	at com.kms.katalon.core.main.TestCaseExecutor.execute(TestCaseExecutor.java:284)
	at com.kms.katalon.core.main.TestCaseMain.runTestCase(TestCaseMain.java:142)
	at com.kms.katalon.core.keyword.builtin.CallTestCaseKeyword$_callTestCase_closure1.doCall(CallTestCaseKeyword.groovy:59)
	... 20 more
Caused by: com.kms.katalon.core.webui.exception.WebElementNotFoundException: Web element with id: 'Object Repository/1-OBJECTS TAREAS PRINCIPALES/Modulo Tarea Compensacion/Dias con Permisos Pasivos Permitidos/a_Guardar_solicitudes' located by '//*/text()[normalize-space(.)='Guardar Legalizar']/parent::*' not found
	at com.kms.katalon.core.webui.common.WebUiCommonHelper.findWebElement(WebUiCommonHelper.java:1370)
	at com.kms.katalon.core.webui.keyword.internal.WebUIAbstractKeyword.findWebElement(WebUIAbstractKeyword.groovy:27)
	at com.kms.katalon.core.webui.keyword.builtin.ClickKeyword$_click_closure1.doCall(ClickKeyword.groovy:65)
	at com.kms.katalon.core.webui.keyword.builtin.ClickKeyword$_click_closure1.call(ClickKeyword.groovy)
	at com.kms.katalon.core.webui.keyword.internal.WebUIKeywordMain.runKeyword(WebUIKeywordMain.groovy:20)
	... 35 more
"/>
         <system-out><![CDATA[2022-06-10 08:33:51 - [TEST_CASE][FAILED] - Test Cases/1.1-Tareas Principales/1.1.7-Generar Vacaciones: Test Cases/1.1-Tareas Principales/1.1.7-Generar Vacaciones FAILED.
Reason:
com.kms.katalon.core.exception.StepFailedException: Call Test Case 'Test Cases/1.1-Tareas Principales/1.1.6-crear vacaciones' failed
	at com.kms.katalon.core.keyword.builtin.CallTestCaseKeyword$_callTestCase_closure1.doCall(CallTestCaseKeyword.groovy:63)
	at com.kms.katalon.core.keyword.builtin.CallTestCaseKeyword$_callTestCase_closure1.call(CallTestCaseKeyword.groovy)
	at com.kms.katalon.core.keyword.internal.KeywordMain.runKeyword(KeywordMain.groovy:74)
	at com.kms.katalon.core.keyword.builtin.CallTestCaseKeyword.callTestCase(CallTestCaseKeyword.groovy:81)
	at com.kms.katalon.core.keyword.builtin.CallTestCaseKeyword.execute(CallTestCaseKeyword.groovy:44)
	at com.kms.katalon.core.keyword.internal.KeywordExecutor.executeKeywordForPlatform(KeywordExecutor.groovy:74)
	at com.kms.katalon.core.keyword.BuiltinKeywords.callTestCase(BuiltinKeywords.groovy:334)
	at 1.1.7-Generar Vacaciones.run(1.1.7-Generar Vacaciones:19)
	at com.kms.katalon.core.main.ScriptEngine.run(ScriptEngine.java:194)
	at com.kms.katalon.core.main.ScriptEngine.runScriptAsRawText(ScriptEngine.java:119)
	at com.kms.katalon.core.main.TestCaseExecutor.runScript(TestCaseExecutor.java:445)
	at com.kms.katalon.core.main.TestCaseExecutor.doExecute(TestCaseExecutor.java:436)
	at com.kms.katalon.core.main.TestCaseExecutor.processExecutionPhase(TestCaseExecutor.java:415)
	at com.kms.katalon.core.main.TestCaseExecutor.accessMainPhase(TestCaseExecutor.java:407)
	at com.kms.katalon.core.main.TestCaseExecutor.execute(TestCaseExecutor.java:284)
	at com.kms.katalon.core.common.CommonExecutor.accessTestCaseMainPhase(CommonExecutor.java:65)
	at com.kms.katalon.core.main.TestSuiteExecutor.accessTestSuiteMainPhase(TestSuiteExecutor.java:144)
	at com.kms.katalon.core.main.TestSuiteExecutor.execute(TestSuiteExecutor.java:106)
	at com.kms.katalon.core.main.TestCaseMain.startTestSuite(TestCaseMain.java:185)
	at com.kms.katalon.core.main.TestCaseMain$startTestSuite$0.call(Unknown Source)
	at TempTestSuite1654867643956.run(TempTestSuite1654867643956.groovy:36)
Caused by: com.kms.katalon.core.exception.StepFailedException: Unable to click on object 'Object Repository/1-OBJECTS TAREAS PRINCIPALES/Modulo Tarea Compensacion/Dias con Permisos Pasivos Permitidos/a_Guardar_solicitudes'
	at com.kms.katalon.core.webui.keyword.internal.WebUIKeywordMain.stepFailed(WebUIKeywordMain.groovy:64)
	at com.kms.katalon.core.webui.keyword.internal.WebUIKeywordMain.runKeyword(WebUIKeywordMain.groovy:26)
	at com.kms.katalon.core.webui.keyword.builtin.ClickKeyword.click(ClickKeyword.groovy:74)
	at com.kms.katalon.core.webui.keyword.builtin.ClickKeyword.execute(ClickKeyword.groovy:40)
	at com.kms.katalon.core.keyword.internal.KeywordExecutor.executeKeywordForPlatform(KeywordExecutor.groovy:74)
	at com.kms.katalon.core.webui.keyword.WebUiBuiltInKeywords.click(WebUiBuiltInKeywords.groovy:620)
	at com.kms.katalon.core.webui.keyword.WebUiBuiltInKeywords$click$5.call(Unknown Source)
	at 1.1.6-crear vacaciones.run(1.1.6-crear vacaciones:177)
	at com.kms.katalon.core.main.ScriptEngine.run(ScriptEngine.java:194)
	at com.kms.katalon.core.main.ScriptEngine.runScriptAsRawText(ScriptEngine.java:119)
	at com.kms.katalon.core.main.TestCaseExecutor.runScript(TestCaseExecutor.java:445)
	at com.kms.katalon.core.main.TestCaseExecutor.doExecute(TestCaseExecutor.java:436)
	at com.kms.katalon.core.main.TestCaseExecutor.processExecutionPhase(TestCaseExecutor.java:415)
	at com.kms.katalon.core.main.TestCaseExecutor.accessMainPhase(TestCaseExecutor.java:407)
	at com.kms.katalon.core.main.TestCaseExecutor.execute(TestCaseExecutor.java:284)
	at com.kms.katalon.core.main.TestCaseMain.runTestCase(TestCaseMain.java:142)
	at com.kms.katalon.core.keyword.builtin.CallTestCaseKeyword$_callTestCase_closure1.doCall(CallTestCaseKeyword.groovy:59)
	... 20 more
Caused by: com.kms.katalon.core.webui.exception.WebElementNotFoundException: Web element with id: 'Object Repository/1-OBJECTS TAREAS PRINCIPALES/Modulo Tarea Compensacion/Dias con Permisos Pasivos Permitidos/a_Guardar_solicitudes' located by '//*/text()[normalize-space(.)='Guardar Legalizar']/parent::*' not found
	at com.kms.katalon.core.webui.common.WebUiCommonHelper.findWebElement(WebUiCommonHelper.java:1370)
	at com.kms.katalon.core.webui.keyword.internal.WebUIAbstractKeyword.findWebElement(WebUIAbstractKeyword.groovy:27)
	at com.kms.katalon.core.webui.keyword.builtin.ClickKeyword$_click_closure1.doCall(ClickKeyword.groovy:65)
	at com.kms.katalon.core.webui.keyword.builtin.ClickKeyword$_click_closure1.call(ClickKeyword.groovy)
	at com.kms.katalon.core.webui.keyword.internal.WebUIKeywordMain.runKeyword(WebUIKeywordMain.groovy:20)
	... 35 more


2022-06-10 08:33:51 - [TEST_STEP][FAILED] - callTestCase(findTestCase("1.1-Tareas Principales/1.1.6-crear vacaciones"), [:], STOP_ON_FAILURE): Unable to call Test Case 'Test Cases/1.1-Tareas Principales/1.1.6-crear vacaciones' (Root cause: com.kms.katalon.core.exception.StepFailedException: Call Test Case 'Test Cases/1.1-Tareas Principales/1.1.6-crear vacaciones' failed
	at com.kms.katalon.core.keyword.builtin.CallTestCaseKeyword$_callTestCase_closure1.doCall(CallTestCaseKeyword.groovy:63)
	at com.kms.katalon.core.keyword.builtin.CallTestCaseKeyword$_callTestCase_closure1.call(CallTestCaseKeyword.groovy)
	at com.kms.katalon.core.keyword.internal.KeywordMain.runKeyword(KeywordMain.groovy:74)
	at com.kms.katalon.core.keyword.builtin.CallTestCaseKeyword.callTestCase(CallTestCaseKeyword.groovy:81)
	at com.kms.katalon.core.keyword.builtin.CallTestCaseKeyword.execute(CallTestCaseKeyword.groovy:44)
	at com.kms.katalon.core.keyword.internal.KeywordExecutor.executeKeywordForPlatform(KeywordExecutor.groovy:74)
	at com.kms.katalon.core.keyword.BuiltinKeywords.callTestCase(BuiltinKeywords.groovy:334)
	at 1.1.7-Generar Vacaciones.run(1.1.7-Generar Vacaciones:19)
	at com.kms.katalon.core.main.ScriptEngine.run(ScriptEngine.java:194)
	at com.kms.katalon.core.main.ScriptEngine.runScriptAsRawText(ScriptEngine.java:119)
	at com.kms.katalon.core.main.TestCaseExecutor.runScript(TestCaseExecutor.java:445)
	at com.kms.katalon.core.main.TestCaseExecutor.doExecute(TestCaseExecutor.java:436)
	at com.kms.katalon.core.main.TestCaseExecutor.processExecutionPhase(TestCaseExecutor.java:415)
	at com.kms.katalon.core.main.TestCaseExecutor.accessMainPhase(TestCaseExecutor.java:407)
	at com.kms.katalon.core.main.TestCaseExecutor.execute(TestCaseExecutor.java:284)
	at com.kms.katalon.core.common.CommonExecutor.accessTestCaseMainPhase(CommonExecutor.java:65)
	at com.kms.katalon.core.main.TestSuiteExecutor.accessTestSuiteMainPhase(TestSuiteExecutor.java:144)
	at com.kms.katalon.core.main.TestSuiteExecutor.execute(TestSuiteExecutor.java:106)
	at com.kms.katalon.core.main.TestCaseMain.startTestSuite(TestCaseMain.java:185)
	at com.kms.katalon.core.main.TestCaseMain$startTestSuite$0.call(Unknown Source)
	at TempTestSuite1654867643956.run(TempTestSuite1654867643956.groovy:36)
Caused by: com.kms.katalon.core.exception.StepFailedException: Unable to click on object 'Object Repository/1-OBJECTS TAREAS PRINCIPALES/Modulo Tarea Compensacion/Dias con Permisos Pasivos Permitidos/a_Guardar_solicitudes'
	at com.kms.katalon.core.webui.keyword.internal.WebUIKeywordMain.stepFailed(WebUIKeywordMain.groovy:64)
	at com.kms.katalon.core.webui.keyword.internal.WebUIKeywordMain.runKeyword(WebUIKeywordMain.groovy:26)
	at com.kms.katalon.core.webui.keyword.builtin.ClickKeyword.click(ClickKeyword.groovy:74)
	at com.kms.katalon.core.webui.keyword.builtin.ClickKeyword.execute(ClickKeyword.groovy:40)
	at com.kms.katalon.core.keyword.internal.KeywordExecutor.executeKeywordForPlatform(KeywordExecutor.groovy:74)
	at com.kms.katalon.core.webui.keyword.WebUiBuiltInKeywords.click(WebUiBuiltInKeywords.groovy:620)
	at com.kms.katalon.core.webui.keyword.WebUiBuiltInKeywords$click$5.call(Unknown Source)
	at 1.1.6-crear vacaciones.run(1.1.6-crear vacaciones:177)
	at com.kms.katalon.core.main.ScriptEngine.run(ScriptEngine.java:194)
	at com.kms.katalon.core.main.ScriptEngine.runScriptAsRawText(ScriptEngine.java:119)
	at com.kms.katalon.core.main.TestCaseExecutor.runScript(TestCaseExecutor.java:445)
	at com.kms.katalon.core.main.TestCaseExecutor.doExecute(TestCaseExecutor.java:436)
	at com.kms.katalon.core.main.TestCaseExecutor.processExecutionPhase(TestCaseExecutor.java:415)
	at com.kms.katalon.core.main.TestCaseExecutor.accessMainPhase(TestCaseExecutor.java:407)
	at com.kms.katalon.core.main.TestCaseExecutor.execute(TestCaseExecutor.java:284)
	at com.kms.katalon.core.main.TestCaseMain.runTestCase(TestCaseMain.java:142)
	at com.kms.katalon.core.keyword.builtin.CallTestCaseKeyword$_callTestCase_closure1.doCall(CallTestCaseKeyword.groovy:59)
	... 20 more
Caused by: com.kms.katalon.core.webui.exception.WebElementNotFoundException: Web element with id: 'Object Repository/1-OBJECTS TAREAS PRINCIPALES/Modulo Tarea Compensacion/Dias con Permisos Pasivos Permitidos/a_Guardar_solicitudes' located by '//*/text()[normalize-space(.)='Guardar Legalizar']/parent::*' not found
	at com.kms.katalon.core.webui.common.WebUiCommonHelper.findWebElement(WebUiCommonHelper.java:1370)
	at com.kms.katalon.core.webui.keyword.internal.WebUIAbstractKeyword.findWebElement(WebUIAbstractKeyword.groovy:27)
	at com.kms.katalon.core.webui.keyword.builtin.ClickKeyword$_click_closure1.doCall(ClickKeyword.groovy:65)
	at com.kms.katalon.core.webui.keyword.builtin.ClickKeyword$_click_closure1.call(ClickKeyword.groovy)
	at com.kms.katalon.core.webui.keyword.internal.WebUIKeywordMain.runKeyword(WebUIKeywordMain.groovy:20)
	... 35 more
)

2022-06-10 08:33:51 - [TEST_CASE][FAILED] - Test Cases/1.1-Tareas Principales/1.1.6-crear vacaciones: Test Cases/1.1-Tareas Principales/1.1.6-crear vacaciones FAILED.
Reason:
com.kms.katalon.core.exception.StepFailedException: Unable to click on object 'Object Repository/1-OBJECTS TAREAS PRINCIPALES/Modulo Tarea Compensacion/Dias con Permisos Pasivos Permitidos/a_Guardar_solicitudes'
	at com.kms.katalon.core.webui.keyword.internal.WebUIKeywordMain.stepFailed(WebUIKeywordMain.groovy:64)
	at com.kms.katalon.core.webui.keyword.internal.WebUIKeywordMain.runKeyword(WebUIKeywordMain.groovy:26)
	at com.kms.katalon.core.webui.keyword.builtin.ClickKeyword.click(ClickKeyword.groovy:74)
	at com.kms.katalon.core.webui.keyword.builtin.ClickKeyword.execute(ClickKeyword.groovy:40)
	at com.kms.katalon.core.keyword.internal.KeywordExecutor.executeKeywordForPlatform(KeywordExecutor.groovy:74)
	at com.kms.katalon.core.webui.keyword.WebUiBuiltInKeywords.click(WebUiBuiltInKeywords.groovy:620)
	at com.kms.katalon.core.webui.keyword.WebUiBuiltInKeywords$click$5.call(Unknown Source)
	at 1.1.6-crear vacaciones.run(1.1.6-crear vacaciones:177)
	at com.kms.katalon.core.main.ScriptEngine.run(ScriptEngine.java:194)
	at com.kms.katalon.core.main.ScriptEngine.runScriptAsRawText(ScriptEngine.java:119)
	at com.kms.katalon.core.main.TestCaseExecutor.runScript(TestCaseExecutor.java:445)
	at com.kms.katalon.core.main.TestCaseExecutor.doExecute(TestCaseExecutor.java:436)
	at com.kms.katalon.core.main.TestCaseExecutor.processExecutionPhase(TestCaseExecutor.java:415)
	at com.kms.katalon.core.main.TestCaseExecutor.accessMainPhase(TestCaseExecutor.java:407)
	at com.kms.katalon.core.main.TestCaseExecutor.execute(TestCaseExecutor.java:284)
	at com.kms.katalon.core.main.TestCaseMain.runTestCase(TestCaseMain.java:142)
	at com.kms.katalon.core.keyword.builtin.CallTestCaseKeyword$_callTestCase_closure1.doCall(CallTestCaseKeyword.groovy:59)
	at com.kms.katalon.core.keyword.builtin.CallTestCaseKeyword$_callTestCase_closure1.call(CallTestCaseKeyword.groovy)
	at com.kms.katalon.core.keyword.internal.KeywordMain.runKeyword(KeywordMain.groovy:74)
	at com.kms.katalon.core.keyword.builtin.CallTestCaseKeyword.callTestCase(CallTestCaseKeyword.groovy:81)
	at com.kms.katalon.core.keyword.builtin.CallTestCaseKeyword.execute(CallTestCaseKeyword.groovy:44)
	at com.kms.katalon.core.keyword.internal.KeywordExecutor.executeKeywordForPlatform(KeywordExecutor.groovy:74)
	at com.kms.katalon.core.keyword.BuiltinKeywords.callTestCase(BuiltinKeywords.groovy:334)
	at 1.1.7-Generar Vacaciones.run(1.1.7-Generar Vacaciones:19)
	at com.kms.katalon.core.main.ScriptEngine.run(ScriptEngine.java:194)
	at com.kms.katalon.core.main.ScriptEngine.runScriptAsRawText(ScriptEngine.java:119)
	at com.kms.katalon.core.main.TestCaseExecutor.runScript(TestCaseExecutor.java:445)
	at com.kms.katalon.core.main.TestCaseExecutor.doExecute(TestCaseExecutor.java:436)
	at com.kms.katalon.core.main.TestCaseExecutor.processExecutionPhase(TestCaseExecutor.java:415)
	at com.kms.katalon.core.main.TestCaseExecutor.accessMainPhase(TestCaseExecutor.java:407)
	at com.kms.katalon.core.main.TestCaseExecutor.execute(TestCaseExecutor.java:284)
	at com.kms.katalon.core.common.CommonExecutor.accessTestCaseMainPhase(CommonExecutor.java:65)
	at com.kms.katalon.core.main.TestSuiteExecutor.accessTestSuiteMainPhase(TestSuiteExecutor.java:144)
	at com.kms.katalon.core.main.TestSuiteExecutor.execute(TestSuiteExecutor.java:106)
	at com.kms.katalon.core.main.TestCaseMain.startTestSuite(TestCaseMain.java:185)
	at com.kms.katalon.core.main.TestCaseMain$startTestSuite$0.call(Unknown Source)
	at TempTestSuite1654867643956.run(TempTestSuite1654867643956.groovy:36)
Caused by: com.kms.katalon.core.webui.exception.WebElementNotFoundException: Web element with id: 'Object Repository/1-OBJECTS TAREAS PRINCIPALES/Modulo Tarea Compensacion/Dias con Permisos Pasivos Permitidos/a_Guardar_solicitudes' located by '//*/text()[normalize-space(.)='Guardar Legalizar']/parent::*' not found
	at com.kms.katalon.core.webui.common.WebUiCommonHelper.findWebElement(WebUiCommonHelper.java:1370)
	at com.kms.katalon.core.webui.keyword.internal.WebUIAbstractKeyword.findWebElement(WebUIAbstractKeyword.groovy:27)
	at com.kms.katalon.core.webui.keyword.builtin.ClickKeyword$_click_closure1.doCall(ClickKeyword.groovy:65)
	at com.kms.katalon.core.webui.keyword.builtin.ClickKeyword$_click_closure1.call(ClickKeyword.groovy)
	at com.kms.katalon.core.webui.keyword.internal.WebUIKeywordMain.runKeyword(WebUIKeywordMain.groovy:20)
	... 35 more


2022-06-10 08:33:51 - [TEST_STEP][PASSED] - callTestCase(findTestCase("Utilidades-(atajos_para _tareas)/Tareas Administracion Compensacion/Tarea Listado Empleados"), [:], STOP_ON_FAILURE): Call Test Case 'Test Cases/Utilidades-(atajos_para _tareas)/Tareas Administracion Compensacion/Tarea Listado Empleados' successfully

2022-06-10 08:33:51 - [TEST_CASE][PASSED] - Test Cases/Utilidades-(atajos_para _tareas)/Tareas Administracion Compensacion/Tarea Listado Empleados: Test Cases/Utilidades-(atajos_para _tareas)/Tareas Administracion Compensacion/Tarea Listado Empleados

2022-06-10 08:33:51 - [TEST_STEP][PASSED] - callTestCase(findTestCase("0.1-Login"), [:], STOP_ON_FAILURE): Call Test Case 'Test Cases/0.1-Login' successfully

2022-06-10 08:33:51 - [TEST_CASE][PASSED] - Test Cases/0.1-Login: Test Cases/0.1-Login

2022-06-10 08:33:51 - [TEST_STEP][PASSED] - openBrowser(""): Browser is opened with url: ''

2022-06-10 08:33:51 - [MESSAGE][WARNING] - A browser is already opened. Closing browser and opening a new one

2022-06-10 08:33:52 - [MESSAGE][INFO] - Starting 'Chrome' driver

2022-06-10 08:33:52 - [MESSAGE][INFO] - Action delay is set to 0 milliseconds

2022-06-10 08:33:53 - [MESSAGE][PASSED] - Browser is opened with url: ''

2022-06-10 08:33:53 - [TEST_STEP][PASSED] - maximizeWindow(): Current window maximized

2022-06-10 08:33:54 - [MESSAGE][PASSED] - Current window maximized

2022-06-10 08:33:54 - [TEST_STEP][PASSED] - i = G_Login: null

2022-06-10 08:33:54 - [TEST_STEP][PASSED] - url = new java.net.URL(i): null

2022-06-10 08:33:54 - [TEST_STEP][PASSED] - println("URL: " + url.toString()): null

2022-06-10 08:33:54 - [TEST_STEP][PASSED] - connection = url.openConnection(): null

2022-06-10 08:33:54 - [TEST_STEP][PASSED] - connection.setRequestMethod("GET"): null

2022-06-10 08:33:54 - [TEST_STEP][PASSED] - connection.setReadTimeout(2 * 1000): null

2022-06-10 08:33:54 - [TEST_STEP][PASSED] - try: null

2022-06-10 08:33:54 - [TEST_STEP][PASSED] - connection.connect(): null

2022-06-10 08:33:54 - [TEST_STEP][PASSED] - flag = connected: null

2022-06-10 08:33:54 - [TEST_STEP][PASSED] - println("Valor_ori: " + flag): null

2022-06-10 08:33:54 - [TEST_STEP][PASSED] - if (flag): null

2022-06-10 08:33:54 - [TEST_STEP][PASSED] - navigateToUrl(i): Navigate to 'http://192.168.2.19:8380/saraweb' successfully

2022-06-10 08:33:54 - [MESSAGE][PASSED] - Navigate to 'http://192.168.2.19:8380/saraweb' successfully

2022-06-10 08:33:54 - [TEST_STEP][PASSED] - a(): null

2022-06-10 08:33:54 - [TEST_STEP][PASSED] - setText(findTestObject("3-OBJECTS UTILIDADES/Login/input_USUARIO_loginusuario"), G_Usuario): Text 'saraadmin' is set on object 'Object Repository/3-OBJECTS UTILIDADES/Login/input_USUARIO_loginusuario'

2022-06-10 08:33:55 - [MESSAGE][PASSED] - Text 'saraadmin' is set on object 'Object Repository/3-OBJECTS UTILIDADES/Login/input_USUARIO_loginusuario'

2022-06-10 08:33:55 - [TEST_STEP][PASSED] - setEncryptedText(findTestObject("3-OBJECTS UTILIDADES/Login/input_CLAVE_loginpassword"), "MkG4/TYiCFC3cb2driP7+Q=="): Text ****** has been set on object 'Object Repository/3-OBJECTS UTILIDADES/Login/input_CLAVE_loginpassword'

2022-06-10 08:33:55 - [MESSAGE][PASSED] - Text ****** has been set on object 'Object Repository/3-OBJECTS UTILIDADES/Login/input_CLAVE_loginpassword'

2022-06-10 08:33:55 - [TEST_STEP][PASSED] - waitForElementClickable(findTestObject("3-OBJECTS UTILIDADES/Login/a_Ingresar"), G_TimeOut): Object 'Object Repository/3-OBJECTS UTILIDADES/Login/a_Ingresar' is clickable

2022-06-10 08:33:56 - [MESSAGE][PASSED] - Object 'Object Repository/3-OBJECTS UTILIDADES/Login/a_Ingresar' is clickable

2022-06-10 08:33:56 - [TEST_STEP][PASSED] - click(findTestObject("3-OBJECTS UTILIDADES/Login/a_Ingresar")): Object: 'Object Repository/3-OBJECTS UTILIDADES/Login/a_Ingresar' is clicked on

2022-06-10 08:33:57 - [MESSAGE][PASSED] - Object: 'Object Repository/3-OBJECTS UTILIDADES/Login/a_Ingresar' is clicked on

2022-06-10 08:33:57 - [TEST_STEP][PASSED] - element = findWebElement(findTestObject("3-OBJECTS UTILIDADES/Login/a_Ir"), 30): null

2022-06-10 08:33:58 - [TEST_STEP][PASSED] - executeJavaScript("arguments[0].click()", Arrays.asList(element)): Execute JavaScript 'arguments[0].click()' successfully

2022-06-10 08:33:58 - [MESSAGE][PASSED] - Execute JavaScript 'arguments[0].click()' successfully

2022-06-10 08:33:58 - [MESSAGE][PASSED] - Call Test Case 'Test Cases/0.1-Login' successfully

2022-06-10 08:33:58 - [TEST_STEP][PASSED] - setText(findTestObject("1-OBJECTS TAREAS PRINCIPALES/Modulo Tarea Listado Hojas de Vida/Tareas Listado Hojas de Vida/input_Listado Hojas De Vida_form_templatej_idt24_input"), "Listado de Empleados"): Text 'Listado de Empleados' is set on object 'Object Repository/1-OBJECTS TAREAS PRINCIPALES/Modulo Tarea Listado Hojas de Vida/Tareas Listado Hojas de Vida/input_Listado Hojas De Vida_form_templatej_idt24_input'

2022-06-10 08:33:59 - [MESSAGE][PASSED] - Text 'Listado de Empleados' is set on object 'Object Repository/1-OBJECTS TAREAS PRINCIPALES/Modulo Tarea Listado Hojas de Vida/Tareas Listado Hojas de Vida/input_Listado Hojas De Vida_form_templatej_idt24_input'

2022-06-10 08:33:59 - [TEST_STEP][PASSED] - waitForElementVisible(findTestObject("1-OBJECTS TAREAS PRINCIPALES/Modulo Tarea Listado Hojas de Vida/Tareas Listado Hojas de Vida/span_Listado de Empleados"), 0): Object 'Object Repository/1-OBJECTS TAREAS PRINCIPALES/Modulo Tarea Listado Hojas de Vida/Tareas Listado Hojas de Vida/span_Listado de Empleados' is visible

2022-06-10 08:33:59 - [MESSAGE][WARNING] - Timeout '0' is invalid. Using default page load timeout: '37'

2022-06-10 08:34:00 - [MESSAGE][PASSED] - Object 'Object Repository/1-OBJECTS TAREAS PRINCIPALES/Modulo Tarea Listado Hojas de Vida/Tareas Listado Hojas de Vida/span_Listado de Empleados' is visible

2022-06-10 08:34:00 - [TEST_STEP][PASSED] - click(findTestObject("1-OBJECTS TAREAS PRINCIPALES/Modulo Tarea Listado Hojas de Vida/Tareas Listado Hojas de Vida/span_Listado de Empleados")): Object: 'Object Repository/1-OBJECTS TAREAS PRINCIPALES/Modulo Tarea Listado Hojas de Vida/Tareas Listado Hojas de Vida/span_Listado de Empleados' is clicked on

2022-06-10 08:34:00 - [MESSAGE][PASSED] - Object: 'Object Repository/1-OBJECTS TAREAS PRINCIPALES/Modulo Tarea Listado Hojas de Vida/Tareas Listado Hojas de Vida/span_Listado de Empleados' is clicked on

2022-06-10 08:34:00 - [MESSAGE][PASSED] - Call Test Case 'Test Cases/Utilidades-(atajos_para _tareas)/Tareas Administracion Compensacion/Tarea Listado Empleados' successfully

2022-06-10 08:34:00 - [TEST_STEP][PASSED] - setText(findTestObject("1-OBJECTS TAREAS PRINCIPALES/Modulo Tarea Compensacion/Dias con Permisos Pasivos Permitidos/input_Identificacin_listadoEmpleadoIdentificacionEmpleado"), "1234567890"): Text '1234567890' is set on object 'Object Repository/1-OBJECTS TAREAS PRINCIPALES/Modulo Tarea Compensacion/Dias con Permisos Pasivos Permitidos/input_Identificacin_listadoEmpleadoIdentificacionEmpleado'

2022-06-10 08:34:02 - [MESSAGE][PASSED] - Text '1234567890' is set on object 'Object Repository/1-OBJECTS TAREAS PRINCIPALES/Modulo Tarea Compensacion/Dias con Permisos Pasivos Permitidos/input_Identificacin_listadoEmpleadoIdentificacionEmpleado'

2022-06-10 08:34:02 - [TEST_STEP][PASSED] - sendKeys(findTestObject("1-OBJECTS TAREAS PRINCIPALES/Modulo Tarea Compensacion/Dias con Permisos Pasivos Permitidos/input_Identificacin_listadoEmpleadoIdentificacionEmpleado"), Keys.chord(ENTER)): Keys 'ENTER + ' sent to object: 'Object Repository/1-OBJECTS TAREAS PRINCIPALES/Modulo Tarea Compensacion/Dias con Permisos Pasivos Permitidos/input_Identificacin_listadoEmpleadoIdentificacionEmpleado'

2022-06-10 08:34:03 - [MESSAGE][PASSED] - Keys 'ENTER + ' sent to object: 'Object Repository/1-OBJECTS TAREAS PRINCIPALES/Modulo Tarea Compensacion/Dias con Permisos Pasivos Permitidos/input_Identificacin_listadoEmpleadoIdentificacionEmpleado'

2022-06-10 08:34:03 - [TEST_STEP][PASSED] - waitForElementClickable(findTestObject("1-OBJECTS TAREAS PRINCIPALES/Modulo Tarea Compensacion/Dias con Permisos Pasivos Permitidos/span_Consta Belfegord Jhon"), G_TimeOut): Object 'Object Repository/1-OBJECTS TAREAS PRINCIPALES/Modulo Tarea Compensacion/Dias con Permisos Pasivos Permitidos/span_Consta Belfegord Jhon' is clickable

2022-06-10 08:34:03 - [MESSAGE][PASSED] - Object 'Object Repository/1-OBJECTS TAREAS PRINCIPALES/Modulo Tarea Compensacion/Dias con Permisos Pasivos Permitidos/span_Consta Belfegord Jhon' is clickable

2022-06-10 08:34:03 - [TEST_STEP][PASSED] - click(findTestObject("1-OBJECTS TAREAS PRINCIPALES/Modulo Tarea Compensacion/Dias con Permisos Pasivos Permitidos/span_Consta Belfegord Jhon")): Object: 'Object Repository/1-OBJECTS TAREAS PRINCIPALES/Modulo Tarea Compensacion/Dias con Permisos Pasivos Permitidos/span_Consta Belfegord Jhon' is clicked on

2022-06-10 08:34:04 - [MESSAGE][PASSED] - Object: 'Object Repository/1-OBJECTS TAREAS PRINCIPALES/Modulo Tarea Compensacion/Dias con Permisos Pasivos Permitidos/span_Consta Belfegord Jhon' is clicked on

2022-06-10 08:34:04 - [TEST_STEP][PASSED] - waitForElementClickable(findTestObject("1-OBJECTS TAREAS PRINCIPALES/Modulo Tarea Compensacion/Dias con Permisos Pasivos Permitidos/a_Vacacin"), G_TimeOut): Object 'Object Repository/1-OBJECTS TAREAS PRINCIPALES/Modulo Tarea Compensacion/Dias con Permisos Pasivos Permitidos/a_Vacacin' is clickable

2022-06-10 08:34:04 - [MESSAGE][PASSED] - Object 'Object Repository/1-OBJECTS TAREAS PRINCIPALES/Modulo Tarea Compensacion/Dias con Permisos Pasivos Permitidos/a_Vacacin' is clickable

2022-06-10 08:34:04 - [TEST_STEP][PASSED] - click(findTestObject("1-OBJECTS TAREAS PRINCIPALES/Modulo Tarea Compensacion/Dias con Permisos Pasivos Permitidos/a_Vacacin")): Object: 'Object Repository/1-OBJECTS TAREAS PRINCIPALES/Modulo Tarea Compensacion/Dias con Permisos Pasivos Permitidos/a_Vacacin' is clicked on

2022-06-10 08:34:05 - [MESSAGE][PASSED] - Object: 'Object Repository/1-OBJECTS TAREAS PRINCIPALES/Modulo Tarea Compensacion/Dias con Permisos Pasivos Permitidos/a_Vacacin' is clicked on

2022-06-10 08:34:05 - [TEST_STEP][PASSED] - if (waitForElementClickable(findTestObject("1-OBJECTS TAREAS PRINCIPALES/Modulo Tarea Compensacion/Dias con Permisos Pasivos Permitidos/span_Programacion De Vacaciones"), G_TimeOut)): null

2022-06-10 08:34:05 - [MESSAGE][PASSED] - Object 'Object Repository/1-OBJECTS TAREAS PRINCIPALES/Modulo Tarea Compensacion/Dias con Permisos Pasivos Permitidos/span_Programacion De Vacaciones' is clickable

2022-06-10 08:34:05 - [TEST_STEP][PASSED] - click(findTestObject("1-OBJECTS TAREAS PRINCIPALES/Modulo Tarea Compensacion/Dias con Permisos Pasivos Permitidos/span_Programacion De Vacaciones")): Object: 'Object Repository/1-OBJECTS TAREAS PRINCIPALES/Modulo Tarea Compensacion/Dias con Permisos Pasivos Permitidos/span_Programacion De Vacaciones' is clicked on

2022-06-10 08:34:06 - [MESSAGE][PASSED] - Object: 'Object Repository/1-OBJECTS TAREAS PRINCIPALES/Modulo Tarea Compensacion/Dias con Permisos Pasivos Permitidos/span_Programacion De Vacaciones' is clicked on

2022-06-10 08:34:06 - [TEST_STEP][PASSED] - waitForElementClickable(findTestObject("1-OBJECTS TAREAS PRINCIPALES/Modulo Tarea Compensacion/Dias con Permisos Pasivos Permitidos/a_Eliminar"), G_TimeOut): Object 'Object Repository/1-OBJECTS TAREAS PRINCIPALES/Modulo Tarea Compensacion/Dias con Permisos Pasivos Permitidos/a_Eliminar' is clickable

2022-06-10 08:34:06 - [MESSAGE][PASSED] - Object 'Object Repository/1-OBJECTS TAREAS PRINCIPALES/Modulo Tarea Compensacion/Dias con Permisos Pasivos Permitidos/a_Eliminar' is clickable

2022-06-10 08:34:06 - [TEST_STEP][PASSED] - click(findTestObject("1-OBJECTS TAREAS PRINCIPALES/Modulo Tarea Compensacion/Dias con Permisos Pasivos Permitidos/a_Eliminar")): Object: 'Object Repository/1-OBJECTS TAREAS PRINCIPALES/Modulo Tarea Compensacion/Dias con Permisos Pasivos Permitidos/a_Eliminar' is clicked on

2022-06-10 08:34:07 - [MESSAGE][PASSED] - Object: 'Object Repository/1-OBJECTS TAREAS PRINCIPALES/Modulo Tarea Compensacion/Dias con Permisos Pasivos Permitidos/a_Eliminar' is clicked on

2022-06-10 08:34:07 - [TEST_STEP][PASSED] - waitForElementClickable(findTestObject("1-OBJECTS TAREAS PRINCIPALES/Modulo Tarea Compensacion/Dias con Permisos Pasivos Permitidos/a_Aceptar"), G_TimeOut): Object 'Object Repository/1-OBJECTS TAREAS PRINCIPALES/Modulo Tarea Compensacion/Dias con Permisos Pasivos Permitidos/a_Aceptar' is clickable

2022-06-10 08:34:07 - [MESSAGE][PASSED] - Object 'Object Repository/1-OBJECTS TAREAS PRINCIPALES/Modulo Tarea Compensacion/Dias con Permisos Pasivos Permitidos/a_Aceptar' is clickable

2022-06-10 08:34:07 - [TEST_STEP][PASSED] - click(findTestObject("1-OBJECTS TAREAS PRINCIPALES/Modulo Tarea Compensacion/Dias con Permisos Pasivos Permitidos/a_Aceptar")): Object: 'Object Repository/1-OBJECTS TAREAS PRINCIPALES/Modulo Tarea Compensacion/Dias con Permisos Pasivos Permitidos/a_Aceptar' is clicked on

2022-06-10 08:34:08 - [MESSAGE][PASSED] - Object: 'Object Repository/1-OBJECTS TAREAS PRINCIPALES/Modulo Tarea Compensacion/Dias con Permisos Pasivos Permitidos/a_Aceptar' is clicked on

2022-06-10 08:34:08 - [TEST_STEP][PASSED] - click(findTestObject("1-OBJECTS TAREAS PRINCIPALES/Modulo Tarea Compensacion/Dias con Permisos Pasivos Permitidos/a_Histrico")): Object: 'Object Repository/1-OBJECTS TAREAS PRINCIPALES/Modulo Tarea Compensacion/Dias con Permisos Pasivos Permitidos/a_Histrico' is clicked on

2022-06-10 08:34:09 - [MESSAGE][PASSED] - Object: 'Object Repository/1-OBJECTS TAREAS PRINCIPALES/Modulo Tarea Compensacion/Dias con Permisos Pasivos Permitidos/a_Histrico' is clicked on

2022-06-10 08:34:09 - [TEST_STEP][PASSED] - if (waitForElementClickable(findTestObject("1-OBJECTS TAREAS PRINCIPALES/Modulo Tarea Compensacion/Dias con Permisos Pasivos Permitidos/span_Programacion De Vacaciones"), 1)): Web element with id: 'Object Repository/1-OBJECTS TAREAS PRINCIPALES/Modulo Tarea Compensacion/Dias con Permisos Pasivos Permitidos/span_Programacion De Vacaciones' located by '//*/text()[normalize-space(.)='Programacion De Vacaciones']/parent::*' not found

2022-06-10 08:34:11 - [MESSAGE][INFO] - Unable to find the element located by 'By.xpath: //*/text()[normalize-space(.)='Programacion De Vacaciones']/parent::*'. Please recheck the objects properties to make sure the desired element is located. 

2022-06-10 08:34:11 - [MESSAGE][WARNING] - Web element with id: 'Object Repository/1-OBJECTS TAREAS PRINCIPALES/Modulo Tarea Compensacion/Dias con Permisos Pasivos Permitidos/span_Programacion De Vacaciones' located by '//*/text()[normalize-space(.)='Programacion De Vacaciones']/parent::*' not found

2022-06-10 08:34:11 - [TEST_STEP][PASSED] - click(findTestObject("1-OBJECTS TAREAS PRINCIPALES/Modulo Tarea Compensacion/Dias con Permisos Pasivos Permitidos/a_Vacaciones")): Object: 'Object Repository/1-OBJECTS TAREAS PRINCIPALES/Modulo Tarea Compensacion/Dias con Permisos Pasivos Permitidos/a_Vacaciones' is clicked on

2022-06-10 08:34:11 - [MESSAGE][PASSED] - Object: 'Object Repository/1-OBJECTS TAREAS PRINCIPALES/Modulo Tarea Compensacion/Dias con Permisos Pasivos Permitidos/a_Vacaciones' is clicked on

2022-06-10 08:34:11 - [TEST_STEP][PASSED] - waitForElementClickable(findTestObject("1-OBJECTS TAREAS PRINCIPALES/Modulo Tarea Compensacion/Dias con Permisos Pasivos Permitidos/a_Nuevo Pasivo"), G_TimeOut): Object 'Object Repository/1-OBJECTS TAREAS PRINCIPALES/Modulo Tarea Compensacion/Dias con Permisos Pasivos Permitidos/a_Nuevo Pasivo' is clickable

2022-06-10 08:34:12 - [MESSAGE][PASSED] - Object 'Object Repository/1-OBJECTS TAREAS PRINCIPALES/Modulo Tarea Compensacion/Dias con Permisos Pasivos Permitidos/a_Nuevo Pasivo' is clickable

2022-06-10 08:34:12 - [TEST_STEP][PASSED] - click(findTestObject("1-OBJECTS TAREAS PRINCIPALES/Modulo Tarea Compensacion/Dias con Permisos Pasivos Permitidos/a_Nuevo Pasivo")): Object: 'Object Repository/1-OBJECTS TAREAS PRINCIPALES/Modulo Tarea Compensacion/Dias con Permisos Pasivos Permitidos/a_Nuevo Pasivo' is clicked on

2022-06-10 08:34:12 - [MESSAGE][PASSED] - Object: 'Object Repository/1-OBJECTS TAREAS PRINCIPALES/Modulo Tarea Compensacion/Dias con Permisos Pasivos Permitidos/a_Nuevo Pasivo' is clicked on

2022-06-10 08:34:12 - [TEST_STEP][PASSED] - click(findTestObject("1-OBJECTS TAREAS PRINCIPALES/Modulo Tarea Compensacion/Dias con Permisos Pasivos Permitidos/a_pestaa Vacaciones")): Object: 'Object Repository/1-OBJECTS TAREAS PRINCIPALES/Modulo Tarea Compensacion/Dias con Permisos Pasivos Permitidos/a_pestaa Vacaciones' is clicked on

2022-06-10 08:34:13 - [MESSAGE][PASSED] - Object: 'Object Repository/1-OBJECTS TAREAS PRINCIPALES/Modulo Tarea Compensacion/Dias con Permisos Pasivos Permitidos/a_pestaa Vacaciones' is clicked on

2022-06-10 08:34:13 - [TEST_STEP][PASSED] - selectOptionByIndex(findTestObject("1-OBJECTS TAREAS PRINCIPALES/Modulo Tarea Compensacion/Dias con Permisos Pasivos Permitidos/select_APLAZAMIENTOPROGRAMACION DE VACACIONES"), "2"): All options with index in [2] are selected on object 'Object Repository/1-OBJECTS TAREAS PRINCIPALES/Modulo Tarea Compensacion/Dias con Permisos Pasivos Permitidos/select_APLAZAMIENTOPROGRAMACION DE VACACIONES'

2022-06-10 08:34:14 - [MESSAGE][PASSED] - All options with index in [2] are selected on object 'Object Repository/1-OBJECTS TAREAS PRINCIPALES/Modulo Tarea Compensacion/Dias con Permisos Pasivos Permitidos/select_APLAZAMIENTOPROGRAMACION DE VACACIONES'

2022-06-10 08:34:14 - [TEST_STEP][PASSED] - selectOptionByIndex(findTestObject("1-OBJECTS TAREAS PRINCIPALES/Modulo Tarea Compensacion/Dias con Permisos Pasivos Permitidos/select_InterrupcinNo Aplica"), "1"): All options with index in [1] are selected on object 'Object Repository/1-OBJECTS TAREAS PRINCIPALES/Modulo Tarea Compensacion/Dias con Permisos Pasivos Permitidos/select_InterrupcinNo Aplica'

2022-06-10 08:34:15 - [MESSAGE][PASSED] - All options with index in [1] are selected on object 'Object Repository/1-OBJECTS TAREAS PRINCIPALES/Modulo Tarea Compensacion/Dias con Permisos Pasivos Permitidos/select_InterrupcinNo Aplica'

2022-06-10 08:34:15 - [TEST_STEP][PASSED] - setText(findTestObject("1-OBJECTS TAREAS PRINCIPALES/Modulo Tarea Compensacion/Dias con Permisos Pasivos Permitidos/input_Periodo Servicio_form_"), "01/06/2021"): Text '01/06/2021' is set on object 'Object Repository/1-OBJECTS TAREAS PRINCIPALES/Modulo Tarea Compensacion/Dias con Permisos Pasivos Permitidos/input_Periodo Servicio_form_'

2022-06-10 08:34:16 - [MESSAGE][PASSED] - Text '01/06/2021' is set on object 'Object Repository/1-OBJECTS TAREAS PRINCIPALES/Modulo Tarea Compensacion/Dias con Permisos Pasivos Permitidos/input_Periodo Servicio_form_'

2022-06-10 08:34:16 - [TEST_STEP][PASSED] - click(findTestObject("1-OBJECTS TAREAS PRINCIPALES/Modulo Tarea Compensacion/Dias con Permisos Pasivos Permitidos/span_Periodo Servicio"), STOP_ON_FAILURE): Object: 'Object Repository/1-OBJECTS TAREAS PRINCIPALES/Modulo Tarea Compensacion/Dias con Permisos Pasivos Permitidos/span_Periodo Servicio' is clicked on

2022-06-10 08:34:16 - [MESSAGE][PASSED] - Object: 'Object Repository/1-OBJECTS TAREAS PRINCIPALES/Modulo Tarea Compensacion/Dias con Permisos Pasivos Permitidos/span_Periodo Servicio' is clicked on

2022-06-10 08:34:16 - [TEST_STEP][PASSED] - setText(findTestObject("1-OBJECTS TAREAS PRINCIPALES/Modulo Tarea Compensacion/Dias con Permisos Pasivos Permitidos/input_Periodo Servicio_form_vacaciones"), "06/06/2021"): Text '06/06/2021' is set on object 'Object Repository/1-OBJECTS TAREAS PRINCIPALES/Modulo Tarea Compensacion/Dias con Permisos Pasivos Permitidos/input_Periodo Servicio_form_vacaciones'

2022-06-10 08:34:17 - [MESSAGE][PASSED] - Text '06/06/2021' is set on object 'Object Repository/1-OBJECTS TAREAS PRINCIPALES/Modulo Tarea Compensacion/Dias con Permisos Pasivos Permitidos/input_Periodo Servicio_form_vacaciones'

2022-06-10 08:34:17 - [TEST_STEP][PASSED] - sendKeys(findTestObject("1-OBJECTS TAREAS PRINCIPALES/Modulo Tarea Compensacion/Dias con Permisos Pasivos Permitidos/input_Periodo Servicio_form_vacaciones"), Keys.chord(ENTER)): Keys 'ENTER + ' sent to object: 'Object Repository/1-OBJECTS TAREAS PRINCIPALES/Modulo Tarea Compensacion/Dias con Permisos Pasivos Permitidos/input_Periodo Servicio_form_vacaciones'

2022-06-10 08:34:18 - [MESSAGE][PASSED] - Keys 'ENTER + ' sent to object: 'Object Repository/1-OBJECTS TAREAS PRINCIPALES/Modulo Tarea Compensacion/Dias con Permisos Pasivos Permitidos/input_Periodo Servicio_form_vacaciones'

2022-06-10 08:34:18 - [TEST_STEP][PASSED] - setText(findTestObject("1-OBJECTS TAREAS PRINCIPALES/Modulo Tarea Compensacion/Dias con Permisos Pasivos Permitidos/input_Das_form_vacacionesEmpleadotabs"), "5"): Text '5' is set on object 'Object Repository/1-OBJECTS TAREAS PRINCIPALES/Modulo Tarea Compensacion/Dias con Permisos Pasivos Permitidos/input_Das_form_vacacionesEmpleadotabs'

2022-06-10 08:34:19 - [MESSAGE][PASSED] - Text '5' is set on object 'Object Repository/1-OBJECTS TAREAS PRINCIPALES/Modulo Tarea Compensacion/Dias con Permisos Pasivos Permitidos/input_Das_form_vacacionesEmpleadotabs'

2022-06-10 08:34:19 - [TEST_STEP][PASSED] - setText(findTestObject("1-OBJECTS TAREAS PRINCIPALES/Modulo Tarea Compensacion/Dias con Permisos Pasivos Permitidos/input_Fecha Origen_form_vacaciones"), "01/06/2021"): Text '01/06/2021' is set on object 'Object Repository/1-OBJECTS TAREAS PRINCIPALES/Modulo Tarea Compensacion/Dias con Permisos Pasivos Permitidos/input_Fecha Origen_form_vacaciones'

2022-06-10 08:34:20 - [MESSAGE][PASSED] - Text '01/06/2021' is set on object 'Object Repository/1-OBJECTS TAREAS PRINCIPALES/Modulo Tarea Compensacion/Dias con Permisos Pasivos Permitidos/input_Fecha Origen_form_vacaciones'

2022-06-10 08:34:20 - [TEST_STEP][PASSED] - sendKeys(findTestObject("1-OBJECTS TAREAS PRINCIPALES/Modulo Tarea Compensacion/Dias con Permisos Pasivos Permitidos/input_Fecha Origen_form_vacaciones"), Keys.chord(ENTER)): Keys 'ENTER + ' sent to object: 'Object Repository/1-OBJECTS TAREAS PRINCIPALES/Modulo Tarea Compensacion/Dias con Permisos Pasivos Permitidos/input_Fecha Origen_form_vacaciones'

2022-06-10 08:34:20 - [MESSAGE][PASSED] - Keys 'ENTER + ' sent to object: 'Object Repository/1-OBJECTS TAREAS PRINCIPALES/Modulo Tarea Compensacion/Dias con Permisos Pasivos Permitidos/input_Fecha Origen_form_vacaciones'

2022-06-10 08:34:20 - [TEST_STEP][PASSED] - waitForElementClickable(findTestObject("1-OBJECTS TAREAS PRINCIPALES/Modulo Tarea Compensacion/Dias con Permisos Pasivos Permitidos/a_Guardar"), G_TimeOut): Object 'Object Repository/1-OBJECTS TAREAS PRINCIPALES/Modulo Tarea Compensacion/Dias con Permisos Pasivos Permitidos/a_Guardar' is clickable

2022-06-10 08:34:20 - [MESSAGE][PASSED] - Object 'Object Repository/1-OBJECTS TAREAS PRINCIPALES/Modulo Tarea Compensacion/Dias con Permisos Pasivos Permitidos/a_Guardar' is clickable

2022-06-10 08:34:20 - [TEST_STEP][PASSED] - click(findTestObject("1-OBJECTS TAREAS PRINCIPALES/Modulo Tarea Compensacion/Dias con Permisos Pasivos Permitidos/a_Guardar")): Object: 'Object Repository/1-OBJECTS TAREAS PRINCIPALES/Modulo Tarea Compensacion/Dias con Permisos Pasivos Permitidos/a_Guardar' is clicked on

2022-06-10 08:34:21 - [MESSAGE][PASSED] - Object: 'Object Repository/1-OBJECTS TAREAS PRINCIPALES/Modulo Tarea Compensacion/Dias con Permisos Pasivos Permitidos/a_Guardar' is clicked on

2022-06-10 08:34:21 - [TEST_STEP][PASSED] - waitForElementClickable(findTestObject("1-OBJECTS TAREAS PRINCIPALES/Modulo Tarea Compensacion/Dias con Permisos Pasivos Permitidos/a_Regresar"), G_TimeOut): Object 'Object Repository/1-OBJECTS TAREAS PRINCIPALES/Modulo Tarea Compensacion/Dias con Permisos Pasivos Permitidos/a_Regresar' is clickable

2022-06-10 08:34:22 - [MESSAGE][PASSED] - Object 'Object Repository/1-OBJECTS TAREAS PRINCIPALES/Modulo Tarea Compensacion/Dias con Permisos Pasivos Permitidos/a_Regresar' is clickable

2022-06-10 08:34:22 - [TEST_STEP][PASSED] - click(findTestObject("1-OBJECTS TAREAS PRINCIPALES/Modulo Tarea Compensacion/Dias con Permisos Pasivos Permitidos/a_Regresar")): Object: 'Object Repository/1-OBJECTS TAREAS PRINCIPALES/Modulo Tarea Compensacion/Dias con Permisos Pasivos Permitidos/a_Regresar' is clicked on

2022-06-10 08:34:23 - [MESSAGE][PASSED] - Object: 'Object Repository/1-OBJECTS TAREAS PRINCIPALES/Modulo Tarea Compensacion/Dias con Permisos Pasivos Permitidos/a_Regresar' is clicked on

2022-06-10 08:34:23 - [TEST_STEP][PASSED] - if (waitForElementClickable(findTestObject("1-OBJECTS TAREAS PRINCIPALES/Modulo Tarea Compensacion/Dias con Permisos Pasivos Permitidos/td_02062021"), 1)): Web element with id: 'Object Repository/1-OBJECTS TAREAS PRINCIPALES/Modulo Tarea Compensacion/Dias con Permisos Pasivos Permitidos/td_02062021' located by '//*/text()[normalize-space(.)='02/06/2021']/parent::*' not found

2022-06-10 08:34:25 - [MESSAGE][INFO] - Unable to find the element located by 'By.xpath: //*/text()[normalize-space(.)='02/06/2021']/parent::*'. Please recheck the objects properties to make sure the desired element is located. 

2022-06-10 08:34:25 - [MESSAGE][WARNING] - Web element with id: 'Object Repository/1-OBJECTS TAREAS PRINCIPALES/Modulo Tarea Compensacion/Dias con Permisos Pasivos Permitidos/td_02062021' located by '//*/text()[normalize-space(.)='02/06/2021']/parent::*' not found

2022-06-10 08:34:25 - [TEST_STEP][PASSED] - waitForElementClickable(findTestObject("1-OBJECTS TAREAS PRINCIPALES/Modulo Tarea Compensacion/Dias con Permisos Pasivos Permitidos/a_Nueva Solicitud"), G_TimeOut): Object 'Object Repository/1-OBJECTS TAREAS PRINCIPALES/Modulo Tarea Compensacion/Dias con Permisos Pasivos Permitidos/a_Nueva Solicitud' is clickable

2022-06-10 08:34:25 - [MESSAGE][PASSED] - Object 'Object Repository/1-OBJECTS TAREAS PRINCIPALES/Modulo Tarea Compensacion/Dias con Permisos Pasivos Permitidos/a_Nueva Solicitud' is clickable

2022-06-10 08:34:25 - [TEST_STEP][PASSED] - click(findTestObject("1-OBJECTS TAREAS PRINCIPALES/Modulo Tarea Compensacion/Dias con Permisos Pasivos Permitidos/a_Nueva Solicitud")): Object: 'Object Repository/1-OBJECTS TAREAS PRINCIPALES/Modulo Tarea Compensacion/Dias con Permisos Pasivos Permitidos/a_Nueva Solicitud' is clicked on

2022-06-10 08:34:26 - [MESSAGE][PASSED] - Object: 'Object Repository/1-OBJECTS TAREAS PRINCIPALES/Modulo Tarea Compensacion/Dias con Permisos Pasivos Permitidos/a_Nueva Solicitud' is clicked on

2022-06-10 08:34:26 - [TEST_STEP][PASSED] - setText(findTestObject("1-OBJECTS TAREAS PRINCIPALES/Modulo Tarea Compensacion/Dias con Permisos Pasivos Permitidos/input_Salida Nomina_form_vacaciones"), "01/06/2021"): Text '01/06/2021' is set on object 'Object Repository/1-OBJECTS TAREAS PRINCIPALES/Modulo Tarea Compensacion/Dias con Permisos Pasivos Permitidos/input_Salida Nomina_form_vacaciones'

2022-06-10 08:34:27 - [MESSAGE][PASSED] - Text '01/06/2021' is set on object 'Object Repository/1-OBJECTS TAREAS PRINCIPALES/Modulo Tarea Compensacion/Dias con Permisos Pasivos Permitidos/input_Salida Nomina_form_vacaciones'

2022-06-10 08:34:27 - [TEST_STEP][PASSED] - sendKeys(findTestObject("1-OBJECTS TAREAS PRINCIPALES/Modulo Tarea Compensacion/Dias con Permisos Pasivos Permitidos/input_Salida Nomina_form_vacaciones"), Keys.chord(ENTER)): Keys 'ENTER + ' sent to object: 'Object Repository/1-OBJECTS TAREAS PRINCIPALES/Modulo Tarea Compensacion/Dias con Permisos Pasivos Permitidos/input_Salida Nomina_form_vacaciones'

2022-06-10 08:34:27 - [MESSAGE][PASSED] - Keys 'ENTER + ' sent to object: 'Object Repository/1-OBJECTS TAREAS PRINCIPALES/Modulo Tarea Compensacion/Dias con Permisos Pasivos Permitidos/input_Salida Nomina_form_vacaciones'

2022-06-10 08:34:27 - [TEST_STEP][PASSED] - selectOptionByIndex(findTestObject("1-OBJECTS TAREAS PRINCIPALES/Modulo Tarea Compensacion/Dias con Permisos Pasivos Permitidos/select_SeleccioneChequeEntidad_"), "3"): All options with index in [3] are selected on object 'Object Repository/1-OBJECTS TAREAS PRINCIPALES/Modulo Tarea Compensacion/Dias con Permisos Pasivos Permitidos/select_SeleccioneChequeEntidad_'

2022-06-10 08:34:28 - [MESSAGE][PASSED] - All options with index in [3] are selected on object 'Object Repository/1-OBJECTS TAREAS PRINCIPALES/Modulo Tarea Compensacion/Dias con Permisos Pasivos Permitidos/select_SeleccioneChequeEntidad_'

2022-06-10 08:34:28 - [TEST_STEP][PASSED] - setText(findTestObject("1-OBJECTS TAREAS PRINCIPALES/Modulo Tarea Compensacion/Dias con Permisos Pasivos Permitidos/input_Pago_form_vacacionesEmpleado"), "01/06/2021"): Text '01/06/2021' is set on object 'Object Repository/1-OBJECTS TAREAS PRINCIPALES/Modulo Tarea Compensacion/Dias con Permisos Pasivos Permitidos/input_Pago_form_vacacionesEmpleado'

2022-06-10 08:34:29 - [MESSAGE][PASSED] - Text '01/06/2021' is set on object 'Object Repository/1-OBJECTS TAREAS PRINCIPALES/Modulo Tarea Compensacion/Dias con Permisos Pasivos Permitidos/input_Pago_form_vacacionesEmpleado'

2022-06-10 08:34:29 - [TEST_STEP][PASSED] - sendKeys(findTestObject("1-OBJECTS TAREAS PRINCIPALES/Modulo Tarea Compensacion/Dias con Permisos Pasivos Permitidos/input_Pago_form_vacacionesEmpleado"), Keys.chord(ENTER)): Keys 'ENTER + ' sent to object: 'Object Repository/1-OBJECTS TAREAS PRINCIPALES/Modulo Tarea Compensacion/Dias con Permisos Pasivos Permitidos/input_Pago_form_vacacionesEmpleado'

2022-06-10 08:34:30 - [MESSAGE][PASSED] - Keys 'ENTER + ' sent to object: 'Object Repository/1-OBJECTS TAREAS PRINCIPALES/Modulo Tarea Compensacion/Dias con Permisos Pasivos Permitidos/input_Pago_form_vacacionesEmpleado'

2022-06-10 08:34:30 - [TEST_STEP][PASSED] - setText(findTestObject("1-OBJECTS TAREAS PRINCIPALES/Modulo Tarea Compensacion/Dias con Permisos Pasivos Permitidos/input_Disfrute_form_vacacionesEmpleado"), "1"): Text '1' is set on object 'Object Repository/1-OBJECTS TAREAS PRINCIPALES/Modulo Tarea Compensacion/Dias con Permisos Pasivos Permitidos/input_Disfrute_form_vacacionesEmpleado'

2022-06-10 08:34:31 - [MESSAGE][PASSED] - Text '1' is set on object 'Object Repository/1-OBJECTS TAREAS PRINCIPALES/Modulo Tarea Compensacion/Dias con Permisos Pasivos Permitidos/input_Disfrute_form_vacacionesEmpleado'

2022-06-10 08:34:31 - [TEST_STEP][PASSED] - setText(findTestObject("1-OBJECTS TAREAS PRINCIPALES/Modulo Tarea Compensacion/Dias con Permisos Pasivos Permitidos/input_Compensados_form_vacaciones"), "1"): Text '1' is set on object 'Object Repository/1-OBJECTS TAREAS PRINCIPALES/Modulo Tarea Compensacion/Dias con Permisos Pasivos Permitidos/input_Compensados_form_vacaciones'

2022-06-10 08:34:31 - [MESSAGE][PASSED] - Text '1' is set on object 'Object Repository/1-OBJECTS TAREAS PRINCIPALES/Modulo Tarea Compensacion/Dias con Permisos Pasivos Permitidos/input_Compensados_form_vacaciones'

2022-06-10 08:34:31 - [TEST_STEP][PASSED] - setText(findTestObject("1-OBJECTS TAREAS PRINCIPALES/Modulo Tarea Compensacion/Dias con Permisos Pasivos Permitidos/textarea_Observacin_form_vacaciones"), "Pruebas sara"): Text 'Pruebas sara' is set on object 'Object Repository/1-OBJECTS TAREAS PRINCIPALES/Modulo Tarea Compensacion/Dias con Permisos Pasivos Permitidos/textarea_Observacin_form_vacaciones'

2022-06-10 08:34:32 - [MESSAGE][PASSED] - Text 'Pruebas sara' is set on object 'Object Repository/1-OBJECTS TAREAS PRINCIPALES/Modulo Tarea Compensacion/Dias con Permisos Pasivos Permitidos/textarea_Observacin_form_vacaciones'

2022-06-10 08:34:32 - [TEST_STEP][PASSED] - waitForElementClickable(findTestObject("1-OBJECTS TAREAS PRINCIPALES/Modulo Tarea Compensacion/Dias con Permisos Pasivos Permitidos/a_Verificar"), G_TimeOut): Object 'Object Repository/1-OBJECTS TAREAS PRINCIPALES/Modulo Tarea Compensacion/Dias con Permisos Pasivos Permitidos/a_Verificar' is clickable

2022-06-10 08:34:33 - [MESSAGE][PASSED] - Object 'Object Repository/1-OBJECTS TAREAS PRINCIPALES/Modulo Tarea Compensacion/Dias con Permisos Pasivos Permitidos/a_Verificar' is clickable

2022-06-10 08:34:33 - [TEST_STEP][PASSED] - click(findTestObject("1-OBJECTS TAREAS PRINCIPALES/Modulo Tarea Compensacion/Dias con Permisos Pasivos Permitidos/a_Verificar")): Object: 'Object Repository/1-OBJECTS TAREAS PRINCIPALES/Modulo Tarea Compensacion/Dias con Permisos Pasivos Permitidos/a_Verificar' is clicked on

2022-06-10 08:34:33 - [MESSAGE][PASSED] - Object: 'Object Repository/1-OBJECTS TAREAS PRINCIPALES/Modulo Tarea Compensacion/Dias con Permisos Pasivos Permitidos/a_Verificar' is clicked on

2022-06-10 08:34:33 - [TEST_STEP][PASSED] - waitForElementClickable(findTestObject("1-OBJECTS TAREAS PRINCIPALES/Modulo Tarea Compensacion/Dias con Permisos Pasivos Permitidos/a_Guardar_solicitudes"), 0): Web element with id: 'Object Repository/1-OBJECTS TAREAS PRINCIPALES/Modulo Tarea Compensacion/Dias con Permisos Pasivos Permitidos/a_Guardar_solicitudes' located by '//*/text()[normalize-space(.)='Guardar Legalizar']/parent::*' not found

2022-06-10 08:34:33 - [MESSAGE][WARNING] - Timeout '0' is invalid. Using default page load timeout: '37'

2022-06-10 08:35:11 - [MESSAGE][INFO] - Unable to find the element located by 'By.xpath: //*/text()[normalize-space(.)='Guardar Legalizar']/parent::*'. Please recheck the objects properties to make sure the desired element is located. 

2022-06-10 08:35:11 - [MESSAGE][WARNING] - Web element with id: 'Object Repository/1-OBJECTS TAREAS PRINCIPALES/Modulo Tarea Compensacion/Dias con Permisos Pasivos Permitidos/a_Guardar_solicitudes' located by '//*/text()[normalize-space(.)='Guardar Legalizar']/parent::*' not found

2022-06-10 08:35:11 - [TEST_STEP][FAILED] - click(findTestObject("1-OBJECTS TAREAS PRINCIPALES/Modulo Tarea Compensacion/Dias con Permisos Pasivos Permitidos/a_Guardar_solicitudes")): Unable to click on object 'Object Repository/1-OBJECTS TAREAS PRINCIPALES/Modulo Tarea Compensacion/Dias con Permisos Pasivos Permitidos/a_Guardar_solicitudes' (Root cause: com.kms.katalon.core.exception.StepFailedException: Unable to click on object 'Object Repository/1-OBJECTS TAREAS PRINCIPALES/Modulo Tarea Compensacion/Dias con Permisos Pasivos Permitidos/a_Guardar_solicitudes'
	at com.kms.katalon.core.webui.keyword.internal.WebUIKeywordMain.stepFailed(WebUIKeywordMain.groovy:64)
	at com.kms.katalon.core.webui.keyword.internal.WebUIKeywordMain.runKeyword(WebUIKeywordMain.groovy:26)
	at com.kms.katalon.core.webui.keyword.builtin.ClickKeyword.click(ClickKeyword.groovy:74)
	at com.kms.katalon.core.webui.keyword.builtin.ClickKeyword.execute(ClickKeyword.groovy:40)
	at com.kms.katalon.core.keyword.internal.KeywordExecutor.executeKeywordForPlatform(KeywordExecutor.groovy:74)
	at com.kms.katalon.core.webui.keyword.WebUiBuiltInKeywords.click(WebUiBuiltInKeywords.groovy:620)
	at com.kms.katalon.core.webui.keyword.WebUiBuiltInKeywords$click$5.call(Unknown Source)
	at 1.1.6-crear vacaciones.run(1.1.6-crear vacaciones:177)
	at com.kms.katalon.core.main.ScriptEngine.run(ScriptEngine.java:194)
	at com.kms.katalon.core.main.ScriptEngine.runScriptAsRawText(ScriptEngine.java:119)
	at com.kms.katalon.core.main.TestCaseExecutor.runScript(TestCaseExecutor.java:445)
	at com.kms.katalon.core.main.TestCaseExecutor.doExecute(TestCaseExecutor.java:436)
	at com.kms.katalon.core.main.TestCaseExecutor.processExecutionPhase(TestCaseExecutor.java:415)
	at com.kms.katalon.core.main.TestCaseExecutor.accessMainPhase(TestCaseExecutor.java:407)
	at com.kms.katalon.core.main.TestCaseExecutor.execute(TestCaseExecutor.java:284)
	at com.kms.katalon.core.main.TestCaseMain.runTestCase(TestCaseMain.java:142)
	at com.kms.katalon.core.keyword.builtin.CallTestCaseKeyword$_callTestCase_closure1.doCall(CallTestCaseKeyword.groovy:59)
	at com.kms.katalon.core.keyword.builtin.CallTestCaseKeyword$_callTestCase_closure1.call(CallTestCaseKeyword.groovy)
	at com.kms.katalon.core.keyword.internal.KeywordMain.runKeyword(KeywordMain.groovy:74)
	at com.kms.katalon.core.keyword.builtin.CallTestCaseKeyword.callTestCase(CallTestCaseKeyword.groovy:81)
	at com.kms.katalon.core.keyword.builtin.CallTestCaseKeyword.execute(CallTestCaseKeyword.groovy:44)
	at com.kms.katalon.core.keyword.internal.KeywordExecutor.executeKeywordForPlatform(KeywordExecutor.groovy:74)
	at com.kms.katalon.core.keyword.BuiltinKeywords.callTestCase(BuiltinKeywords.groovy:334)
	at 1.1.7-Generar Vacaciones.run(1.1.7-Generar Vacaciones:19)
	at com.kms.katalon.core.main.ScriptEngine.run(ScriptEngine.java:194)
	at com.kms.katalon.core.main.ScriptEngine.runScriptAsRawText(ScriptEngine.java:119)
	at com.kms.katalon.core.main.TestCaseExecutor.runScript(TestCaseExecutor.java:445)
	at com.kms.katalon.core.main.TestCaseExecutor.doExecute(TestCaseExecutor.java:436)
	at com.kms.katalon.core.main.TestCaseExecutor.processExecutionPhase(TestCaseExecutor.java:415)
	at com.kms.katalon.core.main.TestCaseExecutor.accessMainPhase(TestCaseExecutor.java:407)
	at com.kms.katalon.core.main.TestCaseExecutor.execute(TestCaseExecutor.java:284)
	at com.kms.katalon.core.common.CommonExecutor.accessTestCaseMainPhase(CommonExecutor.java:65)
	at com.kms.katalon.core.main.TestSuiteExecutor.accessTestSuiteMainPhase(TestSuiteExecutor.java:144)
	at com.kms.katalon.core.main.TestSuiteExecutor.execute(TestSuiteExecutor.java:106)
	at com.kms.katalon.core.main.TestCaseMain.startTestSuite(TestCaseMain.java:185)
	at com.kms.katalon.core.main.TestCaseMain$startTestSuite$0.call(Unknown Source)
	at TempTestSuite1654867643956.run(TempTestSuite1654867643956.groovy:36)
Caused by: com.kms.katalon.core.webui.exception.WebElementNotFoundException: Web element with id: 'Object Repository/1-OBJECTS TAREAS PRINCIPALES/Modulo Tarea Compensacion/Dias con Permisos Pasivos Permitidos/a_Guardar_solicitudes' located by '//*/text()[normalize-space(.)='Guardar Legalizar']/parent::*' not found
	at com.kms.katalon.core.webui.common.WebUiCommonHelper.findWebElement(WebUiCommonHelper.java:1370)
	at com.kms.katalon.core.webui.keyword.internal.WebUIAbstractKeyword.findWebElement(WebUIAbstractKeyword.groovy:27)
	at com.kms.katalon.core.webui.keyword.builtin.ClickKeyword$_click_closure1.doCall(ClickKeyword.groovy:65)
	at com.kms.katalon.core.webui.keyword.builtin.ClickKeyword$_click_closure1.call(ClickKeyword.groovy)
	at com.kms.katalon.core.webui.keyword.internal.WebUIKeywordMain.runKeyword(WebUIKeywordMain.groovy:20)
	at com.kms.katalon.core.webui.keyword.builtin.ClickKeyword.click(ClickKeyword.groovy:74)
	at com.kms.katalon.core.webui.keyword.builtin.ClickKeyword.execute(ClickKeyword.groovy:40)
	at com.kms.katalon.core.keyword.internal.KeywordExecutor.executeKeywordForPlatform(KeywordExecutor.groovy:74)
	at com.kms.katalon.core.webui.keyword.WebUiBuiltInKeywords.click(WebUiBuiltInKeywords.groovy:620)
	at com.kms.katalon.core.webui.keyword.WebUiBuiltInKeywords$click$5.call(Unknown Source)
	at Script1548865857907.run(Script1548865857907.groovy:177)
	at com.kms.katalon.core.main.ScriptEngine.run(ScriptEngine.java:194)
	at com.kms.katalon.core.main.ScriptEngine.runScriptAsRawText(ScriptEngine.java:119)
	at com.kms.katalon.core.main.TestCaseExecutor.runScript(TestCaseExecutor.java:445)
	at com.kms.katalon.core.main.TestCaseExecutor.doExecute(TestCaseExecutor.java:436)
	at com.kms.katalon.core.main.TestCaseExecutor.processExecutionPhase(TestCaseExecutor.java:415)
	at com.kms.katalon.core.main.TestCaseExecutor.accessMainPhase(TestCaseExecutor.java:407)
	at com.kms.katalon.core.main.TestCaseExecutor.execute(TestCaseExecutor.java:284)
	at com.kms.katalon.core.main.TestCaseMain.runTestCase(TestCaseMain.java:142)
	at com.kms.katalon.core.keyword.builtin.CallTestCaseKeyword$_callTestCase_closure1.doCall(CallTestCaseKeyword.groovy:59)
	at com.kms.katalon.core.keyword.builtin.CallTestCaseKeyword$_callTestCase_closure1.call(CallTestCaseKeyword.groovy)
	at com.kms.katalon.core.keyword.internal.KeywordMain.runKeyword(KeywordMain.groovy:74)
	at com.kms.katalon.core.keyword.builtin.CallTestCaseKeyword.callTestCase(CallTestCaseKeyword.groovy:81)
	at com.kms.katalon.core.keyword.builtin.CallTestCaseKeyword.execute(CallTestCaseKeyword.groovy:44)
	at com.kms.katalon.core.keyword.internal.KeywordExecutor.executeKeywordForPlatform(KeywordExecutor.groovy:74)
	at com.kms.katalon.core.keyword.BuiltinKeywords.callTestCase(BuiltinKeywords.groovy:334)
	at Script1548864467260.run(Script1548864467260.groovy:19)
	... 13 more
)

2022-06-10 08:35:49 - [MESSAGE][INFO] - Unable to find the element located by 'By.xpath: //*/text()[normalize-space(.)='Guardar Legalizar']/parent::*'. Please recheck the objects properties to make sure the desired element is located. 

2022-06-10 08:35:50 - [MESSAGE][FAILED] - Unable to click on object 'Object Repository/1-OBJECTS TAREAS PRINCIPALES/Modulo Tarea Compensacion/Dias con Permisos Pasivos Permitidos/a_Guardar_solicitudes' (Root cause: com.kms.katalon.core.exception.StepFailedException: Unable to click on object 'Object Repository/1-OBJECTS TAREAS PRINCIPALES/Modulo Tarea Compensacion/Dias con Permisos Pasivos Permitidos/a_Guardar_solicitudes'
	at com.kms.katalon.core.webui.keyword.internal.WebUIKeywordMain.stepFailed(WebUIKeywordMain.groovy:64)
	at com.kms.katalon.core.webui.keyword.internal.WebUIKeywordMain.runKeyword(WebUIKeywordMain.groovy:26)
	at com.kms.katalon.core.webui.keyword.builtin.ClickKeyword.click(ClickKeyword.groovy:74)
	at com.kms.katalon.core.webui.keyword.builtin.ClickKeyword.execute(ClickKeyword.groovy:40)
	at com.kms.katalon.core.keyword.internal.KeywordExecutor.executeKeywordForPlatform(KeywordExecutor.groovy:74)
	at com.kms.katalon.core.webui.keyword.WebUiBuiltInKeywords.click(WebUiBuiltInKeywords.groovy:620)
	at com.kms.katalon.core.webui.keyword.WebUiBuiltInKeywords$click$5.call(Unknown Source)
	at 1.1.6-crear vacaciones.run(1.1.6-crear vacaciones:177)
	at com.kms.katalon.core.main.ScriptEngine.run(ScriptEngine.java:194)
	at com.kms.katalon.core.main.ScriptEngine.runScriptAsRawText(ScriptEngine.java:119)
	at com.kms.katalon.core.main.TestCaseExecutor.runScript(TestCaseExecutor.java:445)
	at com.kms.katalon.core.main.TestCaseExecutor.doExecute(TestCaseExecutor.java:436)
	at com.kms.katalon.core.main.TestCaseExecutor.processExecutionPhase(TestCaseExecutor.java:415)
	at com.kms.katalon.core.main.TestCaseExecutor.accessMainPhase(TestCaseExecutor.java:407)
	at com.kms.katalon.core.main.TestCaseExecutor.execute(TestCaseExecutor.java:284)
	at com.kms.katalon.core.main.TestCaseMain.runTestCase(TestCaseMain.java:142)
	at com.kms.katalon.core.keyword.builtin.CallTestCaseKeyword$_callTestCase_closure1.doCall(CallTestCaseKeyword.groovy:59)
	at com.kms.katalon.core.keyword.builtin.CallTestCaseKeyword$_callTestCase_closure1.call(CallTestCaseKeyword.groovy)
	at com.kms.katalon.core.keyword.internal.KeywordMain.runKeyword(KeywordMain.groovy:74)
	at com.kms.katalon.core.keyword.builtin.CallTestCaseKeyword.callTestCase(CallTestCaseKeyword.groovy:81)
	at com.kms.katalon.core.keyword.builtin.CallTestCaseKeyword.execute(CallTestCaseKeyword.groovy:44)
	at com.kms.katalon.core.keyword.internal.KeywordExecutor.executeKeywordForPlatform(KeywordExecutor.groovy:74)
	at com.kms.katalon.core.keyword.BuiltinKeywords.callTestCase(BuiltinKeywords.groovy:334)
	at 1.1.7-Generar Vacaciones.run(1.1.7-Generar Vacaciones:19)
	at com.kms.katalon.core.main.ScriptEngine.run(ScriptEngine.java:194)
	at com.kms.katalon.core.main.ScriptEngine.runScriptAsRawText(ScriptEngine.java:119)
	at com.kms.katalon.core.main.TestCaseExecutor.runScript(TestCaseExecutor.java:445)
	at com.kms.katalon.core.main.TestCaseExecutor.doExecute(TestCaseExecutor.java:436)
	at com.kms.katalon.core.main.TestCaseExecutor.processExecutionPhase(TestCaseExecutor.java:415)
	at com.kms.katalon.core.main.TestCaseExecutor.accessMainPhase(TestCaseExecutor.java:407)
	at com.kms.katalon.core.main.TestCaseExecutor.execute(TestCaseExecutor.java:284)
	at com.kms.katalon.core.common.CommonExecutor.accessTestCaseMainPhase(CommonExecutor.java:65)
	at com.kms.katalon.core.main.TestSuiteExecutor.accessTestSuiteMainPhase(TestSuiteExecutor.java:144)
	at com.kms.katalon.core.main.TestSuiteExecutor.execute(TestSuiteExecutor.java:106)
	at com.kms.katalon.core.main.TestCaseMain.startTestSuite(TestCaseMain.java:185)
	at com.kms.katalon.core.main.TestCaseMain$startTestSuite$0.call(Unknown Source)
	at TempTestSuite1654867643956.run(TempTestSuite1654867643956.groovy:36)
Caused by: com.kms.katalon.core.webui.exception.WebElementNotFoundException: Web element with id: 'Object Repository/1-OBJECTS TAREAS PRINCIPALES/Modulo Tarea Compensacion/Dias con Permisos Pasivos Permitidos/a_Guardar_solicitudes' located by '//*/text()[normalize-space(.)='Guardar Legalizar']/parent::*' not found
	at com.kms.katalon.core.webui.common.WebUiCommonHelper.findWebElement(WebUiCommonHelper.java:1370)
	at com.kms.katalon.core.webui.keyword.internal.WebUIAbstractKeyword.findWebElement(WebUIAbstractKeyword.groovy:27)
	at com.kms.katalon.core.webui.keyword.builtin.ClickKeyword$_click_closure1.doCall(ClickKeyword.groovy:65)
	at com.kms.katalon.core.webui.keyword.builtin.ClickKeyword$_click_closure1.call(ClickKeyword.groovy)
	at com.kms.katalon.core.webui.keyword.internal.WebUIKeywordMain.runKeyword(WebUIKeywordMain.groovy:20)
	at com.kms.katalon.core.webui.keyword.builtin.ClickKeyword.click(ClickKeyword.groovy:74)
	at com.kms.katalon.core.webui.keyword.builtin.ClickKeyword.execute(ClickKeyword.groovy:40)
	at com.kms.katalon.core.keyword.internal.KeywordExecutor.executeKeywordForPlatform(KeywordExecutor.groovy:74)
	at com.kms.katalon.core.webui.keyword.WebUiBuiltInKeywords.click(WebUiBuiltInKeywords.groovy:620)
	at com.kms.katalon.core.webui.keyword.WebUiBuiltInKeywords$click$5.call(Unknown Source)
	at Script1548865857907.run(Script1548865857907.groovy:177)
	at com.kms.katalon.core.main.ScriptEngine.run(ScriptEngine.java:194)
	at com.kms.katalon.core.main.ScriptEngine.runScriptAsRawText(ScriptEngine.java:119)
	at com.kms.katalon.core.main.TestCaseExecutor.runScript(TestCaseExecutor.java:445)
	at com.kms.katalon.core.main.TestCaseExecutor.doExecute(TestCaseExecutor.java:436)
	at com.kms.katalon.core.main.TestCaseExecutor.processExecutionPhase(TestCaseExecutor.java:415)
	at com.kms.katalon.core.main.TestCaseExecutor.accessMainPhase(TestCaseExecutor.java:407)
	at com.kms.katalon.core.main.TestCaseExecutor.execute(TestCaseExecutor.java:284)
	at com.kms.katalon.core.main.TestCaseMain.runTestCase(TestCaseMain.java:142)
	at com.kms.katalon.core.keyword.builtin.CallTestCaseKeyword$_callTestCase_closure1.doCall(CallTestCaseKeyword.groovy:59)
	at com.kms.katalon.core.keyword.builtin.CallTestCaseKeyword$_callTestCase_closure1.call(CallTestCaseKeyword.groovy)
	at com.kms.katalon.core.keyword.internal.KeywordMain.runKeyword(KeywordMain.groovy:74)
	at com.kms.katalon.core.keyword.builtin.CallTestCaseKeyword.callTestCase(CallTestCaseKeyword.groovy:81)
	at com.kms.katalon.core.keyword.builtin.CallTestCaseKeyword.execute(CallTestCaseKeyword.groovy:44)
	at com.kms.katalon.core.keyword.internal.KeywordExecutor.executeKeywordForPlatform(KeywordExecutor.groovy:74)
	at com.kms.katalon.core.keyword.BuiltinKeywords.callTestCase(BuiltinKeywords.groovy:334)
	at Script1548864467260.run(Script1548864467260.groovy:19)
	... 13 more
)
[[ATTACHMENT|C:\\Users\\diego.rojas\\git\\Pruebas-Minimas\\Reports\\20220610_082723\\Test_Suite_Principales\\1-Tareas Principales\\20220610_082723\\1654868149968.png]]

2022-06-10 08:35:50 - [MESSAGE][FAILED] - Unable to call Test Case 'Test Cases/1.1-Tareas Principales/1.1.6-crear vacaciones' (Root cause: com.kms.katalon.core.exception.StepFailedException: Call Test Case 'Test Cases/1.1-Tareas Principales/1.1.6-crear vacaciones' failed
	at com.kms.katalon.core.keyword.builtin.CallTestCaseKeyword$_callTestCase_closure1.doCall(CallTestCaseKeyword.groovy:63)
	at com.kms.katalon.core.keyword.builtin.CallTestCaseKeyword$_callTestCase_closure1.call(CallTestCaseKeyword.groovy)
	at com.kms.katalon.core.keyword.internal.KeywordMain.runKeyword(KeywordMain.groovy:74)
	at com.kms.katalon.core.keyword.builtin.CallTestCaseKeyword.callTestCase(CallTestCaseKeyword.groovy:81)
	at com.kms.katalon.core.keyword.builtin.CallTestCaseKeyword.execute(CallTestCaseKeyword.groovy:44)
	at com.kms.katalon.core.keyword.internal.KeywordExecutor.executeKeywordForPlatform(KeywordExecutor.groovy:74)
	at com.kms.katalon.core.keyword.BuiltinKeywords.callTestCase(BuiltinKeywords.groovy:334)
	at 1.1.7-Generar Vacaciones.run(1.1.7-Generar Vacaciones:19)
	at com.kms.katalon.core.main.ScriptEngine.run(ScriptEngine.java:194)
	at com.kms.katalon.core.main.ScriptEngine.runScriptAsRawText(ScriptEngine.java:119)
	at com.kms.katalon.core.main.TestCaseExecutor.runScript(TestCaseExecutor.java:445)
	at com.kms.katalon.core.main.TestCaseExecutor.doExecute(TestCaseExecutor.java:436)
	at com.kms.katalon.core.main.TestCaseExecutor.processExecutionPhase(TestCaseExecutor.java:415)
	at com.kms.katalon.core.main.TestCaseExecutor.accessMainPhase(TestCaseExecutor.java:407)
	at com.kms.katalon.core.main.TestCaseExecutor.execute(TestCaseExecutor.java:284)
	at com.kms.katalon.core.common.CommonExecutor.accessTestCaseMainPhase(CommonExecutor.java:65)
	at com.kms.katalon.core.main.TestSuiteExecutor.accessTestSuiteMainPhase(TestSuiteExecutor.java:144)
	at com.kms.katalon.core.main.TestSuiteExecutor.execute(TestSuiteExecutor.java:106)
	at com.kms.katalon.core.main.TestCaseMain.startTestSuite(TestCaseMain.java:185)
	at com.kms.katalon.core.main.TestCaseMain$startTestSuite$0.call(Unknown Source)
	at TempTestSuite1654867643956.run(TempTestSuite1654867643956.groovy:36)
Caused by: com.kms.katalon.core.exception.StepFailedException: Unable to click on object 'Object Repository/1-OBJECTS TAREAS PRINCIPALES/Modulo Tarea Compensacion/Dias con Permisos Pasivos Permitidos/a_Guardar_solicitudes'
	at com.kms.katalon.core.webui.keyword.internal.WebUIKeywordMain.stepFailed(WebUIKeywordMain.groovy:64)
	at com.kms.katalon.core.webui.keyword.internal.WebUIKeywordMain.runKeyword(WebUIKeywordMain.groovy:26)
	at com.kms.katalon.core.webui.keyword.builtin.ClickKeyword.click(ClickKeyword.groovy:74)
	at com.kms.katalon.core.webui.keyword.builtin.ClickKeyword.execute(ClickKeyword.groovy:40)
	at com.kms.katalon.core.keyword.internal.KeywordExecutor.executeKeywordForPlatform(KeywordExecutor.groovy:74)
	at com.kms.katalon.core.webui.keyword.WebUiBuiltInKeywords.click(WebUiBuiltInKeywords.groovy:620)
	at com.kms.katalon.core.webui.keyword.WebUiBuiltInKeywords$click$5.call(Unknown Source)
	at 1.1.6-crear vacaciones.run(1.1.6-crear vacaciones:177)
	at com.kms.katalon.core.main.ScriptEngine.run(ScriptEngine.java:194)
	at com.kms.katalon.core.main.ScriptEngine.runScriptAsRawText(ScriptEngine.java:119)
	at com.kms.katalon.core.main.TestCaseExecutor.runScript(TestCaseExecutor.java:445)
	at com.kms.katalon.core.main.TestCaseExecutor.doExecute(TestCaseExecutor.java:436)
	at com.kms.katalon.core.main.TestCaseExecutor.processExecutionPhase(TestCaseExecutor.java:415)
	at com.kms.katalon.core.main.TestCaseExecutor.accessMainPhase(TestCaseExecutor.java:407)
	at com.kms.katalon.core.main.TestCaseExecutor.execute(TestCaseExecutor.java:284)
	at com.kms.katalon.core.main.TestCaseMain.runTestCase(TestCaseMain.java:142)
	at com.kms.katalon.core.keyword.builtin.CallTestCaseKeyword$_callTestCase_closure1.doCall(CallTestCaseKeyword.groovy:59)
	... 20 more
Caused by: com.kms.katalon.core.webui.exception.WebElementNotFoundException: Web element with id: 'Object Repository/1-OBJECTS TAREAS PRINCIPALES/Modulo Tarea Compensacion/Dias con Permisos Pasivos Permitidos/a_Guardar_solicitudes' located by '//*/text()[normalize-space(.)='Guardar Legalizar']/parent::*' not found
	at com.kms.katalon.core.webui.common.WebUiCommonHelper.findWebElement(WebUiCommonHelper.java:1370)
	at com.kms.katalon.core.webui.keyword.internal.WebUIAbstractKeyword.findWebElement(WebUIAbstractKeyword.groovy:27)
	at com.kms.katalon.core.webui.keyword.builtin.ClickKeyword$_click_closure1.doCall(ClickKeyword.groovy:65)
	at com.kms.katalon.core.webui.keyword.builtin.ClickKeyword$_click_closure1.call(ClickKeyword.groovy)
	at com.kms.katalon.core.webui.keyword.internal.WebUIKeywordMain.runKeyword(WebUIKeywordMain.groovy:20)
	... 35 more
)]]></system-out>
         <system-err><![CDATA[2022-06-10 08:33:51 - [TEST_CASE][FAILED] - Test Cases/1.1-Tareas Principales/1.1.7-Generar Vacaciones: Test Cases/1.1-Tareas Principales/1.1.7-Generar Vacaciones FAILED.
Reason:
com.kms.katalon.core.exception.StepFailedException: Call Test Case 'Test Cases/1.1-Tareas Principales/1.1.6-crear vacaciones' failed
	at com.kms.katalon.core.keyword.builtin.CallTestCaseKeyword$_callTestCase_closure1.doCall(CallTestCaseKeyword.groovy:63)
	at com.kms.katalon.core.keyword.builtin.CallTestCaseKeyword$_callTestCase_closure1.call(CallTestCaseKeyword.groovy)
	at com.kms.katalon.core.keyword.internal.KeywordMain.runKeyword(KeywordMain.groovy:74)
	at com.kms.katalon.core.keyword.builtin.CallTestCaseKeyword.callTestCase(CallTestCaseKeyword.groovy:81)
	at com.kms.katalon.core.keyword.builtin.CallTestCaseKeyword.execute(CallTestCaseKeyword.groovy:44)
	at com.kms.katalon.core.keyword.internal.KeywordExecutor.executeKeywordForPlatform(KeywordExecutor.groovy:74)
	at com.kms.katalon.core.keyword.BuiltinKeywords.callTestCase(BuiltinKeywords.groovy:334)
	at 1.1.7-Generar Vacaciones.run(1.1.7-Generar Vacaciones:19)
	at com.kms.katalon.core.main.ScriptEngine.run(ScriptEngine.java:194)
	at com.kms.katalon.core.main.ScriptEngine.runScriptAsRawText(ScriptEngine.java:119)
	at com.kms.katalon.core.main.TestCaseExecutor.runScript(TestCaseExecutor.java:445)
	at com.kms.katalon.core.main.TestCaseExecutor.doExecute(TestCaseExecutor.java:436)
	at com.kms.katalon.core.main.TestCaseExecutor.processExecutionPhase(TestCaseExecutor.java:415)
	at com.kms.katalon.core.main.TestCaseExecutor.accessMainPhase(TestCaseExecutor.java:407)
	at com.kms.katalon.core.main.TestCaseExecutor.execute(TestCaseExecutor.java:284)
	at com.kms.katalon.core.common.CommonExecutor.accessTestCaseMainPhase(CommonExecutor.java:65)
	at com.kms.katalon.core.main.TestSuiteExecutor.accessTestSuiteMainPhase(TestSuiteExecutor.java:144)
	at com.kms.katalon.core.main.TestSuiteExecutor.execute(TestSuiteExecutor.java:106)
	at com.kms.katalon.core.main.TestCaseMain.startTestSuite(TestCaseMain.java:185)
	at com.kms.katalon.core.main.TestCaseMain$startTestSuite$0.call(Unknown Source)
	at TempTestSuite1654867643956.run(TempTestSuite1654867643956.groovy:36)
Caused by: com.kms.katalon.core.exception.StepFailedException: Unable to click on object 'Object Repository/1-OBJECTS TAREAS PRINCIPALES/Modulo Tarea Compensacion/Dias con Permisos Pasivos Permitidos/a_Guardar_solicitudes'
	at com.kms.katalon.core.webui.keyword.internal.WebUIKeywordMain.stepFailed(WebUIKeywordMain.groovy:64)
	at com.kms.katalon.core.webui.keyword.internal.WebUIKeywordMain.runKeyword(WebUIKeywordMain.groovy:26)
	at com.kms.katalon.core.webui.keyword.builtin.ClickKeyword.click(ClickKeyword.groovy:74)
	at com.kms.katalon.core.webui.keyword.builtin.ClickKeyword.execute(ClickKeyword.groovy:40)
	at com.kms.katalon.core.keyword.internal.KeywordExecutor.executeKeywordForPlatform(KeywordExecutor.groovy:74)
	at com.kms.katalon.core.webui.keyword.WebUiBuiltInKeywords.click(WebUiBuiltInKeywords.groovy:620)
	at com.kms.katalon.core.webui.keyword.WebUiBuiltInKeywords$click$5.call(Unknown Source)
	at 1.1.6-crear vacaciones.run(1.1.6-crear vacaciones:177)
	at com.kms.katalon.core.main.ScriptEngine.run(ScriptEngine.java:194)
	at com.kms.katalon.core.main.ScriptEngine.runScriptAsRawText(ScriptEngine.java:119)
	at com.kms.katalon.core.main.TestCaseExecutor.runScript(TestCaseExecutor.java:445)
	at com.kms.katalon.core.main.TestCaseExecutor.doExecute(TestCaseExecutor.java:436)
	at com.kms.katalon.core.main.TestCaseExecutor.processExecutionPhase(TestCaseExecutor.java:415)
	at com.kms.katalon.core.main.TestCaseExecutor.accessMainPhase(TestCaseExecutor.java:407)
	at com.kms.katalon.core.main.TestCaseExecutor.execute(TestCaseExecutor.java:284)
	at com.kms.katalon.core.main.TestCaseMain.runTestCase(TestCaseMain.java:142)
	at com.kms.katalon.core.keyword.builtin.CallTestCaseKeyword$_callTestCase_closure1.doCall(CallTestCaseKeyword.groovy:59)
	... 20 more
Caused by: com.kms.katalon.core.webui.exception.WebElementNotFoundException: Web element with id: 'Object Repository/1-OBJECTS TAREAS PRINCIPALES/Modulo Tarea Compensacion/Dias con Permisos Pasivos Permitidos/a_Guardar_solicitudes' located by '//*/text()[normalize-space(.)='Guardar Legalizar']/parent::*' not found
	at com.kms.katalon.core.webui.common.WebUiCommonHelper.findWebElement(WebUiCommonHelper.java:1370)
	at com.kms.katalon.core.webui.keyword.internal.WebUIAbstractKeyword.findWebElement(WebUIAbstractKeyword.groovy:27)
	at com.kms.katalon.core.webui.keyword.builtin.ClickKeyword$_click_closure1.doCall(ClickKeyword.groovy:65)
	at com.kms.katalon.core.webui.keyword.builtin.ClickKeyword$_click_closure1.call(ClickKeyword.groovy)
	at com.kms.katalon.core.webui.keyword.internal.WebUIKeywordMain.runKeyword(WebUIKeywordMain.groovy:20)
	... 35 more]]></system-err>
      </testcase>
      <testcase name="Test Cases/1.1-Tareas Principales/1.1.8-Mantenimiento de Vacaciones Reliquidar" time="130.047" classname="Test Cases/1.1-Tareas Principales/1.1.8-Mantenimiento de Vacaciones Reliquidar" status="FAILED">
         <failure type="FAILED" message="Test Cases/1.1-Tareas Principales/1.1.8-Mantenimiento de Vacaciones Reliquidar FAILED.
Reason:
com.kms.katalon.core.exception.StepFailedException: Call Test Case 'Test Cases/1.1-Tareas Principales/1.1.7-Generar Vacaciones' failed
	at com.kms.katalon.core.keyword.builtin.CallTestCaseKeyword$_callTestCase_closure1.doCall(CallTestCaseKeyword.groovy:63)
	at com.kms.katalon.core.keyword.builtin.CallTestCaseKeyword$_callTestCase_closure1.call(CallTestCaseKeyword.groovy)
	at com.kms.katalon.core.keyword.internal.KeywordMain.runKeyword(KeywordMain.groovy:74)
	at com.kms.katalon.core.keyword.builtin.CallTestCaseKeyword.callTestCase(CallTestCaseKeyword.groovy:81)
	at com.kms.katalon.core.keyword.builtin.CallTestCaseKeyword.execute(CallTestCaseKeyword.groovy:44)
	at com.kms.katalon.core.keyword.internal.KeywordExecutor.executeKeywordForPlatform(KeywordExecutor.groovy:74)
	at com.kms.katalon.core.keyword.BuiltinKeywords.callTestCase(BuiltinKeywords.groovy:334)
	at 1.1.8-Mantenimiento de Vacaciones Reliquidar.run(1.1.8-Mantenimiento de Vacaciones Reliquidar:41)
	at com.kms.katalon.core.main.ScriptEngine.run(ScriptEngine.java:194)
	at com.kms.katalon.core.main.ScriptEngine.runScriptAsRawText(ScriptEngine.java:119)
	at com.kms.katalon.core.main.TestCaseExecutor.runScript(TestCaseExecutor.java:445)
	at com.kms.katalon.core.main.TestCaseExecutor.doExecute(TestCaseExecutor.java:436)
	at com.kms.katalon.core.main.TestCaseExecutor.processExecutionPhase(TestCaseExecutor.java:415)
	at com.kms.katalon.core.main.TestCaseExecutor.accessMainPhase(TestCaseExecutor.java:407)
	at com.kms.katalon.core.main.TestCaseExecutor.execute(TestCaseExecutor.java:284)
	at com.kms.katalon.core.common.CommonExecutor.accessTestCaseMainPhase(CommonExecutor.java:65)
	at com.kms.katalon.core.main.TestSuiteExecutor.accessTestSuiteMainPhase(TestSuiteExecutor.java:144)
	at com.kms.katalon.core.main.TestSuiteExecutor.execute(TestSuiteExecutor.java:106)
	at com.kms.katalon.core.main.TestCaseMain.startTestSuite(TestCaseMain.java:185)
	at com.kms.katalon.core.main.TestCaseMain$startTestSuite$0.call(Unknown Source)
	at TempTestSuite1654867643956.run(TempTestSuite1654867643956.groovy:36)
Caused by: com.kms.katalon.core.exception.StepFailedException: Call Test Case 'Test Cases/1.1-Tareas Principales/1.1.6-crear vacaciones' failed
	at com.kms.katalon.core.keyword.builtin.CallTestCaseKeyword$_callTestCase_closure1.doCall(CallTestCaseKeyword.groovy:63)
	at com.kms.katalon.core.keyword.builtin.CallTestCaseKeyword$_callTestCase_closure1.call(CallTestCaseKeyword.groovy)
	at com.kms.katalon.core.keyword.internal.KeywordMain.runKeyword(KeywordMain.groovy:74)
	at com.kms.katalon.core.keyword.builtin.CallTestCaseKeyword.callTestCase(CallTestCaseKeyword.groovy:81)
	at com.kms.katalon.core.keyword.builtin.CallTestCaseKeyword.execute(CallTestCaseKeyword.groovy:44)
	at com.kms.katalon.core.keyword.internal.KeywordExecutor.executeKeywordForPlatform(KeywordExecutor.groovy:74)
	at com.kms.katalon.core.keyword.BuiltinKeywords.callTestCase(BuiltinKeywords.groovy:334)
	at 1.1.7-Generar Vacaciones.run(1.1.7-Generar Vacaciones:19)
	at com.kms.katalon.core.main.ScriptEngine.run(ScriptEngine.java:194)
	at com.kms.katalon.core.main.ScriptEngine.runScriptAsRawText(ScriptEngine.java:119)
	at com.kms.katalon.core.main.TestCaseExecutor.runScript(TestCaseExecutor.java:445)
	at com.kms.katalon.core.main.TestCaseExecutor.doExecute(TestCaseExecutor.java:436)
	at com.kms.katalon.core.main.TestCaseExecutor.processExecutionPhase(TestCaseExecutor.java:415)
	at com.kms.katalon.core.main.TestCaseExecutor.accessMainPhase(TestCaseExecutor.java:407)
	at com.kms.katalon.core.main.TestCaseExecutor.execute(TestCaseExecutor.java:284)
	at com.kms.katalon.core.main.TestCaseMain.runTestCase(TestCaseMain.java:142)
	at com.kms.katalon.core.keyword.builtin.CallTestCaseKeyword$_callTestCase_closure1.doCall(CallTestCaseKeyword.groovy:59)
	... 20 more
Caused by: com.kms.katalon.core.exception.StepFailedException: Unable to click on object 'Object Repository/1-OBJECTS TAREAS PRINCIPALES/Modulo Tarea Compensacion/Dias con Permisos Pasivos Permitidos/a_Guardar_solicitudes'
	at com.kms.katalon.core.webui.keyword.internal.WebUIKeywordMain.stepFailed(WebUIKeywordMain.groovy:64)
	at com.kms.katalon.core.webui.keyword.internal.WebUIKeywordMain.runKeyword(WebUIKeywordMain.groovy:26)
	at com.kms.katalon.core.webui.keyword.builtin.ClickKeyword.click(ClickKeyword.groovy:74)
	at com.kms.katalon.core.webui.keyword.builtin.ClickKeyword.execute(ClickKeyword.groovy:40)
	at com.kms.katalon.core.keyword.internal.KeywordExecutor.executeKeywordForPlatform(KeywordExecutor.groovy:74)
	at com.kms.katalon.core.webui.keyword.WebUiBuiltInKeywords.click(WebUiBuiltInKeywords.groovy:620)
	at com.kms.katalon.core.webui.keyword.WebUiBuiltInKeywords$click$5.call(Unknown Source)
	at 1.1.6-crear vacaciones.run(1.1.6-crear vacaciones:177)
	at com.kms.katalon.core.main.ScriptEngine.run(ScriptEngine.java:194)
	at com.kms.katalon.core.main.ScriptEngine.runScriptAsRawText(ScriptEngine.java:119)
	at com.kms.katalon.core.main.TestCaseExecutor.runScript(TestCaseExecutor.java:445)
	at com.kms.katalon.core.main.TestCaseExecutor.doExecute(TestCaseExecutor.java:436)
	at com.kms.katalon.core.main.TestCaseExecutor.processExecutionPhase(TestCaseExecutor.java:415)
	at com.kms.katalon.core.main.TestCaseExecutor.accessMainPhase(TestCaseExecutor.java:407)
	at com.kms.katalon.core.main.TestCaseExecutor.execute(TestCaseExecutor.java:284)
	at com.kms.katalon.core.main.TestCaseMain.runTestCase(TestCaseMain.java:142)
	at com.kms.katalon.core.keyword.builtin.CallTestCaseKeyword$_callTestCase_closure1.doCall(CallTestCaseKeyword.groovy:59)
	... 36 more
Caused by: com.kms.katalon.core.webui.exception.WebElementNotFoundException: Web element with id: 'Object Repository/1-OBJECTS TAREAS PRINCIPALES/Modulo Tarea Compensacion/Dias con Permisos Pasivos Permitidos/a_Guardar_solicitudes' located by '//*/text()[normalize-space(.)='Guardar Legalizar']/parent::*' not found
	at com.kms.katalon.core.webui.common.WebUiCommonHelper.findWebElement(WebUiCommonHelper.java:1370)
	at com.kms.katalon.core.webui.keyword.internal.WebUIAbstractKeyword.findWebElement(WebUIAbstractKeyword.groovy:27)
	at com.kms.katalon.core.webui.keyword.builtin.ClickKeyword$_click_closure1.doCall(ClickKeyword.groovy:65)
	at com.kms.katalon.core.webui.keyword.builtin.ClickKeyword$_click_closure1.call(ClickKeyword.groovy)
	at com.kms.katalon.core.webui.keyword.internal.WebUIKeywordMain.runKeyword(WebUIKeywordMain.groovy:20)
	... 51 more
"/>
         <system-out><![CDATA[2022-06-10 08:35:50 - [TEST_CASE][FAILED] - Test Cases/1.1-Tareas Principales/1.1.8-Mantenimiento de Vacaciones Reliquidar: Test Cases/1.1-Tareas Principales/1.1.8-Mantenimiento de Vacaciones Reliquidar FAILED.
Reason:
com.kms.katalon.core.exception.StepFailedException: Call Test Case 'Test Cases/1.1-Tareas Principales/1.1.7-Generar Vacaciones' failed
	at com.kms.katalon.core.keyword.builtin.CallTestCaseKeyword$_callTestCase_closure1.doCall(CallTestCaseKeyword.groovy:63)
	at com.kms.katalon.core.keyword.builtin.CallTestCaseKeyword$_callTestCase_closure1.call(CallTestCaseKeyword.groovy)
	at com.kms.katalon.core.keyword.internal.KeywordMain.runKeyword(KeywordMain.groovy:74)
	at com.kms.katalon.core.keyword.builtin.CallTestCaseKeyword.callTestCase(CallTestCaseKeyword.groovy:81)
	at com.kms.katalon.core.keyword.builtin.CallTestCaseKeyword.execute(CallTestCaseKeyword.groovy:44)
	at com.kms.katalon.core.keyword.internal.KeywordExecutor.executeKeywordForPlatform(KeywordExecutor.groovy:74)
	at com.kms.katalon.core.keyword.BuiltinKeywords.callTestCase(BuiltinKeywords.groovy:334)
	at 1.1.8-Mantenimiento de Vacaciones Reliquidar.run(1.1.8-Mantenimiento de Vacaciones Reliquidar:41)
	at com.kms.katalon.core.main.ScriptEngine.run(ScriptEngine.java:194)
	at com.kms.katalon.core.main.ScriptEngine.runScriptAsRawText(ScriptEngine.java:119)
	at com.kms.katalon.core.main.TestCaseExecutor.runScript(TestCaseExecutor.java:445)
	at com.kms.katalon.core.main.TestCaseExecutor.doExecute(TestCaseExecutor.java:436)
	at com.kms.katalon.core.main.TestCaseExecutor.processExecutionPhase(TestCaseExecutor.java:415)
	at com.kms.katalon.core.main.TestCaseExecutor.accessMainPhase(TestCaseExecutor.java:407)
	at com.kms.katalon.core.main.TestCaseExecutor.execute(TestCaseExecutor.java:284)
	at com.kms.katalon.core.common.CommonExecutor.accessTestCaseMainPhase(CommonExecutor.java:65)
	at com.kms.katalon.core.main.TestSuiteExecutor.accessTestSuiteMainPhase(TestSuiteExecutor.java:144)
	at com.kms.katalon.core.main.TestSuiteExecutor.execute(TestSuiteExecutor.java:106)
	at com.kms.katalon.core.main.TestCaseMain.startTestSuite(TestCaseMain.java:185)
	at com.kms.katalon.core.main.TestCaseMain$startTestSuite$0.call(Unknown Source)
	at TempTestSuite1654867643956.run(TempTestSuite1654867643956.groovy:36)
Caused by: com.kms.katalon.core.exception.StepFailedException: Call Test Case 'Test Cases/1.1-Tareas Principales/1.1.6-crear vacaciones' failed
	at com.kms.katalon.core.keyword.builtin.CallTestCaseKeyword$_callTestCase_closure1.doCall(CallTestCaseKeyword.groovy:63)
	at com.kms.katalon.core.keyword.builtin.CallTestCaseKeyword$_callTestCase_closure1.call(CallTestCaseKeyword.groovy)
	at com.kms.katalon.core.keyword.internal.KeywordMain.runKeyword(KeywordMain.groovy:74)
	at com.kms.katalon.core.keyword.builtin.CallTestCaseKeyword.callTestCase(CallTestCaseKeyword.groovy:81)
	at com.kms.katalon.core.keyword.builtin.CallTestCaseKeyword.execute(CallTestCaseKeyword.groovy:44)
	at com.kms.katalon.core.keyword.internal.KeywordExecutor.executeKeywordForPlatform(KeywordExecutor.groovy:74)
	at com.kms.katalon.core.keyword.BuiltinKeywords.callTestCase(BuiltinKeywords.groovy:334)
	at 1.1.7-Generar Vacaciones.run(1.1.7-Generar Vacaciones:19)
	at com.kms.katalon.core.main.ScriptEngine.run(ScriptEngine.java:194)
	at com.kms.katalon.core.main.ScriptEngine.runScriptAsRawText(ScriptEngine.java:119)
	at com.kms.katalon.core.main.TestCaseExecutor.runScript(TestCaseExecutor.java:445)
	at com.kms.katalon.core.main.TestCaseExecutor.doExecute(TestCaseExecutor.java:436)
	at com.kms.katalon.core.main.TestCaseExecutor.processExecutionPhase(TestCaseExecutor.java:415)
	at com.kms.katalon.core.main.TestCaseExecutor.accessMainPhase(TestCaseExecutor.java:407)
	at com.kms.katalon.core.main.TestCaseExecutor.execute(TestCaseExecutor.java:284)
	at com.kms.katalon.core.main.TestCaseMain.runTestCase(TestCaseMain.java:142)
	at com.kms.katalon.core.keyword.builtin.CallTestCaseKeyword$_callTestCase_closure1.doCall(CallTestCaseKeyword.groovy:59)
	... 20 more
Caused by: com.kms.katalon.core.exception.StepFailedException: Unable to click on object 'Object Repository/1-OBJECTS TAREAS PRINCIPALES/Modulo Tarea Compensacion/Dias con Permisos Pasivos Permitidos/a_Guardar_solicitudes'
	at com.kms.katalon.core.webui.keyword.internal.WebUIKeywordMain.stepFailed(WebUIKeywordMain.groovy:64)
	at com.kms.katalon.core.webui.keyword.internal.WebUIKeywordMain.runKeyword(WebUIKeywordMain.groovy:26)
	at com.kms.katalon.core.webui.keyword.builtin.ClickKeyword.click(ClickKeyword.groovy:74)
	at com.kms.katalon.core.webui.keyword.builtin.ClickKeyword.execute(ClickKeyword.groovy:40)
	at com.kms.katalon.core.keyword.internal.KeywordExecutor.executeKeywordForPlatform(KeywordExecutor.groovy:74)
	at com.kms.katalon.core.webui.keyword.WebUiBuiltInKeywords.click(WebUiBuiltInKeywords.groovy:620)
	at com.kms.katalon.core.webui.keyword.WebUiBuiltInKeywords$click$5.call(Unknown Source)
	at 1.1.6-crear vacaciones.run(1.1.6-crear vacaciones:177)
	at com.kms.katalon.core.main.ScriptEngine.run(ScriptEngine.java:194)
	at com.kms.katalon.core.main.ScriptEngine.runScriptAsRawText(ScriptEngine.java:119)
	at com.kms.katalon.core.main.TestCaseExecutor.runScript(TestCaseExecutor.java:445)
	at com.kms.katalon.core.main.TestCaseExecutor.doExecute(TestCaseExecutor.java:436)
	at com.kms.katalon.core.main.TestCaseExecutor.processExecutionPhase(TestCaseExecutor.java:415)
	at com.kms.katalon.core.main.TestCaseExecutor.accessMainPhase(TestCaseExecutor.java:407)
	at com.kms.katalon.core.main.TestCaseExecutor.execute(TestCaseExecutor.java:284)
	at com.kms.katalon.core.main.TestCaseMain.runTestCase(TestCaseMain.java:142)
	at com.kms.katalon.core.keyword.builtin.CallTestCaseKeyword$_callTestCase_closure1.doCall(CallTestCaseKeyword.groovy:59)
	... 36 more
Caused by: com.kms.katalon.core.webui.exception.WebElementNotFoundException: Web element with id: 'Object Repository/1-OBJECTS TAREAS PRINCIPALES/Modulo Tarea Compensacion/Dias con Permisos Pasivos Permitidos/a_Guardar_solicitudes' located by '//*/text()[normalize-space(.)='Guardar Legalizar']/parent::*' not found
	at com.kms.katalon.core.webui.common.WebUiCommonHelper.findWebElement(WebUiCommonHelper.java:1370)
	at com.kms.katalon.core.webui.keyword.internal.WebUIAbstractKeyword.findWebElement(WebUIAbstractKeyword.groovy:27)
	at com.kms.katalon.core.webui.keyword.builtin.ClickKeyword$_click_closure1.doCall(ClickKeyword.groovy:65)
	at com.kms.katalon.core.webui.keyword.builtin.ClickKeyword$_click_closure1.call(ClickKeyword.groovy)
	at com.kms.katalon.core.webui.keyword.internal.WebUIKeywordMain.runKeyword(WebUIKeywordMain.groovy:20)
	... 51 more


2022-06-10 08:35:50 - [TEST_STEP][PASSED] - callTestCase(findTestCase("0.1-Login"), [:], STOP_ON_FAILURE): Call Test Case 'Test Cases/0.1-Login' successfully

2022-06-10 08:35:50 - [TEST_CASE][PASSED] - Test Cases/0.1-Login: Test Cases/0.1-Login

2022-06-10 08:35:50 - [TEST_STEP][PASSED] - openBrowser(""): Browser is opened with url: ''

2022-06-10 08:35:50 - [MESSAGE][WARNING] - A browser is already opened. Closing browser and opening a new one

2022-06-10 08:35:51 - [MESSAGE][INFO] - Starting 'Chrome' driver

2022-06-10 08:35:51 - [MESSAGE][INFO] - Action delay is set to 0 milliseconds

2022-06-10 08:35:52 - [MESSAGE][PASSED] - Browser is opened with url: ''

2022-06-10 08:35:52 - [TEST_STEP][PASSED] - maximizeWindow(): Current window maximized

2022-06-10 08:35:52 - [MESSAGE][PASSED] - Current window maximized

2022-06-10 08:35:52 - [TEST_STEP][PASSED] - i = G_Login: null

2022-06-10 08:35:52 - [TEST_STEP][PASSED] - url = new java.net.URL(i): null

2022-06-10 08:35:52 - [TEST_STEP][PASSED] - println("URL: " + url.toString()): null

2022-06-10 08:35:52 - [TEST_STEP][PASSED] - connection = url.openConnection(): null

2022-06-10 08:35:52 - [TEST_STEP][PASSED] - connection.setRequestMethod("GET"): null

2022-06-10 08:35:52 - [TEST_STEP][PASSED] - connection.setReadTimeout(2 * 1000): null

2022-06-10 08:35:52 - [TEST_STEP][PASSED] - try: null

2022-06-10 08:35:52 - [TEST_STEP][PASSED] - connection.connect(): null

2022-06-10 08:35:52 - [TEST_STEP][PASSED] - flag = connected: null

2022-06-10 08:35:52 - [TEST_STEP][PASSED] - println("Valor_ori: " + flag): null

2022-06-10 08:35:52 - [TEST_STEP][PASSED] - if (flag): null

2022-06-10 08:35:52 - [TEST_STEP][PASSED] - navigateToUrl(i): Navigate to 'http://192.168.2.19:8380/saraweb' successfully

2022-06-10 08:35:53 - [MESSAGE][PASSED] - Navigate to 'http://192.168.2.19:8380/saraweb' successfully

2022-06-10 08:35:53 - [TEST_STEP][PASSED] - a(): null

2022-06-10 08:35:53 - [TEST_STEP][PASSED] - setText(findTestObject("3-OBJECTS UTILIDADES/Login/input_USUARIO_loginusuario"), G_Usuario): Text 'saraadmin' is set on object 'Object Repository/3-OBJECTS UTILIDADES/Login/input_USUARIO_loginusuario'

2022-06-10 08:35:54 - [MESSAGE][PASSED] - Text 'saraadmin' is set on object 'Object Repository/3-OBJECTS UTILIDADES/Login/input_USUARIO_loginusuario'

2022-06-10 08:35:54 - [TEST_STEP][PASSED] - setEncryptedText(findTestObject("3-OBJECTS UTILIDADES/Login/input_CLAVE_loginpassword"), "MkG4/TYiCFC3cb2driP7+Q=="): Text ****** has been set on object 'Object Repository/3-OBJECTS UTILIDADES/Login/input_CLAVE_loginpassword'

2022-06-10 08:35:54 - [MESSAGE][PASSED] - Text ****** has been set on object 'Object Repository/3-OBJECTS UTILIDADES/Login/input_CLAVE_loginpassword'

2022-06-10 08:35:54 - [TEST_STEP][PASSED] - waitForElementClickable(findTestObject("3-OBJECTS UTILIDADES/Login/a_Ingresar"), G_TimeOut): Object 'Object Repository/3-OBJECTS UTILIDADES/Login/a_Ingresar' is clickable

2022-06-10 08:35:54 - [MESSAGE][PASSED] - Object 'Object Repository/3-OBJECTS UTILIDADES/Login/a_Ingresar' is clickable

2022-06-10 08:35:54 - [TEST_STEP][PASSED] - click(findTestObject("3-OBJECTS UTILIDADES/Login/a_Ingresar")): Object: 'Object Repository/3-OBJECTS UTILIDADES/Login/a_Ingresar' is clicked on

2022-06-10 08:35:56 - [MESSAGE][PASSED] - Object: 'Object Repository/3-OBJECTS UTILIDADES/Login/a_Ingresar' is clicked on

2022-06-10 08:35:56 - [TEST_STEP][PASSED] - element = findWebElement(findTestObject("3-OBJECTS UTILIDADES/Login/a_Ir"), 30): null

2022-06-10 08:35:56 - [TEST_STEP][PASSED] - executeJavaScript("arguments[0].click()", Arrays.asList(element)): Execute JavaScript 'arguments[0].click()' successfully

2022-06-10 08:35:56 - [MESSAGE][PASSED] - Execute JavaScript 'arguments[0].click()' successfully

2022-06-10 08:35:56 - [MESSAGE][PASSED] - Call Test Case 'Test Cases/0.1-Login' successfully

2022-06-10 08:35:56 - [TEST_STEP][PASSED] - waitForElementClickable(findTestObject("1-OBJECTS TAREAS PRINCIPALES/Modulo Tarea Compensacion/Periodo en Proceso - Archivo Plano/Mantenimiento de Vacaciones Reliquidar/input_Mantenimiento de Vacaciones_form_templatej_idt24_input"), 0): Object 'Object Repository/1-OBJECTS TAREAS PRINCIPALES/Modulo Tarea Compensacion/Periodo en Proceso - Archivo Plano/Mantenimiento de Vacaciones Reliquidar/input_Mantenimiento de Vacaciones_form_templatej_idt24_input' is clickable

2022-06-10 08:35:56 - [MESSAGE][WARNING] - Timeout '0' is invalid. Using default page load timeout: '37'

2022-06-10 08:35:57 - [MESSAGE][PASSED] - Object 'Object Repository/1-OBJECTS TAREAS PRINCIPALES/Modulo Tarea Compensacion/Periodo en Proceso - Archivo Plano/Mantenimiento de Vacaciones Reliquidar/input_Mantenimiento de Vacaciones_form_templatej_idt24_input' is clickable

2022-06-10 08:35:57 - [TEST_STEP][PASSED] - setText(findTestObject("1-OBJECTS TAREAS PRINCIPALES/Modulo Tarea Compensacion/Periodo en Proceso - Archivo Plano/Mantenimiento de Vacaciones Reliquidar/input_Mantenimiento de Vacaciones_form_templatej_idt24_input"), "Mantenimiento de Vacaciones"): Text 'Mantenimiento de Vacaciones' is set on object 'Object Repository/1-OBJECTS TAREAS PRINCIPALES/Modulo Tarea Compensacion/Periodo en Proceso - Archivo Plano/Mantenimiento de Vacaciones Reliquidar/input_Mantenimiento de Vacaciones_form_templatej_idt24_input'

2022-06-10 08:35:58 - [MESSAGE][PASSED] - Text 'Mantenimiento de Vacaciones' is set on object 'Object Repository/1-OBJECTS TAREAS PRINCIPALES/Modulo Tarea Compensacion/Periodo en Proceso - Archivo Plano/Mantenimiento de Vacaciones Reliquidar/input_Mantenimiento de Vacaciones_form_templatej_idt24_input'

2022-06-10 08:35:58 - [TEST_STEP][PASSED] - waitForElementVisible(findTestObject("1-OBJECTS TAREAS PRINCIPALES/Modulo Tarea Compensacion/Periodo en Proceso - Archivo Plano/Mantenimiento de Vacaciones Reliquidar/span_mantenimiento de vacaciones reliquidar"), 0): Object 'Object Repository/1-OBJECTS TAREAS PRINCIPALES/Modulo Tarea Compensacion/Periodo en Proceso - Archivo Plano/Mantenimiento de Vacaciones Reliquidar/span_mantenimiento de vacaciones reliquidar' is visible

2022-06-10 08:35:58 - [MESSAGE][WARNING] - Timeout '0' is invalid. Using default page load timeout: '37'

2022-06-10 08:35:59 - [MESSAGE][PASSED] - Object 'Object Repository/1-OBJECTS TAREAS PRINCIPALES/Modulo Tarea Compensacion/Periodo en Proceso - Archivo Plano/Mantenimiento de Vacaciones Reliquidar/span_mantenimiento de vacaciones reliquidar' is visible

2022-06-10 08:35:59 - [TEST_STEP][PASSED] - click(findTestObject("1-OBJECTS TAREAS PRINCIPALES/Modulo Tarea Compensacion/Periodo en Proceso - Archivo Plano/Mantenimiento de Vacaciones Reliquidar/span_mantenimiento de vacaciones reliquidar"), STOP_ON_FAILURE): Object: 'Object Repository/1-OBJECTS TAREAS PRINCIPALES/Modulo Tarea Compensacion/Periodo en Proceso - Archivo Plano/Mantenimiento de Vacaciones Reliquidar/span_mantenimiento de vacaciones reliquidar' is clicked on

2022-06-10 08:36:00 - [MESSAGE][PASSED] - Object: 'Object Repository/1-OBJECTS TAREAS PRINCIPALES/Modulo Tarea Compensacion/Periodo en Proceso - Archivo Plano/Mantenimiento de Vacaciones Reliquidar/span_mantenimiento de vacaciones reliquidar' is clicked on

2022-06-10 08:36:00 - [TEST_STEP][PASSED] - setText(findTestObject("1-OBJECTS TAREAS PRINCIPALES/Modulo Tarea Compensacion/Periodo en Proceso - Archivo Plano/Mantenimiento de Vacaciones Reliquidar/input_Identificacin_form_mantenimientoVacacionj_idt66"), "1234567890"): Text '1234567890' is set on object 'Object Repository/1-OBJECTS TAREAS PRINCIPALES/Modulo Tarea Compensacion/Periodo en Proceso - Archivo Plano/Mantenimiento de Vacaciones Reliquidar/input_Identificacin_form_mantenimientoVacacionj_idt66'

2022-06-10 08:36:01 - [MESSAGE][PASSED] - Text '1234567890' is set on object 'Object Repository/1-OBJECTS TAREAS PRINCIPALES/Modulo Tarea Compensacion/Periodo en Proceso - Archivo Plano/Mantenimiento de Vacaciones Reliquidar/input_Identificacin_form_mantenimientoVacacionj_idt66'

2022-06-10 08:36:01 - [TEST_STEP][PASSED] - sendKeys(findTestObject("Modulo Tarea Administracion Compensacion/Mantenimiento de Vacaciones Reliquidar/input_Identificacin_form_mante"), Keys.chord(ENTER)): Keys 'ENTER + ' sent to object: 'tempBody'

2022-06-10 08:36:01 - [MESSAGE][WARNING] - Test object with id 'Object Repository/Modulo Tarea Administracion Compensacion/Mantenimiento de Vacaciones Reliquidar/input_Identificacin_form_mante' does not exist

2022-06-10 08:36:01 - [MESSAGE][WARNING] - Test object with id 'Object Repository/' does not exist

2022-06-10 08:36:02 - [MESSAGE][PASSED] - Keys 'ENTER + ' sent to object: 'tempBody'

2022-06-10 08:36:02 - [TEST_STEP][PASSED] - if (waitForElementVisible(findTestObject("1-OBJECTS TAREAS PRINCIPALES/Modulo Tarea Compensacion/Periodo en Proceso - Archivo Plano/Mantenimiento de Vacaciones Reliquidar/td_No se encontr registros"), 1)): null

2022-06-10 08:36:02 - [MESSAGE][PASSED] - Object 'Object Repository/1-OBJECTS TAREAS PRINCIPALES/Modulo Tarea Compensacion/Periodo en Proceso - Archivo Plano/Mantenimiento de Vacaciones Reliquidar/td_No se encontr registros' is visible

2022-06-10 08:36:02 - [TEST_STEP][FAILED] - callTestCase(findTestCase("1.1-Tareas Principales/1.1.7-Generar Vacaciones"), [:], STOP_ON_FAILURE): Unable to call Test Case 'Test Cases/1.1-Tareas Principales/1.1.7-Generar Vacaciones' (Root cause: com.kms.katalon.core.exception.StepFailedException: Call Test Case 'Test Cases/1.1-Tareas Principales/1.1.7-Generar Vacaciones' failed
	at com.kms.katalon.core.keyword.builtin.CallTestCaseKeyword$_callTestCase_closure1.doCall(CallTestCaseKeyword.groovy:63)
	at com.kms.katalon.core.keyword.builtin.CallTestCaseKeyword$_callTestCase_closure1.call(CallTestCaseKeyword.groovy)
	at com.kms.katalon.core.keyword.internal.KeywordMain.runKeyword(KeywordMain.groovy:74)
	at com.kms.katalon.core.keyword.builtin.CallTestCaseKeyword.callTestCase(CallTestCaseKeyword.groovy:81)
	at com.kms.katalon.core.keyword.builtin.CallTestCaseKeyword.execute(CallTestCaseKeyword.groovy:44)
	at com.kms.katalon.core.keyword.internal.KeywordExecutor.executeKeywordForPlatform(KeywordExecutor.groovy:74)
	at com.kms.katalon.core.keyword.BuiltinKeywords.callTestCase(BuiltinKeywords.groovy:334)
	at 1.1.8-Mantenimiento de Vacaciones Reliquidar.run(1.1.8-Mantenimiento de Vacaciones Reliquidar:41)
	at com.kms.katalon.core.main.ScriptEngine.run(ScriptEngine.java:194)
	at com.kms.katalon.core.main.ScriptEngine.runScriptAsRawText(ScriptEngine.java:119)
	at com.kms.katalon.core.main.TestCaseExecutor.runScript(TestCaseExecutor.java:445)
	at com.kms.katalon.core.main.TestCaseExecutor.doExecute(TestCaseExecutor.java:436)
	at com.kms.katalon.core.main.TestCaseExecutor.processExecutionPhase(TestCaseExecutor.java:415)
	at com.kms.katalon.core.main.TestCaseExecutor.accessMainPhase(TestCaseExecutor.java:407)
	at com.kms.katalon.core.main.TestCaseExecutor.execute(TestCaseExecutor.java:284)
	at com.kms.katalon.core.common.CommonExecutor.accessTestCaseMainPhase(CommonExecutor.java:65)
	at com.kms.katalon.core.main.TestSuiteExecutor.accessTestSuiteMainPhase(TestSuiteExecutor.java:144)
	at com.kms.katalon.core.main.TestSuiteExecutor.execute(TestSuiteExecutor.java:106)
	at com.kms.katalon.core.main.TestCaseMain.startTestSuite(TestCaseMain.java:185)
	at com.kms.katalon.core.main.TestCaseMain$startTestSuite$0.call(Unknown Source)
	at TempTestSuite1654867643956.run(TempTestSuite1654867643956.groovy:36)
Caused by: com.kms.katalon.core.exception.StepFailedException: Call Test Case 'Test Cases/1.1-Tareas Principales/1.1.6-crear vacaciones' failed
	at com.kms.katalon.core.keyword.builtin.CallTestCaseKeyword$_callTestCase_closure1.doCall(CallTestCaseKeyword.groovy:63)
	at com.kms.katalon.core.keyword.builtin.CallTestCaseKeyword$_callTestCase_closure1.call(CallTestCaseKeyword.groovy)
	at com.kms.katalon.core.keyword.internal.KeywordMain.runKeyword(KeywordMain.groovy:74)
	at com.kms.katalon.core.keyword.builtin.CallTestCaseKeyword.callTestCase(CallTestCaseKeyword.groovy:81)
	at com.kms.katalon.core.keyword.builtin.CallTestCaseKeyword.execute(CallTestCaseKeyword.groovy:44)
	at com.kms.katalon.core.keyword.internal.KeywordExecutor.executeKeywordForPlatform(KeywordExecutor.groovy:74)
	at com.kms.katalon.core.keyword.BuiltinKeywords.callTestCase(BuiltinKeywords.groovy:334)
	at 1.1.7-Generar Vacaciones.run(1.1.7-Generar Vacaciones:19)
	at com.kms.katalon.core.main.ScriptEngine.run(ScriptEngine.java:194)
	at com.kms.katalon.core.main.ScriptEngine.runScriptAsRawText(ScriptEngine.java:119)
	at com.kms.katalon.core.main.TestCaseExecutor.runScript(TestCaseExecutor.java:445)
	at com.kms.katalon.core.main.TestCaseExecutor.doExecute(TestCaseExecutor.java:436)
	at com.kms.katalon.core.main.TestCaseExecutor.processExecutionPhase(TestCaseExecutor.java:415)
	at com.kms.katalon.core.main.TestCaseExecutor.accessMainPhase(TestCaseExecutor.java:407)
	at com.kms.katalon.core.main.TestCaseExecutor.execute(TestCaseExecutor.java:284)
	at com.kms.katalon.core.main.TestCaseMain.runTestCase(TestCaseMain.java:142)
	at com.kms.katalon.core.keyword.builtin.CallTestCaseKeyword$_callTestCase_closure1.doCall(CallTestCaseKeyword.groovy:59)
	... 20 more
Caused by: com.kms.katalon.core.exception.StepFailedException: Unable to click on object 'Object Repository/1-OBJECTS TAREAS PRINCIPALES/Modulo Tarea Compensacion/Dias con Permisos Pasivos Permitidos/a_Guardar_solicitudes'
	at com.kms.katalon.core.webui.keyword.internal.WebUIKeywordMain.stepFailed(WebUIKeywordMain.groovy:64)
	at com.kms.katalon.core.webui.keyword.internal.WebUIKeywordMain.runKeyword(WebUIKeywordMain.groovy:26)
	at com.kms.katalon.core.webui.keyword.builtin.ClickKeyword.click(ClickKeyword.groovy:74)
	at com.kms.katalon.core.webui.keyword.builtin.ClickKeyword.execute(ClickKeyword.groovy:40)
	at com.kms.katalon.core.keyword.internal.KeywordExecutor.executeKeywordForPlatform(KeywordExecutor.groovy:74)
	at com.kms.katalon.core.webui.keyword.WebUiBuiltInKeywords.click(WebUiBuiltInKeywords.groovy:620)
	at com.kms.katalon.core.webui.keyword.WebUiBuiltInKeywords$click$5.call(Unknown Source)
	at 1.1.6-crear vacaciones.run(1.1.6-crear vacaciones:177)
	at com.kms.katalon.core.main.ScriptEngine.run(ScriptEngine.java:194)
	at com.kms.katalon.core.main.ScriptEngine.runScriptAsRawText(ScriptEngine.java:119)
	at com.kms.katalon.core.main.TestCaseExecutor.runScript(TestCaseExecutor.java:445)
	at com.kms.katalon.core.main.TestCaseExecutor.doExecute(TestCaseExecutor.java:436)
	at com.kms.katalon.core.main.TestCaseExecutor.processExecutionPhase(TestCaseExecutor.java:415)
	at com.kms.katalon.core.main.TestCaseExecutor.accessMainPhase(TestCaseExecutor.java:407)
	at com.kms.katalon.core.main.TestCaseExecutor.execute(TestCaseExecutor.java:284)
	at com.kms.katalon.core.main.TestCaseMain.runTestCase(TestCaseMain.java:142)
	at com.kms.katalon.core.keyword.builtin.CallTestCaseKeyword$_callTestCase_closure1.doCall(CallTestCaseKeyword.groovy:59)
	... 36 more
Caused by: com.kms.katalon.core.webui.exception.WebElementNotFoundException: Web element with id: 'Object Repository/1-OBJECTS TAREAS PRINCIPALES/Modulo Tarea Compensacion/Dias con Permisos Pasivos Permitidos/a_Guardar_solicitudes' located by '//*/text()[normalize-space(.)='Guardar Legalizar']/parent::*' not found
	at com.kms.katalon.core.webui.common.WebUiCommonHelper.findWebElement(WebUiCommonHelper.java:1370)
	at com.kms.katalon.core.webui.keyword.internal.WebUIAbstractKeyword.findWebElement(WebUIAbstractKeyword.groovy:27)
	at com.kms.katalon.core.webui.keyword.builtin.ClickKeyword$_click_closure1.doCall(ClickKeyword.groovy:65)
	at com.kms.katalon.core.webui.keyword.builtin.ClickKeyword$_click_closure1.call(ClickKeyword.groovy)
	at com.kms.katalon.core.webui.keyword.internal.WebUIKeywordMain.runKeyword(WebUIKeywordMain.groovy:20)
	... 51 more
)

2022-06-10 08:36:02 - [TEST_CASE][FAILED] - Test Cases/1.1-Tareas Principales/1.1.7-Generar Vacaciones: Test Cases/1.1-Tareas Principales/1.1.7-Generar Vacaciones FAILED.
Reason:
com.kms.katalon.core.exception.StepFailedException: Call Test Case 'Test Cases/1.1-Tareas Principales/1.1.6-crear vacaciones' failed
	at com.kms.katalon.core.keyword.builtin.CallTestCaseKeyword$_callTestCase_closure1.doCall(CallTestCaseKeyword.groovy:63)
	at com.kms.katalon.core.keyword.builtin.CallTestCaseKeyword$_callTestCase_closure1.call(CallTestCaseKeyword.groovy)
	at com.kms.katalon.core.keyword.internal.KeywordMain.runKeyword(KeywordMain.groovy:74)
	at com.kms.katalon.core.keyword.builtin.CallTestCaseKeyword.callTestCase(CallTestCaseKeyword.groovy:81)
	at com.kms.katalon.core.keyword.builtin.CallTestCaseKeyword.execute(CallTestCaseKeyword.groovy:44)
	at com.kms.katalon.core.keyword.internal.KeywordExecutor.executeKeywordForPlatform(KeywordExecutor.groovy:74)
	at com.kms.katalon.core.keyword.BuiltinKeywords.callTestCase(BuiltinKeywords.groovy:334)
	at 1.1.7-Generar Vacaciones.run(1.1.7-Generar Vacaciones:19)
	at com.kms.katalon.core.main.ScriptEngine.run(ScriptEngine.java:194)
	at com.kms.katalon.core.main.ScriptEngine.runScriptAsRawText(ScriptEngine.java:119)
	at com.kms.katalon.core.main.TestCaseExecutor.runScript(TestCaseExecutor.java:445)
	at com.kms.katalon.core.main.TestCaseExecutor.doExecute(TestCaseExecutor.java:436)
	at com.kms.katalon.core.main.TestCaseExecutor.processExecutionPhase(TestCaseExecutor.java:415)
	at com.kms.katalon.core.main.TestCaseExecutor.accessMainPhase(TestCaseExecutor.java:407)
	at com.kms.katalon.core.main.TestCaseExecutor.execute(TestCaseExecutor.java:284)
	at com.kms.katalon.core.main.TestCaseMain.runTestCase(TestCaseMain.java:142)
	at com.kms.katalon.core.keyword.builtin.CallTestCaseKeyword$_callTestCase_closure1.doCall(CallTestCaseKeyword.groovy:59)
	at com.kms.katalon.core.keyword.builtin.CallTestCaseKeyword$_callTestCase_closure1.call(CallTestCaseKeyword.groovy)
	at com.kms.katalon.core.keyword.internal.KeywordMain.runKeyword(KeywordMain.groovy:74)
	at com.kms.katalon.core.keyword.builtin.CallTestCaseKeyword.callTestCase(CallTestCaseKeyword.groovy:81)
	at com.kms.katalon.core.keyword.builtin.CallTestCaseKeyword.execute(CallTestCaseKeyword.groovy:44)
	at com.kms.katalon.core.keyword.internal.KeywordExecutor.executeKeywordForPlatform(KeywordExecutor.groovy:74)
	at com.kms.katalon.core.keyword.BuiltinKeywords.callTestCase(BuiltinKeywords.groovy:334)
	at 1.1.8-Mantenimiento de Vacaciones Reliquidar.run(1.1.8-Mantenimiento de Vacaciones Reliquidar:41)
	at com.kms.katalon.core.main.ScriptEngine.run(ScriptEngine.java:194)
	at com.kms.katalon.core.main.ScriptEngine.runScriptAsRawText(ScriptEngine.java:119)
	at com.kms.katalon.core.main.TestCaseExecutor.runScript(TestCaseExecutor.java:445)
	at com.kms.katalon.core.main.TestCaseExecutor.doExecute(TestCaseExecutor.java:436)
	at com.kms.katalon.core.main.TestCaseExecutor.processExecutionPhase(TestCaseExecutor.java:415)
	at com.kms.katalon.core.main.TestCaseExecutor.accessMainPhase(TestCaseExecutor.java:407)
	at com.kms.katalon.core.main.TestCaseExecutor.execute(TestCaseExecutor.java:284)
	at com.kms.katalon.core.common.CommonExecutor.accessTestCaseMainPhase(CommonExecutor.java:65)
	at com.kms.katalon.core.main.TestSuiteExecutor.accessTestSuiteMainPhase(TestSuiteExecutor.java:144)
	at com.kms.katalon.core.main.TestSuiteExecutor.execute(TestSuiteExecutor.java:106)
	at com.kms.katalon.core.main.TestCaseMain.startTestSuite(TestCaseMain.java:185)
	at com.kms.katalon.core.main.TestCaseMain$startTestSuite$0.call(Unknown Source)
	at TempTestSuite1654867643956.run(TempTestSuite1654867643956.groovy:36)
Caused by: com.kms.katalon.core.exception.StepFailedException: Unable to click on object 'Object Repository/1-OBJECTS TAREAS PRINCIPALES/Modulo Tarea Compensacion/Dias con Permisos Pasivos Permitidos/a_Guardar_solicitudes'
	at com.kms.katalon.core.webui.keyword.internal.WebUIKeywordMain.stepFailed(WebUIKeywordMain.groovy:64)
	at com.kms.katalon.core.webui.keyword.internal.WebUIKeywordMain.runKeyword(WebUIKeywordMain.groovy:26)
	at com.kms.katalon.core.webui.keyword.builtin.ClickKeyword.click(ClickKeyword.groovy:74)
	at com.kms.katalon.core.webui.keyword.builtin.ClickKeyword.execute(ClickKeyword.groovy:40)
	at com.kms.katalon.core.keyword.internal.KeywordExecutor.executeKeywordForPlatform(KeywordExecutor.groovy:74)
	at com.kms.katalon.core.webui.keyword.WebUiBuiltInKeywords.click(WebUiBuiltInKeywords.groovy:620)
	at com.kms.katalon.core.webui.keyword.WebUiBuiltInKeywords$click$5.call(Unknown Source)
	at 1.1.6-crear vacaciones.run(1.1.6-crear vacaciones:177)
	at com.kms.katalon.core.main.ScriptEngine.run(ScriptEngine.java:194)
	at com.kms.katalon.core.main.ScriptEngine.runScriptAsRawText(ScriptEngine.java:119)
	at com.kms.katalon.core.main.TestCaseExecutor.runScript(TestCaseExecutor.java:445)
	at com.kms.katalon.core.main.TestCaseExecutor.doExecute(TestCaseExecutor.java:436)
	at com.kms.katalon.core.main.TestCaseExecutor.processExecutionPhase(TestCaseExecutor.java:415)
	at com.kms.katalon.core.main.TestCaseExecutor.accessMainPhase(TestCaseExecutor.java:407)
	at com.kms.katalon.core.main.TestCaseExecutor.execute(TestCaseExecutor.java:284)
	at com.kms.katalon.core.main.TestCaseMain.runTestCase(TestCaseMain.java:142)
	at com.kms.katalon.core.keyword.builtin.CallTestCaseKeyword$_callTestCase_closure1.doCall(CallTestCaseKeyword.groovy:59)
	... 36 more
Caused by: com.kms.katalon.core.webui.exception.WebElementNotFoundException: Web element with id: 'Object Repository/1-OBJECTS TAREAS PRINCIPALES/Modulo Tarea Compensacion/Dias con Permisos Pasivos Permitidos/a_Guardar_solicitudes' located by '//*/text()[normalize-space(.)='Guardar Legalizar']/parent::*' not found
	at com.kms.katalon.core.webui.common.WebUiCommonHelper.findWebElement(WebUiCommonHelper.java:1370)
	at com.kms.katalon.core.webui.keyword.internal.WebUIAbstractKeyword.findWebElement(WebUIAbstractKeyword.groovy:27)
	at com.kms.katalon.core.webui.keyword.builtin.ClickKeyword$_click_closure1.doCall(ClickKeyword.groovy:65)
	at com.kms.katalon.core.webui.keyword.builtin.ClickKeyword$_click_closure1.call(ClickKeyword.groovy)
	at com.kms.katalon.core.webui.keyword.internal.WebUIKeywordMain.runKeyword(WebUIKeywordMain.groovy:20)
	... 51 more


2022-06-10 08:36:02 - [TEST_STEP][FAILED] - callTestCase(findTestCase("1.1-Tareas Principales/1.1.6-crear vacaciones"), [:], STOP_ON_FAILURE): Unable to call Test Case 'Test Cases/1.1-Tareas Principales/1.1.6-crear vacaciones' (Root cause: com.kms.katalon.core.exception.StepFailedException: Call Test Case 'Test Cases/1.1-Tareas Principales/1.1.6-crear vacaciones' failed
	at com.kms.katalon.core.keyword.builtin.CallTestCaseKeyword$_callTestCase_closure1.doCall(CallTestCaseKeyword.groovy:63)
	at com.kms.katalon.core.keyword.builtin.CallTestCaseKeyword$_callTestCase_closure1.call(CallTestCaseKeyword.groovy)
	at com.kms.katalon.core.keyword.internal.KeywordMain.runKeyword(KeywordMain.groovy:74)
	at com.kms.katalon.core.keyword.builtin.CallTestCaseKeyword.callTestCase(CallTestCaseKeyword.groovy:81)
	at com.kms.katalon.core.keyword.builtin.CallTestCaseKeyword.execute(CallTestCaseKeyword.groovy:44)
	at com.kms.katalon.core.keyword.internal.KeywordExecutor.executeKeywordForPlatform(KeywordExecutor.groovy:74)
	at com.kms.katalon.core.keyword.BuiltinKeywords.callTestCase(BuiltinKeywords.groovy:334)
	at 1.1.7-Generar Vacaciones.run(1.1.7-Generar Vacaciones:19)
	at com.kms.katalon.core.main.ScriptEngine.run(ScriptEngine.java:194)
	at com.kms.katalon.core.main.ScriptEngine.runScriptAsRawText(ScriptEngine.java:119)
	at com.kms.katalon.core.main.TestCaseExecutor.runScript(TestCaseExecutor.java:445)
	at com.kms.katalon.core.main.TestCaseExecutor.doExecute(TestCaseExecutor.java:436)
	at com.kms.katalon.core.main.TestCaseExecutor.processExecutionPhase(TestCaseExecutor.java:415)
	at com.kms.katalon.core.main.TestCaseExecutor.accessMainPhase(TestCaseExecutor.java:407)
	at com.kms.katalon.core.main.TestCaseExecutor.execute(TestCaseExecutor.java:284)
	at com.kms.katalon.core.main.TestCaseMain.runTestCase(TestCaseMain.java:142)
	at com.kms.katalon.core.keyword.builtin.CallTestCaseKeyword$_callTestCase_closure1.doCall(CallTestCaseKeyword.groovy:59)
	at com.kms.katalon.core.keyword.builtin.CallTestCaseKeyword$_callTestCase_closure1.call(CallTestCaseKeyword.groovy)
	at com.kms.katalon.core.keyword.internal.KeywordMain.runKeyword(KeywordMain.groovy:74)
	at com.kms.katalon.core.keyword.builtin.CallTestCaseKeyword.callTestCase(CallTestCaseKeyword.groovy:81)
	at com.kms.katalon.core.keyword.builtin.CallTestCaseKeyword.execute(CallTestCaseKeyword.groovy:44)
	at com.kms.katalon.core.keyword.internal.KeywordExecutor.executeKeywordForPlatform(KeywordExecutor.groovy:74)
	at com.kms.katalon.core.keyword.BuiltinKeywords.callTestCase(BuiltinKeywords.groovy:334)
	at 1.1.8-Mantenimiento de Vacaciones Reliquidar.run(1.1.8-Mantenimiento de Vacaciones Reliquidar:41)
	at com.kms.katalon.core.main.ScriptEngine.run(ScriptEngine.java:194)
	at com.kms.katalon.core.main.ScriptEngine.runScriptAsRawText(ScriptEngine.java:119)
	at com.kms.katalon.core.main.TestCaseExecutor.runScript(TestCaseExecutor.java:445)
	at com.kms.katalon.core.main.TestCaseExecutor.doExecute(TestCaseExecutor.java:436)
	at com.kms.katalon.core.main.TestCaseExecutor.processExecutionPhase(TestCaseExecutor.java:415)
	at com.kms.katalon.core.main.TestCaseExecutor.accessMainPhase(TestCaseExecutor.java:407)
	at com.kms.katalon.core.main.TestCaseExecutor.execute(TestCaseExecutor.java:284)
	at com.kms.katalon.core.common.CommonExecutor.accessTestCaseMainPhase(CommonExecutor.java:65)
	at com.kms.katalon.core.main.TestSuiteExecutor.accessTestSuiteMainPhase(TestSuiteExecutor.java:144)
	at com.kms.katalon.core.main.TestSuiteExecutor.execute(TestSuiteExecutor.java:106)
	at com.kms.katalon.core.main.TestCaseMain.startTestSuite(TestCaseMain.java:185)
	at com.kms.katalon.core.main.TestCaseMain$startTestSuite$0.call(Unknown Source)
	at TempTestSuite1654867643956.run(TempTestSuite1654867643956.groovy:36)
Caused by: com.kms.katalon.core.exception.StepFailedException: Unable to click on object 'Object Repository/1-OBJECTS TAREAS PRINCIPALES/Modulo Tarea Compensacion/Dias con Permisos Pasivos Permitidos/a_Guardar_solicitudes'
	at com.kms.katalon.core.webui.keyword.internal.WebUIKeywordMain.stepFailed(WebUIKeywordMain.groovy:64)
	at com.kms.katalon.core.webui.keyword.internal.WebUIKeywordMain.runKeyword(WebUIKeywordMain.groovy:26)
	at com.kms.katalon.core.webui.keyword.builtin.ClickKeyword.click(ClickKeyword.groovy:74)
	at com.kms.katalon.core.webui.keyword.builtin.ClickKeyword.execute(ClickKeyword.groovy:40)
	at com.kms.katalon.core.keyword.internal.KeywordExecutor.executeKeywordForPlatform(KeywordExecutor.groovy:74)
	at com.kms.katalon.core.webui.keyword.WebUiBuiltInKeywords.click(WebUiBuiltInKeywords.groovy:620)
	at com.kms.katalon.core.webui.keyword.WebUiBuiltInKeywords$click$5.call(Unknown Source)
	at 1.1.6-crear vacaciones.run(1.1.6-crear vacaciones:177)
	at com.kms.katalon.core.main.ScriptEngine.run(ScriptEngine.java:194)
	at com.kms.katalon.core.main.ScriptEngine.runScriptAsRawText(ScriptEngine.java:119)
	at com.kms.katalon.core.main.TestCaseExecutor.runScript(TestCaseExecutor.java:445)
	at com.kms.katalon.core.main.TestCaseExecutor.doExecute(TestCaseExecutor.java:436)
	at com.kms.katalon.core.main.TestCaseExecutor.processExecutionPhase(TestCaseExecutor.java:415)
	at com.kms.katalon.core.main.TestCaseExecutor.accessMainPhase(TestCaseExecutor.java:407)
	at com.kms.katalon.core.main.TestCaseExecutor.execute(TestCaseExecutor.java:284)
	at com.kms.katalon.core.main.TestCaseMain.runTestCase(TestCaseMain.java:142)
	at com.kms.katalon.core.keyword.builtin.CallTestCaseKeyword$_callTestCase_closure1.doCall(CallTestCaseKeyword.groovy:59)
	... 36 more
Caused by: com.kms.katalon.core.webui.exception.WebElementNotFoundException: Web element with id: 'Object Repository/1-OBJECTS TAREAS PRINCIPALES/Modulo Tarea Compensacion/Dias con Permisos Pasivos Permitidos/a_Guardar_solicitudes' located by '//*/text()[normalize-space(.)='Guardar Legalizar']/parent::*' not found
	at com.kms.katalon.core.webui.common.WebUiCommonHelper.findWebElement(WebUiCommonHelper.java:1370)
	at com.kms.katalon.core.webui.keyword.internal.WebUIAbstractKeyword.findWebElement(WebUIAbstractKeyword.groovy:27)
	at com.kms.katalon.core.webui.keyword.builtin.ClickKeyword$_click_closure1.doCall(ClickKeyword.groovy:65)
	at com.kms.katalon.core.webui.keyword.builtin.ClickKeyword$_click_closure1.call(ClickKeyword.groovy)
	at com.kms.katalon.core.webui.keyword.internal.WebUIKeywordMain.runKeyword(WebUIKeywordMain.groovy:20)
	... 51 more
)

2022-06-10 08:36:02 - [TEST_CASE][FAILED] - Test Cases/1.1-Tareas Principales/1.1.6-crear vacaciones: Test Cases/1.1-Tareas Principales/1.1.6-crear vacaciones FAILED.
Reason:
com.kms.katalon.core.exception.StepFailedException: Unable to click on object 'Object Repository/1-OBJECTS TAREAS PRINCIPALES/Modulo Tarea Compensacion/Dias con Permisos Pasivos Permitidos/a_Guardar_solicitudes'
	at com.kms.katalon.core.webui.keyword.internal.WebUIKeywordMain.stepFailed(WebUIKeywordMain.groovy:64)
	at com.kms.katalon.core.webui.keyword.internal.WebUIKeywordMain.runKeyword(WebUIKeywordMain.groovy:26)
	at com.kms.katalon.core.webui.keyword.builtin.ClickKeyword.click(ClickKeyword.groovy:74)
	at com.kms.katalon.core.webui.keyword.builtin.ClickKeyword.execute(ClickKeyword.groovy:40)
	at com.kms.katalon.core.keyword.internal.KeywordExecutor.executeKeywordForPlatform(KeywordExecutor.groovy:74)
	at com.kms.katalon.core.webui.keyword.WebUiBuiltInKeywords.click(WebUiBuiltInKeywords.groovy:620)
	at com.kms.katalon.core.webui.keyword.WebUiBuiltInKeywords$click$5.call(Unknown Source)
	at 1.1.6-crear vacaciones.run(1.1.6-crear vacaciones:177)
	at com.kms.katalon.core.main.ScriptEngine.run(ScriptEngine.java:194)
	at com.kms.katalon.core.main.ScriptEngine.runScriptAsRawText(ScriptEngine.java:119)
	at com.kms.katalon.core.main.TestCaseExecutor.runScript(TestCaseExecutor.java:445)
	at com.kms.katalon.core.main.TestCaseExecutor.doExecute(TestCaseExecutor.java:436)
	at com.kms.katalon.core.main.TestCaseExecutor.processExecutionPhase(TestCaseExecutor.java:415)
	at com.kms.katalon.core.main.TestCaseExecutor.accessMainPhase(TestCaseExecutor.java:407)
	at com.kms.katalon.core.main.TestCaseExecutor.execute(TestCaseExecutor.java:284)
	at com.kms.katalon.core.main.TestCaseMain.runTestCase(TestCaseMain.java:142)
	at com.kms.katalon.core.keyword.builtin.CallTestCaseKeyword$_callTestCase_closure1.doCall(CallTestCaseKeyword.groovy:59)
	at com.kms.katalon.core.keyword.builtin.CallTestCaseKeyword$_callTestCase_closure1.call(CallTestCaseKeyword.groovy)
	at com.kms.katalon.core.keyword.internal.KeywordMain.runKeyword(KeywordMain.groovy:74)
	at com.kms.katalon.core.keyword.builtin.CallTestCaseKeyword.callTestCase(CallTestCaseKeyword.groovy:81)
	at com.kms.katalon.core.keyword.builtin.CallTestCaseKeyword.execute(CallTestCaseKeyword.groovy:44)
	at com.kms.katalon.core.keyword.internal.KeywordExecutor.executeKeywordForPlatform(KeywordExecutor.groovy:74)
	at com.kms.katalon.core.keyword.BuiltinKeywords.callTestCase(BuiltinKeywords.groovy:334)
	at 1.1.7-Generar Vacaciones.run(1.1.7-Generar Vacaciones:19)
	at com.kms.katalon.core.main.ScriptEngine.run(ScriptEngine.java:194)
	at com.kms.katalon.core.main.ScriptEngine.runScriptAsRawText(ScriptEngine.java:119)
	at com.kms.katalon.core.main.TestCaseExecutor.runScript(TestCaseExecutor.java:445)
	at com.kms.katalon.core.main.TestCaseExecutor.doExecute(TestCaseExecutor.java:436)
	at com.kms.katalon.core.main.TestCaseExecutor.processExecutionPhase(TestCaseExecutor.java:415)
	at com.kms.katalon.core.main.TestCaseExecutor.accessMainPhase(TestCaseExecutor.java:407)
	at com.kms.katalon.core.main.TestCaseExecutor.execute(TestCaseExecutor.java:284)
	at com.kms.katalon.core.main.TestCaseMain.runTestCase(TestCaseMain.java:142)
	at com.kms.katalon.core.keyword.builtin.CallTestCaseKeyword$_callTestCase_closure1.doCall(CallTestCaseKeyword.groovy:59)
	at com.kms.katalon.core.keyword.builtin.CallTestCaseKeyword$_callTestCase_closure1.call(CallTestCaseKeyword.groovy)
	at com.kms.katalon.core.keyword.internal.KeywordMain.runKeyword(KeywordMain.groovy:74)
	at com.kms.katalon.core.keyword.builtin.CallTestCaseKeyword.callTestCase(CallTestCaseKeyword.groovy:81)
	at com.kms.katalon.core.keyword.builtin.CallTestCaseKeyword.execute(CallTestCaseKeyword.groovy:44)
	at com.kms.katalon.core.keyword.internal.KeywordExecutor.executeKeywordForPlatform(KeywordExecutor.groovy:74)
	at com.kms.katalon.core.keyword.BuiltinKeywords.callTestCase(BuiltinKeywords.groovy:334)
	at 1.1.8-Mantenimiento de Vacaciones Reliquidar.run(1.1.8-Mantenimiento de Vacaciones Reliquidar:41)
	at com.kms.katalon.core.main.ScriptEngine.run(ScriptEngine.java:194)
	at com.kms.katalon.core.main.ScriptEngine.runScriptAsRawText(ScriptEngine.java:119)
	at com.kms.katalon.core.main.TestCaseExecutor.runScript(TestCaseExecutor.java:445)
	at com.kms.katalon.core.main.TestCaseExecutor.doExecute(TestCaseExecutor.java:436)
	at com.kms.katalon.core.main.TestCaseExecutor.processExecutionPhase(TestCaseExecutor.java:415)
	at com.kms.katalon.core.main.TestCaseExecutor.accessMainPhase(TestCaseExecutor.java:407)
	at com.kms.katalon.core.main.TestCaseExecutor.execute(TestCaseExecutor.java:284)
	at com.kms.katalon.core.common.CommonExecutor.accessTestCaseMainPhase(CommonExecutor.java:65)
	at com.kms.katalon.core.main.TestSuiteExecutor.accessTestSuiteMainPhase(TestSuiteExecutor.java:144)
	at com.kms.katalon.core.main.TestSuiteExecutor.execute(TestSuiteExecutor.java:106)
	at com.kms.katalon.core.main.TestCaseMain.startTestSuite(TestCaseMain.java:185)
	at com.kms.katalon.core.main.TestCaseMain$startTestSuite$0.call(Unknown Source)
	at TempTestSuite1654867643956.run(TempTestSuite1654867643956.groovy:36)
Caused by: com.kms.katalon.core.webui.exception.WebElementNotFoundException: Web element with id: 'Object Repository/1-OBJECTS TAREAS PRINCIPALES/Modulo Tarea Compensacion/Dias con Permisos Pasivos Permitidos/a_Guardar_solicitudes' located by '//*/text()[normalize-space(.)='Guardar Legalizar']/parent::*' not found
	at com.kms.katalon.core.webui.common.WebUiCommonHelper.findWebElement(WebUiCommonHelper.java:1370)
	at com.kms.katalon.core.webui.keyword.internal.WebUIAbstractKeyword.findWebElement(WebUIAbstractKeyword.groovy:27)
	at com.kms.katalon.core.webui.keyword.builtin.ClickKeyword$_click_closure1.doCall(ClickKeyword.groovy:65)
	at com.kms.katalon.core.webui.keyword.builtin.ClickKeyword$_click_closure1.call(ClickKeyword.groovy)
	at com.kms.katalon.core.webui.keyword.internal.WebUIKeywordMain.runKeyword(WebUIKeywordMain.groovy:20)
	... 51 more


2022-06-10 08:36:02 - [TEST_STEP][PASSED] - callTestCase(findTestCase("Utilidades-(atajos_para _tareas)/Tareas Administracion Compensacion/Tarea Listado Empleados"), [:], STOP_ON_FAILURE): Call Test Case 'Test Cases/Utilidades-(atajos_para _tareas)/Tareas Administracion Compensacion/Tarea Listado Empleados' successfully

2022-06-10 08:36:02 - [TEST_CASE][PASSED] - Test Cases/Utilidades-(atajos_para _tareas)/Tareas Administracion Compensacion/Tarea Listado Empleados: Test Cases/Utilidades-(atajos_para _tareas)/Tareas Administracion Compensacion/Tarea Listado Empleados

2022-06-10 08:36:02 - [TEST_STEP][PASSED] - callTestCase(findTestCase("0.1-Login"), [:], STOP_ON_FAILURE): Call Test Case 'Test Cases/0.1-Login' successfully

2022-06-10 08:36:02 - [TEST_CASE][PASSED] - Test Cases/0.1-Login: Test Cases/0.1-Login

2022-06-10 08:36:02 - [TEST_STEP][PASSED] - openBrowser(""): Browser is opened with url: ''

2022-06-10 08:36:02 - [MESSAGE][WARNING] - A browser is already opened. Closing browser and opening a new one

2022-06-10 08:36:03 - [MESSAGE][INFO] - Starting 'Chrome' driver

2022-06-10 08:36:03 - [MESSAGE][INFO] - Action delay is set to 0 milliseconds

2022-06-10 08:36:04 - [MESSAGE][PASSED] - Browser is opened with url: ''

2022-06-10 08:36:04 - [TEST_STEP][PASSED] - maximizeWindow(): Current window maximized

2022-06-10 08:36:04 - [MESSAGE][PASSED] - Current window maximized

2022-06-10 08:36:04 - [TEST_STEP][PASSED] - i = G_Login: null

2022-06-10 08:36:04 - [TEST_STEP][PASSED] - url = new java.net.URL(i): null

2022-06-10 08:36:04 - [TEST_STEP][PASSED] - println("URL: " + url.toString()): null

2022-06-10 08:36:04 - [TEST_STEP][PASSED] - connection = url.openConnection(): null

2022-06-10 08:36:04 - [TEST_STEP][PASSED] - connection.setRequestMethod("GET"): null

2022-06-10 08:36:04 - [TEST_STEP][PASSED] - connection.setReadTimeout(2 * 1000): null

2022-06-10 08:36:04 - [TEST_STEP][PASSED] - try: null

2022-06-10 08:36:04 - [TEST_STEP][PASSED] - connection.connect(): null

2022-06-10 08:36:04 - [TEST_STEP][PASSED] - flag = connected: null

2022-06-10 08:36:04 - [TEST_STEP][PASSED] - println("Valor_ori: " + flag): null

2022-06-10 08:36:04 - [TEST_STEP][PASSED] - if (flag): null

2022-06-10 08:36:04 - [TEST_STEP][PASSED] - navigateToUrl(i): Navigate to 'http://192.168.2.19:8380/saraweb' successfully

2022-06-10 08:36:05 - [MESSAGE][PASSED] - Navigate to 'http://192.168.2.19:8380/saraweb' successfully

2022-06-10 08:36:05 - [TEST_STEP][PASSED] - a(): null

2022-06-10 08:36:05 - [TEST_STEP][PASSED] - setText(findTestObject("3-OBJECTS UTILIDADES/Login/input_USUARIO_loginusuario"), G_Usuario): Text 'saraadmin' is set on object 'Object Repository/3-OBJECTS UTILIDADES/Login/input_USUARIO_loginusuario'

2022-06-10 08:36:06 - [MESSAGE][PASSED] - Text 'saraadmin' is set on object 'Object Repository/3-OBJECTS UTILIDADES/Login/input_USUARIO_loginusuario'

2022-06-10 08:36:06 - [TEST_STEP][PASSED] - setEncryptedText(findTestObject("3-OBJECTS UTILIDADES/Login/input_CLAVE_loginpassword"), "MkG4/TYiCFC3cb2driP7+Q=="): Text ****** has been set on object 'Object Repository/3-OBJECTS UTILIDADES/Login/input_CLAVE_loginpassword'

2022-06-10 08:36:06 - [MESSAGE][PASSED] - Text ****** has been set on object 'Object Repository/3-OBJECTS UTILIDADES/Login/input_CLAVE_loginpassword'

2022-06-10 08:36:06 - [TEST_STEP][PASSED] - waitForElementClickable(findTestObject("3-OBJECTS UTILIDADES/Login/a_Ingresar"), G_TimeOut): Object 'Object Repository/3-OBJECTS UTILIDADES/Login/a_Ingresar' is clickable

2022-06-10 08:36:06 - [MESSAGE][PASSED] - Object 'Object Repository/3-OBJECTS UTILIDADES/Login/a_Ingresar' is clickable

2022-06-10 08:36:06 - [TEST_STEP][PASSED] - click(findTestObject("3-OBJECTS UTILIDADES/Login/a_Ingresar")): Object: 'Object Repository/3-OBJECTS UTILIDADES/Login/a_Ingresar' is clicked on

2022-06-10 08:36:07 - [MESSAGE][PASSED] - Object: 'Object Repository/3-OBJECTS UTILIDADES/Login/a_Ingresar' is clicked on

2022-06-10 08:36:07 - [TEST_STEP][PASSED] - element = findWebElement(findTestObject("3-OBJECTS UTILIDADES/Login/a_Ir"), 30): null

2022-06-10 08:36:08 - [TEST_STEP][PASSED] - executeJavaScript("arguments[0].click()", Arrays.asList(element)): Execute JavaScript 'arguments[0].click()' successfully

2022-06-10 08:36:08 - [MESSAGE][PASSED] - Execute JavaScript 'arguments[0].click()' successfully

2022-06-10 08:36:08 - [MESSAGE][PASSED] - Call Test Case 'Test Cases/0.1-Login' successfully

2022-06-10 08:36:08 - [TEST_STEP][PASSED] - setText(findTestObject("1-OBJECTS TAREAS PRINCIPALES/Modulo Tarea Listado Hojas de Vida/Tareas Listado Hojas de Vida/input_Listado Hojas De Vida_form_templatej_idt24_input"), "Listado de Empleados"): Text 'Listado de Empleados' is set on object 'Object Repository/1-OBJECTS TAREAS PRINCIPALES/Modulo Tarea Listado Hojas de Vida/Tareas Listado Hojas de Vida/input_Listado Hojas De Vida_form_templatej_idt24_input'

2022-06-10 08:36:09 - [MESSAGE][PASSED] - Text 'Listado de Empleados' is set on object 'Object Repository/1-OBJECTS TAREAS PRINCIPALES/Modulo Tarea Listado Hojas de Vida/Tareas Listado Hojas de Vida/input_Listado Hojas De Vida_form_templatej_idt24_input'

2022-06-10 08:36:09 - [TEST_STEP][PASSED] - waitForElementVisible(findTestObject("1-OBJECTS TAREAS PRINCIPALES/Modulo Tarea Listado Hojas de Vida/Tareas Listado Hojas de Vida/span_Listado de Empleados"), 0): Object 'Object Repository/1-OBJECTS TAREAS PRINCIPALES/Modulo Tarea Listado Hojas de Vida/Tareas Listado Hojas de Vida/span_Listado de Empleados' is visible

2022-06-10 08:36:09 - [MESSAGE][WARNING] - Timeout '0' is invalid. Using default page load timeout: '37'

2022-06-10 08:36:10 - [MESSAGE][PASSED] - Object 'Object Repository/1-OBJECTS TAREAS PRINCIPALES/Modulo Tarea Listado Hojas de Vida/Tareas Listado Hojas de Vida/span_Listado de Empleados' is visible

2022-06-10 08:36:10 - [TEST_STEP][PASSED] - click(findTestObject("1-OBJECTS TAREAS PRINCIPALES/Modulo Tarea Listado Hojas de Vida/Tareas Listado Hojas de Vida/span_Listado de Empleados")): Object: 'Object Repository/1-OBJECTS TAREAS PRINCIPALES/Modulo Tarea Listado Hojas de Vida/Tareas Listado Hojas de Vida/span_Listado de Empleados' is clicked on

2022-06-10 08:36:11 - [MESSAGE][PASSED] - Object: 'Object Repository/1-OBJECTS TAREAS PRINCIPALES/Modulo Tarea Listado Hojas de Vida/Tareas Listado Hojas de Vida/span_Listado de Empleados' is clicked on

2022-06-10 08:36:11 - [MESSAGE][PASSED] - Call Test Case 'Test Cases/Utilidades-(atajos_para _tareas)/Tareas Administracion Compensacion/Tarea Listado Empleados' successfully

2022-06-10 08:36:11 - [TEST_STEP][PASSED] - setText(findTestObject("1-OBJECTS TAREAS PRINCIPALES/Modulo Tarea Compensacion/Dias con Permisos Pasivos Permitidos/input_Identificacin_listadoEmpleadoIdentificacionEmpleado"), "1234567890"): Text '1234567890' is set on object 'Object Repository/1-OBJECTS TAREAS PRINCIPALES/Modulo Tarea Compensacion/Dias con Permisos Pasivos Permitidos/input_Identificacin_listadoEmpleadoIdentificacionEmpleado'

2022-06-10 08:36:13 - [MESSAGE][PASSED] - Text '1234567890' is set on object 'Object Repository/1-OBJECTS TAREAS PRINCIPALES/Modulo Tarea Compensacion/Dias con Permisos Pasivos Permitidos/input_Identificacin_listadoEmpleadoIdentificacionEmpleado'

2022-06-10 08:36:13 - [TEST_STEP][PASSED] - sendKeys(findTestObject("1-OBJECTS TAREAS PRINCIPALES/Modulo Tarea Compensacion/Dias con Permisos Pasivos Permitidos/input_Identificacin_listadoEmpleadoIdentificacionEmpleado"), Keys.chord(ENTER)): Keys 'ENTER + ' sent to object: 'Object Repository/1-OBJECTS TAREAS PRINCIPALES/Modulo Tarea Compensacion/Dias con Permisos Pasivos Permitidos/input_Identificacin_listadoEmpleadoIdentificacionEmpleado'

2022-06-10 08:36:13 - [MESSAGE][PASSED] - Keys 'ENTER + ' sent to object: 'Object Repository/1-OBJECTS TAREAS PRINCIPALES/Modulo Tarea Compensacion/Dias con Permisos Pasivos Permitidos/input_Identificacin_listadoEmpleadoIdentificacionEmpleado'

2022-06-10 08:36:13 - [TEST_STEP][PASSED] - waitForElementClickable(findTestObject("1-OBJECTS TAREAS PRINCIPALES/Modulo Tarea Compensacion/Dias con Permisos Pasivos Permitidos/span_Consta Belfegord Jhon"), G_TimeOut): Object 'Object Repository/1-OBJECTS TAREAS PRINCIPALES/Modulo Tarea Compensacion/Dias con Permisos Pasivos Permitidos/span_Consta Belfegord Jhon' is clickable

2022-06-10 08:36:13 - [MESSAGE][PASSED] - Object 'Object Repository/1-OBJECTS TAREAS PRINCIPALES/Modulo Tarea Compensacion/Dias con Permisos Pasivos Permitidos/span_Consta Belfegord Jhon' is clickable

2022-06-10 08:36:13 - [TEST_STEP][PASSED] - click(findTestObject("1-OBJECTS TAREAS PRINCIPALES/Modulo Tarea Compensacion/Dias con Permisos Pasivos Permitidos/span_Consta Belfegord Jhon")): Object: 'Object Repository/1-OBJECTS TAREAS PRINCIPALES/Modulo Tarea Compensacion/Dias con Permisos Pasivos Permitidos/span_Consta Belfegord Jhon' is clicked on

2022-06-10 08:36:14 - [MESSAGE][PASSED] - Object: 'Object Repository/1-OBJECTS TAREAS PRINCIPALES/Modulo Tarea Compensacion/Dias con Permisos Pasivos Permitidos/span_Consta Belfegord Jhon' is clicked on

2022-06-10 08:36:14 - [TEST_STEP][PASSED] - waitForElementClickable(findTestObject("1-OBJECTS TAREAS PRINCIPALES/Modulo Tarea Compensacion/Dias con Permisos Pasivos Permitidos/a_Vacacin"), G_TimeOut): Object 'Object Repository/1-OBJECTS TAREAS PRINCIPALES/Modulo Tarea Compensacion/Dias con Permisos Pasivos Permitidos/a_Vacacin' is clickable

2022-06-10 08:36:15 - [MESSAGE][PASSED] - Object 'Object Repository/1-OBJECTS TAREAS PRINCIPALES/Modulo Tarea Compensacion/Dias con Permisos Pasivos Permitidos/a_Vacacin' is clickable

2022-06-10 08:36:15 - [TEST_STEP][PASSED] - click(findTestObject("1-OBJECTS TAREAS PRINCIPALES/Modulo Tarea Compensacion/Dias con Permisos Pasivos Permitidos/a_Vacacin")): Object: 'Object Repository/1-OBJECTS TAREAS PRINCIPALES/Modulo Tarea Compensacion/Dias con Permisos Pasivos Permitidos/a_Vacacin' is clicked on

2022-06-10 08:36:15 - [MESSAGE][PASSED] - Object: 'Object Repository/1-OBJECTS TAREAS PRINCIPALES/Modulo Tarea Compensacion/Dias con Permisos Pasivos Permitidos/a_Vacacin' is clicked on

2022-06-10 08:36:15 - [TEST_STEP][PASSED] - if (waitForElementClickable(findTestObject("1-OBJECTS TAREAS PRINCIPALES/Modulo Tarea Compensacion/Dias con Permisos Pasivos Permitidos/span_Programacion De Vacaciones"), G_TimeOut)): null

2022-06-10 08:36:16 - [MESSAGE][PASSED] - Object 'Object Repository/1-OBJECTS TAREAS PRINCIPALES/Modulo Tarea Compensacion/Dias con Permisos Pasivos Permitidos/span_Programacion De Vacaciones' is clickable

2022-06-10 08:36:16 - [TEST_STEP][PASSED] - click(findTestObject("1-OBJECTS TAREAS PRINCIPALES/Modulo Tarea Compensacion/Dias con Permisos Pasivos Permitidos/span_Programacion De Vacaciones")): Object: 'Object Repository/1-OBJECTS TAREAS PRINCIPALES/Modulo Tarea Compensacion/Dias con Permisos Pasivos Permitidos/span_Programacion De Vacaciones' is clicked on

2022-06-10 08:36:16 - [MESSAGE][PASSED] - Object: 'Object Repository/1-OBJECTS TAREAS PRINCIPALES/Modulo Tarea Compensacion/Dias con Permisos Pasivos Permitidos/span_Programacion De Vacaciones' is clicked on

2022-06-10 08:36:16 - [TEST_STEP][PASSED] - waitForElementClickable(findTestObject("1-OBJECTS TAREAS PRINCIPALES/Modulo Tarea Compensacion/Dias con Permisos Pasivos Permitidos/a_Eliminar"), G_TimeOut): Object 'Object Repository/1-OBJECTS TAREAS PRINCIPALES/Modulo Tarea Compensacion/Dias con Permisos Pasivos Permitidos/a_Eliminar' is clickable

2022-06-10 08:36:17 - [MESSAGE][PASSED] - Object 'Object Repository/1-OBJECTS TAREAS PRINCIPALES/Modulo Tarea Compensacion/Dias con Permisos Pasivos Permitidos/a_Eliminar' is clickable

2022-06-10 08:36:17 - [TEST_STEP][PASSED] - click(findTestObject("1-OBJECTS TAREAS PRINCIPALES/Modulo Tarea Compensacion/Dias con Permisos Pasivos Permitidos/a_Eliminar")): Object: 'Object Repository/1-OBJECTS TAREAS PRINCIPALES/Modulo Tarea Compensacion/Dias con Permisos Pasivos Permitidos/a_Eliminar' is clicked on

2022-06-10 08:36:17 - [MESSAGE][PASSED] - Object: 'Object Repository/1-OBJECTS TAREAS PRINCIPALES/Modulo Tarea Compensacion/Dias con Permisos Pasivos Permitidos/a_Eliminar' is clicked on

2022-06-10 08:36:17 - [TEST_STEP][PASSED] - waitForElementClickable(findTestObject("1-OBJECTS TAREAS PRINCIPALES/Modulo Tarea Compensacion/Dias con Permisos Pasivos Permitidos/a_Aceptar"), G_TimeOut): Object 'Object Repository/1-OBJECTS TAREAS PRINCIPALES/Modulo Tarea Compensacion/Dias con Permisos Pasivos Permitidos/a_Aceptar' is clickable

2022-06-10 08:36:18 - [MESSAGE][PASSED] - Object 'Object Repository/1-OBJECTS TAREAS PRINCIPALES/Modulo Tarea Compensacion/Dias con Permisos Pasivos Permitidos/a_Aceptar' is clickable

2022-06-10 08:36:18 - [TEST_STEP][PASSED] - click(findTestObject("1-OBJECTS TAREAS PRINCIPALES/Modulo Tarea Compensacion/Dias con Permisos Pasivos Permitidos/a_Aceptar")): Object: 'Object Repository/1-OBJECTS TAREAS PRINCIPALES/Modulo Tarea Compensacion/Dias con Permisos Pasivos Permitidos/a_Aceptar' is clicked on

2022-06-10 08:36:18 - [MESSAGE][PASSED] - Object: 'Object Repository/1-OBJECTS TAREAS PRINCIPALES/Modulo Tarea Compensacion/Dias con Permisos Pasivos Permitidos/a_Aceptar' is clicked on

2022-06-10 08:36:18 - [TEST_STEP][PASSED] - click(findTestObject("1-OBJECTS TAREAS PRINCIPALES/Modulo Tarea Compensacion/Dias con Permisos Pasivos Permitidos/a_Histrico")): Object: 'Object Repository/1-OBJECTS TAREAS PRINCIPALES/Modulo Tarea Compensacion/Dias con Permisos Pasivos Permitidos/a_Histrico' is clicked on

2022-06-10 08:36:20 - [MESSAGE][PASSED] - Object: 'Object Repository/1-OBJECTS TAREAS PRINCIPALES/Modulo Tarea Compensacion/Dias con Permisos Pasivos Permitidos/a_Histrico' is clicked on

2022-06-10 08:36:20 - [TEST_STEP][PASSED] - if (waitForElementClickable(findTestObject("1-OBJECTS TAREAS PRINCIPALES/Modulo Tarea Compensacion/Dias con Permisos Pasivos Permitidos/span_Programacion De Vacaciones"), 1)): Web element with id: 'Object Repository/1-OBJECTS TAREAS PRINCIPALES/Modulo Tarea Compensacion/Dias con Permisos Pasivos Permitidos/span_Programacion De Vacaciones' located by '//*/text()[normalize-space(.)='Programacion De Vacaciones']/parent::*' not found

2022-06-10 08:36:22 - [MESSAGE][INFO] - Unable to find the element located by 'By.xpath: //*/text()[normalize-space(.)='Programacion De Vacaciones']/parent::*'. Please recheck the objects properties to make sure the desired element is located. 

2022-06-10 08:36:22 - [MESSAGE][WARNING] - Web element with id: 'Object Repository/1-OBJECTS TAREAS PRINCIPALES/Modulo Tarea Compensacion/Dias con Permisos Pasivos Permitidos/span_Programacion De Vacaciones' located by '//*/text()[normalize-space(.)='Programacion De Vacaciones']/parent::*' not found

2022-06-10 08:36:22 - [TEST_STEP][PASSED] - click(findTestObject("1-OBJECTS TAREAS PRINCIPALES/Modulo Tarea Compensacion/Dias con Permisos Pasivos Permitidos/a_Vacaciones")): Object: 'Object Repository/1-OBJECTS TAREAS PRINCIPALES/Modulo Tarea Compensacion/Dias con Permisos Pasivos Permitidos/a_Vacaciones' is clicked on

2022-06-10 08:36:23 - [MESSAGE][PASSED] - Object: 'Object Repository/1-OBJECTS TAREAS PRINCIPALES/Modulo Tarea Compensacion/Dias con Permisos Pasivos Permitidos/a_Vacaciones' is clicked on

2022-06-10 08:36:23 - [TEST_STEP][PASSED] - waitForElementClickable(findTestObject("1-OBJECTS TAREAS PRINCIPALES/Modulo Tarea Compensacion/Dias con Permisos Pasivos Permitidos/a_Nuevo Pasivo"), G_TimeOut): Object 'Object Repository/1-OBJECTS TAREAS PRINCIPALES/Modulo Tarea Compensacion/Dias con Permisos Pasivos Permitidos/a_Nuevo Pasivo' is clickable

2022-06-10 08:36:23 - [MESSAGE][PASSED] - Object 'Object Repository/1-OBJECTS TAREAS PRINCIPALES/Modulo Tarea Compensacion/Dias con Permisos Pasivos Permitidos/a_Nuevo Pasivo' is clickable

2022-06-10 08:36:23 - [TEST_STEP][PASSED] - click(findTestObject("1-OBJECTS TAREAS PRINCIPALES/Modulo Tarea Compensacion/Dias con Permisos Pasivos Permitidos/a_Nuevo Pasivo")): Object: 'Object Repository/1-OBJECTS TAREAS PRINCIPALES/Modulo Tarea Compensacion/Dias con Permisos Pasivos Permitidos/a_Nuevo Pasivo' is clicked on

2022-06-10 08:36:24 - [MESSAGE][PASSED] - Object: 'Object Repository/1-OBJECTS TAREAS PRINCIPALES/Modulo Tarea Compensacion/Dias con Permisos Pasivos Permitidos/a_Nuevo Pasivo' is clicked on

2022-06-10 08:36:24 - [TEST_STEP][PASSED] - click(findTestObject("1-OBJECTS TAREAS PRINCIPALES/Modulo Tarea Compensacion/Dias con Permisos Pasivos Permitidos/a_pestaa Vacaciones")): Object: 'Object Repository/1-OBJECTS TAREAS PRINCIPALES/Modulo Tarea Compensacion/Dias con Permisos Pasivos Permitidos/a_pestaa Vacaciones' is clicked on

2022-06-10 08:36:24 - [MESSAGE][PASSED] - Object: 'Object Repository/1-OBJECTS TAREAS PRINCIPALES/Modulo Tarea Compensacion/Dias con Permisos Pasivos Permitidos/a_pestaa Vacaciones' is clicked on

2022-06-10 08:36:24 - [TEST_STEP][PASSED] - selectOptionByIndex(findTestObject("1-OBJECTS TAREAS PRINCIPALES/Modulo Tarea Compensacion/Dias con Permisos Pasivos Permitidos/select_APLAZAMIENTOPROGRAMACION DE VACACIONES"), "2"): All options with index in [2] are selected on object 'Object Repository/1-OBJECTS TAREAS PRINCIPALES/Modulo Tarea Compensacion/Dias con Permisos Pasivos Permitidos/select_APLAZAMIENTOPROGRAMACION DE VACACIONES'

2022-06-10 08:36:25 - [MESSAGE][PASSED] - All options with index in [2] are selected on object 'Object Repository/1-OBJECTS TAREAS PRINCIPALES/Modulo Tarea Compensacion/Dias con Permisos Pasivos Permitidos/select_APLAZAMIENTOPROGRAMACION DE VACACIONES'

2022-06-10 08:36:25 - [TEST_STEP][PASSED] - selectOptionByIndex(findTestObject("1-OBJECTS TAREAS PRINCIPALES/Modulo Tarea Compensacion/Dias con Permisos Pasivos Permitidos/select_InterrupcinNo Aplica"), "1"): All options with index in [1] are selected on object 'Object Repository/1-OBJECTS TAREAS PRINCIPALES/Modulo Tarea Compensacion/Dias con Permisos Pasivos Permitidos/select_InterrupcinNo Aplica'

2022-06-10 08:36:26 - [MESSAGE][PASSED] - All options with index in [1] are selected on object 'Object Repository/1-OBJECTS TAREAS PRINCIPALES/Modulo Tarea Compensacion/Dias con Permisos Pasivos Permitidos/select_InterrupcinNo Aplica'

2022-06-10 08:36:26 - [TEST_STEP][PASSED] - setText(findTestObject("1-OBJECTS TAREAS PRINCIPALES/Modulo Tarea Compensacion/Dias con Permisos Pasivos Permitidos/input_Periodo Servicio_form_"), "01/06/2021"): Text '01/06/2021' is set on object 'Object Repository/1-OBJECTS TAREAS PRINCIPALES/Modulo Tarea Compensacion/Dias con Permisos Pasivos Permitidos/input_Periodo Servicio_form_'

2022-06-10 08:36:27 - [MESSAGE][PASSED] - Text '01/06/2021' is set on object 'Object Repository/1-OBJECTS TAREAS PRINCIPALES/Modulo Tarea Compensacion/Dias con Permisos Pasivos Permitidos/input_Periodo Servicio_form_'

2022-06-10 08:36:27 - [TEST_STEP][PASSED] - click(findTestObject("1-OBJECTS TAREAS PRINCIPALES/Modulo Tarea Compensacion/Dias con Permisos Pasivos Permitidos/span_Periodo Servicio"), STOP_ON_FAILURE): Object: 'Object Repository/1-OBJECTS TAREAS PRINCIPALES/Modulo Tarea Compensacion/Dias con Permisos Pasivos Permitidos/span_Periodo Servicio' is clicked on

2022-06-10 08:36:28 - [MESSAGE][PASSED] - Object: 'Object Repository/1-OBJECTS TAREAS PRINCIPALES/Modulo Tarea Compensacion/Dias con Permisos Pasivos Permitidos/span_Periodo Servicio' is clicked on

2022-06-10 08:36:28 - [TEST_STEP][PASSED] - setText(findTestObject("1-OBJECTS TAREAS PRINCIPALES/Modulo Tarea Compensacion/Dias con Permisos Pasivos Permitidos/input_Periodo Servicio_form_vacaciones"), "06/06/2021"): Text '06/06/2021' is set on object 'Object Repository/1-OBJECTS TAREAS PRINCIPALES/Modulo Tarea Compensacion/Dias con Permisos Pasivos Permitidos/input_Periodo Servicio_form_vacaciones'

2022-06-10 08:36:29 - [MESSAGE][PASSED] - Text '06/06/2021' is set on object 'Object Repository/1-OBJECTS TAREAS PRINCIPALES/Modulo Tarea Compensacion/Dias con Permisos Pasivos Permitidos/input_Periodo Servicio_form_vacaciones'

2022-06-10 08:36:29 - [TEST_STEP][PASSED] - sendKeys(findTestObject("1-OBJECTS TAREAS PRINCIPALES/Modulo Tarea Compensacion/Dias con Permisos Pasivos Permitidos/input_Periodo Servicio_form_vacaciones"), Keys.chord(ENTER)): Keys 'ENTER + ' sent to object: 'Object Repository/1-OBJECTS TAREAS PRINCIPALES/Modulo Tarea Compensacion/Dias con Permisos Pasivos Permitidos/input_Periodo Servicio_form_vacaciones'

2022-06-10 08:36:29 - [MESSAGE][PASSED] - Keys 'ENTER + ' sent to object: 'Object Repository/1-OBJECTS TAREAS PRINCIPALES/Modulo Tarea Compensacion/Dias con Permisos Pasivos Permitidos/input_Periodo Servicio_form_vacaciones'

2022-06-10 08:36:29 - [TEST_STEP][PASSED] - setText(findTestObject("1-OBJECTS TAREAS PRINCIPALES/Modulo Tarea Compensacion/Dias con Permisos Pasivos Permitidos/input_Das_form_vacacionesEmpleadotabs"), "5"): Text '5' is set on object 'Object Repository/1-OBJECTS TAREAS PRINCIPALES/Modulo Tarea Compensacion/Dias con Permisos Pasivos Permitidos/input_Das_form_vacacionesEmpleadotabs'

2022-06-10 08:36:30 - [MESSAGE][PASSED] - Text '5' is set on object 'Object Repository/1-OBJECTS TAREAS PRINCIPALES/Modulo Tarea Compensacion/Dias con Permisos Pasivos Permitidos/input_Das_form_vacacionesEmpleadotabs'

2022-06-10 08:36:30 - [TEST_STEP][PASSED] - setText(findTestObject("1-OBJECTS TAREAS PRINCIPALES/Modulo Tarea Compensacion/Dias con Permisos Pasivos Permitidos/input_Fecha Origen_form_vacaciones"), "01/06/2021"): Text '01/06/2021' is set on object 'Object Repository/1-OBJECTS TAREAS PRINCIPALES/Modulo Tarea Compensacion/Dias con Permisos Pasivos Permitidos/input_Fecha Origen_form_vacaciones'

2022-06-10 08:36:31 - [MESSAGE][PASSED] - Text '01/06/2021' is set on object 'Object Repository/1-OBJECTS TAREAS PRINCIPALES/Modulo Tarea Compensacion/Dias con Permisos Pasivos Permitidos/input_Fecha Origen_form_vacaciones'

2022-06-10 08:36:31 - [TEST_STEP][PASSED] - sendKeys(findTestObject("1-OBJECTS TAREAS PRINCIPALES/Modulo Tarea Compensacion/Dias con Permisos Pasivos Permitidos/input_Fecha Origen_form_vacaciones"), Keys.chord(ENTER)): Keys 'ENTER + ' sent to object: 'Object Repository/1-OBJECTS TAREAS PRINCIPALES/Modulo Tarea Compensacion/Dias con Permisos Pasivos Permitidos/input_Fecha Origen_form_vacaciones'

2022-06-10 08:36:31 - [MESSAGE][PASSED] - Keys 'ENTER + ' sent to object: 'Object Repository/1-OBJECTS TAREAS PRINCIPALES/Modulo Tarea Compensacion/Dias con Permisos Pasivos Permitidos/input_Fecha Origen_form_vacaciones'

2022-06-10 08:36:31 - [TEST_STEP][PASSED] - waitForElementClickable(findTestObject("1-OBJECTS TAREAS PRINCIPALES/Modulo Tarea Compensacion/Dias con Permisos Pasivos Permitidos/a_Guardar"), G_TimeOut): Object 'Object Repository/1-OBJECTS TAREAS PRINCIPALES/Modulo Tarea Compensacion/Dias con Permisos Pasivos Permitidos/a_Guardar' is clickable

2022-06-10 08:36:32 - [MESSAGE][PASSED] - Object 'Object Repository/1-OBJECTS TAREAS PRINCIPALES/Modulo Tarea Compensacion/Dias con Permisos Pasivos Permitidos/a_Guardar' is clickable

2022-06-10 08:36:32 - [TEST_STEP][PASSED] - click(findTestObject("1-OBJECTS TAREAS PRINCIPALES/Modulo Tarea Compensacion/Dias con Permisos Pasivos Permitidos/a_Guardar")): Object: 'Object Repository/1-OBJECTS TAREAS PRINCIPALES/Modulo Tarea Compensacion/Dias con Permisos Pasivos Permitidos/a_Guardar' is clicked on

2022-06-10 08:36:32 - [MESSAGE][PASSED] - Object: 'Object Repository/1-OBJECTS TAREAS PRINCIPALES/Modulo Tarea Compensacion/Dias con Permisos Pasivos Permitidos/a_Guardar' is clicked on

2022-06-10 08:36:32 - [TEST_STEP][PASSED] - waitForElementClickable(findTestObject("1-OBJECTS TAREAS PRINCIPALES/Modulo Tarea Compensacion/Dias con Permisos Pasivos Permitidos/a_Regresar"), G_TimeOut): Object 'Object Repository/1-OBJECTS TAREAS PRINCIPALES/Modulo Tarea Compensacion/Dias con Permisos Pasivos Permitidos/a_Regresar' is clickable

2022-06-10 08:36:33 - [MESSAGE][PASSED] - Object 'Object Repository/1-OBJECTS TAREAS PRINCIPALES/Modulo Tarea Compensacion/Dias con Permisos Pasivos Permitidos/a_Regresar' is clickable

2022-06-10 08:36:33 - [TEST_STEP][PASSED] - click(findTestObject("1-OBJECTS TAREAS PRINCIPALES/Modulo Tarea Compensacion/Dias con Permisos Pasivos Permitidos/a_Regresar")): Object: 'Object Repository/1-OBJECTS TAREAS PRINCIPALES/Modulo Tarea Compensacion/Dias con Permisos Pasivos Permitidos/a_Regresar' is clicked on

2022-06-10 08:36:33 - [MESSAGE][PASSED] - Object: 'Object Repository/1-OBJECTS TAREAS PRINCIPALES/Modulo Tarea Compensacion/Dias con Permisos Pasivos Permitidos/a_Regresar' is clicked on

2022-06-10 08:36:33 - [TEST_STEP][PASSED] - if (waitForElementClickable(findTestObject("1-OBJECTS TAREAS PRINCIPALES/Modulo Tarea Compensacion/Dias con Permisos Pasivos Permitidos/td_02062021"), 1)): Web element with id: 'Object Repository/1-OBJECTS TAREAS PRINCIPALES/Modulo Tarea Compensacion/Dias con Permisos Pasivos Permitidos/td_02062021' located by '//*/text()[normalize-space(.)='02/06/2021']/parent::*' not found

2022-06-10 08:36:35 - [MESSAGE][INFO] - Unable to find the element located by 'By.xpath: //*/text()[normalize-space(.)='02/06/2021']/parent::*'. Please recheck the objects properties to make sure the desired element is located. 

2022-06-10 08:36:35 - [MESSAGE][WARNING] - Web element with id: 'Object Repository/1-OBJECTS TAREAS PRINCIPALES/Modulo Tarea Compensacion/Dias con Permisos Pasivos Permitidos/td_02062021' located by '//*/text()[normalize-space(.)='02/06/2021']/parent::*' not found

2022-06-10 08:36:35 - [TEST_STEP][PASSED] - waitForElementClickable(findTestObject("1-OBJECTS TAREAS PRINCIPALES/Modulo Tarea Compensacion/Dias con Permisos Pasivos Permitidos/a_Nueva Solicitud"), G_TimeOut): Object 'Object Repository/1-OBJECTS TAREAS PRINCIPALES/Modulo Tarea Compensacion/Dias con Permisos Pasivos Permitidos/a_Nueva Solicitud' is clickable

2022-06-10 08:36:36 - [MESSAGE][PASSED] - Object 'Object Repository/1-OBJECTS TAREAS PRINCIPALES/Modulo Tarea Compensacion/Dias con Permisos Pasivos Permitidos/a_Nueva Solicitud' is clickable

2022-06-10 08:36:36 - [TEST_STEP][PASSED] - click(findTestObject("1-OBJECTS TAREAS PRINCIPALES/Modulo Tarea Compensacion/Dias con Permisos Pasivos Permitidos/a_Nueva Solicitud")): Object: 'Object Repository/1-OBJECTS TAREAS PRINCIPALES/Modulo Tarea Compensacion/Dias con Permisos Pasivos Permitidos/a_Nueva Solicitud' is clicked on

2022-06-10 08:36:36 - [MESSAGE][PASSED] - Object: 'Object Repository/1-OBJECTS TAREAS PRINCIPALES/Modulo Tarea Compensacion/Dias con Permisos Pasivos Permitidos/a_Nueva Solicitud' is clicked on

2022-06-10 08:36:36 - [TEST_STEP][PASSED] - setText(findTestObject("1-OBJECTS TAREAS PRINCIPALES/Modulo Tarea Compensacion/Dias con Permisos Pasivos Permitidos/input_Salida Nomina_form_vacaciones"), "01/06/2021"): Text '01/06/2021' is set on object 'Object Repository/1-OBJECTS TAREAS PRINCIPALES/Modulo Tarea Compensacion/Dias con Permisos Pasivos Permitidos/input_Salida Nomina_form_vacaciones'

2022-06-10 08:36:37 - [MESSAGE][PASSED] - Text '01/06/2021' is set on object 'Object Repository/1-OBJECTS TAREAS PRINCIPALES/Modulo Tarea Compensacion/Dias con Permisos Pasivos Permitidos/input_Salida Nomina_form_vacaciones'

2022-06-10 08:36:37 - [TEST_STEP][PASSED] - sendKeys(findTestObject("1-OBJECTS TAREAS PRINCIPALES/Modulo Tarea Compensacion/Dias con Permisos Pasivos Permitidos/input_Salida Nomina_form_vacaciones"), Keys.chord(ENTER)): Keys 'ENTER + ' sent to object: 'Object Repository/1-OBJECTS TAREAS PRINCIPALES/Modulo Tarea Compensacion/Dias con Permisos Pasivos Permitidos/input_Salida Nomina_form_vacaciones'

2022-06-10 08:36:38 - [MESSAGE][PASSED] - Keys 'ENTER + ' sent to object: 'Object Repository/1-OBJECTS TAREAS PRINCIPALES/Modulo Tarea Compensacion/Dias con Permisos Pasivos Permitidos/input_Salida Nomina_form_vacaciones'

2022-06-10 08:36:38 - [TEST_STEP][PASSED] - selectOptionByIndex(findTestObject("1-OBJECTS TAREAS PRINCIPALES/Modulo Tarea Compensacion/Dias con Permisos Pasivos Permitidos/select_SeleccioneChequeEntidad_"), "3"): All options with index in [3] are selected on object 'Object Repository/1-OBJECTS TAREAS PRINCIPALES/Modulo Tarea Compensacion/Dias con Permisos Pasivos Permitidos/select_SeleccioneChequeEntidad_'

2022-06-10 08:36:39 - [MESSAGE][PASSED] - All options with index in [3] are selected on object 'Object Repository/1-OBJECTS TAREAS PRINCIPALES/Modulo Tarea Compensacion/Dias con Permisos Pasivos Permitidos/select_SeleccioneChequeEntidad_'

2022-06-10 08:36:39 - [TEST_STEP][PASSED] - setText(findTestObject("1-OBJECTS TAREAS PRINCIPALES/Modulo Tarea Compensacion/Dias con Permisos Pasivos Permitidos/input_Pago_form_vacacionesEmpleado"), "01/06/2021"): Text '01/06/2021' is set on object 'Object Repository/1-OBJECTS TAREAS PRINCIPALES/Modulo Tarea Compensacion/Dias con Permisos Pasivos Permitidos/input_Pago_form_vacacionesEmpleado'

2022-06-10 08:36:40 - [MESSAGE][PASSED] - Text '01/06/2021' is set on object 'Object Repository/1-OBJECTS TAREAS PRINCIPALES/Modulo Tarea Compensacion/Dias con Permisos Pasivos Permitidos/input_Pago_form_vacacionesEmpleado'

2022-06-10 08:36:40 - [TEST_STEP][PASSED] - sendKeys(findTestObject("1-OBJECTS TAREAS PRINCIPALES/Modulo Tarea Compensacion/Dias con Permisos Pasivos Permitidos/input_Pago_form_vacacionesEmpleado"), Keys.chord(ENTER)): Keys 'ENTER + ' sent to object: 'Object Repository/1-OBJECTS TAREAS PRINCIPALES/Modulo Tarea Compensacion/Dias con Permisos Pasivos Permitidos/input_Pago_form_vacacionesEmpleado'

2022-06-10 08:36:40 - [MESSAGE][PASSED] - Keys 'ENTER + ' sent to object: 'Object Repository/1-OBJECTS TAREAS PRINCIPALES/Modulo Tarea Compensacion/Dias con Permisos Pasivos Permitidos/input_Pago_form_vacacionesEmpleado'

2022-06-10 08:36:40 - [TEST_STEP][PASSED] - setText(findTestObject("1-OBJECTS TAREAS PRINCIPALES/Modulo Tarea Compensacion/Dias con Permisos Pasivos Permitidos/input_Disfrute_form_vacacionesEmpleado"), "1"): Text '1' is set on object 'Object Repository/1-OBJECTS TAREAS PRINCIPALES/Modulo Tarea Compensacion/Dias con Permisos Pasivos Permitidos/input_Disfrute_form_vacacionesEmpleado'

2022-06-10 08:36:41 - [MESSAGE][PASSED] - Text '1' is set on object 'Object Repository/1-OBJECTS TAREAS PRINCIPALES/Modulo Tarea Compensacion/Dias con Permisos Pasivos Permitidos/input_Disfrute_form_vacacionesEmpleado'

2022-06-10 08:36:41 - [TEST_STEP][PASSED] - setText(findTestObject("1-OBJECTS TAREAS PRINCIPALES/Modulo Tarea Compensacion/Dias con Permisos Pasivos Permitidos/input_Compensados_form_vacaciones"), "1"): Text '1' is set on object 'Object Repository/1-OBJECTS TAREAS PRINCIPALES/Modulo Tarea Compensacion/Dias con Permisos Pasivos Permitidos/input_Compensados_form_vacaciones'

2022-06-10 08:36:42 - [MESSAGE][PASSED] - Text '1' is set on object 'Object Repository/1-OBJECTS TAREAS PRINCIPALES/Modulo Tarea Compensacion/Dias con Permisos Pasivos Permitidos/input_Compensados_form_vacaciones'

2022-06-10 08:36:42 - [TEST_STEP][PASSED] - setText(findTestObject("1-OBJECTS TAREAS PRINCIPALES/Modulo Tarea Compensacion/Dias con Permisos Pasivos Permitidos/textarea_Observacin_form_vacaciones"), "Pruebas sara"): Text 'Pruebas sara' is set on object 'Object Repository/1-OBJECTS TAREAS PRINCIPALES/Modulo Tarea Compensacion/Dias con Permisos Pasivos Permitidos/textarea_Observacin_form_vacaciones'

2022-06-10 08:36:42 - [MESSAGE][PASSED] - Text 'Pruebas sara' is set on object 'Object Repository/1-OBJECTS TAREAS PRINCIPALES/Modulo Tarea Compensacion/Dias con Permisos Pasivos Permitidos/textarea_Observacin_form_vacaciones'

2022-06-10 08:36:42 - [TEST_STEP][PASSED] - waitForElementClickable(findTestObject("1-OBJECTS TAREAS PRINCIPALES/Modulo Tarea Compensacion/Dias con Permisos Pasivos Permitidos/a_Verificar"), G_TimeOut): Object 'Object Repository/1-OBJECTS TAREAS PRINCIPALES/Modulo Tarea Compensacion/Dias con Permisos Pasivos Permitidos/a_Verificar' is clickable

2022-06-10 08:36:43 - [MESSAGE][PASSED] - Object 'Object Repository/1-OBJECTS TAREAS PRINCIPALES/Modulo Tarea Compensacion/Dias con Permisos Pasivos Permitidos/a_Verificar' is clickable

2022-06-10 08:36:43 - [TEST_STEP][PASSED] - click(findTestObject("1-OBJECTS TAREAS PRINCIPALES/Modulo Tarea Compensacion/Dias con Permisos Pasivos Permitidos/a_Verificar")): Object: 'Object Repository/1-OBJECTS TAREAS PRINCIPALES/Modulo Tarea Compensacion/Dias con Permisos Pasivos Permitidos/a_Verificar' is clicked on

2022-06-10 08:36:43 - [MESSAGE][PASSED] - Object: 'Object Repository/1-OBJECTS TAREAS PRINCIPALES/Modulo Tarea Compensacion/Dias con Permisos Pasivos Permitidos/a_Verificar' is clicked on

2022-06-10 08:36:43 - [TEST_STEP][PASSED] - waitForElementClickable(findTestObject("1-OBJECTS TAREAS PRINCIPALES/Modulo Tarea Compensacion/Dias con Permisos Pasivos Permitidos/a_Guardar_solicitudes"), 0): Web element with id: 'Object Repository/1-OBJECTS TAREAS PRINCIPALES/Modulo Tarea Compensacion/Dias con Permisos Pasivos Permitidos/a_Guardar_solicitudes' located by '//*/text()[normalize-space(.)='Guardar Legalizar']/parent::*' not found

2022-06-10 08:36:43 - [MESSAGE][WARNING] - Timeout '0' is invalid. Using default page load timeout: '37'

2022-06-10 08:37:21 - [MESSAGE][INFO] - Unable to find the element located by 'By.xpath: //*/text()[normalize-space(.)='Guardar Legalizar']/parent::*'. Please recheck the objects properties to make sure the desired element is located. 

2022-06-10 08:37:21 - [MESSAGE][WARNING] - Web element with id: 'Object Repository/1-OBJECTS TAREAS PRINCIPALES/Modulo Tarea Compensacion/Dias con Permisos Pasivos Permitidos/a_Guardar_solicitudes' located by '//*/text()[normalize-space(.)='Guardar Legalizar']/parent::*' not found

2022-06-10 08:37:21 - [TEST_STEP][FAILED] - click(findTestObject("1-OBJECTS TAREAS PRINCIPALES/Modulo Tarea Compensacion/Dias con Permisos Pasivos Permitidos/a_Guardar_solicitudes")): Unable to click on object 'Object Repository/1-OBJECTS TAREAS PRINCIPALES/Modulo Tarea Compensacion/Dias con Permisos Pasivos Permitidos/a_Guardar_solicitudes' (Root cause: com.kms.katalon.core.exception.StepFailedException: Unable to click on object 'Object Repository/1-OBJECTS TAREAS PRINCIPALES/Modulo Tarea Compensacion/Dias con Permisos Pasivos Permitidos/a_Guardar_solicitudes'
	at com.kms.katalon.core.webui.keyword.internal.WebUIKeywordMain.stepFailed(WebUIKeywordMain.groovy:64)
	at com.kms.katalon.core.webui.keyword.internal.WebUIKeywordMain.runKeyword(WebUIKeywordMain.groovy:26)
	at com.kms.katalon.core.webui.keyword.builtin.ClickKeyword.click(ClickKeyword.groovy:74)
	at com.kms.katalon.core.webui.keyword.builtin.ClickKeyword.execute(ClickKeyword.groovy:40)
	at com.kms.katalon.core.keyword.internal.KeywordExecutor.executeKeywordForPlatform(KeywordExecutor.groovy:74)
	at com.kms.katalon.core.webui.keyword.WebUiBuiltInKeywords.click(WebUiBuiltInKeywords.groovy:620)
	at com.kms.katalon.core.webui.keyword.WebUiBuiltInKeywords$click$5.call(Unknown Source)
	at 1.1.6-crear vacaciones.run(1.1.6-crear vacaciones:177)
	at com.kms.katalon.core.main.ScriptEngine.run(ScriptEngine.java:194)
	at com.kms.katalon.core.main.ScriptEngine.runScriptAsRawText(ScriptEngine.java:119)
	at com.kms.katalon.core.main.TestCaseExecutor.runScript(TestCaseExecutor.java:445)
	at com.kms.katalon.core.main.TestCaseExecutor.doExecute(TestCaseExecutor.java:436)
	at com.kms.katalon.core.main.TestCaseExecutor.processExecutionPhase(TestCaseExecutor.java:415)
	at com.kms.katalon.core.main.TestCaseExecutor.accessMainPhase(TestCaseExecutor.java:407)
	at com.kms.katalon.core.main.TestCaseExecutor.execute(TestCaseExecutor.java:284)
	at com.kms.katalon.core.main.TestCaseMain.runTestCase(TestCaseMain.java:142)
	at com.kms.katalon.core.keyword.builtin.CallTestCaseKeyword$_callTestCase_closure1.doCall(CallTestCaseKeyword.groovy:59)
	at com.kms.katalon.core.keyword.builtin.CallTestCaseKeyword$_callTestCase_closure1.call(CallTestCaseKeyword.groovy)
	at com.kms.katalon.core.keyword.internal.KeywordMain.runKeyword(KeywordMain.groovy:74)
	at com.kms.katalon.core.keyword.builtin.CallTestCaseKeyword.callTestCase(CallTestCaseKeyword.groovy:81)
	at com.kms.katalon.core.keyword.builtin.CallTestCaseKeyword.execute(CallTestCaseKeyword.groovy:44)
	at com.kms.katalon.core.keyword.internal.KeywordExecutor.executeKeywordForPlatform(KeywordExecutor.groovy:74)
	at com.kms.katalon.core.keyword.BuiltinKeywords.callTestCase(BuiltinKeywords.groovy:334)
	at 1.1.7-Generar Vacaciones.run(1.1.7-Generar Vacaciones:19)
	at com.kms.katalon.core.main.ScriptEngine.run(ScriptEngine.java:194)
	at com.kms.katalon.core.main.ScriptEngine.runScriptAsRawText(ScriptEngine.java:119)
	at com.kms.katalon.core.main.TestCaseExecutor.runScript(TestCaseExecutor.java:445)
	at com.kms.katalon.core.main.TestCaseExecutor.doExecute(TestCaseExecutor.java:436)
	at com.kms.katalon.core.main.TestCaseExecutor.processExecutionPhase(TestCaseExecutor.java:415)
	at com.kms.katalon.core.main.TestCaseExecutor.accessMainPhase(TestCaseExecutor.java:407)
	at com.kms.katalon.core.main.TestCaseExecutor.execute(TestCaseExecutor.java:284)
	at com.kms.katalon.core.main.TestCaseMain.runTestCase(TestCaseMain.java:142)
	at com.kms.katalon.core.keyword.builtin.CallTestCaseKeyword$_callTestCase_closure1.doCall(CallTestCaseKeyword.groovy:59)
	at com.kms.katalon.core.keyword.builtin.CallTestCaseKeyword$_callTestCase_closure1.call(CallTestCaseKeyword.groovy)
	at com.kms.katalon.core.keyword.internal.KeywordMain.runKeyword(KeywordMain.groovy:74)
	at com.kms.katalon.core.keyword.builtin.CallTestCaseKeyword.callTestCase(CallTestCaseKeyword.groovy:81)
	at com.kms.katalon.core.keyword.builtin.CallTestCaseKeyword.execute(CallTestCaseKeyword.groovy:44)
	at com.kms.katalon.core.keyword.internal.KeywordExecutor.executeKeywordForPlatform(KeywordExecutor.groovy:74)
	at com.kms.katalon.core.keyword.BuiltinKeywords.callTestCase(BuiltinKeywords.groovy:334)
	at 1.1.8-Mantenimiento de Vacaciones Reliquidar.run(1.1.8-Mantenimiento de Vacaciones Reliquidar:41)
	at com.kms.katalon.core.main.ScriptEngine.run(ScriptEngine.java:194)
	at com.kms.katalon.core.main.ScriptEngine.runScriptAsRawText(ScriptEngine.java:119)
	at com.kms.katalon.core.main.TestCaseExecutor.runScript(TestCaseExecutor.java:445)
	at com.kms.katalon.core.main.TestCaseExecutor.doExecute(TestCaseExecutor.java:436)
	at com.kms.katalon.core.main.TestCaseExecutor.processExecutionPhase(TestCaseExecutor.java:415)
	at com.kms.katalon.core.main.TestCaseExecutor.accessMainPhase(TestCaseExecutor.java:407)
	at com.kms.katalon.core.main.TestCaseExecutor.execute(TestCaseExecutor.java:284)
	at com.kms.katalon.core.common.CommonExecutor.accessTestCaseMainPhase(CommonExecutor.java:65)
	at com.kms.katalon.core.main.TestSuiteExecutor.accessTestSuiteMainPhase(TestSuiteExecutor.java:144)
	at com.kms.katalon.core.main.TestSuiteExecutor.execute(TestSuiteExecutor.java:106)
	at com.kms.katalon.core.main.TestCaseMain.startTestSuite(TestCaseMain.java:185)
	at com.kms.katalon.core.main.TestCaseMain$startTestSuite$0.call(Unknown Source)
	at TempTestSuite1654867643956.run(TempTestSuite1654867643956.groovy:36)
Caused by: com.kms.katalon.core.webui.exception.WebElementNotFoundException: Web element with id: 'Object Repository/1-OBJECTS TAREAS PRINCIPALES/Modulo Tarea Compensacion/Dias con Permisos Pasivos Permitidos/a_Guardar_solicitudes' located by '//*/text()[normalize-space(.)='Guardar Legalizar']/parent::*' not found
	at com.kms.katalon.core.webui.common.WebUiCommonHelper.findWebElement(WebUiCommonHelper.java:1370)
	at com.kms.katalon.core.webui.keyword.internal.WebUIAbstractKeyword.findWebElement(WebUIAbstractKeyword.groovy:27)
	at com.kms.katalon.core.webui.keyword.builtin.ClickKeyword$_click_closure1.doCall(ClickKeyword.groovy:65)
	at com.kms.katalon.core.webui.keyword.builtin.ClickKeyword$_click_closure1.call(ClickKeyword.groovy)
	at com.kms.katalon.core.webui.keyword.internal.WebUIKeywordMain.runKeyword(WebUIKeywordMain.groovy:20)
	at com.kms.katalon.core.webui.keyword.builtin.ClickKeyword.click(ClickKeyword.groovy:74)
	at com.kms.katalon.core.webui.keyword.builtin.ClickKeyword.execute(ClickKeyword.groovy:40)
	at com.kms.katalon.core.keyword.internal.KeywordExecutor.executeKeywordForPlatform(KeywordExecutor.groovy:74)
	at com.kms.katalon.core.webui.keyword.WebUiBuiltInKeywords.click(WebUiBuiltInKeywords.groovy:620)
	at com.kms.katalon.core.webui.keyword.WebUiBuiltInKeywords$click$5.call(Unknown Source)
	at Script1548865857907.run(Script1548865857907.groovy:177)
	at com.kms.katalon.core.main.ScriptEngine.run(ScriptEngine.java:194)
	at com.kms.katalon.core.main.ScriptEngine.runScriptAsRawText(ScriptEngine.java:119)
	at com.kms.katalon.core.main.TestCaseExecutor.runScript(TestCaseExecutor.java:445)
	at com.kms.katalon.core.main.TestCaseExecutor.doExecute(TestCaseExecutor.java:436)
	at com.kms.katalon.core.main.TestCaseExecutor.processExecutionPhase(TestCaseExecutor.java:415)
	at com.kms.katalon.core.main.TestCaseExecutor.accessMainPhase(TestCaseExecutor.java:407)
	at com.kms.katalon.core.main.TestCaseExecutor.execute(TestCaseExecutor.java:284)
	at com.kms.katalon.core.main.TestCaseMain.runTestCase(TestCaseMain.java:142)
	at com.kms.katalon.core.keyword.builtin.CallTestCaseKeyword$_callTestCase_closure1.doCall(CallTestCaseKeyword.groovy:59)
	at com.kms.katalon.core.keyword.builtin.CallTestCaseKeyword$_callTestCase_closure1.call(CallTestCaseKeyword.groovy)
	at com.kms.katalon.core.keyword.internal.KeywordMain.runKeyword(KeywordMain.groovy:74)
	at com.kms.katalon.core.keyword.builtin.CallTestCaseKeyword.callTestCase(CallTestCaseKeyword.groovy:81)
	at com.kms.katalon.core.keyword.builtin.CallTestCaseKeyword.execute(CallTestCaseKeyword.groovy:44)
	at com.kms.katalon.core.keyword.internal.KeywordExecutor.executeKeywordForPlatform(KeywordExecutor.groovy:74)
	at com.kms.katalon.core.keyword.BuiltinKeywords.callTestCase(BuiltinKeywords.groovy:334)
	at Script1548864467260.run(Script1548864467260.groovy:19)
	at com.kms.katalon.core.main.ScriptEngine.run(ScriptEngine.java:194)
	at com.kms.katalon.core.main.ScriptEngine.runScriptAsRawText(ScriptEngine.java:119)
	at com.kms.katalon.core.main.TestCaseExecutor.runScript(TestCaseExecutor.java:445)
	at com.kms.katalon.core.main.TestCaseExecutor.doExecute(TestCaseExecutor.java:436)
	at com.kms.katalon.core.main.TestCaseExecutor.processExecutionPhase(TestCaseExecutor.java:415)
	at com.kms.katalon.core.main.TestCaseExecutor.accessMainPhase(TestCaseExecutor.java:407)
	at com.kms.katalon.core.main.TestCaseExecutor.execute(TestCaseExecutor.java:284)
	at com.kms.katalon.core.main.TestCaseMain.runTestCase(TestCaseMain.java:142)
	at com.kms.katalon.core.keyword.builtin.CallTestCaseKeyword$_callTestCase_closure1.doCall(CallTestCaseKeyword.groovy:59)
	at com.kms.katalon.core.keyword.builtin.CallTestCaseKeyword$_callTestCase_closure1.call(CallTestCaseKeyword.groovy)
	at com.kms.katalon.core.keyword.internal.KeywordMain.runKeyword(KeywordMain.groovy:74)
	at com.kms.katalon.core.keyword.builtin.CallTestCaseKeyword.callTestCase(CallTestCaseKeyword.groovy:81)
	at com.kms.katalon.core.keyword.builtin.CallTestCaseKeyword.execute(CallTestCaseKeyword.groovy:44)
	at com.kms.katalon.core.keyword.internal.KeywordExecutor.executeKeywordForPlatform(KeywordExecutor.groovy:74)
	at com.kms.katalon.core.keyword.BuiltinKeywords.callTestCase(BuiltinKeywords.groovy:334)
	at Script1548864505129.run(Script1548864505129.groovy:41)
	... 13 more
)

2022-06-10 08:38:00 - [MESSAGE][INFO] - Unable to find the element located by 'By.xpath: //*/text()[normalize-space(.)='Guardar Legalizar']/parent::*'. Please recheck the objects properties to make sure the desired element is located. 

2022-06-10 08:38:00 - [MESSAGE][FAILED] - Unable to click on object 'Object Repository/1-OBJECTS TAREAS PRINCIPALES/Modulo Tarea Compensacion/Dias con Permisos Pasivos Permitidos/a_Guardar_solicitudes' (Root cause: com.kms.katalon.core.exception.StepFailedException: Unable to click on object 'Object Repository/1-OBJECTS TAREAS PRINCIPALES/Modulo Tarea Compensacion/Dias con Permisos Pasivos Permitidos/a_Guardar_solicitudes'
	at com.kms.katalon.core.webui.keyword.internal.WebUIKeywordMain.stepFailed(WebUIKeywordMain.groovy:64)
	at com.kms.katalon.core.webui.keyword.internal.WebUIKeywordMain.runKeyword(WebUIKeywordMain.groovy:26)
	at com.kms.katalon.core.webui.keyword.builtin.ClickKeyword.click(ClickKeyword.groovy:74)
	at com.kms.katalon.core.webui.keyword.builtin.ClickKeyword.execute(ClickKeyword.groovy:40)
	at com.kms.katalon.core.keyword.internal.KeywordExecutor.executeKeywordForPlatform(KeywordExecutor.groovy:74)
	at com.kms.katalon.core.webui.keyword.WebUiBuiltInKeywords.click(WebUiBuiltInKeywords.groovy:620)
	at com.kms.katalon.core.webui.keyword.WebUiBuiltInKeywords$click$5.call(Unknown Source)
	at 1.1.6-crear vacaciones.run(1.1.6-crear vacaciones:177)
	at com.kms.katalon.core.main.ScriptEngine.run(ScriptEngine.java:194)
	at com.kms.katalon.core.main.ScriptEngine.runScriptAsRawText(ScriptEngine.java:119)
	at com.kms.katalon.core.main.TestCaseExecutor.runScript(TestCaseExecutor.java:445)
	at com.kms.katalon.core.main.TestCaseExecutor.doExecute(TestCaseExecutor.java:436)
	at com.kms.katalon.core.main.TestCaseExecutor.processExecutionPhase(TestCaseExecutor.java:415)
	at com.kms.katalon.core.main.TestCaseExecutor.accessMainPhase(TestCaseExecutor.java:407)
	at com.kms.katalon.core.main.TestCaseExecutor.execute(TestCaseExecutor.java:284)
	at com.kms.katalon.core.main.TestCaseMain.runTestCase(TestCaseMain.java:142)
	at com.kms.katalon.core.keyword.builtin.CallTestCaseKeyword$_callTestCase_closure1.doCall(CallTestCaseKeyword.groovy:59)
	at com.kms.katalon.core.keyword.builtin.CallTestCaseKeyword$_callTestCase_closure1.call(CallTestCaseKeyword.groovy)
	at com.kms.katalon.core.keyword.internal.KeywordMain.runKeyword(KeywordMain.groovy:74)
	at com.kms.katalon.core.keyword.builtin.CallTestCaseKeyword.callTestCase(CallTestCaseKeyword.groovy:81)
	at com.kms.katalon.core.keyword.builtin.CallTestCaseKeyword.execute(CallTestCaseKeyword.groovy:44)
	at com.kms.katalon.core.keyword.internal.KeywordExecutor.executeKeywordForPlatform(KeywordExecutor.groovy:74)
	at com.kms.katalon.core.keyword.BuiltinKeywords.callTestCase(BuiltinKeywords.groovy:334)
	at 1.1.7-Generar Vacaciones.run(1.1.7-Generar Vacaciones:19)
	at com.kms.katalon.core.main.ScriptEngine.run(ScriptEngine.java:194)
	at com.kms.katalon.core.main.ScriptEngine.runScriptAsRawText(ScriptEngine.java:119)
	at com.kms.katalon.core.main.TestCaseExecutor.runScript(TestCaseExecutor.java:445)
	at com.kms.katalon.core.main.TestCaseExecutor.doExecute(TestCaseExecutor.java:436)
	at com.kms.katalon.core.main.TestCaseExecutor.processExecutionPhase(TestCaseExecutor.java:415)
	at com.kms.katalon.core.main.TestCaseExecutor.accessMainPhase(TestCaseExecutor.java:407)
	at com.kms.katalon.core.main.TestCaseExecutor.execute(TestCaseExecutor.java:284)
	at com.kms.katalon.core.main.TestCaseMain.runTestCase(TestCaseMain.java:142)
	at com.kms.katalon.core.keyword.builtin.CallTestCaseKeyword$_callTestCase_closure1.doCall(CallTestCaseKeyword.groovy:59)
	at com.kms.katalon.core.keyword.builtin.CallTestCaseKeyword$_callTestCase_closure1.call(CallTestCaseKeyword.groovy)
	at com.kms.katalon.core.keyword.internal.KeywordMain.runKeyword(KeywordMain.groovy:74)
	at com.kms.katalon.core.keyword.builtin.CallTestCaseKeyword.callTestCase(CallTestCaseKeyword.groovy:81)
	at com.kms.katalon.core.keyword.builtin.CallTestCaseKeyword.execute(CallTestCaseKeyword.groovy:44)
	at com.kms.katalon.core.keyword.internal.KeywordExecutor.executeKeywordForPlatform(KeywordExecutor.groovy:74)
	at com.kms.katalon.core.keyword.BuiltinKeywords.callTestCase(BuiltinKeywords.groovy:334)
	at 1.1.8-Mantenimiento de Vacaciones Reliquidar.run(1.1.8-Mantenimiento de Vacaciones Reliquidar:41)
	at com.kms.katalon.core.main.ScriptEngine.run(ScriptEngine.java:194)
	at com.kms.katalon.core.main.ScriptEngine.runScriptAsRawText(ScriptEngine.java:119)
	at com.kms.katalon.core.main.TestCaseExecutor.runScript(TestCaseExecutor.java:445)
	at com.kms.katalon.core.main.TestCaseExecutor.doExecute(TestCaseExecutor.java:436)
	at com.kms.katalon.core.main.TestCaseExecutor.processExecutionPhase(TestCaseExecutor.java:415)
	at com.kms.katalon.core.main.TestCaseExecutor.accessMainPhase(TestCaseExecutor.java:407)
	at com.kms.katalon.core.main.TestCaseExecutor.execute(TestCaseExecutor.java:284)
	at com.kms.katalon.core.common.CommonExecutor.accessTestCaseMainPhase(CommonExecutor.java:65)
	at com.kms.katalon.core.main.TestSuiteExecutor.accessTestSuiteMainPhase(TestSuiteExecutor.java:144)
	at com.kms.katalon.core.main.TestSuiteExecutor.execute(TestSuiteExecutor.java:106)
	at com.kms.katalon.core.main.TestCaseMain.startTestSuite(TestCaseMain.java:185)
	at com.kms.katalon.core.main.TestCaseMain$startTestSuite$0.call(Unknown Source)
	at TempTestSuite1654867643956.run(TempTestSuite1654867643956.groovy:36)
Caused by: com.kms.katalon.core.webui.exception.WebElementNotFoundException: Web element with id: 'Object Repository/1-OBJECTS TAREAS PRINCIPALES/Modulo Tarea Compensacion/Dias con Permisos Pasivos Permitidos/a_Guardar_solicitudes' located by '//*/text()[normalize-space(.)='Guardar Legalizar']/parent::*' not found
	at com.kms.katalon.core.webui.common.WebUiCommonHelper.findWebElement(WebUiCommonHelper.java:1370)
	at com.kms.katalon.core.webui.keyword.internal.WebUIAbstractKeyword.findWebElement(WebUIAbstractKeyword.groovy:27)
	at com.kms.katalon.core.webui.keyword.builtin.ClickKeyword$_click_closure1.doCall(ClickKeyword.groovy:65)
	at com.kms.katalon.core.webui.keyword.builtin.ClickKeyword$_click_closure1.call(ClickKeyword.groovy)
	at com.kms.katalon.core.webui.keyword.internal.WebUIKeywordMain.runKeyword(WebUIKeywordMain.groovy:20)
	at com.kms.katalon.core.webui.keyword.builtin.ClickKeyword.click(ClickKeyword.groovy:74)
	at com.kms.katalon.core.webui.keyword.builtin.ClickKeyword.execute(ClickKeyword.groovy:40)
	at com.kms.katalon.core.keyword.internal.KeywordExecutor.executeKeywordForPlatform(KeywordExecutor.groovy:74)
	at com.kms.katalon.core.webui.keyword.WebUiBuiltInKeywords.click(WebUiBuiltInKeywords.groovy:620)
	at com.kms.katalon.core.webui.keyword.WebUiBuiltInKeywords$click$5.call(Unknown Source)
	at Script1548865857907.run(Script1548865857907.groovy:177)
	at com.kms.katalon.core.main.ScriptEngine.run(ScriptEngine.java:194)
	at com.kms.katalon.core.main.ScriptEngine.runScriptAsRawText(ScriptEngine.java:119)
	at com.kms.katalon.core.main.TestCaseExecutor.runScript(TestCaseExecutor.java:445)
	at com.kms.katalon.core.main.TestCaseExecutor.doExecute(TestCaseExecutor.java:436)
	at com.kms.katalon.core.main.TestCaseExecutor.processExecutionPhase(TestCaseExecutor.java:415)
	at com.kms.katalon.core.main.TestCaseExecutor.accessMainPhase(TestCaseExecutor.java:407)
	at com.kms.katalon.core.main.TestCaseExecutor.execute(TestCaseExecutor.java:284)
	at com.kms.katalon.core.main.TestCaseMain.runTestCase(TestCaseMain.java:142)
	at com.kms.katalon.core.keyword.builtin.CallTestCaseKeyword$_callTestCase_closure1.doCall(CallTestCaseKeyword.groovy:59)
	at com.kms.katalon.core.keyword.builtin.CallTestCaseKeyword$_callTestCase_closure1.call(CallTestCaseKeyword.groovy)
	at com.kms.katalon.core.keyword.internal.KeywordMain.runKeyword(KeywordMain.groovy:74)
	at com.kms.katalon.core.keyword.builtin.CallTestCaseKeyword.callTestCase(CallTestCaseKeyword.groovy:81)
	at com.kms.katalon.core.keyword.builtin.CallTestCaseKeyword.execute(CallTestCaseKeyword.groovy:44)
	at com.kms.katalon.core.keyword.internal.KeywordExecutor.executeKeywordForPlatform(KeywordExecutor.groovy:74)
	at com.kms.katalon.core.keyword.BuiltinKeywords.callTestCase(BuiltinKeywords.groovy:334)
	at Script1548864467260.run(Script1548864467260.groovy:19)
	at com.kms.katalon.core.main.ScriptEngine.run(ScriptEngine.java:194)
	at com.kms.katalon.core.main.ScriptEngine.runScriptAsRawText(ScriptEngine.java:119)
	at com.kms.katalon.core.main.TestCaseExecutor.runScript(TestCaseExecutor.java:445)
	at com.kms.katalon.core.main.TestCaseExecutor.doExecute(TestCaseExecutor.java:436)
	at com.kms.katalon.core.main.TestCaseExecutor.processExecutionPhase(TestCaseExecutor.java:415)
	at com.kms.katalon.core.main.TestCaseExecutor.accessMainPhase(TestCaseExecutor.java:407)
	at com.kms.katalon.core.main.TestCaseExecutor.execute(TestCaseExecutor.java:284)
	at com.kms.katalon.core.main.TestCaseMain.runTestCase(TestCaseMain.java:142)
	at com.kms.katalon.core.keyword.builtin.CallTestCaseKeyword$_callTestCase_closure1.doCall(CallTestCaseKeyword.groovy:59)
	at com.kms.katalon.core.keyword.builtin.CallTestCaseKeyword$_callTestCase_closure1.call(CallTestCaseKeyword.groovy)
	at com.kms.katalon.core.keyword.internal.KeywordMain.runKeyword(KeywordMain.groovy:74)
	at com.kms.katalon.core.keyword.builtin.CallTestCaseKeyword.callTestCase(CallTestCaseKeyword.groovy:81)
	at com.kms.katalon.core.keyword.builtin.CallTestCaseKeyword.execute(CallTestCaseKeyword.groovy:44)
	at com.kms.katalon.core.keyword.internal.KeywordExecutor.executeKeywordForPlatform(KeywordExecutor.groovy:74)
	at com.kms.katalon.core.keyword.BuiltinKeywords.callTestCase(BuiltinKeywords.groovy:334)
	at Script1548864505129.run(Script1548864505129.groovy:41)
	... 13 more
)
[[ATTACHMENT|C:\\Users\\diego.rojas\\git\\Pruebas-Minimas\\Reports\\20220610_082723\\Test_Suite_Principales\\1-Tareas Principales\\20220610_082723\\1654868280035.png]]

2022-06-10 08:38:00 - [MESSAGE][FAILED] - Unable to call Test Case 'Test Cases/1.1-Tareas Principales/1.1.6-crear vacaciones' (Root cause: com.kms.katalon.core.exception.StepFailedException: Call Test Case 'Test Cases/1.1-Tareas Principales/1.1.6-crear vacaciones' failed
	at com.kms.katalon.core.keyword.builtin.CallTestCaseKeyword$_callTestCase_closure1.doCall(CallTestCaseKeyword.groovy:63)
	at com.kms.katalon.core.keyword.builtin.CallTestCaseKeyword$_callTestCase_closure1.call(CallTestCaseKeyword.groovy)
	at com.kms.katalon.core.keyword.internal.KeywordMain.runKeyword(KeywordMain.groovy:74)
	at com.kms.katalon.core.keyword.builtin.CallTestCaseKeyword.callTestCase(CallTestCaseKeyword.groovy:81)
	at com.kms.katalon.core.keyword.builtin.CallTestCaseKeyword.execute(CallTestCaseKeyword.groovy:44)
	at com.kms.katalon.core.keyword.internal.KeywordExecutor.executeKeywordForPlatform(KeywordExecutor.groovy:74)
	at com.kms.katalon.core.keyword.BuiltinKeywords.callTestCase(BuiltinKeywords.groovy:334)
	at 1.1.7-Generar Vacaciones.run(1.1.7-Generar Vacaciones:19)
	at com.kms.katalon.core.main.ScriptEngine.run(ScriptEngine.java:194)
	at com.kms.katalon.core.main.ScriptEngine.runScriptAsRawText(ScriptEngine.java:119)
	at com.kms.katalon.core.main.TestCaseExecutor.runScript(TestCaseExecutor.java:445)
	at com.kms.katalon.core.main.TestCaseExecutor.doExecute(TestCaseExecutor.java:436)
	at com.kms.katalon.core.main.TestCaseExecutor.processExecutionPhase(TestCaseExecutor.java:415)
	at com.kms.katalon.core.main.TestCaseExecutor.accessMainPhase(TestCaseExecutor.java:407)
	at com.kms.katalon.core.main.TestCaseExecutor.execute(TestCaseExecutor.java:284)
	at com.kms.katalon.core.main.TestCaseMain.runTestCase(TestCaseMain.java:142)
	at com.kms.katalon.core.keyword.builtin.CallTestCaseKeyword$_callTestCase_closure1.doCall(CallTestCaseKeyword.groovy:59)
	at com.kms.katalon.core.keyword.builtin.CallTestCaseKeyword$_callTestCase_closure1.call(CallTestCaseKeyword.groovy)
	at com.kms.katalon.core.keyword.internal.KeywordMain.runKeyword(KeywordMain.groovy:74)
	at com.kms.katalon.core.keyword.builtin.CallTestCaseKeyword.callTestCase(CallTestCaseKeyword.groovy:81)
	at com.kms.katalon.core.keyword.builtin.CallTestCaseKeyword.execute(CallTestCaseKeyword.groovy:44)
	at com.kms.katalon.core.keyword.internal.KeywordExecutor.executeKeywordForPlatform(KeywordExecutor.groovy:74)
	at com.kms.katalon.core.keyword.BuiltinKeywords.callTestCase(BuiltinKeywords.groovy:334)
	at 1.1.8-Mantenimiento de Vacaciones Reliquidar.run(1.1.8-Mantenimiento de Vacaciones Reliquidar:41)
	at com.kms.katalon.core.main.ScriptEngine.run(ScriptEngine.java:194)
	at com.kms.katalon.core.main.ScriptEngine.runScriptAsRawText(ScriptEngine.java:119)
	at com.kms.katalon.core.main.TestCaseExecutor.runScript(TestCaseExecutor.java:445)
	at com.kms.katalon.core.main.TestCaseExecutor.doExecute(TestCaseExecutor.java:436)
	at com.kms.katalon.core.main.TestCaseExecutor.processExecutionPhase(TestCaseExecutor.java:415)
	at com.kms.katalon.core.main.TestCaseExecutor.accessMainPhase(TestCaseExecutor.java:407)
	at com.kms.katalon.core.main.TestCaseExecutor.execute(TestCaseExecutor.java:284)
	at com.kms.katalon.core.common.CommonExecutor.accessTestCaseMainPhase(CommonExecutor.java:65)
	at com.kms.katalon.core.main.TestSuiteExecutor.accessTestSuiteMainPhase(TestSuiteExecutor.java:144)
	at com.kms.katalon.core.main.TestSuiteExecutor.execute(TestSuiteExecutor.java:106)
	at com.kms.katalon.core.main.TestCaseMain.startTestSuite(TestCaseMain.java:185)
	at com.kms.katalon.core.main.TestCaseMain$startTestSuite$0.call(Unknown Source)
	at TempTestSuite1654867643956.run(TempTestSuite1654867643956.groovy:36)
Caused by: com.kms.katalon.core.exception.StepFailedException: Unable to click on object 'Object Repository/1-OBJECTS TAREAS PRINCIPALES/Modulo Tarea Compensacion/Dias con Permisos Pasivos Permitidos/a_Guardar_solicitudes'
	at com.kms.katalon.core.webui.keyword.internal.WebUIKeywordMain.stepFailed(WebUIKeywordMain.groovy:64)
	at com.kms.katalon.core.webui.keyword.internal.WebUIKeywordMain.runKeyword(WebUIKeywordMain.groovy:26)
	at com.kms.katalon.core.webui.keyword.builtin.ClickKeyword.click(ClickKeyword.groovy:74)
	at com.kms.katalon.core.webui.keyword.builtin.ClickKeyword.execute(ClickKeyword.groovy:40)
	at com.kms.katalon.core.keyword.internal.KeywordExecutor.executeKeywordForPlatform(KeywordExecutor.groovy:74)
	at com.kms.katalon.core.webui.keyword.WebUiBuiltInKeywords.click(WebUiBuiltInKeywords.groovy:620)
	at com.kms.katalon.core.webui.keyword.WebUiBuiltInKeywords$click$5.call(Unknown Source)
	at 1.1.6-crear vacaciones.run(1.1.6-crear vacaciones:177)
	at com.kms.katalon.core.main.ScriptEngine.run(ScriptEngine.java:194)
	at com.kms.katalon.core.main.ScriptEngine.runScriptAsRawText(ScriptEngine.java:119)
	at com.kms.katalon.core.main.TestCaseExecutor.runScript(TestCaseExecutor.java:445)
	at com.kms.katalon.core.main.TestCaseExecutor.doExecute(TestCaseExecutor.java:436)
	at com.kms.katalon.core.main.TestCaseExecutor.processExecutionPhase(TestCaseExecutor.java:415)
	at com.kms.katalon.core.main.TestCaseExecutor.accessMainPhase(TestCaseExecutor.java:407)
	at com.kms.katalon.core.main.TestCaseExecutor.execute(TestCaseExecutor.java:284)
	at com.kms.katalon.core.main.TestCaseMain.runTestCase(TestCaseMain.java:142)
	at com.kms.katalon.core.keyword.builtin.CallTestCaseKeyword$_callTestCase_closure1.doCall(CallTestCaseKeyword.groovy:59)
	... 36 more
Caused by: com.kms.katalon.core.webui.exception.WebElementNotFoundException: Web element with id: 'Object Repository/1-OBJECTS TAREAS PRINCIPALES/Modulo Tarea Compensacion/Dias con Permisos Pasivos Permitidos/a_Guardar_solicitudes' located by '//*/text()[normalize-space(.)='Guardar Legalizar']/parent::*' not found
	at com.kms.katalon.core.webui.common.WebUiCommonHelper.findWebElement(WebUiCommonHelper.java:1370)
	at com.kms.katalon.core.webui.keyword.internal.WebUIAbstractKeyword.findWebElement(WebUIAbstractKeyword.groovy:27)
	at com.kms.katalon.core.webui.keyword.builtin.ClickKeyword$_click_closure1.doCall(ClickKeyword.groovy:65)
	at com.kms.katalon.core.webui.keyword.builtin.ClickKeyword$_click_closure1.call(ClickKeyword.groovy)
	at com.kms.katalon.core.webui.keyword.internal.WebUIKeywordMain.runKeyword(WebUIKeywordMain.groovy:20)
	... 51 more
)

2022-06-10 08:38:00 - [MESSAGE][FAILED] - Unable to call Test Case 'Test Cases/1.1-Tareas Principales/1.1.7-Generar Vacaciones' (Root cause: com.kms.katalon.core.exception.StepFailedException: Call Test Case 'Test Cases/1.1-Tareas Principales/1.1.7-Generar Vacaciones' failed
	at com.kms.katalon.core.keyword.builtin.CallTestCaseKeyword$_callTestCase_closure1.doCall(CallTestCaseKeyword.groovy:63)
	at com.kms.katalon.core.keyword.builtin.CallTestCaseKeyword$_callTestCase_closure1.call(CallTestCaseKeyword.groovy)
	at com.kms.katalon.core.keyword.internal.KeywordMain.runKeyword(KeywordMain.groovy:74)
	at com.kms.katalon.core.keyword.builtin.CallTestCaseKeyword.callTestCase(CallTestCaseKeyword.groovy:81)
	at com.kms.katalon.core.keyword.builtin.CallTestCaseKeyword.execute(CallTestCaseKeyword.groovy:44)
	at com.kms.katalon.core.keyword.internal.KeywordExecutor.executeKeywordForPlatform(KeywordExecutor.groovy:74)
	at com.kms.katalon.core.keyword.BuiltinKeywords.callTestCase(BuiltinKeywords.groovy:334)
	at 1.1.8-Mantenimiento de Vacaciones Reliquidar.run(1.1.8-Mantenimiento de Vacaciones Reliquidar:41)
	at com.kms.katalon.core.main.ScriptEngine.run(ScriptEngine.java:194)
	at com.kms.katalon.core.main.ScriptEngine.runScriptAsRawText(ScriptEngine.java:119)
	at com.kms.katalon.core.main.TestCaseExecutor.runScript(TestCaseExecutor.java:445)
	at com.kms.katalon.core.main.TestCaseExecutor.doExecute(TestCaseExecutor.java:436)
	at com.kms.katalon.core.main.TestCaseExecutor.processExecutionPhase(TestCaseExecutor.java:415)
	at com.kms.katalon.core.main.TestCaseExecutor.accessMainPhase(TestCaseExecutor.java:407)
	at com.kms.katalon.core.main.TestCaseExecutor.execute(TestCaseExecutor.java:284)
	at com.kms.katalon.core.common.CommonExecutor.accessTestCaseMainPhase(CommonExecutor.java:65)
	at com.kms.katalon.core.main.TestSuiteExecutor.accessTestSuiteMainPhase(TestSuiteExecutor.java:144)
	at com.kms.katalon.core.main.TestSuiteExecutor.execute(TestSuiteExecutor.java:106)
	at com.kms.katalon.core.main.TestCaseMain.startTestSuite(TestCaseMain.java:185)
	at com.kms.katalon.core.main.TestCaseMain$startTestSuite$0.call(Unknown Source)
	at TempTestSuite1654867643956.run(TempTestSuite1654867643956.groovy:36)
Caused by: com.kms.katalon.core.exception.StepFailedException: Call Test Case 'Test Cases/1.1-Tareas Principales/1.1.6-crear vacaciones' failed
	at com.kms.katalon.core.keyword.builtin.CallTestCaseKeyword$_callTestCase_closure1.doCall(CallTestCaseKeyword.groovy:63)
	at com.kms.katalon.core.keyword.builtin.CallTestCaseKeyword$_callTestCase_closure1.call(CallTestCaseKeyword.groovy)
	at com.kms.katalon.core.keyword.internal.KeywordMain.runKeyword(KeywordMain.groovy:74)
	at com.kms.katalon.core.keyword.builtin.CallTestCaseKeyword.callTestCase(CallTestCaseKeyword.groovy:81)
	at com.kms.katalon.core.keyword.builtin.CallTestCaseKeyword.execute(CallTestCaseKeyword.groovy:44)
	at com.kms.katalon.core.keyword.internal.KeywordExecutor.executeKeywordForPlatform(KeywordExecutor.groovy:74)
	at com.kms.katalon.core.keyword.BuiltinKeywords.callTestCase(BuiltinKeywords.groovy:334)
	at 1.1.7-Generar Vacaciones.run(1.1.7-Generar Vacaciones:19)
	at com.kms.katalon.core.main.ScriptEngine.run(ScriptEngine.java:194)
	at com.kms.katalon.core.main.ScriptEngine.runScriptAsRawText(ScriptEngine.java:119)
	at com.kms.katalon.core.main.TestCaseExecutor.runScript(TestCaseExecutor.java:445)
	at com.kms.katalon.core.main.TestCaseExecutor.doExecute(TestCaseExecutor.java:436)
	at com.kms.katalon.core.main.TestCaseExecutor.processExecutionPhase(TestCaseExecutor.java:415)
	at com.kms.katalon.core.main.TestCaseExecutor.accessMainPhase(TestCaseExecutor.java:407)
	at com.kms.katalon.core.main.TestCaseExecutor.execute(TestCaseExecutor.java:284)
	at com.kms.katalon.core.main.TestCaseMain.runTestCase(TestCaseMain.java:142)
	at com.kms.katalon.core.keyword.builtin.CallTestCaseKeyword$_callTestCase_closure1.doCall(CallTestCaseKeyword.groovy:59)
	... 20 more
Caused by: com.kms.katalon.core.exception.StepFailedException: Unable to click on object 'Object Repository/1-OBJECTS TAREAS PRINCIPALES/Modulo Tarea Compensacion/Dias con Permisos Pasivos Permitidos/a_Guardar_solicitudes'
	at com.kms.katalon.core.webui.keyword.internal.WebUIKeywordMain.stepFailed(WebUIKeywordMain.groovy:64)
	at com.kms.katalon.core.webui.keyword.internal.WebUIKeywordMain.runKeyword(WebUIKeywordMain.groovy:26)
	at com.kms.katalon.core.webui.keyword.builtin.ClickKeyword.click(ClickKeyword.groovy:74)
	at com.kms.katalon.core.webui.keyword.builtin.ClickKeyword.execute(ClickKeyword.groovy:40)
	at com.kms.katalon.core.keyword.internal.KeywordExecutor.executeKeywordForPlatform(KeywordExecutor.groovy:74)
	at com.kms.katalon.core.webui.keyword.WebUiBuiltInKeywords.click(WebUiBuiltInKeywords.groovy:620)
	at com.kms.katalon.core.webui.keyword.WebUiBuiltInKeywords$click$5.call(Unknown Source)
	at 1.1.6-crear vacaciones.run(1.1.6-crear vacaciones:177)
	at com.kms.katalon.core.main.ScriptEngine.run(ScriptEngine.java:194)
	at com.kms.katalon.core.main.ScriptEngine.runScriptAsRawText(ScriptEngine.java:119)
	at com.kms.katalon.core.main.TestCaseExecutor.runScript(TestCaseExecutor.java:445)
	at com.kms.katalon.core.main.TestCaseExecutor.doExecute(TestCaseExecutor.java:436)
	at com.kms.katalon.core.main.TestCaseExecutor.processExecutionPhase(TestCaseExecutor.java:415)
	at com.kms.katalon.core.main.TestCaseExecutor.accessMainPhase(TestCaseExecutor.java:407)
	at com.kms.katalon.core.main.TestCaseExecutor.execute(TestCaseExecutor.java:284)
	at com.kms.katalon.core.main.TestCaseMain.runTestCase(TestCaseMain.java:142)
	at com.kms.katalon.core.keyword.builtin.CallTestCaseKeyword$_callTestCase_closure1.doCall(CallTestCaseKeyword.groovy:59)
	... 36 more
Caused by: com.kms.katalon.core.webui.exception.WebElementNotFoundException: Web element with id: 'Object Repository/1-OBJECTS TAREAS PRINCIPALES/Modulo Tarea Compensacion/Dias con Permisos Pasivos Permitidos/a_Guardar_solicitudes' located by '//*/text()[normalize-space(.)='Guardar Legalizar']/parent::*' not found
	at com.kms.katalon.core.webui.common.WebUiCommonHelper.findWebElement(WebUiCommonHelper.java:1370)
	at com.kms.katalon.core.webui.keyword.internal.WebUIAbstractKeyword.findWebElement(WebUIAbstractKeyword.groovy:27)
	at com.kms.katalon.core.webui.keyword.builtin.ClickKeyword$_click_closure1.doCall(ClickKeyword.groovy:65)
	at com.kms.katalon.core.webui.keyword.builtin.ClickKeyword$_click_closure1.call(ClickKeyword.groovy)
	at com.kms.katalon.core.webui.keyword.internal.WebUIKeywordMain.runKeyword(WebUIKeywordMain.groovy:20)
	... 51 more
)]]></system-out>
         <system-err><![CDATA[2022-06-10 08:35:50 - [TEST_CASE][FAILED] - Test Cases/1.1-Tareas Principales/1.1.8-Mantenimiento de Vacaciones Reliquidar: Test Cases/1.1-Tareas Principales/1.1.8-Mantenimiento de Vacaciones Reliquidar FAILED.
Reason:
com.kms.katalon.core.exception.StepFailedException: Call Test Case 'Test Cases/1.1-Tareas Principales/1.1.7-Generar Vacaciones' failed
	at com.kms.katalon.core.keyword.builtin.CallTestCaseKeyword$_callTestCase_closure1.doCall(CallTestCaseKeyword.groovy:63)
	at com.kms.katalon.core.keyword.builtin.CallTestCaseKeyword$_callTestCase_closure1.call(CallTestCaseKeyword.groovy)
	at com.kms.katalon.core.keyword.internal.KeywordMain.runKeyword(KeywordMain.groovy:74)
	at com.kms.katalon.core.keyword.builtin.CallTestCaseKeyword.callTestCase(CallTestCaseKeyword.groovy:81)
	at com.kms.katalon.core.keyword.builtin.CallTestCaseKeyword.execute(CallTestCaseKeyword.groovy:44)
	at com.kms.katalon.core.keyword.internal.KeywordExecutor.executeKeywordForPlatform(KeywordExecutor.groovy:74)
	at com.kms.katalon.core.keyword.BuiltinKeywords.callTestCase(BuiltinKeywords.groovy:334)
	at 1.1.8-Mantenimiento de Vacaciones Reliquidar.run(1.1.8-Mantenimiento de Vacaciones Reliquidar:41)
	at com.kms.katalon.core.main.ScriptEngine.run(ScriptEngine.java:194)
	at com.kms.katalon.core.main.ScriptEngine.runScriptAsRawText(ScriptEngine.java:119)
	at com.kms.katalon.core.main.TestCaseExecutor.runScript(TestCaseExecutor.java:445)
	at com.kms.katalon.core.main.TestCaseExecutor.doExecute(TestCaseExecutor.java:436)
	at com.kms.katalon.core.main.TestCaseExecutor.processExecutionPhase(TestCaseExecutor.java:415)
	at com.kms.katalon.core.main.TestCaseExecutor.accessMainPhase(TestCaseExecutor.java:407)
	at com.kms.katalon.core.main.TestCaseExecutor.execute(TestCaseExecutor.java:284)
	at com.kms.katalon.core.common.CommonExecutor.accessTestCaseMainPhase(CommonExecutor.java:65)
	at com.kms.katalon.core.main.TestSuiteExecutor.accessTestSuiteMainPhase(TestSuiteExecutor.java:144)
	at com.kms.katalon.core.main.TestSuiteExecutor.execute(TestSuiteExecutor.java:106)
	at com.kms.katalon.core.main.TestCaseMain.startTestSuite(TestCaseMain.java:185)
	at com.kms.katalon.core.main.TestCaseMain$startTestSuite$0.call(Unknown Source)
	at TempTestSuite1654867643956.run(TempTestSuite1654867643956.groovy:36)
Caused by: com.kms.katalon.core.exception.StepFailedException: Call Test Case 'Test Cases/1.1-Tareas Principales/1.1.6-crear vacaciones' failed
	at com.kms.katalon.core.keyword.builtin.CallTestCaseKeyword$_callTestCase_closure1.doCall(CallTestCaseKeyword.groovy:63)
	at com.kms.katalon.core.keyword.builtin.CallTestCaseKeyword$_callTestCase_closure1.call(CallTestCaseKeyword.groovy)
	at com.kms.katalon.core.keyword.internal.KeywordMain.runKeyword(KeywordMain.groovy:74)
	at com.kms.katalon.core.keyword.builtin.CallTestCaseKeyword.callTestCase(CallTestCaseKeyword.groovy:81)
	at com.kms.katalon.core.keyword.builtin.CallTestCaseKeyword.execute(CallTestCaseKeyword.groovy:44)
	at com.kms.katalon.core.keyword.internal.KeywordExecutor.executeKeywordForPlatform(KeywordExecutor.groovy:74)
	at com.kms.katalon.core.keyword.BuiltinKeywords.callTestCase(BuiltinKeywords.groovy:334)
	at 1.1.7-Generar Vacaciones.run(1.1.7-Generar Vacaciones:19)
	at com.kms.katalon.core.main.ScriptEngine.run(ScriptEngine.java:194)
	at com.kms.katalon.core.main.ScriptEngine.runScriptAsRawText(ScriptEngine.java:119)
	at com.kms.katalon.core.main.TestCaseExecutor.runScript(TestCaseExecutor.java:445)
	at com.kms.katalon.core.main.TestCaseExecutor.doExecute(TestCaseExecutor.java:436)
	at com.kms.katalon.core.main.TestCaseExecutor.processExecutionPhase(TestCaseExecutor.java:415)
	at com.kms.katalon.core.main.TestCaseExecutor.accessMainPhase(TestCaseExecutor.java:407)
	at com.kms.katalon.core.main.TestCaseExecutor.execute(TestCaseExecutor.java:284)
	at com.kms.katalon.core.main.TestCaseMain.runTestCase(TestCaseMain.java:142)
	at com.kms.katalon.core.keyword.builtin.CallTestCaseKeyword$_callTestCase_closure1.doCall(CallTestCaseKeyword.groovy:59)
	... 20 more
Caused by: com.kms.katalon.core.exception.StepFailedException: Unable to click on object 'Object Repository/1-OBJECTS TAREAS PRINCIPALES/Modulo Tarea Compensacion/Dias con Permisos Pasivos Permitidos/a_Guardar_solicitudes'
	at com.kms.katalon.core.webui.keyword.internal.WebUIKeywordMain.stepFailed(WebUIKeywordMain.groovy:64)
	at com.kms.katalon.core.webui.keyword.internal.WebUIKeywordMain.runKeyword(WebUIKeywordMain.groovy:26)
	at com.kms.katalon.core.webui.keyword.builtin.ClickKeyword.click(ClickKeyword.groovy:74)
	at com.kms.katalon.core.webui.keyword.builtin.ClickKeyword.execute(ClickKeyword.groovy:40)
	at com.kms.katalon.core.keyword.internal.KeywordExecutor.executeKeywordForPlatform(KeywordExecutor.groovy:74)
	at com.kms.katalon.core.webui.keyword.WebUiBuiltInKeywords.click(WebUiBuiltInKeywords.groovy:620)
	at com.kms.katalon.core.webui.keyword.WebUiBuiltInKeywords$click$5.call(Unknown Source)
	at 1.1.6-crear vacaciones.run(1.1.6-crear vacaciones:177)
	at com.kms.katalon.core.main.ScriptEngine.run(ScriptEngine.java:194)
	at com.kms.katalon.core.main.ScriptEngine.runScriptAsRawText(ScriptEngine.java:119)
	at com.kms.katalon.core.main.TestCaseExecutor.runScript(TestCaseExecutor.java:445)
	at com.kms.katalon.core.main.TestCaseExecutor.doExecute(TestCaseExecutor.java:436)
	at com.kms.katalon.core.main.TestCaseExecutor.processExecutionPhase(TestCaseExecutor.java:415)
	at com.kms.katalon.core.main.TestCaseExecutor.accessMainPhase(TestCaseExecutor.java:407)
	at com.kms.katalon.core.main.TestCaseExecutor.execute(TestCaseExecutor.java:284)
	at com.kms.katalon.core.main.TestCaseMain.runTestCase(TestCaseMain.java:142)
	at com.kms.katalon.core.keyword.builtin.CallTestCaseKeyword$_callTestCase_closure1.doCall(CallTestCaseKeyword.groovy:59)
	... 36 more
Caused by: com.kms.katalon.core.webui.exception.WebElementNotFoundException: Web element with id: 'Object Repository/1-OBJECTS TAREAS PRINCIPALES/Modulo Tarea Compensacion/Dias con Permisos Pasivos Permitidos/a_Guardar_solicitudes' located by '//*/text()[normalize-space(.)='Guardar Legalizar']/parent::*' not found
	at com.kms.katalon.core.webui.common.WebUiCommonHelper.findWebElement(WebUiCommonHelper.java:1370)
	at com.kms.katalon.core.webui.keyword.internal.WebUIAbstractKeyword.findWebElement(WebUIAbstractKeyword.groovy:27)
	at com.kms.katalon.core.webui.keyword.builtin.ClickKeyword$_click_closure1.doCall(ClickKeyword.groovy:65)
	at com.kms.katalon.core.webui.keyword.builtin.ClickKeyword$_click_closure1.call(ClickKeyword.groovy)
	at com.kms.katalon.core.webui.keyword.internal.WebUIKeywordMain.runKeyword(WebUIKeywordMain.groovy:20)
	... 51 more]]></system-err>
      </testcase>
      <testcase name="Test Cases/1.1-Tareas Principales/1.1.9-Imprimir comprobante de vacaciones" time="131.014" classname="Test Cases/1.1-Tareas Principales/1.1.9-Imprimir comprobante de vacaciones" status="FAILED">
         <failure type="FAILED" message="Test Cases/1.1-Tareas Principales/1.1.9-Imprimir comprobante de vacaciones FAILED.
Reason:
com.kms.katalon.core.exception.StepFailedException: Call Test Case 'Test Cases/1.1-Tareas Principales/1.1.8-Mantenimiento de Vacaciones Reliquidar' failed
	at com.kms.katalon.core.keyword.builtin.CallTestCaseKeyword$_callTestCase_closure1.doCall(CallTestCaseKeyword.groovy:63)
	at com.kms.katalon.core.keyword.builtin.CallTestCaseKeyword$_callTestCase_closure1.call(CallTestCaseKeyword.groovy)
	at com.kms.katalon.core.keyword.internal.KeywordMain.runKeyword(KeywordMain.groovy:74)
	at com.kms.katalon.core.keyword.builtin.CallTestCaseKeyword.callTestCase(CallTestCaseKeyword.groovy:81)
	at com.kms.katalon.core.keyword.builtin.CallTestCaseKeyword.execute(CallTestCaseKeyword.groovy:44)
	at com.kms.katalon.core.keyword.internal.KeywordExecutor.executeKeywordForPlatform(KeywordExecutor.groovy:74)
	at com.kms.katalon.core.keyword.BuiltinKeywords.callTestCase(BuiltinKeywords.groovy:334)
	at 1.1.9-Imprimir comprobante de vacaciones.run(1.1.9-Imprimir comprobante de vacaciones:18)
	at com.kms.katalon.core.main.ScriptEngine.run(ScriptEngine.java:194)
	at com.kms.katalon.core.main.ScriptEngine.runScriptAsRawText(ScriptEngine.java:119)
	at com.kms.katalon.core.main.TestCaseExecutor.runScript(TestCaseExecutor.java:445)
	at com.kms.katalon.core.main.TestCaseExecutor.doExecute(TestCaseExecutor.java:436)
	at com.kms.katalon.core.main.TestCaseExecutor.processExecutionPhase(TestCaseExecutor.java:415)
	at com.kms.katalon.core.main.TestCaseExecutor.accessMainPhase(TestCaseExecutor.java:407)
	at com.kms.katalon.core.main.TestCaseExecutor.execute(TestCaseExecutor.java:284)
	at com.kms.katalon.core.common.CommonExecutor.accessTestCaseMainPhase(CommonExecutor.java:65)
	at com.kms.katalon.core.main.TestSuiteExecutor.accessTestSuiteMainPhase(TestSuiteExecutor.java:144)
	at com.kms.katalon.core.main.TestSuiteExecutor.execute(TestSuiteExecutor.java:106)
	at com.kms.katalon.core.main.TestCaseMain.startTestSuite(TestCaseMain.java:185)
	at com.kms.katalon.core.main.TestCaseMain$startTestSuite$0.call(Unknown Source)
	at TempTestSuite1654867643956.run(TempTestSuite1654867643956.groovy:36)
Caused by: com.kms.katalon.core.exception.StepFailedException: Call Test Case 'Test Cases/1.1-Tareas Principales/1.1.7-Generar Vacaciones' failed
	at com.kms.katalon.core.keyword.builtin.CallTestCaseKeyword$_callTestCase_closure1.doCall(CallTestCaseKeyword.groovy:63)
	at com.kms.katalon.core.keyword.builtin.CallTestCaseKeyword$_callTestCase_closure1.call(CallTestCaseKeyword.groovy)
	at com.kms.katalon.core.keyword.internal.KeywordMain.runKeyword(KeywordMain.groovy:74)
	at com.kms.katalon.core.keyword.builtin.CallTestCaseKeyword.callTestCase(CallTestCaseKeyword.groovy:81)
	at com.kms.katalon.core.keyword.builtin.CallTestCaseKeyword.execute(CallTestCaseKeyword.groovy:44)
	at com.kms.katalon.core.keyword.internal.KeywordExecutor.executeKeywordForPlatform(KeywordExecutor.groovy:74)
	at com.kms.katalon.core.keyword.BuiltinKeywords.callTestCase(BuiltinKeywords.groovy:334)
	at 1.1.8-Mantenimiento de Vacaciones Reliquidar.run(1.1.8-Mantenimiento de Vacaciones Reliquidar:41)
	at com.kms.katalon.core.main.ScriptEngine.run(ScriptEngine.java:194)
	at com.kms.katalon.core.main.ScriptEngine.runScriptAsRawText(ScriptEngine.java:119)
	at com.kms.katalon.core.main.TestCaseExecutor.runScript(TestCaseExecutor.java:445)
	at com.kms.katalon.core.main.TestCaseExecutor.doExecute(TestCaseExecutor.java:436)
	at com.kms.katalon.core.main.TestCaseExecutor.processExecutionPhase(TestCaseExecutor.java:415)
	at com.kms.katalon.core.main.TestCaseExecutor.accessMainPhase(TestCaseExecutor.java:407)
	at com.kms.katalon.core.main.TestCaseExecutor.execute(TestCaseExecutor.java:284)
	at com.kms.katalon.core.main.TestCaseMain.runTestCase(TestCaseMain.java:142)
	at com.kms.katalon.core.keyword.builtin.CallTestCaseKeyword$_callTestCase_closure1.doCall(CallTestCaseKeyword.groovy:59)
	... 20 more
Caused by: com.kms.katalon.core.exception.StepFailedException: Call Test Case 'Test Cases/1.1-Tareas Principales/1.1.6-crear vacaciones' failed
	at com.kms.katalon.core.keyword.builtin.CallTestCaseKeyword$_callTestCase_closure1.doCall(CallTestCaseKeyword.groovy:63)
	at com.kms.katalon.core.keyword.builtin.CallTestCaseKeyword$_callTestCase_closure1.call(CallTestCaseKeyword.groovy)
	at com.kms.katalon.core.keyword.internal.KeywordMain.runKeyword(KeywordMain.groovy:74)
	at com.kms.katalon.core.keyword.builtin.CallTestCaseKeyword.callTestCase(CallTestCaseKeyword.groovy:81)
	at com.kms.katalon.core.keyword.builtin.CallTestCaseKeyword.execute(CallTestCaseKeyword.groovy:44)
	at com.kms.katalon.core.keyword.internal.KeywordExecutor.executeKeywordForPlatform(KeywordExecutor.groovy:74)
	at com.kms.katalon.core.keyword.BuiltinKeywords.callTestCase(BuiltinKeywords.groovy:334)
	at 1.1.7-Generar Vacaciones.run(1.1.7-Generar Vacaciones:19)
	at com.kms.katalon.core.main.ScriptEngine.run(ScriptEngine.java:194)
	at com.kms.katalon.core.main.ScriptEngine.runScriptAsRawText(ScriptEngine.java:119)
	at com.kms.katalon.core.main.TestCaseExecutor.runScript(TestCaseExecutor.java:445)
	at com.kms.katalon.core.main.TestCaseExecutor.doExecute(TestCaseExecutor.java:436)
	at com.kms.katalon.core.main.TestCaseExecutor.processExecutionPhase(TestCaseExecutor.java:415)
	at com.kms.katalon.core.main.TestCaseExecutor.accessMainPhase(TestCaseExecutor.java:407)
	at com.kms.katalon.core.main.TestCaseExecutor.execute(TestCaseExecutor.java:284)
	at com.kms.katalon.core.main.TestCaseMain.runTestCase(TestCaseMain.java:142)
	at com.kms.katalon.core.keyword.builtin.CallTestCaseKeyword$_callTestCase_closure1.doCall(CallTestCaseKeyword.groovy:59)
	... 36 more
Caused by: com.kms.katalon.core.exception.StepFailedException: Unable to click on object 'Object Repository/1-OBJECTS TAREAS PRINCIPALES/Modulo Tarea Compensacion/Dias con Permisos Pasivos Permitidos/a_Guardar_solicitudes'
	at com.kms.katalon.core.webui.keyword.internal.WebUIKeywordMain.stepFailed(WebUIKeywordMain.groovy:64)
	at com.kms.katalon.core.webui.keyword.internal.WebUIKeywordMain.runKeyword(WebUIKeywordMain.groovy:26)
	at com.kms.katalon.core.webui.keyword.builtin.ClickKeyword.click(ClickKeyword.groovy:74)
	at com.kms.katalon.core.webui.keyword.builtin.ClickKeyword.execute(ClickKeyword.groovy:40)
	at com.kms.katalon.core.keyword.internal.KeywordExecutor.executeKeywordForPlatform(KeywordExecutor.groovy:74)
	at com.kms.katalon.core.webui.keyword.WebUiBuiltInKeywords.click(WebUiBuiltInKeywords.groovy:620)
	at com.kms.katalon.core.webui.keyword.WebUiBuiltInKeywords$click$5.call(Unknown Source)
	at 1.1.6-crear vacaciones.run(1.1.6-crear vacaciones:177)
	at com.kms.katalon.core.main.ScriptEngine.run(ScriptEngine.java:194)
	at com.kms.katalon.core.main.ScriptEngine.runScriptAsRawText(ScriptEngine.java:119)
	at com.kms.katalon.core.main.TestCaseExecutor.runScript(TestCaseExecutor.java:445)
	at com.kms.katalon.core.main.TestCaseExecutor.doExecute(TestCaseExecutor.java:436)
	at com.kms.katalon.core.main.TestCaseExecutor.processExecutionPhase(TestCaseExecutor.java:415)
	at com.kms.katalon.core.main.TestCaseExecutor.accessMainPhase(TestCaseExecutor.java:407)
	at com.kms.katalon.core.main.TestCaseExecutor.execute(TestCaseExecutor.java:284)
	at com.kms.katalon.core.main.TestCaseMain.runTestCase(TestCaseMain.java:142)
	at com.kms.katalon.core.keyword.builtin.CallTestCaseKeyword$_callTestCase_closure1.doCall(CallTestCaseKeyword.groovy:59)
	... 52 more
Caused by: com.kms.katalon.core.webui.exception.WebElementNotFoundException: Web element with id: 'Object Repository/1-OBJECTS TAREAS PRINCIPALES/Modulo Tarea Compensacion/Dias con Permisos Pasivos Permitidos/a_Guardar_solicitudes' located by '//*/text()[normalize-space(.)='Guardar Legalizar']/parent::*' not found
	at com.kms.katalon.core.webui.common.WebUiCommonHelper.findWebElement(WebUiCommonHelper.java:1370)
	at com.kms.katalon.core.webui.keyword.internal.WebUIAbstractKeyword.findWebElement(WebUIAbstractKeyword.groovy:27)
	at com.kms.katalon.core.webui.keyword.builtin.ClickKeyword$_click_closure1.doCall(ClickKeyword.groovy:65)
	at com.kms.katalon.core.webui.keyword.builtin.ClickKeyword$_click_closure1.call(ClickKeyword.groovy)
	at com.kms.katalon.core.webui.keyword.internal.WebUIKeywordMain.runKeyword(WebUIKeywordMain.groovy:20)
	... 67 more
"/>
         <system-out><![CDATA[2022-06-10 08:38:00 - [TEST_CASE][FAILED] - Test Cases/1.1-Tareas Principales/1.1.9-Imprimir comprobante de vacaciones: Test Cases/1.1-Tareas Principales/1.1.9-Imprimir comprobante de vacaciones FAILED.
Reason:
com.kms.katalon.core.exception.StepFailedException: Call Test Case 'Test Cases/1.1-Tareas Principales/1.1.8-Mantenimiento de Vacaciones Reliquidar' failed
	at com.kms.katalon.core.keyword.builtin.CallTestCaseKeyword$_callTestCase_closure1.doCall(CallTestCaseKeyword.groovy:63)
	at com.kms.katalon.core.keyword.builtin.CallTestCaseKeyword$_callTestCase_closure1.call(CallTestCaseKeyword.groovy)
	at com.kms.katalon.core.keyword.internal.KeywordMain.runKeyword(KeywordMain.groovy:74)
	at com.kms.katalon.core.keyword.builtin.CallTestCaseKeyword.callTestCase(CallTestCaseKeyword.groovy:81)
	at com.kms.katalon.core.keyword.builtin.CallTestCaseKeyword.execute(CallTestCaseKeyword.groovy:44)
	at com.kms.katalon.core.keyword.internal.KeywordExecutor.executeKeywordForPlatform(KeywordExecutor.groovy:74)
	at com.kms.katalon.core.keyword.BuiltinKeywords.callTestCase(BuiltinKeywords.groovy:334)
	at 1.1.9-Imprimir comprobante de vacaciones.run(1.1.9-Imprimir comprobante de vacaciones:18)
	at com.kms.katalon.core.main.ScriptEngine.run(ScriptEngine.java:194)
	at com.kms.katalon.core.main.ScriptEngine.runScriptAsRawText(ScriptEngine.java:119)
	at com.kms.katalon.core.main.TestCaseExecutor.runScript(TestCaseExecutor.java:445)
	at com.kms.katalon.core.main.TestCaseExecutor.doExecute(TestCaseExecutor.java:436)
	at com.kms.katalon.core.main.TestCaseExecutor.processExecutionPhase(TestCaseExecutor.java:415)
	at com.kms.katalon.core.main.TestCaseExecutor.accessMainPhase(TestCaseExecutor.java:407)
	at com.kms.katalon.core.main.TestCaseExecutor.execute(TestCaseExecutor.java:284)
	at com.kms.katalon.core.common.CommonExecutor.accessTestCaseMainPhase(CommonExecutor.java:65)
	at com.kms.katalon.core.main.TestSuiteExecutor.accessTestSuiteMainPhase(TestSuiteExecutor.java:144)
	at com.kms.katalon.core.main.TestSuiteExecutor.execute(TestSuiteExecutor.java:106)
	at com.kms.katalon.core.main.TestCaseMain.startTestSuite(TestCaseMain.java:185)
	at com.kms.katalon.core.main.TestCaseMain$startTestSuite$0.call(Unknown Source)
	at TempTestSuite1654867643956.run(TempTestSuite1654867643956.groovy:36)
Caused by: com.kms.katalon.core.exception.StepFailedException: Call Test Case 'Test Cases/1.1-Tareas Principales/1.1.7-Generar Vacaciones' failed
	at com.kms.katalon.core.keyword.builtin.CallTestCaseKeyword$_callTestCase_closure1.doCall(CallTestCaseKeyword.groovy:63)
	at com.kms.katalon.core.keyword.builtin.CallTestCaseKeyword$_callTestCase_closure1.call(CallTestCaseKeyword.groovy)
	at com.kms.katalon.core.keyword.internal.KeywordMain.runKeyword(KeywordMain.groovy:74)
	at com.kms.katalon.core.keyword.builtin.CallTestCaseKeyword.callTestCase(CallTestCaseKeyword.groovy:81)
	at com.kms.katalon.core.keyword.builtin.CallTestCaseKeyword.execute(CallTestCaseKeyword.groovy:44)
	at com.kms.katalon.core.keyword.internal.KeywordExecutor.executeKeywordForPlatform(KeywordExecutor.groovy:74)
	at com.kms.katalon.core.keyword.BuiltinKeywords.callTestCase(BuiltinKeywords.groovy:334)
	at 1.1.8-Mantenimiento de Vacaciones Reliquidar.run(1.1.8-Mantenimiento de Vacaciones Reliquidar:41)
	at com.kms.katalon.core.main.ScriptEngine.run(ScriptEngine.java:194)
	at com.kms.katalon.core.main.ScriptEngine.runScriptAsRawText(ScriptEngine.java:119)
	at com.kms.katalon.core.main.TestCaseExecutor.runScript(TestCaseExecutor.java:445)
	at com.kms.katalon.core.main.TestCaseExecutor.doExecute(TestCaseExecutor.java:436)
	at com.kms.katalon.core.main.TestCaseExecutor.processExecutionPhase(TestCaseExecutor.java:415)
	at com.kms.katalon.core.main.TestCaseExecutor.accessMainPhase(TestCaseExecutor.java:407)
	at com.kms.katalon.core.main.TestCaseExecutor.execute(TestCaseExecutor.java:284)
	at com.kms.katalon.core.main.TestCaseMain.runTestCase(TestCaseMain.java:142)
	at com.kms.katalon.core.keyword.builtin.CallTestCaseKeyword$_callTestCase_closure1.doCall(CallTestCaseKeyword.groovy:59)
	... 20 more
Caused by: com.kms.katalon.core.exception.StepFailedException: Call Test Case 'Test Cases/1.1-Tareas Principales/1.1.6-crear vacaciones' failed
	at com.kms.katalon.core.keyword.builtin.CallTestCaseKeyword$_callTestCase_closure1.doCall(CallTestCaseKeyword.groovy:63)
	at com.kms.katalon.core.keyword.builtin.CallTestCaseKeyword$_callTestCase_closure1.call(CallTestCaseKeyword.groovy)
	at com.kms.katalon.core.keyword.internal.KeywordMain.runKeyword(KeywordMain.groovy:74)
	at com.kms.katalon.core.keyword.builtin.CallTestCaseKeyword.callTestCase(CallTestCaseKeyword.groovy:81)
	at com.kms.katalon.core.keyword.builtin.CallTestCaseKeyword.execute(CallTestCaseKeyword.groovy:44)
	at com.kms.katalon.core.keyword.internal.KeywordExecutor.executeKeywordForPlatform(KeywordExecutor.groovy:74)
	at com.kms.katalon.core.keyword.BuiltinKeywords.callTestCase(BuiltinKeywords.groovy:334)
	at 1.1.7-Generar Vacaciones.run(1.1.7-Generar Vacaciones:19)
	at com.kms.katalon.core.main.ScriptEngine.run(ScriptEngine.java:194)
	at com.kms.katalon.core.main.ScriptEngine.runScriptAsRawText(ScriptEngine.java:119)
	at com.kms.katalon.core.main.TestCaseExecutor.runScript(TestCaseExecutor.java:445)
	at com.kms.katalon.core.main.TestCaseExecutor.doExecute(TestCaseExecutor.java:436)
	at com.kms.katalon.core.main.TestCaseExecutor.processExecutionPhase(TestCaseExecutor.java:415)
	at com.kms.katalon.core.main.TestCaseExecutor.accessMainPhase(TestCaseExecutor.java:407)
	at com.kms.katalon.core.main.TestCaseExecutor.execute(TestCaseExecutor.java:284)
	at com.kms.katalon.core.main.TestCaseMain.runTestCase(TestCaseMain.java:142)
	at com.kms.katalon.core.keyword.builtin.CallTestCaseKeyword$_callTestCase_closure1.doCall(CallTestCaseKeyword.groovy:59)
	... 36 more
Caused by: com.kms.katalon.core.exception.StepFailedException: Unable to click on object 'Object Repository/1-OBJECTS TAREAS PRINCIPALES/Modulo Tarea Compensacion/Dias con Permisos Pasivos Permitidos/a_Guardar_solicitudes'
	at com.kms.katalon.core.webui.keyword.internal.WebUIKeywordMain.stepFailed(WebUIKeywordMain.groovy:64)
	at com.kms.katalon.core.webui.keyword.internal.WebUIKeywordMain.runKeyword(WebUIKeywordMain.groovy:26)
	at com.kms.katalon.core.webui.keyword.builtin.ClickKeyword.click(ClickKeyword.groovy:74)
	at com.kms.katalon.core.webui.keyword.builtin.ClickKeyword.execute(ClickKeyword.groovy:40)
	at com.kms.katalon.core.keyword.internal.KeywordExecutor.executeKeywordForPlatform(KeywordExecutor.groovy:74)
	at com.kms.katalon.core.webui.keyword.WebUiBuiltInKeywords.click(WebUiBuiltInKeywords.groovy:620)
	at com.kms.katalon.core.webui.keyword.WebUiBuiltInKeywords$click$5.call(Unknown Source)
	at 1.1.6-crear vacaciones.run(1.1.6-crear vacaciones:177)
	at com.kms.katalon.core.main.ScriptEngine.run(ScriptEngine.java:194)
	at com.kms.katalon.core.main.ScriptEngine.runScriptAsRawText(ScriptEngine.java:119)
	at com.kms.katalon.core.main.TestCaseExecutor.runScript(TestCaseExecutor.java:445)
	at com.kms.katalon.core.main.TestCaseExecutor.doExecute(TestCaseExecutor.java:436)
	at com.kms.katalon.core.main.TestCaseExecutor.processExecutionPhase(TestCaseExecutor.java:415)
	at com.kms.katalon.core.main.TestCaseExecutor.accessMainPhase(TestCaseExecutor.java:407)
	at com.kms.katalon.core.main.TestCaseExecutor.execute(TestCaseExecutor.java:284)
	at com.kms.katalon.core.main.TestCaseMain.runTestCase(TestCaseMain.java:142)
	at com.kms.katalon.core.keyword.builtin.CallTestCaseKeyword$_callTestCase_closure1.doCall(CallTestCaseKeyword.groovy:59)
	... 52 more
Caused by: com.kms.katalon.core.webui.exception.WebElementNotFoundException: Web element with id: 'Object Repository/1-OBJECTS TAREAS PRINCIPALES/Modulo Tarea Compensacion/Dias con Permisos Pasivos Permitidos/a_Guardar_solicitudes' located by '//*/text()[normalize-space(.)='Guardar Legalizar']/parent::*' not found
	at com.kms.katalon.core.webui.common.WebUiCommonHelper.findWebElement(WebUiCommonHelper.java:1370)
	at com.kms.katalon.core.webui.keyword.internal.WebUIAbstractKeyword.findWebElement(WebUIAbstractKeyword.groovy:27)
	at com.kms.katalon.core.webui.keyword.builtin.ClickKeyword$_click_closure1.doCall(ClickKeyword.groovy:65)
	at com.kms.katalon.core.webui.keyword.builtin.ClickKeyword$_click_closure1.call(ClickKeyword.groovy)
	at com.kms.katalon.core.webui.keyword.internal.WebUIKeywordMain.runKeyword(WebUIKeywordMain.groovy:20)
	... 67 more


2022-06-10 08:38:00 - [TEST_STEP][FAILED] - callTestCase(findTestCase("1.1-Tareas Principales/1.1.8-Mantenimiento de Vacaciones Reliquidar"), [:], STOP_ON_FAILURE): Unable to call Test Case 'Test Cases/1.1-Tareas Principales/1.1.8-Mantenimiento de Vacaciones Reliquidar' (Root cause: com.kms.katalon.core.exception.StepFailedException: Call Test Case 'Test Cases/1.1-Tareas Principales/1.1.8-Mantenimiento de Vacaciones Reliquidar' failed
	at com.kms.katalon.core.keyword.builtin.CallTestCaseKeyword$_callTestCase_closure1.doCall(CallTestCaseKeyword.groovy:63)
	at com.kms.katalon.core.keyword.builtin.CallTestCaseKeyword$_callTestCase_closure1.call(CallTestCaseKeyword.groovy)
	at com.kms.katalon.core.keyword.internal.KeywordMain.runKeyword(KeywordMain.groovy:74)
	at com.kms.katalon.core.keyword.builtin.CallTestCaseKeyword.callTestCase(CallTestCaseKeyword.groovy:81)
	at com.kms.katalon.core.keyword.builtin.CallTestCaseKeyword.execute(CallTestCaseKeyword.groovy:44)
	at com.kms.katalon.core.keyword.internal.KeywordExecutor.executeKeywordForPlatform(KeywordExecutor.groovy:74)
	at com.kms.katalon.core.keyword.BuiltinKeywords.callTestCase(BuiltinKeywords.groovy:334)
	at 1.1.9-Imprimir comprobante de vacaciones.run(1.1.9-Imprimir comprobante de vacaciones:18)
	at com.kms.katalon.core.main.ScriptEngine.run(ScriptEngine.java:194)
	at com.kms.katalon.core.main.ScriptEngine.runScriptAsRawText(ScriptEngine.java:119)
	at com.kms.katalon.core.main.TestCaseExecutor.runScript(TestCaseExecutor.java:445)
	at com.kms.katalon.core.main.TestCaseExecutor.doExecute(TestCaseExecutor.java:436)
	at com.kms.katalon.core.main.TestCaseExecutor.processExecutionPhase(TestCaseExecutor.java:415)
	at com.kms.katalon.core.main.TestCaseExecutor.accessMainPhase(TestCaseExecutor.java:407)
	at com.kms.katalon.core.main.TestCaseExecutor.execute(TestCaseExecutor.java:284)
	at com.kms.katalon.core.common.CommonExecutor.accessTestCaseMainPhase(CommonExecutor.java:65)
	at com.kms.katalon.core.main.TestSuiteExecutor.accessTestSuiteMainPhase(TestSuiteExecutor.java:144)
	at com.kms.katalon.core.main.TestSuiteExecutor.execute(TestSuiteExecutor.java:106)
	at com.kms.katalon.core.main.TestCaseMain.startTestSuite(TestCaseMain.java:185)
	at com.kms.katalon.core.main.TestCaseMain$startTestSuite$0.call(Unknown Source)
	at TempTestSuite1654867643956.run(TempTestSuite1654867643956.groovy:36)
Caused by: com.kms.katalon.core.exception.StepFailedException: Call Test Case 'Test Cases/1.1-Tareas Principales/1.1.7-Generar Vacaciones' failed
	at com.kms.katalon.core.keyword.builtin.CallTestCaseKeyword$_callTestCase_closure1.doCall(CallTestCaseKeyword.groovy:63)
	at com.kms.katalon.core.keyword.builtin.CallTestCaseKeyword$_callTestCase_closure1.call(CallTestCaseKeyword.groovy)
	at com.kms.katalon.core.keyword.internal.KeywordMain.runKeyword(KeywordMain.groovy:74)
	at com.kms.katalon.core.keyword.builtin.CallTestCaseKeyword.callTestCase(CallTestCaseKeyword.groovy:81)
	at com.kms.katalon.core.keyword.builtin.CallTestCaseKeyword.execute(CallTestCaseKeyword.groovy:44)
	at com.kms.katalon.core.keyword.internal.KeywordExecutor.executeKeywordForPlatform(KeywordExecutor.groovy:74)
	at com.kms.katalon.core.keyword.BuiltinKeywords.callTestCase(BuiltinKeywords.groovy:334)
	at 1.1.8-Mantenimiento de Vacaciones Reliquidar.run(1.1.8-Mantenimiento de Vacaciones Reliquidar:41)
	at com.kms.katalon.core.main.ScriptEngine.run(ScriptEngine.java:194)
	at com.kms.katalon.core.main.ScriptEngine.runScriptAsRawText(ScriptEngine.java:119)
	at com.kms.katalon.core.main.TestCaseExecutor.runScript(TestCaseExecutor.java:445)
	at com.kms.katalon.core.main.TestCaseExecutor.doExecute(TestCaseExecutor.java:436)
	at com.kms.katalon.core.main.TestCaseExecutor.processExecutionPhase(TestCaseExecutor.java:415)
	at com.kms.katalon.core.main.TestCaseExecutor.accessMainPhase(TestCaseExecutor.java:407)
	at com.kms.katalon.core.main.TestCaseExecutor.execute(TestCaseExecutor.java:284)
	at com.kms.katalon.core.main.TestCaseMain.runTestCase(TestCaseMain.java:142)
	at com.kms.katalon.core.keyword.builtin.CallTestCaseKeyword$_callTestCase_closure1.doCall(CallTestCaseKeyword.groovy:59)
	... 20 more
Caused by: com.kms.katalon.core.exception.StepFailedException: Call Test Case 'Test Cases/1.1-Tareas Principales/1.1.6-crear vacaciones' failed
	at com.kms.katalon.core.keyword.builtin.CallTestCaseKeyword$_callTestCase_closure1.doCall(CallTestCaseKeyword.groovy:63)
	at com.kms.katalon.core.keyword.builtin.CallTestCaseKeyword$_callTestCase_closure1.call(CallTestCaseKeyword.groovy)
	at com.kms.katalon.core.keyword.internal.KeywordMain.runKeyword(KeywordMain.groovy:74)
	at com.kms.katalon.core.keyword.builtin.CallTestCaseKeyword.callTestCase(CallTestCaseKeyword.groovy:81)
	at com.kms.katalon.core.keyword.builtin.CallTestCaseKeyword.execute(CallTestCaseKeyword.groovy:44)
	at com.kms.katalon.core.keyword.internal.KeywordExecutor.executeKeywordForPlatform(KeywordExecutor.groovy:74)
	at com.kms.katalon.core.keyword.BuiltinKeywords.callTestCase(BuiltinKeywords.groovy:334)
	at 1.1.7-Generar Vacaciones.run(1.1.7-Generar Vacaciones:19)
	at com.kms.katalon.core.main.ScriptEngine.run(ScriptEngine.java:194)
	at com.kms.katalon.core.main.ScriptEngine.runScriptAsRawText(ScriptEngine.java:119)
	at com.kms.katalon.core.main.TestCaseExecutor.runScript(TestCaseExecutor.java:445)
	at com.kms.katalon.core.main.TestCaseExecutor.doExecute(TestCaseExecutor.java:436)
	at com.kms.katalon.core.main.TestCaseExecutor.processExecutionPhase(TestCaseExecutor.java:415)
	at com.kms.katalon.core.main.TestCaseExecutor.accessMainPhase(TestCaseExecutor.java:407)
	at com.kms.katalon.core.main.TestCaseExecutor.execute(TestCaseExecutor.java:284)
	at com.kms.katalon.core.main.TestCaseMain.runTestCase(TestCaseMain.java:142)
	at com.kms.katalon.core.keyword.builtin.CallTestCaseKeyword$_callTestCase_closure1.doCall(CallTestCaseKeyword.groovy:59)
	... 36 more
Caused by: com.kms.katalon.core.exception.StepFailedException: Unable to click on object 'Object Repository/1-OBJECTS TAREAS PRINCIPALES/Modulo Tarea Compensacion/Dias con Permisos Pasivos Permitidos/a_Guardar_solicitudes'
	at com.kms.katalon.core.webui.keyword.internal.WebUIKeywordMain.stepFailed(WebUIKeywordMain.groovy:64)
	at com.kms.katalon.core.webui.keyword.internal.WebUIKeywordMain.runKeyword(WebUIKeywordMain.groovy:26)
	at com.kms.katalon.core.webui.keyword.builtin.ClickKeyword.click(ClickKeyword.groovy:74)
	at com.kms.katalon.core.webui.keyword.builtin.ClickKeyword.execute(ClickKeyword.groovy:40)
	at com.kms.katalon.core.keyword.internal.KeywordExecutor.executeKeywordForPlatform(KeywordExecutor.groovy:74)
	at com.kms.katalon.core.webui.keyword.WebUiBuiltInKeywords.click(WebUiBuiltInKeywords.groovy:620)
	at com.kms.katalon.core.webui.keyword.WebUiBuiltInKeywords$click$5.call(Unknown Source)
	at 1.1.6-crear vacaciones.run(1.1.6-crear vacaciones:177)
	at com.kms.katalon.core.main.ScriptEngine.run(ScriptEngine.java:194)
	at com.kms.katalon.core.main.ScriptEngine.runScriptAsRawText(ScriptEngine.java:119)
	at com.kms.katalon.core.main.TestCaseExecutor.runScript(TestCaseExecutor.java:445)
	at com.kms.katalon.core.main.TestCaseExecutor.doExecute(TestCaseExecutor.java:436)
	at com.kms.katalon.core.main.TestCaseExecutor.processExecutionPhase(TestCaseExecutor.java:415)
	at com.kms.katalon.core.main.TestCaseExecutor.accessMainPhase(TestCaseExecutor.java:407)
	at com.kms.katalon.core.main.TestCaseExecutor.execute(TestCaseExecutor.java:284)
	at com.kms.katalon.core.main.TestCaseMain.runTestCase(TestCaseMain.java:142)
	at com.kms.katalon.core.keyword.builtin.CallTestCaseKeyword$_callTestCase_closure1.doCall(CallTestCaseKeyword.groovy:59)
	... 52 more
Caused by: com.kms.katalon.core.webui.exception.WebElementNotFoundException: Web element with id: 'Object Repository/1-OBJECTS TAREAS PRINCIPALES/Modulo Tarea Compensacion/Dias con Permisos Pasivos Permitidos/a_Guardar_solicitudes' located by '//*/text()[normalize-space(.)='Guardar Legalizar']/parent::*' not found
	at com.kms.katalon.core.webui.common.WebUiCommonHelper.findWebElement(WebUiCommonHelper.java:1370)
	at com.kms.katalon.core.webui.keyword.internal.WebUIAbstractKeyword.findWebElement(WebUIAbstractKeyword.groovy:27)
	at com.kms.katalon.core.webui.keyword.builtin.ClickKeyword$_click_closure1.doCall(ClickKeyword.groovy:65)
	at com.kms.katalon.core.webui.keyword.builtin.ClickKeyword$_click_closure1.call(ClickKeyword.groovy)
	at com.kms.katalon.core.webui.keyword.internal.WebUIKeywordMain.runKeyword(WebUIKeywordMain.groovy:20)
	... 67 more
)

2022-06-10 08:38:00 - [TEST_CASE][FAILED] - Test Cases/1.1-Tareas Principales/1.1.8-Mantenimiento de Vacaciones Reliquidar: Test Cases/1.1-Tareas Principales/1.1.8-Mantenimiento de Vacaciones Reliquidar FAILED.
Reason:
com.kms.katalon.core.exception.StepFailedException: Call Test Case 'Test Cases/1.1-Tareas Principales/1.1.7-Generar Vacaciones' failed
	at com.kms.katalon.core.keyword.builtin.CallTestCaseKeyword$_callTestCase_closure1.doCall(CallTestCaseKeyword.groovy:63)
	at com.kms.katalon.core.keyword.builtin.CallTestCaseKeyword$_callTestCase_closure1.call(CallTestCaseKeyword.groovy)
	at com.kms.katalon.core.keyword.internal.KeywordMain.runKeyword(KeywordMain.groovy:74)
	at com.kms.katalon.core.keyword.builtin.CallTestCaseKeyword.callTestCase(CallTestCaseKeyword.groovy:81)
	at com.kms.katalon.core.keyword.builtin.CallTestCaseKeyword.execute(CallTestCaseKeyword.groovy:44)
	at com.kms.katalon.core.keyword.internal.KeywordExecutor.executeKeywordForPlatform(KeywordExecutor.groovy:74)
	at com.kms.katalon.core.keyword.BuiltinKeywords.callTestCase(BuiltinKeywords.groovy:334)
	at 1.1.8-Mantenimiento de Vacaciones Reliquidar.run(1.1.8-Mantenimiento de Vacaciones Reliquidar:41)
	at com.kms.katalon.core.main.ScriptEngine.run(ScriptEngine.java:194)
	at com.kms.katalon.core.main.ScriptEngine.runScriptAsRawText(ScriptEngine.java:119)
	at com.kms.katalon.core.main.TestCaseExecutor.runScript(TestCaseExecutor.java:445)
	at com.kms.katalon.core.main.TestCaseExecutor.doExecute(TestCaseExecutor.java:436)
	at com.kms.katalon.core.main.TestCaseExecutor.processExecutionPhase(TestCaseExecutor.java:415)
	at com.kms.katalon.core.main.TestCaseExecutor.accessMainPhase(TestCaseExecutor.java:407)
	at com.kms.katalon.core.main.TestCaseExecutor.execute(TestCaseExecutor.java:284)
	at com.kms.katalon.core.main.TestCaseMain.runTestCase(TestCaseMain.java:142)
	at com.kms.katalon.core.keyword.builtin.CallTestCaseKeyword$_callTestCase_closure1.doCall(CallTestCaseKeyword.groovy:59)
	at com.kms.katalon.core.keyword.builtin.CallTestCaseKeyword$_callTestCase_closure1.call(CallTestCaseKeyword.groovy)
	at com.kms.katalon.core.keyword.internal.KeywordMain.runKeyword(KeywordMain.groovy:74)
	at com.kms.katalon.core.keyword.builtin.CallTestCaseKeyword.callTestCase(CallTestCaseKeyword.groovy:81)
	at com.kms.katalon.core.keyword.builtin.CallTestCaseKeyword.execute(CallTestCaseKeyword.groovy:44)
	at com.kms.katalon.core.keyword.internal.KeywordExecutor.executeKeywordForPlatform(KeywordExecutor.groovy:74)
	at com.kms.katalon.core.keyword.BuiltinKeywords.callTestCase(BuiltinKeywords.groovy:334)
	at 1.1.9-Imprimir comprobante de vacaciones.run(1.1.9-Imprimir comprobante de vacaciones:18)
	at com.kms.katalon.core.main.ScriptEngine.run(ScriptEngine.java:194)
	at com.kms.katalon.core.main.ScriptEngine.runScriptAsRawText(ScriptEngine.java:119)
	at com.kms.katalon.core.main.TestCaseExecutor.runScript(TestCaseExecutor.java:445)
	at com.kms.katalon.core.main.TestCaseExecutor.doExecute(TestCaseExecutor.java:436)
	at com.kms.katalon.core.main.TestCaseExecutor.processExecutionPhase(TestCaseExecutor.java:415)
	at com.kms.katalon.core.main.TestCaseExecutor.accessMainPhase(TestCaseExecutor.java:407)
	at com.kms.katalon.core.main.TestCaseExecutor.execute(TestCaseExecutor.java:284)
	at com.kms.katalon.core.common.CommonExecutor.accessTestCaseMainPhase(CommonExecutor.java:65)
	at com.kms.katalon.core.main.TestSuiteExecutor.accessTestSuiteMainPhase(TestSuiteExecutor.java:144)
	at com.kms.katalon.core.main.TestSuiteExecutor.execute(TestSuiteExecutor.java:106)
	at com.kms.katalon.core.main.TestCaseMain.startTestSuite(TestCaseMain.java:185)
	at com.kms.katalon.core.main.TestCaseMain$startTestSuite$0.call(Unknown Source)
	at TempTestSuite1654867643956.run(TempTestSuite1654867643956.groovy:36)
Caused by: com.kms.katalon.core.exception.StepFailedException: Call Test Case 'Test Cases/1.1-Tareas Principales/1.1.6-crear vacaciones' failed
	at com.kms.katalon.core.keyword.builtin.CallTestCaseKeyword$_callTestCase_closure1.doCall(CallTestCaseKeyword.groovy:63)
	at com.kms.katalon.core.keyword.builtin.CallTestCaseKeyword$_callTestCase_closure1.call(CallTestCaseKeyword.groovy)
	at com.kms.katalon.core.keyword.internal.KeywordMain.runKeyword(KeywordMain.groovy:74)
	at com.kms.katalon.core.keyword.builtin.CallTestCaseKeyword.callTestCase(CallTestCaseKeyword.groovy:81)
	at com.kms.katalon.core.keyword.builtin.CallTestCaseKeyword.execute(CallTestCaseKeyword.groovy:44)
	at com.kms.katalon.core.keyword.internal.KeywordExecutor.executeKeywordForPlatform(KeywordExecutor.groovy:74)
	at com.kms.katalon.core.keyword.BuiltinKeywords.callTestCase(BuiltinKeywords.groovy:334)
	at 1.1.7-Generar Vacaciones.run(1.1.7-Generar Vacaciones:19)
	at com.kms.katalon.core.main.ScriptEngine.run(ScriptEngine.java:194)
	at com.kms.katalon.core.main.ScriptEngine.runScriptAsRawText(ScriptEngine.java:119)
	at com.kms.katalon.core.main.TestCaseExecutor.runScript(TestCaseExecutor.java:445)
	at com.kms.katalon.core.main.TestCaseExecutor.doExecute(TestCaseExecutor.java:436)
	at com.kms.katalon.core.main.TestCaseExecutor.processExecutionPhase(TestCaseExecutor.java:415)
	at com.kms.katalon.core.main.TestCaseExecutor.accessMainPhase(TestCaseExecutor.java:407)
	at com.kms.katalon.core.main.TestCaseExecutor.execute(TestCaseExecutor.java:284)
	at com.kms.katalon.core.main.TestCaseMain.runTestCase(TestCaseMain.java:142)
	at com.kms.katalon.core.keyword.builtin.CallTestCaseKeyword$_callTestCase_closure1.doCall(CallTestCaseKeyword.groovy:59)
	... 36 more
Caused by: com.kms.katalon.core.exception.StepFailedException: Unable to click on object 'Object Repository/1-OBJECTS TAREAS PRINCIPALES/Modulo Tarea Compensacion/Dias con Permisos Pasivos Permitidos/a_Guardar_solicitudes'
	at com.kms.katalon.core.webui.keyword.internal.WebUIKeywordMain.stepFailed(WebUIKeywordMain.groovy:64)
	at com.kms.katalon.core.webui.keyword.internal.WebUIKeywordMain.runKeyword(WebUIKeywordMain.groovy:26)
	at com.kms.katalon.core.webui.keyword.builtin.ClickKeyword.click(ClickKeyword.groovy:74)
	at com.kms.katalon.core.webui.keyword.builtin.ClickKeyword.execute(ClickKeyword.groovy:40)
	at com.kms.katalon.core.keyword.internal.KeywordExecutor.executeKeywordForPlatform(KeywordExecutor.groovy:74)
	at com.kms.katalon.core.webui.keyword.WebUiBuiltInKeywords.click(WebUiBuiltInKeywords.groovy:620)
	at com.kms.katalon.core.webui.keyword.WebUiBuiltInKeywords$click$5.call(Unknown Source)
	at 1.1.6-crear vacaciones.run(1.1.6-crear vacaciones:177)
	at com.kms.katalon.core.main.ScriptEngine.run(ScriptEngine.java:194)
	at com.kms.katalon.core.main.ScriptEngine.runScriptAsRawText(ScriptEngine.java:119)
	at com.kms.katalon.core.main.TestCaseExecutor.runScript(TestCaseExecutor.java:445)
	at com.kms.katalon.core.main.TestCaseExecutor.doExecute(TestCaseExecutor.java:436)
	at com.kms.katalon.core.main.TestCaseExecutor.processExecutionPhase(TestCaseExecutor.java:415)
	at com.kms.katalon.core.main.TestCaseExecutor.accessMainPhase(TestCaseExecutor.java:407)
	at com.kms.katalon.core.main.TestCaseExecutor.execute(TestCaseExecutor.java:284)
	at com.kms.katalon.core.main.TestCaseMain.runTestCase(TestCaseMain.java:142)
	at com.kms.katalon.core.keyword.builtin.CallTestCaseKeyword$_callTestCase_closure1.doCall(CallTestCaseKeyword.groovy:59)
	... 52 more
Caused by: com.kms.katalon.core.webui.exception.WebElementNotFoundException: Web element with id: 'Object Repository/1-OBJECTS TAREAS PRINCIPALES/Modulo Tarea Compensacion/Dias con Permisos Pasivos Permitidos/a_Guardar_solicitudes' located by '//*/text()[normalize-space(.)='Guardar Legalizar']/parent::*' not found
	at com.kms.katalon.core.webui.common.WebUiCommonHelper.findWebElement(WebUiCommonHelper.java:1370)
	at com.kms.katalon.core.webui.keyword.internal.WebUIAbstractKeyword.findWebElement(WebUIAbstractKeyword.groovy:27)
	at com.kms.katalon.core.webui.keyword.builtin.ClickKeyword$_click_closure1.doCall(ClickKeyword.groovy:65)
	at com.kms.katalon.core.webui.keyword.builtin.ClickKeyword$_click_closure1.call(ClickKeyword.groovy)
	at com.kms.katalon.core.webui.keyword.internal.WebUIKeywordMain.runKeyword(WebUIKeywordMain.groovy:20)
	... 67 more


2022-06-10 08:38:00 - [TEST_STEP][PASSED] - callTestCase(findTestCase("0.1-Login"), [:], STOP_ON_FAILURE): Call Test Case 'Test Cases/0.1-Login' successfully

2022-06-10 08:38:00 - [TEST_CASE][PASSED] - Test Cases/0.1-Login: Test Cases/0.1-Login

2022-06-10 08:38:00 - [TEST_STEP][PASSED] - openBrowser(""): Browser is opened with url: ''

2022-06-10 08:38:00 - [MESSAGE][WARNING] - A browser is already opened. Closing browser and opening a new one

2022-06-10 08:38:01 - [MESSAGE][INFO] - Starting 'Chrome' driver

2022-06-10 08:38:01 - [MESSAGE][INFO] - Action delay is set to 0 milliseconds

2022-06-10 08:38:02 - [MESSAGE][PASSED] - Browser is opened with url: ''

2022-06-10 08:38:02 - [TEST_STEP][PASSED] - maximizeWindow(): Current window maximized

2022-06-10 08:38:03 - [MESSAGE][PASSED] - Current window maximized

2022-06-10 08:38:03 - [TEST_STEP][PASSED] - i = G_Login: null

2022-06-10 08:38:03 - [TEST_STEP][PASSED] - url = new java.net.URL(i): null

2022-06-10 08:38:03 - [TEST_STEP][PASSED] - println("URL: " + url.toString()): null

2022-06-10 08:38:03 - [TEST_STEP][PASSED] - connection = url.openConnection(): null

2022-06-10 08:38:03 - [TEST_STEP][PASSED] - connection.setRequestMethod("GET"): null

2022-06-10 08:38:03 - [TEST_STEP][PASSED] - connection.setReadTimeout(2 * 1000): null

2022-06-10 08:38:03 - [TEST_STEP][PASSED] - try: null

2022-06-10 08:38:03 - [TEST_STEP][PASSED] - connection.connect(): null

2022-06-10 08:38:03 - [TEST_STEP][PASSED] - flag = connected: null

2022-06-10 08:38:03 - [TEST_STEP][PASSED] - println("Valor_ori: " + flag): null

2022-06-10 08:38:03 - [TEST_STEP][PASSED] - if (flag): null

2022-06-10 08:38:03 - [TEST_STEP][PASSED] - navigateToUrl(i): Navigate to 'http://192.168.2.19:8380/saraweb' successfully

2022-06-10 08:38:03 - [MESSAGE][PASSED] - Navigate to 'http://192.168.2.19:8380/saraweb' successfully

2022-06-10 08:38:03 - [TEST_STEP][PASSED] - a(): null

2022-06-10 08:38:03 - [TEST_STEP][PASSED] - setText(findTestObject("3-OBJECTS UTILIDADES/Login/input_USUARIO_loginusuario"), G_Usuario): Text 'saraadmin' is set on object 'Object Repository/3-OBJECTS UTILIDADES/Login/input_USUARIO_loginusuario'

2022-06-10 08:38:04 - [MESSAGE][PASSED] - Text 'saraadmin' is set on object 'Object Repository/3-OBJECTS UTILIDADES/Login/input_USUARIO_loginusuario'

2022-06-10 08:38:04 - [TEST_STEP][PASSED] - setEncryptedText(findTestObject("3-OBJECTS UTILIDADES/Login/input_CLAVE_loginpassword"), "MkG4/TYiCFC3cb2driP7+Q=="): Text ****** has been set on object 'Object Repository/3-OBJECTS UTILIDADES/Login/input_CLAVE_loginpassword'

2022-06-10 08:38:04 - [MESSAGE][PASSED] - Text ****** has been set on object 'Object Repository/3-OBJECTS UTILIDADES/Login/input_CLAVE_loginpassword'

2022-06-10 08:38:04 - [TEST_STEP][PASSED] - waitForElementClickable(findTestObject("3-OBJECTS UTILIDADES/Login/a_Ingresar"), G_TimeOut): Object 'Object Repository/3-OBJECTS UTILIDADES/Login/a_Ingresar' is clickable

2022-06-10 08:38:05 - [MESSAGE][PASSED] - Object 'Object Repository/3-OBJECTS UTILIDADES/Login/a_Ingresar' is clickable

2022-06-10 08:38:05 - [TEST_STEP][PASSED] - click(findTestObject("3-OBJECTS UTILIDADES/Login/a_Ingresar")): Object: 'Object Repository/3-OBJECTS UTILIDADES/Login/a_Ingresar' is clicked on

2022-06-10 08:38:06 - [MESSAGE][PASSED] - Object: 'Object Repository/3-OBJECTS UTILIDADES/Login/a_Ingresar' is clicked on

2022-06-10 08:38:06 - [TEST_STEP][PASSED] - element = findWebElement(findTestObject("3-OBJECTS UTILIDADES/Login/a_Ir"), 30): null

2022-06-10 08:38:06 - [TEST_STEP][PASSED] - executeJavaScript("arguments[0].click()", Arrays.asList(element)): Execute JavaScript 'arguments[0].click()' successfully

2022-06-10 08:38:06 - [MESSAGE][PASSED] - Execute JavaScript 'arguments[0].click()' successfully

2022-06-10 08:38:06 - [MESSAGE][PASSED] - Call Test Case 'Test Cases/0.1-Login' successfully

2022-06-10 08:38:06 - [TEST_STEP][PASSED] - waitForElementClickable(findTestObject("1-OBJECTS TAREAS PRINCIPALES/Modulo Tarea Compensacion/Periodo en Proceso - Archivo Plano/Mantenimiento de Vacaciones Reliquidar/input_Mantenimiento de Vacaciones_form_templatej_idt24_input"), 0): Object 'Object Repository/1-OBJECTS TAREAS PRINCIPALES/Modulo Tarea Compensacion/Periodo en Proceso - Archivo Plano/Mantenimiento de Vacaciones Reliquidar/input_Mantenimiento de Vacaciones_form_templatej_idt24_input' is clickable

2022-06-10 08:38:07 - [MESSAGE][WARNING] - Timeout '0' is invalid. Using default page load timeout: '37'

2022-06-10 08:38:07 - [MESSAGE][PASSED] - Object 'Object Repository/1-OBJECTS TAREAS PRINCIPALES/Modulo Tarea Compensacion/Periodo en Proceso - Archivo Plano/Mantenimiento de Vacaciones Reliquidar/input_Mantenimiento de Vacaciones_form_templatej_idt24_input' is clickable

2022-06-10 08:38:07 - [TEST_STEP][PASSED] - setText(findTestObject("1-OBJECTS TAREAS PRINCIPALES/Modulo Tarea Compensacion/Periodo en Proceso - Archivo Plano/Mantenimiento de Vacaciones Reliquidar/input_Mantenimiento de Vacaciones_form_templatej_idt24_input"), "Mantenimiento de Vacaciones"): Text 'Mantenimiento de Vacaciones' is set on object 'Object Repository/1-OBJECTS TAREAS PRINCIPALES/Modulo Tarea Compensacion/Periodo en Proceso - Archivo Plano/Mantenimiento de Vacaciones Reliquidar/input_Mantenimiento de Vacaciones_form_templatej_idt24_input'

2022-06-10 08:38:08 - [MESSAGE][PASSED] - Text 'Mantenimiento de Vacaciones' is set on object 'Object Repository/1-OBJECTS TAREAS PRINCIPALES/Modulo Tarea Compensacion/Periodo en Proceso - Archivo Plano/Mantenimiento de Vacaciones Reliquidar/input_Mantenimiento de Vacaciones_form_templatej_idt24_input'

2022-06-10 08:38:08 - [TEST_STEP][PASSED] - waitForElementVisible(findTestObject("1-OBJECTS TAREAS PRINCIPALES/Modulo Tarea Compensacion/Periodo en Proceso - Archivo Plano/Mantenimiento de Vacaciones Reliquidar/span_mantenimiento de vacaciones reliquidar"), 0): Object 'Object Repository/1-OBJECTS TAREAS PRINCIPALES/Modulo Tarea Compensacion/Periodo en Proceso - Archivo Plano/Mantenimiento de Vacaciones Reliquidar/span_mantenimiento de vacaciones reliquidar' is visible

2022-06-10 08:38:08 - [MESSAGE][WARNING] - Timeout '0' is invalid. Using default page load timeout: '37'

2022-06-10 08:38:09 - [MESSAGE][PASSED] - Object 'Object Repository/1-OBJECTS TAREAS PRINCIPALES/Modulo Tarea Compensacion/Periodo en Proceso - Archivo Plano/Mantenimiento de Vacaciones Reliquidar/span_mantenimiento de vacaciones reliquidar' is visible

2022-06-10 08:38:09 - [TEST_STEP][PASSED] - click(findTestObject("1-OBJECTS TAREAS PRINCIPALES/Modulo Tarea Compensacion/Periodo en Proceso - Archivo Plano/Mantenimiento de Vacaciones Reliquidar/span_mantenimiento de vacaciones reliquidar"), STOP_ON_FAILURE): Object: 'Object Repository/1-OBJECTS TAREAS PRINCIPALES/Modulo Tarea Compensacion/Periodo en Proceso - Archivo Plano/Mantenimiento de Vacaciones Reliquidar/span_mantenimiento de vacaciones reliquidar' is clicked on

2022-06-10 08:38:10 - [MESSAGE][PASSED] - Object: 'Object Repository/1-OBJECTS TAREAS PRINCIPALES/Modulo Tarea Compensacion/Periodo en Proceso - Archivo Plano/Mantenimiento de Vacaciones Reliquidar/span_mantenimiento de vacaciones reliquidar' is clicked on

2022-06-10 08:38:10 - [TEST_STEP][PASSED] - setText(findTestObject("1-OBJECTS TAREAS PRINCIPALES/Modulo Tarea Compensacion/Periodo en Proceso - Archivo Plano/Mantenimiento de Vacaciones Reliquidar/input_Identificacin_form_mantenimientoVacacionj_idt66"), "1234567890"): Text '1234567890' is set on object 'Object Repository/1-OBJECTS TAREAS PRINCIPALES/Modulo Tarea Compensacion/Periodo en Proceso - Archivo Plano/Mantenimiento de Vacaciones Reliquidar/input_Identificacin_form_mantenimientoVacacionj_idt66'

2022-06-10 08:38:11 - [MESSAGE][PASSED] - Text '1234567890' is set on object 'Object Repository/1-OBJECTS TAREAS PRINCIPALES/Modulo Tarea Compensacion/Periodo en Proceso - Archivo Plano/Mantenimiento de Vacaciones Reliquidar/input_Identificacin_form_mantenimientoVacacionj_idt66'

2022-06-10 08:38:11 - [TEST_STEP][PASSED] - sendKeys(findTestObject("Modulo Tarea Administracion Compensacion/Mantenimiento de Vacaciones Reliquidar/input_Identificacin_form_mante"), Keys.chord(ENTER)): Keys 'ENTER + ' sent to object: 'tempBody'

2022-06-10 08:38:11 - [MESSAGE][WARNING] - Test object with id 'Object Repository/Modulo Tarea Administracion Compensacion/Mantenimiento de Vacaciones Reliquidar/input_Identificacin_form_mante' does not exist

2022-06-10 08:38:11 - [MESSAGE][WARNING] - Test object with id 'Object Repository/' does not exist

2022-06-10 08:38:11 - [MESSAGE][PASSED] - Keys 'ENTER + ' sent to object: 'tempBody'

2022-06-10 08:38:11 - [TEST_STEP][PASSED] - if (waitForElementVisible(findTestObject("1-OBJECTS TAREAS PRINCIPALES/Modulo Tarea Compensacion/Periodo en Proceso - Archivo Plano/Mantenimiento de Vacaciones Reliquidar/td_No se encontr registros"), 1)): null

2022-06-10 08:38:12 - [MESSAGE][PASSED] - Object 'Object Repository/1-OBJECTS TAREAS PRINCIPALES/Modulo Tarea Compensacion/Periodo en Proceso - Archivo Plano/Mantenimiento de Vacaciones Reliquidar/td_No se encontr registros' is visible

2022-06-10 08:38:12 - [TEST_STEP][FAILED] - callTestCase(findTestCase("1.1-Tareas Principales/1.1.7-Generar Vacaciones"), [:], STOP_ON_FAILURE): Unable to call Test Case 'Test Cases/1.1-Tareas Principales/1.1.7-Generar Vacaciones' (Root cause: com.kms.katalon.core.exception.StepFailedException: Call Test Case 'Test Cases/1.1-Tareas Principales/1.1.7-Generar Vacaciones' failed
	at com.kms.katalon.core.keyword.builtin.CallTestCaseKeyword$_callTestCase_closure1.doCall(CallTestCaseKeyword.groovy:63)
	at com.kms.katalon.core.keyword.builtin.CallTestCaseKeyword$_callTestCase_closure1.call(CallTestCaseKeyword.groovy)
	at com.kms.katalon.core.keyword.internal.KeywordMain.runKeyword(KeywordMain.groovy:74)
	at com.kms.katalon.core.keyword.builtin.CallTestCaseKeyword.callTestCase(CallTestCaseKeyword.groovy:81)
	at com.kms.katalon.core.keyword.builtin.CallTestCaseKeyword.execute(CallTestCaseKeyword.groovy:44)
	at com.kms.katalon.core.keyword.internal.KeywordExecutor.executeKeywordForPlatform(KeywordExecutor.groovy:74)
	at com.kms.katalon.core.keyword.BuiltinKeywords.callTestCase(BuiltinKeywords.groovy:334)
	at 1.1.8-Mantenimiento de Vacaciones Reliquidar.run(1.1.8-Mantenimiento de Vacaciones Reliquidar:41)
	at com.kms.katalon.core.main.ScriptEngine.run(ScriptEngine.java:194)
	at com.kms.katalon.core.main.ScriptEngine.runScriptAsRawText(ScriptEngine.java:119)
	at com.kms.katalon.core.main.TestCaseExecutor.runScript(TestCaseExecutor.java:445)
	at com.kms.katalon.core.main.TestCaseExecutor.doExecute(TestCaseExecutor.java:436)
	at com.kms.katalon.core.main.TestCaseExecutor.processExecutionPhase(TestCaseExecutor.java:415)
	at com.kms.katalon.core.main.TestCaseExecutor.accessMainPhase(TestCaseExecutor.java:407)
	at com.kms.katalon.core.main.TestCaseExecutor.execute(TestCaseExecutor.java:284)
	at com.kms.katalon.core.main.TestCaseMain.runTestCase(TestCaseMain.java:142)
	at com.kms.katalon.core.keyword.builtin.CallTestCaseKeyword$_callTestCase_closure1.doCall(CallTestCaseKeyword.groovy:59)
	at com.kms.katalon.core.keyword.builtin.CallTestCaseKeyword$_callTestCase_closure1.call(CallTestCaseKeyword.groovy)
	at com.kms.katalon.core.keyword.internal.KeywordMain.runKeyword(KeywordMain.groovy:74)
	at com.kms.katalon.core.keyword.builtin.CallTestCaseKeyword.callTestCase(CallTestCaseKeyword.groovy:81)
	at com.kms.katalon.core.keyword.builtin.CallTestCaseKeyword.execute(CallTestCaseKeyword.groovy:44)
	at com.kms.katalon.core.keyword.internal.KeywordExecutor.executeKeywordForPlatform(KeywordExecutor.groovy:74)
	at com.kms.katalon.core.keyword.BuiltinKeywords.callTestCase(BuiltinKeywords.groovy:334)
	at 1.1.9-Imprimir comprobante de vacaciones.run(1.1.9-Imprimir comprobante de vacaciones:18)
	at com.kms.katalon.core.main.ScriptEngine.run(ScriptEngine.java:194)
	at com.kms.katalon.core.main.ScriptEngine.runScriptAsRawText(ScriptEngine.java:119)
	at com.kms.katalon.core.main.TestCaseExecutor.runScript(TestCaseExecutor.java:445)
	at com.kms.katalon.core.main.TestCaseExecutor.doExecute(TestCaseExecutor.java:436)
	at com.kms.katalon.core.main.TestCaseExecutor.processExecutionPhase(TestCaseExecutor.java:415)
	at com.kms.katalon.core.main.TestCaseExecutor.accessMainPhase(TestCaseExecutor.java:407)
	at com.kms.katalon.core.main.TestCaseExecutor.execute(TestCaseExecutor.java:284)
	at com.kms.katalon.core.common.CommonExecutor.accessTestCaseMainPhase(CommonExecutor.java:65)
	at com.kms.katalon.core.main.TestSuiteExecutor.accessTestSuiteMainPhase(TestSuiteExecutor.java:144)
	at com.kms.katalon.core.main.TestSuiteExecutor.execute(TestSuiteExecutor.java:106)
	at com.kms.katalon.core.main.TestCaseMain.startTestSuite(TestCaseMain.java:185)
	at com.kms.katalon.core.main.TestCaseMain$startTestSuite$0.call(Unknown Source)
	at TempTestSuite1654867643956.run(TempTestSuite1654867643956.groovy:36)
Caused by: com.kms.katalon.core.exception.StepFailedException: Call Test Case 'Test Cases/1.1-Tareas Principales/1.1.6-crear vacaciones' failed
	at com.kms.katalon.core.keyword.builtin.CallTestCaseKeyword$_callTestCase_closure1.doCall(CallTestCaseKeyword.groovy:63)
	at com.kms.katalon.core.keyword.builtin.CallTestCaseKeyword$_callTestCase_closure1.call(CallTestCaseKeyword.groovy)
	at com.kms.katalon.core.keyword.internal.KeywordMain.runKeyword(KeywordMain.groovy:74)
	at com.kms.katalon.core.keyword.builtin.CallTestCaseKeyword.callTestCase(CallTestCaseKeyword.groovy:81)
	at com.kms.katalon.core.keyword.builtin.CallTestCaseKeyword.execute(CallTestCaseKeyword.groovy:44)
	at com.kms.katalon.core.keyword.internal.KeywordExecutor.executeKeywordForPlatform(KeywordExecutor.groovy:74)
	at com.kms.katalon.core.keyword.BuiltinKeywords.callTestCase(BuiltinKeywords.groovy:334)
	at 1.1.7-Generar Vacaciones.run(1.1.7-Generar Vacaciones:19)
	at com.kms.katalon.core.main.ScriptEngine.run(ScriptEngine.java:194)
	at com.kms.katalon.core.main.ScriptEngine.runScriptAsRawText(ScriptEngine.java:119)
	at com.kms.katalon.core.main.TestCaseExecutor.runScript(TestCaseExecutor.java:445)
	at com.kms.katalon.core.main.TestCaseExecutor.doExecute(TestCaseExecutor.java:436)
	at com.kms.katalon.core.main.TestCaseExecutor.processExecutionPhase(TestCaseExecutor.java:415)
	at com.kms.katalon.core.main.TestCaseExecutor.accessMainPhase(TestCaseExecutor.java:407)
	at com.kms.katalon.core.main.TestCaseExecutor.execute(TestCaseExecutor.java:284)
	at com.kms.katalon.core.main.TestCaseMain.runTestCase(TestCaseMain.java:142)
	at com.kms.katalon.core.keyword.builtin.CallTestCaseKeyword$_callTestCase_closure1.doCall(CallTestCaseKeyword.groovy:59)
	... 36 more
Caused by: com.kms.katalon.core.exception.StepFailedException: Unable to click on object 'Object Repository/1-OBJECTS TAREAS PRINCIPALES/Modulo Tarea Compensacion/Dias con Permisos Pasivos Permitidos/a_Guardar_solicitudes'
	at com.kms.katalon.core.webui.keyword.internal.WebUIKeywordMain.stepFailed(WebUIKeywordMain.groovy:64)
	at com.kms.katalon.core.webui.keyword.internal.WebUIKeywordMain.runKeyword(WebUIKeywordMain.groovy:26)
	at com.kms.katalon.core.webui.keyword.builtin.ClickKeyword.click(ClickKeyword.groovy:74)
	at com.kms.katalon.core.webui.keyword.builtin.ClickKeyword.execute(ClickKeyword.groovy:40)
	at com.kms.katalon.core.keyword.internal.KeywordExecutor.executeKeywordForPlatform(KeywordExecutor.groovy:74)
	at com.kms.katalon.core.webui.keyword.WebUiBuiltInKeywords.click(WebUiBuiltInKeywords.groovy:620)
	at com.kms.katalon.core.webui.keyword.WebUiBuiltInKeywords$click$5.call(Unknown Source)
	at 1.1.6-crear vacaciones.run(1.1.6-crear vacaciones:177)
	at com.kms.katalon.core.main.ScriptEngine.run(ScriptEngine.java:194)
	at com.kms.katalon.core.main.ScriptEngine.runScriptAsRawText(ScriptEngine.java:119)
	at com.kms.katalon.core.main.TestCaseExecutor.runScript(TestCaseExecutor.java:445)
	at com.kms.katalon.core.main.TestCaseExecutor.doExecute(TestCaseExecutor.java:436)
	at com.kms.katalon.core.main.TestCaseExecutor.processExecutionPhase(TestCaseExecutor.java:415)
	at com.kms.katalon.core.main.TestCaseExecutor.accessMainPhase(TestCaseExecutor.java:407)
	at com.kms.katalon.core.main.TestCaseExecutor.execute(TestCaseExecutor.java:284)
	at com.kms.katalon.core.main.TestCaseMain.runTestCase(TestCaseMain.java:142)
	at com.kms.katalon.core.keyword.builtin.CallTestCaseKeyword$_callTestCase_closure1.doCall(CallTestCaseKeyword.groovy:59)
	... 52 more
Caused by: com.kms.katalon.core.webui.exception.WebElementNotFoundException: Web element with id: 'Object Repository/1-OBJECTS TAREAS PRINCIPALES/Modulo Tarea Compensacion/Dias con Permisos Pasivos Permitidos/a_Guardar_solicitudes' located by '//*/text()[normalize-space(.)='Guardar Legalizar']/parent::*' not found
	at com.kms.katalon.core.webui.common.WebUiCommonHelper.findWebElement(WebUiCommonHelper.java:1370)
	at com.kms.katalon.core.webui.keyword.internal.WebUIAbstractKeyword.findWebElement(WebUIAbstractKeyword.groovy:27)
	at com.kms.katalon.core.webui.keyword.builtin.ClickKeyword$_click_closure1.doCall(ClickKeyword.groovy:65)
	at com.kms.katalon.core.webui.keyword.builtin.ClickKeyword$_click_closure1.call(ClickKeyword.groovy)
	at com.kms.katalon.core.webui.keyword.internal.WebUIKeywordMain.runKeyword(WebUIKeywordMain.groovy:20)
	... 67 more
)

2022-06-10 08:38:12 - [TEST_CASE][FAILED] - Test Cases/1.1-Tareas Principales/1.1.7-Generar Vacaciones: Test Cases/1.1-Tareas Principales/1.1.7-Generar Vacaciones FAILED.
Reason:
com.kms.katalon.core.exception.StepFailedException: Call Test Case 'Test Cases/1.1-Tareas Principales/1.1.6-crear vacaciones' failed
	at com.kms.katalon.core.keyword.builtin.CallTestCaseKeyword$_callTestCase_closure1.doCall(CallTestCaseKeyword.groovy:63)
	at com.kms.katalon.core.keyword.builtin.CallTestCaseKeyword$_callTestCase_closure1.call(CallTestCaseKeyword.groovy)
	at com.kms.katalon.core.keyword.internal.KeywordMain.runKeyword(KeywordMain.groovy:74)
	at com.kms.katalon.core.keyword.builtin.CallTestCaseKeyword.callTestCase(CallTestCaseKeyword.groovy:81)
	at com.kms.katalon.core.keyword.builtin.CallTestCaseKeyword.execute(CallTestCaseKeyword.groovy:44)
	at com.kms.katalon.core.keyword.internal.KeywordExecutor.executeKeywordForPlatform(KeywordExecutor.groovy:74)
	at com.kms.katalon.core.keyword.BuiltinKeywords.callTestCase(BuiltinKeywords.groovy:334)
	at 1.1.7-Generar Vacaciones.run(1.1.7-Generar Vacaciones:19)
	at com.kms.katalon.core.main.ScriptEngine.run(ScriptEngine.java:194)
	at com.kms.katalon.core.main.ScriptEngine.runScriptAsRawText(ScriptEngine.java:119)
	at com.kms.katalon.core.main.TestCaseExecutor.runScript(TestCaseExecutor.java:445)
	at com.kms.katalon.core.main.TestCaseExecutor.doExecute(TestCaseExecutor.java:436)
	at com.kms.katalon.core.main.TestCaseExecutor.processExecutionPhase(TestCaseExecutor.java:415)
	at com.kms.katalon.core.main.TestCaseExecutor.accessMainPhase(TestCaseExecutor.java:407)
	at com.kms.katalon.core.main.TestCaseExecutor.execute(TestCaseExecutor.java:284)
	at com.kms.katalon.core.main.TestCaseMain.runTestCase(TestCaseMain.java:142)
	at com.kms.katalon.core.keyword.builtin.CallTestCaseKeyword$_callTestCase_closure1.doCall(CallTestCaseKeyword.groovy:59)
	at com.kms.katalon.core.keyword.builtin.CallTestCaseKeyword$_callTestCase_closure1.call(CallTestCaseKeyword.groovy)
	at com.kms.katalon.core.keyword.internal.KeywordMain.runKeyword(KeywordMain.groovy:74)
	at com.kms.katalon.core.keyword.builtin.CallTestCaseKeyword.callTestCase(CallTestCaseKeyword.groovy:81)
	at com.kms.katalon.core.keyword.builtin.CallTestCaseKeyword.execute(CallTestCaseKeyword.groovy:44)
	at com.kms.katalon.core.keyword.internal.KeywordExecutor.executeKeywordForPlatform(KeywordExecutor.groovy:74)
	at com.kms.katalon.core.keyword.BuiltinKeywords.callTestCase(BuiltinKeywords.groovy:334)
	at 1.1.8-Mantenimiento de Vacaciones Reliquidar.run(1.1.8-Mantenimiento de Vacaciones Reliquidar:41)
	at com.kms.katalon.core.main.ScriptEngine.run(ScriptEngine.java:194)
	at com.kms.katalon.core.main.ScriptEngine.runScriptAsRawText(ScriptEngine.java:119)
	at com.kms.katalon.core.main.TestCaseExecutor.runScript(TestCaseExecutor.java:445)
	at com.kms.katalon.core.main.TestCaseExecutor.doExecute(TestCaseExecutor.java:436)
	at com.kms.katalon.core.main.TestCaseExecutor.processExecutionPhase(TestCaseExecutor.java:415)
	at com.kms.katalon.core.main.TestCaseExecutor.accessMainPhase(TestCaseExecutor.java:407)
	at com.kms.katalon.core.main.TestCaseExecutor.execute(TestCaseExecutor.java:284)
	at com.kms.katalon.core.main.TestCaseMain.runTestCase(TestCaseMain.java:142)
	at com.kms.katalon.core.keyword.builtin.CallTestCaseKeyword$_callTestCase_closure1.doCall(CallTestCaseKeyword.groovy:59)
	at com.kms.katalon.core.keyword.builtin.CallTestCaseKeyword$_callTestCase_closure1.call(CallTestCaseKeyword.groovy)
	at com.kms.katalon.core.keyword.internal.KeywordMain.runKeyword(KeywordMain.groovy:74)
	at com.kms.katalon.core.keyword.builtin.CallTestCaseKeyword.callTestCase(CallTestCaseKeyword.groovy:81)
	at com.kms.katalon.core.keyword.builtin.CallTestCaseKeyword.execute(CallTestCaseKeyword.groovy:44)
	at com.kms.katalon.core.keyword.internal.KeywordExecutor.executeKeywordForPlatform(KeywordExecutor.groovy:74)
	at com.kms.katalon.core.keyword.BuiltinKeywords.callTestCase(BuiltinKeywords.groovy:334)
	at 1.1.9-Imprimir comprobante de vacaciones.run(1.1.9-Imprimir comprobante de vacaciones:18)
	at com.kms.katalon.core.main.ScriptEngine.run(ScriptEngine.java:194)
	at com.kms.katalon.core.main.ScriptEngine.runScriptAsRawText(ScriptEngine.java:119)
	at com.kms.katalon.core.main.TestCaseExecutor.runScript(TestCaseExecutor.java:445)
	at com.kms.katalon.core.main.TestCaseExecutor.doExecute(TestCaseExecutor.java:436)
	at com.kms.katalon.core.main.TestCaseExecutor.processExecutionPhase(TestCaseExecutor.java:415)
	at com.kms.katalon.core.main.TestCaseExecutor.accessMainPhase(TestCaseExecutor.java:407)
	at com.kms.katalon.core.main.TestCaseExecutor.execute(TestCaseExecutor.java:284)
	at com.kms.katalon.core.common.CommonExecutor.accessTestCaseMainPhase(CommonExecutor.java:65)
	at com.kms.katalon.core.main.TestSuiteExecutor.accessTestSuiteMainPhase(TestSuiteExecutor.java:144)
	at com.kms.katalon.core.main.TestSuiteExecutor.execute(TestSuiteExecutor.java:106)
	at com.kms.katalon.core.main.TestCaseMain.startTestSuite(TestCaseMain.java:185)
	at com.kms.katalon.core.main.TestCaseMain$startTestSuite$0.call(Unknown Source)
	at TempTestSuite1654867643956.run(TempTestSuite1654867643956.groovy:36)
Caused by: com.kms.katalon.core.exception.StepFailedException: Unable to click on object 'Object Repository/1-OBJECTS TAREAS PRINCIPALES/Modulo Tarea Compensacion/Dias con Permisos Pasivos Permitidos/a_Guardar_solicitudes'
	at com.kms.katalon.core.webui.keyword.internal.WebUIKeywordMain.stepFailed(WebUIKeywordMain.groovy:64)
	at com.kms.katalon.core.webui.keyword.internal.WebUIKeywordMain.runKeyword(WebUIKeywordMain.groovy:26)
	at com.kms.katalon.core.webui.keyword.builtin.ClickKeyword.click(ClickKeyword.groovy:74)
	at com.kms.katalon.core.webui.keyword.builtin.ClickKeyword.execute(ClickKeyword.groovy:40)
	at com.kms.katalon.core.keyword.internal.KeywordExecutor.executeKeywordForPlatform(KeywordExecutor.groovy:74)
	at com.kms.katalon.core.webui.keyword.WebUiBuiltInKeywords.click(WebUiBuiltInKeywords.groovy:620)
	at com.kms.katalon.core.webui.keyword.WebUiBuiltInKeywords$click$5.call(Unknown Source)
	at 1.1.6-crear vacaciones.run(1.1.6-crear vacaciones:177)
	at com.kms.katalon.core.main.ScriptEngine.run(ScriptEngine.java:194)
	at com.kms.katalon.core.main.ScriptEngine.runScriptAsRawText(ScriptEngine.java:119)
	at com.kms.katalon.core.main.TestCaseExecutor.runScript(TestCaseExecutor.java:445)
	at com.kms.katalon.core.main.TestCaseExecutor.doExecute(TestCaseExecutor.java:436)
	at com.kms.katalon.core.main.TestCaseExecutor.processExecutionPhase(TestCaseExecutor.java:415)
	at com.kms.katalon.core.main.TestCaseExecutor.accessMainPhase(TestCaseExecutor.java:407)
	at com.kms.katalon.core.main.TestCaseExecutor.execute(TestCaseExecutor.java:284)
	at com.kms.katalon.core.main.TestCaseMain.runTestCase(TestCaseMain.java:142)
	at com.kms.katalon.core.keyword.builtin.CallTestCaseKeyword$_callTestCase_closure1.doCall(CallTestCaseKeyword.groovy:59)
	... 52 more
Caused by: com.kms.katalon.core.webui.exception.WebElementNotFoundException: Web element with id: 'Object Repository/1-OBJECTS TAREAS PRINCIPALES/Modulo Tarea Compensacion/Dias con Permisos Pasivos Permitidos/a_Guardar_solicitudes' located by '//*/text()[normalize-space(.)='Guardar Legalizar']/parent::*' not found
	at com.kms.katalon.core.webui.common.WebUiCommonHelper.findWebElement(WebUiCommonHelper.java:1370)
	at com.kms.katalon.core.webui.keyword.internal.WebUIAbstractKeyword.findWebElement(WebUIAbstractKeyword.groovy:27)
	at com.kms.katalon.core.webui.keyword.builtin.ClickKeyword$_click_closure1.doCall(ClickKeyword.groovy:65)
	at com.kms.katalon.core.webui.keyword.builtin.ClickKeyword$_click_closure1.call(ClickKeyword.groovy)
	at com.kms.katalon.core.webui.keyword.internal.WebUIKeywordMain.runKeyword(WebUIKeywordMain.groovy:20)
	... 67 more


2022-06-10 08:38:12 - [TEST_STEP][FAILED] - callTestCase(findTestCase("1.1-Tareas Principales/1.1.6-crear vacaciones"), [:], STOP_ON_FAILURE): Unable to call Test Case 'Test Cases/1.1-Tareas Principales/1.1.6-crear vacaciones' (Root cause: com.kms.katalon.core.exception.StepFailedException: Call Test Case 'Test Cases/1.1-Tareas Principales/1.1.6-crear vacaciones' failed
	at com.kms.katalon.core.keyword.builtin.CallTestCaseKeyword$_callTestCase_closure1.doCall(CallTestCaseKeyword.groovy:63)
	at com.kms.katalon.core.keyword.builtin.CallTestCaseKeyword$_callTestCase_closure1.call(CallTestCaseKeyword.groovy)
	at com.kms.katalon.core.keyword.internal.KeywordMain.runKeyword(KeywordMain.groovy:74)
	at com.kms.katalon.core.keyword.builtin.CallTestCaseKeyword.callTestCase(CallTestCaseKeyword.groovy:81)
	at com.kms.katalon.core.keyword.builtin.CallTestCaseKeyword.execute(CallTestCaseKeyword.groovy:44)
	at com.kms.katalon.core.keyword.internal.KeywordExecutor.executeKeywordForPlatform(KeywordExecutor.groovy:74)
	at com.kms.katalon.core.keyword.BuiltinKeywords.callTestCase(BuiltinKeywords.groovy:334)
	at 1.1.7-Generar Vacaciones.run(1.1.7-Generar Vacaciones:19)
	at com.kms.katalon.core.main.ScriptEngine.run(ScriptEngine.java:194)
	at com.kms.katalon.core.main.ScriptEngine.runScriptAsRawText(ScriptEngine.java:119)
	at com.kms.katalon.core.main.TestCaseExecutor.runScript(TestCaseExecutor.java:445)
	at com.kms.katalon.core.main.TestCaseExecutor.doExecute(TestCaseExecutor.java:436)
	at com.kms.katalon.core.main.TestCaseExecutor.processExecutionPhase(TestCaseExecutor.java:415)
	at com.kms.katalon.core.main.TestCaseExecutor.accessMainPhase(TestCaseExecutor.java:407)
	at com.kms.katalon.core.main.TestCaseExecutor.execute(TestCaseExecutor.java:284)
	at com.kms.katalon.core.main.TestCaseMain.runTestCase(TestCaseMain.java:142)
	at com.kms.katalon.core.keyword.builtin.CallTestCaseKeyword$_callTestCase_closure1.doCall(CallTestCaseKeyword.groovy:59)
	at com.kms.katalon.core.keyword.builtin.CallTestCaseKeyword$_callTestCase_closure1.call(CallTestCaseKeyword.groovy)
	at com.kms.katalon.core.keyword.internal.KeywordMain.runKeyword(KeywordMain.groovy:74)
	at com.kms.katalon.core.keyword.builtin.CallTestCaseKeyword.callTestCase(CallTestCaseKeyword.groovy:81)
	at com.kms.katalon.core.keyword.builtin.CallTestCaseKeyword.execute(CallTestCaseKeyword.groovy:44)
	at com.kms.katalon.core.keyword.internal.KeywordExecutor.executeKeywordForPlatform(KeywordExecutor.groovy:74)
	at com.kms.katalon.core.keyword.BuiltinKeywords.callTestCase(BuiltinKeywords.groovy:334)
	at 1.1.8-Mantenimiento de Vacaciones Reliquidar.run(1.1.8-Mantenimiento de Vacaciones Reliquidar:41)
	at com.kms.katalon.core.main.ScriptEngine.run(ScriptEngine.java:194)
	at com.kms.katalon.core.main.ScriptEngine.runScriptAsRawText(ScriptEngine.java:119)
	at com.kms.katalon.core.main.TestCaseExecutor.runScript(TestCaseExecutor.java:445)
	at com.kms.katalon.core.main.TestCaseExecutor.doExecute(TestCaseExecutor.java:436)
	at com.kms.katalon.core.main.TestCaseExecutor.processExecutionPhase(TestCaseExecutor.java:415)
	at com.kms.katalon.core.main.TestCaseExecutor.accessMainPhase(TestCaseExecutor.java:407)
	at com.kms.katalon.core.main.TestCaseExecutor.execute(TestCaseExecutor.java:284)
	at com.kms.katalon.core.main.TestCaseMain.runTestCase(TestCaseMain.java:142)
	at com.kms.katalon.core.keyword.builtin.CallTestCaseKeyword$_callTestCase_closure1.doCall(CallTestCaseKeyword.groovy:59)
	at com.kms.katalon.core.keyword.builtin.CallTestCaseKeyword$_callTestCase_closure1.call(CallTestCaseKeyword.groovy)
	at com.kms.katalon.core.keyword.internal.KeywordMain.runKeyword(KeywordMain.groovy:74)
	at com.kms.katalon.core.keyword.builtin.CallTestCaseKeyword.callTestCase(CallTestCaseKeyword.groovy:81)
	at com.kms.katalon.core.keyword.builtin.CallTestCaseKeyword.execute(CallTestCaseKeyword.groovy:44)
	at com.kms.katalon.core.keyword.internal.KeywordExecutor.executeKeywordForPlatform(KeywordExecutor.groovy:74)
	at com.kms.katalon.core.keyword.BuiltinKeywords.callTestCase(BuiltinKeywords.groovy:334)
	at 1.1.9-Imprimir comprobante de vacaciones.run(1.1.9-Imprimir comprobante de vacaciones:18)
	at com.kms.katalon.core.main.ScriptEngine.run(ScriptEngine.java:194)
	at com.kms.katalon.core.main.ScriptEngine.runScriptAsRawText(ScriptEngine.java:119)
	at com.kms.katalon.core.main.TestCaseExecutor.runScript(TestCaseExecutor.java:445)
	at com.kms.katalon.core.main.TestCaseExecutor.doExecute(TestCaseExecutor.java:436)
	at com.kms.katalon.core.main.TestCaseExecutor.processExecutionPhase(TestCaseExecutor.java:415)
	at com.kms.katalon.core.main.TestCaseExecutor.accessMainPhase(TestCaseExecutor.java:407)
	at com.kms.katalon.core.main.TestCaseExecutor.execute(TestCaseExecutor.java:284)
	at com.kms.katalon.core.common.CommonExecutor.accessTestCaseMainPhase(CommonExecutor.java:65)
	at com.kms.katalon.core.main.TestSuiteExecutor.accessTestSuiteMainPhase(TestSuiteExecutor.java:144)
	at com.kms.katalon.core.main.TestSuiteExecutor.execute(TestSuiteExecutor.java:106)
	at com.kms.katalon.core.main.TestCaseMain.startTestSuite(TestCaseMain.java:185)
	at com.kms.katalon.core.main.TestCaseMain$startTestSuite$0.call(Unknown Source)
	at TempTestSuite1654867643956.run(TempTestSuite1654867643956.groovy:36)
Caused by: com.kms.katalon.core.exception.StepFailedException: Unable to click on object 'Object Repository/1-OBJECTS TAREAS PRINCIPALES/Modulo Tarea Compensacion/Dias con Permisos Pasivos Permitidos/a_Guardar_solicitudes'
	at com.kms.katalon.core.webui.keyword.internal.WebUIKeywordMain.stepFailed(WebUIKeywordMain.groovy:64)
	at com.kms.katalon.core.webui.keyword.internal.WebUIKeywordMain.runKeyword(WebUIKeywordMain.groovy:26)
	at com.kms.katalon.core.webui.keyword.builtin.ClickKeyword.click(ClickKeyword.groovy:74)
	at com.kms.katalon.core.webui.keyword.builtin.ClickKeyword.execute(ClickKeyword.groovy:40)
	at com.kms.katalon.core.keyword.internal.KeywordExecutor.executeKeywordForPlatform(KeywordExecutor.groovy:74)
	at com.kms.katalon.core.webui.keyword.WebUiBuiltInKeywords.click(WebUiBuiltInKeywords.groovy:620)
	at com.kms.katalon.core.webui.keyword.WebUiBuiltInKeywords$click$5.call(Unknown Source)
	at 1.1.6-crear vacaciones.run(1.1.6-crear vacaciones:177)
	at com.kms.katalon.core.main.ScriptEngine.run(ScriptEngine.java:194)
	at com.kms.katalon.core.main.ScriptEngine.runScriptAsRawText(ScriptEngine.java:119)
	at com.kms.katalon.core.main.TestCaseExecutor.runScript(TestCaseExecutor.java:445)
	at com.kms.katalon.core.main.TestCaseExecutor.doExecute(TestCaseExecutor.java:436)
	at com.kms.katalon.core.main.TestCaseExecutor.processExecutionPhase(TestCaseExecutor.java:415)
	at com.kms.katalon.core.main.TestCaseExecutor.accessMainPhase(TestCaseExecutor.java:407)
	at com.kms.katalon.core.main.TestCaseExecutor.execute(TestCaseExecutor.java:284)
	at com.kms.katalon.core.main.TestCaseMain.runTestCase(TestCaseMain.java:142)
	at com.kms.katalon.core.keyword.builtin.CallTestCaseKeyword$_callTestCase_closure1.doCall(CallTestCaseKeyword.groovy:59)
	... 52 more
Caused by: com.kms.katalon.core.webui.exception.WebElementNotFoundException: Web element with id: 'Object Repository/1-OBJECTS TAREAS PRINCIPALES/Modulo Tarea Compensacion/Dias con Permisos Pasivos Permitidos/a_Guardar_solicitudes' located by '//*/text()[normalize-space(.)='Guardar Legalizar']/parent::*' not found
	at com.kms.katalon.core.webui.common.WebUiCommonHelper.findWebElement(WebUiCommonHelper.java:1370)
	at com.kms.katalon.core.webui.keyword.internal.WebUIAbstractKeyword.findWebElement(WebUIAbstractKeyword.groovy:27)
	at com.kms.katalon.core.webui.keyword.builtin.ClickKeyword$_click_closure1.doCall(ClickKeyword.groovy:65)
	at com.kms.katalon.core.webui.keyword.builtin.ClickKeyword$_click_closure1.call(ClickKeyword.groovy)
	at com.kms.katalon.core.webui.keyword.internal.WebUIKeywordMain.runKeyword(WebUIKeywordMain.groovy:20)
	... 67 more
)

2022-06-10 08:38:12 - [TEST_CASE][FAILED] - Test Cases/1.1-Tareas Principales/1.1.6-crear vacaciones: Test Cases/1.1-Tareas Principales/1.1.6-crear vacaciones FAILED.
Reason:
com.kms.katalon.core.exception.StepFailedException: Unable to click on object 'Object Repository/1-OBJECTS TAREAS PRINCIPALES/Modulo Tarea Compensacion/Dias con Permisos Pasivos Permitidos/a_Guardar_solicitudes'
	at com.kms.katalon.core.webui.keyword.internal.WebUIKeywordMain.stepFailed(WebUIKeywordMain.groovy:64)
	at com.kms.katalon.core.webui.keyword.internal.WebUIKeywordMain.runKeyword(WebUIKeywordMain.groovy:26)
	at com.kms.katalon.core.webui.keyword.builtin.ClickKeyword.click(ClickKeyword.groovy:74)
	at com.kms.katalon.core.webui.keyword.builtin.ClickKeyword.execute(ClickKeyword.groovy:40)
	at com.kms.katalon.core.keyword.internal.KeywordExecutor.executeKeywordForPlatform(KeywordExecutor.groovy:74)
	at com.kms.katalon.core.webui.keyword.WebUiBuiltInKeywords.click(WebUiBuiltInKeywords.groovy:620)
	at com.kms.katalon.core.webui.keyword.WebUiBuiltInKeywords$click$5.call(Unknown Source)
	at 1.1.6-crear vacaciones.run(1.1.6-crear vacaciones:177)
	at com.kms.katalon.core.main.ScriptEngine.run(ScriptEngine.java:194)
	at com.kms.katalon.core.main.ScriptEngine.runScriptAsRawText(ScriptEngine.java:119)
	at com.kms.katalon.core.main.TestCaseExecutor.runScript(TestCaseExecutor.java:445)
	at com.kms.katalon.core.main.TestCaseExecutor.doExecute(TestCaseExecutor.java:436)
	at com.kms.katalon.core.main.TestCaseExecutor.processExecutionPhase(TestCaseExecutor.java:415)
	at com.kms.katalon.core.main.TestCaseExecutor.accessMainPhase(TestCaseExecutor.java:407)
	at com.kms.katalon.core.main.TestCaseExecutor.execute(TestCaseExecutor.java:284)
	at com.kms.katalon.core.main.TestCaseMain.runTestCase(TestCaseMain.java:142)
	at com.kms.katalon.core.keyword.builtin.CallTestCaseKeyword$_callTestCase_closure1.doCall(CallTestCaseKeyword.groovy:59)
	at com.kms.katalon.core.keyword.builtin.CallTestCaseKeyword$_callTestCase_closure1.call(CallTestCaseKeyword.groovy)
	at com.kms.katalon.core.keyword.internal.KeywordMain.runKeyword(KeywordMain.groovy:74)
	at com.kms.katalon.core.keyword.builtin.CallTestCaseKeyword.callTestCase(CallTestCaseKeyword.groovy:81)
	at com.kms.katalon.core.keyword.builtin.CallTestCaseKeyword.execute(CallTestCaseKeyword.groovy:44)
	at com.kms.katalon.core.keyword.internal.KeywordExecutor.executeKeywordForPlatform(KeywordExecutor.groovy:74)
	at com.kms.katalon.core.keyword.BuiltinKeywords.callTestCase(BuiltinKeywords.groovy:334)
	at 1.1.7-Generar Vacaciones.run(1.1.7-Generar Vacaciones:19)
	at com.kms.katalon.core.main.ScriptEngine.run(ScriptEngine.java:194)
	at com.kms.katalon.core.main.ScriptEngine.runScriptAsRawText(ScriptEngine.java:119)
	at com.kms.katalon.core.main.TestCaseExecutor.runScript(TestCaseExecutor.java:445)
	at com.kms.katalon.core.main.TestCaseExecutor.doExecute(TestCaseExecutor.java:436)
	at com.kms.katalon.core.main.TestCaseExecutor.processExecutionPhase(TestCaseExecutor.java:415)
	at com.kms.katalon.core.main.TestCaseExecutor.accessMainPhase(TestCaseExecutor.java:407)
	at com.kms.katalon.core.main.TestCaseExecutor.execute(TestCaseExecutor.java:284)
	at com.kms.katalon.core.main.TestCaseMain.runTestCase(TestCaseMain.java:142)
	at com.kms.katalon.core.keyword.builtin.CallTestCaseKeyword$_callTestCase_closure1.doCall(CallTestCaseKeyword.groovy:59)
	at com.kms.katalon.core.keyword.builtin.CallTestCaseKeyword$_callTestCase_closure1.call(CallTestCaseKeyword.groovy)
	at com.kms.katalon.core.keyword.internal.KeywordMain.runKeyword(KeywordMain.groovy:74)
	at com.kms.katalon.core.keyword.builtin.CallTestCaseKeyword.callTestCase(CallTestCaseKeyword.groovy:81)
	at com.kms.katalon.core.keyword.builtin.CallTestCaseKeyword.execute(CallTestCaseKeyword.groovy:44)
	at com.kms.katalon.core.keyword.internal.KeywordExecutor.executeKeywordForPlatform(KeywordExecutor.groovy:74)
	at com.kms.katalon.core.keyword.BuiltinKeywords.callTestCase(BuiltinKeywords.groovy:334)
	at 1.1.8-Mantenimiento de Vacaciones Reliquidar.run(1.1.8-Mantenimiento de Vacaciones Reliquidar:41)
	at com.kms.katalon.core.main.ScriptEngine.run(ScriptEngine.java:194)
	at com.kms.katalon.core.main.ScriptEngine.runScriptAsRawText(ScriptEngine.java:119)
	at com.kms.katalon.core.main.TestCaseExecutor.runScript(TestCaseExecutor.java:445)
	at com.kms.katalon.core.main.TestCaseExecutor.doExecute(TestCaseExecutor.java:436)
	at com.kms.katalon.core.main.TestCaseExecutor.processExecutionPhase(TestCaseExecutor.java:415)
	at com.kms.katalon.core.main.TestCaseExecutor.accessMainPhase(TestCaseExecutor.java:407)
	at com.kms.katalon.core.main.TestCaseExecutor.execute(TestCaseExecutor.java:284)
	at com.kms.katalon.core.main.TestCaseMain.runTestCase(TestCaseMain.java:142)
	at com.kms.katalon.core.keyword.builtin.CallTestCaseKeyword$_callTestCase_closure1.doCall(CallTestCaseKeyword.groovy:59)
	at com.kms.katalon.core.keyword.builtin.CallTestCaseKeyword$_callTestCase_closure1.call(CallTestCaseKeyword.groovy)
	at com.kms.katalon.core.keyword.internal.KeywordMain.runKeyword(KeywordMain.groovy:74)
	at com.kms.katalon.core.keyword.builtin.CallTestCaseKeyword.callTestCase(CallTestCaseKeyword.groovy:81)
	at com.kms.katalon.core.keyword.builtin.CallTestCaseKeyword.execute(CallTestCaseKeyword.groovy:44)
	at com.kms.katalon.core.keyword.internal.KeywordExecutor.executeKeywordForPlatform(KeywordExecutor.groovy:74)
	at com.kms.katalon.core.keyword.BuiltinKeywords.callTestCase(BuiltinKeywords.groovy:334)
	at 1.1.9-Imprimir comprobante de vacaciones.run(1.1.9-Imprimir comprobante de vacaciones:18)
	at com.kms.katalon.core.main.ScriptEngine.run(ScriptEngine.java:194)
	at com.kms.katalon.core.main.ScriptEngine.runScriptAsRawText(ScriptEngine.java:119)
	at com.kms.katalon.core.main.TestCaseExecutor.runScript(TestCaseExecutor.java:445)
	at com.kms.katalon.core.main.TestCaseExecutor.doExecute(TestCaseExecutor.java:436)
	at com.kms.katalon.core.main.TestCaseExecutor.processExecutionPhase(TestCaseExecutor.java:415)
	at com.kms.katalon.core.main.TestCaseExecutor.accessMainPhase(TestCaseExecutor.java:407)
	at com.kms.katalon.core.main.TestCaseExecutor.execute(TestCaseExecutor.java:284)
	at com.kms.katalon.core.common.CommonExecutor.accessTestCaseMainPhase(CommonExecutor.java:65)
	at com.kms.katalon.core.main.TestSuiteExecutor.accessTestSuiteMainPhase(TestSuiteExecutor.java:144)
	at com.kms.katalon.core.main.TestSuiteExecutor.execute(TestSuiteExecutor.java:106)
	at com.kms.katalon.core.main.TestCaseMain.startTestSuite(TestCaseMain.java:185)
	at com.kms.katalon.core.main.TestCaseMain$startTestSuite$0.call(Unknown Source)
	at TempTestSuite1654867643956.run(TempTestSuite1654867643956.groovy:36)
Caused by: com.kms.katalon.core.webui.exception.WebElementNotFoundException: Web element with id: 'Object Repository/1-OBJECTS TAREAS PRINCIPALES/Modulo Tarea Compensacion/Dias con Permisos Pasivos Permitidos/a_Guardar_solicitudes' located by '//*/text()[normalize-space(.)='Guardar Legalizar']/parent::*' not found
	at com.kms.katalon.core.webui.common.WebUiCommonHelper.findWebElement(WebUiCommonHelper.java:1370)
	at com.kms.katalon.core.webui.keyword.internal.WebUIAbstractKeyword.findWebElement(WebUIAbstractKeyword.groovy:27)
	at com.kms.katalon.core.webui.keyword.builtin.ClickKeyword$_click_closure1.doCall(ClickKeyword.groovy:65)
	at com.kms.katalon.core.webui.keyword.builtin.ClickKeyword$_click_closure1.call(ClickKeyword.groovy)
	at com.kms.katalon.core.webui.keyword.internal.WebUIKeywordMain.runKeyword(WebUIKeywordMain.groovy:20)
	... 67 more


2022-06-10 08:38:12 - [TEST_STEP][PASSED] - callTestCase(findTestCase("Utilidades-(atajos_para _tareas)/Tareas Administracion Compensacion/Tarea Listado Empleados"), [:], STOP_ON_FAILURE): Call Test Case 'Test Cases/Utilidades-(atajos_para _tareas)/Tareas Administracion Compensacion/Tarea Listado Empleados' successfully

2022-06-10 08:38:12 - [TEST_CASE][PASSED] - Test Cases/Utilidades-(atajos_para _tareas)/Tareas Administracion Compensacion/Tarea Listado Empleados: Test Cases/Utilidades-(atajos_para _tareas)/Tareas Administracion Compensacion/Tarea Listado Empleados

2022-06-10 08:38:12 - [TEST_STEP][PASSED] - callTestCase(findTestCase("0.1-Login"), [:], STOP_ON_FAILURE): Call Test Case 'Test Cases/0.1-Login' successfully

2022-06-10 08:38:12 - [TEST_CASE][PASSED] - Test Cases/0.1-Login: Test Cases/0.1-Login

2022-06-10 08:38:12 - [TEST_STEP][PASSED] - openBrowser(""): Browser is opened with url: ''

2022-06-10 08:38:12 - [MESSAGE][WARNING] - A browser is already opened. Closing browser and opening a new one

2022-06-10 08:38:13 - [MESSAGE][INFO] - Starting 'Chrome' driver

2022-06-10 08:38:13 - [MESSAGE][INFO] - Action delay is set to 0 milliseconds

2022-06-10 08:38:14 - [MESSAGE][PASSED] - Browser is opened with url: ''

2022-06-10 08:38:14 - [TEST_STEP][PASSED] - maximizeWindow(): Current window maximized

2022-06-10 08:38:14 - [MESSAGE][PASSED] - Current window maximized

2022-06-10 08:38:14 - [TEST_STEP][PASSED] - i = G_Login: null

2022-06-10 08:38:14 - [TEST_STEP][PASSED] - url = new java.net.URL(i): null

2022-06-10 08:38:14 - [TEST_STEP][PASSED] - println("URL: " + url.toString()): null

2022-06-10 08:38:14 - [TEST_STEP][PASSED] - connection = url.openConnection(): null

2022-06-10 08:38:14 - [TEST_STEP][PASSED] - connection.setRequestMethod("GET"): null

2022-06-10 08:38:14 - [TEST_STEP][PASSED] - connection.setReadTimeout(2 * 1000): null

2022-06-10 08:38:14 - [TEST_STEP][PASSED] - try: null

2022-06-10 08:38:14 - [TEST_STEP][PASSED] - connection.connect(): null

2022-06-10 08:38:14 - [TEST_STEP][PASSED] - flag = connected: null

2022-06-10 08:38:14 - [TEST_STEP][PASSED] - println("Valor_ori: " + flag): null

2022-06-10 08:38:14 - [TEST_STEP][PASSED] - if (flag): null

2022-06-10 08:38:14 - [TEST_STEP][PASSED] - navigateToUrl(i): Navigate to 'http://192.168.2.19:8380/saraweb' successfully

2022-06-10 08:38:14 - [MESSAGE][PASSED] - Navigate to 'http://192.168.2.19:8380/saraweb' successfully

2022-06-10 08:38:14 - [TEST_STEP][PASSED] - a(): null

2022-06-10 08:38:14 - [TEST_STEP][PASSED] - setText(findTestObject("3-OBJECTS UTILIDADES/Login/input_USUARIO_loginusuario"), G_Usuario): Text 'saraadmin' is set on object 'Object Repository/3-OBJECTS UTILIDADES/Login/input_USUARIO_loginusuario'

2022-06-10 08:38:15 - [MESSAGE][PASSED] - Text 'saraadmin' is set on object 'Object Repository/3-OBJECTS UTILIDADES/Login/input_USUARIO_loginusuario'

2022-06-10 08:38:15 - [TEST_STEP][PASSED] - setEncryptedText(findTestObject("3-OBJECTS UTILIDADES/Login/input_CLAVE_loginpassword"), "MkG4/TYiCFC3cb2driP7+Q=="): Text ****** has been set on object 'Object Repository/3-OBJECTS UTILIDADES/Login/input_CLAVE_loginpassword'

2022-06-10 08:38:16 - [MESSAGE][PASSED] - Text ****** has been set on object 'Object Repository/3-OBJECTS UTILIDADES/Login/input_CLAVE_loginpassword'

2022-06-10 08:38:16 - [TEST_STEP][PASSED] - waitForElementClickable(findTestObject("3-OBJECTS UTILIDADES/Login/a_Ingresar"), G_TimeOut): Object 'Object Repository/3-OBJECTS UTILIDADES/Login/a_Ingresar' is clickable

2022-06-10 08:38:16 - [MESSAGE][PASSED] - Object 'Object Repository/3-OBJECTS UTILIDADES/Login/a_Ingresar' is clickable

2022-06-10 08:38:16 - [TEST_STEP][PASSED] - click(findTestObject("3-OBJECTS UTILIDADES/Login/a_Ingresar")): Object: 'Object Repository/3-OBJECTS UTILIDADES/Login/a_Ingresar' is clicked on

2022-06-10 08:38:17 - [MESSAGE][PASSED] - Object: 'Object Repository/3-OBJECTS UTILIDADES/Login/a_Ingresar' is clicked on

2022-06-10 08:38:17 - [TEST_STEP][PASSED] - element = findWebElement(findTestObject("3-OBJECTS UTILIDADES/Login/a_Ir"), 30): null

2022-06-10 08:38:17 - [TEST_STEP][PASSED] - executeJavaScript("arguments[0].click()", Arrays.asList(element)): Execute JavaScript 'arguments[0].click()' successfully

2022-06-10 08:38:17 - [MESSAGE][PASSED] - Execute JavaScript 'arguments[0].click()' successfully

2022-06-10 08:38:17 - [MESSAGE][PASSED] - Call Test Case 'Test Cases/0.1-Login' successfully

2022-06-10 08:38:17 - [TEST_STEP][PASSED] - setText(findTestObject("1-OBJECTS TAREAS PRINCIPALES/Modulo Tarea Listado Hojas de Vida/Tareas Listado Hojas de Vida/input_Listado Hojas De Vida_form_templatej_idt24_input"), "Listado de Empleados"): Text 'Listado de Empleados' is set on object 'Object Repository/1-OBJECTS TAREAS PRINCIPALES/Modulo Tarea Listado Hojas de Vida/Tareas Listado Hojas de Vida/input_Listado Hojas De Vida_form_templatej_idt24_input'

2022-06-10 08:38:19 - [MESSAGE][PASSED] - Text 'Listado de Empleados' is set on object 'Object Repository/1-OBJECTS TAREAS PRINCIPALES/Modulo Tarea Listado Hojas de Vida/Tareas Listado Hojas de Vida/input_Listado Hojas De Vida_form_templatej_idt24_input'

2022-06-10 08:38:19 - [TEST_STEP][PASSED] - waitForElementVisible(findTestObject("1-OBJECTS TAREAS PRINCIPALES/Modulo Tarea Listado Hojas de Vida/Tareas Listado Hojas de Vida/span_Listado de Empleados"), 0): Object 'Object Repository/1-OBJECTS TAREAS PRINCIPALES/Modulo Tarea Listado Hojas de Vida/Tareas Listado Hojas de Vida/span_Listado de Empleados' is visible

2022-06-10 08:38:19 - [MESSAGE][WARNING] - Timeout '0' is invalid. Using default page load timeout: '37'

2022-06-10 08:38:20 - [MESSAGE][PASSED] - Object 'Object Repository/1-OBJECTS TAREAS PRINCIPALES/Modulo Tarea Listado Hojas de Vida/Tareas Listado Hojas de Vida/span_Listado de Empleados' is visible

2022-06-10 08:38:20 - [TEST_STEP][PASSED] - click(findTestObject("1-OBJECTS TAREAS PRINCIPALES/Modulo Tarea Listado Hojas de Vida/Tareas Listado Hojas de Vida/span_Listado de Empleados")): Object: 'Object Repository/1-OBJECTS TAREAS PRINCIPALES/Modulo Tarea Listado Hojas de Vida/Tareas Listado Hojas de Vida/span_Listado de Empleados' is clicked on

2022-06-10 08:38:20 - [MESSAGE][PASSED] - Object: 'Object Repository/1-OBJECTS TAREAS PRINCIPALES/Modulo Tarea Listado Hojas de Vida/Tareas Listado Hojas de Vida/span_Listado de Empleados' is clicked on

2022-06-10 08:38:20 - [MESSAGE][PASSED] - Call Test Case 'Test Cases/Utilidades-(atajos_para _tareas)/Tareas Administracion Compensacion/Tarea Listado Empleados' successfully

2022-06-10 08:38:20 - [TEST_STEP][PASSED] - setText(findTestObject("1-OBJECTS TAREAS PRINCIPALES/Modulo Tarea Compensacion/Dias con Permisos Pasivos Permitidos/input_Identificacin_listadoEmpleadoIdentificacionEmpleado"), "1234567890"): Text '1234567890' is set on object 'Object Repository/1-OBJECTS TAREAS PRINCIPALES/Modulo Tarea Compensacion/Dias con Permisos Pasivos Permitidos/input_Identificacin_listadoEmpleadoIdentificacionEmpleado'

2022-06-10 08:38:23 - [MESSAGE][PASSED] - Text '1234567890' is set on object 'Object Repository/1-OBJECTS TAREAS PRINCIPALES/Modulo Tarea Compensacion/Dias con Permisos Pasivos Permitidos/input_Identificacin_listadoEmpleadoIdentificacionEmpleado'

2022-06-10 08:38:23 - [TEST_STEP][PASSED] - sendKeys(findTestObject("1-OBJECTS TAREAS PRINCIPALES/Modulo Tarea Compensacion/Dias con Permisos Pasivos Permitidos/input_Identificacin_listadoEmpleadoIdentificacionEmpleado"), Keys.chord(ENTER)): Keys 'ENTER + ' sent to object: 'Object Repository/1-OBJECTS TAREAS PRINCIPALES/Modulo Tarea Compensacion/Dias con Permisos Pasivos Permitidos/input_Identificacin_listadoEmpleadoIdentificacionEmpleado'

2022-06-10 08:38:23 - [MESSAGE][PASSED] - Keys 'ENTER + ' sent to object: 'Object Repository/1-OBJECTS TAREAS PRINCIPALES/Modulo Tarea Compensacion/Dias con Permisos Pasivos Permitidos/input_Identificacin_listadoEmpleadoIdentificacionEmpleado'

2022-06-10 08:38:23 - [TEST_STEP][PASSED] - waitForElementClickable(findTestObject("1-OBJECTS TAREAS PRINCIPALES/Modulo Tarea Compensacion/Dias con Permisos Pasivos Permitidos/span_Consta Belfegord Jhon"), G_TimeOut): Object 'Object Repository/1-OBJECTS TAREAS PRINCIPALES/Modulo Tarea Compensacion/Dias con Permisos Pasivos Permitidos/span_Consta Belfegord Jhon' is clickable

2022-06-10 08:38:23 - [MESSAGE][PASSED] - Object 'Object Repository/1-OBJECTS TAREAS PRINCIPALES/Modulo Tarea Compensacion/Dias con Permisos Pasivos Permitidos/span_Consta Belfegord Jhon' is clickable

2022-06-10 08:38:23 - [TEST_STEP][PASSED] - click(findTestObject("1-OBJECTS TAREAS PRINCIPALES/Modulo Tarea Compensacion/Dias con Permisos Pasivos Permitidos/span_Consta Belfegord Jhon")): Object: 'Object Repository/1-OBJECTS TAREAS PRINCIPALES/Modulo Tarea Compensacion/Dias con Permisos Pasivos Permitidos/span_Consta Belfegord Jhon' is clicked on

2022-06-10 08:38:24 - [MESSAGE][PASSED] - Object: 'Object Repository/1-OBJECTS TAREAS PRINCIPALES/Modulo Tarea Compensacion/Dias con Permisos Pasivos Permitidos/span_Consta Belfegord Jhon' is clicked on

2022-06-10 08:38:24 - [TEST_STEP][PASSED] - waitForElementClickable(findTestObject("1-OBJECTS TAREAS PRINCIPALES/Modulo Tarea Compensacion/Dias con Permisos Pasivos Permitidos/a_Vacacin"), G_TimeOut): Object 'Object Repository/1-OBJECTS TAREAS PRINCIPALES/Modulo Tarea Compensacion/Dias con Permisos Pasivos Permitidos/a_Vacacin' is clickable

2022-06-10 08:38:25 - [MESSAGE][PASSED] - Object 'Object Repository/1-OBJECTS TAREAS PRINCIPALES/Modulo Tarea Compensacion/Dias con Permisos Pasivos Permitidos/a_Vacacin' is clickable

2022-06-10 08:38:25 - [TEST_STEP][PASSED] - click(findTestObject("1-OBJECTS TAREAS PRINCIPALES/Modulo Tarea Compensacion/Dias con Permisos Pasivos Permitidos/a_Vacacin")): Object: 'Object Repository/1-OBJECTS TAREAS PRINCIPALES/Modulo Tarea Compensacion/Dias con Permisos Pasivos Permitidos/a_Vacacin' is clicked on

2022-06-10 08:38:25 - [MESSAGE][PASSED] - Object: 'Object Repository/1-OBJECTS TAREAS PRINCIPALES/Modulo Tarea Compensacion/Dias con Permisos Pasivos Permitidos/a_Vacacin' is clicked on

2022-06-10 08:38:25 - [TEST_STEP][PASSED] - if (waitForElementClickable(findTestObject("1-OBJECTS TAREAS PRINCIPALES/Modulo Tarea Compensacion/Dias con Permisos Pasivos Permitidos/span_Programacion De Vacaciones"), G_TimeOut)): null

2022-06-10 08:38:26 - [MESSAGE][PASSED] - Object 'Object Repository/1-OBJECTS TAREAS PRINCIPALES/Modulo Tarea Compensacion/Dias con Permisos Pasivos Permitidos/span_Programacion De Vacaciones' is clickable

2022-06-10 08:38:26 - [TEST_STEP][PASSED] - click(findTestObject("1-OBJECTS TAREAS PRINCIPALES/Modulo Tarea Compensacion/Dias con Permisos Pasivos Permitidos/span_Programacion De Vacaciones")): Object: 'Object Repository/1-OBJECTS TAREAS PRINCIPALES/Modulo Tarea Compensacion/Dias con Permisos Pasivos Permitidos/span_Programacion De Vacaciones' is clicked on

2022-06-10 08:38:26 - [MESSAGE][PASSED] - Object: 'Object Repository/1-OBJECTS TAREAS PRINCIPALES/Modulo Tarea Compensacion/Dias con Permisos Pasivos Permitidos/span_Programacion De Vacaciones' is clicked on

2022-06-10 08:38:26 - [TEST_STEP][PASSED] - waitForElementClickable(findTestObject("1-OBJECTS TAREAS PRINCIPALES/Modulo Tarea Compensacion/Dias con Permisos Pasivos Permitidos/a_Eliminar"), G_TimeOut): Object 'Object Repository/1-OBJECTS TAREAS PRINCIPALES/Modulo Tarea Compensacion/Dias con Permisos Pasivos Permitidos/a_Eliminar' is clickable

2022-06-10 08:38:27 - [MESSAGE][PASSED] - Object 'Object Repository/1-OBJECTS TAREAS PRINCIPALES/Modulo Tarea Compensacion/Dias con Permisos Pasivos Permitidos/a_Eliminar' is clickable

2022-06-10 08:38:27 - [TEST_STEP][PASSED] - click(findTestObject("1-OBJECTS TAREAS PRINCIPALES/Modulo Tarea Compensacion/Dias con Permisos Pasivos Permitidos/a_Eliminar")): Object: 'Object Repository/1-OBJECTS TAREAS PRINCIPALES/Modulo Tarea Compensacion/Dias con Permisos Pasivos Permitidos/a_Eliminar' is clicked on

2022-06-10 08:38:27 - [MESSAGE][PASSED] - Object: 'Object Repository/1-OBJECTS TAREAS PRINCIPALES/Modulo Tarea Compensacion/Dias con Permisos Pasivos Permitidos/a_Eliminar' is clicked on

2022-06-10 08:38:27 - [TEST_STEP][PASSED] - waitForElementClickable(findTestObject("1-OBJECTS TAREAS PRINCIPALES/Modulo Tarea Compensacion/Dias con Permisos Pasivos Permitidos/a_Aceptar"), G_TimeOut): Object 'Object Repository/1-OBJECTS TAREAS PRINCIPALES/Modulo Tarea Compensacion/Dias con Permisos Pasivos Permitidos/a_Aceptar' is clickable

2022-06-10 08:38:28 - [MESSAGE][PASSED] - Object 'Object Repository/1-OBJECTS TAREAS PRINCIPALES/Modulo Tarea Compensacion/Dias con Permisos Pasivos Permitidos/a_Aceptar' is clickable

2022-06-10 08:38:28 - [TEST_STEP][PASSED] - click(findTestObject("1-OBJECTS TAREAS PRINCIPALES/Modulo Tarea Compensacion/Dias con Permisos Pasivos Permitidos/a_Aceptar")): Object: 'Object Repository/1-OBJECTS TAREAS PRINCIPALES/Modulo Tarea Compensacion/Dias con Permisos Pasivos Permitidos/a_Aceptar' is clicked on

2022-06-10 08:38:28 - [MESSAGE][PASSED] - Object: 'Object Repository/1-OBJECTS TAREAS PRINCIPALES/Modulo Tarea Compensacion/Dias con Permisos Pasivos Permitidos/a_Aceptar' is clicked on

2022-06-10 08:38:28 - [TEST_STEP][PASSED] - click(findTestObject("1-OBJECTS TAREAS PRINCIPALES/Modulo Tarea Compensacion/Dias con Permisos Pasivos Permitidos/a_Histrico")): Object: 'Object Repository/1-OBJECTS TAREAS PRINCIPALES/Modulo Tarea Compensacion/Dias con Permisos Pasivos Permitidos/a_Histrico' is clicked on

2022-06-10 08:38:29 - [MESSAGE][PASSED] - Object: 'Object Repository/1-OBJECTS TAREAS PRINCIPALES/Modulo Tarea Compensacion/Dias con Permisos Pasivos Permitidos/a_Histrico' is clicked on

2022-06-10 08:38:29 - [TEST_STEP][PASSED] - if (waitForElementClickable(findTestObject("1-OBJECTS TAREAS PRINCIPALES/Modulo Tarea Compensacion/Dias con Permisos Pasivos Permitidos/span_Programacion De Vacaciones"), 1)): Web element with id: 'Object Repository/1-OBJECTS TAREAS PRINCIPALES/Modulo Tarea Compensacion/Dias con Permisos Pasivos Permitidos/span_Programacion De Vacaciones' located by '//*/text()[normalize-space(.)='Programacion De Vacaciones']/parent::*' not found

2022-06-10 08:38:32 - [MESSAGE][INFO] - Unable to find the element located by 'By.xpath: //*/text()[normalize-space(.)='Programacion De Vacaciones']/parent::*'. Please recheck the objects properties to make sure the desired element is located. 

2022-06-10 08:38:32 - [MESSAGE][WARNING] - Web element with id: 'Object Repository/1-OBJECTS TAREAS PRINCIPALES/Modulo Tarea Compensacion/Dias con Permisos Pasivos Permitidos/span_Programacion De Vacaciones' located by '//*/text()[normalize-space(.)='Programacion De Vacaciones']/parent::*' not found

2022-06-10 08:38:32 - [TEST_STEP][PASSED] - click(findTestObject("1-OBJECTS TAREAS PRINCIPALES/Modulo Tarea Compensacion/Dias con Permisos Pasivos Permitidos/a_Vacaciones")): Object: 'Object Repository/1-OBJECTS TAREAS PRINCIPALES/Modulo Tarea Compensacion/Dias con Permisos Pasivos Permitidos/a_Vacaciones' is clicked on

2022-06-10 08:38:32 - [MESSAGE][PASSED] - Object: 'Object Repository/1-OBJECTS TAREAS PRINCIPALES/Modulo Tarea Compensacion/Dias con Permisos Pasivos Permitidos/a_Vacaciones' is clicked on

2022-06-10 08:38:32 - [TEST_STEP][PASSED] - waitForElementClickable(findTestObject("1-OBJECTS TAREAS PRINCIPALES/Modulo Tarea Compensacion/Dias con Permisos Pasivos Permitidos/a_Nuevo Pasivo"), G_TimeOut): Object 'Object Repository/1-OBJECTS TAREAS PRINCIPALES/Modulo Tarea Compensacion/Dias con Permisos Pasivos Permitidos/a_Nuevo Pasivo' is clickable

2022-06-10 08:38:32 - [MESSAGE][PASSED] - Object 'Object Repository/1-OBJECTS TAREAS PRINCIPALES/Modulo Tarea Compensacion/Dias con Permisos Pasivos Permitidos/a_Nuevo Pasivo' is clickable

2022-06-10 08:38:32 - [TEST_STEP][PASSED] - click(findTestObject("1-OBJECTS TAREAS PRINCIPALES/Modulo Tarea Compensacion/Dias con Permisos Pasivos Permitidos/a_Nuevo Pasivo")): Object: 'Object Repository/1-OBJECTS TAREAS PRINCIPALES/Modulo Tarea Compensacion/Dias con Permisos Pasivos Permitidos/a_Nuevo Pasivo' is clicked on

2022-06-10 08:38:33 - [MESSAGE][PASSED] - Object: 'Object Repository/1-OBJECTS TAREAS PRINCIPALES/Modulo Tarea Compensacion/Dias con Permisos Pasivos Permitidos/a_Nuevo Pasivo' is clicked on

2022-06-10 08:38:33 - [TEST_STEP][PASSED] - click(findTestObject("1-OBJECTS TAREAS PRINCIPALES/Modulo Tarea Compensacion/Dias con Permisos Pasivos Permitidos/a_pestaa Vacaciones")): Object: 'Object Repository/1-OBJECTS TAREAS PRINCIPALES/Modulo Tarea Compensacion/Dias con Permisos Pasivos Permitidos/a_pestaa Vacaciones' is clicked on

2022-06-10 08:38:34 - [MESSAGE][PASSED] - Object: 'Object Repository/1-OBJECTS TAREAS PRINCIPALES/Modulo Tarea Compensacion/Dias con Permisos Pasivos Permitidos/a_pestaa Vacaciones' is clicked on

2022-06-10 08:38:34 - [TEST_STEP][PASSED] - selectOptionByIndex(findTestObject("1-OBJECTS TAREAS PRINCIPALES/Modulo Tarea Compensacion/Dias con Permisos Pasivos Permitidos/select_APLAZAMIENTOPROGRAMACION DE VACACIONES"), "2"): All options with index in [2] are selected on object 'Object Repository/1-OBJECTS TAREAS PRINCIPALES/Modulo Tarea Compensacion/Dias con Permisos Pasivos Permitidos/select_APLAZAMIENTOPROGRAMACION DE VACACIONES'

2022-06-10 08:38:35 - [MESSAGE][PASSED] - All options with index in [2] are selected on object 'Object Repository/1-OBJECTS TAREAS PRINCIPALES/Modulo Tarea Compensacion/Dias con Permisos Pasivos Permitidos/select_APLAZAMIENTOPROGRAMACION DE VACACIONES'

2022-06-10 08:38:35 - [TEST_STEP][PASSED] - selectOptionByIndex(findTestObject("1-OBJECTS TAREAS PRINCIPALES/Modulo Tarea Compensacion/Dias con Permisos Pasivos Permitidos/select_InterrupcinNo Aplica"), "1"): All options with index in [1] are selected on object 'Object Repository/1-OBJECTS TAREAS PRINCIPALES/Modulo Tarea Compensacion/Dias con Permisos Pasivos Permitidos/select_InterrupcinNo Aplica'

2022-06-10 08:38:36 - [MESSAGE][PASSED] - All options with index in [1] are selected on object 'Object Repository/1-OBJECTS TAREAS PRINCIPALES/Modulo Tarea Compensacion/Dias con Permisos Pasivos Permitidos/select_InterrupcinNo Aplica'

2022-06-10 08:38:36 - [TEST_STEP][PASSED] - setText(findTestObject("1-OBJECTS TAREAS PRINCIPALES/Modulo Tarea Compensacion/Dias con Permisos Pasivos Permitidos/input_Periodo Servicio_form_"), "01/06/2021"): Text '01/06/2021' is set on object 'Object Repository/1-OBJECTS TAREAS PRINCIPALES/Modulo Tarea Compensacion/Dias con Permisos Pasivos Permitidos/input_Periodo Servicio_form_'

2022-06-10 08:38:37 - [MESSAGE][PASSED] - Text '01/06/2021' is set on object 'Object Repository/1-OBJECTS TAREAS PRINCIPALES/Modulo Tarea Compensacion/Dias con Permisos Pasivos Permitidos/input_Periodo Servicio_form_'

2022-06-10 08:38:37 - [TEST_STEP][PASSED] - click(findTestObject("1-OBJECTS TAREAS PRINCIPALES/Modulo Tarea Compensacion/Dias con Permisos Pasivos Permitidos/span_Periodo Servicio"), STOP_ON_FAILURE): Object: 'Object Repository/1-OBJECTS TAREAS PRINCIPALES/Modulo Tarea Compensacion/Dias con Permisos Pasivos Permitidos/span_Periodo Servicio' is clicked on

2022-06-10 08:38:38 - [MESSAGE][PASSED] - Object: 'Object Repository/1-OBJECTS TAREAS PRINCIPALES/Modulo Tarea Compensacion/Dias con Permisos Pasivos Permitidos/span_Periodo Servicio' is clicked on

2022-06-10 08:38:38 - [TEST_STEP][PASSED] - setText(findTestObject("1-OBJECTS TAREAS PRINCIPALES/Modulo Tarea Compensacion/Dias con Permisos Pasivos Permitidos/input_Periodo Servicio_form_vacaciones"), "06/06/2021"): Text '06/06/2021' is set on object 'Object Repository/1-OBJECTS TAREAS PRINCIPALES/Modulo Tarea Compensacion/Dias con Permisos Pasivos Permitidos/input_Periodo Servicio_form_vacaciones'

2022-06-10 08:38:39 - [MESSAGE][PASSED] - Text '06/06/2021' is set on object 'Object Repository/1-OBJECTS TAREAS PRINCIPALES/Modulo Tarea Compensacion/Dias con Permisos Pasivos Permitidos/input_Periodo Servicio_form_vacaciones'

2022-06-10 08:38:39 - [TEST_STEP][PASSED] - sendKeys(findTestObject("1-OBJECTS TAREAS PRINCIPALES/Modulo Tarea Compensacion/Dias con Permisos Pasivos Permitidos/input_Periodo Servicio_form_vacaciones"), Keys.chord(ENTER)): Keys 'ENTER + ' sent to object: 'Object Repository/1-OBJECTS TAREAS PRINCIPALES/Modulo Tarea Compensacion/Dias con Permisos Pasivos Permitidos/input_Periodo Servicio_form_vacaciones'

2022-06-10 08:38:39 - [MESSAGE][PASSED] - Keys 'ENTER + ' sent to object: 'Object Repository/1-OBJECTS TAREAS PRINCIPALES/Modulo Tarea Compensacion/Dias con Permisos Pasivos Permitidos/input_Periodo Servicio_form_vacaciones'

2022-06-10 08:38:39 - [TEST_STEP][PASSED] - setText(findTestObject("1-OBJECTS TAREAS PRINCIPALES/Modulo Tarea Compensacion/Dias con Permisos Pasivos Permitidos/input_Das_form_vacacionesEmpleadotabs"), "5"): Text '5' is set on object 'Object Repository/1-OBJECTS TAREAS PRINCIPALES/Modulo Tarea Compensacion/Dias con Permisos Pasivos Permitidos/input_Das_form_vacacionesEmpleadotabs'

2022-06-10 08:38:40 - [MESSAGE][PASSED] - Text '5' is set on object 'Object Repository/1-OBJECTS TAREAS PRINCIPALES/Modulo Tarea Compensacion/Dias con Permisos Pasivos Permitidos/input_Das_form_vacacionesEmpleadotabs'

2022-06-10 08:38:40 - [TEST_STEP][PASSED] - setText(findTestObject("1-OBJECTS TAREAS PRINCIPALES/Modulo Tarea Compensacion/Dias con Permisos Pasivos Permitidos/input_Fecha Origen_form_vacaciones"), "01/06/2021"): Text '01/06/2021' is set on object 'Object Repository/1-OBJECTS TAREAS PRINCIPALES/Modulo Tarea Compensacion/Dias con Permisos Pasivos Permitidos/input_Fecha Origen_form_vacaciones'

2022-06-10 08:38:41 - [MESSAGE][PASSED] - Text '01/06/2021' is set on object 'Object Repository/1-OBJECTS TAREAS PRINCIPALES/Modulo Tarea Compensacion/Dias con Permisos Pasivos Permitidos/input_Fecha Origen_form_vacaciones'

2022-06-10 08:38:41 - [TEST_STEP][PASSED] - sendKeys(findTestObject("1-OBJECTS TAREAS PRINCIPALES/Modulo Tarea Compensacion/Dias con Permisos Pasivos Permitidos/input_Fecha Origen_form_vacaciones"), Keys.chord(ENTER)): Keys 'ENTER + ' sent to object: 'Object Repository/1-OBJECTS TAREAS PRINCIPALES/Modulo Tarea Compensacion/Dias con Permisos Pasivos Permitidos/input_Fecha Origen_form_vacaciones'

2022-06-10 08:38:41 - [MESSAGE][PASSED] - Keys 'ENTER + ' sent to object: 'Object Repository/1-OBJECTS TAREAS PRINCIPALES/Modulo Tarea Compensacion/Dias con Permisos Pasivos Permitidos/input_Fecha Origen_form_vacaciones'

2022-06-10 08:38:41 - [TEST_STEP][PASSED] - waitForElementClickable(findTestObject("1-OBJECTS TAREAS PRINCIPALES/Modulo Tarea Compensacion/Dias con Permisos Pasivos Permitidos/a_Guardar"), G_TimeOut): Object 'Object Repository/1-OBJECTS TAREAS PRINCIPALES/Modulo Tarea Compensacion/Dias con Permisos Pasivos Permitidos/a_Guardar' is clickable

2022-06-10 08:38:41 - [MESSAGE][PASSED] - Object 'Object Repository/1-OBJECTS TAREAS PRINCIPALES/Modulo Tarea Compensacion/Dias con Permisos Pasivos Permitidos/a_Guardar' is clickable

2022-06-10 08:38:41 - [TEST_STEP][PASSED] - click(findTestObject("1-OBJECTS TAREAS PRINCIPALES/Modulo Tarea Compensacion/Dias con Permisos Pasivos Permitidos/a_Guardar")): Object: 'Object Repository/1-OBJECTS TAREAS PRINCIPALES/Modulo Tarea Compensacion/Dias con Permisos Pasivos Permitidos/a_Guardar' is clicked on

2022-06-10 08:38:42 - [MESSAGE][PASSED] - Object: 'Object Repository/1-OBJECTS TAREAS PRINCIPALES/Modulo Tarea Compensacion/Dias con Permisos Pasivos Permitidos/a_Guardar' is clicked on

2022-06-10 08:38:42 - [TEST_STEP][PASSED] - waitForElementClickable(findTestObject("1-OBJECTS TAREAS PRINCIPALES/Modulo Tarea Compensacion/Dias con Permisos Pasivos Permitidos/a_Regresar"), G_TimeOut): Object 'Object Repository/1-OBJECTS TAREAS PRINCIPALES/Modulo Tarea Compensacion/Dias con Permisos Pasivos Permitidos/a_Regresar' is clickable

2022-06-10 08:38:43 - [MESSAGE][PASSED] - Object 'Object Repository/1-OBJECTS TAREAS PRINCIPALES/Modulo Tarea Compensacion/Dias con Permisos Pasivos Permitidos/a_Regresar' is clickable

2022-06-10 08:38:43 - [TEST_STEP][PASSED] - click(findTestObject("1-OBJECTS TAREAS PRINCIPALES/Modulo Tarea Compensacion/Dias con Permisos Pasivos Permitidos/a_Regresar")): Object: 'Object Repository/1-OBJECTS TAREAS PRINCIPALES/Modulo Tarea Compensacion/Dias con Permisos Pasivos Permitidos/a_Regresar' is clicked on

2022-06-10 08:38:44 - [MESSAGE][PASSED] - Object: 'Object Repository/1-OBJECTS TAREAS PRINCIPALES/Modulo Tarea Compensacion/Dias con Permisos Pasivos Permitidos/a_Regresar' is clicked on

2022-06-10 08:38:44 - [TEST_STEP][PASSED] - if (waitForElementClickable(findTestObject("1-OBJECTS TAREAS PRINCIPALES/Modulo Tarea Compensacion/Dias con Permisos Pasivos Permitidos/td_02062021"), 1)): Web element with id: 'Object Repository/1-OBJECTS TAREAS PRINCIPALES/Modulo Tarea Compensacion/Dias con Permisos Pasivos Permitidos/td_02062021' located by '//*/text()[normalize-space(.)='02/06/2021']/parent::*' not found

2022-06-10 08:38:46 - [MESSAGE][INFO] - Unable to find the element located by 'By.xpath: //*/text()[normalize-space(.)='02/06/2021']/parent::*'. Please recheck the objects properties to make sure the desired element is located. 

2022-06-10 08:38:46 - [MESSAGE][WARNING] - Web element with id: 'Object Repository/1-OBJECTS TAREAS PRINCIPALES/Modulo Tarea Compensacion/Dias con Permisos Pasivos Permitidos/td_02062021' located by '//*/text()[normalize-space(.)='02/06/2021']/parent::*' not found

2022-06-10 08:38:46 - [TEST_STEP][PASSED] - waitForElementClickable(findTestObject("1-OBJECTS TAREAS PRINCIPALES/Modulo Tarea Compensacion/Dias con Permisos Pasivos Permitidos/a_Nueva Solicitud"), G_TimeOut): Object 'Object Repository/1-OBJECTS TAREAS PRINCIPALES/Modulo Tarea Compensacion/Dias con Permisos Pasivos Permitidos/a_Nueva Solicitud' is clickable

2022-06-10 08:38:46 - [MESSAGE][PASSED] - Object 'Object Repository/1-OBJECTS TAREAS PRINCIPALES/Modulo Tarea Compensacion/Dias con Permisos Pasivos Permitidos/a_Nueva Solicitud' is clickable

2022-06-10 08:38:46 - [TEST_STEP][PASSED] - click(findTestObject("1-OBJECTS TAREAS PRINCIPALES/Modulo Tarea Compensacion/Dias con Permisos Pasivos Permitidos/a_Nueva Solicitud")): Object: 'Object Repository/1-OBJECTS TAREAS PRINCIPALES/Modulo Tarea Compensacion/Dias con Permisos Pasivos Permitidos/a_Nueva Solicitud' is clicked on

2022-06-10 08:38:47 - [MESSAGE][PASSED] - Object: 'Object Repository/1-OBJECTS TAREAS PRINCIPALES/Modulo Tarea Compensacion/Dias con Permisos Pasivos Permitidos/a_Nueva Solicitud' is clicked on

2022-06-10 08:38:47 - [TEST_STEP][PASSED] - setText(findTestObject("1-OBJECTS TAREAS PRINCIPALES/Modulo Tarea Compensacion/Dias con Permisos Pasivos Permitidos/input_Salida Nomina_form_vacaciones"), "01/06/2021"): Text '01/06/2021' is set on object 'Object Repository/1-OBJECTS TAREAS PRINCIPALES/Modulo Tarea Compensacion/Dias con Permisos Pasivos Permitidos/input_Salida Nomina_form_vacaciones'

2022-06-10 08:38:48 - [MESSAGE][PASSED] - Text '01/06/2021' is set on object 'Object Repository/1-OBJECTS TAREAS PRINCIPALES/Modulo Tarea Compensacion/Dias con Permisos Pasivos Permitidos/input_Salida Nomina_form_vacaciones'

2022-06-10 08:38:48 - [TEST_STEP][PASSED] - sendKeys(findTestObject("1-OBJECTS TAREAS PRINCIPALES/Modulo Tarea Compensacion/Dias con Permisos Pasivos Permitidos/input_Salida Nomina_form_vacaciones"), Keys.chord(ENTER)): Keys 'ENTER + ' sent to object: 'Object Repository/1-OBJECTS TAREAS PRINCIPALES/Modulo Tarea Compensacion/Dias con Permisos Pasivos Permitidos/input_Salida Nomina_form_vacaciones'

2022-06-10 08:38:48 - [MESSAGE][PASSED] - Keys 'ENTER + ' sent to object: 'Object Repository/1-OBJECTS TAREAS PRINCIPALES/Modulo Tarea Compensacion/Dias con Permisos Pasivos Permitidos/input_Salida Nomina_form_vacaciones'

2022-06-10 08:38:48 - [TEST_STEP][PASSED] - selectOptionByIndex(findTestObject("1-OBJECTS TAREAS PRINCIPALES/Modulo Tarea Compensacion/Dias con Permisos Pasivos Permitidos/select_SeleccioneChequeEntidad_"), "3"): All options with index in [3] are selected on object 'Object Repository/1-OBJECTS TAREAS PRINCIPALES/Modulo Tarea Compensacion/Dias con Permisos Pasivos Permitidos/select_SeleccioneChequeEntidad_'

2022-06-10 08:38:50 - [MESSAGE][PASSED] - All options with index in [3] are selected on object 'Object Repository/1-OBJECTS TAREAS PRINCIPALES/Modulo Tarea Compensacion/Dias con Permisos Pasivos Permitidos/select_SeleccioneChequeEntidad_'

2022-06-10 08:38:50 - [TEST_STEP][PASSED] - setText(findTestObject("1-OBJECTS TAREAS PRINCIPALES/Modulo Tarea Compensacion/Dias con Permisos Pasivos Permitidos/input_Pago_form_vacacionesEmpleado"), "01/06/2021"): Text '01/06/2021' is set on object 'Object Repository/1-OBJECTS TAREAS PRINCIPALES/Modulo Tarea Compensacion/Dias con Permisos Pasivos Permitidos/input_Pago_form_vacacionesEmpleado'

2022-06-10 08:38:50 - [MESSAGE][PASSED] - Text '01/06/2021' is set on object 'Object Repository/1-OBJECTS TAREAS PRINCIPALES/Modulo Tarea Compensacion/Dias con Permisos Pasivos Permitidos/input_Pago_form_vacacionesEmpleado'

2022-06-10 08:38:50 - [TEST_STEP][PASSED] - sendKeys(findTestObject("1-OBJECTS TAREAS PRINCIPALES/Modulo Tarea Compensacion/Dias con Permisos Pasivos Permitidos/input_Pago_form_vacacionesEmpleado"), Keys.chord(ENTER)): Keys 'ENTER + ' sent to object: 'Object Repository/1-OBJECTS TAREAS PRINCIPALES/Modulo Tarea Compensacion/Dias con Permisos Pasivos Permitidos/input_Pago_form_vacacionesEmpleado'

2022-06-10 08:38:51 - [MESSAGE][PASSED] - Keys 'ENTER + ' sent to object: 'Object Repository/1-OBJECTS TAREAS PRINCIPALES/Modulo Tarea Compensacion/Dias con Permisos Pasivos Permitidos/input_Pago_form_vacacionesEmpleado'

2022-06-10 08:38:51 - [TEST_STEP][PASSED] - setText(findTestObject("1-OBJECTS TAREAS PRINCIPALES/Modulo Tarea Compensacion/Dias con Permisos Pasivos Permitidos/input_Disfrute_form_vacacionesEmpleado"), "1"): Text '1' is set on object 'Object Repository/1-OBJECTS TAREAS PRINCIPALES/Modulo Tarea Compensacion/Dias con Permisos Pasivos Permitidos/input_Disfrute_form_vacacionesEmpleado'

2022-06-10 08:38:52 - [MESSAGE][PASSED] - Text '1' is set on object 'Object Repository/1-OBJECTS TAREAS PRINCIPALES/Modulo Tarea Compensacion/Dias con Permisos Pasivos Permitidos/input_Disfrute_form_vacacionesEmpleado'

2022-06-10 08:38:52 - [TEST_STEP][PASSED] - setText(findTestObject("1-OBJECTS TAREAS PRINCIPALES/Modulo Tarea Compensacion/Dias con Permisos Pasivos Permitidos/input_Compensados_form_vacaciones"), "1"): Text '1' is set on object 'Object Repository/1-OBJECTS TAREAS PRINCIPALES/Modulo Tarea Compensacion/Dias con Permisos Pasivos Permitidos/input_Compensados_form_vacaciones'

2022-06-10 08:38:52 - [MESSAGE][PASSED] - Text '1' is set on object 'Object Repository/1-OBJECTS TAREAS PRINCIPALES/Modulo Tarea Compensacion/Dias con Permisos Pasivos Permitidos/input_Compensados_form_vacaciones'

2022-06-10 08:38:52 - [TEST_STEP][PASSED] - setText(findTestObject("1-OBJECTS TAREAS PRINCIPALES/Modulo Tarea Compensacion/Dias con Permisos Pasivos Permitidos/textarea_Observacin_form_vacaciones"), "Pruebas sara"): Text 'Pruebas sara' is set on object 'Object Repository/1-OBJECTS TAREAS PRINCIPALES/Modulo Tarea Compensacion/Dias con Permisos Pasivos Permitidos/textarea_Observacin_form_vacaciones'

2022-06-10 08:38:53 - [MESSAGE][PASSED] - Text 'Pruebas sara' is set on object 'Object Repository/1-OBJECTS TAREAS PRINCIPALES/Modulo Tarea Compensacion/Dias con Permisos Pasivos Permitidos/textarea_Observacin_form_vacaciones'

2022-06-10 08:38:53 - [TEST_STEP][PASSED] - waitForElementClickable(findTestObject("1-OBJECTS TAREAS PRINCIPALES/Modulo Tarea Compensacion/Dias con Permisos Pasivos Permitidos/a_Verificar"), G_TimeOut): Object 'Object Repository/1-OBJECTS TAREAS PRINCIPALES/Modulo Tarea Compensacion/Dias con Permisos Pasivos Permitidos/a_Verificar' is clickable

2022-06-10 08:38:54 - [MESSAGE][PASSED] - Object 'Object Repository/1-OBJECTS TAREAS PRINCIPALES/Modulo Tarea Compensacion/Dias con Permisos Pasivos Permitidos/a_Verificar' is clickable

2022-06-10 08:38:54 - [TEST_STEP][PASSED] - click(findTestObject("1-OBJECTS TAREAS PRINCIPALES/Modulo Tarea Compensacion/Dias con Permisos Pasivos Permitidos/a_Verificar")): Object: 'Object Repository/1-OBJECTS TAREAS PRINCIPALES/Modulo Tarea Compensacion/Dias con Permisos Pasivos Permitidos/a_Verificar' is clicked on

2022-06-10 08:38:54 - [MESSAGE][PASSED] - Object: 'Object Repository/1-OBJECTS TAREAS PRINCIPALES/Modulo Tarea Compensacion/Dias con Permisos Pasivos Permitidos/a_Verificar' is clicked on

2022-06-10 08:38:54 - [TEST_STEP][PASSED] - waitForElementClickable(findTestObject("1-OBJECTS TAREAS PRINCIPALES/Modulo Tarea Compensacion/Dias con Permisos Pasivos Permitidos/a_Guardar_solicitudes"), 0): Web element with id: 'Object Repository/1-OBJECTS TAREAS PRINCIPALES/Modulo Tarea Compensacion/Dias con Permisos Pasivos Permitidos/a_Guardar_solicitudes' located by '//*/text()[normalize-space(.)='Guardar Legalizar']/parent::*' not found

2022-06-10 08:38:54 - [MESSAGE][WARNING] - Timeout '0' is invalid. Using default page load timeout: '37'

2022-06-10 08:39:32 - [MESSAGE][INFO] - Unable to find the element located by 'By.xpath: //*/text()[normalize-space(.)='Guardar Legalizar']/parent::*'. Please recheck the objects properties to make sure the desired element is located. 

2022-06-10 08:39:32 - [MESSAGE][WARNING] - Web element with id: 'Object Repository/1-OBJECTS TAREAS PRINCIPALES/Modulo Tarea Compensacion/Dias con Permisos Pasivos Permitidos/a_Guardar_solicitudes' located by '//*/text()[normalize-space(.)='Guardar Legalizar']/parent::*' not found

2022-06-10 08:39:32 - [TEST_STEP][FAILED] - click(findTestObject("1-OBJECTS TAREAS PRINCIPALES/Modulo Tarea Compensacion/Dias con Permisos Pasivos Permitidos/a_Guardar_solicitudes")): Unable to click on object 'Object Repository/1-OBJECTS TAREAS PRINCIPALES/Modulo Tarea Compensacion/Dias con Permisos Pasivos Permitidos/a_Guardar_solicitudes' (Root cause: com.kms.katalon.core.exception.StepFailedException: Unable to click on object 'Object Repository/1-OBJECTS TAREAS PRINCIPALES/Modulo Tarea Compensacion/Dias con Permisos Pasivos Permitidos/a_Guardar_solicitudes'
	at com.kms.katalon.core.webui.keyword.internal.WebUIKeywordMain.stepFailed(WebUIKeywordMain.groovy:64)
	at com.kms.katalon.core.webui.keyword.internal.WebUIKeywordMain.runKeyword(WebUIKeywordMain.groovy:26)
	at com.kms.katalon.core.webui.keyword.builtin.ClickKeyword.click(ClickKeyword.groovy:74)
	at com.kms.katalon.core.webui.keyword.builtin.ClickKeyword.execute(ClickKeyword.groovy:40)
	at com.kms.katalon.core.keyword.internal.KeywordExecutor.executeKeywordForPlatform(KeywordExecutor.groovy:74)
	at com.kms.katalon.core.webui.keyword.WebUiBuiltInKeywords.click(WebUiBuiltInKeywords.groovy:620)
	at com.kms.katalon.core.webui.keyword.WebUiBuiltInKeywords$click$5.call(Unknown Source)
	at 1.1.6-crear vacaciones.run(1.1.6-crear vacaciones:177)
	at com.kms.katalon.core.main.ScriptEngine.run(ScriptEngine.java:194)
	at com.kms.katalon.core.main.ScriptEngine.runScriptAsRawText(ScriptEngine.java:119)
	at com.kms.katalon.core.main.TestCaseExecutor.runScript(TestCaseExecutor.java:445)
	at com.kms.katalon.core.main.TestCaseExecutor.doExecute(TestCaseExecutor.java:436)
	at com.kms.katalon.core.main.TestCaseExecutor.processExecutionPhase(TestCaseExecutor.java:415)
	at com.kms.katalon.core.main.TestCaseExecutor.accessMainPhase(TestCaseExecutor.java:407)
	at com.kms.katalon.core.main.TestCaseExecutor.execute(TestCaseExecutor.java:284)
	at com.kms.katalon.core.main.TestCaseMain.runTestCase(TestCaseMain.java:142)
	at com.kms.katalon.core.keyword.builtin.CallTestCaseKeyword$_callTestCase_closure1.doCall(CallTestCaseKeyword.groovy:59)
	at com.kms.katalon.core.keyword.builtin.CallTestCaseKeyword$_callTestCase_closure1.call(CallTestCaseKeyword.groovy)
	at com.kms.katalon.core.keyword.internal.KeywordMain.runKeyword(KeywordMain.groovy:74)
	at com.kms.katalon.core.keyword.builtin.CallTestCaseKeyword.callTestCase(CallTestCaseKeyword.groovy:81)
	at com.kms.katalon.core.keyword.builtin.CallTestCaseKeyword.execute(CallTestCaseKeyword.groovy:44)
	at com.kms.katalon.core.keyword.internal.KeywordExecutor.executeKeywordForPlatform(KeywordExecutor.groovy:74)
	at com.kms.katalon.core.keyword.BuiltinKeywords.callTestCase(BuiltinKeywords.groovy:334)
	at 1.1.7-Generar Vacaciones.run(1.1.7-Generar Vacaciones:19)
	at com.kms.katalon.core.main.ScriptEngine.run(ScriptEngine.java:194)
	at com.kms.katalon.core.main.ScriptEngine.runScriptAsRawText(ScriptEngine.java:119)
	at com.kms.katalon.core.main.TestCaseExecutor.runScript(TestCaseExecutor.java:445)
	at com.kms.katalon.core.main.TestCaseExecutor.doExecute(TestCaseExecutor.java:436)
	at com.kms.katalon.core.main.TestCaseExecutor.processExecutionPhase(TestCaseExecutor.java:415)
	at com.kms.katalon.core.main.TestCaseExecutor.accessMainPhase(TestCaseExecutor.java:407)
	at com.kms.katalon.core.main.TestCaseExecutor.execute(TestCaseExecutor.java:284)
	at com.kms.katalon.core.main.TestCaseMain.runTestCase(TestCaseMain.java:142)
	at com.kms.katalon.core.keyword.builtin.CallTestCaseKeyword$_callTestCase_closure1.doCall(CallTestCaseKeyword.groovy:59)
	at com.kms.katalon.core.keyword.builtin.CallTestCaseKeyword$_callTestCase_closure1.call(CallTestCaseKeyword.groovy)
	at com.kms.katalon.core.keyword.internal.KeywordMain.runKeyword(KeywordMain.groovy:74)
	at com.kms.katalon.core.keyword.builtin.CallTestCaseKeyword.callTestCase(CallTestCaseKeyword.groovy:81)
	at com.kms.katalon.core.keyword.builtin.CallTestCaseKeyword.execute(CallTestCaseKeyword.groovy:44)
	at com.kms.katalon.core.keyword.internal.KeywordExecutor.executeKeywordForPlatform(KeywordExecutor.groovy:74)
	at com.kms.katalon.core.keyword.BuiltinKeywords.callTestCase(BuiltinKeywords.groovy:334)
	at 1.1.8-Mantenimiento de Vacaciones Reliquidar.run(1.1.8-Mantenimiento de Vacaciones Reliquidar:41)
	at com.kms.katalon.core.main.ScriptEngine.run(ScriptEngine.java:194)
	at com.kms.katalon.core.main.ScriptEngine.runScriptAsRawText(ScriptEngine.java:119)
	at com.kms.katalon.core.main.TestCaseExecutor.runScript(TestCaseExecutor.java:445)
	at com.kms.katalon.core.main.TestCaseExecutor.doExecute(TestCaseExecutor.java:436)
	at com.kms.katalon.core.main.TestCaseExecutor.processExecutionPhase(TestCaseExecutor.java:415)
	at com.kms.katalon.core.main.TestCaseExecutor.accessMainPhase(TestCaseExecutor.java:407)
	at com.kms.katalon.core.main.TestCaseExecutor.execute(TestCaseExecutor.java:284)
	at com.kms.katalon.core.main.TestCaseMain.runTestCase(TestCaseMain.java:142)
	at com.kms.katalon.core.keyword.builtin.CallTestCaseKeyword$_callTestCase_closure1.doCall(CallTestCaseKeyword.groovy:59)
	at com.kms.katalon.core.keyword.builtin.CallTestCaseKeyword$_callTestCase_closure1.call(CallTestCaseKeyword.groovy)
	at com.kms.katalon.core.keyword.internal.KeywordMain.runKeyword(KeywordMain.groovy:74)
	at com.kms.katalon.core.keyword.builtin.CallTestCaseKeyword.callTestCase(CallTestCaseKeyword.groovy:81)
	at com.kms.katalon.core.keyword.builtin.CallTestCaseKeyword.execute(CallTestCaseKeyword.groovy:44)
	at com.kms.katalon.core.keyword.internal.KeywordExecutor.executeKeywordForPlatform(KeywordExecutor.groovy:74)
	at com.kms.katalon.core.keyword.BuiltinKeywords.callTestCase(BuiltinKeywords.groovy:334)
	at 1.1.9-Imprimir comprobante de vacaciones.run(1.1.9-Imprimir comprobante de vacaciones:18)
	at com.kms.katalon.core.main.ScriptEngine.run(ScriptEngine.java:194)
	at com.kms.katalon.core.main.ScriptEngine.runScriptAsRawText(ScriptEngine.java:119)
	at com.kms.katalon.core.main.TestCaseExecutor.runScript(TestCaseExecutor.java:445)
	at com.kms.katalon.core.main.TestCaseExecutor.doExecute(TestCaseExecutor.java:436)
	at com.kms.katalon.core.main.TestCaseExecutor.processExecutionPhase(TestCaseExecutor.java:415)
	at com.kms.katalon.core.main.TestCaseExecutor.accessMainPhase(TestCaseExecutor.java:407)
	at com.kms.katalon.core.main.TestCaseExecutor.execute(TestCaseExecutor.java:284)
	at com.kms.katalon.core.common.CommonExecutor.accessTestCaseMainPhase(CommonExecutor.java:65)
	at com.kms.katalon.core.main.TestSuiteExecutor.accessTestSuiteMainPhase(TestSuiteExecutor.java:144)
	at com.kms.katalon.core.main.TestSuiteExecutor.execute(TestSuiteExecutor.java:106)
	at com.kms.katalon.core.main.TestCaseMain.startTestSuite(TestCaseMain.java:185)
	at com.kms.katalon.core.main.TestCaseMain$startTestSuite$0.call(Unknown Source)
	at TempTestSuite1654867643956.run(TempTestSuite1654867643956.groovy:36)
Caused by: com.kms.katalon.core.webui.exception.WebElementNotFoundException: Web element with id: 'Object Repository/1-OBJECTS TAREAS PRINCIPALES/Modulo Tarea Compensacion/Dias con Permisos Pasivos Permitidos/a_Guardar_solicitudes' located by '//*/text()[normalize-space(.)='Guardar Legalizar']/parent::*' not found
	at com.kms.katalon.core.webui.common.WebUiCommonHelper.findWebElement(WebUiCommonHelper.java:1370)
	at com.kms.katalon.core.webui.keyword.internal.WebUIAbstractKeyword.findWebElement(WebUIAbstractKeyword.groovy:27)
	at com.kms.katalon.core.webui.keyword.builtin.ClickKeyword$_click_closure1.doCall(ClickKeyword.groovy:65)
	at com.kms.katalon.core.webui.keyword.builtin.ClickKeyword$_click_closure1.call(ClickKeyword.groovy)
	at com.kms.katalon.core.webui.keyword.internal.WebUIKeywordMain.runKeyword(WebUIKeywordMain.groovy:20)
	at com.kms.katalon.core.webui.keyword.builtin.ClickKeyword.click(ClickKeyword.groovy:74)
	at com.kms.katalon.core.webui.keyword.builtin.ClickKeyword.execute(ClickKeyword.groovy:40)
	at com.kms.katalon.core.keyword.internal.KeywordExecutor.executeKeywordForPlatform(KeywordExecutor.groovy:74)
	at com.kms.katalon.core.webui.keyword.WebUiBuiltInKeywords.click(WebUiBuiltInKeywords.groovy:620)
	at com.kms.katalon.core.webui.keyword.WebUiBuiltInKeywords$click$5.call(Unknown Source)
	at Script1548865857907.run(Script1548865857907.groovy:177)
	at com.kms.katalon.core.main.ScriptEngine.run(ScriptEngine.java:194)
	at com.kms.katalon.core.main.ScriptEngine.runScriptAsRawText(ScriptEngine.java:119)
	at com.kms.katalon.core.main.TestCaseExecutor.runScript(TestCaseExecutor.java:445)
	at com.kms.katalon.core.main.TestCaseExecutor.doExecute(TestCaseExecutor.java:436)
	at com.kms.katalon.core.main.TestCaseExecutor.processExecutionPhase(TestCaseExecutor.java:415)
	at com.kms.katalon.core.main.TestCaseExecutor.accessMainPhase(TestCaseExecutor.java:407)
	at com.kms.katalon.core.main.TestCaseExecutor.execute(TestCaseExecutor.java:284)
	at com.kms.katalon.core.main.TestCaseMain.runTestCase(TestCaseMain.java:142)
	at com.kms.katalon.core.keyword.builtin.CallTestCaseKeyword$_callTestCase_closure1.doCall(CallTestCaseKeyword.groovy:59)
	at com.kms.katalon.core.keyword.builtin.CallTestCaseKeyword$_callTestCase_closure1.call(CallTestCaseKeyword.groovy)
	at com.kms.katalon.core.keyword.internal.KeywordMain.runKeyword(KeywordMain.groovy:74)
	at com.kms.katalon.core.keyword.builtin.CallTestCaseKeyword.callTestCase(CallTestCaseKeyword.groovy:81)
	at com.kms.katalon.core.keyword.builtin.CallTestCaseKeyword.execute(CallTestCaseKeyword.groovy:44)
	at com.kms.katalon.core.keyword.internal.KeywordExecutor.executeKeywordForPlatform(KeywordExecutor.groovy:74)
	at com.kms.katalon.core.keyword.BuiltinKeywords.callTestCase(BuiltinKeywords.groovy:334)
	at Script1548864467260.run(Script1548864467260.groovy:19)
	at com.kms.katalon.core.main.ScriptEngine.run(ScriptEngine.java:194)
	at com.kms.katalon.core.main.ScriptEngine.runScriptAsRawText(ScriptEngine.java:119)
	at com.kms.katalon.core.main.TestCaseExecutor.runScript(TestCaseExecutor.java:445)
	at com.kms.katalon.core.main.TestCaseExecutor.doExecute(TestCaseExecutor.java:436)
	at com.kms.katalon.core.main.TestCaseExecutor.processExecutionPhase(TestCaseExecutor.java:415)
	at com.kms.katalon.core.main.TestCaseExecutor.accessMainPhase(TestCaseExecutor.java:407)
	at com.kms.katalon.core.main.TestCaseExecutor.execute(TestCaseExecutor.java:284)
	at com.kms.katalon.core.main.TestCaseMain.runTestCase(TestCaseMain.java:142)
	at com.kms.katalon.core.keyword.builtin.CallTestCaseKeyword$_callTestCase_closure1.doCall(CallTestCaseKeyword.groovy:59)
	at com.kms.katalon.core.keyword.builtin.CallTestCaseKeyword$_callTestCase_closure1.call(CallTestCaseKeyword.groovy)
	at com.kms.katalon.core.keyword.internal.KeywordMain.runKeyword(KeywordMain.groovy:74)
	at com.kms.katalon.core.keyword.builtin.CallTestCaseKeyword.callTestCase(CallTestCaseKeyword.groovy:81)
	at com.kms.katalon.core.keyword.builtin.CallTestCaseKeyword.execute(CallTestCaseKeyword.groovy:44)
	at com.kms.katalon.core.keyword.internal.KeywordExecutor.executeKeywordForPlatform(KeywordExecutor.groovy:74)
	at com.kms.katalon.core.keyword.BuiltinKeywords.callTestCase(BuiltinKeywords.groovy:334)
	at Script1548864505129.run(Script1548864505129.groovy:41)
	at com.kms.katalon.core.main.ScriptEngine.run(ScriptEngine.java:194)
	at com.kms.katalon.core.main.ScriptEngine.runScriptAsRawText(ScriptEngine.java:119)
	at com.kms.katalon.core.main.TestCaseExecutor.runScript(TestCaseExecutor.java:445)
	at com.kms.katalon.core.main.TestCaseExecutor.doExecute(TestCaseExecutor.java:436)
	at com.kms.katalon.core.main.TestCaseExecutor.processExecutionPhase(TestCaseExecutor.java:415)
	at com.kms.katalon.core.main.TestCaseExecutor.accessMainPhase(TestCaseExecutor.java:407)
	at com.kms.katalon.core.main.TestCaseExecutor.execute(TestCaseExecutor.java:284)
	at com.kms.katalon.core.main.TestCaseMain.runTestCase(TestCaseMain.java:142)
	at com.kms.katalon.core.keyword.builtin.CallTestCaseKeyword$_callTestCase_closure1.doCall(CallTestCaseKeyword.groovy:59)
	at com.kms.katalon.core.keyword.builtin.CallTestCaseKeyword$_callTestCase_closure1.call(CallTestCaseKeyword.groovy)
	at com.kms.katalon.core.keyword.internal.KeywordMain.runKeyword(KeywordMain.groovy:74)
	at com.kms.katalon.core.keyword.builtin.CallTestCaseKeyword.callTestCase(CallTestCaseKeyword.groovy:81)
	at com.kms.katalon.core.keyword.builtin.CallTestCaseKeyword.execute(CallTestCaseKeyword.groovy:44)
	at com.kms.katalon.core.keyword.internal.KeywordExecutor.executeKeywordForPlatform(KeywordExecutor.groovy:74)
	at com.kms.katalon.core.keyword.BuiltinKeywords.callTestCase(BuiltinKeywords.groovy:334)
	at Script1548864606903.run(Script1548864606903.groovy:18)
	... 13 more
)

2022-06-10 08:40:11 - [MESSAGE][INFO] - Unable to find the element located by 'By.xpath: //*/text()[normalize-space(.)='Guardar Legalizar']/parent::*'. Please recheck the objects properties to make sure the desired element is located. 

2022-06-10 08:40:11 - [MESSAGE][FAILED] - Unable to click on object 'Object Repository/1-OBJECTS TAREAS PRINCIPALES/Modulo Tarea Compensacion/Dias con Permisos Pasivos Permitidos/a_Guardar_solicitudes' (Root cause: com.kms.katalon.core.exception.StepFailedException: Unable to click on object 'Object Repository/1-OBJECTS TAREAS PRINCIPALES/Modulo Tarea Compensacion/Dias con Permisos Pasivos Permitidos/a_Guardar_solicitudes'
	at com.kms.katalon.core.webui.keyword.internal.WebUIKeywordMain.stepFailed(WebUIKeywordMain.groovy:64)
	at com.kms.katalon.core.webui.keyword.internal.WebUIKeywordMain.runKeyword(WebUIKeywordMain.groovy:26)
	at com.kms.katalon.core.webui.keyword.builtin.ClickKeyword.click(ClickKeyword.groovy:74)
	at com.kms.katalon.core.webui.keyword.builtin.ClickKeyword.execute(ClickKeyword.groovy:40)
	at com.kms.katalon.core.keyword.internal.KeywordExecutor.executeKeywordForPlatform(KeywordExecutor.groovy:74)
	at com.kms.katalon.core.webui.keyword.WebUiBuiltInKeywords.click(WebUiBuiltInKeywords.groovy:620)
	at com.kms.katalon.core.webui.keyword.WebUiBuiltInKeywords$click$5.call(Unknown Source)
	at 1.1.6-crear vacaciones.run(1.1.6-crear vacaciones:177)
	at com.kms.katalon.core.main.ScriptEngine.run(ScriptEngine.java:194)
	at com.kms.katalon.core.main.ScriptEngine.runScriptAsRawText(ScriptEngine.java:119)
	at com.kms.katalon.core.main.TestCaseExecutor.runScript(TestCaseExecutor.java:445)
	at com.kms.katalon.core.main.TestCaseExecutor.doExecute(TestCaseExecutor.java:436)
	at com.kms.katalon.core.main.TestCaseExecutor.processExecutionPhase(TestCaseExecutor.java:415)
	at com.kms.katalon.core.main.TestCaseExecutor.accessMainPhase(TestCaseExecutor.java:407)
	at com.kms.katalon.core.main.TestCaseExecutor.execute(TestCaseExecutor.java:284)
	at com.kms.katalon.core.main.TestCaseMain.runTestCase(TestCaseMain.java:142)
	at com.kms.katalon.core.keyword.builtin.CallTestCaseKeyword$_callTestCase_closure1.doCall(CallTestCaseKeyword.groovy:59)
	at com.kms.katalon.core.keyword.builtin.CallTestCaseKeyword$_callTestCase_closure1.call(CallTestCaseKeyword.groovy)
	at com.kms.katalon.core.keyword.internal.KeywordMain.runKeyword(KeywordMain.groovy:74)
	at com.kms.katalon.core.keyword.builtin.CallTestCaseKeyword.callTestCase(CallTestCaseKeyword.groovy:81)
	at com.kms.katalon.core.keyword.builtin.CallTestCaseKeyword.execute(CallTestCaseKeyword.groovy:44)
	at com.kms.katalon.core.keyword.internal.KeywordExecutor.executeKeywordForPlatform(KeywordExecutor.groovy:74)
	at com.kms.katalon.core.keyword.BuiltinKeywords.callTestCase(BuiltinKeywords.groovy:334)
	at 1.1.7-Generar Vacaciones.run(1.1.7-Generar Vacaciones:19)
	at com.kms.katalon.core.main.ScriptEngine.run(ScriptEngine.java:194)
	at com.kms.katalon.core.main.ScriptEngine.runScriptAsRawText(ScriptEngine.java:119)
	at com.kms.katalon.core.main.TestCaseExecutor.runScript(TestCaseExecutor.java:445)
	at com.kms.katalon.core.main.TestCaseExecutor.doExecute(TestCaseExecutor.java:436)
	at com.kms.katalon.core.main.TestCaseExecutor.processExecutionPhase(TestCaseExecutor.java:415)
	at com.kms.katalon.core.main.TestCaseExecutor.accessMainPhase(TestCaseExecutor.java:407)
	at com.kms.katalon.core.main.TestCaseExecutor.execute(TestCaseExecutor.java:284)
	at com.kms.katalon.core.main.TestCaseMain.runTestCase(TestCaseMain.java:142)
	at com.kms.katalon.core.keyword.builtin.CallTestCaseKeyword$_callTestCase_closure1.doCall(CallTestCaseKeyword.groovy:59)
	at com.kms.katalon.core.keyword.builtin.CallTestCaseKeyword$_callTestCase_closure1.call(CallTestCaseKeyword.groovy)
	at com.kms.katalon.core.keyword.internal.KeywordMain.runKeyword(KeywordMain.groovy:74)
	at com.kms.katalon.core.keyword.builtin.CallTestCaseKeyword.callTestCase(CallTestCaseKeyword.groovy:81)
	at com.kms.katalon.core.keyword.builtin.CallTestCaseKeyword.execute(CallTestCaseKeyword.groovy:44)
	at com.kms.katalon.core.keyword.internal.KeywordExecutor.executeKeywordForPlatform(KeywordExecutor.groovy:74)
	at com.kms.katalon.core.keyword.BuiltinKeywords.callTestCase(BuiltinKeywords.groovy:334)
	at 1.1.8-Mantenimiento de Vacaciones Reliquidar.run(1.1.8-Mantenimiento de Vacaciones Reliquidar:41)
	at com.kms.katalon.core.main.ScriptEngine.run(ScriptEngine.java:194)
	at com.kms.katalon.core.main.ScriptEngine.runScriptAsRawText(ScriptEngine.java:119)
	at com.kms.katalon.core.main.TestCaseExecutor.runScript(TestCaseExecutor.java:445)
	at com.kms.katalon.core.main.TestCaseExecutor.doExecute(TestCaseExecutor.java:436)
	at com.kms.katalon.core.main.TestCaseExecutor.processExecutionPhase(TestCaseExecutor.java:415)
	at com.kms.katalon.core.main.TestCaseExecutor.accessMainPhase(TestCaseExecutor.java:407)
	at com.kms.katalon.core.main.TestCaseExecutor.execute(TestCaseExecutor.java:284)
	at com.kms.katalon.core.main.TestCaseMain.runTestCase(TestCaseMain.java:142)
	at com.kms.katalon.core.keyword.builtin.CallTestCaseKeyword$_callTestCase_closure1.doCall(CallTestCaseKeyword.groovy:59)
	at com.kms.katalon.core.keyword.builtin.CallTestCaseKeyword$_callTestCase_closure1.call(CallTestCaseKeyword.groovy)
	at com.kms.katalon.core.keyword.internal.KeywordMain.runKeyword(KeywordMain.groovy:74)
	at com.kms.katalon.core.keyword.builtin.CallTestCaseKeyword.callTestCase(CallTestCaseKeyword.groovy:81)
	at com.kms.katalon.core.keyword.builtin.CallTestCaseKeyword.execute(CallTestCaseKeyword.groovy:44)
	at com.kms.katalon.core.keyword.internal.KeywordExecutor.executeKeywordForPlatform(KeywordExecutor.groovy:74)
	at com.kms.katalon.core.keyword.BuiltinKeywords.callTestCase(BuiltinKeywords.groovy:334)
	at 1.1.9-Imprimir comprobante de vacaciones.run(1.1.9-Imprimir comprobante de vacaciones:18)
	at com.kms.katalon.core.main.ScriptEngine.run(ScriptEngine.java:194)
	at com.kms.katalon.core.main.ScriptEngine.runScriptAsRawText(ScriptEngine.java:119)
	at com.kms.katalon.core.main.TestCaseExecutor.runScript(TestCaseExecutor.java:445)
	at com.kms.katalon.core.main.TestCaseExecutor.doExecute(TestCaseExecutor.java:436)
	at com.kms.katalon.core.main.TestCaseExecutor.processExecutionPhase(TestCaseExecutor.java:415)
	at com.kms.katalon.core.main.TestCaseExecutor.accessMainPhase(TestCaseExecutor.java:407)
	at com.kms.katalon.core.main.TestCaseExecutor.execute(TestCaseExecutor.java:284)
	at com.kms.katalon.core.common.CommonExecutor.accessTestCaseMainPhase(CommonExecutor.java:65)
	at com.kms.katalon.core.main.TestSuiteExecutor.accessTestSuiteMainPhase(TestSuiteExecutor.java:144)
	at com.kms.katalon.core.main.TestSuiteExecutor.execute(TestSuiteExecutor.java:106)
	at com.kms.katalon.core.main.TestCaseMain.startTestSuite(TestCaseMain.java:185)
	at com.kms.katalon.core.main.TestCaseMain$startTestSuite$0.call(Unknown Source)
	at TempTestSuite1654867643956.run(TempTestSuite1654867643956.groovy:36)
Caused by: com.kms.katalon.core.webui.exception.WebElementNotFoundException: Web element with id: 'Object Repository/1-OBJECTS TAREAS PRINCIPALES/Modulo Tarea Compensacion/Dias con Permisos Pasivos Permitidos/a_Guardar_solicitudes' located by '//*/text()[normalize-space(.)='Guardar Legalizar']/parent::*' not found
	at com.kms.katalon.core.webui.common.WebUiCommonHelper.findWebElement(WebUiCommonHelper.java:1370)
	at com.kms.katalon.core.webui.keyword.internal.WebUIAbstractKeyword.findWebElement(WebUIAbstractKeyword.groovy:27)
	at com.kms.katalon.core.webui.keyword.builtin.ClickKeyword$_click_closure1.doCall(ClickKeyword.groovy:65)
	at com.kms.katalon.core.webui.keyword.builtin.ClickKeyword$_click_closure1.call(ClickKeyword.groovy)
	at com.kms.katalon.core.webui.keyword.internal.WebUIKeywordMain.runKeyword(WebUIKeywordMain.groovy:20)
	at com.kms.katalon.core.webui.keyword.builtin.ClickKeyword.click(ClickKeyword.groovy:74)
	at com.kms.katalon.core.webui.keyword.builtin.ClickKeyword.execute(ClickKeyword.groovy:40)
	at com.kms.katalon.core.keyword.internal.KeywordExecutor.executeKeywordForPlatform(KeywordExecutor.groovy:74)
	at com.kms.katalon.core.webui.keyword.WebUiBuiltInKeywords.click(WebUiBuiltInKeywords.groovy:620)
	at com.kms.katalon.core.webui.keyword.WebUiBuiltInKeywords$click$5.call(Unknown Source)
	at Script1548865857907.run(Script1548865857907.groovy:177)
	at com.kms.katalon.core.main.ScriptEngine.run(ScriptEngine.java:194)
	at com.kms.katalon.core.main.ScriptEngine.runScriptAsRawText(ScriptEngine.java:119)
	at com.kms.katalon.core.main.TestCaseExecutor.runScript(TestCaseExecutor.java:445)
	at com.kms.katalon.core.main.TestCaseExecutor.doExecute(TestCaseExecutor.java:436)
	at com.kms.katalon.core.main.TestCaseExecutor.processExecutionPhase(TestCaseExecutor.java:415)
	at com.kms.katalon.core.main.TestCaseExecutor.accessMainPhase(TestCaseExecutor.java:407)
	at com.kms.katalon.core.main.TestCaseExecutor.execute(TestCaseExecutor.java:284)
	at com.kms.katalon.core.main.TestCaseMain.runTestCase(TestCaseMain.java:142)
	at com.kms.katalon.core.keyword.builtin.CallTestCaseKeyword$_callTestCase_closure1.doCall(CallTestCaseKeyword.groovy:59)
	at com.kms.katalon.core.keyword.builtin.CallTestCaseKeyword$_callTestCase_closure1.call(CallTestCaseKeyword.groovy)
	at com.kms.katalon.core.keyword.internal.KeywordMain.runKeyword(KeywordMain.groovy:74)
	at com.kms.katalon.core.keyword.builtin.CallTestCaseKeyword.callTestCase(CallTestCaseKeyword.groovy:81)
	at com.kms.katalon.core.keyword.builtin.CallTestCaseKeyword.execute(CallTestCaseKeyword.groovy:44)
	at com.kms.katalon.core.keyword.internal.KeywordExecutor.executeKeywordForPlatform(KeywordExecutor.groovy:74)
	at com.kms.katalon.core.keyword.BuiltinKeywords.callTestCase(BuiltinKeywords.groovy:334)
	at Script1548864467260.run(Script1548864467260.groovy:19)
	at com.kms.katalon.core.main.ScriptEngine.run(ScriptEngine.java:194)
	at com.kms.katalon.core.main.ScriptEngine.runScriptAsRawText(ScriptEngine.java:119)
	at com.kms.katalon.core.main.TestCaseExecutor.runScript(TestCaseExecutor.java:445)
	at com.kms.katalon.core.main.TestCaseExecutor.doExecute(TestCaseExecutor.java:436)
	at com.kms.katalon.core.main.TestCaseExecutor.processExecutionPhase(TestCaseExecutor.java:415)
	at com.kms.katalon.core.main.TestCaseExecutor.accessMainPhase(TestCaseExecutor.java:407)
	at com.kms.katalon.core.main.TestCaseExecutor.execute(TestCaseExecutor.java:284)
	at com.kms.katalon.core.main.TestCaseMain.runTestCase(TestCaseMain.java:142)
	at com.kms.katalon.core.keyword.builtin.CallTestCaseKeyword$_callTestCase_closure1.doCall(CallTestCaseKeyword.groovy:59)
	at com.kms.katalon.core.keyword.builtin.CallTestCaseKeyword$_callTestCase_closure1.call(CallTestCaseKeyword.groovy)
	at com.kms.katalon.core.keyword.internal.KeywordMain.runKeyword(KeywordMain.groovy:74)
	at com.kms.katalon.core.keyword.builtin.CallTestCaseKeyword.callTestCase(CallTestCaseKeyword.groovy:81)
	at com.kms.katalon.core.keyword.builtin.CallTestCaseKeyword.execute(CallTestCaseKeyword.groovy:44)
	at com.kms.katalon.core.keyword.internal.KeywordExecutor.executeKeywordForPlatform(KeywordExecutor.groovy:74)
	at com.kms.katalon.core.keyword.BuiltinKeywords.callTestCase(BuiltinKeywords.groovy:334)
	at Script1548864505129.run(Script1548864505129.groovy:41)
	at com.kms.katalon.core.main.ScriptEngine.run(ScriptEngine.java:194)
	at com.kms.katalon.core.main.ScriptEngine.runScriptAsRawText(ScriptEngine.java:119)
	at com.kms.katalon.core.main.TestCaseExecutor.runScript(TestCaseExecutor.java:445)
	at com.kms.katalon.core.main.TestCaseExecutor.doExecute(TestCaseExecutor.java:436)
	at com.kms.katalon.core.main.TestCaseExecutor.processExecutionPhase(TestCaseExecutor.java:415)
	at com.kms.katalon.core.main.TestCaseExecutor.accessMainPhase(TestCaseExecutor.java:407)
	at com.kms.katalon.core.main.TestCaseExecutor.execute(TestCaseExecutor.java:284)
	at com.kms.katalon.core.main.TestCaseMain.runTestCase(TestCaseMain.java:142)
	at com.kms.katalon.core.keyword.builtin.CallTestCaseKeyword$_callTestCase_closure1.doCall(CallTestCaseKeyword.groovy:59)
	at com.kms.katalon.core.keyword.builtin.CallTestCaseKeyword$_callTestCase_closure1.call(CallTestCaseKeyword.groovy)
	at com.kms.katalon.core.keyword.internal.KeywordMain.runKeyword(KeywordMain.groovy:74)
	at com.kms.katalon.core.keyword.builtin.CallTestCaseKeyword.callTestCase(CallTestCaseKeyword.groovy:81)
	at com.kms.katalon.core.keyword.builtin.CallTestCaseKeyword.execute(CallTestCaseKeyword.groovy:44)
	at com.kms.katalon.core.keyword.internal.KeywordExecutor.executeKeywordForPlatform(KeywordExecutor.groovy:74)
	at com.kms.katalon.core.keyword.BuiltinKeywords.callTestCase(BuiltinKeywords.groovy:334)
	at Script1548864606903.run(Script1548864606903.groovy:18)
	... 13 more
)
[[ATTACHMENT|C:\\Users\\diego.rojas\\git\\Pruebas-Minimas\\Reports\\20220610_082723\\Test_Suite_Principales\\1-Tareas Principales\\20220610_082723\\1654868411050.png]]

2022-06-10 08:40:11 - [MESSAGE][FAILED] - Unable to call Test Case 'Test Cases/1.1-Tareas Principales/1.1.6-crear vacaciones' (Root cause: com.kms.katalon.core.exception.StepFailedException: Call Test Case 'Test Cases/1.1-Tareas Principales/1.1.6-crear vacaciones' failed
	at com.kms.katalon.core.keyword.builtin.CallTestCaseKeyword$_callTestCase_closure1.doCall(CallTestCaseKeyword.groovy:63)
	at com.kms.katalon.core.keyword.builtin.CallTestCaseKeyword$_callTestCase_closure1.call(CallTestCaseKeyword.groovy)
	at com.kms.katalon.core.keyword.internal.KeywordMain.runKeyword(KeywordMain.groovy:74)
	at com.kms.katalon.core.keyword.builtin.CallTestCaseKeyword.callTestCase(CallTestCaseKeyword.groovy:81)
	at com.kms.katalon.core.keyword.builtin.CallTestCaseKeyword.execute(CallTestCaseKeyword.groovy:44)
	at com.kms.katalon.core.keyword.internal.KeywordExecutor.executeKeywordForPlatform(KeywordExecutor.groovy:74)
	at com.kms.katalon.core.keyword.BuiltinKeywords.callTestCase(BuiltinKeywords.groovy:334)
	at 1.1.7-Generar Vacaciones.run(1.1.7-Generar Vacaciones:19)
	at com.kms.katalon.core.main.ScriptEngine.run(ScriptEngine.java:194)
	at com.kms.katalon.core.main.ScriptEngine.runScriptAsRawText(ScriptEngine.java:119)
	at com.kms.katalon.core.main.TestCaseExecutor.runScript(TestCaseExecutor.java:445)
	at com.kms.katalon.core.main.TestCaseExecutor.doExecute(TestCaseExecutor.java:436)
	at com.kms.katalon.core.main.TestCaseExecutor.processExecutionPhase(TestCaseExecutor.java:415)
	at com.kms.katalon.core.main.TestCaseExecutor.accessMainPhase(TestCaseExecutor.java:407)
	at com.kms.katalon.core.main.TestCaseExecutor.execute(TestCaseExecutor.java:284)
	at com.kms.katalon.core.main.TestCaseMain.runTestCase(TestCaseMain.java:142)
	at com.kms.katalon.core.keyword.builtin.CallTestCaseKeyword$_callTestCase_closure1.doCall(CallTestCaseKeyword.groovy:59)
	at com.kms.katalon.core.keyword.builtin.CallTestCaseKeyword$_callTestCase_closure1.call(CallTestCaseKeyword.groovy)
	at com.kms.katalon.core.keyword.internal.KeywordMain.runKeyword(KeywordMain.groovy:74)
	at com.kms.katalon.core.keyword.builtin.CallTestCaseKeyword.callTestCase(CallTestCaseKeyword.groovy:81)
	at com.kms.katalon.core.keyword.builtin.CallTestCaseKeyword.execute(CallTestCaseKeyword.groovy:44)
	at com.kms.katalon.core.keyword.internal.KeywordExecutor.executeKeywordForPlatform(KeywordExecutor.groovy:74)
	at com.kms.katalon.core.keyword.BuiltinKeywords.callTestCase(BuiltinKeywords.groovy:334)
	at 1.1.8-Mantenimiento de Vacaciones Reliquidar.run(1.1.8-Mantenimiento de Vacaciones Reliquidar:41)
	at com.kms.katalon.core.main.ScriptEngine.run(ScriptEngine.java:194)
	at com.kms.katalon.core.main.ScriptEngine.runScriptAsRawText(ScriptEngine.java:119)
	at com.kms.katalon.core.main.TestCaseExecutor.runScript(TestCaseExecutor.java:445)
	at com.kms.katalon.core.main.TestCaseExecutor.doExecute(TestCaseExecutor.java:436)
	at com.kms.katalon.core.main.TestCaseExecutor.processExecutionPhase(TestCaseExecutor.java:415)
	at com.kms.katalon.core.main.TestCaseExecutor.accessMainPhase(TestCaseExecutor.java:407)
	at com.kms.katalon.core.main.TestCaseExecutor.execute(TestCaseExecutor.java:284)
	at com.kms.katalon.core.main.TestCaseMain.runTestCase(TestCaseMain.java:142)
	at com.kms.katalon.core.keyword.builtin.CallTestCaseKeyword$_callTestCase_closure1.doCall(CallTestCaseKeyword.groovy:59)
	at com.kms.katalon.core.keyword.builtin.CallTestCaseKeyword$_callTestCase_closure1.call(CallTestCaseKeyword.groovy)
	at com.kms.katalon.core.keyword.internal.KeywordMain.runKeyword(KeywordMain.groovy:74)
	at com.kms.katalon.core.keyword.builtin.CallTestCaseKeyword.callTestCase(CallTestCaseKeyword.groovy:81)
	at com.kms.katalon.core.keyword.builtin.CallTestCaseKeyword.execute(CallTestCaseKeyword.groovy:44)
	at com.kms.katalon.core.keyword.internal.KeywordExecutor.executeKeywordForPlatform(KeywordExecutor.groovy:74)
	at com.kms.katalon.core.keyword.BuiltinKeywords.callTestCase(BuiltinKeywords.groovy:334)
	at 1.1.9-Imprimir comprobante de vacaciones.run(1.1.9-Imprimir comprobante de vacaciones:18)
	at com.kms.katalon.core.main.ScriptEngine.run(ScriptEngine.java:194)
	at com.kms.katalon.core.main.ScriptEngine.runScriptAsRawText(ScriptEngine.java:119)
	at com.kms.katalon.core.main.TestCaseExecutor.runScript(TestCaseExecutor.java:445)
	at com.kms.katalon.core.main.TestCaseExecutor.doExecute(TestCaseExecutor.java:436)
	at com.kms.katalon.core.main.TestCaseExecutor.processExecutionPhase(TestCaseExecutor.java:415)
	at com.kms.katalon.core.main.TestCaseExecutor.accessMainPhase(TestCaseExecutor.java:407)
	at com.kms.katalon.core.main.TestCaseExecutor.execute(TestCaseExecutor.java:284)
	at com.kms.katalon.core.common.CommonExecutor.accessTestCaseMainPhase(CommonExecutor.java:65)
	at com.kms.katalon.core.main.TestSuiteExecutor.accessTestSuiteMainPhase(TestSuiteExecutor.java:144)
	at com.kms.katalon.core.main.TestSuiteExecutor.execute(TestSuiteExecutor.java:106)
	at com.kms.katalon.core.main.TestCaseMain.startTestSuite(TestCaseMain.java:185)
	at com.kms.katalon.core.main.TestCaseMain$startTestSuite$0.call(Unknown Source)
	at TempTestSuite1654867643956.run(TempTestSuite1654867643956.groovy:36)
Caused by: com.kms.katalon.core.exception.StepFailedException: Unable to click on object 'Object Repository/1-OBJECTS TAREAS PRINCIPALES/Modulo Tarea Compensacion/Dias con Permisos Pasivos Permitidos/a_Guardar_solicitudes'
	at com.kms.katalon.core.webui.keyword.internal.WebUIKeywordMain.stepFailed(WebUIKeywordMain.groovy:64)
	at com.kms.katalon.core.webui.keyword.internal.WebUIKeywordMain.runKeyword(WebUIKeywordMain.groovy:26)
	at com.kms.katalon.core.webui.keyword.builtin.ClickKeyword.click(ClickKeyword.groovy:74)
	at com.kms.katalon.core.webui.keyword.builtin.ClickKeyword.execute(ClickKeyword.groovy:40)
	at com.kms.katalon.core.keyword.internal.KeywordExecutor.executeKeywordForPlatform(KeywordExecutor.groovy:74)
	at com.kms.katalon.core.webui.keyword.WebUiBuiltInKeywords.click(WebUiBuiltInKeywords.groovy:620)
	at com.kms.katalon.core.webui.keyword.WebUiBuiltInKeywords$click$5.call(Unknown Source)
	at 1.1.6-crear vacaciones.run(1.1.6-crear vacaciones:177)
	at com.kms.katalon.core.main.ScriptEngine.run(ScriptEngine.java:194)
	at com.kms.katalon.core.main.ScriptEngine.runScriptAsRawText(ScriptEngine.java:119)
	at com.kms.katalon.core.main.TestCaseExecutor.runScript(TestCaseExecutor.java:445)
	at com.kms.katalon.core.main.TestCaseExecutor.doExecute(TestCaseExecutor.java:436)
	at com.kms.katalon.core.main.TestCaseExecutor.processExecutionPhase(TestCaseExecutor.java:415)
	at com.kms.katalon.core.main.TestCaseExecutor.accessMainPhase(TestCaseExecutor.java:407)
	at com.kms.katalon.core.main.TestCaseExecutor.execute(TestCaseExecutor.java:284)
	at com.kms.katalon.core.main.TestCaseMain.runTestCase(TestCaseMain.java:142)
	at com.kms.katalon.core.keyword.builtin.CallTestCaseKeyword$_callTestCase_closure1.doCall(CallTestCaseKeyword.groovy:59)
	... 52 more
Caused by: com.kms.katalon.core.webui.exception.WebElementNotFoundException: Web element with id: 'Object Repository/1-OBJECTS TAREAS PRINCIPALES/Modulo Tarea Compensacion/Dias con Permisos Pasivos Permitidos/a_Guardar_solicitudes' located by '//*/text()[normalize-space(.)='Guardar Legalizar']/parent::*' not found
	at com.kms.katalon.core.webui.common.WebUiCommonHelper.findWebElement(WebUiCommonHelper.java:1370)
	at com.kms.katalon.core.webui.keyword.internal.WebUIAbstractKeyword.findWebElement(WebUIAbstractKeyword.groovy:27)
	at com.kms.katalon.core.webui.keyword.builtin.ClickKeyword$_click_closure1.doCall(ClickKeyword.groovy:65)
	at com.kms.katalon.core.webui.keyword.builtin.ClickKeyword$_click_closure1.call(ClickKeyword.groovy)
	at com.kms.katalon.core.webui.keyword.internal.WebUIKeywordMain.runKeyword(WebUIKeywordMain.groovy:20)
	... 67 more
)

2022-06-10 08:40:11 - [MESSAGE][FAILED] - Unable to call Test Case 'Test Cases/1.1-Tareas Principales/1.1.7-Generar Vacaciones' (Root cause: com.kms.katalon.core.exception.StepFailedException: Call Test Case 'Test Cases/1.1-Tareas Principales/1.1.7-Generar Vacaciones' failed
	at com.kms.katalon.core.keyword.builtin.CallTestCaseKeyword$_callTestCase_closure1.doCall(CallTestCaseKeyword.groovy:63)
	at com.kms.katalon.core.keyword.builtin.CallTestCaseKeyword$_callTestCase_closure1.call(CallTestCaseKeyword.groovy)
	at com.kms.katalon.core.keyword.internal.KeywordMain.runKeyword(KeywordMain.groovy:74)
	at com.kms.katalon.core.keyword.builtin.CallTestCaseKeyword.callTestCase(CallTestCaseKeyword.groovy:81)
	at com.kms.katalon.core.keyword.builtin.CallTestCaseKeyword.execute(CallTestCaseKeyword.groovy:44)
	at com.kms.katalon.core.keyword.internal.KeywordExecutor.executeKeywordForPlatform(KeywordExecutor.groovy:74)
	at com.kms.katalon.core.keyword.BuiltinKeywords.callTestCase(BuiltinKeywords.groovy:334)
	at 1.1.8-Mantenimiento de Vacaciones Reliquidar.run(1.1.8-Mantenimiento de Vacaciones Reliquidar:41)
	at com.kms.katalon.core.main.ScriptEngine.run(ScriptEngine.java:194)
	at com.kms.katalon.core.main.ScriptEngine.runScriptAsRawText(ScriptEngine.java:119)
	at com.kms.katalon.core.main.TestCaseExecutor.runScript(TestCaseExecutor.java:445)
	at com.kms.katalon.core.main.TestCaseExecutor.doExecute(TestCaseExecutor.java:436)
	at com.kms.katalon.core.main.TestCaseExecutor.processExecutionPhase(TestCaseExecutor.java:415)
	at com.kms.katalon.core.main.TestCaseExecutor.accessMainPhase(TestCaseExecutor.java:407)
	at com.kms.katalon.core.main.TestCaseExecutor.execute(TestCaseExecutor.java:284)
	at com.kms.katalon.core.main.TestCaseMain.runTestCase(TestCaseMain.java:142)
	at com.kms.katalon.core.keyword.builtin.CallTestCaseKeyword$_callTestCase_closure1.doCall(CallTestCaseKeyword.groovy:59)
	at com.kms.katalon.core.keyword.builtin.CallTestCaseKeyword$_callTestCase_closure1.call(CallTestCaseKeyword.groovy)
	at com.kms.katalon.core.keyword.internal.KeywordMain.runKeyword(KeywordMain.groovy:74)
	at com.kms.katalon.core.keyword.builtin.CallTestCaseKeyword.callTestCase(CallTestCaseKeyword.groovy:81)
	at com.kms.katalon.core.keyword.builtin.CallTestCaseKeyword.execute(CallTestCaseKeyword.groovy:44)
	at com.kms.katalon.core.keyword.internal.KeywordExecutor.executeKeywordForPlatform(KeywordExecutor.groovy:74)
	at com.kms.katalon.core.keyword.BuiltinKeywords.callTestCase(BuiltinKeywords.groovy:334)
	at 1.1.9-Imprimir comprobante de vacaciones.run(1.1.9-Imprimir comprobante de vacaciones:18)
	at com.kms.katalon.core.main.ScriptEngine.run(ScriptEngine.java:194)
	at com.kms.katalon.core.main.ScriptEngine.runScriptAsRawText(ScriptEngine.java:119)
	at com.kms.katalon.core.main.TestCaseExecutor.runScript(TestCaseExecutor.java:445)
	at com.kms.katalon.core.main.TestCaseExecutor.doExecute(TestCaseExecutor.java:436)
	at com.kms.katalon.core.main.TestCaseExecutor.processExecutionPhase(TestCaseExecutor.java:415)
	at com.kms.katalon.core.main.TestCaseExecutor.accessMainPhase(TestCaseExecutor.java:407)
	at com.kms.katalon.core.main.TestCaseExecutor.execute(TestCaseExecutor.java:284)
	at com.kms.katalon.core.common.CommonExecutor.accessTestCaseMainPhase(CommonExecutor.java:65)
	at com.kms.katalon.core.main.TestSuiteExecutor.accessTestSuiteMainPhase(TestSuiteExecutor.java:144)
	at com.kms.katalon.core.main.TestSuiteExecutor.execute(TestSuiteExecutor.java:106)
	at com.kms.katalon.core.main.TestCaseMain.startTestSuite(TestCaseMain.java:185)
	at com.kms.katalon.core.main.TestCaseMain$startTestSuite$0.call(Unknown Source)
	at TempTestSuite1654867643956.run(TempTestSuite1654867643956.groovy:36)
Caused by: com.kms.katalon.core.exception.StepFailedException: Call Test Case 'Test Cases/1.1-Tareas Principales/1.1.6-crear vacaciones' failed
	at com.kms.katalon.core.keyword.builtin.CallTestCaseKeyword$_callTestCase_closure1.doCall(CallTestCaseKeyword.groovy:63)
	at com.kms.katalon.core.keyword.builtin.CallTestCaseKeyword$_callTestCase_closure1.call(CallTestCaseKeyword.groovy)
	at com.kms.katalon.core.keyword.internal.KeywordMain.runKeyword(KeywordMain.groovy:74)
	at com.kms.katalon.core.keyword.builtin.CallTestCaseKeyword.callTestCase(CallTestCaseKeyword.groovy:81)
	at com.kms.katalon.core.keyword.builtin.CallTestCaseKeyword.execute(CallTestCaseKeyword.groovy:44)
	at com.kms.katalon.core.keyword.internal.KeywordExecutor.executeKeywordForPlatform(KeywordExecutor.groovy:74)
	at com.kms.katalon.core.keyword.BuiltinKeywords.callTestCase(BuiltinKeywords.groovy:334)
	at 1.1.7-Generar Vacaciones.run(1.1.7-Generar Vacaciones:19)
	at com.kms.katalon.core.main.ScriptEngine.run(ScriptEngine.java:194)
	at com.kms.katalon.core.main.ScriptEngine.runScriptAsRawText(ScriptEngine.java:119)
	at com.kms.katalon.core.main.TestCaseExecutor.runScript(TestCaseExecutor.java:445)
	at com.kms.katalon.core.main.TestCaseExecutor.doExecute(TestCaseExecutor.java:436)
	at com.kms.katalon.core.main.TestCaseExecutor.processExecutionPhase(TestCaseExecutor.java:415)
	at com.kms.katalon.core.main.TestCaseExecutor.accessMainPhase(TestCaseExecutor.java:407)
	at com.kms.katalon.core.main.TestCaseExecutor.execute(TestCaseExecutor.java:284)
	at com.kms.katalon.core.main.TestCaseMain.runTestCase(TestCaseMain.java:142)
	at com.kms.katalon.core.keyword.builtin.CallTestCaseKeyword$_callTestCase_closure1.doCall(CallTestCaseKeyword.groovy:59)
	... 36 more
Caused by: com.kms.katalon.core.exception.StepFailedException: Unable to click on object 'Object Repository/1-OBJECTS TAREAS PRINCIPALES/Modulo Tarea Compensacion/Dias con Permisos Pasivos Permitidos/a_Guardar_solicitudes'
	at com.kms.katalon.core.webui.keyword.internal.WebUIKeywordMain.stepFailed(WebUIKeywordMain.groovy:64)
	at com.kms.katalon.core.webui.keyword.internal.WebUIKeywordMain.runKeyword(WebUIKeywordMain.groovy:26)
	at com.kms.katalon.core.webui.keyword.builtin.ClickKeyword.click(ClickKeyword.groovy:74)
	at com.kms.katalon.core.webui.keyword.builtin.ClickKeyword.execute(ClickKeyword.groovy:40)
	at com.kms.katalon.core.keyword.internal.KeywordExecutor.executeKeywordForPlatform(KeywordExecutor.groovy:74)
	at com.kms.katalon.core.webui.keyword.WebUiBuiltInKeywords.click(WebUiBuiltInKeywords.groovy:620)
	at com.kms.katalon.core.webui.keyword.WebUiBuiltInKeywords$click$5.call(Unknown Source)
	at 1.1.6-crear vacaciones.run(1.1.6-crear vacaciones:177)
	at com.kms.katalon.core.main.ScriptEngine.run(ScriptEngine.java:194)
	at com.kms.katalon.core.main.ScriptEngine.runScriptAsRawText(ScriptEngine.java:119)
	at com.kms.katalon.core.main.TestCaseExecutor.runScript(TestCaseExecutor.java:445)
	at com.kms.katalon.core.main.TestCaseExecutor.doExecute(TestCaseExecutor.java:436)
	at com.kms.katalon.core.main.TestCaseExecutor.processExecutionPhase(TestCaseExecutor.java:415)
	at com.kms.katalon.core.main.TestCaseExecutor.accessMainPhase(TestCaseExecutor.java:407)
	at com.kms.katalon.core.main.TestCaseExecutor.execute(TestCaseExecutor.java:284)
	at com.kms.katalon.core.main.TestCaseMain.runTestCase(TestCaseMain.java:142)
	at com.kms.katalon.core.keyword.builtin.CallTestCaseKeyword$_callTestCase_closure1.doCall(CallTestCaseKeyword.groovy:59)
	... 52 more
Caused by: com.kms.katalon.core.webui.exception.WebElementNotFoundException: Web element with id: 'Object Repository/1-OBJECTS TAREAS PRINCIPALES/Modulo Tarea Compensacion/Dias con Permisos Pasivos Permitidos/a_Guardar_solicitudes' located by '//*/text()[normalize-space(.)='Guardar Legalizar']/parent::*' not found
	at com.kms.katalon.core.webui.common.WebUiCommonHelper.findWebElement(WebUiCommonHelper.java:1370)
	at com.kms.katalon.core.webui.keyword.internal.WebUIAbstractKeyword.findWebElement(WebUIAbstractKeyword.groovy:27)
	at com.kms.katalon.core.webui.keyword.builtin.ClickKeyword$_click_closure1.doCall(ClickKeyword.groovy:65)
	at com.kms.katalon.core.webui.keyword.builtin.ClickKeyword$_click_closure1.call(ClickKeyword.groovy)
	at com.kms.katalon.core.webui.keyword.internal.WebUIKeywordMain.runKeyword(WebUIKeywordMain.groovy:20)
	... 67 more
)

2022-06-10 08:40:11 - [MESSAGE][FAILED] - Unable to call Test Case 'Test Cases/1.1-Tareas Principales/1.1.8-Mantenimiento de Vacaciones Reliquidar' (Root cause: com.kms.katalon.core.exception.StepFailedException: Call Test Case 'Test Cases/1.1-Tareas Principales/1.1.8-Mantenimiento de Vacaciones Reliquidar' failed
	at com.kms.katalon.core.keyword.builtin.CallTestCaseKeyword$_callTestCase_closure1.doCall(CallTestCaseKeyword.groovy:63)
	at com.kms.katalon.core.keyword.builtin.CallTestCaseKeyword$_callTestCase_closure1.call(CallTestCaseKeyword.groovy)
	at com.kms.katalon.core.keyword.internal.KeywordMain.runKeyword(KeywordMain.groovy:74)
	at com.kms.katalon.core.keyword.builtin.CallTestCaseKeyword.callTestCase(CallTestCaseKeyword.groovy:81)
	at com.kms.katalon.core.keyword.builtin.CallTestCaseKeyword.execute(CallTestCaseKeyword.groovy:44)
	at com.kms.katalon.core.keyword.internal.KeywordExecutor.executeKeywordForPlatform(KeywordExecutor.groovy:74)
	at com.kms.katalon.core.keyword.BuiltinKeywords.callTestCase(BuiltinKeywords.groovy:334)
	at 1.1.9-Imprimir comprobante de vacaciones.run(1.1.9-Imprimir comprobante de vacaciones:18)
	at com.kms.katalon.core.main.ScriptEngine.run(ScriptEngine.java:194)
	at com.kms.katalon.core.main.ScriptEngine.runScriptAsRawText(ScriptEngine.java:119)
	at com.kms.katalon.core.main.TestCaseExecutor.runScript(TestCaseExecutor.java:445)
	at com.kms.katalon.core.main.TestCaseExecutor.doExecute(TestCaseExecutor.java:436)
	at com.kms.katalon.core.main.TestCaseExecutor.processExecutionPhase(TestCaseExecutor.java:415)
	at com.kms.katalon.core.main.TestCaseExecutor.accessMainPhase(TestCaseExecutor.java:407)
	at com.kms.katalon.core.main.TestCaseExecutor.execute(TestCaseExecutor.java:284)
	at com.kms.katalon.core.common.CommonExecutor.accessTestCaseMainPhase(CommonExecutor.java:65)
	at com.kms.katalon.core.main.TestSuiteExecutor.accessTestSuiteMainPhase(TestSuiteExecutor.java:144)
	at com.kms.katalon.core.main.TestSuiteExecutor.execute(TestSuiteExecutor.java:106)
	at com.kms.katalon.core.main.TestCaseMain.startTestSuite(TestCaseMain.java:185)
	at com.kms.katalon.core.main.TestCaseMain$startTestSuite$0.call(Unknown Source)
	at TempTestSuite1654867643956.run(TempTestSuite1654867643956.groovy:36)
Caused by: com.kms.katalon.core.exception.StepFailedException: Call Test Case 'Test Cases/1.1-Tareas Principales/1.1.7-Generar Vacaciones' failed
	at com.kms.katalon.core.keyword.builtin.CallTestCaseKeyword$_callTestCase_closure1.doCall(CallTestCaseKeyword.groovy:63)
	at com.kms.katalon.core.keyword.builtin.CallTestCaseKeyword$_callTestCase_closure1.call(CallTestCaseKeyword.groovy)
	at com.kms.katalon.core.keyword.internal.KeywordMain.runKeyword(KeywordMain.groovy:74)
	at com.kms.katalon.core.keyword.builtin.CallTestCaseKeyword.callTestCase(CallTestCaseKeyword.groovy:81)
	at com.kms.katalon.core.keyword.builtin.CallTestCaseKeyword.execute(CallTestCaseKeyword.groovy:44)
	at com.kms.katalon.core.keyword.internal.KeywordExecutor.executeKeywordForPlatform(KeywordExecutor.groovy:74)
	at com.kms.katalon.core.keyword.BuiltinKeywords.callTestCase(BuiltinKeywords.groovy:334)
	at 1.1.8-Mantenimiento de Vacaciones Reliquidar.run(1.1.8-Mantenimiento de Vacaciones Reliquidar:41)
	at com.kms.katalon.core.main.ScriptEngine.run(ScriptEngine.java:194)
	at com.kms.katalon.core.main.ScriptEngine.runScriptAsRawText(ScriptEngine.java:119)
	at com.kms.katalon.core.main.TestCaseExecutor.runScript(TestCaseExecutor.java:445)
	at com.kms.katalon.core.main.TestCaseExecutor.doExecute(TestCaseExecutor.java:436)
	at com.kms.katalon.core.main.TestCaseExecutor.processExecutionPhase(TestCaseExecutor.java:415)
	at com.kms.katalon.core.main.TestCaseExecutor.accessMainPhase(TestCaseExecutor.java:407)
	at com.kms.katalon.core.main.TestCaseExecutor.execute(TestCaseExecutor.java:284)
	at com.kms.katalon.core.main.TestCaseMain.runTestCase(TestCaseMain.java:142)
	at com.kms.katalon.core.keyword.builtin.CallTestCaseKeyword$_callTestCase_closure1.doCall(CallTestCaseKeyword.groovy:59)
	... 20 more
Caused by: com.kms.katalon.core.exception.StepFailedException: Call Test Case 'Test Cases/1.1-Tareas Principales/1.1.6-crear vacaciones' failed
	at com.kms.katalon.core.keyword.builtin.CallTestCaseKeyword$_callTestCase_closure1.doCall(CallTestCaseKeyword.groovy:63)
	at com.kms.katalon.core.keyword.builtin.CallTestCaseKeyword$_callTestCase_closure1.call(CallTestCaseKeyword.groovy)
	at com.kms.katalon.core.keyword.internal.KeywordMain.runKeyword(KeywordMain.groovy:74)
	at com.kms.katalon.core.keyword.builtin.CallTestCaseKeyword.callTestCase(CallTestCaseKeyword.groovy:81)
	at com.kms.katalon.core.keyword.builtin.CallTestCaseKeyword.execute(CallTestCaseKeyword.groovy:44)
	at com.kms.katalon.core.keyword.internal.KeywordExecutor.executeKeywordForPlatform(KeywordExecutor.groovy:74)
	at com.kms.katalon.core.keyword.BuiltinKeywords.callTestCase(BuiltinKeywords.groovy:334)
	at 1.1.7-Generar Vacaciones.run(1.1.7-Generar Vacaciones:19)
	at com.kms.katalon.core.main.ScriptEngine.run(ScriptEngine.java:194)
	at com.kms.katalon.core.main.ScriptEngine.runScriptAsRawText(ScriptEngine.java:119)
	at com.kms.katalon.core.main.TestCaseExecutor.runScript(TestCaseExecutor.java:445)
	at com.kms.katalon.core.main.TestCaseExecutor.doExecute(TestCaseExecutor.java:436)
	at com.kms.katalon.core.main.TestCaseExecutor.processExecutionPhase(TestCaseExecutor.java:415)
	at com.kms.katalon.core.main.TestCaseExecutor.accessMainPhase(TestCaseExecutor.java:407)
	at com.kms.katalon.core.main.TestCaseExecutor.execute(TestCaseExecutor.java:284)
	at com.kms.katalon.core.main.TestCaseMain.runTestCase(TestCaseMain.java:142)
	at com.kms.katalon.core.keyword.builtin.CallTestCaseKeyword$_callTestCase_closure1.doCall(CallTestCaseKeyword.groovy:59)
	... 36 more
Caused by: com.kms.katalon.core.exception.StepFailedException: Unable to click on object 'Object Repository/1-OBJECTS TAREAS PRINCIPALES/Modulo Tarea Compensacion/Dias con Permisos Pasivos Permitidos/a_Guardar_solicitudes'
	at com.kms.katalon.core.webui.keyword.internal.WebUIKeywordMain.stepFailed(WebUIKeywordMain.groovy:64)
	at com.kms.katalon.core.webui.keyword.internal.WebUIKeywordMain.runKeyword(WebUIKeywordMain.groovy:26)
	at com.kms.katalon.core.webui.keyword.builtin.ClickKeyword.click(ClickKeyword.groovy:74)
	at com.kms.katalon.core.webui.keyword.builtin.ClickKeyword.execute(ClickKeyword.groovy:40)
	at com.kms.katalon.core.keyword.internal.KeywordExecutor.executeKeywordForPlatform(KeywordExecutor.groovy:74)
	at com.kms.katalon.core.webui.keyword.WebUiBuiltInKeywords.click(WebUiBuiltInKeywords.groovy:620)
	at com.kms.katalon.core.webui.keyword.WebUiBuiltInKeywords$click$5.call(Unknown Source)
	at 1.1.6-crear vacaciones.run(1.1.6-crear vacaciones:177)
	at com.kms.katalon.core.main.ScriptEngine.run(ScriptEngine.java:194)
	at com.kms.katalon.core.main.ScriptEngine.runScriptAsRawText(ScriptEngine.java:119)
	at com.kms.katalon.core.main.TestCaseExecutor.runScript(TestCaseExecutor.java:445)
	at com.kms.katalon.core.main.TestCaseExecutor.doExecute(TestCaseExecutor.java:436)
	at com.kms.katalon.core.main.TestCaseExecutor.processExecutionPhase(TestCaseExecutor.java:415)
	at com.kms.katalon.core.main.TestCaseExecutor.accessMainPhase(TestCaseExecutor.java:407)
	at com.kms.katalon.core.main.TestCaseExecutor.execute(TestCaseExecutor.java:284)
	at com.kms.katalon.core.main.TestCaseMain.runTestCase(TestCaseMain.java:142)
	at com.kms.katalon.core.keyword.builtin.CallTestCaseKeyword$_callTestCase_closure1.doCall(CallTestCaseKeyword.groovy:59)
	... 52 more
Caused by: com.kms.katalon.core.webui.exception.WebElementNotFoundException: Web element with id: 'Object Repository/1-OBJECTS TAREAS PRINCIPALES/Modulo Tarea Compensacion/Dias con Permisos Pasivos Permitidos/a_Guardar_solicitudes' located by '//*/text()[normalize-space(.)='Guardar Legalizar']/parent::*' not found
	at com.kms.katalon.core.webui.common.WebUiCommonHelper.findWebElement(WebUiCommonHelper.java:1370)
	at com.kms.katalon.core.webui.keyword.internal.WebUIAbstractKeyword.findWebElement(WebUIAbstractKeyword.groovy:27)
	at com.kms.katalon.core.webui.keyword.builtin.ClickKeyword$_click_closure1.doCall(ClickKeyword.groovy:65)
	at com.kms.katalon.core.webui.keyword.builtin.ClickKeyword$_click_closure1.call(ClickKeyword.groovy)
	at com.kms.katalon.core.webui.keyword.internal.WebUIKeywordMain.runKeyword(WebUIKeywordMain.groovy:20)
	... 67 more
)]]></system-out>
         <system-err><![CDATA[2022-06-10 08:38:00 - [TEST_CASE][FAILED] - Test Cases/1.1-Tareas Principales/1.1.9-Imprimir comprobante de vacaciones: Test Cases/1.1-Tareas Principales/1.1.9-Imprimir comprobante de vacaciones FAILED.
Reason:
com.kms.katalon.core.exception.StepFailedException: Call Test Case 'Test Cases/1.1-Tareas Principales/1.1.8-Mantenimiento de Vacaciones Reliquidar' failed
	at com.kms.katalon.core.keyword.builtin.CallTestCaseKeyword$_callTestCase_closure1.doCall(CallTestCaseKeyword.groovy:63)
	at com.kms.katalon.core.keyword.builtin.CallTestCaseKeyword$_callTestCase_closure1.call(CallTestCaseKeyword.groovy)
	at com.kms.katalon.core.keyword.internal.KeywordMain.runKeyword(KeywordMain.groovy:74)
	at com.kms.katalon.core.keyword.builtin.CallTestCaseKeyword.callTestCase(CallTestCaseKeyword.groovy:81)
	at com.kms.katalon.core.keyword.builtin.CallTestCaseKeyword.execute(CallTestCaseKeyword.groovy:44)
	at com.kms.katalon.core.keyword.internal.KeywordExecutor.executeKeywordForPlatform(KeywordExecutor.groovy:74)
	at com.kms.katalon.core.keyword.BuiltinKeywords.callTestCase(BuiltinKeywords.groovy:334)
	at 1.1.9-Imprimir comprobante de vacaciones.run(1.1.9-Imprimir comprobante de vacaciones:18)
	at com.kms.katalon.core.main.ScriptEngine.run(ScriptEngine.java:194)
	at com.kms.katalon.core.main.ScriptEngine.runScriptAsRawText(ScriptEngine.java:119)
	at com.kms.katalon.core.main.TestCaseExecutor.runScript(TestCaseExecutor.java:445)
	at com.kms.katalon.core.main.TestCaseExecutor.doExecute(TestCaseExecutor.java:436)
	at com.kms.katalon.core.main.TestCaseExecutor.processExecutionPhase(TestCaseExecutor.java:415)
	at com.kms.katalon.core.main.TestCaseExecutor.accessMainPhase(TestCaseExecutor.java:407)
	at com.kms.katalon.core.main.TestCaseExecutor.execute(TestCaseExecutor.java:284)
	at com.kms.katalon.core.common.CommonExecutor.accessTestCaseMainPhase(CommonExecutor.java:65)
	at com.kms.katalon.core.main.TestSuiteExecutor.accessTestSuiteMainPhase(TestSuiteExecutor.java:144)
	at com.kms.katalon.core.main.TestSuiteExecutor.execute(TestSuiteExecutor.java:106)
	at com.kms.katalon.core.main.TestCaseMain.startTestSuite(TestCaseMain.java:185)
	at com.kms.katalon.core.main.TestCaseMain$startTestSuite$0.call(Unknown Source)
	at TempTestSuite1654867643956.run(TempTestSuite1654867643956.groovy:36)
Caused by: com.kms.katalon.core.exception.StepFailedException: Call Test Case 'Test Cases/1.1-Tareas Principales/1.1.7-Generar Vacaciones' failed
	at com.kms.katalon.core.keyword.builtin.CallTestCaseKeyword$_callTestCase_closure1.doCall(CallTestCaseKeyword.groovy:63)
	at com.kms.katalon.core.keyword.builtin.CallTestCaseKeyword$_callTestCase_closure1.call(CallTestCaseKeyword.groovy)
	at com.kms.katalon.core.keyword.internal.KeywordMain.runKeyword(KeywordMain.groovy:74)
	at com.kms.katalon.core.keyword.builtin.CallTestCaseKeyword.callTestCase(CallTestCaseKeyword.groovy:81)
	at com.kms.katalon.core.keyword.builtin.CallTestCaseKeyword.execute(CallTestCaseKeyword.groovy:44)
	at com.kms.katalon.core.keyword.internal.KeywordExecutor.executeKeywordForPlatform(KeywordExecutor.groovy:74)
	at com.kms.katalon.core.keyword.BuiltinKeywords.callTestCase(BuiltinKeywords.groovy:334)
	at 1.1.8-Mantenimiento de Vacaciones Reliquidar.run(1.1.8-Mantenimiento de Vacaciones Reliquidar:41)
	at com.kms.katalon.core.main.ScriptEngine.run(ScriptEngine.java:194)
	at com.kms.katalon.core.main.ScriptEngine.runScriptAsRawText(ScriptEngine.java:119)
	at com.kms.katalon.core.main.TestCaseExecutor.runScript(TestCaseExecutor.java:445)
	at com.kms.katalon.core.main.TestCaseExecutor.doExecute(TestCaseExecutor.java:436)
	at com.kms.katalon.core.main.TestCaseExecutor.processExecutionPhase(TestCaseExecutor.java:415)
	at com.kms.katalon.core.main.TestCaseExecutor.accessMainPhase(TestCaseExecutor.java:407)
	at com.kms.katalon.core.main.TestCaseExecutor.execute(TestCaseExecutor.java:284)
	at com.kms.katalon.core.main.TestCaseMain.runTestCase(TestCaseMain.java:142)
	at com.kms.katalon.core.keyword.builtin.CallTestCaseKeyword$_callTestCase_closure1.doCall(CallTestCaseKeyword.groovy:59)
	... 20 more
Caused by: com.kms.katalon.core.exception.StepFailedException: Call Test Case 'Test Cases/1.1-Tareas Principales/1.1.6-crear vacaciones' failed
	at com.kms.katalon.core.keyword.builtin.CallTestCaseKeyword$_callTestCase_closure1.doCall(CallTestCaseKeyword.groovy:63)
	at com.kms.katalon.core.keyword.builtin.CallTestCaseKeyword$_callTestCase_closure1.call(CallTestCaseKeyword.groovy)
	at com.kms.katalon.core.keyword.internal.KeywordMain.runKeyword(KeywordMain.groovy:74)
	at com.kms.katalon.core.keyword.builtin.CallTestCaseKeyword.callTestCase(CallTestCaseKeyword.groovy:81)
	at com.kms.katalon.core.keyword.builtin.CallTestCaseKeyword.execute(CallTestCaseKeyword.groovy:44)
	at com.kms.katalon.core.keyword.internal.KeywordExecutor.executeKeywordForPlatform(KeywordExecutor.groovy:74)
	at com.kms.katalon.core.keyword.BuiltinKeywords.callTestCase(BuiltinKeywords.groovy:334)
	at 1.1.7-Generar Vacaciones.run(1.1.7-Generar Vacaciones:19)
	at com.kms.katalon.core.main.ScriptEngine.run(ScriptEngine.java:194)
	at com.kms.katalon.core.main.ScriptEngine.runScriptAsRawText(ScriptEngine.java:119)
	at com.kms.katalon.core.main.TestCaseExecutor.runScript(TestCaseExecutor.java:445)
	at com.kms.katalon.core.main.TestCaseExecutor.doExecute(TestCaseExecutor.java:436)
	at com.kms.katalon.core.main.TestCaseExecutor.processExecutionPhase(TestCaseExecutor.java:415)
	at com.kms.katalon.core.main.TestCaseExecutor.accessMainPhase(TestCaseExecutor.java:407)
	at com.kms.katalon.core.main.TestCaseExecutor.execute(TestCaseExecutor.java:284)
	at com.kms.katalon.core.main.TestCaseMain.runTestCase(TestCaseMain.java:142)
	at com.kms.katalon.core.keyword.builtin.CallTestCaseKeyword$_callTestCase_closure1.doCall(CallTestCaseKeyword.groovy:59)
	... 36 more
Caused by: com.kms.katalon.core.exception.StepFailedException: Unable to click on object 'Object Repository/1-OBJECTS TAREAS PRINCIPALES/Modulo Tarea Compensacion/Dias con Permisos Pasivos Permitidos/a_Guardar_solicitudes'
	at com.kms.katalon.core.webui.keyword.internal.WebUIKeywordMain.stepFailed(WebUIKeywordMain.groovy:64)
	at com.kms.katalon.core.webui.keyword.internal.WebUIKeywordMain.runKeyword(WebUIKeywordMain.groovy:26)
	at com.kms.katalon.core.webui.keyword.builtin.ClickKeyword.click(ClickKeyword.groovy:74)
	at com.kms.katalon.core.webui.keyword.builtin.ClickKeyword.execute(ClickKeyword.groovy:40)
	at com.kms.katalon.core.keyword.internal.KeywordExecutor.executeKeywordForPlatform(KeywordExecutor.groovy:74)
	at com.kms.katalon.core.webui.keyword.WebUiBuiltInKeywords.click(WebUiBuiltInKeywords.groovy:620)
	at com.kms.katalon.core.webui.keyword.WebUiBuiltInKeywords$click$5.call(Unknown Source)
	at 1.1.6-crear vacaciones.run(1.1.6-crear vacaciones:177)
	at com.kms.katalon.core.main.ScriptEngine.run(ScriptEngine.java:194)
	at com.kms.katalon.core.main.ScriptEngine.runScriptAsRawText(ScriptEngine.java:119)
	at com.kms.katalon.core.main.TestCaseExecutor.runScript(TestCaseExecutor.java:445)
	at com.kms.katalon.core.main.TestCaseExecutor.doExecute(TestCaseExecutor.java:436)
	at com.kms.katalon.core.main.TestCaseExecutor.processExecutionPhase(TestCaseExecutor.java:415)
	at com.kms.katalon.core.main.TestCaseExecutor.accessMainPhase(TestCaseExecutor.java:407)
	at com.kms.katalon.core.main.TestCaseExecutor.execute(TestCaseExecutor.java:284)
	at com.kms.katalon.core.main.TestCaseMain.runTestCase(TestCaseMain.java:142)
	at com.kms.katalon.core.keyword.builtin.CallTestCaseKeyword$_callTestCase_closure1.doCall(CallTestCaseKeyword.groovy:59)
	... 52 more
Caused by: com.kms.katalon.core.webui.exception.WebElementNotFoundException: Web element with id: 'Object Repository/1-OBJECTS TAREAS PRINCIPALES/Modulo Tarea Compensacion/Dias con Permisos Pasivos Permitidos/a_Guardar_solicitudes' located by '//*/text()[normalize-space(.)='Guardar Legalizar']/parent::*' not found
	at com.kms.katalon.core.webui.common.WebUiCommonHelper.findWebElement(WebUiCommonHelper.java:1370)
	at com.kms.katalon.core.webui.keyword.internal.WebUIAbstractKeyword.findWebElement(WebUIAbstractKeyword.groovy:27)
	at com.kms.katalon.core.webui.keyword.builtin.ClickKeyword$_click_closure1.doCall(ClickKeyword.groovy:65)
	at com.kms.katalon.core.webui.keyword.builtin.ClickKeyword$_click_closure1.call(ClickKeyword.groovy)
	at com.kms.katalon.core.webui.keyword.internal.WebUIKeywordMain.runKeyword(WebUIKeywordMain.groovy:20)
	... 67 more]]></system-err>
      </testcase>
      <testcase name="Test Cases/1.1-Tareas Principales/1.2.1-Reversar Vacaciones" time="130.127" classname="Test Cases/1.1-Tareas Principales/1.2.1-Reversar Vacaciones" status="FAILED">
         <failure type="FAILED" message="Test Cases/1.1-Tareas Principales/1.2.1-Reversar Vacaciones FAILED.
Reason:
com.kms.katalon.core.exception.StepFailedException: Call Test Case 'Test Cases/1.1-Tareas Principales/1.1.8-Mantenimiento de Vacaciones Reliquidar' failed
	at com.kms.katalon.core.keyword.builtin.CallTestCaseKeyword$_callTestCase_closure1.doCall(CallTestCaseKeyword.groovy:63)
	at com.kms.katalon.core.keyword.builtin.CallTestCaseKeyword$_callTestCase_closure1.call(CallTestCaseKeyword.groovy)
	at com.kms.katalon.core.keyword.internal.KeywordMain.runKeyword(KeywordMain.groovy:74)
	at com.kms.katalon.core.keyword.builtin.CallTestCaseKeyword.callTestCase(CallTestCaseKeyword.groovy:81)
	at com.kms.katalon.core.keyword.builtin.CallTestCaseKeyword.execute(CallTestCaseKeyword.groovy:44)
	at com.kms.katalon.core.keyword.internal.KeywordExecutor.executeKeywordForPlatform(KeywordExecutor.groovy:74)
	at com.kms.katalon.core.keyword.BuiltinKeywords.callTestCase(BuiltinKeywords.groovy:334)
	at 1.2.1-Reversar Vacaciones.run(1.2.1-Reversar Vacaciones:18)
	at com.kms.katalon.core.main.ScriptEngine.run(ScriptEngine.java:194)
	at com.kms.katalon.core.main.ScriptEngine.runScriptAsRawText(ScriptEngine.java:119)
	at com.kms.katalon.core.main.TestCaseExecutor.runScript(TestCaseExecutor.java:445)
	at com.kms.katalon.core.main.TestCaseExecutor.doExecute(TestCaseExecutor.java:436)
	at com.kms.katalon.core.main.TestCaseExecutor.processExecutionPhase(TestCaseExecutor.java:415)
	at com.kms.katalon.core.main.TestCaseExecutor.accessMainPhase(TestCaseExecutor.java:407)
	at com.kms.katalon.core.main.TestCaseExecutor.execute(TestCaseExecutor.java:284)
	at com.kms.katalon.core.common.CommonExecutor.accessTestCaseMainPhase(CommonExecutor.java:65)
	at com.kms.katalon.core.main.TestSuiteExecutor.accessTestSuiteMainPhase(TestSuiteExecutor.java:144)
	at com.kms.katalon.core.main.TestSuiteExecutor.execute(TestSuiteExecutor.java:106)
	at com.kms.katalon.core.main.TestCaseMain.startTestSuite(TestCaseMain.java:185)
	at com.kms.katalon.core.main.TestCaseMain$startTestSuite$0.call(Unknown Source)
	at TempTestSuite1654867643956.run(TempTestSuite1654867643956.groovy:36)
Caused by: com.kms.katalon.core.exception.StepFailedException: Call Test Case 'Test Cases/1.1-Tareas Principales/1.1.7-Generar Vacaciones' failed
	at com.kms.katalon.core.keyword.builtin.CallTestCaseKeyword$_callTestCase_closure1.doCall(CallTestCaseKeyword.groovy:63)
	at com.kms.katalon.core.keyword.builtin.CallTestCaseKeyword$_callTestCase_closure1.call(CallTestCaseKeyword.groovy)
	at com.kms.katalon.core.keyword.internal.KeywordMain.runKeyword(KeywordMain.groovy:74)
	at com.kms.katalon.core.keyword.builtin.CallTestCaseKeyword.callTestCase(CallTestCaseKeyword.groovy:81)
	at com.kms.katalon.core.keyword.builtin.CallTestCaseKeyword.execute(CallTestCaseKeyword.groovy:44)
	at com.kms.katalon.core.keyword.internal.KeywordExecutor.executeKeywordForPlatform(KeywordExecutor.groovy:74)
	at com.kms.katalon.core.keyword.BuiltinKeywords.callTestCase(BuiltinKeywords.groovy:334)
	at 1.1.8-Mantenimiento de Vacaciones Reliquidar.run(1.1.8-Mantenimiento de Vacaciones Reliquidar:41)
	at com.kms.katalon.core.main.ScriptEngine.run(ScriptEngine.java:194)
	at com.kms.katalon.core.main.ScriptEngine.runScriptAsRawText(ScriptEngine.java:119)
	at com.kms.katalon.core.main.TestCaseExecutor.runScript(TestCaseExecutor.java:445)
	at com.kms.katalon.core.main.TestCaseExecutor.doExecute(TestCaseExecutor.java:436)
	at com.kms.katalon.core.main.TestCaseExecutor.processExecutionPhase(TestCaseExecutor.java:415)
	at com.kms.katalon.core.main.TestCaseExecutor.accessMainPhase(TestCaseExecutor.java:407)
	at com.kms.katalon.core.main.TestCaseExecutor.execute(TestCaseExecutor.java:284)
	at com.kms.katalon.core.main.TestCaseMain.runTestCase(TestCaseMain.java:142)
	at com.kms.katalon.core.keyword.builtin.CallTestCaseKeyword$_callTestCase_closure1.doCall(CallTestCaseKeyword.groovy:59)
	... 20 more
Caused by: com.kms.katalon.core.exception.StepFailedException: Call Test Case 'Test Cases/1.1-Tareas Principales/1.1.6-crear vacaciones' failed
	at com.kms.katalon.core.keyword.builtin.CallTestCaseKeyword$_callTestCase_closure1.doCall(CallTestCaseKeyword.groovy:63)
	at com.kms.katalon.core.keyword.builtin.CallTestCaseKeyword$_callTestCase_closure1.call(CallTestCaseKeyword.groovy)
	at com.kms.katalon.core.keyword.internal.KeywordMain.runKeyword(KeywordMain.groovy:74)
	at com.kms.katalon.core.keyword.builtin.CallTestCaseKeyword.callTestCase(CallTestCaseKeyword.groovy:81)
	at com.kms.katalon.core.keyword.builtin.CallTestCaseKeyword.execute(CallTestCaseKeyword.groovy:44)
	at com.kms.katalon.core.keyword.internal.KeywordExecutor.executeKeywordForPlatform(KeywordExecutor.groovy:74)
	at com.kms.katalon.core.keyword.BuiltinKeywords.callTestCase(BuiltinKeywords.groovy:334)
	at 1.1.7-Generar Vacaciones.run(1.1.7-Generar Vacaciones:19)
	at com.kms.katalon.core.main.ScriptEngine.run(ScriptEngine.java:194)
	at com.kms.katalon.core.main.ScriptEngine.runScriptAsRawText(ScriptEngine.java:119)
	at com.kms.katalon.core.main.TestCaseExecutor.runScript(TestCaseExecutor.java:445)
	at com.kms.katalon.core.main.TestCaseExecutor.doExecute(TestCaseExecutor.java:436)
	at com.kms.katalon.core.main.TestCaseExecutor.processExecutionPhase(TestCaseExecutor.java:415)
	at com.kms.katalon.core.main.TestCaseExecutor.accessMainPhase(TestCaseExecutor.java:407)
	at com.kms.katalon.core.main.TestCaseExecutor.execute(TestCaseExecutor.java:284)
	at com.kms.katalon.core.main.TestCaseMain.runTestCase(TestCaseMain.java:142)
	at com.kms.katalon.core.keyword.builtin.CallTestCaseKeyword$_callTestCase_closure1.doCall(CallTestCaseKeyword.groovy:59)
	... 36 more
Caused by: com.kms.katalon.core.exception.StepFailedException: Unable to click on object 'Object Repository/1-OBJECTS TAREAS PRINCIPALES/Modulo Tarea Compensacion/Dias con Permisos Pasivos Permitidos/a_Guardar_solicitudes'
	at com.kms.katalon.core.webui.keyword.internal.WebUIKeywordMain.stepFailed(WebUIKeywordMain.groovy:64)
	at com.kms.katalon.core.webui.keyword.internal.WebUIKeywordMain.runKeyword(WebUIKeywordMain.groovy:26)
	at com.kms.katalon.core.webui.keyword.builtin.ClickKeyword.click(ClickKeyword.groovy:74)
	at com.kms.katalon.core.webui.keyword.builtin.ClickKeyword.execute(ClickKeyword.groovy:40)
	at com.kms.katalon.core.keyword.internal.KeywordExecutor.executeKeywordForPlatform(KeywordExecutor.groovy:74)
	at com.kms.katalon.core.webui.keyword.WebUiBuiltInKeywords.click(WebUiBuiltInKeywords.groovy:620)
	at com.kms.katalon.core.webui.keyword.WebUiBuiltInKeywords$click$5.call(Unknown Source)
	at 1.1.6-crear vacaciones.run(1.1.6-crear vacaciones:177)
	at com.kms.katalon.core.main.ScriptEngine.run(ScriptEngine.java:194)
	at com.kms.katalon.core.main.ScriptEngine.runScriptAsRawText(ScriptEngine.java:119)
	at com.kms.katalon.core.main.TestCaseExecutor.runScript(TestCaseExecutor.java:445)
	at com.kms.katalon.core.main.TestCaseExecutor.doExecute(TestCaseExecutor.java:436)
	at com.kms.katalon.core.main.TestCaseExecutor.processExecutionPhase(TestCaseExecutor.java:415)
	at com.kms.katalon.core.main.TestCaseExecutor.accessMainPhase(TestCaseExecutor.java:407)
	at com.kms.katalon.core.main.TestCaseExecutor.execute(TestCaseExecutor.java:284)
	at com.kms.katalon.core.main.TestCaseMain.runTestCase(TestCaseMain.java:142)
	at com.kms.katalon.core.keyword.builtin.CallTestCaseKeyword$_callTestCase_closure1.doCall(CallTestCaseKeyword.groovy:59)
	... 52 more
Caused by: com.kms.katalon.core.webui.exception.WebElementNotFoundException: Web element with id: 'Object Repository/1-OBJECTS TAREAS PRINCIPALES/Modulo Tarea Compensacion/Dias con Permisos Pasivos Permitidos/a_Guardar_solicitudes' located by '//*/text()[normalize-space(.)='Guardar Legalizar']/parent::*' not found
	at com.kms.katalon.core.webui.common.WebUiCommonHelper.findWebElement(WebUiCommonHelper.java:1370)
	at com.kms.katalon.core.webui.keyword.internal.WebUIAbstractKeyword.findWebElement(WebUIAbstractKeyword.groovy:27)
	at com.kms.katalon.core.webui.keyword.builtin.ClickKeyword$_click_closure1.doCall(ClickKeyword.groovy:65)
	at com.kms.katalon.core.webui.keyword.builtin.ClickKeyword$_click_closure1.call(ClickKeyword.groovy)
	at com.kms.katalon.core.webui.keyword.internal.WebUIKeywordMain.runKeyword(WebUIKeywordMain.groovy:20)
	... 67 more
"/>
         <system-out><![CDATA[2022-06-10 08:40:11 - [TEST_CASE][FAILED] - Test Cases/1.1-Tareas Principales/1.2.1-Reversar Vacaciones: Test Cases/1.1-Tareas Principales/1.2.1-Reversar Vacaciones FAILED.
Reason:
com.kms.katalon.core.exception.StepFailedException: Call Test Case 'Test Cases/1.1-Tareas Principales/1.1.8-Mantenimiento de Vacaciones Reliquidar' failed
	at com.kms.katalon.core.keyword.builtin.CallTestCaseKeyword$_callTestCase_closure1.doCall(CallTestCaseKeyword.groovy:63)
	at com.kms.katalon.core.keyword.builtin.CallTestCaseKeyword$_callTestCase_closure1.call(CallTestCaseKeyword.groovy)
	at com.kms.katalon.core.keyword.internal.KeywordMain.runKeyword(KeywordMain.groovy:74)
	at com.kms.katalon.core.keyword.builtin.CallTestCaseKeyword.callTestCase(CallTestCaseKeyword.groovy:81)
	at com.kms.katalon.core.keyword.builtin.CallTestCaseKeyword.execute(CallTestCaseKeyword.groovy:44)
	at com.kms.katalon.core.keyword.internal.KeywordExecutor.executeKeywordForPlatform(KeywordExecutor.groovy:74)
	at com.kms.katalon.core.keyword.BuiltinKeywords.callTestCase(BuiltinKeywords.groovy:334)
	at 1.2.1-Reversar Vacaciones.run(1.2.1-Reversar Vacaciones:18)
	at com.kms.katalon.core.main.ScriptEngine.run(ScriptEngine.java:194)
	at com.kms.katalon.core.main.ScriptEngine.runScriptAsRawText(ScriptEngine.java:119)
	at com.kms.katalon.core.main.TestCaseExecutor.runScript(TestCaseExecutor.java:445)
	at com.kms.katalon.core.main.TestCaseExecutor.doExecute(TestCaseExecutor.java:436)
	at com.kms.katalon.core.main.TestCaseExecutor.processExecutionPhase(TestCaseExecutor.java:415)
	at com.kms.katalon.core.main.TestCaseExecutor.accessMainPhase(TestCaseExecutor.java:407)
	at com.kms.katalon.core.main.TestCaseExecutor.execute(TestCaseExecutor.java:284)
	at com.kms.katalon.core.common.CommonExecutor.accessTestCaseMainPhase(CommonExecutor.java:65)
	at com.kms.katalon.core.main.TestSuiteExecutor.accessTestSuiteMainPhase(TestSuiteExecutor.java:144)
	at com.kms.katalon.core.main.TestSuiteExecutor.execute(TestSuiteExecutor.java:106)
	at com.kms.katalon.core.main.TestCaseMain.startTestSuite(TestCaseMain.java:185)
	at com.kms.katalon.core.main.TestCaseMain$startTestSuite$0.call(Unknown Source)
	at TempTestSuite1654867643956.run(TempTestSuite1654867643956.groovy:36)
Caused by: com.kms.katalon.core.exception.StepFailedException: Call Test Case 'Test Cases/1.1-Tareas Principales/1.1.7-Generar Vacaciones' failed
	at com.kms.katalon.core.keyword.builtin.CallTestCaseKeyword$_callTestCase_closure1.doCall(CallTestCaseKeyword.groovy:63)
	at com.kms.katalon.core.keyword.builtin.CallTestCaseKeyword$_callTestCase_closure1.call(CallTestCaseKeyword.groovy)
	at com.kms.katalon.core.keyword.internal.KeywordMain.runKeyword(KeywordMain.groovy:74)
	at com.kms.katalon.core.keyword.builtin.CallTestCaseKeyword.callTestCase(CallTestCaseKeyword.groovy:81)
	at com.kms.katalon.core.keyword.builtin.CallTestCaseKeyword.execute(CallTestCaseKeyword.groovy:44)
	at com.kms.katalon.core.keyword.internal.KeywordExecutor.executeKeywordForPlatform(KeywordExecutor.groovy:74)
	at com.kms.katalon.core.keyword.BuiltinKeywords.callTestCase(BuiltinKeywords.groovy:334)
	at 1.1.8-Mantenimiento de Vacaciones Reliquidar.run(1.1.8-Mantenimiento de Vacaciones Reliquidar:41)
	at com.kms.katalon.core.main.ScriptEngine.run(ScriptEngine.java:194)
	at com.kms.katalon.core.main.ScriptEngine.runScriptAsRawText(ScriptEngine.java:119)
	at com.kms.katalon.core.main.TestCaseExecutor.runScript(TestCaseExecutor.java:445)
	at com.kms.katalon.core.main.TestCaseExecutor.doExecute(TestCaseExecutor.java:436)
	at com.kms.katalon.core.main.TestCaseExecutor.processExecutionPhase(TestCaseExecutor.java:415)
	at com.kms.katalon.core.main.TestCaseExecutor.accessMainPhase(TestCaseExecutor.java:407)
	at com.kms.katalon.core.main.TestCaseExecutor.execute(TestCaseExecutor.java:284)
	at com.kms.katalon.core.main.TestCaseMain.runTestCase(TestCaseMain.java:142)
	at com.kms.katalon.core.keyword.builtin.CallTestCaseKeyword$_callTestCase_closure1.doCall(CallTestCaseKeyword.groovy:59)
	... 20 more
Caused by: com.kms.katalon.core.exception.StepFailedException: Call Test Case 'Test Cases/1.1-Tareas Principales/1.1.6-crear vacaciones' failed
	at com.kms.katalon.core.keyword.builtin.CallTestCaseKeyword$_callTestCase_closure1.doCall(CallTestCaseKeyword.groovy:63)
	at com.kms.katalon.core.keyword.builtin.CallTestCaseKeyword$_callTestCase_closure1.call(CallTestCaseKeyword.groovy)
	at com.kms.katalon.core.keyword.internal.KeywordMain.runKeyword(KeywordMain.groovy:74)
	at com.kms.katalon.core.keyword.builtin.CallTestCaseKeyword.callTestCase(CallTestCaseKeyword.groovy:81)
	at com.kms.katalon.core.keyword.builtin.CallTestCaseKeyword.execute(CallTestCaseKeyword.groovy:44)
	at com.kms.katalon.core.keyword.internal.KeywordExecutor.executeKeywordForPlatform(KeywordExecutor.groovy:74)
	at com.kms.katalon.core.keyword.BuiltinKeywords.callTestCase(BuiltinKeywords.groovy:334)
	at 1.1.7-Generar Vacaciones.run(1.1.7-Generar Vacaciones:19)
	at com.kms.katalon.core.main.ScriptEngine.run(ScriptEngine.java:194)
	at com.kms.katalon.core.main.ScriptEngine.runScriptAsRawText(ScriptEngine.java:119)
	at com.kms.katalon.core.main.TestCaseExecutor.runScript(TestCaseExecutor.java:445)
	at com.kms.katalon.core.main.TestCaseExecutor.doExecute(TestCaseExecutor.java:436)
	at com.kms.katalon.core.main.TestCaseExecutor.processExecutionPhase(TestCaseExecutor.java:415)
	at com.kms.katalon.core.main.TestCaseExecutor.accessMainPhase(TestCaseExecutor.java:407)
	at com.kms.katalon.core.main.TestCaseExecutor.execute(TestCaseExecutor.java:284)
	at com.kms.katalon.core.main.TestCaseMain.runTestCase(TestCaseMain.java:142)
	at com.kms.katalon.core.keyword.builtin.CallTestCaseKeyword$_callTestCase_closure1.doCall(CallTestCaseKeyword.groovy:59)
	... 36 more
Caused by: com.kms.katalon.core.exception.StepFailedException: Unable to click on object 'Object Repository/1-OBJECTS TAREAS PRINCIPALES/Modulo Tarea Compensacion/Dias con Permisos Pasivos Permitidos/a_Guardar_solicitudes'
	at com.kms.katalon.core.webui.keyword.internal.WebUIKeywordMain.stepFailed(WebUIKeywordMain.groovy:64)
	at com.kms.katalon.core.webui.keyword.internal.WebUIKeywordMain.runKeyword(WebUIKeywordMain.groovy:26)
	at com.kms.katalon.core.webui.keyword.builtin.ClickKeyword.click(ClickKeyword.groovy:74)
	at com.kms.katalon.core.webui.keyword.builtin.ClickKeyword.execute(ClickKeyword.groovy:40)
	at com.kms.katalon.core.keyword.internal.KeywordExecutor.executeKeywordForPlatform(KeywordExecutor.groovy:74)
	at com.kms.katalon.core.webui.keyword.WebUiBuiltInKeywords.click(WebUiBuiltInKeywords.groovy:620)
	at com.kms.katalon.core.webui.keyword.WebUiBuiltInKeywords$click$5.call(Unknown Source)
	at 1.1.6-crear vacaciones.run(1.1.6-crear vacaciones:177)
	at com.kms.katalon.core.main.ScriptEngine.run(ScriptEngine.java:194)
	at com.kms.katalon.core.main.ScriptEngine.runScriptAsRawText(ScriptEngine.java:119)
	at com.kms.katalon.core.main.TestCaseExecutor.runScript(TestCaseExecutor.java:445)
	at com.kms.katalon.core.main.TestCaseExecutor.doExecute(TestCaseExecutor.java:436)
	at com.kms.katalon.core.main.TestCaseExecutor.processExecutionPhase(TestCaseExecutor.java:415)
	at com.kms.katalon.core.main.TestCaseExecutor.accessMainPhase(TestCaseExecutor.java:407)
	at com.kms.katalon.core.main.TestCaseExecutor.execute(TestCaseExecutor.java:284)
	at com.kms.katalon.core.main.TestCaseMain.runTestCase(TestCaseMain.java:142)
	at com.kms.katalon.core.keyword.builtin.CallTestCaseKeyword$_callTestCase_closure1.doCall(CallTestCaseKeyword.groovy:59)
	... 52 more
Caused by: com.kms.katalon.core.webui.exception.WebElementNotFoundException: Web element with id: 'Object Repository/1-OBJECTS TAREAS PRINCIPALES/Modulo Tarea Compensacion/Dias con Permisos Pasivos Permitidos/a_Guardar_solicitudes' located by '//*/text()[normalize-space(.)='Guardar Legalizar']/parent::*' not found
	at com.kms.katalon.core.webui.common.WebUiCommonHelper.findWebElement(WebUiCommonHelper.java:1370)
	at com.kms.katalon.core.webui.keyword.internal.WebUIAbstractKeyword.findWebElement(WebUIAbstractKeyword.groovy:27)
	at com.kms.katalon.core.webui.keyword.builtin.ClickKeyword$_click_closure1.doCall(ClickKeyword.groovy:65)
	at com.kms.katalon.core.webui.keyword.builtin.ClickKeyword$_click_closure1.call(ClickKeyword.groovy)
	at com.kms.katalon.core.webui.keyword.internal.WebUIKeywordMain.runKeyword(WebUIKeywordMain.groovy:20)
	... 67 more


2022-06-10 08:40:11 - [TEST_STEP][FAILED] - callTestCase(findTestCase("1.1-Tareas Principales/1.1.8-Mantenimiento de Vacaciones Reliquidar"), [:], STOP_ON_FAILURE): Unable to call Test Case 'Test Cases/1.1-Tareas Principales/1.1.8-Mantenimiento de Vacaciones Reliquidar' (Root cause: com.kms.katalon.core.exception.StepFailedException: Call Test Case 'Test Cases/1.1-Tareas Principales/1.1.8-Mantenimiento de Vacaciones Reliquidar' failed
	at com.kms.katalon.core.keyword.builtin.CallTestCaseKeyword$_callTestCase_closure1.doCall(CallTestCaseKeyword.groovy:63)
	at com.kms.katalon.core.keyword.builtin.CallTestCaseKeyword$_callTestCase_closure1.call(CallTestCaseKeyword.groovy)
	at com.kms.katalon.core.keyword.internal.KeywordMain.runKeyword(KeywordMain.groovy:74)
	at com.kms.katalon.core.keyword.builtin.CallTestCaseKeyword.callTestCase(CallTestCaseKeyword.groovy:81)
	at com.kms.katalon.core.keyword.builtin.CallTestCaseKeyword.execute(CallTestCaseKeyword.groovy:44)
	at com.kms.katalon.core.keyword.internal.KeywordExecutor.executeKeywordForPlatform(KeywordExecutor.groovy:74)
	at com.kms.katalon.core.keyword.BuiltinKeywords.callTestCase(BuiltinKeywords.groovy:334)
	at 1.2.1-Reversar Vacaciones.run(1.2.1-Reversar Vacaciones:18)
	at com.kms.katalon.core.main.ScriptEngine.run(ScriptEngine.java:194)
	at com.kms.katalon.core.main.ScriptEngine.runScriptAsRawText(ScriptEngine.java:119)
	at com.kms.katalon.core.main.TestCaseExecutor.runScript(TestCaseExecutor.java:445)
	at com.kms.katalon.core.main.TestCaseExecutor.doExecute(TestCaseExecutor.java:436)
	at com.kms.katalon.core.main.TestCaseExecutor.processExecutionPhase(TestCaseExecutor.java:415)
	at com.kms.katalon.core.main.TestCaseExecutor.accessMainPhase(TestCaseExecutor.java:407)
	at com.kms.katalon.core.main.TestCaseExecutor.execute(TestCaseExecutor.java:284)
	at com.kms.katalon.core.common.CommonExecutor.accessTestCaseMainPhase(CommonExecutor.java:65)
	at com.kms.katalon.core.main.TestSuiteExecutor.accessTestSuiteMainPhase(TestSuiteExecutor.java:144)
	at com.kms.katalon.core.main.TestSuiteExecutor.execute(TestSuiteExecutor.java:106)
	at com.kms.katalon.core.main.TestCaseMain.startTestSuite(TestCaseMain.java:185)
	at com.kms.katalon.core.main.TestCaseMain$startTestSuite$0.call(Unknown Source)
	at TempTestSuite1654867643956.run(TempTestSuite1654867643956.groovy:36)
Caused by: com.kms.katalon.core.exception.StepFailedException: Call Test Case 'Test Cases/1.1-Tareas Principales/1.1.7-Generar Vacaciones' failed
	at com.kms.katalon.core.keyword.builtin.CallTestCaseKeyword$_callTestCase_closure1.doCall(CallTestCaseKeyword.groovy:63)
	at com.kms.katalon.core.keyword.builtin.CallTestCaseKeyword$_callTestCase_closure1.call(CallTestCaseKeyword.groovy)
	at com.kms.katalon.core.keyword.internal.KeywordMain.runKeyword(KeywordMain.groovy:74)
	at com.kms.katalon.core.keyword.builtin.CallTestCaseKeyword.callTestCase(CallTestCaseKeyword.groovy:81)
	at com.kms.katalon.core.keyword.builtin.CallTestCaseKeyword.execute(CallTestCaseKeyword.groovy:44)
	at com.kms.katalon.core.keyword.internal.KeywordExecutor.executeKeywordForPlatform(KeywordExecutor.groovy:74)
	at com.kms.katalon.core.keyword.BuiltinKeywords.callTestCase(BuiltinKeywords.groovy:334)
	at 1.1.8-Mantenimiento de Vacaciones Reliquidar.run(1.1.8-Mantenimiento de Vacaciones Reliquidar:41)
	at com.kms.katalon.core.main.ScriptEngine.run(ScriptEngine.java:194)
	at com.kms.katalon.core.main.ScriptEngine.runScriptAsRawText(ScriptEngine.java:119)
	at com.kms.katalon.core.main.TestCaseExecutor.runScript(TestCaseExecutor.java:445)
	at com.kms.katalon.core.main.TestCaseExecutor.doExecute(TestCaseExecutor.java:436)
	at com.kms.katalon.core.main.TestCaseExecutor.processExecutionPhase(TestCaseExecutor.java:415)
	at com.kms.katalon.core.main.TestCaseExecutor.accessMainPhase(TestCaseExecutor.java:407)
	at com.kms.katalon.core.main.TestCaseExecutor.execute(TestCaseExecutor.java:284)
	at com.kms.katalon.core.main.TestCaseMain.runTestCase(TestCaseMain.java:142)
	at com.kms.katalon.core.keyword.builtin.CallTestCaseKeyword$_callTestCase_closure1.doCall(CallTestCaseKeyword.groovy:59)
	... 20 more
Caused by: com.kms.katalon.core.exception.StepFailedException: Call Test Case 'Test Cases/1.1-Tareas Principales/1.1.6-crear vacaciones' failed
	at com.kms.katalon.core.keyword.builtin.CallTestCaseKeyword$_callTestCase_closure1.doCall(CallTestCaseKeyword.groovy:63)
	at com.kms.katalon.core.keyword.builtin.CallTestCaseKeyword$_callTestCase_closure1.call(CallTestCaseKeyword.groovy)
	at com.kms.katalon.core.keyword.internal.KeywordMain.runKeyword(KeywordMain.groovy:74)
	at com.kms.katalon.core.keyword.builtin.CallTestCaseKeyword.callTestCase(CallTestCaseKeyword.groovy:81)
	at com.kms.katalon.core.keyword.builtin.CallTestCaseKeyword.execute(CallTestCaseKeyword.groovy:44)
	at com.kms.katalon.core.keyword.internal.KeywordExecutor.executeKeywordForPlatform(KeywordExecutor.groovy:74)
	at com.kms.katalon.core.keyword.BuiltinKeywords.callTestCase(BuiltinKeywords.groovy:334)
	at 1.1.7-Generar Vacaciones.run(1.1.7-Generar Vacaciones:19)
	at com.kms.katalon.core.main.ScriptEngine.run(ScriptEngine.java:194)
	at com.kms.katalon.core.main.ScriptEngine.runScriptAsRawText(ScriptEngine.java:119)
	at com.kms.katalon.core.main.TestCaseExecutor.runScript(TestCaseExecutor.java:445)
	at com.kms.katalon.core.main.TestCaseExecutor.doExecute(TestCaseExecutor.java:436)
	at com.kms.katalon.core.main.TestCaseExecutor.processExecutionPhase(TestCaseExecutor.java:415)
	at com.kms.katalon.core.main.TestCaseExecutor.accessMainPhase(TestCaseExecutor.java:407)
	at com.kms.katalon.core.main.TestCaseExecutor.execute(TestCaseExecutor.java:284)
	at com.kms.katalon.core.main.TestCaseMain.runTestCase(TestCaseMain.java:142)
	at com.kms.katalon.core.keyword.builtin.CallTestCaseKeyword$_callTestCase_closure1.doCall(CallTestCaseKeyword.groovy:59)
	... 36 more
Caused by: com.kms.katalon.core.exception.StepFailedException: Unable to click on object 'Object Repository/1-OBJECTS TAREAS PRINCIPALES/Modulo Tarea Compensacion/Dias con Permisos Pasivos Permitidos/a_Guardar_solicitudes'
	at com.kms.katalon.core.webui.keyword.internal.WebUIKeywordMain.stepFailed(WebUIKeywordMain.groovy:64)
	at com.kms.katalon.core.webui.keyword.internal.WebUIKeywordMain.runKeyword(WebUIKeywordMain.groovy:26)
	at com.kms.katalon.core.webui.keyword.builtin.ClickKeyword.click(ClickKeyword.groovy:74)
	at com.kms.katalon.core.webui.keyword.builtin.ClickKeyword.execute(ClickKeyword.groovy:40)
	at com.kms.katalon.core.keyword.internal.KeywordExecutor.executeKeywordForPlatform(KeywordExecutor.groovy:74)
	at com.kms.katalon.core.webui.keyword.WebUiBuiltInKeywords.click(WebUiBuiltInKeywords.groovy:620)
	at com.kms.katalon.core.webui.keyword.WebUiBuiltInKeywords$click$5.call(Unknown Source)
	at 1.1.6-crear vacaciones.run(1.1.6-crear vacaciones:177)
	at com.kms.katalon.core.main.ScriptEngine.run(ScriptEngine.java:194)
	at com.kms.katalon.core.main.ScriptEngine.runScriptAsRawText(ScriptEngine.java:119)
	at com.kms.katalon.core.main.TestCaseExecutor.runScript(TestCaseExecutor.java:445)
	at com.kms.katalon.core.main.TestCaseExecutor.doExecute(TestCaseExecutor.java:436)
	at com.kms.katalon.core.main.TestCaseExecutor.processExecutionPhase(TestCaseExecutor.java:415)
	at com.kms.katalon.core.main.TestCaseExecutor.accessMainPhase(TestCaseExecutor.java:407)
	at com.kms.katalon.core.main.TestCaseExecutor.execute(TestCaseExecutor.java:284)
	at com.kms.katalon.core.main.TestCaseMain.runTestCase(TestCaseMain.java:142)
	at com.kms.katalon.core.keyword.builtin.CallTestCaseKeyword$_callTestCase_closure1.doCall(CallTestCaseKeyword.groovy:59)
	... 52 more
Caused by: com.kms.katalon.core.webui.exception.WebElementNotFoundException: Web element with id: 'Object Repository/1-OBJECTS TAREAS PRINCIPALES/Modulo Tarea Compensacion/Dias con Permisos Pasivos Permitidos/a_Guardar_solicitudes' located by '//*/text()[normalize-space(.)='Guardar Legalizar']/parent::*' not found
	at com.kms.katalon.core.webui.common.WebUiCommonHelper.findWebElement(WebUiCommonHelper.java:1370)
	at com.kms.katalon.core.webui.keyword.internal.WebUIAbstractKeyword.findWebElement(WebUIAbstractKeyword.groovy:27)
	at com.kms.katalon.core.webui.keyword.builtin.ClickKeyword$_click_closure1.doCall(ClickKeyword.groovy:65)
	at com.kms.katalon.core.webui.keyword.builtin.ClickKeyword$_click_closure1.call(ClickKeyword.groovy)
	at com.kms.katalon.core.webui.keyword.internal.WebUIKeywordMain.runKeyword(WebUIKeywordMain.groovy:20)
	... 67 more
)

2022-06-10 08:40:11 - [TEST_CASE][FAILED] - Test Cases/1.1-Tareas Principales/1.1.8-Mantenimiento de Vacaciones Reliquidar: Test Cases/1.1-Tareas Principales/1.1.8-Mantenimiento de Vacaciones Reliquidar FAILED.
Reason:
com.kms.katalon.core.exception.StepFailedException: Call Test Case 'Test Cases/1.1-Tareas Principales/1.1.7-Generar Vacaciones' failed
	at com.kms.katalon.core.keyword.builtin.CallTestCaseKeyword$_callTestCase_closure1.doCall(CallTestCaseKeyword.groovy:63)
	at com.kms.katalon.core.keyword.builtin.CallTestCaseKeyword$_callTestCase_closure1.call(CallTestCaseKeyword.groovy)
	at com.kms.katalon.core.keyword.internal.KeywordMain.runKeyword(KeywordMain.groovy:74)
	at com.kms.katalon.core.keyword.builtin.CallTestCaseKeyword.callTestCase(CallTestCaseKeyword.groovy:81)
	at com.kms.katalon.core.keyword.builtin.CallTestCaseKeyword.execute(CallTestCaseKeyword.groovy:44)
	at com.kms.katalon.core.keyword.internal.KeywordExecutor.executeKeywordForPlatform(KeywordExecutor.groovy:74)
	at com.kms.katalon.core.keyword.BuiltinKeywords.callTestCase(BuiltinKeywords.groovy:334)
	at 1.1.8-Mantenimiento de Vacaciones Reliquidar.run(1.1.8-Mantenimiento de Vacaciones Reliquidar:41)
	at com.kms.katalon.core.main.ScriptEngine.run(ScriptEngine.java:194)
	at com.kms.katalon.core.main.ScriptEngine.runScriptAsRawText(ScriptEngine.java:119)
	at com.kms.katalon.core.main.TestCaseExecutor.runScript(TestCaseExecutor.java:445)
	at com.kms.katalon.core.main.TestCaseExecutor.doExecute(TestCaseExecutor.java:436)
	at com.kms.katalon.core.main.TestCaseExecutor.processExecutionPhase(TestCaseExecutor.java:415)
	at com.kms.katalon.core.main.TestCaseExecutor.accessMainPhase(TestCaseExecutor.java:407)
	at com.kms.katalon.core.main.TestCaseExecutor.execute(TestCaseExecutor.java:284)
	at com.kms.katalon.core.main.TestCaseMain.runTestCase(TestCaseMain.java:142)
	at com.kms.katalon.core.keyword.builtin.CallTestCaseKeyword$_callTestCase_closure1.doCall(CallTestCaseKeyword.groovy:59)
	at com.kms.katalon.core.keyword.builtin.CallTestCaseKeyword$_callTestCase_closure1.call(CallTestCaseKeyword.groovy)
	at com.kms.katalon.core.keyword.internal.KeywordMain.runKeyword(KeywordMain.groovy:74)
	at com.kms.katalon.core.keyword.builtin.CallTestCaseKeyword.callTestCase(CallTestCaseKeyword.groovy:81)
	at com.kms.katalon.core.keyword.builtin.CallTestCaseKeyword.execute(CallTestCaseKeyword.groovy:44)
	at com.kms.katalon.core.keyword.internal.KeywordExecutor.executeKeywordForPlatform(KeywordExecutor.groovy:74)
	at com.kms.katalon.core.keyword.BuiltinKeywords.callTestCase(BuiltinKeywords.groovy:334)
	at 1.2.1-Reversar Vacaciones.run(1.2.1-Reversar Vacaciones:18)
	at com.kms.katalon.core.main.ScriptEngine.run(ScriptEngine.java:194)
	at com.kms.katalon.core.main.ScriptEngine.runScriptAsRawText(ScriptEngine.java:119)
	at com.kms.katalon.core.main.TestCaseExecutor.runScript(TestCaseExecutor.java:445)
	at com.kms.katalon.core.main.TestCaseExecutor.doExecute(TestCaseExecutor.java:436)
	at com.kms.katalon.core.main.TestCaseExecutor.processExecutionPhase(TestCaseExecutor.java:415)
	at com.kms.katalon.core.main.TestCaseExecutor.accessMainPhase(TestCaseExecutor.java:407)
	at com.kms.katalon.core.main.TestCaseExecutor.execute(TestCaseExecutor.java:284)
	at com.kms.katalon.core.common.CommonExecutor.accessTestCaseMainPhase(CommonExecutor.java:65)
	at com.kms.katalon.core.main.TestSuiteExecutor.accessTestSuiteMainPhase(TestSuiteExecutor.java:144)
	at com.kms.katalon.core.main.TestSuiteExecutor.execute(TestSuiteExecutor.java:106)
	at com.kms.katalon.core.main.TestCaseMain.startTestSuite(TestCaseMain.java:185)
	at com.kms.katalon.core.main.TestCaseMain$startTestSuite$0.call(Unknown Source)
	at TempTestSuite1654867643956.run(TempTestSuite1654867643956.groovy:36)
Caused by: com.kms.katalon.core.exception.StepFailedException: Call Test Case 'Test Cases/1.1-Tareas Principales/1.1.6-crear vacaciones' failed
	at com.kms.katalon.core.keyword.builtin.CallTestCaseKeyword$_callTestCase_closure1.doCall(CallTestCaseKeyword.groovy:63)
	at com.kms.katalon.core.keyword.builtin.CallTestCaseKeyword$_callTestCase_closure1.call(CallTestCaseKeyword.groovy)
	at com.kms.katalon.core.keyword.internal.KeywordMain.runKeyword(KeywordMain.groovy:74)
	at com.kms.katalon.core.keyword.builtin.CallTestCaseKeyword.callTestCase(CallTestCaseKeyword.groovy:81)
	at com.kms.katalon.core.keyword.builtin.CallTestCaseKeyword.execute(CallTestCaseKeyword.groovy:44)
	at com.kms.katalon.core.keyword.internal.KeywordExecutor.executeKeywordForPlatform(KeywordExecutor.groovy:74)
	at com.kms.katalon.core.keyword.BuiltinKeywords.callTestCase(BuiltinKeywords.groovy:334)
	at 1.1.7-Generar Vacaciones.run(1.1.7-Generar Vacaciones:19)
	at com.kms.katalon.core.main.ScriptEngine.run(ScriptEngine.java:194)
	at com.kms.katalon.core.main.ScriptEngine.runScriptAsRawText(ScriptEngine.java:119)
	at com.kms.katalon.core.main.TestCaseExecutor.runScript(TestCaseExecutor.java:445)
	at com.kms.katalon.core.main.TestCaseExecutor.doExecute(TestCaseExecutor.java:436)
	at com.kms.katalon.core.main.TestCaseExecutor.processExecutionPhase(TestCaseExecutor.java:415)
	at com.kms.katalon.core.main.TestCaseExecutor.accessMainPhase(TestCaseExecutor.java:407)
	at com.kms.katalon.core.main.TestCaseExecutor.execute(TestCaseExecutor.java:284)
	at com.kms.katalon.core.main.TestCaseMain.runTestCase(TestCaseMain.java:142)
	at com.kms.katalon.core.keyword.builtin.CallTestCaseKeyword$_callTestCase_closure1.doCall(CallTestCaseKeyword.groovy:59)
	... 36 more
Caused by: com.kms.katalon.core.exception.StepFailedException: Unable to click on object 'Object Repository/1-OBJECTS TAREAS PRINCIPALES/Modulo Tarea Compensacion/Dias con Permisos Pasivos Permitidos/a_Guardar_solicitudes'
	at com.kms.katalon.core.webui.keyword.internal.WebUIKeywordMain.stepFailed(WebUIKeywordMain.groovy:64)
	at com.kms.katalon.core.webui.keyword.internal.WebUIKeywordMain.runKeyword(WebUIKeywordMain.groovy:26)
	at com.kms.katalon.core.webui.keyword.builtin.ClickKeyword.click(ClickKeyword.groovy:74)
	at com.kms.katalon.core.webui.keyword.builtin.ClickKeyword.execute(ClickKeyword.groovy:40)
	at com.kms.katalon.core.keyword.internal.KeywordExecutor.executeKeywordForPlatform(KeywordExecutor.groovy:74)
	at com.kms.katalon.core.webui.keyword.WebUiBuiltInKeywords.click(WebUiBuiltInKeywords.groovy:620)
	at com.kms.katalon.core.webui.keyword.WebUiBuiltInKeywords$click$5.call(Unknown Source)
	at 1.1.6-crear vacaciones.run(1.1.6-crear vacaciones:177)
	at com.kms.katalon.core.main.ScriptEngine.run(ScriptEngine.java:194)
	at com.kms.katalon.core.main.ScriptEngine.runScriptAsRawText(ScriptEngine.java:119)
	at com.kms.katalon.core.main.TestCaseExecutor.runScript(TestCaseExecutor.java:445)
	at com.kms.katalon.core.main.TestCaseExecutor.doExecute(TestCaseExecutor.java:436)
	at com.kms.katalon.core.main.TestCaseExecutor.processExecutionPhase(TestCaseExecutor.java:415)
	at com.kms.katalon.core.main.TestCaseExecutor.accessMainPhase(TestCaseExecutor.java:407)
	at com.kms.katalon.core.main.TestCaseExecutor.execute(TestCaseExecutor.java:284)
	at com.kms.katalon.core.main.TestCaseMain.runTestCase(TestCaseMain.java:142)
	at com.kms.katalon.core.keyword.builtin.CallTestCaseKeyword$_callTestCase_closure1.doCall(CallTestCaseKeyword.groovy:59)
	... 52 more
Caused by: com.kms.katalon.core.webui.exception.WebElementNotFoundException: Web element with id: 'Object Repository/1-OBJECTS TAREAS PRINCIPALES/Modulo Tarea Compensacion/Dias con Permisos Pasivos Permitidos/a_Guardar_solicitudes' located by '//*/text()[normalize-space(.)='Guardar Legalizar']/parent::*' not found
	at com.kms.katalon.core.webui.common.WebUiCommonHelper.findWebElement(WebUiCommonHelper.java:1370)
	at com.kms.katalon.core.webui.keyword.internal.WebUIAbstractKeyword.findWebElement(WebUIAbstractKeyword.groovy:27)
	at com.kms.katalon.core.webui.keyword.builtin.ClickKeyword$_click_closure1.doCall(ClickKeyword.groovy:65)
	at com.kms.katalon.core.webui.keyword.builtin.ClickKeyword$_click_closure1.call(ClickKeyword.groovy)
	at com.kms.katalon.core.webui.keyword.internal.WebUIKeywordMain.runKeyword(WebUIKeywordMain.groovy:20)
	... 67 more


2022-06-10 08:40:11 - [TEST_STEP][PASSED] - callTestCase(findTestCase("0.1-Login"), [:], STOP_ON_FAILURE): Call Test Case 'Test Cases/0.1-Login' successfully

2022-06-10 08:40:11 - [TEST_CASE][PASSED] - Test Cases/0.1-Login: Test Cases/0.1-Login

2022-06-10 08:40:11 - [TEST_STEP][PASSED] - openBrowser(""): Browser is opened with url: ''

2022-06-10 08:40:11 - [MESSAGE][WARNING] - A browser is already opened. Closing browser and opening a new one

2022-06-10 08:40:12 - [MESSAGE][INFO] - Starting 'Chrome' driver

2022-06-10 08:40:12 - [MESSAGE][INFO] - Action delay is set to 0 milliseconds

2022-06-10 08:40:13 - [MESSAGE][PASSED] - Browser is opened with url: ''

2022-06-10 08:40:13 - [TEST_STEP][PASSED] - maximizeWindow(): Current window maximized

2022-06-10 08:40:13 - [MESSAGE][PASSED] - Current window maximized

2022-06-10 08:40:13 - [TEST_STEP][PASSED] - i = G_Login: null

2022-06-10 08:40:13 - [TEST_STEP][PASSED] - url = new java.net.URL(i): null

2022-06-10 08:40:13 - [TEST_STEP][PASSED] - println("URL: " + url.toString()): null

2022-06-10 08:40:13 - [TEST_STEP][PASSED] - connection = url.openConnection(): null

2022-06-10 08:40:13 - [TEST_STEP][PASSED] - connection.setRequestMethod("GET"): null

2022-06-10 08:40:13 - [TEST_STEP][PASSED] - connection.setReadTimeout(2 * 1000): null

2022-06-10 08:40:13 - [TEST_STEP][PASSED] - try: null

2022-06-10 08:40:13 - [TEST_STEP][PASSED] - connection.connect(): null

2022-06-10 08:40:13 - [TEST_STEP][PASSED] - flag = connected: null

2022-06-10 08:40:13 - [TEST_STEP][PASSED] - println("Valor_ori: " + flag): null

2022-06-10 08:40:13 - [TEST_STEP][PASSED] - if (flag): null

2022-06-10 08:40:13 - [TEST_STEP][PASSED] - navigateToUrl(i): Navigate to 'http://192.168.2.19:8380/saraweb' successfully

2022-06-10 08:40:14 - [MESSAGE][PASSED] - Navigate to 'http://192.168.2.19:8380/saraweb' successfully

2022-06-10 08:40:14 - [TEST_STEP][PASSED] - a(): null

2022-06-10 08:40:14 - [TEST_STEP][PASSED] - setText(findTestObject("3-OBJECTS UTILIDADES/Login/input_USUARIO_loginusuario"), G_Usuario): Text 'saraadmin' is set on object 'Object Repository/3-OBJECTS UTILIDADES/Login/input_USUARIO_loginusuario'

2022-06-10 08:40:15 - [MESSAGE][PASSED] - Text 'saraadmin' is set on object 'Object Repository/3-OBJECTS UTILIDADES/Login/input_USUARIO_loginusuario'

2022-06-10 08:40:15 - [TEST_STEP][PASSED] - setEncryptedText(findTestObject("3-OBJECTS UTILIDADES/Login/input_CLAVE_loginpassword"), "MkG4/TYiCFC3cb2driP7+Q=="): Text ****** has been set on object 'Object Repository/3-OBJECTS UTILIDADES/Login/input_CLAVE_loginpassword'

2022-06-10 08:40:15 - [MESSAGE][PASSED] - Text ****** has been set on object 'Object Repository/3-OBJECTS UTILIDADES/Login/input_CLAVE_loginpassword'

2022-06-10 08:40:15 - [TEST_STEP][PASSED] - waitForElementClickable(findTestObject("3-OBJECTS UTILIDADES/Login/a_Ingresar"), G_TimeOut): Object 'Object Repository/3-OBJECTS UTILIDADES/Login/a_Ingresar' is clickable

2022-06-10 08:40:15 - [MESSAGE][PASSED] - Object 'Object Repository/3-OBJECTS UTILIDADES/Login/a_Ingresar' is clickable

2022-06-10 08:40:15 - [TEST_STEP][PASSED] - click(findTestObject("3-OBJECTS UTILIDADES/Login/a_Ingresar")): Object: 'Object Repository/3-OBJECTS UTILIDADES/Login/a_Ingresar' is clicked on

2022-06-10 08:40:17 - [MESSAGE][PASSED] - Object: 'Object Repository/3-OBJECTS UTILIDADES/Login/a_Ingresar' is clicked on

2022-06-10 08:40:17 - [TEST_STEP][PASSED] - element = findWebElement(findTestObject("3-OBJECTS UTILIDADES/Login/a_Ir"), 30): null

2022-06-10 08:40:17 - [TEST_STEP][PASSED] - executeJavaScript("arguments[0].click()", Arrays.asList(element)): Execute JavaScript 'arguments[0].click()' successfully

2022-06-10 08:40:17 - [MESSAGE][PASSED] - Execute JavaScript 'arguments[0].click()' successfully

2022-06-10 08:40:17 - [MESSAGE][PASSED] - Call Test Case 'Test Cases/0.1-Login' successfully

2022-06-10 08:40:17 - [TEST_STEP][PASSED] - waitForElementClickable(findTestObject("1-OBJECTS TAREAS PRINCIPALES/Modulo Tarea Compensacion/Periodo en Proceso - Archivo Plano/Mantenimiento de Vacaciones Reliquidar/input_Mantenimiento de Vacaciones_form_templatej_idt24_input"), 0): Object 'Object Repository/1-OBJECTS TAREAS PRINCIPALES/Modulo Tarea Compensacion/Periodo en Proceso - Archivo Plano/Mantenimiento de Vacaciones Reliquidar/input_Mantenimiento de Vacaciones_form_templatej_idt24_input' is clickable

2022-06-10 08:40:17 - [MESSAGE][WARNING] - Timeout '0' is invalid. Using default page load timeout: '37'

2022-06-10 08:40:18 - [MESSAGE][PASSED] - Object 'Object Repository/1-OBJECTS TAREAS PRINCIPALES/Modulo Tarea Compensacion/Periodo en Proceso - Archivo Plano/Mantenimiento de Vacaciones Reliquidar/input_Mantenimiento de Vacaciones_form_templatej_idt24_input' is clickable

2022-06-10 08:40:18 - [TEST_STEP][PASSED] - setText(findTestObject("1-OBJECTS TAREAS PRINCIPALES/Modulo Tarea Compensacion/Periodo en Proceso - Archivo Plano/Mantenimiento de Vacaciones Reliquidar/input_Mantenimiento de Vacaciones_form_templatej_idt24_input"), "Mantenimiento de Vacaciones"): Text 'Mantenimiento de Vacaciones' is set on object 'Object Repository/1-OBJECTS TAREAS PRINCIPALES/Modulo Tarea Compensacion/Periodo en Proceso - Archivo Plano/Mantenimiento de Vacaciones Reliquidar/input_Mantenimiento de Vacaciones_form_templatej_idt24_input'

2022-06-10 08:40:19 - [MESSAGE][PASSED] - Text 'Mantenimiento de Vacaciones' is set on object 'Object Repository/1-OBJECTS TAREAS PRINCIPALES/Modulo Tarea Compensacion/Periodo en Proceso - Archivo Plano/Mantenimiento de Vacaciones Reliquidar/input_Mantenimiento de Vacaciones_form_templatej_idt24_input'

2022-06-10 08:40:19 - [TEST_STEP][PASSED] - waitForElementVisible(findTestObject("1-OBJECTS TAREAS PRINCIPALES/Modulo Tarea Compensacion/Periodo en Proceso - Archivo Plano/Mantenimiento de Vacaciones Reliquidar/span_mantenimiento de vacaciones reliquidar"), 0): Object 'Object Repository/1-OBJECTS TAREAS PRINCIPALES/Modulo Tarea Compensacion/Periodo en Proceso - Archivo Plano/Mantenimiento de Vacaciones Reliquidar/span_mantenimiento de vacaciones reliquidar' is visible

2022-06-10 08:40:19 - [MESSAGE][WARNING] - Timeout '0' is invalid. Using default page load timeout: '37'

2022-06-10 08:40:20 - [MESSAGE][PASSED] - Object 'Object Repository/1-OBJECTS TAREAS PRINCIPALES/Modulo Tarea Compensacion/Periodo en Proceso - Archivo Plano/Mantenimiento de Vacaciones Reliquidar/span_mantenimiento de vacaciones reliquidar' is visible

2022-06-10 08:40:20 - [TEST_STEP][PASSED] - click(findTestObject("1-OBJECTS TAREAS PRINCIPALES/Modulo Tarea Compensacion/Periodo en Proceso - Archivo Plano/Mantenimiento de Vacaciones Reliquidar/span_mantenimiento de vacaciones reliquidar"), STOP_ON_FAILURE): Object: 'Object Repository/1-OBJECTS TAREAS PRINCIPALES/Modulo Tarea Compensacion/Periodo en Proceso - Archivo Plano/Mantenimiento de Vacaciones Reliquidar/span_mantenimiento de vacaciones reliquidar' is clicked on

2022-06-10 08:40:21 - [MESSAGE][PASSED] - Object: 'Object Repository/1-OBJECTS TAREAS PRINCIPALES/Modulo Tarea Compensacion/Periodo en Proceso - Archivo Plano/Mantenimiento de Vacaciones Reliquidar/span_mantenimiento de vacaciones reliquidar' is clicked on

2022-06-10 08:40:21 - [TEST_STEP][PASSED] - setText(findTestObject("1-OBJECTS TAREAS PRINCIPALES/Modulo Tarea Compensacion/Periodo en Proceso - Archivo Plano/Mantenimiento de Vacaciones Reliquidar/input_Identificacin_form_mantenimientoVacacionj_idt66"), "1234567890"): Text '1234567890' is set on object 'Object Repository/1-OBJECTS TAREAS PRINCIPALES/Modulo Tarea Compensacion/Periodo en Proceso - Archivo Plano/Mantenimiento de Vacaciones Reliquidar/input_Identificacin_form_mantenimientoVacacionj_idt66'

2022-06-10 08:40:22 - [MESSAGE][PASSED] - Text '1234567890' is set on object 'Object Repository/1-OBJECTS TAREAS PRINCIPALES/Modulo Tarea Compensacion/Periodo en Proceso - Archivo Plano/Mantenimiento de Vacaciones Reliquidar/input_Identificacin_form_mantenimientoVacacionj_idt66'

2022-06-10 08:40:22 - [TEST_STEP][PASSED] - sendKeys(findTestObject("Modulo Tarea Administracion Compensacion/Mantenimiento de Vacaciones Reliquidar/input_Identificacin_form_mante"), Keys.chord(ENTER)): Keys 'ENTER + ' sent to object: 'tempBody'

2022-06-10 08:40:22 - [MESSAGE][WARNING] - Test object with id 'Object Repository/Modulo Tarea Administracion Compensacion/Mantenimiento de Vacaciones Reliquidar/input_Identificacin_form_mante' does not exist

2022-06-10 08:40:22 - [MESSAGE][WARNING] - Test object with id 'Object Repository/' does not exist

2022-06-10 08:40:23 - [MESSAGE][PASSED] - Keys 'ENTER + ' sent to object: 'tempBody'

2022-06-10 08:40:23 - [TEST_STEP][PASSED] - if (waitForElementVisible(findTestObject("1-OBJECTS TAREAS PRINCIPALES/Modulo Tarea Compensacion/Periodo en Proceso - Archivo Plano/Mantenimiento de Vacaciones Reliquidar/td_No se encontr registros"), 1)): null

2022-06-10 08:40:23 - [MESSAGE][PASSED] - Object 'Object Repository/1-OBJECTS TAREAS PRINCIPALES/Modulo Tarea Compensacion/Periodo en Proceso - Archivo Plano/Mantenimiento de Vacaciones Reliquidar/td_No se encontr registros' is visible

2022-06-10 08:40:23 - [TEST_STEP][FAILED] - callTestCase(findTestCase("1.1-Tareas Principales/1.1.7-Generar Vacaciones"), [:], STOP_ON_FAILURE): Unable to call Test Case 'Test Cases/1.1-Tareas Principales/1.1.7-Generar Vacaciones' (Root cause: com.kms.katalon.core.exception.StepFailedException: Call Test Case 'Test Cases/1.1-Tareas Principales/1.1.7-Generar Vacaciones' failed
	at com.kms.katalon.core.keyword.builtin.CallTestCaseKeyword$_callTestCase_closure1.doCall(CallTestCaseKeyword.groovy:63)
	at com.kms.katalon.core.keyword.builtin.CallTestCaseKeyword$_callTestCase_closure1.call(CallTestCaseKeyword.groovy)
	at com.kms.katalon.core.keyword.internal.KeywordMain.runKeyword(KeywordMain.groovy:74)
	at com.kms.katalon.core.keyword.builtin.CallTestCaseKeyword.callTestCase(CallTestCaseKeyword.groovy:81)
	at com.kms.katalon.core.keyword.builtin.CallTestCaseKeyword.execute(CallTestCaseKeyword.groovy:44)
	at com.kms.katalon.core.keyword.internal.KeywordExecutor.executeKeywordForPlatform(KeywordExecutor.groovy:74)
	at com.kms.katalon.core.keyword.BuiltinKeywords.callTestCase(BuiltinKeywords.groovy:334)
	at 1.1.8-Mantenimiento de Vacaciones Reliquidar.run(1.1.8-Mantenimiento de Vacaciones Reliquidar:41)
	at com.kms.katalon.core.main.ScriptEngine.run(ScriptEngine.java:194)
	at com.kms.katalon.core.main.ScriptEngine.runScriptAsRawText(ScriptEngine.java:119)
	at com.kms.katalon.core.main.TestCaseExecutor.runScript(TestCaseExecutor.java:445)
	at com.kms.katalon.core.main.TestCaseExecutor.doExecute(TestCaseExecutor.java:436)
	at com.kms.katalon.core.main.TestCaseExecutor.processExecutionPhase(TestCaseExecutor.java:415)
	at com.kms.katalon.core.main.TestCaseExecutor.accessMainPhase(TestCaseExecutor.java:407)
	at com.kms.katalon.core.main.TestCaseExecutor.execute(TestCaseExecutor.java:284)
	at com.kms.katalon.core.main.TestCaseMain.runTestCase(TestCaseMain.java:142)
	at com.kms.katalon.core.keyword.builtin.CallTestCaseKeyword$_callTestCase_closure1.doCall(CallTestCaseKeyword.groovy:59)
	at com.kms.katalon.core.keyword.builtin.CallTestCaseKeyword$_callTestCase_closure1.call(CallTestCaseKeyword.groovy)
	at com.kms.katalon.core.keyword.internal.KeywordMain.runKeyword(KeywordMain.groovy:74)
	at com.kms.katalon.core.keyword.builtin.CallTestCaseKeyword.callTestCase(CallTestCaseKeyword.groovy:81)
	at com.kms.katalon.core.keyword.builtin.CallTestCaseKeyword.execute(CallTestCaseKeyword.groovy:44)
	at com.kms.katalon.core.keyword.internal.KeywordExecutor.executeKeywordForPlatform(KeywordExecutor.groovy:74)
	at com.kms.katalon.core.keyword.BuiltinKeywords.callTestCase(BuiltinKeywords.groovy:334)
	at 1.2.1-Reversar Vacaciones.run(1.2.1-Reversar Vacaciones:18)
	at com.kms.katalon.core.main.ScriptEngine.run(ScriptEngine.java:194)
	at com.kms.katalon.core.main.ScriptEngine.runScriptAsRawText(ScriptEngine.java:119)
	at com.kms.katalon.core.main.TestCaseExecutor.runScript(TestCaseExecutor.java:445)
	at com.kms.katalon.core.main.TestCaseExecutor.doExecute(TestCaseExecutor.java:436)
	at com.kms.katalon.core.main.TestCaseExecutor.processExecutionPhase(TestCaseExecutor.java:415)
	at com.kms.katalon.core.main.TestCaseExecutor.accessMainPhase(TestCaseExecutor.java:407)
	at com.kms.katalon.core.main.TestCaseExecutor.execute(TestCaseExecutor.java:284)
	at com.kms.katalon.core.common.CommonExecutor.accessTestCaseMainPhase(CommonExecutor.java:65)
	at com.kms.katalon.core.main.TestSuiteExecutor.accessTestSuiteMainPhase(TestSuiteExecutor.java:144)
	at com.kms.katalon.core.main.TestSuiteExecutor.execute(TestSuiteExecutor.java:106)
	at com.kms.katalon.core.main.TestCaseMain.startTestSuite(TestCaseMain.java:185)
	at com.kms.katalon.core.main.TestCaseMain$startTestSuite$0.call(Unknown Source)
	at TempTestSuite1654867643956.run(TempTestSuite1654867643956.groovy:36)
Caused by: com.kms.katalon.core.exception.StepFailedException: Call Test Case 'Test Cases/1.1-Tareas Principales/1.1.6-crear vacaciones' failed
	at com.kms.katalon.core.keyword.builtin.CallTestCaseKeyword$_callTestCase_closure1.doCall(CallTestCaseKeyword.groovy:63)
	at com.kms.katalon.core.keyword.builtin.CallTestCaseKeyword$_callTestCase_closure1.call(CallTestCaseKeyword.groovy)
	at com.kms.katalon.core.keyword.internal.KeywordMain.runKeyword(KeywordMain.groovy:74)
	at com.kms.katalon.core.keyword.builtin.CallTestCaseKeyword.callTestCase(CallTestCaseKeyword.groovy:81)
	at com.kms.katalon.core.keyword.builtin.CallTestCaseKeyword.execute(CallTestCaseKeyword.groovy:44)
	at com.kms.katalon.core.keyword.internal.KeywordExecutor.executeKeywordForPlatform(KeywordExecutor.groovy:74)
	at com.kms.katalon.core.keyword.BuiltinKeywords.callTestCase(BuiltinKeywords.groovy:334)
	at 1.1.7-Generar Vacaciones.run(1.1.7-Generar Vacaciones:19)
	at com.kms.katalon.core.main.ScriptEngine.run(ScriptEngine.java:194)
	at com.kms.katalon.core.main.ScriptEngine.runScriptAsRawText(ScriptEngine.java:119)
	at com.kms.katalon.core.main.TestCaseExecutor.runScript(TestCaseExecutor.java:445)
	at com.kms.katalon.core.main.TestCaseExecutor.doExecute(TestCaseExecutor.java:436)
	at com.kms.katalon.core.main.TestCaseExecutor.processExecutionPhase(TestCaseExecutor.java:415)
	at com.kms.katalon.core.main.TestCaseExecutor.accessMainPhase(TestCaseExecutor.java:407)
	at com.kms.katalon.core.main.TestCaseExecutor.execute(TestCaseExecutor.java:284)
	at com.kms.katalon.core.main.TestCaseMain.runTestCase(TestCaseMain.java:142)
	at com.kms.katalon.core.keyword.builtin.CallTestCaseKeyword$_callTestCase_closure1.doCall(CallTestCaseKeyword.groovy:59)
	... 36 more
Caused by: com.kms.katalon.core.exception.StepFailedException: Unable to click on object 'Object Repository/1-OBJECTS TAREAS PRINCIPALES/Modulo Tarea Compensacion/Dias con Permisos Pasivos Permitidos/a_Guardar_solicitudes'
	at com.kms.katalon.core.webui.keyword.internal.WebUIKeywordMain.stepFailed(WebUIKeywordMain.groovy:64)
	at com.kms.katalon.core.webui.keyword.internal.WebUIKeywordMain.runKeyword(WebUIKeywordMain.groovy:26)
	at com.kms.katalon.core.webui.keyword.builtin.ClickKeyword.click(ClickKeyword.groovy:74)
	at com.kms.katalon.core.webui.keyword.builtin.ClickKeyword.execute(ClickKeyword.groovy:40)
	at com.kms.katalon.core.keyword.internal.KeywordExecutor.executeKeywordForPlatform(KeywordExecutor.groovy:74)
	at com.kms.katalon.core.webui.keyword.WebUiBuiltInKeywords.click(WebUiBuiltInKeywords.groovy:620)
	at com.kms.katalon.core.webui.keyword.WebUiBuiltInKeywords$click$5.call(Unknown Source)
	at 1.1.6-crear vacaciones.run(1.1.6-crear vacaciones:177)
	at com.kms.katalon.core.main.ScriptEngine.run(ScriptEngine.java:194)
	at com.kms.katalon.core.main.ScriptEngine.runScriptAsRawText(ScriptEngine.java:119)
	at com.kms.katalon.core.main.TestCaseExecutor.runScript(TestCaseExecutor.java:445)
	at com.kms.katalon.core.main.TestCaseExecutor.doExecute(TestCaseExecutor.java:436)
	at com.kms.katalon.core.main.TestCaseExecutor.processExecutionPhase(TestCaseExecutor.java:415)
	at com.kms.katalon.core.main.TestCaseExecutor.accessMainPhase(TestCaseExecutor.java:407)
	at com.kms.katalon.core.main.TestCaseExecutor.execute(TestCaseExecutor.java:284)
	at com.kms.katalon.core.main.TestCaseMain.runTestCase(TestCaseMain.java:142)
	at com.kms.katalon.core.keyword.builtin.CallTestCaseKeyword$_callTestCase_closure1.doCall(CallTestCaseKeyword.groovy:59)
	... 52 more
Caused by: com.kms.katalon.core.webui.exception.WebElementNotFoundException: Web element with id: 'Object Repository/1-OBJECTS TAREAS PRINCIPALES/Modulo Tarea Compensacion/Dias con Permisos Pasivos Permitidos/a_Guardar_solicitudes' located by '//*/text()[normalize-space(.)='Guardar Legalizar']/parent::*' not found
	at com.kms.katalon.core.webui.common.WebUiCommonHelper.findWebElement(WebUiCommonHelper.java:1370)
	at com.kms.katalon.core.webui.keyword.internal.WebUIAbstractKeyword.findWebElement(WebUIAbstractKeyword.groovy:27)
	at com.kms.katalon.core.webui.keyword.builtin.ClickKeyword$_click_closure1.doCall(ClickKeyword.groovy:65)
	at com.kms.katalon.core.webui.keyword.builtin.ClickKeyword$_click_closure1.call(ClickKeyword.groovy)
	at com.kms.katalon.core.webui.keyword.internal.WebUIKeywordMain.runKeyword(WebUIKeywordMain.groovy:20)
	... 67 more
)

2022-06-10 08:40:23 - [TEST_CASE][FAILED] - Test Cases/1.1-Tareas Principales/1.1.7-Generar Vacaciones: Test Cases/1.1-Tareas Principales/1.1.7-Generar Vacaciones FAILED.
Reason:
com.kms.katalon.core.exception.StepFailedException: Call Test Case 'Test Cases/1.1-Tareas Principales/1.1.6-crear vacaciones' failed
	at com.kms.katalon.core.keyword.builtin.CallTestCaseKeyword$_callTestCase_closure1.doCall(CallTestCaseKeyword.groovy:63)
	at com.kms.katalon.core.keyword.builtin.CallTestCaseKeyword$_callTestCase_closure1.call(CallTestCaseKeyword.groovy)
	at com.kms.katalon.core.keyword.internal.KeywordMain.runKeyword(KeywordMain.groovy:74)
	at com.kms.katalon.core.keyword.builtin.CallTestCaseKeyword.callTestCase(CallTestCaseKeyword.groovy:81)
	at com.kms.katalon.core.keyword.builtin.CallTestCaseKeyword.execute(CallTestCaseKeyword.groovy:44)
	at com.kms.katalon.core.keyword.internal.KeywordExecutor.executeKeywordForPlatform(KeywordExecutor.groovy:74)
	at com.kms.katalon.core.keyword.BuiltinKeywords.callTestCase(BuiltinKeywords.groovy:334)
	at 1.1.7-Generar Vacaciones.run(1.1.7-Generar Vacaciones:19)
	at com.kms.katalon.core.main.ScriptEngine.run(ScriptEngine.java:194)
	at com.kms.katalon.core.main.ScriptEngine.runScriptAsRawText(ScriptEngine.java:119)
	at com.kms.katalon.core.main.TestCaseExecutor.runScript(TestCaseExecutor.java:445)
	at com.kms.katalon.core.main.TestCaseExecutor.doExecute(TestCaseExecutor.java:436)
	at com.kms.katalon.core.main.TestCaseExecutor.processExecutionPhase(TestCaseExecutor.java:415)
	at com.kms.katalon.core.main.TestCaseExecutor.accessMainPhase(TestCaseExecutor.java:407)
	at com.kms.katalon.core.main.TestCaseExecutor.execute(TestCaseExecutor.java:284)
	at com.kms.katalon.core.main.TestCaseMain.runTestCase(TestCaseMain.java:142)
	at com.kms.katalon.core.keyword.builtin.CallTestCaseKeyword$_callTestCase_closure1.doCall(CallTestCaseKeyword.groovy:59)
	at com.kms.katalon.core.keyword.builtin.CallTestCaseKeyword$_callTestCase_closure1.call(CallTestCaseKeyword.groovy)
	at com.kms.katalon.core.keyword.internal.KeywordMain.runKeyword(KeywordMain.groovy:74)
	at com.kms.katalon.core.keyword.builtin.CallTestCaseKeyword.callTestCase(CallTestCaseKeyword.groovy:81)
	at com.kms.katalon.core.keyword.builtin.CallTestCaseKeyword.execute(CallTestCaseKeyword.groovy:44)
	at com.kms.katalon.core.keyword.internal.KeywordExecutor.executeKeywordForPlatform(KeywordExecutor.groovy:74)
	at com.kms.katalon.core.keyword.BuiltinKeywords.callTestCase(BuiltinKeywords.groovy:334)
	at 1.1.8-Mantenimiento de Vacaciones Reliquidar.run(1.1.8-Mantenimiento de Vacaciones Reliquidar:41)
	at com.kms.katalon.core.main.ScriptEngine.run(ScriptEngine.java:194)
	at com.kms.katalon.core.main.ScriptEngine.runScriptAsRawText(ScriptEngine.java:119)
	at com.kms.katalon.core.main.TestCaseExecutor.runScript(TestCaseExecutor.java:445)
	at com.kms.katalon.core.main.TestCaseExecutor.doExecute(TestCaseExecutor.java:436)
	at com.kms.katalon.core.main.TestCaseExecutor.processExecutionPhase(TestCaseExecutor.java:415)
	at com.kms.katalon.core.main.TestCaseExecutor.accessMainPhase(TestCaseExecutor.java:407)
	at com.kms.katalon.core.main.TestCaseExecutor.execute(TestCaseExecutor.java:284)
	at com.kms.katalon.core.main.TestCaseMain.runTestCase(TestCaseMain.java:142)
	at com.kms.katalon.core.keyword.builtin.CallTestCaseKeyword$_callTestCase_closure1.doCall(CallTestCaseKeyword.groovy:59)
	at com.kms.katalon.core.keyword.builtin.CallTestCaseKeyword$_callTestCase_closure1.call(CallTestCaseKeyword.groovy)
	at com.kms.katalon.core.keyword.internal.KeywordMain.runKeyword(KeywordMain.groovy:74)
	at com.kms.katalon.core.keyword.builtin.CallTestCaseKeyword.callTestCase(CallTestCaseKeyword.groovy:81)
	at com.kms.katalon.core.keyword.builtin.CallTestCaseKeyword.execute(CallTestCaseKeyword.groovy:44)
	at com.kms.katalon.core.keyword.internal.KeywordExecutor.executeKeywordForPlatform(KeywordExecutor.groovy:74)
	at com.kms.katalon.core.keyword.BuiltinKeywords.callTestCase(BuiltinKeywords.groovy:334)
	at 1.2.1-Reversar Vacaciones.run(1.2.1-Reversar Vacaciones:18)
	at com.kms.katalon.core.main.ScriptEngine.run(ScriptEngine.java:194)
	at com.kms.katalon.core.main.ScriptEngine.runScriptAsRawText(ScriptEngine.java:119)
	at com.kms.katalon.core.main.TestCaseExecutor.runScript(TestCaseExecutor.java:445)
	at com.kms.katalon.core.main.TestCaseExecutor.doExecute(TestCaseExecutor.java:436)
	at com.kms.katalon.core.main.TestCaseExecutor.processExecutionPhase(TestCaseExecutor.java:415)
	at com.kms.katalon.core.main.TestCaseExecutor.accessMainPhase(TestCaseExecutor.java:407)
	at com.kms.katalon.core.main.TestCaseExecutor.execute(TestCaseExecutor.java:284)
	at com.kms.katalon.core.common.CommonExecutor.accessTestCaseMainPhase(CommonExecutor.java:65)
	at com.kms.katalon.core.main.TestSuiteExecutor.accessTestSuiteMainPhase(TestSuiteExecutor.java:144)
	at com.kms.katalon.core.main.TestSuiteExecutor.execute(TestSuiteExecutor.java:106)
	at com.kms.katalon.core.main.TestCaseMain.startTestSuite(TestCaseMain.java:185)
	at com.kms.katalon.core.main.TestCaseMain$startTestSuite$0.call(Unknown Source)
	at TempTestSuite1654867643956.run(TempTestSuite1654867643956.groovy:36)
Caused by: com.kms.katalon.core.exception.StepFailedException: Unable to click on object 'Object Repository/1-OBJECTS TAREAS PRINCIPALES/Modulo Tarea Compensacion/Dias con Permisos Pasivos Permitidos/a_Guardar_solicitudes'
	at com.kms.katalon.core.webui.keyword.internal.WebUIKeywordMain.stepFailed(WebUIKeywordMain.groovy:64)
	at com.kms.katalon.core.webui.keyword.internal.WebUIKeywordMain.runKeyword(WebUIKeywordMain.groovy:26)
	at com.kms.katalon.core.webui.keyword.builtin.ClickKeyword.click(ClickKeyword.groovy:74)
	at com.kms.katalon.core.webui.keyword.builtin.ClickKeyword.execute(ClickKeyword.groovy:40)
	at com.kms.katalon.core.keyword.internal.KeywordExecutor.executeKeywordForPlatform(KeywordExecutor.groovy:74)
	at com.kms.katalon.core.webui.keyword.WebUiBuiltInKeywords.click(WebUiBuiltInKeywords.groovy:620)
	at com.kms.katalon.core.webui.keyword.WebUiBuiltInKeywords$click$5.call(Unknown Source)
	at 1.1.6-crear vacaciones.run(1.1.6-crear vacaciones:177)
	at com.kms.katalon.core.main.ScriptEngine.run(ScriptEngine.java:194)
	at com.kms.katalon.core.main.ScriptEngine.runScriptAsRawText(ScriptEngine.java:119)
	at com.kms.katalon.core.main.TestCaseExecutor.runScript(TestCaseExecutor.java:445)
	at com.kms.katalon.core.main.TestCaseExecutor.doExecute(TestCaseExecutor.java:436)
	at com.kms.katalon.core.main.TestCaseExecutor.processExecutionPhase(TestCaseExecutor.java:415)
	at com.kms.katalon.core.main.TestCaseExecutor.accessMainPhase(TestCaseExecutor.java:407)
	at com.kms.katalon.core.main.TestCaseExecutor.execute(TestCaseExecutor.java:284)
	at com.kms.katalon.core.main.TestCaseMain.runTestCase(TestCaseMain.java:142)
	at com.kms.katalon.core.keyword.builtin.CallTestCaseKeyword$_callTestCase_closure1.doCall(CallTestCaseKeyword.groovy:59)
	... 52 more
Caused by: com.kms.katalon.core.webui.exception.WebElementNotFoundException: Web element with id: 'Object Repository/1-OBJECTS TAREAS PRINCIPALES/Modulo Tarea Compensacion/Dias con Permisos Pasivos Permitidos/a_Guardar_solicitudes' located by '//*/text()[normalize-space(.)='Guardar Legalizar']/parent::*' not found
	at com.kms.katalon.core.webui.common.WebUiCommonHelper.findWebElement(WebUiCommonHelper.java:1370)
	at com.kms.katalon.core.webui.keyword.internal.WebUIAbstractKeyword.findWebElement(WebUIAbstractKeyword.groovy:27)
	at com.kms.katalon.core.webui.keyword.builtin.ClickKeyword$_click_closure1.doCall(ClickKeyword.groovy:65)
	at com.kms.katalon.core.webui.keyword.builtin.ClickKeyword$_click_closure1.call(ClickKeyword.groovy)
	at com.kms.katalon.core.webui.keyword.internal.WebUIKeywordMain.runKeyword(WebUIKeywordMain.groovy:20)
	... 67 more


2022-06-10 08:40:23 - [TEST_STEP][FAILED] - callTestCase(findTestCase("1.1-Tareas Principales/1.1.6-crear vacaciones"), [:], STOP_ON_FAILURE): Unable to call Test Case 'Test Cases/1.1-Tareas Principales/1.1.6-crear vacaciones' (Root cause: com.kms.katalon.core.exception.StepFailedException: Call Test Case 'Test Cases/1.1-Tareas Principales/1.1.6-crear vacaciones' failed
	at com.kms.katalon.core.keyword.builtin.CallTestCaseKeyword$_callTestCase_closure1.doCall(CallTestCaseKeyword.groovy:63)
	at com.kms.katalon.core.keyword.builtin.CallTestCaseKeyword$_callTestCase_closure1.call(CallTestCaseKeyword.groovy)
	at com.kms.katalon.core.keyword.internal.KeywordMain.runKeyword(KeywordMain.groovy:74)
	at com.kms.katalon.core.keyword.builtin.CallTestCaseKeyword.callTestCase(CallTestCaseKeyword.groovy:81)
	at com.kms.katalon.core.keyword.builtin.CallTestCaseKeyword.execute(CallTestCaseKeyword.groovy:44)
	at com.kms.katalon.core.keyword.internal.KeywordExecutor.executeKeywordForPlatform(KeywordExecutor.groovy:74)
	at com.kms.katalon.core.keyword.BuiltinKeywords.callTestCase(BuiltinKeywords.groovy:334)
	at 1.1.7-Generar Vacaciones.run(1.1.7-Generar Vacaciones:19)
	at com.kms.katalon.core.main.ScriptEngine.run(ScriptEngine.java:194)
	at com.kms.katalon.core.main.ScriptEngine.runScriptAsRawText(ScriptEngine.java:119)
	at com.kms.katalon.core.main.TestCaseExecutor.runScript(TestCaseExecutor.java:445)
	at com.kms.katalon.core.main.TestCaseExecutor.doExecute(TestCaseExecutor.java:436)
	at com.kms.katalon.core.main.TestCaseExecutor.processExecutionPhase(TestCaseExecutor.java:415)
	at com.kms.katalon.core.main.TestCaseExecutor.accessMainPhase(TestCaseExecutor.java:407)
	at com.kms.katalon.core.main.TestCaseExecutor.execute(TestCaseExecutor.java:284)
	at com.kms.katalon.core.main.TestCaseMain.runTestCase(TestCaseMain.java:142)
	at com.kms.katalon.core.keyword.builtin.CallTestCaseKeyword$_callTestCase_closure1.doCall(CallTestCaseKeyword.groovy:59)
	at com.kms.katalon.core.keyword.builtin.CallTestCaseKeyword$_callTestCase_closure1.call(CallTestCaseKeyword.groovy)
	at com.kms.katalon.core.keyword.internal.KeywordMain.runKeyword(KeywordMain.groovy:74)
	at com.kms.katalon.core.keyword.builtin.CallTestCaseKeyword.callTestCase(CallTestCaseKeyword.groovy:81)
	at com.kms.katalon.core.keyword.builtin.CallTestCaseKeyword.execute(CallTestCaseKeyword.groovy:44)
	at com.kms.katalon.core.keyword.internal.KeywordExecutor.executeKeywordForPlatform(KeywordExecutor.groovy:74)
	at com.kms.katalon.core.keyword.BuiltinKeywords.callTestCase(BuiltinKeywords.groovy:334)
	at 1.1.8-Mantenimiento de Vacaciones Reliquidar.run(1.1.8-Mantenimiento de Vacaciones Reliquidar:41)
	at com.kms.katalon.core.main.ScriptEngine.run(ScriptEngine.java:194)
	at com.kms.katalon.core.main.ScriptEngine.runScriptAsRawText(ScriptEngine.java:119)
	at com.kms.katalon.core.main.TestCaseExecutor.runScript(TestCaseExecutor.java:445)
	at com.kms.katalon.core.main.TestCaseExecutor.doExecute(TestCaseExecutor.java:436)
	at com.kms.katalon.core.main.TestCaseExecutor.processExecutionPhase(TestCaseExecutor.java:415)
	at com.kms.katalon.core.main.TestCaseExecutor.accessMainPhase(TestCaseExecutor.java:407)
	at com.kms.katalon.core.main.TestCaseExecutor.execute(TestCaseExecutor.java:284)
	at com.kms.katalon.core.main.TestCaseMain.runTestCase(TestCaseMain.java:142)
	at com.kms.katalon.core.keyword.builtin.CallTestCaseKeyword$_callTestCase_closure1.doCall(CallTestCaseKeyword.groovy:59)
	at com.kms.katalon.core.keyword.builtin.CallTestCaseKeyword$_callTestCase_closure1.call(CallTestCaseKeyword.groovy)
	at com.kms.katalon.core.keyword.internal.KeywordMain.runKeyword(KeywordMain.groovy:74)
	at com.kms.katalon.core.keyword.builtin.CallTestCaseKeyword.callTestCase(CallTestCaseKeyword.groovy:81)
	at com.kms.katalon.core.keyword.builtin.CallTestCaseKeyword.execute(CallTestCaseKeyword.groovy:44)
	at com.kms.katalon.core.keyword.internal.KeywordExecutor.executeKeywordForPlatform(KeywordExecutor.groovy:74)
	at com.kms.katalon.core.keyword.BuiltinKeywords.callTestCase(BuiltinKeywords.groovy:334)
	at 1.2.1-Reversar Vacaciones.run(1.2.1-Reversar Vacaciones:18)
	at com.kms.katalon.core.main.ScriptEngine.run(ScriptEngine.java:194)
	at com.kms.katalon.core.main.ScriptEngine.runScriptAsRawText(ScriptEngine.java:119)
	at com.kms.katalon.core.main.TestCaseExecutor.runScript(TestCaseExecutor.java:445)
	at com.kms.katalon.core.main.TestCaseExecutor.doExecute(TestCaseExecutor.java:436)
	at com.kms.katalon.core.main.TestCaseExecutor.processExecutionPhase(TestCaseExecutor.java:415)
	at com.kms.katalon.core.main.TestCaseExecutor.accessMainPhase(TestCaseExecutor.java:407)
	at com.kms.katalon.core.main.TestCaseExecutor.execute(TestCaseExecutor.java:284)
	at com.kms.katalon.core.common.CommonExecutor.accessTestCaseMainPhase(CommonExecutor.java:65)
	at com.kms.katalon.core.main.TestSuiteExecutor.accessTestSuiteMainPhase(TestSuiteExecutor.java:144)
	at com.kms.katalon.core.main.TestSuiteExecutor.execute(TestSuiteExecutor.java:106)
	at com.kms.katalon.core.main.TestCaseMain.startTestSuite(TestCaseMain.java:185)
	at com.kms.katalon.core.main.TestCaseMain$startTestSuite$0.call(Unknown Source)
	at TempTestSuite1654867643956.run(TempTestSuite1654867643956.groovy:36)
Caused by: com.kms.katalon.core.exception.StepFailedException: Unable to click on object 'Object Repository/1-OBJECTS TAREAS PRINCIPALES/Modulo Tarea Compensacion/Dias con Permisos Pasivos Permitidos/a_Guardar_solicitudes'
	at com.kms.katalon.core.webui.keyword.internal.WebUIKeywordMain.stepFailed(WebUIKeywordMain.groovy:64)
	at com.kms.katalon.core.webui.keyword.internal.WebUIKeywordMain.runKeyword(WebUIKeywordMain.groovy:26)
	at com.kms.katalon.core.webui.keyword.builtin.ClickKeyword.click(ClickKeyword.groovy:74)
	at com.kms.katalon.core.webui.keyword.builtin.ClickKeyword.execute(ClickKeyword.groovy:40)
	at com.kms.katalon.core.keyword.internal.KeywordExecutor.executeKeywordForPlatform(KeywordExecutor.groovy:74)
	at com.kms.katalon.core.webui.keyword.WebUiBuiltInKeywords.click(WebUiBuiltInKeywords.groovy:620)
	at com.kms.katalon.core.webui.keyword.WebUiBuiltInKeywords$click$5.call(Unknown Source)
	at 1.1.6-crear vacaciones.run(1.1.6-crear vacaciones:177)
	at com.kms.katalon.core.main.ScriptEngine.run(ScriptEngine.java:194)
	at com.kms.katalon.core.main.ScriptEngine.runScriptAsRawText(ScriptEngine.java:119)
	at com.kms.katalon.core.main.TestCaseExecutor.runScript(TestCaseExecutor.java:445)
	at com.kms.katalon.core.main.TestCaseExecutor.doExecute(TestCaseExecutor.java:436)
	at com.kms.katalon.core.main.TestCaseExecutor.processExecutionPhase(TestCaseExecutor.java:415)
	at com.kms.katalon.core.main.TestCaseExecutor.accessMainPhase(TestCaseExecutor.java:407)
	at com.kms.katalon.core.main.TestCaseExecutor.execute(TestCaseExecutor.java:284)
	at com.kms.katalon.core.main.TestCaseMain.runTestCase(TestCaseMain.java:142)
	at com.kms.katalon.core.keyword.builtin.CallTestCaseKeyword$_callTestCase_closure1.doCall(CallTestCaseKeyword.groovy:59)
	... 52 more
Caused by: com.kms.katalon.core.webui.exception.WebElementNotFoundException: Web element with id: 'Object Repository/1-OBJECTS TAREAS PRINCIPALES/Modulo Tarea Compensacion/Dias con Permisos Pasivos Permitidos/a_Guardar_solicitudes' located by '//*/text()[normalize-space(.)='Guardar Legalizar']/parent::*' not found
	at com.kms.katalon.core.webui.common.WebUiCommonHelper.findWebElement(WebUiCommonHelper.java:1370)
	at com.kms.katalon.core.webui.keyword.internal.WebUIAbstractKeyword.findWebElement(WebUIAbstractKeyword.groovy:27)
	at com.kms.katalon.core.webui.keyword.builtin.ClickKeyword$_click_closure1.doCall(ClickKeyword.groovy:65)
	at com.kms.katalon.core.webui.keyword.builtin.ClickKeyword$_click_closure1.call(ClickKeyword.groovy)
	at com.kms.katalon.core.webui.keyword.internal.WebUIKeywordMain.runKeyword(WebUIKeywordMain.groovy:20)
	... 67 more
)

2022-06-10 08:40:23 - [TEST_CASE][FAILED] - Test Cases/1.1-Tareas Principales/1.1.6-crear vacaciones: Test Cases/1.1-Tareas Principales/1.1.6-crear vacaciones FAILED.
Reason:
com.kms.katalon.core.exception.StepFailedException: Unable to click on object 'Object Repository/1-OBJECTS TAREAS PRINCIPALES/Modulo Tarea Compensacion/Dias con Permisos Pasivos Permitidos/a_Guardar_solicitudes'
	at com.kms.katalon.core.webui.keyword.internal.WebUIKeywordMain.stepFailed(WebUIKeywordMain.groovy:64)
	at com.kms.katalon.core.webui.keyword.internal.WebUIKeywordMain.runKeyword(WebUIKeywordMain.groovy:26)
	at com.kms.katalon.core.webui.keyword.builtin.ClickKeyword.click(ClickKeyword.groovy:74)
	at com.kms.katalon.core.webui.keyword.builtin.ClickKeyword.execute(ClickKeyword.groovy:40)
	at com.kms.katalon.core.keyword.internal.KeywordExecutor.executeKeywordForPlatform(KeywordExecutor.groovy:74)
	at com.kms.katalon.core.webui.keyword.WebUiBuiltInKeywords.click(WebUiBuiltInKeywords.groovy:620)
	at com.kms.katalon.core.webui.keyword.WebUiBuiltInKeywords$click$5.call(Unknown Source)
	at 1.1.6-crear vacaciones.run(1.1.6-crear vacaciones:177)
	at com.kms.katalon.core.main.ScriptEngine.run(ScriptEngine.java:194)
	at com.kms.katalon.core.main.ScriptEngine.runScriptAsRawText(ScriptEngine.java:119)
	at com.kms.katalon.core.main.TestCaseExecutor.runScript(TestCaseExecutor.java:445)
	at com.kms.katalon.core.main.TestCaseExecutor.doExecute(TestCaseExecutor.java:436)
	at com.kms.katalon.core.main.TestCaseExecutor.processExecutionPhase(TestCaseExecutor.java:415)
	at com.kms.katalon.core.main.TestCaseExecutor.accessMainPhase(TestCaseExecutor.java:407)
	at com.kms.katalon.core.main.TestCaseExecutor.execute(TestCaseExecutor.java:284)
	at com.kms.katalon.core.main.TestCaseMain.runTestCase(TestCaseMain.java:142)
	at com.kms.katalon.core.keyword.builtin.CallTestCaseKeyword$_callTestCase_closure1.doCall(CallTestCaseKeyword.groovy:59)
	at com.kms.katalon.core.keyword.builtin.CallTestCaseKeyword$_callTestCase_closure1.call(CallTestCaseKeyword.groovy)
	at com.kms.katalon.core.keyword.internal.KeywordMain.runKeyword(KeywordMain.groovy:74)
	at com.kms.katalon.core.keyword.builtin.CallTestCaseKeyword.callTestCase(CallTestCaseKeyword.groovy:81)
	at com.kms.katalon.core.keyword.builtin.CallTestCaseKeyword.execute(CallTestCaseKeyword.groovy:44)
	at com.kms.katalon.core.keyword.internal.KeywordExecutor.executeKeywordForPlatform(KeywordExecutor.groovy:74)
	at com.kms.katalon.core.keyword.BuiltinKeywords.callTestCase(BuiltinKeywords.groovy:334)
	at 1.1.7-Generar Vacaciones.run(1.1.7-Generar Vacaciones:19)
	at com.kms.katalon.core.main.ScriptEngine.run(ScriptEngine.java:194)
	at com.kms.katalon.core.main.ScriptEngine.runScriptAsRawText(ScriptEngine.java:119)
	at com.kms.katalon.core.main.TestCaseExecutor.runScript(TestCaseExecutor.java:445)
	at com.kms.katalon.core.main.TestCaseExecutor.doExecute(TestCaseExecutor.java:436)
	at com.kms.katalon.core.main.TestCaseExecutor.processExecutionPhase(TestCaseExecutor.java:415)
	at com.kms.katalon.core.main.TestCaseExecutor.accessMainPhase(TestCaseExecutor.java:407)
	at com.kms.katalon.core.main.TestCaseExecutor.execute(TestCaseExecutor.java:284)
	at com.kms.katalon.core.main.TestCaseMain.runTestCase(TestCaseMain.java:142)
	at com.kms.katalon.core.keyword.builtin.CallTestCaseKeyword$_callTestCase_closure1.doCall(CallTestCaseKeyword.groovy:59)
	at com.kms.katalon.core.keyword.builtin.CallTestCaseKeyword$_callTestCase_closure1.call(CallTestCaseKeyword.groovy)
	at com.kms.katalon.core.keyword.internal.KeywordMain.runKeyword(KeywordMain.groovy:74)
	at com.kms.katalon.core.keyword.builtin.CallTestCaseKeyword.callTestCase(CallTestCaseKeyword.groovy:81)
	at com.kms.katalon.core.keyword.builtin.CallTestCaseKeyword.execute(CallTestCaseKeyword.groovy:44)
	at com.kms.katalon.core.keyword.internal.KeywordExecutor.executeKeywordForPlatform(KeywordExecutor.groovy:74)
	at com.kms.katalon.core.keyword.BuiltinKeywords.callTestCase(BuiltinKeywords.groovy:334)
	at 1.1.8-Mantenimiento de Vacaciones Reliquidar.run(1.1.8-Mantenimiento de Vacaciones Reliquidar:41)
	at com.kms.katalon.core.main.ScriptEngine.run(ScriptEngine.java:194)
	at com.kms.katalon.core.main.ScriptEngine.runScriptAsRawText(ScriptEngine.java:119)
	at com.kms.katalon.core.main.TestCaseExecutor.runScript(TestCaseExecutor.java:445)
	at com.kms.katalon.core.main.TestCaseExecutor.doExecute(TestCaseExecutor.java:436)
	at com.kms.katalon.core.main.TestCaseExecutor.processExecutionPhase(TestCaseExecutor.java:415)
	at com.kms.katalon.core.main.TestCaseExecutor.accessMainPhase(TestCaseExecutor.java:407)
	at com.kms.katalon.core.main.TestCaseExecutor.execute(TestCaseExecutor.java:284)
	at com.kms.katalon.core.main.TestCaseMain.runTestCase(TestCaseMain.java:142)
	at com.kms.katalon.core.keyword.builtin.CallTestCaseKeyword$_callTestCase_closure1.doCall(CallTestCaseKeyword.groovy:59)
	at com.kms.katalon.core.keyword.builtin.CallTestCaseKeyword$_callTestCase_closure1.call(CallTestCaseKeyword.groovy)
	at com.kms.katalon.core.keyword.internal.KeywordMain.runKeyword(KeywordMain.groovy:74)
	at com.kms.katalon.core.keyword.builtin.CallTestCaseKeyword.callTestCase(CallTestCaseKeyword.groovy:81)
	at com.kms.katalon.core.keyword.builtin.CallTestCaseKeyword.execute(CallTestCaseKeyword.groovy:44)
	at com.kms.katalon.core.keyword.internal.KeywordExecutor.executeKeywordForPlatform(KeywordExecutor.groovy:74)
	at com.kms.katalon.core.keyword.BuiltinKeywords.callTestCase(BuiltinKeywords.groovy:334)
	at 1.2.1-Reversar Vacaciones.run(1.2.1-Reversar Vacaciones:18)
	at com.kms.katalon.core.main.ScriptEngine.run(ScriptEngine.java:194)
	at com.kms.katalon.core.main.ScriptEngine.runScriptAsRawText(ScriptEngine.java:119)
	at com.kms.katalon.core.main.TestCaseExecutor.runScript(TestCaseExecutor.java:445)
	at com.kms.katalon.core.main.TestCaseExecutor.doExecute(TestCaseExecutor.java:436)
	at com.kms.katalon.core.main.TestCaseExecutor.processExecutionPhase(TestCaseExecutor.java:415)
	at com.kms.katalon.core.main.TestCaseExecutor.accessMainPhase(TestCaseExecutor.java:407)
	at com.kms.katalon.core.main.TestCaseExecutor.execute(TestCaseExecutor.java:284)
	at com.kms.katalon.core.common.CommonExecutor.accessTestCaseMainPhase(CommonExecutor.java:65)
	at com.kms.katalon.core.main.TestSuiteExecutor.accessTestSuiteMainPhase(TestSuiteExecutor.java:144)
	at com.kms.katalon.core.main.TestSuiteExecutor.execute(TestSuiteExecutor.java:106)
	at com.kms.katalon.core.main.TestCaseMain.startTestSuite(TestCaseMain.java:185)
	at com.kms.katalon.core.main.TestCaseMain$startTestSuite$0.call(Unknown Source)
	at TempTestSuite1654867643956.run(TempTestSuite1654867643956.groovy:36)
Caused by: com.kms.katalon.core.webui.exception.WebElementNotFoundException: Web element with id: 'Object Repository/1-OBJECTS TAREAS PRINCIPALES/Modulo Tarea Compensacion/Dias con Permisos Pasivos Permitidos/a_Guardar_solicitudes' located by '//*/text()[normalize-space(.)='Guardar Legalizar']/parent::*' not found
	at com.kms.katalon.core.webui.common.WebUiCommonHelper.findWebElement(WebUiCommonHelper.java:1370)
	at com.kms.katalon.core.webui.keyword.internal.WebUIAbstractKeyword.findWebElement(WebUIAbstractKeyword.groovy:27)
	at com.kms.katalon.core.webui.keyword.builtin.ClickKeyword$_click_closure1.doCall(ClickKeyword.groovy:65)
	at com.kms.katalon.core.webui.keyword.builtin.ClickKeyword$_click_closure1.call(ClickKeyword.groovy)
	at com.kms.katalon.core.webui.keyword.internal.WebUIKeywordMain.runKeyword(WebUIKeywordMain.groovy:20)
	... 67 more


2022-06-10 08:40:23 - [TEST_STEP][PASSED] - callTestCase(findTestCase("Utilidades-(atajos_para _tareas)/Tareas Administracion Compensacion/Tarea Listado Empleados"), [:], STOP_ON_FAILURE): Call Test Case 'Test Cases/Utilidades-(atajos_para _tareas)/Tareas Administracion Compensacion/Tarea Listado Empleados' successfully

2022-06-10 08:40:24 - [TEST_CASE][PASSED] - Test Cases/Utilidades-(atajos_para _tareas)/Tareas Administracion Compensacion/Tarea Listado Empleados: Test Cases/Utilidades-(atajos_para _tareas)/Tareas Administracion Compensacion/Tarea Listado Empleados

2022-06-10 08:40:24 - [TEST_STEP][PASSED] - callTestCase(findTestCase("0.1-Login"), [:], STOP_ON_FAILURE): Call Test Case 'Test Cases/0.1-Login' successfully

2022-06-10 08:40:24 - [TEST_CASE][PASSED] - Test Cases/0.1-Login: Test Cases/0.1-Login

2022-06-10 08:40:24 - [TEST_STEP][PASSED] - openBrowser(""): Browser is opened with url: ''

2022-06-10 08:40:24 - [MESSAGE][WARNING] - A browser is already opened. Closing browser and opening a new one

2022-06-10 08:40:24 - [MESSAGE][INFO] - Starting 'Chrome' driver

2022-06-10 08:40:24 - [MESSAGE][INFO] - Action delay is set to 0 milliseconds

2022-06-10 08:40:26 - [MESSAGE][PASSED] - Browser is opened with url: ''

2022-06-10 08:40:26 - [TEST_STEP][PASSED] - maximizeWindow(): Current window maximized

2022-06-10 08:40:26 - [MESSAGE][PASSED] - Current window maximized

2022-06-10 08:40:26 - [TEST_STEP][PASSED] - i = G_Login: null

2022-06-10 08:40:26 - [TEST_STEP][PASSED] - url = new java.net.URL(i): null

2022-06-10 08:40:26 - [TEST_STEP][PASSED] - println("URL: " + url.toString()): null

2022-06-10 08:40:26 - [TEST_STEP][PASSED] - connection = url.openConnection(): null

2022-06-10 08:40:26 - [TEST_STEP][PASSED] - connection.setRequestMethod("GET"): null

2022-06-10 08:40:26 - [TEST_STEP][PASSED] - connection.setReadTimeout(2 * 1000): null

2022-06-10 08:40:26 - [TEST_STEP][PASSED] - try: null

2022-06-10 08:40:26 - [TEST_STEP][PASSED] - connection.connect(): null

2022-06-10 08:40:26 - [TEST_STEP][PASSED] - flag = connected: null

2022-06-10 08:40:26 - [TEST_STEP][PASSED] - println("Valor_ori: " + flag): null

2022-06-10 08:40:26 - [TEST_STEP][PASSED] - if (flag): null

2022-06-10 08:40:26 - [TEST_STEP][PASSED] - navigateToUrl(i): Navigate to 'http://192.168.2.19:8380/saraweb' successfully

2022-06-10 08:40:26 - [MESSAGE][PASSED] - Navigate to 'http://192.168.2.19:8380/saraweb' successfully

2022-06-10 08:40:26 - [TEST_STEP][PASSED] - a(): null

2022-06-10 08:40:26 - [TEST_STEP][PASSED] - setText(findTestObject("3-OBJECTS UTILIDADES/Login/input_USUARIO_loginusuario"), G_Usuario): Text 'saraadmin' is set on object 'Object Repository/3-OBJECTS UTILIDADES/Login/input_USUARIO_loginusuario'

2022-06-10 08:40:27 - [MESSAGE][PASSED] - Text 'saraadmin' is set on object 'Object Repository/3-OBJECTS UTILIDADES/Login/input_USUARIO_loginusuario'

2022-06-10 08:40:27 - [TEST_STEP][PASSED] - setEncryptedText(findTestObject("3-OBJECTS UTILIDADES/Login/input_CLAVE_loginpassword"), "MkG4/TYiCFC3cb2driP7+Q=="): Text ****** has been set on object 'Object Repository/3-OBJECTS UTILIDADES/Login/input_CLAVE_loginpassword'

2022-06-10 08:40:27 - [MESSAGE][PASSED] - Text ****** has been set on object 'Object Repository/3-OBJECTS UTILIDADES/Login/input_CLAVE_loginpassword'

2022-06-10 08:40:27 - [TEST_STEP][PASSED] - waitForElementClickable(findTestObject("3-OBJECTS UTILIDADES/Login/a_Ingresar"), G_TimeOut): Object 'Object Repository/3-OBJECTS UTILIDADES/Login/a_Ingresar' is clickable

2022-06-10 08:40:28 - [MESSAGE][PASSED] - Object 'Object Repository/3-OBJECTS UTILIDADES/Login/a_Ingresar' is clickable

2022-06-10 08:40:28 - [TEST_STEP][PASSED] - click(findTestObject("3-OBJECTS UTILIDADES/Login/a_Ingresar")): Object: 'Object Repository/3-OBJECTS UTILIDADES/Login/a_Ingresar' is clicked on

2022-06-10 08:40:29 - [MESSAGE][PASSED] - Object: 'Object Repository/3-OBJECTS UTILIDADES/Login/a_Ingresar' is clicked on

2022-06-10 08:40:29 - [TEST_STEP][PASSED] - element = findWebElement(findTestObject("3-OBJECTS UTILIDADES/Login/a_Ir"), 30): null

2022-06-10 08:40:29 - [TEST_STEP][PASSED] - executeJavaScript("arguments[0].click()", Arrays.asList(element)): Execute JavaScript 'arguments[0].click()' successfully

2022-06-10 08:40:29 - [MESSAGE][PASSED] - Execute JavaScript 'arguments[0].click()' successfully

2022-06-10 08:40:29 - [MESSAGE][PASSED] - Call Test Case 'Test Cases/0.1-Login' successfully

2022-06-10 08:40:29 - [TEST_STEP][PASSED] - setText(findTestObject("1-OBJECTS TAREAS PRINCIPALES/Modulo Tarea Listado Hojas de Vida/Tareas Listado Hojas de Vida/input_Listado Hojas De Vida_form_templatej_idt24_input"), "Listado de Empleados"): Text 'Listado de Empleados' is set on object 'Object Repository/1-OBJECTS TAREAS PRINCIPALES/Modulo Tarea Listado Hojas de Vida/Tareas Listado Hojas de Vida/input_Listado Hojas De Vida_form_templatej_idt24_input'

2022-06-10 08:40:30 - [MESSAGE][PASSED] - Text 'Listado de Empleados' is set on object 'Object Repository/1-OBJECTS TAREAS PRINCIPALES/Modulo Tarea Listado Hojas de Vida/Tareas Listado Hojas de Vida/input_Listado Hojas De Vida_form_templatej_idt24_input'

2022-06-10 08:40:30 - [TEST_STEP][PASSED] - waitForElementVisible(findTestObject("1-OBJECTS TAREAS PRINCIPALES/Modulo Tarea Listado Hojas de Vida/Tareas Listado Hojas de Vida/span_Listado de Empleados"), 0): Object 'Object Repository/1-OBJECTS TAREAS PRINCIPALES/Modulo Tarea Listado Hojas de Vida/Tareas Listado Hojas de Vida/span_Listado de Empleados' is visible

2022-06-10 08:40:31 - [MESSAGE][WARNING] - Timeout '0' is invalid. Using default page load timeout: '37'

2022-06-10 08:40:32 - [MESSAGE][PASSED] - Object 'Object Repository/1-OBJECTS TAREAS PRINCIPALES/Modulo Tarea Listado Hojas de Vida/Tareas Listado Hojas de Vida/span_Listado de Empleados' is visible

2022-06-10 08:40:32 - [TEST_STEP][PASSED] - click(findTestObject("1-OBJECTS TAREAS PRINCIPALES/Modulo Tarea Listado Hojas de Vida/Tareas Listado Hojas de Vida/span_Listado de Empleados")): Object: 'Object Repository/1-OBJECTS TAREAS PRINCIPALES/Modulo Tarea Listado Hojas de Vida/Tareas Listado Hojas de Vida/span_Listado de Empleados' is clicked on

2022-06-10 08:40:32 - [MESSAGE][PASSED] - Object: 'Object Repository/1-OBJECTS TAREAS PRINCIPALES/Modulo Tarea Listado Hojas de Vida/Tareas Listado Hojas de Vida/span_Listado de Empleados' is clicked on

2022-06-10 08:40:32 - [MESSAGE][PASSED] - Call Test Case 'Test Cases/Utilidades-(atajos_para _tareas)/Tareas Administracion Compensacion/Tarea Listado Empleados' successfully

2022-06-10 08:40:32 - [TEST_STEP][PASSED] - setText(findTestObject("1-OBJECTS TAREAS PRINCIPALES/Modulo Tarea Compensacion/Dias con Permisos Pasivos Permitidos/input_Identificacin_listadoEmpleadoIdentificacionEmpleado"), "1234567890"): Text '1234567890' is set on object 'Object Repository/1-OBJECTS TAREAS PRINCIPALES/Modulo Tarea Compensacion/Dias con Permisos Pasivos Permitidos/input_Identificacin_listadoEmpleadoIdentificacionEmpleado'

2022-06-10 08:40:34 - [MESSAGE][PASSED] - Text '1234567890' is set on object 'Object Repository/1-OBJECTS TAREAS PRINCIPALES/Modulo Tarea Compensacion/Dias con Permisos Pasivos Permitidos/input_Identificacin_listadoEmpleadoIdentificacionEmpleado'

2022-06-10 08:40:34 - [TEST_STEP][PASSED] - sendKeys(findTestObject("1-OBJECTS TAREAS PRINCIPALES/Modulo Tarea Compensacion/Dias con Permisos Pasivos Permitidos/input_Identificacin_listadoEmpleadoIdentificacionEmpleado"), Keys.chord(ENTER)): Keys 'ENTER + ' sent to object: 'Object Repository/1-OBJECTS TAREAS PRINCIPALES/Modulo Tarea Compensacion/Dias con Permisos Pasivos Permitidos/input_Identificacin_listadoEmpleadoIdentificacionEmpleado'

2022-06-10 08:40:34 - [MESSAGE][PASSED] - Keys 'ENTER + ' sent to object: 'Object Repository/1-OBJECTS TAREAS PRINCIPALES/Modulo Tarea Compensacion/Dias con Permisos Pasivos Permitidos/input_Identificacin_listadoEmpleadoIdentificacionEmpleado'

2022-06-10 08:40:34 - [TEST_STEP][PASSED] - waitForElementClickable(findTestObject("1-OBJECTS TAREAS PRINCIPALES/Modulo Tarea Compensacion/Dias con Permisos Pasivos Permitidos/span_Consta Belfegord Jhon"), G_TimeOut): Object 'Object Repository/1-OBJECTS TAREAS PRINCIPALES/Modulo Tarea Compensacion/Dias con Permisos Pasivos Permitidos/span_Consta Belfegord Jhon' is clickable

2022-06-10 08:40:35 - [MESSAGE][PASSED] - Object 'Object Repository/1-OBJECTS TAREAS PRINCIPALES/Modulo Tarea Compensacion/Dias con Permisos Pasivos Permitidos/span_Consta Belfegord Jhon' is clickable

2022-06-10 08:40:35 - [TEST_STEP][PASSED] - click(findTestObject("1-OBJECTS TAREAS PRINCIPALES/Modulo Tarea Compensacion/Dias con Permisos Pasivos Permitidos/span_Consta Belfegord Jhon")): Object: 'Object Repository/1-OBJECTS TAREAS PRINCIPALES/Modulo Tarea Compensacion/Dias con Permisos Pasivos Permitidos/span_Consta Belfegord Jhon' is clicked on

2022-06-10 08:40:35 - [MESSAGE][PASSED] - Object: 'Object Repository/1-OBJECTS TAREAS PRINCIPALES/Modulo Tarea Compensacion/Dias con Permisos Pasivos Permitidos/span_Consta Belfegord Jhon' is clicked on

2022-06-10 08:40:35 - [TEST_STEP][PASSED] - waitForElementClickable(findTestObject("1-OBJECTS TAREAS PRINCIPALES/Modulo Tarea Compensacion/Dias con Permisos Pasivos Permitidos/a_Vacacin"), G_TimeOut): Object 'Object Repository/1-OBJECTS TAREAS PRINCIPALES/Modulo Tarea Compensacion/Dias con Permisos Pasivos Permitidos/a_Vacacin' is clickable

2022-06-10 08:40:36 - [MESSAGE][PASSED] - Object 'Object Repository/1-OBJECTS TAREAS PRINCIPALES/Modulo Tarea Compensacion/Dias con Permisos Pasivos Permitidos/a_Vacacin' is clickable

2022-06-10 08:40:36 - [TEST_STEP][PASSED] - click(findTestObject("1-OBJECTS TAREAS PRINCIPALES/Modulo Tarea Compensacion/Dias con Permisos Pasivos Permitidos/a_Vacacin")): Object: 'Object Repository/1-OBJECTS TAREAS PRINCIPALES/Modulo Tarea Compensacion/Dias con Permisos Pasivos Permitidos/a_Vacacin' is clicked on

2022-06-10 08:40:36 - [MESSAGE][PASSED] - Object: 'Object Repository/1-OBJECTS TAREAS PRINCIPALES/Modulo Tarea Compensacion/Dias con Permisos Pasivos Permitidos/a_Vacacin' is clicked on

2022-06-10 08:40:36 - [TEST_STEP][PASSED] - if (waitForElementClickable(findTestObject("1-OBJECTS TAREAS PRINCIPALES/Modulo Tarea Compensacion/Dias con Permisos Pasivos Permitidos/span_Programacion De Vacaciones"), G_TimeOut)): null

2022-06-10 08:40:37 - [MESSAGE][PASSED] - Object 'Object Repository/1-OBJECTS TAREAS PRINCIPALES/Modulo Tarea Compensacion/Dias con Permisos Pasivos Permitidos/span_Programacion De Vacaciones' is clickable

2022-06-10 08:40:37 - [TEST_STEP][PASSED] - click(findTestObject("1-OBJECTS TAREAS PRINCIPALES/Modulo Tarea Compensacion/Dias con Permisos Pasivos Permitidos/span_Programacion De Vacaciones")): Object: 'Object Repository/1-OBJECTS TAREAS PRINCIPALES/Modulo Tarea Compensacion/Dias con Permisos Pasivos Permitidos/span_Programacion De Vacaciones' is clicked on

2022-06-10 08:40:37 - [MESSAGE][PASSED] - Object: 'Object Repository/1-OBJECTS TAREAS PRINCIPALES/Modulo Tarea Compensacion/Dias con Permisos Pasivos Permitidos/span_Programacion De Vacaciones' is clicked on

2022-06-10 08:40:37 - [TEST_STEP][PASSED] - waitForElementClickable(findTestObject("1-OBJECTS TAREAS PRINCIPALES/Modulo Tarea Compensacion/Dias con Permisos Pasivos Permitidos/a_Eliminar"), G_TimeOut): Object 'Object Repository/1-OBJECTS TAREAS PRINCIPALES/Modulo Tarea Compensacion/Dias con Permisos Pasivos Permitidos/a_Eliminar' is clickable

2022-06-10 08:40:38 - [MESSAGE][PASSED] - Object 'Object Repository/1-OBJECTS TAREAS PRINCIPALES/Modulo Tarea Compensacion/Dias con Permisos Pasivos Permitidos/a_Eliminar' is clickable

2022-06-10 08:40:38 - [TEST_STEP][PASSED] - click(findTestObject("1-OBJECTS TAREAS PRINCIPALES/Modulo Tarea Compensacion/Dias con Permisos Pasivos Permitidos/a_Eliminar")): Object: 'Object Repository/1-OBJECTS TAREAS PRINCIPALES/Modulo Tarea Compensacion/Dias con Permisos Pasivos Permitidos/a_Eliminar' is clicked on

2022-06-10 08:40:38 - [MESSAGE][PASSED] - Object: 'Object Repository/1-OBJECTS TAREAS PRINCIPALES/Modulo Tarea Compensacion/Dias con Permisos Pasivos Permitidos/a_Eliminar' is clicked on

2022-06-10 08:40:38 - [TEST_STEP][PASSED] - waitForElementClickable(findTestObject("1-OBJECTS TAREAS PRINCIPALES/Modulo Tarea Compensacion/Dias con Permisos Pasivos Permitidos/a_Aceptar"), G_TimeOut): Object 'Object Repository/1-OBJECTS TAREAS PRINCIPALES/Modulo Tarea Compensacion/Dias con Permisos Pasivos Permitidos/a_Aceptar' is clickable

2022-06-10 08:40:39 - [MESSAGE][PASSED] - Object 'Object Repository/1-OBJECTS TAREAS PRINCIPALES/Modulo Tarea Compensacion/Dias con Permisos Pasivos Permitidos/a_Aceptar' is clickable

2022-06-10 08:40:39 - [TEST_STEP][PASSED] - click(findTestObject("1-OBJECTS TAREAS PRINCIPALES/Modulo Tarea Compensacion/Dias con Permisos Pasivos Permitidos/a_Aceptar")): Object: 'Object Repository/1-OBJECTS TAREAS PRINCIPALES/Modulo Tarea Compensacion/Dias con Permisos Pasivos Permitidos/a_Aceptar' is clicked on

2022-06-10 08:40:39 - [MESSAGE][PASSED] - Object: 'Object Repository/1-OBJECTS TAREAS PRINCIPALES/Modulo Tarea Compensacion/Dias con Permisos Pasivos Permitidos/a_Aceptar' is clicked on

2022-06-10 08:40:39 - [TEST_STEP][PASSED] - click(findTestObject("1-OBJECTS TAREAS PRINCIPALES/Modulo Tarea Compensacion/Dias con Permisos Pasivos Permitidos/a_Histrico")): Object: 'Object Repository/1-OBJECTS TAREAS PRINCIPALES/Modulo Tarea Compensacion/Dias con Permisos Pasivos Permitidos/a_Histrico' is clicked on

2022-06-10 08:40:41 - [MESSAGE][PASSED] - Object: 'Object Repository/1-OBJECTS TAREAS PRINCIPALES/Modulo Tarea Compensacion/Dias con Permisos Pasivos Permitidos/a_Histrico' is clicked on

2022-06-10 08:40:41 - [TEST_STEP][PASSED] - if (waitForElementClickable(findTestObject("1-OBJECTS TAREAS PRINCIPALES/Modulo Tarea Compensacion/Dias con Permisos Pasivos Permitidos/span_Programacion De Vacaciones"), 1)): Web element with id: 'Object Repository/1-OBJECTS TAREAS PRINCIPALES/Modulo Tarea Compensacion/Dias con Permisos Pasivos Permitidos/span_Programacion De Vacaciones' located by '//*/text()[normalize-space(.)='Programacion De Vacaciones']/parent::*' not found

2022-06-10 08:40:43 - [MESSAGE][INFO] - Unable to find the element located by 'By.xpath: //*/text()[normalize-space(.)='Programacion De Vacaciones']/parent::*'. Please recheck the objects properties to make sure the desired element is located. 

2022-06-10 08:40:43 - [MESSAGE][WARNING] - Web element with id: 'Object Repository/1-OBJECTS TAREAS PRINCIPALES/Modulo Tarea Compensacion/Dias con Permisos Pasivos Permitidos/span_Programacion De Vacaciones' located by '//*/text()[normalize-space(.)='Programacion De Vacaciones']/parent::*' not found

2022-06-10 08:40:43 - [TEST_STEP][PASSED] - click(findTestObject("1-OBJECTS TAREAS PRINCIPALES/Modulo Tarea Compensacion/Dias con Permisos Pasivos Permitidos/a_Vacaciones")): Object: 'Object Repository/1-OBJECTS TAREAS PRINCIPALES/Modulo Tarea Compensacion/Dias con Permisos Pasivos Permitidos/a_Vacaciones' is clicked on

2022-06-10 08:40:44 - [MESSAGE][PASSED] - Object: 'Object Repository/1-OBJECTS TAREAS PRINCIPALES/Modulo Tarea Compensacion/Dias con Permisos Pasivos Permitidos/a_Vacaciones' is clicked on

2022-06-10 08:40:44 - [TEST_STEP][PASSED] - waitForElementClickable(findTestObject("1-OBJECTS TAREAS PRINCIPALES/Modulo Tarea Compensacion/Dias con Permisos Pasivos Permitidos/a_Nuevo Pasivo"), G_TimeOut): Object 'Object Repository/1-OBJECTS TAREAS PRINCIPALES/Modulo Tarea Compensacion/Dias con Permisos Pasivos Permitidos/a_Nuevo Pasivo' is clickable

2022-06-10 08:40:44 - [MESSAGE][PASSED] - Object 'Object Repository/1-OBJECTS TAREAS PRINCIPALES/Modulo Tarea Compensacion/Dias con Permisos Pasivos Permitidos/a_Nuevo Pasivo' is clickable

2022-06-10 08:40:44 - [TEST_STEP][PASSED] - click(findTestObject("1-OBJECTS TAREAS PRINCIPALES/Modulo Tarea Compensacion/Dias con Permisos Pasivos Permitidos/a_Nuevo Pasivo")): Object: 'Object Repository/1-OBJECTS TAREAS PRINCIPALES/Modulo Tarea Compensacion/Dias con Permisos Pasivos Permitidos/a_Nuevo Pasivo' is clicked on

2022-06-10 08:40:44 - [MESSAGE][PASSED] - Object: 'Object Repository/1-OBJECTS TAREAS PRINCIPALES/Modulo Tarea Compensacion/Dias con Permisos Pasivos Permitidos/a_Nuevo Pasivo' is clicked on

2022-06-10 08:40:44 - [TEST_STEP][PASSED] - click(findTestObject("1-OBJECTS TAREAS PRINCIPALES/Modulo Tarea Compensacion/Dias con Permisos Pasivos Permitidos/a_pestaa Vacaciones")): Object: 'Object Repository/1-OBJECTS TAREAS PRINCIPALES/Modulo Tarea Compensacion/Dias con Permisos Pasivos Permitidos/a_pestaa Vacaciones' is clicked on

2022-06-10 08:40:45 - [MESSAGE][PASSED] - Object: 'Object Repository/1-OBJECTS TAREAS PRINCIPALES/Modulo Tarea Compensacion/Dias con Permisos Pasivos Permitidos/a_pestaa Vacaciones' is clicked on

2022-06-10 08:40:45 - [TEST_STEP][PASSED] - selectOptionByIndex(findTestObject("1-OBJECTS TAREAS PRINCIPALES/Modulo Tarea Compensacion/Dias con Permisos Pasivos Permitidos/select_APLAZAMIENTOPROGRAMACION DE VACACIONES"), "2"): All options with index in [2] are selected on object 'Object Repository/1-OBJECTS TAREAS PRINCIPALES/Modulo Tarea Compensacion/Dias con Permisos Pasivos Permitidos/select_APLAZAMIENTOPROGRAMACION DE VACACIONES'

2022-06-10 08:40:46 - [MESSAGE][PASSED] - All options with index in [2] are selected on object 'Object Repository/1-OBJECTS TAREAS PRINCIPALES/Modulo Tarea Compensacion/Dias con Permisos Pasivos Permitidos/select_APLAZAMIENTOPROGRAMACION DE VACACIONES'

2022-06-10 08:40:46 - [TEST_STEP][PASSED] - selectOptionByIndex(findTestObject("1-OBJECTS TAREAS PRINCIPALES/Modulo Tarea Compensacion/Dias con Permisos Pasivos Permitidos/select_InterrupcinNo Aplica"), "1"): All options with index in [1] are selected on object 'Object Repository/1-OBJECTS TAREAS PRINCIPALES/Modulo Tarea Compensacion/Dias con Permisos Pasivos Permitidos/select_InterrupcinNo Aplica'

2022-06-10 08:40:47 - [MESSAGE][PASSED] - All options with index in [1] are selected on object 'Object Repository/1-OBJECTS TAREAS PRINCIPALES/Modulo Tarea Compensacion/Dias con Permisos Pasivos Permitidos/select_InterrupcinNo Aplica'

2022-06-10 08:40:47 - [TEST_STEP][PASSED] - setText(findTestObject("1-OBJECTS TAREAS PRINCIPALES/Modulo Tarea Compensacion/Dias con Permisos Pasivos Permitidos/input_Periodo Servicio_form_"), "01/06/2021"): Text '01/06/2021' is set on object 'Object Repository/1-OBJECTS TAREAS PRINCIPALES/Modulo Tarea Compensacion/Dias con Permisos Pasivos Permitidos/input_Periodo Servicio_form_'

2022-06-10 08:40:48 - [MESSAGE][PASSED] - Text '01/06/2021' is set on object 'Object Repository/1-OBJECTS TAREAS PRINCIPALES/Modulo Tarea Compensacion/Dias con Permisos Pasivos Permitidos/input_Periodo Servicio_form_'

2022-06-10 08:40:48 - [TEST_STEP][PASSED] - click(findTestObject("1-OBJECTS TAREAS PRINCIPALES/Modulo Tarea Compensacion/Dias con Permisos Pasivos Permitidos/span_Periodo Servicio"), STOP_ON_FAILURE): Object: 'Object Repository/1-OBJECTS TAREAS PRINCIPALES/Modulo Tarea Compensacion/Dias con Permisos Pasivos Permitidos/span_Periodo Servicio' is clicked on

2022-06-10 08:40:49 - [MESSAGE][PASSED] - Object: 'Object Repository/1-OBJECTS TAREAS PRINCIPALES/Modulo Tarea Compensacion/Dias con Permisos Pasivos Permitidos/span_Periodo Servicio' is clicked on

2022-06-10 08:40:49 - [TEST_STEP][PASSED] - setText(findTestObject("1-OBJECTS TAREAS PRINCIPALES/Modulo Tarea Compensacion/Dias con Permisos Pasivos Permitidos/input_Periodo Servicio_form_vacaciones"), "06/06/2021"): Text '06/06/2021' is set on object 'Object Repository/1-OBJECTS TAREAS PRINCIPALES/Modulo Tarea Compensacion/Dias con Permisos Pasivos Permitidos/input_Periodo Servicio_form_vacaciones'

2022-06-10 08:40:50 - [MESSAGE][PASSED] - Text '06/06/2021' is set on object 'Object Repository/1-OBJECTS TAREAS PRINCIPALES/Modulo Tarea Compensacion/Dias con Permisos Pasivos Permitidos/input_Periodo Servicio_form_vacaciones'

2022-06-10 08:40:50 - [TEST_STEP][PASSED] - sendKeys(findTestObject("1-OBJECTS TAREAS PRINCIPALES/Modulo Tarea Compensacion/Dias con Permisos Pasivos Permitidos/input_Periodo Servicio_form_vacaciones"), Keys.chord(ENTER)): Keys 'ENTER + ' sent to object: 'Object Repository/1-OBJECTS TAREAS PRINCIPALES/Modulo Tarea Compensacion/Dias con Permisos Pasivos Permitidos/input_Periodo Servicio_form_vacaciones'

2022-06-10 08:40:50 - [MESSAGE][PASSED] - Keys 'ENTER + ' sent to object: 'Object Repository/1-OBJECTS TAREAS PRINCIPALES/Modulo Tarea Compensacion/Dias con Permisos Pasivos Permitidos/input_Periodo Servicio_form_vacaciones'

2022-06-10 08:40:50 - [TEST_STEP][PASSED] - setText(findTestObject("1-OBJECTS TAREAS PRINCIPALES/Modulo Tarea Compensacion/Dias con Permisos Pasivos Permitidos/input_Das_form_vacacionesEmpleadotabs"), "5"): Text '5' is set on object 'Object Repository/1-OBJECTS TAREAS PRINCIPALES/Modulo Tarea Compensacion/Dias con Permisos Pasivos Permitidos/input_Das_form_vacacionesEmpleadotabs'

2022-06-10 08:40:51 - [MESSAGE][PASSED] - Text '5' is set on object 'Object Repository/1-OBJECTS TAREAS PRINCIPALES/Modulo Tarea Compensacion/Dias con Permisos Pasivos Permitidos/input_Das_form_vacacionesEmpleadotabs'

2022-06-10 08:40:51 - [TEST_STEP][PASSED] - setText(findTestObject("1-OBJECTS TAREAS PRINCIPALES/Modulo Tarea Compensacion/Dias con Permisos Pasivos Permitidos/input_Fecha Origen_form_vacaciones"), "01/06/2021"): Text '01/06/2021' is set on object 'Object Repository/1-OBJECTS TAREAS PRINCIPALES/Modulo Tarea Compensacion/Dias con Permisos Pasivos Permitidos/input_Fecha Origen_form_vacaciones'

2022-06-10 08:40:52 - [MESSAGE][PASSED] - Text '01/06/2021' is set on object 'Object Repository/1-OBJECTS TAREAS PRINCIPALES/Modulo Tarea Compensacion/Dias con Permisos Pasivos Permitidos/input_Fecha Origen_form_vacaciones'

2022-06-10 08:40:52 - [TEST_STEP][PASSED] - sendKeys(findTestObject("1-OBJECTS TAREAS PRINCIPALES/Modulo Tarea Compensacion/Dias con Permisos Pasivos Permitidos/input_Fecha Origen_form_vacaciones"), Keys.chord(ENTER)): Keys 'ENTER + ' sent to object: 'Object Repository/1-OBJECTS TAREAS PRINCIPALES/Modulo Tarea Compensacion/Dias con Permisos Pasivos Permitidos/input_Fecha Origen_form_vacaciones'

2022-06-10 08:40:52 - [MESSAGE][PASSED] - Keys 'ENTER + ' sent to object: 'Object Repository/1-OBJECTS TAREAS PRINCIPALES/Modulo Tarea Compensacion/Dias con Permisos Pasivos Permitidos/input_Fecha Origen_form_vacaciones'

2022-06-10 08:40:52 - [TEST_STEP][PASSED] - waitForElementClickable(findTestObject("1-OBJECTS TAREAS PRINCIPALES/Modulo Tarea Compensacion/Dias con Permisos Pasivos Permitidos/a_Guardar"), G_TimeOut): Object 'Object Repository/1-OBJECTS TAREAS PRINCIPALES/Modulo Tarea Compensacion/Dias con Permisos Pasivos Permitidos/a_Guardar' is clickable

2022-06-10 08:40:53 - [MESSAGE][PASSED] - Object 'Object Repository/1-OBJECTS TAREAS PRINCIPALES/Modulo Tarea Compensacion/Dias con Permisos Pasivos Permitidos/a_Guardar' is clickable

2022-06-10 08:40:53 - [TEST_STEP][PASSED] - click(findTestObject("1-OBJECTS TAREAS PRINCIPALES/Modulo Tarea Compensacion/Dias con Permisos Pasivos Permitidos/a_Guardar")): Object: 'Object Repository/1-OBJECTS TAREAS PRINCIPALES/Modulo Tarea Compensacion/Dias con Permisos Pasivos Permitidos/a_Guardar' is clicked on

2022-06-10 08:40:53 - [MESSAGE][PASSED] - Object: 'Object Repository/1-OBJECTS TAREAS PRINCIPALES/Modulo Tarea Compensacion/Dias con Permisos Pasivos Permitidos/a_Guardar' is clicked on

2022-06-10 08:40:53 - [TEST_STEP][PASSED] - waitForElementClickable(findTestObject("1-OBJECTS TAREAS PRINCIPALES/Modulo Tarea Compensacion/Dias con Permisos Pasivos Permitidos/a_Regresar"), G_TimeOut): Object 'Object Repository/1-OBJECTS TAREAS PRINCIPALES/Modulo Tarea Compensacion/Dias con Permisos Pasivos Permitidos/a_Regresar' is clickable

2022-06-10 08:40:54 - [MESSAGE][PASSED] - Object 'Object Repository/1-OBJECTS TAREAS PRINCIPALES/Modulo Tarea Compensacion/Dias con Permisos Pasivos Permitidos/a_Regresar' is clickable

2022-06-10 08:40:54 - [TEST_STEP][PASSED] - click(findTestObject("1-OBJECTS TAREAS PRINCIPALES/Modulo Tarea Compensacion/Dias con Permisos Pasivos Permitidos/a_Regresar")): Object: 'Object Repository/1-OBJECTS TAREAS PRINCIPALES/Modulo Tarea Compensacion/Dias con Permisos Pasivos Permitidos/a_Regresar' is clicked on

2022-06-10 08:40:54 - [MESSAGE][PASSED] - Object: 'Object Repository/1-OBJECTS TAREAS PRINCIPALES/Modulo Tarea Compensacion/Dias con Permisos Pasivos Permitidos/a_Regresar' is clicked on

2022-06-10 08:40:54 - [TEST_STEP][PASSED] - if (waitForElementClickable(findTestObject("1-OBJECTS TAREAS PRINCIPALES/Modulo Tarea Compensacion/Dias con Permisos Pasivos Permitidos/td_02062021"), 1)): Web element with id: 'Object Repository/1-OBJECTS TAREAS PRINCIPALES/Modulo Tarea Compensacion/Dias con Permisos Pasivos Permitidos/td_02062021' located by '//*/text()[normalize-space(.)='02/06/2021']/parent::*' not found

2022-06-10 08:40:56 - [MESSAGE][INFO] - Unable to find the element located by 'By.xpath: //*/text()[normalize-space(.)='02/06/2021']/parent::*'. Please recheck the objects properties to make sure the desired element is located. 

2022-06-10 08:40:56 - [MESSAGE][WARNING] - Web element with id: 'Object Repository/1-OBJECTS TAREAS PRINCIPALES/Modulo Tarea Compensacion/Dias con Permisos Pasivos Permitidos/td_02062021' located by '//*/text()[normalize-space(.)='02/06/2021']/parent::*' not found

2022-06-10 08:40:56 - [TEST_STEP][PASSED] - waitForElementClickable(findTestObject("1-OBJECTS TAREAS PRINCIPALES/Modulo Tarea Compensacion/Dias con Permisos Pasivos Permitidos/a_Nueva Solicitud"), G_TimeOut): Object 'Object Repository/1-OBJECTS TAREAS PRINCIPALES/Modulo Tarea Compensacion/Dias con Permisos Pasivos Permitidos/a_Nueva Solicitud' is clickable

2022-06-10 08:40:57 - [MESSAGE][PASSED] - Object 'Object Repository/1-OBJECTS TAREAS PRINCIPALES/Modulo Tarea Compensacion/Dias con Permisos Pasivos Permitidos/a_Nueva Solicitud' is clickable

2022-06-10 08:40:57 - [TEST_STEP][PASSED] - click(findTestObject("1-OBJECTS TAREAS PRINCIPALES/Modulo Tarea Compensacion/Dias con Permisos Pasivos Permitidos/a_Nueva Solicitud")): Object: 'Object Repository/1-OBJECTS TAREAS PRINCIPALES/Modulo Tarea Compensacion/Dias con Permisos Pasivos Permitidos/a_Nueva Solicitud' is clicked on

2022-06-10 08:40:57 - [MESSAGE][PASSED] - Object: 'Object Repository/1-OBJECTS TAREAS PRINCIPALES/Modulo Tarea Compensacion/Dias con Permisos Pasivos Permitidos/a_Nueva Solicitud' is clicked on

2022-06-10 08:40:57 - [TEST_STEP][PASSED] - setText(findTestObject("1-OBJECTS TAREAS PRINCIPALES/Modulo Tarea Compensacion/Dias con Permisos Pasivos Permitidos/input_Salida Nomina_form_vacaciones"), "01/06/2021"): Text '01/06/2021' is set on object 'Object Repository/1-OBJECTS TAREAS PRINCIPALES/Modulo Tarea Compensacion/Dias con Permisos Pasivos Permitidos/input_Salida Nomina_form_vacaciones'

2022-06-10 08:40:58 - [MESSAGE][PASSED] - Text '01/06/2021' is set on object 'Object Repository/1-OBJECTS TAREAS PRINCIPALES/Modulo Tarea Compensacion/Dias con Permisos Pasivos Permitidos/input_Salida Nomina_form_vacaciones'

2022-06-10 08:40:58 - [TEST_STEP][PASSED] - sendKeys(findTestObject("1-OBJECTS TAREAS PRINCIPALES/Modulo Tarea Compensacion/Dias con Permisos Pasivos Permitidos/input_Salida Nomina_form_vacaciones"), Keys.chord(ENTER)): Keys 'ENTER + ' sent to object: 'Object Repository/1-OBJECTS TAREAS PRINCIPALES/Modulo Tarea Compensacion/Dias con Permisos Pasivos Permitidos/input_Salida Nomina_form_vacaciones'

2022-06-10 08:40:59 - [MESSAGE][PASSED] - Keys 'ENTER + ' sent to object: 'Object Repository/1-OBJECTS TAREAS PRINCIPALES/Modulo Tarea Compensacion/Dias con Permisos Pasivos Permitidos/input_Salida Nomina_form_vacaciones'

2022-06-10 08:40:59 - [TEST_STEP][PASSED] - selectOptionByIndex(findTestObject("1-OBJECTS TAREAS PRINCIPALES/Modulo Tarea Compensacion/Dias con Permisos Pasivos Permitidos/select_SeleccioneChequeEntidad_"), "3"): All options with index in [3] are selected on object 'Object Repository/1-OBJECTS TAREAS PRINCIPALES/Modulo Tarea Compensacion/Dias con Permisos Pasivos Permitidos/select_SeleccioneChequeEntidad_'

2022-06-10 08:41:00 - [MESSAGE][PASSED] - All options with index in [3] are selected on object 'Object Repository/1-OBJECTS TAREAS PRINCIPALES/Modulo Tarea Compensacion/Dias con Permisos Pasivos Permitidos/select_SeleccioneChequeEntidad_'

2022-06-10 08:41:00 - [TEST_STEP][PASSED] - setText(findTestObject("1-OBJECTS TAREAS PRINCIPALES/Modulo Tarea Compensacion/Dias con Permisos Pasivos Permitidos/input_Pago_form_vacacionesEmpleado"), "01/06/2021"): Text '01/06/2021' is set on object 'Object Repository/1-OBJECTS TAREAS PRINCIPALES/Modulo Tarea Compensacion/Dias con Permisos Pasivos Permitidos/input_Pago_form_vacacionesEmpleado'

2022-06-10 08:41:01 - [MESSAGE][PASSED] - Text '01/06/2021' is set on object 'Object Repository/1-OBJECTS TAREAS PRINCIPALES/Modulo Tarea Compensacion/Dias con Permisos Pasivos Permitidos/input_Pago_form_vacacionesEmpleado'

2022-06-10 08:41:01 - [TEST_STEP][PASSED] - sendKeys(findTestObject("1-OBJECTS TAREAS PRINCIPALES/Modulo Tarea Compensacion/Dias con Permisos Pasivos Permitidos/input_Pago_form_vacacionesEmpleado"), Keys.chord(ENTER)): Keys 'ENTER + ' sent to object: 'Object Repository/1-OBJECTS TAREAS PRINCIPALES/Modulo Tarea Compensacion/Dias con Permisos Pasivos Permitidos/input_Pago_form_vacacionesEmpleado'

2022-06-10 08:41:01 - [MESSAGE][PASSED] - Keys 'ENTER + ' sent to object: 'Object Repository/1-OBJECTS TAREAS PRINCIPALES/Modulo Tarea Compensacion/Dias con Permisos Pasivos Permitidos/input_Pago_form_vacacionesEmpleado'

2022-06-10 08:41:01 - [TEST_STEP][PASSED] - setText(findTestObject("1-OBJECTS TAREAS PRINCIPALES/Modulo Tarea Compensacion/Dias con Permisos Pasivos Permitidos/input_Disfrute_form_vacacionesEmpleado"), "1"): Text '1' is set on object 'Object Repository/1-OBJECTS TAREAS PRINCIPALES/Modulo Tarea Compensacion/Dias con Permisos Pasivos Permitidos/input_Disfrute_form_vacacionesEmpleado'

2022-06-10 08:41:02 - [MESSAGE][PASSED] - Text '1' is set on object 'Object Repository/1-OBJECTS TAREAS PRINCIPALES/Modulo Tarea Compensacion/Dias con Permisos Pasivos Permitidos/input_Disfrute_form_vacacionesEmpleado'

2022-06-10 08:41:02 - [TEST_STEP][PASSED] - setText(findTestObject("1-OBJECTS TAREAS PRINCIPALES/Modulo Tarea Compensacion/Dias con Permisos Pasivos Permitidos/input_Compensados_form_vacaciones"), "1"): Text '1' is set on object 'Object Repository/1-OBJECTS TAREAS PRINCIPALES/Modulo Tarea Compensacion/Dias con Permisos Pasivos Permitidos/input_Compensados_form_vacaciones'

2022-06-10 08:41:03 - [MESSAGE][PASSED] - Text '1' is set on object 'Object Repository/1-OBJECTS TAREAS PRINCIPALES/Modulo Tarea Compensacion/Dias con Permisos Pasivos Permitidos/input_Compensados_form_vacaciones'

2022-06-10 08:41:03 - [TEST_STEP][PASSED] - setText(findTestObject("1-OBJECTS TAREAS PRINCIPALES/Modulo Tarea Compensacion/Dias con Permisos Pasivos Permitidos/textarea_Observacin_form_vacaciones"), "Pruebas sara"): Text 'Pruebas sara' is set on object 'Object Repository/1-OBJECTS TAREAS PRINCIPALES/Modulo Tarea Compensacion/Dias con Permisos Pasivos Permitidos/textarea_Observacin_form_vacaciones'

2022-06-10 08:41:03 - [MESSAGE][PASSED] - Text 'Pruebas sara' is set on object 'Object Repository/1-OBJECTS TAREAS PRINCIPALES/Modulo Tarea Compensacion/Dias con Permisos Pasivos Permitidos/textarea_Observacin_form_vacaciones'

2022-06-10 08:41:03 - [TEST_STEP][PASSED] - waitForElementClickable(findTestObject("1-OBJECTS TAREAS PRINCIPALES/Modulo Tarea Compensacion/Dias con Permisos Pasivos Permitidos/a_Verificar"), G_TimeOut): Object 'Object Repository/1-OBJECTS TAREAS PRINCIPALES/Modulo Tarea Compensacion/Dias con Permisos Pasivos Permitidos/a_Verificar' is clickable

2022-06-10 08:41:04 - [MESSAGE][PASSED] - Object 'Object Repository/1-OBJECTS TAREAS PRINCIPALES/Modulo Tarea Compensacion/Dias con Permisos Pasivos Permitidos/a_Verificar' is clickable

2022-06-10 08:41:04 - [TEST_STEP][PASSED] - click(findTestObject("1-OBJECTS TAREAS PRINCIPALES/Modulo Tarea Compensacion/Dias con Permisos Pasivos Permitidos/a_Verificar")): Object: 'Object Repository/1-OBJECTS TAREAS PRINCIPALES/Modulo Tarea Compensacion/Dias con Permisos Pasivos Permitidos/a_Verificar' is clicked on

2022-06-10 08:41:04 - [MESSAGE][PASSED] - Object: 'Object Repository/1-OBJECTS TAREAS PRINCIPALES/Modulo Tarea Compensacion/Dias con Permisos Pasivos Permitidos/a_Verificar' is clicked on

2022-06-10 08:41:04 - [TEST_STEP][PASSED] - waitForElementClickable(findTestObject("1-OBJECTS TAREAS PRINCIPALES/Modulo Tarea Compensacion/Dias con Permisos Pasivos Permitidos/a_Guardar_solicitudes"), 0): Web element with id: 'Object Repository/1-OBJECTS TAREAS PRINCIPALES/Modulo Tarea Compensacion/Dias con Permisos Pasivos Permitidos/a_Guardar_solicitudes' located by '//*/text()[normalize-space(.)='Guardar Legalizar']/parent::*' not found

2022-06-10 08:41:04 - [MESSAGE][WARNING] - Timeout '0' is invalid. Using default page load timeout: '37'

2022-06-10 08:41:42 - [MESSAGE][INFO] - Unable to find the element located by 'By.xpath: //*/text()[normalize-space(.)='Guardar Legalizar']/parent::*'. Please recheck the objects properties to make sure the desired element is located. 

2022-06-10 08:41:42 - [MESSAGE][WARNING] - Web element with id: 'Object Repository/1-OBJECTS TAREAS PRINCIPALES/Modulo Tarea Compensacion/Dias con Permisos Pasivos Permitidos/a_Guardar_solicitudes' located by '//*/text()[normalize-space(.)='Guardar Legalizar']/parent::*' not found

2022-06-10 08:41:42 - [TEST_STEP][FAILED] - click(findTestObject("1-OBJECTS TAREAS PRINCIPALES/Modulo Tarea Compensacion/Dias con Permisos Pasivos Permitidos/a_Guardar_solicitudes")): Unable to click on object 'Object Repository/1-OBJECTS TAREAS PRINCIPALES/Modulo Tarea Compensacion/Dias con Permisos Pasivos Permitidos/a_Guardar_solicitudes' (Root cause: com.kms.katalon.core.exception.StepFailedException: Unable to click on object 'Object Repository/1-OBJECTS TAREAS PRINCIPALES/Modulo Tarea Compensacion/Dias con Permisos Pasivos Permitidos/a_Guardar_solicitudes'
	at com.kms.katalon.core.webui.keyword.internal.WebUIKeywordMain.stepFailed(WebUIKeywordMain.groovy:64)
	at com.kms.katalon.core.webui.keyword.internal.WebUIKeywordMain.runKeyword(WebUIKeywordMain.groovy:26)
	at com.kms.katalon.core.webui.keyword.builtin.ClickKeyword.click(ClickKeyword.groovy:74)
	at com.kms.katalon.core.webui.keyword.builtin.ClickKeyword.execute(ClickKeyword.groovy:40)
	at com.kms.katalon.core.keyword.internal.KeywordExecutor.executeKeywordForPlatform(KeywordExecutor.groovy:74)
	at com.kms.katalon.core.webui.keyword.WebUiBuiltInKeywords.click(WebUiBuiltInKeywords.groovy:620)
	at com.kms.katalon.core.webui.keyword.WebUiBuiltInKeywords$click$5.call(Unknown Source)
	at 1.1.6-crear vacaciones.run(1.1.6-crear vacaciones:177)
	at com.kms.katalon.core.main.ScriptEngine.run(ScriptEngine.java:194)
	at com.kms.katalon.core.main.ScriptEngine.runScriptAsRawText(ScriptEngine.java:119)
	at com.kms.katalon.core.main.TestCaseExecutor.runScript(TestCaseExecutor.java:445)
	at com.kms.katalon.core.main.TestCaseExecutor.doExecute(TestCaseExecutor.java:436)
	at com.kms.katalon.core.main.TestCaseExecutor.processExecutionPhase(TestCaseExecutor.java:415)
	at com.kms.katalon.core.main.TestCaseExecutor.accessMainPhase(TestCaseExecutor.java:407)
	at com.kms.katalon.core.main.TestCaseExecutor.execute(TestCaseExecutor.java:284)
	at com.kms.katalon.core.main.TestCaseMain.runTestCase(TestCaseMain.java:142)
	at com.kms.katalon.core.keyword.builtin.CallTestCaseKeyword$_callTestCase_closure1.doCall(CallTestCaseKeyword.groovy:59)
	at com.kms.katalon.core.keyword.builtin.CallTestCaseKeyword$_callTestCase_closure1.call(CallTestCaseKeyword.groovy)
	at com.kms.katalon.core.keyword.internal.KeywordMain.runKeyword(KeywordMain.groovy:74)
	at com.kms.katalon.core.keyword.builtin.CallTestCaseKeyword.callTestCase(CallTestCaseKeyword.groovy:81)
	at com.kms.katalon.core.keyword.builtin.CallTestCaseKeyword.execute(CallTestCaseKeyword.groovy:44)
	at com.kms.katalon.core.keyword.internal.KeywordExecutor.executeKeywordForPlatform(KeywordExecutor.groovy:74)
	at com.kms.katalon.core.keyword.BuiltinKeywords.callTestCase(BuiltinKeywords.groovy:334)
	at 1.1.7-Generar Vacaciones.run(1.1.7-Generar Vacaciones:19)
	at com.kms.katalon.core.main.ScriptEngine.run(ScriptEngine.java:194)
	at com.kms.katalon.core.main.ScriptEngine.runScriptAsRawText(ScriptEngine.java:119)
	at com.kms.katalon.core.main.TestCaseExecutor.runScript(TestCaseExecutor.java:445)
	at com.kms.katalon.core.main.TestCaseExecutor.doExecute(TestCaseExecutor.java:436)
	at com.kms.katalon.core.main.TestCaseExecutor.processExecutionPhase(TestCaseExecutor.java:415)
	at com.kms.katalon.core.main.TestCaseExecutor.accessMainPhase(TestCaseExecutor.java:407)
	at com.kms.katalon.core.main.TestCaseExecutor.execute(TestCaseExecutor.java:284)
	at com.kms.katalon.core.main.TestCaseMain.runTestCase(TestCaseMain.java:142)
	at com.kms.katalon.core.keyword.builtin.CallTestCaseKeyword$_callTestCase_closure1.doCall(CallTestCaseKeyword.groovy:59)
	at com.kms.katalon.core.keyword.builtin.CallTestCaseKeyword$_callTestCase_closure1.call(CallTestCaseKeyword.groovy)
	at com.kms.katalon.core.keyword.internal.KeywordMain.runKeyword(KeywordMain.groovy:74)
	at com.kms.katalon.core.keyword.builtin.CallTestCaseKeyword.callTestCase(CallTestCaseKeyword.groovy:81)
	at com.kms.katalon.core.keyword.builtin.CallTestCaseKeyword.execute(CallTestCaseKeyword.groovy:44)
	at com.kms.katalon.core.keyword.internal.KeywordExecutor.executeKeywordForPlatform(KeywordExecutor.groovy:74)
	at com.kms.katalon.core.keyword.BuiltinKeywords.callTestCase(BuiltinKeywords.groovy:334)
	at 1.1.8-Mantenimiento de Vacaciones Reliquidar.run(1.1.8-Mantenimiento de Vacaciones Reliquidar:41)
	at com.kms.katalon.core.main.ScriptEngine.run(ScriptEngine.java:194)
	at com.kms.katalon.core.main.ScriptEngine.runScriptAsRawText(ScriptEngine.java:119)
	at com.kms.katalon.core.main.TestCaseExecutor.runScript(TestCaseExecutor.java:445)
	at com.kms.katalon.core.main.TestCaseExecutor.doExecute(TestCaseExecutor.java:436)
	at com.kms.katalon.core.main.TestCaseExecutor.processExecutionPhase(TestCaseExecutor.java:415)
	at com.kms.katalon.core.main.TestCaseExecutor.accessMainPhase(TestCaseExecutor.java:407)
	at com.kms.katalon.core.main.TestCaseExecutor.execute(TestCaseExecutor.java:284)
	at com.kms.katalon.core.main.TestCaseMain.runTestCase(TestCaseMain.java:142)
	at com.kms.katalon.core.keyword.builtin.CallTestCaseKeyword$_callTestCase_closure1.doCall(CallTestCaseKeyword.groovy:59)
	at com.kms.katalon.core.keyword.builtin.CallTestCaseKeyword$_callTestCase_closure1.call(CallTestCaseKeyword.groovy)
	at com.kms.katalon.core.keyword.internal.KeywordMain.runKeyword(KeywordMain.groovy:74)
	at com.kms.katalon.core.keyword.builtin.CallTestCaseKeyword.callTestCase(CallTestCaseKeyword.groovy:81)
	at com.kms.katalon.core.keyword.builtin.CallTestCaseKeyword.execute(CallTestCaseKeyword.groovy:44)
	at com.kms.katalon.core.keyword.internal.KeywordExecutor.executeKeywordForPlatform(KeywordExecutor.groovy:74)
	at com.kms.katalon.core.keyword.BuiltinKeywords.callTestCase(BuiltinKeywords.groovy:334)
	at 1.2.1-Reversar Vacaciones.run(1.2.1-Reversar Vacaciones:18)
	at com.kms.katalon.core.main.ScriptEngine.run(ScriptEngine.java:194)
	at com.kms.katalon.core.main.ScriptEngine.runScriptAsRawText(ScriptEngine.java:119)
	at com.kms.katalon.core.main.TestCaseExecutor.runScript(TestCaseExecutor.java:445)
	at com.kms.katalon.core.main.TestCaseExecutor.doExecute(TestCaseExecutor.java:436)
	at com.kms.katalon.core.main.TestCaseExecutor.processExecutionPhase(TestCaseExecutor.java:415)
	at com.kms.katalon.core.main.TestCaseExecutor.accessMainPhase(TestCaseExecutor.java:407)
	at com.kms.katalon.core.main.TestCaseExecutor.execute(TestCaseExecutor.java:284)
	at com.kms.katalon.core.common.CommonExecutor.accessTestCaseMainPhase(CommonExecutor.java:65)
	at com.kms.katalon.core.main.TestSuiteExecutor.accessTestSuiteMainPhase(TestSuiteExecutor.java:144)
	at com.kms.katalon.core.main.TestSuiteExecutor.execute(TestSuiteExecutor.java:106)
	at com.kms.katalon.core.main.TestCaseMain.startTestSuite(TestCaseMain.java:185)
	at com.kms.katalon.core.main.TestCaseMain$startTestSuite$0.call(Unknown Source)
	at TempTestSuite1654867643956.run(TempTestSuite1654867643956.groovy:36)
Caused by: com.kms.katalon.core.webui.exception.WebElementNotFoundException: Web element with id: 'Object Repository/1-OBJECTS TAREAS PRINCIPALES/Modulo Tarea Compensacion/Dias con Permisos Pasivos Permitidos/a_Guardar_solicitudes' located by '//*/text()[normalize-space(.)='Guardar Legalizar']/parent::*' not found
	at com.kms.katalon.core.webui.common.WebUiCommonHelper.findWebElement(WebUiCommonHelper.java:1370)
	at com.kms.katalon.core.webui.keyword.internal.WebUIAbstractKeyword.findWebElement(WebUIAbstractKeyword.groovy:27)
	at com.kms.katalon.core.webui.keyword.builtin.ClickKeyword$_click_closure1.doCall(ClickKeyword.groovy:65)
	at com.kms.katalon.core.webui.keyword.builtin.ClickKeyword$_click_closure1.call(ClickKeyword.groovy)
	at com.kms.katalon.core.webui.keyword.internal.WebUIKeywordMain.runKeyword(WebUIKeywordMain.groovy:20)
	at com.kms.katalon.core.webui.keyword.builtin.ClickKeyword.click(ClickKeyword.groovy:74)
	at com.kms.katalon.core.webui.keyword.builtin.ClickKeyword.execute(ClickKeyword.groovy:40)
	at com.kms.katalon.core.keyword.internal.KeywordExecutor.executeKeywordForPlatform(KeywordExecutor.groovy:74)
	at com.kms.katalon.core.webui.keyword.WebUiBuiltInKeywords.click(WebUiBuiltInKeywords.groovy:620)
	at com.kms.katalon.core.webui.keyword.WebUiBuiltInKeywords$click$5.call(Unknown Source)
	at Script1548865857907.run(Script1548865857907.groovy:177)
	at com.kms.katalon.core.main.ScriptEngine.run(ScriptEngine.java:194)
	at com.kms.katalon.core.main.ScriptEngine.runScriptAsRawText(ScriptEngine.java:119)
	at com.kms.katalon.core.main.TestCaseExecutor.runScript(TestCaseExecutor.java:445)
	at com.kms.katalon.core.main.TestCaseExecutor.doExecute(TestCaseExecutor.java:436)
	at com.kms.katalon.core.main.TestCaseExecutor.processExecutionPhase(TestCaseExecutor.java:415)
	at com.kms.katalon.core.main.TestCaseExecutor.accessMainPhase(TestCaseExecutor.java:407)
	at com.kms.katalon.core.main.TestCaseExecutor.execute(TestCaseExecutor.java:284)
	at com.kms.katalon.core.main.TestCaseMain.runTestCase(TestCaseMain.java:142)
	at com.kms.katalon.core.keyword.builtin.CallTestCaseKeyword$_callTestCase_closure1.doCall(CallTestCaseKeyword.groovy:59)
	at com.kms.katalon.core.keyword.builtin.CallTestCaseKeyword$_callTestCase_closure1.call(CallTestCaseKeyword.groovy)
	at com.kms.katalon.core.keyword.internal.KeywordMain.runKeyword(KeywordMain.groovy:74)
	at com.kms.katalon.core.keyword.builtin.CallTestCaseKeyword.callTestCase(CallTestCaseKeyword.groovy:81)
	at com.kms.katalon.core.keyword.builtin.CallTestCaseKeyword.execute(CallTestCaseKeyword.groovy:44)
	at com.kms.katalon.core.keyword.internal.KeywordExecutor.executeKeywordForPlatform(KeywordExecutor.groovy:74)
	at com.kms.katalon.core.keyword.BuiltinKeywords.callTestCase(BuiltinKeywords.groovy:334)
	at Script1548864467260.run(Script1548864467260.groovy:19)
	at com.kms.katalon.core.main.ScriptEngine.run(ScriptEngine.java:194)
	at com.kms.katalon.core.main.ScriptEngine.runScriptAsRawText(ScriptEngine.java:119)
	at com.kms.katalon.core.main.TestCaseExecutor.runScript(TestCaseExecutor.java:445)
	at com.kms.katalon.core.main.TestCaseExecutor.doExecute(TestCaseExecutor.java:436)
	at com.kms.katalon.core.main.TestCaseExecutor.processExecutionPhase(TestCaseExecutor.java:415)
	at com.kms.katalon.core.main.TestCaseExecutor.accessMainPhase(TestCaseExecutor.java:407)
	at com.kms.katalon.core.main.TestCaseExecutor.execute(TestCaseExecutor.java:284)
	at com.kms.katalon.core.main.TestCaseMain.runTestCase(TestCaseMain.java:142)
	at com.kms.katalon.core.keyword.builtin.CallTestCaseKeyword$_callTestCase_closure1.doCall(CallTestCaseKeyword.groovy:59)
	at com.kms.katalon.core.keyword.builtin.CallTestCaseKeyword$_callTestCase_closure1.call(CallTestCaseKeyword.groovy)
	at com.kms.katalon.core.keyword.internal.KeywordMain.runKeyword(KeywordMain.groovy:74)
	at com.kms.katalon.core.keyword.builtin.CallTestCaseKeyword.callTestCase(CallTestCaseKeyword.groovy:81)
	at com.kms.katalon.core.keyword.builtin.CallTestCaseKeyword.execute(CallTestCaseKeyword.groovy:44)
	at com.kms.katalon.core.keyword.internal.KeywordExecutor.executeKeywordForPlatform(KeywordExecutor.groovy:74)
	at com.kms.katalon.core.keyword.BuiltinKeywords.callTestCase(BuiltinKeywords.groovy:334)
	at Script1548864505129.run(Script1548864505129.groovy:41)
	at com.kms.katalon.core.main.ScriptEngine.run(ScriptEngine.java:194)
	at com.kms.katalon.core.main.ScriptEngine.runScriptAsRawText(ScriptEngine.java:119)
	at com.kms.katalon.core.main.TestCaseExecutor.runScript(TestCaseExecutor.java:445)
	at com.kms.katalon.core.main.TestCaseExecutor.doExecute(TestCaseExecutor.java:436)
	at com.kms.katalon.core.main.TestCaseExecutor.processExecutionPhase(TestCaseExecutor.java:415)
	at com.kms.katalon.core.main.TestCaseExecutor.accessMainPhase(TestCaseExecutor.java:407)
	at com.kms.katalon.core.main.TestCaseExecutor.execute(TestCaseExecutor.java:284)
	at com.kms.katalon.core.main.TestCaseMain.runTestCase(TestCaseMain.java:142)
	at com.kms.katalon.core.keyword.builtin.CallTestCaseKeyword$_callTestCase_closure1.doCall(CallTestCaseKeyword.groovy:59)
	at com.kms.katalon.core.keyword.builtin.CallTestCaseKeyword$_callTestCase_closure1.call(CallTestCaseKeyword.groovy)
	at com.kms.katalon.core.keyword.internal.KeywordMain.runKeyword(KeywordMain.groovy:74)
	at com.kms.katalon.core.keyword.builtin.CallTestCaseKeyword.callTestCase(CallTestCaseKeyword.groovy:81)
	at com.kms.katalon.core.keyword.builtin.CallTestCaseKeyword.execute(CallTestCaseKeyword.groovy:44)
	at com.kms.katalon.core.keyword.internal.KeywordExecutor.executeKeywordForPlatform(KeywordExecutor.groovy:74)
	at com.kms.katalon.core.keyword.BuiltinKeywords.callTestCase(BuiltinKeywords.groovy:334)
	at Script1548864667831.run(Script1548864667831.groovy:18)
	... 13 more
)

2022-06-10 08:42:21 - [MESSAGE][INFO] - Unable to find the element located by 'By.xpath: //*/text()[normalize-space(.)='Guardar Legalizar']/parent::*'. Please recheck the objects properties to make sure the desired element is located. 

2022-06-10 08:42:21 - [MESSAGE][FAILED] - Unable to click on object 'Object Repository/1-OBJECTS TAREAS PRINCIPALES/Modulo Tarea Compensacion/Dias con Permisos Pasivos Permitidos/a_Guardar_solicitudes' (Root cause: com.kms.katalon.core.exception.StepFailedException: Unable to click on object 'Object Repository/1-OBJECTS TAREAS PRINCIPALES/Modulo Tarea Compensacion/Dias con Permisos Pasivos Permitidos/a_Guardar_solicitudes'
	at com.kms.katalon.core.webui.keyword.internal.WebUIKeywordMain.stepFailed(WebUIKeywordMain.groovy:64)
	at com.kms.katalon.core.webui.keyword.internal.WebUIKeywordMain.runKeyword(WebUIKeywordMain.groovy:26)
	at com.kms.katalon.core.webui.keyword.builtin.ClickKeyword.click(ClickKeyword.groovy:74)
	at com.kms.katalon.core.webui.keyword.builtin.ClickKeyword.execute(ClickKeyword.groovy:40)
	at com.kms.katalon.core.keyword.internal.KeywordExecutor.executeKeywordForPlatform(KeywordExecutor.groovy:74)
	at com.kms.katalon.core.webui.keyword.WebUiBuiltInKeywords.click(WebUiBuiltInKeywords.groovy:620)
	at com.kms.katalon.core.webui.keyword.WebUiBuiltInKeywords$click$5.call(Unknown Source)
	at 1.1.6-crear vacaciones.run(1.1.6-crear vacaciones:177)
	at com.kms.katalon.core.main.ScriptEngine.run(ScriptEngine.java:194)
	at com.kms.katalon.core.main.ScriptEngine.runScriptAsRawText(ScriptEngine.java:119)
	at com.kms.katalon.core.main.TestCaseExecutor.runScript(TestCaseExecutor.java:445)
	at com.kms.katalon.core.main.TestCaseExecutor.doExecute(TestCaseExecutor.java:436)
	at com.kms.katalon.core.main.TestCaseExecutor.processExecutionPhase(TestCaseExecutor.java:415)
	at com.kms.katalon.core.main.TestCaseExecutor.accessMainPhase(TestCaseExecutor.java:407)
	at com.kms.katalon.core.main.TestCaseExecutor.execute(TestCaseExecutor.java:284)
	at com.kms.katalon.core.main.TestCaseMain.runTestCase(TestCaseMain.java:142)
	at com.kms.katalon.core.keyword.builtin.CallTestCaseKeyword$_callTestCase_closure1.doCall(CallTestCaseKeyword.groovy:59)
	at com.kms.katalon.core.keyword.builtin.CallTestCaseKeyword$_callTestCase_closure1.call(CallTestCaseKeyword.groovy)
	at com.kms.katalon.core.keyword.internal.KeywordMain.runKeyword(KeywordMain.groovy:74)
	at com.kms.katalon.core.keyword.builtin.CallTestCaseKeyword.callTestCase(CallTestCaseKeyword.groovy:81)
	at com.kms.katalon.core.keyword.builtin.CallTestCaseKeyword.execute(CallTestCaseKeyword.groovy:44)
	at com.kms.katalon.core.keyword.internal.KeywordExecutor.executeKeywordForPlatform(KeywordExecutor.groovy:74)
	at com.kms.katalon.core.keyword.BuiltinKeywords.callTestCase(BuiltinKeywords.groovy:334)
	at 1.1.7-Generar Vacaciones.run(1.1.7-Generar Vacaciones:19)
	at com.kms.katalon.core.main.ScriptEngine.run(ScriptEngine.java:194)
	at com.kms.katalon.core.main.ScriptEngine.runScriptAsRawText(ScriptEngine.java:119)
	at com.kms.katalon.core.main.TestCaseExecutor.runScript(TestCaseExecutor.java:445)
	at com.kms.katalon.core.main.TestCaseExecutor.doExecute(TestCaseExecutor.java:436)
	at com.kms.katalon.core.main.TestCaseExecutor.processExecutionPhase(TestCaseExecutor.java:415)
	at com.kms.katalon.core.main.TestCaseExecutor.accessMainPhase(TestCaseExecutor.java:407)
	at com.kms.katalon.core.main.TestCaseExecutor.execute(TestCaseExecutor.java:284)
	at com.kms.katalon.core.main.TestCaseMain.runTestCase(TestCaseMain.java:142)
	at com.kms.katalon.core.keyword.builtin.CallTestCaseKeyword$_callTestCase_closure1.doCall(CallTestCaseKeyword.groovy:59)
	at com.kms.katalon.core.keyword.builtin.CallTestCaseKeyword$_callTestCase_closure1.call(CallTestCaseKeyword.groovy)
	at com.kms.katalon.core.keyword.internal.KeywordMain.runKeyword(KeywordMain.groovy:74)
	at com.kms.katalon.core.keyword.builtin.CallTestCaseKeyword.callTestCase(CallTestCaseKeyword.groovy:81)
	at com.kms.katalon.core.keyword.builtin.CallTestCaseKeyword.execute(CallTestCaseKeyword.groovy:44)
	at com.kms.katalon.core.keyword.internal.KeywordExecutor.executeKeywordForPlatform(KeywordExecutor.groovy:74)
	at com.kms.katalon.core.keyword.BuiltinKeywords.callTestCase(BuiltinKeywords.groovy:334)
	at 1.1.8-Mantenimiento de Vacaciones Reliquidar.run(1.1.8-Mantenimiento de Vacaciones Reliquidar:41)
	at com.kms.katalon.core.main.ScriptEngine.run(ScriptEngine.java:194)
	at com.kms.katalon.core.main.ScriptEngine.runScriptAsRawText(ScriptEngine.java:119)
	at com.kms.katalon.core.main.TestCaseExecutor.runScript(TestCaseExecutor.java:445)
	at com.kms.katalon.core.main.TestCaseExecutor.doExecute(TestCaseExecutor.java:436)
	at com.kms.katalon.core.main.TestCaseExecutor.processExecutionPhase(TestCaseExecutor.java:415)
	at com.kms.katalon.core.main.TestCaseExecutor.accessMainPhase(TestCaseExecutor.java:407)
	at com.kms.katalon.core.main.TestCaseExecutor.execute(TestCaseExecutor.java:284)
	at com.kms.katalon.core.main.TestCaseMain.runTestCase(TestCaseMain.java:142)
	at com.kms.katalon.core.keyword.builtin.CallTestCaseKeyword$_callTestCase_closure1.doCall(CallTestCaseKeyword.groovy:59)
	at com.kms.katalon.core.keyword.builtin.CallTestCaseKeyword$_callTestCase_closure1.call(CallTestCaseKeyword.groovy)
	at com.kms.katalon.core.keyword.internal.KeywordMain.runKeyword(KeywordMain.groovy:74)
	at com.kms.katalon.core.keyword.builtin.CallTestCaseKeyword.callTestCase(CallTestCaseKeyword.groovy:81)
	at com.kms.katalon.core.keyword.builtin.CallTestCaseKeyword.execute(CallTestCaseKeyword.groovy:44)
	at com.kms.katalon.core.keyword.internal.KeywordExecutor.executeKeywordForPlatform(KeywordExecutor.groovy:74)
	at com.kms.katalon.core.keyword.BuiltinKeywords.callTestCase(BuiltinKeywords.groovy:334)
	at 1.2.1-Reversar Vacaciones.run(1.2.1-Reversar Vacaciones:18)
	at com.kms.katalon.core.main.ScriptEngine.run(ScriptEngine.java:194)
	at com.kms.katalon.core.main.ScriptEngine.runScriptAsRawText(ScriptEngine.java:119)
	at com.kms.katalon.core.main.TestCaseExecutor.runScript(TestCaseExecutor.java:445)
	at com.kms.katalon.core.main.TestCaseExecutor.doExecute(TestCaseExecutor.java:436)
	at com.kms.katalon.core.main.TestCaseExecutor.processExecutionPhase(TestCaseExecutor.java:415)
	at com.kms.katalon.core.main.TestCaseExecutor.accessMainPhase(TestCaseExecutor.java:407)
	at com.kms.katalon.core.main.TestCaseExecutor.execute(TestCaseExecutor.java:284)
	at com.kms.katalon.core.common.CommonExecutor.accessTestCaseMainPhase(CommonExecutor.java:65)
	at com.kms.katalon.core.main.TestSuiteExecutor.accessTestSuiteMainPhase(TestSuiteExecutor.java:144)
	at com.kms.katalon.core.main.TestSuiteExecutor.execute(TestSuiteExecutor.java:106)
	at com.kms.katalon.core.main.TestCaseMain.startTestSuite(TestCaseMain.java:185)
	at com.kms.katalon.core.main.TestCaseMain$startTestSuite$0.call(Unknown Source)
	at TempTestSuite1654867643956.run(TempTestSuite1654867643956.groovy:36)
Caused by: com.kms.katalon.core.webui.exception.WebElementNotFoundException: Web element with id: 'Object Repository/1-OBJECTS TAREAS PRINCIPALES/Modulo Tarea Compensacion/Dias con Permisos Pasivos Permitidos/a_Guardar_solicitudes' located by '//*/text()[normalize-space(.)='Guardar Legalizar']/parent::*' not found
	at com.kms.katalon.core.webui.common.WebUiCommonHelper.findWebElement(WebUiCommonHelper.java:1370)
	at com.kms.katalon.core.webui.keyword.internal.WebUIAbstractKeyword.findWebElement(WebUIAbstractKeyword.groovy:27)
	at com.kms.katalon.core.webui.keyword.builtin.ClickKeyword$_click_closure1.doCall(ClickKeyword.groovy:65)
	at com.kms.katalon.core.webui.keyword.builtin.ClickKeyword$_click_closure1.call(ClickKeyword.groovy)
	at com.kms.katalon.core.webui.keyword.internal.WebUIKeywordMain.runKeyword(WebUIKeywordMain.groovy:20)
	at com.kms.katalon.core.webui.keyword.builtin.ClickKeyword.click(ClickKeyword.groovy:74)
	at com.kms.katalon.core.webui.keyword.builtin.ClickKeyword.execute(ClickKeyword.groovy:40)
	at com.kms.katalon.core.keyword.internal.KeywordExecutor.executeKeywordForPlatform(KeywordExecutor.groovy:74)
	at com.kms.katalon.core.webui.keyword.WebUiBuiltInKeywords.click(WebUiBuiltInKeywords.groovy:620)
	at com.kms.katalon.core.webui.keyword.WebUiBuiltInKeywords$click$5.call(Unknown Source)
	at Script1548865857907.run(Script1548865857907.groovy:177)
	at com.kms.katalon.core.main.ScriptEngine.run(ScriptEngine.java:194)
	at com.kms.katalon.core.main.ScriptEngine.runScriptAsRawText(ScriptEngine.java:119)
	at com.kms.katalon.core.main.TestCaseExecutor.runScript(TestCaseExecutor.java:445)
	at com.kms.katalon.core.main.TestCaseExecutor.doExecute(TestCaseExecutor.java:436)
	at com.kms.katalon.core.main.TestCaseExecutor.processExecutionPhase(TestCaseExecutor.java:415)
	at com.kms.katalon.core.main.TestCaseExecutor.accessMainPhase(TestCaseExecutor.java:407)
	at com.kms.katalon.core.main.TestCaseExecutor.execute(TestCaseExecutor.java:284)
	at com.kms.katalon.core.main.TestCaseMain.runTestCase(TestCaseMain.java:142)
	at com.kms.katalon.core.keyword.builtin.CallTestCaseKeyword$_callTestCase_closure1.doCall(CallTestCaseKeyword.groovy:59)
	at com.kms.katalon.core.keyword.builtin.CallTestCaseKeyword$_callTestCase_closure1.call(CallTestCaseKeyword.groovy)
	at com.kms.katalon.core.keyword.internal.KeywordMain.runKeyword(KeywordMain.groovy:74)
	at com.kms.katalon.core.keyword.builtin.CallTestCaseKeyword.callTestCase(CallTestCaseKeyword.groovy:81)
	at com.kms.katalon.core.keyword.builtin.CallTestCaseKeyword.execute(CallTestCaseKeyword.groovy:44)
	at com.kms.katalon.core.keyword.internal.KeywordExecutor.executeKeywordForPlatform(KeywordExecutor.groovy:74)
	at com.kms.katalon.core.keyword.BuiltinKeywords.callTestCase(BuiltinKeywords.groovy:334)
	at Script1548864467260.run(Script1548864467260.groovy:19)
	at com.kms.katalon.core.main.ScriptEngine.run(ScriptEngine.java:194)
	at com.kms.katalon.core.main.ScriptEngine.runScriptAsRawText(ScriptEngine.java:119)
	at com.kms.katalon.core.main.TestCaseExecutor.runScript(TestCaseExecutor.java:445)
	at com.kms.katalon.core.main.TestCaseExecutor.doExecute(TestCaseExecutor.java:436)
	at com.kms.katalon.core.main.TestCaseExecutor.processExecutionPhase(TestCaseExecutor.java:415)
	at com.kms.katalon.core.main.TestCaseExecutor.accessMainPhase(TestCaseExecutor.java:407)
	at com.kms.katalon.core.main.TestCaseExecutor.execute(TestCaseExecutor.java:284)
	at com.kms.katalon.core.main.TestCaseMain.runTestCase(TestCaseMain.java:142)
	at com.kms.katalon.core.keyword.builtin.CallTestCaseKeyword$_callTestCase_closure1.doCall(CallTestCaseKeyword.groovy:59)
	at com.kms.katalon.core.keyword.builtin.CallTestCaseKeyword$_callTestCase_closure1.call(CallTestCaseKeyword.groovy)
	at com.kms.katalon.core.keyword.internal.KeywordMain.runKeyword(KeywordMain.groovy:74)
	at com.kms.katalon.core.keyword.builtin.CallTestCaseKeyword.callTestCase(CallTestCaseKeyword.groovy:81)
	at com.kms.katalon.core.keyword.builtin.CallTestCaseKeyword.execute(CallTestCaseKeyword.groovy:44)
	at com.kms.katalon.core.keyword.internal.KeywordExecutor.executeKeywordForPlatform(KeywordExecutor.groovy:74)
	at com.kms.katalon.core.keyword.BuiltinKeywords.callTestCase(BuiltinKeywords.groovy:334)
	at Script1548864505129.run(Script1548864505129.groovy:41)
	at com.kms.katalon.core.main.ScriptEngine.run(ScriptEngine.java:194)
	at com.kms.katalon.core.main.ScriptEngine.runScriptAsRawText(ScriptEngine.java:119)
	at com.kms.katalon.core.main.TestCaseExecutor.runScript(TestCaseExecutor.java:445)
	at com.kms.katalon.core.main.TestCaseExecutor.doExecute(TestCaseExecutor.java:436)
	at com.kms.katalon.core.main.TestCaseExecutor.processExecutionPhase(TestCaseExecutor.java:415)
	at com.kms.katalon.core.main.TestCaseExecutor.accessMainPhase(TestCaseExecutor.java:407)
	at com.kms.katalon.core.main.TestCaseExecutor.execute(TestCaseExecutor.java:284)
	at com.kms.katalon.core.main.TestCaseMain.runTestCase(TestCaseMain.java:142)
	at com.kms.katalon.core.keyword.builtin.CallTestCaseKeyword$_callTestCase_closure1.doCall(CallTestCaseKeyword.groovy:59)
	at com.kms.katalon.core.keyword.builtin.CallTestCaseKeyword$_callTestCase_closure1.call(CallTestCaseKeyword.groovy)
	at com.kms.katalon.core.keyword.internal.KeywordMain.runKeyword(KeywordMain.groovy:74)
	at com.kms.katalon.core.keyword.builtin.CallTestCaseKeyword.callTestCase(CallTestCaseKeyword.groovy:81)
	at com.kms.katalon.core.keyword.builtin.CallTestCaseKeyword.execute(CallTestCaseKeyword.groovy:44)
	at com.kms.katalon.core.keyword.internal.KeywordExecutor.executeKeywordForPlatform(KeywordExecutor.groovy:74)
	at com.kms.katalon.core.keyword.BuiltinKeywords.callTestCase(BuiltinKeywords.groovy:334)
	at Script1548864667831.run(Script1548864667831.groovy:18)
	... 13 more
)
[[ATTACHMENT|C:\\Users\\diego.rojas\\git\\Pruebas-Minimas\\Reports\\20220610_082723\\Test_Suite_Principales\\1-Tareas Principales\\20220610_082723\\1654868541167.png]]

2022-06-10 08:42:21 - [MESSAGE][FAILED] - Unable to call Test Case 'Test Cases/1.1-Tareas Principales/1.1.6-crear vacaciones' (Root cause: com.kms.katalon.core.exception.StepFailedException: Call Test Case 'Test Cases/1.1-Tareas Principales/1.1.6-crear vacaciones' failed
	at com.kms.katalon.core.keyword.builtin.CallTestCaseKeyword$_callTestCase_closure1.doCall(CallTestCaseKeyword.groovy:63)
	at com.kms.katalon.core.keyword.builtin.CallTestCaseKeyword$_callTestCase_closure1.call(CallTestCaseKeyword.groovy)
	at com.kms.katalon.core.keyword.internal.KeywordMain.runKeyword(KeywordMain.groovy:74)
	at com.kms.katalon.core.keyword.builtin.CallTestCaseKeyword.callTestCase(CallTestCaseKeyword.groovy:81)
	at com.kms.katalon.core.keyword.builtin.CallTestCaseKeyword.execute(CallTestCaseKeyword.groovy:44)
	at com.kms.katalon.core.keyword.internal.KeywordExecutor.executeKeywordForPlatform(KeywordExecutor.groovy:74)
	at com.kms.katalon.core.keyword.BuiltinKeywords.callTestCase(BuiltinKeywords.groovy:334)
	at 1.1.7-Generar Vacaciones.run(1.1.7-Generar Vacaciones:19)
	at com.kms.katalon.core.main.ScriptEngine.run(ScriptEngine.java:194)
	at com.kms.katalon.core.main.ScriptEngine.runScriptAsRawText(ScriptEngine.java:119)
	at com.kms.katalon.core.main.TestCaseExecutor.runScript(TestCaseExecutor.java:445)
	at com.kms.katalon.core.main.TestCaseExecutor.doExecute(TestCaseExecutor.java:436)
	at com.kms.katalon.core.main.TestCaseExecutor.processExecutionPhase(TestCaseExecutor.java:415)
	at com.kms.katalon.core.main.TestCaseExecutor.accessMainPhase(TestCaseExecutor.java:407)
	at com.kms.katalon.core.main.TestCaseExecutor.execute(TestCaseExecutor.java:284)
	at com.kms.katalon.core.main.TestCaseMain.runTestCase(TestCaseMain.java:142)
	at com.kms.katalon.core.keyword.builtin.CallTestCaseKeyword$_callTestCase_closure1.doCall(CallTestCaseKeyword.groovy:59)
	at com.kms.katalon.core.keyword.builtin.CallTestCaseKeyword$_callTestCase_closure1.call(CallTestCaseKeyword.groovy)
	at com.kms.katalon.core.keyword.internal.KeywordMain.runKeyword(KeywordMain.groovy:74)
	at com.kms.katalon.core.keyword.builtin.CallTestCaseKeyword.callTestCase(CallTestCaseKeyword.groovy:81)
	at com.kms.katalon.core.keyword.builtin.CallTestCaseKeyword.execute(CallTestCaseKeyword.groovy:44)
	at com.kms.katalon.core.keyword.internal.KeywordExecutor.executeKeywordForPlatform(KeywordExecutor.groovy:74)
	at com.kms.katalon.core.keyword.BuiltinKeywords.callTestCase(BuiltinKeywords.groovy:334)
	at 1.1.8-Mantenimiento de Vacaciones Reliquidar.run(1.1.8-Mantenimiento de Vacaciones Reliquidar:41)
	at com.kms.katalon.core.main.ScriptEngine.run(ScriptEngine.java:194)
	at com.kms.katalon.core.main.ScriptEngine.runScriptAsRawText(ScriptEngine.java:119)
	at com.kms.katalon.core.main.TestCaseExecutor.runScript(TestCaseExecutor.java:445)
	at com.kms.katalon.core.main.TestCaseExecutor.doExecute(TestCaseExecutor.java:436)
	at com.kms.katalon.core.main.TestCaseExecutor.processExecutionPhase(TestCaseExecutor.java:415)
	at com.kms.katalon.core.main.TestCaseExecutor.accessMainPhase(TestCaseExecutor.java:407)
	at com.kms.katalon.core.main.TestCaseExecutor.execute(TestCaseExecutor.java:284)
	at com.kms.katalon.core.main.TestCaseMain.runTestCase(TestCaseMain.java:142)
	at com.kms.katalon.core.keyword.builtin.CallTestCaseKeyword$_callTestCase_closure1.doCall(CallTestCaseKeyword.groovy:59)
	at com.kms.katalon.core.keyword.builtin.CallTestCaseKeyword$_callTestCase_closure1.call(CallTestCaseKeyword.groovy)
	at com.kms.katalon.core.keyword.internal.KeywordMain.runKeyword(KeywordMain.groovy:74)
	at com.kms.katalon.core.keyword.builtin.CallTestCaseKeyword.callTestCase(CallTestCaseKeyword.groovy:81)
	at com.kms.katalon.core.keyword.builtin.CallTestCaseKeyword.execute(CallTestCaseKeyword.groovy:44)
	at com.kms.katalon.core.keyword.internal.KeywordExecutor.executeKeywordForPlatform(KeywordExecutor.groovy:74)
	at com.kms.katalon.core.keyword.BuiltinKeywords.callTestCase(BuiltinKeywords.groovy:334)
	at 1.2.1-Reversar Vacaciones.run(1.2.1-Reversar Vacaciones:18)
	at com.kms.katalon.core.main.ScriptEngine.run(ScriptEngine.java:194)
	at com.kms.katalon.core.main.ScriptEngine.runScriptAsRawText(ScriptEngine.java:119)
	at com.kms.katalon.core.main.TestCaseExecutor.runScript(TestCaseExecutor.java:445)
	at com.kms.katalon.core.main.TestCaseExecutor.doExecute(TestCaseExecutor.java:436)
	at com.kms.katalon.core.main.TestCaseExecutor.processExecutionPhase(TestCaseExecutor.java:415)
	at com.kms.katalon.core.main.TestCaseExecutor.accessMainPhase(TestCaseExecutor.java:407)
	at com.kms.katalon.core.main.TestCaseExecutor.execute(TestCaseExecutor.java:284)
	at com.kms.katalon.core.common.CommonExecutor.accessTestCaseMainPhase(CommonExecutor.java:65)
	at com.kms.katalon.core.main.TestSuiteExecutor.accessTestSuiteMainPhase(TestSuiteExecutor.java:144)
	at com.kms.katalon.core.main.TestSuiteExecutor.execute(TestSuiteExecutor.java:106)
	at com.kms.katalon.core.main.TestCaseMain.startTestSuite(TestCaseMain.java:185)
	at com.kms.katalon.core.main.TestCaseMain$startTestSuite$0.call(Unknown Source)
	at TempTestSuite1654867643956.run(TempTestSuite1654867643956.groovy:36)
Caused by: com.kms.katalon.core.exception.StepFailedException: Unable to click on object 'Object Repository/1-OBJECTS TAREAS PRINCIPALES/Modulo Tarea Compensacion/Dias con Permisos Pasivos Permitidos/a_Guardar_solicitudes'
	at com.kms.katalon.core.webui.keyword.internal.WebUIKeywordMain.stepFailed(WebUIKeywordMain.groovy:64)
	at com.kms.katalon.core.webui.keyword.internal.WebUIKeywordMain.runKeyword(WebUIKeywordMain.groovy:26)
	at com.kms.katalon.core.webui.keyword.builtin.ClickKeyword.click(ClickKeyword.groovy:74)
	at com.kms.katalon.core.webui.keyword.builtin.ClickKeyword.execute(ClickKeyword.groovy:40)
	at com.kms.katalon.core.keyword.internal.KeywordExecutor.executeKeywordForPlatform(KeywordExecutor.groovy:74)
	at com.kms.katalon.core.webui.keyword.WebUiBuiltInKeywords.click(WebUiBuiltInKeywords.groovy:620)
	at com.kms.katalon.core.webui.keyword.WebUiBuiltInKeywords$click$5.call(Unknown Source)
	at 1.1.6-crear vacaciones.run(1.1.6-crear vacaciones:177)
	at com.kms.katalon.core.main.ScriptEngine.run(ScriptEngine.java:194)
	at com.kms.katalon.core.main.ScriptEngine.runScriptAsRawText(ScriptEngine.java:119)
	at com.kms.katalon.core.main.TestCaseExecutor.runScript(TestCaseExecutor.java:445)
	at com.kms.katalon.core.main.TestCaseExecutor.doExecute(TestCaseExecutor.java:436)
	at com.kms.katalon.core.main.TestCaseExecutor.processExecutionPhase(TestCaseExecutor.java:415)
	at com.kms.katalon.core.main.TestCaseExecutor.accessMainPhase(TestCaseExecutor.java:407)
	at com.kms.katalon.core.main.TestCaseExecutor.execute(TestCaseExecutor.java:284)
	at com.kms.katalon.core.main.TestCaseMain.runTestCase(TestCaseMain.java:142)
	at com.kms.katalon.core.keyword.builtin.CallTestCaseKeyword$_callTestCase_closure1.doCall(CallTestCaseKeyword.groovy:59)
	... 52 more
Caused by: com.kms.katalon.core.webui.exception.WebElementNotFoundException: Web element with id: 'Object Repository/1-OBJECTS TAREAS PRINCIPALES/Modulo Tarea Compensacion/Dias con Permisos Pasivos Permitidos/a_Guardar_solicitudes' located by '//*/text()[normalize-space(.)='Guardar Legalizar']/parent::*' not found
	at com.kms.katalon.core.webui.common.WebUiCommonHelper.findWebElement(WebUiCommonHelper.java:1370)
	at com.kms.katalon.core.webui.keyword.internal.WebUIAbstractKeyword.findWebElement(WebUIAbstractKeyword.groovy:27)
	at com.kms.katalon.core.webui.keyword.builtin.ClickKeyword$_click_closure1.doCall(ClickKeyword.groovy:65)
	at com.kms.katalon.core.webui.keyword.builtin.ClickKeyword$_click_closure1.call(ClickKeyword.groovy)
	at com.kms.katalon.core.webui.keyword.internal.WebUIKeywordMain.runKeyword(WebUIKeywordMain.groovy:20)
	... 67 more
)

2022-06-10 08:42:21 - [MESSAGE][FAILED] - Unable to call Test Case 'Test Cases/1.1-Tareas Principales/1.1.7-Generar Vacaciones' (Root cause: com.kms.katalon.core.exception.StepFailedException: Call Test Case 'Test Cases/1.1-Tareas Principales/1.1.7-Generar Vacaciones' failed
	at com.kms.katalon.core.keyword.builtin.CallTestCaseKeyword$_callTestCase_closure1.doCall(CallTestCaseKeyword.groovy:63)
	at com.kms.katalon.core.keyword.builtin.CallTestCaseKeyword$_callTestCase_closure1.call(CallTestCaseKeyword.groovy)
	at com.kms.katalon.core.keyword.internal.KeywordMain.runKeyword(KeywordMain.groovy:74)
	at com.kms.katalon.core.keyword.builtin.CallTestCaseKeyword.callTestCase(CallTestCaseKeyword.groovy:81)
	at com.kms.katalon.core.keyword.builtin.CallTestCaseKeyword.execute(CallTestCaseKeyword.groovy:44)
	at com.kms.katalon.core.keyword.internal.KeywordExecutor.executeKeywordForPlatform(KeywordExecutor.groovy:74)
	at com.kms.katalon.core.keyword.BuiltinKeywords.callTestCase(BuiltinKeywords.groovy:334)
	at 1.1.8-Mantenimiento de Vacaciones Reliquidar.run(1.1.8-Mantenimiento de Vacaciones Reliquidar:41)
	at com.kms.katalon.core.main.ScriptEngine.run(ScriptEngine.java:194)
	at com.kms.katalon.core.main.ScriptEngine.runScriptAsRawText(ScriptEngine.java:119)
	at com.kms.katalon.core.main.TestCaseExecutor.runScript(TestCaseExecutor.java:445)
	at com.kms.katalon.core.main.TestCaseExecutor.doExecute(TestCaseExecutor.java:436)
	at com.kms.katalon.core.main.TestCaseExecutor.processExecutionPhase(TestCaseExecutor.java:415)
	at com.kms.katalon.core.main.TestCaseExecutor.accessMainPhase(TestCaseExecutor.java:407)
	at com.kms.katalon.core.main.TestCaseExecutor.execute(TestCaseExecutor.java:284)
	at com.kms.katalon.core.main.TestCaseMain.runTestCase(TestCaseMain.java:142)
	at com.kms.katalon.core.keyword.builtin.CallTestCaseKeyword$_callTestCase_closure1.doCall(CallTestCaseKeyword.groovy:59)
	at com.kms.katalon.core.keyword.builtin.CallTestCaseKeyword$_callTestCase_closure1.call(CallTestCaseKeyword.groovy)
	at com.kms.katalon.core.keyword.internal.KeywordMain.runKeyword(KeywordMain.groovy:74)
	at com.kms.katalon.core.keyword.builtin.CallTestCaseKeyword.callTestCase(CallTestCaseKeyword.groovy:81)
	at com.kms.katalon.core.keyword.builtin.CallTestCaseKeyword.execute(CallTestCaseKeyword.groovy:44)
	at com.kms.katalon.core.keyword.internal.KeywordExecutor.executeKeywordForPlatform(KeywordExecutor.groovy:74)
	at com.kms.katalon.core.keyword.BuiltinKeywords.callTestCase(BuiltinKeywords.groovy:334)
	at 1.2.1-Reversar Vacaciones.run(1.2.1-Reversar Vacaciones:18)
	at com.kms.katalon.core.main.ScriptEngine.run(ScriptEngine.java:194)
	at com.kms.katalon.core.main.ScriptEngine.runScriptAsRawText(ScriptEngine.java:119)
	at com.kms.katalon.core.main.TestCaseExecutor.runScript(TestCaseExecutor.java:445)
	at com.kms.katalon.core.main.TestCaseExecutor.doExecute(TestCaseExecutor.java:436)
	at com.kms.katalon.core.main.TestCaseExecutor.processExecutionPhase(TestCaseExecutor.java:415)
	at com.kms.katalon.core.main.TestCaseExecutor.accessMainPhase(TestCaseExecutor.java:407)
	at com.kms.katalon.core.main.TestCaseExecutor.execute(TestCaseExecutor.java:284)
	at com.kms.katalon.core.common.CommonExecutor.accessTestCaseMainPhase(CommonExecutor.java:65)
	at com.kms.katalon.core.main.TestSuiteExecutor.accessTestSuiteMainPhase(TestSuiteExecutor.java:144)
	at com.kms.katalon.core.main.TestSuiteExecutor.execute(TestSuiteExecutor.java:106)
	at com.kms.katalon.core.main.TestCaseMain.startTestSuite(TestCaseMain.java:185)
	at com.kms.katalon.core.main.TestCaseMain$startTestSuite$0.call(Unknown Source)
	at TempTestSuite1654867643956.run(TempTestSuite1654867643956.groovy:36)
Caused by: com.kms.katalon.core.exception.StepFailedException: Call Test Case 'Test Cases/1.1-Tareas Principales/1.1.6-crear vacaciones' failed
	at com.kms.katalon.core.keyword.builtin.CallTestCaseKeyword$_callTestCase_closure1.doCall(CallTestCaseKeyword.groovy:63)
	at com.kms.katalon.core.keyword.builtin.CallTestCaseKeyword$_callTestCase_closure1.call(CallTestCaseKeyword.groovy)
	at com.kms.katalon.core.keyword.internal.KeywordMain.runKeyword(KeywordMain.groovy:74)
	at com.kms.katalon.core.keyword.builtin.CallTestCaseKeyword.callTestCase(CallTestCaseKeyword.groovy:81)
	at com.kms.katalon.core.keyword.builtin.CallTestCaseKeyword.execute(CallTestCaseKeyword.groovy:44)
	at com.kms.katalon.core.keyword.internal.KeywordExecutor.executeKeywordForPlatform(KeywordExecutor.groovy:74)
	at com.kms.katalon.core.keyword.BuiltinKeywords.callTestCase(BuiltinKeywords.groovy:334)
	at 1.1.7-Generar Vacaciones.run(1.1.7-Generar Vacaciones:19)
	at com.kms.katalon.core.main.ScriptEngine.run(ScriptEngine.java:194)
	at com.kms.katalon.core.main.ScriptEngine.runScriptAsRawText(ScriptEngine.java:119)
	at com.kms.katalon.core.main.TestCaseExecutor.runScript(TestCaseExecutor.java:445)
	at com.kms.katalon.core.main.TestCaseExecutor.doExecute(TestCaseExecutor.java:436)
	at com.kms.katalon.core.main.TestCaseExecutor.processExecutionPhase(TestCaseExecutor.java:415)
	at com.kms.katalon.core.main.TestCaseExecutor.accessMainPhase(TestCaseExecutor.java:407)
	at com.kms.katalon.core.main.TestCaseExecutor.execute(TestCaseExecutor.java:284)
	at com.kms.katalon.core.main.TestCaseMain.runTestCase(TestCaseMain.java:142)
	at com.kms.katalon.core.keyword.builtin.CallTestCaseKeyword$_callTestCase_closure1.doCall(CallTestCaseKeyword.groovy:59)
	... 36 more
Caused by: com.kms.katalon.core.exception.StepFailedException: Unable to click on object 'Object Repository/1-OBJECTS TAREAS PRINCIPALES/Modulo Tarea Compensacion/Dias con Permisos Pasivos Permitidos/a_Guardar_solicitudes'
	at com.kms.katalon.core.webui.keyword.internal.WebUIKeywordMain.stepFailed(WebUIKeywordMain.groovy:64)
	at com.kms.katalon.core.webui.keyword.internal.WebUIKeywordMain.runKeyword(WebUIKeywordMain.groovy:26)
	at com.kms.katalon.core.webui.keyword.builtin.ClickKeyword.click(ClickKeyword.groovy:74)
	at com.kms.katalon.core.webui.keyword.builtin.ClickKeyword.execute(ClickKeyword.groovy:40)
	at com.kms.katalon.core.keyword.internal.KeywordExecutor.executeKeywordForPlatform(KeywordExecutor.groovy:74)
	at com.kms.katalon.core.webui.keyword.WebUiBuiltInKeywords.click(WebUiBuiltInKeywords.groovy:620)
	at com.kms.katalon.core.webui.keyword.WebUiBuiltInKeywords$click$5.call(Unknown Source)
	at 1.1.6-crear vacaciones.run(1.1.6-crear vacaciones:177)
	at com.kms.katalon.core.main.ScriptEngine.run(ScriptEngine.java:194)
	at com.kms.katalon.core.main.ScriptEngine.runScriptAsRawText(ScriptEngine.java:119)
	at com.kms.katalon.core.main.TestCaseExecutor.runScript(TestCaseExecutor.java:445)
	at com.kms.katalon.core.main.TestCaseExecutor.doExecute(TestCaseExecutor.java:436)
	at com.kms.katalon.core.main.TestCaseExecutor.processExecutionPhase(TestCaseExecutor.java:415)
	at com.kms.katalon.core.main.TestCaseExecutor.accessMainPhase(TestCaseExecutor.java:407)
	at com.kms.katalon.core.main.TestCaseExecutor.execute(TestCaseExecutor.java:284)
	at com.kms.katalon.core.main.TestCaseMain.runTestCase(TestCaseMain.java:142)
	at com.kms.katalon.core.keyword.builtin.CallTestCaseKeyword$_callTestCase_closure1.doCall(CallTestCaseKeyword.groovy:59)
	... 52 more
Caused by: com.kms.katalon.core.webui.exception.WebElementNotFoundException: Web element with id: 'Object Repository/1-OBJECTS TAREAS PRINCIPALES/Modulo Tarea Compensacion/Dias con Permisos Pasivos Permitidos/a_Guardar_solicitudes' located by '//*/text()[normalize-space(.)='Guardar Legalizar']/parent::*' not found
	at com.kms.katalon.core.webui.common.WebUiCommonHelper.findWebElement(WebUiCommonHelper.java:1370)
	at com.kms.katalon.core.webui.keyword.internal.WebUIAbstractKeyword.findWebElement(WebUIAbstractKeyword.groovy:27)
	at com.kms.katalon.core.webui.keyword.builtin.ClickKeyword$_click_closure1.doCall(ClickKeyword.groovy:65)
	at com.kms.katalon.core.webui.keyword.builtin.ClickKeyword$_click_closure1.call(ClickKeyword.groovy)
	at com.kms.katalon.core.webui.keyword.internal.WebUIKeywordMain.runKeyword(WebUIKeywordMain.groovy:20)
	... 67 more
)

2022-06-10 08:42:21 - [MESSAGE][FAILED] - Unable to call Test Case 'Test Cases/1.1-Tareas Principales/1.1.8-Mantenimiento de Vacaciones Reliquidar' (Root cause: com.kms.katalon.core.exception.StepFailedException: Call Test Case 'Test Cases/1.1-Tareas Principales/1.1.8-Mantenimiento de Vacaciones Reliquidar' failed
	at com.kms.katalon.core.keyword.builtin.CallTestCaseKeyword$_callTestCase_closure1.doCall(CallTestCaseKeyword.groovy:63)
	at com.kms.katalon.core.keyword.builtin.CallTestCaseKeyword$_callTestCase_closure1.call(CallTestCaseKeyword.groovy)
	at com.kms.katalon.core.keyword.internal.KeywordMain.runKeyword(KeywordMain.groovy:74)
	at com.kms.katalon.core.keyword.builtin.CallTestCaseKeyword.callTestCase(CallTestCaseKeyword.groovy:81)
	at com.kms.katalon.core.keyword.builtin.CallTestCaseKeyword.execute(CallTestCaseKeyword.groovy:44)
	at com.kms.katalon.core.keyword.internal.KeywordExecutor.executeKeywordForPlatform(KeywordExecutor.groovy:74)
	at com.kms.katalon.core.keyword.BuiltinKeywords.callTestCase(BuiltinKeywords.groovy:334)
	at 1.2.1-Reversar Vacaciones.run(1.2.1-Reversar Vacaciones:18)
	at com.kms.katalon.core.main.ScriptEngine.run(ScriptEngine.java:194)
	at com.kms.katalon.core.main.ScriptEngine.runScriptAsRawText(ScriptEngine.java:119)
	at com.kms.katalon.core.main.TestCaseExecutor.runScript(TestCaseExecutor.java:445)
	at com.kms.katalon.core.main.TestCaseExecutor.doExecute(TestCaseExecutor.java:436)
	at com.kms.katalon.core.main.TestCaseExecutor.processExecutionPhase(TestCaseExecutor.java:415)
	at com.kms.katalon.core.main.TestCaseExecutor.accessMainPhase(TestCaseExecutor.java:407)
	at com.kms.katalon.core.main.TestCaseExecutor.execute(TestCaseExecutor.java:284)
	at com.kms.katalon.core.common.CommonExecutor.accessTestCaseMainPhase(CommonExecutor.java:65)
	at com.kms.katalon.core.main.TestSuiteExecutor.accessTestSuiteMainPhase(TestSuiteExecutor.java:144)
	at com.kms.katalon.core.main.TestSuiteExecutor.execute(TestSuiteExecutor.java:106)
	at com.kms.katalon.core.main.TestCaseMain.startTestSuite(TestCaseMain.java:185)
	at com.kms.katalon.core.main.TestCaseMain$startTestSuite$0.call(Unknown Source)
	at TempTestSuite1654867643956.run(TempTestSuite1654867643956.groovy:36)
Caused by: com.kms.katalon.core.exception.StepFailedException: Call Test Case 'Test Cases/1.1-Tareas Principales/1.1.7-Generar Vacaciones' failed
	at com.kms.katalon.core.keyword.builtin.CallTestCaseKeyword$_callTestCase_closure1.doCall(CallTestCaseKeyword.groovy:63)
	at com.kms.katalon.core.keyword.builtin.CallTestCaseKeyword$_callTestCase_closure1.call(CallTestCaseKeyword.groovy)
	at com.kms.katalon.core.keyword.internal.KeywordMain.runKeyword(KeywordMain.groovy:74)
	at com.kms.katalon.core.keyword.builtin.CallTestCaseKeyword.callTestCase(CallTestCaseKeyword.groovy:81)
	at com.kms.katalon.core.keyword.builtin.CallTestCaseKeyword.execute(CallTestCaseKeyword.groovy:44)
	at com.kms.katalon.core.keyword.internal.KeywordExecutor.executeKeywordForPlatform(KeywordExecutor.groovy:74)
	at com.kms.katalon.core.keyword.BuiltinKeywords.callTestCase(BuiltinKeywords.groovy:334)
	at 1.1.8-Mantenimiento de Vacaciones Reliquidar.run(1.1.8-Mantenimiento de Vacaciones Reliquidar:41)
	at com.kms.katalon.core.main.ScriptEngine.run(ScriptEngine.java:194)
	at com.kms.katalon.core.main.ScriptEngine.runScriptAsRawText(ScriptEngine.java:119)
	at com.kms.katalon.core.main.TestCaseExecutor.runScript(TestCaseExecutor.java:445)
	at com.kms.katalon.core.main.TestCaseExecutor.doExecute(TestCaseExecutor.java:436)
	at com.kms.katalon.core.main.TestCaseExecutor.processExecutionPhase(TestCaseExecutor.java:415)
	at com.kms.katalon.core.main.TestCaseExecutor.accessMainPhase(TestCaseExecutor.java:407)
	at com.kms.katalon.core.main.TestCaseExecutor.execute(TestCaseExecutor.java:284)
	at com.kms.katalon.core.main.TestCaseMain.runTestCase(TestCaseMain.java:142)
	at com.kms.katalon.core.keyword.builtin.CallTestCaseKeyword$_callTestCase_closure1.doCall(CallTestCaseKeyword.groovy:59)
	... 20 more
Caused by: com.kms.katalon.core.exception.StepFailedException: Call Test Case 'Test Cases/1.1-Tareas Principales/1.1.6-crear vacaciones' failed
	at com.kms.katalon.core.keyword.builtin.CallTestCaseKeyword$_callTestCase_closure1.doCall(CallTestCaseKeyword.groovy:63)
	at com.kms.katalon.core.keyword.builtin.CallTestCaseKeyword$_callTestCase_closure1.call(CallTestCaseKeyword.groovy)
	at com.kms.katalon.core.keyword.internal.KeywordMain.runKeyword(KeywordMain.groovy:74)
	at com.kms.katalon.core.keyword.builtin.CallTestCaseKeyword.callTestCase(CallTestCaseKeyword.groovy:81)
	at com.kms.katalon.core.keyword.builtin.CallTestCaseKeyword.execute(CallTestCaseKeyword.groovy:44)
	at com.kms.katalon.core.keyword.internal.KeywordExecutor.executeKeywordForPlatform(KeywordExecutor.groovy:74)
	at com.kms.katalon.core.keyword.BuiltinKeywords.callTestCase(BuiltinKeywords.groovy:334)
	at 1.1.7-Generar Vacaciones.run(1.1.7-Generar Vacaciones:19)
	at com.kms.katalon.core.main.ScriptEngine.run(ScriptEngine.java:194)
	at com.kms.katalon.core.main.ScriptEngine.runScriptAsRawText(ScriptEngine.java:119)
	at com.kms.katalon.core.main.TestCaseExecutor.runScript(TestCaseExecutor.java:445)
	at com.kms.katalon.core.main.TestCaseExecutor.doExecute(TestCaseExecutor.java:436)
	at com.kms.katalon.core.main.TestCaseExecutor.processExecutionPhase(TestCaseExecutor.java:415)
	at com.kms.katalon.core.main.TestCaseExecutor.accessMainPhase(TestCaseExecutor.java:407)
	at com.kms.katalon.core.main.TestCaseExecutor.execute(TestCaseExecutor.java:284)
	at com.kms.katalon.core.main.TestCaseMain.runTestCase(TestCaseMain.java:142)
	at com.kms.katalon.core.keyword.builtin.CallTestCaseKeyword$_callTestCase_closure1.doCall(CallTestCaseKeyword.groovy:59)
	... 36 more
Caused by: com.kms.katalon.core.exception.StepFailedException: Unable to click on object 'Object Repository/1-OBJECTS TAREAS PRINCIPALES/Modulo Tarea Compensacion/Dias con Permisos Pasivos Permitidos/a_Guardar_solicitudes'
	at com.kms.katalon.core.webui.keyword.internal.WebUIKeywordMain.stepFailed(WebUIKeywordMain.groovy:64)
	at com.kms.katalon.core.webui.keyword.internal.WebUIKeywordMain.runKeyword(WebUIKeywordMain.groovy:26)
	at com.kms.katalon.core.webui.keyword.builtin.ClickKeyword.click(ClickKeyword.groovy:74)
	at com.kms.katalon.core.webui.keyword.builtin.ClickKeyword.execute(ClickKeyword.groovy:40)
	at com.kms.katalon.core.keyword.internal.KeywordExecutor.executeKeywordForPlatform(KeywordExecutor.groovy:74)
	at com.kms.katalon.core.webui.keyword.WebUiBuiltInKeywords.click(WebUiBuiltInKeywords.groovy:620)
	at com.kms.katalon.core.webui.keyword.WebUiBuiltInKeywords$click$5.call(Unknown Source)
	at 1.1.6-crear vacaciones.run(1.1.6-crear vacaciones:177)
	at com.kms.katalon.core.main.ScriptEngine.run(ScriptEngine.java:194)
	at com.kms.katalon.core.main.ScriptEngine.runScriptAsRawText(ScriptEngine.java:119)
	at com.kms.katalon.core.main.TestCaseExecutor.runScript(TestCaseExecutor.java:445)
	at com.kms.katalon.core.main.TestCaseExecutor.doExecute(TestCaseExecutor.java:436)
	at com.kms.katalon.core.main.TestCaseExecutor.processExecutionPhase(TestCaseExecutor.java:415)
	at com.kms.katalon.core.main.TestCaseExecutor.accessMainPhase(TestCaseExecutor.java:407)
	at com.kms.katalon.core.main.TestCaseExecutor.execute(TestCaseExecutor.java:284)
	at com.kms.katalon.core.main.TestCaseMain.runTestCase(TestCaseMain.java:142)
	at com.kms.katalon.core.keyword.builtin.CallTestCaseKeyword$_callTestCase_closure1.doCall(CallTestCaseKeyword.groovy:59)
	... 52 more
Caused by: com.kms.katalon.core.webui.exception.WebElementNotFoundException: Web element with id: 'Object Repository/1-OBJECTS TAREAS PRINCIPALES/Modulo Tarea Compensacion/Dias con Permisos Pasivos Permitidos/a_Guardar_solicitudes' located by '//*/text()[normalize-space(.)='Guardar Legalizar']/parent::*' not found
	at com.kms.katalon.core.webui.common.WebUiCommonHelper.findWebElement(WebUiCommonHelper.java:1370)
	at com.kms.katalon.core.webui.keyword.internal.WebUIAbstractKeyword.findWebElement(WebUIAbstractKeyword.groovy:27)
	at com.kms.katalon.core.webui.keyword.builtin.ClickKeyword$_click_closure1.doCall(ClickKeyword.groovy:65)
	at com.kms.katalon.core.webui.keyword.builtin.ClickKeyword$_click_closure1.call(ClickKeyword.groovy)
	at com.kms.katalon.core.webui.keyword.internal.WebUIKeywordMain.runKeyword(WebUIKeywordMain.groovy:20)
	... 67 more
)]]></system-out>
         <system-err><![CDATA[2022-06-10 08:40:11 - [TEST_CASE][FAILED] - Test Cases/1.1-Tareas Principales/1.2.1-Reversar Vacaciones: Test Cases/1.1-Tareas Principales/1.2.1-Reversar Vacaciones FAILED.
Reason:
com.kms.katalon.core.exception.StepFailedException: Call Test Case 'Test Cases/1.1-Tareas Principales/1.1.8-Mantenimiento de Vacaciones Reliquidar' failed
	at com.kms.katalon.core.keyword.builtin.CallTestCaseKeyword$_callTestCase_closure1.doCall(CallTestCaseKeyword.groovy:63)
	at com.kms.katalon.core.keyword.builtin.CallTestCaseKeyword$_callTestCase_closure1.call(CallTestCaseKeyword.groovy)
	at com.kms.katalon.core.keyword.internal.KeywordMain.runKeyword(KeywordMain.groovy:74)
	at com.kms.katalon.core.keyword.builtin.CallTestCaseKeyword.callTestCase(CallTestCaseKeyword.groovy:81)
	at com.kms.katalon.core.keyword.builtin.CallTestCaseKeyword.execute(CallTestCaseKeyword.groovy:44)
	at com.kms.katalon.core.keyword.internal.KeywordExecutor.executeKeywordForPlatform(KeywordExecutor.groovy:74)
	at com.kms.katalon.core.keyword.BuiltinKeywords.callTestCase(BuiltinKeywords.groovy:334)
	at 1.2.1-Reversar Vacaciones.run(1.2.1-Reversar Vacaciones:18)
	at com.kms.katalon.core.main.ScriptEngine.run(ScriptEngine.java:194)
	at com.kms.katalon.core.main.ScriptEngine.runScriptAsRawText(ScriptEngine.java:119)
	at com.kms.katalon.core.main.TestCaseExecutor.runScript(TestCaseExecutor.java:445)
	at com.kms.katalon.core.main.TestCaseExecutor.doExecute(TestCaseExecutor.java:436)
	at com.kms.katalon.core.main.TestCaseExecutor.processExecutionPhase(TestCaseExecutor.java:415)
	at com.kms.katalon.core.main.TestCaseExecutor.accessMainPhase(TestCaseExecutor.java:407)
	at com.kms.katalon.core.main.TestCaseExecutor.execute(TestCaseExecutor.java:284)
	at com.kms.katalon.core.common.CommonExecutor.accessTestCaseMainPhase(CommonExecutor.java:65)
	at com.kms.katalon.core.main.TestSuiteExecutor.accessTestSuiteMainPhase(TestSuiteExecutor.java:144)
	at com.kms.katalon.core.main.TestSuiteExecutor.execute(TestSuiteExecutor.java:106)
	at com.kms.katalon.core.main.TestCaseMain.startTestSuite(TestCaseMain.java:185)
	at com.kms.katalon.core.main.TestCaseMain$startTestSuite$0.call(Unknown Source)
	at TempTestSuite1654867643956.run(TempTestSuite1654867643956.groovy:36)
Caused by: com.kms.katalon.core.exception.StepFailedException: Call Test Case 'Test Cases/1.1-Tareas Principales/1.1.7-Generar Vacaciones' failed
	at com.kms.katalon.core.keyword.builtin.CallTestCaseKeyword$_callTestCase_closure1.doCall(CallTestCaseKeyword.groovy:63)
	at com.kms.katalon.core.keyword.builtin.CallTestCaseKeyword$_callTestCase_closure1.call(CallTestCaseKeyword.groovy)
	at com.kms.katalon.core.keyword.internal.KeywordMain.runKeyword(KeywordMain.groovy:74)
	at com.kms.katalon.core.keyword.builtin.CallTestCaseKeyword.callTestCase(CallTestCaseKeyword.groovy:81)
	at com.kms.katalon.core.keyword.builtin.CallTestCaseKeyword.execute(CallTestCaseKeyword.groovy:44)
	at com.kms.katalon.core.keyword.internal.KeywordExecutor.executeKeywordForPlatform(KeywordExecutor.groovy:74)
	at com.kms.katalon.core.keyword.BuiltinKeywords.callTestCase(BuiltinKeywords.groovy:334)
	at 1.1.8-Mantenimiento de Vacaciones Reliquidar.run(1.1.8-Mantenimiento de Vacaciones Reliquidar:41)
	at com.kms.katalon.core.main.ScriptEngine.run(ScriptEngine.java:194)
	at com.kms.katalon.core.main.ScriptEngine.runScriptAsRawText(ScriptEngine.java:119)
	at com.kms.katalon.core.main.TestCaseExecutor.runScript(TestCaseExecutor.java:445)
	at com.kms.katalon.core.main.TestCaseExecutor.doExecute(TestCaseExecutor.java:436)
	at com.kms.katalon.core.main.TestCaseExecutor.processExecutionPhase(TestCaseExecutor.java:415)
	at com.kms.katalon.core.main.TestCaseExecutor.accessMainPhase(TestCaseExecutor.java:407)
	at com.kms.katalon.core.main.TestCaseExecutor.execute(TestCaseExecutor.java:284)
	at com.kms.katalon.core.main.TestCaseMain.runTestCase(TestCaseMain.java:142)
	at com.kms.katalon.core.keyword.builtin.CallTestCaseKeyword$_callTestCase_closure1.doCall(CallTestCaseKeyword.groovy:59)
	... 20 more
Caused by: com.kms.katalon.core.exception.StepFailedException: Call Test Case 'Test Cases/1.1-Tareas Principales/1.1.6-crear vacaciones' failed
	at com.kms.katalon.core.keyword.builtin.CallTestCaseKeyword$_callTestCase_closure1.doCall(CallTestCaseKeyword.groovy:63)
	at com.kms.katalon.core.keyword.builtin.CallTestCaseKeyword$_callTestCase_closure1.call(CallTestCaseKeyword.groovy)
	at com.kms.katalon.core.keyword.internal.KeywordMain.runKeyword(KeywordMain.groovy:74)
	at com.kms.katalon.core.keyword.builtin.CallTestCaseKeyword.callTestCase(CallTestCaseKeyword.groovy:81)
	at com.kms.katalon.core.keyword.builtin.CallTestCaseKeyword.execute(CallTestCaseKeyword.groovy:44)
	at com.kms.katalon.core.keyword.internal.KeywordExecutor.executeKeywordForPlatform(KeywordExecutor.groovy:74)
	at com.kms.katalon.core.keyword.BuiltinKeywords.callTestCase(BuiltinKeywords.groovy:334)
	at 1.1.7-Generar Vacaciones.run(1.1.7-Generar Vacaciones:19)
	at com.kms.katalon.core.main.ScriptEngine.run(ScriptEngine.java:194)
	at com.kms.katalon.core.main.ScriptEngine.runScriptAsRawText(ScriptEngine.java:119)
	at com.kms.katalon.core.main.TestCaseExecutor.runScript(TestCaseExecutor.java:445)
	at com.kms.katalon.core.main.TestCaseExecutor.doExecute(TestCaseExecutor.java:436)
	at com.kms.katalon.core.main.TestCaseExecutor.processExecutionPhase(TestCaseExecutor.java:415)
	at com.kms.katalon.core.main.TestCaseExecutor.accessMainPhase(TestCaseExecutor.java:407)
	at com.kms.katalon.core.main.TestCaseExecutor.execute(TestCaseExecutor.java:284)
	at com.kms.katalon.core.main.TestCaseMain.runTestCase(TestCaseMain.java:142)
	at com.kms.katalon.core.keyword.builtin.CallTestCaseKeyword$_callTestCase_closure1.doCall(CallTestCaseKeyword.groovy:59)
	... 36 more
Caused by: com.kms.katalon.core.exception.StepFailedException: Unable to click on object 'Object Repository/1-OBJECTS TAREAS PRINCIPALES/Modulo Tarea Compensacion/Dias con Permisos Pasivos Permitidos/a_Guardar_solicitudes'
	at com.kms.katalon.core.webui.keyword.internal.WebUIKeywordMain.stepFailed(WebUIKeywordMain.groovy:64)
	at com.kms.katalon.core.webui.keyword.internal.WebUIKeywordMain.runKeyword(WebUIKeywordMain.groovy:26)
	at com.kms.katalon.core.webui.keyword.builtin.ClickKeyword.click(ClickKeyword.groovy:74)
	at com.kms.katalon.core.webui.keyword.builtin.ClickKeyword.execute(ClickKeyword.groovy:40)
	at com.kms.katalon.core.keyword.internal.KeywordExecutor.executeKeywordForPlatform(KeywordExecutor.groovy:74)
	at com.kms.katalon.core.webui.keyword.WebUiBuiltInKeywords.click(WebUiBuiltInKeywords.groovy:620)
	at com.kms.katalon.core.webui.keyword.WebUiBuiltInKeywords$click$5.call(Unknown Source)
	at 1.1.6-crear vacaciones.run(1.1.6-crear vacaciones:177)
	at com.kms.katalon.core.main.ScriptEngine.run(ScriptEngine.java:194)
	at com.kms.katalon.core.main.ScriptEngine.runScriptAsRawText(ScriptEngine.java:119)
	at com.kms.katalon.core.main.TestCaseExecutor.runScript(TestCaseExecutor.java:445)
	at com.kms.katalon.core.main.TestCaseExecutor.doExecute(TestCaseExecutor.java:436)
	at com.kms.katalon.core.main.TestCaseExecutor.processExecutionPhase(TestCaseExecutor.java:415)
	at com.kms.katalon.core.main.TestCaseExecutor.accessMainPhase(TestCaseExecutor.java:407)
	at com.kms.katalon.core.main.TestCaseExecutor.execute(TestCaseExecutor.java:284)
	at com.kms.katalon.core.main.TestCaseMain.runTestCase(TestCaseMain.java:142)
	at com.kms.katalon.core.keyword.builtin.CallTestCaseKeyword$_callTestCase_closure1.doCall(CallTestCaseKeyword.groovy:59)
	... 52 more
Caused by: com.kms.katalon.core.webui.exception.WebElementNotFoundException: Web element with id: 'Object Repository/1-OBJECTS TAREAS PRINCIPALES/Modulo Tarea Compensacion/Dias con Permisos Pasivos Permitidos/a_Guardar_solicitudes' located by '//*/text()[normalize-space(.)='Guardar Legalizar']/parent::*' not found
	at com.kms.katalon.core.webui.common.WebUiCommonHelper.findWebElement(WebUiCommonHelper.java:1370)
	at com.kms.katalon.core.webui.keyword.internal.WebUIAbstractKeyword.findWebElement(WebUIAbstractKeyword.groovy:27)
	at com.kms.katalon.core.webui.keyword.builtin.ClickKeyword$_click_closure1.doCall(ClickKeyword.groovy:65)
	at com.kms.katalon.core.webui.keyword.builtin.ClickKeyword$_click_closure1.call(ClickKeyword.groovy)
	at com.kms.katalon.core.webui.keyword.internal.WebUIKeywordMain.runKeyword(WebUIKeywordMain.groovy:20)
	... 67 more]]></system-err>
      </testcase>
      <testcase name="Test Cases/1.1-Tareas Principales/1.2.2-Legalizar licencia No Remunerada" time="84.113" classname="Test Cases/1.1-Tareas Principales/1.2.2-Legalizar licencia No Remunerada" status="FAILED">
         <failure type="FAILED" message="Test Cases/1.1-Tareas Principales/1.2.2-Legalizar licencia No Remunerada FAILED.
Reason:
com.kms.katalon.core.exception.StepFailedException: Unable to get text of object 'Object Repository/3-OBJECTS UTILIDADES/Alerta/Alerta'
	at com.kms.katalon.core.webui.keyword.internal.WebUIKeywordMain.stepFailed(WebUIKeywordMain.groovy:64)
	at com.kms.katalon.core.webui.keyword.internal.WebUIKeywordMain.runKeyword(WebUIKeywordMain.groovy:26)
	at com.kms.katalon.core.webui.keyword.builtin.GetTextKeyword.getText(GetTextKeyword.groovy:88)
	at com.kms.katalon.core.webui.keyword.builtin.GetTextKeyword.execute(GetTextKeyword.groovy:67)
	at com.kms.katalon.core.keyword.internal.KeywordExecutor.executeKeywordForPlatform(KeywordExecutor.groovy:74)
	at com.kms.katalon.core.webui.keyword.WebUiBuiltInKeywords.getText(WebUiBuiltInKeywords.groovy:918)
	at com.kms.katalon.core.webui.keyword.WebUiBuiltInKeywords$getText$13.call(Unknown Source)
	at 1.2.2-Legalizar licencia No Remunerada.run(1.2.2-Legalizar licencia No Remunerada:186)
	at com.kms.katalon.core.main.ScriptEngine.run(ScriptEngine.java:194)
	at com.kms.katalon.core.main.ScriptEngine.runScriptAsRawText(ScriptEngine.java:119)
	at com.kms.katalon.core.main.TestCaseExecutor.runScript(TestCaseExecutor.java:445)
	at com.kms.katalon.core.main.TestCaseExecutor.doExecute(TestCaseExecutor.java:436)
	at com.kms.katalon.core.main.TestCaseExecutor.processExecutionPhase(TestCaseExecutor.java:415)
	at com.kms.katalon.core.main.TestCaseExecutor.accessMainPhase(TestCaseExecutor.java:407)
	at com.kms.katalon.core.main.TestCaseExecutor.execute(TestCaseExecutor.java:284)
	at com.kms.katalon.core.common.CommonExecutor.accessTestCaseMainPhase(CommonExecutor.java:65)
	at com.kms.katalon.core.main.TestSuiteExecutor.accessTestSuiteMainPhase(TestSuiteExecutor.java:144)
	at com.kms.katalon.core.main.TestSuiteExecutor.execute(TestSuiteExecutor.java:106)
	at com.kms.katalon.core.main.TestCaseMain.startTestSuite(TestCaseMain.java:185)
	at com.kms.katalon.core.main.TestCaseMain$startTestSuite$0.call(Unknown Source)
	at TempTestSuite1654867643956.run(TempTestSuite1654867643956.groovy:36)
Caused by: com.kms.katalon.core.webui.exception.WebElementNotFoundException: Web element with id: 'Object Repository/3-OBJECTS UTILIDADES/Alerta/Alerta' located by '//div[@id='growl_container']/div/div/div[2]/p' not found
	at com.kms.katalon.core.webui.common.WebUiCommonHelper.findWebElement(WebUiCommonHelper.java:1370)
	at com.kms.katalon.core.webui.keyword.internal.WebUIAbstractKeyword.findWebElement(WebUIAbstractKeyword.groovy:27)
	at com.kms.katalon.core.webui.keyword.internal.WebUIAbstractKeyword.findWebElement(WebUIAbstractKeyword.groovy:26)
	at com.kms.katalon.core.webui.keyword.builtin.GetTextKeyword$_getText_closure1.doCall(GetTextKeyword.groovy:78)
	at com.kms.katalon.core.webui.keyword.builtin.GetTextKeyword$_getText_closure1.call(GetTextKeyword.groovy)
	at com.kms.katalon.core.webui.keyword.internal.WebUIKeywordMain.runKeyword(WebUIKeywordMain.groovy:20)
	... 19 more
"/>
         <system-out><![CDATA[2022-06-10 08:42:21 - [TEST_CASE][FAILED] - Test Cases/1.1-Tareas Principales/1.2.2-Legalizar licencia No Remunerada: Test Cases/1.1-Tareas Principales/1.2.2-Legalizar licencia No Remunerada FAILED.
Reason:
com.kms.katalon.core.exception.StepFailedException: Unable to get text of object 'Object Repository/3-OBJECTS UTILIDADES/Alerta/Alerta'
	at com.kms.katalon.core.webui.keyword.internal.WebUIKeywordMain.stepFailed(WebUIKeywordMain.groovy:64)
	at com.kms.katalon.core.webui.keyword.internal.WebUIKeywordMain.runKeyword(WebUIKeywordMain.groovy:26)
	at com.kms.katalon.core.webui.keyword.builtin.GetTextKeyword.getText(GetTextKeyword.groovy:88)
	at com.kms.katalon.core.webui.keyword.builtin.GetTextKeyword.execute(GetTextKeyword.groovy:67)
	at com.kms.katalon.core.keyword.internal.KeywordExecutor.executeKeywordForPlatform(KeywordExecutor.groovy:74)
	at com.kms.katalon.core.webui.keyword.WebUiBuiltInKeywords.getText(WebUiBuiltInKeywords.groovy:918)
	at com.kms.katalon.core.webui.keyword.WebUiBuiltInKeywords$getText$13.call(Unknown Source)
	at 1.2.2-Legalizar licencia No Remunerada.run(1.2.2-Legalizar licencia No Remunerada:186)
	at com.kms.katalon.core.main.ScriptEngine.run(ScriptEngine.java:194)
	at com.kms.katalon.core.main.ScriptEngine.runScriptAsRawText(ScriptEngine.java:119)
	at com.kms.katalon.core.main.TestCaseExecutor.runScript(TestCaseExecutor.java:445)
	at com.kms.katalon.core.main.TestCaseExecutor.doExecute(TestCaseExecutor.java:436)
	at com.kms.katalon.core.main.TestCaseExecutor.processExecutionPhase(TestCaseExecutor.java:415)
	at com.kms.katalon.core.main.TestCaseExecutor.accessMainPhase(TestCaseExecutor.java:407)
	at com.kms.katalon.core.main.TestCaseExecutor.execute(TestCaseExecutor.java:284)
	at com.kms.katalon.core.common.CommonExecutor.accessTestCaseMainPhase(CommonExecutor.java:65)
	at com.kms.katalon.core.main.TestSuiteExecutor.accessTestSuiteMainPhase(TestSuiteExecutor.java:144)
	at com.kms.katalon.core.main.TestSuiteExecutor.execute(TestSuiteExecutor.java:106)
	at com.kms.katalon.core.main.TestCaseMain.startTestSuite(TestCaseMain.java:185)
	at com.kms.katalon.core.main.TestCaseMain$startTestSuite$0.call(Unknown Source)
	at TempTestSuite1654867643956.run(TempTestSuite1654867643956.groovy:36)
Caused by: com.kms.katalon.core.webui.exception.WebElementNotFoundException: Web element with id: 'Object Repository/3-OBJECTS UTILIDADES/Alerta/Alerta' located by '//div[@id='growl_container']/div/div/div[2]/p' not found
	at com.kms.katalon.core.webui.common.WebUiCommonHelper.findWebElement(WebUiCommonHelper.java:1370)
	at com.kms.katalon.core.webui.keyword.internal.WebUIAbstractKeyword.findWebElement(WebUIAbstractKeyword.groovy:27)
	at com.kms.katalon.core.webui.keyword.internal.WebUIAbstractKeyword.findWebElement(WebUIAbstractKeyword.groovy:26)
	at com.kms.katalon.core.webui.keyword.builtin.GetTextKeyword$_getText_closure1.doCall(GetTextKeyword.groovy:78)
	at com.kms.katalon.core.webui.keyword.builtin.GetTextKeyword$_getText_closure1.call(GetTextKeyword.groovy)
	at com.kms.katalon.core.webui.keyword.internal.WebUIKeywordMain.runKeyword(WebUIKeywordMain.groovy:20)
	... 19 more


2022-06-10 08:42:21 - [TEST_STEP][PASSED] - callTestCase(findTestCase("Utilidades-(atajos_para _tareas)/Tareas Administracion Compensacion/Tarea Listado Empleados"), [:], STOP_ON_FAILURE): Call Test Case 'Test Cases/Utilidades-(atajos_para _tareas)/Tareas Administracion Compensacion/Tarea Listado Empleados' successfully

2022-06-10 08:42:21 - [TEST_CASE][PASSED] - Test Cases/Utilidades-(atajos_para _tareas)/Tareas Administracion Compensacion/Tarea Listado Empleados: Test Cases/Utilidades-(atajos_para _tareas)/Tareas Administracion Compensacion/Tarea Listado Empleados

2022-06-10 08:42:21 - [TEST_STEP][PASSED] - callTestCase(findTestCase("0.1-Login"), [:], STOP_ON_FAILURE): Call Test Case 'Test Cases/0.1-Login' successfully

2022-06-10 08:42:21 - [TEST_CASE][PASSED] - Test Cases/0.1-Login: Test Cases/0.1-Login

2022-06-10 08:42:21 - [TEST_STEP][PASSED] - openBrowser(""): Browser is opened with url: ''

2022-06-10 08:42:21 - [MESSAGE][WARNING] - A browser is already opened. Closing browser and opening a new one

2022-06-10 08:42:22 - [MESSAGE][INFO] - Starting 'Chrome' driver

2022-06-10 08:42:22 - [MESSAGE][INFO] - Action delay is set to 0 milliseconds

2022-06-10 08:42:23 - [MESSAGE][PASSED] - Browser is opened with url: ''

2022-06-10 08:42:23 - [TEST_STEP][PASSED] - maximizeWindow(): Current window maximized

2022-06-10 08:42:24 - [MESSAGE][PASSED] - Current window maximized

2022-06-10 08:42:24 - [TEST_STEP][PASSED] - i = G_Login: null

2022-06-10 08:42:24 - [TEST_STEP][PASSED] - url = new java.net.URL(i): null

2022-06-10 08:42:24 - [TEST_STEP][PASSED] - println("URL: " + url.toString()): null

2022-06-10 08:42:24 - [TEST_STEP][PASSED] - connection = url.openConnection(): null

2022-06-10 08:42:24 - [TEST_STEP][PASSED] - connection.setRequestMethod("GET"): null

2022-06-10 08:42:24 - [TEST_STEP][PASSED] - connection.setReadTimeout(2 * 1000): null

2022-06-10 08:42:24 - [TEST_STEP][PASSED] - try: null

2022-06-10 08:42:24 - [TEST_STEP][PASSED] - connection.connect(): null

2022-06-10 08:42:24 - [TEST_STEP][PASSED] - flag = connected: null

2022-06-10 08:42:24 - [TEST_STEP][PASSED] - println("Valor_ori: " + flag): null

2022-06-10 08:42:24 - [TEST_STEP][PASSED] - if (flag): null

2022-06-10 08:42:24 - [TEST_STEP][PASSED] - navigateToUrl(i): Navigate to 'http://192.168.2.19:8380/saraweb' successfully

2022-06-10 08:42:24 - [MESSAGE][PASSED] - Navigate to 'http://192.168.2.19:8380/saraweb' successfully

2022-06-10 08:42:24 - [TEST_STEP][PASSED] - a(): null

2022-06-10 08:42:24 - [TEST_STEP][PASSED] - setText(findTestObject("3-OBJECTS UTILIDADES/Login/input_USUARIO_loginusuario"), G_Usuario): Text 'saraadmin' is set on object 'Object Repository/3-OBJECTS UTILIDADES/Login/input_USUARIO_loginusuario'

2022-06-10 08:42:25 - [MESSAGE][PASSED] - Text 'saraadmin' is set on object 'Object Repository/3-OBJECTS UTILIDADES/Login/input_USUARIO_loginusuario'

2022-06-10 08:42:25 - [TEST_STEP][PASSED] - setEncryptedText(findTestObject("3-OBJECTS UTILIDADES/Login/input_CLAVE_loginpassword"), "MkG4/TYiCFC3cb2driP7+Q=="): Text ****** has been set on object 'Object Repository/3-OBJECTS UTILIDADES/Login/input_CLAVE_loginpassword'

2022-06-10 08:42:25 - [MESSAGE][PASSED] - Text ****** has been set on object 'Object Repository/3-OBJECTS UTILIDADES/Login/input_CLAVE_loginpassword'

2022-06-10 08:42:25 - [TEST_STEP][PASSED] - waitForElementClickable(findTestObject("3-OBJECTS UTILIDADES/Login/a_Ingresar"), G_TimeOut): Object 'Object Repository/3-OBJECTS UTILIDADES/Login/a_Ingresar' is clickable

2022-06-10 08:42:26 - [MESSAGE][PASSED] - Object 'Object Repository/3-OBJECTS UTILIDADES/Login/a_Ingresar' is clickable

2022-06-10 08:42:26 - [TEST_STEP][PASSED] - click(findTestObject("3-OBJECTS UTILIDADES/Login/a_Ingresar")): Object: 'Object Repository/3-OBJECTS UTILIDADES/Login/a_Ingresar' is clicked on

2022-06-10 08:42:27 - [MESSAGE][PASSED] - Object: 'Object Repository/3-OBJECTS UTILIDADES/Login/a_Ingresar' is clicked on

2022-06-10 08:42:27 - [TEST_STEP][PASSED] - element = findWebElement(findTestObject("3-OBJECTS UTILIDADES/Login/a_Ir"), 30): null

2022-06-10 08:42:28 - [TEST_STEP][PASSED] - executeJavaScript("arguments[0].click()", Arrays.asList(element)): Execute JavaScript 'arguments[0].click()' successfully

2022-06-10 08:42:28 - [MESSAGE][PASSED] - Execute JavaScript 'arguments[0].click()' successfully

2022-06-10 08:42:28 - [MESSAGE][PASSED] - Call Test Case 'Test Cases/0.1-Login' successfully

2022-06-10 08:42:28 - [TEST_STEP][PASSED] - setText(findTestObject("1-OBJECTS TAREAS PRINCIPALES/Modulo Tarea Listado Hojas de Vida/Tareas Listado Hojas de Vida/input_Listado Hojas De Vida_form_templatej_idt24_input"), "Listado de Empleados"): Text 'Listado de Empleados' is set on object 'Object Repository/1-OBJECTS TAREAS PRINCIPALES/Modulo Tarea Listado Hojas de Vida/Tareas Listado Hojas de Vida/input_Listado Hojas De Vida_form_templatej_idt24_input'

2022-06-10 08:42:29 - [MESSAGE][PASSED] - Text 'Listado de Empleados' is set on object 'Object Repository/1-OBJECTS TAREAS PRINCIPALES/Modulo Tarea Listado Hojas de Vida/Tareas Listado Hojas de Vida/input_Listado Hojas De Vida_form_templatej_idt24_input'

2022-06-10 08:42:29 - [TEST_STEP][PASSED] - waitForElementVisible(findTestObject("1-OBJECTS TAREAS PRINCIPALES/Modulo Tarea Listado Hojas de Vida/Tareas Listado Hojas de Vida/span_Listado de Empleados"), 0): Object 'Object Repository/1-OBJECTS TAREAS PRINCIPALES/Modulo Tarea Listado Hojas de Vida/Tareas Listado Hojas de Vida/span_Listado de Empleados' is visible

2022-06-10 08:42:29 - [MESSAGE][WARNING] - Timeout '0' is invalid. Using default page load timeout: '37'

2022-06-10 08:42:30 - [MESSAGE][PASSED] - Object 'Object Repository/1-OBJECTS TAREAS PRINCIPALES/Modulo Tarea Listado Hojas de Vida/Tareas Listado Hojas de Vida/span_Listado de Empleados' is visible

2022-06-10 08:42:30 - [TEST_STEP][PASSED] - click(findTestObject("1-OBJECTS TAREAS PRINCIPALES/Modulo Tarea Listado Hojas de Vida/Tareas Listado Hojas de Vida/span_Listado de Empleados")): Object: 'Object Repository/1-OBJECTS TAREAS PRINCIPALES/Modulo Tarea Listado Hojas de Vida/Tareas Listado Hojas de Vida/span_Listado de Empleados' is clicked on

2022-06-10 08:42:31 - [MESSAGE][PASSED] - Object: 'Object Repository/1-OBJECTS TAREAS PRINCIPALES/Modulo Tarea Listado Hojas de Vida/Tareas Listado Hojas de Vida/span_Listado de Empleados' is clicked on

2022-06-10 08:42:31 - [MESSAGE][PASSED] - Call Test Case 'Test Cases/Utilidades-(atajos_para _tareas)/Tareas Administracion Compensacion/Tarea Listado Empleados' successfully

2022-06-10 08:42:31 - [TEST_STEP][PASSED] - waitForElementClickable(findTestObject("1-OBJECTS TAREAS PRINCIPALES/Modulo Tarea Compensacion/Legalizar Licencia No Remunerada/input_Identificacin_listadoEmpleadoIdentificacionEmpleado"), 0): Object 'Object Repository/1-OBJECTS TAREAS PRINCIPALES/Modulo Tarea Compensacion/Legalizar Licencia No Remunerada/input_Identificacin_listadoEmpleadoIdentificacionEmpleado' is clickable

2022-06-10 08:42:31 - [MESSAGE][WARNING] - Timeout '0' is invalid. Using default page load timeout: '37'

2022-06-10 08:42:32 - [MESSAGE][PASSED] - Object 'Object Repository/1-OBJECTS TAREAS PRINCIPALES/Modulo Tarea Compensacion/Legalizar Licencia No Remunerada/input_Identificacin_listadoEmpleadoIdentificacionEmpleado' is clickable

2022-06-10 08:42:32 - [TEST_STEP][PASSED] - setText(findTestObject("1-OBJECTS TAREAS PRINCIPALES/Modulo Tarea Compensacion/Legalizar Licencia No Remunerada/input_Identificacin_listadoEmpleadoIdentificacionEmpleado"), "354968431354"): Text '354968431354' is set on object 'Object Repository/1-OBJECTS TAREAS PRINCIPALES/Modulo Tarea Compensacion/Legalizar Licencia No Remunerada/input_Identificacin_listadoEmpleadoIdentificacionEmpleado'

2022-06-10 08:42:32 - [MESSAGE][PASSED] - Text '354968431354' is set on object 'Object Repository/1-OBJECTS TAREAS PRINCIPALES/Modulo Tarea Compensacion/Legalizar Licencia No Remunerada/input_Identificacin_listadoEmpleadoIdentificacionEmpleado'

2022-06-10 08:42:32 - [TEST_STEP][PASSED] - sendKeys(findTestObject("1-OBJECTS TAREAS PRINCIPALES/Modulo Tarea Compensacion/Legalizar Licencia No Remunerada/input_Identificacin_listadoEmpleadoIdentificacionEmpleado"), Keys.chord(ENTER)): Keys 'ENTER + ' sent to object: 'Object Repository/1-OBJECTS TAREAS PRINCIPALES/Modulo Tarea Compensacion/Legalizar Licencia No Remunerada/input_Identificacin_listadoEmpleadoIdentificacionEmpleado'

2022-06-10 08:42:33 - [MESSAGE][PASSED] - Keys 'ENTER + ' sent to object: 'Object Repository/1-OBJECTS TAREAS PRINCIPALES/Modulo Tarea Compensacion/Legalizar Licencia No Remunerada/input_Identificacin_listadoEmpleadoIdentificacionEmpleado'

2022-06-10 08:42:33 - [TEST_STEP][PASSED] - waitForElementClickable(findTestObject("1-OBJECTS TAREAS PRINCIPALES/Modulo Tarea Compensacion/Legalizar Licencia No Remunerada/span_Consta Belfegord Jhon"), G_TimeOut): Object 'Object Repository/1-OBJECTS TAREAS PRINCIPALES/Modulo Tarea Compensacion/Legalizar Licencia No Remunerada/span_Consta Belfegord Jhon' is clickable

2022-06-10 08:42:33 - [MESSAGE][PASSED] - Object 'Object Repository/1-OBJECTS TAREAS PRINCIPALES/Modulo Tarea Compensacion/Legalizar Licencia No Remunerada/span_Consta Belfegord Jhon' is clickable

2022-06-10 08:42:33 - [TEST_STEP][PASSED] - click(findTestObject("1-OBJECTS TAREAS PRINCIPALES/Modulo Tarea Compensacion/Legalizar Licencia No Remunerada/span_Consta Belfegord Jhon")): Object: 'Object Repository/1-OBJECTS TAREAS PRINCIPALES/Modulo Tarea Compensacion/Legalizar Licencia No Remunerada/span_Consta Belfegord Jhon' is clicked on

2022-06-10 08:42:34 - [MESSAGE][PASSED] - Object: 'Object Repository/1-OBJECTS TAREAS PRINCIPALES/Modulo Tarea Compensacion/Legalizar Licencia No Remunerada/span_Consta Belfegord Jhon' is clicked on

2022-06-10 08:42:34 - [TEST_STEP][PASSED] - waitForElementClickable(findTestObject("1-OBJECTS TAREAS PRINCIPALES/Modulo Tarea Compensacion/Legalizar Licencia No Remunerada/a_Licencia"), G_TimeOut): Object 'Object Repository/1-OBJECTS TAREAS PRINCIPALES/Modulo Tarea Compensacion/Legalizar Licencia No Remunerada/a_Licencia' is clickable

2022-06-10 08:42:34 - [MESSAGE][PASSED] - Object 'Object Repository/1-OBJECTS TAREAS PRINCIPALES/Modulo Tarea Compensacion/Legalizar Licencia No Remunerada/a_Licencia' is clickable

2022-06-10 08:42:34 - [TEST_STEP][PASSED] - click(findTestObject("1-OBJECTS TAREAS PRINCIPALES/Modulo Tarea Compensacion/Legalizar Licencia No Remunerada/a_Licencia")): Object: 'Object Repository/1-OBJECTS TAREAS PRINCIPALES/Modulo Tarea Compensacion/Legalizar Licencia No Remunerada/a_Licencia' is clicked on

2022-06-10 08:42:35 - [MESSAGE][PASSED] - Object: 'Object Repository/1-OBJECTS TAREAS PRINCIPALES/Modulo Tarea Compensacion/Legalizar Licencia No Remunerada/a_Licencia' is clicked on

2022-06-10 08:42:35 - [TEST_STEP][PASSED] - while (waitForElementClickable(findTestObject("1-OBJECTS TAREAS PRINCIPALES/Modulo Tarea Compensacion/Legalizar Licencia No Remunerada/td_Licencia No Remunerada"), 1)): Web element with id: 'Object Repository/1-OBJECTS TAREAS PRINCIPALES/Modulo Tarea Compensacion/Legalizar Licencia No Remunerada/td_Licencia No Remunerada' located by '//div/table/tbody/tr/td/div/div/table/tbody/tr/td' not found

2022-06-10 08:42:37 - [MESSAGE][INFO] - Unable to find the element located by 'By.xpath: //div/table/tbody/tr/td/div/div/table/tbody/tr/td'. Please recheck the objects properties to make sure the desired element is located. 

2022-06-10 08:42:37 - [MESSAGE][WARNING] - Web element with id: 'Object Repository/1-OBJECTS TAREAS PRINCIPALES/Modulo Tarea Compensacion/Legalizar Licencia No Remunerada/td_Licencia No Remunerada' located by '//div/table/tbody/tr/td/div/div/table/tbody/tr/td' not found

2022-06-10 08:42:37 - [TEST_STEP][PASSED] - click(findTestObject("1-OBJECTS TAREAS PRINCIPALES/Modulo Tarea Compensacion/Legalizar Licencia No Remunerada/a_Incapacidad")): Object: 'Object Repository/1-OBJECTS TAREAS PRINCIPALES/Modulo Tarea Compensacion/Legalizar Licencia No Remunerada/a_Incapacidad' is clicked on

2022-06-10 08:42:37 - [MESSAGE][PASSED] - Object: 'Object Repository/1-OBJECTS TAREAS PRINCIPALES/Modulo Tarea Compensacion/Legalizar Licencia No Remunerada/a_Incapacidad' is clicked on

2022-06-10 08:42:37 - [TEST_STEP][PASSED] - click(findTestObject("1-OBJECTS TAREAS PRINCIPALES/Modulo Tarea Compensacion/Legalizar Licencia No Remunerada/a_Histrico")): Object: 'Object Repository/1-OBJECTS TAREAS PRINCIPALES/Modulo Tarea Compensacion/Legalizar Licencia No Remunerada/a_Histrico' is clicked on

2022-06-10 08:42:38 - [MESSAGE][PASSED] - Object: 'Object Repository/1-OBJECTS TAREAS PRINCIPALES/Modulo Tarea Compensacion/Legalizar Licencia No Remunerada/a_Histrico' is clicked on

2022-06-10 08:42:38 - [TEST_STEP][PASSED] - if (waitForElementClickable(findTestObject("1-OBJECTS TAREAS PRINCIPALES/Modulo Tarea Compensacion/Legalizar Licencia No Remunerada/span_Enfermedad General 21"), 1)): Web element with id: 'Object Repository/1-OBJECTS TAREAS PRINCIPALES/Modulo Tarea Compensacion/Legalizar Licencia No Remunerada/span_Enfermedad General 21' located by '//div[2]/table/tbody/tr/td/div/div/table/tbody/tr/td/span' not found

2022-06-10 08:42:40 - [MESSAGE][INFO] - Unable to find the element located by 'By.xpath: //div[2]/table/tbody/tr/td/div/div/table/tbody/tr/td/span'. Please recheck the objects properties to make sure the desired element is located. 

2022-06-10 08:42:40 - [MESSAGE][WARNING] - Web element with id: 'Object Repository/1-OBJECTS TAREAS PRINCIPALES/Modulo Tarea Compensacion/Legalizar Licencia No Remunerada/span_Enfermedad General 21' located by '//div[2]/table/tbody/tr/td/div/div/table/tbody/tr/td/span' not found

2022-06-10 08:42:40 - [TEST_STEP][PASSED] - click(findTestObject("1-OBJECTS TAREAS PRINCIPALES/Modulo Tarea Compensacion/Legalizar Licencia No Remunerada/a_Licencia")): Object: 'Object Repository/1-OBJECTS TAREAS PRINCIPALES/Modulo Tarea Compensacion/Legalizar Licencia No Remunerada/a_Licencia' is clicked on

2022-06-10 08:42:41 - [MESSAGE][PASSED] - Object: 'Object Repository/1-OBJECTS TAREAS PRINCIPALES/Modulo Tarea Compensacion/Legalizar Licencia No Remunerada/a_Licencia' is clicked on

2022-06-10 08:42:41 - [TEST_STEP][PASSED] - waitForElementClickable(findTestObject("1-OBJECTS TAREAS PRINCIPALES/Modulo Tarea Compensacion/Legalizar Licencia No Remunerada/a_Nuevo"), G_TimeOut): Object 'Object Repository/1-OBJECTS TAREAS PRINCIPALES/Modulo Tarea Compensacion/Legalizar Licencia No Remunerada/a_Nuevo' is clickable

2022-06-10 08:42:42 - [MESSAGE][PASSED] - Object 'Object Repository/1-OBJECTS TAREAS PRINCIPALES/Modulo Tarea Compensacion/Legalizar Licencia No Remunerada/a_Nuevo' is clickable

2022-06-10 08:42:42 - [TEST_STEP][PASSED] - click(findTestObject("1-OBJECTS TAREAS PRINCIPALES/Modulo Tarea Compensacion/Legalizar Licencia No Remunerada/a_Nuevo")): Object: 'Object Repository/1-OBJECTS TAREAS PRINCIPALES/Modulo Tarea Compensacion/Legalizar Licencia No Remunerada/a_Nuevo' is clicked on

2022-06-10 08:42:42 - [MESSAGE][PASSED] - Object: 'Object Repository/1-OBJECTS TAREAS PRINCIPALES/Modulo Tarea Compensacion/Legalizar Licencia No Remunerada/a_Nuevo' is clicked on

2022-06-10 08:42:42 - [TEST_STEP][PASSED] - waitForElementClickable(findTestObject("1-OBJECTS TAREAS PRINCIPALES/Modulo Tarea Compensacion/Legalizar Licencia No Remunerada/span_LICENCIA NO REMUNERADA"), G_TimeOut): Object 'Object Repository/1-OBJECTS TAREAS PRINCIPALES/Modulo Tarea Compensacion/Legalizar Licencia No Remunerada/span_LICENCIA NO REMUNERADA' is clickable

2022-06-10 08:42:43 - [MESSAGE][PASSED] - Object 'Object Repository/1-OBJECTS TAREAS PRINCIPALES/Modulo Tarea Compensacion/Legalizar Licencia No Remunerada/span_LICENCIA NO REMUNERADA' is clickable

2022-06-10 08:42:43 - [TEST_STEP][PASSED] - click(findTestObject("1-OBJECTS TAREAS PRINCIPALES/Modulo Tarea Compensacion/Legalizar Licencia No Remunerada/span_LICENCIA NO REMUNERADA")): Object: 'Object Repository/1-OBJECTS TAREAS PRINCIPALES/Modulo Tarea Compensacion/Legalizar Licencia No Remunerada/span_LICENCIA NO REMUNERADA' is clicked on

2022-06-10 08:42:43 - [MESSAGE][PASSED] - Object: 'Object Repository/1-OBJECTS TAREAS PRINCIPALES/Modulo Tarea Compensacion/Legalizar Licencia No Remunerada/span_LICENCIA NO REMUNERADA' is clicked on

2022-06-10 08:42:43 - [TEST_STEP][PASSED] - click(findTestObject("1-OBJECTS TAREAS PRINCIPALES/Modulo Tarea Compensacion/Legalizar Licencia No Remunerada/a_Histrico")): Object: 'Object Repository/1-OBJECTS TAREAS PRINCIPALES/Modulo Tarea Compensacion/Legalizar Licencia No Remunerada/a_Histrico' is clicked on

2022-06-10 08:42:45 - [MESSAGE][PASSED] - Object: 'Object Repository/1-OBJECTS TAREAS PRINCIPALES/Modulo Tarea Compensacion/Legalizar Licencia No Remunerada/a_Histrico' is clicked on

2022-06-10 08:42:45 - [TEST_STEP][PASSED] - if (waitForElementVisible(findTestObject("1-OBJECTS TAREAS PRINCIPALES/Modulo Tarea Compensacion/Legalizar Licencia No Remunerada/span_01012021"), 1)): Web element with id: 'Object Repository/1-OBJECTS TAREAS PRINCIPALES/Modulo Tarea Compensacion/Legalizar Licencia No Remunerada/span_01012021' located by '//*/text()[normalize-space(.)='01/01/2021']/parent::*' not found

2022-06-10 08:42:47 - [MESSAGE][INFO] - Unable to find the element located by 'By.xpath: //*/text()[normalize-space(.)='01/01/2021']/parent::*'. Please recheck the objects properties to make sure the desired element is located. 

2022-06-10 08:42:47 - [MESSAGE][WARNING] - Web element with id: 'Object Repository/1-OBJECTS TAREAS PRINCIPALES/Modulo Tarea Compensacion/Legalizar Licencia No Remunerada/span_01012021' located by '//*/text()[normalize-space(.)='01/01/2021']/parent::*' not found

2022-06-10 08:42:47 - [TEST_STEP][PASSED] - waitForElementClickable(findTestObject("1-OBJECTS TAREAS PRINCIPALES/Modulo Tarea Compensacion/Legalizar Licencia No Remunerada/a_Pestaa Licencia"), 0): Object 'Object Repository/1-OBJECTS TAREAS PRINCIPALES/Modulo Tarea Compensacion/Legalizar Licencia No Remunerada/a_Pestaa Licencia' is clickable

2022-06-10 08:42:47 - [MESSAGE][WARNING] - Timeout '0' is invalid. Using default page load timeout: '37'

2022-06-10 08:42:47 - [MESSAGE][PASSED] - Object 'Object Repository/1-OBJECTS TAREAS PRINCIPALES/Modulo Tarea Compensacion/Legalizar Licencia No Remunerada/a_Pestaa Licencia' is clickable

2022-06-10 08:42:47 - [TEST_STEP][PASSED] - click(findTestObject("1-OBJECTS TAREAS PRINCIPALES/Modulo Tarea Compensacion/Legalizar Licencia No Remunerada/a_Pestaa Licencia")): Object: 'Object Repository/1-OBJECTS TAREAS PRINCIPALES/Modulo Tarea Compensacion/Legalizar Licencia No Remunerada/a_Pestaa Licencia' is clicked on

2022-06-10 08:42:48 - [MESSAGE][PASSED] - Object: 'Object Repository/1-OBJECTS TAREAS PRINCIPALES/Modulo Tarea Compensacion/Legalizar Licencia No Remunerada/a_Pestaa Licencia' is clicked on

2022-06-10 08:42:48 - [TEST_STEP][PASSED] - if (waitForElementVisible(findTestObject("1-OBJECTS TAREAS PRINCIPALES/Modulo Tarea Compensacion/Legalizar Licencia No Remunerada/a_Nuevo"), 1)): Web element with id: 'Object Repository/1-OBJECTS TAREAS PRINCIPALES/Modulo Tarea Compensacion/Legalizar Licencia No Remunerada/a_Nuevo' located by '//fieldset[2]/div/table/tbody/tr/td/a' not found

2022-06-10 08:42:50 - [MESSAGE][INFO] - Unable to find the element located by 'By.xpath: //fieldset[2]/div/table/tbody/tr/td/a'. Please recheck the objects properties to make sure the desired element is located. 

2022-06-10 08:42:50 - [MESSAGE][WARNING] - Web element with id: 'Object Repository/1-OBJECTS TAREAS PRINCIPALES/Modulo Tarea Compensacion/Legalizar Licencia No Remunerada/a_Nuevo' located by '//fieldset[2]/div/table/tbody/tr/td/a' not found

2022-06-10 08:42:50 - [TEST_STEP][PASSED] - waitForElementPresent(findTestObject("1-OBJECTS TAREAS PRINCIPALES/Modulo Tarea Compensacion/Legalizar Licencia No Remunerada/input_Fecha Salida_form_licenc"), 0): Object 'Object Repository/1-OBJECTS TAREAS PRINCIPALES/Modulo Tarea Compensacion/Legalizar Licencia No Remunerada/input_Fecha Salida_form_licenc' is present

2022-06-10 08:42:50 - [MESSAGE][WARNING] - Timeout '0' is invalid. Using default page load timeout: '37'

2022-06-10 08:42:50 - [MESSAGE][PASSED] - Object 'Object Repository/1-OBJECTS TAREAS PRINCIPALES/Modulo Tarea Compensacion/Legalizar Licencia No Remunerada/input_Fecha Salida_form_licenc' is present

2022-06-10 08:42:50 - [TEST_STEP][PASSED] - setText(findTestObject("1-OBJECTS TAREAS PRINCIPALES/Modulo Tarea Compensacion/Legalizar Licencia No Remunerada/input_Fecha Salida_form_licenc"), "01/01/2021"): Text '01/01/2021' is set on object 'Object Repository/1-OBJECTS TAREAS PRINCIPALES/Modulo Tarea Compensacion/Legalizar Licencia No Remunerada/input_Fecha Salida_form_licenc'

2022-06-10 08:42:51 - [MESSAGE][PASSED] - Text '01/01/2021' is set on object 'Object Repository/1-OBJECTS TAREAS PRINCIPALES/Modulo Tarea Compensacion/Legalizar Licencia No Remunerada/input_Fecha Salida_form_licenc'

2022-06-10 08:42:51 - [TEST_STEP][PASSED] - sendKeys(findTestObject("1-OBJECTS TAREAS PRINCIPALES/Modulo Tarea Compensacion/Legalizar Licencia No Remunerada/input_Fecha Salida_form_licenc"), Keys.chord(ESCAPE)): Keys 'ESCAPE + ' sent to object: 'Object Repository/1-OBJECTS TAREAS PRINCIPALES/Modulo Tarea Compensacion/Legalizar Licencia No Remunerada/input_Fecha Salida_form_licenc'

2022-06-10 08:42:52 - [MESSAGE][PASSED] - Keys 'ESCAPE + ' sent to object: 'Object Repository/1-OBJECTS TAREAS PRINCIPALES/Modulo Tarea Compensacion/Legalizar Licencia No Remunerada/input_Fecha Salida_form_licenc'

2022-06-10 08:42:52 - [TEST_STEP][PASSED] - setText(findTestObject("1-OBJECTS TAREAS PRINCIPALES/Modulo Tarea Compensacion/Legalizar Licencia No Remunerada/input_Fecha Salida Nomina_form"), "28/02/2021"): Text '28/02/2021' is set on object 'Object Repository/1-OBJECTS TAREAS PRINCIPALES/Modulo Tarea Compensacion/Legalizar Licencia No Remunerada/input_Fecha Salida Nomina_form'

2022-06-10 08:42:53 - [MESSAGE][PASSED] - Text '28/02/2021' is set on object 'Object Repository/1-OBJECTS TAREAS PRINCIPALES/Modulo Tarea Compensacion/Legalizar Licencia No Remunerada/input_Fecha Salida Nomina_form'

2022-06-10 08:42:53 - [TEST_STEP][PASSED] - sendKeys(findTestObject("1-OBJECTS TAREAS PRINCIPALES/Modulo Tarea Compensacion/Legalizar Licencia No Remunerada/input_Fecha Salida Nomina_form"), Keys.chord(ESCAPE)): Keys 'ESCAPE + ' sent to object: 'Object Repository/1-OBJECTS TAREAS PRINCIPALES/Modulo Tarea Compensacion/Legalizar Licencia No Remunerada/input_Fecha Salida Nomina_form'

2022-06-10 08:42:53 - [MESSAGE][PASSED] - Keys 'ESCAPE + ' sent to object: 'Object Repository/1-OBJECTS TAREAS PRINCIPALES/Modulo Tarea Compensacion/Legalizar Licencia No Remunerada/input_Fecha Salida Nomina_form'

2022-06-10 08:42:53 - [TEST_STEP][PASSED] - setText(findTestObject("1-OBJECTS TAREAS PRINCIPALES/Modulo Tarea Compensacion/Legalizar Licencia No Remunerada/textarea_Observacin_form_licen"), "Prueba 2021"): Text 'Prueba 2021' is set on object 'Object Repository/1-OBJECTS TAREAS PRINCIPALES/Modulo Tarea Compensacion/Legalizar Licencia No Remunerada/textarea_Observacin_form_licen'

2022-06-10 08:42:54 - [MESSAGE][PASSED] - Text 'Prueba 2021' is set on object 'Object Repository/1-OBJECTS TAREAS PRINCIPALES/Modulo Tarea Compensacion/Legalizar Licencia No Remunerada/textarea_Observacin_form_licen'

2022-06-10 08:42:54 - [TEST_STEP][PASSED] - setText(findTestObject("1-OBJECTS TAREAS PRINCIPALES/Modulo Tarea Compensacion/Legalizar Licencia No Remunerada/input_Fecha 1_form_licenciaEmp"), "01/01/2021"): Text '01/01/2021' is set on object 'Object Repository/1-OBJECTS TAREAS PRINCIPALES/Modulo Tarea Compensacion/Legalizar Licencia No Remunerada/input_Fecha 1_form_licenciaEmp'

2022-06-10 08:42:55 - [MESSAGE][PASSED] - Text '01/01/2021' is set on object 'Object Repository/1-OBJECTS TAREAS PRINCIPALES/Modulo Tarea Compensacion/Legalizar Licencia No Remunerada/input_Fecha 1_form_licenciaEmp'

2022-06-10 08:42:55 - [TEST_STEP][PASSED] - sendKeys(findTestObject("1-OBJECTS TAREAS PRINCIPALES/Modulo Tarea Compensacion/Legalizar Licencia No Remunerada/input_Fecha 1_form_licenciaEmp"), Keys.chord(ESCAPE)): Keys 'ESCAPE + ' sent to object: 'Object Repository/1-OBJECTS TAREAS PRINCIPALES/Modulo Tarea Compensacion/Legalizar Licencia No Remunerada/input_Fecha 1_form_licenciaEmp'

2022-06-10 08:42:55 - [MESSAGE][PASSED] - Keys 'ESCAPE + ' sent to object: 'Object Repository/1-OBJECTS TAREAS PRINCIPALES/Modulo Tarea Compensacion/Legalizar Licencia No Remunerada/input_Fecha 1_form_licenciaEmp'

2022-06-10 08:42:55 - [TEST_STEP][PASSED] - setText(findTestObject("1-OBJECTS TAREAS PRINCIPALES/Modulo Tarea Compensacion/Legalizar Licencia No Remunerada/input_Das Ausentismo_form_lice"), "2"): Text '2' is set on object 'Object Repository/1-OBJECTS TAREAS PRINCIPALES/Modulo Tarea Compensacion/Legalizar Licencia No Remunerada/input_Das Ausentismo_form_lice'

2022-06-10 08:42:56 - [MESSAGE][PASSED] - Text '2' is set on object 'Object Repository/1-OBJECTS TAREAS PRINCIPALES/Modulo Tarea Compensacion/Legalizar Licencia No Remunerada/input_Das Ausentismo_form_lice'

2022-06-10 08:42:56 - [TEST_STEP][PASSED] - setText(findTestObject("1-OBJECTS TAREAS PRINCIPALES/Modulo Tarea Compensacion/Legalizar Licencia No Remunerada/input_Fecha 1_form_licenciaEmp_11"), "28/02/2021"): Text '28/02/2021' is set on object 'Object Repository/1-OBJECTS TAREAS PRINCIPALES/Modulo Tarea Compensacion/Legalizar Licencia No Remunerada/input_Fecha 1_form_licenciaEmp_11'

2022-06-10 08:42:57 - [MESSAGE][PASSED] - Text '28/02/2021' is set on object 'Object Repository/1-OBJECTS TAREAS PRINCIPALES/Modulo Tarea Compensacion/Legalizar Licencia No Remunerada/input_Fecha 1_form_licenciaEmp_11'

2022-06-10 08:42:57 - [TEST_STEP][PASSED] - sendKeys(findTestObject("1-OBJECTS TAREAS PRINCIPALES/Modulo Tarea Compensacion/Legalizar Licencia No Remunerada/input_Fecha 1_form_licenciaEmp_11"), Keys.chord(ESCAPE)): Keys 'ESCAPE + ' sent to object: 'Object Repository/1-OBJECTS TAREAS PRINCIPALES/Modulo Tarea Compensacion/Legalizar Licencia No Remunerada/input_Fecha 1_form_licenciaEmp_11'

2022-06-10 08:42:57 - [MESSAGE][PASSED] - Keys 'ESCAPE + ' sent to object: 'Object Repository/1-OBJECTS TAREAS PRINCIPALES/Modulo Tarea Compensacion/Legalizar Licencia No Remunerada/input_Fecha 1_form_licenciaEmp_11'

2022-06-10 08:42:57 - [TEST_STEP][PASSED] - setText(findTestObject("1-OBJECTS TAREAS PRINCIPALES/Modulo Tarea Compensacion/Legalizar Licencia No Remunerada/textarea_Area_form_licenciaEmp"), "Prueba 2021"): Text 'Prueba 2021' is set on object 'Object Repository/1-OBJECTS TAREAS PRINCIPALES/Modulo Tarea Compensacion/Legalizar Licencia No Remunerada/textarea_Area_form_licenciaEmp'

2022-06-10 08:42:58 - [MESSAGE][PASSED] - Text 'Prueba 2021' is set on object 'Object Repository/1-OBJECTS TAREAS PRINCIPALES/Modulo Tarea Compensacion/Legalizar Licencia No Remunerada/textarea_Area_form_licenciaEmp'

2022-06-10 08:42:58 - [TEST_STEP][PASSED] - waitForElementClickable(findTestObject("1-OBJECTS TAREAS PRINCIPALES/Modulo Tarea Compensacion/Legalizar Licencia No Remunerada/textarea_Area_form_licenciaEmpleadotabs"), G_TimeOut): Object 'Object Repository/1-OBJECTS TAREAS PRINCIPALES/Modulo Tarea Compensacion/Legalizar Licencia No Remunerada/textarea_Area_form_licenciaEmpleadotabs' is clickable

2022-06-10 08:42:58 - [MESSAGE][PASSED] - Object 'Object Repository/1-OBJECTS TAREAS PRINCIPALES/Modulo Tarea Compensacion/Legalizar Licencia No Remunerada/textarea_Area_form_licenciaEmpleadotabs' is clickable

2022-06-10 08:42:58 - [TEST_STEP][PASSED] - setText(findTestObject("1-OBJECTS TAREAS PRINCIPALES/Modulo Tarea Compensacion/Legalizar Licencia No Remunerada/textarea_Area_form_licenciaEmpleadotabs"), "Prueba"): Text 'Prueba' is set on object 'Object Repository/1-OBJECTS TAREAS PRINCIPALES/Modulo Tarea Compensacion/Legalizar Licencia No Remunerada/textarea_Area_form_licenciaEmpleadotabs'

2022-06-10 08:42:59 - [MESSAGE][PASSED] - Text 'Prueba' is set on object 'Object Repository/1-OBJECTS TAREAS PRINCIPALES/Modulo Tarea Compensacion/Legalizar Licencia No Remunerada/textarea_Area_form_licenciaEmpleadotabs'

2022-06-10 08:42:59 - [TEST_STEP][PASSED] - waitForElementClickable(findTestObject("1-OBJECTS TAREAS PRINCIPALES/Modulo Tarea Compensacion/Legalizar Licencia No Remunerada/input_Horas adicionales_form_licenciaEmpleadotabs"), G_TimeOut): Object 'Object Repository/1-OBJECTS TAREAS PRINCIPALES/Modulo Tarea Compensacion/Legalizar Licencia No Remunerada/input_Horas adicionales_form_licenciaEmpleadotabs' is clickable

2022-06-10 08:42:59 - [MESSAGE][PASSED] - Object 'Object Repository/1-OBJECTS TAREAS PRINCIPALES/Modulo Tarea Compensacion/Legalizar Licencia No Remunerada/input_Horas adicionales_form_licenciaEmpleadotabs' is clickable

2022-06-10 08:42:59 - [TEST_STEP][PASSED] - setText(findTestObject("1-OBJECTS TAREAS PRINCIPALES/Modulo Tarea Compensacion/Legalizar Licencia No Remunerada/input_Horas adicionales_form_licenciaEmpleadotabs"), "0500"): Text '0500' is set on object 'Object Repository/1-OBJECTS TAREAS PRINCIPALES/Modulo Tarea Compensacion/Legalizar Licencia No Remunerada/input_Horas adicionales_form_licenciaEmpleadotabs'

2022-06-10 08:43:00 - [MESSAGE][PASSED] - Text '0500' is set on object 'Object Repository/1-OBJECTS TAREAS PRINCIPALES/Modulo Tarea Compensacion/Legalizar Licencia No Remunerada/input_Horas adicionales_form_licenciaEmpleadotabs'

2022-06-10 08:43:00 - [TEST_STEP][PASSED] - waitForElementClickable(findTestObject("1-OBJECTS TAREAS PRINCIPALES/Modulo Tarea Compensacion/Legalizar Licencia No Remunerada/a_Afiliacin Eps_form_licenciaEmpleadotabs"), G_TimeOut): Object 'Object Repository/1-OBJECTS TAREAS PRINCIPALES/Modulo Tarea Compensacion/Legalizar Licencia No Remunerada/a_Afiliacin Eps_form_licenciaEmpleadotabs' is clickable

2022-06-10 08:43:00 - [MESSAGE][PASSED] - Object 'Object Repository/1-OBJECTS TAREAS PRINCIPALES/Modulo Tarea Compensacion/Legalizar Licencia No Remunerada/a_Afiliacin Eps_form_licenciaEmpleadotabs' is clickable

2022-06-10 08:43:00 - [TEST_STEP][PASSED] - click(findTestObject("1-OBJECTS TAREAS PRINCIPALES/Modulo Tarea Compensacion/Legalizar Licencia No Remunerada/a_Afiliacin Eps_form_licenciaEmpleadotabs")): Object: 'Object Repository/1-OBJECTS TAREAS PRINCIPALES/Modulo Tarea Compensacion/Legalizar Licencia No Remunerada/a_Afiliacin Eps_form_licenciaEmpleadotabs' is clicked on

2022-06-10 08:43:01 - [MESSAGE][PASSED] - Object: 'Object Repository/1-OBJECTS TAREAS PRINCIPALES/Modulo Tarea Compensacion/Legalizar Licencia No Remunerada/a_Afiliacin Eps_form_licenciaEmpleadotabs' is clicked on

2022-06-10 08:43:01 - [TEST_STEP][PASSED] - waitForElementVisible(findTestObject("1-OBJECTS TAREAS PRINCIPALES/Modulo Tarea Compensacion/Legalizar Licencia No Remunerada/Page_SARA/div_Se ha cargado el archivo_ui-fileupload-_55cbf6"), 0): Object 'Object Repository/1-OBJECTS TAREAS PRINCIPALES/Modulo Tarea Compensacion/Legalizar Licencia No Remunerada/Page_SARA/div_Se ha cargado el archivo_ui-fileupload-_55cbf6' is visible

2022-06-10 08:43:01 - [MESSAGE][WARNING] - Timeout '0' is invalid. Using default page load timeout: '37'

2022-06-10 08:43:02 - [MESSAGE][PASSED] - Object 'Object Repository/1-OBJECTS TAREAS PRINCIPALES/Modulo Tarea Compensacion/Legalizar Licencia No Remunerada/Page_SARA/div_Se ha cargado el archivo_ui-fileupload-_55cbf6' is visible

2022-06-10 08:43:02 - [TEST_STEP][PASSED] - click(findTestObject("1-OBJECTS TAREAS PRINCIPALES/Modulo Tarea Compensacion/Legalizar Licencia No Remunerada/Page_SARA/div_Se ha cargado el archivo_ui-fileupload-_55cbf6")): Object: 'Object Repository/1-OBJECTS TAREAS PRINCIPALES/Modulo Tarea Compensacion/Legalizar Licencia No Remunerada/Page_SARA/div_Se ha cargado el archivo_ui-fileupload-_55cbf6' is clicked on

2022-06-10 08:43:02 - [MESSAGE][PASSED] - Object: 'Object Repository/1-OBJECTS TAREAS PRINCIPALES/Modulo Tarea Compensacion/Legalizar Licencia No Remunerada/Page_SARA/div_Se ha cargado el archivo_ui-fileupload-_55cbf6' is clicked on

2022-06-10 08:43:02 - [TEST_STEP][PASSED] - ruta = G_rutaarchivos + "ArchivoPlanoLiquidacionNomina.txt": null

2022-06-10 08:43:02 - [TEST_STEP][PASSED] - uploadFile(findTestObject("1-OBJECTS TAREAS PRINCIPALES/Modulo Tarea Compensacion/Legalizar Licencia No Remunerada/input_Se ha cargado el archivo_popupDocumento"), ruta): File 'E:\unionweb14\ArchivoPlanoLiquidacionNomina.txt' sent to object: 'Object Repository/1-OBJECTS TAREAS PRINCIPALES/Modulo Tarea Compensacion/Legalizar Licencia No Remunerada/input_Se ha cargado el archivo_popupDocumento'

2022-06-10 08:43:03 - [MESSAGE][PASSED] - File 'E:\unionweb14\ArchivoPlanoLiquidacionNomina.txt' sent to object: 'Object Repository/1-OBJECTS TAREAS PRINCIPALES/Modulo Tarea Compensacion/Legalizar Licencia No Remunerada/input_Se ha cargado el archivo_popupDocumento'

2022-06-10 08:43:03 - [TEST_STEP][PASSED] - waitForElementClickable(findTestObject("1-OBJECTS TAREAS PRINCIPALES/Modulo Tarea Compensacion/Legalizar Licencia No Remunerada/input_Vigencia_popupDocumentoNovedad_formvigencia_input"), 0): Object 'Object Repository/1-OBJECTS TAREAS PRINCIPALES/Modulo Tarea Compensacion/Legalizar Licencia No Remunerada/input_Vigencia_popupDocumentoNovedad_formvigencia_input' is clickable

2022-06-10 08:43:03 - [MESSAGE][WARNING] - Timeout '0' is invalid. Using default page load timeout: '37'

2022-06-10 08:43:03 - [MESSAGE][PASSED] - Object 'Object Repository/1-OBJECTS TAREAS PRINCIPALES/Modulo Tarea Compensacion/Legalizar Licencia No Remunerada/input_Vigencia_popupDocumentoNovedad_formvigencia_input' is clickable

2022-06-10 08:43:03 - [TEST_STEP][PASSED] - setText(findTestObject("1-OBJECTS TAREAS PRINCIPALES/Modulo Tarea Compensacion/Legalizar Licencia No Remunerada/input_Vigencia_popupDocumentoNovedad_formvigencia_input"), "01/12/2021"): Text '01/12/2021' is set on object 'Object Repository/1-OBJECTS TAREAS PRINCIPALES/Modulo Tarea Compensacion/Legalizar Licencia No Remunerada/input_Vigencia_popupDocumentoNovedad_formvigencia_input'

2022-06-10 08:43:04 - [MESSAGE][PASSED] - Text '01/12/2021' is set on object 'Object Repository/1-OBJECTS TAREAS PRINCIPALES/Modulo Tarea Compensacion/Legalizar Licencia No Remunerada/input_Vigencia_popupDocumentoNovedad_formvigencia_input'

2022-06-10 08:43:04 - [TEST_STEP][PASSED] - sendKeys(findTestObject("1-OBJECTS TAREAS PRINCIPALES/Modulo Tarea Compensacion/Legalizar Licencia No Remunerada/input_Vigencia_popupDocumentoNovedad_formvigencia_input"), Keys.chord(ESCAPE)): Keys 'ESCAPE + ' sent to object: 'Object Repository/1-OBJECTS TAREAS PRINCIPALES/Modulo Tarea Compensacion/Legalizar Licencia No Remunerada/input_Vigencia_popupDocumentoNovedad_formvigencia_input'

2022-06-10 08:43:05 - [MESSAGE][PASSED] - Keys 'ESCAPE + ' sent to object: 'Object Repository/1-OBJECTS TAREAS PRINCIPALES/Modulo Tarea Compensacion/Legalizar Licencia No Remunerada/input_Vigencia_popupDocumentoNovedad_formvigencia_input'

2022-06-10 08:43:05 - [TEST_STEP][PASSED] - setText(findTestObject("1-OBJECTS TAREAS PRINCIPALES/Modulo Tarea Compensacion/Legalizar Licencia No Remunerada/textarea_Observacin_popupDocumentoNovedad_formobservacion"), "PRUEBA"): Text 'PRUEBA' is set on object 'Object Repository/1-OBJECTS TAREAS PRINCIPALES/Modulo Tarea Compensacion/Legalizar Licencia No Remunerada/textarea_Observacin_popupDocumentoNovedad_formobservacion'

2022-06-10 08:43:05 - [MESSAGE][PASSED] - Text 'PRUEBA' is set on object 'Object Repository/1-OBJECTS TAREAS PRINCIPALES/Modulo Tarea Compensacion/Legalizar Licencia No Remunerada/textarea_Observacin_popupDocumentoNovedad_formobservacion'

2022-06-10 08:43:05 - [TEST_STEP][PASSED] - click(findTestObject("1-OBJECTS TAREAS PRINCIPALES/Modulo Tarea Compensacion/Legalizar Licencia No Remunerada/a_Guardar_archivo")): Object: 'Object Repository/1-OBJECTS TAREAS PRINCIPALES/Modulo Tarea Compensacion/Legalizar Licencia No Remunerada/a_Guardar_archivo' is clicked on

2022-06-10 08:43:06 - [MESSAGE][PASSED] - Object: 'Object Repository/1-OBJECTS TAREAS PRINCIPALES/Modulo Tarea Compensacion/Legalizar Licencia No Remunerada/a_Guardar_archivo' is clicked on

2022-06-10 08:43:06 - [TEST_STEP][PASSED] - click(findTestObject("1-OBJECTS TAREAS PRINCIPALES/Modulo Tarea Compensacion/Legalizar Licencia No Remunerada/a_Guardar_1")): Object: 'Object Repository/1-OBJECTS TAREAS PRINCIPALES/Modulo Tarea Compensacion/Legalizar Licencia No Remunerada/a_Guardar_1' is clicked on

2022-06-10 08:43:07 - [MESSAGE][PASSED] - Object: 'Object Repository/1-OBJECTS TAREAS PRINCIPALES/Modulo Tarea Compensacion/Legalizar Licencia No Remunerada/a_Guardar_1' is clicked on

2022-06-10 08:43:07 - [TEST_STEP][FAILED] - Alerta = getText(findTestObject("3-OBJECTS UTILIDADES/Alerta/Alerta")): Unable to get text of object 'Object Repository/3-OBJECTS UTILIDADES/Alerta/Alerta' (Root cause: com.kms.katalon.core.exception.StepFailedException: Unable to get text of object 'Object Repository/3-OBJECTS UTILIDADES/Alerta/Alerta'
	at com.kms.katalon.core.webui.keyword.internal.WebUIKeywordMain.stepFailed(WebUIKeywordMain.groovy:64)
	at com.kms.katalon.core.webui.keyword.internal.WebUIKeywordMain.runKeyword(WebUIKeywordMain.groovy:26)
	at com.kms.katalon.core.webui.keyword.builtin.GetTextKeyword.getText(GetTextKeyword.groovy:88)
	at com.kms.katalon.core.webui.keyword.builtin.GetTextKeyword.execute(GetTextKeyword.groovy:67)
	at com.kms.katalon.core.keyword.internal.KeywordExecutor.executeKeywordForPlatform(KeywordExecutor.groovy:74)
	at com.kms.katalon.core.webui.keyword.WebUiBuiltInKeywords.getText(WebUiBuiltInKeywords.groovy:918)
	at com.kms.katalon.core.webui.keyword.WebUiBuiltInKeywords$getText$13.call(Unknown Source)
	at 1.2.2-Legalizar licencia No Remunerada.run(1.2.2-Legalizar licencia No Remunerada:186)
	at com.kms.katalon.core.main.ScriptEngine.run(ScriptEngine.java:194)
	at com.kms.katalon.core.main.ScriptEngine.runScriptAsRawText(ScriptEngine.java:119)
	at com.kms.katalon.core.main.TestCaseExecutor.runScript(TestCaseExecutor.java:445)
	at com.kms.katalon.core.main.TestCaseExecutor.doExecute(TestCaseExecutor.java:436)
	at com.kms.katalon.core.main.TestCaseExecutor.processExecutionPhase(TestCaseExecutor.java:415)
	at com.kms.katalon.core.main.TestCaseExecutor.accessMainPhase(TestCaseExecutor.java:407)
	at com.kms.katalon.core.main.TestCaseExecutor.execute(TestCaseExecutor.java:284)
	at com.kms.katalon.core.common.CommonExecutor.accessTestCaseMainPhase(CommonExecutor.java:65)
	at com.kms.katalon.core.main.TestSuiteExecutor.accessTestSuiteMainPhase(TestSuiteExecutor.java:144)
	at com.kms.katalon.core.main.TestSuiteExecutor.execute(TestSuiteExecutor.java:106)
	at com.kms.katalon.core.main.TestCaseMain.startTestSuite(TestCaseMain.java:185)
	at com.kms.katalon.core.main.TestCaseMain$startTestSuite$0.call(Unknown Source)
	at TempTestSuite1654867643956.run(TempTestSuite1654867643956.groovy:36)
Caused by: com.kms.katalon.core.webui.exception.WebElementNotFoundException: Web element with id: 'Object Repository/3-OBJECTS UTILIDADES/Alerta/Alerta' located by '//div[@id='growl_container']/div/div/div[2]/p' not found
	at com.kms.katalon.core.webui.common.WebUiCommonHelper.findWebElement(WebUiCommonHelper.java:1370)
	at com.kms.katalon.core.webui.keyword.internal.WebUIAbstractKeyword.findWebElement(WebUIAbstractKeyword.groovy:27)
	at com.kms.katalon.core.webui.keyword.internal.WebUIAbstractKeyword.findWebElement(WebUIAbstractKeyword.groovy:26)
	at com.kms.katalon.core.webui.keyword.builtin.GetTextKeyword$_getText_closure1.doCall(GetTextKeyword.groovy:78)
	at com.kms.katalon.core.webui.keyword.builtin.GetTextKeyword$_getText_closure1.call(GetTextKeyword.groovy)
	at com.kms.katalon.core.webui.keyword.internal.WebUIKeywordMain.runKeyword(WebUIKeywordMain.groovy:20)
	at com.kms.katalon.core.webui.keyword.builtin.GetTextKeyword.getText(GetTextKeyword.groovy:88)
	at com.kms.katalon.core.webui.keyword.builtin.GetTextKeyword.execute(GetTextKeyword.groovy:67)
	at com.kms.katalon.core.keyword.internal.KeywordExecutor.executeKeywordForPlatform(KeywordExecutor.groovy:74)
	at com.kms.katalon.core.webui.keyword.WebUiBuiltInKeywords.getText(WebUiBuiltInKeywords.groovy:918)
	at com.kms.katalon.core.webui.keyword.WebUiBuiltInKeywords$getText$13.call(Unknown Source)
	at Script1548864711887.run(Script1548864711887.groovy:186)
	... 13 more
)

2022-06-10 08:43:45 - [MESSAGE][INFO] - Unable to find the element located by 'By.xpath: //div[@id='growl_container']/div/div/div[2]/p'. Please recheck the objects properties to make sure the desired element is located. 

2022-06-10 08:43:45 - [MESSAGE][FAILED] - Unable to get text of object 'Object Repository/3-OBJECTS UTILIDADES/Alerta/Alerta' (Root cause: com.kms.katalon.core.exception.StepFailedException: Unable to get text of object 'Object Repository/3-OBJECTS UTILIDADES/Alerta/Alerta'
	at com.kms.katalon.core.webui.keyword.internal.WebUIKeywordMain.stepFailed(WebUIKeywordMain.groovy:64)
	at com.kms.katalon.core.webui.keyword.internal.WebUIKeywordMain.runKeyword(WebUIKeywordMain.groovy:26)
	at com.kms.katalon.core.webui.keyword.builtin.GetTextKeyword.getText(GetTextKeyword.groovy:88)
	at com.kms.katalon.core.webui.keyword.builtin.GetTextKeyword.execute(GetTextKeyword.groovy:67)
	at com.kms.katalon.core.keyword.internal.KeywordExecutor.executeKeywordForPlatform(KeywordExecutor.groovy:74)
	at com.kms.katalon.core.webui.keyword.WebUiBuiltInKeywords.getText(WebUiBuiltInKeywords.groovy:918)
	at com.kms.katalon.core.webui.keyword.WebUiBuiltInKeywords$getText$13.call(Unknown Source)
	at 1.2.2-Legalizar licencia No Remunerada.run(1.2.2-Legalizar licencia No Remunerada:186)
	at com.kms.katalon.core.main.ScriptEngine.run(ScriptEngine.java:194)
	at com.kms.katalon.core.main.ScriptEngine.runScriptAsRawText(ScriptEngine.java:119)
	at com.kms.katalon.core.main.TestCaseExecutor.runScript(TestCaseExecutor.java:445)
	at com.kms.katalon.core.main.TestCaseExecutor.doExecute(TestCaseExecutor.java:436)
	at com.kms.katalon.core.main.TestCaseExecutor.processExecutionPhase(TestCaseExecutor.java:415)
	at com.kms.katalon.core.main.TestCaseExecutor.accessMainPhase(TestCaseExecutor.java:407)
	at com.kms.katalon.core.main.TestCaseExecutor.execute(TestCaseExecutor.java:284)
	at com.kms.katalon.core.common.CommonExecutor.accessTestCaseMainPhase(CommonExecutor.java:65)
	at com.kms.katalon.core.main.TestSuiteExecutor.accessTestSuiteMainPhase(TestSuiteExecutor.java:144)
	at com.kms.katalon.core.main.TestSuiteExecutor.execute(TestSuiteExecutor.java:106)
	at com.kms.katalon.core.main.TestCaseMain.startTestSuite(TestCaseMain.java:185)
	at com.kms.katalon.core.main.TestCaseMain$startTestSuite$0.call(Unknown Source)
	at TempTestSuite1654867643956.run(TempTestSuite1654867643956.groovy:36)
Caused by: com.kms.katalon.core.webui.exception.WebElementNotFoundException: Web element with id: 'Object Repository/3-OBJECTS UTILIDADES/Alerta/Alerta' located by '//div[@id='growl_container']/div/div/div[2]/p' not found
	at com.kms.katalon.core.webui.common.WebUiCommonHelper.findWebElement(WebUiCommonHelper.java:1370)
	at com.kms.katalon.core.webui.keyword.internal.WebUIAbstractKeyword.findWebElement(WebUIAbstractKeyword.groovy:27)
	at com.kms.katalon.core.webui.keyword.internal.WebUIAbstractKeyword.findWebElement(WebUIAbstractKeyword.groovy:26)
	at com.kms.katalon.core.webui.keyword.builtin.GetTextKeyword$_getText_closure1.doCall(GetTextKeyword.groovy:78)
	at com.kms.katalon.core.webui.keyword.builtin.GetTextKeyword$_getText_closure1.call(GetTextKeyword.groovy)
	at com.kms.katalon.core.webui.keyword.internal.WebUIKeywordMain.runKeyword(WebUIKeywordMain.groovy:20)
	at com.kms.katalon.core.webui.keyword.builtin.GetTextKeyword.getText(GetTextKeyword.groovy:88)
	at com.kms.katalon.core.webui.keyword.builtin.GetTextKeyword.execute(GetTextKeyword.groovy:67)
	at com.kms.katalon.core.keyword.internal.KeywordExecutor.executeKeywordForPlatform(KeywordExecutor.groovy:74)
	at com.kms.katalon.core.webui.keyword.WebUiBuiltInKeywords.getText(WebUiBuiltInKeywords.groovy:918)
	at com.kms.katalon.core.webui.keyword.WebUiBuiltInKeywords$getText$13.call(Unknown Source)
	at Script1548864711887.run(Script1548864711887.groovy:186)
	... 13 more
)
[[ATTACHMENT|C:\\Users\\diego.rojas\\git\\Pruebas-Minimas\\Reports\\20220610_082723\\Test_Suite_Principales\\1-Tareas Principales\\20220610_082723\\1654868625288.png]]]]></system-out>
         <system-err><![CDATA[2022-06-10 08:42:21 - [TEST_CASE][FAILED] - Test Cases/1.1-Tareas Principales/1.2.2-Legalizar licencia No Remunerada: Test Cases/1.1-Tareas Principales/1.2.2-Legalizar licencia No Remunerada FAILED.
Reason:
com.kms.katalon.core.exception.StepFailedException: Unable to get text of object 'Object Repository/3-OBJECTS UTILIDADES/Alerta/Alerta'
	at com.kms.katalon.core.webui.keyword.internal.WebUIKeywordMain.stepFailed(WebUIKeywordMain.groovy:64)
	at com.kms.katalon.core.webui.keyword.internal.WebUIKeywordMain.runKeyword(WebUIKeywordMain.groovy:26)
	at com.kms.katalon.core.webui.keyword.builtin.GetTextKeyword.getText(GetTextKeyword.groovy:88)
	at com.kms.katalon.core.webui.keyword.builtin.GetTextKeyword.execute(GetTextKeyword.groovy:67)
	at com.kms.katalon.core.keyword.internal.KeywordExecutor.executeKeywordForPlatform(KeywordExecutor.groovy:74)
	at com.kms.katalon.core.webui.keyword.WebUiBuiltInKeywords.getText(WebUiBuiltInKeywords.groovy:918)
	at com.kms.katalon.core.webui.keyword.WebUiBuiltInKeywords$getText$13.call(Unknown Source)
	at 1.2.2-Legalizar licencia No Remunerada.run(1.2.2-Legalizar licencia No Remunerada:186)
	at com.kms.katalon.core.main.ScriptEngine.run(ScriptEngine.java:194)
	at com.kms.katalon.core.main.ScriptEngine.runScriptAsRawText(ScriptEngine.java:119)
	at com.kms.katalon.core.main.TestCaseExecutor.runScript(TestCaseExecutor.java:445)
	at com.kms.katalon.core.main.TestCaseExecutor.doExecute(TestCaseExecutor.java:436)
	at com.kms.katalon.core.main.TestCaseExecutor.processExecutionPhase(TestCaseExecutor.java:415)
	at com.kms.katalon.core.main.TestCaseExecutor.accessMainPhase(TestCaseExecutor.java:407)
	at com.kms.katalon.core.main.TestCaseExecutor.execute(TestCaseExecutor.java:284)
	at com.kms.katalon.core.common.CommonExecutor.accessTestCaseMainPhase(CommonExecutor.java:65)
	at com.kms.katalon.core.main.TestSuiteExecutor.accessTestSuiteMainPhase(TestSuiteExecutor.java:144)
	at com.kms.katalon.core.main.TestSuiteExecutor.execute(TestSuiteExecutor.java:106)
	at com.kms.katalon.core.main.TestCaseMain.startTestSuite(TestCaseMain.java:185)
	at com.kms.katalon.core.main.TestCaseMain$startTestSuite$0.call(Unknown Source)
	at TempTestSuite1654867643956.run(TempTestSuite1654867643956.groovy:36)
Caused by: com.kms.katalon.core.webui.exception.WebElementNotFoundException: Web element with id: 'Object Repository/3-OBJECTS UTILIDADES/Alerta/Alerta' located by '//div[@id='growl_container']/div/div/div[2]/p' not found
	at com.kms.katalon.core.webui.common.WebUiCommonHelper.findWebElement(WebUiCommonHelper.java:1370)
	at com.kms.katalon.core.webui.keyword.internal.WebUIAbstractKeyword.findWebElement(WebUIAbstractKeyword.groovy:27)
	at com.kms.katalon.core.webui.keyword.internal.WebUIAbstractKeyword.findWebElement(WebUIAbstractKeyword.groovy:26)
	at com.kms.katalon.core.webui.keyword.builtin.GetTextKeyword$_getText_closure1.doCall(GetTextKeyword.groovy:78)
	at com.kms.katalon.core.webui.keyword.builtin.GetTextKeyword$_getText_closure1.call(GetTextKeyword.groovy)
	at com.kms.katalon.core.webui.keyword.internal.WebUIKeywordMain.runKeyword(WebUIKeywordMain.groovy:20)
	... 19 more]]></system-err>
      </testcase>
      <testcase name="Test Cases/1.1-Tareas Principales/1.2.3-Legalizar Licencia Remunerada" time="64.96" classname="Test Cases/1.1-Tareas Principales/1.2.3-Legalizar Licencia Remunerada" status="FAILED">
         <failure type="FAILED" message="Test Cases/1.1-Tareas Principales/1.2.3-Legalizar Licencia Remunerada FAILED.
Reason:
com.kms.katalon.core.exception.StepFailedException: Unable to get text of object 'Object Repository/3-OBJECTS UTILIDADES/Alerta/Alerta'
	at com.kms.katalon.core.webui.keyword.internal.WebUIKeywordMain.stepFailed(WebUIKeywordMain.groovy:64)
	at com.kms.katalon.core.webui.keyword.internal.WebUIKeywordMain.runKeyword(WebUIKeywordMain.groovy:26)
	at com.kms.katalon.core.webui.keyword.builtin.GetTextKeyword.getText(GetTextKeyword.groovy:88)
	at com.kms.katalon.core.webui.keyword.builtin.GetTextKeyword.execute(GetTextKeyword.groovy:67)
	at com.kms.katalon.core.keyword.internal.KeywordExecutor.executeKeywordForPlatform(KeywordExecutor.groovy:74)
	at com.kms.katalon.core.webui.keyword.WebUiBuiltInKeywords.getText(WebUiBuiltInKeywords.groovy:918)
	at com.kms.katalon.core.webui.keyword.WebUiBuiltInKeywords$getText$13.call(Unknown Source)
	at 1.2.3-Legalizar Licencia Remunerada.run(1.2.3-Legalizar Licencia Remunerada:90)
	at com.kms.katalon.core.main.ScriptEngine.run(ScriptEngine.java:194)
	at com.kms.katalon.core.main.ScriptEngine.runScriptAsRawText(ScriptEngine.java:119)
	at com.kms.katalon.core.main.TestCaseExecutor.runScript(TestCaseExecutor.java:445)
	at com.kms.katalon.core.main.TestCaseExecutor.doExecute(TestCaseExecutor.java:436)
	at com.kms.katalon.core.main.TestCaseExecutor.processExecutionPhase(TestCaseExecutor.java:415)
	at com.kms.katalon.core.main.TestCaseExecutor.accessMainPhase(TestCaseExecutor.java:407)
	at com.kms.katalon.core.main.TestCaseExecutor.execute(TestCaseExecutor.java:284)
	at com.kms.katalon.core.common.CommonExecutor.accessTestCaseMainPhase(CommonExecutor.java:65)
	at com.kms.katalon.core.main.TestSuiteExecutor.accessTestSuiteMainPhase(TestSuiteExecutor.java:144)
	at com.kms.katalon.core.main.TestSuiteExecutor.execute(TestSuiteExecutor.java:106)
	at com.kms.katalon.core.main.TestCaseMain.startTestSuite(TestCaseMain.java:185)
	at com.kms.katalon.core.main.TestCaseMain$startTestSuite$0.call(Unknown Source)
	at TempTestSuite1654867643956.run(TempTestSuite1654867643956.groovy:36)
Caused by: com.kms.katalon.core.webui.exception.WebElementNotFoundException: Web element with id: 'Object Repository/3-OBJECTS UTILIDADES/Alerta/Alerta' located by '//div[@id='growl_container']/div/div/div[2]/p' not found
	at com.kms.katalon.core.webui.common.WebUiCommonHelper.findWebElement(WebUiCommonHelper.java:1370)
	at com.kms.katalon.core.webui.keyword.internal.WebUIAbstractKeyword.findWebElement(WebUIAbstractKeyword.groovy:27)
	at com.kms.katalon.core.webui.keyword.internal.WebUIAbstractKeyword.findWebElement(WebUIAbstractKeyword.groovy:26)
	at com.kms.katalon.core.webui.keyword.builtin.GetTextKeyword$_getText_closure1.doCall(GetTextKeyword.groovy:78)
	at com.kms.katalon.core.webui.keyword.builtin.GetTextKeyword$_getText_closure1.call(GetTextKeyword.groovy)
	at com.kms.katalon.core.webui.keyword.internal.WebUIKeywordMain.runKeyword(WebUIKeywordMain.groovy:20)
	... 19 more
"/>
         <system-out><![CDATA[2022-06-10 08:43:45 - [TEST_CASE][FAILED] - Test Cases/1.1-Tareas Principales/1.2.3-Legalizar Licencia Remunerada: Test Cases/1.1-Tareas Principales/1.2.3-Legalizar Licencia Remunerada FAILED.
Reason:
com.kms.katalon.core.exception.StepFailedException: Unable to get text of object 'Object Repository/3-OBJECTS UTILIDADES/Alerta/Alerta'
	at com.kms.katalon.core.webui.keyword.internal.WebUIKeywordMain.stepFailed(WebUIKeywordMain.groovy:64)
	at com.kms.katalon.core.webui.keyword.internal.WebUIKeywordMain.runKeyword(WebUIKeywordMain.groovy:26)
	at com.kms.katalon.core.webui.keyword.builtin.GetTextKeyword.getText(GetTextKeyword.groovy:88)
	at com.kms.katalon.core.webui.keyword.builtin.GetTextKeyword.execute(GetTextKeyword.groovy:67)
	at com.kms.katalon.core.keyword.internal.KeywordExecutor.executeKeywordForPlatform(KeywordExecutor.groovy:74)
	at com.kms.katalon.core.webui.keyword.WebUiBuiltInKeywords.getText(WebUiBuiltInKeywords.groovy:918)
	at com.kms.katalon.core.webui.keyword.WebUiBuiltInKeywords$getText$13.call(Unknown Source)
	at 1.2.3-Legalizar Licencia Remunerada.run(1.2.3-Legalizar Licencia Remunerada:90)
	at com.kms.katalon.core.main.ScriptEngine.run(ScriptEngine.java:194)
	at com.kms.katalon.core.main.ScriptEngine.runScriptAsRawText(ScriptEngine.java:119)
	at com.kms.katalon.core.main.TestCaseExecutor.runScript(TestCaseExecutor.java:445)
	at com.kms.katalon.core.main.TestCaseExecutor.doExecute(TestCaseExecutor.java:436)
	at com.kms.katalon.core.main.TestCaseExecutor.processExecutionPhase(TestCaseExecutor.java:415)
	at com.kms.katalon.core.main.TestCaseExecutor.accessMainPhase(TestCaseExecutor.java:407)
	at com.kms.katalon.core.main.TestCaseExecutor.execute(TestCaseExecutor.java:284)
	at com.kms.katalon.core.common.CommonExecutor.accessTestCaseMainPhase(CommonExecutor.java:65)
	at com.kms.katalon.core.main.TestSuiteExecutor.accessTestSuiteMainPhase(TestSuiteExecutor.java:144)
	at com.kms.katalon.core.main.TestSuiteExecutor.execute(TestSuiteExecutor.java:106)
	at com.kms.katalon.core.main.TestCaseMain.startTestSuite(TestCaseMain.java:185)
	at com.kms.katalon.core.main.TestCaseMain$startTestSuite$0.call(Unknown Source)
	at TempTestSuite1654867643956.run(TempTestSuite1654867643956.groovy:36)
Caused by: com.kms.katalon.core.webui.exception.WebElementNotFoundException: Web element with id: 'Object Repository/3-OBJECTS UTILIDADES/Alerta/Alerta' located by '//div[@id='growl_container']/div/div/div[2]/p' not found
	at com.kms.katalon.core.webui.common.WebUiCommonHelper.findWebElement(WebUiCommonHelper.java:1370)
	at com.kms.katalon.core.webui.keyword.internal.WebUIAbstractKeyword.findWebElement(WebUIAbstractKeyword.groovy:27)
	at com.kms.katalon.core.webui.keyword.internal.WebUIAbstractKeyword.findWebElement(WebUIAbstractKeyword.groovy:26)
	at com.kms.katalon.core.webui.keyword.builtin.GetTextKeyword$_getText_closure1.doCall(GetTextKeyword.groovy:78)
	at com.kms.katalon.core.webui.keyword.builtin.GetTextKeyword$_getText_closure1.call(GetTextKeyword.groovy)
	at com.kms.katalon.core.webui.keyword.internal.WebUIKeywordMain.runKeyword(WebUIKeywordMain.groovy:20)
	... 19 more


2022-06-10 08:43:45 - [TEST_STEP][PASSED] - callTestCase(findTestCase("Utilidades-(atajos_para _tareas)/Tareas Administracion Compensacion/Tarea Listado Empleados"), [:], STOP_ON_FAILURE): Call Test Case 'Test Cases/Utilidades-(atajos_para _tareas)/Tareas Administracion Compensacion/Tarea Listado Empleados' successfully

2022-06-10 08:43:45 - [TEST_CASE][PASSED] - Test Cases/Utilidades-(atajos_para _tareas)/Tareas Administracion Compensacion/Tarea Listado Empleados: Test Cases/Utilidades-(atajos_para _tareas)/Tareas Administracion Compensacion/Tarea Listado Empleados

2022-06-10 08:43:45 - [TEST_STEP][PASSED] - callTestCase(findTestCase("0.1-Login"), [:], STOP_ON_FAILURE): Call Test Case 'Test Cases/0.1-Login' successfully

2022-06-10 08:43:45 - [TEST_CASE][PASSED] - Test Cases/0.1-Login: Test Cases/0.1-Login

2022-06-10 08:43:45 - [TEST_STEP][PASSED] - openBrowser(""): Browser is opened with url: ''

2022-06-10 08:43:45 - [MESSAGE][WARNING] - A browser is already opened. Closing browser and opening a new one

2022-06-10 08:43:46 - [MESSAGE][INFO] - Starting 'Chrome' driver

2022-06-10 08:43:46 - [MESSAGE][INFO] - Action delay is set to 0 milliseconds

2022-06-10 08:43:47 - [MESSAGE][PASSED] - Browser is opened with url: ''

2022-06-10 08:43:47 - [TEST_STEP][PASSED] - maximizeWindow(): Current window maximized

2022-06-10 08:43:47 - [MESSAGE][PASSED] - Current window maximized

2022-06-10 08:43:47 - [TEST_STEP][PASSED] - i = G_Login: null

2022-06-10 08:43:47 - [TEST_STEP][PASSED] - url = new java.net.URL(i): null

2022-06-10 08:43:47 - [TEST_STEP][PASSED] - println("URL: " + url.toString()): null

2022-06-10 08:43:47 - [TEST_STEP][PASSED] - connection = url.openConnection(): null

2022-06-10 08:43:47 - [TEST_STEP][PASSED] - connection.setRequestMethod("GET"): null

2022-06-10 08:43:47 - [TEST_STEP][PASSED] - connection.setReadTimeout(2 * 1000): null

2022-06-10 08:43:47 - [TEST_STEP][PASSED] - try: null

2022-06-10 08:43:47 - [TEST_STEP][PASSED] - connection.connect(): null

2022-06-10 08:43:47 - [TEST_STEP][PASSED] - flag = connected: null

2022-06-10 08:43:47 - [TEST_STEP][PASSED] - println("Valor_ori: " + flag): null

2022-06-10 08:43:47 - [TEST_STEP][PASSED] - if (flag): null

2022-06-10 08:43:47 - [TEST_STEP][PASSED] - navigateToUrl(i): Navigate to 'http://192.168.2.19:8380/saraweb' successfully

2022-06-10 08:43:48 - [MESSAGE][PASSED] - Navigate to 'http://192.168.2.19:8380/saraweb' successfully

2022-06-10 08:43:48 - [TEST_STEP][PASSED] - a(): null

2022-06-10 08:43:48 - [TEST_STEP][PASSED] - setText(findTestObject("3-OBJECTS UTILIDADES/Login/input_USUARIO_loginusuario"), G_Usuario): Text 'saraadmin' is set on object 'Object Repository/3-OBJECTS UTILIDADES/Login/input_USUARIO_loginusuario'

2022-06-10 08:43:49 - [MESSAGE][PASSED] - Text 'saraadmin' is set on object 'Object Repository/3-OBJECTS UTILIDADES/Login/input_USUARIO_loginusuario'

2022-06-10 08:43:49 - [TEST_STEP][PASSED] - setEncryptedText(findTestObject("3-OBJECTS UTILIDADES/Login/input_CLAVE_loginpassword"), "MkG4/TYiCFC3cb2driP7+Q=="): Text ****** has been set on object 'Object Repository/3-OBJECTS UTILIDADES/Login/input_CLAVE_loginpassword'

2022-06-10 08:43:49 - [MESSAGE][PASSED] - Text ****** has been set on object 'Object Repository/3-OBJECTS UTILIDADES/Login/input_CLAVE_loginpassword'

2022-06-10 08:43:49 - [TEST_STEP][PASSED] - waitForElementClickable(findTestObject("3-OBJECTS UTILIDADES/Login/a_Ingresar"), G_TimeOut): Object 'Object Repository/3-OBJECTS UTILIDADES/Login/a_Ingresar' is clickable

2022-06-10 08:43:50 - [MESSAGE][PASSED] - Object 'Object Repository/3-OBJECTS UTILIDADES/Login/a_Ingresar' is clickable

2022-06-10 08:43:50 - [TEST_STEP][PASSED] - click(findTestObject("3-OBJECTS UTILIDADES/Login/a_Ingresar")): Object: 'Object Repository/3-OBJECTS UTILIDADES/Login/a_Ingresar' is clicked on

2022-06-10 08:43:51 - [MESSAGE][PASSED] - Object: 'Object Repository/3-OBJECTS UTILIDADES/Login/a_Ingresar' is clicked on

2022-06-10 08:43:51 - [TEST_STEP][PASSED] - element = findWebElement(findTestObject("3-OBJECTS UTILIDADES/Login/a_Ir"), 30): null

2022-06-10 08:43:51 - [TEST_STEP][PASSED] - executeJavaScript("arguments[0].click()", Arrays.asList(element)): Execute JavaScript 'arguments[0].click()' successfully

2022-06-10 08:43:51 - [MESSAGE][PASSED] - Execute JavaScript 'arguments[0].click()' successfully

2022-06-10 08:43:51 - [MESSAGE][PASSED] - Call Test Case 'Test Cases/0.1-Login' successfully

2022-06-10 08:43:51 - [TEST_STEP][PASSED] - setText(findTestObject("1-OBJECTS TAREAS PRINCIPALES/Modulo Tarea Listado Hojas de Vida/Tareas Listado Hojas de Vida/input_Listado Hojas De Vida_form_templatej_idt24_input"), "Listado de Empleados"): Text 'Listado de Empleados' is set on object 'Object Repository/1-OBJECTS TAREAS PRINCIPALES/Modulo Tarea Listado Hojas de Vida/Tareas Listado Hojas de Vida/input_Listado Hojas De Vida_form_templatej_idt24_input'

2022-06-10 08:43:53 - [MESSAGE][PASSED] - Text 'Listado de Empleados' is set on object 'Object Repository/1-OBJECTS TAREAS PRINCIPALES/Modulo Tarea Listado Hojas de Vida/Tareas Listado Hojas de Vida/input_Listado Hojas De Vida_form_templatej_idt24_input'

2022-06-10 08:43:53 - [TEST_STEP][PASSED] - waitForElementVisible(findTestObject("1-OBJECTS TAREAS PRINCIPALES/Modulo Tarea Listado Hojas de Vida/Tareas Listado Hojas de Vida/span_Listado de Empleados"), 0): Object 'Object Repository/1-OBJECTS TAREAS PRINCIPALES/Modulo Tarea Listado Hojas de Vida/Tareas Listado Hojas de Vida/span_Listado de Empleados' is visible

2022-06-10 08:43:53 - [MESSAGE][WARNING] - Timeout '0' is invalid. Using default page load timeout: '37'

2022-06-10 08:43:54 - [MESSAGE][PASSED] - Object 'Object Repository/1-OBJECTS TAREAS PRINCIPALES/Modulo Tarea Listado Hojas de Vida/Tareas Listado Hojas de Vida/span_Listado de Empleados' is visible

2022-06-10 08:43:54 - [TEST_STEP][PASSED] - click(findTestObject("1-OBJECTS TAREAS PRINCIPALES/Modulo Tarea Listado Hojas de Vida/Tareas Listado Hojas de Vida/span_Listado de Empleados")): Object: 'Object Repository/1-OBJECTS TAREAS PRINCIPALES/Modulo Tarea Listado Hojas de Vida/Tareas Listado Hojas de Vida/span_Listado de Empleados' is clicked on

2022-06-10 08:43:54 - [MESSAGE][PASSED] - Object: 'Object Repository/1-OBJECTS TAREAS PRINCIPALES/Modulo Tarea Listado Hojas de Vida/Tareas Listado Hojas de Vida/span_Listado de Empleados' is clicked on

2022-06-10 08:43:54 - [MESSAGE][PASSED] - Call Test Case 'Test Cases/Utilidades-(atajos_para _tareas)/Tareas Administracion Compensacion/Tarea Listado Empleados' successfully

2022-06-10 08:43:54 - [TEST_STEP][PASSED] - waitForElementClickable(findTestObject("1-OBJECTS TAREAS PRINCIPALES/Modulo Tarea Compensacion/Legalizar licencia Remunerada/input_Identificacin_listadoEmp"), 0): Object 'Object Repository/1-OBJECTS TAREAS PRINCIPALES/Modulo Tarea Compensacion/Legalizar licencia Remunerada/input_Identificacin_listadoEmp' is clickable

2022-06-10 08:43:54 - [MESSAGE][WARNING] - Timeout '0' is invalid. Using default page load timeout: '37'

2022-06-10 08:43:55 - [MESSAGE][PASSED] - Object 'Object Repository/1-OBJECTS TAREAS PRINCIPALES/Modulo Tarea Compensacion/Legalizar licencia Remunerada/input_Identificacin_listadoEmp' is clickable

2022-06-10 08:43:55 - [TEST_STEP][PASSED] - setText(findTestObject("1-OBJECTS TAREAS PRINCIPALES/Modulo Tarea Compensacion/Legalizar licencia Remunerada/input_Identificacin_listadoEmp"), "354968431354"): Text '354968431354' is set on object 'Object Repository/1-OBJECTS TAREAS PRINCIPALES/Modulo Tarea Compensacion/Legalizar licencia Remunerada/input_Identificacin_listadoEmp'

2022-06-10 08:43:56 - [MESSAGE][PASSED] - Text '354968431354' is set on object 'Object Repository/1-OBJECTS TAREAS PRINCIPALES/Modulo Tarea Compensacion/Legalizar licencia Remunerada/input_Identificacin_listadoEmp'

2022-06-10 08:43:56 - [TEST_STEP][PASSED] - sendKeys(findTestObject("1-OBJECTS TAREAS PRINCIPALES/Modulo Tarea Compensacion/Legalizar licencia Remunerada/input_Identificacin_listadoEmp"), Keys.chord(ENTER)): Keys 'ENTER + ' sent to object: 'Object Repository/1-OBJECTS TAREAS PRINCIPALES/Modulo Tarea Compensacion/Legalizar licencia Remunerada/input_Identificacin_listadoEmp'

2022-06-10 08:43:56 - [MESSAGE][PASSED] - Keys 'ENTER + ' sent to object: 'Object Repository/1-OBJECTS TAREAS PRINCIPALES/Modulo Tarea Compensacion/Legalizar licencia Remunerada/input_Identificacin_listadoEmp'

2022-06-10 08:43:56 - [TEST_STEP][PASSED] - click(findTestObject("1-OBJECTS TAREAS PRINCIPALES/Modulo Tarea Compensacion/Legalizar licencia Remunerada/span_CONSTA BELFEGORD JHON")): Object: 'Object Repository/1-OBJECTS TAREAS PRINCIPALES/Modulo Tarea Compensacion/Legalizar licencia Remunerada/span_CONSTA BELFEGORD JHON' is clicked on

2022-06-10 08:43:57 - [MESSAGE][PASSED] - Object: 'Object Repository/1-OBJECTS TAREAS PRINCIPALES/Modulo Tarea Compensacion/Legalizar licencia Remunerada/span_CONSTA BELFEGORD JHON' is clicked on

2022-06-10 08:43:57 - [TEST_STEP][PASSED] - click(findTestObject("1-OBJECTS TAREAS PRINCIPALES/Modulo Tarea Compensacion/Legalizar licencia Remunerada/span_Licencia")): Object: 'Object Repository/1-OBJECTS TAREAS PRINCIPALES/Modulo Tarea Compensacion/Legalizar licencia Remunerada/span_Licencia' is clicked on

2022-06-10 08:43:58 - [MESSAGE][PASSED] - Object: 'Object Repository/1-OBJECTS TAREAS PRINCIPALES/Modulo Tarea Compensacion/Legalizar licencia Remunerada/span_Licencia' is clicked on

2022-06-10 08:43:58 - [TEST_STEP][PASSED] - if (waitForElementClickable(findTestObject("1-OBJECTS TAREAS PRINCIPALES/Modulo Tarea Compensacion/Legalizar licencia Remunerada/td_Licencia Remunerada"), 1)): Web element with id: 'Object Repository/1-OBJECTS TAREAS PRINCIPALES/Modulo Tarea Compensacion/Legalizar licencia Remunerada/td_Licencia Remunerada' located by '//*/text()[normalize-space(.)='Licencia Remunerada']/parent::*' not found

2022-06-10 08:44:00 - [MESSAGE][INFO] - Unable to find the element located by 'By.xpath: //*/text()[normalize-space(.)='Licencia Remunerada']/parent::*'. Please recheck the objects properties to make sure the desired element is located. 

2022-06-10 08:44:00 - [MESSAGE][WARNING] - Web element with id: 'Object Repository/1-OBJECTS TAREAS PRINCIPALES/Modulo Tarea Compensacion/Legalizar licencia Remunerada/td_Licencia Remunerada' located by '//*/text()[normalize-space(.)='Licencia Remunerada']/parent::*' not found

2022-06-10 08:44:00 - [TEST_STEP][PASSED] - click(findTestObject("1-OBJECTS TAREAS PRINCIPALES/Modulo Tarea Compensacion/Legalizar licencia Remunerada/a_Histrico")): Object: 'Object Repository/1-OBJECTS TAREAS PRINCIPALES/Modulo Tarea Compensacion/Legalizar licencia Remunerada/a_Histrico' is clicked on

2022-06-10 08:44:00 - [MESSAGE][PASSED] - Object: 'Object Repository/1-OBJECTS TAREAS PRINCIPALES/Modulo Tarea Compensacion/Legalizar licencia Remunerada/a_Histrico' is clicked on

2022-06-10 08:44:00 - [TEST_STEP][PASSED] - if (waitForElementClickable(findTestObject("1-OBJECTS TAREAS PRINCIPALES/Modulo Tarea Compensacion/Legalizar licencia Remunerada/span_Licencia Remunerada_Historico"), 1)): Web element with id: 'Object Repository/1-OBJECTS TAREAS PRINCIPALES/Modulo Tarea Compensacion/Legalizar licencia Remunerada/span_Licencia Remunerada_Historico' located by '//*/text()[normalize-space(.)='Licencia Remunerada']/parent::*' not found

2022-06-10 08:44:03 - [MESSAGE][INFO] - Unable to find the element located by 'By.xpath: //*/text()[normalize-space(.)='Licencia Remunerada']/parent::*'. Please recheck the objects properties to make sure the desired element is located. 

2022-06-10 08:44:03 - [MESSAGE][WARNING] - Web element with id: 'Object Repository/1-OBJECTS TAREAS PRINCIPALES/Modulo Tarea Compensacion/Legalizar licencia Remunerada/span_Licencia Remunerada_Historico' located by '//*/text()[normalize-space(.)='Licencia Remunerada']/parent::*' not found

2022-06-10 08:44:03 - [TEST_STEP][PASSED] - waitForElementClickable(findTestObject("1-OBJECTS TAREAS PRINCIPALES/Modulo Tarea Compensacion/Legalizar licencia Remunerada/a_Licencia_Pestaa"), 0): Object 'Object Repository/1-OBJECTS TAREAS PRINCIPALES/Modulo Tarea Compensacion/Legalizar licencia Remunerada/a_Licencia_Pestaa' is clickable

2022-06-10 08:44:03 - [MESSAGE][WARNING] - Timeout '0' is invalid. Using default page load timeout: '37'

2022-06-10 08:44:03 - [MESSAGE][PASSED] - Object 'Object Repository/1-OBJECTS TAREAS PRINCIPALES/Modulo Tarea Compensacion/Legalizar licencia Remunerada/a_Licencia_Pestaa' is clickable

2022-06-10 08:44:03 - [TEST_STEP][PASSED] - click(findTestObject("1-OBJECTS TAREAS PRINCIPALES/Modulo Tarea Compensacion/Legalizar licencia Remunerada/a_Licencia_Pestaa")): Object: 'Object Repository/1-OBJECTS TAREAS PRINCIPALES/Modulo Tarea Compensacion/Legalizar licencia Remunerada/a_Licencia_Pestaa' is clicked on

2022-06-10 08:44:03 - [MESSAGE][PASSED] - Object: 'Object Repository/1-OBJECTS TAREAS PRINCIPALES/Modulo Tarea Compensacion/Legalizar licencia Remunerada/a_Licencia_Pestaa' is clicked on

2022-06-10 08:44:03 - [TEST_STEP][PASSED] - if (waitForElementClickable(findTestObject("1-OBJECTS TAREAS PRINCIPALES/Modulo Tarea Compensacion/Legalizar licencia Remunerada/span_Nuevo"), 1)): null

2022-06-10 08:44:04 - [MESSAGE][PASSED] - Object 'Object Repository/1-OBJECTS TAREAS PRINCIPALES/Modulo Tarea Compensacion/Legalizar licencia Remunerada/span_Nuevo' is clickable

2022-06-10 08:44:04 - [TEST_STEP][PASSED] - click(findTestObject("1-OBJECTS TAREAS PRINCIPALES/Modulo Tarea Compensacion/Legalizar licencia Remunerada/span_Nuevo")): Object: 'Object Repository/1-OBJECTS TAREAS PRINCIPALES/Modulo Tarea Compensacion/Legalizar licencia Remunerada/span_Nuevo' is clicked on

2022-06-10 08:44:04 - [MESSAGE][PASSED] - Object: 'Object Repository/1-OBJECTS TAREAS PRINCIPALES/Modulo Tarea Compensacion/Legalizar licencia Remunerada/span_Nuevo' is clicked on

2022-06-10 08:44:04 - [TEST_STEP][PASSED] - click(findTestObject("1-OBJECTS TAREAS PRINCIPALES/Modulo Tarea Compensacion/Legalizar licencia Remunerada/span_LICENCIA REMUNERADA")): Object: 'Object Repository/1-OBJECTS TAREAS PRINCIPALES/Modulo Tarea Compensacion/Legalizar licencia Remunerada/span_LICENCIA REMUNERADA' is clicked on

2022-06-10 08:44:05 - [MESSAGE][PASSED] - Object: 'Object Repository/1-OBJECTS TAREAS PRINCIPALES/Modulo Tarea Compensacion/Legalizar licencia Remunerada/span_LICENCIA REMUNERADA' is clicked on

2022-06-10 08:44:05 - [TEST_STEP][PASSED] - setText(findTestObject("1-OBJECTS TAREAS PRINCIPALES/Modulo Tarea Compensacion/Legalizar licencia Remunerada/input_Fecha Salida_form_licenc"), "01/12/2018"): Text '01/12/2018' is set on object 'Object Repository/1-OBJECTS TAREAS PRINCIPALES/Modulo Tarea Compensacion/Legalizar licencia Remunerada/input_Fecha Salida_form_licenc'

2022-06-10 08:44:07 - [MESSAGE][PASSED] - Text '01/12/2018' is set on object 'Object Repository/1-OBJECTS TAREAS PRINCIPALES/Modulo Tarea Compensacion/Legalizar licencia Remunerada/input_Fecha Salida_form_licenc'

2022-06-10 08:44:07 - [TEST_STEP][PASSED] - setText(findTestObject("1-OBJECTS TAREAS PRINCIPALES/Modulo Tarea Compensacion/Legalizar licencia Remunerada/input_Das Ausentismo_form_lice"), "2"): Text '2' is set on object 'Object Repository/1-OBJECTS TAREAS PRINCIPALES/Modulo Tarea Compensacion/Legalizar licencia Remunerada/input_Das Ausentismo_form_lice'

2022-06-10 08:44:08 - [MESSAGE][PASSED] - Text '2' is set on object 'Object Repository/1-OBJECTS TAREAS PRINCIPALES/Modulo Tarea Compensacion/Legalizar licencia Remunerada/input_Das Ausentismo_form_lice'

2022-06-10 08:44:08 - [TEST_STEP][PASSED] - setText(findTestObject("1-OBJECTS TAREAS PRINCIPALES/Modulo Tarea Compensacion/Legalizar licencia Remunerada/input_Fecha Salida Nomina_form"), "31/01/2019"): Text '31/01/2019' is set on object 'Object Repository/1-OBJECTS TAREAS PRINCIPALES/Modulo Tarea Compensacion/Legalizar licencia Remunerada/input_Fecha Salida Nomina_form'

2022-06-10 08:44:09 - [MESSAGE][PASSED] - Text '31/01/2019' is set on object 'Object Repository/1-OBJECTS TAREAS PRINCIPALES/Modulo Tarea Compensacion/Legalizar licencia Remunerada/input_Fecha Salida Nomina_form'

2022-06-10 08:44:09 - [TEST_STEP][PASSED] - setText(findTestObject("1-OBJECTS TAREAS PRINCIPALES/Modulo Tarea Compensacion/Legalizar licencia Remunerada/textarea_Observacin_form_licen"), "aaaaaa"): Text 'aaaaaa' is set on object 'Object Repository/1-OBJECTS TAREAS PRINCIPALES/Modulo Tarea Compensacion/Legalizar licencia Remunerada/textarea_Observacin_form_licen'

2022-06-10 08:44:10 - [MESSAGE][PASSED] - Text 'aaaaaa' is set on object 'Object Repository/1-OBJECTS TAREAS PRINCIPALES/Modulo Tarea Compensacion/Legalizar licencia Remunerada/textarea_Observacin_form_licen'

2022-06-10 08:44:10 - [TEST_STEP][PASSED] - setText(findTestObject("1-OBJECTS TAREAS PRINCIPALES/Modulo Tarea Compensacion/Legalizar licencia Remunerada/input_Fecha 1_form_licenciaEmp"), "31/01/2019"): Text '31/01/2019' is set on object 'Object Repository/1-OBJECTS TAREAS PRINCIPALES/Modulo Tarea Compensacion/Legalizar licencia Remunerada/input_Fecha 1_form_licenciaEmp'

2022-06-10 08:44:11 - [MESSAGE][PASSED] - Text '31/01/2019' is set on object 'Object Repository/1-OBJECTS TAREAS PRINCIPALES/Modulo Tarea Compensacion/Legalizar licencia Remunerada/input_Fecha 1_form_licenciaEmp'

2022-06-10 08:44:11 - [TEST_STEP][PASSED] - sendKeys(findTestObject("1-OBJECTS TAREAS PRINCIPALES/Modulo Tarea Compensacion/Legalizar licencia Remunerada/input_Fecha 1_form_licenciaEmp"), Keys.chord(ESCAPE)): Keys 'ESCAPE + ' sent to object: 'Object Repository/1-OBJECTS TAREAS PRINCIPALES/Modulo Tarea Compensacion/Legalizar licencia Remunerada/input_Fecha 1_form_licenciaEmp'

2022-06-10 08:44:11 - [MESSAGE][PASSED] - Keys 'ESCAPE + ' sent to object: 'Object Repository/1-OBJECTS TAREAS PRINCIPALES/Modulo Tarea Compensacion/Legalizar licencia Remunerada/input_Fecha 1_form_licenciaEmp'

2022-06-10 08:44:11 - [TEST_STEP][PASSED] - click(findTestObject("1-OBJECTS TAREAS PRINCIPALES/Modulo Tarea Compensacion/Legalizar licencia Remunerada/span_Guardar Legalizar")): Object: 'Object Repository/1-OBJECTS TAREAS PRINCIPALES/Modulo Tarea Compensacion/Legalizar licencia Remunerada/span_Guardar Legalizar' is clicked on

2022-06-10 08:44:11 - [MESSAGE][PASSED] - Object: 'Object Repository/1-OBJECTS TAREAS PRINCIPALES/Modulo Tarea Compensacion/Legalizar licencia Remunerada/span_Guardar Legalizar' is clicked on

2022-06-10 08:44:11 - [TEST_STEP][FAILED] - Alerta = getText(findTestObject("3-OBJECTS UTILIDADES/Alerta/Alerta")): Unable to get text of object 'Object Repository/3-OBJECTS UTILIDADES/Alerta/Alerta' (Root cause: com.kms.katalon.core.exception.StepFailedException: Unable to get text of object 'Object Repository/3-OBJECTS UTILIDADES/Alerta/Alerta'
	at com.kms.katalon.core.webui.keyword.internal.WebUIKeywordMain.stepFailed(WebUIKeywordMain.groovy:64)
	at com.kms.katalon.core.webui.keyword.internal.WebUIKeywordMain.runKeyword(WebUIKeywordMain.groovy:26)
	at com.kms.katalon.core.webui.keyword.builtin.GetTextKeyword.getText(GetTextKeyword.groovy:88)
	at com.kms.katalon.core.webui.keyword.builtin.GetTextKeyword.execute(GetTextKeyword.groovy:67)
	at com.kms.katalon.core.keyword.internal.KeywordExecutor.executeKeywordForPlatform(KeywordExecutor.groovy:74)
	at com.kms.katalon.core.webui.keyword.WebUiBuiltInKeywords.getText(WebUiBuiltInKeywords.groovy:918)
	at com.kms.katalon.core.webui.keyword.WebUiBuiltInKeywords$getText$13.call(Unknown Source)
	at 1.2.3-Legalizar Licencia Remunerada.run(1.2.3-Legalizar Licencia Remunerada:90)
	at com.kms.katalon.core.main.ScriptEngine.run(ScriptEngine.java:194)
	at com.kms.katalon.core.main.ScriptEngine.runScriptAsRawText(ScriptEngine.java:119)
	at com.kms.katalon.core.main.TestCaseExecutor.runScript(TestCaseExecutor.java:445)
	at com.kms.katalon.core.main.TestCaseExecutor.doExecute(TestCaseExecutor.java:436)
	at com.kms.katalon.core.main.TestCaseExecutor.processExecutionPhase(TestCaseExecutor.java:415)
	at com.kms.katalon.core.main.TestCaseExecutor.accessMainPhase(TestCaseExecutor.java:407)
	at com.kms.katalon.core.main.TestCaseExecutor.execute(TestCaseExecutor.java:284)
	at com.kms.katalon.core.common.CommonExecutor.accessTestCaseMainPhase(CommonExecutor.java:65)
	at com.kms.katalon.core.main.TestSuiteExecutor.accessTestSuiteMainPhase(TestSuiteExecutor.java:144)
	at com.kms.katalon.core.main.TestSuiteExecutor.execute(TestSuiteExecutor.java:106)
	at com.kms.katalon.core.main.TestCaseMain.startTestSuite(TestCaseMain.java:185)
	at com.kms.katalon.core.main.TestCaseMain$startTestSuite$0.call(Unknown Source)
	at TempTestSuite1654867643956.run(TempTestSuite1654867643956.groovy:36)
Caused by: com.kms.katalon.core.webui.exception.WebElementNotFoundException: Web element with id: 'Object Repository/3-OBJECTS UTILIDADES/Alerta/Alerta' located by '//div[@id='growl_container']/div/div/div[2]/p' not found
	at com.kms.katalon.core.webui.common.WebUiCommonHelper.findWebElement(WebUiCommonHelper.java:1370)
	at com.kms.katalon.core.webui.keyword.internal.WebUIAbstractKeyword.findWebElement(WebUIAbstractKeyword.groovy:27)
	at com.kms.katalon.core.webui.keyword.internal.WebUIAbstractKeyword.findWebElement(WebUIAbstractKeyword.groovy:26)
	at com.kms.katalon.core.webui.keyword.builtin.GetTextKeyword$_getText_closure1.doCall(GetTextKeyword.groovy:78)
	at com.kms.katalon.core.webui.keyword.builtin.GetTextKeyword$_getText_closure1.call(GetTextKeyword.groovy)
	at com.kms.katalon.core.webui.keyword.internal.WebUIKeywordMain.runKeyword(WebUIKeywordMain.groovy:20)
	at com.kms.katalon.core.webui.keyword.builtin.GetTextKeyword.getText(GetTextKeyword.groovy:88)
	at com.kms.katalon.core.webui.keyword.builtin.GetTextKeyword.execute(GetTextKeyword.groovy:67)
	at com.kms.katalon.core.keyword.internal.KeywordExecutor.executeKeywordForPlatform(KeywordExecutor.groovy:74)
	at com.kms.katalon.core.webui.keyword.WebUiBuiltInKeywords.getText(WebUiBuiltInKeywords.groovy:918)
	at com.kms.katalon.core.webui.keyword.WebUiBuiltInKeywords$getText$13.call(Unknown Source)
	at Script1548864731871.run(Script1548864731871.groovy:90)
	... 13 more
)

2022-06-10 08:44:50 - [MESSAGE][INFO] - Unable to find the element located by 'By.xpath: //div[@id='growl_container']/div/div/div[2]/p'. Please recheck the objects properties to make sure the desired element is located. 

2022-06-10 08:44:50 - [MESSAGE][FAILED] - Unable to get text of object 'Object Repository/3-OBJECTS UTILIDADES/Alerta/Alerta' (Root cause: com.kms.katalon.core.exception.StepFailedException: Unable to get text of object 'Object Repository/3-OBJECTS UTILIDADES/Alerta/Alerta'
	at com.kms.katalon.core.webui.keyword.internal.WebUIKeywordMain.stepFailed(WebUIKeywordMain.groovy:64)
	at com.kms.katalon.core.webui.keyword.internal.WebUIKeywordMain.runKeyword(WebUIKeywordMain.groovy:26)
	at com.kms.katalon.core.webui.keyword.builtin.GetTextKeyword.getText(GetTextKeyword.groovy:88)
	at com.kms.katalon.core.webui.keyword.builtin.GetTextKeyword.execute(GetTextKeyword.groovy:67)
	at com.kms.katalon.core.keyword.internal.KeywordExecutor.executeKeywordForPlatform(KeywordExecutor.groovy:74)
	at com.kms.katalon.core.webui.keyword.WebUiBuiltInKeywords.getText(WebUiBuiltInKeywords.groovy:918)
	at com.kms.katalon.core.webui.keyword.WebUiBuiltInKeywords$getText$13.call(Unknown Source)
	at 1.2.3-Legalizar Licencia Remunerada.run(1.2.3-Legalizar Licencia Remunerada:90)
	at com.kms.katalon.core.main.ScriptEngine.run(ScriptEngine.java:194)
	at com.kms.katalon.core.main.ScriptEngine.runScriptAsRawText(ScriptEngine.java:119)
	at com.kms.katalon.core.main.TestCaseExecutor.runScript(TestCaseExecutor.java:445)
	at com.kms.katalon.core.main.TestCaseExecutor.doExecute(TestCaseExecutor.java:436)
	at com.kms.katalon.core.main.TestCaseExecutor.processExecutionPhase(TestCaseExecutor.java:415)
	at com.kms.katalon.core.main.TestCaseExecutor.accessMainPhase(TestCaseExecutor.java:407)
	at com.kms.katalon.core.main.TestCaseExecutor.execute(TestCaseExecutor.java:284)
	at com.kms.katalon.core.common.CommonExecutor.accessTestCaseMainPhase(CommonExecutor.java:65)
	at com.kms.katalon.core.main.TestSuiteExecutor.accessTestSuiteMainPhase(TestSuiteExecutor.java:144)
	at com.kms.katalon.core.main.TestSuiteExecutor.execute(TestSuiteExecutor.java:106)
	at com.kms.katalon.core.main.TestCaseMain.startTestSuite(TestCaseMain.java:185)
	at com.kms.katalon.core.main.TestCaseMain$startTestSuite$0.call(Unknown Source)
	at TempTestSuite1654867643956.run(TempTestSuite1654867643956.groovy:36)
Caused by: com.kms.katalon.core.webui.exception.WebElementNotFoundException: Web element with id: 'Object Repository/3-OBJECTS UTILIDADES/Alerta/Alerta' located by '//div[@id='growl_container']/div/div/div[2]/p' not found
	at com.kms.katalon.core.webui.common.WebUiCommonHelper.findWebElement(WebUiCommonHelper.java:1370)
	at com.kms.katalon.core.webui.keyword.internal.WebUIAbstractKeyword.findWebElement(WebUIAbstractKeyword.groovy:27)
	at com.kms.katalon.core.webui.keyword.internal.WebUIAbstractKeyword.findWebElement(WebUIAbstractKeyword.groovy:26)
	at com.kms.katalon.core.webui.keyword.builtin.GetTextKeyword$_getText_closure1.doCall(GetTextKeyword.groovy:78)
	at com.kms.katalon.core.webui.keyword.builtin.GetTextKeyword$_getText_closure1.call(GetTextKeyword.groovy)
	at com.kms.katalon.core.webui.keyword.internal.WebUIKeywordMain.runKeyword(WebUIKeywordMain.groovy:20)
	at com.kms.katalon.core.webui.keyword.builtin.GetTextKeyword.getText(GetTextKeyword.groovy:88)
	at com.kms.katalon.core.webui.keyword.builtin.GetTextKeyword.execute(GetTextKeyword.groovy:67)
	at com.kms.katalon.core.keyword.internal.KeywordExecutor.executeKeywordForPlatform(KeywordExecutor.groovy:74)
	at com.kms.katalon.core.webui.keyword.WebUiBuiltInKeywords.getText(WebUiBuiltInKeywords.groovy:918)
	at com.kms.katalon.core.webui.keyword.WebUiBuiltInKeywords$getText$13.call(Unknown Source)
	at Script1548864731871.run(Script1548864731871.groovy:90)
	... 13 more
)
[[ATTACHMENT|C:\\Users\\diego.rojas\\git\\Pruebas-Minimas\\Reports\\20220610_082723\\Test_Suite_Principales\\1-Tareas Principales\\20220610_082723\\1654868690261.png]]]]></system-out>
         <system-err><![CDATA[2022-06-10 08:43:45 - [TEST_CASE][FAILED] - Test Cases/1.1-Tareas Principales/1.2.3-Legalizar Licencia Remunerada: Test Cases/1.1-Tareas Principales/1.2.3-Legalizar Licencia Remunerada FAILED.
Reason:
com.kms.katalon.core.exception.StepFailedException: Unable to get text of object 'Object Repository/3-OBJECTS UTILIDADES/Alerta/Alerta'
	at com.kms.katalon.core.webui.keyword.internal.WebUIKeywordMain.stepFailed(WebUIKeywordMain.groovy:64)
	at com.kms.katalon.core.webui.keyword.internal.WebUIKeywordMain.runKeyword(WebUIKeywordMain.groovy:26)
	at com.kms.katalon.core.webui.keyword.builtin.GetTextKeyword.getText(GetTextKeyword.groovy:88)
	at com.kms.katalon.core.webui.keyword.builtin.GetTextKeyword.execute(GetTextKeyword.groovy:67)
	at com.kms.katalon.core.keyword.internal.KeywordExecutor.executeKeywordForPlatform(KeywordExecutor.groovy:74)
	at com.kms.katalon.core.webui.keyword.WebUiBuiltInKeywords.getText(WebUiBuiltInKeywords.groovy:918)
	at com.kms.katalon.core.webui.keyword.WebUiBuiltInKeywords$getText$13.call(Unknown Source)
	at 1.2.3-Legalizar Licencia Remunerada.run(1.2.3-Legalizar Licencia Remunerada:90)
	at com.kms.katalon.core.main.ScriptEngine.run(ScriptEngine.java:194)
	at com.kms.katalon.core.main.ScriptEngine.runScriptAsRawText(ScriptEngine.java:119)
	at com.kms.katalon.core.main.TestCaseExecutor.runScript(TestCaseExecutor.java:445)
	at com.kms.katalon.core.main.TestCaseExecutor.doExecute(TestCaseExecutor.java:436)
	at com.kms.katalon.core.main.TestCaseExecutor.processExecutionPhase(TestCaseExecutor.java:415)
	at com.kms.katalon.core.main.TestCaseExecutor.accessMainPhase(TestCaseExecutor.java:407)
	at com.kms.katalon.core.main.TestCaseExecutor.execute(TestCaseExecutor.java:284)
	at com.kms.katalon.core.common.CommonExecutor.accessTestCaseMainPhase(CommonExecutor.java:65)
	at com.kms.katalon.core.main.TestSuiteExecutor.accessTestSuiteMainPhase(TestSuiteExecutor.java:144)
	at com.kms.katalon.core.main.TestSuiteExecutor.execute(TestSuiteExecutor.java:106)
	at com.kms.katalon.core.main.TestCaseMain.startTestSuite(TestCaseMain.java:185)
	at com.kms.katalon.core.main.TestCaseMain$startTestSuite$0.call(Unknown Source)
	at TempTestSuite1654867643956.run(TempTestSuite1654867643956.groovy:36)
Caused by: com.kms.katalon.core.webui.exception.WebElementNotFoundException: Web element with id: 'Object Repository/3-OBJECTS UTILIDADES/Alerta/Alerta' located by '//div[@id='growl_container']/div/div/div[2]/p' not found
	at com.kms.katalon.core.webui.common.WebUiCommonHelper.findWebElement(WebUiCommonHelper.java:1370)
	at com.kms.katalon.core.webui.keyword.internal.WebUIAbstractKeyword.findWebElement(WebUIAbstractKeyword.groovy:27)
	at com.kms.katalon.core.webui.keyword.internal.WebUIAbstractKeyword.findWebElement(WebUIAbstractKeyword.groovy:26)
	at com.kms.katalon.core.webui.keyword.builtin.GetTextKeyword$_getText_closure1.doCall(GetTextKeyword.groovy:78)
	at com.kms.katalon.core.webui.keyword.builtin.GetTextKeyword$_getText_closure1.call(GetTextKeyword.groovy)
	at com.kms.katalon.core.webui.keyword.internal.WebUIKeywordMain.runKeyword(WebUIKeywordMain.groovy:20)
	... 19 more]]></system-err>
      </testcase>
      <testcase name="Test Cases/1.1-Tareas Principales/1.2.4-Incapacidad" time="76.77" classname="Test Cases/1.1-Tareas Principales/1.2.4-Incapacidad" status="FAILED">
         <failure type="FAILED" message="Test Cases/1.1-Tareas Principales/1.2.4-Incapacidad FAILED.
Reason:
com.kms.katalon.core.exception.StepFailedException: Unable to get text of object 'Object Repository/3-OBJECTS UTILIDADES/Alerta/Alerta'
	at com.kms.katalon.core.webui.keyword.internal.WebUIKeywordMain.stepFailed(WebUIKeywordMain.groovy:64)
	at com.kms.katalon.core.webui.keyword.internal.WebUIKeywordMain.runKeyword(WebUIKeywordMain.groovy:26)
	at com.kms.katalon.core.webui.keyword.builtin.GetTextKeyword.getText(GetTextKeyword.groovy:88)
	at com.kms.katalon.core.webui.keyword.builtin.GetTextKeyword.execute(GetTextKeyword.groovy:67)
	at com.kms.katalon.core.keyword.internal.KeywordExecutor.executeKeywordForPlatform(KeywordExecutor.groovy:74)
	at com.kms.katalon.core.webui.keyword.WebUiBuiltInKeywords.getText(WebUiBuiltInKeywords.groovy:918)
	at com.kms.katalon.core.webui.keyword.WebUiBuiltInKeywords$getText$13.call(Unknown Source)
	at 1.2.4-Incapacidad.run(1.2.4-Incapacidad:141)
	at com.kms.katalon.core.main.ScriptEngine.run(ScriptEngine.java:194)
	at com.kms.katalon.core.main.ScriptEngine.runScriptAsRawText(ScriptEngine.java:119)
	at com.kms.katalon.core.main.TestCaseExecutor.runScript(TestCaseExecutor.java:445)
	at com.kms.katalon.core.main.TestCaseExecutor.doExecute(TestCaseExecutor.java:436)
	at com.kms.katalon.core.main.TestCaseExecutor.processExecutionPhase(TestCaseExecutor.java:415)
	at com.kms.katalon.core.main.TestCaseExecutor.accessMainPhase(TestCaseExecutor.java:407)
	at com.kms.katalon.core.main.TestCaseExecutor.execute(TestCaseExecutor.java:284)
	at com.kms.katalon.core.common.CommonExecutor.accessTestCaseMainPhase(CommonExecutor.java:65)
	at com.kms.katalon.core.main.TestSuiteExecutor.accessTestSuiteMainPhase(TestSuiteExecutor.java:144)
	at com.kms.katalon.core.main.TestSuiteExecutor.execute(TestSuiteExecutor.java:106)
	at com.kms.katalon.core.main.TestCaseMain.startTestSuite(TestCaseMain.java:185)
	at com.kms.katalon.core.main.TestCaseMain$startTestSuite$0.call(Unknown Source)
	at TempTestSuite1654867643956.run(TempTestSuite1654867643956.groovy:36)
Caused by: com.kms.katalon.core.webui.exception.WebElementNotFoundException: Web element with id: 'Object Repository/3-OBJECTS UTILIDADES/Alerta/Alerta' located by '//div[@id='growl_container']/div/div/div[2]/p' not found
	at com.kms.katalon.core.webui.common.WebUiCommonHelper.findWebElement(WebUiCommonHelper.java:1370)
	at com.kms.katalon.core.webui.keyword.internal.WebUIAbstractKeyword.findWebElement(WebUIAbstractKeyword.groovy:27)
	at com.kms.katalon.core.webui.keyword.internal.WebUIAbstractKeyword.findWebElement(WebUIAbstractKeyword.groovy:26)
	at com.kms.katalon.core.webui.keyword.builtin.GetTextKeyword$_getText_closure1.doCall(GetTextKeyword.groovy:78)
	at com.kms.katalon.core.webui.keyword.builtin.GetTextKeyword$_getText_closure1.call(GetTextKeyword.groovy)
	at com.kms.katalon.core.webui.keyword.internal.WebUIKeywordMain.runKeyword(WebUIKeywordMain.groovy:20)
	... 19 more
"/>
         <system-out><![CDATA[2022-06-10 08:44:50 - [TEST_CASE][FAILED] - Test Cases/1.1-Tareas Principales/1.2.4-Incapacidad: Test Cases/1.1-Tareas Principales/1.2.4-Incapacidad FAILED.
Reason:
com.kms.katalon.core.exception.StepFailedException: Unable to get text of object 'Object Repository/3-OBJECTS UTILIDADES/Alerta/Alerta'
	at com.kms.katalon.core.webui.keyword.internal.WebUIKeywordMain.stepFailed(WebUIKeywordMain.groovy:64)
	at com.kms.katalon.core.webui.keyword.internal.WebUIKeywordMain.runKeyword(WebUIKeywordMain.groovy:26)
	at com.kms.katalon.core.webui.keyword.builtin.GetTextKeyword.getText(GetTextKeyword.groovy:88)
	at com.kms.katalon.core.webui.keyword.builtin.GetTextKeyword.execute(GetTextKeyword.groovy:67)
	at com.kms.katalon.core.keyword.internal.KeywordExecutor.executeKeywordForPlatform(KeywordExecutor.groovy:74)
	at com.kms.katalon.core.webui.keyword.WebUiBuiltInKeywords.getText(WebUiBuiltInKeywords.groovy:918)
	at com.kms.katalon.core.webui.keyword.WebUiBuiltInKeywords$getText$13.call(Unknown Source)
	at 1.2.4-Incapacidad.run(1.2.4-Incapacidad:141)
	at com.kms.katalon.core.main.ScriptEngine.run(ScriptEngine.java:194)
	at com.kms.katalon.core.main.ScriptEngine.runScriptAsRawText(ScriptEngine.java:119)
	at com.kms.katalon.core.main.TestCaseExecutor.runScript(TestCaseExecutor.java:445)
	at com.kms.katalon.core.main.TestCaseExecutor.doExecute(TestCaseExecutor.java:436)
	at com.kms.katalon.core.main.TestCaseExecutor.processExecutionPhase(TestCaseExecutor.java:415)
	at com.kms.katalon.core.main.TestCaseExecutor.accessMainPhase(TestCaseExecutor.java:407)
	at com.kms.katalon.core.main.TestCaseExecutor.execute(TestCaseExecutor.java:284)
	at com.kms.katalon.core.common.CommonExecutor.accessTestCaseMainPhase(CommonExecutor.java:65)
	at com.kms.katalon.core.main.TestSuiteExecutor.accessTestSuiteMainPhase(TestSuiteExecutor.java:144)
	at com.kms.katalon.core.main.TestSuiteExecutor.execute(TestSuiteExecutor.java:106)
	at com.kms.katalon.core.main.TestCaseMain.startTestSuite(TestCaseMain.java:185)
	at com.kms.katalon.core.main.TestCaseMain$startTestSuite$0.call(Unknown Source)
	at TempTestSuite1654867643956.run(TempTestSuite1654867643956.groovy:36)
Caused by: com.kms.katalon.core.webui.exception.WebElementNotFoundException: Web element with id: 'Object Repository/3-OBJECTS UTILIDADES/Alerta/Alerta' located by '//div[@id='growl_container']/div/div/div[2]/p' not found
	at com.kms.katalon.core.webui.common.WebUiCommonHelper.findWebElement(WebUiCommonHelper.java:1370)
	at com.kms.katalon.core.webui.keyword.internal.WebUIAbstractKeyword.findWebElement(WebUIAbstractKeyword.groovy:27)
	at com.kms.katalon.core.webui.keyword.internal.WebUIAbstractKeyword.findWebElement(WebUIAbstractKeyword.groovy:26)
	at com.kms.katalon.core.webui.keyword.builtin.GetTextKeyword$_getText_closure1.doCall(GetTextKeyword.groovy:78)
	at com.kms.katalon.core.webui.keyword.builtin.GetTextKeyword$_getText_closure1.call(GetTextKeyword.groovy)
	at com.kms.katalon.core.webui.keyword.internal.WebUIKeywordMain.runKeyword(WebUIKeywordMain.groovy:20)
	... 19 more


2022-06-10 08:44:50 - [TEST_STEP][PASSED] - callTestCase(findTestCase("Utilidades-(atajos_para _tareas)/Tareas Administracion Compensacion/Tarea Listado Empleados"), [:], STOP_ON_FAILURE): Call Test Case 'Test Cases/Utilidades-(atajos_para _tareas)/Tareas Administracion Compensacion/Tarea Listado Empleados' successfully

2022-06-10 08:44:50 - [TEST_CASE][PASSED] - Test Cases/Utilidades-(atajos_para _tareas)/Tareas Administracion Compensacion/Tarea Listado Empleados: Test Cases/Utilidades-(atajos_para _tareas)/Tareas Administracion Compensacion/Tarea Listado Empleados

2022-06-10 08:44:50 - [TEST_STEP][PASSED] - callTestCase(findTestCase("0.1-Login"), [:], STOP_ON_FAILURE): Call Test Case 'Test Cases/0.1-Login' successfully

2022-06-10 08:44:50 - [TEST_CASE][PASSED] - Test Cases/0.1-Login: Test Cases/0.1-Login

2022-06-10 08:44:50 - [TEST_STEP][PASSED] - openBrowser(""): Browser is opened with url: ''

2022-06-10 08:44:50 - [MESSAGE][WARNING] - A browser is already opened. Closing browser and opening a new one

2022-06-10 08:44:51 - [MESSAGE][INFO] - Starting 'Chrome' driver

2022-06-10 08:44:51 - [MESSAGE][INFO] - Action delay is set to 0 milliseconds

2022-06-10 08:44:52 - [MESSAGE][PASSED] - Browser is opened with url: ''

2022-06-10 08:44:52 - [TEST_STEP][PASSED] - maximizeWindow(): Current window maximized

2022-06-10 08:44:53 - [MESSAGE][PASSED] - Current window maximized

2022-06-10 08:44:53 - [TEST_STEP][PASSED] - i = G_Login: null

2022-06-10 08:44:53 - [TEST_STEP][PASSED] - url = new java.net.URL(i): null

2022-06-10 08:44:53 - [TEST_STEP][PASSED] - println("URL: " + url.toString()): null

2022-06-10 08:44:53 - [TEST_STEP][PASSED] - connection = url.openConnection(): null

2022-06-10 08:44:53 - [TEST_STEP][PASSED] - connection.setRequestMethod("GET"): null

2022-06-10 08:44:53 - [TEST_STEP][PASSED] - connection.setReadTimeout(2 * 1000): null

2022-06-10 08:44:53 - [TEST_STEP][PASSED] - try: null

2022-06-10 08:44:53 - [TEST_STEP][PASSED] - connection.connect(): null

2022-06-10 08:44:53 - [TEST_STEP][PASSED] - flag = connected: null

2022-06-10 08:44:53 - [TEST_STEP][PASSED] - println("Valor_ori: " + flag): null

2022-06-10 08:44:53 - [TEST_STEP][PASSED] - if (flag): null

2022-06-10 08:44:53 - [TEST_STEP][PASSED] - navigateToUrl(i): Navigate to 'http://192.168.2.19:8380/saraweb' successfully

2022-06-10 08:44:53 - [MESSAGE][PASSED] - Navigate to 'http://192.168.2.19:8380/saraweb' successfully

2022-06-10 08:44:53 - [TEST_STEP][PASSED] - a(): null

2022-06-10 08:44:53 - [TEST_STEP][PASSED] - setText(findTestObject("3-OBJECTS UTILIDADES/Login/input_USUARIO_loginusuario"), G_Usuario): Text 'saraadmin' is set on object 'Object Repository/3-OBJECTS UTILIDADES/Login/input_USUARIO_loginusuario'

2022-06-10 08:44:54 - [MESSAGE][PASSED] - Text 'saraadmin' is set on object 'Object Repository/3-OBJECTS UTILIDADES/Login/input_USUARIO_loginusuario'

2022-06-10 08:44:54 - [TEST_STEP][PASSED] - setEncryptedText(findTestObject("3-OBJECTS UTILIDADES/Login/input_CLAVE_loginpassword"), "MkG4/TYiCFC3cb2driP7+Q=="): Text ****** has been set on object 'Object Repository/3-OBJECTS UTILIDADES/Login/input_CLAVE_loginpassword'

2022-06-10 08:44:54 - [MESSAGE][PASSED] - Text ****** has been set on object 'Object Repository/3-OBJECTS UTILIDADES/Login/input_CLAVE_loginpassword'

2022-06-10 08:44:54 - [TEST_STEP][PASSED] - waitForElementClickable(findTestObject("3-OBJECTS UTILIDADES/Login/a_Ingresar"), G_TimeOut): Object 'Object Repository/3-OBJECTS UTILIDADES/Login/a_Ingresar' is clickable

2022-06-10 08:44:55 - [MESSAGE][PASSED] - Object 'Object Repository/3-OBJECTS UTILIDADES/Login/a_Ingresar' is clickable

2022-06-10 08:44:55 - [TEST_STEP][PASSED] - click(findTestObject("3-OBJECTS UTILIDADES/Login/a_Ingresar")): Object: 'Object Repository/3-OBJECTS UTILIDADES/Login/a_Ingresar' is clicked on

2022-06-10 08:44:56 - [MESSAGE][PASSED] - Object: 'Object Repository/3-OBJECTS UTILIDADES/Login/a_Ingresar' is clicked on

2022-06-10 08:44:56 - [TEST_STEP][PASSED] - element = findWebElement(findTestObject("3-OBJECTS UTILIDADES/Login/a_Ir"), 30): null

2022-06-10 08:44:57 - [TEST_STEP][PASSED] - executeJavaScript("arguments[0].click()", Arrays.asList(element)): Execute JavaScript 'arguments[0].click()' successfully

2022-06-10 08:44:57 - [MESSAGE][PASSED] - Execute JavaScript 'arguments[0].click()' successfully

2022-06-10 08:44:57 - [MESSAGE][PASSED] - Call Test Case 'Test Cases/0.1-Login' successfully

2022-06-10 08:44:57 - [TEST_STEP][PASSED] - setText(findTestObject("1-OBJECTS TAREAS PRINCIPALES/Modulo Tarea Listado Hojas de Vida/Tareas Listado Hojas de Vida/input_Listado Hojas De Vida_form_templatej_idt24_input"), "Listado de Empleados"): Text 'Listado de Empleados' is set on object 'Object Repository/1-OBJECTS TAREAS PRINCIPALES/Modulo Tarea Listado Hojas de Vida/Tareas Listado Hojas de Vida/input_Listado Hojas De Vida_form_templatej_idt24_input'

2022-06-10 08:44:58 - [MESSAGE][PASSED] - Text 'Listado de Empleados' is set on object 'Object Repository/1-OBJECTS TAREAS PRINCIPALES/Modulo Tarea Listado Hojas de Vida/Tareas Listado Hojas de Vida/input_Listado Hojas De Vida_form_templatej_idt24_input'

2022-06-10 08:44:58 - [TEST_STEP][PASSED] - waitForElementVisible(findTestObject("1-OBJECTS TAREAS PRINCIPALES/Modulo Tarea Listado Hojas de Vida/Tareas Listado Hojas de Vida/span_Listado de Empleados"), 0): Object 'Object Repository/1-OBJECTS TAREAS PRINCIPALES/Modulo Tarea Listado Hojas de Vida/Tareas Listado Hojas de Vida/span_Listado de Empleados' is visible

2022-06-10 08:44:58 - [MESSAGE][WARNING] - Timeout '0' is invalid. Using default page load timeout: '37'

2022-06-10 08:44:59 - [MESSAGE][PASSED] - Object 'Object Repository/1-OBJECTS TAREAS PRINCIPALES/Modulo Tarea Listado Hojas de Vida/Tareas Listado Hojas de Vida/span_Listado de Empleados' is visible

2022-06-10 08:44:59 - [TEST_STEP][PASSED] - click(findTestObject("1-OBJECTS TAREAS PRINCIPALES/Modulo Tarea Listado Hojas de Vida/Tareas Listado Hojas de Vida/span_Listado de Empleados")): Object: 'Object Repository/1-OBJECTS TAREAS PRINCIPALES/Modulo Tarea Listado Hojas de Vida/Tareas Listado Hojas de Vida/span_Listado de Empleados' is clicked on

2022-06-10 08:45:00 - [MESSAGE][PASSED] - Object: 'Object Repository/1-OBJECTS TAREAS PRINCIPALES/Modulo Tarea Listado Hojas de Vida/Tareas Listado Hojas de Vida/span_Listado de Empleados' is clicked on

2022-06-10 08:45:00 - [MESSAGE][PASSED] - Call Test Case 'Test Cases/Utilidades-(atajos_para _tareas)/Tareas Administracion Compensacion/Tarea Listado Empleados' successfully

2022-06-10 08:45:00 - [TEST_STEP][PASSED] - waitForElementClickable(findTestObject("1-OBJECTS TAREAS PRINCIPALES/Modulo Tarea Compensacion/Incapacidad/input_Identificacin_listadoEmp"), 0): Object 'Object Repository/1-OBJECTS TAREAS PRINCIPALES/Modulo Tarea Compensacion/Incapacidad/input_Identificacin_listadoEmp' is clickable

2022-06-10 08:45:00 - [MESSAGE][WARNING] - Timeout '0' is invalid. Using default page load timeout: '37'

2022-06-10 08:45:01 - [MESSAGE][PASSED] - Object 'Object Repository/1-OBJECTS TAREAS PRINCIPALES/Modulo Tarea Compensacion/Incapacidad/input_Identificacin_listadoEmp' is clickable

2022-06-10 08:45:01 - [TEST_STEP][PASSED] - setText(findTestObject("1-OBJECTS TAREAS PRINCIPALES/Modulo Tarea Compensacion/Incapacidad/input_Identificacin_listadoEmp"), "1234567890"): Text '1234567890' is set on object 'Object Repository/1-OBJECTS TAREAS PRINCIPALES/Modulo Tarea Compensacion/Incapacidad/input_Identificacin_listadoEmp'

2022-06-10 08:45:02 - [MESSAGE][PASSED] - Text '1234567890' is set on object 'Object Repository/1-OBJECTS TAREAS PRINCIPALES/Modulo Tarea Compensacion/Incapacidad/input_Identificacin_listadoEmp'

2022-06-10 08:45:02 - [TEST_STEP][PASSED] - sendKeys(findTestObject("1-OBJECTS TAREAS PRINCIPALES/Modulo Tarea Compensacion/Incapacidad/input_Identificacin_listadoEmp"), Keys.chord(ENTER)): Keys 'ENTER + ' sent to object: 'Object Repository/1-OBJECTS TAREAS PRINCIPALES/Modulo Tarea Compensacion/Incapacidad/input_Identificacin_listadoEmp'

2022-06-10 08:45:02 - [MESSAGE][PASSED] - Keys 'ENTER + ' sent to object: 'Object Repository/1-OBJECTS TAREAS PRINCIPALES/Modulo Tarea Compensacion/Incapacidad/input_Identificacin_listadoEmp'

2022-06-10 08:45:02 - [TEST_STEP][PASSED] - click(findTestObject("1-OBJECTS TAREAS PRINCIPALES/Modulo Tarea Compensacion/Incapacidad/span_CONSTA BELFEGORD JHON")): Object: 'Object Repository/1-OBJECTS TAREAS PRINCIPALES/Modulo Tarea Compensacion/Incapacidad/span_CONSTA BELFEGORD JHON' is clicked on

2022-06-10 08:45:03 - [MESSAGE][PASSED] - Object: 'Object Repository/1-OBJECTS TAREAS PRINCIPALES/Modulo Tarea Compensacion/Incapacidad/span_CONSTA BELFEGORD JHON' is clicked on

2022-06-10 08:45:03 - [TEST_STEP][PASSED] - click(findTestObject("1-OBJECTS TAREAS PRINCIPALES/Modulo Tarea Compensacion/Incapacidad/a_Licencia")): Object: 'Object Repository/1-OBJECTS TAREAS PRINCIPALES/Modulo Tarea Compensacion/Incapacidad/a_Licencia' is clicked on

2022-06-10 08:45:04 - [MESSAGE][PASSED] - Object: 'Object Repository/1-OBJECTS TAREAS PRINCIPALES/Modulo Tarea Compensacion/Incapacidad/a_Licencia' is clicked on

2022-06-10 08:45:04 - [TEST_STEP][PASSED] - if (waitForElementClickable(findTestObject("1-OBJECTS TAREAS PRINCIPALES/Modulo Tarea Compensacion/Incapacidad/td_Licencia Remunerada"), 1)): Web element with id: 'Object Repository/1-OBJECTS TAREAS PRINCIPALES/Modulo Tarea Compensacion/Incapacidad/td_Licencia Remunerada' located by '//*/text()[normalize-space(.)='Licencia Remunerada']/parent::*' not found

2022-06-10 08:45:06 - [MESSAGE][INFO] - Unable to find the element located by 'By.xpath: //*/text()[normalize-space(.)='Licencia Remunerada']/parent::*'. Please recheck the objects properties to make sure the desired element is located. 

2022-06-10 08:45:06 - [MESSAGE][WARNING] - Web element with id: 'Object Repository/1-OBJECTS TAREAS PRINCIPALES/Modulo Tarea Compensacion/Incapacidad/td_Licencia Remunerada' located by '//*/text()[normalize-space(.)='Licencia Remunerada']/parent::*' not found

2022-06-10 08:45:06 - [TEST_STEP][PASSED] - if (waitForElementClickable(findTestObject("1-OBJECTS TAREAS PRINCIPALES/Modulo Tarea Compensacion/Incapacidad/td_Licencia No Remunerada"), 1)): Web element with id: 'Object Repository/1-OBJECTS TAREAS PRINCIPALES/Modulo Tarea Compensacion/Incapacidad/td_Licencia No Remunerada' located by '//*/text()[normalize-space(.)='Licencia No Remunerada']/parent::*' not found

2022-06-10 08:45:08 - [MESSAGE][INFO] - Unable to find the element located by 'By.xpath: //*/text()[normalize-space(.)='Licencia No Remunerada']/parent::*'. Please recheck the objects properties to make sure the desired element is located. 

2022-06-10 08:45:08 - [MESSAGE][WARNING] - Web element with id: 'Object Repository/1-OBJECTS TAREAS PRINCIPALES/Modulo Tarea Compensacion/Incapacidad/td_Licencia No Remunerada' located by '//*/text()[normalize-space(.)='Licencia No Remunerada']/parent::*' not found

2022-06-10 08:45:08 - [TEST_STEP][PASSED] - click(findTestObject("1-OBJECTS TAREAS PRINCIPALES/Modulo Tarea Compensacion/Incapacidad/a_Incapacidad")): Object: 'Object Repository/1-OBJECTS TAREAS PRINCIPALES/Modulo Tarea Compensacion/Incapacidad/a_Incapacidad' is clicked on

2022-06-10 08:45:09 - [MESSAGE][PASSED] - Object: 'Object Repository/1-OBJECTS TAREAS PRINCIPALES/Modulo Tarea Compensacion/Incapacidad/a_Incapacidad' is clicked on

2022-06-10 08:45:09 - [TEST_STEP][PASSED] - waitForElementClickable(findTestObject("1-OBJECTS TAREAS PRINCIPALES/Modulo Tarea Compensacion/Incapacidad/span_Nuevo"), 0): Object 'Object Repository/1-OBJECTS TAREAS PRINCIPALES/Modulo Tarea Compensacion/Incapacidad/span_Nuevo' is clickable

2022-06-10 08:45:09 - [MESSAGE][WARNING] - Timeout '0' is invalid. Using default page load timeout: '37'

2022-06-10 08:45:10 - [MESSAGE][PASSED] - Object 'Object Repository/1-OBJECTS TAREAS PRINCIPALES/Modulo Tarea Compensacion/Incapacidad/span_Nuevo' is clickable

2022-06-10 08:45:10 - [TEST_STEP][PASSED] - click(findTestObject("1-OBJECTS TAREAS PRINCIPALES/Modulo Tarea Compensacion/Incapacidad/span_Nuevo")): Object: 'Object Repository/1-OBJECTS TAREAS PRINCIPALES/Modulo Tarea Compensacion/Incapacidad/span_Nuevo' is clicked on

2022-06-10 08:45:10 - [MESSAGE][PASSED] - Object: 'Object Repository/1-OBJECTS TAREAS PRINCIPALES/Modulo Tarea Compensacion/Incapacidad/span_Nuevo' is clicked on

2022-06-10 08:45:10 - [TEST_STEP][PASSED] - waitForElementClickable(findTestObject("1-OBJECTS TAREAS PRINCIPALES/Modulo Tarea Compensacion/Incapacidad/span_ENFERMEDAD GENERAL 21"), 0): Object 'Object Repository/1-OBJECTS TAREAS PRINCIPALES/Modulo Tarea Compensacion/Incapacidad/span_ENFERMEDAD GENERAL 21' is clickable

2022-06-10 08:45:10 - [MESSAGE][WARNING] - Timeout '0' is invalid. Using default page load timeout: '37'

2022-06-10 08:45:11 - [MESSAGE][PASSED] - Object 'Object Repository/1-OBJECTS TAREAS PRINCIPALES/Modulo Tarea Compensacion/Incapacidad/span_ENFERMEDAD GENERAL 21' is clickable

2022-06-10 08:45:11 - [TEST_STEP][PASSED] - click(findTestObject("1-OBJECTS TAREAS PRINCIPALES/Modulo Tarea Compensacion/Incapacidad/span_ENFERMEDAD GENERAL 21")): Object: 'Object Repository/1-OBJECTS TAREAS PRINCIPALES/Modulo Tarea Compensacion/Incapacidad/span_ENFERMEDAD GENERAL 21' is clicked on

2022-06-10 08:45:11 - [MESSAGE][PASSED] - Object: 'Object Repository/1-OBJECTS TAREAS PRINCIPALES/Modulo Tarea Compensacion/Incapacidad/span_ENFERMEDAD GENERAL 21' is clicked on

2022-06-10 08:45:11 - [TEST_STEP][PASSED] - click(findTestObject("1-OBJECTS TAREAS PRINCIPALES/Modulo Tarea Compensacion/Incapacidad/a_Histrico")): Object: 'Object Repository/1-OBJECTS TAREAS PRINCIPALES/Modulo Tarea Compensacion/Incapacidad/a_Histrico' is clicked on

2022-06-10 08:45:12 - [MESSAGE][PASSED] - Object: 'Object Repository/1-OBJECTS TAREAS PRINCIPALES/Modulo Tarea Compensacion/Incapacidad/a_Histrico' is clicked on

2022-06-10 08:45:12 - [TEST_STEP][PASSED] - if (waitForElementClickable(findTestObject("1-OBJECTS TAREAS PRINCIPALES/Modulo Tarea Compensacion/Incapacidad/span_Enfermedad General 21_Historico"), 1)): Web element with id: 'Object Repository/1-OBJECTS TAREAS PRINCIPALES/Modulo Tarea Compensacion/Incapacidad/span_Enfermedad General 21_Historico' located by '//*/text()[normalize-space(.)='Enfermedad General 21']/parent::*' not found

2022-06-10 08:45:15 - [MESSAGE][INFO] - Unable to find the element located by 'By.xpath: //*/text()[normalize-space(.)='Enfermedad General 21']/parent::*'. Please recheck the objects properties to make sure the desired element is located. 

2022-06-10 08:45:15 - [MESSAGE][WARNING] - Web element with id: 'Object Repository/1-OBJECTS TAREAS PRINCIPALES/Modulo Tarea Compensacion/Incapacidad/span_Enfermedad General 21_Historico' located by '//*/text()[normalize-space(.)='Enfermedad General 21']/parent::*' not found

2022-06-10 08:45:15 - [TEST_STEP][PASSED] - waitForElementClickable(findTestObject("1-OBJECTS TAREAS PRINCIPALES/Modulo Tarea Compensacion/Incapacidad/a_Incapacidad_pestaa"), 0): Object 'Object Repository/1-OBJECTS TAREAS PRINCIPALES/Modulo Tarea Compensacion/Incapacidad/a_Incapacidad_pestaa' is clickable

2022-06-10 08:45:15 - [MESSAGE][WARNING] - Timeout '0' is invalid. Using default page load timeout: '37'

2022-06-10 08:45:15 - [MESSAGE][PASSED] - Object 'Object Repository/1-OBJECTS TAREAS PRINCIPALES/Modulo Tarea Compensacion/Incapacidad/a_Incapacidad_pestaa' is clickable

2022-06-10 08:45:15 - [TEST_STEP][PASSED] - click(findTestObject("1-OBJECTS TAREAS PRINCIPALES/Modulo Tarea Compensacion/Incapacidad/a_Incapacidad_pestaa")): Object: 'Object Repository/1-OBJECTS TAREAS PRINCIPALES/Modulo Tarea Compensacion/Incapacidad/a_Incapacidad_pestaa' is clicked on

2022-06-10 08:45:16 - [MESSAGE][PASSED] - Object: 'Object Repository/1-OBJECTS TAREAS PRINCIPALES/Modulo Tarea Compensacion/Incapacidad/a_Incapacidad_pestaa' is clicked on

2022-06-10 08:45:16 - [TEST_STEP][PASSED] - setText(findTestObject("1-OBJECTS TAREAS PRINCIPALES/Modulo Tarea Compensacion/Incapacidad/input_Fecha Salida _form_incap"), "01/01/2021"): Text '01/01/2021' is set on object 'Object Repository/1-OBJECTS TAREAS PRINCIPALES/Modulo Tarea Compensacion/Incapacidad/input_Fecha Salida _form_incap'

2022-06-10 08:45:16 - [MESSAGE][PASSED] - Text '01/01/2021' is set on object 'Object Repository/1-OBJECTS TAREAS PRINCIPALES/Modulo Tarea Compensacion/Incapacidad/input_Fecha Salida _form_incap'

2022-06-10 08:45:16 - [TEST_STEP][PASSED] - setText(findTestObject("1-OBJECTS TAREAS PRINCIPALES/Modulo Tarea Compensacion/Incapacidad/input_Fecha Salida Nomina_form"), "28/02/2021"): Text '28/02/2021' is set on object 'Object Repository/1-OBJECTS TAREAS PRINCIPALES/Modulo Tarea Compensacion/Incapacidad/input_Fecha Salida Nomina_form'

2022-06-10 08:45:17 - [MESSAGE][PASSED] - Text '28/02/2021' is set on object 'Object Repository/1-OBJECTS TAREAS PRINCIPALES/Modulo Tarea Compensacion/Incapacidad/input_Fecha Salida Nomina_form'

2022-06-10 08:45:17 - [TEST_STEP][PASSED] - click(findTestObject("1-OBJECTS TAREAS PRINCIPALES/Modulo Tarea Compensacion/Incapacidad/input_Prorroga_form_incapacida")): Object: 'Object Repository/1-OBJECTS TAREAS PRINCIPALES/Modulo Tarea Compensacion/Incapacidad/input_Prorroga_form_incapacida' is clicked on

2022-06-10 08:45:18 - [MESSAGE][PASSED] - Object: 'Object Repository/1-OBJECTS TAREAS PRINCIPALES/Modulo Tarea Compensacion/Incapacidad/input_Prorroga_form_incapacida' is clicked on

2022-06-10 08:45:18 - [TEST_STEP][PASSED] - setText(findTestObject("1-OBJECTS TAREAS PRINCIPALES/Modulo Tarea Compensacion/Incapacidad/textarea_Observacin_form_incap"), "aaaa"): Text 'aaaa' is set on object 'Object Repository/1-OBJECTS TAREAS PRINCIPALES/Modulo Tarea Compensacion/Incapacidad/textarea_Observacin_form_incap'

2022-06-10 08:45:19 - [MESSAGE][PASSED] - Text 'aaaa' is set on object 'Object Repository/1-OBJECTS TAREAS PRINCIPALES/Modulo Tarea Compensacion/Incapacidad/textarea_Observacin_form_incap'

2022-06-10 08:45:19 - [TEST_STEP][PASSED] - setText(findTestObject("1-OBJECTS TAREAS PRINCIPALES/Modulo Tarea Compensacion/Incapacidad/input_Das Ausentismo_form_inca"), "2"): Text '2' is set on object 'Object Repository/1-OBJECTS TAREAS PRINCIPALES/Modulo Tarea Compensacion/Incapacidad/input_Das Ausentismo_form_inca'

2022-06-10 08:45:20 - [MESSAGE][PASSED] - Text '2' is set on object 'Object Repository/1-OBJECTS TAREAS PRINCIPALES/Modulo Tarea Compensacion/Incapacidad/input_Das Ausentismo_form_inca'

2022-06-10 08:45:20 - [TEST_STEP][PASSED] - setText(findTestObject("1-OBJECTS TAREAS PRINCIPALES/Modulo Tarea Compensacion/Incapacidad/textarea_Area_form_incapacidad"), "bbbb"): Text 'bbbb' is set on object 'Object Repository/1-OBJECTS TAREAS PRINCIPALES/Modulo Tarea Compensacion/Incapacidad/textarea_Area_form_incapacidad'

2022-06-10 08:45:20 - [MESSAGE][PASSED] - Text 'bbbb' is set on object 'Object Repository/1-OBJECTS TAREAS PRINCIPALES/Modulo Tarea Compensacion/Incapacidad/textarea_Area_form_incapacidad'

2022-06-10 08:45:20 - [TEST_STEP][PASSED] - setText(findTestObject("1-OBJECTS TAREAS PRINCIPALES/Modulo Tarea Compensacion/Incapacidad/input_Horas adicionales_form_incapacidades"), "0500"): Text '0500' is set on object 'Object Repository/1-OBJECTS TAREAS PRINCIPALES/Modulo Tarea Compensacion/Incapacidad/input_Horas adicionales_form_incapacidades'

2022-06-10 08:45:21 - [MESSAGE][PASSED] - Text '0500' is set on object 'Object Repository/1-OBJECTS TAREAS PRINCIPALES/Modulo Tarea Compensacion/Incapacidad/input_Horas adicionales_form_incapacidades'

2022-06-10 08:45:21 - [TEST_STEP][PASSED] - setText(findTestObject("1-OBJECTS TAREAS PRINCIPALES/Modulo Tarea Compensacion/Incapacidad/input_diagnostico_form_incapacidad"), "cccc"): Text 'cccc' is set on object 'Object Repository/1-OBJECTS TAREAS PRINCIPALES/Modulo Tarea Compensacion/Incapacidad/input_diagnostico_form_incapacidad'

2022-06-10 08:45:22 - [MESSAGE][PASSED] - Text 'cccc' is set on object 'Object Repository/1-OBJECTS TAREAS PRINCIPALES/Modulo Tarea Compensacion/Incapacidad/input_diagnostico_form_incapacidad'

2022-06-10 08:45:22 - [TEST_STEP][PASSED] - setText(findTestObject("1-OBJECTS TAREAS PRINCIPALES/Modulo Tarea Compensacion/Incapacidad/input_Fecha 1_form_incapacidad"), "15/01/2021"): Text '15/01/2021' is set on object 'Object Repository/1-OBJECTS TAREAS PRINCIPALES/Modulo Tarea Compensacion/Incapacidad/input_Fecha 1_form_incapacidad'

2022-06-10 08:45:23 - [MESSAGE][PASSED] - Text '15/01/2021' is set on object 'Object Repository/1-OBJECTS TAREAS PRINCIPALES/Modulo Tarea Compensacion/Incapacidad/input_Fecha 1_form_incapacidad'

2022-06-10 08:45:23 - [TEST_STEP][PASSED] - setText(findTestObject("1-OBJECTS TAREAS PRINCIPALES/Modulo Tarea Compensacion/Incapacidad/input_diagnostico_form_incapacidades2"), "aaa"): Text 'aaa' is set on object 'Object Repository/1-OBJECTS TAREAS PRINCIPALES/Modulo Tarea Compensacion/Incapacidad/input_diagnostico_form_incapacidades2'

2022-06-10 08:45:24 - [MESSAGE][PASSED] - Text 'aaa' is set on object 'Object Repository/1-OBJECTS TAREAS PRINCIPALES/Modulo Tarea Compensacion/Incapacidad/input_diagnostico_form_incapacidades2'

2022-06-10 08:45:24 - [TEST_STEP][PASSED] - click(findTestObject("1-OBJECTS TAREAS PRINCIPALES/Modulo Tarea Compensacion/Incapacidad/a__form_incapacidadesEmpleadoj")): Object: 'Object Repository/1-OBJECTS TAREAS PRINCIPALES/Modulo Tarea Compensacion/Incapacidad/a__form_incapacidadesEmpleadoj' is clicked on

2022-06-10 08:45:24 - [MESSAGE][PASSED] - Object: 'Object Repository/1-OBJECTS TAREAS PRINCIPALES/Modulo Tarea Compensacion/Incapacidad/a__form_incapacidadesEmpleadoj' is clicked on

2022-06-10 08:45:24 - [TEST_STEP][PASSED] - click(findTestObject("1-OBJECTS TAREAS PRINCIPALES/Modulo Tarea Compensacion/Incapacidad/td_OTRAS INFECCIONES ESPECIFICADAS")): Object: 'Object Repository/1-OBJECTS TAREAS PRINCIPALES/Modulo Tarea Compensacion/Incapacidad/td_OTRAS INFECCIONES ESPECIFICADAS' is clicked on

2022-06-10 08:45:25 - [MESSAGE][PASSED] - Object: 'Object Repository/1-OBJECTS TAREAS PRINCIPALES/Modulo Tarea Compensacion/Incapacidad/td_OTRAS INFECCIONES ESPECIFICADAS' is clicked on

2022-06-10 08:45:25 - [TEST_STEP][PASSED] - waitForElementClickable(findTestObject("1-OBJECTS TAREAS PRINCIPALES/Modulo Tarea Compensacion/Incapacidad/a__form_incapacidadesEmpleadoj_1"), 0): Object 'Object Repository/1-OBJECTS TAREAS PRINCIPALES/Modulo Tarea Compensacion/Incapacidad/a__form_incapacidadesEmpleadoj_1' is clickable

2022-06-10 08:45:25 - [MESSAGE][WARNING] - Timeout '0' is invalid. Using default page load timeout: '37'

2022-06-10 08:45:26 - [MESSAGE][PASSED] - Object 'Object Repository/1-OBJECTS TAREAS PRINCIPALES/Modulo Tarea Compensacion/Incapacidad/a__form_incapacidadesEmpleadoj_1' is clickable

2022-06-10 08:45:26 - [TEST_STEP][PASSED] - click(findTestObject("1-OBJECTS TAREAS PRINCIPALES/Modulo Tarea Compensacion/Incapacidad/a__form_incapacidadesEmpleadoj_1")): Object: 'Object Repository/1-OBJECTS TAREAS PRINCIPALES/Modulo Tarea Compensacion/Incapacidad/a__form_incapacidadesEmpleadoj_1' is clicked on

2022-06-10 08:45:26 - [MESSAGE][PASSED] - Object: 'Object Repository/1-OBJECTS TAREAS PRINCIPALES/Modulo Tarea Compensacion/Incapacidad/a__form_incapacidadesEmpleadoj_1' is clicked on

2022-06-10 08:45:26 - [TEST_STEP][PASSED] - click(findTestObject("1-OBJECTS TAREAS PRINCIPALES/Modulo Tarea Compensacion/Incapacidad/td_Diagnostico-Seguridad y Salud en el Trabajo")): Object: 'Object Repository/1-OBJECTS TAREAS PRINCIPALES/Modulo Tarea Compensacion/Incapacidad/td_Diagnostico-Seguridad y Salud en el Trabajo' is clicked on

2022-06-10 08:45:27 - [MESSAGE][PASSED] - Object: 'Object Repository/1-OBJECTS TAREAS PRINCIPALES/Modulo Tarea Compensacion/Incapacidad/td_Diagnostico-Seguridad y Salud en el Trabajo' is clicked on

2022-06-10 08:45:27 - [TEST_STEP][PASSED] - waitForElementClickable(findTestObject("1-OBJECTS TAREAS PRINCIPALES/Modulo Tarea Compensacion/Incapacidad/a_Guardar Legalizar"), G_TimeOut): Object 'Object Repository/1-OBJECTS TAREAS PRINCIPALES/Modulo Tarea Compensacion/Incapacidad/a_Guardar Legalizar' is clickable

2022-06-10 08:45:28 - [MESSAGE][PASSED] - Object 'Object Repository/1-OBJECTS TAREAS PRINCIPALES/Modulo Tarea Compensacion/Incapacidad/a_Guardar Legalizar' is clickable

2022-06-10 08:45:28 - [TEST_STEP][PASSED] - click(findTestObject("1-OBJECTS TAREAS PRINCIPALES/Modulo Tarea Compensacion/Incapacidad/a_Guardar Legalizar")): Object: 'Object Repository/1-OBJECTS TAREAS PRINCIPALES/Modulo Tarea Compensacion/Incapacidad/a_Guardar Legalizar' is clicked on

2022-06-10 08:45:28 - [MESSAGE][PASSED] - Object: 'Object Repository/1-OBJECTS TAREAS PRINCIPALES/Modulo Tarea Compensacion/Incapacidad/a_Guardar Legalizar' is clicked on

2022-06-10 08:45:28 - [TEST_STEP][FAILED] - Alerta = getText(findTestObject("3-OBJECTS UTILIDADES/Alerta/Alerta")): Unable to get text of object 'Object Repository/3-OBJECTS UTILIDADES/Alerta/Alerta' (Root cause: com.kms.katalon.core.exception.StepFailedException: Unable to get text of object 'Object Repository/3-OBJECTS UTILIDADES/Alerta/Alerta'
	at com.kms.katalon.core.webui.keyword.internal.WebUIKeywordMain.stepFailed(WebUIKeywordMain.groovy:64)
	at com.kms.katalon.core.webui.keyword.internal.WebUIKeywordMain.runKeyword(WebUIKeywordMain.groovy:26)
	at com.kms.katalon.core.webui.keyword.builtin.GetTextKeyword.getText(GetTextKeyword.groovy:88)
	at com.kms.katalon.core.webui.keyword.builtin.GetTextKeyword.execute(GetTextKeyword.groovy:67)
	at com.kms.katalon.core.keyword.internal.KeywordExecutor.executeKeywordForPlatform(KeywordExecutor.groovy:74)
	at com.kms.katalon.core.webui.keyword.WebUiBuiltInKeywords.getText(WebUiBuiltInKeywords.groovy:918)
	at com.kms.katalon.core.webui.keyword.WebUiBuiltInKeywords$getText$13.call(Unknown Source)
	at 1.2.4-Incapacidad.run(1.2.4-Incapacidad:141)
	at com.kms.katalon.core.main.ScriptEngine.run(ScriptEngine.java:194)
	at com.kms.katalon.core.main.ScriptEngine.runScriptAsRawText(ScriptEngine.java:119)
	at com.kms.katalon.core.main.TestCaseExecutor.runScript(TestCaseExecutor.java:445)
	at com.kms.katalon.core.main.TestCaseExecutor.doExecute(TestCaseExecutor.java:436)
	at com.kms.katalon.core.main.TestCaseExecutor.processExecutionPhase(TestCaseExecutor.java:415)
	at com.kms.katalon.core.main.TestCaseExecutor.accessMainPhase(TestCaseExecutor.java:407)
	at com.kms.katalon.core.main.TestCaseExecutor.execute(TestCaseExecutor.java:284)
	at com.kms.katalon.core.common.CommonExecutor.accessTestCaseMainPhase(CommonExecutor.java:65)
	at com.kms.katalon.core.main.TestSuiteExecutor.accessTestSuiteMainPhase(TestSuiteExecutor.java:144)
	at com.kms.katalon.core.main.TestSuiteExecutor.execute(TestSuiteExecutor.java:106)
	at com.kms.katalon.core.main.TestCaseMain.startTestSuite(TestCaseMain.java:185)
	at com.kms.katalon.core.main.TestCaseMain$startTestSuite$0.call(Unknown Source)
	at TempTestSuite1654867643956.run(TempTestSuite1654867643956.groovy:36)
Caused by: com.kms.katalon.core.webui.exception.WebElementNotFoundException: Web element with id: 'Object Repository/3-OBJECTS UTILIDADES/Alerta/Alerta' located by '//div[@id='growl_container']/div/div/div[2]/p' not found
	at com.kms.katalon.core.webui.common.WebUiCommonHelper.findWebElement(WebUiCommonHelper.java:1370)
	at com.kms.katalon.core.webui.keyword.internal.WebUIAbstractKeyword.findWebElement(WebUIAbstractKeyword.groovy:27)
	at com.kms.katalon.core.webui.keyword.internal.WebUIAbstractKeyword.findWebElement(WebUIAbstractKeyword.groovy:26)
	at com.kms.katalon.core.webui.keyword.builtin.GetTextKeyword$_getText_closure1.doCall(GetTextKeyword.groovy:78)
	at com.kms.katalon.core.webui.keyword.builtin.GetTextKeyword$_getText_closure1.call(GetTextKeyword.groovy)
	at com.kms.katalon.core.webui.keyword.internal.WebUIKeywordMain.runKeyword(WebUIKeywordMain.groovy:20)
	at com.kms.katalon.core.webui.keyword.builtin.GetTextKeyword.getText(GetTextKeyword.groovy:88)
	at com.kms.katalon.core.webui.keyword.builtin.GetTextKeyword.execute(GetTextKeyword.groovy:67)
	at com.kms.katalon.core.keyword.internal.KeywordExecutor.executeKeywordForPlatform(KeywordExecutor.groovy:74)
	at com.kms.katalon.core.webui.keyword.WebUiBuiltInKeywords.getText(WebUiBuiltInKeywords.groovy:918)
	at com.kms.katalon.core.webui.keyword.WebUiBuiltInKeywords$getText$13.call(Unknown Source)
	at Script1548864764268.run(Script1548864764268.groovy:141)
	... 13 more
)

2022-06-10 08:46:07 - [MESSAGE][INFO] - Unable to find the element located by 'By.xpath: //div[@id='growl_container']/div/div/div[2]/p'. Please recheck the objects properties to make sure the desired element is located. 

2022-06-10 08:46:07 - [MESSAGE][FAILED] - Unable to get text of object 'Object Repository/3-OBJECTS UTILIDADES/Alerta/Alerta' (Root cause: com.kms.katalon.core.exception.StepFailedException: Unable to get text of object 'Object Repository/3-OBJECTS UTILIDADES/Alerta/Alerta'
	at com.kms.katalon.core.webui.keyword.internal.WebUIKeywordMain.stepFailed(WebUIKeywordMain.groovy:64)
	at com.kms.katalon.core.webui.keyword.internal.WebUIKeywordMain.runKeyword(WebUIKeywordMain.groovy:26)
	at com.kms.katalon.core.webui.keyword.builtin.GetTextKeyword.getText(GetTextKeyword.groovy:88)
	at com.kms.katalon.core.webui.keyword.builtin.GetTextKeyword.execute(GetTextKeyword.groovy:67)
	at com.kms.katalon.core.keyword.internal.KeywordExecutor.executeKeywordForPlatform(KeywordExecutor.groovy:74)
	at com.kms.katalon.core.webui.keyword.WebUiBuiltInKeywords.getText(WebUiBuiltInKeywords.groovy:918)
	at com.kms.katalon.core.webui.keyword.WebUiBuiltInKeywords$getText$13.call(Unknown Source)
	at 1.2.4-Incapacidad.run(1.2.4-Incapacidad:141)
	at com.kms.katalon.core.main.ScriptEngine.run(ScriptEngine.java:194)
	at com.kms.katalon.core.main.ScriptEngine.runScriptAsRawText(ScriptEngine.java:119)
	at com.kms.katalon.core.main.TestCaseExecutor.runScript(TestCaseExecutor.java:445)
	at com.kms.katalon.core.main.TestCaseExecutor.doExecute(TestCaseExecutor.java:436)
	at com.kms.katalon.core.main.TestCaseExecutor.processExecutionPhase(TestCaseExecutor.java:415)
	at com.kms.katalon.core.main.TestCaseExecutor.accessMainPhase(TestCaseExecutor.java:407)
	at com.kms.katalon.core.main.TestCaseExecutor.execute(TestCaseExecutor.java:284)
	at com.kms.katalon.core.common.CommonExecutor.accessTestCaseMainPhase(CommonExecutor.java:65)
	at com.kms.katalon.core.main.TestSuiteExecutor.accessTestSuiteMainPhase(TestSuiteExecutor.java:144)
	at com.kms.katalon.core.main.TestSuiteExecutor.execute(TestSuiteExecutor.java:106)
	at com.kms.katalon.core.main.TestCaseMain.startTestSuite(TestCaseMain.java:185)
	at com.kms.katalon.core.main.TestCaseMain$startTestSuite$0.call(Unknown Source)
	at TempTestSuite1654867643956.run(TempTestSuite1654867643956.groovy:36)
Caused by: com.kms.katalon.core.webui.exception.WebElementNotFoundException: Web element with id: 'Object Repository/3-OBJECTS UTILIDADES/Alerta/Alerta' located by '//div[@id='growl_container']/div/div/div[2]/p' not found
	at com.kms.katalon.core.webui.common.WebUiCommonHelper.findWebElement(WebUiCommonHelper.java:1370)
	at com.kms.katalon.core.webui.keyword.internal.WebUIAbstractKeyword.findWebElement(WebUIAbstractKeyword.groovy:27)
	at com.kms.katalon.core.webui.keyword.internal.WebUIAbstractKeyword.findWebElement(WebUIAbstractKeyword.groovy:26)
	at com.kms.katalon.core.webui.keyword.builtin.GetTextKeyword$_getText_closure1.doCall(GetTextKeyword.groovy:78)
	at com.kms.katalon.core.webui.keyword.builtin.GetTextKeyword$_getText_closure1.call(GetTextKeyword.groovy)
	at com.kms.katalon.core.webui.keyword.internal.WebUIKeywordMain.runKeyword(WebUIKeywordMain.groovy:20)
	at com.kms.katalon.core.webui.keyword.builtin.GetTextKeyword.getText(GetTextKeyword.groovy:88)
	at com.kms.katalon.core.webui.keyword.builtin.GetTextKeyword.execute(GetTextKeyword.groovy:67)
	at com.kms.katalon.core.keyword.internal.KeywordExecutor.executeKeywordForPlatform(KeywordExecutor.groovy:74)
	at com.kms.katalon.core.webui.keyword.WebUiBuiltInKeywords.getText(WebUiBuiltInKeywords.groovy:918)
	at com.kms.katalon.core.webui.keyword.WebUiBuiltInKeywords$getText$13.call(Unknown Source)
	at Script1548864764268.run(Script1548864764268.groovy:141)
	... 13 more
)
[[ATTACHMENT|C:\\Users\\diego.rojas\\git\\Pruebas-Minimas\\Reports\\20220610_082723\\Test_Suite_Principales\\1-Tareas Principales\\20220610_082723\\1654868767032.png]]]]></system-out>
         <system-err><![CDATA[2022-06-10 08:44:50 - [TEST_CASE][FAILED] - Test Cases/1.1-Tareas Principales/1.2.4-Incapacidad: Test Cases/1.1-Tareas Principales/1.2.4-Incapacidad FAILED.
Reason:
com.kms.katalon.core.exception.StepFailedException: Unable to get text of object 'Object Repository/3-OBJECTS UTILIDADES/Alerta/Alerta'
	at com.kms.katalon.core.webui.keyword.internal.WebUIKeywordMain.stepFailed(WebUIKeywordMain.groovy:64)
	at com.kms.katalon.core.webui.keyword.internal.WebUIKeywordMain.runKeyword(WebUIKeywordMain.groovy:26)
	at com.kms.katalon.core.webui.keyword.builtin.GetTextKeyword.getText(GetTextKeyword.groovy:88)
	at com.kms.katalon.core.webui.keyword.builtin.GetTextKeyword.execute(GetTextKeyword.groovy:67)
	at com.kms.katalon.core.keyword.internal.KeywordExecutor.executeKeywordForPlatform(KeywordExecutor.groovy:74)
	at com.kms.katalon.core.webui.keyword.WebUiBuiltInKeywords.getText(WebUiBuiltInKeywords.groovy:918)
	at com.kms.katalon.core.webui.keyword.WebUiBuiltInKeywords$getText$13.call(Unknown Source)
	at 1.2.4-Incapacidad.run(1.2.4-Incapacidad:141)
	at com.kms.katalon.core.main.ScriptEngine.run(ScriptEngine.java:194)
	at com.kms.katalon.core.main.ScriptEngine.runScriptAsRawText(ScriptEngine.java:119)
	at com.kms.katalon.core.main.TestCaseExecutor.runScript(TestCaseExecutor.java:445)
	at com.kms.katalon.core.main.TestCaseExecutor.doExecute(TestCaseExecutor.java:436)
	at com.kms.katalon.core.main.TestCaseExecutor.processExecutionPhase(TestCaseExecutor.java:415)
	at com.kms.katalon.core.main.TestCaseExecutor.accessMainPhase(TestCaseExecutor.java:407)
	at com.kms.katalon.core.main.TestCaseExecutor.execute(TestCaseExecutor.java:284)
	at com.kms.katalon.core.common.CommonExecutor.accessTestCaseMainPhase(CommonExecutor.java:65)
	at com.kms.katalon.core.main.TestSuiteExecutor.accessTestSuiteMainPhase(TestSuiteExecutor.java:144)
	at com.kms.katalon.core.main.TestSuiteExecutor.execute(TestSuiteExecutor.java:106)
	at com.kms.katalon.core.main.TestCaseMain.startTestSuite(TestCaseMain.java:185)
	at com.kms.katalon.core.main.TestCaseMain$startTestSuite$0.call(Unknown Source)
	at TempTestSuite1654867643956.run(TempTestSuite1654867643956.groovy:36)
Caused by: com.kms.katalon.core.webui.exception.WebElementNotFoundException: Web element with id: 'Object Repository/3-OBJECTS UTILIDADES/Alerta/Alerta' located by '//div[@id='growl_container']/div/div/div[2]/p' not found
	at com.kms.katalon.core.webui.common.WebUiCommonHelper.findWebElement(WebUiCommonHelper.java:1370)
	at com.kms.katalon.core.webui.keyword.internal.WebUIAbstractKeyword.findWebElement(WebUIAbstractKeyword.groovy:27)
	at com.kms.katalon.core.webui.keyword.internal.WebUIAbstractKeyword.findWebElement(WebUIAbstractKeyword.groovy:26)
	at com.kms.katalon.core.webui.keyword.builtin.GetTextKeyword$_getText_closure1.doCall(GetTextKeyword.groovy:78)
	at com.kms.katalon.core.webui.keyword.builtin.GetTextKeyword$_getText_closure1.call(GetTextKeyword.groovy)
	at com.kms.katalon.core.webui.keyword.internal.WebUIKeywordMain.runKeyword(WebUIKeywordMain.groovy:20)
	... 19 more]]></system-err>
      </testcase>
      <testcase name="Test Cases/1.1-Tareas Principales/1.2.5-Solicitud_Certificado" time="26.16" classname="Test Cases/1.1-Tareas Principales/1.2.5-Solicitud_Certificado" status="PASSED">
         <system-out><![CDATA[2022-06-10 08:46:07 - [TEST_CASE][PASSED] - Test Cases/1.1-Tareas Principales/1.2.5-Solicitud_Certificado: Test Cases/1.1-Tareas Principales/1.2.5-Solicitud_Certificado

2022-06-10 08:46:07 - [TEST_STEP][PASSED] - callTestCase(findTestCase("Utilidades-(atajos_para _tareas)/Tareas Administracion Compensacion/Tarea Listado Empleados"), [:], STOP_ON_FAILURE): Call Test Case 'Test Cases/Utilidades-(atajos_para _tareas)/Tareas Administracion Compensacion/Tarea Listado Empleados' successfully

2022-06-10 08:46:07 - [TEST_CASE][PASSED] - Test Cases/Utilidades-(atajos_para _tareas)/Tareas Administracion Compensacion/Tarea Listado Empleados: Test Cases/Utilidades-(atajos_para _tareas)/Tareas Administracion Compensacion/Tarea Listado Empleados

2022-06-10 08:46:07 - [TEST_STEP][PASSED] - callTestCase(findTestCase("0.1-Login"), [:], STOP_ON_FAILURE): Call Test Case 'Test Cases/0.1-Login' successfully

2022-06-10 08:46:07 - [TEST_CASE][PASSED] - Test Cases/0.1-Login: Test Cases/0.1-Login

2022-06-10 08:46:07 - [TEST_STEP][PASSED] - openBrowser(""): Browser is opened with url: ''

2022-06-10 08:46:07 - [MESSAGE][WARNING] - A browser is already opened. Closing browser and opening a new one

2022-06-10 08:46:08 - [MESSAGE][INFO] - Starting 'Chrome' driver

2022-06-10 08:46:08 - [MESSAGE][INFO] - Action delay is set to 0 milliseconds

2022-06-10 08:46:09 - [MESSAGE][PASSED] - Browser is opened with url: ''

2022-06-10 08:46:09 - [TEST_STEP][PASSED] - maximizeWindow(): Current window maximized

2022-06-10 08:46:09 - [MESSAGE][PASSED] - Current window maximized

2022-06-10 08:46:09 - [TEST_STEP][PASSED] - i = G_Login: null

2022-06-10 08:46:09 - [TEST_STEP][PASSED] - url = new java.net.URL(i): null

2022-06-10 08:46:09 - [TEST_STEP][PASSED] - println("URL: " + url.toString()): null

2022-06-10 08:46:09 - [TEST_STEP][PASSED] - connection = url.openConnection(): null

2022-06-10 08:46:09 - [TEST_STEP][PASSED] - connection.setRequestMethod("GET"): null

2022-06-10 08:46:09 - [TEST_STEP][PASSED] - connection.setReadTimeout(2 * 1000): null

2022-06-10 08:46:09 - [TEST_STEP][PASSED] - try: null

2022-06-10 08:46:09 - [TEST_STEP][PASSED] - connection.connect(): null

2022-06-10 08:46:09 - [TEST_STEP][PASSED] - flag = connected: null

2022-06-10 08:46:09 - [TEST_STEP][PASSED] - println("Valor_ori: " + flag): null

2022-06-10 08:46:09 - [TEST_STEP][PASSED] - if (flag): null

2022-06-10 08:46:09 - [TEST_STEP][PASSED] - navigateToUrl(i): Navigate to 'http://192.168.2.19:8380/saraweb' successfully

2022-06-10 08:46:10 - [MESSAGE][PASSED] - Navigate to 'http://192.168.2.19:8380/saraweb' successfully

2022-06-10 08:46:10 - [TEST_STEP][PASSED] - a(): null

2022-06-10 08:46:10 - [TEST_STEP][PASSED] - setText(findTestObject("3-OBJECTS UTILIDADES/Login/input_USUARIO_loginusuario"), G_Usuario): Text 'saraadmin' is set on object 'Object Repository/3-OBJECTS UTILIDADES/Login/input_USUARIO_loginusuario'

2022-06-10 08:46:10 - [MESSAGE][PASSED] - Text 'saraadmin' is set on object 'Object Repository/3-OBJECTS UTILIDADES/Login/input_USUARIO_loginusuario'

2022-06-10 08:46:10 - [TEST_STEP][PASSED] - setEncryptedText(findTestObject("3-OBJECTS UTILIDADES/Login/input_CLAVE_loginpassword"), "MkG4/TYiCFC3cb2driP7+Q=="): Text ****** has been set on object 'Object Repository/3-OBJECTS UTILIDADES/Login/input_CLAVE_loginpassword'

2022-06-10 08:46:11 - [MESSAGE][PASSED] - Text ****** has been set on object 'Object Repository/3-OBJECTS UTILIDADES/Login/input_CLAVE_loginpassword'

2022-06-10 08:46:11 - [TEST_STEP][PASSED] - waitForElementClickable(findTestObject("3-OBJECTS UTILIDADES/Login/a_Ingresar"), G_TimeOut): Object 'Object Repository/3-OBJECTS UTILIDADES/Login/a_Ingresar' is clickable

2022-06-10 08:46:11 - [MESSAGE][PASSED] - Object 'Object Repository/3-OBJECTS UTILIDADES/Login/a_Ingresar' is clickable

2022-06-10 08:46:11 - [TEST_STEP][PASSED] - click(findTestObject("3-OBJECTS UTILIDADES/Login/a_Ingresar")): Object: 'Object Repository/3-OBJECTS UTILIDADES/Login/a_Ingresar' is clicked on

2022-06-10 08:46:13 - [MESSAGE][PASSED] - Object: 'Object Repository/3-OBJECTS UTILIDADES/Login/a_Ingresar' is clicked on

2022-06-10 08:46:13 - [TEST_STEP][PASSED] - element = findWebElement(findTestObject("3-OBJECTS UTILIDADES/Login/a_Ir"), 30): null

2022-06-10 08:46:13 - [TEST_STEP][PASSED] - executeJavaScript("arguments[0].click()", Arrays.asList(element)): Execute JavaScript 'arguments[0].click()' successfully

2022-06-10 08:46:13 - [MESSAGE][PASSED] - Execute JavaScript 'arguments[0].click()' successfully

2022-06-10 08:46:13 - [MESSAGE][PASSED] - Call Test Case 'Test Cases/0.1-Login' successfully

2022-06-10 08:46:13 - [TEST_STEP][PASSED] - setText(findTestObject("1-OBJECTS TAREAS PRINCIPALES/Modulo Tarea Listado Hojas de Vida/Tareas Listado Hojas de Vida/input_Listado Hojas De Vida_form_templatej_idt24_input"), "Listado de Empleados"): Text 'Listado de Empleados' is set on object 'Object Repository/1-OBJECTS TAREAS PRINCIPALES/Modulo Tarea Listado Hojas de Vida/Tareas Listado Hojas de Vida/input_Listado Hojas De Vida_form_templatej_idt24_input'

2022-06-10 08:46:14 - [MESSAGE][PASSED] - Text 'Listado de Empleados' is set on object 'Object Repository/1-OBJECTS TAREAS PRINCIPALES/Modulo Tarea Listado Hojas de Vida/Tareas Listado Hojas de Vida/input_Listado Hojas De Vida_form_templatej_idt24_input'

2022-06-10 08:46:14 - [TEST_STEP][PASSED] - waitForElementVisible(findTestObject("1-OBJECTS TAREAS PRINCIPALES/Modulo Tarea Listado Hojas de Vida/Tareas Listado Hojas de Vida/span_Listado de Empleados"), 0): Object 'Object Repository/1-OBJECTS TAREAS PRINCIPALES/Modulo Tarea Listado Hojas de Vida/Tareas Listado Hojas de Vida/span_Listado de Empleados' is visible

2022-06-10 08:46:14 - [MESSAGE][WARNING] - Timeout '0' is invalid. Using default page load timeout: '37'

2022-06-10 08:46:16 - [MESSAGE][PASSED] - Object 'Object Repository/1-OBJECTS TAREAS PRINCIPALES/Modulo Tarea Listado Hojas de Vida/Tareas Listado Hojas de Vida/span_Listado de Empleados' is visible

2022-06-10 08:46:16 - [TEST_STEP][PASSED] - click(findTestObject("1-OBJECTS TAREAS PRINCIPALES/Modulo Tarea Listado Hojas de Vida/Tareas Listado Hojas de Vida/span_Listado de Empleados")): Object: 'Object Repository/1-OBJECTS TAREAS PRINCIPALES/Modulo Tarea Listado Hojas de Vida/Tareas Listado Hojas de Vida/span_Listado de Empleados' is clicked on

2022-06-10 08:46:16 - [MESSAGE][PASSED] - Object: 'Object Repository/1-OBJECTS TAREAS PRINCIPALES/Modulo Tarea Listado Hojas de Vida/Tareas Listado Hojas de Vida/span_Listado de Empleados' is clicked on

2022-06-10 08:46:16 - [MESSAGE][PASSED] - Call Test Case 'Test Cases/Utilidades-(atajos_para _tareas)/Tareas Administracion Compensacion/Tarea Listado Empleados' successfully

2022-06-10 08:46:16 - [TEST_STEP][PASSED] - waitForElementClickable(findTestObject("1-OBJECTS TAREAS PRINCIPALES/Modulo Tarea Compensacion/Solicitud certificado/input_Identificacin_listadoEmp"), 0): Object 'Object Repository/1-OBJECTS TAREAS PRINCIPALES/Modulo Tarea Compensacion/Solicitud certificado/input_Identificacin_listadoEmp' is clickable

2022-06-10 08:46:16 - [MESSAGE][WARNING] - Timeout '0' is invalid. Using default page load timeout: '37'

2022-06-10 08:46:17 - [MESSAGE][PASSED] - Object 'Object Repository/1-OBJECTS TAREAS PRINCIPALES/Modulo Tarea Compensacion/Solicitud certificado/input_Identificacin_listadoEmp' is clickable

2022-06-10 08:46:17 - [TEST_STEP][PASSED] - setText(findTestObject("1-OBJECTS TAREAS PRINCIPALES/Modulo Tarea Compensacion/Solicitud certificado/input_Identificacin_listadoEmp"), "354968431354"): Text '354968431354' is set on object 'Object Repository/1-OBJECTS TAREAS PRINCIPALES/Modulo Tarea Compensacion/Solicitud certificado/input_Identificacin_listadoEmp'

2022-06-10 08:46:18 - [MESSAGE][PASSED] - Text '354968431354' is set on object 'Object Repository/1-OBJECTS TAREAS PRINCIPALES/Modulo Tarea Compensacion/Solicitud certificado/input_Identificacin_listadoEmp'

2022-06-10 08:46:18 - [TEST_STEP][PASSED] - sendKeys(findTestObject("1-OBJECTS TAREAS PRINCIPALES/Modulo Tarea Compensacion/Solicitud certificado/input_Identificacin_listadoEmp"), Keys.chord(ENTER)): Keys 'ENTER + ' sent to object: 'Object Repository/1-OBJECTS TAREAS PRINCIPALES/Modulo Tarea Compensacion/Solicitud certificado/input_Identificacin_listadoEmp'

2022-06-10 08:46:18 - [MESSAGE][PASSED] - Keys 'ENTER + ' sent to object: 'Object Repository/1-OBJECTS TAREAS PRINCIPALES/Modulo Tarea Compensacion/Solicitud certificado/input_Identificacin_listadoEmp'

2022-06-10 08:46:18 - [TEST_STEP][PASSED] - click(findTestObject("1-OBJECTS TAREAS PRINCIPALES/Modulo Tarea Compensacion/Solicitud certificado/span_CONSTA BELFEGORD JHON")): Object: 'Object Repository/1-OBJECTS TAREAS PRINCIPALES/Modulo Tarea Compensacion/Solicitud certificado/span_CONSTA BELFEGORD JHON' is clicked on

2022-06-10 08:46:19 - [MESSAGE][PASSED] - Object: 'Object Repository/1-OBJECTS TAREAS PRINCIPALES/Modulo Tarea Compensacion/Solicitud certificado/span_CONSTA BELFEGORD JHON' is clicked on

2022-06-10 08:46:19 - [TEST_STEP][PASSED] - click(findTestObject("1-OBJECTS TAREAS PRINCIPALES/Modulo Tarea Compensacion/Solicitud certificado/a_Solicitud")): Object: 'Object Repository/1-OBJECTS TAREAS PRINCIPALES/Modulo Tarea Compensacion/Solicitud certificado/a_Solicitud' is clicked on

2022-06-10 08:46:21 - [MESSAGE][PASSED] - Object: 'Object Repository/1-OBJECTS TAREAS PRINCIPALES/Modulo Tarea Compensacion/Solicitud certificado/a_Solicitud' is clicked on

2022-06-10 08:46:21 - [TEST_STEP][PASSED] - if (waitForElementClickable(findTestObject("1-OBJECTS TAREAS PRINCIPALES/Modulo Tarea Compensacion/Solicitud certificado/span_Certificado Personal Planta_ preexistente"), 1)): null

2022-06-10 08:46:21 - [MESSAGE][PASSED] - Object 'Object Repository/1-OBJECTS TAREAS PRINCIPALES/Modulo Tarea Compensacion/Solicitud certificado/span_Certificado Personal Planta_ preexistente' is clickable

2022-06-10 08:46:21 - [TEST_STEP][PASSED] - click(findTestObject("1-OBJECTS TAREAS PRINCIPALES/Modulo Tarea Compensacion/Solicitud certificado/span_Certificado Personal Planta_ preexistente")): Object: 'Object Repository/1-OBJECTS TAREAS PRINCIPALES/Modulo Tarea Compensacion/Solicitud certificado/span_Certificado Personal Planta_ preexistente' is clicked on

2022-06-10 08:46:22 - [MESSAGE][PASSED] - Object: 'Object Repository/1-OBJECTS TAREAS PRINCIPALES/Modulo Tarea Compensacion/Solicitud certificado/span_Certificado Personal Planta_ preexistente' is clicked on

2022-06-10 08:46:22 - [TEST_STEP][PASSED] - waitForElementClickable(findTestObject("1-OBJECTS TAREAS PRINCIPALES/Modulo Tarea Compensacion/Solicitud certificado/a_Eliminar"), 0): Object 'Object Repository/1-OBJECTS TAREAS PRINCIPALES/Modulo Tarea Compensacion/Solicitud certificado/a_Eliminar' is clickable

2022-06-10 08:46:22 - [MESSAGE][WARNING] - Timeout '0' is invalid. Using default page load timeout: '37'

2022-06-10 08:46:23 - [MESSAGE][PASSED] - Object 'Object Repository/1-OBJECTS TAREAS PRINCIPALES/Modulo Tarea Compensacion/Solicitud certificado/a_Eliminar' is clickable

2022-06-10 08:46:23 - [TEST_STEP][PASSED] - click(findTestObject("1-OBJECTS TAREAS PRINCIPALES/Modulo Tarea Compensacion/Solicitud certificado/a_Eliminar")): Object: 'Object Repository/1-OBJECTS TAREAS PRINCIPALES/Modulo Tarea Compensacion/Solicitud certificado/a_Eliminar' is clicked on

2022-06-10 08:46:23 - [MESSAGE][PASSED] - Object: 'Object Repository/1-OBJECTS TAREAS PRINCIPALES/Modulo Tarea Compensacion/Solicitud certificado/a_Eliminar' is clicked on

2022-06-10 08:46:23 - [TEST_STEP][PASSED] - click(findTestObject("1-OBJECTS TAREAS PRINCIPALES/Modulo Tarea Compensacion/Solicitud certificado/span_Si")): Object: 'Object Repository/1-OBJECTS TAREAS PRINCIPALES/Modulo Tarea Compensacion/Solicitud certificado/span_Si' is clicked on

2022-06-10 08:46:24 - [MESSAGE][PASSED] - Object: 'Object Repository/1-OBJECTS TAREAS PRINCIPALES/Modulo Tarea Compensacion/Solicitud certificado/span_Si' is clicked on

2022-06-10 08:46:24 - [TEST_STEP][PASSED] - click(findTestObject("1-OBJECTS TAREAS PRINCIPALES/Modulo Tarea Compensacion/Solicitud certificado/span_Prueba")): Object: 'Object Repository/1-OBJECTS TAREAS PRINCIPALES/Modulo Tarea Compensacion/Solicitud certificado/span_Prueba' is clicked on

2022-06-10 08:46:25 - [MESSAGE][PASSED] - Object: 'Object Repository/1-OBJECTS TAREAS PRINCIPALES/Modulo Tarea Compensacion/Solicitud certificado/span_Prueba' is clicked on

2022-06-10 08:46:25 - [TEST_STEP][PASSED] - waitForElementClickable(findTestObject("1-OBJECTS TAREAS PRINCIPALES/Modulo Tarea Compensacion/Solicitud certificado/a_Acta De Grado   Diploma_form_solicitudesEmpleadolistaDocumentos0j_idt2892"), 0): Object 'Object Repository/1-OBJECTS TAREAS PRINCIPALES/Modulo Tarea Compensacion/Solicitud certificado/a_Acta De Grado   Diploma_form_solicitudesEmpleadolistaDocumentos0j_idt2892' is clickable

2022-06-10 08:46:25 - [MESSAGE][WARNING] - Timeout '0' is invalid. Using default page load timeout: '37'

2022-06-10 08:46:25 - [MESSAGE][PASSED] - Object 'Object Repository/1-OBJECTS TAREAS PRINCIPALES/Modulo Tarea Compensacion/Solicitud certificado/a_Acta De Grado   Diploma_form_solicitudesEmpleadolistaDocumentos0j_idt2892' is clickable

2022-06-10 08:46:25 - [TEST_STEP][PASSED] - click(findTestObject("1-OBJECTS TAREAS PRINCIPALES/Modulo Tarea Compensacion/Solicitud certificado/a_Acta De Grado   Diploma_form_solicitudesEmpleadolistaDocumentos0j_idt2892")): Object: 'Object Repository/1-OBJECTS TAREAS PRINCIPALES/Modulo Tarea Compensacion/Solicitud certificado/a_Acta De Grado   Diploma_form_solicitudesEmpleadolistaDocumentos0j_idt2892' is clicked on

2022-06-10 08:46:26 - [MESSAGE][PASSED] - Object: 'Object Repository/1-OBJECTS TAREAS PRINCIPALES/Modulo Tarea Compensacion/Solicitud certificado/a_Acta De Grado   Diploma_form_solicitudesEmpleadolistaDocumentos0j_idt2892' is clicked on

2022-06-10 08:46:26 - [TEST_STEP][PASSED] - waitForElementClickable(findTestObject("1-OBJECTS TAREAS PRINCIPALES/Modulo Tarea Compensacion/Solicitud certificado/input_Se ha cargado el archivo_popupDocumentoNovedad"), 0): Object 'Object Repository/1-OBJECTS TAREAS PRINCIPALES/Modulo Tarea Compensacion/Solicitud certificado/input_Se ha cargado el archivo_popupDocumentoNovedad' is clickable

2022-06-10 08:46:26 - [MESSAGE][WARNING] - Timeout '0' is invalid. Using default page load timeout: '37'

2022-06-10 08:46:27 - [MESSAGE][PASSED] - Object 'Object Repository/1-OBJECTS TAREAS PRINCIPALES/Modulo Tarea Compensacion/Solicitud certificado/input_Se ha cargado el archivo_popupDocumentoNovedad' is clickable

2022-06-10 08:46:27 - [TEST_STEP][PASSED] - ruta = G_rutaarchivos + "certificado_personal_planta.txt": null

2022-06-10 08:46:27 - [TEST_STEP][PASSED] - uploadFile(findTestObject("1-OBJECTS TAREAS PRINCIPALES/Modulo Tarea Compensacion/Solicitud certificado/input_Se ha cargado el archivo_popupDocumentoNovedad"), ruta): File 'E:\unionweb14\certificado_personal_planta.txt' sent to object: 'Object Repository/1-OBJECTS TAREAS PRINCIPALES/Modulo Tarea Compensacion/Solicitud certificado/input_Se ha cargado el archivo_popupDocumentoNovedad'

2022-06-10 08:46:27 - [MESSAGE][PASSED] - File 'E:\unionweb14\certificado_personal_planta.txt' sent to object: 'Object Repository/1-OBJECTS TAREAS PRINCIPALES/Modulo Tarea Compensacion/Solicitud certificado/input_Se ha cargado el archivo_popupDocumentoNovedad'

2022-06-10 08:46:27 - [TEST_STEP][PASSED] - waitForElementClickable(findTestObject("1-OBJECTS TAREAS PRINCIPALES/Modulo Tarea Compensacion/Solicitud certificado/input_Vigencia_popupDocumentoNovedad"), 0): Object 'Object Repository/1-OBJECTS TAREAS PRINCIPALES/Modulo Tarea Compensacion/Solicitud certificado/input_Vigencia_popupDocumentoNovedad' is clickable

2022-06-10 08:46:27 - [MESSAGE][WARNING] - Timeout '0' is invalid. Using default page load timeout: '37'

2022-06-10 08:46:28 - [MESSAGE][PASSED] - Object 'Object Repository/1-OBJECTS TAREAS PRINCIPALES/Modulo Tarea Compensacion/Solicitud certificado/input_Vigencia_popupDocumentoNovedad' is clickable

2022-06-10 08:46:28 - [TEST_STEP][PASSED] - setText(findTestObject("1-OBJECTS TAREAS PRINCIPALES/Modulo Tarea Compensacion/Solicitud certificado/input_Vigencia_popupDocumentoNovedad"), "01/07/2021"): Text '01/07/2021' is set on object 'Object Repository/1-OBJECTS TAREAS PRINCIPALES/Modulo Tarea Compensacion/Solicitud certificado/input_Vigencia_popupDocumentoNovedad'

2022-06-10 08:46:28 - [MESSAGE][PASSED] - Text '01/07/2021' is set on object 'Object Repository/1-OBJECTS TAREAS PRINCIPALES/Modulo Tarea Compensacion/Solicitud certificado/input_Vigencia_popupDocumentoNovedad'

2022-06-10 08:46:28 - [TEST_STEP][PASSED] - sendKeys(findTestObject("1-OBJECTS TAREAS PRINCIPALES/Modulo Tarea Compensacion/Solicitud certificado/input_Vigencia_popupDocumentoNovedad_formvigencia_input"), Keys.chord(ESCAPE)): Keys 'ESCAPE + ' sent to object: 'Object Repository/1-OBJECTS TAREAS PRINCIPALES/Modulo Tarea Compensacion/Solicitud certificado/input_Vigencia_popupDocumentoNovedad_formvigencia_input'

2022-06-10 08:46:29 - [MESSAGE][PASSED] - Keys 'ESCAPE + ' sent to object: 'Object Repository/1-OBJECTS TAREAS PRINCIPALES/Modulo Tarea Compensacion/Solicitud certificado/input_Vigencia_popupDocumentoNovedad_formvigencia_input'

2022-06-10 08:46:29 - [TEST_STEP][PASSED] - setText(findTestObject("1-OBJECTS TAREAS PRINCIPALES/Modulo Tarea Compensacion/Solicitud certificado/textarea_Observacin_popupDocumentoNovedad_formobservacion"), "PRUEBA"): Text 'PRUEBA' is set on object 'Object Repository/1-OBJECTS TAREAS PRINCIPALES/Modulo Tarea Compensacion/Solicitud certificado/textarea_Observacin_popupDocumentoNovedad_formobservacion'

2022-06-10 08:46:30 - [MESSAGE][PASSED] - Text 'PRUEBA' is set on object 'Object Repository/1-OBJECTS TAREAS PRINCIPALES/Modulo Tarea Compensacion/Solicitud certificado/textarea_Observacin_popupDocumentoNovedad_formobservacion'

2022-06-10 08:46:30 - [TEST_STEP][PASSED] - click(findTestObject("1-OBJECTS TAREAS PRINCIPALES/Modulo Tarea Compensacion/Solicitud certificado/a_Guardar_Solicitud")): Object: 'Object Repository/1-OBJECTS TAREAS PRINCIPALES/Modulo Tarea Compensacion/Solicitud certificado/a_Guardar_Solicitud' is clicked on

2022-06-10 08:46:30 - [MESSAGE][PASSED] - Object: 'Object Repository/1-OBJECTS TAREAS PRINCIPALES/Modulo Tarea Compensacion/Solicitud certificado/a_Guardar_Solicitud' is clicked on

2022-06-10 08:46:30 - [TEST_STEP][PASSED] - waitForElementClickable(findTestObject("1-OBJECTS TAREAS PRINCIPALES/Modulo Tarea Compensacion/Solicitud certificado/a_Guardar"), 0): Object 'Object Repository/1-OBJECTS TAREAS PRINCIPALES/Modulo Tarea Compensacion/Solicitud certificado/a_Guardar' is clickable

2022-06-10 08:46:30 - [MESSAGE][WARNING] - Timeout '0' is invalid. Using default page load timeout: '37'

2022-06-10 08:46:31 - [MESSAGE][PASSED] - Object 'Object Repository/1-OBJECTS TAREAS PRINCIPALES/Modulo Tarea Compensacion/Solicitud certificado/a_Guardar' is clickable

2022-06-10 08:46:31 - [TEST_STEP][PASSED] - click(findTestObject("1-OBJECTS TAREAS PRINCIPALES/Modulo Tarea Compensacion/Solicitud certificado/a_Guardar")): Object: 'Object Repository/1-OBJECTS TAREAS PRINCIPALES/Modulo Tarea Compensacion/Solicitud certificado/a_Guardar' is clicked on

2022-06-10 08:46:31 - [MESSAGE][PASSED] - Object: 'Object Repository/1-OBJECTS TAREAS PRINCIPALES/Modulo Tarea Compensacion/Solicitud certificado/a_Guardar' is clicked on

2022-06-10 08:46:31 - [TEST_STEP][PASSED] - Alerta = getText(findTestObject("3-OBJECTS UTILIDADES/Alerta/Alerta")): Text of object 'Object Repository/3-OBJECTS UTILIDADES/Alerta/Alerta' is: 'SE PROCESARÁ SU SOLICITUD'

2022-06-10 08:46:32 - [MESSAGE][PASSED] - Text of object 'Object Repository/3-OBJECTS UTILIDADES/Alerta/Alerta' is: 'SE PROCESARÁ SU SOLICITUD'

2022-06-10 08:46:32 - [TEST_STEP][PASSED] - if (Alerta == "SE PROCESARÁ SU SOLICITUD"): Browser is closed

2022-06-10 08:46:32 - [TEST_STEP][PASSED] - closeBrowser(): Browser is closed

2022-06-10 08:46:33 - [MESSAGE][PASSED] - Browser is closed]]></system-out>
         <system-err><![CDATA[]]></system-err>
      </testcase>
      <testcase name="Test Cases/1.1-Tareas Principales/1.2.6-Legalizar Solicitud Nov Empleado" time="88.905" classname="Test Cases/1.1-Tareas Principales/1.2.6-Legalizar Solicitud Nov Empleado" status="FAILED">
         <failure type="FAILED" message="Test Cases/1.1-Tareas Principales/1.2.6-Legalizar Solicitud Nov Empleado FAILED.
Reason:
com.kms.katalon.core.exception.StepFailedException: Call Test Case 'Test Cases/1.1-Tareas Principales/1.2.3-Legalizar Licencia Remunerada' failed
	at com.kms.katalon.core.keyword.builtin.CallTestCaseKeyword$_callTestCase_closure1.doCall(CallTestCaseKeyword.groovy:63)
	at com.kms.katalon.core.keyword.builtin.CallTestCaseKeyword$_callTestCase_closure1.call(CallTestCaseKeyword.groovy)
	at com.kms.katalon.core.keyword.internal.KeywordMain.runKeyword(KeywordMain.groovy:74)
	at com.kms.katalon.core.keyword.builtin.CallTestCaseKeyword.callTestCase(CallTestCaseKeyword.groovy:81)
	at com.kms.katalon.core.keyword.builtin.CallTestCaseKeyword.execute(CallTestCaseKeyword.groovy:44)
	at com.kms.katalon.core.keyword.internal.KeywordExecutor.executeKeywordForPlatform(KeywordExecutor.groovy:74)
	at com.kms.katalon.core.keyword.BuiltinKeywords.callTestCase(BuiltinKeywords.groovy:334)
	at 1.2.6-Legalizar Solicitud Nov Empleado.run(1.2.6-Legalizar Solicitud Nov Empleado:40)
	at com.kms.katalon.core.main.ScriptEngine.run(ScriptEngine.java:194)
	at com.kms.katalon.core.main.ScriptEngine.runScriptAsRawText(ScriptEngine.java:119)
	at com.kms.katalon.core.main.TestCaseExecutor.runScript(TestCaseExecutor.java:445)
	at com.kms.katalon.core.main.TestCaseExecutor.doExecute(TestCaseExecutor.java:436)
	at com.kms.katalon.core.main.TestCaseExecutor.processExecutionPhase(TestCaseExecutor.java:415)
	at com.kms.katalon.core.main.TestCaseExecutor.accessMainPhase(TestCaseExecutor.java:407)
	at com.kms.katalon.core.main.TestCaseExecutor.execute(TestCaseExecutor.java:284)
	at com.kms.katalon.core.common.CommonExecutor.accessTestCaseMainPhase(CommonExecutor.java:65)
	at com.kms.katalon.core.main.TestSuiteExecutor.accessTestSuiteMainPhase(TestSuiteExecutor.java:144)
	at com.kms.katalon.core.main.TestSuiteExecutor.execute(TestSuiteExecutor.java:106)
	at com.kms.katalon.core.main.TestCaseMain.startTestSuite(TestCaseMain.java:185)
	at com.kms.katalon.core.main.TestCaseMain$startTestSuite$0.call(Unknown Source)
	at TempTestSuite1654867643956.run(TempTestSuite1654867643956.groovy:36)
Caused by: com.kms.katalon.core.exception.StepFailedException: Unable to get text of object 'Object Repository/3-OBJECTS UTILIDADES/Alerta/Alerta'
	at com.kms.katalon.core.webui.keyword.internal.WebUIKeywordMain.stepFailed(WebUIKeywordMain.groovy:64)
	at com.kms.katalon.core.webui.keyword.internal.WebUIKeywordMain.runKeyword(WebUIKeywordMain.groovy:26)
	at com.kms.katalon.core.webui.keyword.builtin.GetTextKeyword.getText(GetTextKeyword.groovy:88)
	at com.kms.katalon.core.webui.keyword.builtin.GetTextKeyword.execute(GetTextKeyword.groovy:67)
	at com.kms.katalon.core.keyword.internal.KeywordExecutor.executeKeywordForPlatform(KeywordExecutor.groovy:74)
	at com.kms.katalon.core.webui.keyword.WebUiBuiltInKeywords.getText(WebUiBuiltInKeywords.groovy:918)
	at com.kms.katalon.core.webui.keyword.WebUiBuiltInKeywords$getText$13.call(Unknown Source)
	at 1.2.3-Legalizar Licencia Remunerada.run(1.2.3-Legalizar Licencia Remunerada:90)
	at com.kms.katalon.core.main.ScriptEngine.run(ScriptEngine.java:194)
	at com.kms.katalon.core.main.ScriptEngine.runScriptAsRawText(ScriptEngine.java:119)
	at com.kms.katalon.core.main.TestCaseExecutor.runScript(TestCaseExecutor.java:445)
	at com.kms.katalon.core.main.TestCaseExecutor.doExecute(TestCaseExecutor.java:436)
	at com.kms.katalon.core.main.TestCaseExecutor.processExecutionPhase(TestCaseExecutor.java:415)
	at com.kms.katalon.core.main.TestCaseExecutor.accessMainPhase(TestCaseExecutor.java:407)
	at com.kms.katalon.core.main.TestCaseExecutor.execute(TestCaseExecutor.java:284)
	at com.kms.katalon.core.main.TestCaseMain.runTestCase(TestCaseMain.java:142)
	at com.kms.katalon.core.keyword.builtin.CallTestCaseKeyword$_callTestCase_closure1.doCall(CallTestCaseKeyword.groovy:59)
	... 20 more
Caused by: com.kms.katalon.core.webui.exception.WebElementNotFoundException: Web element with id: 'Object Repository/3-OBJECTS UTILIDADES/Alerta/Alerta' located by '//div[@id='growl_container']/div/div/div[2]/p' not found
	at com.kms.katalon.core.webui.common.WebUiCommonHelper.findWebElement(WebUiCommonHelper.java:1370)
	at com.kms.katalon.core.webui.keyword.internal.WebUIAbstractKeyword.findWebElement(WebUIAbstractKeyword.groovy:27)
	at com.kms.katalon.core.webui.keyword.internal.WebUIAbstractKeyword.findWebElement(WebUIAbstractKeyword.groovy:26)
	at com.kms.katalon.core.webui.keyword.builtin.GetTextKeyword$_getText_closure1.doCall(GetTextKeyword.groovy:78)
	at com.kms.katalon.core.webui.keyword.builtin.GetTextKeyword$_getText_closure1.call(GetTextKeyword.groovy)
	at com.kms.katalon.core.webui.keyword.internal.WebUIKeywordMain.runKeyword(WebUIKeywordMain.groovy:20)
	... 35 more
"/>
         <system-out><![CDATA[2022-06-10 08:46:33 - [TEST_CASE][FAILED] - Test Cases/1.1-Tareas Principales/1.2.6-Legalizar Solicitud Nov Empleado: Test Cases/1.1-Tareas Principales/1.2.6-Legalizar Solicitud Nov Empleado FAILED.
Reason:
com.kms.katalon.core.exception.StepFailedException: Call Test Case 'Test Cases/1.1-Tareas Principales/1.2.3-Legalizar Licencia Remunerada' failed
	at com.kms.katalon.core.keyword.builtin.CallTestCaseKeyword$_callTestCase_closure1.doCall(CallTestCaseKeyword.groovy:63)
	at com.kms.katalon.core.keyword.builtin.CallTestCaseKeyword$_callTestCase_closure1.call(CallTestCaseKeyword.groovy)
	at com.kms.katalon.core.keyword.internal.KeywordMain.runKeyword(KeywordMain.groovy:74)
	at com.kms.katalon.core.keyword.builtin.CallTestCaseKeyword.callTestCase(CallTestCaseKeyword.groovy:81)
	at com.kms.katalon.core.keyword.builtin.CallTestCaseKeyword.execute(CallTestCaseKeyword.groovy:44)
	at com.kms.katalon.core.keyword.internal.KeywordExecutor.executeKeywordForPlatform(KeywordExecutor.groovy:74)
	at com.kms.katalon.core.keyword.BuiltinKeywords.callTestCase(BuiltinKeywords.groovy:334)
	at 1.2.6-Legalizar Solicitud Nov Empleado.run(1.2.6-Legalizar Solicitud Nov Empleado:40)
	at com.kms.katalon.core.main.ScriptEngine.run(ScriptEngine.java:194)
	at com.kms.katalon.core.main.ScriptEngine.runScriptAsRawText(ScriptEngine.java:119)
	at com.kms.katalon.core.main.TestCaseExecutor.runScript(TestCaseExecutor.java:445)
	at com.kms.katalon.core.main.TestCaseExecutor.doExecute(TestCaseExecutor.java:436)
	at com.kms.katalon.core.main.TestCaseExecutor.processExecutionPhase(TestCaseExecutor.java:415)
	at com.kms.katalon.core.main.TestCaseExecutor.accessMainPhase(TestCaseExecutor.java:407)
	at com.kms.katalon.core.main.TestCaseExecutor.execute(TestCaseExecutor.java:284)
	at com.kms.katalon.core.common.CommonExecutor.accessTestCaseMainPhase(CommonExecutor.java:65)
	at com.kms.katalon.core.main.TestSuiteExecutor.accessTestSuiteMainPhase(TestSuiteExecutor.java:144)
	at com.kms.katalon.core.main.TestSuiteExecutor.execute(TestSuiteExecutor.java:106)
	at com.kms.katalon.core.main.TestCaseMain.startTestSuite(TestCaseMain.java:185)
	at com.kms.katalon.core.main.TestCaseMain$startTestSuite$0.call(Unknown Source)
	at TempTestSuite1654867643956.run(TempTestSuite1654867643956.groovy:36)
Caused by: com.kms.katalon.core.exception.StepFailedException: Unable to get text of object 'Object Repository/3-OBJECTS UTILIDADES/Alerta/Alerta'
	at com.kms.katalon.core.webui.keyword.internal.WebUIKeywordMain.stepFailed(WebUIKeywordMain.groovy:64)
	at com.kms.katalon.core.webui.keyword.internal.WebUIKeywordMain.runKeyword(WebUIKeywordMain.groovy:26)
	at com.kms.katalon.core.webui.keyword.builtin.GetTextKeyword.getText(GetTextKeyword.groovy:88)
	at com.kms.katalon.core.webui.keyword.builtin.GetTextKeyword.execute(GetTextKeyword.groovy:67)
	at com.kms.katalon.core.keyword.internal.KeywordExecutor.executeKeywordForPlatform(KeywordExecutor.groovy:74)
	at com.kms.katalon.core.webui.keyword.WebUiBuiltInKeywords.getText(WebUiBuiltInKeywords.groovy:918)
	at com.kms.katalon.core.webui.keyword.WebUiBuiltInKeywords$getText$13.call(Unknown Source)
	at 1.2.3-Legalizar Licencia Remunerada.run(1.2.3-Legalizar Licencia Remunerada:90)
	at com.kms.katalon.core.main.ScriptEngine.run(ScriptEngine.java:194)
	at com.kms.katalon.core.main.ScriptEngine.runScriptAsRawText(ScriptEngine.java:119)
	at com.kms.katalon.core.main.TestCaseExecutor.runScript(TestCaseExecutor.java:445)
	at com.kms.katalon.core.main.TestCaseExecutor.doExecute(TestCaseExecutor.java:436)
	at com.kms.katalon.core.main.TestCaseExecutor.processExecutionPhase(TestCaseExecutor.java:415)
	at com.kms.katalon.core.main.TestCaseExecutor.accessMainPhase(TestCaseExecutor.java:407)
	at com.kms.katalon.core.main.TestCaseExecutor.execute(TestCaseExecutor.java:284)
	at com.kms.katalon.core.main.TestCaseMain.runTestCase(TestCaseMain.java:142)
	at com.kms.katalon.core.keyword.builtin.CallTestCaseKeyword$_callTestCase_closure1.doCall(CallTestCaseKeyword.groovy:59)
	... 20 more
Caused by: com.kms.katalon.core.webui.exception.WebElementNotFoundException: Web element with id: 'Object Repository/3-OBJECTS UTILIDADES/Alerta/Alerta' located by '//div[@id='growl_container']/div/div/div[2]/p' not found
	at com.kms.katalon.core.webui.common.WebUiCommonHelper.findWebElement(WebUiCommonHelper.java:1370)
	at com.kms.katalon.core.webui.keyword.internal.WebUIAbstractKeyword.findWebElement(WebUIAbstractKeyword.groovy:27)
	at com.kms.katalon.core.webui.keyword.internal.WebUIAbstractKeyword.findWebElement(WebUIAbstractKeyword.groovy:26)
	at com.kms.katalon.core.webui.keyword.builtin.GetTextKeyword$_getText_closure1.doCall(GetTextKeyword.groovy:78)
	at com.kms.katalon.core.webui.keyword.builtin.GetTextKeyword$_getText_closure1.call(GetTextKeyword.groovy)
	at com.kms.katalon.core.webui.keyword.internal.WebUIKeywordMain.runKeyword(WebUIKeywordMain.groovy:20)
	... 35 more


2022-06-10 08:46:33 - [TEST_STEP][PASSED] - callTestCase(findTestCase("Utilidades-(atajos_para _tareas)/Tareas Administracion Compensacion/Tarea Aplicacion Nov. Empleado"), [:], STOP_ON_FAILURE): Call Test Case 'Test Cases/Utilidades-(atajos_para _tareas)/Tareas Administracion Compensacion/Tarea Aplicacion Nov. Empleado' successfully

2022-06-10 08:46:33 - [TEST_CASE][PASSED] - Test Cases/Utilidades-(atajos_para _tareas)/Tareas Administracion Compensacion/Tarea Aplicacion Nov. Empleado: Test Cases/Utilidades-(atajos_para _tareas)/Tareas Administracion Compensacion/Tarea Aplicacion Nov. Empleado

2022-06-10 08:46:34 - [TEST_STEP][PASSED] - callTestCase(findTestCase("0.1-Login"), [:], STOP_ON_FAILURE): Call Test Case 'Test Cases/0.1-Login' successfully

2022-06-10 08:46:34 - [TEST_CASE][PASSED] - Test Cases/0.1-Login: Test Cases/0.1-Login

2022-06-10 08:46:34 - [TEST_STEP][PASSED] - openBrowser(""): Browser is opened with url: ''

2022-06-10 08:46:34 - [MESSAGE][INFO] - Starting 'Chrome' driver

2022-06-10 08:46:34 - [MESSAGE][INFO] - Action delay is set to 0 milliseconds

2022-06-10 08:46:35 - [MESSAGE][PASSED] - Browser is opened with url: ''

2022-06-10 08:46:35 - [TEST_STEP][PASSED] - maximizeWindow(): Current window maximized

2022-06-10 08:46:35 - [MESSAGE][PASSED] - Current window maximized

2022-06-10 08:46:35 - [TEST_STEP][PASSED] - i = G_Login: null

2022-06-10 08:46:35 - [TEST_STEP][PASSED] - url = new java.net.URL(i): null

2022-06-10 08:46:35 - [TEST_STEP][PASSED] - println("URL: " + url.toString()): null

2022-06-10 08:46:35 - [TEST_STEP][PASSED] - connection = url.openConnection(): null

2022-06-10 08:46:35 - [TEST_STEP][PASSED] - connection.setRequestMethod("GET"): null

2022-06-10 08:46:35 - [TEST_STEP][PASSED] - connection.setReadTimeout(2 * 1000): null

2022-06-10 08:46:35 - [TEST_STEP][PASSED] - try: null

2022-06-10 08:46:35 - [TEST_STEP][PASSED] - connection.connect(): null

2022-06-10 08:46:35 - [TEST_STEP][PASSED] - flag = connected: null

2022-06-10 08:46:35 - [TEST_STEP][PASSED] - println("Valor_ori: " + flag): null

2022-06-10 08:46:35 - [TEST_STEP][PASSED] - if (flag): null

2022-06-10 08:46:35 - [TEST_STEP][PASSED] - navigateToUrl(i): Navigate to 'http://192.168.2.19:8380/saraweb' successfully

2022-06-10 08:46:35 - [MESSAGE][PASSED] - Navigate to 'http://192.168.2.19:8380/saraweb' successfully

2022-06-10 08:46:35 - [TEST_STEP][PASSED] - a(): null

2022-06-10 08:46:35 - [TEST_STEP][PASSED] - setText(findTestObject("3-OBJECTS UTILIDADES/Login/input_USUARIO_loginusuario"), G_Usuario): Text 'saraadmin' is set on object 'Object Repository/3-OBJECTS UTILIDADES/Login/input_USUARIO_loginusuario'

2022-06-10 08:46:36 - [MESSAGE][PASSED] - Text 'saraadmin' is set on object 'Object Repository/3-OBJECTS UTILIDADES/Login/input_USUARIO_loginusuario'

2022-06-10 08:46:36 - [TEST_STEP][PASSED] - setEncryptedText(findTestObject("3-OBJECTS UTILIDADES/Login/input_CLAVE_loginpassword"), "MkG4/TYiCFC3cb2driP7+Q=="): Text ****** has been set on object 'Object Repository/3-OBJECTS UTILIDADES/Login/input_CLAVE_loginpassword'

2022-06-10 08:46:37 - [MESSAGE][PASSED] - Text ****** has been set on object 'Object Repository/3-OBJECTS UTILIDADES/Login/input_CLAVE_loginpassword'

2022-06-10 08:46:37 - [TEST_STEP][PASSED] - waitForElementClickable(findTestObject("3-OBJECTS UTILIDADES/Login/a_Ingresar"), G_TimeOut): Object 'Object Repository/3-OBJECTS UTILIDADES/Login/a_Ingresar' is clickable

2022-06-10 08:46:37 - [MESSAGE][PASSED] - Object 'Object Repository/3-OBJECTS UTILIDADES/Login/a_Ingresar' is clickable

2022-06-10 08:46:37 - [TEST_STEP][PASSED] - click(findTestObject("3-OBJECTS UTILIDADES/Login/a_Ingresar")): Object: 'Object Repository/3-OBJECTS UTILIDADES/Login/a_Ingresar' is clicked on

2022-06-10 08:46:38 - [MESSAGE][PASSED] - Object: 'Object Repository/3-OBJECTS UTILIDADES/Login/a_Ingresar' is clicked on

2022-06-10 08:46:38 - [TEST_STEP][PASSED] - element = findWebElement(findTestObject("3-OBJECTS UTILIDADES/Login/a_Ir"), 30): null

2022-06-10 08:46:38 - [TEST_STEP][PASSED] - executeJavaScript("arguments[0].click()", Arrays.asList(element)): Execute JavaScript 'arguments[0].click()' successfully

2022-06-10 08:46:38 - [MESSAGE][PASSED] - Execute JavaScript 'arguments[0].click()' successfully

2022-06-10 08:46:38 - [MESSAGE][PASSED] - Call Test Case 'Test Cases/0.1-Login' successfully

2022-06-10 08:46:38 - [TEST_STEP][PASSED] - waitForElementVisible(findTestObject("1-OBJECTS TAREAS PRINCIPALES/Modulo Tarea Compensacion/Tarea Aplicacion Nov. Empleado/input_Listado Hojas De Vida_form_templatej_idt24_input"), 0): Object 'Object Repository/1-OBJECTS TAREAS PRINCIPALES/Modulo Tarea Compensacion/Tarea Aplicacion Nov. Empleado/input_Listado Hojas De Vida_form_templatej_idt24_input' is visible

2022-06-10 08:46:38 - [MESSAGE][WARNING] - Timeout '0' is invalid. Using default page load timeout: '37'

2022-06-10 08:46:39 - [MESSAGE][PASSED] - Object 'Object Repository/1-OBJECTS TAREAS PRINCIPALES/Modulo Tarea Compensacion/Tarea Aplicacion Nov. Empleado/input_Listado Hojas De Vida_form_templatej_idt24_input' is visible

2022-06-10 08:46:39 - [TEST_STEP][PASSED] - setText(findTestObject("1-OBJECTS TAREAS PRINCIPALES/Modulo Tarea Compensacion/Tarea Aplicacion Nov. Empleado/input_Listado Hojas De Vida_form_templatej_idt24_input"), "Aplicacion Nov. Empleado"): Text 'Aplicacion Nov. Empleado' is set on object 'Object Repository/1-OBJECTS TAREAS PRINCIPALES/Modulo Tarea Compensacion/Tarea Aplicacion Nov. Empleado/input_Listado Hojas De Vida_form_templatej_idt24_input'

2022-06-10 08:46:40 - [MESSAGE][PASSED] - Text 'Aplicacion Nov. Empleado' is set on object 'Object Repository/1-OBJECTS TAREAS PRINCIPALES/Modulo Tarea Compensacion/Tarea Aplicacion Nov. Empleado/input_Listado Hojas De Vida_form_templatej_idt24_input'

2022-06-10 08:46:40 - [TEST_STEP][PASSED] - waitForElementVisible(findTestObject("1-OBJECTS TAREAS PRINCIPALES/Modulo Tarea Compensacion/Tarea Aplicacion Nov. Empleado/span_Tarea Aplicacion Nov"), 0): Object 'Object Repository/1-OBJECTS TAREAS PRINCIPALES/Modulo Tarea Compensacion/Tarea Aplicacion Nov. Empleado/span_Tarea Aplicacion Nov' is visible

2022-06-10 08:46:40 - [MESSAGE][WARNING] - Timeout '0' is invalid. Using default page load timeout: '37'

2022-06-10 08:46:41 - [MESSAGE][PASSED] - Object 'Object Repository/1-OBJECTS TAREAS PRINCIPALES/Modulo Tarea Compensacion/Tarea Aplicacion Nov. Empleado/span_Tarea Aplicacion Nov' is visible

2022-06-10 08:46:41 - [TEST_STEP][PASSED] - click(findTestObject("1-OBJECTS TAREAS PRINCIPALES/Modulo Tarea Compensacion/Tarea Aplicacion Nov. Empleado/span_Tarea Aplicacion Nov"), STOP_ON_FAILURE): Object: 'Object Repository/1-OBJECTS TAREAS PRINCIPALES/Modulo Tarea Compensacion/Tarea Aplicacion Nov. Empleado/span_Tarea Aplicacion Nov' is clicked on

2022-06-10 08:46:41 - [MESSAGE][PASSED] - Object: 'Object Repository/1-OBJECTS TAREAS PRINCIPALES/Modulo Tarea Compensacion/Tarea Aplicacion Nov. Empleado/span_Tarea Aplicacion Nov' is clicked on

2022-06-10 08:46:41 - [MESSAGE][PASSED] - Call Test Case 'Test Cases/Utilidades-(atajos_para _tareas)/Tareas Administracion Compensacion/Tarea Aplicacion Nov. Empleado' successfully

2022-06-10 08:46:41 - [TEST_STEP][PASSED] - waitForElementClickable(findTestObject("1-OBJECTS TAREAS PRINCIPALES/Modulo Tarea Compensacion/Legalizar Solicitud Nov Empelado/a_Ausentismo_Por Autorizar"), 0): Object 'Object Repository/1-OBJECTS TAREAS PRINCIPALES/Modulo Tarea Compensacion/Legalizar Solicitud Nov Empelado/a_Ausentismo_Por Autorizar' is clickable

2022-06-10 08:46:41 - [MESSAGE][WARNING] - Timeout '0' is invalid. Using default page load timeout: '37'

2022-06-10 08:46:43 - [MESSAGE][PASSED] - Object 'Object Repository/1-OBJECTS TAREAS PRINCIPALES/Modulo Tarea Compensacion/Legalizar Solicitud Nov Empelado/a_Ausentismo_Por Autorizar' is clickable

2022-06-10 08:46:43 - [TEST_STEP][PASSED] - click(findTestObject("1-OBJECTS TAREAS PRINCIPALES/Modulo Tarea Compensacion/Legalizar Solicitud Nov Empelado/a_Ausentismo_Por Autorizar")): Object: 'Object Repository/1-OBJECTS TAREAS PRINCIPALES/Modulo Tarea Compensacion/Legalizar Solicitud Nov Empelado/a_Ausentismo_Por Autorizar' is clicked on

2022-06-10 08:46:44 - [MESSAGE][PASSED] - Object: 'Object Repository/1-OBJECTS TAREAS PRINCIPALES/Modulo Tarea Compensacion/Legalizar Solicitud Nov Empelado/a_Ausentismo_Por Autorizar' is clicked on

2022-06-10 08:46:44 - [TEST_STEP][PASSED] - if (waitForElementClickable(findTestObject("1-OBJECTS TAREAS PRINCIPALES/Modulo Tarea Compensacion/Legalizar Solicitud Nov Empelado/span_Consta Belfegord . Jhon"), 1)): Web element with id: 'Object Repository/1-OBJECTS TAREAS PRINCIPALES/Modulo Tarea Compensacion/Legalizar Solicitud Nov Empelado/span_Consta Belfegord . Jhon' located by '//*/text()[normalize-space(.)='Constantino . Jhon']/parent::*' not found

2022-06-10 08:46:46 - [MESSAGE][INFO] - Unable to find the element located by 'By.xpath: //*/text()[normalize-space(.)='Constantino . Jhon']/parent::*'. Please recheck the objects properties to make sure the desired element is located. 

2022-06-10 08:46:46 - [MESSAGE][WARNING] - Web element with id: 'Object Repository/1-OBJECTS TAREAS PRINCIPALES/Modulo Tarea Compensacion/Legalizar Solicitud Nov Empelado/span_Consta Belfegord . Jhon' located by '//*/text()[normalize-space(.)='Constantino . Jhon']/parent::*' not found

2022-06-10 08:46:46 - [TEST_STEP][FAILED] - else: Unable to call Test Case 'Test Cases/1.1-Tareas Principales/1.2.3-Legalizar Licencia Remunerada' (Root cause: com.kms.katalon.core.exception.StepFailedException: Call Test Case 'Test Cases/1.1-Tareas Principales/1.2.3-Legalizar Licencia Remunerada' failed
	at com.kms.katalon.core.keyword.builtin.CallTestCaseKeyword$_callTestCase_closure1.doCall(CallTestCaseKeyword.groovy:63)
	at com.kms.katalon.core.keyword.builtin.CallTestCaseKeyword$_callTestCase_closure1.call(CallTestCaseKeyword.groovy)
	at com.kms.katalon.core.keyword.internal.KeywordMain.runKeyword(KeywordMain.groovy:74)
	at com.kms.katalon.core.keyword.builtin.CallTestCaseKeyword.callTestCase(CallTestCaseKeyword.groovy:81)
	at com.kms.katalon.core.keyword.builtin.CallTestCaseKeyword.execute(CallTestCaseKeyword.groovy:44)
	at com.kms.katalon.core.keyword.internal.KeywordExecutor.executeKeywordForPlatform(KeywordExecutor.groovy:74)
	at com.kms.katalon.core.keyword.BuiltinKeywords.callTestCase(BuiltinKeywords.groovy:334)
	at 1.2.6-Legalizar Solicitud Nov Empleado.run(1.2.6-Legalizar Solicitud Nov Empleado:40)
	at com.kms.katalon.core.main.ScriptEngine.run(ScriptEngine.java:194)
	at com.kms.katalon.core.main.ScriptEngine.runScriptAsRawText(ScriptEngine.java:119)
	at com.kms.katalon.core.main.TestCaseExecutor.runScript(TestCaseExecutor.java:445)
	at com.kms.katalon.core.main.TestCaseExecutor.doExecute(TestCaseExecutor.java:436)
	at com.kms.katalon.core.main.TestCaseExecutor.processExecutionPhase(TestCaseExecutor.java:415)
	at com.kms.katalon.core.main.TestCaseExecutor.accessMainPhase(TestCaseExecutor.java:407)
	at com.kms.katalon.core.main.TestCaseExecutor.execute(TestCaseExecutor.java:284)
	at com.kms.katalon.core.common.CommonExecutor.accessTestCaseMainPhase(CommonExecutor.java:65)
	at com.kms.katalon.core.main.TestSuiteExecutor.accessTestSuiteMainPhase(TestSuiteExecutor.java:144)
	at com.kms.katalon.core.main.TestSuiteExecutor.execute(TestSuiteExecutor.java:106)
	at com.kms.katalon.core.main.TestCaseMain.startTestSuite(TestCaseMain.java:185)
	at com.kms.katalon.core.main.TestCaseMain$startTestSuite$0.call(Unknown Source)
	at TempTestSuite1654867643956.run(TempTestSuite1654867643956.groovy:36)
Caused by: com.kms.katalon.core.exception.StepFailedException: Unable to get text of object 'Object Repository/3-OBJECTS UTILIDADES/Alerta/Alerta'
	at com.kms.katalon.core.webui.keyword.internal.WebUIKeywordMain.stepFailed(WebUIKeywordMain.groovy:64)
	at com.kms.katalon.core.webui.keyword.internal.WebUIKeywordMain.runKeyword(WebUIKeywordMain.groovy:26)
	at com.kms.katalon.core.webui.keyword.builtin.GetTextKeyword.getText(GetTextKeyword.groovy:88)
	at com.kms.katalon.core.webui.keyword.builtin.GetTextKeyword.execute(GetTextKeyword.groovy:67)
	at com.kms.katalon.core.keyword.internal.KeywordExecutor.executeKeywordForPlatform(KeywordExecutor.groovy:74)
	at com.kms.katalon.core.webui.keyword.WebUiBuiltInKeywords.getText(WebUiBuiltInKeywords.groovy:918)
	at com.kms.katalon.core.webui.keyword.WebUiBuiltInKeywords$getText$13.call(Unknown Source)
	at 1.2.3-Legalizar Licencia Remunerada.run(1.2.3-Legalizar Licencia Remunerada:90)
	at com.kms.katalon.core.main.ScriptEngine.run(ScriptEngine.java:194)
	at com.kms.katalon.core.main.ScriptEngine.runScriptAsRawText(ScriptEngine.java:119)
	at com.kms.katalon.core.main.TestCaseExecutor.runScript(TestCaseExecutor.java:445)
	at com.kms.katalon.core.main.TestCaseExecutor.doExecute(TestCaseExecutor.java:436)
	at com.kms.katalon.core.main.TestCaseExecutor.processExecutionPhase(TestCaseExecutor.java:415)
	at com.kms.katalon.core.main.TestCaseExecutor.accessMainPhase(TestCaseExecutor.java:407)
	at com.kms.katalon.core.main.TestCaseExecutor.execute(TestCaseExecutor.java:284)
	at com.kms.katalon.core.main.TestCaseMain.runTestCase(TestCaseMain.java:142)
	at com.kms.katalon.core.keyword.builtin.CallTestCaseKeyword$_callTestCase_closure1.doCall(CallTestCaseKeyword.groovy:59)
	... 20 more
Caused by: com.kms.katalon.core.webui.exception.WebElementNotFoundException: Web element with id: 'Object Repository/3-OBJECTS UTILIDADES/Alerta/Alerta' located by '//div[@id='growl_container']/div/div/div[2]/p' not found
	at com.kms.katalon.core.webui.common.WebUiCommonHelper.findWebElement(WebUiCommonHelper.java:1370)
	at com.kms.katalon.core.webui.keyword.internal.WebUIAbstractKeyword.findWebElement(WebUIAbstractKeyword.groovy:27)
	at com.kms.katalon.core.webui.keyword.internal.WebUIAbstractKeyword.findWebElement(WebUIAbstractKeyword.groovy:26)
	at com.kms.katalon.core.webui.keyword.builtin.GetTextKeyword$_getText_closure1.doCall(GetTextKeyword.groovy:78)
	at com.kms.katalon.core.webui.keyword.builtin.GetTextKeyword$_getText_closure1.call(GetTextKeyword.groovy)
	at com.kms.katalon.core.webui.keyword.internal.WebUIKeywordMain.runKeyword(WebUIKeywordMain.groovy:20)
	... 35 more
)

2022-06-10 08:46:46 - [TEST_STEP][FAILED] - callTestCase(findTestCase("1.1-Tareas Principales/1.2.3-Legalizar Licencia Remunerada"), [:], STOP_ON_FAILURE): Unable to call Test Case 'Test Cases/1.1-Tareas Principales/1.2.3-Legalizar Licencia Remunerada' (Root cause: com.kms.katalon.core.exception.StepFailedException: Call Test Case 'Test Cases/1.1-Tareas Principales/1.2.3-Legalizar Licencia Remunerada' failed
	at com.kms.katalon.core.keyword.builtin.CallTestCaseKeyword$_callTestCase_closure1.doCall(CallTestCaseKeyword.groovy:63)
	at com.kms.katalon.core.keyword.builtin.CallTestCaseKeyword$_callTestCase_closure1.call(CallTestCaseKeyword.groovy)
	at com.kms.katalon.core.keyword.internal.KeywordMain.runKeyword(KeywordMain.groovy:74)
	at com.kms.katalon.core.keyword.builtin.CallTestCaseKeyword.callTestCase(CallTestCaseKeyword.groovy:81)
	at com.kms.katalon.core.keyword.builtin.CallTestCaseKeyword.execute(CallTestCaseKeyword.groovy:44)
	at com.kms.katalon.core.keyword.internal.KeywordExecutor.executeKeywordForPlatform(KeywordExecutor.groovy:74)
	at com.kms.katalon.core.keyword.BuiltinKeywords.callTestCase(BuiltinKeywords.groovy:334)
	at 1.2.6-Legalizar Solicitud Nov Empleado.run(1.2.6-Legalizar Solicitud Nov Empleado:40)
	at com.kms.katalon.core.main.ScriptEngine.run(ScriptEngine.java:194)
	at com.kms.katalon.core.main.ScriptEngine.runScriptAsRawText(ScriptEngine.java:119)
	at com.kms.katalon.core.main.TestCaseExecutor.runScript(TestCaseExecutor.java:445)
	at com.kms.katalon.core.main.TestCaseExecutor.doExecute(TestCaseExecutor.java:436)
	at com.kms.katalon.core.main.TestCaseExecutor.processExecutionPhase(TestCaseExecutor.java:415)
	at com.kms.katalon.core.main.TestCaseExecutor.accessMainPhase(TestCaseExecutor.java:407)
	at com.kms.katalon.core.main.TestCaseExecutor.execute(TestCaseExecutor.java:284)
	at com.kms.katalon.core.common.CommonExecutor.accessTestCaseMainPhase(CommonExecutor.java:65)
	at com.kms.katalon.core.main.TestSuiteExecutor.accessTestSuiteMainPhase(TestSuiteExecutor.java:144)
	at com.kms.katalon.core.main.TestSuiteExecutor.execute(TestSuiteExecutor.java:106)
	at com.kms.katalon.core.main.TestCaseMain.startTestSuite(TestCaseMain.java:185)
	at com.kms.katalon.core.main.TestCaseMain$startTestSuite$0.call(Unknown Source)
	at TempTestSuite1654867643956.run(TempTestSuite1654867643956.groovy:36)
Caused by: com.kms.katalon.core.exception.StepFailedException: Unable to get text of object 'Object Repository/3-OBJECTS UTILIDADES/Alerta/Alerta'
	at com.kms.katalon.core.webui.keyword.internal.WebUIKeywordMain.stepFailed(WebUIKeywordMain.groovy:64)
	at com.kms.katalon.core.webui.keyword.internal.WebUIKeywordMain.runKeyword(WebUIKeywordMain.groovy:26)
	at com.kms.katalon.core.webui.keyword.builtin.GetTextKeyword.getText(GetTextKeyword.groovy:88)
	at com.kms.katalon.core.webui.keyword.builtin.GetTextKeyword.execute(GetTextKeyword.groovy:67)
	at com.kms.katalon.core.keyword.internal.KeywordExecutor.executeKeywordForPlatform(KeywordExecutor.groovy:74)
	at com.kms.katalon.core.webui.keyword.WebUiBuiltInKeywords.getText(WebUiBuiltInKeywords.groovy:918)
	at com.kms.katalon.core.webui.keyword.WebUiBuiltInKeywords$getText$13.call(Unknown Source)
	at 1.2.3-Legalizar Licencia Remunerada.run(1.2.3-Legalizar Licencia Remunerada:90)
	at com.kms.katalon.core.main.ScriptEngine.run(ScriptEngine.java:194)
	at com.kms.katalon.core.main.ScriptEngine.runScriptAsRawText(ScriptEngine.java:119)
	at com.kms.katalon.core.main.TestCaseExecutor.runScript(TestCaseExecutor.java:445)
	at com.kms.katalon.core.main.TestCaseExecutor.doExecute(TestCaseExecutor.java:436)
	at com.kms.katalon.core.main.TestCaseExecutor.processExecutionPhase(TestCaseExecutor.java:415)
	at com.kms.katalon.core.main.TestCaseExecutor.accessMainPhase(TestCaseExecutor.java:407)
	at com.kms.katalon.core.main.TestCaseExecutor.execute(TestCaseExecutor.java:284)
	at com.kms.katalon.core.main.TestCaseMain.runTestCase(TestCaseMain.java:142)
	at com.kms.katalon.core.keyword.builtin.CallTestCaseKeyword$_callTestCase_closure1.doCall(CallTestCaseKeyword.groovy:59)
	... 20 more
Caused by: com.kms.katalon.core.webui.exception.WebElementNotFoundException: Web element with id: 'Object Repository/3-OBJECTS UTILIDADES/Alerta/Alerta' located by '//div[@id='growl_container']/div/div/div[2]/p' not found
	at com.kms.katalon.core.webui.common.WebUiCommonHelper.findWebElement(WebUiCommonHelper.java:1370)
	at com.kms.katalon.core.webui.keyword.internal.WebUIAbstractKeyword.findWebElement(WebUIAbstractKeyword.groovy:27)
	at com.kms.katalon.core.webui.keyword.internal.WebUIAbstractKeyword.findWebElement(WebUIAbstractKeyword.groovy:26)
	at com.kms.katalon.core.webui.keyword.builtin.GetTextKeyword$_getText_closure1.doCall(GetTextKeyword.groovy:78)
	at com.kms.katalon.core.webui.keyword.builtin.GetTextKeyword$_getText_closure1.call(GetTextKeyword.groovy)
	at com.kms.katalon.core.webui.keyword.internal.WebUIKeywordMain.runKeyword(WebUIKeywordMain.groovy:20)
	... 35 more
)

2022-06-10 08:46:46 - [TEST_CASE][FAILED] - Test Cases/1.1-Tareas Principales/1.2.3-Legalizar Licencia Remunerada: Test Cases/1.1-Tareas Principales/1.2.3-Legalizar Licencia Remunerada FAILED.
Reason:
com.kms.katalon.core.exception.StepFailedException: Unable to get text of object 'Object Repository/3-OBJECTS UTILIDADES/Alerta/Alerta'
	at com.kms.katalon.core.webui.keyword.internal.WebUIKeywordMain.stepFailed(WebUIKeywordMain.groovy:64)
	at com.kms.katalon.core.webui.keyword.internal.WebUIKeywordMain.runKeyword(WebUIKeywordMain.groovy:26)
	at com.kms.katalon.core.webui.keyword.builtin.GetTextKeyword.getText(GetTextKeyword.groovy:88)
	at com.kms.katalon.core.webui.keyword.builtin.GetTextKeyword.execute(GetTextKeyword.groovy:67)
	at com.kms.katalon.core.keyword.internal.KeywordExecutor.executeKeywordForPlatform(KeywordExecutor.groovy:74)
	at com.kms.katalon.core.webui.keyword.WebUiBuiltInKeywords.getText(WebUiBuiltInKeywords.groovy:918)
	at com.kms.katalon.core.webui.keyword.WebUiBuiltInKeywords$getText$13.call(Unknown Source)
	at 1.2.3-Legalizar Licencia Remunerada.run(1.2.3-Legalizar Licencia Remunerada:90)
	at com.kms.katalon.core.main.ScriptEngine.run(ScriptEngine.java:194)
	at com.kms.katalon.core.main.ScriptEngine.runScriptAsRawText(ScriptEngine.java:119)
	at com.kms.katalon.core.main.TestCaseExecutor.runScript(TestCaseExecutor.java:445)
	at com.kms.katalon.core.main.TestCaseExecutor.doExecute(TestCaseExecutor.java:436)
	at com.kms.katalon.core.main.TestCaseExecutor.processExecutionPhase(TestCaseExecutor.java:415)
	at com.kms.katalon.core.main.TestCaseExecutor.accessMainPhase(TestCaseExecutor.java:407)
	at com.kms.katalon.core.main.TestCaseExecutor.execute(TestCaseExecutor.java:284)
	at com.kms.katalon.core.main.TestCaseMain.runTestCase(TestCaseMain.java:142)
	at com.kms.katalon.core.keyword.builtin.CallTestCaseKeyword$_callTestCase_closure1.doCall(CallTestCaseKeyword.groovy:59)
	at com.kms.katalon.core.keyword.builtin.CallTestCaseKeyword$_callTestCase_closure1.call(CallTestCaseKeyword.groovy)
	at com.kms.katalon.core.keyword.internal.KeywordMain.runKeyword(KeywordMain.groovy:74)
	at com.kms.katalon.core.keyword.builtin.CallTestCaseKeyword.callTestCase(CallTestCaseKeyword.groovy:81)
	at com.kms.katalon.core.keyword.builtin.CallTestCaseKeyword.execute(CallTestCaseKeyword.groovy:44)
	at com.kms.katalon.core.keyword.internal.KeywordExecutor.executeKeywordForPlatform(KeywordExecutor.groovy:74)
	at com.kms.katalon.core.keyword.BuiltinKeywords.callTestCase(BuiltinKeywords.groovy:334)
	at 1.2.6-Legalizar Solicitud Nov Empleado.run(1.2.6-Legalizar Solicitud Nov Empleado:40)
	at com.kms.katalon.core.main.ScriptEngine.run(ScriptEngine.java:194)
	at com.kms.katalon.core.main.ScriptEngine.runScriptAsRawText(ScriptEngine.java:119)
	at com.kms.katalon.core.main.TestCaseExecutor.runScript(TestCaseExecutor.java:445)
	at com.kms.katalon.core.main.TestCaseExecutor.doExecute(TestCaseExecutor.java:436)
	at com.kms.katalon.core.main.TestCaseExecutor.processExecutionPhase(TestCaseExecutor.java:415)
	at com.kms.katalon.core.main.TestCaseExecutor.accessMainPhase(TestCaseExecutor.java:407)
	at com.kms.katalon.core.main.TestCaseExecutor.execute(TestCaseExecutor.java:284)
	at com.kms.katalon.core.common.CommonExecutor.accessTestCaseMainPhase(CommonExecutor.java:65)
	at com.kms.katalon.core.main.TestSuiteExecutor.accessTestSuiteMainPhase(TestSuiteExecutor.java:144)
	at com.kms.katalon.core.main.TestSuiteExecutor.execute(TestSuiteExecutor.java:106)
	at com.kms.katalon.core.main.TestCaseMain.startTestSuite(TestCaseMain.java:185)
	at com.kms.katalon.core.main.TestCaseMain$startTestSuite$0.call(Unknown Source)
	at TempTestSuite1654867643956.run(TempTestSuite1654867643956.groovy:36)
Caused by: com.kms.katalon.core.webui.exception.WebElementNotFoundException: Web element with id: 'Object Repository/3-OBJECTS UTILIDADES/Alerta/Alerta' located by '//div[@id='growl_container']/div/div/div[2]/p' not found
	at com.kms.katalon.core.webui.common.WebUiCommonHelper.findWebElement(WebUiCommonHelper.java:1370)
	at com.kms.katalon.core.webui.keyword.internal.WebUIAbstractKeyword.findWebElement(WebUIAbstractKeyword.groovy:27)
	at com.kms.katalon.core.webui.keyword.internal.WebUIAbstractKeyword.findWebElement(WebUIAbstractKeyword.groovy:26)
	at com.kms.katalon.core.webui.keyword.builtin.GetTextKeyword$_getText_closure1.doCall(GetTextKeyword.groovy:78)
	at com.kms.katalon.core.webui.keyword.builtin.GetTextKeyword$_getText_closure1.call(GetTextKeyword.groovy)
	at com.kms.katalon.core.webui.keyword.internal.WebUIKeywordMain.runKeyword(WebUIKeywordMain.groovy:20)
	... 35 more


2022-06-10 08:46:46 - [TEST_STEP][PASSED] - callTestCase(findTestCase("Utilidades-(atajos_para _tareas)/Tareas Administracion Compensacion/Tarea Listado Empleados"), [:], STOP_ON_FAILURE): Call Test Case 'Test Cases/Utilidades-(atajos_para _tareas)/Tareas Administracion Compensacion/Tarea Listado Empleados' successfully

2022-06-10 08:46:46 - [TEST_CASE][PASSED] - Test Cases/Utilidades-(atajos_para _tareas)/Tareas Administracion Compensacion/Tarea Listado Empleados: Test Cases/Utilidades-(atajos_para _tareas)/Tareas Administracion Compensacion/Tarea Listado Empleados

2022-06-10 08:46:46 - [TEST_STEP][PASSED] - callTestCase(findTestCase("0.1-Login"), [:], STOP_ON_FAILURE): Call Test Case 'Test Cases/0.1-Login' successfully

2022-06-10 08:46:46 - [TEST_CASE][PASSED] - Test Cases/0.1-Login: Test Cases/0.1-Login

2022-06-10 08:46:46 - [TEST_STEP][PASSED] - openBrowser(""): Browser is opened with url: ''

2022-06-10 08:46:46 - [MESSAGE][WARNING] - A browser is already opened. Closing browser and opening a new one

2022-06-10 08:46:47 - [MESSAGE][INFO] - Starting 'Chrome' driver

2022-06-10 08:46:47 - [MESSAGE][INFO] - Action delay is set to 0 milliseconds

2022-06-10 08:46:48 - [MESSAGE][PASSED] - Browser is opened with url: ''

2022-06-10 08:46:48 - [TEST_STEP][PASSED] - maximizeWindow(): Current window maximized

2022-06-10 08:46:48 - [MESSAGE][PASSED] - Current window maximized

2022-06-10 08:46:48 - [TEST_STEP][PASSED] - i = G_Login: null

2022-06-10 08:46:48 - [TEST_STEP][PASSED] - url = new java.net.URL(i): null

2022-06-10 08:46:48 - [TEST_STEP][PASSED] - println("URL: " + url.toString()): null

2022-06-10 08:46:48 - [TEST_STEP][PASSED] - connection = url.openConnection(): null

2022-06-10 08:46:48 - [TEST_STEP][PASSED] - connection.setRequestMethod("GET"): null

2022-06-10 08:46:48 - [TEST_STEP][PASSED] - connection.setReadTimeout(2 * 1000): null

2022-06-10 08:46:48 - [TEST_STEP][PASSED] - try: null

2022-06-10 08:46:48 - [TEST_STEP][PASSED] - connection.connect(): null

2022-06-10 08:46:48 - [TEST_STEP][PASSED] - flag = connected: null

2022-06-10 08:46:48 - [TEST_STEP][PASSED] - println("Valor_ori: " + flag): null

2022-06-10 08:46:48 - [TEST_STEP][PASSED] - if (flag): null

2022-06-10 08:46:48 - [TEST_STEP][PASSED] - navigateToUrl(i): Navigate to 'http://192.168.2.19:8380/saraweb' successfully

2022-06-10 08:46:49 - [MESSAGE][PASSED] - Navigate to 'http://192.168.2.19:8380/saraweb' successfully

2022-06-10 08:46:49 - [TEST_STEP][PASSED] - a(): null

2022-06-10 08:46:49 - [TEST_STEP][PASSED] - setText(findTestObject("3-OBJECTS UTILIDADES/Login/input_USUARIO_loginusuario"), G_Usuario): Text 'saraadmin' is set on object 'Object Repository/3-OBJECTS UTILIDADES/Login/input_USUARIO_loginusuario'

2022-06-10 08:46:49 - [MESSAGE][PASSED] - Text 'saraadmin' is set on object 'Object Repository/3-OBJECTS UTILIDADES/Login/input_USUARIO_loginusuario'

2022-06-10 08:46:49 - [TEST_STEP][PASSED] - setEncryptedText(findTestObject("3-OBJECTS UTILIDADES/Login/input_CLAVE_loginpassword"), "MkG4/TYiCFC3cb2driP7+Q=="): Text ****** has been set on object 'Object Repository/3-OBJECTS UTILIDADES/Login/input_CLAVE_loginpassword'

2022-06-10 08:46:50 - [MESSAGE][PASSED] - Text ****** has been set on object 'Object Repository/3-OBJECTS UTILIDADES/Login/input_CLAVE_loginpassword'

2022-06-10 08:46:50 - [TEST_STEP][PASSED] - waitForElementClickable(findTestObject("3-OBJECTS UTILIDADES/Login/a_Ingresar"), G_TimeOut): Object 'Object Repository/3-OBJECTS UTILIDADES/Login/a_Ingresar' is clickable

2022-06-10 08:46:50 - [MESSAGE][PASSED] - Object 'Object Repository/3-OBJECTS UTILIDADES/Login/a_Ingresar' is clickable

2022-06-10 08:46:50 - [TEST_STEP][PASSED] - click(findTestObject("3-OBJECTS UTILIDADES/Login/a_Ingresar")): Object: 'Object Repository/3-OBJECTS UTILIDADES/Login/a_Ingresar' is clicked on

2022-06-10 08:46:51 - [MESSAGE][PASSED] - Object: 'Object Repository/3-OBJECTS UTILIDADES/Login/a_Ingresar' is clicked on

2022-06-10 08:46:51 - [TEST_STEP][PASSED] - element = findWebElement(findTestObject("3-OBJECTS UTILIDADES/Login/a_Ir"), 30): null

2022-06-10 08:46:51 - [TEST_STEP][PASSED] - executeJavaScript("arguments[0].click()", Arrays.asList(element)): Execute JavaScript 'arguments[0].click()' successfully

2022-06-10 08:46:51 - [MESSAGE][PASSED] - Execute JavaScript 'arguments[0].click()' successfully

2022-06-10 08:46:51 - [MESSAGE][PASSED] - Call Test Case 'Test Cases/0.1-Login' successfully

2022-06-10 08:46:51 - [TEST_STEP][PASSED] - setText(findTestObject("1-OBJECTS TAREAS PRINCIPALES/Modulo Tarea Listado Hojas de Vida/Tareas Listado Hojas de Vida/input_Listado Hojas De Vida_form_templatej_idt24_input"), "Listado de Empleados"): Text 'Listado de Empleados' is set on object 'Object Repository/1-OBJECTS TAREAS PRINCIPALES/Modulo Tarea Listado Hojas de Vida/Tareas Listado Hojas de Vida/input_Listado Hojas De Vida_form_templatej_idt24_input'

2022-06-10 08:46:52 - [MESSAGE][PASSED] - Text 'Listado de Empleados' is set on object 'Object Repository/1-OBJECTS TAREAS PRINCIPALES/Modulo Tarea Listado Hojas de Vida/Tareas Listado Hojas de Vida/input_Listado Hojas De Vida_form_templatej_idt24_input'

2022-06-10 08:46:52 - [TEST_STEP][PASSED] - waitForElementVisible(findTestObject("1-OBJECTS TAREAS PRINCIPALES/Modulo Tarea Listado Hojas de Vida/Tareas Listado Hojas de Vida/span_Listado de Empleados"), 0): Object 'Object Repository/1-OBJECTS TAREAS PRINCIPALES/Modulo Tarea Listado Hojas de Vida/Tareas Listado Hojas de Vida/span_Listado de Empleados' is visible

2022-06-10 08:46:53 - [MESSAGE][WARNING] - Timeout '0' is invalid. Using default page load timeout: '37'

2022-06-10 08:46:54 - [MESSAGE][PASSED] - Object 'Object Repository/1-OBJECTS TAREAS PRINCIPALES/Modulo Tarea Listado Hojas de Vida/Tareas Listado Hojas de Vida/span_Listado de Empleados' is visible

2022-06-10 08:46:54 - [TEST_STEP][PASSED] - click(findTestObject("1-OBJECTS TAREAS PRINCIPALES/Modulo Tarea Listado Hojas de Vida/Tareas Listado Hojas de Vida/span_Listado de Empleados")): Object: 'Object Repository/1-OBJECTS TAREAS PRINCIPALES/Modulo Tarea Listado Hojas de Vida/Tareas Listado Hojas de Vida/span_Listado de Empleados' is clicked on

2022-06-10 08:46:54 - [MESSAGE][PASSED] - Object: 'Object Repository/1-OBJECTS TAREAS PRINCIPALES/Modulo Tarea Listado Hojas de Vida/Tareas Listado Hojas de Vida/span_Listado de Empleados' is clicked on

2022-06-10 08:46:54 - [MESSAGE][PASSED] - Call Test Case 'Test Cases/Utilidades-(atajos_para _tareas)/Tareas Administracion Compensacion/Tarea Listado Empleados' successfully

2022-06-10 08:46:54 - [TEST_STEP][PASSED] - waitForElementClickable(findTestObject("1-OBJECTS TAREAS PRINCIPALES/Modulo Tarea Compensacion/Legalizar licencia Remunerada/input_Identificacin_listadoEmp"), 0): Object 'Object Repository/1-OBJECTS TAREAS PRINCIPALES/Modulo Tarea Compensacion/Legalizar licencia Remunerada/input_Identificacin_listadoEmp' is clickable

2022-06-10 08:46:54 - [MESSAGE][WARNING] - Timeout '0' is invalid. Using default page load timeout: '37'

2022-06-10 08:46:55 - [MESSAGE][PASSED] - Object 'Object Repository/1-OBJECTS TAREAS PRINCIPALES/Modulo Tarea Compensacion/Legalizar licencia Remunerada/input_Identificacin_listadoEmp' is clickable

2022-06-10 08:46:55 - [TEST_STEP][PASSED] - setText(findTestObject("1-OBJECTS TAREAS PRINCIPALES/Modulo Tarea Compensacion/Legalizar licencia Remunerada/input_Identificacin_listadoEmp"), "354968431354"): Text '354968431354' is set on object 'Object Repository/1-OBJECTS TAREAS PRINCIPALES/Modulo Tarea Compensacion/Legalizar licencia Remunerada/input_Identificacin_listadoEmp'

2022-06-10 08:46:56 - [MESSAGE][PASSED] - Text '354968431354' is set on object 'Object Repository/1-OBJECTS TAREAS PRINCIPALES/Modulo Tarea Compensacion/Legalizar licencia Remunerada/input_Identificacin_listadoEmp'

2022-06-10 08:46:56 - [TEST_STEP][PASSED] - sendKeys(findTestObject("1-OBJECTS TAREAS PRINCIPALES/Modulo Tarea Compensacion/Legalizar licencia Remunerada/input_Identificacin_listadoEmp"), Keys.chord(ENTER)): Keys 'ENTER + ' sent to object: 'Object Repository/1-OBJECTS TAREAS PRINCIPALES/Modulo Tarea Compensacion/Legalizar licencia Remunerada/input_Identificacin_listadoEmp'

2022-06-10 08:46:56 - [MESSAGE][PASSED] - Keys 'ENTER + ' sent to object: 'Object Repository/1-OBJECTS TAREAS PRINCIPALES/Modulo Tarea Compensacion/Legalizar licencia Remunerada/input_Identificacin_listadoEmp'

2022-06-10 08:46:56 - [TEST_STEP][PASSED] - click(findTestObject("1-OBJECTS TAREAS PRINCIPALES/Modulo Tarea Compensacion/Legalizar licencia Remunerada/span_CONSTA BELFEGORD JHON")): Object: 'Object Repository/1-OBJECTS TAREAS PRINCIPALES/Modulo Tarea Compensacion/Legalizar licencia Remunerada/span_CONSTA BELFEGORD JHON' is clicked on

2022-06-10 08:46:57 - [MESSAGE][PASSED] - Object: 'Object Repository/1-OBJECTS TAREAS PRINCIPALES/Modulo Tarea Compensacion/Legalizar licencia Remunerada/span_CONSTA BELFEGORD JHON' is clicked on

2022-06-10 08:46:57 - [TEST_STEP][PASSED] - click(findTestObject("1-OBJECTS TAREAS PRINCIPALES/Modulo Tarea Compensacion/Legalizar licencia Remunerada/span_Licencia")): Object: 'Object Repository/1-OBJECTS TAREAS PRINCIPALES/Modulo Tarea Compensacion/Legalizar licencia Remunerada/span_Licencia' is clicked on

2022-06-10 08:46:57 - [MESSAGE][PASSED] - Object: 'Object Repository/1-OBJECTS TAREAS PRINCIPALES/Modulo Tarea Compensacion/Legalizar licencia Remunerada/span_Licencia' is clicked on

2022-06-10 08:46:57 - [TEST_STEP][PASSED] - if (waitForElementClickable(findTestObject("1-OBJECTS TAREAS PRINCIPALES/Modulo Tarea Compensacion/Legalizar licencia Remunerada/td_Licencia Remunerada"), 1)): Web element with id: 'Object Repository/1-OBJECTS TAREAS PRINCIPALES/Modulo Tarea Compensacion/Legalizar licencia Remunerada/td_Licencia Remunerada' located by '//*/text()[normalize-space(.)='Licencia Remunerada']/parent::*' not found

2022-06-10 08:47:00 - [MESSAGE][INFO] - Unable to find the element located by 'By.xpath: //*/text()[normalize-space(.)='Licencia Remunerada']/parent::*'. Please recheck the objects properties to make sure the desired element is located. 

2022-06-10 08:47:00 - [MESSAGE][WARNING] - Web element with id: 'Object Repository/1-OBJECTS TAREAS PRINCIPALES/Modulo Tarea Compensacion/Legalizar licencia Remunerada/td_Licencia Remunerada' located by '//*/text()[normalize-space(.)='Licencia Remunerada']/parent::*' not found

2022-06-10 08:47:00 - [TEST_STEP][PASSED] - click(findTestObject("1-OBJECTS TAREAS PRINCIPALES/Modulo Tarea Compensacion/Legalizar licencia Remunerada/a_Histrico")): Object: 'Object Repository/1-OBJECTS TAREAS PRINCIPALES/Modulo Tarea Compensacion/Legalizar licencia Remunerada/a_Histrico' is clicked on

2022-06-10 08:47:00 - [MESSAGE][PASSED] - Object: 'Object Repository/1-OBJECTS TAREAS PRINCIPALES/Modulo Tarea Compensacion/Legalizar licencia Remunerada/a_Histrico' is clicked on

2022-06-10 08:47:00 - [TEST_STEP][PASSED] - if (waitForElementClickable(findTestObject("1-OBJECTS TAREAS PRINCIPALES/Modulo Tarea Compensacion/Legalizar licencia Remunerada/span_Licencia Remunerada_Historico"), 1)): Web element with id: 'Object Repository/1-OBJECTS TAREAS PRINCIPALES/Modulo Tarea Compensacion/Legalizar licencia Remunerada/span_Licencia Remunerada_Historico' located by '//*/text()[normalize-space(.)='Licencia Remunerada']/parent::*' not found

2022-06-10 08:47:02 - [MESSAGE][INFO] - Unable to find the element located by 'By.xpath: //*/text()[normalize-space(.)='Licencia Remunerada']/parent::*'. Please recheck the objects properties to make sure the desired element is located. 

2022-06-10 08:47:02 - [MESSAGE][WARNING] - Web element with id: 'Object Repository/1-OBJECTS TAREAS PRINCIPALES/Modulo Tarea Compensacion/Legalizar licencia Remunerada/span_Licencia Remunerada_Historico' located by '//*/text()[normalize-space(.)='Licencia Remunerada']/parent::*' not found

2022-06-10 08:47:02 - [TEST_STEP][PASSED] - waitForElementClickable(findTestObject("1-OBJECTS TAREAS PRINCIPALES/Modulo Tarea Compensacion/Legalizar licencia Remunerada/a_Licencia_Pestaa"), 0): Object 'Object Repository/1-OBJECTS TAREAS PRINCIPALES/Modulo Tarea Compensacion/Legalizar licencia Remunerada/a_Licencia_Pestaa' is clickable

2022-06-10 08:47:02 - [MESSAGE][WARNING] - Timeout '0' is invalid. Using default page load timeout: '37'

2022-06-10 08:47:03 - [MESSAGE][PASSED] - Object 'Object Repository/1-OBJECTS TAREAS PRINCIPALES/Modulo Tarea Compensacion/Legalizar licencia Remunerada/a_Licencia_Pestaa' is clickable

2022-06-10 08:47:03 - [TEST_STEP][PASSED] - click(findTestObject("1-OBJECTS TAREAS PRINCIPALES/Modulo Tarea Compensacion/Legalizar licencia Remunerada/a_Licencia_Pestaa")): Object: 'Object Repository/1-OBJECTS TAREAS PRINCIPALES/Modulo Tarea Compensacion/Legalizar licencia Remunerada/a_Licencia_Pestaa' is clicked on

2022-06-10 08:47:03 - [MESSAGE][PASSED] - Object: 'Object Repository/1-OBJECTS TAREAS PRINCIPALES/Modulo Tarea Compensacion/Legalizar licencia Remunerada/a_Licencia_Pestaa' is clicked on

2022-06-10 08:47:03 - [TEST_STEP][PASSED] - if (waitForElementClickable(findTestObject("1-OBJECTS TAREAS PRINCIPALES/Modulo Tarea Compensacion/Legalizar licencia Remunerada/span_Nuevo"), 1)): null

2022-06-10 08:47:04 - [MESSAGE][PASSED] - Object 'Object Repository/1-OBJECTS TAREAS PRINCIPALES/Modulo Tarea Compensacion/Legalizar licencia Remunerada/span_Nuevo' is clickable

2022-06-10 08:47:04 - [TEST_STEP][PASSED] - click(findTestObject("1-OBJECTS TAREAS PRINCIPALES/Modulo Tarea Compensacion/Legalizar licencia Remunerada/span_Nuevo")): Object: 'Object Repository/1-OBJECTS TAREAS PRINCIPALES/Modulo Tarea Compensacion/Legalizar licencia Remunerada/span_Nuevo' is clicked on

2022-06-10 08:47:04 - [MESSAGE][PASSED] - Object: 'Object Repository/1-OBJECTS TAREAS PRINCIPALES/Modulo Tarea Compensacion/Legalizar licencia Remunerada/span_Nuevo' is clicked on

2022-06-10 08:47:04 - [TEST_STEP][PASSED] - click(findTestObject("1-OBJECTS TAREAS PRINCIPALES/Modulo Tarea Compensacion/Legalizar licencia Remunerada/span_LICENCIA REMUNERADA")): Object: 'Object Repository/1-OBJECTS TAREAS PRINCIPALES/Modulo Tarea Compensacion/Legalizar licencia Remunerada/span_LICENCIA REMUNERADA' is clicked on

2022-06-10 08:47:05 - [MESSAGE][PASSED] - Object: 'Object Repository/1-OBJECTS TAREAS PRINCIPALES/Modulo Tarea Compensacion/Legalizar licencia Remunerada/span_LICENCIA REMUNERADA' is clicked on

2022-06-10 08:47:05 - [TEST_STEP][PASSED] - setText(findTestObject("1-OBJECTS TAREAS PRINCIPALES/Modulo Tarea Compensacion/Legalizar licencia Remunerada/input_Fecha Salida_form_licenc"), "01/12/2018"): Text '01/12/2018' is set on object 'Object Repository/1-OBJECTS TAREAS PRINCIPALES/Modulo Tarea Compensacion/Legalizar licencia Remunerada/input_Fecha Salida_form_licenc'

2022-06-10 08:47:07 - [MESSAGE][PASSED] - Text '01/12/2018' is set on object 'Object Repository/1-OBJECTS TAREAS PRINCIPALES/Modulo Tarea Compensacion/Legalizar licencia Remunerada/input_Fecha Salida_form_licenc'

2022-06-10 08:47:07 - [TEST_STEP][PASSED] - setText(findTestObject("1-OBJECTS TAREAS PRINCIPALES/Modulo Tarea Compensacion/Legalizar licencia Remunerada/input_Das Ausentismo_form_lice"), "2"): Text '2' is set on object 'Object Repository/1-OBJECTS TAREAS PRINCIPALES/Modulo Tarea Compensacion/Legalizar licencia Remunerada/input_Das Ausentismo_form_lice'

2022-06-10 08:47:08 - [MESSAGE][PASSED] - Text '2' is set on object 'Object Repository/1-OBJECTS TAREAS PRINCIPALES/Modulo Tarea Compensacion/Legalizar licencia Remunerada/input_Das Ausentismo_form_lice'

2022-06-10 08:47:08 - [TEST_STEP][PASSED] - setText(findTestObject("1-OBJECTS TAREAS PRINCIPALES/Modulo Tarea Compensacion/Legalizar licencia Remunerada/input_Fecha Salida Nomina_form"), "31/01/2019"): Text '31/01/2019' is set on object 'Object Repository/1-OBJECTS TAREAS PRINCIPALES/Modulo Tarea Compensacion/Legalizar licencia Remunerada/input_Fecha Salida Nomina_form'

2022-06-10 08:47:08 - [MESSAGE][PASSED] - Text '31/01/2019' is set on object 'Object Repository/1-OBJECTS TAREAS PRINCIPALES/Modulo Tarea Compensacion/Legalizar licencia Remunerada/input_Fecha Salida Nomina_form'

2022-06-10 08:47:08 - [TEST_STEP][PASSED] - setText(findTestObject("1-OBJECTS TAREAS PRINCIPALES/Modulo Tarea Compensacion/Legalizar licencia Remunerada/textarea_Observacin_form_licen"), "aaaaaa"): Text 'aaaaaa' is set on object 'Object Repository/1-OBJECTS TAREAS PRINCIPALES/Modulo Tarea Compensacion/Legalizar licencia Remunerada/textarea_Observacin_form_licen'

2022-06-10 08:47:09 - [MESSAGE][PASSED] - Text 'aaaaaa' is set on object 'Object Repository/1-OBJECTS TAREAS PRINCIPALES/Modulo Tarea Compensacion/Legalizar licencia Remunerada/textarea_Observacin_form_licen'

2022-06-10 08:47:09 - [TEST_STEP][PASSED] - setText(findTestObject("1-OBJECTS TAREAS PRINCIPALES/Modulo Tarea Compensacion/Legalizar licencia Remunerada/input_Fecha 1_form_licenciaEmp"), "31/01/2019"): Text '31/01/2019' is set on object 'Object Repository/1-OBJECTS TAREAS PRINCIPALES/Modulo Tarea Compensacion/Legalizar licencia Remunerada/input_Fecha 1_form_licenciaEmp'

2022-06-10 08:47:10 - [MESSAGE][PASSED] - Text '31/01/2019' is set on object 'Object Repository/1-OBJECTS TAREAS PRINCIPALES/Modulo Tarea Compensacion/Legalizar licencia Remunerada/input_Fecha 1_form_licenciaEmp'

2022-06-10 08:47:10 - [TEST_STEP][PASSED] - sendKeys(findTestObject("1-OBJECTS TAREAS PRINCIPALES/Modulo Tarea Compensacion/Legalizar licencia Remunerada/input_Fecha 1_form_licenciaEmp"), Keys.chord(ESCAPE)): Keys 'ESCAPE + ' sent to object: 'Object Repository/1-OBJECTS TAREAS PRINCIPALES/Modulo Tarea Compensacion/Legalizar licencia Remunerada/input_Fecha 1_form_licenciaEmp'

2022-06-10 08:47:10 - [MESSAGE][PASSED] - Keys 'ESCAPE + ' sent to object: 'Object Repository/1-OBJECTS TAREAS PRINCIPALES/Modulo Tarea Compensacion/Legalizar licencia Remunerada/input_Fecha 1_form_licenciaEmp'

2022-06-10 08:47:10 - [TEST_STEP][PASSED] - click(findTestObject("1-OBJECTS TAREAS PRINCIPALES/Modulo Tarea Compensacion/Legalizar licencia Remunerada/span_Guardar Legalizar")): Object: 'Object Repository/1-OBJECTS TAREAS PRINCIPALES/Modulo Tarea Compensacion/Legalizar licencia Remunerada/span_Guardar Legalizar' is clicked on

2022-06-10 08:47:11 - [MESSAGE][PASSED] - Object: 'Object Repository/1-OBJECTS TAREAS PRINCIPALES/Modulo Tarea Compensacion/Legalizar licencia Remunerada/span_Guardar Legalizar' is clicked on

2022-06-10 08:47:11 - [TEST_STEP][FAILED] - Alerta = getText(findTestObject("3-OBJECTS UTILIDADES/Alerta/Alerta")): Unable to get text of object 'Object Repository/3-OBJECTS UTILIDADES/Alerta/Alerta' (Root cause: com.kms.katalon.core.exception.StepFailedException: Unable to get text of object 'Object Repository/3-OBJECTS UTILIDADES/Alerta/Alerta'
	at com.kms.katalon.core.webui.keyword.internal.WebUIKeywordMain.stepFailed(WebUIKeywordMain.groovy:64)
	at com.kms.katalon.core.webui.keyword.internal.WebUIKeywordMain.runKeyword(WebUIKeywordMain.groovy:26)
	at com.kms.katalon.core.webui.keyword.builtin.GetTextKeyword.getText(GetTextKeyword.groovy:88)
	at com.kms.katalon.core.webui.keyword.builtin.GetTextKeyword.execute(GetTextKeyword.groovy:67)
	at com.kms.katalon.core.keyword.internal.KeywordExecutor.executeKeywordForPlatform(KeywordExecutor.groovy:74)
	at com.kms.katalon.core.webui.keyword.WebUiBuiltInKeywords.getText(WebUiBuiltInKeywords.groovy:918)
	at com.kms.katalon.core.webui.keyword.WebUiBuiltInKeywords$getText$13.call(Unknown Source)
	at 1.2.3-Legalizar Licencia Remunerada.run(1.2.3-Legalizar Licencia Remunerada:90)
	at com.kms.katalon.core.main.ScriptEngine.run(ScriptEngine.java:194)
	at com.kms.katalon.core.main.ScriptEngine.runScriptAsRawText(ScriptEngine.java:119)
	at com.kms.katalon.core.main.TestCaseExecutor.runScript(TestCaseExecutor.java:445)
	at com.kms.katalon.core.main.TestCaseExecutor.doExecute(TestCaseExecutor.java:436)
	at com.kms.katalon.core.main.TestCaseExecutor.processExecutionPhase(TestCaseExecutor.java:415)
	at com.kms.katalon.core.main.TestCaseExecutor.accessMainPhase(TestCaseExecutor.java:407)
	at com.kms.katalon.core.main.TestCaseExecutor.execute(TestCaseExecutor.java:284)
	at com.kms.katalon.core.main.TestCaseMain.runTestCase(TestCaseMain.java:142)
	at com.kms.katalon.core.keyword.builtin.CallTestCaseKeyword$_callTestCase_closure1.doCall(CallTestCaseKeyword.groovy:59)
	at com.kms.katalon.core.keyword.builtin.CallTestCaseKeyword$_callTestCase_closure1.call(CallTestCaseKeyword.groovy)
	at com.kms.katalon.core.keyword.internal.KeywordMain.runKeyword(KeywordMain.groovy:74)
	at com.kms.katalon.core.keyword.builtin.CallTestCaseKeyword.callTestCase(CallTestCaseKeyword.groovy:81)
	at com.kms.katalon.core.keyword.builtin.CallTestCaseKeyword.execute(CallTestCaseKeyword.groovy:44)
	at com.kms.katalon.core.keyword.internal.KeywordExecutor.executeKeywordForPlatform(KeywordExecutor.groovy:74)
	at com.kms.katalon.core.keyword.BuiltinKeywords.callTestCase(BuiltinKeywords.groovy:334)
	at 1.2.6-Legalizar Solicitud Nov Empleado.run(1.2.6-Legalizar Solicitud Nov Empleado:40)
	at com.kms.katalon.core.main.ScriptEngine.run(ScriptEngine.java:194)
	at com.kms.katalon.core.main.ScriptEngine.runScriptAsRawText(ScriptEngine.java:119)
	at com.kms.katalon.core.main.TestCaseExecutor.runScript(TestCaseExecutor.java:445)
	at com.kms.katalon.core.main.TestCaseExecutor.doExecute(TestCaseExecutor.java:436)
	at com.kms.katalon.core.main.TestCaseExecutor.processExecutionPhase(TestCaseExecutor.java:415)
	at com.kms.katalon.core.main.TestCaseExecutor.accessMainPhase(TestCaseExecutor.java:407)
	at com.kms.katalon.core.main.TestCaseExecutor.execute(TestCaseExecutor.java:284)
	at com.kms.katalon.core.common.CommonExecutor.accessTestCaseMainPhase(CommonExecutor.java:65)
	at com.kms.katalon.core.main.TestSuiteExecutor.accessTestSuiteMainPhase(TestSuiteExecutor.java:144)
	at com.kms.katalon.core.main.TestSuiteExecutor.execute(TestSuiteExecutor.java:106)
	at com.kms.katalon.core.main.TestCaseMain.startTestSuite(TestCaseMain.java:185)
	at com.kms.katalon.core.main.TestCaseMain$startTestSuite$0.call(Unknown Source)
	at TempTestSuite1654867643956.run(TempTestSuite1654867643956.groovy:36)
Caused by: com.kms.katalon.core.webui.exception.WebElementNotFoundException: Web element with id: 'Object Repository/3-OBJECTS UTILIDADES/Alerta/Alerta' located by '//div[@id='growl_container']/div/div/div[2]/p' not found
	at com.kms.katalon.core.webui.common.WebUiCommonHelper.findWebElement(WebUiCommonHelper.java:1370)
	at com.kms.katalon.core.webui.keyword.internal.WebUIAbstractKeyword.findWebElement(WebUIAbstractKeyword.groovy:27)
	at com.kms.katalon.core.webui.keyword.internal.WebUIAbstractKeyword.findWebElement(WebUIAbstractKeyword.groovy:26)
	at com.kms.katalon.core.webui.keyword.builtin.GetTextKeyword$_getText_closure1.doCall(GetTextKeyword.groovy:78)
	at com.kms.katalon.core.webui.keyword.builtin.GetTextKeyword$_getText_closure1.call(GetTextKeyword.groovy)
	at com.kms.katalon.core.webui.keyword.internal.WebUIKeywordMain.runKeyword(WebUIKeywordMain.groovy:20)
	at com.kms.katalon.core.webui.keyword.builtin.GetTextKeyword.getText(GetTextKeyword.groovy:88)
	at com.kms.katalon.core.webui.keyword.builtin.GetTextKeyword.execute(GetTextKeyword.groovy:67)
	at com.kms.katalon.core.keyword.internal.KeywordExecutor.executeKeywordForPlatform(KeywordExecutor.groovy:74)
	at com.kms.katalon.core.webui.keyword.WebUiBuiltInKeywords.getText(WebUiBuiltInKeywords.groovy:918)
	at com.kms.katalon.core.webui.keyword.WebUiBuiltInKeywords$getText$13.call(Unknown Source)
	at Script1548864731871.run(Script1548864731871.groovy:90)
	at com.kms.katalon.core.main.ScriptEngine.run(ScriptEngine.java:194)
	at com.kms.katalon.core.main.ScriptEngine.runScriptAsRawText(ScriptEngine.java:119)
	at com.kms.katalon.core.main.TestCaseExecutor.runScript(TestCaseExecutor.java:445)
	at com.kms.katalon.core.main.TestCaseExecutor.doExecute(TestCaseExecutor.java:436)
	at com.kms.katalon.core.main.TestCaseExecutor.processExecutionPhase(TestCaseExecutor.java:415)
	at com.kms.katalon.core.main.TestCaseExecutor.accessMainPhase(TestCaseExecutor.java:407)
	at com.kms.katalon.core.main.TestCaseExecutor.execute(TestCaseExecutor.java:284)
	at com.kms.katalon.core.main.TestCaseMain.runTestCase(TestCaseMain.java:142)
	at com.kms.katalon.core.keyword.builtin.CallTestCaseKeyword$_callTestCase_closure1.doCall(CallTestCaseKeyword.groovy:59)
	at com.kms.katalon.core.keyword.builtin.CallTestCaseKeyword$_callTestCase_closure1.call(CallTestCaseKeyword.groovy)
	at com.kms.katalon.core.keyword.internal.KeywordMain.runKeyword(KeywordMain.groovy:74)
	at com.kms.katalon.core.keyword.builtin.CallTestCaseKeyword.callTestCase(CallTestCaseKeyword.groovy:81)
	at com.kms.katalon.core.keyword.builtin.CallTestCaseKeyword.execute(CallTestCaseKeyword.groovy:44)
	at com.kms.katalon.core.keyword.internal.KeywordExecutor.executeKeywordForPlatform(KeywordExecutor.groovy:74)
	at com.kms.katalon.core.keyword.BuiltinKeywords.callTestCase(BuiltinKeywords.groovy:334)
	at Script1647032730638.run(Script1647032730638.groovy:40)
	... 13 more
)

2022-06-10 08:48:02 - [MESSAGE][INFO] - Unable to find the element located by 'By.xpath: //div[@id='growl_container']/div/div/div[2]/p'. Please recheck the objects properties to make sure the desired element is located. 

2022-06-10 08:48:02 - [MESSAGE][FAILED] - Unable to get text of object 'Object Repository/3-OBJECTS UTILIDADES/Alerta/Alerta' (Root cause: com.kms.katalon.core.exception.StepFailedException: Unable to get text of object 'Object Repository/3-OBJECTS UTILIDADES/Alerta/Alerta'
	at com.kms.katalon.core.webui.keyword.internal.WebUIKeywordMain.stepFailed(WebUIKeywordMain.groovy:64)
	at com.kms.katalon.core.webui.keyword.internal.WebUIKeywordMain.runKeyword(WebUIKeywordMain.groovy:26)
	at com.kms.katalon.core.webui.keyword.builtin.GetTextKeyword.getText(GetTextKeyword.groovy:88)
	at com.kms.katalon.core.webui.keyword.builtin.GetTextKeyword.execute(GetTextKeyword.groovy:67)
	at com.kms.katalon.core.keyword.internal.KeywordExecutor.executeKeywordForPlatform(KeywordExecutor.groovy:74)
	at com.kms.katalon.core.webui.keyword.WebUiBuiltInKeywords.getText(WebUiBuiltInKeywords.groovy:918)
	at com.kms.katalon.core.webui.keyword.WebUiBuiltInKeywords$getText$13.call(Unknown Source)
	at 1.2.3-Legalizar Licencia Remunerada.run(1.2.3-Legalizar Licencia Remunerada:90)
	at com.kms.katalon.core.main.ScriptEngine.run(ScriptEngine.java:194)
	at com.kms.katalon.core.main.ScriptEngine.runScriptAsRawText(ScriptEngine.java:119)
	at com.kms.katalon.core.main.TestCaseExecutor.runScript(TestCaseExecutor.java:445)
	at com.kms.katalon.core.main.TestCaseExecutor.doExecute(TestCaseExecutor.java:436)
	at com.kms.katalon.core.main.TestCaseExecutor.processExecutionPhase(TestCaseExecutor.java:415)
	at com.kms.katalon.core.main.TestCaseExecutor.accessMainPhase(TestCaseExecutor.java:407)
	at com.kms.katalon.core.main.TestCaseExecutor.execute(TestCaseExecutor.java:284)
	at com.kms.katalon.core.main.TestCaseMain.runTestCase(TestCaseMain.java:142)
	at com.kms.katalon.core.keyword.builtin.CallTestCaseKeyword$_callTestCase_closure1.doCall(CallTestCaseKeyword.groovy:59)
	at com.kms.katalon.core.keyword.builtin.CallTestCaseKeyword$_callTestCase_closure1.call(CallTestCaseKeyword.groovy)
	at com.kms.katalon.core.keyword.internal.KeywordMain.runKeyword(KeywordMain.groovy:74)
	at com.kms.katalon.core.keyword.builtin.CallTestCaseKeyword.callTestCase(CallTestCaseKeyword.groovy:81)
	at com.kms.katalon.core.keyword.builtin.CallTestCaseKeyword.execute(CallTestCaseKeyword.groovy:44)
	at com.kms.katalon.core.keyword.internal.KeywordExecutor.executeKeywordForPlatform(KeywordExecutor.groovy:74)
	at com.kms.katalon.core.keyword.BuiltinKeywords.callTestCase(BuiltinKeywords.groovy:334)
	at 1.2.6-Legalizar Solicitud Nov Empleado.run(1.2.6-Legalizar Solicitud Nov Empleado:40)
	at com.kms.katalon.core.main.ScriptEngine.run(ScriptEngine.java:194)
	at com.kms.katalon.core.main.ScriptEngine.runScriptAsRawText(ScriptEngine.java:119)
	at com.kms.katalon.core.main.TestCaseExecutor.runScript(TestCaseExecutor.java:445)
	at com.kms.katalon.core.main.TestCaseExecutor.doExecute(TestCaseExecutor.java:436)
	at com.kms.katalon.core.main.TestCaseExecutor.processExecutionPhase(TestCaseExecutor.java:415)
	at com.kms.katalon.core.main.TestCaseExecutor.accessMainPhase(TestCaseExecutor.java:407)
	at com.kms.katalon.core.main.TestCaseExecutor.execute(TestCaseExecutor.java:284)
	at com.kms.katalon.core.common.CommonExecutor.accessTestCaseMainPhase(CommonExecutor.java:65)
	at com.kms.katalon.core.main.TestSuiteExecutor.accessTestSuiteMainPhase(TestSuiteExecutor.java:144)
	at com.kms.katalon.core.main.TestSuiteExecutor.execute(TestSuiteExecutor.java:106)
	at com.kms.katalon.core.main.TestCaseMain.startTestSuite(TestCaseMain.java:185)
	at com.kms.katalon.core.main.TestCaseMain$startTestSuite$0.call(Unknown Source)
	at TempTestSuite1654867643956.run(TempTestSuite1654867643956.groovy:36)
Caused by: com.kms.katalon.core.webui.exception.WebElementNotFoundException: Web element with id: 'Object Repository/3-OBJECTS UTILIDADES/Alerta/Alerta' located by '//div[@id='growl_container']/div/div/div[2]/p' not found
	at com.kms.katalon.core.webui.common.WebUiCommonHelper.findWebElement(WebUiCommonHelper.java:1370)
	at com.kms.katalon.core.webui.keyword.internal.WebUIAbstractKeyword.findWebElement(WebUIAbstractKeyword.groovy:27)
	at com.kms.katalon.core.webui.keyword.internal.WebUIAbstractKeyword.findWebElement(WebUIAbstractKeyword.groovy:26)
	at com.kms.katalon.core.webui.keyword.builtin.GetTextKeyword$_getText_closure1.doCall(GetTextKeyword.groovy:78)
	at com.kms.katalon.core.webui.keyword.builtin.GetTextKeyword$_getText_closure1.call(GetTextKeyword.groovy)
	at com.kms.katalon.core.webui.keyword.internal.WebUIKeywordMain.runKeyword(WebUIKeywordMain.groovy:20)
	at com.kms.katalon.core.webui.keyword.builtin.GetTextKeyword.getText(GetTextKeyword.groovy:88)
	at com.kms.katalon.core.webui.keyword.builtin.GetTextKeyword.execute(GetTextKeyword.groovy:67)
	at com.kms.katalon.core.keyword.internal.KeywordExecutor.executeKeywordForPlatform(KeywordExecutor.groovy:74)
	at com.kms.katalon.core.webui.keyword.WebUiBuiltInKeywords.getText(WebUiBuiltInKeywords.groovy:918)
	at com.kms.katalon.core.webui.keyword.WebUiBuiltInKeywords$getText$13.call(Unknown Source)
	at Script1548864731871.run(Script1548864731871.groovy:90)
	at com.kms.katalon.core.main.ScriptEngine.run(ScriptEngine.java:194)
	at com.kms.katalon.core.main.ScriptEngine.runScriptAsRawText(ScriptEngine.java:119)
	at com.kms.katalon.core.main.TestCaseExecutor.runScript(TestCaseExecutor.java:445)
	at com.kms.katalon.core.main.TestCaseExecutor.doExecute(TestCaseExecutor.java:436)
	at com.kms.katalon.core.main.TestCaseExecutor.processExecutionPhase(TestCaseExecutor.java:415)
	at com.kms.katalon.core.main.TestCaseExecutor.accessMainPhase(TestCaseExecutor.java:407)
	at com.kms.katalon.core.main.TestCaseExecutor.execute(TestCaseExecutor.java:284)
	at com.kms.katalon.core.main.TestCaseMain.runTestCase(TestCaseMain.java:142)
	at com.kms.katalon.core.keyword.builtin.CallTestCaseKeyword$_callTestCase_closure1.doCall(CallTestCaseKeyword.groovy:59)
	at com.kms.katalon.core.keyword.builtin.CallTestCaseKeyword$_callTestCase_closure1.call(CallTestCaseKeyword.groovy)
	at com.kms.katalon.core.keyword.internal.KeywordMain.runKeyword(KeywordMain.groovy:74)
	at com.kms.katalon.core.keyword.builtin.CallTestCaseKeyword.callTestCase(CallTestCaseKeyword.groovy:81)
	at com.kms.katalon.core.keyword.builtin.CallTestCaseKeyword.execute(CallTestCaseKeyword.groovy:44)
	at com.kms.katalon.core.keyword.internal.KeywordExecutor.executeKeywordForPlatform(KeywordExecutor.groovy:74)
	at com.kms.katalon.core.keyword.BuiltinKeywords.callTestCase(BuiltinKeywords.groovy:334)
	at Script1647032730638.run(Script1647032730638.groovy:40)
	... 13 more
)
[[ATTACHMENT|C:\\Users\\diego.rojas\\git\\Pruebas-Minimas\\Reports\\20220610_082723\\Test_Suite_Principales\\1-Tareas Principales\\20220610_082723\\1654868882076.png]]

2022-06-10 08:48:02 - [MESSAGE][FAILED] - Unable to call Test Case 'Test Cases/1.1-Tareas Principales/1.2.3-Legalizar Licencia Remunerada' (Root cause: com.kms.katalon.core.exception.StepFailedException: Call Test Case 'Test Cases/1.1-Tareas Principales/1.2.3-Legalizar Licencia Remunerada' failed
	at com.kms.katalon.core.keyword.builtin.CallTestCaseKeyword$_callTestCase_closure1.doCall(CallTestCaseKeyword.groovy:63)
	at com.kms.katalon.core.keyword.builtin.CallTestCaseKeyword$_callTestCase_closure1.call(CallTestCaseKeyword.groovy)
	at com.kms.katalon.core.keyword.internal.KeywordMain.runKeyword(KeywordMain.groovy:74)
	at com.kms.katalon.core.keyword.builtin.CallTestCaseKeyword.callTestCase(CallTestCaseKeyword.groovy:81)
	at com.kms.katalon.core.keyword.builtin.CallTestCaseKeyword.execute(CallTestCaseKeyword.groovy:44)
	at com.kms.katalon.core.keyword.internal.KeywordExecutor.executeKeywordForPlatform(KeywordExecutor.groovy:74)
	at com.kms.katalon.core.keyword.BuiltinKeywords.callTestCase(BuiltinKeywords.groovy:334)
	at 1.2.6-Legalizar Solicitud Nov Empleado.run(1.2.6-Legalizar Solicitud Nov Empleado:40)
	at com.kms.katalon.core.main.ScriptEngine.run(ScriptEngine.java:194)
	at com.kms.katalon.core.main.ScriptEngine.runScriptAsRawText(ScriptEngine.java:119)
	at com.kms.katalon.core.main.TestCaseExecutor.runScript(TestCaseExecutor.java:445)
	at com.kms.katalon.core.main.TestCaseExecutor.doExecute(TestCaseExecutor.java:436)
	at com.kms.katalon.core.main.TestCaseExecutor.processExecutionPhase(TestCaseExecutor.java:415)
	at com.kms.katalon.core.main.TestCaseExecutor.accessMainPhase(TestCaseExecutor.java:407)
	at com.kms.katalon.core.main.TestCaseExecutor.execute(TestCaseExecutor.java:284)
	at com.kms.katalon.core.common.CommonExecutor.accessTestCaseMainPhase(CommonExecutor.java:65)
	at com.kms.katalon.core.main.TestSuiteExecutor.accessTestSuiteMainPhase(TestSuiteExecutor.java:144)
	at com.kms.katalon.core.main.TestSuiteExecutor.execute(TestSuiteExecutor.java:106)
	at com.kms.katalon.core.main.TestCaseMain.startTestSuite(TestCaseMain.java:185)
	at com.kms.katalon.core.main.TestCaseMain$startTestSuite$0.call(Unknown Source)
	at TempTestSuite1654867643956.run(TempTestSuite1654867643956.groovy:36)
Caused by: com.kms.katalon.core.exception.StepFailedException: Unable to get text of object 'Object Repository/3-OBJECTS UTILIDADES/Alerta/Alerta'
	at com.kms.katalon.core.webui.keyword.internal.WebUIKeywordMain.stepFailed(WebUIKeywordMain.groovy:64)
	at com.kms.katalon.core.webui.keyword.internal.WebUIKeywordMain.runKeyword(WebUIKeywordMain.groovy:26)
	at com.kms.katalon.core.webui.keyword.builtin.GetTextKeyword.getText(GetTextKeyword.groovy:88)
	at com.kms.katalon.core.webui.keyword.builtin.GetTextKeyword.execute(GetTextKeyword.groovy:67)
	at com.kms.katalon.core.keyword.internal.KeywordExecutor.executeKeywordForPlatform(KeywordExecutor.groovy:74)
	at com.kms.katalon.core.webui.keyword.WebUiBuiltInKeywords.getText(WebUiBuiltInKeywords.groovy:918)
	at com.kms.katalon.core.webui.keyword.WebUiBuiltInKeywords$getText$13.call(Unknown Source)
	at 1.2.3-Legalizar Licencia Remunerada.run(1.2.3-Legalizar Licencia Remunerada:90)
	at com.kms.katalon.core.main.ScriptEngine.run(ScriptEngine.java:194)
	at com.kms.katalon.core.main.ScriptEngine.runScriptAsRawText(ScriptEngine.java:119)
	at com.kms.katalon.core.main.TestCaseExecutor.runScript(TestCaseExecutor.java:445)
	at com.kms.katalon.core.main.TestCaseExecutor.doExecute(TestCaseExecutor.java:436)
	at com.kms.katalon.core.main.TestCaseExecutor.processExecutionPhase(TestCaseExecutor.java:415)
	at com.kms.katalon.core.main.TestCaseExecutor.accessMainPhase(TestCaseExecutor.java:407)
	at com.kms.katalon.core.main.TestCaseExecutor.execute(TestCaseExecutor.java:284)
	at com.kms.katalon.core.main.TestCaseMain.runTestCase(TestCaseMain.java:142)
	at com.kms.katalon.core.keyword.builtin.CallTestCaseKeyword$_callTestCase_closure1.doCall(CallTestCaseKeyword.groovy:59)
	... 20 more
Caused by: com.kms.katalon.core.webui.exception.WebElementNotFoundException: Web element with id: 'Object Repository/3-OBJECTS UTILIDADES/Alerta/Alerta' located by '//div[@id='growl_container']/div/div/div[2]/p' not found
	at com.kms.katalon.core.webui.common.WebUiCommonHelper.findWebElement(WebUiCommonHelper.java:1370)
	at com.kms.katalon.core.webui.keyword.internal.WebUIAbstractKeyword.findWebElement(WebUIAbstractKeyword.groovy:27)
	at com.kms.katalon.core.webui.keyword.internal.WebUIAbstractKeyword.findWebElement(WebUIAbstractKeyword.groovy:26)
	at com.kms.katalon.core.webui.keyword.builtin.GetTextKeyword$_getText_closure1.doCall(GetTextKeyword.groovy:78)
	at com.kms.katalon.core.webui.keyword.builtin.GetTextKeyword$_getText_closure1.call(GetTextKeyword.groovy)
	at com.kms.katalon.core.webui.keyword.internal.WebUIKeywordMain.runKeyword(WebUIKeywordMain.groovy:20)
	... 35 more
)]]></system-out>
         <system-err><![CDATA[2022-06-10 08:46:33 - [TEST_CASE][FAILED] - Test Cases/1.1-Tareas Principales/1.2.6-Legalizar Solicitud Nov Empleado: Test Cases/1.1-Tareas Principales/1.2.6-Legalizar Solicitud Nov Empleado FAILED.
Reason:
com.kms.katalon.core.exception.StepFailedException: Call Test Case 'Test Cases/1.1-Tareas Principales/1.2.3-Legalizar Licencia Remunerada' failed
	at com.kms.katalon.core.keyword.builtin.CallTestCaseKeyword$_callTestCase_closure1.doCall(CallTestCaseKeyword.groovy:63)
	at com.kms.katalon.core.keyword.builtin.CallTestCaseKeyword$_callTestCase_closure1.call(CallTestCaseKeyword.groovy)
	at com.kms.katalon.core.keyword.internal.KeywordMain.runKeyword(KeywordMain.groovy:74)
	at com.kms.katalon.core.keyword.builtin.CallTestCaseKeyword.callTestCase(CallTestCaseKeyword.groovy:81)
	at com.kms.katalon.core.keyword.builtin.CallTestCaseKeyword.execute(CallTestCaseKeyword.groovy:44)
	at com.kms.katalon.core.keyword.internal.KeywordExecutor.executeKeywordForPlatform(KeywordExecutor.groovy:74)
	at com.kms.katalon.core.keyword.BuiltinKeywords.callTestCase(BuiltinKeywords.groovy:334)
	at 1.2.6-Legalizar Solicitud Nov Empleado.run(1.2.6-Legalizar Solicitud Nov Empleado:40)
	at com.kms.katalon.core.main.ScriptEngine.run(ScriptEngine.java:194)
	at com.kms.katalon.core.main.ScriptEngine.runScriptAsRawText(ScriptEngine.java:119)
	at com.kms.katalon.core.main.TestCaseExecutor.runScript(TestCaseExecutor.java:445)
	at com.kms.katalon.core.main.TestCaseExecutor.doExecute(TestCaseExecutor.java:436)
	at com.kms.katalon.core.main.TestCaseExecutor.processExecutionPhase(TestCaseExecutor.java:415)
	at com.kms.katalon.core.main.TestCaseExecutor.accessMainPhase(TestCaseExecutor.java:407)
	at com.kms.katalon.core.main.TestCaseExecutor.execute(TestCaseExecutor.java:284)
	at com.kms.katalon.core.common.CommonExecutor.accessTestCaseMainPhase(CommonExecutor.java:65)
	at com.kms.katalon.core.main.TestSuiteExecutor.accessTestSuiteMainPhase(TestSuiteExecutor.java:144)
	at com.kms.katalon.core.main.TestSuiteExecutor.execute(TestSuiteExecutor.java:106)
	at com.kms.katalon.core.main.TestCaseMain.startTestSuite(TestCaseMain.java:185)
	at com.kms.katalon.core.main.TestCaseMain$startTestSuite$0.call(Unknown Source)
	at TempTestSuite1654867643956.run(TempTestSuite1654867643956.groovy:36)
Caused by: com.kms.katalon.core.exception.StepFailedException: Unable to get text of object 'Object Repository/3-OBJECTS UTILIDADES/Alerta/Alerta'
	at com.kms.katalon.core.webui.keyword.internal.WebUIKeywordMain.stepFailed(WebUIKeywordMain.groovy:64)
	at com.kms.katalon.core.webui.keyword.internal.WebUIKeywordMain.runKeyword(WebUIKeywordMain.groovy:26)
	at com.kms.katalon.core.webui.keyword.builtin.GetTextKeyword.getText(GetTextKeyword.groovy:88)
	at com.kms.katalon.core.webui.keyword.builtin.GetTextKeyword.execute(GetTextKeyword.groovy:67)
	at com.kms.katalon.core.keyword.internal.KeywordExecutor.executeKeywordForPlatform(KeywordExecutor.groovy:74)
	at com.kms.katalon.core.webui.keyword.WebUiBuiltInKeywords.getText(WebUiBuiltInKeywords.groovy:918)
	at com.kms.katalon.core.webui.keyword.WebUiBuiltInKeywords$getText$13.call(Unknown Source)
	at 1.2.3-Legalizar Licencia Remunerada.run(1.2.3-Legalizar Licencia Remunerada:90)
	at com.kms.katalon.core.main.ScriptEngine.run(ScriptEngine.java:194)
	at com.kms.katalon.core.main.ScriptEngine.runScriptAsRawText(ScriptEngine.java:119)
	at com.kms.katalon.core.main.TestCaseExecutor.runScript(TestCaseExecutor.java:445)
	at com.kms.katalon.core.main.TestCaseExecutor.doExecute(TestCaseExecutor.java:436)
	at com.kms.katalon.core.main.TestCaseExecutor.processExecutionPhase(TestCaseExecutor.java:415)
	at com.kms.katalon.core.main.TestCaseExecutor.accessMainPhase(TestCaseExecutor.java:407)
	at com.kms.katalon.core.main.TestCaseExecutor.execute(TestCaseExecutor.java:284)
	at com.kms.katalon.core.main.TestCaseMain.runTestCase(TestCaseMain.java:142)
	at com.kms.katalon.core.keyword.builtin.CallTestCaseKeyword$_callTestCase_closure1.doCall(CallTestCaseKeyword.groovy:59)
	... 20 more
Caused by: com.kms.katalon.core.webui.exception.WebElementNotFoundException: Web element with id: 'Object Repository/3-OBJECTS UTILIDADES/Alerta/Alerta' located by '//div[@id='growl_container']/div/div/div[2]/p' not found
	at com.kms.katalon.core.webui.common.WebUiCommonHelper.findWebElement(WebUiCommonHelper.java:1370)
	at com.kms.katalon.core.webui.keyword.internal.WebUIAbstractKeyword.findWebElement(WebUIAbstractKeyword.groovy:27)
	at com.kms.katalon.core.webui.keyword.internal.WebUIAbstractKeyword.findWebElement(WebUIAbstractKeyword.groovy:26)
	at com.kms.katalon.core.webui.keyword.builtin.GetTextKeyword$_getText_closure1.doCall(GetTextKeyword.groovy:78)
	at com.kms.katalon.core.webui.keyword.builtin.GetTextKeyword$_getText_closure1.call(GetTextKeyword.groovy)
	at com.kms.katalon.core.webui.keyword.internal.WebUIKeywordMain.runKeyword(WebUIKeywordMain.groovy:20)
	... 35 more]]></system-err>
      </testcase>
      <testcase name="Test Cases/1.1-Tareas Principales/1.2.7-Liquidacion Periodica" time="94.95" classname="Test Cases/1.1-Tareas Principales/1.2.7-Liquidacion Periodica" status="FAILED">
         <failure type="FAILED" message="Test Cases/1.1-Tareas Principales/1.2.7-Liquidacion Periodica FAILED.
Reason:
com.kms.katalon.core.exception.StepFailedException: Unable to get text of object 'Object Repository/3-OBJECTS UTILIDADES/Alerta/Alerta'
	at com.kms.katalon.core.webui.keyword.internal.WebUIKeywordMain.stepFailed(WebUIKeywordMain.groovy:64)
	at com.kms.katalon.core.webui.keyword.internal.WebUIKeywordMain.runKeyword(WebUIKeywordMain.groovy:26)
	at com.kms.katalon.core.webui.keyword.builtin.GetTextKeyword.getText(GetTextKeyword.groovy:88)
	at com.kms.katalon.core.webui.keyword.builtin.GetTextKeyword.execute(GetTextKeyword.groovy:67)
	at com.kms.katalon.core.keyword.internal.KeywordExecutor.executeKeywordForPlatform(KeywordExecutor.groovy:74)
	at com.kms.katalon.core.webui.keyword.WebUiBuiltInKeywords.getText(WebUiBuiltInKeywords.groovy:918)
	at com.kms.katalon.core.webui.keyword.WebUiBuiltInKeywords$getText$13.call(Unknown Source)
	at 1.2.7-Liquidacion Periodica.run(1.2.7-Liquidacion Periodica:57)
	at com.kms.katalon.core.main.ScriptEngine.run(ScriptEngine.java:194)
	at com.kms.katalon.core.main.ScriptEngine.runScriptAsRawText(ScriptEngine.java:119)
	at com.kms.katalon.core.main.TestCaseExecutor.runScript(TestCaseExecutor.java:445)
	at com.kms.katalon.core.main.TestCaseExecutor.doExecute(TestCaseExecutor.java:436)
	at com.kms.katalon.core.main.TestCaseExecutor.processExecutionPhase(TestCaseExecutor.java:415)
	at com.kms.katalon.core.main.TestCaseExecutor.accessMainPhase(TestCaseExecutor.java:407)
	at com.kms.katalon.core.main.TestCaseExecutor.execute(TestCaseExecutor.java:284)
	at com.kms.katalon.core.common.CommonExecutor.accessTestCaseMainPhase(CommonExecutor.java:65)
	at com.kms.katalon.core.main.TestSuiteExecutor.accessTestSuiteMainPhase(TestSuiteExecutor.java:144)
	at com.kms.katalon.core.main.TestSuiteExecutor.execute(TestSuiteExecutor.java:106)
	at com.kms.katalon.core.main.TestCaseMain.startTestSuite(TestCaseMain.java:185)
	at com.kms.katalon.core.main.TestCaseMain$startTestSuite$0.call(Unknown Source)
	at TempTestSuite1654867643956.run(TempTestSuite1654867643956.groovy:36)
Caused by: com.kms.katalon.core.webui.exception.WebElementNotFoundException: Web element with id: 'Object Repository/3-OBJECTS UTILIDADES/Alerta/Alerta' located by '//div[@id='growl_container']/div/div/div[2]/p' not found
	at com.kms.katalon.core.webui.common.WebUiCommonHelper.findWebElement(WebUiCommonHelper.java:1370)
	at com.kms.katalon.core.webui.keyword.internal.WebUIAbstractKeyword.findWebElement(WebUIAbstractKeyword.groovy:27)
	at com.kms.katalon.core.webui.keyword.internal.WebUIAbstractKeyword.findWebElement(WebUIAbstractKeyword.groovy:26)
	at com.kms.katalon.core.webui.keyword.builtin.GetTextKeyword$_getText_closure1.doCall(GetTextKeyword.groovy:78)
	at com.kms.katalon.core.webui.keyword.builtin.GetTextKeyword$_getText_closure1.call(GetTextKeyword.groovy)
	at com.kms.katalon.core.webui.keyword.internal.WebUIKeywordMain.runKeyword(WebUIKeywordMain.groovy:20)
	... 19 more
"/>
         <system-out><![CDATA[2022-06-10 08:48:02 - [TEST_CASE][FAILED] - Test Cases/1.1-Tareas Principales/1.2.7-Liquidacion Periodica: Test Cases/1.1-Tareas Principales/1.2.7-Liquidacion Periodica FAILED.
Reason:
com.kms.katalon.core.exception.StepFailedException: Unable to get text of object 'Object Repository/3-OBJECTS UTILIDADES/Alerta/Alerta'
	at com.kms.katalon.core.webui.keyword.internal.WebUIKeywordMain.stepFailed(WebUIKeywordMain.groovy:64)
	at com.kms.katalon.core.webui.keyword.internal.WebUIKeywordMain.runKeyword(WebUIKeywordMain.groovy:26)
	at com.kms.katalon.core.webui.keyword.builtin.GetTextKeyword.getText(GetTextKeyword.groovy:88)
	at com.kms.katalon.core.webui.keyword.builtin.GetTextKeyword.execute(GetTextKeyword.groovy:67)
	at com.kms.katalon.core.keyword.internal.KeywordExecutor.executeKeywordForPlatform(KeywordExecutor.groovy:74)
	at com.kms.katalon.core.webui.keyword.WebUiBuiltInKeywords.getText(WebUiBuiltInKeywords.groovy:918)
	at com.kms.katalon.core.webui.keyword.WebUiBuiltInKeywords$getText$13.call(Unknown Source)
	at 1.2.7-Liquidacion Periodica.run(1.2.7-Liquidacion Periodica:57)
	at com.kms.katalon.core.main.ScriptEngine.run(ScriptEngine.java:194)
	at com.kms.katalon.core.main.ScriptEngine.runScriptAsRawText(ScriptEngine.java:119)
	at com.kms.katalon.core.main.TestCaseExecutor.runScript(TestCaseExecutor.java:445)
	at com.kms.katalon.core.main.TestCaseExecutor.doExecute(TestCaseExecutor.java:436)
	at com.kms.katalon.core.main.TestCaseExecutor.processExecutionPhase(TestCaseExecutor.java:415)
	at com.kms.katalon.core.main.TestCaseExecutor.accessMainPhase(TestCaseExecutor.java:407)
	at com.kms.katalon.core.main.TestCaseExecutor.execute(TestCaseExecutor.java:284)
	at com.kms.katalon.core.common.CommonExecutor.accessTestCaseMainPhase(CommonExecutor.java:65)
	at com.kms.katalon.core.main.TestSuiteExecutor.accessTestSuiteMainPhase(TestSuiteExecutor.java:144)
	at com.kms.katalon.core.main.TestSuiteExecutor.execute(TestSuiteExecutor.java:106)
	at com.kms.katalon.core.main.TestCaseMain.startTestSuite(TestCaseMain.java:185)
	at com.kms.katalon.core.main.TestCaseMain$startTestSuite$0.call(Unknown Source)
	at TempTestSuite1654867643956.run(TempTestSuite1654867643956.groovy:36)
Caused by: com.kms.katalon.core.webui.exception.WebElementNotFoundException: Web element with id: 'Object Repository/3-OBJECTS UTILIDADES/Alerta/Alerta' located by '//div[@id='growl_container']/div/div/div[2]/p' not found
	at com.kms.katalon.core.webui.common.WebUiCommonHelper.findWebElement(WebUiCommonHelper.java:1370)
	at com.kms.katalon.core.webui.keyword.internal.WebUIAbstractKeyword.findWebElement(WebUIAbstractKeyword.groovy:27)
	at com.kms.katalon.core.webui.keyword.internal.WebUIAbstractKeyword.findWebElement(WebUIAbstractKeyword.groovy:26)
	at com.kms.katalon.core.webui.keyword.builtin.GetTextKeyword$_getText_closure1.doCall(GetTextKeyword.groovy:78)
	at com.kms.katalon.core.webui.keyword.builtin.GetTextKeyword$_getText_closure1.call(GetTextKeyword.groovy)
	at com.kms.katalon.core.webui.keyword.internal.WebUIKeywordMain.runKeyword(WebUIKeywordMain.groovy:20)
	... 19 more


2022-06-10 08:48:02 - [TEST_STEP][PASSED] - callTestCase(findTestCase("Utilidades-(atajos_para _tareas)/Tareas Administracion Compensacion/Tarea Listado Empleados"), [:], STOP_ON_FAILURE): Call Test Case 'Test Cases/Utilidades-(atajos_para _tareas)/Tareas Administracion Compensacion/Tarea Listado Empleados' successfully

2022-06-10 08:48:02 - [TEST_CASE][PASSED] - Test Cases/Utilidades-(atajos_para _tareas)/Tareas Administracion Compensacion/Tarea Listado Empleados: Test Cases/Utilidades-(atajos_para _tareas)/Tareas Administracion Compensacion/Tarea Listado Empleados

2022-06-10 08:48:02 - [TEST_STEP][PASSED] - callTestCase(findTestCase("0.1-Login"), [:], STOP_ON_FAILURE): Call Test Case 'Test Cases/0.1-Login' successfully

2022-06-10 08:48:02 - [TEST_CASE][PASSED] - Test Cases/0.1-Login: Test Cases/0.1-Login

2022-06-10 08:48:02 - [TEST_STEP][PASSED] - openBrowser(""): Browser is opened with url: ''

2022-06-10 08:48:02 - [MESSAGE][WARNING] - A browser is already opened. Closing browser and opening a new one

2022-06-10 08:48:03 - [MESSAGE][INFO] - Starting 'Chrome' driver

2022-06-10 08:48:03 - [MESSAGE][INFO] - Action delay is set to 0 milliseconds

2022-06-10 08:48:04 - [MESSAGE][PASSED] - Browser is opened with url: ''

2022-06-10 08:48:04 - [TEST_STEP][PASSED] - maximizeWindow(): Current window maximized

2022-06-10 08:48:04 - [MESSAGE][PASSED] - Current window maximized

2022-06-10 08:48:04 - [TEST_STEP][PASSED] - i = G_Login: null

2022-06-10 08:48:04 - [TEST_STEP][PASSED] - url = new java.net.URL(i): null

2022-06-10 08:48:04 - [TEST_STEP][PASSED] - println("URL: " + url.toString()): null

2022-06-10 08:48:04 - [TEST_STEP][PASSED] - connection = url.openConnection(): null

2022-06-10 08:48:04 - [TEST_STEP][PASSED] - connection.setRequestMethod("GET"): null

2022-06-10 08:48:04 - [TEST_STEP][PASSED] - connection.setReadTimeout(2 * 1000): null

2022-06-10 08:48:04 - [TEST_STEP][PASSED] - try: null

2022-06-10 08:48:04 - [TEST_STEP][PASSED] - connection.connect(): null

2022-06-10 08:48:04 - [TEST_STEP][PASSED] - flag = connected: null

2022-06-10 08:48:04 - [TEST_STEP][PASSED] - println("Valor_ori: " + flag): null

2022-06-10 08:48:04 - [TEST_STEP][PASSED] - if (flag): null

2022-06-10 08:48:04 - [TEST_STEP][PASSED] - navigateToUrl(i): Navigate to 'http://192.168.2.19:8380/saraweb' successfully

2022-06-10 08:48:05 - [MESSAGE][PASSED] - Navigate to 'http://192.168.2.19:8380/saraweb' successfully

2022-06-10 08:48:05 - [TEST_STEP][PASSED] - a(): null

2022-06-10 08:48:05 - [TEST_STEP][PASSED] - setText(findTestObject("3-OBJECTS UTILIDADES/Login/input_USUARIO_loginusuario"), G_Usuario): Text 'saraadmin' is set on object 'Object Repository/3-OBJECTS UTILIDADES/Login/input_USUARIO_loginusuario'

2022-06-10 08:48:06 - [MESSAGE][PASSED] - Text 'saraadmin' is set on object 'Object Repository/3-OBJECTS UTILIDADES/Login/input_USUARIO_loginusuario'

2022-06-10 08:48:06 - [TEST_STEP][PASSED] - setEncryptedText(findTestObject("3-OBJECTS UTILIDADES/Login/input_CLAVE_loginpassword"), "MkG4/TYiCFC3cb2driP7+Q=="): Text ****** has been set on object 'Object Repository/3-OBJECTS UTILIDADES/Login/input_CLAVE_loginpassword'

2022-06-10 08:48:06 - [MESSAGE][PASSED] - Text ****** has been set on object 'Object Repository/3-OBJECTS UTILIDADES/Login/input_CLAVE_loginpassword'

2022-06-10 08:48:06 - [TEST_STEP][PASSED] - waitForElementClickable(findTestObject("3-OBJECTS UTILIDADES/Login/a_Ingresar"), G_TimeOut): Object 'Object Repository/3-OBJECTS UTILIDADES/Login/a_Ingresar' is clickable

2022-06-10 08:48:06 - [MESSAGE][PASSED] - Object 'Object Repository/3-OBJECTS UTILIDADES/Login/a_Ingresar' is clickable

2022-06-10 08:48:06 - [TEST_STEP][PASSED] - click(findTestObject("3-OBJECTS UTILIDADES/Login/a_Ingresar")): Object: 'Object Repository/3-OBJECTS UTILIDADES/Login/a_Ingresar' is clicked on

2022-06-10 08:48:08 - [MESSAGE][PASSED] - Object: 'Object Repository/3-OBJECTS UTILIDADES/Login/a_Ingresar' is clicked on

2022-06-10 08:48:08 - [TEST_STEP][PASSED] - element = findWebElement(findTestObject("3-OBJECTS UTILIDADES/Login/a_Ir"), 30): null

2022-06-10 08:48:08 - [TEST_STEP][PASSED] - executeJavaScript("arguments[0].click()", Arrays.asList(element)): Execute JavaScript 'arguments[0].click()' successfully

2022-06-10 08:48:08 - [MESSAGE][PASSED] - Execute JavaScript 'arguments[0].click()' successfully

2022-06-10 08:48:08 - [MESSAGE][PASSED] - Call Test Case 'Test Cases/0.1-Login' successfully

2022-06-10 08:48:08 - [TEST_STEP][PASSED] - setText(findTestObject("1-OBJECTS TAREAS PRINCIPALES/Modulo Tarea Listado Hojas de Vida/Tareas Listado Hojas de Vida/input_Listado Hojas De Vida_form_templatej_idt24_input"), "Listado de Empleados"): Text 'Listado de Empleados' is set on object 'Object Repository/1-OBJECTS TAREAS PRINCIPALES/Modulo Tarea Listado Hojas de Vida/Tareas Listado Hojas de Vida/input_Listado Hojas De Vida_form_templatej_idt24_input'

2022-06-10 08:48:09 - [MESSAGE][PASSED] - Text 'Listado de Empleados' is set on object 'Object Repository/1-OBJECTS TAREAS PRINCIPALES/Modulo Tarea Listado Hojas de Vida/Tareas Listado Hojas de Vida/input_Listado Hojas De Vida_form_templatej_idt24_input'

2022-06-10 08:48:09 - [TEST_STEP][PASSED] - waitForElementVisible(findTestObject("1-OBJECTS TAREAS PRINCIPALES/Modulo Tarea Listado Hojas de Vida/Tareas Listado Hojas de Vida/span_Listado de Empleados"), 0): Object 'Object Repository/1-OBJECTS TAREAS PRINCIPALES/Modulo Tarea Listado Hojas de Vida/Tareas Listado Hojas de Vida/span_Listado de Empleados' is visible

2022-06-10 08:48:09 - [MESSAGE][WARNING] - Timeout '0' is invalid. Using default page load timeout: '37'

2022-06-10 08:48:11 - [MESSAGE][PASSED] - Object 'Object Repository/1-OBJECTS TAREAS PRINCIPALES/Modulo Tarea Listado Hojas de Vida/Tareas Listado Hojas de Vida/span_Listado de Empleados' is visible

2022-06-10 08:48:11 - [TEST_STEP][PASSED] - click(findTestObject("1-OBJECTS TAREAS PRINCIPALES/Modulo Tarea Listado Hojas de Vida/Tareas Listado Hojas de Vida/span_Listado de Empleados")): Object: 'Object Repository/1-OBJECTS TAREAS PRINCIPALES/Modulo Tarea Listado Hojas de Vida/Tareas Listado Hojas de Vida/span_Listado de Empleados' is clicked on

2022-06-10 08:48:11 - [MESSAGE][PASSED] - Object: 'Object Repository/1-OBJECTS TAREAS PRINCIPALES/Modulo Tarea Listado Hojas de Vida/Tareas Listado Hojas de Vida/span_Listado de Empleados' is clicked on

2022-06-10 08:48:11 - [MESSAGE][PASSED] - Call Test Case 'Test Cases/Utilidades-(atajos_para _tareas)/Tareas Administracion Compensacion/Tarea Listado Empleados' successfully

2022-06-10 08:48:11 - [TEST_STEP][PASSED] - waitForElementClickable(findTestObject("1-OBJECTS TAREAS PRINCIPALES/Modulo Tarea Compensacion/Liquidacion Periodica/input_Identificacin_listadoEmp"), 0): Object 'Object Repository/1-OBJECTS TAREAS PRINCIPALES/Modulo Tarea Compensacion/Liquidacion Periodica/input_Identificacin_listadoEmp' is clickable

2022-06-10 08:48:11 - [MESSAGE][WARNING] - Timeout '0' is invalid. Using default page load timeout: '37'

2022-06-10 08:48:12 - [MESSAGE][PASSED] - Object 'Object Repository/1-OBJECTS TAREAS PRINCIPALES/Modulo Tarea Compensacion/Liquidacion Periodica/input_Identificacin_listadoEmp' is clickable

2022-06-10 08:48:12 - [TEST_STEP][PASSED] - setText(findTestObject("1-OBJECTS TAREAS PRINCIPALES/Modulo Tarea Compensacion/Liquidacion Periodica/input_Identificacin_listadoEmp"), "354968431354"): Text '354968431354' is set on object 'Object Repository/1-OBJECTS TAREAS PRINCIPALES/Modulo Tarea Compensacion/Liquidacion Periodica/input_Identificacin_listadoEmp'

2022-06-10 08:48:13 - [MESSAGE][PASSED] - Text '354968431354' is set on object 'Object Repository/1-OBJECTS TAREAS PRINCIPALES/Modulo Tarea Compensacion/Liquidacion Periodica/input_Identificacin_listadoEmp'

2022-06-10 08:48:13 - [TEST_STEP][PASSED] - sendKeys(findTestObject("1-OBJECTS TAREAS PRINCIPALES/Modulo Tarea Compensacion/Liquidacion Periodica/input_Identificacin_listadoEmp"), Keys.chord(ENTER)): Keys 'ENTER + ' sent to object: 'Object Repository/1-OBJECTS TAREAS PRINCIPALES/Modulo Tarea Compensacion/Liquidacion Periodica/input_Identificacin_listadoEmp'

2022-06-10 08:48:13 - [MESSAGE][PASSED] - Keys 'ENTER + ' sent to object: 'Object Repository/1-OBJECTS TAREAS PRINCIPALES/Modulo Tarea Compensacion/Liquidacion Periodica/input_Identificacin_listadoEmp'

2022-06-10 08:48:13 - [TEST_STEP][PASSED] - click(findTestObject("1-OBJECTS TAREAS PRINCIPALES/Modulo Tarea Compensacion/Liquidacion Periodica/span_CONSTA BELFEGORD JHON")): Object: 'Object Repository/1-OBJECTS TAREAS PRINCIPALES/Modulo Tarea Compensacion/Liquidacion Periodica/span_CONSTA BELFEGORD JHON' is clicked on

2022-06-10 08:48:14 - [MESSAGE][PASSED] - Object: 'Object Repository/1-OBJECTS TAREAS PRINCIPALES/Modulo Tarea Compensacion/Liquidacion Periodica/span_CONSTA BELFEGORD JHON' is clicked on

2022-06-10 08:48:14 - [TEST_STEP][PASSED] - waitForElementClickable(findTestObject("1-OBJECTS TAREAS PRINCIPALES/Modulo Tarea Compensacion/Liquidacion Periodica/span_Liquidacin Periodica"), 0): Object 'Object Repository/1-OBJECTS TAREAS PRINCIPALES/Modulo Tarea Compensacion/Liquidacion Periodica/span_Liquidacin Periodica' is clickable

2022-06-10 08:48:14 - [MESSAGE][WARNING] - Timeout '0' is invalid. Using default page load timeout: '37'

2022-06-10 08:48:15 - [MESSAGE][PASSED] - Object 'Object Repository/1-OBJECTS TAREAS PRINCIPALES/Modulo Tarea Compensacion/Liquidacion Periodica/span_Liquidacin Periodica' is clickable

2022-06-10 08:48:15 - [TEST_STEP][PASSED] - click(findTestObject("1-OBJECTS TAREAS PRINCIPALES/Modulo Tarea Compensacion/Liquidacion Periodica/span_Liquidacin Periodica")): Object: 'Object Repository/1-OBJECTS TAREAS PRINCIPALES/Modulo Tarea Compensacion/Liquidacion Periodica/span_Liquidacin Periodica' is clicked on

2022-06-10 08:48:15 - [MESSAGE][PASSED] - Object: 'Object Repository/1-OBJECTS TAREAS PRINCIPALES/Modulo Tarea Compensacion/Liquidacion Periodica/span_Liquidacin Periodica' is clicked on

2022-06-10 08:48:15 - [TEST_STEP][PASSED] - click(findTestObject("1-OBJECTS TAREAS PRINCIPALES/Modulo Tarea Compensacion/Liquidacion Periodica/a_Nuevo")): Object: 'Object Repository/1-OBJECTS TAREAS PRINCIPALES/Modulo Tarea Compensacion/Liquidacion Periodica/a_Nuevo' is clicked on

2022-06-10 08:48:16 - [MESSAGE][PASSED] - Object: 'Object Repository/1-OBJECTS TAREAS PRINCIPALES/Modulo Tarea Compensacion/Liquidacion Periodica/a_Nuevo' is clicked on

2022-06-10 08:48:16 - [TEST_STEP][PASSED] - waitForElementClickable(findTestObject("1-OBJECTS TAREAS PRINCIPALES/Modulo Tarea Compensacion/Liquidacion Periodica/select_-- seleccione --BC - PR"), 0, STOP_ON_FAILURE): Object 'Object Repository/1-OBJECTS TAREAS PRINCIPALES/Modulo Tarea Compensacion/Liquidacion Periodica/select_-- seleccione --BC - PR' is clickable

2022-06-10 08:48:16 - [MESSAGE][WARNING] - Timeout '0' is invalid. Using default page load timeout: '37'

2022-06-10 08:48:17 - [MESSAGE][PASSED] - Object 'Object Repository/1-OBJECTS TAREAS PRINCIPALES/Modulo Tarea Compensacion/Liquidacion Periodica/select_-- seleccione --BC - PR' is clickable

2022-06-10 08:48:17 - [TEST_STEP][PASSED] - selectOptionByValue(findTestObject("1-OBJECTS TAREAS PRINCIPALES/Modulo Tarea Compensacion/Liquidacion Periodica/select_-- seleccione --BC - PR"), "BC", true): All options with value 'BC' are selected in object 'Object Repository/1-OBJECTS TAREAS PRINCIPALES/Modulo Tarea Compensacion/Liquidacion Periodica/select_-- seleccione --BC - PR'  using regular expression

2022-06-10 08:48:18 - [MESSAGE][PASSED] - All options with value 'BC' are selected in object 'Object Repository/1-OBJECTS TAREAS PRINCIPALES/Modulo Tarea Compensacion/Liquidacion Periodica/select_-- seleccione --BC - PR'  using regular expression

2022-06-10 08:48:18 - [TEST_STEP][PASSED] - setText(findTestObject("1-OBJECTS TAREAS PRINCIPALES/Modulo Tarea Compensacion/Liquidacion Periodica/input_Fecha Inicial _form_liqu"), "03/07/2021"): Text '03/07/2021' is set on object 'Object Repository/1-OBJECTS TAREAS PRINCIPALES/Modulo Tarea Compensacion/Liquidacion Periodica/input_Fecha Inicial _form_liqu'

2022-06-10 08:48:19 - [MESSAGE][PASSED] - Text '03/07/2021' is set on object 'Object Repository/1-OBJECTS TAREAS PRINCIPALES/Modulo Tarea Compensacion/Liquidacion Periodica/input_Fecha Inicial _form_liqu'

2022-06-10 08:48:19 - [TEST_STEP][PASSED] - sendKeys(findTestObject("1-OBJECTS TAREAS PRINCIPALES/Modulo Tarea Compensacion/Liquidacion Periodica/input_Fecha Inicial _form_liqu"), Keys.chord(ENTER)): Keys 'ENTER + ' sent to object: 'Object Repository/1-OBJECTS TAREAS PRINCIPALES/Modulo Tarea Compensacion/Liquidacion Periodica/input_Fecha Inicial _form_liqu'

2022-06-10 08:48:19 - [MESSAGE][PASSED] - Keys 'ENTER + ' sent to object: 'Object Repository/1-OBJECTS TAREAS PRINCIPALES/Modulo Tarea Compensacion/Liquidacion Periodica/input_Fecha Inicial _form_liqu'

2022-06-10 08:48:19 - [TEST_STEP][PASSED] - waitForElementClickable(findTestObject("1-OBJECTS TAREAS PRINCIPALES/Modulo Tarea Compensacion/Liquidacion Periodica/a_Guardar"), 0): Object 'Object Repository/1-OBJECTS TAREAS PRINCIPALES/Modulo Tarea Compensacion/Liquidacion Periodica/a_Guardar' is clickable

2022-06-10 08:48:19 - [MESSAGE][WARNING] - Timeout '0' is invalid. Using default page load timeout: '37'

2022-06-10 08:48:20 - [MESSAGE][PASSED] - Object 'Object Repository/1-OBJECTS TAREAS PRINCIPALES/Modulo Tarea Compensacion/Liquidacion Periodica/a_Guardar' is clickable

2022-06-10 08:48:20 - [TEST_STEP][PASSED] - click(findTestObject("1-OBJECTS TAREAS PRINCIPALES/Modulo Tarea Compensacion/Liquidacion Periodica/a_Guardar")): Object: 'Object Repository/1-OBJECTS TAREAS PRINCIPALES/Modulo Tarea Compensacion/Liquidacion Periodica/a_Guardar' is clicked on

2022-06-10 08:48:20 - [MESSAGE][PASSED] - Object: 'Object Repository/1-OBJECTS TAREAS PRINCIPALES/Modulo Tarea Compensacion/Liquidacion Periodica/a_Guardar' is clicked on

2022-06-10 08:48:20 - [TEST_STEP][PASSED] - waitForElementVisible(findTestObject("3-OBJECTS UTILIDADES/Alerta/Alerta"), 0): Web element with id: 'Object Repository/3-OBJECTS UTILIDADES/Alerta/Alerta' located by '//div[@id='growl_container']/div/div/div[2]/p' not found

2022-06-10 08:48:20 - [MESSAGE][WARNING] - Timeout '0' is invalid. Using default page load timeout: '37'

2022-06-10 08:48:58 - [MESSAGE][INFO] - Unable to find the element located by 'By.xpath: //div[@id='growl_container']/div/div/div[2]/p'. Please recheck the objects properties to make sure the desired element is located. 

2022-06-10 08:48:58 - [MESSAGE][WARNING] - Web element with id: 'Object Repository/3-OBJECTS UTILIDADES/Alerta/Alerta' located by '//div[@id='growl_container']/div/div/div[2]/p' not found

2022-06-10 08:48:58 - [TEST_STEP][FAILED] - x = getText(findTestObject("3-OBJECTS UTILIDADES/Alerta/Alerta")): Unable to get text of object 'Object Repository/3-OBJECTS UTILIDADES/Alerta/Alerta' (Root cause: com.kms.katalon.core.exception.StepFailedException: Unable to get text of object 'Object Repository/3-OBJECTS UTILIDADES/Alerta/Alerta'
	at com.kms.katalon.core.webui.keyword.internal.WebUIKeywordMain.stepFailed(WebUIKeywordMain.groovy:64)
	at com.kms.katalon.core.webui.keyword.internal.WebUIKeywordMain.runKeyword(WebUIKeywordMain.groovy:26)
	at com.kms.katalon.core.webui.keyword.builtin.GetTextKeyword.getText(GetTextKeyword.groovy:88)
	at com.kms.katalon.core.webui.keyword.builtin.GetTextKeyword.execute(GetTextKeyword.groovy:67)
	at com.kms.katalon.core.keyword.internal.KeywordExecutor.executeKeywordForPlatform(KeywordExecutor.groovy:74)
	at com.kms.katalon.core.webui.keyword.WebUiBuiltInKeywords.getText(WebUiBuiltInKeywords.groovy:918)
	at com.kms.katalon.core.webui.keyword.WebUiBuiltInKeywords$getText$13.call(Unknown Source)
	at 1.2.7-Liquidacion Periodica.run(1.2.7-Liquidacion Periodica:57)
	at com.kms.katalon.core.main.ScriptEngine.run(ScriptEngine.java:194)
	at com.kms.katalon.core.main.ScriptEngine.runScriptAsRawText(ScriptEngine.java:119)
	at com.kms.katalon.core.main.TestCaseExecutor.runScript(TestCaseExecutor.java:445)
	at com.kms.katalon.core.main.TestCaseExecutor.doExecute(TestCaseExecutor.java:436)
	at com.kms.katalon.core.main.TestCaseExecutor.processExecutionPhase(TestCaseExecutor.java:415)
	at com.kms.katalon.core.main.TestCaseExecutor.accessMainPhase(TestCaseExecutor.java:407)
	at com.kms.katalon.core.main.TestCaseExecutor.execute(TestCaseExecutor.java:284)
	at com.kms.katalon.core.common.CommonExecutor.accessTestCaseMainPhase(CommonExecutor.java:65)
	at com.kms.katalon.core.main.TestSuiteExecutor.accessTestSuiteMainPhase(TestSuiteExecutor.java:144)
	at com.kms.katalon.core.main.TestSuiteExecutor.execute(TestSuiteExecutor.java:106)
	at com.kms.katalon.core.main.TestCaseMain.startTestSuite(TestCaseMain.java:185)
	at com.kms.katalon.core.main.TestCaseMain$startTestSuite$0.call(Unknown Source)
	at TempTestSuite1654867643956.run(TempTestSuite1654867643956.groovy:36)
Caused by: com.kms.katalon.core.webui.exception.WebElementNotFoundException: Web element with id: 'Object Repository/3-OBJECTS UTILIDADES/Alerta/Alerta' located by '//div[@id='growl_container']/div/div/div[2]/p' not found
	at com.kms.katalon.core.webui.common.WebUiCommonHelper.findWebElement(WebUiCommonHelper.java:1370)
	at com.kms.katalon.core.webui.keyword.internal.WebUIAbstractKeyword.findWebElement(WebUIAbstractKeyword.groovy:27)
	at com.kms.katalon.core.webui.keyword.internal.WebUIAbstractKeyword.findWebElement(WebUIAbstractKeyword.groovy:26)
	at com.kms.katalon.core.webui.keyword.builtin.GetTextKeyword$_getText_closure1.doCall(GetTextKeyword.groovy:78)
	at com.kms.katalon.core.webui.keyword.builtin.GetTextKeyword$_getText_closure1.call(GetTextKeyword.groovy)
	at com.kms.katalon.core.webui.keyword.internal.WebUIKeywordMain.runKeyword(WebUIKeywordMain.groovy:20)
	at com.kms.katalon.core.webui.keyword.builtin.GetTextKeyword.getText(GetTextKeyword.groovy:88)
	at com.kms.katalon.core.webui.keyword.builtin.GetTextKeyword.execute(GetTextKeyword.groovy:67)
	at com.kms.katalon.core.keyword.internal.KeywordExecutor.executeKeywordForPlatform(KeywordExecutor.groovy:74)
	at com.kms.katalon.core.webui.keyword.WebUiBuiltInKeywords.getText(WebUiBuiltInKeywords.groovy:918)
	at com.kms.katalon.core.webui.keyword.WebUiBuiltInKeywords$getText$13.call(Unknown Source)
	at Script1548864850443.run(Script1548864850443.groovy:57)
	... 13 more
)

2022-06-10 08:49:37 - [MESSAGE][INFO] - Unable to find the element located by 'By.xpath: //div[@id='growl_container']/div/div/div[2]/p'. Please recheck the objects properties to make sure the desired element is located. 

2022-06-10 08:49:37 - [MESSAGE][FAILED] - Unable to get text of object 'Object Repository/3-OBJECTS UTILIDADES/Alerta/Alerta' (Root cause: com.kms.katalon.core.exception.StepFailedException: Unable to get text of object 'Object Repository/3-OBJECTS UTILIDADES/Alerta/Alerta'
	at com.kms.katalon.core.webui.keyword.internal.WebUIKeywordMain.stepFailed(WebUIKeywordMain.groovy:64)
	at com.kms.katalon.core.webui.keyword.internal.WebUIKeywordMain.runKeyword(WebUIKeywordMain.groovy:26)
	at com.kms.katalon.core.webui.keyword.builtin.GetTextKeyword.getText(GetTextKeyword.groovy:88)
	at com.kms.katalon.core.webui.keyword.builtin.GetTextKeyword.execute(GetTextKeyword.groovy:67)
	at com.kms.katalon.core.keyword.internal.KeywordExecutor.executeKeywordForPlatform(KeywordExecutor.groovy:74)
	at com.kms.katalon.core.webui.keyword.WebUiBuiltInKeywords.getText(WebUiBuiltInKeywords.groovy:918)
	at com.kms.katalon.core.webui.keyword.WebUiBuiltInKeywords$getText$13.call(Unknown Source)
	at 1.2.7-Liquidacion Periodica.run(1.2.7-Liquidacion Periodica:57)
	at com.kms.katalon.core.main.ScriptEngine.run(ScriptEngine.java:194)
	at com.kms.katalon.core.main.ScriptEngine.runScriptAsRawText(ScriptEngine.java:119)
	at com.kms.katalon.core.main.TestCaseExecutor.runScript(TestCaseExecutor.java:445)
	at com.kms.katalon.core.main.TestCaseExecutor.doExecute(TestCaseExecutor.java:436)
	at com.kms.katalon.core.main.TestCaseExecutor.processExecutionPhase(TestCaseExecutor.java:415)
	at com.kms.katalon.core.main.TestCaseExecutor.accessMainPhase(TestCaseExecutor.java:407)
	at com.kms.katalon.core.main.TestCaseExecutor.execute(TestCaseExecutor.java:284)
	at com.kms.katalon.core.common.CommonExecutor.accessTestCaseMainPhase(CommonExecutor.java:65)
	at com.kms.katalon.core.main.TestSuiteExecutor.accessTestSuiteMainPhase(TestSuiteExecutor.java:144)
	at com.kms.katalon.core.main.TestSuiteExecutor.execute(TestSuiteExecutor.java:106)
	at com.kms.katalon.core.main.TestCaseMain.startTestSuite(TestCaseMain.java:185)
	at com.kms.katalon.core.main.TestCaseMain$startTestSuite$0.call(Unknown Source)
	at TempTestSuite1654867643956.run(TempTestSuite1654867643956.groovy:36)
Caused by: com.kms.katalon.core.webui.exception.WebElementNotFoundException: Web element with id: 'Object Repository/3-OBJECTS UTILIDADES/Alerta/Alerta' located by '//div[@id='growl_container']/div/div/div[2]/p' not found
	at com.kms.katalon.core.webui.common.WebUiCommonHelper.findWebElement(WebUiCommonHelper.java:1370)
	at com.kms.katalon.core.webui.keyword.internal.WebUIAbstractKeyword.findWebElement(WebUIAbstractKeyword.groovy:27)
	at com.kms.katalon.core.webui.keyword.internal.WebUIAbstractKeyword.findWebElement(WebUIAbstractKeyword.groovy:26)
	at com.kms.katalon.core.webui.keyword.builtin.GetTextKeyword$_getText_closure1.doCall(GetTextKeyword.groovy:78)
	at com.kms.katalon.core.webui.keyword.builtin.GetTextKeyword$_getText_closure1.call(GetTextKeyword.groovy)
	at com.kms.katalon.core.webui.keyword.internal.WebUIKeywordMain.runKeyword(WebUIKeywordMain.groovy:20)
	at com.kms.katalon.core.webui.keyword.builtin.GetTextKeyword.getText(GetTextKeyword.groovy:88)
	at com.kms.katalon.core.webui.keyword.builtin.GetTextKeyword.execute(GetTextKeyword.groovy:67)
	at com.kms.katalon.core.keyword.internal.KeywordExecutor.executeKeywordForPlatform(KeywordExecutor.groovy:74)
	at com.kms.katalon.core.webui.keyword.WebUiBuiltInKeywords.getText(WebUiBuiltInKeywords.groovy:918)
	at com.kms.katalon.core.webui.keyword.WebUiBuiltInKeywords$getText$13.call(Unknown Source)
	at Script1548864850443.run(Script1548864850443.groovy:57)
	... 13 more
)
[[ATTACHMENT|C:\\Users\\diego.rojas\\git\\Pruebas-Minimas\\Reports\\20220610_082723\\Test_Suite_Principales\\1-Tareas Principales\\20220610_082723\\1654868977058.png]]]]></system-out>
         <system-err><![CDATA[2022-06-10 08:48:02 - [TEST_CASE][FAILED] - Test Cases/1.1-Tareas Principales/1.2.7-Liquidacion Periodica: Test Cases/1.1-Tareas Principales/1.2.7-Liquidacion Periodica FAILED.
Reason:
com.kms.katalon.core.exception.StepFailedException: Unable to get text of object 'Object Repository/3-OBJECTS UTILIDADES/Alerta/Alerta'
	at com.kms.katalon.core.webui.keyword.internal.WebUIKeywordMain.stepFailed(WebUIKeywordMain.groovy:64)
	at com.kms.katalon.core.webui.keyword.internal.WebUIKeywordMain.runKeyword(WebUIKeywordMain.groovy:26)
	at com.kms.katalon.core.webui.keyword.builtin.GetTextKeyword.getText(GetTextKeyword.groovy:88)
	at com.kms.katalon.core.webui.keyword.builtin.GetTextKeyword.execute(GetTextKeyword.groovy:67)
	at com.kms.katalon.core.keyword.internal.KeywordExecutor.executeKeywordForPlatform(KeywordExecutor.groovy:74)
	at com.kms.katalon.core.webui.keyword.WebUiBuiltInKeywords.getText(WebUiBuiltInKeywords.groovy:918)
	at com.kms.katalon.core.webui.keyword.WebUiBuiltInKeywords$getText$13.call(Unknown Source)
	at 1.2.7-Liquidacion Periodica.run(1.2.7-Liquidacion Periodica:57)
	at com.kms.katalon.core.main.ScriptEngine.run(ScriptEngine.java:194)
	at com.kms.katalon.core.main.ScriptEngine.runScriptAsRawText(ScriptEngine.java:119)
	at com.kms.katalon.core.main.TestCaseExecutor.runScript(TestCaseExecutor.java:445)
	at com.kms.katalon.core.main.TestCaseExecutor.doExecute(TestCaseExecutor.java:436)
	at com.kms.katalon.core.main.TestCaseExecutor.processExecutionPhase(TestCaseExecutor.java:415)
	at com.kms.katalon.core.main.TestCaseExecutor.accessMainPhase(TestCaseExecutor.java:407)
	at com.kms.katalon.core.main.TestCaseExecutor.execute(TestCaseExecutor.java:284)
	at com.kms.katalon.core.common.CommonExecutor.accessTestCaseMainPhase(CommonExecutor.java:65)
	at com.kms.katalon.core.main.TestSuiteExecutor.accessTestSuiteMainPhase(TestSuiteExecutor.java:144)
	at com.kms.katalon.core.main.TestSuiteExecutor.execute(TestSuiteExecutor.java:106)
	at com.kms.katalon.core.main.TestCaseMain.startTestSuite(TestCaseMain.java:185)
	at com.kms.katalon.core.main.TestCaseMain$startTestSuite$0.call(Unknown Source)
	at TempTestSuite1654867643956.run(TempTestSuite1654867643956.groovy:36)
Caused by: com.kms.katalon.core.webui.exception.WebElementNotFoundException: Web element with id: 'Object Repository/3-OBJECTS UTILIDADES/Alerta/Alerta' located by '//div[@id='growl_container']/div/div/div[2]/p' not found
	at com.kms.katalon.core.webui.common.WebUiCommonHelper.findWebElement(WebUiCommonHelper.java:1370)
	at com.kms.katalon.core.webui.keyword.internal.WebUIAbstractKeyword.findWebElement(WebUIAbstractKeyword.groovy:27)
	at com.kms.katalon.core.webui.keyword.internal.WebUIAbstractKeyword.findWebElement(WebUIAbstractKeyword.groovy:26)
	at com.kms.katalon.core.webui.keyword.builtin.GetTextKeyword$_getText_closure1.doCall(GetTextKeyword.groovy:78)
	at com.kms.katalon.core.webui.keyword.builtin.GetTextKeyword$_getText_closure1.call(GetTextKeyword.groovy)
	at com.kms.katalon.core.webui.keyword.internal.WebUIKeywordMain.runKeyword(WebUIKeywordMain.groovy:20)
	... 19 more]]></system-err>
      </testcase>
      <testcase name="Test Cases/1.1-Tareas Principales/1.2.8-Embargos" time="55.307" classname="Test Cases/1.1-Tareas Principales/1.2.8-Embargos" status="FAILED">
         <failure type="FAILED" message="Test Cases/1.1-Tareas Principales/1.2.8-Embargos FAILED.
Reason:
com.kms.katalon.core.exception.StepFailedException: Unable to get text of object 'Object Repository/3-OBJECTS UTILIDADES/Alerta/Alerta'
	at com.kms.katalon.core.webui.keyword.internal.WebUIKeywordMain.stepFailed(WebUIKeywordMain.groovy:64)
	at com.kms.katalon.core.webui.keyword.internal.WebUIKeywordMain.runKeyword(WebUIKeywordMain.groovy:26)
	at com.kms.katalon.core.webui.keyword.builtin.GetTextKeyword.getText(GetTextKeyword.groovy:88)
	at com.kms.katalon.core.webui.keyword.builtin.GetTextKeyword.execute(GetTextKeyword.groovy:67)
	at com.kms.katalon.core.keyword.internal.KeywordExecutor.executeKeywordForPlatform(KeywordExecutor.groovy:74)
	at com.kms.katalon.core.webui.keyword.WebUiBuiltInKeywords.getText(WebUiBuiltInKeywords.groovy:918)
	at com.kms.katalon.core.webui.keyword.WebUiBuiltInKeywords$getText$13.call(Unknown Source)
	at 1.2.8-Embargos.run(1.2.8-Embargos:48)
	at com.kms.katalon.core.main.ScriptEngine.run(ScriptEngine.java:194)
	at com.kms.katalon.core.main.ScriptEngine.runScriptAsRawText(ScriptEngine.java:119)
	at com.kms.katalon.core.main.TestCaseExecutor.runScript(TestCaseExecutor.java:445)
	at com.kms.katalon.core.main.TestCaseExecutor.doExecute(TestCaseExecutor.java:436)
	at com.kms.katalon.core.main.TestCaseExecutor.processExecutionPhase(TestCaseExecutor.java:415)
	at com.kms.katalon.core.main.TestCaseExecutor.accessMainPhase(TestCaseExecutor.java:407)
	at com.kms.katalon.core.main.TestCaseExecutor.execute(TestCaseExecutor.java:284)
	at com.kms.katalon.core.common.CommonExecutor.accessTestCaseMainPhase(CommonExecutor.java:65)
	at com.kms.katalon.core.main.TestSuiteExecutor.accessTestSuiteMainPhase(TestSuiteExecutor.java:144)
	at com.kms.katalon.core.main.TestSuiteExecutor.execute(TestSuiteExecutor.java:106)
	at com.kms.katalon.core.main.TestCaseMain.startTestSuite(TestCaseMain.java:185)
	at com.kms.katalon.core.main.TestCaseMain$startTestSuite$0.call(Unknown Source)
	at TempTestSuite1654867643956.run(TempTestSuite1654867643956.groovy:36)
Caused by: com.kms.katalon.core.webui.exception.WebElementNotFoundException: Web element with id: 'Object Repository/3-OBJECTS UTILIDADES/Alerta/Alerta' located by '//div[@id='growl_container']/div/div/div[2]/p' not found
	at com.kms.katalon.core.webui.common.WebUiCommonHelper.findWebElement(WebUiCommonHelper.java:1370)
	at com.kms.katalon.core.webui.keyword.internal.WebUIAbstractKeyword.findWebElement(WebUIAbstractKeyword.groovy:27)
	at com.kms.katalon.core.webui.keyword.internal.WebUIAbstractKeyword.findWebElement(WebUIAbstractKeyword.groovy:26)
	at com.kms.katalon.core.webui.keyword.builtin.GetTextKeyword$_getText_closure1.doCall(GetTextKeyword.groovy:78)
	at com.kms.katalon.core.webui.keyword.builtin.GetTextKeyword$_getText_closure1.call(GetTextKeyword.groovy)
	at com.kms.katalon.core.webui.keyword.internal.WebUIKeywordMain.runKeyword(WebUIKeywordMain.groovy:20)
	... 19 more
"/>
         <system-out><![CDATA[2022-06-10 08:49:37 - [TEST_CASE][FAILED] - Test Cases/1.1-Tareas Principales/1.2.8-Embargos: Test Cases/1.1-Tareas Principales/1.2.8-Embargos FAILED.
Reason:
com.kms.katalon.core.exception.StepFailedException: Unable to get text of object 'Object Repository/3-OBJECTS UTILIDADES/Alerta/Alerta'
	at com.kms.katalon.core.webui.keyword.internal.WebUIKeywordMain.stepFailed(WebUIKeywordMain.groovy:64)
	at com.kms.katalon.core.webui.keyword.internal.WebUIKeywordMain.runKeyword(WebUIKeywordMain.groovy:26)
	at com.kms.katalon.core.webui.keyword.builtin.GetTextKeyword.getText(GetTextKeyword.groovy:88)
	at com.kms.katalon.core.webui.keyword.builtin.GetTextKeyword.execute(GetTextKeyword.groovy:67)
	at com.kms.katalon.core.keyword.internal.KeywordExecutor.executeKeywordForPlatform(KeywordExecutor.groovy:74)
	at com.kms.katalon.core.webui.keyword.WebUiBuiltInKeywords.getText(WebUiBuiltInKeywords.groovy:918)
	at com.kms.katalon.core.webui.keyword.WebUiBuiltInKeywords$getText$13.call(Unknown Source)
	at 1.2.8-Embargos.run(1.2.8-Embargos:48)
	at com.kms.katalon.core.main.ScriptEngine.run(ScriptEngine.java:194)
	at com.kms.katalon.core.main.ScriptEngine.runScriptAsRawText(ScriptEngine.java:119)
	at com.kms.katalon.core.main.TestCaseExecutor.runScript(TestCaseExecutor.java:445)
	at com.kms.katalon.core.main.TestCaseExecutor.doExecute(TestCaseExecutor.java:436)
	at com.kms.katalon.core.main.TestCaseExecutor.processExecutionPhase(TestCaseExecutor.java:415)
	at com.kms.katalon.core.main.TestCaseExecutor.accessMainPhase(TestCaseExecutor.java:407)
	at com.kms.katalon.core.main.TestCaseExecutor.execute(TestCaseExecutor.java:284)
	at com.kms.katalon.core.common.CommonExecutor.accessTestCaseMainPhase(CommonExecutor.java:65)
	at com.kms.katalon.core.main.TestSuiteExecutor.accessTestSuiteMainPhase(TestSuiteExecutor.java:144)
	at com.kms.katalon.core.main.TestSuiteExecutor.execute(TestSuiteExecutor.java:106)
	at com.kms.katalon.core.main.TestCaseMain.startTestSuite(TestCaseMain.java:185)
	at com.kms.katalon.core.main.TestCaseMain$startTestSuite$0.call(Unknown Source)
	at TempTestSuite1654867643956.run(TempTestSuite1654867643956.groovy:36)
Caused by: com.kms.katalon.core.webui.exception.WebElementNotFoundException: Web element with id: 'Object Repository/3-OBJECTS UTILIDADES/Alerta/Alerta' located by '//div[@id='growl_container']/div/div/div[2]/p' not found
	at com.kms.katalon.core.webui.common.WebUiCommonHelper.findWebElement(WebUiCommonHelper.java:1370)
	at com.kms.katalon.core.webui.keyword.internal.WebUIAbstractKeyword.findWebElement(WebUIAbstractKeyword.groovy:27)
	at com.kms.katalon.core.webui.keyword.internal.WebUIAbstractKeyword.findWebElement(WebUIAbstractKeyword.groovy:26)
	at com.kms.katalon.core.webui.keyword.builtin.GetTextKeyword$_getText_closure1.doCall(GetTextKeyword.groovy:78)
	at com.kms.katalon.core.webui.keyword.builtin.GetTextKeyword$_getText_closure1.call(GetTextKeyword.groovy)
	at com.kms.katalon.core.webui.keyword.internal.WebUIKeywordMain.runKeyword(WebUIKeywordMain.groovy:20)
	... 19 more


2022-06-10 08:49:37 - [TEST_STEP][PASSED] - callTestCase(findTestCase("Utilidades-(atajos_para _tareas)/Tareas Administracion Compensacion/Tarea Listado Empleados"), [:], STOP_ON_FAILURE): Call Test Case 'Test Cases/Utilidades-(atajos_para _tareas)/Tareas Administracion Compensacion/Tarea Listado Empleados' successfully

2022-06-10 08:49:37 - [TEST_CASE][PASSED] - Test Cases/Utilidades-(atajos_para _tareas)/Tareas Administracion Compensacion/Tarea Listado Empleados: Test Cases/Utilidades-(atajos_para _tareas)/Tareas Administracion Compensacion/Tarea Listado Empleados

2022-06-10 08:49:37 - [TEST_STEP][PASSED] - callTestCase(findTestCase("0.1-Login"), [:], STOP_ON_FAILURE): Call Test Case 'Test Cases/0.1-Login' successfully

2022-06-10 08:49:37 - [TEST_CASE][PASSED] - Test Cases/0.1-Login: Test Cases/0.1-Login

2022-06-10 08:49:37 - [TEST_STEP][PASSED] - openBrowser(""): Browser is opened with url: ''

2022-06-10 08:49:37 - [MESSAGE][WARNING] - A browser is already opened. Closing browser and opening a new one

2022-06-10 08:49:38 - [MESSAGE][INFO] - Starting 'Chrome' driver

2022-06-10 08:49:38 - [MESSAGE][INFO] - Action delay is set to 0 milliseconds

2022-06-10 08:49:39 - [MESSAGE][PASSED] - Browser is opened with url: ''

2022-06-10 08:49:39 - [TEST_STEP][PASSED] - maximizeWindow(): Current window maximized

2022-06-10 08:49:39 - [MESSAGE][PASSED] - Current window maximized

2022-06-10 08:49:39 - [TEST_STEP][PASSED] - i = G_Login: null

2022-06-10 08:49:39 - [TEST_STEP][PASSED] - url = new java.net.URL(i): null

2022-06-10 08:49:39 - [TEST_STEP][PASSED] - println("URL: " + url.toString()): null

2022-06-10 08:49:39 - [TEST_STEP][PASSED] - connection = url.openConnection(): null

2022-06-10 08:49:39 - [TEST_STEP][PASSED] - connection.setRequestMethod("GET"): null

2022-06-10 08:49:39 - [TEST_STEP][PASSED] - connection.setReadTimeout(2 * 1000): null

2022-06-10 08:49:39 - [TEST_STEP][PASSED] - try: null

2022-06-10 08:49:39 - [TEST_STEP][PASSED] - connection.connect(): null

2022-06-10 08:49:39 - [TEST_STEP][PASSED] - flag = connected: null

2022-06-10 08:49:39 - [TEST_STEP][PASSED] - println("Valor_ori: " + flag): null

2022-06-10 08:49:39 - [TEST_STEP][PASSED] - if (flag): null

2022-06-10 08:49:39 - [TEST_STEP][PASSED] - navigateToUrl(i): Navigate to 'http://192.168.2.19:8380/saraweb' successfully

2022-06-10 08:49:40 - [MESSAGE][PASSED] - Navigate to 'http://192.168.2.19:8380/saraweb' successfully

2022-06-10 08:49:40 - [TEST_STEP][PASSED] - a(): null

2022-06-10 08:49:40 - [TEST_STEP][PASSED] - setText(findTestObject("3-OBJECTS UTILIDADES/Login/input_USUARIO_loginusuario"), G_Usuario): Text 'saraadmin' is set on object 'Object Repository/3-OBJECTS UTILIDADES/Login/input_USUARIO_loginusuario'

2022-06-10 08:49:41 - [MESSAGE][PASSED] - Text 'saraadmin' is set on object 'Object Repository/3-OBJECTS UTILIDADES/Login/input_USUARIO_loginusuario'

2022-06-10 08:49:41 - [TEST_STEP][PASSED] - setEncryptedText(findTestObject("3-OBJECTS UTILIDADES/Login/input_CLAVE_loginpassword"), "MkG4/TYiCFC3cb2driP7+Q=="): Text ****** has been set on object 'Object Repository/3-OBJECTS UTILIDADES/Login/input_CLAVE_loginpassword'

2022-06-10 08:49:41 - [MESSAGE][PASSED] - Text ****** has been set on object 'Object Repository/3-OBJECTS UTILIDADES/Login/input_CLAVE_loginpassword'

2022-06-10 08:49:41 - [TEST_STEP][PASSED] - waitForElementClickable(findTestObject("3-OBJECTS UTILIDADES/Login/a_Ingresar"), G_TimeOut): Object 'Object Repository/3-OBJECTS UTILIDADES/Login/a_Ingresar' is clickable

2022-06-10 08:49:41 - [MESSAGE][PASSED] - Object 'Object Repository/3-OBJECTS UTILIDADES/Login/a_Ingresar' is clickable

2022-06-10 08:49:41 - [TEST_STEP][PASSED] - click(findTestObject("3-OBJECTS UTILIDADES/Login/a_Ingresar")): Object: 'Object Repository/3-OBJECTS UTILIDADES/Login/a_Ingresar' is clicked on

2022-06-10 08:49:43 - [MESSAGE][PASSED] - Object: 'Object Repository/3-OBJECTS UTILIDADES/Login/a_Ingresar' is clicked on

2022-06-10 08:49:43 - [TEST_STEP][PASSED] - element = findWebElement(findTestObject("3-OBJECTS UTILIDADES/Login/a_Ir"), 30): null

2022-06-10 08:49:43 - [TEST_STEP][PASSED] - executeJavaScript("arguments[0].click()", Arrays.asList(element)): Execute JavaScript 'arguments[0].click()' successfully

2022-06-10 08:49:43 - [MESSAGE][PASSED] - Execute JavaScript 'arguments[0].click()' successfully

2022-06-10 08:49:43 - [MESSAGE][PASSED] - Call Test Case 'Test Cases/0.1-Login' successfully

2022-06-10 08:49:43 - [TEST_STEP][PASSED] - setText(findTestObject("1-OBJECTS TAREAS PRINCIPALES/Modulo Tarea Listado Hojas de Vida/Tareas Listado Hojas de Vida/input_Listado Hojas De Vida_form_templatej_idt24_input"), "Listado de Empleados"): Text 'Listado de Empleados' is set on object 'Object Repository/1-OBJECTS TAREAS PRINCIPALES/Modulo Tarea Listado Hojas de Vida/Tareas Listado Hojas de Vida/input_Listado Hojas De Vida_form_templatej_idt24_input'

2022-06-10 08:49:44 - [MESSAGE][PASSED] - Text 'Listado de Empleados' is set on object 'Object Repository/1-OBJECTS TAREAS PRINCIPALES/Modulo Tarea Listado Hojas de Vida/Tareas Listado Hojas de Vida/input_Listado Hojas De Vida_form_templatej_idt24_input'

2022-06-10 08:49:44 - [TEST_STEP][PASSED] - waitForElementVisible(findTestObject("1-OBJECTS TAREAS PRINCIPALES/Modulo Tarea Listado Hojas de Vida/Tareas Listado Hojas de Vida/span_Listado de Empleados"), 0): Object 'Object Repository/1-OBJECTS TAREAS PRINCIPALES/Modulo Tarea Listado Hojas de Vida/Tareas Listado Hojas de Vida/span_Listado de Empleados' is visible

2022-06-10 08:49:44 - [MESSAGE][WARNING] - Timeout '0' is invalid. Using default page load timeout: '37'

2022-06-10 08:49:46 - [MESSAGE][PASSED] - Object 'Object Repository/1-OBJECTS TAREAS PRINCIPALES/Modulo Tarea Listado Hojas de Vida/Tareas Listado Hojas de Vida/span_Listado de Empleados' is visible

2022-06-10 08:49:46 - [TEST_STEP][PASSED] - click(findTestObject("1-OBJECTS TAREAS PRINCIPALES/Modulo Tarea Listado Hojas de Vida/Tareas Listado Hojas de Vida/span_Listado de Empleados")): Object: 'Object Repository/1-OBJECTS TAREAS PRINCIPALES/Modulo Tarea Listado Hojas de Vida/Tareas Listado Hojas de Vida/span_Listado de Empleados' is clicked on

2022-06-10 08:49:46 - [MESSAGE][PASSED] - Object: 'Object Repository/1-OBJECTS TAREAS PRINCIPALES/Modulo Tarea Listado Hojas de Vida/Tareas Listado Hojas de Vida/span_Listado de Empleados' is clicked on

2022-06-10 08:49:46 - [MESSAGE][PASSED] - Call Test Case 'Test Cases/Utilidades-(atajos_para _tareas)/Tareas Administracion Compensacion/Tarea Listado Empleados' successfully

2022-06-10 08:49:46 - [TEST_STEP][PASSED] - waitForElementClickable(findTestObject("1-OBJECTS TAREAS PRINCIPALES/Modulo Tarea Compensacion/Embargos/input_Identificacin_listadoEmp"), 0): Object 'Object Repository/1-OBJECTS TAREAS PRINCIPALES/Modulo Tarea Compensacion/Embargos/input_Identificacin_listadoEmp' is clickable

2022-06-10 08:49:46 - [MESSAGE][WARNING] - Timeout '0' is invalid. Using default page load timeout: '37'

2022-06-10 08:49:47 - [MESSAGE][PASSED] - Object 'Object Repository/1-OBJECTS TAREAS PRINCIPALES/Modulo Tarea Compensacion/Embargos/input_Identificacin_listadoEmp' is clickable

2022-06-10 08:49:47 - [TEST_STEP][PASSED] - setText(findTestObject("1-OBJECTS TAREAS PRINCIPALES/Modulo Tarea Compensacion/Embargos/input_Identificacin_listadoEmp"), "354968431354"): Text '354968431354' is set on object 'Object Repository/1-OBJECTS TAREAS PRINCIPALES/Modulo Tarea Compensacion/Embargos/input_Identificacin_listadoEmp'

2022-06-10 08:49:48 - [MESSAGE][PASSED] - Text '354968431354' is set on object 'Object Repository/1-OBJECTS TAREAS PRINCIPALES/Modulo Tarea Compensacion/Embargos/input_Identificacin_listadoEmp'

2022-06-10 08:49:48 - [TEST_STEP][PASSED] - sendKeys(findTestObject("1-OBJECTS TAREAS PRINCIPALES/Modulo Tarea Compensacion/Embargos/input_Identificacin_listadoEmp"), Keys.chord(ENTER)): Keys 'ENTER + ' sent to object: 'Object Repository/1-OBJECTS TAREAS PRINCIPALES/Modulo Tarea Compensacion/Embargos/input_Identificacin_listadoEmp'

2022-06-10 08:49:48 - [MESSAGE][PASSED] - Keys 'ENTER + ' sent to object: 'Object Repository/1-OBJECTS TAREAS PRINCIPALES/Modulo Tarea Compensacion/Embargos/input_Identificacin_listadoEmp'

2022-06-10 08:49:48 - [TEST_STEP][PASSED] - click(findTestObject("1-OBJECTS TAREAS PRINCIPALES/Modulo Tarea Compensacion/Embargos/span_CONSTA BELFEGORD JHON")): Object: 'Object Repository/1-OBJECTS TAREAS PRINCIPALES/Modulo Tarea Compensacion/Embargos/span_CONSTA BELFEGORD JHON' is clicked on

2022-06-10 08:49:49 - [MESSAGE][PASSED] - Object: 'Object Repository/1-OBJECTS TAREAS PRINCIPALES/Modulo Tarea Compensacion/Embargos/span_CONSTA BELFEGORD JHON' is clicked on

2022-06-10 08:49:49 - [TEST_STEP][PASSED] - click(findTestObject("1-OBJECTS TAREAS PRINCIPALES/Modulo Tarea Compensacion/Embargos/span_Embargos")): Object: 'Object Repository/1-OBJECTS TAREAS PRINCIPALES/Modulo Tarea Compensacion/Embargos/span_Embargos' is clicked on

2022-06-10 08:49:49 - [MESSAGE][PASSED] - Object: 'Object Repository/1-OBJECTS TAREAS PRINCIPALES/Modulo Tarea Compensacion/Embargos/span_Embargos' is clicked on

2022-06-10 08:49:49 - [TEST_STEP][PASSED] - click(findTestObject("1-OBJECTS TAREAS PRINCIPALES/Modulo Tarea Compensacion/Embargos/a_Nuevo")): Object: 'Object Repository/1-OBJECTS TAREAS PRINCIPALES/Modulo Tarea Compensacion/Embargos/a_Nuevo' is clicked on

2022-06-10 08:49:50 - [MESSAGE][PASSED] - Object: 'Object Repository/1-OBJECTS TAREAS PRINCIPALES/Modulo Tarea Compensacion/Embargos/a_Nuevo' is clicked on

2022-06-10 08:49:50 - [TEST_STEP][PASSED] - selectOptionByValue(findTestObject("1-OBJECTS TAREAS PRINCIPALES/Modulo Tarea Compensacion/Embargos/select_-- seleccione --E5 - EM"), "E5", true): All options with value 'E5' are selected in object 'Object Repository/1-OBJECTS TAREAS PRINCIPALES/Modulo Tarea Compensacion/Embargos/select_-- seleccione --E5 - EM'  using regular expression

2022-06-10 08:49:52 - [MESSAGE][PASSED] - All options with value 'E5' are selected in object 'Object Repository/1-OBJECTS TAREAS PRINCIPALES/Modulo Tarea Compensacion/Embargos/select_-- seleccione --E5 - EM'  using regular expression

2022-06-10 08:49:52 - [TEST_STEP][PASSED] - setText(findTestObject("1-OBJECTS TAREAS PRINCIPALES/Modulo Tarea Compensacion/Embargos/input_Fecha Inicial _form_emba"), "27/12/2018"): Text '27/12/2018' is set on object 'Object Repository/1-OBJECTS TAREAS PRINCIPALES/Modulo Tarea Compensacion/Embargos/input_Fecha Inicial _form_emba'

2022-06-10 08:49:53 - [MESSAGE][PASSED] - Text '27/12/2018' is set on object 'Object Repository/1-OBJECTS TAREAS PRINCIPALES/Modulo Tarea Compensacion/Embargos/input_Fecha Inicial _form_emba'

2022-06-10 08:49:53 - [TEST_STEP][PASSED] - sendKeys(findTestObject("1-OBJECTS TAREAS PRINCIPALES/Modulo Tarea Compensacion/Embargos/input_Fecha Inicial _form_emba"), Keys.chord(ENTER)): Keys 'ENTER + ' sent to object: 'Object Repository/1-OBJECTS TAREAS PRINCIPALES/Modulo Tarea Compensacion/Embargos/input_Fecha Inicial _form_emba'

2022-06-10 08:49:53 - [MESSAGE][PASSED] - Keys 'ENTER + ' sent to object: 'Object Repository/1-OBJECTS TAREAS PRINCIPALES/Modulo Tarea Compensacion/Embargos/input_Fecha Inicial _form_emba'

2022-06-10 08:49:53 - [TEST_STEP][PASSED] - click(findTestObject("1-OBJECTS TAREAS PRINCIPALES/Modulo Tarea Compensacion/Embargos/a_Guardar")): Object: 'Object Repository/1-OBJECTS TAREAS PRINCIPALES/Modulo Tarea Compensacion/Embargos/a_Guardar' is clicked on

2022-06-10 08:49:54 - [MESSAGE][PASSED] - Object: 'Object Repository/1-OBJECTS TAREAS PRINCIPALES/Modulo Tarea Compensacion/Embargos/a_Guardar' is clicked on

2022-06-10 08:49:54 - [TEST_STEP][FAILED] - Alerta = getText(findTestObject("3-OBJECTS UTILIDADES/Alerta/Alerta")): Unable to get text of object 'Object Repository/3-OBJECTS UTILIDADES/Alerta/Alerta' (Root cause: com.kms.katalon.core.exception.StepFailedException: Unable to get text of object 'Object Repository/3-OBJECTS UTILIDADES/Alerta/Alerta'
	at com.kms.katalon.core.webui.keyword.internal.WebUIKeywordMain.stepFailed(WebUIKeywordMain.groovy:64)
	at com.kms.katalon.core.webui.keyword.internal.WebUIKeywordMain.runKeyword(WebUIKeywordMain.groovy:26)
	at com.kms.katalon.core.webui.keyword.builtin.GetTextKeyword.getText(GetTextKeyword.groovy:88)
	at com.kms.katalon.core.webui.keyword.builtin.GetTextKeyword.execute(GetTextKeyword.groovy:67)
	at com.kms.katalon.core.keyword.internal.KeywordExecutor.executeKeywordForPlatform(KeywordExecutor.groovy:74)
	at com.kms.katalon.core.webui.keyword.WebUiBuiltInKeywords.getText(WebUiBuiltInKeywords.groovy:918)
	at com.kms.katalon.core.webui.keyword.WebUiBuiltInKeywords$getText$13.call(Unknown Source)
	at 1.2.8-Embargos.run(1.2.8-Embargos:48)
	at com.kms.katalon.core.main.ScriptEngine.run(ScriptEngine.java:194)
	at com.kms.katalon.core.main.ScriptEngine.runScriptAsRawText(ScriptEngine.java:119)
	at com.kms.katalon.core.main.TestCaseExecutor.runScript(TestCaseExecutor.java:445)
	at com.kms.katalon.core.main.TestCaseExecutor.doExecute(TestCaseExecutor.java:436)
	at com.kms.katalon.core.main.TestCaseExecutor.processExecutionPhase(TestCaseExecutor.java:415)
	at com.kms.katalon.core.main.TestCaseExecutor.accessMainPhase(TestCaseExecutor.java:407)
	at com.kms.katalon.core.main.TestCaseExecutor.execute(TestCaseExecutor.java:284)
	at com.kms.katalon.core.common.CommonExecutor.accessTestCaseMainPhase(CommonExecutor.java:65)
	at com.kms.katalon.core.main.TestSuiteExecutor.accessTestSuiteMainPhase(TestSuiteExecutor.java:144)
	at com.kms.katalon.core.main.TestSuiteExecutor.execute(TestSuiteExecutor.java:106)
	at com.kms.katalon.core.main.TestCaseMain.startTestSuite(TestCaseMain.java:185)
	at com.kms.katalon.core.main.TestCaseMain$startTestSuite$0.call(Unknown Source)
	at TempTestSuite1654867643956.run(TempTestSuite1654867643956.groovy:36)
Caused by: com.kms.katalon.core.webui.exception.WebElementNotFoundException: Web element with id: 'Object Repository/3-OBJECTS UTILIDADES/Alerta/Alerta' located by '//div[@id='growl_container']/div/div/div[2]/p' not found
	at com.kms.katalon.core.webui.common.WebUiCommonHelper.findWebElement(WebUiCommonHelper.java:1370)
	at com.kms.katalon.core.webui.keyword.internal.WebUIAbstractKeyword.findWebElement(WebUIAbstractKeyword.groovy:27)
	at com.kms.katalon.core.webui.keyword.internal.WebUIAbstractKeyword.findWebElement(WebUIAbstractKeyword.groovy:26)
	at com.kms.katalon.core.webui.keyword.builtin.GetTextKeyword$_getText_closure1.doCall(GetTextKeyword.groovy:78)
	at com.kms.katalon.core.webui.keyword.builtin.GetTextKeyword$_getText_closure1.call(GetTextKeyword.groovy)
	at com.kms.katalon.core.webui.keyword.internal.WebUIKeywordMain.runKeyword(WebUIKeywordMain.groovy:20)
	at com.kms.katalon.core.webui.keyword.builtin.GetTextKeyword.getText(GetTextKeyword.groovy:88)
	at com.kms.katalon.core.webui.keyword.builtin.GetTextKeyword.execute(GetTextKeyword.groovy:67)
	at com.kms.katalon.core.keyword.internal.KeywordExecutor.executeKeywordForPlatform(KeywordExecutor.groovy:74)
	at com.kms.katalon.core.webui.keyword.WebUiBuiltInKeywords.getText(WebUiBuiltInKeywords.groovy:918)
	at com.kms.katalon.core.webui.keyword.WebUiBuiltInKeywords$getText$13.call(Unknown Source)
	at Script1548864867986.run(Script1548864867986.groovy:48)
	... 13 more
)

2022-06-10 08:50:32 - [MESSAGE][INFO] - Unable to find the element located by 'By.xpath: //div[@id='growl_container']/div/div/div[2]/p'. Please recheck the objects properties to make sure the desired element is located. 

2022-06-10 08:50:32 - [MESSAGE][FAILED] - Unable to get text of object 'Object Repository/3-OBJECTS UTILIDADES/Alerta/Alerta' (Root cause: com.kms.katalon.core.exception.StepFailedException: Unable to get text of object 'Object Repository/3-OBJECTS UTILIDADES/Alerta/Alerta'
	at com.kms.katalon.core.webui.keyword.internal.WebUIKeywordMain.stepFailed(WebUIKeywordMain.groovy:64)
	at com.kms.katalon.core.webui.keyword.internal.WebUIKeywordMain.runKeyword(WebUIKeywordMain.groovy:26)
	at com.kms.katalon.core.webui.keyword.builtin.GetTextKeyword.getText(GetTextKeyword.groovy:88)
	at com.kms.katalon.core.webui.keyword.builtin.GetTextKeyword.execute(GetTextKeyword.groovy:67)
	at com.kms.katalon.core.keyword.internal.KeywordExecutor.executeKeywordForPlatform(KeywordExecutor.groovy:74)
	at com.kms.katalon.core.webui.keyword.WebUiBuiltInKeywords.getText(WebUiBuiltInKeywords.groovy:918)
	at com.kms.katalon.core.webui.keyword.WebUiBuiltInKeywords$getText$13.call(Unknown Source)
	at 1.2.8-Embargos.run(1.2.8-Embargos:48)
	at com.kms.katalon.core.main.ScriptEngine.run(ScriptEngine.java:194)
	at com.kms.katalon.core.main.ScriptEngine.runScriptAsRawText(ScriptEngine.java:119)
	at com.kms.katalon.core.main.TestCaseExecutor.runScript(TestCaseExecutor.java:445)
	at com.kms.katalon.core.main.TestCaseExecutor.doExecute(TestCaseExecutor.java:436)
	at com.kms.katalon.core.main.TestCaseExecutor.processExecutionPhase(TestCaseExecutor.java:415)
	at com.kms.katalon.core.main.TestCaseExecutor.accessMainPhase(TestCaseExecutor.java:407)
	at com.kms.katalon.core.main.TestCaseExecutor.execute(TestCaseExecutor.java:284)
	at com.kms.katalon.core.common.CommonExecutor.accessTestCaseMainPhase(CommonExecutor.java:65)
	at com.kms.katalon.core.main.TestSuiteExecutor.accessTestSuiteMainPhase(TestSuiteExecutor.java:144)
	at com.kms.katalon.core.main.TestSuiteExecutor.execute(TestSuiteExecutor.java:106)
	at com.kms.katalon.core.main.TestCaseMain.startTestSuite(TestCaseMain.java:185)
	at com.kms.katalon.core.main.TestCaseMain$startTestSuite$0.call(Unknown Source)
	at TempTestSuite1654867643956.run(TempTestSuite1654867643956.groovy:36)
Caused by: com.kms.katalon.core.webui.exception.WebElementNotFoundException: Web element with id: 'Object Repository/3-OBJECTS UTILIDADES/Alerta/Alerta' located by '//div[@id='growl_container']/div/div/div[2]/p' not found
	at com.kms.katalon.core.webui.common.WebUiCommonHelper.findWebElement(WebUiCommonHelper.java:1370)
	at com.kms.katalon.core.webui.keyword.internal.WebUIAbstractKeyword.findWebElement(WebUIAbstractKeyword.groovy:27)
	at com.kms.katalon.core.webui.keyword.internal.WebUIAbstractKeyword.findWebElement(WebUIAbstractKeyword.groovy:26)
	at com.kms.katalon.core.webui.keyword.builtin.GetTextKeyword$_getText_closure1.doCall(GetTextKeyword.groovy:78)
	at com.kms.katalon.core.webui.keyword.builtin.GetTextKeyword$_getText_closure1.call(GetTextKeyword.groovy)
	at com.kms.katalon.core.webui.keyword.internal.WebUIKeywordMain.runKeyword(WebUIKeywordMain.groovy:20)
	at com.kms.katalon.core.webui.keyword.builtin.GetTextKeyword.getText(GetTextKeyword.groovy:88)
	at com.kms.katalon.core.webui.keyword.builtin.GetTextKeyword.execute(GetTextKeyword.groovy:67)
	at com.kms.katalon.core.keyword.internal.KeywordExecutor.executeKeywordForPlatform(KeywordExecutor.groovy:74)
	at com.kms.katalon.core.webui.keyword.WebUiBuiltInKeywords.getText(WebUiBuiltInKeywords.groovy:918)
	at com.kms.katalon.core.webui.keyword.WebUiBuiltInKeywords$getText$13.call(Unknown Source)
	at Script1548864867986.run(Script1548864867986.groovy:48)
	... 13 more
)
[[ATTACHMENT|C:\\Users\\diego.rojas\\git\\Pruebas-Minimas\\Reports\\20220610_082723\\Test_Suite_Principales\\1-Tareas Principales\\20220610_082723\\1654869032370.png]]]]></system-out>
         <system-err><![CDATA[2022-06-10 08:49:37 - [TEST_CASE][FAILED] - Test Cases/1.1-Tareas Principales/1.2.8-Embargos: Test Cases/1.1-Tareas Principales/1.2.8-Embargos FAILED.
Reason:
com.kms.katalon.core.exception.StepFailedException: Unable to get text of object 'Object Repository/3-OBJECTS UTILIDADES/Alerta/Alerta'
	at com.kms.katalon.core.webui.keyword.internal.WebUIKeywordMain.stepFailed(WebUIKeywordMain.groovy:64)
	at com.kms.katalon.core.webui.keyword.internal.WebUIKeywordMain.runKeyword(WebUIKeywordMain.groovy:26)
	at com.kms.katalon.core.webui.keyword.builtin.GetTextKeyword.getText(GetTextKeyword.groovy:88)
	at com.kms.katalon.core.webui.keyword.builtin.GetTextKeyword.execute(GetTextKeyword.groovy:67)
	at com.kms.katalon.core.keyword.internal.KeywordExecutor.executeKeywordForPlatform(KeywordExecutor.groovy:74)
	at com.kms.katalon.core.webui.keyword.WebUiBuiltInKeywords.getText(WebUiBuiltInKeywords.groovy:918)
	at com.kms.katalon.core.webui.keyword.WebUiBuiltInKeywords$getText$13.call(Unknown Source)
	at 1.2.8-Embargos.run(1.2.8-Embargos:48)
	at com.kms.katalon.core.main.ScriptEngine.run(ScriptEngine.java:194)
	at com.kms.katalon.core.main.ScriptEngine.runScriptAsRawText(ScriptEngine.java:119)
	at com.kms.katalon.core.main.TestCaseExecutor.runScript(TestCaseExecutor.java:445)
	at com.kms.katalon.core.main.TestCaseExecutor.doExecute(TestCaseExecutor.java:436)
	at com.kms.katalon.core.main.TestCaseExecutor.processExecutionPhase(TestCaseExecutor.java:415)
	at com.kms.katalon.core.main.TestCaseExecutor.accessMainPhase(TestCaseExecutor.java:407)
	at com.kms.katalon.core.main.TestCaseExecutor.execute(TestCaseExecutor.java:284)
	at com.kms.katalon.core.common.CommonExecutor.accessTestCaseMainPhase(CommonExecutor.java:65)
	at com.kms.katalon.core.main.TestSuiteExecutor.accessTestSuiteMainPhase(TestSuiteExecutor.java:144)
	at com.kms.katalon.core.main.TestSuiteExecutor.execute(TestSuiteExecutor.java:106)
	at com.kms.katalon.core.main.TestCaseMain.startTestSuite(TestCaseMain.java:185)
	at com.kms.katalon.core.main.TestCaseMain$startTestSuite$0.call(Unknown Source)
	at TempTestSuite1654867643956.run(TempTestSuite1654867643956.groovy:36)
Caused by: com.kms.katalon.core.webui.exception.WebElementNotFoundException: Web element with id: 'Object Repository/3-OBJECTS UTILIDADES/Alerta/Alerta' located by '//div[@id='growl_container']/div/div/div[2]/p' not found
	at com.kms.katalon.core.webui.common.WebUiCommonHelper.findWebElement(WebUiCommonHelper.java:1370)
	at com.kms.katalon.core.webui.keyword.internal.WebUIAbstractKeyword.findWebElement(WebUIAbstractKeyword.groovy:27)
	at com.kms.katalon.core.webui.keyword.internal.WebUIAbstractKeyword.findWebElement(WebUIAbstractKeyword.groovy:26)
	at com.kms.katalon.core.webui.keyword.builtin.GetTextKeyword$_getText_closure1.doCall(GetTextKeyword.groovy:78)
	at com.kms.katalon.core.webui.keyword.builtin.GetTextKeyword$_getText_closure1.call(GetTextKeyword.groovy)
	at com.kms.katalon.core.webui.keyword.internal.WebUIKeywordMain.runKeyword(WebUIKeywordMain.groovy:20)
	... 19 more]]></system-err>
      </testcase>
      <testcase name="Test Cases/1.1-Tareas Principales/1.2.9-Novedad" time="66.197" classname="Test Cases/1.1-Tareas Principales/1.2.9-Novedad" status="FAILED">
         <failure type="FAILED" message="Test Cases/1.1-Tareas Principales/1.2.9-Novedad FAILED.
Reason:
com.kms.katalon.core.exception.StepFailedException: Unable to get text of object 'Object Repository/3-OBJECTS UTILIDADES/Alerta/Alerta'
	at com.kms.katalon.core.webui.keyword.internal.WebUIKeywordMain.stepFailed(WebUIKeywordMain.groovy:64)
	at com.kms.katalon.core.webui.keyword.internal.WebUIKeywordMain.runKeyword(WebUIKeywordMain.groovy:26)
	at com.kms.katalon.core.webui.keyword.builtin.GetTextKeyword.getText(GetTextKeyword.groovy:88)
	at com.kms.katalon.core.webui.keyword.builtin.GetTextKeyword.execute(GetTextKeyword.groovy:67)
	at com.kms.katalon.core.keyword.internal.KeywordExecutor.executeKeywordForPlatform(KeywordExecutor.groovy:74)
	at com.kms.katalon.core.webui.keyword.WebUiBuiltInKeywords.getText(WebUiBuiltInKeywords.groovy:918)
	at com.kms.katalon.core.webui.keyword.WebUiBuiltInKeywords$getText$13.call(Unknown Source)
	at 1.2.9-Novedad.run(1.2.9-Novedad:102)
	at com.kms.katalon.core.main.ScriptEngine.run(ScriptEngine.java:194)
	at com.kms.katalon.core.main.ScriptEngine.runScriptAsRawText(ScriptEngine.java:119)
	at com.kms.katalon.core.main.TestCaseExecutor.runScript(TestCaseExecutor.java:445)
	at com.kms.katalon.core.main.TestCaseExecutor.doExecute(TestCaseExecutor.java:436)
	at com.kms.katalon.core.main.TestCaseExecutor.processExecutionPhase(TestCaseExecutor.java:415)
	at com.kms.katalon.core.main.TestCaseExecutor.accessMainPhase(TestCaseExecutor.java:407)
	at com.kms.katalon.core.main.TestCaseExecutor.execute(TestCaseExecutor.java:284)
	at com.kms.katalon.core.common.CommonExecutor.accessTestCaseMainPhase(CommonExecutor.java:65)
	at com.kms.katalon.core.main.TestSuiteExecutor.accessTestSuiteMainPhase(TestSuiteExecutor.java:144)
	at com.kms.katalon.core.main.TestSuiteExecutor.execute(TestSuiteExecutor.java:106)
	at com.kms.katalon.core.main.TestCaseMain.startTestSuite(TestCaseMain.java:185)
	at com.kms.katalon.core.main.TestCaseMain$startTestSuite$0.call(Unknown Source)
	at TempTestSuite1654867643956.run(TempTestSuite1654867643956.groovy:36)
Caused by: com.kms.katalon.core.webui.exception.WebElementNotFoundException: Web element with id: 'Object Repository/3-OBJECTS UTILIDADES/Alerta/Alerta' located by '//div[@id='growl_container']/div/div/div[2]/p' not found
	at com.kms.katalon.core.webui.common.WebUiCommonHelper.findWebElement(WebUiCommonHelper.java:1370)
	at com.kms.katalon.core.webui.keyword.internal.WebUIAbstractKeyword.findWebElement(WebUIAbstractKeyword.groovy:27)
	at com.kms.katalon.core.webui.keyword.internal.WebUIAbstractKeyword.findWebElement(WebUIAbstractKeyword.groovy:26)
	at com.kms.katalon.core.webui.keyword.builtin.GetTextKeyword$_getText_closure1.doCall(GetTextKeyword.groovy:78)
	at com.kms.katalon.core.webui.keyword.builtin.GetTextKeyword$_getText_closure1.call(GetTextKeyword.groovy)
	at com.kms.katalon.core.webui.keyword.internal.WebUIKeywordMain.runKeyword(WebUIKeywordMain.groovy:20)
	... 19 more
"/>
         <system-out><![CDATA[2022-06-10 08:50:32 - [TEST_CASE][FAILED] - Test Cases/1.1-Tareas Principales/1.2.9-Novedad: Test Cases/1.1-Tareas Principales/1.2.9-Novedad FAILED.
Reason:
com.kms.katalon.core.exception.StepFailedException: Unable to get text of object 'Object Repository/3-OBJECTS UTILIDADES/Alerta/Alerta'
	at com.kms.katalon.core.webui.keyword.internal.WebUIKeywordMain.stepFailed(WebUIKeywordMain.groovy:64)
	at com.kms.katalon.core.webui.keyword.internal.WebUIKeywordMain.runKeyword(WebUIKeywordMain.groovy:26)
	at com.kms.katalon.core.webui.keyword.builtin.GetTextKeyword.getText(GetTextKeyword.groovy:88)
	at com.kms.katalon.core.webui.keyword.builtin.GetTextKeyword.execute(GetTextKeyword.groovy:67)
	at com.kms.katalon.core.keyword.internal.KeywordExecutor.executeKeywordForPlatform(KeywordExecutor.groovy:74)
	at com.kms.katalon.core.webui.keyword.WebUiBuiltInKeywords.getText(WebUiBuiltInKeywords.groovy:918)
	at com.kms.katalon.core.webui.keyword.WebUiBuiltInKeywords$getText$13.call(Unknown Source)
	at 1.2.9-Novedad.run(1.2.9-Novedad:102)
	at com.kms.katalon.core.main.ScriptEngine.run(ScriptEngine.java:194)
	at com.kms.katalon.core.main.ScriptEngine.runScriptAsRawText(ScriptEngine.java:119)
	at com.kms.katalon.core.main.TestCaseExecutor.runScript(TestCaseExecutor.java:445)
	at com.kms.katalon.core.main.TestCaseExecutor.doExecute(TestCaseExecutor.java:436)
	at com.kms.katalon.core.main.TestCaseExecutor.processExecutionPhase(TestCaseExecutor.java:415)
	at com.kms.katalon.core.main.TestCaseExecutor.accessMainPhase(TestCaseExecutor.java:407)
	at com.kms.katalon.core.main.TestCaseExecutor.execute(TestCaseExecutor.java:284)
	at com.kms.katalon.core.common.CommonExecutor.accessTestCaseMainPhase(CommonExecutor.java:65)
	at com.kms.katalon.core.main.TestSuiteExecutor.accessTestSuiteMainPhase(TestSuiteExecutor.java:144)
	at com.kms.katalon.core.main.TestSuiteExecutor.execute(TestSuiteExecutor.java:106)
	at com.kms.katalon.core.main.TestCaseMain.startTestSuite(TestCaseMain.java:185)
	at com.kms.katalon.core.main.TestCaseMain$startTestSuite$0.call(Unknown Source)
	at TempTestSuite1654867643956.run(TempTestSuite1654867643956.groovy:36)
Caused by: com.kms.katalon.core.webui.exception.WebElementNotFoundException: Web element with id: 'Object Repository/3-OBJECTS UTILIDADES/Alerta/Alerta' located by '//div[@id='growl_container']/div/div/div[2]/p' not found
	at com.kms.katalon.core.webui.common.WebUiCommonHelper.findWebElement(WebUiCommonHelper.java:1370)
	at com.kms.katalon.core.webui.keyword.internal.WebUIAbstractKeyword.findWebElement(WebUIAbstractKeyword.groovy:27)
	at com.kms.katalon.core.webui.keyword.internal.WebUIAbstractKeyword.findWebElement(WebUIAbstractKeyword.groovy:26)
	at com.kms.katalon.core.webui.keyword.builtin.GetTextKeyword$_getText_closure1.doCall(GetTextKeyword.groovy:78)
	at com.kms.katalon.core.webui.keyword.builtin.GetTextKeyword$_getText_closure1.call(GetTextKeyword.groovy)
	at com.kms.katalon.core.webui.keyword.internal.WebUIKeywordMain.runKeyword(WebUIKeywordMain.groovy:20)
	... 19 more


2022-06-10 08:50:32 - [TEST_STEP][PASSED] - callTestCase(findTestCase("Utilidades-(atajos_para _tareas)/Tareas Administracion Compensacion/Tarea Listado Empleados"), [:], STOP_ON_FAILURE): Call Test Case 'Test Cases/Utilidades-(atajos_para _tareas)/Tareas Administracion Compensacion/Tarea Listado Empleados' successfully

2022-06-10 08:50:32 - [TEST_CASE][PASSED] - Test Cases/Utilidades-(atajos_para _tareas)/Tareas Administracion Compensacion/Tarea Listado Empleados: Test Cases/Utilidades-(atajos_para _tareas)/Tareas Administracion Compensacion/Tarea Listado Empleados

2022-06-10 08:50:32 - [TEST_STEP][PASSED] - callTestCase(findTestCase("0.1-Login"), [:], STOP_ON_FAILURE): Call Test Case 'Test Cases/0.1-Login' successfully

2022-06-10 08:50:32 - [TEST_CASE][PASSED] - Test Cases/0.1-Login: Test Cases/0.1-Login

2022-06-10 08:50:33 - [TEST_STEP][PASSED] - openBrowser(""): Browser is opened with url: ''

2022-06-10 08:50:33 - [MESSAGE][WARNING] - A browser is already opened. Closing browser and opening a new one

2022-06-10 08:50:33 - [MESSAGE][INFO] - Starting 'Chrome' driver

2022-06-10 08:50:33 - [MESSAGE][INFO] - Action delay is set to 0 milliseconds

2022-06-10 08:50:34 - [MESSAGE][PASSED] - Browser is opened with url: ''

2022-06-10 08:50:34 - [TEST_STEP][PASSED] - maximizeWindow(): Current window maximized

2022-06-10 08:50:35 - [MESSAGE][PASSED] - Current window maximized

2022-06-10 08:50:35 - [TEST_STEP][PASSED] - i = G_Login: null

2022-06-10 08:50:35 - [TEST_STEP][PASSED] - url = new java.net.URL(i): null

2022-06-10 08:50:35 - [TEST_STEP][PASSED] - println("URL: " + url.toString()): null

2022-06-10 08:50:35 - [TEST_STEP][PASSED] - connection = url.openConnection(): null

2022-06-10 08:50:35 - [TEST_STEP][PASSED] - connection.setRequestMethod("GET"): null

2022-06-10 08:50:35 - [TEST_STEP][PASSED] - connection.setReadTimeout(2 * 1000): null

2022-06-10 08:50:35 - [TEST_STEP][PASSED] - try: null

2022-06-10 08:50:35 - [TEST_STEP][PASSED] - connection.connect(): null

2022-06-10 08:50:35 - [TEST_STEP][PASSED] - flag = connected: null

2022-06-10 08:50:35 - [TEST_STEP][PASSED] - println("Valor_ori: " + flag): null

2022-06-10 08:50:35 - [TEST_STEP][PASSED] - if (flag): null

2022-06-10 08:50:35 - [TEST_STEP][PASSED] - navigateToUrl(i): Navigate to 'http://192.168.2.19:8380/saraweb' successfully

2022-06-10 08:50:35 - [MESSAGE][PASSED] - Navigate to 'http://192.168.2.19:8380/saraweb' successfully

2022-06-10 08:50:35 - [TEST_STEP][PASSED] - a(): null

2022-06-10 08:50:35 - [TEST_STEP][PASSED] - setText(findTestObject("3-OBJECTS UTILIDADES/Login/input_USUARIO_loginusuario"), G_Usuario): Text 'saraadmin' is set on object 'Object Repository/3-OBJECTS UTILIDADES/Login/input_USUARIO_loginusuario'

2022-06-10 08:50:36 - [MESSAGE][PASSED] - Text 'saraadmin' is set on object 'Object Repository/3-OBJECTS UTILIDADES/Login/input_USUARIO_loginusuario'

2022-06-10 08:50:36 - [TEST_STEP][PASSED] - setEncryptedText(findTestObject("3-OBJECTS UTILIDADES/Login/input_CLAVE_loginpassword"), "MkG4/TYiCFC3cb2driP7+Q=="): Text ****** has been set on object 'Object Repository/3-OBJECTS UTILIDADES/Login/input_CLAVE_loginpassword'

2022-06-10 08:50:36 - [MESSAGE][PASSED] - Text ****** has been set on object 'Object Repository/3-OBJECTS UTILIDADES/Login/input_CLAVE_loginpassword'

2022-06-10 08:50:36 - [TEST_STEP][PASSED] - waitForElementClickable(findTestObject("3-OBJECTS UTILIDADES/Login/a_Ingresar"), G_TimeOut): Object 'Object Repository/3-OBJECTS UTILIDADES/Login/a_Ingresar' is clickable

2022-06-10 08:50:37 - [MESSAGE][PASSED] - Object 'Object Repository/3-OBJECTS UTILIDADES/Login/a_Ingresar' is clickable

2022-06-10 08:50:37 - [TEST_STEP][PASSED] - click(findTestObject("3-OBJECTS UTILIDADES/Login/a_Ingresar")): Object: 'Object Repository/3-OBJECTS UTILIDADES/Login/a_Ingresar' is clicked on

2022-06-10 08:50:38 - [MESSAGE][PASSED] - Object: 'Object Repository/3-OBJECTS UTILIDADES/Login/a_Ingresar' is clicked on

2022-06-10 08:50:38 - [TEST_STEP][PASSED] - element = findWebElement(findTestObject("3-OBJECTS UTILIDADES/Login/a_Ir"), 30): null

2022-06-10 08:50:39 - [TEST_STEP][PASSED] - executeJavaScript("arguments[0].click()", Arrays.asList(element)): Execute JavaScript 'arguments[0].click()' successfully

2022-06-10 08:50:39 - [MESSAGE][PASSED] - Execute JavaScript 'arguments[0].click()' successfully

2022-06-10 08:50:39 - [MESSAGE][PASSED] - Call Test Case 'Test Cases/0.1-Login' successfully

2022-06-10 08:50:39 - [TEST_STEP][PASSED] - setText(findTestObject("1-OBJECTS TAREAS PRINCIPALES/Modulo Tarea Listado Hojas de Vida/Tareas Listado Hojas de Vida/input_Listado Hojas De Vida_form_templatej_idt24_input"), "Listado de Empleados"): Text 'Listado de Empleados' is set on object 'Object Repository/1-OBJECTS TAREAS PRINCIPALES/Modulo Tarea Listado Hojas de Vida/Tareas Listado Hojas de Vida/input_Listado Hojas De Vida_form_templatej_idt24_input'

2022-06-10 08:50:40 - [MESSAGE][PASSED] - Text 'Listado de Empleados' is set on object 'Object Repository/1-OBJECTS TAREAS PRINCIPALES/Modulo Tarea Listado Hojas de Vida/Tareas Listado Hojas de Vida/input_Listado Hojas De Vida_form_templatej_idt24_input'

2022-06-10 08:50:40 - [TEST_STEP][PASSED] - waitForElementVisible(findTestObject("1-OBJECTS TAREAS PRINCIPALES/Modulo Tarea Listado Hojas de Vida/Tareas Listado Hojas de Vida/span_Listado de Empleados"), 0): Object 'Object Repository/1-OBJECTS TAREAS PRINCIPALES/Modulo Tarea Listado Hojas de Vida/Tareas Listado Hojas de Vida/span_Listado de Empleados' is visible

2022-06-10 08:50:40 - [MESSAGE][WARNING] - Timeout '0' is invalid. Using default page load timeout: '37'

2022-06-10 08:50:41 - [MESSAGE][PASSED] - Object 'Object Repository/1-OBJECTS TAREAS PRINCIPALES/Modulo Tarea Listado Hojas de Vida/Tareas Listado Hojas de Vida/span_Listado de Empleados' is visible

2022-06-10 08:50:41 - [TEST_STEP][PASSED] - click(findTestObject("1-OBJECTS TAREAS PRINCIPALES/Modulo Tarea Listado Hojas de Vida/Tareas Listado Hojas de Vida/span_Listado de Empleados")): Object: 'Object Repository/1-OBJECTS TAREAS PRINCIPALES/Modulo Tarea Listado Hojas de Vida/Tareas Listado Hojas de Vida/span_Listado de Empleados' is clicked on

2022-06-10 08:50:42 - [MESSAGE][PASSED] - Object: 'Object Repository/1-OBJECTS TAREAS PRINCIPALES/Modulo Tarea Listado Hojas de Vida/Tareas Listado Hojas de Vida/span_Listado de Empleados' is clicked on

2022-06-10 08:50:42 - [MESSAGE][PASSED] - Call Test Case 'Test Cases/Utilidades-(atajos_para _tareas)/Tareas Administracion Compensacion/Tarea Listado Empleados' successfully

2022-06-10 08:50:42 - [TEST_STEP][PASSED] - waitForElementClickable(findTestObject("1-OBJECTS TAREAS PRINCIPALES/Modulo Tarea Compensacion/Novedades/input_Identificacin_listadoEmp"), 0): Object 'Object Repository/1-OBJECTS TAREAS PRINCIPALES/Modulo Tarea Compensacion/Novedades/input_Identificacin_listadoEmp' is clickable

2022-06-10 08:50:42 - [MESSAGE][WARNING] - Timeout '0' is invalid. Using default page load timeout: '37'

2022-06-10 08:50:43 - [MESSAGE][PASSED] - Object 'Object Repository/1-OBJECTS TAREAS PRINCIPALES/Modulo Tarea Compensacion/Novedades/input_Identificacin_listadoEmp' is clickable

2022-06-10 08:50:43 - [TEST_STEP][PASSED] - setText(findTestObject("1-OBJECTS TAREAS PRINCIPALES/Modulo Tarea Compensacion/Novedades/input_Identificacin_listadoEmp"), "354968431354"): Text '354968431354' is set on object 'Object Repository/1-OBJECTS TAREAS PRINCIPALES/Modulo Tarea Compensacion/Novedades/input_Identificacin_listadoEmp'

2022-06-10 08:50:44 - [MESSAGE][PASSED] - Text '354968431354' is set on object 'Object Repository/1-OBJECTS TAREAS PRINCIPALES/Modulo Tarea Compensacion/Novedades/input_Identificacin_listadoEmp'

2022-06-10 08:50:44 - [TEST_STEP][PASSED] - sendKeys(findTestObject("1-OBJECTS TAREAS PRINCIPALES/Modulo Tarea Compensacion/Novedades/input_Identificacin_listadoEmp"), Keys.chord(ENTER)): Keys 'ENTER + ' sent to object: 'Object Repository/1-OBJECTS TAREAS PRINCIPALES/Modulo Tarea Compensacion/Novedades/input_Identificacin_listadoEmp'

2022-06-10 08:50:44 - [MESSAGE][PASSED] - Keys 'ENTER + ' sent to object: 'Object Repository/1-OBJECTS TAREAS PRINCIPALES/Modulo Tarea Compensacion/Novedades/input_Identificacin_listadoEmp'

2022-06-10 08:50:44 - [TEST_STEP][PASSED] - waitForElementClickable(findTestObject("1-OBJECTS TAREAS PRINCIPALES/Modulo Tarea Compensacion/Novedades/span_CONSTA BELFEGORD JHON"), G_TimeOut): Object 'Object Repository/1-OBJECTS TAREAS PRINCIPALES/Modulo Tarea Compensacion/Novedades/span_CONSTA BELFEGORD JHON' is clickable

2022-06-10 08:50:45 - [MESSAGE][PASSED] - Object 'Object Repository/1-OBJECTS TAREAS PRINCIPALES/Modulo Tarea Compensacion/Novedades/span_CONSTA BELFEGORD JHON' is clickable

2022-06-10 08:50:45 - [TEST_STEP][PASSED] - click(findTestObject("1-OBJECTS TAREAS PRINCIPALES/Modulo Tarea Compensacion/Novedades/span_CONSTA BELFEGORD JHON")): Object: 'Object Repository/1-OBJECTS TAREAS PRINCIPALES/Modulo Tarea Compensacion/Novedades/span_CONSTA BELFEGORD JHON' is clicked on

2022-06-10 08:50:45 - [MESSAGE][PASSED] - Object: 'Object Repository/1-OBJECTS TAREAS PRINCIPALES/Modulo Tarea Compensacion/Novedades/span_CONSTA BELFEGORD JHON' is clicked on

2022-06-10 08:50:45 - [TEST_STEP][PASSED] - waitForElementClickable(findTestObject("1-OBJECTS TAREAS PRINCIPALES/Modulo Tarea Compensacion/Novedades/span_Novedades"), G_TimeOut): Object 'Object Repository/1-OBJECTS TAREAS PRINCIPALES/Modulo Tarea Compensacion/Novedades/span_Novedades' is clickable

2022-06-10 08:50:46 - [MESSAGE][PASSED] - Object 'Object Repository/1-OBJECTS TAREAS PRINCIPALES/Modulo Tarea Compensacion/Novedades/span_Novedades' is clickable

2022-06-10 08:50:46 - [TEST_STEP][PASSED] - click(findTestObject("1-OBJECTS TAREAS PRINCIPALES/Modulo Tarea Compensacion/Novedades/span_Novedades")): Object: 'Object Repository/1-OBJECTS TAREAS PRINCIPALES/Modulo Tarea Compensacion/Novedades/span_Novedades' is clicked on

2022-06-10 08:50:46 - [MESSAGE][PASSED] - Object: 'Object Repository/1-OBJECTS TAREAS PRINCIPALES/Modulo Tarea Compensacion/Novedades/span_Novedades' is clicked on

2022-06-10 08:50:46 - [TEST_STEP][PASSED] - waitForElementClickable(findTestObject("1-OBJECTS TAREAS PRINCIPALES/Modulo Tarea Compensacion/Novedades/span_Nuevo"), G_TimeOut): Object 'Object Repository/1-OBJECTS TAREAS PRINCIPALES/Modulo Tarea Compensacion/Novedades/span_Nuevo' is clickable

2022-06-10 08:50:47 - [MESSAGE][PASSED] - Object 'Object Repository/1-OBJECTS TAREAS PRINCIPALES/Modulo Tarea Compensacion/Novedades/span_Nuevo' is clickable

2022-06-10 08:50:47 - [TEST_STEP][PASSED] - click(findTestObject("1-OBJECTS TAREAS PRINCIPALES/Modulo Tarea Compensacion/Novedades/span_Nuevo")): Object: 'Object Repository/1-OBJECTS TAREAS PRINCIPALES/Modulo Tarea Compensacion/Novedades/span_Nuevo' is clicked on

2022-06-10 08:50:48 - [MESSAGE][PASSED] - Object: 'Object Repository/1-OBJECTS TAREAS PRINCIPALES/Modulo Tarea Compensacion/Novedades/span_Nuevo' is clicked on

2022-06-10 08:50:48 - [TEST_STEP][PASSED] - click(findTestObject("1-OBJECTS TAREAS PRINCIPALES/Modulo Tarea Compensacion/Novedades/span_Adicionar entidad de AFC")): Object: 'Object Repository/1-OBJECTS TAREAS PRINCIPALES/Modulo Tarea Compensacion/Novedades/span_Adicionar entidad de AFC' is clicked on

2022-06-10 08:50:48 - [MESSAGE][PASSED] - Object: 'Object Repository/1-OBJECTS TAREAS PRINCIPALES/Modulo Tarea Compensacion/Novedades/span_Adicionar entidad de AFC' is clicked on

2022-06-10 08:50:48 - [TEST_STEP][PASSED] - waitForElementVisible(findTestObject("1-OBJECTS TAREAS PRINCIPALES/Modulo Tarea Compensacion/Novedades/input_Desde_form_novedadesEmpl"), 0): Object 'Object Repository/1-OBJECTS TAREAS PRINCIPALES/Modulo Tarea Compensacion/Novedades/input_Desde_form_novedadesEmpl' is visible

2022-06-10 08:50:49 - [MESSAGE][WARNING] - Timeout '0' is invalid. Using default page load timeout: '37'

2022-06-10 08:50:49 - [MESSAGE][PASSED] - Object 'Object Repository/1-OBJECTS TAREAS PRINCIPALES/Modulo Tarea Compensacion/Novedades/input_Desde_form_novedadesEmpl' is visible

2022-06-10 08:50:49 - [TEST_STEP][PASSED] - setText(findTestObject("1-OBJECTS TAREAS PRINCIPALES/Modulo Tarea Compensacion/Novedades/input_Desde_form_novedadesEmpl"), "01/12/2018"): Text '01/12/2018' is set on object 'Object Repository/1-OBJECTS TAREAS PRINCIPALES/Modulo Tarea Compensacion/Novedades/input_Desde_form_novedadesEmpl'

2022-06-10 08:50:50 - [MESSAGE][PASSED] - Text '01/12/2018' is set on object 'Object Repository/1-OBJECTS TAREAS PRINCIPALES/Modulo Tarea Compensacion/Novedades/input_Desde_form_novedadesEmpl'

2022-06-10 08:50:50 - [TEST_STEP][PASSED] - sendKeys(findTestObject("1-OBJECTS TAREAS PRINCIPALES/Modulo Tarea Compensacion/Novedades/input_Desde_form_novedadesEmpl"), Keys.chord(ENTER)): Keys 'ENTER + ' sent to object: 'Object Repository/1-OBJECTS TAREAS PRINCIPALES/Modulo Tarea Compensacion/Novedades/input_Desde_form_novedadesEmpl'

2022-06-10 08:50:50 - [MESSAGE][PASSED] - Keys 'ENTER + ' sent to object: 'Object Repository/1-OBJECTS TAREAS PRINCIPALES/Modulo Tarea Compensacion/Novedades/input_Desde_form_novedadesEmpl'

2022-06-10 08:50:50 - [TEST_STEP][PASSED] - setText(findTestObject("1-OBJECTS TAREAS PRINCIPALES/Modulo Tarea Compensacion/Novedades/input_Hasta_form_novedadesEmpl"), "31/01/2019"): Text '31/01/2019' is set on object 'Object Repository/1-OBJECTS TAREAS PRINCIPALES/Modulo Tarea Compensacion/Novedades/input_Hasta_form_novedadesEmpl'

2022-06-10 08:50:51 - [MESSAGE][PASSED] - Text '31/01/2019' is set on object 'Object Repository/1-OBJECTS TAREAS PRINCIPALES/Modulo Tarea Compensacion/Novedades/input_Hasta_form_novedadesEmpl'

2022-06-10 08:50:51 - [TEST_STEP][PASSED] - sendKeys(findTestObject("1-OBJECTS TAREAS PRINCIPALES/Modulo Tarea Compensacion/Novedades/input_Hasta_form_novedadesEmpl"), Keys.chord(ENTER)): Keys 'ENTER + ' sent to object: 'Object Repository/1-OBJECTS TAREAS PRINCIPALES/Modulo Tarea Compensacion/Novedades/input_Hasta_form_novedadesEmpl'

2022-06-10 08:50:52 - [MESSAGE][PASSED] - Keys 'ENTER + ' sent to object: 'Object Repository/1-OBJECTS TAREAS PRINCIPALES/Modulo Tarea Compensacion/Novedades/input_Hasta_form_novedadesEmpl'

2022-06-10 08:50:52 - [TEST_STEP][PASSED] - waitForElementClickable(findTestObject("1-OBJECTS TAREAS PRINCIPALES/Modulo Tarea Compensacion/Novedades/a_Sucursal_form_novedadesEmple"), G_TimeOut): Object 'Object Repository/1-OBJECTS TAREAS PRINCIPALES/Modulo Tarea Compensacion/Novedades/a_Sucursal_form_novedadesEmple' is clickable

2022-06-10 08:50:52 - [MESSAGE][PASSED] - Object 'Object Repository/1-OBJECTS TAREAS PRINCIPALES/Modulo Tarea Compensacion/Novedades/a_Sucursal_form_novedadesEmple' is clickable

2022-06-10 08:50:52 - [TEST_STEP][PASSED] - click(findTestObject("1-OBJECTS TAREAS PRINCIPALES/Modulo Tarea Compensacion/Novedades/a_Sucursal_form_novedadesEmple")): Object: 'Object Repository/1-OBJECTS TAREAS PRINCIPALES/Modulo Tarea Compensacion/Novedades/a_Sucursal_form_novedadesEmple' is clicked on

2022-06-10 08:50:53 - [MESSAGE][PASSED] - Object: 'Object Repository/1-OBJECTS TAREAS PRINCIPALES/Modulo Tarea Compensacion/Novedades/a_Sucursal_form_novedadesEmple' is clicked on

2022-06-10 08:50:53 - [TEST_STEP][PASSED] - waitForElementClickable(findTestObject("1-OBJECTS TAREAS PRINCIPALES/Modulo Tarea Compensacion/Novedades/span_AFC - HELM BANK"), G_TimeOut): Object 'Object Repository/1-OBJECTS TAREAS PRINCIPALES/Modulo Tarea Compensacion/Novedades/span_AFC - HELM BANK' is clickable

2022-06-10 08:50:53 - [MESSAGE][PASSED] - Object 'Object Repository/1-OBJECTS TAREAS PRINCIPALES/Modulo Tarea Compensacion/Novedades/span_AFC - HELM BANK' is clickable

2022-06-10 08:50:53 - [TEST_STEP][PASSED] - click(findTestObject("1-OBJECTS TAREAS PRINCIPALES/Modulo Tarea Compensacion/Novedades/span_AFC - HELM BANK")): Object: 'Object Repository/1-OBJECTS TAREAS PRINCIPALES/Modulo Tarea Compensacion/Novedades/span_AFC - HELM BANK' is clicked on

2022-06-10 08:50:54 - [MESSAGE][PASSED] - Object: 'Object Repository/1-OBJECTS TAREAS PRINCIPALES/Modulo Tarea Compensacion/Novedades/span_AFC - HELM BANK' is clicked on

2022-06-10 08:50:54 - [TEST_STEP][PASSED] - click(findTestObject("1-OBJECTS TAREAS PRINCIPALES/Modulo Tarea Compensacion/Novedades/input_Cuenta_form_novedadesEmp")): Object: 'Object Repository/1-OBJECTS TAREAS PRINCIPALES/Modulo Tarea Compensacion/Novedades/input_Cuenta_form_novedadesEmp' is clicked on

2022-06-10 08:50:54 - [MESSAGE][PASSED] - Object: 'Object Repository/1-OBJECTS TAREAS PRINCIPALES/Modulo Tarea Compensacion/Novedades/input_Cuenta_form_novedadesEmp' is clicked on

2022-06-10 08:50:54 - [TEST_STEP][PASSED] - setText(findTestObject("1-OBJECTS TAREAS PRINCIPALES/Modulo Tarea Compensacion/Novedades/input_Cuenta_form_novedadesEmp"), "63483135434398"): Text '63483135434398' is set on object 'Object Repository/1-OBJECTS TAREAS PRINCIPALES/Modulo Tarea Compensacion/Novedades/input_Cuenta_form_novedadesEmp'

2022-06-10 08:50:55 - [MESSAGE][PASSED] - Text '63483135434398' is set on object 'Object Repository/1-OBJECTS TAREAS PRINCIPALES/Modulo Tarea Compensacion/Novedades/input_Cuenta_form_novedadesEmp'

2022-06-10 08:50:55 - [TEST_STEP][PASSED] - click(findTestObject("1-OBJECTS TAREAS PRINCIPALES/Modulo Tarea Compensacion/Novedades/input_Valor_form_novedadesEmpl"), STOP_ON_FAILURE): Object: 'Object Repository/1-OBJECTS TAREAS PRINCIPALES/Modulo Tarea Compensacion/Novedades/input_Valor_form_novedadesEmpl' is clicked on

2022-06-10 08:50:56 - [MESSAGE][PASSED] - Object: 'Object Repository/1-OBJECTS TAREAS PRINCIPALES/Modulo Tarea Compensacion/Novedades/input_Valor_form_novedadesEmpl' is clicked on

2022-06-10 08:50:56 - [TEST_STEP][PASSED] - setText(findTestObject("1-OBJECTS TAREAS PRINCIPALES/Modulo Tarea Compensacion/Novedades/input_Valor_form_novedadesEmpl"), "100"): Text '100' is set on object 'Object Repository/1-OBJECTS TAREAS PRINCIPALES/Modulo Tarea Compensacion/Novedades/input_Valor_form_novedadesEmpl'

2022-06-10 08:50:56 - [MESSAGE][PASSED] - Text '100' is set on object 'Object Repository/1-OBJECTS TAREAS PRINCIPALES/Modulo Tarea Compensacion/Novedades/input_Valor_form_novedadesEmpl'

2022-06-10 08:50:56 - [TEST_STEP][PASSED] - waitForElementClickable(findTestObject("1-OBJECTS TAREAS PRINCIPALES/Modulo Tarea Compensacion/Novedades/select_-- seleccione --Ciclo 0"), 0, STOP_ON_FAILURE): Object 'Object Repository/1-OBJECTS TAREAS PRINCIPALES/Modulo Tarea Compensacion/Novedades/select_-- seleccione --Ciclo 0' is clickable

2022-06-10 08:50:56 - [MESSAGE][WARNING] - Timeout '0' is invalid. Using default page load timeout: '37'

2022-06-10 08:50:57 - [MESSAGE][PASSED] - Object 'Object Repository/1-OBJECTS TAREAS PRINCIPALES/Modulo Tarea Compensacion/Novedades/select_-- seleccione --Ciclo 0' is clickable

2022-06-10 08:50:57 - [TEST_STEP][PASSED] - selectOptionByValue(findTestObject("1-OBJECTS TAREAS PRINCIPALES/Modulo Tarea Compensacion/Novedades/select_-- seleccione --Ciclo 0"), "1", true): All options with value '1' are selected in object 'Object Repository/1-OBJECTS TAREAS PRINCIPALES/Modulo Tarea Compensacion/Novedades/select_-- seleccione --Ciclo 0'  using regular expression

2022-06-10 08:50:58 - [MESSAGE][PASSED] - All options with value '1' are selected in object 'Object Repository/1-OBJECTS TAREAS PRINCIPALES/Modulo Tarea Compensacion/Novedades/select_-- seleccione --Ciclo 0'  using regular expression

2022-06-10 08:50:58 - [TEST_STEP][PASSED] - click(findTestObject("1-OBJECTS TAREAS PRINCIPALES/Modulo Tarea Compensacion/Novedades/textarea_Observacin_form_noved"), STOP_ON_FAILURE): Object: 'Object Repository/1-OBJECTS TAREAS PRINCIPALES/Modulo Tarea Compensacion/Novedades/textarea_Observacin_form_noved' is clicked on

2022-06-10 08:50:58 - [MESSAGE][PASSED] - Object: 'Object Repository/1-OBJECTS TAREAS PRINCIPALES/Modulo Tarea Compensacion/Novedades/textarea_Observacin_form_noved' is clicked on

2022-06-10 08:50:58 - [TEST_STEP][PASSED] - setText(findTestObject("1-OBJECTS TAREAS PRINCIPALES/Modulo Tarea Compensacion/Novedades/textarea_Observacin_form_noved"), "aaaaaaaaaaa"): Text 'aaaaaaaaaaa' is set on object 'Object Repository/1-OBJECTS TAREAS PRINCIPALES/Modulo Tarea Compensacion/Novedades/textarea_Observacin_form_noved'

2022-06-10 08:50:59 - [MESSAGE][PASSED] - Text 'aaaaaaaaaaa' is set on object 'Object Repository/1-OBJECTS TAREAS PRINCIPALES/Modulo Tarea Compensacion/Novedades/textarea_Observacin_form_noved'

2022-06-10 08:50:59 - [TEST_STEP][PASSED] - waitForElementClickable(findTestObject("1-OBJECTS TAREAS PRINCIPALES/Modulo Tarea Compensacion/Novedades/a_Guardar"), G_TimeOut): Object 'Object Repository/1-OBJECTS TAREAS PRINCIPALES/Modulo Tarea Compensacion/Novedades/a_Guardar' is clickable

2022-06-10 08:50:59 - [MESSAGE][PASSED] - Object 'Object Repository/1-OBJECTS TAREAS PRINCIPALES/Modulo Tarea Compensacion/Novedades/a_Guardar' is clickable

2022-06-10 08:50:59 - [TEST_STEP][PASSED] - click(findTestObject("1-OBJECTS TAREAS PRINCIPALES/Modulo Tarea Compensacion/Novedades/a_Guardar")): Object: 'Object Repository/1-OBJECTS TAREAS PRINCIPALES/Modulo Tarea Compensacion/Novedades/a_Guardar' is clicked on

2022-06-10 08:51:00 - [MESSAGE][PASSED] - Object: 'Object Repository/1-OBJECTS TAREAS PRINCIPALES/Modulo Tarea Compensacion/Novedades/a_Guardar' is clicked on

2022-06-10 08:51:00 - [TEST_STEP][FAILED] - Alerta = getText(findTestObject("3-OBJECTS UTILIDADES/Alerta/Alerta")): Unable to get text of object 'Object Repository/3-OBJECTS UTILIDADES/Alerta/Alerta' (Root cause: com.kms.katalon.core.exception.StepFailedException: Unable to get text of object 'Object Repository/3-OBJECTS UTILIDADES/Alerta/Alerta'
	at com.kms.katalon.core.webui.keyword.internal.WebUIKeywordMain.stepFailed(WebUIKeywordMain.groovy:64)
	at com.kms.katalon.core.webui.keyword.internal.WebUIKeywordMain.runKeyword(WebUIKeywordMain.groovy:26)
	at com.kms.katalon.core.webui.keyword.builtin.GetTextKeyword.getText(GetTextKeyword.groovy:88)
	at com.kms.katalon.core.webui.keyword.builtin.GetTextKeyword.execute(GetTextKeyword.groovy:67)
	at com.kms.katalon.core.keyword.internal.KeywordExecutor.executeKeywordForPlatform(KeywordExecutor.groovy:74)
	at com.kms.katalon.core.webui.keyword.WebUiBuiltInKeywords.getText(WebUiBuiltInKeywords.groovy:918)
	at com.kms.katalon.core.webui.keyword.WebUiBuiltInKeywords$getText$13.call(Unknown Source)
	at 1.2.9-Novedad.run(1.2.9-Novedad:102)
	at com.kms.katalon.core.main.ScriptEngine.run(ScriptEngine.java:194)
	at com.kms.katalon.core.main.ScriptEngine.runScriptAsRawText(ScriptEngine.java:119)
	at com.kms.katalon.core.main.TestCaseExecutor.runScript(TestCaseExecutor.java:445)
	at com.kms.katalon.core.main.TestCaseExecutor.doExecute(TestCaseExecutor.java:436)
	at com.kms.katalon.core.main.TestCaseExecutor.processExecutionPhase(TestCaseExecutor.java:415)
	at com.kms.katalon.core.main.TestCaseExecutor.accessMainPhase(TestCaseExecutor.java:407)
	at com.kms.katalon.core.main.TestCaseExecutor.execute(TestCaseExecutor.java:284)
	at com.kms.katalon.core.common.CommonExecutor.accessTestCaseMainPhase(CommonExecutor.java:65)
	at com.kms.katalon.core.main.TestSuiteExecutor.accessTestSuiteMainPhase(TestSuiteExecutor.java:144)
	at com.kms.katalon.core.main.TestSuiteExecutor.execute(TestSuiteExecutor.java:106)
	at com.kms.katalon.core.main.TestCaseMain.startTestSuite(TestCaseMain.java:185)
	at com.kms.katalon.core.main.TestCaseMain$startTestSuite$0.call(Unknown Source)
	at TempTestSuite1654867643956.run(TempTestSuite1654867643956.groovy:36)
Caused by: com.kms.katalon.core.webui.exception.WebElementNotFoundException: Web element with id: 'Object Repository/3-OBJECTS UTILIDADES/Alerta/Alerta' located by '//div[@id='growl_container']/div/div/div[2]/p' not found
	at com.kms.katalon.core.webui.common.WebUiCommonHelper.findWebElement(WebUiCommonHelper.java:1370)
	at com.kms.katalon.core.webui.keyword.internal.WebUIAbstractKeyword.findWebElement(WebUIAbstractKeyword.groovy:27)
	at com.kms.katalon.core.webui.keyword.internal.WebUIAbstractKeyword.findWebElement(WebUIAbstractKeyword.groovy:26)
	at com.kms.katalon.core.webui.keyword.builtin.GetTextKeyword$_getText_closure1.doCall(GetTextKeyword.groovy:78)
	at com.kms.katalon.core.webui.keyword.builtin.GetTextKeyword$_getText_closure1.call(GetTextKeyword.groovy)
	at com.kms.katalon.core.webui.keyword.internal.WebUIKeywordMain.runKeyword(WebUIKeywordMain.groovy:20)
	at com.kms.katalon.core.webui.keyword.builtin.GetTextKeyword.getText(GetTextKeyword.groovy:88)
	at com.kms.katalon.core.webui.keyword.builtin.GetTextKeyword.execute(GetTextKeyword.groovy:67)
	at com.kms.katalon.core.keyword.internal.KeywordExecutor.executeKeywordForPlatform(KeywordExecutor.groovy:74)
	at com.kms.katalon.core.webui.keyword.WebUiBuiltInKeywords.getText(WebUiBuiltInKeywords.groovy:918)
	at com.kms.katalon.core.webui.keyword.WebUiBuiltInKeywords$getText$13.call(Unknown Source)
	at Script1548865758550.run(Script1548865758550.groovy:102)
	... 13 more
)

2022-06-10 08:51:38 - [MESSAGE][INFO] - Unable to find the element located by 'By.xpath: //div[@id='growl_container']/div/div/div[2]/p'. Please recheck the objects properties to make sure the desired element is located. 

2022-06-10 08:51:38 - [MESSAGE][FAILED] - Unable to get text of object 'Object Repository/3-OBJECTS UTILIDADES/Alerta/Alerta' (Root cause: com.kms.katalon.core.exception.StepFailedException: Unable to get text of object 'Object Repository/3-OBJECTS UTILIDADES/Alerta/Alerta'
	at com.kms.katalon.core.webui.keyword.internal.WebUIKeywordMain.stepFailed(WebUIKeywordMain.groovy:64)
	at com.kms.katalon.core.webui.keyword.internal.WebUIKeywordMain.runKeyword(WebUIKeywordMain.groovy:26)
	at com.kms.katalon.core.webui.keyword.builtin.GetTextKeyword.getText(GetTextKeyword.groovy:88)
	at com.kms.katalon.core.webui.keyword.builtin.GetTextKeyword.execute(GetTextKeyword.groovy:67)
	at com.kms.katalon.core.keyword.internal.KeywordExecutor.executeKeywordForPlatform(KeywordExecutor.groovy:74)
	at com.kms.katalon.core.webui.keyword.WebUiBuiltInKeywords.getText(WebUiBuiltInKeywords.groovy:918)
	at com.kms.katalon.core.webui.keyword.WebUiBuiltInKeywords$getText$13.call(Unknown Source)
	at 1.2.9-Novedad.run(1.2.9-Novedad:102)
	at com.kms.katalon.core.main.ScriptEngine.run(ScriptEngine.java:194)
	at com.kms.katalon.core.main.ScriptEngine.runScriptAsRawText(ScriptEngine.java:119)
	at com.kms.katalon.core.main.TestCaseExecutor.runScript(TestCaseExecutor.java:445)
	at com.kms.katalon.core.main.TestCaseExecutor.doExecute(TestCaseExecutor.java:436)
	at com.kms.katalon.core.main.TestCaseExecutor.processExecutionPhase(TestCaseExecutor.java:415)
	at com.kms.katalon.core.main.TestCaseExecutor.accessMainPhase(TestCaseExecutor.java:407)
	at com.kms.katalon.core.main.TestCaseExecutor.execute(TestCaseExecutor.java:284)
	at com.kms.katalon.core.common.CommonExecutor.accessTestCaseMainPhase(CommonExecutor.java:65)
	at com.kms.katalon.core.main.TestSuiteExecutor.accessTestSuiteMainPhase(TestSuiteExecutor.java:144)
	at com.kms.katalon.core.main.TestSuiteExecutor.execute(TestSuiteExecutor.java:106)
	at com.kms.katalon.core.main.TestCaseMain.startTestSuite(TestCaseMain.java:185)
	at com.kms.katalon.core.main.TestCaseMain$startTestSuite$0.call(Unknown Source)
	at TempTestSuite1654867643956.run(TempTestSuite1654867643956.groovy:36)
Caused by: com.kms.katalon.core.webui.exception.WebElementNotFoundException: Web element with id: 'Object Repository/3-OBJECTS UTILIDADES/Alerta/Alerta' located by '//div[@id='growl_container']/div/div/div[2]/p' not found
	at com.kms.katalon.core.webui.common.WebUiCommonHelper.findWebElement(WebUiCommonHelper.java:1370)
	at com.kms.katalon.core.webui.keyword.internal.WebUIAbstractKeyword.findWebElement(WebUIAbstractKeyword.groovy:27)
	at com.kms.katalon.core.webui.keyword.internal.WebUIAbstractKeyword.findWebElement(WebUIAbstractKeyword.groovy:26)
	at com.kms.katalon.core.webui.keyword.builtin.GetTextKeyword$_getText_closure1.doCall(GetTextKeyword.groovy:78)
	at com.kms.katalon.core.webui.keyword.builtin.GetTextKeyword$_getText_closure1.call(GetTextKeyword.groovy)
	at com.kms.katalon.core.webui.keyword.internal.WebUIKeywordMain.runKeyword(WebUIKeywordMain.groovy:20)
	at com.kms.katalon.core.webui.keyword.builtin.GetTextKeyword.getText(GetTextKeyword.groovy:88)
	at com.kms.katalon.core.webui.keyword.builtin.GetTextKeyword.execute(GetTextKeyword.groovy:67)
	at com.kms.katalon.core.keyword.internal.KeywordExecutor.executeKeywordForPlatform(KeywordExecutor.groovy:74)
	at com.kms.katalon.core.webui.keyword.WebUiBuiltInKeywords.getText(WebUiBuiltInKeywords.groovy:918)
	at com.kms.katalon.core.webui.keyword.WebUiBuiltInKeywords$getText$13.call(Unknown Source)
	at Script1548865758550.run(Script1548865758550.groovy:102)
	... 13 more
)
[[ATTACHMENT|C:\\Users\\diego.rojas\\git\\Pruebas-Minimas\\Reports\\20220610_082723\\Test_Suite_Principales\\1-Tareas Principales\\20220610_082723\\1654869098584.png]]]]></system-out>
         <system-err><![CDATA[2022-06-10 08:50:32 - [TEST_CASE][FAILED] - Test Cases/1.1-Tareas Principales/1.2.9-Novedad: Test Cases/1.1-Tareas Principales/1.2.9-Novedad FAILED.
Reason:
com.kms.katalon.core.exception.StepFailedException: Unable to get text of object 'Object Repository/3-OBJECTS UTILIDADES/Alerta/Alerta'
	at com.kms.katalon.core.webui.keyword.internal.WebUIKeywordMain.stepFailed(WebUIKeywordMain.groovy:64)
	at com.kms.katalon.core.webui.keyword.internal.WebUIKeywordMain.runKeyword(WebUIKeywordMain.groovy:26)
	at com.kms.katalon.core.webui.keyword.builtin.GetTextKeyword.getText(GetTextKeyword.groovy:88)
	at com.kms.katalon.core.webui.keyword.builtin.GetTextKeyword.execute(GetTextKeyword.groovy:67)
	at com.kms.katalon.core.keyword.internal.KeywordExecutor.executeKeywordForPlatform(KeywordExecutor.groovy:74)
	at com.kms.katalon.core.webui.keyword.WebUiBuiltInKeywords.getText(WebUiBuiltInKeywords.groovy:918)
	at com.kms.katalon.core.webui.keyword.WebUiBuiltInKeywords$getText$13.call(Unknown Source)
	at 1.2.9-Novedad.run(1.2.9-Novedad:102)
	at com.kms.katalon.core.main.ScriptEngine.run(ScriptEngine.java:194)
	at com.kms.katalon.core.main.ScriptEngine.runScriptAsRawText(ScriptEngine.java:119)
	at com.kms.katalon.core.main.TestCaseExecutor.runScript(TestCaseExecutor.java:445)
	at com.kms.katalon.core.main.TestCaseExecutor.doExecute(TestCaseExecutor.java:436)
	at com.kms.katalon.core.main.TestCaseExecutor.processExecutionPhase(TestCaseExecutor.java:415)
	at com.kms.katalon.core.main.TestCaseExecutor.accessMainPhase(TestCaseExecutor.java:407)
	at com.kms.katalon.core.main.TestCaseExecutor.execute(TestCaseExecutor.java:284)
	at com.kms.katalon.core.common.CommonExecutor.accessTestCaseMainPhase(CommonExecutor.java:65)
	at com.kms.katalon.core.main.TestSuiteExecutor.accessTestSuiteMainPhase(TestSuiteExecutor.java:144)
	at com.kms.katalon.core.main.TestSuiteExecutor.execute(TestSuiteExecutor.java:106)
	at com.kms.katalon.core.main.TestCaseMain.startTestSuite(TestCaseMain.java:185)
	at com.kms.katalon.core.main.TestCaseMain$startTestSuite$0.call(Unknown Source)
	at TempTestSuite1654867643956.run(TempTestSuite1654867643956.groovy:36)
Caused by: com.kms.katalon.core.webui.exception.WebElementNotFoundException: Web element with id: 'Object Repository/3-OBJECTS UTILIDADES/Alerta/Alerta' located by '//div[@id='growl_container']/div/div/div[2]/p' not found
	at com.kms.katalon.core.webui.common.WebUiCommonHelper.findWebElement(WebUiCommonHelper.java:1370)
	at com.kms.katalon.core.webui.keyword.internal.WebUIAbstractKeyword.findWebElement(WebUIAbstractKeyword.groovy:27)
	at com.kms.katalon.core.webui.keyword.internal.WebUIAbstractKeyword.findWebElement(WebUIAbstractKeyword.groovy:26)
	at com.kms.katalon.core.webui.keyword.builtin.GetTextKeyword$_getText_closure1.doCall(GetTextKeyword.groovy:78)
	at com.kms.katalon.core.webui.keyword.builtin.GetTextKeyword$_getText_closure1.call(GetTextKeyword.groovy)
	at com.kms.katalon.core.webui.keyword.internal.WebUIKeywordMain.runKeyword(WebUIKeywordMain.groovy:20)
	... 19 more]]></system-err>
      </testcase>
      <testcase name="Test Cases/1.1-Tareas Principales/1.3.1-Periodo en Proceso - Archivo Plano" time="22.635" classname="Test Cases/1.1-Tareas Principales/1.3.1-Periodo en Proceso - Archivo Plano" status="PASSED">
         <system-out><![CDATA[2022-06-10 08:51:38 - [TEST_CASE][PASSED] - Test Cases/1.1-Tareas Principales/1.3.1-Periodo en Proceso - Archivo Plano: Test Cases/1.1-Tareas Principales/1.3.1-Periodo en Proceso - Archivo Plano

2022-06-10 08:51:39 - [TEST_STEP][PASSED] - callTestCase(findTestCase("Utilidades-(atajos_para _tareas)/Tareas Administracion Compensacion/Tarea Liquidacion Nomina"), [:], STOP_ON_FAILURE): Call Test Case 'Test Cases/Utilidades-(atajos_para _tareas)/Tareas Administracion Compensacion/Tarea Liquidacion Nomina' successfully

2022-06-10 08:51:39 - [TEST_CASE][PASSED] - Test Cases/Utilidades-(atajos_para _tareas)/Tareas Administracion Compensacion/Tarea Liquidacion Nomina: Test Cases/Utilidades-(atajos_para _tareas)/Tareas Administracion Compensacion/Tarea Liquidacion Nomina

2022-06-10 08:51:39 - [TEST_STEP][PASSED] - callTestCase(findTestCase("0.1-Login"), [:], STOP_ON_FAILURE): Call Test Case 'Test Cases/0.1-Login' successfully

2022-06-10 08:51:39 - [TEST_CASE][PASSED] - Test Cases/0.1-Login: Test Cases/0.1-Login

2022-06-10 08:51:39 - [TEST_STEP][PASSED] - openBrowser(""): Browser is opened with url: ''

2022-06-10 08:51:39 - [MESSAGE][WARNING] - A browser is already opened. Closing browser and opening a new one

2022-06-10 08:51:40 - [MESSAGE][INFO] - Starting 'Chrome' driver

2022-06-10 08:51:40 - [MESSAGE][INFO] - Action delay is set to 0 milliseconds

2022-06-10 08:51:41 - [MESSAGE][PASSED] - Browser is opened with url: ''

2022-06-10 08:51:41 - [TEST_STEP][PASSED] - maximizeWindow(): Current window maximized

2022-06-10 08:51:41 - [MESSAGE][PASSED] - Current window maximized

2022-06-10 08:51:41 - [TEST_STEP][PASSED] - i = G_Login: null

2022-06-10 08:51:41 - [TEST_STEP][PASSED] - url = new java.net.URL(i): null

2022-06-10 08:51:41 - [TEST_STEP][PASSED] - println("URL: " + url.toString()): null

2022-06-10 08:51:41 - [TEST_STEP][PASSED] - connection = url.openConnection(): null

2022-06-10 08:51:41 - [TEST_STEP][PASSED] - connection.setRequestMethod("GET"): null

2022-06-10 08:51:41 - [TEST_STEP][PASSED] - connection.setReadTimeout(2 * 1000): null

2022-06-10 08:51:41 - [TEST_STEP][PASSED] - try: null

2022-06-10 08:51:41 - [TEST_STEP][PASSED] - connection.connect(): null

2022-06-10 08:51:41 - [TEST_STEP][PASSED] - flag = connected: null

2022-06-10 08:51:41 - [TEST_STEP][PASSED] - println("Valor_ori: " + flag): null

2022-06-10 08:51:41 - [TEST_STEP][PASSED] - if (flag): null

2022-06-10 08:51:41 - [TEST_STEP][PASSED] - navigateToUrl(i): Navigate to 'http://192.168.2.19:8380/saraweb' successfully

2022-06-10 08:51:42 - [MESSAGE][PASSED] - Navigate to 'http://192.168.2.19:8380/saraweb' successfully

2022-06-10 08:51:42 - [TEST_STEP][PASSED] - a(): null

2022-06-10 08:51:42 - [TEST_STEP][PASSED] - setText(findTestObject("3-OBJECTS UTILIDADES/Login/input_USUARIO_loginusuario"), G_Usuario): Text 'saraadmin' is set on object 'Object Repository/3-OBJECTS UTILIDADES/Login/input_USUARIO_loginusuario'

2022-06-10 08:51:43 - [MESSAGE][PASSED] - Text 'saraadmin' is set on object 'Object Repository/3-OBJECTS UTILIDADES/Login/input_USUARIO_loginusuario'

2022-06-10 08:51:43 - [TEST_STEP][PASSED] - setEncryptedText(findTestObject("3-OBJECTS UTILIDADES/Login/input_CLAVE_loginpassword"), "MkG4/TYiCFC3cb2driP7+Q=="): Text ****** has been set on object 'Object Repository/3-OBJECTS UTILIDADES/Login/input_CLAVE_loginpassword'

2022-06-10 08:51:43 - [MESSAGE][PASSED] - Text ****** has been set on object 'Object Repository/3-OBJECTS UTILIDADES/Login/input_CLAVE_loginpassword'

2022-06-10 08:51:43 - [TEST_STEP][PASSED] - waitForElementClickable(findTestObject("3-OBJECTS UTILIDADES/Login/a_Ingresar"), G_TimeOut): Object 'Object Repository/3-OBJECTS UTILIDADES/Login/a_Ingresar' is clickable

2022-06-10 08:51:43 - [MESSAGE][PASSED] - Object 'Object Repository/3-OBJECTS UTILIDADES/Login/a_Ingresar' is clickable

2022-06-10 08:51:43 - [TEST_STEP][PASSED] - click(findTestObject("3-OBJECTS UTILIDADES/Login/a_Ingresar")): Object: 'Object Repository/3-OBJECTS UTILIDADES/Login/a_Ingresar' is clicked on

2022-06-10 08:51:45 - [MESSAGE][PASSED] - Object: 'Object Repository/3-OBJECTS UTILIDADES/Login/a_Ingresar' is clicked on

2022-06-10 08:51:45 - [TEST_STEP][PASSED] - element = findWebElement(findTestObject("3-OBJECTS UTILIDADES/Login/a_Ir"), 30): null

2022-06-10 08:51:45 - [TEST_STEP][PASSED] - executeJavaScript("arguments[0].click()", Arrays.asList(element)): Execute JavaScript 'arguments[0].click()' successfully

2022-06-10 08:51:45 - [MESSAGE][PASSED] - Execute JavaScript 'arguments[0].click()' successfully

2022-06-10 08:51:45 - [MESSAGE][PASSED] - Call Test Case 'Test Cases/0.1-Login' successfully

2022-06-10 08:51:45 - [TEST_STEP][PASSED] - setText(findTestObject("1-OBJECTS TAREAS PRINCIPALES/Modulo Tarea Compensacion/Tarea Liquidacion Nomina/input_Listado de Empleados_"), "Liquidacion Nomina"): Text 'Liquidacion Nomina' is set on object 'Object Repository/1-OBJECTS TAREAS PRINCIPALES/Modulo Tarea Compensacion/Tarea Liquidacion Nomina/input_Listado de Empleados_'

2022-06-10 08:51:46 - [MESSAGE][PASSED] - Text 'Liquidacion Nomina' is set on object 'Object Repository/1-OBJECTS TAREAS PRINCIPALES/Modulo Tarea Compensacion/Tarea Liquidacion Nomina/input_Listado de Empleados_'

2022-06-10 08:51:46 - [TEST_STEP][PASSED] - waitForElementVisible(findTestObject("1-OBJECTS TAREAS PRINCIPALES/Modulo Tarea Compensacion/Tarea Liquidacion Nomina/span_Liquidacion Nomina"), 0): Object 'Object Repository/1-OBJECTS TAREAS PRINCIPALES/Modulo Tarea Compensacion/Tarea Liquidacion Nomina/span_Liquidacion Nomina' is visible

2022-06-10 08:51:46 - [MESSAGE][WARNING] - Timeout '0' is invalid. Using default page load timeout: '37'

2022-06-10 08:51:48 - [MESSAGE][PASSED] - Object 'Object Repository/1-OBJECTS TAREAS PRINCIPALES/Modulo Tarea Compensacion/Tarea Liquidacion Nomina/span_Liquidacion Nomina' is visible

2022-06-10 08:51:48 - [TEST_STEP][PASSED] - click(findTestObject("1-OBJECTS TAREAS PRINCIPALES/Modulo Tarea Compensacion/Tarea Liquidacion Nomina/span_Liquidacion Nomina")): Object: 'Object Repository/1-OBJECTS TAREAS PRINCIPALES/Modulo Tarea Compensacion/Tarea Liquidacion Nomina/span_Liquidacion Nomina' is clicked on

2022-06-10 08:51:48 - [MESSAGE][PASSED] - Object: 'Object Repository/1-OBJECTS TAREAS PRINCIPALES/Modulo Tarea Compensacion/Tarea Liquidacion Nomina/span_Liquidacion Nomina' is clicked on

2022-06-10 08:51:48 - [MESSAGE][PASSED] - Call Test Case 'Test Cases/Utilidades-(atajos_para _tareas)/Tareas Administracion Compensacion/Tarea Liquidacion Nomina' successfully

2022-06-10 08:51:48 - [TEST_STEP][PASSED] - waitForElementClickable(findTestObject("1-OBJECTS TAREAS PRINCIPALES/Modulo Tarea Compensacion/Periodo en Proceso - Archivo Plano/a_Periodo Nomina_LiquidacionNominaj_idt63"), G_TimeOut): Object 'Object Repository/1-OBJECTS TAREAS PRINCIPALES/Modulo Tarea Compensacion/Periodo en Proceso - Archivo Plano/a_Periodo Nomina_LiquidacionNominaj_idt63' is clickable

2022-06-10 08:51:49 - [MESSAGE][PASSED] - Object 'Object Repository/1-OBJECTS TAREAS PRINCIPALES/Modulo Tarea Compensacion/Periodo en Proceso - Archivo Plano/a_Periodo Nomina_LiquidacionNominaj_idt63' is clickable

2022-06-10 08:51:49 - [TEST_STEP][PASSED] - click(findTestObject("1-OBJECTS TAREAS PRINCIPALES/Modulo Tarea Compensacion/Periodo en Proceso - Archivo Plano/a_Periodo Nomina_LiquidacionNominaj_idt63")): Object: 'Object Repository/1-OBJECTS TAREAS PRINCIPALES/Modulo Tarea Compensacion/Periodo en Proceso - Archivo Plano/a_Periodo Nomina_LiquidacionNominaj_idt63' is clicked on

2022-06-10 08:51:49 - [MESSAGE][PASSED] - Object: 'Object Repository/1-OBJECTS TAREAS PRINCIPALES/Modulo Tarea Compensacion/Periodo en Proceso - Archivo Plano/a_Periodo Nomina_LiquidacionNominaj_idt63' is clicked on

2022-06-10 08:51:49 - [TEST_STEP][PASSED] - waitForElementClickable(findTestObject("1-OBJECTS TAREAS PRINCIPALES/Modulo Tarea Compensacion/Periodo en Proceso - Archivo Plano/select_--  Seleccione  --Periodo CerradoPeriodo en Proceso"), G_TimeOut): Object 'Object Repository/1-OBJECTS TAREAS PRINCIPALES/Modulo Tarea Compensacion/Periodo en Proceso - Archivo Plano/select_--  Seleccione  --Periodo CerradoPeriodo en Proceso' is clickable

2022-06-10 08:51:50 - [MESSAGE][PASSED] - Object 'Object Repository/1-OBJECTS TAREAS PRINCIPALES/Modulo Tarea Compensacion/Periodo en Proceso - Archivo Plano/select_--  Seleccione  --Periodo CerradoPeriodo en Proceso' is clickable

2022-06-10 08:51:50 - [TEST_STEP][PASSED] - click(findTestObject("1-OBJECTS TAREAS PRINCIPALES/Modulo Tarea Compensacion/Periodo en Proceso - Archivo Plano/select_--  Seleccione  --Periodo CerradoPeriodo en Proceso")): Object: 'Object Repository/1-OBJECTS TAREAS PRINCIPALES/Modulo Tarea Compensacion/Periodo en Proceso - Archivo Plano/select_--  Seleccione  --Periodo CerradoPeriodo en Proceso' is clicked on

2022-06-10 08:51:50 - [MESSAGE][PASSED] - Object: 'Object Repository/1-OBJECTS TAREAS PRINCIPALES/Modulo Tarea Compensacion/Periodo en Proceso - Archivo Plano/select_--  Seleccione  --Periodo CerradoPeriodo en Proceso' is clicked on

2022-06-10 08:51:50 - [TEST_STEP][PASSED] - selectOptionByIndex(findTestObject("1-OBJECTS TAREAS PRINCIPALES/Modulo Tarea Compensacion/Periodo en Proceso - Archivo Plano/select_--  Seleccione  --Periodo CerradoPeriodo en Proceso"), 2): All options with index in [2] are selected on object 'Object Repository/1-OBJECTS TAREAS PRINCIPALES/Modulo Tarea Compensacion/Periodo en Proceso - Archivo Plano/select_--  Seleccione  --Periodo CerradoPeriodo en Proceso'

2022-06-10 08:51:51 - [MESSAGE][PASSED] - All options with index in [2] are selected on object 'Object Repository/1-OBJECTS TAREAS PRINCIPALES/Modulo Tarea Compensacion/Periodo en Proceso - Archivo Plano/select_--  Seleccione  --Periodo CerradoPeriodo en Proceso'

2022-06-10 08:51:51 - [TEST_STEP][PASSED] - waitForElementClickable(findTestObject("1-OBJECTS TAREAS PRINCIPALES/Modulo Tarea Compensacion/Periodo en Proceso - Archivo Plano/span_P MensualJulio2021"), G_TimeOut): Object 'Object Repository/1-OBJECTS TAREAS PRINCIPALES/Modulo Tarea Compensacion/Periodo en Proceso - Archivo Plano/span_P MensualJulio2021' is clickable

2022-06-10 08:51:52 - [MESSAGE][PASSED] - Object 'Object Repository/1-OBJECTS TAREAS PRINCIPALES/Modulo Tarea Compensacion/Periodo en Proceso - Archivo Plano/span_P MensualJulio2021' is clickable

2022-06-10 08:51:52 - [TEST_STEP][PASSED] - click(findTestObject("1-OBJECTS TAREAS PRINCIPALES/Modulo Tarea Compensacion/Periodo en Proceso - Archivo Plano/span_P MensualJulio2021")): Object: 'Object Repository/1-OBJECTS TAREAS PRINCIPALES/Modulo Tarea Compensacion/Periodo en Proceso - Archivo Plano/span_P MensualJulio2021' is clicked on

2022-06-10 08:51:52 - [MESSAGE][PASSED] - Object: 'Object Repository/1-OBJECTS TAREAS PRINCIPALES/Modulo Tarea Compensacion/Periodo en Proceso - Archivo Plano/span_P MensualJulio2021' is clicked on

2022-06-10 08:51:52 - [TEST_STEP][PASSED] - click(findTestObject("1-OBJECTS TAREAS PRINCIPALES/Modulo Tarea Compensacion/Periodo en Proceso - Archivo Plano/span_Archivo Plano")): Object: 'Object Repository/1-OBJECTS TAREAS PRINCIPALES/Modulo Tarea Compensacion/Periodo en Proceso - Archivo Plano/span_Archivo Plano' is clicked on

2022-06-10 08:51:53 - [MESSAGE][PASSED] - Object: 'Object Repository/1-OBJECTS TAREAS PRINCIPALES/Modulo Tarea Compensacion/Periodo en Proceso - Archivo Plano/span_Archivo Plano' is clicked on

2022-06-10 08:51:53 - [TEST_STEP][PASSED] - selectOptionByValue(findTestObject("1-OBJECTS TAREAS PRINCIPALES/Modulo Tarea Compensacion/Periodo en Proceso - Archivo Plano/select_ddMMyyddMMyyyyyyMMddyyy"), "dd/MM/yy", true): All options with value 'dd/MM/yy' are selected in object 'Object Repository/1-OBJECTS TAREAS PRINCIPALES/Modulo Tarea Compensacion/Periodo en Proceso - Archivo Plano/select_ddMMyyddMMyyyyyyMMddyyy'  using regular expression

2022-06-10 08:51:55 - [MESSAGE][PASSED] - All options with value 'dd/MM/yy' are selected in object 'Object Repository/1-OBJECTS TAREAS PRINCIPALES/Modulo Tarea Compensacion/Periodo en Proceso - Archivo Plano/select_ddMMyyddMMyyyyyyMMddyyy'  using regular expression

2022-06-10 08:51:55 - [TEST_STEP][PASSED] - selectOptionByIndex(findTestObject("2-OBJECTS TAREAS SECUNDARIAS/Pruebas capacitacion/Evento_de_Capacitacion/select_Acumular valorAdicionar nicamenteReemplazar valor"), 1): All options with index in [1] are selected on object 'Object Repository/2-OBJECTS TAREAS SECUNDARIAS/Pruebas capacitacion/Evento_de_Capacitacion/select_Acumular valorAdicionar nicamenteReemplazar valor'

2022-06-10 08:51:56 - [MESSAGE][PASSED] - All options with index in [1] are selected on object 'Object Repository/2-OBJECTS TAREAS SECUNDARIAS/Pruebas capacitacion/Evento_de_Capacitacion/select_Acumular valorAdicionar nicamenteReemplazar valor'

2022-06-10 08:51:56 - [TEST_STEP][PASSED] - ruta = G_rutaarchivos + "ArchivoPlanoLiquidacionNomina.txt": null

2022-06-10 08:51:56 - [TEST_STEP][PASSED] - uploadFile(findTestObject("1-OBJECTS TAREAS PRINCIPALES/Modulo Tarea Compensacion/Periodo en Proceso - Archivo Plano/Archivo"), ruta): File 'E:\unionweb14\ArchivoPlanoLiquidacionNomina.txt' sent to object: 'Object Repository/1-OBJECTS TAREAS PRINCIPALES/Modulo Tarea Compensacion/Periodo en Proceso - Archivo Plano/Archivo'

2022-06-10 08:51:56 - [MESSAGE][PASSED] - File 'E:\unionweb14\ArchivoPlanoLiquidacionNomina.txt' sent to object: 'Object Repository/1-OBJECTS TAREAS PRINCIPALES/Modulo Tarea Compensacion/Periodo en Proceso - Archivo Plano/Archivo'

2022-06-10 08:51:56 - [TEST_STEP][PASSED] - filePath = getAttribute(findTestObject("1-OBJECTS TAREAS PRINCIPALES/Modulo Tarea Compensacion/Periodo en Proceso - Archivo Plano/Archivo"), "value"): Attribute 'value' of object 'Object Repository/1-OBJECTS TAREAS PRINCIPALES/Modulo Tarea Compensacion/Periodo en Proceso - Archivo Plano/Archivo' is: ''

2022-06-10 08:51:57 - [MESSAGE][PASSED] - Attribute 'value' of object 'Object Repository/1-OBJECTS TAREAS PRINCIPALES/Modulo Tarea Compensacion/Periodo en Proceso - Archivo Plano/Archivo' is: ''

2022-06-10 08:51:57 - [TEST_STEP][PASSED] - waitForElementClickable(findTestObject("1-OBJECTS TAREAS PRINCIPALES/Modulo Tarea Compensacion/Periodo en Proceso - Archivo Plano/a_Importar"), 0): Object 'Object Repository/1-OBJECTS TAREAS PRINCIPALES/Modulo Tarea Compensacion/Periodo en Proceso - Archivo Plano/a_Importar' is clickable

2022-06-10 08:51:57 - [MESSAGE][WARNING] - Timeout '0' is invalid. Using default page load timeout: '37'

2022-06-10 08:51:57 - [MESSAGE][PASSED] - Object 'Object Repository/1-OBJECTS TAREAS PRINCIPALES/Modulo Tarea Compensacion/Periodo en Proceso - Archivo Plano/a_Importar' is clickable

2022-06-10 08:51:57 - [TEST_STEP][PASSED] - click(findTestObject("1-OBJECTS TAREAS PRINCIPALES/Modulo Tarea Compensacion/Periodo en Proceso - Archivo Plano/a_Importar")): Object: 'Object Repository/1-OBJECTS TAREAS PRINCIPALES/Modulo Tarea Compensacion/Periodo en Proceso - Archivo Plano/a_Importar' is clicked on

2022-06-10 08:51:58 - [MESSAGE][PASSED] - Object: 'Object Repository/1-OBJECTS TAREAS PRINCIPALES/Modulo Tarea Compensacion/Periodo en Proceso - Archivo Plano/a_Importar' is clicked on

2022-06-10 08:51:58 - [TEST_STEP][PASSED] - click(findTestObject("1-OBJECTS TAREAS PRINCIPALES/Modulo Tarea Compensacion/Periodo en Proceso - Archivo Plano/span_Aplicar")): Object: 'Object Repository/1-OBJECTS TAREAS PRINCIPALES/Modulo Tarea Compensacion/Periodo en Proceso - Archivo Plano/span_Aplicar' is clicked on

2022-06-10 08:51:58 - [MESSAGE][PASSED] - Object: 'Object Repository/1-OBJECTS TAREAS PRINCIPALES/Modulo Tarea Compensacion/Periodo en Proceso - Archivo Plano/span_Aplicar' is clicked on

2022-06-10 08:51:58 - [TEST_STEP][PASSED] - click(findTestObject("1-OBJECTS TAREAS PRINCIPALES/Modulo Tarea Compensacion/Periodo en Proceso - Archivo Plano/Page_SARA/span_Si")): Object: 'Object Repository/1-OBJECTS TAREAS PRINCIPALES/Modulo Tarea Compensacion/Periodo en Proceso - Archivo Plano/Page_SARA/span_Si' is clicked on

2022-06-10 08:51:59 - [MESSAGE][PASSED] - Object: 'Object Repository/1-OBJECTS TAREAS PRINCIPALES/Modulo Tarea Compensacion/Periodo en Proceso - Archivo Plano/Page_SARA/span_Si' is clicked on

2022-06-10 08:51:59 - [TEST_STEP][PASSED] - Alerta = getText(findTestObject("3-OBJECTS UTILIDADES/Alerta/Alerta")): Text of object 'Object Repository/3-OBJECTS UTILIDADES/Alerta/Alerta' is: 'Archivo aplicado'

2022-06-10 08:52:00 - [MESSAGE][PASSED] - Text of object 'Object Repository/3-OBJECTS UTILIDADES/Alerta/Alerta' is: 'Archivo aplicado'

2022-06-10 08:52:00 - [TEST_STEP][PASSED] - if (Alerta == "Archivo aplicado"): Browser is closed

2022-06-10 08:52:00 - [TEST_STEP][PASSED] - closeBrowser(): Browser is closed

2022-06-10 08:52:01 - [MESSAGE][PASSED] - Browser is closed]]></system-out>
         <system-err><![CDATA[]]></system-err>
      </testcase>
      <testcase name="Test Cases/1.1-Tareas Principales/1.3.2-Recalculo Seleccion" time="20.462" classname="Test Cases/1.1-Tareas Principales/1.3.2-Recalculo Seleccion" status="PASSED">
         <system-out><![CDATA[2022-06-10 08:52:01 - [TEST_CASE][PASSED] - Test Cases/1.1-Tareas Principales/1.3.2-Recalculo Seleccion: Test Cases/1.1-Tareas Principales/1.3.2-Recalculo Seleccion

2022-06-10 08:52:01 - [TEST_STEP][PASSED] - callTestCase(findTestCase("Utilidades-(atajos_para _tareas)/Tareas Administracion Compensacion/Tarea Liquidacion Nomina"), [:], STOP_ON_FAILURE): Call Test Case 'Test Cases/Utilidades-(atajos_para _tareas)/Tareas Administracion Compensacion/Tarea Liquidacion Nomina' successfully

2022-06-10 08:52:01 - [TEST_CASE][PASSED] - Test Cases/Utilidades-(atajos_para _tareas)/Tareas Administracion Compensacion/Tarea Liquidacion Nomina: Test Cases/Utilidades-(atajos_para _tareas)/Tareas Administracion Compensacion/Tarea Liquidacion Nomina

2022-06-10 08:52:01 - [TEST_STEP][PASSED] - callTestCase(findTestCase("0.1-Login"), [:], STOP_ON_FAILURE): Call Test Case 'Test Cases/0.1-Login' successfully

2022-06-10 08:52:01 - [TEST_CASE][PASSED] - Test Cases/0.1-Login: Test Cases/0.1-Login

2022-06-10 08:52:01 - [TEST_STEP][PASSED] - openBrowser(""): Browser is opened with url: ''

2022-06-10 08:52:01 - [MESSAGE][INFO] - Starting 'Chrome' driver

2022-06-10 08:52:01 - [MESSAGE][INFO] - Action delay is set to 0 milliseconds

2022-06-10 08:52:03 - [MESSAGE][PASSED] - Browser is opened with url: ''

2022-06-10 08:52:03 - [TEST_STEP][PASSED] - maximizeWindow(): Current window maximized

2022-06-10 08:52:03 - [MESSAGE][PASSED] - Current window maximized

2022-06-10 08:52:03 - [TEST_STEP][PASSED] - i = G_Login: null

2022-06-10 08:52:03 - [TEST_STEP][PASSED] - url = new java.net.URL(i): null

2022-06-10 08:52:03 - [TEST_STEP][PASSED] - println("URL: " + url.toString()): null

2022-06-10 08:52:03 - [TEST_STEP][PASSED] - connection = url.openConnection(): null

2022-06-10 08:52:03 - [TEST_STEP][PASSED] - connection.setRequestMethod("GET"): null

2022-06-10 08:52:03 - [TEST_STEP][PASSED] - connection.setReadTimeout(2 * 1000): null

2022-06-10 08:52:03 - [TEST_STEP][PASSED] - try: null

2022-06-10 08:52:03 - [TEST_STEP][PASSED] - connection.connect(): null

2022-06-10 08:52:03 - [TEST_STEP][PASSED] - flag = connected: null

2022-06-10 08:52:03 - [TEST_STEP][PASSED] - println("Valor_ori: " + flag): null

2022-06-10 08:52:03 - [TEST_STEP][PASSED] - if (flag): null

2022-06-10 08:52:03 - [TEST_STEP][PASSED] - navigateToUrl(i): Navigate to 'http://192.168.2.19:8380/saraweb' successfully

2022-06-10 08:52:03 - [MESSAGE][PASSED] - Navigate to 'http://192.168.2.19:8380/saraweb' successfully

2022-06-10 08:52:03 - [TEST_STEP][PASSED] - a(): null

2022-06-10 08:52:03 - [TEST_STEP][PASSED] - setText(findTestObject("3-OBJECTS UTILIDADES/Login/input_USUARIO_loginusuario"), G_Usuario): Text 'saraadmin' is set on object 'Object Repository/3-OBJECTS UTILIDADES/Login/input_USUARIO_loginusuario'

2022-06-10 08:52:04 - [MESSAGE][PASSED] - Text 'saraadmin' is set on object 'Object Repository/3-OBJECTS UTILIDADES/Login/input_USUARIO_loginusuario'

2022-06-10 08:52:04 - [TEST_STEP][PASSED] - setEncryptedText(findTestObject("3-OBJECTS UTILIDADES/Login/input_CLAVE_loginpassword"), "MkG4/TYiCFC3cb2driP7+Q=="): Text ****** has been set on object 'Object Repository/3-OBJECTS UTILIDADES/Login/input_CLAVE_loginpassword'

2022-06-10 08:52:04 - [MESSAGE][PASSED] - Text ****** has been set on object 'Object Repository/3-OBJECTS UTILIDADES/Login/input_CLAVE_loginpassword'

2022-06-10 08:52:04 - [TEST_STEP][PASSED] - waitForElementClickable(findTestObject("3-OBJECTS UTILIDADES/Login/a_Ingresar"), G_TimeOut): Object 'Object Repository/3-OBJECTS UTILIDADES/Login/a_Ingresar' is clickable

2022-06-10 08:52:05 - [MESSAGE][PASSED] - Object 'Object Repository/3-OBJECTS UTILIDADES/Login/a_Ingresar' is clickable

2022-06-10 08:52:05 - [TEST_STEP][PASSED] - click(findTestObject("3-OBJECTS UTILIDADES/Login/a_Ingresar")): Object: 'Object Repository/3-OBJECTS UTILIDADES/Login/a_Ingresar' is clicked on

2022-06-10 08:52:06 - [MESSAGE][PASSED] - Object: 'Object Repository/3-OBJECTS UTILIDADES/Login/a_Ingresar' is clicked on

2022-06-10 08:52:06 - [TEST_STEP][PASSED] - element = findWebElement(findTestObject("3-OBJECTS UTILIDADES/Login/a_Ir"), 30): null

2022-06-10 08:52:06 - [TEST_STEP][PASSED] - executeJavaScript("arguments[0].click()", Arrays.asList(element)): Execute JavaScript 'arguments[0].click()' successfully

2022-06-10 08:52:06 - [MESSAGE][PASSED] - Execute JavaScript 'arguments[0].click()' successfully

2022-06-10 08:52:06 - [MESSAGE][PASSED] - Call Test Case 'Test Cases/0.1-Login' successfully

2022-06-10 08:52:06 - [TEST_STEP][PASSED] - setText(findTestObject("1-OBJECTS TAREAS PRINCIPALES/Modulo Tarea Compensacion/Tarea Liquidacion Nomina/input_Listado de Empleados_"), "Liquidacion Nomina"): Text 'Liquidacion Nomina' is set on object 'Object Repository/1-OBJECTS TAREAS PRINCIPALES/Modulo Tarea Compensacion/Tarea Liquidacion Nomina/input_Listado de Empleados_'

2022-06-10 08:52:08 - [MESSAGE][PASSED] - Text 'Liquidacion Nomina' is set on object 'Object Repository/1-OBJECTS TAREAS PRINCIPALES/Modulo Tarea Compensacion/Tarea Liquidacion Nomina/input_Listado de Empleados_'

2022-06-10 08:52:08 - [TEST_STEP][PASSED] - waitForElementVisible(findTestObject("1-OBJECTS TAREAS PRINCIPALES/Modulo Tarea Compensacion/Tarea Liquidacion Nomina/span_Liquidacion Nomina"), 0): Object 'Object Repository/1-OBJECTS TAREAS PRINCIPALES/Modulo Tarea Compensacion/Tarea Liquidacion Nomina/span_Liquidacion Nomina' is visible

2022-06-10 08:52:08 - [MESSAGE][WARNING] - Timeout '0' is invalid. Using default page load timeout: '37'

2022-06-10 08:52:09 - [MESSAGE][PASSED] - Object 'Object Repository/1-OBJECTS TAREAS PRINCIPALES/Modulo Tarea Compensacion/Tarea Liquidacion Nomina/span_Liquidacion Nomina' is visible

2022-06-10 08:52:09 - [TEST_STEP][PASSED] - click(findTestObject("1-OBJECTS TAREAS PRINCIPALES/Modulo Tarea Compensacion/Tarea Liquidacion Nomina/span_Liquidacion Nomina")): Object: 'Object Repository/1-OBJECTS TAREAS PRINCIPALES/Modulo Tarea Compensacion/Tarea Liquidacion Nomina/span_Liquidacion Nomina' is clicked on

2022-06-10 08:52:09 - [MESSAGE][PASSED] - Object: 'Object Repository/1-OBJECTS TAREAS PRINCIPALES/Modulo Tarea Compensacion/Tarea Liquidacion Nomina/span_Liquidacion Nomina' is clicked on

2022-06-10 08:52:09 - [MESSAGE][PASSED] - Call Test Case 'Test Cases/Utilidades-(atajos_para _tareas)/Tareas Administracion Compensacion/Tarea Liquidacion Nomina' successfully

2022-06-10 08:52:09 - [TEST_STEP][PASSED] - waitForElementClickable(findTestObject("1-OBJECTS TAREAS PRINCIPALES/Modulo Tarea Compensacion/Recalculo Seleccion/a_Periodo Nomina_LiquidacionNominaj_idt63"), G_TimeOut, STOP_ON_FAILURE): Object 'Object Repository/1-OBJECTS TAREAS PRINCIPALES/Modulo Tarea Compensacion/Recalculo Seleccion/a_Periodo Nomina_LiquidacionNominaj_idt63' is clickable

2022-06-10 08:52:10 - [MESSAGE][PASSED] - Object 'Object Repository/1-OBJECTS TAREAS PRINCIPALES/Modulo Tarea Compensacion/Recalculo Seleccion/a_Periodo Nomina_LiquidacionNominaj_idt63' is clickable

2022-06-10 08:52:10 - [TEST_STEP][PASSED] - click(findTestObject("1-OBJECTS TAREAS PRINCIPALES/Modulo Tarea Compensacion/Recalculo Seleccion/a_Periodo Nomina_LiquidacionNominaj_idt63")): Object: 'Object Repository/1-OBJECTS TAREAS PRINCIPALES/Modulo Tarea Compensacion/Recalculo Seleccion/a_Periodo Nomina_LiquidacionNominaj_idt63' is clicked on

2022-06-10 08:52:11 - [MESSAGE][PASSED] - Object: 'Object Repository/1-OBJECTS TAREAS PRINCIPALES/Modulo Tarea Compensacion/Recalculo Seleccion/a_Periodo Nomina_LiquidacionNominaj_idt63' is clicked on

2022-06-10 08:52:11 - [TEST_STEP][PASSED] - waitForElementClickable(findTestObject("1-OBJECTS TAREAS PRINCIPALES/Modulo Tarea Compensacion/Recalculo Seleccion/select_--  Seleccione  --Periodo CerradoPeriodo en Proceso"), G_TimeOut): Object 'Object Repository/1-OBJECTS TAREAS PRINCIPALES/Modulo Tarea Compensacion/Recalculo Seleccion/select_--  Seleccione  --Periodo CerradoPeriodo en Proceso' is clickable

2022-06-10 08:52:11 - [MESSAGE][PASSED] - Object 'Object Repository/1-OBJECTS TAREAS PRINCIPALES/Modulo Tarea Compensacion/Recalculo Seleccion/select_--  Seleccione  --Periodo CerradoPeriodo en Proceso' is clickable

2022-06-10 08:52:11 - [TEST_STEP][PASSED] - click(findTestObject("1-OBJECTS TAREAS PRINCIPALES/Modulo Tarea Compensacion/Recalculo Seleccion/select_--  Seleccione  --Periodo CerradoPeriodo en Proceso")): Object: 'Object Repository/1-OBJECTS TAREAS PRINCIPALES/Modulo Tarea Compensacion/Recalculo Seleccion/select_--  Seleccione  --Periodo CerradoPeriodo en Proceso' is clicked on

2022-06-10 08:52:12 - [MESSAGE][PASSED] - Object: 'Object Repository/1-OBJECTS TAREAS PRINCIPALES/Modulo Tarea Compensacion/Recalculo Seleccion/select_--  Seleccione  --Periodo CerradoPeriodo en Proceso' is clicked on

2022-06-10 08:52:12 - [TEST_STEP][PASSED] - selectOptionByIndex(findTestObject("1-OBJECTS TAREAS PRINCIPALES/Modulo Tarea Compensacion/Recalculo Seleccion/select_--  Seleccione  --Periodo CerradoPeriodo en Proceso"), 2): All options with index in [2] are selected on object 'Object Repository/1-OBJECTS TAREAS PRINCIPALES/Modulo Tarea Compensacion/Recalculo Seleccion/select_--  Seleccione  --Periodo CerradoPeriodo en Proceso'

2022-06-10 08:52:12 - [MESSAGE][PASSED] - All options with index in [2] are selected on object 'Object Repository/1-OBJECTS TAREAS PRINCIPALES/Modulo Tarea Compensacion/Recalculo Seleccion/select_--  Seleccione  --Periodo CerradoPeriodo en Proceso'

2022-06-10 08:52:12 - [TEST_STEP][PASSED] - waitForElementClickable(findTestObject("1-OBJECTS TAREAS PRINCIPALES/Modulo Tarea Compensacion/Recalculo Seleccion/span_P MensualJulio2021"), G_TimeOut): Object 'Object Repository/1-OBJECTS TAREAS PRINCIPALES/Modulo Tarea Compensacion/Recalculo Seleccion/span_P MensualJulio2021' is clickable

2022-06-10 08:52:13 - [MESSAGE][PASSED] - Object 'Object Repository/1-OBJECTS TAREAS PRINCIPALES/Modulo Tarea Compensacion/Recalculo Seleccion/span_P MensualJulio2021' is clickable

2022-06-10 08:52:13 - [TEST_STEP][PASSED] - click(findTestObject("1-OBJECTS TAREAS PRINCIPALES/Modulo Tarea Compensacion/Recalculo Seleccion/span_P MensualJulio2021")): Object: 'Object Repository/1-OBJECTS TAREAS PRINCIPALES/Modulo Tarea Compensacion/Recalculo Seleccion/span_P MensualJulio2021' is clicked on

2022-06-10 08:52:14 - [MESSAGE][PASSED] - Object: 'Object Repository/1-OBJECTS TAREAS PRINCIPALES/Modulo Tarea Compensacion/Recalculo Seleccion/span_P MensualJulio2021' is clicked on

2022-06-10 08:52:14 - [TEST_STEP][PASSED] - waitForElementClickable(findTestObject("1-OBJECTS TAREAS PRINCIPALES/Modulo Tarea Compensacion/Recalculo Seleccion/a_Nombre Persona_LiquidacionNo"), G_TimeOut): Object 'Object Repository/1-OBJECTS TAREAS PRINCIPALES/Modulo Tarea Compensacion/Recalculo Seleccion/a_Nombre Persona_LiquidacionNo' is clickable

2022-06-10 08:52:15 - [MESSAGE][PASSED] - Object 'Object Repository/1-OBJECTS TAREAS PRINCIPALES/Modulo Tarea Compensacion/Recalculo Seleccion/a_Nombre Persona_LiquidacionNo' is clickable

2022-06-10 08:52:15 - [TEST_STEP][PASSED] - click(findTestObject("1-OBJECTS TAREAS PRINCIPALES/Modulo Tarea Compensacion/Recalculo Seleccion/a_Nombre Persona_LiquidacionNo")): Object: 'Object Repository/1-OBJECTS TAREAS PRINCIPALES/Modulo Tarea Compensacion/Recalculo Seleccion/a_Nombre Persona_LiquidacionNo' is clicked on

2022-06-10 08:52:15 - [MESSAGE][PASSED] - Object: 'Object Repository/1-OBJECTS TAREAS PRINCIPALES/Modulo Tarea Compensacion/Recalculo Seleccion/a_Nombre Persona_LiquidacionNo' is clicked on

2022-06-10 08:52:15 - [TEST_STEP][PASSED] - setText(findTestObject("1-OBJECTS TAREAS PRINCIPALES/Modulo Tarea Compensacion/Recalculo Seleccion/input_Filtro Empleado_Liquidacion Nomina"), "1019070748"): Text '1019070748' is set on object 'Object Repository/1-OBJECTS TAREAS PRINCIPALES/Modulo Tarea Compensacion/Recalculo Seleccion/input_Filtro Empleado_Liquidacion Nomina'

2022-06-10 08:52:16 - [MESSAGE][PASSED] - Text '1019070748' is set on object 'Object Repository/1-OBJECTS TAREAS PRINCIPALES/Modulo Tarea Compensacion/Recalculo Seleccion/input_Filtro Empleado_Liquidacion Nomina'

2022-06-10 08:52:16 - [TEST_STEP][PASSED] - sendKeys(findTestObject("1-OBJECTS TAREAS PRINCIPALES/Modulo Tarea Compensacion/Recalculo Seleccion/input_Filtro Empleado_Liquidacion Nomina"), Keys.chord(ENTER)): Keys 'ENTER + ' sent to object: 'Object Repository/1-OBJECTS TAREAS PRINCIPALES/Modulo Tarea Compensacion/Recalculo Seleccion/input_Filtro Empleado_Liquidacion Nomina'

2022-06-10 08:52:17 - [MESSAGE][PASSED] - Keys 'ENTER + ' sent to object: 'Object Repository/1-OBJECTS TAREAS PRINCIPALES/Modulo Tarea Compensacion/Recalculo Seleccion/input_Filtro Empleado_Liquidacion Nomina'

2022-06-10 08:52:17 - [TEST_STEP][PASSED] - waitForElementClickable(findTestObject("1-OBJECTS TAREAS PRINCIPALES/Modulo Tarea Compensacion/Recalculo Seleccion/span_Almanza Novoa John Alexandre"), G_TimeOut): Object 'Object Repository/1-OBJECTS TAREAS PRINCIPALES/Modulo Tarea Compensacion/Recalculo Seleccion/span_Almanza Novoa John Alexandre' is clickable

2022-06-10 08:52:17 - [MESSAGE][PASSED] - Object 'Object Repository/1-OBJECTS TAREAS PRINCIPALES/Modulo Tarea Compensacion/Recalculo Seleccion/span_Almanza Novoa John Alexandre' is clickable

2022-06-10 08:52:17 - [TEST_STEP][PASSED] - click(findTestObject("1-OBJECTS TAREAS PRINCIPALES/Modulo Tarea Compensacion/Recalculo Seleccion/span_Almanza Novoa John Alexandre")): Object: 'Object Repository/1-OBJECTS TAREAS PRINCIPALES/Modulo Tarea Compensacion/Recalculo Seleccion/span_Almanza Novoa John Alexandre' is clicked on

2022-06-10 08:52:18 - [MESSAGE][PASSED] - Object: 'Object Repository/1-OBJECTS TAREAS PRINCIPALES/Modulo Tarea Compensacion/Recalculo Seleccion/span_Almanza Novoa John Alexandre' is clicked on

2022-06-10 08:52:18 - [TEST_STEP][PASSED] - click(findTestObject("1-OBJECTS TAREAS PRINCIPALES/Modulo Tarea Compensacion/Recalculo Seleccion/span_Reclculo Seleccin")): Object: 'Object Repository/1-OBJECTS TAREAS PRINCIPALES/Modulo Tarea Compensacion/Recalculo Seleccion/span_Reclculo Seleccin' is clicked on

2022-06-10 08:52:19 - [MESSAGE][PASSED] - Object: 'Object Repository/1-OBJECTS TAREAS PRINCIPALES/Modulo Tarea Compensacion/Recalculo Seleccion/span_Reclculo Seleccin' is clicked on

2022-06-10 08:52:19 - [TEST_STEP][PASSED] - click(findTestObject("1-OBJECTS TAREAS PRINCIPALES/Modulo Tarea Compensacion/Recalculo Seleccion/span_Si")): Object: 'Object Repository/1-OBJECTS TAREAS PRINCIPALES/Modulo Tarea Compensacion/Recalculo Seleccion/span_Si' is clicked on

2022-06-10 08:52:19 - [MESSAGE][PASSED] - Object: 'Object Repository/1-OBJECTS TAREAS PRINCIPALES/Modulo Tarea Compensacion/Recalculo Seleccion/span_Si' is clicked on

2022-06-10 08:52:19 - [TEST_STEP][PASSED] - waitForElementClickable(findTestObject("3-OBJECTS UTILIDADES/Alerta/Alerta"), 0): Object 'Object Repository/3-OBJECTS UTILIDADES/Alerta/Alerta' is clickable

2022-06-10 08:52:19 - [MESSAGE][WARNING] - Timeout '0' is invalid. Using default page load timeout: '37'

2022-06-10 08:52:20 - [MESSAGE][PASSED] - Object 'Object Repository/3-OBJECTS UTILIDADES/Alerta/Alerta' is clickable

2022-06-10 08:52:20 - [TEST_STEP][PASSED] - Alerta = getText(findTestObject("3-OBJECTS UTILIDADES/Alerta/Alerta")): Text of object 'Object Repository/3-OBJECTS UTILIDADES/Alerta/Alerta' is: 'Seleccione empleado'

2022-06-10 08:52:20 - [MESSAGE][PASSED] - Text of object 'Object Repository/3-OBJECTS UTILIDADES/Alerta/Alerta' is: 'Seleccione empleado'

2022-06-10 08:52:20 - [TEST_STEP][PASSED] - if (Alerta == "Seleccione empleado"): Browser is closed

2022-06-10 08:52:20 - [TEST_STEP][PASSED] - closeBrowser(): Browser is closed

2022-06-10 08:52:21 - [MESSAGE][PASSED] - Browser is closed]]></system-out>
         <system-err><![CDATA[]]></system-err>
      </testcase>
      <testcase name="Test Cases/1.1-Tareas Principales/1.3.3-Recalculo Total" time="58.342" classname="Test Cases/1.1-Tareas Principales/1.3.3-Recalculo Total" status="FAILED">
         <failure type="FAILED" message="Test Cases/1.1-Tareas Principales/1.3.3-Recalculo Total FAILED.
Reason:
com.kms.katalon.core.exception.StepFailedException: Unable to get text of object 'Object Repository/1-OBJECTS TAREAS PRINCIPALES/Modulo Tarea Compensacion/Recalculo Total/a_Resultado'
	at com.kms.katalon.core.webui.keyword.internal.WebUIKeywordMain.stepFailed(WebUIKeywordMain.groovy:64)
	at com.kms.katalon.core.webui.keyword.internal.WebUIKeywordMain.runKeyword(WebUIKeywordMain.groovy:26)
	at com.kms.katalon.core.webui.keyword.builtin.GetTextKeyword.getText(GetTextKeyword.groovy:88)
	at com.kms.katalon.core.webui.keyword.builtin.GetTextKeyword.execute(GetTextKeyword.groovy:67)
	at com.kms.katalon.core.keyword.internal.KeywordExecutor.executeKeywordForPlatform(KeywordExecutor.groovy:74)
	at com.kms.katalon.core.webui.keyword.WebUiBuiltInKeywords.getText(WebUiBuiltInKeywords.groovy:918)
	at com.kms.katalon.core.webui.keyword.WebUiBuiltInKeywords$getText$13.call(Unknown Source)
	at 1.3.3-Recalculo Total.run(1.3.3-Recalculo Total:55)
	at com.kms.katalon.core.main.ScriptEngine.run(ScriptEngine.java:194)
	at com.kms.katalon.core.main.ScriptEngine.runScriptAsRawText(ScriptEngine.java:119)
	at com.kms.katalon.core.main.TestCaseExecutor.runScript(TestCaseExecutor.java:445)
	at com.kms.katalon.core.main.TestCaseExecutor.doExecute(TestCaseExecutor.java:436)
	at com.kms.katalon.core.main.TestCaseExecutor.processExecutionPhase(TestCaseExecutor.java:415)
	at com.kms.katalon.core.main.TestCaseExecutor.accessMainPhase(TestCaseExecutor.java:407)
	at com.kms.katalon.core.main.TestCaseExecutor.execute(TestCaseExecutor.java:284)
	at com.kms.katalon.core.common.CommonExecutor.accessTestCaseMainPhase(CommonExecutor.java:65)
	at com.kms.katalon.core.main.TestSuiteExecutor.accessTestSuiteMainPhase(TestSuiteExecutor.java:144)
	at com.kms.katalon.core.main.TestSuiteExecutor.execute(TestSuiteExecutor.java:106)
	at com.kms.katalon.core.main.TestCaseMain.startTestSuite(TestCaseMain.java:185)
	at com.kms.katalon.core.main.TestCaseMain$startTestSuite$0.call(Unknown Source)
	at TempTestSuite1654867643956.run(TempTestSuite1654867643956.groovy:36)
Caused by: com.kms.katalon.core.webui.exception.WebElementNotFoundException: Web element with id: 'Object Repository/1-OBJECTS TAREAS PRINCIPALES/Modulo Tarea Compensacion/Recalculo Total/a_Resultado' located by '//body/div[1]/div[3]/div/table/tbody/tr[4]/td/table/tbody/tr/td/form/div/div[2]/table[1]/tbody/tr[1]/td/div' not found
	at com.kms.katalon.core.webui.common.WebUiCommonHelper.findWebElement(WebUiCommonHelper.java:1370)
	at com.kms.katalon.core.webui.keyword.internal.WebUIAbstractKeyword.findWebElement(WebUIAbstractKeyword.groovy:27)
	at com.kms.katalon.core.webui.keyword.internal.WebUIAbstractKeyword.findWebElement(WebUIAbstractKeyword.groovy:26)
	at com.kms.katalon.core.webui.keyword.builtin.GetTextKeyword$_getText_closure1.doCall(GetTextKeyword.groovy:78)
	at com.kms.katalon.core.webui.keyword.builtin.GetTextKeyword$_getText_closure1.call(GetTextKeyword.groovy)
	at com.kms.katalon.core.webui.keyword.internal.WebUIKeywordMain.runKeyword(WebUIKeywordMain.groovy:20)
	... 19 more
"/>
         <system-out><![CDATA[2022-06-10 08:52:21 - [TEST_CASE][FAILED] - Test Cases/1.1-Tareas Principales/1.3.3-Recalculo Total: Test Cases/1.1-Tareas Principales/1.3.3-Recalculo Total FAILED.
Reason:
com.kms.katalon.core.exception.StepFailedException: Unable to get text of object 'Object Repository/1-OBJECTS TAREAS PRINCIPALES/Modulo Tarea Compensacion/Recalculo Total/a_Resultado'
	at com.kms.katalon.core.webui.keyword.internal.WebUIKeywordMain.stepFailed(WebUIKeywordMain.groovy:64)
	at com.kms.katalon.core.webui.keyword.internal.WebUIKeywordMain.runKeyword(WebUIKeywordMain.groovy:26)
	at com.kms.katalon.core.webui.keyword.builtin.GetTextKeyword.getText(GetTextKeyword.groovy:88)
	at com.kms.katalon.core.webui.keyword.builtin.GetTextKeyword.execute(GetTextKeyword.groovy:67)
	at com.kms.katalon.core.keyword.internal.KeywordExecutor.executeKeywordForPlatform(KeywordExecutor.groovy:74)
	at com.kms.katalon.core.webui.keyword.WebUiBuiltInKeywords.getText(WebUiBuiltInKeywords.groovy:918)
	at com.kms.katalon.core.webui.keyword.WebUiBuiltInKeywords$getText$13.call(Unknown Source)
	at 1.3.3-Recalculo Total.run(1.3.3-Recalculo Total:55)
	at com.kms.katalon.core.main.ScriptEngine.run(ScriptEngine.java:194)
	at com.kms.katalon.core.main.ScriptEngine.runScriptAsRawText(ScriptEngine.java:119)
	at com.kms.katalon.core.main.TestCaseExecutor.runScript(TestCaseExecutor.java:445)
	at com.kms.katalon.core.main.TestCaseExecutor.doExecute(TestCaseExecutor.java:436)
	at com.kms.katalon.core.main.TestCaseExecutor.processExecutionPhase(TestCaseExecutor.java:415)
	at com.kms.katalon.core.main.TestCaseExecutor.accessMainPhase(TestCaseExecutor.java:407)
	at com.kms.katalon.core.main.TestCaseExecutor.execute(TestCaseExecutor.java:284)
	at com.kms.katalon.core.common.CommonExecutor.accessTestCaseMainPhase(CommonExecutor.java:65)
	at com.kms.katalon.core.main.TestSuiteExecutor.accessTestSuiteMainPhase(TestSuiteExecutor.java:144)
	at com.kms.katalon.core.main.TestSuiteExecutor.execute(TestSuiteExecutor.java:106)
	at com.kms.katalon.core.main.TestCaseMain.startTestSuite(TestCaseMain.java:185)
	at com.kms.katalon.core.main.TestCaseMain$startTestSuite$0.call(Unknown Source)
	at TempTestSuite1654867643956.run(TempTestSuite1654867643956.groovy:36)
Caused by: com.kms.katalon.core.webui.exception.WebElementNotFoundException: Web element with id: 'Object Repository/1-OBJECTS TAREAS PRINCIPALES/Modulo Tarea Compensacion/Recalculo Total/a_Resultado' located by '//body/div[1]/div[3]/div/table/tbody/tr[4]/td/table/tbody/tr/td/form/div/div[2]/table[1]/tbody/tr[1]/td/div' not found
	at com.kms.katalon.core.webui.common.WebUiCommonHelper.findWebElement(WebUiCommonHelper.java:1370)
	at com.kms.katalon.core.webui.keyword.internal.WebUIAbstractKeyword.findWebElement(WebUIAbstractKeyword.groovy:27)
	at com.kms.katalon.core.webui.keyword.internal.WebUIAbstractKeyword.findWebElement(WebUIAbstractKeyword.groovy:26)
	at com.kms.katalon.core.webui.keyword.builtin.GetTextKeyword$_getText_closure1.doCall(GetTextKeyword.groovy:78)
	at com.kms.katalon.core.webui.keyword.builtin.GetTextKeyword$_getText_closure1.call(GetTextKeyword.groovy)
	at com.kms.katalon.core.webui.keyword.internal.WebUIKeywordMain.runKeyword(WebUIKeywordMain.groovy:20)
	... 19 more


2022-06-10 08:52:22 - [TEST_STEP][PASSED] - callTestCase(findTestCase("Utilidades-(atajos_para _tareas)/Tareas Administracion Compensacion/Tarea Liquidacion Nomina"), [:], STOP_ON_FAILURE): Call Test Case 'Test Cases/Utilidades-(atajos_para _tareas)/Tareas Administracion Compensacion/Tarea Liquidacion Nomina' successfully

2022-06-10 08:52:22 - [TEST_CASE][PASSED] - Test Cases/Utilidades-(atajos_para _tareas)/Tareas Administracion Compensacion/Tarea Liquidacion Nomina: Test Cases/Utilidades-(atajos_para _tareas)/Tareas Administracion Compensacion/Tarea Liquidacion Nomina

2022-06-10 08:52:22 - [TEST_STEP][PASSED] - callTestCase(findTestCase("0.1-Login"), [:], STOP_ON_FAILURE): Call Test Case 'Test Cases/0.1-Login' successfully

2022-06-10 08:52:22 - [TEST_CASE][PASSED] - Test Cases/0.1-Login: Test Cases/0.1-Login

2022-06-10 08:52:22 - [TEST_STEP][PASSED] - openBrowser(""): Browser is opened with url: ''

2022-06-10 08:52:22 - [MESSAGE][INFO] - Starting 'Chrome' driver

2022-06-10 08:52:22 - [MESSAGE][INFO] - Action delay is set to 0 milliseconds

2022-06-10 08:52:23 - [MESSAGE][PASSED] - Browser is opened with url: ''

2022-06-10 08:52:23 - [TEST_STEP][PASSED] - maximizeWindow(): Current window maximized

2022-06-10 08:52:23 - [MESSAGE][PASSED] - Current window maximized

2022-06-10 08:52:23 - [TEST_STEP][PASSED] - i = G_Login: null

2022-06-10 08:52:23 - [TEST_STEP][PASSED] - url = new java.net.URL(i): null

2022-06-10 08:52:23 - [TEST_STEP][PASSED] - println("URL: " + url.toString()): null

2022-06-10 08:52:23 - [TEST_STEP][PASSED] - connection = url.openConnection(): null

2022-06-10 08:52:23 - [TEST_STEP][PASSED] - connection.setRequestMethod("GET"): null

2022-06-10 08:52:23 - [TEST_STEP][PASSED] - connection.setReadTimeout(2 * 1000): null

2022-06-10 08:52:23 - [TEST_STEP][PASSED] - try: null

2022-06-10 08:52:23 - [TEST_STEP][PASSED] - connection.connect(): null

2022-06-10 08:52:23 - [TEST_STEP][PASSED] - flag = connected: null

2022-06-10 08:52:23 - [TEST_STEP][PASSED] - println("Valor_ori: " + flag): null

2022-06-10 08:52:23 - [TEST_STEP][PASSED] - if (flag): null

2022-06-10 08:52:23 - [TEST_STEP][PASSED] - navigateToUrl(i): Navigate to 'http://192.168.2.19:8380/saraweb' successfully

2022-06-10 08:52:24 - [MESSAGE][PASSED] - Navigate to 'http://192.168.2.19:8380/saraweb' successfully

2022-06-10 08:52:24 - [TEST_STEP][PASSED] - a(): null

2022-06-10 08:52:24 - [TEST_STEP][PASSED] - setText(findTestObject("3-OBJECTS UTILIDADES/Login/input_USUARIO_loginusuario"), G_Usuario): Text 'saraadmin' is set on object 'Object Repository/3-OBJECTS UTILIDADES/Login/input_USUARIO_loginusuario'

2022-06-10 08:52:24 - [MESSAGE][PASSED] - Text 'saraadmin' is set on object 'Object Repository/3-OBJECTS UTILIDADES/Login/input_USUARIO_loginusuario'

2022-06-10 08:52:24 - [TEST_STEP][PASSED] - setEncryptedText(findTestObject("3-OBJECTS UTILIDADES/Login/input_CLAVE_loginpassword"), "MkG4/TYiCFC3cb2driP7+Q=="): Text ****** has been set on object 'Object Repository/3-OBJECTS UTILIDADES/Login/input_CLAVE_loginpassword'

2022-06-10 08:52:25 - [MESSAGE][PASSED] - Text ****** has been set on object 'Object Repository/3-OBJECTS UTILIDADES/Login/input_CLAVE_loginpassword'

2022-06-10 08:52:25 - [TEST_STEP][PASSED] - waitForElementClickable(findTestObject("3-OBJECTS UTILIDADES/Login/a_Ingresar"), G_TimeOut): Object 'Object Repository/3-OBJECTS UTILIDADES/Login/a_Ingresar' is clickable

2022-06-10 08:52:25 - [MESSAGE][PASSED] - Object 'Object Repository/3-OBJECTS UTILIDADES/Login/a_Ingresar' is clickable

2022-06-10 08:52:25 - [TEST_STEP][PASSED] - click(findTestObject("3-OBJECTS UTILIDADES/Login/a_Ingresar")): Object: 'Object Repository/3-OBJECTS UTILIDADES/Login/a_Ingresar' is clicked on

2022-06-10 08:52:27 - [MESSAGE][PASSED] - Object: 'Object Repository/3-OBJECTS UTILIDADES/Login/a_Ingresar' is clicked on

2022-06-10 08:52:27 - [TEST_STEP][PASSED] - element = findWebElement(findTestObject("3-OBJECTS UTILIDADES/Login/a_Ir"), 30): null

2022-06-10 08:52:27 - [TEST_STEP][PASSED] - executeJavaScript("arguments[0].click()", Arrays.asList(element)): Execute JavaScript 'arguments[0].click()' successfully

2022-06-10 08:52:27 - [MESSAGE][PASSED] - Execute JavaScript 'arguments[0].click()' successfully

2022-06-10 08:52:27 - [MESSAGE][PASSED] - Call Test Case 'Test Cases/0.1-Login' successfully

2022-06-10 08:52:27 - [TEST_STEP][PASSED] - setText(findTestObject("1-OBJECTS TAREAS PRINCIPALES/Modulo Tarea Compensacion/Tarea Liquidacion Nomina/input_Listado de Empleados_"), "Liquidacion Nomina"): Text 'Liquidacion Nomina' is set on object 'Object Repository/1-OBJECTS TAREAS PRINCIPALES/Modulo Tarea Compensacion/Tarea Liquidacion Nomina/input_Listado de Empleados_'

2022-06-10 08:52:28 - [MESSAGE][PASSED] - Text 'Liquidacion Nomina' is set on object 'Object Repository/1-OBJECTS TAREAS PRINCIPALES/Modulo Tarea Compensacion/Tarea Liquidacion Nomina/input_Listado de Empleados_'

2022-06-10 08:52:28 - [TEST_STEP][PASSED] - waitForElementVisible(findTestObject("1-OBJECTS TAREAS PRINCIPALES/Modulo Tarea Compensacion/Tarea Liquidacion Nomina/span_Liquidacion Nomina"), 0): Object 'Object Repository/1-OBJECTS TAREAS PRINCIPALES/Modulo Tarea Compensacion/Tarea Liquidacion Nomina/span_Liquidacion Nomina' is visible

2022-06-10 08:52:28 - [MESSAGE][WARNING] - Timeout '0' is invalid. Using default page load timeout: '37'

2022-06-10 08:52:30 - [MESSAGE][PASSED] - Object 'Object Repository/1-OBJECTS TAREAS PRINCIPALES/Modulo Tarea Compensacion/Tarea Liquidacion Nomina/span_Liquidacion Nomina' is visible

2022-06-10 08:52:30 - [TEST_STEP][PASSED] - click(findTestObject("1-OBJECTS TAREAS PRINCIPALES/Modulo Tarea Compensacion/Tarea Liquidacion Nomina/span_Liquidacion Nomina")): Object: 'Object Repository/1-OBJECTS TAREAS PRINCIPALES/Modulo Tarea Compensacion/Tarea Liquidacion Nomina/span_Liquidacion Nomina' is clicked on

2022-06-10 08:52:30 - [MESSAGE][PASSED] - Object: 'Object Repository/1-OBJECTS TAREAS PRINCIPALES/Modulo Tarea Compensacion/Tarea Liquidacion Nomina/span_Liquidacion Nomina' is clicked on

2022-06-10 08:52:30 - [MESSAGE][PASSED] - Call Test Case 'Test Cases/Utilidades-(atajos_para _tareas)/Tareas Administracion Compensacion/Tarea Liquidacion Nomina' successfully

2022-06-10 08:52:30 - [TEST_STEP][PASSED] - waitForElementClickable(findTestObject("1-OBJECTS TAREAS PRINCIPALES/Modulo Tarea Compensacion/Recalculo Total/a_Periodo Nomina_LiquidacionNominaj_idt63"), G_TimeOut): Object 'Object Repository/1-OBJECTS TAREAS PRINCIPALES/Modulo Tarea Compensacion/Recalculo Total/a_Periodo Nomina_LiquidacionNominaj_idt63' is clickable

2022-06-10 08:52:31 - [MESSAGE][PASSED] - Object 'Object Repository/1-OBJECTS TAREAS PRINCIPALES/Modulo Tarea Compensacion/Recalculo Total/a_Periodo Nomina_LiquidacionNominaj_idt63' is clickable

2022-06-10 08:52:31 - [TEST_STEP][PASSED] - click(findTestObject("1-OBJECTS TAREAS PRINCIPALES/Modulo Tarea Compensacion/Recalculo Total/a_Periodo Nomina_LiquidacionNominaj_idt63")): Object: 'Object Repository/1-OBJECTS TAREAS PRINCIPALES/Modulo Tarea Compensacion/Recalculo Total/a_Periodo Nomina_LiquidacionNominaj_idt63' is clicked on

2022-06-10 08:52:31 - [MESSAGE][PASSED] - Object: 'Object Repository/1-OBJECTS TAREAS PRINCIPALES/Modulo Tarea Compensacion/Recalculo Total/a_Periodo Nomina_LiquidacionNominaj_idt63' is clicked on

2022-06-10 08:52:31 - [TEST_STEP][PASSED] - waitForElementClickable(findTestObject("1-OBJECTS TAREAS PRINCIPALES/Modulo Tarea Compensacion/Recalculo Total/select_--  Seleccione  --Periodo CerradoPeriodo en Proceso"), G_TimeOut): Object 'Object Repository/1-OBJECTS TAREAS PRINCIPALES/Modulo Tarea Compensacion/Recalculo Total/select_--  Seleccione  --Periodo CerradoPeriodo en Proceso' is clickable

2022-06-10 08:52:32 - [MESSAGE][PASSED] - Object 'Object Repository/1-OBJECTS TAREAS PRINCIPALES/Modulo Tarea Compensacion/Recalculo Total/select_--  Seleccione  --Periodo CerradoPeriodo en Proceso' is clickable

2022-06-10 08:52:32 - [TEST_STEP][PASSED] - click(findTestObject("1-OBJECTS TAREAS PRINCIPALES/Modulo Tarea Compensacion/Recalculo Total/select_--  Seleccione  --Periodo CerradoPeriodo en Proceso")): Object: 'Object Repository/1-OBJECTS TAREAS PRINCIPALES/Modulo Tarea Compensacion/Recalculo Total/select_--  Seleccione  --Periodo CerradoPeriodo en Proceso' is clicked on

2022-06-10 08:52:32 - [MESSAGE][PASSED] - Object: 'Object Repository/1-OBJECTS TAREAS PRINCIPALES/Modulo Tarea Compensacion/Recalculo Total/select_--  Seleccione  --Periodo CerradoPeriodo en Proceso' is clicked on

2022-06-10 08:52:32 - [TEST_STEP][PASSED] - selectOptionByIndex(findTestObject("1-OBJECTS TAREAS PRINCIPALES/Modulo Tarea Compensacion/Recalculo Total/select_--  Seleccione  --Periodo CerradoPeriodo en Proceso"), 2): All options with index in [2] are selected on object 'Object Repository/1-OBJECTS TAREAS PRINCIPALES/Modulo Tarea Compensacion/Recalculo Total/select_--  Seleccione  --Periodo CerradoPeriodo en Proceso'

2022-06-10 08:52:33 - [MESSAGE][PASSED] - All options with index in [2] are selected on object 'Object Repository/1-OBJECTS TAREAS PRINCIPALES/Modulo Tarea Compensacion/Recalculo Total/select_--  Seleccione  --Periodo CerradoPeriodo en Proceso'

2022-06-10 08:52:33 - [TEST_STEP][PASSED] - waitForElementClickable(findTestObject("1-OBJECTS TAREAS PRINCIPALES/Modulo Tarea Compensacion/Recalculo Total/span_P MensualJulio2021"), G_TimeOut): Object 'Object Repository/1-OBJECTS TAREAS PRINCIPALES/Modulo Tarea Compensacion/Recalculo Total/span_P MensualJulio2021' is clickable

2022-06-10 08:52:34 - [MESSAGE][PASSED] - Object 'Object Repository/1-OBJECTS TAREAS PRINCIPALES/Modulo Tarea Compensacion/Recalculo Total/span_P MensualJulio2021' is clickable

2022-06-10 08:52:34 - [TEST_STEP][PASSED] - click(findTestObject("1-OBJECTS TAREAS PRINCIPALES/Modulo Tarea Compensacion/Recalculo Total/span_P MensualJulio2021")): Object: 'Object Repository/1-OBJECTS TAREAS PRINCIPALES/Modulo Tarea Compensacion/Recalculo Total/span_P MensualJulio2021' is clicked on

2022-06-10 08:52:34 - [MESSAGE][PASSED] - Object: 'Object Repository/1-OBJECTS TAREAS PRINCIPALES/Modulo Tarea Compensacion/Recalculo Total/span_P MensualJulio2021' is clicked on

2022-06-10 08:52:34 - [TEST_STEP][PASSED] - waitForElementClickable(findTestObject("1-OBJECTS TAREAS PRINCIPALES/Modulo Tarea Compensacion/Recalculo Total/a_Reclculo Total"), G_TimeOut): Object 'Object Repository/1-OBJECTS TAREAS PRINCIPALES/Modulo Tarea Compensacion/Recalculo Total/a_Reclculo Total' is clickable

2022-06-10 08:52:36 - [MESSAGE][PASSED] - Object 'Object Repository/1-OBJECTS TAREAS PRINCIPALES/Modulo Tarea Compensacion/Recalculo Total/a_Reclculo Total' is clickable

2022-06-10 08:52:36 - [TEST_STEP][PASSED] - click(findTestObject("1-OBJECTS TAREAS PRINCIPALES/Modulo Tarea Compensacion/Recalculo Total/a_Reclculo Total")): Object: 'Object Repository/1-OBJECTS TAREAS PRINCIPALES/Modulo Tarea Compensacion/Recalculo Total/a_Reclculo Total' is clicked on

2022-06-10 08:52:36 - [MESSAGE][PASSED] - Object: 'Object Repository/1-OBJECTS TAREAS PRINCIPALES/Modulo Tarea Compensacion/Recalculo Total/a_Reclculo Total' is clicked on

2022-06-10 08:52:36 - [TEST_STEP][PASSED] - waitForElementClickable(findTestObject("1-OBJECTS TAREAS PRINCIPALES/Modulo Tarea Compensacion/Recalculo Total/span_Si"), G_TimeOut): Object 'Object Repository/1-OBJECTS TAREAS PRINCIPALES/Modulo Tarea Compensacion/Recalculo Total/span_Si' is clickable

2022-06-10 08:52:37 - [MESSAGE][PASSED] - Object 'Object Repository/1-OBJECTS TAREAS PRINCIPALES/Modulo Tarea Compensacion/Recalculo Total/span_Si' is clickable

2022-06-10 08:52:37 - [TEST_STEP][PASSED] - click(findTestObject("1-OBJECTS TAREAS PRINCIPALES/Modulo Tarea Compensacion/Recalculo Total/span_Si")): Object: 'Object Repository/1-OBJECTS TAREAS PRINCIPALES/Modulo Tarea Compensacion/Recalculo Total/span_Si' is clicked on

2022-06-10 08:52:37 - [MESSAGE][PASSED] - Object: 'Object Repository/1-OBJECTS TAREAS PRINCIPALES/Modulo Tarea Compensacion/Recalculo Total/span_Si' is clicked on

2022-06-10 08:52:37 - [TEST_STEP][PASSED] - waitForElementClickable(findTestObject("1-OBJECTS TAREAS PRINCIPALES/Modulo Tarea Compensacion/Recalculo Total/a_Continuar"), G_TimeNomina): Object 'Object Repository/1-OBJECTS TAREAS PRINCIPALES/Modulo Tarea Compensacion/Recalculo Total/a_Continuar' is clickable

2022-06-10 08:52:41 - [MESSAGE][PASSED] - Object 'Object Repository/1-OBJECTS TAREAS PRINCIPALES/Modulo Tarea Compensacion/Recalculo Total/a_Continuar' is clickable

2022-06-10 08:52:41 - [TEST_STEP][PASSED] - waitForElementClickable(findTestObject("1-OBJECTS TAREAS PRINCIPALES/Modulo Tarea Compensacion/Recalculo Total/a_Continuar"), G_TimeNomina): Object 'Object Repository/1-OBJECTS TAREAS PRINCIPALES/Modulo Tarea Compensacion/Recalculo Total/a_Continuar' is clickable

2022-06-10 08:52:41 - [MESSAGE][PASSED] - Object 'Object Repository/1-OBJECTS TAREAS PRINCIPALES/Modulo Tarea Compensacion/Recalculo Total/a_Continuar' is clickable

2022-06-10 08:52:41 - [TEST_STEP][FAILED] - Resultado = getText(findTestObject("1-OBJECTS TAREAS PRINCIPALES/Modulo Tarea Compensacion/Recalculo Total/a_Resultado")): Unable to get text of object 'Object Repository/1-OBJECTS TAREAS PRINCIPALES/Modulo Tarea Compensacion/Recalculo Total/a_Resultado' (Root cause: com.kms.katalon.core.exception.StepFailedException: Unable to get text of object 'Object Repository/1-OBJECTS TAREAS PRINCIPALES/Modulo Tarea Compensacion/Recalculo Total/a_Resultado'
	at com.kms.katalon.core.webui.keyword.internal.WebUIKeywordMain.stepFailed(WebUIKeywordMain.groovy:64)
	at com.kms.katalon.core.webui.keyword.internal.WebUIKeywordMain.runKeyword(WebUIKeywordMain.groovy:26)
	at com.kms.katalon.core.webui.keyword.builtin.GetTextKeyword.getText(GetTextKeyword.groovy:88)
	at com.kms.katalon.core.webui.keyword.builtin.GetTextKeyword.execute(GetTextKeyword.groovy:67)
	at com.kms.katalon.core.keyword.internal.KeywordExecutor.executeKeywordForPlatform(KeywordExecutor.groovy:74)
	at com.kms.katalon.core.webui.keyword.WebUiBuiltInKeywords.getText(WebUiBuiltInKeywords.groovy:918)
	at com.kms.katalon.core.webui.keyword.WebUiBuiltInKeywords$getText$13.call(Unknown Source)
	at 1.3.3-Recalculo Total.run(1.3.3-Recalculo Total:55)
	at com.kms.katalon.core.main.ScriptEngine.run(ScriptEngine.java:194)
	at com.kms.katalon.core.main.ScriptEngine.runScriptAsRawText(ScriptEngine.java:119)
	at com.kms.katalon.core.main.TestCaseExecutor.runScript(TestCaseExecutor.java:445)
	at com.kms.katalon.core.main.TestCaseExecutor.doExecute(TestCaseExecutor.java:436)
	at com.kms.katalon.core.main.TestCaseExecutor.processExecutionPhase(TestCaseExecutor.java:415)
	at com.kms.katalon.core.main.TestCaseExecutor.accessMainPhase(TestCaseExecutor.java:407)
	at com.kms.katalon.core.main.TestCaseExecutor.execute(TestCaseExecutor.java:284)
	at com.kms.katalon.core.common.CommonExecutor.accessTestCaseMainPhase(CommonExecutor.java:65)
	at com.kms.katalon.core.main.TestSuiteExecutor.accessTestSuiteMainPhase(TestSuiteExecutor.java:144)
	at com.kms.katalon.core.main.TestSuiteExecutor.execute(TestSuiteExecutor.java:106)
	at com.kms.katalon.core.main.TestCaseMain.startTestSuite(TestCaseMain.java:185)
	at com.kms.katalon.core.main.TestCaseMain$startTestSuite$0.call(Unknown Source)
	at TempTestSuite1654867643956.run(TempTestSuite1654867643956.groovy:36)
Caused by: com.kms.katalon.core.webui.exception.WebElementNotFoundException: Web element with id: 'Object Repository/1-OBJECTS TAREAS PRINCIPALES/Modulo Tarea Compensacion/Recalculo Total/a_Resultado' located by '//body/div[1]/div[3]/div/table/tbody/tr[4]/td/table/tbody/tr/td/form/div/div[2]/table[1]/tbody/tr[1]/td/div' not found
	at com.kms.katalon.core.webui.common.WebUiCommonHelper.findWebElement(WebUiCommonHelper.java:1370)
	at com.kms.katalon.core.webui.keyword.internal.WebUIAbstractKeyword.findWebElement(WebUIAbstractKeyword.groovy:27)
	at com.kms.katalon.core.webui.keyword.internal.WebUIAbstractKeyword.findWebElement(WebUIAbstractKeyword.groovy:26)
	at com.kms.katalon.core.webui.keyword.builtin.GetTextKeyword$_getText_closure1.doCall(GetTextKeyword.groovy:78)
	at com.kms.katalon.core.webui.keyword.builtin.GetTextKeyword$_getText_closure1.call(GetTextKeyword.groovy)
	at com.kms.katalon.core.webui.keyword.internal.WebUIKeywordMain.runKeyword(WebUIKeywordMain.groovy:20)
	at com.kms.katalon.core.webui.keyword.builtin.GetTextKeyword.getText(GetTextKeyword.groovy:88)
	at com.kms.katalon.core.webui.keyword.builtin.GetTextKeyword.execute(GetTextKeyword.groovy:67)
	at com.kms.katalon.core.keyword.internal.KeywordExecutor.executeKeywordForPlatform(KeywordExecutor.groovy:74)
	at com.kms.katalon.core.webui.keyword.WebUiBuiltInKeywords.getText(WebUiBuiltInKeywords.groovy:918)
	at com.kms.katalon.core.webui.keyword.WebUiBuiltInKeywords$getText$13.call(Unknown Source)
	at Script1548866095922.run(Script1548866095922.groovy:55)
	... 13 more
)

2022-06-10 08:53:20 - [MESSAGE][INFO] - Unable to find the element located by 'By.xpath: //body/div[1]/div[3]/div/table/tbody/tr[4]/td/table/tbody/tr/td/form/div/div[2]/table[1]/tbody/tr[1]/td/div'. Please recheck the objects properties to make sure the desired element is located. 

2022-06-10 08:53:20 - [MESSAGE][FAILED] - Unable to get text of object 'Object Repository/1-OBJECTS TAREAS PRINCIPALES/Modulo Tarea Compensacion/Recalculo Total/a_Resultado' (Root cause: com.kms.katalon.core.exception.StepFailedException: Unable to get text of object 'Object Repository/1-OBJECTS TAREAS PRINCIPALES/Modulo Tarea Compensacion/Recalculo Total/a_Resultado'
	at com.kms.katalon.core.webui.keyword.internal.WebUIKeywordMain.stepFailed(WebUIKeywordMain.groovy:64)
	at com.kms.katalon.core.webui.keyword.internal.WebUIKeywordMain.runKeyword(WebUIKeywordMain.groovy:26)
	at com.kms.katalon.core.webui.keyword.builtin.GetTextKeyword.getText(GetTextKeyword.groovy:88)
	at com.kms.katalon.core.webui.keyword.builtin.GetTextKeyword.execute(GetTextKeyword.groovy:67)
	at com.kms.katalon.core.keyword.internal.KeywordExecutor.executeKeywordForPlatform(KeywordExecutor.groovy:74)
	at com.kms.katalon.core.webui.keyword.WebUiBuiltInKeywords.getText(WebUiBuiltInKeywords.groovy:918)
	at com.kms.katalon.core.webui.keyword.WebUiBuiltInKeywords$getText$13.call(Unknown Source)
	at 1.3.3-Recalculo Total.run(1.3.3-Recalculo Total:55)
	at com.kms.katalon.core.main.ScriptEngine.run(ScriptEngine.java:194)
	at com.kms.katalon.core.main.ScriptEngine.runScriptAsRawText(ScriptEngine.java:119)
	at com.kms.katalon.core.main.TestCaseExecutor.runScript(TestCaseExecutor.java:445)
	at com.kms.katalon.core.main.TestCaseExecutor.doExecute(TestCaseExecutor.java:436)
	at com.kms.katalon.core.main.TestCaseExecutor.processExecutionPhase(TestCaseExecutor.java:415)
	at com.kms.katalon.core.main.TestCaseExecutor.accessMainPhase(TestCaseExecutor.java:407)
	at com.kms.katalon.core.main.TestCaseExecutor.execute(TestCaseExecutor.java:284)
	at com.kms.katalon.core.common.CommonExecutor.accessTestCaseMainPhase(CommonExecutor.java:65)
	at com.kms.katalon.core.main.TestSuiteExecutor.accessTestSuiteMainPhase(TestSuiteExecutor.java:144)
	at com.kms.katalon.core.main.TestSuiteExecutor.execute(TestSuiteExecutor.java:106)
	at com.kms.katalon.core.main.TestCaseMain.startTestSuite(TestCaseMain.java:185)
	at com.kms.katalon.core.main.TestCaseMain$startTestSuite$0.call(Unknown Source)
	at TempTestSuite1654867643956.run(TempTestSuite1654867643956.groovy:36)
Caused by: com.kms.katalon.core.webui.exception.WebElementNotFoundException: Web element with id: 'Object Repository/1-OBJECTS TAREAS PRINCIPALES/Modulo Tarea Compensacion/Recalculo Total/a_Resultado' located by '//body/div[1]/div[3]/div/table/tbody/tr[4]/td/table/tbody/tr/td/form/div/div[2]/table[1]/tbody/tr[1]/td/div' not found
	at com.kms.katalon.core.webui.common.WebUiCommonHelper.findWebElement(WebUiCommonHelper.java:1370)
	at com.kms.katalon.core.webui.keyword.internal.WebUIAbstractKeyword.findWebElement(WebUIAbstractKeyword.groovy:27)
	at com.kms.katalon.core.webui.keyword.internal.WebUIAbstractKeyword.findWebElement(WebUIAbstractKeyword.groovy:26)
	at com.kms.katalon.core.webui.keyword.builtin.GetTextKeyword$_getText_closure1.doCall(GetTextKeyword.groovy:78)
	at com.kms.katalon.core.webui.keyword.builtin.GetTextKeyword$_getText_closure1.call(GetTextKeyword.groovy)
	at com.kms.katalon.core.webui.keyword.internal.WebUIKeywordMain.runKeyword(WebUIKeywordMain.groovy:20)
	at com.kms.katalon.core.webui.keyword.builtin.GetTextKeyword.getText(GetTextKeyword.groovy:88)
	at com.kms.katalon.core.webui.keyword.builtin.GetTextKeyword.execute(GetTextKeyword.groovy:67)
	at com.kms.katalon.core.keyword.internal.KeywordExecutor.executeKeywordForPlatform(KeywordExecutor.groovy:74)
	at com.kms.katalon.core.webui.keyword.WebUiBuiltInKeywords.getText(WebUiBuiltInKeywords.groovy:918)
	at com.kms.katalon.core.webui.keyword.WebUiBuiltInKeywords$getText$13.call(Unknown Source)
	at Script1548866095922.run(Script1548866095922.groovy:55)
	... 13 more
)
[[ATTACHMENT|C:\\Users\\diego.rojas\\git\\Pruebas-Minimas\\Reports\\20220610_082723\\Test_Suite_Principales\\1-Tareas Principales\\20220610_082723\\1654869200036.png]]]]></system-out>
         <system-err><![CDATA[2022-06-10 08:52:21 - [TEST_CASE][FAILED] - Test Cases/1.1-Tareas Principales/1.3.3-Recalculo Total: Test Cases/1.1-Tareas Principales/1.3.3-Recalculo Total FAILED.
Reason:
com.kms.katalon.core.exception.StepFailedException: Unable to get text of object 'Object Repository/1-OBJECTS TAREAS PRINCIPALES/Modulo Tarea Compensacion/Recalculo Total/a_Resultado'
	at com.kms.katalon.core.webui.keyword.internal.WebUIKeywordMain.stepFailed(WebUIKeywordMain.groovy:64)
	at com.kms.katalon.core.webui.keyword.internal.WebUIKeywordMain.runKeyword(WebUIKeywordMain.groovy:26)
	at com.kms.katalon.core.webui.keyword.builtin.GetTextKeyword.getText(GetTextKeyword.groovy:88)
	at com.kms.katalon.core.webui.keyword.builtin.GetTextKeyword.execute(GetTextKeyword.groovy:67)
	at com.kms.katalon.core.keyword.internal.KeywordExecutor.executeKeywordForPlatform(KeywordExecutor.groovy:74)
	at com.kms.katalon.core.webui.keyword.WebUiBuiltInKeywords.getText(WebUiBuiltInKeywords.groovy:918)
	at com.kms.katalon.core.webui.keyword.WebUiBuiltInKeywords$getText$13.call(Unknown Source)
	at 1.3.3-Recalculo Total.run(1.3.3-Recalculo Total:55)
	at com.kms.katalon.core.main.ScriptEngine.run(ScriptEngine.java:194)
	at com.kms.katalon.core.main.ScriptEngine.runScriptAsRawText(ScriptEngine.java:119)
	at com.kms.katalon.core.main.TestCaseExecutor.runScript(TestCaseExecutor.java:445)
	at com.kms.katalon.core.main.TestCaseExecutor.doExecute(TestCaseExecutor.java:436)
	at com.kms.katalon.core.main.TestCaseExecutor.processExecutionPhase(TestCaseExecutor.java:415)
	at com.kms.katalon.core.main.TestCaseExecutor.accessMainPhase(TestCaseExecutor.java:407)
	at com.kms.katalon.core.main.TestCaseExecutor.execute(TestCaseExecutor.java:284)
	at com.kms.katalon.core.common.CommonExecutor.accessTestCaseMainPhase(CommonExecutor.java:65)
	at com.kms.katalon.core.main.TestSuiteExecutor.accessTestSuiteMainPhase(TestSuiteExecutor.java:144)
	at com.kms.katalon.core.main.TestSuiteExecutor.execute(TestSuiteExecutor.java:106)
	at com.kms.katalon.core.main.TestCaseMain.startTestSuite(TestCaseMain.java:185)
	at com.kms.katalon.core.main.TestCaseMain$startTestSuite$0.call(Unknown Source)
	at TempTestSuite1654867643956.run(TempTestSuite1654867643956.groovy:36)
Caused by: com.kms.katalon.core.webui.exception.WebElementNotFoundException: Web element with id: 'Object Repository/1-OBJECTS TAREAS PRINCIPALES/Modulo Tarea Compensacion/Recalculo Total/a_Resultado' located by '//body/div[1]/div[3]/div/table/tbody/tr[4]/td/table/tbody/tr/td/form/div/div[2]/table[1]/tbody/tr[1]/td/div' not found
	at com.kms.katalon.core.webui.common.WebUiCommonHelper.findWebElement(WebUiCommonHelper.java:1370)
	at com.kms.katalon.core.webui.keyword.internal.WebUIAbstractKeyword.findWebElement(WebUIAbstractKeyword.groovy:27)
	at com.kms.katalon.core.webui.keyword.internal.WebUIAbstractKeyword.findWebElement(WebUIAbstractKeyword.groovy:26)
	at com.kms.katalon.core.webui.keyword.builtin.GetTextKeyword$_getText_closure1.doCall(GetTextKeyword.groovy:78)
	at com.kms.katalon.core.webui.keyword.builtin.GetTextKeyword$_getText_closure1.call(GetTextKeyword.groovy)
	at com.kms.katalon.core.webui.keyword.internal.WebUIKeywordMain.runKeyword(WebUIKeywordMain.groovy:20)
	... 19 more]]></system-err>
      </testcase>
      <testcase name="Test Cases/1.1-Tareas Principales/1.3.4-Reporte de Recalculo Total" time="109.773" classname="Test Cases/1.1-Tareas Principales/1.3.4-Reporte de Recalculo Total" status="FAILED">
         <failure type="FAILED" message="Test Cases/1.1-Tareas Principales/1.3.4-Reporte de Recalculo Total FAILED.
Reason:
com.kms.katalon.core.exception.StepFailedException: Call Test Case 'Test Cases/1.1-Tareas Principales/1.3.3-Recalculo Total' failed
	at com.kms.katalon.core.keyword.builtin.CallTestCaseKeyword$_callTestCase_closure1.doCall(CallTestCaseKeyword.groovy:63)
	at com.kms.katalon.core.keyword.builtin.CallTestCaseKeyword$_callTestCase_closure1.call(CallTestCaseKeyword.groovy)
	at com.kms.katalon.core.keyword.internal.KeywordMain.runKeyword(KeywordMain.groovy:74)
	at com.kms.katalon.core.keyword.builtin.CallTestCaseKeyword.callTestCase(CallTestCaseKeyword.groovy:81)
	at com.kms.katalon.core.keyword.builtin.CallTestCaseKeyword.execute(CallTestCaseKeyword.groovy:44)
	at com.kms.katalon.core.keyword.internal.KeywordExecutor.executeKeywordForPlatform(KeywordExecutor.groovy:74)
	at com.kms.katalon.core.keyword.BuiltinKeywords.callTestCase(BuiltinKeywords.groovy:334)
	at 1.3.4-Reporte de Recalculo Total.run(1.3.4-Reporte de Recalculo Total:62)
	at com.kms.katalon.core.main.ScriptEngine.run(ScriptEngine.java:194)
	at com.kms.katalon.core.main.ScriptEngine.runScriptAsRawText(ScriptEngine.java:119)
	at com.kms.katalon.core.main.TestCaseExecutor.runScript(TestCaseExecutor.java:445)
	at com.kms.katalon.core.main.TestCaseExecutor.doExecute(TestCaseExecutor.java:436)
	at com.kms.katalon.core.main.TestCaseExecutor.processExecutionPhase(TestCaseExecutor.java:415)
	at com.kms.katalon.core.main.TestCaseExecutor.accessMainPhase(TestCaseExecutor.java:407)
	at com.kms.katalon.core.main.TestCaseExecutor.execute(TestCaseExecutor.java:284)
	at com.kms.katalon.core.common.CommonExecutor.accessTestCaseMainPhase(CommonExecutor.java:65)
	at com.kms.katalon.core.main.TestSuiteExecutor.accessTestSuiteMainPhase(TestSuiteExecutor.java:144)
	at com.kms.katalon.core.main.TestSuiteExecutor.execute(TestSuiteExecutor.java:106)
	at com.kms.katalon.core.main.TestCaseMain.startTestSuite(TestCaseMain.java:185)
	at com.kms.katalon.core.main.TestCaseMain$startTestSuite$0.call(Unknown Source)
	at TempTestSuite1654867643956.run(TempTestSuite1654867643956.groovy:36)
Caused by: com.kms.katalon.core.exception.StepFailedException: Unable to get text of object 'Object Repository/1-OBJECTS TAREAS PRINCIPALES/Modulo Tarea Compensacion/Recalculo Total/a_Resultado'
	at com.kms.katalon.core.webui.keyword.internal.WebUIKeywordMain.stepFailed(WebUIKeywordMain.groovy:64)
	at com.kms.katalon.core.webui.keyword.internal.WebUIKeywordMain.runKeyword(WebUIKeywordMain.groovy:26)
	at com.kms.katalon.core.webui.keyword.builtin.GetTextKeyword.getText(GetTextKeyword.groovy:88)
	at com.kms.katalon.core.webui.keyword.builtin.GetTextKeyword.execute(GetTextKeyword.groovy:67)
	at com.kms.katalon.core.keyword.internal.KeywordExecutor.executeKeywordForPlatform(KeywordExecutor.groovy:74)
	at com.kms.katalon.core.webui.keyword.WebUiBuiltInKeywords.getText(WebUiBuiltInKeywords.groovy:918)
	at com.kms.katalon.core.webui.keyword.WebUiBuiltInKeywords$getText$13.call(Unknown Source)
	at 1.3.3-Recalculo Total.run(1.3.3-Recalculo Total:55)
	at com.kms.katalon.core.main.ScriptEngine.run(ScriptEngine.java:194)
	at com.kms.katalon.core.main.ScriptEngine.runScriptAsRawText(ScriptEngine.java:119)
	at com.kms.katalon.core.main.TestCaseExecutor.runScript(TestCaseExecutor.java:445)
	at com.kms.katalon.core.main.TestCaseExecutor.doExecute(TestCaseExecutor.java:436)
	at com.kms.katalon.core.main.TestCaseExecutor.processExecutionPhase(TestCaseExecutor.java:415)
	at com.kms.katalon.core.main.TestCaseExecutor.accessMainPhase(TestCaseExecutor.java:407)
	at com.kms.katalon.core.main.TestCaseExecutor.execute(TestCaseExecutor.java:284)
	at com.kms.katalon.core.main.TestCaseMain.runTestCase(TestCaseMain.java:142)
	at com.kms.katalon.core.keyword.builtin.CallTestCaseKeyword$_callTestCase_closure1.doCall(CallTestCaseKeyword.groovy:59)
	... 20 more
Caused by: com.kms.katalon.core.webui.exception.WebElementNotFoundException: Web element with id: 'Object Repository/1-OBJECTS TAREAS PRINCIPALES/Modulo Tarea Compensacion/Recalculo Total/a_Resultado' located by '//body/div[1]/div[3]/div/table/tbody/tr[4]/td/table/tbody/tr/td/form/div/div[2]/table[1]/tbody/tr[1]/td/div' not found
	at com.kms.katalon.core.webui.common.WebUiCommonHelper.findWebElement(WebUiCommonHelper.java:1370)
	at com.kms.katalon.core.webui.keyword.internal.WebUIAbstractKeyword.findWebElement(WebUIAbstractKeyword.groovy:27)
	at com.kms.katalon.core.webui.keyword.internal.WebUIAbstractKeyword.findWebElement(WebUIAbstractKeyword.groovy:26)
	at com.kms.katalon.core.webui.keyword.builtin.GetTextKeyword$_getText_closure1.doCall(GetTextKeyword.groovy:78)
	at com.kms.katalon.core.webui.keyword.builtin.GetTextKeyword$_getText_closure1.call(GetTextKeyword.groovy)
	at com.kms.katalon.core.webui.keyword.internal.WebUIKeywordMain.runKeyword(WebUIKeywordMain.groovy:20)
	... 35 more
"/>
         <system-out><![CDATA[2022-06-10 08:53:20 - [TEST_CASE][FAILED] - Test Cases/1.1-Tareas Principales/1.3.4-Reporte de Recalculo Total: Test Cases/1.1-Tareas Principales/1.3.4-Reporte de Recalculo Total FAILED.
Reason:
com.kms.katalon.core.exception.StepFailedException: Call Test Case 'Test Cases/1.1-Tareas Principales/1.3.3-Recalculo Total' failed
	at com.kms.katalon.core.keyword.builtin.CallTestCaseKeyword$_callTestCase_closure1.doCall(CallTestCaseKeyword.groovy:63)
	at com.kms.katalon.core.keyword.builtin.CallTestCaseKeyword$_callTestCase_closure1.call(CallTestCaseKeyword.groovy)
	at com.kms.katalon.core.keyword.internal.KeywordMain.runKeyword(KeywordMain.groovy:74)
	at com.kms.katalon.core.keyword.builtin.CallTestCaseKeyword.callTestCase(CallTestCaseKeyword.groovy:81)
	at com.kms.katalon.core.keyword.builtin.CallTestCaseKeyword.execute(CallTestCaseKeyword.groovy:44)
	at com.kms.katalon.core.keyword.internal.KeywordExecutor.executeKeywordForPlatform(KeywordExecutor.groovy:74)
	at com.kms.katalon.core.keyword.BuiltinKeywords.callTestCase(BuiltinKeywords.groovy:334)
	at 1.3.4-Reporte de Recalculo Total.run(1.3.4-Reporte de Recalculo Total:62)
	at com.kms.katalon.core.main.ScriptEngine.run(ScriptEngine.java:194)
	at com.kms.katalon.core.main.ScriptEngine.runScriptAsRawText(ScriptEngine.java:119)
	at com.kms.katalon.core.main.TestCaseExecutor.runScript(TestCaseExecutor.java:445)
	at com.kms.katalon.core.main.TestCaseExecutor.doExecute(TestCaseExecutor.java:436)
	at com.kms.katalon.core.main.TestCaseExecutor.processExecutionPhase(TestCaseExecutor.java:415)
	at com.kms.katalon.core.main.TestCaseExecutor.accessMainPhase(TestCaseExecutor.java:407)
	at com.kms.katalon.core.main.TestCaseExecutor.execute(TestCaseExecutor.java:284)
	at com.kms.katalon.core.common.CommonExecutor.accessTestCaseMainPhase(CommonExecutor.java:65)
	at com.kms.katalon.core.main.TestSuiteExecutor.accessTestSuiteMainPhase(TestSuiteExecutor.java:144)
	at com.kms.katalon.core.main.TestSuiteExecutor.execute(TestSuiteExecutor.java:106)
	at com.kms.katalon.core.main.TestCaseMain.startTestSuite(TestCaseMain.java:185)
	at com.kms.katalon.core.main.TestCaseMain$startTestSuite$0.call(Unknown Source)
	at TempTestSuite1654867643956.run(TempTestSuite1654867643956.groovy:36)
Caused by: com.kms.katalon.core.exception.StepFailedException: Unable to get text of object 'Object Repository/1-OBJECTS TAREAS PRINCIPALES/Modulo Tarea Compensacion/Recalculo Total/a_Resultado'
	at com.kms.katalon.core.webui.keyword.internal.WebUIKeywordMain.stepFailed(WebUIKeywordMain.groovy:64)
	at com.kms.katalon.core.webui.keyword.internal.WebUIKeywordMain.runKeyword(WebUIKeywordMain.groovy:26)
	at com.kms.katalon.core.webui.keyword.builtin.GetTextKeyword.getText(GetTextKeyword.groovy:88)
	at com.kms.katalon.core.webui.keyword.builtin.GetTextKeyword.execute(GetTextKeyword.groovy:67)
	at com.kms.katalon.core.keyword.internal.KeywordExecutor.executeKeywordForPlatform(KeywordExecutor.groovy:74)
	at com.kms.katalon.core.webui.keyword.WebUiBuiltInKeywords.getText(WebUiBuiltInKeywords.groovy:918)
	at com.kms.katalon.core.webui.keyword.WebUiBuiltInKeywords$getText$13.call(Unknown Source)
	at 1.3.3-Recalculo Total.run(1.3.3-Recalculo Total:55)
	at com.kms.katalon.core.main.ScriptEngine.run(ScriptEngine.java:194)
	at com.kms.katalon.core.main.ScriptEngine.runScriptAsRawText(ScriptEngine.java:119)
	at com.kms.katalon.core.main.TestCaseExecutor.runScript(TestCaseExecutor.java:445)
	at com.kms.katalon.core.main.TestCaseExecutor.doExecute(TestCaseExecutor.java:436)
	at com.kms.katalon.core.main.TestCaseExecutor.processExecutionPhase(TestCaseExecutor.java:415)
	at com.kms.katalon.core.main.TestCaseExecutor.accessMainPhase(TestCaseExecutor.java:407)
	at com.kms.katalon.core.main.TestCaseExecutor.execute(TestCaseExecutor.java:284)
	at com.kms.katalon.core.main.TestCaseMain.runTestCase(TestCaseMain.java:142)
	at com.kms.katalon.core.keyword.builtin.CallTestCaseKeyword$_callTestCase_closure1.doCall(CallTestCaseKeyword.groovy:59)
	... 20 more
Caused by: com.kms.katalon.core.webui.exception.WebElementNotFoundException: Web element with id: 'Object Repository/1-OBJECTS TAREAS PRINCIPALES/Modulo Tarea Compensacion/Recalculo Total/a_Resultado' located by '//body/div[1]/div[3]/div/table/tbody/tr[4]/td/table/tbody/tr/td/form/div/div[2]/table[1]/tbody/tr[1]/td/div' not found
	at com.kms.katalon.core.webui.common.WebUiCommonHelper.findWebElement(WebUiCommonHelper.java:1370)
	at com.kms.katalon.core.webui.keyword.internal.WebUIAbstractKeyword.findWebElement(WebUIAbstractKeyword.groovy:27)
	at com.kms.katalon.core.webui.keyword.internal.WebUIAbstractKeyword.findWebElement(WebUIAbstractKeyword.groovy:26)
	at com.kms.katalon.core.webui.keyword.builtin.GetTextKeyword$_getText_closure1.doCall(GetTextKeyword.groovy:78)
	at com.kms.katalon.core.webui.keyword.builtin.GetTextKeyword$_getText_closure1.call(GetTextKeyword.groovy)
	at com.kms.katalon.core.webui.keyword.internal.WebUIKeywordMain.runKeyword(WebUIKeywordMain.groovy:20)
	... 35 more


2022-06-10 08:53:20 - [TEST_STEP][PASSED] - RutaA = callTestCase(findTestCase("0.1.3-Detector_de folder_download"), [:], STOP_ON_FAILURE): Call Test Case 'Test Cases/0.1.3-Detector_de folder_download' successfully

2022-06-10 08:53:20 - [TEST_CASE][PASSED] - Test Cases/0.1.3-Detector_de folder_download: Test Cases/0.1.3-Detector_de folder_download

2022-06-10 08:53:21 - [TEST_STEP][PASSED] - ruta1 = "../": null

2022-06-10 08:53:21 - [TEST_STEP][PASSED] - ruta2 = "../../": null

2022-06-10 08:53:21 - [TEST_STEP][PASSED] - ruta3 = "../../../": null

2022-06-10 08:53:21 - [TEST_STEP][PASSED] - ruta4 = "../../../../": null

2022-06-10 08:53:21 - [TEST_STEP][PASSED] - fichero = new java.io.File(ruta1): null

2022-06-10 08:53:21 - [TEST_STEP][PASSED] - fichero1 = new java.io.File(ruta2): null

2022-06-10 08:53:21 - [TEST_STEP][PASSED] - fichero2 = new java.io.File(ruta3): null

2022-06-10 08:53:21 - [TEST_STEP][PASSED] - fichero3 = new java.io.File(ruta4): null

2022-06-10 08:53:21 - [TEST_STEP][PASSED] - Carpeta = "Downloads": null

2022-06-10 08:53:21 - [TEST_STEP][PASSED] - RutaA = "": null

2022-06-10 08:53:21 - [TEST_STEP][PASSED] - ResultF = "": null

2022-06-10 08:53:21 - [TEST_STEP][PASSED] - r = prueba(ruta1, fichero, Carpeta, RutaA): null

2022-06-10 08:53:21 - [TEST_STEP][PASSED] - dir = new java.io.File(fichero): null

2022-06-10 08:53:21 - [TEST_STEP][PASSED] - dirContents = dir.listFiles(): null

2022-06-10 08:53:21 - [TEST_STEP][PASSED] - out.println(dirContents): null

2022-06-10 08:53:21 - [TEST_STEP][PASSED] - for ([i = 0, i < length, (i++)]): null

2022-06-10 08:53:21 - [TEST_STEP][PASSED] - if (getName().equals(Carpeta)): null

2022-06-10 08:53:21 - [TEST_STEP][PASSED] - if (getName().equals(Carpeta)): null

2022-06-10 08:53:21 - [TEST_STEP][PASSED] - if (getName().equals(Carpeta)): null

2022-06-10 08:53:21 - [TEST_STEP][PASSED] - if (getName().equals(Carpeta)): null

2022-06-10 08:53:21 - [TEST_STEP][PASSED] - if (getName().equals(Carpeta)): null

2022-06-10 08:53:21 - [TEST_STEP][PASSED] - if (getName().equals(Carpeta)): null

2022-06-10 08:53:21 - [TEST_STEP][PASSED] - if (getName().equals(Carpeta)): null

2022-06-10 08:53:21 - [TEST_STEP][PASSED] - if (getName().equals(Carpeta)): null

2022-06-10 08:53:21 - [TEST_STEP][PASSED] - return false: null

2022-06-10 08:53:21 - [TEST_STEP][PASSED] - r1 = prueba1(ruta2, fichero1, Carpeta, RutaA): null

2022-06-10 08:53:21 - [TEST_STEP][PASSED] - dir = new java.io.File(fichero1): null

2022-06-10 08:53:21 - [TEST_STEP][PASSED] - dirContents = dir.listFiles(): null

2022-06-10 08:53:21 - [TEST_STEP][PASSED] - out.println(dirContents): null

2022-06-10 08:53:21 - [TEST_STEP][PASSED] - for ([i = 0, i < length, (i++)]): null

2022-06-10 08:53:21 - [TEST_STEP][PASSED] - if (getName().equals(Carpeta)): null

2022-06-10 08:53:21 - [TEST_STEP][PASSED] - if (getName().equals(Carpeta)): null

2022-06-10 08:53:21 - [TEST_STEP][PASSED] - if (getName().equals(Carpeta)): null

2022-06-10 08:53:21 - [TEST_STEP][PASSED] - if (getName().equals(Carpeta)): null

2022-06-10 08:53:21 - [TEST_STEP][PASSED] - if (getName().equals(Carpeta)): null

2022-06-10 08:53:21 - [TEST_STEP][PASSED] - if (getName().equals(Carpeta)): null

2022-06-10 08:53:21 - [TEST_STEP][PASSED] - if (getName().equals(Carpeta)): null

2022-06-10 08:53:21 - [TEST_STEP][PASSED] - if (getName().equals(Carpeta)): null

2022-06-10 08:53:21 - [TEST_STEP][PASSED] - if (getName().equals(Carpeta)): null

2022-06-10 08:53:21 - [TEST_STEP][PASSED] - if (getName().equals(Carpeta)): null

2022-06-10 08:53:21 - [TEST_STEP][PASSED] - if (getName().equals(Carpeta)): null

2022-06-10 08:53:21 - [TEST_STEP][PASSED] - if (getName().equals(Carpeta)): null

2022-06-10 08:53:21 - [TEST_STEP][PASSED] - if (getName().equals(Carpeta)): null

2022-06-10 08:53:21 - [TEST_STEP][PASSED] - if (getName().equals(Carpeta)): null

2022-06-10 08:53:21 - [TEST_STEP][PASSED] - if (getName().equals(Carpeta)): null

2022-06-10 08:53:21 - [TEST_STEP][PASSED] - if (getName().equals(Carpeta)): null

2022-06-10 08:53:21 - [TEST_STEP][PASSED] - if (getName().equals(Carpeta)): null

2022-06-10 08:53:21 - [TEST_STEP][PASSED] - if (getName().equals(Carpeta)): null

2022-06-10 08:53:21 - [TEST_STEP][PASSED] - if (getName().equals(Carpeta)): null

2022-06-10 08:53:21 - [TEST_STEP][PASSED] - if (getName().equals(Carpeta)): null

2022-06-10 08:53:21 - [TEST_STEP][PASSED] - if (getName().equals(Carpeta)): null

2022-06-10 08:53:21 - [TEST_STEP][PASSED] - if (getName().equals(Carpeta)): null

2022-06-10 08:53:21 - [TEST_STEP][PASSED] - if (getName().equals(Carpeta)): null

2022-06-10 08:53:21 - [TEST_STEP][PASSED] - if (getName().equals(Carpeta)): null

2022-06-10 08:53:21 - [TEST_STEP][PASSED] - if (getName().equals(Carpeta)): null

2022-06-10 08:53:21 - [TEST_STEP][PASSED] - if (getName().equals(Carpeta)): null

2022-06-10 08:53:21 - [TEST_STEP][PASSED] - if (getName().equals(Carpeta)): null

2022-06-10 08:53:21 - [TEST_STEP][PASSED] - if (getName().equals(Carpeta)): null

2022-06-10 08:53:21 - [TEST_STEP][PASSED] - if (getName().equals(Carpeta)): null

2022-06-10 08:53:21 - [TEST_STEP][PASSED] - if (getName().equals(Carpeta)): null

2022-06-10 08:53:21 - [TEST_STEP][PASSED] - if (dirContents[i].isDirectory()): null

2022-06-10 08:53:21 - [TEST_STEP][PASSED] - out.println(fichero1 + "Downloads"): null

2022-06-10 08:53:21 - [TEST_STEP][PASSED] - Resultado = fichero1 + "\Downloads": null

2022-06-10 08:53:21 - [TEST_STEP][PASSED] - out.println("Es una carpeta " + Resultado): null

2022-06-10 08:53:21 - [TEST_STEP][PASSED] - RutaA = Resultado: null

2022-06-10 08:53:21 - [TEST_STEP][PASSED] - return RutaA: null

2022-06-10 08:53:21 - [TEST_STEP][PASSED] - r2 = prueba2(ruta2, fichero1, Carpeta, RutaA): null

2022-06-10 08:53:21 - [TEST_STEP][PASSED] - dir = new java.io.File(fichero2): null

2022-06-10 08:53:21 - [TEST_STEP][PASSED] - dirContents = dir.listFiles(): null

2022-06-10 08:53:21 - [TEST_STEP][PASSED] - out.println(dirContents): null

2022-06-10 08:53:21 - [TEST_STEP][PASSED] - for ([i = 0, i < length, (i++)]): null

2022-06-10 08:53:21 - [TEST_STEP][PASSED] - if (getName().equals(Carpeta)): null

2022-06-10 08:53:21 - [TEST_STEP][PASSED] - if (getName().equals(Carpeta)): null

2022-06-10 08:53:21 - [TEST_STEP][PASSED] - if (getName().equals(Carpeta)): null

2022-06-10 08:53:21 - [TEST_STEP][PASSED] - if (getName().equals(Carpeta)): null

2022-06-10 08:53:21 - [TEST_STEP][PASSED] - if (getName().equals(Carpeta)): null

2022-06-10 08:53:21 - [TEST_STEP][PASSED] - if (getName().equals(Carpeta)): null

2022-06-10 08:53:21 - [TEST_STEP][PASSED] - if (getName().equals(Carpeta)): null

2022-06-10 08:53:21 - [TEST_STEP][PASSED] - if (getName().equals(Carpeta)): null

2022-06-10 08:53:21 - [TEST_STEP][PASSED] - if (getName().equals(Carpeta)): null

2022-06-10 08:53:21 - [TEST_STEP][PASSED] - if (getName().equals(Carpeta)): null

2022-06-10 08:53:21 - [TEST_STEP][PASSED] - if (getName().equals(Carpeta)): null

2022-06-10 08:53:21 - [TEST_STEP][PASSED] - if (getName().equals(Carpeta)): null

2022-06-10 08:53:21 - [TEST_STEP][PASSED] - if (getName().equals(Carpeta)): null

2022-06-10 08:53:21 - [TEST_STEP][PASSED] - if (getName().equals(Carpeta)): null

2022-06-10 08:53:21 - [TEST_STEP][PASSED] - if (getName().equals(Carpeta)): null

2022-06-10 08:53:21 - [TEST_STEP][PASSED] - if (getName().equals(Carpeta)): null

2022-06-10 08:53:21 - [TEST_STEP][PASSED] - if (getName().equals(Carpeta)): null

2022-06-10 08:53:21 - [TEST_STEP][PASSED] - if (getName().equals(Carpeta)): null

2022-06-10 08:53:21 - [TEST_STEP][PASSED] - if (getName().equals(Carpeta)): null

2022-06-10 08:53:21 - [TEST_STEP][PASSED] - if (getName().equals(Carpeta)): null

2022-06-10 08:53:21 - [TEST_STEP][PASSED] - if (getName().equals(Carpeta)): null

2022-06-10 08:53:21 - [TEST_STEP][PASSED] - if (getName().equals(Carpeta)): null

2022-06-10 08:53:21 - [TEST_STEP][PASSED] - if (getName().equals(Carpeta)): null

2022-06-10 08:53:21 - [TEST_STEP][PASSED] - if (getName().equals(Carpeta)): null

2022-06-10 08:53:21 - [TEST_STEP][PASSED] - if (getName().equals(Carpeta)): null

2022-06-10 08:53:21 - [TEST_STEP][PASSED] - if (getName().equals(Carpeta)): null

2022-06-10 08:53:21 - [TEST_STEP][PASSED] - if (getName().equals(Carpeta)): null

2022-06-10 08:53:21 - [TEST_STEP][PASSED] - if (getName().equals(Carpeta)): null

2022-06-10 08:53:21 - [TEST_STEP][PASSED] - if (getName().equals(Carpeta)): null

2022-06-10 08:53:21 - [TEST_STEP][PASSED] - if (getName().equals(Carpeta)): null

2022-06-10 08:53:21 - [TEST_STEP][PASSED] - if (dirContents[i].isDirectory()): null

2022-06-10 08:53:21 - [TEST_STEP][PASSED] - out.println(fichero2 + "Downloads"): null

2022-06-10 08:53:21 - [TEST_STEP][PASSED] - Resultado = fichero2 + "\Downloads": null

2022-06-10 08:53:21 - [TEST_STEP][PASSED] - out.println("Es una carpeta " + Resultado): null

2022-06-10 08:53:21 - [TEST_STEP][PASSED] - RutaA = Resultado: null

2022-06-10 08:53:21 - [TEST_STEP][PASSED] - return RutaA: null

2022-06-10 08:53:21 - [TEST_STEP][PASSED] - r3 = prueba3(ruta3, fichero2, Carpeta, RutaA): null

2022-06-10 08:53:21 - [TEST_STEP][PASSED] - dir = new java.io.File(fichero3): null

2022-06-10 08:53:21 - [TEST_STEP][PASSED] - dirContents = dir.listFiles(): null

2022-06-10 08:53:21 - [TEST_STEP][PASSED] - out.println(dirContents): null

2022-06-10 08:53:21 - [TEST_STEP][PASSED] - for ([i = 0, i < length, (i++)]): null

2022-06-10 08:53:21 - [TEST_STEP][PASSED] - if (getName().equals(Carpeta)): null

2022-06-10 08:53:21 - [TEST_STEP][PASSED] - if (getName().equals(Carpeta)): null

2022-06-10 08:53:21 - [TEST_STEP][PASSED] - if (getName().equals(Carpeta)): null

2022-06-10 08:53:21 - [TEST_STEP][PASSED] - if (getName().equals(Carpeta)): null

2022-06-10 08:53:21 - [TEST_STEP][PASSED] - if (getName().equals(Carpeta)): null

2022-06-10 08:53:21 - [TEST_STEP][PASSED] - if (getName().equals(Carpeta)): null

2022-06-10 08:53:21 - [TEST_STEP][PASSED] - if (getName().equals(Carpeta)): null

2022-06-10 08:53:21 - [TEST_STEP][PASSED] - return false: null

2022-06-10 08:53:21 - [TEST_STEP][PASSED] - out.println(r): null

2022-06-10 08:53:21 - [TEST_STEP][PASSED] - out.println(r1): null

2022-06-10 08:53:21 - [TEST_STEP][PASSED] - out.println(r2): null

2022-06-10 08:53:21 - [TEST_STEP][PASSED] - out.println(r3): null

2022-06-10 08:53:21 - [TEST_STEP][PASSED] - if (r == "\Downloads"): null

2022-06-10 08:53:21 - [TEST_STEP][PASSED] - else if (r1 == "..\Downloads"): null

2022-06-10 08:53:21 - [TEST_STEP][PASSED] - else if (r2 == "..\..\Downloads"): null

2022-06-10 08:53:21 - [TEST_STEP][PASSED] - ok = "OK": null

2022-06-10 08:53:21 - [TEST_STEP][PASSED] - out.println(r2): null

2022-06-10 08:53:21 - [TEST_STEP][PASSED] - RutaA = r2: null

2022-06-10 08:53:21 - [TEST_STEP][PASSED] - return RutaA: null

2022-06-10 08:53:21 - [MESSAGE][PASSED] - Call Test Case 'Test Cases/0.1.3-Detector_de folder_download' successfully

2022-06-10 08:53:21 - [TEST_STEP][PASSED] - rutaA = RutaA: null

2022-06-10 08:53:21 - [TEST_STEP][PASSED] - Archivo = "Reporte.txt": null

2022-06-10 08:53:21 - [TEST_STEP][PASSED] - out.println(rutaA): null

2022-06-10 08:53:21 - [TEST_STEP][FAILED] - callTestCase(findTestCase("1.1-Tareas Principales/1.3.3-Recalculo Total"), [:], STOP_ON_FAILURE): Unable to call Test Case 'Test Cases/1.1-Tareas Principales/1.3.3-Recalculo Total' (Root cause: com.kms.katalon.core.exception.StepFailedException: Call Test Case 'Test Cases/1.1-Tareas Principales/1.3.3-Recalculo Total' failed
	at com.kms.katalon.core.keyword.builtin.CallTestCaseKeyword$_callTestCase_closure1.doCall(CallTestCaseKeyword.groovy:63)
	at com.kms.katalon.core.keyword.builtin.CallTestCaseKeyword$_callTestCase_closure1.call(CallTestCaseKeyword.groovy)
	at com.kms.katalon.core.keyword.internal.KeywordMain.runKeyword(KeywordMain.groovy:74)
	at com.kms.katalon.core.keyword.builtin.CallTestCaseKeyword.callTestCase(CallTestCaseKeyword.groovy:81)
	at com.kms.katalon.core.keyword.builtin.CallTestCaseKeyword.execute(CallTestCaseKeyword.groovy:44)
	at com.kms.katalon.core.keyword.internal.KeywordExecutor.executeKeywordForPlatform(KeywordExecutor.groovy:74)
	at com.kms.katalon.core.keyword.BuiltinKeywords.callTestCase(BuiltinKeywords.groovy:334)
	at 1.3.4-Reporte de Recalculo Total.run(1.3.4-Reporte de Recalculo Total:62)
	at com.kms.katalon.core.main.ScriptEngine.run(ScriptEngine.java:194)
	at com.kms.katalon.core.main.ScriptEngine.runScriptAsRawText(ScriptEngine.java:119)
	at com.kms.katalon.core.main.TestCaseExecutor.runScript(TestCaseExecutor.java:445)
	at com.kms.katalon.core.main.TestCaseExecutor.doExecute(TestCaseExecutor.java:436)
	at com.kms.katalon.core.main.TestCaseExecutor.processExecutionPhase(TestCaseExecutor.java:415)
	at com.kms.katalon.core.main.TestCaseExecutor.accessMainPhase(TestCaseExecutor.java:407)
	at com.kms.katalon.core.main.TestCaseExecutor.execute(TestCaseExecutor.java:284)
	at com.kms.katalon.core.common.CommonExecutor.accessTestCaseMainPhase(CommonExecutor.java:65)
	at com.kms.katalon.core.main.TestSuiteExecutor.accessTestSuiteMainPhase(TestSuiteExecutor.java:144)
	at com.kms.katalon.core.main.TestSuiteExecutor.execute(TestSuiteExecutor.java:106)
	at com.kms.katalon.core.main.TestCaseMain.startTestSuite(TestCaseMain.java:185)
	at com.kms.katalon.core.main.TestCaseMain$startTestSuite$0.call(Unknown Source)
	at TempTestSuite1654867643956.run(TempTestSuite1654867643956.groovy:36)
Caused by: com.kms.katalon.core.exception.StepFailedException: Unable to get text of object 'Object Repository/1-OBJECTS TAREAS PRINCIPALES/Modulo Tarea Compensacion/Recalculo Total/a_Resultado'
	at com.kms.katalon.core.webui.keyword.internal.WebUIKeywordMain.stepFailed(WebUIKeywordMain.groovy:64)
	at com.kms.katalon.core.webui.keyword.internal.WebUIKeywordMain.runKeyword(WebUIKeywordMain.groovy:26)
	at com.kms.katalon.core.webui.keyword.builtin.GetTextKeyword.getText(GetTextKeyword.groovy:88)
	at com.kms.katalon.core.webui.keyword.builtin.GetTextKeyword.execute(GetTextKeyword.groovy:67)
	at com.kms.katalon.core.keyword.internal.KeywordExecutor.executeKeywordForPlatform(KeywordExecutor.groovy:74)
	at com.kms.katalon.core.webui.keyword.WebUiBuiltInKeywords.getText(WebUiBuiltInKeywords.groovy:918)
	at com.kms.katalon.core.webui.keyword.WebUiBuiltInKeywords$getText$13.call(Unknown Source)
	at 1.3.3-Recalculo Total.run(1.3.3-Recalculo Total:55)
	at com.kms.katalon.core.main.ScriptEngine.run(ScriptEngine.java:194)
	at com.kms.katalon.core.main.ScriptEngine.runScriptAsRawText(ScriptEngine.java:119)
	at com.kms.katalon.core.main.TestCaseExecutor.runScript(TestCaseExecutor.java:445)
	at com.kms.katalon.core.main.TestCaseExecutor.doExecute(TestCaseExecutor.java:436)
	at com.kms.katalon.core.main.TestCaseExecutor.processExecutionPhase(TestCaseExecutor.java:415)
	at com.kms.katalon.core.main.TestCaseExecutor.accessMainPhase(TestCaseExecutor.java:407)
	at com.kms.katalon.core.main.TestCaseExecutor.execute(TestCaseExecutor.java:284)
	at com.kms.katalon.core.main.TestCaseMain.runTestCase(TestCaseMain.java:142)
	at com.kms.katalon.core.keyword.builtin.CallTestCaseKeyword$_callTestCase_closure1.doCall(CallTestCaseKeyword.groovy:59)
	... 20 more
Caused by: com.kms.katalon.core.webui.exception.WebElementNotFoundException: Web element with id: 'Object Repository/1-OBJECTS TAREAS PRINCIPALES/Modulo Tarea Compensacion/Recalculo Total/a_Resultado' located by '//body/div[1]/div[3]/div/table/tbody/tr[4]/td/table/tbody/tr/td/form/div/div[2]/table[1]/tbody/tr[1]/td/div' not found
	at com.kms.katalon.core.webui.common.WebUiCommonHelper.findWebElement(WebUiCommonHelper.java:1370)
	at com.kms.katalon.core.webui.keyword.internal.WebUIAbstractKeyword.findWebElement(WebUIAbstractKeyword.groovy:27)
	at com.kms.katalon.core.webui.keyword.internal.WebUIAbstractKeyword.findWebElement(WebUIAbstractKeyword.groovy:26)
	at com.kms.katalon.core.webui.keyword.builtin.GetTextKeyword$_getText_closure1.doCall(GetTextKeyword.groovy:78)
	at com.kms.katalon.core.webui.keyword.builtin.GetTextKeyword$_getText_closure1.call(GetTextKeyword.groovy)
	at com.kms.katalon.core.webui.keyword.internal.WebUIKeywordMain.runKeyword(WebUIKeywordMain.groovy:20)
	... 35 more
)

2022-06-10 08:53:21 - [TEST_CASE][FAILED] - Test Cases/1.1-Tareas Principales/1.3.3-Recalculo Total: Test Cases/1.1-Tareas Principales/1.3.3-Recalculo Total FAILED.
Reason:
com.kms.katalon.core.exception.StepFailedException: Unable to get text of object 'Object Repository/1-OBJECTS TAREAS PRINCIPALES/Modulo Tarea Compensacion/Recalculo Total/a_Resultado'
	at com.kms.katalon.core.webui.keyword.internal.WebUIKeywordMain.stepFailed(WebUIKeywordMain.groovy:64)
	at com.kms.katalon.core.webui.keyword.internal.WebUIKeywordMain.runKeyword(WebUIKeywordMain.groovy:26)
	at com.kms.katalon.core.webui.keyword.builtin.GetTextKeyword.getText(GetTextKeyword.groovy:88)
	at com.kms.katalon.core.webui.keyword.builtin.GetTextKeyword.execute(GetTextKeyword.groovy:67)
	at com.kms.katalon.core.keyword.internal.KeywordExecutor.executeKeywordForPlatform(KeywordExecutor.groovy:74)
	at com.kms.katalon.core.webui.keyword.WebUiBuiltInKeywords.getText(WebUiBuiltInKeywords.groovy:918)
	at com.kms.katalon.core.webui.keyword.WebUiBuiltInKeywords$getText$13.call(Unknown Source)
	at 1.3.3-Recalculo Total.run(1.3.3-Recalculo Total:55)
	at com.kms.katalon.core.main.ScriptEngine.run(ScriptEngine.java:194)
	at com.kms.katalon.core.main.ScriptEngine.runScriptAsRawText(ScriptEngine.java:119)
	at com.kms.katalon.core.main.TestCaseExecutor.runScript(TestCaseExecutor.java:445)
	at com.kms.katalon.core.main.TestCaseExecutor.doExecute(TestCaseExecutor.java:436)
	at com.kms.katalon.core.main.TestCaseExecutor.processExecutionPhase(TestCaseExecutor.java:415)
	at com.kms.katalon.core.main.TestCaseExecutor.accessMainPhase(TestCaseExecutor.java:407)
	at com.kms.katalon.core.main.TestCaseExecutor.execute(TestCaseExecutor.java:284)
	at com.kms.katalon.core.main.TestCaseMain.runTestCase(TestCaseMain.java:142)
	at com.kms.katalon.core.keyword.builtin.CallTestCaseKeyword$_callTestCase_closure1.doCall(CallTestCaseKeyword.groovy:59)
	at com.kms.katalon.core.keyword.builtin.CallTestCaseKeyword$_callTestCase_closure1.call(CallTestCaseKeyword.groovy)
	at com.kms.katalon.core.keyword.internal.KeywordMain.runKeyword(KeywordMain.groovy:74)
	at com.kms.katalon.core.keyword.builtin.CallTestCaseKeyword.callTestCase(CallTestCaseKeyword.groovy:81)
	at com.kms.katalon.core.keyword.builtin.CallTestCaseKeyword.execute(CallTestCaseKeyword.groovy:44)
	at com.kms.katalon.core.keyword.internal.KeywordExecutor.executeKeywordForPlatform(KeywordExecutor.groovy:74)
	at com.kms.katalon.core.keyword.BuiltinKeywords.callTestCase(BuiltinKeywords.groovy:334)
	at 1.3.4-Reporte de Recalculo Total.run(1.3.4-Reporte de Recalculo Total:62)
	at com.kms.katalon.core.main.ScriptEngine.run(ScriptEngine.java:194)
	at com.kms.katalon.core.main.ScriptEngine.runScriptAsRawText(ScriptEngine.java:119)
	at com.kms.katalon.core.main.TestCaseExecutor.runScript(TestCaseExecutor.java:445)
	at com.kms.katalon.core.main.TestCaseExecutor.doExecute(TestCaseExecutor.java:436)
	at com.kms.katalon.core.main.TestCaseExecutor.processExecutionPhase(TestCaseExecutor.java:415)
	at com.kms.katalon.core.main.TestCaseExecutor.accessMainPhase(TestCaseExecutor.java:407)
	at com.kms.katalon.core.main.TestCaseExecutor.execute(TestCaseExecutor.java:284)
	at com.kms.katalon.core.common.CommonExecutor.accessTestCaseMainPhase(CommonExecutor.java:65)
	at com.kms.katalon.core.main.TestSuiteExecutor.accessTestSuiteMainPhase(TestSuiteExecutor.java:144)
	at com.kms.katalon.core.main.TestSuiteExecutor.execute(TestSuiteExecutor.java:106)
	at com.kms.katalon.core.main.TestCaseMain.startTestSuite(TestCaseMain.java:185)
	at com.kms.katalon.core.main.TestCaseMain$startTestSuite$0.call(Unknown Source)
	at TempTestSuite1654867643956.run(TempTestSuite1654867643956.groovy:36)
Caused by: com.kms.katalon.core.webui.exception.WebElementNotFoundException: Web element with id: 'Object Repository/1-OBJECTS TAREAS PRINCIPALES/Modulo Tarea Compensacion/Recalculo Total/a_Resultado' located by '//body/div[1]/div[3]/div/table/tbody/tr[4]/td/table/tbody/tr/td/form/div/div[2]/table[1]/tbody/tr[1]/td/div' not found
	at com.kms.katalon.core.webui.common.WebUiCommonHelper.findWebElement(WebUiCommonHelper.java:1370)
	at com.kms.katalon.core.webui.keyword.internal.WebUIAbstractKeyword.findWebElement(WebUIAbstractKeyword.groovy:27)
	at com.kms.katalon.core.webui.keyword.internal.WebUIAbstractKeyword.findWebElement(WebUIAbstractKeyword.groovy:26)
	at com.kms.katalon.core.webui.keyword.builtin.GetTextKeyword$_getText_closure1.doCall(GetTextKeyword.groovy:78)
	at com.kms.katalon.core.webui.keyword.builtin.GetTextKeyword$_getText_closure1.call(GetTextKeyword.groovy)
	at com.kms.katalon.core.webui.keyword.internal.WebUIKeywordMain.runKeyword(WebUIKeywordMain.groovy:20)
	... 35 more


2022-06-10 08:53:21 - [TEST_STEP][PASSED] - callTestCase(findTestCase("Utilidades-(atajos_para _tareas)/Tareas Administracion Compensacion/Tarea Liquidacion Nomina"), [:], STOP_ON_FAILURE): Call Test Case 'Test Cases/Utilidades-(atajos_para _tareas)/Tareas Administracion Compensacion/Tarea Liquidacion Nomina' successfully

2022-06-10 08:53:21 - [TEST_CASE][PASSED] - Test Cases/Utilidades-(atajos_para _tareas)/Tareas Administracion Compensacion/Tarea Liquidacion Nomina: Test Cases/Utilidades-(atajos_para _tareas)/Tareas Administracion Compensacion/Tarea Liquidacion Nomina

2022-06-10 08:53:21 - [TEST_STEP][PASSED] - callTestCase(findTestCase("0.1-Login"), [:], STOP_ON_FAILURE): Call Test Case 'Test Cases/0.1-Login' successfully

2022-06-10 08:53:21 - [TEST_CASE][PASSED] - Test Cases/0.1-Login: Test Cases/0.1-Login

2022-06-10 08:53:21 - [TEST_STEP][PASSED] - openBrowser(""): Browser is opened with url: ''

2022-06-10 08:53:21 - [MESSAGE][WARNING] - A browser is already opened. Closing browser and opening a new one

2022-06-10 08:53:22 - [MESSAGE][INFO] - Starting 'Chrome' driver

2022-06-10 08:53:22 - [MESSAGE][INFO] - Action delay is set to 0 milliseconds

2022-06-10 08:53:24 - [MESSAGE][PASSED] - Browser is opened with url: ''

2022-06-10 08:53:24 - [TEST_STEP][PASSED] - maximizeWindow(): Current window maximized

2022-06-10 08:53:24 - [MESSAGE][PASSED] - Current window maximized

2022-06-10 08:53:24 - [TEST_STEP][PASSED] - i = G_Login: null

2022-06-10 08:53:24 - [TEST_STEP][PASSED] - url = new java.net.URL(i): null

2022-06-10 08:53:24 - [TEST_STEP][PASSED] - println("URL: " + url.toString()): null

2022-06-10 08:53:24 - [TEST_STEP][PASSED] - connection = url.openConnection(): null

2022-06-10 08:53:24 - [TEST_STEP][PASSED] - connection.setRequestMethod("GET"): null

2022-06-10 08:53:24 - [TEST_STEP][PASSED] - connection.setReadTimeout(2 * 1000): null

2022-06-10 08:53:24 - [TEST_STEP][PASSED] - try: null

2022-06-10 08:53:24 - [TEST_STEP][PASSED] - connection.connect(): null

2022-06-10 08:53:24 - [TEST_STEP][PASSED] - flag = connected: null

2022-06-10 08:53:24 - [TEST_STEP][PASSED] - println("Valor_ori: " + flag): null

2022-06-10 08:53:24 - [TEST_STEP][PASSED] - if (flag): null

2022-06-10 08:53:24 - [TEST_STEP][PASSED] - navigateToUrl(i): Navigate to 'http://192.168.2.19:8380/saraweb' successfully

2022-06-10 08:53:24 - [MESSAGE][PASSED] - Navigate to 'http://192.168.2.19:8380/saraweb' successfully

2022-06-10 08:53:24 - [TEST_STEP][PASSED] - a(): null

2022-06-10 08:53:24 - [TEST_STEP][PASSED] - setText(findTestObject("3-OBJECTS UTILIDADES/Login/input_USUARIO_loginusuario"), G_Usuario): Text 'saraadmin' is set on object 'Object Repository/3-OBJECTS UTILIDADES/Login/input_USUARIO_loginusuario'

2022-06-10 08:53:25 - [MESSAGE][PASSED] - Text 'saraadmin' is set on object 'Object Repository/3-OBJECTS UTILIDADES/Login/input_USUARIO_loginusuario'

2022-06-10 08:53:25 - [TEST_STEP][PASSED] - setEncryptedText(findTestObject("3-OBJECTS UTILIDADES/Login/input_CLAVE_loginpassword"), "MkG4/TYiCFC3cb2driP7+Q=="): Text ****** has been set on object 'Object Repository/3-OBJECTS UTILIDADES/Login/input_CLAVE_loginpassword'

2022-06-10 08:53:26 - [MESSAGE][PASSED] - Text ****** has been set on object 'Object Repository/3-OBJECTS UTILIDADES/Login/input_CLAVE_loginpassword'

2022-06-10 08:53:26 - [TEST_STEP][PASSED] - waitForElementClickable(findTestObject("3-OBJECTS UTILIDADES/Login/a_Ingresar"), G_TimeOut): Object 'Object Repository/3-OBJECTS UTILIDADES/Login/a_Ingresar' is clickable

2022-06-10 08:53:26 - [MESSAGE][PASSED] - Object 'Object Repository/3-OBJECTS UTILIDADES/Login/a_Ingresar' is clickable

2022-06-10 08:53:26 - [TEST_STEP][PASSED] - click(findTestObject("3-OBJECTS UTILIDADES/Login/a_Ingresar")): Object: 'Object Repository/3-OBJECTS UTILIDADES/Login/a_Ingresar' is clicked on

2022-06-10 08:53:27 - [MESSAGE][PASSED] - Object: 'Object Repository/3-OBJECTS UTILIDADES/Login/a_Ingresar' is clicked on

2022-06-10 08:53:27 - [TEST_STEP][PASSED] - element = findWebElement(findTestObject("3-OBJECTS UTILIDADES/Login/a_Ir"), 30): null

2022-06-10 08:53:28 - [TEST_STEP][PASSED] - executeJavaScript("arguments[0].click()", Arrays.asList(element)): Execute JavaScript 'arguments[0].click()' successfully

2022-06-10 08:53:28 - [MESSAGE][PASSED] - Execute JavaScript 'arguments[0].click()' successfully

2022-06-10 08:53:28 - [MESSAGE][PASSED] - Call Test Case 'Test Cases/0.1-Login' successfully

2022-06-10 08:53:28 - [TEST_STEP][PASSED] - setText(findTestObject("1-OBJECTS TAREAS PRINCIPALES/Modulo Tarea Compensacion/Tarea Liquidacion Nomina/input_Listado de Empleados_"), "Liquidacion Nomina"): Text 'Liquidacion Nomina' is set on object 'Object Repository/1-OBJECTS TAREAS PRINCIPALES/Modulo Tarea Compensacion/Tarea Liquidacion Nomina/input_Listado de Empleados_'

2022-06-10 08:53:29 - [MESSAGE][PASSED] - Text 'Liquidacion Nomina' is set on object 'Object Repository/1-OBJECTS TAREAS PRINCIPALES/Modulo Tarea Compensacion/Tarea Liquidacion Nomina/input_Listado de Empleados_'

2022-06-10 08:53:29 - [TEST_STEP][PASSED] - waitForElementVisible(findTestObject("1-OBJECTS TAREAS PRINCIPALES/Modulo Tarea Compensacion/Tarea Liquidacion Nomina/span_Liquidacion Nomina"), 0): Object 'Object Repository/1-OBJECTS TAREAS PRINCIPALES/Modulo Tarea Compensacion/Tarea Liquidacion Nomina/span_Liquidacion Nomina' is visible

2022-06-10 08:53:29 - [MESSAGE][WARNING] - Timeout '0' is invalid. Using default page load timeout: '37'

2022-06-10 08:53:30 - [MESSAGE][PASSED] - Object 'Object Repository/1-OBJECTS TAREAS PRINCIPALES/Modulo Tarea Compensacion/Tarea Liquidacion Nomina/span_Liquidacion Nomina' is visible

2022-06-10 08:53:30 - [TEST_STEP][PASSED] - click(findTestObject("1-OBJECTS TAREAS PRINCIPALES/Modulo Tarea Compensacion/Tarea Liquidacion Nomina/span_Liquidacion Nomina")): Object: 'Object Repository/1-OBJECTS TAREAS PRINCIPALES/Modulo Tarea Compensacion/Tarea Liquidacion Nomina/span_Liquidacion Nomina' is clicked on

2022-06-10 08:53:31 - [MESSAGE][PASSED] - Object: 'Object Repository/1-OBJECTS TAREAS PRINCIPALES/Modulo Tarea Compensacion/Tarea Liquidacion Nomina/span_Liquidacion Nomina' is clicked on

2022-06-10 08:53:31 - [MESSAGE][PASSED] - Call Test Case 'Test Cases/Utilidades-(atajos_para _tareas)/Tareas Administracion Compensacion/Tarea Liquidacion Nomina' successfully

2022-06-10 08:53:31 - [TEST_STEP][PASSED] - waitForElementClickable(findTestObject("1-OBJECTS TAREAS PRINCIPALES/Modulo Tarea Compensacion/Recalculo Total/a_Periodo Nomina_LiquidacionNominaj_idt63"), G_TimeOut): Object 'Object Repository/1-OBJECTS TAREAS PRINCIPALES/Modulo Tarea Compensacion/Recalculo Total/a_Periodo Nomina_LiquidacionNominaj_idt63' is clickable

2022-06-10 08:53:32 - [MESSAGE][PASSED] - Object 'Object Repository/1-OBJECTS TAREAS PRINCIPALES/Modulo Tarea Compensacion/Recalculo Total/a_Periodo Nomina_LiquidacionNominaj_idt63' is clickable

2022-06-10 08:53:32 - [TEST_STEP][PASSED] - click(findTestObject("1-OBJECTS TAREAS PRINCIPALES/Modulo Tarea Compensacion/Recalculo Total/a_Periodo Nomina_LiquidacionNominaj_idt63")): Object: 'Object Repository/1-OBJECTS TAREAS PRINCIPALES/Modulo Tarea Compensacion/Recalculo Total/a_Periodo Nomina_LiquidacionNominaj_idt63' is clicked on

2022-06-10 08:53:32 - [MESSAGE][PASSED] - Object: 'Object Repository/1-OBJECTS TAREAS PRINCIPALES/Modulo Tarea Compensacion/Recalculo Total/a_Periodo Nomina_LiquidacionNominaj_idt63' is clicked on

2022-06-10 08:53:32 - [TEST_STEP][PASSED] - waitForElementClickable(findTestObject("1-OBJECTS TAREAS PRINCIPALES/Modulo Tarea Compensacion/Recalculo Total/select_--  Seleccione  --Periodo CerradoPeriodo en Proceso"), G_TimeOut): Object 'Object Repository/1-OBJECTS TAREAS PRINCIPALES/Modulo Tarea Compensacion/Recalculo Total/select_--  Seleccione  --Periodo CerradoPeriodo en Proceso' is clickable

2022-06-10 08:53:33 - [MESSAGE][PASSED] - Object 'Object Repository/1-OBJECTS TAREAS PRINCIPALES/Modulo Tarea Compensacion/Recalculo Total/select_--  Seleccione  --Periodo CerradoPeriodo en Proceso' is clickable

2022-06-10 08:53:33 - [TEST_STEP][PASSED] - click(findTestObject("1-OBJECTS TAREAS PRINCIPALES/Modulo Tarea Compensacion/Recalculo Total/select_--  Seleccione  --Periodo CerradoPeriodo en Proceso")): Object: 'Object Repository/1-OBJECTS TAREAS PRINCIPALES/Modulo Tarea Compensacion/Recalculo Total/select_--  Seleccione  --Periodo CerradoPeriodo en Proceso' is clicked on

2022-06-10 08:53:33 - [MESSAGE][PASSED] - Object: 'Object Repository/1-OBJECTS TAREAS PRINCIPALES/Modulo Tarea Compensacion/Recalculo Total/select_--  Seleccione  --Periodo CerradoPeriodo en Proceso' is clicked on

2022-06-10 08:53:33 - [TEST_STEP][PASSED] - selectOptionByIndex(findTestObject("1-OBJECTS TAREAS PRINCIPALES/Modulo Tarea Compensacion/Recalculo Total/select_--  Seleccione  --Periodo CerradoPeriodo en Proceso"), 2): All options with index in [2] are selected on object 'Object Repository/1-OBJECTS TAREAS PRINCIPALES/Modulo Tarea Compensacion/Recalculo Total/select_--  Seleccione  --Periodo CerradoPeriodo en Proceso'

2022-06-10 08:53:34 - [MESSAGE][PASSED] - All options with index in [2] are selected on object 'Object Repository/1-OBJECTS TAREAS PRINCIPALES/Modulo Tarea Compensacion/Recalculo Total/select_--  Seleccione  --Periodo CerradoPeriodo en Proceso'

2022-06-10 08:53:34 - [TEST_STEP][PASSED] - waitForElementClickable(findTestObject("1-OBJECTS TAREAS PRINCIPALES/Modulo Tarea Compensacion/Recalculo Total/span_P MensualJulio2021"), G_TimeOut): Object 'Object Repository/1-OBJECTS TAREAS PRINCIPALES/Modulo Tarea Compensacion/Recalculo Total/span_P MensualJulio2021' is clickable

2022-06-10 08:53:34 - [MESSAGE][PASSED] - Object 'Object Repository/1-OBJECTS TAREAS PRINCIPALES/Modulo Tarea Compensacion/Recalculo Total/span_P MensualJulio2021' is clickable

2022-06-10 08:53:34 - [TEST_STEP][PASSED] - click(findTestObject("1-OBJECTS TAREAS PRINCIPALES/Modulo Tarea Compensacion/Recalculo Total/span_P MensualJulio2021")): Object: 'Object Repository/1-OBJECTS TAREAS PRINCIPALES/Modulo Tarea Compensacion/Recalculo Total/span_P MensualJulio2021' is clicked on

2022-06-10 08:53:35 - [MESSAGE][PASSED] - Object: 'Object Repository/1-OBJECTS TAREAS PRINCIPALES/Modulo Tarea Compensacion/Recalculo Total/span_P MensualJulio2021' is clicked on

2022-06-10 08:53:35 - [TEST_STEP][PASSED] - waitForElementClickable(findTestObject("1-OBJECTS TAREAS PRINCIPALES/Modulo Tarea Compensacion/Recalculo Total/a_Reclculo Total"), G_TimeOut): Object 'Object Repository/1-OBJECTS TAREAS PRINCIPALES/Modulo Tarea Compensacion/Recalculo Total/a_Reclculo Total' is clickable

2022-06-10 08:53:36 - [MESSAGE][PASSED] - Object 'Object Repository/1-OBJECTS TAREAS PRINCIPALES/Modulo Tarea Compensacion/Recalculo Total/a_Reclculo Total' is clickable

2022-06-10 08:53:36 - [TEST_STEP][PASSED] - click(findTestObject("1-OBJECTS TAREAS PRINCIPALES/Modulo Tarea Compensacion/Recalculo Total/a_Reclculo Total")): Object: 'Object Repository/1-OBJECTS TAREAS PRINCIPALES/Modulo Tarea Compensacion/Recalculo Total/a_Reclculo Total' is clicked on

2022-06-10 08:53:36 - [MESSAGE][PASSED] - Object: 'Object Repository/1-OBJECTS TAREAS PRINCIPALES/Modulo Tarea Compensacion/Recalculo Total/a_Reclculo Total' is clicked on

2022-06-10 08:53:36 - [TEST_STEP][PASSED] - waitForElementClickable(findTestObject("1-OBJECTS TAREAS PRINCIPALES/Modulo Tarea Compensacion/Recalculo Total/span_Si"), G_TimeOut): Object 'Object Repository/1-OBJECTS TAREAS PRINCIPALES/Modulo Tarea Compensacion/Recalculo Total/span_Si' is clickable

2022-06-10 08:53:36 - [MESSAGE][PASSED] - Object 'Object Repository/1-OBJECTS TAREAS PRINCIPALES/Modulo Tarea Compensacion/Recalculo Total/span_Si' is clickable

2022-06-10 08:53:36 - [TEST_STEP][PASSED] - click(findTestObject("1-OBJECTS TAREAS PRINCIPALES/Modulo Tarea Compensacion/Recalculo Total/span_Si")): Object: 'Object Repository/1-OBJECTS TAREAS PRINCIPALES/Modulo Tarea Compensacion/Recalculo Total/span_Si' is clicked on

2022-06-10 08:53:37 - [MESSAGE][PASSED] - Object: 'Object Repository/1-OBJECTS TAREAS PRINCIPALES/Modulo Tarea Compensacion/Recalculo Total/span_Si' is clicked on

2022-06-10 08:53:37 - [TEST_STEP][PASSED] - waitForElementClickable(findTestObject("1-OBJECTS TAREAS PRINCIPALES/Modulo Tarea Compensacion/Recalculo Total/a_Continuar"), G_TimeNomina): Object 'Object Repository/1-OBJECTS TAREAS PRINCIPALES/Modulo Tarea Compensacion/Recalculo Total/a_Continuar' is clickable

2022-06-10 08:54:31 - [MESSAGE][PASSED] - Object 'Object Repository/1-OBJECTS TAREAS PRINCIPALES/Modulo Tarea Compensacion/Recalculo Total/a_Continuar' is clickable

2022-06-10 08:54:31 - [TEST_STEP][PASSED] - waitForElementClickable(findTestObject("1-OBJECTS TAREAS PRINCIPALES/Modulo Tarea Compensacion/Recalculo Total/a_Continuar"), G_TimeNomina): Object 'Object Repository/1-OBJECTS TAREAS PRINCIPALES/Modulo Tarea Compensacion/Recalculo Total/a_Continuar' is clickable

2022-06-10 08:54:31 - [MESSAGE][PASSED] - Object 'Object Repository/1-OBJECTS TAREAS PRINCIPALES/Modulo Tarea Compensacion/Recalculo Total/a_Continuar' is clickable

2022-06-10 08:54:31 - [TEST_STEP][FAILED] - Resultado = getText(findTestObject("1-OBJECTS TAREAS PRINCIPALES/Modulo Tarea Compensacion/Recalculo Total/a_Resultado")): Unable to get text of object 'Object Repository/1-OBJECTS TAREAS PRINCIPALES/Modulo Tarea Compensacion/Recalculo Total/a_Resultado' (Root cause: com.kms.katalon.core.exception.StepFailedException: Unable to get text of object 'Object Repository/1-OBJECTS TAREAS PRINCIPALES/Modulo Tarea Compensacion/Recalculo Total/a_Resultado'
	at com.kms.katalon.core.webui.keyword.internal.WebUIKeywordMain.stepFailed(WebUIKeywordMain.groovy:64)
	at com.kms.katalon.core.webui.keyword.internal.WebUIKeywordMain.runKeyword(WebUIKeywordMain.groovy:26)
	at com.kms.katalon.core.webui.keyword.builtin.GetTextKeyword.getText(GetTextKeyword.groovy:88)
	at com.kms.katalon.core.webui.keyword.builtin.GetTextKeyword.execute(GetTextKeyword.groovy:67)
	at com.kms.katalon.core.keyword.internal.KeywordExecutor.executeKeywordForPlatform(KeywordExecutor.groovy:74)
	at com.kms.katalon.core.webui.keyword.WebUiBuiltInKeywords.getText(WebUiBuiltInKeywords.groovy:918)
	at com.kms.katalon.core.webui.keyword.WebUiBuiltInKeywords$getText$13.call(Unknown Source)
	at 1.3.3-Recalculo Total.run(1.3.3-Recalculo Total:55)
	at com.kms.katalon.core.main.ScriptEngine.run(ScriptEngine.java:194)
	at com.kms.katalon.core.main.ScriptEngine.runScriptAsRawText(ScriptEngine.java:119)
	at com.kms.katalon.core.main.TestCaseExecutor.runScript(TestCaseExecutor.java:445)
	at com.kms.katalon.core.main.TestCaseExecutor.doExecute(TestCaseExecutor.java:436)
	at com.kms.katalon.core.main.TestCaseExecutor.processExecutionPhase(TestCaseExecutor.java:415)
	at com.kms.katalon.core.main.TestCaseExecutor.accessMainPhase(TestCaseExecutor.java:407)
	at com.kms.katalon.core.main.TestCaseExecutor.execute(TestCaseExecutor.java:284)
	at com.kms.katalon.core.main.TestCaseMain.runTestCase(TestCaseMain.java:142)
	at com.kms.katalon.core.keyword.builtin.CallTestCaseKeyword$_callTestCase_closure1.doCall(CallTestCaseKeyword.groovy:59)
	at com.kms.katalon.core.keyword.builtin.CallTestCaseKeyword$_callTestCase_closure1.call(CallTestCaseKeyword.groovy)
	at com.kms.katalon.core.keyword.internal.KeywordMain.runKeyword(KeywordMain.groovy:74)
	at com.kms.katalon.core.keyword.builtin.CallTestCaseKeyword.callTestCase(CallTestCaseKeyword.groovy:81)
	at com.kms.katalon.core.keyword.builtin.CallTestCaseKeyword.execute(CallTestCaseKeyword.groovy:44)
	at com.kms.katalon.core.keyword.internal.KeywordExecutor.executeKeywordForPlatform(KeywordExecutor.groovy:74)
	at com.kms.katalon.core.keyword.BuiltinKeywords.callTestCase(BuiltinKeywords.groovy:334)
	at 1.3.4-Reporte de Recalculo Total.run(1.3.4-Reporte de Recalculo Total:62)
	at com.kms.katalon.core.main.ScriptEngine.run(ScriptEngine.java:194)
	at com.kms.katalon.core.main.ScriptEngine.runScriptAsRawText(ScriptEngine.java:119)
	at com.kms.katalon.core.main.TestCaseExecutor.runScript(TestCaseExecutor.java:445)
	at com.kms.katalon.core.main.TestCaseExecutor.doExecute(TestCaseExecutor.java:436)
	at com.kms.katalon.core.main.TestCaseExecutor.processExecutionPhase(TestCaseExecutor.java:415)
	at com.kms.katalon.core.main.TestCaseExecutor.accessMainPhase(TestCaseExecutor.java:407)
	at com.kms.katalon.core.main.TestCaseExecutor.execute(TestCaseExecutor.java:284)
	at com.kms.katalon.core.common.CommonExecutor.accessTestCaseMainPhase(CommonExecutor.java:65)
	at com.kms.katalon.core.main.TestSuiteExecutor.accessTestSuiteMainPhase(TestSuiteExecutor.java:144)
	at com.kms.katalon.core.main.TestSuiteExecutor.execute(TestSuiteExecutor.java:106)
	at com.kms.katalon.core.main.TestCaseMain.startTestSuite(TestCaseMain.java:185)
	at com.kms.katalon.core.main.TestCaseMain$startTestSuite$0.call(Unknown Source)
	at TempTestSuite1654867643956.run(TempTestSuite1654867643956.groovy:36)
Caused by: com.kms.katalon.core.webui.exception.WebElementNotFoundException: Web element with id: 'Object Repository/1-OBJECTS TAREAS PRINCIPALES/Modulo Tarea Compensacion/Recalculo Total/a_Resultado' located by '//body/div[1]/div[3]/div/table/tbody/tr[4]/td/table/tbody/tr/td/form/div/div[2]/table[1]/tbody/tr[1]/td/div' not found
	at com.kms.katalon.core.webui.common.WebUiCommonHelper.findWebElement(WebUiCommonHelper.java:1370)
	at com.kms.katalon.core.webui.keyword.internal.WebUIAbstractKeyword.findWebElement(WebUIAbstractKeyword.groovy:27)
	at com.kms.katalon.core.webui.keyword.internal.WebUIAbstractKeyword.findWebElement(WebUIAbstractKeyword.groovy:26)
	at com.kms.katalon.core.webui.keyword.builtin.GetTextKeyword$_getText_closure1.doCall(GetTextKeyword.groovy:78)
	at com.kms.katalon.core.webui.keyword.builtin.GetTextKeyword$_getText_closure1.call(GetTextKeyword.groovy)
	at com.kms.katalon.core.webui.keyword.internal.WebUIKeywordMain.runKeyword(WebUIKeywordMain.groovy:20)
	at com.kms.katalon.core.webui.keyword.builtin.GetTextKeyword.getText(GetTextKeyword.groovy:88)
	at com.kms.katalon.core.webui.keyword.builtin.GetTextKeyword.execute(GetTextKeyword.groovy:67)
	at com.kms.katalon.core.keyword.internal.KeywordExecutor.executeKeywordForPlatform(KeywordExecutor.groovy:74)
	at com.kms.katalon.core.webui.keyword.WebUiBuiltInKeywords.getText(WebUiBuiltInKeywords.groovy:918)
	at com.kms.katalon.core.webui.keyword.WebUiBuiltInKeywords$getText$13.call(Unknown Source)
	at Script1548866095922.run(Script1548866095922.groovy:55)
	at com.kms.katalon.core.main.ScriptEngine.run(ScriptEngine.java:194)
	at com.kms.katalon.core.main.ScriptEngine.runScriptAsRawText(ScriptEngine.java:119)
	at com.kms.katalon.core.main.TestCaseExecutor.runScript(TestCaseExecutor.java:445)
	at com.kms.katalon.core.main.TestCaseExecutor.doExecute(TestCaseExecutor.java:436)
	at com.kms.katalon.core.main.TestCaseExecutor.processExecutionPhase(TestCaseExecutor.java:415)
	at com.kms.katalon.core.main.TestCaseExecutor.accessMainPhase(TestCaseExecutor.java:407)
	at com.kms.katalon.core.main.TestCaseExecutor.execute(TestCaseExecutor.java:284)
	at com.kms.katalon.core.main.TestCaseMain.runTestCase(TestCaseMain.java:142)
	at com.kms.katalon.core.keyword.builtin.CallTestCaseKeyword$_callTestCase_closure1.doCall(CallTestCaseKeyword.groovy:59)
	at com.kms.katalon.core.keyword.builtin.CallTestCaseKeyword$_callTestCase_closure1.call(CallTestCaseKeyword.groovy)
	at com.kms.katalon.core.keyword.internal.KeywordMain.runKeyword(KeywordMain.groovy:74)
	at com.kms.katalon.core.keyword.builtin.CallTestCaseKeyword.callTestCase(CallTestCaseKeyword.groovy:81)
	at com.kms.katalon.core.keyword.builtin.CallTestCaseKeyword.execute(CallTestCaseKeyword.groovy:44)
	at com.kms.katalon.core.keyword.internal.KeywordExecutor.executeKeywordForPlatform(KeywordExecutor.groovy:74)
	at com.kms.katalon.core.keyword.BuiltinKeywords.callTestCase(BuiltinKeywords.groovy:334)
	at Script1548866127163.run(Script1548866127163.groovy:62)
	... 13 more
)

2022-06-10 08:55:09 - [MESSAGE][INFO] - Unable to find the element located by 'By.xpath: //body/div[1]/div[3]/div/table/tbody/tr[4]/td/table/tbody/tr/td/form/div/div[2]/table[1]/tbody/tr[1]/td/div'. Please recheck the objects properties to make sure the desired element is located. 

2022-06-10 08:55:09 - [MESSAGE][FAILED] - Unable to get text of object 'Object Repository/1-OBJECTS TAREAS PRINCIPALES/Modulo Tarea Compensacion/Recalculo Total/a_Resultado' (Root cause: com.kms.katalon.core.exception.StepFailedException: Unable to get text of object 'Object Repository/1-OBJECTS TAREAS PRINCIPALES/Modulo Tarea Compensacion/Recalculo Total/a_Resultado'
	at com.kms.katalon.core.webui.keyword.internal.WebUIKeywordMain.stepFailed(WebUIKeywordMain.groovy:64)
	at com.kms.katalon.core.webui.keyword.internal.WebUIKeywordMain.runKeyword(WebUIKeywordMain.groovy:26)
	at com.kms.katalon.core.webui.keyword.builtin.GetTextKeyword.getText(GetTextKeyword.groovy:88)
	at com.kms.katalon.core.webui.keyword.builtin.GetTextKeyword.execute(GetTextKeyword.groovy:67)
	at com.kms.katalon.core.keyword.internal.KeywordExecutor.executeKeywordForPlatform(KeywordExecutor.groovy:74)
	at com.kms.katalon.core.webui.keyword.WebUiBuiltInKeywords.getText(WebUiBuiltInKeywords.groovy:918)
	at com.kms.katalon.core.webui.keyword.WebUiBuiltInKeywords$getText$13.call(Unknown Source)
	at 1.3.3-Recalculo Total.run(1.3.3-Recalculo Total:55)
	at com.kms.katalon.core.main.ScriptEngine.run(ScriptEngine.java:194)
	at com.kms.katalon.core.main.ScriptEngine.runScriptAsRawText(ScriptEngine.java:119)
	at com.kms.katalon.core.main.TestCaseExecutor.runScript(TestCaseExecutor.java:445)
	at com.kms.katalon.core.main.TestCaseExecutor.doExecute(TestCaseExecutor.java:436)
	at com.kms.katalon.core.main.TestCaseExecutor.processExecutionPhase(TestCaseExecutor.java:415)
	at com.kms.katalon.core.main.TestCaseExecutor.accessMainPhase(TestCaseExecutor.java:407)
	at com.kms.katalon.core.main.TestCaseExecutor.execute(TestCaseExecutor.java:284)
	at com.kms.katalon.core.main.TestCaseMain.runTestCase(TestCaseMain.java:142)
	at com.kms.katalon.core.keyword.builtin.CallTestCaseKeyword$_callTestCase_closure1.doCall(CallTestCaseKeyword.groovy:59)
	at com.kms.katalon.core.keyword.builtin.CallTestCaseKeyword$_callTestCase_closure1.call(CallTestCaseKeyword.groovy)
	at com.kms.katalon.core.keyword.internal.KeywordMain.runKeyword(KeywordMain.groovy:74)
	at com.kms.katalon.core.keyword.builtin.CallTestCaseKeyword.callTestCase(CallTestCaseKeyword.groovy:81)
	at com.kms.katalon.core.keyword.builtin.CallTestCaseKeyword.execute(CallTestCaseKeyword.groovy:44)
	at com.kms.katalon.core.keyword.internal.KeywordExecutor.executeKeywordForPlatform(KeywordExecutor.groovy:74)
	at com.kms.katalon.core.keyword.BuiltinKeywords.callTestCase(BuiltinKeywords.groovy:334)
	at 1.3.4-Reporte de Recalculo Total.run(1.3.4-Reporte de Recalculo Total:62)
	at com.kms.katalon.core.main.ScriptEngine.run(ScriptEngine.java:194)
	at com.kms.katalon.core.main.ScriptEngine.runScriptAsRawText(ScriptEngine.java:119)
	at com.kms.katalon.core.main.TestCaseExecutor.runScript(TestCaseExecutor.java:445)
	at com.kms.katalon.core.main.TestCaseExecutor.doExecute(TestCaseExecutor.java:436)
	at com.kms.katalon.core.main.TestCaseExecutor.processExecutionPhase(TestCaseExecutor.java:415)
	at com.kms.katalon.core.main.TestCaseExecutor.accessMainPhase(TestCaseExecutor.java:407)
	at com.kms.katalon.core.main.TestCaseExecutor.execute(TestCaseExecutor.java:284)
	at com.kms.katalon.core.common.CommonExecutor.accessTestCaseMainPhase(CommonExecutor.java:65)
	at com.kms.katalon.core.main.TestSuiteExecutor.accessTestSuiteMainPhase(TestSuiteExecutor.java:144)
	at com.kms.katalon.core.main.TestSuiteExecutor.execute(TestSuiteExecutor.java:106)
	at com.kms.katalon.core.main.TestCaseMain.startTestSuite(TestCaseMain.java:185)
	at com.kms.katalon.core.main.TestCaseMain$startTestSuite$0.call(Unknown Source)
	at TempTestSuite1654867643956.run(TempTestSuite1654867643956.groovy:36)
Caused by: com.kms.katalon.core.webui.exception.WebElementNotFoundException: Web element with id: 'Object Repository/1-OBJECTS TAREAS PRINCIPALES/Modulo Tarea Compensacion/Recalculo Total/a_Resultado' located by '//body/div[1]/div[3]/div/table/tbody/tr[4]/td/table/tbody/tr/td/form/div/div[2]/table[1]/tbody/tr[1]/td/div' not found
	at com.kms.katalon.core.webui.common.WebUiCommonHelper.findWebElement(WebUiCommonHelper.java:1370)
	at com.kms.katalon.core.webui.keyword.internal.WebUIAbstractKeyword.findWebElement(WebUIAbstractKeyword.groovy:27)
	at com.kms.katalon.core.webui.keyword.internal.WebUIAbstractKeyword.findWebElement(WebUIAbstractKeyword.groovy:26)
	at com.kms.katalon.core.webui.keyword.builtin.GetTextKeyword$_getText_closure1.doCall(GetTextKeyword.groovy:78)
	at com.kms.katalon.core.webui.keyword.builtin.GetTextKeyword$_getText_closure1.call(GetTextKeyword.groovy)
	at com.kms.katalon.core.webui.keyword.internal.WebUIKeywordMain.runKeyword(WebUIKeywordMain.groovy:20)
	at com.kms.katalon.core.webui.keyword.builtin.GetTextKeyword.getText(GetTextKeyword.groovy:88)
	at com.kms.katalon.core.webui.keyword.builtin.GetTextKeyword.execute(GetTextKeyword.groovy:67)
	at com.kms.katalon.core.keyword.internal.KeywordExecutor.executeKeywordForPlatform(KeywordExecutor.groovy:74)
	at com.kms.katalon.core.webui.keyword.WebUiBuiltInKeywords.getText(WebUiBuiltInKeywords.groovy:918)
	at com.kms.katalon.core.webui.keyword.WebUiBuiltInKeywords$getText$13.call(Unknown Source)
	at Script1548866095922.run(Script1548866095922.groovy:55)
	at com.kms.katalon.core.main.ScriptEngine.run(ScriptEngine.java:194)
	at com.kms.katalon.core.main.ScriptEngine.runScriptAsRawText(ScriptEngine.java:119)
	at com.kms.katalon.core.main.TestCaseExecutor.runScript(TestCaseExecutor.java:445)
	at com.kms.katalon.core.main.TestCaseExecutor.doExecute(TestCaseExecutor.java:436)
	at com.kms.katalon.core.main.TestCaseExecutor.processExecutionPhase(TestCaseExecutor.java:415)
	at com.kms.katalon.core.main.TestCaseExecutor.accessMainPhase(TestCaseExecutor.java:407)
	at com.kms.katalon.core.main.TestCaseExecutor.execute(TestCaseExecutor.java:284)
	at com.kms.katalon.core.main.TestCaseMain.runTestCase(TestCaseMain.java:142)
	at com.kms.katalon.core.keyword.builtin.CallTestCaseKeyword$_callTestCase_closure1.doCall(CallTestCaseKeyword.groovy:59)
	at com.kms.katalon.core.keyword.builtin.CallTestCaseKeyword$_callTestCase_closure1.call(CallTestCaseKeyword.groovy)
	at com.kms.katalon.core.keyword.internal.KeywordMain.runKeyword(KeywordMain.groovy:74)
	at com.kms.katalon.core.keyword.builtin.CallTestCaseKeyword.callTestCase(CallTestCaseKeyword.groovy:81)
	at com.kms.katalon.core.keyword.builtin.CallTestCaseKeyword.execute(CallTestCaseKeyword.groovy:44)
	at com.kms.katalon.core.keyword.internal.KeywordExecutor.executeKeywordForPlatform(KeywordExecutor.groovy:74)
	at com.kms.katalon.core.keyword.BuiltinKeywords.callTestCase(BuiltinKeywords.groovy:334)
	at Script1548866127163.run(Script1548866127163.groovy:62)
	... 13 more
)
[[ATTACHMENT|C:\\Users\\diego.rojas\\git\\Pruebas-Minimas\\Reports\\20220610_082723\\Test_Suite_Principales\\1-Tareas Principales\\20220610_082723\\1654869309812.png]]

2022-06-10 08:55:09 - [MESSAGE][FAILED] - Unable to call Test Case 'Test Cases/1.1-Tareas Principales/1.3.3-Recalculo Total' (Root cause: com.kms.katalon.core.exception.StepFailedException: Call Test Case 'Test Cases/1.1-Tareas Principales/1.3.3-Recalculo Total' failed
	at com.kms.katalon.core.keyword.builtin.CallTestCaseKeyword$_callTestCase_closure1.doCall(CallTestCaseKeyword.groovy:63)
	at com.kms.katalon.core.keyword.builtin.CallTestCaseKeyword$_callTestCase_closure1.call(CallTestCaseKeyword.groovy)
	at com.kms.katalon.core.keyword.internal.KeywordMain.runKeyword(KeywordMain.groovy:74)
	at com.kms.katalon.core.keyword.builtin.CallTestCaseKeyword.callTestCase(CallTestCaseKeyword.groovy:81)
	at com.kms.katalon.core.keyword.builtin.CallTestCaseKeyword.execute(CallTestCaseKeyword.groovy:44)
	at com.kms.katalon.core.keyword.internal.KeywordExecutor.executeKeywordForPlatform(KeywordExecutor.groovy:74)
	at com.kms.katalon.core.keyword.BuiltinKeywords.callTestCase(BuiltinKeywords.groovy:334)
	at 1.3.4-Reporte de Recalculo Total.run(1.3.4-Reporte de Recalculo Total:62)
	at com.kms.katalon.core.main.ScriptEngine.run(ScriptEngine.java:194)
	at com.kms.katalon.core.main.ScriptEngine.runScriptAsRawText(ScriptEngine.java:119)
	at com.kms.katalon.core.main.TestCaseExecutor.runScript(TestCaseExecutor.java:445)
	at com.kms.katalon.core.main.TestCaseExecutor.doExecute(TestCaseExecutor.java:436)
	at com.kms.katalon.core.main.TestCaseExecutor.processExecutionPhase(TestCaseExecutor.java:415)
	at com.kms.katalon.core.main.TestCaseExecutor.accessMainPhase(TestCaseExecutor.java:407)
	at com.kms.katalon.core.main.TestCaseExecutor.execute(TestCaseExecutor.java:284)
	at com.kms.katalon.core.common.CommonExecutor.accessTestCaseMainPhase(CommonExecutor.java:65)
	at com.kms.katalon.core.main.TestSuiteExecutor.accessTestSuiteMainPhase(TestSuiteExecutor.java:144)
	at com.kms.katalon.core.main.TestSuiteExecutor.execute(TestSuiteExecutor.java:106)
	at com.kms.katalon.core.main.TestCaseMain.startTestSuite(TestCaseMain.java:185)
	at com.kms.katalon.core.main.TestCaseMain$startTestSuite$0.call(Unknown Source)
	at TempTestSuite1654867643956.run(TempTestSuite1654867643956.groovy:36)
Caused by: com.kms.katalon.core.exception.StepFailedException: Unable to get text of object 'Object Repository/1-OBJECTS TAREAS PRINCIPALES/Modulo Tarea Compensacion/Recalculo Total/a_Resultado'
	at com.kms.katalon.core.webui.keyword.internal.WebUIKeywordMain.stepFailed(WebUIKeywordMain.groovy:64)
	at com.kms.katalon.core.webui.keyword.internal.WebUIKeywordMain.runKeyword(WebUIKeywordMain.groovy:26)
	at com.kms.katalon.core.webui.keyword.builtin.GetTextKeyword.getText(GetTextKeyword.groovy:88)
	at com.kms.katalon.core.webui.keyword.builtin.GetTextKeyword.execute(GetTextKeyword.groovy:67)
	at com.kms.katalon.core.keyword.internal.KeywordExecutor.executeKeywordForPlatform(KeywordExecutor.groovy:74)
	at com.kms.katalon.core.webui.keyword.WebUiBuiltInKeywords.getText(WebUiBuiltInKeywords.groovy:918)
	at com.kms.katalon.core.webui.keyword.WebUiBuiltInKeywords$getText$13.call(Unknown Source)
	at 1.3.3-Recalculo Total.run(1.3.3-Recalculo Total:55)
	at com.kms.katalon.core.main.ScriptEngine.run(ScriptEngine.java:194)
	at com.kms.katalon.core.main.ScriptEngine.runScriptAsRawText(ScriptEngine.java:119)
	at com.kms.katalon.core.main.TestCaseExecutor.runScript(TestCaseExecutor.java:445)
	at com.kms.katalon.core.main.TestCaseExecutor.doExecute(TestCaseExecutor.java:436)
	at com.kms.katalon.core.main.TestCaseExecutor.processExecutionPhase(TestCaseExecutor.java:415)
	at com.kms.katalon.core.main.TestCaseExecutor.accessMainPhase(TestCaseExecutor.java:407)
	at com.kms.katalon.core.main.TestCaseExecutor.execute(TestCaseExecutor.java:284)
	at com.kms.katalon.core.main.TestCaseMain.runTestCase(TestCaseMain.java:142)
	at com.kms.katalon.core.keyword.builtin.CallTestCaseKeyword$_callTestCase_closure1.doCall(CallTestCaseKeyword.groovy:59)
	... 20 more
Caused by: com.kms.katalon.core.webui.exception.WebElementNotFoundException: Web element with id: 'Object Repository/1-OBJECTS TAREAS PRINCIPALES/Modulo Tarea Compensacion/Recalculo Total/a_Resultado' located by '//body/div[1]/div[3]/div/table/tbody/tr[4]/td/table/tbody/tr/td/form/div/div[2]/table[1]/tbody/tr[1]/td/div' not found
	at com.kms.katalon.core.webui.common.WebUiCommonHelper.findWebElement(WebUiCommonHelper.java:1370)
	at com.kms.katalon.core.webui.keyword.internal.WebUIAbstractKeyword.findWebElement(WebUIAbstractKeyword.groovy:27)
	at com.kms.katalon.core.webui.keyword.internal.WebUIAbstractKeyword.findWebElement(WebUIAbstractKeyword.groovy:26)
	at com.kms.katalon.core.webui.keyword.builtin.GetTextKeyword$_getText_closure1.doCall(GetTextKeyword.groovy:78)
	at com.kms.katalon.core.webui.keyword.builtin.GetTextKeyword$_getText_closure1.call(GetTextKeyword.groovy)
	at com.kms.katalon.core.webui.keyword.internal.WebUIKeywordMain.runKeyword(WebUIKeywordMain.groovy:20)
	... 35 more
)]]></system-out>
         <system-err><![CDATA[2022-06-10 08:53:20 - [TEST_CASE][FAILED] - Test Cases/1.1-Tareas Principales/1.3.4-Reporte de Recalculo Total: Test Cases/1.1-Tareas Principales/1.3.4-Reporte de Recalculo Total FAILED.
Reason:
com.kms.katalon.core.exception.StepFailedException: Call Test Case 'Test Cases/1.1-Tareas Principales/1.3.3-Recalculo Total' failed
	at com.kms.katalon.core.keyword.builtin.CallTestCaseKeyword$_callTestCase_closure1.doCall(CallTestCaseKeyword.groovy:63)
	at com.kms.katalon.core.keyword.builtin.CallTestCaseKeyword$_callTestCase_closure1.call(CallTestCaseKeyword.groovy)
	at com.kms.katalon.core.keyword.internal.KeywordMain.runKeyword(KeywordMain.groovy:74)
	at com.kms.katalon.core.keyword.builtin.CallTestCaseKeyword.callTestCase(CallTestCaseKeyword.groovy:81)
	at com.kms.katalon.core.keyword.builtin.CallTestCaseKeyword.execute(CallTestCaseKeyword.groovy:44)
	at com.kms.katalon.core.keyword.internal.KeywordExecutor.executeKeywordForPlatform(KeywordExecutor.groovy:74)
	at com.kms.katalon.core.keyword.BuiltinKeywords.callTestCase(BuiltinKeywords.groovy:334)
	at 1.3.4-Reporte de Recalculo Total.run(1.3.4-Reporte de Recalculo Total:62)
	at com.kms.katalon.core.main.ScriptEngine.run(ScriptEngine.java:194)
	at com.kms.katalon.core.main.ScriptEngine.runScriptAsRawText(ScriptEngine.java:119)
	at com.kms.katalon.core.main.TestCaseExecutor.runScript(TestCaseExecutor.java:445)
	at com.kms.katalon.core.main.TestCaseExecutor.doExecute(TestCaseExecutor.java:436)
	at com.kms.katalon.core.main.TestCaseExecutor.processExecutionPhase(TestCaseExecutor.java:415)
	at com.kms.katalon.core.main.TestCaseExecutor.accessMainPhase(TestCaseExecutor.java:407)
	at com.kms.katalon.core.main.TestCaseExecutor.execute(TestCaseExecutor.java:284)
	at com.kms.katalon.core.common.CommonExecutor.accessTestCaseMainPhase(CommonExecutor.java:65)
	at com.kms.katalon.core.main.TestSuiteExecutor.accessTestSuiteMainPhase(TestSuiteExecutor.java:144)
	at com.kms.katalon.core.main.TestSuiteExecutor.execute(TestSuiteExecutor.java:106)
	at com.kms.katalon.core.main.TestCaseMain.startTestSuite(TestCaseMain.java:185)
	at com.kms.katalon.core.main.TestCaseMain$startTestSuite$0.call(Unknown Source)
	at TempTestSuite1654867643956.run(TempTestSuite1654867643956.groovy:36)
Caused by: com.kms.katalon.core.exception.StepFailedException: Unable to get text of object 'Object Repository/1-OBJECTS TAREAS PRINCIPALES/Modulo Tarea Compensacion/Recalculo Total/a_Resultado'
	at com.kms.katalon.core.webui.keyword.internal.WebUIKeywordMain.stepFailed(WebUIKeywordMain.groovy:64)
	at com.kms.katalon.core.webui.keyword.internal.WebUIKeywordMain.runKeyword(WebUIKeywordMain.groovy:26)
	at com.kms.katalon.core.webui.keyword.builtin.GetTextKeyword.getText(GetTextKeyword.groovy:88)
	at com.kms.katalon.core.webui.keyword.builtin.GetTextKeyword.execute(GetTextKeyword.groovy:67)
	at com.kms.katalon.core.keyword.internal.KeywordExecutor.executeKeywordForPlatform(KeywordExecutor.groovy:74)
	at com.kms.katalon.core.webui.keyword.WebUiBuiltInKeywords.getText(WebUiBuiltInKeywords.groovy:918)
	at com.kms.katalon.core.webui.keyword.WebUiBuiltInKeywords$getText$13.call(Unknown Source)
	at 1.3.3-Recalculo Total.run(1.3.3-Recalculo Total:55)
	at com.kms.katalon.core.main.ScriptEngine.run(ScriptEngine.java:194)
	at com.kms.katalon.core.main.ScriptEngine.runScriptAsRawText(ScriptEngine.java:119)
	at com.kms.katalon.core.main.TestCaseExecutor.runScript(TestCaseExecutor.java:445)
	at com.kms.katalon.core.main.TestCaseExecutor.doExecute(TestCaseExecutor.java:436)
	at com.kms.katalon.core.main.TestCaseExecutor.processExecutionPhase(TestCaseExecutor.java:415)
	at com.kms.katalon.core.main.TestCaseExecutor.accessMainPhase(TestCaseExecutor.java:407)
	at com.kms.katalon.core.main.TestCaseExecutor.execute(TestCaseExecutor.java:284)
	at com.kms.katalon.core.main.TestCaseMain.runTestCase(TestCaseMain.java:142)
	at com.kms.katalon.core.keyword.builtin.CallTestCaseKeyword$_callTestCase_closure1.doCall(CallTestCaseKeyword.groovy:59)
	... 20 more
Caused by: com.kms.katalon.core.webui.exception.WebElementNotFoundException: Web element with id: 'Object Repository/1-OBJECTS TAREAS PRINCIPALES/Modulo Tarea Compensacion/Recalculo Total/a_Resultado' located by '//body/div[1]/div[3]/div/table/tbody/tr[4]/td/table/tbody/tr/td/form/div/div[2]/table[1]/tbody/tr[1]/td/div' not found
	at com.kms.katalon.core.webui.common.WebUiCommonHelper.findWebElement(WebUiCommonHelper.java:1370)
	at com.kms.katalon.core.webui.keyword.internal.WebUIAbstractKeyword.findWebElement(WebUIAbstractKeyword.groovy:27)
	at com.kms.katalon.core.webui.keyword.internal.WebUIAbstractKeyword.findWebElement(WebUIAbstractKeyword.groovy:26)
	at com.kms.katalon.core.webui.keyword.builtin.GetTextKeyword$_getText_closure1.doCall(GetTextKeyword.groovy:78)
	at com.kms.katalon.core.webui.keyword.builtin.GetTextKeyword$_getText_closure1.call(GetTextKeyword.groovy)
	at com.kms.katalon.core.webui.keyword.internal.WebUIKeywordMain.runKeyword(WebUIKeywordMain.groovy:20)
	... 35 more]]></system-err>
      </testcase>
      <testcase name="Test Cases/1.1-Tareas Principales/1.3.5-Comprobante de Pago" time="94.073" classname="Test Cases/1.1-Tareas Principales/1.3.5-Comprobante de Pago" status="FAILED">
         <failure type="FAILED" message="Test Cases/1.1-Tareas Principales/1.3.5-Comprobante de Pago FAILED.
Reason:
com.kms.katalon.core.exception.StepFailedException: Unable to switch to window with index: '1'
	at com.kms.katalon.core.webui.keyword.internal.WebUIKeywordMain.stepFailed(WebUIKeywordMain.groovy:64)
	at com.kms.katalon.core.webui.keyword.internal.WebUIKeywordMain.runKeyword(WebUIKeywordMain.groovy:26)
	at com.kms.katalon.core.webui.keyword.builtin.SwitchToWindowIndexKeyword.switchToWindowIndex(SwitchToWindowIndexKeyword.groovy:85)
	at com.kms.katalon.core.webui.keyword.builtin.SwitchToWindowIndexKeyword.execute(SwitchToWindowIndexKeyword.groovy:67)
	at com.kms.katalon.core.keyword.internal.KeywordExecutor.executeKeywordForPlatform(KeywordExecutor.groovy:74)
	at com.kms.katalon.core.webui.keyword.WebUiBuiltInKeywords.switchToWindowIndex(WebUiBuiltInKeywords.groovy:1878)
	at com.kms.katalon.core.webui.keyword.WebUiBuiltInKeywords$switchToWindowIndex$20.call(Unknown Source)
	at 1.3.5-Comprobante de Pago.run(1.3.5-Comprobante de Pago:75)
	at com.kms.katalon.core.main.ScriptEngine.run(ScriptEngine.java:194)
	at com.kms.katalon.core.main.ScriptEngine.runScriptAsRawText(ScriptEngine.java:119)
	at com.kms.katalon.core.main.TestCaseExecutor.runScript(TestCaseExecutor.java:445)
	at com.kms.katalon.core.main.TestCaseExecutor.doExecute(TestCaseExecutor.java:436)
	at com.kms.katalon.core.main.TestCaseExecutor.processExecutionPhase(TestCaseExecutor.java:415)
	at com.kms.katalon.core.main.TestCaseExecutor.accessMainPhase(TestCaseExecutor.java:407)
	at com.kms.katalon.core.main.TestCaseExecutor.execute(TestCaseExecutor.java:284)
	at com.kms.katalon.core.common.CommonExecutor.accessTestCaseMainPhase(CommonExecutor.java:65)
	at com.kms.katalon.core.main.TestSuiteExecutor.accessTestSuiteMainPhase(TestSuiteExecutor.java:144)
	at com.kms.katalon.core.main.TestSuiteExecutor.execute(TestSuiteExecutor.java:106)
	at com.kms.katalon.core.main.TestCaseMain.startTestSuite(TestCaseMain.java:185)
	at com.kms.katalon.core.main.TestCaseMain$startTestSuite$0.call(Unknown Source)
	at TempTestSuite1654867643956.run(TempTestSuite1654867643956.groovy:36)
Caused by: com.kms.katalon.core.exception.StepFailedException: Cannot find window with index: '1'
	at com.kms.katalon.core.webui.keyword.internal.WebUIKeywordMain.stepFailed(WebUIKeywordMain.groovy:64)
	at com.kms.katalon.core.webui.keyword.builtin.SwitchToWindowIndexKeyword$_switchToWindowIndex_closure1.doCall(SwitchToWindowIndexKeyword.groovy:83)
	at com.kms.katalon.core.webui.keyword.builtin.SwitchToWindowIndexKeyword$_switchToWindowIndex_closure1.call(SwitchToWindowIndexKeyword.groovy)
	at com.kms.katalon.core.webui.keyword.internal.WebUIKeywordMain.runKeyword(WebUIKeywordMain.groovy:20)
	... 19 more
"/>
         <system-out><![CDATA[2022-06-10 08:55:09 - [TEST_CASE][FAILED] - Test Cases/1.1-Tareas Principales/1.3.5-Comprobante de Pago: Test Cases/1.1-Tareas Principales/1.3.5-Comprobante de Pago FAILED.
Reason:
com.kms.katalon.core.exception.StepFailedException: Unable to switch to window with index: '1'
	at com.kms.katalon.core.webui.keyword.internal.WebUIKeywordMain.stepFailed(WebUIKeywordMain.groovy:64)
	at com.kms.katalon.core.webui.keyword.internal.WebUIKeywordMain.runKeyword(WebUIKeywordMain.groovy:26)
	at com.kms.katalon.core.webui.keyword.builtin.SwitchToWindowIndexKeyword.switchToWindowIndex(SwitchToWindowIndexKeyword.groovy:85)
	at com.kms.katalon.core.webui.keyword.builtin.SwitchToWindowIndexKeyword.execute(SwitchToWindowIndexKeyword.groovy:67)
	at com.kms.katalon.core.keyword.internal.KeywordExecutor.executeKeywordForPlatform(KeywordExecutor.groovy:74)
	at com.kms.katalon.core.webui.keyword.WebUiBuiltInKeywords.switchToWindowIndex(WebUiBuiltInKeywords.groovy:1878)
	at com.kms.katalon.core.webui.keyword.WebUiBuiltInKeywords$switchToWindowIndex$20.call(Unknown Source)
	at 1.3.5-Comprobante de Pago.run(1.3.5-Comprobante de Pago:75)
	at com.kms.katalon.core.main.ScriptEngine.run(ScriptEngine.java:194)
	at com.kms.katalon.core.main.ScriptEngine.runScriptAsRawText(ScriptEngine.java:119)
	at com.kms.katalon.core.main.TestCaseExecutor.runScript(TestCaseExecutor.java:445)
	at com.kms.katalon.core.main.TestCaseExecutor.doExecute(TestCaseExecutor.java:436)
	at com.kms.katalon.core.main.TestCaseExecutor.processExecutionPhase(TestCaseExecutor.java:415)
	at com.kms.katalon.core.main.TestCaseExecutor.accessMainPhase(TestCaseExecutor.java:407)
	at com.kms.katalon.core.main.TestCaseExecutor.execute(TestCaseExecutor.java:284)
	at com.kms.katalon.core.common.CommonExecutor.accessTestCaseMainPhase(CommonExecutor.java:65)
	at com.kms.katalon.core.main.TestSuiteExecutor.accessTestSuiteMainPhase(TestSuiteExecutor.java:144)
	at com.kms.katalon.core.main.TestSuiteExecutor.execute(TestSuiteExecutor.java:106)
	at com.kms.katalon.core.main.TestCaseMain.startTestSuite(TestCaseMain.java:185)
	at com.kms.katalon.core.main.TestCaseMain$startTestSuite$0.call(Unknown Source)
	at TempTestSuite1654867643956.run(TempTestSuite1654867643956.groovy:36)
Caused by: com.kms.katalon.core.exception.StepFailedException: Cannot find window with index: '1'
	at com.kms.katalon.core.webui.keyword.internal.WebUIKeywordMain.stepFailed(WebUIKeywordMain.groovy:64)
	at com.kms.katalon.core.webui.keyword.builtin.SwitchToWindowIndexKeyword$_switchToWindowIndex_closure1.doCall(SwitchToWindowIndexKeyword.groovy:83)
	at com.kms.katalon.core.webui.keyword.builtin.SwitchToWindowIndexKeyword$_switchToWindowIndex_closure1.call(SwitchToWindowIndexKeyword.groovy)
	at com.kms.katalon.core.webui.keyword.internal.WebUIKeywordMain.runKeyword(WebUIKeywordMain.groovy:20)
	... 19 more


2022-06-10 08:55:10 - [TEST_STEP][PASSED] - callTestCase(findTestCase("Utilidades-(atajos_para _tareas)/Tareas Administracion Compensacion/Tarea Liquidacion Nomina"), [:], STOP_ON_FAILURE): Call Test Case 'Test Cases/Utilidades-(atajos_para _tareas)/Tareas Administracion Compensacion/Tarea Liquidacion Nomina' successfully

2022-06-10 08:55:10 - [TEST_CASE][PASSED] - Test Cases/Utilidades-(atajos_para _tareas)/Tareas Administracion Compensacion/Tarea Liquidacion Nomina: Test Cases/Utilidades-(atajos_para _tareas)/Tareas Administracion Compensacion/Tarea Liquidacion Nomina

2022-06-10 08:55:10 - [TEST_STEP][PASSED] - callTestCase(findTestCase("0.1-Login"), [:], STOP_ON_FAILURE): Call Test Case 'Test Cases/0.1-Login' successfully

2022-06-10 08:55:10 - [TEST_CASE][PASSED] - Test Cases/0.1-Login: Test Cases/0.1-Login

2022-06-10 08:55:10 - [TEST_STEP][PASSED] - openBrowser(""): Browser is opened with url: ''

2022-06-10 08:55:10 - [MESSAGE][WARNING] - A browser is already opened. Closing browser and opening a new one

2022-06-10 08:55:11 - [MESSAGE][INFO] - Starting 'Chrome' driver

2022-06-10 08:55:11 - [MESSAGE][INFO] - Action delay is set to 0 milliseconds

2022-06-10 08:55:12 - [MESSAGE][PASSED] - Browser is opened with url: ''

2022-06-10 08:55:12 - [TEST_STEP][PASSED] - maximizeWindow(): Current window maximized

2022-06-10 08:55:12 - [MESSAGE][PASSED] - Current window maximized

2022-06-10 08:55:12 - [TEST_STEP][PASSED] - i = G_Login: null

2022-06-10 08:55:12 - [TEST_STEP][PASSED] - url = new java.net.URL(i): null

2022-06-10 08:55:12 - [TEST_STEP][PASSED] - println("URL: " + url.toString()): null

2022-06-10 08:55:12 - [TEST_STEP][PASSED] - connection = url.openConnection(): null

2022-06-10 08:55:12 - [TEST_STEP][PASSED] - connection.setRequestMethod("GET"): null

2022-06-10 08:55:12 - [TEST_STEP][PASSED] - connection.setReadTimeout(2 * 1000): null

2022-06-10 08:55:12 - [TEST_STEP][PASSED] - try: null

2022-06-10 08:55:12 - [TEST_STEP][PASSED] - connection.connect(): null

2022-06-10 08:55:12 - [TEST_STEP][PASSED] - flag = connected: null

2022-06-10 08:55:12 - [TEST_STEP][PASSED] - println("Valor_ori: " + flag): null

2022-06-10 08:55:12 - [TEST_STEP][PASSED] - if (flag): null

2022-06-10 08:55:12 - [TEST_STEP][PASSED] - navigateToUrl(i): Navigate to 'http://192.168.2.19:8380/saraweb' successfully

2022-06-10 08:55:13 - [MESSAGE][PASSED] - Navigate to 'http://192.168.2.19:8380/saraweb' successfully

2022-06-10 08:55:13 - [TEST_STEP][PASSED] - a(): null

2022-06-10 08:55:13 - [TEST_STEP][PASSED] - setText(findTestObject("3-OBJECTS UTILIDADES/Login/input_USUARIO_loginusuario"), G_Usuario): Text 'saraadmin' is set on object 'Object Repository/3-OBJECTS UTILIDADES/Login/input_USUARIO_loginusuario'

2022-06-10 08:55:13 - [MESSAGE][PASSED] - Text 'saraadmin' is set on object 'Object Repository/3-OBJECTS UTILIDADES/Login/input_USUARIO_loginusuario'

2022-06-10 08:55:13 - [TEST_STEP][PASSED] - setEncryptedText(findTestObject("3-OBJECTS UTILIDADES/Login/input_CLAVE_loginpassword"), "MkG4/TYiCFC3cb2driP7+Q=="): Text ****** has been set on object 'Object Repository/3-OBJECTS UTILIDADES/Login/input_CLAVE_loginpassword'

2022-06-10 08:55:14 - [MESSAGE][PASSED] - Text ****** has been set on object 'Object Repository/3-OBJECTS UTILIDADES/Login/input_CLAVE_loginpassword'

2022-06-10 08:55:14 - [TEST_STEP][PASSED] - waitForElementClickable(findTestObject("3-OBJECTS UTILIDADES/Login/a_Ingresar"), G_TimeOut): Object 'Object Repository/3-OBJECTS UTILIDADES/Login/a_Ingresar' is clickable

2022-06-10 08:55:14 - [MESSAGE][PASSED] - Object 'Object Repository/3-OBJECTS UTILIDADES/Login/a_Ingresar' is clickable

2022-06-10 08:55:14 - [TEST_STEP][PASSED] - click(findTestObject("3-OBJECTS UTILIDADES/Login/a_Ingresar")): Object: 'Object Repository/3-OBJECTS UTILIDADES/Login/a_Ingresar' is clicked on

2022-06-10 08:55:15 - [MESSAGE][PASSED] - Object: 'Object Repository/3-OBJECTS UTILIDADES/Login/a_Ingresar' is clicked on

2022-06-10 08:55:15 - [TEST_STEP][PASSED] - element = findWebElement(findTestObject("3-OBJECTS UTILIDADES/Login/a_Ir"), 30): null

2022-06-10 08:55:16 - [TEST_STEP][PASSED] - executeJavaScript("arguments[0].click()", Arrays.asList(element)): Execute JavaScript 'arguments[0].click()' successfully

2022-06-10 08:55:16 - [MESSAGE][PASSED] - Execute JavaScript 'arguments[0].click()' successfully

2022-06-10 08:55:16 - [MESSAGE][PASSED] - Call Test Case 'Test Cases/0.1-Login' successfully

2022-06-10 08:55:16 - [TEST_STEP][PASSED] - setText(findTestObject("1-OBJECTS TAREAS PRINCIPALES/Modulo Tarea Compensacion/Tarea Liquidacion Nomina/input_Listado de Empleados_"), "Liquidacion Nomina"): Text 'Liquidacion Nomina' is set on object 'Object Repository/1-OBJECTS TAREAS PRINCIPALES/Modulo Tarea Compensacion/Tarea Liquidacion Nomina/input_Listado de Empleados_'

2022-06-10 08:55:17 - [MESSAGE][PASSED] - Text 'Liquidacion Nomina' is set on object 'Object Repository/1-OBJECTS TAREAS PRINCIPALES/Modulo Tarea Compensacion/Tarea Liquidacion Nomina/input_Listado de Empleados_'

2022-06-10 08:55:17 - [TEST_STEP][PASSED] - waitForElementVisible(findTestObject("1-OBJECTS TAREAS PRINCIPALES/Modulo Tarea Compensacion/Tarea Liquidacion Nomina/span_Liquidacion Nomina"), 0): Object 'Object Repository/1-OBJECTS TAREAS PRINCIPALES/Modulo Tarea Compensacion/Tarea Liquidacion Nomina/span_Liquidacion Nomina' is visible

2022-06-10 08:55:17 - [MESSAGE][WARNING] - Timeout '0' is invalid. Using default page load timeout: '37'

2022-06-10 08:55:18 - [MESSAGE][PASSED] - Object 'Object Repository/1-OBJECTS TAREAS PRINCIPALES/Modulo Tarea Compensacion/Tarea Liquidacion Nomina/span_Liquidacion Nomina' is visible

2022-06-10 08:55:18 - [TEST_STEP][PASSED] - click(findTestObject("1-OBJECTS TAREAS PRINCIPALES/Modulo Tarea Compensacion/Tarea Liquidacion Nomina/span_Liquidacion Nomina")): Object: 'Object Repository/1-OBJECTS TAREAS PRINCIPALES/Modulo Tarea Compensacion/Tarea Liquidacion Nomina/span_Liquidacion Nomina' is clicked on

2022-06-10 08:55:19 - [MESSAGE][PASSED] - Object: 'Object Repository/1-OBJECTS TAREAS PRINCIPALES/Modulo Tarea Compensacion/Tarea Liquidacion Nomina/span_Liquidacion Nomina' is clicked on

2022-06-10 08:55:19 - [MESSAGE][PASSED] - Call Test Case 'Test Cases/Utilidades-(atajos_para _tareas)/Tareas Administracion Compensacion/Tarea Liquidacion Nomina' successfully

2022-06-10 08:55:19 - [TEST_STEP][PASSED] - waitForElementClickable(findTestObject("1-OBJECTS TAREAS PRINCIPALES/Modulo Tarea Compensacion/Comprobante de Pago/a_Periodo Nomina_LiquidacionNominaj_idt63"), G_TimeOut): Object 'Object Repository/1-OBJECTS TAREAS PRINCIPALES/Modulo Tarea Compensacion/Comprobante de Pago/a_Periodo Nomina_LiquidacionNominaj_idt63' is clickable

2022-06-10 08:55:20 - [MESSAGE][PASSED] - Object 'Object Repository/1-OBJECTS TAREAS PRINCIPALES/Modulo Tarea Compensacion/Comprobante de Pago/a_Periodo Nomina_LiquidacionNominaj_idt63' is clickable

2022-06-10 08:55:20 - [TEST_STEP][PASSED] - click(findTestObject("1-OBJECTS TAREAS PRINCIPALES/Modulo Tarea Compensacion/Comprobante de Pago/a_Periodo Nomina_LiquidacionNominaj_idt63")): Object: 'Object Repository/1-OBJECTS TAREAS PRINCIPALES/Modulo Tarea Compensacion/Comprobante de Pago/a_Periodo Nomina_LiquidacionNominaj_idt63' is clicked on

2022-06-10 08:55:20 - [MESSAGE][PASSED] - Object: 'Object Repository/1-OBJECTS TAREAS PRINCIPALES/Modulo Tarea Compensacion/Comprobante de Pago/a_Periodo Nomina_LiquidacionNominaj_idt63' is clicked on

2022-06-10 08:55:20 - [TEST_STEP][PASSED] - waitForElementClickable(findTestObject("1-OBJECTS TAREAS PRINCIPALES/Modulo Tarea Compensacion/Comprobante de Pago/select_--  Seleccione  --Periodo CerradoPeriodo en Proceso"), G_TimeOut): Object 'Object Repository/1-OBJECTS TAREAS PRINCIPALES/Modulo Tarea Compensacion/Comprobante de Pago/select_--  Seleccione  --Periodo CerradoPeriodo en Proceso' is clickable

2022-06-10 08:55:21 - [MESSAGE][PASSED] - Object 'Object Repository/1-OBJECTS TAREAS PRINCIPALES/Modulo Tarea Compensacion/Comprobante de Pago/select_--  Seleccione  --Periodo CerradoPeriodo en Proceso' is clickable

2022-06-10 08:55:21 - [TEST_STEP][PASSED] - click(findTestObject("1-OBJECTS TAREAS PRINCIPALES/Modulo Tarea Compensacion/Comprobante de Pago/select_--  Seleccione  --Periodo CerradoPeriodo en Proceso")): Object: 'Object Repository/1-OBJECTS TAREAS PRINCIPALES/Modulo Tarea Compensacion/Comprobante de Pago/select_--  Seleccione  --Periodo CerradoPeriodo en Proceso' is clicked on

2022-06-10 08:55:21 - [MESSAGE][PASSED] - Object: 'Object Repository/1-OBJECTS TAREAS PRINCIPALES/Modulo Tarea Compensacion/Comprobante de Pago/select_--  Seleccione  --Periodo CerradoPeriodo en Proceso' is clicked on

2022-06-10 08:55:21 - [TEST_STEP][PASSED] - selectOptionByIndex(findTestObject("1-OBJECTS TAREAS PRINCIPALES/Modulo Tarea Compensacion/Comprobante de Pago/select_--  Seleccione  --Periodo CerradoPeriodo en Proceso"), 2): All options with index in [2] are selected on object 'Object Repository/1-OBJECTS TAREAS PRINCIPALES/Modulo Tarea Compensacion/Comprobante de Pago/select_--  Seleccione  --Periodo CerradoPeriodo en Proceso'

2022-06-10 08:55:23 - [MESSAGE][PASSED] - All options with index in [2] are selected on object 'Object Repository/1-OBJECTS TAREAS PRINCIPALES/Modulo Tarea Compensacion/Comprobante de Pago/select_--  Seleccione  --Periodo CerradoPeriodo en Proceso'

2022-06-10 08:55:23 - [TEST_STEP][PASSED] - click(findTestObject("1-OBJECTS TAREAS PRINCIPALES/Modulo Tarea Compensacion/Comprobante de Pago/span_P MensualJulio2021")): Object: 'Object Repository/1-OBJECTS TAREAS PRINCIPALES/Modulo Tarea Compensacion/Comprobante de Pago/span_P MensualJulio2021' is clicked on

2022-06-10 08:55:23 - [MESSAGE][PASSED] - Object: 'Object Repository/1-OBJECTS TAREAS PRINCIPALES/Modulo Tarea Compensacion/Comprobante de Pago/span_P MensualJulio2021' is clicked on

2022-06-10 08:55:23 - [TEST_STEP][PASSED] - waitForElementClickable(findTestObject("1-OBJECTS TAREAS PRINCIPALES/Modulo Tarea Compensacion/Comprobante de Pago/a_Nombre Persona_LiquidacionNo"), G_TimeOut): Object 'Object Repository/1-OBJECTS TAREAS PRINCIPALES/Modulo Tarea Compensacion/Comprobante de Pago/a_Nombre Persona_LiquidacionNo' is clickable

2022-06-10 08:55:25 - [MESSAGE][PASSED] - Object 'Object Repository/1-OBJECTS TAREAS PRINCIPALES/Modulo Tarea Compensacion/Comprobante de Pago/a_Nombre Persona_LiquidacionNo' is clickable

2022-06-10 08:55:25 - [TEST_STEP][PASSED] - click(findTestObject("1-OBJECTS TAREAS PRINCIPALES/Modulo Tarea Compensacion/Comprobante de Pago/a_Nombre Persona_LiquidacionNo")): Object: 'Object Repository/1-OBJECTS TAREAS PRINCIPALES/Modulo Tarea Compensacion/Comprobante de Pago/a_Nombre Persona_LiquidacionNo' is clicked on

2022-06-10 08:55:25 - [MESSAGE][PASSED] - Object: 'Object Repository/1-OBJECTS TAREAS PRINCIPALES/Modulo Tarea Compensacion/Comprobante de Pago/a_Nombre Persona_LiquidacionNo' is clicked on

2022-06-10 08:55:25 - [TEST_STEP][PASSED] - waitForElementClickable(findTestObject("1-OBJECTS TAREAS PRINCIPALES/Modulo Tarea Compensacion/Comprobante de Pago/input_close_popupFiltroEmplead"), 0): Object 'Object Repository/1-OBJECTS TAREAS PRINCIPALES/Modulo Tarea Compensacion/Comprobante de Pago/input_close_popupFiltroEmplead' is clickable

2022-06-10 08:55:25 - [MESSAGE][WARNING] - Timeout '0' is invalid. Using default page load timeout: '37'

2022-06-10 08:55:26 - [MESSAGE][PASSED] - Object 'Object Repository/1-OBJECTS TAREAS PRINCIPALES/Modulo Tarea Compensacion/Comprobante de Pago/input_close_popupFiltroEmplead' is clickable

2022-06-10 08:55:26 - [TEST_STEP][PASSED] - setText(findTestObject("1-OBJECTS TAREAS PRINCIPALES/Modulo Tarea Compensacion/Comprobante de Pago/input_close_popupFiltroEmplead"), "66666"): Text '66666' is set on object 'Object Repository/1-OBJECTS TAREAS PRINCIPALES/Modulo Tarea Compensacion/Comprobante de Pago/input_close_popupFiltroEmplead'

2022-06-10 08:55:27 - [MESSAGE][PASSED] - Text '66666' is set on object 'Object Repository/1-OBJECTS TAREAS PRINCIPALES/Modulo Tarea Compensacion/Comprobante de Pago/input_close_popupFiltroEmplead'

2022-06-10 08:55:27 - [TEST_STEP][PASSED] - sendKeys(findTestObject("1-OBJECTS TAREAS PRINCIPALES/Modulo Tarea Compensacion/Comprobante de Pago/input_close_popupFiltroEmplead"), Keys.chord(ENTER)): Keys 'ENTER + ' sent to object: 'Object Repository/1-OBJECTS TAREAS PRINCIPALES/Modulo Tarea Compensacion/Comprobante de Pago/input_close_popupFiltroEmplead'

2022-06-10 08:55:27 - [MESSAGE][PASSED] - Keys 'ENTER + ' sent to object: 'Object Repository/1-OBJECTS TAREAS PRINCIPALES/Modulo Tarea Compensacion/Comprobante de Pago/input_close_popupFiltroEmplead'

2022-06-10 08:55:27 - [TEST_STEP][PASSED] - waitForElementClickable(findTestObject("1-OBJECTS TAREAS PRINCIPALES/Modulo Tarea Compensacion/Comprobante de Pago/td_SALGADO PAULA"), 0): Object 'Object Repository/1-OBJECTS TAREAS PRINCIPALES/Modulo Tarea Compensacion/Comprobante de Pago/td_SALGADO PAULA' is clickable

2022-06-10 08:55:27 - [MESSAGE][WARNING] - Timeout '0' is invalid. Using default page load timeout: '37'

2022-06-10 08:55:28 - [MESSAGE][PASSED] - Object 'Object Repository/1-OBJECTS TAREAS PRINCIPALES/Modulo Tarea Compensacion/Comprobante de Pago/td_SALGADO PAULA' is clickable

2022-06-10 08:55:28 - [TEST_STEP][PASSED] - click(findTestObject("1-OBJECTS TAREAS PRINCIPALES/Modulo Tarea Compensacion/Comprobante de Pago/td_SALGADO PAULA")): Object: 'Object Repository/1-OBJECTS TAREAS PRINCIPALES/Modulo Tarea Compensacion/Comprobante de Pago/td_SALGADO PAULA' is clicked on

2022-06-10 08:55:28 - [MESSAGE][PASSED] - Object: 'Object Repository/1-OBJECTS TAREAS PRINCIPALES/Modulo Tarea Compensacion/Comprobante de Pago/td_SALGADO PAULA' is clicked on

2022-06-10 08:55:28 - [TEST_STEP][PASSED] - waitForElementClickable(findTestObject("1-OBJECTS TAREAS PRINCIPALES/Modulo Tarea Compensacion/Comprobante de Pago/input_Estado_LiquidacionNomina"), 0): Object 'Object Repository/1-OBJECTS TAREAS PRINCIPALES/Modulo Tarea Compensacion/Comprobante de Pago/input_Estado_LiquidacionNomina' is clickable

2022-06-10 08:55:28 - [MESSAGE][WARNING] - Timeout '0' is invalid. Using default page load timeout: '37'

2022-06-10 08:55:29 - [MESSAGE][PASSED] - Object 'Object Repository/1-OBJECTS TAREAS PRINCIPALES/Modulo Tarea Compensacion/Comprobante de Pago/input_Estado_LiquidacionNomina' is clickable

2022-06-10 08:55:29 - [TEST_STEP][PASSED] - click(findTestObject("1-OBJECTS TAREAS PRINCIPALES/Modulo Tarea Compensacion/Comprobante de Pago/input_Estado_LiquidacionNomina")): Object: 'Object Repository/1-OBJECTS TAREAS PRINCIPALES/Modulo Tarea Compensacion/Comprobante de Pago/input_Estado_LiquidacionNomina' is clicked on

2022-06-10 08:55:29 - [MESSAGE][PASSED] - Object: 'Object Repository/1-OBJECTS TAREAS PRINCIPALES/Modulo Tarea Compensacion/Comprobante de Pago/input_Estado_LiquidacionNomina' is clicked on

2022-06-10 08:55:29 - [TEST_STEP][PASSED] - click(findTestObject("1-OBJECTS TAREAS PRINCIPALES/Modulo Tarea Compensacion/Comprobante de Pago/span_Generar Comprobante")): Object: 'Object Repository/1-OBJECTS TAREAS PRINCIPALES/Modulo Tarea Compensacion/Comprobante de Pago/span_Generar Comprobante' is clicked on

2022-06-10 08:55:30 - [MESSAGE][PASSED] - Object: 'Object Repository/1-OBJECTS TAREAS PRINCIPALES/Modulo Tarea Compensacion/Comprobante de Pago/span_Generar Comprobante' is clicked on

2022-06-10 08:55:30 - [TEST_STEP][PASSED] - click(findTestObject("1-OBJECTS TAREAS PRINCIPALES/Modulo Tarea Compensacion/Comprobante de Pago/input_Publicar_formComprobante")): Object: 'Object Repository/1-OBJECTS TAREAS PRINCIPALES/Modulo Tarea Compensacion/Comprobante de Pago/input_Publicar_formComprobante' is clicked on

2022-06-10 08:55:31 - [MESSAGE][PASSED] - Object: 'Object Repository/1-OBJECTS TAREAS PRINCIPALES/Modulo Tarea Compensacion/Comprobante de Pago/input_Publicar_formComprobante' is clicked on

2022-06-10 08:55:31 - [TEST_STEP][PASSED] - waitForElementClickable(findTestObject("1-OBJECTS TAREAS PRINCIPALES/Modulo Tarea Compensacion/Comprobante de Pago/select_-- Seleccione --Comprob"), 0, STOP_ON_FAILURE): Object 'Object Repository/1-OBJECTS TAREAS PRINCIPALES/Modulo Tarea Compensacion/Comprobante de Pago/select_-- Seleccione --Comprob' is clickable

2022-06-10 08:55:31 - [MESSAGE][WARNING] - Timeout '0' is invalid. Using default page load timeout: '37'

2022-06-10 08:55:31 - [MESSAGE][PASSED] - Object 'Object Repository/1-OBJECTS TAREAS PRINCIPALES/Modulo Tarea Compensacion/Comprobante de Pago/select_-- Seleccione --Comprob' is clickable

2022-06-10 08:55:31 - [TEST_STEP][PASSED] - selectOptionByIndex(findTestObject("1-OBJECTS TAREAS PRINCIPALES/Modulo Tarea Compensacion/Comprobante de Pago/select_-- Seleccione --Comprob"), "1", STOP_ON_FAILURE): All options with index in [1] are selected on object 'Object Repository/1-OBJECTS TAREAS PRINCIPALES/Modulo Tarea Compensacion/Comprobante de Pago/select_-- Seleccione --Comprob'

2022-06-10 08:55:32 - [MESSAGE][PASSED] - All options with index in [1] are selected on object 'Object Repository/1-OBJECTS TAREAS PRINCIPALES/Modulo Tarea Compensacion/Comprobante de Pago/select_-- Seleccione --Comprob'

2022-06-10 08:55:32 - [TEST_STEP][PASSED] - click(findTestObject("1-OBJECTS TAREAS PRINCIPALES/Modulo Tarea Compensacion/Comprobante de Pago/a_Generar")): Object: 'Object Repository/1-OBJECTS TAREAS PRINCIPALES/Modulo Tarea Compensacion/Comprobante de Pago/a_Generar' is clicked on

2022-06-10 08:55:33 - [MESSAGE][PASSED] - Object: 'Object Repository/1-OBJECTS TAREAS PRINCIPALES/Modulo Tarea Compensacion/Comprobante de Pago/a_Generar' is clicked on

2022-06-10 08:55:33 - [TEST_STEP][PASSED] - doubleClick(findTestObject("1-OBJECTS TAREAS PRINCIPALES/Modulo Tarea Compensacion/Comprobante de Pago/a_Comprobante")): Object: 'Object Repository/1-OBJECTS TAREAS PRINCIPALES/Modulo Tarea Compensacion/Comprobante de Pago/a_Comprobante' is double clicked on

2022-06-10 08:56:03 - [MESSAGE][PASSED] - Object: 'Object Repository/1-OBJECTS TAREAS PRINCIPALES/Modulo Tarea Compensacion/Comprobante de Pago/a_Comprobante' is double clicked on

2022-06-10 08:56:03 - [TEST_STEP][FAILED] - switchToWindowIndex(1, STOP_ON_FAILURE): Unable to switch to window with index: '1' (Root cause: com.kms.katalon.core.exception.StepFailedException: Unable to switch to window with index: '1'
	at com.kms.katalon.core.webui.keyword.internal.WebUIKeywordMain.stepFailed(WebUIKeywordMain.groovy:64)
	at com.kms.katalon.core.webui.keyword.internal.WebUIKeywordMain.runKeyword(WebUIKeywordMain.groovy:26)
	at com.kms.katalon.core.webui.keyword.builtin.SwitchToWindowIndexKeyword.switchToWindowIndex(SwitchToWindowIndexKeyword.groovy:85)
	at com.kms.katalon.core.webui.keyword.builtin.SwitchToWindowIndexKeyword.execute(SwitchToWindowIndexKeyword.groovy:67)
	at com.kms.katalon.core.keyword.internal.KeywordExecutor.executeKeywordForPlatform(KeywordExecutor.groovy:74)
	at com.kms.katalon.core.webui.keyword.WebUiBuiltInKeywords.switchToWindowIndex(WebUiBuiltInKeywords.groovy:1878)
	at com.kms.katalon.core.webui.keyword.WebUiBuiltInKeywords$switchToWindowIndex$20.call(Unknown Source)
	at 1.3.5-Comprobante de Pago.run(1.3.5-Comprobante de Pago:75)
	at com.kms.katalon.core.main.ScriptEngine.run(ScriptEngine.java:194)
	at com.kms.katalon.core.main.ScriptEngine.runScriptAsRawText(ScriptEngine.java:119)
	at com.kms.katalon.core.main.TestCaseExecutor.runScript(TestCaseExecutor.java:445)
	at com.kms.katalon.core.main.TestCaseExecutor.doExecute(TestCaseExecutor.java:436)
	at com.kms.katalon.core.main.TestCaseExecutor.processExecutionPhase(TestCaseExecutor.java:415)
	at com.kms.katalon.core.main.TestCaseExecutor.accessMainPhase(TestCaseExecutor.java:407)
	at com.kms.katalon.core.main.TestCaseExecutor.execute(TestCaseExecutor.java:284)
	at com.kms.katalon.core.common.CommonExecutor.accessTestCaseMainPhase(CommonExecutor.java:65)
	at com.kms.katalon.core.main.TestSuiteExecutor.accessTestSuiteMainPhase(TestSuiteExecutor.java:144)
	at com.kms.katalon.core.main.TestSuiteExecutor.execute(TestSuiteExecutor.java:106)
	at com.kms.katalon.core.main.TestCaseMain.startTestSuite(TestCaseMain.java:185)
	at com.kms.katalon.core.main.TestCaseMain$startTestSuite$0.call(Unknown Source)
	at TempTestSuite1654867643956.run(TempTestSuite1654867643956.groovy:36)
Caused by: com.kms.katalon.core.exception.StepFailedException: Cannot find window with index: '1'
	at com.kms.katalon.core.webui.keyword.internal.WebUIKeywordMain.stepFailed(WebUIKeywordMain.groovy:64)
	at com.kms.katalon.core.webui.keyword.builtin.SwitchToWindowIndexKeyword$_switchToWindowIndex_closure1.doCall(SwitchToWindowIndexKeyword.groovy:83)
	at com.kms.katalon.core.webui.keyword.builtin.SwitchToWindowIndexKeyword$_switchToWindowIndex_closure1.call(SwitchToWindowIndexKeyword.groovy)
	at com.kms.katalon.core.webui.keyword.internal.WebUIKeywordMain.runKeyword(WebUIKeywordMain.groovy:20)
	... 19 more
)

2022-06-10 08:56:43 - [MESSAGE][FAILED] - Cannot find window with index: '1' (Root cause: com.kms.katalon.core.exception.StepFailedException: Cannot find window with index: '1'
	at com.kms.katalon.core.webui.keyword.internal.WebUIKeywordMain.stepFailed(WebUIKeywordMain.groovy:64)
	at com.kms.katalon.core.webui.keyword.builtin.SwitchToWindowIndexKeyword$_switchToWindowIndex_closure1.doCall(SwitchToWindowIndexKeyword.groovy:83)
	at com.kms.katalon.core.webui.keyword.builtin.SwitchToWindowIndexKeyword$_switchToWindowIndex_closure1.call(SwitchToWindowIndexKeyword.groovy)
	at com.kms.katalon.core.webui.keyword.internal.WebUIKeywordMain.runKeyword(WebUIKeywordMain.groovy:20)
	at com.kms.katalon.core.webui.keyword.builtin.SwitchToWindowIndexKeyword.switchToWindowIndex(SwitchToWindowIndexKeyword.groovy:85)
	at com.kms.katalon.core.webui.keyword.builtin.SwitchToWindowIndexKeyword.execute(SwitchToWindowIndexKeyword.groovy:67)
	at com.kms.katalon.core.keyword.internal.KeywordExecutor.executeKeywordForPlatform(KeywordExecutor.groovy:74)
	at com.kms.katalon.core.webui.keyword.WebUiBuiltInKeywords.switchToWindowIndex(WebUiBuiltInKeywords.groovy:1878)
	at com.kms.katalon.core.webui.keyword.WebUiBuiltInKeywords$switchToWindowIndex$20.call(Unknown Source)
	at 1.3.5-Comprobante de Pago.run(1.3.5-Comprobante de Pago:75)
	at com.kms.katalon.core.main.ScriptEngine.run(ScriptEngine.java:194)
	at com.kms.katalon.core.main.ScriptEngine.runScriptAsRawText(ScriptEngine.java:119)
	at com.kms.katalon.core.main.TestCaseExecutor.runScript(TestCaseExecutor.java:445)
	at com.kms.katalon.core.main.TestCaseExecutor.doExecute(TestCaseExecutor.java:436)
	at com.kms.katalon.core.main.TestCaseExecutor.processExecutionPhase(TestCaseExecutor.java:415)
	at com.kms.katalon.core.main.TestCaseExecutor.accessMainPhase(TestCaseExecutor.java:407)
	at com.kms.katalon.core.main.TestCaseExecutor.execute(TestCaseExecutor.java:284)
	at com.kms.katalon.core.common.CommonExecutor.accessTestCaseMainPhase(CommonExecutor.java:65)
	at com.kms.katalon.core.main.TestSuiteExecutor.accessTestSuiteMainPhase(TestSuiteExecutor.java:144)
	at com.kms.katalon.core.main.TestSuiteExecutor.execute(TestSuiteExecutor.java:106)
	at com.kms.katalon.core.main.TestCaseMain.startTestSuite(TestCaseMain.java:185)
	at com.kms.katalon.core.main.TestCaseMain$startTestSuite$0.call(Unknown Source)
	at TempTestSuite1654867643956.run(TempTestSuite1654867643956.groovy:36)
)
[[ATTACHMENT|C:\\Users\\diego.rojas\\git\\Pruebas-Minimas\\Reports\\20220610_082723\\Test_Suite_Principales\\1-Tareas Principales\\20220610_082723\\1654869403729.png]]

2022-06-10 08:56:44 - [MESSAGE][FAILED] - Unable to switch to window with index: '1' (Root cause: com.kms.katalon.core.exception.StepFailedException: Unable to switch to window with index: '1'
	at com.kms.katalon.core.webui.keyword.internal.WebUIKeywordMain.stepFailed(WebUIKeywordMain.groovy:64)
	at com.kms.katalon.core.webui.keyword.internal.WebUIKeywordMain.runKeyword(WebUIKeywordMain.groovy:26)
	at com.kms.katalon.core.webui.keyword.builtin.SwitchToWindowIndexKeyword.switchToWindowIndex(SwitchToWindowIndexKeyword.groovy:85)
	at com.kms.katalon.core.webui.keyword.builtin.SwitchToWindowIndexKeyword.execute(SwitchToWindowIndexKeyword.groovy:67)
	at com.kms.katalon.core.keyword.internal.KeywordExecutor.executeKeywordForPlatform(KeywordExecutor.groovy:74)
	at com.kms.katalon.core.webui.keyword.WebUiBuiltInKeywords.switchToWindowIndex(WebUiBuiltInKeywords.groovy:1878)
	at com.kms.katalon.core.webui.keyword.WebUiBuiltInKeywords$switchToWindowIndex$20.call(Unknown Source)
	at 1.3.5-Comprobante de Pago.run(1.3.5-Comprobante de Pago:75)
	at com.kms.katalon.core.main.ScriptEngine.run(ScriptEngine.java:194)
	at com.kms.katalon.core.main.ScriptEngine.runScriptAsRawText(ScriptEngine.java:119)
	at com.kms.katalon.core.main.TestCaseExecutor.runScript(TestCaseExecutor.java:445)
	at com.kms.katalon.core.main.TestCaseExecutor.doExecute(TestCaseExecutor.java:436)
	at com.kms.katalon.core.main.TestCaseExecutor.processExecutionPhase(TestCaseExecutor.java:415)
	at com.kms.katalon.core.main.TestCaseExecutor.accessMainPhase(TestCaseExecutor.java:407)
	at com.kms.katalon.core.main.TestCaseExecutor.execute(TestCaseExecutor.java:284)
	at com.kms.katalon.core.common.CommonExecutor.accessTestCaseMainPhase(CommonExecutor.java:65)
	at com.kms.katalon.core.main.TestSuiteExecutor.accessTestSuiteMainPhase(TestSuiteExecutor.java:144)
	at com.kms.katalon.core.main.TestSuiteExecutor.execute(TestSuiteExecutor.java:106)
	at com.kms.katalon.core.main.TestCaseMain.startTestSuite(TestCaseMain.java:185)
	at com.kms.katalon.core.main.TestCaseMain$startTestSuite$0.call(Unknown Source)
	at TempTestSuite1654867643956.run(TempTestSuite1654867643956.groovy:36)
Caused by: com.kms.katalon.core.exception.StepFailedException: Cannot find window with index: '1'
	at com.kms.katalon.core.webui.keyword.internal.WebUIKeywordMain.stepFailed(WebUIKeywordMain.groovy:64)
	at com.kms.katalon.core.webui.keyword.builtin.SwitchToWindowIndexKeyword$_switchToWindowIndex_closure1.doCall(SwitchToWindowIndexKeyword.groovy:83)
	at com.kms.katalon.core.webui.keyword.builtin.SwitchToWindowIndexKeyword$_switchToWindowIndex_closure1.call(SwitchToWindowIndexKeyword.groovy)
	at com.kms.katalon.core.webui.keyword.internal.WebUIKeywordMain.runKeyword(WebUIKeywordMain.groovy:20)
	... 19 more
)
[[ATTACHMENT|C:\\Users\\diego.rojas\\git\\Pruebas-Minimas\\Reports\\20220610_082723\\Test_Suite_Principales\\1-Tareas Principales\\20220610_082723\\1654869403912.png]]]]></system-out>
         <system-err><![CDATA[2022-06-10 08:55:09 - [TEST_CASE][FAILED] - Test Cases/1.1-Tareas Principales/1.3.5-Comprobante de Pago: Test Cases/1.1-Tareas Principales/1.3.5-Comprobante de Pago FAILED.
Reason:
com.kms.katalon.core.exception.StepFailedException: Unable to switch to window with index: '1'
	at com.kms.katalon.core.webui.keyword.internal.WebUIKeywordMain.stepFailed(WebUIKeywordMain.groovy:64)
	at com.kms.katalon.core.webui.keyword.internal.WebUIKeywordMain.runKeyword(WebUIKeywordMain.groovy:26)
	at com.kms.katalon.core.webui.keyword.builtin.SwitchToWindowIndexKeyword.switchToWindowIndex(SwitchToWindowIndexKeyword.groovy:85)
	at com.kms.katalon.core.webui.keyword.builtin.SwitchToWindowIndexKeyword.execute(SwitchToWindowIndexKeyword.groovy:67)
	at com.kms.katalon.core.keyword.internal.KeywordExecutor.executeKeywordForPlatform(KeywordExecutor.groovy:74)
	at com.kms.katalon.core.webui.keyword.WebUiBuiltInKeywords.switchToWindowIndex(WebUiBuiltInKeywords.groovy:1878)
	at com.kms.katalon.core.webui.keyword.WebUiBuiltInKeywords$switchToWindowIndex$20.call(Unknown Source)
	at 1.3.5-Comprobante de Pago.run(1.3.5-Comprobante de Pago:75)
	at com.kms.katalon.core.main.ScriptEngine.run(ScriptEngine.java:194)
	at com.kms.katalon.core.main.ScriptEngine.runScriptAsRawText(ScriptEngine.java:119)
	at com.kms.katalon.core.main.TestCaseExecutor.runScript(TestCaseExecutor.java:445)
	at com.kms.katalon.core.main.TestCaseExecutor.doExecute(TestCaseExecutor.java:436)
	at com.kms.katalon.core.main.TestCaseExecutor.processExecutionPhase(TestCaseExecutor.java:415)
	at com.kms.katalon.core.main.TestCaseExecutor.accessMainPhase(TestCaseExecutor.java:407)
	at com.kms.katalon.core.main.TestCaseExecutor.execute(TestCaseExecutor.java:284)
	at com.kms.katalon.core.common.CommonExecutor.accessTestCaseMainPhase(CommonExecutor.java:65)
	at com.kms.katalon.core.main.TestSuiteExecutor.accessTestSuiteMainPhase(TestSuiteExecutor.java:144)
	at com.kms.katalon.core.main.TestSuiteExecutor.execute(TestSuiteExecutor.java:106)
	at com.kms.katalon.core.main.TestCaseMain.startTestSuite(TestCaseMain.java:185)
	at com.kms.katalon.core.main.TestCaseMain$startTestSuite$0.call(Unknown Source)
	at TempTestSuite1654867643956.run(TempTestSuite1654867643956.groovy:36)
Caused by: com.kms.katalon.core.exception.StepFailedException: Cannot find window with index: '1'
	at com.kms.katalon.core.webui.keyword.internal.WebUIKeywordMain.stepFailed(WebUIKeywordMain.groovy:64)
	at com.kms.katalon.core.webui.keyword.builtin.SwitchToWindowIndexKeyword$_switchToWindowIndex_closure1.doCall(SwitchToWindowIndexKeyword.groovy:83)
	at com.kms.katalon.core.webui.keyword.builtin.SwitchToWindowIndexKeyword$_switchToWindowIndex_closure1.call(SwitchToWindowIndexKeyword.groovy)
	at com.kms.katalon.core.webui.keyword.internal.WebUIKeywordMain.runKeyword(WebUIKeywordMain.groovy:20)
	... 19 more]]></system-err>
      </testcase>
      <testcase name="Test Cases/1.1-Tareas Principales/1.3.6-Reversar Nomina" time="57.771" classname="Test Cases/1.1-Tareas Principales/1.3.6-Reversar Nomina" status="FAILED">
         <failure type="FAILED" message="Test Cases/1.1-Tareas Principales/1.3.6-Reversar Nomina FAILED.
Reason:
com.kms.katalon.core.exception.StepFailedException: Unable to get text of object 'Object Repository/3-OBJECTS UTILIDADES/Alerta/Alerta'
	at com.kms.katalon.core.webui.keyword.internal.WebUIKeywordMain.stepFailed(WebUIKeywordMain.groovy:64)
	at com.kms.katalon.core.webui.keyword.internal.WebUIKeywordMain.runKeyword(WebUIKeywordMain.groovy:26)
	at com.kms.katalon.core.webui.keyword.builtin.GetTextKeyword.getText(GetTextKeyword.groovy:88)
	at com.kms.katalon.core.webui.keyword.builtin.GetTextKeyword.execute(GetTextKeyword.groovy:67)
	at com.kms.katalon.core.keyword.internal.KeywordExecutor.executeKeywordForPlatform(KeywordExecutor.groovy:74)
	at com.kms.katalon.core.webui.keyword.WebUiBuiltInKeywords.getText(WebUiBuiltInKeywords.groovy:918)
	at com.kms.katalon.core.webui.keyword.WebUiBuiltInKeywords$getText$13.call(Unknown Source)
	at 1.3.6-Reversar Nomina.run(1.3.6-Reversar Nomina:59)
	at com.kms.katalon.core.main.ScriptEngine.run(ScriptEngine.java:194)
	at com.kms.katalon.core.main.ScriptEngine.runScriptAsRawText(ScriptEngine.java:119)
	at com.kms.katalon.core.main.TestCaseExecutor.runScript(TestCaseExecutor.java:445)
	at com.kms.katalon.core.main.TestCaseExecutor.doExecute(TestCaseExecutor.java:436)
	at com.kms.katalon.core.main.TestCaseExecutor.processExecutionPhase(TestCaseExecutor.java:415)
	at com.kms.katalon.core.main.TestCaseExecutor.accessMainPhase(TestCaseExecutor.java:407)
	at com.kms.katalon.core.main.TestCaseExecutor.execute(TestCaseExecutor.java:284)
	at com.kms.katalon.core.common.CommonExecutor.accessTestCaseMainPhase(CommonExecutor.java:65)
	at com.kms.katalon.core.main.TestSuiteExecutor.accessTestSuiteMainPhase(TestSuiteExecutor.java:144)
	at com.kms.katalon.core.main.TestSuiteExecutor.execute(TestSuiteExecutor.java:106)
	at com.kms.katalon.core.main.TestCaseMain.startTestSuite(TestCaseMain.java:185)
	at com.kms.katalon.core.main.TestCaseMain$startTestSuite$0.call(Unknown Source)
	at TempTestSuite1654867643956.run(TempTestSuite1654867643956.groovy:36)
Caused by: com.kms.katalon.core.webui.exception.WebElementNotFoundException: Web element with id: 'Object Repository/3-OBJECTS UTILIDADES/Alerta/Alerta' located by '//div[@id='growl_container']/div/div/div[2]/p' not found
	at com.kms.katalon.core.webui.common.WebUiCommonHelper.findWebElement(WebUiCommonHelper.java:1370)
	at com.kms.katalon.core.webui.keyword.internal.WebUIAbstractKeyword.findWebElement(WebUIAbstractKeyword.groovy:27)
	at com.kms.katalon.core.webui.keyword.internal.WebUIAbstractKeyword.findWebElement(WebUIAbstractKeyword.groovy:26)
	at com.kms.katalon.core.webui.keyword.builtin.GetTextKeyword$_getText_closure1.doCall(GetTextKeyword.groovy:78)
	at com.kms.katalon.core.webui.keyword.builtin.GetTextKeyword$_getText_closure1.call(GetTextKeyword.groovy)
	at com.kms.katalon.core.webui.keyword.internal.WebUIKeywordMain.runKeyword(WebUIKeywordMain.groovy:20)
	... 19 more
"/>
         <system-out><![CDATA[2022-06-10 08:56:44 - [TEST_CASE][FAILED] - Test Cases/1.1-Tareas Principales/1.3.6-Reversar Nomina: Test Cases/1.1-Tareas Principales/1.3.6-Reversar Nomina FAILED.
Reason:
com.kms.katalon.core.exception.StepFailedException: Unable to get text of object 'Object Repository/3-OBJECTS UTILIDADES/Alerta/Alerta'
	at com.kms.katalon.core.webui.keyword.internal.WebUIKeywordMain.stepFailed(WebUIKeywordMain.groovy:64)
	at com.kms.katalon.core.webui.keyword.internal.WebUIKeywordMain.runKeyword(WebUIKeywordMain.groovy:26)
	at com.kms.katalon.core.webui.keyword.builtin.GetTextKeyword.getText(GetTextKeyword.groovy:88)
	at com.kms.katalon.core.webui.keyword.builtin.GetTextKeyword.execute(GetTextKeyword.groovy:67)
	at com.kms.katalon.core.keyword.internal.KeywordExecutor.executeKeywordForPlatform(KeywordExecutor.groovy:74)
	at com.kms.katalon.core.webui.keyword.WebUiBuiltInKeywords.getText(WebUiBuiltInKeywords.groovy:918)
	at com.kms.katalon.core.webui.keyword.WebUiBuiltInKeywords$getText$13.call(Unknown Source)
	at 1.3.6-Reversar Nomina.run(1.3.6-Reversar Nomina:59)
	at com.kms.katalon.core.main.ScriptEngine.run(ScriptEngine.java:194)
	at com.kms.katalon.core.main.ScriptEngine.runScriptAsRawText(ScriptEngine.java:119)
	at com.kms.katalon.core.main.TestCaseExecutor.runScript(TestCaseExecutor.java:445)
	at com.kms.katalon.core.main.TestCaseExecutor.doExecute(TestCaseExecutor.java:436)
	at com.kms.katalon.core.main.TestCaseExecutor.processExecutionPhase(TestCaseExecutor.java:415)
	at com.kms.katalon.core.main.TestCaseExecutor.accessMainPhase(TestCaseExecutor.java:407)
	at com.kms.katalon.core.main.TestCaseExecutor.execute(TestCaseExecutor.java:284)
	at com.kms.katalon.core.common.CommonExecutor.accessTestCaseMainPhase(CommonExecutor.java:65)
	at com.kms.katalon.core.main.TestSuiteExecutor.accessTestSuiteMainPhase(TestSuiteExecutor.java:144)
	at com.kms.katalon.core.main.TestSuiteExecutor.execute(TestSuiteExecutor.java:106)
	at com.kms.katalon.core.main.TestCaseMain.startTestSuite(TestCaseMain.java:185)
	at com.kms.katalon.core.main.TestCaseMain$startTestSuite$0.call(Unknown Source)
	at TempTestSuite1654867643956.run(TempTestSuite1654867643956.groovy:36)
Caused by: com.kms.katalon.core.webui.exception.WebElementNotFoundException: Web element with id: 'Object Repository/3-OBJECTS UTILIDADES/Alerta/Alerta' located by '//div[@id='growl_container']/div/div/div[2]/p' not found
	at com.kms.katalon.core.webui.common.WebUiCommonHelper.findWebElement(WebUiCommonHelper.java:1370)
	at com.kms.katalon.core.webui.keyword.internal.WebUIAbstractKeyword.findWebElement(WebUIAbstractKeyword.groovy:27)
	at com.kms.katalon.core.webui.keyword.internal.WebUIAbstractKeyword.findWebElement(WebUIAbstractKeyword.groovy:26)
	at com.kms.katalon.core.webui.keyword.builtin.GetTextKeyword$_getText_closure1.doCall(GetTextKeyword.groovy:78)
	at com.kms.katalon.core.webui.keyword.builtin.GetTextKeyword$_getText_closure1.call(GetTextKeyword.groovy)
	at com.kms.katalon.core.webui.keyword.internal.WebUIKeywordMain.runKeyword(WebUIKeywordMain.groovy:20)
	... 19 more


2022-06-10 08:56:44 - [TEST_STEP][PASSED] - callTestCase(findTestCase("Utilidades-(atajos_para _tareas)/Tareas Administracion Compensacion/Tarea Liquidacion Nomina"), [:], STOP_ON_FAILURE): Call Test Case 'Test Cases/Utilidades-(atajos_para _tareas)/Tareas Administracion Compensacion/Tarea Liquidacion Nomina' successfully

2022-06-10 08:56:44 - [TEST_CASE][PASSED] - Test Cases/Utilidades-(atajos_para _tareas)/Tareas Administracion Compensacion/Tarea Liquidacion Nomina: Test Cases/Utilidades-(atajos_para _tareas)/Tareas Administracion Compensacion/Tarea Liquidacion Nomina

2022-06-10 08:56:44 - [TEST_STEP][PASSED] - callTestCase(findTestCase("0.1-Login"), [:], STOP_ON_FAILURE): Call Test Case 'Test Cases/0.1-Login' successfully

2022-06-10 08:56:44 - [TEST_CASE][PASSED] - Test Cases/0.1-Login: Test Cases/0.1-Login

2022-06-10 08:56:44 - [TEST_STEP][PASSED] - openBrowser(""): Browser is opened with url: ''

2022-06-10 08:56:44 - [MESSAGE][WARNING] - A browser is already opened. Closing browser and opening a new one

2022-06-10 08:56:45 - [MESSAGE][INFO] - Starting 'Chrome' driver

2022-06-10 08:56:45 - [MESSAGE][INFO] - Action delay is set to 0 milliseconds

2022-06-10 08:56:46 - [MESSAGE][PASSED] - Browser is opened with url: ''

2022-06-10 08:56:46 - [TEST_STEP][PASSED] - maximizeWindow(): Current window maximized

2022-06-10 08:56:46 - [MESSAGE][PASSED] - Current window maximized

2022-06-10 08:56:46 - [TEST_STEP][PASSED] - i = G_Login: null

2022-06-10 08:56:46 - [TEST_STEP][PASSED] - url = new java.net.URL(i): null

2022-06-10 08:56:46 - [TEST_STEP][PASSED] - println("URL: " + url.toString()): null

2022-06-10 08:56:46 - [TEST_STEP][PASSED] - connection = url.openConnection(): null

2022-06-10 08:56:46 - [TEST_STEP][PASSED] - connection.setRequestMethod("GET"): null

2022-06-10 08:56:46 - [TEST_STEP][PASSED] - connection.setReadTimeout(2 * 1000): null

2022-06-10 08:56:46 - [TEST_STEP][PASSED] - try: null

2022-06-10 08:56:46 - [TEST_STEP][PASSED] - connection.connect(): null

2022-06-10 08:56:46 - [TEST_STEP][PASSED] - flag = connected: null

2022-06-10 08:56:46 - [TEST_STEP][PASSED] - println("Valor_ori: " + flag): null

2022-06-10 08:56:46 - [TEST_STEP][PASSED] - if (flag): null

2022-06-10 08:56:46 - [TEST_STEP][PASSED] - navigateToUrl(i): Navigate to 'http://192.168.2.19:8380/saraweb' successfully

2022-06-10 08:56:47 - [MESSAGE][PASSED] - Navigate to 'http://192.168.2.19:8380/saraweb' successfully

2022-06-10 08:56:47 - [TEST_STEP][PASSED] - a(): null

2022-06-10 08:56:47 - [TEST_STEP][PASSED] - setText(findTestObject("3-OBJECTS UTILIDADES/Login/input_USUARIO_loginusuario"), G_Usuario): Text 'saraadmin' is set on object 'Object Repository/3-OBJECTS UTILIDADES/Login/input_USUARIO_loginusuario'

2022-06-10 08:56:47 - [MESSAGE][PASSED] - Text 'saraadmin' is set on object 'Object Repository/3-OBJECTS UTILIDADES/Login/input_USUARIO_loginusuario'

2022-06-10 08:56:47 - [TEST_STEP][PASSED] - setEncryptedText(findTestObject("3-OBJECTS UTILIDADES/Login/input_CLAVE_loginpassword"), "MkG4/TYiCFC3cb2driP7+Q=="): Text ****** has been set on object 'Object Repository/3-OBJECTS UTILIDADES/Login/input_CLAVE_loginpassword'

2022-06-10 08:56:48 - [MESSAGE][PASSED] - Text ****** has been set on object 'Object Repository/3-OBJECTS UTILIDADES/Login/input_CLAVE_loginpassword'

2022-06-10 08:56:48 - [TEST_STEP][PASSED] - waitForElementClickable(findTestObject("3-OBJECTS UTILIDADES/Login/a_Ingresar"), G_TimeOut): Object 'Object Repository/3-OBJECTS UTILIDADES/Login/a_Ingresar' is clickable

2022-06-10 08:56:48 - [MESSAGE][PASSED] - Object 'Object Repository/3-OBJECTS UTILIDADES/Login/a_Ingresar' is clickable

2022-06-10 08:56:48 - [TEST_STEP][PASSED] - click(findTestObject("3-OBJECTS UTILIDADES/Login/a_Ingresar")): Object: 'Object Repository/3-OBJECTS UTILIDADES/Login/a_Ingresar' is clicked on

2022-06-10 08:56:50 - [MESSAGE][PASSED] - Object: 'Object Repository/3-OBJECTS UTILIDADES/Login/a_Ingresar' is clicked on

2022-06-10 08:56:50 - [TEST_STEP][PASSED] - element = findWebElement(findTestObject("3-OBJECTS UTILIDADES/Login/a_Ir"), 30): null

2022-06-10 08:56:50 - [TEST_STEP][PASSED] - executeJavaScript("arguments[0].click()", Arrays.asList(element)): Execute JavaScript 'arguments[0].click()' successfully

2022-06-10 08:56:50 - [MESSAGE][PASSED] - Execute JavaScript 'arguments[0].click()' successfully

2022-06-10 08:56:50 - [MESSAGE][PASSED] - Call Test Case 'Test Cases/0.1-Login' successfully

2022-06-10 08:56:50 - [TEST_STEP][PASSED] - setText(findTestObject("1-OBJECTS TAREAS PRINCIPALES/Modulo Tarea Compensacion/Tarea Liquidacion Nomina/input_Listado de Empleados_"), "Liquidacion Nomina"): Text 'Liquidacion Nomina' is set on object 'Object Repository/1-OBJECTS TAREAS PRINCIPALES/Modulo Tarea Compensacion/Tarea Liquidacion Nomina/input_Listado de Empleados_'

2022-06-10 08:56:51 - [MESSAGE][PASSED] - Text 'Liquidacion Nomina' is set on object 'Object Repository/1-OBJECTS TAREAS PRINCIPALES/Modulo Tarea Compensacion/Tarea Liquidacion Nomina/input_Listado de Empleados_'

2022-06-10 08:56:51 - [TEST_STEP][PASSED] - waitForElementVisible(findTestObject("1-OBJECTS TAREAS PRINCIPALES/Modulo Tarea Compensacion/Tarea Liquidacion Nomina/span_Liquidacion Nomina"), 0): Object 'Object Repository/1-OBJECTS TAREAS PRINCIPALES/Modulo Tarea Compensacion/Tarea Liquidacion Nomina/span_Liquidacion Nomina' is visible

2022-06-10 08:56:51 - [MESSAGE][WARNING] - Timeout '0' is invalid. Using default page load timeout: '37'

2022-06-10 08:56:52 - [MESSAGE][PASSED] - Object 'Object Repository/1-OBJECTS TAREAS PRINCIPALES/Modulo Tarea Compensacion/Tarea Liquidacion Nomina/span_Liquidacion Nomina' is visible

2022-06-10 08:56:52 - [TEST_STEP][PASSED] - click(findTestObject("1-OBJECTS TAREAS PRINCIPALES/Modulo Tarea Compensacion/Tarea Liquidacion Nomina/span_Liquidacion Nomina")): Object: 'Object Repository/1-OBJECTS TAREAS PRINCIPALES/Modulo Tarea Compensacion/Tarea Liquidacion Nomina/span_Liquidacion Nomina' is clicked on

2022-06-10 08:56:53 - [MESSAGE][PASSED] - Object: 'Object Repository/1-OBJECTS TAREAS PRINCIPALES/Modulo Tarea Compensacion/Tarea Liquidacion Nomina/span_Liquidacion Nomina' is clicked on

2022-06-10 08:56:53 - [MESSAGE][PASSED] - Call Test Case 'Test Cases/Utilidades-(atajos_para _tareas)/Tareas Administracion Compensacion/Tarea Liquidacion Nomina' successfully

2022-06-10 08:56:53 - [TEST_STEP][PASSED] - waitForElementClickable(findTestObject("1-OBJECTS TAREAS PRINCIPALES/Modulo Tarea Compensacion/Comprobante de Pago/a_Periodo Nomina_LiquidacionNominaj_idt63"), 0): Object 'Object Repository/1-OBJECTS TAREAS PRINCIPALES/Modulo Tarea Compensacion/Comprobante de Pago/a_Periodo Nomina_LiquidacionNominaj_idt63' is clickable

2022-06-10 08:56:53 - [MESSAGE][WARNING] - Timeout '0' is invalid. Using default page load timeout: '37'

2022-06-10 08:56:54 - [MESSAGE][PASSED] - Object 'Object Repository/1-OBJECTS TAREAS PRINCIPALES/Modulo Tarea Compensacion/Comprobante de Pago/a_Periodo Nomina_LiquidacionNominaj_idt63' is clickable

2022-06-10 08:56:54 - [TEST_STEP][PASSED] - click(findTestObject("1-OBJECTS TAREAS PRINCIPALES/Modulo Tarea Compensacion/Comprobante de Pago/a_Periodo Nomina_LiquidacionNominaj_idt63")): Object: 'Object Repository/1-OBJECTS TAREAS PRINCIPALES/Modulo Tarea Compensacion/Comprobante de Pago/a_Periodo Nomina_LiquidacionNominaj_idt63' is clicked on

2022-06-10 08:56:54 - [MESSAGE][PASSED] - Object: 'Object Repository/1-OBJECTS TAREAS PRINCIPALES/Modulo Tarea Compensacion/Comprobante de Pago/a_Periodo Nomina_LiquidacionNominaj_idt63' is clicked on

2022-06-10 08:56:54 - [TEST_STEP][PASSED] - waitForElementClickable(findTestObject("1-OBJECTS TAREAS PRINCIPALES/Modulo Tarea Compensacion/Comprobante de Pago/select_--  Seleccione  --Periodo CerradoPeriodo en Proceso"), G_TimeOut): Object 'Object Repository/1-OBJECTS TAREAS PRINCIPALES/Modulo Tarea Compensacion/Comprobante de Pago/select_--  Seleccione  --Periodo CerradoPeriodo en Proceso' is clickable

2022-06-10 08:56:55 - [MESSAGE][PASSED] - Object 'Object Repository/1-OBJECTS TAREAS PRINCIPALES/Modulo Tarea Compensacion/Comprobante de Pago/select_--  Seleccione  --Periodo CerradoPeriodo en Proceso' is clickable

2022-06-10 08:56:55 - [TEST_STEP][PASSED] - click(findTestObject("1-OBJECTS TAREAS PRINCIPALES/Modulo Tarea Compensacion/Comprobante de Pago/select_--  Seleccione  --Periodo CerradoPeriodo en Proceso")): Object: 'Object Repository/1-OBJECTS TAREAS PRINCIPALES/Modulo Tarea Compensacion/Comprobante de Pago/select_--  Seleccione  --Periodo CerradoPeriodo en Proceso' is clicked on

2022-06-10 08:56:55 - [MESSAGE][PASSED] - Object: 'Object Repository/1-OBJECTS TAREAS PRINCIPALES/Modulo Tarea Compensacion/Comprobante de Pago/select_--  Seleccione  --Periodo CerradoPeriodo en Proceso' is clicked on

2022-06-10 08:56:55 - [TEST_STEP][PASSED] - selectOptionByIndex(findTestObject("1-OBJECTS TAREAS PRINCIPALES/Modulo Tarea Compensacion/Comprobante de Pago/select_--  Seleccione  --Periodo CerradoPeriodo en Proceso"), 2): All options with index in [2] are selected on object 'Object Repository/1-OBJECTS TAREAS PRINCIPALES/Modulo Tarea Compensacion/Comprobante de Pago/select_--  Seleccione  --Periodo CerradoPeriodo en Proceso'

2022-06-10 08:56:56 - [MESSAGE][PASSED] - All options with index in [2] are selected on object 'Object Repository/1-OBJECTS TAREAS PRINCIPALES/Modulo Tarea Compensacion/Comprobante de Pago/select_--  Seleccione  --Periodo CerradoPeriodo en Proceso'

2022-06-10 08:56:56 - [TEST_STEP][PASSED] - click(findTestObject("1-OBJECTS TAREAS PRINCIPALES/Modulo Tarea Compensacion/Reversar Nomina/span_P. MensualJunio2021")): Object: 'Object Repository/1-OBJECTS TAREAS PRINCIPALES/Modulo Tarea Compensacion/Reversar Nomina/span_P. MensualJunio2021' is clicked on

2022-06-10 08:56:57 - [MESSAGE][PASSED] - Object: 'Object Repository/1-OBJECTS TAREAS PRINCIPALES/Modulo Tarea Compensacion/Reversar Nomina/span_P. MensualJunio2021' is clicked on

2022-06-10 08:56:57 - [TEST_STEP][PASSED] - click(findTestObject("1-OBJECTS TAREAS PRINCIPALES/Modulo Tarea Compensacion/Reversar Nomina/input_Contrato_LiquidacionNominaj_idt124")): Object: 'Object Repository/1-OBJECTS TAREAS PRINCIPALES/Modulo Tarea Compensacion/Reversar Nomina/input_Contrato_LiquidacionNominaj_idt124' is clicked on

2022-06-10 08:56:58 - [MESSAGE][PASSED] - Object: 'Object Repository/1-OBJECTS TAREAS PRINCIPALES/Modulo Tarea Compensacion/Reversar Nomina/input_Contrato_LiquidacionNominaj_idt124' is clicked on

2022-06-10 08:56:58 - [TEST_STEP][PASSED] - setText(findTestObject("1-OBJECTS TAREAS PRINCIPALES/Modulo Tarea Compensacion/Reversar Nomina/input_Contrato_LiquidacionNominaj_idt124"), "1234567890"): Text '1234567890' is set on object 'Object Repository/1-OBJECTS TAREAS PRINCIPALES/Modulo Tarea Compensacion/Reversar Nomina/input_Contrato_LiquidacionNominaj_idt124'

2022-06-10 08:56:59 - [MESSAGE][PASSED] - Text '1234567890' is set on object 'Object Repository/1-OBJECTS TAREAS PRINCIPALES/Modulo Tarea Compensacion/Reversar Nomina/input_Contrato_LiquidacionNominaj_idt124'

2022-06-10 08:56:59 - [TEST_STEP][PASSED] - sendKeys(findTestObject("1-OBJECTS TAREAS PRINCIPALES/Modulo Tarea Compensacion/Reversar Nomina/input_Contrato_LiquidacionNominaj_idt124"), Keys.chord(ENTER)): Keys 'ENTER + ' sent to object: 'Object Repository/1-OBJECTS TAREAS PRINCIPALES/Modulo Tarea Compensacion/Reversar Nomina/input_Contrato_LiquidacionNominaj_idt124'

2022-06-10 08:56:59 - [MESSAGE][PASSED] - Keys 'ENTER + ' sent to object: 'Object Repository/1-OBJECTS TAREAS PRINCIPALES/Modulo Tarea Compensacion/Reversar Nomina/input_Contrato_LiquidacionNominaj_idt124'

2022-06-10 08:56:59 - [TEST_STEP][PASSED] - waitForElementClickable(findTestObject("1-OBJECTS TAREAS PRINCIPALES/Modulo Tarea Compensacion/Reversar Nomina/td_Gomez  Jose"), 0): Object 'Object Repository/1-OBJECTS TAREAS PRINCIPALES/Modulo Tarea Compensacion/Reversar Nomina/td_Gomez  Jose' is clickable

2022-06-10 08:56:59 - [MESSAGE][WARNING] - Timeout '0' is invalid. Using default page load timeout: '37'

2022-06-10 08:57:00 - [MESSAGE][PASSED] - Object 'Object Repository/1-OBJECTS TAREAS PRINCIPALES/Modulo Tarea Compensacion/Reversar Nomina/td_Gomez  Jose' is clickable

2022-06-10 08:57:00 - [TEST_STEP][PASSED] - click(findTestObject("1-OBJECTS TAREAS PRINCIPALES/Modulo Tarea Compensacion/Reversar Nomina/td_Gomez  Jose")): Object: 'Object Repository/1-OBJECTS TAREAS PRINCIPALES/Modulo Tarea Compensacion/Reversar Nomina/td_Gomez  Jose' is clicked on

2022-06-10 08:57:01 - [MESSAGE][PASSED] - Object: 'Object Repository/1-OBJECTS TAREAS PRINCIPALES/Modulo Tarea Compensacion/Reversar Nomina/td_Gomez  Jose' is clicked on

2022-06-10 08:57:01 - [TEST_STEP][PASSED] - waitForElementClickable(findTestObject("1-OBJECTS TAREAS PRINCIPALES/Modulo Tarea Compensacion/Reversar Nomina/a_Concepto_Reversar"), 0): Object 'Object Repository/1-OBJECTS TAREAS PRINCIPALES/Modulo Tarea Compensacion/Reversar Nomina/a_Concepto_Reversar' is clickable

2022-06-10 08:57:01 - [MESSAGE][WARNING] - Timeout '0' is invalid. Using default page load timeout: '37'

2022-06-10 08:57:01 - [MESSAGE][PASSED] - Object 'Object Repository/1-OBJECTS TAREAS PRINCIPALES/Modulo Tarea Compensacion/Reversar Nomina/a_Concepto_Reversar' is clickable

2022-06-10 08:57:01 - [TEST_STEP][PASSED] - click(findTestObject("1-OBJECTS TAREAS PRINCIPALES/Modulo Tarea Compensacion/Reversar Nomina/a_Concepto_Reversar")): Object: 'Object Repository/1-OBJECTS TAREAS PRINCIPALES/Modulo Tarea Compensacion/Reversar Nomina/a_Concepto_Reversar' is clicked on

2022-06-10 08:57:02 - [MESSAGE][PASSED] - Object: 'Object Repository/1-OBJECTS TAREAS PRINCIPALES/Modulo Tarea Compensacion/Reversar Nomina/a_Concepto_Reversar' is clicked on

2022-06-10 08:57:02 - [TEST_STEP][PASSED] - click(findTestObject("1-OBJECTS TAREAS PRINCIPALES/Modulo Tarea Compensacion/Reversar Nomina/a_Reversar_Nomina")): Object: 'Object Repository/1-OBJECTS TAREAS PRINCIPALES/Modulo Tarea Compensacion/Reversar Nomina/a_Reversar_Nomina' is clicked on

2022-06-10 08:57:03 - [MESSAGE][PASSED] - Object: 'Object Repository/1-OBJECTS TAREAS PRINCIPALES/Modulo Tarea Compensacion/Reversar Nomina/a_Reversar_Nomina' is clicked on

2022-06-10 08:57:03 - [TEST_STEP][PASSED] - click(findTestObject("1-OBJECTS TAREAS PRINCIPALES/Modulo Tarea Compensacion/Reversar Nomina/span_Si")): Object: 'Object Repository/1-OBJECTS TAREAS PRINCIPALES/Modulo Tarea Compensacion/Reversar Nomina/span_Si' is clicked on

2022-06-10 08:57:03 - [MESSAGE][PASSED] - Object: 'Object Repository/1-OBJECTS TAREAS PRINCIPALES/Modulo Tarea Compensacion/Reversar Nomina/span_Si' is clicked on

2022-06-10 08:57:03 - [TEST_STEP][FAILED] - Alerta = getText(findTestObject("3-OBJECTS UTILIDADES/Alerta/Alerta")): Unable to get text of object 'Object Repository/3-OBJECTS UTILIDADES/Alerta/Alerta' (Root cause: com.kms.katalon.core.exception.StepFailedException: Unable to get text of object 'Object Repository/3-OBJECTS UTILIDADES/Alerta/Alerta'
	at com.kms.katalon.core.webui.keyword.internal.WebUIKeywordMain.stepFailed(WebUIKeywordMain.groovy:64)
	at com.kms.katalon.core.webui.keyword.internal.WebUIKeywordMain.runKeyword(WebUIKeywordMain.groovy:26)
	at com.kms.katalon.core.webui.keyword.builtin.GetTextKeyword.getText(GetTextKeyword.groovy:88)
	at com.kms.katalon.core.webui.keyword.builtin.GetTextKeyword.execute(GetTextKeyword.groovy:67)
	at com.kms.katalon.core.keyword.internal.KeywordExecutor.executeKeywordForPlatform(KeywordExecutor.groovy:74)
	at com.kms.katalon.core.webui.keyword.WebUiBuiltInKeywords.getText(WebUiBuiltInKeywords.groovy:918)
	at com.kms.katalon.core.webui.keyword.WebUiBuiltInKeywords$getText$13.call(Unknown Source)
	at 1.3.6-Reversar Nomina.run(1.3.6-Reversar Nomina:59)
	at com.kms.katalon.core.main.ScriptEngine.run(ScriptEngine.java:194)
	at com.kms.katalon.core.main.ScriptEngine.runScriptAsRawText(ScriptEngine.java:119)
	at com.kms.katalon.core.main.TestCaseExecutor.runScript(TestCaseExecutor.java:445)
	at com.kms.katalon.core.main.TestCaseExecutor.doExecute(TestCaseExecutor.java:436)
	at com.kms.katalon.core.main.TestCaseExecutor.processExecutionPhase(TestCaseExecutor.java:415)
	at com.kms.katalon.core.main.TestCaseExecutor.accessMainPhase(TestCaseExecutor.java:407)
	at com.kms.katalon.core.main.TestCaseExecutor.execute(TestCaseExecutor.java:284)
	at com.kms.katalon.core.common.CommonExecutor.accessTestCaseMainPhase(CommonExecutor.java:65)
	at com.kms.katalon.core.main.TestSuiteExecutor.accessTestSuiteMainPhase(TestSuiteExecutor.java:144)
	at com.kms.katalon.core.main.TestSuiteExecutor.execute(TestSuiteExecutor.java:106)
	at com.kms.katalon.core.main.TestCaseMain.startTestSuite(TestCaseMain.java:185)
	at com.kms.katalon.core.main.TestCaseMain$startTestSuite$0.call(Unknown Source)
	at TempTestSuite1654867643956.run(TempTestSuite1654867643956.groovy:36)
Caused by: com.kms.katalon.core.webui.exception.WebElementNotFoundException: Web element with id: 'Object Repository/3-OBJECTS UTILIDADES/Alerta/Alerta' located by '//div[@id='growl_container']/div/div/div[2]/p' not found
	at com.kms.katalon.core.webui.common.WebUiCommonHelper.findWebElement(WebUiCommonHelper.java:1370)
	at com.kms.katalon.core.webui.keyword.internal.WebUIAbstractKeyword.findWebElement(WebUIAbstractKeyword.groovy:27)
	at com.kms.katalon.core.webui.keyword.internal.WebUIAbstractKeyword.findWebElement(WebUIAbstractKeyword.groovy:26)
	at com.kms.katalon.core.webui.keyword.builtin.GetTextKeyword$_getText_closure1.doCall(GetTextKeyword.groovy:78)
	at com.kms.katalon.core.webui.keyword.builtin.GetTextKeyword$_getText_closure1.call(GetTextKeyword.groovy)
	at com.kms.katalon.core.webui.keyword.internal.WebUIKeywordMain.runKeyword(WebUIKeywordMain.groovy:20)
	at com.kms.katalon.core.webui.keyword.builtin.GetTextKeyword.getText(GetTextKeyword.groovy:88)
	at com.kms.katalon.core.webui.keyword.builtin.GetTextKeyword.execute(GetTextKeyword.groovy:67)
	at com.kms.katalon.core.keyword.internal.KeywordExecutor.executeKeywordForPlatform(KeywordExecutor.groovy:74)
	at com.kms.katalon.core.webui.keyword.WebUiBuiltInKeywords.getText(WebUiBuiltInKeywords.groovy:918)
	at com.kms.katalon.core.webui.keyword.WebUiBuiltInKeywords$getText$13.call(Unknown Source)
	at Script1548866188079.run(Script1548866188079.groovy:59)
	... 13 more
)

2022-06-10 08:57:41 - [MESSAGE][INFO] - Unable to find the element located by 'By.xpath: //div[@id='growl_container']/div/div/div[2]/p'. Please recheck the objects properties to make sure the desired element is located. 

2022-06-10 08:57:41 - [MESSAGE][FAILED] - Unable to get text of object 'Object Repository/3-OBJECTS UTILIDADES/Alerta/Alerta' (Root cause: com.kms.katalon.core.exception.StepFailedException: Unable to get text of object 'Object Repository/3-OBJECTS UTILIDADES/Alerta/Alerta'
	at com.kms.katalon.core.webui.keyword.internal.WebUIKeywordMain.stepFailed(WebUIKeywordMain.groovy:64)
	at com.kms.katalon.core.webui.keyword.internal.WebUIKeywordMain.runKeyword(WebUIKeywordMain.groovy:26)
	at com.kms.katalon.core.webui.keyword.builtin.GetTextKeyword.getText(GetTextKeyword.groovy:88)
	at com.kms.katalon.core.webui.keyword.builtin.GetTextKeyword.execute(GetTextKeyword.groovy:67)
	at com.kms.katalon.core.keyword.internal.KeywordExecutor.executeKeywordForPlatform(KeywordExecutor.groovy:74)
	at com.kms.katalon.core.webui.keyword.WebUiBuiltInKeywords.getText(WebUiBuiltInKeywords.groovy:918)
	at com.kms.katalon.core.webui.keyword.WebUiBuiltInKeywords$getText$13.call(Unknown Source)
	at 1.3.6-Reversar Nomina.run(1.3.6-Reversar Nomina:59)
	at com.kms.katalon.core.main.ScriptEngine.run(ScriptEngine.java:194)
	at com.kms.katalon.core.main.ScriptEngine.runScriptAsRawText(ScriptEngine.java:119)
	at com.kms.katalon.core.main.TestCaseExecutor.runScript(TestCaseExecutor.java:445)
	at com.kms.katalon.core.main.TestCaseExecutor.doExecute(TestCaseExecutor.java:436)
	at com.kms.katalon.core.main.TestCaseExecutor.processExecutionPhase(TestCaseExecutor.java:415)
	at com.kms.katalon.core.main.TestCaseExecutor.accessMainPhase(TestCaseExecutor.java:407)
	at com.kms.katalon.core.main.TestCaseExecutor.execute(TestCaseExecutor.java:284)
	at com.kms.katalon.core.common.CommonExecutor.accessTestCaseMainPhase(CommonExecutor.java:65)
	at com.kms.katalon.core.main.TestSuiteExecutor.accessTestSuiteMainPhase(TestSuiteExecutor.java:144)
	at com.kms.katalon.core.main.TestSuiteExecutor.execute(TestSuiteExecutor.java:106)
	at com.kms.katalon.core.main.TestCaseMain.startTestSuite(TestCaseMain.java:185)
	at com.kms.katalon.core.main.TestCaseMain$startTestSuite$0.call(Unknown Source)
	at TempTestSuite1654867643956.run(TempTestSuite1654867643956.groovy:36)
Caused by: com.kms.katalon.core.webui.exception.WebElementNotFoundException: Web element with id: 'Object Repository/3-OBJECTS UTILIDADES/Alerta/Alerta' located by '//div[@id='growl_container']/div/div/div[2]/p' not found
	at com.kms.katalon.core.webui.common.WebUiCommonHelper.findWebElement(WebUiCommonHelper.java:1370)
	at com.kms.katalon.core.webui.keyword.internal.WebUIAbstractKeyword.findWebElement(WebUIAbstractKeyword.groovy:27)
	at com.kms.katalon.core.webui.keyword.internal.WebUIAbstractKeyword.findWebElement(WebUIAbstractKeyword.groovy:26)
	at com.kms.katalon.core.webui.keyword.builtin.GetTextKeyword$_getText_closure1.doCall(GetTextKeyword.groovy:78)
	at com.kms.katalon.core.webui.keyword.builtin.GetTextKeyword$_getText_closure1.call(GetTextKeyword.groovy)
	at com.kms.katalon.core.webui.keyword.internal.WebUIKeywordMain.runKeyword(WebUIKeywordMain.groovy:20)
	at com.kms.katalon.core.webui.keyword.builtin.GetTextKeyword.getText(GetTextKeyword.groovy:88)
	at com.kms.katalon.core.webui.keyword.builtin.GetTextKeyword.execute(GetTextKeyword.groovy:67)
	at com.kms.katalon.core.keyword.internal.KeywordExecutor.executeKeywordForPlatform(KeywordExecutor.groovy:74)
	at com.kms.katalon.core.webui.keyword.WebUiBuiltInKeywords.getText(WebUiBuiltInKeywords.groovy:918)
	at com.kms.katalon.core.webui.keyword.WebUiBuiltInKeywords$getText$13.call(Unknown Source)
	at Script1548866188079.run(Script1548866188079.groovy:59)
	... 13 more
)
[[ATTACHMENT|C:\\Users\\diego.rojas\\git\\Pruebas-Minimas\\Reports\\20220610_082723\\Test_Suite_Principales\\1-Tareas Principales\\20220610_082723\\1654869461686.png]]]]></system-out>
         <system-err><![CDATA[2022-06-10 08:56:44 - [TEST_CASE][FAILED] - Test Cases/1.1-Tareas Principales/1.3.6-Reversar Nomina: Test Cases/1.1-Tareas Principales/1.3.6-Reversar Nomina FAILED.
Reason:
com.kms.katalon.core.exception.StepFailedException: Unable to get text of object 'Object Repository/3-OBJECTS UTILIDADES/Alerta/Alerta'
	at com.kms.katalon.core.webui.keyword.internal.WebUIKeywordMain.stepFailed(WebUIKeywordMain.groovy:64)
	at com.kms.katalon.core.webui.keyword.internal.WebUIKeywordMain.runKeyword(WebUIKeywordMain.groovy:26)
	at com.kms.katalon.core.webui.keyword.builtin.GetTextKeyword.getText(GetTextKeyword.groovy:88)
	at com.kms.katalon.core.webui.keyword.builtin.GetTextKeyword.execute(GetTextKeyword.groovy:67)
	at com.kms.katalon.core.keyword.internal.KeywordExecutor.executeKeywordForPlatform(KeywordExecutor.groovy:74)
	at com.kms.katalon.core.webui.keyword.WebUiBuiltInKeywords.getText(WebUiBuiltInKeywords.groovy:918)
	at com.kms.katalon.core.webui.keyword.WebUiBuiltInKeywords$getText$13.call(Unknown Source)
	at 1.3.6-Reversar Nomina.run(1.3.6-Reversar Nomina:59)
	at com.kms.katalon.core.main.ScriptEngine.run(ScriptEngine.java:194)
	at com.kms.katalon.core.main.ScriptEngine.runScriptAsRawText(ScriptEngine.java:119)
	at com.kms.katalon.core.main.TestCaseExecutor.runScript(TestCaseExecutor.java:445)
	at com.kms.katalon.core.main.TestCaseExecutor.doExecute(TestCaseExecutor.java:436)
	at com.kms.katalon.core.main.TestCaseExecutor.processExecutionPhase(TestCaseExecutor.java:415)
	at com.kms.katalon.core.main.TestCaseExecutor.accessMainPhase(TestCaseExecutor.java:407)
	at com.kms.katalon.core.main.TestCaseExecutor.execute(TestCaseExecutor.java:284)
	at com.kms.katalon.core.common.CommonExecutor.accessTestCaseMainPhase(CommonExecutor.java:65)
	at com.kms.katalon.core.main.TestSuiteExecutor.accessTestSuiteMainPhase(TestSuiteExecutor.java:144)
	at com.kms.katalon.core.main.TestSuiteExecutor.execute(TestSuiteExecutor.java:106)
	at com.kms.katalon.core.main.TestCaseMain.startTestSuite(TestCaseMain.java:185)
	at com.kms.katalon.core.main.TestCaseMain$startTestSuite$0.call(Unknown Source)
	at TempTestSuite1654867643956.run(TempTestSuite1654867643956.groovy:36)
Caused by: com.kms.katalon.core.webui.exception.WebElementNotFoundException: Web element with id: 'Object Repository/3-OBJECTS UTILIDADES/Alerta/Alerta' located by '//div[@id='growl_container']/div/div/div[2]/p' not found
	at com.kms.katalon.core.webui.common.WebUiCommonHelper.findWebElement(WebUiCommonHelper.java:1370)
	at com.kms.katalon.core.webui.keyword.internal.WebUIAbstractKeyword.findWebElement(WebUIAbstractKeyword.groovy:27)
	at com.kms.katalon.core.webui.keyword.internal.WebUIAbstractKeyword.findWebElement(WebUIAbstractKeyword.groovy:26)
	at com.kms.katalon.core.webui.keyword.builtin.GetTextKeyword$_getText_closure1.doCall(GetTextKeyword.groovy:78)
	at com.kms.katalon.core.webui.keyword.builtin.GetTextKeyword$_getText_closure1.call(GetTextKeyword.groovy)
	at com.kms.katalon.core.webui.keyword.internal.WebUIKeywordMain.runKeyword(WebUIKeywordMain.groovy:20)
	... 19 more]]></system-err>
      </testcase>
      <testcase name="Test Cases/1.1-Tareas Principales/1.3.7-Liquidacion y reversion por bancos" time="95.355" classname="Test Cases/1.1-Tareas Principales/1.3.7-Liquidacion y reversion por bancos" status="FAILED">
         <failure type="FAILED" message="Test Cases/1.1-Tareas Principales/1.3.7-Liquidacion y reversion por bancos FAILED.
Reason:
com.kms.katalon.core.exception.StepFailedException: Unable to click on object 'Object Repository/1-OBJECTS TAREAS PRINCIPALES/Modulo Tarea Compensacion/Liquidacion y Reversion por Bancos/a_Reversar'
	at com.kms.katalon.core.webui.keyword.internal.WebUIKeywordMain.stepFailed(WebUIKeywordMain.groovy:64)
	at com.kms.katalon.core.webui.keyword.internal.WebUIKeywordMain.runKeyword(WebUIKeywordMain.groovy:26)
	at com.kms.katalon.core.webui.keyword.builtin.ClickKeyword.click(ClickKeyword.groovy:74)
	at com.kms.katalon.core.webui.keyword.builtin.ClickKeyword.execute(ClickKeyword.groovy:40)
	at com.kms.katalon.core.keyword.internal.KeywordExecutor.executeKeywordForPlatform(KeywordExecutor.groovy:74)
	at com.kms.katalon.core.webui.keyword.WebUiBuiltInKeywords.click(WebUiBuiltInKeywords.groovy:620)
	at com.kms.katalon.core.webui.keyword.WebUiBuiltInKeywords$click$5.call(Unknown Source)
	at 1.3.7-Liquidacion y reversion por bancos.run(1.3.7-Liquidacion y reversion por bancos:45)
	at com.kms.katalon.core.main.ScriptEngine.run(ScriptEngine.java:194)
	at com.kms.katalon.core.main.ScriptEngine.runScriptAsRawText(ScriptEngine.java:119)
	at com.kms.katalon.core.main.TestCaseExecutor.runScript(TestCaseExecutor.java:445)
	at com.kms.katalon.core.main.TestCaseExecutor.doExecute(TestCaseExecutor.java:436)
	at com.kms.katalon.core.main.TestCaseExecutor.processExecutionPhase(TestCaseExecutor.java:415)
	at com.kms.katalon.core.main.TestCaseExecutor.accessMainPhase(TestCaseExecutor.java:407)
	at com.kms.katalon.core.main.TestCaseExecutor.execute(TestCaseExecutor.java:284)
	at com.kms.katalon.core.common.CommonExecutor.accessTestCaseMainPhase(CommonExecutor.java:65)
	at com.kms.katalon.core.main.TestSuiteExecutor.accessTestSuiteMainPhase(TestSuiteExecutor.java:144)
	at com.kms.katalon.core.main.TestSuiteExecutor.execute(TestSuiteExecutor.java:106)
	at com.kms.katalon.core.main.TestCaseMain.startTestSuite(TestCaseMain.java:185)
	at com.kms.katalon.core.main.TestCaseMain$startTestSuite$0.call(Unknown Source)
	at TempTestSuite1654867643956.run(TempTestSuite1654867643956.groovy:36)
Caused by: com.kms.katalon.core.webui.exception.WebElementNotFoundException: Web element with id: 'Object Repository/1-OBJECTS TAREAS PRINCIPALES/Modulo Tarea Compensacion/Liquidacion y Reversion por Bancos/a_Reversar' located by '//table[3]/tbody/tr/td/a' not found
	at com.kms.katalon.core.webui.common.WebUiCommonHelper.findWebElement(WebUiCommonHelper.java:1370)
	at com.kms.katalon.core.webui.keyword.internal.WebUIAbstractKeyword.findWebElement(WebUIAbstractKeyword.groovy:27)
	at com.kms.katalon.core.webui.keyword.builtin.ClickKeyword$_click_closure1.doCall(ClickKeyword.groovy:65)
	at com.kms.katalon.core.webui.keyword.builtin.ClickKeyword$_click_closure1.call(ClickKeyword.groovy)
	at com.kms.katalon.core.webui.keyword.internal.WebUIKeywordMain.runKeyword(WebUIKeywordMain.groovy:20)
	... 19 more
"/>
         <system-out><![CDATA[2022-06-10 08:57:41 - [TEST_CASE][FAILED] - Test Cases/1.1-Tareas Principales/1.3.7-Liquidacion y reversion por bancos: Test Cases/1.1-Tareas Principales/1.3.7-Liquidacion y reversion por bancos FAILED.
Reason:
com.kms.katalon.core.exception.StepFailedException: Unable to click on object 'Object Repository/1-OBJECTS TAREAS PRINCIPALES/Modulo Tarea Compensacion/Liquidacion y Reversion por Bancos/a_Reversar'
	at com.kms.katalon.core.webui.keyword.internal.WebUIKeywordMain.stepFailed(WebUIKeywordMain.groovy:64)
	at com.kms.katalon.core.webui.keyword.internal.WebUIKeywordMain.runKeyword(WebUIKeywordMain.groovy:26)
	at com.kms.katalon.core.webui.keyword.builtin.ClickKeyword.click(ClickKeyword.groovy:74)
	at com.kms.katalon.core.webui.keyword.builtin.ClickKeyword.execute(ClickKeyword.groovy:40)
	at com.kms.katalon.core.keyword.internal.KeywordExecutor.executeKeywordForPlatform(KeywordExecutor.groovy:74)
	at com.kms.katalon.core.webui.keyword.WebUiBuiltInKeywords.click(WebUiBuiltInKeywords.groovy:620)
	at com.kms.katalon.core.webui.keyword.WebUiBuiltInKeywords$click$5.call(Unknown Source)
	at 1.3.7-Liquidacion y reversion por bancos.run(1.3.7-Liquidacion y reversion por bancos:45)
	at com.kms.katalon.core.main.ScriptEngine.run(ScriptEngine.java:194)
	at com.kms.katalon.core.main.ScriptEngine.runScriptAsRawText(ScriptEngine.java:119)
	at com.kms.katalon.core.main.TestCaseExecutor.runScript(TestCaseExecutor.java:445)
	at com.kms.katalon.core.main.TestCaseExecutor.doExecute(TestCaseExecutor.java:436)
	at com.kms.katalon.core.main.TestCaseExecutor.processExecutionPhase(TestCaseExecutor.java:415)
	at com.kms.katalon.core.main.TestCaseExecutor.accessMainPhase(TestCaseExecutor.java:407)
	at com.kms.katalon.core.main.TestCaseExecutor.execute(TestCaseExecutor.java:284)
	at com.kms.katalon.core.common.CommonExecutor.accessTestCaseMainPhase(CommonExecutor.java:65)
	at com.kms.katalon.core.main.TestSuiteExecutor.accessTestSuiteMainPhase(TestSuiteExecutor.java:144)
	at com.kms.katalon.core.main.TestSuiteExecutor.execute(TestSuiteExecutor.java:106)
	at com.kms.katalon.core.main.TestCaseMain.startTestSuite(TestCaseMain.java:185)
	at com.kms.katalon.core.main.TestCaseMain$startTestSuite$0.call(Unknown Source)
	at TempTestSuite1654867643956.run(TempTestSuite1654867643956.groovy:36)
Caused by: com.kms.katalon.core.webui.exception.WebElementNotFoundException: Web element with id: 'Object Repository/1-OBJECTS TAREAS PRINCIPALES/Modulo Tarea Compensacion/Liquidacion y Reversion por Bancos/a_Reversar' located by '//table[3]/tbody/tr/td/a' not found
	at com.kms.katalon.core.webui.common.WebUiCommonHelper.findWebElement(WebUiCommonHelper.java:1370)
	at com.kms.katalon.core.webui.keyword.internal.WebUIAbstractKeyword.findWebElement(WebUIAbstractKeyword.groovy:27)
	at com.kms.katalon.core.webui.keyword.builtin.ClickKeyword$_click_closure1.doCall(ClickKeyword.groovy:65)
	at com.kms.katalon.core.webui.keyword.builtin.ClickKeyword$_click_closure1.call(ClickKeyword.groovy)
	at com.kms.katalon.core.webui.keyword.internal.WebUIKeywordMain.runKeyword(WebUIKeywordMain.groovy:20)
	... 19 more


2022-06-10 08:57:42 - [TEST_STEP][PASSED] - callTestCase(findTestCase("Utilidades-(atajos_para _tareas)/Tareas Administracion Compensacion/Tarea Generacion Entidad Pago"), [:], STOP_ON_FAILURE): Call Test Case 'Test Cases/Utilidades-(atajos_para _tareas)/Tareas Administracion Compensacion/Tarea Generacion Entidad Pago' successfully

2022-06-10 08:57:42 - [TEST_CASE][PASSED] - Test Cases/Utilidades-(atajos_para _tareas)/Tareas Administracion Compensacion/Tarea Generacion Entidad Pago: Test Cases/Utilidades-(atajos_para _tareas)/Tareas Administracion Compensacion/Tarea Generacion Entidad Pago

2022-06-10 08:57:42 - [TEST_STEP][PASSED] - callTestCase(findTestCase("0.1-Login"), [:], STOP_ON_FAILURE): Call Test Case 'Test Cases/0.1-Login' successfully

2022-06-10 08:57:42 - [TEST_CASE][PASSED] - Test Cases/0.1-Login: Test Cases/0.1-Login

2022-06-10 08:57:42 - [TEST_STEP][PASSED] - openBrowser(""): Browser is opened with url: ''

2022-06-10 08:57:42 - [MESSAGE][WARNING] - A browser is already opened. Closing browser and opening a new one

2022-06-10 08:57:43 - [MESSAGE][INFO] - Starting 'Chrome' driver

2022-06-10 08:57:43 - [MESSAGE][INFO] - Action delay is set to 0 milliseconds

2022-06-10 08:57:44 - [MESSAGE][PASSED] - Browser is opened with url: ''

2022-06-10 08:57:44 - [TEST_STEP][PASSED] - maximizeWindow(): Current window maximized

2022-06-10 08:57:44 - [MESSAGE][PASSED] - Current window maximized

2022-06-10 08:57:44 - [TEST_STEP][PASSED] - i = G_Login: null

2022-06-10 08:57:44 - [TEST_STEP][PASSED] - url = new java.net.URL(i): null

2022-06-10 08:57:44 - [TEST_STEP][PASSED] - println("URL: " + url.toString()): null

2022-06-10 08:57:44 - [TEST_STEP][PASSED] - connection = url.openConnection(): null

2022-06-10 08:57:44 - [TEST_STEP][PASSED] - connection.setRequestMethod("GET"): null

2022-06-10 08:57:44 - [TEST_STEP][PASSED] - connection.setReadTimeout(2 * 1000): null

2022-06-10 08:57:44 - [TEST_STEP][PASSED] - try: null

2022-06-10 08:57:44 - [TEST_STEP][PASSED] - connection.connect(): null

2022-06-10 08:57:44 - [TEST_STEP][PASSED] - flag = connected: null

2022-06-10 08:57:44 - [TEST_STEP][PASSED] - println("Valor_ori: " + flag): null

2022-06-10 08:57:44 - [TEST_STEP][PASSED] - if (flag): null

2022-06-10 08:57:44 - [TEST_STEP][PASSED] - navigateToUrl(i): Navigate to 'http://192.168.2.19:8380/saraweb' successfully

2022-06-10 08:57:45 - [MESSAGE][PASSED] - Navigate to 'http://192.168.2.19:8380/saraweb' successfully

2022-06-10 08:57:45 - [TEST_STEP][PASSED] - a(): null

2022-06-10 08:57:45 - [TEST_STEP][PASSED] - setText(findTestObject("3-OBJECTS UTILIDADES/Login/input_USUARIO_loginusuario"), G_Usuario): Text 'saraadmin' is set on object 'Object Repository/3-OBJECTS UTILIDADES/Login/input_USUARIO_loginusuario'

2022-06-10 08:57:46 - [MESSAGE][PASSED] - Text 'saraadmin' is set on object 'Object Repository/3-OBJECTS UTILIDADES/Login/input_USUARIO_loginusuario'

2022-06-10 08:57:46 - [TEST_STEP][PASSED] - setEncryptedText(findTestObject("3-OBJECTS UTILIDADES/Login/input_CLAVE_loginpassword"), "MkG4/TYiCFC3cb2driP7+Q=="): Text ****** has been set on object 'Object Repository/3-OBJECTS UTILIDADES/Login/input_CLAVE_loginpassword'

2022-06-10 08:57:46 - [MESSAGE][PASSED] - Text ****** has been set on object 'Object Repository/3-OBJECTS UTILIDADES/Login/input_CLAVE_loginpassword'

2022-06-10 08:57:46 - [TEST_STEP][PASSED] - waitForElementClickable(findTestObject("3-OBJECTS UTILIDADES/Login/a_Ingresar"), G_TimeOut): Object 'Object Repository/3-OBJECTS UTILIDADES/Login/a_Ingresar' is clickable

2022-06-10 08:57:46 - [MESSAGE][PASSED] - Object 'Object Repository/3-OBJECTS UTILIDADES/Login/a_Ingresar' is clickable

2022-06-10 08:57:46 - [TEST_STEP][PASSED] - click(findTestObject("3-OBJECTS UTILIDADES/Login/a_Ingresar")): Object: 'Object Repository/3-OBJECTS UTILIDADES/Login/a_Ingresar' is clicked on

2022-06-10 08:57:48 - [MESSAGE][PASSED] - Object: 'Object Repository/3-OBJECTS UTILIDADES/Login/a_Ingresar' is clicked on

2022-06-10 08:57:48 - [TEST_STEP][PASSED] - element = findWebElement(findTestObject("3-OBJECTS UTILIDADES/Login/a_Ir"), 30): null

2022-06-10 08:57:48 - [TEST_STEP][PASSED] - executeJavaScript("arguments[0].click()", Arrays.asList(element)): Execute JavaScript 'arguments[0].click()' successfully

2022-06-10 08:57:48 - [MESSAGE][PASSED] - Execute JavaScript 'arguments[0].click()' successfully

2022-06-10 08:57:48 - [MESSAGE][PASSED] - Call Test Case 'Test Cases/0.1-Login' successfully

2022-06-10 08:57:48 - [TEST_STEP][PASSED] - waitForElementVisible(findTestObject("1-OBJECTS TAREAS PRINCIPALES/Modulo Tarea Compensacion/Tarea Generacion Entidad Pago/input_Ir_nav_t66_input"), 0): Object 'Object Repository/1-OBJECTS TAREAS PRINCIPALES/Modulo Tarea Compensacion/Tarea Generacion Entidad Pago/input_Ir_nav_t66_input' is visible

2022-06-10 08:57:48 - [MESSAGE][WARNING] - Timeout '0' is invalid. Using default page load timeout: '37'

2022-06-10 08:57:49 - [MESSAGE][PASSED] - Object 'Object Repository/1-OBJECTS TAREAS PRINCIPALES/Modulo Tarea Compensacion/Tarea Generacion Entidad Pago/input_Ir_nav_t66_input' is visible

2022-06-10 08:57:49 - [TEST_STEP][PASSED] - setText(findTestObject("1-OBJECTS TAREAS PRINCIPALES/Modulo Tarea Compensacion/Tarea Generacion Entidad Pago/input_Ir_nav_t66_input"), "Generacion Entidad Pago (com)"): Text 'Generacion Entidad Pago (com)' is set on object 'Object Repository/1-OBJECTS TAREAS PRINCIPALES/Modulo Tarea Compensacion/Tarea Generacion Entidad Pago/input_Ir_nav_t66_input'

2022-06-10 08:57:50 - [MESSAGE][PASSED] - Text 'Generacion Entidad Pago (com)' is set on object 'Object Repository/1-OBJECTS TAREAS PRINCIPALES/Modulo Tarea Compensacion/Tarea Generacion Entidad Pago/input_Ir_nav_t66_input'

2022-06-10 08:57:50 - [TEST_STEP][PASSED] - waitForElementVisible(findTestObject("1-OBJECTS TAREAS PRINCIPALES/Modulo Tarea Compensacion/Tarea Generacion Entidad Pago/span_Generacion Entidad Pago (com)"), 0): Object 'Object Repository/1-OBJECTS TAREAS PRINCIPALES/Modulo Tarea Compensacion/Tarea Generacion Entidad Pago/span_Generacion Entidad Pago (com)' is visible

2022-06-10 08:57:50 - [MESSAGE][WARNING] - Timeout '0' is invalid. Using default page load timeout: '37'

2022-06-10 08:57:51 - [MESSAGE][PASSED] - Object 'Object Repository/1-OBJECTS TAREAS PRINCIPALES/Modulo Tarea Compensacion/Tarea Generacion Entidad Pago/span_Generacion Entidad Pago (com)' is visible

2022-06-10 08:57:51 - [TEST_STEP][PASSED] - click(findTestObject("1-OBJECTS TAREAS PRINCIPALES/Modulo Tarea Compensacion/Tarea Generacion Entidad Pago/span_Generacion Entidad Pago (com)")): Object: 'Object Repository/1-OBJECTS TAREAS PRINCIPALES/Modulo Tarea Compensacion/Tarea Generacion Entidad Pago/span_Generacion Entidad Pago (com)' is clicked on

2022-06-10 08:57:51 - [MESSAGE][PASSED] - Object: 'Object Repository/1-OBJECTS TAREAS PRINCIPALES/Modulo Tarea Compensacion/Tarea Generacion Entidad Pago/span_Generacion Entidad Pago (com)' is clicked on

2022-06-10 08:57:51 - [MESSAGE][PASSED] - Call Test Case 'Test Cases/Utilidades-(atajos_para _tareas)/Tareas Administracion Compensacion/Tarea Generacion Entidad Pago' successfully

2022-06-10 08:57:51 - [TEST_STEP][PASSED] - waitForElementClickable(findTestObject("1-OBJECTS TAREAS PRINCIPALES/Modulo Tarea Compensacion/Liquidacion y Reversion por Bancos/a_Traer"), 0): Object 'Object Repository/1-OBJECTS TAREAS PRINCIPALES/Modulo Tarea Compensacion/Liquidacion y Reversion por Bancos/a_Traer' is clickable

2022-06-10 08:57:51 - [MESSAGE][WARNING] - Timeout '0' is invalid. Using default page load timeout: '37'

2022-06-10 08:57:52 - [MESSAGE][PASSED] - Object 'Object Repository/1-OBJECTS TAREAS PRINCIPALES/Modulo Tarea Compensacion/Liquidacion y Reversion por Bancos/a_Traer' is clickable

2022-06-10 08:57:52 - [TEST_STEP][PASSED] - click(findTestObject("1-OBJECTS TAREAS PRINCIPALES/Modulo Tarea Compensacion/Liquidacion y Reversion por Bancos/a_Traer")): Object: 'Object Repository/1-OBJECTS TAREAS PRINCIPALES/Modulo Tarea Compensacion/Liquidacion y Reversion por Bancos/a_Traer' is clicked on

2022-06-10 08:57:52 - [MESSAGE][PASSED] - Object: 'Object Repository/1-OBJECTS TAREAS PRINCIPALES/Modulo Tarea Compensacion/Liquidacion y Reversion por Bancos/a_Traer' is clicked on

2022-06-10 08:57:52 - [TEST_STEP][PASSED] - click(findTestObject("1-OBJECTS TAREAS PRINCIPALES/Modulo Tarea Compensacion/Liquidacion y Reversion por Bancos/label_Periodo Fuera de Nomina")): Object: 'Object Repository/1-OBJECTS TAREAS PRINCIPALES/Modulo Tarea Compensacion/Liquidacion y Reversion por Bancos/label_Periodo Fuera de Nomina' is clicked on

2022-06-10 08:57:53 - [MESSAGE][PASSED] - Object: 'Object Repository/1-OBJECTS TAREAS PRINCIPALES/Modulo Tarea Compensacion/Liquidacion y Reversion por Bancos/label_Periodo Fuera de Nomina' is clicked on

2022-06-10 08:57:53 - [TEST_STEP][PASSED] - setText(findTestObject("1-OBJECTS TAREAS PRINCIPALES/Modulo Tarea Compensacion/Liquidacion y Reversion por Bancos/input_Fecha_form_popUpTraer"), "01/06/2021"): Text '01/06/2021' is set on object 'Object Repository/1-OBJECTS TAREAS PRINCIPALES/Modulo Tarea Compensacion/Liquidacion y Reversion por Bancos/input_Fecha_form_popUpTraer'

2022-06-10 08:57:54 - [MESSAGE][PASSED] - Text '01/06/2021' is set on object 'Object Repository/1-OBJECTS TAREAS PRINCIPALES/Modulo Tarea Compensacion/Liquidacion y Reversion por Bancos/input_Fecha_form_popUpTraer'

2022-06-10 08:57:54 - [TEST_STEP][PASSED] - click(findTestObject("1-OBJECTS TAREAS PRINCIPALES/Modulo Tarea Compensacion/Liquidacion y Reversion por Bancos/a_Aplicar (1)")): Object: 'Object Repository/1-OBJECTS TAREAS PRINCIPALES/Modulo Tarea Compensacion/Liquidacion y Reversion por Bancos/a_Aplicar (1)' is clicked on

2022-06-10 08:57:55 - [MESSAGE][PASSED] - Object: 'Object Repository/1-OBJECTS TAREAS PRINCIPALES/Modulo Tarea Compensacion/Liquidacion y Reversion por Bancos/a_Aplicar (1)' is clicked on

2022-06-10 08:57:55 - [TEST_STEP][PASSED] - click(findTestObject("1-OBJECTS TAREAS PRINCIPALES/Modulo Tarea Compensacion/Liquidacion y Reversion por Bancos/span_Bogota_ui-chkbox-icon ui-icon ui-icon-blank ui-c")): Object: 'Object Repository/1-OBJECTS TAREAS PRINCIPALES/Modulo Tarea Compensacion/Liquidacion y Reversion por Bancos/span_Bogota_ui-chkbox-icon ui-icon ui-icon-blank ui-c' is clicked on

2022-06-10 08:57:55 - [MESSAGE][PASSED] - Object: 'Object Repository/1-OBJECTS TAREAS PRINCIPALES/Modulo Tarea Compensacion/Liquidacion y Reversion por Bancos/span_Bogota_ui-chkbox-icon ui-icon ui-icon-blank ui-c' is clicked on

2022-06-10 08:57:55 - [TEST_STEP][PASSED] - click(findTestObject("1-OBJECTS TAREAS PRINCIPALES/Modulo Tarea Compensacion/Liquidacion y Reversion por Bancos/a_Liquidar")): Object: 'Object Repository/1-OBJECTS TAREAS PRINCIPALES/Modulo Tarea Compensacion/Liquidacion y Reversion por Bancos/a_Liquidar' is clicked on

2022-06-10 08:57:56 - [MESSAGE][PASSED] - Object: 'Object Repository/1-OBJECTS TAREAS PRINCIPALES/Modulo Tarea Compensacion/Liquidacion y Reversion por Bancos/a_Liquidar' is clicked on

2022-06-10 08:57:56 - [TEST_STEP][PASSED] - click(findTestObject("1-OBJECTS TAREAS PRINCIPALES/Modulo Tarea Compensacion/Liquidacion y Reversion por Bancos/a_Aceptar")): Object: 'Object Repository/1-OBJECTS TAREAS PRINCIPALES/Modulo Tarea Compensacion/Liquidacion y Reversion por Bancos/a_Aceptar' is clicked on

2022-06-10 08:57:56 - [MESSAGE][PASSED] - Object: 'Object Repository/1-OBJECTS TAREAS PRINCIPALES/Modulo Tarea Compensacion/Liquidacion y Reversion por Bancos/a_Aceptar' is clicked on

2022-06-10 08:57:56 - [TEST_STEP][PASSED] - click(findTestObject("1-OBJECTS TAREAS PRINCIPALES/Modulo Tarea Compensacion/Liquidacion y Reversion por Bancos/a_Continua")): Object: 'Object Repository/1-OBJECTS TAREAS PRINCIPALES/Modulo Tarea Compensacion/Liquidacion y Reversion por Bancos/a_Continua' is clicked on

2022-06-10 08:58:00 - [MESSAGE][PASSED] - Object: 'Object Repository/1-OBJECTS TAREAS PRINCIPALES/Modulo Tarea Compensacion/Liquidacion y Reversion por Bancos/a_Continua' is clicked on

2022-06-10 08:58:00 - [TEST_STEP][PASSED] - waitForElementClickable(findTestObject("1-OBJECTS TAREAS PRINCIPALES/Modulo Tarea Compensacion/Liquidacion y Reversion por Bancos/a_Reversar"), 0): Web element with id: 'Object Repository/1-OBJECTS TAREAS PRINCIPALES/Modulo Tarea Compensacion/Liquidacion y Reversion por Bancos/a_Reversar' located by '//table[3]/tbody/tr/td/a' not found

2022-06-10 08:58:00 - [MESSAGE][WARNING] - Timeout '0' is invalid. Using default page load timeout: '37'

2022-06-10 08:58:38 - [MESSAGE][INFO] - Unable to find the element located by 'By.xpath: //table[3]/tbody/tr/td/a'. Please recheck the objects properties to make sure the desired element is located. 

2022-06-10 08:58:38 - [MESSAGE][WARNING] - Web element with id: 'Object Repository/1-OBJECTS TAREAS PRINCIPALES/Modulo Tarea Compensacion/Liquidacion y Reversion por Bancos/a_Reversar' located by '//table[3]/tbody/tr/td/a' not found

2022-06-10 08:58:38 - [TEST_STEP][FAILED] - click(findTestObject("1-OBJECTS TAREAS PRINCIPALES/Modulo Tarea Compensacion/Liquidacion y Reversion por Bancos/a_Reversar")): Unable to click on object 'Object Repository/1-OBJECTS TAREAS PRINCIPALES/Modulo Tarea Compensacion/Liquidacion y Reversion por Bancos/a_Reversar' (Root cause: com.kms.katalon.core.exception.StepFailedException: Unable to click on object 'Object Repository/1-OBJECTS TAREAS PRINCIPALES/Modulo Tarea Compensacion/Liquidacion y Reversion por Bancos/a_Reversar'
	at com.kms.katalon.core.webui.keyword.internal.WebUIKeywordMain.stepFailed(WebUIKeywordMain.groovy:64)
	at com.kms.katalon.core.webui.keyword.internal.WebUIKeywordMain.runKeyword(WebUIKeywordMain.groovy:26)
	at com.kms.katalon.core.webui.keyword.builtin.ClickKeyword.click(ClickKeyword.groovy:74)
	at com.kms.katalon.core.webui.keyword.builtin.ClickKeyword.execute(ClickKeyword.groovy:40)
	at com.kms.katalon.core.keyword.internal.KeywordExecutor.executeKeywordForPlatform(KeywordExecutor.groovy:74)
	at com.kms.katalon.core.webui.keyword.WebUiBuiltInKeywords.click(WebUiBuiltInKeywords.groovy:620)
	at com.kms.katalon.core.webui.keyword.WebUiBuiltInKeywords$click$5.call(Unknown Source)
	at 1.3.7-Liquidacion y reversion por bancos.run(1.3.7-Liquidacion y reversion por bancos:45)
	at com.kms.katalon.core.main.ScriptEngine.run(ScriptEngine.java:194)
	at com.kms.katalon.core.main.ScriptEngine.runScriptAsRawText(ScriptEngine.java:119)
	at com.kms.katalon.core.main.TestCaseExecutor.runScript(TestCaseExecutor.java:445)
	at com.kms.katalon.core.main.TestCaseExecutor.doExecute(TestCaseExecutor.java:436)
	at com.kms.katalon.core.main.TestCaseExecutor.processExecutionPhase(TestCaseExecutor.java:415)
	at com.kms.katalon.core.main.TestCaseExecutor.accessMainPhase(TestCaseExecutor.java:407)
	at com.kms.katalon.core.main.TestCaseExecutor.execute(TestCaseExecutor.java:284)
	at com.kms.katalon.core.common.CommonExecutor.accessTestCaseMainPhase(CommonExecutor.java:65)
	at com.kms.katalon.core.main.TestSuiteExecutor.accessTestSuiteMainPhase(TestSuiteExecutor.java:144)
	at com.kms.katalon.core.main.TestSuiteExecutor.execute(TestSuiteExecutor.java:106)
	at com.kms.katalon.core.main.TestCaseMain.startTestSuite(TestCaseMain.java:185)
	at com.kms.katalon.core.main.TestCaseMain$startTestSuite$0.call(Unknown Source)
	at TempTestSuite1654867643956.run(TempTestSuite1654867643956.groovy:36)
Caused by: com.kms.katalon.core.webui.exception.WebElementNotFoundException: Web element with id: 'Object Repository/1-OBJECTS TAREAS PRINCIPALES/Modulo Tarea Compensacion/Liquidacion y Reversion por Bancos/a_Reversar' located by '//table[3]/tbody/tr/td/a' not found
	at com.kms.katalon.core.webui.common.WebUiCommonHelper.findWebElement(WebUiCommonHelper.java:1370)
	at com.kms.katalon.core.webui.keyword.internal.WebUIAbstractKeyword.findWebElement(WebUIAbstractKeyword.groovy:27)
	at com.kms.katalon.core.webui.keyword.builtin.ClickKeyword$_click_closure1.doCall(ClickKeyword.groovy:65)
	at com.kms.katalon.core.webui.keyword.builtin.ClickKeyword$_click_closure1.call(ClickKeyword.groovy)
	at com.kms.katalon.core.webui.keyword.internal.WebUIKeywordMain.runKeyword(WebUIKeywordMain.groovy:20)
	at com.kms.katalon.core.webui.keyword.builtin.ClickKeyword.click(ClickKeyword.groovy:74)
	at com.kms.katalon.core.webui.keyword.builtin.ClickKeyword.execute(ClickKeyword.groovy:40)
	at com.kms.katalon.core.keyword.internal.KeywordExecutor.executeKeywordForPlatform(KeywordExecutor.groovy:74)
	at com.kms.katalon.core.webui.keyword.WebUiBuiltInKeywords.click(WebUiBuiltInKeywords.groovy:620)
	at com.kms.katalon.core.webui.keyword.WebUiBuiltInKeywords$click$5.call(Unknown Source)
	at Script1548866217205.run(Script1548866217205.groovy:45)
	... 13 more
)

2022-06-10 08:59:17 - [MESSAGE][INFO] - Unable to find the element located by 'By.xpath: //table[3]/tbody/tr/td/a'. Please recheck the objects properties to make sure the desired element is located. 

2022-06-10 08:59:17 - [MESSAGE][FAILED] - Unable to click on object 'Object Repository/1-OBJECTS TAREAS PRINCIPALES/Modulo Tarea Compensacion/Liquidacion y Reversion por Bancos/a_Reversar' (Root cause: com.kms.katalon.core.exception.StepFailedException: Unable to click on object 'Object Repository/1-OBJECTS TAREAS PRINCIPALES/Modulo Tarea Compensacion/Liquidacion y Reversion por Bancos/a_Reversar'
	at com.kms.katalon.core.webui.keyword.internal.WebUIKeywordMain.stepFailed(WebUIKeywordMain.groovy:64)
	at com.kms.katalon.core.webui.keyword.internal.WebUIKeywordMain.runKeyword(WebUIKeywordMain.groovy:26)
	at com.kms.katalon.core.webui.keyword.builtin.ClickKeyword.click(ClickKeyword.groovy:74)
	at com.kms.katalon.core.webui.keyword.builtin.ClickKeyword.execute(ClickKeyword.groovy:40)
	at com.kms.katalon.core.keyword.internal.KeywordExecutor.executeKeywordForPlatform(KeywordExecutor.groovy:74)
	at com.kms.katalon.core.webui.keyword.WebUiBuiltInKeywords.click(WebUiBuiltInKeywords.groovy:620)
	at com.kms.katalon.core.webui.keyword.WebUiBuiltInKeywords$click$5.call(Unknown Source)
	at 1.3.7-Liquidacion y reversion por bancos.run(1.3.7-Liquidacion y reversion por bancos:45)
	at com.kms.katalon.core.main.ScriptEngine.run(ScriptEngine.java:194)
	at com.kms.katalon.core.main.ScriptEngine.runScriptAsRawText(ScriptEngine.java:119)
	at com.kms.katalon.core.main.TestCaseExecutor.runScript(TestCaseExecutor.java:445)
	at com.kms.katalon.core.main.TestCaseExecutor.doExecute(TestCaseExecutor.java:436)
	at com.kms.katalon.core.main.TestCaseExecutor.processExecutionPhase(TestCaseExecutor.java:415)
	at com.kms.katalon.core.main.TestCaseExecutor.accessMainPhase(TestCaseExecutor.java:407)
	at com.kms.katalon.core.main.TestCaseExecutor.execute(TestCaseExecutor.java:284)
	at com.kms.katalon.core.common.CommonExecutor.accessTestCaseMainPhase(CommonExecutor.java:65)
	at com.kms.katalon.core.main.TestSuiteExecutor.accessTestSuiteMainPhase(TestSuiteExecutor.java:144)
	at com.kms.katalon.core.main.TestSuiteExecutor.execute(TestSuiteExecutor.java:106)
	at com.kms.katalon.core.main.TestCaseMain.startTestSuite(TestCaseMain.java:185)
	at com.kms.katalon.core.main.TestCaseMain$startTestSuite$0.call(Unknown Source)
	at TempTestSuite1654867643956.run(TempTestSuite1654867643956.groovy:36)
Caused by: com.kms.katalon.core.webui.exception.WebElementNotFoundException: Web element with id: 'Object Repository/1-OBJECTS TAREAS PRINCIPALES/Modulo Tarea Compensacion/Liquidacion y Reversion por Bancos/a_Reversar' located by '//table[3]/tbody/tr/td/a' not found
	at com.kms.katalon.core.webui.common.WebUiCommonHelper.findWebElement(WebUiCommonHelper.java:1370)
	at com.kms.katalon.core.webui.keyword.internal.WebUIAbstractKeyword.findWebElement(WebUIAbstractKeyword.groovy:27)
	at com.kms.katalon.core.webui.keyword.builtin.ClickKeyword$_click_closure1.doCall(ClickKeyword.groovy:65)
	at com.kms.katalon.core.webui.keyword.builtin.ClickKeyword$_click_closure1.call(ClickKeyword.groovy)
	at com.kms.katalon.core.webui.keyword.internal.WebUIKeywordMain.runKeyword(WebUIKeywordMain.groovy:20)
	at com.kms.katalon.core.webui.keyword.builtin.ClickKeyword.click(ClickKeyword.groovy:74)
	at com.kms.katalon.core.webui.keyword.builtin.ClickKeyword.execute(ClickKeyword.groovy:40)
	at com.kms.katalon.core.keyword.internal.KeywordExecutor.executeKeywordForPlatform(KeywordExecutor.groovy:74)
	at com.kms.katalon.core.webui.keyword.WebUiBuiltInKeywords.click(WebUiBuiltInKeywords.groovy:620)
	at com.kms.katalon.core.webui.keyword.WebUiBuiltInKeywords$click$5.call(Unknown Source)
	at Script1548866217205.run(Script1548866217205.groovy:45)
	... 13 more
)
[[ATTACHMENT|C:\\Users\\diego.rojas\\git\\Pruebas-Minimas\\Reports\\20220610_082723\\Test_Suite_Principales\\1-Tareas Principales\\20220610_082723\\1654869557049.png]]]]></system-out>
         <system-err><![CDATA[2022-06-10 08:57:41 - [TEST_CASE][FAILED] - Test Cases/1.1-Tareas Principales/1.3.7-Liquidacion y reversion por bancos: Test Cases/1.1-Tareas Principales/1.3.7-Liquidacion y reversion por bancos FAILED.
Reason:
com.kms.katalon.core.exception.StepFailedException: Unable to click on object 'Object Repository/1-OBJECTS TAREAS PRINCIPALES/Modulo Tarea Compensacion/Liquidacion y Reversion por Bancos/a_Reversar'
	at com.kms.katalon.core.webui.keyword.internal.WebUIKeywordMain.stepFailed(WebUIKeywordMain.groovy:64)
	at com.kms.katalon.core.webui.keyword.internal.WebUIKeywordMain.runKeyword(WebUIKeywordMain.groovy:26)
	at com.kms.katalon.core.webui.keyword.builtin.ClickKeyword.click(ClickKeyword.groovy:74)
	at com.kms.katalon.core.webui.keyword.builtin.ClickKeyword.execute(ClickKeyword.groovy:40)
	at com.kms.katalon.core.keyword.internal.KeywordExecutor.executeKeywordForPlatform(KeywordExecutor.groovy:74)
	at com.kms.katalon.core.webui.keyword.WebUiBuiltInKeywords.click(WebUiBuiltInKeywords.groovy:620)
	at com.kms.katalon.core.webui.keyword.WebUiBuiltInKeywords$click$5.call(Unknown Source)
	at 1.3.7-Liquidacion y reversion por bancos.run(1.3.7-Liquidacion y reversion por bancos:45)
	at com.kms.katalon.core.main.ScriptEngine.run(ScriptEngine.java:194)
	at com.kms.katalon.core.main.ScriptEngine.runScriptAsRawText(ScriptEngine.java:119)
	at com.kms.katalon.core.main.TestCaseExecutor.runScript(TestCaseExecutor.java:445)
	at com.kms.katalon.core.main.TestCaseExecutor.doExecute(TestCaseExecutor.java:436)
	at com.kms.katalon.core.main.TestCaseExecutor.processExecutionPhase(TestCaseExecutor.java:415)
	at com.kms.katalon.core.main.TestCaseExecutor.accessMainPhase(TestCaseExecutor.java:407)
	at com.kms.katalon.core.main.TestCaseExecutor.execute(TestCaseExecutor.java:284)
	at com.kms.katalon.core.common.CommonExecutor.accessTestCaseMainPhase(CommonExecutor.java:65)
	at com.kms.katalon.core.main.TestSuiteExecutor.accessTestSuiteMainPhase(TestSuiteExecutor.java:144)
	at com.kms.katalon.core.main.TestSuiteExecutor.execute(TestSuiteExecutor.java:106)
	at com.kms.katalon.core.main.TestCaseMain.startTestSuite(TestCaseMain.java:185)
	at com.kms.katalon.core.main.TestCaseMain$startTestSuite$0.call(Unknown Source)
	at TempTestSuite1654867643956.run(TempTestSuite1654867643956.groovy:36)
Caused by: com.kms.katalon.core.webui.exception.WebElementNotFoundException: Web element with id: 'Object Repository/1-OBJECTS TAREAS PRINCIPALES/Modulo Tarea Compensacion/Liquidacion y Reversion por Bancos/a_Reversar' located by '//table[3]/tbody/tr/td/a' not found
	at com.kms.katalon.core.webui.common.WebUiCommonHelper.findWebElement(WebUiCommonHelper.java:1370)
	at com.kms.katalon.core.webui.keyword.internal.WebUIAbstractKeyword.findWebElement(WebUIAbstractKeyword.groovy:27)
	at com.kms.katalon.core.webui.keyword.builtin.ClickKeyword$_click_closure1.doCall(ClickKeyword.groovy:65)
	at com.kms.katalon.core.webui.keyword.builtin.ClickKeyword$_click_closure1.call(ClickKeyword.groovy)
	at com.kms.katalon.core.webui.keyword.internal.WebUIKeywordMain.runKeyword(WebUIKeywordMain.groovy:20)
	... 19 more]]></system-err>
      </testcase>
      <testcase name="Test Cases/1.1-Tareas Principales/1.3.8-Exportacion de Archivo de Seguridad Social" time="15.525" classname="Test Cases/1.1-Tareas Principales/1.3.8-Exportacion de Archivo de Seguridad Social" status="PASSED">
         <system-out><![CDATA[2022-06-10 08:59:17 - [TEST_CASE][PASSED] - Test Cases/1.1-Tareas Principales/1.3.8-Exportacion de Archivo de Seguridad Social: Test Cases/1.1-Tareas Principales/1.3.8-Exportacion de Archivo de Seguridad Social

2022-06-10 08:59:17 - [TEST_STEP][PASSED] - callTestCase(findTestCase("Utilidades-(atajos_para _tareas)/Tareas Administracion Compensacion/Tarea Seguridad Social"), [:], STOP_ON_FAILURE): Call Test Case 'Test Cases/Utilidades-(atajos_para _tareas)/Tareas Administracion Compensacion/Tarea Seguridad Social' successfully

2022-06-10 08:59:17 - [TEST_CASE][PASSED] - Test Cases/Utilidades-(atajos_para _tareas)/Tareas Administracion Compensacion/Tarea Seguridad Social: Test Cases/Utilidades-(atajos_para _tareas)/Tareas Administracion Compensacion/Tarea Seguridad Social

2022-06-10 08:59:17 - [TEST_STEP][PASSED] - callTestCase(findTestCase("0.1-Login"), [:], STOP_ON_FAILURE): Call Test Case 'Test Cases/0.1-Login' successfully

2022-06-10 08:59:17 - [TEST_CASE][PASSED] - Test Cases/0.1-Login: Test Cases/0.1-Login

2022-06-10 08:59:17 - [TEST_STEP][PASSED] - openBrowser(""): Browser is opened with url: ''

2022-06-10 08:59:17 - [MESSAGE][WARNING] - A browser is already opened. Closing browser and opening a new one

2022-06-10 08:59:18 - [MESSAGE][INFO] - Starting 'Chrome' driver

2022-06-10 08:59:18 - [MESSAGE][INFO] - Action delay is set to 0 milliseconds

2022-06-10 08:59:19 - [MESSAGE][PASSED] - Browser is opened with url: ''

2022-06-10 08:59:19 - [TEST_STEP][PASSED] - maximizeWindow(): Current window maximized

2022-06-10 08:59:20 - [MESSAGE][PASSED] - Current window maximized

2022-06-10 08:59:20 - [TEST_STEP][PASSED] - i = G_Login: null

2022-06-10 08:59:20 - [TEST_STEP][PASSED] - url = new java.net.URL(i): null

2022-06-10 08:59:20 - [TEST_STEP][PASSED] - println("URL: " + url.toString()): null

2022-06-10 08:59:20 - [TEST_STEP][PASSED] - connection = url.openConnection(): null

2022-06-10 08:59:20 - [TEST_STEP][PASSED] - connection.setRequestMethod("GET"): null

2022-06-10 08:59:20 - [TEST_STEP][PASSED] - connection.setReadTimeout(2 * 1000): null

2022-06-10 08:59:20 - [TEST_STEP][PASSED] - try: null

2022-06-10 08:59:20 - [TEST_STEP][PASSED] - connection.connect(): null

2022-06-10 08:59:20 - [TEST_STEP][PASSED] - flag = connected: null

2022-06-10 08:59:20 - [TEST_STEP][PASSED] - println("Valor_ori: " + flag): null

2022-06-10 08:59:20 - [TEST_STEP][PASSED] - if (flag): null

2022-06-10 08:59:20 - [TEST_STEP][PASSED] - navigateToUrl(i): Navigate to 'http://192.168.2.19:8380/saraweb' successfully

2022-06-10 08:59:20 - [MESSAGE][PASSED] - Navigate to 'http://192.168.2.19:8380/saraweb' successfully

2022-06-10 08:59:20 - [TEST_STEP][PASSED] - a(): null

2022-06-10 08:59:20 - [TEST_STEP][PASSED] - setText(findTestObject("3-OBJECTS UTILIDADES/Login/input_USUARIO_loginusuario"), G_Usuario): Text 'saraadmin' is set on object 'Object Repository/3-OBJECTS UTILIDADES/Login/input_USUARIO_loginusuario'

2022-06-10 08:59:21 - [MESSAGE][PASSED] - Text 'saraadmin' is set on object 'Object Repository/3-OBJECTS UTILIDADES/Login/input_USUARIO_loginusuario'

2022-06-10 08:59:21 - [TEST_STEP][PASSED] - setEncryptedText(findTestObject("3-OBJECTS UTILIDADES/Login/input_CLAVE_loginpassword"), "MkG4/TYiCFC3cb2driP7+Q=="): Text ****** has been set on object 'Object Repository/3-OBJECTS UTILIDADES/Login/input_CLAVE_loginpassword'

2022-06-10 08:59:21 - [MESSAGE][PASSED] - Text ****** has been set on object 'Object Repository/3-OBJECTS UTILIDADES/Login/input_CLAVE_loginpassword'

2022-06-10 08:59:21 - [TEST_STEP][PASSED] - waitForElementClickable(findTestObject("3-OBJECTS UTILIDADES/Login/a_Ingresar"), G_TimeOut): Object 'Object Repository/3-OBJECTS UTILIDADES/Login/a_Ingresar' is clickable

2022-06-10 08:59:22 - [MESSAGE][PASSED] - Object 'Object Repository/3-OBJECTS UTILIDADES/Login/a_Ingresar' is clickable

2022-06-10 08:59:22 - [TEST_STEP][PASSED] - click(findTestObject("3-OBJECTS UTILIDADES/Login/a_Ingresar")): Object: 'Object Repository/3-OBJECTS UTILIDADES/Login/a_Ingresar' is clicked on

2022-06-10 08:59:23 - [MESSAGE][PASSED] - Object: 'Object Repository/3-OBJECTS UTILIDADES/Login/a_Ingresar' is clicked on

2022-06-10 08:59:23 - [TEST_STEP][PASSED] - element = findWebElement(findTestObject("3-OBJECTS UTILIDADES/Login/a_Ir"), 30): null

2022-06-10 08:59:24 - [TEST_STEP][PASSED] - executeJavaScript("arguments[0].click()", Arrays.asList(element)): Execute JavaScript 'arguments[0].click()' successfully

2022-06-10 08:59:24 - [MESSAGE][PASSED] - Execute JavaScript 'arguments[0].click()' successfully

2022-06-10 08:59:24 - [MESSAGE][PASSED] - Call Test Case 'Test Cases/0.1-Login' successfully

2022-06-10 08:59:24 - [TEST_STEP][PASSED] - waitForElementVisible(findTestObject("1-OBJECTS TAREAS PRINCIPALES/Modulo Tarea Compensacion/Tarea Seguridad Social/input_Ir_nav_t66_input"), 0): Object 'Object Repository/1-OBJECTS TAREAS PRINCIPALES/Modulo Tarea Compensacion/Tarea Seguridad Social/input_Ir_nav_t66_input' is visible

2022-06-10 08:59:24 - [MESSAGE][WARNING] - Timeout '0' is invalid. Using default page load timeout: '37'

2022-06-10 08:59:24 - [MESSAGE][PASSED] - Object 'Object Repository/1-OBJECTS TAREAS PRINCIPALES/Modulo Tarea Compensacion/Tarea Seguridad Social/input_Ir_nav_t66_input' is visible

2022-06-10 08:59:24 - [TEST_STEP][PASSED] - setText(findTestObject("1-OBJECTS TAREAS PRINCIPALES/Modulo Tarea Compensacion/Tarea Seguridad Social/input_Ir_nav_t66_input"), "Seguridad Social"): Text 'Seguridad Social' is set on object 'Object Repository/1-OBJECTS TAREAS PRINCIPALES/Modulo Tarea Compensacion/Tarea Seguridad Social/input_Ir_nav_t66_input'

2022-06-10 08:59:25 - [MESSAGE][PASSED] - Text 'Seguridad Social' is set on object 'Object Repository/1-OBJECTS TAREAS PRINCIPALES/Modulo Tarea Compensacion/Tarea Seguridad Social/input_Ir_nav_t66_input'

2022-06-10 08:59:25 - [TEST_STEP][PASSED] - waitForElementVisible(findTestObject("1-OBJECTS TAREAS PRINCIPALES/Modulo Tarea Compensacion/Tarea Seguridad Social/span_Seguridad Social"), 0): Object 'Object Repository/1-OBJECTS TAREAS PRINCIPALES/Modulo Tarea Compensacion/Tarea Seguridad Social/span_Seguridad Social' is visible

2022-06-10 08:59:25 - [MESSAGE][WARNING] - Timeout '0' is invalid. Using default page load timeout: '37'

2022-06-10 08:59:26 - [MESSAGE][PASSED] - Object 'Object Repository/1-OBJECTS TAREAS PRINCIPALES/Modulo Tarea Compensacion/Tarea Seguridad Social/span_Seguridad Social' is visible

2022-06-10 08:59:26 - [TEST_STEP][PASSED] - click(findTestObject("1-OBJECTS TAREAS PRINCIPALES/Modulo Tarea Compensacion/Tarea Seguridad Social/span_Seguridad Social")): Object: 'Object Repository/1-OBJECTS TAREAS PRINCIPALES/Modulo Tarea Compensacion/Tarea Seguridad Social/span_Seguridad Social' is clicked on

2022-06-10 08:59:27 - [MESSAGE][PASSED] - Object: 'Object Repository/1-OBJECTS TAREAS PRINCIPALES/Modulo Tarea Compensacion/Tarea Seguridad Social/span_Seguridad Social' is clicked on

2022-06-10 08:59:27 - [MESSAGE][PASSED] - Call Test Case 'Test Cases/Utilidades-(atajos_para _tareas)/Tareas Administracion Compensacion/Tarea Seguridad Social' successfully

2022-06-10 08:59:27 - [TEST_STEP][PASSED] - waitForElementClickable(findTestObject("1-OBJECTS TAREAS PRINCIPALES/Modulo Tarea Compensacion/Exportacion de Archivo de Seguridad Social/td_Planilla Empleados Empresa"), G_TimeOut): Object 'Object Repository/1-OBJECTS TAREAS PRINCIPALES/Modulo Tarea Compensacion/Exportacion de Archivo de Seguridad Social/td_Planilla Empleados Empresa' is clickable

2022-06-10 08:59:28 - [MESSAGE][PASSED] - Object 'Object Repository/1-OBJECTS TAREAS PRINCIPALES/Modulo Tarea Compensacion/Exportacion de Archivo de Seguridad Social/td_Planilla Empleados Empresa' is clickable

2022-06-10 08:59:28 - [TEST_STEP][PASSED] - click(findTestObject("1-OBJECTS TAREAS PRINCIPALES/Modulo Tarea Compensacion/Exportacion de Archivo de Seguridad Social/td_Planilla Empleados Empresa")): Object: 'Object Repository/1-OBJECTS TAREAS PRINCIPALES/Modulo Tarea Compensacion/Exportacion de Archivo de Seguridad Social/td_Planilla Empleados Empresa' is clicked on

2022-06-10 08:59:28 - [MESSAGE][PASSED] - Object: 'Object Repository/1-OBJECTS TAREAS PRINCIPALES/Modulo Tarea Compensacion/Exportacion de Archivo de Seguridad Social/td_Planilla Empleados Empresa' is clicked on

2022-06-10 08:59:28 - [TEST_STEP][PASSED] - waitForElementClickable(findTestObject("1-OBJECTS TAREAS PRINCIPALES/Modulo Tarea Compensacion/Exportacion de Archivo de Seguridad Social/img_csv"), G_TimeOut): Object 'Object Repository/1-OBJECTS TAREAS PRINCIPALES/Modulo Tarea Compensacion/Exportacion de Archivo de Seguridad Social/img_csv' is clickable

2022-06-10 08:59:29 - [MESSAGE][PASSED] - Object 'Object Repository/1-OBJECTS TAREAS PRINCIPALES/Modulo Tarea Compensacion/Exportacion de Archivo de Seguridad Social/img_csv' is clickable

2022-06-10 08:59:29 - [TEST_STEP][PASSED] - click(findTestObject("1-OBJECTS TAREAS PRINCIPALES/Modulo Tarea Compensacion/Exportacion de Archivo de Seguridad Social/img_csv")): Object: 'Object Repository/1-OBJECTS TAREAS PRINCIPALES/Modulo Tarea Compensacion/Exportacion de Archivo de Seguridad Social/img_csv' is clicked on

2022-06-10 08:59:29 - [MESSAGE][PASSED] - Object: 'Object Repository/1-OBJECTS TAREAS PRINCIPALES/Modulo Tarea Compensacion/Exportacion de Archivo de Seguridad Social/img_csv' is clicked on

2022-06-10 08:59:29 - [TEST_STEP][PASSED] - waitForElementClickable(findTestObject("1-OBJECTS TAREAS PRINCIPALES/Modulo Tarea Compensacion/Exportacion de Archivo de Seguridad Social/a_Archivo"), G_TimeOut): Object 'Object Repository/1-OBJECTS TAREAS PRINCIPALES/Modulo Tarea Compensacion/Exportacion de Archivo de Seguridad Social/a_Archivo' is clickable

2022-06-10 08:59:30 - [MESSAGE][PASSED] - Object 'Object Repository/1-OBJECTS TAREAS PRINCIPALES/Modulo Tarea Compensacion/Exportacion de Archivo de Seguridad Social/a_Archivo' is clickable

2022-06-10 08:59:30 - [TEST_STEP][PASSED] - click(findTestObject("1-OBJECTS TAREAS PRINCIPALES/Modulo Tarea Compensacion/Exportacion de Archivo de Seguridad Social/a_Archivo")): Object: 'Object Repository/1-OBJECTS TAREAS PRINCIPALES/Modulo Tarea Compensacion/Exportacion de Archivo de Seguridad Social/a_Archivo' is clicked on

2022-06-10 08:59:30 - [MESSAGE][PASSED] - Object: 'Object Repository/1-OBJECTS TAREAS PRINCIPALES/Modulo Tarea Compensacion/Exportacion de Archivo de Seguridad Social/a_Archivo' is clicked on

2022-06-10 08:59:30 - [TEST_STEP][PASSED] - click(findTestObject("1-OBJECTS TAREAS PRINCIPALES/Modulo Tarea Compensacion/Exportacion de Archivo de Seguridad Social/a_Archivo_1")): Object: 'Object Repository/1-OBJECTS TAREAS PRINCIPALES/Modulo Tarea Compensacion/Exportacion de Archivo de Seguridad Social/a_Archivo_1' is clicked on

2022-06-10 08:59:30 - [MESSAGE][PASSED] - Object: 'Object Repository/1-OBJECTS TAREAS PRINCIPALES/Modulo Tarea Compensacion/Exportacion de Archivo de Seguridad Social/a_Archivo_1' is clicked on

2022-06-10 08:59:30 - [TEST_STEP][PASSED] - waitForElementClickable(findTestObject("1-OBJECTS TAREAS PRINCIPALES/Modulo Tarea Compensacion/Exportacion de Archivo de Seguridad Social/a_Si"), G_TimeOut): Object 'Object Repository/1-OBJECTS TAREAS PRINCIPALES/Modulo Tarea Compensacion/Exportacion de Archivo de Seguridad Social/a_Si' is clickable

2022-06-10 08:59:31 - [MESSAGE][PASSED] - Object 'Object Repository/1-OBJECTS TAREAS PRINCIPALES/Modulo Tarea Compensacion/Exportacion de Archivo de Seguridad Social/a_Si' is clickable

2022-06-10 08:59:31 - [TEST_STEP][PASSED] - click(findTestObject("1-OBJECTS TAREAS PRINCIPALES/Modulo Tarea Compensacion/Exportacion de Archivo de Seguridad Social/a_Si")): Object: 'Object Repository/1-OBJECTS TAREAS PRINCIPALES/Modulo Tarea Compensacion/Exportacion de Archivo de Seguridad Social/a_Si' is clicked on

2022-06-10 08:59:31 - [MESSAGE][PASSED] - Object: 'Object Repository/1-OBJECTS TAREAS PRINCIPALES/Modulo Tarea Compensacion/Exportacion de Archivo de Seguridad Social/a_Si' is clicked on

2022-06-10 08:59:31 - [TEST_STEP][PASSED] - closeBrowser(): Browser is closed

2022-06-10 08:59:32 - [MESSAGE][PASSED] - Browser is closed]]></system-out>
         <system-err><![CDATA[]]></system-err>
      </testcase>
      <testcase name="Test Cases/1.1-Tareas Principales/1.3.9-Archivo Cargue Operador" time="15.143" classname="Test Cases/1.1-Tareas Principales/1.3.9-Archivo Cargue Operador" status="PASSED">
         <system-out><![CDATA[2022-06-10 08:59:32 - [TEST_CASE][PASSED] - Test Cases/1.1-Tareas Principales/1.3.9-Archivo Cargue Operador: Test Cases/1.1-Tareas Principales/1.3.9-Archivo Cargue Operador

2022-06-10 08:59:33 - [TEST_STEP][PASSED] - callTestCase(findTestCase("Utilidades-(atajos_para _tareas)/Tareas Administracion Compensacion/Tarea Seguridad Social"), [:], STOP_ON_FAILURE): Call Test Case 'Test Cases/Utilidades-(atajos_para _tareas)/Tareas Administracion Compensacion/Tarea Seguridad Social' successfully

2022-06-10 08:59:33 - [TEST_CASE][PASSED] - Test Cases/Utilidades-(atajos_para _tareas)/Tareas Administracion Compensacion/Tarea Seguridad Social: Test Cases/Utilidades-(atajos_para _tareas)/Tareas Administracion Compensacion/Tarea Seguridad Social

2022-06-10 08:59:33 - [TEST_STEP][PASSED] - callTestCase(findTestCase("0.1-Login"), [:], STOP_ON_FAILURE): Call Test Case 'Test Cases/0.1-Login' successfully

2022-06-10 08:59:33 - [TEST_CASE][PASSED] - Test Cases/0.1-Login: Test Cases/0.1-Login

2022-06-10 08:59:33 - [TEST_STEP][PASSED] - openBrowser(""): Browser is opened with url: ''

2022-06-10 08:59:33 - [MESSAGE][INFO] - Starting 'Chrome' driver

2022-06-10 08:59:33 - [MESSAGE][INFO] - Action delay is set to 0 milliseconds

2022-06-10 08:59:34 - [MESSAGE][PASSED] - Browser is opened with url: ''

2022-06-10 08:59:34 - [TEST_STEP][PASSED] - maximizeWindow(): Current window maximized

2022-06-10 08:59:34 - [MESSAGE][PASSED] - Current window maximized

2022-06-10 08:59:34 - [TEST_STEP][PASSED] - i = G_Login: null

2022-06-10 08:59:34 - [TEST_STEP][PASSED] - url = new java.net.URL(i): null

2022-06-10 08:59:34 - [TEST_STEP][PASSED] - println("URL: " + url.toString()): null

2022-06-10 08:59:34 - [TEST_STEP][PASSED] - connection = url.openConnection(): null

2022-06-10 08:59:34 - [TEST_STEP][PASSED] - connection.setRequestMethod("GET"): null

2022-06-10 08:59:34 - [TEST_STEP][PASSED] - connection.setReadTimeout(2 * 1000): null

2022-06-10 08:59:34 - [TEST_STEP][PASSED] - try: null

2022-06-10 08:59:34 - [TEST_STEP][PASSED] - connection.connect(): null

2022-06-10 08:59:34 - [TEST_STEP][PASSED] - flag = connected: null

2022-06-10 08:59:34 - [TEST_STEP][PASSED] - println("Valor_ori: " + flag): null

2022-06-10 08:59:34 - [TEST_STEP][PASSED] - if (flag): null

2022-06-10 08:59:34 - [TEST_STEP][PASSED] - navigateToUrl(i): Navigate to 'http://192.168.2.19:8380/saraweb' successfully

2022-06-10 08:59:35 - [MESSAGE][PASSED] - Navigate to 'http://192.168.2.19:8380/saraweb' successfully

2022-06-10 08:59:35 - [TEST_STEP][PASSED] - a(): null

2022-06-10 08:59:35 - [TEST_STEP][PASSED] - setText(findTestObject("3-OBJECTS UTILIDADES/Login/input_USUARIO_loginusuario"), G_Usuario): Text 'saraadmin' is set on object 'Object Repository/3-OBJECTS UTILIDADES/Login/input_USUARIO_loginusuario'

2022-06-10 08:59:35 - [MESSAGE][PASSED] - Text 'saraadmin' is set on object 'Object Repository/3-OBJECTS UTILIDADES/Login/input_USUARIO_loginusuario'

2022-06-10 08:59:35 - [TEST_STEP][PASSED] - setEncryptedText(findTestObject("3-OBJECTS UTILIDADES/Login/input_CLAVE_loginpassword"), "MkG4/TYiCFC3cb2driP7+Q=="): Text ****** has been set on object 'Object Repository/3-OBJECTS UTILIDADES/Login/input_CLAVE_loginpassword'

2022-06-10 08:59:36 - [MESSAGE][PASSED] - Text ****** has been set on object 'Object Repository/3-OBJECTS UTILIDADES/Login/input_CLAVE_loginpassword'

2022-06-10 08:59:36 - [TEST_STEP][PASSED] - waitForElementClickable(findTestObject("3-OBJECTS UTILIDADES/Login/a_Ingresar"), G_TimeOut): Object 'Object Repository/3-OBJECTS UTILIDADES/Login/a_Ingresar' is clickable

2022-06-10 08:59:36 - [MESSAGE][PASSED] - Object 'Object Repository/3-OBJECTS UTILIDADES/Login/a_Ingresar' is clickable

2022-06-10 08:59:36 - [TEST_STEP][PASSED] - click(findTestObject("3-OBJECTS UTILIDADES/Login/a_Ingresar")): Object: 'Object Repository/3-OBJECTS UTILIDADES/Login/a_Ingresar' is clicked on

2022-06-10 08:59:38 - [MESSAGE][PASSED] - Object: 'Object Repository/3-OBJECTS UTILIDADES/Login/a_Ingresar' is clicked on

2022-06-10 08:59:38 - [TEST_STEP][PASSED] - element = findWebElement(findTestObject("3-OBJECTS UTILIDADES/Login/a_Ir"), 30): null

2022-06-10 08:59:38 - [TEST_STEP][PASSED] - executeJavaScript("arguments[0].click()", Arrays.asList(element)): Execute JavaScript 'arguments[0].click()' successfully

2022-06-10 08:59:38 - [MESSAGE][PASSED] - Execute JavaScript 'arguments[0].click()' successfully

2022-06-10 08:59:38 - [MESSAGE][PASSED] - Call Test Case 'Test Cases/0.1-Login' successfully

2022-06-10 08:59:38 - [TEST_STEP][PASSED] - waitForElementVisible(findTestObject("1-OBJECTS TAREAS PRINCIPALES/Modulo Tarea Compensacion/Tarea Seguridad Social/input_Ir_nav_t66_input"), 0): Object 'Object Repository/1-OBJECTS TAREAS PRINCIPALES/Modulo Tarea Compensacion/Tarea Seguridad Social/input_Ir_nav_t66_input' is visible

2022-06-10 08:59:38 - [MESSAGE][WARNING] - Timeout '0' is invalid. Using default page load timeout: '37'

2022-06-10 08:59:39 - [MESSAGE][PASSED] - Object 'Object Repository/1-OBJECTS TAREAS PRINCIPALES/Modulo Tarea Compensacion/Tarea Seguridad Social/input_Ir_nav_t66_input' is visible

2022-06-10 08:59:39 - [TEST_STEP][PASSED] - setText(findTestObject("1-OBJECTS TAREAS PRINCIPALES/Modulo Tarea Compensacion/Tarea Seguridad Social/input_Ir_nav_t66_input"), "Seguridad Social"): Text 'Seguridad Social' is set on object 'Object Repository/1-OBJECTS TAREAS PRINCIPALES/Modulo Tarea Compensacion/Tarea Seguridad Social/input_Ir_nav_t66_input'

2022-06-10 08:59:40 - [MESSAGE][PASSED] - Text 'Seguridad Social' is set on object 'Object Repository/1-OBJECTS TAREAS PRINCIPALES/Modulo Tarea Compensacion/Tarea Seguridad Social/input_Ir_nav_t66_input'

2022-06-10 08:59:40 - [TEST_STEP][PASSED] - waitForElementVisible(findTestObject("1-OBJECTS TAREAS PRINCIPALES/Modulo Tarea Compensacion/Tarea Seguridad Social/span_Seguridad Social"), 0): Object 'Object Repository/1-OBJECTS TAREAS PRINCIPALES/Modulo Tarea Compensacion/Tarea Seguridad Social/span_Seguridad Social' is visible

2022-06-10 08:59:40 - [MESSAGE][WARNING] - Timeout '0' is invalid. Using default page load timeout: '37'

2022-06-10 08:59:41 - [MESSAGE][PASSED] - Object 'Object Repository/1-OBJECTS TAREAS PRINCIPALES/Modulo Tarea Compensacion/Tarea Seguridad Social/span_Seguridad Social' is visible

2022-06-10 08:59:41 - [TEST_STEP][PASSED] - click(findTestObject("1-OBJECTS TAREAS PRINCIPALES/Modulo Tarea Compensacion/Tarea Seguridad Social/span_Seguridad Social")): Object: 'Object Repository/1-OBJECTS TAREAS PRINCIPALES/Modulo Tarea Compensacion/Tarea Seguridad Social/span_Seguridad Social' is clicked on

2022-06-10 08:59:42 - [MESSAGE][PASSED] - Object: 'Object Repository/1-OBJECTS TAREAS PRINCIPALES/Modulo Tarea Compensacion/Tarea Seguridad Social/span_Seguridad Social' is clicked on

2022-06-10 08:59:42 - [MESSAGE][PASSED] - Call Test Case 'Test Cases/Utilidades-(atajos_para _tareas)/Tareas Administracion Compensacion/Tarea Seguridad Social' successfully

2022-06-10 08:59:42 - [TEST_STEP][PASSED] - waitForElementClickable(findTestObject("1-OBJECTS TAREAS PRINCIPALES/Modulo Tarea Compensacion/Archivo Cargue Operador/td_Planilla Empleados Empresa"), 0): Object 'Object Repository/1-OBJECTS TAREAS PRINCIPALES/Modulo Tarea Compensacion/Archivo Cargue Operador/td_Planilla Empleados Empresa' is clickable

2022-06-10 08:59:42 - [MESSAGE][WARNING] - Timeout '0' is invalid. Using default page load timeout: '37'

2022-06-10 08:59:43 - [MESSAGE][PASSED] - Object 'Object Repository/1-OBJECTS TAREAS PRINCIPALES/Modulo Tarea Compensacion/Archivo Cargue Operador/td_Planilla Empleados Empresa' is clickable

2022-06-10 08:59:43 - [TEST_STEP][PASSED] - click(findTestObject("1-OBJECTS TAREAS PRINCIPALES/Modulo Tarea Compensacion/Archivo Cargue Operador/td_Planilla Empleados Empresa")): Object: 'Object Repository/1-OBJECTS TAREAS PRINCIPALES/Modulo Tarea Compensacion/Archivo Cargue Operador/td_Planilla Empleados Empresa' is clicked on

2022-06-10 08:59:43 - [MESSAGE][PASSED] - Object: 'Object Repository/1-OBJECTS TAREAS PRINCIPALES/Modulo Tarea Compensacion/Archivo Cargue Operador/td_Planilla Empleados Empresa' is clicked on

2022-06-10 08:59:43 - [TEST_STEP][PASSED] - click(findTestObject("1-OBJECTS TAREAS PRINCIPALES/Modulo Tarea Compensacion/Archivo Cargue Operador/a_Archivo_")): Object: 'Object Repository/1-OBJECTS TAREAS PRINCIPALES/Modulo Tarea Compensacion/Archivo Cargue Operador/a_Archivo_' is clicked on

2022-06-10 08:59:44 - [MESSAGE][PASSED] - Object: 'Object Repository/1-OBJECTS TAREAS PRINCIPALES/Modulo Tarea Compensacion/Archivo Cargue Operador/a_Archivo_' is clicked on

2022-06-10 08:59:44 - [TEST_STEP][PASSED] - click(findTestObject("1-OBJECTS TAREAS PRINCIPALES/Modulo Tarea Compensacion/Archivo Cargue Operador/a_Archivo_1")): Object: 'Object Repository/1-OBJECTS TAREAS PRINCIPALES/Modulo Tarea Compensacion/Archivo Cargue Operador/a_Archivo_1' is clicked on

2022-06-10 08:59:45 - [MESSAGE][PASSED] - Object: 'Object Repository/1-OBJECTS TAREAS PRINCIPALES/Modulo Tarea Compensacion/Archivo Cargue Operador/a_Archivo_1' is clicked on

2022-06-10 08:59:45 - [TEST_STEP][PASSED] - click(findTestObject("1-OBJECTS TAREAS PRINCIPALES/Modulo Tarea Compensacion/Archivo Cargue Operador/a_Si")): Object: 'Object Repository/1-OBJECTS TAREAS PRINCIPALES/Modulo Tarea Compensacion/Archivo Cargue Operador/a_Si' is clicked on

2022-06-10 08:59:47 - [MESSAGE][PASSED] - Object: 'Object Repository/1-OBJECTS TAREAS PRINCIPALES/Modulo Tarea Compensacion/Archivo Cargue Operador/a_Si' is clicked on

2022-06-10 08:59:47 - [TEST_STEP][PASSED] - closeBrowser(): Browser is closed

2022-06-10 08:59:47 - [MESSAGE][PASSED] - Browser is closed]]></system-out>
         <system-err><![CDATA[]]></system-err>
      </testcase>
      <testcase name="Test Cases/1.1-Tareas Principales/1.4.1-Liquidacion_de_contrato" time="59.668" classname="Test Cases/1.1-Tareas Principales/1.4.1-Liquidacion_de_contrato" status="FAILED">
         <failure type="FAILED" message="Test Cases/1.1-Tareas Principales/1.4.1-Liquidacion_de_contrato FAILED.
Reason:
com.kms.katalon.core.exception.StepFailedException: Unable to click on object 'Object Repository/1-OBJECTS TAREAS PRINCIPALES/Modulo Tarea Compensacion/Liquidar Conceptos y Variables/a_Nuevo0'
	at com.kms.katalon.core.webui.keyword.internal.WebUIKeywordMain.stepFailed(WebUIKeywordMain.groovy:64)
	at com.kms.katalon.core.webui.keyword.internal.WebUIKeywordMain.runKeyword(WebUIKeywordMain.groovy:26)
	at com.kms.katalon.core.webui.keyword.builtin.ClickKeyword.click(ClickKeyword.groovy:74)
	at com.kms.katalon.core.webui.keyword.builtin.ClickKeyword.execute(ClickKeyword.groovy:40)
	at com.kms.katalon.core.keyword.internal.KeywordExecutor.executeKeywordForPlatform(KeywordExecutor.groovy:74)
	at com.kms.katalon.core.webui.keyword.WebUiBuiltInKeywords.click(WebUiBuiltInKeywords.groovy:620)
	at com.kms.katalon.core.webui.keyword.WebUiBuiltInKeywords$click$5.call(Unknown Source)
	at 1.4.1-Liquidacion_de_contrato.run(1.4.1-Liquidacion_de_contrato:70)
	at com.kms.katalon.core.main.ScriptEngine.run(ScriptEngine.java:194)
	at com.kms.katalon.core.main.ScriptEngine.runScriptAsRawText(ScriptEngine.java:119)
	at com.kms.katalon.core.main.TestCaseExecutor.runScript(TestCaseExecutor.java:445)
	at com.kms.katalon.core.main.TestCaseExecutor.doExecute(TestCaseExecutor.java:436)
	at com.kms.katalon.core.main.TestCaseExecutor.processExecutionPhase(TestCaseExecutor.java:415)
	at com.kms.katalon.core.main.TestCaseExecutor.accessMainPhase(TestCaseExecutor.java:407)
	at com.kms.katalon.core.main.TestCaseExecutor.execute(TestCaseExecutor.java:284)
	at com.kms.katalon.core.common.CommonExecutor.accessTestCaseMainPhase(CommonExecutor.java:65)
	at com.kms.katalon.core.main.TestSuiteExecutor.accessTestSuiteMainPhase(TestSuiteExecutor.java:144)
	at com.kms.katalon.core.main.TestSuiteExecutor.execute(TestSuiteExecutor.java:106)
	at com.kms.katalon.core.main.TestCaseMain.startTestSuite(TestCaseMain.java:185)
	at com.kms.katalon.core.main.TestCaseMain$startTestSuite$0.call(Unknown Source)
	at TempTestSuite1654867643956.run(TempTestSuite1654867643956.groovy:36)
Caused by: com.kms.katalon.core.webui.exception.WebElementNotFoundException: Web element with id: 'Object Repository/1-OBJECTS TAREAS PRINCIPALES/Modulo Tarea Compensacion/Liquidar Conceptos y Variables/a_Nuevo0' located by '//a[contains(text(),'Nuevo')]' not found
	at com.kms.katalon.core.webui.common.WebUiCommonHelper.findWebElement(WebUiCommonHelper.java:1370)
	at com.kms.katalon.core.webui.keyword.internal.WebUIAbstractKeyword.findWebElement(WebUIAbstractKeyword.groovy:27)
	at com.kms.katalon.core.webui.keyword.builtin.ClickKeyword$_click_closure1.doCall(ClickKeyword.groovy:65)
	at com.kms.katalon.core.webui.keyword.builtin.ClickKeyword$_click_closure1.call(ClickKeyword.groovy)
	at com.kms.katalon.core.webui.keyword.internal.WebUIKeywordMain.runKeyword(WebUIKeywordMain.groovy:20)
	... 19 more
"/>
         <system-out><![CDATA[2022-06-10 08:59:47 - [TEST_CASE][FAILED] - Test Cases/1.1-Tareas Principales/1.4.1-Liquidacion_de_contrato: Test Cases/1.1-Tareas Principales/1.4.1-Liquidacion_de_contrato FAILED.
Reason:
com.kms.katalon.core.exception.StepFailedException: Unable to click on object 'Object Repository/1-OBJECTS TAREAS PRINCIPALES/Modulo Tarea Compensacion/Liquidar Conceptos y Variables/a_Nuevo0'
	at com.kms.katalon.core.webui.keyword.internal.WebUIKeywordMain.stepFailed(WebUIKeywordMain.groovy:64)
	at com.kms.katalon.core.webui.keyword.internal.WebUIKeywordMain.runKeyword(WebUIKeywordMain.groovy:26)
	at com.kms.katalon.core.webui.keyword.builtin.ClickKeyword.click(ClickKeyword.groovy:74)
	at com.kms.katalon.core.webui.keyword.builtin.ClickKeyword.execute(ClickKeyword.groovy:40)
	at com.kms.katalon.core.keyword.internal.KeywordExecutor.executeKeywordForPlatform(KeywordExecutor.groovy:74)
	at com.kms.katalon.core.webui.keyword.WebUiBuiltInKeywords.click(WebUiBuiltInKeywords.groovy:620)
	at com.kms.katalon.core.webui.keyword.WebUiBuiltInKeywords$click$5.call(Unknown Source)
	at 1.4.1-Liquidacion_de_contrato.run(1.4.1-Liquidacion_de_contrato:70)
	at com.kms.katalon.core.main.ScriptEngine.run(ScriptEngine.java:194)
	at com.kms.katalon.core.main.ScriptEngine.runScriptAsRawText(ScriptEngine.java:119)
	at com.kms.katalon.core.main.TestCaseExecutor.runScript(TestCaseExecutor.java:445)
	at com.kms.katalon.core.main.TestCaseExecutor.doExecute(TestCaseExecutor.java:436)
	at com.kms.katalon.core.main.TestCaseExecutor.processExecutionPhase(TestCaseExecutor.java:415)
	at com.kms.katalon.core.main.TestCaseExecutor.accessMainPhase(TestCaseExecutor.java:407)
	at com.kms.katalon.core.main.TestCaseExecutor.execute(TestCaseExecutor.java:284)
	at com.kms.katalon.core.common.CommonExecutor.accessTestCaseMainPhase(CommonExecutor.java:65)
	at com.kms.katalon.core.main.TestSuiteExecutor.accessTestSuiteMainPhase(TestSuiteExecutor.java:144)
	at com.kms.katalon.core.main.TestSuiteExecutor.execute(TestSuiteExecutor.java:106)
	at com.kms.katalon.core.main.TestCaseMain.startTestSuite(TestCaseMain.java:185)
	at com.kms.katalon.core.main.TestCaseMain$startTestSuite$0.call(Unknown Source)
	at TempTestSuite1654867643956.run(TempTestSuite1654867643956.groovy:36)
Caused by: com.kms.katalon.core.webui.exception.WebElementNotFoundException: Web element with id: 'Object Repository/1-OBJECTS TAREAS PRINCIPALES/Modulo Tarea Compensacion/Liquidar Conceptos y Variables/a_Nuevo0' located by '//a[contains(text(),'Nuevo')]' not found
	at com.kms.katalon.core.webui.common.WebUiCommonHelper.findWebElement(WebUiCommonHelper.java:1370)
	at com.kms.katalon.core.webui.keyword.internal.WebUIAbstractKeyword.findWebElement(WebUIAbstractKeyword.groovy:27)
	at com.kms.katalon.core.webui.keyword.builtin.ClickKeyword$_click_closure1.doCall(ClickKeyword.groovy:65)
	at com.kms.katalon.core.webui.keyword.builtin.ClickKeyword$_click_closure1.call(ClickKeyword.groovy)
	at com.kms.katalon.core.webui.keyword.internal.WebUIKeywordMain.runKeyword(WebUIKeywordMain.groovy:20)
	... 19 more


2022-06-10 08:59:48 - [TEST_STEP][PASSED] - callTestCase(findTestCase("Utilidades-(atajos_para _tareas)/Tareas Administracion Compensacion/Tarea Listado Empleados"), [:], STOP_ON_FAILURE): Call Test Case 'Test Cases/Utilidades-(atajos_para _tareas)/Tareas Administracion Compensacion/Tarea Listado Empleados' successfully

2022-06-10 08:59:48 - [TEST_CASE][PASSED] - Test Cases/Utilidades-(atajos_para _tareas)/Tareas Administracion Compensacion/Tarea Listado Empleados: Test Cases/Utilidades-(atajos_para _tareas)/Tareas Administracion Compensacion/Tarea Listado Empleados

2022-06-10 08:59:48 - [TEST_STEP][PASSED] - callTestCase(findTestCase("0.1-Login"), [:], STOP_ON_FAILURE): Call Test Case 'Test Cases/0.1-Login' successfully

2022-06-10 08:59:48 - [TEST_CASE][PASSED] - Test Cases/0.1-Login: Test Cases/0.1-Login

2022-06-10 08:59:48 - [TEST_STEP][PASSED] - openBrowser(""): Browser is opened with url: ''

2022-06-10 08:59:48 - [MESSAGE][INFO] - Starting 'Chrome' driver

2022-06-10 08:59:48 - [MESSAGE][INFO] - Action delay is set to 0 milliseconds

2022-06-10 08:59:49 - [MESSAGE][PASSED] - Browser is opened with url: ''

2022-06-10 08:59:49 - [TEST_STEP][PASSED] - maximizeWindow(): Current window maximized

2022-06-10 08:59:49 - [MESSAGE][PASSED] - Current window maximized

2022-06-10 08:59:49 - [TEST_STEP][PASSED] - i = G_Login: null

2022-06-10 08:59:49 - [TEST_STEP][PASSED] - url = new java.net.URL(i): null

2022-06-10 08:59:49 - [TEST_STEP][PASSED] - println("URL: " + url.toString()): null

2022-06-10 08:59:49 - [TEST_STEP][PASSED] - connection = url.openConnection(): null

2022-06-10 08:59:49 - [TEST_STEP][PASSED] - connection.setRequestMethod("GET"): null

2022-06-10 08:59:49 - [TEST_STEP][PASSED] - connection.setReadTimeout(2 * 1000): null

2022-06-10 08:59:49 - [TEST_STEP][PASSED] - try: null

2022-06-10 08:59:49 - [TEST_STEP][PASSED] - connection.connect(): null

2022-06-10 08:59:49 - [TEST_STEP][PASSED] - flag = connected: null

2022-06-10 08:59:49 - [TEST_STEP][PASSED] - println("Valor_ori: " + flag): null

2022-06-10 08:59:49 - [TEST_STEP][PASSED] - if (flag): null

2022-06-10 08:59:49 - [TEST_STEP][PASSED] - navigateToUrl(i): Navigate to 'http://192.168.2.19:8380/saraweb' successfully

2022-06-10 08:59:50 - [MESSAGE][PASSED] - Navigate to 'http://192.168.2.19:8380/saraweb' successfully

2022-06-10 08:59:50 - [TEST_STEP][PASSED] - a(): null

2022-06-10 08:59:50 - [TEST_STEP][PASSED] - setText(findTestObject("3-OBJECTS UTILIDADES/Login/input_USUARIO_loginusuario"), G_Usuario): Text 'saraadmin' is set on object 'Object Repository/3-OBJECTS UTILIDADES/Login/input_USUARIO_loginusuario'

2022-06-10 08:59:51 - [MESSAGE][PASSED] - Text 'saraadmin' is set on object 'Object Repository/3-OBJECTS UTILIDADES/Login/input_USUARIO_loginusuario'

2022-06-10 08:59:51 - [TEST_STEP][PASSED] - setEncryptedText(findTestObject("3-OBJECTS UTILIDADES/Login/input_CLAVE_loginpassword"), "MkG4/TYiCFC3cb2driP7+Q=="): Text ****** has been set on object 'Object Repository/3-OBJECTS UTILIDADES/Login/input_CLAVE_loginpassword'

2022-06-10 08:59:51 - [MESSAGE][PASSED] - Text ****** has been set on object 'Object Repository/3-OBJECTS UTILIDADES/Login/input_CLAVE_loginpassword'

2022-06-10 08:59:51 - [TEST_STEP][PASSED] - waitForElementClickable(findTestObject("3-OBJECTS UTILIDADES/Login/a_Ingresar"), G_TimeOut): Object 'Object Repository/3-OBJECTS UTILIDADES/Login/a_Ingresar' is clickable

2022-06-10 08:59:51 - [MESSAGE][PASSED] - Object 'Object Repository/3-OBJECTS UTILIDADES/Login/a_Ingresar' is clickable

2022-06-10 08:59:51 - [TEST_STEP][PASSED] - click(findTestObject("3-OBJECTS UTILIDADES/Login/a_Ingresar")): Object: 'Object Repository/3-OBJECTS UTILIDADES/Login/a_Ingresar' is clicked on

2022-06-10 08:59:52 - [MESSAGE][PASSED] - Object: 'Object Repository/3-OBJECTS UTILIDADES/Login/a_Ingresar' is clicked on

2022-06-10 08:59:52 - [TEST_STEP][PASSED] - element = findWebElement(findTestObject("3-OBJECTS UTILIDADES/Login/a_Ir"), 30): null

2022-06-10 08:59:53 - [TEST_STEP][PASSED] - executeJavaScript("arguments[0].click()", Arrays.asList(element)): Execute JavaScript 'arguments[0].click()' successfully

2022-06-10 08:59:53 - [MESSAGE][PASSED] - Execute JavaScript 'arguments[0].click()' successfully

2022-06-10 08:59:53 - [MESSAGE][PASSED] - Call Test Case 'Test Cases/0.1-Login' successfully

2022-06-10 08:59:53 - [TEST_STEP][PASSED] - setText(findTestObject("1-OBJECTS TAREAS PRINCIPALES/Modulo Tarea Listado Hojas de Vida/Tareas Listado Hojas de Vida/input_Listado Hojas De Vida_form_templatej_idt24_input"), "Listado de Empleados"): Text 'Listado de Empleados' is set on object 'Object Repository/1-OBJECTS TAREAS PRINCIPALES/Modulo Tarea Listado Hojas de Vida/Tareas Listado Hojas de Vida/input_Listado Hojas De Vida_form_templatej_idt24_input'

2022-06-10 08:59:54 - [MESSAGE][PASSED] - Text 'Listado de Empleados' is set on object 'Object Repository/1-OBJECTS TAREAS PRINCIPALES/Modulo Tarea Listado Hojas de Vida/Tareas Listado Hojas de Vida/input_Listado Hojas De Vida_form_templatej_idt24_input'

2022-06-10 08:59:54 - [TEST_STEP][PASSED] - waitForElementVisible(findTestObject("1-OBJECTS TAREAS PRINCIPALES/Modulo Tarea Listado Hojas de Vida/Tareas Listado Hojas de Vida/span_Listado de Empleados"), 0): Object 'Object Repository/1-OBJECTS TAREAS PRINCIPALES/Modulo Tarea Listado Hojas de Vida/Tareas Listado Hojas de Vida/span_Listado de Empleados' is visible

2022-06-10 08:59:54 - [MESSAGE][WARNING] - Timeout '0' is invalid. Using default page load timeout: '37'

2022-06-10 08:59:55 - [MESSAGE][PASSED] - Object 'Object Repository/1-OBJECTS TAREAS PRINCIPALES/Modulo Tarea Listado Hojas de Vida/Tareas Listado Hojas de Vida/span_Listado de Empleados' is visible

2022-06-10 08:59:55 - [TEST_STEP][PASSED] - click(findTestObject("1-OBJECTS TAREAS PRINCIPALES/Modulo Tarea Listado Hojas de Vida/Tareas Listado Hojas de Vida/span_Listado de Empleados")): Object: 'Object Repository/1-OBJECTS TAREAS PRINCIPALES/Modulo Tarea Listado Hojas de Vida/Tareas Listado Hojas de Vida/span_Listado de Empleados' is clicked on

2022-06-10 08:59:56 - [MESSAGE][PASSED] - Object: 'Object Repository/1-OBJECTS TAREAS PRINCIPALES/Modulo Tarea Listado Hojas de Vida/Tareas Listado Hojas de Vida/span_Listado de Empleados' is clicked on

2022-06-10 08:59:56 - [MESSAGE][PASSED] - Call Test Case 'Test Cases/Utilidades-(atajos_para _tareas)/Tareas Administracion Compensacion/Tarea Listado Empleados' successfully

2022-06-10 08:59:56 - [TEST_STEP][PASSED] - waitForElementClickable(findTestObject("1-OBJECTS TAREAS PRINCIPALES/Modulo Tarea Compensacion/Liquidar Conceptos y Variables/input_Identificacin_listadoEmp"), 0): Object 'Object Repository/1-OBJECTS TAREAS PRINCIPALES/Modulo Tarea Compensacion/Liquidar Conceptos y Variables/input_Identificacin_listadoEmp' is clickable

2022-06-10 08:59:56 - [MESSAGE][WARNING] - Timeout '0' is invalid. Using default page load timeout: '37'

2022-06-10 08:59:57 - [MESSAGE][PASSED] - Object 'Object Repository/1-OBJECTS TAREAS PRINCIPALES/Modulo Tarea Compensacion/Liquidar Conceptos y Variables/input_Identificacin_listadoEmp' is clickable

2022-06-10 08:59:57 - [TEST_STEP][PASSED] - setText(findTestObject("1-OBJECTS TAREAS PRINCIPALES/Modulo Tarea Compensacion/Liquidar Conceptos y Variables/input_Identificacin_listadoEmp"), "10154472"): Text '10154472' is set on object 'Object Repository/1-OBJECTS TAREAS PRINCIPALES/Modulo Tarea Compensacion/Liquidar Conceptos y Variables/input_Identificacin_listadoEmp'

2022-06-10 08:59:57 - [MESSAGE][PASSED] - Text '10154472' is set on object 'Object Repository/1-OBJECTS TAREAS PRINCIPALES/Modulo Tarea Compensacion/Liquidar Conceptos y Variables/input_Identificacin_listadoEmp'

2022-06-10 08:59:57 - [TEST_STEP][PASSED] - sendKeys(findTestObject("1-OBJECTS TAREAS PRINCIPALES/Modulo Tarea Compensacion/Liquidar Conceptos y Variables/input_Identificacin_listadoEmp"), Keys.chord(ENTER)): Keys 'ENTER + ' sent to object: 'Object Repository/1-OBJECTS TAREAS PRINCIPALES/Modulo Tarea Compensacion/Liquidar Conceptos y Variables/input_Identificacin_listadoEmp'

2022-06-10 08:59:58 - [MESSAGE][PASSED] - Keys 'ENTER + ' sent to object: 'Object Repository/1-OBJECTS TAREAS PRINCIPALES/Modulo Tarea Compensacion/Liquidar Conceptos y Variables/input_Identificacin_listadoEmp'

2022-06-10 08:59:58 - [TEST_STEP][PASSED] - waitForElementClickable(findTestObject("1-OBJECTS TAREAS PRINCIPALES/Modulo Tarea Compensacion/Liquidar Conceptos y Variables/span_CONSTA BELFEGORD JHON"), G_TimeOut): Object 'Object Repository/1-OBJECTS TAREAS PRINCIPALES/Modulo Tarea Compensacion/Liquidar Conceptos y Variables/span_CONSTA BELFEGORD JHON' is clickable

2022-06-10 08:59:58 - [MESSAGE][PASSED] - Object 'Object Repository/1-OBJECTS TAREAS PRINCIPALES/Modulo Tarea Compensacion/Liquidar Conceptos y Variables/span_CONSTA BELFEGORD JHON' is clickable

2022-06-10 08:59:58 - [TEST_STEP][PASSED] - click(findTestObject("1-OBJECTS TAREAS PRINCIPALES/Modulo Tarea Compensacion/Liquidar Conceptos y Variables/span_CONSTA BELFEGORD JHON")): Object: 'Object Repository/1-OBJECTS TAREAS PRINCIPALES/Modulo Tarea Compensacion/Liquidar Conceptos y Variables/span_CONSTA BELFEGORD JHON' is clicked on

2022-06-10 08:59:59 - [MESSAGE][PASSED] - Object: 'Object Repository/1-OBJECTS TAREAS PRINCIPALES/Modulo Tarea Compensacion/Liquidar Conceptos y Variables/span_CONSTA BELFEGORD JHON' is clicked on

2022-06-10 08:59:59 - [TEST_STEP][PASSED] - waitForElementClickable(findTestObject("1-OBJECTS TAREAS PRINCIPALES/Modulo Tarea Compensacion/Liquidar Conceptos y Variables/a_Terminar Contrato"), G_TimeOut): Object 'Object Repository/1-OBJECTS TAREAS PRINCIPALES/Modulo Tarea Compensacion/Liquidar Conceptos y Variables/a_Terminar Contrato' is clickable

2022-06-10 09:00:00 - [MESSAGE][PASSED] - Object 'Object Repository/1-OBJECTS TAREAS PRINCIPALES/Modulo Tarea Compensacion/Liquidar Conceptos y Variables/a_Terminar Contrato' is clickable

2022-06-10 09:00:00 - [TEST_STEP][PASSED] - click(findTestObject("1-OBJECTS TAREAS PRINCIPALES/Modulo Tarea Compensacion/Liquidar Conceptos y Variables/a_Terminar Contrato")): Object: 'Object Repository/1-OBJECTS TAREAS PRINCIPALES/Modulo Tarea Compensacion/Liquidar Conceptos y Variables/a_Terminar Contrato' is clicked on

2022-06-10 09:00:00 - [MESSAGE][PASSED] - Object: 'Object Repository/1-OBJECTS TAREAS PRINCIPALES/Modulo Tarea Compensacion/Liquidar Conceptos y Variables/a_Terminar Contrato' is clicked on

2022-06-10 09:00:00 - [TEST_STEP][PASSED] - waitForElementClickable(findTestObject("1-OBJECTS TAREAS PRINCIPALES/Modulo Tarea Compensacion/Liquidar Conceptos y Variables/span_Liquidar"), G_TimeOut): Object 'Object Repository/1-OBJECTS TAREAS PRINCIPALES/Modulo Tarea Compensacion/Liquidar Conceptos y Variables/span_Liquidar' is clickable

2022-06-10 09:00:01 - [MESSAGE][PASSED] - Object 'Object Repository/1-OBJECTS TAREAS PRINCIPALES/Modulo Tarea Compensacion/Liquidar Conceptos y Variables/span_Liquidar' is clickable

2022-06-10 09:00:01 - [TEST_STEP][PASSED] - click(findTestObject("1-OBJECTS TAREAS PRINCIPALES/Modulo Tarea Compensacion/Liquidar Conceptos y Variables/span_Liquidar")): Object: 'Object Repository/1-OBJECTS TAREAS PRINCIPALES/Modulo Tarea Compensacion/Liquidar Conceptos y Variables/span_Liquidar' is clicked on

2022-06-10 09:00:01 - [MESSAGE][PASSED] - Object: 'Object Repository/1-OBJECTS TAREAS PRINCIPALES/Modulo Tarea Compensacion/Liquidar Conceptos y Variables/span_Liquidar' is clicked on

2022-06-10 09:00:01 - [TEST_STEP][PASSED] - setText(findTestObject("1-OBJECTS TAREAS PRINCIPALES/Modulo Tarea Compensacion/Liquidar Conceptos y Variables/input_Fecha de Retiro_cancelac"), "31/07/2021"): Text '31/07/2021' is set on object 'Object Repository/1-OBJECTS TAREAS PRINCIPALES/Modulo Tarea Compensacion/Liquidar Conceptos y Variables/input_Fecha de Retiro_cancelac'

2022-06-10 09:00:02 - [MESSAGE][PASSED] - Text '31/07/2021' is set on object 'Object Repository/1-OBJECTS TAREAS PRINCIPALES/Modulo Tarea Compensacion/Liquidar Conceptos y Variables/input_Fecha de Retiro_cancelac'

2022-06-10 09:00:02 - [TEST_STEP][PASSED] - click(findTestObject("1-OBJECTS TAREAS PRINCIPALES/Modulo Tarea Compensacion/Liquidar Conceptos y Variables/span_Motivo de Retiro")): Object: 'Object Repository/1-OBJECTS TAREAS PRINCIPALES/Modulo Tarea Compensacion/Liquidar Conceptos y Variables/span_Motivo de Retiro' is clicked on

2022-06-10 09:00:03 - [MESSAGE][PASSED] - Object: 'Object Repository/1-OBJECTS TAREAS PRINCIPALES/Modulo Tarea Compensacion/Liquidar Conceptos y Variables/span_Motivo de Retiro' is clicked on

2022-06-10 09:00:03 - [TEST_STEP][PASSED] - selectOptionByIndex(findTestObject("1-OBJECTS TAREAS PRINCIPALES/Modulo Tarea Compensacion/Liquidar Conceptos y Variables/select_-- Seleccione --SUSTITU"), "1"): All options with index in [1] are selected on object 'Object Repository/1-OBJECTS TAREAS PRINCIPALES/Modulo Tarea Compensacion/Liquidar Conceptos y Variables/select_-- Seleccione --SUSTITU'

2022-06-10 09:00:04 - [MESSAGE][PASSED] - All options with index in [1] are selected on object 'Object Repository/1-OBJECTS TAREAS PRINCIPALES/Modulo Tarea Compensacion/Liquidar Conceptos y Variables/select_-- Seleccione --SUSTITU'

2022-06-10 09:00:04 - [TEST_STEP][PASSED] - selectOptionByIndex(findTestObject("1-OBJECTS TAREAS PRINCIPALES/Modulo Tarea Compensacion/Liquidar Conceptos y Variables/select_---SELECCIONE ---Direct"), "1"): All options with index in [1] are selected on object 'Object Repository/1-OBJECTS TAREAS PRINCIPALES/Modulo Tarea Compensacion/Liquidar Conceptos y Variables/select_---SELECCIONE ---Direct'

2022-06-10 09:00:05 - [MESSAGE][PASSED] - All options with index in [1] are selected on object 'Object Repository/1-OBJECTS TAREAS PRINCIPALES/Modulo Tarea Compensacion/Liquidar Conceptos y Variables/select_---SELECCIONE ---Direct'

2022-06-10 09:00:05 - [TEST_STEP][PASSED] - setText(findTestObject("1-OBJECTS TAREAS PRINCIPALES/Modulo Tarea Compensacion/Liquidar Conceptos y Variables/input_Fecha Pago_cancelacion_c"), "31/07/2021"): Text '31/07/2021' is set on object 'Object Repository/1-OBJECTS TAREAS PRINCIPALES/Modulo Tarea Compensacion/Liquidar Conceptos y Variables/input_Fecha Pago_cancelacion_c'

2022-06-10 09:00:06 - [MESSAGE][PASSED] - Text '31/07/2021' is set on object 'Object Repository/1-OBJECTS TAREAS PRINCIPALES/Modulo Tarea Compensacion/Liquidar Conceptos y Variables/input_Fecha Pago_cancelacion_c'

2022-06-10 09:00:06 - [TEST_STEP][PASSED] - click(findTestObject("1-OBJECTS TAREAS PRINCIPALES/Modulo Tarea Compensacion/Liquidar Conceptos y Variables/span_Calculo Nomina")): Object: 'Object Repository/1-OBJECTS TAREAS PRINCIPALES/Modulo Tarea Compensacion/Liquidar Conceptos y Variables/span_Calculo Nomina' is clicked on

2022-06-10 09:00:07 - [MESSAGE][PASSED] - Object: 'Object Repository/1-OBJECTS TAREAS PRINCIPALES/Modulo Tarea Compensacion/Liquidar Conceptos y Variables/span_Calculo Nomina' is clicked on

2022-06-10 09:00:07 - [TEST_STEP][PASSED] - if (waitForElementVisible(findTestObject("1-OBJECTS TAREAS PRINCIPALES/Modulo Tarea Compensacion/Liquidar Conceptos y Variables/select_-- Seleccione --comprob"), 1)): Web element with id: 'Object Repository/1-OBJECTS TAREAS PRINCIPALES/Modulo Tarea Compensacion/Liquidar Conceptos y Variables/select_-- Seleccione --comprob' located by '//select[@id='cancelacion_contrato:tipoComprobante']' not found

2022-06-10 09:00:09 - [MESSAGE][INFO] - Unable to find the element located by 'By.xpath: //select[@id='cancelacion_contrato:tipoComprobante']'. Please recheck the objects properties to make sure the desired element is located. 

2022-06-10 09:00:09 - [MESSAGE][WARNING] - Web element with id: 'Object Repository/1-OBJECTS TAREAS PRINCIPALES/Modulo Tarea Compensacion/Liquidar Conceptos y Variables/select_-- Seleccione --comprob' located by '//select[@id='cancelacion_contrato:tipoComprobante']' not found

2022-06-10 09:00:09 - [TEST_STEP][FAILED] - click(findTestObject("1-OBJECTS TAREAS PRINCIPALES/Modulo Tarea Compensacion/Liquidar Conceptos y Variables/a_Nuevo0")): Unable to click on object 'Object Repository/1-OBJECTS TAREAS PRINCIPALES/Modulo Tarea Compensacion/Liquidar Conceptos y Variables/a_Nuevo0' (Root cause: com.kms.katalon.core.exception.StepFailedException: Unable to click on object 'Object Repository/1-OBJECTS TAREAS PRINCIPALES/Modulo Tarea Compensacion/Liquidar Conceptos y Variables/a_Nuevo0'
	at com.kms.katalon.core.webui.keyword.internal.WebUIKeywordMain.stepFailed(WebUIKeywordMain.groovy:64)
	at com.kms.katalon.core.webui.keyword.internal.WebUIKeywordMain.runKeyword(WebUIKeywordMain.groovy:26)
	at com.kms.katalon.core.webui.keyword.builtin.ClickKeyword.click(ClickKeyword.groovy:74)
	at com.kms.katalon.core.webui.keyword.builtin.ClickKeyword.execute(ClickKeyword.groovy:40)
	at com.kms.katalon.core.keyword.internal.KeywordExecutor.executeKeywordForPlatform(KeywordExecutor.groovy:74)
	at com.kms.katalon.core.webui.keyword.WebUiBuiltInKeywords.click(WebUiBuiltInKeywords.groovy:620)
	at com.kms.katalon.core.webui.keyword.WebUiBuiltInKeywords$click$5.call(Unknown Source)
	at 1.4.1-Liquidacion_de_contrato.run(1.4.1-Liquidacion_de_contrato:70)
	at com.kms.katalon.core.main.ScriptEngine.run(ScriptEngine.java:194)
	at com.kms.katalon.core.main.ScriptEngine.runScriptAsRawText(ScriptEngine.java:119)
	at com.kms.katalon.core.main.TestCaseExecutor.runScript(TestCaseExecutor.java:445)
	at com.kms.katalon.core.main.TestCaseExecutor.doExecute(TestCaseExecutor.java:436)
	at com.kms.katalon.core.main.TestCaseExecutor.processExecutionPhase(TestCaseExecutor.java:415)
	at com.kms.katalon.core.main.TestCaseExecutor.accessMainPhase(TestCaseExecutor.java:407)
	at com.kms.katalon.core.main.TestCaseExecutor.execute(TestCaseExecutor.java:284)
	at com.kms.katalon.core.common.CommonExecutor.accessTestCaseMainPhase(CommonExecutor.java:65)
	at com.kms.katalon.core.main.TestSuiteExecutor.accessTestSuiteMainPhase(TestSuiteExecutor.java:144)
	at com.kms.katalon.core.main.TestSuiteExecutor.execute(TestSuiteExecutor.java:106)
	at com.kms.katalon.core.main.TestCaseMain.startTestSuite(TestCaseMain.java:185)
	at com.kms.katalon.core.main.TestCaseMain$startTestSuite$0.call(Unknown Source)
	at TempTestSuite1654867643956.run(TempTestSuite1654867643956.groovy:36)
Caused by: com.kms.katalon.core.webui.exception.WebElementNotFoundException: Web element with id: 'Object Repository/1-OBJECTS TAREAS PRINCIPALES/Modulo Tarea Compensacion/Liquidar Conceptos y Variables/a_Nuevo0' located by '//a[contains(text(),'Nuevo')]' not found
	at com.kms.katalon.core.webui.common.WebUiCommonHelper.findWebElement(WebUiCommonHelper.java:1370)
	at com.kms.katalon.core.webui.keyword.internal.WebUIAbstractKeyword.findWebElement(WebUIAbstractKeyword.groovy:27)
	at com.kms.katalon.core.webui.keyword.builtin.ClickKeyword$_click_closure1.doCall(ClickKeyword.groovy:65)
	at com.kms.katalon.core.webui.keyword.builtin.ClickKeyword$_click_closure1.call(ClickKeyword.groovy)
	at com.kms.katalon.core.webui.keyword.internal.WebUIKeywordMain.runKeyword(WebUIKeywordMain.groovy:20)
	at com.kms.katalon.core.webui.keyword.builtin.ClickKeyword.click(ClickKeyword.groovy:74)
	at com.kms.katalon.core.webui.keyword.builtin.ClickKeyword.execute(ClickKeyword.groovy:40)
	at com.kms.katalon.core.keyword.internal.KeywordExecutor.executeKeywordForPlatform(KeywordExecutor.groovy:74)
	at com.kms.katalon.core.webui.keyword.WebUiBuiltInKeywords.click(WebUiBuiltInKeywords.groovy:620)
	at com.kms.katalon.core.webui.keyword.WebUiBuiltInKeywords$click$5.call(Unknown Source)
	at Script1639163309912.run(Script1639163309912.groovy:70)
	... 13 more
)

2022-06-10 09:00:47 - [MESSAGE][INFO] - Unable to find the element located by 'By.xpath: //a[contains(text(),'Nuevo')]'. Please recheck the objects properties to make sure the desired element is located. 

2022-06-10 09:00:47 - [MESSAGE][FAILED] - Unable to click on object 'Object Repository/1-OBJECTS TAREAS PRINCIPALES/Modulo Tarea Compensacion/Liquidar Conceptos y Variables/a_Nuevo0' (Root cause: com.kms.katalon.core.exception.StepFailedException: Unable to click on object 'Object Repository/1-OBJECTS TAREAS PRINCIPALES/Modulo Tarea Compensacion/Liquidar Conceptos y Variables/a_Nuevo0'
	at com.kms.katalon.core.webui.keyword.internal.WebUIKeywordMain.stepFailed(WebUIKeywordMain.groovy:64)
	at com.kms.katalon.core.webui.keyword.internal.WebUIKeywordMain.runKeyword(WebUIKeywordMain.groovy:26)
	at com.kms.katalon.core.webui.keyword.builtin.ClickKeyword.click(ClickKeyword.groovy:74)
	at com.kms.katalon.core.webui.keyword.builtin.ClickKeyword.execute(ClickKeyword.groovy:40)
	at com.kms.katalon.core.keyword.internal.KeywordExecutor.executeKeywordForPlatform(KeywordExecutor.groovy:74)
	at com.kms.katalon.core.webui.keyword.WebUiBuiltInKeywords.click(WebUiBuiltInKeywords.groovy:620)
	at com.kms.katalon.core.webui.keyword.WebUiBuiltInKeywords$click$5.call(Unknown Source)
	at 1.4.1-Liquidacion_de_contrato.run(1.4.1-Liquidacion_de_contrato:70)
	at com.kms.katalon.core.main.ScriptEngine.run(ScriptEngine.java:194)
	at com.kms.katalon.core.main.ScriptEngine.runScriptAsRawText(ScriptEngine.java:119)
	at com.kms.katalon.core.main.TestCaseExecutor.runScript(TestCaseExecutor.java:445)
	at com.kms.katalon.core.main.TestCaseExecutor.doExecute(TestCaseExecutor.java:436)
	at com.kms.katalon.core.main.TestCaseExecutor.processExecutionPhase(TestCaseExecutor.java:415)
	at com.kms.katalon.core.main.TestCaseExecutor.accessMainPhase(TestCaseExecutor.java:407)
	at com.kms.katalon.core.main.TestCaseExecutor.execute(TestCaseExecutor.java:284)
	at com.kms.katalon.core.common.CommonExecutor.accessTestCaseMainPhase(CommonExecutor.java:65)
	at com.kms.katalon.core.main.TestSuiteExecutor.accessTestSuiteMainPhase(TestSuiteExecutor.java:144)
	at com.kms.katalon.core.main.TestSuiteExecutor.execute(TestSuiteExecutor.java:106)
	at com.kms.katalon.core.main.TestCaseMain.startTestSuite(TestCaseMain.java:185)
	at com.kms.katalon.core.main.TestCaseMain$startTestSuite$0.call(Unknown Source)
	at TempTestSuite1654867643956.run(TempTestSuite1654867643956.groovy:36)
Caused by: com.kms.katalon.core.webui.exception.WebElementNotFoundException: Web element with id: 'Object Repository/1-OBJECTS TAREAS PRINCIPALES/Modulo Tarea Compensacion/Liquidar Conceptos y Variables/a_Nuevo0' located by '//a[contains(text(),'Nuevo')]' not found
	at com.kms.katalon.core.webui.common.WebUiCommonHelper.findWebElement(WebUiCommonHelper.java:1370)
	at com.kms.katalon.core.webui.keyword.internal.WebUIAbstractKeyword.findWebElement(WebUIAbstractKeyword.groovy:27)
	at com.kms.katalon.core.webui.keyword.builtin.ClickKeyword$_click_closure1.doCall(ClickKeyword.groovy:65)
	at com.kms.katalon.core.webui.keyword.builtin.ClickKeyword$_click_closure1.call(ClickKeyword.groovy)
	at com.kms.katalon.core.webui.keyword.internal.WebUIKeywordMain.runKeyword(WebUIKeywordMain.groovy:20)
	at com.kms.katalon.core.webui.keyword.builtin.ClickKeyword.click(ClickKeyword.groovy:74)
	at com.kms.katalon.core.webui.keyword.builtin.ClickKeyword.execute(ClickKeyword.groovy:40)
	at com.kms.katalon.core.keyword.internal.KeywordExecutor.executeKeywordForPlatform(KeywordExecutor.groovy:74)
	at com.kms.katalon.core.webui.keyword.WebUiBuiltInKeywords.click(WebUiBuiltInKeywords.groovy:620)
	at com.kms.katalon.core.webui.keyword.WebUiBuiltInKeywords$click$5.call(Unknown Source)
	at Script1639163309912.run(Script1639163309912.groovy:70)
	... 13 more
)
[[ATTACHMENT|C:\\Users\\diego.rojas\\git\\Pruebas-Minimas\\Reports\\20220610_082723\\Test_Suite_Principales\\1-Tareas Principales\\20220610_082723\\1654869647417.png]]]]></system-out>
         <system-err><![CDATA[2022-06-10 08:59:47 - [TEST_CASE][FAILED] - Test Cases/1.1-Tareas Principales/1.4.1-Liquidacion_de_contrato: Test Cases/1.1-Tareas Principales/1.4.1-Liquidacion_de_contrato FAILED.
Reason:
com.kms.katalon.core.exception.StepFailedException: Unable to click on object 'Object Repository/1-OBJECTS TAREAS PRINCIPALES/Modulo Tarea Compensacion/Liquidar Conceptos y Variables/a_Nuevo0'
	at com.kms.katalon.core.webui.keyword.internal.WebUIKeywordMain.stepFailed(WebUIKeywordMain.groovy:64)
	at com.kms.katalon.core.webui.keyword.internal.WebUIKeywordMain.runKeyword(WebUIKeywordMain.groovy:26)
	at com.kms.katalon.core.webui.keyword.builtin.ClickKeyword.click(ClickKeyword.groovy:74)
	at com.kms.katalon.core.webui.keyword.builtin.ClickKeyword.execute(ClickKeyword.groovy:40)
	at com.kms.katalon.core.keyword.internal.KeywordExecutor.executeKeywordForPlatform(KeywordExecutor.groovy:74)
	at com.kms.katalon.core.webui.keyword.WebUiBuiltInKeywords.click(WebUiBuiltInKeywords.groovy:620)
	at com.kms.katalon.core.webui.keyword.WebUiBuiltInKeywords$click$5.call(Unknown Source)
	at 1.4.1-Liquidacion_de_contrato.run(1.4.1-Liquidacion_de_contrato:70)
	at com.kms.katalon.core.main.ScriptEngine.run(ScriptEngine.java:194)
	at com.kms.katalon.core.main.ScriptEngine.runScriptAsRawText(ScriptEngine.java:119)
	at com.kms.katalon.core.main.TestCaseExecutor.runScript(TestCaseExecutor.java:445)
	at com.kms.katalon.core.main.TestCaseExecutor.doExecute(TestCaseExecutor.java:436)
	at com.kms.katalon.core.main.TestCaseExecutor.processExecutionPhase(TestCaseExecutor.java:415)
	at com.kms.katalon.core.main.TestCaseExecutor.accessMainPhase(TestCaseExecutor.java:407)
	at com.kms.katalon.core.main.TestCaseExecutor.execute(TestCaseExecutor.java:284)
	at com.kms.katalon.core.common.CommonExecutor.accessTestCaseMainPhase(CommonExecutor.java:65)
	at com.kms.katalon.core.main.TestSuiteExecutor.accessTestSuiteMainPhase(TestSuiteExecutor.java:144)
	at com.kms.katalon.core.main.TestSuiteExecutor.execute(TestSuiteExecutor.java:106)
	at com.kms.katalon.core.main.TestCaseMain.startTestSuite(TestCaseMain.java:185)
	at com.kms.katalon.core.main.TestCaseMain$startTestSuite$0.call(Unknown Source)
	at TempTestSuite1654867643956.run(TempTestSuite1654867643956.groovy:36)
Caused by: com.kms.katalon.core.webui.exception.WebElementNotFoundException: Web element with id: 'Object Repository/1-OBJECTS TAREAS PRINCIPALES/Modulo Tarea Compensacion/Liquidar Conceptos y Variables/a_Nuevo0' located by '//a[contains(text(),'Nuevo')]' not found
	at com.kms.katalon.core.webui.common.WebUiCommonHelper.findWebElement(WebUiCommonHelper.java:1370)
	at com.kms.katalon.core.webui.keyword.internal.WebUIAbstractKeyword.findWebElement(WebUIAbstractKeyword.groovy:27)
	at com.kms.katalon.core.webui.keyword.builtin.ClickKeyword$_click_closure1.doCall(ClickKeyword.groovy:65)
	at com.kms.katalon.core.webui.keyword.builtin.ClickKeyword$_click_closure1.call(ClickKeyword.groovy)
	at com.kms.katalon.core.webui.keyword.internal.WebUIKeywordMain.runKeyword(WebUIKeywordMain.groovy:20)
	... 19 more]]></system-err>
      </testcase>
      <testcase name="Test Cases/1.1-Tareas Principales/1.4.2-Acto Retiro Empleado" time="62.401" classname="Test Cases/1.1-Tareas Principales/1.4.2-Acto Retiro Empleado" status="FAILED">
         <failure type="FAILED" message="Test Cases/1.1-Tareas Principales/1.4.2-Acto Retiro Empleado FAILED.
Reason:
com.kms.katalon.core.exception.StepFailedException: Unable to click on object 'Object Repository/1-OBJECTS TAREAS PRINCIPALES/Modulo Tarea Actos Administrativos/Acto Retiro Empleado/a_Aplicar'
	at com.kms.katalon.core.webui.keyword.internal.WebUIKeywordMain.stepFailed(WebUIKeywordMain.groovy:64)
	at com.kms.katalon.core.webui.keyword.internal.WebUIKeywordMain.runKeyword(WebUIKeywordMain.groovy:26)
	at com.kms.katalon.core.webui.keyword.builtin.ClickKeyword.click(ClickKeyword.groovy:74)
	at com.kms.katalon.core.webui.keyword.builtin.ClickKeyword.execute(ClickKeyword.groovy:40)
	at com.kms.katalon.core.keyword.internal.KeywordExecutor.executeKeywordForPlatform(KeywordExecutor.groovy:74)
	at com.kms.katalon.core.webui.keyword.WebUiBuiltInKeywords.click(WebUiBuiltInKeywords.groovy:620)
	at com.kms.katalon.core.webui.keyword.WebUiBuiltInKeywords$click$5.call(Unknown Source)
	at 1.4.2-Acto Retiro Empleado.run(1.4.2-Acto Retiro Empleado:74)
	at com.kms.katalon.core.main.ScriptEngine.run(ScriptEngine.java:194)
	at com.kms.katalon.core.main.ScriptEngine.runScriptAsRawText(ScriptEngine.java:119)
	at com.kms.katalon.core.main.TestCaseExecutor.runScript(TestCaseExecutor.java:445)
	at com.kms.katalon.core.main.TestCaseExecutor.doExecute(TestCaseExecutor.java:436)
	at com.kms.katalon.core.main.TestCaseExecutor.processExecutionPhase(TestCaseExecutor.java:415)
	at com.kms.katalon.core.main.TestCaseExecutor.accessMainPhase(TestCaseExecutor.java:407)
	at com.kms.katalon.core.main.TestCaseExecutor.execute(TestCaseExecutor.java:284)
	at com.kms.katalon.core.common.CommonExecutor.accessTestCaseMainPhase(CommonExecutor.java:65)
	at com.kms.katalon.core.main.TestSuiteExecutor.accessTestSuiteMainPhase(TestSuiteExecutor.java:144)
	at com.kms.katalon.core.main.TestSuiteExecutor.execute(TestSuiteExecutor.java:106)
	at com.kms.katalon.core.main.TestCaseMain.startTestSuite(TestCaseMain.java:185)
	at com.kms.katalon.core.main.TestCaseMain$startTestSuite$0.call(Unknown Source)
	at TempTestSuite1654867643956.run(TempTestSuite1654867643956.groovy:36)
Caused by: org.openqa.selenium.ElementClickInterceptedException: element click intercepted: Element &lt;a id=&quot;form_actoAusentismo:j_idt1145&quot; href=&quot;#&quot; class=&quot;ui-commandlink ui-widget us-boton btn-acepto&quot; data-pfconfirmcommand=&quot;PrimeFaces.ab({s:&amp;quot;form_actoAusentismo:j_idt1145&amp;quot;,f:&amp;quot;form_actoAusentismo&amp;quot;,u:&amp;quot;areaAplicacion&amp;quot;});return false;&quot; onclick=&quot;PrimeFaces.confirm({source:&amp;quot;form_actoAusentismo:j_idt1145&amp;quot;,type:&amp;quot;dialog&amp;quot;,escape:true,header:&amp;quot;...&amp;quot;,message:&amp;quot;DESEA CONFIRMAR&amp;quot;,icon:&amp;quot;pi pi-exclamation-triangle&amp;quot;,beforeShow:&amp;quot;&amp;quot;});return false;&quot;>Aplicar&lt;/a> is not clickable at point (283, 513). Other element would receive the click: &lt;div id=&quot;popupErrorDialog:dialog_popupFoto_modal&quot; class=&quot;ui-widget-overlay ui-dialog-mask&quot; style=&quot;z-index: 1021;&quot;>&lt;/div>
  (Session info: chrome=102.0.5005.115)
Build info: version: '3.141.59', revision: 'e82be7d358', time: '2018-11-14T08:25:53'
System info: host: 'US-AF-000371', ip: '192.168.56.1', os.name: 'Windows 10', os.arch: 'amd64', os.version: '10.0', java.version: '1.8.0_282'
Driver info: com.kms.katalon.selenium.driver.CChromeDriver
Capabilities {acceptInsecureCerts: false, browserName: chrome, browserVersion: 102.0.5005.115, chrome: {chromedriverVersion: 101.0.4951.41 (93c720db8323..., userDataDir: C:\Users\DIEGO~1.ROJ\AppDat...}, goog:chromeOptions: {debuggerAddress: localhost:57580}, javascriptEnabled: true, networkConnectionEnabled: false, pageLoadStrategy: normal, platform: WINDOWS, platformName: WINDOWS, proxy: Proxy(), setWindowRect: true, strictFileInteractability: false, timeouts: {implicit: 0, pageLoad: 300000, script: 30000}, unhandledPromptBehavior: dismiss and notify, webauthn:extension:credBlob: true, webauthn:extension:largeBlob: true, webauthn:virtualAuthenticators: true}
Session ID: 780dd4c19e051897ee47b2912b1eb1dd
	at org.openqa.selenium.remote.http.W3CHttpResponseCodec.createException(W3CHttpResponseCodec.java:187)
	at org.openqa.selenium.remote.http.W3CHttpResponseCodec.decode(W3CHttpResponseCodec.java:122)
	at org.openqa.selenium.remote.http.W3CHttpResponseCodec.decode(W3CHttpResponseCodec.java:49)
	at org.openqa.selenium.remote.HttpCommandExecutor.execute(HttpCommandExecutor.java:158)
	at org.openqa.selenium.remote.service.DriverCommandExecutor.execute(DriverCommandExecutor.java:83)
	at org.openqa.selenium.remote.RemoteWebDriver.execute(RemoteWebDriver.java:552)
	at com.kms.katalon.selenium.driver.CChromeDriver.execute(CChromeDriver.java:19)
	at org.openqa.selenium.remote.RemoteWebElement.execute(RemoteWebElement.java:285)
	at org.openqa.selenium.remote.RemoteWebElement.click(RemoteWebElement.java:84)
	at org.openqa.selenium.support.events.EventFiringWebDriver$EventFiringWebElement.lambda$new$0(EventFiringWebDriver.java:404)
	at com.sun.proxy.$Proxy11.click(Unknown Source)
	at org.openqa.selenium.support.events.EventFiringWebDriver$EventFiringWebElement.click(EventFiringWebDriver.java:417)
	at org.openqa.selenium.WebElement$click$0.call(Unknown Source)
	at com.kms.katalon.core.webui.keyword.builtin.ClickKeyword.clickUntilSuccessWithTimeout(ClickKeyword.groovy:81)
	at com.kms.katalon.core.webui.keyword.builtin.ClickKeyword.clickUntilSuccessWithTimeout(ClickKeyword.groovy)
	at com.kms.katalon.core.webui.keyword.builtin.ClickKeyword$_click_closure1.doCall(ClickKeyword.groovy:67)
	at com.kms.katalon.core.webui.keyword.builtin.ClickKeyword$_click_closure1.call(ClickKeyword.groovy)
	at com.kms.katalon.core.webui.keyword.internal.WebUIKeywordMain.runKeyword(WebUIKeywordMain.groovy:20)
	... 19 more
"/>
         <system-out><![CDATA[2022-06-10 09:00:47 - [TEST_CASE][FAILED] - Test Cases/1.1-Tareas Principales/1.4.2-Acto Retiro Empleado: Test Cases/1.1-Tareas Principales/1.4.2-Acto Retiro Empleado FAILED.
Reason:
com.kms.katalon.core.exception.StepFailedException: Unable to click on object 'Object Repository/1-OBJECTS TAREAS PRINCIPALES/Modulo Tarea Actos Administrativos/Acto Retiro Empleado/a_Aplicar'
	at com.kms.katalon.core.webui.keyword.internal.WebUIKeywordMain.stepFailed(WebUIKeywordMain.groovy:64)
	at com.kms.katalon.core.webui.keyword.internal.WebUIKeywordMain.runKeyword(WebUIKeywordMain.groovy:26)
	at com.kms.katalon.core.webui.keyword.builtin.ClickKeyword.click(ClickKeyword.groovy:74)
	at com.kms.katalon.core.webui.keyword.builtin.ClickKeyword.execute(ClickKeyword.groovy:40)
	at com.kms.katalon.core.keyword.internal.KeywordExecutor.executeKeywordForPlatform(KeywordExecutor.groovy:74)
	at com.kms.katalon.core.webui.keyword.WebUiBuiltInKeywords.click(WebUiBuiltInKeywords.groovy:620)
	at com.kms.katalon.core.webui.keyword.WebUiBuiltInKeywords$click$5.call(Unknown Source)
	at 1.4.2-Acto Retiro Empleado.run(1.4.2-Acto Retiro Empleado:74)
	at com.kms.katalon.core.main.ScriptEngine.run(ScriptEngine.java:194)
	at com.kms.katalon.core.main.ScriptEngine.runScriptAsRawText(ScriptEngine.java:119)
	at com.kms.katalon.core.main.TestCaseExecutor.runScript(TestCaseExecutor.java:445)
	at com.kms.katalon.core.main.TestCaseExecutor.doExecute(TestCaseExecutor.java:436)
	at com.kms.katalon.core.main.TestCaseExecutor.processExecutionPhase(TestCaseExecutor.java:415)
	at com.kms.katalon.core.main.TestCaseExecutor.accessMainPhase(TestCaseExecutor.java:407)
	at com.kms.katalon.core.main.TestCaseExecutor.execute(TestCaseExecutor.java:284)
	at com.kms.katalon.core.common.CommonExecutor.accessTestCaseMainPhase(CommonExecutor.java:65)
	at com.kms.katalon.core.main.TestSuiteExecutor.accessTestSuiteMainPhase(TestSuiteExecutor.java:144)
	at com.kms.katalon.core.main.TestSuiteExecutor.execute(TestSuiteExecutor.java:106)
	at com.kms.katalon.core.main.TestCaseMain.startTestSuite(TestCaseMain.java:185)
	at com.kms.katalon.core.main.TestCaseMain$startTestSuite$0.call(Unknown Source)
	at TempTestSuite1654867643956.run(TempTestSuite1654867643956.groovy:36)
Caused by: org.openqa.selenium.ElementClickInterceptedException: element click intercepted: Element <a id="form_actoAusentismo:j_idt1145" href="#" class="ui-commandlink ui-widget us-boton btn-acepto" data-pfconfirmcommand="PrimeFaces.ab({s:&quot;form_actoAusentismo:j_idt1145&quot;,f:&quot;form_actoAusentismo&quot;,u:&quot;areaAplicacion&quot;});return false;" onclick="PrimeFaces.confirm({source:&quot;form_actoAusentismo:j_idt1145&quot;,type:&quot;dialog&quot;,escape:true,header:&quot;...&quot;,message:&quot;DESEA CONFIRMAR&quot;,icon:&quot;pi pi-exclamation-triangle&quot;,beforeShow:&quot;&quot;});return false;">Aplicar</a> is not clickable at point (283, 513). Other element would receive the click: <div id="popupErrorDialog:dialog_popupFoto_modal" class="ui-widget-overlay ui-dialog-mask" style="z-index: 1021;"></div>
  (Session info: chrome=102.0.5005.115)
Build info: version: '3.141.59', revision: 'e82be7d358', time: '2018-11-14T08:25:53'
System info: host: 'US-AF-000371', ip: '192.168.56.1', os.name: 'Windows 10', os.arch: 'amd64', os.version: '10.0', java.version: '1.8.0_282'
Driver info: com.kms.katalon.selenium.driver.CChromeDriver
Capabilities {acceptInsecureCerts: false, browserName: chrome, browserVersion: 102.0.5005.115, chrome: {chromedriverVersion: 101.0.4951.41 (93c720db8323..., userDataDir: C:\Users\DIEGO~1.ROJ\AppDat...}, goog:chromeOptions: {debuggerAddress: localhost:57580}, javascriptEnabled: true, networkConnectionEnabled: false, pageLoadStrategy: normal, platform: WINDOWS, platformName: WINDOWS, proxy: Proxy(), setWindowRect: true, strictFileInteractability: false, timeouts: {implicit: 0, pageLoad: 300000, script: 30000}, unhandledPromptBehavior: dismiss and notify, webauthn:extension:credBlob: true, webauthn:extension:largeBlob: true, webauthn:virtualAuthenticators: true}
Session ID: 780dd4c19e051897ee47b2912b1eb1dd
	at org.openqa.selenium.remote.http.W3CHttpResponseCodec.createException(W3CHttpResponseCodec.java:187)
	at org.openqa.selenium.remote.http.W3CHttpResponseCodec.decode(W3CHttpResponseCodec.java:122)
	at org.openqa.selenium.remote.http.W3CHttpResponseCodec.decode(W3CHttpResponseCodec.java:49)
	at org.openqa.selenium.remote.HttpCommandExecutor.execute(HttpCommandExecutor.java:158)
	at org.openqa.selenium.remote.service.DriverCommandExecutor.execute(DriverCommandExecutor.java:83)
	at org.openqa.selenium.remote.RemoteWebDriver.execute(RemoteWebDriver.java:552)
	at com.kms.katalon.selenium.driver.CChromeDriver.execute(CChromeDriver.java:19)
	at org.openqa.selenium.remote.RemoteWebElement.execute(RemoteWebElement.java:285)
	at org.openqa.selenium.remote.RemoteWebElement.click(RemoteWebElement.java:84)
	at org.openqa.selenium.support.events.EventFiringWebDriver$EventFiringWebElement.lambda$new$0(EventFiringWebDriver.java:404)
	at com.sun.proxy.$Proxy11.click(Unknown Source)
	at org.openqa.selenium.support.events.EventFiringWebDriver$EventFiringWebElement.click(EventFiringWebDriver.java:417)
	at org.openqa.selenium.WebElement$click$0.call(Unknown Source)
	at com.kms.katalon.core.webui.keyword.builtin.ClickKeyword.clickUntilSuccessWithTimeout(ClickKeyword.groovy:81)
	at com.kms.katalon.core.webui.keyword.builtin.ClickKeyword.clickUntilSuccessWithTimeout(ClickKeyword.groovy)
	at com.kms.katalon.core.webui.keyword.builtin.ClickKeyword$_click_closure1.doCall(ClickKeyword.groovy:67)
	at com.kms.katalon.core.webui.keyword.builtin.ClickKeyword$_click_closure1.call(ClickKeyword.groovy)
	at com.kms.katalon.core.webui.keyword.internal.WebUIKeywordMain.runKeyword(WebUIKeywordMain.groovy:20)
	... 19 more


2022-06-10 09:00:47 - [TEST_STEP][PASSED] - callTestCase(findTestCase("Utilidades-(atajos_para _tareas)/Tareas Actos Administrativos/Tarea Actos Administrativos"), [:], STOP_ON_FAILURE): Call Test Case 'Test Cases/Utilidades-(atajos_para _tareas)/Tareas Actos Administrativos/Tarea Actos Administrativos' successfully

2022-06-10 09:00:48 - [TEST_CASE][PASSED] - Test Cases/Utilidades-(atajos_para _tareas)/Tareas Actos Administrativos/Tarea Actos Administrativos: Test Cases/Utilidades-(atajos_para _tareas)/Tareas Actos Administrativos/Tarea Actos Administrativos

2022-06-10 09:00:48 - [TEST_STEP][PASSED] - callTestCase(findTestCase("0.1-Login"), [:], STOP_ON_FAILURE): Call Test Case 'Test Cases/0.1-Login' successfully

2022-06-10 09:00:48 - [TEST_CASE][PASSED] - Test Cases/0.1-Login: Test Cases/0.1-Login

2022-06-10 09:00:48 - [TEST_STEP][PASSED] - openBrowser(""): Browser is opened with url: ''

2022-06-10 09:00:48 - [MESSAGE][WARNING] - A browser is already opened. Closing browser and opening a new one

2022-06-10 09:00:48 - [MESSAGE][INFO] - Starting 'Chrome' driver

2022-06-10 09:00:48 - [MESSAGE][INFO] - Action delay is set to 0 milliseconds

2022-06-10 09:00:49 - [MESSAGE][PASSED] - Browser is opened with url: ''

2022-06-10 09:00:49 - [TEST_STEP][PASSED] - maximizeWindow(): Current window maximized

2022-06-10 09:00:50 - [MESSAGE][PASSED] - Current window maximized

2022-06-10 09:00:50 - [TEST_STEP][PASSED] - i = G_Login: null

2022-06-10 09:00:50 - [TEST_STEP][PASSED] - url = new java.net.URL(i): null

2022-06-10 09:00:50 - [TEST_STEP][PASSED] - println("URL: " + url.toString()): null

2022-06-10 09:00:50 - [TEST_STEP][PASSED] - connection = url.openConnection(): null

2022-06-10 09:00:50 - [TEST_STEP][PASSED] - connection.setRequestMethod("GET"): null

2022-06-10 09:00:50 - [TEST_STEP][PASSED] - connection.setReadTimeout(2 * 1000): null

2022-06-10 09:00:50 - [TEST_STEP][PASSED] - try: null

2022-06-10 09:00:50 - [TEST_STEP][PASSED] - connection.connect(): null

2022-06-10 09:00:50 - [TEST_STEP][PASSED] - flag = connected: null

2022-06-10 09:00:50 - [TEST_STEP][PASSED] - println("Valor_ori: " + flag): null

2022-06-10 09:00:50 - [TEST_STEP][PASSED] - if (flag): null

2022-06-10 09:00:50 - [TEST_STEP][PASSED] - navigateToUrl(i): Navigate to 'http://192.168.2.19:8380/saraweb' successfully

2022-06-10 09:00:50 - [MESSAGE][PASSED] - Navigate to 'http://192.168.2.19:8380/saraweb' successfully

2022-06-10 09:00:50 - [TEST_STEP][PASSED] - a(): null

2022-06-10 09:00:50 - [TEST_STEP][PASSED] - setText(findTestObject("3-OBJECTS UTILIDADES/Login/input_USUARIO_loginusuario"), G_Usuario): Text 'saraadmin' is set on object 'Object Repository/3-OBJECTS UTILIDADES/Login/input_USUARIO_loginusuario'

2022-06-10 09:00:51 - [MESSAGE][PASSED] - Text 'saraadmin' is set on object 'Object Repository/3-OBJECTS UTILIDADES/Login/input_USUARIO_loginusuario'

2022-06-10 09:00:51 - [TEST_STEP][PASSED] - setEncryptedText(findTestObject("3-OBJECTS UTILIDADES/Login/input_CLAVE_loginpassword"), "MkG4/TYiCFC3cb2driP7+Q=="): Text ****** has been set on object 'Object Repository/3-OBJECTS UTILIDADES/Login/input_CLAVE_loginpassword'

2022-06-10 09:00:51 - [MESSAGE][PASSED] - Text ****** has been set on object 'Object Repository/3-OBJECTS UTILIDADES/Login/input_CLAVE_loginpassword'

2022-06-10 09:00:51 - [TEST_STEP][PASSED] - waitForElementClickable(findTestObject("3-OBJECTS UTILIDADES/Login/a_Ingresar"), G_TimeOut): Object 'Object Repository/3-OBJECTS UTILIDADES/Login/a_Ingresar' is clickable

2022-06-10 09:00:52 - [MESSAGE][PASSED] - Object 'Object Repository/3-OBJECTS UTILIDADES/Login/a_Ingresar' is clickable

2022-06-10 09:00:52 - [TEST_STEP][PASSED] - click(findTestObject("3-OBJECTS UTILIDADES/Login/a_Ingresar")): Object: 'Object Repository/3-OBJECTS UTILIDADES/Login/a_Ingresar' is clicked on

2022-06-10 09:00:53 - [MESSAGE][PASSED] - Object: 'Object Repository/3-OBJECTS UTILIDADES/Login/a_Ingresar' is clicked on

2022-06-10 09:00:53 - [TEST_STEP][PASSED] - element = findWebElement(findTestObject("3-OBJECTS UTILIDADES/Login/a_Ir"), 30): null

2022-06-10 09:00:54 - [TEST_STEP][PASSED] - executeJavaScript("arguments[0].click()", Arrays.asList(element)): Execute JavaScript 'arguments[0].click()' successfully

2022-06-10 09:00:54 - [MESSAGE][PASSED] - Execute JavaScript 'arguments[0].click()' successfully

2022-06-10 09:00:54 - [MESSAGE][PASSED] - Call Test Case 'Test Cases/0.1-Login' successfully

2022-06-10 09:00:54 - [TEST_STEP][PASSED] - waitForElementClickable(findTestObject("1-OBJECTS TAREAS PRINCIPALES/Modulo Tarea Actos Administrativos/Tarea Actos Administrativos/input_ADMINISTRADOR DEL SISTEMA"), G_TimeOut): Object 'Object Repository/1-OBJECTS TAREAS PRINCIPALES/Modulo Tarea Actos Administrativos/Tarea Actos Administrativos/input_ADMINISTRADOR DEL SISTEMA' is clickable

2022-06-10 09:00:54 - [MESSAGE][PASSED] - Object 'Object Repository/1-OBJECTS TAREAS PRINCIPALES/Modulo Tarea Actos Administrativos/Tarea Actos Administrativos/input_ADMINISTRADOR DEL SISTEMA' is clickable

2022-06-10 09:00:54 - [TEST_STEP][PASSED] - setText(findTestObject("1-OBJECTS TAREAS PRINCIPALES/Modulo Tarea Actos Administrativos/Tarea Actos Administrativos/input_ADMINISTRADOR DEL SISTEMA"), "Actos Administrativos"): Text 'Actos Administrativos' is set on object 'Object Repository/1-OBJECTS TAREAS PRINCIPALES/Modulo Tarea Actos Administrativos/Tarea Actos Administrativos/input_ADMINISTRADOR DEL SISTEMA'

2022-06-10 09:00:55 - [MESSAGE][PASSED] - Text 'Actos Administrativos' is set on object 'Object Repository/1-OBJECTS TAREAS PRINCIPALES/Modulo Tarea Actos Administrativos/Tarea Actos Administrativos/input_ADMINISTRADOR DEL SISTEMA'

2022-06-10 09:00:55 - [TEST_STEP][PASSED] - waitForElementVisible(findTestObject("1-OBJECTS TAREAS PRINCIPALES/Modulo Tarea Actos Administrativos/Tarea Actos Administrativos/span_Tarea actos administrativos"), 0): Object 'Object Repository/1-OBJECTS TAREAS PRINCIPALES/Modulo Tarea Actos Administrativos/Tarea Actos Administrativos/span_Tarea actos administrativos' is visible

2022-06-10 09:00:55 - [MESSAGE][WARNING] - Timeout '0' is invalid. Using default page load timeout: '37'

2022-06-10 09:00:56 - [MESSAGE][PASSED] - Object 'Object Repository/1-OBJECTS TAREAS PRINCIPALES/Modulo Tarea Actos Administrativos/Tarea Actos Administrativos/span_Tarea actos administrativos' is visible

2022-06-10 09:00:56 - [TEST_STEP][PASSED] - click(findTestObject("1-OBJECTS TAREAS PRINCIPALES/Modulo Tarea Actos Administrativos/Tarea Actos Administrativos/span_Tarea actos administrativos")): Object: 'Object Repository/1-OBJECTS TAREAS PRINCIPALES/Modulo Tarea Actos Administrativos/Tarea Actos Administrativos/span_Tarea actos administrativos' is clicked on

2022-06-10 09:00:57 - [MESSAGE][PASSED] - Object: 'Object Repository/1-OBJECTS TAREAS PRINCIPALES/Modulo Tarea Actos Administrativos/Tarea Actos Administrativos/span_Tarea actos administrativos' is clicked on

2022-06-10 09:00:57 - [MESSAGE][PASSED] - Call Test Case 'Test Cases/Utilidades-(atajos_para _tareas)/Tareas Actos Administrativos/Tarea Actos Administrativos' successfully

2022-06-10 09:00:57 - [TEST_STEP][PASSED] - waitForElementClickable(findTestObject("1-OBJECTS TAREAS PRINCIPALES/Modulo Tarea Actos Administrativos/Acto Retiro Empleado/i_Acto Movimento de planta_gly"), G_TimeOut): Object 'Object Repository/1-OBJECTS TAREAS PRINCIPALES/Modulo Tarea Actos Administrativos/Acto Retiro Empleado/i_Acto Movimento de planta_gly' is clickable

2022-06-10 09:00:58 - [MESSAGE][PASSED] - Object 'Object Repository/1-OBJECTS TAREAS PRINCIPALES/Modulo Tarea Actos Administrativos/Acto Retiro Empleado/i_Acto Movimento de planta_gly' is clickable

2022-06-10 09:00:58 - [TEST_STEP][PASSED] - click(findTestObject("1-OBJECTS TAREAS PRINCIPALES/Modulo Tarea Actos Administrativos/Acto Retiro Empleado/i_Acto Movimento de planta_gly")): Object: 'Object Repository/1-OBJECTS TAREAS PRINCIPALES/Modulo Tarea Actos Administrativos/Acto Retiro Empleado/i_Acto Movimento de planta_gly' is clicked on

2022-06-10 09:00:58 - [MESSAGE][PASSED] - Object: 'Object Repository/1-OBJECTS TAREAS PRINCIPALES/Modulo Tarea Actos Administrativos/Acto Retiro Empleado/i_Acto Movimento de planta_gly' is clicked on

2022-06-10 09:00:58 - [TEST_STEP][PASSED] - waitForElementClickable(findTestObject("1-OBJECTS TAREAS PRINCIPALES/Modulo Tarea Actos Administrativos/Acto Retiro Empleado/a_Actos de Retiro del empleado"), G_TimeOut): Object 'Object Repository/1-OBJECTS TAREAS PRINCIPALES/Modulo Tarea Actos Administrativos/Acto Retiro Empleado/a_Actos de Retiro del empleado' is clickable

2022-06-10 09:00:59 - [MESSAGE][PASSED] - Object 'Object Repository/1-OBJECTS TAREAS PRINCIPALES/Modulo Tarea Actos Administrativos/Acto Retiro Empleado/a_Actos de Retiro del empleado' is clickable

2022-06-10 09:00:59 - [TEST_STEP][PASSED] - click(findTestObject("1-OBJECTS TAREAS PRINCIPALES/Modulo Tarea Actos Administrativos/Acto Retiro Empleado/a_Actos de Retiro del empleado")): Object: 'Object Repository/1-OBJECTS TAREAS PRINCIPALES/Modulo Tarea Actos Administrativos/Acto Retiro Empleado/a_Actos de Retiro del empleado' is clicked on

2022-06-10 09:00:59 - [MESSAGE][PASSED] - Object: 'Object Repository/1-OBJECTS TAREAS PRINCIPALES/Modulo Tarea Actos Administrativos/Acto Retiro Empleado/a_Actos de Retiro del empleado' is clicked on

2022-06-10 09:00:59 - [TEST_STEP][PASSED] - waitForElementClickable(findTestObject("1-OBJECTS TAREAS PRINCIPALES/Modulo Tarea Actos Administrativos/Acto Retiro Empleado/span_terminacion de contrato"), G_TimeOut): Object 'Object Repository/1-OBJECTS TAREAS PRINCIPALES/Modulo Tarea Actos Administrativos/Acto Retiro Empleado/span_terminacion de contrato' is clickable

2022-06-10 09:01:00 - [MESSAGE][PASSED] - Object 'Object Repository/1-OBJECTS TAREAS PRINCIPALES/Modulo Tarea Actos Administrativos/Acto Retiro Empleado/span_terminacion de contrato' is clickable

2022-06-10 09:01:00 - [TEST_STEP][PASSED] - click(findTestObject("1-OBJECTS TAREAS PRINCIPALES/Modulo Tarea Actos Administrativos/Acto Retiro Empleado/span_terminacion de contrato")): Object: 'Object Repository/1-OBJECTS TAREAS PRINCIPALES/Modulo Tarea Actos Administrativos/Acto Retiro Empleado/span_terminacion de contrato' is clicked on

2022-06-10 09:01:00 - [MESSAGE][PASSED] - Object: 'Object Repository/1-OBJECTS TAREAS PRINCIPALES/Modulo Tarea Actos Administrativos/Acto Retiro Empleado/span_terminacion de contrato' is clicked on

2022-06-10 09:01:00 - [TEST_STEP][PASSED] - waitForElementClickable(findTestObject("1-OBJECTS TAREAS PRINCIPALES/Modulo Tarea Actos Administrativos/Acto Retiro Empleado/a_Elaboracin_form_popupSeleccionDerogarj_idt134"), G_TimeOut): Object 'Object Repository/1-OBJECTS TAREAS PRINCIPALES/Modulo Tarea Actos Administrativos/Acto Retiro Empleado/a_Elaboracin_form_popupSeleccionDerogarj_idt134' is clickable

2022-06-10 09:01:01 - [MESSAGE][PASSED] - Object 'Object Repository/1-OBJECTS TAREAS PRINCIPALES/Modulo Tarea Actos Administrativos/Acto Retiro Empleado/a_Elaboracin_form_popupSeleccionDerogarj_idt134' is clickable

2022-06-10 09:01:01 - [TEST_STEP][PASSED] - click(findTestObject("1-OBJECTS TAREAS PRINCIPALES/Modulo Tarea Actos Administrativos/Acto Retiro Empleado/a_Elaboracin_form_popupSeleccionDerogarj_idt134")): Object: 'Object Repository/1-OBJECTS TAREAS PRINCIPALES/Modulo Tarea Actos Administrativos/Acto Retiro Empleado/a_Elaboracin_form_popupSeleccionDerogarj_idt134' is clicked on

2022-06-10 09:01:01 - [MESSAGE][PASSED] - Object: 'Object Repository/1-OBJECTS TAREAS PRINCIPALES/Modulo Tarea Actos Administrativos/Acto Retiro Empleado/a_Elaboracin_form_popupSeleccionDerogarj_idt134' is clicked on

2022-06-10 09:01:01 - [TEST_STEP][PASSED] - waitForElementClickable(findTestObject("1-OBJECTS TAREAS PRINCIPALES/Modulo Tarea Actos Administrativos/Acto Retiro Empleado/a_Identificacin_form_actoAusentismoj_idt1208"), G_TimeOut): Object 'Object Repository/1-OBJECTS TAREAS PRINCIPALES/Modulo Tarea Actos Administrativos/Acto Retiro Empleado/a_Identificacin_form_actoAusentismoj_idt1208' is clickable

2022-06-10 09:01:03 - [MESSAGE][PASSED] - Object 'Object Repository/1-OBJECTS TAREAS PRINCIPALES/Modulo Tarea Actos Administrativos/Acto Retiro Empleado/a_Identificacin_form_actoAusentismoj_idt1208' is clickable

2022-06-10 09:01:03 - [TEST_STEP][PASSED] - click(findTestObject("1-OBJECTS TAREAS PRINCIPALES/Modulo Tarea Actos Administrativos/Acto Retiro Empleado/a_Identificacin_form_actoAusentismoj_idt1208")): Object: 'Object Repository/1-OBJECTS TAREAS PRINCIPALES/Modulo Tarea Actos Administrativos/Acto Retiro Empleado/a_Identificacin_form_actoAusentismoj_idt1208' is clicked on

2022-06-10 09:01:03 - [MESSAGE][PASSED] - Object: 'Object Repository/1-OBJECTS TAREAS PRINCIPALES/Modulo Tarea Actos Administrativos/Acto Retiro Empleado/a_Identificacin_form_actoAusentismoj_idt1208' is clicked on

2022-06-10 09:01:03 - [TEST_STEP][PASSED] - setText(findTestObject("1-OBJECTS TAREAS PRINCIPALES/Modulo Tarea Actos Administrativos/Acto Retiro Empleado/input_Filtro Empleado_form_actoAusentismoj_idt1434"), "66666"): Text '66666' is set on object 'Object Repository/1-OBJECTS TAREAS PRINCIPALES/Modulo Tarea Actos Administrativos/Acto Retiro Empleado/input_Filtro Empleado_form_actoAusentismoj_idt1434'

2022-06-10 09:01:04 - [MESSAGE][PASSED] - Text '66666' is set on object 'Object Repository/1-OBJECTS TAREAS PRINCIPALES/Modulo Tarea Actos Administrativos/Acto Retiro Empleado/input_Filtro Empleado_form_actoAusentismoj_idt1434'

2022-06-10 09:01:04 - [TEST_STEP][PASSED] - sendKeys(findTestObject("1-OBJECTS TAREAS PRINCIPALES/Modulo Tarea Actos Administrativos/Acto Retiro Empleado/input_Filtro Empleado_form_actoAusentismoj_idt1434"), Keys.chord(ENTER)): Keys 'ENTER + ' sent to object: 'Object Repository/1-OBJECTS TAREAS PRINCIPALES/Modulo Tarea Actos Administrativos/Acto Retiro Empleado/input_Filtro Empleado_form_actoAusentismoj_idt1434'

2022-06-10 09:01:05 - [MESSAGE][PASSED] - Keys 'ENTER + ' sent to object: 'Object Repository/1-OBJECTS TAREAS PRINCIPALES/Modulo Tarea Actos Administrativos/Acto Retiro Empleado/input_Filtro Empleado_form_actoAusentismoj_idt1434'

2022-06-10 09:01:05 - [TEST_STEP][PASSED] - waitForElementClickable(findTestObject("1-OBJECTS TAREAS PRINCIPALES/Modulo Tarea Actos Administrativos/Acto Retiro Empleado/span_SALGADO PAULA"), G_TimeOut): Object 'Object Repository/1-OBJECTS TAREAS PRINCIPALES/Modulo Tarea Actos Administrativos/Acto Retiro Empleado/span_SALGADO PAULA' is clickable

2022-06-10 09:01:05 - [MESSAGE][PASSED] - Object 'Object Repository/1-OBJECTS TAREAS PRINCIPALES/Modulo Tarea Actos Administrativos/Acto Retiro Empleado/span_SALGADO PAULA' is clickable

2022-06-10 09:01:05 - [TEST_STEP][PASSED] - click(findTestObject("1-OBJECTS TAREAS PRINCIPALES/Modulo Tarea Actos Administrativos/Acto Retiro Empleado/span_SALGADO PAULA")): Object: 'Object Repository/1-OBJECTS TAREAS PRINCIPALES/Modulo Tarea Actos Administrativos/Acto Retiro Empleado/span_SALGADO PAULA' is clicked on

2022-06-10 09:01:06 - [MESSAGE][PASSED] - Object: 'Object Repository/1-OBJECTS TAREAS PRINCIPALES/Modulo Tarea Actos Administrativos/Acto Retiro Empleado/span_SALGADO PAULA' is clicked on

2022-06-10 09:01:06 - [TEST_STEP][PASSED] - waitForElementClickable(findTestObject("1-OBJECTS TAREAS PRINCIPALES/Modulo Tarea Actos Administrativos/Acto Retiro Empleado/a_Continuar"), G_TimeOut): Object 'Object Repository/1-OBJECTS TAREAS PRINCIPALES/Modulo Tarea Actos Administrativos/Acto Retiro Empleado/a_Continuar' is clickable

2022-06-10 09:01:06 - [MESSAGE][PASSED] - Object 'Object Repository/1-OBJECTS TAREAS PRINCIPALES/Modulo Tarea Actos Administrativos/Acto Retiro Empleado/a_Continuar' is clickable

2022-06-10 09:01:06 - [TEST_STEP][PASSED] - click(findTestObject("1-OBJECTS TAREAS PRINCIPALES/Modulo Tarea Actos Administrativos/Acto Retiro Empleado/a_Continuar")): Object: 'Object Repository/1-OBJECTS TAREAS PRINCIPALES/Modulo Tarea Actos Administrativos/Acto Retiro Empleado/a_Continuar' is clicked on

2022-06-10 09:01:07 - [MESSAGE][PASSED] - Object: 'Object Repository/1-OBJECTS TAREAS PRINCIPALES/Modulo Tarea Actos Administrativos/Acto Retiro Empleado/a_Continuar' is clicked on

2022-06-10 09:01:07 - [TEST_STEP][PASSED] - setText(findTestObject("1-OBJECTS TAREAS PRINCIPALES/Modulo Tarea Actos Administrativos/Acto Retiro Empleado/input__form_actoAusentismoj_id"), "31/12/2018"): Text '31/12/2018' is set on object 'Object Repository/1-OBJECTS TAREAS PRINCIPALES/Modulo Tarea Actos Administrativos/Acto Retiro Empleado/input__form_actoAusentismoj_id'

2022-06-10 09:01:08 - [MESSAGE][PASSED] - Text '31/12/2018' is set on object 'Object Repository/1-OBJECTS TAREAS PRINCIPALES/Modulo Tarea Actos Administrativos/Acto Retiro Empleado/input__form_actoAusentismoj_id'

2022-06-10 09:01:08 - [TEST_STEP][PASSED] - waitForElementClickable(findTestObject("1-OBJECTS TAREAS PRINCIPALES/Modulo Tarea Actos Administrativos/Acto Retiro Empleado/a_Continuar_1"), G_TimeOut): Object 'Object Repository/1-OBJECTS TAREAS PRINCIPALES/Modulo Tarea Actos Administrativos/Acto Retiro Empleado/a_Continuar_1' is clickable

2022-06-10 09:01:08 - [MESSAGE][PASSED] - Object 'Object Repository/1-OBJECTS TAREAS PRINCIPALES/Modulo Tarea Actos Administrativos/Acto Retiro Empleado/a_Continuar_1' is clickable

2022-06-10 09:01:08 - [TEST_STEP][PASSED] - click(findTestObject("1-OBJECTS TAREAS PRINCIPALES/Modulo Tarea Actos Administrativos/Acto Retiro Empleado/a_Continuar_1")): Object: 'Object Repository/1-OBJECTS TAREAS PRINCIPALES/Modulo Tarea Actos Administrativos/Acto Retiro Empleado/a_Continuar_1' is clicked on

2022-06-10 09:01:08 - [MESSAGE][PASSED] - Object: 'Object Repository/1-OBJECTS TAREAS PRINCIPALES/Modulo Tarea Actos Administrativos/Acto Retiro Empleado/a_Continuar_1' is clicked on

2022-06-10 09:01:08 - [TEST_STEP][PASSED] - waitForElementClickable(findTestObject("1-OBJECTS TAREAS PRINCIPALES/Modulo Tarea Actos Administrativos/Acto Retiro Empleado/a_Aplicar"), G_TimeOut): Object 'Object Repository/1-OBJECTS TAREAS PRINCIPALES/Modulo Tarea Actos Administrativos/Acto Retiro Empleado/a_Aplicar' is clickable

2022-06-10 09:01:10 - [MESSAGE][PASSED] - Object 'Object Repository/1-OBJECTS TAREAS PRINCIPALES/Modulo Tarea Actos Administrativos/Acto Retiro Empleado/a_Aplicar' is clickable

2022-06-10 09:01:10 - [TEST_STEP][FAILED] - click(findTestObject("1-OBJECTS TAREAS PRINCIPALES/Modulo Tarea Actos Administrativos/Acto Retiro Empleado/a_Aplicar")): Unable to click on object 'Object Repository/1-OBJECTS TAREAS PRINCIPALES/Modulo Tarea Actos Administrativos/Acto Retiro Empleado/a_Aplicar' (Root cause: com.kms.katalon.core.exception.StepFailedException: Unable to click on object 'Object Repository/1-OBJECTS TAREAS PRINCIPALES/Modulo Tarea Actos Administrativos/Acto Retiro Empleado/a_Aplicar'
	at com.kms.katalon.core.webui.keyword.internal.WebUIKeywordMain.stepFailed(WebUIKeywordMain.groovy:64)
	at com.kms.katalon.core.webui.keyword.internal.WebUIKeywordMain.runKeyword(WebUIKeywordMain.groovy:26)
	at com.kms.katalon.core.webui.keyword.builtin.ClickKeyword.click(ClickKeyword.groovy:74)
	at com.kms.katalon.core.webui.keyword.builtin.ClickKeyword.execute(ClickKeyword.groovy:40)
	at com.kms.katalon.core.keyword.internal.KeywordExecutor.executeKeywordForPlatform(KeywordExecutor.groovy:74)
	at com.kms.katalon.core.webui.keyword.WebUiBuiltInKeywords.click(WebUiBuiltInKeywords.groovy:620)
	at com.kms.katalon.core.webui.keyword.WebUiBuiltInKeywords$click$5.call(Unknown Source)
	at 1.4.2-Acto Retiro Empleado.run(1.4.2-Acto Retiro Empleado:74)
	at com.kms.katalon.core.main.ScriptEngine.run(ScriptEngine.java:194)
	at com.kms.katalon.core.main.ScriptEngine.runScriptAsRawText(ScriptEngine.java:119)
	at com.kms.katalon.core.main.TestCaseExecutor.runScript(TestCaseExecutor.java:445)
	at com.kms.katalon.core.main.TestCaseExecutor.doExecute(TestCaseExecutor.java:436)
	at com.kms.katalon.core.main.TestCaseExecutor.processExecutionPhase(TestCaseExecutor.java:415)
	at com.kms.katalon.core.main.TestCaseExecutor.accessMainPhase(TestCaseExecutor.java:407)
	at com.kms.katalon.core.main.TestCaseExecutor.execute(TestCaseExecutor.java:284)
	at com.kms.katalon.core.common.CommonExecutor.accessTestCaseMainPhase(CommonExecutor.java:65)
	at com.kms.katalon.core.main.TestSuiteExecutor.accessTestSuiteMainPhase(TestSuiteExecutor.java:144)
	at com.kms.katalon.core.main.TestSuiteExecutor.execute(TestSuiteExecutor.java:106)
	at com.kms.katalon.core.main.TestCaseMain.startTestSuite(TestCaseMain.java:185)
	at com.kms.katalon.core.main.TestCaseMain$startTestSuite$0.call(Unknown Source)
	at TempTestSuite1654867643956.run(TempTestSuite1654867643956.groovy:36)
Caused by: org.openqa.selenium.ElementClickInterceptedException: element click intercepted: Element <a id="form_actoAusentismo:j_idt1145" href="#" class="ui-commandlink ui-widget us-boton btn-acepto" data-pfconfirmcommand="PrimeFaces.ab({s:&quot;form_actoAusentismo:j_idt1145&quot;,f:&quot;form_actoAusentismo&quot;,u:&quot;areaAplicacion&quot;});return false;" onclick="PrimeFaces.confirm({source:&quot;form_actoAusentismo:j_idt1145&quot;,type:&quot;dialog&quot;,escape:true,header:&quot;...&quot;,message:&quot;DESEA CONFIRMAR&quot;,icon:&quot;pi pi-exclamation-triangle&quot;,beforeShow:&quot;&quot;});return false;">Aplicar</a> is not clickable at point (283, 513). Other element would receive the click: <div id="popupErrorDialog:dialog_popupFoto_modal" class="ui-widget-overlay ui-dialog-mask" style="z-index: 1021;"></div>
  (Session info: chrome=102.0.5005.115)
Build info: version: '3.141.59', revision: 'e82be7d358', time: '2018-11-14T08:25:53'
System info: host: 'US-AF-000371', ip: '192.168.56.1', os.name: 'Windows 10', os.arch: 'amd64', os.version: '10.0', java.version: '1.8.0_282'
Driver info: com.kms.katalon.selenium.driver.CChromeDriver
Capabilities {acceptInsecureCerts: false, browserName: chrome, browserVersion: 102.0.5005.115, chrome: {chromedriverVersion: 101.0.4951.41 (93c720db8323..., userDataDir: C:\Users\DIEGO~1.ROJ\AppDat...}, goog:chromeOptions: {debuggerAddress: localhost:57580}, javascriptEnabled: true, networkConnectionEnabled: false, pageLoadStrategy: normal, platform: WINDOWS, platformName: WINDOWS, proxy: Proxy(), setWindowRect: true, strictFileInteractability: false, timeouts: {implicit: 0, pageLoad: 300000, script: 30000}, unhandledPromptBehavior: dismiss and notify, webauthn:extension:credBlob: true, webauthn:extension:largeBlob: true, webauthn:virtualAuthenticators: true}
Session ID: 780dd4c19e051897ee47b2912b1eb1dd
	at org.openqa.selenium.remote.http.W3CHttpResponseCodec.createException(W3CHttpResponseCodec.java:187)
	at org.openqa.selenium.remote.http.W3CHttpResponseCodec.decode(W3CHttpResponseCodec.java:122)
	at org.openqa.selenium.remote.http.W3CHttpResponseCodec.decode(W3CHttpResponseCodec.java:49)
	at org.openqa.selenium.remote.HttpCommandExecutor.execute(HttpCommandExecutor.java:158)
	at org.openqa.selenium.remote.service.DriverCommandExecutor.execute(DriverCommandExecutor.java:83)
	at org.openqa.selenium.remote.RemoteWebDriver.execute(RemoteWebDriver.java:552)
	at com.kms.katalon.selenium.driver.CChromeDriver.execute(CChromeDriver.java:19)
	at org.openqa.selenium.remote.RemoteWebElement.execute(RemoteWebElement.java:285)
	at org.openqa.selenium.remote.RemoteWebElement.click(RemoteWebElement.java:84)
	at org.openqa.selenium.support.events.EventFiringWebDriver$EventFiringWebElement.lambda$new$0(EventFiringWebDriver.java:404)
	at com.sun.proxy.$Proxy11.click(Unknown Source)
	at org.openqa.selenium.support.events.EventFiringWebDriver$EventFiringWebElement.click(EventFiringWebDriver.java:417)
	at org.openqa.selenium.WebElement$click$0.call(Unknown Source)
	at com.kms.katalon.core.webui.keyword.builtin.ClickKeyword.clickUntilSuccessWithTimeout(ClickKeyword.groovy:81)
	at com.kms.katalon.core.webui.keyword.builtin.ClickKeyword.clickUntilSuccessWithTimeout(ClickKeyword.groovy)
	at com.kms.katalon.core.webui.keyword.builtin.ClickKeyword$_click_closure1.doCall(ClickKeyword.groovy:67)
	at com.kms.katalon.core.webui.keyword.builtin.ClickKeyword$_click_closure1.call(ClickKeyword.groovy)
	at com.kms.katalon.core.webui.keyword.internal.WebUIKeywordMain.runKeyword(WebUIKeywordMain.groovy:20)
	at com.kms.katalon.core.webui.keyword.builtin.ClickKeyword.click(ClickKeyword.groovy:74)
	at com.kms.katalon.core.webui.keyword.builtin.ClickKeyword.execute(ClickKeyword.groovy:40)
	at com.kms.katalon.core.keyword.internal.KeywordExecutor.executeKeywordForPlatform(KeywordExecutor.groovy:74)
	at com.kms.katalon.core.webui.keyword.WebUiBuiltInKeywords.click(WebUiBuiltInKeywords.groovy:620)
	at com.kms.katalon.core.webui.keyword.WebUiBuiltInKeywords$click$5.call(Unknown Source)
	at Script1548866366037.run(Script1548866366037.groovy:74)
	... 13 more
)

2022-06-10 09:01:49 - [MESSAGE][FAILED] - Unable to click on object 'Object Repository/1-OBJECTS TAREAS PRINCIPALES/Modulo Tarea Actos Administrativos/Acto Retiro Empleado/a_Aplicar' (Root cause: com.kms.katalon.core.exception.StepFailedException: Unable to click on object 'Object Repository/1-OBJECTS TAREAS PRINCIPALES/Modulo Tarea Actos Administrativos/Acto Retiro Empleado/a_Aplicar'
	at com.kms.katalon.core.webui.keyword.internal.WebUIKeywordMain.stepFailed(WebUIKeywordMain.groovy:64)
	at com.kms.katalon.core.webui.keyword.internal.WebUIKeywordMain.runKeyword(WebUIKeywordMain.groovy:26)
	at com.kms.katalon.core.webui.keyword.builtin.ClickKeyword.click(ClickKeyword.groovy:74)
	at com.kms.katalon.core.webui.keyword.builtin.ClickKeyword.execute(ClickKeyword.groovy:40)
	at com.kms.katalon.core.keyword.internal.KeywordExecutor.executeKeywordForPlatform(KeywordExecutor.groovy:74)
	at com.kms.katalon.core.webui.keyword.WebUiBuiltInKeywords.click(WebUiBuiltInKeywords.groovy:620)
	at com.kms.katalon.core.webui.keyword.WebUiBuiltInKeywords$click$5.call(Unknown Source)
	at 1.4.2-Acto Retiro Empleado.run(1.4.2-Acto Retiro Empleado:74)
	at com.kms.katalon.core.main.ScriptEngine.run(ScriptEngine.java:194)
	at com.kms.katalon.core.main.ScriptEngine.runScriptAsRawText(ScriptEngine.java:119)
	at com.kms.katalon.core.main.TestCaseExecutor.runScript(TestCaseExecutor.java:445)
	at com.kms.katalon.core.main.TestCaseExecutor.doExecute(TestCaseExecutor.java:436)
	at com.kms.katalon.core.main.TestCaseExecutor.processExecutionPhase(TestCaseExecutor.java:415)
	at com.kms.katalon.core.main.TestCaseExecutor.accessMainPhase(TestCaseExecutor.java:407)
	at com.kms.katalon.core.main.TestCaseExecutor.execute(TestCaseExecutor.java:284)
	at com.kms.katalon.core.common.CommonExecutor.accessTestCaseMainPhase(CommonExecutor.java:65)
	at com.kms.katalon.core.main.TestSuiteExecutor.accessTestSuiteMainPhase(TestSuiteExecutor.java:144)
	at com.kms.katalon.core.main.TestSuiteExecutor.execute(TestSuiteExecutor.java:106)
	at com.kms.katalon.core.main.TestCaseMain.startTestSuite(TestCaseMain.java:185)
	at com.kms.katalon.core.main.TestCaseMain$startTestSuite$0.call(Unknown Source)
	at TempTestSuite1654867643956.run(TempTestSuite1654867643956.groovy:36)
Caused by: org.openqa.selenium.ElementClickInterceptedException: element click intercepted: Element <a id="form_actoAusentismo:j_idt1145" href="#" class="ui-commandlink ui-widget us-boton btn-acepto" data-pfconfirmcommand="PrimeFaces.ab({s:&quot;form_actoAusentismo:j_idt1145&quot;,f:&quot;form_actoAusentismo&quot;,u:&quot;areaAplicacion&quot;});return false;" onclick="PrimeFaces.confirm({source:&quot;form_actoAusentismo:j_idt1145&quot;,type:&quot;dialog&quot;,escape:true,header:&quot;...&quot;,message:&quot;DESEA CONFIRMAR&quot;,icon:&quot;pi pi-exclamation-triangle&quot;,beforeShow:&quot;&quot;});return false;">Aplicar</a> is not clickable at point (283, 513). Other element would receive the click: <div id="popupErrorDialog:dialog_popupFoto_modal" class="ui-widget-overlay ui-dialog-mask" style="z-index: 1021;"></div>
  (Session info: chrome=102.0.5005.115)
Build info: version: '3.141.59', revision: 'e82be7d358', time: '2018-11-14T08:25:53'
System info: host: 'US-AF-000371', ip: '192.168.56.1', os.name: 'Windows 10', os.arch: 'amd64', os.version: '10.0', java.version: '1.8.0_282'
Driver info: com.kms.katalon.selenium.driver.CChromeDriver
Capabilities {acceptInsecureCerts: false, browserName: chrome, browserVersion: 102.0.5005.115, chrome: {chromedriverVersion: 101.0.4951.41 (93c720db8323..., userDataDir: C:\Users\DIEGO~1.ROJ\AppDat...}, goog:chromeOptions: {debuggerAddress: localhost:57580}, javascriptEnabled: true, networkConnectionEnabled: false, pageLoadStrategy: normal, platform: WINDOWS, platformName: WINDOWS, proxy: Proxy(), setWindowRect: true, strictFileInteractability: false, timeouts: {implicit: 0, pageLoad: 300000, script: 30000}, unhandledPromptBehavior: dismiss and notify, webauthn:extension:credBlob: true, webauthn:extension:largeBlob: true, webauthn:virtualAuthenticators: true}
Session ID: 780dd4c19e051897ee47b2912b1eb1dd
	at org.openqa.selenium.remote.http.W3CHttpResponseCodec.createException(W3CHttpResponseCodec.java:187)
	at org.openqa.selenium.remote.http.W3CHttpResponseCodec.decode(W3CHttpResponseCodec.java:122)
	at org.openqa.selenium.remote.http.W3CHttpResponseCodec.decode(W3CHttpResponseCodec.java:49)
	at org.openqa.selenium.remote.HttpCommandExecutor.execute(HttpCommandExecutor.java:158)
	at org.openqa.selenium.remote.service.DriverCommandExecutor.execute(DriverCommandExecutor.java:83)
	at org.openqa.selenium.remote.RemoteWebDriver.execute(RemoteWebDriver.java:552)
	at com.kms.katalon.selenium.driver.CChromeDriver.execute(CChromeDriver.java:19)
	at org.openqa.selenium.remote.RemoteWebElement.execute(RemoteWebElement.java:285)
	at org.openqa.selenium.remote.RemoteWebElement.click(RemoteWebElement.java:84)
	at org.openqa.selenium.support.events.EventFiringWebDriver$EventFiringWebElement.lambda$new$0(EventFiringWebDriver.java:404)
	at com.sun.proxy.$Proxy11.click(Unknown Source)
	at org.openqa.selenium.support.events.EventFiringWebDriver$EventFiringWebElement.click(EventFiringWebDriver.java:417)
	at org.openqa.selenium.WebElement$click$0.call(Unknown Source)
	at com.kms.katalon.core.webui.keyword.builtin.ClickKeyword.clickUntilSuccessWithTimeout(ClickKeyword.groovy:81)
	at com.kms.katalon.core.webui.keyword.builtin.ClickKeyword.clickUntilSuccessWithTimeout(ClickKeyword.groovy)
	at com.kms.katalon.core.webui.keyword.builtin.ClickKeyword$_click_closure1.doCall(ClickKeyword.groovy:67)
	at com.kms.katalon.core.webui.keyword.builtin.ClickKeyword$_click_closure1.call(ClickKeyword.groovy)
	at com.kms.katalon.core.webui.keyword.internal.WebUIKeywordMain.runKeyword(WebUIKeywordMain.groovy:20)
	at com.kms.katalon.core.webui.keyword.builtin.ClickKeyword.click(ClickKeyword.groovy:74)
	at com.kms.katalon.core.webui.keyword.builtin.ClickKeyword.execute(ClickKeyword.groovy:40)
	at com.kms.katalon.core.keyword.internal.KeywordExecutor.executeKeywordForPlatform(KeywordExecutor.groovy:74)
	at com.kms.katalon.core.webui.keyword.WebUiBuiltInKeywords.click(WebUiBuiltInKeywords.groovy:620)
	at com.kms.katalon.core.webui.keyword.WebUiBuiltInKeywords$click$5.call(Unknown Source)
	at Script1548866366037.run(Script1548866366037.groovy:74)
	... 13 more
)
[[ATTACHMENT|C:\\Users\\diego.rojas\\git\\Pruebas-Minimas\\Reports\\20220610_082723\\Test_Suite_Principales\\1-Tareas Principales\\20220610_082723\\1654869709828.png]]]]></system-out>
         <system-err><![CDATA[2022-06-10 09:00:47 - [TEST_CASE][FAILED] - Test Cases/1.1-Tareas Principales/1.4.2-Acto Retiro Empleado: Test Cases/1.1-Tareas Principales/1.4.2-Acto Retiro Empleado FAILED.
Reason:
com.kms.katalon.core.exception.StepFailedException: Unable to click on object 'Object Repository/1-OBJECTS TAREAS PRINCIPALES/Modulo Tarea Actos Administrativos/Acto Retiro Empleado/a_Aplicar'
	at com.kms.katalon.core.webui.keyword.internal.WebUIKeywordMain.stepFailed(WebUIKeywordMain.groovy:64)
	at com.kms.katalon.core.webui.keyword.internal.WebUIKeywordMain.runKeyword(WebUIKeywordMain.groovy:26)
	at com.kms.katalon.core.webui.keyword.builtin.ClickKeyword.click(ClickKeyword.groovy:74)
	at com.kms.katalon.core.webui.keyword.builtin.ClickKeyword.execute(ClickKeyword.groovy:40)
	at com.kms.katalon.core.keyword.internal.KeywordExecutor.executeKeywordForPlatform(KeywordExecutor.groovy:74)
	at com.kms.katalon.core.webui.keyword.WebUiBuiltInKeywords.click(WebUiBuiltInKeywords.groovy:620)
	at com.kms.katalon.core.webui.keyword.WebUiBuiltInKeywords$click$5.call(Unknown Source)
	at 1.4.2-Acto Retiro Empleado.run(1.4.2-Acto Retiro Empleado:74)
	at com.kms.katalon.core.main.ScriptEngine.run(ScriptEngine.java:194)
	at com.kms.katalon.core.main.ScriptEngine.runScriptAsRawText(ScriptEngine.java:119)
	at com.kms.katalon.core.main.TestCaseExecutor.runScript(TestCaseExecutor.java:445)
	at com.kms.katalon.core.main.TestCaseExecutor.doExecute(TestCaseExecutor.java:436)
	at com.kms.katalon.core.main.TestCaseExecutor.processExecutionPhase(TestCaseExecutor.java:415)
	at com.kms.katalon.core.main.TestCaseExecutor.accessMainPhase(TestCaseExecutor.java:407)
	at com.kms.katalon.core.main.TestCaseExecutor.execute(TestCaseExecutor.java:284)
	at com.kms.katalon.core.common.CommonExecutor.accessTestCaseMainPhase(CommonExecutor.java:65)
	at com.kms.katalon.core.main.TestSuiteExecutor.accessTestSuiteMainPhase(TestSuiteExecutor.java:144)
	at com.kms.katalon.core.main.TestSuiteExecutor.execute(TestSuiteExecutor.java:106)
	at com.kms.katalon.core.main.TestCaseMain.startTestSuite(TestCaseMain.java:185)
	at com.kms.katalon.core.main.TestCaseMain$startTestSuite$0.call(Unknown Source)
	at TempTestSuite1654867643956.run(TempTestSuite1654867643956.groovy:36)
Caused by: org.openqa.selenium.ElementClickInterceptedException: element click intercepted: Element <a id="form_actoAusentismo:j_idt1145" href="#" class="ui-commandlink ui-widget us-boton btn-acepto" data-pfconfirmcommand="PrimeFaces.ab({s:&quot;form_actoAusentismo:j_idt1145&quot;,f:&quot;form_actoAusentismo&quot;,u:&quot;areaAplicacion&quot;});return false;" onclick="PrimeFaces.confirm({source:&quot;form_actoAusentismo:j_idt1145&quot;,type:&quot;dialog&quot;,escape:true,header:&quot;...&quot;,message:&quot;DESEA CONFIRMAR&quot;,icon:&quot;pi pi-exclamation-triangle&quot;,beforeShow:&quot;&quot;});return false;">Aplicar</a> is not clickable at point (283, 513). Other element would receive the click: <div id="popupErrorDialog:dialog_popupFoto_modal" class="ui-widget-overlay ui-dialog-mask" style="z-index: 1021;"></div>
  (Session info: chrome=102.0.5005.115)
Build info: version: '3.141.59', revision: 'e82be7d358', time: '2018-11-14T08:25:53'
System info: host: 'US-AF-000371', ip: '192.168.56.1', os.name: 'Windows 10', os.arch: 'amd64', os.version: '10.0', java.version: '1.8.0_282'
Driver info: com.kms.katalon.selenium.driver.CChromeDriver
Capabilities {acceptInsecureCerts: false, browserName: chrome, browserVersion: 102.0.5005.115, chrome: {chromedriverVersion: 101.0.4951.41 (93c720db8323..., userDataDir: C:\Users\DIEGO~1.ROJ\AppDat...}, goog:chromeOptions: {debuggerAddress: localhost:57580}, javascriptEnabled: true, networkConnectionEnabled: false, pageLoadStrategy: normal, platform: WINDOWS, platformName: WINDOWS, proxy: Proxy(), setWindowRect: true, strictFileInteractability: false, timeouts: {implicit: 0, pageLoad: 300000, script: 30000}, unhandledPromptBehavior: dismiss and notify, webauthn:extension:credBlob: true, webauthn:extension:largeBlob: true, webauthn:virtualAuthenticators: true}
Session ID: 780dd4c19e051897ee47b2912b1eb1dd
	at org.openqa.selenium.remote.http.W3CHttpResponseCodec.createException(W3CHttpResponseCodec.java:187)
	at org.openqa.selenium.remote.http.W3CHttpResponseCodec.decode(W3CHttpResponseCodec.java:122)
	at org.openqa.selenium.remote.http.W3CHttpResponseCodec.decode(W3CHttpResponseCodec.java:49)
	at org.openqa.selenium.remote.HttpCommandExecutor.execute(HttpCommandExecutor.java:158)
	at org.openqa.selenium.remote.service.DriverCommandExecutor.execute(DriverCommandExecutor.java:83)
	at org.openqa.selenium.remote.RemoteWebDriver.execute(RemoteWebDriver.java:552)
	at com.kms.katalon.selenium.driver.CChromeDriver.execute(CChromeDriver.java:19)
	at org.openqa.selenium.remote.RemoteWebElement.execute(RemoteWebElement.java:285)
	at org.openqa.selenium.remote.RemoteWebElement.click(RemoteWebElement.java:84)
	at org.openqa.selenium.support.events.EventFiringWebDriver$EventFiringWebElement.lambda$new$0(EventFiringWebDriver.java:404)
	at com.sun.proxy.$Proxy11.click(Unknown Source)
	at org.openqa.selenium.support.events.EventFiringWebDriver$EventFiringWebElement.click(EventFiringWebDriver.java:417)
	at org.openqa.selenium.WebElement$click$0.call(Unknown Source)
	at com.kms.katalon.core.webui.keyword.builtin.ClickKeyword.clickUntilSuccessWithTimeout(ClickKeyword.groovy:81)
	at com.kms.katalon.core.webui.keyword.builtin.ClickKeyword.clickUntilSuccessWithTimeout(ClickKeyword.groovy)
	at com.kms.katalon.core.webui.keyword.builtin.ClickKeyword$_click_closure1.doCall(ClickKeyword.groovy:67)
	at com.kms.katalon.core.webui.keyword.builtin.ClickKeyword$_click_closure1.call(ClickKeyword.groovy)
	at com.kms.katalon.core.webui.keyword.internal.WebUIKeywordMain.runKeyword(WebUIKeywordMain.groovy:20)
	... 19 more]]></system-err>
      </testcase>
      <testcase name="Test Cases/1.1-Tareas Principales/1.4.3-Generacion Interfaz" time="23.544" classname="Test Cases/1.1-Tareas Principales/1.4.3-Generacion Interfaz" status="PASSED">
         <system-out><![CDATA[2022-06-10 09:01:49 - [TEST_CASE][PASSED] - Test Cases/1.1-Tareas Principales/1.4.3-Generacion Interfaz: Test Cases/1.1-Tareas Principales/1.4.3-Generacion Interfaz

2022-06-10 09:01:50 - [TEST_STEP][PASSED] - callTestCase(findTestCase("0.1-Login"), [:], STOP_ON_FAILURE): Call Test Case 'Test Cases/0.1-Login' successfully

2022-06-10 09:01:50 - [TEST_CASE][PASSED] - Test Cases/0.1-Login: Test Cases/0.1-Login

2022-06-10 09:01:50 - [TEST_STEP][PASSED] - openBrowser(""): Browser is opened with url: ''

2022-06-10 09:01:50 - [MESSAGE][WARNING] - A browser is already opened. Closing browser and opening a new one

2022-06-10 09:01:51 - [MESSAGE][INFO] - Starting 'Chrome' driver

2022-06-10 09:01:51 - [MESSAGE][INFO] - Action delay is set to 0 milliseconds

2022-06-10 09:01:52 - [MESSAGE][PASSED] - Browser is opened with url: ''

2022-06-10 09:01:52 - [TEST_STEP][PASSED] - maximizeWindow(): Current window maximized

2022-06-10 09:01:52 - [MESSAGE][PASSED] - Current window maximized

2022-06-10 09:01:52 - [TEST_STEP][PASSED] - i = G_Login: null

2022-06-10 09:01:52 - [TEST_STEP][PASSED] - url = new java.net.URL(i): null

2022-06-10 09:01:52 - [TEST_STEP][PASSED] - println("URL: " + url.toString()): null

2022-06-10 09:01:52 - [TEST_STEP][PASSED] - connection = url.openConnection(): null

2022-06-10 09:01:52 - [TEST_STEP][PASSED] - connection.setRequestMethod("GET"): null

2022-06-10 09:01:52 - [TEST_STEP][PASSED] - connection.setReadTimeout(2 * 1000): null

2022-06-10 09:01:52 - [TEST_STEP][PASSED] - try: null

2022-06-10 09:01:52 - [TEST_STEP][PASSED] - connection.connect(): null

2022-06-10 09:01:52 - [TEST_STEP][PASSED] - flag = connected: null

2022-06-10 09:01:52 - [TEST_STEP][PASSED] - println("Valor_ori: " + flag): null

2022-06-10 09:01:52 - [TEST_STEP][PASSED] - if (flag): null

2022-06-10 09:01:52 - [TEST_STEP][PASSED] - navigateToUrl(i): Navigate to 'http://192.168.2.19:8380/saraweb' successfully

2022-06-10 09:01:53 - [MESSAGE][PASSED] - Navigate to 'http://192.168.2.19:8380/saraweb' successfully

2022-06-10 09:01:53 - [TEST_STEP][PASSED] - a(): null

2022-06-10 09:01:53 - [TEST_STEP][PASSED] - setText(findTestObject("3-OBJECTS UTILIDADES/Login/input_USUARIO_loginusuario"), G_Usuario): Text 'saraadmin' is set on object 'Object Repository/3-OBJECTS UTILIDADES/Login/input_USUARIO_loginusuario'

2022-06-10 09:01:53 - [MESSAGE][PASSED] - Text 'saraadmin' is set on object 'Object Repository/3-OBJECTS UTILIDADES/Login/input_USUARIO_loginusuario'

2022-06-10 09:01:53 - [TEST_STEP][PASSED] - setEncryptedText(findTestObject("3-OBJECTS UTILIDADES/Login/input_CLAVE_loginpassword"), "MkG4/TYiCFC3cb2driP7+Q=="): Text ****** has been set on object 'Object Repository/3-OBJECTS UTILIDADES/Login/input_CLAVE_loginpassword'

2022-06-10 09:01:54 - [MESSAGE][PASSED] - Text ****** has been set on object 'Object Repository/3-OBJECTS UTILIDADES/Login/input_CLAVE_loginpassword'

2022-06-10 09:01:54 - [TEST_STEP][PASSED] - waitForElementClickable(findTestObject("3-OBJECTS UTILIDADES/Login/a_Ingresar"), G_TimeOut): Object 'Object Repository/3-OBJECTS UTILIDADES/Login/a_Ingresar' is clickable

2022-06-10 09:01:54 - [MESSAGE][PASSED] - Object 'Object Repository/3-OBJECTS UTILIDADES/Login/a_Ingresar' is clickable

2022-06-10 09:01:54 - [TEST_STEP][PASSED] - click(findTestObject("3-OBJECTS UTILIDADES/Login/a_Ingresar")): Object: 'Object Repository/3-OBJECTS UTILIDADES/Login/a_Ingresar' is clicked on

2022-06-10 09:01:56 - [MESSAGE][PASSED] - Object: 'Object Repository/3-OBJECTS UTILIDADES/Login/a_Ingresar' is clicked on

2022-06-10 09:01:56 - [TEST_STEP][PASSED] - element = findWebElement(findTestObject("3-OBJECTS UTILIDADES/Login/a_Ir"), 30): null

2022-06-10 09:01:56 - [TEST_STEP][PASSED] - executeJavaScript("arguments[0].click()", Arrays.asList(element)): Execute JavaScript 'arguments[0].click()' successfully

2022-06-10 09:01:56 - [MESSAGE][PASSED] - Execute JavaScript 'arguments[0].click()' successfully

2022-06-10 09:01:56 - [MESSAGE][PASSED] - Call Test Case 'Test Cases/0.1-Login' successfully

2022-06-10 09:01:56 - [TEST_STEP][PASSED] - setText(findTestObject("1-OBJECTS TAREAS PRINCIPALES/Modulo Tarea Compensacion/Generacion interfaz/input_ADMINISTRADOR DEL SISTEMA"), "Generacion interfaz (com)"): Text 'Generacion interfaz (com)' is set on object 'Object Repository/1-OBJECTS TAREAS PRINCIPALES/Modulo Tarea Compensacion/Generacion interfaz/input_ADMINISTRADOR DEL SISTEMA'

2022-06-10 09:01:57 - [MESSAGE][PASSED] - Text 'Generacion interfaz (com)' is set on object 'Object Repository/1-OBJECTS TAREAS PRINCIPALES/Modulo Tarea Compensacion/Generacion interfaz/input_ADMINISTRADOR DEL SISTEMA'

2022-06-10 09:01:57 - [TEST_STEP][PASSED] - waitForElementVisible(findTestObject("1-OBJECTS TAREAS PRINCIPALES/Modulo Tarea Compensacion/Generacion interfaz/span_generacion interfaz(com)"), 0): Object 'Object Repository/1-OBJECTS TAREAS PRINCIPALES/Modulo Tarea Compensacion/Generacion interfaz/span_generacion interfaz(com)' is visible

2022-06-10 09:01:57 - [MESSAGE][WARNING] - Timeout '0' is invalid. Using default page load timeout: '37'

2022-06-10 09:01:59 - [MESSAGE][PASSED] - Object 'Object Repository/1-OBJECTS TAREAS PRINCIPALES/Modulo Tarea Compensacion/Generacion interfaz/span_generacion interfaz(com)' is visible

2022-06-10 09:01:59 - [TEST_STEP][PASSED] - click(findTestObject("1-OBJECTS TAREAS PRINCIPALES/Modulo Tarea Compensacion/Generacion interfaz/span_generacion interfaz(com)")): Object: 'Object Repository/1-OBJECTS TAREAS PRINCIPALES/Modulo Tarea Compensacion/Generacion interfaz/span_generacion interfaz(com)' is clicked on

2022-06-10 09:01:59 - [MESSAGE][PASSED] - Object: 'Object Repository/1-OBJECTS TAREAS PRINCIPALES/Modulo Tarea Compensacion/Generacion interfaz/span_generacion interfaz(com)' is clicked on

2022-06-10 09:01:59 - [TEST_STEP][PASSED] - waitForElementClickable(findTestObject("1-OBJECTS TAREAS PRINCIPALES/Modulo Tarea Compensacion/Generacion interfaz/span_INTERFAZ NOMINA INTERFAZ"), G_TimeOut): Object 'Object Repository/1-OBJECTS TAREAS PRINCIPALES/Modulo Tarea Compensacion/Generacion interfaz/span_INTERFAZ NOMINA INTERFAZ' is clickable

2022-06-10 09:02:00 - [MESSAGE][PASSED] - Object 'Object Repository/1-OBJECTS TAREAS PRINCIPALES/Modulo Tarea Compensacion/Generacion interfaz/span_INTERFAZ NOMINA INTERFAZ' is clickable

2022-06-10 09:02:00 - [TEST_STEP][PASSED] - click(findTestObject("1-OBJECTS TAREAS PRINCIPALES/Modulo Tarea Compensacion/Generacion interfaz/span_INTERFAZ NOMINA INTERFAZ")): Object: 'Object Repository/1-OBJECTS TAREAS PRINCIPALES/Modulo Tarea Compensacion/Generacion interfaz/span_INTERFAZ NOMINA INTERFAZ' is clicked on

2022-06-10 09:02:00 - [MESSAGE][PASSED] - Object: 'Object Repository/1-OBJECTS TAREAS PRINCIPALES/Modulo Tarea Compensacion/Generacion interfaz/span_INTERFAZ NOMINA INTERFAZ' is clicked on

2022-06-10 09:02:00 - [TEST_STEP][PASSED] - waitForElementClickable(findTestObject("1-OBJECTS TAREAS PRINCIPALES/Modulo Tarea Compensacion/Generacion interfaz/div_-_ui-chkbox-box ui-widget"), G_TimeOut): Object 'Object Repository/1-OBJECTS TAREAS PRINCIPALES/Modulo Tarea Compensacion/Generacion interfaz/div_-_ui-chkbox-box ui-widget' is clickable

2022-06-10 09:02:01 - [MESSAGE][PASSED] - Object 'Object Repository/1-OBJECTS TAREAS PRINCIPALES/Modulo Tarea Compensacion/Generacion interfaz/div_-_ui-chkbox-box ui-widget' is clickable

2022-06-10 09:02:01 - [TEST_STEP][PASSED] - click(findTestObject("1-OBJECTS TAREAS PRINCIPALES/Modulo Tarea Compensacion/Generacion interfaz/div_-_ui-chkbox-box ui-widget")): Object: 'Object Repository/1-OBJECTS TAREAS PRINCIPALES/Modulo Tarea Compensacion/Generacion interfaz/div_-_ui-chkbox-box ui-widget' is clicked on

2022-06-10 09:02:02 - [MESSAGE][PASSED] - Object: 'Object Repository/1-OBJECTS TAREAS PRINCIPALES/Modulo Tarea Compensacion/Generacion interfaz/div_-_ui-chkbox-box ui-widget' is clicked on

2022-06-10 09:02:02 - [TEST_STEP][PASSED] - waitForElementClickable(findTestObject("1-OBJECTS TAREAS PRINCIPALES/Modulo Tarea Compensacion/Generacion interfaz/a_Generar"), G_TimeOut): Object 'Object Repository/1-OBJECTS TAREAS PRINCIPALES/Modulo Tarea Compensacion/Generacion interfaz/a_Generar' is clickable

2022-06-10 09:02:02 - [MESSAGE][PASSED] - Object 'Object Repository/1-OBJECTS TAREAS PRINCIPALES/Modulo Tarea Compensacion/Generacion interfaz/a_Generar' is clickable

2022-06-10 09:02:02 - [TEST_STEP][PASSED] - click(findTestObject("1-OBJECTS TAREAS PRINCIPALES/Modulo Tarea Compensacion/Generacion interfaz/a_Generar")): Object: 'Object Repository/1-OBJECTS TAREAS PRINCIPALES/Modulo Tarea Compensacion/Generacion interfaz/a_Generar' is clicked on

2022-06-10 09:02:03 - [MESSAGE][PASSED] - Object: 'Object Repository/1-OBJECTS TAREAS PRINCIPALES/Modulo Tarea Compensacion/Generacion interfaz/a_Generar' is clicked on

2022-06-10 09:02:03 - [TEST_STEP][PASSED] - setText(findTestObject("1-OBJECTS TAREAS PRINCIPALES/Modulo Tarea Compensacion/Generacion interfaz/input_Fecha Inicial _popupGeneracion"), "01/01/2021"): Text '01/01/2021' is set on object 'Object Repository/1-OBJECTS TAREAS PRINCIPALES/Modulo Tarea Compensacion/Generacion interfaz/input_Fecha Inicial _popupGeneracion'

2022-06-10 09:02:04 - [MESSAGE][PASSED] - Text '01/01/2021' is set on object 'Object Repository/1-OBJECTS TAREAS PRINCIPALES/Modulo Tarea Compensacion/Generacion interfaz/input_Fecha Inicial _popupGeneracion'

2022-06-10 09:02:04 - [TEST_STEP][PASSED] - waitForElementClickable(findTestObject("1-OBJECTS TAREAS PRINCIPALES/Modulo Tarea Compensacion/Generacion interfaz/td_Rango Fechas"), G_TimeOut): Object 'Object Repository/1-OBJECTS TAREAS PRINCIPALES/Modulo Tarea Compensacion/Generacion interfaz/td_Rango Fechas' is clickable

2022-06-10 09:02:04 - [MESSAGE][PASSED] - Object 'Object Repository/1-OBJECTS TAREAS PRINCIPALES/Modulo Tarea Compensacion/Generacion interfaz/td_Rango Fechas' is clickable

2022-06-10 09:02:04 - [TEST_STEP][PASSED] - click(findTestObject("1-OBJECTS TAREAS PRINCIPALES/Modulo Tarea Compensacion/Generacion interfaz/td_Rango Fechas")): Object: 'Object Repository/1-OBJECTS TAREAS PRINCIPALES/Modulo Tarea Compensacion/Generacion interfaz/td_Rango Fechas' is clicked on

2022-06-10 09:02:05 - [MESSAGE][PASSED] - Object: 'Object Repository/1-OBJECTS TAREAS PRINCIPALES/Modulo Tarea Compensacion/Generacion interfaz/td_Rango Fechas' is clicked on

2022-06-10 09:02:05 - [TEST_STEP][PASSED] - setText(findTestObject("1-OBJECTS TAREAS PRINCIPALES/Modulo Tarea Compensacion/Generacion interfaz/input_Fecha Final_popupGeneracion"), "30/01/2021"): Text '30/01/2021' is set on object 'Object Repository/1-OBJECTS TAREAS PRINCIPALES/Modulo Tarea Compensacion/Generacion interfaz/input_Fecha Final_popupGeneracion'

2022-06-10 09:02:05 - [MESSAGE][PASSED] - Text '30/01/2021' is set on object 'Object Repository/1-OBJECTS TAREAS PRINCIPALES/Modulo Tarea Compensacion/Generacion interfaz/input_Fecha Final_popupGeneracion'

2022-06-10 09:02:05 - [TEST_STEP][PASSED] - waitForElementClickable(findTestObject("1-OBJECTS TAREAS PRINCIPALES/Modulo Tarea Compensacion/Generacion interfaz/td_Rango Fechas"), G_TimeOut): Object 'Object Repository/1-OBJECTS TAREAS PRINCIPALES/Modulo Tarea Compensacion/Generacion interfaz/td_Rango Fechas' is clickable

2022-06-10 09:02:06 - [MESSAGE][PASSED] - Object 'Object Repository/1-OBJECTS TAREAS PRINCIPALES/Modulo Tarea Compensacion/Generacion interfaz/td_Rango Fechas' is clickable

2022-06-10 09:02:06 - [TEST_STEP][PASSED] - click(findTestObject("1-OBJECTS TAREAS PRINCIPALES/Modulo Tarea Compensacion/Generacion interfaz/td_Rango Fechas")): Object: 'Object Repository/1-OBJECTS TAREAS PRINCIPALES/Modulo Tarea Compensacion/Generacion interfaz/td_Rango Fechas' is clicked on

2022-06-10 09:02:06 - [MESSAGE][PASSED] - Object: 'Object Repository/1-OBJECTS TAREAS PRINCIPALES/Modulo Tarea Compensacion/Generacion interfaz/td_Rango Fechas' is clicked on

2022-06-10 09:02:06 - [TEST_STEP][PASSED] - setText(findTestObject("1-OBJECTS TAREAS PRINCIPALES/Modulo Tarea Compensacion/Generacion interfaz/input_Fecha Proceso_popupGeneracion"), "01/01/2021"): Text '01/01/2021' is set on object 'Object Repository/1-OBJECTS TAREAS PRINCIPALES/Modulo Tarea Compensacion/Generacion interfaz/input_Fecha Proceso_popupGeneracion'

2022-06-10 09:02:07 - [MESSAGE][PASSED] - Text '01/01/2021' is set on object 'Object Repository/1-OBJECTS TAREAS PRINCIPALES/Modulo Tarea Compensacion/Generacion interfaz/input_Fecha Proceso_popupGeneracion'

2022-06-10 09:02:07 - [TEST_STEP][PASSED] - waitForElementClickable(findTestObject("1-OBJECTS TAREAS PRINCIPALES/Modulo Tarea Compensacion/Generacion interfaz/span_Generar (1)"), G_TimeOut): Object 'Object Repository/1-OBJECTS TAREAS PRINCIPALES/Modulo Tarea Compensacion/Generacion interfaz/span_Generar (1)' is clickable

2022-06-10 09:02:07 - [MESSAGE][PASSED] - Object 'Object Repository/1-OBJECTS TAREAS PRINCIPALES/Modulo Tarea Compensacion/Generacion interfaz/span_Generar (1)' is clickable

2022-06-10 09:02:07 - [TEST_STEP][PASSED] - click(findTestObject("1-OBJECTS TAREAS PRINCIPALES/Modulo Tarea Compensacion/Generacion interfaz/span_Generar (1)")): Object: 'Object Repository/1-OBJECTS TAREAS PRINCIPALES/Modulo Tarea Compensacion/Generacion interfaz/span_Generar (1)' is clicked on

2022-06-10 09:02:08 - [MESSAGE][PASSED] - Object: 'Object Repository/1-OBJECTS TAREAS PRINCIPALES/Modulo Tarea Compensacion/Generacion interfaz/span_Generar (1)' is clicked on

2022-06-10 09:02:08 - [TEST_STEP][PASSED] - click(findTestObject("1-OBJECTS TAREAS PRINCIPALES/Modulo Tarea Compensacion/Generacion interfaz/a_Si")): Object: 'Object Repository/1-OBJECTS TAREAS PRINCIPALES/Modulo Tarea Compensacion/Generacion interfaz/a_Si' is clicked on

2022-06-10 09:02:08 - [MESSAGE][PASSED] - Object: 'Object Repository/1-OBJECTS TAREAS PRINCIPALES/Modulo Tarea Compensacion/Generacion interfaz/a_Si' is clicked on

2022-06-10 09:02:08 - [TEST_STEP][PASSED] - waitForElementVisible(findTestObject("1-OBJECTS TAREAS PRINCIPALES/Modulo Tarea Compensacion/Generacion interfaz/a_Continuar"), 0): Object 'Object Repository/1-OBJECTS TAREAS PRINCIPALES/Modulo Tarea Compensacion/Generacion interfaz/a_Continuar' is visible

2022-06-10 09:02:08 - [MESSAGE][WARNING] - Timeout '0' is invalid. Using default page load timeout: '37'

2022-06-10 09:02:12 - [MESSAGE][PASSED] - Object 'Object Repository/1-OBJECTS TAREAS PRINCIPALES/Modulo Tarea Compensacion/Generacion interfaz/a_Continuar' is visible

2022-06-10 09:02:12 - [TEST_STEP][PASSED] - if (findTestObject("1-OBJECTS TAREAS PRINCIPALES/Modulo Tarea Compensacion/Generacion interfaz/a_Continuar") == true && click(findTestObject("1-OBJECTS TAREAS PRINCIPALES/Modulo Tarea Compensacion/Generacion interfaz/span_Interfaz")) == false): null

2022-06-10 09:02:12 - [TEST_STEP][PASSED] - else: Browser is closed

2022-06-10 09:02:12 - [TEST_STEP][PASSED] - closeBrowser(): Browser is closed

2022-06-10 09:02:13 - [MESSAGE][PASSED] - Browser is closed

2022-06-10 09:02:13 - [TEST_STEP][PASSED] - closeBrowser(): Browser is closed

2022-06-10 09:02:13 - [MESSAGE][PASSED] - Browser is closed]]></system-out>
         <system-err><![CDATA[]]></system-err>
      </testcase>
      <testcase name="Test Cases/1.1-Tareas Principales/1.4.4-Crear Puesto de Trabajo" time="108.226" classname="Test Cases/1.1-Tareas Principales/1.4.4-Crear Puesto de Trabajo" status="FAILED">
         <failure type="FAILED" message="Test Cases/1.1-Tareas Principales/1.4.4-Crear Puesto de Trabajo FAILED.
Reason:
com.kms.katalon.core.exception.StepFailedException: Unable to get text of object 'Object Repository/3-OBJECTS UTILIDADES/Alerta/Alerta'
	at com.kms.katalon.core.webui.keyword.internal.WebUIKeywordMain.stepFailed(WebUIKeywordMain.groovy:64)
	at com.kms.katalon.core.webui.keyword.internal.WebUIKeywordMain.runKeyword(WebUIKeywordMain.groovy:26)
	at com.kms.katalon.core.webui.keyword.builtin.GetTextKeyword.getText(GetTextKeyword.groovy:88)
	at com.kms.katalon.core.webui.keyword.builtin.GetTextKeyword.execute(GetTextKeyword.groovy:67)
	at com.kms.katalon.core.keyword.internal.KeywordExecutor.executeKeywordForPlatform(KeywordExecutor.groovy:74)
	at com.kms.katalon.core.webui.keyword.WebUiBuiltInKeywords.getText(WebUiBuiltInKeywords.groovy:918)
	at com.kms.katalon.core.webui.keyword.WebUiBuiltInKeywords$getText$13.call(Unknown Source)
	at 1.4.4-Crear Puesto de Trabajo.run(1.4.4-Crear Puesto de Trabajo:264)
	at com.kms.katalon.core.main.ScriptEngine.run(ScriptEngine.java:194)
	at com.kms.katalon.core.main.ScriptEngine.runScriptAsRawText(ScriptEngine.java:119)
	at com.kms.katalon.core.main.TestCaseExecutor.runScript(TestCaseExecutor.java:445)
	at com.kms.katalon.core.main.TestCaseExecutor.doExecute(TestCaseExecutor.java:436)
	at com.kms.katalon.core.main.TestCaseExecutor.processExecutionPhase(TestCaseExecutor.java:415)
	at com.kms.katalon.core.main.TestCaseExecutor.accessMainPhase(TestCaseExecutor.java:407)
	at com.kms.katalon.core.main.TestCaseExecutor.execute(TestCaseExecutor.java:284)
	at com.kms.katalon.core.common.CommonExecutor.accessTestCaseMainPhase(CommonExecutor.java:65)
	at com.kms.katalon.core.main.TestSuiteExecutor.accessTestSuiteMainPhase(TestSuiteExecutor.java:144)
	at com.kms.katalon.core.main.TestSuiteExecutor.execute(TestSuiteExecutor.java:106)
	at com.kms.katalon.core.main.TestCaseMain.startTestSuite(TestCaseMain.java:185)
	at com.kms.katalon.core.main.TestCaseMain$startTestSuite$0.call(Unknown Source)
	at TempTestSuite1654867643956.run(TempTestSuite1654867643956.groovy:36)
Caused by: com.kms.katalon.core.webui.exception.WebElementNotFoundException: Web element with id: 'Object Repository/3-OBJECTS UTILIDADES/Alerta/Alerta' located by '//div[@id='growl_container']/div/div/div[2]/p' not found
	at com.kms.katalon.core.webui.common.WebUiCommonHelper.findWebElement(WebUiCommonHelper.java:1370)
	at com.kms.katalon.core.webui.keyword.internal.WebUIAbstractKeyword.findWebElement(WebUIAbstractKeyword.groovy:27)
	at com.kms.katalon.core.webui.keyword.internal.WebUIAbstractKeyword.findWebElement(WebUIAbstractKeyword.groovy:26)
	at com.kms.katalon.core.webui.keyword.builtin.GetTextKeyword$_getText_closure1.doCall(GetTextKeyword.groovy:78)
	at com.kms.katalon.core.webui.keyword.builtin.GetTextKeyword$_getText_closure1.call(GetTextKeyword.groovy)
	at com.kms.katalon.core.webui.keyword.internal.WebUIKeywordMain.runKeyword(WebUIKeywordMain.groovy:20)
	... 19 more
"/>
         <system-out><![CDATA[2022-06-10 09:02:13 - [TEST_CASE][FAILED] - Test Cases/1.1-Tareas Principales/1.4.4-Crear Puesto de Trabajo: Test Cases/1.1-Tareas Principales/1.4.4-Crear Puesto de Trabajo FAILED.
Reason:
com.kms.katalon.core.exception.StepFailedException: Unable to get text of object 'Object Repository/3-OBJECTS UTILIDADES/Alerta/Alerta'
	at com.kms.katalon.core.webui.keyword.internal.WebUIKeywordMain.stepFailed(WebUIKeywordMain.groovy:64)
	at com.kms.katalon.core.webui.keyword.internal.WebUIKeywordMain.runKeyword(WebUIKeywordMain.groovy:26)
	at com.kms.katalon.core.webui.keyword.builtin.GetTextKeyword.getText(GetTextKeyword.groovy:88)
	at com.kms.katalon.core.webui.keyword.builtin.GetTextKeyword.execute(GetTextKeyword.groovy:67)
	at com.kms.katalon.core.keyword.internal.KeywordExecutor.executeKeywordForPlatform(KeywordExecutor.groovy:74)
	at com.kms.katalon.core.webui.keyword.WebUiBuiltInKeywords.getText(WebUiBuiltInKeywords.groovy:918)
	at com.kms.katalon.core.webui.keyword.WebUiBuiltInKeywords$getText$13.call(Unknown Source)
	at 1.4.4-Crear Puesto de Trabajo.run(1.4.4-Crear Puesto de Trabajo:264)
	at com.kms.katalon.core.main.ScriptEngine.run(ScriptEngine.java:194)
	at com.kms.katalon.core.main.ScriptEngine.runScriptAsRawText(ScriptEngine.java:119)
	at com.kms.katalon.core.main.TestCaseExecutor.runScript(TestCaseExecutor.java:445)
	at com.kms.katalon.core.main.TestCaseExecutor.doExecute(TestCaseExecutor.java:436)
	at com.kms.katalon.core.main.TestCaseExecutor.processExecutionPhase(TestCaseExecutor.java:415)
	at com.kms.katalon.core.main.TestCaseExecutor.accessMainPhase(TestCaseExecutor.java:407)
	at com.kms.katalon.core.main.TestCaseExecutor.execute(TestCaseExecutor.java:284)
	at com.kms.katalon.core.common.CommonExecutor.accessTestCaseMainPhase(CommonExecutor.java:65)
	at com.kms.katalon.core.main.TestSuiteExecutor.accessTestSuiteMainPhase(TestSuiteExecutor.java:144)
	at com.kms.katalon.core.main.TestSuiteExecutor.execute(TestSuiteExecutor.java:106)
	at com.kms.katalon.core.main.TestCaseMain.startTestSuite(TestCaseMain.java:185)
	at com.kms.katalon.core.main.TestCaseMain$startTestSuite$0.call(Unknown Source)
	at TempTestSuite1654867643956.run(TempTestSuite1654867643956.groovy:36)
Caused by: com.kms.katalon.core.webui.exception.WebElementNotFoundException: Web element with id: 'Object Repository/3-OBJECTS UTILIDADES/Alerta/Alerta' located by '//div[@id='growl_container']/div/div/div[2]/p' not found
	at com.kms.katalon.core.webui.common.WebUiCommonHelper.findWebElement(WebUiCommonHelper.java:1370)
	at com.kms.katalon.core.webui.keyword.internal.WebUIAbstractKeyword.findWebElement(WebUIAbstractKeyword.groovy:27)
	at com.kms.katalon.core.webui.keyword.internal.WebUIAbstractKeyword.findWebElement(WebUIAbstractKeyword.groovy:26)
	at com.kms.katalon.core.webui.keyword.builtin.GetTextKeyword$_getText_closure1.doCall(GetTextKeyword.groovy:78)
	at com.kms.katalon.core.webui.keyword.builtin.GetTextKeyword$_getText_closure1.call(GetTextKeyword.groovy)
	at com.kms.katalon.core.webui.keyword.internal.WebUIKeywordMain.runKeyword(WebUIKeywordMain.groovy:20)
	... 19 more


2022-06-10 09:02:13 - [TEST_STEP][PASSED] - callTestCase(findTestCase("Utilidades-(atajos_para _tareas)/Tareas Administracion Compensacion/Tarea Planta Personal"), [:], STOP_ON_FAILURE): Call Test Case 'Test Cases/Utilidades-(atajos_para _tareas)/Tareas Administracion Compensacion/Tarea Planta Personal' successfully

2022-06-10 09:02:13 - [TEST_CASE][PASSED] - Test Cases/Utilidades-(atajos_para _tareas)/Tareas Administracion Compensacion/Tarea Planta Personal: Test Cases/Utilidades-(atajos_para _tareas)/Tareas Administracion Compensacion/Tarea Planta Personal

2022-06-10 09:02:14 - [TEST_STEP][PASSED] - callTestCase(findTestCase("0.1-Login"), [:], STOP_ON_FAILURE): Call Test Case 'Test Cases/0.1-Login' successfully

2022-06-10 09:02:14 - [TEST_CASE][PASSED] - Test Cases/0.1-Login: Test Cases/0.1-Login

2022-06-10 09:02:14 - [TEST_STEP][PASSED] - openBrowser(""): Browser is opened with url: ''

2022-06-10 09:02:14 - [MESSAGE][INFO] - Starting 'Chrome' driver

2022-06-10 09:02:14 - [MESSAGE][INFO] - Action delay is set to 0 milliseconds

2022-06-10 09:02:15 - [MESSAGE][PASSED] - Browser is opened with url: ''

2022-06-10 09:02:15 - [TEST_STEP][PASSED] - maximizeWindow(): Current window maximized

2022-06-10 09:02:15 - [MESSAGE][PASSED] - Current window maximized

2022-06-10 09:02:15 - [TEST_STEP][PASSED] - i = G_Login: null

2022-06-10 09:02:15 - [TEST_STEP][PASSED] - url = new java.net.URL(i): null

2022-06-10 09:02:15 - [TEST_STEP][PASSED] - println("URL: " + url.toString()): null

2022-06-10 09:02:15 - [TEST_STEP][PASSED] - connection = url.openConnection(): null

2022-06-10 09:02:15 - [TEST_STEP][PASSED] - connection.setRequestMethod("GET"): null

2022-06-10 09:02:15 - [TEST_STEP][PASSED] - connection.setReadTimeout(2 * 1000): null

2022-06-10 09:02:15 - [TEST_STEP][PASSED] - try: null

2022-06-10 09:02:15 - [TEST_STEP][PASSED] - connection.connect(): null

2022-06-10 09:02:15 - [TEST_STEP][PASSED] - flag = connected: null

2022-06-10 09:02:15 - [TEST_STEP][PASSED] - println("Valor_ori: " + flag): null

2022-06-10 09:02:15 - [TEST_STEP][PASSED] - if (flag): null

2022-06-10 09:02:15 - [TEST_STEP][PASSED] - navigateToUrl(i): Navigate to 'http://192.168.2.19:8380/saraweb' successfully

2022-06-10 09:02:16 - [MESSAGE][PASSED] - Navigate to 'http://192.168.2.19:8380/saraweb' successfully

2022-06-10 09:02:16 - [TEST_STEP][PASSED] - a(): null

2022-06-10 09:02:16 - [TEST_STEP][PASSED] - setText(findTestObject("3-OBJECTS UTILIDADES/Login/input_USUARIO_loginusuario"), G_Usuario): Text 'saraadmin' is set on object 'Object Repository/3-OBJECTS UTILIDADES/Login/input_USUARIO_loginusuario'

2022-06-10 09:02:16 - [MESSAGE][PASSED] - Text 'saraadmin' is set on object 'Object Repository/3-OBJECTS UTILIDADES/Login/input_USUARIO_loginusuario'

2022-06-10 09:02:16 - [TEST_STEP][PASSED] - setEncryptedText(findTestObject("3-OBJECTS UTILIDADES/Login/input_CLAVE_loginpassword"), "MkG4/TYiCFC3cb2driP7+Q=="): Text ****** has been set on object 'Object Repository/3-OBJECTS UTILIDADES/Login/input_CLAVE_loginpassword'

2022-06-10 09:02:17 - [MESSAGE][PASSED] - Text ****** has been set on object 'Object Repository/3-OBJECTS UTILIDADES/Login/input_CLAVE_loginpassword'

2022-06-10 09:02:17 - [TEST_STEP][PASSED] - waitForElementClickable(findTestObject("3-OBJECTS UTILIDADES/Login/a_Ingresar"), G_TimeOut): Object 'Object Repository/3-OBJECTS UTILIDADES/Login/a_Ingresar' is clickable

2022-06-10 09:02:17 - [MESSAGE][PASSED] - Object 'Object Repository/3-OBJECTS UTILIDADES/Login/a_Ingresar' is clickable

2022-06-10 09:02:17 - [TEST_STEP][PASSED] - click(findTestObject("3-OBJECTS UTILIDADES/Login/a_Ingresar")): Object: 'Object Repository/3-OBJECTS UTILIDADES/Login/a_Ingresar' is clicked on

2022-06-10 09:02:18 - [MESSAGE][PASSED] - Object: 'Object Repository/3-OBJECTS UTILIDADES/Login/a_Ingresar' is clicked on

2022-06-10 09:02:18 - [TEST_STEP][PASSED] - element = findWebElement(findTestObject("3-OBJECTS UTILIDADES/Login/a_Ir"), 30): null

2022-06-10 09:02:19 - [TEST_STEP][PASSED] - executeJavaScript("arguments[0].click()", Arrays.asList(element)): Execute JavaScript 'arguments[0].click()' successfully

2022-06-10 09:02:19 - [MESSAGE][PASSED] - Execute JavaScript 'arguments[0].click()' successfully

2022-06-10 09:02:19 - [MESSAGE][PASSED] - Call Test Case 'Test Cases/0.1-Login' successfully

2022-06-10 09:02:19 - [TEST_STEP][PASSED] - waitForElementVisible(findTestObject("1-OBJECTS TAREAS PRINCIPALES/Modulo Tarea Compensacion/Tarea Planta Personal/input_Ir_nav_t66_input"), 0): Object 'Object Repository/1-OBJECTS TAREAS PRINCIPALES/Modulo Tarea Compensacion/Tarea Planta Personal/input_Ir_nav_t66_input' is visible

2022-06-10 09:02:19 - [MESSAGE][WARNING] - Timeout '0' is invalid. Using default page load timeout: '37'

2022-06-10 09:02:20 - [MESSAGE][PASSED] - Object 'Object Repository/1-OBJECTS TAREAS PRINCIPALES/Modulo Tarea Compensacion/Tarea Planta Personal/input_Ir_nav_t66_input' is visible

2022-06-10 09:02:20 - [TEST_STEP][PASSED] - setText(findTestObject("1-OBJECTS TAREAS PRINCIPALES/Modulo Tarea Compensacion/Tarea Planta Personal/input_Ir_nav_t66_input"), "Planta Personal (tal)"): Text 'Planta Personal (tal)' is set on object 'Object Repository/1-OBJECTS TAREAS PRINCIPALES/Modulo Tarea Compensacion/Tarea Planta Personal/input_Ir_nav_t66_input'

2022-06-10 09:02:20 - [MESSAGE][PASSED] - Text 'Planta Personal (tal)' is set on object 'Object Repository/1-OBJECTS TAREAS PRINCIPALES/Modulo Tarea Compensacion/Tarea Planta Personal/input_Ir_nav_t66_input'

2022-06-10 09:02:20 - [TEST_STEP][PASSED] - waitForElementVisible(findTestObject("1-OBJECTS TAREAS PRINCIPALES/Modulo Tarea Compensacion/Tarea Planta Personal/span_Planta Personal (tal)"), 0): Object 'Object Repository/1-OBJECTS TAREAS PRINCIPALES/Modulo Tarea Compensacion/Tarea Planta Personal/span_Planta Personal (tal)' is visible

2022-06-10 09:02:20 - [MESSAGE][WARNING] - Timeout '0' is invalid. Using default page load timeout: '37'

2022-06-10 09:02:22 - [MESSAGE][PASSED] - Object 'Object Repository/1-OBJECTS TAREAS PRINCIPALES/Modulo Tarea Compensacion/Tarea Planta Personal/span_Planta Personal (tal)' is visible

2022-06-10 09:02:22 - [TEST_STEP][PASSED] - click(findTestObject("1-OBJECTS TAREAS PRINCIPALES/Modulo Tarea Compensacion/Tarea Planta Personal/span_Planta Personal (tal)")): Object: 'Object Repository/1-OBJECTS TAREAS PRINCIPALES/Modulo Tarea Compensacion/Tarea Planta Personal/span_Planta Personal (tal)' is clicked on

2022-06-10 09:02:22 - [MESSAGE][PASSED] - Object: 'Object Repository/1-OBJECTS TAREAS PRINCIPALES/Modulo Tarea Compensacion/Tarea Planta Personal/span_Planta Personal (tal)' is clicked on

2022-06-10 09:02:22 - [MESSAGE][PASSED] - Call Test Case 'Test Cases/Utilidades-(atajos_para _tareas)/Tareas Administracion Compensacion/Tarea Planta Personal' successfully

2022-06-10 09:02:22 - [TEST_STEP][PASSED] - waitForElementClickable(findTestObject("1-OBJECTS TAREAS PRINCIPALES/Modulo Tarea Compensacion/Creacion Puesto de Trabajo/a_Administracion"), G_TimeOut): Object 'Object Repository/1-OBJECTS TAREAS PRINCIPALES/Modulo Tarea Compensacion/Creacion Puesto de Trabajo/a_Administracion' is clickable

2022-06-10 09:02:24 - [MESSAGE][PASSED] - Object 'Object Repository/1-OBJECTS TAREAS PRINCIPALES/Modulo Tarea Compensacion/Creacion Puesto de Trabajo/a_Administracion' is clickable

2022-06-10 09:02:24 - [TEST_STEP][PASSED] - click(findTestObject("1-OBJECTS TAREAS PRINCIPALES/Modulo Tarea Compensacion/Creacion Puesto de Trabajo/a_Administracion")): Object: 'Object Repository/1-OBJECTS TAREAS PRINCIPALES/Modulo Tarea Compensacion/Creacion Puesto de Trabajo/a_Administracion' is clicked on

2022-06-10 09:02:24 - [MESSAGE][PASSED] - Object: 'Object Repository/1-OBJECTS TAREAS PRINCIPALES/Modulo Tarea Compensacion/Creacion Puesto de Trabajo/a_Administracion' is clicked on

2022-06-10 09:02:24 - [TEST_STEP][PASSED] - waitForElementClickable(findTestObject("1-OBJECTS TAREAS PRINCIPALES/Modulo Tarea Compensacion/Creacion Puesto de Trabajo/a_POSICION_organigramanuevoPue"), G_TimeOut): Object 'Object Repository/1-OBJECTS TAREAS PRINCIPALES/Modulo Tarea Compensacion/Creacion Puesto de Trabajo/a_POSICION_organigramanuevoPue' is clickable

2022-06-10 09:02:25 - [MESSAGE][PASSED] - Object 'Object Repository/1-OBJECTS TAREAS PRINCIPALES/Modulo Tarea Compensacion/Creacion Puesto de Trabajo/a_POSICION_organigramanuevoPue' is clickable

2022-06-10 09:02:25 - [TEST_STEP][PASSED] - click(findTestObject("1-OBJECTS TAREAS PRINCIPALES/Modulo Tarea Compensacion/Creacion Puesto de Trabajo/a_POSICION_organigramanuevoPue")): Object: 'Object Repository/1-OBJECTS TAREAS PRINCIPALES/Modulo Tarea Compensacion/Creacion Puesto de Trabajo/a_POSICION_organigramanuevoPue' is clicked on

2022-06-10 09:02:26 - [MESSAGE][PASSED] - Object: 'Object Repository/1-OBJECTS TAREAS PRINCIPALES/Modulo Tarea Compensacion/Creacion Puesto de Trabajo/a_POSICION_organigramanuevoPue' is clicked on

2022-06-10 09:02:26 - [TEST_STEP][PASSED] - waitForElementClickable(findTestObject("1-OBJECTS TAREAS PRINCIPALES/Modulo Tarea Compensacion/Creacion Puesto de Trabajo/a_Cargo _datosPuestoTrabajo_fo"), G_TimeOut): Object 'Object Repository/1-OBJECTS TAREAS PRINCIPALES/Modulo Tarea Compensacion/Creacion Puesto de Trabajo/a_Cargo _datosPuestoTrabajo_fo' is clickable

2022-06-10 09:02:26 - [MESSAGE][PASSED] - Object 'Object Repository/1-OBJECTS TAREAS PRINCIPALES/Modulo Tarea Compensacion/Creacion Puesto de Trabajo/a_Cargo _datosPuestoTrabajo_fo' is clickable

2022-06-10 09:02:26 - [TEST_STEP][PASSED] - click(findTestObject("1-OBJECTS TAREAS PRINCIPALES/Modulo Tarea Compensacion/Creacion Puesto de Trabajo/a_Cargo _datosPuestoTrabajo_fo")): Object: 'Object Repository/1-OBJECTS TAREAS PRINCIPALES/Modulo Tarea Compensacion/Creacion Puesto de Trabajo/a_Cargo _datosPuestoTrabajo_fo' is clicked on

2022-06-10 09:02:27 - [MESSAGE][PASSED] - Object: 'Object Repository/1-OBJECTS TAREAS PRINCIPALES/Modulo Tarea Compensacion/Creacion Puesto de Trabajo/a_Cargo _datosPuestoTrabajo_fo' is clicked on

2022-06-10 09:02:27 - [TEST_STEP][PASSED] - setText(findTestObject("1-OBJECTS TAREAS PRINCIPALES/Modulo Tarea Compensacion/Creacion Puesto de Trabajo/input_Cargo_popupreclasificacion_formj_idt1445"), "20139"): Text '20139' is set on object 'Object Repository/1-OBJECTS TAREAS PRINCIPALES/Modulo Tarea Compensacion/Creacion Puesto de Trabajo/input_Cargo_popupreclasificacion_formj_idt1445'

2022-06-10 09:02:28 - [MESSAGE][PASSED] - Text '20139' is set on object 'Object Repository/1-OBJECTS TAREAS PRINCIPALES/Modulo Tarea Compensacion/Creacion Puesto de Trabajo/input_Cargo_popupreclasificacion_formj_idt1445'

2022-06-10 09:02:28 - [TEST_STEP][PASSED] - sendKeys(findTestObject("1-OBJECTS TAREAS PRINCIPALES/Modulo Tarea Compensacion/Creacion Puesto de Trabajo/input_Cargo_popupreclasificacion_formj_idt1445"), Keys.chord(ENTER)): Keys 'ENTER + ' sent to object: 'Object Repository/1-OBJECTS TAREAS PRINCIPALES/Modulo Tarea Compensacion/Creacion Puesto de Trabajo/input_Cargo_popupreclasificacion_formj_idt1445'

2022-06-10 09:02:28 - [MESSAGE][PASSED] - Keys 'ENTER + ' sent to object: 'Object Repository/1-OBJECTS TAREAS PRINCIPALES/Modulo Tarea Compensacion/Creacion Puesto de Trabajo/input_Cargo_popupreclasificacion_formj_idt1445'

2022-06-10 09:02:28 - [TEST_STEP][PASSED] - click(findTestObject("1-OBJECTS TAREAS PRINCIPALES/Modulo Tarea Compensacion/Creacion Puesto de Trabajo/span_ABOGADO")): Object: 'Object Repository/1-OBJECTS TAREAS PRINCIPALES/Modulo Tarea Compensacion/Creacion Puesto de Trabajo/span_ABOGADO' is clicked on

2022-06-10 09:02:29 - [MESSAGE][PASSED] - Object: 'Object Repository/1-OBJECTS TAREAS PRINCIPALES/Modulo Tarea Compensacion/Creacion Puesto de Trabajo/span_ABOGADO' is clicked on

2022-06-10 09:02:29 - [TEST_STEP][PASSED] - waitForElementClickable(findTestObject("1-OBJECTS TAREAS PRINCIPALES/Modulo Tarea Compensacion/Creacion Puesto de Trabajo/select_-- Seleccione --PLANTA"), G_TimeOut): Object 'Object Repository/1-OBJECTS TAREAS PRINCIPALES/Modulo Tarea Compensacion/Creacion Puesto de Trabajo/select_-- Seleccione --PLANTA' is clickable

2022-06-10 09:02:30 - [MESSAGE][PASSED] - Object 'Object Repository/1-OBJECTS TAREAS PRINCIPALES/Modulo Tarea Compensacion/Creacion Puesto de Trabajo/select_-- Seleccione --PLANTA' is clickable

2022-06-10 09:02:30 - [TEST_STEP][PASSED] - click(findTestObject("1-OBJECTS TAREAS PRINCIPALES/Modulo Tarea Compensacion/Creacion Puesto de Trabajo/select_-- Seleccione --PLANTA")): Object: 'Object Repository/1-OBJECTS TAREAS PRINCIPALES/Modulo Tarea Compensacion/Creacion Puesto de Trabajo/select_-- Seleccione --PLANTA' is clicked on

2022-06-10 09:02:30 - [MESSAGE][PASSED] - Object: 'Object Repository/1-OBJECTS TAREAS PRINCIPALES/Modulo Tarea Compensacion/Creacion Puesto de Trabajo/select_-- Seleccione --PLANTA' is clicked on

2022-06-10 09:02:30 - [TEST_STEP][PASSED] - selectOptionByIndex(findTestObject("1-OBJECTS TAREAS PRINCIPALES/Modulo Tarea Compensacion/Creacion Puesto de Trabajo/select_-- Seleccione --PLANTA"), "1"): All options with index in [1] are selected on object 'Object Repository/1-OBJECTS TAREAS PRINCIPALES/Modulo Tarea Compensacion/Creacion Puesto de Trabajo/select_-- Seleccione --PLANTA'

2022-06-10 09:02:31 - [MESSAGE][PASSED] - All options with index in [1] are selected on object 'Object Repository/1-OBJECTS TAREAS PRINCIPALES/Modulo Tarea Compensacion/Creacion Puesto de Trabajo/select_-- Seleccione --PLANTA'

2022-06-10 09:02:31 - [TEST_STEP][PASSED] - waitForElementClickable(findTestObject("1-OBJECTS TAREAS PRINCIPALES/Modulo Tarea Compensacion/Creacion Puesto de Trabajo/select_-- Seleccione --AMPLEAD"), G_TimeOut): Object 'Object Repository/1-OBJECTS TAREAS PRINCIPALES/Modulo Tarea Compensacion/Creacion Puesto de Trabajo/select_-- Seleccione --AMPLEAD' is clickable

2022-06-10 09:02:32 - [MESSAGE][PASSED] - Object 'Object Repository/1-OBJECTS TAREAS PRINCIPALES/Modulo Tarea Compensacion/Creacion Puesto de Trabajo/select_-- Seleccione --AMPLEAD' is clickable

2022-06-10 09:02:32 - [TEST_STEP][PASSED] - click(findTestObject("1-OBJECTS TAREAS PRINCIPALES/Modulo Tarea Compensacion/Creacion Puesto de Trabajo/select_-- Seleccione --AMPLEAD")): Object: 'Object Repository/1-OBJECTS TAREAS PRINCIPALES/Modulo Tarea Compensacion/Creacion Puesto de Trabajo/select_-- Seleccione --AMPLEAD' is clicked on

2022-06-10 09:02:32 - [MESSAGE][PASSED] - Object: 'Object Repository/1-OBJECTS TAREAS PRINCIPALES/Modulo Tarea Compensacion/Creacion Puesto de Trabajo/select_-- Seleccione --AMPLEAD' is clicked on

2022-06-10 09:02:32 - [TEST_STEP][PASSED] - selectOptionByIndex(findTestObject("1-OBJECTS TAREAS PRINCIPALES/Modulo Tarea Compensacion/Creacion Puesto de Trabajo/select_-- Seleccione --AMPLEAD"), "2"): All options with index in [2] are selected on object 'Object Repository/1-OBJECTS TAREAS PRINCIPALES/Modulo Tarea Compensacion/Creacion Puesto de Trabajo/select_-- Seleccione --AMPLEAD'

2022-06-10 09:02:33 - [MESSAGE][PASSED] - All options with index in [2] are selected on object 'Object Repository/1-OBJECTS TAREAS PRINCIPALES/Modulo Tarea Compensacion/Creacion Puesto de Trabajo/select_-- Seleccione --AMPLEAD'

2022-06-10 09:02:33 - [TEST_STEP][PASSED] - waitForElementClickable(findTestObject("1-OBJECTS TAREAS PRINCIPALES/Modulo Tarea Compensacion/Creacion Puesto de Trabajo/select_-- Seleccione --Bloquea"), G_TimeOut): Object 'Object Repository/1-OBJECTS TAREAS PRINCIPALES/Modulo Tarea Compensacion/Creacion Puesto de Trabajo/select_-- Seleccione --Bloquea' is clickable

2022-06-10 09:02:34 - [MESSAGE][PASSED] - Object 'Object Repository/1-OBJECTS TAREAS PRINCIPALES/Modulo Tarea Compensacion/Creacion Puesto de Trabajo/select_-- Seleccione --Bloquea' is clickable

2022-06-10 09:02:34 - [TEST_STEP][PASSED] - click(findTestObject("1-OBJECTS TAREAS PRINCIPALES/Modulo Tarea Compensacion/Creacion Puesto de Trabajo/select_-- Seleccione --Bloquea")): Object: 'Object Repository/1-OBJECTS TAREAS PRINCIPALES/Modulo Tarea Compensacion/Creacion Puesto de Trabajo/select_-- Seleccione --Bloquea' is clicked on

2022-06-10 09:02:34 - [MESSAGE][PASSED] - Object: 'Object Repository/1-OBJECTS TAREAS PRINCIPALES/Modulo Tarea Compensacion/Creacion Puesto de Trabajo/select_-- Seleccione --Bloquea' is clicked on

2022-06-10 09:02:34 - [TEST_STEP][PASSED] - selectOptionByIndex(findTestObject("1-OBJECTS TAREAS PRINCIPALES/Modulo Tarea Compensacion/Creacion Puesto de Trabajo/select_-- Seleccione --Bloquea"), "3"): All options with index in [3] are selected on object 'Object Repository/1-OBJECTS TAREAS PRINCIPALES/Modulo Tarea Compensacion/Creacion Puesto de Trabajo/select_-- Seleccione --Bloquea'

2022-06-10 09:02:35 - [MESSAGE][PASSED] - All options with index in [3] are selected on object 'Object Repository/1-OBJECTS TAREAS PRINCIPALES/Modulo Tarea Compensacion/Creacion Puesto de Trabajo/select_-- Seleccione --Bloquea'

2022-06-10 09:02:35 - [TEST_STEP][PASSED] - setText(findTestObject("1-OBJECTS TAREAS PRINCIPALES/Modulo Tarea Compensacion/Creacion Puesto de Trabajo/input_Creacin_datosPuestoTraba"), "01/07/2021"): Text '01/07/2021' is set on object 'Object Repository/1-OBJECTS TAREAS PRINCIPALES/Modulo Tarea Compensacion/Creacion Puesto de Trabajo/input_Creacin_datosPuestoTraba'

2022-06-10 09:02:36 - [MESSAGE][PASSED] - Text '01/07/2021' is set on object 'Object Repository/1-OBJECTS TAREAS PRINCIPALES/Modulo Tarea Compensacion/Creacion Puesto de Trabajo/input_Creacin_datosPuestoTraba'

2022-06-10 09:02:36 - [TEST_STEP][PASSED] - setText(findTestObject("1-OBJECTS TAREAS PRINCIPALES/Modulo Tarea Compensacion/Creacion Puesto de Trabajo/input_Fecha Disponible_datosPu"), "31/07/2021"): Text '31/07/2021' is set on object 'Object Repository/1-OBJECTS TAREAS PRINCIPALES/Modulo Tarea Compensacion/Creacion Puesto de Trabajo/input_Fecha Disponible_datosPu'

2022-06-10 09:02:37 - [MESSAGE][PASSED] - Text '31/07/2021' is set on object 'Object Repository/1-OBJECTS TAREAS PRINCIPALES/Modulo Tarea Compensacion/Creacion Puesto de Trabajo/input_Fecha Disponible_datosPu'

2022-06-10 09:02:37 - [TEST_STEP][PASSED] - setText(findTestObject("1-OBJECTS TAREAS PRINCIPALES/Modulo Tarea Compensacion/Creacion Puesto de Trabajo/input_Observacin_datosPuestoTr"), "Prueba"): Text 'Prueba' is set on object 'Object Repository/1-OBJECTS TAREAS PRINCIPALES/Modulo Tarea Compensacion/Creacion Puesto de Trabajo/input_Observacin_datosPuestoTr'

2022-06-10 09:02:38 - [MESSAGE][PASSED] - Text 'Prueba' is set on object 'Object Repository/1-OBJECTS TAREAS PRINCIPALES/Modulo Tarea Compensacion/Creacion Puesto de Trabajo/input_Observacin_datosPuestoTr'

2022-06-10 09:02:38 - [TEST_STEP][PASSED] - waitForElementClickable(findTestObject("1-OBJECTS TAREAS PRINCIPALES/Modulo Tarea Compensacion/Creacion Puesto de Trabajo/select_-- Seleccione --No Rese"), G_TimeOut): Object 'Object Repository/1-OBJECTS TAREAS PRINCIPALES/Modulo Tarea Compensacion/Creacion Puesto de Trabajo/select_-- Seleccione --No Rese' is clickable

2022-06-10 09:02:38 - [MESSAGE][PASSED] - Object 'Object Repository/1-OBJECTS TAREAS PRINCIPALES/Modulo Tarea Compensacion/Creacion Puesto de Trabajo/select_-- Seleccione --No Rese' is clickable

2022-06-10 09:02:38 - [TEST_STEP][PASSED] - click(findTestObject("1-OBJECTS TAREAS PRINCIPALES/Modulo Tarea Compensacion/Creacion Puesto de Trabajo/select_-- Seleccione --No Rese")): Object: 'Object Repository/1-OBJECTS TAREAS PRINCIPALES/Modulo Tarea Compensacion/Creacion Puesto de Trabajo/select_-- Seleccione --No Rese' is clicked on

2022-06-10 09:02:39 - [MESSAGE][PASSED] - Object: 'Object Repository/1-OBJECTS TAREAS PRINCIPALES/Modulo Tarea Compensacion/Creacion Puesto de Trabajo/select_-- Seleccione --No Rese' is clicked on

2022-06-10 09:02:39 - [TEST_STEP][PASSED] - selectOptionByIndex(findTestObject("1-OBJECTS TAREAS PRINCIPALES/Modulo Tarea Compensacion/Creacion Puesto de Trabajo/select_-- Seleccione --No Rese"), "1"): All options with index in [1] are selected on object 'Object Repository/1-OBJECTS TAREAS PRINCIPALES/Modulo Tarea Compensacion/Creacion Puesto de Trabajo/select_-- Seleccione --No Rese'

2022-06-10 09:02:40 - [MESSAGE][PASSED] - All options with index in [1] are selected on object 'Object Repository/1-OBJECTS TAREAS PRINCIPALES/Modulo Tarea Compensacion/Creacion Puesto de Trabajo/select_-- Seleccione --No Rese'

2022-06-10 09:02:40 - [TEST_STEP][PASSED] - waitForElementClickable(findTestObject("1-OBJECTS TAREAS PRINCIPALES/Modulo Tarea Compensacion/Creacion Puesto de Trabajo/select_-- Seleccione --Asignac"), G_TimeOut): Object 'Object Repository/1-OBJECTS TAREAS PRINCIPALES/Modulo Tarea Compensacion/Creacion Puesto de Trabajo/select_-- Seleccione --Asignac' is clickable

2022-06-10 09:02:40 - [MESSAGE][PASSED] - Object 'Object Repository/1-OBJECTS TAREAS PRINCIPALES/Modulo Tarea Compensacion/Creacion Puesto de Trabajo/select_-- Seleccione --Asignac' is clickable

2022-06-10 09:02:40 - [TEST_STEP][PASSED] - click(findTestObject("1-OBJECTS TAREAS PRINCIPALES/Modulo Tarea Compensacion/Creacion Puesto de Trabajo/select_-- Seleccione --Asignac")): Object: 'Object Repository/1-OBJECTS TAREAS PRINCIPALES/Modulo Tarea Compensacion/Creacion Puesto de Trabajo/select_-- Seleccione --Asignac' is clicked on

2022-06-10 09:02:40 - [MESSAGE][PASSED] - Object: 'Object Repository/1-OBJECTS TAREAS PRINCIPALES/Modulo Tarea Compensacion/Creacion Puesto de Trabajo/select_-- Seleccione --Asignac' is clicked on

2022-06-10 09:02:40 - [TEST_STEP][PASSED] - selectOptionByIndex(findTestObject("1-OBJECTS TAREAS PRINCIPALES/Modulo Tarea Compensacion/Creacion Puesto de Trabajo/select_-- Seleccione --Asignac"), "4"): All options with index in [4] are selected on object 'Object Repository/1-OBJECTS TAREAS PRINCIPALES/Modulo Tarea Compensacion/Creacion Puesto de Trabajo/select_-- Seleccione --Asignac'

2022-06-10 09:02:41 - [MESSAGE][PASSED] - All options with index in [4] are selected on object 'Object Repository/1-OBJECTS TAREAS PRINCIPALES/Modulo Tarea Compensacion/Creacion Puesto de Trabajo/select_-- Seleccione --Asignac'

2022-06-10 09:02:41 - [TEST_STEP][PASSED] - waitForElementClickable(findTestObject("1-OBJECTS TAREAS PRINCIPALES/Modulo Tarea Compensacion/Creacion Puesto de Trabajo/label_Es responsable de la Unidad"), G_TimeOut): Object 'Object Repository/1-OBJECTS TAREAS PRINCIPALES/Modulo Tarea Compensacion/Creacion Puesto de Trabajo/label_Es responsable de la Unidad' is clickable

2022-06-10 09:02:42 - [MESSAGE][PASSED] - Object 'Object Repository/1-OBJECTS TAREAS PRINCIPALES/Modulo Tarea Compensacion/Creacion Puesto de Trabajo/label_Es responsable de la Unidad' is clickable

2022-06-10 09:02:42 - [TEST_STEP][PASSED] - click(findTestObject("1-OBJECTS TAREAS PRINCIPALES/Modulo Tarea Compensacion/Creacion Puesto de Trabajo/label_Es responsable de la Unidad")): Object: 'Object Repository/1-OBJECTS TAREAS PRINCIPALES/Modulo Tarea Compensacion/Creacion Puesto de Trabajo/label_Es responsable de la Unidad' is clicked on

2022-06-10 09:02:42 - [MESSAGE][PASSED] - Object: 'Object Repository/1-OBJECTS TAREAS PRINCIPALES/Modulo Tarea Compensacion/Creacion Puesto de Trabajo/label_Es responsable de la Unidad' is clicked on

2022-06-10 09:02:42 - [TEST_STEP][PASSED] - waitForElementClickable(findTestObject("1-OBJECTS TAREAS PRINCIPALES/Modulo Tarea Compensacion/Creacion Puesto de Trabajo/a_Lder_datosPuestoTrabajo_form"), G_TimeOut): Object 'Object Repository/1-OBJECTS TAREAS PRINCIPALES/Modulo Tarea Compensacion/Creacion Puesto de Trabajo/a_Lder_datosPuestoTrabajo_form' is clickable

2022-06-10 09:02:43 - [MESSAGE][PASSED] - Object 'Object Repository/1-OBJECTS TAREAS PRINCIPALES/Modulo Tarea Compensacion/Creacion Puesto de Trabajo/a_Lder_datosPuestoTrabajo_form' is clickable

2022-06-10 09:02:43 - [TEST_STEP][PASSED] - click(findTestObject("1-OBJECTS TAREAS PRINCIPALES/Modulo Tarea Compensacion/Creacion Puesto de Trabajo/a_Lder_datosPuestoTrabajo_form")): Object: 'Object Repository/1-OBJECTS TAREAS PRINCIPALES/Modulo Tarea Compensacion/Creacion Puesto de Trabajo/a_Lder_datosPuestoTrabajo_form' is clicked on

2022-06-10 09:02:43 - [MESSAGE][PASSED] - Object: 'Object Repository/1-OBJECTS TAREAS PRINCIPALES/Modulo Tarea Compensacion/Creacion Puesto de Trabajo/a_Lder_datosPuestoTrabajo_form' is clicked on

2022-06-10 09:02:43 - [TEST_STEP][PASSED] - waitForElementClickable(findTestObject("1-OBJECTS TAREAS PRINCIPALES/Modulo Tarea Compensacion/Creacion Puesto de Trabajo/label_Dentro de la Unidad"), G_TimeOut): Object 'Object Repository/1-OBJECTS TAREAS PRINCIPALES/Modulo Tarea Compensacion/Creacion Puesto de Trabajo/label_Dentro de la Unidad' is clickable

2022-06-10 09:02:44 - [MESSAGE][PASSED] - Object 'Object Repository/1-OBJECTS TAREAS PRINCIPALES/Modulo Tarea Compensacion/Creacion Puesto de Trabajo/label_Dentro de la Unidad' is clickable

2022-06-10 09:02:44 - [TEST_STEP][PASSED] - click(findTestObject("1-OBJECTS TAREAS PRINCIPALES/Modulo Tarea Compensacion/Creacion Puesto de Trabajo/label_Dentro de la Unidad")): Object: 'Object Repository/1-OBJECTS TAREAS PRINCIPALES/Modulo Tarea Compensacion/Creacion Puesto de Trabajo/label_Dentro de la Unidad' is clicked on

2022-06-10 09:02:44 - [MESSAGE][PASSED] - Object: 'Object Repository/1-OBJECTS TAREAS PRINCIPALES/Modulo Tarea Compensacion/Creacion Puesto de Trabajo/label_Dentro de la Unidad' is clicked on

2022-06-10 09:02:44 - [TEST_STEP][PASSED] - waitForElementClickable(findTestObject("1-OBJECTS TAREAS PRINCIPALES/Modulo Tarea Compensacion/Creacion Puesto de Trabajo/a_Continuar"), G_TimeOut): Object 'Object Repository/1-OBJECTS TAREAS PRINCIPALES/Modulo Tarea Compensacion/Creacion Puesto de Trabajo/a_Continuar' is clickable

2022-06-10 09:02:45 - [MESSAGE][PASSED] - Object 'Object Repository/1-OBJECTS TAREAS PRINCIPALES/Modulo Tarea Compensacion/Creacion Puesto de Trabajo/a_Continuar' is clickable

2022-06-10 09:02:45 - [TEST_STEP][PASSED] - click(findTestObject("1-OBJECTS TAREAS PRINCIPALES/Modulo Tarea Compensacion/Creacion Puesto de Trabajo/a_Continuar")): Object: 'Object Repository/1-OBJECTS TAREAS PRINCIPALES/Modulo Tarea Compensacion/Creacion Puesto de Trabajo/a_Continuar' is clicked on

2022-06-10 09:02:45 - [MESSAGE][PASSED] - Object: 'Object Repository/1-OBJECTS TAREAS PRINCIPALES/Modulo Tarea Compensacion/Creacion Puesto de Trabajo/a_Continuar' is clicked on

2022-06-10 09:02:45 - [TEST_STEP][PASSED] - waitForElementClickable(findTestObject("1-OBJECTS TAREAS PRINCIPALES/Modulo Tarea Compensacion/Creacion Puesto de Trabajo/span_Galeano . Maria"), G_TimeOut): Object 'Object Repository/1-OBJECTS TAREAS PRINCIPALES/Modulo Tarea Compensacion/Creacion Puesto de Trabajo/span_Galeano . Maria' is clickable

2022-06-10 09:02:46 - [MESSAGE][PASSED] - Object 'Object Repository/1-OBJECTS TAREAS PRINCIPALES/Modulo Tarea Compensacion/Creacion Puesto de Trabajo/span_Galeano . Maria' is clickable

2022-06-10 09:02:46 - [TEST_STEP][PASSED] - click(findTestObject("1-OBJECTS TAREAS PRINCIPALES/Modulo Tarea Compensacion/Creacion Puesto de Trabajo/span_Galeano . Maria")): Object: 'Object Repository/1-OBJECTS TAREAS PRINCIPALES/Modulo Tarea Compensacion/Creacion Puesto de Trabajo/span_Galeano . Maria' is clicked on

2022-06-10 09:02:47 - [MESSAGE][PASSED] - Object: 'Object Repository/1-OBJECTS TAREAS PRINCIPALES/Modulo Tarea Compensacion/Creacion Puesto de Trabajo/span_Galeano . Maria' is clicked on

2022-06-10 09:02:47 - [TEST_STEP][PASSED] - waitForElementClickable(findTestObject("1-OBJECTS TAREAS PRINCIPALES/Modulo Tarea Compensacion/Creacion Puesto de Trabajo/a_Aplicar"), G_TimeOut): Object 'Object Repository/1-OBJECTS TAREAS PRINCIPALES/Modulo Tarea Compensacion/Creacion Puesto de Trabajo/a_Aplicar' is clickable

2022-06-10 09:02:47 - [MESSAGE][PASSED] - Object 'Object Repository/1-OBJECTS TAREAS PRINCIPALES/Modulo Tarea Compensacion/Creacion Puesto de Trabajo/a_Aplicar' is clickable

2022-06-10 09:02:47 - [TEST_STEP][PASSED] - click(findTestObject("1-OBJECTS TAREAS PRINCIPALES/Modulo Tarea Compensacion/Creacion Puesto de Trabajo/a_Aplicar")): Object: 'Object Repository/1-OBJECTS TAREAS PRINCIPALES/Modulo Tarea Compensacion/Creacion Puesto de Trabajo/a_Aplicar' is clicked on

2022-06-10 09:02:48 - [MESSAGE][PASSED] - Object: 'Object Repository/1-OBJECTS TAREAS PRINCIPALES/Modulo Tarea Compensacion/Creacion Puesto de Trabajo/a_Aplicar' is clicked on

2022-06-10 09:02:48 - [TEST_STEP][PASSED] - waitForElementClickable(findTestObject("1-OBJECTS TAREAS PRINCIPALES/Modulo Tarea Compensacion/Creacion Puesto de Trabajo/a_Unidad Jerarquica_datosPuest"), G_TimeOut): Object 'Object Repository/1-OBJECTS TAREAS PRINCIPALES/Modulo Tarea Compensacion/Creacion Puesto de Trabajo/a_Unidad Jerarquica_datosPuest' is clickable

2022-06-10 09:02:48 - [MESSAGE][PASSED] - Object 'Object Repository/1-OBJECTS TAREAS PRINCIPALES/Modulo Tarea Compensacion/Creacion Puesto de Trabajo/a_Unidad Jerarquica_datosPuest' is clickable

2022-06-10 09:02:48 - [TEST_STEP][PASSED] - click(findTestObject("1-OBJECTS TAREAS PRINCIPALES/Modulo Tarea Compensacion/Creacion Puesto de Trabajo/a_Unidad Jerarquica_datosPuest")): Object: 'Object Repository/1-OBJECTS TAREAS PRINCIPALES/Modulo Tarea Compensacion/Creacion Puesto de Trabajo/a_Unidad Jerarquica_datosPuest' is clicked on

2022-06-10 09:02:49 - [MESSAGE][PASSED] - Object: 'Object Repository/1-OBJECTS TAREAS PRINCIPALES/Modulo Tarea Compensacion/Creacion Puesto de Trabajo/a_Unidad Jerarquica_datosPuest' is clicked on

2022-06-10 09:02:49 - [TEST_STEP][PASSED] - setText(findTestObject("1-OBJECTS TAREAS PRINCIPALES/Modulo Tarea Compensacion/Creacion Puesto de Trabajo/input_Unidad_datosPuestoTrabajo_formj_idt1355"), "1"): Text '1' is set on object 'Object Repository/1-OBJECTS TAREAS PRINCIPALES/Modulo Tarea Compensacion/Creacion Puesto de Trabajo/input_Unidad_datosPuestoTrabajo_formj_idt1355'

2022-06-10 09:02:50 - [MESSAGE][PASSED] - Text '1' is set on object 'Object Repository/1-OBJECTS TAREAS PRINCIPALES/Modulo Tarea Compensacion/Creacion Puesto de Trabajo/input_Unidad_datosPuestoTrabajo_formj_idt1355'

2022-06-10 09:02:50 - [TEST_STEP][PASSED] - sendKeys(findTestObject("1-OBJECTS TAREAS PRINCIPALES/Modulo Tarea Compensacion/Creacion Puesto de Trabajo/input_Unidad_datosPuestoTrabajo_formj_idt1355"), Keys.chord(ENTER)): Keys 'ENTER + ' sent to object: 'Object Repository/1-OBJECTS TAREAS PRINCIPALES/Modulo Tarea Compensacion/Creacion Puesto de Trabajo/input_Unidad_datosPuestoTrabajo_formj_idt1355'

2022-06-10 09:02:50 - [MESSAGE][PASSED] - Keys 'ENTER + ' sent to object: 'Object Repository/1-OBJECTS TAREAS PRINCIPALES/Modulo Tarea Compensacion/Creacion Puesto de Trabajo/input_Unidad_datosPuestoTrabajo_formj_idt1355'

2022-06-10 09:02:50 - [TEST_STEP][PASSED] - waitForElementClickable(findTestObject("1-OBJECTS TAREAS PRINCIPALES/Modulo Tarea Compensacion/Creacion Puesto de Trabajo/span_ADMINISTRACION"), G_TimeOut): Object 'Object Repository/1-OBJECTS TAREAS PRINCIPALES/Modulo Tarea Compensacion/Creacion Puesto de Trabajo/span_ADMINISTRACION' is clickable

2022-06-10 09:02:51 - [MESSAGE][PASSED] - Object 'Object Repository/1-OBJECTS TAREAS PRINCIPALES/Modulo Tarea Compensacion/Creacion Puesto de Trabajo/span_ADMINISTRACION' is clickable

2022-06-10 09:02:51 - [TEST_STEP][PASSED] - click(findTestObject("1-OBJECTS TAREAS PRINCIPALES/Modulo Tarea Compensacion/Creacion Puesto de Trabajo/span_ADMINISTRACION")): Object: 'Object Repository/1-OBJECTS TAREAS PRINCIPALES/Modulo Tarea Compensacion/Creacion Puesto de Trabajo/span_ADMINISTRACION' is clicked on

2022-06-10 09:02:52 - [MESSAGE][PASSED] - Object: 'Object Repository/1-OBJECTS TAREAS PRINCIPALES/Modulo Tarea Compensacion/Creacion Puesto de Trabajo/span_ADMINISTRACION' is clicked on

2022-06-10 09:02:52 - [TEST_STEP][PASSED] - waitForElementClickable(findTestObject("1-OBJECTS TAREAS PRINCIPALES/Modulo Tarea Compensacion/Creacion Puesto de Trabajo/label_No"), G_TimeOut): Object 'Object Repository/1-OBJECTS TAREAS PRINCIPALES/Modulo Tarea Compensacion/Creacion Puesto de Trabajo/label_No' is clickable

2022-06-10 09:02:52 - [MESSAGE][PASSED] - Object 'Object Repository/1-OBJECTS TAREAS PRINCIPALES/Modulo Tarea Compensacion/Creacion Puesto de Trabajo/label_No' is clickable

2022-06-10 09:02:52 - [TEST_STEP][PASSED] - click(findTestObject("1-OBJECTS TAREAS PRINCIPALES/Modulo Tarea Compensacion/Creacion Puesto de Trabajo/label_No")): Object: 'Object Repository/1-OBJECTS TAREAS PRINCIPALES/Modulo Tarea Compensacion/Creacion Puesto de Trabajo/label_No' is clicked on

2022-06-10 09:02:53 - [MESSAGE][PASSED] - Object: 'Object Repository/1-OBJECTS TAREAS PRINCIPALES/Modulo Tarea Compensacion/Creacion Puesto de Trabajo/label_No' is clicked on

2022-06-10 09:02:53 - [TEST_STEP][PASSED] - waitForElementClickable(findTestObject("1-OBJECTS TAREAS PRINCIPALES/Modulo Tarea Compensacion/Creacion Puesto de Trabajo/span_Actualizar"), G_TimeOut): Object 'Object Repository/1-OBJECTS TAREAS PRINCIPALES/Modulo Tarea Compensacion/Creacion Puesto de Trabajo/span_Actualizar' is clickable

2022-06-10 09:02:53 - [MESSAGE][PASSED] - Object 'Object Repository/1-OBJECTS TAREAS PRINCIPALES/Modulo Tarea Compensacion/Creacion Puesto de Trabajo/span_Actualizar' is clickable

2022-06-10 09:02:53 - [TEST_STEP][PASSED] - click(findTestObject("1-OBJECTS TAREAS PRINCIPALES/Modulo Tarea Compensacion/Creacion Puesto de Trabajo/span_Actualizar")): Object: 'Object Repository/1-OBJECTS TAREAS PRINCIPALES/Modulo Tarea Compensacion/Creacion Puesto de Trabajo/span_Actualizar' is clicked on

2022-06-10 09:02:54 - [MESSAGE][PASSED] - Object: 'Object Repository/1-OBJECTS TAREAS PRINCIPALES/Modulo Tarea Compensacion/Creacion Puesto de Trabajo/span_Actualizar' is clicked on

2022-06-10 09:02:54 - [TEST_STEP][PASSED] - waitForElementClickable(findTestObject("1-OBJECTS TAREAS PRINCIPALES/Modulo Tarea Compensacion/Creacion Puesto de Trabajo/a_Titular_datosPuestoTrabajo_f"), G_TimeOut): Object 'Object Repository/1-OBJECTS TAREAS PRINCIPALES/Modulo Tarea Compensacion/Creacion Puesto de Trabajo/a_Titular_datosPuestoTrabajo_f' is clickable

2022-06-10 09:02:54 - [MESSAGE][PASSED] - Object 'Object Repository/1-OBJECTS TAREAS PRINCIPALES/Modulo Tarea Compensacion/Creacion Puesto de Trabajo/a_Titular_datosPuestoTrabajo_f' is clickable

2022-06-10 09:02:54 - [TEST_STEP][PASSED] - click(findTestObject("1-OBJECTS TAREAS PRINCIPALES/Modulo Tarea Compensacion/Creacion Puesto de Trabajo/a_Titular_datosPuestoTrabajo_f")): Object: 'Object Repository/1-OBJECTS TAREAS PRINCIPALES/Modulo Tarea Compensacion/Creacion Puesto de Trabajo/a_Titular_datosPuestoTrabajo_f' is clicked on

2022-06-10 09:02:55 - [MESSAGE][PASSED] - Object: 'Object Repository/1-OBJECTS TAREAS PRINCIPALES/Modulo Tarea Compensacion/Creacion Puesto de Trabajo/a_Titular_datosPuestoTrabajo_f' is clicked on

2022-06-10 09:02:55 - [TEST_STEP][PASSED] - setText(findTestObject("1-OBJECTS TAREAS PRINCIPALES/Modulo Tarea Compensacion/Creacion Puesto de Trabajo/input_Filtro Empleado_datosPuesto"), "66666"): Text '66666' is set on object 'Object Repository/1-OBJECTS TAREAS PRINCIPALES/Modulo Tarea Compensacion/Creacion Puesto de Trabajo/input_Filtro Empleado_datosPuesto'

2022-06-10 09:02:56 - [MESSAGE][PASSED] - Text '66666' is set on object 'Object Repository/1-OBJECTS TAREAS PRINCIPALES/Modulo Tarea Compensacion/Creacion Puesto de Trabajo/input_Filtro Empleado_datosPuesto'

2022-06-10 09:02:56 - [TEST_STEP][PASSED] - sendKeys(findTestObject("1-OBJECTS TAREAS PRINCIPALES/Modulo Tarea Compensacion/Creacion Puesto de Trabajo/input_Filtro Empleado_datosPuesto"), Keys.chord(ENTER)): Keys 'ENTER + ' sent to object: 'Object Repository/1-OBJECTS TAREAS PRINCIPALES/Modulo Tarea Compensacion/Creacion Puesto de Trabajo/input_Filtro Empleado_datosPuesto'

2022-06-10 09:02:56 - [MESSAGE][PASSED] - Keys 'ENTER + ' sent to object: 'Object Repository/1-OBJECTS TAREAS PRINCIPALES/Modulo Tarea Compensacion/Creacion Puesto de Trabajo/input_Filtro Empleado_datosPuesto'

2022-06-10 09:02:56 - [TEST_STEP][PASSED] - waitForElementClickable(findTestObject("1-OBJECTS TAREAS PRINCIPALES/Modulo Tarea Compensacion/Creacion Puesto de Trabajo/span_SALGADO PAULA"), G_TimeOut): Object 'Object Repository/1-OBJECTS TAREAS PRINCIPALES/Modulo Tarea Compensacion/Creacion Puesto de Trabajo/span_SALGADO PAULA' is clickable

2022-06-10 09:02:57 - [MESSAGE][PASSED] - Object 'Object Repository/1-OBJECTS TAREAS PRINCIPALES/Modulo Tarea Compensacion/Creacion Puesto de Trabajo/span_SALGADO PAULA' is clickable

2022-06-10 09:02:57 - [TEST_STEP][PASSED] - click(findTestObject("1-OBJECTS TAREAS PRINCIPALES/Modulo Tarea Compensacion/Creacion Puesto de Trabajo/span_SALGADO PAULA")): Object: 'Object Repository/1-OBJECTS TAREAS PRINCIPALES/Modulo Tarea Compensacion/Creacion Puesto de Trabajo/span_SALGADO PAULA' is clicked on

2022-06-10 09:02:57 - [MESSAGE][PASSED] - Object: 'Object Repository/1-OBJECTS TAREAS PRINCIPALES/Modulo Tarea Compensacion/Creacion Puesto de Trabajo/span_SALGADO PAULA' is clicked on

2022-06-10 09:02:57 - [TEST_STEP][PASSED] - waitForElementClickable(findTestObject("1-OBJECTS TAREAS PRINCIPALES/Modulo Tarea Compensacion/Creacion Puesto de Trabajo/a_Temporal_datosPuestoTrabajo_"), G_TimeOut): Object 'Object Repository/1-OBJECTS TAREAS PRINCIPALES/Modulo Tarea Compensacion/Creacion Puesto de Trabajo/a_Temporal_datosPuestoTrabajo_' is clickable

2022-06-10 09:02:58 - [MESSAGE][PASSED] - Object 'Object Repository/1-OBJECTS TAREAS PRINCIPALES/Modulo Tarea Compensacion/Creacion Puesto de Trabajo/a_Temporal_datosPuestoTrabajo_' is clickable

2022-06-10 09:02:58 - [TEST_STEP][PASSED] - click(findTestObject("1-OBJECTS TAREAS PRINCIPALES/Modulo Tarea Compensacion/Creacion Puesto de Trabajo/a_Temporal_datosPuestoTrabajo_")): Object: 'Object Repository/1-OBJECTS TAREAS PRINCIPALES/Modulo Tarea Compensacion/Creacion Puesto de Trabajo/a_Temporal_datosPuestoTrabajo_' is clicked on

2022-06-10 09:02:58 - [MESSAGE][PASSED] - Object: 'Object Repository/1-OBJECTS TAREAS PRINCIPALES/Modulo Tarea Compensacion/Creacion Puesto de Trabajo/a_Temporal_datosPuestoTrabajo_' is clicked on

2022-06-10 09:02:58 - [TEST_STEP][PASSED] - waitForElementClickable(findTestObject("1-OBJECTS TAREAS PRINCIPALES/Modulo Tarea Compensacion/Creacion Puesto de Trabajo/span_SALGADO PAULA"), G_TimeOut): Object 'Object Repository/1-OBJECTS TAREAS PRINCIPALES/Modulo Tarea Compensacion/Creacion Puesto de Trabajo/span_SALGADO PAULA' is clickable

2022-06-10 09:03:00 - [MESSAGE][PASSED] - Object 'Object Repository/1-OBJECTS TAREAS PRINCIPALES/Modulo Tarea Compensacion/Creacion Puesto de Trabajo/span_SALGADO PAULA' is clickable

2022-06-10 09:03:00 - [TEST_STEP][PASSED] - click(findTestObject("1-OBJECTS TAREAS PRINCIPALES/Modulo Tarea Compensacion/Creacion Puesto de Trabajo/span_SALGADO PAULA")): Object: 'Object Repository/1-OBJECTS TAREAS PRINCIPALES/Modulo Tarea Compensacion/Creacion Puesto de Trabajo/span_SALGADO PAULA' is clicked on

2022-06-10 09:03:01 - [MESSAGE][PASSED] - Object: 'Object Repository/1-OBJECTS TAREAS PRINCIPALES/Modulo Tarea Compensacion/Creacion Puesto de Trabajo/span_SALGADO PAULA' is clicked on

2022-06-10 09:03:01 - [TEST_STEP][PASSED] - waitForElementClickable(findTestObject("1-OBJECTS TAREAS PRINCIPALES/Modulo Tarea Compensacion/Creacion Puesto de Trabajo/a_Funcin_datosPuestoTrabajo_fo"), G_TimeOut): Object 'Object Repository/1-OBJECTS TAREAS PRINCIPALES/Modulo Tarea Compensacion/Creacion Puesto de Trabajo/a_Funcin_datosPuestoTrabajo_fo' is clickable

2022-06-10 09:03:01 - [MESSAGE][PASSED] - Object 'Object Repository/1-OBJECTS TAREAS PRINCIPALES/Modulo Tarea Compensacion/Creacion Puesto de Trabajo/a_Funcin_datosPuestoTrabajo_fo' is clickable

2022-06-10 09:03:01 - [TEST_STEP][PASSED] - click(findTestObject("1-OBJECTS TAREAS PRINCIPALES/Modulo Tarea Compensacion/Creacion Puesto de Trabajo/a_Funcin_datosPuestoTrabajo_fo")): Object: 'Object Repository/1-OBJECTS TAREAS PRINCIPALES/Modulo Tarea Compensacion/Creacion Puesto de Trabajo/a_Funcin_datosPuestoTrabajo_fo' is clicked on

2022-06-10 09:03:02 - [MESSAGE][PASSED] - Object: 'Object Repository/1-OBJECTS TAREAS PRINCIPALES/Modulo Tarea Compensacion/Creacion Puesto de Trabajo/a_Funcin_datosPuestoTrabajo_fo' is clicked on

2022-06-10 09:03:02 - [TEST_STEP][PASSED] - waitForElementClickable(findTestObject("1-OBJECTS TAREAS PRINCIPALES/Modulo Tarea Compensacion/Creacion Puesto de Trabajo/span_SALGADO PAULA"), G_TimeOut): Object 'Object Repository/1-OBJECTS TAREAS PRINCIPALES/Modulo Tarea Compensacion/Creacion Puesto de Trabajo/span_SALGADO PAULA' is clickable

2022-06-10 09:03:02 - [MESSAGE][PASSED] - Object 'Object Repository/1-OBJECTS TAREAS PRINCIPALES/Modulo Tarea Compensacion/Creacion Puesto de Trabajo/span_SALGADO PAULA' is clickable

2022-06-10 09:03:02 - [TEST_STEP][PASSED] - click(findTestObject("1-OBJECTS TAREAS PRINCIPALES/Modulo Tarea Compensacion/Creacion Puesto de Trabajo/span_SALGADO PAULA")): Object: 'Object Repository/1-OBJECTS TAREAS PRINCIPALES/Modulo Tarea Compensacion/Creacion Puesto de Trabajo/span_SALGADO PAULA' is clicked on

2022-06-10 09:03:03 - [MESSAGE][PASSED] - Object: 'Object Repository/1-OBJECTS TAREAS PRINCIPALES/Modulo Tarea Compensacion/Creacion Puesto de Trabajo/span_SALGADO PAULA' is clicked on

2022-06-10 09:03:03 - [TEST_STEP][PASSED] - waitForElementClickable(findTestObject("1-OBJECTS TAREAS PRINCIPALES/Modulo Tarea Compensacion/Creacion Puesto de Trabajo/a_Empalme_datosPuestoTrabajo"), G_TimeOut): Object 'Object Repository/1-OBJECTS TAREAS PRINCIPALES/Modulo Tarea Compensacion/Creacion Puesto de Trabajo/a_Empalme_datosPuestoTrabajo' is clickable

2022-06-10 09:03:03 - [MESSAGE][PASSED] - Object 'Object Repository/1-OBJECTS TAREAS PRINCIPALES/Modulo Tarea Compensacion/Creacion Puesto de Trabajo/a_Empalme_datosPuestoTrabajo' is clickable

2022-06-10 09:03:03 - [TEST_STEP][PASSED] - click(findTestObject("1-OBJECTS TAREAS PRINCIPALES/Modulo Tarea Compensacion/Creacion Puesto de Trabajo/a_Empalme_datosPuestoTrabajo")): Object: 'Object Repository/1-OBJECTS TAREAS PRINCIPALES/Modulo Tarea Compensacion/Creacion Puesto de Trabajo/a_Empalme_datosPuestoTrabajo' is clicked on

2022-06-10 09:03:04 - [MESSAGE][PASSED] - Object: 'Object Repository/1-OBJECTS TAREAS PRINCIPALES/Modulo Tarea Compensacion/Creacion Puesto de Trabajo/a_Empalme_datosPuestoTrabajo' is clicked on

2022-06-10 09:03:04 - [TEST_STEP][PASSED] - waitForElementClickable(findTestObject("1-OBJECTS TAREAS PRINCIPALES/Modulo Tarea Compensacion/Creacion Puesto de Trabajo/span_SALGADO PAULA"), G_TimeOut): Object 'Object Repository/1-OBJECTS TAREAS PRINCIPALES/Modulo Tarea Compensacion/Creacion Puesto de Trabajo/span_SALGADO PAULA' is clickable

2022-06-10 09:03:05 - [MESSAGE][PASSED] - Object 'Object Repository/1-OBJECTS TAREAS PRINCIPALES/Modulo Tarea Compensacion/Creacion Puesto de Trabajo/span_SALGADO PAULA' is clickable

2022-06-10 09:03:05 - [TEST_STEP][PASSED] - click(findTestObject("1-OBJECTS TAREAS PRINCIPALES/Modulo Tarea Compensacion/Creacion Puesto de Trabajo/span_SALGADO PAULA")): Object: 'Object Repository/1-OBJECTS TAREAS PRINCIPALES/Modulo Tarea Compensacion/Creacion Puesto de Trabajo/span_SALGADO PAULA' is clicked on

2022-06-10 09:03:05 - [MESSAGE][PASSED] - Object: 'Object Repository/1-OBJECTS TAREAS PRINCIPALES/Modulo Tarea Compensacion/Creacion Puesto de Trabajo/span_SALGADO PAULA' is clicked on

2022-06-10 09:03:05 - [TEST_STEP][PASSED] - waitForElementClickable(findTestObject("1-OBJECTS TAREAS PRINCIPALES/Modulo Tarea Compensacion/Creacion Puesto de Trabajo/a_Zona Econmica _datosPuestoTr"), G_TimeOut): Object 'Object Repository/1-OBJECTS TAREAS PRINCIPALES/Modulo Tarea Compensacion/Creacion Puesto de Trabajo/a_Zona Econmica _datosPuestoTr' is clickable

2022-06-10 09:03:06 - [MESSAGE][PASSED] - Object 'Object Repository/1-OBJECTS TAREAS PRINCIPALES/Modulo Tarea Compensacion/Creacion Puesto de Trabajo/a_Zona Econmica _datosPuestoTr' is clickable

2022-06-10 09:03:06 - [TEST_STEP][PASSED] - click(findTestObject("1-OBJECTS TAREAS PRINCIPALES/Modulo Tarea Compensacion/Creacion Puesto de Trabajo/a_Zona Econmica _datosPuestoTr")): Object: 'Object Repository/1-OBJECTS TAREAS PRINCIPALES/Modulo Tarea Compensacion/Creacion Puesto de Trabajo/a_Zona Econmica _datosPuestoTr' is clicked on

2022-06-10 09:03:06 - [MESSAGE][PASSED] - Object: 'Object Repository/1-OBJECTS TAREAS PRINCIPALES/Modulo Tarea Compensacion/Creacion Puesto de Trabajo/a_Zona Econmica _datosPuestoTr' is clicked on

2022-06-10 09:03:06 - [TEST_STEP][PASSED] - waitForElementClickable(findTestObject("1-OBJECTS TAREAS PRINCIPALES/Modulo Tarea Compensacion/Creacion Puesto de Trabajo/span_QUINCENAL"), G_TimeOut): Object 'Object Repository/1-OBJECTS TAREAS PRINCIPALES/Modulo Tarea Compensacion/Creacion Puesto de Trabajo/span_QUINCENAL' is clickable

2022-06-10 09:03:07 - [MESSAGE][PASSED] - Object 'Object Repository/1-OBJECTS TAREAS PRINCIPALES/Modulo Tarea Compensacion/Creacion Puesto de Trabajo/span_QUINCENAL' is clickable

2022-06-10 09:03:07 - [TEST_STEP][PASSED] - click(findTestObject("1-OBJECTS TAREAS PRINCIPALES/Modulo Tarea Compensacion/Creacion Puesto de Trabajo/span_QUINCENAL")): Object: 'Object Repository/1-OBJECTS TAREAS PRINCIPALES/Modulo Tarea Compensacion/Creacion Puesto de Trabajo/span_QUINCENAL' is clicked on

2022-06-10 09:03:07 - [MESSAGE][PASSED] - Object: 'Object Repository/1-OBJECTS TAREAS PRINCIPALES/Modulo Tarea Compensacion/Creacion Puesto de Trabajo/span_QUINCENAL' is clicked on

2022-06-10 09:03:07 - [TEST_STEP][PASSED] - waitForElementClickable(findTestObject("1-OBJECTS TAREAS PRINCIPALES/Modulo Tarea Compensacion/Creacion Puesto de Trabajo/select_-- Seleccione empleados"), G_TimeOut): Object 'Object Repository/1-OBJECTS TAREAS PRINCIPALES/Modulo Tarea Compensacion/Creacion Puesto de Trabajo/select_-- Seleccione empleados' is clickable

2022-06-10 09:03:08 - [MESSAGE][PASSED] - Object 'Object Repository/1-OBJECTS TAREAS PRINCIPALES/Modulo Tarea Compensacion/Creacion Puesto de Trabajo/select_-- Seleccione empleados' is clickable

2022-06-10 09:03:08 - [TEST_STEP][PASSED] - click(findTestObject("1-OBJECTS TAREAS PRINCIPALES/Modulo Tarea Compensacion/Creacion Puesto de Trabajo/select_-- Seleccione empleados")): Object: 'Object Repository/1-OBJECTS TAREAS PRINCIPALES/Modulo Tarea Compensacion/Creacion Puesto de Trabajo/select_-- Seleccione empleados' is clicked on

2022-06-10 09:03:08 - [MESSAGE][PASSED] - Object: 'Object Repository/1-OBJECTS TAREAS PRINCIPALES/Modulo Tarea Compensacion/Creacion Puesto de Trabajo/select_-- Seleccione empleados' is clicked on

2022-06-10 09:03:08 - [TEST_STEP][PASSED] - selectOptionByIndex(findTestObject("1-OBJECTS TAREAS PRINCIPALES/Modulo Tarea Compensacion/Creacion Puesto de Trabajo/select_-- Seleccione empleados_lineacosto"), "1"): All options with index in [1] are selected on object 'Object Repository/1-OBJECTS TAREAS PRINCIPALES/Modulo Tarea Compensacion/Creacion Puesto de Trabajo/select_-- Seleccione empleados_lineacosto'

2022-06-10 09:03:09 - [MESSAGE][PASSED] - All options with index in [1] are selected on object 'Object Repository/1-OBJECTS TAREAS PRINCIPALES/Modulo Tarea Compensacion/Creacion Puesto de Trabajo/select_-- Seleccione empleados_lineacosto'

2022-06-10 09:03:09 - [TEST_STEP][PASSED] - waitForElementClickable(findTestObject("1-OBJECTS TAREAS PRINCIPALES/Modulo Tarea Compensacion/Creacion Puesto de Trabajo/select_-- Seleccione Ubicacin"), G_TimeOut): Object 'Object Repository/1-OBJECTS TAREAS PRINCIPALES/Modulo Tarea Compensacion/Creacion Puesto de Trabajo/select_-- Seleccione Ubicacin' is clickable

2022-06-10 09:03:10 - [MESSAGE][PASSED] - Object 'Object Repository/1-OBJECTS TAREAS PRINCIPALES/Modulo Tarea Compensacion/Creacion Puesto de Trabajo/select_-- Seleccione Ubicacin' is clickable

2022-06-10 09:03:10 - [TEST_STEP][PASSED] - click(findTestObject("1-OBJECTS TAREAS PRINCIPALES/Modulo Tarea Compensacion/Creacion Puesto de Trabajo/select_-- Seleccione Ubicacin")): Object: 'Object Repository/1-OBJECTS TAREAS PRINCIPALES/Modulo Tarea Compensacion/Creacion Puesto de Trabajo/select_-- Seleccione Ubicacin' is clicked on

2022-06-10 09:03:10 - [MESSAGE][PASSED] - Object: 'Object Repository/1-OBJECTS TAREAS PRINCIPALES/Modulo Tarea Compensacion/Creacion Puesto de Trabajo/select_-- Seleccione Ubicacin' is clicked on

2022-06-10 09:03:10 - [TEST_STEP][PASSED] - selectOptionByIndex(findTestObject("1-OBJECTS TAREAS PRINCIPALES/Modulo Tarea Compensacion/Creacion Puesto de Trabajo/select_-- Seleccione Ubicacin"), "106"): All options with index in [106] are selected on object 'Object Repository/1-OBJECTS TAREAS PRINCIPALES/Modulo Tarea Compensacion/Creacion Puesto de Trabajo/select_-- Seleccione Ubicacin'

2022-06-10 09:03:14 - [MESSAGE][PASSED] - All options with index in [106] are selected on object 'Object Repository/1-OBJECTS TAREAS PRINCIPALES/Modulo Tarea Compensacion/Creacion Puesto de Trabajo/select_-- Seleccione Ubicacin'

2022-06-10 09:03:14 - [TEST_STEP][PASSED] - waitForElementClickable(findTestObject("1-OBJECTS TAREAS PRINCIPALES/Modulo Tarea Compensacion/Creacion Puesto de Trabajo/select_2120 HORAS1240 HORAS"), G_TimeOut): Object 'Object Repository/1-OBJECTS TAREAS PRINCIPALES/Modulo Tarea Compensacion/Creacion Puesto de Trabajo/select_2120 HORAS1240 HORAS' is clickable

2022-06-10 09:03:14 - [MESSAGE][PASSED] - Object 'Object Repository/1-OBJECTS TAREAS PRINCIPALES/Modulo Tarea Compensacion/Creacion Puesto de Trabajo/select_2120 HORAS1240 HORAS' is clickable

2022-06-10 09:03:14 - [TEST_STEP][PASSED] - click(findTestObject("1-OBJECTS TAREAS PRINCIPALES/Modulo Tarea Compensacion/Creacion Puesto de Trabajo/select_2120 HORAS1240 HORAS")): Object: 'Object Repository/1-OBJECTS TAREAS PRINCIPALES/Modulo Tarea Compensacion/Creacion Puesto de Trabajo/select_2120 HORAS1240 HORAS' is clicked on

2022-06-10 09:03:15 - [MESSAGE][PASSED] - Object: 'Object Repository/1-OBJECTS TAREAS PRINCIPALES/Modulo Tarea Compensacion/Creacion Puesto de Trabajo/select_2120 HORAS1240 HORAS' is clicked on

2022-06-10 09:03:15 - [TEST_STEP][PASSED] - selectOptionByIndex(findTestObject("1-OBJECTS TAREAS PRINCIPALES/Modulo Tarea Compensacion/Creacion Puesto de Trabajo/select_2120 HORAS1240 HORAS"), "4"): All options with index in [4] are selected on object 'Object Repository/1-OBJECTS TAREAS PRINCIPALES/Modulo Tarea Compensacion/Creacion Puesto de Trabajo/select_2120 HORAS1240 HORAS'

2022-06-10 09:03:16 - [MESSAGE][PASSED] - All options with index in [4] are selected on object 'Object Repository/1-OBJECTS TAREAS PRINCIPALES/Modulo Tarea Compensacion/Creacion Puesto de Trabajo/select_2120 HORAS1240 HORAS'

2022-06-10 09:03:16 - [TEST_STEP][PASSED] - waitForElementClickable(findTestObject("1-OBJECTS TAREAS PRINCIPALES/Modulo Tarea Compensacion/Creacion Puesto de Trabajo/select_12kataloonNOMINA CATORCENAL"), G_TimeOut): Object 'Object Repository/1-OBJECTS TAREAS PRINCIPALES/Modulo Tarea Compensacion/Creacion Puesto de Trabajo/select_12kataloonNOMINA CATORCENAL' is clickable

2022-06-10 09:03:16 - [MESSAGE][PASSED] - Object 'Object Repository/1-OBJECTS TAREAS PRINCIPALES/Modulo Tarea Compensacion/Creacion Puesto de Trabajo/select_12kataloonNOMINA CATORCENAL' is clickable

2022-06-10 09:03:16 - [TEST_STEP][PASSED] - click(findTestObject("1-OBJECTS TAREAS PRINCIPALES/Modulo Tarea Compensacion/Creacion Puesto de Trabajo/select_12kataloonNOMINA CATORCENAL")): Object: 'Object Repository/1-OBJECTS TAREAS PRINCIPALES/Modulo Tarea Compensacion/Creacion Puesto de Trabajo/select_12kataloonNOMINA CATORCENAL' is clicked on

2022-06-10 09:03:16 - [MESSAGE][PASSED] - Object: 'Object Repository/1-OBJECTS TAREAS PRINCIPALES/Modulo Tarea Compensacion/Creacion Puesto de Trabajo/select_12kataloonNOMINA CATORCENAL' is clicked on

2022-06-10 09:03:16 - [TEST_STEP][PASSED] - selectOptionByIndex(findTestObject("1-OBJECTS TAREAS PRINCIPALES/Modulo Tarea Compensacion/Creacion Puesto de Trabajo/select_12kataloonNOMINA CATORCENAL"), "7"): All options with index in [7] are selected on object 'Object Repository/1-OBJECTS TAREAS PRINCIPALES/Modulo Tarea Compensacion/Creacion Puesto de Trabajo/select_12kataloonNOMINA CATORCENAL'

2022-06-10 09:03:18 - [MESSAGE][PASSED] - All options with index in [7] are selected on object 'Object Repository/1-OBJECTS TAREAS PRINCIPALES/Modulo Tarea Compensacion/Creacion Puesto de Trabajo/select_12kataloonNOMINA CATORCENAL'

2022-06-10 09:03:18 - [TEST_STEP][PASSED] - waitForElementClickable(findTestObject("1-OBJECTS TAREAS PRINCIPALES/Modulo Tarea Compensacion/Creacion Puesto de Trabajo/select_--- Seleccione Vinculac"), G_TimeOut): Object 'Object Repository/1-OBJECTS TAREAS PRINCIPALES/Modulo Tarea Compensacion/Creacion Puesto de Trabajo/select_--- Seleccione Vinculac' is clickable

2022-06-10 09:03:18 - [MESSAGE][PASSED] - Object 'Object Repository/1-OBJECTS TAREAS PRINCIPALES/Modulo Tarea Compensacion/Creacion Puesto de Trabajo/select_--- Seleccione Vinculac' is clickable

2022-06-10 09:03:18 - [TEST_STEP][PASSED] - click(findTestObject("1-OBJECTS TAREAS PRINCIPALES/Modulo Tarea Compensacion/Creacion Puesto de Trabajo/select_--- Seleccione Vinculac")): Object: 'Object Repository/1-OBJECTS TAREAS PRINCIPALES/Modulo Tarea Compensacion/Creacion Puesto de Trabajo/select_--- Seleccione Vinculac' is clicked on

2022-06-10 09:03:18 - [MESSAGE][PASSED] - Object: 'Object Repository/1-OBJECTS TAREAS PRINCIPALES/Modulo Tarea Compensacion/Creacion Puesto de Trabajo/select_--- Seleccione Vinculac' is clicked on

2022-06-10 09:03:18 - [TEST_STEP][PASSED] - selectOptionByIndex(findTestObject("1-OBJECTS TAREAS PRINCIPALES/Modulo Tarea Compensacion/Creacion Puesto de Trabajo/select_--- Seleccione Vinculac"), "8"): All options with index in [8] are selected on object 'Object Repository/1-OBJECTS TAREAS PRINCIPALES/Modulo Tarea Compensacion/Creacion Puesto de Trabajo/select_--- Seleccione Vinculac'

2022-06-10 09:03:19 - [MESSAGE][PASSED] - All options with index in [8] are selected on object 'Object Repository/1-OBJECTS TAREAS PRINCIPALES/Modulo Tarea Compensacion/Creacion Puesto de Trabajo/select_--- Seleccione Vinculac'

2022-06-10 09:03:19 - [TEST_STEP][PASSED] - waitForElementClickable(findTestObject("1-OBJECTS TAREAS PRINCIPALES/Modulo Tarea Compensacion/Creacion Puesto de Trabajo/select_--Seleccione--ADMINISTR"), G_TimeOut): Object 'Object Repository/1-OBJECTS TAREAS PRINCIPALES/Modulo Tarea Compensacion/Creacion Puesto de Trabajo/select_--Seleccione--ADMINISTR' is clickable

2022-06-10 09:03:20 - [MESSAGE][PASSED] - Object 'Object Repository/1-OBJECTS TAREAS PRINCIPALES/Modulo Tarea Compensacion/Creacion Puesto de Trabajo/select_--Seleccione--ADMINISTR' is clickable

2022-06-10 09:03:20 - [TEST_STEP][PASSED] - click(findTestObject("1-OBJECTS TAREAS PRINCIPALES/Modulo Tarea Compensacion/Creacion Puesto de Trabajo/select_--Seleccione--ADMINISTR")): Object: 'Object Repository/1-OBJECTS TAREAS PRINCIPALES/Modulo Tarea Compensacion/Creacion Puesto de Trabajo/select_--Seleccione--ADMINISTR' is clicked on

2022-06-10 09:03:20 - [MESSAGE][PASSED] - Object: 'Object Repository/1-OBJECTS TAREAS PRINCIPALES/Modulo Tarea Compensacion/Creacion Puesto de Trabajo/select_--Seleccione--ADMINISTR' is clicked on

2022-06-10 09:03:20 - [TEST_STEP][PASSED] - selectOptionByIndex(findTestObject("1-OBJECTS TAREAS PRINCIPALES/Modulo Tarea Compensacion/Creacion Puesto de Trabajo/select_--Seleccione--ADMINISTR"), "1"): All options with index in [1] are selected on object 'Object Repository/1-OBJECTS TAREAS PRINCIPALES/Modulo Tarea Compensacion/Creacion Puesto de Trabajo/select_--Seleccione--ADMINISTR'

2022-06-10 09:03:21 - [MESSAGE][PASSED] - All options with index in [1] are selected on object 'Object Repository/1-OBJECTS TAREAS PRINCIPALES/Modulo Tarea Compensacion/Creacion Puesto de Trabajo/select_--Seleccione--ADMINISTR'

2022-06-10 09:03:21 - [TEST_STEP][PASSED] - waitForElementClickable(findTestObject("1-OBJECTS TAREAS PRINCIPALES/Modulo Tarea Compensacion/Creacion Puesto de Trabajo/input_Mesada _datosPuestoTraba"), 0): Object 'Object Repository/1-OBJECTS TAREAS PRINCIPALES/Modulo Tarea Compensacion/Creacion Puesto de Trabajo/input_Mesada _datosPuestoTraba' is clickable

2022-06-10 09:03:21 - [MESSAGE][WARNING] - Timeout '0' is invalid. Using default page load timeout: '37'

2022-06-10 09:03:22 - [MESSAGE][PASSED] - Object 'Object Repository/1-OBJECTS TAREAS PRINCIPALES/Modulo Tarea Compensacion/Creacion Puesto de Trabajo/input_Mesada _datosPuestoTraba' is clickable

2022-06-10 09:03:22 - [TEST_STEP][PASSED] - setText(findTestObject("1-OBJECTS TAREAS PRINCIPALES/Modulo Tarea Compensacion/Creacion Puesto de Trabajo/input_Mesada _datosPuestoTraba"), "120000"): Text '120000' is set on object 'Object Repository/1-OBJECTS TAREAS PRINCIPALES/Modulo Tarea Compensacion/Creacion Puesto de Trabajo/input_Mesada _datosPuestoTraba'

2022-06-10 09:03:22 - [MESSAGE][PASSED] - Text '120000' is set on object 'Object Repository/1-OBJECTS TAREAS PRINCIPALES/Modulo Tarea Compensacion/Creacion Puesto de Trabajo/input_Mesada _datosPuestoTraba'

2022-06-10 09:03:22 - [TEST_STEP][PASSED] - click(findTestObject("1-OBJECTS TAREAS PRINCIPALES/Modulo Tarea Compensacion/Creacion Puesto de Trabajo/span_Actualizar_1")): Object: 'Object Repository/1-OBJECTS TAREAS PRINCIPALES/Modulo Tarea Compensacion/Creacion Puesto de Trabajo/span_Actualizar_1' is clicked on

2022-06-10 09:03:23 - [MESSAGE][PASSED] - Object: 'Object Repository/1-OBJECTS TAREAS PRINCIPALES/Modulo Tarea Compensacion/Creacion Puesto de Trabajo/span_Actualizar_1' is clicked on

2022-06-10 09:03:23 - [TEST_STEP][FAILED] - Result = getText(findTestObject("3-OBJECTS UTILIDADES/Alerta/Alerta")): Unable to get text of object 'Object Repository/3-OBJECTS UTILIDADES/Alerta/Alerta' (Root cause: com.kms.katalon.core.exception.StepFailedException: Unable to get text of object 'Object Repository/3-OBJECTS UTILIDADES/Alerta/Alerta'
	at com.kms.katalon.core.webui.keyword.internal.WebUIKeywordMain.stepFailed(WebUIKeywordMain.groovy:64)
	at com.kms.katalon.core.webui.keyword.internal.WebUIKeywordMain.runKeyword(WebUIKeywordMain.groovy:26)
	at com.kms.katalon.core.webui.keyword.builtin.GetTextKeyword.getText(GetTextKeyword.groovy:88)
	at com.kms.katalon.core.webui.keyword.builtin.GetTextKeyword.execute(GetTextKeyword.groovy:67)
	at com.kms.katalon.core.keyword.internal.KeywordExecutor.executeKeywordForPlatform(KeywordExecutor.groovy:74)
	at com.kms.katalon.core.webui.keyword.WebUiBuiltInKeywords.getText(WebUiBuiltInKeywords.groovy:918)
	at com.kms.katalon.core.webui.keyword.WebUiBuiltInKeywords$getText$13.call(Unknown Source)
	at 1.4.4-Crear Puesto de Trabajo.run(1.4.4-Crear Puesto de Trabajo:264)
	at com.kms.katalon.core.main.ScriptEngine.run(ScriptEngine.java:194)
	at com.kms.katalon.core.main.ScriptEngine.runScriptAsRawText(ScriptEngine.java:119)
	at com.kms.katalon.core.main.TestCaseExecutor.runScript(TestCaseExecutor.java:445)
	at com.kms.katalon.core.main.TestCaseExecutor.doExecute(TestCaseExecutor.java:436)
	at com.kms.katalon.core.main.TestCaseExecutor.processExecutionPhase(TestCaseExecutor.java:415)
	at com.kms.katalon.core.main.TestCaseExecutor.accessMainPhase(TestCaseExecutor.java:407)
	at com.kms.katalon.core.main.TestCaseExecutor.execute(TestCaseExecutor.java:284)
	at com.kms.katalon.core.common.CommonExecutor.accessTestCaseMainPhase(CommonExecutor.java:65)
	at com.kms.katalon.core.main.TestSuiteExecutor.accessTestSuiteMainPhase(TestSuiteExecutor.java:144)
	at com.kms.katalon.core.main.TestSuiteExecutor.execute(TestSuiteExecutor.java:106)
	at com.kms.katalon.core.main.TestCaseMain.startTestSuite(TestCaseMain.java:185)
	at com.kms.katalon.core.main.TestCaseMain$startTestSuite$0.call(Unknown Source)
	at TempTestSuite1654867643956.run(TempTestSuite1654867643956.groovy:36)
Caused by: com.kms.katalon.core.webui.exception.WebElementNotFoundException: Web element with id: 'Object Repository/3-OBJECTS UTILIDADES/Alerta/Alerta' located by '//div[@id='growl_container']/div/div/div[2]/p' not found
	at com.kms.katalon.core.webui.common.WebUiCommonHelper.findWebElement(WebUiCommonHelper.java:1370)
	at com.kms.katalon.core.webui.keyword.internal.WebUIAbstractKeyword.findWebElement(WebUIAbstractKeyword.groovy:27)
	at com.kms.katalon.core.webui.keyword.internal.WebUIAbstractKeyword.findWebElement(WebUIAbstractKeyword.groovy:26)
	at com.kms.katalon.core.webui.keyword.builtin.GetTextKeyword$_getText_closure1.doCall(GetTextKeyword.groovy:78)
	at com.kms.katalon.core.webui.keyword.builtin.GetTextKeyword$_getText_closure1.call(GetTextKeyword.groovy)
	at com.kms.katalon.core.webui.keyword.internal.WebUIKeywordMain.runKeyword(WebUIKeywordMain.groovy:20)
	at com.kms.katalon.core.webui.keyword.builtin.GetTextKeyword.getText(GetTextKeyword.groovy:88)
	at com.kms.katalon.core.webui.keyword.builtin.GetTextKeyword.execute(GetTextKeyword.groovy:67)
	at com.kms.katalon.core.keyword.internal.KeywordExecutor.executeKeywordForPlatform(KeywordExecutor.groovy:74)
	at com.kms.katalon.core.webui.keyword.WebUiBuiltInKeywords.getText(WebUiBuiltInKeywords.groovy:918)
	at com.kms.katalon.core.webui.keyword.WebUiBuiltInKeywords$getText$13.call(Unknown Source)
	at Script1548866424668.run(Script1548866424668.groovy:264)
	... 13 more
)

2022-06-10 09:04:01 - [MESSAGE][INFO] - Unable to find the element located by 'By.xpath: //div[@id='growl_container']/div/div/div[2]/p'. Please recheck the objects properties to make sure the desired element is located. 

2022-06-10 09:04:01 - [MESSAGE][FAILED] - Unable to get text of object 'Object Repository/3-OBJECTS UTILIDADES/Alerta/Alerta' (Root cause: com.kms.katalon.core.exception.StepFailedException: Unable to get text of object 'Object Repository/3-OBJECTS UTILIDADES/Alerta/Alerta'
	at com.kms.katalon.core.webui.keyword.internal.WebUIKeywordMain.stepFailed(WebUIKeywordMain.groovy:64)
	at com.kms.katalon.core.webui.keyword.internal.WebUIKeywordMain.runKeyword(WebUIKeywordMain.groovy:26)
	at com.kms.katalon.core.webui.keyword.builtin.GetTextKeyword.getText(GetTextKeyword.groovy:88)
	at com.kms.katalon.core.webui.keyword.builtin.GetTextKeyword.execute(GetTextKeyword.groovy:67)
	at com.kms.katalon.core.keyword.internal.KeywordExecutor.executeKeywordForPlatform(KeywordExecutor.groovy:74)
	at com.kms.katalon.core.webui.keyword.WebUiBuiltInKeywords.getText(WebUiBuiltInKeywords.groovy:918)
	at com.kms.katalon.core.webui.keyword.WebUiBuiltInKeywords$getText$13.call(Unknown Source)
	at 1.4.4-Crear Puesto de Trabajo.run(1.4.4-Crear Puesto de Trabajo:264)
	at com.kms.katalon.core.main.ScriptEngine.run(ScriptEngine.java:194)
	at com.kms.katalon.core.main.ScriptEngine.runScriptAsRawText(ScriptEngine.java:119)
	at com.kms.katalon.core.main.TestCaseExecutor.runScript(TestCaseExecutor.java:445)
	at com.kms.katalon.core.main.TestCaseExecutor.doExecute(TestCaseExecutor.java:436)
	at com.kms.katalon.core.main.TestCaseExecutor.processExecutionPhase(TestCaseExecutor.java:415)
	at com.kms.katalon.core.main.TestCaseExecutor.accessMainPhase(TestCaseExecutor.java:407)
	at com.kms.katalon.core.main.TestCaseExecutor.execute(TestCaseExecutor.java:284)
	at com.kms.katalon.core.common.CommonExecutor.accessTestCaseMainPhase(CommonExecutor.java:65)
	at com.kms.katalon.core.main.TestSuiteExecutor.accessTestSuiteMainPhase(TestSuiteExecutor.java:144)
	at com.kms.katalon.core.main.TestSuiteExecutor.execute(TestSuiteExecutor.java:106)
	at com.kms.katalon.core.main.TestCaseMain.startTestSuite(TestCaseMain.java:185)
	at com.kms.katalon.core.main.TestCaseMain$startTestSuite$0.call(Unknown Source)
	at TempTestSuite1654867643956.run(TempTestSuite1654867643956.groovy:36)
Caused by: com.kms.katalon.core.webui.exception.WebElementNotFoundException: Web element with id: 'Object Repository/3-OBJECTS UTILIDADES/Alerta/Alerta' located by '//div[@id='growl_container']/div/div/div[2]/p' not found
	at com.kms.katalon.core.webui.common.WebUiCommonHelper.findWebElement(WebUiCommonHelper.java:1370)
	at com.kms.katalon.core.webui.keyword.internal.WebUIAbstractKeyword.findWebElement(WebUIAbstractKeyword.groovy:27)
	at com.kms.katalon.core.webui.keyword.internal.WebUIAbstractKeyword.findWebElement(WebUIAbstractKeyword.groovy:26)
	at com.kms.katalon.core.webui.keyword.builtin.GetTextKeyword$_getText_closure1.doCall(GetTextKeyword.groovy:78)
	at com.kms.katalon.core.webui.keyword.builtin.GetTextKeyword$_getText_closure1.call(GetTextKeyword.groovy)
	at com.kms.katalon.core.webui.keyword.internal.WebUIKeywordMain.runKeyword(WebUIKeywordMain.groovy:20)
	at com.kms.katalon.core.webui.keyword.builtin.GetTextKeyword.getText(GetTextKeyword.groovy:88)
	at com.kms.katalon.core.webui.keyword.builtin.GetTextKeyword.execute(GetTextKeyword.groovy:67)
	at com.kms.katalon.core.keyword.internal.KeywordExecutor.executeKeywordForPlatform(KeywordExecutor.groovy:74)
	at com.kms.katalon.core.webui.keyword.WebUiBuiltInKeywords.getText(WebUiBuiltInKeywords.groovy:918)
	at com.kms.katalon.core.webui.keyword.WebUiBuiltInKeywords$getText$13.call(Unknown Source)
	at Script1548866424668.run(Script1548866424668.groovy:264)
	... 13 more
)
[[ATTACHMENT|C:\\Users\\diego.rojas\\git\\Pruebas-Minimas\\Reports\\20220610_082723\\Test_Suite_Principales\\1-Tareas Principales\\20220610_082723\\1654869841592.png]]]]></system-out>
         <system-err><![CDATA[2022-06-10 09:02:13 - [TEST_CASE][FAILED] - Test Cases/1.1-Tareas Principales/1.4.4-Crear Puesto de Trabajo: Test Cases/1.1-Tareas Principales/1.4.4-Crear Puesto de Trabajo FAILED.
Reason:
com.kms.katalon.core.exception.StepFailedException: Unable to get text of object 'Object Repository/3-OBJECTS UTILIDADES/Alerta/Alerta'
	at com.kms.katalon.core.webui.keyword.internal.WebUIKeywordMain.stepFailed(WebUIKeywordMain.groovy:64)
	at com.kms.katalon.core.webui.keyword.internal.WebUIKeywordMain.runKeyword(WebUIKeywordMain.groovy:26)
	at com.kms.katalon.core.webui.keyword.builtin.GetTextKeyword.getText(GetTextKeyword.groovy:88)
	at com.kms.katalon.core.webui.keyword.builtin.GetTextKeyword.execute(GetTextKeyword.groovy:67)
	at com.kms.katalon.core.keyword.internal.KeywordExecutor.executeKeywordForPlatform(KeywordExecutor.groovy:74)
	at com.kms.katalon.core.webui.keyword.WebUiBuiltInKeywords.getText(WebUiBuiltInKeywords.groovy:918)
	at com.kms.katalon.core.webui.keyword.WebUiBuiltInKeywords$getText$13.call(Unknown Source)
	at 1.4.4-Crear Puesto de Trabajo.run(1.4.4-Crear Puesto de Trabajo:264)
	at com.kms.katalon.core.main.ScriptEngine.run(ScriptEngine.java:194)
	at com.kms.katalon.core.main.ScriptEngine.runScriptAsRawText(ScriptEngine.java:119)
	at com.kms.katalon.core.main.TestCaseExecutor.runScript(TestCaseExecutor.java:445)
	at com.kms.katalon.core.main.TestCaseExecutor.doExecute(TestCaseExecutor.java:436)
	at com.kms.katalon.core.main.TestCaseExecutor.processExecutionPhase(TestCaseExecutor.java:415)
	at com.kms.katalon.core.main.TestCaseExecutor.accessMainPhase(TestCaseExecutor.java:407)
	at com.kms.katalon.core.main.TestCaseExecutor.execute(TestCaseExecutor.java:284)
	at com.kms.katalon.core.common.CommonExecutor.accessTestCaseMainPhase(CommonExecutor.java:65)
	at com.kms.katalon.core.main.TestSuiteExecutor.accessTestSuiteMainPhase(TestSuiteExecutor.java:144)
	at com.kms.katalon.core.main.TestSuiteExecutor.execute(TestSuiteExecutor.java:106)
	at com.kms.katalon.core.main.TestCaseMain.startTestSuite(TestCaseMain.java:185)
	at com.kms.katalon.core.main.TestCaseMain$startTestSuite$0.call(Unknown Source)
	at TempTestSuite1654867643956.run(TempTestSuite1654867643956.groovy:36)
Caused by: com.kms.katalon.core.webui.exception.WebElementNotFoundException: Web element with id: 'Object Repository/3-OBJECTS UTILIDADES/Alerta/Alerta' located by '//div[@id='growl_container']/div/div/div[2]/p' not found
	at com.kms.katalon.core.webui.common.WebUiCommonHelper.findWebElement(WebUiCommonHelper.java:1370)
	at com.kms.katalon.core.webui.keyword.internal.WebUIAbstractKeyword.findWebElement(WebUIAbstractKeyword.groovy:27)
	at com.kms.katalon.core.webui.keyword.internal.WebUIAbstractKeyword.findWebElement(WebUIAbstractKeyword.groovy:26)
	at com.kms.katalon.core.webui.keyword.builtin.GetTextKeyword$_getText_closure1.doCall(GetTextKeyword.groovy:78)
	at com.kms.katalon.core.webui.keyword.builtin.GetTextKeyword$_getText_closure1.call(GetTextKeyword.groovy)
	at com.kms.katalon.core.webui.keyword.internal.WebUIKeywordMain.runKeyword(WebUIKeywordMain.groovy:20)
	... 19 more]]></system-err>
      </testcase>
      <testcase name="Test Cases/1.1-Tareas Principales/1.4.5-Actualizacion de Datos en Puesto de Trabajo" time="50.601" classname="Test Cases/1.1-Tareas Principales/1.4.5-Actualizacion de Datos en Puesto de Trabajo" status="FAILED">
         <failure type="FAILED" message="Test Cases/1.1-Tareas Principales/1.4.5-Actualizacion de Datos en Puesto de Trabajo FAILED.
Reason:
com.kms.katalon.core.exception.StepFailedException: Unable to click on object 'Object Repository/1-OBJECTS TAREAS PRINCIPALES/Modulo Tarea Compensacion/Actualizacion de Datos en Puesto de Trabajo/a_Datos De Nomina'
	at com.kms.katalon.core.webui.keyword.internal.WebUIKeywordMain.stepFailed(WebUIKeywordMain.groovy:64)
	at com.kms.katalon.core.webui.keyword.internal.WebUIKeywordMain.runKeyword(WebUIKeywordMain.groovy:26)
	at com.kms.katalon.core.webui.keyword.builtin.ClickKeyword.click(ClickKeyword.groovy:74)
	at com.kms.katalon.core.webui.keyword.builtin.ClickKeyword.execute(ClickKeyword.groovy:40)
	at com.kms.katalon.core.keyword.internal.KeywordExecutor.executeKeywordForPlatform(KeywordExecutor.groovy:74)
	at com.kms.katalon.core.webui.keyword.WebUiBuiltInKeywords.click(WebUiBuiltInKeywords.groovy:620)
	at com.kms.katalon.core.webui.keyword.WebUiBuiltInKeywords$click$5.call(Unknown Source)
	at 1.4.5-Actualizacion de Datos en Puesto de Trabajo.run(1.4.5-Actualizacion de Datos en Puesto de Trabajo:36)
	at com.kms.katalon.core.main.ScriptEngine.run(ScriptEngine.java:194)
	at com.kms.katalon.core.main.ScriptEngine.runScriptAsRawText(ScriptEngine.java:119)
	at com.kms.katalon.core.main.TestCaseExecutor.runScript(TestCaseExecutor.java:445)
	at com.kms.katalon.core.main.TestCaseExecutor.doExecute(TestCaseExecutor.java:436)
	at com.kms.katalon.core.main.TestCaseExecutor.processExecutionPhase(TestCaseExecutor.java:415)
	at com.kms.katalon.core.main.TestCaseExecutor.accessMainPhase(TestCaseExecutor.java:407)
	at com.kms.katalon.core.main.TestCaseExecutor.execute(TestCaseExecutor.java:284)
	at com.kms.katalon.core.common.CommonExecutor.accessTestCaseMainPhase(CommonExecutor.java:65)
	at com.kms.katalon.core.main.TestSuiteExecutor.accessTestSuiteMainPhase(TestSuiteExecutor.java:144)
	at com.kms.katalon.core.main.TestSuiteExecutor.execute(TestSuiteExecutor.java:106)
	at com.kms.katalon.core.main.TestCaseMain.startTestSuite(TestCaseMain.java:185)
	at com.kms.katalon.core.main.TestCaseMain$startTestSuite$0.call(Unknown Source)
	at TempTestSuite1654867643956.run(TempTestSuite1654867643956.groovy:36)
Caused by: com.kms.katalon.core.webui.exception.WebElementNotFoundException: Web element with id: 'Object Repository/1-OBJECTS TAREAS PRINCIPALES/Modulo Tarea Compensacion/Actualizacion de Datos en Puesto de Trabajo/a_Datos De Nomina' located by '//a[contains(text(),'Datos De Nomina')]' not found
	at com.kms.katalon.core.webui.common.WebUiCommonHelper.findWebElement(WebUiCommonHelper.java:1370)
	at com.kms.katalon.core.webui.keyword.internal.WebUIAbstractKeyword.findWebElement(WebUIAbstractKeyword.groovy:27)
	at com.kms.katalon.core.webui.keyword.builtin.ClickKeyword$_click_closure1.doCall(ClickKeyword.groovy:65)
	at com.kms.katalon.core.webui.keyword.builtin.ClickKeyword$_click_closure1.call(ClickKeyword.groovy)
	at com.kms.katalon.core.webui.keyword.internal.WebUIKeywordMain.runKeyword(WebUIKeywordMain.groovy:20)
	... 19 more
"/>
         <system-out><![CDATA[2022-06-10 09:04:01 - [TEST_CASE][FAILED] - Test Cases/1.1-Tareas Principales/1.4.5-Actualizacion de Datos en Puesto de Trabajo: Test Cases/1.1-Tareas Principales/1.4.5-Actualizacion de Datos en Puesto de Trabajo FAILED.
Reason:
com.kms.katalon.core.exception.StepFailedException: Unable to click on object 'Object Repository/1-OBJECTS TAREAS PRINCIPALES/Modulo Tarea Compensacion/Actualizacion de Datos en Puesto de Trabajo/a_Datos De Nomina'
	at com.kms.katalon.core.webui.keyword.internal.WebUIKeywordMain.stepFailed(WebUIKeywordMain.groovy:64)
	at com.kms.katalon.core.webui.keyword.internal.WebUIKeywordMain.runKeyword(WebUIKeywordMain.groovy:26)
	at com.kms.katalon.core.webui.keyword.builtin.ClickKeyword.click(ClickKeyword.groovy:74)
	at com.kms.katalon.core.webui.keyword.builtin.ClickKeyword.execute(ClickKeyword.groovy:40)
	at com.kms.katalon.core.keyword.internal.KeywordExecutor.executeKeywordForPlatform(KeywordExecutor.groovy:74)
	at com.kms.katalon.core.webui.keyword.WebUiBuiltInKeywords.click(WebUiBuiltInKeywords.groovy:620)
	at com.kms.katalon.core.webui.keyword.WebUiBuiltInKeywords$click$5.call(Unknown Source)
	at 1.4.5-Actualizacion de Datos en Puesto de Trabajo.run(1.4.5-Actualizacion de Datos en Puesto de Trabajo:36)
	at com.kms.katalon.core.main.ScriptEngine.run(ScriptEngine.java:194)
	at com.kms.katalon.core.main.ScriptEngine.runScriptAsRawText(ScriptEngine.java:119)
	at com.kms.katalon.core.main.TestCaseExecutor.runScript(TestCaseExecutor.java:445)
	at com.kms.katalon.core.main.TestCaseExecutor.doExecute(TestCaseExecutor.java:436)
	at com.kms.katalon.core.main.TestCaseExecutor.processExecutionPhase(TestCaseExecutor.java:415)
	at com.kms.katalon.core.main.TestCaseExecutor.accessMainPhase(TestCaseExecutor.java:407)
	at com.kms.katalon.core.main.TestCaseExecutor.execute(TestCaseExecutor.java:284)
	at com.kms.katalon.core.common.CommonExecutor.accessTestCaseMainPhase(CommonExecutor.java:65)
	at com.kms.katalon.core.main.TestSuiteExecutor.accessTestSuiteMainPhase(TestSuiteExecutor.java:144)
	at com.kms.katalon.core.main.TestSuiteExecutor.execute(TestSuiteExecutor.java:106)
	at com.kms.katalon.core.main.TestCaseMain.startTestSuite(TestCaseMain.java:185)
	at com.kms.katalon.core.main.TestCaseMain$startTestSuite$0.call(Unknown Source)
	at TempTestSuite1654867643956.run(TempTestSuite1654867643956.groovy:36)
Caused by: com.kms.katalon.core.webui.exception.WebElementNotFoundException: Web element with id: 'Object Repository/1-OBJECTS TAREAS PRINCIPALES/Modulo Tarea Compensacion/Actualizacion de Datos en Puesto de Trabajo/a_Datos De Nomina' located by '//a[contains(text(),'Datos De Nomina')]' not found
	at com.kms.katalon.core.webui.common.WebUiCommonHelper.findWebElement(WebUiCommonHelper.java:1370)
	at com.kms.katalon.core.webui.keyword.internal.WebUIAbstractKeyword.findWebElement(WebUIAbstractKeyword.groovy:27)
	at com.kms.katalon.core.webui.keyword.builtin.ClickKeyword$_click_closure1.doCall(ClickKeyword.groovy:65)
	at com.kms.katalon.core.webui.keyword.builtin.ClickKeyword$_click_closure1.call(ClickKeyword.groovy)
	at com.kms.katalon.core.webui.keyword.internal.WebUIKeywordMain.runKeyword(WebUIKeywordMain.groovy:20)
	... 19 more


2022-06-10 09:04:02 - [TEST_STEP][PASSED] - random_double = Math.random() * 9999 + 999: null

2022-06-10 09:04:02 - [TEST_STEP][PASSED] - random_double = Math.round(random_double * 100 + 1000000): null

2022-06-10 09:04:02 - [TEST_STEP][PASSED] - identificacion = toString().replace(".0", ""): null

2022-06-10 09:04:02 - [TEST_STEP][PASSED] - callTestCase(findTestCase("Utilidades-(atajos_para _tareas)/Tareas Administracion Compensacion/Tarea Planta Personal"), [:], STOP_ON_FAILURE): Call Test Case 'Test Cases/Utilidades-(atajos_para _tareas)/Tareas Administracion Compensacion/Tarea Planta Personal' successfully

2022-06-10 09:04:02 - [TEST_CASE][PASSED] - Test Cases/Utilidades-(atajos_para _tareas)/Tareas Administracion Compensacion/Tarea Planta Personal: Test Cases/Utilidades-(atajos_para _tareas)/Tareas Administracion Compensacion/Tarea Planta Personal

2022-06-10 09:04:02 - [TEST_STEP][PASSED] - callTestCase(findTestCase("0.1-Login"), [:], STOP_ON_FAILURE): Call Test Case 'Test Cases/0.1-Login' successfully

2022-06-10 09:04:02 - [TEST_CASE][PASSED] - Test Cases/0.1-Login: Test Cases/0.1-Login

2022-06-10 09:04:02 - [TEST_STEP][PASSED] - openBrowser(""): Browser is opened with url: ''

2022-06-10 09:04:02 - [MESSAGE][WARNING] - A browser is already opened. Closing browser and opening a new one

2022-06-10 09:04:02 - [MESSAGE][INFO] - Starting 'Chrome' driver

2022-06-10 09:04:02 - [MESSAGE][INFO] - Action delay is set to 0 milliseconds

2022-06-10 09:04:04 - [MESSAGE][PASSED] - Browser is opened with url: ''

2022-06-10 09:04:04 - [TEST_STEP][PASSED] - maximizeWindow(): Current window maximized

2022-06-10 09:04:04 - [MESSAGE][PASSED] - Current window maximized

2022-06-10 09:04:04 - [TEST_STEP][PASSED] - i = G_Login: null

2022-06-10 09:04:04 - [TEST_STEP][PASSED] - url = new java.net.URL(i): null

2022-06-10 09:04:04 - [TEST_STEP][PASSED] - println("URL: " + url.toString()): null

2022-06-10 09:04:04 - [TEST_STEP][PASSED] - connection = url.openConnection(): null

2022-06-10 09:04:04 - [TEST_STEP][PASSED] - connection.setRequestMethod("GET"): null

2022-06-10 09:04:04 - [TEST_STEP][PASSED] - connection.setReadTimeout(2 * 1000): null

2022-06-10 09:04:04 - [TEST_STEP][PASSED] - try: null

2022-06-10 09:04:04 - [TEST_STEP][PASSED] - connection.connect(): null

2022-06-10 09:04:04 - [TEST_STEP][PASSED] - flag = connected: null

2022-06-10 09:04:04 - [TEST_STEP][PASSED] - println("Valor_ori: " + flag): null

2022-06-10 09:04:04 - [TEST_STEP][PASSED] - if (flag): null

2022-06-10 09:04:04 - [TEST_STEP][PASSED] - navigateToUrl(i): Navigate to 'http://192.168.2.19:8380/saraweb' successfully

2022-06-10 09:04:04 - [MESSAGE][PASSED] - Navigate to 'http://192.168.2.19:8380/saraweb' successfully

2022-06-10 09:04:04 - [TEST_STEP][PASSED] - a(): null

2022-06-10 09:04:04 - [TEST_STEP][PASSED] - setText(findTestObject("3-OBJECTS UTILIDADES/Login/input_USUARIO_loginusuario"), G_Usuario): Text 'saraadmin' is set on object 'Object Repository/3-OBJECTS UTILIDADES/Login/input_USUARIO_loginusuario'

2022-06-10 09:04:05 - [MESSAGE][PASSED] - Text 'saraadmin' is set on object 'Object Repository/3-OBJECTS UTILIDADES/Login/input_USUARIO_loginusuario'

2022-06-10 09:04:05 - [TEST_STEP][PASSED] - setEncryptedText(findTestObject("3-OBJECTS UTILIDADES/Login/input_CLAVE_loginpassword"), "MkG4/TYiCFC3cb2driP7+Q=="): Text ****** has been set on object 'Object Repository/3-OBJECTS UTILIDADES/Login/input_CLAVE_loginpassword'

2022-06-10 09:04:05 - [MESSAGE][PASSED] - Text ****** has been set on object 'Object Repository/3-OBJECTS UTILIDADES/Login/input_CLAVE_loginpassword'

2022-06-10 09:04:05 - [TEST_STEP][PASSED] - waitForElementClickable(findTestObject("3-OBJECTS UTILIDADES/Login/a_Ingresar"), G_TimeOut): Object 'Object Repository/3-OBJECTS UTILIDADES/Login/a_Ingresar' is clickable

2022-06-10 09:04:06 - [MESSAGE][PASSED] - Object 'Object Repository/3-OBJECTS UTILIDADES/Login/a_Ingresar' is clickable

2022-06-10 09:04:06 - [TEST_STEP][PASSED] - click(findTestObject("3-OBJECTS UTILIDADES/Login/a_Ingresar")): Object: 'Object Repository/3-OBJECTS UTILIDADES/Login/a_Ingresar' is clicked on

2022-06-10 09:04:07 - [MESSAGE][PASSED] - Object: 'Object Repository/3-OBJECTS UTILIDADES/Login/a_Ingresar' is clicked on

2022-06-10 09:04:07 - [TEST_STEP][PASSED] - element = findWebElement(findTestObject("3-OBJECTS UTILIDADES/Login/a_Ir"), 30): null

2022-06-10 09:04:08 - [TEST_STEP][PASSED] - executeJavaScript("arguments[0].click()", Arrays.asList(element)): Execute JavaScript 'arguments[0].click()' successfully

2022-06-10 09:04:08 - [MESSAGE][PASSED] - Execute JavaScript 'arguments[0].click()' successfully

2022-06-10 09:04:08 - [MESSAGE][PASSED] - Call Test Case 'Test Cases/0.1-Login' successfully

2022-06-10 09:04:08 - [TEST_STEP][PASSED] - waitForElementVisible(findTestObject("1-OBJECTS TAREAS PRINCIPALES/Modulo Tarea Compensacion/Tarea Planta Personal/input_Ir_nav_t66_input"), 0): Object 'Object Repository/1-OBJECTS TAREAS PRINCIPALES/Modulo Tarea Compensacion/Tarea Planta Personal/input_Ir_nav_t66_input' is visible

2022-06-10 09:04:08 - [MESSAGE][WARNING] - Timeout '0' is invalid. Using default page load timeout: '37'

2022-06-10 09:04:08 - [MESSAGE][PASSED] - Object 'Object Repository/1-OBJECTS TAREAS PRINCIPALES/Modulo Tarea Compensacion/Tarea Planta Personal/input_Ir_nav_t66_input' is visible

2022-06-10 09:04:08 - [TEST_STEP][PASSED] - setText(findTestObject("1-OBJECTS TAREAS PRINCIPALES/Modulo Tarea Compensacion/Tarea Planta Personal/input_Ir_nav_t66_input"), "Planta Personal (tal)"): Text 'Planta Personal (tal)' is set on object 'Object Repository/1-OBJECTS TAREAS PRINCIPALES/Modulo Tarea Compensacion/Tarea Planta Personal/input_Ir_nav_t66_input'

2022-06-10 09:04:09 - [MESSAGE][PASSED] - Text 'Planta Personal (tal)' is set on object 'Object Repository/1-OBJECTS TAREAS PRINCIPALES/Modulo Tarea Compensacion/Tarea Planta Personal/input_Ir_nav_t66_input'

2022-06-10 09:04:09 - [TEST_STEP][PASSED] - waitForElementVisible(findTestObject("1-OBJECTS TAREAS PRINCIPALES/Modulo Tarea Compensacion/Tarea Planta Personal/span_Planta Personal (tal)"), 0): Object 'Object Repository/1-OBJECTS TAREAS PRINCIPALES/Modulo Tarea Compensacion/Tarea Planta Personal/span_Planta Personal (tal)' is visible

2022-06-10 09:04:09 - [MESSAGE][WARNING] - Timeout '0' is invalid. Using default page load timeout: '37'

2022-06-10 09:04:10 - [MESSAGE][PASSED] - Object 'Object Repository/1-OBJECTS TAREAS PRINCIPALES/Modulo Tarea Compensacion/Tarea Planta Personal/span_Planta Personal (tal)' is visible

2022-06-10 09:04:10 - [TEST_STEP][PASSED] - click(findTestObject("1-OBJECTS TAREAS PRINCIPALES/Modulo Tarea Compensacion/Tarea Planta Personal/span_Planta Personal (tal)")): Object: 'Object Repository/1-OBJECTS TAREAS PRINCIPALES/Modulo Tarea Compensacion/Tarea Planta Personal/span_Planta Personal (tal)' is clicked on

2022-06-10 09:04:11 - [MESSAGE][PASSED] - Object: 'Object Repository/1-OBJECTS TAREAS PRINCIPALES/Modulo Tarea Compensacion/Tarea Planta Personal/span_Planta Personal (tal)' is clicked on

2022-06-10 09:04:11 - [MESSAGE][PASSED] - Call Test Case 'Test Cases/Utilidades-(atajos_para _tareas)/Tareas Administracion Compensacion/Tarea Planta Personal' successfully

2022-06-10 09:04:11 - [TEST_STEP][PASSED] - waitForElementClickable(findTestObject("1-OBJECTS TAREAS PRINCIPALES/Modulo Tarea Compensacion/Actualizacion de Datos en Puesto de Trabajo/span_Administracion"), 0): Object 'Object Repository/1-OBJECTS TAREAS PRINCIPALES/Modulo Tarea Compensacion/Actualizacion de Datos en Puesto de Trabajo/span_Administracion' is clickable

2022-06-10 09:04:11 - [MESSAGE][WARNING] - Timeout '0' is invalid. Using default page load timeout: '37'

2022-06-10 09:04:12 - [MESSAGE][PASSED] - Object 'Object Repository/1-OBJECTS TAREAS PRINCIPALES/Modulo Tarea Compensacion/Actualizacion de Datos en Puesto de Trabajo/span_Administracion' is clickable

2022-06-10 09:04:12 - [TEST_STEP][PASSED] - click(findTestObject("1-OBJECTS TAREAS PRINCIPALES/Modulo Tarea Compensacion/Actualizacion de Datos en Puesto de Trabajo/span_Administracion")): Object: 'Object Repository/1-OBJECTS TAREAS PRINCIPALES/Modulo Tarea Compensacion/Actualizacion de Datos en Puesto de Trabajo/span_Administracion' is clicked on

2022-06-10 09:04:12 - [MESSAGE][PASSED] - Object: 'Object Repository/1-OBJECTS TAREAS PRINCIPALES/Modulo Tarea Compensacion/Actualizacion de Datos en Puesto de Trabajo/span_Administracion' is clicked on

2022-06-10 09:04:12 - [TEST_STEP][PASSED] - click(findTestObject("1-OBJECTS TAREAS PRINCIPALES/Modulo Tarea Compensacion/Actualizacion de Datos en Puesto de Trabajo/a_Abogado_organigramaj_idt110")): Object: 'Object Repository/1-OBJECTS TAREAS PRINCIPALES/Modulo Tarea Compensacion/Actualizacion de Datos en Puesto de Trabajo/a_Abogado_organigramaj_idt110' is clicked on

2022-06-10 09:04:13 - [MESSAGE][PASSED] - Object: 'Object Repository/1-OBJECTS TAREAS PRINCIPALES/Modulo Tarea Compensacion/Actualizacion de Datos en Puesto de Trabajo/a_Abogado_organigramaj_idt110' is clicked on

2022-06-10 09:04:13 - [TEST_STEP][FAILED] - click(findTestObject("1-OBJECTS TAREAS PRINCIPALES/Modulo Tarea Compensacion/Actualizacion de Datos en Puesto de Trabajo/a_Datos De Nomina")): Unable to click on object 'Object Repository/1-OBJECTS TAREAS PRINCIPALES/Modulo Tarea Compensacion/Actualizacion de Datos en Puesto de Trabajo/a_Datos De Nomina' (Root cause: com.kms.katalon.core.exception.StepFailedException: Unable to click on object 'Object Repository/1-OBJECTS TAREAS PRINCIPALES/Modulo Tarea Compensacion/Actualizacion de Datos en Puesto de Trabajo/a_Datos De Nomina'
	at com.kms.katalon.core.webui.keyword.internal.WebUIKeywordMain.stepFailed(WebUIKeywordMain.groovy:64)
	at com.kms.katalon.core.webui.keyword.internal.WebUIKeywordMain.runKeyword(WebUIKeywordMain.groovy:26)
	at com.kms.katalon.core.webui.keyword.builtin.ClickKeyword.click(ClickKeyword.groovy:74)
	at com.kms.katalon.core.webui.keyword.builtin.ClickKeyword.execute(ClickKeyword.groovy:40)
	at com.kms.katalon.core.keyword.internal.KeywordExecutor.executeKeywordForPlatform(KeywordExecutor.groovy:74)
	at com.kms.katalon.core.webui.keyword.WebUiBuiltInKeywords.click(WebUiBuiltInKeywords.groovy:620)
	at com.kms.katalon.core.webui.keyword.WebUiBuiltInKeywords$click$5.call(Unknown Source)
	at 1.4.5-Actualizacion de Datos en Puesto de Trabajo.run(1.4.5-Actualizacion de Datos en Puesto de Trabajo:36)
	at com.kms.katalon.core.main.ScriptEngine.run(ScriptEngine.java:194)
	at com.kms.katalon.core.main.ScriptEngine.runScriptAsRawText(ScriptEngine.java:119)
	at com.kms.katalon.core.main.TestCaseExecutor.runScript(TestCaseExecutor.java:445)
	at com.kms.katalon.core.main.TestCaseExecutor.doExecute(TestCaseExecutor.java:436)
	at com.kms.katalon.core.main.TestCaseExecutor.processExecutionPhase(TestCaseExecutor.java:415)
	at com.kms.katalon.core.main.TestCaseExecutor.accessMainPhase(TestCaseExecutor.java:407)
	at com.kms.katalon.core.main.TestCaseExecutor.execute(TestCaseExecutor.java:284)
	at com.kms.katalon.core.common.CommonExecutor.accessTestCaseMainPhase(CommonExecutor.java:65)
	at com.kms.katalon.core.main.TestSuiteExecutor.accessTestSuiteMainPhase(TestSuiteExecutor.java:144)
	at com.kms.katalon.core.main.TestSuiteExecutor.execute(TestSuiteExecutor.java:106)
	at com.kms.katalon.core.main.TestCaseMain.startTestSuite(TestCaseMain.java:185)
	at com.kms.katalon.core.main.TestCaseMain$startTestSuite$0.call(Unknown Source)
	at TempTestSuite1654867643956.run(TempTestSuite1654867643956.groovy:36)
Caused by: com.kms.katalon.core.webui.exception.WebElementNotFoundException: Web element with id: 'Object Repository/1-OBJECTS TAREAS PRINCIPALES/Modulo Tarea Compensacion/Actualizacion de Datos en Puesto de Trabajo/a_Datos De Nomina' located by '//a[contains(text(),'Datos De Nomina')]' not found
	at com.kms.katalon.core.webui.common.WebUiCommonHelper.findWebElement(WebUiCommonHelper.java:1370)
	at com.kms.katalon.core.webui.keyword.internal.WebUIAbstractKeyword.findWebElement(WebUIAbstractKeyword.groovy:27)
	at com.kms.katalon.core.webui.keyword.builtin.ClickKeyword$_click_closure1.doCall(ClickKeyword.groovy:65)
	at com.kms.katalon.core.webui.keyword.builtin.ClickKeyword$_click_closure1.call(ClickKeyword.groovy)
	at com.kms.katalon.core.webui.keyword.internal.WebUIKeywordMain.runKeyword(WebUIKeywordMain.groovy:20)
	at com.kms.katalon.core.webui.keyword.builtin.ClickKeyword.click(ClickKeyword.groovy:74)
	at com.kms.katalon.core.webui.keyword.builtin.ClickKeyword.execute(ClickKeyword.groovy:40)
	at com.kms.katalon.core.keyword.internal.KeywordExecutor.executeKeywordForPlatform(KeywordExecutor.groovy:74)
	at com.kms.katalon.core.webui.keyword.WebUiBuiltInKeywords.click(WebUiBuiltInKeywords.groovy:620)
	at com.kms.katalon.core.webui.keyword.WebUiBuiltInKeywords$click$5.call(Unknown Source)
	at Script1548866453227.run(Script1548866453227.groovy:36)
	... 13 more
)

2022-06-10 09:04:52 - [MESSAGE][INFO] - Unable to find the element located by 'By.xpath: //a[contains(text(),'Datos De Nomina')]'. Please recheck the objects properties to make sure the desired element is located. 

2022-06-10 09:04:52 - [MESSAGE][FAILED] - Unable to click on object 'Object Repository/1-OBJECTS TAREAS PRINCIPALES/Modulo Tarea Compensacion/Actualizacion de Datos en Puesto de Trabajo/a_Datos De Nomina' (Root cause: com.kms.katalon.core.exception.StepFailedException: Unable to click on object 'Object Repository/1-OBJECTS TAREAS PRINCIPALES/Modulo Tarea Compensacion/Actualizacion de Datos en Puesto de Trabajo/a_Datos De Nomina'
	at com.kms.katalon.core.webui.keyword.internal.WebUIKeywordMain.stepFailed(WebUIKeywordMain.groovy:64)
	at com.kms.katalon.core.webui.keyword.internal.WebUIKeywordMain.runKeyword(WebUIKeywordMain.groovy:26)
	at com.kms.katalon.core.webui.keyword.builtin.ClickKeyword.click(ClickKeyword.groovy:74)
	at com.kms.katalon.core.webui.keyword.builtin.ClickKeyword.execute(ClickKeyword.groovy:40)
	at com.kms.katalon.core.keyword.internal.KeywordExecutor.executeKeywordForPlatform(KeywordExecutor.groovy:74)
	at com.kms.katalon.core.webui.keyword.WebUiBuiltInKeywords.click(WebUiBuiltInKeywords.groovy:620)
	at com.kms.katalon.core.webui.keyword.WebUiBuiltInKeywords$click$5.call(Unknown Source)
	at 1.4.5-Actualizacion de Datos en Puesto de Trabajo.run(1.4.5-Actualizacion de Datos en Puesto de Trabajo:36)
	at com.kms.katalon.core.main.ScriptEngine.run(ScriptEngine.java:194)
	at com.kms.katalon.core.main.ScriptEngine.runScriptAsRawText(ScriptEngine.java:119)
	at com.kms.katalon.core.main.TestCaseExecutor.runScript(TestCaseExecutor.java:445)
	at com.kms.katalon.core.main.TestCaseExecutor.doExecute(TestCaseExecutor.java:436)
	at com.kms.katalon.core.main.TestCaseExecutor.processExecutionPhase(TestCaseExecutor.java:415)
	at com.kms.katalon.core.main.TestCaseExecutor.accessMainPhase(TestCaseExecutor.java:407)
	at com.kms.katalon.core.main.TestCaseExecutor.execute(TestCaseExecutor.java:284)
	at com.kms.katalon.core.common.CommonExecutor.accessTestCaseMainPhase(CommonExecutor.java:65)
	at com.kms.katalon.core.main.TestSuiteExecutor.accessTestSuiteMainPhase(TestSuiteExecutor.java:144)
	at com.kms.katalon.core.main.TestSuiteExecutor.execute(TestSuiteExecutor.java:106)
	at com.kms.katalon.core.main.TestCaseMain.startTestSuite(TestCaseMain.java:185)
	at com.kms.katalon.core.main.TestCaseMain$startTestSuite$0.call(Unknown Source)
	at TempTestSuite1654867643956.run(TempTestSuite1654867643956.groovy:36)
Caused by: com.kms.katalon.core.webui.exception.WebElementNotFoundException: Web element with id: 'Object Repository/1-OBJECTS TAREAS PRINCIPALES/Modulo Tarea Compensacion/Actualizacion de Datos en Puesto de Trabajo/a_Datos De Nomina' located by '//a[contains(text(),'Datos De Nomina')]' not found
	at com.kms.katalon.core.webui.common.WebUiCommonHelper.findWebElement(WebUiCommonHelper.java:1370)
	at com.kms.katalon.core.webui.keyword.internal.WebUIAbstractKeyword.findWebElement(WebUIAbstractKeyword.groovy:27)
	at com.kms.katalon.core.webui.keyword.builtin.ClickKeyword$_click_closure1.doCall(ClickKeyword.groovy:65)
	at com.kms.katalon.core.webui.keyword.builtin.ClickKeyword$_click_closure1.call(ClickKeyword.groovy)
	at com.kms.katalon.core.webui.keyword.internal.WebUIKeywordMain.runKeyword(WebUIKeywordMain.groovy:20)
	at com.kms.katalon.core.webui.keyword.builtin.ClickKeyword.click(ClickKeyword.groovy:74)
	at com.kms.katalon.core.webui.keyword.builtin.ClickKeyword.execute(ClickKeyword.groovy:40)
	at com.kms.katalon.core.keyword.internal.KeywordExecutor.executeKeywordForPlatform(KeywordExecutor.groovy:74)
	at com.kms.katalon.core.webui.keyword.WebUiBuiltInKeywords.click(WebUiBuiltInKeywords.groovy:620)
	at com.kms.katalon.core.webui.keyword.WebUiBuiltInKeywords$click$5.call(Unknown Source)
	at Script1548866453227.run(Script1548866453227.groovy:36)
	... 13 more
)
[[ATTACHMENT|C:\\Users\\diego.rojas\\git\\Pruebas-Minimas\\Reports\\20220610_082723\\Test_Suite_Principales\\1-Tareas Principales\\20220610_082723\\1654869892198.png]]]]></system-out>
         <system-err><![CDATA[2022-06-10 09:04:01 - [TEST_CASE][FAILED] - Test Cases/1.1-Tareas Principales/1.4.5-Actualizacion de Datos en Puesto de Trabajo: Test Cases/1.1-Tareas Principales/1.4.5-Actualizacion de Datos en Puesto de Trabajo FAILED.
Reason:
com.kms.katalon.core.exception.StepFailedException: Unable to click on object 'Object Repository/1-OBJECTS TAREAS PRINCIPALES/Modulo Tarea Compensacion/Actualizacion de Datos en Puesto de Trabajo/a_Datos De Nomina'
	at com.kms.katalon.core.webui.keyword.internal.WebUIKeywordMain.stepFailed(WebUIKeywordMain.groovy:64)
	at com.kms.katalon.core.webui.keyword.internal.WebUIKeywordMain.runKeyword(WebUIKeywordMain.groovy:26)
	at com.kms.katalon.core.webui.keyword.builtin.ClickKeyword.click(ClickKeyword.groovy:74)
	at com.kms.katalon.core.webui.keyword.builtin.ClickKeyword.execute(ClickKeyword.groovy:40)
	at com.kms.katalon.core.keyword.internal.KeywordExecutor.executeKeywordForPlatform(KeywordExecutor.groovy:74)
	at com.kms.katalon.core.webui.keyword.WebUiBuiltInKeywords.click(WebUiBuiltInKeywords.groovy:620)
	at com.kms.katalon.core.webui.keyword.WebUiBuiltInKeywords$click$5.call(Unknown Source)
	at 1.4.5-Actualizacion de Datos en Puesto de Trabajo.run(1.4.5-Actualizacion de Datos en Puesto de Trabajo:36)
	at com.kms.katalon.core.main.ScriptEngine.run(ScriptEngine.java:194)
	at com.kms.katalon.core.main.ScriptEngine.runScriptAsRawText(ScriptEngine.java:119)
	at com.kms.katalon.core.main.TestCaseExecutor.runScript(TestCaseExecutor.java:445)
	at com.kms.katalon.core.main.TestCaseExecutor.doExecute(TestCaseExecutor.java:436)
	at com.kms.katalon.core.main.TestCaseExecutor.processExecutionPhase(TestCaseExecutor.java:415)
	at com.kms.katalon.core.main.TestCaseExecutor.accessMainPhase(TestCaseExecutor.java:407)
	at com.kms.katalon.core.main.TestCaseExecutor.execute(TestCaseExecutor.java:284)
	at com.kms.katalon.core.common.CommonExecutor.accessTestCaseMainPhase(CommonExecutor.java:65)
	at com.kms.katalon.core.main.TestSuiteExecutor.accessTestSuiteMainPhase(TestSuiteExecutor.java:144)
	at com.kms.katalon.core.main.TestSuiteExecutor.execute(TestSuiteExecutor.java:106)
	at com.kms.katalon.core.main.TestCaseMain.startTestSuite(TestCaseMain.java:185)
	at com.kms.katalon.core.main.TestCaseMain$startTestSuite$0.call(Unknown Source)
	at TempTestSuite1654867643956.run(TempTestSuite1654867643956.groovy:36)
Caused by: com.kms.katalon.core.webui.exception.WebElementNotFoundException: Web element with id: 'Object Repository/1-OBJECTS TAREAS PRINCIPALES/Modulo Tarea Compensacion/Actualizacion de Datos en Puesto de Trabajo/a_Datos De Nomina' located by '//a[contains(text(),'Datos De Nomina')]' not found
	at com.kms.katalon.core.webui.common.WebUiCommonHelper.findWebElement(WebUiCommonHelper.java:1370)
	at com.kms.katalon.core.webui.keyword.internal.WebUIAbstractKeyword.findWebElement(WebUIAbstractKeyword.groovy:27)
	at com.kms.katalon.core.webui.keyword.builtin.ClickKeyword$_click_closure1.doCall(ClickKeyword.groovy:65)
	at com.kms.katalon.core.webui.keyword.builtin.ClickKeyword$_click_closure1.call(ClickKeyword.groovy)
	at com.kms.katalon.core.webui.keyword.internal.WebUIKeywordMain.runKeyword(WebUIKeywordMain.groovy:20)
	... 19 more]]></system-err>
      </testcase>
      <testcase name="Test Cases/1.1-Tareas Principales/1.4.6-Prestamo Liquidacion Periodica" time="68.416" classname="Test Cases/1.1-Tareas Principales/1.4.6-Prestamo Liquidacion Periodica" status="FAILED">
         <failure type="FAILED" message="Test Cases/1.1-Tareas Principales/1.4.6-Prestamo Liquidacion Periodica FAILED.
Reason:
com.kms.katalon.core.exception.StepFailedException: Unable to get text of object 'Object Repository/3-OBJECTS UTILIDADES/Alerta/Alerta'
	at com.kms.katalon.core.webui.keyword.internal.WebUIKeywordMain.stepFailed(WebUIKeywordMain.groovy:64)
	at com.kms.katalon.core.webui.keyword.internal.WebUIKeywordMain.runKeyword(WebUIKeywordMain.groovy:26)
	at com.kms.katalon.core.webui.keyword.builtin.GetTextKeyword.getText(GetTextKeyword.groovy:88)
	at com.kms.katalon.core.webui.keyword.builtin.GetTextKeyword.execute(GetTextKeyword.groovy:67)
	at com.kms.katalon.core.keyword.internal.KeywordExecutor.executeKeywordForPlatform(KeywordExecutor.groovy:74)
	at com.kms.katalon.core.webui.keyword.WebUiBuiltInKeywords.getText(WebUiBuiltInKeywords.groovy:918)
	at com.kms.katalon.core.webui.keyword.WebUiBuiltInKeywords$getText$13.call(Unknown Source)
	at 1.4.6-Prestamo Liquidacion Periodica.run(1.4.6-Prestamo Liquidacion Periodica:161)
	at com.kms.katalon.core.main.ScriptEngine.run(ScriptEngine.java:194)
	at com.kms.katalon.core.main.ScriptEngine.runScriptAsRawText(ScriptEngine.java:119)
	at com.kms.katalon.core.main.TestCaseExecutor.runScript(TestCaseExecutor.java:445)
	at com.kms.katalon.core.main.TestCaseExecutor.doExecute(TestCaseExecutor.java:436)
	at com.kms.katalon.core.main.TestCaseExecutor.processExecutionPhase(TestCaseExecutor.java:415)
	at com.kms.katalon.core.main.TestCaseExecutor.accessMainPhase(TestCaseExecutor.java:407)
	at com.kms.katalon.core.main.TestCaseExecutor.execute(TestCaseExecutor.java:284)
	at com.kms.katalon.core.common.CommonExecutor.accessTestCaseMainPhase(CommonExecutor.java:65)
	at com.kms.katalon.core.main.TestSuiteExecutor.accessTestSuiteMainPhase(TestSuiteExecutor.java:144)
	at com.kms.katalon.core.main.TestSuiteExecutor.execute(TestSuiteExecutor.java:106)
	at com.kms.katalon.core.main.TestCaseMain.startTestSuite(TestCaseMain.java:185)
	at com.kms.katalon.core.main.TestCaseMain$startTestSuite$0.call(Unknown Source)
	at TempTestSuite1654867643956.run(TempTestSuite1654867643956.groovy:36)
Caused by: com.kms.katalon.core.webui.exception.WebElementNotFoundException: Web element with id: 'Object Repository/3-OBJECTS UTILIDADES/Alerta/Alerta' located by '//div[@id='growl_container']/div/div/div[2]/p' not found
	at com.kms.katalon.core.webui.common.WebUiCommonHelper.findWebElement(WebUiCommonHelper.java:1370)
	at com.kms.katalon.core.webui.keyword.internal.WebUIAbstractKeyword.findWebElement(WebUIAbstractKeyword.groovy:27)
	at com.kms.katalon.core.webui.keyword.internal.WebUIAbstractKeyword.findWebElement(WebUIAbstractKeyword.groovy:26)
	at com.kms.katalon.core.webui.keyword.builtin.GetTextKeyword$_getText_closure1.doCall(GetTextKeyword.groovy:78)
	at com.kms.katalon.core.webui.keyword.builtin.GetTextKeyword$_getText_closure1.call(GetTextKeyword.groovy)
	at com.kms.katalon.core.webui.keyword.internal.WebUIKeywordMain.runKeyword(WebUIKeywordMain.groovy:20)
	... 19 more
"/>
         <system-out><![CDATA[2022-06-10 09:04:52 - [TEST_CASE][FAILED] - Test Cases/1.1-Tareas Principales/1.4.6-Prestamo Liquidacion Periodica: Test Cases/1.1-Tareas Principales/1.4.6-Prestamo Liquidacion Periodica FAILED.
Reason:
com.kms.katalon.core.exception.StepFailedException: Unable to get text of object 'Object Repository/3-OBJECTS UTILIDADES/Alerta/Alerta'
	at com.kms.katalon.core.webui.keyword.internal.WebUIKeywordMain.stepFailed(WebUIKeywordMain.groovy:64)
	at com.kms.katalon.core.webui.keyword.internal.WebUIKeywordMain.runKeyword(WebUIKeywordMain.groovy:26)
	at com.kms.katalon.core.webui.keyword.builtin.GetTextKeyword.getText(GetTextKeyword.groovy:88)
	at com.kms.katalon.core.webui.keyword.builtin.GetTextKeyword.execute(GetTextKeyword.groovy:67)
	at com.kms.katalon.core.keyword.internal.KeywordExecutor.executeKeywordForPlatform(KeywordExecutor.groovy:74)
	at com.kms.katalon.core.webui.keyword.WebUiBuiltInKeywords.getText(WebUiBuiltInKeywords.groovy:918)
	at com.kms.katalon.core.webui.keyword.WebUiBuiltInKeywords$getText$13.call(Unknown Source)
	at 1.4.6-Prestamo Liquidacion Periodica.run(1.4.6-Prestamo Liquidacion Periodica:161)
	at com.kms.katalon.core.main.ScriptEngine.run(ScriptEngine.java:194)
	at com.kms.katalon.core.main.ScriptEngine.runScriptAsRawText(ScriptEngine.java:119)
	at com.kms.katalon.core.main.TestCaseExecutor.runScript(TestCaseExecutor.java:445)
	at com.kms.katalon.core.main.TestCaseExecutor.doExecute(TestCaseExecutor.java:436)
	at com.kms.katalon.core.main.TestCaseExecutor.processExecutionPhase(TestCaseExecutor.java:415)
	at com.kms.katalon.core.main.TestCaseExecutor.accessMainPhase(TestCaseExecutor.java:407)
	at com.kms.katalon.core.main.TestCaseExecutor.execute(TestCaseExecutor.java:284)
	at com.kms.katalon.core.common.CommonExecutor.accessTestCaseMainPhase(CommonExecutor.java:65)
	at com.kms.katalon.core.main.TestSuiteExecutor.accessTestSuiteMainPhase(TestSuiteExecutor.java:144)
	at com.kms.katalon.core.main.TestSuiteExecutor.execute(TestSuiteExecutor.java:106)
	at com.kms.katalon.core.main.TestCaseMain.startTestSuite(TestCaseMain.java:185)
	at com.kms.katalon.core.main.TestCaseMain$startTestSuite$0.call(Unknown Source)
	at TempTestSuite1654867643956.run(TempTestSuite1654867643956.groovy:36)
Caused by: com.kms.katalon.core.webui.exception.WebElementNotFoundException: Web element with id: 'Object Repository/3-OBJECTS UTILIDADES/Alerta/Alerta' located by '//div[@id='growl_container']/div/div/div[2]/p' not found
	at com.kms.katalon.core.webui.common.WebUiCommonHelper.findWebElement(WebUiCommonHelper.java:1370)
	at com.kms.katalon.core.webui.keyword.internal.WebUIAbstractKeyword.findWebElement(WebUIAbstractKeyword.groovy:27)
	at com.kms.katalon.core.webui.keyword.internal.WebUIAbstractKeyword.findWebElement(WebUIAbstractKeyword.groovy:26)
	at com.kms.katalon.core.webui.keyword.builtin.GetTextKeyword$_getText_closure1.doCall(GetTextKeyword.groovy:78)
	at com.kms.katalon.core.webui.keyword.builtin.GetTextKeyword$_getText_closure1.call(GetTextKeyword.groovy)
	at com.kms.katalon.core.webui.keyword.internal.WebUIKeywordMain.runKeyword(WebUIKeywordMain.groovy:20)
	... 19 more


2022-06-10 09:04:52 - [TEST_STEP][PASSED] - callTestCase(findTestCase("Utilidades-(atajos_para _tareas)/Tareas Administracion Compensacion/Tarea Listado Empleados"), [:], STOP_ON_FAILURE): Call Test Case 'Test Cases/Utilidades-(atajos_para _tareas)/Tareas Administracion Compensacion/Tarea Listado Empleados' successfully

2022-06-10 09:04:52 - [TEST_CASE][PASSED] - Test Cases/Utilidades-(atajos_para _tareas)/Tareas Administracion Compensacion/Tarea Listado Empleados: Test Cases/Utilidades-(atajos_para _tareas)/Tareas Administracion Compensacion/Tarea Listado Empleados

2022-06-10 09:04:52 - [TEST_STEP][PASSED] - callTestCase(findTestCase("0.1-Login"), [:], STOP_ON_FAILURE): Call Test Case 'Test Cases/0.1-Login' successfully

2022-06-10 09:04:52 - [TEST_CASE][PASSED] - Test Cases/0.1-Login: Test Cases/0.1-Login

2022-06-10 09:04:52 - [TEST_STEP][PASSED] - openBrowser(""): Browser is opened with url: ''

2022-06-10 09:04:52 - [MESSAGE][WARNING] - A browser is already opened. Closing browser and opening a new one

2022-06-10 09:04:53 - [MESSAGE][INFO] - Starting 'Chrome' driver

2022-06-10 09:04:53 - [MESSAGE][INFO] - Action delay is set to 0 milliseconds

2022-06-10 09:04:54 - [MESSAGE][PASSED] - Browser is opened with url: ''

2022-06-10 09:04:54 - [TEST_STEP][PASSED] - maximizeWindow(): Current window maximized

2022-06-10 09:04:54 - [MESSAGE][PASSED] - Current window maximized

2022-06-10 09:04:54 - [TEST_STEP][PASSED] - i = G_Login: null

2022-06-10 09:04:54 - [TEST_STEP][PASSED] - url = new java.net.URL(i): null

2022-06-10 09:04:54 - [TEST_STEP][PASSED] - println("URL: " + url.toString()): null

2022-06-10 09:04:54 - [TEST_STEP][PASSED] - connection = url.openConnection(): null

2022-06-10 09:04:54 - [TEST_STEP][PASSED] - connection.setRequestMethod("GET"): null

2022-06-10 09:04:54 - [TEST_STEP][PASSED] - connection.setReadTimeout(2 * 1000): null

2022-06-10 09:04:54 - [TEST_STEP][PASSED] - try: null

2022-06-10 09:04:54 - [TEST_STEP][PASSED] - connection.connect(): null

2022-06-10 09:04:54 - [TEST_STEP][PASSED] - flag = connected: null

2022-06-10 09:04:54 - [TEST_STEP][PASSED] - println("Valor_ori: " + flag): null

2022-06-10 09:04:54 - [TEST_STEP][PASSED] - if (flag): null

2022-06-10 09:04:54 - [TEST_STEP][PASSED] - navigateToUrl(i): Navigate to 'http://192.168.2.19:8380/saraweb' successfully

2022-06-10 09:04:55 - [MESSAGE][PASSED] - Navigate to 'http://192.168.2.19:8380/saraweb' successfully

2022-06-10 09:04:55 - [TEST_STEP][PASSED] - a(): null

2022-06-10 09:04:55 - [TEST_STEP][PASSED] - setText(findTestObject("3-OBJECTS UTILIDADES/Login/input_USUARIO_loginusuario"), G_Usuario): Text 'saraadmin' is set on object 'Object Repository/3-OBJECTS UTILIDADES/Login/input_USUARIO_loginusuario'

2022-06-10 09:04:56 - [MESSAGE][PASSED] - Text 'saraadmin' is set on object 'Object Repository/3-OBJECTS UTILIDADES/Login/input_USUARIO_loginusuario'

2022-06-10 09:04:56 - [TEST_STEP][PASSED] - setEncryptedText(findTestObject("3-OBJECTS UTILIDADES/Login/input_CLAVE_loginpassword"), "MkG4/TYiCFC3cb2driP7+Q=="): Text ****** has been set on object 'Object Repository/3-OBJECTS UTILIDADES/Login/input_CLAVE_loginpassword'

2022-06-10 09:04:56 - [MESSAGE][PASSED] - Text ****** has been set on object 'Object Repository/3-OBJECTS UTILIDADES/Login/input_CLAVE_loginpassword'

2022-06-10 09:04:56 - [TEST_STEP][PASSED] - waitForElementClickable(findTestObject("3-OBJECTS UTILIDADES/Login/a_Ingresar"), G_TimeOut): Object 'Object Repository/3-OBJECTS UTILIDADES/Login/a_Ingresar' is clickable

2022-06-10 09:04:56 - [MESSAGE][PASSED] - Object 'Object Repository/3-OBJECTS UTILIDADES/Login/a_Ingresar' is clickable

2022-06-10 09:04:56 - [TEST_STEP][PASSED] - click(findTestObject("3-OBJECTS UTILIDADES/Login/a_Ingresar")): Object: 'Object Repository/3-OBJECTS UTILIDADES/Login/a_Ingresar' is clicked on

2022-06-10 09:04:58 - [MESSAGE][PASSED] - Object: 'Object Repository/3-OBJECTS UTILIDADES/Login/a_Ingresar' is clicked on

2022-06-10 09:04:58 - [TEST_STEP][PASSED] - element = findWebElement(findTestObject("3-OBJECTS UTILIDADES/Login/a_Ir"), 30): null

2022-06-10 09:04:58 - [TEST_STEP][PASSED] - executeJavaScript("arguments[0].click()", Arrays.asList(element)): Execute JavaScript 'arguments[0].click()' successfully

2022-06-10 09:04:58 - [MESSAGE][PASSED] - Execute JavaScript 'arguments[0].click()' successfully

2022-06-10 09:04:58 - [MESSAGE][PASSED] - Call Test Case 'Test Cases/0.1-Login' successfully

2022-06-10 09:04:58 - [TEST_STEP][PASSED] - setText(findTestObject("1-OBJECTS TAREAS PRINCIPALES/Modulo Tarea Listado Hojas de Vida/Tareas Listado Hojas de Vida/input_Listado Hojas De Vida_form_templatej_idt24_input"), "Listado de Empleados"): Text 'Listado de Empleados' is set on object 'Object Repository/1-OBJECTS TAREAS PRINCIPALES/Modulo Tarea Listado Hojas de Vida/Tareas Listado Hojas de Vida/input_Listado Hojas De Vida_form_templatej_idt24_input'

2022-06-10 09:05:00 - [MESSAGE][PASSED] - Text 'Listado de Empleados' is set on object 'Object Repository/1-OBJECTS TAREAS PRINCIPALES/Modulo Tarea Listado Hojas de Vida/Tareas Listado Hojas de Vida/input_Listado Hojas De Vida_form_templatej_idt24_input'

2022-06-10 09:05:00 - [TEST_STEP][PASSED] - waitForElementVisible(findTestObject("1-OBJECTS TAREAS PRINCIPALES/Modulo Tarea Listado Hojas de Vida/Tareas Listado Hojas de Vida/span_Listado de Empleados"), 0): Object 'Object Repository/1-OBJECTS TAREAS PRINCIPALES/Modulo Tarea Listado Hojas de Vida/Tareas Listado Hojas de Vida/span_Listado de Empleados' is visible

2022-06-10 09:05:00 - [MESSAGE][WARNING] - Timeout '0' is invalid. Using default page load timeout: '37'

2022-06-10 09:05:01 - [MESSAGE][PASSED] - Object 'Object Repository/1-OBJECTS TAREAS PRINCIPALES/Modulo Tarea Listado Hojas de Vida/Tareas Listado Hojas de Vida/span_Listado de Empleados' is visible

2022-06-10 09:05:01 - [TEST_STEP][PASSED] - click(findTestObject("1-OBJECTS TAREAS PRINCIPALES/Modulo Tarea Listado Hojas de Vida/Tareas Listado Hojas de Vida/span_Listado de Empleados")): Object: 'Object Repository/1-OBJECTS TAREAS PRINCIPALES/Modulo Tarea Listado Hojas de Vida/Tareas Listado Hojas de Vida/span_Listado de Empleados' is clicked on

2022-06-10 09:05:01 - [MESSAGE][PASSED] - Object: 'Object Repository/1-OBJECTS TAREAS PRINCIPALES/Modulo Tarea Listado Hojas de Vida/Tareas Listado Hojas de Vida/span_Listado de Empleados' is clicked on

2022-06-10 09:05:01 - [MESSAGE][PASSED] - Call Test Case 'Test Cases/Utilidades-(atajos_para _tareas)/Tareas Administracion Compensacion/Tarea Listado Empleados' successfully

2022-06-10 09:05:01 - [TEST_STEP][PASSED] - setText(findTestObject("1-OBJECTS TAREAS PRINCIPALES/Modulo Tarea Compensacion/Prestamo Liquidacion Periodica/input_close_popupFiltroEmplead"), "1026588953"): Text '1026588953' is set on object 'Object Repository/1-OBJECTS TAREAS PRINCIPALES/Modulo Tarea Compensacion/Prestamo Liquidacion Periodica/input_close_popupFiltroEmplead'

2022-06-10 09:05:03 - [MESSAGE][PASSED] - Text '1026588953' is set on object 'Object Repository/1-OBJECTS TAREAS PRINCIPALES/Modulo Tarea Compensacion/Prestamo Liquidacion Periodica/input_close_popupFiltroEmplead'

2022-06-10 09:05:03 - [TEST_STEP][PASSED] - sendKeys(findTestObject("1-OBJECTS TAREAS PRINCIPALES/Modulo Tarea Compensacion/Prestamo Liquidacion Periodica/input_close_popupFiltroEmplead"), Keys.chord(ENTER)): Keys 'ENTER + ' sent to object: 'Object Repository/1-OBJECTS TAREAS PRINCIPALES/Modulo Tarea Compensacion/Prestamo Liquidacion Periodica/input_close_popupFiltroEmplead'

2022-06-10 09:05:04 - [MESSAGE][PASSED] - Keys 'ENTER + ' sent to object: 'Object Repository/1-OBJECTS TAREAS PRINCIPALES/Modulo Tarea Compensacion/Prestamo Liquidacion Periodica/input_close_popupFiltroEmplead'

2022-06-10 09:05:04 - [TEST_STEP][PASSED] - waitForElementClickable(findTestObject("1-OBJECTS TAREAS PRINCIPALES/Modulo Tarea Compensacion/Prestamo Liquidacion Periodica/span_CONSTA BELFEGORD JHON"), G_TimeOut): Object 'Object Repository/1-OBJECTS TAREAS PRINCIPALES/Modulo Tarea Compensacion/Prestamo Liquidacion Periodica/span_CONSTA BELFEGORD JHON' is clickable

2022-06-10 09:05:04 - [MESSAGE][PASSED] - Object 'Object Repository/1-OBJECTS TAREAS PRINCIPALES/Modulo Tarea Compensacion/Prestamo Liquidacion Periodica/span_CONSTA BELFEGORD JHON' is clickable

2022-06-10 09:05:04 - [TEST_STEP][PASSED] - click(findTestObject("1-OBJECTS TAREAS PRINCIPALES/Modulo Tarea Compensacion/Prestamo Liquidacion Periodica/span_CONSTA BELFEGORD JHON")): Object: 'Object Repository/1-OBJECTS TAREAS PRINCIPALES/Modulo Tarea Compensacion/Prestamo Liquidacion Periodica/span_CONSTA BELFEGORD JHON' is clicked on

2022-06-10 09:05:05 - [MESSAGE][PASSED] - Object: 'Object Repository/1-OBJECTS TAREAS PRINCIPALES/Modulo Tarea Compensacion/Prestamo Liquidacion Periodica/span_CONSTA BELFEGORD JHON' is clicked on

2022-06-10 09:05:05 - [TEST_STEP][PASSED] - waitForElementClickable(findTestObject("1-OBJECTS TAREAS PRINCIPALES/Modulo Tarea Compensacion/Prestamo Liquidacion Periodica/a_Liquidacin Periodica"), G_TimeOut): Object 'Object Repository/1-OBJECTS TAREAS PRINCIPALES/Modulo Tarea Compensacion/Prestamo Liquidacion Periodica/a_Liquidacin Periodica' is clickable

2022-06-10 09:05:05 - [MESSAGE][PASSED] - Object 'Object Repository/1-OBJECTS TAREAS PRINCIPALES/Modulo Tarea Compensacion/Prestamo Liquidacion Periodica/a_Liquidacin Periodica' is clickable

2022-06-10 09:05:05 - [TEST_STEP][PASSED] - click(findTestObject("1-OBJECTS TAREAS PRINCIPALES/Modulo Tarea Compensacion/Prestamo Liquidacion Periodica/a_Liquidacin Periodica")): Object: 'Object Repository/1-OBJECTS TAREAS PRINCIPALES/Modulo Tarea Compensacion/Prestamo Liquidacion Periodica/a_Liquidacin Periodica' is clicked on

2022-06-10 09:05:06 - [MESSAGE][PASSED] - Object: 'Object Repository/1-OBJECTS TAREAS PRINCIPALES/Modulo Tarea Compensacion/Prestamo Liquidacion Periodica/a_Liquidacin Periodica' is clicked on

2022-06-10 09:05:06 - [TEST_STEP][PASSED] - while (waitForElementVisible(findTestObject("1-OBJECTS TAREAS PRINCIPALES/Modulo Tarea Compensacion/Prestamo Liquidacion Periodica/span_Prestamo Bancolombia"), 1)): Web element with id: 'Object Repository/1-OBJECTS TAREAS PRINCIPALES/Modulo Tarea Compensacion/Prestamo Liquidacion Periodica/span_Prestamo Bancolombia' located by '//div/table/tbody/tr/td[2]/span' not found

2022-06-10 09:05:08 - [MESSAGE][INFO] - Unable to find the element located by 'By.xpath: //div/table/tbody/tr/td[2]/span'. Please recheck the objects properties to make sure the desired element is located. 

2022-06-10 09:05:08 - [MESSAGE][WARNING] - Web element with id: 'Object Repository/1-OBJECTS TAREAS PRINCIPALES/Modulo Tarea Compensacion/Prestamo Liquidacion Periodica/span_Prestamo Bancolombia' located by '//div/table/tbody/tr/td[2]/span' not found

2022-06-10 09:05:08 - [TEST_STEP][PASSED] - waitForElementClickable(findTestObject("1-OBJECTS TAREAS PRINCIPALES/Modulo Tarea Compensacion/Prestamo Liquidacion Periodica/a_Nuevo"), G_TimeOut): Object 'Object Repository/1-OBJECTS TAREAS PRINCIPALES/Modulo Tarea Compensacion/Prestamo Liquidacion Periodica/a_Nuevo' is clickable

2022-06-10 09:05:08 - [MESSAGE][PASSED] - Object 'Object Repository/1-OBJECTS TAREAS PRINCIPALES/Modulo Tarea Compensacion/Prestamo Liquidacion Periodica/a_Nuevo' is clickable

2022-06-10 09:05:08 - [TEST_STEP][PASSED] - click(findTestObject("1-OBJECTS TAREAS PRINCIPALES/Modulo Tarea Compensacion/Prestamo Liquidacion Periodica/a_Nuevo")): Object: 'Object Repository/1-OBJECTS TAREAS PRINCIPALES/Modulo Tarea Compensacion/Prestamo Liquidacion Periodica/a_Nuevo' is clicked on

2022-06-10 09:05:09 - [MESSAGE][PASSED] - Object: 'Object Repository/1-OBJECTS TAREAS PRINCIPALES/Modulo Tarea Compensacion/Prestamo Liquidacion Periodica/a_Nuevo' is clicked on

2022-06-10 09:05:09 - [TEST_STEP][PASSED] - waitForElementClickable(findTestObject("1-OBJECTS TAREAS PRINCIPALES/Modulo Tarea Compensacion/Prestamo Liquidacion Periodica/select_-- seleccione --BC - PR"), G_TimeOut): Object 'Object Repository/1-OBJECTS TAREAS PRINCIPALES/Modulo Tarea Compensacion/Prestamo Liquidacion Periodica/select_-- seleccione --BC - PR' is clickable

2022-06-10 09:05:09 - [MESSAGE][PASSED] - Object 'Object Repository/1-OBJECTS TAREAS PRINCIPALES/Modulo Tarea Compensacion/Prestamo Liquidacion Periodica/select_-- seleccione --BC - PR' is clickable

2022-06-10 09:05:09 - [TEST_STEP][PASSED] - click(findTestObject("1-OBJECTS TAREAS PRINCIPALES/Modulo Tarea Compensacion/Prestamo Liquidacion Periodica/select_-- seleccione --BC - PR")): Object: 'Object Repository/1-OBJECTS TAREAS PRINCIPALES/Modulo Tarea Compensacion/Prestamo Liquidacion Periodica/select_-- seleccione --BC - PR' is clicked on

2022-06-10 09:05:10 - [MESSAGE][PASSED] - Object: 'Object Repository/1-OBJECTS TAREAS PRINCIPALES/Modulo Tarea Compensacion/Prestamo Liquidacion Periodica/select_-- seleccione --BC - PR' is clicked on

2022-06-10 09:05:10 - [TEST_STEP][PASSED] - selectOptionByIndex(findTestObject("1-OBJECTS TAREAS PRINCIPALES/Modulo Tarea Compensacion/Prestamo Liquidacion Periodica/select_-- seleccione --BC - PR"), "2"): All options with index in [2] are selected on object 'Object Repository/1-OBJECTS TAREAS PRINCIPALES/Modulo Tarea Compensacion/Prestamo Liquidacion Periodica/select_-- seleccione --BC - PR'

2022-06-10 09:05:11 - [MESSAGE][PASSED] - All options with index in [2] are selected on object 'Object Repository/1-OBJECTS TAREAS PRINCIPALES/Modulo Tarea Compensacion/Prestamo Liquidacion Periodica/select_-- seleccione --BC - PR'

2022-06-10 09:05:11 - [TEST_STEP][PASSED] - click(findTestObject("1-OBJECTS TAREAS PRINCIPALES/Modulo Tarea Compensacion/Prestamo Liquidacion Periodica/input_Monto Inicial_form_liqui")): Object: 'Object Repository/1-OBJECTS TAREAS PRINCIPALES/Modulo Tarea Compensacion/Prestamo Liquidacion Periodica/input_Monto Inicial_form_liqui' is clicked on

2022-06-10 09:05:12 - [MESSAGE][PASSED] - Object: 'Object Repository/1-OBJECTS TAREAS PRINCIPALES/Modulo Tarea Compensacion/Prestamo Liquidacion Periodica/input_Monto Inicial_form_liqui' is clicked on

2022-06-10 09:05:12 - [TEST_STEP][PASSED] - sendKeys(findTestObject("1-OBJECTS TAREAS PRINCIPALES/Modulo Tarea Compensacion/Prestamo Liquidacion Periodica/input_Monto Inicial_form_liqui"), Keys.chord(CONTROL, "a")): Keys 'CONTROL + a' sent to object: 'Object Repository/1-OBJECTS TAREAS PRINCIPALES/Modulo Tarea Compensacion/Prestamo Liquidacion Periodica/input_Monto Inicial_form_liqui'

2022-06-10 09:05:12 - [MESSAGE][PASSED] - Keys 'CONTROL + a' sent to object: 'Object Repository/1-OBJECTS TAREAS PRINCIPALES/Modulo Tarea Compensacion/Prestamo Liquidacion Periodica/input_Monto Inicial_form_liqui'

2022-06-10 09:05:12 - [TEST_STEP][PASSED] - sendKeys(findTestObject("1-OBJECTS TAREAS PRINCIPALES/Modulo Tarea Compensacion/Prestamo Liquidacion Periodica/input_Monto Inicial_form_liqui"), Keys.chord(BACK_SPACE)): Keys 'BACK_SPACE + ' sent to object: 'Object Repository/1-OBJECTS TAREAS PRINCIPALES/Modulo Tarea Compensacion/Prestamo Liquidacion Periodica/input_Monto Inicial_form_liqui'

2022-06-10 09:05:13 - [MESSAGE][PASSED] - Keys 'BACK_SPACE + ' sent to object: 'Object Repository/1-OBJECTS TAREAS PRINCIPALES/Modulo Tarea Compensacion/Prestamo Liquidacion Periodica/input_Monto Inicial_form_liqui'

2022-06-10 09:05:13 - [TEST_STEP][PASSED] - setText(findTestObject("1-OBJECTS TAREAS PRINCIPALES/Modulo Tarea Compensacion/Prestamo Liquidacion Periodica/input_Monto Inicial_form_liqui"), "3000000"): Text '3000000' is set on object 'Object Repository/1-OBJECTS TAREAS PRINCIPALES/Modulo Tarea Compensacion/Prestamo Liquidacion Periodica/input_Monto Inicial_form_liqui'

2022-06-10 09:05:13 - [MESSAGE][PASSED] - Text '3000000' is set on object 'Object Repository/1-OBJECTS TAREAS PRINCIPALES/Modulo Tarea Compensacion/Prestamo Liquidacion Periodica/input_Monto Inicial_form_liqui'

2022-06-10 09:05:13 - [TEST_STEP][PASSED] - waitForElementClickable(findTestObject("1-OBJECTS TAREAS PRINCIPALES/Modulo Tarea Compensacion/Prestamo Liquidacion Periodica/input_Total Abonado_form_liqui"), 0): Object 'Object Repository/1-OBJECTS TAREAS PRINCIPALES/Modulo Tarea Compensacion/Prestamo Liquidacion Periodica/input_Total Abonado_form_liqui' is clickable

2022-06-10 09:05:13 - [MESSAGE][WARNING] - Timeout '0' is invalid. Using default page load timeout: '37'

2022-06-10 09:05:14 - [MESSAGE][PASSED] - Object 'Object Repository/1-OBJECTS TAREAS PRINCIPALES/Modulo Tarea Compensacion/Prestamo Liquidacion Periodica/input_Total Abonado_form_liqui' is clickable

2022-06-10 09:05:14 - [TEST_STEP][PASSED] - click(findTestObject("1-OBJECTS TAREAS PRINCIPALES/Modulo Tarea Compensacion/Prestamo Liquidacion Periodica/input_Total Abonado_form_liqui")): Object: 'Object Repository/1-OBJECTS TAREAS PRINCIPALES/Modulo Tarea Compensacion/Prestamo Liquidacion Periodica/input_Total Abonado_form_liqui' is clicked on

2022-06-10 09:05:14 - [MESSAGE][PASSED] - Object: 'Object Repository/1-OBJECTS TAREAS PRINCIPALES/Modulo Tarea Compensacion/Prestamo Liquidacion Periodica/input_Total Abonado_form_liqui' is clicked on

2022-06-10 09:05:14 - [TEST_STEP][PASSED] - sendKeys(findTestObject("1-OBJECTS TAREAS PRINCIPALES/Modulo Tarea Compensacion/Prestamo Liquidacion Periodica/input_Total Abonado_form_liqui"), Keys.chord(CONTROL, "a")): Keys 'CONTROL + a' sent to object: 'Object Repository/1-OBJECTS TAREAS PRINCIPALES/Modulo Tarea Compensacion/Prestamo Liquidacion Periodica/input_Total Abonado_form_liqui'

2022-06-10 09:05:15 - [MESSAGE][PASSED] - Keys 'CONTROL + a' sent to object: 'Object Repository/1-OBJECTS TAREAS PRINCIPALES/Modulo Tarea Compensacion/Prestamo Liquidacion Periodica/input_Total Abonado_form_liqui'

2022-06-10 09:05:15 - [TEST_STEP][PASSED] - sendKeys(findTestObject("1-OBJECTS TAREAS PRINCIPALES/Modulo Tarea Compensacion/Prestamo Liquidacion Periodica/input_Total Abonado_form_liqui"), Keys.chord(BACK_SPACE)): Keys 'BACK_SPACE + ' sent to object: 'Object Repository/1-OBJECTS TAREAS PRINCIPALES/Modulo Tarea Compensacion/Prestamo Liquidacion Periodica/input_Total Abonado_form_liqui'

2022-06-10 09:05:15 - [MESSAGE][PASSED] - Keys 'BACK_SPACE + ' sent to object: 'Object Repository/1-OBJECTS TAREAS PRINCIPALES/Modulo Tarea Compensacion/Prestamo Liquidacion Periodica/input_Total Abonado_form_liqui'

2022-06-10 09:05:15 - [TEST_STEP][PASSED] - setText(findTestObject("1-OBJECTS TAREAS PRINCIPALES/Modulo Tarea Compensacion/Prestamo Liquidacion Periodica/input_Total Abonado_form_liqui"), "1500000"): Text '1500000' is set on object 'Object Repository/1-OBJECTS TAREAS PRINCIPALES/Modulo Tarea Compensacion/Prestamo Liquidacion Periodica/input_Total Abonado_form_liqui'

2022-06-10 09:05:16 - [MESSAGE][PASSED] - Text '1500000' is set on object 'Object Repository/1-OBJECTS TAREAS PRINCIPALES/Modulo Tarea Compensacion/Prestamo Liquidacion Periodica/input_Total Abonado_form_liqui'

2022-06-10 09:05:16 - [TEST_STEP][PASSED] - setText(findTestObject("1-OBJECTS TAREAS PRINCIPALES/Modulo Tarea Compensacion/Prestamo Liquidacion Periodica/input_Fecha Inicial _form_liqu"), "01/07/2021"): Text '01/07/2021' is set on object 'Object Repository/1-OBJECTS TAREAS PRINCIPALES/Modulo Tarea Compensacion/Prestamo Liquidacion Periodica/input_Fecha Inicial _form_liqu'

2022-06-10 09:05:17 - [MESSAGE][PASSED] - Text '01/07/2021' is set on object 'Object Repository/1-OBJECTS TAREAS PRINCIPALES/Modulo Tarea Compensacion/Prestamo Liquidacion Periodica/input_Fecha Inicial _form_liqu'

2022-06-10 09:05:17 - [TEST_STEP][PASSED] - sendKeys(findTestObject("1-OBJECTS TAREAS PRINCIPALES/Modulo Tarea Compensacion/Prestamo Liquidacion Periodica/input_Fecha Inicial _form_liqu"), Keys.chord(ENTER)): Keys 'ENTER + ' sent to object: 'Object Repository/1-OBJECTS TAREAS PRINCIPALES/Modulo Tarea Compensacion/Prestamo Liquidacion Periodica/input_Fecha Inicial _form_liqu'

2022-06-10 09:05:17 - [MESSAGE][PASSED] - Keys 'ENTER + ' sent to object: 'Object Repository/1-OBJECTS TAREAS PRINCIPALES/Modulo Tarea Compensacion/Prestamo Liquidacion Periodica/input_Fecha Inicial _form_liqu'

2022-06-10 09:05:17 - [TEST_STEP][PASSED] - setText(findTestObject("1-OBJECTS TAREAS PRINCIPALES/Modulo Tarea Compensacion/Prestamo Liquidacion Periodica/input_Nmero Cuotas_form_liquid"), "15"): Text '15' is set on object 'Object Repository/1-OBJECTS TAREAS PRINCIPALES/Modulo Tarea Compensacion/Prestamo Liquidacion Periodica/input_Nmero Cuotas_form_liquid'

2022-06-10 09:05:18 - [MESSAGE][PASSED] - Text '15' is set on object 'Object Repository/1-OBJECTS TAREAS PRINCIPALES/Modulo Tarea Compensacion/Prestamo Liquidacion Periodica/input_Nmero Cuotas_form_liquid'

2022-06-10 09:05:18 - [TEST_STEP][PASSED] - setText(findTestObject("1-OBJECTS TAREAS PRINCIPALES/Modulo Tarea Compensacion/Prestamo Liquidacion Periodica/input_Documento Beneficiario_f"), "354968431354"): Text '354968431354' is set on object 'Object Repository/1-OBJECTS TAREAS PRINCIPALES/Modulo Tarea Compensacion/Prestamo Liquidacion Periodica/input_Documento Beneficiario_f'

2022-06-10 09:05:19 - [MESSAGE][PASSED] - Text '354968431354' is set on object 'Object Repository/1-OBJECTS TAREAS PRINCIPALES/Modulo Tarea Compensacion/Prestamo Liquidacion Periodica/input_Documento Beneficiario_f'

2022-06-10 09:05:19 - [TEST_STEP][PASSED] - setText(findTestObject("1-OBJECTS TAREAS PRINCIPALES/Modulo Tarea Compensacion/Prestamo Liquidacion Periodica/textarea_Observacin_form_liqui"), "Prueba"): Text 'Prueba' is set on object 'Object Repository/1-OBJECTS TAREAS PRINCIPALES/Modulo Tarea Compensacion/Prestamo Liquidacion Periodica/textarea_Observacin_form_liqui'

2022-06-10 09:05:20 - [MESSAGE][PASSED] - Text 'Prueba' is set on object 'Object Repository/1-OBJECTS TAREAS PRINCIPALES/Modulo Tarea Compensacion/Prestamo Liquidacion Periodica/textarea_Observacin_form_liqui'

2022-06-10 09:05:20 - [TEST_STEP][PASSED] - setText(findTestObject("1-OBJECTS TAREAS PRINCIPALES/Modulo Tarea Compensacion/Prestamo Liquidacion Periodica/input_Fecha Inicial _form_liqu"), "01/07/2021"): Text '01/07/2021' is set on object 'Object Repository/1-OBJECTS TAREAS PRINCIPALES/Modulo Tarea Compensacion/Prestamo Liquidacion Periodica/input_Fecha Inicial _form_liqu'

2022-06-10 09:05:20 - [MESSAGE][PASSED] - Text '01/07/2021' is set on object 'Object Repository/1-OBJECTS TAREAS PRINCIPALES/Modulo Tarea Compensacion/Prestamo Liquidacion Periodica/input_Fecha Inicial _form_liqu'

2022-06-10 09:05:21 - [TEST_STEP][PASSED] - sendKeys(findTestObject("1-OBJECTS TAREAS PRINCIPALES/Modulo Tarea Compensacion/Prestamo Liquidacion Periodica/input_Fecha Inicial _form_liqu"), Keys.chord(ESCAPE)): Keys 'ESCAPE + ' sent to object: 'Object Repository/1-OBJECTS TAREAS PRINCIPALES/Modulo Tarea Compensacion/Prestamo Liquidacion Periodica/input_Fecha Inicial _form_liqu'

2022-06-10 09:05:21 - [MESSAGE][PASSED] - Keys 'ESCAPE + ' sent to object: 'Object Repository/1-OBJECTS TAREAS PRINCIPALES/Modulo Tarea Compensacion/Prestamo Liquidacion Periodica/input_Fecha Inicial _form_liqu'

2022-06-10 09:05:21 - [TEST_STEP][PASSED] - waitForElementClickable(findTestObject("1-OBJECTS TAREAS PRINCIPALES/Modulo Tarea Compensacion/Prestamo Liquidacion Periodica/a_Guardar"), G_TimeOut): Object 'Object Repository/1-OBJECTS TAREAS PRINCIPALES/Modulo Tarea Compensacion/Prestamo Liquidacion Periodica/a_Guardar' is clickable

2022-06-10 09:05:21 - [MESSAGE][PASSED] - Object 'Object Repository/1-OBJECTS TAREAS PRINCIPALES/Modulo Tarea Compensacion/Prestamo Liquidacion Periodica/a_Guardar' is clickable

2022-06-10 09:05:21 - [TEST_STEP][PASSED] - click(findTestObject("1-OBJECTS TAREAS PRINCIPALES/Modulo Tarea Compensacion/Prestamo Liquidacion Periodica/a_Guardar")): Object: 'Object Repository/1-OBJECTS TAREAS PRINCIPALES/Modulo Tarea Compensacion/Prestamo Liquidacion Periodica/a_Guardar' is clicked on

2022-06-10 09:05:22 - [MESSAGE][PASSED] - Object: 'Object Repository/1-OBJECTS TAREAS PRINCIPALES/Modulo Tarea Compensacion/Prestamo Liquidacion Periodica/a_Guardar' is clicked on

2022-06-10 09:05:22 - [TEST_STEP][FAILED] - Result = getText(findTestObject("3-OBJECTS UTILIDADES/Alerta/Alerta")): Unable to get text of object 'Object Repository/3-OBJECTS UTILIDADES/Alerta/Alerta' (Root cause: com.kms.katalon.core.exception.StepFailedException: Unable to get text of object 'Object Repository/3-OBJECTS UTILIDADES/Alerta/Alerta'
	at com.kms.katalon.core.webui.keyword.internal.WebUIKeywordMain.stepFailed(WebUIKeywordMain.groovy:64)
	at com.kms.katalon.core.webui.keyword.internal.WebUIKeywordMain.runKeyword(WebUIKeywordMain.groovy:26)
	at com.kms.katalon.core.webui.keyword.builtin.GetTextKeyword.getText(GetTextKeyword.groovy:88)
	at com.kms.katalon.core.webui.keyword.builtin.GetTextKeyword.execute(GetTextKeyword.groovy:67)
	at com.kms.katalon.core.keyword.internal.KeywordExecutor.executeKeywordForPlatform(KeywordExecutor.groovy:74)
	at com.kms.katalon.core.webui.keyword.WebUiBuiltInKeywords.getText(WebUiBuiltInKeywords.groovy:918)
	at com.kms.katalon.core.webui.keyword.WebUiBuiltInKeywords$getText$13.call(Unknown Source)
	at 1.4.6-Prestamo Liquidacion Periodica.run(1.4.6-Prestamo Liquidacion Periodica:161)
	at com.kms.katalon.core.main.ScriptEngine.run(ScriptEngine.java:194)
	at com.kms.katalon.core.main.ScriptEngine.runScriptAsRawText(ScriptEngine.java:119)
	at com.kms.katalon.core.main.TestCaseExecutor.runScript(TestCaseExecutor.java:445)
	at com.kms.katalon.core.main.TestCaseExecutor.doExecute(TestCaseExecutor.java:436)
	at com.kms.katalon.core.main.TestCaseExecutor.processExecutionPhase(TestCaseExecutor.java:415)
	at com.kms.katalon.core.main.TestCaseExecutor.accessMainPhase(TestCaseExecutor.java:407)
	at com.kms.katalon.core.main.TestCaseExecutor.execute(TestCaseExecutor.java:284)
	at com.kms.katalon.core.common.CommonExecutor.accessTestCaseMainPhase(CommonExecutor.java:65)
	at com.kms.katalon.core.main.TestSuiteExecutor.accessTestSuiteMainPhase(TestSuiteExecutor.java:144)
	at com.kms.katalon.core.main.TestSuiteExecutor.execute(TestSuiteExecutor.java:106)
	at com.kms.katalon.core.main.TestCaseMain.startTestSuite(TestCaseMain.java:185)
	at com.kms.katalon.core.main.TestCaseMain$startTestSuite$0.call(Unknown Source)
	at TempTestSuite1654867643956.run(TempTestSuite1654867643956.groovy:36)
Caused by: com.kms.katalon.core.webui.exception.WebElementNotFoundException: Web element with id: 'Object Repository/3-OBJECTS UTILIDADES/Alerta/Alerta' located by '//div[@id='growl_container']/div/div/div[2]/p' not found
	at com.kms.katalon.core.webui.common.WebUiCommonHelper.findWebElement(WebUiCommonHelper.java:1370)
	at com.kms.katalon.core.webui.keyword.internal.WebUIAbstractKeyword.findWebElement(WebUIAbstractKeyword.groovy:27)
	at com.kms.katalon.core.webui.keyword.internal.WebUIAbstractKeyword.findWebElement(WebUIAbstractKeyword.groovy:26)
	at com.kms.katalon.core.webui.keyword.builtin.GetTextKeyword$_getText_closure1.doCall(GetTextKeyword.groovy:78)
	at com.kms.katalon.core.webui.keyword.builtin.GetTextKeyword$_getText_closure1.call(GetTextKeyword.groovy)
	at com.kms.katalon.core.webui.keyword.internal.WebUIKeywordMain.runKeyword(WebUIKeywordMain.groovy:20)
	at com.kms.katalon.core.webui.keyword.builtin.GetTextKeyword.getText(GetTextKeyword.groovy:88)
	at com.kms.katalon.core.webui.keyword.builtin.GetTextKeyword.execute(GetTextKeyword.groovy:67)
	at com.kms.katalon.core.keyword.internal.KeywordExecutor.executeKeywordForPlatform(KeywordExecutor.groovy:74)
	at com.kms.katalon.core.webui.keyword.WebUiBuiltInKeywords.getText(WebUiBuiltInKeywords.groovy:918)
	at com.kms.katalon.core.webui.keyword.WebUiBuiltInKeywords$getText$13.call(Unknown Source)
	at Script1548866472124.run(Script1548866472124.groovy:161)
	... 13 more
)

2022-06-10 09:06:00 - [MESSAGE][INFO] - Unable to find the element located by 'By.xpath: //div[@id='growl_container']/div/div/div[2]/p'. Please recheck the objects properties to make sure the desired element is located. 

2022-06-10 09:06:00 - [MESSAGE][FAILED] - Unable to get text of object 'Object Repository/3-OBJECTS UTILIDADES/Alerta/Alerta' (Root cause: com.kms.katalon.core.exception.StepFailedException: Unable to get text of object 'Object Repository/3-OBJECTS UTILIDADES/Alerta/Alerta'
	at com.kms.katalon.core.webui.keyword.internal.WebUIKeywordMain.stepFailed(WebUIKeywordMain.groovy:64)
	at com.kms.katalon.core.webui.keyword.internal.WebUIKeywordMain.runKeyword(WebUIKeywordMain.groovy:26)
	at com.kms.katalon.core.webui.keyword.builtin.GetTextKeyword.getText(GetTextKeyword.groovy:88)
	at com.kms.katalon.core.webui.keyword.builtin.GetTextKeyword.execute(GetTextKeyword.groovy:67)
	at com.kms.katalon.core.keyword.internal.KeywordExecutor.executeKeywordForPlatform(KeywordExecutor.groovy:74)
	at com.kms.katalon.core.webui.keyword.WebUiBuiltInKeywords.getText(WebUiBuiltInKeywords.groovy:918)
	at com.kms.katalon.core.webui.keyword.WebUiBuiltInKeywords$getText$13.call(Unknown Source)
	at 1.4.6-Prestamo Liquidacion Periodica.run(1.4.6-Prestamo Liquidacion Periodica:161)
	at com.kms.katalon.core.main.ScriptEngine.run(ScriptEngine.java:194)
	at com.kms.katalon.core.main.ScriptEngine.runScriptAsRawText(ScriptEngine.java:119)
	at com.kms.katalon.core.main.TestCaseExecutor.runScript(TestCaseExecutor.java:445)
	at com.kms.katalon.core.main.TestCaseExecutor.doExecute(TestCaseExecutor.java:436)
	at com.kms.katalon.core.main.TestCaseExecutor.processExecutionPhase(TestCaseExecutor.java:415)
	at com.kms.katalon.core.main.TestCaseExecutor.accessMainPhase(TestCaseExecutor.java:407)
	at com.kms.katalon.core.main.TestCaseExecutor.execute(TestCaseExecutor.java:284)
	at com.kms.katalon.core.common.CommonExecutor.accessTestCaseMainPhase(CommonExecutor.java:65)
	at com.kms.katalon.core.main.TestSuiteExecutor.accessTestSuiteMainPhase(TestSuiteExecutor.java:144)
	at com.kms.katalon.core.main.TestSuiteExecutor.execute(TestSuiteExecutor.java:106)
	at com.kms.katalon.core.main.TestCaseMain.startTestSuite(TestCaseMain.java:185)
	at com.kms.katalon.core.main.TestCaseMain$startTestSuite$0.call(Unknown Source)
	at TempTestSuite1654867643956.run(TempTestSuite1654867643956.groovy:36)
Caused by: com.kms.katalon.core.webui.exception.WebElementNotFoundException: Web element with id: 'Object Repository/3-OBJECTS UTILIDADES/Alerta/Alerta' located by '//div[@id='growl_container']/div/div/div[2]/p' not found
	at com.kms.katalon.core.webui.common.WebUiCommonHelper.findWebElement(WebUiCommonHelper.java:1370)
	at com.kms.katalon.core.webui.keyword.internal.WebUIAbstractKeyword.findWebElement(WebUIAbstractKeyword.groovy:27)
	at com.kms.katalon.core.webui.keyword.internal.WebUIAbstractKeyword.findWebElement(WebUIAbstractKeyword.groovy:26)
	at com.kms.katalon.core.webui.keyword.builtin.GetTextKeyword$_getText_closure1.doCall(GetTextKeyword.groovy:78)
	at com.kms.katalon.core.webui.keyword.builtin.GetTextKeyword$_getText_closure1.call(GetTextKeyword.groovy)
	at com.kms.katalon.core.webui.keyword.internal.WebUIKeywordMain.runKeyword(WebUIKeywordMain.groovy:20)
	at com.kms.katalon.core.webui.keyword.builtin.GetTextKeyword.getText(GetTextKeyword.groovy:88)
	at com.kms.katalon.core.webui.keyword.builtin.GetTextKeyword.execute(GetTextKeyword.groovy:67)
	at com.kms.katalon.core.keyword.internal.KeywordExecutor.executeKeywordForPlatform(KeywordExecutor.groovy:74)
	at com.kms.katalon.core.webui.keyword.WebUiBuiltInKeywords.getText(WebUiBuiltInKeywords.groovy:918)
	at com.kms.katalon.core.webui.keyword.WebUiBuiltInKeywords$getText$13.call(Unknown Source)
	at Script1548866472124.run(Script1548866472124.groovy:161)
	... 13 more
)
[[ATTACHMENT|C:\\Users\\diego.rojas\\git\\Pruebas-Minimas\\Reports\\20220610_082723\\Test_Suite_Principales\\1-Tareas Principales\\20220610_082723\\1654869960601.png]]]]></system-out>
         <system-err><![CDATA[2022-06-10 09:04:52 - [TEST_CASE][FAILED] - Test Cases/1.1-Tareas Principales/1.4.6-Prestamo Liquidacion Periodica: Test Cases/1.1-Tareas Principales/1.4.6-Prestamo Liquidacion Periodica FAILED.
Reason:
com.kms.katalon.core.exception.StepFailedException: Unable to get text of object 'Object Repository/3-OBJECTS UTILIDADES/Alerta/Alerta'
	at com.kms.katalon.core.webui.keyword.internal.WebUIKeywordMain.stepFailed(WebUIKeywordMain.groovy:64)
	at com.kms.katalon.core.webui.keyword.internal.WebUIKeywordMain.runKeyword(WebUIKeywordMain.groovy:26)
	at com.kms.katalon.core.webui.keyword.builtin.GetTextKeyword.getText(GetTextKeyword.groovy:88)
	at com.kms.katalon.core.webui.keyword.builtin.GetTextKeyword.execute(GetTextKeyword.groovy:67)
	at com.kms.katalon.core.keyword.internal.KeywordExecutor.executeKeywordForPlatform(KeywordExecutor.groovy:74)
	at com.kms.katalon.core.webui.keyword.WebUiBuiltInKeywords.getText(WebUiBuiltInKeywords.groovy:918)
	at com.kms.katalon.core.webui.keyword.WebUiBuiltInKeywords$getText$13.call(Unknown Source)
	at 1.4.6-Prestamo Liquidacion Periodica.run(1.4.6-Prestamo Liquidacion Periodica:161)
	at com.kms.katalon.core.main.ScriptEngine.run(ScriptEngine.java:194)
	at com.kms.katalon.core.main.ScriptEngine.runScriptAsRawText(ScriptEngine.java:119)
	at com.kms.katalon.core.main.TestCaseExecutor.runScript(TestCaseExecutor.java:445)
	at com.kms.katalon.core.main.TestCaseExecutor.doExecute(TestCaseExecutor.java:436)
	at com.kms.katalon.core.main.TestCaseExecutor.processExecutionPhase(TestCaseExecutor.java:415)
	at com.kms.katalon.core.main.TestCaseExecutor.accessMainPhase(TestCaseExecutor.java:407)
	at com.kms.katalon.core.main.TestCaseExecutor.execute(TestCaseExecutor.java:284)
	at com.kms.katalon.core.common.CommonExecutor.accessTestCaseMainPhase(CommonExecutor.java:65)
	at com.kms.katalon.core.main.TestSuiteExecutor.accessTestSuiteMainPhase(TestSuiteExecutor.java:144)
	at com.kms.katalon.core.main.TestSuiteExecutor.execute(TestSuiteExecutor.java:106)
	at com.kms.katalon.core.main.TestCaseMain.startTestSuite(TestCaseMain.java:185)
	at com.kms.katalon.core.main.TestCaseMain$startTestSuite$0.call(Unknown Source)
	at TempTestSuite1654867643956.run(TempTestSuite1654867643956.groovy:36)
Caused by: com.kms.katalon.core.webui.exception.WebElementNotFoundException: Web element with id: 'Object Repository/3-OBJECTS UTILIDADES/Alerta/Alerta' located by '//div[@id='growl_container']/div/div/div[2]/p' not found
	at com.kms.katalon.core.webui.common.WebUiCommonHelper.findWebElement(WebUiCommonHelper.java:1370)
	at com.kms.katalon.core.webui.keyword.internal.WebUIAbstractKeyword.findWebElement(WebUIAbstractKeyword.groovy:27)
	at com.kms.katalon.core.webui.keyword.internal.WebUIAbstractKeyword.findWebElement(WebUIAbstractKeyword.groovy:26)
	at com.kms.katalon.core.webui.keyword.builtin.GetTextKeyword$_getText_closure1.doCall(GetTextKeyword.groovy:78)
	at com.kms.katalon.core.webui.keyword.builtin.GetTextKeyword$_getText_closure1.call(GetTextKeyword.groovy)
	at com.kms.katalon.core.webui.keyword.internal.WebUIKeywordMain.runKeyword(WebUIKeywordMain.groovy:20)
	... 19 more]]></system-err>
      </testcase>
      <testcase name="Test Cases/1.1-Tareas Principales/1.4.7-Liquidacion concepto de Nomina" time="60.98" classname="Test Cases/1.1-Tareas Principales/1.4.7-Liquidacion concepto de Nomina" status="FAILED">
         <failure type="FAILED" message="Test Cases/1.1-Tareas Principales/1.4.7-Liquidacion concepto de Nomina FAILED.
Reason:
com.kms.katalon.core.exception.StepFailedException: Unable to get text of object 'Object Repository/3-OBJECTS UTILIDADES/Alerta/Alerta'
	at com.kms.katalon.core.webui.keyword.internal.WebUIKeywordMain.stepFailed(WebUIKeywordMain.groovy:64)
	at com.kms.katalon.core.webui.keyword.internal.WebUIKeywordMain.runKeyword(WebUIKeywordMain.groovy:26)
	at com.kms.katalon.core.webui.keyword.builtin.GetTextKeyword.getText(GetTextKeyword.groovy:88)
	at com.kms.katalon.core.webui.keyword.builtin.GetTextKeyword.execute(GetTextKeyword.groovy:67)
	at com.kms.katalon.core.keyword.internal.KeywordExecutor.executeKeywordForPlatform(KeywordExecutor.groovy:74)
	at com.kms.katalon.core.webui.keyword.WebUiBuiltInKeywords.getText(WebUiBuiltInKeywords.groovy:918)
	at com.kms.katalon.core.webui.keyword.WebUiBuiltInKeywords$getText$13.call(Unknown Source)
	at 1.4.7-Liquidacion concepto de Nomina.run(1.4.7-Liquidacion concepto de Nomina:76)
	at com.kms.katalon.core.main.ScriptEngine.run(ScriptEngine.java:194)
	at com.kms.katalon.core.main.ScriptEngine.runScriptAsRawText(ScriptEngine.java:119)
	at com.kms.katalon.core.main.TestCaseExecutor.runScript(TestCaseExecutor.java:445)
	at com.kms.katalon.core.main.TestCaseExecutor.doExecute(TestCaseExecutor.java:436)
	at com.kms.katalon.core.main.TestCaseExecutor.processExecutionPhase(TestCaseExecutor.java:415)
	at com.kms.katalon.core.main.TestCaseExecutor.accessMainPhase(TestCaseExecutor.java:407)
	at com.kms.katalon.core.main.TestCaseExecutor.execute(TestCaseExecutor.java:284)
	at com.kms.katalon.core.common.CommonExecutor.accessTestCaseMainPhase(CommonExecutor.java:65)
	at com.kms.katalon.core.main.TestSuiteExecutor.accessTestSuiteMainPhase(TestSuiteExecutor.java:144)
	at com.kms.katalon.core.main.TestSuiteExecutor.execute(TestSuiteExecutor.java:106)
	at com.kms.katalon.core.main.TestCaseMain.startTestSuite(TestCaseMain.java:185)
	at com.kms.katalon.core.main.TestCaseMain$startTestSuite$0.call(Unknown Source)
	at TempTestSuite1654867643956.run(TempTestSuite1654867643956.groovy:36)
Caused by: com.kms.katalon.core.webui.exception.WebElementNotFoundException: Web element with id: 'Object Repository/3-OBJECTS UTILIDADES/Alerta/Alerta' located by '//div[@id='growl_container']/div/div/div[2]/p' not found
	at com.kms.katalon.core.webui.common.WebUiCommonHelper.findWebElement(WebUiCommonHelper.java:1370)
	at com.kms.katalon.core.webui.keyword.internal.WebUIAbstractKeyword.findWebElement(WebUIAbstractKeyword.groovy:27)
	at com.kms.katalon.core.webui.keyword.internal.WebUIAbstractKeyword.findWebElement(WebUIAbstractKeyword.groovy:26)
	at com.kms.katalon.core.webui.keyword.builtin.GetTextKeyword$_getText_closure1.doCall(GetTextKeyword.groovy:78)
	at com.kms.katalon.core.webui.keyword.builtin.GetTextKeyword$_getText_closure1.call(GetTextKeyword.groovy)
	at com.kms.katalon.core.webui.keyword.internal.WebUIKeywordMain.runKeyword(WebUIKeywordMain.groovy:20)
	... 19 more
"/>
         <system-out><![CDATA[2022-06-10 09:06:00 - [TEST_CASE][FAILED] - Test Cases/1.1-Tareas Principales/1.4.7-Liquidacion concepto de Nomina: Test Cases/1.1-Tareas Principales/1.4.7-Liquidacion concepto de Nomina FAILED.
Reason:
com.kms.katalon.core.exception.StepFailedException: Unable to get text of object 'Object Repository/3-OBJECTS UTILIDADES/Alerta/Alerta'
	at com.kms.katalon.core.webui.keyword.internal.WebUIKeywordMain.stepFailed(WebUIKeywordMain.groovy:64)
	at com.kms.katalon.core.webui.keyword.internal.WebUIKeywordMain.runKeyword(WebUIKeywordMain.groovy:26)
	at com.kms.katalon.core.webui.keyword.builtin.GetTextKeyword.getText(GetTextKeyword.groovy:88)
	at com.kms.katalon.core.webui.keyword.builtin.GetTextKeyword.execute(GetTextKeyword.groovy:67)
	at com.kms.katalon.core.keyword.internal.KeywordExecutor.executeKeywordForPlatform(KeywordExecutor.groovy:74)
	at com.kms.katalon.core.webui.keyword.WebUiBuiltInKeywords.getText(WebUiBuiltInKeywords.groovy:918)
	at com.kms.katalon.core.webui.keyword.WebUiBuiltInKeywords$getText$13.call(Unknown Source)
	at 1.4.7-Liquidacion concepto de Nomina.run(1.4.7-Liquidacion concepto de Nomina:76)
	at com.kms.katalon.core.main.ScriptEngine.run(ScriptEngine.java:194)
	at com.kms.katalon.core.main.ScriptEngine.runScriptAsRawText(ScriptEngine.java:119)
	at com.kms.katalon.core.main.TestCaseExecutor.runScript(TestCaseExecutor.java:445)
	at com.kms.katalon.core.main.TestCaseExecutor.doExecute(TestCaseExecutor.java:436)
	at com.kms.katalon.core.main.TestCaseExecutor.processExecutionPhase(TestCaseExecutor.java:415)
	at com.kms.katalon.core.main.TestCaseExecutor.accessMainPhase(TestCaseExecutor.java:407)
	at com.kms.katalon.core.main.TestCaseExecutor.execute(TestCaseExecutor.java:284)
	at com.kms.katalon.core.common.CommonExecutor.accessTestCaseMainPhase(CommonExecutor.java:65)
	at com.kms.katalon.core.main.TestSuiteExecutor.accessTestSuiteMainPhase(TestSuiteExecutor.java:144)
	at com.kms.katalon.core.main.TestSuiteExecutor.execute(TestSuiteExecutor.java:106)
	at com.kms.katalon.core.main.TestCaseMain.startTestSuite(TestCaseMain.java:185)
	at com.kms.katalon.core.main.TestCaseMain$startTestSuite$0.call(Unknown Source)
	at TempTestSuite1654867643956.run(TempTestSuite1654867643956.groovy:36)
Caused by: com.kms.katalon.core.webui.exception.WebElementNotFoundException: Web element with id: 'Object Repository/3-OBJECTS UTILIDADES/Alerta/Alerta' located by '//div[@id='growl_container']/div/div/div[2]/p' not found
	at com.kms.katalon.core.webui.common.WebUiCommonHelper.findWebElement(WebUiCommonHelper.java:1370)
	at com.kms.katalon.core.webui.keyword.internal.WebUIAbstractKeyword.findWebElement(WebUIAbstractKeyword.groovy:27)
	at com.kms.katalon.core.webui.keyword.internal.WebUIAbstractKeyword.findWebElement(WebUIAbstractKeyword.groovy:26)
	at com.kms.katalon.core.webui.keyword.builtin.GetTextKeyword$_getText_closure1.doCall(GetTextKeyword.groovy:78)
	at com.kms.katalon.core.webui.keyword.builtin.GetTextKeyword$_getText_closure1.call(GetTextKeyword.groovy)
	at com.kms.katalon.core.webui.keyword.internal.WebUIKeywordMain.runKeyword(WebUIKeywordMain.groovy:20)
	... 19 more


2022-06-10 09:06:01 - [TEST_STEP][PASSED] - callTestCase(findTestCase("Utilidades-(atajos_para _tareas)/Tareas Administracion Compensacion/Tarea Liquidacion Nomina"), [:], STOP_ON_FAILURE): Call Test Case 'Test Cases/Utilidades-(atajos_para _tareas)/Tareas Administracion Compensacion/Tarea Liquidacion Nomina' successfully

2022-06-10 09:06:01 - [TEST_CASE][PASSED] - Test Cases/Utilidades-(atajos_para _tareas)/Tareas Administracion Compensacion/Tarea Liquidacion Nomina: Test Cases/Utilidades-(atajos_para _tareas)/Tareas Administracion Compensacion/Tarea Liquidacion Nomina

2022-06-10 09:06:01 - [TEST_STEP][PASSED] - callTestCase(findTestCase("0.1-Login"), [:], STOP_ON_FAILURE): Call Test Case 'Test Cases/0.1-Login' successfully

2022-06-10 09:06:01 - [TEST_CASE][PASSED] - Test Cases/0.1-Login: Test Cases/0.1-Login

2022-06-10 09:06:01 - [TEST_STEP][PASSED] - openBrowser(""): Browser is opened with url: ''

2022-06-10 09:06:01 - [MESSAGE][WARNING] - A browser is already opened. Closing browser and opening a new one

2022-06-10 09:06:01 - [MESSAGE][INFO] - Starting 'Chrome' driver

2022-06-10 09:06:01 - [MESSAGE][INFO] - Action delay is set to 0 milliseconds

2022-06-10 09:06:03 - [MESSAGE][PASSED] - Browser is opened with url: ''

2022-06-10 09:06:03 - [TEST_STEP][PASSED] - maximizeWindow(): Current window maximized

2022-06-10 09:06:03 - [MESSAGE][PASSED] - Current window maximized

2022-06-10 09:06:03 - [TEST_STEP][PASSED] - i = G_Login: null

2022-06-10 09:06:03 - [TEST_STEP][PASSED] - url = new java.net.URL(i): null

2022-06-10 09:06:03 - [TEST_STEP][PASSED] - println("URL: " + url.toString()): null

2022-06-10 09:06:03 - [TEST_STEP][PASSED] - connection = url.openConnection(): null

2022-06-10 09:06:03 - [TEST_STEP][PASSED] - connection.setRequestMethod("GET"): null

2022-06-10 09:06:03 - [TEST_STEP][PASSED] - connection.setReadTimeout(2 * 1000): null

2022-06-10 09:06:03 - [TEST_STEP][PASSED] - try: null

2022-06-10 09:06:03 - [TEST_STEP][PASSED] - connection.connect(): null

2022-06-10 09:06:03 - [TEST_STEP][PASSED] - flag = connected: null

2022-06-10 09:06:03 - [TEST_STEP][PASSED] - println("Valor_ori: " + flag): null

2022-06-10 09:06:03 - [TEST_STEP][PASSED] - if (flag): null

2022-06-10 09:06:03 - [TEST_STEP][PASSED] - navigateToUrl(i): Navigate to 'http://192.168.2.19:8380/saraweb' successfully

2022-06-10 09:06:03 - [MESSAGE][PASSED] - Navigate to 'http://192.168.2.19:8380/saraweb' successfully

2022-06-10 09:06:03 - [TEST_STEP][PASSED] - a(): null

2022-06-10 09:06:03 - [TEST_STEP][PASSED] - setText(findTestObject("3-OBJECTS UTILIDADES/Login/input_USUARIO_loginusuario"), G_Usuario): Text 'saraadmin' is set on object 'Object Repository/3-OBJECTS UTILIDADES/Login/input_USUARIO_loginusuario'

2022-06-10 09:06:04 - [MESSAGE][PASSED] - Text 'saraadmin' is set on object 'Object Repository/3-OBJECTS UTILIDADES/Login/input_USUARIO_loginusuario'

2022-06-10 09:06:04 - [TEST_STEP][PASSED] - setEncryptedText(findTestObject("3-OBJECTS UTILIDADES/Login/input_CLAVE_loginpassword"), "MkG4/TYiCFC3cb2driP7+Q=="): Text ****** has been set on object 'Object Repository/3-OBJECTS UTILIDADES/Login/input_CLAVE_loginpassword'

2022-06-10 09:06:04 - [MESSAGE][PASSED] - Text ****** has been set on object 'Object Repository/3-OBJECTS UTILIDADES/Login/input_CLAVE_loginpassword'

2022-06-10 09:06:04 - [TEST_STEP][PASSED] - waitForElementClickable(findTestObject("3-OBJECTS UTILIDADES/Login/a_Ingresar"), G_TimeOut): Object 'Object Repository/3-OBJECTS UTILIDADES/Login/a_Ingresar' is clickable

2022-06-10 09:06:05 - [MESSAGE][PASSED] - Object 'Object Repository/3-OBJECTS UTILIDADES/Login/a_Ingresar' is clickable

2022-06-10 09:06:05 - [TEST_STEP][PASSED] - click(findTestObject("3-OBJECTS UTILIDADES/Login/a_Ingresar")): Object: 'Object Repository/3-OBJECTS UTILIDADES/Login/a_Ingresar' is clicked on

2022-06-10 09:06:06 - [MESSAGE][PASSED] - Object: 'Object Repository/3-OBJECTS UTILIDADES/Login/a_Ingresar' is clicked on

2022-06-10 09:06:06 - [TEST_STEP][PASSED] - element = findWebElement(findTestObject("3-OBJECTS UTILIDADES/Login/a_Ir"), 30): null

2022-06-10 09:06:07 - [TEST_STEP][PASSED] - executeJavaScript("arguments[0].click()", Arrays.asList(element)): Execute JavaScript 'arguments[0].click()' successfully

2022-06-10 09:06:07 - [MESSAGE][PASSED] - Execute JavaScript 'arguments[0].click()' successfully

2022-06-10 09:06:07 - [MESSAGE][PASSED] - Call Test Case 'Test Cases/0.1-Login' successfully

2022-06-10 09:06:07 - [TEST_STEP][PASSED] - setText(findTestObject("1-OBJECTS TAREAS PRINCIPALES/Modulo Tarea Compensacion/Tarea Liquidacion Nomina/input_Listado de Empleados_"), "Liquidacion Nomina"): Text 'Liquidacion Nomina' is set on object 'Object Repository/1-OBJECTS TAREAS PRINCIPALES/Modulo Tarea Compensacion/Tarea Liquidacion Nomina/input_Listado de Empleados_'

2022-06-10 09:06:08 - [MESSAGE][PASSED] - Text 'Liquidacion Nomina' is set on object 'Object Repository/1-OBJECTS TAREAS PRINCIPALES/Modulo Tarea Compensacion/Tarea Liquidacion Nomina/input_Listado de Empleados_'

2022-06-10 09:06:08 - [TEST_STEP][PASSED] - waitForElementVisible(findTestObject("1-OBJECTS TAREAS PRINCIPALES/Modulo Tarea Compensacion/Tarea Liquidacion Nomina/span_Liquidacion Nomina"), 0): Object 'Object Repository/1-OBJECTS TAREAS PRINCIPALES/Modulo Tarea Compensacion/Tarea Liquidacion Nomina/span_Liquidacion Nomina' is visible

2022-06-10 09:06:08 - [MESSAGE][WARNING] - Timeout '0' is invalid. Using default page load timeout: '37'

2022-06-10 09:06:09 - [MESSAGE][PASSED] - Object 'Object Repository/1-OBJECTS TAREAS PRINCIPALES/Modulo Tarea Compensacion/Tarea Liquidacion Nomina/span_Liquidacion Nomina' is visible

2022-06-10 09:06:09 - [TEST_STEP][PASSED] - click(findTestObject("1-OBJECTS TAREAS PRINCIPALES/Modulo Tarea Compensacion/Tarea Liquidacion Nomina/span_Liquidacion Nomina")): Object: 'Object Repository/1-OBJECTS TAREAS PRINCIPALES/Modulo Tarea Compensacion/Tarea Liquidacion Nomina/span_Liquidacion Nomina' is clicked on

2022-06-10 09:06:09 - [MESSAGE][PASSED] - Object: 'Object Repository/1-OBJECTS TAREAS PRINCIPALES/Modulo Tarea Compensacion/Tarea Liquidacion Nomina/span_Liquidacion Nomina' is clicked on

2022-06-10 09:06:09 - [MESSAGE][PASSED] - Call Test Case 'Test Cases/Utilidades-(atajos_para _tareas)/Tareas Administracion Compensacion/Tarea Liquidacion Nomina' successfully

2022-06-10 09:06:09 - [TEST_STEP][PASSED] - waitForElementClickable(findTestObject("1-OBJECTS TAREAS PRINCIPALES/Modulo Tarea Compensacion/Legalizar licencia Remunerada/Liquidacion Concepto de Nomina/a_Periodo Nomina_Liquidacion"), G_TimeOut): Object 'Object Repository/1-OBJECTS TAREAS PRINCIPALES/Modulo Tarea Compensacion/Legalizar licencia Remunerada/Liquidacion Concepto de Nomina/a_Periodo Nomina_Liquidacion' is clickable

2022-06-10 09:06:10 - [MESSAGE][PASSED] - Object 'Object Repository/1-OBJECTS TAREAS PRINCIPALES/Modulo Tarea Compensacion/Legalizar licencia Remunerada/Liquidacion Concepto de Nomina/a_Periodo Nomina_Liquidacion' is clickable

2022-06-10 09:06:10 - [TEST_STEP][PASSED] - click(findTestObject("1-OBJECTS TAREAS PRINCIPALES/Modulo Tarea Compensacion/Legalizar licencia Remunerada/Liquidacion Concepto de Nomina/a_Periodo Nomina_Liquidacion")): Object: 'Object Repository/1-OBJECTS TAREAS PRINCIPALES/Modulo Tarea Compensacion/Legalizar licencia Remunerada/Liquidacion Concepto de Nomina/a_Periodo Nomina_Liquidacion' is clicked on

2022-06-10 09:06:11 - [MESSAGE][PASSED] - Object: 'Object Repository/1-OBJECTS TAREAS PRINCIPALES/Modulo Tarea Compensacion/Legalizar licencia Remunerada/Liquidacion Concepto de Nomina/a_Periodo Nomina_Liquidacion' is clicked on

2022-06-10 09:06:11 - [TEST_STEP][PASSED] - waitForElementClickable(findTestObject("1-OBJECTS TAREAS PRINCIPALES/Modulo Tarea Compensacion/Legalizar licencia Remunerada/Liquidacion Concepto de Nomina/select_--  Seleccione  --Periodo Cerrado"), G_TimeOut): Object 'Object Repository/1-OBJECTS TAREAS PRINCIPALES/Modulo Tarea Compensacion/Legalizar licencia Remunerada/Liquidacion Concepto de Nomina/select_--  Seleccione  --Periodo Cerrado' is clickable

2022-06-10 09:06:11 - [MESSAGE][PASSED] - Object 'Object Repository/1-OBJECTS TAREAS PRINCIPALES/Modulo Tarea Compensacion/Legalizar licencia Remunerada/Liquidacion Concepto de Nomina/select_--  Seleccione  --Periodo Cerrado' is clickable

2022-06-10 09:06:11 - [TEST_STEP][PASSED] - click(findTestObject("1-OBJECTS TAREAS PRINCIPALES/Modulo Tarea Compensacion/Legalizar licencia Remunerada/Liquidacion Concepto de Nomina/select_--  Seleccione  --Periodo Cerrado")): Object: 'Object Repository/1-OBJECTS TAREAS PRINCIPALES/Modulo Tarea Compensacion/Legalizar licencia Remunerada/Liquidacion Concepto de Nomina/select_--  Seleccione  --Periodo Cerrado' is clicked on

2022-06-10 09:06:12 - [MESSAGE][PASSED] - Object: 'Object Repository/1-OBJECTS TAREAS PRINCIPALES/Modulo Tarea Compensacion/Legalizar licencia Remunerada/Liquidacion Concepto de Nomina/select_--  Seleccione  --Periodo Cerrado' is clicked on

2022-06-10 09:06:12 - [TEST_STEP][PASSED] - selectOptionByIndex(findTestObject("1-OBJECTS TAREAS PRINCIPALES/Modulo Tarea Compensacion/Legalizar licencia Remunerada/Liquidacion Concepto de Nomina/select_--  Seleccione  --Periodo Cerrado"), "2"): All options with index in [2] are selected on object 'Object Repository/1-OBJECTS TAREAS PRINCIPALES/Modulo Tarea Compensacion/Legalizar licencia Remunerada/Liquidacion Concepto de Nomina/select_--  Seleccione  --Periodo Cerrado'

2022-06-10 09:06:13 - [MESSAGE][PASSED] - All options with index in [2] are selected on object 'Object Repository/1-OBJECTS TAREAS PRINCIPALES/Modulo Tarea Compensacion/Legalizar licencia Remunerada/Liquidacion Concepto de Nomina/select_--  Seleccione  --Periodo Cerrado'

2022-06-10 09:06:13 - [TEST_STEP][PASSED] - waitForElementClickable(findTestObject("1-OBJECTS TAREAS PRINCIPALES/Modulo Tarea Compensacion/Legalizar licencia Remunerada/Liquidacion Concepto de Nomina/span_PM202107"), G_TimeOut): Object 'Object Repository/1-OBJECTS TAREAS PRINCIPALES/Modulo Tarea Compensacion/Legalizar licencia Remunerada/Liquidacion Concepto de Nomina/span_PM202107' is clickable

2022-06-10 09:06:13 - [MESSAGE][PASSED] - Object 'Object Repository/1-OBJECTS TAREAS PRINCIPALES/Modulo Tarea Compensacion/Legalizar licencia Remunerada/Liquidacion Concepto de Nomina/span_PM202107' is clickable

2022-06-10 09:06:13 - [TEST_STEP][PASSED] - click(findTestObject("1-OBJECTS TAREAS PRINCIPALES/Modulo Tarea Compensacion/Legalizar licencia Remunerada/Liquidacion Concepto de Nomina/span_PM202107")): Object: 'Object Repository/1-OBJECTS TAREAS PRINCIPALES/Modulo Tarea Compensacion/Legalizar licencia Remunerada/Liquidacion Concepto de Nomina/span_PM202107' is clicked on

2022-06-10 09:06:14 - [MESSAGE][PASSED] - Object: 'Object Repository/1-OBJECTS TAREAS PRINCIPALES/Modulo Tarea Compensacion/Legalizar licencia Remunerada/Liquidacion Concepto de Nomina/span_PM202107' is clicked on

2022-06-10 09:06:14 - [TEST_STEP][PASSED] - waitForElementClickable(findTestObject("1-OBJECTS TAREAS PRINCIPALES/Modulo Tarea Compensacion/Legalizar licencia Remunerada/Liquidacion Concepto de Nomina/a_Nombre Persona_LiquidacionNo"), G_TimeOut): Object 'Object Repository/1-OBJECTS TAREAS PRINCIPALES/Modulo Tarea Compensacion/Legalizar licencia Remunerada/Liquidacion Concepto de Nomina/a_Nombre Persona_LiquidacionNo' is clickable

2022-06-10 09:06:15 - [MESSAGE][PASSED] - Object 'Object Repository/1-OBJECTS TAREAS PRINCIPALES/Modulo Tarea Compensacion/Legalizar licencia Remunerada/Liquidacion Concepto de Nomina/a_Nombre Persona_LiquidacionNo' is clickable

2022-06-10 09:06:15 - [TEST_STEP][PASSED] - click(findTestObject("1-OBJECTS TAREAS PRINCIPALES/Modulo Tarea Compensacion/Legalizar licencia Remunerada/Liquidacion Concepto de Nomina/a_Nombre Persona_LiquidacionNo")): Object: 'Object Repository/1-OBJECTS TAREAS PRINCIPALES/Modulo Tarea Compensacion/Legalizar licencia Remunerada/Liquidacion Concepto de Nomina/a_Nombre Persona_LiquidacionNo' is clicked on

2022-06-10 09:06:15 - [MESSAGE][PASSED] - Object: 'Object Repository/1-OBJECTS TAREAS PRINCIPALES/Modulo Tarea Compensacion/Legalizar licencia Remunerada/Liquidacion Concepto de Nomina/a_Nombre Persona_LiquidacionNo' is clicked on

2022-06-10 09:06:15 - [TEST_STEP][PASSED] - setText(findTestObject("1-OBJECTS TAREAS PRINCIPALES/Modulo Tarea Compensacion/Legalizar licencia Remunerada/Liquidacion Concepto de Nomina/input_close_popupFiltroEmplead"), "1065"): Text '1065' is set on object 'Object Repository/1-OBJECTS TAREAS PRINCIPALES/Modulo Tarea Compensacion/Legalizar licencia Remunerada/Liquidacion Concepto de Nomina/input_close_popupFiltroEmplead'

2022-06-10 09:06:16 - [MESSAGE][PASSED] - Text '1065' is set on object 'Object Repository/1-OBJECTS TAREAS PRINCIPALES/Modulo Tarea Compensacion/Legalizar licencia Remunerada/Liquidacion Concepto de Nomina/input_close_popupFiltroEmplead'

2022-06-10 09:06:16 - [TEST_STEP][PASSED] - sendKeys(findTestObject("1-OBJECTS TAREAS PRINCIPALES/Modulo Tarea Compensacion/Legalizar licencia Remunerada/Liquidacion Concepto de Nomina/input_close_popupFiltroEmplead"), Keys.chord(ENTER)): Keys 'ENTER + ' sent to object: 'Object Repository/1-OBJECTS TAREAS PRINCIPALES/Modulo Tarea Compensacion/Legalizar licencia Remunerada/Liquidacion Concepto de Nomina/input_close_popupFiltroEmplead'

2022-06-10 09:06:17 - [MESSAGE][PASSED] - Keys 'ENTER + ' sent to object: 'Object Repository/1-OBJECTS TAREAS PRINCIPALES/Modulo Tarea Compensacion/Legalizar licencia Remunerada/Liquidacion Concepto de Nomina/input_close_popupFiltroEmplead'

2022-06-10 09:06:17 - [TEST_STEP][PASSED] - waitForElementClickable(findTestObject("1-OBJECTS TAREAS PRINCIPALES/Modulo Tarea Compensacion/Legalizar licencia Remunerada/Liquidacion Concepto de Nomina/span_CONSTA BELFEGORD JHON"), G_TimeOut): Object 'Object Repository/1-OBJECTS TAREAS PRINCIPALES/Modulo Tarea Compensacion/Legalizar licencia Remunerada/Liquidacion Concepto de Nomina/span_CONSTA BELFEGORD JHON' is clickable

2022-06-10 09:06:17 - [MESSAGE][PASSED] - Object 'Object Repository/1-OBJECTS TAREAS PRINCIPALES/Modulo Tarea Compensacion/Legalizar licencia Remunerada/Liquidacion Concepto de Nomina/span_CONSTA BELFEGORD JHON' is clickable

2022-06-10 09:06:17 - [TEST_STEP][PASSED] - click(findTestObject("1-OBJECTS TAREAS PRINCIPALES/Modulo Tarea Compensacion/Legalizar licencia Remunerada/Liquidacion Concepto de Nomina/span_CONSTA BELFEGORD JHON")): Object: 'Object Repository/1-OBJECTS TAREAS PRINCIPALES/Modulo Tarea Compensacion/Legalizar licencia Remunerada/Liquidacion Concepto de Nomina/span_CONSTA BELFEGORD JHON' is clicked on

2022-06-10 09:06:18 - [MESSAGE][PASSED] - Object: 'Object Repository/1-OBJECTS TAREAS PRINCIPALES/Modulo Tarea Compensacion/Legalizar licencia Remunerada/Liquidacion Concepto de Nomina/span_CONSTA BELFEGORD JHON' is clicked on

2022-06-10 09:06:18 - [TEST_STEP][PASSED] - waitForElementClickable(findTestObject("1-OBJECTS TAREAS PRINCIPALES/Modulo Tarea Compensacion/Legalizar licencia Remunerada/Liquidacion Concepto de Nomina/td_Mendoza 1015 Empleado"), G_TimeOut): Object 'Object Repository/1-OBJECTS TAREAS PRINCIPALES/Modulo Tarea Compensacion/Legalizar licencia Remunerada/Liquidacion Concepto de Nomina/td_Mendoza 1015 Empleado' is clickable

2022-06-10 09:06:18 - [MESSAGE][PASSED] - Object 'Object Repository/1-OBJECTS TAREAS PRINCIPALES/Modulo Tarea Compensacion/Legalizar licencia Remunerada/Liquidacion Concepto de Nomina/td_Mendoza 1015 Empleado' is clickable

2022-06-10 09:06:18 - [TEST_STEP][PASSED] - click(findTestObject("1-OBJECTS TAREAS PRINCIPALES/Modulo Tarea Compensacion/Legalizar licencia Remunerada/Liquidacion Concepto de Nomina/td_Mendoza 1015 Empleado")): Object: 'Object Repository/1-OBJECTS TAREAS PRINCIPALES/Modulo Tarea Compensacion/Legalizar licencia Remunerada/Liquidacion Concepto de Nomina/td_Mendoza 1015 Empleado' is clicked on

2022-06-10 09:06:19 - [MESSAGE][PASSED] - Object: 'Object Repository/1-OBJECTS TAREAS PRINCIPALES/Modulo Tarea Compensacion/Legalizar licencia Remunerada/Liquidacion Concepto de Nomina/td_Mendoza 1015 Empleado' is clicked on

2022-06-10 09:06:19 - [TEST_STEP][PASSED] - waitForElementClickable(findTestObject("1-OBJECTS TAREAS PRINCIPALES/Modulo Tarea Compensacion/Legalizar licencia Remunerada/Liquidacion Concepto de Nomina/em_Concepto"), 0): Object 'Object Repository/1-OBJECTS TAREAS PRINCIPALES/Modulo Tarea Compensacion/Legalizar licencia Remunerada/Liquidacion Concepto de Nomina/em_Concepto' is clickable

2022-06-10 09:06:19 - [MESSAGE][WARNING] - Timeout '0' is invalid. Using default page load timeout: '37'

2022-06-10 09:06:21 - [MESSAGE][PASSED] - Object 'Object Repository/1-OBJECTS TAREAS PRINCIPALES/Modulo Tarea Compensacion/Legalizar licencia Remunerada/Liquidacion Concepto de Nomina/em_Concepto' is clickable

2022-06-10 09:06:21 - [TEST_STEP][PASSED] - click(findTestObject("1-OBJECTS TAREAS PRINCIPALES/Modulo Tarea Compensacion/Legalizar licencia Remunerada/Liquidacion Concepto de Nomina/em_Concepto")): Object: 'Object Repository/1-OBJECTS TAREAS PRINCIPALES/Modulo Tarea Compensacion/Legalizar licencia Remunerada/Liquidacion Concepto de Nomina/em_Concepto' is clicked on

2022-06-10 09:06:21 - [MESSAGE][PASSED] - Object: 'Object Repository/1-OBJECTS TAREAS PRINCIPALES/Modulo Tarea Compensacion/Legalizar licencia Remunerada/Liquidacion Concepto de Nomina/em_Concepto' is clicked on

2022-06-10 09:06:21 - [TEST_STEP][PASSED] - waitForElementClickable(findTestObject("1-OBJECTS TAREAS PRINCIPALES/Modulo Tarea Compensacion/Legalizar licencia Remunerada/Liquidacion Concepto de Nomina/span_Liquidar"), G_TimeOut): Object 'Object Repository/1-OBJECTS TAREAS PRINCIPALES/Modulo Tarea Compensacion/Legalizar licencia Remunerada/Liquidacion Concepto de Nomina/span_Liquidar' is clickable

2022-06-10 09:06:22 - [MESSAGE][PASSED] - Object 'Object Repository/1-OBJECTS TAREAS PRINCIPALES/Modulo Tarea Compensacion/Legalizar licencia Remunerada/Liquidacion Concepto de Nomina/span_Liquidar' is clickable

2022-06-10 09:06:22 - [TEST_STEP][PASSED] - click(findTestObject("1-OBJECTS TAREAS PRINCIPALES/Modulo Tarea Compensacion/Legalizar licencia Remunerada/Liquidacion Concepto de Nomina/span_Liquidar")): Object: 'Object Repository/1-OBJECTS TAREAS PRINCIPALES/Modulo Tarea Compensacion/Legalizar licencia Remunerada/Liquidacion Concepto de Nomina/span_Liquidar' is clicked on

2022-06-10 09:06:22 - [MESSAGE][PASSED] - Object: 'Object Repository/1-OBJECTS TAREAS PRINCIPALES/Modulo Tarea Compensacion/Legalizar licencia Remunerada/Liquidacion Concepto de Nomina/span_Liquidar' is clicked on

2022-06-10 09:06:22 - [TEST_STEP][PASSED] - waitForElementClickable(findTestObject("1-OBJECTS TAREAS PRINCIPALES/Modulo Tarea Compensacion/Legalizar licencia Remunerada/Liquidacion Concepto de Nomina/span_Si"), G_TimeOut): Object 'Object Repository/1-OBJECTS TAREAS PRINCIPALES/Modulo Tarea Compensacion/Legalizar licencia Remunerada/Liquidacion Concepto de Nomina/span_Si' is clickable

2022-06-10 09:06:22 - [MESSAGE][PASSED] - Object 'Object Repository/1-OBJECTS TAREAS PRINCIPALES/Modulo Tarea Compensacion/Legalizar licencia Remunerada/Liquidacion Concepto de Nomina/span_Si' is clickable

2022-06-10 09:06:22 - [TEST_STEP][PASSED] - click(findTestObject("1-OBJECTS TAREAS PRINCIPALES/Modulo Tarea Compensacion/Legalizar licencia Remunerada/Liquidacion Concepto de Nomina/span_Si")): Object: 'Object Repository/1-OBJECTS TAREAS PRINCIPALES/Modulo Tarea Compensacion/Legalizar licencia Remunerada/Liquidacion Concepto de Nomina/span_Si' is clicked on

2022-06-10 09:06:23 - [MESSAGE][PASSED] - Object: 'Object Repository/1-OBJECTS TAREAS PRINCIPALES/Modulo Tarea Compensacion/Legalizar licencia Remunerada/Liquidacion Concepto de Nomina/span_Si' is clicked on

2022-06-10 09:06:23 - [TEST_STEP][FAILED] - Result = getText(findTestObject("3-OBJECTS UTILIDADES/Alerta/Alerta")): Unable to get text of object 'Object Repository/3-OBJECTS UTILIDADES/Alerta/Alerta' (Root cause: com.kms.katalon.core.exception.StepFailedException: Unable to get text of object 'Object Repository/3-OBJECTS UTILIDADES/Alerta/Alerta'
	at com.kms.katalon.core.webui.keyword.internal.WebUIKeywordMain.stepFailed(WebUIKeywordMain.groovy:64)
	at com.kms.katalon.core.webui.keyword.internal.WebUIKeywordMain.runKeyword(WebUIKeywordMain.groovy:26)
	at com.kms.katalon.core.webui.keyword.builtin.GetTextKeyword.getText(GetTextKeyword.groovy:88)
	at com.kms.katalon.core.webui.keyword.builtin.GetTextKeyword.execute(GetTextKeyword.groovy:67)
	at com.kms.katalon.core.keyword.internal.KeywordExecutor.executeKeywordForPlatform(KeywordExecutor.groovy:74)
	at com.kms.katalon.core.webui.keyword.WebUiBuiltInKeywords.getText(WebUiBuiltInKeywords.groovy:918)
	at com.kms.katalon.core.webui.keyword.WebUiBuiltInKeywords$getText$13.call(Unknown Source)
	at 1.4.7-Liquidacion concepto de Nomina.run(1.4.7-Liquidacion concepto de Nomina:76)
	at com.kms.katalon.core.main.ScriptEngine.run(ScriptEngine.java:194)
	at com.kms.katalon.core.main.ScriptEngine.runScriptAsRawText(ScriptEngine.java:119)
	at com.kms.katalon.core.main.TestCaseExecutor.runScript(TestCaseExecutor.java:445)
	at com.kms.katalon.core.main.TestCaseExecutor.doExecute(TestCaseExecutor.java:436)
	at com.kms.katalon.core.main.TestCaseExecutor.processExecutionPhase(TestCaseExecutor.java:415)
	at com.kms.katalon.core.main.TestCaseExecutor.accessMainPhase(TestCaseExecutor.java:407)
	at com.kms.katalon.core.main.TestCaseExecutor.execute(TestCaseExecutor.java:284)
	at com.kms.katalon.core.common.CommonExecutor.accessTestCaseMainPhase(CommonExecutor.java:65)
	at com.kms.katalon.core.main.TestSuiteExecutor.accessTestSuiteMainPhase(TestSuiteExecutor.java:144)
	at com.kms.katalon.core.main.TestSuiteExecutor.execute(TestSuiteExecutor.java:106)
	at com.kms.katalon.core.main.TestCaseMain.startTestSuite(TestCaseMain.java:185)
	at com.kms.katalon.core.main.TestCaseMain$startTestSuite$0.call(Unknown Source)
	at TempTestSuite1654867643956.run(TempTestSuite1654867643956.groovy:36)
Caused by: com.kms.katalon.core.webui.exception.WebElementNotFoundException: Web element with id: 'Object Repository/3-OBJECTS UTILIDADES/Alerta/Alerta' located by '//div[@id='growl_container']/div/div/div[2]/p' not found
	at com.kms.katalon.core.webui.common.WebUiCommonHelper.findWebElement(WebUiCommonHelper.java:1370)
	at com.kms.katalon.core.webui.keyword.internal.WebUIAbstractKeyword.findWebElement(WebUIAbstractKeyword.groovy:27)
	at com.kms.katalon.core.webui.keyword.internal.WebUIAbstractKeyword.findWebElement(WebUIAbstractKeyword.groovy:26)
	at com.kms.katalon.core.webui.keyword.builtin.GetTextKeyword$_getText_closure1.doCall(GetTextKeyword.groovy:78)
	at com.kms.katalon.core.webui.keyword.builtin.GetTextKeyword$_getText_closure1.call(GetTextKeyword.groovy)
	at com.kms.katalon.core.webui.keyword.internal.WebUIKeywordMain.runKeyword(WebUIKeywordMain.groovy:20)
	at com.kms.katalon.core.webui.keyword.builtin.GetTextKeyword.getText(GetTextKeyword.groovy:88)
	at com.kms.katalon.core.webui.keyword.builtin.GetTextKeyword.execute(GetTextKeyword.groovy:67)
	at com.kms.katalon.core.keyword.internal.KeywordExecutor.executeKeywordForPlatform(KeywordExecutor.groovy:74)
	at com.kms.katalon.core.webui.keyword.WebUiBuiltInKeywords.getText(WebUiBuiltInKeywords.groovy:918)
	at com.kms.katalon.core.webui.keyword.WebUiBuiltInKeywords$getText$13.call(Unknown Source)
	at Script1548866573720.run(Script1548866573720.groovy:76)
	... 13 more
)

2022-06-10 09:07:01 - [MESSAGE][INFO] - Unable to find the element located by 'By.xpath: //div[@id='growl_container']/div/div/div[2]/p'. Please recheck the objects properties to make sure the desired element is located. 

2022-06-10 09:07:01 - [MESSAGE][FAILED] - Unable to get text of object 'Object Repository/3-OBJECTS UTILIDADES/Alerta/Alerta' (Root cause: com.kms.katalon.core.exception.StepFailedException: Unable to get text of object 'Object Repository/3-OBJECTS UTILIDADES/Alerta/Alerta'
	at com.kms.katalon.core.webui.keyword.internal.WebUIKeywordMain.stepFailed(WebUIKeywordMain.groovy:64)
	at com.kms.katalon.core.webui.keyword.internal.WebUIKeywordMain.runKeyword(WebUIKeywordMain.groovy:26)
	at com.kms.katalon.core.webui.keyword.builtin.GetTextKeyword.getText(GetTextKeyword.groovy:88)
	at com.kms.katalon.core.webui.keyword.builtin.GetTextKeyword.execute(GetTextKeyword.groovy:67)
	at com.kms.katalon.core.keyword.internal.KeywordExecutor.executeKeywordForPlatform(KeywordExecutor.groovy:74)
	at com.kms.katalon.core.webui.keyword.WebUiBuiltInKeywords.getText(WebUiBuiltInKeywords.groovy:918)
	at com.kms.katalon.core.webui.keyword.WebUiBuiltInKeywords$getText$13.call(Unknown Source)
	at 1.4.7-Liquidacion concepto de Nomina.run(1.4.7-Liquidacion concepto de Nomina:76)
	at com.kms.katalon.core.main.ScriptEngine.run(ScriptEngine.java:194)
	at com.kms.katalon.core.main.ScriptEngine.runScriptAsRawText(ScriptEngine.java:119)
	at com.kms.katalon.core.main.TestCaseExecutor.runScript(TestCaseExecutor.java:445)
	at com.kms.katalon.core.main.TestCaseExecutor.doExecute(TestCaseExecutor.java:436)
	at com.kms.katalon.core.main.TestCaseExecutor.processExecutionPhase(TestCaseExecutor.java:415)
	at com.kms.katalon.core.main.TestCaseExecutor.accessMainPhase(TestCaseExecutor.java:407)
	at com.kms.katalon.core.main.TestCaseExecutor.execute(TestCaseExecutor.java:284)
	at com.kms.katalon.core.common.CommonExecutor.accessTestCaseMainPhase(CommonExecutor.java:65)
	at com.kms.katalon.core.main.TestSuiteExecutor.accessTestSuiteMainPhase(TestSuiteExecutor.java:144)
	at com.kms.katalon.core.main.TestSuiteExecutor.execute(TestSuiteExecutor.java:106)
	at com.kms.katalon.core.main.TestCaseMain.startTestSuite(TestCaseMain.java:185)
	at com.kms.katalon.core.main.TestCaseMain$startTestSuite$0.call(Unknown Source)
	at TempTestSuite1654867643956.run(TempTestSuite1654867643956.groovy:36)
Caused by: com.kms.katalon.core.webui.exception.WebElementNotFoundException: Web element with id: 'Object Repository/3-OBJECTS UTILIDADES/Alerta/Alerta' located by '//div[@id='growl_container']/div/div/div[2]/p' not found
	at com.kms.katalon.core.webui.common.WebUiCommonHelper.findWebElement(WebUiCommonHelper.java:1370)
	at com.kms.katalon.core.webui.keyword.internal.WebUIAbstractKeyword.findWebElement(WebUIAbstractKeyword.groovy:27)
	at com.kms.katalon.core.webui.keyword.internal.WebUIAbstractKeyword.findWebElement(WebUIAbstractKeyword.groovy:26)
	at com.kms.katalon.core.webui.keyword.builtin.GetTextKeyword$_getText_closure1.doCall(GetTextKeyword.groovy:78)
	at com.kms.katalon.core.webui.keyword.builtin.GetTextKeyword$_getText_closure1.call(GetTextKeyword.groovy)
	at com.kms.katalon.core.webui.keyword.internal.WebUIKeywordMain.runKeyword(WebUIKeywordMain.groovy:20)
	at com.kms.katalon.core.webui.keyword.builtin.GetTextKeyword.getText(GetTextKeyword.groovy:88)
	at com.kms.katalon.core.webui.keyword.builtin.GetTextKeyword.execute(GetTextKeyword.groovy:67)
	at com.kms.katalon.core.keyword.internal.KeywordExecutor.executeKeywordForPlatform(KeywordExecutor.groovy:74)
	at com.kms.katalon.core.webui.keyword.WebUiBuiltInKeywords.getText(WebUiBuiltInKeywords.groovy:918)
	at com.kms.katalon.core.webui.keyword.WebUiBuiltInKeywords$getText$13.call(Unknown Source)
	at Script1548866573720.run(Script1548866573720.groovy:76)
	... 13 more
)
[[ATTACHMENT|C:\\Users\\diego.rojas\\git\\Pruebas-Minimas\\Reports\\20220610_082723\\Test_Suite_Principales\\1-Tareas Principales\\20220610_082723\\1654870021570.png]]]]></system-out>
         <system-err><![CDATA[2022-06-10 09:06:00 - [TEST_CASE][FAILED] - Test Cases/1.1-Tareas Principales/1.4.7-Liquidacion concepto de Nomina: Test Cases/1.1-Tareas Principales/1.4.7-Liquidacion concepto de Nomina FAILED.
Reason:
com.kms.katalon.core.exception.StepFailedException: Unable to get text of object 'Object Repository/3-OBJECTS UTILIDADES/Alerta/Alerta'
	at com.kms.katalon.core.webui.keyword.internal.WebUIKeywordMain.stepFailed(WebUIKeywordMain.groovy:64)
	at com.kms.katalon.core.webui.keyword.internal.WebUIKeywordMain.runKeyword(WebUIKeywordMain.groovy:26)
	at com.kms.katalon.core.webui.keyword.builtin.GetTextKeyword.getText(GetTextKeyword.groovy:88)
	at com.kms.katalon.core.webui.keyword.builtin.GetTextKeyword.execute(GetTextKeyword.groovy:67)
	at com.kms.katalon.core.keyword.internal.KeywordExecutor.executeKeywordForPlatform(KeywordExecutor.groovy:74)
	at com.kms.katalon.core.webui.keyword.WebUiBuiltInKeywords.getText(WebUiBuiltInKeywords.groovy:918)
	at com.kms.katalon.core.webui.keyword.WebUiBuiltInKeywords$getText$13.call(Unknown Source)
	at 1.4.7-Liquidacion concepto de Nomina.run(1.4.7-Liquidacion concepto de Nomina:76)
	at com.kms.katalon.core.main.ScriptEngine.run(ScriptEngine.java:194)
	at com.kms.katalon.core.main.ScriptEngine.runScriptAsRawText(ScriptEngine.java:119)
	at com.kms.katalon.core.main.TestCaseExecutor.runScript(TestCaseExecutor.java:445)
	at com.kms.katalon.core.main.TestCaseExecutor.doExecute(TestCaseExecutor.java:436)
	at com.kms.katalon.core.main.TestCaseExecutor.processExecutionPhase(TestCaseExecutor.java:415)
	at com.kms.katalon.core.main.TestCaseExecutor.accessMainPhase(TestCaseExecutor.java:407)
	at com.kms.katalon.core.main.TestCaseExecutor.execute(TestCaseExecutor.java:284)
	at com.kms.katalon.core.common.CommonExecutor.accessTestCaseMainPhase(CommonExecutor.java:65)
	at com.kms.katalon.core.main.TestSuiteExecutor.accessTestSuiteMainPhase(TestSuiteExecutor.java:144)
	at com.kms.katalon.core.main.TestSuiteExecutor.execute(TestSuiteExecutor.java:106)
	at com.kms.katalon.core.main.TestCaseMain.startTestSuite(TestCaseMain.java:185)
	at com.kms.katalon.core.main.TestCaseMain$startTestSuite$0.call(Unknown Source)
	at TempTestSuite1654867643956.run(TempTestSuite1654867643956.groovy:36)
Caused by: com.kms.katalon.core.webui.exception.WebElementNotFoundException: Web element with id: 'Object Repository/3-OBJECTS UTILIDADES/Alerta/Alerta' located by '//div[@id='growl_container']/div/div/div[2]/p' not found
	at com.kms.katalon.core.webui.common.WebUiCommonHelper.findWebElement(WebUiCommonHelper.java:1370)
	at com.kms.katalon.core.webui.keyword.internal.WebUIAbstractKeyword.findWebElement(WebUIAbstractKeyword.groovy:27)
	at com.kms.katalon.core.webui.keyword.internal.WebUIAbstractKeyword.findWebElement(WebUIAbstractKeyword.groovy:26)
	at com.kms.katalon.core.webui.keyword.builtin.GetTextKeyword$_getText_closure1.doCall(GetTextKeyword.groovy:78)
	at com.kms.katalon.core.webui.keyword.builtin.GetTextKeyword$_getText_closure1.call(GetTextKeyword.groovy)
	at com.kms.katalon.core.webui.keyword.internal.WebUIKeywordMain.runKeyword(WebUIKeywordMain.groovy:20)
	... 19 more]]></system-err>
      </testcase>
      <testcase name="Test Cases/1.1-Tareas Principales/1.4.8-Tarea Importar Fuente general" time="18.804" classname="Test Cases/1.1-Tareas Principales/1.4.8-Tarea Importar Fuente general" status="PASSED">
         <system-out><![CDATA[2022-06-10 09:07:01 - [TEST_CASE][PASSED] - Test Cases/1.1-Tareas Principales/1.4.8-Tarea Importar Fuente general: Test Cases/1.1-Tareas Principales/1.4.8-Tarea Importar Fuente general

2022-06-10 09:07:02 - [TEST_STEP][PASSED] - callTestCase(findTestCase("0.1-Login"), [:], STOP_ON_FAILURE): Call Test Case 'Test Cases/0.1-Login' successfully

2022-06-10 09:07:02 - [TEST_CASE][PASSED] - Test Cases/0.1-Login: Test Cases/0.1-Login

2022-06-10 09:07:02 - [TEST_STEP][PASSED] - openBrowser(""): Browser is opened with url: ''

2022-06-10 09:07:02 - [MESSAGE][WARNING] - A browser is already opened. Closing browser and opening a new one

2022-06-10 09:07:02 - [MESSAGE][INFO] - Starting 'Chrome' driver

2022-06-10 09:07:02 - [MESSAGE][INFO] - Action delay is set to 0 milliseconds

2022-06-10 09:07:04 - [MESSAGE][PASSED] - Browser is opened with url: ''

2022-06-10 09:07:04 - [TEST_STEP][PASSED] - maximizeWindow(): Current window maximized

2022-06-10 09:07:04 - [MESSAGE][PASSED] - Current window maximized

2022-06-10 09:07:04 - [TEST_STEP][PASSED] - i = G_Login: null

2022-06-10 09:07:04 - [TEST_STEP][PASSED] - url = new java.net.URL(i): null

2022-06-10 09:07:04 - [TEST_STEP][PASSED] - println("URL: " + url.toString()): null

2022-06-10 09:07:04 - [TEST_STEP][PASSED] - connection = url.openConnection(): null

2022-06-10 09:07:04 - [TEST_STEP][PASSED] - connection.setRequestMethod("GET"): null

2022-06-10 09:07:04 - [TEST_STEP][PASSED] - connection.setReadTimeout(2 * 1000): null

2022-06-10 09:07:04 - [TEST_STEP][PASSED] - try: null

2022-06-10 09:07:04 - [TEST_STEP][PASSED] - connection.connect(): null

2022-06-10 09:07:04 - [TEST_STEP][PASSED] - flag = connected: null

2022-06-10 09:07:04 - [TEST_STEP][PASSED] - println("Valor_ori: " + flag): null

2022-06-10 09:07:04 - [TEST_STEP][PASSED] - if (flag): null

2022-06-10 09:07:04 - [TEST_STEP][PASSED] - navigateToUrl(i): Navigate to 'http://192.168.2.19:8380/saraweb' successfully

2022-06-10 09:07:04 - [MESSAGE][PASSED] - Navigate to 'http://192.168.2.19:8380/saraweb' successfully

2022-06-10 09:07:04 - [TEST_STEP][PASSED] - a(): null

2022-06-10 09:07:04 - [TEST_STEP][PASSED] - setText(findTestObject("3-OBJECTS UTILIDADES/Login/input_USUARIO_loginusuario"), G_Usuario): Text 'saraadmin' is set on object 'Object Repository/3-OBJECTS UTILIDADES/Login/input_USUARIO_loginusuario'

2022-06-10 09:07:05 - [MESSAGE][PASSED] - Text 'saraadmin' is set on object 'Object Repository/3-OBJECTS UTILIDADES/Login/input_USUARIO_loginusuario'

2022-06-10 09:07:05 - [TEST_STEP][PASSED] - setEncryptedText(findTestObject("3-OBJECTS UTILIDADES/Login/input_CLAVE_loginpassword"), "MkG4/TYiCFC3cb2driP7+Q=="): Text ****** has been set on object 'Object Repository/3-OBJECTS UTILIDADES/Login/input_CLAVE_loginpassword'

2022-06-10 09:07:05 - [MESSAGE][PASSED] - Text ****** has been set on object 'Object Repository/3-OBJECTS UTILIDADES/Login/input_CLAVE_loginpassword'

2022-06-10 09:07:05 - [TEST_STEP][PASSED] - waitForElementClickable(findTestObject("3-OBJECTS UTILIDADES/Login/a_Ingresar"), G_TimeOut): Object 'Object Repository/3-OBJECTS UTILIDADES/Login/a_Ingresar' is clickable

2022-06-10 09:07:06 - [MESSAGE][PASSED] - Object 'Object Repository/3-OBJECTS UTILIDADES/Login/a_Ingresar' is clickable

2022-06-10 09:07:06 - [TEST_STEP][PASSED] - click(findTestObject("3-OBJECTS UTILIDADES/Login/a_Ingresar")): Object: 'Object Repository/3-OBJECTS UTILIDADES/Login/a_Ingresar' is clicked on

2022-06-10 09:07:07 - [MESSAGE][PASSED] - Object: 'Object Repository/3-OBJECTS UTILIDADES/Login/a_Ingresar' is clicked on

2022-06-10 09:07:07 - [TEST_STEP][PASSED] - element = findWebElement(findTestObject("3-OBJECTS UTILIDADES/Login/a_Ir"), 30): null

2022-06-10 09:07:08 - [TEST_STEP][PASSED] - executeJavaScript("arguments[0].click()", Arrays.asList(element)): Execute JavaScript 'arguments[0].click()' successfully

2022-06-10 09:07:08 - [MESSAGE][PASSED] - Execute JavaScript 'arguments[0].click()' successfully

2022-06-10 09:07:08 - [MESSAGE][PASSED] - Call Test Case 'Test Cases/0.1-Login' successfully

2022-06-10 09:07:08 - [TEST_STEP][PASSED] - waitForElementClickable(findTestObject("1-OBJECTS TAREAS PRINCIPALES/Modulo Tarea Sara General/Importar Fuente General/input_Ir_nav_t66_input"), 3): Object 'Object Repository/1-OBJECTS TAREAS PRINCIPALES/Modulo Tarea Sara General/Importar Fuente General/input_Ir_nav_t66_input' is clickable

2022-06-10 09:07:08 - [MESSAGE][PASSED] - Object 'Object Repository/1-OBJECTS TAREAS PRINCIPALES/Modulo Tarea Sara General/Importar Fuente General/input_Ir_nav_t66_input' is clickable

2022-06-10 09:07:08 - [TEST_STEP][PASSED] - setText(findTestObject("1-OBJECTS TAREAS PRINCIPALES/Modulo Tarea Sara General/Importar Fuente General/input_Ir_nav_t66_input"), "Importar Fuente General (gna)"): Text 'Importar Fuente General (gna)' is set on object 'Object Repository/1-OBJECTS TAREAS PRINCIPALES/Modulo Tarea Sara General/Importar Fuente General/input_Ir_nav_t66_input'

2022-06-10 09:07:09 - [MESSAGE][PASSED] - Text 'Importar Fuente General (gna)' is set on object 'Object Repository/1-OBJECTS TAREAS PRINCIPALES/Modulo Tarea Sara General/Importar Fuente General/input_Ir_nav_t66_input'

2022-06-10 09:07:09 - [TEST_STEP][PASSED] - waitForElementVisible(findTestObject("1-OBJECTS TAREAS PRINCIPALES/Modulo Tarea Sara General/Importar Fuente General/span_Importar Fuente General (gna)"), 0): Object 'Object Repository/1-OBJECTS TAREAS PRINCIPALES/Modulo Tarea Sara General/Importar Fuente General/span_Importar Fuente General (gna)' is visible

2022-06-10 09:07:09 - [MESSAGE][WARNING] - Timeout '0' is invalid. Using default page load timeout: '37'

2022-06-10 09:07:10 - [MESSAGE][PASSED] - Object 'Object Repository/1-OBJECTS TAREAS PRINCIPALES/Modulo Tarea Sara General/Importar Fuente General/span_Importar Fuente General (gna)' is visible

2022-06-10 09:07:10 - [TEST_STEP][PASSED] - click(findTestObject("1-OBJECTS TAREAS PRINCIPALES/Modulo Tarea Sara General/Importar Fuente General/span_Importar Fuente General (gna)")): Object: 'Object Repository/1-OBJECTS TAREAS PRINCIPALES/Modulo Tarea Sara General/Importar Fuente General/span_Importar Fuente General (gna)' is clicked on

2022-06-10 09:07:11 - [MESSAGE][PASSED] - Object: 'Object Repository/1-OBJECTS TAREAS PRINCIPALES/Modulo Tarea Sara General/Importar Fuente General/span_Importar Fuente General (gna)' is clicked on

2022-06-10 09:07:11 - [TEST_STEP][PASSED] - setText(findTestObject("1-OBJECTS TAREAS PRINCIPALES/Modulo Tarea Sara General/Importar Fuente General/input_Importar Fuente_formImpo"), "Insertar las liquidaciones periodicas de prestamo"): Text 'Insertar las liquidaciones periodicas de prestamo' is set on object 'Object Repository/1-OBJECTS TAREAS PRINCIPALES/Modulo Tarea Sara General/Importar Fuente General/input_Importar Fuente_formImpo'

2022-06-10 09:07:12 - [MESSAGE][PASSED] - Text 'Insertar las liquidaciones periodicas de prestamo' is set on object 'Object Repository/1-OBJECTS TAREAS PRINCIPALES/Modulo Tarea Sara General/Importar Fuente General/input_Importar Fuente_formImpo'

2022-06-10 09:07:12 - [TEST_STEP][PASSED] - sendKeys(findTestObject("1-OBJECTS TAREAS PRINCIPALES/Modulo Tarea Sara General/Importar Fuente General/input_Importar Fuente_formImpo"), Keys.chord(ENTER)): Keys 'ENTER + ' sent to object: 'Object Repository/1-OBJECTS TAREAS PRINCIPALES/Modulo Tarea Sara General/Importar Fuente General/input_Importar Fuente_formImpo'

2022-06-10 09:07:13 - [MESSAGE][PASSED] - Keys 'ENTER + ' sent to object: 'Object Repository/1-OBJECTS TAREAS PRINCIPALES/Modulo Tarea Sara General/Importar Fuente General/input_Importar Fuente_formImpo'

2022-06-10 09:07:13 - [TEST_STEP][PASSED] - click(findTestObject("1-OBJECTS TAREAS PRINCIPALES/Modulo Tarea Sara General/Importar Fuente General/td_Insertar Las Liquidaciones Periodicas De Prestamo")): Object: 'Object Repository/1-OBJECTS TAREAS PRINCIPALES/Modulo Tarea Sara General/Importar Fuente General/td_Insertar Las Liquidaciones Periodicas De Prestamo' is clicked on

2022-06-10 09:07:13 - [MESSAGE][PASSED] - Object: 'Object Repository/1-OBJECTS TAREAS PRINCIPALES/Modulo Tarea Sara General/Importar Fuente General/td_Insertar Las Liquidaciones Periodicas De Prestamo' is clicked on

2022-06-10 09:07:13 - [TEST_STEP][PASSED] - ruta = G_rutaarchivos + "ArchivoPlanoLiquidacionNomina.txt": null

2022-06-10 09:07:13 - [TEST_STEP][PASSED] - uploadFile(findTestObject("1-OBJECTS TAREAS PRINCIPALES/Modulo Tarea Sara General/Importar Fuente General/Archivo Cargue Fuente"), ruta): File 'E:\unionweb14\ArchivoPlanoLiquidacionNomina.txt' sent to object: 'Object Repository/1-OBJECTS TAREAS PRINCIPALES/Modulo Tarea Sara General/Importar Fuente General/Archivo Cargue Fuente'

2022-06-10 09:07:14 - [MESSAGE][PASSED] - File 'E:\unionweb14\ArchivoPlanoLiquidacionNomina.txt' sent to object: 'Object Repository/1-OBJECTS TAREAS PRINCIPALES/Modulo Tarea Sara General/Importar Fuente General/Archivo Cargue Fuente'

2022-06-10 09:07:14 - [TEST_STEP][PASSED] - filePath = getAttribute(findTestObject("1-OBJECTS TAREAS PRINCIPALES/Modulo Tarea Sara General/Importar Fuente General/Archivo Cargue Fuente"), "value"): Attribute 'value' of object 'Object Repository/1-OBJECTS TAREAS PRINCIPALES/Modulo Tarea Sara General/Importar Fuente General/Archivo Cargue Fuente' is: ''

2022-06-10 09:07:14 - [MESSAGE][PASSED] - Attribute 'value' of object 'Object Repository/1-OBJECTS TAREAS PRINCIPALES/Modulo Tarea Sara General/Importar Fuente General/Archivo Cargue Fuente' is: ''

2022-06-10 09:07:14 - [TEST_STEP][PASSED] - click(findTestObject("1-OBJECTS TAREAS PRINCIPALES/Modulo Tarea Sara General/Importar Fuente General/a_Importar")): Object: 'Object Repository/1-OBJECTS TAREAS PRINCIPALES/Modulo Tarea Sara General/Importar Fuente General/a_Importar' is clicked on

2022-06-10 09:07:15 - [MESSAGE][PASSED] - Object: 'Object Repository/1-OBJECTS TAREAS PRINCIPALES/Modulo Tarea Sara General/Importar Fuente General/a_Importar' is clicked on

2022-06-10 09:07:15 - [TEST_STEP][PASSED] - waitForElementVisible(findTestObject("1-OBJECTS TAREAS PRINCIPALES/Modulo Tarea Sara General/Importar Fuente General/a_Continuar"), 0): Object 'Object Repository/1-OBJECTS TAREAS PRINCIPALES/Modulo Tarea Sara General/Importar Fuente General/a_Continuar' is visible

2022-06-10 09:07:15 - [MESSAGE][WARNING] - Timeout '0' is invalid. Using default page load timeout: '37'

2022-06-10 09:07:19 - [MESSAGE][PASSED] - Object 'Object Repository/1-OBJECTS TAREAS PRINCIPALES/Modulo Tarea Sara General/Importar Fuente General/a_Continuar' is visible

2022-06-10 09:07:19 - [TEST_STEP][PASSED] - Result = getText(findTestObject("1-OBJECTS TAREAS PRINCIPALES/Modulo Tarea Sara General/Importar Fuente General/div_Se cargo el archivo")): Text of object 'Object Repository/1-OBJECTS TAREAS PRINCIPALES/Modulo Tarea Sara General/Importar Fuente General/div_Se cargo el archivo' is: 'Se cargo el archivo'

2022-06-10 09:07:19 - [MESSAGE][PASSED] - Text of object 'Object Repository/1-OBJECTS TAREAS PRINCIPALES/Modulo Tarea Sara General/Importar Fuente General/div_Se cargo el archivo' is: 'Se cargo el archivo'

2022-06-10 09:07:19 - [TEST_STEP][PASSED] - click(findTestObject("1-OBJECTS TAREAS PRINCIPALES/Modulo Tarea Sara General/Importar Fuente General/a_Continuar")): Object: 'Object Repository/1-OBJECTS TAREAS PRINCIPALES/Modulo Tarea Sara General/Importar Fuente General/a_Continuar' is clicked on

2022-06-10 09:07:19 - [MESSAGE][PASSED] - Object: 'Object Repository/1-OBJECTS TAREAS PRINCIPALES/Modulo Tarea Sara General/Importar Fuente General/a_Continuar' is clicked on

2022-06-10 09:07:19 - [TEST_STEP][PASSED] - if (Result == "Se cargo el archivo"): Browser is closed

2022-06-10 09:07:19 - [TEST_STEP][PASSED] - Resultado = "PRUEBAS OK": null

2022-06-10 09:07:19 - [TEST_STEP][PASSED] - closeBrowser(): Browser is closed

2022-06-10 09:07:20 - [MESSAGE][PASSED] - Browser is closed]]></system-out>
         <system-err><![CDATA[]]></system-err>
      </testcase>
      <testcase name="Test Cases/1.1-Tareas Principales/1.4.9-Verificacion de campo Total Abonado" time="14.685" classname="Test Cases/1.1-Tareas Principales/1.4.9-Verificacion de campo Total Abonado" status="PASSED">
         <system-out><![CDATA[2022-06-10 09:07:20 - [TEST_CASE][PASSED] - Test Cases/1.1-Tareas Principales/1.4.9-Verificacion de campo Total Abonado: Test Cases/1.1-Tareas Principales/1.4.9-Verificacion de campo Total Abonado

2022-06-10 09:07:20 - [TEST_STEP][PASSED] - callTestCase(findTestCase("Utilidades-(atajos_para _tareas)/Tareas Administracion Compensacion/Tarea Listado Empleados"), [:], STOP_ON_FAILURE): Call Test Case 'Test Cases/Utilidades-(atajos_para _tareas)/Tareas Administracion Compensacion/Tarea Listado Empleados' successfully

2022-06-10 09:07:20 - [TEST_CASE][PASSED] - Test Cases/Utilidades-(atajos_para _tareas)/Tareas Administracion Compensacion/Tarea Listado Empleados: Test Cases/Utilidades-(atajos_para _tareas)/Tareas Administracion Compensacion/Tarea Listado Empleados

2022-06-10 09:07:20 - [TEST_STEP][PASSED] - callTestCase(findTestCase("0.1-Login"), [:], STOP_ON_FAILURE): Call Test Case 'Test Cases/0.1-Login' successfully

2022-06-10 09:07:20 - [TEST_CASE][PASSED] - Test Cases/0.1-Login: Test Cases/0.1-Login

2022-06-10 09:07:21 - [TEST_STEP][PASSED] - openBrowser(""): Browser is opened with url: ''

2022-06-10 09:07:21 - [MESSAGE][INFO] - Starting 'Chrome' driver

2022-06-10 09:07:21 - [MESSAGE][INFO] - Action delay is set to 0 milliseconds

2022-06-10 09:07:22 - [MESSAGE][PASSED] - Browser is opened with url: ''

2022-06-10 09:07:22 - [TEST_STEP][PASSED] - maximizeWindow(): Current window maximized

2022-06-10 09:07:22 - [MESSAGE][PASSED] - Current window maximized

2022-06-10 09:07:22 - [TEST_STEP][PASSED] - i = G_Login: null

2022-06-10 09:07:22 - [TEST_STEP][PASSED] - url = new java.net.URL(i): null

2022-06-10 09:07:22 - [TEST_STEP][PASSED] - println("URL: " + url.toString()): null

2022-06-10 09:07:22 - [TEST_STEP][PASSED] - connection = url.openConnection(): null

2022-06-10 09:07:22 - [TEST_STEP][PASSED] - connection.setRequestMethod("GET"): null

2022-06-10 09:07:22 - [TEST_STEP][PASSED] - connection.setReadTimeout(2 * 1000): null

2022-06-10 09:07:22 - [TEST_STEP][PASSED] - try: null

2022-06-10 09:07:22 - [TEST_STEP][PASSED] - connection.connect(): null

2022-06-10 09:07:22 - [TEST_STEP][PASSED] - flag = connected: null

2022-06-10 09:07:22 - [TEST_STEP][PASSED] - println("Valor_ori: " + flag): null

2022-06-10 09:07:22 - [TEST_STEP][PASSED] - if (flag): null

2022-06-10 09:07:22 - [TEST_STEP][PASSED] - navigateToUrl(i): Navigate to 'http://192.168.2.19:8380/saraweb' successfully

2022-06-10 09:07:22 - [MESSAGE][PASSED] - Navigate to 'http://192.168.2.19:8380/saraweb' successfully

2022-06-10 09:07:22 - [TEST_STEP][PASSED] - a(): null

2022-06-10 09:07:22 - [TEST_STEP][PASSED] - setText(findTestObject("3-OBJECTS UTILIDADES/Login/input_USUARIO_loginusuario"), G_Usuario): Text 'saraadmin' is set on object 'Object Repository/3-OBJECTS UTILIDADES/Login/input_USUARIO_loginusuario'

2022-06-10 09:07:23 - [MESSAGE][PASSED] - Text 'saraadmin' is set on object 'Object Repository/3-OBJECTS UTILIDADES/Login/input_USUARIO_loginusuario'

2022-06-10 09:07:23 - [TEST_STEP][PASSED] - setEncryptedText(findTestObject("3-OBJECTS UTILIDADES/Login/input_CLAVE_loginpassword"), "MkG4/TYiCFC3cb2driP7+Q=="): Text ****** has been set on object 'Object Repository/3-OBJECTS UTILIDADES/Login/input_CLAVE_loginpassword'

2022-06-10 09:07:23 - [MESSAGE][PASSED] - Text ****** has been set on object 'Object Repository/3-OBJECTS UTILIDADES/Login/input_CLAVE_loginpassword'

2022-06-10 09:07:23 - [TEST_STEP][PASSED] - waitForElementClickable(findTestObject("3-OBJECTS UTILIDADES/Login/a_Ingresar"), G_TimeOut): Object 'Object Repository/3-OBJECTS UTILIDADES/Login/a_Ingresar' is clickable

2022-06-10 09:07:24 - [MESSAGE][PASSED] - Object 'Object Repository/3-OBJECTS UTILIDADES/Login/a_Ingresar' is clickable

2022-06-10 09:07:24 - [TEST_STEP][PASSED] - click(findTestObject("3-OBJECTS UTILIDADES/Login/a_Ingresar")): Object: 'Object Repository/3-OBJECTS UTILIDADES/Login/a_Ingresar' is clicked on

2022-06-10 09:07:25 - [MESSAGE][PASSED] - Object: 'Object Repository/3-OBJECTS UTILIDADES/Login/a_Ingresar' is clicked on

2022-06-10 09:07:25 - [TEST_STEP][PASSED] - element = findWebElement(findTestObject("3-OBJECTS UTILIDADES/Login/a_Ir"), 30): null

2022-06-10 09:07:26 - [TEST_STEP][PASSED] - executeJavaScript("arguments[0].click()", Arrays.asList(element)): Execute JavaScript 'arguments[0].click()' successfully

2022-06-10 09:07:26 - [MESSAGE][PASSED] - Execute JavaScript 'arguments[0].click()' successfully

2022-06-10 09:07:26 - [MESSAGE][PASSED] - Call Test Case 'Test Cases/0.1-Login' successfully

2022-06-10 09:07:26 - [TEST_STEP][PASSED] - setText(findTestObject("1-OBJECTS TAREAS PRINCIPALES/Modulo Tarea Listado Hojas de Vida/Tareas Listado Hojas de Vida/input_Listado Hojas De Vida_form_templatej_idt24_input"), "Listado de Empleados"): Text 'Listado de Empleados' is set on object 'Object Repository/1-OBJECTS TAREAS PRINCIPALES/Modulo Tarea Listado Hojas de Vida/Tareas Listado Hojas de Vida/input_Listado Hojas De Vida_form_templatej_idt24_input'

2022-06-10 09:07:27 - [MESSAGE][PASSED] - Text 'Listado de Empleados' is set on object 'Object Repository/1-OBJECTS TAREAS PRINCIPALES/Modulo Tarea Listado Hojas de Vida/Tareas Listado Hojas de Vida/input_Listado Hojas De Vida_form_templatej_idt24_input'

2022-06-10 09:07:27 - [TEST_STEP][PASSED] - waitForElementVisible(findTestObject("1-OBJECTS TAREAS PRINCIPALES/Modulo Tarea Listado Hojas de Vida/Tareas Listado Hojas de Vida/span_Listado de Empleados"), 0): Object 'Object Repository/1-OBJECTS TAREAS PRINCIPALES/Modulo Tarea Listado Hojas de Vida/Tareas Listado Hojas de Vida/span_Listado de Empleados' is visible

2022-06-10 09:07:27 - [MESSAGE][WARNING] - Timeout '0' is invalid. Using default page load timeout: '37'

2022-06-10 09:07:28 - [MESSAGE][PASSED] - Object 'Object Repository/1-OBJECTS TAREAS PRINCIPALES/Modulo Tarea Listado Hojas de Vida/Tareas Listado Hojas de Vida/span_Listado de Empleados' is visible

2022-06-10 09:07:28 - [TEST_STEP][PASSED] - click(findTestObject("1-OBJECTS TAREAS PRINCIPALES/Modulo Tarea Listado Hojas de Vida/Tareas Listado Hojas de Vida/span_Listado de Empleados")): Object: 'Object Repository/1-OBJECTS TAREAS PRINCIPALES/Modulo Tarea Listado Hojas de Vida/Tareas Listado Hojas de Vida/span_Listado de Empleados' is clicked on

2022-06-10 09:07:28 - [MESSAGE][PASSED] - Object: 'Object Repository/1-OBJECTS TAREAS PRINCIPALES/Modulo Tarea Listado Hojas de Vida/Tareas Listado Hojas de Vida/span_Listado de Empleados' is clicked on

2022-06-10 09:07:28 - [MESSAGE][PASSED] - Call Test Case 'Test Cases/Utilidades-(atajos_para _tareas)/Tareas Administracion Compensacion/Tarea Listado Empleados' successfully

2022-06-10 09:07:28 - [TEST_STEP][PASSED] - waitForElementClickable(findTestObject("1-OBJECTS TAREAS PRINCIPALES/Modulo Tarea Compensacion/Verificacion de campo Total Abonado/a_Nombre Funcionario_listadoEm"), 0): Object 'Object Repository/1-OBJECTS TAREAS PRINCIPALES/Modulo Tarea Compensacion/Verificacion de campo Total Abonado/a_Nombre Funcionario_listadoEm' is clickable

2022-06-10 09:07:28 - [MESSAGE][WARNING] - Timeout '0' is invalid. Using default page load timeout: '37'

2022-06-10 09:07:29 - [MESSAGE][PASSED] - Object 'Object Repository/1-OBJECTS TAREAS PRINCIPALES/Modulo Tarea Compensacion/Verificacion de campo Total Abonado/a_Nombre Funcionario_listadoEm' is clickable

2022-06-10 09:07:29 - [TEST_STEP][PASSED] - click(findTestObject("1-OBJECTS TAREAS PRINCIPALES/Modulo Tarea Compensacion/Verificacion de campo Total Abonado/a_Nombre Funcionario_listadoEm")): Object: 'Object Repository/1-OBJECTS TAREAS PRINCIPALES/Modulo Tarea Compensacion/Verificacion de campo Total Abonado/a_Nombre Funcionario_listadoEm' is clicked on

2022-06-10 09:07:30 - [MESSAGE][PASSED] - Object: 'Object Repository/1-OBJECTS TAREAS PRINCIPALES/Modulo Tarea Compensacion/Verificacion de campo Total Abonado/a_Nombre Funcionario_listadoEm' is clicked on

2022-06-10 09:07:30 - [TEST_STEP][PASSED] - setText(findTestObject("1-OBJECTS TAREAS PRINCIPALES/Modulo Tarea Compensacion/Verificacion de campo Total Abonado/a_Nombre Funcionario_listadoEm"), "354968431354"): Text '354968431354' is set on object 'Object Repository/1-OBJECTS TAREAS PRINCIPALES/Modulo Tarea Compensacion/Verificacion de campo Total Abonado/a_Nombre Funcionario_listadoEm'

2022-06-10 09:07:31 - [MESSAGE][PASSED] - Text '354968431354' is set on object 'Object Repository/1-OBJECTS TAREAS PRINCIPALES/Modulo Tarea Compensacion/Verificacion de campo Total Abonado/a_Nombre Funcionario_listadoEm'

2022-06-10 09:07:31 - [TEST_STEP][PASSED] - sendKeys(findTestObject("1-OBJECTS TAREAS PRINCIPALES/Modulo Tarea Compensacion/Verificacion de campo Total Abonado/a_Nombre Funcionario_listadoEm"), Keys.chord(ENTER)): Keys 'ENTER + ' sent to object: 'Object Repository/1-OBJECTS TAREAS PRINCIPALES/Modulo Tarea Compensacion/Verificacion de campo Total Abonado/a_Nombre Funcionario_listadoEm'

2022-06-10 09:07:31 - [MESSAGE][PASSED] - Keys 'ENTER + ' sent to object: 'Object Repository/1-OBJECTS TAREAS PRINCIPALES/Modulo Tarea Compensacion/Verificacion de campo Total Abonado/a_Nombre Funcionario_listadoEm'

2022-06-10 09:07:31 - [TEST_STEP][PASSED] - click(findTestObject("1-OBJECTS TAREAS PRINCIPALES/Modulo Tarea Compensacion/Verificacion de campo Total Abonado/span_CONSTA BELFEGORD JHON")): Object: 'Object Repository/1-OBJECTS TAREAS PRINCIPALES/Modulo Tarea Compensacion/Verificacion de campo Total Abonado/span_CONSTA BELFEGORD JHON' is clicked on

2022-06-10 09:07:32 - [MESSAGE][PASSED] - Object: 'Object Repository/1-OBJECTS TAREAS PRINCIPALES/Modulo Tarea Compensacion/Verificacion de campo Total Abonado/span_CONSTA BELFEGORD JHON' is clicked on

2022-06-10 09:07:32 - [TEST_STEP][PASSED] - click(findTestObject("1-OBJECTS TAREAS PRINCIPALES/Modulo Tarea Compensacion/Verificacion de campo Total Abonado/span_Liquidacin Periodica")): Object: 'Object Repository/1-OBJECTS TAREAS PRINCIPALES/Modulo Tarea Compensacion/Verificacion de campo Total Abonado/span_Liquidacin Periodica' is clicked on

2022-06-10 09:07:33 - [MESSAGE][PASSED] - Object: 'Object Repository/1-OBJECTS TAREAS PRINCIPALES/Modulo Tarea Compensacion/Verificacion de campo Total Abonado/span_Liquidacin Periodica' is clicked on

2022-06-10 09:07:33 - [TEST_STEP][PASSED] - click(findTestObject("1-OBJECTS TAREAS PRINCIPALES/Modulo Tarea Compensacion/Verificacion de campo Total Abonado/span_PRESTAMO BANCOLOMBIA")): Object: 'Object Repository/1-OBJECTS TAREAS PRINCIPALES/Modulo Tarea Compensacion/Verificacion de campo Total Abonado/span_PRESTAMO BANCOLOMBIA' is clicked on

2022-06-10 09:07:33 - [MESSAGE][PASSED] - Object: 'Object Repository/1-OBJECTS TAREAS PRINCIPALES/Modulo Tarea Compensacion/Verificacion de campo Total Abonado/span_PRESTAMO BANCOLOMBIA' is clicked on

2022-06-10 09:07:33 - [TEST_STEP][PASSED] - if (waitForElementVisible(findTestObject("1-OBJECTS TAREAS PRINCIPALES/Modulo Tarea Compensacion/Verificacion de campo Total Abonado/a_ReversarEliminar"), 1)): null

2022-06-10 09:07:34 - [MESSAGE][PASSED] - Object 'Object Repository/1-OBJECTS TAREAS PRINCIPALES/Modulo Tarea Compensacion/Verificacion de campo Total Abonado/a_ReversarEliminar' is visible

2022-06-10 09:07:34 - [TEST_STEP][PASSED] - closeBrowser(): Browser is closed

2022-06-10 09:07:35 - [MESSAGE][PASSED] - Browser is closed]]></system-out>
         <system-err><![CDATA[]]></system-err>
      </testcase>
      <testcase name="Test Cases/1.1-Tareas Principales/1.5.1-Administracion embargos" time="35.647" classname="Test Cases/1.1-Tareas Principales/1.5.1-Administracion embargos" status="PASSED">
         <system-out><![CDATA[2022-06-10 09:07:35 - [TEST_CASE][PASSED] - Test Cases/1.1-Tareas Principales/1.5.1-Administracion embargos: Test Cases/1.1-Tareas Principales/1.5.1-Administracion embargos

2022-06-10 09:07:35 - [TEST_STEP][PASSED] - callTestCase(findTestCase("Utilidades-(atajos_para _tareas)/Tareas Administracion Compensacion/Administracion embargos por Fecha"), [:], STOP_ON_FAILURE): Call Test Case 'Test Cases/Utilidades-(atajos_para _tareas)/Tareas Administracion Compensacion/Administracion embargos por Fecha' successfully

2022-06-10 09:07:35 - [TEST_CASE][PASSED] - Test Cases/Utilidades-(atajos_para _tareas)/Tareas Administracion Compensacion/Administracion embargos por Fecha: Test Cases/Utilidades-(atajos_para _tareas)/Tareas Administracion Compensacion/Administracion embargos por Fecha

2022-06-10 09:07:35 - [TEST_STEP][PASSED] - callTestCase(findTestCase("Utilidades-(atajos_para _tareas)/Modulos/Modulo Administracion Compensacion"), [:], STOP_ON_FAILURE): Call Test Case 'Test Cases/Utilidades-(atajos_para _tareas)/Modulos/Modulo Administracion Compensacion' successfully

2022-06-10 09:07:35 - [TEST_CASE][PASSED] - Test Cases/Utilidades-(atajos_para _tareas)/Modulos/Modulo Administracion Compensacion: Test Cases/Utilidades-(atajos_para _tareas)/Modulos/Modulo Administracion Compensacion

2022-06-10 09:07:36 - [TEST_STEP][PASSED] - callTestCase(findTestCase("0.1-Login"), [:], STOP_ON_FAILURE): Call Test Case 'Test Cases/0.1-Login' successfully

2022-06-10 09:07:36 - [TEST_CASE][PASSED] - Test Cases/0.1-Login: Test Cases/0.1-Login

2022-06-10 09:07:36 - [TEST_STEP][PASSED] - openBrowser(""): Browser is opened with url: ''

2022-06-10 09:07:36 - [MESSAGE][INFO] - Starting 'Chrome' driver

2022-06-10 09:07:36 - [MESSAGE][INFO] - Action delay is set to 0 milliseconds

2022-06-10 09:07:37 - [MESSAGE][PASSED] - Browser is opened with url: ''

2022-06-10 09:07:37 - [TEST_STEP][PASSED] - maximizeWindow(): Current window maximized

2022-06-10 09:07:37 - [MESSAGE][PASSED] - Current window maximized

2022-06-10 09:07:37 - [TEST_STEP][PASSED] - i = G_Login: null

2022-06-10 09:07:37 - [TEST_STEP][PASSED] - url = new java.net.URL(i): null

2022-06-10 09:07:37 - [TEST_STEP][PASSED] - println("URL: " + url.toString()): null

2022-06-10 09:07:37 - [TEST_STEP][PASSED] - connection = url.openConnection(): null

2022-06-10 09:07:37 - [TEST_STEP][PASSED] - connection.setRequestMethod("GET"): null

2022-06-10 09:07:37 - [TEST_STEP][PASSED] - connection.setReadTimeout(2 * 1000): null

2022-06-10 09:07:37 - [TEST_STEP][PASSED] - try: null

2022-06-10 09:07:37 - [TEST_STEP][PASSED] - connection.connect(): null

2022-06-10 09:07:37 - [TEST_STEP][PASSED] - flag = connected: null

2022-06-10 09:07:37 - [TEST_STEP][PASSED] - println("Valor_ori: " + flag): null

2022-06-10 09:07:37 - [TEST_STEP][PASSED] - if (flag): null

2022-06-10 09:07:37 - [TEST_STEP][PASSED] - navigateToUrl(i): Navigate to 'http://192.168.2.19:8380/saraweb' successfully

2022-06-10 09:07:39 - [MESSAGE][PASSED] - Navigate to 'http://192.168.2.19:8380/saraweb' successfully

2022-06-10 09:07:39 - [TEST_STEP][PASSED] - a(): null

2022-06-10 09:07:39 - [TEST_STEP][PASSED] - setText(findTestObject("3-OBJECTS UTILIDADES/Login/input_USUARIO_loginusuario"), G_Usuario): Text 'saraadmin' is set on object 'Object Repository/3-OBJECTS UTILIDADES/Login/input_USUARIO_loginusuario'

2022-06-10 09:07:40 - [MESSAGE][PASSED] - Text 'saraadmin' is set on object 'Object Repository/3-OBJECTS UTILIDADES/Login/input_USUARIO_loginusuario'

2022-06-10 09:07:40 - [TEST_STEP][PASSED] - setEncryptedText(findTestObject("3-OBJECTS UTILIDADES/Login/input_CLAVE_loginpassword"), "MkG4/TYiCFC3cb2driP7+Q=="): Text ****** has been set on object 'Object Repository/3-OBJECTS UTILIDADES/Login/input_CLAVE_loginpassword'

2022-06-10 09:07:40 - [MESSAGE][PASSED] - Text ****** has been set on object 'Object Repository/3-OBJECTS UTILIDADES/Login/input_CLAVE_loginpassword'

2022-06-10 09:07:40 - [TEST_STEP][PASSED] - waitForElementClickable(findTestObject("3-OBJECTS UTILIDADES/Login/a_Ingresar"), G_TimeOut): Object 'Object Repository/3-OBJECTS UTILIDADES/Login/a_Ingresar' is clickable

2022-06-10 09:07:40 - [MESSAGE][PASSED] - Object 'Object Repository/3-OBJECTS UTILIDADES/Login/a_Ingresar' is clickable

2022-06-10 09:07:40 - [TEST_STEP][PASSED] - click(findTestObject("3-OBJECTS UTILIDADES/Login/a_Ingresar")): Object: 'Object Repository/3-OBJECTS UTILIDADES/Login/a_Ingresar' is clicked on

2022-06-10 09:07:42 - [MESSAGE][PASSED] - Object: 'Object Repository/3-OBJECTS UTILIDADES/Login/a_Ingresar' is clicked on

2022-06-10 09:07:42 - [TEST_STEP][PASSED] - element = findWebElement(findTestObject("3-OBJECTS UTILIDADES/Login/a_Ir"), 30): null

2022-06-10 09:07:42 - [TEST_STEP][PASSED] - executeJavaScript("arguments[0].click()", Arrays.asList(element)): Execute JavaScript 'arguments[0].click()' successfully

2022-06-10 09:07:42 - [MESSAGE][PASSED] - Execute JavaScript 'arguments[0].click()' successfully

2022-06-10 09:07:42 - [MESSAGE][PASSED] - Call Test Case 'Test Cases/0.1-Login' successfully

2022-06-10 09:07:42 - [TEST_STEP][PASSED] - waitForElementVisible(findTestObject("3-OBJECTS UTILIDADES/Modulo Administracion Compensacion/span_Administracin Compensacin"), 0): Object 'Object Repository/3-OBJECTS UTILIDADES/Modulo Administracion Compensacion/span_Administracin Compensacin' is visible

2022-06-10 09:07:42 - [MESSAGE][WARNING] - Timeout '0' is invalid. Using default page load timeout: '37'

2022-06-10 09:07:43 - [MESSAGE][PASSED] - Object 'Object Repository/3-OBJECTS UTILIDADES/Modulo Administracion Compensacion/span_Administracin Compensacin' is visible

2022-06-10 09:07:43 - [TEST_STEP][PASSED] - click(findTestObject("3-OBJECTS UTILIDADES/Modulo Administracion Compensacion/span_Administracin Compensacin")): Object: 'Object Repository/3-OBJECTS UTILIDADES/Modulo Administracion Compensacion/span_Administracin Compensacin' is clicked on

2022-06-10 09:07:44 - [MESSAGE][PASSED] - Object: 'Object Repository/3-OBJECTS UTILIDADES/Modulo Administracion Compensacion/span_Administracin Compensacin' is clicked on

2022-06-10 09:07:44 - [MESSAGE][PASSED] - Call Test Case 'Test Cases/Utilidades-(atajos_para _tareas)/Modulos/Modulo Administracion Compensacion' successfully

2022-06-10 09:07:44 - [TEST_STEP][PASSED] - waitForElementClickable(findTestObject("1-OBJECTS TAREAS PRINCIPALES/Modulo Tarea Compensacion/Administracion Embargos por Fecha/input_Ir_nav_t66_input"), 0): Object 'Object Repository/1-OBJECTS TAREAS PRINCIPALES/Modulo Tarea Compensacion/Administracion Embargos por Fecha/input_Ir_nav_t66_input' is clickable

2022-06-10 09:07:44 - [MESSAGE][WARNING] - Timeout '0' is invalid. Using default page load timeout: '37'

2022-06-10 09:07:44 - [MESSAGE][PASSED] - Object 'Object Repository/1-OBJECTS TAREAS PRINCIPALES/Modulo Tarea Compensacion/Administracion Embargos por Fecha/input_Ir_nav_t66_input' is clickable

2022-06-10 09:07:44 - [TEST_STEP][PASSED] - setText(findTestObject("1-OBJECTS TAREAS PRINCIPALES/Modulo Tarea Compensacion/Administracion Embargos por Fecha/input_Ir_nav_t66_input"), "Administracion Embargos"): Text 'Administracion Embargos' is set on object 'Object Repository/1-OBJECTS TAREAS PRINCIPALES/Modulo Tarea Compensacion/Administracion Embargos por Fecha/input_Ir_nav_t66_input'

2022-06-10 09:07:45 - [MESSAGE][PASSED] - Text 'Administracion Embargos' is set on object 'Object Repository/1-OBJECTS TAREAS PRINCIPALES/Modulo Tarea Compensacion/Administracion Embargos por Fecha/input_Ir_nav_t66_input'

2022-06-10 09:07:45 - [TEST_STEP][PASSED] - waitForElementVisible(findTestObject("1-OBJECTS TAREAS PRINCIPALES/Modulo Tarea Compensacion/Administracion Embargos por Fecha/input_Ir_nav_t66_input"), 0): Object 'Object Repository/1-OBJECTS TAREAS PRINCIPALES/Modulo Tarea Compensacion/Administracion Embargos por Fecha/input_Ir_nav_t66_input' is visible

2022-06-10 09:07:45 - [MESSAGE][WARNING] - Timeout '0' is invalid. Using default page load timeout: '37'

2022-06-10 09:07:45 - [MESSAGE][PASSED] - Object 'Object Repository/1-OBJECTS TAREAS PRINCIPALES/Modulo Tarea Compensacion/Administracion Embargos por Fecha/input_Ir_nav_t66_input' is visible

2022-06-10 09:07:45 - [TEST_STEP][PASSED] - click(findTestObject("1-OBJECTS TAREAS PRINCIPALES/Modulo Tarea Compensacion/Administracion Embargos por Periodo/span_Administracion Embargos")): Object: 'Object Repository/1-OBJECTS TAREAS PRINCIPALES/Modulo Tarea Compensacion/Administracion Embargos por Periodo/span_Administracion Embargos' is clicked on

2022-06-10 09:07:46 - [MESSAGE][PASSED] - Object: 'Object Repository/1-OBJECTS TAREAS PRINCIPALES/Modulo Tarea Compensacion/Administracion Embargos por Periodo/span_Administracion Embargos' is clicked on

2022-06-10 09:07:46 - [TEST_STEP][PASSED] - click(findTestObject("1-OBJECTS TAREAS PRINCIPALES/Modulo Tarea Compensacion/Administracion Embargos por Fecha/span_Generacion Por Fechas")): Object: 'Object Repository/1-OBJECTS TAREAS PRINCIPALES/Modulo Tarea Compensacion/Administracion Embargos por Fecha/span_Generacion Por Fechas' is clicked on

2022-06-10 09:07:47 - [MESSAGE][PASSED] - Object: 'Object Repository/1-OBJECTS TAREAS PRINCIPALES/Modulo Tarea Compensacion/Administracion Embargos por Fecha/span_Generacion Por Fechas' is clicked on

2022-06-10 09:07:47 - [TEST_STEP][PASSED] - setText(findTestObject("1-OBJECTS TAREAS PRINCIPALES/Modulo Tarea Compensacion/Administracion Embargos por Fecha/input_Fecha Inicial_banco_agra"), "01/01/2019"): Text '01/01/2019' is set on object 'Object Repository/1-OBJECTS TAREAS PRINCIPALES/Modulo Tarea Compensacion/Administracion Embargos por Fecha/input_Fecha Inicial_banco_agra'

2022-06-10 09:07:48 - [MESSAGE][PASSED] - Text '01/01/2019' is set on object 'Object Repository/1-OBJECTS TAREAS PRINCIPALES/Modulo Tarea Compensacion/Administracion Embargos por Fecha/input_Fecha Inicial_banco_agra'

2022-06-10 09:07:48 - [TEST_STEP][PASSED] - sendKeys(findTestObject("1-OBJECTS TAREAS PRINCIPALES/Modulo Tarea Compensacion/Administracion Embargos por Fecha/input_Fecha Inicial_banco_agra"), Keys.chord(ENTER)): Keys 'ENTER + ' sent to object: 'Object Repository/1-OBJECTS TAREAS PRINCIPALES/Modulo Tarea Compensacion/Administracion Embargos por Fecha/input_Fecha Inicial_banco_agra'

2022-06-10 09:07:49 - [MESSAGE][PASSED] - Keys 'ENTER + ' sent to object: 'Object Repository/1-OBJECTS TAREAS PRINCIPALES/Modulo Tarea Compensacion/Administracion Embargos por Fecha/input_Fecha Inicial_banco_agra'

2022-06-10 09:07:49 - [TEST_STEP][PASSED] - setText(findTestObject("1-OBJECTS TAREAS PRINCIPALES/Modulo Tarea Compensacion/Administracion Embargos por Fecha/input_Fecha Final_banco_agrari"), "31/01/2019"): Text '31/01/2019' is set on object 'Object Repository/1-OBJECTS TAREAS PRINCIPALES/Modulo Tarea Compensacion/Administracion Embargos por Fecha/input_Fecha Final_banco_agrari'

2022-06-10 09:07:49 - [MESSAGE][PASSED] - Text '31/01/2019' is set on object 'Object Repository/1-OBJECTS TAREAS PRINCIPALES/Modulo Tarea Compensacion/Administracion Embargos por Fecha/input_Fecha Final_banco_agrari'

2022-06-10 09:07:49 - [TEST_STEP][PASSED] - sendKeys(findTestObject("1-OBJECTS TAREAS PRINCIPALES/Modulo Tarea Compensacion/Administracion Embargos por Fecha/input_Fecha Final_banco_agrari"), Keys.chord(ENTER)): Keys 'ENTER + ' sent to object: 'Object Repository/1-OBJECTS TAREAS PRINCIPALES/Modulo Tarea Compensacion/Administracion Embargos por Fecha/input_Fecha Final_banco_agrari'

2022-06-10 09:07:50 - [MESSAGE][PASSED] - Keys 'ENTER + ' sent to object: 'Object Repository/1-OBJECTS TAREAS PRINCIPALES/Modulo Tarea Compensacion/Administracion Embargos por Fecha/input_Fecha Final_banco_agrari'

2022-06-10 09:07:50 - [TEST_STEP][PASSED] - waitForElementClickable(findTestObject("1-OBJECTS TAREAS PRINCIPALES/Modulo Tarea Compensacion/Verificacion de campo Total Abonado/a_Nombre Funcionario_listadoEm"), 0): Object 'Object Repository/1-OBJECTS TAREAS PRINCIPALES/Modulo Tarea Compensacion/Verificacion de campo Total Abonado/a_Nombre Funcionario_listadoEm' is clickable

2022-06-10 09:07:50 - [MESSAGE][WARNING] - Timeout '0' is invalid. Using default page load timeout: '37'

2022-06-10 09:07:50 - [MESSAGE][PASSED] - Object 'Object Repository/1-OBJECTS TAREAS PRINCIPALES/Modulo Tarea Compensacion/Verificacion de campo Total Abonado/a_Nombre Funcionario_listadoEm' is clickable

2022-06-10 09:07:50 - [TEST_STEP][PASSED] - click(findTestObject("1-OBJECTS TAREAS PRINCIPALES/Modulo Tarea Compensacion/Administracion Embargos por Fecha/input_Tipo Periodo_banco_agrar")): Object: 'Object Repository/1-OBJECTS TAREAS PRINCIPALES/Modulo Tarea Compensacion/Administracion Embargos por Fecha/input_Tipo Periodo_banco_agrar' is clicked on

2022-06-10 09:07:51 - [MESSAGE][PASSED] - Object: 'Object Repository/1-OBJECTS TAREAS PRINCIPALES/Modulo Tarea Compensacion/Administracion Embargos por Fecha/input_Tipo Periodo_banco_agrar' is clicked on

2022-06-10 09:07:51 - [TEST_STEP][PASSED] - click(findTestObject("1-OBJECTS TAREAS PRINCIPALES/Modulo Tarea Compensacion/Administracion Embargos por Fecha/span_Generar")): Object: 'Object Repository/1-OBJECTS TAREAS PRINCIPALES/Modulo Tarea Compensacion/Administracion Embargos por Fecha/span_Generar' is clicked on

2022-06-10 09:07:51 - [MESSAGE][PASSED] - Object: 'Object Repository/1-OBJECTS TAREAS PRINCIPALES/Modulo Tarea Compensacion/Administracion Embargos por Fecha/span_Generar' is clicked on

2022-06-10 09:07:51 - [TEST_STEP][PASSED] - click(findTestObject("1-OBJECTS TAREAS PRINCIPALES/Modulo Tarea Compensacion/Administracion Embargos por Fecha/span_Archivo")): Object: 'Object Repository/1-OBJECTS TAREAS PRINCIPALES/Modulo Tarea Compensacion/Administracion Embargos por Fecha/span_Archivo' is clicked on

2022-06-10 09:07:52 - [MESSAGE][PASSED] - Object: 'Object Repository/1-OBJECTS TAREAS PRINCIPALES/Modulo Tarea Compensacion/Administracion Embargos por Fecha/span_Archivo' is clicked on

2022-06-10 09:07:52 - [TEST_STEP][PASSED] - click(findTestObject("1-OBJECTS TAREAS PRINCIPALES/Modulo Tarea Compensacion/Administracion Embargos por Fecha/span_Si")): Object: 'Object Repository/1-OBJECTS TAREAS PRINCIPALES/Modulo Tarea Compensacion/Administracion Embargos por Fecha/span_Si' is clicked on

2022-06-10 09:07:52 - [MESSAGE][PASSED] - Object: 'Object Repository/1-OBJECTS TAREAS PRINCIPALES/Modulo Tarea Compensacion/Administracion Embargos por Fecha/span_Si' is clicked on

2022-06-10 09:07:52 - [MESSAGE][PASSED] - Call Test Case 'Test Cases/Utilidades-(atajos_para _tareas)/Tareas Administracion Compensacion/Administracion embargos por Fecha' successfully

2022-06-10 09:07:52 - [TEST_STEP][PASSED] - callTestCase(findTestCase("Utilidades-(atajos_para _tareas)/Tareas Administracion Compensacion/Administracion embargos por Periodos"), [:], STOP_ON_FAILURE): Call Test Case 'Test Cases/Utilidades-(atajos_para _tareas)/Tareas Administracion Compensacion/Administracion embargos por Periodos' successfully

2022-06-10 09:07:53 - [TEST_CASE][PASSED] - Test Cases/Utilidades-(atajos_para _tareas)/Tareas Administracion Compensacion/Administracion embargos por Periodos: Test Cases/Utilidades-(atajos_para _tareas)/Tareas Administracion Compensacion/Administracion embargos por Periodos

2022-06-10 09:07:53 - [TEST_STEP][PASSED] - callTestCase(findTestCase("Utilidades-(atajos_para _tareas)/Modulos/Modulo Administracion Compensacion"), [:], STOP_ON_FAILURE): Call Test Case 'Test Cases/Utilidades-(atajos_para _tareas)/Modulos/Modulo Administracion Compensacion' successfully

2022-06-10 09:07:53 - [TEST_CASE][PASSED] - Test Cases/Utilidades-(atajos_para _tareas)/Modulos/Modulo Administracion Compensacion: Test Cases/Utilidades-(atajos_para _tareas)/Modulos/Modulo Administracion Compensacion

2022-06-10 09:07:53 - [TEST_STEP][PASSED] - callTestCase(findTestCase("0.1-Login"), [:], STOP_ON_FAILURE): Call Test Case 'Test Cases/0.1-Login' successfully

2022-06-10 09:07:53 - [TEST_CASE][PASSED] - Test Cases/0.1-Login: Test Cases/0.1-Login

2022-06-10 09:07:53 - [TEST_STEP][PASSED] - openBrowser(""): Browser is opened with url: ''

2022-06-10 09:07:53 - [MESSAGE][WARNING] - A browser is already opened. Closing browser and opening a new one

2022-06-10 09:07:54 - [MESSAGE][INFO] - Starting 'Chrome' driver

2022-06-10 09:07:54 - [MESSAGE][INFO] - Action delay is set to 0 milliseconds

2022-06-10 09:07:55 - [MESSAGE][PASSED] - Browser is opened with url: ''

2022-06-10 09:07:55 - [TEST_STEP][PASSED] - maximizeWindow(): Current window maximized

2022-06-10 09:07:55 - [MESSAGE][PASSED] - Current window maximized

2022-06-10 09:07:55 - [TEST_STEP][PASSED] - i = G_Login: null

2022-06-10 09:07:55 - [TEST_STEP][PASSED] - url = new java.net.URL(i): null

2022-06-10 09:07:55 - [TEST_STEP][PASSED] - println("URL: " + url.toString()): null

2022-06-10 09:07:55 - [TEST_STEP][PASSED] - connection = url.openConnection(): null

2022-06-10 09:07:55 - [TEST_STEP][PASSED] - connection.setRequestMethod("GET"): null

2022-06-10 09:07:55 - [TEST_STEP][PASSED] - connection.setReadTimeout(2 * 1000): null

2022-06-10 09:07:55 - [TEST_STEP][PASSED] - try: null

2022-06-10 09:07:55 - [TEST_STEP][PASSED] - connection.connect(): null

2022-06-10 09:07:55 - [TEST_STEP][PASSED] - flag = connected: null

2022-06-10 09:07:55 - [TEST_STEP][PASSED] - println("Valor_ori: " + flag): null

2022-06-10 09:07:55 - [TEST_STEP][PASSED] - if (flag): null

2022-06-10 09:07:55 - [TEST_STEP][PASSED] - navigateToUrl(i): Navigate to 'http://192.168.2.19:8380/saraweb' successfully

2022-06-10 09:07:56 - [MESSAGE][PASSED] - Navigate to 'http://192.168.2.19:8380/saraweb' successfully

2022-06-10 09:07:56 - [TEST_STEP][PASSED] - a(): null

2022-06-10 09:07:56 - [TEST_STEP][PASSED] - setText(findTestObject("3-OBJECTS UTILIDADES/Login/input_USUARIO_loginusuario"), G_Usuario): Text 'saraadmin' is set on object 'Object Repository/3-OBJECTS UTILIDADES/Login/input_USUARIO_loginusuario'

2022-06-10 09:07:56 - [MESSAGE][PASSED] - Text 'saraadmin' is set on object 'Object Repository/3-OBJECTS UTILIDADES/Login/input_USUARIO_loginusuario'

2022-06-10 09:07:56 - [TEST_STEP][PASSED] - setEncryptedText(findTestObject("3-OBJECTS UTILIDADES/Login/input_CLAVE_loginpassword"), "MkG4/TYiCFC3cb2driP7+Q=="): Text ****** has been set on object 'Object Repository/3-OBJECTS UTILIDADES/Login/input_CLAVE_loginpassword'

2022-06-10 09:07:57 - [MESSAGE][PASSED] - Text ****** has been set on object 'Object Repository/3-OBJECTS UTILIDADES/Login/input_CLAVE_loginpassword'

2022-06-10 09:07:57 - [TEST_STEP][PASSED] - waitForElementClickable(findTestObject("3-OBJECTS UTILIDADES/Login/a_Ingresar"), G_TimeOut): Object 'Object Repository/3-OBJECTS UTILIDADES/Login/a_Ingresar' is clickable

2022-06-10 09:07:57 - [MESSAGE][PASSED] - Object 'Object Repository/3-OBJECTS UTILIDADES/Login/a_Ingresar' is clickable

2022-06-10 09:07:57 - [TEST_STEP][PASSED] - click(findTestObject("3-OBJECTS UTILIDADES/Login/a_Ingresar")): Object: 'Object Repository/3-OBJECTS UTILIDADES/Login/a_Ingresar' is clicked on

2022-06-10 09:07:58 - [MESSAGE][PASSED] - Object: 'Object Repository/3-OBJECTS UTILIDADES/Login/a_Ingresar' is clicked on

2022-06-10 09:07:58 - [TEST_STEP][PASSED] - element = findWebElement(findTestObject("3-OBJECTS UTILIDADES/Login/a_Ir"), 30): null

2022-06-10 09:07:59 - [TEST_STEP][PASSED] - executeJavaScript("arguments[0].click()", Arrays.asList(element)): Execute JavaScript 'arguments[0].click()' successfully

2022-06-10 09:07:59 - [MESSAGE][PASSED] - Execute JavaScript 'arguments[0].click()' successfully

2022-06-10 09:07:59 - [MESSAGE][PASSED] - Call Test Case 'Test Cases/0.1-Login' successfully

2022-06-10 09:07:59 - [TEST_STEP][PASSED] - waitForElementVisible(findTestObject("3-OBJECTS UTILIDADES/Modulo Administracion Compensacion/span_Administracin Compensacin"), 0): Object 'Object Repository/3-OBJECTS UTILIDADES/Modulo Administracion Compensacion/span_Administracin Compensacin' is visible

2022-06-10 09:07:59 - [MESSAGE][WARNING] - Timeout '0' is invalid. Using default page load timeout: '37'

2022-06-10 09:07:59 - [MESSAGE][PASSED] - Object 'Object Repository/3-OBJECTS UTILIDADES/Modulo Administracion Compensacion/span_Administracin Compensacin' is visible

2022-06-10 09:07:59 - [TEST_STEP][PASSED] - click(findTestObject("3-OBJECTS UTILIDADES/Modulo Administracion Compensacion/span_Administracin Compensacin")): Object: 'Object Repository/3-OBJECTS UTILIDADES/Modulo Administracion Compensacion/span_Administracin Compensacin' is clicked on

2022-06-10 09:08:00 - [MESSAGE][PASSED] - Object: 'Object Repository/3-OBJECTS UTILIDADES/Modulo Administracion Compensacion/span_Administracin Compensacin' is clicked on

2022-06-10 09:08:00 - [MESSAGE][PASSED] - Call Test Case 'Test Cases/Utilidades-(atajos_para _tareas)/Modulos/Modulo Administracion Compensacion' successfully

2022-06-10 09:08:00 - [TEST_STEP][PASSED] - waitForElementClickable(findTestObject("1-OBJECTS TAREAS PRINCIPALES/Modulo Tarea Compensacion/Administracion Embargos por Fecha/input_Ir_nav_t66_input"), 0): Object 'Object Repository/1-OBJECTS TAREAS PRINCIPALES/Modulo Tarea Compensacion/Administracion Embargos por Fecha/input_Ir_nav_t66_input' is clickable

2022-06-10 09:08:00 - [MESSAGE][WARNING] - Timeout '0' is invalid. Using default page load timeout: '37'

2022-06-10 09:08:01 - [MESSAGE][PASSED] - Object 'Object Repository/1-OBJECTS TAREAS PRINCIPALES/Modulo Tarea Compensacion/Administracion Embargos por Fecha/input_Ir_nav_t66_input' is clickable

2022-06-10 09:08:01 - [TEST_STEP][PASSED] - setText(findTestObject("1-OBJECTS TAREAS PRINCIPALES/Modulo Tarea Compensacion/Administracion Embargos por Fecha/input_Ir_nav_t66_input"), "Administracion Embargos"): Text 'Administracion Embargos' is set on object 'Object Repository/1-OBJECTS TAREAS PRINCIPALES/Modulo Tarea Compensacion/Administracion Embargos por Fecha/input_Ir_nav_t66_input'

2022-06-10 09:08:01 - [MESSAGE][PASSED] - Text 'Administracion Embargos' is set on object 'Object Repository/1-OBJECTS TAREAS PRINCIPALES/Modulo Tarea Compensacion/Administracion Embargos por Fecha/input_Ir_nav_t66_input'

2022-06-10 09:08:01 - [TEST_STEP][PASSED] - waitForElementVisible(findTestObject("1-OBJECTS TAREAS PRINCIPALES/Modulo Tarea Compensacion/Administracion Embargos por Periodo/span_Administracion Embargos"), 0): Object 'Object Repository/1-OBJECTS TAREAS PRINCIPALES/Modulo Tarea Compensacion/Administracion Embargos por Periodo/span_Administracion Embargos' is visible

2022-06-10 09:08:01 - [MESSAGE][WARNING] - Timeout '0' is invalid. Using default page load timeout: '37'

2022-06-10 09:08:03 - [MESSAGE][PASSED] - Object 'Object Repository/1-OBJECTS TAREAS PRINCIPALES/Modulo Tarea Compensacion/Administracion Embargos por Periodo/span_Administracion Embargos' is visible

2022-06-10 09:08:03 - [TEST_STEP][PASSED] - click(findTestObject("1-OBJECTS TAREAS PRINCIPALES/Modulo Tarea Compensacion/Administracion Embargos por Periodo/span_Administracion Embargos")): Object: 'Object Repository/1-OBJECTS TAREAS PRINCIPALES/Modulo Tarea Compensacion/Administracion Embargos por Periodo/span_Administracion Embargos' is clicked on

2022-06-10 09:08:03 - [MESSAGE][PASSED] - Object: 'Object Repository/1-OBJECTS TAREAS PRINCIPALES/Modulo Tarea Compensacion/Administracion Embargos por Periodo/span_Administracion Embargos' is clicked on

2022-06-10 09:08:03 - [TEST_STEP][PASSED] - click(findTestObject("1-OBJECTS TAREAS PRINCIPALES/Modulo Tarea Compensacion/Administracion Embargos por Periodo/span_Generacin Por Periodos")): Object: 'Object Repository/1-OBJECTS TAREAS PRINCIPALES/Modulo Tarea Compensacion/Administracion Embargos por Periodo/span_Generacin Por Periodos' is clicked on

2022-06-10 09:08:04 - [MESSAGE][PASSED] - Object: 'Object Repository/1-OBJECTS TAREAS PRINCIPALES/Modulo Tarea Compensacion/Administracion Embargos por Periodo/span_Generacin Por Periodos' is clicked on

2022-06-10 09:08:04 - [TEST_STEP][PASSED] - waitForElementClickable(findTestObject("1-OBJECTS TAREAS PRINCIPALES/Modulo Tarea Compensacion/Administracion Embargos por Periodo/input_BANCO AGRARIO_banco_agra"), 0): Object 'Object Repository/1-OBJECTS TAREAS PRINCIPALES/Modulo Tarea Compensacion/Administracion Embargos por Periodo/input_BANCO AGRARIO_banco_agra' is clickable

2022-06-10 09:08:04 - [MESSAGE][WARNING] - Timeout '0' is invalid. Using default page load timeout: '37'

2022-06-10 09:08:05 - [MESSAGE][PASSED] - Object 'Object Repository/1-OBJECTS TAREAS PRINCIPALES/Modulo Tarea Compensacion/Administracion Embargos por Periodo/input_BANCO AGRARIO_banco_agra' is clickable

2022-06-10 09:08:05 - [TEST_STEP][PASSED] - click(findTestObject("1-OBJECTS TAREAS PRINCIPALES/Modulo Tarea Compensacion/Administracion Embargos por Periodo/input_BANCO AGRARIO_banco_agra")): Object: 'Object Repository/1-OBJECTS TAREAS PRINCIPALES/Modulo Tarea Compensacion/Administracion Embargos por Periodo/input_BANCO AGRARIO_banco_agra' is clicked on

2022-06-10 09:08:05 - [MESSAGE][PASSED] - Object: 'Object Repository/1-OBJECTS TAREAS PRINCIPALES/Modulo Tarea Compensacion/Administracion Embargos por Periodo/input_BANCO AGRARIO_banco_agra' is clicked on

2022-06-10 09:08:05 - [TEST_STEP][PASSED] - waitForElementClickable(findTestObject("1-OBJECTS TAREAS PRINCIPALES/Modulo Tarea Compensacion/Administracion Embargos por Periodo/a_Periodo_banco_agrario_t302"), 0): Object 'Object Repository/1-OBJECTS TAREAS PRINCIPALES/Modulo Tarea Compensacion/Administracion Embargos por Periodo/a_Periodo_banco_agrario_t302' is clickable

2022-06-10 09:08:05 - [MESSAGE][WARNING] - Timeout '0' is invalid. Using default page load timeout: '37'

2022-06-10 09:08:06 - [MESSAGE][PASSED] - Object 'Object Repository/1-OBJECTS TAREAS PRINCIPALES/Modulo Tarea Compensacion/Administracion Embargos por Periodo/a_Periodo_banco_agrario_t302' is clickable

2022-06-10 09:08:06 - [TEST_STEP][PASSED] - click(findTestObject("1-OBJECTS TAREAS PRINCIPALES/Modulo Tarea Compensacion/Administracion Embargos por Periodo/a_Periodo_banco_agrario_t302")): Object: 'Object Repository/1-OBJECTS TAREAS PRINCIPALES/Modulo Tarea Compensacion/Administracion Embargos por Periodo/a_Periodo_banco_agrario_t302' is clicked on

2022-06-10 09:08:06 - [MESSAGE][PASSED] - Object: 'Object Repository/1-OBJECTS TAREAS PRINCIPALES/Modulo Tarea Compensacion/Administracion Embargos por Periodo/a_Periodo_banco_agrario_t302' is clicked on

2022-06-10 09:08:06 - [TEST_STEP][PASSED] - waitForElementClickable(findTestObject("1-OBJECTS TAREAS PRINCIPALES/Modulo Tarea Compensacion/Administracion Embargos por Periodo/span_Mensual Noviembre"), 0): Object 'Object Repository/1-OBJECTS TAREAS PRINCIPALES/Modulo Tarea Compensacion/Administracion Embargos por Periodo/span_Mensual Noviembre' is clickable

2022-06-10 09:08:06 - [MESSAGE][WARNING] - Timeout '0' is invalid. Using default page load timeout: '37'

2022-06-10 09:08:07 - [MESSAGE][PASSED] - Object 'Object Repository/1-OBJECTS TAREAS PRINCIPALES/Modulo Tarea Compensacion/Administracion Embargos por Periodo/span_Mensual Noviembre' is clickable

2022-06-10 09:08:07 - [TEST_STEP][PASSED] - click(findTestObject("1-OBJECTS TAREAS PRINCIPALES/Modulo Tarea Compensacion/Administracion Embargos por Periodo/span_Mensual Noviembre")): Object: 'Object Repository/1-OBJECTS TAREAS PRINCIPALES/Modulo Tarea Compensacion/Administracion Embargos por Periodo/span_Mensual Noviembre' is clicked on

2022-06-10 09:08:07 - [MESSAGE][PASSED] - Object: 'Object Repository/1-OBJECTS TAREAS PRINCIPALES/Modulo Tarea Compensacion/Administracion Embargos por Periodo/span_Mensual Noviembre' is clicked on

2022-06-10 09:08:07 - [TEST_STEP][PASSED] - waitForElementClickable(findTestObject("1-OBJECTS TAREAS PRINCIPALES/Modulo Tarea Compensacion/Administracion Embargos por Periodo/span_Generar"), 0): Object 'Object Repository/1-OBJECTS TAREAS PRINCIPALES/Modulo Tarea Compensacion/Administracion Embargos por Periodo/span_Generar' is clickable

2022-06-10 09:08:07 - [MESSAGE][WARNING] - Timeout '0' is invalid. Using default page load timeout: '37'

2022-06-10 09:08:08 - [MESSAGE][PASSED] - Object 'Object Repository/1-OBJECTS TAREAS PRINCIPALES/Modulo Tarea Compensacion/Administracion Embargos por Periodo/span_Generar' is clickable

2022-06-10 09:08:08 - [TEST_STEP][PASSED] - click(findTestObject("1-OBJECTS TAREAS PRINCIPALES/Modulo Tarea Compensacion/Administracion Embargos por Periodo/span_Generar")): Object: 'Object Repository/1-OBJECTS TAREAS PRINCIPALES/Modulo Tarea Compensacion/Administracion Embargos por Periodo/span_Generar' is clicked on

2022-06-10 09:08:08 - [MESSAGE][PASSED] - Object: 'Object Repository/1-OBJECTS TAREAS PRINCIPALES/Modulo Tarea Compensacion/Administracion Embargos por Periodo/span_Generar' is clicked on

2022-06-10 09:08:08 - [TEST_STEP][PASSED] - waitForElementClickable(findTestObject("1-OBJECTS TAREAS PRINCIPALES/Modulo Tarea Compensacion/Administracion Embargos por Periodo/span_Archivo"), 0): Object 'Object Repository/1-OBJECTS TAREAS PRINCIPALES/Modulo Tarea Compensacion/Administracion Embargos por Periodo/span_Archivo' is clickable

2022-06-10 09:08:08 - [MESSAGE][WARNING] - Timeout '0' is invalid. Using default page load timeout: '37'

2022-06-10 09:08:09 - [MESSAGE][PASSED] - Object 'Object Repository/1-OBJECTS TAREAS PRINCIPALES/Modulo Tarea Compensacion/Administracion Embargos por Periodo/span_Archivo' is clickable

2022-06-10 09:08:09 - [TEST_STEP][PASSED] - click(findTestObject("1-OBJECTS TAREAS PRINCIPALES/Modulo Tarea Compensacion/Administracion Embargos por Periodo/span_Archivo")): Object: 'Object Repository/1-OBJECTS TAREAS PRINCIPALES/Modulo Tarea Compensacion/Administracion Embargos por Periodo/span_Archivo' is clicked on

2022-06-10 09:08:09 - [MESSAGE][PASSED] - Object: 'Object Repository/1-OBJECTS TAREAS PRINCIPALES/Modulo Tarea Compensacion/Administracion Embargos por Periodo/span_Archivo' is clicked on

2022-06-10 09:08:09 - [TEST_STEP][PASSED] - click(findTestObject("1-OBJECTS TAREAS PRINCIPALES/Modulo Tarea Compensacion/Administracion Embargos por Periodo/span_Si")): Object: 'Object Repository/1-OBJECTS TAREAS PRINCIPALES/Modulo Tarea Compensacion/Administracion Embargos por Periodo/span_Si' is clicked on

2022-06-10 09:08:10 - [MESSAGE][PASSED] - Object: 'Object Repository/1-OBJECTS TAREAS PRINCIPALES/Modulo Tarea Compensacion/Administracion Embargos por Periodo/span_Si' is clicked on

2022-06-10 09:08:10 - [MESSAGE][PASSED] - Call Test Case 'Test Cases/Utilidades-(atajos_para _tareas)/Tareas Administracion Compensacion/Administracion embargos por Periodos' successfully

2022-06-10 09:08:10 - [TEST_STEP][PASSED] - closeBrowser(): Browser is closed

2022-06-10 09:08:10 - [MESSAGE][PASSED] - Browser is closed]]></system-out>
         <system-err><![CDATA[]]></system-err>
      </testcase>
      <testcase name="Test Cases/1.1-Tareas Principales/1.5.2-Liquidacion Entidad Externa" time="49.178" classname="Test Cases/1.1-Tareas Principales/1.5.2-Liquidacion Entidad Externa" status="FAILED">
         <failure type="FAILED" message="Test Cases/1.1-Tareas Principales/1.5.2-Liquidacion Entidad Externa FAILED.
Reason:
com.kms.katalon.core.exception.StepFailedException: Unable to select option by index '1' of object 'Object Repository/1-OBJECTS TAREAS PRINCIPALES/Modulo Tarea Compensacion/Liquidacion Entidad Externa/select_--Seleccione--APORTE AF'
	at com.kms.katalon.core.webui.keyword.internal.WebUIKeywordMain.stepFailed(WebUIKeywordMain.groovy:64)
	at com.kms.katalon.core.webui.keyword.internal.WebUIKeywordMain.runKeyword(WebUIKeywordMain.groovy:26)
	at com.kms.katalon.core.webui.keyword.builtin.SelectOptionByIndexKeyword.selectOptionByIndex(SelectOptionByIndexKeyword.groovy:93)
	at com.kms.katalon.core.webui.keyword.builtin.SelectOptionByIndexKeyword.execute(SelectOptionByIndexKeyword.groovy:68)
	at com.kms.katalon.core.keyword.internal.KeywordExecutor.executeKeywordForPlatform(KeywordExecutor.groovy:74)
	at com.kms.katalon.core.webui.keyword.WebUiBuiltInKeywords.selectOptionByIndex(WebUiBuiltInKeywords.groovy:1114)
	at com.kms.katalon.core.webui.keyword.WebUiBuiltInKeywords$selectOptionByIndex$18.call(Unknown Source)
	at 1.5.2-Liquidacion Entidad Externa.run(1.5.2-Liquidacion Entidad Externa:69)
	at com.kms.katalon.core.main.ScriptEngine.run(ScriptEngine.java:194)
	at com.kms.katalon.core.main.ScriptEngine.runScriptAsRawText(ScriptEngine.java:119)
	at com.kms.katalon.core.main.TestCaseExecutor.runScript(TestCaseExecutor.java:445)
	at com.kms.katalon.core.main.TestCaseExecutor.doExecute(TestCaseExecutor.java:436)
	at com.kms.katalon.core.main.TestCaseExecutor.processExecutionPhase(TestCaseExecutor.java:415)
	at com.kms.katalon.core.main.TestCaseExecutor.accessMainPhase(TestCaseExecutor.java:407)
	at com.kms.katalon.core.main.TestCaseExecutor.execute(TestCaseExecutor.java:284)
	at com.kms.katalon.core.common.CommonExecutor.accessTestCaseMainPhase(CommonExecutor.java:65)
	at com.kms.katalon.core.main.TestSuiteExecutor.accessTestSuiteMainPhase(TestSuiteExecutor.java:144)
	at com.kms.katalon.core.main.TestSuiteExecutor.execute(TestSuiteExecutor.java:106)
	at com.kms.katalon.core.main.TestCaseMain.startTestSuite(TestCaseMain.java:185)
	at com.kms.katalon.core.main.TestCaseMain$startTestSuite$0.call(Unknown Source)
	at TempTestSuite1654867643956.run(TempTestSuite1654867643956.groovy:36)
Caused by: com.kms.katalon.core.webui.exception.WebElementNotFoundException: Web element with id: 'Object Repository/1-OBJECTS TAREAS PRINCIPALES/Modulo Tarea Compensacion/Liquidacion Entidad Externa/select_--Seleccione--APORTE AF' located by '//select[@id = 'form_popUpTraeLiquidacionesEntidadesExternas:tipoServicio' and @name = 'form_popUpTraeLiquidacionesEntidadesExternas:tipoServicio' and (text() = '	--Seleccione--
	APORTE AFC
	FONDO VOLUNTARIO DE PENSIONES
	BANCO DESTINO
	MEDICINA PREPAGADA
' or . = '	--Seleccione--
	APORTE AFC
	FONDO VOLUNTARIO DE PENSIONES
	BANCO DESTINO
	MEDICINA PREPAGADA
')]' not found
	at com.kms.katalon.core.webui.common.WebUiCommonHelper.findWebElement(WebUiCommonHelper.java:1370)
	at com.kms.katalon.core.webui.keyword.internal.WebUIAbstractKeyword.findWebElement(WebUIAbstractKeyword.groovy:27)
	at com.kms.katalon.core.webui.keyword.internal.WebUIAbstractKeyword.findWebElement(WebUIAbstractKeyword.groovy:26)
	at com.kms.katalon.core.webui.keyword.builtin.SelectOptionByIndexKeyword$_selectOptionByIndex_closure1.doCall(SelectOptionByIndexKeyword.groovy:84)
	at com.kms.katalon.core.webui.keyword.builtin.SelectOptionByIndexKeyword$_selectOptionByIndex_closure1.call(SelectOptionByIndexKeyword.groovy)
	at com.kms.katalon.core.webui.keyword.internal.WebUIKeywordMain.runKeyword(WebUIKeywordMain.groovy:20)
	... 19 more
"/>
         <system-out><![CDATA[2022-06-10 09:08:10 - [TEST_CASE][FAILED] - Test Cases/1.1-Tareas Principales/1.5.2-Liquidacion Entidad Externa: Test Cases/1.1-Tareas Principales/1.5.2-Liquidacion Entidad Externa FAILED.
Reason:
com.kms.katalon.core.exception.StepFailedException: Unable to select option by index '1' of object 'Object Repository/1-OBJECTS TAREAS PRINCIPALES/Modulo Tarea Compensacion/Liquidacion Entidad Externa/select_--Seleccione--APORTE AF'
	at com.kms.katalon.core.webui.keyword.internal.WebUIKeywordMain.stepFailed(WebUIKeywordMain.groovy:64)
	at com.kms.katalon.core.webui.keyword.internal.WebUIKeywordMain.runKeyword(WebUIKeywordMain.groovy:26)
	at com.kms.katalon.core.webui.keyword.builtin.SelectOptionByIndexKeyword.selectOptionByIndex(SelectOptionByIndexKeyword.groovy:93)
	at com.kms.katalon.core.webui.keyword.builtin.SelectOptionByIndexKeyword.execute(SelectOptionByIndexKeyword.groovy:68)
	at com.kms.katalon.core.keyword.internal.KeywordExecutor.executeKeywordForPlatform(KeywordExecutor.groovy:74)
	at com.kms.katalon.core.webui.keyword.WebUiBuiltInKeywords.selectOptionByIndex(WebUiBuiltInKeywords.groovy:1114)
	at com.kms.katalon.core.webui.keyword.WebUiBuiltInKeywords$selectOptionByIndex$18.call(Unknown Source)
	at 1.5.2-Liquidacion Entidad Externa.run(1.5.2-Liquidacion Entidad Externa:69)
	at com.kms.katalon.core.main.ScriptEngine.run(ScriptEngine.java:194)
	at com.kms.katalon.core.main.ScriptEngine.runScriptAsRawText(ScriptEngine.java:119)
	at com.kms.katalon.core.main.TestCaseExecutor.runScript(TestCaseExecutor.java:445)
	at com.kms.katalon.core.main.TestCaseExecutor.doExecute(TestCaseExecutor.java:436)
	at com.kms.katalon.core.main.TestCaseExecutor.processExecutionPhase(TestCaseExecutor.java:415)
	at com.kms.katalon.core.main.TestCaseExecutor.accessMainPhase(TestCaseExecutor.java:407)
	at com.kms.katalon.core.main.TestCaseExecutor.execute(TestCaseExecutor.java:284)
	at com.kms.katalon.core.common.CommonExecutor.accessTestCaseMainPhase(CommonExecutor.java:65)
	at com.kms.katalon.core.main.TestSuiteExecutor.accessTestSuiteMainPhase(TestSuiteExecutor.java:144)
	at com.kms.katalon.core.main.TestSuiteExecutor.execute(TestSuiteExecutor.java:106)
	at com.kms.katalon.core.main.TestCaseMain.startTestSuite(TestCaseMain.java:185)
	at com.kms.katalon.core.main.TestCaseMain$startTestSuite$0.call(Unknown Source)
	at TempTestSuite1654867643956.run(TempTestSuite1654867643956.groovy:36)
Caused by: com.kms.katalon.core.webui.exception.WebElementNotFoundException: Web element with id: 'Object Repository/1-OBJECTS TAREAS PRINCIPALES/Modulo Tarea Compensacion/Liquidacion Entidad Externa/select_--Seleccione--APORTE AF' located by '//select[@id = 'form_popUpTraeLiquidacionesEntidadesExternas:tipoServicio' and @name = 'form_popUpTraeLiquidacionesEntidadesExternas:tipoServicio' and (text() = '	--Seleccione--
	APORTE AFC
	FONDO VOLUNTARIO DE PENSIONES
	BANCO DESTINO
	MEDICINA PREPAGADA
' or . = '	--Seleccione--
	APORTE AFC
	FONDO VOLUNTARIO DE PENSIONES
	BANCO DESTINO
	MEDICINA PREPAGADA
')]' not found
	at com.kms.katalon.core.webui.common.WebUiCommonHelper.findWebElement(WebUiCommonHelper.java:1370)
	at com.kms.katalon.core.webui.keyword.internal.WebUIAbstractKeyword.findWebElement(WebUIAbstractKeyword.groovy:27)
	at com.kms.katalon.core.webui.keyword.internal.WebUIAbstractKeyword.findWebElement(WebUIAbstractKeyword.groovy:26)
	at com.kms.katalon.core.webui.keyword.builtin.SelectOptionByIndexKeyword$_selectOptionByIndex_closure1.doCall(SelectOptionByIndexKeyword.groovy:84)
	at com.kms.katalon.core.webui.keyword.builtin.SelectOptionByIndexKeyword$_selectOptionByIndex_closure1.call(SelectOptionByIndexKeyword.groovy)
	at com.kms.katalon.core.webui.keyword.internal.WebUIKeywordMain.runKeyword(WebUIKeywordMain.groovy:20)
	... 19 more


2022-06-10 09:08:11 - [TEST_STEP][PASSED] - RutaA = callTestCase(findTestCase("0.1.3-Detector_de folder_download"), [:], STOP_ON_FAILURE): Call Test Case 'Test Cases/0.1.3-Detector_de folder_download' successfully

2022-06-10 09:08:11 - [TEST_CASE][PASSED] - Test Cases/0.1.3-Detector_de folder_download: Test Cases/0.1.3-Detector_de folder_download

2022-06-10 09:08:11 - [TEST_STEP][PASSED] - ruta1 = "../": null

2022-06-10 09:08:11 - [TEST_STEP][PASSED] - ruta2 = "../../": null

2022-06-10 09:08:11 - [TEST_STEP][PASSED] - ruta3 = "../../../": null

2022-06-10 09:08:11 - [TEST_STEP][PASSED] - ruta4 = "../../../../": null

2022-06-10 09:08:11 - [TEST_STEP][PASSED] - fichero = new java.io.File(ruta1): null

2022-06-10 09:08:11 - [TEST_STEP][PASSED] - fichero1 = new java.io.File(ruta2): null

2022-06-10 09:08:11 - [TEST_STEP][PASSED] - fichero2 = new java.io.File(ruta3): null

2022-06-10 09:08:11 - [TEST_STEP][PASSED] - fichero3 = new java.io.File(ruta4): null

2022-06-10 09:08:11 - [TEST_STEP][PASSED] - Carpeta = "Downloads": null

2022-06-10 09:08:11 - [TEST_STEP][PASSED] - RutaA = "": null

2022-06-10 09:08:11 - [TEST_STEP][PASSED] - ResultF = "": null

2022-06-10 09:08:11 - [TEST_STEP][PASSED] - r = prueba(ruta1, fichero, Carpeta, RutaA): null

2022-06-10 09:08:11 - [TEST_STEP][PASSED] - dir = new java.io.File(fichero): null

2022-06-10 09:08:11 - [TEST_STEP][PASSED] - dirContents = dir.listFiles(): null

2022-06-10 09:08:11 - [TEST_STEP][PASSED] - out.println(dirContents): null

2022-06-10 09:08:11 - [TEST_STEP][PASSED] - for ([i = 0, i < length, (i++)]): null

2022-06-10 09:08:11 - [TEST_STEP][PASSED] - if (getName().equals(Carpeta)): null

2022-06-10 09:08:11 - [TEST_STEP][PASSED] - if (getName().equals(Carpeta)): null

2022-06-10 09:08:11 - [TEST_STEP][PASSED] - if (getName().equals(Carpeta)): null

2022-06-10 09:08:11 - [TEST_STEP][PASSED] - if (getName().equals(Carpeta)): null

2022-06-10 09:08:11 - [TEST_STEP][PASSED] - if (getName().equals(Carpeta)): null

2022-06-10 09:08:11 - [TEST_STEP][PASSED] - if (getName().equals(Carpeta)): null

2022-06-10 09:08:11 - [TEST_STEP][PASSED] - if (getName().equals(Carpeta)): null

2022-06-10 09:08:11 - [TEST_STEP][PASSED] - if (getName().equals(Carpeta)): null

2022-06-10 09:08:11 - [TEST_STEP][PASSED] - return false: null

2022-06-10 09:08:11 - [TEST_STEP][PASSED] - r1 = prueba1(ruta2, fichero1, Carpeta, RutaA): null

2022-06-10 09:08:11 - [TEST_STEP][PASSED] - dir = new java.io.File(fichero1): null

2022-06-10 09:08:11 - [TEST_STEP][PASSED] - dirContents = dir.listFiles(): null

2022-06-10 09:08:11 - [TEST_STEP][PASSED] - out.println(dirContents): null

2022-06-10 09:08:11 - [TEST_STEP][PASSED] - for ([i = 0, i < length, (i++)]): null

2022-06-10 09:08:11 - [TEST_STEP][PASSED] - if (getName().equals(Carpeta)): null

2022-06-10 09:08:11 - [TEST_STEP][PASSED] - if (getName().equals(Carpeta)): null

2022-06-10 09:08:11 - [TEST_STEP][PASSED] - if (getName().equals(Carpeta)): null

2022-06-10 09:08:11 - [TEST_STEP][PASSED] - if (getName().equals(Carpeta)): null

2022-06-10 09:08:11 - [TEST_STEP][PASSED] - if (getName().equals(Carpeta)): null

2022-06-10 09:08:11 - [TEST_STEP][PASSED] - if (getName().equals(Carpeta)): null

2022-06-10 09:08:11 - [TEST_STEP][PASSED] - if (getName().equals(Carpeta)): null

2022-06-10 09:08:11 - [TEST_STEP][PASSED] - if (getName().equals(Carpeta)): null

2022-06-10 09:08:11 - [TEST_STEP][PASSED] - if (getName().equals(Carpeta)): null

2022-06-10 09:08:11 - [TEST_STEP][PASSED] - if (getName().equals(Carpeta)): null

2022-06-10 09:08:11 - [TEST_STEP][PASSED] - if (getName().equals(Carpeta)): null

2022-06-10 09:08:11 - [TEST_STEP][PASSED] - if (getName().equals(Carpeta)): null

2022-06-10 09:08:11 - [TEST_STEP][PASSED] - if (getName().equals(Carpeta)): null

2022-06-10 09:08:11 - [TEST_STEP][PASSED] - if (getName().equals(Carpeta)): null

2022-06-10 09:08:11 - [TEST_STEP][PASSED] - if (getName().equals(Carpeta)): null

2022-06-10 09:08:11 - [TEST_STEP][PASSED] - if (getName().equals(Carpeta)): null

2022-06-10 09:08:11 - [TEST_STEP][PASSED] - if (getName().equals(Carpeta)): null

2022-06-10 09:08:11 - [TEST_STEP][PASSED] - if (getName().equals(Carpeta)): null

2022-06-10 09:08:11 - [TEST_STEP][PASSED] - if (getName().equals(Carpeta)): null

2022-06-10 09:08:11 - [TEST_STEP][PASSED] - if (getName().equals(Carpeta)): null

2022-06-10 09:08:11 - [TEST_STEP][PASSED] - if (getName().equals(Carpeta)): null

2022-06-10 09:08:11 - [TEST_STEP][PASSED] - if (getName().equals(Carpeta)): null

2022-06-10 09:08:11 - [TEST_STEP][PASSED] - if (getName().equals(Carpeta)): null

2022-06-10 09:08:11 - [TEST_STEP][PASSED] - if (getName().equals(Carpeta)): null

2022-06-10 09:08:11 - [TEST_STEP][PASSED] - if (getName().equals(Carpeta)): null

2022-06-10 09:08:11 - [TEST_STEP][PASSED] - if (getName().equals(Carpeta)): null

2022-06-10 09:08:11 - [TEST_STEP][PASSED] - if (getName().equals(Carpeta)): null

2022-06-10 09:08:11 - [TEST_STEP][PASSED] - if (getName().equals(Carpeta)): null

2022-06-10 09:08:11 - [TEST_STEP][PASSED] - if (getName().equals(Carpeta)): null

2022-06-10 09:08:11 - [TEST_STEP][PASSED] - if (getName().equals(Carpeta)): null

2022-06-10 09:08:11 - [TEST_STEP][PASSED] - if (dirContents[i].isDirectory()): null

2022-06-10 09:08:11 - [TEST_STEP][PASSED] - out.println(fichero1 + "Downloads"): null

2022-06-10 09:08:11 - [TEST_STEP][PASSED] - Resultado = fichero1 + "\Downloads": null

2022-06-10 09:08:11 - [TEST_STEP][PASSED] - out.println("Es una carpeta " + Resultado): null

2022-06-10 09:08:11 - [TEST_STEP][PASSED] - RutaA = Resultado: null

2022-06-10 09:08:11 - [TEST_STEP][PASSED] - return RutaA: null

2022-06-10 09:08:11 - [TEST_STEP][PASSED] - r2 = prueba2(ruta2, fichero1, Carpeta, RutaA): null

2022-06-10 09:08:11 - [TEST_STEP][PASSED] - dir = new java.io.File(fichero2): null

2022-06-10 09:08:11 - [TEST_STEP][PASSED] - dirContents = dir.listFiles(): null

2022-06-10 09:08:11 - [TEST_STEP][PASSED] - out.println(dirContents): null

2022-06-10 09:08:11 - [TEST_STEP][PASSED] - for ([i = 0, i < length, (i++)]): null

2022-06-10 09:08:11 - [TEST_STEP][PASSED] - if (getName().equals(Carpeta)): null

2022-06-10 09:08:11 - [TEST_STEP][PASSED] - if (getName().equals(Carpeta)): null

2022-06-10 09:08:11 - [TEST_STEP][PASSED] - if (getName().equals(Carpeta)): null

2022-06-10 09:08:11 - [TEST_STEP][PASSED] - if (getName().equals(Carpeta)): null

2022-06-10 09:08:11 - [TEST_STEP][PASSED] - if (getName().equals(Carpeta)): null

2022-06-10 09:08:11 - [TEST_STEP][PASSED] - if (getName().equals(Carpeta)): null

2022-06-10 09:08:11 - [TEST_STEP][PASSED] - if (getName().equals(Carpeta)): null

2022-06-10 09:08:11 - [TEST_STEP][PASSED] - if (getName().equals(Carpeta)): null

2022-06-10 09:08:11 - [TEST_STEP][PASSED] - if (getName().equals(Carpeta)): null

2022-06-10 09:08:11 - [TEST_STEP][PASSED] - if (getName().equals(Carpeta)): null

2022-06-10 09:08:11 - [TEST_STEP][PASSED] - if (getName().equals(Carpeta)): null

2022-06-10 09:08:11 - [TEST_STEP][PASSED] - if (getName().equals(Carpeta)): null

2022-06-10 09:08:11 - [TEST_STEP][PASSED] - if (getName().equals(Carpeta)): null

2022-06-10 09:08:11 - [TEST_STEP][PASSED] - if (getName().equals(Carpeta)): null

2022-06-10 09:08:11 - [TEST_STEP][PASSED] - if (getName().equals(Carpeta)): null

2022-06-10 09:08:11 - [TEST_STEP][PASSED] - if (getName().equals(Carpeta)): null

2022-06-10 09:08:11 - [TEST_STEP][PASSED] - if (getName().equals(Carpeta)): null

2022-06-10 09:08:11 - [TEST_STEP][PASSED] - if (getName().equals(Carpeta)): null

2022-06-10 09:08:11 - [TEST_STEP][PASSED] - if (getName().equals(Carpeta)): null

2022-06-10 09:08:11 - [TEST_STEP][PASSED] - if (getName().equals(Carpeta)): null

2022-06-10 09:08:11 - [TEST_STEP][PASSED] - if (getName().equals(Carpeta)): null

2022-06-10 09:08:11 - [TEST_STEP][PASSED] - if (getName().equals(Carpeta)): null

2022-06-10 09:08:11 - [TEST_STEP][PASSED] - if (getName().equals(Carpeta)): null

2022-06-10 09:08:11 - [TEST_STEP][PASSED] - if (getName().equals(Carpeta)): null

2022-06-10 09:08:11 - [TEST_STEP][PASSED] - if (getName().equals(Carpeta)): null

2022-06-10 09:08:11 - [TEST_STEP][PASSED] - if (getName().equals(Carpeta)): null

2022-06-10 09:08:11 - [TEST_STEP][PASSED] - if (getName().equals(Carpeta)): null

2022-06-10 09:08:11 - [TEST_STEP][PASSED] - if (getName().equals(Carpeta)): null

2022-06-10 09:08:11 - [TEST_STEP][PASSED] - if (getName().equals(Carpeta)): null

2022-06-10 09:08:11 - [TEST_STEP][PASSED] - if (getName().equals(Carpeta)): null

2022-06-10 09:08:11 - [TEST_STEP][PASSED] - if (dirContents[i].isDirectory()): null

2022-06-10 09:08:11 - [TEST_STEP][PASSED] - out.println(fichero2 + "Downloads"): null

2022-06-10 09:08:11 - [TEST_STEP][PASSED] - Resultado = fichero2 + "\Downloads": null

2022-06-10 09:08:11 - [TEST_STEP][PASSED] - out.println("Es una carpeta " + Resultado): null

2022-06-10 09:08:11 - [TEST_STEP][PASSED] - RutaA = Resultado: null

2022-06-10 09:08:11 - [TEST_STEP][PASSED] - return RutaA: null

2022-06-10 09:08:11 - [TEST_STEP][PASSED] - r3 = prueba3(ruta3, fichero2, Carpeta, RutaA): null

2022-06-10 09:08:11 - [TEST_STEP][PASSED] - dir = new java.io.File(fichero3): null

2022-06-10 09:08:11 - [TEST_STEP][PASSED] - dirContents = dir.listFiles(): null

2022-06-10 09:08:11 - [TEST_STEP][PASSED] - out.println(dirContents): null

2022-06-10 09:08:11 - [TEST_STEP][PASSED] - for ([i = 0, i < length, (i++)]): null

2022-06-10 09:08:11 - [TEST_STEP][PASSED] - if (getName().equals(Carpeta)): null

2022-06-10 09:08:11 - [TEST_STEP][PASSED] - if (getName().equals(Carpeta)): null

2022-06-10 09:08:11 - [TEST_STEP][PASSED] - if (getName().equals(Carpeta)): null

2022-06-10 09:08:11 - [TEST_STEP][PASSED] - if (getName().equals(Carpeta)): null

2022-06-10 09:08:11 - [TEST_STEP][PASSED] - if (getName().equals(Carpeta)): null

2022-06-10 09:08:11 - [TEST_STEP][PASSED] - if (getName().equals(Carpeta)): null

2022-06-10 09:08:11 - [TEST_STEP][PASSED] - if (getName().equals(Carpeta)): null

2022-06-10 09:08:11 - [TEST_STEP][PASSED] - return false: null

2022-06-10 09:08:11 - [TEST_STEP][PASSED] - out.println(r): null

2022-06-10 09:08:11 - [TEST_STEP][PASSED] - out.println(r1): null

2022-06-10 09:08:11 - [TEST_STEP][PASSED] - out.println(r2): null

2022-06-10 09:08:11 - [TEST_STEP][PASSED] - out.println(r3): null

2022-06-10 09:08:11 - [TEST_STEP][PASSED] - if (r == "\Downloads"): null

2022-06-10 09:08:11 - [TEST_STEP][PASSED] - else if (r1 == "..\Downloads"): null

2022-06-10 09:08:11 - [TEST_STEP][PASSED] - else if (r2 == "..\..\Downloads"): null

2022-06-10 09:08:11 - [TEST_STEP][PASSED] - ok = "OK": null

2022-06-10 09:08:11 - [TEST_STEP][PASSED] - out.println(r2): null

2022-06-10 09:08:11 - [TEST_STEP][PASSED] - RutaA = r2: null

2022-06-10 09:08:11 - [TEST_STEP][PASSED] - return RutaA: null

2022-06-10 09:08:11 - [MESSAGE][PASSED] - Call Test Case 'Test Cases/0.1.3-Detector_de folder_download' successfully

2022-06-10 09:08:11 - [TEST_STEP][PASSED] - rutaA = RutaA: null

2022-06-10 09:08:11 - [TEST_STEP][PASSED] - Archivo = "Liquidación_Entidades_Externa.csv": null

2022-06-10 09:08:11 - [TEST_STEP][PASSED] - Archivo1 = "Liquidación_Entidades_Externa.csv.crdownload": null

2022-06-10 09:08:11 - [TEST_STEP][PASSED] - out.println(rutaA): null

2022-06-10 09:08:11 - [TEST_STEP][PASSED] - callTestCase(findTestCase("Utilidades-(atajos_para _tareas)/Modulos/Modulo Administracion Compensacion"), [:], STOP_ON_FAILURE): Call Test Case 'Test Cases/Utilidades-(atajos_para _tareas)/Modulos/Modulo Administracion Compensacion' successfully

2022-06-10 09:08:11 - [TEST_CASE][PASSED] - Test Cases/Utilidades-(atajos_para _tareas)/Modulos/Modulo Administracion Compensacion: Test Cases/Utilidades-(atajos_para _tareas)/Modulos/Modulo Administracion Compensacion

2022-06-10 09:08:11 - [TEST_STEP][PASSED] - callTestCase(findTestCase("0.1-Login"), [:], STOP_ON_FAILURE): Call Test Case 'Test Cases/0.1-Login' successfully

2022-06-10 09:08:11 - [TEST_CASE][PASSED] - Test Cases/0.1-Login: Test Cases/0.1-Login

2022-06-10 09:08:11 - [TEST_STEP][PASSED] - openBrowser(""): Browser is opened with url: ''

2022-06-10 09:08:11 - [MESSAGE][INFO] - Starting 'Chrome' driver

2022-06-10 09:08:11 - [MESSAGE][INFO] - Action delay is set to 0 milliseconds

2022-06-10 09:08:12 - [MESSAGE][PASSED] - Browser is opened with url: ''

2022-06-10 09:08:12 - [TEST_STEP][PASSED] - maximizeWindow(): Current window maximized

2022-06-10 09:08:13 - [MESSAGE][PASSED] - Current window maximized

2022-06-10 09:08:13 - [TEST_STEP][PASSED] - i = G_Login: null

2022-06-10 09:08:13 - [TEST_STEP][PASSED] - url = new java.net.URL(i): null

2022-06-10 09:08:13 - [TEST_STEP][PASSED] - println("URL: " + url.toString()): null

2022-06-10 09:08:13 - [TEST_STEP][PASSED] - connection = url.openConnection(): null

2022-06-10 09:08:13 - [TEST_STEP][PASSED] - connection.setRequestMethod("GET"): null

2022-06-10 09:08:13 - [TEST_STEP][PASSED] - connection.setReadTimeout(2 * 1000): null

2022-06-10 09:08:13 - [TEST_STEP][PASSED] - try: null

2022-06-10 09:08:13 - [TEST_STEP][PASSED] - connection.connect(): null

2022-06-10 09:08:13 - [TEST_STEP][PASSED] - flag = connected: null

2022-06-10 09:08:13 - [TEST_STEP][PASSED] - println("Valor_ori: " + flag): null

2022-06-10 09:08:13 - [TEST_STEP][PASSED] - if (flag): null

2022-06-10 09:08:13 - [TEST_STEP][PASSED] - navigateToUrl(i): Navigate to 'http://192.168.2.19:8380/saraweb' successfully

2022-06-10 09:08:13 - [MESSAGE][PASSED] - Navigate to 'http://192.168.2.19:8380/saraweb' successfully

2022-06-10 09:08:13 - [TEST_STEP][PASSED] - a(): null

2022-06-10 09:08:13 - [TEST_STEP][PASSED] - setText(findTestObject("3-OBJECTS UTILIDADES/Login/input_USUARIO_loginusuario"), G_Usuario): Text 'saraadmin' is set on object 'Object Repository/3-OBJECTS UTILIDADES/Login/input_USUARIO_loginusuario'

2022-06-10 09:08:14 - [MESSAGE][PASSED] - Text 'saraadmin' is set on object 'Object Repository/3-OBJECTS UTILIDADES/Login/input_USUARIO_loginusuario'

2022-06-10 09:08:14 - [TEST_STEP][PASSED] - setEncryptedText(findTestObject("3-OBJECTS UTILIDADES/Login/input_CLAVE_loginpassword"), "MkG4/TYiCFC3cb2driP7+Q=="): Text ****** has been set on object 'Object Repository/3-OBJECTS UTILIDADES/Login/input_CLAVE_loginpassword'

2022-06-10 09:08:14 - [MESSAGE][PASSED] - Text ****** has been set on object 'Object Repository/3-OBJECTS UTILIDADES/Login/input_CLAVE_loginpassword'

2022-06-10 09:08:14 - [TEST_STEP][PASSED] - waitForElementClickable(findTestObject("3-OBJECTS UTILIDADES/Login/a_Ingresar"), G_TimeOut): Object 'Object Repository/3-OBJECTS UTILIDADES/Login/a_Ingresar' is clickable

2022-06-10 09:08:15 - [MESSAGE][PASSED] - Object 'Object Repository/3-OBJECTS UTILIDADES/Login/a_Ingresar' is clickable

2022-06-10 09:08:15 - [TEST_STEP][PASSED] - click(findTestObject("3-OBJECTS UTILIDADES/Login/a_Ingresar")): Object: 'Object Repository/3-OBJECTS UTILIDADES/Login/a_Ingresar' is clicked on

2022-06-10 09:08:15 - [MESSAGE][PASSED] - Object: 'Object Repository/3-OBJECTS UTILIDADES/Login/a_Ingresar' is clicked on

2022-06-10 09:08:15 - [TEST_STEP][PASSED] - element = findWebElement(findTestObject("3-OBJECTS UTILIDADES/Login/a_Ir"), 30): null

2022-06-10 09:08:16 - [TEST_STEP][PASSED] - executeJavaScript("arguments[0].click()", Arrays.asList(element)): Execute JavaScript 'arguments[0].click()' successfully

2022-06-10 09:08:16 - [MESSAGE][PASSED] - Execute JavaScript 'arguments[0].click()' successfully

2022-06-10 09:08:16 - [MESSAGE][PASSED] - Call Test Case 'Test Cases/0.1-Login' successfully

2022-06-10 09:08:16 - [TEST_STEP][PASSED] - waitForElementVisible(findTestObject("3-OBJECTS UTILIDADES/Modulo Administracion Compensacion/span_Administracin Compensacin"), 0): Object 'Object Repository/3-OBJECTS UTILIDADES/Modulo Administracion Compensacion/span_Administracin Compensacin' is visible

2022-06-10 09:08:16 - [MESSAGE][WARNING] - Timeout '0' is invalid. Using default page load timeout: '37'

2022-06-10 09:08:17 - [MESSAGE][PASSED] - Object 'Object Repository/3-OBJECTS UTILIDADES/Modulo Administracion Compensacion/span_Administracin Compensacin' is visible

2022-06-10 09:08:17 - [TEST_STEP][PASSED] - click(findTestObject("3-OBJECTS UTILIDADES/Modulo Administracion Compensacion/span_Administracin Compensacin")): Object: 'Object Repository/3-OBJECTS UTILIDADES/Modulo Administracion Compensacion/span_Administracin Compensacin' is clicked on

2022-06-10 09:08:17 - [MESSAGE][PASSED] - Object: 'Object Repository/3-OBJECTS UTILIDADES/Modulo Administracion Compensacion/span_Administracin Compensacin' is clicked on

2022-06-10 09:08:17 - [MESSAGE][PASSED] - Call Test Case 'Test Cases/Utilidades-(atajos_para _tareas)/Modulos/Modulo Administracion Compensacion' successfully

2022-06-10 09:08:17 - [TEST_STEP][PASSED] - waitForElementClickable(findTestObject("1-OBJECTS TAREAS PRINCIPALES/Modulo Tarea Compensacion/Liquidacion Entidad Externa/input_Ir_nav_t66_input"), 0): Object 'Object Repository/1-OBJECTS TAREAS PRINCIPALES/Modulo Tarea Compensacion/Liquidacion Entidad Externa/input_Ir_nav_t66_input' is clickable

2022-06-10 09:08:17 - [MESSAGE][WARNING] - Timeout '0' is invalid. Using default page load timeout: '37'

2022-06-10 09:08:18 - [MESSAGE][PASSED] - Object 'Object Repository/1-OBJECTS TAREAS PRINCIPALES/Modulo Tarea Compensacion/Liquidacion Entidad Externa/input_Ir_nav_t66_input' is clickable

2022-06-10 09:08:18 - [TEST_STEP][PASSED] - setText(findTestObject("1-OBJECTS TAREAS PRINCIPALES/Modulo Tarea Compensacion/Liquidacion Entidad Externa/input_Ir_nav_t66_input"), "Liquidacion Entidad Externa (com)"): Text 'Liquidacion Entidad Externa (com)' is set on object 'Object Repository/1-OBJECTS TAREAS PRINCIPALES/Modulo Tarea Compensacion/Liquidacion Entidad Externa/input_Ir_nav_t66_input'

2022-06-10 09:08:18 - [MESSAGE][PASSED] - Text 'Liquidacion Entidad Externa (com)' is set on object 'Object Repository/1-OBJECTS TAREAS PRINCIPALES/Modulo Tarea Compensacion/Liquidacion Entidad Externa/input_Ir_nav_t66_input'

2022-06-10 09:08:18 - [TEST_STEP][PASSED] - waitForElementVisible(findTestObject("1-OBJECTS TAREAS PRINCIPALES/Modulo Tarea Compensacion/Liquidacion Entidad Externa/span_Liquidacion Entidad Externa (com)"), 0): Object 'Object Repository/1-OBJECTS TAREAS PRINCIPALES/Modulo Tarea Compensacion/Liquidacion Entidad Externa/span_Liquidacion Entidad Externa (com)' is visible

2022-06-10 09:08:18 - [MESSAGE][WARNING] - Timeout '0' is invalid. Using default page load timeout: '37'

2022-06-10 09:08:20 - [MESSAGE][PASSED] - Object 'Object Repository/1-OBJECTS TAREAS PRINCIPALES/Modulo Tarea Compensacion/Liquidacion Entidad Externa/span_Liquidacion Entidad Externa (com)' is visible

2022-06-10 09:08:20 - [TEST_STEP][PASSED] - click(findTestObject("1-OBJECTS TAREAS PRINCIPALES/Modulo Tarea Compensacion/Liquidacion Entidad Externa/span_Liquidacion Entidad Externa (com)")): Object: 'Object Repository/1-OBJECTS TAREAS PRINCIPALES/Modulo Tarea Compensacion/Liquidacion Entidad Externa/span_Liquidacion Entidad Externa (com)' is clicked on

2022-06-10 09:08:20 - [MESSAGE][PASSED] - Object: 'Object Repository/1-OBJECTS TAREAS PRINCIPALES/Modulo Tarea Compensacion/Liquidacion Entidad Externa/span_Liquidacion Entidad Externa (com)' is clicked on

2022-06-10 09:08:20 - [TEST_STEP][PASSED] - click(findTestObject("1-OBJECTS TAREAS PRINCIPALES/Modulo Tarea Compensacion/Liquidacion Entidad Externa/span_Traer")): Object: 'Object Repository/1-OBJECTS TAREAS PRINCIPALES/Modulo Tarea Compensacion/Liquidacion Entidad Externa/span_Traer' is clicked on

2022-06-10 09:08:21 - [MESSAGE][PASSED] - Object: 'Object Repository/1-OBJECTS TAREAS PRINCIPALES/Modulo Tarea Compensacion/Liquidacion Entidad Externa/span_Traer' is clicked on

2022-06-10 09:08:21 - [TEST_STEP][FAILED] - selectOptionByIndex(findTestObject("1-OBJECTS TAREAS PRINCIPALES/Modulo Tarea Compensacion/Liquidacion Entidad Externa/select_--Seleccione--APORTE AF"), "1", STOP_ON_FAILURE): Unable to select option by index '1' of object 'Object Repository/1-OBJECTS TAREAS PRINCIPALES/Modulo Tarea Compensacion/Liquidacion Entidad Externa/select_--Seleccione--APORTE AF' (Root cause: com.kms.katalon.core.exception.StepFailedException: Unable to select option by index '1' of object 'Object Repository/1-OBJECTS TAREAS PRINCIPALES/Modulo Tarea Compensacion/Liquidacion Entidad Externa/select_--Seleccione--APORTE AF'
	at com.kms.katalon.core.webui.keyword.internal.WebUIKeywordMain.stepFailed(WebUIKeywordMain.groovy:64)
	at com.kms.katalon.core.webui.keyword.internal.WebUIKeywordMain.runKeyword(WebUIKeywordMain.groovy:26)
	at com.kms.katalon.core.webui.keyword.builtin.SelectOptionByIndexKeyword.selectOptionByIndex(SelectOptionByIndexKeyword.groovy:93)
	at com.kms.katalon.core.webui.keyword.builtin.SelectOptionByIndexKeyword.execute(SelectOptionByIndexKeyword.groovy:68)
	at com.kms.katalon.core.keyword.internal.KeywordExecutor.executeKeywordForPlatform(KeywordExecutor.groovy:74)
	at com.kms.katalon.core.webui.keyword.WebUiBuiltInKeywords.selectOptionByIndex(WebUiBuiltInKeywords.groovy:1114)
	at com.kms.katalon.core.webui.keyword.WebUiBuiltInKeywords$selectOptionByIndex$18.call(Unknown Source)
	at 1.5.2-Liquidacion Entidad Externa.run(1.5.2-Liquidacion Entidad Externa:69)
	at com.kms.katalon.core.main.ScriptEngine.run(ScriptEngine.java:194)
	at com.kms.katalon.core.main.ScriptEngine.runScriptAsRawText(ScriptEngine.java:119)
	at com.kms.katalon.core.main.TestCaseExecutor.runScript(TestCaseExecutor.java:445)
	at com.kms.katalon.core.main.TestCaseExecutor.doExecute(TestCaseExecutor.java:436)
	at com.kms.katalon.core.main.TestCaseExecutor.processExecutionPhase(TestCaseExecutor.java:415)
	at com.kms.katalon.core.main.TestCaseExecutor.accessMainPhase(TestCaseExecutor.java:407)
	at com.kms.katalon.core.main.TestCaseExecutor.execute(TestCaseExecutor.java:284)
	at com.kms.katalon.core.common.CommonExecutor.accessTestCaseMainPhase(CommonExecutor.java:65)
	at com.kms.katalon.core.main.TestSuiteExecutor.accessTestSuiteMainPhase(TestSuiteExecutor.java:144)
	at com.kms.katalon.core.main.TestSuiteExecutor.execute(TestSuiteExecutor.java:106)
	at com.kms.katalon.core.main.TestCaseMain.startTestSuite(TestCaseMain.java:185)
	at com.kms.katalon.core.main.TestCaseMain$startTestSuite$0.call(Unknown Source)
	at TempTestSuite1654867643956.run(TempTestSuite1654867643956.groovy:36)
Caused by: com.kms.katalon.core.webui.exception.WebElementNotFoundException: Web element with id: 'Object Repository/1-OBJECTS TAREAS PRINCIPALES/Modulo Tarea Compensacion/Liquidacion Entidad Externa/select_--Seleccione--APORTE AF' located by '//select[@id = 'form_popUpTraeLiquidacionesEntidadesExternas:tipoServicio' and @name = 'form_popUpTraeLiquidacionesEntidadesExternas:tipoServicio' and (text() = '	--Seleccione--
	APORTE AFC
	FONDO VOLUNTARIO DE PENSIONES
	BANCO DESTINO
	MEDICINA PREPAGADA
' or . = '	--Seleccione--
	APORTE AFC
	FONDO VOLUNTARIO DE PENSIONES
	BANCO DESTINO
	MEDICINA PREPAGADA
')]' not found
	at com.kms.katalon.core.webui.common.WebUiCommonHelper.findWebElement(WebUiCommonHelper.java:1370)
	at com.kms.katalon.core.webui.keyword.internal.WebUIAbstractKeyword.findWebElement(WebUIAbstractKeyword.groovy:27)
	at com.kms.katalon.core.webui.keyword.internal.WebUIAbstractKeyword.findWebElement(WebUIAbstractKeyword.groovy:26)
	at com.kms.katalon.core.webui.keyword.builtin.SelectOptionByIndexKeyword$_selectOptionByIndex_closure1.doCall(SelectOptionByIndexKeyword.groovy:84)
	at com.kms.katalon.core.webui.keyword.builtin.SelectOptionByIndexKeyword$_selectOptionByIndex_closure1.call(SelectOptionByIndexKeyword.groovy)
	at com.kms.katalon.core.webui.keyword.internal.WebUIKeywordMain.runKeyword(WebUIKeywordMain.groovy:20)
	at com.kms.katalon.core.webui.keyword.builtin.SelectOptionByIndexKeyword.selectOptionByIndex(SelectOptionByIndexKeyword.groovy:93)
	at com.kms.katalon.core.webui.keyword.builtin.SelectOptionByIndexKeyword.execute(SelectOptionByIndexKeyword.groovy:68)
	at com.kms.katalon.core.keyword.internal.KeywordExecutor.executeKeywordForPlatform(KeywordExecutor.groovy:74)
	at com.kms.katalon.core.webui.keyword.WebUiBuiltInKeywords.selectOptionByIndex(WebUiBuiltInKeywords.groovy:1114)
	at com.kms.katalon.core.webui.keyword.WebUiBuiltInKeywords$selectOptionByIndex$18.call(Unknown Source)
	at Script1548867145029.run(Script1548867145029.groovy:69)
	... 13 more
)

2022-06-10 09:08:59 - [MESSAGE][INFO] - Unable to find the element located by 'By.xpath: //select[@id = 'form_popUpTraeLiquidacionesEntidadesExternas:tipoServicio' and @name = 'form_popUpTraeLiquidacionesEntidadesExternas:tipoServicio' and (text() = '	--Seleccione--
	APORTE AFC
	FONDO VOLUNTARIO DE PENSIONES
	BANCO DESTINO
	MEDICINA PREPAGADA
' or . = '	--Seleccione--
	APORTE AFC
	FONDO VOLUNTARIO DE PENSIONES
	BANCO DESTINO
	MEDICINA PREPAGADA
')]'. Please recheck the objects properties to make sure the desired element is located. 

2022-06-10 09:09:00 - [MESSAGE][FAILED] - Unable to select option by index '1' of object 'Object Repository/1-OBJECTS TAREAS PRINCIPALES/Modulo Tarea Compensacion/Liquidacion Entidad Externa/select_--Seleccione--APORTE AF' (Root cause: com.kms.katalon.core.exception.StepFailedException: Unable to select option by index '1' of object 'Object Repository/1-OBJECTS TAREAS PRINCIPALES/Modulo Tarea Compensacion/Liquidacion Entidad Externa/select_--Seleccione--APORTE AF'
	at com.kms.katalon.core.webui.keyword.internal.WebUIKeywordMain.stepFailed(WebUIKeywordMain.groovy:64)
	at com.kms.katalon.core.webui.keyword.internal.WebUIKeywordMain.runKeyword(WebUIKeywordMain.groovy:26)
	at com.kms.katalon.core.webui.keyword.builtin.SelectOptionByIndexKeyword.selectOptionByIndex(SelectOptionByIndexKeyword.groovy:93)
	at com.kms.katalon.core.webui.keyword.builtin.SelectOptionByIndexKeyword.execute(SelectOptionByIndexKeyword.groovy:68)
	at com.kms.katalon.core.keyword.internal.KeywordExecutor.executeKeywordForPlatform(KeywordExecutor.groovy:74)
	at com.kms.katalon.core.webui.keyword.WebUiBuiltInKeywords.selectOptionByIndex(WebUiBuiltInKeywords.groovy:1114)
	at com.kms.katalon.core.webui.keyword.WebUiBuiltInKeywords$selectOptionByIndex$18.call(Unknown Source)
	at 1.5.2-Liquidacion Entidad Externa.run(1.5.2-Liquidacion Entidad Externa:69)
	at com.kms.katalon.core.main.ScriptEngine.run(ScriptEngine.java:194)
	at com.kms.katalon.core.main.ScriptEngine.runScriptAsRawText(ScriptEngine.java:119)
	at com.kms.katalon.core.main.TestCaseExecutor.runScript(TestCaseExecutor.java:445)
	at com.kms.katalon.core.main.TestCaseExecutor.doExecute(TestCaseExecutor.java:436)
	at com.kms.katalon.core.main.TestCaseExecutor.processExecutionPhase(TestCaseExecutor.java:415)
	at com.kms.katalon.core.main.TestCaseExecutor.accessMainPhase(TestCaseExecutor.java:407)
	at com.kms.katalon.core.main.TestCaseExecutor.execute(TestCaseExecutor.java:284)
	at com.kms.katalon.core.common.CommonExecutor.accessTestCaseMainPhase(CommonExecutor.java:65)
	at com.kms.katalon.core.main.TestSuiteExecutor.accessTestSuiteMainPhase(TestSuiteExecutor.java:144)
	at com.kms.katalon.core.main.TestSuiteExecutor.execute(TestSuiteExecutor.java:106)
	at com.kms.katalon.core.main.TestCaseMain.startTestSuite(TestCaseMain.java:185)
	at com.kms.katalon.core.main.TestCaseMain$startTestSuite$0.call(Unknown Source)
	at TempTestSuite1654867643956.run(TempTestSuite1654867643956.groovy:36)
Caused by: com.kms.katalon.core.webui.exception.WebElementNotFoundException: Web element with id: 'Object Repository/1-OBJECTS TAREAS PRINCIPALES/Modulo Tarea Compensacion/Liquidacion Entidad Externa/select_--Seleccione--APORTE AF' located by '//select[@id = 'form_popUpTraeLiquidacionesEntidadesExternas:tipoServicio' and @name = 'form_popUpTraeLiquidacionesEntidadesExternas:tipoServicio' and (text() = '	--Seleccione--
	APORTE AFC
	FONDO VOLUNTARIO DE PENSIONES
	BANCO DESTINO
	MEDICINA PREPAGADA
' or . = '	--Seleccione--
	APORTE AFC
	FONDO VOLUNTARIO DE PENSIONES
	BANCO DESTINO
	MEDICINA PREPAGADA
')]' not found
	at com.kms.katalon.core.webui.common.WebUiCommonHelper.findWebElement(WebUiCommonHelper.java:1370)
	at com.kms.katalon.core.webui.keyword.internal.WebUIAbstractKeyword.findWebElement(WebUIAbstractKeyword.groovy:27)
	at com.kms.katalon.core.webui.keyword.internal.WebUIAbstractKeyword.findWebElement(WebUIAbstractKeyword.groovy:26)
	at com.kms.katalon.core.webui.keyword.builtin.SelectOptionByIndexKeyword$_selectOptionByIndex_closure1.doCall(SelectOptionByIndexKeyword.groovy:84)
	at com.kms.katalon.core.webui.keyword.builtin.SelectOptionByIndexKeyword$_selectOptionByIndex_closure1.call(SelectOptionByIndexKeyword.groovy)
	at com.kms.katalon.core.webui.keyword.internal.WebUIKeywordMain.runKeyword(WebUIKeywordMain.groovy:20)
	at com.kms.katalon.core.webui.keyword.builtin.SelectOptionByIndexKeyword.selectOptionByIndex(SelectOptionByIndexKeyword.groovy:93)
	at com.kms.katalon.core.webui.keyword.builtin.SelectOptionByIndexKeyword.execute(SelectOptionByIndexKeyword.groovy:68)
	at com.kms.katalon.core.keyword.internal.KeywordExecutor.executeKeywordForPlatform(KeywordExecutor.groovy:74)
	at com.kms.katalon.core.webui.keyword.WebUiBuiltInKeywords.selectOptionByIndex(WebUiBuiltInKeywords.groovy:1114)
	at com.kms.katalon.core.webui.keyword.WebUiBuiltInKeywords$selectOptionByIndex$18.call(Unknown Source)
	at Script1548867145029.run(Script1548867145029.groovy:69)
	... 13 more
)
[[ATTACHMENT|C:\\Users\\diego.rojas\\git\\Pruebas-Minimas\\Reports\\20220610_082723\\Test_Suite_Principales\\1-Tareas Principales\\20220610_082723\\1654870139940.png]]]]></system-out>
         <system-err><![CDATA[2022-06-10 09:08:10 - [TEST_CASE][FAILED] - Test Cases/1.1-Tareas Principales/1.5.2-Liquidacion Entidad Externa: Test Cases/1.1-Tareas Principales/1.5.2-Liquidacion Entidad Externa FAILED.
Reason:
com.kms.katalon.core.exception.StepFailedException: Unable to select option by index '1' of object 'Object Repository/1-OBJECTS TAREAS PRINCIPALES/Modulo Tarea Compensacion/Liquidacion Entidad Externa/select_--Seleccione--APORTE AF'
	at com.kms.katalon.core.webui.keyword.internal.WebUIKeywordMain.stepFailed(WebUIKeywordMain.groovy:64)
	at com.kms.katalon.core.webui.keyword.internal.WebUIKeywordMain.runKeyword(WebUIKeywordMain.groovy:26)
	at com.kms.katalon.core.webui.keyword.builtin.SelectOptionByIndexKeyword.selectOptionByIndex(SelectOptionByIndexKeyword.groovy:93)
	at com.kms.katalon.core.webui.keyword.builtin.SelectOptionByIndexKeyword.execute(SelectOptionByIndexKeyword.groovy:68)
	at com.kms.katalon.core.keyword.internal.KeywordExecutor.executeKeywordForPlatform(KeywordExecutor.groovy:74)
	at com.kms.katalon.core.webui.keyword.WebUiBuiltInKeywords.selectOptionByIndex(WebUiBuiltInKeywords.groovy:1114)
	at com.kms.katalon.core.webui.keyword.WebUiBuiltInKeywords$selectOptionByIndex$18.call(Unknown Source)
	at 1.5.2-Liquidacion Entidad Externa.run(1.5.2-Liquidacion Entidad Externa:69)
	at com.kms.katalon.core.main.ScriptEngine.run(ScriptEngine.java:194)
	at com.kms.katalon.core.main.ScriptEngine.runScriptAsRawText(ScriptEngine.java:119)
	at com.kms.katalon.core.main.TestCaseExecutor.runScript(TestCaseExecutor.java:445)
	at com.kms.katalon.core.main.TestCaseExecutor.doExecute(TestCaseExecutor.java:436)
	at com.kms.katalon.core.main.TestCaseExecutor.processExecutionPhase(TestCaseExecutor.java:415)
	at com.kms.katalon.core.main.TestCaseExecutor.accessMainPhase(TestCaseExecutor.java:407)
	at com.kms.katalon.core.main.TestCaseExecutor.execute(TestCaseExecutor.java:284)
	at com.kms.katalon.core.common.CommonExecutor.accessTestCaseMainPhase(CommonExecutor.java:65)
	at com.kms.katalon.core.main.TestSuiteExecutor.accessTestSuiteMainPhase(TestSuiteExecutor.java:144)
	at com.kms.katalon.core.main.TestSuiteExecutor.execute(TestSuiteExecutor.java:106)
	at com.kms.katalon.core.main.TestCaseMain.startTestSuite(TestCaseMain.java:185)
	at com.kms.katalon.core.main.TestCaseMain$startTestSuite$0.call(Unknown Source)
	at TempTestSuite1654867643956.run(TempTestSuite1654867643956.groovy:36)
Caused by: com.kms.katalon.core.webui.exception.WebElementNotFoundException: Web element with id: 'Object Repository/1-OBJECTS TAREAS PRINCIPALES/Modulo Tarea Compensacion/Liquidacion Entidad Externa/select_--Seleccione--APORTE AF' located by '//select[@id = 'form_popUpTraeLiquidacionesEntidadesExternas:tipoServicio' and @name = 'form_popUpTraeLiquidacionesEntidadesExternas:tipoServicio' and (text() = '	--Seleccione--
	APORTE AFC
	FONDO VOLUNTARIO DE PENSIONES
	BANCO DESTINO
	MEDICINA PREPAGADA
' or . = '	--Seleccione--
	APORTE AFC
	FONDO VOLUNTARIO DE PENSIONES
	BANCO DESTINO
	MEDICINA PREPAGADA
')]' not found
	at com.kms.katalon.core.webui.common.WebUiCommonHelper.findWebElement(WebUiCommonHelper.java:1370)
	at com.kms.katalon.core.webui.keyword.internal.WebUIAbstractKeyword.findWebElement(WebUIAbstractKeyword.groovy:27)
	at com.kms.katalon.core.webui.keyword.internal.WebUIAbstractKeyword.findWebElement(WebUIAbstractKeyword.groovy:26)
	at com.kms.katalon.core.webui.keyword.builtin.SelectOptionByIndexKeyword$_selectOptionByIndex_closure1.doCall(SelectOptionByIndexKeyword.groovy:84)
	at com.kms.katalon.core.webui.keyword.builtin.SelectOptionByIndexKeyword$_selectOptionByIndex_closure1.call(SelectOptionByIndexKeyword.groovy)
	at com.kms.katalon.core.webui.keyword.internal.WebUIKeywordMain.runKeyword(WebUIKeywordMain.groovy:20)
	... 19 more]]></system-err>
      </testcase>
      <testcase name="Test Cases/1.1-Tareas Principales/1.5.3-Reporte Planilla" time="0.986" classname="Test Cases/1.1-Tareas Principales/1.5.3-Reporte Planilla" status="PASSED">
         <system-out><![CDATA[2022-06-10 09:09:00 - [TEST_CASE][PASSED] - Test Cases/1.1-Tareas Principales/1.5.3-Reporte Planilla: Test Cases/1.1-Tareas Principales/1.5.3-Reporte Planilla

2022-06-10 09:09:00 - [TEST_STEP][PASSED] - closeBrowser(): Browser is closed

2022-06-10 09:09:01 - [MESSAGE][PASSED] - Browser is closed]]></system-out>
         <system-err><![CDATA[]]></system-err>
      </testcase>
      <testcase name="Test Cases/1.1-Tareas Principales/1.5.4-Ejecutar Reporte Plantilla" time="221.045" classname="Test Cases/1.1-Tareas Principales/1.5.4-Ejecutar Reporte Plantilla" status="FAILED">
         <failure type="FAILED" message="Test Cases/1.1-Tareas Principales/1.5.4-Ejecutar Reporte Plantilla FAILED.
Reason:
com.kms.katalon.core.exception.StepFailedException: Unable to click on object 'Object Repository/1-OBJECTS TAREAS PRINCIPALES/Modulo Tarea Compensacion/Ejecutar Reporte Planilla/a_Descargar'
	at com.kms.katalon.core.webui.keyword.internal.WebUIKeywordMain.stepFailed(WebUIKeywordMain.groovy:64)
	at com.kms.katalon.core.webui.keyword.internal.WebUIKeywordMain.runKeyword(WebUIKeywordMain.groovy:26)
	at com.kms.katalon.core.webui.keyword.builtin.ClickKeyword.click(ClickKeyword.groovy:74)
	at com.kms.katalon.core.webui.keyword.builtin.ClickKeyword.execute(ClickKeyword.groovy:40)
	at com.kms.katalon.core.keyword.internal.KeywordExecutor.executeKeywordForPlatform(KeywordExecutor.groovy:74)
	at com.kms.katalon.core.webui.keyword.WebUiBuiltInKeywords.click(WebUiBuiltInKeywords.groovy:620)
	at com.kms.katalon.core.webui.keyword.WebUiBuiltInKeywords$click$5.call(Unknown Source)
	at 1.5.4-Ejecutar Reporte Plantilla.run(1.5.4-Ejecutar Reporte Plantilla:423)
	at com.kms.katalon.core.main.ScriptEngine.run(ScriptEngine.java:194)
	at com.kms.katalon.core.main.ScriptEngine.runScriptAsRawText(ScriptEngine.java:119)
	at com.kms.katalon.core.main.TestCaseExecutor.runScript(TestCaseExecutor.java:445)
	at com.kms.katalon.core.main.TestCaseExecutor.doExecute(TestCaseExecutor.java:436)
	at com.kms.katalon.core.main.TestCaseExecutor.processExecutionPhase(TestCaseExecutor.java:415)
	at com.kms.katalon.core.main.TestCaseExecutor.accessMainPhase(TestCaseExecutor.java:407)
	at com.kms.katalon.core.main.TestCaseExecutor.execute(TestCaseExecutor.java:284)
	at com.kms.katalon.core.common.CommonExecutor.accessTestCaseMainPhase(CommonExecutor.java:65)
	at com.kms.katalon.core.main.TestSuiteExecutor.accessTestSuiteMainPhase(TestSuiteExecutor.java:144)
	at com.kms.katalon.core.main.TestSuiteExecutor.execute(TestSuiteExecutor.java:106)
	at com.kms.katalon.core.main.TestCaseMain.startTestSuite(TestCaseMain.java:185)
	at com.kms.katalon.core.main.TestCaseMain$startTestSuite$0.call(Unknown Source)
	at TempTestSuite1654867643956.run(TempTestSuite1654867643956.groovy:36)
Caused by: org.openqa.selenium.ElementClickInterceptedException: element click intercepted: Element &lt;a id=&quot;popupManejoReporte_form:j_idt672&quot; href=&quot;#&quot; class=&quot;ui-commandlink ui-widget us-boton btn-reporte&quot; onclick=&quot;PrimeFaces.ab({s:&amp;quot;popupManejoReporte_form:j_idt672&amp;quot;,f:&amp;quot;popupManejoReporte_form&amp;quot;,u:&amp;quot;areaAplicacion&amp;quot;});return false;&quot;>...&lt;/a> is not clickable at point (687, 381). Other element would receive the click: &lt;textarea name=&quot;popupErrorDialog:j_idt594&quot; class=&quot;valor_campo_estandar msg-detalle&quot; cols=&quot;55&quot; rows=&quot;4&quot; readonly=&quot;readonly&quot;>...&lt;/textarea>
  (Session info: chrome=102.0.5005.115)
Build info: version: '3.141.59', revision: 'e82be7d358', time: '2018-11-14T08:25:53'
System info: host: 'US-AF-000371', ip: '192.168.56.1', os.name: 'Windows 10', os.arch: 'amd64', os.version: '10.0', java.version: '1.8.0_282'
Driver info: com.kms.katalon.selenium.driver.CChromeDriver
Capabilities {acceptInsecureCerts: false, browserName: chrome, browserVersion: 102.0.5005.115, chrome: {chromedriverVersion: 101.0.4951.41 (93c720db8323..., userDataDir: C:\Users\DIEGO~1.ROJ\AppDat...}, goog:chromeOptions: {debuggerAddress: localhost:58103}, javascriptEnabled: true, networkConnectionEnabled: false, pageLoadStrategy: normal, platform: WINDOWS, platformName: WINDOWS, proxy: Proxy(), setWindowRect: true, strictFileInteractability: false, timeouts: {implicit: 0, pageLoad: 300000, script: 30000}, unhandledPromptBehavior: dismiss and notify, webauthn:extension:credBlob: true, webauthn:extension:largeBlob: true, webauthn:virtualAuthenticators: true}
Session ID: 97f419ce47e849100beeaff99ad78a19
	at org.openqa.selenium.remote.http.W3CHttpResponseCodec.createException(W3CHttpResponseCodec.java:187)
	at org.openqa.selenium.remote.http.W3CHttpResponseCodec.decode(W3CHttpResponseCodec.java:122)
	at org.openqa.selenium.remote.http.W3CHttpResponseCodec.decode(W3CHttpResponseCodec.java:49)
	at org.openqa.selenium.remote.HttpCommandExecutor.execute(HttpCommandExecutor.java:158)
	at org.openqa.selenium.remote.service.DriverCommandExecutor.execute(DriverCommandExecutor.java:83)
	at org.openqa.selenium.remote.RemoteWebDriver.execute(RemoteWebDriver.java:552)
	at com.kms.katalon.selenium.driver.CChromeDriver.execute(CChromeDriver.java:19)
	at org.openqa.selenium.remote.RemoteWebElement.execute(RemoteWebElement.java:285)
	at org.openqa.selenium.remote.RemoteWebElement.click(RemoteWebElement.java:84)
	at org.openqa.selenium.support.events.EventFiringWebDriver$EventFiringWebElement.lambda$new$0(EventFiringWebDriver.java:404)
	at com.sun.proxy.$Proxy11.click(Unknown Source)
	at org.openqa.selenium.support.events.EventFiringWebDriver$EventFiringWebElement.click(EventFiringWebDriver.java:417)
	at org.openqa.selenium.WebElement$click$0.call(Unknown Source)
	at com.kms.katalon.core.webui.keyword.builtin.ClickKeyword.clickUntilSuccessWithTimeout(ClickKeyword.groovy:81)
	at com.kms.katalon.core.webui.keyword.builtin.ClickKeyword.clickUntilSuccessWithTimeout(ClickKeyword.groovy)
	at com.kms.katalon.core.webui.keyword.builtin.ClickKeyword$_click_closure1.doCall(ClickKeyword.groovy:67)
	at com.kms.katalon.core.webui.keyword.builtin.ClickKeyword$_click_closure1.call(ClickKeyword.groovy)
	at com.kms.katalon.core.webui.keyword.internal.WebUIKeywordMain.runKeyword(WebUIKeywordMain.groovy:20)
	... 19 more
"/>
         <system-out><![CDATA[2022-06-10 09:09:01 - [TEST_CASE][FAILED] - Test Cases/1.1-Tareas Principales/1.5.4-Ejecutar Reporte Plantilla: Test Cases/1.1-Tareas Principales/1.5.4-Ejecutar Reporte Plantilla FAILED.
Reason:
com.kms.katalon.core.exception.StepFailedException: Unable to click on object 'Object Repository/1-OBJECTS TAREAS PRINCIPALES/Modulo Tarea Compensacion/Ejecutar Reporte Planilla/a_Descargar'
	at com.kms.katalon.core.webui.keyword.internal.WebUIKeywordMain.stepFailed(WebUIKeywordMain.groovy:64)
	at com.kms.katalon.core.webui.keyword.internal.WebUIKeywordMain.runKeyword(WebUIKeywordMain.groovy:26)
	at com.kms.katalon.core.webui.keyword.builtin.ClickKeyword.click(ClickKeyword.groovy:74)
	at com.kms.katalon.core.webui.keyword.builtin.ClickKeyword.execute(ClickKeyword.groovy:40)
	at com.kms.katalon.core.keyword.internal.KeywordExecutor.executeKeywordForPlatform(KeywordExecutor.groovy:74)
	at com.kms.katalon.core.webui.keyword.WebUiBuiltInKeywords.click(WebUiBuiltInKeywords.groovy:620)
	at com.kms.katalon.core.webui.keyword.WebUiBuiltInKeywords$click$5.call(Unknown Source)
	at 1.5.4-Ejecutar Reporte Plantilla.run(1.5.4-Ejecutar Reporte Plantilla:423)
	at com.kms.katalon.core.main.ScriptEngine.run(ScriptEngine.java:194)
	at com.kms.katalon.core.main.ScriptEngine.runScriptAsRawText(ScriptEngine.java:119)
	at com.kms.katalon.core.main.TestCaseExecutor.runScript(TestCaseExecutor.java:445)
	at com.kms.katalon.core.main.TestCaseExecutor.doExecute(TestCaseExecutor.java:436)
	at com.kms.katalon.core.main.TestCaseExecutor.processExecutionPhase(TestCaseExecutor.java:415)
	at com.kms.katalon.core.main.TestCaseExecutor.accessMainPhase(TestCaseExecutor.java:407)
	at com.kms.katalon.core.main.TestCaseExecutor.execute(TestCaseExecutor.java:284)
	at com.kms.katalon.core.common.CommonExecutor.accessTestCaseMainPhase(CommonExecutor.java:65)
	at com.kms.katalon.core.main.TestSuiteExecutor.accessTestSuiteMainPhase(TestSuiteExecutor.java:144)
	at com.kms.katalon.core.main.TestSuiteExecutor.execute(TestSuiteExecutor.java:106)
	at com.kms.katalon.core.main.TestCaseMain.startTestSuite(TestCaseMain.java:185)
	at com.kms.katalon.core.main.TestCaseMain$startTestSuite$0.call(Unknown Source)
	at TempTestSuite1654867643956.run(TempTestSuite1654867643956.groovy:36)
Caused by: org.openqa.selenium.ElementClickInterceptedException: element click intercepted: Element <a id="popupManejoReporte_form:j_idt672" href="#" class="ui-commandlink ui-widget us-boton btn-reporte" onclick="PrimeFaces.ab({s:&quot;popupManejoReporte_form:j_idt672&quot;,f:&quot;popupManejoReporte_form&quot;,u:&quot;areaAplicacion&quot;});return false;">...</a> is not clickable at point (687, 381). Other element would receive the click: <textarea name="popupErrorDialog:j_idt594" class="valor_campo_estandar msg-detalle" cols="55" rows="4" readonly="readonly">...</textarea>
  (Session info: chrome=102.0.5005.115)
Build info: version: '3.141.59', revision: 'e82be7d358', time: '2018-11-14T08:25:53'
System info: host: 'US-AF-000371', ip: '192.168.56.1', os.name: 'Windows 10', os.arch: 'amd64', os.version: '10.0', java.version: '1.8.0_282'
Driver info: com.kms.katalon.selenium.driver.CChromeDriver
Capabilities {acceptInsecureCerts: false, browserName: chrome, browserVersion: 102.0.5005.115, chrome: {chromedriverVersion: 101.0.4951.41 (93c720db8323..., userDataDir: C:\Users\DIEGO~1.ROJ\AppDat...}, goog:chromeOptions: {debuggerAddress: localhost:58103}, javascriptEnabled: true, networkConnectionEnabled: false, pageLoadStrategy: normal, platform: WINDOWS, platformName: WINDOWS, proxy: Proxy(), setWindowRect: true, strictFileInteractability: false, timeouts: {implicit: 0, pageLoad: 300000, script: 30000}, unhandledPromptBehavior: dismiss and notify, webauthn:extension:credBlob: true, webauthn:extension:largeBlob: true, webauthn:virtualAuthenticators: true}
Session ID: 97f419ce47e849100beeaff99ad78a19
	at org.openqa.selenium.remote.http.W3CHttpResponseCodec.createException(W3CHttpResponseCodec.java:187)
	at org.openqa.selenium.remote.http.W3CHttpResponseCodec.decode(W3CHttpResponseCodec.java:122)
	at org.openqa.selenium.remote.http.W3CHttpResponseCodec.decode(W3CHttpResponseCodec.java:49)
	at org.openqa.selenium.remote.HttpCommandExecutor.execute(HttpCommandExecutor.java:158)
	at org.openqa.selenium.remote.service.DriverCommandExecutor.execute(DriverCommandExecutor.java:83)
	at org.openqa.selenium.remote.RemoteWebDriver.execute(RemoteWebDriver.java:552)
	at com.kms.katalon.selenium.driver.CChromeDriver.execute(CChromeDriver.java:19)
	at org.openqa.selenium.remote.RemoteWebElement.execute(RemoteWebElement.java:285)
	at org.openqa.selenium.remote.RemoteWebElement.click(RemoteWebElement.java:84)
	at org.openqa.selenium.support.events.EventFiringWebDriver$EventFiringWebElement.lambda$new$0(EventFiringWebDriver.java:404)
	at com.sun.proxy.$Proxy11.click(Unknown Source)
	at org.openqa.selenium.support.events.EventFiringWebDriver$EventFiringWebElement.click(EventFiringWebDriver.java:417)
	at org.openqa.selenium.WebElement$click$0.call(Unknown Source)
	at com.kms.katalon.core.webui.keyword.builtin.ClickKeyword.clickUntilSuccessWithTimeout(ClickKeyword.groovy:81)
	at com.kms.katalon.core.webui.keyword.builtin.ClickKeyword.clickUntilSuccessWithTimeout(ClickKeyword.groovy)
	at com.kms.katalon.core.webui.keyword.builtin.ClickKeyword$_click_closure1.doCall(ClickKeyword.groovy:67)
	at com.kms.katalon.core.webui.keyword.builtin.ClickKeyword$_click_closure1.call(ClickKeyword.groovy)
	at com.kms.katalon.core.webui.keyword.internal.WebUIKeywordMain.runKeyword(WebUIKeywordMain.groovy:20)
	... 19 more


2022-06-10 09:09:01 - [TEST_STEP][PASSED] - RutaA = callTestCase(findTestCase("0.1.3-Detector_de folder_download"), [:], STOP_ON_FAILURE): Call Test Case 'Test Cases/0.1.3-Detector_de folder_download' successfully

2022-06-10 09:09:01 - [TEST_CASE][PASSED] - Test Cases/0.1.3-Detector_de folder_download: Test Cases/0.1.3-Detector_de folder_download

2022-06-10 09:09:01 - [TEST_STEP][PASSED] - ruta1 = "../": null

2022-06-10 09:09:01 - [TEST_STEP][PASSED] - ruta2 = "../../": null

2022-06-10 09:09:01 - [TEST_STEP][PASSED] - ruta3 = "../../../": null

2022-06-10 09:09:01 - [TEST_STEP][PASSED] - ruta4 = "../../../../": null

2022-06-10 09:09:01 - [TEST_STEP][PASSED] - fichero = new java.io.File(ruta1): null

2022-06-10 09:09:01 - [TEST_STEP][PASSED] - fichero1 = new java.io.File(ruta2): null

2022-06-10 09:09:01 - [TEST_STEP][PASSED] - fichero2 = new java.io.File(ruta3): null

2022-06-10 09:09:01 - [TEST_STEP][PASSED] - fichero3 = new java.io.File(ruta4): null

2022-06-10 09:09:01 - [TEST_STEP][PASSED] - Carpeta = "Downloads": null

2022-06-10 09:09:01 - [TEST_STEP][PASSED] - RutaA = "": null

2022-06-10 09:09:01 - [TEST_STEP][PASSED] - ResultF = "": null

2022-06-10 09:09:01 - [TEST_STEP][PASSED] - r = prueba(ruta1, fichero, Carpeta, RutaA): null

2022-06-10 09:09:01 - [TEST_STEP][PASSED] - dir = new java.io.File(fichero): null

2022-06-10 09:09:01 - [TEST_STEP][PASSED] - dirContents = dir.listFiles(): null

2022-06-10 09:09:01 - [TEST_STEP][PASSED] - out.println(dirContents): null

2022-06-10 09:09:01 - [TEST_STEP][PASSED] - for ([i = 0, i < length, (i++)]): null

2022-06-10 09:09:01 - [TEST_STEP][PASSED] - if (getName().equals(Carpeta)): null

2022-06-10 09:09:01 - [TEST_STEP][PASSED] - if (getName().equals(Carpeta)): null

2022-06-10 09:09:01 - [TEST_STEP][PASSED] - if (getName().equals(Carpeta)): null

2022-06-10 09:09:01 - [TEST_STEP][PASSED] - if (getName().equals(Carpeta)): null

2022-06-10 09:09:01 - [TEST_STEP][PASSED] - if (getName().equals(Carpeta)): null

2022-06-10 09:09:01 - [TEST_STEP][PASSED] - if (getName().equals(Carpeta)): null

2022-06-10 09:09:01 - [TEST_STEP][PASSED] - if (getName().equals(Carpeta)): null

2022-06-10 09:09:01 - [TEST_STEP][PASSED] - if (getName().equals(Carpeta)): null

2022-06-10 09:09:01 - [TEST_STEP][PASSED] - return false: null

2022-06-10 09:09:01 - [TEST_STEP][PASSED] - r1 = prueba1(ruta2, fichero1, Carpeta, RutaA): null

2022-06-10 09:09:01 - [TEST_STEP][PASSED] - dir = new java.io.File(fichero1): null

2022-06-10 09:09:01 - [TEST_STEP][PASSED] - dirContents = dir.listFiles(): null

2022-06-10 09:09:01 - [TEST_STEP][PASSED] - out.println(dirContents): null

2022-06-10 09:09:01 - [TEST_STEP][PASSED] - for ([i = 0, i < length, (i++)]): null

2022-06-10 09:09:01 - [TEST_STEP][PASSED] - if (getName().equals(Carpeta)): null

2022-06-10 09:09:01 - [TEST_STEP][PASSED] - if (getName().equals(Carpeta)): null

2022-06-10 09:09:01 - [TEST_STEP][PASSED] - if (getName().equals(Carpeta)): null

2022-06-10 09:09:01 - [TEST_STEP][PASSED] - if (getName().equals(Carpeta)): null

2022-06-10 09:09:01 - [TEST_STEP][PASSED] - if (getName().equals(Carpeta)): null

2022-06-10 09:09:01 - [TEST_STEP][PASSED] - if (getName().equals(Carpeta)): null

2022-06-10 09:09:01 - [TEST_STEP][PASSED] - if (getName().equals(Carpeta)): null

2022-06-10 09:09:01 - [TEST_STEP][PASSED] - if (getName().equals(Carpeta)): null

2022-06-10 09:09:01 - [TEST_STEP][PASSED] - if (getName().equals(Carpeta)): null

2022-06-10 09:09:01 - [TEST_STEP][PASSED] - if (getName().equals(Carpeta)): null

2022-06-10 09:09:01 - [TEST_STEP][PASSED] - if (getName().equals(Carpeta)): null

2022-06-10 09:09:01 - [TEST_STEP][PASSED] - if (getName().equals(Carpeta)): null

2022-06-10 09:09:01 - [TEST_STEP][PASSED] - if (getName().equals(Carpeta)): null

2022-06-10 09:09:01 - [TEST_STEP][PASSED] - if (getName().equals(Carpeta)): null

2022-06-10 09:09:01 - [TEST_STEP][PASSED] - if (getName().equals(Carpeta)): null

2022-06-10 09:09:01 - [TEST_STEP][PASSED] - if (getName().equals(Carpeta)): null

2022-06-10 09:09:01 - [TEST_STEP][PASSED] - if (getName().equals(Carpeta)): null

2022-06-10 09:09:01 - [TEST_STEP][PASSED] - if (getName().equals(Carpeta)): null

2022-06-10 09:09:01 - [TEST_STEP][PASSED] - if (getName().equals(Carpeta)): null

2022-06-10 09:09:01 - [TEST_STEP][PASSED] - if (getName().equals(Carpeta)): null

2022-06-10 09:09:01 - [TEST_STEP][PASSED] - if (getName().equals(Carpeta)): null

2022-06-10 09:09:01 - [TEST_STEP][PASSED] - if (getName().equals(Carpeta)): null

2022-06-10 09:09:01 - [TEST_STEP][PASSED] - if (getName().equals(Carpeta)): null

2022-06-10 09:09:01 - [TEST_STEP][PASSED] - if (getName().equals(Carpeta)): null

2022-06-10 09:09:01 - [TEST_STEP][PASSED] - if (getName().equals(Carpeta)): null

2022-06-10 09:09:01 - [TEST_STEP][PASSED] - if (getName().equals(Carpeta)): null

2022-06-10 09:09:01 - [TEST_STEP][PASSED] - if (getName().equals(Carpeta)): null

2022-06-10 09:09:01 - [TEST_STEP][PASSED] - if (getName().equals(Carpeta)): null

2022-06-10 09:09:01 - [TEST_STEP][PASSED] - if (getName().equals(Carpeta)): null

2022-06-10 09:09:01 - [TEST_STEP][PASSED] - if (getName().equals(Carpeta)): null

2022-06-10 09:09:01 - [TEST_STEP][PASSED] - if (dirContents[i].isDirectory()): null

2022-06-10 09:09:01 - [TEST_STEP][PASSED] - out.println(fichero1 + "Downloads"): null

2022-06-10 09:09:01 - [TEST_STEP][PASSED] - Resultado = fichero1 + "\Downloads": null

2022-06-10 09:09:01 - [TEST_STEP][PASSED] - out.println("Es una carpeta " + Resultado): null

2022-06-10 09:09:01 - [TEST_STEP][PASSED] - RutaA = Resultado: null

2022-06-10 09:09:01 - [TEST_STEP][PASSED] - return RutaA: null

2022-06-10 09:09:01 - [TEST_STEP][PASSED] - r2 = prueba2(ruta2, fichero1, Carpeta, RutaA): null

2022-06-10 09:09:01 - [TEST_STEP][PASSED] - dir = new java.io.File(fichero2): null

2022-06-10 09:09:01 - [TEST_STEP][PASSED] - dirContents = dir.listFiles(): null

2022-06-10 09:09:01 - [TEST_STEP][PASSED] - out.println(dirContents): null

2022-06-10 09:09:01 - [TEST_STEP][PASSED] - for ([i = 0, i < length, (i++)]): null

2022-06-10 09:09:01 - [TEST_STEP][PASSED] - if (getName().equals(Carpeta)): null

2022-06-10 09:09:01 - [TEST_STEP][PASSED] - if (getName().equals(Carpeta)): null

2022-06-10 09:09:01 - [TEST_STEP][PASSED] - if (getName().equals(Carpeta)): null

2022-06-10 09:09:01 - [TEST_STEP][PASSED] - if (getName().equals(Carpeta)): null

2022-06-10 09:09:01 - [TEST_STEP][PASSED] - if (getName().equals(Carpeta)): null

2022-06-10 09:09:01 - [TEST_STEP][PASSED] - if (getName().equals(Carpeta)): null

2022-06-10 09:09:01 - [TEST_STEP][PASSED] - if (getName().equals(Carpeta)): null

2022-06-10 09:09:01 - [TEST_STEP][PASSED] - if (getName().equals(Carpeta)): null

2022-06-10 09:09:01 - [TEST_STEP][PASSED] - if (getName().equals(Carpeta)): null

2022-06-10 09:09:01 - [TEST_STEP][PASSED] - if (getName().equals(Carpeta)): null

2022-06-10 09:09:01 - [TEST_STEP][PASSED] - if (getName().equals(Carpeta)): null

2022-06-10 09:09:01 - [TEST_STEP][PASSED] - if (getName().equals(Carpeta)): null

2022-06-10 09:09:01 - [TEST_STEP][PASSED] - if (getName().equals(Carpeta)): null

2022-06-10 09:09:01 - [TEST_STEP][PASSED] - if (getName().equals(Carpeta)): null

2022-06-10 09:09:01 - [TEST_STEP][PASSED] - if (getName().equals(Carpeta)): null

2022-06-10 09:09:01 - [TEST_STEP][PASSED] - if (getName().equals(Carpeta)): null

2022-06-10 09:09:01 - [TEST_STEP][PASSED] - if (getName().equals(Carpeta)): null

2022-06-10 09:09:01 - [TEST_STEP][PASSED] - if (getName().equals(Carpeta)): null

2022-06-10 09:09:01 - [TEST_STEP][PASSED] - if (getName().equals(Carpeta)): null

2022-06-10 09:09:01 - [TEST_STEP][PASSED] - if (getName().equals(Carpeta)): null

2022-06-10 09:09:01 - [TEST_STEP][PASSED] - if (getName().equals(Carpeta)): null

2022-06-10 09:09:01 - [TEST_STEP][PASSED] - if (getName().equals(Carpeta)): null

2022-06-10 09:09:01 - [TEST_STEP][PASSED] - if (getName().equals(Carpeta)): null

2022-06-10 09:09:01 - [TEST_STEP][PASSED] - if (getName().equals(Carpeta)): null

2022-06-10 09:09:01 - [TEST_STEP][PASSED] - if (getName().equals(Carpeta)): null

2022-06-10 09:09:01 - [TEST_STEP][PASSED] - if (getName().equals(Carpeta)): null

2022-06-10 09:09:01 - [TEST_STEP][PASSED] - if (getName().equals(Carpeta)): null

2022-06-10 09:09:01 - [TEST_STEP][PASSED] - if (getName().equals(Carpeta)): null

2022-06-10 09:09:01 - [TEST_STEP][PASSED] - if (getName().equals(Carpeta)): null

2022-06-10 09:09:01 - [TEST_STEP][PASSED] - if (getName().equals(Carpeta)): null

2022-06-10 09:09:01 - [TEST_STEP][PASSED] - if (dirContents[i].isDirectory()): null

2022-06-10 09:09:01 - [TEST_STEP][PASSED] - out.println(fichero2 + "Downloads"): null

2022-06-10 09:09:01 - [TEST_STEP][PASSED] - Resultado = fichero2 + "\Downloads": null

2022-06-10 09:09:01 - [TEST_STEP][PASSED] - out.println("Es una carpeta " + Resultado): null

2022-06-10 09:09:01 - [TEST_STEP][PASSED] - RutaA = Resultado: null

2022-06-10 09:09:01 - [TEST_STEP][PASSED] - return RutaA: null

2022-06-10 09:09:01 - [TEST_STEP][PASSED] - r3 = prueba3(ruta3, fichero2, Carpeta, RutaA): null

2022-06-10 09:09:01 - [TEST_STEP][PASSED] - dir = new java.io.File(fichero3): null

2022-06-10 09:09:01 - [TEST_STEP][PASSED] - dirContents = dir.listFiles(): null

2022-06-10 09:09:01 - [TEST_STEP][PASSED] - out.println(dirContents): null

2022-06-10 09:09:01 - [TEST_STEP][PASSED] - for ([i = 0, i < length, (i++)]): null

2022-06-10 09:09:01 - [TEST_STEP][PASSED] - if (getName().equals(Carpeta)): null

2022-06-10 09:09:01 - [TEST_STEP][PASSED] - if (getName().equals(Carpeta)): null

2022-06-10 09:09:01 - [TEST_STEP][PASSED] - if (getName().equals(Carpeta)): null

2022-06-10 09:09:01 - [TEST_STEP][PASSED] - if (getName().equals(Carpeta)): null

2022-06-10 09:09:01 - [TEST_STEP][PASSED] - if (getName().equals(Carpeta)): null

2022-06-10 09:09:01 - [TEST_STEP][PASSED] - if (getName().equals(Carpeta)): null

2022-06-10 09:09:01 - [TEST_STEP][PASSED] - if (getName().equals(Carpeta)): null

2022-06-10 09:09:01 - [TEST_STEP][PASSED] - return false: null

2022-06-10 09:09:01 - [TEST_STEP][PASSED] - out.println(r): null

2022-06-10 09:09:01 - [TEST_STEP][PASSED] - out.println(r1): null

2022-06-10 09:09:01 - [TEST_STEP][PASSED] - out.println(r2): null

2022-06-10 09:09:01 - [TEST_STEP][PASSED] - out.println(r3): null

2022-06-10 09:09:01 - [TEST_STEP][PASSED] - if (r == "\Downloads"): null

2022-06-10 09:09:01 - [TEST_STEP][PASSED] - else if (r1 == "..\Downloads"): null

2022-06-10 09:09:01 - [TEST_STEP][PASSED] - else if (r2 == "..\..\Downloads"): null

2022-06-10 09:09:01 - [TEST_STEP][PASSED] - ok = "OK": null

2022-06-10 09:09:01 - [TEST_STEP][PASSED] - out.println(r2): null

2022-06-10 09:09:01 - [TEST_STEP][PASSED] - RutaA = r2: null

2022-06-10 09:09:01 - [TEST_STEP][PASSED] - return RutaA: null

2022-06-10 09:09:01 - [MESSAGE][PASSED] - Call Test Case 'Test Cases/0.1.3-Detector_de folder_download' successfully

2022-06-10 09:09:01 - [TEST_STEP][PASSED] - rutaA = RutaA: null

2022-06-10 09:09:01 - [TEST_STEP][PASSED] - Archivo = "PNP+-+PAGO+DE+NOMINA (1).pdf": null

2022-06-10 09:09:01 - [TEST_STEP][PASSED] - Archivo1 = "PNP+-+PAGO+DE+NOMINA (1).xlsx": null

2022-06-10 09:09:01 - [TEST_STEP][PASSED] - Archivo2 = "ACE+-+ACUMULADO+MENSUAL+CONCEPTOS+DE+NOMINA+(PAGADO).pdf": null

2022-06-10 09:09:01 - [TEST_STEP][PASSED] - Archivo3 = "ACE+-+ACUMULADO+MENSUAL+CONCEPTOS+DE+NOMINA+(PAGADO).xlsx": null

2022-06-10 09:09:01 - [TEST_STEP][PASSED] - Archivo4 = "CMEZ+-+ACUMULADO+MENSUAL+CONCEPTOS+NOMINA+POR+EMPLEADO+(PAGADO).pdf": null

2022-06-10 09:09:01 - [TEST_STEP][PASSED] - Archivo5 = "CMEZ+-+ACUMULADO+MENSUAL+CONCEPTOS+NOMINA+POR+EMPLEADO+(PAGADO).xlsx": null

2022-06-10 09:09:01 - [TEST_STEP][PASSED] - Archivo6 = "CMT+-+ACUMULADO+MENSUAL+CONCEPTOS+DE+NOMINA+(PAGADO).pdf": null

2022-06-10 09:09:01 - [TEST_STEP][PASSED] - Archivo7 = "CMT+-+ACUMULADO+MENSUAL+CONCEPTOS+DE+NOMINA+(PAGADO).xlsx": null

2022-06-10 09:09:01 - [TEST_STEP][PASSED] - Archivo8 = "PPN+-+REPORTE+PLANILLA+NOMINA.pdf": null

2022-06-10 09:09:01 - [TEST_STEP][PASSED] - Archivo9 = "PPN+-+REPORTE+PLANILLA+NOMINA.xlsx": null

2022-06-10 09:09:01 - [TEST_STEP][PASSED] - Archivo10 = "RECO-+RESUMEN++POR+CONCEPTO+(PAGADO).pdf": null

2022-06-10 09:09:01 - [TEST_STEP][PASSED] - Archivo11 = "RECO-+RESUMEN++POR+CONCEPTO+(PAGADO).xlsx": null

2022-06-10 09:09:01 - [TEST_STEP][PASSED] - Archivo12 = "CNC-+CONSOLIDADO+PERIODO+DE+NOMINA+POR+LINEA_CCOSTO.pdf": null

2022-06-10 09:09:01 - [TEST_STEP][PASSED] - Archivo13 = "CNC-+CONSOLIDADO+PERIODO+DE+NOMINA+POR+LINEA_CCOSTO.xlsx": null

2022-06-10 09:09:01 - [TEST_STEP][PASSED] - Archivo14 = "PNP+-+PAGO+DE+NOMINA.pdf": null

2022-06-10 09:09:01 - [TEST_STEP][PASSED] - Archivo15 = "PNP+-+PAGO+DE+NOMINA.xlsx": null

2022-06-10 09:09:01 - [TEST_STEP][PASSED] - out.println(rutaA): null

2022-06-10 09:09:01 - [TEST_STEP][PASSED] - callTestCase(findTestCase("Utilidades-(atajos_para _tareas)/Modulos/Modulo Administracion Compensacion"), [:], STOP_ON_FAILURE): Call Test Case 'Test Cases/Utilidades-(atajos_para _tareas)/Modulos/Modulo Administracion Compensacion' successfully

2022-06-10 09:09:01 - [TEST_CASE][PASSED] - Test Cases/Utilidades-(atajos_para _tareas)/Modulos/Modulo Administracion Compensacion: Test Cases/Utilidades-(atajos_para _tareas)/Modulos/Modulo Administracion Compensacion

2022-06-10 09:09:01 - [TEST_STEP][PASSED] - callTestCase(findTestCase("0.1-Login"), [:], STOP_ON_FAILURE): Call Test Case 'Test Cases/0.1-Login' successfully

2022-06-10 09:09:01 - [TEST_CASE][PASSED] - Test Cases/0.1-Login: Test Cases/0.1-Login

2022-06-10 09:09:01 - [TEST_STEP][PASSED] - openBrowser(""): Browser is opened with url: ''

2022-06-10 09:09:01 - [MESSAGE][INFO] - Starting 'Chrome' driver

2022-06-10 09:09:01 - [MESSAGE][INFO] - Action delay is set to 0 milliseconds

2022-06-10 09:09:03 - [MESSAGE][PASSED] - Browser is opened with url: ''

2022-06-10 09:09:03 - [TEST_STEP][PASSED] - maximizeWindow(): Current window maximized

2022-06-10 09:09:03 - [MESSAGE][PASSED] - Current window maximized

2022-06-10 09:09:03 - [TEST_STEP][PASSED] - i = G_Login: null

2022-06-10 09:09:03 - [TEST_STEP][PASSED] - url = new java.net.URL(i): null

2022-06-10 09:09:03 - [TEST_STEP][PASSED] - println("URL: " + url.toString()): null

2022-06-10 09:09:03 - [TEST_STEP][PASSED] - connection = url.openConnection(): null

2022-06-10 09:09:03 - [TEST_STEP][PASSED] - connection.setRequestMethod("GET"): null

2022-06-10 09:09:03 - [TEST_STEP][PASSED] - connection.setReadTimeout(2 * 1000): null

2022-06-10 09:09:03 - [TEST_STEP][PASSED] - try: null

2022-06-10 09:09:03 - [TEST_STEP][PASSED] - connection.connect(): null

2022-06-10 09:09:03 - [TEST_STEP][PASSED] - flag = connected: null

2022-06-10 09:09:03 - [TEST_STEP][PASSED] - println("Valor_ori: " + flag): null

2022-06-10 09:09:03 - [TEST_STEP][PASSED] - if (flag): null

2022-06-10 09:09:03 - [TEST_STEP][PASSED] - navigateToUrl(i): Navigate to 'http://192.168.2.19:8380/saraweb' successfully

2022-06-10 09:09:03 - [MESSAGE][PASSED] - Navigate to 'http://192.168.2.19:8380/saraweb' successfully

2022-06-10 09:09:03 - [TEST_STEP][PASSED] - a(): null

2022-06-10 09:09:03 - [TEST_STEP][PASSED] - setText(findTestObject("3-OBJECTS UTILIDADES/Login/input_USUARIO_loginusuario"), G_Usuario): Text 'saraadmin' is set on object 'Object Repository/3-OBJECTS UTILIDADES/Login/input_USUARIO_loginusuario'

2022-06-10 09:09:04 - [MESSAGE][PASSED] - Text 'saraadmin' is set on object 'Object Repository/3-OBJECTS UTILIDADES/Login/input_USUARIO_loginusuario'

2022-06-10 09:09:04 - [TEST_STEP][PASSED] - setEncryptedText(findTestObject("3-OBJECTS UTILIDADES/Login/input_CLAVE_loginpassword"), "MkG4/TYiCFC3cb2driP7+Q=="): Text ****** has been set on object 'Object Repository/3-OBJECTS UTILIDADES/Login/input_CLAVE_loginpassword'

2022-06-10 09:09:05 - [MESSAGE][PASSED] - Text ****** has been set on object 'Object Repository/3-OBJECTS UTILIDADES/Login/input_CLAVE_loginpassword'

2022-06-10 09:09:05 - [TEST_STEP][PASSED] - waitForElementClickable(findTestObject("3-OBJECTS UTILIDADES/Login/a_Ingresar"), G_TimeOut): Object 'Object Repository/3-OBJECTS UTILIDADES/Login/a_Ingresar' is clickable

2022-06-10 09:09:05 - [MESSAGE][PASSED] - Object 'Object Repository/3-OBJECTS UTILIDADES/Login/a_Ingresar' is clickable

2022-06-10 09:09:05 - [TEST_STEP][PASSED] - click(findTestObject("3-OBJECTS UTILIDADES/Login/a_Ingresar")): Object: 'Object Repository/3-OBJECTS UTILIDADES/Login/a_Ingresar' is clicked on

2022-06-10 09:09:06 - [MESSAGE][PASSED] - Object: 'Object Repository/3-OBJECTS UTILIDADES/Login/a_Ingresar' is clicked on

2022-06-10 09:09:06 - [TEST_STEP][PASSED] - element = findWebElement(findTestObject("3-OBJECTS UTILIDADES/Login/a_Ir"), 30): null

2022-06-10 09:09:07 - [TEST_STEP][PASSED] - executeJavaScript("arguments[0].click()", Arrays.asList(element)): Execute JavaScript 'arguments[0].click()' successfully

2022-06-10 09:09:07 - [MESSAGE][PASSED] - Execute JavaScript 'arguments[0].click()' successfully

2022-06-10 09:09:07 - [MESSAGE][PASSED] - Call Test Case 'Test Cases/0.1-Login' successfully

2022-06-10 09:09:07 - [TEST_STEP][PASSED] - waitForElementVisible(findTestObject("3-OBJECTS UTILIDADES/Modulo Administracion Compensacion/span_Administracin Compensacin"), 0): Object 'Object Repository/3-OBJECTS UTILIDADES/Modulo Administracion Compensacion/span_Administracin Compensacin' is visible

2022-06-10 09:09:07 - [MESSAGE][WARNING] - Timeout '0' is invalid. Using default page load timeout: '37'

2022-06-10 09:09:08 - [MESSAGE][PASSED] - Object 'Object Repository/3-OBJECTS UTILIDADES/Modulo Administracion Compensacion/span_Administracin Compensacin' is visible

2022-06-10 09:09:08 - [TEST_STEP][PASSED] - click(findTestObject("3-OBJECTS UTILIDADES/Modulo Administracion Compensacion/span_Administracin Compensacin")): Object: 'Object Repository/3-OBJECTS UTILIDADES/Modulo Administracion Compensacion/span_Administracin Compensacin' is clicked on

2022-06-10 09:09:08 - [MESSAGE][PASSED] - Object: 'Object Repository/3-OBJECTS UTILIDADES/Modulo Administracion Compensacion/span_Administracin Compensacin' is clicked on

2022-06-10 09:09:08 - [MESSAGE][PASSED] - Call Test Case 'Test Cases/Utilidades-(atajos_para _tareas)/Modulos/Modulo Administracion Compensacion' successfully

2022-06-10 09:09:08 - [TEST_STEP][PASSED] - waitForElementClickable(findTestObject("1-OBJECTS TAREAS PRINCIPALES/Modulo Tarea Compensacion/Ejecutar Reporte Planilla/input_Ir_nav_t66_input"), 0): Object 'Object Repository/1-OBJECTS TAREAS PRINCIPALES/Modulo Tarea Compensacion/Ejecutar Reporte Planilla/input_Ir_nav_t66_input' is clickable

2022-06-10 09:09:08 - [MESSAGE][WARNING] - Timeout '0' is invalid. Using default page load timeout: '37'

2022-06-10 09:09:09 - [MESSAGE][PASSED] - Object 'Object Repository/1-OBJECTS TAREAS PRINCIPALES/Modulo Tarea Compensacion/Ejecutar Reporte Planilla/input_Ir_nav_t66_input' is clickable

2022-06-10 09:09:09 - [TEST_STEP][PASSED] - setText(findTestObject("1-OBJECTS TAREAS PRINCIPALES/Modulo Tarea Compensacion/Ejecutar Reporte Planilla/input_Ir_nav_t66_input"), "Ejecutar Reporte Planilla (com)"): Text 'Ejecutar Reporte Planilla (com)' is set on object 'Object Repository/1-OBJECTS TAREAS PRINCIPALES/Modulo Tarea Compensacion/Ejecutar Reporte Planilla/input_Ir_nav_t66_input'

2022-06-10 09:09:09 - [MESSAGE][PASSED] - Text 'Ejecutar Reporte Planilla (com)' is set on object 'Object Repository/1-OBJECTS TAREAS PRINCIPALES/Modulo Tarea Compensacion/Ejecutar Reporte Planilla/input_Ir_nav_t66_input'

2022-06-10 09:09:09 - [TEST_STEP][PASSED] - waitForElementVisible(findTestObject("1-OBJECTS TAREAS PRINCIPALES/Modulo Tarea Compensacion/Ejecutar Reporte Planilla/Ejecutar Reporte Planilla (com)"), 0): Object 'Object Repository/1-OBJECTS TAREAS PRINCIPALES/Modulo Tarea Compensacion/Ejecutar Reporte Planilla/Ejecutar Reporte Planilla (com)' is visible

2022-06-10 09:09:09 - [MESSAGE][WARNING] - Timeout '0' is invalid. Using default page load timeout: '37'

2022-06-10 09:09:11 - [MESSAGE][PASSED] - Object 'Object Repository/1-OBJECTS TAREAS PRINCIPALES/Modulo Tarea Compensacion/Ejecutar Reporte Planilla/Ejecutar Reporte Planilla (com)' is visible

2022-06-10 09:09:11 - [TEST_STEP][PASSED] - click(findTestObject("1-OBJECTS TAREAS PRINCIPALES/Modulo Tarea Compensacion/Ejecutar Reporte Planilla/Ejecutar Reporte Planilla (com)")): Object: 'Object Repository/1-OBJECTS TAREAS PRINCIPALES/Modulo Tarea Compensacion/Ejecutar Reporte Planilla/Ejecutar Reporte Planilla (com)' is clicked on

2022-06-10 09:09:11 - [MESSAGE][PASSED] - Object: 'Object Repository/1-OBJECTS TAREAS PRINCIPALES/Modulo Tarea Compensacion/Ejecutar Reporte Planilla/Ejecutar Reporte Planilla (com)' is clicked on

2022-06-10 09:09:11 - [TEST_STEP][PASSED] - waitForElementClickable(findTestObject("1-OBJECTS TAREAS PRINCIPALES/Modulo Tarea Compensacion/Ejecutar Reporte Planilla/input_Actos Administrativos_ejecutarReporte"), 0): Object 'Object Repository/1-OBJECTS TAREAS PRINCIPALES/Modulo Tarea Compensacion/Ejecutar Reporte Planilla/input_Actos Administrativos_ejecutarReporte' is clickable

2022-06-10 09:09:11 - [MESSAGE][WARNING] - Timeout '0' is invalid. Using default page load timeout: '37'

2022-06-10 09:09:12 - [MESSAGE][PASSED] - Object 'Object Repository/1-OBJECTS TAREAS PRINCIPALES/Modulo Tarea Compensacion/Ejecutar Reporte Planilla/input_Actos Administrativos_ejecutarReporte' is clickable

2022-06-10 09:09:12 - [TEST_STEP][PASSED] - setText(findTestObject("1-OBJECTS TAREAS PRINCIPALES/Modulo Tarea Compensacion/Ejecutar Reporte Planilla/input_Actos Administrativos_ejecutarReporte"), "PNP - PAGO DE NOMINA"): Text 'PNP - PAGO DE NOMINA' is set on object 'Object Repository/1-OBJECTS TAREAS PRINCIPALES/Modulo Tarea Compensacion/Ejecutar Reporte Planilla/input_Actos Administrativos_ejecutarReporte'

2022-06-10 09:09:13 - [MESSAGE][PASSED] - Text 'PNP - PAGO DE NOMINA' is set on object 'Object Repository/1-OBJECTS TAREAS PRINCIPALES/Modulo Tarea Compensacion/Ejecutar Reporte Planilla/input_Actos Administrativos_ejecutarReporte'

2022-06-10 09:09:13 - [TEST_STEP][PASSED] - click(findTestObject("1-OBJECTS TAREAS PRINCIPALES/Modulo Tarea Compensacion/Ejecutar Reporte Planilla/a_Actos Administrativos_ejecutarReportePlanillaj_idt61")): Object: 'Object Repository/1-OBJECTS TAREAS PRINCIPALES/Modulo Tarea Compensacion/Ejecutar Reporte Planilla/a_Actos Administrativos_ejecutarReportePlanillaj_idt61' is clicked on

2022-06-10 09:09:13 - [MESSAGE][PASSED] - Object: 'Object Repository/1-OBJECTS TAREAS PRINCIPALES/Modulo Tarea Compensacion/Ejecutar Reporte Planilla/a_Actos Administrativos_ejecutarReportePlanillaj_idt61' is clicked on

2022-06-10 09:09:13 - [TEST_STEP][PASSED] - click(findTestObject("1-OBJECTS TAREAS PRINCIPALES/Modulo Tarea Compensacion/Ejecutar Reporte Planilla/a_Actos Administrativos_ejecutarReportePlanillaj_idt61")): Object: 'Object Repository/1-OBJECTS TAREAS PRINCIPALES/Modulo Tarea Compensacion/Ejecutar Reporte Planilla/a_Actos Administrativos_ejecutarReportePlanillaj_idt61' is clicked on

2022-06-10 09:09:14 - [MESSAGE][PASSED] - Object: 'Object Repository/1-OBJECTS TAREAS PRINCIPALES/Modulo Tarea Compensacion/Ejecutar Reporte Planilla/a_Actos Administrativos_ejecutarReportePlanillaj_idt61' is clicked on

2022-06-10 09:09:14 - [TEST_STEP][PASSED] - waitForElementClickable(findTestObject("1-OBJECTS TAREAS PRINCIPALES/Modulo Tarea Compensacion/Ejecutar Reporte Planilla/td_CNC- CONSOLIDADO PERIODO DE NOMINA POR LINEA CCOSTO"), 0): Object 'Object Repository/1-OBJECTS TAREAS PRINCIPALES/Modulo Tarea Compensacion/Ejecutar Reporte Planilla/td_CNC- CONSOLIDADO PERIODO DE NOMINA POR LINEA CCOSTO' is clickable

2022-06-10 09:09:14 - [MESSAGE][WARNING] - Timeout '0' is invalid. Using default page load timeout: '37'

2022-06-10 09:09:14 - [MESSAGE][PASSED] - Object 'Object Repository/1-OBJECTS TAREAS PRINCIPALES/Modulo Tarea Compensacion/Ejecutar Reporte Planilla/td_CNC- CONSOLIDADO PERIODO DE NOMINA POR LINEA CCOSTO' is clickable

2022-06-10 09:09:14 - [TEST_STEP][PASSED] - click(findTestObject("1-OBJECTS TAREAS PRINCIPALES/Modulo Tarea Compensacion/Ejecutar Reporte Planilla/td_CNC- CONSOLIDADO PERIODO DE NOMINA POR LINEA CCOSTO")): Object: 'Object Repository/1-OBJECTS TAREAS PRINCIPALES/Modulo Tarea Compensacion/Ejecutar Reporte Planilla/td_CNC- CONSOLIDADO PERIODO DE NOMINA POR LINEA CCOSTO' is clicked on

2022-06-10 09:09:14 - [MESSAGE][PASSED] - Object: 'Object Repository/1-OBJECTS TAREAS PRINCIPALES/Modulo Tarea Compensacion/Ejecutar Reporte Planilla/td_CNC- CONSOLIDADO PERIODO DE NOMINA POR LINEA CCOSTO' is clicked on

2022-06-10 09:09:14 - [TEST_STEP][PASSED] - waitForElementClickable(findTestObject("1-OBJECTS TAREAS PRINCIPALES/Modulo Tarea Compensacion/Ejecutar Reporte Planilla/a_Periodo Nomina_ejecutarRepor"), 0): Object 'Object Repository/1-OBJECTS TAREAS PRINCIPALES/Modulo Tarea Compensacion/Ejecutar Reporte Planilla/a_Periodo Nomina_ejecutarRepor' is clickable

2022-06-10 09:09:15 - [MESSAGE][WARNING] - Timeout '0' is invalid. Using default page load timeout: '37'

2022-06-10 09:09:15 - [MESSAGE][PASSED] - Object 'Object Repository/1-OBJECTS TAREAS PRINCIPALES/Modulo Tarea Compensacion/Ejecutar Reporte Planilla/a_Periodo Nomina_ejecutarRepor' is clickable

2022-06-10 09:09:15 - [TEST_STEP][PASSED] - click(findTestObject("1-OBJECTS TAREAS PRINCIPALES/Modulo Tarea Compensacion/Ejecutar Reporte Planilla/a_Periodo Nomina_ejecutarRepor")): Object: 'Object Repository/1-OBJECTS TAREAS PRINCIPALES/Modulo Tarea Compensacion/Ejecutar Reporte Planilla/a_Periodo Nomina_ejecutarRepor' is clicked on

2022-06-10 09:09:15 - [MESSAGE][PASSED] - Object: 'Object Repository/1-OBJECTS TAREAS PRINCIPALES/Modulo Tarea Compensacion/Ejecutar Reporte Planilla/a_Periodo Nomina_ejecutarRepor' is clicked on

2022-06-10 09:09:15 - [TEST_STEP][PASSED] - waitForElementClickable(findTestObject("1-OBJECTS TAREAS PRINCIPALES/Modulo Tarea Compensacion/Ejecutar Reporte Planilla/select_--  Seleccione  --Periodo CerradoPeriodo en Proceso"), 0): Object 'Object Repository/1-OBJECTS TAREAS PRINCIPALES/Modulo Tarea Compensacion/Ejecutar Reporte Planilla/select_--  Seleccione  --Periodo CerradoPeriodo en Proceso' is clickable

2022-06-10 09:09:15 - [MESSAGE][WARNING] - Timeout '0' is invalid. Using default page load timeout: '37'

2022-06-10 09:09:16 - [MESSAGE][PASSED] - Object 'Object Repository/1-OBJECTS TAREAS PRINCIPALES/Modulo Tarea Compensacion/Ejecutar Reporte Planilla/select_--  Seleccione  --Periodo CerradoPeriodo en Proceso' is clickable

2022-06-10 09:09:16 - [TEST_STEP][PASSED] - selectOptionByIndex(findTestObject("1-OBJECTS TAREAS PRINCIPALES/Modulo Tarea Compensacion/Ejecutar Reporte Planilla/select_--  Seleccione  --Periodo CerradoPeriodo en Proceso"), "2", STOP_ON_FAILURE): All options with index in [2] are selected on object 'Object Repository/1-OBJECTS TAREAS PRINCIPALES/Modulo Tarea Compensacion/Ejecutar Reporte Planilla/select_--  Seleccione  --Periodo CerradoPeriodo en Proceso'

2022-06-10 09:09:17 - [MESSAGE][PASSED] - All options with index in [2] are selected on object 'Object Repository/1-OBJECTS TAREAS PRINCIPALES/Modulo Tarea Compensacion/Ejecutar Reporte Planilla/select_--  Seleccione  --Periodo CerradoPeriodo en Proceso'

2022-06-10 09:09:17 - [TEST_STEP][PASSED] - waitForElementClickable(findTestObject("1-OBJECTS TAREAS PRINCIPALES/Modulo Tarea Compensacion/Ejecutar Reporte Planilla/span_P. MensualJunio2021"), 0): Object 'Object Repository/1-OBJECTS TAREAS PRINCIPALES/Modulo Tarea Compensacion/Ejecutar Reporte Planilla/span_P. MensualJunio2021' is clickable

2022-06-10 09:09:17 - [MESSAGE][WARNING] - Timeout '0' is invalid. Using default page load timeout: '37'

2022-06-10 09:09:18 - [MESSAGE][PASSED] - Object 'Object Repository/1-OBJECTS TAREAS PRINCIPALES/Modulo Tarea Compensacion/Ejecutar Reporte Planilla/span_P. MensualJunio2021' is clickable

2022-06-10 09:09:18 - [TEST_STEP][PASSED] - click(findTestObject("1-OBJECTS TAREAS PRINCIPALES/Modulo Tarea Compensacion/Ejecutar Reporte Planilla/span_P. MensualJunio2021")): Object: 'Object Repository/1-OBJECTS TAREAS PRINCIPALES/Modulo Tarea Compensacion/Ejecutar Reporte Planilla/span_P. MensualJunio2021' is clicked on

2022-06-10 09:09:18 - [MESSAGE][PASSED] - Object: 'Object Repository/1-OBJECTS TAREAS PRINCIPALES/Modulo Tarea Compensacion/Ejecutar Reporte Planilla/span_P. MensualJunio2021' is clicked on

2022-06-10 09:09:18 - [TEST_STEP][PASSED] - waitForElementClickable(findTestObject("1-OBJECTS TAREAS PRINCIPALES/Modulo Tarea Compensacion/Ejecutar Reporte Planilla/a_Aplicar"), 0): Object 'Object Repository/1-OBJECTS TAREAS PRINCIPALES/Modulo Tarea Compensacion/Ejecutar Reporte Planilla/a_Aplicar' is clickable

2022-06-10 09:09:18 - [MESSAGE][WARNING] - Timeout '0' is invalid. Using default page load timeout: '37'

2022-06-10 09:09:18 - [MESSAGE][PASSED] - Object 'Object Repository/1-OBJECTS TAREAS PRINCIPALES/Modulo Tarea Compensacion/Ejecutar Reporte Planilla/a_Aplicar' is clickable

2022-06-10 09:09:18 - [TEST_STEP][PASSED] - click(findTestObject("1-OBJECTS TAREAS PRINCIPALES/Modulo Tarea Compensacion/Ejecutar Reporte Planilla/a_Aplicar")): Object: 'Object Repository/1-OBJECTS TAREAS PRINCIPALES/Modulo Tarea Compensacion/Ejecutar Reporte Planilla/a_Aplicar' is clicked on

2022-06-10 09:09:19 - [MESSAGE][PASSED] - Object: 'Object Repository/1-OBJECTS TAREAS PRINCIPALES/Modulo Tarea Compensacion/Ejecutar Reporte Planilla/a_Aplicar' is clicked on

2022-06-10 09:09:19 - [TEST_STEP][PASSED] - waitForElementClickable(findTestObject("1-OBJECTS TAREAS PRINCIPALES/Modulo Tarea Compensacion/Ejecutar Reporte Planilla/span_Reporte_glyphicons glyphicons-article"), 0): Object 'Object Repository/1-OBJECTS TAREAS PRINCIPALES/Modulo Tarea Compensacion/Ejecutar Reporte Planilla/span_Reporte_glyphicons glyphicons-article' is clickable

2022-06-10 09:09:19 - [MESSAGE][WARNING] - Timeout '0' is invalid. Using default page load timeout: '37'

2022-06-10 09:09:20 - [MESSAGE][PASSED] - Object 'Object Repository/1-OBJECTS TAREAS PRINCIPALES/Modulo Tarea Compensacion/Ejecutar Reporte Planilla/span_Reporte_glyphicons glyphicons-article' is clickable

2022-06-10 09:09:20 - [TEST_STEP][PASSED] - click(findTestObject("1-OBJECTS TAREAS PRINCIPALES/Modulo Tarea Compensacion/Ejecutar Reporte Planilla/span_Reporte_glyphicons glyphicons-article")): Object: 'Object Repository/1-OBJECTS TAREAS PRINCIPALES/Modulo Tarea Compensacion/Ejecutar Reporte Planilla/span_Reporte_glyphicons glyphicons-article' is clicked on

2022-06-10 09:09:20 - [MESSAGE][PASSED] - Object: 'Object Repository/1-OBJECTS TAREAS PRINCIPALES/Modulo Tarea Compensacion/Ejecutar Reporte Planilla/span_Reporte_glyphicons glyphicons-article' is clicked on

2022-06-10 09:09:20 - [TEST_STEP][PASSED] - click(findTestObject("1-OBJECTS TAREAS PRINCIPALES/Modulo Tarea Compensacion/Ejecutar Reporte Planilla/label_xlsData")): Object: 'Object Repository/1-OBJECTS TAREAS PRINCIPALES/Modulo Tarea Compensacion/Ejecutar Reporte Planilla/label_xlsData' is clicked on

2022-06-10 09:09:21 - [MESSAGE][PASSED] - Object: 'Object Repository/1-OBJECTS TAREAS PRINCIPALES/Modulo Tarea Compensacion/Ejecutar Reporte Planilla/label_xlsData' is clicked on

2022-06-10 09:09:21 - [TEST_STEP][PASSED] - click(findTestObject("1-OBJECTS TAREAS PRINCIPALES/Modulo Tarea Compensacion/Ejecutar Reporte Planilla/a_Generar Reporte")): Object: 'Object Repository/1-OBJECTS TAREAS PRINCIPALES/Modulo Tarea Compensacion/Ejecutar Reporte Planilla/a_Generar Reporte' is clicked on

2022-06-10 09:09:21 - [MESSAGE][PASSED] - Object: 'Object Repository/1-OBJECTS TAREAS PRINCIPALES/Modulo Tarea Compensacion/Ejecutar Reporte Planilla/a_Generar Reporte' is clicked on

2022-06-10 09:09:21 - [TEST_STEP][PASSED] - waitForElementClickable(findTestObject("1-OBJECTS TAREAS PRINCIPALES/Modulo Tarea Compensacion/Ejecutar Reporte Planilla/a_Descargar"), 0): Object 'Object Repository/1-OBJECTS TAREAS PRINCIPALES/Modulo Tarea Compensacion/Ejecutar Reporte Planilla/a_Descargar' is clickable

2022-06-10 09:09:21 - [MESSAGE][WARNING] - Timeout '0' is invalid. Using default page load timeout: '37'

2022-06-10 09:09:27 - [MESSAGE][PASSED] - Object 'Object Repository/1-OBJECTS TAREAS PRINCIPALES/Modulo Tarea Compensacion/Ejecutar Reporte Planilla/a_Descargar' is clickable

2022-06-10 09:09:27 - [TEST_STEP][PASSED] - click(findTestObject("1-OBJECTS TAREAS PRINCIPALES/Modulo Tarea Compensacion/Ejecutar Reporte Planilla/a_Descargar")): Object: 'Object Repository/1-OBJECTS TAREAS PRINCIPALES/Modulo Tarea Compensacion/Ejecutar Reporte Planilla/a_Descargar' is clicked on

2022-06-10 09:09:27 - [MESSAGE][PASSED] - Object: 'Object Repository/1-OBJECTS TAREAS PRINCIPALES/Modulo Tarea Compensacion/Ejecutar Reporte Planilla/a_Descargar' is clicked on

2022-06-10 09:09:27 - [TEST_STEP][PASSED] - click(findTestObject("1-OBJECTS TAREAS PRINCIPALES/Modulo Tarea Compensacion/Ejecutar Reporte Planilla/a_Periodo Nomina_Cerrar")): Object: 'Object Repository/1-OBJECTS TAREAS PRINCIPALES/Modulo Tarea Compensacion/Ejecutar Reporte Planilla/a_Periodo Nomina_Cerrar' is clicked on

2022-06-10 09:09:28 - [MESSAGE][PASSED] - Object: 'Object Repository/1-OBJECTS TAREAS PRINCIPALES/Modulo Tarea Compensacion/Ejecutar Reporte Planilla/a_Periodo Nomina_Cerrar' is clicked on

2022-06-10 09:09:28 - [TEST_STEP][PASSED] - waitForElementClickable(findTestObject("1-OBJECTS TAREAS PRINCIPALES/Modulo Tarea Compensacion/Ejecutar Reporte Planilla/a_Aplicar"), 0): Object 'Object Repository/1-OBJECTS TAREAS PRINCIPALES/Modulo Tarea Compensacion/Ejecutar Reporte Planilla/a_Aplicar' is clickable

2022-06-10 09:09:28 - [MESSAGE][WARNING] - Timeout '0' is invalid. Using default page load timeout: '37'

2022-06-10 09:09:28 - [MESSAGE][PASSED] - Object 'Object Repository/1-OBJECTS TAREAS PRINCIPALES/Modulo Tarea Compensacion/Ejecutar Reporte Planilla/a_Aplicar' is clickable

2022-06-10 09:09:28 - [TEST_STEP][PASSED] - click(findTestObject("1-OBJECTS TAREAS PRINCIPALES/Modulo Tarea Compensacion/Ejecutar Reporte Planilla/a_Aplicar")): Object: 'Object Repository/1-OBJECTS TAREAS PRINCIPALES/Modulo Tarea Compensacion/Ejecutar Reporte Planilla/a_Aplicar' is clicked on

2022-06-10 09:09:29 - [MESSAGE][PASSED] - Object: 'Object Repository/1-OBJECTS TAREAS PRINCIPALES/Modulo Tarea Compensacion/Ejecutar Reporte Planilla/a_Aplicar' is clicked on

2022-06-10 09:09:29 - [TEST_STEP][PASSED] - waitForElementClickable(findTestObject("1-OBJECTS TAREAS PRINCIPALES/Modulo Tarea Compensacion/Ejecutar Reporte Planilla/span_Reporte_glyphicons glyphicons-article"), 0): Object 'Object Repository/1-OBJECTS TAREAS PRINCIPALES/Modulo Tarea Compensacion/Ejecutar Reporte Planilla/span_Reporte_glyphicons glyphicons-article' is clickable

2022-06-10 09:09:29 - [MESSAGE][WARNING] - Timeout '0' is invalid. Using default page load timeout: '37'

2022-06-10 09:09:29 - [MESSAGE][PASSED] - Object 'Object Repository/1-OBJECTS TAREAS PRINCIPALES/Modulo Tarea Compensacion/Ejecutar Reporte Planilla/span_Reporte_glyphicons glyphicons-article' is clickable

2022-06-10 09:09:29 - [TEST_STEP][PASSED] - click(findTestObject("1-OBJECTS TAREAS PRINCIPALES/Modulo Tarea Compensacion/Ejecutar Reporte Planilla/span_Reporte_glyphicons glyphicons-article")): Object: 'Object Repository/1-OBJECTS TAREAS PRINCIPALES/Modulo Tarea Compensacion/Ejecutar Reporte Planilla/span_Reporte_glyphicons glyphicons-article' is clicked on

2022-06-10 09:09:30 - [MESSAGE][PASSED] - Object: 'Object Repository/1-OBJECTS TAREAS PRINCIPALES/Modulo Tarea Compensacion/Ejecutar Reporte Planilla/span_Reporte_glyphicons glyphicons-article' is clicked on

2022-06-10 09:09:30 - [TEST_STEP][PASSED] - click(findTestObject("1-OBJECTS TAREAS PRINCIPALES/Modulo Tarea Compensacion/Ejecutar Reporte Planilla/label_pdf")): Object: 'Object Repository/1-OBJECTS TAREAS PRINCIPALES/Modulo Tarea Compensacion/Ejecutar Reporte Planilla/label_pdf' is clicked on

2022-06-10 09:09:30 - [MESSAGE][PASSED] - Object: 'Object Repository/1-OBJECTS TAREAS PRINCIPALES/Modulo Tarea Compensacion/Ejecutar Reporte Planilla/label_pdf' is clicked on

2022-06-10 09:09:30 - [TEST_STEP][PASSED] - click(findTestObject("1-OBJECTS TAREAS PRINCIPALES/Modulo Tarea Compensacion/Ejecutar Reporte Planilla/a_Generar Reporte")): Object: 'Object Repository/1-OBJECTS TAREAS PRINCIPALES/Modulo Tarea Compensacion/Ejecutar Reporte Planilla/a_Generar Reporte' is clicked on

2022-06-10 09:09:30 - [MESSAGE][PASSED] - Object: 'Object Repository/1-OBJECTS TAREAS PRINCIPALES/Modulo Tarea Compensacion/Ejecutar Reporte Planilla/a_Generar Reporte' is clicked on

2022-06-10 09:09:30 - [TEST_STEP][PASSED] - waitForElementClickable(findTestObject("1-OBJECTS TAREAS PRINCIPALES/Modulo Tarea Compensacion/Ejecutar Reporte Planilla/a_Descargar"), 0): Object 'Object Repository/1-OBJECTS TAREAS PRINCIPALES/Modulo Tarea Compensacion/Ejecutar Reporte Planilla/a_Descargar' is clickable

2022-06-10 09:09:31 - [MESSAGE][WARNING] - Timeout '0' is invalid. Using default page load timeout: '37'

2022-06-10 09:10:01 - [MESSAGE][PASSED] - Object 'Object Repository/1-OBJECTS TAREAS PRINCIPALES/Modulo Tarea Compensacion/Ejecutar Reporte Planilla/a_Descargar' is clickable

2022-06-10 09:10:01 - [TEST_STEP][PASSED] - click(findTestObject("1-OBJECTS TAREAS PRINCIPALES/Modulo Tarea Compensacion/Ejecutar Reporte Planilla/a_Descargar")): Object: 'Object Repository/1-OBJECTS TAREAS PRINCIPALES/Modulo Tarea Compensacion/Ejecutar Reporte Planilla/a_Descargar' is clicked on

2022-06-10 09:10:02 - [MESSAGE][PASSED] - Object: 'Object Repository/1-OBJECTS TAREAS PRINCIPALES/Modulo Tarea Compensacion/Ejecutar Reporte Planilla/a_Descargar' is clicked on

2022-06-10 09:10:02 - [TEST_STEP][PASSED] - click(findTestObject("1-OBJECTS TAREAS PRINCIPALES/Modulo Tarea Compensacion/Ejecutar Reporte Planilla/a_Periodo Nomina_Cerrar")): Object: 'Object Repository/1-OBJECTS TAREAS PRINCIPALES/Modulo Tarea Compensacion/Ejecutar Reporte Planilla/a_Periodo Nomina_Cerrar' is clicked on

2022-06-10 09:10:03 - [MESSAGE][PASSED] - Object: 'Object Repository/1-OBJECTS TAREAS PRINCIPALES/Modulo Tarea Compensacion/Ejecutar Reporte Planilla/a_Periodo Nomina_Cerrar' is clicked on

2022-06-10 09:10:03 - [TEST_STEP][PASSED] - waitForElementClickable(findTestObject("1-OBJECTS TAREAS PRINCIPALES/Modulo Tarea Compensacion/Ejecutar Reporte Planilla/input_Actos Administrativos_ejecutarReporte"), 0): Object 'Object Repository/1-OBJECTS TAREAS PRINCIPALES/Modulo Tarea Compensacion/Ejecutar Reporte Planilla/input_Actos Administrativos_ejecutarReporte' is clickable

2022-06-10 09:10:03 - [MESSAGE][WARNING] - Timeout '0' is invalid. Using default page load timeout: '37'

2022-06-10 09:10:03 - [MESSAGE][PASSED] - Object 'Object Repository/1-OBJECTS TAREAS PRINCIPALES/Modulo Tarea Compensacion/Ejecutar Reporte Planilla/input_Actos Administrativos_ejecutarReporte' is clickable

2022-06-10 09:10:03 - [TEST_STEP][PASSED] - setText(findTestObject("1-OBJECTS TAREAS PRINCIPALES/Modulo Tarea Compensacion/Ejecutar Reporte Planilla/input_Actos Administrativos_ejecutarReporte"), "CNC- CONSOLIDADO PERIODO DE NOMINA POR LINEA/CCOSTO"): Text 'CNC- CONSOLIDADO PERIODO DE NOMINA POR LINEA/CCOSTO' is set on object 'Object Repository/1-OBJECTS TAREAS PRINCIPALES/Modulo Tarea Compensacion/Ejecutar Reporte Planilla/input_Actos Administrativos_ejecutarReporte'

2022-06-10 09:10:04 - [MESSAGE][PASSED] - Text 'CNC- CONSOLIDADO PERIODO DE NOMINA POR LINEA/CCOSTO' is set on object 'Object Repository/1-OBJECTS TAREAS PRINCIPALES/Modulo Tarea Compensacion/Ejecutar Reporte Planilla/input_Actos Administrativos_ejecutarReporte'

2022-06-10 09:10:04 - [TEST_STEP][PASSED] - click(findTestObject("1-OBJECTS TAREAS PRINCIPALES/Modulo Tarea Compensacion/Ejecutar Reporte Planilla/a_Actos Administrativos_ejecutarReportePlanillaj_idt61"), STOP_ON_FAILURE): Object: 'Object Repository/1-OBJECTS TAREAS PRINCIPALES/Modulo Tarea Compensacion/Ejecutar Reporte Planilla/a_Actos Administrativos_ejecutarReportePlanillaj_idt61' is clicked on

2022-06-10 09:10:04 - [MESSAGE][PASSED] - Object: 'Object Repository/1-OBJECTS TAREAS PRINCIPALES/Modulo Tarea Compensacion/Ejecutar Reporte Planilla/a_Actos Administrativos_ejecutarReportePlanillaj_idt61' is clicked on

2022-06-10 09:10:04 - [TEST_STEP][PASSED] - click(findTestObject("1-OBJECTS TAREAS PRINCIPALES/Modulo Tarea Compensacion/Ejecutar Reporte Planilla/a_Actos Administrativos_ejecutarReportePlanillaj_idt61"), STOP_ON_FAILURE): Object: 'Object Repository/1-OBJECTS TAREAS PRINCIPALES/Modulo Tarea Compensacion/Ejecutar Reporte Planilla/a_Actos Administrativos_ejecutarReportePlanillaj_idt61' is clicked on

2022-06-10 09:10:05 - [MESSAGE][PASSED] - Object: 'Object Repository/1-OBJECTS TAREAS PRINCIPALES/Modulo Tarea Compensacion/Ejecutar Reporte Planilla/a_Actos Administrativos_ejecutarReportePlanillaj_idt61' is clicked on

2022-06-10 09:10:05 - [TEST_STEP][PASSED] - waitForElementClickable(findTestObject("1-OBJECTS TAREAS PRINCIPALES/Modulo Tarea Compensacion/Ejecutar Reporte Planilla/td_CNC- CONSOLIDADO PERIODO DE NOMINA POR LINEA CCOSTO"), 0): Object 'Object Repository/1-OBJECTS TAREAS PRINCIPALES/Modulo Tarea Compensacion/Ejecutar Reporte Planilla/td_CNC- CONSOLIDADO PERIODO DE NOMINA POR LINEA CCOSTO' is clickable

2022-06-10 09:10:05 - [MESSAGE][WARNING] - Timeout '0' is invalid. Using default page load timeout: '37'

2022-06-10 09:10:06 - [MESSAGE][PASSED] - Object 'Object Repository/1-OBJECTS TAREAS PRINCIPALES/Modulo Tarea Compensacion/Ejecutar Reporte Planilla/td_CNC- CONSOLIDADO PERIODO DE NOMINA POR LINEA CCOSTO' is clickable

2022-06-10 09:10:06 - [TEST_STEP][PASSED] - click(findTestObject("1-OBJECTS TAREAS PRINCIPALES/Modulo Tarea Compensacion/Ejecutar Reporte Planilla/td_CNC- CONSOLIDADO PERIODO DE NOMINA POR LINEA CCOSTO")): Object: 'Object Repository/1-OBJECTS TAREAS PRINCIPALES/Modulo Tarea Compensacion/Ejecutar Reporte Planilla/td_CNC- CONSOLIDADO PERIODO DE NOMINA POR LINEA CCOSTO' is clicked on

2022-06-10 09:10:06 - [MESSAGE][PASSED] - Object: 'Object Repository/1-OBJECTS TAREAS PRINCIPALES/Modulo Tarea Compensacion/Ejecutar Reporte Planilla/td_CNC- CONSOLIDADO PERIODO DE NOMINA POR LINEA CCOSTO' is clicked on

2022-06-10 09:10:06 - [TEST_STEP][PASSED] - waitForElementClickable(findTestObject("1-OBJECTS TAREAS PRINCIPALES/Modulo Tarea Compensacion/Ejecutar Reporte Planilla/a_Periodo Nomina_ejecutarRepor"), 0): Object 'Object Repository/1-OBJECTS TAREAS PRINCIPALES/Modulo Tarea Compensacion/Ejecutar Reporte Planilla/a_Periodo Nomina_ejecutarRepor' is clickable

2022-06-10 09:10:06 - [MESSAGE][WARNING] - Timeout '0' is invalid. Using default page load timeout: '37'

2022-06-10 09:10:07 - [MESSAGE][PASSED] - Object 'Object Repository/1-OBJECTS TAREAS PRINCIPALES/Modulo Tarea Compensacion/Ejecutar Reporte Planilla/a_Periodo Nomina_ejecutarRepor' is clickable

2022-06-10 09:10:07 - [TEST_STEP][PASSED] - click(findTestObject("1-OBJECTS TAREAS PRINCIPALES/Modulo Tarea Compensacion/Ejecutar Reporte Planilla/a_Periodo Nomina_ejecutarRepor")): Object: 'Object Repository/1-OBJECTS TAREAS PRINCIPALES/Modulo Tarea Compensacion/Ejecutar Reporte Planilla/a_Periodo Nomina_ejecutarRepor' is clicked on

2022-06-10 09:10:07 - [MESSAGE][PASSED] - Object: 'Object Repository/1-OBJECTS TAREAS PRINCIPALES/Modulo Tarea Compensacion/Ejecutar Reporte Planilla/a_Periodo Nomina_ejecutarRepor' is clicked on

2022-06-10 09:10:07 - [TEST_STEP][PASSED] - waitForElementClickable(findTestObject("1-OBJECTS TAREAS PRINCIPALES/Modulo Tarea Compensacion/Ejecutar Reporte Planilla/select_--  Seleccione  --Periodo CerradoPeriodo en Proceso"), 0): Object 'Object Repository/1-OBJECTS TAREAS PRINCIPALES/Modulo Tarea Compensacion/Ejecutar Reporte Planilla/select_--  Seleccione  --Periodo CerradoPeriodo en Proceso' is clickable

2022-06-10 09:10:07 - [MESSAGE][WARNING] - Timeout '0' is invalid. Using default page load timeout: '37'

2022-06-10 09:10:08 - [MESSAGE][PASSED] - Object 'Object Repository/1-OBJECTS TAREAS PRINCIPALES/Modulo Tarea Compensacion/Ejecutar Reporte Planilla/select_--  Seleccione  --Periodo CerradoPeriodo en Proceso' is clickable

2022-06-10 09:10:08 - [TEST_STEP][PASSED] - selectOptionByIndex(findTestObject("1-OBJECTS TAREAS PRINCIPALES/Modulo Tarea Compensacion/Ejecutar Reporte Planilla/select_--  Seleccione  --Periodo CerradoPeriodo en Proceso"), "2", STOP_ON_FAILURE): All options with index in [2] are selected on object 'Object Repository/1-OBJECTS TAREAS PRINCIPALES/Modulo Tarea Compensacion/Ejecutar Reporte Planilla/select_--  Seleccione  --Periodo CerradoPeriodo en Proceso'

2022-06-10 09:10:09 - [MESSAGE][PASSED] - All options with index in [2] are selected on object 'Object Repository/1-OBJECTS TAREAS PRINCIPALES/Modulo Tarea Compensacion/Ejecutar Reporte Planilla/select_--  Seleccione  --Periodo CerradoPeriodo en Proceso'

2022-06-10 09:10:09 - [TEST_STEP][PASSED] - waitForElementClickable(findTestObject("1-OBJECTS TAREAS PRINCIPALES/Modulo Tarea Compensacion/Ejecutar Reporte Planilla/span_P. MensualJunio2021"), 0): Object 'Object Repository/1-OBJECTS TAREAS PRINCIPALES/Modulo Tarea Compensacion/Ejecutar Reporte Planilla/span_P. MensualJunio2021' is clickable

2022-06-10 09:10:09 - [MESSAGE][WARNING] - Timeout '0' is invalid. Using default page load timeout: '37'

2022-06-10 09:10:09 - [MESSAGE][PASSED] - Object 'Object Repository/1-OBJECTS TAREAS PRINCIPALES/Modulo Tarea Compensacion/Ejecutar Reporte Planilla/span_P. MensualJunio2021' is clickable

2022-06-10 09:10:09 - [TEST_STEP][PASSED] - click(findTestObject("1-OBJECTS TAREAS PRINCIPALES/Modulo Tarea Compensacion/Ejecutar Reporte Planilla/span_P. MensualJunio2021")): Object: 'Object Repository/1-OBJECTS TAREAS PRINCIPALES/Modulo Tarea Compensacion/Ejecutar Reporte Planilla/span_P. MensualJunio2021' is clicked on

2022-06-10 09:10:10 - [MESSAGE][PASSED] - Object: 'Object Repository/1-OBJECTS TAREAS PRINCIPALES/Modulo Tarea Compensacion/Ejecutar Reporte Planilla/span_P. MensualJunio2021' is clicked on

2022-06-10 09:10:10 - [TEST_STEP][PASSED] - click(findTestObject("1-OBJECTS TAREAS PRINCIPALES/Modulo Tarea Compensacion/Ejecutar Reporte Planilla/a_Aplicar")): Object: 'Object Repository/1-OBJECTS TAREAS PRINCIPALES/Modulo Tarea Compensacion/Ejecutar Reporte Planilla/a_Aplicar' is clicked on

2022-06-10 09:10:10 - [MESSAGE][PASSED] - Object: 'Object Repository/1-OBJECTS TAREAS PRINCIPALES/Modulo Tarea Compensacion/Ejecutar Reporte Planilla/a_Aplicar' is clicked on

2022-06-10 09:10:10 - [TEST_STEP][PASSED] - waitForElementClickable(findTestObject("1-OBJECTS TAREAS PRINCIPALES/Modulo Tarea Compensacion/Ejecutar Reporte Planilla/span_Reporte_glyphicons glyphicons-article"), 0): Object 'Object Repository/1-OBJECTS TAREAS PRINCIPALES/Modulo Tarea Compensacion/Ejecutar Reporte Planilla/span_Reporte_glyphicons glyphicons-article' is clickable

2022-06-10 09:10:10 - [MESSAGE][WARNING] - Timeout '0' is invalid. Using default page load timeout: '37'

2022-06-10 09:10:11 - [MESSAGE][PASSED] - Object 'Object Repository/1-OBJECTS TAREAS PRINCIPALES/Modulo Tarea Compensacion/Ejecutar Reporte Planilla/span_Reporte_glyphicons glyphicons-article' is clickable

2022-06-10 09:10:11 - [TEST_STEP][PASSED] - click(findTestObject("1-OBJECTS TAREAS PRINCIPALES/Modulo Tarea Compensacion/Ejecutar Reporte Planilla/span_Reporte_glyphicons glyphicons-article")): Object: 'Object Repository/1-OBJECTS TAREAS PRINCIPALES/Modulo Tarea Compensacion/Ejecutar Reporte Planilla/span_Reporte_glyphicons glyphicons-article' is clicked on

2022-06-10 09:10:11 - [MESSAGE][PASSED] - Object: 'Object Repository/1-OBJECTS TAREAS PRINCIPALES/Modulo Tarea Compensacion/Ejecutar Reporte Planilla/span_Reporte_glyphicons glyphicons-article' is clicked on

2022-06-10 09:10:11 - [TEST_STEP][PASSED] - click(findTestObject("1-OBJECTS TAREAS PRINCIPALES/Modulo Tarea Compensacion/Ejecutar Reporte Planilla/label_xlsData")): Object: 'Object Repository/1-OBJECTS TAREAS PRINCIPALES/Modulo Tarea Compensacion/Ejecutar Reporte Planilla/label_xlsData' is clicked on

2022-06-10 09:10:12 - [MESSAGE][PASSED] - Object: 'Object Repository/1-OBJECTS TAREAS PRINCIPALES/Modulo Tarea Compensacion/Ejecutar Reporte Planilla/label_xlsData' is clicked on

2022-06-10 09:10:12 - [TEST_STEP][PASSED] - click(findTestObject("1-OBJECTS TAREAS PRINCIPALES/Modulo Tarea Compensacion/Ejecutar Reporte Planilla/a_Generar Reporte")): Object: 'Object Repository/1-OBJECTS TAREAS PRINCIPALES/Modulo Tarea Compensacion/Ejecutar Reporte Planilla/a_Generar Reporte' is clicked on

2022-06-10 09:10:12 - [MESSAGE][PASSED] - Object: 'Object Repository/1-OBJECTS TAREAS PRINCIPALES/Modulo Tarea Compensacion/Ejecutar Reporte Planilla/a_Generar Reporte' is clicked on

2022-06-10 09:10:12 - [TEST_STEP][PASSED] - waitForElementClickable(findTestObject("1-OBJECTS TAREAS PRINCIPALES/Modulo Tarea Compensacion/Ejecutar Reporte Planilla/a_Descargar"), 0): Object 'Object Repository/1-OBJECTS TAREAS PRINCIPALES/Modulo Tarea Compensacion/Ejecutar Reporte Planilla/a_Descargar' is clickable

2022-06-10 09:10:12 - [MESSAGE][WARNING] - Timeout '0' is invalid. Using default page load timeout: '37'

2022-06-10 09:10:16 - [MESSAGE][PASSED] - Object 'Object Repository/1-OBJECTS TAREAS PRINCIPALES/Modulo Tarea Compensacion/Ejecutar Reporte Planilla/a_Descargar' is clickable

2022-06-10 09:10:16 - [TEST_STEP][PASSED] - click(findTestObject("1-OBJECTS TAREAS PRINCIPALES/Modulo Tarea Compensacion/Ejecutar Reporte Planilla/a_Descargar")): Object: 'Object Repository/1-OBJECTS TAREAS PRINCIPALES/Modulo Tarea Compensacion/Ejecutar Reporte Planilla/a_Descargar' is clicked on

2022-06-10 09:10:17 - [MESSAGE][PASSED] - Object: 'Object Repository/1-OBJECTS TAREAS PRINCIPALES/Modulo Tarea Compensacion/Ejecutar Reporte Planilla/a_Descargar' is clicked on

2022-06-10 09:10:17 - [TEST_STEP][PASSED] - click(findTestObject("1-OBJECTS TAREAS PRINCIPALES/Modulo Tarea Compensacion/Ejecutar Reporte Planilla/a_Periodo Nomina_Cerrar")): Object: 'Object Repository/1-OBJECTS TAREAS PRINCIPALES/Modulo Tarea Compensacion/Ejecutar Reporte Planilla/a_Periodo Nomina_Cerrar' is clicked on

2022-06-10 09:10:17 - [MESSAGE][PASSED] - Object: 'Object Repository/1-OBJECTS TAREAS PRINCIPALES/Modulo Tarea Compensacion/Ejecutar Reporte Planilla/a_Periodo Nomina_Cerrar' is clicked on

2022-06-10 09:10:17 - [TEST_STEP][PASSED] - waitForElementClickable(findTestObject("1-OBJECTS TAREAS PRINCIPALES/Modulo Tarea Compensacion/Ejecutar Reporte Planilla/a_Aplicar"), 0): Object 'Object Repository/1-OBJECTS TAREAS PRINCIPALES/Modulo Tarea Compensacion/Ejecutar Reporte Planilla/a_Aplicar' is clickable

2022-06-10 09:10:17 - [MESSAGE][WARNING] - Timeout '0' is invalid. Using default page load timeout: '37'

2022-06-10 09:10:18 - [MESSAGE][PASSED] - Object 'Object Repository/1-OBJECTS TAREAS PRINCIPALES/Modulo Tarea Compensacion/Ejecutar Reporte Planilla/a_Aplicar' is clickable

2022-06-10 09:10:18 - [TEST_STEP][PASSED] - click(findTestObject("1-OBJECTS TAREAS PRINCIPALES/Modulo Tarea Compensacion/Ejecutar Reporte Planilla/a_Aplicar")): Object: 'Object Repository/1-OBJECTS TAREAS PRINCIPALES/Modulo Tarea Compensacion/Ejecutar Reporte Planilla/a_Aplicar' is clicked on

2022-06-10 09:10:18 - [MESSAGE][PASSED] - Object: 'Object Repository/1-OBJECTS TAREAS PRINCIPALES/Modulo Tarea Compensacion/Ejecutar Reporte Planilla/a_Aplicar' is clicked on

2022-06-10 09:10:18 - [TEST_STEP][PASSED] - waitForElementClickable(findTestObject("1-OBJECTS TAREAS PRINCIPALES/Modulo Tarea Compensacion/Ejecutar Reporte Planilla/span_Reporte_glyphicons glyphicons-article"), 0): Object 'Object Repository/1-OBJECTS TAREAS PRINCIPALES/Modulo Tarea Compensacion/Ejecutar Reporte Planilla/span_Reporte_glyphicons glyphicons-article' is clickable

2022-06-10 09:10:18 - [MESSAGE][WARNING] - Timeout '0' is invalid. Using default page load timeout: '37'

2022-06-10 09:10:19 - [MESSAGE][PASSED] - Object 'Object Repository/1-OBJECTS TAREAS PRINCIPALES/Modulo Tarea Compensacion/Ejecutar Reporte Planilla/span_Reporte_glyphicons glyphicons-article' is clickable

2022-06-10 09:10:19 - [TEST_STEP][PASSED] - click(findTestObject("1-OBJECTS TAREAS PRINCIPALES/Modulo Tarea Compensacion/Ejecutar Reporte Planilla/span_Reporte_glyphicons glyphicons-article")): Object: 'Object Repository/1-OBJECTS TAREAS PRINCIPALES/Modulo Tarea Compensacion/Ejecutar Reporte Planilla/span_Reporte_glyphicons glyphicons-article' is clicked on

2022-06-10 09:10:19 - [MESSAGE][PASSED] - Object: 'Object Repository/1-OBJECTS TAREAS PRINCIPALES/Modulo Tarea Compensacion/Ejecutar Reporte Planilla/span_Reporte_glyphicons glyphicons-article' is clicked on

2022-06-10 09:10:19 - [TEST_STEP][PASSED] - click(findTestObject("1-OBJECTS TAREAS PRINCIPALES/Modulo Tarea Compensacion/Ejecutar Reporte Planilla/label_pdf")): Object: 'Object Repository/1-OBJECTS TAREAS PRINCIPALES/Modulo Tarea Compensacion/Ejecutar Reporte Planilla/label_pdf' is clicked on

2022-06-10 09:10:20 - [MESSAGE][PASSED] - Object: 'Object Repository/1-OBJECTS TAREAS PRINCIPALES/Modulo Tarea Compensacion/Ejecutar Reporte Planilla/label_pdf' is clicked on

2022-06-10 09:10:20 - [TEST_STEP][PASSED] - click(findTestObject("1-OBJECTS TAREAS PRINCIPALES/Modulo Tarea Compensacion/Ejecutar Reporte Planilla/a_Generar Reporte")): Object: 'Object Repository/1-OBJECTS TAREAS PRINCIPALES/Modulo Tarea Compensacion/Ejecutar Reporte Planilla/a_Generar Reporte' is clicked on

2022-06-10 09:10:20 - [MESSAGE][PASSED] - Object: 'Object Repository/1-OBJECTS TAREAS PRINCIPALES/Modulo Tarea Compensacion/Ejecutar Reporte Planilla/a_Generar Reporte' is clicked on

2022-06-10 09:10:20 - [TEST_STEP][PASSED] - waitForElementClickable(findTestObject("1-OBJECTS TAREAS PRINCIPALES/Modulo Tarea Compensacion/Ejecutar Reporte Planilla/a_Descargar"), 0): Object 'Object Repository/1-OBJECTS TAREAS PRINCIPALES/Modulo Tarea Compensacion/Ejecutar Reporte Planilla/a_Descargar' is clickable

2022-06-10 09:10:20 - [MESSAGE][WARNING] - Timeout '0' is invalid. Using default page load timeout: '37'

2022-06-10 09:10:46 - [MESSAGE][PASSED] - Object 'Object Repository/1-OBJECTS TAREAS PRINCIPALES/Modulo Tarea Compensacion/Ejecutar Reporte Planilla/a_Descargar' is clickable

2022-06-10 09:10:46 - [TEST_STEP][PASSED] - click(findTestObject("1-OBJECTS TAREAS PRINCIPALES/Modulo Tarea Compensacion/Ejecutar Reporte Planilla/a_Descargar")): Object: 'Object Repository/1-OBJECTS TAREAS PRINCIPALES/Modulo Tarea Compensacion/Ejecutar Reporte Planilla/a_Descargar' is clicked on

2022-06-10 09:10:46 - [MESSAGE][PASSED] - Object: 'Object Repository/1-OBJECTS TAREAS PRINCIPALES/Modulo Tarea Compensacion/Ejecutar Reporte Planilla/a_Descargar' is clicked on

2022-06-10 09:10:46 - [TEST_STEP][PASSED] - click(findTestObject("1-OBJECTS TAREAS PRINCIPALES/Modulo Tarea Compensacion/Ejecutar Reporte Planilla/a_Periodo Nomina_Cerrar")): Object: 'Object Repository/1-OBJECTS TAREAS PRINCIPALES/Modulo Tarea Compensacion/Ejecutar Reporte Planilla/a_Periodo Nomina_Cerrar' is clicked on

2022-06-10 09:10:47 - [MESSAGE][PASSED] - Object: 'Object Repository/1-OBJECTS TAREAS PRINCIPALES/Modulo Tarea Compensacion/Ejecutar Reporte Planilla/a_Periodo Nomina_Cerrar' is clicked on

2022-06-10 09:10:47 - [TEST_STEP][PASSED] - waitForElementClickable(findTestObject("1-OBJECTS TAREAS PRINCIPALES/Modulo Tarea Compensacion/Ejecutar Reporte Planilla/input_Actos Administrativos_ejecutarReporte"), 0): Object 'Object Repository/1-OBJECTS TAREAS PRINCIPALES/Modulo Tarea Compensacion/Ejecutar Reporte Planilla/input_Actos Administrativos_ejecutarReporte' is clickable

2022-06-10 09:10:47 - [MESSAGE][WARNING] - Timeout '0' is invalid. Using default page load timeout: '37'

2022-06-10 09:10:47 - [MESSAGE][PASSED] - Object 'Object Repository/1-OBJECTS TAREAS PRINCIPALES/Modulo Tarea Compensacion/Ejecutar Reporte Planilla/input_Actos Administrativos_ejecutarReporte' is clickable

2022-06-10 09:10:47 - [TEST_STEP][PASSED] - setText(findTestObject("1-OBJECTS TAREAS PRINCIPALES/Modulo Tarea Compensacion/Ejecutar Reporte Planilla/input_Actos Administrativos_ejecutarReporte"), "RECO"): Text 'RECO' is set on object 'Object Repository/1-OBJECTS TAREAS PRINCIPALES/Modulo Tarea Compensacion/Ejecutar Reporte Planilla/input_Actos Administrativos_ejecutarReporte'

2022-06-10 09:10:48 - [MESSAGE][PASSED] - Text 'RECO' is set on object 'Object Repository/1-OBJECTS TAREAS PRINCIPALES/Modulo Tarea Compensacion/Ejecutar Reporte Planilla/input_Actos Administrativos_ejecutarReporte'

2022-06-10 09:10:48 - [TEST_STEP][PASSED] - click(findTestObject("1-OBJECTS TAREAS PRINCIPALES/Modulo Tarea Compensacion/Ejecutar Reporte Planilla/a_Actos Administrativos_ejecutarReportePlanillaj_idt61"), STOP_ON_FAILURE): Object: 'Object Repository/1-OBJECTS TAREAS PRINCIPALES/Modulo Tarea Compensacion/Ejecutar Reporte Planilla/a_Actos Administrativos_ejecutarReportePlanillaj_idt61' is clicked on

2022-06-10 09:10:48 - [MESSAGE][PASSED] - Object: 'Object Repository/1-OBJECTS TAREAS PRINCIPALES/Modulo Tarea Compensacion/Ejecutar Reporte Planilla/a_Actos Administrativos_ejecutarReportePlanillaj_idt61' is clicked on

2022-06-10 09:10:48 - [TEST_STEP][PASSED] - click(findTestObject("1-OBJECTS TAREAS PRINCIPALES/Modulo Tarea Compensacion/Ejecutar Reporte Planilla/a_Actos Administrativos_ejecutarReportePlanillaj_idt61"), STOP_ON_FAILURE): Object: 'Object Repository/1-OBJECTS TAREAS PRINCIPALES/Modulo Tarea Compensacion/Ejecutar Reporte Planilla/a_Actos Administrativos_ejecutarReportePlanillaj_idt61' is clicked on

2022-06-10 09:10:49 - [MESSAGE][PASSED] - Object: 'Object Repository/1-OBJECTS TAREAS PRINCIPALES/Modulo Tarea Compensacion/Ejecutar Reporte Planilla/a_Actos Administrativos_ejecutarReportePlanillaj_idt61' is clicked on

2022-06-10 09:10:49 - [TEST_STEP][PASSED] - waitForElementClickable(findTestObject("1-OBJECTS TAREAS PRINCIPALES/Modulo Tarea Compensacion/Ejecutar Reporte Planilla/td_CNC- CONSOLIDADO PERIODO DE NOMINA POR LINEA CCOSTO"), 0): Object 'Object Repository/1-OBJECTS TAREAS PRINCIPALES/Modulo Tarea Compensacion/Ejecutar Reporte Planilla/td_CNC- CONSOLIDADO PERIODO DE NOMINA POR LINEA CCOSTO' is clickable

2022-06-10 09:10:49 - [MESSAGE][WARNING] - Timeout '0' is invalid. Using default page load timeout: '37'

2022-06-10 09:10:50 - [MESSAGE][PASSED] - Object 'Object Repository/1-OBJECTS TAREAS PRINCIPALES/Modulo Tarea Compensacion/Ejecutar Reporte Planilla/td_CNC- CONSOLIDADO PERIODO DE NOMINA POR LINEA CCOSTO' is clickable

2022-06-10 09:10:50 - [TEST_STEP][PASSED] - click(findTestObject("1-OBJECTS TAREAS PRINCIPALES/Modulo Tarea Compensacion/Ejecutar Reporte Planilla/td_CNC- CONSOLIDADO PERIODO DE NOMINA POR LINEA CCOSTO")): Object: 'Object Repository/1-OBJECTS TAREAS PRINCIPALES/Modulo Tarea Compensacion/Ejecutar Reporte Planilla/td_CNC- CONSOLIDADO PERIODO DE NOMINA POR LINEA CCOSTO' is clicked on

2022-06-10 09:10:50 - [MESSAGE][PASSED] - Object: 'Object Repository/1-OBJECTS TAREAS PRINCIPALES/Modulo Tarea Compensacion/Ejecutar Reporte Planilla/td_CNC- CONSOLIDADO PERIODO DE NOMINA POR LINEA CCOSTO' is clicked on

2022-06-10 09:10:50 - [TEST_STEP][PASSED] - waitForElementClickable(findTestObject("1-OBJECTS TAREAS PRINCIPALES/Modulo Tarea Compensacion/Ejecutar Reporte Planilla/a_Periodo Nomina_ejecutarRepor"), 0): Object 'Object Repository/1-OBJECTS TAREAS PRINCIPALES/Modulo Tarea Compensacion/Ejecutar Reporte Planilla/a_Periodo Nomina_ejecutarRepor' is clickable

2022-06-10 09:10:50 - [MESSAGE][WARNING] - Timeout '0' is invalid. Using default page load timeout: '37'

2022-06-10 09:10:51 - [MESSAGE][PASSED] - Object 'Object Repository/1-OBJECTS TAREAS PRINCIPALES/Modulo Tarea Compensacion/Ejecutar Reporte Planilla/a_Periodo Nomina_ejecutarRepor' is clickable

2022-06-10 09:10:51 - [TEST_STEP][PASSED] - click(findTestObject("1-OBJECTS TAREAS PRINCIPALES/Modulo Tarea Compensacion/Ejecutar Reporte Planilla/a_Periodo Nomina_ejecutarRepor")): Object: 'Object Repository/1-OBJECTS TAREAS PRINCIPALES/Modulo Tarea Compensacion/Ejecutar Reporte Planilla/a_Periodo Nomina_ejecutarRepor' is clicked on

2022-06-10 09:10:51 - [MESSAGE][PASSED] - Object: 'Object Repository/1-OBJECTS TAREAS PRINCIPALES/Modulo Tarea Compensacion/Ejecutar Reporte Planilla/a_Periodo Nomina_ejecutarRepor' is clicked on

2022-06-10 09:10:51 - [TEST_STEP][PASSED] - waitForElementClickable(findTestObject("1-OBJECTS TAREAS PRINCIPALES/Modulo Tarea Compensacion/Ejecutar Reporte Planilla/select_--  Seleccione  --Periodo CerradoPeriodo en Proceso"), 0): Object 'Object Repository/1-OBJECTS TAREAS PRINCIPALES/Modulo Tarea Compensacion/Ejecutar Reporte Planilla/select_--  Seleccione  --Periodo CerradoPeriodo en Proceso' is clickable

2022-06-10 09:10:51 - [MESSAGE][WARNING] - Timeout '0' is invalid. Using default page load timeout: '37'

2022-06-10 09:10:52 - [MESSAGE][PASSED] - Object 'Object Repository/1-OBJECTS TAREAS PRINCIPALES/Modulo Tarea Compensacion/Ejecutar Reporte Planilla/select_--  Seleccione  --Periodo CerradoPeriodo en Proceso' is clickable

2022-06-10 09:10:52 - [TEST_STEP][PASSED] - selectOptionByIndex(findTestObject("1-OBJECTS TAREAS PRINCIPALES/Modulo Tarea Compensacion/Ejecutar Reporte Planilla/select_--  Seleccione  --Periodo CerradoPeriodo en Proceso"), "2", STOP_ON_FAILURE): All options with index in [2] are selected on object 'Object Repository/1-OBJECTS TAREAS PRINCIPALES/Modulo Tarea Compensacion/Ejecutar Reporte Planilla/select_--  Seleccione  --Periodo CerradoPeriodo en Proceso'

2022-06-10 09:10:53 - [MESSAGE][PASSED] - All options with index in [2] are selected on object 'Object Repository/1-OBJECTS TAREAS PRINCIPALES/Modulo Tarea Compensacion/Ejecutar Reporte Planilla/select_--  Seleccione  --Periodo CerradoPeriodo en Proceso'

2022-06-10 09:10:53 - [TEST_STEP][PASSED] - waitForElementClickable(findTestObject("1-OBJECTS TAREAS PRINCIPALES/Modulo Tarea Compensacion/Ejecutar Reporte Planilla/span_P. MensualJunio2021"), 0): Object 'Object Repository/1-OBJECTS TAREAS PRINCIPALES/Modulo Tarea Compensacion/Ejecutar Reporte Planilla/span_P. MensualJunio2021' is clickable

2022-06-10 09:10:53 - [MESSAGE][WARNING] - Timeout '0' is invalid. Using default page load timeout: '37'

2022-06-10 09:10:53 - [MESSAGE][PASSED] - Object 'Object Repository/1-OBJECTS TAREAS PRINCIPALES/Modulo Tarea Compensacion/Ejecutar Reporte Planilla/span_P. MensualJunio2021' is clickable

2022-06-10 09:10:53 - [TEST_STEP][PASSED] - click(findTestObject("1-OBJECTS TAREAS PRINCIPALES/Modulo Tarea Compensacion/Ejecutar Reporte Planilla/span_P. MensualJunio2021")): Object: 'Object Repository/1-OBJECTS TAREAS PRINCIPALES/Modulo Tarea Compensacion/Ejecutar Reporte Planilla/span_P. MensualJunio2021' is clicked on

2022-06-10 09:10:54 - [MESSAGE][PASSED] - Object: 'Object Repository/1-OBJECTS TAREAS PRINCIPALES/Modulo Tarea Compensacion/Ejecutar Reporte Planilla/span_P. MensualJunio2021' is clicked on

2022-06-10 09:10:54 - [TEST_STEP][PASSED] - click(findTestObject("1-OBJECTS TAREAS PRINCIPALES/Modulo Tarea Compensacion/Ejecutar Reporte Planilla/a_Aplicar")): Object: 'Object Repository/1-OBJECTS TAREAS PRINCIPALES/Modulo Tarea Compensacion/Ejecutar Reporte Planilla/a_Aplicar' is clicked on

2022-06-10 09:10:55 - [MESSAGE][PASSED] - Object: 'Object Repository/1-OBJECTS TAREAS PRINCIPALES/Modulo Tarea Compensacion/Ejecutar Reporte Planilla/a_Aplicar' is clicked on

2022-06-10 09:10:55 - [TEST_STEP][PASSED] - waitForElementClickable(findTestObject("1-OBJECTS TAREAS PRINCIPALES/Modulo Tarea Compensacion/Ejecutar Reporte Planilla/span_Reporte_glyphicons glyphicons-article"), 0): Object 'Object Repository/1-OBJECTS TAREAS PRINCIPALES/Modulo Tarea Compensacion/Ejecutar Reporte Planilla/span_Reporte_glyphicons glyphicons-article' is clickable

2022-06-10 09:10:55 - [MESSAGE][WARNING] - Timeout '0' is invalid. Using default page load timeout: '37'

2022-06-10 09:10:55 - [MESSAGE][PASSED] - Object 'Object Repository/1-OBJECTS TAREAS PRINCIPALES/Modulo Tarea Compensacion/Ejecutar Reporte Planilla/span_Reporte_glyphicons glyphicons-article' is clickable

2022-06-10 09:10:55 - [TEST_STEP][PASSED] - click(findTestObject("1-OBJECTS TAREAS PRINCIPALES/Modulo Tarea Compensacion/Ejecutar Reporte Planilla/span_Reporte_glyphicons glyphicons-article")): Object: 'Object Repository/1-OBJECTS TAREAS PRINCIPALES/Modulo Tarea Compensacion/Ejecutar Reporte Planilla/span_Reporte_glyphicons glyphicons-article' is clicked on

2022-06-10 09:10:56 - [MESSAGE][PASSED] - Object: 'Object Repository/1-OBJECTS TAREAS PRINCIPALES/Modulo Tarea Compensacion/Ejecutar Reporte Planilla/span_Reporte_glyphicons glyphicons-article' is clicked on

2022-06-10 09:10:56 - [TEST_STEP][PASSED] - click(findTestObject("1-OBJECTS TAREAS PRINCIPALES/Modulo Tarea Compensacion/Ejecutar Reporte Planilla/label_xlsData")): Object: 'Object Repository/1-OBJECTS TAREAS PRINCIPALES/Modulo Tarea Compensacion/Ejecutar Reporte Planilla/label_xlsData' is clicked on

2022-06-10 09:10:56 - [MESSAGE][PASSED] - Object: 'Object Repository/1-OBJECTS TAREAS PRINCIPALES/Modulo Tarea Compensacion/Ejecutar Reporte Planilla/label_xlsData' is clicked on

2022-06-10 09:10:56 - [TEST_STEP][PASSED] - click(findTestObject("1-OBJECTS TAREAS PRINCIPALES/Modulo Tarea Compensacion/Ejecutar Reporte Planilla/a_Generar Reporte")): Object: 'Object Repository/1-OBJECTS TAREAS PRINCIPALES/Modulo Tarea Compensacion/Ejecutar Reporte Planilla/a_Generar Reporte' is clicked on

2022-06-10 09:10:57 - [MESSAGE][PASSED] - Object: 'Object Repository/1-OBJECTS TAREAS PRINCIPALES/Modulo Tarea Compensacion/Ejecutar Reporte Planilla/a_Generar Reporte' is clicked on

2022-06-10 09:10:57 - [TEST_STEP][PASSED] - waitForElementClickable(findTestObject("1-OBJECTS TAREAS PRINCIPALES/Modulo Tarea Compensacion/Ejecutar Reporte Planilla/a_Descargar"), 0): Object 'Object Repository/1-OBJECTS TAREAS PRINCIPALES/Modulo Tarea Compensacion/Ejecutar Reporte Planilla/a_Descargar' is clickable

2022-06-10 09:10:57 - [MESSAGE][WARNING] - Timeout '0' is invalid. Using default page load timeout: '37'

2022-06-10 09:10:57 - [MESSAGE][PASSED] - Object 'Object Repository/1-OBJECTS TAREAS PRINCIPALES/Modulo Tarea Compensacion/Ejecutar Reporte Planilla/a_Descargar' is clickable

2022-06-10 09:10:57 - [TEST_STEP][PASSED] - click(findTestObject("1-OBJECTS TAREAS PRINCIPALES/Modulo Tarea Compensacion/Ejecutar Reporte Planilla/a_Descargar")): Object: 'Object Repository/1-OBJECTS TAREAS PRINCIPALES/Modulo Tarea Compensacion/Ejecutar Reporte Planilla/a_Descargar' is clicked on

2022-06-10 09:10:58 - [MESSAGE][PASSED] - Object: 'Object Repository/1-OBJECTS TAREAS PRINCIPALES/Modulo Tarea Compensacion/Ejecutar Reporte Planilla/a_Descargar' is clicked on

2022-06-10 09:10:58 - [TEST_STEP][PASSED] - click(findTestObject("1-OBJECTS TAREAS PRINCIPALES/Modulo Tarea Compensacion/Ejecutar Reporte Planilla/a_Periodo Nomina_Cerrar")): Object: 'Object Repository/1-OBJECTS TAREAS PRINCIPALES/Modulo Tarea Compensacion/Ejecutar Reporte Planilla/a_Periodo Nomina_Cerrar' is clicked on

2022-06-10 09:10:58 - [MESSAGE][PASSED] - Object: 'Object Repository/1-OBJECTS TAREAS PRINCIPALES/Modulo Tarea Compensacion/Ejecutar Reporte Planilla/a_Periodo Nomina_Cerrar' is clicked on

2022-06-10 09:10:58 - [TEST_STEP][PASSED] - waitForElementClickable(findTestObject("1-OBJECTS TAREAS PRINCIPALES/Modulo Tarea Compensacion/Ejecutar Reporte Planilla/a_Aplicar"), 0): Object 'Object Repository/1-OBJECTS TAREAS PRINCIPALES/Modulo Tarea Compensacion/Ejecutar Reporte Planilla/a_Aplicar' is clickable

2022-06-10 09:10:58 - [MESSAGE][WARNING] - Timeout '0' is invalid. Using default page load timeout: '37'

2022-06-10 09:10:59 - [MESSAGE][PASSED] - Object 'Object Repository/1-OBJECTS TAREAS PRINCIPALES/Modulo Tarea Compensacion/Ejecutar Reporte Planilla/a_Aplicar' is clickable

2022-06-10 09:10:59 - [TEST_STEP][PASSED] - click(findTestObject("1-OBJECTS TAREAS PRINCIPALES/Modulo Tarea Compensacion/Ejecutar Reporte Planilla/a_Aplicar")): Object: 'Object Repository/1-OBJECTS TAREAS PRINCIPALES/Modulo Tarea Compensacion/Ejecutar Reporte Planilla/a_Aplicar' is clicked on

2022-06-10 09:10:59 - [MESSAGE][PASSED] - Object: 'Object Repository/1-OBJECTS TAREAS PRINCIPALES/Modulo Tarea Compensacion/Ejecutar Reporte Planilla/a_Aplicar' is clicked on

2022-06-10 09:10:59 - [TEST_STEP][PASSED] - waitForElementClickable(findTestObject("1-OBJECTS TAREAS PRINCIPALES/Modulo Tarea Compensacion/Ejecutar Reporte Planilla/span_Reporte_glyphicons glyphicons-article"), 0): Object 'Object Repository/1-OBJECTS TAREAS PRINCIPALES/Modulo Tarea Compensacion/Ejecutar Reporte Planilla/span_Reporte_glyphicons glyphicons-article' is clickable

2022-06-10 09:10:59 - [MESSAGE][WARNING] - Timeout '0' is invalid. Using default page load timeout: '37'

2022-06-10 09:11:00 - [MESSAGE][PASSED] - Object 'Object Repository/1-OBJECTS TAREAS PRINCIPALES/Modulo Tarea Compensacion/Ejecutar Reporte Planilla/span_Reporte_glyphicons glyphicons-article' is clickable

2022-06-10 09:11:00 - [TEST_STEP][PASSED] - click(findTestObject("1-OBJECTS TAREAS PRINCIPALES/Modulo Tarea Compensacion/Ejecutar Reporte Planilla/span_Reporte_glyphicons glyphicons-article")): Object: 'Object Repository/1-OBJECTS TAREAS PRINCIPALES/Modulo Tarea Compensacion/Ejecutar Reporte Planilla/span_Reporte_glyphicons glyphicons-article' is clicked on

2022-06-10 09:11:01 - [MESSAGE][PASSED] - Object: 'Object Repository/1-OBJECTS TAREAS PRINCIPALES/Modulo Tarea Compensacion/Ejecutar Reporte Planilla/span_Reporte_glyphicons glyphicons-article' is clicked on

2022-06-10 09:11:01 - [TEST_STEP][PASSED] - click(findTestObject("1-OBJECTS TAREAS PRINCIPALES/Modulo Tarea Compensacion/Ejecutar Reporte Planilla/label_pdf")): Object: 'Object Repository/1-OBJECTS TAREAS PRINCIPALES/Modulo Tarea Compensacion/Ejecutar Reporte Planilla/label_pdf' is clicked on

2022-06-10 09:11:01 - [MESSAGE][PASSED] - Object: 'Object Repository/1-OBJECTS TAREAS PRINCIPALES/Modulo Tarea Compensacion/Ejecutar Reporte Planilla/label_pdf' is clicked on

2022-06-10 09:11:01 - [TEST_STEP][PASSED] - click(findTestObject("1-OBJECTS TAREAS PRINCIPALES/Modulo Tarea Compensacion/Ejecutar Reporte Planilla/a_Generar Reporte")): Object: 'Object Repository/1-OBJECTS TAREAS PRINCIPALES/Modulo Tarea Compensacion/Ejecutar Reporte Planilla/a_Generar Reporte' is clicked on

2022-06-10 09:11:02 - [MESSAGE][PASSED] - Object: 'Object Repository/1-OBJECTS TAREAS PRINCIPALES/Modulo Tarea Compensacion/Ejecutar Reporte Planilla/a_Generar Reporte' is clicked on

2022-06-10 09:11:02 - [TEST_STEP][PASSED] - waitForElementClickable(findTestObject("1-OBJECTS TAREAS PRINCIPALES/Modulo Tarea Compensacion/Ejecutar Reporte Planilla/a_Descargar"), 0): Object 'Object Repository/1-OBJECTS TAREAS PRINCIPALES/Modulo Tarea Compensacion/Ejecutar Reporte Planilla/a_Descargar' is clickable

2022-06-10 09:11:02 - [MESSAGE][WARNING] - Timeout '0' is invalid. Using default page load timeout: '37'

2022-06-10 09:11:05 - [MESSAGE][PASSED] - Object 'Object Repository/1-OBJECTS TAREAS PRINCIPALES/Modulo Tarea Compensacion/Ejecutar Reporte Planilla/a_Descargar' is clickable

2022-06-10 09:11:05 - [TEST_STEP][PASSED] - click(findTestObject("1-OBJECTS TAREAS PRINCIPALES/Modulo Tarea Compensacion/Ejecutar Reporte Planilla/a_Descargar")): Object: 'Object Repository/1-OBJECTS TAREAS PRINCIPALES/Modulo Tarea Compensacion/Ejecutar Reporte Planilla/a_Descargar' is clicked on

2022-06-10 09:11:06 - [MESSAGE][PASSED] - Object: 'Object Repository/1-OBJECTS TAREAS PRINCIPALES/Modulo Tarea Compensacion/Ejecutar Reporte Planilla/a_Descargar' is clicked on

2022-06-10 09:11:06 - [TEST_STEP][PASSED] - click(findTestObject("1-OBJECTS TAREAS PRINCIPALES/Modulo Tarea Compensacion/Ejecutar Reporte Planilla/a_Periodo Nomina_Cerrar")): Object: 'Object Repository/1-OBJECTS TAREAS PRINCIPALES/Modulo Tarea Compensacion/Ejecutar Reporte Planilla/a_Periodo Nomina_Cerrar' is clicked on

2022-06-10 09:11:06 - [MESSAGE][PASSED] - Object: 'Object Repository/1-OBJECTS TAREAS PRINCIPALES/Modulo Tarea Compensacion/Ejecutar Reporte Planilla/a_Periodo Nomina_Cerrar' is clicked on

2022-06-10 09:11:06 - [TEST_STEP][PASSED] - waitForElementClickable(findTestObject("1-OBJECTS TAREAS PRINCIPALES/Modulo Tarea Compensacion/Ejecutar Reporte Planilla/input_Actos Administrativos_ejecutarReporte"), 0): Object 'Object Repository/1-OBJECTS TAREAS PRINCIPALES/Modulo Tarea Compensacion/Ejecutar Reporte Planilla/input_Actos Administrativos_ejecutarReporte' is clickable

2022-06-10 09:11:06 - [MESSAGE][WARNING] - Timeout '0' is invalid. Using default page load timeout: '37'

2022-06-10 09:11:06 - [MESSAGE][PASSED] - Object 'Object Repository/1-OBJECTS TAREAS PRINCIPALES/Modulo Tarea Compensacion/Ejecutar Reporte Planilla/input_Actos Administrativos_ejecutarReporte' is clickable

2022-06-10 09:11:06 - [TEST_STEP][PASSED] - setText(findTestObject("1-OBJECTS TAREAS PRINCIPALES/Modulo Tarea Compensacion/Ejecutar Reporte Planilla/input_Actos Administrativos_ejecutarReporte"), "PPN - REPORTE PLANILLA NOMINA"): Text 'PPN - REPORTE PLANILLA NOMINA' is set on object 'Object Repository/1-OBJECTS TAREAS PRINCIPALES/Modulo Tarea Compensacion/Ejecutar Reporte Planilla/input_Actos Administrativos_ejecutarReporte'

2022-06-10 09:11:07 - [MESSAGE][PASSED] - Text 'PPN - REPORTE PLANILLA NOMINA' is set on object 'Object Repository/1-OBJECTS TAREAS PRINCIPALES/Modulo Tarea Compensacion/Ejecutar Reporte Planilla/input_Actos Administrativos_ejecutarReporte'

2022-06-10 09:11:07 - [TEST_STEP][PASSED] - click(findTestObject("1-OBJECTS TAREAS PRINCIPALES/Modulo Tarea Compensacion/Ejecutar Reporte Planilla/a_Actos Administrativos_ejecutarReportePlanillaj_idt61")): Object: 'Object Repository/1-OBJECTS TAREAS PRINCIPALES/Modulo Tarea Compensacion/Ejecutar Reporte Planilla/a_Actos Administrativos_ejecutarReportePlanillaj_idt61' is clicked on

2022-06-10 09:11:08 - [MESSAGE][PASSED] - Object: 'Object Repository/1-OBJECTS TAREAS PRINCIPALES/Modulo Tarea Compensacion/Ejecutar Reporte Planilla/a_Actos Administrativos_ejecutarReportePlanillaj_idt61' is clicked on

2022-06-10 09:11:08 - [TEST_STEP][PASSED] - click(findTestObject("1-OBJECTS TAREAS PRINCIPALES/Modulo Tarea Compensacion/Ejecutar Reporte Planilla/a_Actos Administrativos_ejecutarReportePlanillaj_idt61")): Object: 'Object Repository/1-OBJECTS TAREAS PRINCIPALES/Modulo Tarea Compensacion/Ejecutar Reporte Planilla/a_Actos Administrativos_ejecutarReportePlanillaj_idt61' is clicked on

2022-06-10 09:11:08 - [MESSAGE][PASSED] - Object: 'Object Repository/1-OBJECTS TAREAS PRINCIPALES/Modulo Tarea Compensacion/Ejecutar Reporte Planilla/a_Actos Administrativos_ejecutarReportePlanillaj_idt61' is clicked on

2022-06-10 09:11:08 - [TEST_STEP][PASSED] - waitForElementClickable(findTestObject("1-OBJECTS TAREAS PRINCIPALES/Modulo Tarea Compensacion/Ejecutar Reporte Planilla/td_CNC- CONSOLIDADO PERIODO DE NOMINA POR LINEA CCOSTO"), 0): Object 'Object Repository/1-OBJECTS TAREAS PRINCIPALES/Modulo Tarea Compensacion/Ejecutar Reporte Planilla/td_CNC- CONSOLIDADO PERIODO DE NOMINA POR LINEA CCOSTO' is clickable

2022-06-10 09:11:08 - [MESSAGE][WARNING] - Timeout '0' is invalid. Using default page load timeout: '37'

2022-06-10 09:11:09 - [MESSAGE][PASSED] - Object 'Object Repository/1-OBJECTS TAREAS PRINCIPALES/Modulo Tarea Compensacion/Ejecutar Reporte Planilla/td_CNC- CONSOLIDADO PERIODO DE NOMINA POR LINEA CCOSTO' is clickable

2022-06-10 09:11:09 - [TEST_STEP][PASSED] - click(findTestObject("1-OBJECTS TAREAS PRINCIPALES/Modulo Tarea Compensacion/Ejecutar Reporte Planilla/td_CNC- CONSOLIDADO PERIODO DE NOMINA POR LINEA CCOSTO")): Object: 'Object Repository/1-OBJECTS TAREAS PRINCIPALES/Modulo Tarea Compensacion/Ejecutar Reporte Planilla/td_CNC- CONSOLIDADO PERIODO DE NOMINA POR LINEA CCOSTO' is clicked on

2022-06-10 09:11:09 - [MESSAGE][PASSED] - Object: 'Object Repository/1-OBJECTS TAREAS PRINCIPALES/Modulo Tarea Compensacion/Ejecutar Reporte Planilla/td_CNC- CONSOLIDADO PERIODO DE NOMINA POR LINEA CCOSTO' is clicked on

2022-06-10 09:11:09 - [TEST_STEP][PASSED] - waitForElementClickable(findTestObject("1-OBJECTS TAREAS PRINCIPALES/Modulo Tarea Compensacion/Ejecutar Reporte Planilla/a_Periodo Nomina_ejecutarRepor"), 0): Object 'Object Repository/1-OBJECTS TAREAS PRINCIPALES/Modulo Tarea Compensacion/Ejecutar Reporte Planilla/a_Periodo Nomina_ejecutarRepor' is clickable

2022-06-10 09:11:09 - [MESSAGE][WARNING] - Timeout '0' is invalid. Using default page load timeout: '37'

2022-06-10 09:11:10 - [MESSAGE][PASSED] - Object 'Object Repository/1-OBJECTS TAREAS PRINCIPALES/Modulo Tarea Compensacion/Ejecutar Reporte Planilla/a_Periodo Nomina_ejecutarRepor' is clickable

2022-06-10 09:11:10 - [TEST_STEP][PASSED] - click(findTestObject("1-OBJECTS TAREAS PRINCIPALES/Modulo Tarea Compensacion/Ejecutar Reporte Planilla/a_Periodo Nomina_ejecutarRepor")): Object: 'Object Repository/1-OBJECTS TAREAS PRINCIPALES/Modulo Tarea Compensacion/Ejecutar Reporte Planilla/a_Periodo Nomina_ejecutarRepor' is clicked on

2022-06-10 09:11:10 - [MESSAGE][PASSED] - Object: 'Object Repository/1-OBJECTS TAREAS PRINCIPALES/Modulo Tarea Compensacion/Ejecutar Reporte Planilla/a_Periodo Nomina_ejecutarRepor' is clicked on

2022-06-10 09:11:10 - [TEST_STEP][PASSED] - waitForElementClickable(findTestObject("1-OBJECTS TAREAS PRINCIPALES/Modulo Tarea Compensacion/Ejecutar Reporte Planilla/select_--  Seleccione  --Periodo CerradoPeriodo en Proceso"), 0): Object 'Object Repository/1-OBJECTS TAREAS PRINCIPALES/Modulo Tarea Compensacion/Ejecutar Reporte Planilla/select_--  Seleccione  --Periodo CerradoPeriodo en Proceso' is clickable

2022-06-10 09:11:10 - [MESSAGE][WARNING] - Timeout '0' is invalid. Using default page load timeout: '37'

2022-06-10 09:11:11 - [MESSAGE][PASSED] - Object 'Object Repository/1-OBJECTS TAREAS PRINCIPALES/Modulo Tarea Compensacion/Ejecutar Reporte Planilla/select_--  Seleccione  --Periodo CerradoPeriodo en Proceso' is clickable

2022-06-10 09:11:11 - [TEST_STEP][PASSED] - selectOptionByIndex(findTestObject("1-OBJECTS TAREAS PRINCIPALES/Modulo Tarea Compensacion/Ejecutar Reporte Planilla/select_--  Seleccione  --Periodo CerradoPeriodo en Proceso"), "2", STOP_ON_FAILURE): All options with index in [2] are selected on object 'Object Repository/1-OBJECTS TAREAS PRINCIPALES/Modulo Tarea Compensacion/Ejecutar Reporte Planilla/select_--  Seleccione  --Periodo CerradoPeriodo en Proceso'

2022-06-10 09:11:12 - [MESSAGE][PASSED] - All options with index in [2] are selected on object 'Object Repository/1-OBJECTS TAREAS PRINCIPALES/Modulo Tarea Compensacion/Ejecutar Reporte Planilla/select_--  Seleccione  --Periodo CerradoPeriodo en Proceso'

2022-06-10 09:11:12 - [TEST_STEP][PASSED] - waitForElementClickable(findTestObject("1-OBJECTS TAREAS PRINCIPALES/Modulo Tarea Compensacion/Ejecutar Reporte Planilla/span_P. MensualJunio2021"), 0): Object 'Object Repository/1-OBJECTS TAREAS PRINCIPALES/Modulo Tarea Compensacion/Ejecutar Reporte Planilla/span_P. MensualJunio2021' is clickable

2022-06-10 09:11:12 - [MESSAGE][WARNING] - Timeout '0' is invalid. Using default page load timeout: '37'

2022-06-10 09:11:13 - [MESSAGE][PASSED] - Object 'Object Repository/1-OBJECTS TAREAS PRINCIPALES/Modulo Tarea Compensacion/Ejecutar Reporte Planilla/span_P. MensualJunio2021' is clickable

2022-06-10 09:11:13 - [TEST_STEP][PASSED] - click(findTestObject("1-OBJECTS TAREAS PRINCIPALES/Modulo Tarea Compensacion/Ejecutar Reporte Planilla/span_P. MensualJunio2021")): Object: 'Object Repository/1-OBJECTS TAREAS PRINCIPALES/Modulo Tarea Compensacion/Ejecutar Reporte Planilla/span_P. MensualJunio2021' is clicked on

2022-06-10 09:11:13 - [MESSAGE][PASSED] - Object: 'Object Repository/1-OBJECTS TAREAS PRINCIPALES/Modulo Tarea Compensacion/Ejecutar Reporte Planilla/span_P. MensualJunio2021' is clicked on

2022-06-10 09:11:13 - [TEST_STEP][PASSED] - waitForElementClickable(findTestObject("1-OBJECTS TAREAS PRINCIPALES/Modulo Tarea Compensacion/Ejecutar Reporte Planilla/select_SeleccioneTodosFuera de Nmina"), 0): Object 'Object Repository/1-OBJECTS TAREAS PRINCIPALES/Modulo Tarea Compensacion/Ejecutar Reporte Planilla/select_SeleccioneTodosFuera de Nmina' is clickable

2022-06-10 09:11:13 - [MESSAGE][WARNING] - Timeout '0' is invalid. Using default page load timeout: '37'

2022-06-10 09:11:13 - [MESSAGE][PASSED] - Object 'Object Repository/1-OBJECTS TAREAS PRINCIPALES/Modulo Tarea Compensacion/Ejecutar Reporte Planilla/select_SeleccioneTodosFuera de Nmina' is clickable

2022-06-10 09:11:13 - [TEST_STEP][PASSED] - selectOptionByIndex(findTestObject("1-OBJECTS TAREAS PRINCIPALES/Modulo Tarea Compensacion/Ejecutar Reporte Planilla/select_SeleccioneTodosFuera de Nmina"), "1"): All options with index in [1] are selected on object 'Object Repository/1-OBJECTS TAREAS PRINCIPALES/Modulo Tarea Compensacion/Ejecutar Reporte Planilla/select_SeleccioneTodosFuera de Nmina'

2022-06-10 09:11:15 - [MESSAGE][PASSED] - All options with index in [1] are selected on object 'Object Repository/1-OBJECTS TAREAS PRINCIPALES/Modulo Tarea Compensacion/Ejecutar Reporte Planilla/select_SeleccioneTodosFuera de Nmina'

2022-06-10 09:11:15 - [TEST_STEP][PASSED] - click(findTestObject("1-OBJECTS TAREAS PRINCIPALES/Modulo Tarea Compensacion/Ejecutar Reporte Planilla/a_Aplicar")): Object: 'Object Repository/1-OBJECTS TAREAS PRINCIPALES/Modulo Tarea Compensacion/Ejecutar Reporte Planilla/a_Aplicar' is clicked on

2022-06-10 09:11:15 - [MESSAGE][PASSED] - Object: 'Object Repository/1-OBJECTS TAREAS PRINCIPALES/Modulo Tarea Compensacion/Ejecutar Reporte Planilla/a_Aplicar' is clicked on

2022-06-10 09:11:15 - [TEST_STEP][PASSED] - waitForElementClickable(findTestObject("1-OBJECTS TAREAS PRINCIPALES/Modulo Tarea Compensacion/Ejecutar Reporte Planilla/span_Reporte_glyphicons glyphicons-article"), 0): Object 'Object Repository/1-OBJECTS TAREAS PRINCIPALES/Modulo Tarea Compensacion/Ejecutar Reporte Planilla/span_Reporte_glyphicons glyphicons-article' is clickable

2022-06-10 09:11:15 - [MESSAGE][WARNING] - Timeout '0' is invalid. Using default page load timeout: '37'

2022-06-10 09:11:15 - [MESSAGE][PASSED] - Object 'Object Repository/1-OBJECTS TAREAS PRINCIPALES/Modulo Tarea Compensacion/Ejecutar Reporte Planilla/span_Reporte_glyphicons glyphicons-article' is clickable

2022-06-10 09:11:15 - [TEST_STEP][PASSED] - click(findTestObject("1-OBJECTS TAREAS PRINCIPALES/Modulo Tarea Compensacion/Ejecutar Reporte Planilla/span_Reporte_glyphicons glyphicons-article")): Object: 'Object Repository/1-OBJECTS TAREAS PRINCIPALES/Modulo Tarea Compensacion/Ejecutar Reporte Planilla/span_Reporte_glyphicons glyphicons-article' is clicked on

2022-06-10 09:11:16 - [MESSAGE][PASSED] - Object: 'Object Repository/1-OBJECTS TAREAS PRINCIPALES/Modulo Tarea Compensacion/Ejecutar Reporte Planilla/span_Reporte_glyphicons glyphicons-article' is clicked on

2022-06-10 09:11:16 - [TEST_STEP][PASSED] - click(findTestObject("1-OBJECTS TAREAS PRINCIPALES/Modulo Tarea Compensacion/Ejecutar Reporte Planilla/label_xlsData")): Object: 'Object Repository/1-OBJECTS TAREAS PRINCIPALES/Modulo Tarea Compensacion/Ejecutar Reporte Planilla/label_xlsData' is clicked on

2022-06-10 09:11:17 - [MESSAGE][PASSED] - Object: 'Object Repository/1-OBJECTS TAREAS PRINCIPALES/Modulo Tarea Compensacion/Ejecutar Reporte Planilla/label_xlsData' is clicked on

2022-06-10 09:11:17 - [TEST_STEP][PASSED] - click(findTestObject("1-OBJECTS TAREAS PRINCIPALES/Modulo Tarea Compensacion/Ejecutar Reporte Planilla/a_Generar Reporte")): Object: 'Object Repository/1-OBJECTS TAREAS PRINCIPALES/Modulo Tarea Compensacion/Ejecutar Reporte Planilla/a_Generar Reporte' is clicked on

2022-06-10 09:11:17 - [MESSAGE][PASSED] - Object: 'Object Repository/1-OBJECTS TAREAS PRINCIPALES/Modulo Tarea Compensacion/Ejecutar Reporte Planilla/a_Generar Reporte' is clicked on

2022-06-10 09:11:17 - [TEST_STEP][PASSED] - waitForElementClickable(findTestObject("1-OBJECTS TAREAS PRINCIPALES/Modulo Tarea Compensacion/Ejecutar Reporte Planilla/a_Descargar"), 0): Object 'Object Repository/1-OBJECTS TAREAS PRINCIPALES/Modulo Tarea Compensacion/Ejecutar Reporte Planilla/a_Descargar' is clickable

2022-06-10 09:11:17 - [MESSAGE][WARNING] - Timeout '0' is invalid. Using default page load timeout: '37'

2022-06-10 09:11:20 - [MESSAGE][PASSED] - Object 'Object Repository/1-OBJECTS TAREAS PRINCIPALES/Modulo Tarea Compensacion/Ejecutar Reporte Planilla/a_Descargar' is clickable

2022-06-10 09:11:20 - [TEST_STEP][PASSED] - click(findTestObject("1-OBJECTS TAREAS PRINCIPALES/Modulo Tarea Compensacion/Ejecutar Reporte Planilla/a_Descargar")): Object: 'Object Repository/1-OBJECTS TAREAS PRINCIPALES/Modulo Tarea Compensacion/Ejecutar Reporte Planilla/a_Descargar' is clicked on

2022-06-10 09:11:21 - [MESSAGE][PASSED] - Object: 'Object Repository/1-OBJECTS TAREAS PRINCIPALES/Modulo Tarea Compensacion/Ejecutar Reporte Planilla/a_Descargar' is clicked on

2022-06-10 09:11:21 - [TEST_STEP][PASSED] - click(findTestObject("1-OBJECTS TAREAS PRINCIPALES/Modulo Tarea Compensacion/Ejecutar Reporte Planilla/a_Periodo Nomina_Cerrar")): Object: 'Object Repository/1-OBJECTS TAREAS PRINCIPALES/Modulo Tarea Compensacion/Ejecutar Reporte Planilla/a_Periodo Nomina_Cerrar' is clicked on

2022-06-10 09:11:21 - [MESSAGE][PASSED] - Object: 'Object Repository/1-OBJECTS TAREAS PRINCIPALES/Modulo Tarea Compensacion/Ejecutar Reporte Planilla/a_Periodo Nomina_Cerrar' is clicked on

2022-06-10 09:11:21 - [TEST_STEP][PASSED] - waitForElementClickable(findTestObject("1-OBJECTS TAREAS PRINCIPALES/Modulo Tarea Compensacion/Ejecutar Reporte Planilla/a_Aplicar"), 0): Object 'Object Repository/1-OBJECTS TAREAS PRINCIPALES/Modulo Tarea Compensacion/Ejecutar Reporte Planilla/a_Aplicar' is clickable

2022-06-10 09:11:21 - [MESSAGE][WARNING] - Timeout '0' is invalid. Using default page load timeout: '37'

2022-06-10 09:11:22 - [MESSAGE][PASSED] - Object 'Object Repository/1-OBJECTS TAREAS PRINCIPALES/Modulo Tarea Compensacion/Ejecutar Reporte Planilla/a_Aplicar' is clickable

2022-06-10 09:11:22 - [TEST_STEP][PASSED] - click(findTestObject("1-OBJECTS TAREAS PRINCIPALES/Modulo Tarea Compensacion/Ejecutar Reporte Planilla/a_Aplicar")): Object: 'Object Repository/1-OBJECTS TAREAS PRINCIPALES/Modulo Tarea Compensacion/Ejecutar Reporte Planilla/a_Aplicar' is clicked on

2022-06-10 09:11:22 - [MESSAGE][PASSED] - Object: 'Object Repository/1-OBJECTS TAREAS PRINCIPALES/Modulo Tarea Compensacion/Ejecutar Reporte Planilla/a_Aplicar' is clicked on

2022-06-10 09:11:22 - [TEST_STEP][PASSED] - waitForElementClickable(findTestObject("1-OBJECTS TAREAS PRINCIPALES/Modulo Tarea Compensacion/Ejecutar Reporte Planilla/span_Reporte_glyphicons glyphicons-article"), 0): Object 'Object Repository/1-OBJECTS TAREAS PRINCIPALES/Modulo Tarea Compensacion/Ejecutar Reporte Planilla/span_Reporte_glyphicons glyphicons-article' is clickable

2022-06-10 09:11:22 - [MESSAGE][WARNING] - Timeout '0' is invalid. Using default page load timeout: '37'

2022-06-10 09:11:23 - [MESSAGE][PASSED] - Object 'Object Repository/1-OBJECTS TAREAS PRINCIPALES/Modulo Tarea Compensacion/Ejecutar Reporte Planilla/span_Reporte_glyphicons glyphicons-article' is clickable

2022-06-10 09:11:23 - [TEST_STEP][PASSED] - click(findTestObject("1-OBJECTS TAREAS PRINCIPALES/Modulo Tarea Compensacion/Ejecutar Reporte Planilla/span_Reporte_glyphicons glyphicons-article")): Object: 'Object Repository/1-OBJECTS TAREAS PRINCIPALES/Modulo Tarea Compensacion/Ejecutar Reporte Planilla/span_Reporte_glyphicons glyphicons-article' is clicked on

2022-06-10 09:11:23 - [MESSAGE][PASSED] - Object: 'Object Repository/1-OBJECTS TAREAS PRINCIPALES/Modulo Tarea Compensacion/Ejecutar Reporte Planilla/span_Reporte_glyphicons glyphicons-article' is clicked on

2022-06-10 09:11:23 - [TEST_STEP][PASSED] - click(findTestObject("1-OBJECTS TAREAS PRINCIPALES/Modulo Tarea Compensacion/Ejecutar Reporte Planilla/label_pdf")): Object: 'Object Repository/1-OBJECTS TAREAS PRINCIPALES/Modulo Tarea Compensacion/Ejecutar Reporte Planilla/label_pdf' is clicked on

2022-06-10 09:11:24 - [MESSAGE][PASSED] - Object: 'Object Repository/1-OBJECTS TAREAS PRINCIPALES/Modulo Tarea Compensacion/Ejecutar Reporte Planilla/label_pdf' is clicked on

2022-06-10 09:11:24 - [TEST_STEP][PASSED] - click(findTestObject("1-OBJECTS TAREAS PRINCIPALES/Modulo Tarea Compensacion/Ejecutar Reporte Planilla/a_Generar Reporte")): Object: 'Object Repository/1-OBJECTS TAREAS PRINCIPALES/Modulo Tarea Compensacion/Ejecutar Reporte Planilla/a_Generar Reporte' is clicked on

2022-06-10 09:11:24 - [MESSAGE][PASSED] - Object: 'Object Repository/1-OBJECTS TAREAS PRINCIPALES/Modulo Tarea Compensacion/Ejecutar Reporte Planilla/a_Generar Reporte' is clicked on

2022-06-10 09:11:24 - [TEST_STEP][PASSED] - waitForElementClickable(findTestObject("1-OBJECTS TAREAS PRINCIPALES/Modulo Tarea Compensacion/Ejecutar Reporte Planilla/a_Descargar"), 0): Object 'Object Repository/1-OBJECTS TAREAS PRINCIPALES/Modulo Tarea Compensacion/Ejecutar Reporte Planilla/a_Descargar' is clickable

2022-06-10 09:11:24 - [MESSAGE][WARNING] - Timeout '0' is invalid. Using default page load timeout: '37'

2022-06-10 09:11:52 - [MESSAGE][PASSED] - Object 'Object Repository/1-OBJECTS TAREAS PRINCIPALES/Modulo Tarea Compensacion/Ejecutar Reporte Planilla/a_Descargar' is clickable

2022-06-10 09:11:52 - [TEST_STEP][PASSED] - click(findTestObject("1-OBJECTS TAREAS PRINCIPALES/Modulo Tarea Compensacion/Ejecutar Reporte Planilla/a_Descargar")): Object: 'Object Repository/1-OBJECTS TAREAS PRINCIPALES/Modulo Tarea Compensacion/Ejecutar Reporte Planilla/a_Descargar' is clicked on

2022-06-10 09:11:52 - [MESSAGE][PASSED] - Object: 'Object Repository/1-OBJECTS TAREAS PRINCIPALES/Modulo Tarea Compensacion/Ejecutar Reporte Planilla/a_Descargar' is clicked on

2022-06-10 09:11:52 - [TEST_STEP][PASSED] - click(findTestObject("1-OBJECTS TAREAS PRINCIPALES/Modulo Tarea Compensacion/Ejecutar Reporte Planilla/a_Periodo Nomina_Cerrar")): Object: 'Object Repository/1-OBJECTS TAREAS PRINCIPALES/Modulo Tarea Compensacion/Ejecutar Reporte Planilla/a_Periodo Nomina_Cerrar' is clicked on

2022-06-10 09:11:53 - [MESSAGE][PASSED] - Object: 'Object Repository/1-OBJECTS TAREAS PRINCIPALES/Modulo Tarea Compensacion/Ejecutar Reporte Planilla/a_Periodo Nomina_Cerrar' is clicked on

2022-06-10 09:11:53 - [TEST_STEP][PASSED] - waitForElementClickable(findTestObject("1-OBJECTS TAREAS PRINCIPALES/Modulo Tarea Compensacion/Ejecutar Reporte Planilla/input_Actos Administrativos_ejecutarReporte"), 0): Object 'Object Repository/1-OBJECTS TAREAS PRINCIPALES/Modulo Tarea Compensacion/Ejecutar Reporte Planilla/input_Actos Administrativos_ejecutarReporte' is clickable

2022-06-10 09:11:53 - [MESSAGE][WARNING] - Timeout '0' is invalid. Using default page load timeout: '37'

2022-06-10 09:11:53 - [MESSAGE][PASSED] - Object 'Object Repository/1-OBJECTS TAREAS PRINCIPALES/Modulo Tarea Compensacion/Ejecutar Reporte Planilla/input_Actos Administrativos_ejecutarReporte' is clickable

2022-06-10 09:11:53 - [TEST_STEP][PASSED] - setText(findTestObject("1-OBJECTS TAREAS PRINCIPALES/Modulo Tarea Compensacion/Ejecutar Reporte Planilla/input_Actos Administrativos_ejecutarReporte"), "CMT - ACUMULADO MENSUAL CONCEPTOS DE NOMINA (PAGADO)"): Text 'CMT - ACUMULADO MENSUAL CONCEPTOS DE NOMINA (PAGADO)' is set on object 'Object Repository/1-OBJECTS TAREAS PRINCIPALES/Modulo Tarea Compensacion/Ejecutar Reporte Planilla/input_Actos Administrativos_ejecutarReporte'

2022-06-10 09:11:54 - [MESSAGE][PASSED] - Text 'CMT - ACUMULADO MENSUAL CONCEPTOS DE NOMINA (PAGADO)' is set on object 'Object Repository/1-OBJECTS TAREAS PRINCIPALES/Modulo Tarea Compensacion/Ejecutar Reporte Planilla/input_Actos Administrativos_ejecutarReporte'

2022-06-10 09:11:54 - [TEST_STEP][PASSED] - click(findTestObject("1-OBJECTS TAREAS PRINCIPALES/Modulo Tarea Compensacion/Ejecutar Reporte Planilla/a_Actos Administrativos_ejecutarReportePlanillaj_idt61")): Object: 'Object Repository/1-OBJECTS TAREAS PRINCIPALES/Modulo Tarea Compensacion/Ejecutar Reporte Planilla/a_Actos Administrativos_ejecutarReportePlanillaj_idt61' is clicked on

2022-06-10 09:11:55 - [MESSAGE][PASSED] - Object: 'Object Repository/1-OBJECTS TAREAS PRINCIPALES/Modulo Tarea Compensacion/Ejecutar Reporte Planilla/a_Actos Administrativos_ejecutarReportePlanillaj_idt61' is clicked on

2022-06-10 09:11:55 - [TEST_STEP][PASSED] - click(findTestObject("1-OBJECTS TAREAS PRINCIPALES/Modulo Tarea Compensacion/Ejecutar Reporte Planilla/a_Actos Administrativos_ejecutarReportePlanillaj_idt61")): Object: 'Object Repository/1-OBJECTS TAREAS PRINCIPALES/Modulo Tarea Compensacion/Ejecutar Reporte Planilla/a_Actos Administrativos_ejecutarReportePlanillaj_idt61' is clicked on

2022-06-10 09:11:55 - [MESSAGE][PASSED] - Object: 'Object Repository/1-OBJECTS TAREAS PRINCIPALES/Modulo Tarea Compensacion/Ejecutar Reporte Planilla/a_Actos Administrativos_ejecutarReportePlanillaj_idt61' is clicked on

2022-06-10 09:11:55 - [TEST_STEP][PASSED] - waitForElementClickable(findTestObject("1-OBJECTS TAREAS PRINCIPALES/Modulo Tarea Compensacion/Ejecutar Reporte Planilla/td_CNC- CONSOLIDADO PERIODO DE NOMINA POR LINEA CCOSTO"), 0): Object 'Object Repository/1-OBJECTS TAREAS PRINCIPALES/Modulo Tarea Compensacion/Ejecutar Reporte Planilla/td_CNC- CONSOLIDADO PERIODO DE NOMINA POR LINEA CCOSTO' is clickable

2022-06-10 09:11:55 - [MESSAGE][WARNING] - Timeout '0' is invalid. Using default page load timeout: '37'

2022-06-10 09:11:56 - [MESSAGE][PASSED] - Object 'Object Repository/1-OBJECTS TAREAS PRINCIPALES/Modulo Tarea Compensacion/Ejecutar Reporte Planilla/td_CNC- CONSOLIDADO PERIODO DE NOMINA POR LINEA CCOSTO' is clickable

2022-06-10 09:11:56 - [TEST_STEP][PASSED] - click(findTestObject("1-OBJECTS TAREAS PRINCIPALES/Modulo Tarea Compensacion/Ejecutar Reporte Planilla/td_CNC- CONSOLIDADO PERIODO DE NOMINA POR LINEA CCOSTO")): Object: 'Object Repository/1-OBJECTS TAREAS PRINCIPALES/Modulo Tarea Compensacion/Ejecutar Reporte Planilla/td_CNC- CONSOLIDADO PERIODO DE NOMINA POR LINEA CCOSTO' is clicked on

2022-06-10 09:11:57 - [MESSAGE][PASSED] - Object: 'Object Repository/1-OBJECTS TAREAS PRINCIPALES/Modulo Tarea Compensacion/Ejecutar Reporte Planilla/td_CNC- CONSOLIDADO PERIODO DE NOMINA POR LINEA CCOSTO' is clicked on

2022-06-10 09:11:57 - [TEST_STEP][PASSED] - setText(findTestObject("1-OBJECTS TAREAS PRINCIPALES/Modulo Tarea Compensacion/Ejecutar Reporte Planilla/input_Rango Fechas_ejecutarReportePlanillafechaInicio_input"), "01/07/2021"): Text '01/07/2021' is set on object 'Object Repository/1-OBJECTS TAREAS PRINCIPALES/Modulo Tarea Compensacion/Ejecutar Reporte Planilla/input_Rango Fechas_ejecutarReportePlanillafechaInicio_input'

2022-06-10 09:11:58 - [MESSAGE][PASSED] - Text '01/07/2021' is set on object 'Object Repository/1-OBJECTS TAREAS PRINCIPALES/Modulo Tarea Compensacion/Ejecutar Reporte Planilla/input_Rango Fechas_ejecutarReportePlanillafechaInicio_input'

2022-06-10 09:11:58 - [TEST_STEP][PASSED] - setText(findTestObject("1-OBJECTS TAREAS PRINCIPALES/Modulo Tarea Compensacion/Ejecutar Reporte Planilla/input_Rango Fechas_ejecutarReportePlanillafechaFinal_input"), "30/07/2021"): Text '30/07/2021' is set on object 'Object Repository/1-OBJECTS TAREAS PRINCIPALES/Modulo Tarea Compensacion/Ejecutar Reporte Planilla/input_Rango Fechas_ejecutarReportePlanillafechaFinal_input'

2022-06-10 09:11:59 - [MESSAGE][PASSED] - Text '30/07/2021' is set on object 'Object Repository/1-OBJECTS TAREAS PRINCIPALES/Modulo Tarea Compensacion/Ejecutar Reporte Planilla/input_Rango Fechas_ejecutarReportePlanillafechaFinal_input'

2022-06-10 09:11:59 - [TEST_STEP][PASSED] - click(findTestObject("1-OBJECTS TAREAS PRINCIPALES/Modulo Tarea Compensacion/Ejecutar Reporte Planilla/a_Aplicar")): Object: 'Object Repository/1-OBJECTS TAREAS PRINCIPALES/Modulo Tarea Compensacion/Ejecutar Reporte Planilla/a_Aplicar' is clicked on

2022-06-10 09:11:59 - [MESSAGE][PASSED] - Object: 'Object Repository/1-OBJECTS TAREAS PRINCIPALES/Modulo Tarea Compensacion/Ejecutar Reporte Planilla/a_Aplicar' is clicked on

2022-06-10 09:11:59 - [TEST_STEP][PASSED] - waitForElementClickable(findTestObject("1-OBJECTS TAREAS PRINCIPALES/Modulo Tarea Compensacion/Ejecutar Reporte Planilla/span_Reporte_glyphicons glyphicons-article"), 0): Object 'Object Repository/1-OBJECTS TAREAS PRINCIPALES/Modulo Tarea Compensacion/Ejecutar Reporte Planilla/span_Reporte_glyphicons glyphicons-article' is clickable

2022-06-10 09:11:59 - [MESSAGE][WARNING] - Timeout '0' is invalid. Using default page load timeout: '37'

2022-06-10 09:12:00 - [MESSAGE][PASSED] - Object 'Object Repository/1-OBJECTS TAREAS PRINCIPALES/Modulo Tarea Compensacion/Ejecutar Reporte Planilla/span_Reporte_glyphicons glyphicons-article' is clickable

2022-06-10 09:12:00 - [TEST_STEP][PASSED] - click(findTestObject("1-OBJECTS TAREAS PRINCIPALES/Modulo Tarea Compensacion/Ejecutar Reporte Planilla/span_Reporte_glyphicons glyphicons-article")): Object: 'Object Repository/1-OBJECTS TAREAS PRINCIPALES/Modulo Tarea Compensacion/Ejecutar Reporte Planilla/span_Reporte_glyphicons glyphicons-article' is clicked on

2022-06-10 09:12:00 - [MESSAGE][PASSED] - Object: 'Object Repository/1-OBJECTS TAREAS PRINCIPALES/Modulo Tarea Compensacion/Ejecutar Reporte Planilla/span_Reporte_glyphicons glyphicons-article' is clicked on

2022-06-10 09:12:00 - [TEST_STEP][PASSED] - click(findTestObject("1-OBJECTS TAREAS PRINCIPALES/Modulo Tarea Compensacion/Ejecutar Reporte Planilla/label_xlsData")): Object: 'Object Repository/1-OBJECTS TAREAS PRINCIPALES/Modulo Tarea Compensacion/Ejecutar Reporte Planilla/label_xlsData' is clicked on

2022-06-10 09:12:01 - [MESSAGE][PASSED] - Object: 'Object Repository/1-OBJECTS TAREAS PRINCIPALES/Modulo Tarea Compensacion/Ejecutar Reporte Planilla/label_xlsData' is clicked on

2022-06-10 09:12:01 - [TEST_STEP][PASSED] - click(findTestObject("1-OBJECTS TAREAS PRINCIPALES/Modulo Tarea Compensacion/Ejecutar Reporte Planilla/a_Generar Reporte")): Object: 'Object Repository/1-OBJECTS TAREAS PRINCIPALES/Modulo Tarea Compensacion/Ejecutar Reporte Planilla/a_Generar Reporte' is clicked on

2022-06-10 09:12:02 - [MESSAGE][PASSED] - Object: 'Object Repository/1-OBJECTS TAREAS PRINCIPALES/Modulo Tarea Compensacion/Ejecutar Reporte Planilla/a_Generar Reporte' is clicked on

2022-06-10 09:12:02 - [TEST_STEP][PASSED] - waitForElementClickable(findTestObject("1-OBJECTS TAREAS PRINCIPALES/Modulo Tarea Compensacion/Ejecutar Reporte Planilla/a_Descargar"), 0): Object 'Object Repository/1-OBJECTS TAREAS PRINCIPALES/Modulo Tarea Compensacion/Ejecutar Reporte Planilla/a_Descargar' is clickable

2022-06-10 09:12:02 - [MESSAGE][WARNING] - Timeout '0' is invalid. Using default page load timeout: '37'

2022-06-10 09:12:02 - [MESSAGE][PASSED] - Object 'Object Repository/1-OBJECTS TAREAS PRINCIPALES/Modulo Tarea Compensacion/Ejecutar Reporte Planilla/a_Descargar' is clickable

2022-06-10 09:12:02 - [TEST_STEP][FAILED] - click(findTestObject("1-OBJECTS TAREAS PRINCIPALES/Modulo Tarea Compensacion/Ejecutar Reporte Planilla/a_Descargar")): Unable to click on object 'Object Repository/1-OBJECTS TAREAS PRINCIPALES/Modulo Tarea Compensacion/Ejecutar Reporte Planilla/a_Descargar' (Root cause: com.kms.katalon.core.exception.StepFailedException: Unable to click on object 'Object Repository/1-OBJECTS TAREAS PRINCIPALES/Modulo Tarea Compensacion/Ejecutar Reporte Planilla/a_Descargar'
	at com.kms.katalon.core.webui.keyword.internal.WebUIKeywordMain.stepFailed(WebUIKeywordMain.groovy:64)
	at com.kms.katalon.core.webui.keyword.internal.WebUIKeywordMain.runKeyword(WebUIKeywordMain.groovy:26)
	at com.kms.katalon.core.webui.keyword.builtin.ClickKeyword.click(ClickKeyword.groovy:74)
	at com.kms.katalon.core.webui.keyword.builtin.ClickKeyword.execute(ClickKeyword.groovy:40)
	at com.kms.katalon.core.keyword.internal.KeywordExecutor.executeKeywordForPlatform(KeywordExecutor.groovy:74)
	at com.kms.katalon.core.webui.keyword.WebUiBuiltInKeywords.click(WebUiBuiltInKeywords.groovy:620)
	at com.kms.katalon.core.webui.keyword.WebUiBuiltInKeywords$click$5.call(Unknown Source)
	at 1.5.4-Ejecutar Reporte Plantilla.run(1.5.4-Ejecutar Reporte Plantilla:423)
	at com.kms.katalon.core.main.ScriptEngine.run(ScriptEngine.java:194)
	at com.kms.katalon.core.main.ScriptEngine.runScriptAsRawText(ScriptEngine.java:119)
	at com.kms.katalon.core.main.TestCaseExecutor.runScript(TestCaseExecutor.java:445)
	at com.kms.katalon.core.main.TestCaseExecutor.doExecute(TestCaseExecutor.java:436)
	at com.kms.katalon.core.main.TestCaseExecutor.processExecutionPhase(TestCaseExecutor.java:415)
	at com.kms.katalon.core.main.TestCaseExecutor.accessMainPhase(TestCaseExecutor.java:407)
	at com.kms.katalon.core.main.TestCaseExecutor.execute(TestCaseExecutor.java:284)
	at com.kms.katalon.core.common.CommonExecutor.accessTestCaseMainPhase(CommonExecutor.java:65)
	at com.kms.katalon.core.main.TestSuiteExecutor.accessTestSuiteMainPhase(TestSuiteExecutor.java:144)
	at com.kms.katalon.core.main.TestSuiteExecutor.execute(TestSuiteExecutor.java:106)
	at com.kms.katalon.core.main.TestCaseMain.startTestSuite(TestCaseMain.java:185)
	at com.kms.katalon.core.main.TestCaseMain$startTestSuite$0.call(Unknown Source)
	at TempTestSuite1654867643956.run(TempTestSuite1654867643956.groovy:36)
Caused by: org.openqa.selenium.ElementClickInterceptedException: element click intercepted: Element <a id="popupManejoReporte_form:j_idt672" href="#" class="ui-commandlink ui-widget us-boton btn-reporte" onclick="PrimeFaces.ab({s:&quot;popupManejoReporte_form:j_idt672&quot;,f:&quot;popupManejoReporte_form&quot;,u:&quot;areaAplicacion&quot;});return false;">...</a> is not clickable at point (687, 381). Other element would receive the click: <textarea name="popupErrorDialog:j_idt594" class="valor_campo_estandar msg-detalle" cols="55" rows="4" readonly="readonly">...</textarea>
  (Session info: chrome=102.0.5005.115)
Build info: version: '3.141.59', revision: 'e82be7d358', time: '2018-11-14T08:25:53'
System info: host: 'US-AF-000371', ip: '192.168.56.1', os.name: 'Windows 10', os.arch: 'amd64', os.version: '10.0', java.version: '1.8.0_282'
Driver info: com.kms.katalon.selenium.driver.CChromeDriver
Capabilities {acceptInsecureCerts: false, browserName: chrome, browserVersion: 102.0.5005.115, chrome: {chromedriverVersion: 101.0.4951.41 (93c720db8323..., userDataDir: C:\Users\DIEGO~1.ROJ\AppDat...}, goog:chromeOptions: {debuggerAddress: localhost:58103}, javascriptEnabled: true, networkConnectionEnabled: false, pageLoadStrategy: normal, platform: WINDOWS, platformName: WINDOWS, proxy: Proxy(), setWindowRect: true, strictFileInteractability: false, timeouts: {implicit: 0, pageLoad: 300000, script: 30000}, unhandledPromptBehavior: dismiss and notify, webauthn:extension:credBlob: true, webauthn:extension:largeBlob: true, webauthn:virtualAuthenticators: true}
Session ID: 97f419ce47e849100beeaff99ad78a19
	at org.openqa.selenium.remote.http.W3CHttpResponseCodec.createException(W3CHttpResponseCodec.java:187)
	at org.openqa.selenium.remote.http.W3CHttpResponseCodec.decode(W3CHttpResponseCodec.java:122)
	at org.openqa.selenium.remote.http.W3CHttpResponseCodec.decode(W3CHttpResponseCodec.java:49)
	at org.openqa.selenium.remote.HttpCommandExecutor.execute(HttpCommandExecutor.java:158)
	at org.openqa.selenium.remote.service.DriverCommandExecutor.execute(DriverCommandExecutor.java:83)
	at org.openqa.selenium.remote.RemoteWebDriver.execute(RemoteWebDriver.java:552)
	at com.kms.katalon.selenium.driver.CChromeDriver.execute(CChromeDriver.java:19)
	at org.openqa.selenium.remote.RemoteWebElement.execute(RemoteWebElement.java:285)
	at org.openqa.selenium.remote.RemoteWebElement.click(RemoteWebElement.java:84)
	at org.openqa.selenium.support.events.EventFiringWebDriver$EventFiringWebElement.lambda$new$0(EventFiringWebDriver.java:404)
	at com.sun.proxy.$Proxy11.click(Unknown Source)
	at org.openqa.selenium.support.events.EventFiringWebDriver$EventFiringWebElement.click(EventFiringWebDriver.java:417)
	at org.openqa.selenium.WebElement$click$0.call(Unknown Source)
	at com.kms.katalon.core.webui.keyword.builtin.ClickKeyword.clickUntilSuccessWithTimeout(ClickKeyword.groovy:81)
	at com.kms.katalon.core.webui.keyword.builtin.ClickKeyword.clickUntilSuccessWithTimeout(ClickKeyword.groovy)
	at com.kms.katalon.core.webui.keyword.builtin.ClickKeyword$_click_closure1.doCall(ClickKeyword.groovy:67)
	at com.kms.katalon.core.webui.keyword.builtin.ClickKeyword$_click_closure1.call(ClickKeyword.groovy)
	at com.kms.katalon.core.webui.keyword.internal.WebUIKeywordMain.runKeyword(WebUIKeywordMain.groovy:20)
	at com.kms.katalon.core.webui.keyword.builtin.ClickKeyword.click(ClickKeyword.groovy:74)
	at com.kms.katalon.core.webui.keyword.builtin.ClickKeyword.execute(ClickKeyword.groovy:40)
	at com.kms.katalon.core.keyword.internal.KeywordExecutor.executeKeywordForPlatform(KeywordExecutor.groovy:74)
	at com.kms.katalon.core.webui.keyword.WebUiBuiltInKeywords.click(WebUiBuiltInKeywords.groovy:620)
	at com.kms.katalon.core.webui.keyword.WebUiBuiltInKeywords$click$5.call(Unknown Source)
	at Script1548867198333.run(Script1548867198333.groovy:423)
	... 13 more
)

2022-06-10 09:12:42 - [MESSAGE][FAILED] - Unable to click on object 'Object Repository/1-OBJECTS TAREAS PRINCIPALES/Modulo Tarea Compensacion/Ejecutar Reporte Planilla/a_Descargar' (Root cause: com.kms.katalon.core.exception.StepFailedException: Unable to click on object 'Object Repository/1-OBJECTS TAREAS PRINCIPALES/Modulo Tarea Compensacion/Ejecutar Reporte Planilla/a_Descargar'
	at com.kms.katalon.core.webui.keyword.internal.WebUIKeywordMain.stepFailed(WebUIKeywordMain.groovy:64)
	at com.kms.katalon.core.webui.keyword.internal.WebUIKeywordMain.runKeyword(WebUIKeywordMain.groovy:26)
	at com.kms.katalon.core.webui.keyword.builtin.ClickKeyword.click(ClickKeyword.groovy:74)
	at com.kms.katalon.core.webui.keyword.builtin.ClickKeyword.execute(ClickKeyword.groovy:40)
	at com.kms.katalon.core.keyword.internal.KeywordExecutor.executeKeywordForPlatform(KeywordExecutor.groovy:74)
	at com.kms.katalon.core.webui.keyword.WebUiBuiltInKeywords.click(WebUiBuiltInKeywords.groovy:620)
	at com.kms.katalon.core.webui.keyword.WebUiBuiltInKeywords$click$5.call(Unknown Source)
	at 1.5.4-Ejecutar Reporte Plantilla.run(1.5.4-Ejecutar Reporte Plantilla:423)
	at com.kms.katalon.core.main.ScriptEngine.run(ScriptEngine.java:194)
	at com.kms.katalon.core.main.ScriptEngine.runScriptAsRawText(ScriptEngine.java:119)
	at com.kms.katalon.core.main.TestCaseExecutor.runScript(TestCaseExecutor.java:445)
	at com.kms.katalon.core.main.TestCaseExecutor.doExecute(TestCaseExecutor.java:436)
	at com.kms.katalon.core.main.TestCaseExecutor.processExecutionPhase(TestCaseExecutor.java:415)
	at com.kms.katalon.core.main.TestCaseExecutor.accessMainPhase(TestCaseExecutor.java:407)
	at com.kms.katalon.core.main.TestCaseExecutor.execute(TestCaseExecutor.java:284)
	at com.kms.katalon.core.common.CommonExecutor.accessTestCaseMainPhase(CommonExecutor.java:65)
	at com.kms.katalon.core.main.TestSuiteExecutor.accessTestSuiteMainPhase(TestSuiteExecutor.java:144)
	at com.kms.katalon.core.main.TestSuiteExecutor.execute(TestSuiteExecutor.java:106)
	at com.kms.katalon.core.main.TestCaseMain.startTestSuite(TestCaseMain.java:185)
	at com.kms.katalon.core.main.TestCaseMain$startTestSuite$0.call(Unknown Source)
	at TempTestSuite1654867643956.run(TempTestSuite1654867643956.groovy:36)
Caused by: org.openqa.selenium.ElementClickInterceptedException: element click intercepted: Element <a id="popupManejoReporte_form:j_idt672" href="#" class="ui-commandlink ui-widget us-boton btn-reporte" onclick="PrimeFaces.ab({s:&quot;popupManejoReporte_form:j_idt672&quot;,f:&quot;popupManejoReporte_form&quot;,u:&quot;areaAplicacion&quot;});return false;">...</a> is not clickable at point (687, 381). Other element would receive the click: <textarea name="popupErrorDialog:j_idt594" class="valor_campo_estandar msg-detalle" cols="55" rows="4" readonly="readonly">...</textarea>
  (Session info: chrome=102.0.5005.115)
Build info: version: '3.141.59', revision: 'e82be7d358', time: '2018-11-14T08:25:53'
System info: host: 'US-AF-000371', ip: '192.168.56.1', os.name: 'Windows 10', os.arch: 'amd64', os.version: '10.0', java.version: '1.8.0_282'
Driver info: com.kms.katalon.selenium.driver.CChromeDriver
Capabilities {acceptInsecureCerts: false, browserName: chrome, browserVersion: 102.0.5005.115, chrome: {chromedriverVersion: 101.0.4951.41 (93c720db8323..., userDataDir: C:\Users\DIEGO~1.ROJ\AppDat...}, goog:chromeOptions: {debuggerAddress: localhost:58103}, javascriptEnabled: true, networkConnectionEnabled: false, pageLoadStrategy: normal, platform: WINDOWS, platformName: WINDOWS, proxy: Proxy(), setWindowRect: true, strictFileInteractability: false, timeouts: {implicit: 0, pageLoad: 300000, script: 30000}, unhandledPromptBehavior: dismiss and notify, webauthn:extension:credBlob: true, webauthn:extension:largeBlob: true, webauthn:virtualAuthenticators: true}
Session ID: 97f419ce47e849100beeaff99ad78a19
	at org.openqa.selenium.remote.http.W3CHttpResponseCodec.createException(W3CHttpResponseCodec.java:187)
	at org.openqa.selenium.remote.http.W3CHttpResponseCodec.decode(W3CHttpResponseCodec.java:122)
	at org.openqa.selenium.remote.http.W3CHttpResponseCodec.decode(W3CHttpResponseCodec.java:49)
	at org.openqa.selenium.remote.HttpCommandExecutor.execute(HttpCommandExecutor.java:158)
	at org.openqa.selenium.remote.service.DriverCommandExecutor.execute(DriverCommandExecutor.java:83)
	at org.openqa.selenium.remote.RemoteWebDriver.execute(RemoteWebDriver.java:552)
	at com.kms.katalon.selenium.driver.CChromeDriver.execute(CChromeDriver.java:19)
	at org.openqa.selenium.remote.RemoteWebElement.execute(RemoteWebElement.java:285)
	at org.openqa.selenium.remote.RemoteWebElement.click(RemoteWebElement.java:84)
	at org.openqa.selenium.support.events.EventFiringWebDriver$EventFiringWebElement.lambda$new$0(EventFiringWebDriver.java:404)
	at com.sun.proxy.$Proxy11.click(Unknown Source)
	at org.openqa.selenium.support.events.EventFiringWebDriver$EventFiringWebElement.click(EventFiringWebDriver.java:417)
	at org.openqa.selenium.WebElement$click$0.call(Unknown Source)
	at com.kms.katalon.core.webui.keyword.builtin.ClickKeyword.clickUntilSuccessWithTimeout(ClickKeyword.groovy:81)
	at com.kms.katalon.core.webui.keyword.builtin.ClickKeyword.clickUntilSuccessWithTimeout(ClickKeyword.groovy)
	at com.kms.katalon.core.webui.keyword.builtin.ClickKeyword$_click_closure1.doCall(ClickKeyword.groovy:67)
	at com.kms.katalon.core.webui.keyword.builtin.ClickKeyword$_click_closure1.call(ClickKeyword.groovy)
	at com.kms.katalon.core.webui.keyword.internal.WebUIKeywordMain.runKeyword(WebUIKeywordMain.groovy:20)
	at com.kms.katalon.core.webui.keyword.builtin.ClickKeyword.click(ClickKeyword.groovy:74)
	at com.kms.katalon.core.webui.keyword.builtin.ClickKeyword.execute(ClickKeyword.groovy:40)
	at com.kms.katalon.core.keyword.internal.KeywordExecutor.executeKeywordForPlatform(KeywordExecutor.groovy:74)
	at com.kms.katalon.core.webui.keyword.WebUiBuiltInKeywords.click(WebUiBuiltInKeywords.groovy:620)
	at com.kms.katalon.core.webui.keyword.WebUiBuiltInKeywords$click$5.call(Unknown Source)
	at Script1548867198333.run(Script1548867198333.groovy:423)
	... 13 more
)
[[ATTACHMENT|C:\\Users\\diego.rojas\\git\\Pruebas-Minimas\\Reports\\20220610_082723\\Test_Suite_Principales\\1-Tareas Principales\\20220610_082723\\1654870361929.png]]]]></system-out>
         <system-err><![CDATA[2022-06-10 09:09:01 - [TEST_CASE][FAILED] - Test Cases/1.1-Tareas Principales/1.5.4-Ejecutar Reporte Plantilla: Test Cases/1.1-Tareas Principales/1.5.4-Ejecutar Reporte Plantilla FAILED.
Reason:
com.kms.katalon.core.exception.StepFailedException: Unable to click on object 'Object Repository/1-OBJECTS TAREAS PRINCIPALES/Modulo Tarea Compensacion/Ejecutar Reporte Planilla/a_Descargar'
	at com.kms.katalon.core.webui.keyword.internal.WebUIKeywordMain.stepFailed(WebUIKeywordMain.groovy:64)
	at com.kms.katalon.core.webui.keyword.internal.WebUIKeywordMain.runKeyword(WebUIKeywordMain.groovy:26)
	at com.kms.katalon.core.webui.keyword.builtin.ClickKeyword.click(ClickKeyword.groovy:74)
	at com.kms.katalon.core.webui.keyword.builtin.ClickKeyword.execute(ClickKeyword.groovy:40)
	at com.kms.katalon.core.keyword.internal.KeywordExecutor.executeKeywordForPlatform(KeywordExecutor.groovy:74)
	at com.kms.katalon.core.webui.keyword.WebUiBuiltInKeywords.click(WebUiBuiltInKeywords.groovy:620)
	at com.kms.katalon.core.webui.keyword.WebUiBuiltInKeywords$click$5.call(Unknown Source)
	at 1.5.4-Ejecutar Reporte Plantilla.run(1.5.4-Ejecutar Reporte Plantilla:423)
	at com.kms.katalon.core.main.ScriptEngine.run(ScriptEngine.java:194)
	at com.kms.katalon.core.main.ScriptEngine.runScriptAsRawText(ScriptEngine.java:119)
	at com.kms.katalon.core.main.TestCaseExecutor.runScript(TestCaseExecutor.java:445)
	at com.kms.katalon.core.main.TestCaseExecutor.doExecute(TestCaseExecutor.java:436)
	at com.kms.katalon.core.main.TestCaseExecutor.processExecutionPhase(TestCaseExecutor.java:415)
	at com.kms.katalon.core.main.TestCaseExecutor.accessMainPhase(TestCaseExecutor.java:407)
	at com.kms.katalon.core.main.TestCaseExecutor.execute(TestCaseExecutor.java:284)
	at com.kms.katalon.core.common.CommonExecutor.accessTestCaseMainPhase(CommonExecutor.java:65)
	at com.kms.katalon.core.main.TestSuiteExecutor.accessTestSuiteMainPhase(TestSuiteExecutor.java:144)
	at com.kms.katalon.core.main.TestSuiteExecutor.execute(TestSuiteExecutor.java:106)
	at com.kms.katalon.core.main.TestCaseMain.startTestSuite(TestCaseMain.java:185)
	at com.kms.katalon.core.main.TestCaseMain$startTestSuite$0.call(Unknown Source)
	at TempTestSuite1654867643956.run(TempTestSuite1654867643956.groovy:36)
Caused by: org.openqa.selenium.ElementClickInterceptedException: element click intercepted: Element <a id="popupManejoReporte_form:j_idt672" href="#" class="ui-commandlink ui-widget us-boton btn-reporte" onclick="PrimeFaces.ab({s:&quot;popupManejoReporte_form:j_idt672&quot;,f:&quot;popupManejoReporte_form&quot;,u:&quot;areaAplicacion&quot;});return false;">...</a> is not clickable at point (687, 381). Other element would receive the click: <textarea name="popupErrorDialog:j_idt594" class="valor_campo_estandar msg-detalle" cols="55" rows="4" readonly="readonly">...</textarea>
  (Session info: chrome=102.0.5005.115)
Build info: version: '3.141.59', revision: 'e82be7d358', time: '2018-11-14T08:25:53'
System info: host: 'US-AF-000371', ip: '192.168.56.1', os.name: 'Windows 10', os.arch: 'amd64', os.version: '10.0', java.version: '1.8.0_282'
Driver info: com.kms.katalon.selenium.driver.CChromeDriver
Capabilities {acceptInsecureCerts: false, browserName: chrome, browserVersion: 102.0.5005.115, chrome: {chromedriverVersion: 101.0.4951.41 (93c720db8323..., userDataDir: C:\Users\DIEGO~1.ROJ\AppDat...}, goog:chromeOptions: {debuggerAddress: localhost:58103}, javascriptEnabled: true, networkConnectionEnabled: false, pageLoadStrategy: normal, platform: WINDOWS, platformName: WINDOWS, proxy: Proxy(), setWindowRect: true, strictFileInteractability: false, timeouts: {implicit: 0, pageLoad: 300000, script: 30000}, unhandledPromptBehavior: dismiss and notify, webauthn:extension:credBlob: true, webauthn:extension:largeBlob: true, webauthn:virtualAuthenticators: true}
Session ID: 97f419ce47e849100beeaff99ad78a19
	at org.openqa.selenium.remote.http.W3CHttpResponseCodec.createException(W3CHttpResponseCodec.java:187)
	at org.openqa.selenium.remote.http.W3CHttpResponseCodec.decode(W3CHttpResponseCodec.java:122)
	at org.openqa.selenium.remote.http.W3CHttpResponseCodec.decode(W3CHttpResponseCodec.java:49)
	at org.openqa.selenium.remote.HttpCommandExecutor.execute(HttpCommandExecutor.java:158)
	at org.openqa.selenium.remote.service.DriverCommandExecutor.execute(DriverCommandExecutor.java:83)
	at org.openqa.selenium.remote.RemoteWebDriver.execute(RemoteWebDriver.java:552)
	at com.kms.katalon.selenium.driver.CChromeDriver.execute(CChromeDriver.java:19)
	at org.openqa.selenium.remote.RemoteWebElement.execute(RemoteWebElement.java:285)
	at org.openqa.selenium.remote.RemoteWebElement.click(RemoteWebElement.java:84)
	at org.openqa.selenium.support.events.EventFiringWebDriver$EventFiringWebElement.lambda$new$0(EventFiringWebDriver.java:404)
	at com.sun.proxy.$Proxy11.click(Unknown Source)
	at org.openqa.selenium.support.events.EventFiringWebDriver$EventFiringWebElement.click(EventFiringWebDriver.java:417)
	at org.openqa.selenium.WebElement$click$0.call(Unknown Source)
	at com.kms.katalon.core.webui.keyword.builtin.ClickKeyword.clickUntilSuccessWithTimeout(ClickKeyword.groovy:81)
	at com.kms.katalon.core.webui.keyword.builtin.ClickKeyword.clickUntilSuccessWithTimeout(ClickKeyword.groovy)
	at com.kms.katalon.core.webui.keyword.builtin.ClickKeyword$_click_closure1.doCall(ClickKeyword.groovy:67)
	at com.kms.katalon.core.webui.keyword.builtin.ClickKeyword$_click_closure1.call(ClickKeyword.groovy)
	at com.kms.katalon.core.webui.keyword.internal.WebUIKeywordMain.runKeyword(WebUIKeywordMain.groovy:20)
	... 19 more]]></system-err>
      </testcase>
      <testcase name="Test Cases/1.1-Tareas Principales/1.5.5- Crear Nomina Electrónica" time="63.221" classname="Test Cases/1.1-Tareas Principales/1.5.5- Crear Nomina Electrónica" status="FAILED">
         <failure type="FAILED" message="Test Cases/1.1-Tareas Principales/1.5.5- Crear Nomina Electrónica FAILED.
Reason:
com.kms.katalon.core.exception.StepFailedException: Unable to accept alert
	at com.kms.katalon.core.webui.keyword.internal.WebUIKeywordMain.stepFailed(WebUIKeywordMain.groovy:64)
	at com.kms.katalon.core.webui.keyword.internal.WebUIKeywordMain.runKeyword(WebUIKeywordMain.groovy:26)
	at com.kms.katalon.core.webui.keyword.builtin.AcceptAlertKeyword.acceptAlert(AcceptAlertKeyword.groovy:71)
	at com.kms.katalon.core.webui.keyword.builtin.AcceptAlertKeyword.execute(AcceptAlertKeyword.groovy:66)
	at com.kms.katalon.core.keyword.internal.KeywordExecutor.executeKeywordForPlatform(KeywordExecutor.groovy:74)
	at com.kms.katalon.core.webui.keyword.WebUiBuiltInKeywords.acceptAlert(WebUiBuiltInKeywords.groovy:1522)
	at com.kms.katalon.core.webui.keyword.WebUiBuiltInKeywords$acceptAlert$21.call(Unknown Source)
	at 1.5.5- Crear Nomina Electrónica.run(1.5.5- Crear Nomina Electrónica:92)
	at com.kms.katalon.core.main.ScriptEngine.run(ScriptEngine.java:194)
	at com.kms.katalon.core.main.ScriptEngine.runScriptAsRawText(ScriptEngine.java:119)
	at com.kms.katalon.core.main.TestCaseExecutor.runScript(TestCaseExecutor.java:445)
	at com.kms.katalon.core.main.TestCaseExecutor.doExecute(TestCaseExecutor.java:436)
	at com.kms.katalon.core.main.TestCaseExecutor.processExecutionPhase(TestCaseExecutor.java:415)
	at com.kms.katalon.core.main.TestCaseExecutor.accessMainPhase(TestCaseExecutor.java:407)
	at com.kms.katalon.core.main.TestCaseExecutor.execute(TestCaseExecutor.java:284)
	at com.kms.katalon.core.common.CommonExecutor.accessTestCaseMainPhase(CommonExecutor.java:65)
	at com.kms.katalon.core.main.TestSuiteExecutor.accessTestSuiteMainPhase(TestSuiteExecutor.java:144)
	at com.kms.katalon.core.main.TestSuiteExecutor.execute(TestSuiteExecutor.java:106)
	at com.kms.katalon.core.main.TestCaseMain.startTestSuite(TestCaseMain.java:185)
	at com.kms.katalon.core.main.TestCaseMain$startTestSuite$0.call(Unknown Source)
	at TempTestSuite1654867643956.run(TempTestSuite1654867643956.groovy:36)
Caused by: com.kms.katalon.core.exception.StepFailedException: No alert found
	at com.kms.katalon.core.webui.keyword.internal.WebUIKeywordMain.stepFailed(WebUIKeywordMain.groovy:64)
	at com.kms.katalon.core.webui.keyword.builtin.AcceptAlertKeyword$_acceptAlert_closure1.doCall(AcceptAlertKeyword.groovy:78)
	at com.kms.katalon.core.webui.keyword.builtin.AcceptAlertKeyword$_acceptAlert_closure1.call(AcceptAlertKeyword.groovy)
	at com.kms.katalon.core.webui.keyword.internal.WebUIKeywordMain.runKeyword(WebUIKeywordMain.groovy:20)
	... 19 more
"/>
         <system-out><![CDATA[2022-06-10 09:12:42 - [TEST_CASE][FAILED] - Test Cases/1.1-Tareas Principales/1.5.5- Crear Nomina Electrónica: Test Cases/1.1-Tareas Principales/1.5.5- Crear Nomina Electrónica FAILED.
Reason:
com.kms.katalon.core.exception.StepFailedException: Unable to accept alert
	at com.kms.katalon.core.webui.keyword.internal.WebUIKeywordMain.stepFailed(WebUIKeywordMain.groovy:64)
	at com.kms.katalon.core.webui.keyword.internal.WebUIKeywordMain.runKeyword(WebUIKeywordMain.groovy:26)
	at com.kms.katalon.core.webui.keyword.builtin.AcceptAlertKeyword.acceptAlert(AcceptAlertKeyword.groovy:71)
	at com.kms.katalon.core.webui.keyword.builtin.AcceptAlertKeyword.execute(AcceptAlertKeyword.groovy:66)
	at com.kms.katalon.core.keyword.internal.KeywordExecutor.executeKeywordForPlatform(KeywordExecutor.groovy:74)
	at com.kms.katalon.core.webui.keyword.WebUiBuiltInKeywords.acceptAlert(WebUiBuiltInKeywords.groovy:1522)
	at com.kms.katalon.core.webui.keyword.WebUiBuiltInKeywords$acceptAlert$21.call(Unknown Source)
	at 1.5.5- Crear Nomina Electrónica.run(1.5.5- Crear Nomina Electrónica:92)
	at com.kms.katalon.core.main.ScriptEngine.run(ScriptEngine.java:194)
	at com.kms.katalon.core.main.ScriptEngine.runScriptAsRawText(ScriptEngine.java:119)
	at com.kms.katalon.core.main.TestCaseExecutor.runScript(TestCaseExecutor.java:445)
	at com.kms.katalon.core.main.TestCaseExecutor.doExecute(TestCaseExecutor.java:436)
	at com.kms.katalon.core.main.TestCaseExecutor.processExecutionPhase(TestCaseExecutor.java:415)
	at com.kms.katalon.core.main.TestCaseExecutor.accessMainPhase(TestCaseExecutor.java:407)
	at com.kms.katalon.core.main.TestCaseExecutor.execute(TestCaseExecutor.java:284)
	at com.kms.katalon.core.common.CommonExecutor.accessTestCaseMainPhase(CommonExecutor.java:65)
	at com.kms.katalon.core.main.TestSuiteExecutor.accessTestSuiteMainPhase(TestSuiteExecutor.java:144)
	at com.kms.katalon.core.main.TestSuiteExecutor.execute(TestSuiteExecutor.java:106)
	at com.kms.katalon.core.main.TestCaseMain.startTestSuite(TestCaseMain.java:185)
	at com.kms.katalon.core.main.TestCaseMain$startTestSuite$0.call(Unknown Source)
	at TempTestSuite1654867643956.run(TempTestSuite1654867643956.groovy:36)
Caused by: com.kms.katalon.core.exception.StepFailedException: No alert found
	at com.kms.katalon.core.webui.keyword.internal.WebUIKeywordMain.stepFailed(WebUIKeywordMain.groovy:64)
	at com.kms.katalon.core.webui.keyword.builtin.AcceptAlertKeyword$_acceptAlert_closure1.doCall(AcceptAlertKeyword.groovy:78)
	at com.kms.katalon.core.webui.keyword.builtin.AcceptAlertKeyword$_acceptAlert_closure1.call(AcceptAlertKeyword.groovy)
	at com.kms.katalon.core.webui.keyword.internal.WebUIKeywordMain.runKeyword(WebUIKeywordMain.groovy:20)
	... 19 more


2022-06-10 09:12:42 - [TEST_STEP][PASSED] - callTestCase(findTestCase("0.1-Login"), [:], STOP_ON_FAILURE): Call Test Case 'Test Cases/0.1-Login' successfully

2022-06-10 09:12:42 - [TEST_CASE][PASSED] - Test Cases/0.1-Login: Test Cases/0.1-Login

2022-06-10 09:12:42 - [TEST_STEP][PASSED] - openBrowser(""): Browser is opened with url: ''

2022-06-10 09:12:42 - [MESSAGE][WARNING] - A browser is already opened. Closing browser and opening a new one

2022-06-10 09:12:43 - [MESSAGE][INFO] - Starting 'Chrome' driver

2022-06-10 09:12:43 - [MESSAGE][INFO] - Action delay is set to 0 milliseconds

2022-06-10 09:12:44 - [MESSAGE][PASSED] - Browser is opened with url: ''

2022-06-10 09:12:44 - [TEST_STEP][PASSED] - maximizeWindow(): Current window maximized

2022-06-10 09:12:44 - [MESSAGE][PASSED] - Current window maximized

2022-06-10 09:12:44 - [TEST_STEP][PASSED] - i = G_Login: null

2022-06-10 09:12:44 - [TEST_STEP][PASSED] - url = new java.net.URL(i): null

2022-06-10 09:12:44 - [TEST_STEP][PASSED] - println("URL: " + url.toString()): null

2022-06-10 09:12:44 - [TEST_STEP][PASSED] - connection = url.openConnection(): null

2022-06-10 09:12:44 - [TEST_STEP][PASSED] - connection.setRequestMethod("GET"): null

2022-06-10 09:12:44 - [TEST_STEP][PASSED] - connection.setReadTimeout(2 * 1000): null

2022-06-10 09:12:44 - [TEST_STEP][PASSED] - try: null

2022-06-10 09:12:44 - [TEST_STEP][PASSED] - connection.connect(): null

2022-06-10 09:12:44 - [TEST_STEP][PASSED] - flag = connected: null

2022-06-10 09:12:44 - [TEST_STEP][PASSED] - println("Valor_ori: " + flag): null

2022-06-10 09:12:44 - [TEST_STEP][PASSED] - if (flag): null

2022-06-10 09:12:44 - [TEST_STEP][PASSED] - navigateToUrl(i): Navigate to 'http://192.168.2.19:8380/saraweb' successfully

2022-06-10 09:12:45 - [MESSAGE][PASSED] - Navigate to 'http://192.168.2.19:8380/saraweb' successfully

2022-06-10 09:12:45 - [TEST_STEP][PASSED] - a(): null

2022-06-10 09:12:45 - [TEST_STEP][PASSED] - setText(findTestObject("3-OBJECTS UTILIDADES/Login/input_USUARIO_loginusuario"), G_Usuario): Text 'saraadmin' is set on object 'Object Repository/3-OBJECTS UTILIDADES/Login/input_USUARIO_loginusuario'

2022-06-10 09:12:45 - [MESSAGE][PASSED] - Text 'saraadmin' is set on object 'Object Repository/3-OBJECTS UTILIDADES/Login/input_USUARIO_loginusuario'

2022-06-10 09:12:45 - [TEST_STEP][PASSED] - setEncryptedText(findTestObject("3-OBJECTS UTILIDADES/Login/input_CLAVE_loginpassword"), "MkG4/TYiCFC3cb2driP7+Q=="): Text ****** has been set on object 'Object Repository/3-OBJECTS UTILIDADES/Login/input_CLAVE_loginpassword'

2022-06-10 09:12:46 - [MESSAGE][PASSED] - Text ****** has been set on object 'Object Repository/3-OBJECTS UTILIDADES/Login/input_CLAVE_loginpassword'

2022-06-10 09:12:46 - [TEST_STEP][PASSED] - waitForElementClickable(findTestObject("3-OBJECTS UTILIDADES/Login/a_Ingresar"), G_TimeOut): Object 'Object Repository/3-OBJECTS UTILIDADES/Login/a_Ingresar' is clickable

2022-06-10 09:12:46 - [MESSAGE][PASSED] - Object 'Object Repository/3-OBJECTS UTILIDADES/Login/a_Ingresar' is clickable

2022-06-10 09:12:46 - [TEST_STEP][PASSED] - click(findTestObject("3-OBJECTS UTILIDADES/Login/a_Ingresar")): Object: 'Object Repository/3-OBJECTS UTILIDADES/Login/a_Ingresar' is clicked on

2022-06-10 09:12:48 - [MESSAGE][PASSED] - Object: 'Object Repository/3-OBJECTS UTILIDADES/Login/a_Ingresar' is clicked on

2022-06-10 09:12:48 - [TEST_STEP][PASSED] - element = findWebElement(findTestObject("3-OBJECTS UTILIDADES/Login/a_Ir"), 30): null

2022-06-10 09:12:48 - [TEST_STEP][PASSED] - executeJavaScript("arguments[0].click()", Arrays.asList(element)): Execute JavaScript 'arguments[0].click()' successfully

2022-06-10 09:12:48 - [MESSAGE][PASSED] - Execute JavaScript 'arguments[0].click()' successfully

2022-06-10 09:12:48 - [MESSAGE][PASSED] - Call Test Case 'Test Cases/0.1-Login' successfully

2022-06-10 09:12:48 - [TEST_STEP][PASSED] - waitForElementClickable(findTestObject("1-OBJECTS TAREAS PRINCIPALES/Modulo Tarea Compensacion/Crear Nomina Electronica (1)/Page_SARA/input_ADMINISTRADOR DEL SISTEMA - SARA_form_templatej_idt24_input"), G_TimeOut): Object 'Object Repository/1-OBJECTS TAREAS PRINCIPALES/Modulo Tarea Compensacion/Crear Nomina Electronica (1)/Page_SARA/input_ADMINISTRADOR DEL SISTEMA - SARA_form_templatej_idt24_input' is clickable

2022-06-10 09:12:49 - [MESSAGE][PASSED] - Object 'Object Repository/1-OBJECTS TAREAS PRINCIPALES/Modulo Tarea Compensacion/Crear Nomina Electronica (1)/Page_SARA/input_ADMINISTRADOR DEL SISTEMA - SARA_form_templatej_idt24_input' is clickable

2022-06-10 09:12:49 - [TEST_STEP][PASSED] - setText(findTestObject("1-OBJECTS TAREAS PRINCIPALES/Modulo Tarea Compensacion/Crear Nomina Electronica (1)/Page_SARA/input_ADMINISTRADOR DEL SISTEMA - SARA_form_templatej_idt24_input"), "Nomina Electronica (com)"): Text 'Nomina Electronica (com)' is set on object 'Object Repository/1-OBJECTS TAREAS PRINCIPALES/Modulo Tarea Compensacion/Crear Nomina Electronica (1)/Page_SARA/input_ADMINISTRADOR DEL SISTEMA - SARA_form_templatej_idt24_input'

2022-06-10 09:12:50 - [MESSAGE][PASSED] - Text 'Nomina Electronica (com)' is set on object 'Object Repository/1-OBJECTS TAREAS PRINCIPALES/Modulo Tarea Compensacion/Crear Nomina Electronica (1)/Page_SARA/input_ADMINISTRADOR DEL SISTEMA - SARA_form_templatej_idt24_input'

2022-06-10 09:12:50 - [TEST_STEP][PASSED] - waitForElementClickable(findTestObject("1-OBJECTS TAREAS PRINCIPALES/Modulo Tarea Compensacion/Crear Nomina Electronica (1)/Page_SARA/li_Nomina Electronica (com)"), 0): Object 'Object Repository/1-OBJECTS TAREAS PRINCIPALES/Modulo Tarea Compensacion/Crear Nomina Electronica (1)/Page_SARA/li_Nomina Electronica (com)' is clickable

2022-06-10 09:12:50 - [MESSAGE][WARNING] - Timeout '0' is invalid. Using default page load timeout: '37'

2022-06-10 09:12:51 - [MESSAGE][PASSED] - Object 'Object Repository/1-OBJECTS TAREAS PRINCIPALES/Modulo Tarea Compensacion/Crear Nomina Electronica (1)/Page_SARA/li_Nomina Electronica (com)' is clickable

2022-06-10 09:12:51 - [TEST_STEP][PASSED] - click(findTestObject("1-OBJECTS TAREAS PRINCIPALES/Modulo Tarea Compensacion/Crear Nomina Electronica (1)/Page_SARA/li_Nomina Electronica (com)")): Object: 'Object Repository/1-OBJECTS TAREAS PRINCIPALES/Modulo Tarea Compensacion/Crear Nomina Electronica (1)/Page_SARA/li_Nomina Electronica (com)' is clicked on

2022-06-10 09:12:51 - [MESSAGE][PASSED] - Object: 'Object Repository/1-OBJECTS TAREAS PRINCIPALES/Modulo Tarea Compensacion/Crear Nomina Electronica (1)/Page_SARA/li_Nomina Electronica (com)' is clicked on

2022-06-10 09:12:51 - [TEST_STEP][PASSED] - setText(findTestObject("1-OBJECTS TAREAS PRINCIPALES/Modulo Tarea Compensacion/Crear Nomina Electronica (1)/input_Fecha Corte_listado_nominaelectronicaj_idt72"), "2021"): Text '2021' is set on object 'Object Repository/1-OBJECTS TAREAS PRINCIPALES/Modulo Tarea Compensacion/Crear Nomina Electronica (1)/input_Fecha Corte_listado_nominaelectronicaj_idt72'

2022-06-10 09:12:53 - [MESSAGE][PASSED] - Text '2021' is set on object 'Object Repository/1-OBJECTS TAREAS PRINCIPALES/Modulo Tarea Compensacion/Crear Nomina Electronica (1)/input_Fecha Corte_listado_nominaelectronicaj_idt72'

2022-06-10 09:12:53 - [TEST_STEP][PASSED] - sendKeys(findTestObject("1-OBJECTS TAREAS PRINCIPALES/Modulo Tarea Compensacion/Crear Nomina Electronica (1)/input_Fecha Corte_listado_nominaelectronicaj_idt72"), Keys.chord(ENTER)): Keys 'ENTER + ' sent to object: 'Object Repository/1-OBJECTS TAREAS PRINCIPALES/Modulo Tarea Compensacion/Crear Nomina Electronica (1)/input_Fecha Corte_listado_nominaelectronicaj_idt72'

2022-06-10 09:12:53 - [MESSAGE][PASSED] - Keys 'ENTER + ' sent to object: 'Object Repository/1-OBJECTS TAREAS PRINCIPALES/Modulo Tarea Compensacion/Crear Nomina Electronica (1)/input_Fecha Corte_listado_nominaelectronicaj_idt72'

2022-06-10 09:12:53 - [TEST_STEP][PASSED] - if (waitForElementClickable(findTestObject("1-OBJECTS TAREAS PRINCIPALES/Modulo Tarea Compensacion/Crear Nomina Electronica/Page_SARA/td_2021-07-01"), 1)): Web element with id: 'Object Repository/1-OBJECTS TAREAS PRINCIPALES/Modulo Tarea Compensacion/Crear Nomina Electronica/Page_SARA/td_2021-07-01' located by '
//*/text()[normalize-space(.)='2021-07-01']/parent::*' not found

2022-06-10 09:12:56 - [MESSAGE][INFO] - Unable to find the element located by 'By.xpath: 
//*/text()[normalize-space(.)='2021-07-01']/parent::*'. Please recheck the objects properties to make sure the desired element is located. 

2022-06-10 09:12:56 - [MESSAGE][WARNING] - Web element with id: 'Object Repository/1-OBJECTS TAREAS PRINCIPALES/Modulo Tarea Compensacion/Crear Nomina Electronica/Page_SARA/td_2021-07-01' located by '
//*/text()[normalize-space(.)='2021-07-01']/parent::*' not found

2022-06-10 09:12:56 - [TEST_STEP][PASSED] - waitForElementClickable(findTestObject("1-OBJECTS TAREAS PRINCIPALES/Modulo Tarea Compensacion/Crear Nomina Electronica (1)/Page_SARA/a_Nuevo"), 0): Object 'Object Repository/1-OBJECTS TAREAS PRINCIPALES/Modulo Tarea Compensacion/Crear Nomina Electronica (1)/Page_SARA/a_Nuevo' is clickable

2022-06-10 09:12:56 - [MESSAGE][WARNING] - Timeout '0' is invalid. Using default page load timeout: '37'

2022-06-10 09:12:56 - [MESSAGE][PASSED] - Object 'Object Repository/1-OBJECTS TAREAS PRINCIPALES/Modulo Tarea Compensacion/Crear Nomina Electronica (1)/Page_SARA/a_Nuevo' is clickable

2022-06-10 09:12:56 - [TEST_STEP][PASSED] - click(findTestObject("1-OBJECTS TAREAS PRINCIPALES/Modulo Tarea Compensacion/Crear Nomina Electronica (1)/Page_SARA/a_Nuevo"), STOP_ON_FAILURE): Object: 'Object Repository/1-OBJECTS TAREAS PRINCIPALES/Modulo Tarea Compensacion/Crear Nomina Electronica (1)/Page_SARA/a_Nuevo' is clicked on

2022-06-10 09:12:56 - [MESSAGE][PASSED] - Object: 'Object Repository/1-OBJECTS TAREAS PRINCIPALES/Modulo Tarea Compensacion/Crear Nomina Electronica (1)/Page_SARA/a_Nuevo' is clicked on

2022-06-10 09:12:56 - [TEST_STEP][PASSED] - waitForElementClickable(findTestObject("1-OBJECTS TAREAS PRINCIPALES/Modulo Tarea Compensacion/Crear Nomina Electronica/Page_SARA/select_-- seleccione --Nmina IndividualNmina Individual de Ajuste"), 0): Object 'Object Repository/1-OBJECTS TAREAS PRINCIPALES/Modulo Tarea Compensacion/Crear Nomina Electronica/Page_SARA/select_-- seleccione --Nmina IndividualNmina Individual de Ajuste' is clickable

2022-06-10 09:12:57 - [MESSAGE][WARNING] - Timeout '0' is invalid. Using default page load timeout: '37'

2022-06-10 09:12:57 - [MESSAGE][PASSED] - Object 'Object Repository/1-OBJECTS TAREAS PRINCIPALES/Modulo Tarea Compensacion/Crear Nomina Electronica/Page_SARA/select_-- seleccione --Nmina IndividualNmina Individual de Ajuste' is clickable

2022-06-10 09:12:57 - [TEST_STEP][PASSED] - setText(findTestObject("1-OBJECTS TAREAS PRINCIPALES/Modulo Tarea Compensacion/Crear Nomina Electronica (1)/input_Ao_popup_nominaelectronicaanno"), "2021"): Text '2021' is set on object 'Object Repository/1-OBJECTS TAREAS PRINCIPALES/Modulo Tarea Compensacion/Crear Nomina Electronica (1)/input_Ao_popup_nominaelectronicaanno'

2022-06-10 09:12:58 - [MESSAGE][PASSED] - Text '2021' is set on object 'Object Repository/1-OBJECTS TAREAS PRINCIPALES/Modulo Tarea Compensacion/Crear Nomina Electronica (1)/input_Ao_popup_nominaelectronicaanno'

2022-06-10 09:12:58 - [TEST_STEP][PASSED] - selectOptionByIndex(findTestObject("1-OBJECTS TAREAS PRINCIPALES/Modulo Tarea Compensacion/Crear Nomina Electronica/Page_SARA/select_-- seleccione --Nmina IndividualNmina Individual de Ajuste"), "1"): All options with index in [1] are selected on object 'Object Repository/1-OBJECTS TAREAS PRINCIPALES/Modulo Tarea Compensacion/Crear Nomina Electronica/Page_SARA/select_-- seleccione --Nmina IndividualNmina Individual de Ajuste'

2022-06-10 09:12:59 - [MESSAGE][PASSED] - All options with index in [1] are selected on object 'Object Repository/1-OBJECTS TAREAS PRINCIPALES/Modulo Tarea Compensacion/Crear Nomina Electronica/Page_SARA/select_-- seleccione --Nmina IndividualNmina Individual de Ajuste'

2022-06-10 09:12:59 - [TEST_STEP][PASSED] - selectOptionByIndex(findTestObject("1-OBJECTS TAREAS PRINCIPALES/Modulo Tarea Compensacion/Crear Nomina Electronica (1)/Page_SARA/select_-- seleccione --EneroFebreroMarzoAbrilMayoJunioJulioAgostoSeptiembreOctubreNoviembreDiciembre"), "8"): All options with index in [8] are selected on object 'Object Repository/1-OBJECTS TAREAS PRINCIPALES/Modulo Tarea Compensacion/Crear Nomina Electronica (1)/Page_SARA/select_-- seleccione --EneroFebreroMarzoAbrilMayoJunioJulioAgostoSeptiembreOctubreNoviembreDiciembre'

2022-06-10 09:13:01 - [MESSAGE][PASSED] - All options with index in [8] are selected on object 'Object Repository/1-OBJECTS TAREAS PRINCIPALES/Modulo Tarea Compensacion/Crear Nomina Electronica (1)/Page_SARA/select_-- seleccione --EneroFebreroMarzoAbrilMayoJunioJulioAgostoSeptiembreOctubreNoviembreDiciembre'

2022-06-10 09:13:01 - [TEST_STEP][PASSED] - selectOptionByIndex(findTestObject("1-OBJECTS TAREAS PRINCIPALES/Modulo Tarea Compensacion/Crear Nomina Electronica/Page_SARA/select_CUNDINAMARCASANTANDERBOGOTANo Usar"), "3"): All options with index in [3] are selected on object 'Object Repository/1-OBJECTS TAREAS PRINCIPALES/Modulo Tarea Compensacion/Crear Nomina Electronica/Page_SARA/select_CUNDINAMARCASANTANDERBOGOTANo Usar'

2022-06-10 09:13:02 - [MESSAGE][PASSED] - All options with index in [3] are selected on object 'Object Repository/1-OBJECTS TAREAS PRINCIPALES/Modulo Tarea Compensacion/Crear Nomina Electronica/Page_SARA/select_CUNDINAMARCASANTANDERBOGOTANo Usar'

2022-06-10 09:13:02 - [TEST_STEP][PASSED] - selectOptionByIndex(findTestObject("1-OBJECTS TAREAS PRINCIPALES/Modulo Tarea Compensacion/Crear Nomina Electronica (1)/Page_SARA/select_-- seleccione --EneroFebreroMarzoAbrilMayoJunioJulioAgostoSeptiembreOctubreNoviembreDiciembre"), "7"): All options with index in [7] are selected on object 'Object Repository/1-OBJECTS TAREAS PRINCIPALES/Modulo Tarea Compensacion/Crear Nomina Electronica (1)/Page_SARA/select_-- seleccione --EneroFebreroMarzoAbrilMayoJunioJulioAgostoSeptiembreOctubreNoviembreDiciembre'

2022-06-10 09:13:03 - [MESSAGE][PASSED] - All options with index in [7] are selected on object 'Object Repository/1-OBJECTS TAREAS PRINCIPALES/Modulo Tarea Compensacion/Crear Nomina Electronica (1)/Page_SARA/select_-- seleccione --EneroFebreroMarzoAbrilMayoJunioJulioAgostoSeptiembreOctubreNoviembreDiciembre'

2022-06-10 09:13:03 - [TEST_STEP][PASSED] - waitForElementVisible(findTestObject("1-OBJECTS TAREAS PRINCIPALES/Modulo Tarea Compensacion/Crear Nomina Electronica (1)/Page_SARA/a_Guardar"), 0): Object 'Object Repository/1-OBJECTS TAREAS PRINCIPALES/Modulo Tarea Compensacion/Crear Nomina Electronica (1)/Page_SARA/a_Guardar' is visible

2022-06-10 09:13:03 - [MESSAGE][WARNING] - Timeout '0' is invalid. Using default page load timeout: '37'

2022-06-10 09:13:03 - [MESSAGE][PASSED] - Object 'Object Repository/1-OBJECTS TAREAS PRINCIPALES/Modulo Tarea Compensacion/Crear Nomina Electronica (1)/Page_SARA/a_Guardar' is visible

2022-06-10 09:13:03 - [TEST_STEP][PASSED] - click(findTestObject("1-OBJECTS TAREAS PRINCIPALES/Modulo Tarea Compensacion/Crear Nomina Electronica (1)/Page_SARA/a_Guardar")): Object: 'Object Repository/1-OBJECTS TAREAS PRINCIPALES/Modulo Tarea Compensacion/Crear Nomina Electronica (1)/Page_SARA/a_Guardar' is clicked on

2022-06-10 09:13:04 - [MESSAGE][PASSED] - Object: 'Object Repository/1-OBJECTS TAREAS PRINCIPALES/Modulo Tarea Compensacion/Crear Nomina Electronica (1)/Page_SARA/a_Guardar' is clicked on

2022-06-10 09:13:04 - [TEST_STEP][PASSED] - waitForElementClickable(findTestObject("1-OBJECTS TAREAS PRINCIPALES/Modulo Tarea Compensacion/Crear Nomina Electronica (1)/Page_SARA/a_Generar"), 0): Object 'Object Repository/1-OBJECTS TAREAS PRINCIPALES/Modulo Tarea Compensacion/Crear Nomina Electronica (1)/Page_SARA/a_Generar' is clickable

2022-06-10 09:13:04 - [MESSAGE][WARNING] - Timeout '0' is invalid. Using default page load timeout: '37'

2022-06-10 09:13:05 - [MESSAGE][PASSED] - Object 'Object Repository/1-OBJECTS TAREAS PRINCIPALES/Modulo Tarea Compensacion/Crear Nomina Electronica (1)/Page_SARA/a_Generar' is clickable

2022-06-10 09:13:05 - [TEST_STEP][PASSED] - click(findTestObject("1-OBJECTS TAREAS PRINCIPALES/Modulo Tarea Compensacion/Crear Nomina Electronica (1)/Page_SARA/a_Generar")): Object: 'Object Repository/1-OBJECTS TAREAS PRINCIPALES/Modulo Tarea Compensacion/Crear Nomina Electronica (1)/Page_SARA/a_Generar' is clicked on

2022-06-10 09:13:05 - [MESSAGE][PASSED] - Object: 'Object Repository/1-OBJECTS TAREAS PRINCIPALES/Modulo Tarea Compensacion/Crear Nomina Electronica (1)/Page_SARA/a_Generar' is clicked on

2022-06-10 09:13:05 - [TEST_STEP][PASSED] - waitForElementClickable(findTestObject("1-OBJECTS TAREAS PRINCIPALES/Modulo Tarea Compensacion/Crear Nomina Electronica (1)/Page_SARA/a_Generar2"), 0): Object 'Object Repository/1-OBJECTS TAREAS PRINCIPALES/Modulo Tarea Compensacion/Crear Nomina Electronica (1)/Page_SARA/a_Generar2' is clickable

2022-06-10 09:13:05 - [MESSAGE][WARNING] - Timeout '0' is invalid. Using default page load timeout: '37'

2022-06-10 09:13:06 - [MESSAGE][PASSED] - Object 'Object Repository/1-OBJECTS TAREAS PRINCIPALES/Modulo Tarea Compensacion/Crear Nomina Electronica (1)/Page_SARA/a_Generar2' is clickable

2022-06-10 09:13:06 - [TEST_STEP][PASSED] - click(findTestObject("1-OBJECTS TAREAS PRINCIPALES/Modulo Tarea Compensacion/Crear Nomina Electronica (1)/Page_SARA/a_Generar2")): Object: 'Object Repository/1-OBJECTS TAREAS PRINCIPALES/Modulo Tarea Compensacion/Crear Nomina Electronica (1)/Page_SARA/a_Generar2' is clicked on

2022-06-10 09:13:06 - [MESSAGE][PASSED] - Object: 'Object Repository/1-OBJECTS TAREAS PRINCIPALES/Modulo Tarea Compensacion/Crear Nomina Electronica (1)/Page_SARA/a_Generar2' is clicked on

2022-06-10 09:13:06 - [TEST_STEP][PASSED] - if (waitForElementVisible(findTestObject("1-OBJECTS TAREAS PRINCIPALES/Modulo Tarea Compensacion/Crear Nomina Electronica (1)/td_Aguilar Ardila Simon Andres"), 0)): Web element with id: 'Object Repository/1-OBJECTS TAREAS PRINCIPALES/Modulo Tarea Compensacion/Crear Nomina Electronica (1)/td_Aguilar Ardila Simon Andres' located by '//tr[2]/td/table/tbody/tr[2]/td/table/tbody/tr/td/div/div/table/tbody/tr/td[3]' not found

2022-06-10 09:13:06 - [MESSAGE][WARNING] - Timeout '0' is invalid. Using default page load timeout: '37'

2022-06-10 09:13:45 - [MESSAGE][INFO] - Unable to find the element located by 'By.xpath: //tr[2]/td/table/tbody/tr[2]/td/table/tbody/tr/td/div/div/table/tbody/tr/td[3]'. Please recheck the objects properties to make sure the desired element is located. 

2022-06-10 09:13:45 - [MESSAGE][WARNING] - Web element with id: 'Object Repository/1-OBJECTS TAREAS PRINCIPALES/Modulo Tarea Compensacion/Crear Nomina Electronica (1)/td_Aguilar Ardila Simon Andres' located by '//tr[2]/td/table/tbody/tr[2]/td/table/tbody/tr/td/div/div/table/tbody/tr/td[3]' not found

2022-06-10 09:13:45 - [TEST_STEP][FAILED] - else: Unable to accept alert (Root cause: com.kms.katalon.core.exception.StepFailedException: Unable to accept alert
	at com.kms.katalon.core.webui.keyword.internal.WebUIKeywordMain.stepFailed(WebUIKeywordMain.groovy:64)
	at com.kms.katalon.core.webui.keyword.internal.WebUIKeywordMain.runKeyword(WebUIKeywordMain.groovy:26)
	at com.kms.katalon.core.webui.keyword.builtin.AcceptAlertKeyword.acceptAlert(AcceptAlertKeyword.groovy:71)
	at com.kms.katalon.core.webui.keyword.builtin.AcceptAlertKeyword.execute(AcceptAlertKeyword.groovy:66)
	at com.kms.katalon.core.keyword.internal.KeywordExecutor.executeKeywordForPlatform(KeywordExecutor.groovy:74)
	at com.kms.katalon.core.webui.keyword.WebUiBuiltInKeywords.acceptAlert(WebUiBuiltInKeywords.groovy:1522)
	at com.kms.katalon.core.webui.keyword.WebUiBuiltInKeywords$acceptAlert$21.call(Unknown Source)
	at 1.5.5- Crear Nomina Electrónica.run(1.5.5- Crear Nomina Electrónica:92)
	at com.kms.katalon.core.main.ScriptEngine.run(ScriptEngine.java:194)
	at com.kms.katalon.core.main.ScriptEngine.runScriptAsRawText(ScriptEngine.java:119)
	at com.kms.katalon.core.main.TestCaseExecutor.runScript(TestCaseExecutor.java:445)
	at com.kms.katalon.core.main.TestCaseExecutor.doExecute(TestCaseExecutor.java:436)
	at com.kms.katalon.core.main.TestCaseExecutor.processExecutionPhase(TestCaseExecutor.java:415)
	at com.kms.katalon.core.main.TestCaseExecutor.accessMainPhase(TestCaseExecutor.java:407)
	at com.kms.katalon.core.main.TestCaseExecutor.execute(TestCaseExecutor.java:284)
	at com.kms.katalon.core.common.CommonExecutor.accessTestCaseMainPhase(CommonExecutor.java:65)
	at com.kms.katalon.core.main.TestSuiteExecutor.accessTestSuiteMainPhase(TestSuiteExecutor.java:144)
	at com.kms.katalon.core.main.TestSuiteExecutor.execute(TestSuiteExecutor.java:106)
	at com.kms.katalon.core.main.TestCaseMain.startTestSuite(TestCaseMain.java:185)
	at com.kms.katalon.core.main.TestCaseMain$startTestSuite$0.call(Unknown Source)
	at TempTestSuite1654867643956.run(TempTestSuite1654867643956.groovy:36)
Caused by: com.kms.katalon.core.exception.StepFailedException: No alert found
	at com.kms.katalon.core.webui.keyword.internal.WebUIKeywordMain.stepFailed(WebUIKeywordMain.groovy:64)
	at com.kms.katalon.core.webui.keyword.builtin.AcceptAlertKeyword$_acceptAlert_closure1.doCall(AcceptAlertKeyword.groovy:78)
	at com.kms.katalon.core.webui.keyword.builtin.AcceptAlertKeyword$_acceptAlert_closure1.call(AcceptAlertKeyword.groovy)
	at com.kms.katalon.core.webui.keyword.internal.WebUIKeywordMain.runKeyword(WebUIKeywordMain.groovy:20)
	... 19 more
)

2022-06-10 09:13:45 - [TEST_STEP][FAILED] - acceptAlert(): Unable to accept alert (Root cause: com.kms.katalon.core.exception.StepFailedException: Unable to accept alert
	at com.kms.katalon.core.webui.keyword.internal.WebUIKeywordMain.stepFailed(WebUIKeywordMain.groovy:64)
	at com.kms.katalon.core.webui.keyword.internal.WebUIKeywordMain.runKeyword(WebUIKeywordMain.groovy:26)
	at com.kms.katalon.core.webui.keyword.builtin.AcceptAlertKeyword.acceptAlert(AcceptAlertKeyword.groovy:71)
	at com.kms.katalon.core.webui.keyword.builtin.AcceptAlertKeyword.execute(AcceptAlertKeyword.groovy:66)
	at com.kms.katalon.core.keyword.internal.KeywordExecutor.executeKeywordForPlatform(KeywordExecutor.groovy:74)
	at com.kms.katalon.core.webui.keyword.WebUiBuiltInKeywords.acceptAlert(WebUiBuiltInKeywords.groovy:1522)
	at com.kms.katalon.core.webui.keyword.WebUiBuiltInKeywords$acceptAlert$21.call(Unknown Source)
	at 1.5.5- Crear Nomina Electrónica.run(1.5.5- Crear Nomina Electrónica:92)
	at com.kms.katalon.core.main.ScriptEngine.run(ScriptEngine.java:194)
	at com.kms.katalon.core.main.ScriptEngine.runScriptAsRawText(ScriptEngine.java:119)
	at com.kms.katalon.core.main.TestCaseExecutor.runScript(TestCaseExecutor.java:445)
	at com.kms.katalon.core.main.TestCaseExecutor.doExecute(TestCaseExecutor.java:436)
	at com.kms.katalon.core.main.TestCaseExecutor.processExecutionPhase(TestCaseExecutor.java:415)
	at com.kms.katalon.core.main.TestCaseExecutor.accessMainPhase(TestCaseExecutor.java:407)
	at com.kms.katalon.core.main.TestCaseExecutor.execute(TestCaseExecutor.java:284)
	at com.kms.katalon.core.common.CommonExecutor.accessTestCaseMainPhase(CommonExecutor.java:65)
	at com.kms.katalon.core.main.TestSuiteExecutor.accessTestSuiteMainPhase(TestSuiteExecutor.java:144)
	at com.kms.katalon.core.main.TestSuiteExecutor.execute(TestSuiteExecutor.java:106)
	at com.kms.katalon.core.main.TestCaseMain.startTestSuite(TestCaseMain.java:185)
	at com.kms.katalon.core.main.TestCaseMain$startTestSuite$0.call(Unknown Source)
	at TempTestSuite1654867643956.run(TempTestSuite1654867643956.groovy:36)
Caused by: com.kms.katalon.core.exception.StepFailedException: No alert found
	at com.kms.katalon.core.webui.keyword.internal.WebUIKeywordMain.stepFailed(WebUIKeywordMain.groovy:64)
	at com.kms.katalon.core.webui.keyword.builtin.AcceptAlertKeyword$_acceptAlert_closure1.doCall(AcceptAlertKeyword.groovy:78)
	at com.kms.katalon.core.webui.keyword.builtin.AcceptAlertKeyword$_acceptAlert_closure1.call(AcceptAlertKeyword.groovy)
	at com.kms.katalon.core.webui.keyword.internal.WebUIKeywordMain.runKeyword(WebUIKeywordMain.groovy:20)
	... 19 more
)

2022-06-10 09:13:45 - [MESSAGE][FAILED] - No alert found (Root cause: com.kms.katalon.core.exception.StepFailedException: No alert found
	at com.kms.katalon.core.webui.keyword.internal.WebUIKeywordMain.stepFailed(WebUIKeywordMain.groovy:64)
	at com.kms.katalon.core.webui.keyword.builtin.AcceptAlertKeyword$_acceptAlert_closure1.doCall(AcceptAlertKeyword.groovy:78)
	at com.kms.katalon.core.webui.keyword.builtin.AcceptAlertKeyword$_acceptAlert_closure1.call(AcceptAlertKeyword.groovy)
	at com.kms.katalon.core.webui.keyword.internal.WebUIKeywordMain.runKeyword(WebUIKeywordMain.groovy:20)
	at com.kms.katalon.core.webui.keyword.builtin.AcceptAlertKeyword.acceptAlert(AcceptAlertKeyword.groovy:71)
	at com.kms.katalon.core.webui.keyword.builtin.AcceptAlertKeyword.execute(AcceptAlertKeyword.groovy:66)
	at com.kms.katalon.core.keyword.internal.KeywordExecutor.executeKeywordForPlatform(KeywordExecutor.groovy:74)
	at com.kms.katalon.core.webui.keyword.WebUiBuiltInKeywords.acceptAlert(WebUiBuiltInKeywords.groovy:1522)
	at com.kms.katalon.core.webui.keyword.WebUiBuiltInKeywords$acceptAlert$21.call(Unknown Source)
	at 1.5.5- Crear Nomina Electrónica.run(1.5.5- Crear Nomina Electrónica:92)
	at com.kms.katalon.core.main.ScriptEngine.run(ScriptEngine.java:194)
	at com.kms.katalon.core.main.ScriptEngine.runScriptAsRawText(ScriptEngine.java:119)
	at com.kms.katalon.core.main.TestCaseExecutor.runScript(TestCaseExecutor.java:445)
	at com.kms.katalon.core.main.TestCaseExecutor.doExecute(TestCaseExecutor.java:436)
	at com.kms.katalon.core.main.TestCaseExecutor.processExecutionPhase(TestCaseExecutor.java:415)
	at com.kms.katalon.core.main.TestCaseExecutor.accessMainPhase(TestCaseExecutor.java:407)
	at com.kms.katalon.core.main.TestCaseExecutor.execute(TestCaseExecutor.java:284)
	at com.kms.katalon.core.common.CommonExecutor.accessTestCaseMainPhase(CommonExecutor.java:65)
	at com.kms.katalon.core.main.TestSuiteExecutor.accessTestSuiteMainPhase(TestSuiteExecutor.java:144)
	at com.kms.katalon.core.main.TestSuiteExecutor.execute(TestSuiteExecutor.java:106)
	at com.kms.katalon.core.main.TestCaseMain.startTestSuite(TestCaseMain.java:185)
	at com.kms.katalon.core.main.TestCaseMain$startTestSuite$0.call(Unknown Source)
	at TempTestSuite1654867643956.run(TempTestSuite1654867643956.groovy:36)
)
[[ATTACHMENT|C:\\Users\\diego.rojas\\git\\Pruebas-Minimas\\Reports\\20220610_082723\\Test_Suite_Principales\\1-Tareas Principales\\20220610_082723\\1654870425089.png]]

2022-06-10 09:13:45 - [MESSAGE][FAILED] - Unable to accept alert (Root cause: com.kms.katalon.core.exception.StepFailedException: Unable to accept alert
	at com.kms.katalon.core.webui.keyword.internal.WebUIKeywordMain.stepFailed(WebUIKeywordMain.groovy:64)
	at com.kms.katalon.core.webui.keyword.internal.WebUIKeywordMain.runKeyword(WebUIKeywordMain.groovy:26)
	at com.kms.katalon.core.webui.keyword.builtin.AcceptAlertKeyword.acceptAlert(AcceptAlertKeyword.groovy:71)
	at com.kms.katalon.core.webui.keyword.builtin.AcceptAlertKeyword.execute(AcceptAlertKeyword.groovy:66)
	at com.kms.katalon.core.keyword.internal.KeywordExecutor.executeKeywordForPlatform(KeywordExecutor.groovy:74)
	at com.kms.katalon.core.webui.keyword.WebUiBuiltInKeywords.acceptAlert(WebUiBuiltInKeywords.groovy:1522)
	at com.kms.katalon.core.webui.keyword.WebUiBuiltInKeywords$acceptAlert$21.call(Unknown Source)
	at 1.5.5- Crear Nomina Electrónica.run(1.5.5- Crear Nomina Electrónica:92)
	at com.kms.katalon.core.main.ScriptEngine.run(ScriptEngine.java:194)
	at com.kms.katalon.core.main.ScriptEngine.runScriptAsRawText(ScriptEngine.java:119)
	at com.kms.katalon.core.main.TestCaseExecutor.runScript(TestCaseExecutor.java:445)
	at com.kms.katalon.core.main.TestCaseExecutor.doExecute(TestCaseExecutor.java:436)
	at com.kms.katalon.core.main.TestCaseExecutor.processExecutionPhase(TestCaseExecutor.java:415)
	at com.kms.katalon.core.main.TestCaseExecutor.accessMainPhase(TestCaseExecutor.java:407)
	at com.kms.katalon.core.main.TestCaseExecutor.execute(TestCaseExecutor.java:284)
	at com.kms.katalon.core.common.CommonExecutor.accessTestCaseMainPhase(CommonExecutor.java:65)
	at com.kms.katalon.core.main.TestSuiteExecutor.accessTestSuiteMainPhase(TestSuiteExecutor.java:144)
	at com.kms.katalon.core.main.TestSuiteExecutor.execute(TestSuiteExecutor.java:106)
	at com.kms.katalon.core.main.TestCaseMain.startTestSuite(TestCaseMain.java:185)
	at com.kms.katalon.core.main.TestCaseMain$startTestSuite$0.call(Unknown Source)
	at TempTestSuite1654867643956.run(TempTestSuite1654867643956.groovy:36)
Caused by: com.kms.katalon.core.exception.StepFailedException: No alert found
	at com.kms.katalon.core.webui.keyword.internal.WebUIKeywordMain.stepFailed(WebUIKeywordMain.groovy:64)
	at com.kms.katalon.core.webui.keyword.builtin.AcceptAlertKeyword$_acceptAlert_closure1.doCall(AcceptAlertKeyword.groovy:78)
	at com.kms.katalon.core.webui.keyword.builtin.AcceptAlertKeyword$_acceptAlert_closure1.call(AcceptAlertKeyword.groovy)
	at com.kms.katalon.core.webui.keyword.internal.WebUIKeywordMain.runKeyword(WebUIKeywordMain.groovy:20)
	... 19 more
)
[[ATTACHMENT|C:\\Users\\diego.rojas\\git\\Pruebas-Minimas\\Reports\\20220610_082723\\Test_Suite_Principales\\1-Tareas Principales\\20220610_082723\\1654870425208.png]]]]></system-out>
         <system-err><![CDATA[2022-06-10 09:12:42 - [TEST_CASE][FAILED] - Test Cases/1.1-Tareas Principales/1.5.5- Crear Nomina Electrónica: Test Cases/1.1-Tareas Principales/1.5.5- Crear Nomina Electrónica FAILED.
Reason:
com.kms.katalon.core.exception.StepFailedException: Unable to accept alert
	at com.kms.katalon.core.webui.keyword.internal.WebUIKeywordMain.stepFailed(WebUIKeywordMain.groovy:64)
	at com.kms.katalon.core.webui.keyword.internal.WebUIKeywordMain.runKeyword(WebUIKeywordMain.groovy:26)
	at com.kms.katalon.core.webui.keyword.builtin.AcceptAlertKeyword.acceptAlert(AcceptAlertKeyword.groovy:71)
	at com.kms.katalon.core.webui.keyword.builtin.AcceptAlertKeyword.execute(AcceptAlertKeyword.groovy:66)
	at com.kms.katalon.core.keyword.internal.KeywordExecutor.executeKeywordForPlatform(KeywordExecutor.groovy:74)
	at com.kms.katalon.core.webui.keyword.WebUiBuiltInKeywords.acceptAlert(WebUiBuiltInKeywords.groovy:1522)
	at com.kms.katalon.core.webui.keyword.WebUiBuiltInKeywords$acceptAlert$21.call(Unknown Source)
	at 1.5.5- Crear Nomina Electrónica.run(1.5.5- Crear Nomina Electrónica:92)
	at com.kms.katalon.core.main.ScriptEngine.run(ScriptEngine.java:194)
	at com.kms.katalon.core.main.ScriptEngine.runScriptAsRawText(ScriptEngine.java:119)
	at com.kms.katalon.core.main.TestCaseExecutor.runScript(TestCaseExecutor.java:445)
	at com.kms.katalon.core.main.TestCaseExecutor.doExecute(TestCaseExecutor.java:436)
	at com.kms.katalon.core.main.TestCaseExecutor.processExecutionPhase(TestCaseExecutor.java:415)
	at com.kms.katalon.core.main.TestCaseExecutor.accessMainPhase(TestCaseExecutor.java:407)
	at com.kms.katalon.core.main.TestCaseExecutor.execute(TestCaseExecutor.java:284)
	at com.kms.katalon.core.common.CommonExecutor.accessTestCaseMainPhase(CommonExecutor.java:65)
	at com.kms.katalon.core.main.TestSuiteExecutor.accessTestSuiteMainPhase(TestSuiteExecutor.java:144)
	at com.kms.katalon.core.main.TestSuiteExecutor.execute(TestSuiteExecutor.java:106)
	at com.kms.katalon.core.main.TestCaseMain.startTestSuite(TestCaseMain.java:185)
	at com.kms.katalon.core.main.TestCaseMain$startTestSuite$0.call(Unknown Source)
	at TempTestSuite1654867643956.run(TempTestSuite1654867643956.groovy:36)
Caused by: com.kms.katalon.core.exception.StepFailedException: No alert found
	at com.kms.katalon.core.webui.keyword.internal.WebUIKeywordMain.stepFailed(WebUIKeywordMain.groovy:64)
	at com.kms.katalon.core.webui.keyword.builtin.AcceptAlertKeyword$_acceptAlert_closure1.doCall(AcceptAlertKeyword.groovy:78)
	at com.kms.katalon.core.webui.keyword.builtin.AcceptAlertKeyword$_acceptAlert_closure1.call(AcceptAlertKeyword.groovy)
	at com.kms.katalon.core.webui.keyword.internal.WebUIKeywordMain.runKeyword(WebUIKeywordMain.groovy:20)
	... 19 more]]></system-err>
      </testcase>
      <testcase name="Test Cases/1.1-Tareas Principales/1.5.6 Reporte Nomina Electronica" time="22.84" classname="Test Cases/1.1-Tareas Principales/1.5.6 Reporte Nomina Electronica" status="FAILED">
         <failure type="FAILED" message="Test Cases/1.1-Tareas Principales/1.5.6 Reporte Nomina Electronica FAILED.
Reason:
java.lang.AssertionError: expected [true] but found [false]
	at org.testng.Assert.fail(Assert.java:93)
	at org.testng.Assert.failNotEquals(Assert.java:512)
	at org.testng.Assert.assertTrue(Assert.java:41)
	at org.testng.Assert.assertTrue(Assert.java:51)
	at org.testng.Assert$assertTrue.call(Unknown Source)
	at 1.5.6 Reporte Nomina Electronica.run(1.5.6 Reporte Nomina Electronica:134)
	at com.kms.katalon.core.main.ScriptEngine.run(ScriptEngine.java:194)
	at com.kms.katalon.core.main.ScriptEngine.runScriptAsRawText(ScriptEngine.java:119)
	at com.kms.katalon.core.main.TestCaseExecutor.runScript(TestCaseExecutor.java:445)
	at com.kms.katalon.core.main.TestCaseExecutor.doExecute(TestCaseExecutor.java:436)
	at com.kms.katalon.core.main.TestCaseExecutor.processExecutionPhase(TestCaseExecutor.java:415)
	at com.kms.katalon.core.main.TestCaseExecutor.accessMainPhase(TestCaseExecutor.java:407)
	at com.kms.katalon.core.main.TestCaseExecutor.execute(TestCaseExecutor.java:284)
	at com.kms.katalon.core.common.CommonExecutor.accessTestCaseMainPhase(CommonExecutor.java:65)
	at com.kms.katalon.core.main.TestSuiteExecutor.accessTestSuiteMainPhase(TestSuiteExecutor.java:144)
	at com.kms.katalon.core.main.TestSuiteExecutor.execute(TestSuiteExecutor.java:106)
	at com.kms.katalon.core.main.TestCaseMain.startTestSuite(TestCaseMain.java:185)
	at com.kms.katalon.core.main.TestCaseMain$startTestSuite$0.call(Unknown Source)
	at TempTestSuite1654867643956.run(TempTestSuite1654867643956.groovy:36)
"/>
         <system-out><![CDATA[2022-06-10 09:13:45 - [TEST_CASE][FAILED] - Test Cases/1.1-Tareas Principales/1.5.6 Reporte Nomina Electronica: Test Cases/1.1-Tareas Principales/1.5.6 Reporte Nomina Electronica FAILED.
Reason:
java.lang.AssertionError: expected [true] but found [false]
	at org.testng.Assert.fail(Assert.java:93)
	at org.testng.Assert.failNotEquals(Assert.java:512)
	at org.testng.Assert.assertTrue(Assert.java:41)
	at org.testng.Assert.assertTrue(Assert.java:51)
	at org.testng.Assert$assertTrue.call(Unknown Source)
	at 1.5.6 Reporte Nomina Electronica.run(1.5.6 Reporte Nomina Electronica:134)
	at com.kms.katalon.core.main.ScriptEngine.run(ScriptEngine.java:194)
	at com.kms.katalon.core.main.ScriptEngine.runScriptAsRawText(ScriptEngine.java:119)
	at com.kms.katalon.core.main.TestCaseExecutor.runScript(TestCaseExecutor.java:445)
	at com.kms.katalon.core.main.TestCaseExecutor.doExecute(TestCaseExecutor.java:436)
	at com.kms.katalon.core.main.TestCaseExecutor.processExecutionPhase(TestCaseExecutor.java:415)
	at com.kms.katalon.core.main.TestCaseExecutor.accessMainPhase(TestCaseExecutor.java:407)
	at com.kms.katalon.core.main.TestCaseExecutor.execute(TestCaseExecutor.java:284)
	at com.kms.katalon.core.common.CommonExecutor.accessTestCaseMainPhase(CommonExecutor.java:65)
	at com.kms.katalon.core.main.TestSuiteExecutor.accessTestSuiteMainPhase(TestSuiteExecutor.java:144)
	at com.kms.katalon.core.main.TestSuiteExecutor.execute(TestSuiteExecutor.java:106)
	at com.kms.katalon.core.main.TestCaseMain.startTestSuite(TestCaseMain.java:185)
	at com.kms.katalon.core.main.TestCaseMain$startTestSuite$0.call(Unknown Source)
	at TempTestSuite1654867643956.run(TempTestSuite1654867643956.groovy:36)


2022-06-10 09:13:45 - [TEST_STEP][PASSED] - callTestCase(findTestCase("0.1-Login"), [:], STOP_ON_FAILURE): Call Test Case 'Test Cases/0.1-Login' successfully

2022-06-10 09:13:45 - [TEST_CASE][PASSED] - Test Cases/0.1-Login: Test Cases/0.1-Login

2022-06-10 09:13:45 - [TEST_STEP][PASSED] - openBrowser(""): Browser is opened with url: ''

2022-06-10 09:13:45 - [MESSAGE][WARNING] - A browser is already opened. Closing browser and opening a new one

2022-06-10 09:13:46 - [MESSAGE][INFO] - Starting 'Chrome' driver

2022-06-10 09:13:46 - [MESSAGE][INFO] - Action delay is set to 0 milliseconds

2022-06-10 09:13:47 - [MESSAGE][PASSED] - Browser is opened with url: ''

2022-06-10 09:13:47 - [TEST_STEP][PASSED] - maximizeWindow(): Current window maximized

2022-06-10 09:13:48 - [MESSAGE][PASSED] - Current window maximized

2022-06-10 09:13:48 - [TEST_STEP][PASSED] - i = G_Login: null

2022-06-10 09:13:48 - [TEST_STEP][PASSED] - url = new java.net.URL(i): null

2022-06-10 09:13:48 - [TEST_STEP][PASSED] - println("URL: " + url.toString()): null

2022-06-10 09:13:48 - [TEST_STEP][PASSED] - connection = url.openConnection(): null

2022-06-10 09:13:48 - [TEST_STEP][PASSED] - connection.setRequestMethod("GET"): null

2022-06-10 09:13:48 - [TEST_STEP][PASSED] - connection.setReadTimeout(2 * 1000): null

2022-06-10 09:13:48 - [TEST_STEP][PASSED] - try: null

2022-06-10 09:13:48 - [TEST_STEP][PASSED] - connection.connect(): null

2022-06-10 09:13:48 - [TEST_STEP][PASSED] - flag = connected: null

2022-06-10 09:13:48 - [TEST_STEP][PASSED] - println("Valor_ori: " + flag): null

2022-06-10 09:13:48 - [TEST_STEP][PASSED] - if (flag): null

2022-06-10 09:13:48 - [TEST_STEP][PASSED] - navigateToUrl(i): Navigate to 'http://192.168.2.19:8380/saraweb' successfully

2022-06-10 09:13:48 - [MESSAGE][PASSED] - Navigate to 'http://192.168.2.19:8380/saraweb' successfully

2022-06-10 09:13:48 - [TEST_STEP][PASSED] - a(): null

2022-06-10 09:13:48 - [TEST_STEP][PASSED] - setText(findTestObject("3-OBJECTS UTILIDADES/Login/input_USUARIO_loginusuario"), G_Usuario): Text 'saraadmin' is set on object 'Object Repository/3-OBJECTS UTILIDADES/Login/input_USUARIO_loginusuario'

2022-06-10 09:13:49 - [MESSAGE][PASSED] - Text 'saraadmin' is set on object 'Object Repository/3-OBJECTS UTILIDADES/Login/input_USUARIO_loginusuario'

2022-06-10 09:13:49 - [TEST_STEP][PASSED] - setEncryptedText(findTestObject("3-OBJECTS UTILIDADES/Login/input_CLAVE_loginpassword"), "MkG4/TYiCFC3cb2driP7+Q=="): Text ****** has been set on object 'Object Repository/3-OBJECTS UTILIDADES/Login/input_CLAVE_loginpassword'

2022-06-10 09:13:49 - [MESSAGE][PASSED] - Text ****** has been set on object 'Object Repository/3-OBJECTS UTILIDADES/Login/input_CLAVE_loginpassword'

2022-06-10 09:13:49 - [TEST_STEP][PASSED] - waitForElementClickable(findTestObject("3-OBJECTS UTILIDADES/Login/a_Ingresar"), G_TimeOut): Object 'Object Repository/3-OBJECTS UTILIDADES/Login/a_Ingresar' is clickable

2022-06-10 09:13:50 - [MESSAGE][PASSED] - Object 'Object Repository/3-OBJECTS UTILIDADES/Login/a_Ingresar' is clickable

2022-06-10 09:13:50 - [TEST_STEP][PASSED] - click(findTestObject("3-OBJECTS UTILIDADES/Login/a_Ingresar")): Object: 'Object Repository/3-OBJECTS UTILIDADES/Login/a_Ingresar' is clicked on

2022-06-10 09:13:51 - [MESSAGE][PASSED] - Object: 'Object Repository/3-OBJECTS UTILIDADES/Login/a_Ingresar' is clicked on

2022-06-10 09:13:51 - [TEST_STEP][PASSED] - element = findWebElement(findTestObject("3-OBJECTS UTILIDADES/Login/a_Ir"), 30): null

2022-06-10 09:13:51 - [TEST_STEP][PASSED] - executeJavaScript("arguments[0].click()", Arrays.asList(element)): Execute JavaScript 'arguments[0].click()' successfully

2022-06-10 09:13:51 - [MESSAGE][PASSED] - Execute JavaScript 'arguments[0].click()' successfully

2022-06-10 09:13:51 - [MESSAGE][PASSED] - Call Test Case 'Test Cases/0.1-Login' successfully

2022-06-10 09:13:51 - [TEST_STEP][PASSED] - waitForElementClickable(findTestObject("1-OBJECTS TAREAS PRINCIPALES/Modulo Tarea Compensacion/Reporte Nomina Electronica/Page_SARA/input_Nomina Electronica_form_templatej_idt24_input"), 0): Object 'Object Repository/1-OBJECTS TAREAS PRINCIPALES/Modulo Tarea Compensacion/Reporte Nomina Electronica/Page_SARA/input_Nomina Electronica_form_templatej_idt24_input' is clickable

2022-06-10 09:13:52 - [MESSAGE][WARNING] - Timeout '0' is invalid. Using default page load timeout: '37'

2022-06-10 09:13:52 - [MESSAGE][PASSED] - Object 'Object Repository/1-OBJECTS TAREAS PRINCIPALES/Modulo Tarea Compensacion/Reporte Nomina Electronica/Page_SARA/input_Nomina Electronica_form_templatej_idt24_input' is clickable

2022-06-10 09:13:52 - [TEST_STEP][PASSED] - setText(findTestObject("1-OBJECTS TAREAS PRINCIPALES/Modulo Tarea Compensacion/Reporte Nomina Electronica/Page_SARA/input_Nomina Electronica_form_templatej_idt24_input"), "Nomina Electronica"): Text 'Nomina Electronica' is set on object 'Object Repository/1-OBJECTS TAREAS PRINCIPALES/Modulo Tarea Compensacion/Reporte Nomina Electronica/Page_SARA/input_Nomina Electronica_form_templatej_idt24_input'

2022-06-10 09:13:53 - [MESSAGE][PASSED] - Text 'Nomina Electronica' is set on object 'Object Repository/1-OBJECTS TAREAS PRINCIPALES/Modulo Tarea Compensacion/Reporte Nomina Electronica/Page_SARA/input_Nomina Electronica_form_templatej_idt24_input'

2022-06-10 09:13:53 - [TEST_STEP][PASSED] - waitForElementClickable(findTestObject("1-OBJECTS TAREAS PRINCIPALES/Modulo Tarea Compensacion/Reporte Nomina Electronica/Page_SARA/span_Nomina Electronica"), 0): Object 'Object Repository/1-OBJECTS TAREAS PRINCIPALES/Modulo Tarea Compensacion/Reporte Nomina Electronica/Page_SARA/span_Nomina Electronica' is clickable

2022-06-10 09:13:53 - [MESSAGE][WARNING] - Timeout '0' is invalid. Using default page load timeout: '37'

2022-06-10 09:13:54 - [MESSAGE][PASSED] - Object 'Object Repository/1-OBJECTS TAREAS PRINCIPALES/Modulo Tarea Compensacion/Reporte Nomina Electronica/Page_SARA/span_Nomina Electronica' is clickable

2022-06-10 09:13:54 - [TEST_STEP][PASSED] - click(findTestObject("1-OBJECTS TAREAS PRINCIPALES/Modulo Tarea Compensacion/Reporte Nomina Electronica/Page_SARA/span_Nomina Electronica"), STOP_ON_FAILURE): Object: 'Object Repository/1-OBJECTS TAREAS PRINCIPALES/Modulo Tarea Compensacion/Reporte Nomina Electronica/Page_SARA/span_Nomina Electronica' is clicked on

2022-06-10 09:13:55 - [MESSAGE][PASSED] - Object: 'Object Repository/1-OBJECTS TAREAS PRINCIPALES/Modulo Tarea Compensacion/Reporte Nomina Electronica/Page_SARA/span_Nomina Electronica' is clicked on

2022-06-10 09:13:55 - [TEST_STEP][PASSED] - setText(findTestObject("1-OBJECTS TAREAS PRINCIPALES/Modulo Tarea Compensacion/Reporte Nomina Electronica/input_Fecha Corte_listado_nominaelectronicaj_idt72"), "2021"): Text '2021' is set on object 'Object Repository/1-OBJECTS TAREAS PRINCIPALES/Modulo Tarea Compensacion/Reporte Nomina Electronica/input_Fecha Corte_listado_nominaelectronicaj_idt72'

2022-06-10 09:13:56 - [MESSAGE][PASSED] - Text '2021' is set on object 'Object Repository/1-OBJECTS TAREAS PRINCIPALES/Modulo Tarea Compensacion/Reporte Nomina Electronica/input_Fecha Corte_listado_nominaelectronicaj_idt72'

2022-06-10 09:13:56 - [TEST_STEP][PASSED] - sendKeys(findTestObject("1-OBJECTS TAREAS PRINCIPALES/Modulo Tarea Compensacion/Reporte Nomina Electronica/input_Fecha Corte_listado_nominaelectronicaj_idt72"), Keys.chord(ENTER)): Keys 'ENTER + ' sent to object: 'Object Repository/1-OBJECTS TAREAS PRINCIPALES/Modulo Tarea Compensacion/Reporte Nomina Electronica/input_Fecha Corte_listado_nominaelectronicaj_idt72'

2022-06-10 09:13:56 - [MESSAGE][PASSED] - Keys 'ENTER + ' sent to object: 'Object Repository/1-OBJECTS TAREAS PRINCIPALES/Modulo Tarea Compensacion/Reporte Nomina Electronica/input_Fecha Corte_listado_nominaelectronicaj_idt72'

2022-06-10 09:13:56 - [TEST_STEP][PASSED] - if (waitForElementClickable(findTestObject("1-OBJECTS TAREAS PRINCIPALES/Modulo Tarea Compensacion/Reporte Nomina Electronica/Page_SARA/td_2021-07-01"), 1)): null

2022-06-10 09:13:57 - [MESSAGE][PASSED] - Object 'Object Repository/1-OBJECTS TAREAS PRINCIPALES/Modulo Tarea Compensacion/Reporte Nomina Electronica/Page_SARA/td_2021-07-01' is clickable

2022-06-10 09:13:57 - [TEST_STEP][PASSED] - click(findTestObject("1-OBJECTS TAREAS PRINCIPALES/Modulo Tarea Compensacion/Reporte Nomina Electronica/Page_SARA/td_2021-07-01")): Object: 'Object Repository/1-OBJECTS TAREAS PRINCIPALES/Modulo Tarea Compensacion/Reporte Nomina Electronica/Page_SARA/td_2021-07-01' is clicked on

2022-06-10 09:13:57 - [MESSAGE][PASSED] - Object: 'Object Repository/1-OBJECTS TAREAS PRINCIPALES/Modulo Tarea Compensacion/Reporte Nomina Electronica/Page_SARA/td_2021-07-01' is clicked on

2022-06-10 09:13:57 - [TEST_STEP][PASSED] - click(findTestObject("1-OBJECTS TAREAS PRINCIPALES/Modulo Tarea Compensacion/Reporte Nomina Electronica/Page_SARA/a_Reporte")): Object: 'Object Repository/1-OBJECTS TAREAS PRINCIPALES/Modulo Tarea Compensacion/Reporte Nomina Electronica/Page_SARA/a_Reporte' is clicked on

2022-06-10 09:13:58 - [MESSAGE][PASSED] - Object: 'Object Repository/1-OBJECTS TAREAS PRINCIPALES/Modulo Tarea Compensacion/Reporte Nomina Electronica/Page_SARA/a_Reporte' is clicked on

2022-06-10 09:13:58 - [TEST_STEP][PASSED] - click(findTestObject("1-OBJECTS TAREAS PRINCIPALES/Modulo Tarea Compensacion/Reporte Nomina Electronica/Page_SARA/td_Reporte Nomina Electrnica")): Object: 'Object Repository/1-OBJECTS TAREAS PRINCIPALES/Modulo Tarea Compensacion/Reporte Nomina Electronica/Page_SARA/td_Reporte Nomina Electrnica' is clicked on

2022-06-10 09:13:59 - [MESSAGE][PASSED] - Object: 'Object Repository/1-OBJECTS TAREAS PRINCIPALES/Modulo Tarea Compensacion/Reporte Nomina Electronica/Page_SARA/td_Reporte Nomina Electrnica' is clicked on

2022-06-10 09:13:59 - [TEST_STEP][PASSED] - click(findTestObject("1-OBJECTS TAREAS PRINCIPALES/Modulo Tarea Compensacion/Reporte Nomina Electronica/Page_SARA/span_Que desea hacer_ui-radiobutton-icon ui-icon ui-icon-blank ui-c")): Object: 'Object Repository/1-OBJECTS TAREAS PRINCIPALES/Modulo Tarea Compensacion/Reporte Nomina Electronica/Page_SARA/span_Que desea hacer_ui-radiobutton-icon ui-icon ui-icon-blank ui-c' is clicked on

2022-06-10 09:14:00 - [MESSAGE][PASSED] - Object: 'Object Repository/1-OBJECTS TAREAS PRINCIPALES/Modulo Tarea Compensacion/Reporte Nomina Electronica/Page_SARA/span_Que desea hacer_ui-radiobutton-icon ui-icon ui-icon-blank ui-c' is clicked on

2022-06-10 09:14:00 - [TEST_STEP][PASSED] - waitForElementClickable(findTestObject("1-OBJECTS TAREAS PRINCIPALES/Modulo Tarea Compensacion/Reporte Nomina Electronica/Page_SARA/a_Generar"), 0): Object 'Object Repository/1-OBJECTS TAREAS PRINCIPALES/Modulo Tarea Compensacion/Reporte Nomina Electronica/Page_SARA/a_Generar' is clickable

2022-06-10 09:14:00 - [MESSAGE][WARNING] - Timeout '0' is invalid. Using default page load timeout: '37'

2022-06-10 09:14:00 - [MESSAGE][PASSED] - Object 'Object Repository/1-OBJECTS TAREAS PRINCIPALES/Modulo Tarea Compensacion/Reporte Nomina Electronica/Page_SARA/a_Generar' is clickable

2022-06-10 09:14:00 - [TEST_STEP][PASSED] - click(findTestObject("1-OBJECTS TAREAS PRINCIPALES/Modulo Tarea Compensacion/Reporte Nomina Electronica/Page_SARA/a_Generar")): Object: 'Object Repository/1-OBJECTS TAREAS PRINCIPALES/Modulo Tarea Compensacion/Reporte Nomina Electronica/Page_SARA/a_Generar' is clicked on

2022-06-10 09:14:01 - [MESSAGE][PASSED] - Object: 'Object Repository/1-OBJECTS TAREAS PRINCIPALES/Modulo Tarea Compensacion/Reporte Nomina Electronica/Page_SARA/a_Generar' is clicked on

2022-06-10 09:14:01 - [TEST_STEP][PASSED] - waitForElementClickable(findTestObject("1-OBJECTS TAREAS PRINCIPALES/Modulo Tarea Compensacion/Reporte Nomina Electronica/Page_SARA/a_Continuar"), 0): Object 'Object Repository/1-OBJECTS TAREAS PRINCIPALES/Modulo Tarea Compensacion/Reporte Nomina Electronica/Page_SARA/a_Continuar' is clickable

2022-06-10 09:14:01 - [MESSAGE][WARNING] - Timeout '0' is invalid. Using default page load timeout: '37'

2022-06-10 09:14:05 - [MESSAGE][PASSED] - Object 'Object Repository/1-OBJECTS TAREAS PRINCIPALES/Modulo Tarea Compensacion/Reporte Nomina Electronica/Page_SARA/a_Continuar' is clickable

2022-06-10 09:14:05 - [TEST_STEP][PASSED] - click(findTestObject("1-OBJECTS TAREAS PRINCIPALES/Modulo Tarea Compensacion/Reporte Nomina Electronica/Page_SARA/a_Continuar")): Object: 'Object Repository/1-OBJECTS TAREAS PRINCIPALES/Modulo Tarea Compensacion/Reporte Nomina Electronica/Page_SARA/a_Continuar' is clicked on

2022-06-10 09:14:05 - [MESSAGE][PASSED] - Object: 'Object Repository/1-OBJECTS TAREAS PRINCIPALES/Modulo Tarea Compensacion/Reporte Nomina Electronica/Page_SARA/a_Continuar' is clicked on

2022-06-10 09:14:05 - [TEST_STEP][PASSED] - if (waitForElementClickable(findTestObject("1-OBJECTS TAREAS PRINCIPALES/Modulo Tarea Compensacion/Reporte Nomina Electronica/Page_SARA/a_Descargar"), 1)): Web element with id: 'Object Repository/1-OBJECTS TAREAS PRINCIPALES/Modulo Tarea Compensacion/Reporte Nomina Electronica/Page_SARA/a_Descargar' located by '(//a[contains(text(),'Descargar')])[2]' not found

2022-06-10 09:14:07 - [MESSAGE][INFO] - Unable to find the element located by 'By.xpath: (//a[contains(text(),'Descargar')])[2]'. Please recheck the objects properties to make sure the desired element is located. 

2022-06-10 09:14:07 - [MESSAGE][WARNING] - Web element with id: 'Object Repository/1-OBJECTS TAREAS PRINCIPALES/Modulo Tarea Compensacion/Reporte Nomina Electronica/Page_SARA/a_Descargar' located by '(//a[contains(text(),'Descargar')])[2]' not found

2022-06-10 09:14:07 - [TEST_STEP][PASSED] - else: Object: 'Object Repository/1-OBJECTS TAREAS PRINCIPALES/Modulo Tarea Compensacion/Reporte Nomina Electronica/Page_SARA/a_Descargar - Copy' is clicked on

2022-06-10 09:14:07 - [TEST_STEP][PASSED] - click(findTestObject("1-OBJECTS TAREAS PRINCIPALES/Modulo Tarea Compensacion/Reporte Nomina Electronica/Page_SARA/a_Descargar - Copy")): Object: 'Object Repository/1-OBJECTS TAREAS PRINCIPALES/Modulo Tarea Compensacion/Reporte Nomina Electronica/Page_SARA/a_Descargar - Copy' is clicked on

2022-06-10 09:14:08 - [MESSAGE][PASSED] - Object: 'Object Repository/1-OBJECTS TAREAS PRINCIPALES/Modulo Tarea Compensacion/Reporte Nomina Electronica/Page_SARA/a_Descargar - Copy' is clicked on

2022-06-10 09:14:08 - [TEST_STEP][PASSED] - Ruta = callTestCase(findTestCase("0.1.3-Detector_de folder_download"), [:], STOP_ON_FAILURE): Call Test Case 'Test Cases/0.1.3-Detector_de folder_download' successfully

2022-06-10 09:14:08 - [TEST_CASE][PASSED] - Test Cases/0.1.3-Detector_de folder_download: Test Cases/0.1.3-Detector_de folder_download

2022-06-10 09:14:08 - [TEST_STEP][PASSED] - ruta1 = "../": null

2022-06-10 09:14:08 - [TEST_STEP][PASSED] - ruta2 = "../../": null

2022-06-10 09:14:08 - [TEST_STEP][PASSED] - ruta3 = "../../../": null

2022-06-10 09:14:08 - [TEST_STEP][PASSED] - ruta4 = "../../../../": null

2022-06-10 09:14:08 - [TEST_STEP][PASSED] - fichero = new java.io.File(ruta1): null

2022-06-10 09:14:08 - [TEST_STEP][PASSED] - fichero1 = new java.io.File(ruta2): null

2022-06-10 09:14:08 - [TEST_STEP][PASSED] - fichero2 = new java.io.File(ruta3): null

2022-06-10 09:14:08 - [TEST_STEP][PASSED] - fichero3 = new java.io.File(ruta4): null

2022-06-10 09:14:08 - [TEST_STEP][PASSED] - Carpeta = "Downloads": null

2022-06-10 09:14:08 - [TEST_STEP][PASSED] - RutaA = "": null

2022-06-10 09:14:08 - [TEST_STEP][PASSED] - ResultF = "": null

2022-06-10 09:14:08 - [TEST_STEP][PASSED] - r = prueba(ruta1, fichero, Carpeta, RutaA): null

2022-06-10 09:14:08 - [TEST_STEP][PASSED] - dir = new java.io.File(fichero): null

2022-06-10 09:14:08 - [TEST_STEP][PASSED] - dirContents = dir.listFiles(): null

2022-06-10 09:14:08 - [TEST_STEP][PASSED] - out.println(dirContents): null

2022-06-10 09:14:08 - [TEST_STEP][PASSED] - for ([i = 0, i < length, (i++)]): null

2022-06-10 09:14:08 - [TEST_STEP][PASSED] - if (getName().equals(Carpeta)): null

2022-06-10 09:14:08 - [TEST_STEP][PASSED] - if (getName().equals(Carpeta)): null

2022-06-10 09:14:08 - [TEST_STEP][PASSED] - if (getName().equals(Carpeta)): null

2022-06-10 09:14:08 - [TEST_STEP][PASSED] - if (getName().equals(Carpeta)): null

2022-06-10 09:14:08 - [TEST_STEP][PASSED] - if (getName().equals(Carpeta)): null

2022-06-10 09:14:08 - [TEST_STEP][PASSED] - if (getName().equals(Carpeta)): null

2022-06-10 09:14:08 - [TEST_STEP][PASSED] - if (getName().equals(Carpeta)): null

2022-06-10 09:14:08 - [TEST_STEP][PASSED] - if (getName().equals(Carpeta)): null

2022-06-10 09:14:08 - [TEST_STEP][PASSED] - return false: null

2022-06-10 09:14:08 - [TEST_STEP][PASSED] - r1 = prueba1(ruta2, fichero1, Carpeta, RutaA): null

2022-06-10 09:14:08 - [TEST_STEP][PASSED] - dir = new java.io.File(fichero1): null

2022-06-10 09:14:08 - [TEST_STEP][PASSED] - dirContents = dir.listFiles(): null

2022-06-10 09:14:08 - [TEST_STEP][PASSED] - out.println(dirContents): null

2022-06-10 09:14:08 - [TEST_STEP][PASSED] - for ([i = 0, i < length, (i++)]): null

2022-06-10 09:14:08 - [TEST_STEP][PASSED] - if (getName().equals(Carpeta)): null

2022-06-10 09:14:08 - [TEST_STEP][PASSED] - if (getName().equals(Carpeta)): null

2022-06-10 09:14:08 - [TEST_STEP][PASSED] - if (getName().equals(Carpeta)): null

2022-06-10 09:14:08 - [TEST_STEP][PASSED] - if (getName().equals(Carpeta)): null

2022-06-10 09:14:08 - [TEST_STEP][PASSED] - if (getName().equals(Carpeta)): null

2022-06-10 09:14:08 - [TEST_STEP][PASSED] - if (getName().equals(Carpeta)): null

2022-06-10 09:14:08 - [TEST_STEP][PASSED] - if (getName().equals(Carpeta)): null

2022-06-10 09:14:08 - [TEST_STEP][PASSED] - if (getName().equals(Carpeta)): null

2022-06-10 09:14:08 - [TEST_STEP][PASSED] - if (getName().equals(Carpeta)): null

2022-06-10 09:14:08 - [TEST_STEP][PASSED] - if (getName().equals(Carpeta)): null

2022-06-10 09:14:08 - [TEST_STEP][PASSED] - if (getName().equals(Carpeta)): null

2022-06-10 09:14:08 - [TEST_STEP][PASSED] - if (getName().equals(Carpeta)): null

2022-06-10 09:14:08 - [TEST_STEP][PASSED] - if (getName().equals(Carpeta)): null

2022-06-10 09:14:08 - [TEST_STEP][PASSED] - if (getName().equals(Carpeta)): null

2022-06-10 09:14:08 - [TEST_STEP][PASSED] - if (getName().equals(Carpeta)): null

2022-06-10 09:14:08 - [TEST_STEP][PASSED] - if (getName().equals(Carpeta)): null

2022-06-10 09:14:08 - [TEST_STEP][PASSED] - if (getName().equals(Carpeta)): null

2022-06-10 09:14:08 - [TEST_STEP][PASSED] - if (getName().equals(Carpeta)): null

2022-06-10 09:14:08 - [TEST_STEP][PASSED] - if (getName().equals(Carpeta)): null

2022-06-10 09:14:08 - [TEST_STEP][PASSED] - if (getName().equals(Carpeta)): null

2022-06-10 09:14:08 - [TEST_STEP][PASSED] - if (getName().equals(Carpeta)): null

2022-06-10 09:14:08 - [TEST_STEP][PASSED] - if (getName().equals(Carpeta)): null

2022-06-10 09:14:08 - [TEST_STEP][PASSED] - if (getName().equals(Carpeta)): null

2022-06-10 09:14:08 - [TEST_STEP][PASSED] - if (getName().equals(Carpeta)): null

2022-06-10 09:14:08 - [TEST_STEP][PASSED] - if (getName().equals(Carpeta)): null

2022-06-10 09:14:08 - [TEST_STEP][PASSED] - if (getName().equals(Carpeta)): null

2022-06-10 09:14:08 - [TEST_STEP][PASSED] - if (getName().equals(Carpeta)): null

2022-06-10 09:14:08 - [TEST_STEP][PASSED] - if (getName().equals(Carpeta)): null

2022-06-10 09:14:08 - [TEST_STEP][PASSED] - if (getName().equals(Carpeta)): null

2022-06-10 09:14:08 - [TEST_STEP][PASSED] - if (getName().equals(Carpeta)): null

2022-06-10 09:14:08 - [TEST_STEP][PASSED] - if (dirContents[i].isDirectory()): null

2022-06-10 09:14:08 - [TEST_STEP][PASSED] - out.println(fichero1 + "Downloads"): null

2022-06-10 09:14:08 - [TEST_STEP][PASSED] - Resultado = fichero1 + "\Downloads": null

2022-06-10 09:14:08 - [TEST_STEP][PASSED] - out.println("Es una carpeta " + Resultado): null

2022-06-10 09:14:08 - [TEST_STEP][PASSED] - RutaA = Resultado: null

2022-06-10 09:14:08 - [TEST_STEP][PASSED] - return RutaA: null

2022-06-10 09:14:08 - [TEST_STEP][PASSED] - r2 = prueba2(ruta2, fichero1, Carpeta, RutaA): null

2022-06-10 09:14:08 - [TEST_STEP][PASSED] - dir = new java.io.File(fichero2): null

2022-06-10 09:14:08 - [TEST_STEP][PASSED] - dirContents = dir.listFiles(): null

2022-06-10 09:14:08 - [TEST_STEP][PASSED] - out.println(dirContents): null

2022-06-10 09:14:08 - [TEST_STEP][PASSED] - for ([i = 0, i < length, (i++)]): null

2022-06-10 09:14:08 - [TEST_STEP][PASSED] - if (getName().equals(Carpeta)): null

2022-06-10 09:14:08 - [TEST_STEP][PASSED] - if (getName().equals(Carpeta)): null

2022-06-10 09:14:08 - [TEST_STEP][PASSED] - if (getName().equals(Carpeta)): null

2022-06-10 09:14:08 - [TEST_STEP][PASSED] - if (getName().equals(Carpeta)): null

2022-06-10 09:14:08 - [TEST_STEP][PASSED] - if (getName().equals(Carpeta)): null

2022-06-10 09:14:08 - [TEST_STEP][PASSED] - if (getName().equals(Carpeta)): null

2022-06-10 09:14:08 - [TEST_STEP][PASSED] - if (getName().equals(Carpeta)): null

2022-06-10 09:14:08 - [TEST_STEP][PASSED] - if (getName().equals(Carpeta)): null

2022-06-10 09:14:08 - [TEST_STEP][PASSED] - if (getName().equals(Carpeta)): null

2022-06-10 09:14:08 - [TEST_STEP][PASSED] - if (getName().equals(Carpeta)): null

2022-06-10 09:14:08 - [TEST_STEP][PASSED] - if (getName().equals(Carpeta)): null

2022-06-10 09:14:08 - [TEST_STEP][PASSED] - if (getName().equals(Carpeta)): null

2022-06-10 09:14:08 - [TEST_STEP][PASSED] - if (getName().equals(Carpeta)): null

2022-06-10 09:14:08 - [TEST_STEP][PASSED] - if (getName().equals(Carpeta)): null

2022-06-10 09:14:08 - [TEST_STEP][PASSED] - if (getName().equals(Carpeta)): null

2022-06-10 09:14:08 - [TEST_STEP][PASSED] - if (getName().equals(Carpeta)): null

2022-06-10 09:14:08 - [TEST_STEP][PASSED] - if (getName().equals(Carpeta)): null

2022-06-10 09:14:08 - [TEST_STEP][PASSED] - if (getName().equals(Carpeta)): null

2022-06-10 09:14:08 - [TEST_STEP][PASSED] - if (getName().equals(Carpeta)): null

2022-06-10 09:14:08 - [TEST_STEP][PASSED] - if (getName().equals(Carpeta)): null

2022-06-10 09:14:08 - [TEST_STEP][PASSED] - if (getName().equals(Carpeta)): null

2022-06-10 09:14:08 - [TEST_STEP][PASSED] - if (getName().equals(Carpeta)): null

2022-06-10 09:14:08 - [TEST_STEP][PASSED] - if (getName().equals(Carpeta)): null

2022-06-10 09:14:08 - [TEST_STEP][PASSED] - if (getName().equals(Carpeta)): null

2022-06-10 09:14:08 - [TEST_STEP][PASSED] - if (getName().equals(Carpeta)): null

2022-06-10 09:14:08 - [TEST_STEP][PASSED] - if (getName().equals(Carpeta)): null

2022-06-10 09:14:08 - [TEST_STEP][PASSED] - if (getName().equals(Carpeta)): null

2022-06-10 09:14:08 - [TEST_STEP][PASSED] - if (getName().equals(Carpeta)): null

2022-06-10 09:14:08 - [TEST_STEP][PASSED] - if (getName().equals(Carpeta)): null

2022-06-10 09:14:08 - [TEST_STEP][PASSED] - if (getName().equals(Carpeta)): null

2022-06-10 09:14:08 - [TEST_STEP][PASSED] - if (dirContents[i].isDirectory()): null

2022-06-10 09:14:08 - [TEST_STEP][PASSED] - out.println(fichero2 + "Downloads"): null

2022-06-10 09:14:08 - [TEST_STEP][PASSED] - Resultado = fichero2 + "\Downloads": null

2022-06-10 09:14:08 - [TEST_STEP][PASSED] - out.println("Es una carpeta " + Resultado): null

2022-06-10 09:14:08 - [TEST_STEP][PASSED] - RutaA = Resultado: null

2022-06-10 09:14:08 - [TEST_STEP][PASSED] - return RutaA: null

2022-06-10 09:14:08 - [TEST_STEP][PASSED] - r3 = prueba3(ruta3, fichero2, Carpeta, RutaA): null

2022-06-10 09:14:08 - [TEST_STEP][PASSED] - dir = new java.io.File(fichero3): null

2022-06-10 09:14:08 - [TEST_STEP][PASSED] - dirContents = dir.listFiles(): null

2022-06-10 09:14:08 - [TEST_STEP][PASSED] - out.println(dirContents): null

2022-06-10 09:14:08 - [TEST_STEP][PASSED] - for ([i = 0, i < length, (i++)]): null

2022-06-10 09:14:08 - [TEST_STEP][PASSED] - if (getName().equals(Carpeta)): null

2022-06-10 09:14:08 - [TEST_STEP][PASSED] - if (getName().equals(Carpeta)): null

2022-06-10 09:14:08 - [TEST_STEP][PASSED] - if (getName().equals(Carpeta)): null

2022-06-10 09:14:08 - [TEST_STEP][PASSED] - if (getName().equals(Carpeta)): null

2022-06-10 09:14:08 - [TEST_STEP][PASSED] - if (getName().equals(Carpeta)): null

2022-06-10 09:14:08 - [TEST_STEP][PASSED] - if (getName().equals(Carpeta)): null

2022-06-10 09:14:08 - [TEST_STEP][PASSED] - if (getName().equals(Carpeta)): null

2022-06-10 09:14:08 - [TEST_STEP][PASSED] - return false: null

2022-06-10 09:14:08 - [TEST_STEP][PASSED] - out.println(r): null

2022-06-10 09:14:08 - [TEST_STEP][PASSED] - out.println(r1): null

2022-06-10 09:14:08 - [TEST_STEP][PASSED] - out.println(r2): null

2022-06-10 09:14:08 - [TEST_STEP][PASSED] - out.println(r3): null

2022-06-10 09:14:08 - [TEST_STEP][PASSED] - if (r == "\Downloads"): null

2022-06-10 09:14:08 - [TEST_STEP][PASSED] - else if (r1 == "..\Downloads"): null

2022-06-10 09:14:08 - [TEST_STEP][PASSED] - else if (r2 == "..\..\Downloads"): null

2022-06-10 09:14:08 - [TEST_STEP][PASSED] - ok = "OK": null

2022-06-10 09:14:08 - [TEST_STEP][PASSED] - out.println(r2): null

2022-06-10 09:14:08 - [TEST_STEP][PASSED] - RutaA = r2: null

2022-06-10 09:14:08 - [TEST_STEP][PASSED] - return RutaA: null

2022-06-10 09:14:08 - [MESSAGE][PASSED] - Call Test Case 'Test Cases/0.1.3-Detector_de folder_download' successfully

2022-06-10 09:14:08 - [TEST_STEP][PASSED] - rutaA = Ruta: null

2022-06-10 09:14:08 - [TEST_STEP][PASSED] - Archivo = "Reporte_Nomina_Electrónica.xlsx": null

2022-06-10 09:14:08 - [TEST_STEP][PASSED] - Assert.assertTrue(archivoDescargado(rutaA, Archivo)): null

2022-06-10 09:14:08 - [TEST_STEP][PASSED] - dir = new java.io.File(rutaA): null

2022-06-10 09:14:08 - [TEST_STEP][PASSED] - dirContenidos = dir.listFiles(): null

2022-06-10 09:14:08 - [TEST_STEP][PASSED] - r1 = "": null

2022-06-10 09:14:08 - [TEST_STEP][PASSED] - out.println(dirContenidos): null

2022-06-10 09:14:08 - [TEST_STEP][PASSED] - for ([i = 0, i < length, (i++)]): null

2022-06-10 09:14:08 - [TEST_STEP][PASSED] - if (getName().equals(Archivo)): null

2022-06-10 09:14:08 - [TEST_STEP][PASSED] - if (getName().equals(Archivo)): null

2022-06-10 09:14:08 - [TEST_STEP][PASSED] - if (getName().equals(Archivo)): null

2022-06-10 09:14:08 - [TEST_STEP][PASSED] - if (getName().equals(Archivo)): null

2022-06-10 09:14:08 - [TEST_STEP][PASSED] - if (getName().equals(Archivo)): null

2022-06-10 09:14:08 - [TEST_STEP][PASSED] - if (getName().equals(Archivo)): null

2022-06-10 09:14:08 - [TEST_STEP][PASSED] - if (getName().equals(Archivo)): null

2022-06-10 09:14:08 - [TEST_STEP][PASSED] - if (getName().equals(Archivo)): null

2022-06-10 09:14:08 - [TEST_STEP][PASSED] - if (getName().equals(Archivo)): null

2022-06-10 09:14:08 - [TEST_STEP][PASSED] - if (getName().equals(Archivo)): null

2022-06-10 09:14:08 - [TEST_STEP][PASSED] - if (getName().equals(Archivo)): null

2022-06-10 09:14:08 - [TEST_STEP][PASSED] - if (getName().equals(Archivo)): null

2022-06-10 09:14:08 - [TEST_STEP][PASSED] - if (getName().equals(Archivo)): null

2022-06-10 09:14:08 - [TEST_STEP][PASSED] - if (getName().equals(Archivo)): null

2022-06-10 09:14:08 - [TEST_STEP][PASSED] - if (getName().equals(Archivo)): null

2022-06-10 09:14:08 - [TEST_STEP][PASSED] - if (getName().equals(Archivo)): null

2022-06-10 09:14:08 - [TEST_STEP][PASSED] - if (getName().equals(Archivo)): null

2022-06-10 09:14:08 - [TEST_STEP][FAILED] - return false: Test Cases/1.1-Tareas Principales/1.5.6 Reporte Nomina Electronica FAILED.
Reason:
java.lang.AssertionError: expected [true] but found [false]
	at org.testng.Assert.fail(Assert.java:93)
	at org.testng.Assert.failNotEquals(Assert.java:512)
	at org.testng.Assert.assertTrue(Assert.java:41)
	at org.testng.Assert.assertTrue(Assert.java:51)
	at org.testng.Assert$assertTrue.call(Unknown Source)
	at 1.5.6 Reporte Nomina Electronica.run(1.5.6 Reporte Nomina Electronica:134)
	at com.kms.katalon.core.main.ScriptEngine.run(ScriptEngine.java:194)
	at com.kms.katalon.core.main.ScriptEngine.runScriptAsRawText(ScriptEngine.java:119)
	at com.kms.katalon.core.main.TestCaseExecutor.runScript(TestCaseExecutor.java:445)
	at com.kms.katalon.core.main.TestCaseExecutor.doExecute(TestCaseExecutor.java:436)
	at com.kms.katalon.core.main.TestCaseExecutor.processExecutionPhase(TestCaseExecutor.java:415)
	at com.kms.katalon.core.main.TestCaseExecutor.accessMainPhase(TestCaseExecutor.java:407)
	at com.kms.katalon.core.main.TestCaseExecutor.execute(TestCaseExecutor.java:284)
	at com.kms.katalon.core.common.CommonExecutor.accessTestCaseMainPhase(CommonExecutor.java:65)
	at com.kms.katalon.core.main.TestSuiteExecutor.accessTestSuiteMainPhase(TestSuiteExecutor.java:144)
	at com.kms.katalon.core.main.TestSuiteExecutor.execute(TestSuiteExecutor.java:106)
	at com.kms.katalon.core.main.TestCaseMain.startTestSuite(TestCaseMain.java:185)
	at com.kms.katalon.core.main.TestCaseMain$startTestSuite$0.call(Unknown Source)
	at TempTestSuite1654867643956.run(TempTestSuite1654867643956.groovy:36)


2022-06-10 09:14:08 - [MESSAGE][FAILED] - Test Cases/1.1-Tareas Principales/1.5.6 Reporte Nomina Electronica FAILED.
Reason:
java.lang.AssertionError: expected [true] but found [false]
	at org.testng.Assert.fail(Assert.java:93)
	at org.testng.Assert.failNotEquals(Assert.java:512)
	at org.testng.Assert.assertTrue(Assert.java:41)
	at org.testng.Assert.assertTrue(Assert.java:51)
	at org.testng.Assert$assertTrue.call(Unknown Source)
	at 1.5.6 Reporte Nomina Electronica.run(1.5.6 Reporte Nomina Electronica:134)
	at com.kms.katalon.core.main.ScriptEngine.run(ScriptEngine.java:194)
	at com.kms.katalon.core.main.ScriptEngine.runScriptAsRawText(ScriptEngine.java:119)
	at com.kms.katalon.core.main.TestCaseExecutor.runScript(TestCaseExecutor.java:445)
	at com.kms.katalon.core.main.TestCaseExecutor.doExecute(TestCaseExecutor.java:436)
	at com.kms.katalon.core.main.TestCaseExecutor.processExecutionPhase(TestCaseExecutor.java:415)
	at com.kms.katalon.core.main.TestCaseExecutor.accessMainPhase(TestCaseExecutor.java:407)
	at com.kms.katalon.core.main.TestCaseExecutor.execute(TestCaseExecutor.java:284)
	at com.kms.katalon.core.common.CommonExecutor.accessTestCaseMainPhase(CommonExecutor.java:65)
	at com.kms.katalon.core.main.TestSuiteExecutor.accessTestSuiteMainPhase(TestSuiteExecutor.java:144)
	at com.kms.katalon.core.main.TestSuiteExecutor.execute(TestSuiteExecutor.java:106)
	at com.kms.katalon.core.main.TestCaseMain.startTestSuite(TestCaseMain.java:185)
	at com.kms.katalon.core.main.TestCaseMain$startTestSuite$0.call(Unknown Source)
	at TempTestSuite1654867643956.run(TempTestSuite1654867643956.groovy:36)]]></system-out>
         <system-err><![CDATA[2022-06-10 09:13:45 - [TEST_CASE][FAILED] - Test Cases/1.1-Tareas Principales/1.5.6 Reporte Nomina Electronica: Test Cases/1.1-Tareas Principales/1.5.6 Reporte Nomina Electronica FAILED.
Reason:
java.lang.AssertionError: expected [true] but found [false]
	at org.testng.Assert.fail(Assert.java:93)
	at org.testng.Assert.failNotEquals(Assert.java:512)
	at org.testng.Assert.assertTrue(Assert.java:41)
	at org.testng.Assert.assertTrue(Assert.java:51)
	at org.testng.Assert$assertTrue.call(Unknown Source)
	at 1.5.6 Reporte Nomina Electronica.run(1.5.6 Reporte Nomina Electronica:134)
	at com.kms.katalon.core.main.ScriptEngine.run(ScriptEngine.java:194)
	at com.kms.katalon.core.main.ScriptEngine.runScriptAsRawText(ScriptEngine.java:119)
	at com.kms.katalon.core.main.TestCaseExecutor.runScript(TestCaseExecutor.java:445)
	at com.kms.katalon.core.main.TestCaseExecutor.doExecute(TestCaseExecutor.java:436)
	at com.kms.katalon.core.main.TestCaseExecutor.processExecutionPhase(TestCaseExecutor.java:415)
	at com.kms.katalon.core.main.TestCaseExecutor.accessMainPhase(TestCaseExecutor.java:407)
	at com.kms.katalon.core.main.TestCaseExecutor.execute(TestCaseExecutor.java:284)
	at com.kms.katalon.core.common.CommonExecutor.accessTestCaseMainPhase(CommonExecutor.java:65)
	at com.kms.katalon.core.main.TestSuiteExecutor.accessTestSuiteMainPhase(TestSuiteExecutor.java:144)
	at com.kms.katalon.core.main.TestSuiteExecutor.execute(TestSuiteExecutor.java:106)
	at com.kms.katalon.core.main.TestCaseMain.startTestSuite(TestCaseMain.java:185)
	at com.kms.katalon.core.main.TestCaseMain$startTestSuite$0.call(Unknown Source)
	at TempTestSuite1654867643956.run(TempTestSuite1654867643956.groovy:36)]]></system-err>
      </testcase>
      <testcase name="Test Cases/1.1-Tareas Principales/1.5.7 Descargar Nomina Electronica" time="94.818" classname="Test Cases/1.1-Tareas Principales/1.5.7 Descargar Nomina Electronica" status="FAILED">
         <failure type="FAILED" message="Test Cases/1.1-Tareas Principales/1.5.7 Descargar Nomina Electronica FAILED.
Reason:
com.kms.katalon.core.exception.StepFailedException: Unable to click on object 'Object Repository/1-OBJECTS TAREAS PRINCIPALES/Modulo Tarea Compensacion/Descargar Nomina Electronica/Page_SARA/span_Mendoza 2727 Empleado'
	at com.kms.katalon.core.webui.keyword.internal.WebUIKeywordMain.stepFailed(WebUIKeywordMain.groovy:64)
	at com.kms.katalon.core.webui.keyword.internal.WebUIKeywordMain.runKeyword(WebUIKeywordMain.groovy:26)
	at com.kms.katalon.core.webui.keyword.builtin.ClickKeyword.click(ClickKeyword.groovy:74)
	at com.kms.katalon.core.webui.keyword.builtin.ClickKeyword.execute(ClickKeyword.groovy:40)
	at com.kms.katalon.core.keyword.internal.KeywordExecutor.executeKeywordForPlatform(KeywordExecutor.groovy:74)
	at com.kms.katalon.core.webui.keyword.WebUiBuiltInKeywords.click(WebUiBuiltInKeywords.groovy:620)
	at com.kms.katalon.core.webui.keyword.WebUiBuiltInKeywords$click$5.call(Unknown Source)
	at 1.5.7 Descargar Nomina Electronica.run(1.5.7 Descargar Nomina Electronica:80)
	at com.kms.katalon.core.main.ScriptEngine.run(ScriptEngine.java:194)
	at com.kms.katalon.core.main.ScriptEngine.runScriptAsRawText(ScriptEngine.java:119)
	at com.kms.katalon.core.main.TestCaseExecutor.runScript(TestCaseExecutor.java:445)
	at com.kms.katalon.core.main.TestCaseExecutor.doExecute(TestCaseExecutor.java:436)
	at com.kms.katalon.core.main.TestCaseExecutor.processExecutionPhase(TestCaseExecutor.java:415)
	at com.kms.katalon.core.main.TestCaseExecutor.accessMainPhase(TestCaseExecutor.java:407)
	at com.kms.katalon.core.main.TestCaseExecutor.execute(TestCaseExecutor.java:284)
	at com.kms.katalon.core.common.CommonExecutor.accessTestCaseMainPhase(CommonExecutor.java:65)
	at com.kms.katalon.core.main.TestSuiteExecutor.accessTestSuiteMainPhase(TestSuiteExecutor.java:144)
	at com.kms.katalon.core.main.TestSuiteExecutor.execute(TestSuiteExecutor.java:106)
	at com.kms.katalon.core.main.TestCaseMain.startTestSuite(TestCaseMain.java:185)
	at com.kms.katalon.core.main.TestCaseMain$startTestSuite$0.call(Unknown Source)
	at TempTestSuite1654867643956.run(TempTestSuite1654867643956.groovy:36)
Caused by: com.kms.katalon.core.webui.exception.WebElementNotFoundException: Web element with id: 'Object Repository/1-OBJECTS TAREAS PRINCIPALES/Modulo Tarea Compensacion/Descargar Nomina Electronica/Page_SARA/span_Mendoza 2727 Empleado' located by '//*/text()[normalize-space(.)='Mendoza 2727 Empleado']/parent::*' not found
	at com.kms.katalon.core.webui.common.WebUiCommonHelper.findWebElement(WebUiCommonHelper.java:1370)
	at com.kms.katalon.core.webui.keyword.internal.WebUIAbstractKeyword.findWebElement(WebUIAbstractKeyword.groovy:27)
	at com.kms.katalon.core.webui.keyword.builtin.ClickKeyword$_click_closure1.doCall(ClickKeyword.groovy:65)
	at com.kms.katalon.core.webui.keyword.builtin.ClickKeyword$_click_closure1.call(ClickKeyword.groovy)
	at com.kms.katalon.core.webui.keyword.internal.WebUIKeywordMain.runKeyword(WebUIKeywordMain.groovy:20)
	... 19 more
"/>
         <system-out><![CDATA[2022-06-10 09:14:08 - [TEST_CASE][FAILED] - Test Cases/1.1-Tareas Principales/1.5.7 Descargar Nomina Electronica: Test Cases/1.1-Tareas Principales/1.5.7 Descargar Nomina Electronica FAILED.
Reason:
com.kms.katalon.core.exception.StepFailedException: Unable to click on object 'Object Repository/1-OBJECTS TAREAS PRINCIPALES/Modulo Tarea Compensacion/Descargar Nomina Electronica/Page_SARA/span_Mendoza 2727 Empleado'
	at com.kms.katalon.core.webui.keyword.internal.WebUIKeywordMain.stepFailed(WebUIKeywordMain.groovy:64)
	at com.kms.katalon.core.webui.keyword.internal.WebUIKeywordMain.runKeyword(WebUIKeywordMain.groovy:26)
	at com.kms.katalon.core.webui.keyword.builtin.ClickKeyword.click(ClickKeyword.groovy:74)
	at com.kms.katalon.core.webui.keyword.builtin.ClickKeyword.execute(ClickKeyword.groovy:40)
	at com.kms.katalon.core.keyword.internal.KeywordExecutor.executeKeywordForPlatform(KeywordExecutor.groovy:74)
	at com.kms.katalon.core.webui.keyword.WebUiBuiltInKeywords.click(WebUiBuiltInKeywords.groovy:620)
	at com.kms.katalon.core.webui.keyword.WebUiBuiltInKeywords$click$5.call(Unknown Source)
	at 1.5.7 Descargar Nomina Electronica.run(1.5.7 Descargar Nomina Electronica:80)
	at com.kms.katalon.core.main.ScriptEngine.run(ScriptEngine.java:194)
	at com.kms.katalon.core.main.ScriptEngine.runScriptAsRawText(ScriptEngine.java:119)
	at com.kms.katalon.core.main.TestCaseExecutor.runScript(TestCaseExecutor.java:445)
	at com.kms.katalon.core.main.TestCaseExecutor.doExecute(TestCaseExecutor.java:436)
	at com.kms.katalon.core.main.TestCaseExecutor.processExecutionPhase(TestCaseExecutor.java:415)
	at com.kms.katalon.core.main.TestCaseExecutor.accessMainPhase(TestCaseExecutor.java:407)
	at com.kms.katalon.core.main.TestCaseExecutor.execute(TestCaseExecutor.java:284)
	at com.kms.katalon.core.common.CommonExecutor.accessTestCaseMainPhase(CommonExecutor.java:65)
	at com.kms.katalon.core.main.TestSuiteExecutor.accessTestSuiteMainPhase(TestSuiteExecutor.java:144)
	at com.kms.katalon.core.main.TestSuiteExecutor.execute(TestSuiteExecutor.java:106)
	at com.kms.katalon.core.main.TestCaseMain.startTestSuite(TestCaseMain.java:185)
	at com.kms.katalon.core.main.TestCaseMain$startTestSuite$0.call(Unknown Source)
	at TempTestSuite1654867643956.run(TempTestSuite1654867643956.groovy:36)
Caused by: com.kms.katalon.core.webui.exception.WebElementNotFoundException: Web element with id: 'Object Repository/1-OBJECTS TAREAS PRINCIPALES/Modulo Tarea Compensacion/Descargar Nomina Electronica/Page_SARA/span_Mendoza 2727 Empleado' located by '//*/text()[normalize-space(.)='Mendoza 2727 Empleado']/parent::*' not found
	at com.kms.katalon.core.webui.common.WebUiCommonHelper.findWebElement(WebUiCommonHelper.java:1370)
	at com.kms.katalon.core.webui.keyword.internal.WebUIAbstractKeyword.findWebElement(WebUIAbstractKeyword.groovy:27)
	at com.kms.katalon.core.webui.keyword.builtin.ClickKeyword$_click_closure1.doCall(ClickKeyword.groovy:65)
	at com.kms.katalon.core.webui.keyword.builtin.ClickKeyword$_click_closure1.call(ClickKeyword.groovy)
	at com.kms.katalon.core.webui.keyword.internal.WebUIKeywordMain.runKeyword(WebUIKeywordMain.groovy:20)
	... 19 more


2022-06-10 09:14:08 - [TEST_STEP][PASSED] - callTestCase(findTestCase("0.1-Login"), [:], STOP_ON_FAILURE): Call Test Case 'Test Cases/0.1-Login' successfully

2022-06-10 09:14:08 - [TEST_CASE][PASSED] - Test Cases/0.1-Login: Test Cases/0.1-Login

2022-06-10 09:14:08 - [TEST_STEP][PASSED] - openBrowser(""): Browser is opened with url: ''

2022-06-10 09:14:08 - [MESSAGE][WARNING] - A browser is already opened. Closing browser and opening a new one

2022-06-10 09:14:09 - [MESSAGE][INFO] - Starting 'Chrome' driver

2022-06-10 09:14:09 - [MESSAGE][INFO] - Action delay is set to 0 milliseconds

2022-06-10 09:14:10 - [MESSAGE][PASSED] - Browser is opened with url: ''

2022-06-10 09:14:10 - [TEST_STEP][PASSED] - maximizeWindow(): Current window maximized

2022-06-10 09:14:10 - [MESSAGE][PASSED] - Current window maximized

2022-06-10 09:14:10 - [TEST_STEP][PASSED] - i = G_Login: null

2022-06-10 09:14:10 - [TEST_STEP][PASSED] - url = new java.net.URL(i): null

2022-06-10 09:14:10 - [TEST_STEP][PASSED] - println("URL: " + url.toString()): null

2022-06-10 09:14:10 - [TEST_STEP][PASSED] - connection = url.openConnection(): null

2022-06-10 09:14:10 - [TEST_STEP][PASSED] - connection.setRequestMethod("GET"): null

2022-06-10 09:14:10 - [TEST_STEP][PASSED] - connection.setReadTimeout(2 * 1000): null

2022-06-10 09:14:10 - [TEST_STEP][PASSED] - try: null

2022-06-10 09:14:10 - [TEST_STEP][PASSED] - connection.connect(): null

2022-06-10 09:14:10 - [TEST_STEP][PASSED] - flag = connected: null

2022-06-10 09:14:10 - [TEST_STEP][PASSED] - println("Valor_ori: " + flag): null

2022-06-10 09:14:10 - [TEST_STEP][PASSED] - if (flag): null

2022-06-10 09:14:10 - [TEST_STEP][PASSED] - navigateToUrl(i): Navigate to 'http://192.168.2.19:8380/saraweb' successfully

2022-06-10 09:14:11 - [MESSAGE][PASSED] - Navigate to 'http://192.168.2.19:8380/saraweb' successfully

2022-06-10 09:14:11 - [TEST_STEP][PASSED] - a(): null

2022-06-10 09:14:11 - [TEST_STEP][PASSED] - setText(findTestObject("3-OBJECTS UTILIDADES/Login/input_USUARIO_loginusuario"), G_Usuario): Text 'saraadmin' is set on object 'Object Repository/3-OBJECTS UTILIDADES/Login/input_USUARIO_loginusuario'

2022-06-10 09:14:11 - [MESSAGE][PASSED] - Text 'saraadmin' is set on object 'Object Repository/3-OBJECTS UTILIDADES/Login/input_USUARIO_loginusuario'

2022-06-10 09:14:11 - [TEST_STEP][PASSED] - setEncryptedText(findTestObject("3-OBJECTS UTILIDADES/Login/input_CLAVE_loginpassword"), "MkG4/TYiCFC3cb2driP7+Q=="): Text ****** has been set on object 'Object Repository/3-OBJECTS UTILIDADES/Login/input_CLAVE_loginpassword'

2022-06-10 09:14:12 - [MESSAGE][PASSED] - Text ****** has been set on object 'Object Repository/3-OBJECTS UTILIDADES/Login/input_CLAVE_loginpassword'

2022-06-10 09:14:12 - [TEST_STEP][PASSED] - waitForElementClickable(findTestObject("3-OBJECTS UTILIDADES/Login/a_Ingresar"), G_TimeOut): Object 'Object Repository/3-OBJECTS UTILIDADES/Login/a_Ingresar' is clickable

2022-06-10 09:14:12 - [MESSAGE][PASSED] - Object 'Object Repository/3-OBJECTS UTILIDADES/Login/a_Ingresar' is clickable

2022-06-10 09:14:12 - [TEST_STEP][PASSED] - click(findTestObject("3-OBJECTS UTILIDADES/Login/a_Ingresar")): Object: 'Object Repository/3-OBJECTS UTILIDADES/Login/a_Ingresar' is clicked on

2022-06-10 09:14:13 - [MESSAGE][PASSED] - Object: 'Object Repository/3-OBJECTS UTILIDADES/Login/a_Ingresar' is clicked on

2022-06-10 09:14:13 - [TEST_STEP][PASSED] - element = findWebElement(findTestObject("3-OBJECTS UTILIDADES/Login/a_Ir"), 30): null

2022-06-10 09:14:13 - [TEST_STEP][PASSED] - executeJavaScript("arguments[0].click()", Arrays.asList(element)): Execute JavaScript 'arguments[0].click()' successfully

2022-06-10 09:14:13 - [MESSAGE][PASSED] - Execute JavaScript 'arguments[0].click()' successfully

2022-06-10 09:14:13 - [MESSAGE][PASSED] - Call Test Case 'Test Cases/0.1-Login' successfully

2022-06-10 09:14:13 - [TEST_STEP][PASSED] - waitForElementClickable(findTestObject("1-OBJECTS TAREAS PRINCIPALES/Modulo Tarea Compensacion/Descargar Nomina Electronica/Page_SARA/input_Nomina Electronica_form_templatej_idt24_input"), 0): Object 'Object Repository/1-OBJECTS TAREAS PRINCIPALES/Modulo Tarea Compensacion/Descargar Nomina Electronica/Page_SARA/input_Nomina Electronica_form_templatej_idt24_input' is clickable

2022-06-10 09:14:14 - [MESSAGE][WARNING] - Timeout '0' is invalid. Using default page load timeout: '37'

2022-06-10 09:14:14 - [MESSAGE][PASSED] - Object 'Object Repository/1-OBJECTS TAREAS PRINCIPALES/Modulo Tarea Compensacion/Descargar Nomina Electronica/Page_SARA/input_Nomina Electronica_form_templatej_idt24_input' is clickable

2022-06-10 09:14:14 - [TEST_STEP][PASSED] - setText(findTestObject("1-OBJECTS TAREAS PRINCIPALES/Modulo Tarea Compensacion/Descargar Nomina Electronica/Page_SARA/input_Nomina Electronica_form_templatej_idt24_input"), "Nomina Electronica"): Text 'Nomina Electronica' is set on object 'Object Repository/1-OBJECTS TAREAS PRINCIPALES/Modulo Tarea Compensacion/Descargar Nomina Electronica/Page_SARA/input_Nomina Electronica_form_templatej_idt24_input'

2022-06-10 09:14:15 - [MESSAGE][PASSED] - Text 'Nomina Electronica' is set on object 'Object Repository/1-OBJECTS TAREAS PRINCIPALES/Modulo Tarea Compensacion/Descargar Nomina Electronica/Page_SARA/input_Nomina Electronica_form_templatej_idt24_input'

2022-06-10 09:14:15 - [TEST_STEP][PASSED] - waitForElementClickable(findTestObject("1-OBJECTS TAREAS PRINCIPALES/Modulo Tarea Compensacion/Descargar Nomina Electronica/Page_SARA/span_Nomina Electronica"), 0): Object 'Object Repository/1-OBJECTS TAREAS PRINCIPALES/Modulo Tarea Compensacion/Descargar Nomina Electronica/Page_SARA/span_Nomina Electronica' is clickable

2022-06-10 09:14:15 - [MESSAGE][WARNING] - Timeout '0' is invalid. Using default page load timeout: '37'

2022-06-10 09:14:16 - [MESSAGE][PASSED] - Object 'Object Repository/1-OBJECTS TAREAS PRINCIPALES/Modulo Tarea Compensacion/Descargar Nomina Electronica/Page_SARA/span_Nomina Electronica' is clickable

2022-06-10 09:14:16 - [TEST_STEP][PASSED] - sendKeys(findTestObject("1-OBJECTS TAREAS PRINCIPALES/Modulo Tarea Compensacion/Descargar Nomina Electronica/Page_SARA/input_Nomina Electronica_form_templatej_idt24_input"), Keys.chord(ENTER)): Keys 'ENTER + ' sent to object: 'Object Repository/1-OBJECTS TAREAS PRINCIPALES/Modulo Tarea Compensacion/Descargar Nomina Electronica/Page_SARA/input_Nomina Electronica_form_templatej_idt24_input'

2022-06-10 09:14:17 - [MESSAGE][PASSED] - Keys 'ENTER + ' sent to object: 'Object Repository/1-OBJECTS TAREAS PRINCIPALES/Modulo Tarea Compensacion/Descargar Nomina Electronica/Page_SARA/input_Nomina Electronica_form_templatej_idt24_input'

2022-06-10 09:14:17 - [TEST_STEP][PASSED] - setText(findTestObject("1-OBJECTS TAREAS PRINCIPALES/Modulo Tarea Compensacion/Descargar Nomina Electronica/input_Fecha Corte_listado_nominaelectronicaj_idt72"), "2021"): Text '2021' is set on object 'Object Repository/1-OBJECTS TAREAS PRINCIPALES/Modulo Tarea Compensacion/Descargar Nomina Electronica/input_Fecha Corte_listado_nominaelectronicaj_idt72'

2022-06-10 09:14:18 - [MESSAGE][PASSED] - Text '2021' is set on object 'Object Repository/1-OBJECTS TAREAS PRINCIPALES/Modulo Tarea Compensacion/Descargar Nomina Electronica/input_Fecha Corte_listado_nominaelectronicaj_idt72'

2022-06-10 09:14:18 - [TEST_STEP][PASSED] - sendKeys(findTestObject("1-OBJECTS TAREAS PRINCIPALES/Modulo Tarea Compensacion/Descargar Nomina Electronica/input_Fecha Corte_listado_nominaelectronicaj_idt72"), Keys.chord(ENTER)): Keys 'ENTER + ' sent to object: 'Object Repository/1-OBJECTS TAREAS PRINCIPALES/Modulo Tarea Compensacion/Descargar Nomina Electronica/input_Fecha Corte_listado_nominaelectronicaj_idt72'

2022-06-10 09:14:19 - [MESSAGE][PASSED] - Keys 'ENTER + ' sent to object: 'Object Repository/1-OBJECTS TAREAS PRINCIPALES/Modulo Tarea Compensacion/Descargar Nomina Electronica/input_Fecha Corte_listado_nominaelectronicaj_idt72'

2022-06-10 09:14:19 - [TEST_STEP][PASSED] - click(findTestObject("1-OBJECTS TAREAS PRINCIPALES/Modulo Tarea Compensacion/Descargar Nomina Electronica/td_Con inconsistencia")): Object: 'Object Repository/1-OBJECTS TAREAS PRINCIPALES/Modulo Tarea Compensacion/Descargar Nomina Electronica/td_Con inconsistencia' is clicked on

2022-06-10 09:14:20 - [MESSAGE][PASSED] - Object: 'Object Repository/1-OBJECTS TAREAS PRINCIPALES/Modulo Tarea Compensacion/Descargar Nomina Electronica/td_Con inconsistencia' is clicked on

2022-06-10 09:14:20 - [TEST_STEP][PASSED] - setText(findTestObject("1-OBJECTS TAREAS PRINCIPALES/Modulo Tarea Compensacion/Descargar Nomina Electronica/input_Operador_j_idt96j_idt127"), "MENDOZA 2727"): Text 'MENDOZA 2727' is set on object 'Object Repository/1-OBJECTS TAREAS PRINCIPALES/Modulo Tarea Compensacion/Descargar Nomina Electronica/input_Operador_j_idt96j_idt127'

2022-06-10 09:14:21 - [MESSAGE][PASSED] - Text 'MENDOZA 2727' is set on object 'Object Repository/1-OBJECTS TAREAS PRINCIPALES/Modulo Tarea Compensacion/Descargar Nomina Electronica/input_Operador_j_idt96j_idt127'

2022-06-10 09:14:21 - [TEST_STEP][PASSED] - sendKeys(findTestObject("1-OBJECTS TAREAS PRINCIPALES/Modulo Tarea Compensacion/Descargar Nomina Electronica/input_Operador_j_idt96j_idt127"), Keys.chord(ENTER)): Keys 'ENTER + ' sent to object: 'Object Repository/1-OBJECTS TAREAS PRINCIPALES/Modulo Tarea Compensacion/Descargar Nomina Electronica/input_Operador_j_idt96j_idt127'

2022-06-10 09:14:21 - [MESSAGE][PASSED] - Keys 'ENTER + ' sent to object: 'Object Repository/1-OBJECTS TAREAS PRINCIPALES/Modulo Tarea Compensacion/Descargar Nomina Electronica/input_Operador_j_idt96j_idt127'

2022-06-10 09:14:21 - [TEST_STEP][PASSED] - if (waitForElementClickable(findTestObject("1-OBJECTS TAREAS PRINCIPALES/Modulo Tarea Compensacion/Descargar Nomina Electronica/Page_SARA/span_Mendoza 2727 Empleado"), 1)): Web element with id: 'Object Repository/1-OBJECTS TAREAS PRINCIPALES/Modulo Tarea Compensacion/Descargar Nomina Electronica/Page_SARA/span_Mendoza 2727 Empleado' located by '//*/text()[normalize-space(.)='Mendoza 2727 Empleado']/parent::*' not found

2022-06-10 09:14:23 - [MESSAGE][INFO] - Unable to find the element located by 'By.xpath: //*/text()[normalize-space(.)='Mendoza 2727 Empleado']/parent::*'. Please recheck the objects properties to make sure the desired element is located. 

2022-06-10 09:14:23 - [MESSAGE][WARNING] - Web element with id: 'Object Repository/1-OBJECTS TAREAS PRINCIPALES/Modulo Tarea Compensacion/Descargar Nomina Electronica/Page_SARA/span_Mendoza 2727 Empleado' located by '//*/text()[normalize-space(.)='Mendoza 2727 Empleado']/parent::*' not found

2022-06-10 09:14:23 - [TEST_STEP][FAILED] - else: Unable to click on object 'Object Repository/1-OBJECTS TAREAS PRINCIPALES/Modulo Tarea Compensacion/Descargar Nomina Electronica/Page_SARA/span_Mendoza 2727 Empleado' (Root cause: com.kms.katalon.core.exception.StepFailedException: Unable to click on object 'Object Repository/1-OBJECTS TAREAS PRINCIPALES/Modulo Tarea Compensacion/Descargar Nomina Electronica/Page_SARA/span_Mendoza 2727 Empleado'
	at com.kms.katalon.core.webui.keyword.internal.WebUIKeywordMain.stepFailed(WebUIKeywordMain.groovy:64)
	at com.kms.katalon.core.webui.keyword.internal.WebUIKeywordMain.runKeyword(WebUIKeywordMain.groovy:26)
	at com.kms.katalon.core.webui.keyword.builtin.ClickKeyword.click(ClickKeyword.groovy:74)
	at com.kms.katalon.core.webui.keyword.builtin.ClickKeyword.execute(ClickKeyword.groovy:40)
	at com.kms.katalon.core.keyword.internal.KeywordExecutor.executeKeywordForPlatform(KeywordExecutor.groovy:74)
	at com.kms.katalon.core.webui.keyword.WebUiBuiltInKeywords.click(WebUiBuiltInKeywords.groovy:620)
	at com.kms.katalon.core.webui.keyword.WebUiBuiltInKeywords$click$5.call(Unknown Source)
	at 1.5.7 Descargar Nomina Electronica.run(1.5.7 Descargar Nomina Electronica:80)
	at com.kms.katalon.core.main.ScriptEngine.run(ScriptEngine.java:194)
	at com.kms.katalon.core.main.ScriptEngine.runScriptAsRawText(ScriptEngine.java:119)
	at com.kms.katalon.core.main.TestCaseExecutor.runScript(TestCaseExecutor.java:445)
	at com.kms.katalon.core.main.TestCaseExecutor.doExecute(TestCaseExecutor.java:436)
	at com.kms.katalon.core.main.TestCaseExecutor.processExecutionPhase(TestCaseExecutor.java:415)
	at com.kms.katalon.core.main.TestCaseExecutor.accessMainPhase(TestCaseExecutor.java:407)
	at com.kms.katalon.core.main.TestCaseExecutor.execute(TestCaseExecutor.java:284)
	at com.kms.katalon.core.common.CommonExecutor.accessTestCaseMainPhase(CommonExecutor.java:65)
	at com.kms.katalon.core.main.TestSuiteExecutor.accessTestSuiteMainPhase(TestSuiteExecutor.java:144)
	at com.kms.katalon.core.main.TestSuiteExecutor.execute(TestSuiteExecutor.java:106)
	at com.kms.katalon.core.main.TestCaseMain.startTestSuite(TestCaseMain.java:185)
	at com.kms.katalon.core.main.TestCaseMain$startTestSuite$0.call(Unknown Source)
	at TempTestSuite1654867643956.run(TempTestSuite1654867643956.groovy:36)
Caused by: com.kms.katalon.core.webui.exception.WebElementNotFoundException: Web element with id: 'Object Repository/1-OBJECTS TAREAS PRINCIPALES/Modulo Tarea Compensacion/Descargar Nomina Electronica/Page_SARA/span_Mendoza 2727 Empleado' located by '//*/text()[normalize-space(.)='Mendoza 2727 Empleado']/parent::*' not found
	at com.kms.katalon.core.webui.common.WebUiCommonHelper.findWebElement(WebUiCommonHelper.java:1370)
	at com.kms.katalon.core.webui.keyword.internal.WebUIAbstractKeyword.findWebElement(WebUIAbstractKeyword.groovy:27)
	at com.kms.katalon.core.webui.keyword.builtin.ClickKeyword$_click_closure1.doCall(ClickKeyword.groovy:65)
	at com.kms.katalon.core.webui.keyword.builtin.ClickKeyword$_click_closure1.call(ClickKeyword.groovy)
	at com.kms.katalon.core.webui.keyword.internal.WebUIKeywordMain.runKeyword(WebUIKeywordMain.groovy:20)
	at com.kms.katalon.core.webui.keyword.builtin.ClickKeyword.click(ClickKeyword.groovy:74)
	at com.kms.katalon.core.webui.keyword.builtin.ClickKeyword.execute(ClickKeyword.groovy:40)
	at com.kms.katalon.core.keyword.internal.KeywordExecutor.executeKeywordForPlatform(KeywordExecutor.groovy:74)
	at com.kms.katalon.core.webui.keyword.WebUiBuiltInKeywords.click(WebUiBuiltInKeywords.groovy:620)
	at com.kms.katalon.core.webui.keyword.WebUiBuiltInKeywords$click$5.call(Unknown Source)
	at Script1629476479859.run(Script1629476479859.groovy:80)
	... 13 more
)

2022-06-10 09:14:23 - [TEST_STEP][PASSED] - click(findTestObject("1-OBJECTS TAREAS PRINCIPALES/Modulo Tarea Compensacion/Descargar Nomina Electronica/a_Generar_principal")): Object: 'Object Repository/1-OBJECTS TAREAS PRINCIPALES/Modulo Tarea Compensacion/Descargar Nomina Electronica/a_Generar_principal' is clicked on

2022-06-10 09:14:24 - [MESSAGE][PASSED] - Object: 'Object Repository/1-OBJECTS TAREAS PRINCIPALES/Modulo Tarea Compensacion/Descargar Nomina Electronica/a_Generar_principal' is clicked on

2022-06-10 09:14:24 - [TEST_STEP][PASSED] - click(findTestObject("1-OBJECTS TAREAS PRINCIPALES/Modulo Tarea Compensacion/Descargar Nomina Electronica/a_Generar_secundario")): Object: 'Object Repository/1-OBJECTS TAREAS PRINCIPALES/Modulo Tarea Compensacion/Descargar Nomina Electronica/a_Generar_secundario' is clicked on

2022-06-10 09:14:24 - [MESSAGE][PASSED] - Object: 'Object Repository/1-OBJECTS TAREAS PRINCIPALES/Modulo Tarea Compensacion/Descargar Nomina Electronica/a_Generar_secundario' is clicked on

2022-06-10 09:14:24 - [TEST_STEP][PASSED] - setText(findTestObject("1-OBJECTS TAREAS PRINCIPALES/Modulo Tarea Compensacion/Descargar Nomina Electronica/input_Estado_j_idt90j_idt119"), "2386173"): Text '2386173' is set on object 'Object Repository/1-OBJECTS TAREAS PRINCIPALES/Modulo Tarea Compensacion/Descargar Nomina Electronica/input_Estado_j_idt90j_idt119'

2022-06-10 09:14:25 - [MESSAGE][PASSED] - Text '2386173' is set on object 'Object Repository/1-OBJECTS TAREAS PRINCIPALES/Modulo Tarea Compensacion/Descargar Nomina Electronica/input_Estado_j_idt90j_idt119'

2022-06-10 09:14:25 - [TEST_STEP][PASSED] - sendKeys(findTestObject("1-OBJECTS TAREAS PRINCIPALES/Modulo Tarea Compensacion/Descargar Nomina Electronica/input_Estado_j_idt90j_idt119"), Keys.chord(ENTER)): Keys 'ENTER + ' sent to object: 'Object Repository/1-OBJECTS TAREAS PRINCIPALES/Modulo Tarea Compensacion/Descargar Nomina Electronica/input_Estado_j_idt90j_idt119'

2022-06-10 09:14:26 - [MESSAGE][PASSED] - Keys 'ENTER + ' sent to object: 'Object Repository/1-OBJECTS TAREAS PRINCIPALES/Modulo Tarea Compensacion/Descargar Nomina Electronica/input_Estado_j_idt90j_idt119'

2022-06-10 09:14:26 - [TEST_STEP][PASSED] - waitForElementClickable(findTestObject("1-OBJECTS TAREAS PRINCIPALES/Modulo Tarea Compensacion/Descargar Nomina Electronica/Page_SARA/span_Mendoza 2727 Empleado"), 0): Web element with id: 'Object Repository/1-OBJECTS TAREAS PRINCIPALES/Modulo Tarea Compensacion/Descargar Nomina Electronica/Page_SARA/span_Mendoza 2727 Empleado' located by '//*/text()[normalize-space(.)='Mendoza 2727 Empleado']/parent::*' not found

2022-06-10 09:14:26 - [MESSAGE][WARNING] - Timeout '0' is invalid. Using default page load timeout: '37'

2022-06-10 09:15:04 - [MESSAGE][INFO] - Unable to find the element located by 'By.xpath: //*/text()[normalize-space(.)='Mendoza 2727 Empleado']/parent::*'. Please recheck the objects properties to make sure the desired element is located. 

2022-06-10 09:15:04 - [MESSAGE][WARNING] - Web element with id: 'Object Repository/1-OBJECTS TAREAS PRINCIPALES/Modulo Tarea Compensacion/Descargar Nomina Electronica/Page_SARA/span_Mendoza 2727 Empleado' located by '//*/text()[normalize-space(.)='Mendoza 2727 Empleado']/parent::*' not found

2022-06-10 09:15:04 - [TEST_STEP][FAILED] - click(findTestObject("1-OBJECTS TAREAS PRINCIPALES/Modulo Tarea Compensacion/Descargar Nomina Electronica/Page_SARA/span_Mendoza 2727 Empleado")): Unable to click on object 'Object Repository/1-OBJECTS TAREAS PRINCIPALES/Modulo Tarea Compensacion/Descargar Nomina Electronica/Page_SARA/span_Mendoza 2727 Empleado' (Root cause: com.kms.katalon.core.exception.StepFailedException: Unable to click on object 'Object Repository/1-OBJECTS TAREAS PRINCIPALES/Modulo Tarea Compensacion/Descargar Nomina Electronica/Page_SARA/span_Mendoza 2727 Empleado'
	at com.kms.katalon.core.webui.keyword.internal.WebUIKeywordMain.stepFailed(WebUIKeywordMain.groovy:64)
	at com.kms.katalon.core.webui.keyword.internal.WebUIKeywordMain.runKeyword(WebUIKeywordMain.groovy:26)
	at com.kms.katalon.core.webui.keyword.builtin.ClickKeyword.click(ClickKeyword.groovy:74)
	at com.kms.katalon.core.webui.keyword.builtin.ClickKeyword.execute(ClickKeyword.groovy:40)
	at com.kms.katalon.core.keyword.internal.KeywordExecutor.executeKeywordForPlatform(KeywordExecutor.groovy:74)
	at com.kms.katalon.core.webui.keyword.WebUiBuiltInKeywords.click(WebUiBuiltInKeywords.groovy:620)
	at com.kms.katalon.core.webui.keyword.WebUiBuiltInKeywords$click$5.call(Unknown Source)
	at 1.5.7 Descargar Nomina Electronica.run(1.5.7 Descargar Nomina Electronica:80)
	at com.kms.katalon.core.main.ScriptEngine.run(ScriptEngine.java:194)
	at com.kms.katalon.core.main.ScriptEngine.runScriptAsRawText(ScriptEngine.java:119)
	at com.kms.katalon.core.main.TestCaseExecutor.runScript(TestCaseExecutor.java:445)
	at com.kms.katalon.core.main.TestCaseExecutor.doExecute(TestCaseExecutor.java:436)
	at com.kms.katalon.core.main.TestCaseExecutor.processExecutionPhase(TestCaseExecutor.java:415)
	at com.kms.katalon.core.main.TestCaseExecutor.accessMainPhase(TestCaseExecutor.java:407)
	at com.kms.katalon.core.main.TestCaseExecutor.execute(TestCaseExecutor.java:284)
	at com.kms.katalon.core.common.CommonExecutor.accessTestCaseMainPhase(CommonExecutor.java:65)
	at com.kms.katalon.core.main.TestSuiteExecutor.accessTestSuiteMainPhase(TestSuiteExecutor.java:144)
	at com.kms.katalon.core.main.TestSuiteExecutor.execute(TestSuiteExecutor.java:106)
	at com.kms.katalon.core.main.TestCaseMain.startTestSuite(TestCaseMain.java:185)
	at com.kms.katalon.core.main.TestCaseMain$startTestSuite$0.call(Unknown Source)
	at TempTestSuite1654867643956.run(TempTestSuite1654867643956.groovy:36)
Caused by: com.kms.katalon.core.webui.exception.WebElementNotFoundException: Web element with id: 'Object Repository/1-OBJECTS TAREAS PRINCIPALES/Modulo Tarea Compensacion/Descargar Nomina Electronica/Page_SARA/span_Mendoza 2727 Empleado' located by '//*/text()[normalize-space(.)='Mendoza 2727 Empleado']/parent::*' not found
	at com.kms.katalon.core.webui.common.WebUiCommonHelper.findWebElement(WebUiCommonHelper.java:1370)
	at com.kms.katalon.core.webui.keyword.internal.WebUIAbstractKeyword.findWebElement(WebUIAbstractKeyword.groovy:27)
	at com.kms.katalon.core.webui.keyword.builtin.ClickKeyword$_click_closure1.doCall(ClickKeyword.groovy:65)
	at com.kms.katalon.core.webui.keyword.builtin.ClickKeyword$_click_closure1.call(ClickKeyword.groovy)
	at com.kms.katalon.core.webui.keyword.internal.WebUIKeywordMain.runKeyword(WebUIKeywordMain.groovy:20)
	at com.kms.katalon.core.webui.keyword.builtin.ClickKeyword.click(ClickKeyword.groovy:74)
	at com.kms.katalon.core.webui.keyword.builtin.ClickKeyword.execute(ClickKeyword.groovy:40)
	at com.kms.katalon.core.keyword.internal.KeywordExecutor.executeKeywordForPlatform(KeywordExecutor.groovy:74)
	at com.kms.katalon.core.webui.keyword.WebUiBuiltInKeywords.click(WebUiBuiltInKeywords.groovy:620)
	at com.kms.katalon.core.webui.keyword.WebUiBuiltInKeywords$click$5.call(Unknown Source)
	at Script1629476479859.run(Script1629476479859.groovy:80)
	... 13 more
)

2022-06-10 09:15:42 - [MESSAGE][INFO] - Unable to find the element located by 'By.xpath: //*/text()[normalize-space(.)='Mendoza 2727 Empleado']/parent::*'. Please recheck the objects properties to make sure the desired element is located. 

2022-06-10 09:15:42 - [MESSAGE][FAILED] - Unable to click on object 'Object Repository/1-OBJECTS TAREAS PRINCIPALES/Modulo Tarea Compensacion/Descargar Nomina Electronica/Page_SARA/span_Mendoza 2727 Empleado' (Root cause: com.kms.katalon.core.exception.StepFailedException: Unable to click on object 'Object Repository/1-OBJECTS TAREAS PRINCIPALES/Modulo Tarea Compensacion/Descargar Nomina Electronica/Page_SARA/span_Mendoza 2727 Empleado'
	at com.kms.katalon.core.webui.keyword.internal.WebUIKeywordMain.stepFailed(WebUIKeywordMain.groovy:64)
	at com.kms.katalon.core.webui.keyword.internal.WebUIKeywordMain.runKeyword(WebUIKeywordMain.groovy:26)
	at com.kms.katalon.core.webui.keyword.builtin.ClickKeyword.click(ClickKeyword.groovy:74)
	at com.kms.katalon.core.webui.keyword.builtin.ClickKeyword.execute(ClickKeyword.groovy:40)
	at com.kms.katalon.core.keyword.internal.KeywordExecutor.executeKeywordForPlatform(KeywordExecutor.groovy:74)
	at com.kms.katalon.core.webui.keyword.WebUiBuiltInKeywords.click(WebUiBuiltInKeywords.groovy:620)
	at com.kms.katalon.core.webui.keyword.WebUiBuiltInKeywords$click$5.call(Unknown Source)
	at 1.5.7 Descargar Nomina Electronica.run(1.5.7 Descargar Nomina Electronica:80)
	at com.kms.katalon.core.main.ScriptEngine.run(ScriptEngine.java:194)
	at com.kms.katalon.core.main.ScriptEngine.runScriptAsRawText(ScriptEngine.java:119)
	at com.kms.katalon.core.main.TestCaseExecutor.runScript(TestCaseExecutor.java:445)
	at com.kms.katalon.core.main.TestCaseExecutor.doExecute(TestCaseExecutor.java:436)
	at com.kms.katalon.core.main.TestCaseExecutor.processExecutionPhase(TestCaseExecutor.java:415)
	at com.kms.katalon.core.main.TestCaseExecutor.accessMainPhase(TestCaseExecutor.java:407)
	at com.kms.katalon.core.main.TestCaseExecutor.execute(TestCaseExecutor.java:284)
	at com.kms.katalon.core.common.CommonExecutor.accessTestCaseMainPhase(CommonExecutor.java:65)
	at com.kms.katalon.core.main.TestSuiteExecutor.accessTestSuiteMainPhase(TestSuiteExecutor.java:144)
	at com.kms.katalon.core.main.TestSuiteExecutor.execute(TestSuiteExecutor.java:106)
	at com.kms.katalon.core.main.TestCaseMain.startTestSuite(TestCaseMain.java:185)
	at com.kms.katalon.core.main.TestCaseMain$startTestSuite$0.call(Unknown Source)
	at TempTestSuite1654867643956.run(TempTestSuite1654867643956.groovy:36)
Caused by: com.kms.katalon.core.webui.exception.WebElementNotFoundException: Web element with id: 'Object Repository/1-OBJECTS TAREAS PRINCIPALES/Modulo Tarea Compensacion/Descargar Nomina Electronica/Page_SARA/span_Mendoza 2727 Empleado' located by '//*/text()[normalize-space(.)='Mendoza 2727 Empleado']/parent::*' not found
	at com.kms.katalon.core.webui.common.WebUiCommonHelper.findWebElement(WebUiCommonHelper.java:1370)
	at com.kms.katalon.core.webui.keyword.internal.WebUIAbstractKeyword.findWebElement(WebUIAbstractKeyword.groovy:27)
	at com.kms.katalon.core.webui.keyword.builtin.ClickKeyword$_click_closure1.doCall(ClickKeyword.groovy:65)
	at com.kms.katalon.core.webui.keyword.builtin.ClickKeyword$_click_closure1.call(ClickKeyword.groovy)
	at com.kms.katalon.core.webui.keyword.internal.WebUIKeywordMain.runKeyword(WebUIKeywordMain.groovy:20)
	at com.kms.katalon.core.webui.keyword.builtin.ClickKeyword.click(ClickKeyword.groovy:74)
	at com.kms.katalon.core.webui.keyword.builtin.ClickKeyword.execute(ClickKeyword.groovy:40)
	at com.kms.katalon.core.keyword.internal.KeywordExecutor.executeKeywordForPlatform(KeywordExecutor.groovy:74)
	at com.kms.katalon.core.webui.keyword.WebUiBuiltInKeywords.click(WebUiBuiltInKeywords.groovy:620)
	at com.kms.katalon.core.webui.keyword.WebUiBuiltInKeywords$click$5.call(Unknown Source)
	at Script1629476479859.run(Script1629476479859.groovy:80)
	... 13 more
)
[[ATTACHMENT|C:\\Users\\diego.rojas\\git\\Pruebas-Minimas\\Reports\\20220610_082723\\Test_Suite_Principales\\1-Tareas Principales\\20220610_082723\\1654870542848.png]]]]></system-out>
         <system-err><![CDATA[2022-06-10 09:14:08 - [TEST_CASE][FAILED] - Test Cases/1.1-Tareas Principales/1.5.7 Descargar Nomina Electronica: Test Cases/1.1-Tareas Principales/1.5.7 Descargar Nomina Electronica FAILED.
Reason:
com.kms.katalon.core.exception.StepFailedException: Unable to click on object 'Object Repository/1-OBJECTS TAREAS PRINCIPALES/Modulo Tarea Compensacion/Descargar Nomina Electronica/Page_SARA/span_Mendoza 2727 Empleado'
	at com.kms.katalon.core.webui.keyword.internal.WebUIKeywordMain.stepFailed(WebUIKeywordMain.groovy:64)
	at com.kms.katalon.core.webui.keyword.internal.WebUIKeywordMain.runKeyword(WebUIKeywordMain.groovy:26)
	at com.kms.katalon.core.webui.keyword.builtin.ClickKeyword.click(ClickKeyword.groovy:74)
	at com.kms.katalon.core.webui.keyword.builtin.ClickKeyword.execute(ClickKeyword.groovy:40)
	at com.kms.katalon.core.keyword.internal.KeywordExecutor.executeKeywordForPlatform(KeywordExecutor.groovy:74)
	at com.kms.katalon.core.webui.keyword.WebUiBuiltInKeywords.click(WebUiBuiltInKeywords.groovy:620)
	at com.kms.katalon.core.webui.keyword.WebUiBuiltInKeywords$click$5.call(Unknown Source)
	at 1.5.7 Descargar Nomina Electronica.run(1.5.7 Descargar Nomina Electronica:80)
	at com.kms.katalon.core.main.ScriptEngine.run(ScriptEngine.java:194)
	at com.kms.katalon.core.main.ScriptEngine.runScriptAsRawText(ScriptEngine.java:119)
	at com.kms.katalon.core.main.TestCaseExecutor.runScript(TestCaseExecutor.java:445)
	at com.kms.katalon.core.main.TestCaseExecutor.doExecute(TestCaseExecutor.java:436)
	at com.kms.katalon.core.main.TestCaseExecutor.processExecutionPhase(TestCaseExecutor.java:415)
	at com.kms.katalon.core.main.TestCaseExecutor.accessMainPhase(TestCaseExecutor.java:407)
	at com.kms.katalon.core.main.TestCaseExecutor.execute(TestCaseExecutor.java:284)
	at com.kms.katalon.core.common.CommonExecutor.accessTestCaseMainPhase(CommonExecutor.java:65)
	at com.kms.katalon.core.main.TestSuiteExecutor.accessTestSuiteMainPhase(TestSuiteExecutor.java:144)
	at com.kms.katalon.core.main.TestSuiteExecutor.execute(TestSuiteExecutor.java:106)
	at com.kms.katalon.core.main.TestCaseMain.startTestSuite(TestCaseMain.java:185)
	at com.kms.katalon.core.main.TestCaseMain$startTestSuite$0.call(Unknown Source)
	at TempTestSuite1654867643956.run(TempTestSuite1654867643956.groovy:36)
Caused by: com.kms.katalon.core.webui.exception.WebElementNotFoundException: Web element with id: 'Object Repository/1-OBJECTS TAREAS PRINCIPALES/Modulo Tarea Compensacion/Descargar Nomina Electronica/Page_SARA/span_Mendoza 2727 Empleado' located by '//*/text()[normalize-space(.)='Mendoza 2727 Empleado']/parent::*' not found
	at com.kms.katalon.core.webui.common.WebUiCommonHelper.findWebElement(WebUiCommonHelper.java:1370)
	at com.kms.katalon.core.webui.keyword.internal.WebUIAbstractKeyword.findWebElement(WebUIAbstractKeyword.groovy:27)
	at com.kms.katalon.core.webui.keyword.builtin.ClickKeyword$_click_closure1.doCall(ClickKeyword.groovy:65)
	at com.kms.katalon.core.webui.keyword.builtin.ClickKeyword$_click_closure1.call(ClickKeyword.groovy)
	at com.kms.katalon.core.webui.keyword.internal.WebUIKeywordMain.runKeyword(WebUIKeywordMain.groovy:20)
	... 19 more]]></system-err>
      </testcase>
      <testcase name="Test Cases/1.1-Tareas Principales/1.5.8 Reversar Nomina Electronica" time="14.707" classname="Test Cases/1.1-Tareas Principales/1.5.8 Reversar Nomina Electronica" status="PASSED">
         <system-out><![CDATA[2022-06-10 09:15:43 - [TEST_CASE][PASSED] - Test Cases/1.1-Tareas Principales/1.5.8 Reversar Nomina Electronica: Test Cases/1.1-Tareas Principales/1.5.8 Reversar Nomina Electronica

2022-06-10 09:15:43 - [TEST_STEP][PASSED] - callTestCase(findTestCase("0.1-Login"), [:], STOP_ON_FAILURE): Call Test Case 'Test Cases/0.1-Login' successfully

2022-06-10 09:15:43 - [TEST_CASE][PASSED] - Test Cases/0.1-Login: Test Cases/0.1-Login

2022-06-10 09:15:43 - [TEST_STEP][PASSED] - openBrowser(""): Browser is opened with url: ''

2022-06-10 09:15:43 - [MESSAGE][WARNING] - A browser is already opened. Closing browser and opening a new one

2022-06-10 09:15:44 - [MESSAGE][INFO] - Starting 'Chrome' driver

2022-06-10 09:15:44 - [MESSAGE][INFO] - Action delay is set to 0 milliseconds

2022-06-10 09:15:45 - [MESSAGE][PASSED] - Browser is opened with url: ''

2022-06-10 09:15:45 - [TEST_STEP][PASSED] - maximizeWindow(): Current window maximized

2022-06-10 09:15:45 - [MESSAGE][PASSED] - Current window maximized

2022-06-10 09:15:45 - [TEST_STEP][PASSED] - i = G_Login: null

2022-06-10 09:15:45 - [TEST_STEP][PASSED] - url = new java.net.URL(i): null

2022-06-10 09:15:45 - [TEST_STEP][PASSED] - println("URL: " + url.toString()): null

2022-06-10 09:15:45 - [TEST_STEP][PASSED] - connection = url.openConnection(): null

2022-06-10 09:15:45 - [TEST_STEP][PASSED] - connection.setRequestMethod("GET"): null

2022-06-10 09:15:45 - [TEST_STEP][PASSED] - connection.setReadTimeout(2 * 1000): null

2022-06-10 09:15:45 - [TEST_STEP][PASSED] - try: null

2022-06-10 09:15:45 - [TEST_STEP][PASSED] - connection.connect(): null

2022-06-10 09:15:45 - [TEST_STEP][PASSED] - flag = connected: null

2022-06-10 09:15:45 - [TEST_STEP][PASSED] - println("Valor_ori: " + flag): null

2022-06-10 09:15:45 - [TEST_STEP][PASSED] - if (flag): null

2022-06-10 09:15:45 - [TEST_STEP][PASSED] - navigateToUrl(i): Navigate to 'http://192.168.2.19:8380/saraweb' successfully

2022-06-10 09:15:45 - [MESSAGE][PASSED] - Navigate to 'http://192.168.2.19:8380/saraweb' successfully

2022-06-10 09:15:45 - [TEST_STEP][PASSED] - a(): null

2022-06-10 09:15:45 - [TEST_STEP][PASSED] - setText(findTestObject("3-OBJECTS UTILIDADES/Login/input_USUARIO_loginusuario"), G_Usuario): Text 'saraadmin' is set on object 'Object Repository/3-OBJECTS UTILIDADES/Login/input_USUARIO_loginusuario'

2022-06-10 09:15:46 - [MESSAGE][PASSED] - Text 'saraadmin' is set on object 'Object Repository/3-OBJECTS UTILIDADES/Login/input_USUARIO_loginusuario'

2022-06-10 09:15:46 - [TEST_STEP][PASSED] - setEncryptedText(findTestObject("3-OBJECTS UTILIDADES/Login/input_CLAVE_loginpassword"), "MkG4/TYiCFC3cb2driP7+Q=="): Text ****** has been set on object 'Object Repository/3-OBJECTS UTILIDADES/Login/input_CLAVE_loginpassword'

2022-06-10 09:15:47 - [MESSAGE][PASSED] - Text ****** has been set on object 'Object Repository/3-OBJECTS UTILIDADES/Login/input_CLAVE_loginpassword'

2022-06-10 09:15:47 - [TEST_STEP][PASSED] - waitForElementClickable(findTestObject("3-OBJECTS UTILIDADES/Login/a_Ingresar"), G_TimeOut): Object 'Object Repository/3-OBJECTS UTILIDADES/Login/a_Ingresar' is clickable

2022-06-10 09:15:47 - [MESSAGE][PASSED] - Object 'Object Repository/3-OBJECTS UTILIDADES/Login/a_Ingresar' is clickable

2022-06-10 09:15:47 - [TEST_STEP][PASSED] - click(findTestObject("3-OBJECTS UTILIDADES/Login/a_Ingresar")): Object: 'Object Repository/3-OBJECTS UTILIDADES/Login/a_Ingresar' is clicked on

2022-06-10 09:15:48 - [MESSAGE][PASSED] - Object: 'Object Repository/3-OBJECTS UTILIDADES/Login/a_Ingresar' is clicked on

2022-06-10 09:15:48 - [TEST_STEP][PASSED] - element = findWebElement(findTestObject("3-OBJECTS UTILIDADES/Login/a_Ir"), 30): null

2022-06-10 09:15:49 - [TEST_STEP][PASSED] - executeJavaScript("arguments[0].click()", Arrays.asList(element)): Execute JavaScript 'arguments[0].click()' successfully

2022-06-10 09:15:49 - [MESSAGE][PASSED] - Execute JavaScript 'arguments[0].click()' successfully

2022-06-10 09:15:49 - [MESSAGE][PASSED] - Call Test Case 'Test Cases/0.1-Login' successfully

2022-06-10 09:15:49 - [TEST_STEP][PASSED] - waitForElementClickable(findTestObject("1-OBJECTS TAREAS PRINCIPALES/Modulo Tarea Compensacion/Reversar Nomina Electronica/Page_SARA/input_Nomina Electronica_form_templatej_idt24_input"), 0): Object 'Object Repository/1-OBJECTS TAREAS PRINCIPALES/Modulo Tarea Compensacion/Reversar Nomina Electronica/Page_SARA/input_Nomina Electronica_form_templatej_idt24_input' is clickable

2022-06-10 09:15:49 - [MESSAGE][WARNING] - Timeout '0' is invalid. Using default page load timeout: '37'

2022-06-10 09:15:50 - [MESSAGE][PASSED] - Object 'Object Repository/1-OBJECTS TAREAS PRINCIPALES/Modulo Tarea Compensacion/Reversar Nomina Electronica/Page_SARA/input_Nomina Electronica_form_templatej_idt24_input' is clickable

2022-06-10 09:15:50 - [TEST_STEP][PASSED] - setText(findTestObject("1-OBJECTS TAREAS PRINCIPALES/Modulo Tarea Compensacion/Reversar Nomina Electronica/Page_SARA/input_Nomina Electronica_form_templatej_idt24_input"), "Nomina Electronica"): Text 'Nomina Electronica' is set on object 'Object Repository/1-OBJECTS TAREAS PRINCIPALES/Modulo Tarea Compensacion/Reversar Nomina Electronica/Page_SARA/input_Nomina Electronica_form_templatej_idt24_input'

2022-06-10 09:15:51 - [MESSAGE][PASSED] - Text 'Nomina Electronica' is set on object 'Object Repository/1-OBJECTS TAREAS PRINCIPALES/Modulo Tarea Compensacion/Reversar Nomina Electronica/Page_SARA/input_Nomina Electronica_form_templatej_idt24_input'

2022-06-10 09:15:51 - [TEST_STEP][PASSED] - waitForElementClickable(findTestObject("1-OBJECTS TAREAS PRINCIPALES/Modulo Tarea Compensacion/Reversar Nomina Electronica/Page_SARA/span_Nomina Electronica"), 0): Object 'Object Repository/1-OBJECTS TAREAS PRINCIPALES/Modulo Tarea Compensacion/Reversar Nomina Electronica/Page_SARA/span_Nomina Electronica' is clickable

2022-06-10 09:15:51 - [MESSAGE][WARNING] - Timeout '0' is invalid. Using default page load timeout: '37'

2022-06-10 09:15:52 - [MESSAGE][PASSED] - Object 'Object Repository/1-OBJECTS TAREAS PRINCIPALES/Modulo Tarea Compensacion/Reversar Nomina Electronica/Page_SARA/span_Nomina Electronica' is clickable

2022-06-10 09:15:52 - [TEST_STEP][PASSED] - sendKeys(findTestObject("1-OBJECTS TAREAS PRINCIPALES/Modulo Tarea Compensacion/Reversar Nomina Electronica/Page_SARA/input_Nomina Electronica_form_templatej_idt24_input"), Keys.chord(ENTER)): Keys 'ENTER + ' sent to object: 'Object Repository/1-OBJECTS TAREAS PRINCIPALES/Modulo Tarea Compensacion/Reversar Nomina Electronica/Page_SARA/input_Nomina Electronica_form_templatej_idt24_input'

2022-06-10 09:15:52 - [MESSAGE][PASSED] - Keys 'ENTER + ' sent to object: 'Object Repository/1-OBJECTS TAREAS PRINCIPALES/Modulo Tarea Compensacion/Reversar Nomina Electronica/Page_SARA/input_Nomina Electronica_form_templatej_idt24_input'

2022-06-10 09:15:52 - [TEST_STEP][PASSED] - setText(findTestObject("1-OBJECTS TAREAS PRINCIPALES/Modulo Tarea Compensacion/Reversar Nomina Electronica/input_Fecha Corte_listado_nominaelectronicaj_idt72"), "2021"): Text '2021' is set on object 'Object Repository/1-OBJECTS TAREAS PRINCIPALES/Modulo Tarea Compensacion/Reversar Nomina Electronica/input_Fecha Corte_listado_nominaelectronicaj_idt72'

2022-06-10 09:15:54 - [MESSAGE][PASSED] - Text '2021' is set on object 'Object Repository/1-OBJECTS TAREAS PRINCIPALES/Modulo Tarea Compensacion/Reversar Nomina Electronica/input_Fecha Corte_listado_nominaelectronicaj_idt72'

2022-06-10 09:15:54 - [TEST_STEP][PASSED] - sendKeys(findTestObject("1-OBJECTS TAREAS PRINCIPALES/Modulo Tarea Compensacion/Reversar Nomina Electronica/input_Fecha Corte_listado_nominaelectronicaj_idt72"), Keys.chord(ENTER)): Keys 'ENTER + ' sent to object: 'Object Repository/1-OBJECTS TAREAS PRINCIPALES/Modulo Tarea Compensacion/Reversar Nomina Electronica/input_Fecha Corte_listado_nominaelectronicaj_idt72'

2022-06-10 09:15:54 - [MESSAGE][PASSED] - Keys 'ENTER + ' sent to object: 'Object Repository/1-OBJECTS TAREAS PRINCIPALES/Modulo Tarea Compensacion/Reversar Nomina Electronica/input_Fecha Corte_listado_nominaelectronicaj_idt72'

2022-06-10 09:15:54 - [TEST_STEP][PASSED] - waitForElementClickable(findTestObject("1-OBJECTS TAREAS PRINCIPALES/Modulo Tarea Compensacion/Reversar Nomina Electronica/Page_SARA/td_2021-07-01"), 0): Object 'Object Repository/1-OBJECTS TAREAS PRINCIPALES/Modulo Tarea Compensacion/Reversar Nomina Electronica/Page_SARA/td_2021-07-01' is clickable

2022-06-10 09:15:54 - [MESSAGE][WARNING] - Timeout '0' is invalid. Using default page load timeout: '37'

2022-06-10 09:15:55 - [MESSAGE][PASSED] - Object 'Object Repository/1-OBJECTS TAREAS PRINCIPALES/Modulo Tarea Compensacion/Reversar Nomina Electronica/Page_SARA/td_2021-07-01' is clickable

2022-06-10 09:15:55 - [TEST_STEP][PASSED] - click(findTestObject("1-OBJECTS TAREAS PRINCIPALES/Modulo Tarea Compensacion/Reversar Nomina Electronica/Page_SARA/td_2021-07-01")): Object: 'Object Repository/1-OBJECTS TAREAS PRINCIPALES/Modulo Tarea Compensacion/Reversar Nomina Electronica/Page_SARA/td_2021-07-01' is clicked on

2022-06-10 09:15:55 - [MESSAGE][PASSED] - Object: 'Object Repository/1-OBJECTS TAREAS PRINCIPALES/Modulo Tarea Compensacion/Reversar Nomina Electronica/Page_SARA/td_2021-07-01' is clicked on

2022-06-10 09:15:55 - [TEST_STEP][PASSED] - click(findTestObject("1-OBJECTS TAREAS PRINCIPALES/Modulo Tarea Compensacion/Reversar Nomina Electronica/Page_SARA/a_reversar")): Object: 'Object Repository/1-OBJECTS TAREAS PRINCIPALES/Modulo Tarea Compensacion/Reversar Nomina Electronica/Page_SARA/a_reversar' is clicked on

2022-06-10 09:15:56 - [MESSAGE][PASSED] - Object: 'Object Repository/1-OBJECTS TAREAS PRINCIPALES/Modulo Tarea Compensacion/Reversar Nomina Electronica/Page_SARA/a_reversar' is clicked on

2022-06-10 09:15:56 - [TEST_STEP][PASSED] - click(findTestObject("1-OBJECTS TAREAS PRINCIPALES/Modulo Tarea Compensacion/Reversar Nomina Electronica/Page_SARA/span_Si")): Object: 'Object Repository/1-OBJECTS TAREAS PRINCIPALES/Modulo Tarea Compensacion/Reversar Nomina Electronica/Page_SARA/span_Si' is clicked on

2022-06-10 09:15:57 - [MESSAGE][PASSED] - Object: 'Object Repository/1-OBJECTS TAREAS PRINCIPALES/Modulo Tarea Compensacion/Reversar Nomina Electronica/Page_SARA/span_Si' is clicked on

2022-06-10 09:15:57 - [TEST_STEP][PASSED] - closeBrowser(): Browser is closed

2022-06-10 09:15:57 - [MESSAGE][PASSED] - Browser is closed]]></system-out>
         <system-err><![CDATA[]]></system-err>
      </testcase>
      <testcase name="Test Cases/1.1-Tareas Principales/1.5.9 Crear Viáticos" time="189.786" classname="Test Cases/1.1-Tareas Principales/1.5.9 Crear Viáticos" status="FAILED">
         <failure type="FAILED" message="Test Cases/1.1-Tareas Principales/1.5.9 Crear Viáticos FAILED.
Reason:
com.kms.katalon.core.exception.StepFailedException: Unable to click on object 'Object Repository/1-OBJECTS TAREAS PRINCIPALES/Modulo Actos Administrativos/Modulo Viáticos/Crear viatico/Page_SARA/a_Entidades Vigiladas'
	at com.kms.katalon.core.webui.keyword.internal.WebUIKeywordMain.stepFailed(WebUIKeywordMain.groovy:64)
	at com.kms.katalon.core.webui.keyword.internal.WebUIKeywordMain.runKeyword(WebUIKeywordMain.groovy:26)
	at com.kms.katalon.core.webui.keyword.builtin.ClickKeyword.click(ClickKeyword.groovy:74)
	at com.kms.katalon.core.webui.keyword.builtin.ClickKeyword.execute(ClickKeyword.groovy:40)
	at com.kms.katalon.core.keyword.internal.KeywordExecutor.executeKeywordForPlatform(KeywordExecutor.groovy:74)
	at com.kms.katalon.core.webui.keyword.WebUiBuiltInKeywords.click(WebUiBuiltInKeywords.groovy:620)
	at com.kms.katalon.core.webui.keyword.WebUiBuiltInKeywords$click$5.call(Unknown Source)
	at 1.5.9 Crear Viáticos.run(1.5.9 Crear Viáticos:242)
	at com.kms.katalon.core.main.ScriptEngine.run(ScriptEngine.java:194)
	at com.kms.katalon.core.main.ScriptEngine.runScriptAsRawText(ScriptEngine.java:119)
	at com.kms.katalon.core.main.TestCaseExecutor.runScript(TestCaseExecutor.java:445)
	at com.kms.katalon.core.main.TestCaseExecutor.doExecute(TestCaseExecutor.java:436)
	at com.kms.katalon.core.main.TestCaseExecutor.processExecutionPhase(TestCaseExecutor.java:415)
	at com.kms.katalon.core.main.TestCaseExecutor.accessMainPhase(TestCaseExecutor.java:407)
	at com.kms.katalon.core.main.TestCaseExecutor.execute(TestCaseExecutor.java:284)
	at com.kms.katalon.core.common.CommonExecutor.accessTestCaseMainPhase(CommonExecutor.java:65)
	at com.kms.katalon.core.main.TestSuiteExecutor.accessTestSuiteMainPhase(TestSuiteExecutor.java:144)
	at com.kms.katalon.core.main.TestSuiteExecutor.execute(TestSuiteExecutor.java:106)
	at com.kms.katalon.core.main.TestCaseMain.startTestSuite(TestCaseMain.java:185)
	at com.kms.katalon.core.main.TestCaseMain$startTestSuite$0.call(Unknown Source)
	at TempTestSuite1654867643956.run(TempTestSuite1654867643956.groovy:36)
Caused by: com.kms.katalon.core.webui.exception.WebElementNotFoundException: Web element with id: 'Object Repository/1-OBJECTS TAREAS PRINCIPALES/Modulo Actos Administrativos/Modulo Viáticos/Crear viatico/Page_SARA/a_Entidades Vigiladas' located by '//a[contains(text(),'Entidades Vigiladas')]' not found
	at com.kms.katalon.core.webui.common.WebUiCommonHelper.findWebElement(WebUiCommonHelper.java:1370)
	at com.kms.katalon.core.webui.keyword.internal.WebUIAbstractKeyword.findWebElement(WebUIAbstractKeyword.groovy:27)
	at com.kms.katalon.core.webui.keyword.builtin.ClickKeyword$_click_closure1.doCall(ClickKeyword.groovy:65)
	at com.kms.katalon.core.webui.keyword.builtin.ClickKeyword$_click_closure1.call(ClickKeyword.groovy)
	at com.kms.katalon.core.webui.keyword.internal.WebUIKeywordMain.runKeyword(WebUIKeywordMain.groovy:20)
	... 19 more
"/>
         <system-out><![CDATA[2022-06-10 09:15:57 - [TEST_CASE][FAILED] - Test Cases/1.1-Tareas Principales/1.5.9 Crear Viáticos: Test Cases/1.1-Tareas Principales/1.5.9 Crear Viáticos FAILED.
Reason:
com.kms.katalon.core.exception.StepFailedException: Unable to click on object 'Object Repository/1-OBJECTS TAREAS PRINCIPALES/Modulo Actos Administrativos/Modulo Viáticos/Crear viatico/Page_SARA/a_Entidades Vigiladas'
	at com.kms.katalon.core.webui.keyword.internal.WebUIKeywordMain.stepFailed(WebUIKeywordMain.groovy:64)
	at com.kms.katalon.core.webui.keyword.internal.WebUIKeywordMain.runKeyword(WebUIKeywordMain.groovy:26)
	at com.kms.katalon.core.webui.keyword.builtin.ClickKeyword.click(ClickKeyword.groovy:74)
	at com.kms.katalon.core.webui.keyword.builtin.ClickKeyword.execute(ClickKeyword.groovy:40)
	at com.kms.katalon.core.keyword.internal.KeywordExecutor.executeKeywordForPlatform(KeywordExecutor.groovy:74)
	at com.kms.katalon.core.webui.keyword.WebUiBuiltInKeywords.click(WebUiBuiltInKeywords.groovy:620)
	at com.kms.katalon.core.webui.keyword.WebUiBuiltInKeywords$click$5.call(Unknown Source)
	at 1.5.9 Crear Viáticos.run(1.5.9 Crear Viáticos:242)
	at com.kms.katalon.core.main.ScriptEngine.run(ScriptEngine.java:194)
	at com.kms.katalon.core.main.ScriptEngine.runScriptAsRawText(ScriptEngine.java:119)
	at com.kms.katalon.core.main.TestCaseExecutor.runScript(TestCaseExecutor.java:445)
	at com.kms.katalon.core.main.TestCaseExecutor.doExecute(TestCaseExecutor.java:436)
	at com.kms.katalon.core.main.TestCaseExecutor.processExecutionPhase(TestCaseExecutor.java:415)
	at com.kms.katalon.core.main.TestCaseExecutor.accessMainPhase(TestCaseExecutor.java:407)
	at com.kms.katalon.core.main.TestCaseExecutor.execute(TestCaseExecutor.java:284)
	at com.kms.katalon.core.common.CommonExecutor.accessTestCaseMainPhase(CommonExecutor.java:65)
	at com.kms.katalon.core.main.TestSuiteExecutor.accessTestSuiteMainPhase(TestSuiteExecutor.java:144)
	at com.kms.katalon.core.main.TestSuiteExecutor.execute(TestSuiteExecutor.java:106)
	at com.kms.katalon.core.main.TestCaseMain.startTestSuite(TestCaseMain.java:185)
	at com.kms.katalon.core.main.TestCaseMain$startTestSuite$0.call(Unknown Source)
	at TempTestSuite1654867643956.run(TempTestSuite1654867643956.groovy:36)
Caused by: com.kms.katalon.core.webui.exception.WebElementNotFoundException: Web element with id: 'Object Repository/1-OBJECTS TAREAS PRINCIPALES/Modulo Actos Administrativos/Modulo Viáticos/Crear viatico/Page_SARA/a_Entidades Vigiladas' located by '//a[contains(text(),'Entidades Vigiladas')]' not found
	at com.kms.katalon.core.webui.common.WebUiCommonHelper.findWebElement(WebUiCommonHelper.java:1370)
	at com.kms.katalon.core.webui.keyword.internal.WebUIAbstractKeyword.findWebElement(WebUIAbstractKeyword.groovy:27)
	at com.kms.katalon.core.webui.keyword.builtin.ClickKeyword$_click_closure1.doCall(ClickKeyword.groovy:65)
	at com.kms.katalon.core.webui.keyword.builtin.ClickKeyword$_click_closure1.call(ClickKeyword.groovy)
	at com.kms.katalon.core.webui.keyword.internal.WebUIKeywordMain.runKeyword(WebUIKeywordMain.groovy:20)
	... 19 more


2022-06-10 09:15:58 - [TEST_STEP][PASSED] - callTestCase(findTestCase("0.1-Login"), [:], STOP_ON_FAILURE): Call Test Case 'Test Cases/0.1-Login' successfully

2022-06-10 09:15:58 - [TEST_CASE][PASSED] - Test Cases/0.1-Login: Test Cases/0.1-Login

2022-06-10 09:15:58 - [TEST_STEP][PASSED] - openBrowser(""): Browser is opened with url: ''

2022-06-10 09:15:58 - [MESSAGE][INFO] - Starting 'Chrome' driver

2022-06-10 09:15:58 - [MESSAGE][INFO] - Action delay is set to 0 milliseconds

2022-06-10 09:15:59 - [MESSAGE][PASSED] - Browser is opened with url: ''

2022-06-10 09:15:59 - [TEST_STEP][PASSED] - maximizeWindow(): Current window maximized

2022-06-10 09:15:59 - [MESSAGE][PASSED] - Current window maximized

2022-06-10 09:15:59 - [TEST_STEP][PASSED] - i = G_Login: null

2022-06-10 09:15:59 - [TEST_STEP][PASSED] - url = new java.net.URL(i): null

2022-06-10 09:15:59 - [TEST_STEP][PASSED] - println("URL: " + url.toString()): null

2022-06-10 09:15:59 - [TEST_STEP][PASSED] - connection = url.openConnection(): null

2022-06-10 09:15:59 - [TEST_STEP][PASSED] - connection.setRequestMethod("GET"): null

2022-06-10 09:15:59 - [TEST_STEP][PASSED] - connection.setReadTimeout(2 * 1000): null

2022-06-10 09:15:59 - [TEST_STEP][PASSED] - try: null

2022-06-10 09:15:59 - [TEST_STEP][PASSED] - connection.connect(): null

2022-06-10 09:15:59 - [TEST_STEP][PASSED] - flag = connected: null

2022-06-10 09:15:59 - [TEST_STEP][PASSED] - println("Valor_ori: " + flag): null

2022-06-10 09:15:59 - [TEST_STEP][PASSED] - if (flag): null

2022-06-10 09:15:59 - [TEST_STEP][PASSED] - navigateToUrl(i): Navigate to 'http://192.168.2.19:8380/saraweb' successfully

2022-06-10 09:16:00 - [MESSAGE][PASSED] - Navigate to 'http://192.168.2.19:8380/saraweb' successfully

2022-06-10 09:16:00 - [TEST_STEP][PASSED] - a(): null

2022-06-10 09:16:00 - [TEST_STEP][PASSED] - setText(findTestObject("3-OBJECTS UTILIDADES/Login/input_USUARIO_loginusuario"), G_Usuario): Text 'saraadmin' is set on object 'Object Repository/3-OBJECTS UTILIDADES/Login/input_USUARIO_loginusuario'

2022-06-10 09:16:00 - [MESSAGE][PASSED] - Text 'saraadmin' is set on object 'Object Repository/3-OBJECTS UTILIDADES/Login/input_USUARIO_loginusuario'

2022-06-10 09:16:00 - [TEST_STEP][PASSED] - setEncryptedText(findTestObject("3-OBJECTS UTILIDADES/Login/input_CLAVE_loginpassword"), "MkG4/TYiCFC3cb2driP7+Q=="): Text ****** has been set on object 'Object Repository/3-OBJECTS UTILIDADES/Login/input_CLAVE_loginpassword'

2022-06-10 09:16:01 - [MESSAGE][PASSED] - Text ****** has been set on object 'Object Repository/3-OBJECTS UTILIDADES/Login/input_CLAVE_loginpassword'

2022-06-10 09:16:01 - [TEST_STEP][PASSED] - waitForElementClickable(findTestObject("3-OBJECTS UTILIDADES/Login/a_Ingresar"), G_TimeOut): Object 'Object Repository/3-OBJECTS UTILIDADES/Login/a_Ingresar' is clickable

2022-06-10 09:16:01 - [MESSAGE][PASSED] - Object 'Object Repository/3-OBJECTS UTILIDADES/Login/a_Ingresar' is clickable

2022-06-10 09:16:01 - [TEST_STEP][PASSED] - click(findTestObject("3-OBJECTS UTILIDADES/Login/a_Ingresar")): Object: 'Object Repository/3-OBJECTS UTILIDADES/Login/a_Ingresar' is clicked on

2022-06-10 09:16:03 - [MESSAGE][PASSED] - Object: 'Object Repository/3-OBJECTS UTILIDADES/Login/a_Ingresar' is clicked on

2022-06-10 09:16:03 - [TEST_STEP][PASSED] - element = findWebElement(findTestObject("3-OBJECTS UTILIDADES/Login/a_Ir"), 30): null

2022-06-10 09:16:03 - [TEST_STEP][PASSED] - executeJavaScript("arguments[0].click()", Arrays.asList(element)): Execute JavaScript 'arguments[0].click()' successfully

2022-06-10 09:16:03 - [MESSAGE][PASSED] - Execute JavaScript 'arguments[0].click()' successfully

2022-06-10 09:16:03 - [MESSAGE][PASSED] - Call Test Case 'Test Cases/0.1-Login' successfully

2022-06-10 09:16:03 - [TEST_STEP][PASSED] - waitForElementVisible(findTestObject("1-OBJECTS TAREAS PRINCIPALES/Modulo Actos Administrativos/Modulo Viáticos/Crear viatico/Page_SARA/input_ADMINISTRADOR DEL SISTEMA - SARA_form_templatej_idt24_input"), 0): Object 'Object Repository/1-OBJECTS TAREAS PRINCIPALES/Modulo Actos Administrativos/Modulo Viáticos/Crear viatico/Page_SARA/input_ADMINISTRADOR DEL SISTEMA - SARA_form_templatej_idt24_input' is visible

2022-06-10 09:16:03 - [MESSAGE][WARNING] - Timeout '0' is invalid. Using default page load timeout: '37'

2022-06-10 09:16:04 - [MESSAGE][PASSED] - Object 'Object Repository/1-OBJECTS TAREAS PRINCIPALES/Modulo Actos Administrativos/Modulo Viáticos/Crear viatico/Page_SARA/input_ADMINISTRADOR DEL SISTEMA - SARA_form_templatej_idt24_input' is visible

2022-06-10 09:16:04 - [TEST_STEP][PASSED] - setText(findTestObject("1-OBJECTS TAREAS PRINCIPALES/Modulo Actos Administrativos/Modulo Viáticos/Crear viatico/Page_SARA/input_ADMINISTRADOR DEL SISTEMA - SARA_form_templatej_idt24_input"), "listado de viaticos"): Text 'listado de viaticos' is set on object 'Object Repository/1-OBJECTS TAREAS PRINCIPALES/Modulo Actos Administrativos/Modulo Viáticos/Crear viatico/Page_SARA/input_ADMINISTRADOR DEL SISTEMA - SARA_form_templatej_idt24_input'

2022-06-10 09:16:05 - [MESSAGE][PASSED] - Text 'listado de viaticos' is set on object 'Object Repository/1-OBJECTS TAREAS PRINCIPALES/Modulo Actos Administrativos/Modulo Viáticos/Crear viatico/Page_SARA/input_ADMINISTRADOR DEL SISTEMA - SARA_form_templatej_idt24_input'

2022-06-10 09:16:05 - [TEST_STEP][PASSED] - waitForElementClickable(findTestObject("1-OBJECTS TAREAS PRINCIPALES/Modulo Actos Administrativos/Modulo Viáticos/Crear viatico/Page_SARA/li_Listado de Viaticos (act)"), 0): Object 'Object Repository/1-OBJECTS TAREAS PRINCIPALES/Modulo Actos Administrativos/Modulo Viáticos/Crear viatico/Page_SARA/li_Listado de Viaticos (act)' is clickable

2022-06-10 09:16:05 - [MESSAGE][WARNING] - Timeout '0' is invalid. Using default page load timeout: '37'

2022-06-10 09:16:06 - [MESSAGE][PASSED] - Object 'Object Repository/1-OBJECTS TAREAS PRINCIPALES/Modulo Actos Administrativos/Modulo Viáticos/Crear viatico/Page_SARA/li_Listado de Viaticos (act)' is clickable

2022-06-10 09:16:06 - [TEST_STEP][PASSED] - sendKeys(findTestObject("1-OBJECTS TAREAS PRINCIPALES/Modulo Actos Administrativos/Modulo Viáticos/Crear viatico/Page_SARA/input_ADMINISTRADOR DEL SISTEMA - SARA_form_templatej_idt24_input"), Keys.chord(ENTER)): Keys 'ENTER + ' sent to object: 'Object Repository/1-OBJECTS TAREAS PRINCIPALES/Modulo Actos Administrativos/Modulo Viáticos/Crear viatico/Page_SARA/input_ADMINISTRADOR DEL SISTEMA - SARA_form_templatej_idt24_input'

2022-06-10 09:16:06 - [MESSAGE][PASSED] - Keys 'ENTER + ' sent to object: 'Object Repository/1-OBJECTS TAREAS PRINCIPALES/Modulo Actos Administrativos/Modulo Viáticos/Crear viatico/Page_SARA/input_ADMINISTRADOR DEL SISTEMA - SARA_form_templatej_idt24_input'

2022-06-10 09:16:06 - [TEST_STEP][PASSED] - setText(findTestObject("1-OBJECTS TAREAS PRINCIPALES/Modulo Actos Administrativos/Modulo Viáticos/Crear viatico/input_Ao_form_listadoviaticosanio"), "2021"): Text '2021' is set on object 'Object Repository/1-OBJECTS TAREAS PRINCIPALES/Modulo Actos Administrativos/Modulo Viáticos/Crear viatico/input_Ao_form_listadoviaticosanio'

2022-06-10 09:16:08 - [MESSAGE][PASSED] - Text '2021' is set on object 'Object Repository/1-OBJECTS TAREAS PRINCIPALES/Modulo Actos Administrativos/Modulo Viáticos/Crear viatico/input_Ao_form_listadoviaticosanio'

2022-06-10 09:16:08 - [TEST_STEP][PASSED] - sendKeys(findTestObject("1-OBJECTS TAREAS PRINCIPALES/Modulo Actos Administrativos/Modulo Viáticos/Crear viatico/input_Ao_form_listadoviaticosanio"), Keys.chord(ENTER)): Keys 'ENTER + ' sent to object: 'Object Repository/1-OBJECTS TAREAS PRINCIPALES/Modulo Actos Administrativos/Modulo Viáticos/Crear viatico/input_Ao_form_listadoviaticosanio'

2022-06-10 09:16:08 - [MESSAGE][PASSED] - Keys 'ENTER + ' sent to object: 'Object Repository/1-OBJECTS TAREAS PRINCIPALES/Modulo Actos Administrativos/Modulo Viáticos/Crear viatico/input_Ao_form_listadoviaticosanio'

2022-06-10 09:16:08 - [TEST_STEP][PASSED] - click(findTestObject("1-OBJECTS TAREAS PRINCIPALES/Modulo Actos Administrativos/Modulo Viáticos/Crear viatico/a_Nuevo_modificar")): Object: 'Object Repository/1-OBJECTS TAREAS PRINCIPALES/Modulo Actos Administrativos/Modulo Viáticos/Crear viatico/a_Nuevo_modificar' is clicked on

2022-06-10 09:16:09 - [MESSAGE][PASSED] - Object: 'Object Repository/1-OBJECTS TAREAS PRINCIPALES/Modulo Actos Administrativos/Modulo Viáticos/Crear viatico/a_Nuevo_modificar' is clicked on

2022-06-10 09:16:09 - [TEST_STEP][PASSED] - click(findTestObject("1-OBJECTS TAREAS PRINCIPALES/Modulo Actos Administrativos/Modulo Viáticos/Crear viatico/span_Modificar una solicitud de vitico")): Object: 'Object Repository/1-OBJECTS TAREAS PRINCIPALES/Modulo Actos Administrativos/Modulo Viáticos/Crear viatico/span_Modificar una solicitud de vitico' is clicked on

2022-06-10 09:16:10 - [MESSAGE][PASSED] - Object: 'Object Repository/1-OBJECTS TAREAS PRINCIPALES/Modulo Actos Administrativos/Modulo Viáticos/Crear viatico/span_Modificar una solicitud de vitico' is clicked on

2022-06-10 09:16:10 - [TEST_STEP][PASSED] - setText(findTestObject("1-OBJECTS TAREAS PRINCIPALES/Modulo Actos Administrativos/Modulo Viáticos/Crear viatico/input_Documento_popupViaticoProgramadoFormfechaViat_input"), "01/07/2021"): Text '01/07/2021' is set on object 'Object Repository/1-OBJECTS TAREAS PRINCIPALES/Modulo Actos Administrativos/Modulo Viáticos/Crear viatico/input_Documento_popupViaticoProgramadoFormfechaViat_input'

2022-06-10 09:16:11 - [MESSAGE][PASSED] - Text '01/07/2021' is set on object 'Object Repository/1-OBJECTS TAREAS PRINCIPALES/Modulo Actos Administrativos/Modulo Viáticos/Crear viatico/input_Documento_popupViaticoProgramadoFormfechaViat_input'

2022-06-10 09:16:11 - [TEST_STEP][PASSED] - sendKeys(findTestObject("1-OBJECTS TAREAS PRINCIPALES/Modulo Actos Administrativos/Modulo Viáticos/Crear viatico/input_Documento_popupViaticoProgramadoFormfechaViat_input"), Keys.chord(ENTER)): Keys 'ENTER + ' sent to object: 'Object Repository/1-OBJECTS TAREAS PRINCIPALES/Modulo Actos Administrativos/Modulo Viáticos/Crear viatico/input_Documento_popupViaticoProgramadoFormfechaViat_input'

2022-06-10 09:16:11 - [MESSAGE][PASSED] - Keys 'ENTER + ' sent to object: 'Object Repository/1-OBJECTS TAREAS PRINCIPALES/Modulo Actos Administrativos/Modulo Viáticos/Crear viatico/input_Documento_popupViaticoProgramadoFormfechaViat_input'

2022-06-10 09:16:11 - [TEST_STEP][PASSED] - if (waitForElementVisible(findTestObject("1-OBJECTS TAREAS PRINCIPALES/Modulo Actos Administrativos/Modulo Viáticos/Crear viatico/td_Programada"), 1)): Web element with id: 'Object Repository/1-OBJECTS TAREAS PRINCIPALES/Modulo Actos Administrativos/Modulo Viáticos/Crear viatico/td_Programada' located by '(.//*[normalize-space(text()) and normalize-space(.)='Diaz Blanco Guisell'])[10]/following::td[1]' not found

2022-06-10 09:16:14 - [MESSAGE][INFO] - Unable to find the element located by 'By.xpath: (.//*[normalize-space(text()) and normalize-space(.)='Diaz Blanco Guisell'])[10]/following::td[1]'. Please recheck the objects properties to make sure the desired element is located. 

2022-06-10 09:16:14 - [MESSAGE][WARNING] - Web element with id: 'Object Repository/1-OBJECTS TAREAS PRINCIPALES/Modulo Actos Administrativos/Modulo Viáticos/Crear viatico/td_Programada' located by '(.//*[normalize-space(text()) and normalize-space(.)='Diaz Blanco Guisell'])[10]/following::td[1]' not found

2022-06-10 09:16:14 - [TEST_STEP][PASSED] - else: Object: 'Object Repository/1-OBJECTS TAREAS PRINCIPALES/Modulo Actos Administrativos/Modulo Viáticos/Crear viatico/span_Derogada_ui-icon ui-icon-closethick' is clicked on

2022-06-10 09:16:14 - [TEST_STEP][PASSED] - click(findTestObject("1-OBJECTS TAREAS PRINCIPALES/Modulo Actos Administrativos/Modulo Viáticos/Crear viatico/span_Derogada_ui-icon ui-icon-closethick")): Object: 'Object Repository/1-OBJECTS TAREAS PRINCIPALES/Modulo Actos Administrativos/Modulo Viáticos/Crear viatico/span_Derogada_ui-icon ui-icon-closethick' is clicked on

2022-06-10 09:16:14 - [MESSAGE][PASSED] - Object: 'Object Repository/1-OBJECTS TAREAS PRINCIPALES/Modulo Actos Administrativos/Modulo Viáticos/Crear viatico/span_Derogada_ui-icon ui-icon-closethick' is clicked on

2022-06-10 09:16:14 - [TEST_STEP][PASSED] - selectOptionByIndex(findTestObject("1-OBJECTS TAREAS PRINCIPALES/Modulo Actos Administrativos/Modulo Viáticos/Crear viatico/select_--Seleccione--Estado"), 2): All options with index in [2] are selected on object 'Object Repository/1-OBJECTS TAREAS PRINCIPALES/Modulo Actos Administrativos/Modulo Viáticos/Crear viatico/select_--Seleccione--Estado'

2022-06-10 09:16:15 - [MESSAGE][PASSED] - All options with index in [2] are selected on object 'Object Repository/1-OBJECTS TAREAS PRINCIPALES/Modulo Actos Administrativos/Modulo Viáticos/Crear viatico/select_--Seleccione--Estado'

2022-06-10 09:16:15 - [TEST_STEP][PASSED] - if (waitForElementClickable(findTestObject("1-OBJECTS TAREAS PRINCIPALES/Modulo Actos Administrativos/Modulo Viáticos/Crear viatico/span_01.07.2021"), 1)): null

2022-06-10 09:16:16 - [MESSAGE][PASSED] - Object 'Object Repository/1-OBJECTS TAREAS PRINCIPALES/Modulo Actos Administrativos/Modulo Viáticos/Crear viatico/span_01.07.2021' is clickable

2022-06-10 09:16:16 - [TEST_STEP][PASSED] - callTestCase(findTestCase("1.1-Tareas Principales/1.7.3 Eliminar Viàtico"), [:], STOP_ON_FAILURE): Call Test Case 'Test Cases/1.1-Tareas Principales/1.7.3 Eliminar Viàtico' successfully

2022-06-10 09:16:16 - [TEST_CASE][PASSED] - Test Cases/1.1-Tareas Principales/1.7.3 Eliminar Viàtico: Test Cases/1.1-Tareas Principales/1.7.3 Eliminar Viàtico

2022-06-10 09:16:17 - [TEST_STEP][PASSED] - callTestCase(findTestCase("0.1-Login"), [:], STOP_ON_FAILURE): Call Test Case 'Test Cases/0.1-Login' successfully

2022-06-10 09:16:17 - [TEST_CASE][PASSED] - Test Cases/0.1-Login: Test Cases/0.1-Login

2022-06-10 09:16:17 - [TEST_STEP][PASSED] - openBrowser(""): Browser is opened with url: ''

2022-06-10 09:16:17 - [MESSAGE][WARNING] - A browser is already opened. Closing browser and opening a new one

2022-06-10 09:16:17 - [MESSAGE][INFO] - Starting 'Chrome' driver

2022-06-10 09:16:17 - [MESSAGE][INFO] - Action delay is set to 0 milliseconds

2022-06-10 09:16:19 - [MESSAGE][PASSED] - Browser is opened with url: ''

2022-06-10 09:16:19 - [TEST_STEP][PASSED] - maximizeWindow(): Current window maximized

2022-06-10 09:16:19 - [MESSAGE][PASSED] - Current window maximized

2022-06-10 09:16:19 - [TEST_STEP][PASSED] - i = G_Login: null

2022-06-10 09:16:19 - [TEST_STEP][PASSED] - url = new java.net.URL(i): null

2022-06-10 09:16:19 - [TEST_STEP][PASSED] - println("URL: " + url.toString()): null

2022-06-10 09:16:19 - [TEST_STEP][PASSED] - connection = url.openConnection(): null

2022-06-10 09:16:19 - [TEST_STEP][PASSED] - connection.setRequestMethod("GET"): null

2022-06-10 09:16:19 - [TEST_STEP][PASSED] - connection.setReadTimeout(2 * 1000): null

2022-06-10 09:16:19 - [TEST_STEP][PASSED] - try: null

2022-06-10 09:16:19 - [TEST_STEP][PASSED] - connection.connect(): null

2022-06-10 09:16:19 - [TEST_STEP][PASSED] - flag = connected: null

2022-06-10 09:16:19 - [TEST_STEP][PASSED] - println("Valor_ori: " + flag): null

2022-06-10 09:16:19 - [TEST_STEP][PASSED] - if (flag): null

2022-06-10 09:16:19 - [TEST_STEP][PASSED] - navigateToUrl(i): Navigate to 'http://192.168.2.19:8380/saraweb' successfully

2022-06-10 09:16:19 - [MESSAGE][PASSED] - Navigate to 'http://192.168.2.19:8380/saraweb' successfully

2022-06-10 09:16:19 - [TEST_STEP][PASSED] - a(): null

2022-06-10 09:16:19 - [TEST_STEP][PASSED] - setText(findTestObject("3-OBJECTS UTILIDADES/Login/input_USUARIO_loginusuario"), G_Usuario): Text 'saraadmin' is set on object 'Object Repository/3-OBJECTS UTILIDADES/Login/input_USUARIO_loginusuario'

2022-06-10 09:16:20 - [MESSAGE][PASSED] - Text 'saraadmin' is set on object 'Object Repository/3-OBJECTS UTILIDADES/Login/input_USUARIO_loginusuario'

2022-06-10 09:16:20 - [TEST_STEP][PASSED] - setEncryptedText(findTestObject("3-OBJECTS UTILIDADES/Login/input_CLAVE_loginpassword"), "MkG4/TYiCFC3cb2driP7+Q=="): Text ****** has been set on object 'Object Repository/3-OBJECTS UTILIDADES/Login/input_CLAVE_loginpassword'

2022-06-10 09:16:20 - [MESSAGE][PASSED] - Text ****** has been set on object 'Object Repository/3-OBJECTS UTILIDADES/Login/input_CLAVE_loginpassword'

2022-06-10 09:16:20 - [TEST_STEP][PASSED] - waitForElementClickable(findTestObject("3-OBJECTS UTILIDADES/Login/a_Ingresar"), G_TimeOut): Object 'Object Repository/3-OBJECTS UTILIDADES/Login/a_Ingresar' is clickable

2022-06-10 09:16:21 - [MESSAGE][PASSED] - Object 'Object Repository/3-OBJECTS UTILIDADES/Login/a_Ingresar' is clickable

2022-06-10 09:16:21 - [TEST_STEP][PASSED] - click(findTestObject("3-OBJECTS UTILIDADES/Login/a_Ingresar")): Object: 'Object Repository/3-OBJECTS UTILIDADES/Login/a_Ingresar' is clicked on

2022-06-10 09:16:22 - [MESSAGE][PASSED] - Object: 'Object Repository/3-OBJECTS UTILIDADES/Login/a_Ingresar' is clicked on

2022-06-10 09:16:22 - [TEST_STEP][PASSED] - element = findWebElement(findTestObject("3-OBJECTS UTILIDADES/Login/a_Ir"), 30): null

2022-06-10 09:16:23 - [TEST_STEP][PASSED] - executeJavaScript("arguments[0].click()", Arrays.asList(element)): Execute JavaScript 'arguments[0].click()' successfully

2022-06-10 09:16:23 - [MESSAGE][PASSED] - Execute JavaScript 'arguments[0].click()' successfully

2022-06-10 09:16:23 - [MESSAGE][PASSED] - Call Test Case 'Test Cases/0.1-Login' successfully

2022-06-10 09:16:23 - [TEST_STEP][PASSED] - waitForElementClickable(findTestObject("1-OBJECTS TAREAS PRINCIPALES/Modulo Actos Administrativos/Modulo Viáticos/Eliminar Viàticos/input_ADMINISTRADOR DEL SISTEMA - SARA_form_templatej_idt24_input"), 0): Object 'Object Repository/1-OBJECTS TAREAS PRINCIPALES/Modulo Actos Administrativos/Modulo Viáticos/Eliminar Viàticos/input_ADMINISTRADOR DEL SISTEMA - SARA_form_templatej_idt24_input' is clickable

2022-06-10 09:16:23 - [MESSAGE][WARNING] - Timeout '0' is invalid. Using default page load timeout: '37'

2022-06-10 09:16:24 - [MESSAGE][PASSED] - Object 'Object Repository/1-OBJECTS TAREAS PRINCIPALES/Modulo Actos Administrativos/Modulo Viáticos/Eliminar Viàticos/input_ADMINISTRADOR DEL SISTEMA - SARA_form_templatej_idt24_input' is clickable

2022-06-10 09:16:24 - [TEST_STEP][PASSED] - setText(findTestObject("1-OBJECTS TAREAS PRINCIPALES/Modulo Actos Administrativos/Modulo Viáticos/Eliminar Viàticos/input_ADMINISTRADOR DEL SISTEMA - SARA_form_templatej_idt24_input"), "Listado de Viaticos"): Text 'Listado de Viaticos' is set on object 'Object Repository/1-OBJECTS TAREAS PRINCIPALES/Modulo Actos Administrativos/Modulo Viáticos/Eliminar Viàticos/input_ADMINISTRADOR DEL SISTEMA - SARA_form_templatej_idt24_input'

2022-06-10 09:16:24 - [MESSAGE][PASSED] - Text 'Listado de Viaticos' is set on object 'Object Repository/1-OBJECTS TAREAS PRINCIPALES/Modulo Actos Administrativos/Modulo Viáticos/Eliminar Viàticos/input_ADMINISTRADOR DEL SISTEMA - SARA_form_templatej_idt24_input'

2022-06-10 09:16:24 - [TEST_STEP][PASSED] - waitForElementClickable(findTestObject("1-OBJECTS TAREAS PRINCIPALES/Modulo Actos Administrativos/Modulo Viáticos/Eliminar Viàticos/li_Listado de Viaticos (act)"), 0): Object 'Object Repository/1-OBJECTS TAREAS PRINCIPALES/Modulo Actos Administrativos/Modulo Viáticos/Eliminar Viàticos/li_Listado de Viaticos (act)' is clickable

2022-06-10 09:16:24 - [MESSAGE][WARNING] - Timeout '0' is invalid. Using default page load timeout: '37'

2022-06-10 09:16:26 - [MESSAGE][PASSED] - Object 'Object Repository/1-OBJECTS TAREAS PRINCIPALES/Modulo Actos Administrativos/Modulo Viáticos/Eliminar Viàticos/li_Listado de Viaticos (act)' is clickable

2022-06-10 09:16:26 - [TEST_STEP][PASSED] - sendKeys(findTestObject("1-OBJECTS TAREAS PRINCIPALES/Modulo Actos Administrativos/Modulo Viáticos/Eliminar Viàticos/input_ADMINISTRADOR DEL SISTEMA - SARA_form_templatej_idt24_input"), Keys.chord(ENTER)): Keys 'ENTER + ' sent to object: 'Object Repository/1-OBJECTS TAREAS PRINCIPALES/Modulo Actos Administrativos/Modulo Viáticos/Eliminar Viàticos/input_ADMINISTRADOR DEL SISTEMA - SARA_form_templatej_idt24_input'

2022-06-10 09:16:26 - [MESSAGE][PASSED] - Keys 'ENTER + ' sent to object: 'Object Repository/1-OBJECTS TAREAS PRINCIPALES/Modulo Actos Administrativos/Modulo Viáticos/Eliminar Viàticos/input_ADMINISTRADOR DEL SISTEMA - SARA_form_templatej_idt24_input'

2022-06-10 09:16:26 - [TEST_STEP][PASSED] - setText(findTestObject("1-OBJECTS TAREAS PRINCIPALES/Modulo Actos Administrativos/Modulo Viáticos/Crear viatico/input_Ao_form_listadoviaticosanio"), "2021"): Text '2021' is set on object 'Object Repository/1-OBJECTS TAREAS PRINCIPALES/Modulo Actos Administrativos/Modulo Viáticos/Crear viatico/input_Ao_form_listadoviaticosanio'

2022-06-10 09:16:28 - [MESSAGE][PASSED] - Text '2021' is set on object 'Object Repository/1-OBJECTS TAREAS PRINCIPALES/Modulo Actos Administrativos/Modulo Viáticos/Crear viatico/input_Ao_form_listadoviaticosanio'

2022-06-10 09:16:28 - [TEST_STEP][PASSED] - sendKeys(findTestObject("1-OBJECTS TAREAS PRINCIPALES/Modulo Actos Administrativos/Modulo Viáticos/Crear viatico/input_Ao_form_listadoviaticosanio"), Keys.chord(ENTER)): Keys 'ENTER + ' sent to object: 'Object Repository/1-OBJECTS TAREAS PRINCIPALES/Modulo Actos Administrativos/Modulo Viáticos/Crear viatico/input_Ao_form_listadoviaticosanio'

2022-06-10 09:16:28 - [MESSAGE][PASSED] - Keys 'ENTER + ' sent to object: 'Object Repository/1-OBJECTS TAREAS PRINCIPALES/Modulo Actos Administrativos/Modulo Viáticos/Crear viatico/input_Ao_form_listadoviaticosanio'

2022-06-10 09:16:28 - [TEST_STEP][PASSED] - waitForElementClickable(findTestObject("1-OBJECTS TAREAS PRINCIPALES/Modulo Actos Administrativos/Modulo Viáticos/Eliminar Viàticos/select_--Seleccione--AnuladoAutorizadaDerogadaNo AutorizadaProgramadaSolicitado"), 0): Object 'Object Repository/1-OBJECTS TAREAS PRINCIPALES/Modulo Actos Administrativos/Modulo Viáticos/Eliminar Viàticos/select_--Seleccione--AnuladoAutorizadaDerogadaNo AutorizadaProgramadaSolicitado' is clickable

2022-06-10 09:16:28 - [MESSAGE][WARNING] - Timeout '0' is invalid. Using default page load timeout: '37'

2022-06-10 09:16:29 - [MESSAGE][PASSED] - Object 'Object Repository/1-OBJECTS TAREAS PRINCIPALES/Modulo Actos Administrativos/Modulo Viáticos/Eliminar Viàticos/select_--Seleccione--AnuladoAutorizadaDerogadaNo AutorizadaProgramadaSolicitado' is clickable

2022-06-10 09:16:29 - [TEST_STEP][PASSED] - selectOptionByIndex(findTestObject("1-OBJECTS TAREAS PRINCIPALES/Modulo Actos Administrativos/Modulo Viáticos/Eliminar Viàticos/select_--Seleccione--AnuladoAutorizadaDerogadaNo AutorizadaProgramadaSolicitado"), 5): All options with index in [5] are selected on object 'Object Repository/1-OBJECTS TAREAS PRINCIPALES/Modulo Actos Administrativos/Modulo Viáticos/Eliminar Viàticos/select_--Seleccione--AnuladoAutorizadaDerogadaNo AutorizadaProgramadaSolicitado'

2022-06-10 09:16:30 - [MESSAGE][PASSED] - All options with index in [5] are selected on object 'Object Repository/1-OBJECTS TAREAS PRINCIPALES/Modulo Actos Administrativos/Modulo Viáticos/Eliminar Viàticos/select_--Seleccione--AnuladoAutorizadaDerogadaNo AutorizadaProgramadaSolicitado'

2022-06-10 09:16:30 - [TEST_STEP][PASSED] - click(findTestObject("1-OBJECTS TAREAS PRINCIPALES/Modulo Actos Administrativos/Modulo Viáticos/Eliminar Viàticos/a_Nuevo")): Object: 'Object Repository/1-OBJECTS TAREAS PRINCIPALES/Modulo Actos Administrativos/Modulo Viáticos/Eliminar Viàticos/a_Nuevo' is clicked on

2022-06-10 09:16:31 - [MESSAGE][PASSED] - Object: 'Object Repository/1-OBJECTS TAREAS PRINCIPALES/Modulo Actos Administrativos/Modulo Viáticos/Eliminar Viàticos/a_Nuevo' is clicked on

2022-06-10 09:16:31 - [TEST_STEP][PASSED] - click(findTestObject("1-OBJECTS TAREAS PRINCIPALES/Modulo Actos Administrativos/Modulo Viáticos/Eliminar Viàticos/span_Modificar una solicitud de vitico")): Object: 'Object Repository/1-OBJECTS TAREAS PRINCIPALES/Modulo Actos Administrativos/Modulo Viáticos/Eliminar Viàticos/span_Modificar una solicitud de vitico' is clicked on

2022-06-10 09:16:31 - [MESSAGE][PASSED] - Object: 'Object Repository/1-OBJECTS TAREAS PRINCIPALES/Modulo Actos Administrativos/Modulo Viáticos/Eliminar Viàticos/span_Modificar una solicitud de vitico' is clicked on

2022-06-10 09:16:31 - [TEST_STEP][PASSED] - setText(findTestObject("1-OBJECTS TAREAS PRINCIPALES/Modulo Actos Administrativos/Modulo Viáticos/Eliminar Viàticos/input_Documento_form_listadoviaticosfechaViat_input"), "01/07/2021"): Text '01/07/2021' is set on object 'Object Repository/1-OBJECTS TAREAS PRINCIPALES/Modulo Actos Administrativos/Modulo Viáticos/Eliminar Viàticos/input_Documento_form_listadoviaticosfechaViat_input'

2022-06-10 09:16:33 - [MESSAGE][PASSED] - Text '01/07/2021' is set on object 'Object Repository/1-OBJECTS TAREAS PRINCIPALES/Modulo Actos Administrativos/Modulo Viáticos/Eliminar Viàticos/input_Documento_form_listadoviaticosfechaViat_input'

2022-06-10 09:16:33 - [TEST_STEP][PASSED] - sendKeys(findTestObject("1-OBJECTS TAREAS PRINCIPALES/Modulo Actos Administrativos/Modulo Viáticos/Eliminar Viàticos/input_Documento_form_listadoviaticosfechaViat_input"), Keys.chord(ENTER)): Keys 'ENTER + ' sent to object: 'Object Repository/1-OBJECTS TAREAS PRINCIPALES/Modulo Actos Administrativos/Modulo Viáticos/Eliminar Viàticos/input_Documento_form_listadoviaticosfechaViat_input'

2022-06-10 09:16:33 - [MESSAGE][PASSED] - Keys 'ENTER + ' sent to object: 'Object Repository/1-OBJECTS TAREAS PRINCIPALES/Modulo Actos Administrativos/Modulo Viáticos/Eliminar Viàticos/input_Documento_form_listadoviaticosfechaViat_input'

2022-06-10 09:16:33 - [TEST_STEP][PASSED] - if (waitForElementVisible(findTestObject("1-OBJECTS TAREAS PRINCIPALES/Modulo Actos Administrativos/Modulo Viáticos/Eliminar Viàticos/td_01072021"), 1)): Web element with id: 'Object Repository/1-OBJECTS TAREAS PRINCIPALES/Modulo Actos Administrativos/Modulo Viáticos/Eliminar Viàticos/td_01072021' located by '//*/text()[normalize-space(.)='01/07/2021']/parent::*' not found

2022-06-10 09:16:35 - [MESSAGE][INFO] - Unable to find the element located by 'By.xpath: //*/text()[normalize-space(.)='01/07/2021']/parent::*'. Please recheck the objects properties to make sure the desired element is located. 

2022-06-10 09:16:35 - [MESSAGE][WARNING] - Web element with id: 'Object Repository/1-OBJECTS TAREAS PRINCIPALES/Modulo Actos Administrativos/Modulo Viáticos/Eliminar Viàticos/td_01072021' located by '//*/text()[normalize-space(.)='01/07/2021']/parent::*' not found

2022-06-10 09:16:35 - [TEST_STEP][PASSED] - else: null

2022-06-10 09:16:35 - [TEST_STEP][PASSED] - click(findTestObject("1-OBJECTS TAREAS PRINCIPALES/Modulo Actos Administrativos/Modulo Viáticos/Eliminar Viàticos/span_Cerrar_Modificar_viaticos")): Object: 'Object Repository/1-OBJECTS TAREAS PRINCIPALES/Modulo Actos Administrativos/Modulo Viáticos/Eliminar Viàticos/span_Cerrar_Modificar_viaticos' is clicked on

2022-06-10 09:16:36 - [MESSAGE][PASSED] - Object: 'Object Repository/1-OBJECTS TAREAS PRINCIPALES/Modulo Actos Administrativos/Modulo Viáticos/Eliminar Viàticos/span_Cerrar_Modificar_viaticos' is clicked on

2022-06-10 09:16:36 - [TEST_STEP][PASSED] - selectOptionByIndex(findTestObject("1-OBJECTS TAREAS PRINCIPALES/Modulo Actos Administrativos/Modulo Viáticos/Eliminar Viàticos/select_--Seleccione--AnuladoAutorizadaDerogadaNo AutorizadaProgramadaSolicitado"), 2): All options with index in [2] are selected on object 'Object Repository/1-OBJECTS TAREAS PRINCIPALES/Modulo Actos Administrativos/Modulo Viáticos/Eliminar Viàticos/select_--Seleccione--AnuladoAutorizadaDerogadaNo AutorizadaProgramadaSolicitado'

2022-06-10 09:16:37 - [MESSAGE][PASSED] - All options with index in [2] are selected on object 'Object Repository/1-OBJECTS TAREAS PRINCIPALES/Modulo Actos Administrativos/Modulo Viáticos/Eliminar Viàticos/select_--Seleccione--AnuladoAutorizadaDerogadaNo AutorizadaProgramadaSolicitado'

2022-06-10 09:16:37 - [TEST_STEP][PASSED] - if (waitForElementPresent(findTestObject("1-OBJECTS TAREAS PRINCIPALES/Modulo Actos Administrativos/Modulo Viáticos/Eliminar Viàticos/span_Prueba Plan Inversin"), 1)): null

2022-06-10 09:16:37 - [MESSAGE][PASSED] - Object 'Object Repository/1-OBJECTS TAREAS PRINCIPALES/Modulo Actos Administrativos/Modulo Viáticos/Eliminar Viàticos/span_Prueba Plan Inversin' is present

2022-06-10 09:16:37 - [TEST_STEP][PASSED] - click(findTestObject("1-OBJECTS TAREAS PRINCIPALES/Modulo Actos Administrativos/Modulo Viáticos/Eliminar Viàticos/span_Prueba Plan Inversin")): Object: 'Object Repository/1-OBJECTS TAREAS PRINCIPALES/Modulo Actos Administrativos/Modulo Viáticos/Eliminar Viàticos/span_Prueba Plan Inversin' is clicked on

2022-06-10 09:16:38 - [MESSAGE][PASSED] - Object: 'Object Repository/1-OBJECTS TAREAS PRINCIPALES/Modulo Actos Administrativos/Modulo Viáticos/Eliminar Viàticos/span_Prueba Plan Inversin' is clicked on

2022-06-10 09:16:38 - [TEST_STEP][PASSED] - click(findTestObject("1-OBJECTS TAREAS PRINCIPALES/Modulo Actos Administrativos/Modulo Viáticos/Eliminar Viàticos/a_Complementario")): Object: 'Object Repository/1-OBJECTS TAREAS PRINCIPALES/Modulo Actos Administrativos/Modulo Viáticos/Eliminar Viàticos/a_Complementario' is clicked on

2022-06-10 09:16:39 - [MESSAGE][PASSED] - Object: 'Object Repository/1-OBJECTS TAREAS PRINCIPALES/Modulo Actos Administrativos/Modulo Viáticos/Eliminar Viàticos/a_Complementario' is clicked on

2022-06-10 09:16:39 - [TEST_STEP][PASSED] - if (waitForElementClickable(findTestObject("1-OBJECTS TAREAS PRINCIPALES/Modulo Actos Administrativos/Modulo Viáticos/Eliminar Viàticos/td_QUINTERO 45 EMPLEADO"), 1)): null

2022-06-10 09:16:39 - [MESSAGE][PASSED] - Object 'Object Repository/1-OBJECTS TAREAS PRINCIPALES/Modulo Actos Administrativos/Modulo Viáticos/Eliminar Viàticos/td_QUINTERO 45 EMPLEADO' is clickable

2022-06-10 09:16:39 - [TEST_STEP][PASSED] - click(findTestObject("1-OBJECTS TAREAS PRINCIPALES/Modulo Actos Administrativos/Modulo Viáticos/Eliminar Viàticos/td_QUINTERO 45 EMPLEADO")): Object: 'Object Repository/1-OBJECTS TAREAS PRINCIPALES/Modulo Actos Administrativos/Modulo Viáticos/Eliminar Viàticos/td_QUINTERO 45 EMPLEADO' is clicked on

2022-06-10 09:16:40 - [MESSAGE][PASSED] - Object: 'Object Repository/1-OBJECTS TAREAS PRINCIPALES/Modulo Actos Administrativos/Modulo Viáticos/Eliminar Viàticos/td_QUINTERO 45 EMPLEADO' is clicked on

2022-06-10 09:16:40 - [TEST_STEP][PASSED] - click(findTestObject("1-OBJECTS TAREAS PRINCIPALES/Modulo Actos Administrativos/Modulo Viáticos/Eliminar Viàticos/a_Eliminar_Complementario")): Object: 'Object Repository/1-OBJECTS TAREAS PRINCIPALES/Modulo Actos Administrativos/Modulo Viáticos/Eliminar Viàticos/a_Eliminar_Complementario' is clicked on

2022-06-10 09:16:40 - [MESSAGE][PASSED] - Object: 'Object Repository/1-OBJECTS TAREAS PRINCIPALES/Modulo Actos Administrativos/Modulo Viáticos/Eliminar Viàticos/a_Eliminar_Complementario' is clicked on

2022-06-10 09:16:40 - [TEST_STEP][PASSED] - click(findTestObject("1-OBJECTS TAREAS PRINCIPALES/Modulo Actos Administrativos/Modulo Viáticos/Eliminar Viàticos/span_Si")): Object: 'Object Repository/1-OBJECTS TAREAS PRINCIPALES/Modulo Actos Administrativos/Modulo Viáticos/Eliminar Viàticos/span_Si' is clicked on

2022-06-10 09:16:41 - [MESSAGE][PASSED] - Object: 'Object Repository/1-OBJECTS TAREAS PRINCIPALES/Modulo Actos Administrativos/Modulo Viáticos/Eliminar Viàticos/span_Si' is clicked on

2022-06-10 09:16:41 - [TEST_STEP][PASSED] - click(findTestObject("1-OBJECTS TAREAS PRINCIPALES/Modulo Actos Administrativos/Modulo Viáticos/Eliminar Viàticos/a_Costos")): Object: 'Object Repository/1-OBJECTS TAREAS PRINCIPALES/Modulo Actos Administrativos/Modulo Viáticos/Eliminar Viàticos/a_Costos' is clicked on

2022-06-10 09:16:42 - [MESSAGE][PASSED] - Object: 'Object Repository/1-OBJECTS TAREAS PRINCIPALES/Modulo Actos Administrativos/Modulo Viáticos/Eliminar Viàticos/a_Costos' is clicked on

2022-06-10 09:16:42 - [TEST_STEP][PASSED] - if (waitForElementClickable(findTestObject("1-OBJECTS TAREAS PRINCIPALES/Modulo Actos Administrativos/Modulo Viáticos/Eliminar Viàticos/td_QUINTERO 5 EMPLEADO"), 1)): null

2022-06-10 09:16:43 - [MESSAGE][PASSED] - Object 'Object Repository/1-OBJECTS TAREAS PRINCIPALES/Modulo Actos Administrativos/Modulo Viáticos/Eliminar Viàticos/td_QUINTERO 5 EMPLEADO' is clickable

2022-06-10 09:16:43 - [TEST_STEP][PASSED] - click(findTestObject("1-OBJECTS TAREAS PRINCIPALES/Modulo Actos Administrativos/Modulo Viáticos/Eliminar Viàticos/td_QUINTERO 5 EMPLEADO")): Object: 'Object Repository/1-OBJECTS TAREAS PRINCIPALES/Modulo Actos Administrativos/Modulo Viáticos/Eliminar Viàticos/td_QUINTERO 5 EMPLEADO' is clicked on

2022-06-10 09:16:43 - [MESSAGE][PASSED] - Object: 'Object Repository/1-OBJECTS TAREAS PRINCIPALES/Modulo Actos Administrativos/Modulo Viáticos/Eliminar Viàticos/td_QUINTERO 5 EMPLEADO' is clicked on

2022-06-10 09:16:43 - [TEST_STEP][PASSED] - click(findTestObject("1-OBJECTS TAREAS PRINCIPALES/Modulo Actos Administrativos/Modulo Viáticos/Eliminar Viàticos/a_Eliminar")): Object: 'Object Repository/1-OBJECTS TAREAS PRINCIPALES/Modulo Actos Administrativos/Modulo Viáticos/Eliminar Viàticos/a_Eliminar' is clicked on

2022-06-10 09:16:44 - [MESSAGE][PASSED] - Object: 'Object Repository/1-OBJECTS TAREAS PRINCIPALES/Modulo Actos Administrativos/Modulo Viáticos/Eliminar Viàticos/a_Eliminar' is clicked on

2022-06-10 09:16:44 - [TEST_STEP][PASSED] - click(findTestObject("1-OBJECTS TAREAS PRINCIPALES/Modulo Actos Administrativos/Modulo Viáticos/Eliminar Viàticos/a_Programacin")): Object: 'Object Repository/1-OBJECTS TAREAS PRINCIPALES/Modulo Actos Administrativos/Modulo Viáticos/Eliminar Viàticos/a_Programacin' is clicked on

2022-06-10 09:16:45 - [MESSAGE][PASSED] - Object: 'Object Repository/1-OBJECTS TAREAS PRINCIPALES/Modulo Actos Administrativos/Modulo Viáticos/Eliminar Viàticos/a_Programacin' is clicked on

2022-06-10 09:16:45 - [TEST_STEP][PASSED] - if (waitForElementVisible(findTestObject("1-OBJECTS TAREAS PRINCIPALES/Modulo Actos Administrativos/Modulo Viáticos/Eliminar Viàticos/td_5"), 1)): null

2022-06-10 09:16:45 - [MESSAGE][PASSED] - Object 'Object Repository/1-OBJECTS TAREAS PRINCIPALES/Modulo Actos Administrativos/Modulo Viáticos/Eliminar Viàticos/td_5' is visible

2022-06-10 09:16:45 - [TEST_STEP][PASSED] - click(findTestObject("1-OBJECTS TAREAS PRINCIPALES/Modulo Actos Administrativos/Modulo Viáticos/Eliminar Viàticos/td_5")): Object: 'Object Repository/1-OBJECTS TAREAS PRINCIPALES/Modulo Actos Administrativos/Modulo Viáticos/Eliminar Viàticos/td_5' is clicked on

2022-06-10 09:16:46 - [MESSAGE][PASSED] - Object: 'Object Repository/1-OBJECTS TAREAS PRINCIPALES/Modulo Actos Administrativos/Modulo Viáticos/Eliminar Viàticos/td_5' is clicked on

2022-06-10 09:16:46 - [TEST_STEP][PASSED] - waitForElementClickable(findTestObject("1-OBJECTS TAREAS PRINCIPALES/Modulo Actos Administrativos/Modulo Viáticos/Eliminar Viàticos/a_Archivo"), 0): Object 'Object Repository/1-OBJECTS TAREAS PRINCIPALES/Modulo Actos Administrativos/Modulo Viáticos/Eliminar Viàticos/a_Archivo' is clickable

2022-06-10 09:16:46 - [MESSAGE][WARNING] - Timeout '0' is invalid. Using default page load timeout: '37'

2022-06-10 09:16:47 - [MESSAGE][PASSED] - Object 'Object Repository/1-OBJECTS TAREAS PRINCIPALES/Modulo Actos Administrativos/Modulo Viáticos/Eliminar Viàticos/a_Archivo' is clickable

2022-06-10 09:16:47 - [TEST_STEP][PASSED] - click(findTestObject("1-OBJECTS TAREAS PRINCIPALES/Modulo Actos Administrativos/Modulo Viáticos/Eliminar Viàticos/a_Archivo")): Object: 'Object Repository/1-OBJECTS TAREAS PRINCIPALES/Modulo Actos Administrativos/Modulo Viáticos/Eliminar Viàticos/a_Archivo' is clicked on

2022-06-10 09:16:47 - [MESSAGE][PASSED] - Object: 'Object Repository/1-OBJECTS TAREAS PRINCIPALES/Modulo Actos Administrativos/Modulo Viáticos/Eliminar Viàticos/a_Archivo' is clicked on

2022-06-10 09:16:47 - [TEST_STEP][PASSED] - if (waitForElementVisible(findTestObject("1-OBJECTS TAREAS PRINCIPALES/Modulo Actos Administrativos/Modulo Viáticos/Eliminar Viàticos/a_Eliminar_ archivo"), 1)): null

2022-06-10 09:16:48 - [MESSAGE][PASSED] - Object 'Object Repository/1-OBJECTS TAREAS PRINCIPALES/Modulo Actos Administrativos/Modulo Viáticos/Eliminar Viàticos/a_Eliminar_ archivo' is visible

2022-06-10 09:16:48 - [TEST_STEP][PASSED] - click(findTestObject("1-OBJECTS TAREAS PRINCIPALES/Modulo Actos Administrativos/Modulo Viáticos/Eliminar Viàticos/a_Eliminar_ archivo")): Object: 'Object Repository/1-OBJECTS TAREAS PRINCIPALES/Modulo Actos Administrativos/Modulo Viáticos/Eliminar Viàticos/a_Eliminar_ archivo' is clicked on

2022-06-10 09:16:48 - [MESSAGE][PASSED] - Object: 'Object Repository/1-OBJECTS TAREAS PRINCIPALES/Modulo Actos Administrativos/Modulo Viáticos/Eliminar Viàticos/a_Eliminar_ archivo' is clicked on

2022-06-10 09:16:48 - [TEST_STEP][PASSED] - click(findTestObject("1-OBJECTS TAREAS PRINCIPALES/Modulo Actos Administrativos/Modulo Viáticos/Eliminar Viàticos/a_Aceptar")): Object: 'Object Repository/1-OBJECTS TAREAS PRINCIPALES/Modulo Actos Administrativos/Modulo Viáticos/Eliminar Viàticos/a_Aceptar' is clicked on

2022-06-10 09:16:49 - [MESSAGE][PASSED] - Object: 'Object Repository/1-OBJECTS TAREAS PRINCIPALES/Modulo Actos Administrativos/Modulo Viáticos/Eliminar Viàticos/a_Aceptar' is clicked on

2022-06-10 09:16:49 - [TEST_STEP][PASSED] - waitForElementClickable(findTestObject("1-OBJECTS TAREAS PRINCIPALES/Modulo Actos Administrativos/Modulo Viáticos/Eliminar Viàticos/a_Otras Entidades"), 0): Object 'Object Repository/1-OBJECTS TAREAS PRINCIPALES/Modulo Actos Administrativos/Modulo Viáticos/Eliminar Viàticos/a_Otras Entidades' is clickable

2022-06-10 09:16:49 - [MESSAGE][WARNING] - Timeout '0' is invalid. Using default page load timeout: '37'

2022-06-10 09:16:50 - [MESSAGE][PASSED] - Object 'Object Repository/1-OBJECTS TAREAS PRINCIPALES/Modulo Actos Administrativos/Modulo Viáticos/Eliminar Viàticos/a_Otras Entidades' is clickable

2022-06-10 09:16:50 - [TEST_STEP][PASSED] - click(findTestObject("1-OBJECTS TAREAS PRINCIPALES/Modulo Actos Administrativos/Modulo Viáticos/Eliminar Viàticos/a_Otras Entidades")): Object: 'Object Repository/1-OBJECTS TAREAS PRINCIPALES/Modulo Actos Administrativos/Modulo Viáticos/Eliminar Viàticos/a_Otras Entidades' is clicked on

2022-06-10 09:16:50 - [MESSAGE][PASSED] - Object: 'Object Repository/1-OBJECTS TAREAS PRINCIPALES/Modulo Actos Administrativos/Modulo Viáticos/Eliminar Viàticos/a_Otras Entidades' is clicked on

2022-06-10 09:16:50 - [TEST_STEP][PASSED] - if (waitForElementVisible(findTestObject("1-OBJECTS TAREAS PRINCIPALES/Modulo Actos Administrativos/Modulo Viáticos/Eliminar Viàticos/a_Eliminar_Otras Entidades"), 1)): Web element with id: 'Object Repository/1-OBJECTS TAREAS PRINCIPALES/Modulo Actos Administrativos/Modulo Viáticos/Eliminar Viàticos/a_Eliminar_Otras Entidades' located by '//div[3]/div/div[2]/table/tbody/tr/td[4]/a' not found

2022-06-10 09:16:52 - [MESSAGE][INFO] - Unable to find the element located by 'By.xpath: //div[3]/div/div[2]/table/tbody/tr/td[4]/a'. Please recheck the objects properties to make sure the desired element is located. 

2022-06-10 09:16:52 - [MESSAGE][WARNING] - Web element with id: 'Object Repository/1-OBJECTS TAREAS PRINCIPALES/Modulo Actos Administrativos/Modulo Viáticos/Eliminar Viàticos/a_Eliminar_Otras Entidades' located by '//div[3]/div/div[2]/table/tbody/tr/td[4]/a' not found

2022-06-10 09:16:52 - [TEST_STEP][PASSED] - click(findTestObject("1-OBJECTS TAREAS PRINCIPALES/Modulo Actos Administrativos/Modulo Viáticos/Eliminar Viàticos/a_Entidades Vigiladas")): Object: 'Object Repository/1-OBJECTS TAREAS PRINCIPALES/Modulo Actos Administrativos/Modulo Viáticos/Eliminar Viàticos/a_Entidades Vigiladas' is clicked on

2022-06-10 09:16:53 - [MESSAGE][PASSED] - Object: 'Object Repository/1-OBJECTS TAREAS PRINCIPALES/Modulo Actos Administrativos/Modulo Viáticos/Eliminar Viàticos/a_Entidades Vigiladas' is clicked on

2022-06-10 09:16:53 - [TEST_STEP][PASSED] - if (waitForElementVisible(findTestObject("1-OBJECTS TAREAS PRINCIPALES/Modulo Actos Administrativos/Modulo Viáticos/Eliminar Viàticos/td_123"), 1)): Web element with id: 'Object Repository/1-OBJECTS TAREAS PRINCIPALES/Modulo Actos Administrativos/Modulo Viáticos/Eliminar Viàticos/td_123' located by '//div/div[2]/div/div[2]/table/tbody/tr/td/span' not found

2022-06-10 09:16:55 - [MESSAGE][INFO] - Unable to find the element located by 'By.xpath: //div/div[2]/div/div[2]/table/tbody/tr/td/span'. Please recheck the objects properties to make sure the desired element is located. 

2022-06-10 09:16:55 - [MESSAGE][WARNING] - Web element with id: 'Object Repository/1-OBJECTS TAREAS PRINCIPALES/Modulo Actos Administrativos/Modulo Viáticos/Eliminar Viàticos/td_123' located by '//div/div[2]/div/div[2]/table/tbody/tr/td/span' not found

2022-06-10 09:16:55 - [TEST_STEP][PASSED] - click(findTestObject("1-OBJECTS TAREAS PRINCIPALES/Modulo Actos Administrativos/Modulo Viáticos/Eliminar Viàticos/a_Detalle"), STOP_ON_FAILURE): Object: 'Object Repository/1-OBJECTS TAREAS PRINCIPALES/Modulo Actos Administrativos/Modulo Viáticos/Eliminar Viàticos/a_Detalle' is clicked on

2022-06-10 09:16:55 - [MESSAGE][PASSED] - Object: 'Object Repository/1-OBJECTS TAREAS PRINCIPALES/Modulo Actos Administrativos/Modulo Viáticos/Eliminar Viàticos/a_Detalle' is clicked on

2022-06-10 09:16:55 - [TEST_STEP][PASSED] - if (waitForElementVisible(findTestObject("1-OBJECTS TAREAS PRINCIPALES/Modulo Actos Administrativos/Modulo Viáticos/Eliminar Viàticos/a_Eliminar_Programacion"), 1)): null

2022-06-10 09:16:56 - [MESSAGE][PASSED] - Object 'Object Repository/1-OBJECTS TAREAS PRINCIPALES/Modulo Actos Administrativos/Modulo Viáticos/Eliminar Viàticos/a_Eliminar_Programacion' is visible

2022-06-10 09:16:56 - [TEST_STEP][PASSED] - click(findTestObject("1-OBJECTS TAREAS PRINCIPALES/Modulo Actos Administrativos/Modulo Viáticos/Eliminar Viàticos/a_Eliminar_Programacion")): Object: 'Object Repository/1-OBJECTS TAREAS PRINCIPALES/Modulo Actos Administrativos/Modulo Viáticos/Eliminar Viàticos/a_Eliminar_Programacion' is clicked on

2022-06-10 09:16:57 - [MESSAGE][PASSED] - Object: 'Object Repository/1-OBJECTS TAREAS PRINCIPALES/Modulo Actos Administrativos/Modulo Viáticos/Eliminar Viàticos/a_Eliminar_Programacion' is clicked on

2022-06-10 09:16:57 - [TEST_STEP][PASSED] - click(findTestObject("1-OBJECTS TAREAS PRINCIPALES/Modulo Actos Administrativos/Modulo Viáticos/Eliminar Viàticos/span_Si_eliminar Programacion")): Object: 'Object Repository/1-OBJECTS TAREAS PRINCIPALES/Modulo Actos Administrativos/Modulo Viáticos/Eliminar Viàticos/span_Si_eliminar Programacion' is clicked on

2022-06-10 09:16:57 - [MESSAGE][PASSED] - Object: 'Object Repository/1-OBJECTS TAREAS PRINCIPALES/Modulo Actos Administrativos/Modulo Viáticos/Eliminar Viàticos/span_Si_eliminar Programacion' is clicked on

2022-06-10 09:16:57 - [TEST_STEP][PASSED] - waitForElementVisible(findTestObject("1-OBJECTS TAREAS PRINCIPALES/Modulo Actos Administrativos/Modulo Viáticos/Eliminar Viàticos/p_El registro ha sido borrado"), 0): Object 'Object Repository/1-OBJECTS TAREAS PRINCIPALES/Modulo Actos Administrativos/Modulo Viáticos/Eliminar Viàticos/p_El registro ha sido borrado' is visible

2022-06-10 09:16:57 - [MESSAGE][WARNING] - Timeout '0' is invalid. Using default page load timeout: '37'

2022-06-10 09:16:58 - [MESSAGE][PASSED] - Object 'Object Repository/1-OBJECTS TAREAS PRINCIPALES/Modulo Actos Administrativos/Modulo Viáticos/Eliminar Viàticos/p_El registro ha sido borrado' is visible

2022-06-10 09:16:58 - [TEST_STEP][PASSED] - waitForElementClickable(findTestObject("1-OBJECTS TAREAS PRINCIPALES/Modulo Actos Administrativos/Modulo Viáticos/Eliminar Viàticos/a_Registro"), 0): Object 'Object Repository/1-OBJECTS TAREAS PRINCIPALES/Modulo Actos Administrativos/Modulo Viáticos/Eliminar Viàticos/a_Registro' is clickable

2022-06-10 09:16:58 - [MESSAGE][WARNING] - Timeout '0' is invalid. Using default page load timeout: '37'

2022-06-10 09:16:58 - [MESSAGE][PASSED] - Object 'Object Repository/1-OBJECTS TAREAS PRINCIPALES/Modulo Actos Administrativos/Modulo Viáticos/Eliminar Viàticos/a_Registro' is clickable

2022-06-10 09:16:58 - [TEST_STEP][PASSED] - click(findTestObject("1-OBJECTS TAREAS PRINCIPALES/Modulo Actos Administrativos/Modulo Viáticos/Eliminar Viàticos/a_Registro")): Object: 'Object Repository/1-OBJECTS TAREAS PRINCIPALES/Modulo Actos Administrativos/Modulo Viáticos/Eliminar Viàticos/a_Registro' is clicked on

2022-06-10 09:16:59 - [MESSAGE][PASSED] - Object: 'Object Repository/1-OBJECTS TAREAS PRINCIPALES/Modulo Actos Administrativos/Modulo Viáticos/Eliminar Viàticos/a_Registro' is clicked on

2022-06-10 09:16:59 - [TEST_STEP][PASSED] - if (waitForElementClickable(findTestObject("1-OBJECTS TAREAS PRINCIPALES/Modulo Actos Administrativos/Modulo Viáticos/Eliminar Viàticos/a_Eliminar_viaticos2"), 1)): null

2022-06-10 09:17:00 - [MESSAGE][PASSED] - Object 'Object Repository/1-OBJECTS TAREAS PRINCIPALES/Modulo Actos Administrativos/Modulo Viáticos/Eliminar Viàticos/a_Eliminar_viaticos2' is clickable

2022-06-10 09:17:00 - [TEST_STEP][PASSED] - click(findTestObject("1-OBJECTS TAREAS PRINCIPALES/Modulo Actos Administrativos/Modulo Viáticos/Eliminar Viàticos/a_Eliminar_viaticos2")): Object: 'Object Repository/1-OBJECTS TAREAS PRINCIPALES/Modulo Actos Administrativos/Modulo Viáticos/Eliminar Viàticos/a_Eliminar_viaticos2' is clicked on

2022-06-10 09:17:00 - [MESSAGE][PASSED] - Object: 'Object Repository/1-OBJECTS TAREAS PRINCIPALES/Modulo Actos Administrativos/Modulo Viáticos/Eliminar Viàticos/a_Eliminar_viaticos2' is clicked on

2022-06-10 09:17:00 - [TEST_STEP][PASSED] - waitForElementVisible(findTestObject("1-OBJECTS TAREAS PRINCIPALES/Modulo Actos Administrativos/Modulo Viáticos/Eliminar Viàticos/span_Si_Eliminar_viatico"), 0): Object 'Object Repository/1-OBJECTS TAREAS PRINCIPALES/Modulo Actos Administrativos/Modulo Viáticos/Eliminar Viàticos/span_Si_Eliminar_viatico' is visible

2022-06-10 09:17:00 - [MESSAGE][WARNING] - Timeout '0' is invalid. Using default page load timeout: '37'

2022-06-10 09:17:00 - [MESSAGE][PASSED] - Object 'Object Repository/1-OBJECTS TAREAS PRINCIPALES/Modulo Actos Administrativos/Modulo Viáticos/Eliminar Viàticos/span_Si_Eliminar_viatico' is visible

2022-06-10 09:17:00 - [TEST_STEP][PASSED] - click(findTestObject("1-OBJECTS TAREAS PRINCIPALES/Modulo Actos Administrativos/Modulo Viáticos/Eliminar Viàticos/span_Si_Eliminar_viatico")): Object: 'Object Repository/1-OBJECTS TAREAS PRINCIPALES/Modulo Actos Administrativos/Modulo Viáticos/Eliminar Viàticos/span_Si_Eliminar_viatico' is clicked on

2022-06-10 09:17:01 - [MESSAGE][PASSED] - Object: 'Object Repository/1-OBJECTS TAREAS PRINCIPALES/Modulo Actos Administrativos/Modulo Viáticos/Eliminar Viàticos/span_Si_Eliminar_viatico' is clicked on

2022-06-10 09:17:01 - [TEST_STEP][PASSED] - if (waitForElementVisible(findTestObject("1-OBJECTS TAREAS PRINCIPALES/Modulo Actos Administrativos/Modulo Viáticos/Eliminar Viàticos/a_Detalle"), 1)): Web element with id: 'Object Repository/1-OBJECTS TAREAS PRINCIPALES/Modulo Actos Administrativos/Modulo Viáticos/Eliminar Viàticos/a_Detalle' located by '//a[contains(text(),'Detalle')]' not found

2022-06-10 09:17:03 - [MESSAGE][INFO] - Unable to find the element located by 'By.xpath: //a[contains(text(),'Detalle')]'. Please recheck the objects properties to make sure the desired element is located. 

2022-06-10 09:17:03 - [MESSAGE][WARNING] - Web element with id: 'Object Repository/1-OBJECTS TAREAS PRINCIPALES/Modulo Actos Administrativos/Modulo Viáticos/Eliminar Viàticos/a_Detalle' located by '//a[contains(text(),'Detalle')]' not found

2022-06-10 09:17:03 - [TEST_STEP][PASSED] - if (waitForElementClickable(findTestObject("1-OBJECTS TAREAS PRINCIPALES/Modulo Actos Administrativos/Modulo Viáticos/Eliminar Viàticos/a_Registro"), 1)): null

2022-06-10 09:17:04 - [MESSAGE][PASSED] - Object 'Object Repository/1-OBJECTS TAREAS PRINCIPALES/Modulo Actos Administrativos/Modulo Viáticos/Eliminar Viàticos/a_Registro' is clickable

2022-06-10 09:17:04 - [TEST_STEP][PASSED] - click(findTestObject("1-OBJECTS TAREAS PRINCIPALES/Modulo Actos Administrativos/Modulo Viáticos/Eliminar Viàticos/a_Registro")): Object: 'Object Repository/1-OBJECTS TAREAS PRINCIPALES/Modulo Actos Administrativos/Modulo Viáticos/Eliminar Viàticos/a_Registro' is clicked on

2022-06-10 09:17:04 - [MESSAGE][PASSED] - Object: 'Object Repository/1-OBJECTS TAREAS PRINCIPALES/Modulo Actos Administrativos/Modulo Viáticos/Eliminar Viàticos/a_Registro' is clicked on

2022-06-10 09:17:04 - [TEST_STEP][PASSED] - if (waitForElementVisible(findTestObject("1-OBJECTS TAREAS PRINCIPALES/Modulo Actos Administrativos/Modulo Viáticos/Eliminar Viàticos/a_Eliminar_Viatico"), 1)): Web element with id: 'Object Repository/1-OBJECTS TAREAS PRINCIPALES/Modulo Actos Administrativos/Modulo Viáticos/Eliminar Viàticos/a_Eliminar_Viatico' located by '//a[contains(text(),'Eliminar')]' not found

2022-06-10 09:17:06 - [MESSAGE][INFO] - Unable to find the element located by 'By.xpath: //a[contains(text(),'Eliminar')]'. Please recheck the objects properties to make sure the desired element is located. 

2022-06-10 09:17:06 - [MESSAGE][WARNING] - Web element with id: 'Object Repository/1-OBJECTS TAREAS PRINCIPALES/Modulo Actos Administrativos/Modulo Viáticos/Eliminar Viàticos/a_Eliminar_Viatico' located by '//a[contains(text(),'Eliminar')]' not found

2022-06-10 09:17:06 - [MESSAGE][PASSED] - Call Test Case 'Test Cases/1.1-Tareas Principales/1.7.3 Eliminar Viàtico' successfully

2022-06-10 09:17:06 - [TEST_STEP][PASSED] - setText(findTestObject("1-OBJECTS TAREAS PRINCIPALES/Modulo Actos Administrativos/Modulo Viáticos/Crear viatico/input_Ao_form_listadoviaticosanio"), "2021"): Text '2021' is set on object 'Object Repository/1-OBJECTS TAREAS PRINCIPALES/Modulo Actos Administrativos/Modulo Viáticos/Crear viatico/input_Ao_form_listadoviaticosanio'

2022-06-10 09:17:07 - [MESSAGE][PASSED] - Text '2021' is set on object 'Object Repository/1-OBJECTS TAREAS PRINCIPALES/Modulo Actos Administrativos/Modulo Viáticos/Crear viatico/input_Ao_form_listadoviaticosanio'

2022-06-10 09:17:07 - [TEST_STEP][PASSED] - sendKeys(findTestObject("1-OBJECTS TAREAS PRINCIPALES/Modulo Actos Administrativos/Modulo Viáticos/Crear viatico/input_Ao_form_listadoviaticosanio"), Keys.chord(ENTER)): Keys 'ENTER + ' sent to object: 'Object Repository/1-OBJECTS TAREAS PRINCIPALES/Modulo Actos Administrativos/Modulo Viáticos/Crear viatico/input_Ao_form_listadoviaticosanio'

2022-06-10 09:17:07 - [MESSAGE][PASSED] - Keys 'ENTER + ' sent to object: 'Object Repository/1-OBJECTS TAREAS PRINCIPALES/Modulo Actos Administrativos/Modulo Viáticos/Crear viatico/input_Ao_form_listadoviaticosanio'

2022-06-10 09:17:07 - [TEST_STEP][PASSED] - selectOptionByIndex(findTestObject("1-OBJECTS TAREAS PRINCIPALES/Modulo Actos Administrativos/Modulo Viáticos/Crear viatico/select_--Seleccione--Estado"), 2): All options with index in [2] are selected on object 'Object Repository/1-OBJECTS TAREAS PRINCIPALES/Modulo Actos Administrativos/Modulo Viáticos/Crear viatico/select_--Seleccione--Estado'

2022-06-10 09:17:09 - [MESSAGE][PASSED] - All options with index in [2] are selected on object 'Object Repository/1-OBJECTS TAREAS PRINCIPALES/Modulo Actos Administrativos/Modulo Viáticos/Crear viatico/select_--Seleccione--Estado'

2022-06-10 09:17:09 - [TEST_STEP][PASSED] - while (waitForElementVisible(findTestObject("1-OBJECTS TAREAS PRINCIPALES/Modulo Actos Administrativos/Modulo Viáticos/Crear viatico/span_01.07.2021"), 1)): Web element with id: 'Object Repository/1-OBJECTS TAREAS PRINCIPALES/Modulo Actos Administrativos/Modulo Viáticos/Crear viatico/span_01.07.2021' located by '//*/text()[normalize-space(.)='01/07/2021']/parent::*' not found

2022-06-10 09:17:11 - [MESSAGE][INFO] - Unable to find the element located by 'By.xpath: //*/text()[normalize-space(.)='01/07/2021']/parent::*'. Please recheck the objects properties to make sure the desired element is located. 

2022-06-10 09:17:11 - [MESSAGE][WARNING] - Web element with id: 'Object Repository/1-OBJECTS TAREAS PRINCIPALES/Modulo Actos Administrativos/Modulo Viáticos/Crear viatico/span_01.07.2021' located by '//*/text()[normalize-space(.)='01/07/2021']/parent::*' not found

2022-06-10 09:17:11 - [TEST_STEP][PASSED] - click(findTestObject("1-OBJECTS TAREAS PRINCIPALES/Modulo Actos Administrativos/Modulo Viáticos/Crear viatico/Page_SARA/a_Nuevo")): Object: 'Object Repository/1-OBJECTS TAREAS PRINCIPALES/Modulo Actos Administrativos/Modulo Viáticos/Crear viatico/Page_SARA/a_Nuevo' is clicked on

2022-06-10 09:17:11 - [MESSAGE][PASSED] - Object: 'Object Repository/1-OBJECTS TAREAS PRINCIPALES/Modulo Actos Administrativos/Modulo Viáticos/Crear viatico/Page_SARA/a_Nuevo' is clicked on

2022-06-10 09:17:11 - [TEST_STEP][PASSED] - waitForElementClickable(findTestObject("1-OBJECTS TAREAS PRINCIPALES/Modulo Actos Administrativos/Modulo Viáticos/Crear viatico/Page_SARA/span_Creacin de una solicitud de vitico"), 0): Object 'Object Repository/1-OBJECTS TAREAS PRINCIPALES/Modulo Actos Administrativos/Modulo Viáticos/Crear viatico/Page_SARA/span_Creacin de una solicitud de vitico' is clickable

2022-06-10 09:17:12 - [MESSAGE][WARNING] - Timeout '0' is invalid. Using default page load timeout: '37'

2022-06-10 09:17:12 - [MESSAGE][PASSED] - Object 'Object Repository/1-OBJECTS TAREAS PRINCIPALES/Modulo Actos Administrativos/Modulo Viáticos/Crear viatico/Page_SARA/span_Creacin de una solicitud de vitico' is clickable

2022-06-10 09:17:12 - [TEST_STEP][PASSED] - doubleClick(findTestObject("1-OBJECTS TAREAS PRINCIPALES/Modulo Actos Administrativos/Modulo Viáticos/Crear viatico/Page_SARA/span_Creacin de una solicitud de vitico")): Object: 'Object Repository/1-OBJECTS TAREAS PRINCIPALES/Modulo Actos Administrativos/Modulo Viáticos/Crear viatico/Page_SARA/span_Creacin de una solicitud de vitico' is double clicked on

2022-06-10 09:17:13 - [MESSAGE][PASSED] - Object: 'Object Repository/1-OBJECTS TAREAS PRINCIPALES/Modulo Actos Administrativos/Modulo Viáticos/Crear viatico/Page_SARA/span_Creacin de una solicitud de vitico' is double clicked on

2022-06-10 09:17:13 - [TEST_STEP][PASSED] - setText(findTestObject("1-OBJECTS TAREAS PRINCIPALES/Modulo Actos Administrativos/Modulo Viáticos/Crear viatico/Page_SARA/input_Fecha_form_detalleviaticosFechaNumero_input"), "01/07/2021"): Text '01/07/2021' is set on object 'Object Repository/1-OBJECTS TAREAS PRINCIPALES/Modulo Actos Administrativos/Modulo Viáticos/Crear viatico/Page_SARA/input_Fecha_form_detalleviaticosFechaNumero_input'

2022-06-10 09:17:14 - [MESSAGE][PASSED] - Text '01/07/2021' is set on object 'Object Repository/1-OBJECTS TAREAS PRINCIPALES/Modulo Actos Administrativos/Modulo Viáticos/Crear viatico/Page_SARA/input_Fecha_form_detalleviaticosFechaNumero_input'

2022-06-10 09:17:14 - [TEST_STEP][PASSED] - setText(findTestObject("1-OBJECTS TAREAS PRINCIPALES/Modulo Actos Administrativos/Modulo Viáticos/Crear viatico/Page_SARA/input_Nmero_form_detalleviaticosNumero"), "5"): Text '5' is set on object 'Object Repository/1-OBJECTS TAREAS PRINCIPALES/Modulo Actos Administrativos/Modulo Viáticos/Crear viatico/Page_SARA/input_Nmero_form_detalleviaticosNumero'

2022-06-10 09:17:15 - [MESSAGE][PASSED] - Text '5' is set on object 'Object Repository/1-OBJECTS TAREAS PRINCIPALES/Modulo Actos Administrativos/Modulo Viáticos/Crear viatico/Page_SARA/input_Nmero_form_detalleviaticosNumero'

2022-06-10 09:17:15 - [TEST_STEP][PASSED] - sendKeys(findTestObject("1-OBJECTS TAREAS PRINCIPALES/Modulo Actos Administrativos/Modulo Viáticos/Crear viatico/Page_SARA/input_Fecha_form_detalleviaticosFechaNumero_input"), Keys.chord(ESCAPE)): Keys 'ESCAPE + ' sent to object: 'Object Repository/1-OBJECTS TAREAS PRINCIPALES/Modulo Actos Administrativos/Modulo Viáticos/Crear viatico/Page_SARA/input_Fecha_form_detalleviaticosFechaNumero_input'

2022-06-10 09:17:15 - [MESSAGE][PASSED] - Keys 'ESCAPE + ' sent to object: 'Object Repository/1-OBJECTS TAREAS PRINCIPALES/Modulo Actos Administrativos/Modulo Viáticos/Crear viatico/Page_SARA/input_Fecha_form_detalleviaticosFechaNumero_input'

2022-06-10 09:17:15 - [TEST_STEP][PASSED] - selectOptionByIndex(findTestObject("1-OBJECTS TAREAS PRINCIPALES/Modulo Actos Administrativos/Modulo Viáticos/Crear viatico/Page_SARA/select_--- Seleccione Destino --Barranquilla"), "3"): All options with index in [3] are selected on object 'Object Repository/1-OBJECTS TAREAS PRINCIPALES/Modulo Actos Administrativos/Modulo Viáticos/Crear viatico/Page_SARA/select_--- Seleccione Destino --Barranquilla'

2022-06-10 09:17:16 - [MESSAGE][PASSED] - All options with index in [3] are selected on object 'Object Repository/1-OBJECTS TAREAS PRINCIPALES/Modulo Actos Administrativos/Modulo Viáticos/Crear viatico/Page_SARA/select_--- Seleccione Destino --Barranquilla'

2022-06-10 09:17:16 - [TEST_STEP][PASSED] - waitForElementClickable(findTestObject("1-OBJECTS TAREAS PRINCIPALES/Modulo Actos Administrativos/Modulo Viáticos/Crear viatico/Page_SARA/select_-- Seleccione Tipo Comisin --ADMINISTRATIVO"), 0): Object 'Object Repository/1-OBJECTS TAREAS PRINCIPALES/Modulo Actos Administrativos/Modulo Viáticos/Crear viatico/Page_SARA/select_-- Seleccione Tipo Comisin --ADMINISTRATIVO' is clickable

2022-06-10 09:17:17 - [MESSAGE][WARNING] - Timeout '0' is invalid. Using default page load timeout: '37'

2022-06-10 09:17:17 - [MESSAGE][PASSED] - Object 'Object Repository/1-OBJECTS TAREAS PRINCIPALES/Modulo Actos Administrativos/Modulo Viáticos/Crear viatico/Page_SARA/select_-- Seleccione Tipo Comisin --ADMINISTRATIVO' is clickable

2022-06-10 09:17:17 - [TEST_STEP][PASSED] - selectOptionByIndex(findTestObject("1-OBJECTS TAREAS PRINCIPALES/Modulo Actos Administrativos/Modulo Viáticos/Crear viatico/Page_SARA/select_-- Seleccione Tipo Comisin --ADMINISTRATIVO"), "1"): All options with index in [1] are selected on object 'Object Repository/1-OBJECTS TAREAS PRINCIPALES/Modulo Actos Administrativos/Modulo Viáticos/Crear viatico/Page_SARA/select_-- Seleccione Tipo Comisin --ADMINISTRATIVO'

2022-06-10 09:17:18 - [MESSAGE][PASSED] - All options with index in [1] are selected on object 'Object Repository/1-OBJECTS TAREAS PRINCIPALES/Modulo Actos Administrativos/Modulo Viáticos/Crear viatico/Page_SARA/select_-- Seleccione Tipo Comisin --ADMINISTRATIVO'

2022-06-10 09:17:18 - [TEST_STEP][PASSED] - waitForElementClickable(findTestObject("1-OBJECTS TAREAS PRINCIPALES/Modulo Actos Administrativos/Modulo Viáticos/Crear viatico/Page_SARA/select_-- Seleccione Tipo Comisin --ADMINISTRATIVO"), 0): Object 'Object Repository/1-OBJECTS TAREAS PRINCIPALES/Modulo Actos Administrativos/Modulo Viáticos/Crear viatico/Page_SARA/select_-- Seleccione Tipo Comisin --ADMINISTRATIVO' is clickable

2022-06-10 09:17:18 - [MESSAGE][WARNING] - Timeout '0' is invalid. Using default page load timeout: '37'

2022-06-10 09:17:18 - [MESSAGE][PASSED] - Object 'Object Repository/1-OBJECTS TAREAS PRINCIPALES/Modulo Actos Administrativos/Modulo Viáticos/Crear viatico/Page_SARA/select_-- Seleccione Tipo Comisin --ADMINISTRATIVO' is clickable

2022-06-10 09:17:18 - [TEST_STEP][PASSED] - selectOptionByIndex(findTestObject("1-OBJECTS TAREAS PRINCIPALES/Modulo Actos Administrativos/Modulo Viáticos/Crear viatico/Page_SARA/select_--- Seleccione Ambito --NACIONAL 1"), "3"): All options with index in [3] are selected on object 'Object Repository/1-OBJECTS TAREAS PRINCIPALES/Modulo Actos Administrativos/Modulo Viáticos/Crear viatico/Page_SARA/select_--- Seleccione Ambito --NACIONAL 1'

2022-06-10 09:17:19 - [MESSAGE][PASSED] - All options with index in [3] are selected on object 'Object Repository/1-OBJECTS TAREAS PRINCIPALES/Modulo Actos Administrativos/Modulo Viáticos/Crear viatico/Page_SARA/select_--- Seleccione Ambito --NACIONAL 1'

2022-06-10 09:17:19 - [TEST_STEP][PASSED] - click(findTestObject("1-OBJECTS TAREAS PRINCIPALES/Modulo Actos Administrativos/Modulo Viáticos/Crear viatico/Page_SARA/a_Rubro_form_detalleviaticosj_idt1295")): Object: 'Object Repository/1-OBJECTS TAREAS PRINCIPALES/Modulo Actos Administrativos/Modulo Viáticos/Crear viatico/Page_SARA/a_Rubro_form_detalleviaticosj_idt1295' is clicked on

2022-06-10 09:17:20 - [MESSAGE][PASSED] - Object: 'Object Repository/1-OBJECTS TAREAS PRINCIPALES/Modulo Actos Administrativos/Modulo Viáticos/Crear viatico/Page_SARA/a_Rubro_form_detalleviaticosj_idt1295' is clicked on

2022-06-10 09:17:20 - [TEST_STEP][PASSED] - waitForElementClickable(findTestObject("1-OBJECTS TAREAS PRINCIPALES/Modulo Actos Administrativos/Modulo Viáticos/Crear viatico/Page_SARA/td_Prueba Plan Inversin"), 0): Object 'Object Repository/1-OBJECTS TAREAS PRINCIPALES/Modulo Actos Administrativos/Modulo Viáticos/Crear viatico/Page_SARA/td_Prueba Plan Inversin' is clickable

2022-06-10 09:17:20 - [MESSAGE][WARNING] - Timeout '0' is invalid. Using default page load timeout: '37'

2022-06-10 09:17:21 - [MESSAGE][PASSED] - Object 'Object Repository/1-OBJECTS TAREAS PRINCIPALES/Modulo Actos Administrativos/Modulo Viáticos/Crear viatico/Page_SARA/td_Prueba Plan Inversin' is clickable

2022-06-10 09:17:21 - [TEST_STEP][PASSED] - click(findTestObject("1-OBJECTS TAREAS PRINCIPALES/Modulo Actos Administrativos/Modulo Viáticos/Crear viatico/Page_SARA/td_Prueba Plan Inversin")): Object: 'Object Repository/1-OBJECTS TAREAS PRINCIPALES/Modulo Actos Administrativos/Modulo Viáticos/Crear viatico/Page_SARA/td_Prueba Plan Inversin' is clicked on

2022-06-10 09:17:21 - [MESSAGE][PASSED] - Object: 'Object Repository/1-OBJECTS TAREAS PRINCIPALES/Modulo Actos Administrativos/Modulo Viáticos/Crear viatico/Page_SARA/td_Prueba Plan Inversin' is clicked on

2022-06-10 09:17:21 - [TEST_STEP][PASSED] - click(findTestObject("1-OBJECTS TAREAS PRINCIPALES/Modulo Actos Administrativos/Modulo Viáticos/Crear viatico/Page_SARA/a_Unidad Solicita_form_detalleviaticosj_idt1299")): Object: 'Object Repository/1-OBJECTS TAREAS PRINCIPALES/Modulo Actos Administrativos/Modulo Viáticos/Crear viatico/Page_SARA/a_Unidad Solicita_form_detalleviaticosj_idt1299' is clicked on

2022-06-10 09:17:22 - [MESSAGE][PASSED] - Object: 'Object Repository/1-OBJECTS TAREAS PRINCIPALES/Modulo Actos Administrativos/Modulo Viáticos/Crear viatico/Page_SARA/a_Unidad Solicita_form_detalleviaticosj_idt1299' is clicked on

2022-06-10 09:17:22 - [TEST_STEP][PASSED] - waitForElementClickable(findTestObject("1-OBJECTS TAREAS PRINCIPALES/Modulo Actos Administrativos/Modulo Viáticos/Crear viatico/Page_SARA/input_Unidad_form_detalleviaticosj_idt1487"), 0): Object 'Object Repository/1-OBJECTS TAREAS PRINCIPALES/Modulo Actos Administrativos/Modulo Viáticos/Crear viatico/Page_SARA/input_Unidad_form_detalleviaticosj_idt1487' is clickable

2022-06-10 09:17:22 - [MESSAGE][WARNING] - Timeout '0' is invalid. Using default page load timeout: '37'

2022-06-10 09:17:22 - [MESSAGE][PASSED] - Object 'Object Repository/1-OBJECTS TAREAS PRINCIPALES/Modulo Actos Administrativos/Modulo Viáticos/Crear viatico/Page_SARA/input_Unidad_form_detalleviaticosj_idt1487' is clickable

2022-06-10 09:17:22 - [TEST_STEP][PASSED] - setText(findTestObject("1-OBJECTS TAREAS PRINCIPALES/Modulo Actos Administrativos/Modulo Viáticos/Crear viatico/Page_SARA/input_Unidad_form_detalleviaticosj_idt1487"), "A1"): Text 'A1' is set on object 'Object Repository/1-OBJECTS TAREAS PRINCIPALES/Modulo Actos Administrativos/Modulo Viáticos/Crear viatico/Page_SARA/input_Unidad_form_detalleviaticosj_idt1487'

2022-06-10 09:17:23 - [MESSAGE][PASSED] - Text 'A1' is set on object 'Object Repository/1-OBJECTS TAREAS PRINCIPALES/Modulo Actos Administrativos/Modulo Viáticos/Crear viatico/Page_SARA/input_Unidad_form_detalleviaticosj_idt1487'

2022-06-10 09:17:23 - [TEST_STEP][PASSED] - sendKeys(findTestObject("1-OBJECTS TAREAS PRINCIPALES/Modulo Actos Administrativos/Modulo Viáticos/Crear viatico/Page_SARA/input_Unidad_form_detalleviaticosj_idt1487"), Keys.chord(ENTER)): Keys 'ENTER + ' sent to object: 'Object Repository/1-OBJECTS TAREAS PRINCIPALES/Modulo Actos Administrativos/Modulo Viáticos/Crear viatico/Page_SARA/input_Unidad_form_detalleviaticosj_idt1487'

2022-06-10 09:17:23 - [MESSAGE][PASSED] - Keys 'ENTER + ' sent to object: 'Object Repository/1-OBJECTS TAREAS PRINCIPALES/Modulo Actos Administrativos/Modulo Viáticos/Crear viatico/Page_SARA/input_Unidad_form_detalleviaticosj_idt1487'

2022-06-10 09:17:23 - [TEST_STEP][PASSED] - waitForElementClickable(findTestObject("1-OBJECTS TAREAS PRINCIPALES/Modulo Actos Administrativos/Modulo Viáticos/Crear viatico/Page_SARA/span_ADMINISTRACION"), 0): Object 'Object Repository/1-OBJECTS TAREAS PRINCIPALES/Modulo Actos Administrativos/Modulo Viáticos/Crear viatico/Page_SARA/span_ADMINISTRACION' is clickable

2022-06-10 09:17:23 - [MESSAGE][WARNING] - Timeout '0' is invalid. Using default page load timeout: '37'

2022-06-10 09:17:24 - [MESSAGE][PASSED] - Object 'Object Repository/1-OBJECTS TAREAS PRINCIPALES/Modulo Actos Administrativos/Modulo Viáticos/Crear viatico/Page_SARA/span_ADMINISTRACION' is clickable

2022-06-10 09:17:24 - [TEST_STEP][PASSED] - click(findTestObject("1-OBJECTS TAREAS PRINCIPALES/Modulo Actos Administrativos/Modulo Viáticos/Crear viatico/Page_SARA/span_ADMINISTRACION")): Object: 'Object Repository/1-OBJECTS TAREAS PRINCIPALES/Modulo Actos Administrativos/Modulo Viáticos/Crear viatico/Page_SARA/span_ADMINISTRACION' is clicked on

2022-06-10 09:17:25 - [MESSAGE][PASSED] - Object: 'Object Repository/1-OBJECTS TAREAS PRINCIPALES/Modulo Actos Administrativos/Modulo Viáticos/Crear viatico/Page_SARA/span_ADMINISTRACION' is clicked on

2022-06-10 09:17:25 - [TEST_STEP][PASSED] - waitForElementClickable(findTestObject("1-OBJECTS TAREAS PRINCIPALES/Modulo Actos Administrativos/Modulo Viáticos/Crear viatico/Page_SARA/a_Centro Costo_form_detalleviaticosj_idt1307"), 0): Object 'Object Repository/1-OBJECTS TAREAS PRINCIPALES/Modulo Actos Administrativos/Modulo Viáticos/Crear viatico/Page_SARA/a_Centro Costo_form_detalleviaticosj_idt1307' is clickable

2022-06-10 09:17:25 - [MESSAGE][WARNING] - Timeout '0' is invalid. Using default page load timeout: '37'

2022-06-10 09:17:25 - [MESSAGE][PASSED] - Object 'Object Repository/1-OBJECTS TAREAS PRINCIPALES/Modulo Actos Administrativos/Modulo Viáticos/Crear viatico/Page_SARA/a_Centro Costo_form_detalleviaticosj_idt1307' is clickable

2022-06-10 09:17:25 - [TEST_STEP][PASSED] - click(findTestObject("1-OBJECTS TAREAS PRINCIPALES/Modulo Actos Administrativos/Modulo Viáticos/Crear viatico/Page_SARA/a_Centro Costo_form_detalleviaticosj_idt1307")): Object: 'Object Repository/1-OBJECTS TAREAS PRINCIPALES/Modulo Actos Administrativos/Modulo Viáticos/Crear viatico/Page_SARA/a_Centro Costo_form_detalleviaticosj_idt1307' is clicked on

2022-06-10 09:17:26 - [MESSAGE][PASSED] - Object: 'Object Repository/1-OBJECTS TAREAS PRINCIPALES/Modulo Actos Administrativos/Modulo Viáticos/Crear viatico/Page_SARA/a_Centro Costo_form_detalleviaticosj_idt1307' is clicked on

2022-06-10 09:17:26 - [TEST_STEP][PASSED] - waitForElementClickable(findTestObject("1-OBJECTS TAREAS PRINCIPALES/Modulo Actos Administrativos/Modulo Viáticos/Crear viatico/Page_SARA/span_Centro Costo de Prueba"), 0): Object 'Object Repository/1-OBJECTS TAREAS PRINCIPALES/Modulo Actos Administrativos/Modulo Viáticos/Crear viatico/Page_SARA/span_Centro Costo de Prueba' is clickable

2022-06-10 09:17:26 - [MESSAGE][WARNING] - Timeout '0' is invalid. Using default page load timeout: '37'

2022-06-10 09:17:26 - [MESSAGE][PASSED] - Object 'Object Repository/1-OBJECTS TAREAS PRINCIPALES/Modulo Actos Administrativos/Modulo Viáticos/Crear viatico/Page_SARA/span_Centro Costo de Prueba' is clickable

2022-06-10 09:17:26 - [TEST_STEP][PASSED] - click(findTestObject("1-OBJECTS TAREAS PRINCIPALES/Modulo Actos Administrativos/Modulo Viáticos/Crear viatico/Page_SARA/span_Centro Costo de Prueba")): Object: 'Object Repository/1-OBJECTS TAREAS PRINCIPALES/Modulo Actos Administrativos/Modulo Viáticos/Crear viatico/Page_SARA/span_Centro Costo de Prueba' is clicked on

2022-06-10 09:17:27 - [MESSAGE][PASSED] - Object: 'Object Repository/1-OBJECTS TAREAS PRINCIPALES/Modulo Actos Administrativos/Modulo Viáticos/Crear viatico/Page_SARA/span_Centro Costo de Prueba' is clicked on

2022-06-10 09:17:27 - [TEST_STEP][PASSED] - waitForElementClickable(findTestObject("1-OBJECTS TAREAS PRINCIPALES/Modulo Actos Administrativos/Modulo Viáticos/Crear viatico/Page_SARA/textarea_Objeto_form_detalleviaticosObjeto"), 0): Object 'Object Repository/1-OBJECTS TAREAS PRINCIPALES/Modulo Actos Administrativos/Modulo Viáticos/Crear viatico/Page_SARA/textarea_Objeto_form_detalleviaticosObjeto' is clickable

2022-06-10 09:17:27 - [MESSAGE][WARNING] - Timeout '0' is invalid. Using default page load timeout: '37'

2022-06-10 09:17:27 - [MESSAGE][PASSED] - Object 'Object Repository/1-OBJECTS TAREAS PRINCIPALES/Modulo Actos Administrativos/Modulo Viáticos/Crear viatico/Page_SARA/textarea_Objeto_form_detalleviaticosObjeto' is clickable

2022-06-10 09:17:27 - [TEST_STEP][PASSED] - setText(findTestObject("1-OBJECTS TAREAS PRINCIPALES/Modulo Actos Administrativos/Modulo Viáticos/Crear viatico/Page_SARA/textarea_Objeto_form_detalleviaticosObjeto"), "prueba"): Text 'prueba' is set on object 'Object Repository/1-OBJECTS TAREAS PRINCIPALES/Modulo Actos Administrativos/Modulo Viáticos/Crear viatico/Page_SARA/textarea_Objeto_form_detalleviaticosObjeto'

2022-06-10 09:17:28 - [MESSAGE][PASSED] - Text 'prueba' is set on object 'Object Repository/1-OBJECTS TAREAS PRINCIPALES/Modulo Actos Administrativos/Modulo Viáticos/Crear viatico/Page_SARA/textarea_Objeto_form_detalleviaticosObjeto'

2022-06-10 09:17:28 - [TEST_STEP][PASSED] - selectAllOption(findTestObject("1-OBJECTS TAREAS PRINCIPALES/Modulo Actos Administrativos/Modulo Viáticos/Crear viatico/Page_SARA/select_-- Seleccione --BUITRAGO BUITRAGO ANDREA")): All options are selected on object 'Object Repository/1-OBJECTS TAREAS PRINCIPALES/Modulo Actos Administrativos/Modulo Viáticos/Crear viatico/Page_SARA/select_-- Seleccione --BUITRAGO BUITRAGO ANDREA'

2022-06-10 09:17:31 - [MESSAGE][PASSED] - All options are selected on object 'Object Repository/1-OBJECTS TAREAS PRINCIPALES/Modulo Actos Administrativos/Modulo Viáticos/Crear viatico/Page_SARA/select_-- Seleccione --BUITRAGO BUITRAGO ANDREA'

2022-06-10 09:17:31 - [TEST_STEP][PASSED] - selectOptionByIndex(findTestObject("1-OBJECTS TAREAS PRINCIPALES/Modulo Actos Administrativos/Modulo Viáticos/Crear viatico/Page_SARA/select_-- Seleccione --COQUINTERO 5 EMPLEADO"), 2): All options with index in [2] are selected on object 'Object Repository/1-OBJECTS TAREAS PRINCIPALES/Modulo Actos Administrativos/Modulo Viáticos/Crear viatico/Page_SARA/select_-- Seleccione --COQUINTERO 5 EMPLEADO'

2022-06-10 09:17:32 - [MESSAGE][PASSED] - All options with index in [2] are selected on object 'Object Repository/1-OBJECTS TAREAS PRINCIPALES/Modulo Actos Administrativos/Modulo Viáticos/Crear viatico/Page_SARA/select_-- Seleccione --COQUINTERO 5 EMPLEADO'

2022-06-10 09:17:32 - [TEST_STEP][PASSED] - setText(findTestObject("1-OBJECTS TAREAS PRINCIPALES/Modulo Actos Administrativos/Modulo Viáticos/Crear viatico/Page_SARA/textarea_Observacin_form_detalleviaticosObservacion"), "prueba"): Text 'prueba' is set on object 'Object Repository/1-OBJECTS TAREAS PRINCIPALES/Modulo Actos Administrativos/Modulo Viáticos/Crear viatico/Page_SARA/textarea_Observacin_form_detalleviaticosObservacion'

2022-06-10 09:17:33 - [MESSAGE][PASSED] - Text 'prueba' is set on object 'Object Repository/1-OBJECTS TAREAS PRINCIPALES/Modulo Actos Administrativos/Modulo Viáticos/Crear viatico/Page_SARA/textarea_Observacin_form_detalleviaticosObservacion'

2022-06-10 09:17:33 - [TEST_STEP][PASSED] - click(findTestObject("1-OBJECTS TAREAS PRINCIPALES/Modulo Actos Administrativos/Modulo Viáticos/Crear viatico/Page_SARA/a_Guardar")): Object: 'Object Repository/1-OBJECTS TAREAS PRINCIPALES/Modulo Actos Administrativos/Modulo Viáticos/Crear viatico/Page_SARA/a_Guardar' is clicked on

2022-06-10 09:17:34 - [MESSAGE][PASSED] - Object: 'Object Repository/1-OBJECTS TAREAS PRINCIPALES/Modulo Actos Administrativos/Modulo Viáticos/Crear viatico/Page_SARA/a_Guardar' is clicked on

2022-06-10 09:17:34 - [TEST_STEP][PASSED] - waitForElementClickable(findTestObject("1-OBJECTS TAREAS PRINCIPALES/Modulo Actos Administrativos/Modulo Viáticos/Crear viatico/Page_SARA/a_Programacin"), 0): Object 'Object Repository/1-OBJECTS TAREAS PRINCIPALES/Modulo Actos Administrativos/Modulo Viáticos/Crear viatico/Page_SARA/a_Programacin' is clickable

2022-06-10 09:17:34 - [MESSAGE][WARNING] - Timeout '0' is invalid. Using default page load timeout: '37'

2022-06-10 09:17:34 - [MESSAGE][PASSED] - Object 'Object Repository/1-OBJECTS TAREAS PRINCIPALES/Modulo Actos Administrativos/Modulo Viáticos/Crear viatico/Page_SARA/a_Programacin' is clickable

2022-06-10 09:17:34 - [TEST_STEP][PASSED] - click(findTestObject("1-OBJECTS TAREAS PRINCIPALES/Modulo Actos Administrativos/Modulo Viáticos/Crear viatico/Page_SARA/a_Programacin")): Object: 'Object Repository/1-OBJECTS TAREAS PRINCIPALES/Modulo Actos Administrativos/Modulo Viáticos/Crear viatico/Page_SARA/a_Programacin' is clicked on

2022-06-10 09:17:35 - [MESSAGE][PASSED] - Object: 'Object Repository/1-OBJECTS TAREAS PRINCIPALES/Modulo Actos Administrativos/Modulo Viáticos/Crear viatico/Page_SARA/a_Programacin' is clicked on

2022-06-10 09:17:35 - [TEST_STEP][PASSED] - waitForElementNotHasAttribute(findTestObject("1-OBJECTS TAREAS PRINCIPALES/Modulo Actos Administrativos/Modulo Viáticos/Crear viatico/Page_SARA/a_Nuevo2"), "", 0): Object 'Object Repository/1-OBJECTS TAREAS PRINCIPALES/Modulo Actos Administrativos/Modulo Viáticos/Crear viatico/Page_SARA/a_Nuevo2' does not have attribute ''

2022-06-10 09:17:35 - [MESSAGE][WARNING] - Timeout '0' is invalid. Using default page load timeout: '37'

2022-06-10 09:17:35 - [MESSAGE][PASSED] - Object 'Object Repository/1-OBJECTS TAREAS PRINCIPALES/Modulo Actos Administrativos/Modulo Viáticos/Crear viatico/Page_SARA/a_Nuevo2' does not have attribute ''

2022-06-10 09:17:35 - [TEST_STEP][PASSED] - click(findTestObject("1-OBJECTS TAREAS PRINCIPALES/Modulo Actos Administrativos/Modulo Viáticos/Crear viatico/Page_SARA/a_Nuevo2")): Object: 'Object Repository/1-OBJECTS TAREAS PRINCIPALES/Modulo Actos Administrativos/Modulo Viáticos/Crear viatico/Page_SARA/a_Nuevo2' is clicked on

2022-06-10 09:17:36 - [MESSAGE][PASSED] - Object: 'Object Repository/1-OBJECTS TAREAS PRINCIPALES/Modulo Actos Administrativos/Modulo Viáticos/Crear viatico/Page_SARA/a_Nuevo2' is clicked on

2022-06-10 09:17:36 - [TEST_STEP][PASSED] - waitForElementClickable(findTestObject("1-OBJECTS TAREAS PRINCIPALES/Modulo Actos Administrativos/Modulo Viáticos/Crear viatico/Page_SARA/a_Funcionario_form_popupprogramacionviaticospestaniasj_idt1559"), 0): Object 'Object Repository/1-OBJECTS TAREAS PRINCIPALES/Modulo Actos Administrativos/Modulo Viáticos/Crear viatico/Page_SARA/a_Funcionario_form_popupprogramacionviaticospestaniasj_idt1559' is clickable

2022-06-10 09:17:36 - [MESSAGE][WARNING] - Timeout '0' is invalid. Using default page load timeout: '37'

2022-06-10 09:17:36 - [MESSAGE][PASSED] - Object 'Object Repository/1-OBJECTS TAREAS PRINCIPALES/Modulo Actos Administrativos/Modulo Viáticos/Crear viatico/Page_SARA/a_Funcionario_form_popupprogramacionviaticospestaniasj_idt1559' is clickable

2022-06-10 09:17:36 - [TEST_STEP][PASSED] - click(findTestObject("1-OBJECTS TAREAS PRINCIPALES/Modulo Actos Administrativos/Modulo Viáticos/Crear viatico/Page_SARA/a_Funcionario_form_popupprogramacionviaticospestaniasj_idt1559")): Object: 'Object Repository/1-OBJECTS TAREAS PRINCIPALES/Modulo Actos Administrativos/Modulo Viáticos/Crear viatico/Page_SARA/a_Funcionario_form_popupprogramacionviaticospestaniasj_idt1559' is clicked on

2022-06-10 09:17:37 - [MESSAGE][PASSED] - Object: 'Object Repository/1-OBJECTS TAREAS PRINCIPALES/Modulo Actos Administrativos/Modulo Viáticos/Crear viatico/Page_SARA/a_Funcionario_form_popupprogramacionviaticospestaniasj_idt1559' is clicked on

2022-06-10 09:17:37 - [TEST_STEP][PASSED] - waitForElementClickable(findTestObject("1-OBJECTS TAREAS PRINCIPALES/Modulo Actos Administrativos/Modulo Viáticos/Crear viatico/Page_SARA/input_Filtro Empleado_form_popupEmpleadoj_idt561"), 0): Object 'Object Repository/1-OBJECTS TAREAS PRINCIPALES/Modulo Actos Administrativos/Modulo Viáticos/Crear viatico/Page_SARA/input_Filtro Empleado_form_popupEmpleadoj_idt561' is clickable

2022-06-10 09:17:37 - [MESSAGE][WARNING] - Timeout '0' is invalid. Using default page load timeout: '37'

2022-06-10 09:17:38 - [MESSAGE][PASSED] - Object 'Object Repository/1-OBJECTS TAREAS PRINCIPALES/Modulo Actos Administrativos/Modulo Viáticos/Crear viatico/Page_SARA/input_Filtro Empleado_form_popupEmpleadoj_idt561' is clickable

2022-06-10 09:17:38 - [TEST_STEP][PASSED] - setText(findTestObject("1-OBJECTS TAREAS PRINCIPALES/Modulo Actos Administrativos/Modulo Viáticos/Crear viatico/Page_SARA/input_Filtro Empleado_form_popupEmpleadoj_idt561"), "Quintero 5 Empleado"): Text 'Quintero 5 Empleado' is set on object 'Object Repository/1-OBJECTS TAREAS PRINCIPALES/Modulo Actos Administrativos/Modulo Viáticos/Crear viatico/Page_SARA/input_Filtro Empleado_form_popupEmpleadoj_idt561'

2022-06-10 09:17:38 - [MESSAGE][PASSED] - Text 'Quintero 5 Empleado' is set on object 'Object Repository/1-OBJECTS TAREAS PRINCIPALES/Modulo Actos Administrativos/Modulo Viáticos/Crear viatico/Page_SARA/input_Filtro Empleado_form_popupEmpleadoj_idt561'

2022-06-10 09:17:38 - [TEST_STEP][PASSED] - sendKeys(findTestObject("1-OBJECTS TAREAS PRINCIPALES/Modulo Actos Administrativos/Modulo Viáticos/Crear viatico/Page_SARA/input_Filtro Empleado_form_popupEmpleadoj_idt561"), Keys.chord(ENTER)): Keys 'ENTER + ' sent to object: 'Object Repository/1-OBJECTS TAREAS PRINCIPALES/Modulo Actos Administrativos/Modulo Viáticos/Crear viatico/Page_SARA/input_Filtro Empleado_form_popupEmpleadoj_idt561'

2022-06-10 09:17:39 - [MESSAGE][PASSED] - Keys 'ENTER + ' sent to object: 'Object Repository/1-OBJECTS TAREAS PRINCIPALES/Modulo Actos Administrativos/Modulo Viáticos/Crear viatico/Page_SARA/input_Filtro Empleado_form_popupEmpleadoj_idt561'

2022-06-10 09:17:39 - [TEST_STEP][PASSED] - waitForElementClickable(findTestObject("1-OBJECTS TAREAS PRINCIPALES/Modulo Actos Administrativos/Modulo Viáticos/Crear viatico/Page_SARA/span_Quintero 5 Empleado"), 0): Object 'Object Repository/1-OBJECTS TAREAS PRINCIPALES/Modulo Actos Administrativos/Modulo Viáticos/Crear viatico/Page_SARA/span_Quintero 5 Empleado' is clickable

2022-06-10 09:17:39 - [MESSAGE][WARNING] - Timeout '0' is invalid. Using default page load timeout: '37'

2022-06-10 09:17:40 - [MESSAGE][PASSED] - Object 'Object Repository/1-OBJECTS TAREAS PRINCIPALES/Modulo Actos Administrativos/Modulo Viáticos/Crear viatico/Page_SARA/span_Quintero 5 Empleado' is clickable

2022-06-10 09:17:40 - [TEST_STEP][PASSED] - click(findTestObject("1-OBJECTS TAREAS PRINCIPALES/Modulo Actos Administrativos/Modulo Viáticos/Crear viatico/Page_SARA/span_Quintero 5 Empleado")): Object: 'Object Repository/1-OBJECTS TAREAS PRINCIPALES/Modulo Actos Administrativos/Modulo Viáticos/Crear viatico/Page_SARA/span_Quintero 5 Empleado' is clicked on

2022-06-10 09:17:40 - [MESSAGE][PASSED] - Object: 'Object Repository/1-OBJECTS TAREAS PRINCIPALES/Modulo Actos Administrativos/Modulo Viáticos/Crear viatico/Page_SARA/span_Quintero 5 Empleado' is clicked on

2022-06-10 09:17:40 - [TEST_STEP][PASSED] - waitForElementClickable(findTestObject("1-OBJECTS TAREAS PRINCIPALES/Modulo Actos Administrativos/Modulo Viáticos/Crear viatico/input_Fecha Inicial_form_popupprogramacionviaticospestaniasfechainicial_input"), 0): Object 'Object Repository/1-OBJECTS TAREAS PRINCIPALES/Modulo Actos Administrativos/Modulo Viáticos/Crear viatico/input_Fecha Inicial_form_popupprogramacionviaticospestaniasfechainicial_input' is clickable

2022-06-10 09:17:40 - [MESSAGE][WARNING] - Timeout '0' is invalid. Using default page load timeout: '37'

2022-06-10 09:17:41 - [MESSAGE][PASSED] - Object 'Object Repository/1-OBJECTS TAREAS PRINCIPALES/Modulo Actos Administrativos/Modulo Viáticos/Crear viatico/input_Fecha Inicial_form_popupprogramacionviaticospestaniasfechainicial_input' is clickable

2022-06-10 09:17:41 - [TEST_STEP][PASSED] - setText(findTestObject("1-OBJECTS TAREAS PRINCIPALES/Modulo Actos Administrativos/Modulo Viáticos/Crear viatico/input_Fecha Inicial_form_popupprogramacionviaticospestaniasfechainicial_input"), "01/07/2021"): Text '01/07/2021' is set on object 'Object Repository/1-OBJECTS TAREAS PRINCIPALES/Modulo Actos Administrativos/Modulo Viáticos/Crear viatico/input_Fecha Inicial_form_popupprogramacionviaticospestaniasfechainicial_input'

2022-06-10 09:17:42 - [MESSAGE][PASSED] - Text '01/07/2021' is set on object 'Object Repository/1-OBJECTS TAREAS PRINCIPALES/Modulo Actos Administrativos/Modulo Viáticos/Crear viatico/input_Fecha Inicial_form_popupprogramacionviaticospestaniasfechainicial_input'

2022-06-10 09:17:42 - [TEST_STEP][PASSED] - setText(findTestObject("1-OBJECTS TAREAS PRINCIPALES/Modulo Actos Administrativos/Modulo Viáticos/Crear viatico/input_Fecha Final_form_popupprogramacionviaticospestaniasfechafinal_input"), "01/10/2021"): Text '01/10/2021' is set on object 'Object Repository/1-OBJECTS TAREAS PRINCIPALES/Modulo Actos Administrativos/Modulo Viáticos/Crear viatico/input_Fecha Final_form_popupprogramacionviaticospestaniasfechafinal_input'

2022-06-10 09:17:43 - [MESSAGE][PASSED] - Text '01/10/2021' is set on object 'Object Repository/1-OBJECTS TAREAS PRINCIPALES/Modulo Actos Administrativos/Modulo Viáticos/Crear viatico/input_Fecha Final_form_popupprogramacionviaticospestaniasfechafinal_input'

2022-06-10 09:17:43 - [TEST_STEP][PASSED] - sendKeys(findTestObject("1-OBJECTS TAREAS PRINCIPALES/Modulo Actos Administrativos/Modulo Viáticos/Crear viatico/input_Fecha Final_form_popupprogramacionviaticospestaniasfechafinal_input"), Keys.chord(ESCAPE)): Keys 'ESCAPE + ' sent to object: 'Object Repository/1-OBJECTS TAREAS PRINCIPALES/Modulo Actos Administrativos/Modulo Viáticos/Crear viatico/input_Fecha Final_form_popupprogramacionviaticospestaniasfechafinal_input'

2022-06-10 09:17:43 - [MESSAGE][PASSED] - Keys 'ESCAPE + ' sent to object: 'Object Repository/1-OBJECTS TAREAS PRINCIPALES/Modulo Actos Administrativos/Modulo Viáticos/Crear viatico/input_Fecha Final_form_popupprogramacionviaticospestaniasfechafinal_input'

2022-06-10 09:17:43 - [TEST_STEP][PASSED] - selectOptionByIndex(findTestObject("1-OBJECTS TAREAS PRINCIPALES/Modulo Actos Administrativos/Modulo Viáticos/Crear viatico/Page_SARA/select_--- Seleccione Destino --Barranquilla"), "3"): All options with index in [3] are selected on object 'Object Repository/1-OBJECTS TAREAS PRINCIPALES/Modulo Actos Administrativos/Modulo Viáticos/Crear viatico/Page_SARA/select_--- Seleccione Destino --Barranquilla'

2022-06-10 09:17:44 - [MESSAGE][PASSED] - All options with index in [3] are selected on object 'Object Repository/1-OBJECTS TAREAS PRINCIPALES/Modulo Actos Administrativos/Modulo Viáticos/Crear viatico/Page_SARA/select_--- Seleccione Destino --Barranquilla'

2022-06-10 09:17:44 - [TEST_STEP][PASSED] - selectOptionByIndex(findTestObject("1-OBJECTS TAREAS PRINCIPALES/Modulo Actos Administrativos/Modulo Viáticos/Crear viatico/Page_SARA/select_-- Seleccione Tipo Comisin --ADMINISTRATIVO2"), "1"): All options with index in [1] are selected on object 'Object Repository/1-OBJECTS TAREAS PRINCIPALES/Modulo Actos Administrativos/Modulo Viáticos/Crear viatico/Page_SARA/select_-- Seleccione Tipo Comisin --ADMINISTRATIVO2'

2022-06-10 09:17:45 - [MESSAGE][PASSED] - All options with index in [1] are selected on object 'Object Repository/1-OBJECTS TAREAS PRINCIPALES/Modulo Actos Administrativos/Modulo Viáticos/Crear viatico/Page_SARA/select_-- Seleccione Tipo Comisin --ADMINISTRATIVO2'

2022-06-10 09:17:45 - [TEST_STEP][PASSED] - click(findTestObject("1-OBJECTS TAREAS PRINCIPALES/Modulo Actos Administrativos/Modulo Viáticos/Crear viatico/Page_SARA/a_Entidad_form_popupprogramacionviaticospestaniasj_idt1581")): Object: 'Object Repository/1-OBJECTS TAREAS PRINCIPALES/Modulo Actos Administrativos/Modulo Viáticos/Crear viatico/Page_SARA/a_Entidad_form_popupprogramacionviaticospestaniasj_idt1581' is clicked on

2022-06-10 09:17:45 - [MESSAGE][PASSED] - Object: 'Object Repository/1-OBJECTS TAREAS PRINCIPALES/Modulo Actos Administrativos/Modulo Viáticos/Crear viatico/Page_SARA/a_Entidad_form_popupprogramacionviaticospestaniasj_idt1581' is clicked on

2022-06-10 09:17:45 - [TEST_STEP][PASSED] - setText(findTestObject("1-OBJECTS TAREAS PRINCIPALES/Modulo Actos Administrativos/Modulo Viáticos/Crear viatico/input_Entidad Viatico_popupSeleccionEntidadViaticoFormfiltro"), "00123"): Text '00123' is set on object 'Object Repository/1-OBJECTS TAREAS PRINCIPALES/Modulo Actos Administrativos/Modulo Viáticos/Crear viatico/input_Entidad Viatico_popupSeleccionEntidadViaticoFormfiltro'

2022-06-10 09:17:47 - [MESSAGE][PASSED] - Text '00123' is set on object 'Object Repository/1-OBJECTS TAREAS PRINCIPALES/Modulo Actos Administrativos/Modulo Viáticos/Crear viatico/input_Entidad Viatico_popupSeleccionEntidadViaticoFormfiltro'

2022-06-10 09:17:47 - [TEST_STEP][PASSED] - sendKeys(findTestObject("1-OBJECTS TAREAS PRINCIPALES/Modulo Actos Administrativos/Modulo Viáticos/Crear viatico/input_Entidad Viatico_popupSeleccionEntidadViaticoFormfiltro"), Keys.chord(ENTER)): Keys 'ENTER + ' sent to object: 'Object Repository/1-OBJECTS TAREAS PRINCIPALES/Modulo Actos Administrativos/Modulo Viáticos/Crear viatico/input_Entidad Viatico_popupSeleccionEntidadViaticoFormfiltro'

2022-06-10 09:17:47 - [MESSAGE][PASSED] - Keys 'ENTER + ' sent to object: 'Object Repository/1-OBJECTS TAREAS PRINCIPALES/Modulo Actos Administrativos/Modulo Viáticos/Crear viatico/input_Entidad Viatico_popupSeleccionEntidadViaticoFormfiltro'

2022-06-10 09:17:47 - [TEST_STEP][PASSED] - waitForElementClickable(findTestObject("1-OBJECTS TAREAS PRINCIPALES/Modulo Actos Administrativos/Modulo Viáticos/Crear viatico/Page_SARA/td_123"), 0): Object 'Object Repository/1-OBJECTS TAREAS PRINCIPALES/Modulo Actos Administrativos/Modulo Viáticos/Crear viatico/Page_SARA/td_123' is clickable

2022-06-10 09:17:47 - [MESSAGE][WARNING] - Timeout '0' is invalid. Using default page load timeout: '37'

2022-06-10 09:17:48 - [MESSAGE][PASSED] - Object 'Object Repository/1-OBJECTS TAREAS PRINCIPALES/Modulo Actos Administrativos/Modulo Viáticos/Crear viatico/Page_SARA/td_123' is clickable

2022-06-10 09:17:48 - [TEST_STEP][PASSED] - click(findTestObject("1-OBJECTS TAREAS PRINCIPALES/Modulo Actos Administrativos/Modulo Viáticos/Crear viatico/Page_SARA/td_123")): Object: 'Object Repository/1-OBJECTS TAREAS PRINCIPALES/Modulo Actos Administrativos/Modulo Viáticos/Crear viatico/Page_SARA/td_123' is clicked on

2022-06-10 09:17:48 - [MESSAGE][PASSED] - Object: 'Object Repository/1-OBJECTS TAREAS PRINCIPALES/Modulo Actos Administrativos/Modulo Viáticos/Crear viatico/Page_SARA/td_123' is clicked on

2022-06-10 09:17:48 - [TEST_STEP][PASSED] - waitForElementClickable(findTestObject("1-OBJECTS TAREAS PRINCIPALES/Modulo Actos Administrativos/Modulo Viáticos/Crear viatico/Page_SARA/select_--- Seleccione Ambito --EXTERIOR 1EXTERIOR 2NACIONAL 1"), 0): Object 'Object Repository/1-OBJECTS TAREAS PRINCIPALES/Modulo Actos Administrativos/Modulo Viáticos/Crear viatico/Page_SARA/select_--- Seleccione Ambito --EXTERIOR 1EXTERIOR 2NACIONAL 1' is clickable

2022-06-10 09:17:48 - [MESSAGE][WARNING] - Timeout '0' is invalid. Using default page load timeout: '37'

2022-06-10 09:17:49 - [MESSAGE][PASSED] - Object 'Object Repository/1-OBJECTS TAREAS PRINCIPALES/Modulo Actos Administrativos/Modulo Viáticos/Crear viatico/Page_SARA/select_--- Seleccione Ambito --EXTERIOR 1EXTERIOR 2NACIONAL 1' is clickable

2022-06-10 09:17:49 - [TEST_STEP][PASSED] - selectOptionByIndex(findTestObject("1-OBJECTS TAREAS PRINCIPALES/Modulo Actos Administrativos/Modulo Viáticos/Crear viatico/Page_SARA/select_--- Seleccione Ambito --EXTERIOR 1EXTERIOR 2NACIONAL 1"), "3"): All options with index in [3] are selected on object 'Object Repository/1-OBJECTS TAREAS PRINCIPALES/Modulo Actos Administrativos/Modulo Viáticos/Crear viatico/Page_SARA/select_--- Seleccione Ambito --EXTERIOR 1EXTERIOR 2NACIONAL 1'

2022-06-10 09:17:50 - [MESSAGE][PASSED] - All options with index in [3] are selected on object 'Object Repository/1-OBJECTS TAREAS PRINCIPALES/Modulo Actos Administrativos/Modulo Viáticos/Crear viatico/Page_SARA/select_--- Seleccione Ambito --EXTERIOR 1EXTERIOR 2NACIONAL 1'

2022-06-10 09:17:50 - [TEST_STEP][PASSED] - waitForElementClickable(findTestObject("1-OBJECTS TAREAS PRINCIPALES/Modulo Actos Administrativos/Modulo Viáticos/Crear viatico/Page_SARA/a_Guardar2"), 0): Object 'Object Repository/1-OBJECTS TAREAS PRINCIPALES/Modulo Actos Administrativos/Modulo Viáticos/Crear viatico/Page_SARA/a_Guardar2' is clickable

2022-06-10 09:17:50 - [MESSAGE][WARNING] - Timeout '0' is invalid. Using default page load timeout: '37'

2022-06-10 09:17:50 - [MESSAGE][PASSED] - Object 'Object Repository/1-OBJECTS TAREAS PRINCIPALES/Modulo Actos Administrativos/Modulo Viáticos/Crear viatico/Page_SARA/a_Guardar2' is clickable

2022-06-10 09:17:50 - [TEST_STEP][PASSED] - click(findTestObject("1-OBJECTS TAREAS PRINCIPALES/Modulo Actos Administrativos/Modulo Viáticos/Crear viatico/Page_SARA/a_Guardar2")): Object: 'Object Repository/1-OBJECTS TAREAS PRINCIPALES/Modulo Actos Administrativos/Modulo Viáticos/Crear viatico/Page_SARA/a_Guardar2' is clicked on

2022-06-10 09:17:50 - [MESSAGE][PASSED] - Object: 'Object Repository/1-OBJECTS TAREAS PRINCIPALES/Modulo Actos Administrativos/Modulo Viáticos/Crear viatico/Page_SARA/a_Guardar2' is clicked on

2022-06-10 09:17:50 - [TEST_STEP][PASSED] - waitForElementClickable(findTestObject("1-OBJECTS TAREAS PRINCIPALES/Modulo Actos Administrativos/Modulo Viáticos/Crear viatico/Page_SARA/a_Entidades Vigiladas"), 0): Web element with id: 'Object Repository/1-OBJECTS TAREAS PRINCIPALES/Modulo Actos Administrativos/Modulo Viáticos/Crear viatico/Page_SARA/a_Entidades Vigiladas' located by '//a[contains(text(),'Entidades Vigiladas')]' not found

2022-06-10 09:17:50 - [MESSAGE][WARNING] - Timeout '0' is invalid. Using default page load timeout: '37'

2022-06-10 09:18:29 - [MESSAGE][INFO] - Unable to find the element located by 'By.xpath: //a[contains(text(),'Entidades Vigiladas')]'. Please recheck the objects properties to make sure the desired element is located. 

2022-06-10 09:18:29 - [MESSAGE][WARNING] - Web element with id: 'Object Repository/1-OBJECTS TAREAS PRINCIPALES/Modulo Actos Administrativos/Modulo Viáticos/Crear viatico/Page_SARA/a_Entidades Vigiladas' located by '//a[contains(text(),'Entidades Vigiladas')]' not found

2022-06-10 09:18:29 - [TEST_STEP][FAILED] - click(findTestObject("1-OBJECTS TAREAS PRINCIPALES/Modulo Actos Administrativos/Modulo Viáticos/Crear viatico/Page_SARA/a_Entidades Vigiladas")): Unable to click on object 'Object Repository/1-OBJECTS TAREAS PRINCIPALES/Modulo Actos Administrativos/Modulo Viáticos/Crear viatico/Page_SARA/a_Entidades Vigiladas' (Root cause: com.kms.katalon.core.exception.StepFailedException: Unable to click on object 'Object Repository/1-OBJECTS TAREAS PRINCIPALES/Modulo Actos Administrativos/Modulo Viáticos/Crear viatico/Page_SARA/a_Entidades Vigiladas'
	at com.kms.katalon.core.webui.keyword.internal.WebUIKeywordMain.stepFailed(WebUIKeywordMain.groovy:64)
	at com.kms.katalon.core.webui.keyword.internal.WebUIKeywordMain.runKeyword(WebUIKeywordMain.groovy:26)
	at com.kms.katalon.core.webui.keyword.builtin.ClickKeyword.click(ClickKeyword.groovy:74)
	at com.kms.katalon.core.webui.keyword.builtin.ClickKeyword.execute(ClickKeyword.groovy:40)
	at com.kms.katalon.core.keyword.internal.KeywordExecutor.executeKeywordForPlatform(KeywordExecutor.groovy:74)
	at com.kms.katalon.core.webui.keyword.WebUiBuiltInKeywords.click(WebUiBuiltInKeywords.groovy:620)
	at com.kms.katalon.core.webui.keyword.WebUiBuiltInKeywords$click$5.call(Unknown Source)
	at 1.5.9 Crear Viáticos.run(1.5.9 Crear Viáticos:242)
	at com.kms.katalon.core.main.ScriptEngine.run(ScriptEngine.java:194)
	at com.kms.katalon.core.main.ScriptEngine.runScriptAsRawText(ScriptEngine.java:119)
	at com.kms.katalon.core.main.TestCaseExecutor.runScript(TestCaseExecutor.java:445)
	at com.kms.katalon.core.main.TestCaseExecutor.doExecute(TestCaseExecutor.java:436)
	at com.kms.katalon.core.main.TestCaseExecutor.processExecutionPhase(TestCaseExecutor.java:415)
	at com.kms.katalon.core.main.TestCaseExecutor.accessMainPhase(TestCaseExecutor.java:407)
	at com.kms.katalon.core.main.TestCaseExecutor.execute(TestCaseExecutor.java:284)
	at com.kms.katalon.core.common.CommonExecutor.accessTestCaseMainPhase(CommonExecutor.java:65)
	at com.kms.katalon.core.main.TestSuiteExecutor.accessTestSuiteMainPhase(TestSuiteExecutor.java:144)
	at com.kms.katalon.core.main.TestSuiteExecutor.execute(TestSuiteExecutor.java:106)
	at com.kms.katalon.core.main.TestCaseMain.startTestSuite(TestCaseMain.java:185)
	at com.kms.katalon.core.main.TestCaseMain$startTestSuite$0.call(Unknown Source)
	at TempTestSuite1654867643956.run(TempTestSuite1654867643956.groovy:36)
Caused by: com.kms.katalon.core.webui.exception.WebElementNotFoundException: Web element with id: 'Object Repository/1-OBJECTS TAREAS PRINCIPALES/Modulo Actos Administrativos/Modulo Viáticos/Crear viatico/Page_SARA/a_Entidades Vigiladas' located by '//a[contains(text(),'Entidades Vigiladas')]' not found
	at com.kms.katalon.core.webui.common.WebUiCommonHelper.findWebElement(WebUiCommonHelper.java:1370)
	at com.kms.katalon.core.webui.keyword.internal.WebUIAbstractKeyword.findWebElement(WebUIAbstractKeyword.groovy:27)
	at com.kms.katalon.core.webui.keyword.builtin.ClickKeyword$_click_closure1.doCall(ClickKeyword.groovy:65)
	at com.kms.katalon.core.webui.keyword.builtin.ClickKeyword$_click_closure1.call(ClickKeyword.groovy)
	at com.kms.katalon.core.webui.keyword.internal.WebUIKeywordMain.runKeyword(WebUIKeywordMain.groovy:20)
	at com.kms.katalon.core.webui.keyword.builtin.ClickKeyword.click(ClickKeyword.groovy:74)
	at com.kms.katalon.core.webui.keyword.builtin.ClickKeyword.execute(ClickKeyword.groovy:40)
	at com.kms.katalon.core.keyword.internal.KeywordExecutor.executeKeywordForPlatform(KeywordExecutor.groovy:74)
	at com.kms.katalon.core.webui.keyword.WebUiBuiltInKeywords.click(WebUiBuiltInKeywords.groovy:620)
	at com.kms.katalon.core.webui.keyword.WebUiBuiltInKeywords$click$5.call(Unknown Source)
	at Script1629930083943.run(Script1629930083943.groovy:242)
	... 13 more
)

2022-06-10 09:19:07 - [MESSAGE][INFO] - Unable to find the element located by 'By.xpath: //a[contains(text(),'Entidades Vigiladas')]'. Please recheck the objects properties to make sure the desired element is located. 

2022-06-10 09:19:07 - [MESSAGE][FAILED] - Unable to click on object 'Object Repository/1-OBJECTS TAREAS PRINCIPALES/Modulo Actos Administrativos/Modulo Viáticos/Crear viatico/Page_SARA/a_Entidades Vigiladas' (Root cause: com.kms.katalon.core.exception.StepFailedException: Unable to click on object 'Object Repository/1-OBJECTS TAREAS PRINCIPALES/Modulo Actos Administrativos/Modulo Viáticos/Crear viatico/Page_SARA/a_Entidades Vigiladas'
	at com.kms.katalon.core.webui.keyword.internal.WebUIKeywordMain.stepFailed(WebUIKeywordMain.groovy:64)
	at com.kms.katalon.core.webui.keyword.internal.WebUIKeywordMain.runKeyword(WebUIKeywordMain.groovy:26)
	at com.kms.katalon.core.webui.keyword.builtin.ClickKeyword.click(ClickKeyword.groovy:74)
	at com.kms.katalon.core.webui.keyword.builtin.ClickKeyword.execute(ClickKeyword.groovy:40)
	at com.kms.katalon.core.keyword.internal.KeywordExecutor.executeKeywordForPlatform(KeywordExecutor.groovy:74)
	at com.kms.katalon.core.webui.keyword.WebUiBuiltInKeywords.click(WebUiBuiltInKeywords.groovy:620)
	at com.kms.katalon.core.webui.keyword.WebUiBuiltInKeywords$click$5.call(Unknown Source)
	at 1.5.9 Crear Viáticos.run(1.5.9 Crear Viáticos:242)
	at com.kms.katalon.core.main.ScriptEngine.run(ScriptEngine.java:194)
	at com.kms.katalon.core.main.ScriptEngine.runScriptAsRawText(ScriptEngine.java:119)
	at com.kms.katalon.core.main.TestCaseExecutor.runScript(TestCaseExecutor.java:445)
	at com.kms.katalon.core.main.TestCaseExecutor.doExecute(TestCaseExecutor.java:436)
	at com.kms.katalon.core.main.TestCaseExecutor.processExecutionPhase(TestCaseExecutor.java:415)
	at com.kms.katalon.core.main.TestCaseExecutor.accessMainPhase(TestCaseExecutor.java:407)
	at com.kms.katalon.core.main.TestCaseExecutor.execute(TestCaseExecutor.java:284)
	at com.kms.katalon.core.common.CommonExecutor.accessTestCaseMainPhase(CommonExecutor.java:65)
	at com.kms.katalon.core.main.TestSuiteExecutor.accessTestSuiteMainPhase(TestSuiteExecutor.java:144)
	at com.kms.katalon.core.main.TestSuiteExecutor.execute(TestSuiteExecutor.java:106)
	at com.kms.katalon.core.main.TestCaseMain.startTestSuite(TestCaseMain.java:185)
	at com.kms.katalon.core.main.TestCaseMain$startTestSuite$0.call(Unknown Source)
	at TempTestSuite1654867643956.run(TempTestSuite1654867643956.groovy:36)
Caused by: com.kms.katalon.core.webui.exception.WebElementNotFoundException: Web element with id: 'Object Repository/1-OBJECTS TAREAS PRINCIPALES/Modulo Actos Administrativos/Modulo Viáticos/Crear viatico/Page_SARA/a_Entidades Vigiladas' located by '//a[contains(text(),'Entidades Vigiladas')]' not found
	at com.kms.katalon.core.webui.common.WebUiCommonHelper.findWebElement(WebUiCommonHelper.java:1370)
	at com.kms.katalon.core.webui.keyword.internal.WebUIAbstractKeyword.findWebElement(WebUIAbstractKeyword.groovy:27)
	at com.kms.katalon.core.webui.keyword.builtin.ClickKeyword$_click_closure1.doCall(ClickKeyword.groovy:65)
	at com.kms.katalon.core.webui.keyword.builtin.ClickKeyword$_click_closure1.call(ClickKeyword.groovy)
	at com.kms.katalon.core.webui.keyword.internal.WebUIKeywordMain.runKeyword(WebUIKeywordMain.groovy:20)
	at com.kms.katalon.core.webui.keyword.builtin.ClickKeyword.click(ClickKeyword.groovy:74)
	at com.kms.katalon.core.webui.keyword.builtin.ClickKeyword.execute(ClickKeyword.groovy:40)
	at com.kms.katalon.core.keyword.internal.KeywordExecutor.executeKeywordForPlatform(KeywordExecutor.groovy:74)
	at com.kms.katalon.core.webui.keyword.WebUiBuiltInKeywords.click(WebUiBuiltInKeywords.groovy:620)
	at com.kms.katalon.core.webui.keyword.WebUiBuiltInKeywords$click$5.call(Unknown Source)
	at Script1629930083943.run(Script1629930083943.groovy:242)
	... 13 more
)
[[ATTACHMENT|C:\\Users\\diego.rojas\\git\\Pruebas-Minimas\\Reports\\20220610_082723\\Test_Suite_Principales\\1-Tareas Principales\\20220610_082723\\1654870747392.png]]]]></system-out>
         <system-err><![CDATA[2022-06-10 09:15:57 - [TEST_CASE][FAILED] - Test Cases/1.1-Tareas Principales/1.5.9 Crear Viáticos: Test Cases/1.1-Tareas Principales/1.5.9 Crear Viáticos FAILED.
Reason:
com.kms.katalon.core.exception.StepFailedException: Unable to click on object 'Object Repository/1-OBJECTS TAREAS PRINCIPALES/Modulo Actos Administrativos/Modulo Viáticos/Crear viatico/Page_SARA/a_Entidades Vigiladas'
	at com.kms.katalon.core.webui.keyword.internal.WebUIKeywordMain.stepFailed(WebUIKeywordMain.groovy:64)
	at com.kms.katalon.core.webui.keyword.internal.WebUIKeywordMain.runKeyword(WebUIKeywordMain.groovy:26)
	at com.kms.katalon.core.webui.keyword.builtin.ClickKeyword.click(ClickKeyword.groovy:74)
	at com.kms.katalon.core.webui.keyword.builtin.ClickKeyword.execute(ClickKeyword.groovy:40)
	at com.kms.katalon.core.keyword.internal.KeywordExecutor.executeKeywordForPlatform(KeywordExecutor.groovy:74)
	at com.kms.katalon.core.webui.keyword.WebUiBuiltInKeywords.click(WebUiBuiltInKeywords.groovy:620)
	at com.kms.katalon.core.webui.keyword.WebUiBuiltInKeywords$click$5.call(Unknown Source)
	at 1.5.9 Crear Viáticos.run(1.5.9 Crear Viáticos:242)
	at com.kms.katalon.core.main.ScriptEngine.run(ScriptEngine.java:194)
	at com.kms.katalon.core.main.ScriptEngine.runScriptAsRawText(ScriptEngine.java:119)
	at com.kms.katalon.core.main.TestCaseExecutor.runScript(TestCaseExecutor.java:445)
	at com.kms.katalon.core.main.TestCaseExecutor.doExecute(TestCaseExecutor.java:436)
	at com.kms.katalon.core.main.TestCaseExecutor.processExecutionPhase(TestCaseExecutor.java:415)
	at com.kms.katalon.core.main.TestCaseExecutor.accessMainPhase(TestCaseExecutor.java:407)
	at com.kms.katalon.core.main.TestCaseExecutor.execute(TestCaseExecutor.java:284)
	at com.kms.katalon.core.common.CommonExecutor.accessTestCaseMainPhase(CommonExecutor.java:65)
	at com.kms.katalon.core.main.TestSuiteExecutor.accessTestSuiteMainPhase(TestSuiteExecutor.java:144)
	at com.kms.katalon.core.main.TestSuiteExecutor.execute(TestSuiteExecutor.java:106)
	at com.kms.katalon.core.main.TestCaseMain.startTestSuite(TestCaseMain.java:185)
	at com.kms.katalon.core.main.TestCaseMain$startTestSuite$0.call(Unknown Source)
	at TempTestSuite1654867643956.run(TempTestSuite1654867643956.groovy:36)
Caused by: com.kms.katalon.core.webui.exception.WebElementNotFoundException: Web element with id: 'Object Repository/1-OBJECTS TAREAS PRINCIPALES/Modulo Actos Administrativos/Modulo Viáticos/Crear viatico/Page_SARA/a_Entidades Vigiladas' located by '//a[contains(text(),'Entidades Vigiladas')]' not found
	at com.kms.katalon.core.webui.common.WebUiCommonHelper.findWebElement(WebUiCommonHelper.java:1370)
	at com.kms.katalon.core.webui.keyword.internal.WebUIAbstractKeyword.findWebElement(WebUIAbstractKeyword.groovy:27)
	at com.kms.katalon.core.webui.keyword.builtin.ClickKeyword$_click_closure1.doCall(ClickKeyword.groovy:65)
	at com.kms.katalon.core.webui.keyword.builtin.ClickKeyword$_click_closure1.call(ClickKeyword.groovy)
	at com.kms.katalon.core.webui.keyword.internal.WebUIKeywordMain.runKeyword(WebUIKeywordMain.groovy:20)
	... 19 more]]></system-err>
      </testcase>
      <testcase name="Test Cases/1.1-Tareas Principales/1.6.1 Costos de Viáticos" time="32.642" classname="Test Cases/1.1-Tareas Principales/1.6.1 Costos de Viáticos" status="PASSED">
         <system-out><![CDATA[2022-06-10 09:19:07 - [TEST_CASE][PASSED] - Test Cases/1.1-Tareas Principales/1.6.1 Costos de Viáticos: Test Cases/1.1-Tareas Principales/1.6.1 Costos de Viáticos

2022-06-10 09:19:07 - [TEST_STEP][PASSED] - callTestCase(findTestCase("0.1-Login"), [:], STOP_ON_FAILURE): Call Test Case 'Test Cases/0.1-Login' successfully

2022-06-10 09:19:07 - [TEST_CASE][PASSED] - Test Cases/0.1-Login: Test Cases/0.1-Login

2022-06-10 09:19:07 - [TEST_STEP][PASSED] - openBrowser(""): Browser is opened with url: ''

2022-06-10 09:19:07 - [MESSAGE][WARNING] - A browser is already opened. Closing browser and opening a new one

2022-06-10 09:19:08 - [MESSAGE][INFO] - Starting 'Chrome' driver

2022-06-10 09:19:08 - [MESSAGE][INFO] - Action delay is set to 0 milliseconds

2022-06-10 09:19:09 - [MESSAGE][PASSED] - Browser is opened with url: ''

2022-06-10 09:19:09 - [TEST_STEP][PASSED] - maximizeWindow(): Current window maximized

2022-06-10 09:19:10 - [MESSAGE][PASSED] - Current window maximized

2022-06-10 09:19:10 - [TEST_STEP][PASSED] - i = G_Login: null

2022-06-10 09:19:10 - [TEST_STEP][PASSED] - url = new java.net.URL(i): null

2022-06-10 09:19:10 - [TEST_STEP][PASSED] - println("URL: " + url.toString()): null

2022-06-10 09:19:10 - [TEST_STEP][PASSED] - connection = url.openConnection(): null

2022-06-10 09:19:10 - [TEST_STEP][PASSED] - connection.setRequestMethod("GET"): null

2022-06-10 09:19:10 - [TEST_STEP][PASSED] - connection.setReadTimeout(2 * 1000): null

2022-06-10 09:19:10 - [TEST_STEP][PASSED] - try: null

2022-06-10 09:19:10 - [TEST_STEP][PASSED] - connection.connect(): null

2022-06-10 09:19:10 - [TEST_STEP][PASSED] - flag = connected: null

2022-06-10 09:19:10 - [TEST_STEP][PASSED] - println("Valor_ori: " + flag): null

2022-06-10 09:19:10 - [TEST_STEP][PASSED] - if (flag): null

2022-06-10 09:19:10 - [TEST_STEP][PASSED] - navigateToUrl(i): Navigate to 'http://192.168.2.19:8380/saraweb' successfully

2022-06-10 09:19:10 - [MESSAGE][PASSED] - Navigate to 'http://192.168.2.19:8380/saraweb' successfully

2022-06-10 09:19:10 - [TEST_STEP][PASSED] - a(): null

2022-06-10 09:19:10 - [TEST_STEP][PASSED] - setText(findTestObject("3-OBJECTS UTILIDADES/Login/input_USUARIO_loginusuario"), G_Usuario): Text 'saraadmin' is set on object 'Object Repository/3-OBJECTS UTILIDADES/Login/input_USUARIO_loginusuario'

2022-06-10 09:19:11 - [MESSAGE][PASSED] - Text 'saraadmin' is set on object 'Object Repository/3-OBJECTS UTILIDADES/Login/input_USUARIO_loginusuario'

2022-06-10 09:19:11 - [TEST_STEP][PASSED] - setEncryptedText(findTestObject("3-OBJECTS UTILIDADES/Login/input_CLAVE_loginpassword"), "MkG4/TYiCFC3cb2driP7+Q=="): Text ****** has been set on object 'Object Repository/3-OBJECTS UTILIDADES/Login/input_CLAVE_loginpassword'

2022-06-10 09:19:11 - [MESSAGE][PASSED] - Text ****** has been set on object 'Object Repository/3-OBJECTS UTILIDADES/Login/input_CLAVE_loginpassword'

2022-06-10 09:19:11 - [TEST_STEP][PASSED] - waitForElementClickable(findTestObject("3-OBJECTS UTILIDADES/Login/a_Ingresar"), G_TimeOut): Object 'Object Repository/3-OBJECTS UTILIDADES/Login/a_Ingresar' is clickable

2022-06-10 09:19:12 - [MESSAGE][PASSED] - Object 'Object Repository/3-OBJECTS UTILIDADES/Login/a_Ingresar' is clickable

2022-06-10 09:19:12 - [TEST_STEP][PASSED] - click(findTestObject("3-OBJECTS UTILIDADES/Login/a_Ingresar")): Object: 'Object Repository/3-OBJECTS UTILIDADES/Login/a_Ingresar' is clicked on

2022-06-10 09:19:13 - [MESSAGE][PASSED] - Object: 'Object Repository/3-OBJECTS UTILIDADES/Login/a_Ingresar' is clicked on

2022-06-10 09:19:13 - [TEST_STEP][PASSED] - element = findWebElement(findTestObject("3-OBJECTS UTILIDADES/Login/a_Ir"), 30): null

2022-06-10 09:19:14 - [TEST_STEP][PASSED] - executeJavaScript("arguments[0].click()", Arrays.asList(element)): Execute JavaScript 'arguments[0].click()' successfully

2022-06-10 09:19:14 - [MESSAGE][PASSED] - Execute JavaScript 'arguments[0].click()' successfully

2022-06-10 09:19:14 - [MESSAGE][PASSED] - Call Test Case 'Test Cases/0.1-Login' successfully

2022-06-10 09:19:14 - [TEST_STEP][PASSED] - waitForElementClickable(findTestObject("1-OBJECTS TAREAS PRINCIPALES/Modulo Actos Administrativos/Modulo Viáticos/Costos de Viáticos/input_ADMINISTRADOR DEL SISTEMA - SARA_form_templatej_idt24_input"), 0): Object 'Object Repository/1-OBJECTS TAREAS PRINCIPALES/Modulo Actos Administrativos/Modulo Viáticos/Costos de Viáticos/input_ADMINISTRADOR DEL SISTEMA - SARA_form_templatej_idt24_input' is clickable

2022-06-10 09:19:14 - [MESSAGE][WARNING] - Timeout '0' is invalid. Using default page load timeout: '37'

2022-06-10 09:19:14 - [MESSAGE][PASSED] - Object 'Object Repository/1-OBJECTS TAREAS PRINCIPALES/Modulo Actos Administrativos/Modulo Viáticos/Costos de Viáticos/input_ADMINISTRADOR DEL SISTEMA - SARA_form_templatej_idt24_input' is clickable

2022-06-10 09:19:14 - [TEST_STEP][PASSED] - setText(findTestObject("1-OBJECTS TAREAS PRINCIPALES/Modulo Actos Administrativos/Modulo Viáticos/Costos de Viáticos/input_ADMINISTRADOR DEL SISTEMA - SARA_form_templatej_idt24_input"), "listado de viaticos"): Text 'listado de viaticos' is set on object 'Object Repository/1-OBJECTS TAREAS PRINCIPALES/Modulo Actos Administrativos/Modulo Viáticos/Costos de Viáticos/input_ADMINISTRADOR DEL SISTEMA - SARA_form_templatej_idt24_input'

2022-06-10 09:19:15 - [MESSAGE][PASSED] - Text 'listado de viaticos' is set on object 'Object Repository/1-OBJECTS TAREAS PRINCIPALES/Modulo Actos Administrativos/Modulo Viáticos/Costos de Viáticos/input_ADMINISTRADOR DEL SISTEMA - SARA_form_templatej_idt24_input'

2022-06-10 09:19:15 - [TEST_STEP][PASSED] - waitForElementClickable(findTestObject("1-OBJECTS TAREAS PRINCIPALES/Modulo Actos Administrativos/Modulo Viáticos/Costos de Viáticos/li_Listado de Viaticos (act)"), 0): Object 'Object Repository/1-OBJECTS TAREAS PRINCIPALES/Modulo Actos Administrativos/Modulo Viáticos/Costos de Viáticos/li_Listado de Viaticos (act)' is clickable

2022-06-10 09:19:15 - [MESSAGE][WARNING] - Timeout '0' is invalid. Using default page load timeout: '37'

2022-06-10 09:19:16 - [MESSAGE][PASSED] - Object 'Object Repository/1-OBJECTS TAREAS PRINCIPALES/Modulo Actos Administrativos/Modulo Viáticos/Costos de Viáticos/li_Listado de Viaticos (act)' is clickable

2022-06-10 09:19:16 - [TEST_STEP][PASSED] - sendKeys(findTestObject("1-OBJECTS TAREAS PRINCIPALES/Modulo Actos Administrativos/Modulo Viáticos/Costos de Viáticos/input_ADMINISTRADOR DEL SISTEMA - SARA_form_templatej_idt24_input"), Keys.chord(ENTER)): Keys 'ENTER + ' sent to object: 'Object Repository/1-OBJECTS TAREAS PRINCIPALES/Modulo Actos Administrativos/Modulo Viáticos/Costos de Viáticos/input_ADMINISTRADOR DEL SISTEMA - SARA_form_templatej_idt24_input'

2022-06-10 09:19:17 - [MESSAGE][PASSED] - Keys 'ENTER + ' sent to object: 'Object Repository/1-OBJECTS TAREAS PRINCIPALES/Modulo Actos Administrativos/Modulo Viáticos/Costos de Viáticos/input_ADMINISTRADOR DEL SISTEMA - SARA_form_templatej_idt24_input'

2022-06-10 09:19:17 - [TEST_STEP][PASSED] - setText(findTestObject("1-OBJECTS TAREAS PRINCIPALES/Modulo Actos Administrativos/Modulo Viáticos/Crear viatico/input_Ao_form_listadoviaticosanio"), "2021"): Text '2021' is set on object 'Object Repository/1-OBJECTS TAREAS PRINCIPALES/Modulo Actos Administrativos/Modulo Viáticos/Crear viatico/input_Ao_form_listadoviaticosanio'

2022-06-10 09:19:19 - [MESSAGE][PASSED] - Text '2021' is set on object 'Object Repository/1-OBJECTS TAREAS PRINCIPALES/Modulo Actos Administrativos/Modulo Viáticos/Crear viatico/input_Ao_form_listadoviaticosanio'

2022-06-10 09:19:19 - [TEST_STEP][PASSED] - sendKeys(findTestObject("1-OBJECTS TAREAS PRINCIPALES/Modulo Actos Administrativos/Modulo Viáticos/Crear viatico/input_Ao_form_listadoviaticosanio"), Keys.chord(ENTER)): Keys 'ENTER + ' sent to object: 'Object Repository/1-OBJECTS TAREAS PRINCIPALES/Modulo Actos Administrativos/Modulo Viáticos/Crear viatico/input_Ao_form_listadoviaticosanio'

2022-06-10 09:19:19 - [MESSAGE][PASSED] - Keys 'ENTER + ' sent to object: 'Object Repository/1-OBJECTS TAREAS PRINCIPALES/Modulo Actos Administrativos/Modulo Viáticos/Crear viatico/input_Ao_form_listadoviaticosanio'

2022-06-10 09:19:19 - [TEST_STEP][PASSED] - selectOptionByIndex(findTestObject("1-OBJECTS TAREAS PRINCIPALES/Modulo Actos Administrativos/Modulo Viáticos/Costos de Viáticos/select_--Seleccione--Estado"), 2): All options with index in [2] are selected on object 'Object Repository/1-OBJECTS TAREAS PRINCIPALES/Modulo Actos Administrativos/Modulo Viáticos/Costos de Viáticos/select_--Seleccione--Estado'

2022-06-10 09:19:20 - [MESSAGE][PASSED] - All options with index in [2] are selected on object 'Object Repository/1-OBJECTS TAREAS PRINCIPALES/Modulo Actos Administrativos/Modulo Viáticos/Costos de Viáticos/select_--Seleccione--Estado'

2022-06-10 09:19:20 - [TEST_STEP][PASSED] - if (waitForElementClickable(findTestObject("1-OBJECTS TAREAS PRINCIPALES/Modulo Actos Administrativos/Modulo Viáticos/Complementario de Viáticos/span_5"), 2)): null

2022-06-10 09:19:21 - [MESSAGE][PASSED] - Object 'Object Repository/1-OBJECTS TAREAS PRINCIPALES/Modulo Actos Administrativos/Modulo Viáticos/Complementario de Viáticos/span_5' is clickable

2022-06-10 09:19:21 - [TEST_STEP][PASSED] - click(findTestObject("1-OBJECTS TAREAS PRINCIPALES/Modulo Actos Administrativos/Modulo Viáticos/Complementario de Viáticos/span_5")): Object: 'Object Repository/1-OBJECTS TAREAS PRINCIPALES/Modulo Actos Administrativos/Modulo Viáticos/Complementario de Viáticos/span_5' is clicked on

2022-06-10 09:19:21 - [MESSAGE][PASSED] - Object: 'Object Repository/1-OBJECTS TAREAS PRINCIPALES/Modulo Actos Administrativos/Modulo Viáticos/Complementario de Viáticos/span_5' is clicked on

2022-06-10 09:19:21 - [TEST_STEP][PASSED] - waitForElementClickable(findTestObject("1-OBJECTS TAREAS PRINCIPALES/Modulo Actos Administrativos/Modulo Viáticos/Costos de Viáticos/a_Costos"), 0): Object 'Object Repository/1-OBJECTS TAREAS PRINCIPALES/Modulo Actos Administrativos/Modulo Viáticos/Costos de Viáticos/a_Costos' is clickable

2022-06-10 09:19:21 - [MESSAGE][WARNING] - Timeout '0' is invalid. Using default page load timeout: '37'

2022-06-10 09:19:22 - [MESSAGE][PASSED] - Object 'Object Repository/1-OBJECTS TAREAS PRINCIPALES/Modulo Actos Administrativos/Modulo Viáticos/Costos de Viáticos/a_Costos' is clickable

2022-06-10 09:19:22 - [TEST_STEP][PASSED] - click(findTestObject("1-OBJECTS TAREAS PRINCIPALES/Modulo Actos Administrativos/Modulo Viáticos/Costos de Viáticos/a_Costos")): Object: 'Object Repository/1-OBJECTS TAREAS PRINCIPALES/Modulo Actos Administrativos/Modulo Viáticos/Costos de Viáticos/a_Costos' is clicked on

2022-06-10 09:19:23 - [MESSAGE][PASSED] - Object: 'Object Repository/1-OBJECTS TAREAS PRINCIPALES/Modulo Actos Administrativos/Modulo Viáticos/Costos de Viáticos/a_Costos' is clicked on

2022-06-10 09:19:23 - [TEST_STEP][PASSED] - sendKeys(findTestObject("1-OBJECTS TAREAS PRINCIPALES/Modulo Actos Administrativos/Modulo Viáticos/Costos de Viáticos/a_Costos"), Keys.chord(DOWN, DOWN, DOWN, DOWN, DOWN, DOWN, DOWN)): Keys 'DOWN + DOWN + DOWN + DOWN + DOWN + DOWN + DOWN + ' sent to object: 'Object Repository/1-OBJECTS TAREAS PRINCIPALES/Modulo Actos Administrativos/Modulo Viáticos/Costos de Viáticos/a_Costos'

2022-06-10 09:19:23 - [MESSAGE][PASSED] - Keys 'DOWN + DOWN + DOWN + DOWN + DOWN + DOWN + DOWN + ' sent to object: 'Object Repository/1-OBJECTS TAREAS PRINCIPALES/Modulo Actos Administrativos/Modulo Viáticos/Costos de Viáticos/a_Costos'

2022-06-10 09:19:23 - [TEST_STEP][PASSED] - if (waitForElementClickable(findTestObject("1-OBJECTS TAREAS PRINCIPALES/Modulo Actos Administrativos/Modulo Viáticos/Costos de Viáticos/td_QUINTERO 5 EMPLEADO"), 2)): Web element with id: 'Object Repository/1-OBJECTS TAREAS PRINCIPALES/Modulo Actos Administrativos/Modulo Viáticos/Costos de Viáticos/td_QUINTERO 5 EMPLEADO' located by '//div[2]/div/div/table/tbody/tr/td[2]' not found

2022-06-10 09:19:27 - [MESSAGE][INFO] - Unable to find the element located by 'By.xpath: //div[2]/div/div/table/tbody/tr/td[2]'. Please recheck the objects properties to make sure the desired element is located. 

2022-06-10 09:19:27 - [MESSAGE][WARNING] - Web element with id: 'Object Repository/1-OBJECTS TAREAS PRINCIPALES/Modulo Actos Administrativos/Modulo Viáticos/Costos de Viáticos/td_QUINTERO 5 EMPLEADO' located by '//div[2]/div/div/table/tbody/tr/td[2]' not found

2022-06-10 09:19:27 - [TEST_STEP][PASSED] - waitForElementClickable(findTestObject("1-OBJECTS TAREAS PRINCIPALES/Modulo Actos Administrativos/Modulo Viáticos/Costos de Viáticos/a_Nuevo1_costo"), 0): Object 'Object Repository/1-OBJECTS TAREAS PRINCIPALES/Modulo Actos Administrativos/Modulo Viáticos/Costos de Viáticos/a_Nuevo1_costo' is clickable

2022-06-10 09:19:27 - [MESSAGE][WARNING] - Timeout '0' is invalid. Using default page load timeout: '37'

2022-06-10 09:19:27 - [MESSAGE][PASSED] - Object 'Object Repository/1-OBJECTS TAREAS PRINCIPALES/Modulo Actos Administrativos/Modulo Viáticos/Costos de Viáticos/a_Nuevo1_costo' is clickable

2022-06-10 09:19:27 - [TEST_STEP][PASSED] - click(findTestObject("1-OBJECTS TAREAS PRINCIPALES/Modulo Actos Administrativos/Modulo Viáticos/Costos de Viáticos/a_Nuevo1_costo")): Object: 'Object Repository/1-OBJECTS TAREAS PRINCIPALES/Modulo Actos Administrativos/Modulo Viáticos/Costos de Viáticos/a_Nuevo1_costo' is clicked on

2022-06-10 09:19:27 - [MESSAGE][PASSED] - Object: 'Object Repository/1-OBJECTS TAREAS PRINCIPALES/Modulo Actos Administrativos/Modulo Viáticos/Costos de Viáticos/a_Nuevo1_costo' is clicked on

2022-06-10 09:19:27 - [TEST_STEP][PASSED] - waitForElementClickable(findTestObject("1-OBJECTS TAREAS PRINCIPALES/Modulo Actos Administrativos/Modulo Viáticos/Costos de Viáticos/a_Funcionario_form_popupComplementarioViaticoj_idt332"), 0): Object 'Object Repository/1-OBJECTS TAREAS PRINCIPALES/Modulo Actos Administrativos/Modulo Viáticos/Costos de Viáticos/a_Funcionario_form_popupComplementarioViaticoj_idt332' is clickable

2022-06-10 09:19:28 - [MESSAGE][WARNING] - Timeout '0' is invalid. Using default page load timeout: '37'

2022-06-10 09:19:28 - [MESSAGE][PASSED] - Object 'Object Repository/1-OBJECTS TAREAS PRINCIPALES/Modulo Actos Administrativos/Modulo Viáticos/Costos de Viáticos/a_Funcionario_form_popupComplementarioViaticoj_idt332' is clickable

2022-06-10 09:19:28 - [TEST_STEP][PASSED] - click(findTestObject("1-OBJECTS TAREAS PRINCIPALES/Modulo Actos Administrativos/Modulo Viáticos/Costos de Viáticos/a_Funcionario_form_popupComplementarioViaticoj_idt332")): Object: 'Object Repository/1-OBJECTS TAREAS PRINCIPALES/Modulo Actos Administrativos/Modulo Viáticos/Costos de Viáticos/a_Funcionario_form_popupComplementarioViaticoj_idt332' is clicked on

2022-06-10 09:19:29 - [MESSAGE][PASSED] - Object: 'Object Repository/1-OBJECTS TAREAS PRINCIPALES/Modulo Actos Administrativos/Modulo Viáticos/Costos de Viáticos/a_Funcionario_form_popupComplementarioViaticoj_idt332' is clicked on

2022-06-10 09:19:29 - [TEST_STEP][PASSED] - waitForElementClickable(findTestObject("1-OBJECTS TAREAS PRINCIPALES/Modulo Actos Administrativos/Modulo Viáticos/Costos de Viáticos/td_QUINTERO 5 EMPLEADO"), 0): Object 'Object Repository/1-OBJECTS TAREAS PRINCIPALES/Modulo Actos Administrativos/Modulo Viáticos/Costos de Viáticos/td_QUINTERO 5 EMPLEADO' is clickable

2022-06-10 09:19:29 - [MESSAGE][WARNING] - Timeout '0' is invalid. Using default page load timeout: '37'

2022-06-10 09:19:29 - [MESSAGE][PASSED] - Object 'Object Repository/1-OBJECTS TAREAS PRINCIPALES/Modulo Actos Administrativos/Modulo Viáticos/Costos de Viáticos/td_QUINTERO 5 EMPLEADO' is clickable

2022-06-10 09:19:29 - [TEST_STEP][PASSED] - click(findTestObject("1-OBJECTS TAREAS PRINCIPALES/Modulo Actos Administrativos/Modulo Viáticos/Costos de Viáticos/td_QUINTERO 5 EMPLEADO")): Object: 'Object Repository/1-OBJECTS TAREAS PRINCIPALES/Modulo Actos Administrativos/Modulo Viáticos/Costos de Viáticos/td_QUINTERO 5 EMPLEADO' is clicked on

2022-06-10 09:19:30 - [MESSAGE][PASSED] - Object: 'Object Repository/1-OBJECTS TAREAS PRINCIPALES/Modulo Actos Administrativos/Modulo Viáticos/Costos de Viáticos/td_QUINTERO 5 EMPLEADO' is clicked on

2022-06-10 09:19:30 - [TEST_STEP][PASSED] - waitForElementVisible(findTestObject("1-OBJECTS TAREAS PRINCIPALES/Modulo Actos Administrativos/Modulo Viáticos/Complementario de Viáticos/select_--- Seleccione Tipo Costo --Viatico prueba--complementario"), 0): Object 'Object Repository/1-OBJECTS TAREAS PRINCIPALES/Modulo Actos Administrativos/Modulo Viáticos/Complementario de Viáticos/select_--- Seleccione Tipo Costo --Viatico prueba--complementario' is visible

2022-06-10 09:19:30 - [MESSAGE][WARNING] - Timeout '0' is invalid. Using default page load timeout: '37'

2022-06-10 09:19:30 - [MESSAGE][PASSED] - Object 'Object Repository/1-OBJECTS TAREAS PRINCIPALES/Modulo Actos Administrativos/Modulo Viáticos/Complementario de Viáticos/select_--- Seleccione Tipo Costo --Viatico prueba--complementario' is visible

2022-06-10 09:19:30 - [TEST_STEP][PASSED] - selectOptionByIndex(findTestObject("1-OBJECTS TAREAS PRINCIPALES/Modulo Actos Administrativos/Modulo Viáticos/Complementario de Viáticos/select_--- Seleccione Tipo Costo --Viatico prueba--complementario"), "2"): All options with index in [2] are selected on object 'Object Repository/1-OBJECTS TAREAS PRINCIPALES/Modulo Actos Administrativos/Modulo Viáticos/Complementario de Viáticos/select_--- Seleccione Tipo Costo --Viatico prueba--complementario'

2022-06-10 09:19:31 - [MESSAGE][PASSED] - All options with index in [2] are selected on object 'Object Repository/1-OBJECTS TAREAS PRINCIPALES/Modulo Actos Administrativos/Modulo Viáticos/Complementario de Viáticos/select_--- Seleccione Tipo Costo --Viatico prueba--complementario'

2022-06-10 09:19:31 - [TEST_STEP][PASSED] - setText(findTestObject("1-OBJECTS TAREAS PRINCIPALES/Modulo Actos Administrativos/Modulo Viáticos/Costos de Viáticos/input_Valor Pagado UD_form_popupcostoviaticosvalorPagadoUD"), "1500000"): Text '1500000' is set on object 'Object Repository/1-OBJECTS TAREAS PRINCIPALES/Modulo Actos Administrativos/Modulo Viáticos/Costos de Viáticos/input_Valor Pagado UD_form_popupcostoviaticosvalorPagadoUD'

2022-06-10 09:19:32 - [MESSAGE][PASSED] - Text '1500000' is set on object 'Object Repository/1-OBJECTS TAREAS PRINCIPALES/Modulo Actos Administrativos/Modulo Viáticos/Costos de Viáticos/input_Valor Pagado UD_form_popupcostoviaticosvalorPagadoUD'

2022-06-10 09:19:32 - [TEST_STEP][PASSED] - setText(findTestObject("1-OBJECTS TAREAS PRINCIPALES/Modulo Actos Administrativos/Modulo Viáticos/Costos de Viáticos/input_Excedente_form_popupcostoviaticosvalorExcedente"), "10000"): Text '10000' is set on object 'Object Repository/1-OBJECTS TAREAS PRINCIPALES/Modulo Actos Administrativos/Modulo Viáticos/Costos de Viáticos/input_Excedente_form_popupcostoviaticosvalorExcedente'

2022-06-10 09:19:33 - [MESSAGE][PASSED] - Text '10000' is set on object 'Object Repository/1-OBJECTS TAREAS PRINCIPALES/Modulo Actos Administrativos/Modulo Viáticos/Costos de Viáticos/input_Excedente_form_popupcostoviaticosvalorExcedente'

2022-06-10 09:19:33 - [TEST_STEP][PASSED] - setText(findTestObject("1-OBJECTS TAREAS PRINCIPALES/Modulo Actos Administrativos/Modulo Viáticos/Costos de Viáticos/input_Factura_form_popupcostoviaticosfactura"), "5"): Text '5' is set on object 'Object Repository/1-OBJECTS TAREAS PRINCIPALES/Modulo Actos Administrativos/Modulo Viáticos/Costos de Viáticos/input_Factura_form_popupcostoviaticosfactura'

2022-06-10 09:19:34 - [MESSAGE][PASSED] - Text '5' is set on object 'Object Repository/1-OBJECTS TAREAS PRINCIPALES/Modulo Actos Administrativos/Modulo Viáticos/Costos de Viáticos/input_Factura_form_popupcostoviaticosfactura'

2022-06-10 09:19:34 - [TEST_STEP][PASSED] - setText(findTestObject("1-OBJECTS TAREAS PRINCIPALES/Modulo Actos Administrativos/Modulo Viáticos/Costos de Viáticos/input_Factura_form_popupcostoviaticosfechafactura_input"), "01/07/2021"): Text '01/07/2021' is set on object 'Object Repository/1-OBJECTS TAREAS PRINCIPALES/Modulo Actos Administrativos/Modulo Viáticos/Costos de Viáticos/input_Factura_form_popupcostoviaticosfechafactura_input'

2022-06-10 09:19:35 - [MESSAGE][PASSED] - Text '01/07/2021' is set on object 'Object Repository/1-OBJECTS TAREAS PRINCIPALES/Modulo Actos Administrativos/Modulo Viáticos/Costos de Viáticos/input_Factura_form_popupcostoviaticosfechafactura_input'

2022-06-10 09:19:35 - [TEST_STEP][PASSED] - sendKeys(findTestObject("1-OBJECTS TAREAS PRINCIPALES/Modulo Actos Administrativos/Modulo Viáticos/Costos de Viáticos/input_Factura_form_popupcostoviaticosfechafactura_input"), Keys.chord(ESCAPE)): Keys 'ESCAPE + ' sent to object: 'Object Repository/1-OBJECTS TAREAS PRINCIPALES/Modulo Actos Administrativos/Modulo Viáticos/Costos de Viáticos/input_Factura_form_popupcostoviaticosfechafactura_input'

2022-06-10 09:19:35 - [MESSAGE][PASSED] - Keys 'ESCAPE + ' sent to object: 'Object Repository/1-OBJECTS TAREAS PRINCIPALES/Modulo Actos Administrativos/Modulo Viáticos/Costos de Viáticos/input_Factura_form_popupcostoviaticosfechafactura_input'

2022-06-10 09:19:35 - [TEST_STEP][PASSED] - if (waitForElementVisible(findTestObject("1-OBJECTS TAREAS PRINCIPALES/Modulo Actos Administrativos/Modulo Viáticos/Costos de Viáticos/input_viatico_form_popupcostoviaticosdestino"), 1)): null

2022-06-10 09:19:35 - [MESSAGE][PASSED] - Object 'Object Repository/1-OBJECTS TAREAS PRINCIPALES/Modulo Actos Administrativos/Modulo Viáticos/Costos de Viáticos/input_viatico_form_popupcostoviaticosdestino' is visible

2022-06-10 09:19:35 - [TEST_STEP][PASSED] - setText(findTestObject("1-OBJECTS TAREAS PRINCIPALES/Modulo Actos Administrativos/Modulo Viáticos/Costos de Viáticos/input_viatico_form_popupcostoviaticosdestino"), "1"): Text '1' is set on object 'Object Repository/1-OBJECTS TAREAS PRINCIPALES/Modulo Actos Administrativos/Modulo Viáticos/Costos de Viáticos/input_viatico_form_popupcostoviaticosdestino'

2022-06-10 09:19:36 - [MESSAGE][PASSED] - Text '1' is set on object 'Object Repository/1-OBJECTS TAREAS PRINCIPALES/Modulo Actos Administrativos/Modulo Viáticos/Costos de Viáticos/input_viatico_form_popupcostoviaticosdestino'

2022-06-10 09:19:36 - [TEST_STEP][PASSED] - click(findTestObject("1-OBJECTS TAREAS PRINCIPALES/Modulo Actos Administrativos/Modulo Viáticos/Costos de Viáticos/input_viatico_form_popupcostoviaticosdestino")): Object: 'Object Repository/1-OBJECTS TAREAS PRINCIPALES/Modulo Actos Administrativos/Modulo Viáticos/Costos de Viáticos/input_viatico_form_popupcostoviaticosdestino' is clicked on

2022-06-10 09:19:37 - [MESSAGE][PASSED] - Object: 'Object Repository/1-OBJECTS TAREAS PRINCIPALES/Modulo Actos Administrativos/Modulo Viáticos/Costos de Viáticos/input_viatico_form_popupcostoviaticosdestino' is clicked on

2022-06-10 09:19:37 - [TEST_STEP][PASSED] - click(findTestObject("1-OBJECTS TAREAS PRINCIPALES/Modulo Actos Administrativos/Modulo Viáticos/Costos de Viáticos/a_Guardar_costo")): Object: 'Object Repository/1-OBJECTS TAREAS PRINCIPALES/Modulo Actos Administrativos/Modulo Viáticos/Costos de Viáticos/a_Guardar_costo' is clicked on

2022-06-10 09:19:37 - [MESSAGE][PASSED] - Object: 'Object Repository/1-OBJECTS TAREAS PRINCIPALES/Modulo Actos Administrativos/Modulo Viáticos/Costos de Viáticos/a_Guardar_costo' is clicked on

2022-06-10 09:19:37 - [TEST_STEP][PASSED] - waitForElementClickable(findTestObject("1-OBJECTS TAREAS PRINCIPALES/Modulo Actos Administrativos/Modulo Viáticos/Costos de Viáticos/p_El registro se ha insertado correctamente"), 0): Object 'Object Repository/1-OBJECTS TAREAS PRINCIPALES/Modulo Actos Administrativos/Modulo Viáticos/Costos de Viáticos/p_El registro se ha insertado correctamente' is clickable

2022-06-10 09:19:37 - [MESSAGE][WARNING] - Timeout '0' is invalid. Using default page load timeout: '37'

2022-06-10 09:19:39 - [MESSAGE][PASSED] - Object 'Object Repository/1-OBJECTS TAREAS PRINCIPALES/Modulo Actos Administrativos/Modulo Viáticos/Costos de Viáticos/p_El registro se ha insertado correctamente' is clickable

2022-06-10 09:19:39 - [TEST_STEP][PASSED] - click(findTestObject("1-OBJECTS TAREAS PRINCIPALES/Modulo Actos Administrativos/Modulo Viáticos/Costos de Viáticos/span_Cerrar_ Costo viatico")): Object: 'Object Repository/1-OBJECTS TAREAS PRINCIPALES/Modulo Actos Administrativos/Modulo Viáticos/Costos de Viáticos/span_Cerrar_ Costo viatico' is clicked on

2022-06-10 09:19:39 - [MESSAGE][PASSED] - Object: 'Object Repository/1-OBJECTS TAREAS PRINCIPALES/Modulo Actos Administrativos/Modulo Viáticos/Costos de Viáticos/span_Cerrar_ Costo viatico' is clicked on

2022-06-10 09:19:39 - [TEST_STEP][PASSED] - Result = getText(findTestObject("3-OBJECTS UTILIDADES/Alerta/Alerta")): Text of object 'Object Repository/3-OBJECTS UTILIDADES/Alerta/Alerta' is: 'El registro se ha insertado correctamente'

2022-06-10 09:19:40 - [MESSAGE][PASSED] - Text of object 'Object Repository/3-OBJECTS UTILIDADES/Alerta/Alerta' is: 'El registro se ha insertado correctamente'

2022-06-10 09:19:40 - [TEST_STEP][PASSED] - if (Result == "El registro se ha insertado correctamente"): null

2022-06-10 09:19:40 - [TEST_STEP][PASSED] - Resultado = "PRUEBA OK": null]]></system-out>
         <system-err><![CDATA[]]></system-err>
      </testcase>
      <testcase name="Test Cases/1.1-Tareas Principales/1.6.2 Complementario de Viáticos" time="67.08" classname="Test Cases/1.1-Tareas Principales/1.6.2 Complementario de Viáticos" status="FAILED">
         <failure type="FAILED" message="Test Cases/1.1-Tareas Principales/1.6.2 Complementario de Viáticos FAILED.
Reason:
com.kms.katalon.core.exception.StepFailedException: Unable to click on object 'Object Repository/1-OBJECTS TAREAS PRINCIPALES/Modulo Actos Administrativos/Modulo Viáticos/Complementario de Viáticos/span_E_ui-icon ui-icon-closethick'
	at com.kms.katalon.core.webui.keyword.internal.WebUIKeywordMain.stepFailed(WebUIKeywordMain.groovy:64)
	at com.kms.katalon.core.webui.keyword.internal.WebUIKeywordMain.runKeyword(WebUIKeywordMain.groovy:26)
	at com.kms.katalon.core.webui.keyword.builtin.ClickKeyword.click(ClickKeyword.groovy:74)
	at com.kms.katalon.core.webui.keyword.builtin.ClickKeyword.execute(ClickKeyword.groovy:40)
	at com.kms.katalon.core.keyword.internal.KeywordExecutor.executeKeywordForPlatform(KeywordExecutor.groovy:74)
	at com.kms.katalon.core.webui.keyword.WebUiBuiltInKeywords.click(WebUiBuiltInKeywords.groovy:620)
	at com.kms.katalon.core.webui.keyword.WebUiBuiltInKeywords$click$5.call(Unknown Source)
	at 1.6.2 Complementario de Viáticos.run(1.6.2 Complementario de Viáticos:95)
	at com.kms.katalon.core.main.ScriptEngine.run(ScriptEngine.java:194)
	at com.kms.katalon.core.main.ScriptEngine.runScriptAsRawText(ScriptEngine.java:119)
	at com.kms.katalon.core.main.TestCaseExecutor.runScript(TestCaseExecutor.java:445)
	at com.kms.katalon.core.main.TestCaseExecutor.doExecute(TestCaseExecutor.java:436)
	at com.kms.katalon.core.main.TestCaseExecutor.processExecutionPhase(TestCaseExecutor.java:415)
	at com.kms.katalon.core.main.TestCaseExecutor.accessMainPhase(TestCaseExecutor.java:407)
	at com.kms.katalon.core.main.TestCaseExecutor.execute(TestCaseExecutor.java:284)
	at com.kms.katalon.core.common.CommonExecutor.accessTestCaseMainPhase(CommonExecutor.java:65)
	at com.kms.katalon.core.main.TestSuiteExecutor.accessTestSuiteMainPhase(TestSuiteExecutor.java:144)
	at com.kms.katalon.core.main.TestSuiteExecutor.execute(TestSuiteExecutor.java:106)
	at com.kms.katalon.core.main.TestCaseMain.startTestSuite(TestCaseMain.java:185)
	at com.kms.katalon.core.main.TestCaseMain$startTestSuite$0.call(Unknown Source)
	at TempTestSuite1654867643956.run(TempTestSuite1654867643956.groovy:36)
Caused by: org.openqa.selenium.ElementClickInterceptedException: element click intercepted: Element &lt;span class=&quot;ui-icon ui-icon-closethick&quot;>&lt;/span> is not clickable at point (977, 36). Other element would receive the click: &lt;div id=&quot;popupErrorDialog:dialog_popupFoto_modal&quot; class=&quot;ui-widget-overlay ui-dialog-mask&quot; style=&quot;z-index: 1027;&quot;>&lt;/div>
  (Session info: chrome=102.0.5005.115)
Build info: version: '3.141.59', revision: 'e82be7d358', time: '2018-11-14T08:25:53'
System info: host: 'US-AF-000371', ip: '192.168.56.1', os.name: 'Windows 10', os.arch: 'amd64', os.version: '10.0', java.version: '1.8.0_282'
Driver info: com.kms.katalon.selenium.driver.CChromeDriver
Capabilities {acceptInsecureCerts: false, browserName: chrome, browserVersion: 102.0.5005.115, chrome: {chromedriverVersion: 101.0.4951.41 (93c720db8323..., userDataDir: C:\Users\DIEGO~1.ROJ\AppDat...}, goog:chromeOptions: {debuggerAddress: localhost:58486}, javascriptEnabled: true, networkConnectionEnabled: false, pageLoadStrategy: normal, platform: WINDOWS, platformName: WINDOWS, proxy: Proxy(), setWindowRect: true, strictFileInteractability: false, timeouts: {implicit: 0, pageLoad: 300000, script: 30000}, unhandledPromptBehavior: dismiss and notify, webauthn:extension:credBlob: true, webauthn:extension:largeBlob: true, webauthn:virtualAuthenticators: true}
Session ID: ea73f59a4a91ea6ecce2968bc7443ec1
	at org.openqa.selenium.remote.http.W3CHttpResponseCodec.createException(W3CHttpResponseCodec.java:187)
	at org.openqa.selenium.remote.http.W3CHttpResponseCodec.decode(W3CHttpResponseCodec.java:122)
	at org.openqa.selenium.remote.http.W3CHttpResponseCodec.decode(W3CHttpResponseCodec.java:49)
	at org.openqa.selenium.remote.HttpCommandExecutor.execute(HttpCommandExecutor.java:158)
	at org.openqa.selenium.remote.service.DriverCommandExecutor.execute(DriverCommandExecutor.java:83)
	at org.openqa.selenium.remote.RemoteWebDriver.execute(RemoteWebDriver.java:552)
	at com.kms.katalon.selenium.driver.CChromeDriver.execute(CChromeDriver.java:19)
	at org.openqa.selenium.remote.RemoteWebElement.execute(RemoteWebElement.java:285)
	at org.openqa.selenium.remote.RemoteWebElement.click(RemoteWebElement.java:84)
	at org.openqa.selenium.support.events.EventFiringWebDriver$EventFiringWebElement.lambda$new$0(EventFiringWebDriver.java:404)
	at com.sun.proxy.$Proxy11.click(Unknown Source)
	at org.openqa.selenium.support.events.EventFiringWebDriver$EventFiringWebElement.click(EventFiringWebDriver.java:417)
	at org.openqa.selenium.WebElement$click$0.call(Unknown Source)
	at com.kms.katalon.core.webui.keyword.builtin.ClickKeyword.clickUntilSuccessWithTimeout(ClickKeyword.groovy:81)
	at com.kms.katalon.core.webui.keyword.builtin.ClickKeyword.clickUntilSuccessWithTimeout(ClickKeyword.groovy)
	at com.kms.katalon.core.webui.keyword.builtin.ClickKeyword$_click_closure1.doCall(ClickKeyword.groovy:67)
	at com.kms.katalon.core.webui.keyword.builtin.ClickKeyword$_click_closure1.call(ClickKeyword.groovy)
	at com.kms.katalon.core.webui.keyword.internal.WebUIKeywordMain.runKeyword(WebUIKeywordMain.groovy:20)
	... 19 more
"/>
         <system-out><![CDATA[2022-06-10 09:19:40 - [TEST_CASE][FAILED] - Test Cases/1.1-Tareas Principales/1.6.2 Complementario de Viáticos: Test Cases/1.1-Tareas Principales/1.6.2 Complementario de Viáticos FAILED.
Reason:
com.kms.katalon.core.exception.StepFailedException: Unable to click on object 'Object Repository/1-OBJECTS TAREAS PRINCIPALES/Modulo Actos Administrativos/Modulo Viáticos/Complementario de Viáticos/span_E_ui-icon ui-icon-closethick'
	at com.kms.katalon.core.webui.keyword.internal.WebUIKeywordMain.stepFailed(WebUIKeywordMain.groovy:64)
	at com.kms.katalon.core.webui.keyword.internal.WebUIKeywordMain.runKeyword(WebUIKeywordMain.groovy:26)
	at com.kms.katalon.core.webui.keyword.builtin.ClickKeyword.click(ClickKeyword.groovy:74)
	at com.kms.katalon.core.webui.keyword.builtin.ClickKeyword.execute(ClickKeyword.groovy:40)
	at com.kms.katalon.core.keyword.internal.KeywordExecutor.executeKeywordForPlatform(KeywordExecutor.groovy:74)
	at com.kms.katalon.core.webui.keyword.WebUiBuiltInKeywords.click(WebUiBuiltInKeywords.groovy:620)
	at com.kms.katalon.core.webui.keyword.WebUiBuiltInKeywords$click$5.call(Unknown Source)
	at 1.6.2 Complementario de Viáticos.run(1.6.2 Complementario de Viáticos:95)
	at com.kms.katalon.core.main.ScriptEngine.run(ScriptEngine.java:194)
	at com.kms.katalon.core.main.ScriptEngine.runScriptAsRawText(ScriptEngine.java:119)
	at com.kms.katalon.core.main.TestCaseExecutor.runScript(TestCaseExecutor.java:445)
	at com.kms.katalon.core.main.TestCaseExecutor.doExecute(TestCaseExecutor.java:436)
	at com.kms.katalon.core.main.TestCaseExecutor.processExecutionPhase(TestCaseExecutor.java:415)
	at com.kms.katalon.core.main.TestCaseExecutor.accessMainPhase(TestCaseExecutor.java:407)
	at com.kms.katalon.core.main.TestCaseExecutor.execute(TestCaseExecutor.java:284)
	at com.kms.katalon.core.common.CommonExecutor.accessTestCaseMainPhase(CommonExecutor.java:65)
	at com.kms.katalon.core.main.TestSuiteExecutor.accessTestSuiteMainPhase(TestSuiteExecutor.java:144)
	at com.kms.katalon.core.main.TestSuiteExecutor.execute(TestSuiteExecutor.java:106)
	at com.kms.katalon.core.main.TestCaseMain.startTestSuite(TestCaseMain.java:185)
	at com.kms.katalon.core.main.TestCaseMain$startTestSuite$0.call(Unknown Source)
	at TempTestSuite1654867643956.run(TempTestSuite1654867643956.groovy:36)
Caused by: org.openqa.selenium.ElementClickInterceptedException: element click intercepted: Element <span class="ui-icon ui-icon-closethick"></span> is not clickable at point (977, 36). Other element would receive the click: <div id="popupErrorDialog:dialog_popupFoto_modal" class="ui-widget-overlay ui-dialog-mask" style="z-index: 1027;"></div>
  (Session info: chrome=102.0.5005.115)
Build info: version: '3.141.59', revision: 'e82be7d358', time: '2018-11-14T08:25:53'
System info: host: 'US-AF-000371', ip: '192.168.56.1', os.name: 'Windows 10', os.arch: 'amd64', os.version: '10.0', java.version: '1.8.0_282'
Driver info: com.kms.katalon.selenium.driver.CChromeDriver
Capabilities {acceptInsecureCerts: false, browserName: chrome, browserVersion: 102.0.5005.115, chrome: {chromedriverVersion: 101.0.4951.41 (93c720db8323..., userDataDir: C:\Users\DIEGO~1.ROJ\AppDat...}, goog:chromeOptions: {debuggerAddress: localhost:58486}, javascriptEnabled: true, networkConnectionEnabled: false, pageLoadStrategy: normal, platform: WINDOWS, platformName: WINDOWS, proxy: Proxy(), setWindowRect: true, strictFileInteractability: false, timeouts: {implicit: 0, pageLoad: 300000, script: 30000}, unhandledPromptBehavior: dismiss and notify, webauthn:extension:credBlob: true, webauthn:extension:largeBlob: true, webauthn:virtualAuthenticators: true}
Session ID: ea73f59a4a91ea6ecce2968bc7443ec1
	at org.openqa.selenium.remote.http.W3CHttpResponseCodec.createException(W3CHttpResponseCodec.java:187)
	at org.openqa.selenium.remote.http.W3CHttpResponseCodec.decode(W3CHttpResponseCodec.java:122)
	at org.openqa.selenium.remote.http.W3CHttpResponseCodec.decode(W3CHttpResponseCodec.java:49)
	at org.openqa.selenium.remote.HttpCommandExecutor.execute(HttpCommandExecutor.java:158)
	at org.openqa.selenium.remote.service.DriverCommandExecutor.execute(DriverCommandExecutor.java:83)
	at org.openqa.selenium.remote.RemoteWebDriver.execute(RemoteWebDriver.java:552)
	at com.kms.katalon.selenium.driver.CChromeDriver.execute(CChromeDriver.java:19)
	at org.openqa.selenium.remote.RemoteWebElement.execute(RemoteWebElement.java:285)
	at org.openqa.selenium.remote.RemoteWebElement.click(RemoteWebElement.java:84)
	at org.openqa.selenium.support.events.EventFiringWebDriver$EventFiringWebElement.lambda$new$0(EventFiringWebDriver.java:404)
	at com.sun.proxy.$Proxy11.click(Unknown Source)
	at org.openqa.selenium.support.events.EventFiringWebDriver$EventFiringWebElement.click(EventFiringWebDriver.java:417)
	at org.openqa.selenium.WebElement$click$0.call(Unknown Source)
	at com.kms.katalon.core.webui.keyword.builtin.ClickKeyword.clickUntilSuccessWithTimeout(ClickKeyword.groovy:81)
	at com.kms.katalon.core.webui.keyword.builtin.ClickKeyword.clickUntilSuccessWithTimeout(ClickKeyword.groovy)
	at com.kms.katalon.core.webui.keyword.builtin.ClickKeyword$_click_closure1.doCall(ClickKeyword.groovy:67)
	at com.kms.katalon.core.webui.keyword.builtin.ClickKeyword$_click_closure1.call(ClickKeyword.groovy)
	at com.kms.katalon.core.webui.keyword.internal.WebUIKeywordMain.runKeyword(WebUIKeywordMain.groovy:20)
	... 19 more


2022-06-10 09:19:40 - [TEST_STEP][PASSED] - callTestCase(findTestCase("0.1-Login"), [:], STOP_ON_FAILURE): Call Test Case 'Test Cases/0.1-Login' successfully

2022-06-10 09:19:40 - [TEST_CASE][PASSED] - Test Cases/0.1-Login: Test Cases/0.1-Login

2022-06-10 09:19:40 - [TEST_STEP][PASSED] - openBrowser(""): Browser is opened with url: ''

2022-06-10 09:19:40 - [MESSAGE][WARNING] - A browser is already opened. Closing browser and opening a new one

2022-06-10 09:19:41 - [MESSAGE][INFO] - Starting 'Chrome' driver

2022-06-10 09:19:41 - [MESSAGE][INFO] - Action delay is set to 0 milliseconds

2022-06-10 09:19:42 - [MESSAGE][PASSED] - Browser is opened with url: ''

2022-06-10 09:19:42 - [TEST_STEP][PASSED] - maximizeWindow(): Current window maximized

2022-06-10 09:19:42 - [MESSAGE][PASSED] - Current window maximized

2022-06-10 09:19:42 - [TEST_STEP][PASSED] - i = G_Login: null

2022-06-10 09:19:42 - [TEST_STEP][PASSED] - url = new java.net.URL(i): null

2022-06-10 09:19:42 - [TEST_STEP][PASSED] - println("URL: " + url.toString()): null

2022-06-10 09:19:42 - [TEST_STEP][PASSED] - connection = url.openConnection(): null

2022-06-10 09:19:42 - [TEST_STEP][PASSED] - connection.setRequestMethod("GET"): null

2022-06-10 09:19:42 - [TEST_STEP][PASSED] - connection.setReadTimeout(2 * 1000): null

2022-06-10 09:19:42 - [TEST_STEP][PASSED] - try: null

2022-06-10 09:19:42 - [TEST_STEP][PASSED] - connection.connect(): null

2022-06-10 09:19:42 - [TEST_STEP][PASSED] - flag = connected: null

2022-06-10 09:19:42 - [TEST_STEP][PASSED] - println("Valor_ori: " + flag): null

2022-06-10 09:19:42 - [TEST_STEP][PASSED] - if (flag): null

2022-06-10 09:19:42 - [TEST_STEP][PASSED] - navigateToUrl(i): Navigate to 'http://192.168.2.19:8380/saraweb' successfully

2022-06-10 09:19:42 - [MESSAGE][PASSED] - Navigate to 'http://192.168.2.19:8380/saraweb' successfully

2022-06-10 09:19:42 - [TEST_STEP][PASSED] - a(): null

2022-06-10 09:19:42 - [TEST_STEP][PASSED] - setText(findTestObject("3-OBJECTS UTILIDADES/Login/input_USUARIO_loginusuario"), G_Usuario): Text 'saraadmin' is set on object 'Object Repository/3-OBJECTS UTILIDADES/Login/input_USUARIO_loginusuario'

2022-06-10 09:19:43 - [MESSAGE][PASSED] - Text 'saraadmin' is set on object 'Object Repository/3-OBJECTS UTILIDADES/Login/input_USUARIO_loginusuario'

2022-06-10 09:19:43 - [TEST_STEP][PASSED] - setEncryptedText(findTestObject("3-OBJECTS UTILIDADES/Login/input_CLAVE_loginpassword"), "MkG4/TYiCFC3cb2driP7+Q=="): Text ****** has been set on object 'Object Repository/3-OBJECTS UTILIDADES/Login/input_CLAVE_loginpassword'

2022-06-10 09:19:44 - [MESSAGE][PASSED] - Text ****** has been set on object 'Object Repository/3-OBJECTS UTILIDADES/Login/input_CLAVE_loginpassword'

2022-06-10 09:19:44 - [TEST_STEP][PASSED] - waitForElementClickable(findTestObject("3-OBJECTS UTILIDADES/Login/a_Ingresar"), G_TimeOut): Object 'Object Repository/3-OBJECTS UTILIDADES/Login/a_Ingresar' is clickable

2022-06-10 09:19:44 - [MESSAGE][PASSED] - Object 'Object Repository/3-OBJECTS UTILIDADES/Login/a_Ingresar' is clickable

2022-06-10 09:19:44 - [TEST_STEP][PASSED] - click(findTestObject("3-OBJECTS UTILIDADES/Login/a_Ingresar")): Object: 'Object Repository/3-OBJECTS UTILIDADES/Login/a_Ingresar' is clicked on

2022-06-10 09:19:45 - [MESSAGE][PASSED] - Object: 'Object Repository/3-OBJECTS UTILIDADES/Login/a_Ingresar' is clicked on

2022-06-10 09:19:45 - [TEST_STEP][PASSED] - element = findWebElement(findTestObject("3-OBJECTS UTILIDADES/Login/a_Ir"), 30): null

2022-06-10 09:19:46 - [TEST_STEP][PASSED] - executeJavaScript("arguments[0].click()", Arrays.asList(element)): Execute JavaScript 'arguments[0].click()' successfully

2022-06-10 09:19:46 - [MESSAGE][PASSED] - Execute JavaScript 'arguments[0].click()' successfully

2022-06-10 09:19:46 - [MESSAGE][PASSED] - Call Test Case 'Test Cases/0.1-Login' successfully

2022-06-10 09:19:46 - [TEST_STEP][PASSED] - waitForElementVisible(findTestObject("1-OBJECTS TAREAS PRINCIPALES/Modulo Actos Administrativos/Modulo Viáticos/Complementario de Viáticos/input_ADMINISTRADOR DEL SISTEMA - SARA_form_templatej_idt24_input"), 0): Object 'Object Repository/1-OBJECTS TAREAS PRINCIPALES/Modulo Actos Administrativos/Modulo Viáticos/Complementario de Viáticos/input_ADMINISTRADOR DEL SISTEMA - SARA_form_templatej_idt24_input' is visible

2022-06-10 09:19:46 - [MESSAGE][WARNING] - Timeout '0' is invalid. Using default page load timeout: '37'

2022-06-10 09:19:47 - [MESSAGE][PASSED] - Object 'Object Repository/1-OBJECTS TAREAS PRINCIPALES/Modulo Actos Administrativos/Modulo Viáticos/Complementario de Viáticos/input_ADMINISTRADOR DEL SISTEMA - SARA_form_templatej_idt24_input' is visible

2022-06-10 09:19:47 - [TEST_STEP][PASSED] - setText(findTestObject("1-OBJECTS TAREAS PRINCIPALES/Modulo Actos Administrativos/Modulo Viáticos/Complementario de Viáticos/input_ADMINISTRADOR DEL SISTEMA - SARA_form_templatej_idt24_input"), "listado de viaticos"): Text 'listado de viaticos' is set on object 'Object Repository/1-OBJECTS TAREAS PRINCIPALES/Modulo Actos Administrativos/Modulo Viáticos/Complementario de Viáticos/input_ADMINISTRADOR DEL SISTEMA - SARA_form_templatej_idt24_input'

2022-06-10 09:19:47 - [MESSAGE][PASSED] - Text 'listado de viaticos' is set on object 'Object Repository/1-OBJECTS TAREAS PRINCIPALES/Modulo Actos Administrativos/Modulo Viáticos/Complementario de Viáticos/input_ADMINISTRADOR DEL SISTEMA - SARA_form_templatej_idt24_input'

2022-06-10 09:19:47 - [TEST_STEP][PASSED] - waitForElementClickable(findTestObject("1-OBJECTS TAREAS PRINCIPALES/Modulo Actos Administrativos/Modulo Viáticos/Complementario de Viáticos/li_Listado de Viaticos (act)"), 0): Object 'Object Repository/1-OBJECTS TAREAS PRINCIPALES/Modulo Actos Administrativos/Modulo Viáticos/Complementario de Viáticos/li_Listado de Viaticos (act)' is clickable

2022-06-10 09:19:48 - [MESSAGE][WARNING] - Timeout '0' is invalid. Using default page load timeout: '37'

2022-06-10 09:19:49 - [MESSAGE][PASSED] - Object 'Object Repository/1-OBJECTS TAREAS PRINCIPALES/Modulo Actos Administrativos/Modulo Viáticos/Complementario de Viáticos/li_Listado de Viaticos (act)' is clickable

2022-06-10 09:19:49 - [TEST_STEP][PASSED] - sendKeys(findTestObject("1-OBJECTS TAREAS PRINCIPALES/Modulo Actos Administrativos/Modulo Viáticos/Complementario de Viáticos/input_ADMINISTRADOR DEL SISTEMA - SARA_form_templatej_idt24_input"), Keys.chord(ENTER)): Keys 'ENTER + ' sent to object: 'Object Repository/1-OBJECTS TAREAS PRINCIPALES/Modulo Actos Administrativos/Modulo Viáticos/Complementario de Viáticos/input_ADMINISTRADOR DEL SISTEMA - SARA_form_templatej_idt24_input'

2022-06-10 09:19:49 - [MESSAGE][PASSED] - Keys 'ENTER + ' sent to object: 'Object Repository/1-OBJECTS TAREAS PRINCIPALES/Modulo Actos Administrativos/Modulo Viáticos/Complementario de Viáticos/input_ADMINISTRADOR DEL SISTEMA - SARA_form_templatej_idt24_input'

2022-06-10 09:19:49 - [TEST_STEP][PASSED] - setText(findTestObject("1-OBJECTS TAREAS PRINCIPALES/Modulo Actos Administrativos/Modulo Viáticos/Crear viatico/input_Ao_form_listadoviaticosanio"), "2021"): Text '2021' is set on object 'Object Repository/1-OBJECTS TAREAS PRINCIPALES/Modulo Actos Administrativos/Modulo Viáticos/Crear viatico/input_Ao_form_listadoviaticosanio'

2022-06-10 09:19:51 - [MESSAGE][PASSED] - Text '2021' is set on object 'Object Repository/1-OBJECTS TAREAS PRINCIPALES/Modulo Actos Administrativos/Modulo Viáticos/Crear viatico/input_Ao_form_listadoviaticosanio'

2022-06-10 09:19:51 - [TEST_STEP][PASSED] - sendKeys(findTestObject("1-OBJECTS TAREAS PRINCIPALES/Modulo Actos Administrativos/Modulo Viáticos/Crear viatico/input_Ao_form_listadoviaticosanio"), Keys.chord(ENTER)): Keys 'ENTER + ' sent to object: 'Object Repository/1-OBJECTS TAREAS PRINCIPALES/Modulo Actos Administrativos/Modulo Viáticos/Crear viatico/input_Ao_form_listadoviaticosanio'

2022-06-10 09:19:51 - [MESSAGE][PASSED] - Keys 'ENTER + ' sent to object: 'Object Repository/1-OBJECTS TAREAS PRINCIPALES/Modulo Actos Administrativos/Modulo Viáticos/Crear viatico/input_Ao_form_listadoviaticosanio'

2022-06-10 09:19:51 - [TEST_STEP][PASSED] - selectOptionByIndex(findTestObject("1-OBJECTS TAREAS PRINCIPALES/Modulo Actos Administrativos/Modulo Viáticos/Complementario de Viáticos/select_--Seleccione--AnuladoAutorizadaDerogadaNo AutorizadaProgramadaSolicitado"), 2): All options with index in [2] are selected on object 'Object Repository/1-OBJECTS TAREAS PRINCIPALES/Modulo Actos Administrativos/Modulo Viáticos/Complementario de Viáticos/select_--Seleccione--AnuladoAutorizadaDerogadaNo AutorizadaProgramadaSolicitado'

2022-06-10 09:19:53 - [MESSAGE][PASSED] - All options with index in [2] are selected on object 'Object Repository/1-OBJECTS TAREAS PRINCIPALES/Modulo Actos Administrativos/Modulo Viáticos/Complementario de Viáticos/select_--Seleccione--AnuladoAutorizadaDerogadaNo AutorizadaProgramadaSolicitado'

2022-06-10 09:19:53 - [TEST_STEP][PASSED] - if (waitForElementClickable(findTestObject("1-OBJECTS TAREAS PRINCIPALES/Modulo Actos Administrativos/Modulo Viáticos/Complementario de Viáticos/span_5"), 1)): null

2022-06-10 09:19:53 - [MESSAGE][PASSED] - Object 'Object Repository/1-OBJECTS TAREAS PRINCIPALES/Modulo Actos Administrativos/Modulo Viáticos/Complementario de Viáticos/span_5' is clickable

2022-06-10 09:19:53 - [TEST_STEP][PASSED] - click(findTestObject("1-OBJECTS TAREAS PRINCIPALES/Modulo Actos Administrativos/Modulo Viáticos/Complementario de Viáticos/span_5")): Object: 'Object Repository/1-OBJECTS TAREAS PRINCIPALES/Modulo Actos Administrativos/Modulo Viáticos/Complementario de Viáticos/span_5' is clicked on

2022-06-10 09:19:54 - [MESSAGE][PASSED] - Object: 'Object Repository/1-OBJECTS TAREAS PRINCIPALES/Modulo Actos Administrativos/Modulo Viáticos/Complementario de Viáticos/span_5' is clicked on

2022-06-10 09:19:54 - [TEST_STEP][PASSED] - waitForElementClickable(findTestObject("1-OBJECTS TAREAS PRINCIPALES/Modulo Actos Administrativos/Modulo Viáticos/Complementario de Viáticos/a_Complementario"), 0): Object 'Object Repository/1-OBJECTS TAREAS PRINCIPALES/Modulo Actos Administrativos/Modulo Viáticos/Complementario de Viáticos/a_Complementario' is clickable

2022-06-10 09:19:54 - [MESSAGE][WARNING] - Timeout '0' is invalid. Using default page load timeout: '37'

2022-06-10 09:19:54 - [MESSAGE][PASSED] - Object 'Object Repository/1-OBJECTS TAREAS PRINCIPALES/Modulo Actos Administrativos/Modulo Viáticos/Complementario de Viáticos/a_Complementario' is clickable

2022-06-10 09:19:54 - [TEST_STEP][PASSED] - click(findTestObject("1-OBJECTS TAREAS PRINCIPALES/Modulo Actos Administrativos/Modulo Viáticos/Complementario de Viáticos/a_Complementario")): Object: 'Object Repository/1-OBJECTS TAREAS PRINCIPALES/Modulo Actos Administrativos/Modulo Viáticos/Complementario de Viáticos/a_Complementario' is clicked on

2022-06-10 09:19:55 - [MESSAGE][PASSED] - Object: 'Object Repository/1-OBJECTS TAREAS PRINCIPALES/Modulo Actos Administrativos/Modulo Viáticos/Complementario de Viáticos/a_Complementario' is clicked on

2022-06-10 09:19:55 - [TEST_STEP][PASSED] - if (waitForElementClickable(findTestObject("1-OBJECTS TAREAS PRINCIPALES/Modulo Actos Administrativos/Modulo Viáticos/Complementario de Viáticos/span_Quintero 45 Empleado"), 1)): Web element with id: 'Object Repository/1-OBJECTS TAREAS PRINCIPALES/Modulo Actos Administrativos/Modulo Viáticos/Complementario de Viáticos/span_Quintero 45 Empleado' located by '//*/text()[normalize-space(.)='QUINTERO 45 EMPLEADO']/parent::*' not found

2022-06-10 09:19:57 - [MESSAGE][INFO] - Unable to find the element located by 'By.xpath: //*/text()[normalize-space(.)='QUINTERO 45 EMPLEADO']/parent::*'. Please recheck the objects properties to make sure the desired element is located. 

2022-06-10 09:19:57 - [MESSAGE][WARNING] - Web element with id: 'Object Repository/1-OBJECTS TAREAS PRINCIPALES/Modulo Actos Administrativos/Modulo Viáticos/Complementario de Viáticos/span_Quintero 45 Empleado' located by '//*/text()[normalize-space(.)='QUINTERO 45 EMPLEADO']/parent::*' not found

2022-06-10 09:19:57 - [TEST_STEP][PASSED] - click(findTestObject("1-OBJECTS TAREAS PRINCIPALES/Modulo Actos Administrativos/Modulo Viáticos/Complementario de Viáticos/a_Nuevo")): Object: 'Object Repository/1-OBJECTS TAREAS PRINCIPALES/Modulo Actos Administrativos/Modulo Viáticos/Complementario de Viáticos/a_Nuevo' is clicked on

2022-06-10 09:19:57 - [MESSAGE][PASSED] - Object: 'Object Repository/1-OBJECTS TAREAS PRINCIPALES/Modulo Actos Administrativos/Modulo Viáticos/Complementario de Viáticos/a_Nuevo' is clicked on

2022-06-10 09:19:57 - [TEST_STEP][PASSED] - click(findTestObject("1-OBJECTS TAREAS PRINCIPALES/Modulo Actos Administrativos/Modulo Viáticos/Complementario de Viáticos/a_Funcionario_form_popupComplementarioViaticoj_idt332")): Object: 'Object Repository/1-OBJECTS TAREAS PRINCIPALES/Modulo Actos Administrativos/Modulo Viáticos/Complementario de Viáticos/a_Funcionario_form_popupComplementarioViaticoj_idt332' is clicked on

2022-06-10 09:19:58 - [MESSAGE][PASSED] - Object: 'Object Repository/1-OBJECTS TAREAS PRINCIPALES/Modulo Actos Administrativos/Modulo Viáticos/Complementario de Viáticos/a_Funcionario_form_popupComplementarioViaticoj_idt332' is clicked on

2022-06-10 09:19:58 - [TEST_STEP][PASSED] - setText(findTestObject("1-OBJECTS TAREAS PRINCIPALES/Modulo Actos Administrativos/Modulo Viáticos/Complementario de Viáticos/input_Filtro Empleado_form_popupEmpleadoj_idt561"), "QUINTERO 45 EMPLEADO"): Text 'QUINTERO 45 EMPLEADO' is set on object 'Object Repository/1-OBJECTS TAREAS PRINCIPALES/Modulo Actos Administrativos/Modulo Viáticos/Complementario de Viáticos/input_Filtro Empleado_form_popupEmpleadoj_idt561'

2022-06-10 09:19:59 - [MESSAGE][PASSED] - Text 'QUINTERO 45 EMPLEADO' is set on object 'Object Repository/1-OBJECTS TAREAS PRINCIPALES/Modulo Actos Administrativos/Modulo Viáticos/Complementario de Viáticos/input_Filtro Empleado_form_popupEmpleadoj_idt561'

2022-06-10 09:19:59 - [TEST_STEP][PASSED] - sendKeys(findTestObject("1-OBJECTS TAREAS PRINCIPALES/Modulo Actos Administrativos/Modulo Viáticos/Complementario de Viáticos/input_Filtro Empleado_form_popupEmpleadoj_idt561"), Keys.chord(ENTER)): Keys 'ENTER + ' sent to object: 'Object Repository/1-OBJECTS TAREAS PRINCIPALES/Modulo Actos Administrativos/Modulo Viáticos/Complementario de Viáticos/input_Filtro Empleado_form_popupEmpleadoj_idt561'

2022-06-10 09:19:59 - [MESSAGE][PASSED] - Keys 'ENTER + ' sent to object: 'Object Repository/1-OBJECTS TAREAS PRINCIPALES/Modulo Actos Administrativos/Modulo Viáticos/Complementario de Viáticos/input_Filtro Empleado_form_popupEmpleadoj_idt561'

2022-06-10 09:19:59 - [TEST_STEP][PASSED] - click(findTestObject("1-OBJECTS TAREAS PRINCIPALES/Modulo Actos Administrativos/Modulo Viáticos/Complementario de Viáticos/span_Quintero 45 Empleado_Complementario")): Object: 'Object Repository/1-OBJECTS TAREAS PRINCIPALES/Modulo Actos Administrativos/Modulo Viáticos/Complementario de Viáticos/span_Quintero 45 Empleado_Complementario' is clicked on

2022-06-10 09:20:01 - [MESSAGE][PASSED] - Object: 'Object Repository/1-OBJECTS TAREAS PRINCIPALES/Modulo Actos Administrativos/Modulo Viáticos/Complementario de Viáticos/span_Quintero 45 Empleado_Complementario' is clicked on

2022-06-10 09:20:01 - [TEST_STEP][PASSED] - setText(findTestObject("1-OBJECTS TAREAS PRINCIPALES/Modulo Actos Administrativos/Modulo Viáticos/Complementario de Viáticos/input_Fecha Inicial_form_popupComplementarioViaticofechainicial_input"), "01/07/2021"): Text '01/07/2021' is set on object 'Object Repository/1-OBJECTS TAREAS PRINCIPALES/Modulo Actos Administrativos/Modulo Viáticos/Complementario de Viáticos/input_Fecha Inicial_form_popupComplementarioViaticofechainicial_input'

2022-06-10 09:20:02 - [MESSAGE][PASSED] - Text '01/07/2021' is set on object 'Object Repository/1-OBJECTS TAREAS PRINCIPALES/Modulo Actos Administrativos/Modulo Viáticos/Complementario de Viáticos/input_Fecha Inicial_form_popupComplementarioViaticofechainicial_input'

2022-06-10 09:20:02 - [TEST_STEP][PASSED] - setText(findTestObject("1-OBJECTS TAREAS PRINCIPALES/Modulo Actos Administrativos/Modulo Viáticos/Complementario de Viáticos/input_Fecha Final_form_popupComplementarioViaticofechafinal_input"), "01/11/2021"): Text '01/11/2021' is set on object 'Object Repository/1-OBJECTS TAREAS PRINCIPALES/Modulo Actos Administrativos/Modulo Viáticos/Complementario de Viáticos/input_Fecha Final_form_popupComplementarioViaticofechafinal_input'

2022-06-10 09:20:03 - [MESSAGE][PASSED] - Text '01/11/2021' is set on object 'Object Repository/1-OBJECTS TAREAS PRINCIPALES/Modulo Actos Administrativos/Modulo Viáticos/Complementario de Viáticos/input_Fecha Final_form_popupComplementarioViaticofechafinal_input'

2022-06-10 09:20:03 - [TEST_STEP][PASSED] - setText(findTestObject("1-OBJECTS TAREAS PRINCIPALES/Modulo Actos Administrativos/Modulo Viáticos/Complementario de Viáticos/input_Cantidad_form_popupComplementarioViaticocantidad"), "10"): Text '10' is set on object 'Object Repository/1-OBJECTS TAREAS PRINCIPALES/Modulo Actos Administrativos/Modulo Viáticos/Complementario de Viáticos/input_Cantidad_form_popupComplementarioViaticocantidad'

2022-06-10 09:20:03 - [MESSAGE][PASSED] - Text '10' is set on object 'Object Repository/1-OBJECTS TAREAS PRINCIPALES/Modulo Actos Administrativos/Modulo Viáticos/Complementario de Viáticos/input_Cantidad_form_popupComplementarioViaticocantidad'

2022-06-10 09:20:03 - [TEST_STEP][PASSED] - selectOptionByIndex(findTestObject("1-OBJECTS TAREAS PRINCIPALES/Modulo Actos Administrativos/Modulo Viáticos/Complementario de Viáticos/select_--- Seleccione Tipo Costo --Viatico prueba--comple"), "1"): All options with index in [1] are selected on object 'Object Repository/1-OBJECTS TAREAS PRINCIPALES/Modulo Actos Administrativos/Modulo Viáticos/Complementario de Viáticos/select_--- Seleccione Tipo Costo --Viatico prueba--comple'

2022-06-10 09:20:04 - [MESSAGE][PASSED] - All options with index in [1] are selected on object 'Object Repository/1-OBJECTS TAREAS PRINCIPALES/Modulo Actos Administrativos/Modulo Viáticos/Complementario de Viáticos/select_--- Seleccione Tipo Costo --Viatico prueba--comple'

2022-06-10 09:20:04 - [TEST_STEP][PASSED] - setText(findTestObject("1-OBJECTS TAREAS PRINCIPALES/Modulo Actos Administrativos/Modulo Viáticos/Complementario de Viáticos/input_Cdp_form_popupComplementarioViaticodocumento"), "1019"): Text '1019' is set on object 'Object Repository/1-OBJECTS TAREAS PRINCIPALES/Modulo Actos Administrativos/Modulo Viáticos/Complementario de Viáticos/input_Cdp_form_popupComplementarioViaticodocumento'

2022-06-10 09:20:05 - [MESSAGE][PASSED] - Text '1019' is set on object 'Object Repository/1-OBJECTS TAREAS PRINCIPALES/Modulo Actos Administrativos/Modulo Viáticos/Complementario de Viáticos/input_Cdp_form_popupComplementarioViaticodocumento'

2022-06-10 09:20:05 - [TEST_STEP][PASSED] - setText(findTestObject("1-OBJECTS TAREAS PRINCIPALES/Modulo Actos Administrativos/Modulo Viáticos/Complementario de Viáticos/input_TRM Proyectada_form_popupComplementarioViaticotrm"), "5"): Text '5' is set on object 'Object Repository/1-OBJECTS TAREAS PRINCIPALES/Modulo Actos Administrativos/Modulo Viáticos/Complementario de Viáticos/input_TRM Proyectada_form_popupComplementarioViaticotrm'

2022-06-10 09:20:06 - [MESSAGE][PASSED] - Text '5' is set on object 'Object Repository/1-OBJECTS TAREAS PRINCIPALES/Modulo Actos Administrativos/Modulo Viáticos/Complementario de Viáticos/input_TRM Proyectada_form_popupComplementarioViaticotrm'

2022-06-10 09:20:06 - [TEST_STEP][PASSED] - click(findTestObject("1-OBJECTS TAREAS PRINCIPALES/Modulo Actos Administrativos/Modulo Viáticos/Complementario de Viáticos/a_Guardar_complemento")): Object: 'Object Repository/1-OBJECTS TAREAS PRINCIPALES/Modulo Actos Administrativos/Modulo Viáticos/Complementario de Viáticos/a_Guardar_complemento' is clicked on

2022-06-10 09:20:06 - [MESSAGE][PASSED] - Object: 'Object Repository/1-OBJECTS TAREAS PRINCIPALES/Modulo Actos Administrativos/Modulo Viáticos/Complementario de Viáticos/a_Guardar_complemento' is clicked on

2022-06-10 09:20:06 - [TEST_STEP][PASSED] - Result0 = getText(findTestObject("3-OBJECTS UTILIDADES/Alerta/Alerta")): Text of object 'Object Repository/3-OBJECTS UTILIDADES/Alerta/Alerta' is: 'Se ha creado el registro.'

2022-06-10 09:20:07 - [MESSAGE][PASSED] - Text of object 'Object Repository/3-OBJECTS UTILIDADES/Alerta/Alerta' is: 'Se ha creado el registro.'

2022-06-10 09:20:07 - [TEST_STEP][FAILED] - click(findTestObject("1-OBJECTS TAREAS PRINCIPALES/Modulo Actos Administrativos/Modulo Viáticos/Complementario de Viáticos/span_E_ui-icon ui-icon-closethick")): Unable to click on object 'Object Repository/1-OBJECTS TAREAS PRINCIPALES/Modulo Actos Administrativos/Modulo Viáticos/Complementario de Viáticos/span_E_ui-icon ui-icon-closethick' (Root cause: com.kms.katalon.core.exception.StepFailedException: Unable to click on object 'Object Repository/1-OBJECTS TAREAS PRINCIPALES/Modulo Actos Administrativos/Modulo Viáticos/Complementario de Viáticos/span_E_ui-icon ui-icon-closethick'
	at com.kms.katalon.core.webui.keyword.internal.WebUIKeywordMain.stepFailed(WebUIKeywordMain.groovy:64)
	at com.kms.katalon.core.webui.keyword.internal.WebUIKeywordMain.runKeyword(WebUIKeywordMain.groovy:26)
	at com.kms.katalon.core.webui.keyword.builtin.ClickKeyword.click(ClickKeyword.groovy:74)
	at com.kms.katalon.core.webui.keyword.builtin.ClickKeyword.execute(ClickKeyword.groovy:40)
	at com.kms.katalon.core.keyword.internal.KeywordExecutor.executeKeywordForPlatform(KeywordExecutor.groovy:74)
	at com.kms.katalon.core.webui.keyword.WebUiBuiltInKeywords.click(WebUiBuiltInKeywords.groovy:620)
	at com.kms.katalon.core.webui.keyword.WebUiBuiltInKeywords$click$5.call(Unknown Source)
	at 1.6.2 Complementario de Viáticos.run(1.6.2 Complementario de Viáticos:95)
	at com.kms.katalon.core.main.ScriptEngine.run(ScriptEngine.java:194)
	at com.kms.katalon.core.main.ScriptEngine.runScriptAsRawText(ScriptEngine.java:119)
	at com.kms.katalon.core.main.TestCaseExecutor.runScript(TestCaseExecutor.java:445)
	at com.kms.katalon.core.main.TestCaseExecutor.doExecute(TestCaseExecutor.java:436)
	at com.kms.katalon.core.main.TestCaseExecutor.processExecutionPhase(TestCaseExecutor.java:415)
	at com.kms.katalon.core.main.TestCaseExecutor.accessMainPhase(TestCaseExecutor.java:407)
	at com.kms.katalon.core.main.TestCaseExecutor.execute(TestCaseExecutor.java:284)
	at com.kms.katalon.core.common.CommonExecutor.accessTestCaseMainPhase(CommonExecutor.java:65)
	at com.kms.katalon.core.main.TestSuiteExecutor.accessTestSuiteMainPhase(TestSuiteExecutor.java:144)
	at com.kms.katalon.core.main.TestSuiteExecutor.execute(TestSuiteExecutor.java:106)
	at com.kms.katalon.core.main.TestCaseMain.startTestSuite(TestCaseMain.java:185)
	at com.kms.katalon.core.main.TestCaseMain$startTestSuite$0.call(Unknown Source)
	at TempTestSuite1654867643956.run(TempTestSuite1654867643956.groovy:36)
Caused by: org.openqa.selenium.ElementClickInterceptedException: element click intercepted: Element <span class="ui-icon ui-icon-closethick"></span> is not clickable at point (977, 36). Other element would receive the click: <div id="popupErrorDialog:dialog_popupFoto_modal" class="ui-widget-overlay ui-dialog-mask" style="z-index: 1027;"></div>
  (Session info: chrome=102.0.5005.115)
Build info: version: '3.141.59', revision: 'e82be7d358', time: '2018-11-14T08:25:53'
System info: host: 'US-AF-000371', ip: '192.168.56.1', os.name: 'Windows 10', os.arch: 'amd64', os.version: '10.0', java.version: '1.8.0_282'
Driver info: com.kms.katalon.selenium.driver.CChromeDriver
Capabilities {acceptInsecureCerts: false, browserName: chrome, browserVersion: 102.0.5005.115, chrome: {chromedriverVersion: 101.0.4951.41 (93c720db8323..., userDataDir: C:\Users\DIEGO~1.ROJ\AppDat...}, goog:chromeOptions: {debuggerAddress: localhost:58486}, javascriptEnabled: true, networkConnectionEnabled: false, pageLoadStrategy: normal, platform: WINDOWS, platformName: WINDOWS, proxy: Proxy(), setWindowRect: true, strictFileInteractability: false, timeouts: {implicit: 0, pageLoad: 300000, script: 30000}, unhandledPromptBehavior: dismiss and notify, webauthn:extension:credBlob: true, webauthn:extension:largeBlob: true, webauthn:virtualAuthenticators: true}
Session ID: ea73f59a4a91ea6ecce2968bc7443ec1
	at org.openqa.selenium.remote.http.W3CHttpResponseCodec.createException(W3CHttpResponseCodec.java:187)
	at org.openqa.selenium.remote.http.W3CHttpResponseCodec.decode(W3CHttpResponseCodec.java:122)
	at org.openqa.selenium.remote.http.W3CHttpResponseCodec.decode(W3CHttpResponseCodec.java:49)
	at org.openqa.selenium.remote.HttpCommandExecutor.execute(HttpCommandExecutor.java:158)
	at org.openqa.selenium.remote.service.DriverCommandExecutor.execute(DriverCommandExecutor.java:83)
	at org.openqa.selenium.remote.RemoteWebDriver.execute(RemoteWebDriver.java:552)
	at com.kms.katalon.selenium.driver.CChromeDriver.execute(CChromeDriver.java:19)
	at org.openqa.selenium.remote.RemoteWebElement.execute(RemoteWebElement.java:285)
	at org.openqa.selenium.remote.RemoteWebElement.click(RemoteWebElement.java:84)
	at org.openqa.selenium.support.events.EventFiringWebDriver$EventFiringWebElement.lambda$new$0(EventFiringWebDriver.java:404)
	at com.sun.proxy.$Proxy11.click(Unknown Source)
	at org.openqa.selenium.support.events.EventFiringWebDriver$EventFiringWebElement.click(EventFiringWebDriver.java:417)
	at org.openqa.selenium.WebElement$click$0.call(Unknown Source)
	at com.kms.katalon.core.webui.keyword.builtin.ClickKeyword.clickUntilSuccessWithTimeout(ClickKeyword.groovy:81)
	at com.kms.katalon.core.webui.keyword.builtin.ClickKeyword.clickUntilSuccessWithTimeout(ClickKeyword.groovy)
	at com.kms.katalon.core.webui.keyword.builtin.ClickKeyword$_click_closure1.doCall(ClickKeyword.groovy:67)
	at com.kms.katalon.core.webui.keyword.builtin.ClickKeyword$_click_closure1.call(ClickKeyword.groovy)
	at com.kms.katalon.core.webui.keyword.internal.WebUIKeywordMain.runKeyword(WebUIKeywordMain.groovy:20)
	at com.kms.katalon.core.webui.keyword.builtin.ClickKeyword.click(ClickKeyword.groovy:74)
	at com.kms.katalon.core.webui.keyword.builtin.ClickKeyword.execute(ClickKeyword.groovy:40)
	at com.kms.katalon.core.keyword.internal.KeywordExecutor.executeKeywordForPlatform(KeywordExecutor.groovy:74)
	at com.kms.katalon.core.webui.keyword.WebUiBuiltInKeywords.click(WebUiBuiltInKeywords.groovy:620)
	at com.kms.katalon.core.webui.keyword.WebUiBuiltInKeywords$click$5.call(Unknown Source)
	at Script1629812394722.run(Script1629812394722.groovy:95)
	... 13 more
)

2022-06-10 09:20:47 - [MESSAGE][FAILED] - Unable to click on object 'Object Repository/1-OBJECTS TAREAS PRINCIPALES/Modulo Actos Administrativos/Modulo Viáticos/Complementario de Viáticos/span_E_ui-icon ui-icon-closethick' (Root cause: com.kms.katalon.core.exception.StepFailedException: Unable to click on object 'Object Repository/1-OBJECTS TAREAS PRINCIPALES/Modulo Actos Administrativos/Modulo Viáticos/Complementario de Viáticos/span_E_ui-icon ui-icon-closethick'
	at com.kms.katalon.core.webui.keyword.internal.WebUIKeywordMain.stepFailed(WebUIKeywordMain.groovy:64)
	at com.kms.katalon.core.webui.keyword.internal.WebUIKeywordMain.runKeyword(WebUIKeywordMain.groovy:26)
	at com.kms.katalon.core.webui.keyword.builtin.ClickKeyword.click(ClickKeyword.groovy:74)
	at com.kms.katalon.core.webui.keyword.builtin.ClickKeyword.execute(ClickKeyword.groovy:40)
	at com.kms.katalon.core.keyword.internal.KeywordExecutor.executeKeywordForPlatform(KeywordExecutor.groovy:74)
	at com.kms.katalon.core.webui.keyword.WebUiBuiltInKeywords.click(WebUiBuiltInKeywords.groovy:620)
	at com.kms.katalon.core.webui.keyword.WebUiBuiltInKeywords$click$5.call(Unknown Source)
	at 1.6.2 Complementario de Viáticos.run(1.6.2 Complementario de Viáticos:95)
	at com.kms.katalon.core.main.ScriptEngine.run(ScriptEngine.java:194)
	at com.kms.katalon.core.main.ScriptEngine.runScriptAsRawText(ScriptEngine.java:119)
	at com.kms.katalon.core.main.TestCaseExecutor.runScript(TestCaseExecutor.java:445)
	at com.kms.katalon.core.main.TestCaseExecutor.doExecute(TestCaseExecutor.java:436)
	at com.kms.katalon.core.main.TestCaseExecutor.processExecutionPhase(TestCaseExecutor.java:415)
	at com.kms.katalon.core.main.TestCaseExecutor.accessMainPhase(TestCaseExecutor.java:407)
	at com.kms.katalon.core.main.TestCaseExecutor.execute(TestCaseExecutor.java:284)
	at com.kms.katalon.core.common.CommonExecutor.accessTestCaseMainPhase(CommonExecutor.java:65)
	at com.kms.katalon.core.main.TestSuiteExecutor.accessTestSuiteMainPhase(TestSuiteExecutor.java:144)
	at com.kms.katalon.core.main.TestSuiteExecutor.execute(TestSuiteExecutor.java:106)
	at com.kms.katalon.core.main.TestCaseMain.startTestSuite(TestCaseMain.java:185)
	at com.kms.katalon.core.main.TestCaseMain$startTestSuite$0.call(Unknown Source)
	at TempTestSuite1654867643956.run(TempTestSuite1654867643956.groovy:36)
Caused by: org.openqa.selenium.ElementClickInterceptedException: element click intercepted: Element <span class="ui-icon ui-icon-closethick"></span> is not clickable at point (977, 36). Other element would receive the click: <div id="popupErrorDialog:dialog_popupFoto_modal" class="ui-widget-overlay ui-dialog-mask" style="z-index: 1027;"></div>
  (Session info: chrome=102.0.5005.115)
Build info: version: '3.141.59', revision: 'e82be7d358', time: '2018-11-14T08:25:53'
System info: host: 'US-AF-000371', ip: '192.168.56.1', os.name: 'Windows 10', os.arch: 'amd64', os.version: '10.0', java.version: '1.8.0_282'
Driver info: com.kms.katalon.selenium.driver.CChromeDriver
Capabilities {acceptInsecureCerts: false, browserName: chrome, browserVersion: 102.0.5005.115, chrome: {chromedriverVersion: 101.0.4951.41 (93c720db8323..., userDataDir: C:\Users\DIEGO~1.ROJ\AppDat...}, goog:chromeOptions: {debuggerAddress: localhost:58486}, javascriptEnabled: true, networkConnectionEnabled: false, pageLoadStrategy: normal, platform: WINDOWS, platformName: WINDOWS, proxy: Proxy(), setWindowRect: true, strictFileInteractability: false, timeouts: {implicit: 0, pageLoad: 300000, script: 30000}, unhandledPromptBehavior: dismiss and notify, webauthn:extension:credBlob: true, webauthn:extension:largeBlob: true, webauthn:virtualAuthenticators: true}
Session ID: ea73f59a4a91ea6ecce2968bc7443ec1
	at org.openqa.selenium.remote.http.W3CHttpResponseCodec.createException(W3CHttpResponseCodec.java:187)
	at org.openqa.selenium.remote.http.W3CHttpResponseCodec.decode(W3CHttpResponseCodec.java:122)
	at org.openqa.selenium.remote.http.W3CHttpResponseCodec.decode(W3CHttpResponseCodec.java:49)
	at org.openqa.selenium.remote.HttpCommandExecutor.execute(HttpCommandExecutor.java:158)
	at org.openqa.selenium.remote.service.DriverCommandExecutor.execute(DriverCommandExecutor.java:83)
	at org.openqa.selenium.remote.RemoteWebDriver.execute(RemoteWebDriver.java:552)
	at com.kms.katalon.selenium.driver.CChromeDriver.execute(CChromeDriver.java:19)
	at org.openqa.selenium.remote.RemoteWebElement.execute(RemoteWebElement.java:285)
	at org.openqa.selenium.remote.RemoteWebElement.click(RemoteWebElement.java:84)
	at org.openqa.selenium.support.events.EventFiringWebDriver$EventFiringWebElement.lambda$new$0(EventFiringWebDriver.java:404)
	at com.sun.proxy.$Proxy11.click(Unknown Source)
	at org.openqa.selenium.support.events.EventFiringWebDriver$EventFiringWebElement.click(EventFiringWebDriver.java:417)
	at org.openqa.selenium.WebElement$click$0.call(Unknown Source)
	at com.kms.katalon.core.webui.keyword.builtin.ClickKeyword.clickUntilSuccessWithTimeout(ClickKeyword.groovy:81)
	at com.kms.katalon.core.webui.keyword.builtin.ClickKeyword.clickUntilSuccessWithTimeout(ClickKeyword.groovy)
	at com.kms.katalon.core.webui.keyword.builtin.ClickKeyword$_click_closure1.doCall(ClickKeyword.groovy:67)
	at com.kms.katalon.core.webui.keyword.builtin.ClickKeyword$_click_closure1.call(ClickKeyword.groovy)
	at com.kms.katalon.core.webui.keyword.internal.WebUIKeywordMain.runKeyword(WebUIKeywordMain.groovy:20)
	at com.kms.katalon.core.webui.keyword.builtin.ClickKeyword.click(ClickKeyword.groovy:74)
	at com.kms.katalon.core.webui.keyword.builtin.ClickKeyword.execute(ClickKeyword.groovy:40)
	at com.kms.katalon.core.keyword.internal.KeywordExecutor.executeKeywordForPlatform(KeywordExecutor.groovy:74)
	at com.kms.katalon.core.webui.keyword.WebUiBuiltInKeywords.click(WebUiBuiltInKeywords.groovy:620)
	at com.kms.katalon.core.webui.keyword.WebUiBuiltInKeywords$click$5.call(Unknown Source)
	at Script1629812394722.run(Script1629812394722.groovy:95)
	... 13 more
)
[[ATTACHMENT|C:\\Users\\diego.rojas\\git\\Pruebas-Minimas\\Reports\\20220610_082723\\Test_Suite_Principales\\1-Tareas Principales\\20220610_082723\\1654870847107.png]]]]></system-out>
         <system-err><![CDATA[2022-06-10 09:19:40 - [TEST_CASE][FAILED] - Test Cases/1.1-Tareas Principales/1.6.2 Complementario de Viáticos: Test Cases/1.1-Tareas Principales/1.6.2 Complementario de Viáticos FAILED.
Reason:
com.kms.katalon.core.exception.StepFailedException: Unable to click on object 'Object Repository/1-OBJECTS TAREAS PRINCIPALES/Modulo Actos Administrativos/Modulo Viáticos/Complementario de Viáticos/span_E_ui-icon ui-icon-closethick'
	at com.kms.katalon.core.webui.keyword.internal.WebUIKeywordMain.stepFailed(WebUIKeywordMain.groovy:64)
	at com.kms.katalon.core.webui.keyword.internal.WebUIKeywordMain.runKeyword(WebUIKeywordMain.groovy:26)
	at com.kms.katalon.core.webui.keyword.builtin.ClickKeyword.click(ClickKeyword.groovy:74)
	at com.kms.katalon.core.webui.keyword.builtin.ClickKeyword.execute(ClickKeyword.groovy:40)
	at com.kms.katalon.core.keyword.internal.KeywordExecutor.executeKeywordForPlatform(KeywordExecutor.groovy:74)
	at com.kms.katalon.core.webui.keyword.WebUiBuiltInKeywords.click(WebUiBuiltInKeywords.groovy:620)
	at com.kms.katalon.core.webui.keyword.WebUiBuiltInKeywords$click$5.call(Unknown Source)
	at 1.6.2 Complementario de Viáticos.run(1.6.2 Complementario de Viáticos:95)
	at com.kms.katalon.core.main.ScriptEngine.run(ScriptEngine.java:194)
	at com.kms.katalon.core.main.ScriptEngine.runScriptAsRawText(ScriptEngine.java:119)
	at com.kms.katalon.core.main.TestCaseExecutor.runScript(TestCaseExecutor.java:445)
	at com.kms.katalon.core.main.TestCaseExecutor.doExecute(TestCaseExecutor.java:436)
	at com.kms.katalon.core.main.TestCaseExecutor.processExecutionPhase(TestCaseExecutor.java:415)
	at com.kms.katalon.core.main.TestCaseExecutor.accessMainPhase(TestCaseExecutor.java:407)
	at com.kms.katalon.core.main.TestCaseExecutor.execute(TestCaseExecutor.java:284)
	at com.kms.katalon.core.common.CommonExecutor.accessTestCaseMainPhase(CommonExecutor.java:65)
	at com.kms.katalon.core.main.TestSuiteExecutor.accessTestSuiteMainPhase(TestSuiteExecutor.java:144)
	at com.kms.katalon.core.main.TestSuiteExecutor.execute(TestSuiteExecutor.java:106)
	at com.kms.katalon.core.main.TestCaseMain.startTestSuite(TestCaseMain.java:185)
	at com.kms.katalon.core.main.TestCaseMain$startTestSuite$0.call(Unknown Source)
	at TempTestSuite1654867643956.run(TempTestSuite1654867643956.groovy:36)
Caused by: org.openqa.selenium.ElementClickInterceptedException: element click intercepted: Element <span class="ui-icon ui-icon-closethick"></span> is not clickable at point (977, 36). Other element would receive the click: <div id="popupErrorDialog:dialog_popupFoto_modal" class="ui-widget-overlay ui-dialog-mask" style="z-index: 1027;"></div>
  (Session info: chrome=102.0.5005.115)
Build info: version: '3.141.59', revision: 'e82be7d358', time: '2018-11-14T08:25:53'
System info: host: 'US-AF-000371', ip: '192.168.56.1', os.name: 'Windows 10', os.arch: 'amd64', os.version: '10.0', java.version: '1.8.0_282'
Driver info: com.kms.katalon.selenium.driver.CChromeDriver
Capabilities {acceptInsecureCerts: false, browserName: chrome, browserVersion: 102.0.5005.115, chrome: {chromedriverVersion: 101.0.4951.41 (93c720db8323..., userDataDir: C:\Users\DIEGO~1.ROJ\AppDat...}, goog:chromeOptions: {debuggerAddress: localhost:58486}, javascriptEnabled: true, networkConnectionEnabled: false, pageLoadStrategy: normal, platform: WINDOWS, platformName: WINDOWS, proxy: Proxy(), setWindowRect: true, strictFileInteractability: false, timeouts: {implicit: 0, pageLoad: 300000, script: 30000}, unhandledPromptBehavior: dismiss and notify, webauthn:extension:credBlob: true, webauthn:extension:largeBlob: true, webauthn:virtualAuthenticators: true}
Session ID: ea73f59a4a91ea6ecce2968bc7443ec1
	at org.openqa.selenium.remote.http.W3CHttpResponseCodec.createException(W3CHttpResponseCodec.java:187)
	at org.openqa.selenium.remote.http.W3CHttpResponseCodec.decode(W3CHttpResponseCodec.java:122)
	at org.openqa.selenium.remote.http.W3CHttpResponseCodec.decode(W3CHttpResponseCodec.java:49)
	at org.openqa.selenium.remote.HttpCommandExecutor.execute(HttpCommandExecutor.java:158)
	at org.openqa.selenium.remote.service.DriverCommandExecutor.execute(DriverCommandExecutor.java:83)
	at org.openqa.selenium.remote.RemoteWebDriver.execute(RemoteWebDriver.java:552)
	at com.kms.katalon.selenium.driver.CChromeDriver.execute(CChromeDriver.java:19)
	at org.openqa.selenium.remote.RemoteWebElement.execute(RemoteWebElement.java:285)
	at org.openqa.selenium.remote.RemoteWebElement.click(RemoteWebElement.java:84)
	at org.openqa.selenium.support.events.EventFiringWebDriver$EventFiringWebElement.lambda$new$0(EventFiringWebDriver.java:404)
	at com.sun.proxy.$Proxy11.click(Unknown Source)
	at org.openqa.selenium.support.events.EventFiringWebDriver$EventFiringWebElement.click(EventFiringWebDriver.java:417)
	at org.openqa.selenium.WebElement$click$0.call(Unknown Source)
	at com.kms.katalon.core.webui.keyword.builtin.ClickKeyword.clickUntilSuccessWithTimeout(ClickKeyword.groovy:81)
	at com.kms.katalon.core.webui.keyword.builtin.ClickKeyword.clickUntilSuccessWithTimeout(ClickKeyword.groovy)
	at com.kms.katalon.core.webui.keyword.builtin.ClickKeyword$_click_closure1.doCall(ClickKeyword.groovy:67)
	at com.kms.katalon.core.webui.keyword.builtin.ClickKeyword$_click_closure1.call(ClickKeyword.groovy)
	at com.kms.katalon.core.webui.keyword.internal.WebUIKeywordMain.runKeyword(WebUIKeywordMain.groovy:20)
	... 19 more]]></system-err>
      </testcase>
      <testcase name="Test Cases/1.1-Tareas Principales/1.6.3 Desembolsar Viático" time="59.72" classname="Test Cases/1.1-Tareas Principales/1.6.3 Desembolsar Viático" status="FAILED">
         <failure type="FAILED" message="Test Cases/1.1-Tareas Principales/1.6.3 Desembolsar Viático FAILED.
Reason:
com.kms.katalon.core.exception.StepFailedException: Unable to click on object 'Object Repository/1-OBJECTS TAREAS PRINCIPALES/Modulo Actos Administrativos/Modulo Viáticos/Desembolsar viáticos/a_Desembolso'
	at com.kms.katalon.core.webui.keyword.internal.WebUIKeywordMain.stepFailed(WebUIKeywordMain.groovy:64)
	at com.kms.katalon.core.webui.keyword.internal.WebUIKeywordMain.runKeyword(WebUIKeywordMain.groovy:26)
	at com.kms.katalon.core.webui.keyword.builtin.ClickKeyword.click(ClickKeyword.groovy:74)
	at com.kms.katalon.core.webui.keyword.builtin.ClickKeyword.execute(ClickKeyword.groovy:40)
	at com.kms.katalon.core.keyword.internal.KeywordExecutor.executeKeywordForPlatform(KeywordExecutor.groovy:74)
	at com.kms.katalon.core.webui.keyword.WebUiBuiltInKeywords.click(WebUiBuiltInKeywords.groovy:620)
	at com.kms.katalon.core.webui.keyword.WebUiBuiltInKeywords$click$5.call(Unknown Source)
	at 1.6.3 Desembolsar Viático.run(1.6.3 Desembolsar Viático:69)
	at com.kms.katalon.core.main.ScriptEngine.run(ScriptEngine.java:194)
	at com.kms.katalon.core.main.ScriptEngine.runScriptAsRawText(ScriptEngine.java:119)
	at com.kms.katalon.core.main.TestCaseExecutor.runScript(TestCaseExecutor.java:445)
	at com.kms.katalon.core.main.TestCaseExecutor.doExecute(TestCaseExecutor.java:436)
	at com.kms.katalon.core.main.TestCaseExecutor.processExecutionPhase(TestCaseExecutor.java:415)
	at com.kms.katalon.core.main.TestCaseExecutor.accessMainPhase(TestCaseExecutor.java:407)
	at com.kms.katalon.core.main.TestCaseExecutor.execute(TestCaseExecutor.java:284)
	at com.kms.katalon.core.common.CommonExecutor.accessTestCaseMainPhase(CommonExecutor.java:65)
	at com.kms.katalon.core.main.TestSuiteExecutor.accessTestSuiteMainPhase(TestSuiteExecutor.java:144)
	at com.kms.katalon.core.main.TestSuiteExecutor.execute(TestSuiteExecutor.java:106)
	at com.kms.katalon.core.main.TestCaseMain.startTestSuite(TestCaseMain.java:185)
	at com.kms.katalon.core.main.TestCaseMain$startTestSuite$0.call(Unknown Source)
	at TempTestSuite1654867643956.run(TempTestSuite1654867643956.groovy:36)
Caused by: org.openqa.selenium.ElementClickInterceptedException: element click intercepted: Element &lt;a id=&quot;form_detalleviaticosMenu:j_idt115:j_idt117:j_idt1818&quot; href=&quot;#&quot; class=&quot;ui-commandlink ui-widget&quot; onclick=&quot;PrimeFaces.ab({s:&amp;quot;form_detalleviaticosMenu:j_idt115:j_idt117:j_idt1818&amp;quot;,f:&amp;quot;form_detalleviaticosMenu&amp;quot;,u:&amp;quot;areaAplicacion&amp;quot;,onco:function(xhr,status,args,data){;}});return false;&quot; style=&quot;display: inline-block;&quot;>...&lt;/a> is not clickable at point (120, 22). Other element would receive the click: &lt;div id=&quot;popupErrorDialog:dialog_popupFoto_modal&quot; class=&quot;ui-widget-overlay ui-dialog-mask&quot; style=&quot;z-index: 1012;&quot;>&lt;/div>
  (Session info: chrome=102.0.5005.115)
Build info: version: '3.141.59', revision: 'e82be7d358', time: '2018-11-14T08:25:53'
System info: host: 'US-AF-000371', ip: '192.168.56.1', os.name: 'Windows 10', os.arch: 'amd64', os.version: '10.0', java.version: '1.8.0_282'
Driver info: com.kms.katalon.selenium.driver.CChromeDriver
Capabilities {acceptInsecureCerts: false, browserName: chrome, browserVersion: 102.0.5005.115, chrome: {chromedriverVersion: 101.0.4951.41 (93c720db8323..., userDataDir: C:\Users\DIEGO~1.ROJ\AppDat...}, goog:chromeOptions: {debuggerAddress: localhost:58530}, javascriptEnabled: true, networkConnectionEnabled: false, pageLoadStrategy: normal, platform: WINDOWS, platformName: WINDOWS, proxy: Proxy(), setWindowRect: true, strictFileInteractability: false, timeouts: {implicit: 0, pageLoad: 300000, script: 30000}, unhandledPromptBehavior: dismiss and notify, webauthn:extension:credBlob: true, webauthn:extension:largeBlob: true, webauthn:virtualAuthenticators: true}
Session ID: ea273c795e51ec3dc9318dd67386eeda
	at org.openqa.selenium.remote.http.W3CHttpResponseCodec.createException(W3CHttpResponseCodec.java:187)
	at org.openqa.selenium.remote.http.W3CHttpResponseCodec.decode(W3CHttpResponseCodec.java:122)
	at org.openqa.selenium.remote.http.W3CHttpResponseCodec.decode(W3CHttpResponseCodec.java:49)
	at org.openqa.selenium.remote.HttpCommandExecutor.execute(HttpCommandExecutor.java:158)
	at org.openqa.selenium.remote.service.DriverCommandExecutor.execute(DriverCommandExecutor.java:83)
	at org.openqa.selenium.remote.RemoteWebDriver.execute(RemoteWebDriver.java:552)
	at com.kms.katalon.selenium.driver.CChromeDriver.execute(CChromeDriver.java:19)
	at org.openqa.selenium.remote.RemoteWebElement.execute(RemoteWebElement.java:285)
	at org.openqa.selenium.remote.RemoteWebElement.click(RemoteWebElement.java:84)
	at org.openqa.selenium.support.events.EventFiringWebDriver$EventFiringWebElement.lambda$new$0(EventFiringWebDriver.java:404)
	at com.sun.proxy.$Proxy11.click(Unknown Source)
	at org.openqa.selenium.support.events.EventFiringWebDriver$EventFiringWebElement.click(EventFiringWebDriver.java:417)
	at org.openqa.selenium.WebElement$click$0.call(Unknown Source)
	at com.kms.katalon.core.webui.keyword.builtin.ClickKeyword.clickUntilSuccessWithTimeout(ClickKeyword.groovy:81)
	at com.kms.katalon.core.webui.keyword.builtin.ClickKeyword.clickUntilSuccessWithTimeout(ClickKeyword.groovy)
	at com.kms.katalon.core.webui.keyword.builtin.ClickKeyword$_click_closure1.doCall(ClickKeyword.groovy:67)
	at com.kms.katalon.core.webui.keyword.builtin.ClickKeyword$_click_closure1.call(ClickKeyword.groovy)
	at com.kms.katalon.core.webui.keyword.internal.WebUIKeywordMain.runKeyword(WebUIKeywordMain.groovy:20)
	... 19 more
"/>
         <system-out><![CDATA[2022-06-10 09:20:47 - [TEST_CASE][FAILED] - Test Cases/1.1-Tareas Principales/1.6.3 Desembolsar Viático: Test Cases/1.1-Tareas Principales/1.6.3 Desembolsar Viático FAILED.
Reason:
com.kms.katalon.core.exception.StepFailedException: Unable to click on object 'Object Repository/1-OBJECTS TAREAS PRINCIPALES/Modulo Actos Administrativos/Modulo Viáticos/Desembolsar viáticos/a_Desembolso'
	at com.kms.katalon.core.webui.keyword.internal.WebUIKeywordMain.stepFailed(WebUIKeywordMain.groovy:64)
	at com.kms.katalon.core.webui.keyword.internal.WebUIKeywordMain.runKeyword(WebUIKeywordMain.groovy:26)
	at com.kms.katalon.core.webui.keyword.builtin.ClickKeyword.click(ClickKeyword.groovy:74)
	at com.kms.katalon.core.webui.keyword.builtin.ClickKeyword.execute(ClickKeyword.groovy:40)
	at com.kms.katalon.core.keyword.internal.KeywordExecutor.executeKeywordForPlatform(KeywordExecutor.groovy:74)
	at com.kms.katalon.core.webui.keyword.WebUiBuiltInKeywords.click(WebUiBuiltInKeywords.groovy:620)
	at com.kms.katalon.core.webui.keyword.WebUiBuiltInKeywords$click$5.call(Unknown Source)
	at 1.6.3 Desembolsar Viático.run(1.6.3 Desembolsar Viático:69)
	at com.kms.katalon.core.main.ScriptEngine.run(ScriptEngine.java:194)
	at com.kms.katalon.core.main.ScriptEngine.runScriptAsRawText(ScriptEngine.java:119)
	at com.kms.katalon.core.main.TestCaseExecutor.runScript(TestCaseExecutor.java:445)
	at com.kms.katalon.core.main.TestCaseExecutor.doExecute(TestCaseExecutor.java:436)
	at com.kms.katalon.core.main.TestCaseExecutor.processExecutionPhase(TestCaseExecutor.java:415)
	at com.kms.katalon.core.main.TestCaseExecutor.accessMainPhase(TestCaseExecutor.java:407)
	at com.kms.katalon.core.main.TestCaseExecutor.execute(TestCaseExecutor.java:284)
	at com.kms.katalon.core.common.CommonExecutor.accessTestCaseMainPhase(CommonExecutor.java:65)
	at com.kms.katalon.core.main.TestSuiteExecutor.accessTestSuiteMainPhase(TestSuiteExecutor.java:144)
	at com.kms.katalon.core.main.TestSuiteExecutor.execute(TestSuiteExecutor.java:106)
	at com.kms.katalon.core.main.TestCaseMain.startTestSuite(TestCaseMain.java:185)
	at com.kms.katalon.core.main.TestCaseMain$startTestSuite$0.call(Unknown Source)
	at TempTestSuite1654867643956.run(TempTestSuite1654867643956.groovy:36)
Caused by: org.openqa.selenium.ElementClickInterceptedException: element click intercepted: Element <a id="form_detalleviaticosMenu:j_idt115:j_idt117:j_idt1818" href="#" class="ui-commandlink ui-widget" onclick="PrimeFaces.ab({s:&quot;form_detalleviaticosMenu:j_idt115:j_idt117:j_idt1818&quot;,f:&quot;form_detalleviaticosMenu&quot;,u:&quot;areaAplicacion&quot;,onco:function(xhr,status,args,data){;}});return false;" style="display: inline-block;">...</a> is not clickable at point (120, 22). Other element would receive the click: <div id="popupErrorDialog:dialog_popupFoto_modal" class="ui-widget-overlay ui-dialog-mask" style="z-index: 1012;"></div>
  (Session info: chrome=102.0.5005.115)
Build info: version: '3.141.59', revision: 'e82be7d358', time: '2018-11-14T08:25:53'
System info: host: 'US-AF-000371', ip: '192.168.56.1', os.name: 'Windows 10', os.arch: 'amd64', os.version: '10.0', java.version: '1.8.0_282'
Driver info: com.kms.katalon.selenium.driver.CChromeDriver
Capabilities {acceptInsecureCerts: false, browserName: chrome, browserVersion: 102.0.5005.115, chrome: {chromedriverVersion: 101.0.4951.41 (93c720db8323..., userDataDir: C:\Users\DIEGO~1.ROJ\AppDat...}, goog:chromeOptions: {debuggerAddress: localhost:58530}, javascriptEnabled: true, networkConnectionEnabled: false, pageLoadStrategy: normal, platform: WINDOWS, platformName: WINDOWS, proxy: Proxy(), setWindowRect: true, strictFileInteractability: false, timeouts: {implicit: 0, pageLoad: 300000, script: 30000}, unhandledPromptBehavior: dismiss and notify, webauthn:extension:credBlob: true, webauthn:extension:largeBlob: true, webauthn:virtualAuthenticators: true}
Session ID: ea273c795e51ec3dc9318dd67386eeda
	at org.openqa.selenium.remote.http.W3CHttpResponseCodec.createException(W3CHttpResponseCodec.java:187)
	at org.openqa.selenium.remote.http.W3CHttpResponseCodec.decode(W3CHttpResponseCodec.java:122)
	at org.openqa.selenium.remote.http.W3CHttpResponseCodec.decode(W3CHttpResponseCodec.java:49)
	at org.openqa.selenium.remote.HttpCommandExecutor.execute(HttpCommandExecutor.java:158)
	at org.openqa.selenium.remote.service.DriverCommandExecutor.execute(DriverCommandExecutor.java:83)
	at org.openqa.selenium.remote.RemoteWebDriver.execute(RemoteWebDriver.java:552)
	at com.kms.katalon.selenium.driver.CChromeDriver.execute(CChromeDriver.java:19)
	at org.openqa.selenium.remote.RemoteWebElement.execute(RemoteWebElement.java:285)
	at org.openqa.selenium.remote.RemoteWebElement.click(RemoteWebElement.java:84)
	at org.openqa.selenium.support.events.EventFiringWebDriver$EventFiringWebElement.lambda$new$0(EventFiringWebDriver.java:404)
	at com.sun.proxy.$Proxy11.click(Unknown Source)
	at org.openqa.selenium.support.events.EventFiringWebDriver$EventFiringWebElement.click(EventFiringWebDriver.java:417)
	at org.openqa.selenium.WebElement$click$0.call(Unknown Source)
	at com.kms.katalon.core.webui.keyword.builtin.ClickKeyword.clickUntilSuccessWithTimeout(ClickKeyword.groovy:81)
	at com.kms.katalon.core.webui.keyword.builtin.ClickKeyword.clickUntilSuccessWithTimeout(ClickKeyword.groovy)
	at com.kms.katalon.core.webui.keyword.builtin.ClickKeyword$_click_closure1.doCall(ClickKeyword.groovy:67)
	at com.kms.katalon.core.webui.keyword.builtin.ClickKeyword$_click_closure1.call(ClickKeyword.groovy)
	at com.kms.katalon.core.webui.keyword.internal.WebUIKeywordMain.runKeyword(WebUIKeywordMain.groovy:20)
	... 19 more


2022-06-10 09:20:47 - [TEST_STEP][PASSED] - callTestCase(findTestCase("0.1-Login"), [:], STOP_ON_FAILURE): Call Test Case 'Test Cases/0.1-Login' successfully

2022-06-10 09:20:47 - [TEST_CASE][PASSED] - Test Cases/0.1-Login: Test Cases/0.1-Login

2022-06-10 09:20:47 - [TEST_STEP][PASSED] - openBrowser(""): Browser is opened with url: ''

2022-06-10 09:20:47 - [MESSAGE][WARNING] - A browser is already opened. Closing browser and opening a new one

2022-06-10 09:20:48 - [MESSAGE][INFO] - Starting 'Chrome' driver

2022-06-10 09:20:48 - [MESSAGE][INFO] - Action delay is set to 0 milliseconds

2022-06-10 09:20:49 - [MESSAGE][PASSED] - Browser is opened with url: ''

2022-06-10 09:20:49 - [TEST_STEP][PASSED] - maximizeWindow(): Current window maximized

2022-06-10 09:20:49 - [MESSAGE][PASSED] - Current window maximized

2022-06-10 09:20:49 - [TEST_STEP][PASSED] - i = G_Login: null

2022-06-10 09:20:49 - [TEST_STEP][PASSED] - url = new java.net.URL(i): null

2022-06-10 09:20:49 - [TEST_STEP][PASSED] - println("URL: " + url.toString()): null

2022-06-10 09:20:49 - [TEST_STEP][PASSED] - connection = url.openConnection(): null

2022-06-10 09:20:49 - [TEST_STEP][PASSED] - connection.setRequestMethod("GET"): null

2022-06-10 09:20:49 - [TEST_STEP][PASSED] - connection.setReadTimeout(2 * 1000): null

2022-06-10 09:20:49 - [TEST_STEP][PASSED] - try: null

2022-06-10 09:20:49 - [TEST_STEP][PASSED] - connection.connect(): null

2022-06-10 09:20:49 - [TEST_STEP][PASSED] - flag = connected: null

2022-06-10 09:20:49 - [TEST_STEP][PASSED] - println("Valor_ori: " + flag): null

2022-06-10 09:20:49 - [TEST_STEP][PASSED] - if (flag): null

2022-06-10 09:20:49 - [TEST_STEP][PASSED] - navigateToUrl(i): Navigate to 'http://192.168.2.19:8380/saraweb' successfully

2022-06-10 09:20:50 - [MESSAGE][PASSED] - Navigate to 'http://192.168.2.19:8380/saraweb' successfully

2022-06-10 09:20:50 - [TEST_STEP][PASSED] - a(): null

2022-06-10 09:20:50 - [TEST_STEP][PASSED] - setText(findTestObject("3-OBJECTS UTILIDADES/Login/input_USUARIO_loginusuario"), G_Usuario): Text 'saraadmin' is set on object 'Object Repository/3-OBJECTS UTILIDADES/Login/input_USUARIO_loginusuario'

2022-06-10 09:20:51 - [MESSAGE][PASSED] - Text 'saraadmin' is set on object 'Object Repository/3-OBJECTS UTILIDADES/Login/input_USUARIO_loginusuario'

2022-06-10 09:20:51 - [TEST_STEP][PASSED] - setEncryptedText(findTestObject("3-OBJECTS UTILIDADES/Login/input_CLAVE_loginpassword"), "MkG4/TYiCFC3cb2driP7+Q=="): Text ****** has been set on object 'Object Repository/3-OBJECTS UTILIDADES/Login/input_CLAVE_loginpassword'

2022-06-10 09:20:51 - [MESSAGE][PASSED] - Text ****** has been set on object 'Object Repository/3-OBJECTS UTILIDADES/Login/input_CLAVE_loginpassword'

2022-06-10 09:20:51 - [TEST_STEP][PASSED] - waitForElementClickable(findTestObject("3-OBJECTS UTILIDADES/Login/a_Ingresar"), G_TimeOut): Object 'Object Repository/3-OBJECTS UTILIDADES/Login/a_Ingresar' is clickable

2022-06-10 09:20:51 - [MESSAGE][PASSED] - Object 'Object Repository/3-OBJECTS UTILIDADES/Login/a_Ingresar' is clickable

2022-06-10 09:20:51 - [TEST_STEP][PASSED] - click(findTestObject("3-OBJECTS UTILIDADES/Login/a_Ingresar")): Object: 'Object Repository/3-OBJECTS UTILIDADES/Login/a_Ingresar' is clicked on

2022-06-10 09:20:53 - [MESSAGE][PASSED] - Object: 'Object Repository/3-OBJECTS UTILIDADES/Login/a_Ingresar' is clicked on

2022-06-10 09:20:53 - [TEST_STEP][PASSED] - element = findWebElement(findTestObject("3-OBJECTS UTILIDADES/Login/a_Ir"), 30): null

2022-06-10 09:20:53 - [TEST_STEP][PASSED] - executeJavaScript("arguments[0].click()", Arrays.asList(element)): Execute JavaScript 'arguments[0].click()' successfully

2022-06-10 09:20:53 - [MESSAGE][PASSED] - Execute JavaScript 'arguments[0].click()' successfully

2022-06-10 09:20:53 - [MESSAGE][PASSED] - Call Test Case 'Test Cases/0.1-Login' successfully

2022-06-10 09:20:53 - [TEST_STEP][PASSED] - waitForElementClickable(findTestObject("1-OBJECTS TAREAS PRINCIPALES/Modulo Actos Administrativos/Modulo Viáticos/Desembolsar viáticos/input_ADMINISTRADOR DEL SISTEMA - SARA_form_templatej_idt24_input"), 0): Object 'Object Repository/1-OBJECTS TAREAS PRINCIPALES/Modulo Actos Administrativos/Modulo Viáticos/Desembolsar viáticos/input_ADMINISTRADOR DEL SISTEMA - SARA_form_templatej_idt24_input' is clickable

2022-06-10 09:20:53 - [MESSAGE][WARNING] - Timeout '0' is invalid. Using default page load timeout: '37'

2022-06-10 09:20:54 - [MESSAGE][PASSED] - Object 'Object Repository/1-OBJECTS TAREAS PRINCIPALES/Modulo Actos Administrativos/Modulo Viáticos/Desembolsar viáticos/input_ADMINISTRADOR DEL SISTEMA - SARA_form_templatej_idt24_input' is clickable

2022-06-10 09:20:54 - [TEST_STEP][PASSED] - setText(findTestObject("1-OBJECTS TAREAS PRINCIPALES/Modulo Actos Administrativos/Modulo Viáticos/Desembolsar viáticos/input_ADMINISTRADOR DEL SISTEMA - SARA_form_templatej_idt24_input"), "listado de viaticos"): Text 'listado de viaticos' is set on object 'Object Repository/1-OBJECTS TAREAS PRINCIPALES/Modulo Actos Administrativos/Modulo Viáticos/Desembolsar viáticos/input_ADMINISTRADOR DEL SISTEMA - SARA_form_templatej_idt24_input'

2022-06-10 09:20:55 - [MESSAGE][PASSED] - Text 'listado de viaticos' is set on object 'Object Repository/1-OBJECTS TAREAS PRINCIPALES/Modulo Actos Administrativos/Modulo Viáticos/Desembolsar viáticos/input_ADMINISTRADOR DEL SISTEMA - SARA_form_templatej_idt24_input'

2022-06-10 09:20:55 - [TEST_STEP][PASSED] - waitForElementClickable(findTestObject("1-OBJECTS TAREAS PRINCIPALES/Modulo Actos Administrativos/Modulo Viáticos/Desembolsar viáticos/li_Listado de Viaticos (act)"), 0): Object 'Object Repository/1-OBJECTS TAREAS PRINCIPALES/Modulo Actos Administrativos/Modulo Viáticos/Desembolsar viáticos/li_Listado de Viaticos (act)' is clickable

2022-06-10 09:20:55 - [MESSAGE][WARNING] - Timeout '0' is invalid. Using default page load timeout: '37'

2022-06-10 09:20:56 - [MESSAGE][PASSED] - Object 'Object Repository/1-OBJECTS TAREAS PRINCIPALES/Modulo Actos Administrativos/Modulo Viáticos/Desembolsar viáticos/li_Listado de Viaticos (act)' is clickable

2022-06-10 09:20:56 - [TEST_STEP][PASSED] - sendKeys(findTestObject("1-OBJECTS TAREAS PRINCIPALES/Modulo Actos Administrativos/Modulo Viáticos/Desembolsar viáticos/input_ADMINISTRADOR DEL SISTEMA - SARA_form_templatej_idt24_input"), Keys.chord(ENTER)): Keys 'ENTER + ' sent to object: 'Object Repository/1-OBJECTS TAREAS PRINCIPALES/Modulo Actos Administrativos/Modulo Viáticos/Desembolsar viáticos/input_ADMINISTRADOR DEL SISTEMA - SARA_form_templatej_idt24_input'

2022-06-10 09:20:57 - [MESSAGE][PASSED] - Keys 'ENTER + ' sent to object: 'Object Repository/1-OBJECTS TAREAS PRINCIPALES/Modulo Actos Administrativos/Modulo Viáticos/Desembolsar viáticos/input_ADMINISTRADOR DEL SISTEMA - SARA_form_templatej_idt24_input'

2022-06-10 09:20:57 - [TEST_STEP][PASSED] - setText(findTestObject("1-OBJECTS TAREAS PRINCIPALES/Modulo Actos Administrativos/Modulo Viáticos/Crear viatico/input_Ao_form_listadoviaticosanio"), "2021"): Text '2021' is set on object 'Object Repository/1-OBJECTS TAREAS PRINCIPALES/Modulo Actos Administrativos/Modulo Viáticos/Crear viatico/input_Ao_form_listadoviaticosanio'

2022-06-10 09:20:59 - [MESSAGE][PASSED] - Text '2021' is set on object 'Object Repository/1-OBJECTS TAREAS PRINCIPALES/Modulo Actos Administrativos/Modulo Viáticos/Crear viatico/input_Ao_form_listadoviaticosanio'

2022-06-10 09:20:59 - [TEST_STEP][PASSED] - sendKeys(findTestObject("1-OBJECTS TAREAS PRINCIPALES/Modulo Actos Administrativos/Modulo Viáticos/Crear viatico/input_Ao_form_listadoviaticosanio"), Keys.chord(ENTER)): Keys 'ENTER + ' sent to object: 'Object Repository/1-OBJECTS TAREAS PRINCIPALES/Modulo Actos Administrativos/Modulo Viáticos/Crear viatico/input_Ao_form_listadoviaticosanio'

2022-06-10 09:20:59 - [MESSAGE][PASSED] - Keys 'ENTER + ' sent to object: 'Object Repository/1-OBJECTS TAREAS PRINCIPALES/Modulo Actos Administrativos/Modulo Viáticos/Crear viatico/input_Ao_form_listadoviaticosanio'

2022-06-10 09:20:59 - [TEST_STEP][PASSED] - selectOptionByIndex(findTestObject("1-OBJECTS TAREAS PRINCIPALES/Modulo Actos Administrativos/Modulo Viáticos/Desembolsar viáticos/select_--Seleccione--AnuladoAutorizadaDerogadaNo AutorizadaProgramadaSolicitado"), 2): All options with index in [2] are selected on object 'Object Repository/1-OBJECTS TAREAS PRINCIPALES/Modulo Actos Administrativos/Modulo Viáticos/Desembolsar viáticos/select_--Seleccione--AnuladoAutorizadaDerogadaNo AutorizadaProgramadaSolicitado'

2022-06-10 09:21:00 - [MESSAGE][PASSED] - All options with index in [2] are selected on object 'Object Repository/1-OBJECTS TAREAS PRINCIPALES/Modulo Actos Administrativos/Modulo Viáticos/Desembolsar viáticos/select_--Seleccione--AnuladoAutorizadaDerogadaNo AutorizadaProgramadaSolicitado'

2022-06-10 09:21:00 - [TEST_STEP][PASSED] - if (waitForElementClickable(findTestObject("1-OBJECTS TAREAS PRINCIPALES/Modulo Actos Administrativos/Modulo Viáticos/Desembolsar viáticos/span_5_autorizado"), 1)): null

2022-06-10 09:21:01 - [MESSAGE][PASSED] - Object 'Object Repository/1-OBJECTS TAREAS PRINCIPALES/Modulo Actos Administrativos/Modulo Viáticos/Desembolsar viáticos/span_5_autorizado' is clickable

2022-06-10 09:21:01 - [TEST_STEP][PASSED] - click(findTestObject("1-OBJECTS TAREAS PRINCIPALES/Modulo Actos Administrativos/Modulo Viáticos/Desembolsar viáticos/span_5_autorizado")): Object: 'Object Repository/1-OBJECTS TAREAS PRINCIPALES/Modulo Actos Administrativos/Modulo Viáticos/Desembolsar viáticos/span_5_autorizado' is clicked on

2022-06-10 09:21:01 - [MESSAGE][PASSED] - Object: 'Object Repository/1-OBJECTS TAREAS PRINCIPALES/Modulo Actos Administrativos/Modulo Viáticos/Desembolsar viáticos/span_5_autorizado' is clicked on

2022-06-10 09:21:01 - [TEST_STEP][PASSED] - waitForElementClickable(findTestObject("1-OBJECTS TAREAS PRINCIPALES/Modulo Actos Administrativos/Modulo Viáticos/Desembolsar viáticos/a_Cerrar Desembolsar"), 1): Object 'Object Repository/1-OBJECTS TAREAS PRINCIPALES/Modulo Actos Administrativos/Modulo Viáticos/Desembolsar viáticos/a_Cerrar Desembolsar' is clickable

2022-06-10 09:21:02 - [MESSAGE][PASSED] - Object 'Object Repository/1-OBJECTS TAREAS PRINCIPALES/Modulo Actos Administrativos/Modulo Viáticos/Desembolsar viáticos/a_Cerrar Desembolsar' is clickable

2022-06-10 09:21:02 - [TEST_STEP][PASSED] - click(findTestObject("1-OBJECTS TAREAS PRINCIPALES/Modulo Actos Administrativos/Modulo Viáticos/Desembolsar viáticos/a_Cerrar Desembolsar")): Object: 'Object Repository/1-OBJECTS TAREAS PRINCIPALES/Modulo Actos Administrativos/Modulo Viáticos/Desembolsar viáticos/a_Cerrar Desembolsar' is clicked on

2022-06-10 09:21:03 - [MESSAGE][PASSED] - Object: 'Object Repository/1-OBJECTS TAREAS PRINCIPALES/Modulo Actos Administrativos/Modulo Viáticos/Desembolsar viáticos/a_Cerrar Desembolsar' is clicked on

2022-06-10 09:21:03 - [TEST_STEP][PASSED] - waitForElementClickable(findTestObject("1-OBJECTS TAREAS PRINCIPALES/Modulo Actos Administrativos/Modulo Viáticos/Desembolsar viáticos/input_Nmero Resolucin_form_popupViaticoCierreDesembolsonumero"), 0): Object 'Object Repository/1-OBJECTS TAREAS PRINCIPALES/Modulo Actos Administrativos/Modulo Viáticos/Desembolsar viáticos/input_Nmero Resolucin_form_popupViaticoCierreDesembolsonumero' is clickable

2022-06-10 09:21:03 - [MESSAGE][WARNING] - Timeout '0' is invalid. Using default page load timeout: '37'

2022-06-10 09:21:03 - [MESSAGE][PASSED] - Object 'Object Repository/1-OBJECTS TAREAS PRINCIPALES/Modulo Actos Administrativos/Modulo Viáticos/Desembolsar viáticos/input_Nmero Resolucin_form_popupViaticoCierreDesembolsonumero' is clickable

2022-06-10 09:21:03 - [TEST_STEP][PASSED] - setText(findTestObject("1-OBJECTS TAREAS PRINCIPALES/Modulo Actos Administrativos/Modulo Viáticos/Desembolsar viáticos/input_Nmero Resolucin_form_popupViaticoCierreDesembolsonumero"), "5"): Text '5' is set on object 'Object Repository/1-OBJECTS TAREAS PRINCIPALES/Modulo Actos Administrativos/Modulo Viáticos/Desembolsar viáticos/input_Nmero Resolucin_form_popupViaticoCierreDesembolsonumero'

2022-06-10 09:21:04 - [MESSAGE][PASSED] - Text '5' is set on object 'Object Repository/1-OBJECTS TAREAS PRINCIPALES/Modulo Actos Administrativos/Modulo Viáticos/Desembolsar viáticos/input_Nmero Resolucin_form_popupViaticoCierreDesembolsonumero'

2022-06-10 09:21:04 - [TEST_STEP][PASSED] - setText(findTestObject("1-OBJECTS TAREAS PRINCIPALES/Modulo Actos Administrativos/Modulo Viáticos/Desembolsar viáticos/input_Fecha_form_popupViaticoCierreDesembolsofecha_input"), "01/07/2021"): Text '01/07/2021' is set on object 'Object Repository/1-OBJECTS TAREAS PRINCIPALES/Modulo Actos Administrativos/Modulo Viáticos/Desembolsar viáticos/input_Fecha_form_popupViaticoCierreDesembolsofecha_input'

2022-06-10 09:21:05 - [MESSAGE][PASSED] - Text '01/07/2021' is set on object 'Object Repository/1-OBJECTS TAREAS PRINCIPALES/Modulo Actos Administrativos/Modulo Viáticos/Desembolsar viáticos/input_Fecha_form_popupViaticoCierreDesembolsofecha_input'

2022-06-10 09:21:05 - [TEST_STEP][PASSED] - setText(findTestObject("1-OBJECTS TAREAS PRINCIPALES/Modulo Actos Administrativos/Modulo Viáticos/Desembolsar viáticos/input_TRM_form_popupViaticoCierreDesembolsotrm"), "5"): Text '5' is set on object 'Object Repository/1-OBJECTS TAREAS PRINCIPALES/Modulo Actos Administrativos/Modulo Viáticos/Desembolsar viáticos/input_TRM_form_popupViaticoCierreDesembolsotrm'

2022-06-10 09:21:06 - [MESSAGE][PASSED] - Text '5' is set on object 'Object Repository/1-OBJECTS TAREAS PRINCIPALES/Modulo Actos Administrativos/Modulo Viáticos/Desembolsar viáticos/input_TRM_form_popupViaticoCierreDesembolsotrm'

2022-06-10 09:21:06 - [TEST_STEP][PASSED] - click(findTestObject("1-OBJECTS TAREAS PRINCIPALES/Modulo Actos Administrativos/Modulo Viáticos/Desembolsar viáticos/a_Aplicar1")): Object: 'Object Repository/1-OBJECTS TAREAS PRINCIPALES/Modulo Actos Administrativos/Modulo Viáticos/Desembolsar viáticos/a_Aplicar1' is clicked on

2022-06-10 09:21:06 - [MESSAGE][PASSED] - Object: 'Object Repository/1-OBJECTS TAREAS PRINCIPALES/Modulo Actos Administrativos/Modulo Viáticos/Desembolsar viáticos/a_Aplicar1' is clicked on

2022-06-10 09:21:06 - [TEST_STEP][PASSED] - waitForElementClickable(findTestObject("1-OBJECTS TAREAS PRINCIPALES/Modulo Actos Administrativos/Modulo Viáticos/Desembolsar viáticos/a_Desembolso"), 0): Object 'Object Repository/1-OBJECTS TAREAS PRINCIPALES/Modulo Actos Administrativos/Modulo Viáticos/Desembolsar viáticos/a_Desembolso' is clickable

2022-06-10 09:21:06 - [MESSAGE][WARNING] - Timeout '0' is invalid. Using default page load timeout: '37'

2022-06-10 09:21:07 - [MESSAGE][PASSED] - Object 'Object Repository/1-OBJECTS TAREAS PRINCIPALES/Modulo Actos Administrativos/Modulo Viáticos/Desembolsar viáticos/a_Desembolso' is clickable

2022-06-10 09:21:07 - [TEST_STEP][FAILED] - click(findTestObject("1-OBJECTS TAREAS PRINCIPALES/Modulo Actos Administrativos/Modulo Viáticos/Desembolsar viáticos/a_Desembolso")): Unable to click on object 'Object Repository/1-OBJECTS TAREAS PRINCIPALES/Modulo Actos Administrativos/Modulo Viáticos/Desembolsar viáticos/a_Desembolso' (Root cause: com.kms.katalon.core.exception.StepFailedException: Unable to click on object 'Object Repository/1-OBJECTS TAREAS PRINCIPALES/Modulo Actos Administrativos/Modulo Viáticos/Desembolsar viáticos/a_Desembolso'
	at com.kms.katalon.core.webui.keyword.internal.WebUIKeywordMain.stepFailed(WebUIKeywordMain.groovy:64)
	at com.kms.katalon.core.webui.keyword.internal.WebUIKeywordMain.runKeyword(WebUIKeywordMain.groovy:26)
	at com.kms.katalon.core.webui.keyword.builtin.ClickKeyword.click(ClickKeyword.groovy:74)
	at com.kms.katalon.core.webui.keyword.builtin.ClickKeyword.execute(ClickKeyword.groovy:40)
	at com.kms.katalon.core.keyword.internal.KeywordExecutor.executeKeywordForPlatform(KeywordExecutor.groovy:74)
	at com.kms.katalon.core.webui.keyword.WebUiBuiltInKeywords.click(WebUiBuiltInKeywords.groovy:620)
	at com.kms.katalon.core.webui.keyword.WebUiBuiltInKeywords$click$5.call(Unknown Source)
	at 1.6.3 Desembolsar Viático.run(1.6.3 Desembolsar Viático:69)
	at com.kms.katalon.core.main.ScriptEngine.run(ScriptEngine.java:194)
	at com.kms.katalon.core.main.ScriptEngine.runScriptAsRawText(ScriptEngine.java:119)
	at com.kms.katalon.core.main.TestCaseExecutor.runScript(TestCaseExecutor.java:445)
	at com.kms.katalon.core.main.TestCaseExecutor.doExecute(TestCaseExecutor.java:436)
	at com.kms.katalon.core.main.TestCaseExecutor.processExecutionPhase(TestCaseExecutor.java:415)
	at com.kms.katalon.core.main.TestCaseExecutor.accessMainPhase(TestCaseExecutor.java:407)
	at com.kms.katalon.core.main.TestCaseExecutor.execute(TestCaseExecutor.java:284)
	at com.kms.katalon.core.common.CommonExecutor.accessTestCaseMainPhase(CommonExecutor.java:65)
	at com.kms.katalon.core.main.TestSuiteExecutor.accessTestSuiteMainPhase(TestSuiteExecutor.java:144)
	at com.kms.katalon.core.main.TestSuiteExecutor.execute(TestSuiteExecutor.java:106)
	at com.kms.katalon.core.main.TestCaseMain.startTestSuite(TestCaseMain.java:185)
	at com.kms.katalon.core.main.TestCaseMain$startTestSuite$0.call(Unknown Source)
	at TempTestSuite1654867643956.run(TempTestSuite1654867643956.groovy:36)
Caused by: org.openqa.selenium.ElementClickInterceptedException: element click intercepted: Element <a id="form_detalleviaticosMenu:j_idt115:j_idt117:j_idt1818" href="#" class="ui-commandlink ui-widget" onclick="PrimeFaces.ab({s:&quot;form_detalleviaticosMenu:j_idt115:j_idt117:j_idt1818&quot;,f:&quot;form_detalleviaticosMenu&quot;,u:&quot;areaAplicacion&quot;,onco:function(xhr,status,args,data){;}});return false;" style="display: inline-block;">...</a> is not clickable at point (120, 22). Other element would receive the click: <div id="popupErrorDialog:dialog_popupFoto_modal" class="ui-widget-overlay ui-dialog-mask" style="z-index: 1012;"></div>
  (Session info: chrome=102.0.5005.115)
Build info: version: '3.141.59', revision: 'e82be7d358', time: '2018-11-14T08:25:53'
System info: host: 'US-AF-000371', ip: '192.168.56.1', os.name: 'Windows 10', os.arch: 'amd64', os.version: '10.0', java.version: '1.8.0_282'
Driver info: com.kms.katalon.selenium.driver.CChromeDriver
Capabilities {acceptInsecureCerts: false, browserName: chrome, browserVersion: 102.0.5005.115, chrome: {chromedriverVersion: 101.0.4951.41 (93c720db8323..., userDataDir: C:\Users\DIEGO~1.ROJ\AppDat...}, goog:chromeOptions: {debuggerAddress: localhost:58530}, javascriptEnabled: true, networkConnectionEnabled: false, pageLoadStrategy: normal, platform: WINDOWS, platformName: WINDOWS, proxy: Proxy(), setWindowRect: true, strictFileInteractability: false, timeouts: {implicit: 0, pageLoad: 300000, script: 30000}, unhandledPromptBehavior: dismiss and notify, webauthn:extension:credBlob: true, webauthn:extension:largeBlob: true, webauthn:virtualAuthenticators: true}
Session ID: ea273c795e51ec3dc9318dd67386eeda
	at org.openqa.selenium.remote.http.W3CHttpResponseCodec.createException(W3CHttpResponseCodec.java:187)
	at org.openqa.selenium.remote.http.W3CHttpResponseCodec.decode(W3CHttpResponseCodec.java:122)
	at org.openqa.selenium.remote.http.W3CHttpResponseCodec.decode(W3CHttpResponseCodec.java:49)
	at org.openqa.selenium.remote.HttpCommandExecutor.execute(HttpCommandExecutor.java:158)
	at org.openqa.selenium.remote.service.DriverCommandExecutor.execute(DriverCommandExecutor.java:83)
	at org.openqa.selenium.remote.RemoteWebDriver.execute(RemoteWebDriver.java:552)
	at com.kms.katalon.selenium.driver.CChromeDriver.execute(CChromeDriver.java:19)
	at org.openqa.selenium.remote.RemoteWebElement.execute(RemoteWebElement.java:285)
	at org.openqa.selenium.remote.RemoteWebElement.click(RemoteWebElement.java:84)
	at org.openqa.selenium.support.events.EventFiringWebDriver$EventFiringWebElement.lambda$new$0(EventFiringWebDriver.java:404)
	at com.sun.proxy.$Proxy11.click(Unknown Source)
	at org.openqa.selenium.support.events.EventFiringWebDriver$EventFiringWebElement.click(EventFiringWebDriver.java:417)
	at org.openqa.selenium.WebElement$click$0.call(Unknown Source)
	at com.kms.katalon.core.webui.keyword.builtin.ClickKeyword.clickUntilSuccessWithTimeout(ClickKeyword.groovy:81)
	at com.kms.katalon.core.webui.keyword.builtin.ClickKeyword.clickUntilSuccessWithTimeout(ClickKeyword.groovy)
	at com.kms.katalon.core.webui.keyword.builtin.ClickKeyword$_click_closure1.doCall(ClickKeyword.groovy:67)
	at com.kms.katalon.core.webui.keyword.builtin.ClickKeyword$_click_closure1.call(ClickKeyword.groovy)
	at com.kms.katalon.core.webui.keyword.internal.WebUIKeywordMain.runKeyword(WebUIKeywordMain.groovy:20)
	at com.kms.katalon.core.webui.keyword.builtin.ClickKeyword.click(ClickKeyword.groovy:74)
	at com.kms.katalon.core.webui.keyword.builtin.ClickKeyword.execute(ClickKeyword.groovy:40)
	at com.kms.katalon.core.keyword.internal.KeywordExecutor.executeKeywordForPlatform(KeywordExecutor.groovy:74)
	at com.kms.katalon.core.webui.keyword.WebUiBuiltInKeywords.click(WebUiBuiltInKeywords.groovy:620)
	at com.kms.katalon.core.webui.keyword.WebUiBuiltInKeywords$click$5.call(Unknown Source)
	at Script1629835700542.run(Script1629835700542.groovy:69)
	... 13 more
)

2022-06-10 09:21:46 - [MESSAGE][FAILED] - Unable to click on object 'Object Repository/1-OBJECTS TAREAS PRINCIPALES/Modulo Actos Administrativos/Modulo Viáticos/Desembolsar viáticos/a_Desembolso' (Root cause: com.kms.katalon.core.exception.StepFailedException: Unable to click on object 'Object Repository/1-OBJECTS TAREAS PRINCIPALES/Modulo Actos Administrativos/Modulo Viáticos/Desembolsar viáticos/a_Desembolso'
	at com.kms.katalon.core.webui.keyword.internal.WebUIKeywordMain.stepFailed(WebUIKeywordMain.groovy:64)
	at com.kms.katalon.core.webui.keyword.internal.WebUIKeywordMain.runKeyword(WebUIKeywordMain.groovy:26)
	at com.kms.katalon.core.webui.keyword.builtin.ClickKeyword.click(ClickKeyword.groovy:74)
	at com.kms.katalon.core.webui.keyword.builtin.ClickKeyword.execute(ClickKeyword.groovy:40)
	at com.kms.katalon.core.keyword.internal.KeywordExecutor.executeKeywordForPlatform(KeywordExecutor.groovy:74)
	at com.kms.katalon.core.webui.keyword.WebUiBuiltInKeywords.click(WebUiBuiltInKeywords.groovy:620)
	at com.kms.katalon.core.webui.keyword.WebUiBuiltInKeywords$click$5.call(Unknown Source)
	at 1.6.3 Desembolsar Viático.run(1.6.3 Desembolsar Viático:69)
	at com.kms.katalon.core.main.ScriptEngine.run(ScriptEngine.java:194)
	at com.kms.katalon.core.main.ScriptEngine.runScriptAsRawText(ScriptEngine.java:119)
	at com.kms.katalon.core.main.TestCaseExecutor.runScript(TestCaseExecutor.java:445)
	at com.kms.katalon.core.main.TestCaseExecutor.doExecute(TestCaseExecutor.java:436)
	at com.kms.katalon.core.main.TestCaseExecutor.processExecutionPhase(TestCaseExecutor.java:415)
	at com.kms.katalon.core.main.TestCaseExecutor.accessMainPhase(TestCaseExecutor.java:407)
	at com.kms.katalon.core.main.TestCaseExecutor.execute(TestCaseExecutor.java:284)
	at com.kms.katalon.core.common.CommonExecutor.accessTestCaseMainPhase(CommonExecutor.java:65)
	at com.kms.katalon.core.main.TestSuiteExecutor.accessTestSuiteMainPhase(TestSuiteExecutor.java:144)
	at com.kms.katalon.core.main.TestSuiteExecutor.execute(TestSuiteExecutor.java:106)
	at com.kms.katalon.core.main.TestCaseMain.startTestSuite(TestCaseMain.java:185)
	at com.kms.katalon.core.main.TestCaseMain$startTestSuite$0.call(Unknown Source)
	at TempTestSuite1654867643956.run(TempTestSuite1654867643956.groovy:36)
Caused by: org.openqa.selenium.ElementClickInterceptedException: element click intercepted: Element <a id="form_detalleviaticosMenu:j_idt115:j_idt117:j_idt1818" href="#" class="ui-commandlink ui-widget" onclick="PrimeFaces.ab({s:&quot;form_detalleviaticosMenu:j_idt115:j_idt117:j_idt1818&quot;,f:&quot;form_detalleviaticosMenu&quot;,u:&quot;areaAplicacion&quot;,onco:function(xhr,status,args,data){;}});return false;" style="display: inline-block;">...</a> is not clickable at point (120, 22). Other element would receive the click: <div id="popupErrorDialog:dialog_popupFoto_modal" class="ui-widget-overlay ui-dialog-mask" style="z-index: 1012;"></div>
  (Session info: chrome=102.0.5005.115)
Build info: version: '3.141.59', revision: 'e82be7d358', time: '2018-11-14T08:25:53'
System info: host: 'US-AF-000371', ip: '192.168.56.1', os.name: 'Windows 10', os.arch: 'amd64', os.version: '10.0', java.version: '1.8.0_282'
Driver info: com.kms.katalon.selenium.driver.CChromeDriver
Capabilities {acceptInsecureCerts: false, browserName: chrome, browserVersion: 102.0.5005.115, chrome: {chromedriverVersion: 101.0.4951.41 (93c720db8323..., userDataDir: C:\Users\DIEGO~1.ROJ\AppDat...}, goog:chromeOptions: {debuggerAddress: localhost:58530}, javascriptEnabled: true, networkConnectionEnabled: false, pageLoadStrategy: normal, platform: WINDOWS, platformName: WINDOWS, proxy: Proxy(), setWindowRect: true, strictFileInteractability: false, timeouts: {implicit: 0, pageLoad: 300000, script: 30000}, unhandledPromptBehavior: dismiss and notify, webauthn:extension:credBlob: true, webauthn:extension:largeBlob: true, webauthn:virtualAuthenticators: true}
Session ID: ea273c795e51ec3dc9318dd67386eeda
	at org.openqa.selenium.remote.http.W3CHttpResponseCodec.createException(W3CHttpResponseCodec.java:187)
	at org.openqa.selenium.remote.http.W3CHttpResponseCodec.decode(W3CHttpResponseCodec.java:122)
	at org.openqa.selenium.remote.http.W3CHttpResponseCodec.decode(W3CHttpResponseCodec.java:49)
	at org.openqa.selenium.remote.HttpCommandExecutor.execute(HttpCommandExecutor.java:158)
	at org.openqa.selenium.remote.service.DriverCommandExecutor.execute(DriverCommandExecutor.java:83)
	at org.openqa.selenium.remote.RemoteWebDriver.execute(RemoteWebDriver.java:552)
	at com.kms.katalon.selenium.driver.CChromeDriver.execute(CChromeDriver.java:19)
	at org.openqa.selenium.remote.RemoteWebElement.execute(RemoteWebElement.java:285)
	at org.openqa.selenium.remote.RemoteWebElement.click(RemoteWebElement.java:84)
	at org.openqa.selenium.support.events.EventFiringWebDriver$EventFiringWebElement.lambda$new$0(EventFiringWebDriver.java:404)
	at com.sun.proxy.$Proxy11.click(Unknown Source)
	at org.openqa.selenium.support.events.EventFiringWebDriver$EventFiringWebElement.click(EventFiringWebDriver.java:417)
	at org.openqa.selenium.WebElement$click$0.call(Unknown Source)
	at com.kms.katalon.core.webui.keyword.builtin.ClickKeyword.clickUntilSuccessWithTimeout(ClickKeyword.groovy:81)
	at com.kms.katalon.core.webui.keyword.builtin.ClickKeyword.clickUntilSuccessWithTimeout(ClickKeyword.groovy)
	at com.kms.katalon.core.webui.keyword.builtin.ClickKeyword$_click_closure1.doCall(ClickKeyword.groovy:67)
	at com.kms.katalon.core.webui.keyword.builtin.ClickKeyword$_click_closure1.call(ClickKeyword.groovy)
	at com.kms.katalon.core.webui.keyword.internal.WebUIKeywordMain.runKeyword(WebUIKeywordMain.groovy:20)
	at com.kms.katalon.core.webui.keyword.builtin.ClickKeyword.click(ClickKeyword.groovy:74)
	at com.kms.katalon.core.webui.keyword.builtin.ClickKeyword.execute(ClickKeyword.groovy:40)
	at com.kms.katalon.core.keyword.internal.KeywordExecutor.executeKeywordForPlatform(KeywordExecutor.groovy:74)
	at com.kms.katalon.core.webui.keyword.WebUiBuiltInKeywords.click(WebUiBuiltInKeywords.groovy:620)
	at com.kms.katalon.core.webui.keyword.WebUiBuiltInKeywords$click$5.call(Unknown Source)
	at Script1629835700542.run(Script1629835700542.groovy:69)
	... 13 more
)
[[ATTACHMENT|C:\\Users\\diego.rojas\\git\\Pruebas-Minimas\\Reports\\20220610_082723\\Test_Suite_Principales\\1-Tareas Principales\\20220610_082723\\1654870906773.png]]]]></system-out>
         <system-err><![CDATA[2022-06-10 09:20:47 - [TEST_CASE][FAILED] - Test Cases/1.1-Tareas Principales/1.6.3 Desembolsar Viático: Test Cases/1.1-Tareas Principales/1.6.3 Desembolsar Viático FAILED.
Reason:
com.kms.katalon.core.exception.StepFailedException: Unable to click on object 'Object Repository/1-OBJECTS TAREAS PRINCIPALES/Modulo Actos Administrativos/Modulo Viáticos/Desembolsar viáticos/a_Desembolso'
	at com.kms.katalon.core.webui.keyword.internal.WebUIKeywordMain.stepFailed(WebUIKeywordMain.groovy:64)
	at com.kms.katalon.core.webui.keyword.internal.WebUIKeywordMain.runKeyword(WebUIKeywordMain.groovy:26)
	at com.kms.katalon.core.webui.keyword.builtin.ClickKeyword.click(ClickKeyword.groovy:74)
	at com.kms.katalon.core.webui.keyword.builtin.ClickKeyword.execute(ClickKeyword.groovy:40)
	at com.kms.katalon.core.keyword.internal.KeywordExecutor.executeKeywordForPlatform(KeywordExecutor.groovy:74)
	at com.kms.katalon.core.webui.keyword.WebUiBuiltInKeywords.click(WebUiBuiltInKeywords.groovy:620)
	at com.kms.katalon.core.webui.keyword.WebUiBuiltInKeywords$click$5.call(Unknown Source)
	at 1.6.3 Desembolsar Viático.run(1.6.3 Desembolsar Viático:69)
	at com.kms.katalon.core.main.ScriptEngine.run(ScriptEngine.java:194)
	at com.kms.katalon.core.main.ScriptEngine.runScriptAsRawText(ScriptEngine.java:119)
	at com.kms.katalon.core.main.TestCaseExecutor.runScript(TestCaseExecutor.java:445)
	at com.kms.katalon.core.main.TestCaseExecutor.doExecute(TestCaseExecutor.java:436)
	at com.kms.katalon.core.main.TestCaseExecutor.processExecutionPhase(TestCaseExecutor.java:415)
	at com.kms.katalon.core.main.TestCaseExecutor.accessMainPhase(TestCaseExecutor.java:407)
	at com.kms.katalon.core.main.TestCaseExecutor.execute(TestCaseExecutor.java:284)
	at com.kms.katalon.core.common.CommonExecutor.accessTestCaseMainPhase(CommonExecutor.java:65)
	at com.kms.katalon.core.main.TestSuiteExecutor.accessTestSuiteMainPhase(TestSuiteExecutor.java:144)
	at com.kms.katalon.core.main.TestSuiteExecutor.execute(TestSuiteExecutor.java:106)
	at com.kms.katalon.core.main.TestCaseMain.startTestSuite(TestCaseMain.java:185)
	at com.kms.katalon.core.main.TestCaseMain$startTestSuite$0.call(Unknown Source)
	at TempTestSuite1654867643956.run(TempTestSuite1654867643956.groovy:36)
Caused by: org.openqa.selenium.ElementClickInterceptedException: element click intercepted: Element <a id="form_detalleviaticosMenu:j_idt115:j_idt117:j_idt1818" href="#" class="ui-commandlink ui-widget" onclick="PrimeFaces.ab({s:&quot;form_detalleviaticosMenu:j_idt115:j_idt117:j_idt1818&quot;,f:&quot;form_detalleviaticosMenu&quot;,u:&quot;areaAplicacion&quot;,onco:function(xhr,status,args,data){;}});return false;" style="display: inline-block;">...</a> is not clickable at point (120, 22). Other element would receive the click: <div id="popupErrorDialog:dialog_popupFoto_modal" class="ui-widget-overlay ui-dialog-mask" style="z-index: 1012;"></div>
  (Session info: chrome=102.0.5005.115)
Build info: version: '3.141.59', revision: 'e82be7d358', time: '2018-11-14T08:25:53'
System info: host: 'US-AF-000371', ip: '192.168.56.1', os.name: 'Windows 10', os.arch: 'amd64', os.version: '10.0', java.version: '1.8.0_282'
Driver info: com.kms.katalon.selenium.driver.CChromeDriver
Capabilities {acceptInsecureCerts: false, browserName: chrome, browserVersion: 102.0.5005.115, chrome: {chromedriverVersion: 101.0.4951.41 (93c720db8323..., userDataDir: C:\Users\DIEGO~1.ROJ\AppDat...}, goog:chromeOptions: {debuggerAddress: localhost:58530}, javascriptEnabled: true, networkConnectionEnabled: false, pageLoadStrategy: normal, platform: WINDOWS, platformName: WINDOWS, proxy: Proxy(), setWindowRect: true, strictFileInteractability: false, timeouts: {implicit: 0, pageLoad: 300000, script: 30000}, unhandledPromptBehavior: dismiss and notify, webauthn:extension:credBlob: true, webauthn:extension:largeBlob: true, webauthn:virtualAuthenticators: true}
Session ID: ea273c795e51ec3dc9318dd67386eeda
	at org.openqa.selenium.remote.http.W3CHttpResponseCodec.createException(W3CHttpResponseCodec.java:187)
	at org.openqa.selenium.remote.http.W3CHttpResponseCodec.decode(W3CHttpResponseCodec.java:122)
	at org.openqa.selenium.remote.http.W3CHttpResponseCodec.decode(W3CHttpResponseCodec.java:49)
	at org.openqa.selenium.remote.HttpCommandExecutor.execute(HttpCommandExecutor.java:158)
	at org.openqa.selenium.remote.service.DriverCommandExecutor.execute(DriverCommandExecutor.java:83)
	at org.openqa.selenium.remote.RemoteWebDriver.execute(RemoteWebDriver.java:552)
	at com.kms.katalon.selenium.driver.CChromeDriver.execute(CChromeDriver.java:19)
	at org.openqa.selenium.remote.RemoteWebElement.execute(RemoteWebElement.java:285)
	at org.openqa.selenium.remote.RemoteWebElement.click(RemoteWebElement.java:84)
	at org.openqa.selenium.support.events.EventFiringWebDriver$EventFiringWebElement.lambda$new$0(EventFiringWebDriver.java:404)
	at com.sun.proxy.$Proxy11.click(Unknown Source)
	at org.openqa.selenium.support.events.EventFiringWebDriver$EventFiringWebElement.click(EventFiringWebDriver.java:417)
	at org.openqa.selenium.WebElement$click$0.call(Unknown Source)
	at com.kms.katalon.core.webui.keyword.builtin.ClickKeyword.clickUntilSuccessWithTimeout(ClickKeyword.groovy:81)
	at com.kms.katalon.core.webui.keyword.builtin.ClickKeyword.clickUntilSuccessWithTimeout(ClickKeyword.groovy)
	at com.kms.katalon.core.webui.keyword.builtin.ClickKeyword$_click_closure1.doCall(ClickKeyword.groovy:67)
	at com.kms.katalon.core.webui.keyword.builtin.ClickKeyword$_click_closure1.call(ClickKeyword.groovy)
	at com.kms.katalon.core.webui.keyword.internal.WebUIKeywordMain.runKeyword(WebUIKeywordMain.groovy:20)
	... 19 more]]></system-err>
      </testcase>
      <testcase name="Test Cases/1.1-Tareas Principales/1.6.5 Modificar Solicitud de Viáticos" time="64.526" classname="Test Cases/1.1-Tareas Principales/1.6.5 Modificar Solicitud de Viáticos" status="FAILED">
         <failure type="FAILED" message="Test Cases/1.1-Tareas Principales/1.6.5 Modificar Solicitud de Viáticos FAILED.
Reason:
com.kms.katalon.core.exception.StepFailedException: Unable to click on object 'Object Repository/1-OBJECTS TAREAS PRINCIPALES/Modulo Actos Administrativos/Modulo Viáticos/Modificar Solicitud de Viáticos/a_Regresar'
	at com.kms.katalon.core.webui.keyword.internal.WebUIKeywordMain.stepFailed(WebUIKeywordMain.groovy:64)
	at com.kms.katalon.core.webui.keyword.internal.WebUIKeywordMain.runKeyword(WebUIKeywordMain.groovy:26)
	at com.kms.katalon.core.webui.keyword.builtin.ClickKeyword.click(ClickKeyword.groovy:74)
	at com.kms.katalon.core.webui.keyword.builtin.ClickKeyword.execute(ClickKeyword.groovy:40)
	at com.kms.katalon.core.keyword.internal.KeywordExecutor.executeKeywordForPlatform(KeywordExecutor.groovy:74)
	at com.kms.katalon.core.webui.keyword.WebUiBuiltInKeywords.click(WebUiBuiltInKeywords.groovy:620)
	at com.kms.katalon.core.webui.keyword.WebUiBuiltInKeywords$click$5.call(Unknown Source)
	at 1.6.5 Modificar Solicitud de Viáticos.run(1.6.5 Modificar Solicitud de Viáticos:101)
	at com.kms.katalon.core.main.ScriptEngine.run(ScriptEngine.java:194)
	at com.kms.katalon.core.main.ScriptEngine.runScriptAsRawText(ScriptEngine.java:119)
	at com.kms.katalon.core.main.TestCaseExecutor.runScript(TestCaseExecutor.java:445)
	at com.kms.katalon.core.main.TestCaseExecutor.doExecute(TestCaseExecutor.java:436)
	at com.kms.katalon.core.main.TestCaseExecutor.processExecutionPhase(TestCaseExecutor.java:415)
	at com.kms.katalon.core.main.TestCaseExecutor.accessMainPhase(TestCaseExecutor.java:407)
	at com.kms.katalon.core.main.TestCaseExecutor.execute(TestCaseExecutor.java:284)
	at com.kms.katalon.core.common.CommonExecutor.accessTestCaseMainPhase(CommonExecutor.java:65)
	at com.kms.katalon.core.main.TestSuiteExecutor.accessTestSuiteMainPhase(TestSuiteExecutor.java:144)
	at com.kms.katalon.core.main.TestSuiteExecutor.execute(TestSuiteExecutor.java:106)
	at com.kms.katalon.core.main.TestCaseMain.startTestSuite(TestCaseMain.java:185)
	at com.kms.katalon.core.main.TestCaseMain$startTestSuite$0.call(Unknown Source)
	at TempTestSuite1654867643956.run(TempTestSuite1654867643956.groovy:36)
Caused by: org.openqa.selenium.ElementClickInterceptedException: element click intercepted: Element &lt;a id=&quot;form_detalleviaticosMenu:j_idt115:j_idt120&quot; href=&quot;#&quot; class=&quot;ui-commandlink ui-widget&quot; onclick=&quot;PrimeFaces.ab({s:&amp;quot;form_detalleviaticosMenu:j_idt115:j_idt120&amp;quot;,f:&amp;quot;form_detalleviaticosMenu&amp;quot;,u:&amp;quot;areaAplicacion&amp;quot;,onco:function(xhr,status,args,data){resizeWindow();;}});return false;&quot;>...&lt;/a> is not clickable at point (159, 98). Other element would receive the click: &lt;div id=&quot;popupErrorDialog:dialog_popupFoto_modal&quot; class=&quot;ui-widget-overlay ui-dialog-mask&quot; style=&quot;z-index: 1025;&quot;>&lt;/div>
  (Session info: chrome=102.0.5005.115)
Build info: version: '3.141.59', revision: 'e82be7d358', time: '2018-11-14T08:25:53'
System info: host: 'US-AF-000371', ip: '192.168.56.1', os.name: 'Windows 10', os.arch: 'amd64', os.version: '10.0', java.version: '1.8.0_282'
Driver info: com.kms.katalon.selenium.driver.CChromeDriver
Capabilities {acceptInsecureCerts: false, browserName: chrome, browserVersion: 102.0.5005.115, chrome: {chromedriverVersion: 101.0.4951.41 (93c720db8323..., userDataDir: C:\Users\DIEGO~1.ROJ\AppDat...}, goog:chromeOptions: {debuggerAddress: localhost:58584}, javascriptEnabled: true, networkConnectionEnabled: false, pageLoadStrategy: normal, platform: WINDOWS, platformName: WINDOWS, proxy: Proxy(), setWindowRect: true, strictFileInteractability: false, timeouts: {implicit: 0, pageLoad: 300000, script: 30000}, unhandledPromptBehavior: dismiss and notify, webauthn:extension:credBlob: true, webauthn:extension:largeBlob: true, webauthn:virtualAuthenticators: true}
Session ID: a3d387f3d391791372073c58445c43a1
	at org.openqa.selenium.remote.http.W3CHttpResponseCodec.createException(W3CHttpResponseCodec.java:187)
	at org.openqa.selenium.remote.http.W3CHttpResponseCodec.decode(W3CHttpResponseCodec.java:122)
	at org.openqa.selenium.remote.http.W3CHttpResponseCodec.decode(W3CHttpResponseCodec.java:49)
	at org.openqa.selenium.remote.HttpCommandExecutor.execute(HttpCommandExecutor.java:158)
	at org.openqa.selenium.remote.service.DriverCommandExecutor.execute(DriverCommandExecutor.java:83)
	at org.openqa.selenium.remote.RemoteWebDriver.execute(RemoteWebDriver.java:552)
	at com.kms.katalon.selenium.driver.CChromeDriver.execute(CChromeDriver.java:19)
	at org.openqa.selenium.remote.RemoteWebElement.execute(RemoteWebElement.java:285)
	at org.openqa.selenium.remote.RemoteWebElement.click(RemoteWebElement.java:84)
	at org.openqa.selenium.support.events.EventFiringWebDriver$EventFiringWebElement.lambda$new$0(EventFiringWebDriver.java:404)
	at com.sun.proxy.$Proxy11.click(Unknown Source)
	at org.openqa.selenium.support.events.EventFiringWebDriver$EventFiringWebElement.click(EventFiringWebDriver.java:417)
	at org.openqa.selenium.WebElement$click$0.call(Unknown Source)
	at com.kms.katalon.core.webui.keyword.builtin.ClickKeyword.clickUntilSuccessWithTimeout(ClickKeyword.groovy:81)
	at com.kms.katalon.core.webui.keyword.builtin.ClickKeyword.clickUntilSuccessWithTimeout(ClickKeyword.groovy)
	at com.kms.katalon.core.webui.keyword.builtin.ClickKeyword$_click_closure1.doCall(ClickKeyword.groovy:67)
	at com.kms.katalon.core.webui.keyword.builtin.ClickKeyword$_click_closure1.call(ClickKeyword.groovy)
	at com.kms.katalon.core.webui.keyword.internal.WebUIKeywordMain.runKeyword(WebUIKeywordMain.groovy:20)
	... 19 more
"/>
         <system-out><![CDATA[2022-06-10 09:21:46 - [TEST_CASE][FAILED] - Test Cases/1.1-Tareas Principales/1.6.5 Modificar Solicitud de Viáticos: Test Cases/1.1-Tareas Principales/1.6.5 Modificar Solicitud de Viáticos FAILED.
Reason:
com.kms.katalon.core.exception.StepFailedException: Unable to click on object 'Object Repository/1-OBJECTS TAREAS PRINCIPALES/Modulo Actos Administrativos/Modulo Viáticos/Modificar Solicitud de Viáticos/a_Regresar'
	at com.kms.katalon.core.webui.keyword.internal.WebUIKeywordMain.stepFailed(WebUIKeywordMain.groovy:64)
	at com.kms.katalon.core.webui.keyword.internal.WebUIKeywordMain.runKeyword(WebUIKeywordMain.groovy:26)
	at com.kms.katalon.core.webui.keyword.builtin.ClickKeyword.click(ClickKeyword.groovy:74)
	at com.kms.katalon.core.webui.keyword.builtin.ClickKeyword.execute(ClickKeyword.groovy:40)
	at com.kms.katalon.core.keyword.internal.KeywordExecutor.executeKeywordForPlatform(KeywordExecutor.groovy:74)
	at com.kms.katalon.core.webui.keyword.WebUiBuiltInKeywords.click(WebUiBuiltInKeywords.groovy:620)
	at com.kms.katalon.core.webui.keyword.WebUiBuiltInKeywords$click$5.call(Unknown Source)
	at 1.6.5 Modificar Solicitud de Viáticos.run(1.6.5 Modificar Solicitud de Viáticos:101)
	at com.kms.katalon.core.main.ScriptEngine.run(ScriptEngine.java:194)
	at com.kms.katalon.core.main.ScriptEngine.runScriptAsRawText(ScriptEngine.java:119)
	at com.kms.katalon.core.main.TestCaseExecutor.runScript(TestCaseExecutor.java:445)
	at com.kms.katalon.core.main.TestCaseExecutor.doExecute(TestCaseExecutor.java:436)
	at com.kms.katalon.core.main.TestCaseExecutor.processExecutionPhase(TestCaseExecutor.java:415)
	at com.kms.katalon.core.main.TestCaseExecutor.accessMainPhase(TestCaseExecutor.java:407)
	at com.kms.katalon.core.main.TestCaseExecutor.execute(TestCaseExecutor.java:284)
	at com.kms.katalon.core.common.CommonExecutor.accessTestCaseMainPhase(CommonExecutor.java:65)
	at com.kms.katalon.core.main.TestSuiteExecutor.accessTestSuiteMainPhase(TestSuiteExecutor.java:144)
	at com.kms.katalon.core.main.TestSuiteExecutor.execute(TestSuiteExecutor.java:106)
	at com.kms.katalon.core.main.TestCaseMain.startTestSuite(TestCaseMain.java:185)
	at com.kms.katalon.core.main.TestCaseMain$startTestSuite$0.call(Unknown Source)
	at TempTestSuite1654867643956.run(TempTestSuite1654867643956.groovy:36)
Caused by: org.openqa.selenium.ElementClickInterceptedException: element click intercepted: Element <a id="form_detalleviaticosMenu:j_idt115:j_idt120" href="#" class="ui-commandlink ui-widget" onclick="PrimeFaces.ab({s:&quot;form_detalleviaticosMenu:j_idt115:j_idt120&quot;,f:&quot;form_detalleviaticosMenu&quot;,u:&quot;areaAplicacion&quot;,onco:function(xhr,status,args,data){resizeWindow();;}});return false;">...</a> is not clickable at point (159, 98). Other element would receive the click: <div id="popupErrorDialog:dialog_popupFoto_modal" class="ui-widget-overlay ui-dialog-mask" style="z-index: 1025;"></div>
  (Session info: chrome=102.0.5005.115)
Build info: version: '3.141.59', revision: 'e82be7d358', time: '2018-11-14T08:25:53'
System info: host: 'US-AF-000371', ip: '192.168.56.1', os.name: 'Windows 10', os.arch: 'amd64', os.version: '10.0', java.version: '1.8.0_282'
Driver info: com.kms.katalon.selenium.driver.CChromeDriver
Capabilities {acceptInsecureCerts: false, browserName: chrome, browserVersion: 102.0.5005.115, chrome: {chromedriverVersion: 101.0.4951.41 (93c720db8323..., userDataDir: C:\Users\DIEGO~1.ROJ\AppDat...}, goog:chromeOptions: {debuggerAddress: localhost:58584}, javascriptEnabled: true, networkConnectionEnabled: false, pageLoadStrategy: normal, platform: WINDOWS, platformName: WINDOWS, proxy: Proxy(), setWindowRect: true, strictFileInteractability: false, timeouts: {implicit: 0, pageLoad: 300000, script: 30000}, unhandledPromptBehavior: dismiss and notify, webauthn:extension:credBlob: true, webauthn:extension:largeBlob: true, webauthn:virtualAuthenticators: true}
Session ID: a3d387f3d391791372073c58445c43a1
	at org.openqa.selenium.remote.http.W3CHttpResponseCodec.createException(W3CHttpResponseCodec.java:187)
	at org.openqa.selenium.remote.http.W3CHttpResponseCodec.decode(W3CHttpResponseCodec.java:122)
	at org.openqa.selenium.remote.http.W3CHttpResponseCodec.decode(W3CHttpResponseCodec.java:49)
	at org.openqa.selenium.remote.HttpCommandExecutor.execute(HttpCommandExecutor.java:158)
	at org.openqa.selenium.remote.service.DriverCommandExecutor.execute(DriverCommandExecutor.java:83)
	at org.openqa.selenium.remote.RemoteWebDriver.execute(RemoteWebDriver.java:552)
	at com.kms.katalon.selenium.driver.CChromeDriver.execute(CChromeDriver.java:19)
	at org.openqa.selenium.remote.RemoteWebElement.execute(RemoteWebElement.java:285)
	at org.openqa.selenium.remote.RemoteWebElement.click(RemoteWebElement.java:84)
	at org.openqa.selenium.support.events.EventFiringWebDriver$EventFiringWebElement.lambda$new$0(EventFiringWebDriver.java:404)
	at com.sun.proxy.$Proxy11.click(Unknown Source)
	at org.openqa.selenium.support.events.EventFiringWebDriver$EventFiringWebElement.click(EventFiringWebDriver.java:417)
	at org.openqa.selenium.WebElement$click$0.call(Unknown Source)
	at com.kms.katalon.core.webui.keyword.builtin.ClickKeyword.clickUntilSuccessWithTimeout(ClickKeyword.groovy:81)
	at com.kms.katalon.core.webui.keyword.builtin.ClickKeyword.clickUntilSuccessWithTimeout(ClickKeyword.groovy)
	at com.kms.katalon.core.webui.keyword.builtin.ClickKeyword$_click_closure1.doCall(ClickKeyword.groovy:67)
	at com.kms.katalon.core.webui.keyword.builtin.ClickKeyword$_click_closure1.call(ClickKeyword.groovy)
	at com.kms.katalon.core.webui.keyword.internal.WebUIKeywordMain.runKeyword(WebUIKeywordMain.groovy:20)
	... 19 more


2022-06-10 09:21:47 - [TEST_STEP][PASSED] - callTestCase(findTestCase("0.1-Login"), [:], STOP_ON_FAILURE): Call Test Case 'Test Cases/0.1-Login' successfully

2022-06-10 09:21:47 - [TEST_CASE][PASSED] - Test Cases/0.1-Login: Test Cases/0.1-Login

2022-06-10 09:21:47 - [TEST_STEP][PASSED] - openBrowser(""): Browser is opened with url: ''

2022-06-10 09:21:47 - [MESSAGE][WARNING] - A browser is already opened. Closing browser and opening a new one

2022-06-10 09:21:48 - [MESSAGE][INFO] - Starting 'Chrome' driver

2022-06-10 09:21:48 - [MESSAGE][INFO] - Action delay is set to 0 milliseconds

2022-06-10 09:21:49 - [MESSAGE][PASSED] - Browser is opened with url: ''

2022-06-10 09:21:49 - [TEST_STEP][PASSED] - maximizeWindow(): Current window maximized

2022-06-10 09:21:49 - [MESSAGE][PASSED] - Current window maximized

2022-06-10 09:21:49 - [TEST_STEP][PASSED] - i = G_Login: null

2022-06-10 09:21:49 - [TEST_STEP][PASSED] - url = new java.net.URL(i): null

2022-06-10 09:21:49 - [TEST_STEP][PASSED] - println("URL: " + url.toString()): null

2022-06-10 09:21:49 - [TEST_STEP][PASSED] - connection = url.openConnection(): null

2022-06-10 09:21:49 - [TEST_STEP][PASSED] - connection.setRequestMethod("GET"): null

2022-06-10 09:21:49 - [TEST_STEP][PASSED] - connection.setReadTimeout(2 * 1000): null

2022-06-10 09:21:49 - [TEST_STEP][PASSED] - try: null

2022-06-10 09:21:49 - [TEST_STEP][PASSED] - connection.connect(): null

2022-06-10 09:21:49 - [TEST_STEP][PASSED] - flag = connected: null

2022-06-10 09:21:49 - [TEST_STEP][PASSED] - println("Valor_ori: " + flag): null

2022-06-10 09:21:49 - [TEST_STEP][PASSED] - if (flag): null

2022-06-10 09:21:49 - [TEST_STEP][PASSED] - navigateToUrl(i): Navigate to 'http://192.168.2.19:8380/saraweb' successfully

2022-06-10 09:21:50 - [MESSAGE][PASSED] - Navigate to 'http://192.168.2.19:8380/saraweb' successfully

2022-06-10 09:21:50 - [TEST_STEP][PASSED] - a(): null

2022-06-10 09:21:50 - [TEST_STEP][PASSED] - setText(findTestObject("3-OBJECTS UTILIDADES/Login/input_USUARIO_loginusuario"), G_Usuario): Text 'saraadmin' is set on object 'Object Repository/3-OBJECTS UTILIDADES/Login/input_USUARIO_loginusuario'

2022-06-10 09:21:50 - [MESSAGE][PASSED] - Text 'saraadmin' is set on object 'Object Repository/3-OBJECTS UTILIDADES/Login/input_USUARIO_loginusuario'

2022-06-10 09:21:50 - [TEST_STEP][PASSED] - setEncryptedText(findTestObject("3-OBJECTS UTILIDADES/Login/input_CLAVE_loginpassword"), "MkG4/TYiCFC3cb2driP7+Q=="): Text ****** has been set on object 'Object Repository/3-OBJECTS UTILIDADES/Login/input_CLAVE_loginpassword'

2022-06-10 09:21:51 - [MESSAGE][PASSED] - Text ****** has been set on object 'Object Repository/3-OBJECTS UTILIDADES/Login/input_CLAVE_loginpassword'

2022-06-10 09:21:51 - [TEST_STEP][PASSED] - waitForElementClickable(findTestObject("3-OBJECTS UTILIDADES/Login/a_Ingresar"), G_TimeOut): Object 'Object Repository/3-OBJECTS UTILIDADES/Login/a_Ingresar' is clickable

2022-06-10 09:21:51 - [MESSAGE][PASSED] - Object 'Object Repository/3-OBJECTS UTILIDADES/Login/a_Ingresar' is clickable

2022-06-10 09:21:51 - [TEST_STEP][PASSED] - click(findTestObject("3-OBJECTS UTILIDADES/Login/a_Ingresar")): Object: 'Object Repository/3-OBJECTS UTILIDADES/Login/a_Ingresar' is clicked on

2022-06-10 09:21:53 - [MESSAGE][PASSED] - Object: 'Object Repository/3-OBJECTS UTILIDADES/Login/a_Ingresar' is clicked on

2022-06-10 09:21:53 - [TEST_STEP][PASSED] - element = findWebElement(findTestObject("3-OBJECTS UTILIDADES/Login/a_Ir"), 30): null

2022-06-10 09:21:53 - [TEST_STEP][PASSED] - executeJavaScript("arguments[0].click()", Arrays.asList(element)): Execute JavaScript 'arguments[0].click()' successfully

2022-06-10 09:21:53 - [MESSAGE][PASSED] - Execute JavaScript 'arguments[0].click()' successfully

2022-06-10 09:21:53 - [MESSAGE][PASSED] - Call Test Case 'Test Cases/0.1-Login' successfully

2022-06-10 09:21:53 - [TEST_STEP][PASSED] - waitForElementClickable(findTestObject("1-OBJECTS TAREAS PRINCIPALES/Modulo Actos Administrativos/Modulo Viáticos/Modificar Solicitud de Viáticos/input_ADMINISTRADOR DEL SISTEMA - SARA_form_templatej_idt24_input"), 0): Object 'Object Repository/1-OBJECTS TAREAS PRINCIPALES/Modulo Actos Administrativos/Modulo Viáticos/Modificar Solicitud de Viáticos/input_ADMINISTRADOR DEL SISTEMA - SARA_form_templatej_idt24_input' is clickable

2022-06-10 09:21:53 - [MESSAGE][WARNING] - Timeout '0' is invalid. Using default page load timeout: '37'

2022-06-10 09:21:54 - [MESSAGE][PASSED] - Object 'Object Repository/1-OBJECTS TAREAS PRINCIPALES/Modulo Actos Administrativos/Modulo Viáticos/Modificar Solicitud de Viáticos/input_ADMINISTRADOR DEL SISTEMA - SARA_form_templatej_idt24_input' is clickable

2022-06-10 09:21:54 - [TEST_STEP][PASSED] - setText(findTestObject("1-OBJECTS TAREAS PRINCIPALES/Modulo Actos Administrativos/Modulo Viáticos/Modificar Solicitud de Viáticos/input_ADMINISTRADOR DEL SISTEMA - SARA_form_templatej_idt24_input"), "listado de viaticos"): Text 'listado de viaticos' is set on object 'Object Repository/1-OBJECTS TAREAS PRINCIPALES/Modulo Actos Administrativos/Modulo Viáticos/Modificar Solicitud de Viáticos/input_ADMINISTRADOR DEL SISTEMA - SARA_form_templatej_idt24_input'

2022-06-10 09:21:55 - [MESSAGE][PASSED] - Text 'listado de viaticos' is set on object 'Object Repository/1-OBJECTS TAREAS PRINCIPALES/Modulo Actos Administrativos/Modulo Viáticos/Modificar Solicitud de Viáticos/input_ADMINISTRADOR DEL SISTEMA - SARA_form_templatej_idt24_input'

2022-06-10 09:21:55 - [TEST_STEP][PASSED] - waitForElementClickable(findTestObject("1-OBJECTS TAREAS PRINCIPALES/Modulo Actos Administrativos/Modulo Viáticos/Modificar Solicitud de Viáticos/li_Listado de Viaticos (act)"), 0): Object 'Object Repository/1-OBJECTS TAREAS PRINCIPALES/Modulo Actos Administrativos/Modulo Viáticos/Modificar Solicitud de Viáticos/li_Listado de Viaticos (act)' is clickable

2022-06-10 09:21:55 - [MESSAGE][WARNING] - Timeout '0' is invalid. Using default page load timeout: '37'

2022-06-10 09:21:56 - [MESSAGE][PASSED] - Object 'Object Repository/1-OBJECTS TAREAS PRINCIPALES/Modulo Actos Administrativos/Modulo Viáticos/Modificar Solicitud de Viáticos/li_Listado de Viaticos (act)' is clickable

2022-06-10 09:21:56 - [TEST_STEP][PASSED] - sendKeys(findTestObject("1-OBJECTS TAREAS PRINCIPALES/Modulo Actos Administrativos/Modulo Viáticos/Modificar Solicitud de Viáticos/input_ADMINISTRADOR DEL SISTEMA - SARA_form_templatej_idt24_input"), Keys.chord(ENTER)): Keys 'ENTER + ' sent to object: 'Object Repository/1-OBJECTS TAREAS PRINCIPALES/Modulo Actos Administrativos/Modulo Viáticos/Modificar Solicitud de Viáticos/input_ADMINISTRADOR DEL SISTEMA - SARA_form_templatej_idt24_input'

2022-06-10 09:21:56 - [MESSAGE][PASSED] - Keys 'ENTER + ' sent to object: 'Object Repository/1-OBJECTS TAREAS PRINCIPALES/Modulo Actos Administrativos/Modulo Viáticos/Modificar Solicitud de Viáticos/input_ADMINISTRADOR DEL SISTEMA - SARA_form_templatej_idt24_input'

2022-06-10 09:21:56 - [TEST_STEP][PASSED] - waitForElementClickable(findTestObject("1-OBJECTS TAREAS PRINCIPALES/Modulo Actos Administrativos/Modulo Viáticos/Modificar Solicitud de Viáticos/a_Nuevo"), 0): Object 'Object Repository/1-OBJECTS TAREAS PRINCIPALES/Modulo Actos Administrativos/Modulo Viáticos/Modificar Solicitud de Viáticos/a_Nuevo' is clickable

2022-06-10 09:21:56 - [MESSAGE][WARNING] - Timeout '0' is invalid. Using default page load timeout: '37'

2022-06-10 09:21:57 - [MESSAGE][PASSED] - Object 'Object Repository/1-OBJECTS TAREAS PRINCIPALES/Modulo Actos Administrativos/Modulo Viáticos/Modificar Solicitud de Viáticos/a_Nuevo' is clickable

2022-06-10 09:21:57 - [TEST_STEP][PASSED] - click(findTestObject("1-OBJECTS TAREAS PRINCIPALES/Modulo Actos Administrativos/Modulo Viáticos/Modificar Solicitud de Viáticos/a_Nuevo")): Object: 'Object Repository/1-OBJECTS TAREAS PRINCIPALES/Modulo Actos Administrativos/Modulo Viáticos/Modificar Solicitud de Viáticos/a_Nuevo' is clicked on

2022-06-10 09:21:58 - [MESSAGE][PASSED] - Object: 'Object Repository/1-OBJECTS TAREAS PRINCIPALES/Modulo Actos Administrativos/Modulo Viáticos/Modificar Solicitud de Viáticos/a_Nuevo' is clicked on

2022-06-10 09:21:58 - [TEST_STEP][PASSED] - click(findTestObject("1-OBJECTS TAREAS PRINCIPALES/Modulo Actos Administrativos/Modulo Viáticos/Modificar Solicitud de Viáticos/span_Modificar una solicitud de vitico")): Object: 'Object Repository/1-OBJECTS TAREAS PRINCIPALES/Modulo Actos Administrativos/Modulo Viáticos/Modificar Solicitud de Viáticos/span_Modificar una solicitud de vitico' is clicked on

2022-06-10 09:21:58 - [MESSAGE][PASSED] - Object: 'Object Repository/1-OBJECTS TAREAS PRINCIPALES/Modulo Actos Administrativos/Modulo Viáticos/Modificar Solicitud de Viáticos/span_Modificar una solicitud de vitico' is clicked on

2022-06-10 09:21:58 - [TEST_STEP][PASSED] - waitForElementClickable(findTestObject("1-OBJECTS TAREAS PRINCIPALES/Modulo Actos Administrativos/Modulo Viáticos/Modificar Solicitud de Viáticos/input_Documento_form_listadoviaticosfechaViat_input"), 0): Object 'Object Repository/1-OBJECTS TAREAS PRINCIPALES/Modulo Actos Administrativos/Modulo Viáticos/Modificar Solicitud de Viáticos/input_Documento_form_listadoviaticosfechaViat_input' is clickable

2022-06-10 09:21:59 - [MESSAGE][WARNING] - Timeout '0' is invalid. Using default page load timeout: '37'

2022-06-10 09:21:59 - [MESSAGE][PASSED] - Object 'Object Repository/1-OBJECTS TAREAS PRINCIPALES/Modulo Actos Administrativos/Modulo Viáticos/Modificar Solicitud de Viáticos/input_Documento_form_listadoviaticosfechaViat_input' is clickable

2022-06-10 09:21:59 - [TEST_STEP][PASSED] - setText(findTestObject("1-OBJECTS TAREAS PRINCIPALES/Modulo Actos Administrativos/Modulo Viáticos/Modificar Solicitud de Viáticos/input_Documento_form_listadoviaticosfechaViat_input"), "01/07/2021"): Text '01/07/2021' is set on object 'Object Repository/1-OBJECTS TAREAS PRINCIPALES/Modulo Actos Administrativos/Modulo Viáticos/Modificar Solicitud de Viáticos/input_Documento_form_listadoviaticosfechaViat_input'

2022-06-10 09:22:00 - [MESSAGE][PASSED] - Text '01/07/2021' is set on object 'Object Repository/1-OBJECTS TAREAS PRINCIPALES/Modulo Actos Administrativos/Modulo Viáticos/Modificar Solicitud de Viáticos/input_Documento_form_listadoviaticosfechaViat_input'

2022-06-10 09:22:00 - [TEST_STEP][PASSED] - sendKeys(findTestObject("1-OBJECTS TAREAS PRINCIPALES/Modulo Actos Administrativos/Modulo Viáticos/Modificar Solicitud de Viáticos/input_Documento_form_listadoviaticosfechaViat_input"), Keys.chord(ENTER)): Keys 'ENTER + ' sent to object: 'Object Repository/1-OBJECTS TAREAS PRINCIPALES/Modulo Actos Administrativos/Modulo Viáticos/Modificar Solicitud de Viáticos/input_Documento_form_listadoviaticosfechaViat_input'

2022-06-10 09:22:00 - [MESSAGE][PASSED] - Keys 'ENTER + ' sent to object: 'Object Repository/1-OBJECTS TAREAS PRINCIPALES/Modulo Actos Administrativos/Modulo Viáticos/Modificar Solicitud de Viáticos/input_Documento_form_listadoviaticosfechaViat_input'

2022-06-10 09:22:00 - [TEST_STEP][PASSED] - sendKeys(findTestObject("1-OBJECTS TAREAS PRINCIPALES/Modulo Actos Administrativos/Modulo Viáticos/Modificar Solicitud de Viáticos/input_Documento_form_listadoviaticosfechaViat_input"), Keys.chord(ESCAPE)): Keys 'ESCAPE + ' sent to object: 'Object Repository/1-OBJECTS TAREAS PRINCIPALES/Modulo Actos Administrativos/Modulo Viáticos/Modificar Solicitud de Viáticos/input_Documento_form_listadoviaticosfechaViat_input'

2022-06-10 09:22:01 - [MESSAGE][PASSED] - Keys 'ESCAPE + ' sent to object: 'Object Repository/1-OBJECTS TAREAS PRINCIPALES/Modulo Actos Administrativos/Modulo Viáticos/Modificar Solicitud de Viáticos/input_Documento_form_listadoviaticosfechaViat_input'

2022-06-10 09:22:01 - [TEST_STEP][PASSED] - if (waitForElementClickable(findTestObject("1-OBJECTS TAREAS PRINCIPALES/Modulo Actos Administrativos/Modulo Viáticos/Modificar Solicitud de Viáticos/td_01072021"), 1)): Web element with id: 'Object Repository/1-OBJECTS TAREAS PRINCIPALES/Modulo Actos Administrativos/Modulo Viáticos/Modificar Solicitud de Viáticos/td_01072021' located by '//div[2]/div/div/table/tbody/tr/td/table/tbody/tr/td[2]' not found

2022-06-10 09:22:04 - [MESSAGE][INFO] - Unable to find the element located by 'By.xpath: //div[2]/div/div/table/tbody/tr/td/table/tbody/tr/td[2]'. Please recheck the objects properties to make sure the desired element is located. 

2022-06-10 09:22:04 - [MESSAGE][WARNING] - Web element with id: 'Object Repository/1-OBJECTS TAREAS PRINCIPALES/Modulo Actos Administrativos/Modulo Viáticos/Modificar Solicitud de Viáticos/td_01072021' located by '//div[2]/div/div/table/tbody/tr/td/table/tbody/tr/td[2]' not found

2022-06-10 09:22:04 - [TEST_STEP][PASSED] - else: Object: 'Object Repository/1-OBJECTS TAREAS PRINCIPALES/Modulo Actos Administrativos/Modulo Viáticos/Modificar Solicitud de Viáticos/span_Autorizada_ui-icon ui-icon-closethick' is clicked on

2022-06-10 09:22:04 - [TEST_STEP][PASSED] - click(findTestObject("1-OBJECTS TAREAS PRINCIPALES/Modulo Actos Administrativos/Modulo Viáticos/Modificar Solicitud de Viáticos/span_Autorizada_ui-icon ui-icon-closethick")): Object: 'Object Repository/1-OBJECTS TAREAS PRINCIPALES/Modulo Actos Administrativos/Modulo Viáticos/Modificar Solicitud de Viáticos/span_Autorizada_ui-icon ui-icon-closethick' is clicked on

2022-06-10 09:22:04 - [MESSAGE][PASSED] - Object: 'Object Repository/1-OBJECTS TAREAS PRINCIPALES/Modulo Actos Administrativos/Modulo Viáticos/Modificar Solicitud de Viáticos/span_Autorizada_ui-icon ui-icon-closethick' is clicked on

2022-06-10 09:22:04 - [TEST_STEP][PASSED] - selectOptionByIndex(findTestObject("1-OBJECTS TAREAS PRINCIPALES/Modulo Actos Administrativos/Modulo Viáticos/Modificar Solicitud de Viáticos/select_--Seleccione--AnuladoAutorizadaDerogadaNo AutorizadaProgramadaSolicitado"), 2): All options with index in [2] are selected on object 'Object Repository/1-OBJECTS TAREAS PRINCIPALES/Modulo Actos Administrativos/Modulo Viáticos/Modificar Solicitud de Viáticos/select_--Seleccione--AnuladoAutorizadaDerogadaNo AutorizadaProgramadaSolicitado'

2022-06-10 09:22:05 - [MESSAGE][PASSED] - All options with index in [2] are selected on object 'Object Repository/1-OBJECTS TAREAS PRINCIPALES/Modulo Actos Administrativos/Modulo Viáticos/Modificar Solicitud de Viáticos/select_--Seleccione--AnuladoAutorizadaDerogadaNo AutorizadaProgramadaSolicitado'

2022-06-10 09:22:05 - [TEST_STEP][PASSED] - setText(findTestObject("1-OBJECTS TAREAS PRINCIPALES/Modulo Actos Administrativos/Modulo Viáticos/Crear viatico/input_Ao_form_listadoviaticosanio"), "2021"): Text '2021' is set on object 'Object Repository/1-OBJECTS TAREAS PRINCIPALES/Modulo Actos Administrativos/Modulo Viáticos/Crear viatico/input_Ao_form_listadoviaticosanio'

2022-06-10 09:22:06 - [MESSAGE][PASSED] - Text '2021' is set on object 'Object Repository/1-OBJECTS TAREAS PRINCIPALES/Modulo Actos Administrativos/Modulo Viáticos/Crear viatico/input_Ao_form_listadoviaticosanio'

2022-06-10 09:22:06 - [TEST_STEP][PASSED] - sendKeys(findTestObject("1-OBJECTS TAREAS PRINCIPALES/Modulo Actos Administrativos/Modulo Viáticos/Crear viatico/input_Ao_form_listadoviaticosanio"), Keys.chord(ENTER)): Keys 'ENTER + ' sent to object: 'Object Repository/1-OBJECTS TAREAS PRINCIPALES/Modulo Actos Administrativos/Modulo Viáticos/Crear viatico/input_Ao_form_listadoviaticosanio'

2022-06-10 09:22:07 - [MESSAGE][PASSED] - Keys 'ENTER + ' sent to object: 'Object Repository/1-OBJECTS TAREAS PRINCIPALES/Modulo Actos Administrativos/Modulo Viáticos/Crear viatico/input_Ao_form_listadoviaticosanio'

2022-06-10 09:22:07 - [TEST_STEP][PASSED] - if (waitForElementClickable(findTestObject("1-OBJECTS TAREAS PRINCIPALES/Modulo Actos Administrativos/Modulo Viáticos/Modificar Solicitud de Viáticos/span_01072021"), 1)): null

2022-06-10 09:22:07 - [MESSAGE][PASSED] - Object 'Object Repository/1-OBJECTS TAREAS PRINCIPALES/Modulo Actos Administrativos/Modulo Viáticos/Modificar Solicitud de Viáticos/span_01072021' is clickable

2022-06-10 09:22:07 - [TEST_STEP][PASSED] - click(findTestObject("1-OBJECTS TAREAS PRINCIPALES/Modulo Actos Administrativos/Modulo Viáticos/Modificar Solicitud de Viáticos/span_01072021")): Object: 'Object Repository/1-OBJECTS TAREAS PRINCIPALES/Modulo Actos Administrativos/Modulo Viáticos/Modificar Solicitud de Viáticos/span_01072021' is clicked on

2022-06-10 09:22:08 - [MESSAGE][PASSED] - Object: 'Object Repository/1-OBJECTS TAREAS PRINCIPALES/Modulo Actos Administrativos/Modulo Viáticos/Modificar Solicitud de Viáticos/span_01072021' is clicked on

2022-06-10 09:22:08 - [TEST_STEP][PASSED] - click(findTestObject("1-OBJECTS TAREAS PRINCIPALES/Modulo Actos Administrativos/Modulo Viáticos/Modificar Solicitud de Viáticos/a_Cerrar Desembolsar")): Object: 'Object Repository/1-OBJECTS TAREAS PRINCIPALES/Modulo Actos Administrativos/Modulo Viáticos/Modificar Solicitud de Viáticos/a_Cerrar Desembolsar' is clicked on

2022-06-10 09:22:09 - [MESSAGE][PASSED] - Object: 'Object Repository/1-OBJECTS TAREAS PRINCIPALES/Modulo Actos Administrativos/Modulo Viáticos/Modificar Solicitud de Viáticos/a_Cerrar Desembolsar' is clicked on

2022-06-10 09:22:09 - [TEST_STEP][PASSED] - setText(findTestObject("1-OBJECTS TAREAS PRINCIPALES/Modulo Actos Administrativos/Modulo Viáticos/Modificar Solicitud de Viáticos/input_Fecha_form_popupViaticoCierreDesembolsofecha_input"), "01/07/2021"): Text '01/07/2021' is set on object 'Object Repository/1-OBJECTS TAREAS PRINCIPALES/Modulo Actos Administrativos/Modulo Viáticos/Modificar Solicitud de Viáticos/input_Fecha_form_popupViaticoCierreDesembolsofecha_input'

2022-06-10 09:22:10 - [MESSAGE][PASSED] - Text '01/07/2021' is set on object 'Object Repository/1-OBJECTS TAREAS PRINCIPALES/Modulo Actos Administrativos/Modulo Viáticos/Modificar Solicitud de Viáticos/input_Fecha_form_popupViaticoCierreDesembolsofecha_input'

2022-06-10 09:22:10 - [TEST_STEP][PASSED] - setText(findTestObject("1-OBJECTS TAREAS PRINCIPALES/Modulo Actos Administrativos/Modulo Viáticos/Modificar Solicitud de Viáticos/input_TRM_form_popupViaticoCierreDesembolsotrm"), "5"): Text '5' is set on object 'Object Repository/1-OBJECTS TAREAS PRINCIPALES/Modulo Actos Administrativos/Modulo Viáticos/Modificar Solicitud de Viáticos/input_TRM_form_popupViaticoCierreDesembolsotrm'

2022-06-10 09:22:11 - [MESSAGE][PASSED] - Text '5' is set on object 'Object Repository/1-OBJECTS TAREAS PRINCIPALES/Modulo Actos Administrativos/Modulo Viáticos/Modificar Solicitud de Viáticos/input_TRM_form_popupViaticoCierreDesembolsotrm'

2022-06-10 09:22:11 - [TEST_STEP][PASSED] - click(findTestObject("1-OBJECTS TAREAS PRINCIPALES/Modulo Actos Administrativos/Modulo Viáticos/Modificar Solicitud de Viáticos/a_Aplicar")): Object: 'Object Repository/1-OBJECTS TAREAS PRINCIPALES/Modulo Actos Administrativos/Modulo Viáticos/Modificar Solicitud de Viáticos/a_Aplicar' is clicked on

2022-06-10 09:22:11 - [MESSAGE][PASSED] - Object: 'Object Repository/1-OBJECTS TAREAS PRINCIPALES/Modulo Actos Administrativos/Modulo Viáticos/Modificar Solicitud de Viáticos/a_Aplicar' is clicked on

2022-06-10 09:22:11 - [TEST_STEP][FAILED] - click(findTestObject("1-OBJECTS TAREAS PRINCIPALES/Modulo Actos Administrativos/Modulo Viáticos/Modificar Solicitud de Viáticos/a_Regresar")): Unable to click on object 'Object Repository/1-OBJECTS TAREAS PRINCIPALES/Modulo Actos Administrativos/Modulo Viáticos/Modificar Solicitud de Viáticos/a_Regresar' (Root cause: com.kms.katalon.core.exception.StepFailedException: Unable to click on object 'Object Repository/1-OBJECTS TAREAS PRINCIPALES/Modulo Actos Administrativos/Modulo Viáticos/Modificar Solicitud de Viáticos/a_Regresar'
	at com.kms.katalon.core.webui.keyword.internal.WebUIKeywordMain.stepFailed(WebUIKeywordMain.groovy:64)
	at com.kms.katalon.core.webui.keyword.internal.WebUIKeywordMain.runKeyword(WebUIKeywordMain.groovy:26)
	at com.kms.katalon.core.webui.keyword.builtin.ClickKeyword.click(ClickKeyword.groovy:74)
	at com.kms.katalon.core.webui.keyword.builtin.ClickKeyword.execute(ClickKeyword.groovy:40)
	at com.kms.katalon.core.keyword.internal.KeywordExecutor.executeKeywordForPlatform(KeywordExecutor.groovy:74)
	at com.kms.katalon.core.webui.keyword.WebUiBuiltInKeywords.click(WebUiBuiltInKeywords.groovy:620)
	at com.kms.katalon.core.webui.keyword.WebUiBuiltInKeywords$click$5.call(Unknown Source)
	at 1.6.5 Modificar Solicitud de Viáticos.run(1.6.5 Modificar Solicitud de Viáticos:101)
	at com.kms.katalon.core.main.ScriptEngine.run(ScriptEngine.java:194)
	at com.kms.katalon.core.main.ScriptEngine.runScriptAsRawText(ScriptEngine.java:119)
	at com.kms.katalon.core.main.TestCaseExecutor.runScript(TestCaseExecutor.java:445)
	at com.kms.katalon.core.main.TestCaseExecutor.doExecute(TestCaseExecutor.java:436)
	at com.kms.katalon.core.main.TestCaseExecutor.processExecutionPhase(TestCaseExecutor.java:415)
	at com.kms.katalon.core.main.TestCaseExecutor.accessMainPhase(TestCaseExecutor.java:407)
	at com.kms.katalon.core.main.TestCaseExecutor.execute(TestCaseExecutor.java:284)
	at com.kms.katalon.core.common.CommonExecutor.accessTestCaseMainPhase(CommonExecutor.java:65)
	at com.kms.katalon.core.main.TestSuiteExecutor.accessTestSuiteMainPhase(TestSuiteExecutor.java:144)
	at com.kms.katalon.core.main.TestSuiteExecutor.execute(TestSuiteExecutor.java:106)
	at com.kms.katalon.core.main.TestCaseMain.startTestSuite(TestCaseMain.java:185)
	at com.kms.katalon.core.main.TestCaseMain$startTestSuite$0.call(Unknown Source)
	at TempTestSuite1654867643956.run(TempTestSuite1654867643956.groovy:36)
Caused by: org.openqa.selenium.ElementClickInterceptedException: element click intercepted: Element <a id="form_detalleviaticosMenu:j_idt115:j_idt120" href="#" class="ui-commandlink ui-widget" onclick="PrimeFaces.ab({s:&quot;form_detalleviaticosMenu:j_idt115:j_idt120&quot;,f:&quot;form_detalleviaticosMenu&quot;,u:&quot;areaAplicacion&quot;,onco:function(xhr,status,args,data){resizeWindow();;}});return false;">...</a> is not clickable at point (159, 98). Other element would receive the click: <div id="popupErrorDialog:dialog_popupFoto_modal" class="ui-widget-overlay ui-dialog-mask" style="z-index: 1025;"></div>
  (Session info: chrome=102.0.5005.115)
Build info: version: '3.141.59', revision: 'e82be7d358', time: '2018-11-14T08:25:53'
System info: host: 'US-AF-000371', ip: '192.168.56.1', os.name: 'Windows 10', os.arch: 'amd64', os.version: '10.0', java.version: '1.8.0_282'
Driver info: com.kms.katalon.selenium.driver.CChromeDriver
Capabilities {acceptInsecureCerts: false, browserName: chrome, browserVersion: 102.0.5005.115, chrome: {chromedriverVersion: 101.0.4951.41 (93c720db8323..., userDataDir: C:\Users\DIEGO~1.ROJ\AppDat...}, goog:chromeOptions: {debuggerAddress: localhost:58584}, javascriptEnabled: true, networkConnectionEnabled: false, pageLoadStrategy: normal, platform: WINDOWS, platformName: WINDOWS, proxy: Proxy(), setWindowRect: true, strictFileInteractability: false, timeouts: {implicit: 0, pageLoad: 300000, script: 30000}, unhandledPromptBehavior: dismiss and notify, webauthn:extension:credBlob: true, webauthn:extension:largeBlob: true, webauthn:virtualAuthenticators: true}
Session ID: a3d387f3d391791372073c58445c43a1
	at org.openqa.selenium.remote.http.W3CHttpResponseCodec.createException(W3CHttpResponseCodec.java:187)
	at org.openqa.selenium.remote.http.W3CHttpResponseCodec.decode(W3CHttpResponseCodec.java:122)
	at org.openqa.selenium.remote.http.W3CHttpResponseCodec.decode(W3CHttpResponseCodec.java:49)
	at org.openqa.selenium.remote.HttpCommandExecutor.execute(HttpCommandExecutor.java:158)
	at org.openqa.selenium.remote.service.DriverCommandExecutor.execute(DriverCommandExecutor.java:83)
	at org.openqa.selenium.remote.RemoteWebDriver.execute(RemoteWebDriver.java:552)
	at com.kms.katalon.selenium.driver.CChromeDriver.execute(CChromeDriver.java:19)
	at org.openqa.selenium.remote.RemoteWebElement.execute(RemoteWebElement.java:285)
	at org.openqa.selenium.remote.RemoteWebElement.click(RemoteWebElement.java:84)
	at org.openqa.selenium.support.events.EventFiringWebDriver$EventFiringWebElement.lambda$new$0(EventFiringWebDriver.java:404)
	at com.sun.proxy.$Proxy11.click(Unknown Source)
	at org.openqa.selenium.support.events.EventFiringWebDriver$EventFiringWebElement.click(EventFiringWebDriver.java:417)
	at org.openqa.selenium.WebElement$click$0.call(Unknown Source)
	at com.kms.katalon.core.webui.keyword.builtin.ClickKeyword.clickUntilSuccessWithTimeout(ClickKeyword.groovy:81)
	at com.kms.katalon.core.webui.keyword.builtin.ClickKeyword.clickUntilSuccessWithTimeout(ClickKeyword.groovy)
	at com.kms.katalon.core.webui.keyword.builtin.ClickKeyword$_click_closure1.doCall(ClickKeyword.groovy:67)
	at com.kms.katalon.core.webui.keyword.builtin.ClickKeyword$_click_closure1.call(ClickKeyword.groovy)
	at com.kms.katalon.core.webui.keyword.internal.WebUIKeywordMain.runKeyword(WebUIKeywordMain.groovy:20)
	at com.kms.katalon.core.webui.keyword.builtin.ClickKeyword.click(ClickKeyword.groovy:74)
	at com.kms.katalon.core.webui.keyword.builtin.ClickKeyword.execute(ClickKeyword.groovy:40)
	at com.kms.katalon.core.keyword.internal.KeywordExecutor.executeKeywordForPlatform(KeywordExecutor.groovy:74)
	at com.kms.katalon.core.webui.keyword.WebUiBuiltInKeywords.click(WebUiBuiltInKeywords.groovy:620)
	at com.kms.katalon.core.webui.keyword.WebUiBuiltInKeywords$click$5.call(Unknown Source)
	at Script1629843416898.run(Script1629843416898.groovy:101)
	... 13 more
)

2022-06-10 09:22:51 - [MESSAGE][FAILED] - Unable to click on object 'Object Repository/1-OBJECTS TAREAS PRINCIPALES/Modulo Actos Administrativos/Modulo Viáticos/Modificar Solicitud de Viáticos/a_Regresar' (Root cause: com.kms.katalon.core.exception.StepFailedException: Unable to click on object 'Object Repository/1-OBJECTS TAREAS PRINCIPALES/Modulo Actos Administrativos/Modulo Viáticos/Modificar Solicitud de Viáticos/a_Regresar'
	at com.kms.katalon.core.webui.keyword.internal.WebUIKeywordMain.stepFailed(WebUIKeywordMain.groovy:64)
	at com.kms.katalon.core.webui.keyword.internal.WebUIKeywordMain.runKeyword(WebUIKeywordMain.groovy:26)
	at com.kms.katalon.core.webui.keyword.builtin.ClickKeyword.click(ClickKeyword.groovy:74)
	at com.kms.katalon.core.webui.keyword.builtin.ClickKeyword.execute(ClickKeyword.groovy:40)
	at com.kms.katalon.core.keyword.internal.KeywordExecutor.executeKeywordForPlatform(KeywordExecutor.groovy:74)
	at com.kms.katalon.core.webui.keyword.WebUiBuiltInKeywords.click(WebUiBuiltInKeywords.groovy:620)
	at com.kms.katalon.core.webui.keyword.WebUiBuiltInKeywords$click$5.call(Unknown Source)
	at 1.6.5 Modificar Solicitud de Viáticos.run(1.6.5 Modificar Solicitud de Viáticos:101)
	at com.kms.katalon.core.main.ScriptEngine.run(ScriptEngine.java:194)
	at com.kms.katalon.core.main.ScriptEngine.runScriptAsRawText(ScriptEngine.java:119)
	at com.kms.katalon.core.main.TestCaseExecutor.runScript(TestCaseExecutor.java:445)
	at com.kms.katalon.core.main.TestCaseExecutor.doExecute(TestCaseExecutor.java:436)
	at com.kms.katalon.core.main.TestCaseExecutor.processExecutionPhase(TestCaseExecutor.java:415)
	at com.kms.katalon.core.main.TestCaseExecutor.accessMainPhase(TestCaseExecutor.java:407)
	at com.kms.katalon.core.main.TestCaseExecutor.execute(TestCaseExecutor.java:284)
	at com.kms.katalon.core.common.CommonExecutor.accessTestCaseMainPhase(CommonExecutor.java:65)
	at com.kms.katalon.core.main.TestSuiteExecutor.accessTestSuiteMainPhase(TestSuiteExecutor.java:144)
	at com.kms.katalon.core.main.TestSuiteExecutor.execute(TestSuiteExecutor.java:106)
	at com.kms.katalon.core.main.TestCaseMain.startTestSuite(TestCaseMain.java:185)
	at com.kms.katalon.core.main.TestCaseMain$startTestSuite$0.call(Unknown Source)
	at TempTestSuite1654867643956.run(TempTestSuite1654867643956.groovy:36)
Caused by: org.openqa.selenium.ElementClickInterceptedException: element click intercepted: Element <a id="form_detalleviaticosMenu:j_idt115:j_idt120" href="#" class="ui-commandlink ui-widget" onclick="PrimeFaces.ab({s:&quot;form_detalleviaticosMenu:j_idt115:j_idt120&quot;,f:&quot;form_detalleviaticosMenu&quot;,u:&quot;areaAplicacion&quot;,onco:function(xhr,status,args,data){resizeWindow();;}});return false;">...</a> is not clickable at point (159, 98). Other element would receive the click: <div id="popupErrorDialog:dialog_popupFoto_modal" class="ui-widget-overlay ui-dialog-mask" style="z-index: 1025;"></div>
  (Session info: chrome=102.0.5005.115)
Build info: version: '3.141.59', revision: 'e82be7d358', time: '2018-11-14T08:25:53'
System info: host: 'US-AF-000371', ip: '192.168.56.1', os.name: 'Windows 10', os.arch: 'amd64', os.version: '10.0', java.version: '1.8.0_282'
Driver info: com.kms.katalon.selenium.driver.CChromeDriver
Capabilities {acceptInsecureCerts: false, browserName: chrome, browserVersion: 102.0.5005.115, chrome: {chromedriverVersion: 101.0.4951.41 (93c720db8323..., userDataDir: C:\Users\DIEGO~1.ROJ\AppDat...}, goog:chromeOptions: {debuggerAddress: localhost:58584}, javascriptEnabled: true, networkConnectionEnabled: false, pageLoadStrategy: normal, platform: WINDOWS, platformName: WINDOWS, proxy: Proxy(), setWindowRect: true, strictFileInteractability: false, timeouts: {implicit: 0, pageLoad: 300000, script: 30000}, unhandledPromptBehavior: dismiss and notify, webauthn:extension:credBlob: true, webauthn:extension:largeBlob: true, webauthn:virtualAuthenticators: true}
Session ID: a3d387f3d391791372073c58445c43a1
	at org.openqa.selenium.remote.http.W3CHttpResponseCodec.createException(W3CHttpResponseCodec.java:187)
	at org.openqa.selenium.remote.http.W3CHttpResponseCodec.decode(W3CHttpResponseCodec.java:122)
	at org.openqa.selenium.remote.http.W3CHttpResponseCodec.decode(W3CHttpResponseCodec.java:49)
	at org.openqa.selenium.remote.HttpCommandExecutor.execute(HttpCommandExecutor.java:158)
	at org.openqa.selenium.remote.service.DriverCommandExecutor.execute(DriverCommandExecutor.java:83)
	at org.openqa.selenium.remote.RemoteWebDriver.execute(RemoteWebDriver.java:552)
	at com.kms.katalon.selenium.driver.CChromeDriver.execute(CChromeDriver.java:19)
	at org.openqa.selenium.remote.RemoteWebElement.execute(RemoteWebElement.java:285)
	at org.openqa.selenium.remote.RemoteWebElement.click(RemoteWebElement.java:84)
	at org.openqa.selenium.support.events.EventFiringWebDriver$EventFiringWebElement.lambda$new$0(EventFiringWebDriver.java:404)
	at com.sun.proxy.$Proxy11.click(Unknown Source)
	at org.openqa.selenium.support.events.EventFiringWebDriver$EventFiringWebElement.click(EventFiringWebDriver.java:417)
	at org.openqa.selenium.WebElement$click$0.call(Unknown Source)
	at com.kms.katalon.core.webui.keyword.builtin.ClickKeyword.clickUntilSuccessWithTimeout(ClickKeyword.groovy:81)
	at com.kms.katalon.core.webui.keyword.builtin.ClickKeyword.clickUntilSuccessWithTimeout(ClickKeyword.groovy)
	at com.kms.katalon.core.webui.keyword.builtin.ClickKeyword$_click_closure1.doCall(ClickKeyword.groovy:67)
	at com.kms.katalon.core.webui.keyword.builtin.ClickKeyword$_click_closure1.call(ClickKeyword.groovy)
	at com.kms.katalon.core.webui.keyword.internal.WebUIKeywordMain.runKeyword(WebUIKeywordMain.groovy:20)
	at com.kms.katalon.core.webui.keyword.builtin.ClickKeyword.click(ClickKeyword.groovy:74)
	at com.kms.katalon.core.webui.keyword.builtin.ClickKeyword.execute(ClickKeyword.groovy:40)
	at com.kms.katalon.core.keyword.internal.KeywordExecutor.executeKeywordForPlatform(KeywordExecutor.groovy:74)
	at com.kms.katalon.core.webui.keyword.WebUiBuiltInKeywords.click(WebUiBuiltInKeywords.groovy:620)
	at com.kms.katalon.core.webui.keyword.WebUiBuiltInKeywords$click$5.call(Unknown Source)
	at Script1629843416898.run(Script1629843416898.groovy:101)
	... 13 more
)
[[ATTACHMENT|C:\\Users\\diego.rojas\\git\\Pruebas-Minimas\\Reports\\20220610_082723\\Test_Suite_Principales\\1-Tareas Principales\\20220610_082723\\1654870971343.png]]]]></system-out>
         <system-err><![CDATA[2022-06-10 09:21:46 - [TEST_CASE][FAILED] - Test Cases/1.1-Tareas Principales/1.6.5 Modificar Solicitud de Viáticos: Test Cases/1.1-Tareas Principales/1.6.5 Modificar Solicitud de Viáticos FAILED.
Reason:
com.kms.katalon.core.exception.StepFailedException: Unable to click on object 'Object Repository/1-OBJECTS TAREAS PRINCIPALES/Modulo Actos Administrativos/Modulo Viáticos/Modificar Solicitud de Viáticos/a_Regresar'
	at com.kms.katalon.core.webui.keyword.internal.WebUIKeywordMain.stepFailed(WebUIKeywordMain.groovy:64)
	at com.kms.katalon.core.webui.keyword.internal.WebUIKeywordMain.runKeyword(WebUIKeywordMain.groovy:26)
	at com.kms.katalon.core.webui.keyword.builtin.ClickKeyword.click(ClickKeyword.groovy:74)
	at com.kms.katalon.core.webui.keyword.builtin.ClickKeyword.execute(ClickKeyword.groovy:40)
	at com.kms.katalon.core.keyword.internal.KeywordExecutor.executeKeywordForPlatform(KeywordExecutor.groovy:74)
	at com.kms.katalon.core.webui.keyword.WebUiBuiltInKeywords.click(WebUiBuiltInKeywords.groovy:620)
	at com.kms.katalon.core.webui.keyword.WebUiBuiltInKeywords$click$5.call(Unknown Source)
	at 1.6.5 Modificar Solicitud de Viáticos.run(1.6.5 Modificar Solicitud de Viáticos:101)
	at com.kms.katalon.core.main.ScriptEngine.run(ScriptEngine.java:194)
	at com.kms.katalon.core.main.ScriptEngine.runScriptAsRawText(ScriptEngine.java:119)
	at com.kms.katalon.core.main.TestCaseExecutor.runScript(TestCaseExecutor.java:445)
	at com.kms.katalon.core.main.TestCaseExecutor.doExecute(TestCaseExecutor.java:436)
	at com.kms.katalon.core.main.TestCaseExecutor.processExecutionPhase(TestCaseExecutor.java:415)
	at com.kms.katalon.core.main.TestCaseExecutor.accessMainPhase(TestCaseExecutor.java:407)
	at com.kms.katalon.core.main.TestCaseExecutor.execute(TestCaseExecutor.java:284)
	at com.kms.katalon.core.common.CommonExecutor.accessTestCaseMainPhase(CommonExecutor.java:65)
	at com.kms.katalon.core.main.TestSuiteExecutor.accessTestSuiteMainPhase(TestSuiteExecutor.java:144)
	at com.kms.katalon.core.main.TestSuiteExecutor.execute(TestSuiteExecutor.java:106)
	at com.kms.katalon.core.main.TestCaseMain.startTestSuite(TestCaseMain.java:185)
	at com.kms.katalon.core.main.TestCaseMain$startTestSuite$0.call(Unknown Source)
	at TempTestSuite1654867643956.run(TempTestSuite1654867643956.groovy:36)
Caused by: org.openqa.selenium.ElementClickInterceptedException: element click intercepted: Element <a id="form_detalleviaticosMenu:j_idt115:j_idt120" href="#" class="ui-commandlink ui-widget" onclick="PrimeFaces.ab({s:&quot;form_detalleviaticosMenu:j_idt115:j_idt120&quot;,f:&quot;form_detalleviaticosMenu&quot;,u:&quot;areaAplicacion&quot;,onco:function(xhr,status,args,data){resizeWindow();;}});return false;">...</a> is not clickable at point (159, 98). Other element would receive the click: <div id="popupErrorDialog:dialog_popupFoto_modal" class="ui-widget-overlay ui-dialog-mask" style="z-index: 1025;"></div>
  (Session info: chrome=102.0.5005.115)
Build info: version: '3.141.59', revision: 'e82be7d358', time: '2018-11-14T08:25:53'
System info: host: 'US-AF-000371', ip: '192.168.56.1', os.name: 'Windows 10', os.arch: 'amd64', os.version: '10.0', java.version: '1.8.0_282'
Driver info: com.kms.katalon.selenium.driver.CChromeDriver
Capabilities {acceptInsecureCerts: false, browserName: chrome, browserVersion: 102.0.5005.115, chrome: {chromedriverVersion: 101.0.4951.41 (93c720db8323..., userDataDir: C:\Users\DIEGO~1.ROJ\AppDat...}, goog:chromeOptions: {debuggerAddress: localhost:58584}, javascriptEnabled: true, networkConnectionEnabled: false, pageLoadStrategy: normal, platform: WINDOWS, platformName: WINDOWS, proxy: Proxy(), setWindowRect: true, strictFileInteractability: false, timeouts: {implicit: 0, pageLoad: 300000, script: 30000}, unhandledPromptBehavior: dismiss and notify, webauthn:extension:credBlob: true, webauthn:extension:largeBlob: true, webauthn:virtualAuthenticators: true}
Session ID: a3d387f3d391791372073c58445c43a1
	at org.openqa.selenium.remote.http.W3CHttpResponseCodec.createException(W3CHttpResponseCodec.java:187)
	at org.openqa.selenium.remote.http.W3CHttpResponseCodec.decode(W3CHttpResponseCodec.java:122)
	at org.openqa.selenium.remote.http.W3CHttpResponseCodec.decode(W3CHttpResponseCodec.java:49)
	at org.openqa.selenium.remote.HttpCommandExecutor.execute(HttpCommandExecutor.java:158)
	at org.openqa.selenium.remote.service.DriverCommandExecutor.execute(DriverCommandExecutor.java:83)
	at org.openqa.selenium.remote.RemoteWebDriver.execute(RemoteWebDriver.java:552)
	at com.kms.katalon.selenium.driver.CChromeDriver.execute(CChromeDriver.java:19)
	at org.openqa.selenium.remote.RemoteWebElement.execute(RemoteWebElement.java:285)
	at org.openqa.selenium.remote.RemoteWebElement.click(RemoteWebElement.java:84)
	at org.openqa.selenium.support.events.EventFiringWebDriver$EventFiringWebElement.lambda$new$0(EventFiringWebDriver.java:404)
	at com.sun.proxy.$Proxy11.click(Unknown Source)
	at org.openqa.selenium.support.events.EventFiringWebDriver$EventFiringWebElement.click(EventFiringWebDriver.java:417)
	at org.openqa.selenium.WebElement$click$0.call(Unknown Source)
	at com.kms.katalon.core.webui.keyword.builtin.ClickKeyword.clickUntilSuccessWithTimeout(ClickKeyword.groovy:81)
	at com.kms.katalon.core.webui.keyword.builtin.ClickKeyword.clickUntilSuccessWithTimeout(ClickKeyword.groovy)
	at com.kms.katalon.core.webui.keyword.builtin.ClickKeyword$_click_closure1.doCall(ClickKeyword.groovy:67)
	at com.kms.katalon.core.webui.keyword.builtin.ClickKeyword$_click_closure1.call(ClickKeyword.groovy)
	at com.kms.katalon.core.webui.keyword.internal.WebUIKeywordMain.runKeyword(WebUIKeywordMain.groovy:20)
	... 19 more]]></system-err>
      </testcase>
      <testcase name="Test Cases/1.1-Tareas Principales/1.6.6 Anulación y Legalización de viáticos" time="63.394" classname="Test Cases/1.1-Tareas Principales/1.6.6 Anulación y Legalización de viáticos" status="FAILED">
         <failure type="FAILED" message="Test Cases/1.1-Tareas Principales/1.6.6 Anulación y Legalización de viáticos FAILED.
Reason:
com.kms.katalon.core.exception.StepFailedException: Unable to click on object 'Object Repository/1-OBJECTS TAREAS PRINCIPALES/Modulo Actos Administrativos/Modulo Viáticos/Anulación y Legalización de viáticos/a_Costos_Anulacion'
	at com.kms.katalon.core.webui.keyword.internal.WebUIKeywordMain.stepFailed(WebUIKeywordMain.groovy:64)
	at com.kms.katalon.core.webui.keyword.internal.WebUIKeywordMain.runKeyword(WebUIKeywordMain.groovy:26)
	at com.kms.katalon.core.webui.keyword.builtin.ClickKeyword.click(ClickKeyword.groovy:74)
	at com.kms.katalon.core.webui.keyword.builtin.ClickKeyword.execute(ClickKeyword.groovy:40)
	at com.kms.katalon.core.keyword.internal.KeywordExecutor.executeKeywordForPlatform(KeywordExecutor.groovy:74)
	at com.kms.katalon.core.webui.keyword.WebUiBuiltInKeywords.click(WebUiBuiltInKeywords.groovy:620)
	at com.kms.katalon.core.webui.keyword.WebUiBuiltInKeywords$click$5.call(Unknown Source)
	at 1.6.6 Anulación y Legalización de viáticos.run(1.6.6 Anulación y Legalización de viáticos:324)
	at com.kms.katalon.core.main.ScriptEngine.run(ScriptEngine.java:194)
	at com.kms.katalon.core.main.ScriptEngine.runScriptAsRawText(ScriptEngine.java:119)
	at com.kms.katalon.core.main.TestCaseExecutor.runScript(TestCaseExecutor.java:445)
	at com.kms.katalon.core.main.TestCaseExecutor.doExecute(TestCaseExecutor.java:436)
	at com.kms.katalon.core.main.TestCaseExecutor.processExecutionPhase(TestCaseExecutor.java:415)
	at com.kms.katalon.core.main.TestCaseExecutor.accessMainPhase(TestCaseExecutor.java:407)
	at com.kms.katalon.core.main.TestCaseExecutor.execute(TestCaseExecutor.java:284)
	at com.kms.katalon.core.common.CommonExecutor.accessTestCaseMainPhase(CommonExecutor.java:65)
	at com.kms.katalon.core.main.TestSuiteExecutor.accessTestSuiteMainPhase(TestSuiteExecutor.java:144)
	at com.kms.katalon.core.main.TestSuiteExecutor.execute(TestSuiteExecutor.java:106)
	at com.kms.katalon.core.main.TestCaseMain.startTestSuite(TestCaseMain.java:185)
	at com.kms.katalon.core.main.TestCaseMain$startTestSuite$0.call(Unknown Source)
	at TempTestSuite1654867643956.run(TempTestSuite1654867643956.groovy:36)
Caused by: org.openqa.selenium.ElementClickInterceptedException: element click intercepted: Element &lt;a id=&quot;form_detalleviaticosMenu:j_idt115:j_idt117:j_idt1808&quot; href=&quot;#&quot; class=&quot;ui-commandlink ui-widget&quot; onclick=&quot;PrimeFaces.ab({s:&amp;quot;form_detalleviaticosMenu:j_idt115:j_idt117:j_idt1808&amp;quot;,f:&amp;quot;form_detalleviaticosMenu&amp;quot;,u:&amp;quot;areaAplicacion&amp;quot;,onco:function(xhr,status,args,data){;}});return false;&quot; style=&quot;display: inline-block;&quot;>...&lt;/a> is not clickable at point (106, 13). Other element would receive the click: &lt;div id=&quot;popupErrorDialog:dialog_popupFoto_modal&quot; class=&quot;ui-widget-overlay ui-dialog-mask&quot; style=&quot;z-index: 1015;&quot;>&lt;/div>
  (Session info: chrome=102.0.5005.115)
Build info: version: '3.141.59', revision: 'e82be7d358', time: '2018-11-14T08:25:53'
System info: host: 'US-AF-000371', ip: '192.168.56.1', os.name: 'Windows 10', os.arch: 'amd64', os.version: '10.0', java.version: '1.8.0_282'
Driver info: com.kms.katalon.selenium.driver.CChromeDriver
Capabilities {acceptInsecureCerts: false, browserName: chrome, browserVersion: 102.0.5005.115, chrome: {chromedriverVersion: 101.0.4951.41 (93c720db8323..., userDataDir: C:\Users\DIEGO~1.ROJ\AppDat...}, goog:chromeOptions: {debuggerAddress: localhost:58614}, javascriptEnabled: true, networkConnectionEnabled: false, pageLoadStrategy: normal, platform: WINDOWS, platformName: WINDOWS, proxy: Proxy(), setWindowRect: true, strictFileInteractability: false, timeouts: {implicit: 0, pageLoad: 300000, script: 30000}, unhandledPromptBehavior: dismiss and notify, webauthn:extension:credBlob: true, webauthn:extension:largeBlob: true, webauthn:virtualAuthenticators: true}
Session ID: e7e6dad3c1d43e10d6527801b17e2cb0
	at org.openqa.selenium.remote.http.W3CHttpResponseCodec.createException(W3CHttpResponseCodec.java:187)
	at org.openqa.selenium.remote.http.W3CHttpResponseCodec.decode(W3CHttpResponseCodec.java:122)
	at org.openqa.selenium.remote.http.W3CHttpResponseCodec.decode(W3CHttpResponseCodec.java:49)
	at org.openqa.selenium.remote.HttpCommandExecutor.execute(HttpCommandExecutor.java:158)
	at org.openqa.selenium.remote.service.DriverCommandExecutor.execute(DriverCommandExecutor.java:83)
	at org.openqa.selenium.remote.RemoteWebDriver.execute(RemoteWebDriver.java:552)
	at com.kms.katalon.selenium.driver.CChromeDriver.execute(CChromeDriver.java:19)
	at org.openqa.selenium.remote.RemoteWebElement.execute(RemoteWebElement.java:285)
	at org.openqa.selenium.remote.RemoteWebElement.click(RemoteWebElement.java:84)
	at org.openqa.selenium.support.events.EventFiringWebDriver$EventFiringWebElement.lambda$new$0(EventFiringWebDriver.java:404)
	at com.sun.proxy.$Proxy11.click(Unknown Source)
	at org.openqa.selenium.support.events.EventFiringWebDriver$EventFiringWebElement.click(EventFiringWebDriver.java:417)
	at org.openqa.selenium.WebElement$click$0.call(Unknown Source)
	at com.kms.katalon.core.webui.keyword.builtin.ClickKeyword.clickUntilSuccessWithTimeout(ClickKeyword.groovy:81)
	at com.kms.katalon.core.webui.keyword.builtin.ClickKeyword.clickUntilSuccessWithTimeout(ClickKeyword.groovy)
	at com.kms.katalon.core.webui.keyword.builtin.ClickKeyword$_click_closure1.doCall(ClickKeyword.groovy:67)
	at com.kms.katalon.core.webui.keyword.builtin.ClickKeyword$_click_closure1.call(ClickKeyword.groovy)
	at com.kms.katalon.core.webui.keyword.internal.WebUIKeywordMain.runKeyword(WebUIKeywordMain.groovy:20)
	... 19 more
"/>
         <system-out><![CDATA[2022-06-10 09:22:51 - [TEST_CASE][FAILED] - Test Cases/1.1-Tareas Principales/1.6.6 Anulación y Legalización de viáticos: Test Cases/1.1-Tareas Principales/1.6.6 Anulación y Legalización de viáticos FAILED.
Reason:
com.kms.katalon.core.exception.StepFailedException: Unable to click on object 'Object Repository/1-OBJECTS TAREAS PRINCIPALES/Modulo Actos Administrativos/Modulo Viáticos/Anulación y Legalización de viáticos/a_Costos_Anulacion'
	at com.kms.katalon.core.webui.keyword.internal.WebUIKeywordMain.stepFailed(WebUIKeywordMain.groovy:64)
	at com.kms.katalon.core.webui.keyword.internal.WebUIKeywordMain.runKeyword(WebUIKeywordMain.groovy:26)
	at com.kms.katalon.core.webui.keyword.builtin.ClickKeyword.click(ClickKeyword.groovy:74)
	at com.kms.katalon.core.webui.keyword.builtin.ClickKeyword.execute(ClickKeyword.groovy:40)
	at com.kms.katalon.core.keyword.internal.KeywordExecutor.executeKeywordForPlatform(KeywordExecutor.groovy:74)
	at com.kms.katalon.core.webui.keyword.WebUiBuiltInKeywords.click(WebUiBuiltInKeywords.groovy:620)
	at com.kms.katalon.core.webui.keyword.WebUiBuiltInKeywords$click$5.call(Unknown Source)
	at 1.6.6 Anulación y Legalización de viáticos.run(1.6.6 Anulación y Legalización de viáticos:324)
	at com.kms.katalon.core.main.ScriptEngine.run(ScriptEngine.java:194)
	at com.kms.katalon.core.main.ScriptEngine.runScriptAsRawText(ScriptEngine.java:119)
	at com.kms.katalon.core.main.TestCaseExecutor.runScript(TestCaseExecutor.java:445)
	at com.kms.katalon.core.main.TestCaseExecutor.doExecute(TestCaseExecutor.java:436)
	at com.kms.katalon.core.main.TestCaseExecutor.processExecutionPhase(TestCaseExecutor.java:415)
	at com.kms.katalon.core.main.TestCaseExecutor.accessMainPhase(TestCaseExecutor.java:407)
	at com.kms.katalon.core.main.TestCaseExecutor.execute(TestCaseExecutor.java:284)
	at com.kms.katalon.core.common.CommonExecutor.accessTestCaseMainPhase(CommonExecutor.java:65)
	at com.kms.katalon.core.main.TestSuiteExecutor.accessTestSuiteMainPhase(TestSuiteExecutor.java:144)
	at com.kms.katalon.core.main.TestSuiteExecutor.execute(TestSuiteExecutor.java:106)
	at com.kms.katalon.core.main.TestCaseMain.startTestSuite(TestCaseMain.java:185)
	at com.kms.katalon.core.main.TestCaseMain$startTestSuite$0.call(Unknown Source)
	at TempTestSuite1654867643956.run(TempTestSuite1654867643956.groovy:36)
Caused by: org.openqa.selenium.ElementClickInterceptedException: element click intercepted: Element <a id="form_detalleviaticosMenu:j_idt115:j_idt117:j_idt1808" href="#" class="ui-commandlink ui-widget" onclick="PrimeFaces.ab({s:&quot;form_detalleviaticosMenu:j_idt115:j_idt117:j_idt1808&quot;,f:&quot;form_detalleviaticosMenu&quot;,u:&quot;areaAplicacion&quot;,onco:function(xhr,status,args,data){;}});return false;" style="display: inline-block;">...</a> is not clickable at point (106, 13). Other element would receive the click: <div id="popupErrorDialog:dialog_popupFoto_modal" class="ui-widget-overlay ui-dialog-mask" style="z-index: 1015;"></div>
  (Session info: chrome=102.0.5005.115)
Build info: version: '3.141.59', revision: 'e82be7d358', time: '2018-11-14T08:25:53'
System info: host: 'US-AF-000371', ip: '192.168.56.1', os.name: 'Windows 10', os.arch: 'amd64', os.version: '10.0', java.version: '1.8.0_282'
Driver info: com.kms.katalon.selenium.driver.CChromeDriver
Capabilities {acceptInsecureCerts: false, browserName: chrome, browserVersion: 102.0.5005.115, chrome: {chromedriverVersion: 101.0.4951.41 (93c720db8323..., userDataDir: C:\Users\DIEGO~1.ROJ\AppDat...}, goog:chromeOptions: {debuggerAddress: localhost:58614}, javascriptEnabled: true, networkConnectionEnabled: false, pageLoadStrategy: normal, platform: WINDOWS, platformName: WINDOWS, proxy: Proxy(), setWindowRect: true, strictFileInteractability: false, timeouts: {implicit: 0, pageLoad: 300000, script: 30000}, unhandledPromptBehavior: dismiss and notify, webauthn:extension:credBlob: true, webauthn:extension:largeBlob: true, webauthn:virtualAuthenticators: true}
Session ID: e7e6dad3c1d43e10d6527801b17e2cb0
	at org.openqa.selenium.remote.http.W3CHttpResponseCodec.createException(W3CHttpResponseCodec.java:187)
	at org.openqa.selenium.remote.http.W3CHttpResponseCodec.decode(W3CHttpResponseCodec.java:122)
	at org.openqa.selenium.remote.http.W3CHttpResponseCodec.decode(W3CHttpResponseCodec.java:49)
	at org.openqa.selenium.remote.HttpCommandExecutor.execute(HttpCommandExecutor.java:158)
	at org.openqa.selenium.remote.service.DriverCommandExecutor.execute(DriverCommandExecutor.java:83)
	at org.openqa.selenium.remote.RemoteWebDriver.execute(RemoteWebDriver.java:552)
	at com.kms.katalon.selenium.driver.CChromeDriver.execute(CChromeDriver.java:19)
	at org.openqa.selenium.remote.RemoteWebElement.execute(RemoteWebElement.java:285)
	at org.openqa.selenium.remote.RemoteWebElement.click(RemoteWebElement.java:84)
	at org.openqa.selenium.support.events.EventFiringWebDriver$EventFiringWebElement.lambda$new$0(EventFiringWebDriver.java:404)
	at com.sun.proxy.$Proxy11.click(Unknown Source)
	at org.openqa.selenium.support.events.EventFiringWebDriver$EventFiringWebElement.click(EventFiringWebDriver.java:417)
	at org.openqa.selenium.WebElement$click$0.call(Unknown Source)
	at com.kms.katalon.core.webui.keyword.builtin.ClickKeyword.clickUntilSuccessWithTimeout(ClickKeyword.groovy:81)
	at com.kms.katalon.core.webui.keyword.builtin.ClickKeyword.clickUntilSuccessWithTimeout(ClickKeyword.groovy)
	at com.kms.katalon.core.webui.keyword.builtin.ClickKeyword$_click_closure1.doCall(ClickKeyword.groovy:67)
	at com.kms.katalon.core.webui.keyword.builtin.ClickKeyword$_click_closure1.call(ClickKeyword.groovy)
	at com.kms.katalon.core.webui.keyword.internal.WebUIKeywordMain.runKeyword(WebUIKeywordMain.groovy:20)
	... 19 more


2022-06-10 09:22:51 - [TEST_STEP][PASSED] - callTestCase(findTestCase("0.1-Login"), [:], STOP_ON_FAILURE): Call Test Case 'Test Cases/0.1-Login' successfully

2022-06-10 09:22:52 - [TEST_CASE][PASSED] - Test Cases/0.1-Login: Test Cases/0.1-Login

2022-06-10 09:22:52 - [TEST_STEP][PASSED] - openBrowser(""): Browser is opened with url: ''

2022-06-10 09:22:52 - [MESSAGE][WARNING] - A browser is already opened. Closing browser and opening a new one

2022-06-10 09:22:52 - [MESSAGE][INFO] - Starting 'Chrome' driver

2022-06-10 09:22:52 - [MESSAGE][INFO] - Action delay is set to 0 milliseconds

2022-06-10 09:22:53 - [MESSAGE][PASSED] - Browser is opened with url: ''

2022-06-10 09:22:53 - [TEST_STEP][PASSED] - maximizeWindow(): Current window maximized

2022-06-10 09:22:54 - [MESSAGE][PASSED] - Current window maximized

2022-06-10 09:22:54 - [TEST_STEP][PASSED] - i = G_Login: null

2022-06-10 09:22:54 - [TEST_STEP][PASSED] - url = new java.net.URL(i): null

2022-06-10 09:22:54 - [TEST_STEP][PASSED] - println("URL: " + url.toString()): null

2022-06-10 09:22:54 - [TEST_STEP][PASSED] - connection = url.openConnection(): null

2022-06-10 09:22:54 - [TEST_STEP][PASSED] - connection.setRequestMethod("GET"): null

2022-06-10 09:22:54 - [TEST_STEP][PASSED] - connection.setReadTimeout(2 * 1000): null

2022-06-10 09:22:54 - [TEST_STEP][PASSED] - try: null

2022-06-10 09:22:54 - [TEST_STEP][PASSED] - connection.connect(): null

2022-06-10 09:22:54 - [TEST_STEP][PASSED] - flag = connected: null

2022-06-10 09:22:54 - [TEST_STEP][PASSED] - println("Valor_ori: " + flag): null

2022-06-10 09:22:54 - [TEST_STEP][PASSED] - if (flag): null

2022-06-10 09:22:54 - [TEST_STEP][PASSED] - navigateToUrl(i): Navigate to 'http://192.168.2.19:8380/saraweb' successfully

2022-06-10 09:22:54 - [MESSAGE][PASSED] - Navigate to 'http://192.168.2.19:8380/saraweb' successfully

2022-06-10 09:22:54 - [TEST_STEP][PASSED] - a(): null

2022-06-10 09:22:54 - [TEST_STEP][PASSED] - setText(findTestObject("3-OBJECTS UTILIDADES/Login/input_USUARIO_loginusuario"), G_Usuario): Text 'saraadmin' is set on object 'Object Repository/3-OBJECTS UTILIDADES/Login/input_USUARIO_loginusuario'

2022-06-10 09:22:55 - [MESSAGE][PASSED] - Text 'saraadmin' is set on object 'Object Repository/3-OBJECTS UTILIDADES/Login/input_USUARIO_loginusuario'

2022-06-10 09:22:55 - [TEST_STEP][PASSED] - setEncryptedText(findTestObject("3-OBJECTS UTILIDADES/Login/input_CLAVE_loginpassword"), "MkG4/TYiCFC3cb2driP7+Q=="): Text ****** has been set on object 'Object Repository/3-OBJECTS UTILIDADES/Login/input_CLAVE_loginpassword'

2022-06-10 09:22:55 - [MESSAGE][PASSED] - Text ****** has been set on object 'Object Repository/3-OBJECTS UTILIDADES/Login/input_CLAVE_loginpassword'

2022-06-10 09:22:55 - [TEST_STEP][PASSED] - waitForElementClickable(findTestObject("3-OBJECTS UTILIDADES/Login/a_Ingresar"), G_TimeOut): Object 'Object Repository/3-OBJECTS UTILIDADES/Login/a_Ingresar' is clickable

2022-06-10 09:22:56 - [MESSAGE][PASSED] - Object 'Object Repository/3-OBJECTS UTILIDADES/Login/a_Ingresar' is clickable

2022-06-10 09:22:56 - [TEST_STEP][PASSED] - click(findTestObject("3-OBJECTS UTILIDADES/Login/a_Ingresar")): Object: 'Object Repository/3-OBJECTS UTILIDADES/Login/a_Ingresar' is clicked on

2022-06-10 09:22:57 - [MESSAGE][PASSED] - Object: 'Object Repository/3-OBJECTS UTILIDADES/Login/a_Ingresar' is clicked on

2022-06-10 09:22:57 - [TEST_STEP][PASSED] - element = findWebElement(findTestObject("3-OBJECTS UTILIDADES/Login/a_Ir"), 30): null

2022-06-10 09:22:58 - [TEST_STEP][PASSED] - executeJavaScript("arguments[0].click()", Arrays.asList(element)): Execute JavaScript 'arguments[0].click()' successfully

2022-06-10 09:22:58 - [MESSAGE][PASSED] - Execute JavaScript 'arguments[0].click()' successfully

2022-06-10 09:22:58 - [MESSAGE][PASSED] - Call Test Case 'Test Cases/0.1-Login' successfully

2022-06-10 09:22:58 - [TEST_STEP][PASSED] - waitForElementClickable(findTestObject("1-OBJECTS TAREAS PRINCIPALES/Modulo Actos Administrativos/Modulo Viáticos/Anulación y Legalización de viáticos/input_ADMINISTRADOR DEL SISTEMA - SARA_form_templatej_idt24_input"), 0): Object 'Object Repository/1-OBJECTS TAREAS PRINCIPALES/Modulo Actos Administrativos/Modulo Viáticos/Anulación y Legalización de viáticos/input_ADMINISTRADOR DEL SISTEMA - SARA_form_templatej_idt24_input' is clickable

2022-06-10 09:22:58 - [MESSAGE][WARNING] - Timeout '0' is invalid. Using default page load timeout: '37'

2022-06-10 09:22:58 - [MESSAGE][PASSED] - Object 'Object Repository/1-OBJECTS TAREAS PRINCIPALES/Modulo Actos Administrativos/Modulo Viáticos/Anulación y Legalización de viáticos/input_ADMINISTRADOR DEL SISTEMA - SARA_form_templatej_idt24_input' is clickable

2022-06-10 09:22:58 - [TEST_STEP][PASSED] - setText(findTestObject("1-OBJECTS TAREAS PRINCIPALES/Modulo Actos Administrativos/Modulo Viáticos/Anulación y Legalización de viáticos/input_ADMINISTRADOR DEL SISTEMA - SARA_form_templatej_idt24_input"), "listado de viaticos"): Text 'listado de viaticos' is set on object 'Object Repository/1-OBJECTS TAREAS PRINCIPALES/Modulo Actos Administrativos/Modulo Viáticos/Anulación y Legalización de viáticos/input_ADMINISTRADOR DEL SISTEMA - SARA_form_templatej_idt24_input'

2022-06-10 09:22:59 - [MESSAGE][PASSED] - Text 'listado de viaticos' is set on object 'Object Repository/1-OBJECTS TAREAS PRINCIPALES/Modulo Actos Administrativos/Modulo Viáticos/Anulación y Legalización de viáticos/input_ADMINISTRADOR DEL SISTEMA - SARA_form_templatej_idt24_input'

2022-06-10 09:22:59 - [TEST_STEP][PASSED] - waitForElementClickable(findTestObject("1-OBJECTS TAREAS PRINCIPALES/Modulo Actos Administrativos/Modulo Viáticos/Anulación y Legalización de viáticos/span_Listado de Viaticos"), 0): Object 'Object Repository/1-OBJECTS TAREAS PRINCIPALES/Modulo Actos Administrativos/Modulo Viáticos/Anulación y Legalización de viáticos/span_Listado de Viaticos' is clickable

2022-06-10 09:22:59 - [MESSAGE][WARNING] - Timeout '0' is invalid. Using default page load timeout: '37'

2022-06-10 09:23:01 - [MESSAGE][PASSED] - Object 'Object Repository/1-OBJECTS TAREAS PRINCIPALES/Modulo Actos Administrativos/Modulo Viáticos/Anulación y Legalización de viáticos/span_Listado de Viaticos' is clickable

2022-06-10 09:23:01 - [TEST_STEP][PASSED] - sendKeys(findTestObject("1-OBJECTS TAREAS PRINCIPALES/Modulo Actos Administrativos/Modulo Viáticos/Anulación y Legalización de viáticos/input_ADMINISTRADOR DEL SISTEMA - SARA_form_templatej_idt24_input"), Keys.chord(ENTER)): Keys 'ENTER + ' sent to object: 'Object Repository/1-OBJECTS TAREAS PRINCIPALES/Modulo Actos Administrativos/Modulo Viáticos/Anulación y Legalización de viáticos/input_ADMINISTRADOR DEL SISTEMA - SARA_form_templatej_idt24_input'

2022-06-10 09:23:01 - [MESSAGE][PASSED] - Keys 'ENTER + ' sent to object: 'Object Repository/1-OBJECTS TAREAS PRINCIPALES/Modulo Actos Administrativos/Modulo Viáticos/Anulación y Legalización de viáticos/input_ADMINISTRADOR DEL SISTEMA - SARA_form_templatej_idt24_input'

2022-06-10 09:23:01 - [TEST_STEP][PASSED] - setText(findTestObject("1-OBJECTS TAREAS PRINCIPALES/Modulo Actos Administrativos/Modulo Viáticos/Crear viatico/input_Ao_form_listadoviaticosanio"), "2021"): Text '2021' is set on object 'Object Repository/1-OBJECTS TAREAS PRINCIPALES/Modulo Actos Administrativos/Modulo Viáticos/Crear viatico/input_Ao_form_listadoviaticosanio'

2022-06-10 09:23:03 - [MESSAGE][PASSED] - Text '2021' is set on object 'Object Repository/1-OBJECTS TAREAS PRINCIPALES/Modulo Actos Administrativos/Modulo Viáticos/Crear viatico/input_Ao_form_listadoviaticosanio'

2022-06-10 09:23:03 - [TEST_STEP][PASSED] - sendKeys(findTestObject("1-OBJECTS TAREAS PRINCIPALES/Modulo Actos Administrativos/Modulo Viáticos/Crear viatico/input_Ao_form_listadoviaticosanio"), Keys.chord(ENTER)): Keys 'ENTER + ' sent to object: 'Object Repository/1-OBJECTS TAREAS PRINCIPALES/Modulo Actos Administrativos/Modulo Viáticos/Crear viatico/input_Ao_form_listadoviaticosanio'

2022-06-10 09:23:03 - [MESSAGE][PASSED] - Keys 'ENTER + ' sent to object: 'Object Repository/1-OBJECTS TAREAS PRINCIPALES/Modulo Actos Administrativos/Modulo Viáticos/Crear viatico/input_Ao_form_listadoviaticosanio'

2022-06-10 09:23:03 - [TEST_STEP][PASSED] - selectOptionByIndex(findTestObject("1-OBJECTS TAREAS PRINCIPALES/Modulo Actos Administrativos/Modulo Viáticos/Crear viatico/select_--Seleccione--AnuladoAutorizadaDerogadaNo AutorizadaProgramadaSolicitado"), 5): All options with index in [5] are selected on object 'Object Repository/1-OBJECTS TAREAS PRINCIPALES/Modulo Actos Administrativos/Modulo Viáticos/Crear viatico/select_--Seleccione--AnuladoAutorizadaDerogadaNo AutorizadaProgramadaSolicitado'

2022-06-10 09:23:05 - [MESSAGE][PASSED] - All options with index in [5] are selected on object 'Object Repository/1-OBJECTS TAREAS PRINCIPALES/Modulo Actos Administrativos/Modulo Viáticos/Crear viatico/select_--Seleccione--AnuladoAutorizadaDerogadaNo AutorizadaProgramadaSolicitado'

2022-06-10 09:23:05 - [TEST_STEP][PASSED] - if (waitForElementClickable(findTestObject("1-OBJECTS TAREAS PRINCIPALES/Modulo Actos Administrativos/Modulo Viáticos/Anulación y Legalización de viáticos/td_01072021"), 1)): Web element with id: 'Object Repository/1-OBJECTS TAREAS PRINCIPALES/Modulo Actos Administrativos/Modulo Viáticos/Anulación y Legalización de viáticos/td_01072021' located by '//*/text()[normalize-space(.)='01/07/2021']/parent::*' not found

2022-06-10 09:23:07 - [MESSAGE][INFO] - Unable to find the element located by 'By.xpath: //*/text()[normalize-space(.)='01/07/2021']/parent::*'. Please recheck the objects properties to make sure the desired element is located. 

2022-06-10 09:23:07 - [MESSAGE][WARNING] - Web element with id: 'Object Repository/1-OBJECTS TAREAS PRINCIPALES/Modulo Actos Administrativos/Modulo Viáticos/Anulación y Legalización de viáticos/td_01072021' located by '//*/text()[normalize-space(.)='01/07/2021']/parent::*' not found

2022-06-10 09:23:07 - [TEST_STEP][PASSED] - else: null

2022-06-10 09:23:07 - [TEST_STEP][PASSED] - selectOptionByIndex(findTestObject("1-OBJECTS TAREAS PRINCIPALES/Modulo Actos Administrativos/Modulo Viáticos/Anulación y Legalización de viáticos/select_--Seleccione--AnuladoAutorizadaDerogadaNo AutorizadaProgramadaSolicitado"), 2): All options with index in [2] are selected on object 'Object Repository/1-OBJECTS TAREAS PRINCIPALES/Modulo Actos Administrativos/Modulo Viáticos/Anulación y Legalización de viáticos/select_--Seleccione--AnuladoAutorizadaDerogadaNo AutorizadaProgramadaSolicitado'

2022-06-10 09:23:08 - [MESSAGE][PASSED] - All options with index in [2] are selected on object 'Object Repository/1-OBJECTS TAREAS PRINCIPALES/Modulo Actos Administrativos/Modulo Viáticos/Anulación y Legalización de viáticos/select_--Seleccione--AnuladoAutorizadaDerogadaNo AutorizadaProgramadaSolicitado'

2022-06-10 09:23:08 - [TEST_STEP][PASSED] - setText(findTestObject("1-OBJECTS TAREAS PRINCIPALES/Modulo Actos Administrativos/Modulo Viáticos/Crear viatico/input_Ao_form_listadoviaticosanio"), "2021"): Text '2021' is set on object 'Object Repository/1-OBJECTS TAREAS PRINCIPALES/Modulo Actos Administrativos/Modulo Viáticos/Crear viatico/input_Ao_form_listadoviaticosanio'

2022-06-10 09:23:09 - [MESSAGE][PASSED] - Text '2021' is set on object 'Object Repository/1-OBJECTS TAREAS PRINCIPALES/Modulo Actos Administrativos/Modulo Viáticos/Crear viatico/input_Ao_form_listadoviaticosanio'

2022-06-10 09:23:09 - [TEST_STEP][PASSED] - sendKeys(findTestObject("1-OBJECTS TAREAS PRINCIPALES/Modulo Actos Administrativos/Modulo Viáticos/Crear viatico/input_Ao_form_listadoviaticosanio"), Keys.chord(ENTER)): Keys 'ENTER + ' sent to object: 'Object Repository/1-OBJECTS TAREAS PRINCIPALES/Modulo Actos Administrativos/Modulo Viáticos/Crear viatico/input_Ao_form_listadoviaticosanio'

2022-06-10 09:23:10 - [MESSAGE][PASSED] - Keys 'ENTER + ' sent to object: 'Object Repository/1-OBJECTS TAREAS PRINCIPALES/Modulo Actos Administrativos/Modulo Viáticos/Crear viatico/input_Ao_form_listadoviaticosanio'

2022-06-10 09:23:10 - [TEST_STEP][PASSED] - if (waitForElementClickable(findTestObject("1-OBJECTS TAREAS PRINCIPALES/Modulo Actos Administrativos/Modulo Viáticos/Anulación y Legalización de viáticos/td_01072021"), 1)): null

2022-06-10 09:23:10 - [MESSAGE][PASSED] - Object 'Object Repository/1-OBJECTS TAREAS PRINCIPALES/Modulo Actos Administrativos/Modulo Viáticos/Anulación y Legalización de viáticos/td_01072021' is clickable

2022-06-10 09:23:10 - [TEST_STEP][PASSED] - click(findTestObject("1-OBJECTS TAREAS PRINCIPALES/Modulo Actos Administrativos/Modulo Viáticos/Anulación y Legalización de viáticos/td_01072021")): Object: 'Object Repository/1-OBJECTS TAREAS PRINCIPALES/Modulo Actos Administrativos/Modulo Viáticos/Anulación y Legalización de viáticos/td_01072021' is clicked on

2022-06-10 09:23:11 - [MESSAGE][PASSED] - Object: 'Object Repository/1-OBJECTS TAREAS PRINCIPALES/Modulo Actos Administrativos/Modulo Viáticos/Anulación y Legalización de viáticos/td_01072021' is clicked on

2022-06-10 09:23:11 - [TEST_STEP][PASSED] - waitForElementClickable(findTestObject("1-OBJECTS TAREAS PRINCIPALES/Modulo Actos Administrativos/Modulo Viáticos/Anulación y Legalización de viáticos/a_Cerrar Desembolsar"), 0): Object 'Object Repository/1-OBJECTS TAREAS PRINCIPALES/Modulo Actos Administrativos/Modulo Viáticos/Anulación y Legalización de viáticos/a_Cerrar Desembolsar' is clickable

2022-06-10 09:23:11 - [MESSAGE][WARNING] - Timeout '0' is invalid. Using default page load timeout: '37'

2022-06-10 09:23:12 - [MESSAGE][PASSED] - Object 'Object Repository/1-OBJECTS TAREAS PRINCIPALES/Modulo Actos Administrativos/Modulo Viáticos/Anulación y Legalización de viáticos/a_Cerrar Desembolsar' is clickable

2022-06-10 09:23:12 - [TEST_STEP][PASSED] - click(findTestObject("1-OBJECTS TAREAS PRINCIPALES/Modulo Actos Administrativos/Modulo Viáticos/Anulación y Legalización de viáticos/a_Cerrar Desembolsar")): Object: 'Object Repository/1-OBJECTS TAREAS PRINCIPALES/Modulo Actos Administrativos/Modulo Viáticos/Anulación y Legalización de viáticos/a_Cerrar Desembolsar' is clicked on

2022-06-10 09:23:12 - [MESSAGE][PASSED] - Object: 'Object Repository/1-OBJECTS TAREAS PRINCIPALES/Modulo Actos Administrativos/Modulo Viáticos/Anulación y Legalización de viáticos/a_Cerrar Desembolsar' is clicked on

2022-06-10 09:23:12 - [TEST_STEP][PASSED] - setText(findTestObject("1-OBJECTS TAREAS PRINCIPALES/Modulo Actos Administrativos/Modulo Viáticos/Anulación y Legalización de viáticos/input_Fecha_Cierre desembolso"), "01/07/2021"): Text '01/07/2021' is set on object 'Object Repository/1-OBJECTS TAREAS PRINCIPALES/Modulo Actos Administrativos/Modulo Viáticos/Anulación y Legalización de viáticos/input_Fecha_Cierre desembolso'

2022-06-10 09:23:13 - [MESSAGE][PASSED] - Text '01/07/2021' is set on object 'Object Repository/1-OBJECTS TAREAS PRINCIPALES/Modulo Actos Administrativos/Modulo Viáticos/Anulación y Legalización de viáticos/input_Fecha_Cierre desembolso'

2022-06-10 09:23:13 - [TEST_STEP][PASSED] - setText(findTestObject("1-OBJECTS TAREAS PRINCIPALES/Modulo Actos Administrativos/Modulo Viáticos/Anulación y Legalización de viáticos/input_TRM_Cierre desembolso"), "5"): Text '5' is set on object 'Object Repository/1-OBJECTS TAREAS PRINCIPALES/Modulo Actos Administrativos/Modulo Viáticos/Anulación y Legalización de viáticos/input_TRM_Cierre desembolso'

2022-06-10 09:23:14 - [MESSAGE][PASSED] - Text '5' is set on object 'Object Repository/1-OBJECTS TAREAS PRINCIPALES/Modulo Actos Administrativos/Modulo Viáticos/Anulación y Legalización de viáticos/input_TRM_Cierre desembolso'

2022-06-10 09:23:14 - [TEST_STEP][PASSED] - click(findTestObject("1-OBJECTS TAREAS PRINCIPALES/Modulo Actos Administrativos/Modulo Viáticos/Anulación y Legalización de viáticos/a_Aplicar_Cierre desembolso")): Object: 'Object Repository/1-OBJECTS TAREAS PRINCIPALES/Modulo Actos Administrativos/Modulo Viáticos/Anulación y Legalización de viáticos/a_Aplicar_Cierre desembolso' is clicked on

2022-06-10 09:23:14 - [MESSAGE][PASSED] - Object: 'Object Repository/1-OBJECTS TAREAS PRINCIPALES/Modulo Actos Administrativos/Modulo Viáticos/Anulación y Legalización de viáticos/a_Aplicar_Cierre desembolso' is clicked on

2022-06-10 09:23:14 - [TEST_STEP][FAILED] - click(findTestObject("1-OBJECTS TAREAS PRINCIPALES/Modulo Actos Administrativos/Modulo Viáticos/Anulación y Legalización de viáticos/a_Costos_Anulacion")): Unable to click on object 'Object Repository/1-OBJECTS TAREAS PRINCIPALES/Modulo Actos Administrativos/Modulo Viáticos/Anulación y Legalización de viáticos/a_Costos_Anulacion' (Root cause: com.kms.katalon.core.exception.StepFailedException: Unable to click on object 'Object Repository/1-OBJECTS TAREAS PRINCIPALES/Modulo Actos Administrativos/Modulo Viáticos/Anulación y Legalización de viáticos/a_Costos_Anulacion'
	at com.kms.katalon.core.webui.keyword.internal.WebUIKeywordMain.stepFailed(WebUIKeywordMain.groovy:64)
	at com.kms.katalon.core.webui.keyword.internal.WebUIKeywordMain.runKeyword(WebUIKeywordMain.groovy:26)
	at com.kms.katalon.core.webui.keyword.builtin.ClickKeyword.click(ClickKeyword.groovy:74)
	at com.kms.katalon.core.webui.keyword.builtin.ClickKeyword.execute(ClickKeyword.groovy:40)
	at com.kms.katalon.core.keyword.internal.KeywordExecutor.executeKeywordForPlatform(KeywordExecutor.groovy:74)
	at com.kms.katalon.core.webui.keyword.WebUiBuiltInKeywords.click(WebUiBuiltInKeywords.groovy:620)
	at com.kms.katalon.core.webui.keyword.WebUiBuiltInKeywords$click$5.call(Unknown Source)
	at 1.6.6 Anulación y Legalización de viáticos.run(1.6.6 Anulación y Legalización de viáticos:324)
	at com.kms.katalon.core.main.ScriptEngine.run(ScriptEngine.java:194)
	at com.kms.katalon.core.main.ScriptEngine.runScriptAsRawText(ScriptEngine.java:119)
	at com.kms.katalon.core.main.TestCaseExecutor.runScript(TestCaseExecutor.java:445)
	at com.kms.katalon.core.main.TestCaseExecutor.doExecute(TestCaseExecutor.java:436)
	at com.kms.katalon.core.main.TestCaseExecutor.processExecutionPhase(TestCaseExecutor.java:415)
	at com.kms.katalon.core.main.TestCaseExecutor.accessMainPhase(TestCaseExecutor.java:407)
	at com.kms.katalon.core.main.TestCaseExecutor.execute(TestCaseExecutor.java:284)
	at com.kms.katalon.core.common.CommonExecutor.accessTestCaseMainPhase(CommonExecutor.java:65)
	at com.kms.katalon.core.main.TestSuiteExecutor.accessTestSuiteMainPhase(TestSuiteExecutor.java:144)
	at com.kms.katalon.core.main.TestSuiteExecutor.execute(TestSuiteExecutor.java:106)
	at com.kms.katalon.core.main.TestCaseMain.startTestSuite(TestCaseMain.java:185)
	at com.kms.katalon.core.main.TestCaseMain$startTestSuite$0.call(Unknown Source)
	at TempTestSuite1654867643956.run(TempTestSuite1654867643956.groovy:36)
Caused by: org.openqa.selenium.ElementClickInterceptedException: element click intercepted: Element <a id="form_detalleviaticosMenu:j_idt115:j_idt117:j_idt1808" href="#" class="ui-commandlink ui-widget" onclick="PrimeFaces.ab({s:&quot;form_detalleviaticosMenu:j_idt115:j_idt117:j_idt1808&quot;,f:&quot;form_detalleviaticosMenu&quot;,u:&quot;areaAplicacion&quot;,onco:function(xhr,status,args,data){;}});return false;" style="display: inline-block;">...</a> is not clickable at point (106, 13). Other element would receive the click: <div id="popupErrorDialog:dialog_popupFoto_modal" class="ui-widget-overlay ui-dialog-mask" style="z-index: 1015;"></div>
  (Session info: chrome=102.0.5005.115)
Build info: version: '3.141.59', revision: 'e82be7d358', time: '2018-11-14T08:25:53'
System info: host: 'US-AF-000371', ip: '192.168.56.1', os.name: 'Windows 10', os.arch: 'amd64', os.version: '10.0', java.version: '1.8.0_282'
Driver info: com.kms.katalon.selenium.driver.CChromeDriver
Capabilities {acceptInsecureCerts: false, browserName: chrome, browserVersion: 102.0.5005.115, chrome: {chromedriverVersion: 101.0.4951.41 (93c720db8323..., userDataDir: C:\Users\DIEGO~1.ROJ\AppDat...}, goog:chromeOptions: {debuggerAddress: localhost:58614}, javascriptEnabled: true, networkConnectionEnabled: false, pageLoadStrategy: normal, platform: WINDOWS, platformName: WINDOWS, proxy: Proxy(), setWindowRect: true, strictFileInteractability: false, timeouts: {implicit: 0, pageLoad: 300000, script: 30000}, unhandledPromptBehavior: dismiss and notify, webauthn:extension:credBlob: true, webauthn:extension:largeBlob: true, webauthn:virtualAuthenticators: true}
Session ID: e7e6dad3c1d43e10d6527801b17e2cb0
	at org.openqa.selenium.remote.http.W3CHttpResponseCodec.createException(W3CHttpResponseCodec.java:187)
	at org.openqa.selenium.remote.http.W3CHttpResponseCodec.decode(W3CHttpResponseCodec.java:122)
	at org.openqa.selenium.remote.http.W3CHttpResponseCodec.decode(W3CHttpResponseCodec.java:49)
	at org.openqa.selenium.remote.HttpCommandExecutor.execute(HttpCommandExecutor.java:158)
	at org.openqa.selenium.remote.service.DriverCommandExecutor.execute(DriverCommandExecutor.java:83)
	at org.openqa.selenium.remote.RemoteWebDriver.execute(RemoteWebDriver.java:552)
	at com.kms.katalon.selenium.driver.CChromeDriver.execute(CChromeDriver.java:19)
	at org.openqa.selenium.remote.RemoteWebElement.execute(RemoteWebElement.java:285)
	at org.openqa.selenium.remote.RemoteWebElement.click(RemoteWebElement.java:84)
	at org.openqa.selenium.support.events.EventFiringWebDriver$EventFiringWebElement.lambda$new$0(EventFiringWebDriver.java:404)
	at com.sun.proxy.$Proxy11.click(Unknown Source)
	at org.openqa.selenium.support.events.EventFiringWebDriver$EventFiringWebElement.click(EventFiringWebDriver.java:417)
	at org.openqa.selenium.WebElement$click$0.call(Unknown Source)
	at com.kms.katalon.core.webui.keyword.builtin.ClickKeyword.clickUntilSuccessWithTimeout(ClickKeyword.groovy:81)
	at com.kms.katalon.core.webui.keyword.builtin.ClickKeyword.clickUntilSuccessWithTimeout(ClickKeyword.groovy)
	at com.kms.katalon.core.webui.keyword.builtin.ClickKeyword$_click_closure1.doCall(ClickKeyword.groovy:67)
	at com.kms.katalon.core.webui.keyword.builtin.ClickKeyword$_click_closure1.call(ClickKeyword.groovy)
	at com.kms.katalon.core.webui.keyword.internal.WebUIKeywordMain.runKeyword(WebUIKeywordMain.groovy:20)
	at com.kms.katalon.core.webui.keyword.builtin.ClickKeyword.click(ClickKeyword.groovy:74)
	at com.kms.katalon.core.webui.keyword.builtin.ClickKeyword.execute(ClickKeyword.groovy:40)
	at com.kms.katalon.core.keyword.internal.KeywordExecutor.executeKeywordForPlatform(KeywordExecutor.groovy:74)
	at com.kms.katalon.core.webui.keyword.WebUiBuiltInKeywords.click(WebUiBuiltInKeywords.groovy:620)
	at com.kms.katalon.core.webui.keyword.WebUiBuiltInKeywords$click$5.call(Unknown Source)
	at Script1629930505559.run(Script1629930505559.groovy:324)
	... 13 more
)

2022-06-10 09:23:54 - [MESSAGE][FAILED] - Unable to click on object 'Object Repository/1-OBJECTS TAREAS PRINCIPALES/Modulo Actos Administrativos/Modulo Viáticos/Anulación y Legalización de viáticos/a_Costos_Anulacion' (Root cause: com.kms.katalon.core.exception.StepFailedException: Unable to click on object 'Object Repository/1-OBJECTS TAREAS PRINCIPALES/Modulo Actos Administrativos/Modulo Viáticos/Anulación y Legalización de viáticos/a_Costos_Anulacion'
	at com.kms.katalon.core.webui.keyword.internal.WebUIKeywordMain.stepFailed(WebUIKeywordMain.groovy:64)
	at com.kms.katalon.core.webui.keyword.internal.WebUIKeywordMain.runKeyword(WebUIKeywordMain.groovy:26)
	at com.kms.katalon.core.webui.keyword.builtin.ClickKeyword.click(ClickKeyword.groovy:74)
	at com.kms.katalon.core.webui.keyword.builtin.ClickKeyword.execute(ClickKeyword.groovy:40)
	at com.kms.katalon.core.keyword.internal.KeywordExecutor.executeKeywordForPlatform(KeywordExecutor.groovy:74)
	at com.kms.katalon.core.webui.keyword.WebUiBuiltInKeywords.click(WebUiBuiltInKeywords.groovy:620)
	at com.kms.katalon.core.webui.keyword.WebUiBuiltInKeywords$click$5.call(Unknown Source)
	at 1.6.6 Anulación y Legalización de viáticos.run(1.6.6 Anulación y Legalización de viáticos:324)
	at com.kms.katalon.core.main.ScriptEngine.run(ScriptEngine.java:194)
	at com.kms.katalon.core.main.ScriptEngine.runScriptAsRawText(ScriptEngine.java:119)
	at com.kms.katalon.core.main.TestCaseExecutor.runScript(TestCaseExecutor.java:445)
	at com.kms.katalon.core.main.TestCaseExecutor.doExecute(TestCaseExecutor.java:436)
	at com.kms.katalon.core.main.TestCaseExecutor.processExecutionPhase(TestCaseExecutor.java:415)
	at com.kms.katalon.core.main.TestCaseExecutor.accessMainPhase(TestCaseExecutor.java:407)
	at com.kms.katalon.core.main.TestCaseExecutor.execute(TestCaseExecutor.java:284)
	at com.kms.katalon.core.common.CommonExecutor.accessTestCaseMainPhase(CommonExecutor.java:65)
	at com.kms.katalon.core.main.TestSuiteExecutor.accessTestSuiteMainPhase(TestSuiteExecutor.java:144)
	at com.kms.katalon.core.main.TestSuiteExecutor.execute(TestSuiteExecutor.java:106)
	at com.kms.katalon.core.main.TestCaseMain.startTestSuite(TestCaseMain.java:185)
	at com.kms.katalon.core.main.TestCaseMain$startTestSuite$0.call(Unknown Source)
	at TempTestSuite1654867643956.run(TempTestSuite1654867643956.groovy:36)
Caused by: org.openqa.selenium.ElementClickInterceptedException: element click intercepted: Element <a id="form_detalleviaticosMenu:j_idt115:j_idt117:j_idt1808" href="#" class="ui-commandlink ui-widget" onclick="PrimeFaces.ab({s:&quot;form_detalleviaticosMenu:j_idt115:j_idt117:j_idt1808&quot;,f:&quot;form_detalleviaticosMenu&quot;,u:&quot;areaAplicacion&quot;,onco:function(xhr,status,args,data){;}});return false;" style="display: inline-block;">...</a> is not clickable at point (106, 13). Other element would receive the click: <div id="popupErrorDialog:dialog_popupFoto_modal" class="ui-widget-overlay ui-dialog-mask" style="z-index: 1015;"></div>
  (Session info: chrome=102.0.5005.115)
Build info: version: '3.141.59', revision: 'e82be7d358', time: '2018-11-14T08:25:53'
System info: host: 'US-AF-000371', ip: '192.168.56.1', os.name: 'Windows 10', os.arch: 'amd64', os.version: '10.0', java.version: '1.8.0_282'
Driver info: com.kms.katalon.selenium.driver.CChromeDriver
Capabilities {acceptInsecureCerts: false, browserName: chrome, browserVersion: 102.0.5005.115, chrome: {chromedriverVersion: 101.0.4951.41 (93c720db8323..., userDataDir: C:\Users\DIEGO~1.ROJ\AppDat...}, goog:chromeOptions: {debuggerAddress: localhost:58614}, javascriptEnabled: true, networkConnectionEnabled: false, pageLoadStrategy: normal, platform: WINDOWS, platformName: WINDOWS, proxy: Proxy(), setWindowRect: true, strictFileInteractability: false, timeouts: {implicit: 0, pageLoad: 300000, script: 30000}, unhandledPromptBehavior: dismiss and notify, webauthn:extension:credBlob: true, webauthn:extension:largeBlob: true, webauthn:virtualAuthenticators: true}
Session ID: e7e6dad3c1d43e10d6527801b17e2cb0
	at org.openqa.selenium.remote.http.W3CHttpResponseCodec.createException(W3CHttpResponseCodec.java:187)
	at org.openqa.selenium.remote.http.W3CHttpResponseCodec.decode(W3CHttpResponseCodec.java:122)
	at org.openqa.selenium.remote.http.W3CHttpResponseCodec.decode(W3CHttpResponseCodec.java:49)
	at org.openqa.selenium.remote.HttpCommandExecutor.execute(HttpCommandExecutor.java:158)
	at org.openqa.selenium.remote.service.DriverCommandExecutor.execute(DriverCommandExecutor.java:83)
	at org.openqa.selenium.remote.RemoteWebDriver.execute(RemoteWebDriver.java:552)
	at com.kms.katalon.selenium.driver.CChromeDriver.execute(CChromeDriver.java:19)
	at org.openqa.selenium.remote.RemoteWebElement.execute(RemoteWebElement.java:285)
	at org.openqa.selenium.remote.RemoteWebElement.click(RemoteWebElement.java:84)
	at org.openqa.selenium.support.events.EventFiringWebDriver$EventFiringWebElement.lambda$new$0(EventFiringWebDriver.java:404)
	at com.sun.proxy.$Proxy11.click(Unknown Source)
	at org.openqa.selenium.support.events.EventFiringWebDriver$EventFiringWebElement.click(EventFiringWebDriver.java:417)
	at org.openqa.selenium.WebElement$click$0.call(Unknown Source)
	at com.kms.katalon.core.webui.keyword.builtin.ClickKeyword.clickUntilSuccessWithTimeout(ClickKeyword.groovy:81)
	at com.kms.katalon.core.webui.keyword.builtin.ClickKeyword.clickUntilSuccessWithTimeout(ClickKeyword.groovy)
	at com.kms.katalon.core.webui.keyword.builtin.ClickKeyword$_click_closure1.doCall(ClickKeyword.groovy:67)
	at com.kms.katalon.core.webui.keyword.builtin.ClickKeyword$_click_closure1.call(ClickKeyword.groovy)
	at com.kms.katalon.core.webui.keyword.internal.WebUIKeywordMain.runKeyword(WebUIKeywordMain.groovy:20)
	at com.kms.katalon.core.webui.keyword.builtin.ClickKeyword.click(ClickKeyword.groovy:74)
	at com.kms.katalon.core.webui.keyword.builtin.ClickKeyword.execute(ClickKeyword.groovy:40)
	at com.kms.katalon.core.keyword.internal.KeywordExecutor.executeKeywordForPlatform(KeywordExecutor.groovy:74)
	at com.kms.katalon.core.webui.keyword.WebUiBuiltInKeywords.click(WebUiBuiltInKeywords.groovy:620)
	at com.kms.katalon.core.webui.keyword.WebUiBuiltInKeywords$click$5.call(Unknown Source)
	at Script1629930505559.run(Script1629930505559.groovy:324)
	... 13 more
)
[[ATTACHMENT|C:\\Users\\diego.rojas\\git\\Pruebas-Minimas\\Reports\\20220610_082723\\Test_Suite_Principales\\1-Tareas Principales\\20220610_082723\\1654871034761.png]]]]></system-out>
         <system-err><![CDATA[2022-06-10 09:22:51 - [TEST_CASE][FAILED] - Test Cases/1.1-Tareas Principales/1.6.6 Anulación y Legalización de viáticos: Test Cases/1.1-Tareas Principales/1.6.6 Anulación y Legalización de viáticos FAILED.
Reason:
com.kms.katalon.core.exception.StepFailedException: Unable to click on object 'Object Repository/1-OBJECTS TAREAS PRINCIPALES/Modulo Actos Administrativos/Modulo Viáticos/Anulación y Legalización de viáticos/a_Costos_Anulacion'
	at com.kms.katalon.core.webui.keyword.internal.WebUIKeywordMain.stepFailed(WebUIKeywordMain.groovy:64)
	at com.kms.katalon.core.webui.keyword.internal.WebUIKeywordMain.runKeyword(WebUIKeywordMain.groovy:26)
	at com.kms.katalon.core.webui.keyword.builtin.ClickKeyword.click(ClickKeyword.groovy:74)
	at com.kms.katalon.core.webui.keyword.builtin.ClickKeyword.execute(ClickKeyword.groovy:40)
	at com.kms.katalon.core.keyword.internal.KeywordExecutor.executeKeywordForPlatform(KeywordExecutor.groovy:74)
	at com.kms.katalon.core.webui.keyword.WebUiBuiltInKeywords.click(WebUiBuiltInKeywords.groovy:620)
	at com.kms.katalon.core.webui.keyword.WebUiBuiltInKeywords$click$5.call(Unknown Source)
	at 1.6.6 Anulación y Legalización de viáticos.run(1.6.6 Anulación y Legalización de viáticos:324)
	at com.kms.katalon.core.main.ScriptEngine.run(ScriptEngine.java:194)
	at com.kms.katalon.core.main.ScriptEngine.runScriptAsRawText(ScriptEngine.java:119)
	at com.kms.katalon.core.main.TestCaseExecutor.runScript(TestCaseExecutor.java:445)
	at com.kms.katalon.core.main.TestCaseExecutor.doExecute(TestCaseExecutor.java:436)
	at com.kms.katalon.core.main.TestCaseExecutor.processExecutionPhase(TestCaseExecutor.java:415)
	at com.kms.katalon.core.main.TestCaseExecutor.accessMainPhase(TestCaseExecutor.java:407)
	at com.kms.katalon.core.main.TestCaseExecutor.execute(TestCaseExecutor.java:284)
	at com.kms.katalon.core.common.CommonExecutor.accessTestCaseMainPhase(CommonExecutor.java:65)
	at com.kms.katalon.core.main.TestSuiteExecutor.accessTestSuiteMainPhase(TestSuiteExecutor.java:144)
	at com.kms.katalon.core.main.TestSuiteExecutor.execute(TestSuiteExecutor.java:106)
	at com.kms.katalon.core.main.TestCaseMain.startTestSuite(TestCaseMain.java:185)
	at com.kms.katalon.core.main.TestCaseMain$startTestSuite$0.call(Unknown Source)
	at TempTestSuite1654867643956.run(TempTestSuite1654867643956.groovy:36)
Caused by: org.openqa.selenium.ElementClickInterceptedException: element click intercepted: Element <a id="form_detalleviaticosMenu:j_idt115:j_idt117:j_idt1808" href="#" class="ui-commandlink ui-widget" onclick="PrimeFaces.ab({s:&quot;form_detalleviaticosMenu:j_idt115:j_idt117:j_idt1808&quot;,f:&quot;form_detalleviaticosMenu&quot;,u:&quot;areaAplicacion&quot;,onco:function(xhr,status,args,data){;}});return false;" style="display: inline-block;">...</a> is not clickable at point (106, 13). Other element would receive the click: <div id="popupErrorDialog:dialog_popupFoto_modal" class="ui-widget-overlay ui-dialog-mask" style="z-index: 1015;"></div>
  (Session info: chrome=102.0.5005.115)
Build info: version: '3.141.59', revision: 'e82be7d358', time: '2018-11-14T08:25:53'
System info: host: 'US-AF-000371', ip: '192.168.56.1', os.name: 'Windows 10', os.arch: 'amd64', os.version: '10.0', java.version: '1.8.0_282'
Driver info: com.kms.katalon.selenium.driver.CChromeDriver
Capabilities {acceptInsecureCerts: false, browserName: chrome, browserVersion: 102.0.5005.115, chrome: {chromedriverVersion: 101.0.4951.41 (93c720db8323..., userDataDir: C:\Users\DIEGO~1.ROJ\AppDat...}, goog:chromeOptions: {debuggerAddress: localhost:58614}, javascriptEnabled: true, networkConnectionEnabled: false, pageLoadStrategy: normal, platform: WINDOWS, platformName: WINDOWS, proxy: Proxy(), setWindowRect: true, strictFileInteractability: false, timeouts: {implicit: 0, pageLoad: 300000, script: 30000}, unhandledPromptBehavior: dismiss and notify, webauthn:extension:credBlob: true, webauthn:extension:largeBlob: true, webauthn:virtualAuthenticators: true}
Session ID: e7e6dad3c1d43e10d6527801b17e2cb0
	at org.openqa.selenium.remote.http.W3CHttpResponseCodec.createException(W3CHttpResponseCodec.java:187)
	at org.openqa.selenium.remote.http.W3CHttpResponseCodec.decode(W3CHttpResponseCodec.java:122)
	at org.openqa.selenium.remote.http.W3CHttpResponseCodec.decode(W3CHttpResponseCodec.java:49)
	at org.openqa.selenium.remote.HttpCommandExecutor.execute(HttpCommandExecutor.java:158)
	at org.openqa.selenium.remote.service.DriverCommandExecutor.execute(DriverCommandExecutor.java:83)
	at org.openqa.selenium.remote.RemoteWebDriver.execute(RemoteWebDriver.java:552)
	at com.kms.katalon.selenium.driver.CChromeDriver.execute(CChromeDriver.java:19)
	at org.openqa.selenium.remote.RemoteWebElement.execute(RemoteWebElement.java:285)
	at org.openqa.selenium.remote.RemoteWebElement.click(RemoteWebElement.java:84)
	at org.openqa.selenium.support.events.EventFiringWebDriver$EventFiringWebElement.lambda$new$0(EventFiringWebDriver.java:404)
	at com.sun.proxy.$Proxy11.click(Unknown Source)
	at org.openqa.selenium.support.events.EventFiringWebDriver$EventFiringWebElement.click(EventFiringWebDriver.java:417)
	at org.openqa.selenium.WebElement$click$0.call(Unknown Source)
	at com.kms.katalon.core.webui.keyword.builtin.ClickKeyword.clickUntilSuccessWithTimeout(ClickKeyword.groovy:81)
	at com.kms.katalon.core.webui.keyword.builtin.ClickKeyword.clickUntilSuccessWithTimeout(ClickKeyword.groovy)
	at com.kms.katalon.core.webui.keyword.builtin.ClickKeyword$_click_closure1.doCall(ClickKeyword.groovy:67)
	at com.kms.katalon.core.webui.keyword.builtin.ClickKeyword$_click_closure1.call(ClickKeyword.groovy)
	at com.kms.katalon.core.webui.keyword.internal.WebUIKeywordMain.runKeyword(WebUIKeywordMain.groovy:20)
	... 19 more]]></system-err>
      </testcase>
      <testcase name="Test Cases/1.1-Tareas Principales/1.6.7 Modificar retroactivos viáticos" time="18.073" classname="Test Cases/1.1-Tareas Principales/1.6.7 Modificar retroactivos viáticos" status="PASSED">
         <system-out><![CDATA[2022-06-10 09:23:54 - [TEST_CASE][PASSED] - Test Cases/1.1-Tareas Principales/1.6.7 Modificar retroactivos viáticos: Test Cases/1.1-Tareas Principales/1.6.7 Modificar retroactivos viáticos

2022-06-10 09:23:55 - [TEST_STEP][PASSED] - callTestCase(findTestCase("0.1-Login"), [:], STOP_ON_FAILURE): Call Test Case 'Test Cases/0.1-Login' successfully

2022-06-10 09:23:55 - [TEST_CASE][PASSED] - Test Cases/0.1-Login: Test Cases/0.1-Login

2022-06-10 09:23:55 - [TEST_STEP][PASSED] - openBrowser(""): Browser is opened with url: ''

2022-06-10 09:23:55 - [MESSAGE][WARNING] - A browser is already opened. Closing browser and opening a new one

2022-06-10 09:23:56 - [MESSAGE][INFO] - Starting 'Chrome' driver

2022-06-10 09:23:56 - [MESSAGE][INFO] - Action delay is set to 0 milliseconds

2022-06-10 09:23:57 - [MESSAGE][PASSED] - Browser is opened with url: ''

2022-06-10 09:23:57 - [TEST_STEP][PASSED] - maximizeWindow(): Current window maximized

2022-06-10 09:23:57 - [MESSAGE][PASSED] - Current window maximized

2022-06-10 09:23:57 - [TEST_STEP][PASSED] - i = G_Login: null

2022-06-10 09:23:57 - [TEST_STEP][PASSED] - url = new java.net.URL(i): null

2022-06-10 09:23:57 - [TEST_STEP][PASSED] - println("URL: " + url.toString()): null

2022-06-10 09:23:57 - [TEST_STEP][PASSED] - connection = url.openConnection(): null

2022-06-10 09:23:57 - [TEST_STEP][PASSED] - connection.setRequestMethod("GET"): null

2022-06-10 09:23:57 - [TEST_STEP][PASSED] - connection.setReadTimeout(2 * 1000): null

2022-06-10 09:23:57 - [TEST_STEP][PASSED] - try: null

2022-06-10 09:23:57 - [TEST_STEP][PASSED] - connection.connect(): null

2022-06-10 09:23:57 - [TEST_STEP][PASSED] - flag = connected: null

2022-06-10 09:23:57 - [TEST_STEP][PASSED] - println("Valor_ori: " + flag): null

2022-06-10 09:23:57 - [TEST_STEP][PASSED] - if (flag): null

2022-06-10 09:23:57 - [TEST_STEP][PASSED] - navigateToUrl(i): Navigate to 'http://192.168.2.19:8380/saraweb' successfully

2022-06-10 09:23:57 - [MESSAGE][PASSED] - Navigate to 'http://192.168.2.19:8380/saraweb' successfully

2022-06-10 09:23:57 - [TEST_STEP][PASSED] - a(): null

2022-06-10 09:23:57 - [TEST_STEP][PASSED] - setText(findTestObject("3-OBJECTS UTILIDADES/Login/input_USUARIO_loginusuario"), G_Usuario): Text 'saraadmin' is set on object 'Object Repository/3-OBJECTS UTILIDADES/Login/input_USUARIO_loginusuario'

2022-06-10 09:23:58 - [MESSAGE][PASSED] - Text 'saraadmin' is set on object 'Object Repository/3-OBJECTS UTILIDADES/Login/input_USUARIO_loginusuario'

2022-06-10 09:23:58 - [TEST_STEP][PASSED] - setEncryptedText(findTestObject("3-OBJECTS UTILIDADES/Login/input_CLAVE_loginpassword"), "MkG4/TYiCFC3cb2driP7+Q=="): Text ****** has been set on object 'Object Repository/3-OBJECTS UTILIDADES/Login/input_CLAVE_loginpassword'

2022-06-10 09:23:59 - [MESSAGE][PASSED] - Text ****** has been set on object 'Object Repository/3-OBJECTS UTILIDADES/Login/input_CLAVE_loginpassword'

2022-06-10 09:23:59 - [TEST_STEP][PASSED] - waitForElementClickable(findTestObject("3-OBJECTS UTILIDADES/Login/a_Ingresar"), G_TimeOut): Object 'Object Repository/3-OBJECTS UTILIDADES/Login/a_Ingresar' is clickable

2022-06-10 09:23:59 - [MESSAGE][PASSED] - Object 'Object Repository/3-OBJECTS UTILIDADES/Login/a_Ingresar' is clickable

2022-06-10 09:23:59 - [TEST_STEP][PASSED] - click(findTestObject("3-OBJECTS UTILIDADES/Login/a_Ingresar")): Object: 'Object Repository/3-OBJECTS UTILIDADES/Login/a_Ingresar' is clicked on

2022-06-10 09:24:00 - [MESSAGE][PASSED] - Object: 'Object Repository/3-OBJECTS UTILIDADES/Login/a_Ingresar' is clicked on

2022-06-10 09:24:00 - [TEST_STEP][PASSED] - element = findWebElement(findTestObject("3-OBJECTS UTILIDADES/Login/a_Ir"), 30): null

2022-06-10 09:24:01 - [TEST_STEP][PASSED] - executeJavaScript("arguments[0].click()", Arrays.asList(element)): Execute JavaScript 'arguments[0].click()' successfully

2022-06-10 09:24:01 - [MESSAGE][PASSED] - Execute JavaScript 'arguments[0].click()' successfully

2022-06-10 09:24:01 - [MESSAGE][PASSED] - Call Test Case 'Test Cases/0.1-Login' successfully

2022-06-10 09:24:01 - [TEST_STEP][PASSED] - waitForElementClickable(findTestObject("1-OBJECTS TAREAS PRINCIPALES/Modulo Actos Administrativos/Modulo Viáticos/Anulación y Legalización de viáticos/input_ADMINISTRADOR DEL SISTEMA - SARA_form_templatej_idt24_input"), 0): Object 'Object Repository/1-OBJECTS TAREAS PRINCIPALES/Modulo Actos Administrativos/Modulo Viáticos/Anulación y Legalización de viáticos/input_ADMINISTRADOR DEL SISTEMA - SARA_form_templatej_idt24_input' is clickable

2022-06-10 09:24:01 - [MESSAGE][WARNING] - Timeout '0' is invalid. Using default page load timeout: '37'

2022-06-10 09:24:02 - [MESSAGE][PASSED] - Object 'Object Repository/1-OBJECTS TAREAS PRINCIPALES/Modulo Actos Administrativos/Modulo Viáticos/Anulación y Legalización de viáticos/input_ADMINISTRADOR DEL SISTEMA - SARA_form_templatej_idt24_input' is clickable

2022-06-10 09:24:02 - [TEST_STEP][PASSED] - setText(findTestObject("1-OBJECTS TAREAS PRINCIPALES/Modulo Actos Administrativos/Modulo Viáticos/Anulación y Legalización de viáticos/input_ADMINISTRADOR DEL SISTEMA - SARA_form_templatej_idt24_input"), "Listado de Viaticos (act)"): Text 'Listado de Viaticos (act)' is set on object 'Object Repository/1-OBJECTS TAREAS PRINCIPALES/Modulo Actos Administrativos/Modulo Viáticos/Anulación y Legalización de viáticos/input_ADMINISTRADOR DEL SISTEMA - SARA_form_templatej_idt24_input'

2022-06-10 09:24:02 - [MESSAGE][PASSED] - Text 'Listado de Viaticos (act)' is set on object 'Object Repository/1-OBJECTS TAREAS PRINCIPALES/Modulo Actos Administrativos/Modulo Viáticos/Anulación y Legalización de viáticos/input_ADMINISTRADOR DEL SISTEMA - SARA_form_templatej_idt24_input'

2022-06-10 09:24:02 - [TEST_STEP][PASSED] - waitForElementClickable(findTestObject("1-OBJECTS TAREAS PRINCIPALES/Modulo Actos Administrativos/Modulo Viáticos/Anulación y Legalización de viáticos/li_Listado de Viaticos (act)"), 0): Object 'Object Repository/1-OBJECTS TAREAS PRINCIPALES/Modulo Actos Administrativos/Modulo Viáticos/Anulación y Legalización de viáticos/li_Listado de Viaticos (act)' is clickable

2022-06-10 09:24:02 - [MESSAGE][WARNING] - Timeout '0' is invalid. Using default page load timeout: '37'

2022-06-10 09:24:04 - [MESSAGE][PASSED] - Object 'Object Repository/1-OBJECTS TAREAS PRINCIPALES/Modulo Actos Administrativos/Modulo Viáticos/Anulación y Legalización de viáticos/li_Listado de Viaticos (act)' is clickable

2022-06-10 09:24:04 - [TEST_STEP][PASSED] - sendKeys(findTestObject("1-OBJECTS TAREAS PRINCIPALES/Modulo Actos Administrativos/Modulo Viáticos/Anulación y Legalización de viáticos/input_ADMINISTRADOR DEL SISTEMA - SARA_form_templatej_idt24_input"), Keys.chord(ENTER)): Keys 'ENTER + ' sent to object: 'Object Repository/1-OBJECTS TAREAS PRINCIPALES/Modulo Actos Administrativos/Modulo Viáticos/Anulación y Legalización de viáticos/input_ADMINISTRADOR DEL SISTEMA - SARA_form_templatej_idt24_input'

2022-06-10 09:24:04 - [MESSAGE][PASSED] - Keys 'ENTER + ' sent to object: 'Object Repository/1-OBJECTS TAREAS PRINCIPALES/Modulo Actos Administrativos/Modulo Viáticos/Anulación y Legalización de viáticos/input_ADMINISTRADOR DEL SISTEMA - SARA_form_templatej_idt24_input'

2022-06-10 09:24:04 - [TEST_STEP][PASSED] - waitForElementClickable(findTestObject("1-OBJECTS TAREAS PRINCIPALES/Modulo Actos Administrativos/Modulo Viáticos/Modificar retroactivos/a_Listado Viticos_cerrar_menu"), 0): Object 'Object Repository/1-OBJECTS TAREAS PRINCIPALES/Modulo Actos Administrativos/Modulo Viáticos/Modificar retroactivos/a_Listado Viticos_cerrar_menu' is clickable

2022-06-10 09:24:04 - [MESSAGE][WARNING] - Timeout '0' is invalid. Using default page load timeout: '37'

2022-06-10 09:24:05 - [MESSAGE][PASSED] - Object 'Object Repository/1-OBJECTS TAREAS PRINCIPALES/Modulo Actos Administrativos/Modulo Viáticos/Modificar retroactivos/a_Listado Viticos_cerrar_menu' is clickable

2022-06-10 09:24:05 - [TEST_STEP][PASSED] - click(findTestObject("1-OBJECTS TAREAS PRINCIPALES/Modulo Actos Administrativos/Modulo Viáticos/Modificar retroactivos/a_Listado Viticos_cerrar_menu")): Object: 'Object Repository/1-OBJECTS TAREAS PRINCIPALES/Modulo Actos Administrativos/Modulo Viáticos/Modificar retroactivos/a_Listado Viticos_cerrar_menu' is clicked on

2022-06-10 09:24:06 - [MESSAGE][PASSED] - Object: 'Object Repository/1-OBJECTS TAREAS PRINCIPALES/Modulo Actos Administrativos/Modulo Viáticos/Modificar retroactivos/a_Listado Viticos_cerrar_menu' is clicked on

2022-06-10 09:24:06 - [TEST_STEP][PASSED] - setText(findTestObject("1-OBJECTS TAREAS PRINCIPALES/Modulo Actos Administrativos/Modulo Viáticos/Anulación y Legalización de viáticos/input_ADMINISTRADOR DEL SISTEMA - SARA_form_templatej_idt24_input"), "Listado Costos Pendientes (act)"): Text 'Listado Costos Pendientes (act)' is set on object 'Object Repository/1-OBJECTS TAREAS PRINCIPALES/Modulo Actos Administrativos/Modulo Viáticos/Anulación y Legalización de viáticos/input_ADMINISTRADOR DEL SISTEMA - SARA_form_templatej_idt24_input'

2022-06-10 09:24:06 - [MESSAGE][PASSED] - Text 'Listado Costos Pendientes (act)' is set on object 'Object Repository/1-OBJECTS TAREAS PRINCIPALES/Modulo Actos Administrativos/Modulo Viáticos/Anulación y Legalización de viáticos/input_ADMINISTRADOR DEL SISTEMA - SARA_form_templatej_idt24_input'

2022-06-10 09:24:06 - [TEST_STEP][PASSED] - waitForElementVisible(findTestObject("1-OBJECTS TAREAS PRINCIPALES/Modulo Actos Administrativos/Modulo Viáticos/Modificar Solicitud de Viáticos/Span_selec menu"), 0): Object 'Object Repository/1-OBJECTS TAREAS PRINCIPALES/Modulo Actos Administrativos/Modulo Viáticos/Modificar Solicitud de Viáticos/Span_selec menu' is visible

2022-06-10 09:24:07 - [MESSAGE][WARNING] - Timeout '0' is invalid. Using default page load timeout: '37'

2022-06-10 09:24:08 - [MESSAGE][PASSED] - Object 'Object Repository/1-OBJECTS TAREAS PRINCIPALES/Modulo Actos Administrativos/Modulo Viáticos/Modificar Solicitud de Viáticos/Span_selec menu' is visible

2022-06-10 09:24:08 - [TEST_STEP][PASSED] - click(findTestObject("1-OBJECTS TAREAS PRINCIPALES/Modulo Actos Administrativos/Modulo Viáticos/Modificar Solicitud de Viáticos/Span_selec menu")): Object: 'Object Repository/1-OBJECTS TAREAS PRINCIPALES/Modulo Actos Administrativos/Modulo Viáticos/Modificar Solicitud de Viáticos/Span_selec menu' is clicked on

2022-06-10 09:24:08 - [MESSAGE][PASSED] - Object: 'Object Repository/1-OBJECTS TAREAS PRINCIPALES/Modulo Actos Administrativos/Modulo Viáticos/Modificar Solicitud de Viáticos/Span_selec menu' is clicked on

2022-06-10 09:24:08 - [TEST_STEP][PASSED] - waitForElementClickable(findTestObject("1-OBJECTS TAREAS PRINCIPALES/Modulo Actos Administrativos/Modulo Viáticos/Modificar retroactivos/select_--Seleccione--Nota Reembolso"), 0): Object 'Object Repository/1-OBJECTS TAREAS PRINCIPALES/Modulo Actos Administrativos/Modulo Viáticos/Modificar retroactivos/select_--Seleccione--Nota Reembolso' is clickable

2022-06-10 09:24:08 - [MESSAGE][WARNING] - Timeout '0' is invalid. Using default page load timeout: '37'

2022-06-10 09:24:09 - [MESSAGE][PASSED] - Object 'Object Repository/1-OBJECTS TAREAS PRINCIPALES/Modulo Actos Administrativos/Modulo Viáticos/Modificar retroactivos/select_--Seleccione--Nota Reembolso' is clickable

2022-06-10 09:24:09 - [TEST_STEP][PASSED] - selectOptionByIndex(findTestObject("1-OBJECTS TAREAS PRINCIPALES/Modulo Actos Administrativos/Modulo Viáticos/Modificar retroactivos/select_--Seleccione--Nota Reembolso"), "2"): All options with index in [2] are selected on object 'Object Repository/1-OBJECTS TAREAS PRINCIPALES/Modulo Actos Administrativos/Modulo Viáticos/Modificar retroactivos/select_--Seleccione--Nota Reembolso'

2022-06-10 09:24:10 - [MESSAGE][PASSED] - All options with index in [2] are selected on object 'Object Repository/1-OBJECTS TAREAS PRINCIPALES/Modulo Actos Administrativos/Modulo Viáticos/Modificar retroactivos/select_--Seleccione--Nota Reembolso'

2022-06-10 09:24:10 - [TEST_STEP][PASSED] - if (waitForElementClickable(findTestObject("1-OBJECTS TAREAS PRINCIPALES/Modulo Actos Administrativos/Modulo Viáticos/Modificar retroactivos/td_QUINTERO 5 EMPLEADO"), 1)): null

2022-06-10 09:24:11 - [MESSAGE][PASSED] - Object 'Object Repository/1-OBJECTS TAREAS PRINCIPALES/Modulo Actos Administrativos/Modulo Viáticos/Modificar retroactivos/td_QUINTERO 5 EMPLEADO' is clickable

2022-06-10 09:24:11 - [TEST_STEP][PASSED] - click(findTestObject("1-OBJECTS TAREAS PRINCIPALES/Modulo Actos Administrativos/Modulo Viáticos/Modificar retroactivos/td_QUINTERO 5 EMPLEADO")): Object: 'Object Repository/1-OBJECTS TAREAS PRINCIPALES/Modulo Actos Administrativos/Modulo Viáticos/Modificar retroactivos/td_QUINTERO 5 EMPLEADO' is clicked on

2022-06-10 09:24:11 - [MESSAGE][PASSED] - Object: 'Object Repository/1-OBJECTS TAREAS PRINCIPALES/Modulo Actos Administrativos/Modulo Viáticos/Modificar retroactivos/td_QUINTERO 5 EMPLEADO' is clicked on

2022-06-10 09:24:11 - [TEST_STEP][PASSED] - element = findWebElement(findTestObject("1-OBJECTS TAREAS PRINCIPALES/Modulo Actos Administrativos/Modulo Viáticos/Modificar retroactivos/a_Aplicar Reembolso"), 30): null

2022-06-10 09:24:12 - [TEST_STEP][PASSED] - executeJavaScript("arguments[0].click()", Arrays.asList(element)): Execute JavaScript 'arguments[0].click()' successfully

2022-06-10 09:24:12 - [MESSAGE][PASSED] - Execute JavaScript 'arguments[0].click()' successfully

2022-06-10 09:24:12 - [TEST_STEP][PASSED] - closeBrowser(): Browser is closed

2022-06-10 09:24:12 - [MESSAGE][PASSED] - Browser is closed]]></system-out>
         <system-err><![CDATA[]]></system-err>
      </testcase>
      <testcase name="Test Cases/1.1-Tareas Principales/1.6.8 Guardar retroactivo de viáticos" time="97.924" classname="Test Cases/1.1-Tareas Principales/1.6.8 Guardar retroactivo de viáticos" status="FAILED">
         <failure type="FAILED" message="Test Cases/1.1-Tareas Principales/1.6.8 Guardar retroactivo de viáticos FAILED.
Reason:
com.kms.katalon.core.exception.StepFailedException: Unable to click on object 'Object Repository/1-OBJECTS TAREAS PRINCIPALES/Modulo Actos Administrativos/Modulo Viáticos/Guardar retroactivo de viáticos/a_Regresar_guardar'
	at com.kms.katalon.core.webui.keyword.internal.WebUIKeywordMain.stepFailed(WebUIKeywordMain.groovy:64)
	at com.kms.katalon.core.webui.keyword.internal.WebUIKeywordMain.runKeyword(WebUIKeywordMain.groovy:26)
	at com.kms.katalon.core.webui.keyword.builtin.ClickKeyword.click(ClickKeyword.groovy:74)
	at com.kms.katalon.core.webui.keyword.builtin.ClickKeyword.execute(ClickKeyword.groovy:40)
	at com.kms.katalon.core.keyword.internal.KeywordExecutor.executeKeywordForPlatform(KeywordExecutor.groovy:74)
	at com.kms.katalon.core.webui.keyword.WebUiBuiltInKeywords.click(WebUiBuiltInKeywords.groovy:620)
	at com.kms.katalon.core.webui.keyword.WebUiBuiltInKeywords$click$5.call(Unknown Source)
	at 1.6.8 Guardar retroactivo de viáticos.run(1.6.8 Guardar retroactivo de viáticos:79)
	at com.kms.katalon.core.main.ScriptEngine.run(ScriptEngine.java:194)
	at com.kms.katalon.core.main.ScriptEngine.runScriptAsRawText(ScriptEngine.java:119)
	at com.kms.katalon.core.main.TestCaseExecutor.runScript(TestCaseExecutor.java:445)
	at com.kms.katalon.core.main.TestCaseExecutor.doExecute(TestCaseExecutor.java:436)
	at com.kms.katalon.core.main.TestCaseExecutor.processExecutionPhase(TestCaseExecutor.java:415)
	at com.kms.katalon.core.main.TestCaseExecutor.accessMainPhase(TestCaseExecutor.java:407)
	at com.kms.katalon.core.main.TestCaseExecutor.execute(TestCaseExecutor.java:284)
	at com.kms.katalon.core.common.CommonExecutor.accessTestCaseMainPhase(CommonExecutor.java:65)
	at com.kms.katalon.core.main.TestSuiteExecutor.accessTestSuiteMainPhase(TestSuiteExecutor.java:144)
	at com.kms.katalon.core.main.TestSuiteExecutor.execute(TestSuiteExecutor.java:106)
	at com.kms.katalon.core.main.TestCaseMain.startTestSuite(TestCaseMain.java:185)
	at com.kms.katalon.core.main.TestCaseMain$startTestSuite$0.call(Unknown Source)
	at TempTestSuite1654867643956.run(TempTestSuite1654867643956.groovy:36)
Caused by: org.openqa.selenium.ElementClickInterceptedException: element click intercepted: Element &lt;a id=&quot;form_retroactivoViatico:j_idt90:j_idt95&quot; href=&quot;#&quot; class=&quot;ui-commandlink ui-widget&quot; onclick=&quot;PrimeFaces.ab({s:&amp;quot;form_retroactivoViatico:j_idt90:j_idt95&amp;quot;,f:&amp;quot;form_retroactivoViatico&amp;quot;,u:&amp;quot;areaAplicacion&amp;quot;,onco:function(xhr,status,args,data){resizeWindow();;}});return false;&quot;>...&lt;/a> is not clickable at point (160, 295). Other element would receive the click: &lt;div id=&quot;popupErrorDialog:dialog_popupFoto_modal&quot; class=&quot;ui-widget-overlay ui-dialog-mask&quot; style=&quot;z-index: 1011;&quot;>&lt;/div>
  (Session info: chrome=102.0.5005.115)
Build info: version: '3.141.59', revision: 'e82be7d358', time: '2018-11-14T08:25:53'
System info: host: 'US-AF-000371', ip: '192.168.56.1', os.name: 'Windows 10', os.arch: 'amd64', os.version: '10.0', java.version: '1.8.0_282'
Driver info: com.kms.katalon.selenium.driver.CChromeDriver
Capabilities {acceptInsecureCerts: false, browserName: chrome, browserVersion: 102.0.5005.115, chrome: {chromedriverVersion: 101.0.4951.41 (93c720db8323..., userDataDir: C:\Users\DIEGO~1.ROJ\AppDat...}, goog:chromeOptions: {debuggerAddress: localhost:58708}, javascriptEnabled: true, networkConnectionEnabled: false, pageLoadStrategy: normal, platform: WINDOWS, platformName: WINDOWS, proxy: Proxy(), setWindowRect: true, strictFileInteractability: false, timeouts: {implicit: 0, pageLoad: 300000, script: 30000}, unhandledPromptBehavior: dismiss and notify, webauthn:extension:credBlob: true, webauthn:extension:largeBlob: true, webauthn:virtualAuthenticators: true}
Session ID: c1b439ede9759e84bf369e71298c69e5
	at org.openqa.selenium.remote.http.W3CHttpResponseCodec.createException(W3CHttpResponseCodec.java:187)
	at org.openqa.selenium.remote.http.W3CHttpResponseCodec.decode(W3CHttpResponseCodec.java:122)
	at org.openqa.selenium.remote.http.W3CHttpResponseCodec.decode(W3CHttpResponseCodec.java:49)
	at org.openqa.selenium.remote.HttpCommandExecutor.execute(HttpCommandExecutor.java:158)
	at org.openqa.selenium.remote.service.DriverCommandExecutor.execute(DriverCommandExecutor.java:83)
	at org.openqa.selenium.remote.RemoteWebDriver.execute(RemoteWebDriver.java:552)
	at com.kms.katalon.selenium.driver.CChromeDriver.execute(CChromeDriver.java:19)
	at org.openqa.selenium.remote.RemoteWebElement.execute(RemoteWebElement.java:285)
	at org.openqa.selenium.remote.RemoteWebElement.click(RemoteWebElement.java:84)
	at org.openqa.selenium.support.events.EventFiringWebDriver$EventFiringWebElement.lambda$new$0(EventFiringWebDriver.java:404)
	at com.sun.proxy.$Proxy11.click(Unknown Source)
	at org.openqa.selenium.support.events.EventFiringWebDriver$EventFiringWebElement.click(EventFiringWebDriver.java:417)
	at org.openqa.selenium.WebElement$click$0.call(Unknown Source)
	at com.kms.katalon.core.webui.keyword.builtin.ClickKeyword.clickUntilSuccessWithTimeout(ClickKeyword.groovy:81)
	at com.kms.katalon.core.webui.keyword.builtin.ClickKeyword.clickUntilSuccessWithTimeout(ClickKeyword.groovy)
	at com.kms.katalon.core.webui.keyword.builtin.ClickKeyword$_click_closure1.doCall(ClickKeyword.groovy:67)
	at com.kms.katalon.core.webui.keyword.builtin.ClickKeyword$_click_closure1.call(ClickKeyword.groovy)
	at com.kms.katalon.core.webui.keyword.internal.WebUIKeywordMain.runKeyword(WebUIKeywordMain.groovy:20)
	... 19 more
"/>
         <system-out><![CDATA[2022-06-10 09:24:12 - [TEST_CASE][FAILED] - Test Cases/1.1-Tareas Principales/1.6.8 Guardar retroactivo de viáticos: Test Cases/1.1-Tareas Principales/1.6.8 Guardar retroactivo de viáticos FAILED.
Reason:
com.kms.katalon.core.exception.StepFailedException: Unable to click on object 'Object Repository/1-OBJECTS TAREAS PRINCIPALES/Modulo Actos Administrativos/Modulo Viáticos/Guardar retroactivo de viáticos/a_Regresar_guardar'
	at com.kms.katalon.core.webui.keyword.internal.WebUIKeywordMain.stepFailed(WebUIKeywordMain.groovy:64)
	at com.kms.katalon.core.webui.keyword.internal.WebUIKeywordMain.runKeyword(WebUIKeywordMain.groovy:26)
	at com.kms.katalon.core.webui.keyword.builtin.ClickKeyword.click(ClickKeyword.groovy:74)
	at com.kms.katalon.core.webui.keyword.builtin.ClickKeyword.execute(ClickKeyword.groovy:40)
	at com.kms.katalon.core.keyword.internal.KeywordExecutor.executeKeywordForPlatform(KeywordExecutor.groovy:74)
	at com.kms.katalon.core.webui.keyword.WebUiBuiltInKeywords.click(WebUiBuiltInKeywords.groovy:620)
	at com.kms.katalon.core.webui.keyword.WebUiBuiltInKeywords$click$5.call(Unknown Source)
	at 1.6.8 Guardar retroactivo de viáticos.run(1.6.8 Guardar retroactivo de viáticos:79)
	at com.kms.katalon.core.main.ScriptEngine.run(ScriptEngine.java:194)
	at com.kms.katalon.core.main.ScriptEngine.runScriptAsRawText(ScriptEngine.java:119)
	at com.kms.katalon.core.main.TestCaseExecutor.runScript(TestCaseExecutor.java:445)
	at com.kms.katalon.core.main.TestCaseExecutor.doExecute(TestCaseExecutor.java:436)
	at com.kms.katalon.core.main.TestCaseExecutor.processExecutionPhase(TestCaseExecutor.java:415)
	at com.kms.katalon.core.main.TestCaseExecutor.accessMainPhase(TestCaseExecutor.java:407)
	at com.kms.katalon.core.main.TestCaseExecutor.execute(TestCaseExecutor.java:284)
	at com.kms.katalon.core.common.CommonExecutor.accessTestCaseMainPhase(CommonExecutor.java:65)
	at com.kms.katalon.core.main.TestSuiteExecutor.accessTestSuiteMainPhase(TestSuiteExecutor.java:144)
	at com.kms.katalon.core.main.TestSuiteExecutor.execute(TestSuiteExecutor.java:106)
	at com.kms.katalon.core.main.TestCaseMain.startTestSuite(TestCaseMain.java:185)
	at com.kms.katalon.core.main.TestCaseMain$startTestSuite$0.call(Unknown Source)
	at TempTestSuite1654867643956.run(TempTestSuite1654867643956.groovy:36)
Caused by: org.openqa.selenium.ElementClickInterceptedException: element click intercepted: Element <a id="form_retroactivoViatico:j_idt90:j_idt95" href="#" class="ui-commandlink ui-widget" onclick="PrimeFaces.ab({s:&quot;form_retroactivoViatico:j_idt90:j_idt95&quot;,f:&quot;form_retroactivoViatico&quot;,u:&quot;areaAplicacion&quot;,onco:function(xhr,status,args,data){resizeWindow();;}});return false;">...</a> is not clickable at point (160, 295). Other element would receive the click: <div id="popupErrorDialog:dialog_popupFoto_modal" class="ui-widget-overlay ui-dialog-mask" style="z-index: 1011;"></div>
  (Session info: chrome=102.0.5005.115)
Build info: version: '3.141.59', revision: 'e82be7d358', time: '2018-11-14T08:25:53'
System info: host: 'US-AF-000371', ip: '192.168.56.1', os.name: 'Windows 10', os.arch: 'amd64', os.version: '10.0', java.version: '1.8.0_282'
Driver info: com.kms.katalon.selenium.driver.CChromeDriver
Capabilities {acceptInsecureCerts: false, browserName: chrome, browserVersion: 102.0.5005.115, chrome: {chromedriverVersion: 101.0.4951.41 (93c720db8323..., userDataDir: C:\Users\DIEGO~1.ROJ\AppDat...}, goog:chromeOptions: {debuggerAddress: localhost:58708}, javascriptEnabled: true, networkConnectionEnabled: false, pageLoadStrategy: normal, platform: WINDOWS, platformName: WINDOWS, proxy: Proxy(), setWindowRect: true, strictFileInteractability: false, timeouts: {implicit: 0, pageLoad: 300000, script: 30000}, unhandledPromptBehavior: dismiss and notify, webauthn:extension:credBlob: true, webauthn:extension:largeBlob: true, webauthn:virtualAuthenticators: true}
Session ID: c1b439ede9759e84bf369e71298c69e5
	at org.openqa.selenium.remote.http.W3CHttpResponseCodec.createException(W3CHttpResponseCodec.java:187)
	at org.openqa.selenium.remote.http.W3CHttpResponseCodec.decode(W3CHttpResponseCodec.java:122)
	at org.openqa.selenium.remote.http.W3CHttpResponseCodec.decode(W3CHttpResponseCodec.java:49)
	at org.openqa.selenium.remote.HttpCommandExecutor.execute(HttpCommandExecutor.java:158)
	at org.openqa.selenium.remote.service.DriverCommandExecutor.execute(DriverCommandExecutor.java:83)
	at org.openqa.selenium.remote.RemoteWebDriver.execute(RemoteWebDriver.java:552)
	at com.kms.katalon.selenium.driver.CChromeDriver.execute(CChromeDriver.java:19)
	at org.openqa.selenium.remote.RemoteWebElement.execute(RemoteWebElement.java:285)
	at org.openqa.selenium.remote.RemoteWebElement.click(RemoteWebElement.java:84)
	at org.openqa.selenium.support.events.EventFiringWebDriver$EventFiringWebElement.lambda$new$0(EventFiringWebDriver.java:404)
	at com.sun.proxy.$Proxy11.click(Unknown Source)
	at org.openqa.selenium.support.events.EventFiringWebDriver$EventFiringWebElement.click(EventFiringWebDriver.java:417)
	at org.openqa.selenium.WebElement$click$0.call(Unknown Source)
	at com.kms.katalon.core.webui.keyword.builtin.ClickKeyword.clickUntilSuccessWithTimeout(ClickKeyword.groovy:81)
	at com.kms.katalon.core.webui.keyword.builtin.ClickKeyword.clickUntilSuccessWithTimeout(ClickKeyword.groovy)
	at com.kms.katalon.core.webui.keyword.builtin.ClickKeyword$_click_closure1.doCall(ClickKeyword.groovy:67)
	at com.kms.katalon.core.webui.keyword.builtin.ClickKeyword$_click_closure1.call(ClickKeyword.groovy)
	at com.kms.katalon.core.webui.keyword.internal.WebUIKeywordMain.runKeyword(WebUIKeywordMain.groovy:20)
	... 19 more


2022-06-10 09:24:13 - [TEST_STEP][PASSED] - callTestCase(findTestCase("0.1-Login"), [:], STOP_ON_FAILURE): Call Test Case 'Test Cases/0.1-Login' successfully

2022-06-10 09:24:13 - [TEST_CASE][PASSED] - Test Cases/0.1-Login: Test Cases/0.1-Login

2022-06-10 09:24:13 - [TEST_STEP][PASSED] - openBrowser(""): Browser is opened with url: ''

2022-06-10 09:24:13 - [MESSAGE][INFO] - Starting 'Chrome' driver

2022-06-10 09:24:13 - [MESSAGE][INFO] - Action delay is set to 0 milliseconds

2022-06-10 09:24:14 - [MESSAGE][PASSED] - Browser is opened with url: ''

2022-06-10 09:24:14 - [TEST_STEP][PASSED] - maximizeWindow(): Current window maximized

2022-06-10 09:24:14 - [MESSAGE][PASSED] - Current window maximized

2022-06-10 09:24:14 - [TEST_STEP][PASSED] - i = G_Login: null

2022-06-10 09:24:14 - [TEST_STEP][PASSED] - url = new java.net.URL(i): null

2022-06-10 09:24:14 - [TEST_STEP][PASSED] - println("URL: " + url.toString()): null

2022-06-10 09:24:14 - [TEST_STEP][PASSED] - connection = url.openConnection(): null

2022-06-10 09:24:14 - [TEST_STEP][PASSED] - connection.setRequestMethod("GET"): null

2022-06-10 09:24:14 - [TEST_STEP][PASSED] - connection.setReadTimeout(2 * 1000): null

2022-06-10 09:24:14 - [TEST_STEP][PASSED] - try: null

2022-06-10 09:24:14 - [TEST_STEP][PASSED] - connection.connect(): null

2022-06-10 09:24:14 - [TEST_STEP][PASSED] - flag = connected: null

2022-06-10 09:24:14 - [TEST_STEP][PASSED] - println("Valor_ori: " + flag): null

2022-06-10 09:24:14 - [TEST_STEP][PASSED] - if (flag): null

2022-06-10 09:24:14 - [TEST_STEP][PASSED] - navigateToUrl(i): Navigate to 'http://192.168.2.19:8380/saraweb' successfully

2022-06-10 09:24:15 - [MESSAGE][PASSED] - Navigate to 'http://192.168.2.19:8380/saraweb' successfully

2022-06-10 09:24:15 - [TEST_STEP][PASSED] - a(): null

2022-06-10 09:24:15 - [TEST_STEP][PASSED] - setText(findTestObject("3-OBJECTS UTILIDADES/Login/input_USUARIO_loginusuario"), G_Usuario): Text 'saraadmin' is set on object 'Object Repository/3-OBJECTS UTILIDADES/Login/input_USUARIO_loginusuario'

2022-06-10 09:24:15 - [MESSAGE][PASSED] - Text 'saraadmin' is set on object 'Object Repository/3-OBJECTS UTILIDADES/Login/input_USUARIO_loginusuario'

2022-06-10 09:24:15 - [TEST_STEP][PASSED] - setEncryptedText(findTestObject("3-OBJECTS UTILIDADES/Login/input_CLAVE_loginpassword"), "MkG4/TYiCFC3cb2driP7+Q=="): Text ****** has been set on object 'Object Repository/3-OBJECTS UTILIDADES/Login/input_CLAVE_loginpassword'

2022-06-10 09:24:16 - [MESSAGE][PASSED] - Text ****** has been set on object 'Object Repository/3-OBJECTS UTILIDADES/Login/input_CLAVE_loginpassword'

2022-06-10 09:24:16 - [TEST_STEP][PASSED] - waitForElementClickable(findTestObject("3-OBJECTS UTILIDADES/Login/a_Ingresar"), G_TimeOut): Object 'Object Repository/3-OBJECTS UTILIDADES/Login/a_Ingresar' is clickable

2022-06-10 09:24:16 - [MESSAGE][PASSED] - Object 'Object Repository/3-OBJECTS UTILIDADES/Login/a_Ingresar' is clickable

2022-06-10 09:24:16 - [TEST_STEP][PASSED] - click(findTestObject("3-OBJECTS UTILIDADES/Login/a_Ingresar")): Object: 'Object Repository/3-OBJECTS UTILIDADES/Login/a_Ingresar' is clicked on

2022-06-10 09:24:17 - [MESSAGE][PASSED] - Object: 'Object Repository/3-OBJECTS UTILIDADES/Login/a_Ingresar' is clicked on

2022-06-10 09:24:17 - [TEST_STEP][PASSED] - element = findWebElement(findTestObject("3-OBJECTS UTILIDADES/Login/a_Ir"), 30): null

2022-06-10 09:24:17 - [TEST_STEP][PASSED] - executeJavaScript("arguments[0].click()", Arrays.asList(element)): Execute JavaScript 'arguments[0].click()' successfully

2022-06-10 09:24:17 - [MESSAGE][PASSED] - Execute JavaScript 'arguments[0].click()' successfully

2022-06-10 09:24:17 - [MESSAGE][PASSED] - Call Test Case 'Test Cases/0.1-Login' successfully

2022-06-10 09:24:17 - [TEST_STEP][PASSED] - waitForElementClickable(findTestObject("1-OBJECTS TAREAS PRINCIPALES/Modulo Actos Administrativos/Modulo Viáticos/Guardar retroactivo de viáticos/input_ADMINISTRADOR DEL SISTEMA - SARA_form_templatej_idt24_input"), 0): Object 'Object Repository/1-OBJECTS TAREAS PRINCIPALES/Modulo Actos Administrativos/Modulo Viáticos/Guardar retroactivo de viáticos/input_ADMINISTRADOR DEL SISTEMA - SARA_form_templatej_idt24_input' is clickable

2022-06-10 09:24:17 - [MESSAGE][WARNING] - Timeout '0' is invalid. Using default page load timeout: '37'

2022-06-10 09:24:18 - [MESSAGE][PASSED] - Object 'Object Repository/1-OBJECTS TAREAS PRINCIPALES/Modulo Actos Administrativos/Modulo Viáticos/Guardar retroactivo de viáticos/input_ADMINISTRADOR DEL SISTEMA - SARA_form_templatej_idt24_input' is clickable

2022-06-10 09:24:18 - [TEST_STEP][PASSED] - setText(findTestObject("1-OBJECTS TAREAS PRINCIPALES/Modulo Actos Administrativos/Modulo Viáticos/Guardar retroactivo de viáticos/input_ADMINISTRADOR DEL SISTEMA - SARA_form_templatej_idt24_input"), "listado de viaticos"): Text 'listado de viaticos' is set on object 'Object Repository/1-OBJECTS TAREAS PRINCIPALES/Modulo Actos Administrativos/Modulo Viáticos/Guardar retroactivo de viáticos/input_ADMINISTRADOR DEL SISTEMA - SARA_form_templatej_idt24_input'

2022-06-10 09:24:19 - [MESSAGE][PASSED] - Text 'listado de viaticos' is set on object 'Object Repository/1-OBJECTS TAREAS PRINCIPALES/Modulo Actos Administrativos/Modulo Viáticos/Guardar retroactivo de viáticos/input_ADMINISTRADOR DEL SISTEMA - SARA_form_templatej_idt24_input'

2022-06-10 09:24:19 - [TEST_STEP][PASSED] - waitForElementClickable(findTestObject("1-OBJECTS TAREAS PRINCIPALES/Modulo Actos Administrativos/Modulo Viáticos/Guardar retroactivo de viáticos/li_Listado de Viaticos (act)"), 0): Object 'Object Repository/1-OBJECTS TAREAS PRINCIPALES/Modulo Actos Administrativos/Modulo Viáticos/Guardar retroactivo de viáticos/li_Listado de Viaticos (act)' is clickable

2022-06-10 09:24:19 - [MESSAGE][WARNING] - Timeout '0' is invalid. Using default page load timeout: '37'

2022-06-10 09:24:20 - [MESSAGE][PASSED] - Object 'Object Repository/1-OBJECTS TAREAS PRINCIPALES/Modulo Actos Administrativos/Modulo Viáticos/Guardar retroactivo de viáticos/li_Listado de Viaticos (act)' is clickable

2022-06-10 09:24:20 - [TEST_STEP][PASSED] - sendKeys(findTestObject("1-OBJECTS TAREAS PRINCIPALES/Modulo Actos Administrativos/Modulo Viáticos/Guardar retroactivo de viáticos/input_ADMINISTRADOR DEL SISTEMA - SARA_form_templatej_idt24_input"), Keys.chord(ENTER)): Keys 'ENTER + ' sent to object: 'Object Repository/1-OBJECTS TAREAS PRINCIPALES/Modulo Actos Administrativos/Modulo Viáticos/Guardar retroactivo de viáticos/input_ADMINISTRADOR DEL SISTEMA - SARA_form_templatej_idt24_input'

2022-06-10 09:24:21 - [MESSAGE][PASSED] - Keys 'ENTER + ' sent to object: 'Object Repository/1-OBJECTS TAREAS PRINCIPALES/Modulo Actos Administrativos/Modulo Viáticos/Guardar retroactivo de viáticos/input_ADMINISTRADOR DEL SISTEMA - SARA_form_templatej_idt24_input'

2022-06-10 09:24:21 - [TEST_STEP][PASSED] - waitForElementClickable(findTestObject("1-OBJECTS TAREAS PRINCIPALES/Modulo Actos Administrativos/Modulo Viáticos/Guardar retroactivo de viáticos/a_Listado Costos Pendientes_cerrar_menu_guardar"), 0): Object 'Object Repository/1-OBJECTS TAREAS PRINCIPALES/Modulo Actos Administrativos/Modulo Viáticos/Guardar retroactivo de viáticos/a_Listado Costos Pendientes_cerrar_menu_guardar' is clickable

2022-06-10 09:24:21 - [MESSAGE][WARNING] - Timeout '0' is invalid. Using default page load timeout: '37'

2022-06-10 09:24:22 - [MESSAGE][PASSED] - Object 'Object Repository/1-OBJECTS TAREAS PRINCIPALES/Modulo Actos Administrativos/Modulo Viáticos/Guardar retroactivo de viáticos/a_Listado Costos Pendientes_cerrar_menu_guardar' is clickable

2022-06-10 09:24:22 - [TEST_STEP][PASSED] - click(findTestObject("1-OBJECTS TAREAS PRINCIPALES/Modulo Actos Administrativos/Modulo Viáticos/Guardar retroactivo de viáticos/a_Listado Costos Pendientes_cerrar_menu_guardar")): Object: 'Object Repository/1-OBJECTS TAREAS PRINCIPALES/Modulo Actos Administrativos/Modulo Viáticos/Guardar retroactivo de viáticos/a_Listado Costos Pendientes_cerrar_menu_guardar' is clicked on

2022-06-10 09:24:22 - [MESSAGE][PASSED] - Object: 'Object Repository/1-OBJECTS TAREAS PRINCIPALES/Modulo Actos Administrativos/Modulo Viáticos/Guardar retroactivo de viáticos/a_Listado Costos Pendientes_cerrar_menu_guardar' is clicked on

2022-06-10 09:24:22 - [TEST_STEP][PASSED] - setText(findTestObject("1-OBJECTS TAREAS PRINCIPALES/Modulo Actos Administrativos/Modulo Viáticos/Guardar retroactivo de viáticos/input_ADMINISTRADOR DEL SISTEMA - SARA_form_templatej_idt24_input"), "Retroactivo viaticos"): Text 'Retroactivo viaticos' is set on object 'Object Repository/1-OBJECTS TAREAS PRINCIPALES/Modulo Actos Administrativos/Modulo Viáticos/Guardar retroactivo de viáticos/input_ADMINISTRADOR DEL SISTEMA - SARA_form_templatej_idt24_input'

2022-06-10 09:24:23 - [MESSAGE][PASSED] - Text 'Retroactivo viaticos' is set on object 'Object Repository/1-OBJECTS TAREAS PRINCIPALES/Modulo Actos Administrativos/Modulo Viáticos/Guardar retroactivo de viáticos/input_ADMINISTRADOR DEL SISTEMA - SARA_form_templatej_idt24_input'

2022-06-10 09:24:23 - [TEST_STEP][PASSED] - click(findTestObject("1-OBJECTS TAREAS PRINCIPALES/Modulo Actos Administrativos/Modulo Viáticos/Guardar retroactivo de viáticos/span_Retroactivo Viaticos")): Object: 'Object Repository/1-OBJECTS TAREAS PRINCIPALES/Modulo Actos Administrativos/Modulo Viáticos/Guardar retroactivo de viáticos/span_Retroactivo Viaticos' is clicked on

2022-06-10 09:24:24 - [MESSAGE][PASSED] - Object: 'Object Repository/1-OBJECTS TAREAS PRINCIPALES/Modulo Actos Administrativos/Modulo Viáticos/Guardar retroactivo de viáticos/span_Retroactivo Viaticos' is clicked on

2022-06-10 09:24:24 - [TEST_STEP][PASSED] - waitForElementVisible(findTestObject("1-OBJECTS TAREAS PRINCIPALES/Modulo Actos Administrativos/Modulo Viáticos/Guardar retroactivo de viáticos/span_Retroactivo Viaticos"), 0): Web element with id: 'Object Repository/1-OBJECTS TAREAS PRINCIPALES/Modulo Actos Administrativos/Modulo Viáticos/Guardar retroactivo de viáticos/span_Retroactivo Viaticos' located by '//span/ul/li/span' not found

2022-06-10 09:24:25 - [MESSAGE][WARNING] - Timeout '0' is invalid. Using default page load timeout: '37'

2022-06-10 09:25:03 - [MESSAGE][INFO] - Unable to find the element located by 'By.xpath: //span/ul/li/span'. Please recheck the objects properties to make sure the desired element is located. 

2022-06-10 09:25:03 - [MESSAGE][WARNING] - Web element with id: 'Object Repository/1-OBJECTS TAREAS PRINCIPALES/Modulo Actos Administrativos/Modulo Viáticos/Guardar retroactivo de viáticos/span_Retroactivo Viaticos' located by '//span/ul/li/span' not found

2022-06-10 09:25:03 - [TEST_STEP][PASSED] - waitForElementClickable(findTestObject("1-OBJECTS TAREAS PRINCIPALES/Modulo Actos Administrativos/Modulo Viáticos/Guardar retroactivo de viáticos/a_Nuevo_Guardar"), 0): Object 'Object Repository/1-OBJECTS TAREAS PRINCIPALES/Modulo Actos Administrativos/Modulo Viáticos/Guardar retroactivo de viáticos/a_Nuevo_Guardar' is clickable

2022-06-10 09:25:03 - [MESSAGE][WARNING] - Timeout '0' is invalid. Using default page load timeout: '37'

2022-06-10 09:25:03 - [MESSAGE][PASSED] - Object 'Object Repository/1-OBJECTS TAREAS PRINCIPALES/Modulo Actos Administrativos/Modulo Viáticos/Guardar retroactivo de viáticos/a_Nuevo_Guardar' is clickable

2022-06-10 09:25:03 - [TEST_STEP][PASSED] - click(findTestObject("1-OBJECTS TAREAS PRINCIPALES/Modulo Actos Administrativos/Modulo Viáticos/Guardar retroactivo de viáticos/a_Nuevo_Guardar")): Object: 'Object Repository/1-OBJECTS TAREAS PRINCIPALES/Modulo Actos Administrativos/Modulo Viáticos/Guardar retroactivo de viáticos/a_Nuevo_Guardar' is clicked on

2022-06-10 09:25:03 - [MESSAGE][PASSED] - Object: 'Object Repository/1-OBJECTS TAREAS PRINCIPALES/Modulo Actos Administrativos/Modulo Viáticos/Guardar retroactivo de viáticos/a_Nuevo_Guardar' is clicked on

2022-06-10 09:25:03 - [TEST_STEP][PASSED] - waitForElementClickable(findTestObject("1-OBJECTS TAREAS PRINCIPALES/Modulo Actos Administrativos/Modulo Viáticos/Guardar retroactivo de viáticos/input_Aplicacin_Guardar"), 0): Object 'Object Repository/1-OBJECTS TAREAS PRINCIPALES/Modulo Actos Administrativos/Modulo Viáticos/Guardar retroactivo de viáticos/input_Aplicacin_Guardar' is clickable

2022-06-10 09:25:03 - [MESSAGE][WARNING] - Timeout '0' is invalid. Using default page load timeout: '37'

2022-06-10 09:25:04 - [MESSAGE][PASSED] - Object 'Object Repository/1-OBJECTS TAREAS PRINCIPALES/Modulo Actos Administrativos/Modulo Viáticos/Guardar retroactivo de viáticos/input_Aplicacin_Guardar' is clickable

2022-06-10 09:25:04 - [TEST_STEP][PASSED] - setText(findTestObject("1-OBJECTS TAREAS PRINCIPALES/Modulo Actos Administrativos/Modulo Viáticos/Guardar retroactivo de viáticos/input_Aplicacin_Guardar"), "01/07/2021"): Text '01/07/2021' is set on object 'Object Repository/1-OBJECTS TAREAS PRINCIPALES/Modulo Actos Administrativos/Modulo Viáticos/Guardar retroactivo de viáticos/input_Aplicacin_Guardar'

2022-06-10 09:25:05 - [MESSAGE][PASSED] - Text '01/07/2021' is set on object 'Object Repository/1-OBJECTS TAREAS PRINCIPALES/Modulo Actos Administrativos/Modulo Viáticos/Guardar retroactivo de viáticos/input_Aplicacin_Guardar'

2022-06-10 09:25:05 - [TEST_STEP][PASSED] - setText(findTestObject("1-OBJECTS TAREAS PRINCIPALES/Modulo Actos Administrativos/Modulo Viáticos/Guardar retroactivo de viáticos/input_Desde_Guardar"), "01/07/2021"): Text '01/07/2021' is set on object 'Object Repository/1-OBJECTS TAREAS PRINCIPALES/Modulo Actos Administrativos/Modulo Viáticos/Guardar retroactivo de viáticos/input_Desde_Guardar'

2022-06-10 09:25:06 - [MESSAGE][PASSED] - Text '01/07/2021' is set on object 'Object Repository/1-OBJECTS TAREAS PRINCIPALES/Modulo Actos Administrativos/Modulo Viáticos/Guardar retroactivo de viáticos/input_Desde_Guardar'

2022-06-10 09:25:06 - [TEST_STEP][PASSED] - setText(findTestObject("1-OBJECTS TAREAS PRINCIPALES/Modulo Actos Administrativos/Modulo Viáticos/Guardar retroactivo de viáticos/input_Hasta_Guardar"), "01/07/2021"): Text '01/07/2021' is set on object 'Object Repository/1-OBJECTS TAREAS PRINCIPALES/Modulo Actos Administrativos/Modulo Viáticos/Guardar retroactivo de viáticos/input_Hasta_Guardar'

2022-06-10 09:25:07 - [MESSAGE][PASSED] - Text '01/07/2021' is set on object 'Object Repository/1-OBJECTS TAREAS PRINCIPALES/Modulo Actos Administrativos/Modulo Viáticos/Guardar retroactivo de viáticos/input_Hasta_Guardar'

2022-06-10 09:25:07 - [TEST_STEP][PASSED] - setText(findTestObject("1-OBJECTS TAREAS PRINCIPALES/Modulo Actos Administrativos/Modulo Viáticos/Guardar retroactivo de viáticos/input_Descripcin_Guardar"), "prueba"): Text 'prueba' is set on object 'Object Repository/1-OBJECTS TAREAS PRINCIPALES/Modulo Actos Administrativos/Modulo Viáticos/Guardar retroactivo de viáticos/input_Descripcin_Guardar'

2022-06-10 09:25:08 - [MESSAGE][PASSED] - Text 'prueba' is set on object 'Object Repository/1-OBJECTS TAREAS PRINCIPALES/Modulo Actos Administrativos/Modulo Viáticos/Guardar retroactivo de viáticos/input_Descripcin_Guardar'

2022-06-10 09:25:08 - [TEST_STEP][PASSED] - click(findTestObject("1-OBJECTS TAREAS PRINCIPALES/Modulo Actos Administrativos/Modulo Viáticos/Guardar retroactivo de viáticos/a_Guardar_guardar")): Object: 'Object Repository/1-OBJECTS TAREAS PRINCIPALES/Modulo Actos Administrativos/Modulo Viáticos/Guardar retroactivo de viáticos/a_Guardar_guardar' is clicked on

2022-06-10 09:25:08 - [MESSAGE][PASSED] - Object: 'Object Repository/1-OBJECTS TAREAS PRINCIPALES/Modulo Actos Administrativos/Modulo Viáticos/Guardar retroactivo de viáticos/a_Guardar_guardar' is clicked on

2022-06-10 09:25:08 - [TEST_STEP][PASSED] - waitForElementClickable(findTestObject("1-OBJECTS TAREAS PRINCIPALES/Modulo Actos Administrativos/Modulo Viáticos/Guardar retroactivo de viáticos/a_Liquidacin_Guardar"), 0): Object 'Object Repository/1-OBJECTS TAREAS PRINCIPALES/Modulo Actos Administrativos/Modulo Viáticos/Guardar retroactivo de viáticos/a_Liquidacin_Guardar' is clickable

2022-06-10 09:25:08 - [MESSAGE][WARNING] - Timeout '0' is invalid. Using default page load timeout: '37'

2022-06-10 09:25:09 - [MESSAGE][PASSED] - Object 'Object Repository/1-OBJECTS TAREAS PRINCIPALES/Modulo Actos Administrativos/Modulo Viáticos/Guardar retroactivo de viáticos/a_Liquidacin_Guardar' is clickable

2022-06-10 09:25:09 - [TEST_STEP][PASSED] - click(findTestObject("1-OBJECTS TAREAS PRINCIPALES/Modulo Actos Administrativos/Modulo Viáticos/Guardar retroactivo de viáticos/a_Liquidacin_Guardar")): Object: 'Object Repository/1-OBJECTS TAREAS PRINCIPALES/Modulo Actos Administrativos/Modulo Viáticos/Guardar retroactivo de viáticos/a_Liquidacin_Guardar' is clicked on

2022-06-10 09:25:09 - [MESSAGE][PASSED] - Object: 'Object Repository/1-OBJECTS TAREAS PRINCIPALES/Modulo Actos Administrativos/Modulo Viáticos/Guardar retroactivo de viáticos/a_Liquidacin_Guardar' is clicked on

2022-06-10 09:25:09 - [TEST_STEP][PASSED] - click(findTestObject("1-OBJECTS TAREAS PRINCIPALES/Modulo Actos Administrativos/Modulo Viáticos/Guardar retroactivo de viáticos/span_Si_Guardar")): Object: 'Object Repository/1-OBJECTS TAREAS PRINCIPALES/Modulo Actos Administrativos/Modulo Viáticos/Guardar retroactivo de viáticos/span_Si_Guardar' is clicked on

2022-06-10 09:25:10 - [MESSAGE][PASSED] - Object: 'Object Repository/1-OBJECTS TAREAS PRINCIPALES/Modulo Actos Administrativos/Modulo Viáticos/Guardar retroactivo de viáticos/span_Si_Guardar' is clicked on

2022-06-10 09:25:10 - [TEST_STEP][PASSED] - waitForElementClickable(findTestObject("1-OBJECTS TAREAS PRINCIPALES/Modulo Actos Administrativos/Modulo Viáticos/Guardar retroactivo de viáticos/a_Regresar_guardar"), 0): Object 'Object Repository/1-OBJECTS TAREAS PRINCIPALES/Modulo Actos Administrativos/Modulo Viáticos/Guardar retroactivo de viáticos/a_Regresar_guardar' is clickable

2022-06-10 09:25:10 - [MESSAGE][WARNING] - Timeout '0' is invalid. Using default page load timeout: '37'

2022-06-10 09:25:11 - [MESSAGE][PASSED] - Object 'Object Repository/1-OBJECTS TAREAS PRINCIPALES/Modulo Actos Administrativos/Modulo Viáticos/Guardar retroactivo de viáticos/a_Regresar_guardar' is clickable

2022-06-10 09:25:11 - [TEST_STEP][FAILED] - click(findTestObject("1-OBJECTS TAREAS PRINCIPALES/Modulo Actos Administrativos/Modulo Viáticos/Guardar retroactivo de viáticos/a_Regresar_guardar")): Unable to click on object 'Object Repository/1-OBJECTS TAREAS PRINCIPALES/Modulo Actos Administrativos/Modulo Viáticos/Guardar retroactivo de viáticos/a_Regresar_guardar' (Root cause: com.kms.katalon.core.exception.StepFailedException: Unable to click on object 'Object Repository/1-OBJECTS TAREAS PRINCIPALES/Modulo Actos Administrativos/Modulo Viáticos/Guardar retroactivo de viáticos/a_Regresar_guardar'
	at com.kms.katalon.core.webui.keyword.internal.WebUIKeywordMain.stepFailed(WebUIKeywordMain.groovy:64)
	at com.kms.katalon.core.webui.keyword.internal.WebUIKeywordMain.runKeyword(WebUIKeywordMain.groovy:26)
	at com.kms.katalon.core.webui.keyword.builtin.ClickKeyword.click(ClickKeyword.groovy:74)
	at com.kms.katalon.core.webui.keyword.builtin.ClickKeyword.execute(ClickKeyword.groovy:40)
	at com.kms.katalon.core.keyword.internal.KeywordExecutor.executeKeywordForPlatform(KeywordExecutor.groovy:74)
	at com.kms.katalon.core.webui.keyword.WebUiBuiltInKeywords.click(WebUiBuiltInKeywords.groovy:620)
	at com.kms.katalon.core.webui.keyword.WebUiBuiltInKeywords$click$5.call(Unknown Source)
	at 1.6.8 Guardar retroactivo de viáticos.run(1.6.8 Guardar retroactivo de viáticos:79)
	at com.kms.katalon.core.main.ScriptEngine.run(ScriptEngine.java:194)
	at com.kms.katalon.core.main.ScriptEngine.runScriptAsRawText(ScriptEngine.java:119)
	at com.kms.katalon.core.main.TestCaseExecutor.runScript(TestCaseExecutor.java:445)
	at com.kms.katalon.core.main.TestCaseExecutor.doExecute(TestCaseExecutor.java:436)
	at com.kms.katalon.core.main.TestCaseExecutor.processExecutionPhase(TestCaseExecutor.java:415)
	at com.kms.katalon.core.main.TestCaseExecutor.accessMainPhase(TestCaseExecutor.java:407)
	at com.kms.katalon.core.main.TestCaseExecutor.execute(TestCaseExecutor.java:284)
	at com.kms.katalon.core.common.CommonExecutor.accessTestCaseMainPhase(CommonExecutor.java:65)
	at com.kms.katalon.core.main.TestSuiteExecutor.accessTestSuiteMainPhase(TestSuiteExecutor.java:144)
	at com.kms.katalon.core.main.TestSuiteExecutor.execute(TestSuiteExecutor.java:106)
	at com.kms.katalon.core.main.TestCaseMain.startTestSuite(TestCaseMain.java:185)
	at com.kms.katalon.core.main.TestCaseMain$startTestSuite$0.call(Unknown Source)
	at TempTestSuite1654867643956.run(TempTestSuite1654867643956.groovy:36)
Caused by: org.openqa.selenium.ElementClickInterceptedException: element click intercepted: Element <a id="form_retroactivoViatico:j_idt90:j_idt95" href="#" class="ui-commandlink ui-widget" onclick="PrimeFaces.ab({s:&quot;form_retroactivoViatico:j_idt90:j_idt95&quot;,f:&quot;form_retroactivoViatico&quot;,u:&quot;areaAplicacion&quot;,onco:function(xhr,status,args,data){resizeWindow();;}});return false;">...</a> is not clickable at point (160, 295). Other element would receive the click: <div id="popupErrorDialog:dialog_popupFoto_modal" class="ui-widget-overlay ui-dialog-mask" style="z-index: 1011;"></div>
  (Session info: chrome=102.0.5005.115)
Build info: version: '3.141.59', revision: 'e82be7d358', time: '2018-11-14T08:25:53'
System info: host: 'US-AF-000371', ip: '192.168.56.1', os.name: 'Windows 10', os.arch: 'amd64', os.version: '10.0', java.version: '1.8.0_282'
Driver info: com.kms.katalon.selenium.driver.CChromeDriver
Capabilities {acceptInsecureCerts: false, browserName: chrome, browserVersion: 102.0.5005.115, chrome: {chromedriverVersion: 101.0.4951.41 (93c720db8323..., userDataDir: C:\Users\DIEGO~1.ROJ\AppDat...}, goog:chromeOptions: {debuggerAddress: localhost:58708}, javascriptEnabled: true, networkConnectionEnabled: false, pageLoadStrategy: normal, platform: WINDOWS, platformName: WINDOWS, proxy: Proxy(), setWindowRect: true, strictFileInteractability: false, timeouts: {implicit: 0, pageLoad: 300000, script: 30000}, unhandledPromptBehavior: dismiss and notify, webauthn:extension:credBlob: true, webauthn:extension:largeBlob: true, webauthn:virtualAuthenticators: true}
Session ID: c1b439ede9759e84bf369e71298c69e5
	at org.openqa.selenium.remote.http.W3CHttpResponseCodec.createException(W3CHttpResponseCodec.java:187)
	at org.openqa.selenium.remote.http.W3CHttpResponseCodec.decode(W3CHttpResponseCodec.java:122)
	at org.openqa.selenium.remote.http.W3CHttpResponseCodec.decode(W3CHttpResponseCodec.java:49)
	at org.openqa.selenium.remote.HttpCommandExecutor.execute(HttpCommandExecutor.java:158)
	at org.openqa.selenium.remote.service.DriverCommandExecutor.execute(DriverCommandExecutor.java:83)
	at org.openqa.selenium.remote.RemoteWebDriver.execute(RemoteWebDriver.java:552)
	at com.kms.katalon.selenium.driver.CChromeDriver.execute(CChromeDriver.java:19)
	at org.openqa.selenium.remote.RemoteWebElement.execute(RemoteWebElement.java:285)
	at org.openqa.selenium.remote.RemoteWebElement.click(RemoteWebElement.java:84)
	at org.openqa.selenium.support.events.EventFiringWebDriver$EventFiringWebElement.lambda$new$0(EventFiringWebDriver.java:404)
	at com.sun.proxy.$Proxy11.click(Unknown Source)
	at org.openqa.selenium.support.events.EventFiringWebDriver$EventFiringWebElement.click(EventFiringWebDriver.java:417)
	at org.openqa.selenium.WebElement$click$0.call(Unknown Source)
	at com.kms.katalon.core.webui.keyword.builtin.ClickKeyword.clickUntilSuccessWithTimeout(ClickKeyword.groovy:81)
	at com.kms.katalon.core.webui.keyword.builtin.ClickKeyword.clickUntilSuccessWithTimeout(ClickKeyword.groovy)
	at com.kms.katalon.core.webui.keyword.builtin.ClickKeyword$_click_closure1.doCall(ClickKeyword.groovy:67)
	at com.kms.katalon.core.webui.keyword.builtin.ClickKeyword$_click_closure1.call(ClickKeyword.groovy)
	at com.kms.katalon.core.webui.keyword.internal.WebUIKeywordMain.runKeyword(WebUIKeywordMain.groovy:20)
	at com.kms.katalon.core.webui.keyword.builtin.ClickKeyword.click(ClickKeyword.groovy:74)
	at com.kms.katalon.core.webui.keyword.builtin.ClickKeyword.execute(ClickKeyword.groovy:40)
	at com.kms.katalon.core.keyword.internal.KeywordExecutor.executeKeywordForPlatform(KeywordExecutor.groovy:74)
	at com.kms.katalon.core.webui.keyword.WebUiBuiltInKeywords.click(WebUiBuiltInKeywords.groovy:620)
	at com.kms.katalon.core.webui.keyword.WebUiBuiltInKeywords$click$5.call(Unknown Source)
	at Script1629997363335.run(Script1629997363335.groovy:79)
	... 13 more
)

2022-06-10 09:25:50 - [MESSAGE][FAILED] - Unable to click on object 'Object Repository/1-OBJECTS TAREAS PRINCIPALES/Modulo Actos Administrativos/Modulo Viáticos/Guardar retroactivo de viáticos/a_Regresar_guardar' (Root cause: com.kms.katalon.core.exception.StepFailedException: Unable to click on object 'Object Repository/1-OBJECTS TAREAS PRINCIPALES/Modulo Actos Administrativos/Modulo Viáticos/Guardar retroactivo de viáticos/a_Regresar_guardar'
	at com.kms.katalon.core.webui.keyword.internal.WebUIKeywordMain.stepFailed(WebUIKeywordMain.groovy:64)
	at com.kms.katalon.core.webui.keyword.internal.WebUIKeywordMain.runKeyword(WebUIKeywordMain.groovy:26)
	at com.kms.katalon.core.webui.keyword.builtin.ClickKeyword.click(ClickKeyword.groovy:74)
	at com.kms.katalon.core.webui.keyword.builtin.ClickKeyword.execute(ClickKeyword.groovy:40)
	at com.kms.katalon.core.keyword.internal.KeywordExecutor.executeKeywordForPlatform(KeywordExecutor.groovy:74)
	at com.kms.katalon.core.webui.keyword.WebUiBuiltInKeywords.click(WebUiBuiltInKeywords.groovy:620)
	at com.kms.katalon.core.webui.keyword.WebUiBuiltInKeywords$click$5.call(Unknown Source)
	at 1.6.8 Guardar retroactivo de viáticos.run(1.6.8 Guardar retroactivo de viáticos:79)
	at com.kms.katalon.core.main.ScriptEngine.run(ScriptEngine.java:194)
	at com.kms.katalon.core.main.ScriptEngine.runScriptAsRawText(ScriptEngine.java:119)
	at com.kms.katalon.core.main.TestCaseExecutor.runScript(TestCaseExecutor.java:445)
	at com.kms.katalon.core.main.TestCaseExecutor.doExecute(TestCaseExecutor.java:436)
	at com.kms.katalon.core.main.TestCaseExecutor.processExecutionPhase(TestCaseExecutor.java:415)
	at com.kms.katalon.core.main.TestCaseExecutor.accessMainPhase(TestCaseExecutor.java:407)
	at com.kms.katalon.core.main.TestCaseExecutor.execute(TestCaseExecutor.java:284)
	at com.kms.katalon.core.common.CommonExecutor.accessTestCaseMainPhase(CommonExecutor.java:65)
	at com.kms.katalon.core.main.TestSuiteExecutor.accessTestSuiteMainPhase(TestSuiteExecutor.java:144)
	at com.kms.katalon.core.main.TestSuiteExecutor.execute(TestSuiteExecutor.java:106)
	at com.kms.katalon.core.main.TestCaseMain.startTestSuite(TestCaseMain.java:185)
	at com.kms.katalon.core.main.TestCaseMain$startTestSuite$0.call(Unknown Source)
	at TempTestSuite1654867643956.run(TempTestSuite1654867643956.groovy:36)
Caused by: org.openqa.selenium.ElementClickInterceptedException: element click intercepted: Element <a id="form_retroactivoViatico:j_idt90:j_idt95" href="#" class="ui-commandlink ui-widget" onclick="PrimeFaces.ab({s:&quot;form_retroactivoViatico:j_idt90:j_idt95&quot;,f:&quot;form_retroactivoViatico&quot;,u:&quot;areaAplicacion&quot;,onco:function(xhr,status,args,data){resizeWindow();;}});return false;">...</a> is not clickable at point (160, 295). Other element would receive the click: <div id="popupErrorDialog:dialog_popupFoto_modal" class="ui-widget-overlay ui-dialog-mask" style="z-index: 1011;"></div>
  (Session info: chrome=102.0.5005.115)
Build info: version: '3.141.59', revision: 'e82be7d358', time: '2018-11-14T08:25:53'
System info: host: 'US-AF-000371', ip: '192.168.56.1', os.name: 'Windows 10', os.arch: 'amd64', os.version: '10.0', java.version: '1.8.0_282'
Driver info: com.kms.katalon.selenium.driver.CChromeDriver
Capabilities {acceptInsecureCerts: false, browserName: chrome, browserVersion: 102.0.5005.115, chrome: {chromedriverVersion: 101.0.4951.41 (93c720db8323..., userDataDir: C:\Users\DIEGO~1.ROJ\AppDat...}, goog:chromeOptions: {debuggerAddress: localhost:58708}, javascriptEnabled: true, networkConnectionEnabled: false, pageLoadStrategy: normal, platform: WINDOWS, platformName: WINDOWS, proxy: Proxy(), setWindowRect: true, strictFileInteractability: false, timeouts: {implicit: 0, pageLoad: 300000, script: 30000}, unhandledPromptBehavior: dismiss and notify, webauthn:extension:credBlob: true, webauthn:extension:largeBlob: true, webauthn:virtualAuthenticators: true}
Session ID: c1b439ede9759e84bf369e71298c69e5
	at org.openqa.selenium.remote.http.W3CHttpResponseCodec.createException(W3CHttpResponseCodec.java:187)
	at org.openqa.selenium.remote.http.W3CHttpResponseCodec.decode(W3CHttpResponseCodec.java:122)
	at org.openqa.selenium.remote.http.W3CHttpResponseCodec.decode(W3CHttpResponseCodec.java:49)
	at org.openqa.selenium.remote.HttpCommandExecutor.execute(HttpCommandExecutor.java:158)
	at org.openqa.selenium.remote.service.DriverCommandExecutor.execute(DriverCommandExecutor.java:83)
	at org.openqa.selenium.remote.RemoteWebDriver.execute(RemoteWebDriver.java:552)
	at com.kms.katalon.selenium.driver.CChromeDriver.execute(CChromeDriver.java:19)
	at org.openqa.selenium.remote.RemoteWebElement.execute(RemoteWebElement.java:285)
	at org.openqa.selenium.remote.RemoteWebElement.click(RemoteWebElement.java:84)
	at org.openqa.selenium.support.events.EventFiringWebDriver$EventFiringWebElement.lambda$new$0(EventFiringWebDriver.java:404)
	at com.sun.proxy.$Proxy11.click(Unknown Source)
	at org.openqa.selenium.support.events.EventFiringWebDriver$EventFiringWebElement.click(EventFiringWebDriver.java:417)
	at org.openqa.selenium.WebElement$click$0.call(Unknown Source)
	at com.kms.katalon.core.webui.keyword.builtin.ClickKeyword.clickUntilSuccessWithTimeout(ClickKeyword.groovy:81)
	at com.kms.katalon.core.webui.keyword.builtin.ClickKeyword.clickUntilSuccessWithTimeout(ClickKeyword.groovy)
	at com.kms.katalon.core.webui.keyword.builtin.ClickKeyword$_click_closure1.doCall(ClickKeyword.groovy:67)
	at com.kms.katalon.core.webui.keyword.builtin.ClickKeyword$_click_closure1.call(ClickKeyword.groovy)
	at com.kms.katalon.core.webui.keyword.internal.WebUIKeywordMain.runKeyword(WebUIKeywordMain.groovy:20)
	at com.kms.katalon.core.webui.keyword.builtin.ClickKeyword.click(ClickKeyword.groovy:74)
	at com.kms.katalon.core.webui.keyword.builtin.ClickKeyword.execute(ClickKeyword.groovy:40)
	at com.kms.katalon.core.keyword.internal.KeywordExecutor.executeKeywordForPlatform(KeywordExecutor.groovy:74)
	at com.kms.katalon.core.webui.keyword.WebUiBuiltInKeywords.click(WebUiBuiltInKeywords.groovy:620)
	at com.kms.katalon.core.webui.keyword.WebUiBuiltInKeywords$click$5.call(Unknown Source)
	at Script1629997363335.run(Script1629997363335.groovy:79)
	... 13 more
)
[[ATTACHMENT|C:\\Users\\diego.rojas\\git\\Pruebas-Minimas\\Reports\\20220610_082723\\Test_Suite_Principales\\1-Tareas Principales\\20220610_082723\\1654871150634.png]]]]></system-out>
         <system-err><![CDATA[2022-06-10 09:24:12 - [TEST_CASE][FAILED] - Test Cases/1.1-Tareas Principales/1.6.8 Guardar retroactivo de viáticos: Test Cases/1.1-Tareas Principales/1.6.8 Guardar retroactivo de viáticos FAILED.
Reason:
com.kms.katalon.core.exception.StepFailedException: Unable to click on object 'Object Repository/1-OBJECTS TAREAS PRINCIPALES/Modulo Actos Administrativos/Modulo Viáticos/Guardar retroactivo de viáticos/a_Regresar_guardar'
	at com.kms.katalon.core.webui.keyword.internal.WebUIKeywordMain.stepFailed(WebUIKeywordMain.groovy:64)
	at com.kms.katalon.core.webui.keyword.internal.WebUIKeywordMain.runKeyword(WebUIKeywordMain.groovy:26)
	at com.kms.katalon.core.webui.keyword.builtin.ClickKeyword.click(ClickKeyword.groovy:74)
	at com.kms.katalon.core.webui.keyword.builtin.ClickKeyword.execute(ClickKeyword.groovy:40)
	at com.kms.katalon.core.keyword.internal.KeywordExecutor.executeKeywordForPlatform(KeywordExecutor.groovy:74)
	at com.kms.katalon.core.webui.keyword.WebUiBuiltInKeywords.click(WebUiBuiltInKeywords.groovy:620)
	at com.kms.katalon.core.webui.keyword.WebUiBuiltInKeywords$click$5.call(Unknown Source)
	at 1.6.8 Guardar retroactivo de viáticos.run(1.6.8 Guardar retroactivo de viáticos:79)
	at com.kms.katalon.core.main.ScriptEngine.run(ScriptEngine.java:194)
	at com.kms.katalon.core.main.ScriptEngine.runScriptAsRawText(ScriptEngine.java:119)
	at com.kms.katalon.core.main.TestCaseExecutor.runScript(TestCaseExecutor.java:445)
	at com.kms.katalon.core.main.TestCaseExecutor.doExecute(TestCaseExecutor.java:436)
	at com.kms.katalon.core.main.TestCaseExecutor.processExecutionPhase(TestCaseExecutor.java:415)
	at com.kms.katalon.core.main.TestCaseExecutor.accessMainPhase(TestCaseExecutor.java:407)
	at com.kms.katalon.core.main.TestCaseExecutor.execute(TestCaseExecutor.java:284)
	at com.kms.katalon.core.common.CommonExecutor.accessTestCaseMainPhase(CommonExecutor.java:65)
	at com.kms.katalon.core.main.TestSuiteExecutor.accessTestSuiteMainPhase(TestSuiteExecutor.java:144)
	at com.kms.katalon.core.main.TestSuiteExecutor.execute(TestSuiteExecutor.java:106)
	at com.kms.katalon.core.main.TestCaseMain.startTestSuite(TestCaseMain.java:185)
	at com.kms.katalon.core.main.TestCaseMain$startTestSuite$0.call(Unknown Source)
	at TempTestSuite1654867643956.run(TempTestSuite1654867643956.groovy:36)
Caused by: org.openqa.selenium.ElementClickInterceptedException: element click intercepted: Element <a id="form_retroactivoViatico:j_idt90:j_idt95" href="#" class="ui-commandlink ui-widget" onclick="PrimeFaces.ab({s:&quot;form_retroactivoViatico:j_idt90:j_idt95&quot;,f:&quot;form_retroactivoViatico&quot;,u:&quot;areaAplicacion&quot;,onco:function(xhr,status,args,data){resizeWindow();;}});return false;">...</a> is not clickable at point (160, 295). Other element would receive the click: <div id="popupErrorDialog:dialog_popupFoto_modal" class="ui-widget-overlay ui-dialog-mask" style="z-index: 1011;"></div>
  (Session info: chrome=102.0.5005.115)
Build info: version: '3.141.59', revision: 'e82be7d358', time: '2018-11-14T08:25:53'
System info: host: 'US-AF-000371', ip: '192.168.56.1', os.name: 'Windows 10', os.arch: 'amd64', os.version: '10.0', java.version: '1.8.0_282'
Driver info: com.kms.katalon.selenium.driver.CChromeDriver
Capabilities {acceptInsecureCerts: false, browserName: chrome, browserVersion: 102.0.5005.115, chrome: {chromedriverVersion: 101.0.4951.41 (93c720db8323..., userDataDir: C:\Users\DIEGO~1.ROJ\AppDat...}, goog:chromeOptions: {debuggerAddress: localhost:58708}, javascriptEnabled: true, networkConnectionEnabled: false, pageLoadStrategy: normal, platform: WINDOWS, platformName: WINDOWS, proxy: Proxy(), setWindowRect: true, strictFileInteractability: false, timeouts: {implicit: 0, pageLoad: 300000, script: 30000}, unhandledPromptBehavior: dismiss and notify, webauthn:extension:credBlob: true, webauthn:extension:largeBlob: true, webauthn:virtualAuthenticators: true}
Session ID: c1b439ede9759e84bf369e71298c69e5
	at org.openqa.selenium.remote.http.W3CHttpResponseCodec.createException(W3CHttpResponseCodec.java:187)
	at org.openqa.selenium.remote.http.W3CHttpResponseCodec.decode(W3CHttpResponseCodec.java:122)
	at org.openqa.selenium.remote.http.W3CHttpResponseCodec.decode(W3CHttpResponseCodec.java:49)
	at org.openqa.selenium.remote.HttpCommandExecutor.execute(HttpCommandExecutor.java:158)
	at org.openqa.selenium.remote.service.DriverCommandExecutor.execute(DriverCommandExecutor.java:83)
	at org.openqa.selenium.remote.RemoteWebDriver.execute(RemoteWebDriver.java:552)
	at com.kms.katalon.selenium.driver.CChromeDriver.execute(CChromeDriver.java:19)
	at org.openqa.selenium.remote.RemoteWebElement.execute(RemoteWebElement.java:285)
	at org.openqa.selenium.remote.RemoteWebElement.click(RemoteWebElement.java:84)
	at org.openqa.selenium.support.events.EventFiringWebDriver$EventFiringWebElement.lambda$new$0(EventFiringWebDriver.java:404)
	at com.sun.proxy.$Proxy11.click(Unknown Source)
	at org.openqa.selenium.support.events.EventFiringWebDriver$EventFiringWebElement.click(EventFiringWebDriver.java:417)
	at org.openqa.selenium.WebElement$click$0.call(Unknown Source)
	at com.kms.katalon.core.webui.keyword.builtin.ClickKeyword.clickUntilSuccessWithTimeout(ClickKeyword.groovy:81)
	at com.kms.katalon.core.webui.keyword.builtin.ClickKeyword.clickUntilSuccessWithTimeout(ClickKeyword.groovy)
	at com.kms.katalon.core.webui.keyword.builtin.ClickKeyword$_click_closure1.doCall(ClickKeyword.groovy:67)
	at com.kms.katalon.core.webui.keyword.builtin.ClickKeyword$_click_closure1.call(ClickKeyword.groovy)
	at com.kms.katalon.core.webui.keyword.internal.WebUIKeywordMain.runKeyword(WebUIKeywordMain.groovy:20)
	... 19 more]]></system-err>
      </testcase>
      <testcase name="Test Cases/1.1-Tareas Principales/1.6.9 Reporte Entidades Liquidadas Viáticos" time="94.806" classname="Test Cases/1.1-Tareas Principales/1.6.9 Reporte Entidades Liquidadas Viáticos" status="FAILED">
         <failure type="FAILED" message="Test Cases/1.1-Tareas Principales/1.6.9 Reporte Entidades Liquidadas Viáticos FAILED.
Reason:
com.kms.katalon.core.exception.StepFailedException: Unable to click on object 'Object Repository/1-OBJECTS TAREAS PRINCIPALES/Modulo Actos Administrativos/Modulo Viáticos/Reporte Entidades Liquidadas/label_Csv_informe'
	at com.kms.katalon.core.webui.keyword.internal.WebUIKeywordMain.stepFailed(WebUIKeywordMain.groovy:64)
	at com.kms.katalon.core.webui.keyword.internal.WebUIKeywordMain.runKeyword(WebUIKeywordMain.groovy:26)
	at com.kms.katalon.core.webui.keyword.builtin.ClickKeyword.click(ClickKeyword.groovy:74)
	at com.kms.katalon.core.webui.keyword.builtin.ClickKeyword.execute(ClickKeyword.groovy:40)
	at com.kms.katalon.core.keyword.internal.KeywordExecutor.executeKeywordForPlatform(KeywordExecutor.groovy:74)
	at com.kms.katalon.core.webui.keyword.WebUiBuiltInKeywords.click(WebUiBuiltInKeywords.groovy:620)
	at com.kms.katalon.core.webui.keyword.WebUiBuiltInKeywords$click$5.call(Unknown Source)
	at 1.6.9 Reporte Entidades Liquidadas Viáticos.run(1.6.9 Reporte Entidades Liquidadas Viáticos:104)
	at com.kms.katalon.core.main.ScriptEngine.run(ScriptEngine.java:194)
	at com.kms.katalon.core.main.ScriptEngine.runScriptAsRawText(ScriptEngine.java:119)
	at com.kms.katalon.core.main.TestCaseExecutor.runScript(TestCaseExecutor.java:445)
	at com.kms.katalon.core.main.TestCaseExecutor.doExecute(TestCaseExecutor.java:436)
	at com.kms.katalon.core.main.TestCaseExecutor.processExecutionPhase(TestCaseExecutor.java:415)
	at com.kms.katalon.core.main.TestCaseExecutor.accessMainPhase(TestCaseExecutor.java:407)
	at com.kms.katalon.core.main.TestCaseExecutor.execute(TestCaseExecutor.java:284)
	at com.kms.katalon.core.common.CommonExecutor.accessTestCaseMainPhase(CommonExecutor.java:65)
	at com.kms.katalon.core.main.TestSuiteExecutor.accessTestSuiteMainPhase(TestSuiteExecutor.java:144)
	at com.kms.katalon.core.main.TestSuiteExecutor.execute(TestSuiteExecutor.java:106)
	at com.kms.katalon.core.main.TestCaseMain.startTestSuite(TestCaseMain.java:185)
	at com.kms.katalon.core.main.TestCaseMain$startTestSuite$0.call(Unknown Source)
	at TempTestSuite1654867643956.run(TempTestSuite1654867643956.groovy:36)
Caused by: com.kms.katalon.core.webui.exception.WebElementNotFoundException: Web element with id: 'Object Repository/1-OBJECTS TAREAS PRINCIPALES/Modulo Actos Administrativos/Modulo Viáticos/Reporte Entidades Liquidadas/label_Csv_informe' located by '//table[@id='popupSeleccionReportesPagoEntidadExterna:listaTipoArchivo']/tbody/tr[2]/td/label' not found
	at com.kms.katalon.core.webui.common.WebUiCommonHelper.findWebElement(WebUiCommonHelper.java:1370)
	at com.kms.katalon.core.webui.keyword.internal.WebUIAbstractKeyword.findWebElement(WebUIAbstractKeyword.groovy:27)
	at com.kms.katalon.core.webui.keyword.builtin.ClickKeyword$_click_closure1.doCall(ClickKeyword.groovy:65)
	at com.kms.katalon.core.webui.keyword.builtin.ClickKeyword$_click_closure1.call(ClickKeyword.groovy)
	at com.kms.katalon.core.webui.keyword.internal.WebUIKeywordMain.runKeyword(WebUIKeywordMain.groovy:20)
	... 19 more
"/>
         <system-out><![CDATA[2022-06-10 09:25:50 - [TEST_CASE][FAILED] - Test Cases/1.1-Tareas Principales/1.6.9 Reporte Entidades Liquidadas Viáticos: Test Cases/1.1-Tareas Principales/1.6.9 Reporte Entidades Liquidadas Viáticos FAILED.
Reason:
com.kms.katalon.core.exception.StepFailedException: Unable to click on object 'Object Repository/1-OBJECTS TAREAS PRINCIPALES/Modulo Actos Administrativos/Modulo Viáticos/Reporte Entidades Liquidadas/label_Csv_informe'
	at com.kms.katalon.core.webui.keyword.internal.WebUIKeywordMain.stepFailed(WebUIKeywordMain.groovy:64)
	at com.kms.katalon.core.webui.keyword.internal.WebUIKeywordMain.runKeyword(WebUIKeywordMain.groovy:26)
	at com.kms.katalon.core.webui.keyword.builtin.ClickKeyword.click(ClickKeyword.groovy:74)
	at com.kms.katalon.core.webui.keyword.builtin.ClickKeyword.execute(ClickKeyword.groovy:40)
	at com.kms.katalon.core.keyword.internal.KeywordExecutor.executeKeywordForPlatform(KeywordExecutor.groovy:74)
	at com.kms.katalon.core.webui.keyword.WebUiBuiltInKeywords.click(WebUiBuiltInKeywords.groovy:620)
	at com.kms.katalon.core.webui.keyword.WebUiBuiltInKeywords$click$5.call(Unknown Source)
	at 1.6.9 Reporte Entidades Liquidadas Viáticos.run(1.6.9 Reporte Entidades Liquidadas Viáticos:104)
	at com.kms.katalon.core.main.ScriptEngine.run(ScriptEngine.java:194)
	at com.kms.katalon.core.main.ScriptEngine.runScriptAsRawText(ScriptEngine.java:119)
	at com.kms.katalon.core.main.TestCaseExecutor.runScript(TestCaseExecutor.java:445)
	at com.kms.katalon.core.main.TestCaseExecutor.doExecute(TestCaseExecutor.java:436)
	at com.kms.katalon.core.main.TestCaseExecutor.processExecutionPhase(TestCaseExecutor.java:415)
	at com.kms.katalon.core.main.TestCaseExecutor.accessMainPhase(TestCaseExecutor.java:407)
	at com.kms.katalon.core.main.TestCaseExecutor.execute(TestCaseExecutor.java:284)
	at com.kms.katalon.core.common.CommonExecutor.accessTestCaseMainPhase(CommonExecutor.java:65)
	at com.kms.katalon.core.main.TestSuiteExecutor.accessTestSuiteMainPhase(TestSuiteExecutor.java:144)
	at com.kms.katalon.core.main.TestSuiteExecutor.execute(TestSuiteExecutor.java:106)
	at com.kms.katalon.core.main.TestCaseMain.startTestSuite(TestCaseMain.java:185)
	at com.kms.katalon.core.main.TestCaseMain$startTestSuite$0.call(Unknown Source)
	at TempTestSuite1654867643956.run(TempTestSuite1654867643956.groovy:36)
Caused by: com.kms.katalon.core.webui.exception.WebElementNotFoundException: Web element with id: 'Object Repository/1-OBJECTS TAREAS PRINCIPALES/Modulo Actos Administrativos/Modulo Viáticos/Reporte Entidades Liquidadas/label_Csv_informe' located by '//table[@id='popupSeleccionReportesPagoEntidadExterna:listaTipoArchivo']/tbody/tr[2]/td/label' not found
	at com.kms.katalon.core.webui.common.WebUiCommonHelper.findWebElement(WebUiCommonHelper.java:1370)
	at com.kms.katalon.core.webui.keyword.internal.WebUIAbstractKeyword.findWebElement(WebUIAbstractKeyword.groovy:27)
	at com.kms.katalon.core.webui.keyword.builtin.ClickKeyword$_click_closure1.doCall(ClickKeyword.groovy:65)
	at com.kms.katalon.core.webui.keyword.builtin.ClickKeyword$_click_closure1.call(ClickKeyword.groovy)
	at com.kms.katalon.core.webui.keyword.internal.WebUIKeywordMain.runKeyword(WebUIKeywordMain.groovy:20)
	... 19 more


2022-06-10 09:25:51 - [TEST_STEP][PASSED] - callTestCase(findTestCase("0.1-Login"), [:], STOP_ON_FAILURE): Call Test Case 'Test Cases/0.1-Login' successfully

2022-06-10 09:25:51 - [TEST_CASE][PASSED] - Test Cases/0.1-Login: Test Cases/0.1-Login

2022-06-10 09:25:51 - [TEST_STEP][PASSED] - openBrowser(""): Browser is opened with url: ''

2022-06-10 09:25:51 - [MESSAGE][WARNING] - A browser is already opened. Closing browser and opening a new one

2022-06-10 09:25:52 - [MESSAGE][INFO] - Starting 'Chrome' driver

2022-06-10 09:25:52 - [MESSAGE][INFO] - Action delay is set to 0 milliseconds

2022-06-10 09:25:53 - [MESSAGE][PASSED] - Browser is opened with url: ''

2022-06-10 09:25:53 - [TEST_STEP][PASSED] - maximizeWindow(): Current window maximized

2022-06-10 09:25:53 - [MESSAGE][PASSED] - Current window maximized

2022-06-10 09:25:53 - [TEST_STEP][PASSED] - i = G_Login: null

2022-06-10 09:25:53 - [TEST_STEP][PASSED] - url = new java.net.URL(i): null

2022-06-10 09:25:53 - [TEST_STEP][PASSED] - println("URL: " + url.toString()): null

2022-06-10 09:25:53 - [TEST_STEP][PASSED] - connection = url.openConnection(): null

2022-06-10 09:25:53 - [TEST_STEP][PASSED] - connection.setRequestMethod("GET"): null

2022-06-10 09:25:53 - [TEST_STEP][PASSED] - connection.setReadTimeout(2 * 1000): null

2022-06-10 09:25:53 - [TEST_STEP][PASSED] - try: null

2022-06-10 09:25:53 - [TEST_STEP][PASSED] - connection.connect(): null

2022-06-10 09:25:53 - [TEST_STEP][PASSED] - flag = connected: null

2022-06-10 09:25:53 - [TEST_STEP][PASSED] - println("Valor_ori: " + flag): null

2022-06-10 09:25:53 - [TEST_STEP][PASSED] - if (flag): null

2022-06-10 09:25:53 - [TEST_STEP][PASSED] - navigateToUrl(i): Navigate to 'http://192.168.2.19:8380/saraweb' successfully

2022-06-10 09:25:54 - [MESSAGE][PASSED] - Navigate to 'http://192.168.2.19:8380/saraweb' successfully

2022-06-10 09:25:54 - [TEST_STEP][PASSED] - a(): null

2022-06-10 09:25:54 - [TEST_STEP][PASSED] - setText(findTestObject("3-OBJECTS UTILIDADES/Login/input_USUARIO_loginusuario"), G_Usuario): Text 'saraadmin' is set on object 'Object Repository/3-OBJECTS UTILIDADES/Login/input_USUARIO_loginusuario'

2022-06-10 09:25:55 - [MESSAGE][PASSED] - Text 'saraadmin' is set on object 'Object Repository/3-OBJECTS UTILIDADES/Login/input_USUARIO_loginusuario'

2022-06-10 09:25:55 - [TEST_STEP][PASSED] - setEncryptedText(findTestObject("3-OBJECTS UTILIDADES/Login/input_CLAVE_loginpassword"), "MkG4/TYiCFC3cb2driP7+Q=="): Text ****** has been set on object 'Object Repository/3-OBJECTS UTILIDADES/Login/input_CLAVE_loginpassword'

2022-06-10 09:25:55 - [MESSAGE][PASSED] - Text ****** has been set on object 'Object Repository/3-OBJECTS UTILIDADES/Login/input_CLAVE_loginpassword'

2022-06-10 09:25:55 - [TEST_STEP][PASSED] - waitForElementClickable(findTestObject("3-OBJECTS UTILIDADES/Login/a_Ingresar"), G_TimeOut): Object 'Object Repository/3-OBJECTS UTILIDADES/Login/a_Ingresar' is clickable

2022-06-10 09:25:55 - [MESSAGE][PASSED] - Object 'Object Repository/3-OBJECTS UTILIDADES/Login/a_Ingresar' is clickable

2022-06-10 09:25:55 - [TEST_STEP][PASSED] - click(findTestObject("3-OBJECTS UTILIDADES/Login/a_Ingresar")): Object: 'Object Repository/3-OBJECTS UTILIDADES/Login/a_Ingresar' is clicked on

2022-06-10 09:25:57 - [MESSAGE][PASSED] - Object: 'Object Repository/3-OBJECTS UTILIDADES/Login/a_Ingresar' is clicked on

2022-06-10 09:25:57 - [TEST_STEP][PASSED] - element = findWebElement(findTestObject("3-OBJECTS UTILIDADES/Login/a_Ir"), 30): null

2022-06-10 09:25:57 - [TEST_STEP][PASSED] - executeJavaScript("arguments[0].click()", Arrays.asList(element)): Execute JavaScript 'arguments[0].click()' successfully

2022-06-10 09:25:57 - [MESSAGE][PASSED] - Execute JavaScript 'arguments[0].click()' successfully

2022-06-10 09:25:57 - [MESSAGE][PASSED] - Call Test Case 'Test Cases/0.1-Login' successfully

2022-06-10 09:25:57 - [TEST_STEP][PASSED] - waitForElementClickable(findTestObject("1-OBJECTS TAREAS PRINCIPALES/Modulo Actos Administrativos/Modulo Viáticos/Reporte Entidades Liquidadas/input_ADMINISTRADOR DEL SISTEMA - SARA_form_templatej_idt24_input"), 0): Object 'Object Repository/1-OBJECTS TAREAS PRINCIPALES/Modulo Actos Administrativos/Modulo Viáticos/Reporte Entidades Liquidadas/input_ADMINISTRADOR DEL SISTEMA - SARA_form_templatej_idt24_input' is clickable

2022-06-10 09:25:57 - [MESSAGE][WARNING] - Timeout '0' is invalid. Using default page load timeout: '37'

2022-06-10 09:25:58 - [MESSAGE][PASSED] - Object 'Object Repository/1-OBJECTS TAREAS PRINCIPALES/Modulo Actos Administrativos/Modulo Viáticos/Reporte Entidades Liquidadas/input_ADMINISTRADOR DEL SISTEMA - SARA_form_templatej_idt24_input' is clickable

2022-06-10 09:25:58 - [TEST_STEP][PASSED] - setText(findTestObject("1-OBJECTS TAREAS PRINCIPALES/Modulo Actos Administrativos/Modulo Viáticos/Reporte Entidades Liquidadas/input_ADMINISTRADOR DEL SISTEMA - SARA_form_templatej_idt24_input"), "generacion Entidad Pago Viaticos"): Text 'generacion Entidad Pago Viaticos' is set on object 'Object Repository/1-OBJECTS TAREAS PRINCIPALES/Modulo Actos Administrativos/Modulo Viáticos/Reporte Entidades Liquidadas/input_ADMINISTRADOR DEL SISTEMA - SARA_form_templatej_idt24_input'

2022-06-10 09:25:59 - [MESSAGE][PASSED] - Text 'generacion Entidad Pago Viaticos' is set on object 'Object Repository/1-OBJECTS TAREAS PRINCIPALES/Modulo Actos Administrativos/Modulo Viáticos/Reporte Entidades Liquidadas/input_ADMINISTRADOR DEL SISTEMA - SARA_form_templatej_idt24_input'

2022-06-10 09:25:59 - [TEST_STEP][PASSED] - waitForElementClickable(findTestObject("1-OBJECTS TAREAS PRINCIPALES/Modulo Actos Administrativos/Modulo Viáticos/Reporte Entidades Liquidadas/li_Listado de Viaticos (act)"), 0): Object 'Object Repository/1-OBJECTS TAREAS PRINCIPALES/Modulo Actos Administrativos/Modulo Viáticos/Reporte Entidades Liquidadas/li_Listado de Viaticos (act)' is clickable

2022-06-10 09:25:59 - [MESSAGE][WARNING] - Timeout '0' is invalid. Using default page load timeout: '37'

2022-06-10 09:26:00 - [MESSAGE][PASSED] - Object 'Object Repository/1-OBJECTS TAREAS PRINCIPALES/Modulo Actos Administrativos/Modulo Viáticos/Reporte Entidades Liquidadas/li_Listado de Viaticos (act)' is clickable

2022-06-10 09:26:00 - [TEST_STEP][PASSED] - sendKeys(findTestObject("1-OBJECTS TAREAS PRINCIPALES/Modulo Actos Administrativos/Modulo Viáticos/Reporte Entidades Liquidadas/input_ADMINISTRADOR DEL SISTEMA - SARA_form_templatej_idt24_input"), Keys.chord(ENTER)): Keys 'ENTER + ' sent to object: 'Object Repository/1-OBJECTS TAREAS PRINCIPALES/Modulo Actos Administrativos/Modulo Viáticos/Reporte Entidades Liquidadas/input_ADMINISTRADOR DEL SISTEMA - SARA_form_templatej_idt24_input'

2022-06-10 09:26:00 - [MESSAGE][PASSED] - Keys 'ENTER + ' sent to object: 'Object Repository/1-OBJECTS TAREAS PRINCIPALES/Modulo Actos Administrativos/Modulo Viáticos/Reporte Entidades Liquidadas/input_ADMINISTRADOR DEL SISTEMA - SARA_form_templatej_idt24_input'

2022-06-10 09:26:00 - [TEST_STEP][PASSED] - click(findTestObject("1-OBJECTS TAREAS PRINCIPALES/Modulo Actos Administrativos/Modulo Viáticos/Reporte Entidades Liquidadas/a_Traer")): Object: 'Object Repository/1-OBJECTS TAREAS PRINCIPALES/Modulo Actos Administrativos/Modulo Viáticos/Reporte Entidades Liquidadas/a_Traer' is clicked on

2022-06-10 09:26:02 - [MESSAGE][PASSED] - Object: 'Object Repository/1-OBJECTS TAREAS PRINCIPALES/Modulo Actos Administrativos/Modulo Viáticos/Reporte Entidades Liquidadas/a_Traer' is clicked on

2022-06-10 09:26:02 - [TEST_STEP][PASSED] - waitForElementClickable(findTestObject("1-OBJECTS TAREAS PRINCIPALES/Modulo Actos Administrativos/Modulo Viáticos/Reporte Entidades Liquidadas/label_Viaticos2"), 0): Object 'Object Repository/1-OBJECTS TAREAS PRINCIPALES/Modulo Actos Administrativos/Modulo Viáticos/Reporte Entidades Liquidadas/label_Viaticos2' is clickable

2022-06-10 09:26:02 - [MESSAGE][WARNING] - Timeout '0' is invalid. Using default page load timeout: '37'

2022-06-10 09:26:02 - [MESSAGE][PASSED] - Object 'Object Repository/1-OBJECTS TAREAS PRINCIPALES/Modulo Actos Administrativos/Modulo Viáticos/Reporte Entidades Liquidadas/label_Viaticos2' is clickable

2022-06-10 09:26:02 - [TEST_STEP][PASSED] - click(findTestObject("1-OBJECTS TAREAS PRINCIPALES/Modulo Actos Administrativos/Modulo Viáticos/Reporte Entidades Liquidadas/label_Viaticos2")): Object: 'Object Repository/1-OBJECTS TAREAS PRINCIPALES/Modulo Actos Administrativos/Modulo Viáticos/Reporte Entidades Liquidadas/label_Viaticos2' is clicked on

2022-06-10 09:26:02 - [MESSAGE][PASSED] - Object: 'Object Repository/1-OBJECTS TAREAS PRINCIPALES/Modulo Actos Administrativos/Modulo Viáticos/Reporte Entidades Liquidadas/label_Viaticos2' is clicked on

2022-06-10 09:26:02 - [TEST_STEP][PASSED] - setText(findTestObject("1-OBJECTS TAREAS PRINCIPALES/Modulo Actos Administrativos/Modulo Viáticos/Reporte Entidades Liquidadas/input_Fecha_form_viaticos2"), "01/07/2021"): Text '01/07/2021' is set on object 'Object Repository/1-OBJECTS TAREAS PRINCIPALES/Modulo Actos Administrativos/Modulo Viáticos/Reporte Entidades Liquidadas/input_Fecha_form_viaticos2'

2022-06-10 09:26:03 - [MESSAGE][PASSED] - Text '01/07/2021' is set on object 'Object Repository/1-OBJECTS TAREAS PRINCIPALES/Modulo Actos Administrativos/Modulo Viáticos/Reporte Entidades Liquidadas/input_Fecha_form_viaticos2'

2022-06-10 09:26:03 - [TEST_STEP][PASSED] - click(findTestObject("1-OBJECTS TAREAS PRINCIPALES/Modulo Actos Administrativos/Modulo Viáticos/Reporte Entidades Liquidadas/a_Aplicar_viaticos2")): Object: 'Object Repository/1-OBJECTS TAREAS PRINCIPALES/Modulo Actos Administrativos/Modulo Viáticos/Reporte Entidades Liquidadas/a_Aplicar_viaticos2' is clicked on

2022-06-10 09:26:04 - [MESSAGE][PASSED] - Object: 'Object Repository/1-OBJECTS TAREAS PRINCIPALES/Modulo Actos Administrativos/Modulo Viáticos/Reporte Entidades Liquidadas/a_Aplicar_viaticos2' is clicked on

2022-06-10 09:26:04 - [TEST_STEP][PASSED] - waitForElementClickable(findTestObject("1-OBJECTS TAREAS PRINCIPALES/Modulo Actos Administrativos/Modulo Viáticos/Reporte Entidades Liquidadas/span_Medicina Prepagada Colsanitas"), 0): Object 'Object Repository/1-OBJECTS TAREAS PRINCIPALES/Modulo Actos Administrativos/Modulo Viáticos/Reporte Entidades Liquidadas/span_Medicina Prepagada Colsanitas' is clickable

2022-06-10 09:26:04 - [MESSAGE][WARNING] - Timeout '0' is invalid. Using default page load timeout: '37'

2022-06-10 09:26:05 - [MESSAGE][PASSED] - Object 'Object Repository/1-OBJECTS TAREAS PRINCIPALES/Modulo Actos Administrativos/Modulo Viáticos/Reporte Entidades Liquidadas/span_Medicina Prepagada Colsanitas' is clickable

2022-06-10 09:26:05 - [TEST_STEP][PASSED] - click(findTestObject("1-OBJECTS TAREAS PRINCIPALES/Modulo Actos Administrativos/Modulo Viáticos/Reporte Entidades Liquidadas/div_Sucursal_ui-chkbox-box ui-widget ui-corner-all ui-state-default")): Object: 'Object Repository/1-OBJECTS TAREAS PRINCIPALES/Modulo Actos Administrativos/Modulo Viáticos/Reporte Entidades Liquidadas/div_Sucursal_ui-chkbox-box ui-widget ui-corner-all ui-state-default' is clicked on

2022-06-10 09:26:05 - [MESSAGE][PASSED] - Object: 'Object Repository/1-OBJECTS TAREAS PRINCIPALES/Modulo Actos Administrativos/Modulo Viáticos/Reporte Entidades Liquidadas/div_Sucursal_ui-chkbox-box ui-widget ui-corner-all ui-state-default' is clicked on

2022-06-10 09:26:05 - [TEST_STEP][PASSED] - click(findTestObject("1-OBJECTS TAREAS PRINCIPALES/Modulo Actos Administrativos/Modulo Viáticos/Reporte Entidades Liquidadas/a_Liquidar")): Object: 'Object Repository/1-OBJECTS TAREAS PRINCIPALES/Modulo Actos Administrativos/Modulo Viáticos/Reporte Entidades Liquidadas/a_Liquidar' is clicked on

2022-06-10 09:26:06 - [MESSAGE][PASSED] - Object: 'Object Repository/1-OBJECTS TAREAS PRINCIPALES/Modulo Actos Administrativos/Modulo Viáticos/Reporte Entidades Liquidadas/a_Liquidar' is clicked on

2022-06-10 09:26:06 - [TEST_STEP][PASSED] - waitForElementClickable(findTestObject("1-OBJECTS TAREAS PRINCIPALES/Modulo Actos Administrativos/Modulo Viáticos/Reporte Entidades Liquidadas/a_Aceptar_Liquidar"), 0): Object 'Object Repository/1-OBJECTS TAREAS PRINCIPALES/Modulo Actos Administrativos/Modulo Viáticos/Reporte Entidades Liquidadas/a_Aceptar_Liquidar' is clickable

2022-06-10 09:26:06 - [MESSAGE][WARNING] - Timeout '0' is invalid. Using default page load timeout: '37'

2022-06-10 09:26:06 - [MESSAGE][PASSED] - Object 'Object Repository/1-OBJECTS TAREAS PRINCIPALES/Modulo Actos Administrativos/Modulo Viáticos/Reporte Entidades Liquidadas/a_Aceptar_Liquidar' is clickable

2022-06-10 09:26:06 - [TEST_STEP][PASSED] - click(findTestObject("1-OBJECTS TAREAS PRINCIPALES/Modulo Actos Administrativos/Modulo Viáticos/Reporte Entidades Liquidadas/a_Aceptar_Liquidar")): Object: 'Object Repository/1-OBJECTS TAREAS PRINCIPALES/Modulo Actos Administrativos/Modulo Viáticos/Reporte Entidades Liquidadas/a_Aceptar_Liquidar' is clicked on

2022-06-10 09:26:07 - [MESSAGE][PASSED] - Object: 'Object Repository/1-OBJECTS TAREAS PRINCIPALES/Modulo Actos Administrativos/Modulo Viáticos/Reporte Entidades Liquidadas/a_Aceptar_Liquidar' is clicked on

2022-06-10 09:26:07 - [TEST_STEP][PASSED] - waitForElementClickable(findTestObject("1-OBJECTS TAREAS PRINCIPALES/Modulo Actos Administrativos/Modulo Viáticos/Reporte Entidades Liquidadas/a_Continuar"), 0): Object 'Object Repository/1-OBJECTS TAREAS PRINCIPALES/Modulo Actos Administrativos/Modulo Viáticos/Reporte Entidades Liquidadas/a_Continuar' is clickable

2022-06-10 09:26:07 - [MESSAGE][WARNING] - Timeout '0' is invalid. Using default page load timeout: '37'

2022-06-10 09:26:07 - [MESSAGE][PASSED] - Object 'Object Repository/1-OBJECTS TAREAS PRINCIPALES/Modulo Actos Administrativos/Modulo Viáticos/Reporte Entidades Liquidadas/a_Continuar' is clickable

2022-06-10 09:26:07 - [TEST_STEP][PASSED] - click(findTestObject("1-OBJECTS TAREAS PRINCIPALES/Modulo Actos Administrativos/Modulo Viáticos/Reporte Entidades Liquidadas/a_Continuar")): Object: 'Object Repository/1-OBJECTS TAREAS PRINCIPALES/Modulo Actos Administrativos/Modulo Viáticos/Reporte Entidades Liquidadas/a_Continuar' is clicked on

2022-06-10 09:26:08 - [MESSAGE][PASSED] - Object: 'Object Repository/1-OBJECTS TAREAS PRINCIPALES/Modulo Actos Administrativos/Modulo Viáticos/Reporte Entidades Liquidadas/a_Continuar' is clicked on

2022-06-10 09:26:08 - [TEST_STEP][PASSED] - waitForElementClickable(findTestObject("1-OBJECTS TAREAS PRINCIPALES/Modulo Actos Administrativos/Modulo Viáticos/Reporte Entidades Liquidadas/a_Imprimir"), 0): Object 'Object Repository/1-OBJECTS TAREAS PRINCIPALES/Modulo Actos Administrativos/Modulo Viáticos/Reporte Entidades Liquidadas/a_Imprimir' is clickable

2022-06-10 09:26:08 - [MESSAGE][WARNING] - Timeout '0' is invalid. Using default page load timeout: '37'

2022-06-10 09:26:08 - [MESSAGE][PASSED] - Object 'Object Repository/1-OBJECTS TAREAS PRINCIPALES/Modulo Actos Administrativos/Modulo Viáticos/Reporte Entidades Liquidadas/a_Imprimir' is clickable

2022-06-10 09:26:08 - [TEST_STEP][PASSED] - click(findTestObject("1-OBJECTS TAREAS PRINCIPALES/Modulo Actos Administrativos/Modulo Viáticos/Reporte Entidades Liquidadas/a_Imprimir")): Object: 'Object Repository/1-OBJECTS TAREAS PRINCIPALES/Modulo Actos Administrativos/Modulo Viáticos/Reporte Entidades Liquidadas/a_Imprimir' is clicked on

2022-06-10 09:26:09 - [MESSAGE][PASSED] - Object: 'Object Repository/1-OBJECTS TAREAS PRINCIPALES/Modulo Actos Administrativos/Modulo Viáticos/Reporte Entidades Liquidadas/a_Imprimir' is clicked on

2022-06-10 09:26:09 - [TEST_STEP][PASSED] - waitForElementClickable(findTestObject("1-OBJECTS TAREAS PRINCIPALES/Modulo Actos Administrativos/Modulo Viáticos/Reporte Entidades Liquidadas/label_Csv_informe"), 0): Web element with id: 'Object Repository/1-OBJECTS TAREAS PRINCIPALES/Modulo Actos Administrativos/Modulo Viáticos/Reporte Entidades Liquidadas/label_Csv_informe' located by '//table[@id='popupSeleccionReportesPagoEntidadExterna:listaTipoArchivo']/tbody/tr[2]/td/label' not found

2022-06-10 09:26:09 - [MESSAGE][WARNING] - Timeout '0' is invalid. Using default page load timeout: '37'

2022-06-10 09:26:47 - [MESSAGE][INFO] - Unable to find the element located by 'By.xpath: //table[@id='popupSeleccionReportesPagoEntidadExterna:listaTipoArchivo']/tbody/tr[2]/td/label'. Please recheck the objects properties to make sure the desired element is located. 

2022-06-10 09:26:47 - [MESSAGE][WARNING] - Web element with id: 'Object Repository/1-OBJECTS TAREAS PRINCIPALES/Modulo Actos Administrativos/Modulo Viáticos/Reporte Entidades Liquidadas/label_Csv_informe' located by '//table[@id='popupSeleccionReportesPagoEntidadExterna:listaTipoArchivo']/tbody/tr[2]/td/label' not found

2022-06-10 09:26:47 - [TEST_STEP][FAILED] - click(findTestObject("1-OBJECTS TAREAS PRINCIPALES/Modulo Actos Administrativos/Modulo Viáticos/Reporte Entidades Liquidadas/label_Csv_informe")): Unable to click on object 'Object Repository/1-OBJECTS TAREAS PRINCIPALES/Modulo Actos Administrativos/Modulo Viáticos/Reporte Entidades Liquidadas/label_Csv_informe' (Root cause: com.kms.katalon.core.exception.StepFailedException: Unable to click on object 'Object Repository/1-OBJECTS TAREAS PRINCIPALES/Modulo Actos Administrativos/Modulo Viáticos/Reporte Entidades Liquidadas/label_Csv_informe'
	at com.kms.katalon.core.webui.keyword.internal.WebUIKeywordMain.stepFailed(WebUIKeywordMain.groovy:64)
	at com.kms.katalon.core.webui.keyword.internal.WebUIKeywordMain.runKeyword(WebUIKeywordMain.groovy:26)
	at com.kms.katalon.core.webui.keyword.builtin.ClickKeyword.click(ClickKeyword.groovy:74)
	at com.kms.katalon.core.webui.keyword.builtin.ClickKeyword.execute(ClickKeyword.groovy:40)
	at com.kms.katalon.core.keyword.internal.KeywordExecutor.executeKeywordForPlatform(KeywordExecutor.groovy:74)
	at com.kms.katalon.core.webui.keyword.WebUiBuiltInKeywords.click(WebUiBuiltInKeywords.groovy:620)
	at com.kms.katalon.core.webui.keyword.WebUiBuiltInKeywords$click$5.call(Unknown Source)
	at 1.6.9 Reporte Entidades Liquidadas Viáticos.run(1.6.9 Reporte Entidades Liquidadas Viáticos:104)
	at com.kms.katalon.core.main.ScriptEngine.run(ScriptEngine.java:194)
	at com.kms.katalon.core.main.ScriptEngine.runScriptAsRawText(ScriptEngine.java:119)
	at com.kms.katalon.core.main.TestCaseExecutor.runScript(TestCaseExecutor.java:445)
	at com.kms.katalon.core.main.TestCaseExecutor.doExecute(TestCaseExecutor.java:436)
	at com.kms.katalon.core.main.TestCaseExecutor.processExecutionPhase(TestCaseExecutor.java:415)
	at com.kms.katalon.core.main.TestCaseExecutor.accessMainPhase(TestCaseExecutor.java:407)
	at com.kms.katalon.core.main.TestCaseExecutor.execute(TestCaseExecutor.java:284)
	at com.kms.katalon.core.common.CommonExecutor.accessTestCaseMainPhase(CommonExecutor.java:65)
	at com.kms.katalon.core.main.TestSuiteExecutor.accessTestSuiteMainPhase(TestSuiteExecutor.java:144)
	at com.kms.katalon.core.main.TestSuiteExecutor.execute(TestSuiteExecutor.java:106)
	at com.kms.katalon.core.main.TestCaseMain.startTestSuite(TestCaseMain.java:185)
	at com.kms.katalon.core.main.TestCaseMain$startTestSuite$0.call(Unknown Source)
	at TempTestSuite1654867643956.run(TempTestSuite1654867643956.groovy:36)
Caused by: com.kms.katalon.core.webui.exception.WebElementNotFoundException: Web element with id: 'Object Repository/1-OBJECTS TAREAS PRINCIPALES/Modulo Actos Administrativos/Modulo Viáticos/Reporte Entidades Liquidadas/label_Csv_informe' located by '//table[@id='popupSeleccionReportesPagoEntidadExterna:listaTipoArchivo']/tbody/tr[2]/td/label' not found
	at com.kms.katalon.core.webui.common.WebUiCommonHelper.findWebElement(WebUiCommonHelper.java:1370)
	at com.kms.katalon.core.webui.keyword.internal.WebUIAbstractKeyword.findWebElement(WebUIAbstractKeyword.groovy:27)
	at com.kms.katalon.core.webui.keyword.builtin.ClickKeyword$_click_closure1.doCall(ClickKeyword.groovy:65)
	at com.kms.katalon.core.webui.keyword.builtin.ClickKeyword$_click_closure1.call(ClickKeyword.groovy)
	at com.kms.katalon.core.webui.keyword.internal.WebUIKeywordMain.runKeyword(WebUIKeywordMain.groovy:20)
	at com.kms.katalon.core.webui.keyword.builtin.ClickKeyword.click(ClickKeyword.groovy:74)
	at com.kms.katalon.core.webui.keyword.builtin.ClickKeyword.execute(ClickKeyword.groovy:40)
	at com.kms.katalon.core.keyword.internal.KeywordExecutor.executeKeywordForPlatform(KeywordExecutor.groovy:74)
	at com.kms.katalon.core.webui.keyword.WebUiBuiltInKeywords.click(WebUiBuiltInKeywords.groovy:620)
	at com.kms.katalon.core.webui.keyword.WebUiBuiltInKeywords$click$5.call(Unknown Source)
	at Script1630009464429.run(Script1630009464429.groovy:104)
	... 13 more
)

2022-06-10 09:27:25 - [MESSAGE][INFO] - Unable to find the element located by 'By.xpath: //table[@id='popupSeleccionReportesPagoEntidadExterna:listaTipoArchivo']/tbody/tr[2]/td/label'. Please recheck the objects properties to make sure the desired element is located. 

2022-06-10 09:27:25 - [MESSAGE][FAILED] - Unable to click on object 'Object Repository/1-OBJECTS TAREAS PRINCIPALES/Modulo Actos Administrativos/Modulo Viáticos/Reporte Entidades Liquidadas/label_Csv_informe' (Root cause: com.kms.katalon.core.exception.StepFailedException: Unable to click on object 'Object Repository/1-OBJECTS TAREAS PRINCIPALES/Modulo Actos Administrativos/Modulo Viáticos/Reporte Entidades Liquidadas/label_Csv_informe'
	at com.kms.katalon.core.webui.keyword.internal.WebUIKeywordMain.stepFailed(WebUIKeywordMain.groovy:64)
	at com.kms.katalon.core.webui.keyword.internal.WebUIKeywordMain.runKeyword(WebUIKeywordMain.groovy:26)
	at com.kms.katalon.core.webui.keyword.builtin.ClickKeyword.click(ClickKeyword.groovy:74)
	at com.kms.katalon.core.webui.keyword.builtin.ClickKeyword.execute(ClickKeyword.groovy:40)
	at com.kms.katalon.core.keyword.internal.KeywordExecutor.executeKeywordForPlatform(KeywordExecutor.groovy:74)
	at com.kms.katalon.core.webui.keyword.WebUiBuiltInKeywords.click(WebUiBuiltInKeywords.groovy:620)
	at com.kms.katalon.core.webui.keyword.WebUiBuiltInKeywords$click$5.call(Unknown Source)
	at 1.6.9 Reporte Entidades Liquidadas Viáticos.run(1.6.9 Reporte Entidades Liquidadas Viáticos:104)
	at com.kms.katalon.core.main.ScriptEngine.run(ScriptEngine.java:194)
	at com.kms.katalon.core.main.ScriptEngine.runScriptAsRawText(ScriptEngine.java:119)
	at com.kms.katalon.core.main.TestCaseExecutor.runScript(TestCaseExecutor.java:445)
	at com.kms.katalon.core.main.TestCaseExecutor.doExecute(TestCaseExecutor.java:436)
	at com.kms.katalon.core.main.TestCaseExecutor.processExecutionPhase(TestCaseExecutor.java:415)
	at com.kms.katalon.core.main.TestCaseExecutor.accessMainPhase(TestCaseExecutor.java:407)
	at com.kms.katalon.core.main.TestCaseExecutor.execute(TestCaseExecutor.java:284)
	at com.kms.katalon.core.common.CommonExecutor.accessTestCaseMainPhase(CommonExecutor.java:65)
	at com.kms.katalon.core.main.TestSuiteExecutor.accessTestSuiteMainPhase(TestSuiteExecutor.java:144)
	at com.kms.katalon.core.main.TestSuiteExecutor.execute(TestSuiteExecutor.java:106)
	at com.kms.katalon.core.main.TestCaseMain.startTestSuite(TestCaseMain.java:185)
	at com.kms.katalon.core.main.TestCaseMain$startTestSuite$0.call(Unknown Source)
	at TempTestSuite1654867643956.run(TempTestSuite1654867643956.groovy:36)
Caused by: com.kms.katalon.core.webui.exception.WebElementNotFoundException: Web element with id: 'Object Repository/1-OBJECTS TAREAS PRINCIPALES/Modulo Actos Administrativos/Modulo Viáticos/Reporte Entidades Liquidadas/label_Csv_informe' located by '//table[@id='popupSeleccionReportesPagoEntidadExterna:listaTipoArchivo']/tbody/tr[2]/td/label' not found
	at com.kms.katalon.core.webui.common.WebUiCommonHelper.findWebElement(WebUiCommonHelper.java:1370)
	at com.kms.katalon.core.webui.keyword.internal.WebUIAbstractKeyword.findWebElement(WebUIAbstractKeyword.groovy:27)
	at com.kms.katalon.core.webui.keyword.builtin.ClickKeyword$_click_closure1.doCall(ClickKeyword.groovy:65)
	at com.kms.katalon.core.webui.keyword.builtin.ClickKeyword$_click_closure1.call(ClickKeyword.groovy)
	at com.kms.katalon.core.webui.keyword.internal.WebUIKeywordMain.runKeyword(WebUIKeywordMain.groovy:20)
	at com.kms.katalon.core.webui.keyword.builtin.ClickKeyword.click(ClickKeyword.groovy:74)
	at com.kms.katalon.core.webui.keyword.builtin.ClickKeyword.execute(ClickKeyword.groovy:40)
	at com.kms.katalon.core.keyword.internal.KeywordExecutor.executeKeywordForPlatform(KeywordExecutor.groovy:74)
	at com.kms.katalon.core.webui.keyword.WebUiBuiltInKeywords.click(WebUiBuiltInKeywords.groovy:620)
	at com.kms.katalon.core.webui.keyword.WebUiBuiltInKeywords$click$5.call(Unknown Source)
	at Script1630009464429.run(Script1630009464429.groovy:104)
	... 13 more
)
[[ATTACHMENT|C:\\Users\\diego.rojas\\git\\Pruebas-Minimas\\Reports\\20220610_082723\\Test_Suite_Principales\\1-Tareas Principales\\20220610_082723\\1654871245594.png]]]]></system-out>
         <system-err><![CDATA[2022-06-10 09:25:50 - [TEST_CASE][FAILED] - Test Cases/1.1-Tareas Principales/1.6.9 Reporte Entidades Liquidadas Viáticos: Test Cases/1.1-Tareas Principales/1.6.9 Reporte Entidades Liquidadas Viáticos FAILED.
Reason:
com.kms.katalon.core.exception.StepFailedException: Unable to click on object 'Object Repository/1-OBJECTS TAREAS PRINCIPALES/Modulo Actos Administrativos/Modulo Viáticos/Reporte Entidades Liquidadas/label_Csv_informe'
	at com.kms.katalon.core.webui.keyword.internal.WebUIKeywordMain.stepFailed(WebUIKeywordMain.groovy:64)
	at com.kms.katalon.core.webui.keyword.internal.WebUIKeywordMain.runKeyword(WebUIKeywordMain.groovy:26)
	at com.kms.katalon.core.webui.keyword.builtin.ClickKeyword.click(ClickKeyword.groovy:74)
	at com.kms.katalon.core.webui.keyword.builtin.ClickKeyword.execute(ClickKeyword.groovy:40)
	at com.kms.katalon.core.keyword.internal.KeywordExecutor.executeKeywordForPlatform(KeywordExecutor.groovy:74)
	at com.kms.katalon.core.webui.keyword.WebUiBuiltInKeywords.click(WebUiBuiltInKeywords.groovy:620)
	at com.kms.katalon.core.webui.keyword.WebUiBuiltInKeywords$click$5.call(Unknown Source)
	at 1.6.9 Reporte Entidades Liquidadas Viáticos.run(1.6.9 Reporte Entidades Liquidadas Viáticos:104)
	at com.kms.katalon.core.main.ScriptEngine.run(ScriptEngine.java:194)
	at com.kms.katalon.core.main.ScriptEngine.runScriptAsRawText(ScriptEngine.java:119)
	at com.kms.katalon.core.main.TestCaseExecutor.runScript(TestCaseExecutor.java:445)
	at com.kms.katalon.core.main.TestCaseExecutor.doExecute(TestCaseExecutor.java:436)
	at com.kms.katalon.core.main.TestCaseExecutor.processExecutionPhase(TestCaseExecutor.java:415)
	at com.kms.katalon.core.main.TestCaseExecutor.accessMainPhase(TestCaseExecutor.java:407)
	at com.kms.katalon.core.main.TestCaseExecutor.execute(TestCaseExecutor.java:284)
	at com.kms.katalon.core.common.CommonExecutor.accessTestCaseMainPhase(CommonExecutor.java:65)
	at com.kms.katalon.core.main.TestSuiteExecutor.accessTestSuiteMainPhase(TestSuiteExecutor.java:144)
	at com.kms.katalon.core.main.TestSuiteExecutor.execute(TestSuiteExecutor.java:106)
	at com.kms.katalon.core.main.TestCaseMain.startTestSuite(TestCaseMain.java:185)
	at com.kms.katalon.core.main.TestCaseMain$startTestSuite$0.call(Unknown Source)
	at TempTestSuite1654867643956.run(TempTestSuite1654867643956.groovy:36)
Caused by: com.kms.katalon.core.webui.exception.WebElementNotFoundException: Web element with id: 'Object Repository/1-OBJECTS TAREAS PRINCIPALES/Modulo Actos Administrativos/Modulo Viáticos/Reporte Entidades Liquidadas/label_Csv_informe' located by '//table[@id='popupSeleccionReportesPagoEntidadExterna:listaTipoArchivo']/tbody/tr[2]/td/label' not found
	at com.kms.katalon.core.webui.common.WebUiCommonHelper.findWebElement(WebUiCommonHelper.java:1370)
	at com.kms.katalon.core.webui.keyword.internal.WebUIAbstractKeyword.findWebElement(WebUIAbstractKeyword.groovy:27)
	at com.kms.katalon.core.webui.keyword.builtin.ClickKeyword$_click_closure1.doCall(ClickKeyword.groovy:65)
	at com.kms.katalon.core.webui.keyword.builtin.ClickKeyword$_click_closure1.call(ClickKeyword.groovy)
	at com.kms.katalon.core.webui.keyword.internal.WebUIKeywordMain.runKeyword(WebUIKeywordMain.groovy:20)
	... 19 more]]></system-err>
      </testcase>
      <testcase name="Test Cases/1.1-Tareas Principales/1.6.4 Derogación Viático" time="93.264" classname="Test Cases/1.1-Tareas Principales/1.6.4 Derogación Viático" status="FAILED">
         <failure type="FAILED" message="Test Cases/1.1-Tareas Principales/1.6.4 Derogación Viático FAILED.
Reason:
com.kms.katalon.core.exception.StepFailedException: Unable to click on object 'Object Repository/1-OBJECTS TAREAS PRINCIPALES/Modulo Actos Administrativos/Modulo Viáticos/Derrogacion viatico/td_01072021'
	at com.kms.katalon.core.webui.keyword.internal.WebUIKeywordMain.stepFailed(WebUIKeywordMain.groovy:64)
	at com.kms.katalon.core.webui.keyword.internal.WebUIKeywordMain.runKeyword(WebUIKeywordMain.groovy:26)
	at com.kms.katalon.core.webui.keyword.builtin.ClickKeyword.click(ClickKeyword.groovy:74)
	at com.kms.katalon.core.webui.keyword.builtin.ClickKeyword.execute(ClickKeyword.groovy:40)
	at com.kms.katalon.core.keyword.internal.KeywordExecutor.executeKeywordForPlatform(KeywordExecutor.groovy:74)
	at com.kms.katalon.core.webui.keyword.WebUiBuiltInKeywords.click(WebUiBuiltInKeywords.groovy:620)
	at com.kms.katalon.core.webui.keyword.WebUiBuiltInKeywords$click$5.call(Unknown Source)
	at 1.6.4 Derogación Viático.run(1.6.4 Derogación Viático:62)
	at com.kms.katalon.core.main.ScriptEngine.run(ScriptEngine.java:194)
	at com.kms.katalon.core.main.ScriptEngine.runScriptAsRawText(ScriptEngine.java:119)
	at com.kms.katalon.core.main.TestCaseExecutor.runScript(TestCaseExecutor.java:445)
	at com.kms.katalon.core.main.TestCaseExecutor.doExecute(TestCaseExecutor.java:436)
	at com.kms.katalon.core.main.TestCaseExecutor.processExecutionPhase(TestCaseExecutor.java:415)
	at com.kms.katalon.core.main.TestCaseExecutor.accessMainPhase(TestCaseExecutor.java:407)
	at com.kms.katalon.core.main.TestCaseExecutor.execute(TestCaseExecutor.java:284)
	at com.kms.katalon.core.common.CommonExecutor.accessTestCaseMainPhase(CommonExecutor.java:65)
	at com.kms.katalon.core.main.TestSuiteExecutor.accessTestSuiteMainPhase(TestSuiteExecutor.java:144)
	at com.kms.katalon.core.main.TestSuiteExecutor.execute(TestSuiteExecutor.java:106)
	at com.kms.katalon.core.main.TestCaseMain.startTestSuite(TestCaseMain.java:185)
	at com.kms.katalon.core.main.TestCaseMain$startTestSuite$0.call(Unknown Source)
	at TempTestSuite1654867643956.run(TempTestSuite1654867643956.groovy:36)
Caused by: com.kms.katalon.core.webui.exception.WebElementNotFoundException: Web element with id: 'Object Repository/1-OBJECTS TAREAS PRINCIPALES/Modulo Actos Administrativos/Modulo Viáticos/Derrogacion viatico/td_01072021' located by '//div[2]/div/div/table/tbody/tr/td/table/tbody/tr/td[2]' not found
	at com.kms.katalon.core.webui.common.WebUiCommonHelper.findWebElement(WebUiCommonHelper.java:1370)
	at com.kms.katalon.core.webui.keyword.internal.WebUIAbstractKeyword.findWebElement(WebUIAbstractKeyword.groovy:27)
	at com.kms.katalon.core.webui.keyword.builtin.ClickKeyword$_click_closure1.doCall(ClickKeyword.groovy:65)
	at com.kms.katalon.core.webui.keyword.builtin.ClickKeyword$_click_closure1.call(ClickKeyword.groovy)
	at com.kms.katalon.core.webui.keyword.internal.WebUIKeywordMain.runKeyword(WebUIKeywordMain.groovy:20)
	... 19 more
"/>
         <system-out><![CDATA[2022-06-10 09:27:25 - [TEST_CASE][FAILED] - Test Cases/1.1-Tareas Principales/1.6.4 Derogación Viático: Test Cases/1.1-Tareas Principales/1.6.4 Derogación Viático FAILED.
Reason:
com.kms.katalon.core.exception.StepFailedException: Unable to click on object 'Object Repository/1-OBJECTS TAREAS PRINCIPALES/Modulo Actos Administrativos/Modulo Viáticos/Derrogacion viatico/td_01072021'
	at com.kms.katalon.core.webui.keyword.internal.WebUIKeywordMain.stepFailed(WebUIKeywordMain.groovy:64)
	at com.kms.katalon.core.webui.keyword.internal.WebUIKeywordMain.runKeyword(WebUIKeywordMain.groovy:26)
	at com.kms.katalon.core.webui.keyword.builtin.ClickKeyword.click(ClickKeyword.groovy:74)
	at com.kms.katalon.core.webui.keyword.builtin.ClickKeyword.execute(ClickKeyword.groovy:40)
	at com.kms.katalon.core.keyword.internal.KeywordExecutor.executeKeywordForPlatform(KeywordExecutor.groovy:74)
	at com.kms.katalon.core.webui.keyword.WebUiBuiltInKeywords.click(WebUiBuiltInKeywords.groovy:620)
	at com.kms.katalon.core.webui.keyword.WebUiBuiltInKeywords$click$5.call(Unknown Source)
	at 1.6.4 Derogación Viático.run(1.6.4 Derogación Viático:62)
	at com.kms.katalon.core.main.ScriptEngine.run(ScriptEngine.java:194)
	at com.kms.katalon.core.main.ScriptEngine.runScriptAsRawText(ScriptEngine.java:119)
	at com.kms.katalon.core.main.TestCaseExecutor.runScript(TestCaseExecutor.java:445)
	at com.kms.katalon.core.main.TestCaseExecutor.doExecute(TestCaseExecutor.java:436)
	at com.kms.katalon.core.main.TestCaseExecutor.processExecutionPhase(TestCaseExecutor.java:415)
	at com.kms.katalon.core.main.TestCaseExecutor.accessMainPhase(TestCaseExecutor.java:407)
	at com.kms.katalon.core.main.TestCaseExecutor.execute(TestCaseExecutor.java:284)
	at com.kms.katalon.core.common.CommonExecutor.accessTestCaseMainPhase(CommonExecutor.java:65)
	at com.kms.katalon.core.main.TestSuiteExecutor.accessTestSuiteMainPhase(TestSuiteExecutor.java:144)
	at com.kms.katalon.core.main.TestSuiteExecutor.execute(TestSuiteExecutor.java:106)
	at com.kms.katalon.core.main.TestCaseMain.startTestSuite(TestCaseMain.java:185)
	at com.kms.katalon.core.main.TestCaseMain$startTestSuite$0.call(Unknown Source)
	at TempTestSuite1654867643956.run(TempTestSuite1654867643956.groovy:36)
Caused by: com.kms.katalon.core.webui.exception.WebElementNotFoundException: Web element with id: 'Object Repository/1-OBJECTS TAREAS PRINCIPALES/Modulo Actos Administrativos/Modulo Viáticos/Derrogacion viatico/td_01072021' located by '//div[2]/div/div/table/tbody/tr/td/table/tbody/tr/td[2]' not found
	at com.kms.katalon.core.webui.common.WebUiCommonHelper.findWebElement(WebUiCommonHelper.java:1370)
	at com.kms.katalon.core.webui.keyword.internal.WebUIAbstractKeyword.findWebElement(WebUIAbstractKeyword.groovy:27)
	at com.kms.katalon.core.webui.keyword.builtin.ClickKeyword$_click_closure1.doCall(ClickKeyword.groovy:65)
	at com.kms.katalon.core.webui.keyword.builtin.ClickKeyword$_click_closure1.call(ClickKeyword.groovy)
	at com.kms.katalon.core.webui.keyword.internal.WebUIKeywordMain.runKeyword(WebUIKeywordMain.groovy:20)
	... 19 more


2022-06-10 09:27:26 - [TEST_STEP][PASSED] - callTestCase(findTestCase("0.1-Login"), [:], STOP_ON_FAILURE): Call Test Case 'Test Cases/0.1-Login' successfully

2022-06-10 09:27:26 - [TEST_CASE][PASSED] - Test Cases/0.1-Login: Test Cases/0.1-Login

2022-06-10 09:27:26 - [TEST_STEP][PASSED] - openBrowser(""): Browser is opened with url: ''

2022-06-10 09:27:26 - [MESSAGE][WARNING] - A browser is already opened. Closing browser and opening a new one

2022-06-10 09:27:27 - [MESSAGE][INFO] - Starting 'Chrome' driver

2022-06-10 09:27:27 - [MESSAGE][INFO] - Action delay is set to 0 milliseconds

2022-06-10 09:27:28 - [MESSAGE][PASSED] - Browser is opened with url: ''

2022-06-10 09:27:28 - [TEST_STEP][PASSED] - maximizeWindow(): Current window maximized

2022-06-10 09:27:28 - [MESSAGE][PASSED] - Current window maximized

2022-06-10 09:27:28 - [TEST_STEP][PASSED] - i = G_Login: null

2022-06-10 09:27:28 - [TEST_STEP][PASSED] - url = new java.net.URL(i): null

2022-06-10 09:27:28 - [TEST_STEP][PASSED] - println("URL: " + url.toString()): null

2022-06-10 09:27:28 - [TEST_STEP][PASSED] - connection = url.openConnection(): null

2022-06-10 09:27:28 - [TEST_STEP][PASSED] - connection.setRequestMethod("GET"): null

2022-06-10 09:27:28 - [TEST_STEP][PASSED] - connection.setReadTimeout(2 * 1000): null

2022-06-10 09:27:28 - [TEST_STEP][PASSED] - try: null

2022-06-10 09:27:28 - [TEST_STEP][PASSED] - connection.connect(): null

2022-06-10 09:27:28 - [TEST_STEP][PASSED] - flag = connected: null

2022-06-10 09:27:28 - [TEST_STEP][PASSED] - println("Valor_ori: " + flag): null

2022-06-10 09:27:28 - [TEST_STEP][PASSED] - if (flag): null

2022-06-10 09:27:28 - [TEST_STEP][PASSED] - navigateToUrl(i): Navigate to 'http://192.168.2.19:8380/saraweb' successfully

2022-06-10 09:27:28 - [MESSAGE][PASSED] - Navigate to 'http://192.168.2.19:8380/saraweb' successfully

2022-06-10 09:27:28 - [TEST_STEP][PASSED] - a(): null

2022-06-10 09:27:28 - [TEST_STEP][PASSED] - setText(findTestObject("3-OBJECTS UTILIDADES/Login/input_USUARIO_loginusuario"), G_Usuario): Text 'saraadmin' is set on object 'Object Repository/3-OBJECTS UTILIDADES/Login/input_USUARIO_loginusuario'

2022-06-10 09:27:29 - [MESSAGE][PASSED] - Text 'saraadmin' is set on object 'Object Repository/3-OBJECTS UTILIDADES/Login/input_USUARIO_loginusuario'

2022-06-10 09:27:29 - [TEST_STEP][PASSED] - setEncryptedText(findTestObject("3-OBJECTS UTILIDADES/Login/input_CLAVE_loginpassword"), "MkG4/TYiCFC3cb2driP7+Q=="): Text ****** has been set on object 'Object Repository/3-OBJECTS UTILIDADES/Login/input_CLAVE_loginpassword'

2022-06-10 09:27:30 - [MESSAGE][PASSED] - Text ****** has been set on object 'Object Repository/3-OBJECTS UTILIDADES/Login/input_CLAVE_loginpassword'

2022-06-10 09:27:30 - [TEST_STEP][PASSED] - waitForElementClickable(findTestObject("3-OBJECTS UTILIDADES/Login/a_Ingresar"), G_TimeOut): Object 'Object Repository/3-OBJECTS UTILIDADES/Login/a_Ingresar' is clickable

2022-06-10 09:27:30 - [MESSAGE][PASSED] - Object 'Object Repository/3-OBJECTS UTILIDADES/Login/a_Ingresar' is clickable

2022-06-10 09:27:30 - [TEST_STEP][PASSED] - click(findTestObject("3-OBJECTS UTILIDADES/Login/a_Ingresar")): Object: 'Object Repository/3-OBJECTS UTILIDADES/Login/a_Ingresar' is clicked on

2022-06-10 09:27:32 - [MESSAGE][PASSED] - Object: 'Object Repository/3-OBJECTS UTILIDADES/Login/a_Ingresar' is clicked on

2022-06-10 09:27:32 - [TEST_STEP][PASSED] - element = findWebElement(findTestObject("3-OBJECTS UTILIDADES/Login/a_Ir"), 30): null

2022-06-10 09:27:32 - [TEST_STEP][PASSED] - executeJavaScript("arguments[0].click()", Arrays.asList(element)): Execute JavaScript 'arguments[0].click()' successfully

2022-06-10 09:27:32 - [MESSAGE][PASSED] - Execute JavaScript 'arguments[0].click()' successfully

2022-06-10 09:27:32 - [MESSAGE][PASSED] - Call Test Case 'Test Cases/0.1-Login' successfully

2022-06-10 09:27:32 - [TEST_STEP][PASSED] - waitForElementClickable(findTestObject("1-OBJECTS TAREAS PRINCIPALES/Modulo Actos Administrativos/Modulo Viáticos/Derrogacion viatico/input_ADMINISTRADOR DEL SISTEMA - SARA_form_templatej_idt24_input"), 0): Object 'Object Repository/1-OBJECTS TAREAS PRINCIPALES/Modulo Actos Administrativos/Modulo Viáticos/Derrogacion viatico/input_ADMINISTRADOR DEL SISTEMA - SARA_form_templatej_idt24_input' is clickable

2022-06-10 09:27:32 - [MESSAGE][WARNING] - Timeout '0' is invalid. Using default page load timeout: '37'

2022-06-10 09:27:33 - [MESSAGE][PASSED] - Object 'Object Repository/1-OBJECTS TAREAS PRINCIPALES/Modulo Actos Administrativos/Modulo Viáticos/Derrogacion viatico/input_ADMINISTRADOR DEL SISTEMA - SARA_form_templatej_idt24_input' is clickable

2022-06-10 09:27:33 - [TEST_STEP][PASSED] - setText(findTestObject("1-OBJECTS TAREAS PRINCIPALES/Modulo Actos Administrativos/Modulo Viáticos/Derrogacion viatico/input_ADMINISTRADOR DEL SISTEMA - SARA_form_templatej_idt24_input"), "listado de viaticos"): Text 'listado de viaticos' is set on object 'Object Repository/1-OBJECTS TAREAS PRINCIPALES/Modulo Actos Administrativos/Modulo Viáticos/Derrogacion viatico/input_ADMINISTRADOR DEL SISTEMA - SARA_form_templatej_idt24_input'

2022-06-10 09:27:34 - [MESSAGE][PASSED] - Text 'listado de viaticos' is set on object 'Object Repository/1-OBJECTS TAREAS PRINCIPALES/Modulo Actos Administrativos/Modulo Viáticos/Derrogacion viatico/input_ADMINISTRADOR DEL SISTEMA - SARA_form_templatej_idt24_input'

2022-06-10 09:27:34 - [TEST_STEP][PASSED] - waitForElementClickable(findTestObject("1-OBJECTS TAREAS PRINCIPALES/Modulo Actos Administrativos/Modulo Viáticos/Derrogacion viatico/li_Listado de Viaticos (act)"), 0): Object 'Object Repository/1-OBJECTS TAREAS PRINCIPALES/Modulo Actos Administrativos/Modulo Viáticos/Derrogacion viatico/li_Listado de Viaticos (act)' is clickable

2022-06-10 09:27:34 - [MESSAGE][WARNING] - Timeout '0' is invalid. Using default page load timeout: '37'

2022-06-10 09:27:35 - [MESSAGE][PASSED] - Object 'Object Repository/1-OBJECTS TAREAS PRINCIPALES/Modulo Actos Administrativos/Modulo Viáticos/Derrogacion viatico/li_Listado de Viaticos (act)' is clickable

2022-06-10 09:27:35 - [TEST_STEP][PASSED] - sendKeys(findTestObject("1-OBJECTS TAREAS PRINCIPALES/Modulo Actos Administrativos/Modulo Viáticos/Derrogacion viatico/input_ADMINISTRADOR DEL SISTEMA - SARA_form_templatej_idt24_input"), Keys.chord(ENTER)): Keys 'ENTER + ' sent to object: 'Object Repository/1-OBJECTS TAREAS PRINCIPALES/Modulo Actos Administrativos/Modulo Viáticos/Derrogacion viatico/input_ADMINISTRADOR DEL SISTEMA - SARA_form_templatej_idt24_input'

2022-06-10 09:27:35 - [MESSAGE][PASSED] - Keys 'ENTER + ' sent to object: 'Object Repository/1-OBJECTS TAREAS PRINCIPALES/Modulo Actos Administrativos/Modulo Viáticos/Derrogacion viatico/input_ADMINISTRADOR DEL SISTEMA - SARA_form_templatej_idt24_input'

2022-06-10 09:27:35 - [TEST_STEP][PASSED] - setText(findTestObject("1-OBJECTS TAREAS PRINCIPALES/Modulo Actos Administrativos/Modulo Viáticos/Crear viatico/input_Ao_form_listadoviaticosanio"), "2021"): Text '2021' is set on object 'Object Repository/1-OBJECTS TAREAS PRINCIPALES/Modulo Actos Administrativos/Modulo Viáticos/Crear viatico/input_Ao_form_listadoviaticosanio'

2022-06-10 09:27:37 - [MESSAGE][PASSED] - Text '2021' is set on object 'Object Repository/1-OBJECTS TAREAS PRINCIPALES/Modulo Actos Administrativos/Modulo Viáticos/Crear viatico/input_Ao_form_listadoviaticosanio'

2022-06-10 09:27:37 - [TEST_STEP][PASSED] - sendKeys(findTestObject("1-OBJECTS TAREAS PRINCIPALES/Modulo Actos Administrativos/Modulo Viáticos/Crear viatico/input_Ao_form_listadoviaticosanio"), Keys.chord(ENTER)): Keys 'ENTER + ' sent to object: 'Object Repository/1-OBJECTS TAREAS PRINCIPALES/Modulo Actos Administrativos/Modulo Viáticos/Crear viatico/input_Ao_form_listadoviaticosanio'

2022-06-10 09:27:38 - [MESSAGE][PASSED] - Keys 'ENTER + ' sent to object: 'Object Repository/1-OBJECTS TAREAS PRINCIPALES/Modulo Actos Administrativos/Modulo Viáticos/Crear viatico/input_Ao_form_listadoviaticosanio'

2022-06-10 09:27:38 - [TEST_STEP][PASSED] - click(findTestObject("1-OBJECTS TAREAS PRINCIPALES/Modulo Actos Administrativos/Modulo Viáticos/Derrogacion viatico/a_Nuevo")): Object: 'Object Repository/1-OBJECTS TAREAS PRINCIPALES/Modulo Actos Administrativos/Modulo Viáticos/Derrogacion viatico/a_Nuevo' is clicked on

2022-06-10 09:27:38 - [MESSAGE][PASSED] - Object: 'Object Repository/1-OBJECTS TAREAS PRINCIPALES/Modulo Actos Administrativos/Modulo Viáticos/Derrogacion viatico/a_Nuevo' is clicked on

2022-06-10 09:27:38 - [TEST_STEP][PASSED] - waitForElementClickable(findTestObject("1-OBJECTS TAREAS PRINCIPALES/Modulo Actos Administrativos/Modulo Viáticos/Derrogacion viatico/span_Solicita derogacin de una solicitud"), 0): Object 'Object Repository/1-OBJECTS TAREAS PRINCIPALES/Modulo Actos Administrativos/Modulo Viáticos/Derrogacion viatico/span_Solicita derogacin de una solicitud' is clickable

2022-06-10 09:27:38 - [MESSAGE][WARNING] - Timeout '0' is invalid. Using default page load timeout: '37'

2022-06-10 09:27:39 - [MESSAGE][PASSED] - Object 'Object Repository/1-OBJECTS TAREAS PRINCIPALES/Modulo Actos Administrativos/Modulo Viáticos/Derrogacion viatico/span_Solicita derogacin de una solicitud' is clickable

2022-06-10 09:27:39 - [TEST_STEP][PASSED] - click(findTestObject("1-OBJECTS TAREAS PRINCIPALES/Modulo Actos Administrativos/Modulo Viáticos/Derrogacion viatico/span_Solicita derogacin de una solicitud")): Object: 'Object Repository/1-OBJECTS TAREAS PRINCIPALES/Modulo Actos Administrativos/Modulo Viáticos/Derrogacion viatico/span_Solicita derogacin de una solicitud' is clicked on

2022-06-10 09:27:39 - [MESSAGE][PASSED] - Object: 'Object Repository/1-OBJECTS TAREAS PRINCIPALES/Modulo Actos Administrativos/Modulo Viáticos/Derrogacion viatico/span_Solicita derogacin de una solicitud' is clicked on

2022-06-10 09:27:39 - [TEST_STEP][PASSED] - waitForElementClickable(findTestObject("1-OBJECTS TAREAS PRINCIPALES/Modulo Actos Administrativos/Modulo Viáticos/Derrogacion viatico/input_Documento_form_listadoviaticosfechaViat_input"), 0): Object 'Object Repository/1-OBJECTS TAREAS PRINCIPALES/Modulo Actos Administrativos/Modulo Viáticos/Derrogacion viatico/input_Documento_form_listadoviaticosfechaViat_input' is clickable

2022-06-10 09:27:39 - [MESSAGE][WARNING] - Timeout '0' is invalid. Using default page load timeout: '37'

2022-06-10 09:27:40 - [MESSAGE][PASSED] - Object 'Object Repository/1-OBJECTS TAREAS PRINCIPALES/Modulo Actos Administrativos/Modulo Viáticos/Derrogacion viatico/input_Documento_form_listadoviaticosfechaViat_input' is clickable

2022-06-10 09:27:40 - [TEST_STEP][PASSED] - setText(findTestObject("1-OBJECTS TAREAS PRINCIPALES/Modulo Actos Administrativos/Modulo Viáticos/Derrogacion viatico/input_Documento_form_listadoviaticosfechaViat_input"), "01/07/2021"): Text '01/07/2021' is set on object 'Object Repository/1-OBJECTS TAREAS PRINCIPALES/Modulo Actos Administrativos/Modulo Viáticos/Derrogacion viatico/input_Documento_form_listadoviaticosfechaViat_input'

2022-06-10 09:27:41 - [MESSAGE][PASSED] - Text '01/07/2021' is set on object 'Object Repository/1-OBJECTS TAREAS PRINCIPALES/Modulo Actos Administrativos/Modulo Viáticos/Derrogacion viatico/input_Documento_form_listadoviaticosfechaViat_input'

2022-06-10 09:27:41 - [TEST_STEP][PASSED] - sendKeys(findTestObject("1-OBJECTS TAREAS PRINCIPALES/Modulo Actos Administrativos/Modulo Viáticos/Derrogacion viatico/input_Documento_form_listadoviaticosfechaViat_input"), Keys.chord(ENTER)): Keys 'ENTER + ' sent to object: 'Object Repository/1-OBJECTS TAREAS PRINCIPALES/Modulo Actos Administrativos/Modulo Viáticos/Derrogacion viatico/input_Documento_form_listadoviaticosfechaViat_input'

2022-06-10 09:27:41 - [MESSAGE][PASSED] - Keys 'ENTER + ' sent to object: 'Object Repository/1-OBJECTS TAREAS PRINCIPALES/Modulo Actos Administrativos/Modulo Viáticos/Derrogacion viatico/input_Documento_form_listadoviaticosfechaViat_input'

2022-06-10 09:27:41 - [TEST_STEP][PASSED] - sendKeys(findTestObject("1-OBJECTS TAREAS PRINCIPALES/Modulo Actos Administrativos/Modulo Viáticos/Derrogacion viatico/input_Documento_form_listadoviaticosfechaViat_input"), Keys.chord(ESCAPE)): Keys 'ESCAPE + ' sent to object: 'Object Repository/1-OBJECTS TAREAS PRINCIPALES/Modulo Actos Administrativos/Modulo Viáticos/Derrogacion viatico/input_Documento_form_listadoviaticosfechaViat_input'

2022-06-10 09:27:42 - [MESSAGE][PASSED] - Keys 'ESCAPE + ' sent to object: 'Object Repository/1-OBJECTS TAREAS PRINCIPALES/Modulo Actos Administrativos/Modulo Viáticos/Derrogacion viatico/input_Documento_form_listadoviaticosfechaViat_input'

2022-06-10 09:27:42 - [TEST_STEP][PASSED] - waitForElementClickable(findTestObject("1-OBJECTS TAREAS PRINCIPALES/Modulo Actos Administrativos/Modulo Viáticos/Derrogacion viatico/td_01072021"), 0): Web element with id: 'Object Repository/1-OBJECTS TAREAS PRINCIPALES/Modulo Actos Administrativos/Modulo Viáticos/Derrogacion viatico/td_01072021' located by '//div[2]/div/div/table/tbody/tr/td/table/tbody/tr/td[2]' not found

2022-06-10 09:27:42 - [MESSAGE][WARNING] - Timeout '0' is invalid. Using default page load timeout: '37'

2022-06-10 09:28:20 - [MESSAGE][INFO] - Unable to find the element located by 'By.xpath: //div[2]/div/div/table/tbody/tr/td/table/tbody/tr/td[2]'. Please recheck the objects properties to make sure the desired element is located. 

2022-06-10 09:28:20 - [MESSAGE][WARNING] - Web element with id: 'Object Repository/1-OBJECTS TAREAS PRINCIPALES/Modulo Actos Administrativos/Modulo Viáticos/Derrogacion viatico/td_01072021' located by '//div[2]/div/div/table/tbody/tr/td/table/tbody/tr/td[2]' not found

2022-06-10 09:28:20 - [TEST_STEP][FAILED] - click(findTestObject("1-OBJECTS TAREAS PRINCIPALES/Modulo Actos Administrativos/Modulo Viáticos/Derrogacion viatico/td_01072021")): Unable to click on object 'Object Repository/1-OBJECTS TAREAS PRINCIPALES/Modulo Actos Administrativos/Modulo Viáticos/Derrogacion viatico/td_01072021' (Root cause: com.kms.katalon.core.exception.StepFailedException: Unable to click on object 'Object Repository/1-OBJECTS TAREAS PRINCIPALES/Modulo Actos Administrativos/Modulo Viáticos/Derrogacion viatico/td_01072021'
	at com.kms.katalon.core.webui.keyword.internal.WebUIKeywordMain.stepFailed(WebUIKeywordMain.groovy:64)
	at com.kms.katalon.core.webui.keyword.internal.WebUIKeywordMain.runKeyword(WebUIKeywordMain.groovy:26)
	at com.kms.katalon.core.webui.keyword.builtin.ClickKeyword.click(ClickKeyword.groovy:74)
	at com.kms.katalon.core.webui.keyword.builtin.ClickKeyword.execute(ClickKeyword.groovy:40)
	at com.kms.katalon.core.keyword.internal.KeywordExecutor.executeKeywordForPlatform(KeywordExecutor.groovy:74)
	at com.kms.katalon.core.webui.keyword.WebUiBuiltInKeywords.click(WebUiBuiltInKeywords.groovy:620)
	at com.kms.katalon.core.webui.keyword.WebUiBuiltInKeywords$click$5.call(Unknown Source)
	at 1.6.4 Derogación Viático.run(1.6.4 Derogación Viático:62)
	at com.kms.katalon.core.main.ScriptEngine.run(ScriptEngine.java:194)
	at com.kms.katalon.core.main.ScriptEngine.runScriptAsRawText(ScriptEngine.java:119)
	at com.kms.katalon.core.main.TestCaseExecutor.runScript(TestCaseExecutor.java:445)
	at com.kms.katalon.core.main.TestCaseExecutor.doExecute(TestCaseExecutor.java:436)
	at com.kms.katalon.core.main.TestCaseExecutor.processExecutionPhase(TestCaseExecutor.java:415)
	at com.kms.katalon.core.main.TestCaseExecutor.accessMainPhase(TestCaseExecutor.java:407)
	at com.kms.katalon.core.main.TestCaseExecutor.execute(TestCaseExecutor.java:284)
	at com.kms.katalon.core.common.CommonExecutor.accessTestCaseMainPhase(CommonExecutor.java:65)
	at com.kms.katalon.core.main.TestSuiteExecutor.accessTestSuiteMainPhase(TestSuiteExecutor.java:144)
	at com.kms.katalon.core.main.TestSuiteExecutor.execute(TestSuiteExecutor.java:106)
	at com.kms.katalon.core.main.TestCaseMain.startTestSuite(TestCaseMain.java:185)
	at com.kms.katalon.core.main.TestCaseMain$startTestSuite$0.call(Unknown Source)
	at TempTestSuite1654867643956.run(TempTestSuite1654867643956.groovy:36)
Caused by: com.kms.katalon.core.webui.exception.WebElementNotFoundException: Web element with id: 'Object Repository/1-OBJECTS TAREAS PRINCIPALES/Modulo Actos Administrativos/Modulo Viáticos/Derrogacion viatico/td_01072021' located by '//div[2]/div/div/table/tbody/tr/td/table/tbody/tr/td[2]' not found
	at com.kms.katalon.core.webui.common.WebUiCommonHelper.findWebElement(WebUiCommonHelper.java:1370)
	at com.kms.katalon.core.webui.keyword.internal.WebUIAbstractKeyword.findWebElement(WebUIAbstractKeyword.groovy:27)
	at com.kms.katalon.core.webui.keyword.builtin.ClickKeyword$_click_closure1.doCall(ClickKeyword.groovy:65)
	at com.kms.katalon.core.webui.keyword.builtin.ClickKeyword$_click_closure1.call(ClickKeyword.groovy)
	at com.kms.katalon.core.webui.keyword.internal.WebUIKeywordMain.runKeyword(WebUIKeywordMain.groovy:20)
	at com.kms.katalon.core.webui.keyword.builtin.ClickKeyword.click(ClickKeyword.groovy:74)
	at com.kms.katalon.core.webui.keyword.builtin.ClickKeyword.execute(ClickKeyword.groovy:40)
	at com.kms.katalon.core.keyword.internal.KeywordExecutor.executeKeywordForPlatform(KeywordExecutor.groovy:74)
	at com.kms.katalon.core.webui.keyword.WebUiBuiltInKeywords.click(WebUiBuiltInKeywords.groovy:620)
	at com.kms.katalon.core.webui.keyword.WebUiBuiltInKeywords$click$5.call(Unknown Source)
	at Script1647360314405.run(Script1647360314405.groovy:62)
	... 13 more
)

2022-06-10 09:28:58 - [MESSAGE][INFO] - Unable to find the element located by 'By.xpath: //div[2]/div/div/table/tbody/tr/td/table/tbody/tr/td[2]'. Please recheck the objects properties to make sure the desired element is located. 

2022-06-10 09:28:58 - [MESSAGE][FAILED] - Unable to click on object 'Object Repository/1-OBJECTS TAREAS PRINCIPALES/Modulo Actos Administrativos/Modulo Viáticos/Derrogacion viatico/td_01072021' (Root cause: com.kms.katalon.core.exception.StepFailedException: Unable to click on object 'Object Repository/1-OBJECTS TAREAS PRINCIPALES/Modulo Actos Administrativos/Modulo Viáticos/Derrogacion viatico/td_01072021'
	at com.kms.katalon.core.webui.keyword.internal.WebUIKeywordMain.stepFailed(WebUIKeywordMain.groovy:64)
	at com.kms.katalon.core.webui.keyword.internal.WebUIKeywordMain.runKeyword(WebUIKeywordMain.groovy:26)
	at com.kms.katalon.core.webui.keyword.builtin.ClickKeyword.click(ClickKeyword.groovy:74)
	at com.kms.katalon.core.webui.keyword.builtin.ClickKeyword.execute(ClickKeyword.groovy:40)
	at com.kms.katalon.core.keyword.internal.KeywordExecutor.executeKeywordForPlatform(KeywordExecutor.groovy:74)
	at com.kms.katalon.core.webui.keyword.WebUiBuiltInKeywords.click(WebUiBuiltInKeywords.groovy:620)
	at com.kms.katalon.core.webui.keyword.WebUiBuiltInKeywords$click$5.call(Unknown Source)
	at 1.6.4 Derogación Viático.run(1.6.4 Derogación Viático:62)
	at com.kms.katalon.core.main.ScriptEngine.run(ScriptEngine.java:194)
	at com.kms.katalon.core.main.ScriptEngine.runScriptAsRawText(ScriptEngine.java:119)
	at com.kms.katalon.core.main.TestCaseExecutor.runScript(TestCaseExecutor.java:445)
	at com.kms.katalon.core.main.TestCaseExecutor.doExecute(TestCaseExecutor.java:436)
	at com.kms.katalon.core.main.TestCaseExecutor.processExecutionPhase(TestCaseExecutor.java:415)
	at com.kms.katalon.core.main.TestCaseExecutor.accessMainPhase(TestCaseExecutor.java:407)
	at com.kms.katalon.core.main.TestCaseExecutor.execute(TestCaseExecutor.java:284)
	at com.kms.katalon.core.common.CommonExecutor.accessTestCaseMainPhase(CommonExecutor.java:65)
	at com.kms.katalon.core.main.TestSuiteExecutor.accessTestSuiteMainPhase(TestSuiteExecutor.java:144)
	at com.kms.katalon.core.main.TestSuiteExecutor.execute(TestSuiteExecutor.java:106)
	at com.kms.katalon.core.main.TestCaseMain.startTestSuite(TestCaseMain.java:185)
	at com.kms.katalon.core.main.TestCaseMain$startTestSuite$0.call(Unknown Source)
	at TempTestSuite1654867643956.run(TempTestSuite1654867643956.groovy:36)
Caused by: com.kms.katalon.core.webui.exception.WebElementNotFoundException: Web element with id: 'Object Repository/1-OBJECTS TAREAS PRINCIPALES/Modulo Actos Administrativos/Modulo Viáticos/Derrogacion viatico/td_01072021' located by '//div[2]/div/div/table/tbody/tr/td/table/tbody/tr/td[2]' not found
	at com.kms.katalon.core.webui.common.WebUiCommonHelper.findWebElement(WebUiCommonHelper.java:1370)
	at com.kms.katalon.core.webui.keyword.internal.WebUIAbstractKeyword.findWebElement(WebUIAbstractKeyword.groovy:27)
	at com.kms.katalon.core.webui.keyword.builtin.ClickKeyword$_click_closure1.doCall(ClickKeyword.groovy:65)
	at com.kms.katalon.core.webui.keyword.builtin.ClickKeyword$_click_closure1.call(ClickKeyword.groovy)
	at com.kms.katalon.core.webui.keyword.internal.WebUIKeywordMain.runKeyword(WebUIKeywordMain.groovy:20)
	at com.kms.katalon.core.webui.keyword.builtin.ClickKeyword.click(ClickKeyword.groovy:74)
	at com.kms.katalon.core.webui.keyword.builtin.ClickKeyword.execute(ClickKeyword.groovy:40)
	at com.kms.katalon.core.keyword.internal.KeywordExecutor.executeKeywordForPlatform(KeywordExecutor.groovy:74)
	at com.kms.katalon.core.webui.keyword.WebUiBuiltInKeywords.click(WebUiBuiltInKeywords.groovy:620)
	at com.kms.katalon.core.webui.keyword.WebUiBuiltInKeywords$click$5.call(Unknown Source)
	at Script1647360314405.run(Script1647360314405.groovy:62)
	... 13 more
)
[[ATTACHMENT|C:\\Users\\diego.rojas\\git\\Pruebas-Minimas\\Reports\\20220610_082723\\Test_Suite_Principales\\1-Tareas Principales\\20220610_082723\\1654871338828.png]]]]></system-out>
         <system-err><![CDATA[2022-06-10 09:27:25 - [TEST_CASE][FAILED] - Test Cases/1.1-Tareas Principales/1.6.4 Derogación Viático: Test Cases/1.1-Tareas Principales/1.6.4 Derogación Viático FAILED.
Reason:
com.kms.katalon.core.exception.StepFailedException: Unable to click on object 'Object Repository/1-OBJECTS TAREAS PRINCIPALES/Modulo Actos Administrativos/Modulo Viáticos/Derrogacion viatico/td_01072021'
	at com.kms.katalon.core.webui.keyword.internal.WebUIKeywordMain.stepFailed(WebUIKeywordMain.groovy:64)
	at com.kms.katalon.core.webui.keyword.internal.WebUIKeywordMain.runKeyword(WebUIKeywordMain.groovy:26)
	at com.kms.katalon.core.webui.keyword.builtin.ClickKeyword.click(ClickKeyword.groovy:74)
	at com.kms.katalon.core.webui.keyword.builtin.ClickKeyword.execute(ClickKeyword.groovy:40)
	at com.kms.katalon.core.keyword.internal.KeywordExecutor.executeKeywordForPlatform(KeywordExecutor.groovy:74)
	at com.kms.katalon.core.webui.keyword.WebUiBuiltInKeywords.click(WebUiBuiltInKeywords.groovy:620)
	at com.kms.katalon.core.webui.keyword.WebUiBuiltInKeywords$click$5.call(Unknown Source)
	at 1.6.4 Derogación Viático.run(1.6.4 Derogación Viático:62)
	at com.kms.katalon.core.main.ScriptEngine.run(ScriptEngine.java:194)
	at com.kms.katalon.core.main.ScriptEngine.runScriptAsRawText(ScriptEngine.java:119)
	at com.kms.katalon.core.main.TestCaseExecutor.runScript(TestCaseExecutor.java:445)
	at com.kms.katalon.core.main.TestCaseExecutor.doExecute(TestCaseExecutor.java:436)
	at com.kms.katalon.core.main.TestCaseExecutor.processExecutionPhase(TestCaseExecutor.java:415)
	at com.kms.katalon.core.main.TestCaseExecutor.accessMainPhase(TestCaseExecutor.java:407)
	at com.kms.katalon.core.main.TestCaseExecutor.execute(TestCaseExecutor.java:284)
	at com.kms.katalon.core.common.CommonExecutor.accessTestCaseMainPhase(CommonExecutor.java:65)
	at com.kms.katalon.core.main.TestSuiteExecutor.accessTestSuiteMainPhase(TestSuiteExecutor.java:144)
	at com.kms.katalon.core.main.TestSuiteExecutor.execute(TestSuiteExecutor.java:106)
	at com.kms.katalon.core.main.TestCaseMain.startTestSuite(TestCaseMain.java:185)
	at com.kms.katalon.core.main.TestCaseMain$startTestSuite$0.call(Unknown Source)
	at TempTestSuite1654867643956.run(TempTestSuite1654867643956.groovy:36)
Caused by: com.kms.katalon.core.webui.exception.WebElementNotFoundException: Web element with id: 'Object Repository/1-OBJECTS TAREAS PRINCIPALES/Modulo Actos Administrativos/Modulo Viáticos/Derrogacion viatico/td_01072021' located by '//div[2]/div/div/table/tbody/tr/td/table/tbody/tr/td[2]' not found
	at com.kms.katalon.core.webui.common.WebUiCommonHelper.findWebElement(WebUiCommonHelper.java:1370)
	at com.kms.katalon.core.webui.keyword.internal.WebUIAbstractKeyword.findWebElement(WebUIAbstractKeyword.groovy:27)
	at com.kms.katalon.core.webui.keyword.builtin.ClickKeyword$_click_closure1.doCall(ClickKeyword.groovy:65)
	at com.kms.katalon.core.webui.keyword.builtin.ClickKeyword$_click_closure1.call(ClickKeyword.groovy)
	at com.kms.katalon.core.webui.keyword.internal.WebUIKeywordMain.runKeyword(WebUIKeywordMain.groovy:20)
	... 19 more]]></system-err>
      </testcase>
      <testcase name="Test Cases/1.1-Tareas Principales/1.7.1 Crear Histórico Vacaciones" time="34.006" classname="Test Cases/1.1-Tareas Principales/1.7.1 Crear Histórico Vacaciones" status="PASSED">
         <system-out><![CDATA[2022-06-10 09:28:58 - [TEST_CASE][PASSED] - Test Cases/1.1-Tareas Principales/1.7.1 Crear Histórico Vacaciones: Test Cases/1.1-Tareas Principales/1.7.1 Crear Histórico Vacaciones

2022-06-10 09:28:59 - [TEST_STEP][PASSED] - callTestCase(findTestCase("0.1-Login"), [:], STOP_ON_FAILURE): Call Test Case 'Test Cases/0.1-Login' successfully

2022-06-10 09:28:59 - [TEST_CASE][PASSED] - Test Cases/0.1-Login: Test Cases/0.1-Login

2022-06-10 09:28:59 - [TEST_STEP][PASSED] - openBrowser(""): Browser is opened with url: ''

2022-06-10 09:28:59 - [MESSAGE][WARNING] - A browser is already opened. Closing browser and opening a new one

2022-06-10 09:29:00 - [MESSAGE][INFO] - Starting 'Chrome' driver

2022-06-10 09:29:00 - [MESSAGE][INFO] - Action delay is set to 0 milliseconds

2022-06-10 09:29:01 - [MESSAGE][PASSED] - Browser is opened with url: ''

2022-06-10 09:29:01 - [TEST_STEP][PASSED] - maximizeWindow(): Current window maximized

2022-06-10 09:29:01 - [MESSAGE][PASSED] - Current window maximized

2022-06-10 09:29:01 - [TEST_STEP][PASSED] - i = G_Login: null

2022-06-10 09:29:01 - [TEST_STEP][PASSED] - url = new java.net.URL(i): null

2022-06-10 09:29:01 - [TEST_STEP][PASSED] - println("URL: " + url.toString()): null

2022-06-10 09:29:01 - [TEST_STEP][PASSED] - connection = url.openConnection(): null

2022-06-10 09:29:01 - [TEST_STEP][PASSED] - connection.setRequestMethod("GET"): null

2022-06-10 09:29:01 - [TEST_STEP][PASSED] - connection.setReadTimeout(2 * 1000): null

2022-06-10 09:29:01 - [TEST_STEP][PASSED] - try: null

2022-06-10 09:29:01 - [TEST_STEP][PASSED] - connection.connect(): null

2022-06-10 09:29:01 - [TEST_STEP][PASSED] - flag = connected: null

2022-06-10 09:29:01 - [TEST_STEP][PASSED] - println("Valor_ori: " + flag): null

2022-06-10 09:29:01 - [TEST_STEP][PASSED] - if (flag): null

2022-06-10 09:29:01 - [TEST_STEP][PASSED] - navigateToUrl(i): Navigate to 'http://192.168.2.19:8380/saraweb' successfully

2022-06-10 09:29:02 - [MESSAGE][PASSED] - Navigate to 'http://192.168.2.19:8380/saraweb' successfully

2022-06-10 09:29:02 - [TEST_STEP][PASSED] - a(): null

2022-06-10 09:29:02 - [TEST_STEP][PASSED] - setText(findTestObject("3-OBJECTS UTILIDADES/Login/input_USUARIO_loginusuario"), G_Usuario): Text 'saraadmin' is set on object 'Object Repository/3-OBJECTS UTILIDADES/Login/input_USUARIO_loginusuario'

2022-06-10 09:29:02 - [MESSAGE][PASSED] - Text 'saraadmin' is set on object 'Object Repository/3-OBJECTS UTILIDADES/Login/input_USUARIO_loginusuario'

2022-06-10 09:29:02 - [TEST_STEP][PASSED] - setEncryptedText(findTestObject("3-OBJECTS UTILIDADES/Login/input_CLAVE_loginpassword"), "MkG4/TYiCFC3cb2driP7+Q=="): Text ****** has been set on object 'Object Repository/3-OBJECTS UTILIDADES/Login/input_CLAVE_loginpassword'

2022-06-10 09:29:03 - [MESSAGE][PASSED] - Text ****** has been set on object 'Object Repository/3-OBJECTS UTILIDADES/Login/input_CLAVE_loginpassword'

2022-06-10 09:29:03 - [TEST_STEP][PASSED] - waitForElementClickable(findTestObject("3-OBJECTS UTILIDADES/Login/a_Ingresar"), G_TimeOut): Object 'Object Repository/3-OBJECTS UTILIDADES/Login/a_Ingresar' is clickable

2022-06-10 09:29:03 - [MESSAGE][PASSED] - Object 'Object Repository/3-OBJECTS UTILIDADES/Login/a_Ingresar' is clickable

2022-06-10 09:29:03 - [TEST_STEP][PASSED] - click(findTestObject("3-OBJECTS UTILIDADES/Login/a_Ingresar")): Object: 'Object Repository/3-OBJECTS UTILIDADES/Login/a_Ingresar' is clicked on

2022-06-10 09:29:05 - [MESSAGE][PASSED] - Object: 'Object Repository/3-OBJECTS UTILIDADES/Login/a_Ingresar' is clicked on

2022-06-10 09:29:05 - [TEST_STEP][PASSED] - element = findWebElement(findTestObject("3-OBJECTS UTILIDADES/Login/a_Ir"), 30): null

2022-06-10 09:29:05 - [TEST_STEP][PASSED] - executeJavaScript("arguments[0].click()", Arrays.asList(element)): Execute JavaScript 'arguments[0].click()' successfully

2022-06-10 09:29:05 - [MESSAGE][PASSED] - Execute JavaScript 'arguments[0].click()' successfully

2022-06-10 09:29:05 - [MESSAGE][PASSED] - Call Test Case 'Test Cases/0.1-Login' successfully

2022-06-10 09:29:05 - [TEST_STEP][PASSED] - waitForElementClickable(findTestObject("1-OBJECTS TAREAS PRINCIPALES/Modulo Tarea Compensacion/Crear Histórico Vacaciones/input_ADMINISTRADOR DEL SISTEMA - SARA_form_templatej_idt24_input"), 0): Object 'Object Repository/1-OBJECTS TAREAS PRINCIPALES/Modulo Tarea Compensacion/Crear Histórico Vacaciones/input_ADMINISTRADOR DEL SISTEMA - SARA_form_templatej_idt24_input' is clickable

2022-06-10 09:29:05 - [MESSAGE][WARNING] - Timeout '0' is invalid. Using default page load timeout: '37'

2022-06-10 09:29:06 - [MESSAGE][PASSED] - Object 'Object Repository/1-OBJECTS TAREAS PRINCIPALES/Modulo Tarea Compensacion/Crear Histórico Vacaciones/input_ADMINISTRADOR DEL SISTEMA - SARA_form_templatej_idt24_input' is clickable

2022-06-10 09:29:06 - [TEST_STEP][PASSED] - setText(findTestObject("1-OBJECTS TAREAS PRINCIPALES/Modulo Tarea Compensacion/Crear Histórico Vacaciones/input_ADMINISTRADOR DEL SISTEMA - SARA_form_templatej_idt24_input"), "Listado de Empleados"): Text 'Listado de Empleados' is set on object 'Object Repository/1-OBJECTS TAREAS PRINCIPALES/Modulo Tarea Compensacion/Crear Histórico Vacaciones/input_ADMINISTRADOR DEL SISTEMA - SARA_form_templatej_idt24_input'

2022-06-10 09:29:07 - [MESSAGE][PASSED] - Text 'Listado de Empleados' is set on object 'Object Repository/1-OBJECTS TAREAS PRINCIPALES/Modulo Tarea Compensacion/Crear Histórico Vacaciones/input_ADMINISTRADOR DEL SISTEMA - SARA_form_templatej_idt24_input'

2022-06-10 09:29:07 - [TEST_STEP][PASSED] - waitForElementClickable(findTestObject("1-OBJECTS TAREAS PRINCIPALES/Modulo Tarea Compensacion/Crear Histórico Vacaciones/span_Listado de Empleados"), 0): Object 'Object Repository/1-OBJECTS TAREAS PRINCIPALES/Modulo Tarea Compensacion/Crear Histórico Vacaciones/span_Listado de Empleados' is clickable

2022-06-10 09:29:07 - [MESSAGE][WARNING] - Timeout '0' is invalid. Using default page load timeout: '37'

2022-06-10 09:29:08 - [MESSAGE][PASSED] - Object 'Object Repository/1-OBJECTS TAREAS PRINCIPALES/Modulo Tarea Compensacion/Crear Histórico Vacaciones/span_Listado de Empleados' is clickable

2022-06-10 09:29:08 - [TEST_STEP][PASSED] - sendKeys(findTestObject("1-OBJECTS TAREAS PRINCIPALES/Modulo Tarea Compensacion/Crear Histórico Vacaciones/input_ADMINISTRADOR DEL SISTEMA - SARA_form_templatej_idt24_input"), Keys.chord(ENTER)): Keys 'ENTER + ' sent to object: 'Object Repository/1-OBJECTS TAREAS PRINCIPALES/Modulo Tarea Compensacion/Crear Histórico Vacaciones/input_ADMINISTRADOR DEL SISTEMA - SARA_form_templatej_idt24_input'

2022-06-10 09:29:08 - [MESSAGE][PASSED] - Keys 'ENTER + ' sent to object: 'Object Repository/1-OBJECTS TAREAS PRINCIPALES/Modulo Tarea Compensacion/Crear Histórico Vacaciones/input_ADMINISTRADOR DEL SISTEMA - SARA_form_templatej_idt24_input'

2022-06-10 09:29:08 - [TEST_STEP][PASSED] - setText(findTestObject("1-OBJECTS TAREAS PRINCIPALES/Modulo Tarea Compensacion/Crear Histórico Vacaciones/input_Identificacin_1234567890"), "1234567890"): Text '1234567890' is set on object 'Object Repository/1-OBJECTS TAREAS PRINCIPALES/Modulo Tarea Compensacion/Crear Histórico Vacaciones/input_Identificacin_1234567890'

2022-06-10 09:29:10 - [MESSAGE][PASSED] - Text '1234567890' is set on object 'Object Repository/1-OBJECTS TAREAS PRINCIPALES/Modulo Tarea Compensacion/Crear Histórico Vacaciones/input_Identificacin_1234567890'

2022-06-10 09:29:10 - [TEST_STEP][PASSED] - sendKeys(findTestObject("1-OBJECTS TAREAS PRINCIPALES/Modulo Tarea Compensacion/Crear Histórico Vacaciones/input_Identificacin_1234567890"), Keys.chord(ENTER)): Keys 'ENTER + ' sent to object: 'Object Repository/1-OBJECTS TAREAS PRINCIPALES/Modulo Tarea Compensacion/Crear Histórico Vacaciones/input_Identificacin_1234567890'

2022-06-10 09:29:10 - [MESSAGE][PASSED] - Keys 'ENTER + ' sent to object: 'Object Repository/1-OBJECTS TAREAS PRINCIPALES/Modulo Tarea Compensacion/Crear Histórico Vacaciones/input_Identificacin_1234567890'

2022-06-10 09:29:10 - [TEST_STEP][PASSED] - click(findTestObject("1-OBJECTS TAREAS PRINCIPALES/Modulo Tarea Compensacion/Crear Histórico Vacaciones/span_Gomez Jose")): Object: 'Object Repository/1-OBJECTS TAREAS PRINCIPALES/Modulo Tarea Compensacion/Crear Histórico Vacaciones/span_Gomez Jose' is clicked on

2022-06-10 09:29:11 - [MESSAGE][PASSED] - Object: 'Object Repository/1-OBJECTS TAREAS PRINCIPALES/Modulo Tarea Compensacion/Crear Histórico Vacaciones/span_Gomez Jose' is clicked on

2022-06-10 09:29:11 - [TEST_STEP][PASSED] - click(findTestObject("1-OBJECTS TAREAS PRINCIPALES/Modulo Tarea Compensacion/Crear Histórico Vacaciones/a_Vacacin")): Object: 'Object Repository/1-OBJECTS TAREAS PRINCIPALES/Modulo Tarea Compensacion/Crear Histórico Vacaciones/a_Vacacin' is clicked on

2022-06-10 09:29:11 - [MESSAGE][PASSED] - Object: 'Object Repository/1-OBJECTS TAREAS PRINCIPALES/Modulo Tarea Compensacion/Crear Histórico Vacaciones/a_Vacacin' is clicked on

2022-06-10 09:29:11 - [TEST_STEP][PASSED] - if (waitForElementClickable(findTestObject("1-OBJECTS TAREAS PRINCIPALES/Modulo Tarea Compensacion/Crear Histórico Vacaciones/span_Programacion De Vacaciones"), 1)): null

2022-06-10 09:29:12 - [MESSAGE][PASSED] - Object 'Object Repository/1-OBJECTS TAREAS PRINCIPALES/Modulo Tarea Compensacion/Crear Histórico Vacaciones/span_Programacion De Vacaciones' is clickable

2022-06-10 09:29:12 - [TEST_STEP][PASSED] - click(findTestObject("1-OBJECTS TAREAS PRINCIPALES/Modulo Tarea Compensacion/Crear Histórico Vacaciones/span_Programacion De Vacaciones")): Object: 'Object Repository/1-OBJECTS TAREAS PRINCIPALES/Modulo Tarea Compensacion/Crear Histórico Vacaciones/span_Programacion De Vacaciones' is clicked on

2022-06-10 09:29:13 - [MESSAGE][PASSED] - Object: 'Object Repository/1-OBJECTS TAREAS PRINCIPALES/Modulo Tarea Compensacion/Crear Histórico Vacaciones/span_Programacion De Vacaciones' is clicked on

2022-06-10 09:29:13 - [TEST_STEP][PASSED] - click(findTestObject("1-OBJECTS TAREAS PRINCIPALES/Modulo Tarea Compensacion/Crear Histórico Vacaciones/a_Eliminar_Programacion")): Object: 'Object Repository/1-OBJECTS TAREAS PRINCIPALES/Modulo Tarea Compensacion/Crear Histórico Vacaciones/a_Eliminar_Programacion' is clicked on

2022-06-10 09:29:13 - [MESSAGE][PASSED] - Object: 'Object Repository/1-OBJECTS TAREAS PRINCIPALES/Modulo Tarea Compensacion/Crear Histórico Vacaciones/a_Eliminar_Programacion' is clicked on

2022-06-10 09:29:13 - [TEST_STEP][PASSED] - click(findTestObject("1-OBJECTS TAREAS PRINCIPALES/Modulo Tarea Compensacion/Crear Histórico Vacaciones/a_Aceptar_Eliminar_Programacion")): Object: 'Object Repository/1-OBJECTS TAREAS PRINCIPALES/Modulo Tarea Compensacion/Crear Histórico Vacaciones/a_Aceptar_Eliminar_Programacion' is clicked on

2022-06-10 09:29:14 - [MESSAGE][PASSED] - Object: 'Object Repository/1-OBJECTS TAREAS PRINCIPALES/Modulo Tarea Compensacion/Crear Histórico Vacaciones/a_Aceptar_Eliminar_Programacion' is clicked on

2022-06-10 09:29:14 - [TEST_STEP][PASSED] - if (waitForElementClickable(findTestObject("1-OBJECTS TAREAS PRINCIPALES/Modulo Tarea Compensacion/Crear Histórico Vacaciones/td_Programada"), 1)): Web element with id: 'Object Repository/1-OBJECTS TAREAS PRINCIPALES/Modulo Tarea Compensacion/Crear Histórico Vacaciones/td_Programada' located by '//*/text()[normalize-space(.)='Programada']/parent::*' not found

2022-06-10 09:29:16 - [MESSAGE][INFO] - Unable to find the element located by 'By.xpath: //*/text()[normalize-space(.)='Programada']/parent::*'. Please recheck the objects properties to make sure the desired element is located. 

2022-06-10 09:29:16 - [MESSAGE][WARNING] - Web element with id: 'Object Repository/1-OBJECTS TAREAS PRINCIPALES/Modulo Tarea Compensacion/Crear Histórico Vacaciones/td_Programada' located by '//*/text()[normalize-space(.)='Programada']/parent::*' not found

2022-06-10 09:29:16 - [TEST_STEP][PASSED] - waitForElementClickable(findTestObject("1-OBJECTS TAREAS PRINCIPALES/Modulo Tarea Compensacion/Crear Histórico Vacaciones/a_Pestaa_Histrico"), 0): Object 'Object Repository/1-OBJECTS TAREAS PRINCIPALES/Modulo Tarea Compensacion/Crear Histórico Vacaciones/a_Pestaa_Histrico' is clickable

2022-06-10 09:29:16 - [MESSAGE][WARNING] - Timeout '0' is invalid. Using default page load timeout: '37'

2022-06-10 09:29:16 - [MESSAGE][PASSED] - Object 'Object Repository/1-OBJECTS TAREAS PRINCIPALES/Modulo Tarea Compensacion/Crear Histórico Vacaciones/a_Pestaa_Histrico' is clickable

2022-06-10 09:29:16 - [TEST_STEP][PASSED] - click(findTestObject("1-OBJECTS TAREAS PRINCIPALES/Modulo Tarea Compensacion/Crear Histórico Vacaciones/a_Pestaa_Histrico")): Object: 'Object Repository/1-OBJECTS TAREAS PRINCIPALES/Modulo Tarea Compensacion/Crear Histórico Vacaciones/a_Pestaa_Histrico' is clicked on

2022-06-10 09:29:17 - [MESSAGE][PASSED] - Object: 'Object Repository/1-OBJECTS TAREAS PRINCIPALES/Modulo Tarea Compensacion/Crear Histórico Vacaciones/a_Pestaa_Histrico' is clicked on

2022-06-10 09:29:17 - [TEST_STEP][PASSED] - click(findTestObject("1-OBJECTS TAREAS PRINCIPALES/Modulo Tarea Compensacion/Crear Histórico Vacaciones/a_Nuevo historico")): Object: 'Object Repository/1-OBJECTS TAREAS PRINCIPALES/Modulo Tarea Compensacion/Crear Histórico Vacaciones/a_Nuevo historico' is clicked on

2022-06-10 09:29:17 - [MESSAGE][PASSED] - Object: 'Object Repository/1-OBJECTS TAREAS PRINCIPALES/Modulo Tarea Compensacion/Crear Histórico Vacaciones/a_Nuevo historico' is clicked on

2022-06-10 09:29:17 - [TEST_STEP][PASSED] - waitForElementClickable(findTestObject("1-OBJECTS TAREAS PRINCIPALES/Modulo Tarea Compensacion/Crear Histórico Vacaciones/select_Seleccione_PROGRAMACION DE VACACIONES"), 0): Object 'Object Repository/1-OBJECTS TAREAS PRINCIPALES/Modulo Tarea Compensacion/Crear Histórico Vacaciones/select_Seleccione_PROGRAMACION DE VACACIONES' is clickable

2022-06-10 09:29:17 - [MESSAGE][WARNING] - Timeout '0' is invalid. Using default page load timeout: '37'

2022-06-10 09:29:18 - [MESSAGE][PASSED] - Object 'Object Repository/1-OBJECTS TAREAS PRINCIPALES/Modulo Tarea Compensacion/Crear Histórico Vacaciones/select_Seleccione_PROGRAMACION DE VACACIONES' is clickable

2022-06-10 09:29:18 - [TEST_STEP][PASSED] - selectOptionByIndex(findTestObject("1-OBJECTS TAREAS PRINCIPALES/Modulo Tarea Compensacion/Crear Histórico Vacaciones/select_Seleccione_PROGRAMACION DE VACACIONES"), "2"): All options with index in [2] are selected on object 'Object Repository/1-OBJECTS TAREAS PRINCIPALES/Modulo Tarea Compensacion/Crear Histórico Vacaciones/select_Seleccione_PROGRAMACION DE VACACIONES'

2022-06-10 09:29:19 - [MESSAGE][PASSED] - All options with index in [2] are selected on object 'Object Repository/1-OBJECTS TAREAS PRINCIPALES/Modulo Tarea Compensacion/Crear Histórico Vacaciones/select_Seleccione_PROGRAMACION DE VACACIONES'

2022-06-10 09:29:19 - [TEST_STEP][PASSED] - selectOptionByIndex(findTestObject("1-OBJECTS TAREAS PRINCIPALES/Modulo Tarea Compensacion/Crear Histórico Vacaciones/select_Seleccione_No Aplica"), "2"): All options with index in [2] are selected on object 'Object Repository/1-OBJECTS TAREAS PRINCIPALES/Modulo Tarea Compensacion/Crear Histórico Vacaciones/select_Seleccione_No Aplica'

2022-06-10 09:29:20 - [MESSAGE][PASSED] - All options with index in [2] are selected on object 'Object Repository/1-OBJECTS TAREAS PRINCIPALES/Modulo Tarea Compensacion/Crear Histórico Vacaciones/select_Seleccione_No Aplica'

2022-06-10 09:29:20 - [TEST_STEP][PASSED] - selectOptionByIndex(findTestObject("1-OBJECTS TAREAS PRINCIPALES/Modulo Tarea Compensacion/Crear Histórico Vacaciones/select_Seleccione_AUSENTISMO"), "1"): All options with index in [1] are selected on object 'Object Repository/1-OBJECTS TAREAS PRINCIPALES/Modulo Tarea Compensacion/Crear Histórico Vacaciones/select_Seleccione_AUSENTISMO'

2022-06-10 09:29:21 - [MESSAGE][PASSED] - All options with index in [1] are selected on object 'Object Repository/1-OBJECTS TAREAS PRINCIPALES/Modulo Tarea Compensacion/Crear Histórico Vacaciones/select_Seleccione_AUSENTISMO'

2022-06-10 09:29:21 - [TEST_STEP][PASSED] - setText(findTestObject("1-OBJECTS TAREAS PRINCIPALES/Modulo Tarea Compensacion/Crear Histórico Vacaciones/input_Periodo Disfrute_form_vacaciones_Comienzo"), "01/07/2021"): Text '01/07/2021' is set on object 'Object Repository/1-OBJECTS TAREAS PRINCIPALES/Modulo Tarea Compensacion/Crear Histórico Vacaciones/input_Periodo Disfrute_form_vacaciones_Comienzo'

2022-06-10 09:29:22 - [MESSAGE][PASSED] - Text '01/07/2021' is set on object 'Object Repository/1-OBJECTS TAREAS PRINCIPALES/Modulo Tarea Compensacion/Crear Histórico Vacaciones/input_Periodo Disfrute_form_vacaciones_Comienzo'

2022-06-10 09:29:22 - [TEST_STEP][PASSED] - setText(findTestObject("1-OBJECTS TAREAS PRINCIPALES/Modulo Tarea Compensacion/Crear Histórico Vacaciones/input_Periodo Disfrute_form_vacaciones_Final"), "07/07/2021"): Text '07/07/2021' is set on object 'Object Repository/1-OBJECTS TAREAS PRINCIPALES/Modulo Tarea Compensacion/Crear Histórico Vacaciones/input_Periodo Disfrute_form_vacaciones_Final'

2022-06-10 09:29:23 - [MESSAGE][PASSED] - Text '07/07/2021' is set on object 'Object Repository/1-OBJECTS TAREAS PRINCIPALES/Modulo Tarea Compensacion/Crear Histórico Vacaciones/input_Periodo Disfrute_form_vacaciones_Final'

2022-06-10 09:29:23 - [TEST_STEP][PASSED] - setText(findTestObject("1-OBJECTS TAREAS PRINCIPALES/Modulo Tarea Compensacion/Crear Histórico Vacaciones/input_Fecha Regreso Nomina"), "08/07/2021"): Text '08/07/2021' is set on object 'Object Repository/1-OBJECTS TAREAS PRINCIPALES/Modulo Tarea Compensacion/Crear Histórico Vacaciones/input_Fecha Regreso Nomina'

2022-06-10 09:29:24 - [MESSAGE][PASSED] - Text '08/07/2021' is set on object 'Object Repository/1-OBJECTS TAREAS PRINCIPALES/Modulo Tarea Compensacion/Crear Histórico Vacaciones/input_Fecha Regreso Nomina'

2022-06-10 09:29:24 - [TEST_STEP][PASSED] - setText(findTestObject("1-OBJECTS TAREAS PRINCIPALES/Modulo Tarea Compensacion/Crear Histórico Vacaciones/input_Dias"), "6"): Text '6' is set on object 'Object Repository/1-OBJECTS TAREAS PRINCIPALES/Modulo Tarea Compensacion/Crear Histórico Vacaciones/input_Dias'

2022-06-10 09:29:25 - [MESSAGE][PASSED] - Text '6' is set on object 'Object Repository/1-OBJECTS TAREAS PRINCIPALES/Modulo Tarea Compensacion/Crear Histórico Vacaciones/input_Dias'

2022-06-10 09:29:25 - [TEST_STEP][PASSED] - setText(findTestObject("1-OBJECTS TAREAS PRINCIPALES/Modulo Tarea Compensacion/Crear Histórico Vacaciones/input_Periodo Servicio_Inicio"), "01/07/2021"): Text '01/07/2021' is set on object 'Object Repository/1-OBJECTS TAREAS PRINCIPALES/Modulo Tarea Compensacion/Crear Histórico Vacaciones/input_Periodo Servicio_Inicio'

2022-06-10 09:29:26 - [MESSAGE][PASSED] - Text '01/07/2021' is set on object 'Object Repository/1-OBJECTS TAREAS PRINCIPALES/Modulo Tarea Compensacion/Crear Histórico Vacaciones/input_Periodo Servicio_Inicio'

2022-06-10 09:29:26 - [TEST_STEP][PASSED] - setText(findTestObject("1-OBJECTS TAREAS PRINCIPALES/Modulo Tarea Compensacion/Crear Histórico Vacaciones/input_Periodo Servicio_Final"), "07/07/2021"): Text '07/07/2021' is set on object 'Object Repository/1-OBJECTS TAREAS PRINCIPALES/Modulo Tarea Compensacion/Crear Histórico Vacaciones/input_Periodo Servicio_Final'

2022-06-10 09:29:27 - [MESSAGE][PASSED] - Text '07/07/2021' is set on object 'Object Repository/1-OBJECTS TAREAS PRINCIPALES/Modulo Tarea Compensacion/Crear Histórico Vacaciones/input_Periodo Servicio_Final'

2022-06-10 09:29:27 - [TEST_STEP][PASSED] - sendKeys(findTestObject("1-OBJECTS TAREAS PRINCIPALES/Modulo Tarea Compensacion/Crear Histórico Vacaciones/input_Periodo Servicio_Final"), Keys.chord(ESCAPE)): Keys 'ESCAPE + ' sent to object: 'Object Repository/1-OBJECTS TAREAS PRINCIPALES/Modulo Tarea Compensacion/Crear Histórico Vacaciones/input_Periodo Servicio_Final'

2022-06-10 09:29:27 - [MESSAGE][PASSED] - Keys 'ESCAPE + ' sent to object: 'Object Repository/1-OBJECTS TAREAS PRINCIPALES/Modulo Tarea Compensacion/Crear Histórico Vacaciones/input_Periodo Servicio_Final'

2022-06-10 09:29:27 - [TEST_STEP][PASSED] - setText(findTestObject("1-OBJECTS TAREAS PRINCIPALES/Modulo Tarea Compensacion/Crear Histórico Vacaciones/textarea_Observacin"), "PRUEBA"): Text 'PRUEBA' is set on object 'Object Repository/1-OBJECTS TAREAS PRINCIPALES/Modulo Tarea Compensacion/Crear Histórico Vacaciones/textarea_Observacin'

2022-06-10 09:29:28 - [MESSAGE][PASSED] - Text 'PRUEBA' is set on object 'Object Repository/1-OBJECTS TAREAS PRINCIPALES/Modulo Tarea Compensacion/Crear Histórico Vacaciones/textarea_Observacin'

2022-06-10 09:29:28 - [TEST_STEP][PASSED] - waitForElementClickable(findTestObject("1-OBJECTS TAREAS PRINCIPALES/Modulo Tarea Compensacion/Crear Histórico Vacaciones/a_Guardar"), 0): Object 'Object Repository/1-OBJECTS TAREAS PRINCIPALES/Modulo Tarea Compensacion/Crear Histórico Vacaciones/a_Guardar' is clickable

2022-06-10 09:29:28 - [MESSAGE][WARNING] - Timeout '0' is invalid. Using default page load timeout: '37'

2022-06-10 09:29:28 - [MESSAGE][PASSED] - Object 'Object Repository/1-OBJECTS TAREAS PRINCIPALES/Modulo Tarea Compensacion/Crear Histórico Vacaciones/a_Guardar' is clickable

2022-06-10 09:29:28 - [TEST_STEP][PASSED] - click(findTestObject("1-OBJECTS TAREAS PRINCIPALES/Modulo Tarea Compensacion/Crear Histórico Vacaciones/a_Guardar")): Object: 'Object Repository/1-OBJECTS TAREAS PRINCIPALES/Modulo Tarea Compensacion/Crear Histórico Vacaciones/a_Guardar' is clicked on

2022-06-10 09:29:29 - [MESSAGE][PASSED] - Object: 'Object Repository/1-OBJECTS TAREAS PRINCIPALES/Modulo Tarea Compensacion/Crear Histórico Vacaciones/a_Guardar' is clicked on

2022-06-10 09:29:29 - [TEST_STEP][PASSED] - Result = getText(findTestObject("3-OBJECTS UTILIDADES/Alerta/Alerta")): Text of object 'Object Repository/3-OBJECTS UTILIDADES/Alerta/Alerta' is: 'Se Ingreso el registro'

2022-06-10 09:29:30 - [MESSAGE][PASSED] - Text of object 'Object Repository/3-OBJECTS UTILIDADES/Alerta/Alerta' is: 'Se Ingreso el registro'

2022-06-10 09:29:30 - [TEST_STEP][PASSED] - waitForElementClickable(findTestObject("1-OBJECTS TAREAS PRINCIPALES/Modulo Tarea Compensacion/Crear Histórico Vacaciones/a_Eliminar_Historico"), 0): Object 'Object Repository/1-OBJECTS TAREAS PRINCIPALES/Modulo Tarea Compensacion/Crear Histórico Vacaciones/a_Eliminar_Historico' is clickable

2022-06-10 09:29:30 - [MESSAGE][WARNING] - Timeout '0' is invalid. Using default page load timeout: '37'

2022-06-10 09:29:30 - [MESSAGE][PASSED] - Object 'Object Repository/1-OBJECTS TAREAS PRINCIPALES/Modulo Tarea Compensacion/Crear Histórico Vacaciones/a_Eliminar_Historico' is clickable

2022-06-10 09:29:30 - [TEST_STEP][PASSED] - click(findTestObject("1-OBJECTS TAREAS PRINCIPALES/Modulo Tarea Compensacion/Crear Histórico Vacaciones/a_Eliminar_Historico")): Object: 'Object Repository/1-OBJECTS TAREAS PRINCIPALES/Modulo Tarea Compensacion/Crear Histórico Vacaciones/a_Eliminar_Historico' is clicked on

2022-06-10 09:29:31 - [MESSAGE][PASSED] - Object: 'Object Repository/1-OBJECTS TAREAS PRINCIPALES/Modulo Tarea Compensacion/Crear Histórico Vacaciones/a_Eliminar_Historico' is clicked on

2022-06-10 09:29:31 - [TEST_STEP][PASSED] - waitForElementClickable(findTestObject("1-OBJECTS TAREAS PRINCIPALES/Modulo Tarea Compensacion/Crear Histórico Vacaciones/a_Aceptar_Eliminar_ Historico"), 0): Object 'Object Repository/1-OBJECTS TAREAS PRINCIPALES/Modulo Tarea Compensacion/Crear Histórico Vacaciones/a_Aceptar_Eliminar_ Historico' is clickable

2022-06-10 09:29:31 - [MESSAGE][WARNING] - Timeout '0' is invalid. Using default page load timeout: '37'

2022-06-10 09:29:31 - [MESSAGE][PASSED] - Object 'Object Repository/1-OBJECTS TAREAS PRINCIPALES/Modulo Tarea Compensacion/Crear Histórico Vacaciones/a_Aceptar_Eliminar_ Historico' is clickable

2022-06-10 09:29:31 - [TEST_STEP][PASSED] - click(findTestObject("1-OBJECTS TAREAS PRINCIPALES/Modulo Tarea Compensacion/Crear Histórico Vacaciones/a_Aceptar_Eliminar_ Historico")): Object: 'Object Repository/1-OBJECTS TAREAS PRINCIPALES/Modulo Tarea Compensacion/Crear Histórico Vacaciones/a_Aceptar_Eliminar_ Historico' is clicked on

2022-06-10 09:29:32 - [MESSAGE][PASSED] - Object: 'Object Repository/1-OBJECTS TAREAS PRINCIPALES/Modulo Tarea Compensacion/Crear Histórico Vacaciones/a_Aceptar_Eliminar_ Historico' is clicked on

2022-06-10 09:29:32 - [TEST_STEP][PASSED] - getText(findTestObject("3-OBJECTS UTILIDADES/Alerta/Alerta")): Text of object 'Object Repository/3-OBJECTS UTILIDADES/Alerta/Alerta' is: 'Se elimino el registro'

2022-06-10 09:29:32 - [MESSAGE][PASSED] - Text of object 'Object Repository/3-OBJECTS UTILIDADES/Alerta/Alerta' is: 'Se elimino el registro'

2022-06-10 09:29:32 - [TEST_STEP][PASSED] - if (Result == "Se Ingreso el registro"): null

2022-06-10 09:29:32 - [TEST_STEP][PASSED] - Resultado = "Prueba ok": null]]></system-out>
         <system-err><![CDATA[]]></system-err>
      </testcase>
      <testcase name="Test Cases/1.1-Tareas Principales/1.7.2 Crear Histórica Incapacidad" time="32.745" classname="Test Cases/1.1-Tareas Principales/1.7.2 Crear Histórica Incapacidad" status="PASSED">
         <system-out><![CDATA[2022-06-10 09:29:32 - [TEST_CASE][PASSED] - Test Cases/1.1-Tareas Principales/1.7.2 Crear Histórica Incapacidad: Test Cases/1.1-Tareas Principales/1.7.2 Crear Histórica Incapacidad

2022-06-10 09:29:33 - [TEST_STEP][PASSED] - callTestCase(findTestCase("0.1-Login"), [:], STOP_ON_FAILURE): Call Test Case 'Test Cases/0.1-Login' successfully

2022-06-10 09:29:33 - [TEST_CASE][PASSED] - Test Cases/0.1-Login: Test Cases/0.1-Login

2022-06-10 09:29:33 - [TEST_STEP][PASSED] - openBrowser(""): Browser is opened with url: ''

2022-06-10 09:29:33 - [MESSAGE][WARNING] - A browser is already opened. Closing browser and opening a new one

2022-06-10 09:29:34 - [MESSAGE][INFO] - Starting 'Chrome' driver

2022-06-10 09:29:34 - [MESSAGE][INFO] - Action delay is set to 0 milliseconds

2022-06-10 09:29:35 - [MESSAGE][PASSED] - Browser is opened with url: ''

2022-06-10 09:29:35 - [TEST_STEP][PASSED] - maximizeWindow(): Current window maximized

2022-06-10 09:29:35 - [MESSAGE][PASSED] - Current window maximized

2022-06-10 09:29:35 - [TEST_STEP][PASSED] - i = G_Login: null

2022-06-10 09:29:35 - [TEST_STEP][PASSED] - url = new java.net.URL(i): null

2022-06-10 09:29:35 - [TEST_STEP][PASSED] - println("URL: " + url.toString()): null

2022-06-10 09:29:35 - [TEST_STEP][PASSED] - connection = url.openConnection(): null

2022-06-10 09:29:35 - [TEST_STEP][PASSED] - connection.setRequestMethod("GET"): null

2022-06-10 09:29:35 - [TEST_STEP][PASSED] - connection.setReadTimeout(2 * 1000): null

2022-06-10 09:29:35 - [TEST_STEP][PASSED] - try: null

2022-06-10 09:29:35 - [TEST_STEP][PASSED] - connection.connect(): null

2022-06-10 09:29:35 - [TEST_STEP][PASSED] - flag = connected: null

2022-06-10 09:29:35 - [TEST_STEP][PASSED] - println("Valor_ori: " + flag): null

2022-06-10 09:29:35 - [TEST_STEP][PASSED] - if (flag): null

2022-06-10 09:29:35 - [TEST_STEP][PASSED] - navigateToUrl(i): Navigate to 'http://192.168.2.19:8380/saraweb' successfully

2022-06-10 09:29:35 - [MESSAGE][PASSED] - Navigate to 'http://192.168.2.19:8380/saraweb' successfully

2022-06-10 09:29:35 - [TEST_STEP][PASSED] - a(): null

2022-06-10 09:29:35 - [TEST_STEP][PASSED] - setText(findTestObject("3-OBJECTS UTILIDADES/Login/input_USUARIO_loginusuario"), G_Usuario): Text 'saraadmin' is set on object 'Object Repository/3-OBJECTS UTILIDADES/Login/input_USUARIO_loginusuario'

2022-06-10 09:29:36 - [MESSAGE][PASSED] - Text 'saraadmin' is set on object 'Object Repository/3-OBJECTS UTILIDADES/Login/input_USUARIO_loginusuario'

2022-06-10 09:29:36 - [TEST_STEP][PASSED] - setEncryptedText(findTestObject("3-OBJECTS UTILIDADES/Login/input_CLAVE_loginpassword"), "MkG4/TYiCFC3cb2driP7+Q=="): Text ****** has been set on object 'Object Repository/3-OBJECTS UTILIDADES/Login/input_CLAVE_loginpassword'

2022-06-10 09:29:37 - [MESSAGE][PASSED] - Text ****** has been set on object 'Object Repository/3-OBJECTS UTILIDADES/Login/input_CLAVE_loginpassword'

2022-06-10 09:29:37 - [TEST_STEP][PASSED] - waitForElementClickable(findTestObject("3-OBJECTS UTILIDADES/Login/a_Ingresar"), G_TimeOut): Object 'Object Repository/3-OBJECTS UTILIDADES/Login/a_Ingresar' is clickable

2022-06-10 09:29:37 - [MESSAGE][PASSED] - Object 'Object Repository/3-OBJECTS UTILIDADES/Login/a_Ingresar' is clickable

2022-06-10 09:29:37 - [TEST_STEP][PASSED] - click(findTestObject("3-OBJECTS UTILIDADES/Login/a_Ingresar")): Object: 'Object Repository/3-OBJECTS UTILIDADES/Login/a_Ingresar' is clicked on

2022-06-10 09:29:38 - [MESSAGE][PASSED] - Object: 'Object Repository/3-OBJECTS UTILIDADES/Login/a_Ingresar' is clicked on

2022-06-10 09:29:38 - [TEST_STEP][PASSED] - element = findWebElement(findTestObject("3-OBJECTS UTILIDADES/Login/a_Ir"), 30): null

2022-06-10 09:29:38 - [TEST_STEP][PASSED] - executeJavaScript("arguments[0].click()", Arrays.asList(element)): Execute JavaScript 'arguments[0].click()' successfully

2022-06-10 09:29:38 - [MESSAGE][PASSED] - Execute JavaScript 'arguments[0].click()' successfully

2022-06-10 09:29:38 - [MESSAGE][PASSED] - Call Test Case 'Test Cases/0.1-Login' successfully

2022-06-10 09:29:38 - [TEST_STEP][PASSED] - waitForElementClickable(findTestObject("1-OBJECTS TAREAS PRINCIPALES/Modulo Tarea Compensacion/Crear Histórica Incapacidad/input_ADMINISTRADOR DEL SISTEMA - SARA_form_templatej_idt24_input"), 0): Object 'Object Repository/1-OBJECTS TAREAS PRINCIPALES/Modulo Tarea Compensacion/Crear Histórica Incapacidad/input_ADMINISTRADOR DEL SISTEMA - SARA_form_templatej_idt24_input' is clickable

2022-06-10 09:29:38 - [MESSAGE][WARNING] - Timeout '0' is invalid. Using default page load timeout: '37'

2022-06-10 09:29:39 - [MESSAGE][PASSED] - Object 'Object Repository/1-OBJECTS TAREAS PRINCIPALES/Modulo Tarea Compensacion/Crear Histórica Incapacidad/input_ADMINISTRADOR DEL SISTEMA - SARA_form_templatej_idt24_input' is clickable

2022-06-10 09:29:39 - [TEST_STEP][PASSED] - setText(findTestObject("1-OBJECTS TAREAS PRINCIPALES/Modulo Tarea Compensacion/Crear Histórica Incapacidad/input_ADMINISTRADOR DEL SISTEMA - SARA_form_templatej_idt24_input"), "Listado de empleados"): Text 'Listado de empleados' is set on object 'Object Repository/1-OBJECTS TAREAS PRINCIPALES/Modulo Tarea Compensacion/Crear Histórica Incapacidad/input_ADMINISTRADOR DEL SISTEMA - SARA_form_templatej_idt24_input'

2022-06-10 09:29:40 - [MESSAGE][PASSED] - Text 'Listado de empleados' is set on object 'Object Repository/1-OBJECTS TAREAS PRINCIPALES/Modulo Tarea Compensacion/Crear Histórica Incapacidad/input_ADMINISTRADOR DEL SISTEMA - SARA_form_templatej_idt24_input'

2022-06-10 09:29:40 - [TEST_STEP][PASSED] - waitForElementClickable(findTestObject("1-OBJECTS TAREAS PRINCIPALES/Modulo Tarea Compensacion/Crear Histórica Incapacidad/span_Listado de Empleados"), 0): Object 'Object Repository/1-OBJECTS TAREAS PRINCIPALES/Modulo Tarea Compensacion/Crear Histórica Incapacidad/span_Listado de Empleados' is clickable

2022-06-10 09:29:40 - [MESSAGE][WARNING] - Timeout '0' is invalid. Using default page load timeout: '37'

2022-06-10 09:29:41 - [MESSAGE][PASSED] - Object 'Object Repository/1-OBJECTS TAREAS PRINCIPALES/Modulo Tarea Compensacion/Crear Histórica Incapacidad/span_Listado de Empleados' is clickable

2022-06-10 09:29:41 - [TEST_STEP][PASSED] - sendKeys(findTestObject("1-OBJECTS TAREAS PRINCIPALES/Modulo Tarea Compensacion/Crear Histórica Incapacidad/input_ADMINISTRADOR DEL SISTEMA - SARA_form_templatej_idt24_input"), Keys.chord(ENTER)): Keys 'ENTER + ' sent to object: 'Object Repository/1-OBJECTS TAREAS PRINCIPALES/Modulo Tarea Compensacion/Crear Histórica Incapacidad/input_ADMINISTRADOR DEL SISTEMA - SARA_form_templatej_idt24_input'

2022-06-10 09:29:42 - [MESSAGE][PASSED] - Keys 'ENTER + ' sent to object: 'Object Repository/1-OBJECTS TAREAS PRINCIPALES/Modulo Tarea Compensacion/Crear Histórica Incapacidad/input_ADMINISTRADOR DEL SISTEMA - SARA_form_templatej_idt24_input'

2022-06-10 09:29:42 - [TEST_STEP][PASSED] - setText(findTestObject("1-OBJECTS TAREAS PRINCIPALES/Modulo Tarea Compensacion/Crear Histórica Incapacidad/input_Identificacin_1234567890"), "1234567890"): Text '1234567890' is set on object 'Object Repository/1-OBJECTS TAREAS PRINCIPALES/Modulo Tarea Compensacion/Crear Histórica Incapacidad/input_Identificacin_1234567890'

2022-06-10 09:29:43 - [MESSAGE][PASSED] - Text '1234567890' is set on object 'Object Repository/1-OBJECTS TAREAS PRINCIPALES/Modulo Tarea Compensacion/Crear Histórica Incapacidad/input_Identificacin_1234567890'

2022-06-10 09:29:43 - [TEST_STEP][PASSED] - sendKeys(findTestObject("1-OBJECTS TAREAS PRINCIPALES/Modulo Tarea Compensacion/Crear Histórica Incapacidad/input_Identificacin_1234567890"), Keys.chord(ENTER)): Keys 'ENTER + ' sent to object: 'Object Repository/1-OBJECTS TAREAS PRINCIPALES/Modulo Tarea Compensacion/Crear Histórica Incapacidad/input_Identificacin_1234567890'

2022-06-10 09:29:44 - [MESSAGE][PASSED] - Keys 'ENTER + ' sent to object: 'Object Repository/1-OBJECTS TAREAS PRINCIPALES/Modulo Tarea Compensacion/Crear Histórica Incapacidad/input_Identificacin_1234567890'

2022-06-10 09:29:44 - [TEST_STEP][PASSED] - click(findTestObject("1-OBJECTS TAREAS PRINCIPALES/Modulo Tarea Compensacion/Crear Histórica Incapacidad/span_Gomez Jose")): Object: 'Object Repository/1-OBJECTS TAREAS PRINCIPALES/Modulo Tarea Compensacion/Crear Histórica Incapacidad/span_Gomez Jose' is clicked on

2022-06-10 09:29:44 - [MESSAGE][PASSED] - Object: 'Object Repository/1-OBJECTS TAREAS PRINCIPALES/Modulo Tarea Compensacion/Crear Histórica Incapacidad/span_Gomez Jose' is clicked on

2022-06-10 09:29:44 - [TEST_STEP][PASSED] - click(findTestObject("1-OBJECTS TAREAS PRINCIPALES/Modulo Tarea Compensacion/Crear Histórica Incapacidad/a_Incapacidad")): Object: 'Object Repository/1-OBJECTS TAREAS PRINCIPALES/Modulo Tarea Compensacion/Crear Histórica Incapacidad/a_Incapacidad' is clicked on

2022-06-10 09:29:45 - [MESSAGE][PASSED] - Object: 'Object Repository/1-OBJECTS TAREAS PRINCIPALES/Modulo Tarea Compensacion/Crear Histórica Incapacidad/a_Incapacidad' is clicked on

2022-06-10 09:29:45 - [TEST_STEP][PASSED] - waitForElementClickable(findTestObject("1-OBJECTS TAREAS PRINCIPALES/Modulo Tarea Compensacion/Crear Histórica Incapacidad/a_Histrico_Pestaa"), 0): Object 'Object Repository/1-OBJECTS TAREAS PRINCIPALES/Modulo Tarea Compensacion/Crear Histórica Incapacidad/a_Histrico_Pestaa' is clickable

2022-06-10 09:29:45 - [MESSAGE][WARNING] - Timeout '0' is invalid. Using default page load timeout: '37'

2022-06-10 09:29:46 - [MESSAGE][PASSED] - Object 'Object Repository/1-OBJECTS TAREAS PRINCIPALES/Modulo Tarea Compensacion/Crear Histórica Incapacidad/a_Histrico_Pestaa' is clickable

2022-06-10 09:29:46 - [TEST_STEP][PASSED] - click(findTestObject("1-OBJECTS TAREAS PRINCIPALES/Modulo Tarea Compensacion/Crear Histórica Incapacidad/a_Histrico_Pestaa")): Object: 'Object Repository/1-OBJECTS TAREAS PRINCIPALES/Modulo Tarea Compensacion/Crear Histórica Incapacidad/a_Histrico_Pestaa' is clicked on

2022-06-10 09:29:46 - [MESSAGE][PASSED] - Object: 'Object Repository/1-OBJECTS TAREAS PRINCIPALES/Modulo Tarea Compensacion/Crear Histórica Incapacidad/a_Histrico_Pestaa' is clicked on

2022-06-10 09:29:46 - [TEST_STEP][PASSED] - if (waitForElementClickable(findTestObject("1-OBJECTS TAREAS PRINCIPALES/Modulo Tarea Compensacion/Crear Histórica Incapacidad/span_Enfermedad General 21"), 1)): Web element with id: 'Object Repository/1-OBJECTS TAREAS PRINCIPALES/Modulo Tarea Compensacion/Crear Histórica Incapacidad/span_Enfermedad General 21' located by '//*/text()[normalize-space(.)='ENFERMEDAD GENERAL 21']/parent::*' not found

2022-06-10 09:29:48 - [MESSAGE][INFO] - Unable to find the element located by 'By.xpath: //*/text()[normalize-space(.)='ENFERMEDAD GENERAL 21']/parent::*'. Please recheck the objects properties to make sure the desired element is located. 

2022-06-10 09:29:48 - [MESSAGE][WARNING] - Web element with id: 'Object Repository/1-OBJECTS TAREAS PRINCIPALES/Modulo Tarea Compensacion/Crear Histórica Incapacidad/span_Enfermedad General 21' located by '//*/text()[normalize-space(.)='ENFERMEDAD GENERAL 21']/parent::*' not found

2022-06-10 09:29:48 - [TEST_STEP][PASSED] - click(findTestObject("1-OBJECTS TAREAS PRINCIPALES/Modulo Tarea Compensacion/Crear Histórica Incapacidad/a_Nuevo")): Object: 'Object Repository/1-OBJECTS TAREAS PRINCIPALES/Modulo Tarea Compensacion/Crear Histórica Incapacidad/a_Nuevo' is clicked on

2022-06-10 09:29:49 - [MESSAGE][PASSED] - Object: 'Object Repository/1-OBJECTS TAREAS PRINCIPALES/Modulo Tarea Compensacion/Crear Histórica Incapacidad/a_Nuevo' is clicked on

2022-06-10 09:29:49 - [TEST_STEP][PASSED] - waitForElementClickable(findTestObject("1-OBJECTS TAREAS PRINCIPALES/Modulo Tarea Compensacion/Crear Histórica Incapacidad/span_Enfermedad General 21"), 0): Object 'Object Repository/1-OBJECTS TAREAS PRINCIPALES/Modulo Tarea Compensacion/Crear Histórica Incapacidad/span_Enfermedad General 21' is clickable

2022-06-10 09:29:49 - [MESSAGE][WARNING] - Timeout '0' is invalid. Using default page load timeout: '37'

2022-06-10 09:29:50 - [MESSAGE][PASSED] - Object 'Object Repository/1-OBJECTS TAREAS PRINCIPALES/Modulo Tarea Compensacion/Crear Histórica Incapacidad/span_Enfermedad General 21' is clickable

2022-06-10 09:29:50 - [TEST_STEP][PASSED] - click(findTestObject("1-OBJECTS TAREAS PRINCIPALES/Modulo Tarea Compensacion/Crear Histórica Incapacidad/span_Enfermedad General 21")): Object: 'Object Repository/1-OBJECTS TAREAS PRINCIPALES/Modulo Tarea Compensacion/Crear Histórica Incapacidad/span_Enfermedad General 21' is clicked on

2022-06-10 09:29:50 - [MESSAGE][PASSED] - Object: 'Object Repository/1-OBJECTS TAREAS PRINCIPALES/Modulo Tarea Compensacion/Crear Histórica Incapacidad/span_Enfermedad General 21' is clicked on

2022-06-10 09:29:50 - [TEST_STEP][PASSED] - click(findTestObject("1-OBJECTS TAREAS PRINCIPALES/Modulo Tarea Compensacion/Crear Histórica Incapacidad/label_NO")): Object: 'Object Repository/1-OBJECTS TAREAS PRINCIPALES/Modulo Tarea Compensacion/Crear Histórica Incapacidad/label_NO' is clicked on

2022-06-10 09:29:51 - [MESSAGE][PASSED] - Object: 'Object Repository/1-OBJECTS TAREAS PRINCIPALES/Modulo Tarea Compensacion/Crear Histórica Incapacidad/label_NO' is clicked on

2022-06-10 09:29:51 - [TEST_STEP][PASSED] - setText(findTestObject("1-OBJECTS TAREAS PRINCIPALES/Modulo Tarea Compensacion/Crear Histórica Incapacidad/input_Salida"), "01/01/2021"): Text '01/01/2021' is set on object 'Object Repository/1-OBJECTS TAREAS PRINCIPALES/Modulo Tarea Compensacion/Crear Histórica Incapacidad/input_Salida'

2022-06-10 09:29:52 - [MESSAGE][PASSED] - Text '01/01/2021' is set on object 'Object Repository/1-OBJECTS TAREAS PRINCIPALES/Modulo Tarea Compensacion/Crear Histórica Incapacidad/input_Salida'

2022-06-10 09:29:52 - [TEST_STEP][PASSED] - setText(findTestObject("1-OBJECTS TAREAS PRINCIPALES/Modulo Tarea Compensacion/Crear Histórica Incapacidad/input_Termina"), "02/01/2021"): Text '02/01/2021' is set on object 'Object Repository/1-OBJECTS TAREAS PRINCIPALES/Modulo Tarea Compensacion/Crear Histórica Incapacidad/input_Termina'

2022-06-10 09:29:53 - [MESSAGE][PASSED] - Text '02/01/2021' is set on object 'Object Repository/1-OBJECTS TAREAS PRINCIPALES/Modulo Tarea Compensacion/Crear Histórica Incapacidad/input_Termina'

2022-06-10 09:29:53 - [TEST_STEP][PASSED] - setText(findTestObject("1-OBJECTS TAREAS PRINCIPALES/Modulo Tarea Compensacion/Crear Histórica Incapacidad/input_Regreso"), "03/01/2021"): Text '03/01/2021' is set on object 'Object Repository/1-OBJECTS TAREAS PRINCIPALES/Modulo Tarea Compensacion/Crear Histórica Incapacidad/input_Regreso'

2022-06-10 09:29:54 - [MESSAGE][PASSED] - Text '03/01/2021' is set on object 'Object Repository/1-OBJECTS TAREAS PRINCIPALES/Modulo Tarea Compensacion/Crear Histórica Incapacidad/input_Regreso'

2022-06-10 09:29:54 - [TEST_STEP][PASSED] - setText(findTestObject("1-OBJECTS TAREAS PRINCIPALES/Modulo Tarea Compensacion/Crear Histórica Incapacidad/input_Salida Nomina"), "28/02/2021"): Text '28/02/2021' is set on object 'Object Repository/1-OBJECTS TAREAS PRINCIPALES/Modulo Tarea Compensacion/Crear Histórica Incapacidad/input_Salida Nomina'

2022-06-10 09:29:55 - [MESSAGE][PASSED] - Text '28/02/2021' is set on object 'Object Repository/1-OBJECTS TAREAS PRINCIPALES/Modulo Tarea Compensacion/Crear Histórica Incapacidad/input_Salida Nomina'

2022-06-10 09:29:55 - [TEST_STEP][PASSED] - setText(findTestObject("1-OBJECTS TAREAS PRINCIPALES/Modulo Tarea Compensacion/Crear Histórica Incapacidad/input_Regreso Nomina"), "02/03/2021"): Text '02/03/2021' is set on object 'Object Repository/1-OBJECTS TAREAS PRINCIPALES/Modulo Tarea Compensacion/Crear Histórica Incapacidad/input_Regreso Nomina'

2022-06-10 09:29:56 - [MESSAGE][PASSED] - Text '02/03/2021' is set on object 'Object Repository/1-OBJECTS TAREAS PRINCIPALES/Modulo Tarea Compensacion/Crear Histórica Incapacidad/input_Regreso Nomina'

2022-06-10 09:29:56 - [TEST_STEP][PASSED] - setText(findTestObject("1-OBJECTS TAREAS PRINCIPALES/Modulo Tarea Compensacion/Crear Histórica Incapacidad/input_Reales"), "2"): Text '2' is set on object 'Object Repository/1-OBJECTS TAREAS PRINCIPALES/Modulo Tarea Compensacion/Crear Histórica Incapacidad/input_Reales'

2022-06-10 09:29:57 - [MESSAGE][PASSED] - Text '2' is set on object 'Object Repository/1-OBJECTS TAREAS PRINCIPALES/Modulo Tarea Compensacion/Crear Histórica Incapacidad/input_Reales'

2022-06-10 09:29:57 - [TEST_STEP][PASSED] - setText(findTestObject("1-OBJECTS TAREAS PRINCIPALES/Modulo Tarea Compensacion/Crear Histórica Incapacidad/input_Horas Adicionales"), "500"): Text '500' is set on object 'Object Repository/1-OBJECTS TAREAS PRINCIPALES/Modulo Tarea Compensacion/Crear Histórica Incapacidad/input_Horas Adicionales'

2022-06-10 09:29:58 - [MESSAGE][PASSED] - Text '500' is set on object 'Object Repository/1-OBJECTS TAREAS PRINCIPALES/Modulo Tarea Compensacion/Crear Histórica Incapacidad/input_Horas Adicionales'

2022-06-10 09:29:58 - [TEST_STEP][PASSED] - setText(findTestObject("1-OBJECTS TAREAS PRINCIPALES/Modulo Tarea Compensacion/Crear Histórica Incapacidad/input_Das Acumulados"), "0"): Text '0' is set on object 'Object Repository/1-OBJECTS TAREAS PRINCIPALES/Modulo Tarea Compensacion/Crear Histórica Incapacidad/input_Das Acumulados'

2022-06-10 09:29:59 - [MESSAGE][PASSED] - Text '0' is set on object 'Object Repository/1-OBJECTS TAREAS PRINCIPALES/Modulo Tarea Compensacion/Crear Histórica Incapacidad/input_Das Acumulados'

2022-06-10 09:29:59 - [TEST_STEP][PASSED] - setText(findTestObject("1-OBJECTS TAREAS PRINCIPALES/Modulo Tarea Compensacion/Crear Histórica Incapacidad/input_Inicio_form_incapacidadesEmpleadotabsIncapacidadestabfechaInicioIng_input"), "01/01/2021"): Text '01/01/2021' is set on object 'Object Repository/1-OBJECTS TAREAS PRINCIPALES/Modulo Tarea Compensacion/Crear Histórica Incapacidad/input_Inicio_form_incapacidadesEmpleadotabsIncapacidadestabfechaInicioIng_input'

2022-06-10 09:29:59 - [MESSAGE][PASSED] - Text '01/01/2021' is set on object 'Object Repository/1-OBJECTS TAREAS PRINCIPALES/Modulo Tarea Compensacion/Crear Histórica Incapacidad/input_Inicio_form_incapacidadesEmpleadotabsIncapacidadestabfechaInicioIng_input'

2022-06-10 09:29:59 - [TEST_STEP][PASSED] - selectOptionByIndex(findTestObject("1-OBJECTS TAREAS PRINCIPALES/Modulo Tarea Compensacion/Crear Histórica Incapacidad/select_Entidad"), "11"): All options with index in [11] are selected on object 'Object Repository/1-OBJECTS TAREAS PRINCIPALES/Modulo Tarea Compensacion/Crear Histórica Incapacidad/select_Entidad'

2022-06-10 09:30:01 - [MESSAGE][PASSED] - All options with index in [11] are selected on object 'Object Repository/1-OBJECTS TAREAS PRINCIPALES/Modulo Tarea Compensacion/Crear Histórica Incapacidad/select_Entidad'

2022-06-10 09:30:01 - [TEST_STEP][PASSED] - setText(findTestObject("1-OBJECTS TAREAS PRINCIPALES/Modulo Tarea Compensacion/Crear Histórica Incapacidad/textarea_Observacin"), "PRUEBA"): Text 'PRUEBA' is set on object 'Object Repository/1-OBJECTS TAREAS PRINCIPALES/Modulo Tarea Compensacion/Crear Histórica Incapacidad/textarea_Observacin'

2022-06-10 09:30:02 - [MESSAGE][PASSED] - Text 'PRUEBA' is set on object 'Object Repository/1-OBJECTS TAREAS PRINCIPALES/Modulo Tarea Compensacion/Crear Histórica Incapacidad/textarea_Observacin'

2022-06-10 09:30:02 - [TEST_STEP][PASSED] - click(findTestObject("1-OBJECTS TAREAS PRINCIPALES/Modulo Tarea Compensacion/Crear Histórica Incapacidad/a_Guardar")): Object: 'Object Repository/1-OBJECTS TAREAS PRINCIPALES/Modulo Tarea Compensacion/Crear Histórica Incapacidad/a_Guardar' is clicked on

2022-06-10 09:30:02 - [MESSAGE][PASSED] - Object: 'Object Repository/1-OBJECTS TAREAS PRINCIPALES/Modulo Tarea Compensacion/Crear Histórica Incapacidad/a_Guardar' is clicked on

2022-06-10 09:30:02 - [TEST_STEP][PASSED] - Result = getText(findTestObject("3-OBJECTS UTILIDADES/Alerta/Alerta")): Text of object 'Object Repository/3-OBJECTS UTILIDADES/Alerta/Alerta' is: 'Se adicionó el registro...'

2022-06-10 09:30:03 - [MESSAGE][PASSED] - Text of object 'Object Repository/3-OBJECTS UTILIDADES/Alerta/Alerta' is: 'Se adicionó el registro...'

2022-06-10 09:30:03 - [TEST_STEP][PASSED] - waitForElementClickable(findTestObject("1-OBJECTS TAREAS PRINCIPALES/Modulo Tarea Compensacion/Crear Histórica Incapacidad/a_Eliminar_Incapacidad"), 0): Object 'Object Repository/1-OBJECTS TAREAS PRINCIPALES/Modulo Tarea Compensacion/Crear Histórica Incapacidad/a_Eliminar_Incapacidad' is clickable

2022-06-10 09:30:03 - [MESSAGE][WARNING] - Timeout '0' is invalid. Using default page load timeout: '37'

2022-06-10 09:30:03 - [MESSAGE][PASSED] - Object 'Object Repository/1-OBJECTS TAREAS PRINCIPALES/Modulo Tarea Compensacion/Crear Histórica Incapacidad/a_Eliminar_Incapacidad' is clickable

2022-06-10 09:30:03 - [TEST_STEP][PASSED] - click(findTestObject("1-OBJECTS TAREAS PRINCIPALES/Modulo Tarea Compensacion/Crear Histórica Incapacidad/a_Eliminar_Incapacidad")): Object: 'Object Repository/1-OBJECTS TAREAS PRINCIPALES/Modulo Tarea Compensacion/Crear Histórica Incapacidad/a_Eliminar_Incapacidad' is clicked on

2022-06-10 09:30:04 - [MESSAGE][PASSED] - Object: 'Object Repository/1-OBJECTS TAREAS PRINCIPALES/Modulo Tarea Compensacion/Crear Histórica Incapacidad/a_Eliminar_Incapacidad' is clicked on

2022-06-10 09:30:04 - [TEST_STEP][PASSED] - click(findTestObject("1-OBJECTS TAREAS PRINCIPALES/Modulo Tarea Compensacion/Crear Histórica Incapacidad/a_Aceptar_Eliminar_Incapacidad")): Object: 'Object Repository/1-OBJECTS TAREAS PRINCIPALES/Modulo Tarea Compensacion/Crear Histórica Incapacidad/a_Aceptar_Eliminar_Incapacidad' is clicked on

2022-06-10 09:30:05 - [MESSAGE][PASSED] - Object: 'Object Repository/1-OBJECTS TAREAS PRINCIPALES/Modulo Tarea Compensacion/Crear Histórica Incapacidad/a_Aceptar_Eliminar_Incapacidad' is clicked on

2022-06-10 09:30:05 - [TEST_STEP][PASSED] - if (Result == "Se adicionó el registro..."): Browser is closed

2022-06-10 09:30:05 - [TEST_STEP][PASSED] - closeBrowser(): Browser is closed

2022-06-10 09:30:05 - [MESSAGE][PASSED] - Browser is closed]]></system-out>
         <system-err><![CDATA[]]></system-err>
      </testcase>
      <testcase name="Test Cases/1.1-Tareas Principales/1.7.4-Datos_Básicos_del_Empleado" time="87.588" classname="Test Cases/1.1-Tareas Principales/1.7.4-Datos_Básicos_del_Empleado" status="PASSED">
         <system-out><![CDATA[2022-06-10 09:30:05 - [TEST_CASE][PASSED] - Test Cases/1.1-Tareas Principales/1.7.4-Datos_Básicos_del_Empleado: Test Cases/1.1-Tareas Principales/1.7.4-Datos_Básicos_del_Empleado

2022-06-10 09:30:06 - [TEST_STEP][PASSED] - callTestCase(findTestCase("0.1-Login"), [:], STOP_ON_FAILURE): Call Test Case 'Test Cases/0.1-Login' successfully

2022-06-10 09:30:06 - [TEST_CASE][PASSED] - Test Cases/0.1-Login: Test Cases/0.1-Login

2022-06-10 09:30:06 - [TEST_STEP][PASSED] - openBrowser(""): Browser is opened with url: ''

2022-06-10 09:30:06 - [MESSAGE][INFO] - Starting 'Chrome' driver

2022-06-10 09:30:06 - [MESSAGE][INFO] - Action delay is set to 0 milliseconds

2022-06-10 09:30:07 - [MESSAGE][PASSED] - Browser is opened with url: ''

2022-06-10 09:30:07 - [TEST_STEP][PASSED] - maximizeWindow(): Current window maximized

2022-06-10 09:30:07 - [MESSAGE][PASSED] - Current window maximized

2022-06-10 09:30:07 - [TEST_STEP][PASSED] - i = G_Login: null

2022-06-10 09:30:07 - [TEST_STEP][PASSED] - url = new java.net.URL(i): null

2022-06-10 09:30:07 - [TEST_STEP][PASSED] - println("URL: " + url.toString()): null

2022-06-10 09:30:07 - [TEST_STEP][PASSED] - connection = url.openConnection(): null

2022-06-10 09:30:07 - [TEST_STEP][PASSED] - connection.setRequestMethod("GET"): null

2022-06-10 09:30:07 - [TEST_STEP][PASSED] - connection.setReadTimeout(2 * 1000): null

2022-06-10 09:30:07 - [TEST_STEP][PASSED] - try: null

2022-06-10 09:30:07 - [TEST_STEP][PASSED] - connection.connect(): null

2022-06-10 09:30:07 - [TEST_STEP][PASSED] - flag = connected: null

2022-06-10 09:30:07 - [TEST_STEP][PASSED] - println("Valor_ori: " + flag): null

2022-06-10 09:30:07 - [TEST_STEP][PASSED] - if (flag): null

2022-06-10 09:30:07 - [TEST_STEP][PASSED] - navigateToUrl(i): Navigate to 'http://192.168.2.19:8380/saraweb' successfully

2022-06-10 09:30:07 - [MESSAGE][PASSED] - Navigate to 'http://192.168.2.19:8380/saraweb' successfully

2022-06-10 09:30:07 - [TEST_STEP][PASSED] - a(): null

2022-06-10 09:30:07 - [TEST_STEP][PASSED] - setText(findTestObject("3-OBJECTS UTILIDADES/Login/input_USUARIO_loginusuario"), G_Usuario): Text 'saraadmin' is set on object 'Object Repository/3-OBJECTS UTILIDADES/Login/input_USUARIO_loginusuario'

2022-06-10 09:30:08 - [MESSAGE][PASSED] - Text 'saraadmin' is set on object 'Object Repository/3-OBJECTS UTILIDADES/Login/input_USUARIO_loginusuario'

2022-06-10 09:30:08 - [TEST_STEP][PASSED] - setEncryptedText(findTestObject("3-OBJECTS UTILIDADES/Login/input_CLAVE_loginpassword"), "MkG4/TYiCFC3cb2driP7+Q=="): Text ****** has been set on object 'Object Repository/3-OBJECTS UTILIDADES/Login/input_CLAVE_loginpassword'

2022-06-10 09:30:09 - [MESSAGE][PASSED] - Text ****** has been set on object 'Object Repository/3-OBJECTS UTILIDADES/Login/input_CLAVE_loginpassword'

2022-06-10 09:30:09 - [TEST_STEP][PASSED] - waitForElementClickable(findTestObject("3-OBJECTS UTILIDADES/Login/a_Ingresar"), G_TimeOut): Object 'Object Repository/3-OBJECTS UTILIDADES/Login/a_Ingresar' is clickable

2022-06-10 09:30:09 - [MESSAGE][PASSED] - Object 'Object Repository/3-OBJECTS UTILIDADES/Login/a_Ingresar' is clickable

2022-06-10 09:30:09 - [TEST_STEP][PASSED] - click(findTestObject("3-OBJECTS UTILIDADES/Login/a_Ingresar")): Object: 'Object Repository/3-OBJECTS UTILIDADES/Login/a_Ingresar' is clicked on

2022-06-10 09:30:10 - [MESSAGE][PASSED] - Object: 'Object Repository/3-OBJECTS UTILIDADES/Login/a_Ingresar' is clicked on

2022-06-10 09:30:10 - [TEST_STEP][PASSED] - element = findWebElement(findTestObject("3-OBJECTS UTILIDADES/Login/a_Ir"), 30): null

2022-06-10 09:30:10 - [TEST_STEP][PASSED] - executeJavaScript("arguments[0].click()", Arrays.asList(element)): Execute JavaScript 'arguments[0].click()' successfully

2022-06-10 09:30:10 - [MESSAGE][PASSED] - Execute JavaScript 'arguments[0].click()' successfully

2022-06-10 09:30:10 - [MESSAGE][PASSED] - Call Test Case 'Test Cases/0.1-Login' successfully

2022-06-10 09:30:10 - [TEST_STEP][PASSED] - waitForElementClickable(findTestObject("1-OBJECTS TAREAS PRINCIPALES/Modulo Actos Administrativos/Datos_Básicos_del_Empleado/input_Evento Bienestar_form_templatej_idt24_input"), 0): Object 'Object Repository/1-OBJECTS TAREAS PRINCIPALES/Modulo Actos Administrativos/Datos_Básicos_del_Empleado/input_Evento Bienestar_form_templatej_idt24_input' is clickable

2022-06-10 09:30:10 - [MESSAGE][WARNING] - Timeout '0' is invalid. Using default page load timeout: '37'

2022-06-10 09:30:11 - [MESSAGE][PASSED] - Object 'Object Repository/1-OBJECTS TAREAS PRINCIPALES/Modulo Actos Administrativos/Datos_Básicos_del_Empleado/input_Evento Bienestar_form_templatej_idt24_input' is clickable

2022-06-10 09:30:11 - [TEST_STEP][PASSED] - setText(findTestObject("1-OBJECTS TAREAS PRINCIPALES/Modulo Actos Administrativos/Datos_Básicos_del_Empleado/input_Evento Bienestar_form_templatej_idt24_input"), "Listado de Empleados (com)"): Text 'Listado de Empleados (com)' is set on object 'Object Repository/1-OBJECTS TAREAS PRINCIPALES/Modulo Actos Administrativos/Datos_Básicos_del_Empleado/input_Evento Bienestar_form_templatej_idt24_input'

2022-06-10 09:30:12 - [MESSAGE][PASSED] - Text 'Listado de Empleados (com)' is set on object 'Object Repository/1-OBJECTS TAREAS PRINCIPALES/Modulo Actos Administrativos/Datos_Básicos_del_Empleado/input_Evento Bienestar_form_templatej_idt24_input'

2022-06-10 09:30:12 - [TEST_STEP][PASSED] - click(findTestObject("1-OBJECTS TAREAS PRINCIPALES/Modulo Actos Administrativos/Datos_Básicos_del_Empleado/span_Listado de Empleados (com)")): Object: 'Object Repository/1-OBJECTS TAREAS PRINCIPALES/Modulo Actos Administrativos/Datos_Básicos_del_Empleado/span_Listado de Empleados (com)' is clicked on

2022-06-10 09:30:13 - [MESSAGE][PASSED] - Object: 'Object Repository/1-OBJECTS TAREAS PRINCIPALES/Modulo Actos Administrativos/Datos_Básicos_del_Empleado/span_Listado de Empleados (com)' is clicked on

2022-06-10 09:30:13 - [TEST_STEP][PASSED] - waitForElementVisible(findTestObject("1-OBJECTS TAREAS PRINCIPALES/Modulo Actos Administrativos/Datos_Básicos_del_Empleado/span_Listado de Empleados (com)"), 0): Web element with id: 'Object Repository/1-OBJECTS TAREAS PRINCIPALES/Modulo Actos Administrativos/Datos_Básicos_del_Empleado/span_Listado de Empleados (com)' located by '//span/ul/li/span' not found

2022-06-10 09:30:13 - [MESSAGE][WARNING] - Timeout '0' is invalid. Using default page load timeout: '37'

2022-06-10 09:30:51 - [MESSAGE][INFO] - Unable to find the element located by 'By.xpath: //span/ul/li/span'. Please recheck the objects properties to make sure the desired element is located. 

2022-06-10 09:30:51 - [MESSAGE][WARNING] - Web element with id: 'Object Repository/1-OBJECTS TAREAS PRINCIPALES/Modulo Actos Administrativos/Datos_Básicos_del_Empleado/span_Listado de Empleados (com)' located by '//span/ul/li/span' not found

2022-06-10 09:30:51 - [TEST_STEP][PASSED] - setText(findTestObject("1-OBJECTS TAREAS PRINCIPALES/Modulo Actos Administrativos/Datos_Básicos_del_Empleado/input_Identificacin_listadoEmpleadoIdentificacionEmpleado"), "1234567890"): Text '1234567890' is set on object 'Object Repository/1-OBJECTS TAREAS PRINCIPALES/Modulo Actos Administrativos/Datos_Básicos_del_Empleado/input_Identificacin_listadoEmpleadoIdentificacionEmpleado'

2022-06-10 09:30:52 - [MESSAGE][PASSED] - Text '1234567890' is set on object 'Object Repository/1-OBJECTS TAREAS PRINCIPALES/Modulo Actos Administrativos/Datos_Básicos_del_Empleado/input_Identificacin_listadoEmpleadoIdentificacionEmpleado'

2022-06-10 09:30:52 - [TEST_STEP][PASSED] - sendKeys(findTestObject("1-OBJECTS TAREAS PRINCIPALES/Modulo Actos Administrativos/Datos_Básicos_del_Empleado/input_Identificacin_listadoEmpleadoIdentificacionEmpleado"), Keys.chord(ENTER)): Keys 'ENTER + ' sent to object: 'Object Repository/1-OBJECTS TAREAS PRINCIPALES/Modulo Actos Administrativos/Datos_Básicos_del_Empleado/input_Identificacin_listadoEmpleadoIdentificacionEmpleado'

2022-06-10 09:30:52 - [MESSAGE][PASSED] - Keys 'ENTER + ' sent to object: 'Object Repository/1-OBJECTS TAREAS PRINCIPALES/Modulo Actos Administrativos/Datos_Básicos_del_Empleado/input_Identificacin_listadoEmpleadoIdentificacionEmpleado'

2022-06-10 09:30:52 - [TEST_STEP][PASSED] - click(findTestObject("1-OBJECTS TAREAS PRINCIPALES/Modulo Actos Administrativos/Datos_Básicos_del_Empleado/span_1234567890")): Object: 'Object Repository/1-OBJECTS TAREAS PRINCIPALES/Modulo Actos Administrativos/Datos_Básicos_del_Empleado/span_1234567890' is clicked on

2022-06-10 09:30:54 - [MESSAGE][PASSED] - Object: 'Object Repository/1-OBJECTS TAREAS PRINCIPALES/Modulo Actos Administrativos/Datos_Básicos_del_Empleado/span_1234567890' is clicked on

2022-06-10 09:30:54 - [TEST_STEP][PASSED] - click(findTestObject("1-OBJECTS TAREAS PRINCIPALES/Modulo Actos Administrativos/Datos_Básicos_del_Empleado/a_Datos Empleado")): Object: 'Object Repository/1-OBJECTS TAREAS PRINCIPALES/Modulo Actos Administrativos/Datos_Básicos_del_Empleado/a_Datos Empleado' is clicked on

2022-06-10 09:30:55 - [MESSAGE][PASSED] - Object: 'Object Repository/1-OBJECTS TAREAS PRINCIPALES/Modulo Actos Administrativos/Datos_Básicos_del_Empleado/a_Datos Empleado' is clicked on

2022-06-10 09:30:55 - [TEST_STEP][PASSED] - click(findTestObject("1-OBJECTS TAREAS PRINCIPALES/Modulo Actos Administrativos/Datos_Básicos_del_Empleado/a_Pestaa_Variable")): Object: 'Object Repository/1-OBJECTS TAREAS PRINCIPALES/Modulo Actos Administrativos/Datos_Básicos_del_Empleado/a_Pestaa_Variable' is clicked on

2022-06-10 09:30:56 - [MESSAGE][PASSED] - Object: 'Object Repository/1-OBJECTS TAREAS PRINCIPALES/Modulo Actos Administrativos/Datos_Básicos_del_Empleado/a_Pestaa_Variable' is clicked on

2022-06-10 09:30:56 - [TEST_STEP][PASSED] - if (waitForElementClickable(findTestObject("1-OBJECTS TAREAS PRINCIPALES/Modulo Actos Administrativos/Datos_Básicos_del_Empleado/span_Metodo De Retencion En La Fuen"), 1)): null

2022-06-10 09:30:56 - [MESSAGE][PASSED] - Object 'Object Repository/1-OBJECTS TAREAS PRINCIPALES/Modulo Actos Administrativos/Datos_Básicos_del_Empleado/span_Metodo De Retencion En La Fuen' is clickable

2022-06-10 09:30:56 - [TEST_STEP][PASSED] - click(findTestObject("1-OBJECTS TAREAS PRINCIPALES/Modulo Actos Administrativos/Datos_Básicos_del_Empleado/span_Metodo De Retencion En La Fuen")): Object: 'Object Repository/1-OBJECTS TAREAS PRINCIPALES/Modulo Actos Administrativos/Datos_Básicos_del_Empleado/span_Metodo De Retencion En La Fuen' is clicked on

2022-06-10 09:30:57 - [MESSAGE][PASSED] - Object: 'Object Repository/1-OBJECTS TAREAS PRINCIPALES/Modulo Actos Administrativos/Datos_Básicos_del_Empleado/span_Metodo De Retencion En La Fuen' is clicked on

2022-06-10 09:30:57 - [TEST_STEP][PASSED] - sendKeys(findTestObject("1-OBJECTS TAREAS PRINCIPALES/Modulo Actos Administrativos/Datos_Básicos_del_Empleado/input_Hasta_variableempleado_formfechaHasta_input"), Keys.chord(ESCAPE)): Keys 'ESCAPE + ' sent to object: 'Object Repository/1-OBJECTS TAREAS PRINCIPALES/Modulo Actos Administrativos/Datos_Básicos_del_Empleado/input_Hasta_variableempleado_formfechaHasta_input'

2022-06-10 09:30:58 - [MESSAGE][PASSED] - Keys 'ESCAPE + ' sent to object: 'Object Repository/1-OBJECTS TAREAS PRINCIPALES/Modulo Actos Administrativos/Datos_Básicos_del_Empleado/input_Hasta_variableempleado_formfechaHasta_input'

2022-06-10 09:30:58 - [TEST_STEP][PASSED] - click(findTestObject("1-OBJECTS TAREAS PRINCIPALES/Modulo Actos Administrativos/Datos_Básicos_del_Empleado/a_Eliminar_Variable")): Object: 'Object Repository/1-OBJECTS TAREAS PRINCIPALES/Modulo Actos Administrativos/Datos_Básicos_del_Empleado/a_Eliminar_Variable' is clicked on

2022-06-10 09:30:58 - [MESSAGE][PASSED] - Object: 'Object Repository/1-OBJECTS TAREAS PRINCIPALES/Modulo Actos Administrativos/Datos_Básicos_del_Empleado/a_Eliminar_Variable' is clicked on

2022-06-10 09:30:58 - [TEST_STEP][PASSED] - click(findTestObject("1-OBJECTS TAREAS PRINCIPALES/Modulo Actos Administrativos/Datos_Básicos_del_Empleado/span_Si")): Object: 'Object Repository/1-OBJECTS TAREAS PRINCIPALES/Modulo Actos Administrativos/Datos_Básicos_del_Empleado/span_Si' is clicked on

2022-06-10 09:30:58 - [MESSAGE][PASSED] - Object: 'Object Repository/1-OBJECTS TAREAS PRINCIPALES/Modulo Actos Administrativos/Datos_Básicos_del_Empleado/span_Si' is clicked on

2022-06-10 09:30:58 - [TEST_STEP][PASSED] - click(findTestObject("1-OBJECTS TAREAS PRINCIPALES/Modulo Actos Administrativos/Datos_Básicos_del_Empleado/a_Nuevo_Variable")): Object: 'Object Repository/1-OBJECTS TAREAS PRINCIPALES/Modulo Actos Administrativos/Datos_Básicos_del_Empleado/a_Nuevo_Variable' is clicked on

2022-06-10 09:31:00 - [MESSAGE][PASSED] - Object: 'Object Repository/1-OBJECTS TAREAS PRINCIPALES/Modulo Actos Administrativos/Datos_Básicos_del_Empleado/a_Nuevo_Variable' is clicked on

2022-06-10 09:31:00 - [TEST_STEP][PASSED] - selectOptionByIndex(findTestObject("1-OBJECTS TAREAS PRINCIPALES/Modulo Actos Administrativos/Datos_Básicos_del_Empleado/select_Variable"), 43): All options with index in [43] are selected on object 'Object Repository/1-OBJECTS TAREAS PRINCIPALES/Modulo Actos Administrativos/Datos_Básicos_del_Empleado/select_Variable'

2022-06-10 09:31:02 - [MESSAGE][PASSED] - All options with index in [43] are selected on object 'Object Repository/1-OBJECTS TAREAS PRINCIPALES/Modulo Actos Administrativos/Datos_Básicos_del_Empleado/select_Variable'

2022-06-10 09:31:02 - [TEST_STEP][PASSED] - setText(findTestObject("1-OBJECTS TAREAS PRINCIPALES/Modulo Actos Administrativos/Datos_Básicos_del_Empleado/input_Vigencia_variableempleado_formfechaVigencia_input"), "01/08/2018"): Text '01/08/2018' is set on object 'Object Repository/1-OBJECTS TAREAS PRINCIPALES/Modulo Actos Administrativos/Datos_Básicos_del_Empleado/input_Vigencia_variableempleado_formfechaVigencia_input'

2022-06-10 09:31:03 - [MESSAGE][PASSED] - Text '01/08/2018' is set on object 'Object Repository/1-OBJECTS TAREAS PRINCIPALES/Modulo Actos Administrativos/Datos_Básicos_del_Empleado/input_Vigencia_variableempleado_formfechaVigencia_input'

2022-06-10 09:31:03 - [TEST_STEP][PASSED] - sendKeys(findTestObject("1-OBJECTS TAREAS PRINCIPALES/Modulo Actos Administrativos/Datos_Básicos_del_Empleado/input_Vigencia_variableempleado_formfechaVigencia_input"), Keys.chord(ESCAPE)): Keys 'ESCAPE + ' sent to object: 'Object Repository/1-OBJECTS TAREAS PRINCIPALES/Modulo Actos Administrativos/Datos_Básicos_del_Empleado/input_Vigencia_variableempleado_formfechaVigencia_input'

2022-06-10 09:31:04 - [MESSAGE][PASSED] - Keys 'ESCAPE + ' sent to object: 'Object Repository/1-OBJECTS TAREAS PRINCIPALES/Modulo Actos Administrativos/Datos_Básicos_del_Empleado/input_Vigencia_variableempleado_formfechaVigencia_input'

2022-06-10 09:31:04 - [TEST_STEP][PASSED] - setText(findTestObject("1-OBJECTS TAREAS PRINCIPALES/Modulo Actos Administrativos/Datos_Básicos_del_Empleado/input_Valor_variableempleado_formvalor"), "0"): Text '0' is set on object 'Object Repository/1-OBJECTS TAREAS PRINCIPALES/Modulo Actos Administrativos/Datos_Básicos_del_Empleado/input_Valor_variableempleado_formvalor'

2022-06-10 09:31:04 - [MESSAGE][PASSED] - Text '0' is set on object 'Object Repository/1-OBJECTS TAREAS PRINCIPALES/Modulo Actos Administrativos/Datos_Básicos_del_Empleado/input_Valor_variableempleado_formvalor'

2022-06-10 09:31:04 - [TEST_STEP][PASSED] - selectOptionByIndex(findTestObject("1-OBJECTS TAREAS PRINCIPALES/Modulo Actos Administrativos/Datos_Básicos_del_Empleado/select_-- seleccione --Ciclo 0Ciclo 1Ciclo 2"), "1"): All options with index in [1] are selected on object 'Object Repository/1-OBJECTS TAREAS PRINCIPALES/Modulo Actos Administrativos/Datos_Básicos_del_Empleado/select_-- seleccione --Ciclo 0Ciclo 1Ciclo 2'

2022-06-10 09:31:06 - [MESSAGE][PASSED] - All options with index in [1] are selected on object 'Object Repository/1-OBJECTS TAREAS PRINCIPALES/Modulo Actos Administrativos/Datos_Básicos_del_Empleado/select_-- seleccione --Ciclo 0Ciclo 1Ciclo 2'

2022-06-10 09:31:06 - [TEST_STEP][PASSED] - click(findTestObject("1-OBJECTS TAREAS PRINCIPALES/Modulo Actos Administrativos/Datos_Básicos_del_Empleado/a_Aplicar_variable")): Object: 'Object Repository/1-OBJECTS TAREAS PRINCIPALES/Modulo Actos Administrativos/Datos_Básicos_del_Empleado/a_Aplicar_variable' is clicked on

2022-06-10 09:31:06 - [MESSAGE][PASSED] - Object: 'Object Repository/1-OBJECTS TAREAS PRINCIPALES/Modulo Actos Administrativos/Datos_Básicos_del_Empleado/a_Aplicar_variable' is clicked on

2022-06-10 09:31:06 - [TEST_STEP][PASSED] - waitForElementClickable(findTestObject("1-OBJECTS TAREAS PRINCIPALES/Modulo Actos Administrativos/Datos_Básicos_del_Empleado/a_Novedad Fecha"), 0): Object 'Object Repository/1-OBJECTS TAREAS PRINCIPALES/Modulo Actos Administrativos/Datos_Básicos_del_Empleado/a_Novedad Fecha' is clickable

2022-06-10 09:31:06 - [MESSAGE][WARNING] - Timeout '0' is invalid. Using default page load timeout: '37'

2022-06-10 09:31:07 - [MESSAGE][PASSED] - Object 'Object Repository/1-OBJECTS TAREAS PRINCIPALES/Modulo Actos Administrativos/Datos_Básicos_del_Empleado/a_Novedad Fecha' is clickable

2022-06-10 09:31:07 - [TEST_STEP][PASSED] - click(findTestObject("1-OBJECTS TAREAS PRINCIPALES/Modulo Actos Administrativos/Datos_Básicos_del_Empleado/a_Novedad Fecha")): Object: 'Object Repository/1-OBJECTS TAREAS PRINCIPALES/Modulo Actos Administrativos/Datos_Básicos_del_Empleado/a_Novedad Fecha' is clicked on

2022-06-10 09:31:07 - [MESSAGE][PASSED] - Object: 'Object Repository/1-OBJECTS TAREAS PRINCIPALES/Modulo Actos Administrativos/Datos_Básicos_del_Empleado/a_Novedad Fecha' is clicked on

2022-06-10 09:31:07 - [TEST_STEP][PASSED] - if (waitForElementClickable(findTestObject("1-OBJECTS TAREAS PRINCIPALES/Modulo Actos Administrativos/Datos_Básicos_del_Empleado/span_Recargo Nocturno"), 1)): null

2022-06-10 09:31:08 - [MESSAGE][PASSED] - Object 'Object Repository/1-OBJECTS TAREAS PRINCIPALES/Modulo Actos Administrativos/Datos_Básicos_del_Empleado/span_Recargo Nocturno' is clickable

2022-06-10 09:31:08 - [TEST_STEP][PASSED] - click(findTestObject("1-OBJECTS TAREAS PRINCIPALES/Modulo Actos Administrativos/Datos_Básicos_del_Empleado/span_Recargo Nocturno")): Object: 'Object Repository/1-OBJECTS TAREAS PRINCIPALES/Modulo Actos Administrativos/Datos_Básicos_del_Empleado/span_Recargo Nocturno' is clicked on

2022-06-10 09:31:08 - [MESSAGE][PASSED] - Object: 'Object Repository/1-OBJECTS TAREAS PRINCIPALES/Modulo Actos Administrativos/Datos_Básicos_del_Empleado/span_Recargo Nocturno' is clicked on

2022-06-10 09:31:08 - [TEST_STEP][PASSED] - click(findTestObject("1-OBJECTS TAREAS PRINCIPALES/Modulo Actos Administrativos/Datos_Básicos_del_Empleado/a_Eliminar_Novedad")): Object: 'Object Repository/1-OBJECTS TAREAS PRINCIPALES/Modulo Actos Administrativos/Datos_Básicos_del_Empleado/a_Eliminar_Novedad' is clicked on

2022-06-10 09:31:09 - [MESSAGE][PASSED] - Object: 'Object Repository/1-OBJECTS TAREAS PRINCIPALES/Modulo Actos Administrativos/Datos_Básicos_del_Empleado/a_Eliminar_Novedad' is clicked on

2022-06-10 09:31:09 - [TEST_STEP][PASSED] - click(findTestObject("1-OBJECTS TAREAS PRINCIPALES/Modulo Actos Administrativos/Datos_Básicos_del_Empleado/span_Si_Novedad")): Object: 'Object Repository/1-OBJECTS TAREAS PRINCIPALES/Modulo Actos Administrativos/Datos_Básicos_del_Empleado/span_Si_Novedad' is clicked on

2022-06-10 09:31:09 - [MESSAGE][PASSED] - Object: 'Object Repository/1-OBJECTS TAREAS PRINCIPALES/Modulo Actos Administrativos/Datos_Básicos_del_Empleado/span_Si_Novedad' is clicked on

2022-06-10 09:31:09 - [TEST_STEP][PASSED] - click(findTestObject("1-OBJECTS TAREAS PRINCIPALES/Modulo Actos Administrativos/Datos_Básicos_del_Empleado/a_Nuevo_Novedad")): Object: 'Object Repository/1-OBJECTS TAREAS PRINCIPALES/Modulo Actos Administrativos/Datos_Básicos_del_Empleado/a_Nuevo_Novedad' is clicked on

2022-06-10 09:31:10 - [MESSAGE][PASSED] - Object: 'Object Repository/1-OBJECTS TAREAS PRINCIPALES/Modulo Actos Administrativos/Datos_Básicos_del_Empleado/a_Nuevo_Novedad' is clicked on

2022-06-10 09:31:10 - [TEST_STEP][PASSED] - selectOptionByIndex(findTestObject("1-OBJECTS TAREAS PRINCIPALES/Modulo Actos Administrativos/Datos_Básicos_del_Empleado/select_Auxilio Subsidio Familiar"), 9): All options with index in [9] are selected on object 'Object Repository/1-OBJECTS TAREAS PRINCIPALES/Modulo Actos Administrativos/Datos_Básicos_del_Empleado/select_Auxilio Subsidio Familiar'

2022-06-10 09:31:12 - [MESSAGE][PASSED] - All options with index in [9] are selected on object 'Object Repository/1-OBJECTS TAREAS PRINCIPALES/Modulo Actos Administrativos/Datos_Básicos_del_Empleado/select_Auxilio Subsidio Familiar'

2022-06-10 09:31:12 - [TEST_STEP][PASSED] - setText(findTestObject("1-OBJECTS TAREAS PRINCIPALES/Modulo Actos Administrativos/Datos_Básicos_del_Empleado/input_Vigencia_"), "01/07/2018"): Text '01/07/2018' is set on object 'Object Repository/1-OBJECTS TAREAS PRINCIPALES/Modulo Actos Administrativos/Datos_Básicos_del_Empleado/input_Vigencia_'

2022-06-10 09:31:13 - [MESSAGE][PASSED] - Text '01/07/2018' is set on object 'Object Repository/1-OBJECTS TAREAS PRINCIPALES/Modulo Actos Administrativos/Datos_Básicos_del_Empleado/input_Vigencia_'

2022-06-10 09:31:13 - [TEST_STEP][PASSED] - sendKeys(findTestObject("1-OBJECTS TAREAS PRINCIPALES/Modulo Actos Administrativos/Datos_Básicos_del_Empleado/input_Vigencia_"), Keys.chord(ENTER)): Keys 'ENTER + ' sent to object: 'Object Repository/1-OBJECTS TAREAS PRINCIPALES/Modulo Actos Administrativos/Datos_Básicos_del_Empleado/input_Vigencia_'

2022-06-10 09:31:13 - [MESSAGE][PASSED] - Keys 'ENTER + ' sent to object: 'Object Repository/1-OBJECTS TAREAS PRINCIPALES/Modulo Actos Administrativos/Datos_Básicos_del_Empleado/input_Vigencia_'

2022-06-10 09:31:13 - [TEST_STEP][PASSED] - setText(findTestObject("1-OBJECTS TAREAS PRINCIPALES/Modulo Actos Administrativos/Datos_Básicos_del_Empleado/input_Valor_"), "1"): Text '1' is set on object 'Object Repository/1-OBJECTS TAREAS PRINCIPALES/Modulo Actos Administrativos/Datos_Básicos_del_Empleado/input_Valor_'

2022-06-10 09:31:14 - [MESSAGE][PASSED] - Text '1' is set on object 'Object Repository/1-OBJECTS TAREAS PRINCIPALES/Modulo Actos Administrativos/Datos_Básicos_del_Empleado/input_Valor_'

2022-06-10 09:31:14 - [TEST_STEP][PASSED] - click(findTestObject("1-OBJECTS TAREAS PRINCIPALES/Modulo Actos Administrativos/Datos_Básicos_del_Empleado/a_Zona Econmica_variableempleado_formj_idt2653")): Object: 'Object Repository/1-OBJECTS TAREAS PRINCIPALES/Modulo Actos Administrativos/Datos_Básicos_del_Empleado/a_Zona Econmica_variableempleado_formj_idt2653' is clicked on

2022-06-10 09:31:14 - [MESSAGE][PASSED] - Object: 'Object Repository/1-OBJECTS TAREAS PRINCIPALES/Modulo Actos Administrativos/Datos_Básicos_del_Empleado/a_Zona Econmica_variableempleado_formj_idt2653' is clicked on

2022-06-10 09:31:14 - [TEST_STEP][PASSED] - click(findTestObject("1-OBJECTS TAREAS PRINCIPALES/Modulo Actos Administrativos/Datos_Básicos_del_Empleado/span_ADMINISTRATIVA")): Object: 'Object Repository/1-OBJECTS TAREAS PRINCIPALES/Modulo Actos Administrativos/Datos_Básicos_del_Empleado/span_ADMINISTRATIVA' is clicked on

2022-06-10 09:31:15 - [MESSAGE][PASSED] - Object: 'Object Repository/1-OBJECTS TAREAS PRINCIPALES/Modulo Actos Administrativos/Datos_Básicos_del_Empleado/span_ADMINISTRATIVA' is clicked on

2022-06-10 09:31:15 - [TEST_STEP][PASSED] - selectOptionByIndex(findTestObject("1-OBJECTS TAREAS PRINCIPALES/Modulo Actos Administrativos/Datos_Básicos_del_Empleado/select_1 - ADMINISTRATIVO. - NO RELACIONADA9999 - SUBCENTROS"), 1): All options with index in [1] are selected on object 'Object Repository/1-OBJECTS TAREAS PRINCIPALES/Modulo Actos Administrativos/Datos_Básicos_del_Empleado/select_1 - ADMINISTRATIVO. - NO RELACIONADA9999 - SUBCENTROS'

2022-06-10 09:31:17 - [MESSAGE][PASSED] - All options with index in [1] are selected on object 'Object Repository/1-OBJECTS TAREAS PRINCIPALES/Modulo Actos Administrativos/Datos_Básicos_del_Empleado/select_1 - ADMINISTRATIVO. - NO RELACIONADA9999 - SUBCENTROS'

2022-06-10 09:31:17 - [TEST_STEP][PASSED] - setText(findTestObject("1-OBJECTS TAREAS PRINCIPALES/Modulo Actos Administrativos/Datos_Básicos_del_Empleado/input_Cantidad_variableempleado_formcantidad"), "10"): Text '10' is set on object 'Object Repository/1-OBJECTS TAREAS PRINCIPALES/Modulo Actos Administrativos/Datos_Básicos_del_Empleado/input_Cantidad_variableempleado_formcantidad'

2022-06-10 09:31:17 - [MESSAGE][PASSED] - Text '10' is set on object 'Object Repository/1-OBJECTS TAREAS PRINCIPALES/Modulo Actos Administrativos/Datos_Básicos_del_Empleado/input_Cantidad_variableempleado_formcantidad'

2022-06-10 09:31:17 - [TEST_STEP][PASSED] - selectOptionByIndex(findTestObject("1-OBJECTS TAREAS PRINCIPALES/Modulo Actos Administrativos/Datos_Básicos_del_Empleado/select_-- seleccione"), "1"): All options with index in [1] are selected on object 'Object Repository/1-OBJECTS TAREAS PRINCIPALES/Modulo Actos Administrativos/Datos_Básicos_del_Empleado/select_-- seleccione'

2022-06-10 09:31:19 - [MESSAGE][PASSED] - All options with index in [1] are selected on object 'Object Repository/1-OBJECTS TAREAS PRINCIPALES/Modulo Actos Administrativos/Datos_Básicos_del_Empleado/select_-- seleccione'

2022-06-10 09:31:19 - [TEST_STEP][PASSED] - setText(findTestObject("1-OBJECTS TAREAS PRINCIPALES/Modulo Actos Administrativos/Datos_Básicos_del_Empleado/input_Presupuestal_variableempleado_formpresupuestal"), "100"): Text '100' is set on object 'Object Repository/1-OBJECTS TAREAS PRINCIPALES/Modulo Actos Administrativos/Datos_Básicos_del_Empleado/input_Presupuestal_variableempleado_formpresupuestal'

2022-06-10 09:31:19 - [MESSAGE][PASSED] - Text '100' is set on object 'Object Repository/1-OBJECTS TAREAS PRINCIPALES/Modulo Actos Administrativos/Datos_Básicos_del_Empleado/input_Presupuestal_variableempleado_formpresupuestal'

2022-06-10 09:31:19 - [TEST_STEP][PASSED] - click(findTestObject("1-OBJECTS TAREAS PRINCIPALES/Modulo Actos Administrativos/Datos_Básicos_del_Empleado/a_Aplicar_Novedad Fecha")): Object: 'Object Repository/1-OBJECTS TAREAS PRINCIPALES/Modulo Actos Administrativos/Datos_Básicos_del_Empleado/a_Aplicar_Novedad Fecha' is clicked on

2022-06-10 09:31:20 - [MESSAGE][PASSED] - Object: 'Object Repository/1-OBJECTS TAREAS PRINCIPALES/Modulo Actos Administrativos/Datos_Básicos_del_Empleado/a_Aplicar_Novedad Fecha' is clicked on

2022-06-10 09:31:20 - [TEST_STEP][PASSED] - click(findTestObject("1-OBJECTS TAREAS PRINCIPALES/Modulo Actos Administrativos/Datos_Básicos_del_Empleado/a_Concepto")): Object: 'Object Repository/1-OBJECTS TAREAS PRINCIPALES/Modulo Actos Administrativos/Datos_Básicos_del_Empleado/a_Concepto' is clicked on

2022-06-10 09:31:21 - [MESSAGE][PASSED] - Object: 'Object Repository/1-OBJECTS TAREAS PRINCIPALES/Modulo Actos Administrativos/Datos_Básicos_del_Empleado/a_Concepto' is clicked on

2022-06-10 09:31:21 - [TEST_STEP][PASSED] - if (waitForElementClickable(findTestObject("1-OBJECTS TAREAS PRINCIPALES/Modulo Actos Administrativos/Datos_Básicos_del_Empleado/span_Hora Extra Diurna Festiva_Concepto"), 1)): null

2022-06-10 09:31:22 - [MESSAGE][PASSED] - Object 'Object Repository/1-OBJECTS TAREAS PRINCIPALES/Modulo Actos Administrativos/Datos_Básicos_del_Empleado/span_Hora Extra Diurna Festiva_Concepto' is clickable

2022-06-10 09:31:22 - [TEST_STEP][PASSED] - click(findTestObject("1-OBJECTS TAREAS PRINCIPALES/Modulo Actos Administrativos/Datos_Básicos_del_Empleado/span_Hora Extra Diurna Festiva_Concepto")): Object: 'Object Repository/1-OBJECTS TAREAS PRINCIPALES/Modulo Actos Administrativos/Datos_Básicos_del_Empleado/span_Hora Extra Diurna Festiva_Concepto' is clicked on

2022-06-10 09:31:22 - [MESSAGE][PASSED] - Object: 'Object Repository/1-OBJECTS TAREAS PRINCIPALES/Modulo Actos Administrativos/Datos_Básicos_del_Empleado/span_Hora Extra Diurna Festiva_Concepto' is clicked on

2022-06-10 09:31:22 - [TEST_STEP][PASSED] - sendKeys(findTestObject("1-OBJECTS TAREAS PRINCIPALES/Modulo Actos Administrativos/Datos_Básicos_del_Empleado/input_Hasta_conceptoempleado_formfechaHasta_input_Concepto"), Keys.chord(ESCAPE)): Keys 'ESCAPE + ' sent to object: 'Object Repository/1-OBJECTS TAREAS PRINCIPALES/Modulo Actos Administrativos/Datos_Básicos_del_Empleado/input_Hasta_conceptoempleado_formfechaHasta_input_Concepto'

2022-06-10 09:31:23 - [MESSAGE][PASSED] - Keys 'ESCAPE + ' sent to object: 'Object Repository/1-OBJECTS TAREAS PRINCIPALES/Modulo Actos Administrativos/Datos_Básicos_del_Empleado/input_Hasta_conceptoempleado_formfechaHasta_input_Concepto'

2022-06-10 09:31:23 - [TEST_STEP][PASSED] - click(findTestObject("1-OBJECTS TAREAS PRINCIPALES/Modulo Actos Administrativos/Datos_Básicos_del_Empleado/a_Eliminar_concepto")): Object: 'Object Repository/1-OBJECTS TAREAS PRINCIPALES/Modulo Actos Administrativos/Datos_Básicos_del_Empleado/a_Eliminar_concepto' is clicked on

2022-06-10 09:31:23 - [MESSAGE][PASSED] - Object: 'Object Repository/1-OBJECTS TAREAS PRINCIPALES/Modulo Actos Administrativos/Datos_Básicos_del_Empleado/a_Eliminar_concepto' is clicked on

2022-06-10 09:31:23 - [TEST_STEP][PASSED] - click(findTestObject("1-OBJECTS TAREAS PRINCIPALES/Modulo Actos Administrativos/Datos_Básicos_del_Empleado/span_Si_concepto")): Object: 'Object Repository/1-OBJECTS TAREAS PRINCIPALES/Modulo Actos Administrativos/Datos_Básicos_del_Empleado/span_Si_concepto' is clicked on

2022-06-10 09:31:24 - [MESSAGE][PASSED] - Object: 'Object Repository/1-OBJECTS TAREAS PRINCIPALES/Modulo Actos Administrativos/Datos_Básicos_del_Empleado/span_Si_concepto' is clicked on

2022-06-10 09:31:24 - [TEST_STEP][PASSED] - click(findTestObject("1-OBJECTS TAREAS PRINCIPALES/Modulo Actos Administrativos/Datos_Básicos_del_Empleado/a_Nuevo_Concepto")): Object: 'Object Repository/1-OBJECTS TAREAS PRINCIPALES/Modulo Actos Administrativos/Datos_Básicos_del_Empleado/a_Nuevo_Concepto' is clicked on

2022-06-10 09:31:25 - [MESSAGE][PASSED] - Object: 'Object Repository/1-OBJECTS TAREAS PRINCIPALES/Modulo Actos Administrativos/Datos_Básicos_del_Empleado/a_Nuevo_Concepto' is clicked on

2022-06-10 09:31:25 - [TEST_STEP][PASSED] - click(findTestObject("1-OBJECTS TAREAS PRINCIPALES/Modulo Actos Administrativos/Datos_Básicos_del_Empleado/a_Concepto_conceptoempleado_formj_idt453")): Object: 'Object Repository/1-OBJECTS TAREAS PRINCIPALES/Modulo Actos Administrativos/Datos_Básicos_del_Empleado/a_Concepto_conceptoempleado_formj_idt453' is clicked on

2022-06-10 09:31:26 - [MESSAGE][PASSED] - Object: 'Object Repository/1-OBJECTS TAREAS PRINCIPALES/Modulo Actos Administrativos/Datos_Básicos_del_Empleado/a_Concepto_conceptoempleado_formj_idt453' is clicked on

2022-06-10 09:31:26 - [TEST_STEP][PASSED] - click(findTestObject("1-OBJECTS TAREAS PRINCIPALES/Modulo Actos Administrativos/Datos_Básicos_del_Empleado/span_HORA EXTRA DIURNA FESTIVA")): Object: 'Object Repository/1-OBJECTS TAREAS PRINCIPALES/Modulo Actos Administrativos/Datos_Básicos_del_Empleado/span_HORA EXTRA DIURNA FESTIVA' is clicked on

2022-06-10 09:31:26 - [MESSAGE][PASSED] - Object: 'Object Repository/1-OBJECTS TAREAS PRINCIPALES/Modulo Actos Administrativos/Datos_Básicos_del_Empleado/span_HORA EXTRA DIURNA FESTIVA' is clicked on

2022-06-10 09:31:26 - [TEST_STEP][PASSED] - setText(findTestObject("1-OBJECTS TAREAS PRINCIPALES/Modulo Actos Administrativos/Datos_Básicos_del_Empleado/input_Vigencia_conceptoempleado_formfechaVigencia_input"), "01/07/2018"): Text '01/07/2018' is set on object 'Object Repository/1-OBJECTS TAREAS PRINCIPALES/Modulo Actos Administrativos/Datos_Básicos_del_Empleado/input_Vigencia_conceptoempleado_formfechaVigencia_input'

2022-06-10 09:31:28 - [MESSAGE][PASSED] - Text '01/07/2018' is set on object 'Object Repository/1-OBJECTS TAREAS PRINCIPALES/Modulo Actos Administrativos/Datos_Básicos_del_Empleado/input_Vigencia_conceptoempleado_formfechaVigencia_input'

2022-06-10 09:31:28 - [TEST_STEP][PASSED] - sendKeys(findTestObject("1-OBJECTS TAREAS PRINCIPALES/Modulo Actos Administrativos/Datos_Básicos_del_Empleado/input_Vigencia_conceptoempleado_formfechaVigencia_input"), Keys.chord(ESCAPE)): Keys 'ESCAPE + ' sent to object: 'Object Repository/1-OBJECTS TAREAS PRINCIPALES/Modulo Actos Administrativos/Datos_Básicos_del_Empleado/input_Vigencia_conceptoempleado_formfechaVigencia_input'

2022-06-10 09:31:28 - [MESSAGE][PASSED] - Keys 'ESCAPE + ' sent to object: 'Object Repository/1-OBJECTS TAREAS PRINCIPALES/Modulo Actos Administrativos/Datos_Básicos_del_Empleado/input_Vigencia_conceptoempleado_formfechaVigencia_input'

2022-06-10 09:31:28 - [TEST_STEP][PASSED] - selectOptionByIndex(findTestObject("1-OBJECTS TAREAS PRINCIPALES/Modulo Actos Administrativos/Datos_Básicos_del_Empleado/select_-- SELECCIONAR LIQUIDACION"), "2"): All options with index in [2] are selected on object 'Object Repository/1-OBJECTS TAREAS PRINCIPALES/Modulo Actos Administrativos/Datos_Básicos_del_Empleado/select_-- SELECCIONAR LIQUIDACION'

2022-06-10 09:31:29 - [MESSAGE][PASSED] - All options with index in [2] are selected on object 'Object Repository/1-OBJECTS TAREAS PRINCIPALES/Modulo Actos Administrativos/Datos_Básicos_del_Empleado/select_-- SELECCIONAR LIQUIDACION'

2022-06-10 09:31:29 - [TEST_STEP][PASSED] - setText(findTestObject("1-OBJECTS TAREAS PRINCIPALES/Modulo Actos Administrativos/Datos_Básicos_del_Empleado/input_Valor_conceptoempleado_formvalor"), "100"): Text '100' is set on object 'Object Repository/1-OBJECTS TAREAS PRINCIPALES/Modulo Actos Administrativos/Datos_Básicos_del_Empleado/input_Valor_conceptoempleado_formvalor'

2022-06-10 09:31:30 - [MESSAGE][PASSED] - Text '100' is set on object 'Object Repository/1-OBJECTS TAREAS PRINCIPALES/Modulo Actos Administrativos/Datos_Básicos_del_Empleado/input_Valor_conceptoempleado_formvalor'

2022-06-10 09:31:30 - [TEST_STEP][PASSED] - selectOptionByIndex(findTestObject("1-OBJECTS TAREAS PRINCIPALES/Modulo Actos Administrativos/Datos_Básicos_del_Empleado/select_-- seleccione --Ciclo 0"), 1): All options with index in [1] are selected on object 'Object Repository/1-OBJECTS TAREAS PRINCIPALES/Modulo Actos Administrativos/Datos_Básicos_del_Empleado/select_-- seleccione --Ciclo 0'

2022-06-10 09:31:31 - [MESSAGE][PASSED] - All options with index in [1] are selected on object 'Object Repository/1-OBJECTS TAREAS PRINCIPALES/Modulo Actos Administrativos/Datos_Básicos_del_Empleado/select_-- seleccione --Ciclo 0'

2022-06-10 09:31:31 - [TEST_STEP][PASSED] - click(findTestObject("1-OBJECTS TAREAS PRINCIPALES/Modulo Actos Administrativos/Datos_Básicos_del_Empleado/a_Aplicar_Concepto")): Object: 'Object Repository/1-OBJECTS TAREAS PRINCIPALES/Modulo Actos Administrativos/Datos_Básicos_del_Empleado/a_Aplicar_Concepto' is clicked on

2022-06-10 09:31:31 - [MESSAGE][PASSED] - Object: 'Object Repository/1-OBJECTS TAREAS PRINCIPALES/Modulo Actos Administrativos/Datos_Básicos_del_Empleado/a_Aplicar_Concepto' is clicked on

2022-06-10 09:31:31 - [TEST_STEP][PASSED] - Result = getText(findTestObject("3-OBJECTS UTILIDADES/Alerta/Alerta")): Text of object 'Object Repository/3-OBJECTS UTILIDADES/Alerta/Alerta' is: 'El concepto ha sido ingresado correctamente'

2022-06-10 09:31:32 - [MESSAGE][PASSED] - Text of object 'Object Repository/3-OBJECTS UTILIDADES/Alerta/Alerta' is: 'El concepto ha sido ingresado correctamente'

2022-06-10 09:31:32 - [TEST_STEP][PASSED] - if (Result == "El concepto ha sido ingresado correctamente"): Browser is closed

2022-06-10 09:31:32 - [TEST_STEP][PASSED] - closeBrowser(): Browser is closed

2022-06-10 09:31:33 - [MESSAGE][PASSED] - Browser is closed]]></system-out>
         <system-err><![CDATA[]]></system-err>
      </testcase>
      <testcase name="Test Cases/1.1-Tareas Principales/1.7.5 Ejecucion Diseño Reporte" time="53.155" classname="Test Cases/1.1-Tareas Principales/1.7.5 Ejecucion Diseño Reporte" status="FAILED">
         <failure type="FAILED" message="Test Cases/1.1-Tareas Principales/1.7.5 Ejecucion Diseño Reporte FAILED.
Reason:
com.kms.katalon.core.exception.StepFailedException: Unable to click on object 'Object Repository/1-OBJECTS TAREAS PRINCIPALES/Modulo Tarea Compensacion/Modulo_Ejecucion_Diseño_Reporte/a_Imprimir'
	at com.kms.katalon.core.webui.keyword.internal.WebUIKeywordMain.stepFailed(WebUIKeywordMain.groovy:64)
	at com.kms.katalon.core.webui.keyword.internal.WebUIKeywordMain.runKeyword(WebUIKeywordMain.groovy:26)
	at com.kms.katalon.core.webui.keyword.builtin.ClickKeyword.click(ClickKeyword.groovy:74)
	at com.kms.katalon.core.webui.keyword.builtin.ClickKeyword.execute(ClickKeyword.groovy:40)
	at com.kms.katalon.core.keyword.internal.KeywordExecutor.executeKeywordForPlatform(KeywordExecutor.groovy:74)
	at com.kms.katalon.core.webui.keyword.WebUiBuiltInKeywords.click(WebUiBuiltInKeywords.groovy:620)
	at com.kms.katalon.core.webui.keyword.WebUiBuiltInKeywords$click$5.call(Unknown Source)
	at 1.7.5 Ejecucion Diseño Reporte.run(1.7.5 Ejecucion Diseño Reporte:37)
	at com.kms.katalon.core.main.ScriptEngine.run(ScriptEngine.java:194)
	at com.kms.katalon.core.main.ScriptEngine.runScriptAsRawText(ScriptEngine.java:119)
	at com.kms.katalon.core.main.TestCaseExecutor.runScript(TestCaseExecutor.java:445)
	at com.kms.katalon.core.main.TestCaseExecutor.doExecute(TestCaseExecutor.java:436)
	at com.kms.katalon.core.main.TestCaseExecutor.processExecutionPhase(TestCaseExecutor.java:415)
	at com.kms.katalon.core.main.TestCaseExecutor.accessMainPhase(TestCaseExecutor.java:407)
	at com.kms.katalon.core.main.TestCaseExecutor.execute(TestCaseExecutor.java:284)
	at com.kms.katalon.core.common.CommonExecutor.accessTestCaseMainPhase(CommonExecutor.java:65)
	at com.kms.katalon.core.main.TestSuiteExecutor.accessTestSuiteMainPhase(TestSuiteExecutor.java:144)
	at com.kms.katalon.core.main.TestSuiteExecutor.execute(TestSuiteExecutor.java:106)
	at com.kms.katalon.core.main.TestCaseMain.startTestSuite(TestCaseMain.java:185)
	at com.kms.katalon.core.main.TestCaseMain$startTestSuite$0.call(Unknown Source)
	at TempTestSuite1654867643956.run(TempTestSuite1654867643956.groovy:36)
Caused by: com.kms.katalon.core.webui.exception.WebElementNotFoundException: Web element with id: 'Object Repository/1-OBJECTS TAREAS PRINCIPALES/Modulo Tarea Compensacion/Modulo_Ejecucion_Diseño_Reporte/a_Imprimir' located by '//a[contains(text(),'Imprimir')]' not found
	at com.kms.katalon.core.webui.common.WebUiCommonHelper.findWebElement(WebUiCommonHelper.java:1370)
	at com.kms.katalon.core.webui.keyword.internal.WebUIAbstractKeyword.findWebElement(WebUIAbstractKeyword.groovy:27)
	at com.kms.katalon.core.webui.keyword.builtin.ClickKeyword$_click_closure1.doCall(ClickKeyword.groovy:65)
	at com.kms.katalon.core.webui.keyword.builtin.ClickKeyword$_click_closure1.call(ClickKeyword.groovy)
	at com.kms.katalon.core.webui.keyword.internal.WebUIKeywordMain.runKeyword(WebUIKeywordMain.groovy:20)
	... 19 more
"/>
         <system-out><![CDATA[2022-06-10 09:31:33 - [TEST_CASE][FAILED] - Test Cases/1.1-Tareas Principales/1.7.5 Ejecucion Diseño Reporte: Test Cases/1.1-Tareas Principales/1.7.5 Ejecucion Diseño Reporte FAILED.
Reason:
com.kms.katalon.core.exception.StepFailedException: Unable to click on object 'Object Repository/1-OBJECTS TAREAS PRINCIPALES/Modulo Tarea Compensacion/Modulo_Ejecucion_Diseño_Reporte/a_Imprimir'
	at com.kms.katalon.core.webui.keyword.internal.WebUIKeywordMain.stepFailed(WebUIKeywordMain.groovy:64)
	at com.kms.katalon.core.webui.keyword.internal.WebUIKeywordMain.runKeyword(WebUIKeywordMain.groovy:26)
	at com.kms.katalon.core.webui.keyword.builtin.ClickKeyword.click(ClickKeyword.groovy:74)
	at com.kms.katalon.core.webui.keyword.builtin.ClickKeyword.execute(ClickKeyword.groovy:40)
	at com.kms.katalon.core.keyword.internal.KeywordExecutor.executeKeywordForPlatform(KeywordExecutor.groovy:74)
	at com.kms.katalon.core.webui.keyword.WebUiBuiltInKeywords.click(WebUiBuiltInKeywords.groovy:620)
	at com.kms.katalon.core.webui.keyword.WebUiBuiltInKeywords$click$5.call(Unknown Source)
	at 1.7.5 Ejecucion Diseño Reporte.run(1.7.5 Ejecucion Diseño Reporte:37)
	at com.kms.katalon.core.main.ScriptEngine.run(ScriptEngine.java:194)
	at com.kms.katalon.core.main.ScriptEngine.runScriptAsRawText(ScriptEngine.java:119)
	at com.kms.katalon.core.main.TestCaseExecutor.runScript(TestCaseExecutor.java:445)
	at com.kms.katalon.core.main.TestCaseExecutor.doExecute(TestCaseExecutor.java:436)
	at com.kms.katalon.core.main.TestCaseExecutor.processExecutionPhase(TestCaseExecutor.java:415)
	at com.kms.katalon.core.main.TestCaseExecutor.accessMainPhase(TestCaseExecutor.java:407)
	at com.kms.katalon.core.main.TestCaseExecutor.execute(TestCaseExecutor.java:284)
	at com.kms.katalon.core.common.CommonExecutor.accessTestCaseMainPhase(CommonExecutor.java:65)
	at com.kms.katalon.core.main.TestSuiteExecutor.accessTestSuiteMainPhase(TestSuiteExecutor.java:144)
	at com.kms.katalon.core.main.TestSuiteExecutor.execute(TestSuiteExecutor.java:106)
	at com.kms.katalon.core.main.TestCaseMain.startTestSuite(TestCaseMain.java:185)
	at com.kms.katalon.core.main.TestCaseMain$startTestSuite$0.call(Unknown Source)
	at TempTestSuite1654867643956.run(TempTestSuite1654867643956.groovy:36)
Caused by: com.kms.katalon.core.webui.exception.WebElementNotFoundException: Web element with id: 'Object Repository/1-OBJECTS TAREAS PRINCIPALES/Modulo Tarea Compensacion/Modulo_Ejecucion_Diseño_Reporte/a_Imprimir' located by '//a[contains(text(),'Imprimir')]' not found
	at com.kms.katalon.core.webui.common.WebUiCommonHelper.findWebElement(WebUiCommonHelper.java:1370)
	at com.kms.katalon.core.webui.keyword.internal.WebUIAbstractKeyword.findWebElement(WebUIAbstractKeyword.groovy:27)
	at com.kms.katalon.core.webui.keyword.builtin.ClickKeyword$_click_closure1.doCall(ClickKeyword.groovy:65)
	at com.kms.katalon.core.webui.keyword.builtin.ClickKeyword$_click_closure1.call(ClickKeyword.groovy)
	at com.kms.katalon.core.webui.keyword.internal.WebUIKeywordMain.runKeyword(WebUIKeywordMain.groovy:20)
	... 19 more


2022-06-10 09:31:33 - [TEST_STEP][PASSED] - callTestCase(findTestCase("0.1-Login"), [:], STOP_ON_FAILURE): Call Test Case 'Test Cases/0.1-Login' successfully

2022-06-10 09:31:33 - [TEST_CASE][PASSED] - Test Cases/0.1-Login: Test Cases/0.1-Login

2022-06-10 09:31:33 - [TEST_STEP][PASSED] - openBrowser(""): Browser is opened with url: ''

2022-06-10 09:31:33 - [MESSAGE][INFO] - Starting 'Chrome' driver

2022-06-10 09:31:33 - [MESSAGE][INFO] - Action delay is set to 0 milliseconds

2022-06-10 09:31:35 - [MESSAGE][PASSED] - Browser is opened with url: ''

2022-06-10 09:31:35 - [TEST_STEP][PASSED] - maximizeWindow(): Current window maximized

2022-06-10 09:31:35 - [MESSAGE][PASSED] - Current window maximized

2022-06-10 09:31:35 - [TEST_STEP][PASSED] - i = G_Login: null

2022-06-10 09:31:35 - [TEST_STEP][PASSED] - url = new java.net.URL(i): null

2022-06-10 09:31:35 - [TEST_STEP][PASSED] - println("URL: " + url.toString()): null

2022-06-10 09:31:35 - [TEST_STEP][PASSED] - connection = url.openConnection(): null

2022-06-10 09:31:35 - [TEST_STEP][PASSED] - connection.setRequestMethod("GET"): null

2022-06-10 09:31:35 - [TEST_STEP][PASSED] - connection.setReadTimeout(2 * 1000): null

2022-06-10 09:31:35 - [TEST_STEP][PASSED] - try: null

2022-06-10 09:31:35 - [TEST_STEP][PASSED] - connection.connect(): null

2022-06-10 09:31:35 - [TEST_STEP][PASSED] - flag = connected: null

2022-06-10 09:31:35 - [TEST_STEP][PASSED] - println("Valor_ori: " + flag): null

2022-06-10 09:31:35 - [TEST_STEP][PASSED] - if (flag): null

2022-06-10 09:31:35 - [TEST_STEP][PASSED] - navigateToUrl(i): Navigate to 'http://192.168.2.19:8380/saraweb' successfully

2022-06-10 09:31:35 - [MESSAGE][PASSED] - Navigate to 'http://192.168.2.19:8380/saraweb' successfully

2022-06-10 09:31:35 - [TEST_STEP][PASSED] - a(): null

2022-06-10 09:31:35 - [TEST_STEP][PASSED] - setText(findTestObject("3-OBJECTS UTILIDADES/Login/input_USUARIO_loginusuario"), G_Usuario): Text 'saraadmin' is set on object 'Object Repository/3-OBJECTS UTILIDADES/Login/input_USUARIO_loginusuario'

2022-06-10 09:31:36 - [MESSAGE][PASSED] - Text 'saraadmin' is set on object 'Object Repository/3-OBJECTS UTILIDADES/Login/input_USUARIO_loginusuario'

2022-06-10 09:31:36 - [TEST_STEP][PASSED] - setEncryptedText(findTestObject("3-OBJECTS UTILIDADES/Login/input_CLAVE_loginpassword"), "MkG4/TYiCFC3cb2driP7+Q=="): Text ****** has been set on object 'Object Repository/3-OBJECTS UTILIDADES/Login/input_CLAVE_loginpassword'

2022-06-10 09:31:36 - [MESSAGE][PASSED] - Text ****** has been set on object 'Object Repository/3-OBJECTS UTILIDADES/Login/input_CLAVE_loginpassword'

2022-06-10 09:31:36 - [TEST_STEP][PASSED] - waitForElementClickable(findTestObject("3-OBJECTS UTILIDADES/Login/a_Ingresar"), G_TimeOut): Object 'Object Repository/3-OBJECTS UTILIDADES/Login/a_Ingresar' is clickable

2022-06-10 09:31:37 - [MESSAGE][PASSED] - Object 'Object Repository/3-OBJECTS UTILIDADES/Login/a_Ingresar' is clickable

2022-06-10 09:31:37 - [TEST_STEP][PASSED] - click(findTestObject("3-OBJECTS UTILIDADES/Login/a_Ingresar")): Object: 'Object Repository/3-OBJECTS UTILIDADES/Login/a_Ingresar' is clicked on

2022-06-10 09:31:38 - [MESSAGE][PASSED] - Object: 'Object Repository/3-OBJECTS UTILIDADES/Login/a_Ingresar' is clicked on

2022-06-10 09:31:38 - [TEST_STEP][PASSED] - element = findWebElement(findTestObject("3-OBJECTS UTILIDADES/Login/a_Ir"), 30): null

2022-06-10 09:31:38 - [TEST_STEP][PASSED] - executeJavaScript("arguments[0].click()", Arrays.asList(element)): Execute JavaScript 'arguments[0].click()' successfully

2022-06-10 09:31:38 - [MESSAGE][PASSED] - Execute JavaScript 'arguments[0].click()' successfully

2022-06-10 09:31:38 - [MESSAGE][PASSED] - Call Test Case 'Test Cases/0.1-Login' successfully

2022-06-10 09:31:38 - [TEST_STEP][PASSED] - setText(findTestObject("1-OBJECTS TAREAS PRINCIPALES/Modulo Tarea Compensacion/Modulo_Ejecucion_Diseño_Reporte/input_Ejecutar Diseo Reporte_form_templatej_idt24_input"), "Ejecutar Diseño De Reporte"): Text 'Ejecutar Diseño De Reporte' is set on object 'Object Repository/1-OBJECTS TAREAS PRINCIPALES/Modulo Tarea Compensacion/Modulo_Ejecucion_Diseño_Reporte/input_Ejecutar Diseo Reporte_form_templatej_idt24_input'

2022-06-10 09:31:39 - [MESSAGE][PASSED] - Text 'Ejecutar Diseño De Reporte' is set on object 'Object Repository/1-OBJECTS TAREAS PRINCIPALES/Modulo Tarea Compensacion/Modulo_Ejecucion_Diseño_Reporte/input_Ejecutar Diseo Reporte_form_templatej_idt24_input'

2022-06-10 09:31:39 - [TEST_STEP][PASSED] - click(findTestObject("1-OBJECTS TAREAS PRINCIPALES/Modulo Tarea Compensacion/Modulo_Ejecucion_Diseño_Reporte/li_Ejecutar Diseo De Reporte (com)")): Object: 'Object Repository/1-OBJECTS TAREAS PRINCIPALES/Modulo Tarea Compensacion/Modulo_Ejecucion_Diseño_Reporte/li_Ejecutar Diseo De Reporte (com)' is clicked on

2022-06-10 09:31:41 - [MESSAGE][PASSED] - Object: 'Object Repository/1-OBJECTS TAREAS PRINCIPALES/Modulo Tarea Compensacion/Modulo_Ejecucion_Diseño_Reporte/li_Ejecutar Diseo De Reporte (com)' is clicked on

2022-06-10 09:31:41 - [TEST_STEP][PASSED] - click(findTestObject("1-OBJECTS TAREAS PRINCIPALES/Modulo Tarea Compensacion/Modulo_Ejecucion_Diseño_Reporte/td_CAUSACION CESANTIAS (FCORTE)")): Object: 'Object Repository/1-OBJECTS TAREAS PRINCIPALES/Modulo Tarea Compensacion/Modulo_Ejecucion_Diseño_Reporte/td_CAUSACION CESANTIAS (FCORTE)' is clicked on

2022-06-10 09:31:42 - [MESSAGE][PASSED] - Object: 'Object Repository/1-OBJECTS TAREAS PRINCIPALES/Modulo Tarea Compensacion/Modulo_Ejecucion_Diseño_Reporte/td_CAUSACION CESANTIAS (FCORTE)' is clicked on

2022-06-10 09:31:42 - [TEST_STEP][PASSED] - click(findTestObject("1-OBJECTS TAREAS PRINCIPALES/Modulo Tarea Compensacion/Modulo_Ejecucion_Diseño_Reporte/a_Generacin")): Object: 'Object Repository/1-OBJECTS TAREAS PRINCIPALES/Modulo Tarea Compensacion/Modulo_Ejecucion_Diseño_Reporte/a_Generacin' is clicked on

2022-06-10 09:31:43 - [MESSAGE][PASSED] - Object: 'Object Repository/1-OBJECTS TAREAS PRINCIPALES/Modulo Tarea Compensacion/Modulo_Ejecucion_Diseño_Reporte/a_Generacin' is clicked on

2022-06-10 09:31:43 - [TEST_STEP][PASSED] - click(findTestObject("1-OBJECTS TAREAS PRINCIPALES/Modulo Tarea Compensacion/Modulo_Ejecucion_Diseño_Reporte/span_Generar Tabla")): Object: 'Object Repository/1-OBJECTS TAREAS PRINCIPALES/Modulo Tarea Compensacion/Modulo_Ejecucion_Diseño_Reporte/span_Generar Tabla' is clicked on

2022-06-10 09:31:43 - [MESSAGE][PASSED] - Object: 'Object Repository/1-OBJECTS TAREAS PRINCIPALES/Modulo Tarea Compensacion/Modulo_Ejecucion_Diseño_Reporte/span_Generar Tabla' is clicked on

2022-06-10 09:31:43 - [TEST_STEP][PASSED] - click(findTestObject("1-OBJECTS TAREAS PRINCIPALES/Modulo Tarea Compensacion/Modulo_Ejecucion_Diseño_Reporte/a_Si")): Object: 'Object Repository/1-OBJECTS TAREAS PRINCIPALES/Modulo Tarea Compensacion/Modulo_Ejecucion_Diseño_Reporte/a_Si' is clicked on

2022-06-10 09:31:44 - [MESSAGE][PASSED] - Object: 'Object Repository/1-OBJECTS TAREAS PRINCIPALES/Modulo Tarea Compensacion/Modulo_Ejecucion_Diseño_Reporte/a_Si' is clicked on

2022-06-10 09:31:44 - [TEST_STEP][PASSED] - click(findTestObject("1-OBJECTS TAREAS PRINCIPALES/Modulo Tarea Compensacion/Modulo_Ejecucion_Diseño_Reporte/a_Continuar")): Object: 'Object Repository/1-OBJECTS TAREAS PRINCIPALES/Modulo Tarea Compensacion/Modulo_Ejecucion_Diseño_Reporte/a_Continuar' is clicked on

2022-06-10 09:31:48 - [MESSAGE][PASSED] - Object: 'Object Repository/1-OBJECTS TAREAS PRINCIPALES/Modulo Tarea Compensacion/Modulo_Ejecucion_Diseño_Reporte/a_Continuar' is clicked on

2022-06-10 09:31:48 - [TEST_STEP][FAILED] - click(findTestObject("1-OBJECTS TAREAS PRINCIPALES/Modulo Tarea Compensacion/Modulo_Ejecucion_Diseño_Reporte/a_Imprimir")): Unable to click on object 'Object Repository/1-OBJECTS TAREAS PRINCIPALES/Modulo Tarea Compensacion/Modulo_Ejecucion_Diseño_Reporte/a_Imprimir' (Root cause: com.kms.katalon.core.exception.StepFailedException: Unable to click on object 'Object Repository/1-OBJECTS TAREAS PRINCIPALES/Modulo Tarea Compensacion/Modulo_Ejecucion_Diseño_Reporte/a_Imprimir'
	at com.kms.katalon.core.webui.keyword.internal.WebUIKeywordMain.stepFailed(WebUIKeywordMain.groovy:64)
	at com.kms.katalon.core.webui.keyword.internal.WebUIKeywordMain.runKeyword(WebUIKeywordMain.groovy:26)
	at com.kms.katalon.core.webui.keyword.builtin.ClickKeyword.click(ClickKeyword.groovy:74)
	at com.kms.katalon.core.webui.keyword.builtin.ClickKeyword.execute(ClickKeyword.groovy:40)
	at com.kms.katalon.core.keyword.internal.KeywordExecutor.executeKeywordForPlatform(KeywordExecutor.groovy:74)
	at com.kms.katalon.core.webui.keyword.WebUiBuiltInKeywords.click(WebUiBuiltInKeywords.groovy:620)
	at com.kms.katalon.core.webui.keyword.WebUiBuiltInKeywords$click$5.call(Unknown Source)
	at 1.7.5 Ejecucion Diseño Reporte.run(1.7.5 Ejecucion Diseño Reporte:37)
	at com.kms.katalon.core.main.ScriptEngine.run(ScriptEngine.java:194)
	at com.kms.katalon.core.main.ScriptEngine.runScriptAsRawText(ScriptEngine.java:119)
	at com.kms.katalon.core.main.TestCaseExecutor.runScript(TestCaseExecutor.java:445)
	at com.kms.katalon.core.main.TestCaseExecutor.doExecute(TestCaseExecutor.java:436)
	at com.kms.katalon.core.main.TestCaseExecutor.processExecutionPhase(TestCaseExecutor.java:415)
	at com.kms.katalon.core.main.TestCaseExecutor.accessMainPhase(TestCaseExecutor.java:407)
	at com.kms.katalon.core.main.TestCaseExecutor.execute(TestCaseExecutor.java:284)
	at com.kms.katalon.core.common.CommonExecutor.accessTestCaseMainPhase(CommonExecutor.java:65)
	at com.kms.katalon.core.main.TestSuiteExecutor.accessTestSuiteMainPhase(TestSuiteExecutor.java:144)
	at com.kms.katalon.core.main.TestSuiteExecutor.execute(TestSuiteExecutor.java:106)
	at com.kms.katalon.core.main.TestCaseMain.startTestSuite(TestCaseMain.java:185)
	at com.kms.katalon.core.main.TestCaseMain$startTestSuite$0.call(Unknown Source)
	at TempTestSuite1654867643956.run(TempTestSuite1654867643956.groovy:36)
Caused by: com.kms.katalon.core.webui.exception.WebElementNotFoundException: Web element with id: 'Object Repository/1-OBJECTS TAREAS PRINCIPALES/Modulo Tarea Compensacion/Modulo_Ejecucion_Diseño_Reporte/a_Imprimir' located by '//a[contains(text(),'Imprimir')]' not found
	at com.kms.katalon.core.webui.common.WebUiCommonHelper.findWebElement(WebUiCommonHelper.java:1370)
	at com.kms.katalon.core.webui.keyword.internal.WebUIAbstractKeyword.findWebElement(WebUIAbstractKeyword.groovy:27)
	at com.kms.katalon.core.webui.keyword.builtin.ClickKeyword$_click_closure1.doCall(ClickKeyword.groovy:65)
	at com.kms.katalon.core.webui.keyword.builtin.ClickKeyword$_click_closure1.call(ClickKeyword.groovy)
	at com.kms.katalon.core.webui.keyword.internal.WebUIKeywordMain.runKeyword(WebUIKeywordMain.groovy:20)
	at com.kms.katalon.core.webui.keyword.builtin.ClickKeyword.click(ClickKeyword.groovy:74)
	at com.kms.katalon.core.webui.keyword.builtin.ClickKeyword.execute(ClickKeyword.groovy:40)
	at com.kms.katalon.core.keyword.internal.KeywordExecutor.executeKeywordForPlatform(KeywordExecutor.groovy:74)
	at com.kms.katalon.core.webui.keyword.WebUiBuiltInKeywords.click(WebUiBuiltInKeywords.groovy:620)
	at com.kms.katalon.core.webui.keyword.WebUiBuiltInKeywords$click$5.call(Unknown Source)
	at Script1638381331574.run(Script1638381331574.groovy:37)
	... 13 more
)

2022-06-10 09:32:26 - [MESSAGE][INFO] - Unable to find the element located by 'By.xpath: //a[contains(text(),'Imprimir')]'. Please recheck the objects properties to make sure the desired element is located. 

2022-06-10 09:32:26 - [MESSAGE][FAILED] - Unable to click on object 'Object Repository/1-OBJECTS TAREAS PRINCIPALES/Modulo Tarea Compensacion/Modulo_Ejecucion_Diseño_Reporte/a_Imprimir' (Root cause: com.kms.katalon.core.exception.StepFailedException: Unable to click on object 'Object Repository/1-OBJECTS TAREAS PRINCIPALES/Modulo Tarea Compensacion/Modulo_Ejecucion_Diseño_Reporte/a_Imprimir'
	at com.kms.katalon.core.webui.keyword.internal.WebUIKeywordMain.stepFailed(WebUIKeywordMain.groovy:64)
	at com.kms.katalon.core.webui.keyword.internal.WebUIKeywordMain.runKeyword(WebUIKeywordMain.groovy:26)
	at com.kms.katalon.core.webui.keyword.builtin.ClickKeyword.click(ClickKeyword.groovy:74)
	at com.kms.katalon.core.webui.keyword.builtin.ClickKeyword.execute(ClickKeyword.groovy:40)
	at com.kms.katalon.core.keyword.internal.KeywordExecutor.executeKeywordForPlatform(KeywordExecutor.groovy:74)
	at com.kms.katalon.core.webui.keyword.WebUiBuiltInKeywords.click(WebUiBuiltInKeywords.groovy:620)
	at com.kms.katalon.core.webui.keyword.WebUiBuiltInKeywords$click$5.call(Unknown Source)
	at 1.7.5 Ejecucion Diseño Reporte.run(1.7.5 Ejecucion Diseño Reporte:37)
	at com.kms.katalon.core.main.ScriptEngine.run(ScriptEngine.java:194)
	at com.kms.katalon.core.main.ScriptEngine.runScriptAsRawText(ScriptEngine.java:119)
	at com.kms.katalon.core.main.TestCaseExecutor.runScript(TestCaseExecutor.java:445)
	at com.kms.katalon.core.main.TestCaseExecutor.doExecute(TestCaseExecutor.java:436)
	at com.kms.katalon.core.main.TestCaseExecutor.processExecutionPhase(TestCaseExecutor.java:415)
	at com.kms.katalon.core.main.TestCaseExecutor.accessMainPhase(TestCaseExecutor.java:407)
	at com.kms.katalon.core.main.TestCaseExecutor.execute(TestCaseExecutor.java:284)
	at com.kms.katalon.core.common.CommonExecutor.accessTestCaseMainPhase(CommonExecutor.java:65)
	at com.kms.katalon.core.main.TestSuiteExecutor.accessTestSuiteMainPhase(TestSuiteExecutor.java:144)
	at com.kms.katalon.core.main.TestSuiteExecutor.execute(TestSuiteExecutor.java:106)
	at com.kms.katalon.core.main.TestCaseMain.startTestSuite(TestCaseMain.java:185)
	at com.kms.katalon.core.main.TestCaseMain$startTestSuite$0.call(Unknown Source)
	at TempTestSuite1654867643956.run(TempTestSuite1654867643956.groovy:36)
Caused by: com.kms.katalon.core.webui.exception.WebElementNotFoundException: Web element with id: 'Object Repository/1-OBJECTS TAREAS PRINCIPALES/Modulo Tarea Compensacion/Modulo_Ejecucion_Diseño_Reporte/a_Imprimir' located by '//a[contains(text(),'Imprimir')]' not found
	at com.kms.katalon.core.webui.common.WebUiCommonHelper.findWebElement(WebUiCommonHelper.java:1370)
	at com.kms.katalon.core.webui.keyword.internal.WebUIAbstractKeyword.findWebElement(WebUIAbstractKeyword.groovy:27)
	at com.kms.katalon.core.webui.keyword.builtin.ClickKeyword$_click_closure1.doCall(ClickKeyword.groovy:65)
	at com.kms.katalon.core.webui.keyword.builtin.ClickKeyword$_click_closure1.call(ClickKeyword.groovy)
	at com.kms.katalon.core.webui.keyword.internal.WebUIKeywordMain.runKeyword(WebUIKeywordMain.groovy:20)
	at com.kms.katalon.core.webui.keyword.builtin.ClickKeyword.click(ClickKeyword.groovy:74)
	at com.kms.katalon.core.webui.keyword.builtin.ClickKeyword.execute(ClickKeyword.groovy:40)
	at com.kms.katalon.core.keyword.internal.KeywordExecutor.executeKeywordForPlatform(KeywordExecutor.groovy:74)
	at com.kms.katalon.core.webui.keyword.WebUiBuiltInKeywords.click(WebUiBuiltInKeywords.groovy:620)
	at com.kms.katalon.core.webui.keyword.WebUiBuiltInKeywords$click$5.call(Unknown Source)
	at Script1638381331574.run(Script1638381331574.groovy:37)
	... 13 more
)
[[ATTACHMENT|C:\\Users\\diego.rojas\\git\\Pruebas-Minimas\\Reports\\20220610_082723\\Test_Suite_Principales\\1-Tareas Principales\\20220610_082723\\1654871546371.png]]]]></system-out>
         <system-err><![CDATA[2022-06-10 09:31:33 - [TEST_CASE][FAILED] - Test Cases/1.1-Tareas Principales/1.7.5 Ejecucion Diseño Reporte: Test Cases/1.1-Tareas Principales/1.7.5 Ejecucion Diseño Reporte FAILED.
Reason:
com.kms.katalon.core.exception.StepFailedException: Unable to click on object 'Object Repository/1-OBJECTS TAREAS PRINCIPALES/Modulo Tarea Compensacion/Modulo_Ejecucion_Diseño_Reporte/a_Imprimir'
	at com.kms.katalon.core.webui.keyword.internal.WebUIKeywordMain.stepFailed(WebUIKeywordMain.groovy:64)
	at com.kms.katalon.core.webui.keyword.internal.WebUIKeywordMain.runKeyword(WebUIKeywordMain.groovy:26)
	at com.kms.katalon.core.webui.keyword.builtin.ClickKeyword.click(ClickKeyword.groovy:74)
	at com.kms.katalon.core.webui.keyword.builtin.ClickKeyword.execute(ClickKeyword.groovy:40)
	at com.kms.katalon.core.keyword.internal.KeywordExecutor.executeKeywordForPlatform(KeywordExecutor.groovy:74)
	at com.kms.katalon.core.webui.keyword.WebUiBuiltInKeywords.click(WebUiBuiltInKeywords.groovy:620)
	at com.kms.katalon.core.webui.keyword.WebUiBuiltInKeywords$click$5.call(Unknown Source)
	at 1.7.5 Ejecucion Diseño Reporte.run(1.7.5 Ejecucion Diseño Reporte:37)
	at com.kms.katalon.core.main.ScriptEngine.run(ScriptEngine.java:194)
	at com.kms.katalon.core.main.ScriptEngine.runScriptAsRawText(ScriptEngine.java:119)
	at com.kms.katalon.core.main.TestCaseExecutor.runScript(TestCaseExecutor.java:445)
	at com.kms.katalon.core.main.TestCaseExecutor.doExecute(TestCaseExecutor.java:436)
	at com.kms.katalon.core.main.TestCaseExecutor.processExecutionPhase(TestCaseExecutor.java:415)
	at com.kms.katalon.core.main.TestCaseExecutor.accessMainPhase(TestCaseExecutor.java:407)
	at com.kms.katalon.core.main.TestCaseExecutor.execute(TestCaseExecutor.java:284)
	at com.kms.katalon.core.common.CommonExecutor.accessTestCaseMainPhase(CommonExecutor.java:65)
	at com.kms.katalon.core.main.TestSuiteExecutor.accessTestSuiteMainPhase(TestSuiteExecutor.java:144)
	at com.kms.katalon.core.main.TestSuiteExecutor.execute(TestSuiteExecutor.java:106)
	at com.kms.katalon.core.main.TestCaseMain.startTestSuite(TestCaseMain.java:185)
	at com.kms.katalon.core.main.TestCaseMain$startTestSuite$0.call(Unknown Source)
	at TempTestSuite1654867643956.run(TempTestSuite1654867643956.groovy:36)
Caused by: com.kms.katalon.core.webui.exception.WebElementNotFoundException: Web element with id: 'Object Repository/1-OBJECTS TAREAS PRINCIPALES/Modulo Tarea Compensacion/Modulo_Ejecucion_Diseño_Reporte/a_Imprimir' located by '//a[contains(text(),'Imprimir')]' not found
	at com.kms.katalon.core.webui.common.WebUiCommonHelper.findWebElement(WebUiCommonHelper.java:1370)
	at com.kms.katalon.core.webui.keyword.internal.WebUIAbstractKeyword.findWebElement(WebUIAbstractKeyword.groovy:27)
	at com.kms.katalon.core.webui.keyword.builtin.ClickKeyword$_click_closure1.doCall(ClickKeyword.groovy:65)
	at com.kms.katalon.core.webui.keyword.builtin.ClickKeyword$_click_closure1.call(ClickKeyword.groovy)
	at com.kms.katalon.core.webui.keyword.internal.WebUIKeywordMain.runKeyword(WebUIKeywordMain.groovy:20)
	... 19 more]]></system-err>
      </testcase>
      <testcase name="Test Cases/1.1-Tareas Principales/1.7.6-Generacion_Interfaz_Contable" time="62.289" classname="Test Cases/1.1-Tareas Principales/1.7.6-Generacion_Interfaz_Contable" status="FAILED">
         <failure type="FAILED" message="Test Cases/1.1-Tareas Principales/1.7.6-Generacion_Interfaz_Contable FAILED.
Reason:
com.kms.katalon.core.exception.StepFailedException: Unable to click on object 'Object Repository/1-OBJECTS TAREAS PRINCIPALES/Modulo Tarea Compensacion/Generacion_Interfaz_Contable/a_Exportar'
	at com.kms.katalon.core.webui.keyword.internal.WebUIKeywordMain.stepFailed(WebUIKeywordMain.groovy:64)
	at com.kms.katalon.core.webui.keyword.internal.WebUIKeywordMain.runKeyword(WebUIKeywordMain.groovy:26)
	at com.kms.katalon.core.webui.keyword.builtin.ClickKeyword.click(ClickKeyword.groovy:74)
	at com.kms.katalon.core.webui.keyword.builtin.ClickKeyword.execute(ClickKeyword.groovy:40)
	at com.kms.katalon.core.keyword.internal.KeywordExecutor.executeKeywordForPlatform(KeywordExecutor.groovy:74)
	at com.kms.katalon.core.webui.keyword.WebUiBuiltInKeywords.click(WebUiBuiltInKeywords.groovy:620)
	at com.kms.katalon.core.webui.keyword.WebUiBuiltInKeywords$click$5.call(Unknown Source)
	at 1.7.6-Generacion_Interfaz_Contable.run(1.7.6-Generacion_Interfaz_Contable:74)
	at com.kms.katalon.core.main.ScriptEngine.run(ScriptEngine.java:194)
	at com.kms.katalon.core.main.ScriptEngine.runScriptAsRawText(ScriptEngine.java:119)
	at com.kms.katalon.core.main.TestCaseExecutor.runScript(TestCaseExecutor.java:445)
	at com.kms.katalon.core.main.TestCaseExecutor.doExecute(TestCaseExecutor.java:436)
	at com.kms.katalon.core.main.TestCaseExecutor.processExecutionPhase(TestCaseExecutor.java:415)
	at com.kms.katalon.core.main.TestCaseExecutor.accessMainPhase(TestCaseExecutor.java:407)
	at com.kms.katalon.core.main.TestCaseExecutor.execute(TestCaseExecutor.java:284)
	at com.kms.katalon.core.common.CommonExecutor.accessTestCaseMainPhase(CommonExecutor.java:65)
	at com.kms.katalon.core.main.TestSuiteExecutor.accessTestSuiteMainPhase(TestSuiteExecutor.java:144)
	at com.kms.katalon.core.main.TestSuiteExecutor.execute(TestSuiteExecutor.java:106)
	at com.kms.katalon.core.main.TestCaseMain.startTestSuite(TestCaseMain.java:185)
	at com.kms.katalon.core.main.TestCaseMain$startTestSuite$0.call(Unknown Source)
	at TempTestSuite1654867643956.run(TempTestSuite1654867643956.groovy:36)
Caused by: com.kms.katalon.core.webui.exception.WebElementNotFoundException: Web element with id: 'Object Repository/1-OBJECTS TAREAS PRINCIPALES/Modulo Tarea Compensacion/Generacion_Interfaz_Contable/a_Exportar' located by '//a[contains(text(),'Exportar')]' not found
	at com.kms.katalon.core.webui.common.WebUiCommonHelper.findWebElement(WebUiCommonHelper.java:1370)
	at com.kms.katalon.core.webui.keyword.internal.WebUIAbstractKeyword.findWebElement(WebUIAbstractKeyword.groovy:27)
	at com.kms.katalon.core.webui.keyword.builtin.ClickKeyword$_click_closure1.doCall(ClickKeyword.groovy:65)
	at com.kms.katalon.core.webui.keyword.builtin.ClickKeyword$_click_closure1.call(ClickKeyword.groovy)
	at com.kms.katalon.core.webui.keyword.internal.WebUIKeywordMain.runKeyword(WebUIKeywordMain.groovy:20)
	... 19 more
"/>
         <system-out><![CDATA[2022-06-10 09:32:26 - [TEST_CASE][FAILED] - Test Cases/1.1-Tareas Principales/1.7.6-Generacion_Interfaz_Contable: Test Cases/1.1-Tareas Principales/1.7.6-Generacion_Interfaz_Contable FAILED.
Reason:
com.kms.katalon.core.exception.StepFailedException: Unable to click on object 'Object Repository/1-OBJECTS TAREAS PRINCIPALES/Modulo Tarea Compensacion/Generacion_Interfaz_Contable/a_Exportar'
	at com.kms.katalon.core.webui.keyword.internal.WebUIKeywordMain.stepFailed(WebUIKeywordMain.groovy:64)
	at com.kms.katalon.core.webui.keyword.internal.WebUIKeywordMain.runKeyword(WebUIKeywordMain.groovy:26)
	at com.kms.katalon.core.webui.keyword.builtin.ClickKeyword.click(ClickKeyword.groovy:74)
	at com.kms.katalon.core.webui.keyword.builtin.ClickKeyword.execute(ClickKeyword.groovy:40)
	at com.kms.katalon.core.keyword.internal.KeywordExecutor.executeKeywordForPlatform(KeywordExecutor.groovy:74)
	at com.kms.katalon.core.webui.keyword.WebUiBuiltInKeywords.click(WebUiBuiltInKeywords.groovy:620)
	at com.kms.katalon.core.webui.keyword.WebUiBuiltInKeywords$click$5.call(Unknown Source)
	at 1.7.6-Generacion_Interfaz_Contable.run(1.7.6-Generacion_Interfaz_Contable:74)
	at com.kms.katalon.core.main.ScriptEngine.run(ScriptEngine.java:194)
	at com.kms.katalon.core.main.ScriptEngine.runScriptAsRawText(ScriptEngine.java:119)
	at com.kms.katalon.core.main.TestCaseExecutor.runScript(TestCaseExecutor.java:445)
	at com.kms.katalon.core.main.TestCaseExecutor.doExecute(TestCaseExecutor.java:436)
	at com.kms.katalon.core.main.TestCaseExecutor.processExecutionPhase(TestCaseExecutor.java:415)
	at com.kms.katalon.core.main.TestCaseExecutor.accessMainPhase(TestCaseExecutor.java:407)
	at com.kms.katalon.core.main.TestCaseExecutor.execute(TestCaseExecutor.java:284)
	at com.kms.katalon.core.common.CommonExecutor.accessTestCaseMainPhase(CommonExecutor.java:65)
	at com.kms.katalon.core.main.TestSuiteExecutor.accessTestSuiteMainPhase(TestSuiteExecutor.java:144)
	at com.kms.katalon.core.main.TestSuiteExecutor.execute(TestSuiteExecutor.java:106)
	at com.kms.katalon.core.main.TestCaseMain.startTestSuite(TestCaseMain.java:185)
	at com.kms.katalon.core.main.TestCaseMain$startTestSuite$0.call(Unknown Source)
	at TempTestSuite1654867643956.run(TempTestSuite1654867643956.groovy:36)
Caused by: com.kms.katalon.core.webui.exception.WebElementNotFoundException: Web element with id: 'Object Repository/1-OBJECTS TAREAS PRINCIPALES/Modulo Tarea Compensacion/Generacion_Interfaz_Contable/a_Exportar' located by '//a[contains(text(),'Exportar')]' not found
	at com.kms.katalon.core.webui.common.WebUiCommonHelper.findWebElement(WebUiCommonHelper.java:1370)
	at com.kms.katalon.core.webui.keyword.internal.WebUIAbstractKeyword.findWebElement(WebUIAbstractKeyword.groovy:27)
	at com.kms.katalon.core.webui.keyword.builtin.ClickKeyword$_click_closure1.doCall(ClickKeyword.groovy:65)
	at com.kms.katalon.core.webui.keyword.builtin.ClickKeyword$_click_closure1.call(ClickKeyword.groovy)
	at com.kms.katalon.core.webui.keyword.internal.WebUIKeywordMain.runKeyword(WebUIKeywordMain.groovy:20)
	... 19 more


2022-06-10 09:32:26 - [TEST_STEP][PASSED] - callTestCase(findTestCase("0.1-Login"), [:], STOP_ON_FAILURE): Call Test Case 'Test Cases/0.1-Login' successfully

2022-06-10 09:32:26 - [TEST_CASE][PASSED] - Test Cases/0.1-Login: Test Cases/0.1-Login

2022-06-10 09:32:26 - [TEST_STEP][PASSED] - openBrowser(""): Browser is opened with url: ''

2022-06-10 09:32:26 - [MESSAGE][WARNING] - A browser is already opened. Closing browser and opening a new one

2022-06-10 09:32:27 - [MESSAGE][INFO] - Starting 'Chrome' driver

2022-06-10 09:32:27 - [MESSAGE][INFO] - Action delay is set to 0 milliseconds

2022-06-10 09:32:28 - [MESSAGE][PASSED] - Browser is opened with url: ''

2022-06-10 09:32:28 - [TEST_STEP][PASSED] - maximizeWindow(): Current window maximized

2022-06-10 09:32:29 - [MESSAGE][PASSED] - Current window maximized

2022-06-10 09:32:29 - [TEST_STEP][PASSED] - i = G_Login: null

2022-06-10 09:32:29 - [TEST_STEP][PASSED] - url = new java.net.URL(i): null

2022-06-10 09:32:29 - [TEST_STEP][PASSED] - println("URL: " + url.toString()): null

2022-06-10 09:32:29 - [TEST_STEP][PASSED] - connection = url.openConnection(): null

2022-06-10 09:32:29 - [TEST_STEP][PASSED] - connection.setRequestMethod("GET"): null

2022-06-10 09:32:29 - [TEST_STEP][PASSED] - connection.setReadTimeout(2 * 1000): null

2022-06-10 09:32:29 - [TEST_STEP][PASSED] - try: null

2022-06-10 09:32:29 - [TEST_STEP][PASSED] - connection.connect(): null

2022-06-10 09:32:29 - [TEST_STEP][PASSED] - flag = connected: null

2022-06-10 09:32:29 - [TEST_STEP][PASSED] - println("Valor_ori: " + flag): null

2022-06-10 09:32:29 - [TEST_STEP][PASSED] - if (flag): null

2022-06-10 09:32:29 - [TEST_STEP][PASSED] - navigateToUrl(i): Navigate to 'http://192.168.2.19:8380/saraweb' successfully

2022-06-10 09:32:29 - [MESSAGE][PASSED] - Navigate to 'http://192.168.2.19:8380/saraweb' successfully

2022-06-10 09:32:29 - [TEST_STEP][PASSED] - a(): null

2022-06-10 09:32:29 - [TEST_STEP][PASSED] - setText(findTestObject("3-OBJECTS UTILIDADES/Login/input_USUARIO_loginusuario"), G_Usuario): Text 'saraadmin' is set on object 'Object Repository/3-OBJECTS UTILIDADES/Login/input_USUARIO_loginusuario'

2022-06-10 09:32:30 - [MESSAGE][PASSED] - Text 'saraadmin' is set on object 'Object Repository/3-OBJECTS UTILIDADES/Login/input_USUARIO_loginusuario'

2022-06-10 09:32:30 - [TEST_STEP][PASSED] - setEncryptedText(findTestObject("3-OBJECTS UTILIDADES/Login/input_CLAVE_loginpassword"), "MkG4/TYiCFC3cb2driP7+Q=="): Text ****** has been set on object 'Object Repository/3-OBJECTS UTILIDADES/Login/input_CLAVE_loginpassword'

2022-06-10 09:32:30 - [MESSAGE][PASSED] - Text ****** has been set on object 'Object Repository/3-OBJECTS UTILIDADES/Login/input_CLAVE_loginpassword'

2022-06-10 09:32:30 - [TEST_STEP][PASSED] - waitForElementClickable(findTestObject("3-OBJECTS UTILIDADES/Login/a_Ingresar"), G_TimeOut): Object 'Object Repository/3-OBJECTS UTILIDADES/Login/a_Ingresar' is clickable

2022-06-10 09:32:31 - [MESSAGE][PASSED] - Object 'Object Repository/3-OBJECTS UTILIDADES/Login/a_Ingresar' is clickable

2022-06-10 09:32:31 - [TEST_STEP][PASSED] - click(findTestObject("3-OBJECTS UTILIDADES/Login/a_Ingresar")): Object: 'Object Repository/3-OBJECTS UTILIDADES/Login/a_Ingresar' is clicked on

2022-06-10 09:32:32 - [MESSAGE][PASSED] - Object: 'Object Repository/3-OBJECTS UTILIDADES/Login/a_Ingresar' is clicked on

2022-06-10 09:32:32 - [TEST_STEP][PASSED] - element = findWebElement(findTestObject("3-OBJECTS UTILIDADES/Login/a_Ir"), 30): null

2022-06-10 09:32:32 - [TEST_STEP][PASSED] - executeJavaScript("arguments[0].click()", Arrays.asList(element)): Execute JavaScript 'arguments[0].click()' successfully

2022-06-10 09:32:32 - [MESSAGE][PASSED] - Execute JavaScript 'arguments[0].click()' successfully

2022-06-10 09:32:32 - [MESSAGE][PASSED] - Call Test Case 'Test Cases/0.1-Login' successfully

2022-06-10 09:32:32 - [TEST_STEP][PASSED] - setText(findTestObject("1-OBJECTS TAREAS PRINCIPALES/Modulo Tarea Compensacion/Generacion_Interfaz_Contable/input_Generacion Interfaz_form_templatej_idt24_input"), "Generacion Interfaz"): Text 'Generacion Interfaz' is set on object 'Object Repository/1-OBJECTS TAREAS PRINCIPALES/Modulo Tarea Compensacion/Generacion_Interfaz_Contable/input_Generacion Interfaz_form_templatej_idt24_input'

2022-06-10 09:32:34 - [MESSAGE][PASSED] - Text 'Generacion Interfaz' is set on object 'Object Repository/1-OBJECTS TAREAS PRINCIPALES/Modulo Tarea Compensacion/Generacion_Interfaz_Contable/input_Generacion Interfaz_form_templatej_idt24_input'

2022-06-10 09:32:34 - [TEST_STEP][PASSED] - click(findTestObject("1-OBJECTS TAREAS PRINCIPALES/Modulo Tarea Compensacion/Generacion_Interfaz_Contable/li_Generacion interfaz (com)")): Object: 'Object Repository/1-OBJECTS TAREAS PRINCIPALES/Modulo Tarea Compensacion/Generacion_Interfaz_Contable/li_Generacion interfaz (com)' is clicked on

2022-06-10 09:32:35 - [MESSAGE][PASSED] - Object: 'Object Repository/1-OBJECTS TAREAS PRINCIPALES/Modulo Tarea Compensacion/Generacion_Interfaz_Contable/li_Generacion interfaz (com)' is clicked on

2022-06-10 09:32:35 - [TEST_STEP][PASSED] - click(findTestObject("1-OBJECTS TAREAS PRINCIPALES/Modulo Tarea Compensacion/Generacion_Interfaz_Contable/span_INTERFAZ PROVISIONES")): Object: 'Object Repository/1-OBJECTS TAREAS PRINCIPALES/Modulo Tarea Compensacion/Generacion_Interfaz_Contable/span_INTERFAZ PROVISIONES' is clicked on

2022-06-10 09:32:36 - [MESSAGE][PASSED] - Object: 'Object Repository/1-OBJECTS TAREAS PRINCIPALES/Modulo Tarea Compensacion/Generacion_Interfaz_Contable/span_INTERFAZ PROVISIONES' is clicked on

2022-06-10 09:32:36 - [TEST_STEP][PASSED] - setText(findTestObject("1-OBJECTS TAREAS PRINCIPALES/Modulo Tarea Compensacion/Generacion_Interfaz_Contable/input_Fecha_generacionInterfazfechacomprobante_input"), "01/07/2017"): Text '01/07/2017' is set on object 'Object Repository/1-OBJECTS TAREAS PRINCIPALES/Modulo Tarea Compensacion/Generacion_Interfaz_Contable/input_Fecha_generacionInterfazfechacomprobante_input'

2022-06-10 09:32:37 - [MESSAGE][PASSED] - Text '01/07/2017' is set on object 'Object Repository/1-OBJECTS TAREAS PRINCIPALES/Modulo Tarea Compensacion/Generacion_Interfaz_Contable/input_Fecha_generacionInterfazfechacomprobante_input'

2022-06-10 09:32:37 - [TEST_STEP][PASSED] - click(findTestObject("1-OBJECTS TAREAS PRINCIPALES/Modulo Tarea Compensacion/Generacion_Interfaz_Contable/span_Filtrar")): Object: 'Object Repository/1-OBJECTS TAREAS PRINCIPALES/Modulo Tarea Compensacion/Generacion_Interfaz_Contable/span_Filtrar' is clicked on

2022-06-10 09:32:37 - [MESSAGE][PASSED] - Object: 'Object Repository/1-OBJECTS TAREAS PRINCIPALES/Modulo Tarea Compensacion/Generacion_Interfaz_Contable/span_Filtrar' is clicked on

2022-06-10 09:32:37 - [TEST_STEP][PASSED] - if (waitForElementPresent(findTestObject("1-OBJECTS TAREAS PRINCIPALES/Modulo Tarea Compensacion/Generacion_Interfaz_Contable/span_01072017"), 1)): Object 'Object Repository/1-OBJECTS TAREAS PRINCIPALES/Modulo Tarea Compensacion/Generacion_Interfaz_Contable/span_01072017' is not present after 1 second(s)

2022-06-10 09:32:39 - [MESSAGE][INFO] - Unable to find the element located by 'By.xpath: //*/text()[normalize-space(.)='01/07/2017']/parent::*'. Please recheck the objects properties to make sure the desired element is located. 

2022-06-10 09:32:39 - [MESSAGE][WARNING] - Object 'Object Repository/1-OBJECTS TAREAS PRINCIPALES/Modulo Tarea Compensacion/Generacion_Interfaz_Contable/span_01072017' is not present after 1 second(s)

2022-06-10 09:32:39 - [TEST_STEP][PASSED] - waitForElementPresent(findTestObject("1-OBJECTS TAREAS PRINCIPALES/Modulo Tarea Compensacion/Generacion_Interfaz_Contable/a_Generar"), 0): Object 'Object Repository/1-OBJECTS TAREAS PRINCIPALES/Modulo Tarea Compensacion/Generacion_Interfaz_Contable/a_Generar' is present

2022-06-10 09:32:40 - [MESSAGE][WARNING] - Timeout '0' is invalid. Using default page load timeout: '37'

2022-06-10 09:32:40 - [MESSAGE][PASSED] - Object 'Object Repository/1-OBJECTS TAREAS PRINCIPALES/Modulo Tarea Compensacion/Generacion_Interfaz_Contable/a_Generar' is present

2022-06-10 09:32:40 - [TEST_STEP][PASSED] - waitForElementPresent(findTestObject("1-OBJECTS TAREAS PRINCIPALES/Modulo Tarea Compensacion/Generacion_Interfaz_Contable/a_Generar"), 0): Object 'Object Repository/1-OBJECTS TAREAS PRINCIPALES/Modulo Tarea Compensacion/Generacion_Interfaz_Contable/a_Generar' is present

2022-06-10 09:32:40 - [MESSAGE][WARNING] - Timeout '0' is invalid. Using default page load timeout: '37'

2022-06-10 09:32:40 - [MESSAGE][PASSED] - Object 'Object Repository/1-OBJECTS TAREAS PRINCIPALES/Modulo Tarea Compensacion/Generacion_Interfaz_Contable/a_Generar' is present

2022-06-10 09:32:40 - [TEST_STEP][PASSED] - waitForElementPresent(findTestObject("1-OBJECTS TAREAS PRINCIPALES/Modulo Tarea Compensacion/Generacion_Interfaz_Contable/a_Generar"), 0): Object 'Object Repository/1-OBJECTS TAREAS PRINCIPALES/Modulo Tarea Compensacion/Generacion_Interfaz_Contable/a_Generar' is present

2022-06-10 09:32:40 - [MESSAGE][WARNING] - Timeout '0' is invalid. Using default page load timeout: '37'

2022-06-10 09:32:40 - [MESSAGE][PASSED] - Object 'Object Repository/1-OBJECTS TAREAS PRINCIPALES/Modulo Tarea Compensacion/Generacion_Interfaz_Contable/a_Generar' is present

2022-06-10 09:32:40 - [TEST_STEP][PASSED] - click(findTestObject("1-OBJECTS TAREAS PRINCIPALES/Modulo Tarea Compensacion/Generacion_Interfaz_Contable/a_Generar")): Object: 'Object Repository/1-OBJECTS TAREAS PRINCIPALES/Modulo Tarea Compensacion/Generacion_Interfaz_Contable/a_Generar' is clicked on

2022-06-10 09:32:41 - [MESSAGE][PASSED] - Object: 'Object Repository/1-OBJECTS TAREAS PRINCIPALES/Modulo Tarea Compensacion/Generacion_Interfaz_Contable/a_Generar' is clicked on

2022-06-10 09:32:41 - [TEST_STEP][PASSED] - selectOptionByIndex(findTestObject("1-OBJECTS TAREAS PRINCIPALES/Modulo Tarea Compensacion/Generacion_Interfaz_Contable/select_NOMINA MENSUALNOMINA QUINCENAL"), 2): All options with index in [2] are selected on object 'Object Repository/1-OBJECTS TAREAS PRINCIPALES/Modulo Tarea Compensacion/Generacion_Interfaz_Contable/select_NOMINA MENSUALNOMINA QUINCENAL'

2022-06-10 09:32:43 - [MESSAGE][PASSED] - All options with index in [2] are selected on object 'Object Repository/1-OBJECTS TAREAS PRINCIPALES/Modulo Tarea Compensacion/Generacion_Interfaz_Contable/select_NOMINA MENSUALNOMINA QUINCENAL'

2022-06-10 09:32:43 - [TEST_STEP][PASSED] - setText(findTestObject("1-OBJECTS TAREAS PRINCIPALES/Modulo Tarea Compensacion/Generacion_Interfaz_Contable/input_Fecha Inicial_popupGeneracionInterfazinicial_input"), "01/07/2017"): Text '01/07/2017' is set on object 'Object Repository/1-OBJECTS TAREAS PRINCIPALES/Modulo Tarea Compensacion/Generacion_Interfaz_Contable/input_Fecha Inicial_popupGeneracionInterfazinicial_input'

2022-06-10 09:32:43 - [MESSAGE][PASSED] - Text '01/07/2017' is set on object 'Object Repository/1-OBJECTS TAREAS PRINCIPALES/Modulo Tarea Compensacion/Generacion_Interfaz_Contable/input_Fecha Inicial_popupGeneracionInterfazinicial_input'

2022-06-10 09:32:43 - [TEST_STEP][PASSED] - setText(findTestObject("1-OBJECTS TAREAS PRINCIPALES/Modulo Tarea Compensacion/Generacion_Interfaz_Contable/input_Fecha Final_popupGeneracionInterfazfinal_input"), "31/07/2017"): Text '31/07/2017' is set on object 'Object Repository/1-OBJECTS TAREAS PRINCIPALES/Modulo Tarea Compensacion/Generacion_Interfaz_Contable/input_Fecha Final_popupGeneracionInterfazfinal_input'

2022-06-10 09:32:44 - [MESSAGE][PASSED] - Text '31/07/2017' is set on object 'Object Repository/1-OBJECTS TAREAS PRINCIPALES/Modulo Tarea Compensacion/Generacion_Interfaz_Contable/input_Fecha Final_popupGeneracionInterfazfinal_input'

2022-06-10 09:32:44 - [TEST_STEP][PASSED] - setText(findTestObject("1-OBJECTS TAREAS PRINCIPALES/Modulo Tarea Compensacion/Generacion_Interfaz_Contable/input_Fecha Proceso_popupGeneracionInterfazfechaProceso_input"), "01/07/2017"): Text '01/07/2017' is set on object 'Object Repository/1-OBJECTS TAREAS PRINCIPALES/Modulo Tarea Compensacion/Generacion_Interfaz_Contable/input_Fecha Proceso_popupGeneracionInterfazfechaProceso_input'

2022-06-10 09:32:45 - [MESSAGE][PASSED] - Text '01/07/2017' is set on object 'Object Repository/1-OBJECTS TAREAS PRINCIPALES/Modulo Tarea Compensacion/Generacion_Interfaz_Contable/input_Fecha Proceso_popupGeneracionInterfazfechaProceso_input'

2022-06-10 09:32:45 - [TEST_STEP][PASSED] - click(findTestObject("1-OBJECTS TAREAS PRINCIPALES/Modulo Tarea Compensacion/Generacion_Interfaz_Contable/span_Generar")): Object: 'Object Repository/1-OBJECTS TAREAS PRINCIPALES/Modulo Tarea Compensacion/Generacion_Interfaz_Contable/span_Generar' is clicked on

2022-06-10 09:32:46 - [MESSAGE][PASSED] - Object: 'Object Repository/1-OBJECTS TAREAS PRINCIPALES/Modulo Tarea Compensacion/Generacion_Interfaz_Contable/span_Generar' is clicked on

2022-06-10 09:32:46 - [TEST_STEP][PASSED] - click(findTestObject("1-OBJECTS TAREAS PRINCIPALES/Modulo Tarea Compensacion/Generacion_Interfaz_Contable/button_Si")): Object: 'Object Repository/1-OBJECTS TAREAS PRINCIPALES/Modulo Tarea Compensacion/Generacion_Interfaz_Contable/button_Si' is clicked on

2022-06-10 09:32:46 - [MESSAGE][PASSED] - Object: 'Object Repository/1-OBJECTS TAREAS PRINCIPALES/Modulo Tarea Compensacion/Generacion_Interfaz_Contable/button_Si' is clicked on

2022-06-10 09:32:46 - [TEST_STEP][PASSED] - click(findTestObject("1-OBJECTS TAREAS PRINCIPALES/Modulo Tarea Compensacion/Generacion_Interfaz_Contable/a_Continuar")): Object: 'Object Repository/1-OBJECTS TAREAS PRINCIPALES/Modulo Tarea Compensacion/Generacion_Interfaz_Contable/a_Continuar' is clicked on

2022-06-10 09:32:50 - [MESSAGE][PASSED] - Object: 'Object Repository/1-OBJECTS TAREAS PRINCIPALES/Modulo Tarea Compensacion/Generacion_Interfaz_Contable/a_Continuar' is clicked on

2022-06-10 09:32:50 - [TEST_STEP][FAILED] - click(findTestObject("1-OBJECTS TAREAS PRINCIPALES/Modulo Tarea Compensacion/Generacion_Interfaz_Contable/a_Exportar")): Unable to click on object 'Object Repository/1-OBJECTS TAREAS PRINCIPALES/Modulo Tarea Compensacion/Generacion_Interfaz_Contable/a_Exportar' (Root cause: com.kms.katalon.core.exception.StepFailedException: Unable to click on object 'Object Repository/1-OBJECTS TAREAS PRINCIPALES/Modulo Tarea Compensacion/Generacion_Interfaz_Contable/a_Exportar'
	at com.kms.katalon.core.webui.keyword.internal.WebUIKeywordMain.stepFailed(WebUIKeywordMain.groovy:64)
	at com.kms.katalon.core.webui.keyword.internal.WebUIKeywordMain.runKeyword(WebUIKeywordMain.groovy:26)
	at com.kms.katalon.core.webui.keyword.builtin.ClickKeyword.click(ClickKeyword.groovy:74)
	at com.kms.katalon.core.webui.keyword.builtin.ClickKeyword.execute(ClickKeyword.groovy:40)
	at com.kms.katalon.core.keyword.internal.KeywordExecutor.executeKeywordForPlatform(KeywordExecutor.groovy:74)
	at com.kms.katalon.core.webui.keyword.WebUiBuiltInKeywords.click(WebUiBuiltInKeywords.groovy:620)
	at com.kms.katalon.core.webui.keyword.WebUiBuiltInKeywords$click$5.call(Unknown Source)
	at 1.7.6-Generacion_Interfaz_Contable.run(1.7.6-Generacion_Interfaz_Contable:74)
	at com.kms.katalon.core.main.ScriptEngine.run(ScriptEngine.java:194)
	at com.kms.katalon.core.main.ScriptEngine.runScriptAsRawText(ScriptEngine.java:119)
	at com.kms.katalon.core.main.TestCaseExecutor.runScript(TestCaseExecutor.java:445)
	at com.kms.katalon.core.main.TestCaseExecutor.doExecute(TestCaseExecutor.java:436)
	at com.kms.katalon.core.main.TestCaseExecutor.processExecutionPhase(TestCaseExecutor.java:415)
	at com.kms.katalon.core.main.TestCaseExecutor.accessMainPhase(TestCaseExecutor.java:407)
	at com.kms.katalon.core.main.TestCaseExecutor.execute(TestCaseExecutor.java:284)
	at com.kms.katalon.core.common.CommonExecutor.accessTestCaseMainPhase(CommonExecutor.java:65)
	at com.kms.katalon.core.main.TestSuiteExecutor.accessTestSuiteMainPhase(TestSuiteExecutor.java:144)
	at com.kms.katalon.core.main.TestSuiteExecutor.execute(TestSuiteExecutor.java:106)
	at com.kms.katalon.core.main.TestCaseMain.startTestSuite(TestCaseMain.java:185)
	at com.kms.katalon.core.main.TestCaseMain$startTestSuite$0.call(Unknown Source)
	at TempTestSuite1654867643956.run(TempTestSuite1654867643956.groovy:36)
Caused by: com.kms.katalon.core.webui.exception.WebElementNotFoundException: Web element with id: 'Object Repository/1-OBJECTS TAREAS PRINCIPALES/Modulo Tarea Compensacion/Generacion_Interfaz_Contable/a_Exportar' located by '//a[contains(text(),'Exportar')]' not found
	at com.kms.katalon.core.webui.common.WebUiCommonHelper.findWebElement(WebUiCommonHelper.java:1370)
	at com.kms.katalon.core.webui.keyword.internal.WebUIAbstractKeyword.findWebElement(WebUIAbstractKeyword.groovy:27)
	at com.kms.katalon.core.webui.keyword.builtin.ClickKeyword$_click_closure1.doCall(ClickKeyword.groovy:65)
	at com.kms.katalon.core.webui.keyword.builtin.ClickKeyword$_click_closure1.call(ClickKeyword.groovy)
	at com.kms.katalon.core.webui.keyword.internal.WebUIKeywordMain.runKeyword(WebUIKeywordMain.groovy:20)
	at com.kms.katalon.core.webui.keyword.builtin.ClickKeyword.click(ClickKeyword.groovy:74)
	at com.kms.katalon.core.webui.keyword.builtin.ClickKeyword.execute(ClickKeyword.groovy:40)
	at com.kms.katalon.core.keyword.internal.KeywordExecutor.executeKeywordForPlatform(KeywordExecutor.groovy:74)
	at com.kms.katalon.core.webui.keyword.WebUiBuiltInKeywords.click(WebUiBuiltInKeywords.groovy:620)
	at com.kms.katalon.core.webui.keyword.WebUiBuiltInKeywords$click$5.call(Unknown Source)
	at Script1638392170168.run(Script1638392170168.groovy:74)
	... 13 more
)

2022-06-10 09:33:28 - [MESSAGE][INFO] - Unable to find the element located by 'By.xpath: //a[contains(text(),'Exportar')]'. Please recheck the objects properties to make sure the desired element is located. 

2022-06-10 09:33:28 - [MESSAGE][FAILED] - Unable to click on object 'Object Repository/1-OBJECTS TAREAS PRINCIPALES/Modulo Tarea Compensacion/Generacion_Interfaz_Contable/a_Exportar' (Root cause: com.kms.katalon.core.exception.StepFailedException: Unable to click on object 'Object Repository/1-OBJECTS TAREAS PRINCIPALES/Modulo Tarea Compensacion/Generacion_Interfaz_Contable/a_Exportar'
	at com.kms.katalon.core.webui.keyword.internal.WebUIKeywordMain.stepFailed(WebUIKeywordMain.groovy:64)
	at com.kms.katalon.core.webui.keyword.internal.WebUIKeywordMain.runKeyword(WebUIKeywordMain.groovy:26)
	at com.kms.katalon.core.webui.keyword.builtin.ClickKeyword.click(ClickKeyword.groovy:74)
	at com.kms.katalon.core.webui.keyword.builtin.ClickKeyword.execute(ClickKeyword.groovy:40)
	at com.kms.katalon.core.keyword.internal.KeywordExecutor.executeKeywordForPlatform(KeywordExecutor.groovy:74)
	at com.kms.katalon.core.webui.keyword.WebUiBuiltInKeywords.click(WebUiBuiltInKeywords.groovy:620)
	at com.kms.katalon.core.webui.keyword.WebUiBuiltInKeywords$click$5.call(Unknown Source)
	at 1.7.6-Generacion_Interfaz_Contable.run(1.7.6-Generacion_Interfaz_Contable:74)
	at com.kms.katalon.core.main.ScriptEngine.run(ScriptEngine.java:194)
	at com.kms.katalon.core.main.ScriptEngine.runScriptAsRawText(ScriptEngine.java:119)
	at com.kms.katalon.core.main.TestCaseExecutor.runScript(TestCaseExecutor.java:445)
	at com.kms.katalon.core.main.TestCaseExecutor.doExecute(TestCaseExecutor.java:436)
	at com.kms.katalon.core.main.TestCaseExecutor.processExecutionPhase(TestCaseExecutor.java:415)
	at com.kms.katalon.core.main.TestCaseExecutor.accessMainPhase(TestCaseExecutor.java:407)
	at com.kms.katalon.core.main.TestCaseExecutor.execute(TestCaseExecutor.java:284)
	at com.kms.katalon.core.common.CommonExecutor.accessTestCaseMainPhase(CommonExecutor.java:65)
	at com.kms.katalon.core.main.TestSuiteExecutor.accessTestSuiteMainPhase(TestSuiteExecutor.java:144)
	at com.kms.katalon.core.main.TestSuiteExecutor.execute(TestSuiteExecutor.java:106)
	at com.kms.katalon.core.main.TestCaseMain.startTestSuite(TestCaseMain.java:185)
	at com.kms.katalon.core.main.TestCaseMain$startTestSuite$0.call(Unknown Source)
	at TempTestSuite1654867643956.run(TempTestSuite1654867643956.groovy:36)
Caused by: com.kms.katalon.core.webui.exception.WebElementNotFoundException: Web element with id: 'Object Repository/1-OBJECTS TAREAS PRINCIPALES/Modulo Tarea Compensacion/Generacion_Interfaz_Contable/a_Exportar' located by '//a[contains(text(),'Exportar')]' not found
	at com.kms.katalon.core.webui.common.WebUiCommonHelper.findWebElement(WebUiCommonHelper.java:1370)
	at com.kms.katalon.core.webui.keyword.internal.WebUIAbstractKeyword.findWebElement(WebUIAbstractKeyword.groovy:27)
	at com.kms.katalon.core.webui.keyword.builtin.ClickKeyword$_click_closure1.doCall(ClickKeyword.groovy:65)
	at com.kms.katalon.core.webui.keyword.builtin.ClickKeyword$_click_closure1.call(ClickKeyword.groovy)
	at com.kms.katalon.core.webui.keyword.internal.WebUIKeywordMain.runKeyword(WebUIKeywordMain.groovy:20)
	at com.kms.katalon.core.webui.keyword.builtin.ClickKeyword.click(ClickKeyword.groovy:74)
	at com.kms.katalon.core.webui.keyword.builtin.ClickKeyword.execute(ClickKeyword.groovy:40)
	at com.kms.katalon.core.keyword.internal.KeywordExecutor.executeKeywordForPlatform(KeywordExecutor.groovy:74)
	at com.kms.katalon.core.webui.keyword.WebUiBuiltInKeywords.click(WebUiBuiltInKeywords.groovy:620)
	at com.kms.katalon.core.webui.keyword.WebUiBuiltInKeywords$click$5.call(Unknown Source)
	at Script1638392170168.run(Script1638392170168.groovy:74)
	... 13 more
)
[[ATTACHMENT|C:\\Users\\diego.rojas\\git\\Pruebas-Minimas\\Reports\\20220610_082723\\Test_Suite_Principales\\1-Tareas Principales\\20220610_082723\\1654871608661.png]]]]></system-out>
         <system-err><![CDATA[2022-06-10 09:32:26 - [TEST_CASE][FAILED] - Test Cases/1.1-Tareas Principales/1.7.6-Generacion_Interfaz_Contable: Test Cases/1.1-Tareas Principales/1.7.6-Generacion_Interfaz_Contable FAILED.
Reason:
com.kms.katalon.core.exception.StepFailedException: Unable to click on object 'Object Repository/1-OBJECTS TAREAS PRINCIPALES/Modulo Tarea Compensacion/Generacion_Interfaz_Contable/a_Exportar'
	at com.kms.katalon.core.webui.keyword.internal.WebUIKeywordMain.stepFailed(WebUIKeywordMain.groovy:64)
	at com.kms.katalon.core.webui.keyword.internal.WebUIKeywordMain.runKeyword(WebUIKeywordMain.groovy:26)
	at com.kms.katalon.core.webui.keyword.builtin.ClickKeyword.click(ClickKeyword.groovy:74)
	at com.kms.katalon.core.webui.keyword.builtin.ClickKeyword.execute(ClickKeyword.groovy:40)
	at com.kms.katalon.core.keyword.internal.KeywordExecutor.executeKeywordForPlatform(KeywordExecutor.groovy:74)
	at com.kms.katalon.core.webui.keyword.WebUiBuiltInKeywords.click(WebUiBuiltInKeywords.groovy:620)
	at com.kms.katalon.core.webui.keyword.WebUiBuiltInKeywords$click$5.call(Unknown Source)
	at 1.7.6-Generacion_Interfaz_Contable.run(1.7.6-Generacion_Interfaz_Contable:74)
	at com.kms.katalon.core.main.ScriptEngine.run(ScriptEngine.java:194)
	at com.kms.katalon.core.main.ScriptEngine.runScriptAsRawText(ScriptEngine.java:119)
	at com.kms.katalon.core.main.TestCaseExecutor.runScript(TestCaseExecutor.java:445)
	at com.kms.katalon.core.main.TestCaseExecutor.doExecute(TestCaseExecutor.java:436)
	at com.kms.katalon.core.main.TestCaseExecutor.processExecutionPhase(TestCaseExecutor.java:415)
	at com.kms.katalon.core.main.TestCaseExecutor.accessMainPhase(TestCaseExecutor.java:407)
	at com.kms.katalon.core.main.TestCaseExecutor.execute(TestCaseExecutor.java:284)
	at com.kms.katalon.core.common.CommonExecutor.accessTestCaseMainPhase(CommonExecutor.java:65)
	at com.kms.katalon.core.main.TestSuiteExecutor.accessTestSuiteMainPhase(TestSuiteExecutor.java:144)
	at com.kms.katalon.core.main.TestSuiteExecutor.execute(TestSuiteExecutor.java:106)
	at com.kms.katalon.core.main.TestCaseMain.startTestSuite(TestCaseMain.java:185)
	at com.kms.katalon.core.main.TestCaseMain$startTestSuite$0.call(Unknown Source)
	at TempTestSuite1654867643956.run(TempTestSuite1654867643956.groovy:36)
Caused by: com.kms.katalon.core.webui.exception.WebElementNotFoundException: Web element with id: 'Object Repository/1-OBJECTS TAREAS PRINCIPALES/Modulo Tarea Compensacion/Generacion_Interfaz_Contable/a_Exportar' located by '//a[contains(text(),'Exportar')]' not found
	at com.kms.katalon.core.webui.common.WebUiCommonHelper.findWebElement(WebUiCommonHelper.java:1370)
	at com.kms.katalon.core.webui.keyword.internal.WebUIAbstractKeyword.findWebElement(WebUIAbstractKeyword.groovy:27)
	at com.kms.katalon.core.webui.keyword.builtin.ClickKeyword$_click_closure1.doCall(ClickKeyword.groovy:65)
	at com.kms.katalon.core.webui.keyword.builtin.ClickKeyword$_click_closure1.call(ClickKeyword.groovy)
	at com.kms.katalon.core.webui.keyword.internal.WebUIKeywordMain.runKeyword(WebUIKeywordMain.groovy:20)
	... 19 more]]></system-err>
      </testcase>
      <testcase name="Test Cases/1.1-Tareas Principales/1.7.7-Crear_Días_Festivos" time="38.297" classname="Test Cases/1.1-Tareas Principales/1.7.7-Crear_Días_Festivos" status="PASSED">
         <system-out><![CDATA[2022-06-10 09:33:28 - [TEST_CASE][PASSED] - Test Cases/1.1-Tareas Principales/1.7.7-Crear_Días_Festivos: Test Cases/1.1-Tareas Principales/1.7.7-Crear_Días_Festivos

2022-06-10 09:33:29 - [TEST_STEP][PASSED] - callTestCase(findTestCase("0.1-Login"), [:], STOP_ON_FAILURE): Call Test Case 'Test Cases/0.1-Login' successfully

2022-06-10 09:33:29 - [TEST_CASE][PASSED] - Test Cases/0.1-Login: Test Cases/0.1-Login

2022-06-10 09:33:29 - [TEST_STEP][PASSED] - openBrowser(""): Browser is opened with url: ''

2022-06-10 09:33:29 - [MESSAGE][WARNING] - A browser is already opened. Closing browser and opening a new one

2022-06-10 09:33:29 - [MESSAGE][INFO] - Starting 'Chrome' driver

2022-06-10 09:33:29 - [MESSAGE][INFO] - Action delay is set to 0 milliseconds

2022-06-10 09:33:31 - [MESSAGE][PASSED] - Browser is opened with url: ''

2022-06-10 09:33:31 - [TEST_STEP][PASSED] - maximizeWindow(): Current window maximized

2022-06-10 09:33:31 - [MESSAGE][PASSED] - Current window maximized

2022-06-10 09:33:31 - [TEST_STEP][PASSED] - i = G_Login: null

2022-06-10 09:33:31 - [TEST_STEP][PASSED] - url = new java.net.URL(i): null

2022-06-10 09:33:31 - [TEST_STEP][PASSED] - println("URL: " + url.toString()): null

2022-06-10 09:33:31 - [TEST_STEP][PASSED] - connection = url.openConnection(): null

2022-06-10 09:33:31 - [TEST_STEP][PASSED] - connection.setRequestMethod("GET"): null

2022-06-10 09:33:31 - [TEST_STEP][PASSED] - connection.setReadTimeout(2 * 1000): null

2022-06-10 09:33:31 - [TEST_STEP][PASSED] - try: null

2022-06-10 09:33:31 - [TEST_STEP][PASSED] - connection.connect(): null

2022-06-10 09:33:31 - [TEST_STEP][PASSED] - flag = connected: null

2022-06-10 09:33:31 - [TEST_STEP][PASSED] - println("Valor_ori: " + flag): null

2022-06-10 09:33:31 - [TEST_STEP][PASSED] - if (flag): null

2022-06-10 09:33:31 - [TEST_STEP][PASSED] - navigateToUrl(i): Navigate to 'http://192.168.2.19:8380/saraweb' successfully

2022-06-10 09:33:31 - [MESSAGE][PASSED] - Navigate to 'http://192.168.2.19:8380/saraweb' successfully

2022-06-10 09:33:31 - [TEST_STEP][PASSED] - a(): null

2022-06-10 09:33:31 - [TEST_STEP][PASSED] - setText(findTestObject("3-OBJECTS UTILIDADES/Login/input_USUARIO_loginusuario"), G_Usuario): Text 'saraadmin' is set on object 'Object Repository/3-OBJECTS UTILIDADES/Login/input_USUARIO_loginusuario'

2022-06-10 09:33:32 - [MESSAGE][PASSED] - Text 'saraadmin' is set on object 'Object Repository/3-OBJECTS UTILIDADES/Login/input_USUARIO_loginusuario'

2022-06-10 09:33:32 - [TEST_STEP][PASSED] - setEncryptedText(findTestObject("3-OBJECTS UTILIDADES/Login/input_CLAVE_loginpassword"), "MkG4/TYiCFC3cb2driP7+Q=="): Text ****** has been set on object 'Object Repository/3-OBJECTS UTILIDADES/Login/input_CLAVE_loginpassword'

2022-06-10 09:33:33 - [MESSAGE][PASSED] - Text ****** has been set on object 'Object Repository/3-OBJECTS UTILIDADES/Login/input_CLAVE_loginpassword'

2022-06-10 09:33:33 - [TEST_STEP][PASSED] - waitForElementClickable(findTestObject("3-OBJECTS UTILIDADES/Login/a_Ingresar"), G_TimeOut): Object 'Object Repository/3-OBJECTS UTILIDADES/Login/a_Ingresar' is clickable

2022-06-10 09:33:33 - [MESSAGE][PASSED] - Object 'Object Repository/3-OBJECTS UTILIDADES/Login/a_Ingresar' is clickable

2022-06-10 09:33:33 - [TEST_STEP][PASSED] - click(findTestObject("3-OBJECTS UTILIDADES/Login/a_Ingresar")): Object: 'Object Repository/3-OBJECTS UTILIDADES/Login/a_Ingresar' is clicked on

2022-06-10 09:33:34 - [MESSAGE][PASSED] - Object: 'Object Repository/3-OBJECTS UTILIDADES/Login/a_Ingresar' is clicked on

2022-06-10 09:33:34 - [TEST_STEP][PASSED] - element = findWebElement(findTestObject("3-OBJECTS UTILIDADES/Login/a_Ir"), 30): null

2022-06-10 09:33:35 - [TEST_STEP][PASSED] - executeJavaScript("arguments[0].click()", Arrays.asList(element)): Execute JavaScript 'arguments[0].click()' successfully

2022-06-10 09:33:35 - [MESSAGE][PASSED] - Execute JavaScript 'arguments[0].click()' successfully

2022-06-10 09:33:35 - [MESSAGE][PASSED] - Call Test Case 'Test Cases/0.1-Login' successfully

2022-06-10 09:33:35 - [TEST_STEP][PASSED] - setText(findTestObject("1-OBJECTS TAREAS PRINCIPALES/Modulo Tarea Compensacion/Crear_Días_Festivos/input_Empresa 1_form_templatej_idt24_input"), "Dias Festivos"): Text 'Dias Festivos' is set on object 'Object Repository/1-OBJECTS TAREAS PRINCIPALES/Modulo Tarea Compensacion/Crear_Días_Festivos/input_Empresa 1_form_templatej_idt24_input'

2022-06-10 09:33:36 - [MESSAGE][PASSED] - Text 'Dias Festivos' is set on object 'Object Repository/1-OBJECTS TAREAS PRINCIPALES/Modulo Tarea Compensacion/Crear_Días_Festivos/input_Empresa 1_form_templatej_idt24_input'

2022-06-10 09:33:36 - [TEST_STEP][PASSED] - click(findTestObject("1-OBJECTS TAREAS PRINCIPALES/Modulo Tarea Compensacion/Crear_Días_Festivos/li_Dias Festivos (com)")): Object: 'Object Repository/1-OBJECTS TAREAS PRINCIPALES/Modulo Tarea Compensacion/Crear_Días_Festivos/li_Dias Festivos (com)' is clicked on

2022-06-10 09:33:38 - [MESSAGE][PASSED] - Object: 'Object Repository/1-OBJECTS TAREAS PRINCIPALES/Modulo Tarea Compensacion/Crear_Días_Festivos/li_Dias Festivos (com)' is clicked on

2022-06-10 09:33:38 - [TEST_STEP][PASSED] - setText(findTestObject("1-OBJECTS TAREAS PRINCIPALES/Modulo Tarea Compensacion/Crear_Días_Festivos/input_Actos Administrativos_form_diasfestivosdescripcionFiltroConcepto"), "pruebas katalon"): Text 'pruebas katalon' is set on object 'Object Repository/1-OBJECTS TAREAS PRINCIPALES/Modulo Tarea Compensacion/Crear_Días_Festivos/input_Actos Administrativos_form_diasfestivosdescripcionFiltroConcepto'

2022-06-10 09:33:39 - [MESSAGE][PASSED] - Text 'pruebas katalon' is set on object 'Object Repository/1-OBJECTS TAREAS PRINCIPALES/Modulo Tarea Compensacion/Crear_Días_Festivos/input_Actos Administrativos_form_diasfestivosdescripcionFiltroConcepto'

2022-06-10 09:33:39 - [TEST_STEP][PASSED] - sendKeys(findTestObject("1-OBJECTS TAREAS PRINCIPALES/Modulo Tarea Compensacion/Crear_Días_Festivos/input_Actos Administrativos_form_diasfestivosdescripcionFiltroConcepto"), Keys.chord(ENTER)): Keys 'ENTER + ' sent to object: 'Object Repository/1-OBJECTS TAREAS PRINCIPALES/Modulo Tarea Compensacion/Crear_Días_Festivos/input_Actos Administrativos_form_diasfestivosdescripcionFiltroConcepto'

2022-06-10 09:33:40 - [MESSAGE][PASSED] - Keys 'ENTER + ' sent to object: 'Object Repository/1-OBJECTS TAREAS PRINCIPALES/Modulo Tarea Compensacion/Crear_Días_Festivos/input_Actos Administrativos_form_diasfestivosdescripcionFiltroConcepto'

2022-06-10 09:33:40 - [TEST_STEP][PASSED] - if (waitForElementVisible(findTestObject("1-OBJECTS TAREAS PRINCIPALES/Modulo Tarea Compensacion/Crear_Días_Festivos/td_Pruebas katalon"), 1)): null

2022-06-10 09:33:41 - [MESSAGE][PASSED] - Object 'Object Repository/1-OBJECTS TAREAS PRINCIPALES/Modulo Tarea Compensacion/Crear_Días_Festivos/td_Pruebas katalon' is visible

2022-06-10 09:33:41 - [TEST_STEP][PASSED] - click(findTestObject("1-OBJECTS TAREAS PRINCIPALES/Modulo Tarea Compensacion/Crear_Días_Festivos/td_Pruebas katalon"), STOP_ON_FAILURE): Object: 'Object Repository/1-OBJECTS TAREAS PRINCIPALES/Modulo Tarea Compensacion/Crear_Días_Festivos/td_Pruebas katalon' is clicked on

2022-06-10 09:33:41 - [MESSAGE][PASSED] - Object: 'Object Repository/1-OBJECTS TAREAS PRINCIPALES/Modulo Tarea Compensacion/Crear_Días_Festivos/td_Pruebas katalon' is clicked on

2022-06-10 09:33:41 - [TEST_STEP][PASSED] - leerMes = getText(findTestObject("1-OBJECTS TAREAS PRINCIPALES/Modulo Tarea Compensacion/Crear_Días_Festivos/h2_enero 2021")): Text of object 'Object Repository/1-OBJECTS TAREAS PRINCIPALES/Modulo Tarea Compensacion/Crear_Días_Festivos/h2_enero 2021' is: 'junio de 2022'

2022-06-10 09:33:42 - [MESSAGE][PASSED] - Text of object 'Object Repository/1-OBJECTS TAREAS PRINCIPALES/Modulo Tarea Compensacion/Crear_Días_Festivos/h2_enero 2021' is: 'junio de 2022'

2022-06-10 09:33:42 - [TEST_STEP][PASSED] - Mes = leerMes: null

2022-06-10 09:33:42 - [TEST_STEP][PASSED] - while (Mes != "enero de 2021"): null

2022-06-10 09:33:42 - [TEST_STEP][PASSED] - click(findTestObject("1-OBJECTS TAREAS PRINCIPALES/Modulo Tarea Compensacion/Crear_Días_Festivos/span_Modo_fc-icon fc-icon-left-single-arrow_regresarMes"), STOP_ON_FAILURE): Object: 'Object Repository/1-OBJECTS TAREAS PRINCIPALES/Modulo Tarea Compensacion/Crear_Días_Festivos/span_Modo_fc-icon fc-icon-left-single-arrow_regresarMes' is clicked on

2022-06-10 09:33:42 - [MESSAGE][PASSED] - Object: 'Object Repository/1-OBJECTS TAREAS PRINCIPALES/Modulo Tarea Compensacion/Crear_Días_Festivos/span_Modo_fc-icon fc-icon-left-single-arrow_regresarMes' is clicked on

2022-06-10 09:33:42 - [TEST_STEP][PASSED] - Mes1 = getText(findTestObject("1-OBJECTS TAREAS PRINCIPALES/Modulo Tarea Compensacion/Crear_Días_Festivos/h2_enero 2021")): Text of object 'Object Repository/1-OBJECTS TAREAS PRINCIPALES/Modulo Tarea Compensacion/Crear_Días_Festivos/h2_enero 2021' is: 'mayo de 2022'

2022-06-10 09:33:43 - [MESSAGE][PASSED] - Text of object 'Object Repository/1-OBJECTS TAREAS PRINCIPALES/Modulo Tarea Compensacion/Crear_Días_Festivos/h2_enero 2021' is: 'mayo de 2022'

2022-06-10 09:33:43 - [TEST_STEP][PASSED] - Mes = Mes1: null

2022-06-10 09:33:43 - [TEST_STEP][PASSED] - click(findTestObject("1-OBJECTS TAREAS PRINCIPALES/Modulo Tarea Compensacion/Crear_Días_Festivos/span_Modo_fc-icon fc-icon-left-single-arrow_regresarMes"), STOP_ON_FAILURE): Object: 'Object Repository/1-OBJECTS TAREAS PRINCIPALES/Modulo Tarea Compensacion/Crear_Días_Festivos/span_Modo_fc-icon fc-icon-left-single-arrow_regresarMes' is clicked on

2022-06-10 09:33:43 - [MESSAGE][PASSED] - Object: 'Object Repository/1-OBJECTS TAREAS PRINCIPALES/Modulo Tarea Compensacion/Crear_Días_Festivos/span_Modo_fc-icon fc-icon-left-single-arrow_regresarMes' is clicked on

2022-06-10 09:33:43 - [TEST_STEP][PASSED] - Mes1 = getText(findTestObject("1-OBJECTS TAREAS PRINCIPALES/Modulo Tarea Compensacion/Crear_Días_Festivos/h2_enero 2021")): Text of object 'Object Repository/1-OBJECTS TAREAS PRINCIPALES/Modulo Tarea Compensacion/Crear_Días_Festivos/h2_enero 2021' is: 'abril de 2022'

2022-06-10 09:33:44 - [MESSAGE][PASSED] - Text of object 'Object Repository/1-OBJECTS TAREAS PRINCIPALES/Modulo Tarea Compensacion/Crear_Días_Festivos/h2_enero 2021' is: 'abril de 2022'

2022-06-10 09:33:44 - [TEST_STEP][PASSED] - Mes = Mes1: null

2022-06-10 09:33:44 - [TEST_STEP][PASSED] - click(findTestObject("1-OBJECTS TAREAS PRINCIPALES/Modulo Tarea Compensacion/Crear_Días_Festivos/span_Modo_fc-icon fc-icon-left-single-arrow_regresarMes"), STOP_ON_FAILURE): Object: 'Object Repository/1-OBJECTS TAREAS PRINCIPALES/Modulo Tarea Compensacion/Crear_Días_Festivos/span_Modo_fc-icon fc-icon-left-single-arrow_regresarMes' is clicked on

2022-06-10 09:33:44 - [MESSAGE][PASSED] - Object: 'Object Repository/1-OBJECTS TAREAS PRINCIPALES/Modulo Tarea Compensacion/Crear_Días_Festivos/span_Modo_fc-icon fc-icon-left-single-arrow_regresarMes' is clicked on

2022-06-10 09:33:44 - [TEST_STEP][PASSED] - Mes1 = getText(findTestObject("1-OBJECTS TAREAS PRINCIPALES/Modulo Tarea Compensacion/Crear_Días_Festivos/h2_enero 2021")): Text of object 'Object Repository/1-OBJECTS TAREAS PRINCIPALES/Modulo Tarea Compensacion/Crear_Días_Festivos/h2_enero 2021' is: 'marzo de 2022'

2022-06-10 09:33:44 - [MESSAGE][PASSED] - Text of object 'Object Repository/1-OBJECTS TAREAS PRINCIPALES/Modulo Tarea Compensacion/Crear_Días_Festivos/h2_enero 2021' is: 'marzo de 2022'

2022-06-10 09:33:44 - [TEST_STEP][PASSED] - Mes = Mes1: null

2022-06-10 09:33:44 - [TEST_STEP][PASSED] - click(findTestObject("1-OBJECTS TAREAS PRINCIPALES/Modulo Tarea Compensacion/Crear_Días_Festivos/span_Modo_fc-icon fc-icon-left-single-arrow_regresarMes"), STOP_ON_FAILURE): Object: 'Object Repository/1-OBJECTS TAREAS PRINCIPALES/Modulo Tarea Compensacion/Crear_Días_Festivos/span_Modo_fc-icon fc-icon-left-single-arrow_regresarMes' is clicked on

2022-06-10 09:33:45 - [MESSAGE][PASSED] - Object: 'Object Repository/1-OBJECTS TAREAS PRINCIPALES/Modulo Tarea Compensacion/Crear_Días_Festivos/span_Modo_fc-icon fc-icon-left-single-arrow_regresarMes' is clicked on

2022-06-10 09:33:45 - [TEST_STEP][PASSED] - Mes1 = getText(findTestObject("1-OBJECTS TAREAS PRINCIPALES/Modulo Tarea Compensacion/Crear_Días_Festivos/h2_enero 2021")): Text of object 'Object Repository/1-OBJECTS TAREAS PRINCIPALES/Modulo Tarea Compensacion/Crear_Días_Festivos/h2_enero 2021' is: 'febrero de 2022'

2022-06-10 09:33:45 - [MESSAGE][PASSED] - Text of object 'Object Repository/1-OBJECTS TAREAS PRINCIPALES/Modulo Tarea Compensacion/Crear_Días_Festivos/h2_enero 2021' is: 'febrero de 2022'

2022-06-10 09:33:45 - [TEST_STEP][PASSED] - Mes = Mes1: null

2022-06-10 09:33:45 - [TEST_STEP][PASSED] - click(findTestObject("1-OBJECTS TAREAS PRINCIPALES/Modulo Tarea Compensacion/Crear_Días_Festivos/span_Modo_fc-icon fc-icon-left-single-arrow_regresarMes"), STOP_ON_FAILURE): Object: 'Object Repository/1-OBJECTS TAREAS PRINCIPALES/Modulo Tarea Compensacion/Crear_Días_Festivos/span_Modo_fc-icon fc-icon-left-single-arrow_regresarMes' is clicked on

2022-06-10 09:33:46 - [MESSAGE][PASSED] - Object: 'Object Repository/1-OBJECTS TAREAS PRINCIPALES/Modulo Tarea Compensacion/Crear_Días_Festivos/span_Modo_fc-icon fc-icon-left-single-arrow_regresarMes' is clicked on

2022-06-10 09:33:46 - [TEST_STEP][PASSED] - Mes1 = getText(findTestObject("1-OBJECTS TAREAS PRINCIPALES/Modulo Tarea Compensacion/Crear_Días_Festivos/h2_enero 2021")): Text of object 'Object Repository/1-OBJECTS TAREAS PRINCIPALES/Modulo Tarea Compensacion/Crear_Días_Festivos/h2_enero 2021' is: 'enero de 2022'

2022-06-10 09:33:46 - [MESSAGE][PASSED] - Text of object 'Object Repository/1-OBJECTS TAREAS PRINCIPALES/Modulo Tarea Compensacion/Crear_Días_Festivos/h2_enero 2021' is: 'enero de 2022'

2022-06-10 09:33:46 - [TEST_STEP][PASSED] - Mes = Mes1: null

2022-06-10 09:33:46 - [TEST_STEP][PASSED] - click(findTestObject("1-OBJECTS TAREAS PRINCIPALES/Modulo Tarea Compensacion/Crear_Días_Festivos/span_Modo_fc-icon fc-icon-left-single-arrow_regresarMes"), STOP_ON_FAILURE): Object: 'Object Repository/1-OBJECTS TAREAS PRINCIPALES/Modulo Tarea Compensacion/Crear_Días_Festivos/span_Modo_fc-icon fc-icon-left-single-arrow_regresarMes' is clicked on

2022-06-10 09:33:47 - [MESSAGE][PASSED] - Object: 'Object Repository/1-OBJECTS TAREAS PRINCIPALES/Modulo Tarea Compensacion/Crear_Días_Festivos/span_Modo_fc-icon fc-icon-left-single-arrow_regresarMes' is clicked on

2022-06-10 09:33:47 - [TEST_STEP][PASSED] - Mes1 = getText(findTestObject("1-OBJECTS TAREAS PRINCIPALES/Modulo Tarea Compensacion/Crear_Días_Festivos/h2_enero 2021")): Text of object 'Object Repository/1-OBJECTS TAREAS PRINCIPALES/Modulo Tarea Compensacion/Crear_Días_Festivos/h2_enero 2021' is: 'diciembre de 2021'

2022-06-10 09:33:47 - [MESSAGE][PASSED] - Text of object 'Object Repository/1-OBJECTS TAREAS PRINCIPALES/Modulo Tarea Compensacion/Crear_Días_Festivos/h2_enero 2021' is: 'diciembre de 2021'

2022-06-10 09:33:47 - [TEST_STEP][PASSED] - Mes = Mes1: null

2022-06-10 09:33:47 - [TEST_STEP][PASSED] - click(findTestObject("1-OBJECTS TAREAS PRINCIPALES/Modulo Tarea Compensacion/Crear_Días_Festivos/span_Modo_fc-icon fc-icon-left-single-arrow_regresarMes"), STOP_ON_FAILURE): Object: 'Object Repository/1-OBJECTS TAREAS PRINCIPALES/Modulo Tarea Compensacion/Crear_Días_Festivos/span_Modo_fc-icon fc-icon-left-single-arrow_regresarMes' is clicked on

2022-06-10 09:33:47 - [MESSAGE][PASSED] - Object: 'Object Repository/1-OBJECTS TAREAS PRINCIPALES/Modulo Tarea Compensacion/Crear_Días_Festivos/span_Modo_fc-icon fc-icon-left-single-arrow_regresarMes' is clicked on

2022-06-10 09:33:47 - [TEST_STEP][PASSED] - Mes1 = getText(findTestObject("1-OBJECTS TAREAS PRINCIPALES/Modulo Tarea Compensacion/Crear_Días_Festivos/h2_enero 2021")): Text of object 'Object Repository/1-OBJECTS TAREAS PRINCIPALES/Modulo Tarea Compensacion/Crear_Días_Festivos/h2_enero 2021' is: 'noviembre de 2021'

2022-06-10 09:33:48 - [MESSAGE][PASSED] - Text of object 'Object Repository/1-OBJECTS TAREAS PRINCIPALES/Modulo Tarea Compensacion/Crear_Días_Festivos/h2_enero 2021' is: 'noviembre de 2021'

2022-06-10 09:33:48 - [TEST_STEP][PASSED] - Mes = Mes1: null

2022-06-10 09:33:48 - [TEST_STEP][PASSED] - click(findTestObject("1-OBJECTS TAREAS PRINCIPALES/Modulo Tarea Compensacion/Crear_Días_Festivos/span_Modo_fc-icon fc-icon-left-single-arrow_regresarMes"), STOP_ON_FAILURE): Object: 'Object Repository/1-OBJECTS TAREAS PRINCIPALES/Modulo Tarea Compensacion/Crear_Días_Festivos/span_Modo_fc-icon fc-icon-left-single-arrow_regresarMes' is clicked on

2022-06-10 09:33:48 - [MESSAGE][PASSED] - Object: 'Object Repository/1-OBJECTS TAREAS PRINCIPALES/Modulo Tarea Compensacion/Crear_Días_Festivos/span_Modo_fc-icon fc-icon-left-single-arrow_regresarMes' is clicked on

2022-06-10 09:33:48 - [TEST_STEP][PASSED] - Mes1 = getText(findTestObject("1-OBJECTS TAREAS PRINCIPALES/Modulo Tarea Compensacion/Crear_Días_Festivos/h2_enero 2021")): Text of object 'Object Repository/1-OBJECTS TAREAS PRINCIPALES/Modulo Tarea Compensacion/Crear_Días_Festivos/h2_enero 2021' is: 'octubre de 2021'

2022-06-10 09:33:49 - [MESSAGE][PASSED] - Text of object 'Object Repository/1-OBJECTS TAREAS PRINCIPALES/Modulo Tarea Compensacion/Crear_Días_Festivos/h2_enero 2021' is: 'octubre de 2021'

2022-06-10 09:33:49 - [TEST_STEP][PASSED] - Mes = Mes1: null

2022-06-10 09:33:49 - [TEST_STEP][PASSED] - click(findTestObject("1-OBJECTS TAREAS PRINCIPALES/Modulo Tarea Compensacion/Crear_Días_Festivos/span_Modo_fc-icon fc-icon-left-single-arrow_regresarMes"), STOP_ON_FAILURE): Object: 'Object Repository/1-OBJECTS TAREAS PRINCIPALES/Modulo Tarea Compensacion/Crear_Días_Festivos/span_Modo_fc-icon fc-icon-left-single-arrow_regresarMes' is clicked on

2022-06-10 09:33:49 - [MESSAGE][PASSED] - Object: 'Object Repository/1-OBJECTS TAREAS PRINCIPALES/Modulo Tarea Compensacion/Crear_Días_Festivos/span_Modo_fc-icon fc-icon-left-single-arrow_regresarMes' is clicked on

2022-06-10 09:33:49 - [TEST_STEP][PASSED] - Mes1 = getText(findTestObject("1-OBJECTS TAREAS PRINCIPALES/Modulo Tarea Compensacion/Crear_Días_Festivos/h2_enero 2021")): Text of object 'Object Repository/1-OBJECTS TAREAS PRINCIPALES/Modulo Tarea Compensacion/Crear_Días_Festivos/h2_enero 2021' is: 'septiembre de 2021'

2022-06-10 09:33:49 - [MESSAGE][PASSED] - Text of object 'Object Repository/1-OBJECTS TAREAS PRINCIPALES/Modulo Tarea Compensacion/Crear_Días_Festivos/h2_enero 2021' is: 'septiembre de 2021'

2022-06-10 09:33:49 - [TEST_STEP][PASSED] - Mes = Mes1: null

2022-06-10 09:33:49 - [TEST_STEP][PASSED] - click(findTestObject("1-OBJECTS TAREAS PRINCIPALES/Modulo Tarea Compensacion/Crear_Días_Festivos/span_Modo_fc-icon fc-icon-left-single-arrow_regresarMes"), STOP_ON_FAILURE): Object: 'Object Repository/1-OBJECTS TAREAS PRINCIPALES/Modulo Tarea Compensacion/Crear_Días_Festivos/span_Modo_fc-icon fc-icon-left-single-arrow_regresarMes' is clicked on

2022-06-10 09:33:50 - [MESSAGE][PASSED] - Object: 'Object Repository/1-OBJECTS TAREAS PRINCIPALES/Modulo Tarea Compensacion/Crear_Días_Festivos/span_Modo_fc-icon fc-icon-left-single-arrow_regresarMes' is clicked on

2022-06-10 09:33:50 - [TEST_STEP][PASSED] - Mes1 = getText(findTestObject("1-OBJECTS TAREAS PRINCIPALES/Modulo Tarea Compensacion/Crear_Días_Festivos/h2_enero 2021")): Text of object 'Object Repository/1-OBJECTS TAREAS PRINCIPALES/Modulo Tarea Compensacion/Crear_Días_Festivos/h2_enero 2021' is: 'agosto de 2021'

2022-06-10 09:33:50 - [MESSAGE][PASSED] - Text of object 'Object Repository/1-OBJECTS TAREAS PRINCIPALES/Modulo Tarea Compensacion/Crear_Días_Festivos/h2_enero 2021' is: 'agosto de 2021'

2022-06-10 09:33:50 - [TEST_STEP][PASSED] - Mes = Mes1: null

2022-06-10 09:33:50 - [TEST_STEP][PASSED] - click(findTestObject("1-OBJECTS TAREAS PRINCIPALES/Modulo Tarea Compensacion/Crear_Días_Festivos/span_Modo_fc-icon fc-icon-left-single-arrow_regresarMes"), STOP_ON_FAILURE): Object: 'Object Repository/1-OBJECTS TAREAS PRINCIPALES/Modulo Tarea Compensacion/Crear_Días_Festivos/span_Modo_fc-icon fc-icon-left-single-arrow_regresarMes' is clicked on

2022-06-10 09:33:51 - [MESSAGE][PASSED] - Object: 'Object Repository/1-OBJECTS TAREAS PRINCIPALES/Modulo Tarea Compensacion/Crear_Días_Festivos/span_Modo_fc-icon fc-icon-left-single-arrow_regresarMes' is clicked on

2022-06-10 09:33:51 - [TEST_STEP][PASSED] - Mes1 = getText(findTestObject("1-OBJECTS TAREAS PRINCIPALES/Modulo Tarea Compensacion/Crear_Días_Festivos/h2_enero 2021")): Text of object 'Object Repository/1-OBJECTS TAREAS PRINCIPALES/Modulo Tarea Compensacion/Crear_Días_Festivos/h2_enero 2021' is: 'julio de 2021'

2022-06-10 09:33:51 - [MESSAGE][PASSED] - Text of object 'Object Repository/1-OBJECTS TAREAS PRINCIPALES/Modulo Tarea Compensacion/Crear_Días_Festivos/h2_enero 2021' is: 'julio de 2021'

2022-06-10 09:33:51 - [TEST_STEP][PASSED] - Mes = Mes1: null

2022-06-10 09:33:51 - [TEST_STEP][PASSED] - click(findTestObject("1-OBJECTS TAREAS PRINCIPALES/Modulo Tarea Compensacion/Crear_Días_Festivos/span_Modo_fc-icon fc-icon-left-single-arrow_regresarMes"), STOP_ON_FAILURE): Object: 'Object Repository/1-OBJECTS TAREAS PRINCIPALES/Modulo Tarea Compensacion/Crear_Días_Festivos/span_Modo_fc-icon fc-icon-left-single-arrow_regresarMes' is clicked on

2022-06-10 09:33:52 - [MESSAGE][PASSED] - Object: 'Object Repository/1-OBJECTS TAREAS PRINCIPALES/Modulo Tarea Compensacion/Crear_Días_Festivos/span_Modo_fc-icon fc-icon-left-single-arrow_regresarMes' is clicked on

2022-06-10 09:33:52 - [TEST_STEP][PASSED] - Mes1 = getText(findTestObject("1-OBJECTS TAREAS PRINCIPALES/Modulo Tarea Compensacion/Crear_Días_Festivos/h2_enero 2021")): Text of object 'Object Repository/1-OBJECTS TAREAS PRINCIPALES/Modulo Tarea Compensacion/Crear_Días_Festivos/h2_enero 2021' is: 'junio de 2021'

2022-06-10 09:33:52 - [MESSAGE][PASSED] - Text of object 'Object Repository/1-OBJECTS TAREAS PRINCIPALES/Modulo Tarea Compensacion/Crear_Días_Festivos/h2_enero 2021' is: 'junio de 2021'

2022-06-10 09:33:52 - [TEST_STEP][PASSED] - Mes = Mes1: null

2022-06-10 09:33:52 - [TEST_STEP][PASSED] - click(findTestObject("1-OBJECTS TAREAS PRINCIPALES/Modulo Tarea Compensacion/Crear_Días_Festivos/span_Modo_fc-icon fc-icon-left-single-arrow_regresarMes"), STOP_ON_FAILURE): Object: 'Object Repository/1-OBJECTS TAREAS PRINCIPALES/Modulo Tarea Compensacion/Crear_Días_Festivos/span_Modo_fc-icon fc-icon-left-single-arrow_regresarMes' is clicked on

2022-06-10 09:33:52 - [MESSAGE][PASSED] - Object: 'Object Repository/1-OBJECTS TAREAS PRINCIPALES/Modulo Tarea Compensacion/Crear_Días_Festivos/span_Modo_fc-icon fc-icon-left-single-arrow_regresarMes' is clicked on

2022-06-10 09:33:52 - [TEST_STEP][PASSED] - Mes1 = getText(findTestObject("1-OBJECTS TAREAS PRINCIPALES/Modulo Tarea Compensacion/Crear_Días_Festivos/h2_enero 2021")): Text of object 'Object Repository/1-OBJECTS TAREAS PRINCIPALES/Modulo Tarea Compensacion/Crear_Días_Festivos/h2_enero 2021' is: 'mayo de 2021'

2022-06-10 09:33:53 - [MESSAGE][PASSED] - Text of object 'Object Repository/1-OBJECTS TAREAS PRINCIPALES/Modulo Tarea Compensacion/Crear_Días_Festivos/h2_enero 2021' is: 'mayo de 2021'

2022-06-10 09:33:53 - [TEST_STEP][PASSED] - Mes = Mes1: null

2022-06-10 09:33:53 - [TEST_STEP][PASSED] - click(findTestObject("1-OBJECTS TAREAS PRINCIPALES/Modulo Tarea Compensacion/Crear_Días_Festivos/span_Modo_fc-icon fc-icon-left-single-arrow_regresarMes"), STOP_ON_FAILURE): Object: 'Object Repository/1-OBJECTS TAREAS PRINCIPALES/Modulo Tarea Compensacion/Crear_Días_Festivos/span_Modo_fc-icon fc-icon-left-single-arrow_regresarMes' is clicked on

2022-06-10 09:33:53 - [MESSAGE][PASSED] - Object: 'Object Repository/1-OBJECTS TAREAS PRINCIPALES/Modulo Tarea Compensacion/Crear_Días_Festivos/span_Modo_fc-icon fc-icon-left-single-arrow_regresarMes' is clicked on

2022-06-10 09:33:53 - [TEST_STEP][PASSED] - Mes1 = getText(findTestObject("1-OBJECTS TAREAS PRINCIPALES/Modulo Tarea Compensacion/Crear_Días_Festivos/h2_enero 2021")): Text of object 'Object Repository/1-OBJECTS TAREAS PRINCIPALES/Modulo Tarea Compensacion/Crear_Días_Festivos/h2_enero 2021' is: 'abril de 2021'

2022-06-10 09:33:54 - [MESSAGE][PASSED] - Text of object 'Object Repository/1-OBJECTS TAREAS PRINCIPALES/Modulo Tarea Compensacion/Crear_Días_Festivos/h2_enero 2021' is: 'abril de 2021'

2022-06-10 09:33:54 - [TEST_STEP][PASSED] - Mes = Mes1: null

2022-06-10 09:33:54 - [TEST_STEP][PASSED] - click(findTestObject("1-OBJECTS TAREAS PRINCIPALES/Modulo Tarea Compensacion/Crear_Días_Festivos/span_Modo_fc-icon fc-icon-left-single-arrow_regresarMes"), STOP_ON_FAILURE): Object: 'Object Repository/1-OBJECTS TAREAS PRINCIPALES/Modulo Tarea Compensacion/Crear_Días_Festivos/span_Modo_fc-icon fc-icon-left-single-arrow_regresarMes' is clicked on

2022-06-10 09:33:54 - [MESSAGE][PASSED] - Object: 'Object Repository/1-OBJECTS TAREAS PRINCIPALES/Modulo Tarea Compensacion/Crear_Días_Festivos/span_Modo_fc-icon fc-icon-left-single-arrow_regresarMes' is clicked on

2022-06-10 09:33:54 - [TEST_STEP][PASSED] - Mes1 = getText(findTestObject("1-OBJECTS TAREAS PRINCIPALES/Modulo Tarea Compensacion/Crear_Días_Festivos/h2_enero 2021")): Text of object 'Object Repository/1-OBJECTS TAREAS PRINCIPALES/Modulo Tarea Compensacion/Crear_Días_Festivos/h2_enero 2021' is: 'marzo de 2021'

2022-06-10 09:33:55 - [MESSAGE][PASSED] - Text of object 'Object Repository/1-OBJECTS TAREAS PRINCIPALES/Modulo Tarea Compensacion/Crear_Días_Festivos/h2_enero 2021' is: 'marzo de 2021'

2022-06-10 09:33:55 - [TEST_STEP][PASSED] - Mes = Mes1: null

2022-06-10 09:33:55 - [TEST_STEP][PASSED] - click(findTestObject("1-OBJECTS TAREAS PRINCIPALES/Modulo Tarea Compensacion/Crear_Días_Festivos/span_Modo_fc-icon fc-icon-left-single-arrow_regresarMes"), STOP_ON_FAILURE): Object: 'Object Repository/1-OBJECTS TAREAS PRINCIPALES/Modulo Tarea Compensacion/Crear_Días_Festivos/span_Modo_fc-icon fc-icon-left-single-arrow_regresarMes' is clicked on

2022-06-10 09:33:55 - [MESSAGE][PASSED] - Object: 'Object Repository/1-OBJECTS TAREAS PRINCIPALES/Modulo Tarea Compensacion/Crear_Días_Festivos/span_Modo_fc-icon fc-icon-left-single-arrow_regresarMes' is clicked on

2022-06-10 09:33:55 - [TEST_STEP][PASSED] - Mes1 = getText(findTestObject("1-OBJECTS TAREAS PRINCIPALES/Modulo Tarea Compensacion/Crear_Días_Festivos/h2_enero 2021")): Text of object 'Object Repository/1-OBJECTS TAREAS PRINCIPALES/Modulo Tarea Compensacion/Crear_Días_Festivos/h2_enero 2021' is: 'febrero de 2021'

2022-06-10 09:33:55 - [MESSAGE][PASSED] - Text of object 'Object Repository/1-OBJECTS TAREAS PRINCIPALES/Modulo Tarea Compensacion/Crear_Días_Festivos/h2_enero 2021' is: 'febrero de 2021'

2022-06-10 09:33:55 - [TEST_STEP][PASSED] - Mes = Mes1: null

2022-06-10 09:33:55 - [TEST_STEP][PASSED] - click(findTestObject("1-OBJECTS TAREAS PRINCIPALES/Modulo Tarea Compensacion/Crear_Días_Festivos/span_Modo_fc-icon fc-icon-left-single-arrow_regresarMes"), STOP_ON_FAILURE): Object: 'Object Repository/1-OBJECTS TAREAS PRINCIPALES/Modulo Tarea Compensacion/Crear_Días_Festivos/span_Modo_fc-icon fc-icon-left-single-arrow_regresarMes' is clicked on

2022-06-10 09:33:56 - [MESSAGE][PASSED] - Object: 'Object Repository/1-OBJECTS TAREAS PRINCIPALES/Modulo Tarea Compensacion/Crear_Días_Festivos/span_Modo_fc-icon fc-icon-left-single-arrow_regresarMes' is clicked on

2022-06-10 09:33:56 - [TEST_STEP][PASSED] - Mes1 = getText(findTestObject("1-OBJECTS TAREAS PRINCIPALES/Modulo Tarea Compensacion/Crear_Días_Festivos/h2_enero 2021")): Text of object 'Object Repository/1-OBJECTS TAREAS PRINCIPALES/Modulo Tarea Compensacion/Crear_Días_Festivos/h2_enero 2021' is: 'enero de 2021'

2022-06-10 09:33:56 - [MESSAGE][PASSED] - Text of object 'Object Repository/1-OBJECTS TAREAS PRINCIPALES/Modulo Tarea Compensacion/Crear_Días_Festivos/h2_enero 2021' is: 'enero de 2021'

2022-06-10 09:33:56 - [TEST_STEP][PASSED] - Mes = Mes1: null

2022-06-10 09:33:56 - [TEST_STEP][PASSED] - if (waitForElementVisible(findTestObject("1-OBJECTS TAREAS PRINCIPALES/Modulo Tarea Compensacion/Crear_Días_Festivos/div_0 FESTIVO"), 1)): null

2022-06-10 09:33:57 - [MESSAGE][PASSED] - Object 'Object Repository/1-OBJECTS TAREAS PRINCIPALES/Modulo Tarea Compensacion/Crear_Días_Festivos/div_0 FESTIVO' is visible

2022-06-10 09:33:57 - [TEST_STEP][PASSED] - click(findTestObject("1-OBJECTS TAREAS PRINCIPALES/Modulo Tarea Compensacion/Crear_Días_Festivos/div_0 FESTIVO"), STOP_ON_FAILURE): Object: 'Object Repository/1-OBJECTS TAREAS PRINCIPALES/Modulo Tarea Compensacion/Crear_Días_Festivos/div_0 FESTIVO' is clicked on

2022-06-10 09:33:57 - [MESSAGE][PASSED] - Object: 'Object Repository/1-OBJECTS TAREAS PRINCIPALES/Modulo Tarea Compensacion/Crear_Días_Festivos/div_0 FESTIVO' is clicked on

2022-06-10 09:33:57 - [TEST_STEP][PASSED] - click(findTestObject("1-OBJECTS TAREAS PRINCIPALES/Modulo Tarea Compensacion/Crear_Días_Festivos/a_Eliminar Registro")): Object: 'Object Repository/1-OBJECTS TAREAS PRINCIPALES/Modulo Tarea Compensacion/Crear_Días_Festivos/a_Eliminar Registro' is clicked on

2022-06-10 09:33:58 - [MESSAGE][PASSED] - Object: 'Object Repository/1-OBJECTS TAREAS PRINCIPALES/Modulo Tarea Compensacion/Crear_Días_Festivos/a_Eliminar Registro' is clicked on

2022-06-10 09:33:58 - [TEST_STEP][PASSED] - click(findTestObject("1-OBJECTS TAREAS PRINCIPALES/Modulo Tarea Compensacion/Crear_Días_Festivos/a_Aceptar_EliminarFes")): Object: 'Object Repository/1-OBJECTS TAREAS PRINCIPALES/Modulo Tarea Compensacion/Crear_Días_Festivos/a_Aceptar_EliminarFes' is clicked on

2022-06-10 09:33:58 - [MESSAGE][PASSED] - Object: 'Object Repository/1-OBJECTS TAREAS PRINCIPALES/Modulo Tarea Compensacion/Crear_Días_Festivos/a_Aceptar_EliminarFes' is clicked on

2022-06-10 09:33:58 - [TEST_STEP][PASSED] - click(findTestObject("1-OBJECTS TAREAS PRINCIPALES/Modulo Tarea Compensacion/Crear_Días_Festivos/a_Eliminar_general")): Object: 'Object Repository/1-OBJECTS TAREAS PRINCIPALES/Modulo Tarea Compensacion/Crear_Días_Festivos/a_Eliminar_general' is clicked on

2022-06-10 09:34:00 - [MESSAGE][PASSED] - Object: 'Object Repository/1-OBJECTS TAREAS PRINCIPALES/Modulo Tarea Compensacion/Crear_Días_Festivos/a_Eliminar_general' is clicked on

2022-06-10 09:34:00 - [TEST_STEP][PASSED] - click(findTestObject("1-OBJECTS TAREAS PRINCIPALES/Modulo Tarea Compensacion/Crear_Días_Festivos/a_Aceptar_eliminar general")): Object: 'Object Repository/1-OBJECTS TAREAS PRINCIPALES/Modulo Tarea Compensacion/Crear_Días_Festivos/a_Aceptar_eliminar general' is clicked on

2022-06-10 09:34:00 - [MESSAGE][PASSED] - Object: 'Object Repository/1-OBJECTS TAREAS PRINCIPALES/Modulo Tarea Compensacion/Crear_Días_Festivos/a_Aceptar_eliminar general' is clicked on

2022-06-10 09:34:00 - [TEST_STEP][PASSED] - click(findTestObject("1-OBJECTS TAREAS PRINCIPALES/Modulo Tarea Compensacion/Crear_Días_Festivos/a_Nuevo")): Object: 'Object Repository/1-OBJECTS TAREAS PRINCIPALES/Modulo Tarea Compensacion/Crear_Días_Festivos/a_Nuevo' is clicked on

2022-06-10 09:34:01 - [MESSAGE][PASSED] - Object: 'Object Repository/1-OBJECTS TAREAS PRINCIPALES/Modulo Tarea Compensacion/Crear_Días_Festivos/a_Nuevo' is clicked on

2022-06-10 09:34:01 - [TEST_STEP][PASSED] - setText(findTestObject("1-OBJECTS TAREAS PRINCIPALES/Modulo Tarea Compensacion/Crear_Días_Festivos/input_Cdigo_form_diasfestivoscodigo"), "5"): Text '5' is set on object 'Object Repository/1-OBJECTS TAREAS PRINCIPALES/Modulo Tarea Compensacion/Crear_Días_Festivos/input_Cdigo_form_diasfestivoscodigo'

2022-06-10 09:34:02 - [MESSAGE][PASSED] - Text '5' is set on object 'Object Repository/1-OBJECTS TAREAS PRINCIPALES/Modulo Tarea Compensacion/Crear_Días_Festivos/input_Cdigo_form_diasfestivoscodigo'

2022-06-10 09:34:02 - [TEST_STEP][PASSED] - setText(findTestObject("1-OBJECTS TAREAS PRINCIPALES/Modulo Tarea Compensacion/Crear_Días_Festivos/input_Descripcin_form_diasfestivosdescripcion"), "Pruebas katalon"): Text 'Pruebas katalon' is set on object 'Object Repository/1-OBJECTS TAREAS PRINCIPALES/Modulo Tarea Compensacion/Crear_Días_Festivos/input_Descripcin_form_diasfestivosdescripcion'

2022-06-10 09:34:03 - [MESSAGE][PASSED] - Text 'Pruebas katalon' is set on object 'Object Repository/1-OBJECTS TAREAS PRINCIPALES/Modulo Tarea Compensacion/Crear_Días_Festivos/input_Descripcin_form_diasfestivosdescripcion'

2022-06-10 09:34:03 - [TEST_STEP][PASSED] - click(findTestObject("1-OBJECTS TAREAS PRINCIPALES/Modulo Tarea Compensacion/Crear_Días_Festivos/a_Actualizar")): Object: 'Object Repository/1-OBJECTS TAREAS PRINCIPALES/Modulo Tarea Compensacion/Crear_Días_Festivos/a_Actualizar' is clicked on

2022-06-10 09:34:03 - [MESSAGE][PASSED] - Object: 'Object Repository/1-OBJECTS TAREAS PRINCIPALES/Modulo Tarea Compensacion/Crear_Días_Festivos/a_Actualizar' is clicked on

2022-06-10 09:34:03 - [TEST_STEP][PASSED] - leerMes = getText(findTestObject("1-OBJECTS TAREAS PRINCIPALES/Modulo Tarea Compensacion/Crear_Días_Festivos/h2_enero 2021")): Text of object 'Object Repository/1-OBJECTS TAREAS PRINCIPALES/Modulo Tarea Compensacion/Crear_Días_Festivos/h2_enero 2021' is: 'enero de 2021'

2022-06-10 09:34:04 - [MESSAGE][PASSED] - Text of object 'Object Repository/1-OBJECTS TAREAS PRINCIPALES/Modulo Tarea Compensacion/Crear_Días_Festivos/h2_enero 2021' is: 'enero de 2021'

2022-06-10 09:34:04 - [TEST_STEP][PASSED] - Mes = leerMes: null

2022-06-10 09:34:04 - [TEST_STEP][PASSED] - while (Mes != "enero de 2021"): null

2022-06-10 09:34:04 - [TEST_STEP][PASSED] - Result = getText(findTestObject("3-OBJECTS UTILIDADES/Alerta/Alerta")): Text of object 'Object Repository/3-OBJECTS UTILIDADES/Alerta/Alerta' is: 'Registro Actualizado'

2022-06-10 09:34:04 - [MESSAGE][PASSED] - Text of object 'Object Repository/3-OBJECTS UTILIDADES/Alerta/Alerta' is: 'Registro Actualizado'

2022-06-10 09:34:04 - [TEST_STEP][PASSED] - click(findTestObject("1-OBJECTS TAREAS PRINCIPALES/Modulo Tarea Compensacion/Crear_Días_Festivos/td_dom_fc-day fc-widget-content fc-fri fc-future_31-dic-2021")): Object: 'Object Repository/1-OBJECTS TAREAS PRINCIPALES/Modulo Tarea Compensacion/Crear_Días_Festivos/td_dom_fc-day fc-widget-content fc-fri fc-future_31-dic-2021' is clicked on

2022-06-10 09:34:05 - [MESSAGE][PASSED] - Object: 'Object Repository/1-OBJECTS TAREAS PRINCIPALES/Modulo Tarea Compensacion/Crear_Días_Festivos/td_dom_fc-day fc-widget-content fc-fri fc-future_31-dic-2021' is clicked on

2022-06-10 09:34:05 - [TEST_STEP][PASSED] - click(findTestObject("1-OBJECTS TAREAS PRINCIPALES/Modulo Tarea Compensacion/Crear_Días_Festivos/a_Aceptar0")): Object: 'Object Repository/1-OBJECTS TAREAS PRINCIPALES/Modulo Tarea Compensacion/Crear_Días_Festivos/a_Aceptar0' is clicked on

2022-06-10 09:34:05 - [MESSAGE][PASSED] - Object: 'Object Repository/1-OBJECTS TAREAS PRINCIPALES/Modulo Tarea Compensacion/Crear_Días_Festivos/a_Aceptar0' is clicked on

2022-06-10 09:34:05 - [TEST_STEP][PASSED] - scrollToElement(findTestObject("1-OBJECTS TAREAS PRINCIPALES/Modulo Tarea Compensacion/Crear_Días_Festivos/div_0 FESTIVO"), 0): Scroll to object 'Object Repository/1-OBJECTS TAREAS PRINCIPALES/Modulo Tarea Compensacion/Crear_Días_Festivos/div_0 FESTIVO' successfully

2022-06-10 09:34:05 - [MESSAGE][WARNING] - Timeout '0' is invalid. Using default page load timeout: '37'

2022-06-10 09:34:06 - [MESSAGE][PASSED] - Scroll to object 'Object Repository/1-OBJECTS TAREAS PRINCIPALES/Modulo Tarea Compensacion/Crear_Días_Festivos/div_0 FESTIVO' successfully

2022-06-10 09:34:06 - [TEST_STEP][PASSED] - if (Result == "Registro Actualizado"): Browser is closed

2022-06-10 09:34:06 - [TEST_STEP][PASSED] - Resultado = "PRUEBAS OK": null

2022-06-10 09:34:06 - [TEST_STEP][PASSED] - closeBrowser(): Browser is closed

2022-06-10 09:34:07 - [MESSAGE][PASSED] - Browser is closed]]></system-out>
         <system-err><![CDATA[]]></system-err>
      </testcase>
      <testcase name="Test Cases/1.1-Tareas Principales/1.7.8-cargue_fuente_general" time="65.734" classname="Test Cases/1.1-Tareas Principales/1.7.8-cargue_fuente_general" status="PASSED">
         <system-out><![CDATA[2022-06-10 09:34:07 - [TEST_CASE][PASSED] - Test Cases/1.1-Tareas Principales/1.7.8-cargue_fuente_general: Test Cases/1.1-Tareas Principales/1.7.8-cargue_fuente_general

2022-06-10 09:34:07 - [TEST_STEP][PASSED] - callTestCase(findTestCase("0.1-Login"), [:], STOP_ON_FAILURE): Call Test Case 'Test Cases/0.1-Login' successfully

2022-06-10 09:34:07 - [TEST_CASE][PASSED] - Test Cases/0.1-Login: Test Cases/0.1-Login

2022-06-10 09:34:07 - [TEST_STEP][PASSED] - openBrowser(""): Browser is opened with url: ''

2022-06-10 09:34:07 - [MESSAGE][INFO] - Starting 'Chrome' driver

2022-06-10 09:34:07 - [MESSAGE][INFO] - Action delay is set to 0 milliseconds

2022-06-10 09:34:08 - [MESSAGE][PASSED] - Browser is opened with url: ''

2022-06-10 09:34:08 - [TEST_STEP][PASSED] - maximizeWindow(): Current window maximized

2022-06-10 09:34:08 - [MESSAGE][PASSED] - Current window maximized

2022-06-10 09:34:08 - [TEST_STEP][PASSED] - i = G_Login: null

2022-06-10 09:34:08 - [TEST_STEP][PASSED] - url = new java.net.URL(i): null

2022-06-10 09:34:08 - [TEST_STEP][PASSED] - println("URL: " + url.toString()): null

2022-06-10 09:34:08 - [TEST_STEP][PASSED] - connection = url.openConnection(): null

2022-06-10 09:34:08 - [TEST_STEP][PASSED] - connection.setRequestMethod("GET"): null

2022-06-10 09:34:08 - [TEST_STEP][PASSED] - connection.setReadTimeout(2 * 1000): null

2022-06-10 09:34:08 - [TEST_STEP][PASSED] - try: null

2022-06-10 09:34:08 - [TEST_STEP][PASSED] - connection.connect(): null

2022-06-10 09:34:08 - [TEST_STEP][PASSED] - flag = connected: null

2022-06-10 09:34:08 - [TEST_STEP][PASSED] - println("Valor_ori: " + flag): null

2022-06-10 09:34:08 - [TEST_STEP][PASSED] - if (flag): null

2022-06-10 09:34:08 - [TEST_STEP][PASSED] - navigateToUrl(i): Navigate to 'http://192.168.2.19:8380/saraweb' successfully

2022-06-10 09:34:09 - [MESSAGE][PASSED] - Navigate to 'http://192.168.2.19:8380/saraweb' successfully

2022-06-10 09:34:09 - [TEST_STEP][PASSED] - a(): null

2022-06-10 09:34:09 - [TEST_STEP][PASSED] - setText(findTestObject("3-OBJECTS UTILIDADES/Login/input_USUARIO_loginusuario"), G_Usuario): Text 'saraadmin' is set on object 'Object Repository/3-OBJECTS UTILIDADES/Login/input_USUARIO_loginusuario'

2022-06-10 09:34:10 - [MESSAGE][PASSED] - Text 'saraadmin' is set on object 'Object Repository/3-OBJECTS UTILIDADES/Login/input_USUARIO_loginusuario'

2022-06-10 09:34:10 - [TEST_STEP][PASSED] - setEncryptedText(findTestObject("3-OBJECTS UTILIDADES/Login/input_CLAVE_loginpassword"), "MkG4/TYiCFC3cb2driP7+Q=="): Text ****** has been set on object 'Object Repository/3-OBJECTS UTILIDADES/Login/input_CLAVE_loginpassword'

2022-06-10 09:34:10 - [MESSAGE][PASSED] - Text ****** has been set on object 'Object Repository/3-OBJECTS UTILIDADES/Login/input_CLAVE_loginpassword'

2022-06-10 09:34:10 - [TEST_STEP][PASSED] - waitForElementClickable(findTestObject("3-OBJECTS UTILIDADES/Login/a_Ingresar"), G_TimeOut): Object 'Object Repository/3-OBJECTS UTILIDADES/Login/a_Ingresar' is clickable

2022-06-10 09:34:10 - [MESSAGE][PASSED] - Object 'Object Repository/3-OBJECTS UTILIDADES/Login/a_Ingresar' is clickable

2022-06-10 09:34:10 - [TEST_STEP][PASSED] - click(findTestObject("3-OBJECTS UTILIDADES/Login/a_Ingresar")): Object: 'Object Repository/3-OBJECTS UTILIDADES/Login/a_Ingresar' is clicked on

2022-06-10 09:34:12 - [MESSAGE][PASSED] - Object: 'Object Repository/3-OBJECTS UTILIDADES/Login/a_Ingresar' is clicked on

2022-06-10 09:34:12 - [TEST_STEP][PASSED] - element = findWebElement(findTestObject("3-OBJECTS UTILIDADES/Login/a_Ir"), 30): null

2022-06-10 09:34:12 - [TEST_STEP][PASSED] - executeJavaScript("arguments[0].click()", Arrays.asList(element)): Execute JavaScript 'arguments[0].click()' successfully

2022-06-10 09:34:12 - [MESSAGE][PASSED] - Execute JavaScript 'arguments[0].click()' successfully

2022-06-10 09:34:12 - [MESSAGE][PASSED] - Call Test Case 'Test Cases/0.1-Login' successfully

2022-06-10 09:34:12 - [TEST_STEP][PASSED] - setText(findTestObject("1-OBJECTS TAREAS PRINCIPALES/Modulo Tarea Sara General/cargue fuente general/input_Empresa 1_form_templatej_idt24_input"), "Fuente general"): Text 'Fuente general' is set on object 'Object Repository/1-OBJECTS TAREAS PRINCIPALES/Modulo Tarea Sara General/cargue fuente general/input_Empresa 1_form_templatej_idt24_input'

2022-06-10 09:34:14 - [MESSAGE][PASSED] - Text 'Fuente general' is set on object 'Object Repository/1-OBJECTS TAREAS PRINCIPALES/Modulo Tarea Sara General/cargue fuente general/input_Empresa 1_form_templatej_idt24_input'

2022-06-10 09:34:14 - [TEST_STEP][PASSED] - click(findTestObject("1-OBJECTS TAREAS PRINCIPALES/Modulo Tarea Sara General/cargue fuente general/li_fuente general (gna)"), STOP_ON_FAILURE): Object: 'Object Repository/1-OBJECTS TAREAS PRINCIPALES/Modulo Tarea Sara General/cargue fuente general/li_fuente general (gna)' is clicked on

2022-06-10 09:34:15 - [MESSAGE][PASSED] - Object: 'Object Repository/1-OBJECTS TAREAS PRINCIPALES/Modulo Tarea Sara General/cargue fuente general/li_fuente general (gna)' is clicked on

2022-06-10 09:34:15 - [TEST_STEP][PASSED] - setText(findTestObject("1-OBJECTS TAREAS PRINCIPALES/Modulo Tarea Sara General/cargue fuente general/input_Fuente_form_FuenteGeneralfiltroFuenteGeneral"), "Actualizar Entidad empl"): Text 'Actualizar Entidad empl' is set on object 'Object Repository/1-OBJECTS TAREAS PRINCIPALES/Modulo Tarea Sara General/cargue fuente general/input_Fuente_form_FuenteGeneralfiltroFuenteGeneral'

2022-06-10 09:34:16 - [MESSAGE][PASSED] - Text 'Actualizar Entidad empl' is set on object 'Object Repository/1-OBJECTS TAREAS PRINCIPALES/Modulo Tarea Sara General/cargue fuente general/input_Fuente_form_FuenteGeneralfiltroFuenteGeneral'

2022-06-10 09:34:16 - [TEST_STEP][PASSED] - sendKeys(findTestObject("1-OBJECTS TAREAS PRINCIPALES/Modulo Tarea Sara General/cargue fuente general/input_Fuente_form_FuenteGeneralfiltroFuenteGeneral"), Keys.chord(ENTER)): Keys 'ENTER + ' sent to object: 'Object Repository/1-OBJECTS TAREAS PRINCIPALES/Modulo Tarea Sara General/cargue fuente general/input_Fuente_form_FuenteGeneralfiltroFuenteGeneral'

2022-06-10 09:34:17 - [MESSAGE][PASSED] - Keys 'ENTER + ' sent to object: 'Object Repository/1-OBJECTS TAREAS PRINCIPALES/Modulo Tarea Sara General/cargue fuente general/input_Fuente_form_FuenteGeneralfiltroFuenteGeneral'

2022-06-10 09:34:17 - [TEST_STEP][PASSED] - if (waitForElementVisible(findTestObject("1-OBJECTS TAREAS PRINCIPALES/Modulo Tarea Sara General/cargue fuente general/td_actualizar entidad empl"), 1)): Web element with id: 'Object Repository/1-OBJECTS TAREAS PRINCIPALES/Modulo Tarea Sara General/cargue fuente general/td_actualizar entidad empl' located by '//*/text()[normalize-space(.)='Actualizar Entidad empl']/parent::*' not found

2022-06-10 09:34:19 - [MESSAGE][INFO] - Unable to find the element located by 'By.xpath: //*/text()[normalize-space(.)='Actualizar Entidad empl']/parent::*'. Please recheck the objects properties to make sure the desired element is located. 

2022-06-10 09:34:19 - [MESSAGE][WARNING] - Web element with id: 'Object Repository/1-OBJECTS TAREAS PRINCIPALES/Modulo Tarea Sara General/cargue fuente general/td_actualizar entidad empl' located by '//*/text()[normalize-space(.)='Actualizar Entidad empl']/parent::*' not found

2022-06-10 09:34:19 - [TEST_STEP][PASSED] - click(findTestObject("1-OBJECTS TAREAS PRINCIPALES/Modulo Tarea Sara General/cargue fuente general/a_Nuevo"), STOP_ON_FAILURE): Object: 'Object Repository/1-OBJECTS TAREAS PRINCIPALES/Modulo Tarea Sara General/cargue fuente general/a_Nuevo' is clicked on

2022-06-10 09:34:20 - [MESSAGE][PASSED] - Object: 'Object Repository/1-OBJECTS TAREAS PRINCIPALES/Modulo Tarea Sara General/cargue fuente general/a_Nuevo' is clicked on

2022-06-10 09:34:20 - [TEST_STEP][PASSED] - selectOptionByIndex(findTestObject("1-OBJECTS TAREAS PRINCIPALES/Modulo Tarea Sara General/cargue fuente general/select_SeleccioneArchivo PlanoServicio Web"), 1): All options with index in [1] are selected on object 'Object Repository/1-OBJECTS TAREAS PRINCIPALES/Modulo Tarea Sara General/cargue fuente general/select_SeleccioneArchivo PlanoServicio Web'

2022-06-10 09:34:21 - [MESSAGE][PASSED] - All options with index in [1] are selected on object 'Object Repository/1-OBJECTS TAREAS PRINCIPALES/Modulo Tarea Sara General/cargue fuente general/select_SeleccioneArchivo PlanoServicio Web'

2022-06-10 09:34:21 - [TEST_STEP][PASSED] - setText(findTestObject("1-OBJECTS TAREAS PRINCIPALES/Modulo Tarea Sara General/cargue fuente general/input_Descripcin_form_FuenteGeneraltabdescripcion"), "Actualizar Entidad empl"): Text 'Actualizar Entidad empl' is set on object 'Object Repository/1-OBJECTS TAREAS PRINCIPALES/Modulo Tarea Sara General/cargue fuente general/input_Descripcin_form_FuenteGeneraltabdescripcion'

2022-06-10 09:34:22 - [MESSAGE][PASSED] - Text 'Actualizar Entidad empl' is set on object 'Object Repository/1-OBJECTS TAREAS PRINCIPALES/Modulo Tarea Sara General/cargue fuente general/input_Descripcin_form_FuenteGeneraltabdescripcion'

2022-06-10 09:34:22 - [TEST_STEP][PASSED] - selectOptionByIndex(findTestObject("1-OBJECTS TAREAS PRINCIPALES/Modulo Tarea Sara General/cargue fuente general/select_SeleccioneAGRUPAMIENTOROMPIMIENTOUNICO REGISTRO"), 3): All options with index in [3] are selected on object 'Object Repository/1-OBJECTS TAREAS PRINCIPALES/Modulo Tarea Sara General/cargue fuente general/select_SeleccioneAGRUPAMIENTOROMPIMIENTOUNICO REGISTRO'

2022-06-10 09:34:23 - [MESSAGE][PASSED] - All options with index in [3] are selected on object 'Object Repository/1-OBJECTS TAREAS PRINCIPALES/Modulo Tarea Sara General/cargue fuente general/select_SeleccioneAGRUPAMIENTOROMPIMIENTOUNICO REGISTRO'

2022-06-10 09:34:23 - [TEST_STEP][PASSED] - selectOptionByIndex(findTestObject("1-OBJECTS TAREAS PRINCIPALES/Modulo Tarea Sara General/cargue fuente general/select_--Seleccione--COMAPIPELINEPUNTO COMASIN SEPARADORTAB"), 5): All options with index in [5] are selected on object 'Object Repository/1-OBJECTS TAREAS PRINCIPALES/Modulo Tarea Sara General/cargue fuente general/select_--Seleccione--COMAPIPELINEPUNTO COMASIN SEPARADORTAB'

2022-06-10 09:34:24 - [MESSAGE][PASSED] - All options with index in [5] are selected on object 'Object Repository/1-OBJECTS TAREAS PRINCIPALES/Modulo Tarea Sara General/cargue fuente general/select_--Seleccione--COMAPIPELINEPUNTO COMASIN SEPARADORTAB'

2022-06-10 09:34:24 - [TEST_STEP][PASSED] - selectOptionByIndex(findTestObject("1-OBJECTS TAREAS PRINCIPALES/Modulo Tarea Sara General/cargue fuente general/select_--Seleccione--Por el orden de los gruposPor el orden de los servicios"), 1): All options with index in [1] are selected on object 'Object Repository/1-OBJECTS TAREAS PRINCIPALES/Modulo Tarea Sara General/cargue fuente general/select_--Seleccione--Por el orden de los gruposPor el orden de los servicios'

2022-06-10 09:34:25 - [MESSAGE][PASSED] - All options with index in [1] are selected on object 'Object Repository/1-OBJECTS TAREAS PRINCIPALES/Modulo Tarea Sara General/cargue fuente general/select_--Seleccione--Por el orden de los gruposPor el orden de los servicios'

2022-06-10 09:34:25 - [TEST_STEP][PASSED] - selectOptionByIndex(findTestObject("1-OBJECTS TAREAS PRINCIPALES/Modulo Tarea Sara General/cargue fuente general/select_--Seleccione--NOSI"), 2): All options with index in [2] are selected on object 'Object Repository/1-OBJECTS TAREAS PRINCIPALES/Modulo Tarea Sara General/cargue fuente general/select_--Seleccione--NOSI'

2022-06-10 09:34:26 - [MESSAGE][PASSED] - All options with index in [2] are selected on object 'Object Repository/1-OBJECTS TAREAS PRINCIPALES/Modulo Tarea Sara General/cargue fuente general/select_--Seleccione--NOSI'

2022-06-10 09:34:26 - [TEST_STEP][PASSED] - click(findTestObject("1-OBJECTS TAREAS PRINCIPALES/Modulo Tarea Sara General/cargue fuente general/a_Guardar")): Object: 'Object Repository/1-OBJECTS TAREAS PRINCIPALES/Modulo Tarea Sara General/cargue fuente general/a_Guardar' is clicked on

2022-06-10 09:34:27 - [MESSAGE][PASSED] - Object: 'Object Repository/1-OBJECTS TAREAS PRINCIPALES/Modulo Tarea Sara General/cargue fuente general/a_Guardar' is clicked on

2022-06-10 09:34:27 - [TEST_STEP][PASSED] - selectOptionByIndex(findTestObject("1-OBJECTS TAREAS PRINCIPALES/Modulo Tarea Sara General/cargue fuente general/select_--Seleccione--Proceso por aplicacionProceso por base datos(segundo plano)Proceso por base de datos"), 3): All options with index in [3] are selected on object 'Object Repository/1-OBJECTS TAREAS PRINCIPALES/Modulo Tarea Sara General/cargue fuente general/select_--Seleccione--Proceso por aplicacionProceso por base datos(segundo plano)Proceso por base de datos'

2022-06-10 09:34:28 - [MESSAGE][PASSED] - All options with index in [3] are selected on object 'Object Repository/1-OBJECTS TAREAS PRINCIPALES/Modulo Tarea Sara General/cargue fuente general/select_--Seleccione--Proceso por aplicacionProceso por base datos(segundo plano)Proceso por base de datos'

2022-06-10 09:34:28 - [TEST_STEP][PASSED] - click(findTestObject("1-OBJECTS TAREAS PRINCIPALES/Modulo Tarea Sara General/cargue fuente general/a_Guardar")): Object: 'Object Repository/1-OBJECTS TAREAS PRINCIPALES/Modulo Tarea Sara General/cargue fuente general/a_Guardar' is clicked on

2022-06-10 09:34:29 - [MESSAGE][PASSED] - Object: 'Object Repository/1-OBJECTS TAREAS PRINCIPALES/Modulo Tarea Sara General/cargue fuente general/a_Guardar' is clicked on

2022-06-10 09:34:29 - [TEST_STEP][PASSED] - setText(findTestObject("1-OBJECTS TAREAS PRINCIPALES/Modulo Tarea Sara General/cargue fuente general/input_Cdigo_form_FuenteGeneraltabcodigo"), "Actual"): Text 'Actual' is set on object 'Object Repository/1-OBJECTS TAREAS PRINCIPALES/Modulo Tarea Sara General/cargue fuente general/input_Cdigo_form_FuenteGeneraltabcodigo'

2022-06-10 09:34:30 - [MESSAGE][PASSED] - Text 'Actual' is set on object 'Object Repository/1-OBJECTS TAREAS PRINCIPALES/Modulo Tarea Sara General/cargue fuente general/input_Cdigo_form_FuenteGeneraltabcodigo'

2022-06-10 09:34:30 - [TEST_STEP][PASSED] - selectOptionByIndex(findTestObject("1-OBJECTS TAREAS PRINCIPALES/Modulo Tarea Sara General/cargue fuente general/select_SeleccioneNoSi3"), 1): All options with index in [1] are selected on object 'Object Repository/1-OBJECTS TAREAS PRINCIPALES/Modulo Tarea Sara General/cargue fuente general/select_SeleccioneNoSi3'

2022-06-10 09:34:31 - [MESSAGE][PASSED] - All options with index in [1] are selected on object 'Object Repository/1-OBJECTS TAREAS PRINCIPALES/Modulo Tarea Sara General/cargue fuente general/select_SeleccioneNoSi3'

2022-06-10 09:34:31 - [TEST_STEP][PASSED] - click(findTestObject("1-OBJECTS TAREAS PRINCIPALES/Modulo Tarea Sara General/cargue fuente general/a_Guardar")): Object: 'Object Repository/1-OBJECTS TAREAS PRINCIPALES/Modulo Tarea Sara General/cargue fuente general/a_Guardar' is clicked on

2022-06-10 09:34:32 - [MESSAGE][PASSED] - Object: 'Object Repository/1-OBJECTS TAREAS PRINCIPALES/Modulo Tarea Sara General/cargue fuente general/a_Guardar' is clicked on

2022-06-10 09:34:32 - [TEST_STEP][PASSED] - waitForElementVisible(findTestObject("1-OBJECTS TAREAS PRINCIPALES/Modulo Tarea Sara General/cargue fuente general/a_Entrada"), 0): Object 'Object Repository/1-OBJECTS TAREAS PRINCIPALES/Modulo Tarea Sara General/cargue fuente general/a_Entrada' is visible

2022-06-10 09:34:32 - [MESSAGE][WARNING] - Timeout '0' is invalid. Using default page load timeout: '37'

2022-06-10 09:34:32 - [MESSAGE][PASSED] - Object 'Object Repository/1-OBJECTS TAREAS PRINCIPALES/Modulo Tarea Sara General/cargue fuente general/a_Entrada' is visible

2022-06-10 09:34:32 - [TEST_STEP][PASSED] - click(findTestObject("1-OBJECTS TAREAS PRINCIPALES/Modulo Tarea Sara General/cargue fuente general/a_Entrada"), STOP_ON_FAILURE): Object: 'Object Repository/1-OBJECTS TAREAS PRINCIPALES/Modulo Tarea Sara General/cargue fuente general/a_Entrada' is clicked on

2022-06-10 09:34:33 - [MESSAGE][PASSED] - Object: 'Object Repository/1-OBJECTS TAREAS PRINCIPALES/Modulo Tarea Sara General/cargue fuente general/a_Entrada' is clicked on

2022-06-10 09:34:33 - [TEST_STEP][PASSED] - setText(findTestObject("1-OBJECTS TAREAS PRINCIPALES/Modulo Tarea Sara General/cargue fuente general/input_No se encontr registros_form_FuenteGeneraltabtabla_entradadescripcion"), "Pru1"): Text 'Pru1' is set on object 'Object Repository/1-OBJECTS TAREAS PRINCIPALES/Modulo Tarea Sara General/cargue fuente general/input_No se encontr registros_form_FuenteGeneraltabtabla_entradadescripcion'

2022-06-10 09:34:33 - [MESSAGE][PASSED] - Text 'Pru1' is set on object 'Object Repository/1-OBJECTS TAREAS PRINCIPALES/Modulo Tarea Sara General/cargue fuente general/input_No se encontr registros_form_FuenteGeneraltabtabla_entradadescripcion'

2022-06-10 09:34:33 - [TEST_STEP][PASSED] - selectOptionByIndex(findTestObject("1-OBJECTS TAREAS PRINCIPALES/Modulo Tarea Sara General/cargue fuente general/select_SeleccioneDecimalFechaLlave GeneradaLoginNumeroTexto"), 6): All options with index in [6] are selected on object 'Object Repository/1-OBJECTS TAREAS PRINCIPALES/Modulo Tarea Sara General/cargue fuente general/select_SeleccioneDecimalFechaLlave GeneradaLoginNumeroTexto'

2022-06-10 09:34:34 - [MESSAGE][PASSED] - All options with index in [6] are selected on object 'Object Repository/1-OBJECTS TAREAS PRINCIPALES/Modulo Tarea Sara General/cargue fuente general/select_SeleccioneDecimalFechaLlave GeneradaLoginNumeroTexto'

2022-06-10 09:34:34 - [TEST_STEP][PASSED] - selectOptionByIndex(findTestObject("1-OBJECTS TAREAS PRINCIPALES/Modulo Tarea Sara General/cargue fuente general/select_SeleccioneNoSi1"), 1): All options with index in [1] are selected on object 'Object Repository/1-OBJECTS TAREAS PRINCIPALES/Modulo Tarea Sara General/cargue fuente general/select_SeleccioneNoSi1'

2022-06-10 09:34:35 - [MESSAGE][PASSED] - All options with index in [1] are selected on object 'Object Repository/1-OBJECTS TAREAS PRINCIPALES/Modulo Tarea Sara General/cargue fuente general/select_SeleccioneNoSi1'

2022-06-10 09:34:35 - [TEST_STEP][PASSED] - click(findTestObject("1-OBJECTS TAREAS PRINCIPALES/Modulo Tarea Sara General/cargue fuente general/a_No se encontr registros_btn-miniadicionar")): Object: 'Object Repository/1-OBJECTS TAREAS PRINCIPALES/Modulo Tarea Sara General/cargue fuente general/a_No se encontr registros_btn-miniadicionar' is clicked on

2022-06-10 09:34:36 - [MESSAGE][PASSED] - Object: 'Object Repository/1-OBJECTS TAREAS PRINCIPALES/Modulo Tarea Sara General/cargue fuente general/a_No se encontr registros_btn-miniadicionar' is clicked on

2022-06-10 09:34:36 - [TEST_STEP][PASSED] - click(findTestObject("1-OBJECTS TAREAS PRINCIPALES/Modulo Tarea Sara General/cargue fuente general/a_Campos")): Object: 'Object Repository/1-OBJECTS TAREAS PRINCIPALES/Modulo Tarea Sara General/cargue fuente general/a_Campos' is clicked on

2022-06-10 09:34:37 - [MESSAGE][PASSED] - Object: 'Object Repository/1-OBJECTS TAREAS PRINCIPALES/Modulo Tarea Sara General/cargue fuente general/a_Campos' is clicked on

2022-06-10 09:34:37 - [TEST_STEP][PASSED] - click(findTestObject("1-OBJECTS TAREAS PRINCIPALES/Modulo Tarea Sara General/cargue fuente general/a_Nuevo_Campo")): Object: 'Object Repository/1-OBJECTS TAREAS PRINCIPALES/Modulo Tarea Sara General/cargue fuente general/a_Nuevo_Campo' is clicked on

2022-06-10 09:34:37 - [MESSAGE][PASSED] - Object: 'Object Repository/1-OBJECTS TAREAS PRINCIPALES/Modulo Tarea Sara General/cargue fuente general/a_Nuevo_Campo' is clicked on

2022-06-10 09:34:37 - [TEST_STEP][PASSED] - setText(findTestObject("1-OBJECTS TAREAS PRINCIPALES/Modulo Tarea Sara General/cargue fuente general/input_Descripcin_form_popupfuentecampodescripcion"), "camp1"): Text 'camp1' is set on object 'Object Repository/1-OBJECTS TAREAS PRINCIPALES/Modulo Tarea Sara General/cargue fuente general/input_Descripcin_form_popupfuentecampodescripcion'

2022-06-10 09:34:38 - [MESSAGE][PASSED] - Text 'camp1' is set on object 'Object Repository/1-OBJECTS TAREAS PRINCIPALES/Modulo Tarea Sara General/cargue fuente general/input_Descripcin_form_popupfuentecampodescripcion'

2022-06-10 09:34:38 - [TEST_STEP][PASSED] - selectOptionByIndex(findTestObject("1-OBJECTS TAREAS PRINCIPALES/Modulo Tarea Sara General/cargue fuente general/select_--Seleccione--DecimalFechaLlave GeneradaLoginNumeroTexto"), 5): All options with index in [5] are selected on object 'Object Repository/1-OBJECTS TAREAS PRINCIPALES/Modulo Tarea Sara General/cargue fuente general/select_--Seleccione--DecimalFechaLlave GeneradaLoginNumeroTexto'

2022-06-10 09:34:39 - [MESSAGE][PASSED] - All options with index in [5] are selected on object 'Object Repository/1-OBJECTS TAREAS PRINCIPALES/Modulo Tarea Sara General/cargue fuente general/select_--Seleccione--DecimalFechaLlave GeneradaLoginNumeroTexto'

2022-06-10 09:34:39 - [TEST_STEP][PASSED] - setText(findTestObject("1-OBJECTS TAREAS PRINCIPALES/Modulo Tarea Sara General/cargue fuente general/input_Columna_form_popupfuentecampocolumna"), "1"): Text '1' is set on object 'Object Repository/1-OBJECTS TAREAS PRINCIPALES/Modulo Tarea Sara General/cargue fuente general/input_Columna_form_popupfuentecampocolumna'

2022-06-10 09:34:40 - [MESSAGE][PASSED] - Text '1' is set on object 'Object Repository/1-OBJECTS TAREAS PRINCIPALES/Modulo Tarea Sara General/cargue fuente general/input_Columna_form_popupfuentecampocolumna'

2022-06-10 09:34:40 - [TEST_STEP][PASSED] - selectOptionByIndex(findTestObject("1-OBJECTS TAREAS PRINCIPALES/Modulo Tarea Sara General/cargue fuente general/select_NoSi2"), 1): All options with index in [1] are selected on object 'Object Repository/1-OBJECTS TAREAS PRINCIPALES/Modulo Tarea Sara General/cargue fuente general/select_NoSi2'

2022-06-10 09:34:41 - [MESSAGE][PASSED] - All options with index in [1] are selected on object 'Object Repository/1-OBJECTS TAREAS PRINCIPALES/Modulo Tarea Sara General/cargue fuente general/select_NoSi2'

2022-06-10 09:34:41 - [TEST_STEP][PASSED] - click(findTestObject("1-OBJECTS TAREAS PRINCIPALES/Modulo Tarea Sara General/cargue fuente general/a_Guardar")): Object: 'Object Repository/1-OBJECTS TAREAS PRINCIPALES/Modulo Tarea Sara General/cargue fuente general/a_Guardar' is clicked on

2022-06-10 09:34:42 - [MESSAGE][PASSED] - Object: 'Object Repository/1-OBJECTS TAREAS PRINCIPALES/Modulo Tarea Sara General/cargue fuente general/a_Guardar' is clicked on

2022-06-10 09:34:42 - [TEST_STEP][PASSED] - click(findTestObject("1-OBJECTS TAREAS PRINCIPALES/Modulo Tarea Sara General/cargue fuente general/a_Servicios")): Object: 'Object Repository/1-OBJECTS TAREAS PRINCIPALES/Modulo Tarea Sara General/cargue fuente general/a_Servicios' is clicked on

2022-06-10 09:34:42 - [MESSAGE][PASSED] - Object: 'Object Repository/1-OBJECTS TAREAS PRINCIPALES/Modulo Tarea Sara General/cargue fuente general/a_Servicios' is clicked on

2022-06-10 09:34:42 - [TEST_STEP][PASSED] - click(findTestObject("1-OBJECTS TAREAS PRINCIPALES/Modulo Tarea Sara General/cargue fuente general/a_Nuevo_Servicio")): Object: 'Object Repository/1-OBJECTS TAREAS PRINCIPALES/Modulo Tarea Sara General/cargue fuente general/a_Nuevo_Servicio' is clicked on

2022-06-10 09:34:43 - [MESSAGE][PASSED] - Object: 'Object Repository/1-OBJECTS TAREAS PRINCIPALES/Modulo Tarea Sara General/cargue fuente general/a_Nuevo_Servicio' is clicked on

2022-06-10 09:34:43 - [TEST_STEP][PASSED] - selectOptionByIndex(findTestObject("1-OBJECTS TAREAS PRINCIPALES/Modulo Tarea Sara General/cargue fuente general/select_SeleccioneActo Cambio Empleado - Accion (No Aplica)"), 12): All options with index in [12] are selected on object 'Object Repository/1-OBJECTS TAREAS PRINCIPALES/Modulo Tarea Sara General/cargue fuente general/select_SeleccioneActo Cambio Empleado - Accion (No Aplica)'

2022-06-10 09:34:44 - [MESSAGE][PASSED] - All options with index in [12] are selected on object 'Object Repository/1-OBJECTS TAREAS PRINCIPALES/Modulo Tarea Sara General/cargue fuente general/select_SeleccioneActo Cambio Empleado - Accion (No Aplica)'

2022-06-10 09:34:44 - [TEST_STEP][PASSED] - setText(findTestObject("1-OBJECTS TAREAS PRINCIPALES/Modulo Tarea Sara General/cargue fuente general/input_Orden_form_popupServiciotaborden"), "2"): Text '2' is set on object 'Object Repository/1-OBJECTS TAREAS PRINCIPALES/Modulo Tarea Sara General/cargue fuente general/input_Orden_form_popupServiciotaborden'

2022-06-10 09:34:45 - [MESSAGE][PASSED] - Text '2' is set on object 'Object Repository/1-OBJECTS TAREAS PRINCIPALES/Modulo Tarea Sara General/cargue fuente general/input_Orden_form_popupServiciotaborden'

2022-06-10 09:34:45 - [TEST_STEP][PASSED] - selectOptionByIndex(findTestObject("1-OBJECTS TAREAS PRINCIPALES/Modulo Tarea Sara General/cargue fuente general/select_SeleccioneAl final del procesoEn cada Item"), 1): All options with index in [1] are selected on object 'Object Repository/1-OBJECTS TAREAS PRINCIPALES/Modulo Tarea Sara General/cargue fuente general/select_SeleccioneAl final del procesoEn cada Item'

2022-06-10 09:34:46 - [MESSAGE][PASSED] - All options with index in [1] are selected on object 'Object Repository/1-OBJECTS TAREAS PRINCIPALES/Modulo Tarea Sara General/cargue fuente general/select_SeleccioneAl final del procesoEn cada Item'

2022-06-10 09:34:46 - [TEST_STEP][PASSED] - click(findTestObject("1-OBJECTS TAREAS PRINCIPALES/Modulo Tarea Sara General/cargue fuente general/label_No")): Object: 'Object Repository/1-OBJECTS TAREAS PRINCIPALES/Modulo Tarea Sara General/cargue fuente general/label_No' is clicked on

2022-06-10 09:34:47 - [MESSAGE][PASSED] - Object: 'Object Repository/1-OBJECTS TAREAS PRINCIPALES/Modulo Tarea Sara General/cargue fuente general/label_No' is clicked on

2022-06-10 09:34:47 - [TEST_STEP][PASSED] - click(findTestObject("1-OBJECTS TAREAS PRINCIPALES/Modulo Tarea Sara General/cargue fuente general/a_Guardar")): Object: 'Object Repository/1-OBJECTS TAREAS PRINCIPALES/Modulo Tarea Sara General/cargue fuente general/a_Guardar' is clicked on

2022-06-10 09:34:47 - [MESSAGE][PASSED] - Object: 'Object Repository/1-OBJECTS TAREAS PRINCIPALES/Modulo Tarea Sara General/cargue fuente general/a_Guardar' is clicked on

2022-06-10 09:34:47 - [TEST_STEP][PASSED] - click(findTestObject("1-OBJECTS TAREAS PRINCIPALES/Modulo Tarea Sara General/cargue fuente general/a_CamposSUB")): Object: 'Object Repository/1-OBJECTS TAREAS PRINCIPALES/Modulo Tarea Sara General/cargue fuente general/a_CamposSUB' is clicked on

2022-06-10 09:34:48 - [MESSAGE][PASSED] - Object: 'Object Repository/1-OBJECTS TAREAS PRINCIPALES/Modulo Tarea Sara General/cargue fuente general/a_CamposSUB' is clicked on

2022-06-10 09:34:48 - [TEST_STEP][PASSED] - selectOptionByIndex(findTestObject("1-OBJECTS TAREAS PRINCIPALES/Modulo Tarea Sara General/cargue fuente general/select_--Seleccione--ARCOSD-ENTIDADESARCOSD"), 10): All options with index in [10] are selected on object 'Object Repository/1-OBJECTS TAREAS PRINCIPALES/Modulo Tarea Sara General/cargue fuente general/select_--Seleccione--ARCOSD-ENTIDADESARCOSD'

2022-06-10 09:34:49 - [MESSAGE][PASSED] - All options with index in [10] are selected on object 'Object Repository/1-OBJECTS TAREAS PRINCIPALES/Modulo Tarea Sara General/cargue fuente general/select_--Seleccione--ARCOSD-ENTIDADESARCOSD'

2022-06-10 09:34:49 - [TEST_STEP][PASSED] - setText(findTestObject("1-OBJECTS TAREAS PRINCIPALES/Modulo Tarea Sara General/cargue fuente general/textarea_Codigo de la empresa a la que pertenece el empleado_form_popupServiciotabtabla_campos_serv3j_idt316"), "{Campo1}"): Text '{Campo1}' is set on object 'Object Repository/1-OBJECTS TAREAS PRINCIPALES/Modulo Tarea Sara General/cargue fuente general/textarea_Codigo de la empresa a la que pertenece el empleado_form_popupServiciotabtabla_campos_serv3j_idt316'

2022-06-10 09:34:50 - [MESSAGE][PASSED] - Text '{Campo1}' is set on object 'Object Repository/1-OBJECTS TAREAS PRINCIPALES/Modulo Tarea Sara General/cargue fuente general/textarea_Codigo de la empresa a la que pertenece el empleado_form_popupServiciotabtabla_campos_serv3j_idt316'

2022-06-10 09:34:50 - [TEST_STEP][PASSED] - selectOptionByIndex(findTestObject("1-OBJECTS TAREAS PRINCIPALES/Modulo Tarea Sara General/cargue fuente general/select_--Seleccione--ARCOSD-ENTIDADESARCOSD-ESTADO CIVILHomologacin"), 11): All options with index in [11] are selected on object 'Object Repository/1-OBJECTS TAREAS PRINCIPALES/Modulo Tarea Sara General/cargue fuente general/select_--Seleccione--ARCOSD-ENTIDADESARCOSD-ESTADO CIVILHomologacin'

2022-06-10 09:34:51 - [MESSAGE][PASSED] - All options with index in [11] are selected on object 'Object Repository/1-OBJECTS TAREAS PRINCIPALES/Modulo Tarea Sara General/cargue fuente general/select_--Seleccione--ARCOSD-ENTIDADESARCOSD-ESTADO CIVILHomologacin'

2022-06-10 09:34:51 - [TEST_STEP][PASSED] - setText(findTestObject("1-OBJECTS TAREAS PRINCIPALES/Modulo Tarea Sara General/cargue fuente general/textarea_Nmero de cdula del nuevo Jefe_form_popupServiciotabtabla_campos_serv4j_idt316"), "{Campo2}"): Text '{Campo2}' is set on object 'Object Repository/1-OBJECTS TAREAS PRINCIPALES/Modulo Tarea Sara General/cargue fuente general/textarea_Nmero de cdula del nuevo Jefe_form_popupServiciotabtabla_campos_serv4j_idt316'

2022-06-10 09:34:52 - [MESSAGE][PASSED] - Text '{Campo2}' is set on object 'Object Repository/1-OBJECTS TAREAS PRINCIPALES/Modulo Tarea Sara General/cargue fuente general/textarea_Nmero de cdula del nuevo Jefe_form_popupServiciotabtabla_campos_serv4j_idt316'

2022-06-10 09:34:52 - [TEST_STEP][PASSED] - click(findTestObject("1-OBJECTS TAREAS PRINCIPALES/Modulo Tarea Sara General/cargue fuente general/a_Guardar")): Object: 'Object Repository/1-OBJECTS TAREAS PRINCIPALES/Modulo Tarea Sara General/cargue fuente general/a_Guardar' is clicked on

2022-06-10 09:34:53 - [MESSAGE][PASSED] - Object: 'Object Repository/1-OBJECTS TAREAS PRINCIPALES/Modulo Tarea Sara General/cargue fuente general/a_Guardar' is clicked on

2022-06-10 09:34:53 - [TEST_STEP][PASSED] - click(findTestObject("1-OBJECTS TAREAS PRINCIPALES/Modulo Tarea Sara General/cargue fuente general/a_No se encontr registros_ui-dialog-titlebar-icon ui-dialog-titlebar-close ui-corner-all ui-state-hover")): Object: 'Object Repository/1-OBJECTS TAREAS PRINCIPALES/Modulo Tarea Sara General/cargue fuente general/a_No se encontr registros_ui-dialog-titlebar-icon ui-dialog-titlebar-close ui-corner-all ui-state-hover' is clicked on

2022-06-10 09:34:53 - [MESSAGE][PASSED] - Object: 'Object Repository/1-OBJECTS TAREAS PRINCIPALES/Modulo Tarea Sara General/cargue fuente general/a_No se encontr registros_ui-dialog-titlebar-icon ui-dialog-titlebar-close ui-corner-all ui-state-hover' is clicked on

2022-06-10 09:34:53 - [TEST_STEP][PASSED] - click(findTestObject("1-OBJECTS TAREAS PRINCIPALES/Modulo Tarea Sara General/cargue fuente general/a_Notificacin")): Object: 'Object Repository/1-OBJECTS TAREAS PRINCIPALES/Modulo Tarea Sara General/cargue fuente general/a_Notificacin' is clicked on

2022-06-10 09:34:54 - [MESSAGE][PASSED] - Object: 'Object Repository/1-OBJECTS TAREAS PRINCIPALES/Modulo Tarea Sara General/cargue fuente general/a_Notificacin' is clicked on

2022-06-10 09:34:54 - [TEST_STEP][PASSED] - selectOptionByIndex(findTestObject("1-OBJECTS TAREAS PRINCIPALES/Modulo Tarea Sara General/cargue fuente general/select_SeleccioneFijoLogin Par"), 1): All options with index in [1] are selected on object 'Object Repository/1-OBJECTS TAREAS PRINCIPALES/Modulo Tarea Sara General/cargue fuente general/select_SeleccioneFijoLogin Par'

2022-06-10 09:34:55 - [MESSAGE][PASSED] - All options with index in [1] are selected on object 'Object Repository/1-OBJECTS TAREAS PRINCIPALES/Modulo Tarea Sara General/cargue fuente general/select_SeleccioneFijoLogin Par'

2022-06-10 09:34:55 - [TEST_STEP][PASSED] - setText(findTestObject("1-OBJECTS TAREAS PRINCIPALES/Modulo Tarea Sara General/cargue fuente general/input_No se encontr registros_form_FuenteGeneraltabtablaNotificacioncorreo"), "prueba@null.com"): Text 'prueba@null.com' is set on object 'Object Repository/1-OBJECTS TAREAS PRINCIPALES/Modulo Tarea Sara General/cargue fuente general/input_No se encontr registros_form_FuenteGeneraltabtablaNotificacioncorreo'

2022-06-10 09:34:56 - [MESSAGE][PASSED] - Text 'prueba@null.com' is set on object 'Object Repository/1-OBJECTS TAREAS PRINCIPALES/Modulo Tarea Sara General/cargue fuente general/input_No se encontr registros_form_FuenteGeneraltabtablaNotificacioncorreo'

2022-06-10 09:34:56 - [TEST_STEP][PASSED] - setText(findTestObject("1-OBJECTS TAREAS PRINCIPALES/Modulo Tarea Sara General/cargue fuente general/input_No se encontr registros_form_FuenteGeneraltabtablaNotificaciondescr"), "Prueba"): Text 'Prueba' is set on object 'Object Repository/1-OBJECTS TAREAS PRINCIPALES/Modulo Tarea Sara General/cargue fuente general/input_No se encontr registros_form_FuenteGeneraltabtablaNotificaciondescr'

2022-06-10 09:34:57 - [MESSAGE][PASSED] - Text 'Prueba' is set on object 'Object Repository/1-OBJECTS TAREAS PRINCIPALES/Modulo Tarea Sara General/cargue fuente general/input_No se encontr registros_form_FuenteGeneraltabtablaNotificaciondescr'

2022-06-10 09:34:57 - [TEST_STEP][PASSED] - click(findTestObject("1-OBJECTS TAREAS PRINCIPALES/Modulo Tarea Sara General/cargue fuente general/a_No se encontr registros_form_FuenteGeneraltabtablaNotificacionpopupplantilla")): Object: 'Object Repository/1-OBJECTS TAREAS PRINCIPALES/Modulo Tarea Sara General/cargue fuente general/a_No se encontr registros_form_FuenteGeneraltabtablaNotificacionpopupplantilla' is clicked on

2022-06-10 09:34:59 - [MESSAGE][PASSED] - Object: 'Object Repository/1-OBJECTS TAREAS PRINCIPALES/Modulo Tarea Sara General/cargue fuente general/a_No se encontr registros_form_FuenteGeneraltabtablaNotificacionpopupplantilla' is clicked on

2022-06-10 09:34:59 - [TEST_STEP][PASSED] - click(findTestObject("1-OBJECTS TAREAS PRINCIPALES/Modulo Tarea Sara General/cargue fuente general/a_01  .jasper")): Object: 'Object Repository/1-OBJECTS TAREAS PRINCIPALES/Modulo Tarea Sara General/cargue fuente general/a_01  .jasper' is clicked on

2022-06-10 09:35:01 - [MESSAGE][PASSED] - Object: 'Object Repository/1-OBJECTS TAREAS PRINCIPALES/Modulo Tarea Sara General/cargue fuente general/a_01  .jasper' is clicked on

2022-06-10 09:35:01 - [TEST_STEP][PASSED] - click(findTestObject("1-OBJECTS TAREAS PRINCIPALES/Modulo Tarea Sara General/cargue fuente general/a_No se encontr registros_btn-miniadicionar2")): Object: 'Object Repository/1-OBJECTS TAREAS PRINCIPALES/Modulo Tarea Sara General/cargue fuente general/a_No se encontr registros_btn-miniadicionar2' is clicked on

2022-06-10 09:35:02 - [MESSAGE][PASSED] - Object: 'Object Repository/1-OBJECTS TAREAS PRINCIPALES/Modulo Tarea Sara General/cargue fuente general/a_No se encontr registros_btn-miniadicionar2' is clicked on

2022-06-10 09:35:02 - [TEST_STEP][PASSED] - click(findTestObject("1-OBJECTS TAREAS PRINCIPALES/Modulo Tarea Sara General/cargue fuente general/a_Servicios")): Object: 'Object Repository/1-OBJECTS TAREAS PRINCIPALES/Modulo Tarea Sara General/cargue fuente general/a_Servicios' is clicked on

2022-06-10 09:35:02 - [MESSAGE][PASSED] - Object: 'Object Repository/1-OBJECTS TAREAS PRINCIPALES/Modulo Tarea Sara General/cargue fuente general/a_Servicios' is clicked on

2022-06-10 09:35:02 - [TEST_STEP][PASSED] - if (waitForElementVisible(findTestObject("1-OBJECTS TAREAS PRINCIPALES/Modulo Tarea Sara General/cargue fuente general/td_Actualizar Jefe"), 1)): null

2022-06-10 09:35:03 - [MESSAGE][PASSED] - Object 'Object Repository/1-OBJECTS TAREAS PRINCIPALES/Modulo Tarea Sara General/cargue fuente general/td_Actualizar Jefe' is visible

2022-06-10 09:35:03 - [TEST_STEP][PASSED] - click(findTestObject("1-OBJECTS TAREAS PRINCIPALES/Modulo Tarea Sara General/cargue fuente general/td_Actualizar Jefe")): Object: 'Object Repository/1-OBJECTS TAREAS PRINCIPALES/Modulo Tarea Sara General/cargue fuente general/td_Actualizar Jefe' is clicked on

2022-06-10 09:35:03 - [MESSAGE][PASSED] - Object: 'Object Repository/1-OBJECTS TAREAS PRINCIPALES/Modulo Tarea Sara General/cargue fuente general/td_Actualizar Jefe' is clicked on

2022-06-10 09:35:03 - [TEST_STEP][PASSED] - click(findTestObject("1-OBJECTS TAREAS PRINCIPALES/Modulo Tarea Sara General/cargue fuente general/a_Eliminar_Servicio")): Object: 'Object Repository/1-OBJECTS TAREAS PRINCIPALES/Modulo Tarea Sara General/cargue fuente general/a_Eliminar_Servicio' is clicked on

2022-06-10 09:35:05 - [MESSAGE][PASSED] - Object: 'Object Repository/1-OBJECTS TAREAS PRINCIPALES/Modulo Tarea Sara General/cargue fuente general/a_Eliminar_Servicio' is clicked on

2022-06-10 09:35:05 - [TEST_STEP][PASSED] - click(findTestObject("1-OBJECTS TAREAS PRINCIPALES/Modulo Tarea Sara General/cargue fuente general/a_Aceptar_eliminar servicio")): Object: 'Object Repository/1-OBJECTS TAREAS PRINCIPALES/Modulo Tarea Sara General/cargue fuente general/a_Aceptar_eliminar servicio' is clicked on

2022-06-10 09:35:05 - [MESSAGE][PASSED] - Object: 'Object Repository/1-OBJECTS TAREAS PRINCIPALES/Modulo Tarea Sara General/cargue fuente general/a_Aceptar_eliminar servicio' is clicked on

2022-06-10 09:35:05 - [TEST_STEP][PASSED] - click(findTestObject("1-OBJECTS TAREAS PRINCIPALES/Modulo Tarea Sara General/cargue fuente general/a_Campos")): Object: 'Object Repository/1-OBJECTS TAREAS PRINCIPALES/Modulo Tarea Sara General/cargue fuente general/a_Campos' is clicked on

2022-06-10 09:35:06 - [MESSAGE][PASSED] - Object: 'Object Repository/1-OBJECTS TAREAS PRINCIPALES/Modulo Tarea Sara General/cargue fuente general/a_Campos' is clicked on

2022-06-10 09:35:06 - [TEST_STEP][PASSED] - if (waitForElementVisible(findTestObject("1-OBJECTS TAREAS PRINCIPALES/Modulo Tarea Sara General/cargue fuente general/td_camp1"), 1)): null

2022-06-10 09:35:06 - [MESSAGE][PASSED] - Object 'Object Repository/1-OBJECTS TAREAS PRINCIPALES/Modulo Tarea Sara General/cargue fuente general/td_camp1' is visible

2022-06-10 09:35:06 - [TEST_STEP][PASSED] - click(findTestObject("1-OBJECTS TAREAS PRINCIPALES/Modulo Tarea Sara General/cargue fuente general/td_camp1")): Object: 'Object Repository/1-OBJECTS TAREAS PRINCIPALES/Modulo Tarea Sara General/cargue fuente general/td_camp1' is clicked on

2022-06-10 09:35:07 - [MESSAGE][PASSED] - Object: 'Object Repository/1-OBJECTS TAREAS PRINCIPALES/Modulo Tarea Sara General/cargue fuente general/td_camp1' is clicked on

2022-06-10 09:35:07 - [TEST_STEP][PASSED] - click(findTestObject("1-OBJECTS TAREAS PRINCIPALES/Modulo Tarea Sara General/cargue fuente general/a_Eliminar_campos")): Object: 'Object Repository/1-OBJECTS TAREAS PRINCIPALES/Modulo Tarea Sara General/cargue fuente general/a_Eliminar_campos' is clicked on

2022-06-10 09:35:08 - [MESSAGE][PASSED] - Object: 'Object Repository/1-OBJECTS TAREAS PRINCIPALES/Modulo Tarea Sara General/cargue fuente general/a_Eliminar_campos' is clicked on

2022-06-10 09:35:08 - [TEST_STEP][PASSED] - click(findTestObject("1-OBJECTS TAREAS PRINCIPALES/Modulo Tarea Sara General/cargue fuente general/a_Aceptar_eliminar campos")): Object: 'Object Repository/1-OBJECTS TAREAS PRINCIPALES/Modulo Tarea Sara General/cargue fuente general/a_Aceptar_eliminar campos' is clicked on

2022-06-10 09:35:08 - [MESSAGE][PASSED] - Object: 'Object Repository/1-OBJECTS TAREAS PRINCIPALES/Modulo Tarea Sara General/cargue fuente general/a_Aceptar_eliminar campos' is clicked on

2022-06-10 09:35:08 - [TEST_STEP][PASSED] - click(findTestObject("1-OBJECTS TAREAS PRINCIPALES/Modulo Tarea Sara General/cargue fuente general/a_Entrada")): Object: 'Object Repository/1-OBJECTS TAREAS PRINCIPALES/Modulo Tarea Sara General/cargue fuente general/a_Entrada' is clicked on

2022-06-10 09:35:09 - [MESSAGE][PASSED] - Object: 'Object Repository/1-OBJECTS TAREAS PRINCIPALES/Modulo Tarea Sara General/cargue fuente general/a_Entrada' is clicked on

2022-06-10 09:35:09 - [TEST_STEP][PASSED] - if (waitForElementVisible(findTestObject("1-OBJECTS TAREAS PRINCIPALES/Modulo Tarea Sara General/cargue fuente general/td_Pru1"), 1)): null

2022-06-10 09:35:09 - [MESSAGE][PASSED] - Object 'Object Repository/1-OBJECTS TAREAS PRINCIPALES/Modulo Tarea Sara General/cargue fuente general/td_Pru1' is visible

2022-06-10 09:35:09 - [TEST_STEP][PASSED] - click(findTestObject("1-OBJECTS TAREAS PRINCIPALES/Modulo Tarea Sara General/cargue fuente general/a_N_btn-minieliminar")): Object: 'Object Repository/1-OBJECTS TAREAS PRINCIPALES/Modulo Tarea Sara General/cargue fuente general/a_N_btn-minieliminar' is clicked on

2022-06-10 09:35:10 - [MESSAGE][PASSED] - Object: 'Object Repository/1-OBJECTS TAREAS PRINCIPALES/Modulo Tarea Sara General/cargue fuente general/a_N_btn-minieliminar' is clicked on

2022-06-10 09:35:10 - [TEST_STEP][PASSED] - click(findTestObject("1-OBJECTS TAREAS PRINCIPALES/Modulo Tarea Sara General/cargue fuente general/a_Aceptar_eliminar entrada")): Object: 'Object Repository/1-OBJECTS TAREAS PRINCIPALES/Modulo Tarea Sara General/cargue fuente general/a_Aceptar_eliminar entrada' is clicked on

2022-06-10 09:35:10 - [MESSAGE][PASSED] - Object: 'Object Repository/1-OBJECTS TAREAS PRINCIPALES/Modulo Tarea Sara General/cargue fuente general/a_Aceptar_eliminar entrada' is clicked on

2022-06-10 09:35:10 - [TEST_STEP][PASSED] - click(findTestObject("1-OBJECTS TAREAS PRINCIPALES/Modulo Tarea Sara General/cargue fuente general/a_Bsica")): Object: 'Object Repository/1-OBJECTS TAREAS PRINCIPALES/Modulo Tarea Sara General/cargue fuente general/a_Bsica' is clicked on

2022-06-10 09:35:11 - [MESSAGE][PASSED] - Object: 'Object Repository/1-OBJECTS TAREAS PRINCIPALES/Modulo Tarea Sara General/cargue fuente general/a_Bsica' is clicked on

2022-06-10 09:35:11 - [TEST_STEP][PASSED] - click(findTestObject("1-OBJECTS TAREAS PRINCIPALES/Modulo Tarea Sara General/cargue fuente general/a_Eliminar_basica")): Object: 'Object Repository/1-OBJECTS TAREAS PRINCIPALES/Modulo Tarea Sara General/cargue fuente general/a_Eliminar_basica' is clicked on

2022-06-10 09:35:12 - [MESSAGE][PASSED] - Object: 'Object Repository/1-OBJECTS TAREAS PRINCIPALES/Modulo Tarea Sara General/cargue fuente general/a_Eliminar_basica' is clicked on

2022-06-10 09:35:12 - [TEST_STEP][PASSED] - click(findTestObject("1-OBJECTS TAREAS PRINCIPALES/Modulo Tarea Sara General/cargue fuente general/a_Aceptar_eliminar servicio")): Object: 'Object Repository/1-OBJECTS TAREAS PRINCIPALES/Modulo Tarea Sara General/cargue fuente general/a_Aceptar_eliminar servicio' is clicked on

2022-06-10 09:35:12 - [MESSAGE][PASSED] - Object: 'Object Repository/1-OBJECTS TAREAS PRINCIPALES/Modulo Tarea Sara General/cargue fuente general/a_Aceptar_eliminar servicio' is clicked on]]></system-out>
         <system-err><![CDATA[]]></system-err>
      </testcase>
      <testcase name="Test Cases/1.1-Tareas Principales/1.7.9-Ejecucion_reporte_general" time="60.646" classname="Test Cases/1.1-Tareas Principales/1.7.9-Ejecucion_reporte_general" status="PASSED">
         <system-out><![CDATA[2022-06-10 09:35:12 - [TEST_CASE][PASSED] - Test Cases/1.1-Tareas Principales/1.7.9-Ejecucion_reporte_general: Test Cases/1.1-Tareas Principales/1.7.9-Ejecucion_reporte_general

2022-06-10 09:35:13 - [TEST_STEP][PASSED] - callTestCase(findTestCase("0.1-Login"), [:], STOP_ON_FAILURE): Call Test Case 'Test Cases/0.1-Login' successfully

2022-06-10 09:35:13 - [TEST_CASE][PASSED] - Test Cases/0.1-Login: Test Cases/0.1-Login

2022-06-10 09:35:13 - [TEST_STEP][PASSED] - openBrowser(""): Browser is opened with url: ''

2022-06-10 09:35:13 - [MESSAGE][WARNING] - A browser is already opened. Closing browser and opening a new one

2022-06-10 09:35:14 - [MESSAGE][INFO] - Starting 'Chrome' driver

2022-06-10 09:35:14 - [MESSAGE][INFO] - Action delay is set to 0 milliseconds

2022-06-10 09:35:15 - [MESSAGE][PASSED] - Browser is opened with url: ''

2022-06-10 09:35:15 - [TEST_STEP][PASSED] - maximizeWindow(): Current window maximized

2022-06-10 09:35:15 - [MESSAGE][PASSED] - Current window maximized

2022-06-10 09:35:15 - [TEST_STEP][PASSED] - i = G_Login: null

2022-06-10 09:35:15 - [TEST_STEP][PASSED] - url = new java.net.URL(i): null

2022-06-10 09:35:15 - [TEST_STEP][PASSED] - println("URL: " + url.toString()): null

2022-06-10 09:35:15 - [TEST_STEP][PASSED] - connection = url.openConnection(): null

2022-06-10 09:35:15 - [TEST_STEP][PASSED] - connection.setRequestMethod("GET"): null

2022-06-10 09:35:15 - [TEST_STEP][PASSED] - connection.setReadTimeout(2 * 1000): null

2022-06-10 09:35:15 - [TEST_STEP][PASSED] - try: null

2022-06-10 09:35:15 - [TEST_STEP][PASSED] - connection.connect(): null

2022-06-10 09:35:15 - [TEST_STEP][PASSED] - flag = connected: null

2022-06-10 09:35:15 - [TEST_STEP][PASSED] - println("Valor_ori: " + flag): null

2022-06-10 09:35:15 - [TEST_STEP][PASSED] - if (flag): null

2022-06-10 09:35:15 - [TEST_STEP][PASSED] - navigateToUrl(i): Navigate to 'http://192.168.2.19:8380/saraweb' successfully

2022-06-10 09:35:15 - [MESSAGE][PASSED] - Navigate to 'http://192.168.2.19:8380/saraweb' successfully

2022-06-10 09:35:15 - [TEST_STEP][PASSED] - a(): null

2022-06-10 09:35:15 - [TEST_STEP][PASSED] - setText(findTestObject("3-OBJECTS UTILIDADES/Login/input_USUARIO_loginusuario"), G_Usuario): Text 'saraadmin' is set on object 'Object Repository/3-OBJECTS UTILIDADES/Login/input_USUARIO_loginusuario'

2022-06-10 09:35:16 - [MESSAGE][PASSED] - Text 'saraadmin' is set on object 'Object Repository/3-OBJECTS UTILIDADES/Login/input_USUARIO_loginusuario'

2022-06-10 09:35:16 - [TEST_STEP][PASSED] - setEncryptedText(findTestObject("3-OBJECTS UTILIDADES/Login/input_CLAVE_loginpassword"), "MkG4/TYiCFC3cb2driP7+Q=="): Text ****** has been set on object 'Object Repository/3-OBJECTS UTILIDADES/Login/input_CLAVE_loginpassword'

2022-06-10 09:35:17 - [MESSAGE][PASSED] - Text ****** has been set on object 'Object Repository/3-OBJECTS UTILIDADES/Login/input_CLAVE_loginpassword'

2022-06-10 09:35:17 - [TEST_STEP][PASSED] - waitForElementClickable(findTestObject("3-OBJECTS UTILIDADES/Login/a_Ingresar"), G_TimeOut): Object 'Object Repository/3-OBJECTS UTILIDADES/Login/a_Ingresar' is clickable

2022-06-10 09:35:17 - [MESSAGE][PASSED] - Object 'Object Repository/3-OBJECTS UTILIDADES/Login/a_Ingresar' is clickable

2022-06-10 09:35:17 - [TEST_STEP][PASSED] - click(findTestObject("3-OBJECTS UTILIDADES/Login/a_Ingresar")): Object: 'Object Repository/3-OBJECTS UTILIDADES/Login/a_Ingresar' is clicked on

2022-06-10 09:35:18 - [MESSAGE][PASSED] - Object: 'Object Repository/3-OBJECTS UTILIDADES/Login/a_Ingresar' is clicked on

2022-06-10 09:35:18 - [TEST_STEP][PASSED] - element = findWebElement(findTestObject("3-OBJECTS UTILIDADES/Login/a_Ir"), 30): null

2022-06-10 09:35:19 - [TEST_STEP][PASSED] - executeJavaScript("arguments[0].click()", Arrays.asList(element)): Execute JavaScript 'arguments[0].click()' successfully

2022-06-10 09:35:19 - [MESSAGE][PASSED] - Execute JavaScript 'arguments[0].click()' successfully

2022-06-10 09:35:19 - [MESSAGE][PASSED] - Call Test Case 'Test Cases/0.1-Login' successfully

2022-06-10 09:35:19 - [TEST_STEP][PASSED] - setText(findTestObject("1-OBJECTS TAREAS PRINCIPALES/Modulo Tarea Sara General/Ejecucion reporte general/input_Empresa 1_form_templatej_idt24_input"), "ejecucion reporte (gna)"): Text 'ejecucion reporte (gna)' is set on object 'Object Repository/1-OBJECTS TAREAS PRINCIPALES/Modulo Tarea Sara General/Ejecucion reporte general/input_Empresa 1_form_templatej_idt24_input'

2022-06-10 09:35:20 - [MESSAGE][PASSED] - Text 'ejecucion reporte (gna)' is set on object 'Object Repository/1-OBJECTS TAREAS PRINCIPALES/Modulo Tarea Sara General/Ejecucion reporte general/input_Empresa 1_form_templatej_idt24_input'

2022-06-10 09:35:20 - [TEST_STEP][PASSED] - click(findTestObject("1-OBJECTS TAREAS PRINCIPALES/Modulo Tarea Sara General/Ejecucion reporte general/li_Ejecucion Reporte (gna)")): Object: 'Object Repository/1-OBJECTS TAREAS PRINCIPALES/Modulo Tarea Sara General/Ejecucion reporte general/li_Ejecucion Reporte (gna)' is clicked on

2022-06-10 09:35:22 - [MESSAGE][PASSED] - Object: 'Object Repository/1-OBJECTS TAREAS PRINCIPALES/Modulo Tarea Sara General/Ejecucion reporte general/li_Ejecucion Reporte (gna)' is clicked on

2022-06-10 09:35:22 - [TEST_STEP][PASSED] - setText(findTestObject("1-OBJECTS TAREAS PRINCIPALES/Modulo Tarea Sara General/Ejecucion reporte general/input_Actos Administrativos_listaReporteFormj_idt63"), "pruebas  automaticas"): Text 'pruebas  automaticas' is set on object 'Object Repository/1-OBJECTS TAREAS PRINCIPALES/Modulo Tarea Sara General/Ejecucion reporte general/input_Actos Administrativos_listaReporteFormj_idt63'

2022-06-10 09:35:23 - [MESSAGE][PASSED] - Text 'pruebas  automaticas' is set on object 'Object Repository/1-OBJECTS TAREAS PRINCIPALES/Modulo Tarea Sara General/Ejecucion reporte general/input_Actos Administrativos_listaReporteFormj_idt63'

2022-06-10 09:35:23 - [TEST_STEP][PASSED] - sendKeys(findTestObject("1-OBJECTS TAREAS PRINCIPALES/Modulo Tarea Sara General/Ejecucion reporte general/input_Actos Administrativos_listaReporteFormj_idt63"), Keys.chord(ENTER)): Keys 'ENTER + ' sent to object: 'Object Repository/1-OBJECTS TAREAS PRINCIPALES/Modulo Tarea Sara General/Ejecucion reporte general/input_Actos Administrativos_listaReporteFormj_idt63'

2022-06-10 09:35:24 - [MESSAGE][PASSED] - Keys 'ENTER + ' sent to object: 'Object Repository/1-OBJECTS TAREAS PRINCIPALES/Modulo Tarea Sara General/Ejecucion reporte general/input_Actos Administrativos_listaReporteFormj_idt63'

2022-06-10 09:35:24 - [TEST_STEP][PASSED] - if (waitForElementVisible(findTestObject("1-OBJECTS TAREAS PRINCIPALES/Modulo Tarea Sara General/Ejecucion reporte general/td_pruebas  automaticas"), 1)): Web element with id: 'Object Repository/1-OBJECTS TAREAS PRINCIPALES/Modulo Tarea Sara General/Ejecucion reporte general/td_pruebas  automaticas' located by '//td[(text() = 'pruebas  automaticas' or . = 'pruebas  automaticas')]' not found

2022-06-10 09:35:26 - [MESSAGE][INFO] - Unable to find the element located by 'By.xpath: //td[(text() = 'pruebas  automaticas' or . = 'pruebas  automaticas')]'. Please recheck the objects properties to make sure the desired element is located. 

2022-06-10 09:35:26 - [MESSAGE][WARNING] - Web element with id: 'Object Repository/1-OBJECTS TAREAS PRINCIPALES/Modulo Tarea Sara General/Ejecucion reporte general/td_pruebas  automaticas' located by '//td[(text() = 'pruebas  automaticas' or . = 'pruebas  automaticas')]' not found

2022-06-10 09:35:26 - [TEST_STEP][PASSED] - click(findTestObject("1-OBJECTS TAREAS PRINCIPALES/Modulo Tarea Sara General/Ejecucion reporte general/a_Nuevo")): Object: 'Object Repository/1-OBJECTS TAREAS PRINCIPALES/Modulo Tarea Sara General/Ejecucion reporte general/a_Nuevo' is clicked on

2022-06-10 09:35:27 - [MESSAGE][PASSED] - Object: 'Object Repository/1-OBJECTS TAREAS PRINCIPALES/Modulo Tarea Sara General/Ejecucion reporte general/a_Nuevo' is clicked on

2022-06-10 09:35:27 - [TEST_STEP][PASSED] - click(findTestObject("1-OBJECTS TAREAS PRINCIPALES/Modulo Tarea Sara General/Ejecucion reporte general/input_Descripcin_reporteFormdescripcion"), STOP_ON_FAILURE): Object: 'Object Repository/1-OBJECTS TAREAS PRINCIPALES/Modulo Tarea Sara General/Ejecucion reporte general/input_Descripcin_reporteFormdescripcion' is clicked on

2022-06-10 09:35:27 - [MESSAGE][PASSED] - Object: 'Object Repository/1-OBJECTS TAREAS PRINCIPALES/Modulo Tarea Sara General/Ejecucion reporte general/input_Descripcin_reporteFormdescripcion' is clicked on

2022-06-10 09:35:27 - [TEST_STEP][PASSED] - setText(findTestObject("1-OBJECTS TAREAS PRINCIPALES/Modulo Tarea Sara General/Ejecucion reporte general/input_Descripcin_reporteFormdescripcion"), "pruebas  automaticas"): Text 'pruebas  automaticas' is set on object 'Object Repository/1-OBJECTS TAREAS PRINCIPALES/Modulo Tarea Sara General/Ejecucion reporte general/input_Descripcin_reporteFormdescripcion'

2022-06-10 09:35:28 - [MESSAGE][PASSED] - Text 'pruebas  automaticas' is set on object 'Object Repository/1-OBJECTS TAREAS PRINCIPALES/Modulo Tarea Sara General/Ejecucion reporte general/input_Descripcin_reporteFormdescripcion'

2022-06-10 09:35:28 - [TEST_STEP][PASSED] - setText(findTestObject("1-OBJECTS TAREAS PRINCIPALES/Modulo Tarea Sara General/Ejecucion reporte general/input_Titulo_reporteFormtitulo"), "Pruebas  katalon"): Text 'Pruebas  katalon' is set on object 'Object Repository/1-OBJECTS TAREAS PRINCIPALES/Modulo Tarea Sara General/Ejecucion reporte general/input_Titulo_reporteFormtitulo'

2022-06-10 09:35:29 - [MESSAGE][PASSED] - Text 'Pruebas  katalon' is set on object 'Object Repository/1-OBJECTS TAREAS PRINCIPALES/Modulo Tarea Sara General/Ejecucion reporte general/input_Titulo_reporteFormtitulo'

2022-06-10 09:35:29 - [TEST_STEP][PASSED] - selectOptionByIndex(findTestObject("1-OBJECTS TAREAS PRINCIPALES/Modulo Tarea Sara General/Ejecucion reporte general/select_SeleccioneFIJOFUENTESQL"), 3): All options with index in [3] are selected on object 'Object Repository/1-OBJECTS TAREAS PRINCIPALES/Modulo Tarea Sara General/Ejecucion reporte general/select_SeleccioneFIJOFUENTESQL'

2022-06-10 09:35:30 - [MESSAGE][PASSED] - All options with index in [3] are selected on object 'Object Repository/1-OBJECTS TAREAS PRINCIPALES/Modulo Tarea Sara General/Ejecucion reporte general/select_SeleccioneFIJOFUENTESQL'

2022-06-10 09:35:30 - [TEST_STEP][PASSED] - selectOptionByIndex(findTestObject("1-OBJECTS TAREAS PRINCIPALES/Modulo Tarea Sara General/Ejecucion reporte general/select_--Seleccione--NoSi"), 2): All options with index in [2] are selected on object 'Object Repository/1-OBJECTS TAREAS PRINCIPALES/Modulo Tarea Sara General/Ejecucion reporte general/select_--Seleccione--NoSi'

2022-06-10 09:35:31 - [MESSAGE][PASSED] - All options with index in [2] are selected on object 'Object Repository/1-OBJECTS TAREAS PRINCIPALES/Modulo Tarea Sara General/Ejecucion reporte general/select_--Seleccione--NoSi'

2022-06-10 09:35:31 - [TEST_STEP][PASSED] - selectOptionByIndex(findTestObject("1-OBJECTS TAREAS PRINCIPALES/Modulo Tarea Sara General/Ejecucion reporte general/select_SeleccioneEjecutar limite de tiempo de la sesion"), 1): All options with index in [1] are selected on object 'Object Repository/1-OBJECTS TAREAS PRINCIPALES/Modulo Tarea Sara General/Ejecucion reporte general/select_SeleccioneEjecutar limite de tiempo de la sesion'

2022-06-10 09:35:32 - [MESSAGE][PASSED] - All options with index in [1] are selected on object 'Object Repository/1-OBJECTS TAREAS PRINCIPALES/Modulo Tarea Sara General/Ejecucion reporte general/select_SeleccioneEjecutar limite de tiempo de la sesion'

2022-06-10 09:35:32 - [TEST_STEP][PASSED] - setText(findTestObject("1-OBJECTS TAREAS PRINCIPALES/Modulo Tarea Sara General/Ejecucion reporte general/textarea_Sql_reporteFormsql"), "SELECT  nemp_empresa "codigo", cemp_nombre "Nombre", memp_nit "NIT" FROM EMPRESA_EMP"): Text 'SELECT  nemp_empresa "codigo", cemp_nombre "Nombre", memp_nit "NIT" FROM EMPRESA_EMP' is set on object 'Object Repository/1-OBJECTS TAREAS PRINCIPALES/Modulo Tarea Sara General/Ejecucion reporte general/textarea_Sql_reporteFormsql'

2022-06-10 09:35:33 - [MESSAGE][PASSED] - Text 'SELECT  nemp_empresa "codigo", cemp_nombre "Nombre", memp_nit "NIT" FROM EMPRESA_EMP' is set on object 'Object Repository/1-OBJECTS TAREAS PRINCIPALES/Modulo Tarea Sara General/Ejecucion reporte general/textarea_Sql_reporteFormsql'

2022-06-10 09:35:33 - [TEST_STEP][PASSED] - click(findTestObject("1-OBJECTS TAREAS PRINCIPALES/Modulo Tarea Sara General/Ejecucion reporte general/a_Guardar")): Object: 'Object Repository/1-OBJECTS TAREAS PRINCIPALES/Modulo Tarea Sara General/Ejecucion reporte general/a_Guardar' is clicked on

2022-06-10 09:35:34 - [MESSAGE][PASSED] - Object: 'Object Repository/1-OBJECTS TAREAS PRINCIPALES/Modulo Tarea Sara General/Ejecucion reporte general/a_Guardar' is clicked on

2022-06-10 09:35:34 - [TEST_STEP][PASSED] - click(findTestObject("1-OBJECTS TAREAS PRINCIPALES/Modulo Tarea Sara General/Ejecucion reporte general/a_Entrada")): Object: 'Object Repository/1-OBJECTS TAREAS PRINCIPALES/Modulo Tarea Sara General/Ejecucion reporte general/a_Entrada' is clicked on

2022-06-10 09:35:34 - [MESSAGE][PASSED] - Object: 'Object Repository/1-OBJECTS TAREAS PRINCIPALES/Modulo Tarea Sara General/Ejecucion reporte general/a_Entrada' is clicked on

2022-06-10 09:35:34 - [TEST_STEP][PASSED] - click(findTestObject("1-OBJECTS TAREAS PRINCIPALES/Modulo Tarea Sara General/Ejecucion reporte general/a_Nuevo1")): Object: 'Object Repository/1-OBJECTS TAREAS PRINCIPALES/Modulo Tarea Sara General/Ejecucion reporte general/a_Nuevo1' is clicked on

2022-06-10 09:35:35 - [MESSAGE][PASSED] - Object: 'Object Repository/1-OBJECTS TAREAS PRINCIPALES/Modulo Tarea Sara General/Ejecucion reporte general/a_Nuevo1' is clicked on

2022-06-10 09:35:35 - [TEST_STEP][PASSED] - setText(findTestObject("1-OBJECTS TAREAS PRINCIPALES/Modulo Tarea Sara General/Ejecucion reporte general/input_Descripcin_formPopUpEntradaReporteentradaDescripcion"), "Empresa"): Text 'Empresa' is set on object 'Object Repository/1-OBJECTS TAREAS PRINCIPALES/Modulo Tarea Sara General/Ejecucion reporte general/input_Descripcin_formPopUpEntradaReporteentradaDescripcion'

2022-06-10 09:35:36 - [MESSAGE][PASSED] - Text 'Empresa' is set on object 'Object Repository/1-OBJECTS TAREAS PRINCIPALES/Modulo Tarea Sara General/Ejecucion reporte general/input_Descripcin_formPopUpEntradaReporteentradaDescripcion'

2022-06-10 09:35:36 - [TEST_STEP][PASSED] - setText(findTestObject("1-OBJECTS TAREAS PRINCIPALES/Modulo Tarea Sara General/Ejecucion reporte general/input_Parmetro_formPopUpEntradaReporteentradaParametro"), "Codempresa"): Text 'Codempresa' is set on object 'Object Repository/1-OBJECTS TAREAS PRINCIPALES/Modulo Tarea Sara General/Ejecucion reporte general/input_Parmetro_formPopUpEntradaReporteentradaParametro'

2022-06-10 09:35:37 - [MESSAGE][PASSED] - Text 'Codempresa' is set on object 'Object Repository/1-OBJECTS TAREAS PRINCIPALES/Modulo Tarea Sara General/Ejecucion reporte general/input_Parmetro_formPopUpEntradaReporteentradaParametro'

2022-06-10 09:35:37 - [TEST_STEP][PASSED] - selectOptionByIndex(findTestObject("1-OBJECTS TAREAS PRINCIPALES/Modulo Tarea Sara General/Ejecucion reporte general/select_DirectoLista"), 0): All options with index in [0] are selected on object 'Object Repository/1-OBJECTS TAREAS PRINCIPALES/Modulo Tarea Sara General/Ejecucion reporte general/select_DirectoLista'

2022-06-10 09:35:38 - [MESSAGE][PASSED] - All options with index in [0] are selected on object 'Object Repository/1-OBJECTS TAREAS PRINCIPALES/Modulo Tarea Sara General/Ejecucion reporte general/select_DirectoLista'

2022-06-10 09:35:38 - [TEST_STEP][PASSED] - selectOptionByIndex(findTestObject("1-OBJECTS TAREAS PRINCIPALES/Modulo Tarea Sara General/Ejecucion reporte general/select_- Seleccione -FechaNumero DecimalNumero EnteroSerie NumeroSerie TextoTexto"), 3): All options with index in [3] are selected on object 'Object Repository/1-OBJECTS TAREAS PRINCIPALES/Modulo Tarea Sara General/Ejecucion reporte general/select_- Seleccione -FechaNumero DecimalNumero EnteroSerie NumeroSerie TextoTexto'

2022-06-10 09:35:39 - [MESSAGE][PASSED] - All options with index in [3] are selected on object 'Object Repository/1-OBJECTS TAREAS PRINCIPALES/Modulo Tarea Sara General/Ejecucion reporte general/select_- Seleccione -FechaNumero DecimalNumero EnteroSerie NumeroSerie TextoTexto'

2022-06-10 09:35:39 - [TEST_STEP][PASSED] - setText(findTestObject("1-OBJECTS TAREAS PRINCIPALES/Modulo Tarea Sara General/Ejecucion reporte general/input_Orden_formPopUpEntradaReporteentradaOrden"), "1"): Text '1' is set on object 'Object Repository/1-OBJECTS TAREAS PRINCIPALES/Modulo Tarea Sara General/Ejecucion reporte general/input_Orden_formPopUpEntradaReporteentradaOrden'

2022-06-10 09:35:40 - [MESSAGE][PASSED] - Text '1' is set on object 'Object Repository/1-OBJECTS TAREAS PRINCIPALES/Modulo Tarea Sara General/Ejecucion reporte general/input_Orden_formPopUpEntradaReporteentradaOrden'

2022-06-10 09:35:40 - [TEST_STEP][PASSED] - click(findTestObject("1-OBJECTS TAREAS PRINCIPALES/Modulo Tarea Sara General/Ejecucion reporte general/label_Si")): Object: 'Object Repository/1-OBJECTS TAREAS PRINCIPALES/Modulo Tarea Sara General/Ejecucion reporte general/label_Si' is clicked on

2022-06-10 09:35:40 - [MESSAGE][PASSED] - Object: 'Object Repository/1-OBJECTS TAREAS PRINCIPALES/Modulo Tarea Sara General/Ejecucion reporte general/label_Si' is clicked on

2022-06-10 09:35:40 - [TEST_STEP][PASSED] - click(findTestObject("1-OBJECTS TAREAS PRINCIPALES/Modulo Tarea Sara General/Ejecucion reporte general/a_Guardar1")): Object: 'Object Repository/1-OBJECTS TAREAS PRINCIPALES/Modulo Tarea Sara General/Ejecucion reporte general/a_Guardar1' is clicked on

2022-06-10 09:35:41 - [MESSAGE][PASSED] - Object: 'Object Repository/1-OBJECTS TAREAS PRINCIPALES/Modulo Tarea Sara General/Ejecucion reporte general/a_Guardar1' is clicked on

2022-06-10 09:35:41 - [TEST_STEP][PASSED] - click(findTestObject("1-OBJECTS TAREAS PRINCIPALES/Modulo Tarea Sara General/Ejecucion reporte general/span_No se encontr registros_ui-icon ui-icon-closethick")): Object: 'Object Repository/1-OBJECTS TAREAS PRINCIPALES/Modulo Tarea Sara General/Ejecucion reporte general/span_No se encontr registros_ui-icon ui-icon-closethick' is clicked on

2022-06-10 09:35:42 - [MESSAGE][PASSED] - Object: 'Object Repository/1-OBJECTS TAREAS PRINCIPALES/Modulo Tarea Sara General/Ejecucion reporte general/span_No se encontr registros_ui-icon ui-icon-closethick' is clicked on

2022-06-10 09:35:42 - [TEST_STEP][PASSED] - click(findTestObject("1-OBJECTS TAREAS PRINCIPALES/Modulo Tarea Sara General/Ejecucion reporte general/a_Campo")): Object: 'Object Repository/1-OBJECTS TAREAS PRINCIPALES/Modulo Tarea Sara General/Ejecucion reporte general/a_Campo' is clicked on

2022-06-10 09:35:42 - [MESSAGE][PASSED] - Object: 'Object Repository/1-OBJECTS TAREAS PRINCIPALES/Modulo Tarea Sara General/Ejecucion reporte general/a_Campo' is clicked on

2022-06-10 09:35:42 - [TEST_STEP][PASSED] - click(findTestObject("1-OBJECTS TAREAS PRINCIPALES/Modulo Tarea Sara General/Ejecucion reporte general/a_Generar")): Object: 'Object Repository/1-OBJECTS TAREAS PRINCIPALES/Modulo Tarea Sara General/Ejecucion reporte general/a_Generar' is clicked on

2022-06-10 09:35:43 - [MESSAGE][PASSED] - Object: 'Object Repository/1-OBJECTS TAREAS PRINCIPALES/Modulo Tarea Sara General/Ejecucion reporte general/a_Generar' is clicked on

2022-06-10 09:35:43 - [TEST_STEP][PASSED] - click(findTestObject("1-OBJECTS TAREAS PRINCIPALES/Modulo Tarea Sara General/Ejecucion reporte general/a_Tipo")): Object: 'Object Repository/1-OBJECTS TAREAS PRINCIPALES/Modulo Tarea Sara General/Ejecucion reporte general/a_Tipo' is clicked on

2022-06-10 09:35:44 - [MESSAGE][PASSED] - Object: 'Object Repository/1-OBJECTS TAREAS PRINCIPALES/Modulo Tarea Sara General/Ejecucion reporte general/a_Tipo' is clicked on

2022-06-10 09:35:44 - [TEST_STEP][PASSED] - click(findTestObject("1-OBJECTS TAREAS PRINCIPALES/Modulo Tarea Sara General/Ejecucion reporte general/a_Plantilla_btn_popupInformacion")): Object: 'Object Repository/1-OBJECTS TAREAS PRINCIPALES/Modulo Tarea Sara General/Ejecucion reporte general/a_Plantilla_btn_popupInformacion' is clicked on

2022-06-10 09:35:45 - [MESSAGE][PASSED] - Object: 'Object Repository/1-OBJECTS TAREAS PRINCIPALES/Modulo Tarea Sara General/Ejecucion reporte general/a_Plantilla_btn_popupInformacion' is clicked on

2022-06-10 09:35:45 - [TEST_STEP][PASSED] - setText(findTestObject("1-OBJECTS TAREAS PRINCIPALES/Modulo Tarea Sara General/Ejecucion reporte general/input_Buscar_form_PopupPlantillasj_idt74"), "descargar.xlsx"): Text 'descargar.xlsx' is set on object 'Object Repository/1-OBJECTS TAREAS PRINCIPALES/Modulo Tarea Sara General/Ejecucion reporte general/input_Buscar_form_PopupPlantillasj_idt74'

2022-06-10 09:35:46 - [MESSAGE][PASSED] - Text 'descargar.xlsx' is set on object 'Object Repository/1-OBJECTS TAREAS PRINCIPALES/Modulo Tarea Sara General/Ejecucion reporte general/input_Buscar_form_PopupPlantillasj_idt74'

2022-06-10 09:35:46 - [TEST_STEP][PASSED] - click(findTestObject("1-OBJECTS TAREAS PRINCIPALES/Modulo Tarea Sara General/Ejecucion reporte general/a_descargar.xlsx")): Object: 'Object Repository/1-OBJECTS TAREAS PRINCIPALES/Modulo Tarea Sara General/Ejecucion reporte general/a_descargar.xlsx' is clicked on

2022-06-10 09:35:47 - [MESSAGE][PASSED] - Object: 'Object Repository/1-OBJECTS TAREAS PRINCIPALES/Modulo Tarea Sara General/Ejecucion reporte general/a_descargar.xlsx' is clicked on

2022-06-10 09:35:47 - [TEST_STEP][PASSED] - setText(findTestObject("1-OBJECTS TAREAS PRINCIPALES/Modulo Tarea Sara General/Ejecucion reporte general/input_Nombre De La  Hoja_reporteFormexcel"), "Hoja1"): Text 'Hoja1' is set on object 'Object Repository/1-OBJECTS TAREAS PRINCIPALES/Modulo Tarea Sara General/Ejecucion reporte general/input_Nombre De La  Hoja_reporteFormexcel'

2022-06-10 09:35:48 - [MESSAGE][PASSED] - Text 'Hoja1' is set on object 'Object Repository/1-OBJECTS TAREAS PRINCIPALES/Modulo Tarea Sara General/Ejecucion reporte general/input_Nombre De La  Hoja_reporteFormexcel'

2022-06-10 09:35:48 - [TEST_STEP][PASSED] - selectOptionByIndex(findTestObject("1-OBJECTS TAREAS PRINCIPALES/Modulo Tarea Sara General/Ejecucion reporte general/select_SeleccioneSin CifrarEncripcion DaviviendaEncripcion Citibank"), 1): All options with index in [1] are selected on object 'Object Repository/1-OBJECTS TAREAS PRINCIPALES/Modulo Tarea Sara General/Ejecucion reporte general/select_SeleccioneSin CifrarEncripcion DaviviendaEncripcion Citibank'

2022-06-10 09:35:49 - [MESSAGE][PASSED] - All options with index in [1] are selected on object 'Object Repository/1-OBJECTS TAREAS PRINCIPALES/Modulo Tarea Sara General/Ejecucion reporte general/select_SeleccioneSin CifrarEncripcion DaviviendaEncripcion Citibank'

2022-06-10 09:35:49 - [TEST_STEP][PASSED] - click(findTestObject("1-OBJECTS TAREAS PRINCIPALES/Modulo Tarea Sara General/Ejecucion reporte general/a_Guardar2")): Object: 'Object Repository/1-OBJECTS TAREAS PRINCIPALES/Modulo Tarea Sara General/Ejecucion reporte general/a_Guardar2' is clicked on

2022-06-10 09:35:49 - [MESSAGE][PASSED] - Object: 'Object Repository/1-OBJECTS TAREAS PRINCIPALES/Modulo Tarea Sara General/Ejecucion reporte general/a_Guardar2' is clicked on

2022-06-10 09:35:49 - [TEST_STEP][PASSED] - click(findTestObject("2-OBJECTS TAREAS SECUNDARIAS/Pruebas capacitacion/Comprobar Parametros/a_Ejecutar")): Object: 'Object Repository/2-OBJECTS TAREAS SECUNDARIAS/Pruebas capacitacion/Comprobar Parametros/a_Ejecutar' is clicked on

2022-06-10 09:35:50 - [MESSAGE][PASSED] - Object: 'Object Repository/2-OBJECTS TAREAS SECUNDARIAS/Pruebas capacitacion/Comprobar Parametros/a_Ejecutar' is clicked on

2022-06-10 09:35:50 - [TEST_STEP][PASSED] - setText(findTestObject("1-OBJECTS TAREAS PRINCIPALES/Modulo Tarea Sara General/Ejecucion reporte general/input_Empresa_popupReportetablaParametroReporte0j_idt477"), "1"): Text '1' is set on object 'Object Repository/1-OBJECTS TAREAS PRINCIPALES/Modulo Tarea Sara General/Ejecucion reporte general/input_Empresa_popupReportetablaParametroReporte0j_idt477'

2022-06-10 09:35:51 - [MESSAGE][PASSED] - Text '1' is set on object 'Object Repository/1-OBJECTS TAREAS PRINCIPALES/Modulo Tarea Sara General/Ejecucion reporte general/input_Empresa_popupReportetablaParametroReporte0j_idt477'

2022-06-10 09:35:51 - [TEST_STEP][PASSED] - click(findTestObject("1-OBJECTS TAREAS PRINCIPALES/Modulo Tarea Sara General/Ejecucion reporte general/div_Generar_ui-radiobutton-box ui-widget ui-corner-all ui-state-default ui-state-active ui-state-hover")): Object: 'Object Repository/1-OBJECTS TAREAS PRINCIPALES/Modulo Tarea Sara General/Ejecucion reporte general/div_Generar_ui-radiobutton-box ui-widget ui-corner-all ui-state-default ui-state-active ui-state-hover' is clicked on

2022-06-10 09:35:52 - [MESSAGE][PASSED] - Object: 'Object Repository/1-OBJECTS TAREAS PRINCIPALES/Modulo Tarea Sara General/Ejecucion reporte general/div_Generar_ui-radiobutton-box ui-widget ui-corner-all ui-state-default ui-state-active ui-state-hover' is clicked on

2022-06-10 09:35:52 - [TEST_STEP][PASSED] - click(findTestObject("1-OBJECTS TAREAS PRINCIPALES/Modulo Tarea Sara General/Ejecucion reporte general/span_Que desea hacer_ui-radiobutton-icon ui-icon ui-icon-blank ui-c")): Object: 'Object Repository/1-OBJECTS TAREAS PRINCIPALES/Modulo Tarea Sara General/Ejecucion reporte general/span_Que desea hacer_ui-radiobutton-icon ui-icon ui-icon-blank ui-c' is clicked on

2022-06-10 09:35:52 - [MESSAGE][PASSED] - Object: 'Object Repository/1-OBJECTS TAREAS PRINCIPALES/Modulo Tarea Sara General/Ejecucion reporte general/span_Que desea hacer_ui-radiobutton-icon ui-icon ui-icon-blank ui-c' is clicked on

2022-06-10 09:35:52 - [TEST_STEP][PASSED] - click(findTestObject("1-OBJECTS TAREAS PRINCIPALES/Modulo Tarea Sara General/Ejecucion reporte general/a_Generar")): Object: 'Object Repository/1-OBJECTS TAREAS PRINCIPALES/Modulo Tarea Sara General/Ejecucion reporte general/a_Generar' is clicked on

2022-06-10 09:35:53 - [MESSAGE][PASSED] - Object: 'Object Repository/1-OBJECTS TAREAS PRINCIPALES/Modulo Tarea Sara General/Ejecucion reporte general/a_Generar' is clicked on

2022-06-10 09:35:53 - [TEST_STEP][PASSED] - click(findTestObject("1-OBJECTS TAREAS PRINCIPALES/Modulo Tarea Sara General/Ejecucion reporte general/a_Descargar")): Object: 'Object Repository/1-OBJECTS TAREAS PRINCIPALES/Modulo Tarea Sara General/Ejecucion reporte general/a_Descargar' is clicked on

2022-06-10 09:35:54 - [MESSAGE][PASSED] - Object: 'Object Repository/1-OBJECTS TAREAS PRINCIPALES/Modulo Tarea Sara General/Ejecucion reporte general/a_Descargar' is clicked on

2022-06-10 09:35:54 - [TEST_STEP][PASSED] - click(findTestObject("1-OBJECTS TAREAS PRINCIPALES/Modulo Tarea Sara General/Ejecucion reporte general/span_No se encontr registros_ui-icon ui-icon-closethick1")): Object: 'Object Repository/1-OBJECTS TAREAS PRINCIPALES/Modulo Tarea Sara General/Ejecucion reporte general/span_No se encontr registros_ui-icon ui-icon-closethick1' is clicked on

2022-06-10 09:35:54 - [MESSAGE][PASSED] - Object: 'Object Repository/1-OBJECTS TAREAS PRINCIPALES/Modulo Tarea Sara General/Ejecucion reporte general/span_No se encontr registros_ui-icon ui-icon-closethick1' is clicked on

2022-06-10 09:35:54 - [TEST_STEP][PASSED] - click(findTestObject("1-OBJECTS TAREAS PRINCIPALES/Modulo Tarea Sara General/Ejecucion reporte general/a_Campo")): Object: 'Object Repository/1-OBJECTS TAREAS PRINCIPALES/Modulo Tarea Sara General/Ejecucion reporte general/a_Campo' is clicked on

2022-06-10 09:35:55 - [MESSAGE][PASSED] - Object: 'Object Repository/1-OBJECTS TAREAS PRINCIPALES/Modulo Tarea Sara General/Ejecucion reporte general/a_Campo' is clicked on

2022-06-10 09:35:55 - [TEST_STEP][PASSED] - if (waitForElementVisible(findTestObject("1-OBJECTS TAREAS PRINCIPALES/Modulo Tarea Sara General/Ejecucion reporte general/td_NIT"), 1)): null

2022-06-10 09:35:55 - [MESSAGE][PASSED] - Object 'Object Repository/1-OBJECTS TAREAS PRINCIPALES/Modulo Tarea Sara General/Ejecucion reporte general/td_NIT' is visible

2022-06-10 09:35:55 - [TEST_STEP][PASSED] - click(findTestObject("1-OBJECTS TAREAS PRINCIPALES/Modulo Tarea Sara General/Ejecucion reporte general/td_NIT")): Object: 'Object Repository/1-OBJECTS TAREAS PRINCIPALES/Modulo Tarea Sara General/Ejecucion reporte general/td_NIT' is clicked on

2022-06-10 09:35:56 - [MESSAGE][PASSED] - Object: 'Object Repository/1-OBJECTS TAREAS PRINCIPALES/Modulo Tarea Sara General/Ejecucion reporte general/td_NIT' is clicked on

2022-06-10 09:35:56 - [TEST_STEP][PASSED] - click(findTestObject("1-OBJECTS TAREAS PRINCIPALES/Modulo Tarea Sara General/Ejecucion reporte general/a_Eliminar_campo")): Object: 'Object Repository/1-OBJECTS TAREAS PRINCIPALES/Modulo Tarea Sara General/Ejecucion reporte general/a_Eliminar_campo' is clicked on

2022-06-10 09:35:57 - [MESSAGE][PASSED] - Object: 'Object Repository/1-OBJECTS TAREAS PRINCIPALES/Modulo Tarea Sara General/Ejecucion reporte general/a_Eliminar_campo' is clicked on

2022-06-10 09:35:57 - [TEST_STEP][PASSED] - click(findTestObject("1-OBJECTS TAREAS PRINCIPALES/Modulo Tarea Sara General/Ejecucion reporte general/a_Aceptar_eliminar")): Object: 'Object Repository/1-OBJECTS TAREAS PRINCIPALES/Modulo Tarea Sara General/Ejecucion reporte general/a_Aceptar_eliminar' is clicked on

2022-06-10 09:35:57 - [MESSAGE][PASSED] - Object: 'Object Repository/1-OBJECTS TAREAS PRINCIPALES/Modulo Tarea Sara General/Ejecucion reporte general/a_Aceptar_eliminar' is clicked on

2022-06-10 09:35:57 - [TEST_STEP][PASSED] - if (waitForElementVisible(findTestObject("1-OBJECTS TAREAS PRINCIPALES/Modulo Tarea Sara General/Ejecucion reporte general/td_codigo"), 1)): null

2022-06-10 09:35:58 - [MESSAGE][PASSED] - Object 'Object Repository/1-OBJECTS TAREAS PRINCIPALES/Modulo Tarea Sara General/Ejecucion reporte general/td_codigo' is visible

2022-06-10 09:35:58 - [TEST_STEP][PASSED] - click(findTestObject("1-OBJECTS TAREAS PRINCIPALES/Modulo Tarea Sara General/Ejecucion reporte general/td_codigo")): Object: 'Object Repository/1-OBJECTS TAREAS PRINCIPALES/Modulo Tarea Sara General/Ejecucion reporte general/td_codigo' is clicked on

2022-06-10 09:35:58 - [MESSAGE][PASSED] - Object: 'Object Repository/1-OBJECTS TAREAS PRINCIPALES/Modulo Tarea Sara General/Ejecucion reporte general/td_codigo' is clicked on

2022-06-10 09:35:58 - [TEST_STEP][PASSED] - click(findTestObject("1-OBJECTS TAREAS PRINCIPALES/Modulo Tarea Sara General/Ejecucion reporte general/a_Eliminar_campo")): Object: 'Object Repository/1-OBJECTS TAREAS PRINCIPALES/Modulo Tarea Sara General/Ejecucion reporte general/a_Eliminar_campo' is clicked on

2022-06-10 09:36:00 - [MESSAGE][PASSED] - Object: 'Object Repository/1-OBJECTS TAREAS PRINCIPALES/Modulo Tarea Sara General/Ejecucion reporte general/a_Eliminar_campo' is clicked on

2022-06-10 09:36:00 - [TEST_STEP][PASSED] - click(findTestObject("1-OBJECTS TAREAS PRINCIPALES/Modulo Tarea Sara General/Ejecucion reporte general/a_Aceptar_eliminar")): Object: 'Object Repository/1-OBJECTS TAREAS PRINCIPALES/Modulo Tarea Sara General/Ejecucion reporte general/a_Aceptar_eliminar' is clicked on

2022-06-10 09:36:00 - [MESSAGE][PASSED] - Object: 'Object Repository/1-OBJECTS TAREAS PRINCIPALES/Modulo Tarea Sara General/Ejecucion reporte general/a_Aceptar_eliminar' is clicked on

2022-06-10 09:36:00 - [TEST_STEP][PASSED] - if (waitForElementVisible(findTestObject("1-OBJECTS TAREAS PRINCIPALES/Modulo Tarea Sara General/Ejecucion reporte general/td_Nombre"), 1)): null

2022-06-10 09:36:01 - [MESSAGE][PASSED] - Object 'Object Repository/1-OBJECTS TAREAS PRINCIPALES/Modulo Tarea Sara General/Ejecucion reporte general/td_Nombre' is visible

2022-06-10 09:36:01 - [TEST_STEP][PASSED] - click(findTestObject("1-OBJECTS TAREAS PRINCIPALES/Modulo Tarea Sara General/Ejecucion reporte general/td_Nombre")): Object: 'Object Repository/1-OBJECTS TAREAS PRINCIPALES/Modulo Tarea Sara General/Ejecucion reporte general/td_Nombre' is clicked on

2022-06-10 09:36:01 - [MESSAGE][PASSED] - Object: 'Object Repository/1-OBJECTS TAREAS PRINCIPALES/Modulo Tarea Sara General/Ejecucion reporte general/td_Nombre' is clicked on

2022-06-10 09:36:01 - [TEST_STEP][PASSED] - click(findTestObject("1-OBJECTS TAREAS PRINCIPALES/Modulo Tarea Sara General/Ejecucion reporte general/a_Eliminar_campo")): Object: 'Object Repository/1-OBJECTS TAREAS PRINCIPALES/Modulo Tarea Sara General/Ejecucion reporte general/a_Eliminar_campo' is clicked on

2022-06-10 09:36:02 - [MESSAGE][PASSED] - Object: 'Object Repository/1-OBJECTS TAREAS PRINCIPALES/Modulo Tarea Sara General/Ejecucion reporte general/a_Eliminar_campo' is clicked on

2022-06-10 09:36:02 - [TEST_STEP][PASSED] - click(findTestObject("1-OBJECTS TAREAS PRINCIPALES/Modulo Tarea Sara General/Ejecucion reporte general/a_Aceptar_eliminar")): Object: 'Object Repository/1-OBJECTS TAREAS PRINCIPALES/Modulo Tarea Sara General/Ejecucion reporte general/a_Aceptar_eliminar' is clicked on

2022-06-10 09:36:03 - [MESSAGE][PASSED] - Object: 'Object Repository/1-OBJECTS TAREAS PRINCIPALES/Modulo Tarea Sara General/Ejecucion reporte general/a_Aceptar_eliminar' is clicked on

2022-06-10 09:36:03 - [TEST_STEP][PASSED] - click(findTestObject("1-OBJECTS TAREAS PRINCIPALES/Modulo Tarea Sara General/Ejecucion reporte general/a_Entrada")): Object: 'Object Repository/1-OBJECTS TAREAS PRINCIPALES/Modulo Tarea Sara General/Ejecucion reporte general/a_Entrada' is clicked on

2022-06-10 09:36:03 - [MESSAGE][PASSED] - Object: 'Object Repository/1-OBJECTS TAREAS PRINCIPALES/Modulo Tarea Sara General/Ejecucion reporte general/a_Entrada' is clicked on

2022-06-10 09:36:03 - [TEST_STEP][PASSED] - if (waitForElementVisible(findTestObject("1-OBJECTS TAREAS PRINCIPALES/Modulo Tarea Sara General/Ejecucion reporte general/td_Numero Entero"), 1)): null

2022-06-10 09:36:04 - [MESSAGE][PASSED] - Object 'Object Repository/1-OBJECTS TAREAS PRINCIPALES/Modulo Tarea Sara General/Ejecucion reporte general/td_Numero Entero' is visible

2022-06-10 09:36:04 - [TEST_STEP][PASSED] - click(findTestObject("1-OBJECTS TAREAS PRINCIPALES/Modulo Tarea Sara General/Ejecucion reporte general/td_Numero Entero")): Object: 'Object Repository/1-OBJECTS TAREAS PRINCIPALES/Modulo Tarea Sara General/Ejecucion reporte general/td_Numero Entero' is clicked on

2022-06-10 09:36:04 - [MESSAGE][PASSED] - Object: 'Object Repository/1-OBJECTS TAREAS PRINCIPALES/Modulo Tarea Sara General/Ejecucion reporte general/td_Numero Entero' is clicked on

2022-06-10 09:36:04 - [TEST_STEP][PASSED] - click(findTestObject("1-OBJECTS TAREAS PRINCIPALES/Modulo Tarea Sara General/Ejecucion reporte general/a_Eliminar_entrada")): Object: 'Object Repository/1-OBJECTS TAREAS PRINCIPALES/Modulo Tarea Sara General/Ejecucion reporte general/a_Eliminar_entrada' is clicked on

2022-06-10 09:36:05 - [MESSAGE][PASSED] - Object: 'Object Repository/1-OBJECTS TAREAS PRINCIPALES/Modulo Tarea Sara General/Ejecucion reporte general/a_Eliminar_entrada' is clicked on

2022-06-10 09:36:05 - [TEST_STEP][PASSED] - click(findTestObject("1-OBJECTS TAREAS PRINCIPALES/Modulo Tarea Sara General/Ejecucion reporte general/a_Aceptar_eliminar entrada")): Object: 'Object Repository/1-OBJECTS TAREAS PRINCIPALES/Modulo Tarea Sara General/Ejecucion reporte general/a_Aceptar_eliminar entrada' is clicked on

2022-06-10 09:36:06 - [MESSAGE][PASSED] - Object: 'Object Repository/1-OBJECTS TAREAS PRINCIPALES/Modulo Tarea Sara General/Ejecucion reporte general/a_Aceptar_eliminar entrada' is clicked on

2022-06-10 09:36:06 - [TEST_STEP][PASSED] - click(findTestObject("1-OBJECTS TAREAS PRINCIPALES/Modulo Tarea Sara General/Ejecucion reporte general/a_Reporte")): Object: 'Object Repository/1-OBJECTS TAREAS PRINCIPALES/Modulo Tarea Sara General/Ejecucion reporte general/a_Reporte' is clicked on

2022-06-10 09:36:06 - [MESSAGE][PASSED] - Object: 'Object Repository/1-OBJECTS TAREAS PRINCIPALES/Modulo Tarea Sara General/Ejecucion reporte general/a_Reporte' is clicked on

2022-06-10 09:36:06 - [TEST_STEP][PASSED] - click(findTestObject("1-OBJECTS TAREAS PRINCIPALES/Modulo Tarea Sara General/Ejecucion reporte general/a_Eliminar_reporte")): Object: 'Object Repository/1-OBJECTS TAREAS PRINCIPALES/Modulo Tarea Sara General/Ejecucion reporte general/a_Eliminar_reporte' is clicked on

2022-06-10 09:36:07 - [MESSAGE][PASSED] - Object: 'Object Repository/1-OBJECTS TAREAS PRINCIPALES/Modulo Tarea Sara General/Ejecucion reporte general/a_Eliminar_reporte' is clicked on

2022-06-10 09:36:07 - [TEST_STEP][PASSED] - click(findTestObject("1-OBJECTS TAREAS PRINCIPALES/Modulo Tarea Sara General/Ejecucion reporte general/a_Aceptar_eliminar reporte")): Object: 'Object Repository/1-OBJECTS TAREAS PRINCIPALES/Modulo Tarea Sara General/Ejecucion reporte general/a_Aceptar_eliminar reporte' is clicked on

2022-06-10 09:36:08 - [MESSAGE][PASSED] - Object: 'Object Repository/1-OBJECTS TAREAS PRINCIPALES/Modulo Tarea Sara General/Ejecucion reporte general/a_Aceptar_eliminar reporte' is clicked on

2022-06-10 09:36:08 - [TEST_STEP][PASSED] - if (waitForElementVisible(findTestObject("1-OBJECTS TAREAS PRINCIPALES/Modulo Tarea Sara General/Ejecucion reporte general/a_Eliminar_reporte"), 1)): Web element with id: 'Object Repository/1-OBJECTS TAREAS PRINCIPALES/Modulo Tarea Sara General/Ejecucion reporte general/a_Eliminar_reporte' located by '//a[contains(text(),'Eliminar')]' not found

2022-06-10 09:36:10 - [MESSAGE][INFO] - Unable to find the element located by 'By.xpath: //a[contains(text(),'Eliminar')]'. Please recheck the objects properties to make sure the desired element is located. 

2022-06-10 09:36:10 - [MESSAGE][WARNING] - Web element with id: 'Object Repository/1-OBJECTS TAREAS PRINCIPALES/Modulo Tarea Sara General/Ejecucion reporte general/a_Eliminar_reporte' located by '//a[contains(text(),'Eliminar')]' not found

2022-06-10 09:36:10 - [TEST_STEP][PASSED] - else: Web element with id: 'Object Repository/1-OBJECTS TAREAS PRINCIPALES/Modulo Tarea Sara General/Ejecucion reporte general/a_Regresar' located by '//a[contains(text(),'Regresar')]' not found

2022-06-10 09:36:10 - [TEST_STEP][PASSED] - if (waitForElementVisible(findTestObject("1-OBJECTS TAREAS PRINCIPALES/Modulo Tarea Sara General/Ejecucion reporte general/a_Regresar"), 1)): Web element with id: 'Object Repository/1-OBJECTS TAREAS PRINCIPALES/Modulo Tarea Sara General/Ejecucion reporte general/a_Regresar' located by '//a[contains(text(),'Regresar')]' not found

2022-06-10 09:36:12 - [MESSAGE][INFO] - Unable to find the element located by 'By.xpath: //a[contains(text(),'Regresar')]'. Please recheck the objects properties to make sure the desired element is located. 

2022-06-10 09:36:12 - [MESSAGE][WARNING] - Web element with id: 'Object Repository/1-OBJECTS TAREAS PRINCIPALES/Modulo Tarea Sara General/Ejecucion reporte general/a_Regresar' located by '//a[contains(text(),'Regresar')]' not found

2022-06-10 09:36:12 - [TEST_STEP][PASSED] - closeBrowser(): Browser is closed

2022-06-10 09:36:13 - [MESSAGE][PASSED] - Browser is closed]]></system-out>
         <system-err><![CDATA[]]></system-err>
      </testcase>
      <testcase name="Test Cases/1.1-Tareas Principales/1.8.1-Seleccionar Empresa" time="129.007" classname="Test Cases/1.1-Tareas Principales/1.8.1-Seleccionar Empresa" status="PASSED">
         <system-out><![CDATA[2022-06-10 09:36:13 - [TEST_CASE][PASSED] - Test Cases/1.1-Tareas Principales/1.8.1-Seleccionar Empresa: Test Cases/1.1-Tareas Principales/1.8.1-Seleccionar Empresa

2022-06-10 09:36:13 - [TEST_STEP][PASSED] - callTestCase(findTestCase("Utilidades-(atajos_para _tareas)/Login_Seguridad/Login-Seguridad"), [:], STOP_ON_FAILURE): Call Test Case 'Test Cases/Utilidades-(atajos_para _tareas)/Login_Seguridad/Login-Seguridad' successfully

2022-06-10 09:36:13 - [TEST_CASE][PASSED] - Test Cases/Utilidades-(atajos_para _tareas)/Login_Seguridad/Login-Seguridad: Test Cases/Utilidades-(atajos_para _tareas)/Login_Seguridad/Login-Seguridad

2022-06-10 09:36:14 - [TEST_STEP][PASSED] - openBrowser(""): Browser is opened with url: ''

2022-06-10 09:36:14 - [MESSAGE][INFO] - Starting 'Chrome' driver

2022-06-10 09:36:14 - [MESSAGE][INFO] - Action delay is set to 0 milliseconds

2022-06-10 09:36:15 - [MESSAGE][PASSED] - Browser is opened with url: ''

2022-06-10 09:36:15 - [TEST_STEP][PASSED] - maximizeWindow(): Current window maximized

2022-06-10 09:36:15 - [MESSAGE][PASSED] - Current window maximized

2022-06-10 09:36:15 - [TEST_STEP][PASSED] - i = G_Login_Seguridad: null

2022-06-10 09:36:15 - [TEST_STEP][PASSED] - url = new java.net.URL(i): null

2022-06-10 09:36:15 - [TEST_STEP][PASSED] - println("URL: " + url.toString()): null

2022-06-10 09:36:15 - [TEST_STEP][PASSED] - connection = url.openConnection(): null

2022-06-10 09:36:15 - [TEST_STEP][PASSED] - connection.setRequestMethod("GET"): null

2022-06-10 09:36:15 - [TEST_STEP][PASSED] - connection.setReadTimeout(2 * 1000): null

2022-06-10 09:36:15 - [TEST_STEP][PASSED] - try: null

2022-06-10 09:36:15 - [TEST_STEP][PASSED] - connection.connect(): null

2022-06-10 09:36:15 - [TEST_STEP][PASSED] - flag = connected: null

2022-06-10 09:36:15 - [TEST_STEP][PASSED] - println("Valor_ori: " + flag): null

2022-06-10 09:36:15 - [TEST_STEP][PASSED] - if (flag): null

2022-06-10 09:36:15 - [TEST_STEP][PASSED] - navigateToUrl(i): Navigate to 'http://192.168.2.19:8380/seguridadweb/' successfully

2022-06-10 09:36:16 - [MESSAGE][PASSED] - Navigate to 'http://192.168.2.19:8380/seguridadweb/' successfully

2022-06-10 09:36:16 - [TEST_STEP][PASSED] - a(): null

2022-06-10 09:36:16 - [TEST_STEP][PASSED] - setText(findTestObject("3-OBJECTS UTILIDADES/Login/input_USUARIO_loginusuario"), G_Usuario): Text 'saraadmin' is set on object 'Object Repository/3-OBJECTS UTILIDADES/Login/input_USUARIO_loginusuario'

2022-06-10 09:36:17 - [MESSAGE][PASSED] - Text 'saraadmin' is set on object 'Object Repository/3-OBJECTS UTILIDADES/Login/input_USUARIO_loginusuario'

2022-06-10 09:36:17 - [TEST_STEP][PASSED] - setEncryptedText(findTestObject("3-OBJECTS UTILIDADES/Login/input_CLAVE_loginpassword"), "MkG4/TYiCFC3cb2driP7+Q=="): Text ****** has been set on object 'Object Repository/3-OBJECTS UTILIDADES/Login/input_CLAVE_loginpassword'

2022-06-10 09:36:17 - [MESSAGE][PASSED] - Text ****** has been set on object 'Object Repository/3-OBJECTS UTILIDADES/Login/input_CLAVE_loginpassword'

2022-06-10 09:36:17 - [TEST_STEP][PASSED] - waitForElementClickable(findTestObject("3-OBJECTS UTILIDADES/Login/a_Ingresar"), G_TimeOut): Object 'Object Repository/3-OBJECTS UTILIDADES/Login/a_Ingresar' is clickable

2022-06-10 09:36:18 - [MESSAGE][PASSED] - Object 'Object Repository/3-OBJECTS UTILIDADES/Login/a_Ingresar' is clickable

2022-06-10 09:36:18 - [TEST_STEP][PASSED] - click(findTestObject("3-OBJECTS UTILIDADES/Login/a_Ingresar")): Object: 'Object Repository/3-OBJECTS UTILIDADES/Login/a_Ingresar' is clicked on

2022-06-10 09:36:19 - [MESSAGE][PASSED] - Object: 'Object Repository/3-OBJECTS UTILIDADES/Login/a_Ingresar' is clicked on

2022-06-10 09:36:19 - [TEST_STEP][PASSED] - element = findWebElement(findTestObject("3-OBJECTS UTILIDADES/Login/a_Ir"), 30): null

2022-06-10 09:36:19 - [TEST_STEP][PASSED] - executeJavaScript("arguments[0].click()", Arrays.asList(element)): Execute JavaScript 'arguments[0].click()' successfully

2022-06-10 09:36:19 - [MESSAGE][PASSED] - Execute JavaScript 'arguments[0].click()' successfully

2022-06-10 09:36:19 - [MESSAGE][PASSED] - Call Test Case 'Test Cases/Utilidades-(atajos_para _tareas)/Login_Seguridad/Login-Seguridad' successfully

2022-06-10 09:36:19 - [TEST_STEP][PASSED] - setText(findTestObject("2-OBJECTS TAREAS SECUNDARIAS/Pruebas Seguridad/6.1.7-Seleccionar Empresa/input_Empresa 1_form_templatej_idt24_input"), "Usuario"): Text 'Usuario' is set on object 'Object Repository/2-OBJECTS TAREAS SECUNDARIAS/Pruebas Seguridad/6.1.7-Seleccionar Empresa/input_Empresa 1_form_templatej_idt24_input'

2022-06-10 09:36:20 - [MESSAGE][PASSED] - Text 'Usuario' is set on object 'Object Repository/2-OBJECTS TAREAS SECUNDARIAS/Pruebas Seguridad/6.1.7-Seleccionar Empresa/input_Empresa 1_form_templatej_idt24_input'

2022-06-10 09:36:20 - [TEST_STEP][PASSED] - click(findTestObject("2-OBJECTS TAREAS SECUNDARIAS/Pruebas Seguridad/6.1.7-Seleccionar Empresa/li_Usuario"), STOP_ON_FAILURE): Object: 'Object Repository/2-OBJECTS TAREAS SECUNDARIAS/Pruebas Seguridad/6.1.7-Seleccionar Empresa/li_Usuario' is clicked on

2022-06-10 09:36:21 - [MESSAGE][PASSED] - Object: 'Object Repository/2-OBJECTS TAREAS SECUNDARIAS/Pruebas Seguridad/6.1.7-Seleccionar Empresa/li_Usuario' is clicked on

2022-06-10 09:36:21 - [TEST_STEP][PASSED] - setText(findTestObject("2-OBJECTS TAREAS SECUNDARIAS/Pruebas Seguridad/6.1.7-Seleccionar Empresa/input_Portal_usuarioformaparametroBusqueda"), "Usuario"): Text 'Usuario' is set on object 'Object Repository/2-OBJECTS TAREAS SECUNDARIAS/Pruebas Seguridad/6.1.7-Seleccionar Empresa/input_Portal_usuarioformaparametroBusqueda'

2022-06-10 09:36:23 - [MESSAGE][PASSED] - Text 'Usuario' is set on object 'Object Repository/2-OBJECTS TAREAS SECUNDARIAS/Pruebas Seguridad/6.1.7-Seleccionar Empresa/input_Portal_usuarioformaparametroBusqueda'

2022-06-10 09:36:23 - [TEST_STEP][PASSED] - sendKeys(findTestObject("2-OBJECTS TAREAS SECUNDARIAS/Pruebas Seguridad/6.1.7-Seleccionar Empresa/input_Portal_usuarioformaparametroBusqueda"), Keys.chord(ENTER)): Keys 'ENTER + ' sent to object: 'Object Repository/2-OBJECTS TAREAS SECUNDARIAS/Pruebas Seguridad/6.1.7-Seleccionar Empresa/input_Portal_usuarioformaparametroBusqueda'

2022-06-10 09:36:23 - [MESSAGE][PASSED] - Keys 'ENTER + ' sent to object: 'Object Repository/2-OBJECTS TAREAS SECUNDARIAS/Pruebas Seguridad/6.1.7-Seleccionar Empresa/input_Portal_usuarioformaparametroBusqueda'

2022-06-10 09:36:23 - [TEST_STEP][PASSED] - if (waitForElementVisible(findTestObject("2-OBJECTS TAREAS SECUNDARIAS/Pruebas Seguridad/6.1.7-Seleccionar Empresa/span_Usuario"), 1)): Web element with id: 'Object Repository/2-OBJECTS TAREAS SECUNDARIAS/Pruebas Seguridad/6.1.7-Seleccionar Empresa/span_Usuario' located by '(.//*[normalize-space(text()) and normalize-space(.)='Usuario'])[4]/following::span[1]' not found

2022-06-10 09:36:26 - [MESSAGE][INFO] - Unable to find the element located by 'By.xpath: (.//*[normalize-space(text()) and normalize-space(.)='Usuario'])[4]/following::span[1]'. Please recheck the objects properties to make sure the desired element is located. 

2022-06-10 09:36:26 - [MESSAGE][WARNING] - Web element with id: 'Object Repository/2-OBJECTS TAREAS SECUNDARIAS/Pruebas Seguridad/6.1.7-Seleccionar Empresa/span_Usuario' located by '(.//*[normalize-space(text()) and normalize-space(.)='Usuario'])[4]/following::span[1]' not found

2022-06-10 09:36:26 - [TEST_STEP][PASSED] - click(findTestObject("2-OBJECTS TAREAS SECUNDARIAS/Pruebas Seguridad/6.1.7-Seleccionar Empresa/a_Nuevo"), STOP_ON_FAILURE): Object: 'Object Repository/2-OBJECTS TAREAS SECUNDARIAS/Pruebas Seguridad/6.1.7-Seleccionar Empresa/a_Nuevo' is clicked on

2022-06-10 09:36:26 - [MESSAGE][PASSED] - Object: 'Object Repository/2-OBJECTS TAREAS SECUNDARIAS/Pruebas Seguridad/6.1.7-Seleccionar Empresa/a_Nuevo' is clicked on

2022-06-10 09:36:26 - [TEST_STEP][PASSED] - setText(findTestObject("2-OBJECTS TAREAS SECUNDARIAS/Pruebas Seguridad/6.1.7-Seleccionar Empresa/input_Sesin_usuarioformatablogin"), "Usuario"): Text 'Usuario' is set on object 'Object Repository/2-OBJECTS TAREAS SECUNDARIAS/Pruebas Seguridad/6.1.7-Seleccionar Empresa/input_Sesin_usuarioformatablogin'

2022-06-10 09:36:27 - [MESSAGE][PASSED] - Text 'Usuario' is set on object 'Object Repository/2-OBJECTS TAREAS SECUNDARIAS/Pruebas Seguridad/6.1.7-Seleccionar Empresa/input_Sesin_usuarioformatablogin'

2022-06-10 09:36:27 - [TEST_STEP][PASSED] - setText(findTestObject("2-OBJECTS TAREAS SECUNDARIAS/Pruebas Seguridad/6.1.7-Seleccionar Empresa/input_Documento_usuarioformatabdocumento"), identificacion()): null

2022-06-10 09:36:27 - [TEST_STEP][PASSED] - random_double = Math.random() * 9999 + 999: null

2022-06-10 09:36:27 - [TEST_STEP][PASSED] - random_double = Math.round(random_double * 1000): null

2022-06-10 09:36:27 - [TEST_STEP][PASSED] - id = toString().replace(".0", ""): Text '5850965' is set on object 'Object Repository/2-OBJECTS TAREAS SECUNDARIAS/Pruebas Seguridad/6.1.7-Seleccionar Empresa/input_Documento_usuarioformatabdocumento'

2022-06-10 09:36:28 - [MESSAGE][PASSED] - Text '5850965' is set on object 'Object Repository/2-OBJECTS TAREAS SECUNDARIAS/Pruebas Seguridad/6.1.7-Seleccionar Empresa/input_Documento_usuarioformatabdocumento'

2022-06-10 09:36:28 - [TEST_STEP][PASSED] - setText(findTestObject("2-OBJECTS TAREAS SECUNDARIAS/Pruebas Seguridad/6.1.7-Seleccionar Empresa/input_Nombre_usuarioformatabnombre"), "Usuario"): Text 'Usuario' is set on object 'Object Repository/2-OBJECTS TAREAS SECUNDARIAS/Pruebas Seguridad/6.1.7-Seleccionar Empresa/input_Nombre_usuarioformatabnombre'

2022-06-10 09:36:28 - [MESSAGE][PASSED] - Text 'Usuario' is set on object 'Object Repository/2-OBJECTS TAREAS SECUNDARIAS/Pruebas Seguridad/6.1.7-Seleccionar Empresa/input_Nombre_usuarioformatabnombre'

2022-06-10 09:36:28 - [TEST_STEP][PASSED] - setText(findTestObject("2-OBJECTS TAREAS SECUNDARIAS/Pruebas Seguridad/6.1.7-Seleccionar Empresa/input_Correo_usuarioformatabemail"), identificacion() + "noodle@gmail.com"): null

2022-06-10 09:36:28 - [TEST_STEP][PASSED] - random_double = Math.random() * 9999 + 999: null

2022-06-10 09:36:28 - [TEST_STEP][PASSED] - random_double = Math.round(random_double * 1000): null

2022-06-10 09:36:28 - [TEST_STEP][PASSED] - id = toString().replace(".0", ""): Text '8233063noodle@gmail.com' is set on object 'Object Repository/2-OBJECTS TAREAS SECUNDARIAS/Pruebas Seguridad/6.1.7-Seleccionar Empresa/input_Correo_usuarioformatabemail'

2022-06-10 09:36:29 - [MESSAGE][PASSED] - Text '8233063noodle@gmail.com' is set on object 'Object Repository/2-OBJECTS TAREAS SECUNDARIAS/Pruebas Seguridad/6.1.7-Seleccionar Empresa/input_Correo_usuarioformatabemail'

2022-06-10 09:36:29 - [TEST_STEP][PASSED] - click(findTestObject("2-OBJECTS TAREAS SECUNDARIAS/Pruebas Seguridad/6.1.7-Seleccionar Empresa/label_Activo"), STOP_ON_FAILURE): Object: 'Object Repository/2-OBJECTS TAREAS SECUNDARIAS/Pruebas Seguridad/6.1.7-Seleccionar Empresa/label_Activo' is clicked on

2022-06-10 09:36:29 - [MESSAGE][PASSED] - Object: 'Object Repository/2-OBJECTS TAREAS SECUNDARIAS/Pruebas Seguridad/6.1.7-Seleccionar Empresa/label_Activo' is clicked on

2022-06-10 09:36:29 - [TEST_STEP][PASSED] - selectOptionByIndex(findTestObject("2-OBJECTS TAREAS SECUNDARIAS/Pruebas Seguridad/6.1.7-Seleccionar Empresa/select_-- Seleccione --acceso empresa calidad2Grupo a"), 2): All options with index in [2] are selected on object 'Object Repository/2-OBJECTS TAREAS SECUNDARIAS/Pruebas Seguridad/6.1.7-Seleccionar Empresa/select_-- Seleccione --acceso empresa calidad2Grupo a'

2022-06-10 09:36:31 - [MESSAGE][PASSED] - All options with index in [2] are selected on object 'Object Repository/2-OBJECTS TAREAS SECUNDARIAS/Pruebas Seguridad/6.1.7-Seleccionar Empresa/select_-- Seleccione --acceso empresa calidad2Grupo a'

2022-06-10 09:36:31 - [TEST_STEP][PASSED] - click(findTestObject("2-OBJECTS TAREAS SECUNDARIAS/Pruebas Seguridad/6.1.7-Seleccionar Empresa/a_Guardar")): Object: 'Object Repository/2-OBJECTS TAREAS SECUNDARIAS/Pruebas Seguridad/6.1.7-Seleccionar Empresa/a_Guardar' is clicked on

2022-06-10 09:36:31 - [MESSAGE][PASSED] - Object: 'Object Repository/2-OBJECTS TAREAS SECUNDARIAS/Pruebas Seguridad/6.1.7-Seleccionar Empresa/a_Guardar' is clicked on

2022-06-10 09:36:31 - [TEST_STEP][PASSED] - click(findTestObject("2-OBJECTS TAREAS SECUNDARIAS/Pruebas Seguridad/6.1.7-Seleccionar Empresa/a_Contrasea")): Object: 'Object Repository/2-OBJECTS TAREAS SECUNDARIAS/Pruebas Seguridad/6.1.7-Seleccionar Empresa/a_Contrasea' is clicked on

2022-06-10 09:36:32 - [MESSAGE][PASSED] - Object: 'Object Repository/2-OBJECTS TAREAS SECUNDARIAS/Pruebas Seguridad/6.1.7-Seleccionar Empresa/a_Contrasea' is clicked on

2022-06-10 09:36:32 - [TEST_STEP][PASSED] - setEncryptedText(findTestObject("2-OBJECTS TAREAS SECUNDARIAS/Pruebas Seguridad/6.1.7-Seleccionar Empresa/input_Contrasea_usuarioformatabpasswordNuevo"), "MkG4/TYiCFC3cb2driP7+Q=="): Text ****** has been set on object 'Object Repository/2-OBJECTS TAREAS SECUNDARIAS/Pruebas Seguridad/6.1.7-Seleccionar Empresa/input_Contrasea_usuarioformatabpasswordNuevo'

2022-06-10 09:36:32 - [MESSAGE][PASSED] - Text ****** has been set on object 'Object Repository/2-OBJECTS TAREAS SECUNDARIAS/Pruebas Seguridad/6.1.7-Seleccionar Empresa/input_Contrasea_usuarioformatabpasswordNuevo'

2022-06-10 09:36:32 - [TEST_STEP][PASSED] - setEncryptedText(findTestObject("2-OBJECTS TAREAS SECUNDARIAS/Pruebas Seguridad/6.1.7-Seleccionar Empresa/input_Confirmar_usuarioformatabpasswordConfirma"), "MkG4/TYiCFC3cb2driP7+Q=="): Text ****** has been set on object 'Object Repository/2-OBJECTS TAREAS SECUNDARIAS/Pruebas Seguridad/6.1.7-Seleccionar Empresa/input_Confirmar_usuarioformatabpasswordConfirma'

2022-06-10 09:36:32 - [MESSAGE][PASSED] - Text ****** has been set on object 'Object Repository/2-OBJECTS TAREAS SECUNDARIAS/Pruebas Seguridad/6.1.7-Seleccionar Empresa/input_Confirmar_usuarioformatabpasswordConfirma'

2022-06-10 09:36:32 - [TEST_STEP][PASSED] - click(findTestObject("2-OBJECTS TAREAS SECUNDARIAS/Pruebas Seguridad/6.1.7-Seleccionar Empresa/a_Actualizar")): Object: 'Object Repository/2-OBJECTS TAREAS SECUNDARIAS/Pruebas Seguridad/6.1.7-Seleccionar Empresa/a_Actualizar' is clicked on

2022-06-10 09:36:33 - [MESSAGE][PASSED] - Object: 'Object Repository/2-OBJECTS TAREAS SECUNDARIAS/Pruebas Seguridad/6.1.7-Seleccionar Empresa/a_Actualizar' is clicked on

2022-06-10 09:36:33 - [TEST_STEP][PASSED] - Empresas(): null

2022-06-10 09:36:33 - [TEST_STEP][PASSED] - click(findTestObject("2-OBJECTS TAREAS SECUNDARIAS/Pruebas Seguridad/6.1.7-Seleccionar Empresa/a_Acceso Particular")): Object: 'Object Repository/2-OBJECTS TAREAS SECUNDARIAS/Pruebas Seguridad/6.1.7-Seleccionar Empresa/a_Acceso Particular' is clicked on

2022-06-10 09:36:34 - [MESSAGE][PASSED] - Object: 'Object Repository/2-OBJECTS TAREAS SECUNDARIAS/Pruebas Seguridad/6.1.7-Seleccionar Empresa/a_Acceso Particular' is clicked on

2022-06-10 09:36:34 - [TEST_STEP][PASSED] - selectOptionByIndex(findTestObject("2-OBJECTS TAREAS SECUNDARIAS/Pruebas Seguridad/6.1.7-Seleccionar Empresa/select_Seleccione1234234administradorAdministrador Calidad 3ADMONAspirantesAspirantesjjAuditoriaCAPACITACIONCOLABORADOR"), 3): All options with index in [3] are selected on object 'Object Repository/2-OBJECTS TAREAS SECUNDARIAS/Pruebas Seguridad/6.1.7-Seleccionar Empresa/select_Seleccione1234234administradorAdministrador Calidad 3ADMONAspirantesAspirantesjjAuditoriaCAPACITACIONCOLABORADOR'

2022-06-10 09:36:35 - [MESSAGE][PASSED] - All options with index in [3] are selected on object 'Object Repository/2-OBJECTS TAREAS SECUNDARIAS/Pruebas Seguridad/6.1.7-Seleccionar Empresa/select_Seleccione1234234administradorAdministrador Calidad 3ADMONAspirantesAspirantesjjAuditoriaCAPACITACIONCOLABORADOR'

2022-06-10 09:36:35 - [TEST_STEP][PASSED] - selectOptionByIndex(findTestObject("2-OBJECTS TAREAS SECUNDARIAS/Pruebas Seguridad/6.1.7-Seleccionar Empresa/select_SeleccioneCALIDADEmpresa 1Pruebas katalon"), 1): All options with index in [1] are selected on object 'Object Repository/2-OBJECTS TAREAS SECUNDARIAS/Pruebas Seguridad/6.1.7-Seleccionar Empresa/select_SeleccioneCALIDADEmpresa 1Pruebas katalon'

2022-06-10 09:36:36 - [MESSAGE][PASSED] - All options with index in [1] are selected on object 'Object Repository/2-OBJECTS TAREAS SECUNDARIAS/Pruebas Seguridad/6.1.7-Seleccionar Empresa/select_SeleccioneCALIDADEmpresa 1Pruebas katalon'

2022-06-10 09:36:36 - [TEST_STEP][PASSED] - selectOptionByIndex(findTestObject("2-OBJECTS TAREAS SECUNDARIAS/Pruebas Seguridad/6.1.7-Seleccionar Empresa/select_SeleccioneaspirantesempleadosDSflexoPruebasFlexoPruebasJboosInformixjavaSaraDS"), 1): All options with index in [1] are selected on object 'Object Repository/2-OBJECTS TAREAS SECUNDARIAS/Pruebas Seguridad/6.1.7-Seleccionar Empresa/select_SeleccioneaspirantesempleadosDSflexoPruebasFlexoPruebasJboosInformixjavaSaraDS'

2022-06-10 09:36:37 - [MESSAGE][PASSED] - All options with index in [1] are selected on object 'Object Repository/2-OBJECTS TAREAS SECUNDARIAS/Pruebas Seguridad/6.1.7-Seleccionar Empresa/select_SeleccioneaspirantesempleadosDSflexoPruebasFlexoPruebasJboosInformixjavaSaraDS'

2022-06-10 09:36:37 - [TEST_STEP][PASSED] - selectOptionByIndex(findTestObject("2-OBJECTS TAREAS SECUNDARIAS/Pruebas Seguridad/6.1.7-Seleccionar Empresa/select_--Seleccione--NUCLEO SISTEMASARAPORTAL SARASARA APPSARA APPSOFIASEGURIDADLMSSERVICIOSREGISTRO PERSONA"), 2): All options with index in [2] are selected on object 'Object Repository/2-OBJECTS TAREAS SECUNDARIAS/Pruebas Seguridad/6.1.7-Seleccionar Empresa/select_--Seleccione--NUCLEO SISTEMASARAPORTAL SARASARA APPSARA APPSOFIASEGURIDADLMSSERVICIOSREGISTRO PERSONA'

2022-06-10 09:36:38 - [MESSAGE][PASSED] - All options with index in [2] are selected on object 'Object Repository/2-OBJECTS TAREAS SECUNDARIAS/Pruebas Seguridad/6.1.7-Seleccionar Empresa/select_--Seleccione--NUCLEO SISTEMASARAPORTAL SARASARA APPSARA APPSOFIASEGURIDADLMSSERVICIOSREGISTRO PERSONA'

2022-06-10 09:36:38 - [TEST_STEP][PASSED] - click(findTestObject("2-OBJECTS TAREAS SECUNDARIAS/Pruebas Seguridad/6.1.7-Seleccionar Empresa/a_No se encontr registros_usuarioformatabtabla_rolesj_idt152")): Object: 'Object Repository/2-OBJECTS TAREAS SECUNDARIAS/Pruebas Seguridad/6.1.7-Seleccionar Empresa/a_No se encontr registros_usuarioformatabtabla_rolesj_idt152' is clicked on

2022-06-10 09:36:39 - [MESSAGE][PASSED] - Object: 'Object Repository/2-OBJECTS TAREAS SECUNDARIAS/Pruebas Seguridad/6.1.7-Seleccionar Empresa/a_No se encontr registros_usuarioformatabtabla_rolesj_idt152' is clicked on

2022-06-10 09:36:39 - [TEST_STEP][PASSED] - selectOptionByIndex(findTestObject("2-OBJECTS TAREAS SECUNDARIAS/Pruebas Seguridad/6.1.7-Seleccionar Empresa/select_Seleccione1234234administradorAdministrador Calidad 3ADMONAspirantesAspirantesjjAuditoriaCAPACITACIONCOLABORADOR"), 13): All options with index in [13] are selected on object 'Object Repository/2-OBJECTS TAREAS SECUNDARIAS/Pruebas Seguridad/6.1.7-Seleccionar Empresa/select_Seleccione1234234administradorAdministrador Calidad 3ADMONAspirantesAspirantesjjAuditoriaCAPACITACIONCOLABORADOR'

2022-06-10 09:36:41 - [MESSAGE][PASSED] - All options with index in [13] are selected on object 'Object Repository/2-OBJECTS TAREAS SECUNDARIAS/Pruebas Seguridad/6.1.7-Seleccionar Empresa/select_Seleccione1234234administradorAdministrador Calidad 3ADMONAspirantesAspirantesjjAuditoriaCAPACITACIONCOLABORADOR'

2022-06-10 09:36:41 - [TEST_STEP][PASSED] - selectOptionByIndex(findTestObject("2-OBJECTS TAREAS SECUNDARIAS/Pruebas Seguridad/6.1.7-Seleccionar Empresa/select_SeleccioneCALIDADEmpresa 1Pruebas katalon"), 2): All options with index in [2] are selected on object 'Object Repository/2-OBJECTS TAREAS SECUNDARIAS/Pruebas Seguridad/6.1.7-Seleccionar Empresa/select_SeleccioneCALIDADEmpresa 1Pruebas katalon'

2022-06-10 09:36:42 - [MESSAGE][PASSED] - All options with index in [2] are selected on object 'Object Repository/2-OBJECTS TAREAS SECUNDARIAS/Pruebas Seguridad/6.1.7-Seleccionar Empresa/select_SeleccioneCALIDADEmpresa 1Pruebas katalon'

2022-06-10 09:36:42 - [TEST_STEP][PASSED] - selectOptionByIndex(findTestObject("2-OBJECTS TAREAS SECUNDARIAS/Pruebas Seguridad/6.1.7-Seleccionar Empresa/select_SeleccioneaspirantesempleadosDSflexoPruebasFlexoPruebasJboosInformixjavaSaraDS"), 3): All options with index in [3] are selected on object 'Object Repository/2-OBJECTS TAREAS SECUNDARIAS/Pruebas Seguridad/6.1.7-Seleccionar Empresa/select_SeleccioneaspirantesempleadosDSflexoPruebasFlexoPruebasJboosInformixjavaSaraDS'

2022-06-10 09:36:43 - [MESSAGE][PASSED] - All options with index in [3] are selected on object 'Object Repository/2-OBJECTS TAREAS SECUNDARIAS/Pruebas Seguridad/6.1.7-Seleccionar Empresa/select_SeleccioneaspirantesempleadosDSflexoPruebasFlexoPruebasJboosInformixjavaSaraDS'

2022-06-10 09:36:43 - [TEST_STEP][PASSED] - selectOptionByIndex(findTestObject("2-OBJECTS TAREAS SECUNDARIAS/Pruebas Seguridad/6.1.7-Seleccionar Empresa/select_--Seleccione--NUCLEO SISTEMASARAPORTAL SARASARA APPSARA APPSOFIASEGURIDADLMSSERVICIOSREGISTRO PERSONA"), 2): All options with index in [2] are selected on object 'Object Repository/2-OBJECTS TAREAS SECUNDARIAS/Pruebas Seguridad/6.1.7-Seleccionar Empresa/select_--Seleccione--NUCLEO SISTEMASARAPORTAL SARASARA APPSARA APPSOFIASEGURIDADLMSSERVICIOSREGISTRO PERSONA'

2022-06-10 09:36:44 - [MESSAGE][PASSED] - All options with index in [2] are selected on object 'Object Repository/2-OBJECTS TAREAS SECUNDARIAS/Pruebas Seguridad/6.1.7-Seleccionar Empresa/select_--Seleccione--NUCLEO SISTEMASARAPORTAL SARASARA APPSARA APPSOFIASEGURIDADLMSSERVICIOSREGISTRO PERSONA'

2022-06-10 09:36:44 - [TEST_STEP][PASSED] - click(findTestObject("2-OBJECTS TAREAS SECUNDARIAS/Pruebas Seguridad/6.1.7-Seleccionar Empresa/a_No se encontr registros_usuarioformatabtabla_rolesj_idt152 - Copy")): Object: 'Object Repository/2-OBJECTS TAREAS SECUNDARIAS/Pruebas Seguridad/6.1.7-Seleccionar Empresa/a_No se encontr registros_usuarioformatabtabla_rolesj_idt152 - Copy' is clicked on

2022-06-10 09:36:44 - [MESSAGE][PASSED] - Object: 'Object Repository/2-OBJECTS TAREAS SECUNDARIAS/Pruebas Seguridad/6.1.7-Seleccionar Empresa/a_No se encontr registros_usuarioformatabtabla_rolesj_idt152 - Copy' is clicked on

2022-06-10 09:36:44 - [TEST_STEP][PASSED] - selectOptionByIndex(findTestObject("2-OBJECTS TAREAS SECUNDARIAS/Pruebas Seguridad/6.1.7-Seleccionar Empresa/select_Seleccione1234234administradorAdministrador Calidad 3ADMONAspirantesAspirantesjjAuditoriaCAPACITACIONCOLABORADOR"), 14): All options with index in [14] are selected on object 'Object Repository/2-OBJECTS TAREAS SECUNDARIAS/Pruebas Seguridad/6.1.7-Seleccionar Empresa/select_Seleccione1234234administradorAdministrador Calidad 3ADMONAspirantesAspirantesjjAuditoriaCAPACITACIONCOLABORADOR'

2022-06-10 09:36:46 - [MESSAGE][PASSED] - All options with index in [14] are selected on object 'Object Repository/2-OBJECTS TAREAS SECUNDARIAS/Pruebas Seguridad/6.1.7-Seleccionar Empresa/select_Seleccione1234234administradorAdministrador Calidad 3ADMONAspirantesAspirantesjjAuditoriaCAPACITACIONCOLABORADOR'

2022-06-10 09:36:46 - [TEST_STEP][PASSED] - selectOptionByIndex(findTestObject("2-OBJECTS TAREAS SECUNDARIAS/Pruebas Seguridad/6.1.7-Seleccionar Empresa/select_SeleccioneCALIDADEmpresa 1Pruebas katalon"), 3): All options with index in [3] are selected on object 'Object Repository/2-OBJECTS TAREAS SECUNDARIAS/Pruebas Seguridad/6.1.7-Seleccionar Empresa/select_SeleccioneCALIDADEmpresa 1Pruebas katalon'

2022-06-10 09:36:47 - [MESSAGE][PASSED] - All options with index in [3] are selected on object 'Object Repository/2-OBJECTS TAREAS SECUNDARIAS/Pruebas Seguridad/6.1.7-Seleccionar Empresa/select_SeleccioneCALIDADEmpresa 1Pruebas katalon'

2022-06-10 09:36:47 - [TEST_STEP][PASSED] - selectOptionByIndex(findTestObject("2-OBJECTS TAREAS SECUNDARIAS/Pruebas Seguridad/6.1.7-Seleccionar Empresa/select_SeleccioneaspirantesempleadosDSflexoPruebasFlexoPruebasJboosInformixjavaSaraDS"), 5): All options with index in [5] are selected on object 'Object Repository/2-OBJECTS TAREAS SECUNDARIAS/Pruebas Seguridad/6.1.7-Seleccionar Empresa/select_SeleccioneaspirantesempleadosDSflexoPruebasFlexoPruebasJboosInformixjavaSaraDS'

2022-06-10 09:36:48 - [MESSAGE][PASSED] - All options with index in [5] are selected on object 'Object Repository/2-OBJECTS TAREAS SECUNDARIAS/Pruebas Seguridad/6.1.7-Seleccionar Empresa/select_SeleccioneaspirantesempleadosDSflexoPruebasFlexoPruebasJboosInformixjavaSaraDS'

2022-06-10 09:36:48 - [TEST_STEP][PASSED] - selectOptionByIndex(findTestObject("2-OBJECTS TAREAS SECUNDARIAS/Pruebas Seguridad/6.1.7-Seleccionar Empresa/select_--Seleccione--NUCLEO SISTEMASARAPORTAL SARASARA APPSARA APPSOFIASEGURIDADLMSSERVICIOSREGISTRO PERSONA"), 2): All options with index in [2] are selected on object 'Object Repository/2-OBJECTS TAREAS SECUNDARIAS/Pruebas Seguridad/6.1.7-Seleccionar Empresa/select_--Seleccione--NUCLEO SISTEMASARAPORTAL SARASARA APPSARA APPSOFIASEGURIDADLMSSERVICIOSREGISTRO PERSONA'

2022-06-10 09:36:49 - [MESSAGE][PASSED] - All options with index in [2] are selected on object 'Object Repository/2-OBJECTS TAREAS SECUNDARIAS/Pruebas Seguridad/6.1.7-Seleccionar Empresa/select_--Seleccione--NUCLEO SISTEMASARAPORTAL SARASARA APPSARA APPSOFIASEGURIDADLMSSERVICIOSREGISTRO PERSONA'

2022-06-10 09:36:49 - [TEST_STEP][PASSED] - click(findTestObject("2-OBJECTS TAREAS SECUNDARIAS/Pruebas Seguridad/6.1.7-Seleccionar Empresa/a_No se encontr registros_usuarioformatabtabla_rolesj_idt152 - Copy (1)")): Object: 'Object Repository/2-OBJECTS TAREAS SECUNDARIAS/Pruebas Seguridad/6.1.7-Seleccionar Empresa/a_No se encontr registros_usuarioformatabtabla_rolesj_idt152 - Copy (1)' is clicked on

2022-06-10 09:36:50 - [MESSAGE][PASSED] - Object: 'Object Repository/2-OBJECTS TAREAS SECUNDARIAS/Pruebas Seguridad/6.1.7-Seleccionar Empresa/a_No se encontr registros_usuarioformatabtabla_rolesj_idt152 - Copy (1)' is clicked on

2022-06-10 09:36:50 - [TEST_STEP][PASSED] - selectOptionByIndex(findTestObject("2-OBJECTS TAREAS SECUNDARIAS/Pruebas Seguridad/6.1.7-Seleccionar Empresa/select_Seleccione1234234administradorAdministrador Calidad 3ADMONAspirantesAspirantesjjAuditoriaCAPACITACIONCOLABORADOR"), 9): All options with index in [9] are selected on object 'Object Repository/2-OBJECTS TAREAS SECUNDARIAS/Pruebas Seguridad/6.1.7-Seleccionar Empresa/select_Seleccione1234234administradorAdministrador Calidad 3ADMONAspirantesAspirantesjjAuditoriaCAPACITACIONCOLABORADOR'

2022-06-10 09:36:51 - [MESSAGE][PASSED] - All options with index in [9] are selected on object 'Object Repository/2-OBJECTS TAREAS SECUNDARIAS/Pruebas Seguridad/6.1.7-Seleccionar Empresa/select_Seleccione1234234administradorAdministrador Calidad 3ADMONAspirantesAspirantesjjAuditoriaCAPACITACIONCOLABORADOR'

2022-06-10 09:36:51 - [TEST_STEP][PASSED] - selectOptionByIndex(findTestObject("2-OBJECTS TAREAS SECUNDARIAS/Pruebas Seguridad/6.1.7-Seleccionar Empresa/select_SeleccioneCALIDADEmpresa 1Pruebas katalon"), 1): All options with index in [1] are selected on object 'Object Repository/2-OBJECTS TAREAS SECUNDARIAS/Pruebas Seguridad/6.1.7-Seleccionar Empresa/select_SeleccioneCALIDADEmpresa 1Pruebas katalon'

2022-06-10 09:36:53 - [MESSAGE][PASSED] - All options with index in [1] are selected on object 'Object Repository/2-OBJECTS TAREAS SECUNDARIAS/Pruebas Seguridad/6.1.7-Seleccionar Empresa/select_SeleccioneCALIDADEmpresa 1Pruebas katalon'

2022-06-10 09:36:53 - [TEST_STEP][PASSED] - selectOptionByIndex(findTestObject("2-OBJECTS TAREAS SECUNDARIAS/Pruebas Seguridad/6.1.7-Seleccionar Empresa/select_SeleccioneaspirantesempleadosDSflexoPruebasFlexoPruebasJboosInformixjavaSaraDS"), 4): All options with index in [4] are selected on object 'Object Repository/2-OBJECTS TAREAS SECUNDARIAS/Pruebas Seguridad/6.1.7-Seleccionar Empresa/select_SeleccioneaspirantesempleadosDSflexoPruebasFlexoPruebasJboosInformixjavaSaraDS'

2022-06-10 09:36:54 - [MESSAGE][PASSED] - All options with index in [4] are selected on object 'Object Repository/2-OBJECTS TAREAS SECUNDARIAS/Pruebas Seguridad/6.1.7-Seleccionar Empresa/select_SeleccioneaspirantesempleadosDSflexoPruebasFlexoPruebasJboosInformixjavaSaraDS'

2022-06-10 09:36:54 - [TEST_STEP][PASSED] - selectOptionByIndex(findTestObject("2-OBJECTS TAREAS SECUNDARIAS/Pruebas Seguridad/6.1.7-Seleccionar Empresa/select_--Seleccione--NUCLEO SISTEMASARAPORTAL SARASARA APPSARA APPSOFIASEGURIDADLMSSERVICIOSREGISTRO PERSONA"), 2): All options with index in [2] are selected on object 'Object Repository/2-OBJECTS TAREAS SECUNDARIAS/Pruebas Seguridad/6.1.7-Seleccionar Empresa/select_--Seleccione--NUCLEO SISTEMASARAPORTAL SARASARA APPSARA APPSOFIASEGURIDADLMSSERVICIOSREGISTRO PERSONA'

2022-06-10 09:36:55 - [MESSAGE][PASSED] - All options with index in [2] are selected on object 'Object Repository/2-OBJECTS TAREAS SECUNDARIAS/Pruebas Seguridad/6.1.7-Seleccionar Empresa/select_--Seleccione--NUCLEO SISTEMASARAPORTAL SARASARA APPSARA APPSOFIASEGURIDADLMSSERVICIOSREGISTRO PERSONA'

2022-06-10 09:36:55 - [TEST_STEP][PASSED] - click(findTestObject("2-OBJECTS TAREAS SECUNDARIAS/Pruebas Seguridad/6.1.7-Seleccionar Empresa/a_SARA_usuarioformatabtabla_rolesj_idt1523")): Object: 'Object Repository/2-OBJECTS TAREAS SECUNDARIAS/Pruebas Seguridad/6.1.7-Seleccionar Empresa/a_SARA_usuarioformatabtabla_rolesj_idt1523' is clicked on

2022-06-10 09:36:56 - [MESSAGE][PASSED] - Object: 'Object Repository/2-OBJECTS TAREAS SECUNDARIAS/Pruebas Seguridad/6.1.7-Seleccionar Empresa/a_SARA_usuarioformatabtabla_rolesj_idt1523' is clicked on

2022-06-10 09:36:56 - [TEST_STEP][PASSED] - selectOptionByIndex(findTestObject("2-OBJECTS TAREAS SECUNDARIAS/Pruebas Seguridad/6.1.7-Seleccionar Empresa/select_Seleccione1234234administradorAdministrador Calidad 3ADMONAspirantesAspirantesjjAuditoriaCAPACITACIONCOLABORADOR"), 8): All options with index in [8] are selected on object 'Object Repository/2-OBJECTS TAREAS SECUNDARIAS/Pruebas Seguridad/6.1.7-Seleccionar Empresa/select_Seleccione1234234administradorAdministrador Calidad 3ADMONAspirantesAspirantesjjAuditoriaCAPACITACIONCOLABORADOR'

2022-06-10 09:36:57 - [MESSAGE][PASSED] - All options with index in [8] are selected on object 'Object Repository/2-OBJECTS TAREAS SECUNDARIAS/Pruebas Seguridad/6.1.7-Seleccionar Empresa/select_Seleccione1234234administradorAdministrador Calidad 3ADMONAspirantesAspirantesjjAuditoriaCAPACITACIONCOLABORADOR'

2022-06-10 09:36:57 - [TEST_STEP][PASSED] - selectOptionByIndex(findTestObject("2-OBJECTS TAREAS SECUNDARIAS/Pruebas Seguridad/6.1.7-Seleccionar Empresa/select_SeleccioneCALIDADEmpresa 1Pruebas katalon"), 2): All options with index in [2] are selected on object 'Object Repository/2-OBJECTS TAREAS SECUNDARIAS/Pruebas Seguridad/6.1.7-Seleccionar Empresa/select_SeleccioneCALIDADEmpresa 1Pruebas katalon'

2022-06-10 09:36:58 - [MESSAGE][PASSED] - All options with index in [2] are selected on object 'Object Repository/2-OBJECTS TAREAS SECUNDARIAS/Pruebas Seguridad/6.1.7-Seleccionar Empresa/select_SeleccioneCALIDADEmpresa 1Pruebas katalon'

2022-06-10 09:36:58 - [TEST_STEP][PASSED] - selectOptionByIndex(findTestObject("2-OBJECTS TAREAS SECUNDARIAS/Pruebas Seguridad/6.1.7-Seleccionar Empresa/select_SeleccioneaspirantesempleadosDSflexoPruebasFlexoPruebasJboosInformixjavaSaraDS"), 3): All options with index in [3] are selected on object 'Object Repository/2-OBJECTS TAREAS SECUNDARIAS/Pruebas Seguridad/6.1.7-Seleccionar Empresa/select_SeleccioneaspirantesempleadosDSflexoPruebasFlexoPruebasJboosInformixjavaSaraDS'

2022-06-10 09:36:59 - [MESSAGE][PASSED] - All options with index in [3] are selected on object 'Object Repository/2-OBJECTS TAREAS SECUNDARIAS/Pruebas Seguridad/6.1.7-Seleccionar Empresa/select_SeleccioneaspirantesempleadosDSflexoPruebasFlexoPruebasJboosInformixjavaSaraDS'

2022-06-10 09:36:59 - [TEST_STEP][PASSED] - selectOptionByIndex(findTestObject("2-OBJECTS TAREAS SECUNDARIAS/Pruebas Seguridad/6.1.7-Seleccionar Empresa/select_--Seleccione--NUCLEO SISTEMASARAPORTAL SARASARA APPSARA APPSOFIASEGURIDADLMSSERVICIOSREGISTRO PERSONA"), 2): All options with index in [2] are selected on object 'Object Repository/2-OBJECTS TAREAS SECUNDARIAS/Pruebas Seguridad/6.1.7-Seleccionar Empresa/select_--Seleccione--NUCLEO SISTEMASARAPORTAL SARASARA APPSARA APPSOFIASEGURIDADLMSSERVICIOSREGISTRO PERSONA'

2022-06-10 09:37:00 - [MESSAGE][PASSED] - All options with index in [2] are selected on object 'Object Repository/2-OBJECTS TAREAS SECUNDARIAS/Pruebas Seguridad/6.1.7-Seleccionar Empresa/select_--Seleccione--NUCLEO SISTEMASARAPORTAL SARASARA APPSARA APPSOFIASEGURIDADLMSSERVICIOSREGISTRO PERSONA'

2022-06-10 09:37:00 - [TEST_STEP][PASSED] - click(findTestObject("2-OBJECTS TAREAS SECUNDARIAS/Pruebas Seguridad/6.1.7-Seleccionar Empresa/a_SARA_usuarioformatabtabla_rolesj_idt1524")): Object: 'Object Repository/2-OBJECTS TAREAS SECUNDARIAS/Pruebas Seguridad/6.1.7-Seleccionar Empresa/a_SARA_usuarioformatabtabla_rolesj_idt1524' is clicked on

2022-06-10 09:37:01 - [MESSAGE][PASSED] - Object: 'Object Repository/2-OBJECTS TAREAS SECUNDARIAS/Pruebas Seguridad/6.1.7-Seleccionar Empresa/a_SARA_usuarioformatabtabla_rolesj_idt1524' is clicked on

2022-06-10 09:37:01 - [TEST_STEP][PASSED] - selectOptionByIndex(findTestObject("2-OBJECTS TAREAS SECUNDARIAS/Pruebas Seguridad/6.1.7-Seleccionar Empresa/select_Seleccione1234234administradorAdministrador Calidad 3ADMONAspirantesAspirantesjjAuditoriaCAPACITACIONCOLABORADOR"), 7): All options with index in [7] are selected on object 'Object Repository/2-OBJECTS TAREAS SECUNDARIAS/Pruebas Seguridad/6.1.7-Seleccionar Empresa/select_Seleccione1234234administradorAdministrador Calidad 3ADMONAspirantesAspirantesjjAuditoriaCAPACITACIONCOLABORADOR'

2022-06-10 09:37:02 - [MESSAGE][PASSED] - All options with index in [7] are selected on object 'Object Repository/2-OBJECTS TAREAS SECUNDARIAS/Pruebas Seguridad/6.1.7-Seleccionar Empresa/select_Seleccione1234234administradorAdministrador Calidad 3ADMONAspirantesAspirantesjjAuditoriaCAPACITACIONCOLABORADOR'

2022-06-10 09:37:02 - [TEST_STEP][PASSED] - selectOptionByIndex(findTestObject("2-OBJECTS TAREAS SECUNDARIAS/Pruebas Seguridad/6.1.7-Seleccionar Empresa/select_SeleccioneCALIDADEmpresa 1Pruebas katalon"), 3): All options with index in [3] are selected on object 'Object Repository/2-OBJECTS TAREAS SECUNDARIAS/Pruebas Seguridad/6.1.7-Seleccionar Empresa/select_SeleccioneCALIDADEmpresa 1Pruebas katalon'

2022-06-10 09:37:03 - [MESSAGE][PASSED] - All options with index in [3] are selected on object 'Object Repository/2-OBJECTS TAREAS SECUNDARIAS/Pruebas Seguridad/6.1.7-Seleccionar Empresa/select_SeleccioneCALIDADEmpresa 1Pruebas katalon'

2022-06-10 09:37:03 - [TEST_STEP][PASSED] - selectOptionByIndex(findTestObject("2-OBJECTS TAREAS SECUNDARIAS/Pruebas Seguridad/6.1.7-Seleccionar Empresa/select_SeleccioneaspirantesempleadosDSflexoPruebasFlexoPruebasJboosInformixjavaSaraDS"), 2): All options with index in [2] are selected on object 'Object Repository/2-OBJECTS TAREAS SECUNDARIAS/Pruebas Seguridad/6.1.7-Seleccionar Empresa/select_SeleccioneaspirantesempleadosDSflexoPruebasFlexoPruebasJboosInformixjavaSaraDS'

2022-06-10 09:37:04 - [MESSAGE][PASSED] - All options with index in [2] are selected on object 'Object Repository/2-OBJECTS TAREAS SECUNDARIAS/Pruebas Seguridad/6.1.7-Seleccionar Empresa/select_SeleccioneaspirantesempleadosDSflexoPruebasFlexoPruebasJboosInformixjavaSaraDS'

2022-06-10 09:37:04 - [TEST_STEP][PASSED] - selectOptionByIndex(findTestObject("2-OBJECTS TAREAS SECUNDARIAS/Pruebas Seguridad/6.1.7-Seleccionar Empresa/select_--Seleccione--NUCLEO SISTEMASARAPORTAL SARASARA APPSARA APPSOFIASEGURIDADLMSSERVICIOSREGISTRO PERSONA"), 2): All options with index in [2] are selected on object 'Object Repository/2-OBJECTS TAREAS SECUNDARIAS/Pruebas Seguridad/6.1.7-Seleccionar Empresa/select_--Seleccione--NUCLEO SISTEMASARAPORTAL SARASARA APPSARA APPSOFIASEGURIDADLMSSERVICIOSREGISTRO PERSONA'

2022-06-10 09:37:06 - [MESSAGE][PASSED] - All options with index in [2] are selected on object 'Object Repository/2-OBJECTS TAREAS SECUNDARIAS/Pruebas Seguridad/6.1.7-Seleccionar Empresa/select_--Seleccione--NUCLEO SISTEMASARAPORTAL SARASARA APPSARA APPSOFIASEGURIDADLMSSERVICIOSREGISTRO PERSONA'

2022-06-10 09:37:06 - [TEST_STEP][PASSED] - click(findTestObject("2-OBJECTS TAREAS SECUNDARIAS/Pruebas Seguridad/6.1.7-Seleccionar Empresa/a_SARA_usuarioformatabtabla_rolesj_idt1525")): Object: 'Object Repository/2-OBJECTS TAREAS SECUNDARIAS/Pruebas Seguridad/6.1.7-Seleccionar Empresa/a_SARA_usuarioformatabtabla_rolesj_idt1525' is clicked on

2022-06-10 09:37:06 - [MESSAGE][PASSED] - Object: 'Object Repository/2-OBJECTS TAREAS SECUNDARIAS/Pruebas Seguridad/6.1.7-Seleccionar Empresa/a_SARA_usuarioformatabtabla_rolesj_idt1525' is clicked on

2022-06-10 09:37:06 - [TEST_STEP][PASSED] - selectOptionByIndex(findTestObject("2-OBJECTS TAREAS SECUNDARIAS/Pruebas Seguridad/6.1.7-Seleccionar Empresa/select_Seleccione1234234administradorAdministrador Calidad 3ADMONAspirantesAspirantesjjAuditoriaCAPACITACIONCOLABORADOR"), 6): All options with index in [6] are selected on object 'Object Repository/2-OBJECTS TAREAS SECUNDARIAS/Pruebas Seguridad/6.1.7-Seleccionar Empresa/select_Seleccione1234234administradorAdministrador Calidad 3ADMONAspirantesAspirantesjjAuditoriaCAPACITACIONCOLABORADOR'

2022-06-10 09:37:07 - [MESSAGE][PASSED] - All options with index in [6] are selected on object 'Object Repository/2-OBJECTS TAREAS SECUNDARIAS/Pruebas Seguridad/6.1.7-Seleccionar Empresa/select_Seleccione1234234administradorAdministrador Calidad 3ADMONAspirantesAspirantesjjAuditoriaCAPACITACIONCOLABORADOR'

2022-06-10 09:37:07 - [TEST_STEP][PASSED] - selectOptionByIndex(findTestObject("2-OBJECTS TAREAS SECUNDARIAS/Pruebas Seguridad/6.1.7-Seleccionar Empresa/select_SeleccioneCALIDADEmpresa 1Pruebas katalon"), 1): All options with index in [1] are selected on object 'Object Repository/2-OBJECTS TAREAS SECUNDARIAS/Pruebas Seguridad/6.1.7-Seleccionar Empresa/select_SeleccioneCALIDADEmpresa 1Pruebas katalon'

2022-06-10 09:37:08 - [MESSAGE][PASSED] - All options with index in [1] are selected on object 'Object Repository/2-OBJECTS TAREAS SECUNDARIAS/Pruebas Seguridad/6.1.7-Seleccionar Empresa/select_SeleccioneCALIDADEmpresa 1Pruebas katalon'

2022-06-10 09:37:08 - [TEST_STEP][PASSED] - selectOptionByIndex(findTestObject("2-OBJECTS TAREAS SECUNDARIAS/Pruebas Seguridad/6.1.7-Seleccionar Empresa/select_SeleccioneaspirantesempleadosDSflexoPruebasFlexoPruebasJboosInformixjavaSaraDS"), 1): All options with index in [1] are selected on object 'Object Repository/2-OBJECTS TAREAS SECUNDARIAS/Pruebas Seguridad/6.1.7-Seleccionar Empresa/select_SeleccioneaspirantesempleadosDSflexoPruebasFlexoPruebasJboosInformixjavaSaraDS'

2022-06-10 09:37:09 - [MESSAGE][PASSED] - All options with index in [1] are selected on object 'Object Repository/2-OBJECTS TAREAS SECUNDARIAS/Pruebas Seguridad/6.1.7-Seleccionar Empresa/select_SeleccioneaspirantesempleadosDSflexoPruebasFlexoPruebasJboosInformixjavaSaraDS'

2022-06-10 09:37:09 - [TEST_STEP][PASSED] - selectOptionByIndex(findTestObject("2-OBJECTS TAREAS SECUNDARIAS/Pruebas Seguridad/6.1.7-Seleccionar Empresa/select_--Seleccione--NUCLEO SISTEMASARAPORTAL SARASARA APPSARA APPSOFIASEGURIDADLMSSERVICIOSREGISTRO PERSONA"), 2): All options with index in [2] are selected on object 'Object Repository/2-OBJECTS TAREAS SECUNDARIAS/Pruebas Seguridad/6.1.7-Seleccionar Empresa/select_--Seleccione--NUCLEO SISTEMASARAPORTAL SARASARA APPSARA APPSOFIASEGURIDADLMSSERVICIOSREGISTRO PERSONA'

2022-06-10 09:37:11 - [MESSAGE][PASSED] - All options with index in [2] are selected on object 'Object Repository/2-OBJECTS TAREAS SECUNDARIAS/Pruebas Seguridad/6.1.7-Seleccionar Empresa/select_--Seleccione--NUCLEO SISTEMASARAPORTAL SARASARA APPSARA APPSOFIASEGURIDADLMSSERVICIOSREGISTRO PERSONA'

2022-06-10 09:37:11 - [TEST_STEP][PASSED] - click(findTestObject("2-OBJECTS TAREAS SECUNDARIAS/Pruebas Seguridad/6.1.7-Seleccionar Empresa/a_SARA_usuarioformatabtabla_rolesj_idt1526")): Object: 'Object Repository/2-OBJECTS TAREAS SECUNDARIAS/Pruebas Seguridad/6.1.7-Seleccionar Empresa/a_SARA_usuarioformatabtabla_rolesj_idt1526' is clicked on

2022-06-10 09:37:11 - [MESSAGE][PASSED] - Object: 'Object Repository/2-OBJECTS TAREAS SECUNDARIAS/Pruebas Seguridad/6.1.7-Seleccionar Empresa/a_SARA_usuarioformatabtabla_rolesj_idt1526' is clicked on

2022-06-10 09:37:11 - [TEST_STEP][PASSED] - selectOptionByIndex(findTestObject("2-OBJECTS TAREAS SECUNDARIAS/Pruebas Seguridad/6.1.7-Seleccionar Empresa/select_Seleccione1234234administradorAdministrador Calidad 3ADMONAspirantesAspirantesjjAuditoriaCAPACITACIONCOLABORADOR"), 5): All options with index in [5] are selected on object 'Object Repository/2-OBJECTS TAREAS SECUNDARIAS/Pruebas Seguridad/6.1.7-Seleccionar Empresa/select_Seleccione1234234administradorAdministrador Calidad 3ADMONAspirantesAspirantesjjAuditoriaCAPACITACIONCOLABORADOR'

2022-06-10 09:37:13 - [MESSAGE][PASSED] - All options with index in [5] are selected on object 'Object Repository/2-OBJECTS TAREAS SECUNDARIAS/Pruebas Seguridad/6.1.7-Seleccionar Empresa/select_Seleccione1234234administradorAdministrador Calidad 3ADMONAspirantesAspirantesjjAuditoriaCAPACITACIONCOLABORADOR'

2022-06-10 09:37:13 - [TEST_STEP][PASSED] - selectOptionByIndex(findTestObject("2-OBJECTS TAREAS SECUNDARIAS/Pruebas Seguridad/6.1.7-Seleccionar Empresa/select_SeleccioneCALIDADEmpresa 1Pruebas katalon"), 2): All options with index in [2] are selected on object 'Object Repository/2-OBJECTS TAREAS SECUNDARIAS/Pruebas Seguridad/6.1.7-Seleccionar Empresa/select_SeleccioneCALIDADEmpresa 1Pruebas katalon'

2022-06-10 09:37:14 - [MESSAGE][PASSED] - All options with index in [2] are selected on object 'Object Repository/2-OBJECTS TAREAS SECUNDARIAS/Pruebas Seguridad/6.1.7-Seleccionar Empresa/select_SeleccioneCALIDADEmpresa 1Pruebas katalon'

2022-06-10 09:37:14 - [TEST_STEP][PASSED] - selectOptionByIndex(findTestObject("2-OBJECTS TAREAS SECUNDARIAS/Pruebas Seguridad/6.1.7-Seleccionar Empresa/select_SeleccioneaspirantesempleadosDSflexoPruebasFlexoPruebasJboosInformixjavaSaraDS"), 5): All options with index in [5] are selected on object 'Object Repository/2-OBJECTS TAREAS SECUNDARIAS/Pruebas Seguridad/6.1.7-Seleccionar Empresa/select_SeleccioneaspirantesempleadosDSflexoPruebasFlexoPruebasJboosInformixjavaSaraDS'

2022-06-10 09:37:15 - [MESSAGE][PASSED] - All options with index in [5] are selected on object 'Object Repository/2-OBJECTS TAREAS SECUNDARIAS/Pruebas Seguridad/6.1.7-Seleccionar Empresa/select_SeleccioneaspirantesempleadosDSflexoPruebasFlexoPruebasJboosInformixjavaSaraDS'

2022-06-10 09:37:15 - [TEST_STEP][PASSED] - selectOptionByIndex(findTestObject("2-OBJECTS TAREAS SECUNDARIAS/Pruebas Seguridad/6.1.7-Seleccionar Empresa/select_--Seleccione--NUCLEO SISTEMASARAPORTAL SARASARA APPSARA APPSOFIASEGURIDADLMSSERVICIOSREGISTRO PERSONA"), 2): All options with index in [2] are selected on object 'Object Repository/2-OBJECTS TAREAS SECUNDARIAS/Pruebas Seguridad/6.1.7-Seleccionar Empresa/select_--Seleccione--NUCLEO SISTEMASARAPORTAL SARASARA APPSARA APPSOFIASEGURIDADLMSSERVICIOSREGISTRO PERSONA'

2022-06-10 09:37:16 - [MESSAGE][PASSED] - All options with index in [2] are selected on object 'Object Repository/2-OBJECTS TAREAS SECUNDARIAS/Pruebas Seguridad/6.1.7-Seleccionar Empresa/select_--Seleccione--NUCLEO SISTEMASARAPORTAL SARASARA APPSARA APPSOFIASEGURIDADLMSSERVICIOSREGISTRO PERSONA'

2022-06-10 09:37:16 - [TEST_STEP][PASSED] - click(findTestObject("2-OBJECTS TAREAS SECUNDARIAS/Pruebas Seguridad/6.1.7-Seleccionar Empresa/a_SARA_usuarioformatabtabla_rolesj_idt1527")): Object: 'Object Repository/2-OBJECTS TAREAS SECUNDARIAS/Pruebas Seguridad/6.1.7-Seleccionar Empresa/a_SARA_usuarioformatabtabla_rolesj_idt1527' is clicked on

2022-06-10 09:37:17 - [MESSAGE][PASSED] - Object: 'Object Repository/2-OBJECTS TAREAS SECUNDARIAS/Pruebas Seguridad/6.1.7-Seleccionar Empresa/a_SARA_usuarioformatabtabla_rolesj_idt1527' is clicked on

2022-06-10 09:37:17 - [TEST_STEP][PASSED] - selectOptionByIndex(findTestObject("2-OBJECTS TAREAS SECUNDARIAS/Pruebas Seguridad/6.1.7-Seleccionar Empresa/select_Seleccione1234234administradorAdministrador Calidad 3ADMONAspirantesAspirantesjjAuditoriaCAPACITACIONCOLABORADOR"), 4): All options with index in [4] are selected on object 'Object Repository/2-OBJECTS TAREAS SECUNDARIAS/Pruebas Seguridad/6.1.7-Seleccionar Empresa/select_Seleccione1234234administradorAdministrador Calidad 3ADMONAspirantesAspirantesjjAuditoriaCAPACITACIONCOLABORADOR'

2022-06-10 09:37:18 - [MESSAGE][PASSED] - All options with index in [4] are selected on object 'Object Repository/2-OBJECTS TAREAS SECUNDARIAS/Pruebas Seguridad/6.1.7-Seleccionar Empresa/select_Seleccione1234234administradorAdministrador Calidad 3ADMONAspirantesAspirantesjjAuditoriaCAPACITACIONCOLABORADOR'

2022-06-10 09:37:18 - [TEST_STEP][PASSED] - selectOptionByIndex(findTestObject("2-OBJECTS TAREAS SECUNDARIAS/Pruebas Seguridad/6.1.7-Seleccionar Empresa/select_SeleccioneCALIDADEmpresa 1Pruebas katalon"), 3): All options with index in [3] are selected on object 'Object Repository/2-OBJECTS TAREAS SECUNDARIAS/Pruebas Seguridad/6.1.7-Seleccionar Empresa/select_SeleccioneCALIDADEmpresa 1Pruebas katalon'

2022-06-10 09:37:19 - [MESSAGE][PASSED] - All options with index in [3] are selected on object 'Object Repository/2-OBJECTS TAREAS SECUNDARIAS/Pruebas Seguridad/6.1.7-Seleccionar Empresa/select_SeleccioneCALIDADEmpresa 1Pruebas katalon'

2022-06-10 09:37:19 - [TEST_STEP][PASSED] - selectOptionByIndex(findTestObject("2-OBJECTS TAREAS SECUNDARIAS/Pruebas Seguridad/6.1.7-Seleccionar Empresa/select_SeleccioneaspirantesempleadosDSflexoPruebasFlexoPruebasJboosInformixjavaSaraDS"), 4): All options with index in [4] are selected on object 'Object Repository/2-OBJECTS TAREAS SECUNDARIAS/Pruebas Seguridad/6.1.7-Seleccionar Empresa/select_SeleccioneaspirantesempleadosDSflexoPruebasFlexoPruebasJboosInformixjavaSaraDS'

2022-06-10 09:37:20 - [MESSAGE][PASSED] - All options with index in [4] are selected on object 'Object Repository/2-OBJECTS TAREAS SECUNDARIAS/Pruebas Seguridad/6.1.7-Seleccionar Empresa/select_SeleccioneaspirantesempleadosDSflexoPruebasFlexoPruebasJboosInformixjavaSaraDS'

2022-06-10 09:37:20 - [TEST_STEP][PASSED] - selectOptionByIndex(findTestObject("2-OBJECTS TAREAS SECUNDARIAS/Pruebas Seguridad/6.1.7-Seleccionar Empresa/select_--Seleccione--NUCLEO SISTEMASARAPORTAL SARASARA APPSARA APPSOFIASEGURIDADLMSSERVICIOSREGISTRO PERSONA"), 2): All options with index in [2] are selected on object 'Object Repository/2-OBJECTS TAREAS SECUNDARIAS/Pruebas Seguridad/6.1.7-Seleccionar Empresa/select_--Seleccione--NUCLEO SISTEMASARAPORTAL SARASARA APPSARA APPSOFIASEGURIDADLMSSERVICIOSREGISTRO PERSONA'

2022-06-10 09:37:21 - [MESSAGE][PASSED] - All options with index in [2] are selected on object 'Object Repository/2-OBJECTS TAREAS SECUNDARIAS/Pruebas Seguridad/6.1.7-Seleccionar Empresa/select_--Seleccione--NUCLEO SISTEMASARAPORTAL SARASARA APPSARA APPSOFIASEGURIDADLMSSERVICIOSREGISTRO PERSONA'

2022-06-10 09:37:21 - [TEST_STEP][PASSED] - click(findTestObject("2-OBJECTS TAREAS SECUNDARIAS/Pruebas Seguridad/6.1.7-Seleccionar Empresa/a_SARA_usuarioformatabtabla_rolesj_idt1528")): Object: 'Object Repository/2-OBJECTS TAREAS SECUNDARIAS/Pruebas Seguridad/6.1.7-Seleccionar Empresa/a_SARA_usuarioformatabtabla_rolesj_idt1528' is clicked on

2022-06-10 09:37:22 - [MESSAGE][PASSED] - Object: 'Object Repository/2-OBJECTS TAREAS SECUNDARIAS/Pruebas Seguridad/6.1.7-Seleccionar Empresa/a_SARA_usuarioformatabtabla_rolesj_idt1528' is clicked on

2022-06-10 09:37:22 - [TEST_STEP][PASSED] - selectOptionByIndex(findTestObject("2-OBJECTS TAREAS SECUNDARIAS/Pruebas Seguridad/6.1.7-Seleccionar Empresa/select_Seleccione1234234administradorAdministrador Calidad 3ADMONAspirantesAspirantesjjAuditoriaCAPACITACIONCOLABORADOR"), 3): All options with index in [3] are selected on object 'Object Repository/2-OBJECTS TAREAS SECUNDARIAS/Pruebas Seguridad/6.1.7-Seleccionar Empresa/select_Seleccione1234234administradorAdministrador Calidad 3ADMONAspirantesAspirantesjjAuditoriaCAPACITACIONCOLABORADOR'

2022-06-10 09:37:23 - [MESSAGE][PASSED] - All options with index in [3] are selected on object 'Object Repository/2-OBJECTS TAREAS SECUNDARIAS/Pruebas Seguridad/6.1.7-Seleccionar Empresa/select_Seleccione1234234administradorAdministrador Calidad 3ADMONAspirantesAspirantesjjAuditoriaCAPACITACIONCOLABORADOR'

2022-06-10 09:37:23 - [TEST_STEP][PASSED] - selectOptionByIndex(findTestObject("2-OBJECTS TAREAS SECUNDARIAS/Pruebas Seguridad/6.1.7-Seleccionar Empresa/select_SeleccioneCALIDADEmpresa 1Pruebas katalon"), 1): All options with index in [1] are selected on object 'Object Repository/2-OBJECTS TAREAS SECUNDARIAS/Pruebas Seguridad/6.1.7-Seleccionar Empresa/select_SeleccioneCALIDADEmpresa 1Pruebas katalon'

2022-06-10 09:37:24 - [MESSAGE][PASSED] - All options with index in [1] are selected on object 'Object Repository/2-OBJECTS TAREAS SECUNDARIAS/Pruebas Seguridad/6.1.7-Seleccionar Empresa/select_SeleccioneCALIDADEmpresa 1Pruebas katalon'

2022-06-10 09:37:24 - [TEST_STEP][PASSED] - selectOptionByIndex(findTestObject("2-OBJECTS TAREAS SECUNDARIAS/Pruebas Seguridad/6.1.7-Seleccionar Empresa/select_SeleccioneaspirantesempleadosDSflexoPruebasFlexoPruebasJboosInformixjavaSaraDS"), 3): All options with index in [3] are selected on object 'Object Repository/2-OBJECTS TAREAS SECUNDARIAS/Pruebas Seguridad/6.1.7-Seleccionar Empresa/select_SeleccioneaspirantesempleadosDSflexoPruebasFlexoPruebasJboosInformixjavaSaraDS'

2022-06-10 09:37:25 - [MESSAGE][PASSED] - All options with index in [3] are selected on object 'Object Repository/2-OBJECTS TAREAS SECUNDARIAS/Pruebas Seguridad/6.1.7-Seleccionar Empresa/select_SeleccioneaspirantesempleadosDSflexoPruebasFlexoPruebasJboosInformixjavaSaraDS'

2022-06-10 09:37:25 - [TEST_STEP][PASSED] - selectOptionByIndex(findTestObject("2-OBJECTS TAREAS SECUNDARIAS/Pruebas Seguridad/6.1.7-Seleccionar Empresa/select_--Seleccione--NUCLEO SISTEMASARAPORTAL SARASARA APPSARA APPSOFIASEGURIDADLMSSERVICIOSREGISTRO PERSONA"), 2): All options with index in [2] are selected on object 'Object Repository/2-OBJECTS TAREAS SECUNDARIAS/Pruebas Seguridad/6.1.7-Seleccionar Empresa/select_--Seleccione--NUCLEO SISTEMASARAPORTAL SARASARA APPSARA APPSOFIASEGURIDADLMSSERVICIOSREGISTRO PERSONA'

2022-06-10 09:37:27 - [MESSAGE][PASSED] - All options with index in [2] are selected on object 'Object Repository/2-OBJECTS TAREAS SECUNDARIAS/Pruebas Seguridad/6.1.7-Seleccionar Empresa/select_--Seleccione--NUCLEO SISTEMASARAPORTAL SARASARA APPSARA APPSOFIASEGURIDADLMSSERVICIOSREGISTRO PERSONA'

2022-06-10 09:37:27 - [TEST_STEP][PASSED] - click(findTestObject("2-OBJECTS TAREAS SECUNDARIAS/Pruebas Seguridad/6.1.7-Seleccionar Empresa/a_SARA_usuarioformatabtabla_rolesj_idt1529")): Object: 'Object Repository/2-OBJECTS TAREAS SECUNDARIAS/Pruebas Seguridad/6.1.7-Seleccionar Empresa/a_SARA_usuarioformatabtabla_rolesj_idt1529' is clicked on

2022-06-10 09:37:27 - [MESSAGE][PASSED] - Object: 'Object Repository/2-OBJECTS TAREAS SECUNDARIAS/Pruebas Seguridad/6.1.7-Seleccionar Empresa/a_SARA_usuarioformatabtabla_rolesj_idt1529' is clicked on

2022-06-10 09:37:27 - [TEST_STEP][PASSED] - click(findTestObject("2-OBJECTS TAREAS SECUNDARIAS/Pruebas Seguridad/6.1.7-Seleccionar Empresa/a_Acceso Roles")): Object: 'Object Repository/2-OBJECTS TAREAS SECUNDARIAS/Pruebas Seguridad/6.1.7-Seleccionar Empresa/a_Acceso Roles' is clicked on

2022-06-10 09:37:28 - [MESSAGE][PASSED] - Object: 'Object Repository/2-OBJECTS TAREAS SECUNDARIAS/Pruebas Seguridad/6.1.7-Seleccionar Empresa/a_Acceso Roles' is clicked on

2022-06-10 09:37:28 - [TEST_STEP][PASSED] - selectOptionByIndex(findTestObject("2-OBJECTS TAREAS SECUNDARIAS/Pruebas Seguridad/6.1.7-Seleccionar Empresa/select_Seleccione1234234administradorAdministrador Calidad 3ADMONA"), 3): All options with index in [3] are selected on object 'Object Repository/2-OBJECTS TAREAS SECUNDARIAS/Pruebas Seguridad/6.1.7-Seleccionar Empresa/select_Seleccione1234234administradorAdministrador Calidad 3ADMONA'

2022-06-10 09:37:29 - [MESSAGE][PASSED] - All options with index in [3] are selected on object 'Object Repository/2-OBJECTS TAREAS SECUNDARIAS/Pruebas Seguridad/6.1.7-Seleccionar Empresa/select_Seleccione1234234administradorAdministrador Calidad 3ADMONA'

2022-06-10 09:37:29 - [TEST_STEP][PASSED] - click(findTestObject("2-OBJECTS TAREAS SECUNDARIAS/Pruebas Seguridad/6.1.7-Seleccionar Empresa/a_No se encontr registros_usuarioformatabtabla_roles_individualj_idt1610")): Object: 'Object Repository/2-OBJECTS TAREAS SECUNDARIAS/Pruebas Seguridad/6.1.7-Seleccionar Empresa/a_No se encontr registros_usuarioformatabtabla_roles_individualj_idt1610' is clicked on

2022-06-10 09:37:29 - [MESSAGE][PASSED] - Object: 'Object Repository/2-OBJECTS TAREAS SECUNDARIAS/Pruebas Seguridad/6.1.7-Seleccionar Empresa/a_No se encontr registros_usuarioformatabtabla_roles_individualj_idt1610' is clicked on

2022-06-10 09:37:29 - [TEST_STEP][PASSED] - click(findTestObject("2-OBJECTS TAREAS SECUNDARIAS/Pruebas Seguridad/6.1.7-Seleccionar Empresa/select_Seleccione1234234administradorAdministrador Calidad 3ADMONA"), STOP_ON_FAILURE): Object: 'Object Repository/2-OBJECTS TAREAS SECUNDARIAS/Pruebas Seguridad/6.1.7-Seleccionar Empresa/select_Seleccione1234234administradorAdministrador Calidad 3ADMONA' is clicked on

2022-06-10 09:37:30 - [MESSAGE][PASSED] - Object: 'Object Repository/2-OBJECTS TAREAS SECUNDARIAS/Pruebas Seguridad/6.1.7-Seleccionar Empresa/select_Seleccione1234234administradorAdministrador Calidad 3ADMONA' is clicked on

2022-06-10 09:37:30 - [TEST_STEP][PASSED] - selectOptionByLabel(findTestObject("2-OBJECTS TAREAS SECUNDARIAS/Pruebas Seguridad/6.1.7-Seleccionar Empresa/select_Seleccione1234234administradorAdministrador Calidad 3ADMONA"), "EMPLEADO", false): All options with label 'EMPLEADO' are selected in object 'Object Repository/2-OBJECTS TAREAS SECUNDARIAS/Pruebas Seguridad/6.1.7-Seleccionar Empresa/select_Seleccione1234234administradorAdministrador Calidad 3ADMONA' 

2022-06-10 09:37:30 - [MESSAGE][PASSED] - All options with label 'EMPLEADO' are selected in object 'Object Repository/2-OBJECTS TAREAS SECUNDARIAS/Pruebas Seguridad/6.1.7-Seleccionar Empresa/select_Seleccione1234234administradorAdministrador Calidad 3ADMONA' 

2022-06-10 09:37:30 - [TEST_STEP][PASSED] - click(findTestObject("2-OBJECTS TAREAS SECUNDARIAS/Pruebas Seguridad/6.1.7-Seleccionar Empresa/a_administrador_usuarioformatabtabla_roles_individualj_idt1611")): Object: 'Object Repository/2-OBJECTS TAREAS SECUNDARIAS/Pruebas Seguridad/6.1.7-Seleccionar Empresa/a_administrador_usuarioformatabtabla_roles_individualj_idt1611' is clicked on

2022-06-10 09:37:31 - [MESSAGE][PASSED] - Object: 'Object Repository/2-OBJECTS TAREAS SECUNDARIAS/Pruebas Seguridad/6.1.7-Seleccionar Empresa/a_administrador_usuarioformatabtabla_roles_individualj_idt1611' is clicked on

2022-06-10 09:37:31 - [TEST_STEP][PASSED] - callTestCase(findTestCase("Utilidades-(atajos_para _tareas)/Login_Seguridad/Login-Seleccionar_Empresa"), [:], STOP_ON_FAILURE): Call Test Case 'Test Cases/Utilidades-(atajos_para _tareas)/Login_Seguridad/Login-Seleccionar_Empresa' successfully

2022-06-10 09:37:31 - [TEST_CASE][PASSED] - Test Cases/Utilidades-(atajos_para _tareas)/Login_Seguridad/Login-Seleccionar_Empresa: Test Cases/Utilidades-(atajos_para _tareas)/Login_Seguridad/Login-Seleccionar_Empresa

2022-06-10 09:37:31 - [TEST_STEP][PASSED] - openBrowser(""): Browser is opened with url: ''

2022-06-10 09:37:31 - [MESSAGE][WARNING] - A browser is already opened. Closing browser and opening a new one

2022-06-10 09:37:32 - [MESSAGE][INFO] - Starting 'Chrome' driver

2022-06-10 09:37:32 - [MESSAGE][INFO] - Action delay is set to 0 milliseconds

2022-06-10 09:37:33 - [MESSAGE][PASSED] - Browser is opened with url: ''

2022-06-10 09:37:33 - [TEST_STEP][PASSED] - maximizeWindow(): Current window maximized

2022-06-10 09:37:33 - [MESSAGE][PASSED] - Current window maximized

2022-06-10 09:37:33 - [TEST_STEP][PASSED] - i = G_Login: null

2022-06-10 09:37:33 - [TEST_STEP][PASSED] - url = new java.net.URL(i): null

2022-06-10 09:37:33 - [TEST_STEP][PASSED] - println("URL: " + url.toString()): null

2022-06-10 09:37:33 - [TEST_STEP][PASSED] - connection = url.openConnection(): null

2022-06-10 09:37:33 - [TEST_STEP][PASSED] - connection.setRequestMethod("GET"): null

2022-06-10 09:37:33 - [TEST_STEP][PASSED] - connection.setReadTimeout(2 * 1000): null

2022-06-10 09:37:33 - [TEST_STEP][PASSED] - try: null

2022-06-10 09:37:33 - [TEST_STEP][PASSED] - connection.connect(): null

2022-06-10 09:37:33 - [TEST_STEP][PASSED] - flag = connected: null

2022-06-10 09:37:33 - [TEST_STEP][PASSED] - println("Valor_ori: " + flag): null

2022-06-10 09:37:33 - [TEST_STEP][PASSED] - if (flag): null

2022-06-10 09:37:33 - [TEST_STEP][PASSED] - navigateToUrl(i): Navigate to 'http://192.168.2.19:8380/saraweb' successfully

2022-06-10 09:37:34 - [MESSAGE][PASSED] - Navigate to 'http://192.168.2.19:8380/saraweb' successfully

2022-06-10 09:37:34 - [TEST_STEP][PASSED] - a(): null

2022-06-10 09:37:34 - [TEST_STEP][PASSED] - setText(findTestObject("3-OBJECTS UTILIDADES/Login/input_USUARIO_loginusuario"), G_Usuario_617): Text 'Usuario' is set on object 'Object Repository/3-OBJECTS UTILIDADES/Login/input_USUARIO_loginusuario'

2022-06-10 09:37:35 - [MESSAGE][PASSED] - Text 'Usuario' is set on object 'Object Repository/3-OBJECTS UTILIDADES/Login/input_USUARIO_loginusuario'

2022-06-10 09:37:35 - [TEST_STEP][PASSED] - setEncryptedText(findTestObject("3-OBJECTS UTILIDADES/Login/input_CLAVE_loginpassword"), "MkG4/TYiCFC3cb2driP7+Q=="): Text ****** has been set on object 'Object Repository/3-OBJECTS UTILIDADES/Login/input_CLAVE_loginpassword'

2022-06-10 09:37:35 - [MESSAGE][PASSED] - Text ****** has been set on object 'Object Repository/3-OBJECTS UTILIDADES/Login/input_CLAVE_loginpassword'

2022-06-10 09:37:35 - [TEST_STEP][PASSED] - waitForElementClickable(findTestObject("3-OBJECTS UTILIDADES/Login/a_Ingresar"), G_TimeOut): Object 'Object Repository/3-OBJECTS UTILIDADES/Login/a_Ingresar' is clickable

2022-06-10 09:37:35 - [MESSAGE][PASSED] - Object 'Object Repository/3-OBJECTS UTILIDADES/Login/a_Ingresar' is clickable

2022-06-10 09:37:35 - [TEST_STEP][PASSED] - click(findTestObject("3-OBJECTS UTILIDADES/Login/a_Ingresar")): Object: 'Object Repository/3-OBJECTS UTILIDADES/Login/a_Ingresar' is clicked on

2022-06-10 09:37:36 - [MESSAGE][PASSED] - Object: 'Object Repository/3-OBJECTS UTILIDADES/Login/a_Ingresar' is clicked on

2022-06-10 09:37:36 - [MESSAGE][PASSED] - Call Test Case 'Test Cases/Utilidades-(atajos_para _tareas)/Login_Seguridad/Login-Seleccionar_Empresa' successfully

2022-06-10 09:37:36 - [TEST_STEP][PASSED] - setText(findTestObject("2-OBJECTS TAREAS SECUNDARIAS/Pruebas Seguridad/6.1.7-Seleccionar Empresa/input_Perfil_popupMopdulotablaBusquedaglobalFilter"), "Pruebas Katalon"): Text 'Pruebas Katalon' is set on object 'Object Repository/2-OBJECTS TAREAS SECUNDARIAS/Pruebas Seguridad/6.1.7-Seleccionar Empresa/input_Perfil_popupMopdulotablaBusquedaglobalFilter'

2022-06-10 09:37:37 - [MESSAGE][PASSED] - Text 'Pruebas Katalon' is set on object 'Object Repository/2-OBJECTS TAREAS SECUNDARIAS/Pruebas Seguridad/6.1.7-Seleccionar Empresa/input_Perfil_popupMopdulotablaBusquedaglobalFilter'

2022-06-10 09:37:37 - [TEST_STEP][PASSED] - sendKeys(findTestObject("2-OBJECTS TAREAS SECUNDARIAS/Pruebas Seguridad/6.1.7-Seleccionar Empresa/input_Perfil_popupMopdulotablaBusquedaglobalFilter"), Keys.chord(ENTER)): Keys 'ENTER + ' sent to object: 'Object Repository/2-OBJECTS TAREAS SECUNDARIAS/Pruebas Seguridad/6.1.7-Seleccionar Empresa/input_Perfil_popupMopdulotablaBusquedaglobalFilter'

2022-06-10 09:37:37 - [MESSAGE][PASSED] - Keys 'ENTER + ' sent to object: 'Object Repository/2-OBJECTS TAREAS SECUNDARIAS/Pruebas Seguridad/6.1.7-Seleccionar Empresa/input_Perfil_popupMopdulotablaBusquedaglobalFilter'

2022-06-10 09:37:37 - [TEST_STEP][PASSED] - if (waitForElementVisible(findTestObject("2-OBJECTS TAREAS SECUNDARIAS/Pruebas Seguridad/6.1.7-Seleccionar Empresa/span_Pruebas Katalon"), 1)): null

2022-06-10 09:37:38 - [MESSAGE][PASSED] - Object 'Object Repository/2-OBJECTS TAREAS SECUNDARIAS/Pruebas Seguridad/6.1.7-Seleccionar Empresa/span_Pruebas Katalon' is visible

2022-06-10 09:37:38 - [TEST_STEP][PASSED] - setText(findTestObject("2-OBJECTS TAREAS SECUNDARIAS/Pruebas Seguridad/6.1.7-Seleccionar Empresa/input_Perfil_popupMopdulotablaBusquedaglobalFilter"), "Empresa 1"): Text 'Empresa 1' is set on object 'Object Repository/2-OBJECTS TAREAS SECUNDARIAS/Pruebas Seguridad/6.1.7-Seleccionar Empresa/input_Perfil_popupMopdulotablaBusquedaglobalFilter'

2022-06-10 09:37:39 - [MESSAGE][PASSED] - Text 'Empresa 1' is set on object 'Object Repository/2-OBJECTS TAREAS SECUNDARIAS/Pruebas Seguridad/6.1.7-Seleccionar Empresa/input_Perfil_popupMopdulotablaBusquedaglobalFilter'

2022-06-10 09:37:39 - [TEST_STEP][PASSED] - sendKeys(findTestObject("2-OBJECTS TAREAS SECUNDARIAS/Pruebas Seguridad/6.1.7-Seleccionar Empresa/input_Perfil_popupMopdulotablaBusquedaglobalFilter"), Keys.chord(ENTER)): Keys 'ENTER + ' sent to object: 'Object Repository/2-OBJECTS TAREAS SECUNDARIAS/Pruebas Seguridad/6.1.7-Seleccionar Empresa/input_Perfil_popupMopdulotablaBusquedaglobalFilter'

2022-06-10 09:37:39 - [MESSAGE][PASSED] - Keys 'ENTER + ' sent to object: 'Object Repository/2-OBJECTS TAREAS SECUNDARIAS/Pruebas Seguridad/6.1.7-Seleccionar Empresa/input_Perfil_popupMopdulotablaBusquedaglobalFilter'

2022-06-10 09:37:39 - [TEST_STEP][PASSED] - if (waitForElementVisible(findTestObject("2-OBJECTS TAREAS SECUNDARIAS/Pruebas Seguridad/6.1.7-Seleccionar Empresa/td_Empresa 1"), 1)): null

2022-06-10 09:37:40 - [MESSAGE][PASSED] - Object 'Object Repository/2-OBJECTS TAREAS SECUNDARIAS/Pruebas Seguridad/6.1.7-Seleccionar Empresa/td_Empresa 1' is visible

2022-06-10 09:37:40 - [TEST_STEP][PASSED] - setText(findTestObject("2-OBJECTS TAREAS SECUNDARIAS/Pruebas Seguridad/6.1.7-Seleccionar Empresa/input_Perfil_popupMopdulotablaBusquedaglobalFilter"), "Calidad"): Text 'Calidad' is set on object 'Object Repository/2-OBJECTS TAREAS SECUNDARIAS/Pruebas Seguridad/6.1.7-Seleccionar Empresa/input_Perfil_popupMopdulotablaBusquedaglobalFilter'

2022-06-10 09:37:41 - [MESSAGE][PASSED] - Text 'Calidad' is set on object 'Object Repository/2-OBJECTS TAREAS SECUNDARIAS/Pruebas Seguridad/6.1.7-Seleccionar Empresa/input_Perfil_popupMopdulotablaBusquedaglobalFilter'

2022-06-10 09:37:41 - [TEST_STEP][PASSED] - sendKeys(findTestObject("2-OBJECTS TAREAS SECUNDARIAS/Pruebas Seguridad/6.1.7-Seleccionar Empresa/input_Perfil_popupMopdulotablaBusquedaglobalFilter"), Keys.chord(ENTER)): Keys 'ENTER + ' sent to object: 'Object Repository/2-OBJECTS TAREAS SECUNDARIAS/Pruebas Seguridad/6.1.7-Seleccionar Empresa/input_Perfil_popupMopdulotablaBusquedaglobalFilter'

2022-06-10 09:37:41 - [MESSAGE][PASSED] - Keys 'ENTER + ' sent to object: 'Object Repository/2-OBJECTS TAREAS SECUNDARIAS/Pruebas Seguridad/6.1.7-Seleccionar Empresa/input_Perfil_popupMopdulotablaBusquedaglobalFilter'

2022-06-10 09:37:41 - [TEST_STEP][PASSED] - if (waitForElementVisible(findTestObject("2-OBJECTS TAREAS SECUNDARIAS/Pruebas Seguridad/6.1.7-Seleccionar Empresa/td_Calidad"), 1)): null

2022-06-10 09:37:42 - [MESSAGE][PASSED] - Object 'Object Repository/2-OBJECTS TAREAS SECUNDARIAS/Pruebas Seguridad/6.1.7-Seleccionar Empresa/td_Calidad' is visible

2022-06-10 09:37:42 - [TEST_STEP][PASSED] - click(findTestObject("2-OBJECTS TAREAS SECUNDARIAS/Pruebas Seguridad/6.1.7-Seleccionar Empresa/td_Calidad")): Object: 'Object Repository/2-OBJECTS TAREAS SECUNDARIAS/Pruebas Seguridad/6.1.7-Seleccionar Empresa/td_Calidad' is clicked on

2022-06-10 09:37:42 - [MESSAGE][PASSED] - Object: 'Object Repository/2-OBJECTS TAREAS SECUNDARIAS/Pruebas Seguridad/6.1.7-Seleccionar Empresa/td_Calidad' is clicked on

2022-06-10 09:37:42 - [TEST_STEP][PASSED] - callTestCase(findTestCase("Utilidades-(atajos_para _tareas)/Login_Seguridad/Login-Seguridad"), [:], STOP_ON_FAILURE): Call Test Case 'Test Cases/Utilidades-(atajos_para _tareas)/Login_Seguridad/Login-Seguridad' successfully

2022-06-10 09:37:42 - [TEST_CASE][PASSED] - Test Cases/Utilidades-(atajos_para _tareas)/Login_Seguridad/Login-Seguridad: Test Cases/Utilidades-(atajos_para _tareas)/Login_Seguridad/Login-Seguridad

2022-06-10 09:37:42 - [TEST_STEP][PASSED] - openBrowser(""): Browser is opened with url: ''

2022-06-10 09:37:42 - [MESSAGE][WARNING] - A browser is already opened. Closing browser and opening a new one

2022-06-10 09:37:43 - [MESSAGE][INFO] - Starting 'Chrome' driver

2022-06-10 09:37:43 - [MESSAGE][INFO] - Action delay is set to 0 milliseconds

2022-06-10 09:37:44 - [MESSAGE][PASSED] - Browser is opened with url: ''

2022-06-10 09:37:44 - [TEST_STEP][PASSED] - maximizeWindow(): Current window maximized

2022-06-10 09:37:44 - [MESSAGE][PASSED] - Current window maximized

2022-06-10 09:37:44 - [TEST_STEP][PASSED] - i = G_Login_Seguridad: null

2022-06-10 09:37:44 - [TEST_STEP][PASSED] - url = new java.net.URL(i): null

2022-06-10 09:37:44 - [TEST_STEP][PASSED] - println("URL: " + url.toString()): null

2022-06-10 09:37:44 - [TEST_STEP][PASSED] - connection = url.openConnection(): null

2022-06-10 09:37:44 - [TEST_STEP][PASSED] - connection.setRequestMethod("GET"): null

2022-06-10 09:37:44 - [TEST_STEP][PASSED] - connection.setReadTimeout(2 * 1000): null

2022-06-10 09:37:44 - [TEST_STEP][PASSED] - try: null

2022-06-10 09:37:44 - [TEST_STEP][PASSED] - connection.connect(): null

2022-06-10 09:37:44 - [TEST_STEP][PASSED] - flag = connected: null

2022-06-10 09:37:44 - [TEST_STEP][PASSED] - println("Valor_ori: " + flag): null

2022-06-10 09:37:44 - [TEST_STEP][PASSED] - if (flag): null

2022-06-10 09:37:44 - [TEST_STEP][PASSED] - navigateToUrl(i): Navigate to 'http://192.168.2.19:8380/seguridadweb/' successfully

2022-06-10 09:37:45 - [MESSAGE][PASSED] - Navigate to 'http://192.168.2.19:8380/seguridadweb/' successfully

2022-06-10 09:37:45 - [TEST_STEP][PASSED] - a(): null

2022-06-10 09:37:45 - [TEST_STEP][PASSED] - setText(findTestObject("3-OBJECTS UTILIDADES/Login/input_USUARIO_loginusuario"), G_Usuario): Text 'saraadmin' is set on object 'Object Repository/3-OBJECTS UTILIDADES/Login/input_USUARIO_loginusuario'

2022-06-10 09:37:46 - [MESSAGE][PASSED] - Text 'saraadmin' is set on object 'Object Repository/3-OBJECTS UTILIDADES/Login/input_USUARIO_loginusuario'

2022-06-10 09:37:46 - [TEST_STEP][PASSED] - setEncryptedText(findTestObject("3-OBJECTS UTILIDADES/Login/input_CLAVE_loginpassword"), "MkG4/TYiCFC3cb2driP7+Q=="): Text ****** has been set on object 'Object Repository/3-OBJECTS UTILIDADES/Login/input_CLAVE_loginpassword'

2022-06-10 09:37:46 - [MESSAGE][PASSED] - Text ****** has been set on object 'Object Repository/3-OBJECTS UTILIDADES/Login/input_CLAVE_loginpassword'

2022-06-10 09:37:46 - [TEST_STEP][PASSED] - waitForElementClickable(findTestObject("3-OBJECTS UTILIDADES/Login/a_Ingresar"), G_TimeOut): Object 'Object Repository/3-OBJECTS UTILIDADES/Login/a_Ingresar' is clickable

2022-06-10 09:37:46 - [MESSAGE][PASSED] - Object 'Object Repository/3-OBJECTS UTILIDADES/Login/a_Ingresar' is clickable

2022-06-10 09:37:46 - [TEST_STEP][PASSED] - click(findTestObject("3-OBJECTS UTILIDADES/Login/a_Ingresar")): Object: 'Object Repository/3-OBJECTS UTILIDADES/Login/a_Ingresar' is clicked on

2022-06-10 09:37:47 - [MESSAGE][PASSED] - Object: 'Object Repository/3-OBJECTS UTILIDADES/Login/a_Ingresar' is clicked on

2022-06-10 09:37:47 - [TEST_STEP][PASSED] - element = findWebElement(findTestObject("3-OBJECTS UTILIDADES/Login/a_Ir"), 30): null

2022-06-10 09:37:48 - [TEST_STEP][PASSED] - executeJavaScript("arguments[0].click()", Arrays.asList(element)): Execute JavaScript 'arguments[0].click()' successfully

2022-06-10 09:37:48 - [MESSAGE][PASSED] - Execute JavaScript 'arguments[0].click()' successfully

2022-06-10 09:37:48 - [MESSAGE][PASSED] - Call Test Case 'Test Cases/Utilidades-(atajos_para _tareas)/Login_Seguridad/Login-Seguridad' successfully

2022-06-10 09:37:48 - [TEST_STEP][PASSED] - setText(findTestObject("2-OBJECTS TAREAS SECUNDARIAS/Pruebas Seguridad/6.1.7-Seleccionar Empresa/input_Empresa 1_form_templatej_idt24_input"), "Usuario"): Text 'Usuario' is set on object 'Object Repository/2-OBJECTS TAREAS SECUNDARIAS/Pruebas Seguridad/6.1.7-Seleccionar Empresa/input_Empresa 1_form_templatej_idt24_input'

2022-06-10 09:37:48 - [MESSAGE][PASSED] - Text 'Usuario' is set on object 'Object Repository/2-OBJECTS TAREAS SECUNDARIAS/Pruebas Seguridad/6.1.7-Seleccionar Empresa/input_Empresa 1_form_templatej_idt24_input'

2022-06-10 09:37:48 - [TEST_STEP][PASSED] - click(findTestObject("2-OBJECTS TAREAS SECUNDARIAS/Pruebas Seguridad/6.1.7-Seleccionar Empresa/li_Usuario"), STOP_ON_FAILURE): Object: 'Object Repository/2-OBJECTS TAREAS SECUNDARIAS/Pruebas Seguridad/6.1.7-Seleccionar Empresa/li_Usuario' is clicked on

2022-06-10 09:37:50 - [MESSAGE][PASSED] - Object: 'Object Repository/2-OBJECTS TAREAS SECUNDARIAS/Pruebas Seguridad/6.1.7-Seleccionar Empresa/li_Usuario' is clicked on

2022-06-10 09:37:50 - [TEST_STEP][PASSED] - setText(findTestObject("2-OBJECTS TAREAS SECUNDARIAS/Pruebas Seguridad/6.1.7-Seleccionar Empresa/input_Portal_usuarioformaparametroBusqueda"), "Usuario"): Text 'Usuario' is set on object 'Object Repository/2-OBJECTS TAREAS SECUNDARIAS/Pruebas Seguridad/6.1.7-Seleccionar Empresa/input_Portal_usuarioformaparametroBusqueda'

2022-06-10 09:37:51 - [MESSAGE][PASSED] - Text 'Usuario' is set on object 'Object Repository/2-OBJECTS TAREAS SECUNDARIAS/Pruebas Seguridad/6.1.7-Seleccionar Empresa/input_Portal_usuarioformaparametroBusqueda'

2022-06-10 09:37:51 - [TEST_STEP][PASSED] - sendKeys(findTestObject("2-OBJECTS TAREAS SECUNDARIAS/Pruebas Seguridad/6.1.7-Seleccionar Empresa/input_Portal_usuarioformaparametroBusqueda"), Keys.chord(ENTER)): Keys 'ENTER + ' sent to object: 'Object Repository/2-OBJECTS TAREAS SECUNDARIAS/Pruebas Seguridad/6.1.7-Seleccionar Empresa/input_Portal_usuarioformaparametroBusqueda'

2022-06-10 09:37:51 - [MESSAGE][PASSED] - Keys 'ENTER + ' sent to object: 'Object Repository/2-OBJECTS TAREAS SECUNDARIAS/Pruebas Seguridad/6.1.7-Seleccionar Empresa/input_Portal_usuarioformaparametroBusqueda'

2022-06-10 09:37:51 - [TEST_STEP][PASSED] - if (waitForElementVisible(findTestObject("2-OBJECTS TAREAS SECUNDARIAS/Pruebas Seguridad/6.1.7-Seleccionar Empresa/span_Usuario"), 1)): null

2022-06-10 09:37:52 - [MESSAGE][PASSED] - Object 'Object Repository/2-OBJECTS TAREAS SECUNDARIAS/Pruebas Seguridad/6.1.7-Seleccionar Empresa/span_Usuario' is visible

2022-06-10 09:37:52 - [TEST_STEP][PASSED] - click(findTestObject("2-OBJECTS TAREAS SECUNDARIAS/Pruebas Seguridad/6.1.7-Seleccionar Empresa/span_Usuario")): Object: 'Object Repository/2-OBJECTS TAREAS SECUNDARIAS/Pruebas Seguridad/6.1.7-Seleccionar Empresa/span_Usuario' is clicked on

2022-06-10 09:37:52 - [MESSAGE][PASSED] - Object: 'Object Repository/2-OBJECTS TAREAS SECUNDARIAS/Pruebas Seguridad/6.1.7-Seleccionar Empresa/span_Usuario' is clicked on

2022-06-10 09:37:52 - [TEST_STEP][PASSED] - click(findTestObject("2-OBJECTS TAREAS SECUNDARIAS/Pruebas Seguridad/6.1.7-Seleccionar Empresa/a_Acceso Roles")): Object: 'Object Repository/2-OBJECTS TAREAS SECUNDARIAS/Pruebas Seguridad/6.1.7-Seleccionar Empresa/a_Acceso Roles' is clicked on

2022-06-10 09:37:53 - [MESSAGE][PASSED] - Object: 'Object Repository/2-OBJECTS TAREAS SECUNDARIAS/Pruebas Seguridad/6.1.7-Seleccionar Empresa/a_Acceso Roles' is clicked on

2022-06-10 09:37:53 - [TEST_STEP][PASSED] - while (waitForElementVisible(findTestObject("2-OBJECTS TAREAS SECUNDARIAS/Pruebas Seguridad/6.1.7-Seleccionar Empresa/a_administrador_usuarioformatabtabla_roles_individual0j_idt160"), 1)): null

2022-06-10 09:37:53 - [MESSAGE][PASSED] - Object 'Object Repository/2-OBJECTS TAREAS SECUNDARIAS/Pruebas Seguridad/6.1.7-Seleccionar Empresa/a_administrador_usuarioformatabtabla_roles_individual0j_idt160' is visible

2022-06-10 09:37:53 - [TEST_STEP][PASSED] - click(findTestObject("2-OBJECTS TAREAS SECUNDARIAS/Pruebas Seguridad/6.1.7-Seleccionar Empresa/a_administrador_usuarioformatabtabla_roles_individual0j_idt160")): Object: 'Object Repository/2-OBJECTS TAREAS SECUNDARIAS/Pruebas Seguridad/6.1.7-Seleccionar Empresa/a_administrador_usuarioformatabtabla_roles_individual0j_idt160' is clicked on

2022-06-10 09:37:54 - [MESSAGE][PASSED] - Object: 'Object Repository/2-OBJECTS TAREAS SECUNDARIAS/Pruebas Seguridad/6.1.7-Seleccionar Empresa/a_administrador_usuarioformatabtabla_roles_individual0j_idt160' is clicked on

2022-06-10 09:37:54 - [TEST_STEP][PASSED] - click(findTestObject("2-OBJECTS TAREAS SECUNDARIAS/Pruebas Seguridad/6.1.7-Seleccionar Empresa/a_Aceptar_Acceso Roles")): Object 'Object Repository/2-OBJECTS TAREAS SECUNDARIAS/Pruebas Seguridad/6.1.7-Seleccionar Empresa/a_administrador_usuarioformatabtabla_roles_individual0j_idt160' is visible

2022-06-10 09:37:54 - [MESSAGE][PASSED] - Object: 'Object Repository/2-OBJECTS TAREAS SECUNDARIAS/Pruebas Seguridad/6.1.7-Seleccionar Empresa/a_Aceptar_Acceso Roles' is clicked on

2022-06-10 09:37:55 - [MESSAGE][PASSED] - Object 'Object Repository/2-OBJECTS TAREAS SECUNDARIAS/Pruebas Seguridad/6.1.7-Seleccionar Empresa/a_administrador_usuarioformatabtabla_roles_individual0j_idt160' is visible

2022-06-10 09:37:55 - [TEST_STEP][PASSED] - click(findTestObject("2-OBJECTS TAREAS SECUNDARIAS/Pruebas Seguridad/6.1.7-Seleccionar Empresa/a_administrador_usuarioformatabtabla_roles_individual0j_idt160")): Object: 'Object Repository/2-OBJECTS TAREAS SECUNDARIAS/Pruebas Seguridad/6.1.7-Seleccionar Empresa/a_administrador_usuarioformatabtabla_roles_individual0j_idt160' is clicked on

2022-06-10 09:37:56 - [MESSAGE][PASSED] - Object: 'Object Repository/2-OBJECTS TAREAS SECUNDARIAS/Pruebas Seguridad/6.1.7-Seleccionar Empresa/a_administrador_usuarioformatabtabla_roles_individual0j_idt160' is clicked on

2022-06-10 09:37:56 - [TEST_STEP][PASSED] - click(findTestObject("2-OBJECTS TAREAS SECUNDARIAS/Pruebas Seguridad/6.1.7-Seleccionar Empresa/a_Aceptar_Acceso Roles")): Web element with id: 'Object Repository/2-OBJECTS TAREAS SECUNDARIAS/Pruebas Seguridad/6.1.7-Seleccionar Empresa/a_administrador_usuarioformatabtabla_roles_individual0j_idt160' located by '//tbody[@id='usuarioforma:tab:tabla_roles_individual_data']/tr/td[2]/a' not found

2022-06-10 09:37:56 - [MESSAGE][PASSED] - Object: 'Object Repository/2-OBJECTS TAREAS SECUNDARIAS/Pruebas Seguridad/6.1.7-Seleccionar Empresa/a_Aceptar_Acceso Roles' is clicked on

2022-06-10 09:37:59 - [MESSAGE][INFO] - Unable to find the element located by 'By.xpath: //tbody[@id='usuarioforma:tab:tabla_roles_individual_data']/tr/td[2]/a'. Please recheck the objects properties to make sure the desired element is located. 

2022-06-10 09:37:59 - [MESSAGE][WARNING] - Web element with id: 'Object Repository/2-OBJECTS TAREAS SECUNDARIAS/Pruebas Seguridad/6.1.7-Seleccionar Empresa/a_administrador_usuarioformatabtabla_roles_individual0j_idt160' located by '//tbody[@id='usuarioforma:tab:tabla_roles_individual_data']/tr/td[2]/a' not found

2022-06-10 09:37:59 - [TEST_STEP][PASSED] - click(findTestObject("2-OBJECTS TAREAS SECUNDARIAS/Pruebas Seguridad/6.1.7-Seleccionar Empresa/a_Acceso Particular")): Object: 'Object Repository/2-OBJECTS TAREAS SECUNDARIAS/Pruebas Seguridad/6.1.7-Seleccionar Empresa/a_Acceso Particular' is clicked on

2022-06-10 09:37:59 - [MESSAGE][PASSED] - Object: 'Object Repository/2-OBJECTS TAREAS SECUNDARIAS/Pruebas Seguridad/6.1.7-Seleccionar Empresa/a_Acceso Particular' is clicked on

2022-06-10 09:37:59 - [TEST_STEP][PASSED] - while (waitForElementVisible(findTestObject("2-OBJECTS TAREAS SECUNDARIAS/Pruebas Seguridad/6.1.7-Seleccionar Empresa/a_SARA_usuarioformatabtabla_roles0j_idt151"), 1)): null

2022-06-10 09:37:59 - [MESSAGE][PASSED] - Object 'Object Repository/2-OBJECTS TAREAS SECUNDARIAS/Pruebas Seguridad/6.1.7-Seleccionar Empresa/a_SARA_usuarioformatabtabla_roles0j_idt151' is visible

2022-06-10 09:37:59 - [TEST_STEP][PASSED] - click(findTestObject("2-OBJECTS TAREAS SECUNDARIAS/Pruebas Seguridad/6.1.7-Seleccionar Empresa/a_SARA_usuarioformatabtabla_roles0j_idt151")): Object: 'Object Repository/2-OBJECTS TAREAS SECUNDARIAS/Pruebas Seguridad/6.1.7-Seleccionar Empresa/a_SARA_usuarioformatabtabla_roles0j_idt151' is clicked on

2022-06-10 09:38:00 - [MESSAGE][PASSED] - Object: 'Object Repository/2-OBJECTS TAREAS SECUNDARIAS/Pruebas Seguridad/6.1.7-Seleccionar Empresa/a_SARA_usuarioformatabtabla_roles0j_idt151' is clicked on

2022-06-10 09:38:00 - [TEST_STEP][PASSED] - click(findTestObject("2-OBJECTS TAREAS SECUNDARIAS/Pruebas Seguridad/6.1.7-Seleccionar Empresa/a_Aceptar_Acceso particular")): Object 'Object Repository/2-OBJECTS TAREAS SECUNDARIAS/Pruebas Seguridad/6.1.7-Seleccionar Empresa/a_SARA_usuarioformatabtabla_roles0j_idt151' is visible

2022-06-10 09:38:00 - [MESSAGE][PASSED] - Object: 'Object Repository/2-OBJECTS TAREAS SECUNDARIAS/Pruebas Seguridad/6.1.7-Seleccionar Empresa/a_Aceptar_Acceso particular' is clicked on

2022-06-10 09:38:01 - [MESSAGE][PASSED] - Object 'Object Repository/2-OBJECTS TAREAS SECUNDARIAS/Pruebas Seguridad/6.1.7-Seleccionar Empresa/a_SARA_usuarioformatabtabla_roles0j_idt151' is visible

2022-06-10 09:38:01 - [TEST_STEP][PASSED] - click(findTestObject("2-OBJECTS TAREAS SECUNDARIAS/Pruebas Seguridad/6.1.7-Seleccionar Empresa/a_SARA_usuarioformatabtabla_roles0j_idt151")): Object: 'Object Repository/2-OBJECTS TAREAS SECUNDARIAS/Pruebas Seguridad/6.1.7-Seleccionar Empresa/a_SARA_usuarioformatabtabla_roles0j_idt151' is clicked on

2022-06-10 09:38:01 - [MESSAGE][PASSED] - Object: 'Object Repository/2-OBJECTS TAREAS SECUNDARIAS/Pruebas Seguridad/6.1.7-Seleccionar Empresa/a_SARA_usuarioformatabtabla_roles0j_idt151' is clicked on

2022-06-10 09:38:01 - [TEST_STEP][PASSED] - click(findTestObject("2-OBJECTS TAREAS SECUNDARIAS/Pruebas Seguridad/6.1.7-Seleccionar Empresa/a_Aceptar_Acceso particular")): Object 'Object Repository/2-OBJECTS TAREAS SECUNDARIAS/Pruebas Seguridad/6.1.7-Seleccionar Empresa/a_SARA_usuarioformatabtabla_roles0j_idt151' is visible

2022-06-10 09:38:02 - [MESSAGE][PASSED] - Object: 'Object Repository/2-OBJECTS TAREAS SECUNDARIAS/Pruebas Seguridad/6.1.7-Seleccionar Empresa/a_Aceptar_Acceso particular' is clicked on

2022-06-10 09:38:03 - [MESSAGE][PASSED] - Object 'Object Repository/2-OBJECTS TAREAS SECUNDARIAS/Pruebas Seguridad/6.1.7-Seleccionar Empresa/a_SARA_usuarioformatabtabla_roles0j_idt151' is visible

2022-06-10 09:38:03 - [TEST_STEP][PASSED] - click(findTestObject("2-OBJECTS TAREAS SECUNDARIAS/Pruebas Seguridad/6.1.7-Seleccionar Empresa/a_SARA_usuarioformatabtabla_roles0j_idt151")): Object: 'Object Repository/2-OBJECTS TAREAS SECUNDARIAS/Pruebas Seguridad/6.1.7-Seleccionar Empresa/a_SARA_usuarioformatabtabla_roles0j_idt151' is clicked on

2022-06-10 09:38:03 - [MESSAGE][PASSED] - Object: 'Object Repository/2-OBJECTS TAREAS SECUNDARIAS/Pruebas Seguridad/6.1.7-Seleccionar Empresa/a_SARA_usuarioformatabtabla_roles0j_idt151' is clicked on

2022-06-10 09:38:03 - [TEST_STEP][PASSED] - click(findTestObject("2-OBJECTS TAREAS SECUNDARIAS/Pruebas Seguridad/6.1.7-Seleccionar Empresa/a_Aceptar_Acceso particular")): Object 'Object Repository/2-OBJECTS TAREAS SECUNDARIAS/Pruebas Seguridad/6.1.7-Seleccionar Empresa/a_SARA_usuarioformatabtabla_roles0j_idt151' is visible

2022-06-10 09:38:04 - [MESSAGE][PASSED] - Object: 'Object Repository/2-OBJECTS TAREAS SECUNDARIAS/Pruebas Seguridad/6.1.7-Seleccionar Empresa/a_Aceptar_Acceso particular' is clicked on

2022-06-10 09:38:05 - [MESSAGE][PASSED] - Object 'Object Repository/2-OBJECTS TAREAS SECUNDARIAS/Pruebas Seguridad/6.1.7-Seleccionar Empresa/a_SARA_usuarioformatabtabla_roles0j_idt151' is visible

2022-06-10 09:38:05 - [TEST_STEP][PASSED] - click(findTestObject("2-OBJECTS TAREAS SECUNDARIAS/Pruebas Seguridad/6.1.7-Seleccionar Empresa/a_SARA_usuarioformatabtabla_roles0j_idt151")): Object: 'Object Repository/2-OBJECTS TAREAS SECUNDARIAS/Pruebas Seguridad/6.1.7-Seleccionar Empresa/a_SARA_usuarioformatabtabla_roles0j_idt151' is clicked on

2022-06-10 09:38:05 - [MESSAGE][PASSED] - Object: 'Object Repository/2-OBJECTS TAREAS SECUNDARIAS/Pruebas Seguridad/6.1.7-Seleccionar Empresa/a_SARA_usuarioformatabtabla_roles0j_idt151' is clicked on

2022-06-10 09:38:05 - [TEST_STEP][PASSED] - click(findTestObject("2-OBJECTS TAREAS SECUNDARIAS/Pruebas Seguridad/6.1.7-Seleccionar Empresa/a_Aceptar_Acceso particular")): Object 'Object Repository/2-OBJECTS TAREAS SECUNDARIAS/Pruebas Seguridad/6.1.7-Seleccionar Empresa/a_SARA_usuarioformatabtabla_roles0j_idt151' is visible

2022-06-10 09:38:06 - [MESSAGE][PASSED] - Object: 'Object Repository/2-OBJECTS TAREAS SECUNDARIAS/Pruebas Seguridad/6.1.7-Seleccionar Empresa/a_Aceptar_Acceso particular' is clicked on

2022-06-10 09:38:06 - [MESSAGE][PASSED] - Object 'Object Repository/2-OBJECTS TAREAS SECUNDARIAS/Pruebas Seguridad/6.1.7-Seleccionar Empresa/a_SARA_usuarioformatabtabla_roles0j_idt151' is visible

2022-06-10 09:38:06 - [TEST_STEP][PASSED] - click(findTestObject("2-OBJECTS TAREAS SECUNDARIAS/Pruebas Seguridad/6.1.7-Seleccionar Empresa/a_SARA_usuarioformatabtabla_roles0j_idt151")): Object: 'Object Repository/2-OBJECTS TAREAS SECUNDARIAS/Pruebas Seguridad/6.1.7-Seleccionar Empresa/a_SARA_usuarioformatabtabla_roles0j_idt151' is clicked on

2022-06-10 09:38:07 - [MESSAGE][PASSED] - Object: 'Object Repository/2-OBJECTS TAREAS SECUNDARIAS/Pruebas Seguridad/6.1.7-Seleccionar Empresa/a_SARA_usuarioformatabtabla_roles0j_idt151' is clicked on

2022-06-10 09:38:07 - [TEST_STEP][PASSED] - click(findTestObject("2-OBJECTS TAREAS SECUNDARIAS/Pruebas Seguridad/6.1.7-Seleccionar Empresa/a_Aceptar_Acceso particular")): Object 'Object Repository/2-OBJECTS TAREAS SECUNDARIAS/Pruebas Seguridad/6.1.7-Seleccionar Empresa/a_SARA_usuarioformatabtabla_roles0j_idt151' is visible

2022-06-10 09:38:07 - [MESSAGE][PASSED] - Object: 'Object Repository/2-OBJECTS TAREAS SECUNDARIAS/Pruebas Seguridad/6.1.7-Seleccionar Empresa/a_Aceptar_Acceso particular' is clicked on

2022-06-10 09:38:08 - [MESSAGE][PASSED] - Object 'Object Repository/2-OBJECTS TAREAS SECUNDARIAS/Pruebas Seguridad/6.1.7-Seleccionar Empresa/a_SARA_usuarioformatabtabla_roles0j_idt151' is visible

2022-06-10 09:38:08 - [TEST_STEP][PASSED] - click(findTestObject("2-OBJECTS TAREAS SECUNDARIAS/Pruebas Seguridad/6.1.7-Seleccionar Empresa/a_SARA_usuarioformatabtabla_roles0j_idt151")): Object: 'Object Repository/2-OBJECTS TAREAS SECUNDARIAS/Pruebas Seguridad/6.1.7-Seleccionar Empresa/a_SARA_usuarioformatabtabla_roles0j_idt151' is clicked on

2022-06-10 09:38:08 - [MESSAGE][PASSED] - Object: 'Object Repository/2-OBJECTS TAREAS SECUNDARIAS/Pruebas Seguridad/6.1.7-Seleccionar Empresa/a_SARA_usuarioformatabtabla_roles0j_idt151' is clicked on

2022-06-10 09:38:08 - [TEST_STEP][PASSED] - click(findTestObject("2-OBJECTS TAREAS SECUNDARIAS/Pruebas Seguridad/6.1.7-Seleccionar Empresa/a_Aceptar_Acceso particular")): Object 'Object Repository/2-OBJECTS TAREAS SECUNDARIAS/Pruebas Seguridad/6.1.7-Seleccionar Empresa/a_SARA_usuarioformatabtabla_roles0j_idt151' is visible

2022-06-10 09:38:09 - [MESSAGE][PASSED] - Object: 'Object Repository/2-OBJECTS TAREAS SECUNDARIAS/Pruebas Seguridad/6.1.7-Seleccionar Empresa/a_Aceptar_Acceso particular' is clicked on

2022-06-10 09:38:10 - [MESSAGE][PASSED] - Object 'Object Repository/2-OBJECTS TAREAS SECUNDARIAS/Pruebas Seguridad/6.1.7-Seleccionar Empresa/a_SARA_usuarioformatabtabla_roles0j_idt151' is visible

2022-06-10 09:38:10 - [TEST_STEP][PASSED] - click(findTestObject("2-OBJECTS TAREAS SECUNDARIAS/Pruebas Seguridad/6.1.7-Seleccionar Empresa/a_SARA_usuarioformatabtabla_roles0j_idt151")): Object: 'Object Repository/2-OBJECTS TAREAS SECUNDARIAS/Pruebas Seguridad/6.1.7-Seleccionar Empresa/a_SARA_usuarioformatabtabla_roles0j_idt151' is clicked on

2022-06-10 09:38:10 - [MESSAGE][PASSED] - Object: 'Object Repository/2-OBJECTS TAREAS SECUNDARIAS/Pruebas Seguridad/6.1.7-Seleccionar Empresa/a_SARA_usuarioformatabtabla_roles0j_idt151' is clicked on

2022-06-10 09:38:10 - [TEST_STEP][PASSED] - click(findTestObject("2-OBJECTS TAREAS SECUNDARIAS/Pruebas Seguridad/6.1.7-Seleccionar Empresa/a_Aceptar_Acceso particular")): Object 'Object Repository/2-OBJECTS TAREAS SECUNDARIAS/Pruebas Seguridad/6.1.7-Seleccionar Empresa/a_SARA_usuarioformatabtabla_roles0j_idt151' is visible

2022-06-10 09:38:11 - [MESSAGE][PASSED] - Object: 'Object Repository/2-OBJECTS TAREAS SECUNDARIAS/Pruebas Seguridad/6.1.7-Seleccionar Empresa/a_Aceptar_Acceso particular' is clicked on

2022-06-10 09:38:11 - [MESSAGE][PASSED] - Object 'Object Repository/2-OBJECTS TAREAS SECUNDARIAS/Pruebas Seguridad/6.1.7-Seleccionar Empresa/a_SARA_usuarioformatabtabla_roles0j_idt151' is visible

2022-06-10 09:38:11 - [TEST_STEP][PASSED] - click(findTestObject("2-OBJECTS TAREAS SECUNDARIAS/Pruebas Seguridad/6.1.7-Seleccionar Empresa/a_SARA_usuarioformatabtabla_roles0j_idt151")): Object: 'Object Repository/2-OBJECTS TAREAS SECUNDARIAS/Pruebas Seguridad/6.1.7-Seleccionar Empresa/a_SARA_usuarioformatabtabla_roles0j_idt151' is clicked on

2022-06-10 09:38:12 - [MESSAGE][PASSED] - Object: 'Object Repository/2-OBJECTS TAREAS SECUNDARIAS/Pruebas Seguridad/6.1.7-Seleccionar Empresa/a_SARA_usuarioformatabtabla_roles0j_idt151' is clicked on

2022-06-10 09:38:12 - [TEST_STEP][PASSED] - click(findTestObject("2-OBJECTS TAREAS SECUNDARIAS/Pruebas Seguridad/6.1.7-Seleccionar Empresa/a_Aceptar_Acceso particular")): Object 'Object Repository/2-OBJECTS TAREAS SECUNDARIAS/Pruebas Seguridad/6.1.7-Seleccionar Empresa/a_SARA_usuarioformatabtabla_roles0j_idt151' is visible

2022-06-10 09:38:12 - [MESSAGE][PASSED] - Object: 'Object Repository/2-OBJECTS TAREAS SECUNDARIAS/Pruebas Seguridad/6.1.7-Seleccionar Empresa/a_Aceptar_Acceso particular' is clicked on

2022-06-10 09:38:13 - [MESSAGE][PASSED] - Object 'Object Repository/2-OBJECTS TAREAS SECUNDARIAS/Pruebas Seguridad/6.1.7-Seleccionar Empresa/a_SARA_usuarioformatabtabla_roles0j_idt151' is visible

2022-06-10 09:38:13 - [TEST_STEP][PASSED] - click(findTestObject("2-OBJECTS TAREAS SECUNDARIAS/Pruebas Seguridad/6.1.7-Seleccionar Empresa/a_SARA_usuarioformatabtabla_roles0j_idt151")): Object: 'Object Repository/2-OBJECTS TAREAS SECUNDARIAS/Pruebas Seguridad/6.1.7-Seleccionar Empresa/a_SARA_usuarioformatabtabla_roles0j_idt151' is clicked on

2022-06-10 09:38:13 - [MESSAGE][PASSED] - Object: 'Object Repository/2-OBJECTS TAREAS SECUNDARIAS/Pruebas Seguridad/6.1.7-Seleccionar Empresa/a_SARA_usuarioformatabtabla_roles0j_idt151' is clicked on

2022-06-10 09:38:13 - [TEST_STEP][PASSED] - click(findTestObject("2-OBJECTS TAREAS SECUNDARIAS/Pruebas Seguridad/6.1.7-Seleccionar Empresa/a_Aceptar_Acceso particular")): Object 'Object Repository/2-OBJECTS TAREAS SECUNDARIAS/Pruebas Seguridad/6.1.7-Seleccionar Empresa/a_SARA_usuarioformatabtabla_roles0j_idt151' is visible

2022-06-10 09:38:14 - [MESSAGE][PASSED] - Object: 'Object Repository/2-OBJECTS TAREAS SECUNDARIAS/Pruebas Seguridad/6.1.7-Seleccionar Empresa/a_Aceptar_Acceso particular' is clicked on

2022-06-10 09:38:14 - [MESSAGE][PASSED] - Object 'Object Repository/2-OBJECTS TAREAS SECUNDARIAS/Pruebas Seguridad/6.1.7-Seleccionar Empresa/a_SARA_usuarioformatabtabla_roles0j_idt151' is visible

2022-06-10 09:38:14 - [TEST_STEP][PASSED] - click(findTestObject("2-OBJECTS TAREAS SECUNDARIAS/Pruebas Seguridad/6.1.7-Seleccionar Empresa/a_SARA_usuarioformatabtabla_roles0j_idt151")): Object: 'Object Repository/2-OBJECTS TAREAS SECUNDARIAS/Pruebas Seguridad/6.1.7-Seleccionar Empresa/a_SARA_usuarioformatabtabla_roles0j_idt151' is clicked on

2022-06-10 09:38:15 - [MESSAGE][PASSED] - Object: 'Object Repository/2-OBJECTS TAREAS SECUNDARIAS/Pruebas Seguridad/6.1.7-Seleccionar Empresa/a_SARA_usuarioformatabtabla_roles0j_idt151' is clicked on

2022-06-10 09:38:15 - [TEST_STEP][PASSED] - click(findTestObject("2-OBJECTS TAREAS SECUNDARIAS/Pruebas Seguridad/6.1.7-Seleccionar Empresa/a_Aceptar_Acceso particular")): Web element with id: 'Object Repository/2-OBJECTS TAREAS SECUNDARIAS/Pruebas Seguridad/6.1.7-Seleccionar Empresa/a_SARA_usuarioformatabtabla_roles0j_idt151' located by '//a[@id='usuarioforma:tab:tabla_roles:0:j_idt151']' not found

2022-06-10 09:38:16 - [MESSAGE][PASSED] - Object: 'Object Repository/2-OBJECTS TAREAS SECUNDARIAS/Pruebas Seguridad/6.1.7-Seleccionar Empresa/a_Aceptar_Acceso particular' is clicked on

2022-06-10 09:38:18 - [MESSAGE][INFO] - Unable to find the element located by 'By.xpath: //a[@id='usuarioforma:tab:tabla_roles:0:j_idt151']'. Please recheck the objects properties to make sure the desired element is located. 

2022-06-10 09:38:18 - [MESSAGE][WARNING] - Web element with id: 'Object Repository/2-OBJECTS TAREAS SECUNDARIAS/Pruebas Seguridad/6.1.7-Seleccionar Empresa/a_SARA_usuarioformatabtabla_roles0j_idt151' located by '//a[@id='usuarioforma:tab:tabla_roles:0:j_idt151']' not found

2022-06-10 09:38:18 - [TEST_STEP][PASSED] - click(findTestObject("2-OBJECTS TAREAS SECUNDARIAS/Pruebas Seguridad/6.1.7-Seleccionar Empresa/a_Informacin")): Object: 'Object Repository/2-OBJECTS TAREAS SECUNDARIAS/Pruebas Seguridad/6.1.7-Seleccionar Empresa/a_Informacin' is clicked on

2022-06-10 09:38:18 - [MESSAGE][PASSED] - Object: 'Object Repository/2-OBJECTS TAREAS SECUNDARIAS/Pruebas Seguridad/6.1.7-Seleccionar Empresa/a_Informacin' is clicked on

2022-06-10 09:38:18 - [TEST_STEP][PASSED] - click(findTestObject("2-OBJECTS TAREAS SECUNDARIAS/Pruebas Seguridad/6.1.7-Seleccionar Empresa/a_Eliminar")): Object: 'Object Repository/2-OBJECTS TAREAS SECUNDARIAS/Pruebas Seguridad/6.1.7-Seleccionar Empresa/a_Eliminar' is clicked on

2022-06-10 09:38:18 - [MESSAGE][PASSED] - Object: 'Object Repository/2-OBJECTS TAREAS SECUNDARIAS/Pruebas Seguridad/6.1.7-Seleccionar Empresa/a_Eliminar' is clicked on

2022-06-10 09:38:18 - [TEST_STEP][PASSED] - click(findTestObject("2-OBJECTS TAREAS SECUNDARIAS/Pruebas Seguridad/6.1.7-Seleccionar Empresa/a_Aceptar_informacion")): Object: 'Object Repository/2-OBJECTS TAREAS SECUNDARIAS/Pruebas Seguridad/6.1.7-Seleccionar Empresa/a_Aceptar_informacion' is clicked on

2022-06-10 09:38:19 - [MESSAGE][PASSED] - Object: 'Object Repository/2-OBJECTS TAREAS SECUNDARIAS/Pruebas Seguridad/6.1.7-Seleccionar Empresa/a_Aceptar_informacion' is clicked on

2022-06-10 09:38:19 - [TEST_STEP][PASSED] - salir(): null

2022-06-10 09:38:19 - [TEST_STEP][PASSED] - click(findTestObject("2-OBJECTS TAREAS SECUNDARIAS/Pruebas Seguridad/6.1.7-Seleccionar Empresa/a_Empresa 1_cerrar_menu")): Object: 'Object Repository/2-OBJECTS TAREAS SECUNDARIAS/Pruebas Seguridad/6.1.7-Seleccionar Empresa/a_Empresa 1_cerrar_menu' is clicked on

2022-06-10 09:38:20 - [MESSAGE][PASSED] - Object: 'Object Repository/2-OBJECTS TAREAS SECUNDARIAS/Pruebas Seguridad/6.1.7-Seleccionar Empresa/a_Empresa 1_cerrar_menu' is clicked on

2022-06-10 09:38:20 - [TEST_STEP][PASSED] - click(findTestObject("2-OBJECTS TAREAS SECUNDARIAS/Pruebas Seguridad/6.1.7-Seleccionar Empresa/a_Administrador_glyphicons glyphicons-exit")): Object: 'Object Repository/2-OBJECTS TAREAS SECUNDARIAS/Pruebas Seguridad/6.1.7-Seleccionar Empresa/a_Administrador_glyphicons glyphicons-exit' is clicked on

2022-06-10 09:38:21 - [MESSAGE][PASSED] - Object: 'Object Repository/2-OBJECTS TAREAS SECUNDARIAS/Pruebas Seguridad/6.1.7-Seleccionar Empresa/a_Administrador_glyphicons glyphicons-exit' is clicked on

2022-06-10 09:38:21 - [TEST_STEP][PASSED] - waitForElementVisible(findTestObject("2-OBJECTS TAREAS SECUNDARIAS/Pruebas Seguridad/6.1.7-Seleccionar Empresa/div_Ingresar Olvide Mi Clave"), 0): null

2022-06-10 09:38:21 - [MESSAGE][WARNING] - Timeout '0' is invalid. Using default page load timeout: '37'

2022-06-10 09:38:21 - [MESSAGE][PASSED] - Object 'Object Repository/2-OBJECTS TAREAS SECUNDARIAS/Pruebas Seguridad/6.1.7-Seleccionar Empresa/div_Ingresar Olvide Mi Clave' is visible

2022-06-10 09:38:21 - [TEST_STEP][PASSED] - closeBrowser(): Browser is closed

2022-06-10 09:38:22 - [MESSAGE][PASSED] - Browser is closed]]></system-out>
         <system-err><![CDATA[]]></system-err>
      </testcase>
      <testcase name="Test Cases/1.1-Tareas Principales/1.8.2-Ejecucion_de_Reportes" time="67.106" classname="Test Cases/1.1-Tareas Principales/1.8.2-Ejecucion_de_Reportes" status="FAILED">
         <failure type="FAILED" message="Test Cases/1.1-Tareas Principales/1.8.2-Ejecucion_de_Reportes FAILED.
Reason:
com.kms.katalon.core.exception.StepFailedException: Unable to click on object 'Object Repository/1-OBJECTS TAREAS PRINCIPALES/Modulo Tarea Sara General/Ejecucion_de_Reportes/a_Descargar'
	at com.kms.katalon.core.webui.keyword.internal.WebUIKeywordMain.stepFailed(WebUIKeywordMain.groovy:64)
	at com.kms.katalon.core.webui.keyword.internal.WebUIKeywordMain.runKeyword(WebUIKeywordMain.groovy:26)
	at com.kms.katalon.core.webui.keyword.builtin.ClickKeyword.click(ClickKeyword.groovy:74)
	at com.kms.katalon.core.webui.keyword.builtin.ClickKeyword.execute(ClickKeyword.groovy:40)
	at com.kms.katalon.core.keyword.internal.KeywordExecutor.executeKeywordForPlatform(KeywordExecutor.groovy:74)
	at com.kms.katalon.core.webui.keyword.WebUiBuiltInKeywords.click(WebUiBuiltInKeywords.groovy:620)
	at com.kms.katalon.core.webui.keyword.WebUiBuiltInKeywords$click$5.call(Unknown Source)
	at 1.8.2-Ejecucion_de_Reportes.run(1.8.2-Ejecucion_de_Reportes:94)
	at com.kms.katalon.core.main.ScriptEngine.run(ScriptEngine.java:194)
	at com.kms.katalon.core.main.ScriptEngine.runScriptAsRawText(ScriptEngine.java:119)
	at com.kms.katalon.core.main.TestCaseExecutor.runScript(TestCaseExecutor.java:445)
	at com.kms.katalon.core.main.TestCaseExecutor.doExecute(TestCaseExecutor.java:436)
	at com.kms.katalon.core.main.TestCaseExecutor.processExecutionPhase(TestCaseExecutor.java:415)
	at com.kms.katalon.core.main.TestCaseExecutor.accessMainPhase(TestCaseExecutor.java:407)
	at com.kms.katalon.core.main.TestCaseExecutor.execute(TestCaseExecutor.java:284)
	at com.kms.katalon.core.common.CommonExecutor.accessTestCaseMainPhase(CommonExecutor.java:65)
	at com.kms.katalon.core.main.TestSuiteExecutor.accessTestSuiteMainPhase(TestSuiteExecutor.java:144)
	at com.kms.katalon.core.main.TestSuiteExecutor.execute(TestSuiteExecutor.java:106)
	at com.kms.katalon.core.main.TestCaseMain.startTestSuite(TestCaseMain.java:185)
	at com.kms.katalon.core.main.TestCaseMain$startTestSuite$0.call(Unknown Source)
	at TempTestSuite1654867643956.run(TempTestSuite1654867643956.groovy:36)
Caused by: com.kms.katalon.core.webui.exception.WebElementNotFoundException: Web element with id: 'Object Repository/1-OBJECTS TAREAS PRINCIPALES/Modulo Tarea Sara General/Ejecucion_de_Reportes/a_Descargar' located by '//a[contains(text(),'Descargar')]' not found
	at com.kms.katalon.core.webui.common.WebUiCommonHelper.findWebElement(WebUiCommonHelper.java:1370)
	at com.kms.katalon.core.webui.keyword.internal.WebUIAbstractKeyword.findWebElement(WebUIAbstractKeyword.groovy:27)
	at com.kms.katalon.core.webui.keyword.builtin.ClickKeyword$_click_closure1.doCall(ClickKeyword.groovy:65)
	at com.kms.katalon.core.webui.keyword.builtin.ClickKeyword$_click_closure1.call(ClickKeyword.groovy)
	at com.kms.katalon.core.webui.keyword.internal.WebUIKeywordMain.runKeyword(WebUIKeywordMain.groovy:20)
	... 19 more
"/>
         <system-out><![CDATA[2022-06-10 09:38:22 - [TEST_CASE][FAILED] - Test Cases/1.1-Tareas Principales/1.8.2-Ejecucion_de_Reportes: Test Cases/1.1-Tareas Principales/1.8.2-Ejecucion_de_Reportes FAILED.
Reason:
com.kms.katalon.core.exception.StepFailedException: Unable to click on object 'Object Repository/1-OBJECTS TAREAS PRINCIPALES/Modulo Tarea Sara General/Ejecucion_de_Reportes/a_Descargar'
	at com.kms.katalon.core.webui.keyword.internal.WebUIKeywordMain.stepFailed(WebUIKeywordMain.groovy:64)
	at com.kms.katalon.core.webui.keyword.internal.WebUIKeywordMain.runKeyword(WebUIKeywordMain.groovy:26)
	at com.kms.katalon.core.webui.keyword.builtin.ClickKeyword.click(ClickKeyword.groovy:74)
	at com.kms.katalon.core.webui.keyword.builtin.ClickKeyword.execute(ClickKeyword.groovy:40)
	at com.kms.katalon.core.keyword.internal.KeywordExecutor.executeKeywordForPlatform(KeywordExecutor.groovy:74)
	at com.kms.katalon.core.webui.keyword.WebUiBuiltInKeywords.click(WebUiBuiltInKeywords.groovy:620)
	at com.kms.katalon.core.webui.keyword.WebUiBuiltInKeywords$click$5.call(Unknown Source)
	at 1.8.2-Ejecucion_de_Reportes.run(1.8.2-Ejecucion_de_Reportes:94)
	at com.kms.katalon.core.main.ScriptEngine.run(ScriptEngine.java:194)
	at com.kms.katalon.core.main.ScriptEngine.runScriptAsRawText(ScriptEngine.java:119)
	at com.kms.katalon.core.main.TestCaseExecutor.runScript(TestCaseExecutor.java:445)
	at com.kms.katalon.core.main.TestCaseExecutor.doExecute(TestCaseExecutor.java:436)
	at com.kms.katalon.core.main.TestCaseExecutor.processExecutionPhase(TestCaseExecutor.java:415)
	at com.kms.katalon.core.main.TestCaseExecutor.accessMainPhase(TestCaseExecutor.java:407)
	at com.kms.katalon.core.main.TestCaseExecutor.execute(TestCaseExecutor.java:284)
	at com.kms.katalon.core.common.CommonExecutor.accessTestCaseMainPhase(CommonExecutor.java:65)
	at com.kms.katalon.core.main.TestSuiteExecutor.accessTestSuiteMainPhase(TestSuiteExecutor.java:144)
	at com.kms.katalon.core.main.TestSuiteExecutor.execute(TestSuiteExecutor.java:106)
	at com.kms.katalon.core.main.TestCaseMain.startTestSuite(TestCaseMain.java:185)
	at com.kms.katalon.core.main.TestCaseMain$startTestSuite$0.call(Unknown Source)
	at TempTestSuite1654867643956.run(TempTestSuite1654867643956.groovy:36)
Caused by: com.kms.katalon.core.webui.exception.WebElementNotFoundException: Web element with id: 'Object Repository/1-OBJECTS TAREAS PRINCIPALES/Modulo Tarea Sara General/Ejecucion_de_Reportes/a_Descargar' located by '//a[contains(text(),'Descargar')]' not found
	at com.kms.katalon.core.webui.common.WebUiCommonHelper.findWebElement(WebUiCommonHelper.java:1370)
	at com.kms.katalon.core.webui.keyword.internal.WebUIAbstractKeyword.findWebElement(WebUIAbstractKeyword.groovy:27)
	at com.kms.katalon.core.webui.keyword.builtin.ClickKeyword$_click_closure1.doCall(ClickKeyword.groovy:65)
	at com.kms.katalon.core.webui.keyword.builtin.ClickKeyword$_click_closure1.call(ClickKeyword.groovy)
	at com.kms.katalon.core.webui.keyword.internal.WebUIKeywordMain.runKeyword(WebUIKeywordMain.groovy:20)
	... 19 more


2022-06-10 09:38:22 - [TEST_STEP][PASSED] - callTestCase(findTestCase("0.1-Login"), [:], STOP_ON_FAILURE): Call Test Case 'Test Cases/0.1-Login' successfully

2022-06-10 09:38:22 - [TEST_CASE][PASSED] - Test Cases/0.1-Login: Test Cases/0.1-Login

2022-06-10 09:38:22 - [TEST_STEP][PASSED] - openBrowser(""): Browser is opened with url: ''

2022-06-10 09:38:22 - [MESSAGE][INFO] - Starting 'Chrome' driver

2022-06-10 09:38:22 - [MESSAGE][INFO] - Action delay is set to 0 milliseconds

2022-06-10 09:38:24 - [MESSAGE][PASSED] - Browser is opened with url: ''

2022-06-10 09:38:24 - [TEST_STEP][PASSED] - maximizeWindow(): Current window maximized

2022-06-10 09:38:24 - [MESSAGE][PASSED] - Current window maximized

2022-06-10 09:38:24 - [TEST_STEP][PASSED] - i = G_Login: null

2022-06-10 09:38:24 - [TEST_STEP][PASSED] - url = new java.net.URL(i): null

2022-06-10 09:38:24 - [TEST_STEP][PASSED] - println("URL: " + url.toString()): null

2022-06-10 09:38:24 - [TEST_STEP][PASSED] - connection = url.openConnection(): null

2022-06-10 09:38:24 - [TEST_STEP][PASSED] - connection.setRequestMethod("GET"): null

2022-06-10 09:38:24 - [TEST_STEP][PASSED] - connection.setReadTimeout(2 * 1000): null

2022-06-10 09:38:24 - [TEST_STEP][PASSED] - try: null

2022-06-10 09:38:24 - [TEST_STEP][PASSED] - connection.connect(): null

2022-06-10 09:38:24 - [TEST_STEP][PASSED] - flag = connected: null

2022-06-10 09:38:24 - [TEST_STEP][PASSED] - println("Valor_ori: " + flag): null

2022-06-10 09:38:24 - [TEST_STEP][PASSED] - if (flag): null

2022-06-10 09:38:24 - [TEST_STEP][PASSED] - navigateToUrl(i): Navigate to 'http://192.168.2.19:8380/saraweb' successfully

2022-06-10 09:38:24 - [MESSAGE][PASSED] - Navigate to 'http://192.168.2.19:8380/saraweb' successfully

2022-06-10 09:38:24 - [TEST_STEP][PASSED] - a(): null

2022-06-10 09:38:24 - [TEST_STEP][PASSED] - setText(findTestObject("3-OBJECTS UTILIDADES/Login/input_USUARIO_loginusuario"), G_Usuario): Text 'saraadmin' is set on object 'Object Repository/3-OBJECTS UTILIDADES/Login/input_USUARIO_loginusuario'

2022-06-10 09:38:25 - [MESSAGE][PASSED] - Text 'saraadmin' is set on object 'Object Repository/3-OBJECTS UTILIDADES/Login/input_USUARIO_loginusuario'

2022-06-10 09:38:25 - [TEST_STEP][PASSED] - setEncryptedText(findTestObject("3-OBJECTS UTILIDADES/Login/input_CLAVE_loginpassword"), "MkG4/TYiCFC3cb2driP7+Q=="): Text ****** has been set on object 'Object Repository/3-OBJECTS UTILIDADES/Login/input_CLAVE_loginpassword'

2022-06-10 09:38:25 - [MESSAGE][PASSED] - Text ****** has been set on object 'Object Repository/3-OBJECTS UTILIDADES/Login/input_CLAVE_loginpassword'

2022-06-10 09:38:25 - [TEST_STEP][PASSED] - waitForElementClickable(findTestObject("3-OBJECTS UTILIDADES/Login/a_Ingresar"), G_TimeOut): Object 'Object Repository/3-OBJECTS UTILIDADES/Login/a_Ingresar' is clickable

2022-06-10 09:38:26 - [MESSAGE][PASSED] - Object 'Object Repository/3-OBJECTS UTILIDADES/Login/a_Ingresar' is clickable

2022-06-10 09:38:26 - [TEST_STEP][PASSED] - click(findTestObject("3-OBJECTS UTILIDADES/Login/a_Ingresar")): Object: 'Object Repository/3-OBJECTS UTILIDADES/Login/a_Ingresar' is clicked on

2022-06-10 09:38:27 - [MESSAGE][PASSED] - Object: 'Object Repository/3-OBJECTS UTILIDADES/Login/a_Ingresar' is clicked on

2022-06-10 09:38:27 - [TEST_STEP][PASSED] - element = findWebElement(findTestObject("3-OBJECTS UTILIDADES/Login/a_Ir"), 30): null

2022-06-10 09:38:28 - [TEST_STEP][PASSED] - executeJavaScript("arguments[0].click()", Arrays.asList(element)): Execute JavaScript 'arguments[0].click()' successfully

2022-06-10 09:38:28 - [MESSAGE][PASSED] - Execute JavaScript 'arguments[0].click()' successfully

2022-06-10 09:38:28 - [MESSAGE][PASSED] - Call Test Case 'Test Cases/0.1-Login' successfully

2022-06-10 09:38:28 - [TEST_STEP][PASSED] - setText(findTestObject("1-OBJECTS TAREAS PRINCIPALES/Modulo Tarea Sara General/Ejecucion_de_Reportes/input_Empresa 1_form_templatej_idt24_input"), "Ejecucion Reporte (gna)"): Text 'Ejecucion Reporte (gna)' is set on object 'Object Repository/1-OBJECTS TAREAS PRINCIPALES/Modulo Tarea Sara General/Ejecucion_de_Reportes/input_Empresa 1_form_templatej_idt24_input'

2022-06-10 09:38:29 - [MESSAGE][PASSED] - Text 'Ejecucion Reporte (gna)' is set on object 'Object Repository/1-OBJECTS TAREAS PRINCIPALES/Modulo Tarea Sara General/Ejecucion_de_Reportes/input_Empresa 1_form_templatej_idt24_input'

2022-06-10 09:38:29 - [TEST_STEP][PASSED] - click(findTestObject("1-OBJECTS TAREAS PRINCIPALES/Modulo Tarea Sara General/Ejecucion_de_Reportes/span_Ejecucion Reporte (gna)")): Object: 'Object Repository/1-OBJECTS TAREAS PRINCIPALES/Modulo Tarea Sara General/Ejecucion_de_Reportes/span_Ejecucion Reporte (gna)' is clicked on

2022-06-10 09:38:30 - [MESSAGE][PASSED] - Object: 'Object Repository/1-OBJECTS TAREAS PRINCIPALES/Modulo Tarea Sara General/Ejecucion_de_Reportes/span_Ejecucion Reporte (gna)' is clicked on

2022-06-10 09:38:30 - [TEST_STEP][PASSED] - setText(findTestObject("1-OBJECTS TAREAS PRINCIPALES/Modulo Tarea Sara General/Ejecucion_de_Reportes/input_Parmetros_listaReporteFormj_idt64"), "Katalon"): Text 'Katalon' is set on object 'Object Repository/1-OBJECTS TAREAS PRINCIPALES/Modulo Tarea Sara General/Ejecucion_de_Reportes/input_Parmetros_listaReporteFormj_idt64'

2022-06-10 09:38:32 - [MESSAGE][PASSED] - Text 'Katalon' is set on object 'Object Repository/1-OBJECTS TAREAS PRINCIPALES/Modulo Tarea Sara General/Ejecucion_de_Reportes/input_Parmetros_listaReporteFormj_idt64'

2022-06-10 09:38:32 - [TEST_STEP][PASSED] - sendKeys(findTestObject("1-OBJECTS TAREAS PRINCIPALES/Modulo Tarea Sara General/Ejecucion_de_Reportes/input_Parmetros_listaReporteFormj_idt64"), Keys.chord(ENTER)): Keys 'ENTER + ' sent to object: 'Object Repository/1-OBJECTS TAREAS PRINCIPALES/Modulo Tarea Sara General/Ejecucion_de_Reportes/input_Parmetros_listaReporteFormj_idt64'

2022-06-10 09:38:33 - [MESSAGE][PASSED] - Keys 'ENTER + ' sent to object: 'Object Repository/1-OBJECTS TAREAS PRINCIPALES/Modulo Tarea Sara General/Ejecucion_de_Reportes/input_Parmetros_listaReporteFormj_idt64'

2022-06-10 09:38:33 - [TEST_STEP][PASSED] - click(findTestObject("1-OBJECTS TAREAS PRINCIPALES/Modulo Tarea Sara General/Ejecucion_de_Reportes/td_Reporte Vencimiento de Contratos Pruebas Katalon")): Object: 'Object Repository/1-OBJECTS TAREAS PRINCIPALES/Modulo Tarea Sara General/Ejecucion_de_Reportes/td_Reporte Vencimiento de Contratos Pruebas Katalon' is clicked on

2022-06-10 09:38:33 - [MESSAGE][PASSED] - Object: 'Object Repository/1-OBJECTS TAREAS PRINCIPALES/Modulo Tarea Sara General/Ejecucion_de_Reportes/td_Reporte Vencimiento de Contratos Pruebas Katalon' is clicked on

2022-06-10 09:38:33 - [TEST_STEP][PASSED] - click(findTestObject("1-OBJECTS TAREAS PRINCIPALES/Modulo Tarea Sara General/Ejecucion_de_Reportes/a_Ejecutar0")): Object: 'Object Repository/1-OBJECTS TAREAS PRINCIPALES/Modulo Tarea Sara General/Ejecucion_de_Reportes/a_Ejecutar0' is clicked on

2022-06-10 09:38:34 - [MESSAGE][PASSED] - Object: 'Object Repository/1-OBJECTS TAREAS PRINCIPALES/Modulo Tarea Sara General/Ejecucion_de_Reportes/a_Ejecutar0' is clicked on

2022-06-10 09:38:34 - [TEST_STEP][PASSED] - click(findTestObject("1-OBJECTS TAREAS PRINCIPALES/Modulo Tarea Sara General/Ejecucion_de_Reportes/a_Ver sentencia")): Object: 'Object Repository/1-OBJECTS TAREAS PRINCIPALES/Modulo Tarea Sara General/Ejecucion_de_Reportes/a_Ver sentencia' is clicked on

2022-06-10 09:38:34 - [MESSAGE][PASSED] - Object: 'Object Repository/1-OBJECTS TAREAS PRINCIPALES/Modulo Tarea Sara General/Ejecucion_de_Reportes/a_Ver sentencia' is clicked on

2022-06-10 09:38:34 - [TEST_STEP][PASSED] - waitForElementVisible(findTestObject("1-OBJECTS TAREAS PRINCIPALES/Modulo Tarea Sara General/Ejecucion_de_Reportes/textarea_select meml_hojavida, ceml_unidad, ceml_zonaeconomica, ceml_centrocosto, ceml_cargo,neml_vinculacion"), 1): Object 'Object Repository/1-OBJECTS TAREAS PRINCIPALES/Modulo Tarea Sara General/Ejecucion_de_Reportes/textarea_select meml_hojavida, ceml_unidad, ceml_zonaeconomica, ceml_centrocosto, ceml_cargo,neml_vinculacion' is visible

2022-06-10 09:38:35 - [MESSAGE][PASSED] - Object 'Object Repository/1-OBJECTS TAREAS PRINCIPALES/Modulo Tarea Sara General/Ejecucion_de_Reportes/textarea_select meml_hojavida, ceml_unidad, ceml_zonaeconomica, ceml_centrocosto, ceml_cargo,neml_vinculacion' is visible

2022-06-10 09:38:35 - [TEST_STEP][PASSED] - click(findTestObject("1-OBJECTS TAREAS PRINCIPALES/Modulo Tarea Sara General/Ejecucion_de_Reportes/span_Plantilla_ui-icon ui-icon-closethick")): Object: 'Object Repository/1-OBJECTS TAREAS PRINCIPALES/Modulo Tarea Sara General/Ejecucion_de_Reportes/span_Plantilla_ui-icon ui-icon-closethick' is clicked on

2022-06-10 09:38:36 - [MESSAGE][PASSED] - Object: 'Object Repository/1-OBJECTS TAREAS PRINCIPALES/Modulo Tarea Sara General/Ejecucion_de_Reportes/span_Plantilla_ui-icon ui-icon-closethick' is clicked on

2022-06-10 09:38:36 - [TEST_STEP][PASSED] - click(findTestObject("1-OBJECTS TAREAS PRINCIPALES/Modulo Tarea Sara General/Ejecucion_de_Reportes/label_Excel")): Object: 'Object Repository/1-OBJECTS TAREAS PRINCIPALES/Modulo Tarea Sara General/Ejecucion_de_Reportes/label_Excel' is clicked on

2022-06-10 09:38:36 - [MESSAGE][PASSED] - Object: 'Object Repository/1-OBJECTS TAREAS PRINCIPALES/Modulo Tarea Sara General/Ejecucion_de_Reportes/label_Excel' is clicked on

2022-06-10 09:38:36 - [TEST_STEP][PASSED] - click(findTestObject("1-OBJECTS TAREAS PRINCIPALES/Modulo Tarea Sara General/Ejecucion_de_Reportes/label_Descargar")): Object: 'Object Repository/1-OBJECTS TAREAS PRINCIPALES/Modulo Tarea Sara General/Ejecucion_de_Reportes/label_Descargar' is clicked on

2022-06-10 09:38:37 - [MESSAGE][PASSED] - Object: 'Object Repository/1-OBJECTS TAREAS PRINCIPALES/Modulo Tarea Sara General/Ejecucion_de_Reportes/label_Descargar' is clicked on

2022-06-10 09:38:37 - [TEST_STEP][PASSED] - setText(findTestObject("1-OBJECTS TAREAS PRINCIPALES/Modulo Tarea Sara General/Ejecucion_de_Reportes/input_Fecha Terminacion_popupReportetablaParametroReporte0fecha_input"), Fecha()): null

2022-06-10 09:38:37 - [TEST_STEP][PASSED] - today = new java.util.Date(): null

2022-06-10 09:38:37 - [TEST_STEP][PASSED] - Dia = today.format("dd"): null

2022-06-10 09:38:37 - [TEST_STEP][PASSED] - Mes = today.format("MM"): null

2022-06-10 09:38:37 - [TEST_STEP][PASSED] - Año = today.format("yyyy"): null

2022-06-10 09:38:37 - [TEST_STEP][PASSED] - FechaI = Dia + "/" + Mes + "/" + Año: Text '10/06/2022' is set on object 'Object Repository/1-OBJECTS TAREAS PRINCIPALES/Modulo Tarea Sara General/Ejecucion_de_Reportes/input_Fecha Terminacion_popupReportetablaParametroReporte0fecha_input'

2022-06-10 09:38:38 - [MESSAGE][PASSED] - Text '10/06/2022' is set on object 'Object Repository/1-OBJECTS TAREAS PRINCIPALES/Modulo Tarea Sara General/Ejecucion_de_Reportes/input_Fecha Terminacion_popupReportetablaParametroReporte0fecha_input'

2022-06-10 09:38:38 - [TEST_STEP][PASSED] - sendKeys(findTestObject("1-OBJECTS TAREAS PRINCIPALES/Modulo Tarea Sara General/Ejecucion_de_Reportes/input_Fecha Terminacion_popupReportetablaParametroReporte0fecha_input"), Keys.chord(ESCAPE)): Keys 'ESCAPE + ' sent to object: 'Object Repository/1-OBJECTS TAREAS PRINCIPALES/Modulo Tarea Sara General/Ejecucion_de_Reportes/input_Fecha Terminacion_popupReportetablaParametroReporte0fecha_input'

2022-06-10 09:38:38 - [MESSAGE][PASSED] - Keys 'ESCAPE + ' sent to object: 'Object Repository/1-OBJECTS TAREAS PRINCIPALES/Modulo Tarea Sara General/Ejecucion_de_Reportes/input_Fecha Terminacion_popupReportetablaParametroReporte0fecha_input'

2022-06-10 09:38:38 - [TEST_STEP][PASSED] - setText(findTestObject("1-OBJECTS TAREAS PRINCIPALES/Modulo Tarea Sara General/Ejecucion_de_Reportes/input_Estado Texto_popupReportetablaParametroReporte1j_idt1300"), "L"): Text 'L' is set on object 'Object Repository/1-OBJECTS TAREAS PRINCIPALES/Modulo Tarea Sara General/Ejecucion_de_Reportes/input_Estado Texto_popupReportetablaParametroReporte1j_idt1300'

2022-06-10 09:38:39 - [MESSAGE][PASSED] - Text 'L' is set on object 'Object Repository/1-OBJECTS TAREAS PRINCIPALES/Modulo Tarea Sara General/Ejecucion_de_Reportes/input_Estado Texto_popupReportetablaParametroReporte1j_idt1300'

2022-06-10 09:38:39 - [TEST_STEP][PASSED] - setText(findTestObject("1-OBJECTS TAREAS PRINCIPALES/Modulo Tarea Sara General/Ejecucion_de_Reportes/input_Empresa Numero_popupReportetablaParametroReporte2j_idt1302"), "1"): Text '1' is set on object 'Object Repository/1-OBJECTS TAREAS PRINCIPALES/Modulo Tarea Sara General/Ejecucion_de_Reportes/input_Empresa Numero_popupReportetablaParametroReporte2j_idt1302'

2022-06-10 09:38:40 - [MESSAGE][PASSED] - Text '1' is set on object 'Object Repository/1-OBJECTS TAREAS PRINCIPALES/Modulo Tarea Sara General/Ejecucion_de_Reportes/input_Empresa Numero_popupReportetablaParametroReporte2j_idt1302'

2022-06-10 09:38:40 - [TEST_STEP][PASSED] - setText(findTestObject("1-OBJECTS TAREAS PRINCIPALES/Modulo Tarea Sara General/Ejecucion_de_Reportes/input_Empresa Decimal_popupReportetablaParametroReporte3j_idt1303"), "1"): Text '1' is set on object 'Object Repository/1-OBJECTS TAREAS PRINCIPALES/Modulo Tarea Sara General/Ejecucion_de_Reportes/input_Empresa Decimal_popupReportetablaParametroReporte3j_idt1303'

2022-06-10 09:38:41 - [MESSAGE][PASSED] - Text '1' is set on object 'Object Repository/1-OBJECTS TAREAS PRINCIPALES/Modulo Tarea Sara General/Ejecucion_de_Reportes/input_Empresa Decimal_popupReportetablaParametroReporte3j_idt1303'

2022-06-10 09:38:41 - [TEST_STEP][PASSED] - selectOptionByIndex(findTestObject("1-OBJECTS TAREAS PRINCIPALES/Modulo Tarea Sara General/Ejecucion_de_Reportes/select_CALIDADMENSUAL ABCMODELO EMPRESA QUINCENALPANSIONADOSPENSIONADOS BASEPRUEBAS"), "1"): All options with index in [1] are selected on object 'Object Repository/1-OBJECTS TAREAS PRINCIPALES/Modulo Tarea Sara General/Ejecucion_de_Reportes/select_CALIDADMENSUAL ABCMODELO EMPRESA QUINCENALPANSIONADOSPENSIONADOS BASEPRUEBAS'

2022-06-10 09:38:42 - [MESSAGE][PASSED] - All options with index in [1] are selected on object 'Object Repository/1-OBJECTS TAREAS PRINCIPALES/Modulo Tarea Sara General/Ejecucion_de_Reportes/select_CALIDADMENSUAL ABCMODELO EMPRESA QUINCENALPANSIONADOSPENSIONADOS BASEPRUEBAS'

2022-06-10 09:38:42 - [TEST_STEP][PASSED] - click(findTestObject("1-OBJECTS TAREAS PRINCIPALES/Modulo Tarea Sara General/Ejecucion_de_Reportes/span_Excel_ui-radiobutton-icon ui-icon ui-icon-blank ui-c")): Object: 'Object Repository/1-OBJECTS TAREAS PRINCIPALES/Modulo Tarea Sara General/Ejecucion_de_Reportes/span_Excel_ui-radiobutton-icon ui-icon ui-icon-blank ui-c' is clicked on

2022-06-10 09:38:43 - [MESSAGE][PASSED] - Object: 'Object Repository/1-OBJECTS TAREAS PRINCIPALES/Modulo Tarea Sara General/Ejecucion_de_Reportes/span_Excel_ui-radiobutton-icon ui-icon ui-icon-blank ui-c' is clicked on

2022-06-10 09:38:43 - [TEST_STEP][PASSED] - click(findTestObject("1-OBJECTS TAREAS PRINCIPALES/Modulo Tarea Sara General/Ejecucion_de_Reportes/label_Excel")): Object: 'Object Repository/1-OBJECTS TAREAS PRINCIPALES/Modulo Tarea Sara General/Ejecucion_de_Reportes/label_Excel' is clicked on

2022-06-10 09:38:43 - [MESSAGE][PASSED] - Object: 'Object Repository/1-OBJECTS TAREAS PRINCIPALES/Modulo Tarea Sara General/Ejecucion_de_Reportes/label_Excel' is clicked on

2022-06-10 09:38:43 - [TEST_STEP][PASSED] - selectOptionByIndex(findTestObject("1-OBJECTS TAREAS PRINCIPALES/Modulo Tarea Sara General/Ejecucion_de_Reportes/select_Lista Cargo Empresa_popupReportetablaParametroReporte5j_idt1304"), 2): All options with index in [2] are selected on object 'Object Repository/1-OBJECTS TAREAS PRINCIPALES/Modulo Tarea Sara General/Ejecucion_de_Reportes/select_Lista Cargo Empresa_popupReportetablaParametroReporte5j_idt1304'

2022-06-10 09:38:45 - [MESSAGE][PASSED] - All options with index in [2] are selected on object 'Object Repository/1-OBJECTS TAREAS PRINCIPALES/Modulo Tarea Sara General/Ejecucion_de_Reportes/select_Lista Cargo Empresa_popupReportetablaParametroReporte5j_idt1304'

2022-06-10 09:38:45 - [TEST_STEP][PASSED] - sendKeys(findTestObject("1-OBJECTS TAREAS PRINCIPALES/Modulo Tarea Sara General/Ejecucion_de_Reportes/input_Fecha Terminacion_popupReportetablaParametroReporte0fecha_input"), Keys.chord(ESCAPE)): Keys 'ESCAPE + ' sent to object: 'Object Repository/1-OBJECTS TAREAS PRINCIPALES/Modulo Tarea Sara General/Ejecucion_de_Reportes/input_Fecha Terminacion_popupReportetablaParametroReporte0fecha_input'

2022-06-10 09:38:45 - [MESSAGE][PASSED] - Keys 'ESCAPE + ' sent to object: 'Object Repository/1-OBJECTS TAREAS PRINCIPALES/Modulo Tarea Sara General/Ejecucion_de_Reportes/input_Fecha Terminacion_popupReportetablaParametroReporte0fecha_input'

2022-06-10 09:38:45 - [TEST_STEP][PASSED] - click(findTestObject("1-OBJECTS TAREAS PRINCIPALES/Modulo Tarea Sara General/Ejecucion_de_Reportes/span_Descargar_ui-radiobutton-icon ui-icon ui-icon-blank ui-c")): Object: 'Object Repository/1-OBJECTS TAREAS PRINCIPALES/Modulo Tarea Sara General/Ejecucion_de_Reportes/span_Descargar_ui-radiobutton-icon ui-icon ui-icon-blank ui-c' is clicked on

2022-06-10 09:38:46 - [MESSAGE][PASSED] - Object: 'Object Repository/1-OBJECTS TAREAS PRINCIPALES/Modulo Tarea Sara General/Ejecucion_de_Reportes/span_Descargar_ui-radiobutton-icon ui-icon ui-icon-blank ui-c' is clicked on

2022-06-10 09:38:46 - [TEST_STEP][PASSED] - click(findTestObject("1-OBJECTS TAREAS PRINCIPALES/Modulo Tarea Sara General/Ejecucion_de_Reportes/label_Descargar")): Object: 'Object Repository/1-OBJECTS TAREAS PRINCIPALES/Modulo Tarea Sara General/Ejecucion_de_Reportes/label_Descargar' is clicked on

2022-06-10 09:38:46 - [MESSAGE][PASSED] - Object: 'Object Repository/1-OBJECTS TAREAS PRINCIPALES/Modulo Tarea Sara General/Ejecucion_de_Reportes/label_Descargar' is clicked on

2022-06-10 09:38:46 - [TEST_STEP][PASSED] - element = findWebElement(findTestObject("1-OBJECTS TAREAS PRINCIPALES/Modulo Tarea Sara General/Ejecucion_de_Reportes/a_Generar"), 30): null

2022-06-10 09:38:47 - [TEST_STEP][PASSED] - executeJavaScript("arguments[0].click()", Arrays.asList(element)): Execute JavaScript 'arguments[0].click()' successfully

2022-06-10 09:38:47 - [MESSAGE][PASSED] - Execute JavaScript 'arguments[0].click()' successfully

2022-06-10 09:38:47 - [TEST_STEP][PASSED] - getText(findTestObject("1-OBJECTS TAREAS PRINCIPALES/Modulo Tarea Sara General/Ejecucion_de_Reportes/div_El proceso fue ejecutado correctamente")): Text of object 'Object Repository/1-OBJECTS TAREAS PRINCIPALES/Modulo Tarea Sara General/Ejecucion_de_Reportes/div_El proceso fue ejecutado correctamente' is: 'Generando archivo....'

2022-06-10 09:38:47 - [MESSAGE][PASSED] - Text of object 'Object Repository/1-OBJECTS TAREAS PRINCIPALES/Modulo Tarea Sara General/Ejecucion_de_Reportes/div_El proceso fue ejecutado correctamente' is: 'Generando archivo....'

2022-06-10 09:38:47 - [TEST_STEP][PASSED] - click(findTestObject("1-OBJECTS TAREAS PRINCIPALES/Modulo Tarea Sara General/Ejecucion_de_Reportes/a_Continuar")): Object: 'Object Repository/1-OBJECTS TAREAS PRINCIPALES/Modulo Tarea Sara General/Ejecucion_de_Reportes/a_Continuar' is clicked on

2022-06-10 09:38:51 - [MESSAGE][PASSED] - Object: 'Object Repository/1-OBJECTS TAREAS PRINCIPALES/Modulo Tarea Sara General/Ejecucion_de_Reportes/a_Continuar' is clicked on

2022-06-10 09:38:51 - [TEST_STEP][FAILED] - click(findTestObject("1-OBJECTS TAREAS PRINCIPALES/Modulo Tarea Sara General/Ejecucion_de_Reportes/a_Descargar")): Unable to click on object 'Object Repository/1-OBJECTS TAREAS PRINCIPALES/Modulo Tarea Sara General/Ejecucion_de_Reportes/a_Descargar' (Root cause: com.kms.katalon.core.exception.StepFailedException: Unable to click on object 'Object Repository/1-OBJECTS TAREAS PRINCIPALES/Modulo Tarea Sara General/Ejecucion_de_Reportes/a_Descargar'
	at com.kms.katalon.core.webui.keyword.internal.WebUIKeywordMain.stepFailed(WebUIKeywordMain.groovy:64)
	at com.kms.katalon.core.webui.keyword.internal.WebUIKeywordMain.runKeyword(WebUIKeywordMain.groovy:26)
	at com.kms.katalon.core.webui.keyword.builtin.ClickKeyword.click(ClickKeyword.groovy:74)
	at com.kms.katalon.core.webui.keyword.builtin.ClickKeyword.execute(ClickKeyword.groovy:40)
	at com.kms.katalon.core.keyword.internal.KeywordExecutor.executeKeywordForPlatform(KeywordExecutor.groovy:74)
	at com.kms.katalon.core.webui.keyword.WebUiBuiltInKeywords.click(WebUiBuiltInKeywords.groovy:620)
	at com.kms.katalon.core.webui.keyword.WebUiBuiltInKeywords$click$5.call(Unknown Source)
	at 1.8.2-Ejecucion_de_Reportes.run(1.8.2-Ejecucion_de_Reportes:94)
	at com.kms.katalon.core.main.ScriptEngine.run(ScriptEngine.java:194)
	at com.kms.katalon.core.main.ScriptEngine.runScriptAsRawText(ScriptEngine.java:119)
	at com.kms.katalon.core.main.TestCaseExecutor.runScript(TestCaseExecutor.java:445)
	at com.kms.katalon.core.main.TestCaseExecutor.doExecute(TestCaseExecutor.java:436)
	at com.kms.katalon.core.main.TestCaseExecutor.processExecutionPhase(TestCaseExecutor.java:415)
	at com.kms.katalon.core.main.TestCaseExecutor.accessMainPhase(TestCaseExecutor.java:407)
	at com.kms.katalon.core.main.TestCaseExecutor.execute(TestCaseExecutor.java:284)
	at com.kms.katalon.core.common.CommonExecutor.accessTestCaseMainPhase(CommonExecutor.java:65)
	at com.kms.katalon.core.main.TestSuiteExecutor.accessTestSuiteMainPhase(TestSuiteExecutor.java:144)
	at com.kms.katalon.core.main.TestSuiteExecutor.execute(TestSuiteExecutor.java:106)
	at com.kms.katalon.core.main.TestCaseMain.startTestSuite(TestCaseMain.java:185)
	at com.kms.katalon.core.main.TestCaseMain$startTestSuite$0.call(Unknown Source)
	at TempTestSuite1654867643956.run(TempTestSuite1654867643956.groovy:36)
Caused by: com.kms.katalon.core.webui.exception.WebElementNotFoundException: Web element with id: 'Object Repository/1-OBJECTS TAREAS PRINCIPALES/Modulo Tarea Sara General/Ejecucion_de_Reportes/a_Descargar' located by '//a[contains(text(),'Descargar')]' not found
	at com.kms.katalon.core.webui.common.WebUiCommonHelper.findWebElement(WebUiCommonHelper.java:1370)
	at com.kms.katalon.core.webui.keyword.internal.WebUIAbstractKeyword.findWebElement(WebUIAbstractKeyword.groovy:27)
	at com.kms.katalon.core.webui.keyword.builtin.ClickKeyword$_click_closure1.doCall(ClickKeyword.groovy:65)
	at com.kms.katalon.core.webui.keyword.builtin.ClickKeyword$_click_closure1.call(ClickKeyword.groovy)
	at com.kms.katalon.core.webui.keyword.internal.WebUIKeywordMain.runKeyword(WebUIKeywordMain.groovy:20)
	at com.kms.katalon.core.webui.keyword.builtin.ClickKeyword.click(ClickKeyword.groovy:74)
	at com.kms.katalon.core.webui.keyword.builtin.ClickKeyword.execute(ClickKeyword.groovy:40)
	at com.kms.katalon.core.keyword.internal.KeywordExecutor.executeKeywordForPlatform(KeywordExecutor.groovy:74)
	at com.kms.katalon.core.webui.keyword.WebUiBuiltInKeywords.click(WebUiBuiltInKeywords.groovy:620)
	at com.kms.katalon.core.webui.keyword.WebUiBuiltInKeywords$click$5.call(Unknown Source)
	at Script1649706261869.run(Script1649706261869.groovy:94)
	... 13 more
)

2022-06-10 09:39:29 - [MESSAGE][INFO] - Unable to find the element located by 'By.xpath: //a[contains(text(),'Descargar')]'. Please recheck the objects properties to make sure the desired element is located. 

2022-06-10 09:39:29 - [MESSAGE][FAILED] - Unable to click on object 'Object Repository/1-OBJECTS TAREAS PRINCIPALES/Modulo Tarea Sara General/Ejecucion_de_Reportes/a_Descargar' (Root cause: com.kms.katalon.core.exception.StepFailedException: Unable to click on object 'Object Repository/1-OBJECTS TAREAS PRINCIPALES/Modulo Tarea Sara General/Ejecucion_de_Reportes/a_Descargar'
	at com.kms.katalon.core.webui.keyword.internal.WebUIKeywordMain.stepFailed(WebUIKeywordMain.groovy:64)
	at com.kms.katalon.core.webui.keyword.internal.WebUIKeywordMain.runKeyword(WebUIKeywordMain.groovy:26)
	at com.kms.katalon.core.webui.keyword.builtin.ClickKeyword.click(ClickKeyword.groovy:74)
	at com.kms.katalon.core.webui.keyword.builtin.ClickKeyword.execute(ClickKeyword.groovy:40)
	at com.kms.katalon.core.keyword.internal.KeywordExecutor.executeKeywordForPlatform(KeywordExecutor.groovy:74)
	at com.kms.katalon.core.webui.keyword.WebUiBuiltInKeywords.click(WebUiBuiltInKeywords.groovy:620)
	at com.kms.katalon.core.webui.keyword.WebUiBuiltInKeywords$click$5.call(Unknown Source)
	at 1.8.2-Ejecucion_de_Reportes.run(1.8.2-Ejecucion_de_Reportes:94)
	at com.kms.katalon.core.main.ScriptEngine.run(ScriptEngine.java:194)
	at com.kms.katalon.core.main.ScriptEngine.runScriptAsRawText(ScriptEngine.java:119)
	at com.kms.katalon.core.main.TestCaseExecutor.runScript(TestCaseExecutor.java:445)
	at com.kms.katalon.core.main.TestCaseExecutor.doExecute(TestCaseExecutor.java:436)
	at com.kms.katalon.core.main.TestCaseExecutor.processExecutionPhase(TestCaseExecutor.java:415)
	at com.kms.katalon.core.main.TestCaseExecutor.accessMainPhase(TestCaseExecutor.java:407)
	at com.kms.katalon.core.main.TestCaseExecutor.execute(TestCaseExecutor.java:284)
	at com.kms.katalon.core.common.CommonExecutor.accessTestCaseMainPhase(CommonExecutor.java:65)
	at com.kms.katalon.core.main.TestSuiteExecutor.accessTestSuiteMainPhase(TestSuiteExecutor.java:144)
	at com.kms.katalon.core.main.TestSuiteExecutor.execute(TestSuiteExecutor.java:106)
	at com.kms.katalon.core.main.TestCaseMain.startTestSuite(TestCaseMain.java:185)
	at com.kms.katalon.core.main.TestCaseMain$startTestSuite$0.call(Unknown Source)
	at TempTestSuite1654867643956.run(TempTestSuite1654867643956.groovy:36)
Caused by: com.kms.katalon.core.webui.exception.WebElementNotFoundException: Web element with id: 'Object Repository/1-OBJECTS TAREAS PRINCIPALES/Modulo Tarea Sara General/Ejecucion_de_Reportes/a_Descargar' located by '//a[contains(text(),'Descargar')]' not found
	at com.kms.katalon.core.webui.common.WebUiCommonHelper.findWebElement(WebUiCommonHelper.java:1370)
	at com.kms.katalon.core.webui.keyword.internal.WebUIAbstractKeyword.findWebElement(WebUIAbstractKeyword.groovy:27)
	at com.kms.katalon.core.webui.keyword.builtin.ClickKeyword$_click_closure1.doCall(ClickKeyword.groovy:65)
	at com.kms.katalon.core.webui.keyword.builtin.ClickKeyword$_click_closure1.call(ClickKeyword.groovy)
	at com.kms.katalon.core.webui.keyword.internal.WebUIKeywordMain.runKeyword(WebUIKeywordMain.groovy:20)
	at com.kms.katalon.core.webui.keyword.builtin.ClickKeyword.click(ClickKeyword.groovy:74)
	at com.kms.katalon.core.webui.keyword.builtin.ClickKeyword.execute(ClickKeyword.groovy:40)
	at com.kms.katalon.core.keyword.internal.KeywordExecutor.executeKeywordForPlatform(KeywordExecutor.groovy:74)
	at com.kms.katalon.core.webui.keyword.WebUiBuiltInKeywords.click(WebUiBuiltInKeywords.groovy:620)
	at com.kms.katalon.core.webui.keyword.WebUiBuiltInKeywords$click$5.call(Unknown Source)
	at Script1649706261869.run(Script1649706261869.groovy:94)
	... 13 more
)
[[ATTACHMENT|C:\\Users\\diego.rojas\\git\\Pruebas-Minimas\\Reports\\20220610_082723\\Test_Suite_Principales\\1-Tareas Principales\\20220610_082723\\1654871969427.png]]]]></system-out>
         <system-err><![CDATA[2022-06-10 09:38:22 - [TEST_CASE][FAILED] - Test Cases/1.1-Tareas Principales/1.8.2-Ejecucion_de_Reportes: Test Cases/1.1-Tareas Principales/1.8.2-Ejecucion_de_Reportes FAILED.
Reason:
com.kms.katalon.core.exception.StepFailedException: Unable to click on object 'Object Repository/1-OBJECTS TAREAS PRINCIPALES/Modulo Tarea Sara General/Ejecucion_de_Reportes/a_Descargar'
	at com.kms.katalon.core.webui.keyword.internal.WebUIKeywordMain.stepFailed(WebUIKeywordMain.groovy:64)
	at com.kms.katalon.core.webui.keyword.internal.WebUIKeywordMain.runKeyword(WebUIKeywordMain.groovy:26)
	at com.kms.katalon.core.webui.keyword.builtin.ClickKeyword.click(ClickKeyword.groovy:74)
	at com.kms.katalon.core.webui.keyword.builtin.ClickKeyword.execute(ClickKeyword.groovy:40)
	at com.kms.katalon.core.keyword.internal.KeywordExecutor.executeKeywordForPlatform(KeywordExecutor.groovy:74)
	at com.kms.katalon.core.webui.keyword.WebUiBuiltInKeywords.click(WebUiBuiltInKeywords.groovy:620)
	at com.kms.katalon.core.webui.keyword.WebUiBuiltInKeywords$click$5.call(Unknown Source)
	at 1.8.2-Ejecucion_de_Reportes.run(1.8.2-Ejecucion_de_Reportes:94)
	at com.kms.katalon.core.main.ScriptEngine.run(ScriptEngine.java:194)
	at com.kms.katalon.core.main.ScriptEngine.runScriptAsRawText(ScriptEngine.java:119)
	at com.kms.katalon.core.main.TestCaseExecutor.runScript(TestCaseExecutor.java:445)
	at com.kms.katalon.core.main.TestCaseExecutor.doExecute(TestCaseExecutor.java:436)
	at com.kms.katalon.core.main.TestCaseExecutor.processExecutionPhase(TestCaseExecutor.java:415)
	at com.kms.katalon.core.main.TestCaseExecutor.accessMainPhase(TestCaseExecutor.java:407)
	at com.kms.katalon.core.main.TestCaseExecutor.execute(TestCaseExecutor.java:284)
	at com.kms.katalon.core.common.CommonExecutor.accessTestCaseMainPhase(CommonExecutor.java:65)
	at com.kms.katalon.core.main.TestSuiteExecutor.accessTestSuiteMainPhase(TestSuiteExecutor.java:144)
	at com.kms.katalon.core.main.TestSuiteExecutor.execute(TestSuiteExecutor.java:106)
	at com.kms.katalon.core.main.TestCaseMain.startTestSuite(TestCaseMain.java:185)
	at com.kms.katalon.core.main.TestCaseMain$startTestSuite$0.call(Unknown Source)
	at TempTestSuite1654867643956.run(TempTestSuite1654867643956.groovy:36)
Caused by: com.kms.katalon.core.webui.exception.WebElementNotFoundException: Web element with id: 'Object Repository/1-OBJECTS TAREAS PRINCIPALES/Modulo Tarea Sara General/Ejecucion_de_Reportes/a_Descargar' located by '//a[contains(text(),'Descargar')]' not found
	at com.kms.katalon.core.webui.common.WebUiCommonHelper.findWebElement(WebUiCommonHelper.java:1370)
	at com.kms.katalon.core.webui.keyword.internal.WebUIAbstractKeyword.findWebElement(WebUIAbstractKeyword.groovy:27)
	at com.kms.katalon.core.webui.keyword.builtin.ClickKeyword$_click_closure1.doCall(ClickKeyword.groovy:65)
	at com.kms.katalon.core.webui.keyword.builtin.ClickKeyword$_click_closure1.call(ClickKeyword.groovy)
	at com.kms.katalon.core.webui.keyword.internal.WebUIKeywordMain.runKeyword(WebUIKeywordMain.groovy:20)
	... 19 more]]></system-err>
      </testcase>
      <testcase name="Test Cases/1.1-Tareas Principales/Listado hojas de Vida" time="9.493" classname="Test Cases/1.1-Tareas Principales/Listado hojas de Vida" status="PASSED">
         <system-out><![CDATA[2022-06-10 09:39:29 - [TEST_CASE][PASSED] - Test Cases/1.1-Tareas Principales/Listado hojas de Vida: Test Cases/1.1-Tareas Principales/Listado hojas de Vida

2022-06-10 09:39:29 - [TEST_STEP][PASSED] - callTestCase(findTestCase("0.1-Login"), [:], STOP_ON_FAILURE): Call Test Case 'Test Cases/0.1-Login' successfully

2022-06-10 09:39:29 - [TEST_CASE][PASSED] - Test Cases/0.1-Login: Test Cases/0.1-Login

2022-06-10 09:39:29 - [TEST_STEP][PASSED] - openBrowser(""): Browser is opened with url: ''

2022-06-10 09:39:29 - [MESSAGE][WARNING] - A browser is already opened. Closing browser and opening a new one

2022-06-10 09:39:30 - [MESSAGE][INFO] - Starting 'Chrome' driver

2022-06-10 09:39:30 - [MESSAGE][INFO] - Action delay is set to 0 milliseconds

2022-06-10 09:39:31 - [MESSAGE][PASSED] - Browser is opened with url: ''

2022-06-10 09:39:31 - [TEST_STEP][PASSED] - maximizeWindow(): Current window maximized

2022-06-10 09:39:31 - [MESSAGE][PASSED] - Current window maximized

2022-06-10 09:39:31 - [TEST_STEP][PASSED] - i = G_Login: null

2022-06-10 09:39:31 - [TEST_STEP][PASSED] - url = new java.net.URL(i): null

2022-06-10 09:39:31 - [TEST_STEP][PASSED] - println("URL: " + url.toString()): null

2022-06-10 09:39:31 - [TEST_STEP][PASSED] - connection = url.openConnection(): null

2022-06-10 09:39:31 - [TEST_STEP][PASSED] - connection.setRequestMethod("GET"): null

2022-06-10 09:39:31 - [TEST_STEP][PASSED] - connection.setReadTimeout(2 * 1000): null

2022-06-10 09:39:31 - [TEST_STEP][PASSED] - try: null

2022-06-10 09:39:31 - [TEST_STEP][PASSED] - connection.connect(): null

2022-06-10 09:39:31 - [TEST_STEP][PASSED] - flag = connected: null

2022-06-10 09:39:31 - [TEST_STEP][PASSED] - println("Valor_ori: " + flag): null

2022-06-10 09:39:31 - [TEST_STEP][PASSED] - if (flag): null

2022-06-10 09:39:31 - [TEST_STEP][PASSED] - navigateToUrl(i): Navigate to 'http://192.168.2.19:8380/saraweb' successfully

2022-06-10 09:39:32 - [MESSAGE][PASSED] - Navigate to 'http://192.168.2.19:8380/saraweb' successfully

2022-06-10 09:39:32 - [TEST_STEP][PASSED] - a(): null

2022-06-10 09:39:32 - [TEST_STEP][PASSED] - setText(findTestObject("3-OBJECTS UTILIDADES/Login/input_USUARIO_loginusuario"), G_Usuario): Text 'saraadmin' is set on object 'Object Repository/3-OBJECTS UTILIDADES/Login/input_USUARIO_loginusuario'

2022-06-10 09:39:33 - [MESSAGE][PASSED] - Text 'saraadmin' is set on object 'Object Repository/3-OBJECTS UTILIDADES/Login/input_USUARIO_loginusuario'

2022-06-10 09:39:33 - [TEST_STEP][PASSED] - setEncryptedText(findTestObject("3-OBJECTS UTILIDADES/Login/input_CLAVE_loginpassword"), "MkG4/TYiCFC3cb2driP7+Q=="): Text ****** has been set on object 'Object Repository/3-OBJECTS UTILIDADES/Login/input_CLAVE_loginpassword'

2022-06-10 09:39:33 - [MESSAGE][PASSED] - Text ****** has been set on object 'Object Repository/3-OBJECTS UTILIDADES/Login/input_CLAVE_loginpassword'

2022-06-10 09:39:33 - [TEST_STEP][PASSED] - waitForElementClickable(findTestObject("3-OBJECTS UTILIDADES/Login/a_Ingresar"), G_TimeOut): Object 'Object Repository/3-OBJECTS UTILIDADES/Login/a_Ingresar' is clickable

2022-06-10 09:39:33 - [MESSAGE][PASSED] - Object 'Object Repository/3-OBJECTS UTILIDADES/Login/a_Ingresar' is clickable

2022-06-10 09:39:33 - [TEST_STEP][PASSED] - click(findTestObject("3-OBJECTS UTILIDADES/Login/a_Ingresar")): Object: 'Object Repository/3-OBJECTS UTILIDADES/Login/a_Ingresar' is clicked on

2022-06-10 09:39:35 - [MESSAGE][PASSED] - Object: 'Object Repository/3-OBJECTS UTILIDADES/Login/a_Ingresar' is clicked on

2022-06-10 09:39:35 - [TEST_STEP][PASSED] - element = findWebElement(findTestObject("3-OBJECTS UTILIDADES/Login/a_Ir"), 30): null

2022-06-10 09:39:35 - [TEST_STEP][PASSED] - executeJavaScript("arguments[0].click()", Arrays.asList(element)): Execute JavaScript 'arguments[0].click()' successfully

2022-06-10 09:39:35 - [MESSAGE][PASSED] - Execute JavaScript 'arguments[0].click()' successfully

2022-06-10 09:39:35 - [MESSAGE][PASSED] - Call Test Case 'Test Cases/0.1-Login' successfully

2022-06-10 09:39:35 - [TEST_STEP][PASSED] - waitForElementClickable(findTestObject("1-OBJECTS TAREAS PRINCIPALES/Modulo Tarea Listado Hojas de Vida/Tareas Listado Hojas de Vida/input_Listado Hojas De Vida_form_templatej_idt24_input"), G_TimeOut): Object 'Object Repository/1-OBJECTS TAREAS PRINCIPALES/Modulo Tarea Listado Hojas de Vida/Tareas Listado Hojas de Vida/input_Listado Hojas De Vida_form_templatej_idt24_input' is clickable

2022-06-10 09:39:36 - [MESSAGE][PASSED] - Object 'Object Repository/1-OBJECTS TAREAS PRINCIPALES/Modulo Tarea Listado Hojas de Vida/Tareas Listado Hojas de Vida/input_Listado Hojas De Vida_form_templatej_idt24_input' is clickable

2022-06-10 09:39:36 - [TEST_STEP][PASSED] - setText(findTestObject("1-OBJECTS TAREAS PRINCIPALES/Modulo Tarea Listado Hojas de Vida/Tareas Listado Hojas de Vida/input_Listado Hojas De Vida_form_templatej_idt24_input"), "Listado Hojas de Vida (hoj)"): Text 'Listado Hojas de Vida (hoj)' is set on object 'Object Repository/1-OBJECTS TAREAS PRINCIPALES/Modulo Tarea Listado Hojas de Vida/Tareas Listado Hojas de Vida/input_Listado Hojas De Vida_form_templatej_idt24_input'

2022-06-10 09:39:37 - [MESSAGE][PASSED] - Text 'Listado Hojas de Vida (hoj)' is set on object 'Object Repository/1-OBJECTS TAREAS PRINCIPALES/Modulo Tarea Listado Hojas de Vida/Tareas Listado Hojas de Vida/input_Listado Hojas De Vida_form_templatej_idt24_input'

2022-06-10 09:39:37 - [TEST_STEP][PASSED] - waitForElementVisible(findTestObject("1-OBJECTS TAREAS PRINCIPALES/Modulo Tarea Listado Hojas de Vida/Tareas Listado Hojas de Vida/span_Listado Hojas de Vida (hoj)"), 0): Object 'Object Repository/1-OBJECTS TAREAS PRINCIPALES/Modulo Tarea Listado Hojas de Vida/Tareas Listado Hojas de Vida/span_Listado Hojas de Vida (hoj)' is visible

2022-06-10 09:39:37 - [MESSAGE][WARNING] - Timeout '0' is invalid. Using default page load timeout: '37'

2022-06-10 09:39:38 - [MESSAGE][PASSED] - Object 'Object Repository/1-OBJECTS TAREAS PRINCIPALES/Modulo Tarea Listado Hojas de Vida/Tareas Listado Hojas de Vida/span_Listado Hojas de Vida (hoj)' is visible

2022-06-10 09:39:38 - [TEST_STEP][PASSED] - click(findTestObject("1-OBJECTS TAREAS PRINCIPALES/Modulo Tarea Listado Hojas de Vida/Tareas Listado Hojas de Vida/span_Listado Hojas de Vida (hoj)")): Object: 'Object Repository/1-OBJECTS TAREAS PRINCIPALES/Modulo Tarea Listado Hojas de Vida/Tareas Listado Hojas de Vida/span_Listado Hojas de Vida (hoj)' is clicked on

2022-06-10 09:39:39 - [MESSAGE][PASSED] - Object: 'Object Repository/1-OBJECTS TAREAS PRINCIPALES/Modulo Tarea Listado Hojas de Vida/Tareas Listado Hojas de Vida/span_Listado Hojas de Vida (hoj)' is clicked on]]></system-out>
         <system-err><![CDATA[]]></system-err>
      </testcase>
      <testcase name="Test Cases/1.2-Tareas_Secundarias/6.1-Pruebas_Seguridad/6.1.1-Crear_Usuario,_contraseña,_Accesos_Particulares" time="26.816" classname="Test Cases/1.2-Tareas_Secundarias/6.1-Pruebas_Seguridad/6.1.1-Crear_Usuario,_contraseña,_Accesos_Particulares" status="PASSED">
         <system-out><![CDATA[2022-06-10 09:39:39 - [TEST_CASE][PASSED] - Test Cases/1.2-Tareas_Secundarias/6.1-Pruebas_Seguridad/6.1.1-Crear_Usuario,_contraseña,_Accesos_Particulares: Test Cases/1.2-Tareas_Secundarias/6.1-Pruebas_Seguridad/6.1.1-Crear_Usuario,_contraseña,_Accesos_Particulares

2022-06-10 09:39:39 - [TEST_STEP][PASSED] - today = new java.util.Date(): null

2022-06-10 09:39:39 - [TEST_STEP][PASSED] - todaysDate = today.format("dd/MM/yyyy HH:mm"): null

2022-06-10 09:39:39 - [TEST_STEP][PASSED] - random_double = Math.random() * 9999 + 999: null

2022-06-10 09:39:39 - [TEST_STEP][PASSED] - random_double = Math.round(random_double * 1000): null

2022-06-10 09:39:39 - [TEST_STEP][PASSED] - identificacion = toString().replace(".0", ""): null

2022-06-10 09:39:39 - [TEST_STEP][PASSED] - callTestCase(findTestCase("Utilidades-(atajos_para _tareas)/Login_Seguridad/Login-Seguridad"), [:], STOP_ON_FAILURE): Call Test Case 'Test Cases/Utilidades-(atajos_para _tareas)/Login_Seguridad/Login-Seguridad' successfully

2022-06-10 09:39:39 - [TEST_CASE][PASSED] - Test Cases/Utilidades-(atajos_para _tareas)/Login_Seguridad/Login-Seguridad: Test Cases/Utilidades-(atajos_para _tareas)/Login_Seguridad/Login-Seguridad

2022-06-10 09:39:39 - [TEST_STEP][PASSED] - openBrowser(""): Browser is opened with url: ''

2022-06-10 09:39:39 - [MESSAGE][WARNING] - A browser is already opened. Closing browser and opening a new one

2022-06-10 09:39:40 - [MESSAGE][INFO] - Starting 'Chrome' driver

2022-06-10 09:39:40 - [MESSAGE][INFO] - Action delay is set to 0 milliseconds

2022-06-10 09:39:41 - [MESSAGE][PASSED] - Browser is opened with url: ''

2022-06-10 09:39:41 - [TEST_STEP][PASSED] - maximizeWindow(): Current window maximized

2022-06-10 09:39:41 - [MESSAGE][PASSED] - Current window maximized

2022-06-10 09:39:41 - [TEST_STEP][PASSED] - i = G_Login_Seguridad: null

2022-06-10 09:39:41 - [TEST_STEP][PASSED] - url = new java.net.URL(i): null

2022-06-10 09:39:41 - [TEST_STEP][PASSED] - println("URL: " + url.toString()): null

2022-06-10 09:39:41 - [TEST_STEP][PASSED] - connection = url.openConnection(): null

2022-06-10 09:39:41 - [TEST_STEP][PASSED] - connection.setRequestMethod("GET"): null

2022-06-10 09:39:41 - [TEST_STEP][PASSED] - connection.setReadTimeout(2 * 1000): null

2022-06-10 09:39:41 - [TEST_STEP][PASSED] - try: null

2022-06-10 09:39:41 - [TEST_STEP][PASSED] - connection.connect(): null

2022-06-10 09:39:41 - [TEST_STEP][PASSED] - flag = connected: null

2022-06-10 09:39:41 - [TEST_STEP][PASSED] - println("Valor_ori: " + flag): null

2022-06-10 09:39:41 - [TEST_STEP][PASSED] - if (flag): null

2022-06-10 09:39:41 - [TEST_STEP][PASSED] - navigateToUrl(i): Navigate to 'http://192.168.2.19:8380/seguridadweb/' successfully

2022-06-10 09:39:42 - [MESSAGE][PASSED] - Navigate to 'http://192.168.2.19:8380/seguridadweb/' successfully

2022-06-10 09:39:42 - [TEST_STEP][PASSED] - a(): null

2022-06-10 09:39:42 - [TEST_STEP][PASSED] - setText(findTestObject("3-OBJECTS UTILIDADES/Login/input_USUARIO_loginusuario"), G_Usuario): Text 'saraadmin' is set on object 'Object Repository/3-OBJECTS UTILIDADES/Login/input_USUARIO_loginusuario'

2022-06-10 09:39:42 - [MESSAGE][PASSED] - Text 'saraadmin' is set on object 'Object Repository/3-OBJECTS UTILIDADES/Login/input_USUARIO_loginusuario'

2022-06-10 09:39:42 - [TEST_STEP][PASSED] - setEncryptedText(findTestObject("3-OBJECTS UTILIDADES/Login/input_CLAVE_loginpassword"), "MkG4/TYiCFC3cb2driP7+Q=="): Text ****** has been set on object 'Object Repository/3-OBJECTS UTILIDADES/Login/input_CLAVE_loginpassword'

2022-06-10 09:39:43 - [MESSAGE][PASSED] - Text ****** has been set on object 'Object Repository/3-OBJECTS UTILIDADES/Login/input_CLAVE_loginpassword'

2022-06-10 09:39:43 - [TEST_STEP][PASSED] - waitForElementClickable(findTestObject("3-OBJECTS UTILIDADES/Login/a_Ingresar"), G_TimeOut): Object 'Object Repository/3-OBJECTS UTILIDADES/Login/a_Ingresar' is clickable

2022-06-10 09:39:43 - [MESSAGE][PASSED] - Object 'Object Repository/3-OBJECTS UTILIDADES/Login/a_Ingresar' is clickable

2022-06-10 09:39:43 - [TEST_STEP][PASSED] - click(findTestObject("3-OBJECTS UTILIDADES/Login/a_Ingresar")): Object: 'Object Repository/3-OBJECTS UTILIDADES/Login/a_Ingresar' is clicked on

2022-06-10 09:39:44 - [MESSAGE][PASSED] - Object: 'Object Repository/3-OBJECTS UTILIDADES/Login/a_Ingresar' is clicked on

2022-06-10 09:39:44 - [TEST_STEP][PASSED] - element = findWebElement(findTestObject("3-OBJECTS UTILIDADES/Login/a_Ir"), 30): null

2022-06-10 09:39:45 - [TEST_STEP][PASSED] - executeJavaScript("arguments[0].click()", Arrays.asList(element)): Execute JavaScript 'arguments[0].click()' successfully

2022-06-10 09:39:45 - [MESSAGE][PASSED] - Execute JavaScript 'arguments[0].click()' successfully

2022-06-10 09:39:45 - [MESSAGE][PASSED] - Call Test Case 'Test Cases/Utilidades-(atajos_para _tareas)/Login_Seguridad/Login-Seguridad' successfully

2022-06-10 09:39:45 - [TEST_STEP][PASSED] - setText(findTestObject("2-OBJECTS TAREAS SECUNDARIAS/Pruebas Seguridad/Crear_Usuario,_contraseña,_Accesos_Particulares/input_Usuario_form_templatej_idt24_input"), "Usuario"): Text 'Usuario' is set on object 'Object Repository/2-OBJECTS TAREAS SECUNDARIAS/Pruebas Seguridad/Crear_Usuario,_contraseña,_Accesos_Particulares/input_Usuario_form_templatej_idt24_input'

2022-06-10 09:39:45 - [MESSAGE][PASSED] - Text 'Usuario' is set on object 'Object Repository/2-OBJECTS TAREAS SECUNDARIAS/Pruebas Seguridad/Crear_Usuario,_contraseña,_Accesos_Particulares/input_Usuario_form_templatej_idt24_input'

2022-06-10 09:39:45 - [TEST_STEP][PASSED] - click(findTestObject("2-OBJECTS TAREAS SECUNDARIAS/Pruebas Seguridad/Crear_Usuario,_contraseña,_Accesos_Particulares (1)/span_Usuario")): Object: 'Object Repository/2-OBJECTS TAREAS SECUNDARIAS/Pruebas Seguridad/Crear_Usuario,_contraseña,_Accesos_Particulares (1)/span_Usuario' is clicked on

2022-06-10 09:39:47 - [MESSAGE][PASSED] - Object: 'Object Repository/2-OBJECTS TAREAS SECUNDARIAS/Pruebas Seguridad/Crear_Usuario,_contraseña,_Accesos_Particulares (1)/span_Usuario' is clicked on

2022-06-10 09:39:47 - [TEST_STEP][PASSED] - if (waitForElementVisible(findTestObject("2-OBJECTS TAREAS SECUNDARIAS/Pruebas Seguridad/Crear_Usuario,_contraseña,_Accesos_Particulares (1)/span_Pruebas Katalon"), 1)): null

2022-06-10 09:39:48 - [MESSAGE][PASSED] - Object 'Object Repository/2-OBJECTS TAREAS SECUNDARIAS/Pruebas Seguridad/Crear_Usuario,_contraseña,_Accesos_Particulares (1)/span_Pruebas Katalon' is visible

2022-06-10 09:39:48 - [TEST_STEP][PASSED] - click(findTestObject("2-OBJECTS TAREAS SECUNDARIAS/Pruebas Seguridad/Crear_Usuario,_contraseña,_Accesos_Particulares (1)/span_Pruebas Katalon")): Object: 'Object Repository/2-OBJECTS TAREAS SECUNDARIAS/Pruebas Seguridad/Crear_Usuario,_contraseña,_Accesos_Particulares (1)/span_Pruebas Katalon' is clicked on

2022-06-10 09:39:48 - [MESSAGE][PASSED] - Object: 'Object Repository/2-OBJECTS TAREAS SECUNDARIAS/Pruebas Seguridad/Crear_Usuario,_contraseña,_Accesos_Particulares (1)/span_Pruebas Katalon' is clicked on

2022-06-10 09:39:48 - [TEST_STEP][PASSED] - click(findTestObject("2-OBJECTS TAREAS SECUNDARIAS/Pruebas Seguridad/Crear_Usuario,_contraseña,_Accesos_Particulares/a_Acceso Particular")): Object: 'Object Repository/2-OBJECTS TAREAS SECUNDARIAS/Pruebas Seguridad/Crear_Usuario,_contraseña,_Accesos_Particulares/a_Acceso Particular' is clicked on

2022-06-10 09:39:49 - [MESSAGE][PASSED] - Object: 'Object Repository/2-OBJECTS TAREAS SECUNDARIAS/Pruebas Seguridad/Crear_Usuario,_contraseña,_Accesos_Particulares/a_Acceso Particular' is clicked on

2022-06-10 09:39:49 - [TEST_STEP][PASSED] - if (waitForElementPresent(findTestObject("2-OBJECTS TAREAS SECUNDARIAS/Pruebas Seguridad/Crear_Usuario,_contraseña,_Accesos_Particulares/a_SARA_usuarioformatabtabla_roles0j_idt147"), 1)): null

2022-06-10 09:39:49 - [MESSAGE][PASSED] - Object 'Object Repository/2-OBJECTS TAREAS SECUNDARIAS/Pruebas Seguridad/Crear_Usuario,_contraseña,_Accesos_Particulares/a_SARA_usuarioformatabtabla_roles0j_idt147' is present

2022-06-10 09:39:49 - [TEST_STEP][PASSED] - click(findTestObject("2-OBJECTS TAREAS SECUNDARIAS/Pruebas Seguridad/Crear_Usuario,_contraseña,_Accesos_Particulares/a_SARA_usuarioformatabtabla_roles0j_idt147")): Object: 'Object Repository/2-OBJECTS TAREAS SECUNDARIAS/Pruebas Seguridad/Crear_Usuario,_contraseña,_Accesos_Particulares/a_SARA_usuarioformatabtabla_roles0j_idt147' is clicked on

2022-06-10 09:39:49 - [MESSAGE][PASSED] - Object: 'Object Repository/2-OBJECTS TAREAS SECUNDARIAS/Pruebas Seguridad/Crear_Usuario,_contraseña,_Accesos_Particulares/a_SARA_usuarioformatabtabla_roles0j_idt147' is clicked on

2022-06-10 09:39:49 - [TEST_STEP][PASSED] - click(findTestObject("2-OBJECTS TAREAS SECUNDARIAS/Pruebas Seguridad/Crear_Usuario,_contraseña,_Accesos_Particulares/a_link_aceptar")): Object: 'Object Repository/2-OBJECTS TAREAS SECUNDARIAS/Pruebas Seguridad/Crear_Usuario,_contraseña,_Accesos_Particulares/a_link_aceptar' is clicked on

2022-06-10 09:39:50 - [MESSAGE][PASSED] - Object: 'Object Repository/2-OBJECTS TAREAS SECUNDARIAS/Pruebas Seguridad/Crear_Usuario,_contraseña,_Accesos_Particulares/a_link_aceptar' is clicked on

2022-06-10 09:39:50 - [TEST_STEP][PASSED] - click(findTestObject("2-OBJECTS TAREAS SECUNDARIAS/Pruebas Seguridad/Crear_Usuario,_contraseña,_Accesos_Particulares/a_Informacin")): Object: 'Object Repository/2-OBJECTS TAREAS SECUNDARIAS/Pruebas Seguridad/Crear_Usuario,_contraseña,_Accesos_Particulares/a_Informacin' is clicked on

2022-06-10 09:39:51 - [MESSAGE][PASSED] - Object: 'Object Repository/2-OBJECTS TAREAS SECUNDARIAS/Pruebas Seguridad/Crear_Usuario,_contraseña,_Accesos_Particulares/a_Informacin' is clicked on

2022-06-10 09:39:51 - [TEST_STEP][PASSED] - click(findTestObject("2-OBJECTS TAREAS SECUNDARIAS/Pruebas Seguridad/Crear_Usuario,_contraseña,_Accesos_Particulares/a_Eliminar")): Object: 'Object Repository/2-OBJECTS TAREAS SECUNDARIAS/Pruebas Seguridad/Crear_Usuario,_contraseña,_Accesos_Particulares/a_Eliminar' is clicked on

2022-06-10 09:39:51 - [MESSAGE][PASSED] - Object: 'Object Repository/2-OBJECTS TAREAS SECUNDARIAS/Pruebas Seguridad/Crear_Usuario,_contraseña,_Accesos_Particulares/a_Eliminar' is clicked on

2022-06-10 09:39:51 - [TEST_STEP][PASSED] - click(findTestObject("2-OBJECTS TAREAS SECUNDARIAS/Pruebas Seguridad/Crear_Usuario,_contraseña,_Accesos_Particulares/a_link_aceptar")): Object: 'Object Repository/2-OBJECTS TAREAS SECUNDARIAS/Pruebas Seguridad/Crear_Usuario,_contraseña,_Accesos_Particulares/a_link_aceptar' is clicked on

2022-06-10 09:39:52 - [MESSAGE][PASSED] - Object: 'Object Repository/2-OBJECTS TAREAS SECUNDARIAS/Pruebas Seguridad/Crear_Usuario,_contraseña,_Accesos_Particulares/a_link_aceptar' is clicked on

2022-06-10 09:39:52 - [TEST_STEP][PASSED] - click(findTestObject("2-OBJECTS TAREAS SECUNDARIAS/Pruebas Seguridad/Crear_Usuario,_contraseña,_Accesos_Particulares/a_Nuevo")): Object: 'Object Repository/2-OBJECTS TAREAS SECUNDARIAS/Pruebas Seguridad/Crear_Usuario,_contraseña,_Accesos_Particulares/a_Nuevo' is clicked on

2022-06-10 09:39:52 - [MESSAGE][PASSED] - Object: 'Object Repository/2-OBJECTS TAREAS SECUNDARIAS/Pruebas Seguridad/Crear_Usuario,_contraseña,_Accesos_Particulares/a_Nuevo' is clicked on

2022-06-10 09:39:52 - [TEST_STEP][PASSED] - setText(findTestObject("2-OBJECTS TAREAS SECUNDARIAS/Pruebas Seguridad/Crear_Usuario,_contraseña,_Accesos_Particulares/input_Sesin_usuarioformatablogin"), todaysDate): Text '10/06/2022 09:39' is set on object 'Object Repository/2-OBJECTS TAREAS SECUNDARIAS/Pruebas Seguridad/Crear_Usuario,_contraseña,_Accesos_Particulares/input_Sesin_usuarioformatablogin'

2022-06-10 09:39:53 - [MESSAGE][PASSED] - Text '10/06/2022 09:39' is set on object 'Object Repository/2-OBJECTS TAREAS SECUNDARIAS/Pruebas Seguridad/Crear_Usuario,_contraseña,_Accesos_Particulares/input_Sesin_usuarioformatablogin'

2022-06-10 09:39:53 - [TEST_STEP][PASSED] - setText(findTestObject("2-OBJECTS TAREAS SECUNDARIAS/Pruebas Seguridad/Crear_Usuario,_contraseña,_Accesos_Particulares/input_Documento_usuarioformatabdocumento"), identificacion): Text '1773683E7' is set on object 'Object Repository/2-OBJECTS TAREAS SECUNDARIAS/Pruebas Seguridad/Crear_Usuario,_contraseña,_Accesos_Particulares/input_Documento_usuarioformatabdocumento'

2022-06-10 09:39:54 - [MESSAGE][PASSED] - Text '1773683E7' is set on object 'Object Repository/2-OBJECTS TAREAS SECUNDARIAS/Pruebas Seguridad/Crear_Usuario,_contraseña,_Accesos_Particulares/input_Documento_usuarioformatabdocumento'

2022-06-10 09:39:54 - [TEST_STEP][PASSED] - setText(findTestObject("2-OBJECTS TAREAS SECUNDARIAS/Pruebas Seguridad/Crear_Usuario,_contraseña,_Accesos_Particulares/input_Nombre_usuarioformatabnombre"), "Pruebas Katalon"): Text 'Pruebas Katalon' is set on object 'Object Repository/2-OBJECTS TAREAS SECUNDARIAS/Pruebas Seguridad/Crear_Usuario,_contraseña,_Accesos_Particulares/input_Nombre_usuarioformatabnombre'

2022-06-10 09:39:55 - [MESSAGE][PASSED] - Text 'Pruebas Katalon' is set on object 'Object Repository/2-OBJECTS TAREAS SECUNDARIAS/Pruebas Seguridad/Crear_Usuario,_contraseña,_Accesos_Particulares/input_Nombre_usuarioformatabnombre'

2022-06-10 09:39:55 - [TEST_STEP][PASSED] - setText(findTestObject("2-OBJECTS TAREAS SECUNDARIAS/Pruebas Seguridad/Crear_Usuario,_contraseña,_Accesos_Particulares/input_Correo_usuarioformatabemail"), identificacion + "noodle@gmail.com"): Text '1773683E7noodle@gmail.com' is set on object 'Object Repository/2-OBJECTS TAREAS SECUNDARIAS/Pruebas Seguridad/Crear_Usuario,_contraseña,_Accesos_Particulares/input_Correo_usuarioformatabemail'

2022-06-10 09:39:55 - [MESSAGE][PASSED] - Text '1773683E7noodle@gmail.com' is set on object 'Object Repository/2-OBJECTS TAREAS SECUNDARIAS/Pruebas Seguridad/Crear_Usuario,_contraseña,_Accesos_Particulares/input_Correo_usuarioformatabemail'

2022-06-10 09:39:55 - [TEST_STEP][PASSED] - click(findTestObject("2-OBJECTS TAREAS SECUNDARIAS/Pruebas Seguridad/Crear_Usuario,_contraseña,_Accesos_Particulares/label_Activo")): Object: 'Object Repository/2-OBJECTS TAREAS SECUNDARIAS/Pruebas Seguridad/Crear_Usuario,_contraseña,_Accesos_Particulares/label_Activo' is clicked on

2022-06-10 09:39:56 - [MESSAGE][PASSED] - Object: 'Object Repository/2-OBJECTS TAREAS SECUNDARIAS/Pruebas Seguridad/Crear_Usuario,_contraseña,_Accesos_Particulares/label_Activo' is clicked on

2022-06-10 09:39:56 - [TEST_STEP][PASSED] - selectOptionByIndex(findTestObject("2-OBJECTS TAREAS SECUNDARIAS/Pruebas Seguridad/Crear_Usuario,_contraseña,_Accesos_Particulares/select_-- Seleccione --Grupo a"), 1): All options with index in [1] are selected on object 'Object Repository/2-OBJECTS TAREAS SECUNDARIAS/Pruebas Seguridad/Crear_Usuario,_contraseña,_Accesos_Particulares/select_-- Seleccione --Grupo a'

2022-06-10 09:39:57 - [MESSAGE][PASSED] - All options with index in [1] are selected on object 'Object Repository/2-OBJECTS TAREAS SECUNDARIAS/Pruebas Seguridad/Crear_Usuario,_contraseña,_Accesos_Particulares/select_-- Seleccione --Grupo a'

2022-06-10 09:39:57 - [TEST_STEP][PASSED] - click(findTestObject("2-OBJECTS TAREAS SECUNDARIAS/Pruebas Seguridad/Crear_Usuario,_contraseña,_Accesos_Particulares/a_Guardar")): Object: 'Object Repository/2-OBJECTS TAREAS SECUNDARIAS/Pruebas Seguridad/Crear_Usuario,_contraseña,_Accesos_Particulares/a_Guardar' is clicked on

2022-06-10 09:39:57 - [MESSAGE][PASSED] - Object: 'Object Repository/2-OBJECTS TAREAS SECUNDARIAS/Pruebas Seguridad/Crear_Usuario,_contraseña,_Accesos_Particulares/a_Guardar' is clicked on

2022-06-10 09:39:57 - [TEST_STEP][PASSED] - click(findTestObject("2-OBJECTS TAREAS SECUNDARIAS/Pruebas Seguridad/Crear_Usuario,_contraseña,_Accesos_Particulares/a_Contrasea")): Object: 'Object Repository/2-OBJECTS TAREAS SECUNDARIAS/Pruebas Seguridad/Crear_Usuario,_contraseña,_Accesos_Particulares/a_Contrasea' is clicked on

2022-06-10 09:39:58 - [MESSAGE][PASSED] - Object: 'Object Repository/2-OBJECTS TAREAS SECUNDARIAS/Pruebas Seguridad/Crear_Usuario,_contraseña,_Accesos_Particulares/a_Contrasea' is clicked on

2022-06-10 09:39:58 - [TEST_STEP][PASSED] - setEncryptedText(findTestObject("2-OBJECTS TAREAS SECUNDARIAS/Pruebas Seguridad/Crear_Usuario,_contraseña,_Accesos_Particulares/input_Contrasea_usuarioformatabpasswordNuevo"), "MkG4/TYiCFC3cb2driP7+Q=="): Text ****** has been set on object 'Object Repository/2-OBJECTS TAREAS SECUNDARIAS/Pruebas Seguridad/Crear_Usuario,_contraseña,_Accesos_Particulares/input_Contrasea_usuarioformatabpasswordNuevo'

2022-06-10 09:39:58 - [MESSAGE][PASSED] - Text ****** has been set on object 'Object Repository/2-OBJECTS TAREAS SECUNDARIAS/Pruebas Seguridad/Crear_Usuario,_contraseña,_Accesos_Particulares/input_Contrasea_usuarioformatabpasswordNuevo'

2022-06-10 09:39:58 - [TEST_STEP][PASSED] - setEncryptedText(findTestObject("2-OBJECTS TAREAS SECUNDARIAS/Pruebas Seguridad/Crear_Usuario,_contraseña,_Accesos_Particulares/input_Confirmar_usuarioformatabpasswordConfirma"), "MkG4/TYiCFC3cb2driP7+Q=="): Text ****** has been set on object 'Object Repository/2-OBJECTS TAREAS SECUNDARIAS/Pruebas Seguridad/Crear_Usuario,_contraseña,_Accesos_Particulares/input_Confirmar_usuarioformatabpasswordConfirma'

2022-06-10 09:39:59 - [MESSAGE][PASSED] - Text ****** has been set on object 'Object Repository/2-OBJECTS TAREAS SECUNDARIAS/Pruebas Seguridad/Crear_Usuario,_contraseña,_Accesos_Particulares/input_Confirmar_usuarioformatabpasswordConfirma'

2022-06-10 09:39:59 - [TEST_STEP][PASSED] - click(findTestObject("2-OBJECTS TAREAS SECUNDARIAS/Pruebas Seguridad/Crear_Usuario,_contraseña,_Accesos_Particulares/a_Actualizar")): Object: 'Object Repository/2-OBJECTS TAREAS SECUNDARIAS/Pruebas Seguridad/Crear_Usuario,_contraseña,_Accesos_Particulares/a_Actualizar' is clicked on

2022-06-10 09:39:59 - [MESSAGE][PASSED] - Object: 'Object Repository/2-OBJECTS TAREAS SECUNDARIAS/Pruebas Seguridad/Crear_Usuario,_contraseña,_Accesos_Particulares/a_Actualizar' is clicked on

2022-06-10 09:39:59 - [TEST_STEP][PASSED] - click(findTestObject("2-OBJECTS TAREAS SECUNDARIAS/Pruebas Seguridad/Crear_Usuario,_contraseña,_Accesos_Particulares/a_Acceso Particular")): Object: 'Object Repository/2-OBJECTS TAREAS SECUNDARIAS/Pruebas Seguridad/Crear_Usuario,_contraseña,_Accesos_Particulares/a_Acceso Particular' is clicked on

2022-06-10 09:40:00 - [MESSAGE][PASSED] - Object: 'Object Repository/2-OBJECTS TAREAS SECUNDARIAS/Pruebas Seguridad/Crear_Usuario,_contraseña,_Accesos_Particulares/a_Acceso Particular' is clicked on

2022-06-10 09:40:00 - [TEST_STEP][PASSED] - selectOptionByIndex(findTestObject("2-OBJECTS TAREAS SECUNDARIAS/Pruebas Seguridad/Crear_Usuario,_contraseña,_Accesos_Particulares/select_Seleccione1ADMINISTRADORADMINISTRADOR_MASIVO"), 15): All options with index in [15] are selected on object 'Object Repository/2-OBJECTS TAREAS SECUNDARIAS/Pruebas Seguridad/Crear_Usuario,_contraseña,_Accesos_Particulares/select_Seleccione1ADMINISTRADORADMINISTRADOR_MASIVO'

2022-06-10 09:40:01 - [MESSAGE][PASSED] - All options with index in [15] are selected on object 'Object Repository/2-OBJECTS TAREAS SECUNDARIAS/Pruebas Seguridad/Crear_Usuario,_contraseña,_Accesos_Particulares/select_Seleccione1ADMINISTRADORADMINISTRADOR_MASIVO'

2022-06-10 09:40:01 - [TEST_STEP][PASSED] - selectOptionByIndex(findTestObject("2-OBJECTS TAREAS SECUNDARIAS/Pruebas Seguridad/Crear_Usuario,_contraseña,_Accesos_Particulares/select_SeleccioneEmpresa 1Empresa 1"), 1): All options with index in [1] are selected on object 'Object Repository/2-OBJECTS TAREAS SECUNDARIAS/Pruebas Seguridad/Crear_Usuario,_contraseña,_Accesos_Particulares/select_SeleccioneEmpresa 1Empresa 1'

2022-06-10 09:40:02 - [MESSAGE][PASSED] - All options with index in [1] are selected on object 'Object Repository/2-OBJECTS TAREAS SECUNDARIAS/Pruebas Seguridad/Crear_Usuario,_contraseña,_Accesos_Particulares/select_SeleccioneEmpresa 1Empresa 1'

2022-06-10 09:40:02 - [TEST_STEP][PASSED] - selectOptionByIndex(findTestObject("2-OBJECTS TAREAS SECUNDARIAS/Pruebas Seguridad/Crear_Usuario,_contraseña,_Accesos_Particulares/select_SeleccioneSaraDS_Jboss (CompensacionDS)SaraDS_weblogic (CompensacionDS)seguridad jdbcSeguridadDS_Jboss"), 1): All options with index in [1] are selected on object 'Object Repository/2-OBJECTS TAREAS SECUNDARIAS/Pruebas Seguridad/Crear_Usuario,_contraseña,_Accesos_Particulares/select_SeleccioneSaraDS_Jboss (CompensacionDS)SaraDS_weblogic (CompensacionDS)seguridad jdbcSeguridadDS_Jboss'

2022-06-10 09:40:03 - [MESSAGE][PASSED] - All options with index in [1] are selected on object 'Object Repository/2-OBJECTS TAREAS SECUNDARIAS/Pruebas Seguridad/Crear_Usuario,_contraseña,_Accesos_Particulares/select_SeleccioneSaraDS_Jboss (CompensacionDS)SaraDS_weblogic (CompensacionDS)seguridad jdbcSeguridadDS_Jboss'

2022-06-10 09:40:03 - [TEST_STEP][PASSED] - selectOptionByIndex(findTestObject("2-OBJECTS TAREAS SECUNDARIAS/Pruebas Seguridad/Crear_Usuario,_contraseña,_Accesos_Particulares/select_--Seleccione--NUCLEO SISTEMASARAPORTAL SARASARA PRIMESARA APPSOFIASEGURIDADLMSSERVICIOSREGISTRO PERSONA"), 2): All options with index in [2] are selected on object 'Object Repository/2-OBJECTS TAREAS SECUNDARIAS/Pruebas Seguridad/Crear_Usuario,_contraseña,_Accesos_Particulares/select_--Seleccione--NUCLEO SISTEMASARAPORTAL SARASARA PRIMESARA APPSOFIASEGURIDADLMSSERVICIOSREGISTRO PERSONA'

2022-06-10 09:40:04 - [MESSAGE][PASSED] - All options with index in [2] are selected on object 'Object Repository/2-OBJECTS TAREAS SECUNDARIAS/Pruebas Seguridad/Crear_Usuario,_contraseña,_Accesos_Particulares/select_--Seleccione--NUCLEO SISTEMASARAPORTAL SARASARA PRIMESARA APPSOFIASEGURIDADLMSSERVICIOSREGISTRO PERSONA'

2022-06-10 09:40:04 - [TEST_STEP][PASSED] - click(findTestObject("2-OBJECTS TAREAS SECUNDARIAS/Pruebas Seguridad/Crear_Usuario,_contraseña,_Accesos_Particulares/a_Aplicacin_usuarioformatabtabla_rolesj_idt148")): Object: 'Object Repository/2-OBJECTS TAREAS SECUNDARIAS/Pruebas Seguridad/Crear_Usuario,_contraseña,_Accesos_Particulares/a_Aplicacin_usuarioformatabtabla_rolesj_idt148' is clicked on

2022-06-10 09:40:05 - [MESSAGE][PASSED] - Object: 'Object Repository/2-OBJECTS TAREAS SECUNDARIAS/Pruebas Seguridad/Crear_Usuario,_contraseña,_Accesos_Particulares/a_Aplicacin_usuarioformatabtabla_rolesj_idt148' is clicked on

2022-06-10 09:40:05 - [TEST_STEP][PASSED] - Result = getText(findTestObject("3-OBJECTS UTILIDADES/Alerta/Alerta")): Text of object 'Object Repository/3-OBJECTS UTILIDADES/Alerta/Alerta' is: 'Se adicionó el registro satisfactoriamente'

2022-06-10 09:40:05 - [MESSAGE][PASSED] - Text of object 'Object Repository/3-OBJECTS UTILIDADES/Alerta/Alerta' is: 'Se adicionó el registro satisfactoriamente'

2022-06-10 09:40:05 - [TEST_STEP][PASSED] - if (Result == "Se adicionó el registro satisfactoriamente"): null

2022-06-10 09:40:05 - [TEST_STEP][PASSED] - Resultado = "PRUEBA OK": null]]></system-out>
         <system-err><![CDATA[]]></system-err>
      </testcase>
      <testcase name="Test Cases/1.2-Tareas_Secundarias/6.1-Pruebas_Seguridad/6.1.2-Crear_Rol_y_Acceso_Roles" time="25.359" classname="Test Cases/1.2-Tareas_Secundarias/6.1-Pruebas_Seguridad/6.1.2-Crear_Rol_y_Acceso_Roles" status="PASSED">
         <system-out><![CDATA[2022-06-10 09:40:05 - [TEST_CASE][PASSED] - Test Cases/1.2-Tareas_Secundarias/6.1-Pruebas_Seguridad/6.1.2-Crear_Rol_y_Acceso_Roles: Test Cases/1.2-Tareas_Secundarias/6.1-Pruebas_Seguridad/6.1.2-Crear_Rol_y_Acceso_Roles

2022-06-10 09:40:06 - [TEST_STEP][PASSED] - callTestCase(findTestCase("Utilidades-(atajos_para _tareas)/Login_Seguridad/Login-Seguridad"), [:], STOP_ON_FAILURE): Call Test Case 'Test Cases/Utilidades-(atajos_para _tareas)/Login_Seguridad/Login-Seguridad' successfully

2022-06-10 09:40:06 - [TEST_CASE][PASSED] - Test Cases/Utilidades-(atajos_para _tareas)/Login_Seguridad/Login-Seguridad: Test Cases/Utilidades-(atajos_para _tareas)/Login_Seguridad/Login-Seguridad

2022-06-10 09:40:06 - [TEST_STEP][PASSED] - openBrowser(""): Browser is opened with url: ''

2022-06-10 09:40:06 - [MESSAGE][WARNING] - A browser is already opened. Closing browser and opening a new one

2022-06-10 09:40:07 - [MESSAGE][INFO] - Starting 'Chrome' driver

2022-06-10 09:40:07 - [MESSAGE][INFO] - Action delay is set to 0 milliseconds

2022-06-10 09:40:08 - [MESSAGE][PASSED] - Browser is opened with url: ''

2022-06-10 09:40:08 - [TEST_STEP][PASSED] - maximizeWindow(): Current window maximized

2022-06-10 09:40:08 - [MESSAGE][PASSED] - Current window maximized

2022-06-10 09:40:08 - [TEST_STEP][PASSED] - i = G_Login_Seguridad: null

2022-06-10 09:40:08 - [TEST_STEP][PASSED] - url = new java.net.URL(i): null

2022-06-10 09:40:08 - [TEST_STEP][PASSED] - println("URL: " + url.toString()): null

2022-06-10 09:40:08 - [TEST_STEP][PASSED] - connection = url.openConnection(): null

2022-06-10 09:40:08 - [TEST_STEP][PASSED] - connection.setRequestMethod("GET"): null

2022-06-10 09:40:08 - [TEST_STEP][PASSED] - connection.setReadTimeout(2 * 1000): null

2022-06-10 09:40:08 - [TEST_STEP][PASSED] - try: null

2022-06-10 09:40:08 - [TEST_STEP][PASSED] - connection.connect(): null

2022-06-10 09:40:08 - [TEST_STEP][PASSED] - flag = connected: null

2022-06-10 09:40:08 - [TEST_STEP][PASSED] - println("Valor_ori: " + flag): null

2022-06-10 09:40:08 - [TEST_STEP][PASSED] - if (flag): null

2022-06-10 09:40:08 - [TEST_STEP][PASSED] - navigateToUrl(i): Navigate to 'http://192.168.2.19:8380/seguridadweb/' successfully

2022-06-10 09:40:08 - [MESSAGE][PASSED] - Navigate to 'http://192.168.2.19:8380/seguridadweb/' successfully

2022-06-10 09:40:08 - [TEST_STEP][PASSED] - a(): null

2022-06-10 09:40:08 - [TEST_STEP][PASSED] - setText(findTestObject("3-OBJECTS UTILIDADES/Login/input_USUARIO_loginusuario"), G_Usuario): Text 'saraadmin' is set on object 'Object Repository/3-OBJECTS UTILIDADES/Login/input_USUARIO_loginusuario'

2022-06-10 09:40:09 - [MESSAGE][PASSED] - Text 'saraadmin' is set on object 'Object Repository/3-OBJECTS UTILIDADES/Login/input_USUARIO_loginusuario'

2022-06-10 09:40:09 - [TEST_STEP][PASSED] - setEncryptedText(findTestObject("3-OBJECTS UTILIDADES/Login/input_CLAVE_loginpassword"), "MkG4/TYiCFC3cb2driP7+Q=="): Text ****** has been set on object 'Object Repository/3-OBJECTS UTILIDADES/Login/input_CLAVE_loginpassword'

2022-06-10 09:40:09 - [MESSAGE][PASSED] - Text ****** has been set on object 'Object Repository/3-OBJECTS UTILIDADES/Login/input_CLAVE_loginpassword'

2022-06-10 09:40:09 - [TEST_STEP][PASSED] - waitForElementClickable(findTestObject("3-OBJECTS UTILIDADES/Login/a_Ingresar"), G_TimeOut): Object 'Object Repository/3-OBJECTS UTILIDADES/Login/a_Ingresar' is clickable

2022-06-10 09:40:10 - [MESSAGE][PASSED] - Object 'Object Repository/3-OBJECTS UTILIDADES/Login/a_Ingresar' is clickable

2022-06-10 09:40:10 - [TEST_STEP][PASSED] - click(findTestObject("3-OBJECTS UTILIDADES/Login/a_Ingresar")): Object: 'Object Repository/3-OBJECTS UTILIDADES/Login/a_Ingresar' is clicked on

2022-06-10 09:40:11 - [MESSAGE][PASSED] - Object: 'Object Repository/3-OBJECTS UTILIDADES/Login/a_Ingresar' is clicked on

2022-06-10 09:40:11 - [TEST_STEP][PASSED] - element = findWebElement(findTestObject("3-OBJECTS UTILIDADES/Login/a_Ir"), 30): null

2022-06-10 09:40:11 - [TEST_STEP][PASSED] - executeJavaScript("arguments[0].click()", Arrays.asList(element)): Execute JavaScript 'arguments[0].click()' successfully

2022-06-10 09:40:11 - [MESSAGE][PASSED] - Execute JavaScript 'arguments[0].click()' successfully

2022-06-10 09:40:11 - [MESSAGE][PASSED] - Call Test Case 'Test Cases/Utilidades-(atajos_para _tareas)/Login_Seguridad/Login-Seguridad' successfully

2022-06-10 09:40:11 - [TEST_STEP][PASSED] - setText(findTestObject("2-OBJECTS TAREAS SECUNDARIAS/Pruebas Seguridad/Crear_Rol_y_Acceso_Roles/input_Usuario_form_templatej_idt24_input"), "Roles"): Text 'Roles' is set on object 'Object Repository/2-OBJECTS TAREAS SECUNDARIAS/Pruebas Seguridad/Crear_Rol_y_Acceso_Roles/input_Usuario_form_templatej_idt24_input'

2022-06-10 09:40:12 - [MESSAGE][PASSED] - Text 'Roles' is set on object 'Object Repository/2-OBJECTS TAREAS SECUNDARIAS/Pruebas Seguridad/Crear_Rol_y_Acceso_Roles/input_Usuario_form_templatej_idt24_input'

2022-06-10 09:40:12 - [TEST_STEP][PASSED] - click(findTestObject("2-OBJECTS TAREAS SECUNDARIAS/Pruebas Seguridad/Crear_Rol_y_Acceso_Roles/li_Roles")): Object: 'Object Repository/2-OBJECTS TAREAS SECUNDARIAS/Pruebas Seguridad/Crear_Rol_y_Acceso_Roles/li_Roles' is clicked on

2022-06-10 09:40:13 - [MESSAGE][PASSED] - Object: 'Object Repository/2-OBJECTS TAREAS SECUNDARIAS/Pruebas Seguridad/Crear_Rol_y_Acceso_Roles/li_Roles' is clicked on

2022-06-10 09:40:13 - [TEST_STEP][PASSED] - setText(findTestObject("2-OBJECTS TAREAS SECUNDARIAS/Pruebas Seguridad/Crear_Rol_y_Acceso_Roles/input_Portal_formj_idt61"), "pruebas katalon"): Text 'pruebas katalon' is set on object 'Object Repository/2-OBJECTS TAREAS SECUNDARIAS/Pruebas Seguridad/Crear_Rol_y_Acceso_Roles/input_Portal_formj_idt61'

2022-06-10 09:40:14 - [MESSAGE][PASSED] - Text 'pruebas katalon' is set on object 'Object Repository/2-OBJECTS TAREAS SECUNDARIAS/Pruebas Seguridad/Crear_Rol_y_Acceso_Roles/input_Portal_formj_idt61'

2022-06-10 09:40:14 - [TEST_STEP][PASSED] - sendKeys(findTestObject("2-OBJECTS TAREAS SECUNDARIAS/Pruebas Seguridad/Crear_Rol_y_Acceso_Roles/input_Portal_formj_idt61"), Keys.chord(ENTER)): Keys 'ENTER + ' sent to object: 'Object Repository/2-OBJECTS TAREAS SECUNDARIAS/Pruebas Seguridad/Crear_Rol_y_Acceso_Roles/input_Portal_formj_idt61'

2022-06-10 09:40:15 - [MESSAGE][PASSED] - Keys 'ENTER + ' sent to object: 'Object Repository/2-OBJECTS TAREAS SECUNDARIAS/Pruebas Seguridad/Crear_Rol_y_Acceso_Roles/input_Portal_formj_idt61'

2022-06-10 09:40:15 - [TEST_STEP][PASSED] - if (waitForElementVisible(findTestObject("2-OBJECTS TAREAS SECUNDARIAS/Pruebas Seguridad/Crear_Rol_y_Acceso_Roles/td_Pruebas katalon"), 1)): null

2022-06-10 09:40:15 - [MESSAGE][PASSED] - Object 'Object Repository/2-OBJECTS TAREAS SECUNDARIAS/Pruebas Seguridad/Crear_Rol_y_Acceso_Roles/td_Pruebas katalon' is visible

2022-06-10 09:40:15 - [TEST_STEP][PASSED] - click(findTestObject("2-OBJECTS TAREAS SECUNDARIAS/Pruebas Seguridad/Crear_Rol_y_Acceso_Roles/td_Pruebas katalon")): Object: 'Object Repository/2-OBJECTS TAREAS SECUNDARIAS/Pruebas Seguridad/Crear_Rol_y_Acceso_Roles/td_Pruebas katalon' is clicked on

2022-06-10 09:40:16 - [MESSAGE][PASSED] - Object: 'Object Repository/2-OBJECTS TAREAS SECUNDARIAS/Pruebas Seguridad/Crear_Rol_y_Acceso_Roles/td_Pruebas katalon' is clicked on

2022-06-10 09:40:16 - [TEST_STEP][PASSED] - click(findTestObject("2-OBJECTS TAREAS SECUNDARIAS/Pruebas Seguridad/Crear_Rol_y_Acceso_Roles/a_Acceso Roles")): Object: 'Object Repository/2-OBJECTS TAREAS SECUNDARIAS/Pruebas Seguridad/Crear_Rol_y_Acceso_Roles/a_Acceso Roles' is clicked on

2022-06-10 09:40:16 - [MESSAGE][PASSED] - Object: 'Object Repository/2-OBJECTS TAREAS SECUNDARIAS/Pruebas Seguridad/Crear_Rol_y_Acceso_Roles/a_Acceso Roles' is clicked on

2022-06-10 09:40:16 - [TEST_STEP][PASSED] - if (waitForElementClickable(findTestObject("2-OBJECTS TAREAS SECUNDARIAS/Pruebas Seguridad/Crear_Rol_y_Acceso_Roles/a_SARA_formtabtabla_roles0j_idt134"), 1)): null

2022-06-10 09:40:17 - [MESSAGE][PASSED] - Object 'Object Repository/2-OBJECTS TAREAS SECUNDARIAS/Pruebas Seguridad/Crear_Rol_y_Acceso_Roles/a_SARA_formtabtabla_roles0j_idt134' is clickable

2022-06-10 09:40:17 - [TEST_STEP][PASSED] - click(findTestObject("2-OBJECTS TAREAS SECUNDARIAS/Pruebas Seguridad/Crear_Rol_y_Acceso_Roles/a_SARA_formtabtabla_roles0j_idt134")): Object: 'Object Repository/2-OBJECTS TAREAS SECUNDARIAS/Pruebas Seguridad/Crear_Rol_y_Acceso_Roles/a_SARA_formtabtabla_roles0j_idt134' is clicked on

2022-06-10 09:40:17 - [MESSAGE][PASSED] - Object: 'Object Repository/2-OBJECTS TAREAS SECUNDARIAS/Pruebas Seguridad/Crear_Rol_y_Acceso_Roles/a_SARA_formtabtabla_roles0j_idt134' is clicked on

2022-06-10 09:40:17 - [TEST_STEP][PASSED] - click(findTestObject("2-OBJECTS TAREAS SECUNDARIAS/Pruebas Seguridad/Crear_Rol_y_Acceso_Roles/a_link_aceptar")): Object: 'Object Repository/2-OBJECTS TAREAS SECUNDARIAS/Pruebas Seguridad/Crear_Rol_y_Acceso_Roles/a_link_aceptar' is clicked on

2022-06-10 09:40:18 - [MESSAGE][PASSED] - Object: 'Object Repository/2-OBJECTS TAREAS SECUNDARIAS/Pruebas Seguridad/Crear_Rol_y_Acceso_Roles/a_link_aceptar' is clicked on

2022-06-10 09:40:18 - [TEST_STEP][PASSED] - click(findTestObject("2-OBJECTS TAREAS SECUNDARIAS/Pruebas Seguridad/Crear_Rol_y_Acceso_Roles/a_Roles")): Object: 'Object Repository/2-OBJECTS TAREAS SECUNDARIAS/Pruebas Seguridad/Crear_Rol_y_Acceso_Roles/a_Roles' is clicked on

2022-06-10 09:40:19 - [MESSAGE][PASSED] - Object: 'Object Repository/2-OBJECTS TAREAS SECUNDARIAS/Pruebas Seguridad/Crear_Rol_y_Acceso_Roles/a_Roles' is clicked on

2022-06-10 09:40:19 - [TEST_STEP][PASSED] - click(findTestObject("2-OBJECTS TAREAS SECUNDARIAS/Pruebas Seguridad/Crear_Rol_y_Acceso_Roles/a_Eliminar")): Object: 'Object Repository/2-OBJECTS TAREAS SECUNDARIAS/Pruebas Seguridad/Crear_Rol_y_Acceso_Roles/a_Eliminar' is clicked on

2022-06-10 09:40:19 - [MESSAGE][PASSED] - Object: 'Object Repository/2-OBJECTS TAREAS SECUNDARIAS/Pruebas Seguridad/Crear_Rol_y_Acceso_Roles/a_Eliminar' is clicked on

2022-06-10 09:40:19 - [TEST_STEP][PASSED] - click(findTestObject("2-OBJECTS TAREAS SECUNDARIAS/Pruebas Seguridad/Crear_Rol_y_Acceso_Roles/a_link_aceptar")): Object: 'Object Repository/2-OBJECTS TAREAS SECUNDARIAS/Pruebas Seguridad/Crear_Rol_y_Acceso_Roles/a_link_aceptar' is clicked on

2022-06-10 09:40:20 - [MESSAGE][PASSED] - Object: 'Object Repository/2-OBJECTS TAREAS SECUNDARIAS/Pruebas Seguridad/Crear_Rol_y_Acceso_Roles/a_link_aceptar' is clicked on

2022-06-10 09:40:20 - [TEST_STEP][PASSED] - click(findTestObject("2-OBJECTS TAREAS SECUNDARIAS/Pruebas Seguridad/Crear_Rol_y_Acceso_Roles/a_Nuevo")): Object: 'Object Repository/2-OBJECTS TAREAS SECUNDARIAS/Pruebas Seguridad/Crear_Rol_y_Acceso_Roles/a_Nuevo' is clicked on

2022-06-10 09:40:21 - [MESSAGE][PASSED] - Object: 'Object Repository/2-OBJECTS TAREAS SECUNDARIAS/Pruebas Seguridad/Crear_Rol_y_Acceso_Roles/a_Nuevo' is clicked on

2022-06-10 09:40:21 - [TEST_STEP][PASSED] - setText(findTestObject("2-OBJECTS TAREAS SECUNDARIAS/Pruebas Seguridad/Crear_Rol_y_Acceso_Roles/input_Descripcin_formtabdescripcion"), "Pruebas katalon"): Text 'Pruebas katalon' is set on object 'Object Repository/2-OBJECTS TAREAS SECUNDARIAS/Pruebas Seguridad/Crear_Rol_y_Acceso_Roles/input_Descripcin_formtabdescripcion'

2022-06-10 09:40:22 - [MESSAGE][PASSED] - Text 'Pruebas katalon' is set on object 'Object Repository/2-OBJECTS TAREAS SECUNDARIAS/Pruebas Seguridad/Crear_Rol_y_Acceso_Roles/input_Descripcin_formtabdescripcion'

2022-06-10 09:40:22 - [TEST_STEP][PASSED] - selectOptionByIndex(findTestObject("2-OBJECTS TAREAS SECUNDARIAS/Pruebas Seguridad/Crear_Rol_y_Acceso_Roles/select_Seleccin Tipo TolRol ClienteRol Funcional"), 2): All options with index in [2] are selected on object 'Object Repository/2-OBJECTS TAREAS SECUNDARIAS/Pruebas Seguridad/Crear_Rol_y_Acceso_Roles/select_Seleccin Tipo TolRol ClienteRol Funcional'

2022-06-10 09:40:23 - [MESSAGE][PASSED] - All options with index in [2] are selected on object 'Object Repository/2-OBJECTS TAREAS SECUNDARIAS/Pruebas Seguridad/Crear_Rol_y_Acceso_Roles/select_Seleccin Tipo TolRol ClienteRol Funcional'

2022-06-10 09:40:23 - [TEST_STEP][PASSED] - setText(findTestObject("2-OBJECTS TAREAS SECUNDARIAS/Pruebas Seguridad/Crear_Rol_y_Acceso_Roles/input_Alias_formtabalias"), "pruebas k"): Text 'pruebas k' is set on object 'Object Repository/2-OBJECTS TAREAS SECUNDARIAS/Pruebas Seguridad/Crear_Rol_y_Acceso_Roles/input_Alias_formtabalias'

2022-06-10 09:40:23 - [MESSAGE][PASSED] - Text 'pruebas k' is set on object 'Object Repository/2-OBJECTS TAREAS SECUNDARIAS/Pruebas Seguridad/Crear_Rol_y_Acceso_Roles/input_Alias_formtabalias'

2022-06-10 09:40:23 - [TEST_STEP][PASSED] - selectOptionByIndex(findTestObject("2-OBJECTS TAREAS SECUNDARIAS/Pruebas Seguridad/Crear_Rol_y_Acceso_Roles/select_-- Seleccione --Grupo a"), 1): All options with index in [1] are selected on object 'Object Repository/2-OBJECTS TAREAS SECUNDARIAS/Pruebas Seguridad/Crear_Rol_y_Acceso_Roles/select_-- Seleccione --Grupo a'

2022-06-10 09:40:24 - [MESSAGE][PASSED] - All options with index in [1] are selected on object 'Object Repository/2-OBJECTS TAREAS SECUNDARIAS/Pruebas Seguridad/Crear_Rol_y_Acceso_Roles/select_-- Seleccione --Grupo a'

2022-06-10 09:40:24 - [TEST_STEP][PASSED] - click(findTestObject("2-OBJECTS TAREAS SECUNDARIAS/Pruebas Seguridad/Crear_Rol_y_Acceso_Roles/a_Guardar")): Object: 'Object Repository/2-OBJECTS TAREAS SECUNDARIAS/Pruebas Seguridad/Crear_Rol_y_Acceso_Roles/a_Guardar' is clicked on

2022-06-10 09:40:25 - [MESSAGE][PASSED] - Object: 'Object Repository/2-OBJECTS TAREAS SECUNDARIAS/Pruebas Seguridad/Crear_Rol_y_Acceso_Roles/a_Guardar' is clicked on

2022-06-10 09:40:25 - [TEST_STEP][PASSED] - click(findTestObject("2-OBJECTS TAREAS SECUNDARIAS/Pruebas Seguridad/Crear_Rol_y_Acceso_Roles/a_Acceso Roles")): Object: 'Object Repository/2-OBJECTS TAREAS SECUNDARIAS/Pruebas Seguridad/Crear_Rol_y_Acceso_Roles/a_Acceso Roles' is clicked on

2022-06-10 09:40:25 - [MESSAGE][PASSED] - Object: 'Object Repository/2-OBJECTS TAREAS SECUNDARIAS/Pruebas Seguridad/Crear_Rol_y_Acceso_Roles/a_Acceso Roles' is clicked on

2022-06-10 09:40:25 - [TEST_STEP][PASSED] - selectOptionByIndex(findTestObject("2-OBJECTS TAREAS SECUNDARIAS/Pruebas Seguridad/Crear_Rol_y_Acceso_Roles/select_SeleccioneEmpresa 1Empresa 1"), 1): All options with index in [1] are selected on object 'Object Repository/2-OBJECTS TAREAS SECUNDARIAS/Pruebas Seguridad/Crear_Rol_y_Acceso_Roles/select_SeleccioneEmpresa 1Empresa 1'

2022-06-10 09:40:27 - [MESSAGE][PASSED] - All options with index in [1] are selected on object 'Object Repository/2-OBJECTS TAREAS SECUNDARIAS/Pruebas Seguridad/Crear_Rol_y_Acceso_Roles/select_SeleccioneEmpresa 1Empresa 1'

2022-06-10 09:40:27 - [TEST_STEP][PASSED] - selectOptionByIndex(findTestObject("2-OBJECTS TAREAS SECUNDARIAS/Pruebas Seguridad/Crear_Rol_y_Acceso_Roles/select_SeleccioneSaraDS_Jboss (CompensacionDS)SaraDS_weblogic (CompensacionDS)seguridad jdbcSeguridadDS_Jboss"), 1): All options with index in [1] are selected on object 'Object Repository/2-OBJECTS TAREAS SECUNDARIAS/Pruebas Seguridad/Crear_Rol_y_Acceso_Roles/select_SeleccioneSaraDS_Jboss (CompensacionDS)SaraDS_weblogic (CompensacionDS)seguridad jdbcSeguridadDS_Jboss'

2022-06-10 09:40:28 - [MESSAGE][PASSED] - All options with index in [1] are selected on object 'Object Repository/2-OBJECTS TAREAS SECUNDARIAS/Pruebas Seguridad/Crear_Rol_y_Acceso_Roles/select_SeleccioneSaraDS_Jboss (CompensacionDS)SaraDS_weblogic (CompensacionDS)seguridad jdbcSeguridadDS_Jboss'

2022-06-10 09:40:28 - [TEST_STEP][PASSED] - selectOptionByIndex(findTestObject("2-OBJECTS TAREAS SECUNDARIAS/Pruebas Seguridad/Crear_Rol_y_Acceso_Roles/select_--Seleccione--NUCLEO SISTEMASARAPORTAL SARASARA PRIMESARA APPSOFIASEGURIDADLMSSERVICIOSREGISTRO PERSONA"), 2): All options with index in [2] are selected on object 'Object Repository/2-OBJECTS TAREAS SECUNDARIAS/Pruebas Seguridad/Crear_Rol_y_Acceso_Roles/select_--Seleccione--NUCLEO SISTEMASARAPORTAL SARASARA PRIMESARA APPSOFIASEGURIDADLMSSERVICIOSREGISTRO PERSONA'

2022-06-10 09:40:29 - [MESSAGE][PASSED] - All options with index in [2] are selected on object 'Object Repository/2-OBJECTS TAREAS SECUNDARIAS/Pruebas Seguridad/Crear_Rol_y_Acceso_Roles/select_--Seleccione--NUCLEO SISTEMASARAPORTAL SARASARA PRIMESARA APPSOFIASEGURIDADLMSSERVICIOSREGISTRO PERSONA'

2022-06-10 09:40:29 - [TEST_STEP][PASSED] - click(findTestObject("2-OBJECTS TAREAS SECUNDARIAS/Pruebas Seguridad/Crear_Rol_y_Acceso_Roles/a_Filter by Aplicacin_formtabtabla_rolesj_idt135")): Object: 'Object Repository/2-OBJECTS TAREAS SECUNDARIAS/Pruebas Seguridad/Crear_Rol_y_Acceso_Roles/a_Filter by Aplicacin_formtabtabla_rolesj_idt135' is clicked on

2022-06-10 09:40:29 - [MESSAGE][PASSED] - Object: 'Object Repository/2-OBJECTS TAREAS SECUNDARIAS/Pruebas Seguridad/Crear_Rol_y_Acceso_Roles/a_Filter by Aplicacin_formtabtabla_rolesj_idt135' is clicked on

2022-06-10 09:40:29 - [TEST_STEP][PASSED] - Result = getText(findTestObject("3-OBJECTS UTILIDADES/Alerta/Alerta")): Text of object 'Object Repository/3-OBJECTS UTILIDADES/Alerta/Alerta' is: 'Se adicionó el registro satisfactoriamente'

2022-06-10 09:40:30 - [MESSAGE][PASSED] - Text of object 'Object Repository/3-OBJECTS UTILIDADES/Alerta/Alerta' is: 'Se adicionó el registro satisfactoriamente'

2022-06-10 09:40:30 - [TEST_STEP][PASSED] - if (Result == "Se adicionó el registro satisfactoriamente"): Browser is closed

2022-06-10 09:40:30 - [TEST_STEP][PASSED] - Resultado = "Prueba ok": null

2022-06-10 09:40:30 - [TEST_STEP][PASSED] - closeBrowser(): Browser is closed

2022-06-10 09:40:31 - [MESSAGE][PASSED] - Browser is closed]]></system-out>
         <system-err><![CDATA[]]></system-err>
      </testcase>
      <testcase name="Test Cases/1.2-Tareas_Secundarias/6.1-Pruebas_Seguridad/6.1.6-Crear_Empresa" time="15.752" classname="Test Cases/1.2-Tareas_Secundarias/6.1-Pruebas_Seguridad/6.1.6-Crear_Empresa" status="PASSED">
         <system-out><![CDATA[2022-06-10 09:40:31 - [TEST_CASE][PASSED] - Test Cases/1.2-Tareas_Secundarias/6.1-Pruebas_Seguridad/6.1.6-Crear_Empresa: Test Cases/1.2-Tareas_Secundarias/6.1-Pruebas_Seguridad/6.1.6-Crear_Empresa

2022-06-10 09:40:31 - [TEST_STEP][PASSED] - callTestCase(findTestCase("Utilidades-(atajos_para _tareas)/Login_Seguridad/Login-Seguridad"), [:], STOP_ON_FAILURE): Call Test Case 'Test Cases/Utilidades-(atajos_para _tareas)/Login_Seguridad/Login-Seguridad' successfully

2022-06-10 09:40:31 - [TEST_CASE][PASSED] - Test Cases/Utilidades-(atajos_para _tareas)/Login_Seguridad/Login-Seguridad: Test Cases/Utilidades-(atajos_para _tareas)/Login_Seguridad/Login-Seguridad

2022-06-10 09:40:31 - [TEST_STEP][PASSED] - openBrowser(""): Browser is opened with url: ''

2022-06-10 09:40:31 - [MESSAGE][INFO] - Starting 'Chrome' driver

2022-06-10 09:40:31 - [MESSAGE][INFO] - Action delay is set to 0 milliseconds

2022-06-10 09:40:32 - [MESSAGE][PASSED] - Browser is opened with url: ''

2022-06-10 09:40:32 - [TEST_STEP][PASSED] - maximizeWindow(): Current window maximized

2022-06-10 09:40:33 - [MESSAGE][PASSED] - Current window maximized

2022-06-10 09:40:33 - [TEST_STEP][PASSED] - i = G_Login_Seguridad: null

2022-06-10 09:40:33 - [TEST_STEP][PASSED] - url = new java.net.URL(i): null

2022-06-10 09:40:33 - [TEST_STEP][PASSED] - println("URL: " + url.toString()): null

2022-06-10 09:40:33 - [TEST_STEP][PASSED] - connection = url.openConnection(): null

2022-06-10 09:40:33 - [TEST_STEP][PASSED] - connection.setRequestMethod("GET"): null

2022-06-10 09:40:33 - [TEST_STEP][PASSED] - connection.setReadTimeout(2 * 1000): null

2022-06-10 09:40:33 - [TEST_STEP][PASSED] - try: null

2022-06-10 09:40:33 - [TEST_STEP][PASSED] - connection.connect(): null

2022-06-10 09:40:33 - [TEST_STEP][PASSED] - flag = connected: null

2022-06-10 09:40:33 - [TEST_STEP][PASSED] - println("Valor_ori: " + flag): null

2022-06-10 09:40:33 - [TEST_STEP][PASSED] - if (flag): null

2022-06-10 09:40:33 - [TEST_STEP][PASSED] - navigateToUrl(i): Navigate to 'http://192.168.2.19:8380/seguridadweb/' successfully

2022-06-10 09:40:33 - [MESSAGE][PASSED] - Navigate to 'http://192.168.2.19:8380/seguridadweb/' successfully

2022-06-10 09:40:33 - [TEST_STEP][PASSED] - a(): null

2022-06-10 09:40:33 - [TEST_STEP][PASSED] - setText(findTestObject("3-OBJECTS UTILIDADES/Login/input_USUARIO_loginusuario"), G_Usuario): Text 'saraadmin' is set on object 'Object Repository/3-OBJECTS UTILIDADES/Login/input_USUARIO_loginusuario'

2022-06-10 09:40:34 - [MESSAGE][PASSED] - Text 'saraadmin' is set on object 'Object Repository/3-OBJECTS UTILIDADES/Login/input_USUARIO_loginusuario'

2022-06-10 09:40:34 - [TEST_STEP][PASSED] - setEncryptedText(findTestObject("3-OBJECTS UTILIDADES/Login/input_CLAVE_loginpassword"), "MkG4/TYiCFC3cb2driP7+Q=="): Text ****** has been set on object 'Object Repository/3-OBJECTS UTILIDADES/Login/input_CLAVE_loginpassword'

2022-06-10 09:40:34 - [MESSAGE][PASSED] - Text ****** has been set on object 'Object Repository/3-OBJECTS UTILIDADES/Login/input_CLAVE_loginpassword'

2022-06-10 09:40:34 - [TEST_STEP][PASSED] - waitForElementClickable(findTestObject("3-OBJECTS UTILIDADES/Login/a_Ingresar"), G_TimeOut): Object 'Object Repository/3-OBJECTS UTILIDADES/Login/a_Ingresar' is clickable

2022-06-10 09:40:34 - [MESSAGE][PASSED] - Object 'Object Repository/3-OBJECTS UTILIDADES/Login/a_Ingresar' is clickable

2022-06-10 09:40:34 - [TEST_STEP][PASSED] - click(findTestObject("3-OBJECTS UTILIDADES/Login/a_Ingresar")): Object: 'Object Repository/3-OBJECTS UTILIDADES/Login/a_Ingresar' is clicked on

2022-06-10 09:40:35 - [MESSAGE][PASSED] - Object: 'Object Repository/3-OBJECTS UTILIDADES/Login/a_Ingresar' is clicked on

2022-06-10 09:40:35 - [TEST_STEP][PASSED] - element = findWebElement(findTestObject("3-OBJECTS UTILIDADES/Login/a_Ir"), 30): null

2022-06-10 09:40:36 - [TEST_STEP][PASSED] - executeJavaScript("arguments[0].click()", Arrays.asList(element)): Execute JavaScript 'arguments[0].click()' successfully

2022-06-10 09:40:36 - [MESSAGE][PASSED] - Execute JavaScript 'arguments[0].click()' successfully

2022-06-10 09:40:36 - [MESSAGE][PASSED] - Call Test Case 'Test Cases/Utilidades-(atajos_para _tareas)/Login_Seguridad/Login-Seguridad' successfully

2022-06-10 09:40:36 - [TEST_STEP][PASSED] - setText(findTestObject("2-OBJECTS TAREAS SECUNDARIAS/Pruebas Seguridad/Crear_Empresa/input_ADMINISTRADOR DEL SISTEMA - SARA_form_templatej_idt24_input"), "Empresa"): Text 'Empresa' is set on object 'Object Repository/2-OBJECTS TAREAS SECUNDARIAS/Pruebas Seguridad/Crear_Empresa/input_ADMINISTRADOR DEL SISTEMA - SARA_form_templatej_idt24_input'

2022-06-10 09:40:36 - [MESSAGE][PASSED] - Text 'Empresa' is set on object 'Object Repository/2-OBJECTS TAREAS SECUNDARIAS/Pruebas Seguridad/Crear_Empresa/input_ADMINISTRADOR DEL SISTEMA - SARA_form_templatej_idt24_input'

2022-06-10 09:40:36 - [TEST_STEP][PASSED] - click(findTestObject("2-OBJECTS TAREAS SECUNDARIAS/Pruebas Seguridad/Crear_Empresa/span_Empresa")): Object: 'Object Repository/2-OBJECTS TAREAS SECUNDARIAS/Pruebas Seguridad/Crear_Empresa/span_Empresa' is clicked on

2022-06-10 09:40:38 - [MESSAGE][PASSED] - Object: 'Object Repository/2-OBJECTS TAREAS SECUNDARIAS/Pruebas Seguridad/Crear_Empresa/span_Empresa' is clicked on

2022-06-10 09:40:38 - [TEST_STEP][PASSED] - waitForElementVisible(findTestObject("2-OBJECTS TAREAS SECUNDARIAS/Pruebas Seguridad/Crear_Empresa/td_Pruebas katalon"), 0): Object 'Object Repository/2-OBJECTS TAREAS SECUNDARIAS/Pruebas Seguridad/Crear_Empresa/td_Pruebas katalon' is visible

2022-06-10 09:40:38 - [MESSAGE][WARNING] - Timeout '0' is invalid. Using default page load timeout: '37'

2022-06-10 09:40:38 - [MESSAGE][PASSED] - Object 'Object Repository/2-OBJECTS TAREAS SECUNDARIAS/Pruebas Seguridad/Crear_Empresa/td_Pruebas katalon' is visible

2022-06-10 09:40:38 - [TEST_STEP][PASSED] - click(findTestObject("2-OBJECTS TAREAS SECUNDARIAS/Pruebas Seguridad/Crear_Empresa/td_Pruebas katalon")): Object: 'Object Repository/2-OBJECTS TAREAS SECUNDARIAS/Pruebas Seguridad/Crear_Empresa/td_Pruebas katalon' is clicked on

2022-06-10 09:40:39 - [MESSAGE][PASSED] - Object: 'Object Repository/2-OBJECTS TAREAS SECUNDARIAS/Pruebas Seguridad/Crear_Empresa/td_Pruebas katalon' is clicked on

2022-06-10 09:40:39 - [TEST_STEP][PASSED] - click(findTestObject("2-OBJECTS TAREAS SECUNDARIAS/Pruebas Seguridad/Crear_Empresa/a_Eliminar")): Object: 'Object Repository/2-OBJECTS TAREAS SECUNDARIAS/Pruebas Seguridad/Crear_Empresa/a_Eliminar' is clicked on

2022-06-10 09:40:40 - [MESSAGE][PASSED] - Object: 'Object Repository/2-OBJECTS TAREAS SECUNDARIAS/Pruebas Seguridad/Crear_Empresa/a_Eliminar' is clicked on

2022-06-10 09:40:40 - [TEST_STEP][PASSED] - click(findTestObject("2-OBJECTS TAREAS SECUNDARIAS/Pruebas Seguridad/Crear_Empresa/a_link_aceptar")): Object: 'Object Repository/2-OBJECTS TAREAS SECUNDARIAS/Pruebas Seguridad/Crear_Empresa/a_link_aceptar' is clicked on

2022-06-10 09:40:40 - [MESSAGE][PASSED] - Object: 'Object Repository/2-OBJECTS TAREAS SECUNDARIAS/Pruebas Seguridad/Crear_Empresa/a_link_aceptar' is clicked on

2022-06-10 09:40:40 - [TEST_STEP][PASSED] - click(findTestObject("2-OBJECTS TAREAS SECUNDARIAS/Pruebas Seguridad/Crear_Empresa/a_Nuevo")): Object: 'Object Repository/2-OBJECTS TAREAS SECUNDARIAS/Pruebas Seguridad/Crear_Empresa/a_Nuevo' is clicked on

2022-06-10 09:40:41 - [MESSAGE][PASSED] - Object: 'Object Repository/2-OBJECTS TAREAS SECUNDARIAS/Pruebas Seguridad/Crear_Empresa/a_Nuevo' is clicked on

2022-06-10 09:40:41 - [TEST_STEP][PASSED] - setText(findTestObject("2-OBJECTS TAREAS SECUNDARIAS/Pruebas Seguridad/Crear_Empresa/input_Cdigo_empresa_formcodigoEmpresa"), "5"): Text '5' is set on object 'Object Repository/2-OBJECTS TAREAS SECUNDARIAS/Pruebas Seguridad/Crear_Empresa/input_Cdigo_empresa_formcodigoEmpresa'

2022-06-10 09:40:42 - [MESSAGE][PASSED] - Text '5' is set on object 'Object Repository/2-OBJECTS TAREAS SECUNDARIAS/Pruebas Seguridad/Crear_Empresa/input_Cdigo_empresa_formcodigoEmpresa'

2022-06-10 09:40:42 - [TEST_STEP][PASSED] - setText(findTestObject("2-OBJECTS TAREAS SECUNDARIAS/Pruebas Seguridad/Crear_Empresa/input_Nombre_empresa_formnombreEmpresa"), "Pruebas katalon"): Text 'Pruebas katalon' is set on object 'Object Repository/2-OBJECTS TAREAS SECUNDARIAS/Pruebas Seguridad/Crear_Empresa/input_Nombre_empresa_formnombreEmpresa'

2022-06-10 09:40:43 - [MESSAGE][PASSED] - Text 'Pruebas katalon' is set on object 'Object Repository/2-OBJECTS TAREAS SECUNDARIAS/Pruebas Seguridad/Crear_Empresa/input_Nombre_empresa_formnombreEmpresa'

2022-06-10 09:40:43 - [TEST_STEP][PASSED] - selectOptionByIndex(findTestObject("2-OBJECTS TAREAS SECUNDARIAS/Pruebas Seguridad/Crear_Empresa/select_-- Seleccione --generalMexico"), 1): All options with index in [1] are selected on object 'Object Repository/2-OBJECTS TAREAS SECUNDARIAS/Pruebas Seguridad/Crear_Empresa/select_-- Seleccione --generalMexico'

2022-06-10 09:40:44 - [MESSAGE][PASSED] - All options with index in [1] are selected on object 'Object Repository/2-OBJECTS TAREAS SECUNDARIAS/Pruebas Seguridad/Crear_Empresa/select_-- Seleccione --generalMexico'

2022-06-10 09:40:44 - [TEST_STEP][PASSED] - selectOptionByIndex(findTestObject("2-OBJECTS TAREAS SECUNDARIAS/Pruebas Seguridad/Crear_Empresa/select_-- Seleccione --Aspirantes CALIDADSitio Calidad"), 1): All options with index in [1] are selected on object 'Object Repository/2-OBJECTS TAREAS SECUNDARIAS/Pruebas Seguridad/Crear_Empresa/select_-- Seleccione --Aspirantes CALIDADSitio Calidad'

2022-06-10 09:40:45 - [MESSAGE][PASSED] - All options with index in [1] are selected on object 'Object Repository/2-OBJECTS TAREAS SECUNDARIAS/Pruebas Seguridad/Crear_Empresa/select_-- Seleccione --Aspirantes CALIDADSitio Calidad'

2022-06-10 09:40:45 - [TEST_STEP][PASSED] - selectOptionByIndex(findTestObject("2-OBJECTS TAREAS SECUNDARIAS/Pruebas Seguridad/Crear_Empresa/select_-- Seleccione --Grupo a"), 1): All options with index in [1] are selected on object 'Object Repository/2-OBJECTS TAREAS SECUNDARIAS/Pruebas Seguridad/Crear_Empresa/select_-- Seleccione --Grupo a'

2022-06-10 09:40:46 - [MESSAGE][PASSED] - All options with index in [1] are selected on object 'Object Repository/2-OBJECTS TAREAS SECUNDARIAS/Pruebas Seguridad/Crear_Empresa/select_-- Seleccione --Grupo a'

2022-06-10 09:40:46 - [TEST_STEP][PASSED] - click(findTestObject("2-OBJECTS TAREAS SECUNDARIAS/Pruebas Seguridad/Crear_Empresa/a_Actualizar")): Object: 'Object Repository/2-OBJECTS TAREAS SECUNDARIAS/Pruebas Seguridad/Crear_Empresa/a_Actualizar' is clicked on

2022-06-10 09:40:46 - [MESSAGE][PASSED] - Object: 'Object Repository/2-OBJECTS TAREAS SECUNDARIAS/Pruebas Seguridad/Crear_Empresa/a_Actualizar' is clicked on

2022-06-10 09:40:46 - [TEST_STEP][PASSED] - Result = getText(findTestObject("3-OBJECTS UTILIDADES/Alerta/Alerta")): Text of object 'Object Repository/3-OBJECTS UTILIDADES/Alerta/Alerta' is: 'Se adiciono el registro correctamente'

2022-06-10 09:40:47 - [MESSAGE][PASSED] - Text of object 'Object Repository/3-OBJECTS UTILIDADES/Alerta/Alerta' is: 'Se adiciono el registro correctamente'

2022-06-10 09:40:47 - [TEST_STEP][PASSED] - if (Result == "Se adiciono el registro correctamente"): null

2022-06-10 09:40:47 - [TEST_STEP][PASSED] - Resultado = "PRUEBA  OK": null]]></system-out>
         <system-err><![CDATA[]]></system-err>
      </testcase>
      <testcase name="Test Cases/1.1-Tareas Principales/1.8.3-Recordar_Contraseña" time="46.549" classname="Test Cases/1.1-Tareas Principales/1.8.3-Recordar_Contraseña" status="PASSED">
         <system-out><![CDATA[2022-06-10 09:40:47 - [TEST_CASE][PASSED] - Test Cases/1.1-Tareas Principales/1.8.3-Recordar_Contraseña: Test Cases/1.1-Tareas Principales/1.8.3-Recordar_Contraseña

2022-06-10 09:40:47 - [TEST_STEP][PASSED] - openBrowser("http://192.168.2.19:8380/seguridadweb/"): Browser is opened with url: 'http://192.168.2.19:8380/seguridadweb/'

2022-06-10 09:40:47 - [MESSAGE][WARNING] - A browser is already opened. Closing browser and opening a new one

2022-06-10 09:40:48 - [MESSAGE][INFO] - Starting 'Chrome' driver

2022-06-10 09:40:48 - [MESSAGE][INFO] - Action delay is set to 0 milliseconds

2022-06-10 09:40:49 - [MESSAGE][PASSED] - Browser is opened with url: 'http://192.168.2.19:8380/seguridadweb/'

2022-06-10 09:40:49 - [TEST_STEP][PASSED] - setText(findTestObject("1-OBJECTS TAREAS PRINCIPALES/Modulo Tarea Sara General/Recordar_Contraseña/input_Olvide Mi Clave_loginusuario"), G_Usuario): Text 'saraadmin' is set on object 'Object Repository/1-OBJECTS TAREAS PRINCIPALES/Modulo Tarea Sara General/Recordar_Contraseña/input_Olvide Mi Clave_loginusuario'

2022-06-10 09:40:50 - [MESSAGE][PASSED] - Text 'saraadmin' is set on object 'Object Repository/1-OBJECTS TAREAS PRINCIPALES/Modulo Tarea Sara General/Recordar_Contraseña/input_Olvide Mi Clave_loginusuario'

2022-06-10 09:40:50 - [TEST_STEP][PASSED] - setEncryptedText(findTestObject("1-OBJECTS TAREAS PRINCIPALES/Modulo Tarea Sara General/Recordar_Contraseña/input_Olvide Mi Clave_loginpassword"), "MkG4/TYiCFC3cb2driP7+Q=="): Text ****** has been set on object 'Object Repository/1-OBJECTS TAREAS PRINCIPALES/Modulo Tarea Sara General/Recordar_Contraseña/input_Olvide Mi Clave_loginpassword'

2022-06-10 09:40:50 - [MESSAGE][PASSED] - Text ****** has been set on object 'Object Repository/1-OBJECTS TAREAS PRINCIPALES/Modulo Tarea Sara General/Recordar_Contraseña/input_Olvide Mi Clave_loginpassword'

2022-06-10 09:40:50 - [TEST_STEP][PASSED] - click(findTestObject("1-OBJECTS TAREAS PRINCIPALES/Modulo Tarea Sara General/Recordar_Contraseña/a_Ingresar")): Object: 'Object Repository/1-OBJECTS TAREAS PRINCIPALES/Modulo Tarea Sara General/Recordar_Contraseña/a_Ingresar' is clicked on

2022-06-10 09:40:51 - [MESSAGE][PASSED] - Object: 'Object Repository/1-OBJECTS TAREAS PRINCIPALES/Modulo Tarea Sara General/Recordar_Contraseña/a_Ingresar' is clicked on

2022-06-10 09:40:51 - [TEST_STEP][PASSED] - setText(findTestObject("1-OBJECTS TAREAS PRINCIPALES/Modulo Tarea Sara General/Recordar_Contraseña/input_Empresa 1_form_templatej_idt24_input"), "Usuario"): Text 'Usuario' is set on object 'Object Repository/1-OBJECTS TAREAS PRINCIPALES/Modulo Tarea Sara General/Recordar_Contraseña/input_Empresa 1_form_templatej_idt24_input'

2022-06-10 09:40:52 - [MESSAGE][PASSED] - Text 'Usuario' is set on object 'Object Repository/1-OBJECTS TAREAS PRINCIPALES/Modulo Tarea Sara General/Recordar_Contraseña/input_Empresa 1_form_templatej_idt24_input'

2022-06-10 09:40:52 - [TEST_STEP][PASSED] - click(findTestObject("1-OBJECTS TAREAS PRINCIPALES/Modulo Tarea Sara General/Recordar_Contraseña/li_Usuario")): Object: 'Object Repository/1-OBJECTS TAREAS PRINCIPALES/Modulo Tarea Sara General/Recordar_Contraseña/li_Usuario' is clicked on

2022-06-10 09:40:54 - [MESSAGE][PASSED] - Object: 'Object Repository/1-OBJECTS TAREAS PRINCIPALES/Modulo Tarea Sara General/Recordar_Contraseña/li_Usuario' is clicked on

2022-06-10 09:40:54 - [TEST_STEP][PASSED] - setText(findTestObject("1-OBJECTS TAREAS PRINCIPALES/Modulo Tarea Sara General/Recordar_Contraseña/input_Portal_usuarioformaparametroBusqueda"), "Prueba_Contraseña"): Text 'Prueba_Contraseña' is set on object 'Object Repository/1-OBJECTS TAREAS PRINCIPALES/Modulo Tarea Sara General/Recordar_Contraseña/input_Portal_usuarioformaparametroBusqueda'

2022-06-10 09:40:55 - [MESSAGE][PASSED] - Text 'Prueba_Contraseña' is set on object 'Object Repository/1-OBJECTS TAREAS PRINCIPALES/Modulo Tarea Sara General/Recordar_Contraseña/input_Portal_usuarioformaparametroBusqueda'

2022-06-10 09:40:55 - [TEST_STEP][PASSED] - sendKeys(findTestObject("1-OBJECTS TAREAS PRINCIPALES/Modulo Tarea Sara General/Recordar_Contraseña/input_Portal_usuarioformaparametroBusqueda"), Keys.chord(ENTER)): Keys 'ENTER + ' sent to object: 'Object Repository/1-OBJECTS TAREAS PRINCIPALES/Modulo Tarea Sara General/Recordar_Contraseña/input_Portal_usuarioformaparametroBusqueda'

2022-06-10 09:40:55 - [MESSAGE][PASSED] - Keys 'ENTER + ' sent to object: 'Object Repository/1-OBJECTS TAREAS PRINCIPALES/Modulo Tarea Sara General/Recordar_Contraseña/input_Portal_usuarioformaparametroBusqueda'

2022-06-10 09:40:55 - [TEST_STEP][PASSED] - if (waitForElementVisible(findTestObject("1-OBJECTS TAREAS PRINCIPALES/Modulo Tarea Sara General/Recordar_Contraseña/span_Prueba_Contrasea"), 1)): null

2022-06-10 09:40:56 - [MESSAGE][PASSED] - Object 'Object Repository/1-OBJECTS TAREAS PRINCIPALES/Modulo Tarea Sara General/Recordar_Contraseña/span_Prueba_Contrasea' is visible

2022-06-10 09:40:56 - [TEST_STEP][PASSED] - click(findTestObject("1-OBJECTS TAREAS PRINCIPALES/Modulo Tarea Sara General/Recordar_Contraseña/span_Prueba_Contrasea")): Object: 'Object Repository/1-OBJECTS TAREAS PRINCIPALES/Modulo Tarea Sara General/Recordar_Contraseña/span_Prueba_Contrasea' is clicked on

2022-06-10 09:40:56 - [MESSAGE][PASSED] - Object: 'Object Repository/1-OBJECTS TAREAS PRINCIPALES/Modulo Tarea Sara General/Recordar_Contraseña/span_Prueba_Contrasea' is clicked on

2022-06-10 09:40:56 - [TEST_STEP][PASSED] - click(findTestObject("1-OBJECTS TAREAS PRINCIPALES/Modulo Tarea Sara General/Recordar_Contraseña/a_Eliminar")): Object: 'Object Repository/1-OBJECTS TAREAS PRINCIPALES/Modulo Tarea Sara General/Recordar_Contraseña/a_Eliminar' is clicked on

2022-06-10 09:40:57 - [MESSAGE][PASSED] - Object: 'Object Repository/1-OBJECTS TAREAS PRINCIPALES/Modulo Tarea Sara General/Recordar_Contraseña/a_Eliminar' is clicked on

2022-06-10 09:40:57 - [TEST_STEP][PASSED] - click(findTestObject("1-OBJECTS TAREAS PRINCIPALES/Modulo Tarea Sara General/Recordar_Contraseña/a_Aceptar")): Object: 'Object Repository/1-OBJECTS TAREAS PRINCIPALES/Modulo Tarea Sara General/Recordar_Contraseña/a_Aceptar' is clicked on

2022-06-10 09:40:57 - [MESSAGE][PASSED] - Object: 'Object Repository/1-OBJECTS TAREAS PRINCIPALES/Modulo Tarea Sara General/Recordar_Contraseña/a_Aceptar' is clicked on

2022-06-10 09:40:57 - [TEST_STEP][PASSED] - click(findTestObject("1-OBJECTS TAREAS PRINCIPALES/Modulo Tarea Sara General/Recordar_Contraseña/a_Nuevo")): Object: 'Object Repository/1-OBJECTS TAREAS PRINCIPALES/Modulo Tarea Sara General/Recordar_Contraseña/a_Nuevo' is clicked on

2022-06-10 09:40:58 - [MESSAGE][PASSED] - Object: 'Object Repository/1-OBJECTS TAREAS PRINCIPALES/Modulo Tarea Sara General/Recordar_Contraseña/a_Nuevo' is clicked on

2022-06-10 09:40:58 - [TEST_STEP][PASSED] - setText(findTestObject("1-OBJECTS TAREAS PRINCIPALES/Modulo Tarea Sara General/Recordar_Contraseña/input_Sesin_usuarioformatablogin"), "Prueba"): Text 'Prueba' is set on object 'Object Repository/1-OBJECTS TAREAS PRINCIPALES/Modulo Tarea Sara General/Recordar_Contraseña/input_Sesin_usuarioformatablogin'

2022-06-10 09:40:59 - [MESSAGE][PASSED] - Text 'Prueba' is set on object 'Object Repository/1-OBJECTS TAREAS PRINCIPALES/Modulo Tarea Sara General/Recordar_Contraseña/input_Sesin_usuarioformatablogin'

2022-06-10 09:40:59 - [TEST_STEP][PASSED] - setText(findTestObject("1-OBJECTS TAREAS PRINCIPALES/Modulo Tarea Sara General/Recordar_Contraseña/input_Documento_usuarioformatabdocumento"), "2237"): Text '2237' is set on object 'Object Repository/1-OBJECTS TAREAS PRINCIPALES/Modulo Tarea Sara General/Recordar_Contraseña/input_Documento_usuarioformatabdocumento'

2022-06-10 09:41:00 - [MESSAGE][PASSED] - Text '2237' is set on object 'Object Repository/1-OBJECTS TAREAS PRINCIPALES/Modulo Tarea Sara General/Recordar_Contraseña/input_Documento_usuarioformatabdocumento'

2022-06-10 09:41:00 - [TEST_STEP][PASSED] - setText(findTestObject("1-OBJECTS TAREAS PRINCIPALES/Modulo Tarea Sara General/Recordar_Contraseña/input_Nombre_usuarioformatabnombre"), "Prueba_Contraseña"): Text 'Prueba_Contraseña' is set on object 'Object Repository/1-OBJECTS TAREAS PRINCIPALES/Modulo Tarea Sara General/Recordar_Contraseña/input_Nombre_usuarioformatabnombre'

2022-06-10 09:41:00 - [MESSAGE][PASSED] - Text 'Prueba_Contraseña' is set on object 'Object Repository/1-OBJECTS TAREAS PRINCIPALES/Modulo Tarea Sara General/Recordar_Contraseña/input_Nombre_usuarioformatabnombre'

2022-06-10 09:41:00 - [TEST_STEP][PASSED] - setText(findTestObject("1-OBJECTS TAREAS PRINCIPALES/Modulo Tarea Sara General/Recordar_Contraseña/input_Correo_usuarioformatabemail"), "pruebas.automaticas.union@gmail.com"): Text 'pruebas.automaticas.union@gmail.com' is set on object 'Object Repository/1-OBJECTS TAREAS PRINCIPALES/Modulo Tarea Sara General/Recordar_Contraseña/input_Correo_usuarioformatabemail'

2022-06-10 09:41:01 - [MESSAGE][PASSED] - Text 'pruebas.automaticas.union@gmail.com' is set on object 'Object Repository/1-OBJECTS TAREAS PRINCIPALES/Modulo Tarea Sara General/Recordar_Contraseña/input_Correo_usuarioformatabemail'

2022-06-10 09:41:01 - [TEST_STEP][PASSED] - setText(findTestObject("1-OBJECTS TAREAS PRINCIPALES/Modulo Tarea Sara General/Recordar_Contraseña/input_Habilitar_usuarioformatabfechaabilitar_input"), Fecha()): null

2022-06-10 09:41:01 - [TEST_STEP][PASSED] - today = new java.util.Date(): null

2022-06-10 09:41:01 - [TEST_STEP][PASSED] - Fecha = today.format("dd/MM/yyyy"): null

2022-06-10 09:41:01 - [TEST_STEP][PASSED] - Hora = today.format("hh:mm"): null

2022-06-10 09:41:01 - [TEST_STEP][PASSED] - Total = Fecha + " " + Hora: Text '10/06/2022 09:41' is set on object 'Object Repository/1-OBJECTS TAREAS PRINCIPALES/Modulo Tarea Sara General/Recordar_Contraseña/input_Habilitar_usuarioformatabfechaabilitar_input'

2022-06-10 09:41:02 - [MESSAGE][PASSED] - Text '10/06/2022 09:41' is set on object 'Object Repository/1-OBJECTS TAREAS PRINCIPALES/Modulo Tarea Sara General/Recordar_Contraseña/input_Habilitar_usuarioformatabfechaabilitar_input'

2022-06-10 09:41:02 - [TEST_STEP][PASSED] - click(findTestObject("1-OBJECTS TAREAS PRINCIPALES/Modulo Tarea Sara General/Recordar_Contraseña/label_Activo")): Object: 'Object Repository/1-OBJECTS TAREAS PRINCIPALES/Modulo Tarea Sara General/Recordar_Contraseña/label_Activo' is clicked on

2022-06-10 09:41:03 - [MESSAGE][PASSED] - Object: 'Object Repository/1-OBJECTS TAREAS PRINCIPALES/Modulo Tarea Sara General/Recordar_Contraseña/label_Activo' is clicked on

2022-06-10 09:41:03 - [TEST_STEP][PASSED] - selectOptionByIndex(findTestObject("1-OBJECTS TAREAS PRINCIPALES/Modulo Tarea Sara General/Recordar_Contraseña/select_-- Seleccione --acceso empresa calidad2Grupo a"), 2): All options with index in [2] are selected on object 'Object Repository/1-OBJECTS TAREAS PRINCIPALES/Modulo Tarea Sara General/Recordar_Contraseña/select_-- Seleccione --acceso empresa calidad2Grupo a'

2022-06-10 09:41:04 - [MESSAGE][PASSED] - All options with index in [2] are selected on object 'Object Repository/1-OBJECTS TAREAS PRINCIPALES/Modulo Tarea Sara General/Recordar_Contraseña/select_-- Seleccione --acceso empresa calidad2Grupo a'

2022-06-10 09:41:04 - [TEST_STEP][PASSED] - click(findTestObject("1-OBJECTS TAREAS PRINCIPALES/Modulo Tarea Sara General/Recordar_Contraseña/a_Guardar")): Object: 'Object Repository/1-OBJECTS TAREAS PRINCIPALES/Modulo Tarea Sara General/Recordar_Contraseña/a_Guardar' is clicked on

2022-06-10 09:41:04 - [MESSAGE][PASSED] - Object: 'Object Repository/1-OBJECTS TAREAS PRINCIPALES/Modulo Tarea Sara General/Recordar_Contraseña/a_Guardar' is clicked on

2022-06-10 09:41:04 - [TEST_STEP][PASSED] - click(findTestObject("1-OBJECTS TAREAS PRINCIPALES/Modulo Tarea Sara General/Recordar_Contraseña/a_Contrasea")): Object: 'Object Repository/1-OBJECTS TAREAS PRINCIPALES/Modulo Tarea Sara General/Recordar_Contraseña/a_Contrasea' is clicked on

2022-06-10 09:41:05 - [MESSAGE][PASSED] - Object: 'Object Repository/1-OBJECTS TAREAS PRINCIPALES/Modulo Tarea Sara General/Recordar_Contraseña/a_Contrasea' is clicked on

2022-06-10 09:41:05 - [TEST_STEP][PASSED] - setText(findTestObject("1-OBJECTS TAREAS PRINCIPALES/Modulo Tarea Sara General/Recordar_Contraseña/input_Contrasea_usuarioformatabpasswordNuevo"), "saraadmin1"): Text 'saraadmin1' is set on object 'Object Repository/1-OBJECTS TAREAS PRINCIPALES/Modulo Tarea Sara General/Recordar_Contraseña/input_Contrasea_usuarioformatabpasswordNuevo'

2022-06-10 09:41:06 - [MESSAGE][PASSED] - Text 'saraadmin1' is set on object 'Object Repository/1-OBJECTS TAREAS PRINCIPALES/Modulo Tarea Sara General/Recordar_Contraseña/input_Contrasea_usuarioformatabpasswordNuevo'

2022-06-10 09:41:06 - [TEST_STEP][PASSED] - setText(findTestObject("1-OBJECTS TAREAS PRINCIPALES/Modulo Tarea Sara General/Recordar_Contraseña/input_Confirmar_usuarioformatabpasswordConfirma"), "saraadmin1"): Text 'saraadmin1' is set on object 'Object Repository/1-OBJECTS TAREAS PRINCIPALES/Modulo Tarea Sara General/Recordar_Contraseña/input_Confirmar_usuarioformatabpasswordConfirma'

2022-06-10 09:41:06 - [MESSAGE][PASSED] - Text 'saraadmin1' is set on object 'Object Repository/1-OBJECTS TAREAS PRINCIPALES/Modulo Tarea Sara General/Recordar_Contraseña/input_Confirmar_usuarioformatabpasswordConfirma'

2022-06-10 09:41:06 - [TEST_STEP][PASSED] - click(findTestObject("1-OBJECTS TAREAS PRINCIPALES/Modulo Tarea Sara General/Recordar_Contraseña/a_Actualizar")): Object: 'Object Repository/1-OBJECTS TAREAS PRINCIPALES/Modulo Tarea Sara General/Recordar_Contraseña/a_Actualizar' is clicked on

2022-06-10 09:41:07 - [MESSAGE][PASSED] - Object: 'Object Repository/1-OBJECTS TAREAS PRINCIPALES/Modulo Tarea Sara General/Recordar_Contraseña/a_Actualizar' is clicked on

2022-06-10 09:41:07 - [TEST_STEP][PASSED] - openBrowser("http://192.168.2.19:8380/saraweb/"): Browser is opened with url: 'http://192.168.2.19:8380/saraweb/'

2022-06-10 09:41:07 - [MESSAGE][WARNING] - A browser is already opened. Closing browser and opening a new one

2022-06-10 09:41:08 - [MESSAGE][INFO] - Starting 'Chrome' driver

2022-06-10 09:41:08 - [MESSAGE][INFO] - Action delay is set to 0 milliseconds

2022-06-10 09:41:09 - [MESSAGE][PASSED] - Browser is opened with url: 'http://192.168.2.19:8380/saraweb/'

2022-06-10 09:41:09 - [TEST_STEP][PASSED] - click(findTestObject("1-OBJECTS TAREAS PRINCIPALES/Modulo Tarea Sara General/Recordar_Contraseña/span_Olvide Mi Clave")): Object: 'Object Repository/1-OBJECTS TAREAS PRINCIPALES/Modulo Tarea Sara General/Recordar_Contraseña/span_Olvide Mi Clave' is clicked on

2022-06-10 09:41:10 - [MESSAGE][PASSED] - Object: 'Object Repository/1-OBJECTS TAREAS PRINCIPALES/Modulo Tarea Sara General/Recordar_Contraseña/span_Olvide Mi Clave' is clicked on

2022-06-10 09:41:10 - [TEST_STEP][PASSED] - setText(findTestObject("1-OBJECTS TAREAS PRINCIPALES/Modulo Tarea Sara General/Recordar_Contraseña/input_Ingrese Login o Correo_form_recordarClaveloginEmail"), "pruebas.automaticas.union@gmail.com"): Text 'pruebas.automaticas.union@gmail.com' is set on object 'Object Repository/1-OBJECTS TAREAS PRINCIPALES/Modulo Tarea Sara General/Recordar_Contraseña/input_Ingrese Login o Correo_form_recordarClaveloginEmail'

2022-06-10 09:41:11 - [MESSAGE][PASSED] - Text 'pruebas.automaticas.union@gmail.com' is set on object 'Object Repository/1-OBJECTS TAREAS PRINCIPALES/Modulo Tarea Sara General/Recordar_Contraseña/input_Ingrese Login o Correo_form_recordarClaveloginEmail'

2022-06-10 09:41:11 - [TEST_STEP][PASSED] - click(findTestObject("1-OBJECTS TAREAS PRINCIPALES/Modulo Tarea Sara General/Recordar_Contraseña/a_Enviar")): Object: 'Object Repository/1-OBJECTS TAREAS PRINCIPALES/Modulo Tarea Sara General/Recordar_Contraseña/a_Enviar' is clicked on

2022-06-10 09:41:11 - [MESSAGE][PASSED] - Object: 'Object Repository/1-OBJECTS TAREAS PRINCIPALES/Modulo Tarea Sara General/Recordar_Contraseña/a_Enviar' is clicked on

2022-06-10 09:41:11 - [TEST_STEP][PASSED] - Result1 = getText(findTestObject("3-OBJECTS UTILIDADES/Alerta/Alerta")): Text of object 'Object Repository/3-OBJECTS UTILIDADES/Alerta/Alerta' is: 'Señor usuario, se ha remitido un correo electrónico al correo asociado.'

2022-06-10 09:41:12 - [MESSAGE][PASSED] - Text of object 'Object Repository/3-OBJECTS UTILIDADES/Alerta/Alerta' is: 'Señor usuario, se ha remitido un correo electrónico al correo asociado.'

2022-06-10 09:41:12 - [TEST_STEP][PASSED] - openBrowser("http://192.168.2.19:8380/seguridadweb/"): Browser is opened with url: 'http://192.168.2.19:8380/seguridadweb/'

2022-06-10 09:41:12 - [MESSAGE][WARNING] - A browser is already opened. Closing browser and opening a new one

2022-06-10 09:41:13 - [MESSAGE][INFO] - Starting 'Chrome' driver

2022-06-10 09:41:13 - [MESSAGE][INFO] - Action delay is set to 0 milliseconds

2022-06-10 09:41:14 - [MESSAGE][PASSED] - Browser is opened with url: 'http://192.168.2.19:8380/seguridadweb/'

2022-06-10 09:41:14 - [TEST_STEP][PASSED] - setText(findTestObject("1-OBJECTS TAREAS PRINCIPALES/Modulo Tarea Sara General/Recordar_Contraseña/input_Olvide Mi Clave_loginusuario"), "saraadmin"): Text 'saraadmin' is set on object 'Object Repository/1-OBJECTS TAREAS PRINCIPALES/Modulo Tarea Sara General/Recordar_Contraseña/input_Olvide Mi Clave_loginusuario'

2022-06-10 09:41:15 - [MESSAGE][PASSED] - Text 'saraadmin' is set on object 'Object Repository/1-OBJECTS TAREAS PRINCIPALES/Modulo Tarea Sara General/Recordar_Contraseña/input_Olvide Mi Clave_loginusuario'

2022-06-10 09:41:15 - [TEST_STEP][PASSED] - setEncryptedText(findTestObject("1-OBJECTS TAREAS PRINCIPALES/Modulo Tarea Sara General/Recordar_Contraseña/input_Olvide Mi Clave_loginpassword"), "MkG4/TYiCFC3cb2driP7+Q=="): Text ****** has been set on object 'Object Repository/1-OBJECTS TAREAS PRINCIPALES/Modulo Tarea Sara General/Recordar_Contraseña/input_Olvide Mi Clave_loginpassword'

2022-06-10 09:41:15 - [MESSAGE][PASSED] - Text ****** has been set on object 'Object Repository/1-OBJECTS TAREAS PRINCIPALES/Modulo Tarea Sara General/Recordar_Contraseña/input_Olvide Mi Clave_loginpassword'

2022-06-10 09:41:15 - [TEST_STEP][PASSED] - click(findTestObject("1-OBJECTS TAREAS PRINCIPALES/Modulo Tarea Sara General/Recordar_Contraseña/a_Ingresar")): Object: 'Object Repository/1-OBJECTS TAREAS PRINCIPALES/Modulo Tarea Sara General/Recordar_Contraseña/a_Ingresar' is clicked on

2022-06-10 09:41:16 - [MESSAGE][PASSED] - Object: 'Object Repository/1-OBJECTS TAREAS PRINCIPALES/Modulo Tarea Sara General/Recordar_Contraseña/a_Ingresar' is clicked on

2022-06-10 09:41:16 - [TEST_STEP][PASSED] - setText(findTestObject("1-OBJECTS TAREAS PRINCIPALES/Modulo Tarea Sara General/Recordar_Contraseña/input_Empresa 1_form_templatej_idt24_input"), "Administrador de correos"): Text 'Administrador de correos' is set on object 'Object Repository/1-OBJECTS TAREAS PRINCIPALES/Modulo Tarea Sara General/Recordar_Contraseña/input_Empresa 1_form_templatej_idt24_input'

2022-06-10 09:41:17 - [MESSAGE][PASSED] - Text 'Administrador de correos' is set on object 'Object Repository/1-OBJECTS TAREAS PRINCIPALES/Modulo Tarea Sara General/Recordar_Contraseña/input_Empresa 1_form_templatej_idt24_input'

2022-06-10 09:41:17 - [TEST_STEP][PASSED] - click(findTestObject("1-OBJECTS TAREAS PRINCIPALES/Modulo Tarea Sara General/Recordar_Contraseña/li_Usuario")): Object: 'Object Repository/1-OBJECTS TAREAS PRINCIPALES/Modulo Tarea Sara General/Recordar_Contraseña/li_Usuario' is clicked on

2022-06-10 09:41:18 - [MESSAGE][PASSED] - Object: 'Object Repository/1-OBJECTS TAREAS PRINCIPALES/Modulo Tarea Sara General/Recordar_Contraseña/li_Usuario' is clicked on

2022-06-10 09:41:18 - [TEST_STEP][PASSED] - setText(findTestObject("1-OBJECTS TAREAS PRINCIPALES/Modulo Tarea Sara General/Recordar_Contraseña/input_Destinatario_listado_correoj_idt69"), "pruebas.automaticas.union@gmail.com"): Text 'pruebas.automaticas.union@gmail.com' is set on object 'Object Repository/1-OBJECTS TAREAS PRINCIPALES/Modulo Tarea Sara General/Recordar_Contraseña/input_Destinatario_listado_correoj_idt69'

2022-06-10 09:41:20 - [MESSAGE][PASSED] - Text 'pruebas.automaticas.union@gmail.com' is set on object 'Object Repository/1-OBJECTS TAREAS PRINCIPALES/Modulo Tarea Sara General/Recordar_Contraseña/input_Destinatario_listado_correoj_idt69'

2022-06-10 09:41:20 - [TEST_STEP][PASSED] - setText(findTestObject("1-OBJECTS TAREAS PRINCIPALES/Modulo Tarea Sara General/Recordar_Contraseña/input_Asunto_listado_correoj_idt71"), "Generar Claves Usuario"): Text 'Generar Claves Usuario' is set on object 'Object Repository/1-OBJECTS TAREAS PRINCIPALES/Modulo Tarea Sara General/Recordar_Contraseña/input_Asunto_listado_correoj_idt71'

2022-06-10 09:41:21 - [MESSAGE][PASSED] - Text 'Generar Claves Usuario' is set on object 'Object Repository/1-OBJECTS TAREAS PRINCIPALES/Modulo Tarea Sara General/Recordar_Contraseña/input_Asunto_listado_correoj_idt71'

2022-06-10 09:41:21 - [TEST_STEP][PASSED] - sendKeys(findTestObject("1-OBJECTS TAREAS PRINCIPALES/Modulo Tarea Sara General/Recordar_Contraseña/input_Asunto_listado_correoj_idt71"), Keys.chord(ENTER)): Keys 'ENTER + ' sent to object: 'Object Repository/1-OBJECTS TAREAS PRINCIPALES/Modulo Tarea Sara General/Recordar_Contraseña/input_Asunto_listado_correoj_idt71'

2022-06-10 09:41:22 - [MESSAGE][PASSED] - Keys 'ENTER + ' sent to object: 'Object Repository/1-OBJECTS TAREAS PRINCIPALES/Modulo Tarea Sara General/Recordar_Contraseña/input_Asunto_listado_correoj_idt71'

2022-06-10 09:41:22 - [TEST_STEP][PASSED] - Contador = 0: null

2022-06-10 09:41:22 - [TEST_STEP][PASSED] - while (waitForElementVisible(findTestObject("1-OBJECTS TAREAS PRINCIPALES/Modulo Tarea Sara General/Recordar_Contraseña/span_Prueba_Contrasea"), 1)): Web element with id: 'Object Repository/1-OBJECTS TAREAS PRINCIPALES/Modulo Tarea Sara General/Recordar_Contraseña/span_Prueba_Contrasea' located by '//*/text()[normalize-space(.)='Prueba_Contraseña']/parent::*' not found

2022-06-10 09:41:24 - [MESSAGE][INFO] - Unable to find the element located by 'By.xpath: //*/text()[normalize-space(.)='Prueba_Contraseña']/parent::*'. Please recheck the objects properties to make sure the desired element is located. 

2022-06-10 09:41:24 - [MESSAGE][WARNING] - Web element with id: 'Object Repository/1-OBJECTS TAREAS PRINCIPALES/Modulo Tarea Sara General/Recordar_Contraseña/span_Prueba_Contrasea' located by '//*/text()[normalize-space(.)='Prueba_Contraseña']/parent::*' not found

2022-06-10 09:41:24 - [TEST_STEP][PASSED] - getText(findTestObject("1-OBJECTS TAREAS PRINCIPALES/Modulo Tarea Sara General/Recordar_Contraseña/span_20052022 0949")): Text of object 'Object Repository/1-OBJECTS TAREAS PRINCIPALES/Modulo Tarea Sara General/Recordar_Contraseña/span_20052022 0949' is: '09/06/2022 13:46'

2022-06-10 09:41:24 - [MESSAGE][PASSED] - Text of object 'Object Repository/1-OBJECTS TAREAS PRINCIPALES/Modulo Tarea Sara General/Recordar_Contraseña/span_20052022 0949' is: '09/06/2022 13:46'

2022-06-10 09:41:24 - [TEST_STEP][PASSED] - if (Result1 == "Señor usuario, se ha remitido un correo electrónico al correo asociado."): Browser is closed

2022-06-10 09:41:24 - [TEST_STEP][PASSED] - openBrowser("http://192.168.2.19:8380/saraweb/"): Browser is opened with url: 'http://192.168.2.19:8380/saraweb/'

2022-06-10 09:41:24 - [MESSAGE][WARNING] - A browser is already opened. Closing browser and opening a new one

2022-06-10 09:41:25 - [MESSAGE][INFO] - Starting 'Chrome' driver

2022-06-10 09:41:25 - [MESSAGE][INFO] - Action delay is set to 0 milliseconds

2022-06-10 09:41:27 - [MESSAGE][PASSED] - Browser is opened with url: 'http://192.168.2.19:8380/saraweb/'

2022-06-10 09:41:27 - [TEST_STEP][PASSED] - setText(findTestObject("1-OBJECTS TAREAS PRINCIPALES/Modulo Tarea Sara General/Recordar_Contraseña/input_Olvide Mi Clave_loginusuario1"), "Prueba"): Text 'Prueba' is set on object 'Object Repository/1-OBJECTS TAREAS PRINCIPALES/Modulo Tarea Sara General/Recordar_Contraseña/input_Olvide Mi Clave_loginusuario1'

2022-06-10 09:41:27 - [MESSAGE][PASSED] - Text 'Prueba' is set on object 'Object Repository/1-OBJECTS TAREAS PRINCIPALES/Modulo Tarea Sara General/Recordar_Contraseña/input_Olvide Mi Clave_loginusuario1'

2022-06-10 09:41:27 - [TEST_STEP][PASSED] - setText(findTestObject("1-OBJECTS TAREAS PRINCIPALES/Modulo Tarea Sara General/Recordar_Contraseña/input_Olvide Mi Clave_loginpassword1"), "saraadmin1"): Text 'saraadmin1' is set on object 'Object Repository/1-OBJECTS TAREAS PRINCIPALES/Modulo Tarea Sara General/Recordar_Contraseña/input_Olvide Mi Clave_loginpassword1'

2022-06-10 09:41:28 - [MESSAGE][PASSED] - Text 'saraadmin1' is set on object 'Object Repository/1-OBJECTS TAREAS PRINCIPALES/Modulo Tarea Sara General/Recordar_Contraseña/input_Olvide Mi Clave_loginpassword1'

2022-06-10 09:41:28 - [TEST_STEP][PASSED] - click(findTestObject("1-OBJECTS TAREAS PRINCIPALES/Modulo Tarea Sara General/Recordar_Contraseña/a_Ingresar1")): Object: 'Object Repository/1-OBJECTS TAREAS PRINCIPALES/Modulo Tarea Sara General/Recordar_Contraseña/a_Ingresar1' is clicked on

2022-06-10 09:41:29 - [MESSAGE][PASSED] - Object: 'Object Repository/1-OBJECTS TAREAS PRINCIPALES/Modulo Tarea Sara General/Recordar_Contraseña/a_Ingresar1' is clicked on

2022-06-10 09:41:29 - [TEST_STEP][PASSED] - click(findTestObject("1-OBJECTS TAREAS PRINCIPALES/Modulo Tarea Sara General/Recordar_Contraseña/a_No_cerrar_menu")): Object: 'Object Repository/1-OBJECTS TAREAS PRINCIPALES/Modulo Tarea Sara General/Recordar_Contraseña/a_No_cerrar_menu' is clicked on

2022-06-10 09:41:29 - [MESSAGE][PASSED] - Object: 'Object Repository/1-OBJECTS TAREAS PRINCIPALES/Modulo Tarea Sara General/Recordar_Contraseña/a_No_cerrar_menu' is clicked on

2022-06-10 09:41:29 - [TEST_STEP][PASSED] - click(findTestObject("1-OBJECTS TAREAS PRINCIPALES/Modulo Tarea Sara General/Recordar_Contraseña/a_No_j_idt44password")): Object: 'Object Repository/1-OBJECTS TAREAS PRINCIPALES/Modulo Tarea Sara General/Recordar_Contraseña/a_No_j_idt44password' is clicked on

2022-06-10 09:41:30 - [MESSAGE][PASSED] - Object: 'Object Repository/1-OBJECTS TAREAS PRINCIPALES/Modulo Tarea Sara General/Recordar_Contraseña/a_No_j_idt44password' is clicked on

2022-06-10 09:41:30 - [TEST_STEP][PASSED] - setText(findTestObject("1-OBJECTS TAREAS PRINCIPALES/Modulo Tarea Sara General/Recordar_Contraseña/input_Nueva Clave_usuarioforma_cambiarClavepasswordNuevo"), "saraadmin2"): Text 'saraadmin2' is set on object 'Object Repository/1-OBJECTS TAREAS PRINCIPALES/Modulo Tarea Sara General/Recordar_Contraseña/input_Nueva Clave_usuarioforma_cambiarClavepasswordNuevo'

2022-06-10 09:41:31 - [MESSAGE][PASSED] - Text 'saraadmin2' is set on object 'Object Repository/1-OBJECTS TAREAS PRINCIPALES/Modulo Tarea Sara General/Recordar_Contraseña/input_Nueva Clave_usuarioforma_cambiarClavepasswordNuevo'

2022-06-10 09:41:31 - [TEST_STEP][PASSED] - setText(findTestObject("1-OBJECTS TAREAS PRINCIPALES/Modulo Tarea Sara General/Recordar_Contraseña/input_Confirmar Clave_usuarioforma_cambiarClavepasswordConfirma"), "saraadmin2"): Text 'saraadmin2' is set on object 'Object Repository/1-OBJECTS TAREAS PRINCIPALES/Modulo Tarea Sara General/Recordar_Contraseña/input_Confirmar Clave_usuarioforma_cambiarClavepasswordConfirma'

2022-06-10 09:41:31 - [MESSAGE][PASSED] - Text 'saraadmin2' is set on object 'Object Repository/1-OBJECTS TAREAS PRINCIPALES/Modulo Tarea Sara General/Recordar_Contraseña/input_Confirmar Clave_usuarioforma_cambiarClavepasswordConfirma'

2022-06-10 09:41:31 - [TEST_STEP][PASSED] - click(findTestObject("1-OBJECTS TAREAS PRINCIPALES/Modulo Tarea Sara General/Recordar_Contraseña/a_Actualizar1")): Object: 'Object Repository/1-OBJECTS TAREAS PRINCIPALES/Modulo Tarea Sara General/Recordar_Contraseña/a_Actualizar1' is clicked on

2022-06-10 09:41:32 - [MESSAGE][PASSED] - Object: 'Object Repository/1-OBJECTS TAREAS PRINCIPALES/Modulo Tarea Sara General/Recordar_Contraseña/a_Actualizar1' is clicked on

2022-06-10 09:41:32 - [TEST_STEP][PASSED] - Result2 = getText(findTestObject("1-OBJECTS TAREAS PRINCIPALES/Modulo Tarea Sara General/Recordar_Contraseña/p_Se actualiz Clave")): Text of object 'Object Repository/1-OBJECTS TAREAS PRINCIPALES/Modulo Tarea Sara General/Recordar_Contraseña/p_Se actualiz Clave' is: 'Se actualizó Clave...'

2022-06-10 09:41:32 - [MESSAGE][PASSED] - Text of object 'Object Repository/1-OBJECTS TAREAS PRINCIPALES/Modulo Tarea Sara General/Recordar_Contraseña/p_Se actualiz Clave' is: 'Se actualizó Clave...'

2022-06-10 09:41:32 - [TEST_STEP][PASSED] - if (Result2 == "Se actualizó Clave..."): Browser is closed

2022-06-10 09:41:32 - [TEST_STEP][PASSED] - Resultado = "PRUEBA OK": null

2022-06-10 09:41:32 - [TEST_STEP][PASSED] - closeBrowser(): Browser is closed

2022-06-10 09:41:33 - [MESSAGE][PASSED] - Browser is closed]]></system-out>
         <system-err><![CDATA[]]></system-err>
      </testcase>
      <testcase name="Test Cases/1.2-Tareas_Secundarias/A.1-Pruebas_compensaciones/11.1.9-situacion_adminitrativa-(situacion-actos)" time="54.758" classname="Test Cases/1.2-Tareas_Secundarias/A.1-Pruebas_compensaciones/11.1.9-situacion_adminitrativa-(situacion-actos)" status="FAILED">
         <failure type="FAILED" message="Test Cases/1.2-Tareas_Secundarias/A.1-Pruebas_compensaciones/11.1.9-situacion_adminitrativa-(situacion-actos) FAILED.
Reason:
com.kms.katalon.core.exception.StepFailedException: Unable to set text '10/06/2022' of object 'Object Repository/2-OBJECTS TAREAS SECUNDARIAS/Pruebas Compensación/situacion_adminitrativa-(situacion-actos)/input__form_actosDirectosEmpleadoj_idt25342fecha_input'
	at com.kms.katalon.core.webui.keyword.internal.WebUIKeywordMain.stepFailed(WebUIKeywordMain.groovy:64)
	at com.kms.katalon.core.webui.keyword.internal.WebUIKeywordMain.runKeyword(WebUIKeywordMain.groovy:26)
	at com.kms.katalon.core.webui.keyword.builtin.SetTextKeyword.setText(SetTextKeyword.groovy:66)
	at com.kms.katalon.core.webui.keyword.builtin.SetTextKeyword.execute(SetTextKeyword.groovy:37)
	at com.kms.katalon.core.keyword.internal.KeywordExecutor.executeKeywordForPlatform(KeywordExecutor.groovy:74)
	at com.kms.katalon.core.webui.keyword.WebUiBuiltInKeywords.setText(WebUiBuiltInKeywords.groovy:980)
	at com.kms.katalon.core.webui.keyword.WebUiBuiltInKeywords$setText$2.call(Unknown Source)
	at 11.1.9-situacion_adminitrativa-(situacion-actos).run(11.1.9-situacion_adminitrativa-(situacion-actos):51)
	at com.kms.katalon.core.main.ScriptEngine.run(ScriptEngine.java:194)
	at com.kms.katalon.core.main.ScriptEngine.runScriptAsRawText(ScriptEngine.java:119)
	at com.kms.katalon.core.main.TestCaseExecutor.runScript(TestCaseExecutor.java:445)
	at com.kms.katalon.core.main.TestCaseExecutor.doExecute(TestCaseExecutor.java:436)
	at com.kms.katalon.core.main.TestCaseExecutor.processExecutionPhase(TestCaseExecutor.java:415)
	at com.kms.katalon.core.main.TestCaseExecutor.accessMainPhase(TestCaseExecutor.java:407)
	at com.kms.katalon.core.main.TestCaseExecutor.execute(TestCaseExecutor.java:284)
	at com.kms.katalon.core.common.CommonExecutor.accessTestCaseMainPhase(CommonExecutor.java:65)
	at com.kms.katalon.core.main.TestSuiteExecutor.accessTestSuiteMainPhase(TestSuiteExecutor.java:144)
	at com.kms.katalon.core.main.TestSuiteExecutor.execute(TestSuiteExecutor.java:106)
	at com.kms.katalon.core.main.TestCaseMain.startTestSuite(TestCaseMain.java:185)
	at com.kms.katalon.core.main.TestCaseMain$startTestSuite$0.call(Unknown Source)
	at TempTestSuite1654867643956.run(TempTestSuite1654867643956.groovy:36)
Caused by: com.kms.katalon.core.webui.exception.WebElementNotFoundException: Web element with id: 'Object Repository/2-OBJECTS TAREAS SECUNDARIAS/Pruebas Compensación/situacion_adminitrativa-(situacion-actos)/input__form_actosDirectosEmpleadoj_idt25342fecha_input' located by '//tr[3]/td[2]/table/tbody/tr/td/table/tbody/tr/td/span/input' not found
	at com.kms.katalon.core.webui.common.WebUiCommonHelper.findWebElement(WebUiCommonHelper.java:1370)
	at com.kms.katalon.core.webui.keyword.internal.WebUIAbstractKeyword.findWebElement(WebUIAbstractKeyword.groovy:27)
	at com.kms.katalon.core.webui.keyword.internal.WebUIAbstractKeyword.findWebElement(WebUIAbstractKeyword.groovy:26)
	at com.kms.katalon.core.webui.keyword.builtin.SetTextKeyword$_setText_closure1.doCall(SetTextKeyword.groovy:51)
	at com.kms.katalon.core.webui.keyword.builtin.SetTextKeyword$_setText_closure1.call(SetTextKeyword.groovy)
	at com.kms.katalon.core.webui.keyword.internal.WebUIKeywordMain.runKeyword(WebUIKeywordMain.groovy:20)
	... 19 more
"/>
         <system-out><![CDATA[2022-06-10 09:41:33 - [TEST_CASE][FAILED] - Test Cases/1.2-Tareas_Secundarias/A.1-Pruebas_compensaciones/11.1.9-situacion_adminitrativa-(situacion-actos): Test Cases/1.2-Tareas_Secundarias/A.1-Pruebas_compensaciones/11.1.9-situacion_adminitrativa-(situacion-actos) FAILED.
Reason:
com.kms.katalon.core.exception.StepFailedException: Unable to set text '10/06/2022' of object 'Object Repository/2-OBJECTS TAREAS SECUNDARIAS/Pruebas Compensación/situacion_adminitrativa-(situacion-actos)/input__form_actosDirectosEmpleadoj_idt25342fecha_input'
	at com.kms.katalon.core.webui.keyword.internal.WebUIKeywordMain.stepFailed(WebUIKeywordMain.groovy:64)
	at com.kms.katalon.core.webui.keyword.internal.WebUIKeywordMain.runKeyword(WebUIKeywordMain.groovy:26)
	at com.kms.katalon.core.webui.keyword.builtin.SetTextKeyword.setText(SetTextKeyword.groovy:66)
	at com.kms.katalon.core.webui.keyword.builtin.SetTextKeyword.execute(SetTextKeyword.groovy:37)
	at com.kms.katalon.core.keyword.internal.KeywordExecutor.executeKeywordForPlatform(KeywordExecutor.groovy:74)
	at com.kms.katalon.core.webui.keyword.WebUiBuiltInKeywords.setText(WebUiBuiltInKeywords.groovy:980)
	at com.kms.katalon.core.webui.keyword.WebUiBuiltInKeywords$setText$2.call(Unknown Source)
	at 11.1.9-situacion_adminitrativa-(situacion-actos).run(11.1.9-situacion_adminitrativa-(situacion-actos):51)
	at com.kms.katalon.core.main.ScriptEngine.run(ScriptEngine.java:194)
	at com.kms.katalon.core.main.ScriptEngine.runScriptAsRawText(ScriptEngine.java:119)
	at com.kms.katalon.core.main.TestCaseExecutor.runScript(TestCaseExecutor.java:445)
	at com.kms.katalon.core.main.TestCaseExecutor.doExecute(TestCaseExecutor.java:436)
	at com.kms.katalon.core.main.TestCaseExecutor.processExecutionPhase(TestCaseExecutor.java:415)
	at com.kms.katalon.core.main.TestCaseExecutor.accessMainPhase(TestCaseExecutor.java:407)
	at com.kms.katalon.core.main.TestCaseExecutor.execute(TestCaseExecutor.java:284)
	at com.kms.katalon.core.common.CommonExecutor.accessTestCaseMainPhase(CommonExecutor.java:65)
	at com.kms.katalon.core.main.TestSuiteExecutor.accessTestSuiteMainPhase(TestSuiteExecutor.java:144)
	at com.kms.katalon.core.main.TestSuiteExecutor.execute(TestSuiteExecutor.java:106)
	at com.kms.katalon.core.main.TestCaseMain.startTestSuite(TestCaseMain.java:185)
	at com.kms.katalon.core.main.TestCaseMain$startTestSuite$0.call(Unknown Source)
	at TempTestSuite1654867643956.run(TempTestSuite1654867643956.groovy:36)
Caused by: com.kms.katalon.core.webui.exception.WebElementNotFoundException: Web element with id: 'Object Repository/2-OBJECTS TAREAS SECUNDARIAS/Pruebas Compensación/situacion_adminitrativa-(situacion-actos)/input__form_actosDirectosEmpleadoj_idt25342fecha_input' located by '//tr[3]/td[2]/table/tbody/tr/td/table/tbody/tr/td/span/input' not found
	at com.kms.katalon.core.webui.common.WebUiCommonHelper.findWebElement(WebUiCommonHelper.java:1370)
	at com.kms.katalon.core.webui.keyword.internal.WebUIAbstractKeyword.findWebElement(WebUIAbstractKeyword.groovy:27)
	at com.kms.katalon.core.webui.keyword.internal.WebUIAbstractKeyword.findWebElement(WebUIAbstractKeyword.groovy:26)
	at com.kms.katalon.core.webui.keyword.builtin.SetTextKeyword$_setText_closure1.doCall(SetTextKeyword.groovy:51)
	at com.kms.katalon.core.webui.keyword.builtin.SetTextKeyword$_setText_closure1.call(SetTextKeyword.groovy)
	at com.kms.katalon.core.webui.keyword.internal.WebUIKeywordMain.runKeyword(WebUIKeywordMain.groovy:20)
	... 19 more


2022-06-10 09:41:33 - [TEST_STEP][PASSED] - callTestCase(findTestCase("0.1-Login"), [:], STOP_ON_FAILURE): Call Test Case 'Test Cases/0.1-Login' successfully

2022-06-10 09:41:34 - [TEST_CASE][PASSED] - Test Cases/0.1-Login: Test Cases/0.1-Login

2022-06-10 09:41:34 - [TEST_STEP][PASSED] - openBrowser(""): Browser is opened with url: ''

2022-06-10 09:41:34 - [MESSAGE][INFO] - Starting 'Chrome' driver

2022-06-10 09:41:34 - [MESSAGE][INFO] - Action delay is set to 0 milliseconds

2022-06-10 09:41:35 - [MESSAGE][PASSED] - Browser is opened with url: ''

2022-06-10 09:41:35 - [TEST_STEP][PASSED] - maximizeWindow(): Current window maximized

2022-06-10 09:41:35 - [MESSAGE][PASSED] - Current window maximized

2022-06-10 09:41:35 - [TEST_STEP][PASSED] - i = G_Login: null

2022-06-10 09:41:35 - [TEST_STEP][PASSED] - url = new java.net.URL(i): null

2022-06-10 09:41:35 - [TEST_STEP][PASSED] - println("URL: " + url.toString()): null

2022-06-10 09:41:35 - [TEST_STEP][PASSED] - connection = url.openConnection(): null

2022-06-10 09:41:35 - [TEST_STEP][PASSED] - connection.setRequestMethod("GET"): null

2022-06-10 09:41:35 - [TEST_STEP][PASSED] - connection.setReadTimeout(2 * 1000): null

2022-06-10 09:41:35 - [TEST_STEP][PASSED] - try: null

2022-06-10 09:41:35 - [TEST_STEP][PASSED] - connection.connect(): null

2022-06-10 09:41:35 - [TEST_STEP][PASSED] - flag = connected: null

2022-06-10 09:41:35 - [TEST_STEP][PASSED] - println("Valor_ori: " + flag): null

2022-06-10 09:41:35 - [TEST_STEP][PASSED] - if (flag): null

2022-06-10 09:41:35 - [TEST_STEP][PASSED] - navigateToUrl(i): Navigate to 'http://192.168.2.19:8380/saraweb' successfully

2022-06-10 09:41:35 - [MESSAGE][PASSED] - Navigate to 'http://192.168.2.19:8380/saraweb' successfully

2022-06-10 09:41:35 - [TEST_STEP][PASSED] - a(): null

2022-06-10 09:41:35 - [TEST_STEP][PASSED] - setText(findTestObject("3-OBJECTS UTILIDADES/Login/input_USUARIO_loginusuario"), G_Usuario): Text 'saraadmin' is set on object 'Object Repository/3-OBJECTS UTILIDADES/Login/input_USUARIO_loginusuario'

2022-06-10 09:41:36 - [MESSAGE][PASSED] - Text 'saraadmin' is set on object 'Object Repository/3-OBJECTS UTILIDADES/Login/input_USUARIO_loginusuario'

2022-06-10 09:41:36 - [TEST_STEP][PASSED] - setEncryptedText(findTestObject("3-OBJECTS UTILIDADES/Login/input_CLAVE_loginpassword"), "MkG4/TYiCFC3cb2driP7+Q=="): Text ****** has been set on object 'Object Repository/3-OBJECTS UTILIDADES/Login/input_CLAVE_loginpassword'

2022-06-10 09:41:37 - [MESSAGE][PASSED] - Text ****** has been set on object 'Object Repository/3-OBJECTS UTILIDADES/Login/input_CLAVE_loginpassword'

2022-06-10 09:41:37 - [TEST_STEP][PASSED] - waitForElementClickable(findTestObject("3-OBJECTS UTILIDADES/Login/a_Ingresar"), G_TimeOut): Object 'Object Repository/3-OBJECTS UTILIDADES/Login/a_Ingresar' is clickable

2022-06-10 09:41:37 - [MESSAGE][PASSED] - Object 'Object Repository/3-OBJECTS UTILIDADES/Login/a_Ingresar' is clickable

2022-06-10 09:41:37 - [TEST_STEP][PASSED] - click(findTestObject("3-OBJECTS UTILIDADES/Login/a_Ingresar")): Object: 'Object Repository/3-OBJECTS UTILIDADES/Login/a_Ingresar' is clicked on

2022-06-10 09:41:39 - [MESSAGE][PASSED] - Object: 'Object Repository/3-OBJECTS UTILIDADES/Login/a_Ingresar' is clicked on

2022-06-10 09:41:39 - [TEST_STEP][PASSED] - element = findWebElement(findTestObject("3-OBJECTS UTILIDADES/Login/a_Ir"), 30): null

2022-06-10 09:41:40 - [TEST_STEP][PASSED] - executeJavaScript("arguments[0].click()", Arrays.asList(element)): Execute JavaScript 'arguments[0].click()' successfully

2022-06-10 09:41:40 - [MESSAGE][PASSED] - Execute JavaScript 'arguments[0].click()' successfully

2022-06-10 09:41:40 - [MESSAGE][PASSED] - Call Test Case 'Test Cases/0.1-Login' successfully

2022-06-10 09:41:40 - [TEST_STEP][PASSED] - setText(findTestObject("2-OBJECTS TAREAS SECUNDARIAS/Pruebas Compensación/situacion_adminitrativa-(situacion-actos)/input_Empresa 1_form_templatej_idt24_input"), "listado de empleados (com)"): Text 'listado de empleados (com)' is set on object 'Object Repository/2-OBJECTS TAREAS SECUNDARIAS/Pruebas Compensación/situacion_adminitrativa-(situacion-actos)/input_Empresa 1_form_templatej_idt24_input'

2022-06-10 09:41:41 - [MESSAGE][PASSED] - Text 'listado de empleados (com)' is set on object 'Object Repository/2-OBJECTS TAREAS SECUNDARIAS/Pruebas Compensación/situacion_adminitrativa-(situacion-actos)/input_Empresa 1_form_templatej_idt24_input'

2022-06-10 09:41:41 - [TEST_STEP][PASSED] - click(findTestObject("2-OBJECTS TAREAS SECUNDARIAS/Pruebas Compensación/situacion_adminitrativa-(situacion-actos)/span_Listado de Empleados")): Object: 'Object Repository/2-OBJECTS TAREAS SECUNDARIAS/Pruebas Compensación/situacion_adminitrativa-(situacion-actos)/span_Listado de Empleados' is clicked on

2022-06-10 09:41:42 - [MESSAGE][PASSED] - Object: 'Object Repository/2-OBJECTS TAREAS SECUNDARIAS/Pruebas Compensación/situacion_adminitrativa-(situacion-actos)/span_Listado de Empleados' is clicked on

2022-06-10 09:41:42 - [TEST_STEP][PASSED] - setText(findTestObject("2-OBJECTS TAREAS SECUNDARIAS/Pruebas Compensación/situacion_adminitrativa-(situacion-actos)/input_Identificacin_listadoEmpleadoIdentificacionEmpleado"), "1252462"): Text '1252462' is set on object 'Object Repository/2-OBJECTS TAREAS SECUNDARIAS/Pruebas Compensación/situacion_adminitrativa-(situacion-actos)/input_Identificacin_listadoEmpleadoIdentificacionEmpleado'

2022-06-10 09:41:44 - [MESSAGE][PASSED] - Text '1252462' is set on object 'Object Repository/2-OBJECTS TAREAS SECUNDARIAS/Pruebas Compensación/situacion_adminitrativa-(situacion-actos)/input_Identificacin_listadoEmpleadoIdentificacionEmpleado'

2022-06-10 09:41:44 - [TEST_STEP][PASSED] - sendKeys(findTestObject("2-OBJECTS TAREAS SECUNDARIAS/Pruebas Compensación/situacion_adminitrativa-(situacion-actos)/input_Identificacin_listadoEmpleadoIdentificacionEmpleado"), Keys.chord(ENTER)): Keys 'ENTER + ' sent to object: 'Object Repository/2-OBJECTS TAREAS SECUNDARIAS/Pruebas Compensación/situacion_adminitrativa-(situacion-actos)/input_Identificacin_listadoEmpleadoIdentificacionEmpleado'

2022-06-10 09:41:44 - [MESSAGE][PASSED] - Keys 'ENTER + ' sent to object: 'Object Repository/2-OBJECTS TAREAS SECUNDARIAS/Pruebas Compensación/situacion_adminitrativa-(situacion-actos)/input_Identificacin_listadoEmpleadoIdentificacionEmpleado'

2022-06-10 09:41:44 - [TEST_STEP][PASSED] - click(findTestObject("2-OBJECTS TAREAS SECUNDARIAS/Pruebas Compensación/situacion_adminitrativa-(situacion-actos)/span_1252462")): Object: 'Object Repository/2-OBJECTS TAREAS SECUNDARIAS/Pruebas Compensación/situacion_adminitrativa-(situacion-actos)/span_1252462' is clicked on

2022-06-10 09:41:45 - [MESSAGE][PASSED] - Object: 'Object Repository/2-OBJECTS TAREAS SECUNDARIAS/Pruebas Compensación/situacion_adminitrativa-(situacion-actos)/span_1252462' is clicked on

2022-06-10 09:41:45 - [TEST_STEP][PASSED] - click(findTestObject("2-OBJECTS TAREAS SECUNDARIAS/Pruebas Compensación/situacion_adminitrativa-(situacion-actos)/a_Situacin Administrativa")): Object: 'Object Repository/2-OBJECTS TAREAS SECUNDARIAS/Pruebas Compensación/situacion_adminitrativa-(situacion-actos)/a_Situacin Administrativa' is clicked on

2022-06-10 09:41:46 - [MESSAGE][PASSED] - Object: 'Object Repository/2-OBJECTS TAREAS SECUNDARIAS/Pruebas Compensación/situacion_adminitrativa-(situacion-actos)/a_Situacin Administrativa' is clicked on

2022-06-10 09:41:46 - [TEST_STEP][PASSED] - click(findTestObject("2-OBJECTS TAREAS SECUNDARIAS/Pruebas Compensación/situacion_adminitrativa-(situacion-actos)/span_CAMBIO DE SUELDO")): Object: 'Object Repository/2-OBJECTS TAREAS SECUNDARIAS/Pruebas Compensación/situacion_adminitrativa-(situacion-actos)/span_CAMBIO DE SUELDO' is clicked on

2022-06-10 09:41:46 - [MESSAGE][PASSED] - Object: 'Object Repository/2-OBJECTS TAREAS SECUNDARIAS/Pruebas Compensación/situacion_adminitrativa-(situacion-actos)/span_CAMBIO DE SUELDO' is clicked on

2022-06-10 09:41:46 - [TEST_STEP][PASSED] - click(findTestObject("2-OBJECTS TAREAS SECUNDARIAS/Pruebas Compensación/situacion_adminitrativa-(situacion-actos)/a_Continuar0")): Object: 'Object Repository/2-OBJECTS TAREAS SECUNDARIAS/Pruebas Compensación/situacion_adminitrativa-(situacion-actos)/a_Continuar0' is clicked on

2022-06-10 09:41:47 - [MESSAGE][PASSED] - Object: 'Object Repository/2-OBJECTS TAREAS SECUNDARIAS/Pruebas Compensación/situacion_adminitrativa-(situacion-actos)/a_Continuar0' is clicked on

2022-06-10 09:41:47 - [TEST_STEP][PASSED] - setText(findTestObject("2-OBJECTS TAREAS SECUNDARIAS/Pruebas Compensación/situacion_adminitrativa-(situacion-actos)/input__form_actosDirectosEmpleadoj_idt25340fecha_input"), Fecha()): null

2022-06-10 09:41:47 - [TEST_STEP][PASSED] - today = new java.util.Date(): null

2022-06-10 09:41:47 - [TEST_STEP][PASSED] - Fecha = today.format("dd/MM/yyyy"): null

2022-06-10 09:41:47 - [TEST_STEP][PASSED] - FechaF = Fecha: Text '10/06/2022' is set on object 'Object Repository/2-OBJECTS TAREAS SECUNDARIAS/Pruebas Compensación/situacion_adminitrativa-(situacion-actos)/input__form_actosDirectosEmpleadoj_idt25340fecha_input'

2022-06-10 09:41:48 - [MESSAGE][PASSED] - Text '10/06/2022' is set on object 'Object Repository/2-OBJECTS TAREAS SECUNDARIAS/Pruebas Compensación/situacion_adminitrativa-(situacion-actos)/input__form_actosDirectosEmpleadoj_idt25340fecha_input'

2022-06-10 09:41:48 - [TEST_STEP][PASSED] - selectOptionByIndex(findTestObject("2-OBJECTS TAREAS SECUNDARIAS/Pruebas Compensación/situacion_adminitrativa-(situacion-actos)/select_11 - Redistribucion Flexible4  - Aumento Directo5  - Nivelacion6  - Cambio Sueldo Masivo"), 2): All options with index in [2] are selected on object 'Object Repository/2-OBJECTS TAREAS SECUNDARIAS/Pruebas Compensación/situacion_adminitrativa-(situacion-actos)/select_11 - Redistribucion Flexible4  - Aumento Directo5  - Nivelacion6  - Cambio Sueldo Masivo'

2022-06-10 09:41:49 - [MESSAGE][PASSED] - All options with index in [2] are selected on object 'Object Repository/2-OBJECTS TAREAS SECUNDARIAS/Pruebas Compensación/situacion_adminitrativa-(situacion-actos)/select_11 - Redistribucion Flexible4  - Aumento Directo5  - Nivelacion6  - Cambio Sueldo Masivo'

2022-06-10 09:41:49 - [TEST_STEP][PASSED] - setText(findTestObject("2-OBJECTS TAREAS SECUNDARIAS/Pruebas Compensación/situacion_adminitrativa-(situacion-actos)/input__form_actosDirectosEmpleadoj_idt25342fecha_input"), Fecha()): null

2022-06-10 09:41:50 - [TEST_STEP][PASSED] - today = new java.util.Date(): null

2022-06-10 09:41:50 - [TEST_STEP][PASSED] - Fecha = today.format("dd/MM/yyyy"): null

2022-06-10 09:41:50 - [TEST_STEP][FAILED] - FechaF = Fecha: Unable to set text '10/06/2022' of object 'Object Repository/2-OBJECTS TAREAS SECUNDARIAS/Pruebas Compensación/situacion_adminitrativa-(situacion-actos)/input__form_actosDirectosEmpleadoj_idt25342fecha_input' (Root cause: com.kms.katalon.core.exception.StepFailedException: Unable to set text '10/06/2022' of object 'Object Repository/2-OBJECTS TAREAS SECUNDARIAS/Pruebas Compensación/situacion_adminitrativa-(situacion-actos)/input__form_actosDirectosEmpleadoj_idt25342fecha_input'
	at com.kms.katalon.core.webui.keyword.internal.WebUIKeywordMain.stepFailed(WebUIKeywordMain.groovy:64)
	at com.kms.katalon.core.webui.keyword.internal.WebUIKeywordMain.runKeyword(WebUIKeywordMain.groovy:26)
	at com.kms.katalon.core.webui.keyword.builtin.SetTextKeyword.setText(SetTextKeyword.groovy:66)
	at com.kms.katalon.core.webui.keyword.builtin.SetTextKeyword.execute(SetTextKeyword.groovy:37)
	at com.kms.katalon.core.keyword.internal.KeywordExecutor.executeKeywordForPlatform(KeywordExecutor.groovy:74)
	at com.kms.katalon.core.webui.keyword.WebUiBuiltInKeywords.setText(WebUiBuiltInKeywords.groovy:980)
	at com.kms.katalon.core.webui.keyword.WebUiBuiltInKeywords$setText$2.call(Unknown Source)
	at 11.1.9-situacion_adminitrativa-(situacion-actos).run(11.1.9-situacion_adminitrativa-(situacion-actos):51)
	at com.kms.katalon.core.main.ScriptEngine.run(ScriptEngine.java:194)
	at com.kms.katalon.core.main.ScriptEngine.runScriptAsRawText(ScriptEngine.java:119)
	at com.kms.katalon.core.main.TestCaseExecutor.runScript(TestCaseExecutor.java:445)
	at com.kms.katalon.core.main.TestCaseExecutor.doExecute(TestCaseExecutor.java:436)
	at com.kms.katalon.core.main.TestCaseExecutor.processExecutionPhase(TestCaseExecutor.java:415)
	at com.kms.katalon.core.main.TestCaseExecutor.accessMainPhase(TestCaseExecutor.java:407)
	at com.kms.katalon.core.main.TestCaseExecutor.execute(TestCaseExecutor.java:284)
	at com.kms.katalon.core.common.CommonExecutor.accessTestCaseMainPhase(CommonExecutor.java:65)
	at com.kms.katalon.core.main.TestSuiteExecutor.accessTestSuiteMainPhase(TestSuiteExecutor.java:144)
	at com.kms.katalon.core.main.TestSuiteExecutor.execute(TestSuiteExecutor.java:106)
	at com.kms.katalon.core.main.TestCaseMain.startTestSuite(TestCaseMain.java:185)
	at com.kms.katalon.core.main.TestCaseMain$startTestSuite$0.call(Unknown Source)
	at TempTestSuite1654867643956.run(TempTestSuite1654867643956.groovy:36)
Caused by: com.kms.katalon.core.webui.exception.WebElementNotFoundException: Web element with id: 'Object Repository/2-OBJECTS TAREAS SECUNDARIAS/Pruebas Compensación/situacion_adminitrativa-(situacion-actos)/input__form_actosDirectosEmpleadoj_idt25342fecha_input' located by '//tr[3]/td[2]/table/tbody/tr/td/table/tbody/tr/td/span/input' not found
	at com.kms.katalon.core.webui.common.WebUiCommonHelper.findWebElement(WebUiCommonHelper.java:1370)
	at com.kms.katalon.core.webui.keyword.internal.WebUIAbstractKeyword.findWebElement(WebUIAbstractKeyword.groovy:27)
	at com.kms.katalon.core.webui.keyword.internal.WebUIAbstractKeyword.findWebElement(WebUIAbstractKeyword.groovy:26)
	at com.kms.katalon.core.webui.keyword.builtin.SetTextKeyword$_setText_closure1.doCall(SetTextKeyword.groovy:51)
	at com.kms.katalon.core.webui.keyword.builtin.SetTextKeyword$_setText_closure1.call(SetTextKeyword.groovy)
	at com.kms.katalon.core.webui.keyword.internal.WebUIKeywordMain.runKeyword(WebUIKeywordMain.groovy:20)
	at com.kms.katalon.core.webui.keyword.builtin.SetTextKeyword.setText(SetTextKeyword.groovy:66)
	at com.kms.katalon.core.webui.keyword.builtin.SetTextKeyword.execute(SetTextKeyword.groovy:37)
	at com.kms.katalon.core.keyword.internal.KeywordExecutor.executeKeywordForPlatform(KeywordExecutor.groovy:74)
	at com.kms.katalon.core.webui.keyword.WebUiBuiltInKeywords.setText(WebUiBuiltInKeywords.groovy:980)
	at com.kms.katalon.core.webui.keyword.WebUiBuiltInKeywords$setText$2.call(Unknown Source)
	at Script1654208886951.run(Script1654208886951.groovy:51)
	... 13 more
)

2022-06-10 09:42:28 - [MESSAGE][INFO] - Unable to find the element located by 'By.xpath: //tr[3]/td[2]/table/tbody/tr/td/table/tbody/tr/td/span/input'. Please recheck the objects properties to make sure the desired element is located. 

2022-06-10 09:42:28 - [MESSAGE][FAILED] - Unable to set text '10/06/2022' of object 'Object Repository/2-OBJECTS TAREAS SECUNDARIAS/Pruebas Compensación/situacion_adminitrativa-(situacion-actos)/input__form_actosDirectosEmpleadoj_idt25342fecha_input' (Root cause: com.kms.katalon.core.exception.StepFailedException: Unable to set text '10/06/2022' of object 'Object Repository/2-OBJECTS TAREAS SECUNDARIAS/Pruebas Compensación/situacion_adminitrativa-(situacion-actos)/input__form_actosDirectosEmpleadoj_idt25342fecha_input'
	at com.kms.katalon.core.webui.keyword.internal.WebUIKeywordMain.stepFailed(WebUIKeywordMain.groovy:64)
	at com.kms.katalon.core.webui.keyword.internal.WebUIKeywordMain.runKeyword(WebUIKeywordMain.groovy:26)
	at com.kms.katalon.core.webui.keyword.builtin.SetTextKeyword.setText(SetTextKeyword.groovy:66)
	at com.kms.katalon.core.webui.keyword.builtin.SetTextKeyword.execute(SetTextKeyword.groovy:37)
	at com.kms.katalon.core.keyword.internal.KeywordExecutor.executeKeywordForPlatform(KeywordExecutor.groovy:74)
	at com.kms.katalon.core.webui.keyword.WebUiBuiltInKeywords.setText(WebUiBuiltInKeywords.groovy:980)
	at com.kms.katalon.core.webui.keyword.WebUiBuiltInKeywords$setText$2.call(Unknown Source)
	at 11.1.9-situacion_adminitrativa-(situacion-actos).run(11.1.9-situacion_adminitrativa-(situacion-actos):51)
	at com.kms.katalon.core.main.ScriptEngine.run(ScriptEngine.java:194)
	at com.kms.katalon.core.main.ScriptEngine.runScriptAsRawText(ScriptEngine.java:119)
	at com.kms.katalon.core.main.TestCaseExecutor.runScript(TestCaseExecutor.java:445)
	at com.kms.katalon.core.main.TestCaseExecutor.doExecute(TestCaseExecutor.java:436)
	at com.kms.katalon.core.main.TestCaseExecutor.processExecutionPhase(TestCaseExecutor.java:415)
	at com.kms.katalon.core.main.TestCaseExecutor.accessMainPhase(TestCaseExecutor.java:407)
	at com.kms.katalon.core.main.TestCaseExecutor.execute(TestCaseExecutor.java:284)
	at com.kms.katalon.core.common.CommonExecutor.accessTestCaseMainPhase(CommonExecutor.java:65)
	at com.kms.katalon.core.main.TestSuiteExecutor.accessTestSuiteMainPhase(TestSuiteExecutor.java:144)
	at com.kms.katalon.core.main.TestSuiteExecutor.execute(TestSuiteExecutor.java:106)
	at com.kms.katalon.core.main.TestCaseMain.startTestSuite(TestCaseMain.java:185)
	at com.kms.katalon.core.main.TestCaseMain$startTestSuite$0.call(Unknown Source)
	at TempTestSuite1654867643956.run(TempTestSuite1654867643956.groovy:36)
Caused by: com.kms.katalon.core.webui.exception.WebElementNotFoundException: Web element with id: 'Object Repository/2-OBJECTS TAREAS SECUNDARIAS/Pruebas Compensación/situacion_adminitrativa-(situacion-actos)/input__form_actosDirectosEmpleadoj_idt25342fecha_input' located by '//tr[3]/td[2]/table/tbody/tr/td/table/tbody/tr/td/span/input' not found
	at com.kms.katalon.core.webui.common.WebUiCommonHelper.findWebElement(WebUiCommonHelper.java:1370)
	at com.kms.katalon.core.webui.keyword.internal.WebUIAbstractKeyword.findWebElement(WebUIAbstractKeyword.groovy:27)
	at com.kms.katalon.core.webui.keyword.internal.WebUIAbstractKeyword.findWebElement(WebUIAbstractKeyword.groovy:26)
	at com.kms.katalon.core.webui.keyword.builtin.SetTextKeyword$_setText_closure1.doCall(SetTextKeyword.groovy:51)
	at com.kms.katalon.core.webui.keyword.builtin.SetTextKeyword$_setText_closure1.call(SetTextKeyword.groovy)
	at com.kms.katalon.core.webui.keyword.internal.WebUIKeywordMain.runKeyword(WebUIKeywordMain.groovy:20)
	at com.kms.katalon.core.webui.keyword.builtin.SetTextKeyword.setText(SetTextKeyword.groovy:66)
	at com.kms.katalon.core.webui.keyword.builtin.SetTextKeyword.execute(SetTextKeyword.groovy:37)
	at com.kms.katalon.core.keyword.internal.KeywordExecutor.executeKeywordForPlatform(KeywordExecutor.groovy:74)
	at com.kms.katalon.core.webui.keyword.WebUiBuiltInKeywords.setText(WebUiBuiltInKeywords.groovy:980)
	at com.kms.katalon.core.webui.keyword.WebUiBuiltInKeywords$setText$2.call(Unknown Source)
	at Script1654208886951.run(Script1654208886951.groovy:51)
	... 13 more
)
[[ATTACHMENT|C:\\Users\\diego.rojas\\git\\Pruebas-Minimas\\Reports\\20220610_082723\\Test_Suite_Principales\\1-Tareas Principales\\20220610_082723\\1654872148225.png]]]]></system-out>
         <system-err><![CDATA[2022-06-10 09:41:33 - [TEST_CASE][FAILED] - Test Cases/1.2-Tareas_Secundarias/A.1-Pruebas_compensaciones/11.1.9-situacion_adminitrativa-(situacion-actos): Test Cases/1.2-Tareas_Secundarias/A.1-Pruebas_compensaciones/11.1.9-situacion_adminitrativa-(situacion-actos) FAILED.
Reason:
com.kms.katalon.core.exception.StepFailedException: Unable to set text '10/06/2022' of object 'Object Repository/2-OBJECTS TAREAS SECUNDARIAS/Pruebas Compensación/situacion_adminitrativa-(situacion-actos)/input__form_actosDirectosEmpleadoj_idt25342fecha_input'
	at com.kms.katalon.core.webui.keyword.internal.WebUIKeywordMain.stepFailed(WebUIKeywordMain.groovy:64)
	at com.kms.katalon.core.webui.keyword.internal.WebUIKeywordMain.runKeyword(WebUIKeywordMain.groovy:26)
	at com.kms.katalon.core.webui.keyword.builtin.SetTextKeyword.setText(SetTextKeyword.groovy:66)
	at com.kms.katalon.core.webui.keyword.builtin.SetTextKeyword.execute(SetTextKeyword.groovy:37)
	at com.kms.katalon.core.keyword.internal.KeywordExecutor.executeKeywordForPlatform(KeywordExecutor.groovy:74)
	at com.kms.katalon.core.webui.keyword.WebUiBuiltInKeywords.setText(WebUiBuiltInKeywords.groovy:980)
	at com.kms.katalon.core.webui.keyword.WebUiBuiltInKeywords$setText$2.call(Unknown Source)
	at 11.1.9-situacion_adminitrativa-(situacion-actos).run(11.1.9-situacion_adminitrativa-(situacion-actos):51)
	at com.kms.katalon.core.main.ScriptEngine.run(ScriptEngine.java:194)
	at com.kms.katalon.core.main.ScriptEngine.runScriptAsRawText(ScriptEngine.java:119)
	at com.kms.katalon.core.main.TestCaseExecutor.runScript(TestCaseExecutor.java:445)
	at com.kms.katalon.core.main.TestCaseExecutor.doExecute(TestCaseExecutor.java:436)
	at com.kms.katalon.core.main.TestCaseExecutor.processExecutionPhase(TestCaseExecutor.java:415)
	at com.kms.katalon.core.main.TestCaseExecutor.accessMainPhase(TestCaseExecutor.java:407)
	at com.kms.katalon.core.main.TestCaseExecutor.execute(TestCaseExecutor.java:284)
	at com.kms.katalon.core.common.CommonExecutor.accessTestCaseMainPhase(CommonExecutor.java:65)
	at com.kms.katalon.core.main.TestSuiteExecutor.accessTestSuiteMainPhase(TestSuiteExecutor.java:144)
	at com.kms.katalon.core.main.TestSuiteExecutor.execute(TestSuiteExecutor.java:106)
	at com.kms.katalon.core.main.TestCaseMain.startTestSuite(TestCaseMain.java:185)
	at com.kms.katalon.core.main.TestCaseMain$startTestSuite$0.call(Unknown Source)
	at TempTestSuite1654867643956.run(TempTestSuite1654867643956.groovy:36)
Caused by: com.kms.katalon.core.webui.exception.WebElementNotFoundException: Web element with id: 'Object Repository/2-OBJECTS TAREAS SECUNDARIAS/Pruebas Compensación/situacion_adminitrativa-(situacion-actos)/input__form_actosDirectosEmpleadoj_idt25342fecha_input' located by '//tr[3]/td[2]/table/tbody/tr/td/table/tbody/tr/td/span/input' not found
	at com.kms.katalon.core.webui.common.WebUiCommonHelper.findWebElement(WebUiCommonHelper.java:1370)
	at com.kms.katalon.core.webui.keyword.internal.WebUIAbstractKeyword.findWebElement(WebUIAbstractKeyword.groovy:27)
	at com.kms.katalon.core.webui.keyword.internal.WebUIAbstractKeyword.findWebElement(WebUIAbstractKeyword.groovy:26)
	at com.kms.katalon.core.webui.keyword.builtin.SetTextKeyword$_setText_closure1.doCall(SetTextKeyword.groovy:51)
	at com.kms.katalon.core.webui.keyword.builtin.SetTextKeyword$_setText_closure1.call(SetTextKeyword.groovy)
	at com.kms.katalon.core.webui.keyword.internal.WebUIKeywordMain.runKeyword(WebUIKeywordMain.groovy:20)
	... 19 more]]></system-err>
      </testcase>
      <system-out><![CDATA[2022-06-10 08:27:31 - [TEST_SUITE][FAILED] - 1-Tareas Principales: Test Cases/1.1-Tareas Principales/1.1.2-Imprimir Hoja de Vida FAILED.
Reason:
com.kms.katalon.core.exception.StepFailedException: Unable to click on object 'Object Repository/1-OBJECTS TAREAS PRINCIPALES/Modulo Tarea Listado Hojas de Vida/Imprimir Hoja de Vida/a_Si'
	at com.kms.katalon.core.webui.keyword.internal.WebUIKeywordMain.stepFailed(WebUIKeywordMain.groovy:64)
	at com.kms.katalon.core.webui.keyword.internal.WebUIKeywordMain.runKeyword(WebUIKeywordMain.groovy:26)
	at com.kms.katalon.core.webui.keyword.builtin.ClickKeyword.click(ClickKeyword.groovy:74)
	at com.kms.katalon.core.webui.keyword.builtin.ClickKeyword.execute(ClickKeyword.groovy:40)
	at com.kms.katalon.core.keyword.internal.KeywordExecutor.executeKeywordForPlatform(KeywordExecutor.groovy:74)
	at com.kms.katalon.core.webui.keyword.WebUiBuiltInKeywords.click(WebUiBuiltInKeywords.groovy:620)
	at com.kms.katalon.core.webui.keyword.WebUiBuiltInKeywords$click$5.call(Unknown Source)
	at Listado hojas de Vida.run(Listado hojas de Vida:43)
	at com.kms.katalon.core.main.ScriptEngine.run(ScriptEngine.java:194)
	at com.kms.katalon.core.main.ScriptEngine.runScriptAsRawText(ScriptEngine.java:119)
	at com.kms.katalon.core.main.TestCaseExecutor.runScript(TestCaseExecutor.java:445)
	at com.kms.katalon.core.main.TestCaseExecutor.doExecute(TestCaseExecutor.java:436)
	at com.kms.katalon.core.main.TestCaseExecutor.processExecutionPhase(TestCaseExecutor.java:415)
	at com.kms.katalon.core.main.TestCaseExecutor.accessMainPhase(TestCaseExecutor.java:407)
	at com.kms.katalon.core.main.TestCaseExecutor.execute(TestCaseExecutor.java:284)
	at com.kms.katalon.core.common.CommonExecutor.accessTestCaseMainPhase(CommonExecutor.java:65)
	at com.kms.katalon.core.main.TestSuiteExecutor.accessTestSuiteMainPhase(TestSuiteExecutor.java:144)
	at com.kms.katalon.core.main.TestSuiteExecutor.execute(TestSuiteExecutor.java:106)
	at com.kms.katalon.core.main.TestCaseMain.startTestSuite(TestCaseMain.java:185)
	at com.kms.katalon.core.main.TestCaseMain$startTestSuite$0.call(Unknown Source)
	at TempTestSuite1654867643956.run(TempTestSuite1654867643956.groovy:36)
Caused by: com.kms.katalon.core.webui.exception.WebElementNotFoundException: Web element with id: 'Object Repository/1-OBJECTS TAREAS PRINCIPALES/Modulo Tarea Listado Hojas de Vida/Imprimir Hoja de Vida/a_Si' located by '//a[contains(text(),'Si')]' not found
	at com.kms.katalon.core.webui.common.WebUiCommonHelper.findWebElement(WebUiCommonHelper.java:1370)
	at com.kms.katalon.core.webui.keyword.internal.WebUIAbstractKeyword.findWebElement(WebUIAbstractKeyword.groovy:27)
	at com.kms.katalon.core.webui.keyword.builtin.ClickKeyword$_click_closure1.doCall(ClickKeyword.groovy:65)
	at com.kms.katalon.core.webui.keyword.builtin.ClickKeyword$_click_closure1.call(ClickKeyword.groovy)
	at com.kms.katalon.core.webui.keyword.internal.WebUIKeywordMain.runKeyword(WebUIKeywordMain.groovy:20)
	... 19 more]]></system-out>
      <system-err><![CDATA[2022-06-10 08:27:31 - [TEST_SUITE][FAILED] - 1-Tareas Principales: Test Cases/1.1-Tareas Principales/1.1.2-Imprimir Hoja de Vida FAILED.
Reason:
com.kms.katalon.core.exception.StepFailedException: Unable to click on object 'Object Repository/1-OBJECTS TAREAS PRINCIPALES/Modulo Tarea Listado Hojas de Vida/Imprimir Hoja de Vida/a_Si'
	at com.kms.katalon.core.webui.keyword.internal.WebUIKeywordMain.stepFailed(WebUIKeywordMain.groovy:64)
	at com.kms.katalon.core.webui.keyword.internal.WebUIKeywordMain.runKeyword(WebUIKeywordMain.groovy:26)
	at com.kms.katalon.core.webui.keyword.builtin.ClickKeyword.click(ClickKeyword.groovy:74)
	at com.kms.katalon.core.webui.keyword.builtin.ClickKeyword.execute(ClickKeyword.groovy:40)
	at com.kms.katalon.core.keyword.internal.KeywordExecutor.executeKeywordForPlatform(KeywordExecutor.groovy:74)
	at com.kms.katalon.core.webui.keyword.WebUiBuiltInKeywords.click(WebUiBuiltInKeywords.groovy:620)
	at com.kms.katalon.core.webui.keyword.WebUiBuiltInKeywords$click$5.call(Unknown Source)
	at Listado hojas de Vida.run(Listado hojas de Vida:43)
	at com.kms.katalon.core.main.ScriptEngine.run(ScriptEngine.java:194)
	at com.kms.katalon.core.main.ScriptEngine.runScriptAsRawText(ScriptEngine.java:119)
	at com.kms.katalon.core.main.TestCaseExecutor.runScript(TestCaseExecutor.java:445)
	at com.kms.katalon.core.main.TestCaseExecutor.doExecute(TestCaseExecutor.java:436)
	at com.kms.katalon.core.main.TestCaseExecutor.processExecutionPhase(TestCaseExecutor.java:415)
	at com.kms.katalon.core.main.TestCaseExecutor.accessMainPhase(TestCaseExecutor.java:407)
	at com.kms.katalon.core.main.TestCaseExecutor.execute(TestCaseExecutor.java:284)
	at com.kms.katalon.core.common.CommonExecutor.accessTestCaseMainPhase(CommonExecutor.java:65)
	at com.kms.katalon.core.main.TestSuiteExecutor.accessTestSuiteMainPhase(TestSuiteExecutor.java:144)
	at com.kms.katalon.core.main.TestSuiteExecutor.execute(TestSuiteExecutor.java:106)
	at com.kms.katalon.core.main.TestCaseMain.startTestSuite(TestCaseMain.java:185)
	at com.kms.katalon.core.main.TestCaseMain$startTestSuite$0.call(Unknown Source)
	at TempTestSuite1654867643956.run(TempTestSuite1654867643956.groovy:36)
Caused by: com.kms.katalon.core.webui.exception.WebElementNotFoundException: Web element with id: 'Object Repository/1-OBJECTS TAREAS PRINCIPALES/Modulo Tarea Listado Hojas de Vida/Imprimir Hoja de Vida/a_Si' located by '//a[contains(text(),'Si')]' not found
	at com.kms.katalon.core.webui.common.WebUiCommonHelper.findWebElement(WebUiCommonHelper.java:1370)
	at com.kms.katalon.core.webui.keyword.internal.WebUIAbstractKeyword.findWebElement(WebUIAbstractKeyword.groovy:27)
	at com.kms.katalon.core.webui.keyword.builtin.ClickKeyword$_click_closure1.doCall(ClickKeyword.groovy:65)
	at com.kms.katalon.core.webui.keyword.builtin.ClickKeyword$_click_closure1.call(ClickKeyword.groovy)
	at com.kms.katalon.core.webui.keyword.internal.WebUIKeywordMain.runKeyword(WebUIKeywordMain.groovy:20)
	... 19 more]]></system-err>
   </testsuite>
</testsuites>
