<?xml version="1.0" encoding="UTF-8"?>
<testsuites name="3-Pruebas_Bienestar" time="650.849" tests="18" failures="0" errors="0">
   <testsuite name="3-Pruebas_Bienestar" tests="18" failures="0" errors="0" time="650.849" skipped="0" timestamp="2022-02-23 15:01:21" hostname="diego.rojas - US-AF-000371" id="Test Suites/3-Pruebas_Bienestar">
      <properties>
         <property name="deviceName" value=""/>
         <property name="devicePlatform" value=""/>
         <property name="logFolder" value="C:\\Users\\diego.rojas\\git\\Pruebas-Minimas\\Reports\\20220223_145603\\3-Pruebas_Bienestar\\20220223_145614"/>
         <property name="logFiles" value="C:\\Users\\diego.rojas\\git\\Pruebas-Minimas\\Reports\\20220223_145603\\3-Pruebas_Bienestar\\20220223_145614\\execution0.log"/>
         <property name="attachments" value=""/>
         <property name="hostName" value="diego.rojas - US-AF-000371"/>
         <property name="os" value="Windows 10 64bit"/>
         <property name="katalonVersion" value="8.2.5.208"/>
         <property name="browser" value="Chrome 98.0.4758.102"/>
         <property name="hostAddress" value="192.168.56.1"/>
         <property name="sessionId" value="f5a3db74d17a795861c51f0333e96d8f"/>
         <property name="seleniumVersion" value="3.141.59"/>
         <property name="proxyInformation" value="ProxyInformation { proxyOption=NO_PROXY, proxyServerType=HTTP, username=, password=********, proxyServerAddress=, proxyServerPort=0, executionList=&quot;&quot;, isApplyToDesiredCapabilities=true }"/>
         <property name="platform" value="Windows 10"/>
      </properties>
      <testcase name="Test Cases/3.1-Pruebas_Bienestar/3.1.1-Crear_un_Evento" time="163.039" classname="Test Cases/3.1-Pruebas_Bienestar/3.1.1-Crear_un_Evento" status="PASSED">
         <system-out><![CDATA[2022-02-23 15:01:21 - [TEST_CASE][PASSED] - Test Cases/3.1-Pruebas_Bienestar/3.1.1-Crear_un_Evento: Test Cases/3.1-Pruebas_Bienestar/3.1.1-Crear_un_Evento

2022-02-23 15:01:22 - [TEST_STEP][PASSED] - today = new java.util.Date(): null

2022-02-23 15:01:22 - [TEST_STEP][PASSED] - Dia = today.format("dd"): null

2022-02-23 15:01:22 - [TEST_STEP][PASSED] - Mes = today.format("MM"): null

2022-02-23 15:01:22 - [TEST_STEP][PASSED] - MesN = today.format("MM"): null

2022-02-23 15:01:22 - [TEST_STEP][PASSED] - Año = today.format("yyyy"): null

2022-02-23 15:01:22 - [TEST_STEP][PASSED] - AñoN = today.format("yyyy"): null

2022-02-23 15:01:22 - [TEST_STEP][PASSED] - sumaD = Dia + 10: null

2022-02-23 15:01:22 - [TEST_STEP][PASSED] - sumaM = Mes + 1: null

2022-02-23 15:01:22 - [TEST_STEP][PASSED] - sumaA = Año + 1: null

2022-02-23 15:01:22 - [TEST_STEP][PASSED] - if (sumaD > 30): null

2022-02-23 15:01:22 - [TEST_STEP][PASSED] - sumaD = sumaD - Dia: null

2022-02-23 15:01:22 - [TEST_STEP][PASSED] - Mes = sumaM: null

2022-02-23 15:01:22 - [TEST_STEP][PASSED] - if (sumaM > 12): null

2022-02-23 15:01:22 - [TEST_STEP][PASSED] - FechaI = Dia + "/" + MesN + "/" + AñoN: null

2022-02-23 15:01:22 - [TEST_STEP][PASSED] - FechaF = sumaD + "/" + Mes + "/" + Año: null

2022-02-23 15:01:22 - [TEST_STEP][PASSED] - callTestCase(findTestCase("Utilidades-(atajos_para _tareas)/Modulos/Modulo bienestar-eventos"), [:], STOP_ON_FAILURE): Call Test Case 'Test Cases/Utilidades-(atajos_para _tareas)/Modulos/Modulo bienestar-eventos' successfully

2022-02-23 15:01:22 - [TEST_CASE][PASSED] - Test Cases/Utilidades-(atajos_para _tareas)/Modulos/Modulo bienestar-eventos: Test Cases/Utilidades-(atajos_para _tareas)/Modulos/Modulo bienestar-eventos

2022-02-23 15:01:23 - [TEST_STEP][PASSED] - callTestCase(findTestCase("0.1-Login"), [:], STOP_ON_FAILURE): Call Test Case 'Test Cases/0.1-Login' successfully

2022-02-23 15:01:23 - [TEST_CASE][PASSED] - Test Cases/0.1-Login: Test Cases/0.1-Login

2022-02-23 15:01:23 - [TEST_STEP][PASSED] - openBrowser(""): Browser is opened with url: ''

2022-02-23 15:01:24 - [MESSAGE][INFO] - Starting 'Chrome' driver

2022-02-23 15:01:24 - [MESSAGE][INFO] - Action delay is set to 0 milliseconds

2022-02-23 15:01:26 - [MESSAGE][PASSED] - Browser is opened with url: ''

2022-02-23 15:01:26 - [TEST_STEP][PASSED] - maximizeWindow(): Current window maximized

2022-02-23 15:01:26 - [MESSAGE][PASSED] - Current window maximized

2022-02-23 15:01:26 - [TEST_STEP][PASSED] - i = G_Login: null

2022-02-23 15:01:26 - [TEST_STEP][PASSED] - url = new java.net.URL(i): null

2022-02-23 15:01:26 - [TEST_STEP][PASSED] - println("URL: " + url.toString()): null

2022-02-23 15:01:26 - [TEST_STEP][PASSED] - connection = url.openConnection(): null

2022-02-23 15:01:26 - [TEST_STEP][PASSED] - connection.setRequestMethod("GET"): null

2022-02-23 15:01:26 - [TEST_STEP][PASSED] - connection.setReadTimeout(2 * 1000): null

2022-02-23 15:01:26 - [TEST_STEP][PASSED] - try: null

2022-02-23 15:01:26 - [TEST_STEP][PASSED] - connection.connect(): null

2022-02-23 15:01:26 - [TEST_STEP][PASSED] - flag = connected: null

2022-02-23 15:01:26 - [TEST_STEP][PASSED] - println("Valor_ori: " + flag): null

2022-02-23 15:01:26 - [TEST_STEP][PASSED] - if (flag): null

2022-02-23 15:01:26 - [TEST_STEP][PASSED] - navigateToUrl(i): Navigate to 'http://192.168.2.80:8380/saraweb' successfully

2022-02-23 15:01:27 - [MESSAGE][PASSED] - Navigate to 'http://192.168.2.80:8380/saraweb' successfully

2022-02-23 15:01:27 - [TEST_STEP][PASSED] - a(): null

2022-02-23 15:01:27 - [TEST_STEP][PASSED] - setText(findTestObject("Login/input_USUARIO_loginusuario"), G_Usuario): Text 'saraadmin' is set on object 'Object Repository/Login/input_USUARIO_loginusuario'

2022-02-23 15:01:28 - [MESSAGE][PASSED] - Text 'saraadmin' is set on object 'Object Repository/Login/input_USUARIO_loginusuario'

2022-02-23 15:01:28 - [TEST_STEP][PASSED] - setEncryptedText(findTestObject("Login/input_CLAVE_loginpassword"), "MkG4/TYiCFC3cb2driP7+Q=="): Text ****** has been set on object 'Object Repository/Login/input_CLAVE_loginpassword'

2022-02-23 15:01:29 - [MESSAGE][PASSED] - Text ****** has been set on object 'Object Repository/Login/input_CLAVE_loginpassword'

2022-02-23 15:01:29 - [TEST_STEP][PASSED] - waitForElementClickable(findTestObject("Login/a_Ingresar"), G_TimeOut): Object 'Object Repository/Login/a_Ingresar' is clickable

2022-02-23 15:01:29 - [MESSAGE][PASSED] - Object 'Object Repository/Login/a_Ingresar' is clickable

2022-02-23 15:01:29 - [TEST_STEP][PASSED] - click(findTestObject("Login/a_Ingresar")): Object: 'Object Repository/Login/a_Ingresar' is clicked on

2022-02-23 15:01:31 - [MESSAGE][PASSED] - Object: 'Object Repository/Login/a_Ingresar' is clicked on

2022-02-23 15:01:31 - [TEST_STEP][PASSED] - element = findWebElement(findTestObject("Login/a_Ir"), 30): null

2022-02-23 15:01:32 - [TEST_STEP][PASSED] - executeJavaScript("arguments[0].click()", Arrays.asList(element)): Execute JavaScript 'arguments[0].click()' successfully

2022-02-23 15:01:32 - [MESSAGE][PASSED] - Execute JavaScript 'arguments[0].click()' successfully

2022-02-23 15:01:32 - [MESSAGE][PASSED] - Call Test Case 'Test Cases/0.1-Login' successfully

2022-02-23 15:01:32 - [TEST_STEP][PASSED] - waitForElementClickable(findTestObject("Modulo bienestar-eventos/input_ADMINISTRADOR DEL SISTEMA"), 0): Object 'Object Repository/Modulo bienestar-eventos/input_ADMINISTRADOR DEL SISTEMA' is clickable

2022-02-23 15:01:32 - [MESSAGE][WARNING] - Timeout '0' is invalid. Using default page load timeout: '30'

2022-02-23 15:01:33 - [MESSAGE][PASSED] - Object 'Object Repository/Modulo bienestar-eventos/input_ADMINISTRADOR DEL SISTEMA' is clickable

2022-02-23 15:01:33 - [TEST_STEP][PASSED] - setText(findTestObject("Modulo bienestar-eventos/input_ADMINISTRADOR DEL SISTEMA"), "eventos (bie)"): Text 'eventos (bie)' is set on object 'Object Repository/Modulo bienestar-eventos/input_ADMINISTRADOR DEL SISTEMA'

2022-02-23 15:01:33 - [MESSAGE][PASSED] - Text 'eventos (bie)' is set on object 'Object Repository/Modulo bienestar-eventos/input_ADMINISTRADOR DEL SISTEMA'

2022-02-23 15:01:33 - [TEST_STEP][PASSED] - click(findTestObject("Modulo bienestar-eventos/span_Eventos (bie)")): Object: 'Object Repository/Modulo bienestar-eventos/span_Eventos (bie)' is clicked on

2022-02-23 15:01:35 - [MESSAGE][PASSED] - Object: 'Object Repository/Modulo bienestar-eventos/span_Eventos (bie)' is clicked on

2022-02-23 15:01:35 - [MESSAGE][PASSED] - Call Test Case 'Test Cases/Utilidades-(atajos_para _tareas)/Modulos/Modulo bienestar-eventos' successfully

2022-02-23 15:01:35 - [TEST_STEP][PASSED] - if (waitForElementClickable(findTestObject("Modulo Pruebas Bienestar/Crear_un_Evento/td_Prueba-S"), 1)): null

2022-02-23 15:01:36 - [MESSAGE][PASSED] - Object 'Object Repository/Modulo Pruebas Bienestar/Crear_un_Evento/td_Prueba-S' is clickable

2022-02-23 15:01:36 - [TEST_STEP][PASSED] - click(findTestObject("Modulo Pruebas Bienestar/Crear_un_Evento/td_Prueba-S")): Object: 'Object Repository/Modulo Pruebas Bienestar/Crear_un_Evento/td_Prueba-S' is clicked on

2022-02-23 15:01:37 - [MESSAGE][PASSED] - Object: 'Object Repository/Modulo Pruebas Bienestar/Crear_un_Evento/td_Prueba-S' is clicked on

2022-02-23 15:01:37 - [TEST_STEP][PASSED] - click(findTestObject("Modulo Pruebas Bienestar/Crear_un_Evento/a_CostoEvento")): Object: 'Object Repository/Modulo Pruebas Bienestar/Crear_un_Evento/a_CostoEvento' is clicked on

2022-02-23 15:01:38 - [MESSAGE][PASSED] - Object: 'Object Repository/Modulo Pruebas Bienestar/Crear_un_Evento/a_CostoEvento' is clicked on

2022-02-23 15:01:38 - [TEST_STEP][PASSED] - if (waitForElementClickable(findTestObject("Modulo Pruebas Bienestar/Crear_un_Evento/td_SALON 1"), 1)): null

2022-02-23 15:01:39 - [MESSAGE][PASSED] - Object 'Object Repository/Modulo Pruebas Bienestar/Crear_un_Evento/td_SALON 1' is clickable

2022-02-23 15:01:39 - [TEST_STEP][PASSED] - click(findTestObject("Modulo Pruebas Bienestar/Crear_un_Evento/a_TEST FB_form_costoEventolistaCostoEvento0j_idt663")): Object: 'Object Repository/Modulo Pruebas Bienestar/Crear_un_Evento/a_TEST FB_form_costoEventolistaCostoEvento0j_idt663' is clicked on

2022-02-23 15:01:39 - [MESSAGE][PASSED] - Object: 'Object Repository/Modulo Pruebas Bienestar/Crear_un_Evento/a_TEST FB_form_costoEventolistaCostoEvento0j_idt663' is clicked on

2022-02-23 15:01:39 - [TEST_STEP][PASSED] - click(findTestObject("Modulo Pruebas Bienestar/Crear_un_Evento/a_Aceptar Eliminar -1")): Object: 'Object Repository/Modulo Pruebas Bienestar/Crear_un_Evento/a_Aceptar Eliminar -1' is clicked on

2022-02-23 15:01:40 - [MESSAGE][PASSED] - Object: 'Object Repository/Modulo Pruebas Bienestar/Crear_un_Evento/a_Aceptar Eliminar -1' is clicked on

2022-02-23 15:01:40 - [TEST_STEP][PASSED] - click(findTestObject("Modulo Pruebas Bienestar/Crear_un_Evento/a_Momento Eventos")): Object: 'Object Repository/Modulo Pruebas Bienestar/Crear_un_Evento/a_Momento Eventos' is clicked on

2022-02-23 15:01:41 - [MESSAGE][PASSED] - Object: 'Object Repository/Modulo Pruebas Bienestar/Crear_un_Evento/a_Momento Eventos' is clicked on

2022-02-23 15:01:41 - [TEST_STEP][PASSED] - if (waitForElementClickable(findTestObject("Modulo Pruebas Bienestar/Crear_un_Evento/td_02112021"), 1)): null

2022-02-23 15:01:42 - [MESSAGE][PASSED] - Object 'Object Repository/Modulo Pruebas Bienestar/Crear_un_Evento/td_02112021' is clickable

2022-02-23 15:01:42 - [TEST_STEP][PASSED] - click(findTestObject("Modulo Pruebas Bienestar/Crear_un_Evento/td_02112021")): Object: 'Object Repository/Modulo Pruebas Bienestar/Crear_un_Evento/td_02112021' is clicked on

2022-02-23 15:01:42 - [MESSAGE][PASSED] - Object: 'Object Repository/Modulo Pruebas Bienestar/Crear_un_Evento/td_02112021' is clicked on

2022-02-23 15:01:42 - [TEST_STEP][PASSED] - if (waitForElementClickable(findTestObject("Modulo Pruebas Bienestar/Crear_un_Evento/a_MAR-MIE 0500-0600_popupMomentoEvento_formtablaMomentoEventoHorarioPopup0j_idt1582"), 1)): null

2022-02-23 15:01:43 - [MESSAGE][PASSED] - Object 'Object Repository/Modulo Pruebas Bienestar/Crear_un_Evento/a_MAR-MIE 0500-0600_popupMomentoEvento_formtablaMomentoEventoHorarioPopup0j_idt1582' is clickable

2022-02-23 15:01:43 - [TEST_STEP][PASSED] - click(findTestObject("Modulo Pruebas Bienestar/Crear_un_Evento/a_MAR-MIE 0500-0600_popupMomentoEvento_formtablaMomentoEventoHorarioPopup0j_idt1582")): Object: 'Object Repository/Modulo Pruebas Bienestar/Crear_un_Evento/a_MAR-MIE 0500-0600_popupMomentoEvento_formtablaMomentoEventoHorarioPopup0j_idt1582' is clicked on

2022-02-23 15:01:43 - [MESSAGE][PASSED] - Object: 'Object Repository/Modulo Pruebas Bienestar/Crear_un_Evento/a_MAR-MIE 0500-0600_popupMomentoEvento_formtablaMomentoEventoHorarioPopup0j_idt1582' is clicked on

2022-02-23 15:01:43 - [TEST_STEP][PASSED] - click(findTestObject("Modulo Pruebas Bienestar/Crear_un_Evento/a_Aceptar_eliminar")): Object: 'Object Repository/Modulo Pruebas Bienestar/Crear_un_Evento/a_Aceptar_eliminar' is clicked on

2022-02-23 15:01:45 - [MESSAGE][PASSED] - Object: 'Object Repository/Modulo Pruebas Bienestar/Crear_un_Evento/a_Aceptar_eliminar' is clicked on

2022-02-23 15:01:45 - [TEST_STEP][PASSED] - click(findTestObject("Modulo Pruebas Bienestar/Crear_un_Evento/a_Eliminar")): Object: 'Object Repository/Modulo Pruebas Bienestar/Crear_un_Evento/a_Eliminar' is clicked on

2022-02-23 15:01:46 - [MESSAGE][PASSED] - Object: 'Object Repository/Modulo Pruebas Bienestar/Crear_un_Evento/a_Eliminar' is clicked on

2022-02-23 15:01:46 - [TEST_STEP][PASSED] - click(findTestObject("Modulo Pruebas Bienestar/Crear_un_Evento/a_Aceptar0")): Object: 'Object Repository/Modulo Pruebas Bienestar/Crear_un_Evento/a_Aceptar0' is clicked on

2022-02-23 15:01:47 - [MESSAGE][PASSED] - Object: 'Object Repository/Modulo Pruebas Bienestar/Crear_un_Evento/a_Aceptar0' is clicked on

2022-02-23 15:01:47 - [TEST_STEP][PASSED] - click(findTestObject("Modulo Pruebas Bienestar/Crear_un_Evento/div_Evaluacin")): Object: 'Object Repository/Modulo Pruebas Bienestar/Crear_un_Evento/div_Evaluacin' is clicked on

2022-02-23 15:01:48 - [MESSAGE][PASSED] - Object: 'Object Repository/Modulo Pruebas Bienestar/Crear_un_Evento/div_Evaluacin' is clicked on

2022-02-23 15:01:48 - [TEST_STEP][PASSED] - click(findTestObject("Modulo Pruebas Bienestar/Crear_un_Evento/a_Evento0")): Object: 'Object Repository/Modulo Pruebas Bienestar/Crear_un_Evento/a_Evento0' is clicked on

2022-02-23 15:01:48 - [MESSAGE][PASSED] - Object: 'Object Repository/Modulo Pruebas Bienestar/Crear_un_Evento/a_Evento0' is clicked on

2022-02-23 15:01:48 - [TEST_STEP][PASSED] - if (waitForElementVisible(findTestObject("Modulo Pruebas Bienestar/Crear_un_Evento/td_1010220596"), 1)): null

2022-02-23 15:01:49 - [MESSAGE][PASSED] - Object 'Object Repository/Modulo Pruebas Bienestar/Crear_un_Evento/td_1010220596' is visible

2022-02-23 15:01:49 - [TEST_STEP][PASSED] - click(findTestObject("Modulo Pruebas Bienestar/Crear_un_Evento/a_No Diligenciada_formEventoEvaluacionpanel_eventotablaEvaluacion0j_idt881")): Object: 'Object Repository/Modulo Pruebas Bienestar/Crear_un_Evento/a_No Diligenciada_formEventoEvaluacionpanel_eventotablaEvaluacion0j_idt881' is clicked on

2022-02-23 15:01:49 - [MESSAGE][PASSED] - Object: 'Object Repository/Modulo Pruebas Bienestar/Crear_un_Evento/a_No Diligenciada_formEventoEvaluacionpanel_eventotablaEvaluacion0j_idt881' is clicked on

2022-02-23 15:01:49 - [TEST_STEP][PASSED] - click(findTestObject("Modulo Pruebas Bienestar/Crear_un_Evento/a_Aceptar0")): Object: 'Object Repository/Modulo Pruebas Bienestar/Crear_un_Evento/a_Aceptar0' is clicked on

2022-02-23 15:01:51 - [MESSAGE][PASSED] - Object: 'Object Repository/Modulo Pruebas Bienestar/Crear_un_Evento/a_Aceptar0' is clicked on

2022-02-23 15:01:51 - [TEST_STEP][PASSED] - click(findTestObject("Modulo Pruebas Bienestar/Crear_un_Evento/div_Participante")): Object: 'Object Repository/Modulo Pruebas Bienestar/Crear_un_Evento/div_Participante' is clicked on

2022-02-23 15:01:51 - [MESSAGE][PASSED] - Object: 'Object Repository/Modulo Pruebas Bienestar/Crear_un_Evento/div_Participante' is clicked on

2022-02-23 15:01:51 - [TEST_STEP][PASSED] - click(findTestObject("Modulo Pruebas Bienestar/Crear_un_Evento/a_Grupo")): Object: 'Object Repository/Modulo Pruebas Bienestar/Crear_un_Evento/a_Grupo' is clicked on

2022-02-23 15:01:52 - [MESSAGE][PASSED] - Object: 'Object Repository/Modulo Pruebas Bienestar/Crear_un_Evento/a_Grupo' is clicked on

2022-02-23 15:01:52 - [TEST_STEP][PASSED] - if (waitForElementVisible(findTestObject("Modulo Pruebas Bienestar/Crear_un_Evento/td_PRUEBAS K"), 1)): null

2022-02-23 15:01:52 - [MESSAGE][PASSED] - Object 'Object Repository/Modulo Pruebas Bienestar/Crear_un_Evento/td_PRUEBAS K' is visible

2022-02-23 15:01:52 - [TEST_STEP][PASSED] - click(findTestObject("Modulo Pruebas Bienestar/Crear_un_Evento/td_PRUEBAS K")): Object: 'Object Repository/Modulo Pruebas Bienestar/Crear_un_Evento/td_PRUEBAS K' is clicked on

2022-02-23 15:01:53 - [MESSAGE][PASSED] - Object: 'Object Repository/Modulo Pruebas Bienestar/Crear_un_Evento/td_PRUEBAS K' is clicked on

2022-02-23 15:01:53 - [TEST_STEP][PASSED] - if (waitForElementVisible(findTestObject("Modulo Pruebas Bienestar/Crear_un_Evento/a_Integrantes"), 1)): null

2022-02-23 15:01:54 - [MESSAGE][PASSED] - Object 'Object Repository/Modulo Pruebas Bienestar/Crear_un_Evento/a_Integrantes' is visible

2022-02-23 15:01:54 - [TEST_STEP][PASSED] - click(findTestObject("Modulo Pruebas Bienestar/Crear_un_Evento/a_Integrantes")): Object: 'Object Repository/Modulo Pruebas Bienestar/Crear_un_Evento/a_Integrantes' is clicked on

2022-02-23 15:01:54 - [MESSAGE][PASSED] - Object: 'Object Repository/Modulo Pruebas Bienestar/Crear_un_Evento/a_Integrantes' is clicked on

2022-02-23 15:01:54 - [TEST_STEP][PASSED] - if (waitForElementVisible(findTestObject("Modulo Pruebas Bienestar/Crear_un_Evento/a_Administracion_grupoEventopanel_principal_2pGListaIntegrantes0j_idt390"), 1)): null

2022-02-23 15:01:55 - [MESSAGE][PASSED] - Object 'Object Repository/Modulo Pruebas Bienestar/Crear_un_Evento/a_Administracion_grupoEventopanel_principal_2pGListaIntegrantes0j_idt390' is visible

2022-02-23 15:01:55 - [TEST_STEP][PASSED] - click(findTestObject("Modulo Pruebas Bienestar/Crear_un_Evento/a_Administracion_grupoEventopanel_principal_2pGListaIntegrantes0j_idt390")): Object: 'Object Repository/Modulo Pruebas Bienestar/Crear_un_Evento/a_Administracion_grupoEventopanel_principal_2pGListaIntegrantes0j_idt390' is clicked on

2022-02-23 15:01:56 - [MESSAGE][PASSED] - Object: 'Object Repository/Modulo Pruebas Bienestar/Crear_un_Evento/a_Administracion_grupoEventopanel_principal_2pGListaIntegrantes0j_idt390' is clicked on

2022-02-23 15:01:56 - [TEST_STEP][PASSED] - click(findTestObject("Modulo Pruebas Bienestar/Crear_un_Evento/a_Aceptar1")): Object: 'Object Repository/Modulo Pruebas Bienestar/Crear_un_Evento/a_Aceptar1' is clicked on

2022-02-23 15:01:57 - [MESSAGE][PASSED] - Object: 'Object Repository/Modulo Pruebas Bienestar/Crear_un_Evento/a_Aceptar1' is clicked on

2022-02-23 15:01:57 - [TEST_STEP][PASSED] - click(findTestObject("Modulo Pruebas Bienestar/Crear_un_Evento/a_Grupo_pestaa")): Object: 'Object Repository/Modulo Pruebas Bienestar/Crear_un_Evento/a_Grupo_pestaa' is clicked on

2022-02-23 15:01:58 - [MESSAGE][PASSED] - Object: 'Object Repository/Modulo Pruebas Bienestar/Crear_un_Evento/a_Grupo_pestaa' is clicked on

2022-02-23 15:01:58 - [TEST_STEP][PASSED] - element = findWebElement(findTestObject("Modulo Pruebas Bienestar/Crear_un_Evento/a_Eliminar0"), 30): null

2022-02-23 15:01:58 - [TEST_STEP][PASSED] - executeJavaScript("arguments[0].click()", Arrays.asList(element)): Execute JavaScript 'arguments[0].click()' successfully

2022-02-23 15:01:58 - [MESSAGE][PASSED] - Execute JavaScript 'arguments[0].click()' successfully

2022-02-23 15:01:58 - [TEST_STEP][PASSED] - click(findTestObject("Modulo Pruebas Bienestar/Crear_un_Evento/a_Aceptar3")): Object: 'Object Repository/Modulo Pruebas Bienestar/Crear_un_Evento/a_Aceptar3' is clicked on

2022-02-23 15:01:59 - [MESSAGE][PASSED] - Object: 'Object Repository/Modulo Pruebas Bienestar/Crear_un_Evento/a_Aceptar3' is clicked on

2022-02-23 15:01:59 - [TEST_STEP][PASSED] - click(findTestObject("Modulo Pruebas Bienestar/Crear_un_Evento/div_Evaluacin")): Object: 'Object Repository/Modulo Pruebas Bienestar/Crear_un_Evento/div_Evaluacin' is clicked on

2022-02-23 15:02:00 - [MESSAGE][PASSED] - Object: 'Object Repository/Modulo Pruebas Bienestar/Crear_un_Evento/div_Evaluacin' is clicked on

2022-02-23 15:02:00 - [TEST_STEP][PASSED] - click(findTestObject("Modulo Pruebas Bienestar/Crear_un_Evento/a_Evento0")): Object: 'Object Repository/Modulo Pruebas Bienestar/Crear_un_Evento/a_Evento0' is clicked on

2022-02-23 15:02:01 - [MESSAGE][PASSED] - Object: 'Object Repository/Modulo Pruebas Bienestar/Crear_un_Evento/a_Evento0' is clicked on

2022-02-23 15:02:01 - [TEST_STEP][PASSED] - if (waitForElementVisible(findTestObject("Modulo Pruebas Bienestar/Crear_un_Evento/a_No Diligenciada_formEventoEvaluacionpanel_eventotablaEvaluacion0j_idt881"), 1)): Web element with id: 'Object Repository/Modulo Pruebas Bienestar/Crear_un_Evento/a_No Diligenciada_formEventoEvaluacionpanel_eventotablaEvaluacion0j_idt881' located by '//td[10]/a' not found

2022-02-23 15:02:03 - [MESSAGE][INFO] - Unable to find the element located by 'By.xpath: //td[10]/a'. Please recheck the objects properties to make sure the desired element is located. 

2022-02-23 15:02:03 - [MESSAGE][WARNING] - Web element with id: 'Object Repository/Modulo Pruebas Bienestar/Crear_un_Evento/a_No Diligenciada_formEventoEvaluacionpanel_eventotablaEvaluacion0j_idt881' located by '//td[10]/a' not found

2022-02-23 15:02:03 - [TEST_STEP][PASSED] - click(findTestObject("Modulo Pruebas Bienestar/Crear_un_Evento/div_Datos Evento")): Object: 'Object Repository/Modulo Pruebas Bienestar/Crear_un_Evento/div_Datos Evento' is clicked on

2022-02-23 15:02:03 - [MESSAGE][PASSED] - Object: 'Object Repository/Modulo Pruebas Bienestar/Crear_un_Evento/div_Datos Evento' is clicked on

2022-02-23 15:02:03 - [TEST_STEP][PASSED] - click(findTestObject("Modulo Pruebas Bienestar/Crear_un_Evento/a_Publicacin")): Object: 'Object Repository/Modulo Pruebas Bienestar/Crear_un_Evento/a_Publicacin' is clicked on

2022-02-23 15:02:04 - [MESSAGE][PASSED] - Object: 'Object Repository/Modulo Pruebas Bienestar/Crear_un_Evento/a_Publicacin' is clicked on

2022-02-23 15:02:04 - [TEST_STEP][PASSED] - if (waitForElementVisible(findTestObject("Modulo Pruebas Bienestar/Crear_un_Evento/a_Eliminar_http"), 1)): Web element with id: 'Object Repository/Modulo Pruebas Bienestar/Crear_un_Evento/a_Eliminar_http' located by '//div/div/table/tbody/tr/td[3]/a' not found

2022-02-23 15:02:06 - [MESSAGE][INFO] - Unable to find the element located by 'By.xpath: //div/div/table/tbody/tr/td[3]/a'. Please recheck the objects properties to make sure the desired element is located. 

2022-02-23 15:02:06 - [MESSAGE][WARNING] - Web element with id: 'Object Repository/Modulo Pruebas Bienestar/Crear_un_Evento/a_Eliminar_http' located by '//div/div/table/tbody/tr/td[3]/a' not found

2022-02-23 15:02:06 - [TEST_STEP][PASSED] - click(findTestObject("Modulo Pruebas Bienestar/Crear_un_Evento/a_Entidades")): Object: 'Object Repository/Modulo Pruebas Bienestar/Crear_un_Evento/a_Entidades' is clicked on

2022-02-23 15:02:06 - [MESSAGE][PASSED] - Object: 'Object Repository/Modulo Pruebas Bienestar/Crear_un_Evento/a_Entidades' is clicked on

2022-02-23 15:02:06 - [TEST_STEP][PASSED] - if (waitForElementVisible(findTestObject("Modulo Pruebas Bienestar/Crear_un_Evento/a_US_form_entidadlistaEntidades0j_idt630"), 1)): null

2022-02-23 15:02:07 - [MESSAGE][PASSED] - Object 'Object Repository/Modulo Pruebas Bienestar/Crear_un_Evento/a_US_form_entidadlistaEntidades0j_idt630' is visible

2022-02-23 15:02:07 - [TEST_STEP][PASSED] - click(findTestObject("Modulo Pruebas Bienestar/Crear_un_Evento/a_US_form_entidadlistaEntidades0j_idt630")): Object: 'Object Repository/Modulo Pruebas Bienestar/Crear_un_Evento/a_US_form_entidadlistaEntidades0j_idt630' is clicked on

2022-02-23 15:02:07 - [MESSAGE][PASSED] - Object: 'Object Repository/Modulo Pruebas Bienestar/Crear_un_Evento/a_US_form_entidadlistaEntidades0j_idt630' is clicked on

2022-02-23 15:02:07 - [TEST_STEP][PASSED] - click(findTestObject("Modulo Pruebas Bienestar/Crear_un_Evento/a_Aceptar_Entidades")): Object: 'Object Repository/Modulo Pruebas Bienestar/Crear_un_Evento/a_Aceptar_Entidades' is clicked on

2022-02-23 15:02:08 - [MESSAGE][PASSED] - Object: 'Object Repository/Modulo Pruebas Bienestar/Crear_un_Evento/a_Aceptar_Entidades' is clicked on

2022-02-23 15:02:08 - [TEST_STEP][PASSED] - click(findTestObject("Modulo Pruebas Bienestar/Crear_un_Evento/a_DirigidoA")): Object: 'Object Repository/Modulo Pruebas Bienestar/Crear_un_Evento/a_DirigidoA' is clicked on

2022-02-23 15:02:09 - [MESSAGE][PASSED] - Object: 'Object Repository/Modulo Pruebas Bienestar/Crear_un_Evento/a_DirigidoA' is clicked on

2022-02-23 15:02:09 - [TEST_STEP][PASSED] - if (waitForElementVisible(findTestObject("Modulo Pruebas Bienestar/Crear_un_Evento/a_Edad_form_condicionDerechoTipoBeneftabla_ventanaCDTB0j_idt797"), 1)): null

2022-02-23 15:02:10 - [MESSAGE][PASSED] - Object 'Object Repository/Modulo Pruebas Bienestar/Crear_un_Evento/a_Edad_form_condicionDerechoTipoBeneftabla_ventanaCDTB0j_idt797' is visible

2022-02-23 15:02:10 - [TEST_STEP][PASSED] - click(findTestObject("Modulo Pruebas Bienestar/Crear_un_Evento/a_Edad_form_condicionDerechoTipoBeneftabla_ventanaCDTB0j_idt797"), STOP_ON_FAILURE): Object: 'Object Repository/Modulo Pruebas Bienestar/Crear_un_Evento/a_Edad_form_condicionDerechoTipoBeneftabla_ventanaCDTB0j_idt797' is clicked on

2022-02-23 15:02:10 - [MESSAGE][PASSED] - Object: 'Object Repository/Modulo Pruebas Bienestar/Crear_un_Evento/a_Edad_form_condicionDerechoTipoBeneftabla_ventanaCDTB0j_idt797' is clicked on

2022-02-23 15:02:10 - [TEST_STEP][PASSED] - click(findTestObject("Modulo Pruebas Bienestar/Crear_un_Evento/a_Aceptar_DirigidoA")): Object: 'Object Repository/Modulo Pruebas Bienestar/Crear_un_Evento/a_Aceptar_DirigidoA' is clicked on

2022-02-23 15:02:11 - [MESSAGE][PASSED] - Object: 'Object Repository/Modulo Pruebas Bienestar/Crear_un_Evento/a_Aceptar_DirigidoA' is clicked on

2022-02-23 15:02:11 - [TEST_STEP][PASSED] - click(findTestObject("Modulo Pruebas Bienestar/Crear_un_Evento/div_Recursos")): Object: 'Object Repository/Modulo Pruebas Bienestar/Crear_un_Evento/div_Recursos' is clicked on

2022-02-23 15:02:12 - [MESSAGE][PASSED] - Object: 'Object Repository/Modulo Pruebas Bienestar/Crear_un_Evento/div_Recursos' is clicked on

2022-02-23 15:02:12 - [TEST_STEP][PASSED] - click(findTestObject("Modulo Pruebas Bienestar/Crear_un_Evento/a_Logsticos")): Object: 'Object Repository/Modulo Pruebas Bienestar/Crear_un_Evento/a_Logsticos' is clicked on

2022-02-23 15:02:12 - [MESSAGE][PASSED] - Object: 'Object Repository/Modulo Pruebas Bienestar/Crear_un_Evento/a_Logsticos' is clicked on

2022-02-23 15:02:12 - [TEST_STEP][PASSED] - if (waitForElementVisible(findTestObject("Modulo Pruebas Bienestar/Crear_un_Evento/a_INDISPENSABLE_formRecursoLogisticopanel_recursostabla_recursos0j_idt951"), 1)): null

2022-02-23 15:02:13 - [MESSAGE][PASSED] - Object 'Object Repository/Modulo Pruebas Bienestar/Crear_un_Evento/a_INDISPENSABLE_formRecursoLogisticopanel_recursostabla_recursos0j_idt951' is visible

2022-02-23 15:02:13 - [TEST_STEP][PASSED] - click(findTestObject("Modulo Pruebas Bienestar/Crear_un_Evento/a_INDISPENSABLE_formRecursoLogisticopanel_recursostabla_recursos0j_idt951"), STOP_ON_FAILURE): Object: 'Object Repository/Modulo Pruebas Bienestar/Crear_un_Evento/a_INDISPENSABLE_formRecursoLogisticopanel_recursostabla_recursos0j_idt951' is clicked on

2022-02-23 15:02:14 - [MESSAGE][PASSED] - Object: 'Object Repository/Modulo Pruebas Bienestar/Crear_un_Evento/a_INDISPENSABLE_formRecursoLogisticopanel_recursostabla_recursos0j_idt951' is clicked on

2022-02-23 15:02:14 - [TEST_STEP][PASSED] - click(findTestObject("Modulo Pruebas Bienestar/Crear_un_Evento/a_Aceptar_Logisticos")): Object: 'Object Repository/Modulo Pruebas Bienestar/Crear_un_Evento/a_Aceptar_Logisticos' is clicked on

2022-02-23 15:02:15 - [MESSAGE][PASSED] - Object: 'Object Repository/Modulo Pruebas Bienestar/Crear_un_Evento/a_Aceptar_Logisticos' is clicked on

2022-02-23 15:02:15 - [TEST_STEP][PASSED] - click(findTestObject("Modulo Pruebas Bienestar/Crear_un_Evento/div_Datos Evento")): Object: 'Object Repository/Modulo Pruebas Bienestar/Crear_un_Evento/div_Datos Evento' is clicked on

2022-02-23 15:02:15 - [MESSAGE][PASSED] - Object: 'Object Repository/Modulo Pruebas Bienestar/Crear_un_Evento/div_Datos Evento' is clicked on

2022-02-23 15:02:15 - [TEST_STEP][PASSED] - click(findTestObject("Modulo Pruebas Bienestar/Crear_un_Evento/a_Registro")): Object: 'Object Repository/Modulo Pruebas Bienestar/Crear_un_Evento/a_Registro' is clicked on

2022-02-23 15:02:16 - [MESSAGE][PASSED] - Object: 'Object Repository/Modulo Pruebas Bienestar/Crear_un_Evento/a_Registro' is clicked on

2022-02-23 15:02:16 - [TEST_STEP][PASSED] - if (waitForElementPresent(findTestObject("Modulo Pruebas Bienestar/Crear_un_Evento/td_MAR-MIE 0500-0600"), 1)): Object 'Object Repository/Modulo Pruebas Bienestar/Crear_un_Evento/td_MAR-MIE 0500-0600' is not present after 1 second(s)

2022-02-23 15:02:18 - [MESSAGE][INFO] - Unable to find the element located by 'By.xpath: //td/div/div/table/tbody/tr/td[3]'. Please recheck the objects properties to make sure the desired element is located. 

2022-02-23 15:02:18 - [MESSAGE][WARNING] - Object 'Object Repository/Modulo Pruebas Bienestar/Crear_un_Evento/td_MAR-MIE 0500-0600' is not present after 1 second(s)

2022-02-23 15:02:18 - [TEST_STEP][PASSED] - click(findTestObject("Modulo Pruebas Bienestar/Crear_un_Evento/a_Eliminar")): Object: 'Object Repository/Modulo Pruebas Bienestar/Crear_un_Evento/a_Eliminar' is clicked on

2022-02-23 15:02:19 - [MESSAGE][PASSED] - Object: 'Object Repository/Modulo Pruebas Bienestar/Crear_un_Evento/a_Eliminar' is clicked on

2022-02-23 15:02:19 - [TEST_STEP][PASSED] - click(findTestObject("Modulo Pruebas Bienestar/Crear_un_Evento/a_Aceptar2")): Object: 'Object Repository/Modulo Pruebas Bienestar/Crear_un_Evento/a_Aceptar2' is clicked on

2022-02-23 15:02:20 - [MESSAGE][PASSED] - Object: 'Object Repository/Modulo Pruebas Bienestar/Crear_un_Evento/a_Aceptar2' is clicked on

2022-02-23 15:02:20 - [TEST_STEP][PASSED] - if (waitForElementClickable(findTestObject("Modulo Pruebas Bienestar/Crear_un_Evento/td_Prueba-S-SH"), 1)): null

2022-02-23 15:02:20 - [MESSAGE][PASSED] - Object 'Object Repository/Modulo Pruebas Bienestar/Crear_un_Evento/td_Prueba-S-SH' is clickable

2022-02-23 15:02:20 - [TEST_STEP][PASSED] - click(findTestObject("Modulo Pruebas Bienestar/Crear_un_Evento/td_Prueba-S-SH")): Object: 'Object Repository/Modulo Pruebas Bienestar/Crear_un_Evento/td_Prueba-S-SH' is clicked on

2022-02-23 15:02:21 - [MESSAGE][PASSED] - Object: 'Object Repository/Modulo Pruebas Bienestar/Crear_un_Evento/td_Prueba-S-SH' is clicked on

2022-02-23 15:02:21 - [TEST_STEP][PASSED] - click(findTestObject("Modulo Pruebas Bienestar/Crear_un_Evento/div_Participante")): Object: 'Object Repository/Modulo Pruebas Bienestar/Crear_un_Evento/div_Participante' is clicked on

2022-02-23 15:02:22 - [MESSAGE][PASSED] - Object: 'Object Repository/Modulo Pruebas Bienestar/Crear_un_Evento/div_Participante' is clicked on

2022-02-23 15:02:22 - [TEST_STEP][PASSED] - click(findTestObject("Modulo Pruebas Bienestar/Crear_un_Evento/a_Sancionados")): Object: 'Object Repository/Modulo Pruebas Bienestar/Crear_un_Evento/a_Sancionados' is clicked on

2022-02-23 15:02:23 - [MESSAGE][PASSED] - Object: 'Object Repository/Modulo Pruebas Bienestar/Crear_un_Evento/a_Sancionados' is clicked on

2022-02-23 15:02:23 - [TEST_STEP][PASSED] - if (waitForElementVisible(findTestObject("Modulo Pruebas Bienestar/Crear_un_Evento/a_PRUEBAS K_form_sancionadoslistaSancionados0j_idt645"), 1)): null

2022-02-23 15:02:24 - [MESSAGE][PASSED] - Object 'Object Repository/Modulo Pruebas Bienestar/Crear_un_Evento/a_PRUEBAS K_form_sancionadoslistaSancionados0j_idt645' is visible

2022-02-23 15:02:24 - [TEST_STEP][PASSED] - click(findTestObject("Modulo Pruebas Bienestar/Crear_un_Evento/a_PRUEBAS K_form_sancionadoslistaSancionados0j_idt645")): Object: 'Object Repository/Modulo Pruebas Bienestar/Crear_un_Evento/a_PRUEBAS K_form_sancionadoslistaSancionados0j_idt645' is clicked on

2022-02-23 15:02:24 - [MESSAGE][PASSED] - Object: 'Object Repository/Modulo Pruebas Bienestar/Crear_un_Evento/a_PRUEBAS K_form_sancionadoslistaSancionados0j_idt645' is clicked on

2022-02-23 15:02:24 - [TEST_STEP][PASSED] - click(findTestObject("Modulo Pruebas Bienestar/Crear_un_Evento/a_Aceptar_Sancionados")): Object: 'Object Repository/Modulo Pruebas Bienestar/Crear_un_Evento/a_Aceptar_Sancionados' is clicked on

2022-02-23 15:02:26 - [MESSAGE][PASSED] - Object: 'Object Repository/Modulo Pruebas Bienestar/Crear_un_Evento/a_Aceptar_Sancionados' is clicked on

2022-02-23 15:02:26 - [TEST_STEP][PASSED] - click(findTestObject("Modulo Pruebas Bienestar/Crear_un_Evento/a_Cambiar")): Object: 'Object Repository/Modulo Pruebas Bienestar/Crear_un_Evento/a_Cambiar' is clicked on

2022-02-23 15:02:26 - [MESSAGE][PASSED] - Object: 'Object Repository/Modulo Pruebas Bienestar/Crear_un_Evento/a_Cambiar' is clicked on

2022-02-23 15:02:26 - [TEST_STEP][PASSED] - if (waitForElementVisible(findTestObject("Modulo Pruebas Bienestar/Crear_un_Evento/td_A A A0"), 1)): Web element with id: 'Object Repository/Modulo Pruebas Bienestar/Crear_un_Evento/td_A A A0' located by '//*/text()[normalize-space(.)='A A A']/parent::*' not found

2022-02-23 15:02:28 - [MESSAGE][INFO] - Unable to find the element located by 'By.xpath: //*/text()[normalize-space(.)='A A A']/parent::*'. Please recheck the objects properties to make sure the desired element is located. 

2022-02-23 15:02:28 - [MESSAGE][WARNING] - Web element with id: 'Object Repository/Modulo Pruebas Bienestar/Crear_un_Evento/td_A A A0' located by '//*/text()[normalize-space(.)='A A A']/parent::*' not found

2022-02-23 15:02:28 - [TEST_STEP][PASSED] - if (waitForElementVisible(findTestObject("Modulo Pruebas Bienestar/Crear_un_Evento/td_Diaz Blanco Guisell0"), 1)): null

2022-02-23 15:02:29 - [MESSAGE][PASSED] - Object 'Object Repository/Modulo Pruebas Bienestar/Crear_un_Evento/td_Diaz Blanco Guisell0' is visible

2022-02-23 15:02:29 - [TEST_STEP][PASSED] - click(findTestObject("Modulo Pruebas Bienestar/Crear_un_Evento/td_Diaz Blanco Guisell0")): Object: 'Object Repository/Modulo Pruebas Bienestar/Crear_un_Evento/td_Diaz Blanco Guisell0' is clicked on

2022-02-23 15:02:29 - [MESSAGE][PASSED] - Object: 'Object Repository/Modulo Pruebas Bienestar/Crear_un_Evento/td_Diaz Blanco Guisell0' is clicked on

2022-02-23 15:02:29 - [TEST_STEP][PASSED] - click(findTestObject("Modulo Pruebas Bienestar/Crear_un_Evento/a_Cambiar Datos_guisell")): Object: 'Object Repository/Modulo Pruebas Bienestar/Crear_un_Evento/a_Cambiar Datos_guisell' is clicked on

2022-02-23 15:02:31 - [MESSAGE][PASSED] - Object: 'Object Repository/Modulo Pruebas Bienestar/Crear_un_Evento/a_Cambiar Datos_guisell' is clicked on

2022-02-23 15:02:31 - [TEST_STEP][PASSED] - click(findTestObject("Modulo Pruebas Bienestar/Crear_un_Evento/a_Eliminar_guisell")): Object: 'Object Repository/Modulo Pruebas Bienestar/Crear_un_Evento/a_Eliminar_guisell' is clicked on

2022-02-23 15:02:32 - [MESSAGE][PASSED] - Object: 'Object Repository/Modulo Pruebas Bienestar/Crear_un_Evento/a_Eliminar_guisell' is clicked on

2022-02-23 15:02:32 - [TEST_STEP][PASSED] - click(findTestObject("Modulo Pruebas Bienestar/Crear_un_Evento/span_Si_eliminar_guisel")): Object: 'Object Repository/Modulo Pruebas Bienestar/Crear_un_Evento/span_Si_eliminar_guisel' is clicked on

2022-02-23 15:02:32 - [MESSAGE][PASSED] - Object: 'Object Repository/Modulo Pruebas Bienestar/Crear_un_Evento/span_Si_eliminar_guisel' is clicked on

2022-02-23 15:02:32 - [TEST_STEP][PASSED] - click(findTestObject("Modulo Pruebas Bienestar/Crear_un_Evento/a_Individual")): Object: 'Object Repository/Modulo Pruebas Bienestar/Crear_un_Evento/a_Individual' is clicked on

2022-02-23 15:02:34 - [MESSAGE][PASSED] - Object: 'Object Repository/Modulo Pruebas Bienestar/Crear_un_Evento/a_Individual' is clicked on

2022-02-23 15:02:34 - [TEST_STEP][PASSED] - if (waitForElementVisible(findTestObject("Modulo Pruebas Bienestar/Crear_un_Evento/td_A A A1"), 1)): Web element with id: 'Object Repository/Modulo Pruebas Bienestar/Crear_un_Evento/td_A A A1' located by '//*/text()[normalize-space(.)='A A A']/parent::*' not found

2022-02-23 15:02:36 - [MESSAGE][INFO] - Unable to find the element located by 'By.xpath: //*/text()[normalize-space(.)='A A A']/parent::*'. Please recheck the objects properties to make sure the desired element is located. 

2022-02-23 15:02:36 - [MESSAGE][WARNING] - Web element with id: 'Object Repository/Modulo Pruebas Bienestar/Crear_un_Evento/td_A A A1' located by '//*/text()[normalize-space(.)='A A A']/parent::*' not found

2022-02-23 15:02:36 - [TEST_STEP][PASSED] - if (waitForElementVisible(findTestObject("Modulo Pruebas Bienestar/Crear_un_Evento/td_Diaz Blanco Guisell1"), 1)): Web element with id: 'Object Repository/Modulo Pruebas Bienestar/Crear_un_Evento/td_Diaz Blanco Guisell1' located by '//*/text()[normalize-space(.)='Diaz Blanco Guisell']/parent::*' not found

2022-02-23 15:02:38 - [MESSAGE][INFO] - Unable to find the element located by 'By.xpath: //*/text()[normalize-space(.)='Diaz Blanco Guisell']/parent::*'. Please recheck the objects properties to make sure the desired element is located. 

2022-02-23 15:02:38 - [MESSAGE][WARNING] - Web element with id: 'Object Repository/Modulo Pruebas Bienestar/Crear_un_Evento/td_Diaz Blanco Guisell1' located by '//*/text()[normalize-space(.)='Diaz Blanco Guisell']/parent::*' not found

2022-02-23 15:02:38 - [TEST_STEP][PASSED] - click(findTestObject("Modulo Pruebas Bienestar/Crear_un_Evento/div_Datos Evento")): Object: 'Object Repository/Modulo Pruebas Bienestar/Crear_un_Evento/div_Datos Evento' is clicked on

2022-02-23 15:02:39 - [MESSAGE][PASSED] - Object: 'Object Repository/Modulo Pruebas Bienestar/Crear_un_Evento/div_Datos Evento' is clicked on

2022-02-23 15:02:39 - [TEST_STEP][PASSED] - click(findTestObject("Modulo Pruebas Bienestar/Crear_un_Evento/a_DirigidoA")): Object: 'Object Repository/Modulo Pruebas Bienestar/Crear_un_Evento/a_DirigidoA' is clicked on

2022-02-23 15:02:39 - [MESSAGE][PASSED] - Object: 'Object Repository/Modulo Pruebas Bienestar/Crear_un_Evento/a_DirigidoA' is clicked on

2022-02-23 15:02:39 - [TEST_STEP][PASSED] - if (waitForElementVisible(findTestObject("Modulo Pruebas Bienestar/Crear_un_Evento/a_Edad_form_condicionDerechoTipoBeneftabla_ventanaCDTB0j_idt797"), 1)): null

2022-02-23 15:02:40 - [MESSAGE][PASSED] - Object 'Object Repository/Modulo Pruebas Bienestar/Crear_un_Evento/a_Edad_form_condicionDerechoTipoBeneftabla_ventanaCDTB0j_idt797' is visible

2022-02-23 15:02:40 - [TEST_STEP][PASSED] - click(findTestObject("Modulo Pruebas Bienestar/Crear_un_Evento/a_Edad_form_condicionDerechoTipoBeneftabla_ventanaCDTB0j_idt797")): Object: 'Object Repository/Modulo Pruebas Bienestar/Crear_un_Evento/a_Edad_form_condicionDerechoTipoBeneftabla_ventanaCDTB0j_idt797' is clicked on

2022-02-23 15:02:40 - [MESSAGE][PASSED] - Object: 'Object Repository/Modulo Pruebas Bienestar/Crear_un_Evento/a_Edad_form_condicionDerechoTipoBeneftabla_ventanaCDTB0j_idt797' is clicked on

2022-02-23 15:02:40 - [TEST_STEP][PASSED] - click(findTestObject("Modulo Pruebas Bienestar/Crear_un_Evento/a_Aceptar_eliminar_dirigidoA")): Object: 'Object Repository/Modulo Pruebas Bienestar/Crear_un_Evento/a_Aceptar_eliminar_dirigidoA' is clicked on

2022-02-23 15:02:41 - [MESSAGE][PASSED] - Object: 'Object Repository/Modulo Pruebas Bienestar/Crear_un_Evento/a_Aceptar_eliminar_dirigidoA' is clicked on

2022-02-23 15:02:41 - [TEST_STEP][PASSED] - click(findTestObject("Modulo Pruebas Bienestar/Crear_un_Evento/a_Instructores")): Object: 'Object Repository/Modulo Pruebas Bienestar/Crear_un_Evento/a_Instructores' is clicked on

2022-02-23 15:02:42 - [MESSAGE][PASSED] - Object: 'Object Repository/Modulo Pruebas Bienestar/Crear_un_Evento/a_Instructores' is clicked on

2022-02-23 15:02:42 - [TEST_STEP][PASSED] - if (waitForElementVisible(findTestObject("Modulo Pruebas Bienestar/Crear_un_Evento/a_Instructores_form_entrenadorlistaEntrenadores0j_idt620"), 1)): null

2022-02-23 15:02:42 - [MESSAGE][PASSED] - Object 'Object Repository/Modulo Pruebas Bienestar/Crear_un_Evento/a_Instructores_form_entrenadorlistaEntrenadores0j_idt620' is visible

2022-02-23 15:02:42 - [TEST_STEP][PASSED] - click(findTestObject("Modulo Pruebas Bienestar/Crear_un_Evento/a_Instructores_form_entrenadorlistaEntrenadores0j_idt620")): Object: 'Object Repository/Modulo Pruebas Bienestar/Crear_un_Evento/a_Instructores_form_entrenadorlistaEntrenadores0j_idt620' is clicked on

2022-02-23 15:02:43 - [MESSAGE][PASSED] - Object: 'Object Repository/Modulo Pruebas Bienestar/Crear_un_Evento/a_Instructores_form_entrenadorlistaEntrenadores0j_idt620' is clicked on

2022-02-23 15:02:43 - [TEST_STEP][PASSED] - click(findTestObject("Modulo Pruebas Bienestar/Crear_un_Evento/a_Aceptar_eliminar_instructor")): Object: 'Object Repository/Modulo Pruebas Bienestar/Crear_un_Evento/a_Aceptar_eliminar_instructor' is clicked on

2022-02-23 15:02:45 - [MESSAGE][PASSED] - Object: 'Object Repository/Modulo Pruebas Bienestar/Crear_un_Evento/a_Aceptar_eliminar_instructor' is clicked on

2022-02-23 15:02:45 - [TEST_STEP][PASSED] - click(findTestObject("Modulo Pruebas Bienestar/Crear_un_Evento/a_Momento Eventos")): Object: 'Object Repository/Modulo Pruebas Bienestar/Crear_un_Evento/a_Momento Eventos' is clicked on

2022-02-23 15:02:45 - [MESSAGE][PASSED] - Object: 'Object Repository/Modulo Pruebas Bienestar/Crear_un_Evento/a_Momento Eventos' is clicked on

2022-02-23 15:02:45 - [TEST_STEP][PASSED] - if (waitForElementClickable(findTestObject("Modulo Pruebas Bienestar/Crear_un_Evento/td_prueba-S-SH1"), 1)): null

2022-02-23 15:02:46 - [MESSAGE][PASSED] - Object 'Object Repository/Modulo Pruebas Bienestar/Crear_un_Evento/td_prueba-S-SH1' is clickable

2022-02-23 15:02:46 - [TEST_STEP][PASSED] - click(findTestObject("Modulo Pruebas Bienestar/Crear_un_Evento/td_prueba-S-SH1")): Object: 'Object Repository/Modulo Pruebas Bienestar/Crear_un_Evento/td_prueba-S-SH1' is clicked on

2022-02-23 15:02:46 - [MESSAGE][PASSED] - Object: 'Object Repository/Modulo Pruebas Bienestar/Crear_un_Evento/td_prueba-S-SH1' is clicked on

2022-02-23 15:02:46 - [TEST_STEP][PASSED] - if (waitForElementVisible(findTestObject("Modulo Pruebas Bienestar/Crear_un_Evento/a_MAR-MIE 0500-0600_popupMomentoEvento_formtablaMomentoEventoHorarioPopup0j_idt1586"), 1)): null

2022-02-23 15:02:48 - [MESSAGE][PASSED] - Object 'Object Repository/Modulo Pruebas Bienestar/Crear_un_Evento/a_MAR-MIE 0500-0600_popupMomentoEvento_formtablaMomentoEventoHorarioPopup0j_idt1586' is visible

2022-02-23 15:02:48 - [TEST_STEP][PASSED] - click(findTestObject("Modulo Pruebas Bienestar/Crear_un_Evento/a_MAR-MIE 0500-0600_popupMomentoEvento_formtablaMomentoEventoHorarioPopup0j_idt1586"), STOP_ON_FAILURE): Object: 'Object Repository/Modulo Pruebas Bienestar/Crear_un_Evento/a_MAR-MIE 0500-0600_popupMomentoEvento_formtablaMomentoEventoHorarioPopup0j_idt1586' is clicked on

2022-02-23 15:02:48 - [MESSAGE][PASSED] - Object: 'Object Repository/Modulo Pruebas Bienestar/Crear_un_Evento/a_MAR-MIE 0500-0600_popupMomentoEvento_formtablaMomentoEventoHorarioPopup0j_idt1586' is clicked on

2022-02-23 15:02:48 - [TEST_STEP][PASSED] - click(findTestObject("Modulo Pruebas Bienestar/Crear_un_Evento/a_Aceptar_eliminar_momentoE0")): Object: 'Object Repository/Modulo Pruebas Bienestar/Crear_un_Evento/a_Aceptar_eliminar_momentoE0' is clicked on

2022-02-23 15:02:49 - [MESSAGE][PASSED] - Object: 'Object Repository/Modulo Pruebas Bienestar/Crear_un_Evento/a_Aceptar_eliminar_momentoE0' is clicked on

2022-02-23 15:02:49 - [TEST_STEP][PASSED] - click(findTestObject("Modulo Pruebas Bienestar/Crear_un_Evento/a_Eliminar_momentoE")): Object: 'Object Repository/Modulo Pruebas Bienestar/Crear_un_Evento/a_Eliminar_momentoE' is clicked on

2022-02-23 15:02:50 - [MESSAGE][PASSED] - Object: 'Object Repository/Modulo Pruebas Bienestar/Crear_un_Evento/a_Eliminar_momentoE' is clicked on

2022-02-23 15:02:50 - [TEST_STEP][PASSED] - click(findTestObject("Modulo Pruebas Bienestar/Crear_un_Evento/a_Aceptar_eliminar_momentoE")): Object: 'Object Repository/Modulo Pruebas Bienestar/Crear_un_Evento/a_Aceptar_eliminar_momentoE' is clicked on

2022-02-23 15:02:51 - [MESSAGE][PASSED] - Object: 'Object Repository/Modulo Pruebas Bienestar/Crear_un_Evento/a_Aceptar_eliminar_momentoE' is clicked on

2022-02-23 15:02:51 - [TEST_STEP][PASSED] - click(findTestObject("Modulo Pruebas Bienestar/Crear_un_Evento/a_Publicacin")): Object: 'Object Repository/Modulo Pruebas Bienestar/Crear_un_Evento/a_Publicacin' is clicked on

2022-02-23 15:02:52 - [MESSAGE][PASSED] - Object: 'Object Repository/Modulo Pruebas Bienestar/Crear_un_Evento/a_Publicacin' is clicked on

2022-02-23 15:02:52 - [TEST_STEP][PASSED] - if (waitForElementVisible(findTestObject("Modulo Pruebas Bienestar/Crear_un_Evento/a_Eliminar_http"), 1)): null

2022-02-23 15:02:53 - [MESSAGE][PASSED] - Object 'Object Repository/Modulo Pruebas Bienestar/Crear_un_Evento/a_Eliminar_http' is visible

2022-02-23 15:02:53 - [TEST_STEP][PASSED] - click(findTestObject("Modulo Pruebas Bienestar/Crear_un_Evento/a_Eliminar_http")): Object: 'Object Repository/Modulo Pruebas Bienestar/Crear_un_Evento/a_Eliminar_http' is clicked on

2022-02-23 15:02:53 - [MESSAGE][PASSED] - Object: 'Object Repository/Modulo Pruebas Bienestar/Crear_un_Evento/a_Eliminar_http' is clicked on

2022-02-23 15:02:53 - [TEST_STEP][PASSED] - click(findTestObject("Modulo Pruebas Bienestar/Crear_un_Evento/span_Si")): Object: 'Object Repository/Modulo Pruebas Bienestar/Crear_un_Evento/span_Si' is clicked on

2022-02-23 15:02:54 - [MESSAGE][PASSED] - Object: 'Object Repository/Modulo Pruebas Bienestar/Crear_un_Evento/span_Si' is clicked on

2022-02-23 15:02:54 - [TEST_STEP][PASSED] - click(findTestObject("Modulo Pruebas Bienestar/Crear_un_Evento/a_Entidades")): Object: 'Object Repository/Modulo Pruebas Bienestar/Crear_un_Evento/a_Entidades' is clicked on

2022-02-23 15:02:55 - [MESSAGE][PASSED] - Object: 'Object Repository/Modulo Pruebas Bienestar/Crear_un_Evento/a_Entidades' is clicked on

2022-02-23 15:02:55 - [TEST_STEP][PASSED] - if (waitForElementVisible(findTestObject("Modulo Pruebas Bienestar/Crear_un_Evento/a_US_form_entidadlistaEntidades0j_idt630"), 1)): Web element with id: 'Object Repository/Modulo Pruebas Bienestar/Crear_un_Evento/a_US_form_entidadlistaEntidades0j_idt630' located by '//div/div/table/tbody/tr/td[2]/a' not found

2022-02-23 15:02:57 - [MESSAGE][INFO] - Unable to find the element located by 'By.xpath: //div/div/table/tbody/tr/td[2]/a'. Please recheck the objects properties to make sure the desired element is located. 

2022-02-23 15:02:57 - [MESSAGE][WARNING] - Web element with id: 'Object Repository/Modulo Pruebas Bienestar/Crear_un_Evento/a_US_form_entidadlistaEntidades0j_idt630' located by '//div/div/table/tbody/tr/td[2]/a' not found

2022-02-23 15:02:57 - [TEST_STEP][PASSED] - click(findTestObject("Modulo Pruebas Bienestar/Crear_un_Evento/a_DirigidoA")): Object: 'Object Repository/Modulo Pruebas Bienestar/Crear_un_Evento/a_DirigidoA' is clicked on

2022-02-23 15:02:57 - [MESSAGE][PASSED] - Object: 'Object Repository/Modulo Pruebas Bienestar/Crear_un_Evento/a_DirigidoA' is clicked on

2022-02-23 15:02:57 - [TEST_STEP][PASSED] - if (waitForElementVisible(findTestObject("Modulo Pruebas Bienestar/Crear_un_Evento/a_Edad_form_condicionDerechoTipoBeneftabla_ventanaCDTB0j_idt797"), 1)): Web element with id: 'Object Repository/Modulo Pruebas Bienestar/Crear_un_Evento/a_Edad_form_condicionDerechoTipoBeneftabla_ventanaCDTB0j_idt797' located by '//div/div/table/tbody/tr/td[3]/a' not found

2022-02-23 15:02:59 - [MESSAGE][INFO] - Unable to find the element located by 'By.xpath: //div/div/table/tbody/tr/td[3]/a'. Please recheck the objects properties to make sure the desired element is located. 

2022-02-23 15:02:59 - [MESSAGE][WARNING] - Web element with id: 'Object Repository/Modulo Pruebas Bienestar/Crear_un_Evento/a_Edad_form_condicionDerechoTipoBeneftabla_ventanaCDTB0j_idt797' located by '//div/div/table/tbody/tr/td[3]/a' not found

2022-02-23 15:02:59 - [TEST_STEP][PASSED] - click(findTestObject("Modulo Pruebas Bienestar/Crear_un_Evento/div_Recursos")): Object: 'Object Repository/Modulo Pruebas Bienestar/Crear_un_Evento/div_Recursos' is clicked on

2022-02-23 15:03:00 - [MESSAGE][PASSED] - Object: 'Object Repository/Modulo Pruebas Bienestar/Crear_un_Evento/div_Recursos' is clicked on

2022-02-23 15:03:00 - [TEST_STEP][PASSED] - click(findTestObject("Modulo Pruebas Bienestar/Crear_un_Evento/a_Logsticos")): Object: 'Object Repository/Modulo Pruebas Bienestar/Crear_un_Evento/a_Logsticos' is clicked on

2022-02-23 15:03:00 - [MESSAGE][PASSED] - Object: 'Object Repository/Modulo Pruebas Bienestar/Crear_un_Evento/a_Logsticos' is clicked on

2022-02-23 15:03:00 - [TEST_STEP][PASSED] - if (waitForElementVisible(findTestObject("Modulo Pruebas Bienestar/Crear_un_Evento/a_INDISPENSABLE_formRecursoLogisticopanel_recursostabla_recursos0j_idt951"), 1)): Web element with id: 'Object Repository/Modulo Pruebas Bienestar/Crear_un_Evento/a_INDISPENSABLE_formRecursoLogisticopanel_recursostabla_recursos0j_idt951' located by '//div/div/table/tbody/tr/td[3]/a' not found

2022-02-23 15:03:02 - [MESSAGE][INFO] - Unable to find the element located by 'By.xpath: //div/div/table/tbody/tr/td[3]/a'. Please recheck the objects properties to make sure the desired element is located. 

2022-02-23 15:03:02 - [MESSAGE][WARNING] - Web element with id: 'Object Repository/Modulo Pruebas Bienestar/Crear_un_Evento/a_INDISPENSABLE_formRecursoLogisticopanel_recursostabla_recursos0j_idt951' located by '//div/div/table/tbody/tr/td[3]/a' not found

2022-02-23 15:03:02 - [TEST_STEP][PASSED] - click(findTestObject("Modulo Pruebas Bienestar/Crear_un_Evento/div_Evaluacin")): Object: 'Object Repository/Modulo Pruebas Bienestar/Crear_un_Evento/div_Evaluacin' is clicked on

2022-02-23 15:03:03 - [MESSAGE][PASSED] - Object: 'Object Repository/Modulo Pruebas Bienestar/Crear_un_Evento/div_Evaluacin' is clicked on

2022-02-23 15:03:03 - [TEST_STEP][PASSED] - click(findTestObject("Modulo Pruebas Bienestar/Crear_un_Evento/a_Evento0")): Object: 'Object Repository/Modulo Pruebas Bienestar/Crear_un_Evento/a_Evento0' is clicked on

2022-02-23 15:03:03 - [MESSAGE][PASSED] - Object: 'Object Repository/Modulo Pruebas Bienestar/Crear_un_Evento/a_Evento0' is clicked on

2022-02-23 15:03:03 - [TEST_STEP][PASSED] - if (waitForElementVisible(findTestObject("Modulo Pruebas Bienestar/Crear_un_Evento/a_No Diligenciada_formEventoEvaluacionpanel_eventotablaEvaluacion0j_idt885"), 1)): Web element with id: 'Object Repository/Modulo Pruebas Bienestar/Crear_un_Evento/a_No Diligenciada_formEventoEvaluacionpanel_eventotablaEvaluacion0j_idt885' located by '//td[10]/a' not found

2022-02-23 15:03:05 - [MESSAGE][INFO] - Unable to find the element located by 'By.xpath: //td[10]/a'. Please recheck the objects properties to make sure the desired element is located. 

2022-02-23 15:03:05 - [MESSAGE][WARNING] - Web element with id: 'Object Repository/Modulo Pruebas Bienestar/Crear_un_Evento/a_No Diligenciada_formEventoEvaluacionpanel_eventotablaEvaluacion0j_idt885' located by '//td[10]/a' not found

2022-02-23 15:03:05 - [TEST_STEP][PASSED] - click(findTestObject("Modulo Pruebas Bienestar/Crear_un_Evento/div_Participante")): Object: 'Object Repository/Modulo Pruebas Bienestar/Crear_un_Evento/div_Participante' is clicked on

2022-02-23 15:03:06 - [MESSAGE][PASSED] - Object: 'Object Repository/Modulo Pruebas Bienestar/Crear_un_Evento/div_Participante' is clicked on

2022-02-23 15:03:06 - [TEST_STEP][PASSED] - click(findTestObject("Modulo Pruebas Bienestar/Crear_un_Evento/a_Cambiar")): Object: 'Object Repository/Modulo Pruebas Bienestar/Crear_un_Evento/a_Cambiar' is clicked on

2022-02-23 15:03:06 - [MESSAGE][PASSED] - Object: 'Object Repository/Modulo Pruebas Bienestar/Crear_un_Evento/a_Cambiar' is clicked on

2022-02-23 15:03:06 - [TEST_STEP][PASSED] - if (waitForElementVisible(findTestObject("Modulo Pruebas Bienestar/Crear_un_Evento/td_Noborrar Usuario Portal"), 1)): null

2022-02-23 15:03:07 - [MESSAGE][PASSED] - Object 'Object Repository/Modulo Pruebas Bienestar/Crear_un_Evento/td_Noborrar Usuario Portal' is visible

2022-02-23 15:03:07 - [TEST_STEP][PASSED] - click(findTestObject("Modulo Pruebas Bienestar/Crear_un_Evento/td_Noborrar Usuario Portal")): Object: 'Object Repository/Modulo Pruebas Bienestar/Crear_un_Evento/td_Noborrar Usuario Portal' is clicked on

2022-02-23 15:03:07 - [MESSAGE][PASSED] - Object: 'Object Repository/Modulo Pruebas Bienestar/Crear_un_Evento/td_Noborrar Usuario Portal' is clicked on

2022-02-23 15:03:07 - [TEST_STEP][PASSED] - click(findTestObject("Modulo Pruebas Bienestar/Crear_un_Evento/a_Cambiar Datos")): Object: 'Object Repository/Modulo Pruebas Bienestar/Crear_un_Evento/a_Cambiar Datos' is clicked on

2022-02-23 15:03:09 - [MESSAGE][PASSED] - Object: 'Object Repository/Modulo Pruebas Bienestar/Crear_un_Evento/a_Cambiar Datos' is clicked on

2022-02-23 15:03:09 - [TEST_STEP][PASSED] - click(findTestObject("Modulo Pruebas Bienestar/Crear_un_Evento/a_Eliminar_Cambiar")): Object: 'Object Repository/Modulo Pruebas Bienestar/Crear_un_Evento/a_Eliminar_Cambiar' is clicked on

2022-02-23 15:03:10 - [MESSAGE][PASSED] - Object: 'Object Repository/Modulo Pruebas Bienestar/Crear_un_Evento/a_Eliminar_Cambiar' is clicked on

2022-02-23 15:03:10 - [TEST_STEP][PASSED] - click(findTestObject("Modulo Pruebas Bienestar/Crear_un_Evento/span_Si_Cambiar")): Object: 'Object Repository/Modulo Pruebas Bienestar/Crear_un_Evento/span_Si_Cambiar' is clicked on

2022-02-23 15:03:10 - [MESSAGE][PASSED] - Object: 'Object Repository/Modulo Pruebas Bienestar/Crear_un_Evento/span_Si_Cambiar' is clicked on

2022-02-23 15:03:10 - [TEST_STEP][PASSED] - click(findTestObject("Modulo Pruebas Bienestar/Crear_un_Evento/div_Datos Evento")): Object: 'Object Repository/Modulo Pruebas Bienestar/Crear_un_Evento/div_Datos Evento' is clicked on

2022-02-23 15:03:11 - [MESSAGE][PASSED] - Object: 'Object Repository/Modulo Pruebas Bienestar/Crear_un_Evento/div_Datos Evento' is clicked on

2022-02-23 15:03:11 - [TEST_STEP][PASSED] - click(findTestObject("Modulo Pruebas Bienestar/Crear_un_Evento/a_Registro0")): Object: 'Object Repository/Modulo Pruebas Bienestar/Crear_un_Evento/a_Registro0' is clicked on

2022-02-23 15:03:12 - [MESSAGE][PASSED] - Object: 'Object Repository/Modulo Pruebas Bienestar/Crear_un_Evento/a_Registro0' is clicked on

2022-02-23 15:03:12 - [TEST_STEP][PASSED] - click(findTestObject("Modulo Pruebas Bienestar/Crear_un_Evento/a_Eliminar")): Object: 'Object Repository/Modulo Pruebas Bienestar/Crear_un_Evento/a_Eliminar' is clicked on

2022-02-23 15:03:13 - [MESSAGE][PASSED] - Object: 'Object Repository/Modulo Pruebas Bienestar/Crear_un_Evento/a_Eliminar' is clicked on

2022-02-23 15:03:13 - [TEST_STEP][PASSED] - click(findTestObject("Modulo Pruebas Bienestar/Crear_un_Evento/a_Aceptar2")): Object: 'Object Repository/Modulo Pruebas Bienestar/Crear_un_Evento/a_Aceptar2' is clicked on

2022-02-23 15:03:14 - [MESSAGE][PASSED] - Object: 'Object Repository/Modulo Pruebas Bienestar/Crear_un_Evento/a_Aceptar2' is clicked on

2022-02-23 15:03:14 - [TEST_STEP][PASSED] - click(findTestObject("Modulo Pruebas Bienestar/Crear_un_Evento/a_Nuevo")): Object: 'Object Repository/Modulo Pruebas Bienestar/Crear_un_Evento/a_Nuevo' is clicked on

2022-02-23 15:03:14 - [MESSAGE][PASSED] - Object: 'Object Repository/Modulo Pruebas Bienestar/Crear_un_Evento/a_Nuevo' is clicked on

2022-02-23 15:03:14 - [TEST_STEP][PASSED] - selectOptionByIndex(findTestObject("Modulo Pruebas Bienestar/Crear_un_Evento/select_-- Seleccione --aprea de Saludrea Formativarea Deportivarea de cienciasrea Social"), 3): All options with index in [3] are selected on object 'Object Repository/Modulo Pruebas Bienestar/Crear_un_Evento/select_-- Seleccione --aprea de Saludrea Formativarea Deportivarea de cienciasrea Social'

2022-02-23 15:03:16 - [MESSAGE][PASSED] - All options with index in [3] are selected on object 'Object Repository/Modulo Pruebas Bienestar/Crear_un_Evento/select_-- Seleccione --aprea de Saludrea Formativarea Deportivarea de cienciasrea Social'

2022-02-23 15:03:16 - [TEST_STEP][PASSED] - selectOptionByIndex(findTestObject("Modulo Pruebas Bienestar/Crear_un_Evento/select_-- Seleccione --Promocin y prevencinActivate Acompaamiento psicosocial Semana de la SaludSeguimiento puestos de trabajo"), "1"): All options with index in [1] are selected on object 'Object Repository/Modulo Pruebas Bienestar/Crear_un_Evento/select_-- Seleccione --Promocin y prevencinActivate Acompaamiento psicosocial Semana de la SaludSeguimiento puestos de trabajo'

2022-02-23 15:03:17 - [MESSAGE][PASSED] - All options with index in [1] are selected on object 'Object Repository/Modulo Pruebas Bienestar/Crear_un_Evento/select_-- Seleccione --Promocin y prevencinActivate Acompaamiento psicosocial Semana de la SaludSeguimiento puestos de trabajo'

2022-02-23 15:03:17 - [TEST_STEP][PASSED] - selectOptionByIndex(findTestObject("Modulo Pruebas Bienestar/Crear_un_Evento/select_-- Seleccione --Evento grupo Bienestar MultipleEvento Grupo Bienestar Multiple SIEvento Grupo Bienestar nicoEvento Individual Multiple SS"), 5): All options with index in [5] are selected on object 'Object Repository/Modulo Pruebas Bienestar/Crear_un_Evento/select_-- Seleccione --Evento grupo Bienestar MultipleEvento Grupo Bienestar Multiple SIEvento Grupo Bienestar nicoEvento Individual Multiple SS'

2022-02-23 15:03:19 - [MESSAGE][PASSED] - All options with index in [5] are selected on object 'Object Repository/Modulo Pruebas Bienestar/Crear_un_Evento/select_-- Seleccione --Evento grupo Bienestar MultipleEvento Grupo Bienestar Multiple SIEvento Grupo Bienestar nicoEvento Individual Multiple SS'

2022-02-23 15:03:19 - [TEST_STEP][PASSED] - waitForElementClickable(findTestObject("Modulo Pruebas Bienestar/Crear_un_Evento/a_Aplicar"), 0): Object 'Object Repository/Modulo Pruebas Bienestar/Crear_un_Evento/a_Aplicar' is clickable

2022-02-23 15:03:19 - [MESSAGE][WARNING] - Timeout '0' is invalid. Using default page load timeout: '30'

2022-02-23 15:03:19 - [MESSAGE][PASSED] - Object 'Object Repository/Modulo Pruebas Bienestar/Crear_un_Evento/a_Aplicar' is clickable

2022-02-23 15:03:19 - [TEST_STEP][PASSED] - click(findTestObject("Modulo Pruebas Bienestar/Crear_un_Evento/a_Aplicar")): Object: 'Object Repository/Modulo Pruebas Bienestar/Crear_un_Evento/a_Aplicar' is clicked on

2022-02-23 15:03:20 - [MESSAGE][PASSED] - Object: 'Object Repository/Modulo Pruebas Bienestar/Crear_un_Evento/a_Aplicar' is clicked on

2022-02-23 15:03:20 - [TEST_STEP][PASSED] - waitForElementClickable(findTestObject("Modulo Pruebas Bienestar/Crear_un_Evento/input_Nombre_formEventosfENombre"), 0): Object 'Object Repository/Modulo Pruebas Bienestar/Crear_un_Evento/input_Nombre_formEventosfENombre' is clickable

2022-02-23 15:03:20 - [MESSAGE][WARNING] - Timeout '0' is invalid. Using default page load timeout: '30'

2022-02-23 15:03:21 - [MESSAGE][PASSED] - Object 'Object Repository/Modulo Pruebas Bienestar/Crear_un_Evento/input_Nombre_formEventosfENombre' is clickable

2022-02-23 15:03:21 - [TEST_STEP][PASSED] - setText(findTestObject("Modulo Pruebas Bienestar/Crear_un_Evento/input_Nombre_formEventosfENombre"), "Prueba-S"): Text 'Prueba-S' is set on object 'Object Repository/Modulo Pruebas Bienestar/Crear_un_Evento/input_Nombre_formEventosfENombre'

2022-02-23 15:03:22 - [MESSAGE][PASSED] - Text 'Prueba-S' is set on object 'Object Repository/Modulo Pruebas Bienestar/Crear_un_Evento/input_Nombre_formEventosfENombre'

2022-02-23 15:03:22 - [TEST_STEP][PASSED] - setText(findTestObject("Modulo Pruebas Bienestar/Crear_un_Evento/input_Inicial Desarrollo_formEventosfechaIn_input"), FechaI): Text '23/2/2022' is set on object 'Object Repository/Modulo Pruebas Bienestar/Crear_un_Evento/input_Inicial Desarrollo_formEventosfechaIn_input'

2022-02-23 15:03:22 - [MESSAGE][PASSED] - Text '23/2/2022' is set on object 'Object Repository/Modulo Pruebas Bienestar/Crear_un_Evento/input_Inicial Desarrollo_formEventosfechaIn_input'

2022-02-23 15:03:22 - [TEST_STEP][PASSED] - setText(findTestObject("Modulo Pruebas Bienestar/Crear_un_Evento/input_Final Desarrollo_formEventosfechaFin_input"), FechaF): Text '10/3/2022' is set on object 'Object Repository/Modulo Pruebas Bienestar/Crear_un_Evento/input_Final Desarrollo_formEventosfechaFin_input'

2022-02-23 15:03:23 - [MESSAGE][PASSED] - Text '10/3/2022' is set on object 'Object Repository/Modulo Pruebas Bienestar/Crear_un_Evento/input_Final Desarrollo_formEventosfechaFin_input'

2022-02-23 15:03:23 - [TEST_STEP][PASSED] - click(findTestObject("Modulo Pruebas Bienestar/Crear_un_Evento/a_Guardar")): Object: 'Object Repository/Modulo Pruebas Bienestar/Crear_un_Evento/a_Guardar' is clicked on

2022-02-23 15:03:24 - [MESSAGE][PASSED] - Object: 'Object Repository/Modulo Pruebas Bienestar/Crear_un_Evento/a_Guardar' is clicked on

2022-02-23 15:03:24 - [TEST_STEP][PASSED] - click(findTestObject("Modulo Pruebas Bienestar/Crear_un_Evento/a_Momento Eventos")): Object: 'Object Repository/Modulo Pruebas Bienestar/Crear_un_Evento/a_Momento Eventos' is clicked on

2022-02-23 15:03:26 - [MESSAGE][PASSED] - Object: 'Object Repository/Modulo Pruebas Bienestar/Crear_un_Evento/a_Momento Eventos' is clicked on

2022-02-23 15:03:26 - [TEST_STEP][PASSED] - click(findTestObject("Modulo Pruebas Bienestar/Crear_un_Evento/a_Nuevo1")): Object: 'Object Repository/Modulo Pruebas Bienestar/Crear_un_Evento/a_Nuevo1' is clicked on

2022-02-23 15:03:27 - [MESSAGE][PASSED] - Object: 'Object Repository/Modulo Pruebas Bienestar/Crear_un_Evento/a_Nuevo1' is clicked on

2022-02-23 15:03:27 - [TEST_STEP][PASSED] - setText(findTestObject("Modulo Pruebas Bienestar/Crear_un_Evento/input_Cdigo_popupMomentoEvento_formcodigo"), "355682169"): Text '355682169' is set on object 'Object Repository/Modulo Pruebas Bienestar/Crear_un_Evento/input_Cdigo_popupMomentoEvento_formcodigo'

2022-02-23 15:03:29 - [MESSAGE][PASSED] - Text '355682169' is set on object 'Object Repository/Modulo Pruebas Bienestar/Crear_un_Evento/input_Cdigo_popupMomentoEvento_formcodigo'

2022-02-23 15:03:29 - [TEST_STEP][PASSED] - setText(findTestObject("Modulo Pruebas Bienestar/Crear_un_Evento/input_Nombre_popupMomentoEvento_formpMENombre"), "prueba"): Text 'prueba' is set on object 'Object Repository/Modulo Pruebas Bienestar/Crear_un_Evento/input_Nombre_popupMomentoEvento_formpMENombre'

2022-02-23 15:03:29 - [MESSAGE][PASSED] - Text 'prueba' is set on object 'Object Repository/Modulo Pruebas Bienestar/Crear_un_Evento/input_Nombre_popupMomentoEvento_formpMENombre'

2022-02-23 15:03:29 - [TEST_STEP][PASSED] - selectOptionByIndex(findTestObject("Modulo Pruebas Bienestar/Crear_un_Evento/select_-- Seleccione --ESCENARIO DE PRUEBASALON 1"), 1): All options with index in [1] are selected on object 'Object Repository/Modulo Pruebas Bienestar/Crear_un_Evento/select_-- Seleccione --ESCENARIO DE PRUEBASALON 1'

2022-02-23 15:03:31 - [MESSAGE][PASSED] - All options with index in [1] are selected on object 'Object Repository/Modulo Pruebas Bienestar/Crear_un_Evento/select_-- Seleccione --ESCENARIO DE PRUEBASALON 1'

2022-02-23 15:03:31 - [TEST_STEP][PASSED] - selectOptionByIndex(findTestObject("Modulo Pruebas Bienestar/Crear_un_Evento/select_-- Seleccione --FemeninaMasculinaMixta"), 3): All options with index in [3] are selected on object 'Object Repository/Modulo Pruebas Bienestar/Crear_un_Evento/select_-- Seleccione --FemeninaMasculinaMixta'

2022-02-23 15:03:32 - [MESSAGE][PASSED] - All options with index in [3] are selected on object 'Object Repository/Modulo Pruebas Bienestar/Crear_un_Evento/select_-- Seleccione --FemeninaMasculinaMixta'

2022-02-23 15:03:32 - [TEST_STEP][PASSED] - selectOptionByIndex(findTestObject("Modulo Pruebas Bienestar/Crear_un_Evento/select_-- Seleccione --Nivel BsicoNivel IntermedionicoNivel Avanzado"), 1): All options with index in [1] are selected on object 'Object Repository/Modulo Pruebas Bienestar/Crear_un_Evento/select_-- Seleccione --Nivel BsicoNivel IntermedionicoNivel Avanzado'

2022-02-23 15:03:33 - [MESSAGE][PASSED] - All options with index in [1] are selected on object 'Object Repository/Modulo Pruebas Bienestar/Crear_un_Evento/select_-- Seleccione --Nivel BsicoNivel IntermedionicoNivel Avanzado'

2022-02-23 15:03:33 - [TEST_STEP][PASSED] - setText(findTestObject("Modulo Pruebas Bienestar/Crear_un_Evento/input_Cupo Mximo_popupMomentoEvento_formpMECupoMaximo"), "150"): Text '150' is set on object 'Object Repository/Modulo Pruebas Bienestar/Crear_un_Evento/input_Cupo Mximo_popupMomentoEvento_formpMECupoMaximo'

2022-02-23 15:03:33 - [MESSAGE][PASSED] - Text '150' is set on object 'Object Repository/Modulo Pruebas Bienestar/Crear_un_Evento/input_Cupo Mximo_popupMomentoEvento_formpMECupoMaximo'

2022-02-23 15:03:33 - [TEST_STEP][PASSED] - setText(findTestObject("Modulo Pruebas Bienestar/Crear_un_Evento/input_Cupo Minimo_popupMomentoEvento_formpMECupoMinimo"), "1"): Text '1' is set on object 'Object Repository/Modulo Pruebas Bienestar/Crear_un_Evento/input_Cupo Minimo_popupMomentoEvento_formpMECupoMinimo'

2022-02-23 15:03:34 - [MESSAGE][PASSED] - Text '1' is set on object 'Object Repository/Modulo Pruebas Bienestar/Crear_un_Evento/input_Cupo Minimo_popupMomentoEvento_formpMECupoMinimo'

2022-02-23 15:03:34 - [TEST_STEP][PASSED] - selectOptionByIndex(findTestObject("Modulo Pruebas Bienestar/Crear_un_Evento/select_-- Seleccione --CanceladoProgramada"), 2): All options with index in [2] are selected on object 'Object Repository/Modulo Pruebas Bienestar/Crear_un_Evento/select_-- Seleccione --CanceladoProgramada'

2022-02-23 15:03:35 - [MESSAGE][PASSED] - All options with index in [2] are selected on object 'Object Repository/Modulo Pruebas Bienestar/Crear_un_Evento/select_-- Seleccione --CanceladoProgramada'

2022-02-23 15:03:35 - [TEST_STEP][PASSED] - setText(findTestObject("Modulo Pruebas Bienestar/Crear_un_Evento/input_Inscripcin Inicial_popupMomentoEvento_formpMEInscripcionInicia_input"), FechaI): Text '23/2/2022' is set on object 'Object Repository/Modulo Pruebas Bienestar/Crear_un_Evento/input_Inscripcin Inicial_popupMomentoEvento_formpMEInscripcionInicia_input'

2022-02-23 15:03:36 - [MESSAGE][PASSED] - Text '23/2/2022' is set on object 'Object Repository/Modulo Pruebas Bienestar/Crear_un_Evento/input_Inscripcin Inicial_popupMomentoEvento_formpMEInscripcionInicia_input'

2022-02-23 15:03:36 - [TEST_STEP][PASSED] - setText(findTestObject("Modulo Pruebas Bienestar/Crear_un_Evento/input_Inscripcin Termina_popupMomentoEvento_formpMEInscripcionFinaliza_input"), FechaF): Text '10/3/2022' is set on object 'Object Repository/Modulo Pruebas Bienestar/Crear_un_Evento/input_Inscripcin Termina_popupMomentoEvento_formpMEInscripcionFinaliza_input'

2022-02-23 15:03:37 - [MESSAGE][PASSED] - Text '10/3/2022' is set on object 'Object Repository/Modulo Pruebas Bienestar/Crear_un_Evento/input_Inscripcin Termina_popupMomentoEvento_formpMEInscripcionFinaliza_input'

2022-02-23 15:03:37 - [TEST_STEP][PASSED] - click(findTestObject("Modulo Pruebas Bienestar/Crear_un_Evento/a_Guardar1")): Object: 'Object Repository/Modulo Pruebas Bienestar/Crear_un_Evento/a_Guardar1' is clicked on

2022-02-23 15:03:38 - [MESSAGE][PASSED] - Object: 'Object Repository/Modulo Pruebas Bienestar/Crear_un_Evento/a_Guardar1' is clicked on

2022-02-23 15:03:38 - [TEST_STEP][PASSED] - click(findTestObject("Modulo Pruebas Bienestar/Crear_un_Evento/a_Regresar")): Object: 'Object Repository/Modulo Pruebas Bienestar/Crear_un_Evento/a_Regresar' is clicked on

2022-02-23 15:03:38 - [MESSAGE][PASSED] - Object: 'Object Repository/Modulo Pruebas Bienestar/Crear_un_Evento/a_Regresar' is clicked on

2022-02-23 15:03:38 - [TEST_STEP][PASSED] - click(findTestObject("Modulo Pruebas Bienestar/Crear_un_Evento/a_Nuevo")): Object: 'Object Repository/Modulo Pruebas Bienestar/Crear_un_Evento/a_Nuevo' is clicked on

2022-02-23 15:03:39 - [MESSAGE][PASSED] - Object: 'Object Repository/Modulo Pruebas Bienestar/Crear_un_Evento/a_Nuevo' is clicked on

2022-02-23 15:03:39 - [TEST_STEP][PASSED] - selectOptionByIndex(findTestObject("Modulo Pruebas Bienestar/Crear_un_Evento/select_-- Seleccione --aprea de Saludrea Formativarea Deportivarea de cienciasrea Social"), 5): All options with index in [5] are selected on object 'Object Repository/Modulo Pruebas Bienestar/Crear_un_Evento/select_-- Seleccione --aprea de Saludrea Formativarea Deportivarea de cienciasrea Social'

2022-02-23 15:03:41 - [MESSAGE][PASSED] - All options with index in [5] are selected on object 'Object Repository/Modulo Pruebas Bienestar/Crear_un_Evento/select_-- Seleccione --aprea de Saludrea Formativarea Deportivarea de cienciasrea Social'

2022-02-23 15:03:41 - [TEST_STEP][PASSED] - selectOptionByIndex(findTestObject("Modulo Pruebas Bienestar/Crear_un_Evento/select_-- Seleccione --Promocin y prevencinActivate Acompaamiento psicosocial Semana de la SaludSeguimiento puestos de trabajo"), "1"): All options with index in [1] are selected on object 'Object Repository/Modulo Pruebas Bienestar/Crear_un_Evento/select_-- Seleccione --Promocin y prevencinActivate Acompaamiento psicosocial Semana de la SaludSeguimiento puestos de trabajo'

2022-02-23 15:03:42 - [MESSAGE][PASSED] - All options with index in [1] are selected on object 'Object Repository/Modulo Pruebas Bienestar/Crear_un_Evento/select_-- Seleccione --Promocin y prevencinActivate Acompaamiento psicosocial Semana de la SaludSeguimiento puestos de trabajo'

2022-02-23 15:03:42 - [TEST_STEP][PASSED] - selectOptionByIndex(findTestObject("Modulo Pruebas Bienestar/Crear_un_Evento/select_-- Seleccione --Evento grupo Bienestar MultipleEvento Grupo Bienestar Multiple SIEvento Grupo Bienestar nicoEvento Individual Multiple SS"), 2): All options with index in [2] are selected on object 'Object Repository/Modulo Pruebas Bienestar/Crear_un_Evento/select_-- Seleccione --Evento grupo Bienestar MultipleEvento Grupo Bienestar Multiple SIEvento Grupo Bienestar nicoEvento Individual Multiple SS'

2022-02-23 15:03:43 - [MESSAGE][PASSED] - All options with index in [2] are selected on object 'Object Repository/Modulo Pruebas Bienestar/Crear_un_Evento/select_-- Seleccione --Evento grupo Bienestar MultipleEvento Grupo Bienestar Multiple SIEvento Grupo Bienestar nicoEvento Individual Multiple SS'

2022-02-23 15:03:43 - [TEST_STEP][PASSED] - click(findTestObject("Modulo Pruebas Bienestar/Crear_un_Evento/a_Aplicar")): Object: 'Object Repository/Modulo Pruebas Bienestar/Crear_un_Evento/a_Aplicar' is clicked on

2022-02-23 15:03:44 - [MESSAGE][PASSED] - Object: 'Object Repository/Modulo Pruebas Bienestar/Crear_un_Evento/a_Aplicar' is clicked on

2022-02-23 15:03:44 - [TEST_STEP][PASSED] - waitForElementClickable(findTestObject("Modulo Pruebas Bienestar/Crear_un_Evento/input_Nombre_formEventosfENombre"), 0): Object 'Object Repository/Modulo Pruebas Bienestar/Crear_un_Evento/input_Nombre_formEventosfENombre' is clickable

2022-02-23 15:03:44 - [MESSAGE][WARNING] - Timeout '0' is invalid. Using default page load timeout: '30'

2022-02-23 15:03:46 - [MESSAGE][PASSED] - Object 'Object Repository/Modulo Pruebas Bienestar/Crear_un_Evento/input_Nombre_formEventosfENombre' is clickable

2022-02-23 15:03:46 - [TEST_STEP][PASSED] - setText(findTestObject("Modulo Pruebas Bienestar/Crear_un_Evento/input_Nombre_formEventosfENombre"), "Prueba-S-SH"): Text 'Prueba-S-SH' is set on object 'Object Repository/Modulo Pruebas Bienestar/Crear_un_Evento/input_Nombre_formEventosfENombre'

2022-02-23 15:03:47 - [MESSAGE][PASSED] - Text 'Prueba-S-SH' is set on object 'Object Repository/Modulo Pruebas Bienestar/Crear_un_Evento/input_Nombre_formEventosfENombre'

2022-02-23 15:03:47 - [TEST_STEP][PASSED] - setText(findTestObject("Modulo Pruebas Bienestar/Crear_un_Evento/input_Inicial Desarrollo_formEventosfechaIn_input"), FechaI): Text '23/2/2022' is set on object 'Object Repository/Modulo Pruebas Bienestar/Crear_un_Evento/input_Inicial Desarrollo_formEventosfechaIn_input'

2022-02-23 15:03:48 - [MESSAGE][PASSED] - Text '23/2/2022' is set on object 'Object Repository/Modulo Pruebas Bienestar/Crear_un_Evento/input_Inicial Desarrollo_formEventosfechaIn_input'

2022-02-23 15:03:48 - [TEST_STEP][PASSED] - setText(findTestObject("Modulo Pruebas Bienestar/Crear_un_Evento/input_Final Desarrollo_formEventosfechaFin_input"), FechaF): Text '10/3/2022' is set on object 'Object Repository/Modulo Pruebas Bienestar/Crear_un_Evento/input_Final Desarrollo_formEventosfechaFin_input'

2022-02-23 15:03:49 - [MESSAGE][PASSED] - Text '10/3/2022' is set on object 'Object Repository/Modulo Pruebas Bienestar/Crear_un_Evento/input_Final Desarrollo_formEventosfechaFin_input'

2022-02-23 15:03:49 - [TEST_STEP][PASSED] - click(findTestObject("Modulo Pruebas Bienestar/Crear_un_Evento/a_Guardar")): Object: 'Object Repository/Modulo Pruebas Bienestar/Crear_un_Evento/a_Guardar' is clicked on

2022-02-23 15:03:49 - [MESSAGE][PASSED] - Object: 'Object Repository/Modulo Pruebas Bienestar/Crear_un_Evento/a_Guardar' is clicked on

2022-02-23 15:03:49 - [TEST_STEP][PASSED] - click(findTestObject("Modulo Pruebas Bienestar/Crear_un_Evento/a_Momento Eventos")): Object: 'Object Repository/Modulo Pruebas Bienestar/Crear_un_Evento/a_Momento Eventos' is clicked on

2022-02-23 15:03:50 - [MESSAGE][PASSED] - Object: 'Object Repository/Modulo Pruebas Bienestar/Crear_un_Evento/a_Momento Eventos' is clicked on

2022-02-23 15:03:50 - [TEST_STEP][PASSED] - click(findTestObject("Modulo Pruebas Bienestar/Crear_un_Evento/a_Nuevo1")): Object: 'Object Repository/Modulo Pruebas Bienestar/Crear_un_Evento/a_Nuevo1' is clicked on

2022-02-23 15:03:51 - [MESSAGE][PASSED] - Object: 'Object Repository/Modulo Pruebas Bienestar/Crear_un_Evento/a_Nuevo1' is clicked on

2022-02-23 15:03:51 - [TEST_STEP][PASSED] - setText(findTestObject("Modulo Pruebas Bienestar/Crear_un_Evento/input_Cdigo_popupMomentoEvento_formcodigo"), "355682169"): Text '355682169' is set on object 'Object Repository/Modulo Pruebas Bienestar/Crear_un_Evento/input_Cdigo_popupMomentoEvento_formcodigo'

2022-02-23 15:03:53 - [MESSAGE][PASSED] - Text '355682169' is set on object 'Object Repository/Modulo Pruebas Bienestar/Crear_un_Evento/input_Cdigo_popupMomentoEvento_formcodigo'

2022-02-23 15:03:53 - [TEST_STEP][PASSED] - setText(findTestObject("Modulo Pruebas Bienestar/Crear_un_Evento/input_Nombre_popupMomentoEvento_formpMENombre"), "prueba-S-SH"): Text 'prueba-S-SH' is set on object 'Object Repository/Modulo Pruebas Bienestar/Crear_un_Evento/input_Nombre_popupMomentoEvento_formpMENombre'

2022-02-23 15:03:54 - [MESSAGE][PASSED] - Text 'prueba-S-SH' is set on object 'Object Repository/Modulo Pruebas Bienestar/Crear_un_Evento/input_Nombre_popupMomentoEvento_formpMENombre'

2022-02-23 15:03:54 - [TEST_STEP][PASSED] - selectOptionByIndex(findTestObject("Modulo Pruebas Bienestar/Crear_un_Evento/select_-- Seleccione --ESCENARIO DE PRUEBASALON 1"), 1): All options with index in [1] are selected on object 'Object Repository/Modulo Pruebas Bienestar/Crear_un_Evento/select_-- Seleccione --ESCENARIO DE PRUEBASALON 1'

2022-02-23 15:03:55 - [MESSAGE][PASSED] - All options with index in [1] are selected on object 'Object Repository/Modulo Pruebas Bienestar/Crear_un_Evento/select_-- Seleccione --ESCENARIO DE PRUEBASALON 1'

2022-02-23 15:03:55 - [TEST_STEP][PASSED] - selectOptionByIndex(findTestObject("Modulo Pruebas Bienestar/Crear_un_Evento/select_-- Seleccione --FemeninaMasculinaMixta"), 3): All options with index in [3] are selected on object 'Object Repository/Modulo Pruebas Bienestar/Crear_un_Evento/select_-- Seleccione --FemeninaMasculinaMixta'

2022-02-23 15:03:56 - [MESSAGE][PASSED] - All options with index in [3] are selected on object 'Object Repository/Modulo Pruebas Bienestar/Crear_un_Evento/select_-- Seleccione --FemeninaMasculinaMixta'

2022-02-23 15:03:56 - [TEST_STEP][PASSED] - selectOptionByIndex(findTestObject("Modulo Pruebas Bienestar/Crear_un_Evento/select_-- Seleccione --Nivel BsicoNivel IntermedionicoNivel Avanzado"), 1): All options with index in [1] are selected on object 'Object Repository/Modulo Pruebas Bienestar/Crear_un_Evento/select_-- Seleccione --Nivel BsicoNivel IntermedionicoNivel Avanzado'

2022-02-23 15:03:57 - [MESSAGE][PASSED] - All options with index in [1] are selected on object 'Object Repository/Modulo Pruebas Bienestar/Crear_un_Evento/select_-- Seleccione --Nivel BsicoNivel IntermedionicoNivel Avanzado'

2022-02-23 15:03:57 - [TEST_STEP][PASSED] - setText(findTestObject("Modulo Pruebas Bienestar/Crear_un_Evento/input_Cupo Mximo_popupMomentoEvento_formpMECupoMaximo"), "150"): Text '150' is set on object 'Object Repository/Modulo Pruebas Bienestar/Crear_un_Evento/input_Cupo Mximo_popupMomentoEvento_formpMECupoMaximo'

2022-02-23 15:03:58 - [MESSAGE][PASSED] - Text '150' is set on object 'Object Repository/Modulo Pruebas Bienestar/Crear_un_Evento/input_Cupo Mximo_popupMomentoEvento_formpMECupoMaximo'

2022-02-23 15:03:58 - [TEST_STEP][PASSED] - setText(findTestObject("Modulo Pruebas Bienestar/Crear_un_Evento/input_Cupo Minimo_popupMomentoEvento_formpMECupoMinimo"), "1"): Text '1' is set on object 'Object Repository/Modulo Pruebas Bienestar/Crear_un_Evento/input_Cupo Minimo_popupMomentoEvento_formpMECupoMinimo'

2022-02-23 15:03:58 - [MESSAGE][PASSED] - Text '1' is set on object 'Object Repository/Modulo Pruebas Bienestar/Crear_un_Evento/input_Cupo Minimo_popupMomentoEvento_formpMECupoMinimo'

2022-02-23 15:03:58 - [TEST_STEP][PASSED] - selectOptionByIndex(findTestObject("Modulo Pruebas Bienestar/Crear_un_Evento/select_-- Seleccione --Canizalez Acero Marta BrigitteMendoza 1010 Empleado"), 2): All options with index in [2] are selected on object 'Object Repository/Modulo Pruebas Bienestar/Crear_un_Evento/select_-- Seleccione --Canizalez Acero Marta BrigitteMendoza 1010 Empleado'

2022-02-23 15:03:59 - [MESSAGE][PASSED] - All options with index in [2] are selected on object 'Object Repository/Modulo Pruebas Bienestar/Crear_un_Evento/select_-- Seleccione --Canizalez Acero Marta BrigitteMendoza 1010 Empleado'

2022-02-23 15:03:59 - [TEST_STEP][PASSED] - selectOptionByIndex(findTestObject("Modulo Pruebas Bienestar/Crear_un_Evento/select_-- Seleccione --CanceladoProgramada"), 2): All options with index in [2] are selected on object 'Object Repository/Modulo Pruebas Bienestar/Crear_un_Evento/select_-- Seleccione --CanceladoProgramada'

2022-02-23 15:04:01 - [MESSAGE][PASSED] - All options with index in [2] are selected on object 'Object Repository/Modulo Pruebas Bienestar/Crear_un_Evento/select_-- Seleccione --CanceladoProgramada'

2022-02-23 15:04:01 - [TEST_STEP][PASSED] - setText(findTestObject("Modulo Pruebas Bienestar/Crear_un_Evento/input_Inscripcin Inicial_popupMomentoEvento_formpMEInscripcionInicia_input"), FechaI): Text '23/2/2022' is set on object 'Object Repository/Modulo Pruebas Bienestar/Crear_un_Evento/input_Inscripcin Inicial_popupMomentoEvento_formpMEInscripcionInicia_input'

2022-02-23 15:04:01 - [MESSAGE][PASSED] - Text '23/2/2022' is set on object 'Object Repository/Modulo Pruebas Bienestar/Crear_un_Evento/input_Inscripcin Inicial_popupMomentoEvento_formpMEInscripcionInicia_input'

2022-02-23 15:04:01 - [TEST_STEP][PASSED] - setText(findTestObject("Modulo Pruebas Bienestar/Crear_un_Evento/input_Inscripcin Termina_popupMomentoEvento_formpMEInscripcionFinaliza_input"), FechaF): Text '10/3/2022' is set on object 'Object Repository/Modulo Pruebas Bienestar/Crear_un_Evento/input_Inscripcin Termina_popupMomentoEvento_formpMEInscripcionFinaliza_input'

2022-02-23 15:04:02 - [MESSAGE][PASSED] - Text '10/3/2022' is set on object 'Object Repository/Modulo Pruebas Bienestar/Crear_un_Evento/input_Inscripcin Termina_popupMomentoEvento_formpMEInscripcionFinaliza_input'

2022-02-23 15:04:02 - [TEST_STEP][PASSED] - click(findTestObject("Modulo Pruebas Bienestar/Crear_un_Evento/a_Guardar1")): Object: 'Object Repository/Modulo Pruebas Bienestar/Crear_un_Evento/a_Guardar1' is clicked on

2022-02-23 15:04:03 - [MESSAGE][PASSED] - Object: 'Object Repository/Modulo Pruebas Bienestar/Crear_un_Evento/a_Guardar1' is clicked on

2022-02-23 15:04:03 - [TEST_STEP][PASSED] - click(findTestObject("Modulo Pruebas Bienestar/Crear_un_Evento/a_Regresar")): Object: 'Object Repository/Modulo Pruebas Bienestar/Crear_un_Evento/a_Regresar' is clicked on

2022-02-23 15:04:04 - [MESSAGE][PASSED] - Object: 'Object Repository/Modulo Pruebas Bienestar/Crear_un_Evento/a_Regresar' is clicked on]]></system-out>
         <system-err><![CDATA[]]></system-err>
      </testcase>
      <testcase name="Test Cases/3.1-Pruebas_Bienestar/3.1.2-Ingresar_instructores" time="21.731" classname="Test Cases/3.1-Pruebas_Bienestar/3.1.2-Ingresar_instructores" status="PASSED">
         <system-out><![CDATA[2022-02-23 15:04:04 - [TEST_CASE][PASSED] - Test Cases/3.1-Pruebas_Bienestar/3.1.2-Ingresar_instructores: Test Cases/3.1-Pruebas_Bienestar/3.1.2-Ingresar_instructores

2022-02-23 15:04:05 - [TEST_STEP][PASSED] - callTestCase(findTestCase("Utilidades-(atajos_para _tareas)/Modulos/Modulo bienestar-eventos"), [:], STOP_ON_FAILURE): Call Test Case 'Test Cases/Utilidades-(atajos_para _tareas)/Modulos/Modulo bienestar-eventos' successfully

2022-02-23 15:04:05 - [TEST_CASE][PASSED] - Test Cases/Utilidades-(atajos_para _tareas)/Modulos/Modulo bienestar-eventos: Test Cases/Utilidades-(atajos_para _tareas)/Modulos/Modulo bienestar-eventos

2022-02-23 15:04:05 - [TEST_STEP][PASSED] - callTestCase(findTestCase("0.1-Login"), [:], STOP_ON_FAILURE): Call Test Case 'Test Cases/0.1-Login' successfully

2022-02-23 15:04:05 - [TEST_CASE][PASSED] - Test Cases/0.1-Login: Test Cases/0.1-Login

2022-02-23 15:04:05 - [TEST_STEP][PASSED] - openBrowser(""): Browser is opened with url: ''

2022-02-23 15:04:05 - [MESSAGE][WARNING] - A browser is already opened. Closing browser and opening a new one

2022-02-23 15:04:06 - [MESSAGE][INFO] - Starting 'Chrome' driver

2022-02-23 15:04:06 - [MESSAGE][INFO] - Action delay is set to 0 milliseconds

2022-02-23 15:04:07 - [MESSAGE][PASSED] - Browser is opened with url: ''

2022-02-23 15:04:07 - [TEST_STEP][PASSED] - maximizeWindow(): Current window maximized

2022-02-23 15:04:07 - [MESSAGE][PASSED] - Current window maximized

2022-02-23 15:04:07 - [TEST_STEP][PASSED] - i = G_Login: null

2022-02-23 15:04:07 - [TEST_STEP][PASSED] - url = new java.net.URL(i): null

2022-02-23 15:04:07 - [TEST_STEP][PASSED] - println("URL: " + url.toString()): null

2022-02-23 15:04:07 - [TEST_STEP][PASSED] - connection = url.openConnection(): null

2022-02-23 15:04:07 - [TEST_STEP][PASSED] - connection.setRequestMethod("GET"): null

2022-02-23 15:04:07 - [TEST_STEP][PASSED] - connection.setReadTimeout(2 * 1000): null

2022-02-23 15:04:07 - [TEST_STEP][PASSED] - try: null

2022-02-23 15:04:07 - [TEST_STEP][PASSED] - connection.connect(): null

2022-02-23 15:04:07 - [TEST_STEP][PASSED] - flag = connected: null

2022-02-23 15:04:07 - [TEST_STEP][PASSED] - println("Valor_ori: " + flag): null

2022-02-23 15:04:07 - [TEST_STEP][PASSED] - if (flag): null

2022-02-23 15:04:07 - [TEST_STEP][PASSED] - navigateToUrl(i): Navigate to 'http://192.168.2.80:8380/saraweb' successfully

2022-02-23 15:04:07 - [MESSAGE][PASSED] - Navigate to 'http://192.168.2.80:8380/saraweb' successfully

2022-02-23 15:04:07 - [TEST_STEP][PASSED] - a(): null

2022-02-23 15:04:07 - [TEST_STEP][PASSED] - setText(findTestObject("Login/input_USUARIO_loginusuario"), G_Usuario): Text 'saraadmin' is set on object 'Object Repository/Login/input_USUARIO_loginusuario'

2022-02-23 15:04:08 - [MESSAGE][PASSED] - Text 'saraadmin' is set on object 'Object Repository/Login/input_USUARIO_loginusuario'

2022-02-23 15:04:08 - [TEST_STEP][PASSED] - setEncryptedText(findTestObject("Login/input_CLAVE_loginpassword"), "MkG4/TYiCFC3cb2driP7+Q=="): Text ****** has been set on object 'Object Repository/Login/input_CLAVE_loginpassword'

2022-02-23 15:04:09 - [MESSAGE][PASSED] - Text ****** has been set on object 'Object Repository/Login/input_CLAVE_loginpassword'

2022-02-23 15:04:09 - [TEST_STEP][PASSED] - waitForElementClickable(findTestObject("Login/a_Ingresar"), G_TimeOut): Object 'Object Repository/Login/a_Ingresar' is clickable

2022-02-23 15:04:09 - [MESSAGE][PASSED] - Object 'Object Repository/Login/a_Ingresar' is clickable

2022-02-23 15:04:09 - [TEST_STEP][PASSED] - click(findTestObject("Login/a_Ingresar")): Object: 'Object Repository/Login/a_Ingresar' is clicked on

2022-02-23 15:04:11 - [MESSAGE][PASSED] - Object: 'Object Repository/Login/a_Ingresar' is clicked on

2022-02-23 15:04:11 - [TEST_STEP][PASSED] - element = findWebElement(findTestObject("Login/a_Ir"), 30): null

2022-02-23 15:04:12 - [TEST_STEP][PASSED] - executeJavaScript("arguments[0].click()", Arrays.asList(element)): Execute JavaScript 'arguments[0].click()' successfully

2022-02-23 15:04:12 - [MESSAGE][PASSED] - Execute JavaScript 'arguments[0].click()' successfully

2022-02-23 15:04:12 - [MESSAGE][PASSED] - Call Test Case 'Test Cases/0.1-Login' successfully

2022-02-23 15:04:12 - [TEST_STEP][PASSED] - waitForElementClickable(findTestObject("Modulo bienestar-eventos/input_ADMINISTRADOR DEL SISTEMA"), 0): Object 'Object Repository/Modulo bienestar-eventos/input_ADMINISTRADOR DEL SISTEMA' is clickable

2022-02-23 15:04:12 - [MESSAGE][WARNING] - Timeout '0' is invalid. Using default page load timeout: '30'

2022-02-23 15:04:13 - [MESSAGE][PASSED] - Object 'Object Repository/Modulo bienestar-eventos/input_ADMINISTRADOR DEL SISTEMA' is clickable

2022-02-23 15:04:13 - [TEST_STEP][PASSED] - setText(findTestObject("Modulo bienestar-eventos/input_ADMINISTRADOR DEL SISTEMA"), "eventos (bie)"): Text 'eventos (bie)' is set on object 'Object Repository/Modulo bienestar-eventos/input_ADMINISTRADOR DEL SISTEMA'

2022-02-23 15:04:13 - [MESSAGE][PASSED] - Text 'eventos (bie)' is set on object 'Object Repository/Modulo bienestar-eventos/input_ADMINISTRADOR DEL SISTEMA'

2022-02-23 15:04:13 - [TEST_STEP][PASSED] - click(findTestObject("Modulo bienestar-eventos/span_Eventos (bie)")): Object: 'Object Repository/Modulo bienestar-eventos/span_Eventos (bie)' is clicked on

2022-02-23 15:04:15 - [MESSAGE][PASSED] - Object: 'Object Repository/Modulo bienestar-eventos/span_Eventos (bie)' is clicked on

2022-02-23 15:04:15 - [MESSAGE][PASSED] - Call Test Case 'Test Cases/Utilidades-(atajos_para _tareas)/Modulos/Modulo bienestar-eventos' successfully

2022-02-23 15:04:15 - [TEST_STEP][PASSED] - if (waitForElementPresent(findTestObject("Modulo Pruebas Bienestar/Ingresar instructores/td_Prueba"), 1)): null

2022-02-23 15:04:16 - [MESSAGE][PASSED] - Object 'Object Repository/Modulo Pruebas Bienestar/Ingresar instructores/td_Prueba' is present

2022-02-23 15:04:16 - [TEST_STEP][PASSED] - click(findTestObject("Modulo Pruebas Bienestar/Ingresar instructores/td_Prueba")): Object: 'Object Repository/Modulo Pruebas Bienestar/Ingresar instructores/td_Prueba' is clicked on

2022-02-23 15:04:16 - [MESSAGE][PASSED] - Object: 'Object Repository/Modulo Pruebas Bienestar/Ingresar instructores/td_Prueba' is clicked on

2022-02-23 15:04:16 - [TEST_STEP][PASSED] - click(findTestObject("Modulo Pruebas Bienestar/Ingresar instructores/a_Instructores")): Object: 'Object Repository/Modulo Pruebas Bienestar/Ingresar instructores/a_Instructores' is clicked on

2022-02-23 15:04:18 - [MESSAGE][PASSED] - Object: 'Object Repository/Modulo Pruebas Bienestar/Ingresar instructores/a_Instructores' is clicked on

2022-02-23 15:04:18 - [TEST_STEP][PASSED] - if (waitForElementClickable(findTestObject("Modulo Pruebas Bienestar/Ingresar instructores/a_Instructores_form_entrenadorlistaEntrenadores0j_idt616"), 1)): Web element with id: 'Object Repository/Modulo Pruebas Bienestar/Ingresar instructores/a_Instructores_form_entrenadorlistaEntrenadores0j_idt616' located by '//div/div/table/tbody/tr/td[2]/a' not found

2022-02-23 15:04:20 - [MESSAGE][INFO] - Unable to find the element located by 'By.xpath: //div/div/table/tbody/tr/td[2]/a'. Please recheck the objects properties to make sure the desired element is located. 

2022-02-23 15:04:20 - [MESSAGE][WARNING] - Web element with id: 'Object Repository/Modulo Pruebas Bienestar/Ingresar instructores/a_Instructores_form_entrenadorlistaEntrenadores0j_idt616' located by '//div/div/table/tbody/tr/td[2]/a' not found

2022-02-23 15:04:20 - [TEST_STEP][PASSED] - selectOptionByIndex(findTestObject("Modulo Pruebas Bienestar/Ingresar instructores/select_-- Seleccione --Beltran Daza Jose AndresCanizalez Acero Marta BrigitteBuitrago Buitrago Andrea12501250Mendoza 1010 Empleado"), 4): All options with index in [4] are selected on object 'Object Repository/Modulo Pruebas Bienestar/Ingresar instructores/select_-- Seleccione --Beltran Daza Jose AndresCanizalez Acero Marta BrigitteBuitrago Buitrago Andrea12501250Mendoza 1010 Empleado'

2022-02-23 15:04:21 - [MESSAGE][PASSED] - All options with index in [4] are selected on object 'Object Repository/Modulo Pruebas Bienestar/Ingresar instructores/select_-- Seleccione --Beltran Daza Jose AndresCanizalez Acero Marta BrigitteBuitrago Buitrago Andrea12501250Mendoza 1010 Empleado'

2022-02-23 15:04:21 - [TEST_STEP][PASSED] - click(findTestObject("Modulo Pruebas Bienestar/Ingresar instructores/a_Instructores_form_entrenadorlistaEntrenadoresj_idt618")): Object: 'Object Repository/Modulo Pruebas Bienestar/Ingresar instructores/a_Instructores_form_entrenadorlistaEntrenadoresj_idt618' is clicked on

2022-02-23 15:04:22 - [MESSAGE][PASSED] - Object: 'Object Repository/Modulo Pruebas Bienestar/Ingresar instructores/a_Instructores_form_entrenadorlistaEntrenadoresj_idt618' is clicked on

2022-02-23 15:04:22 - [TEST_STEP][PASSED] - click(findTestObject("Modulo Pruebas Bienestar/Ingresar instructores/input_Evento Bienestar_form_templatej_idt282j_idt29")): Object: 'Object Repository/Modulo Pruebas Bienestar/Ingresar instructores/input_Evento Bienestar_form_templatej_idt282j_idt29' is clicked on

2022-02-23 15:04:23 - [MESSAGE][PASSED] - Object: 'Object Repository/Modulo Pruebas Bienestar/Ingresar instructores/input_Evento Bienestar_form_templatej_idt282j_idt29' is clicked on

2022-02-23 15:04:23 - [TEST_STEP][PASSED] - delay(2): Delayed 2 second(s)

2022-02-23 15:04:25 - [MESSAGE][PASSED] - Delayed 2 second(s)

2022-02-23 15:04:25 - [TEST_STEP][PASSED] - closeBrowser(): Browser is closed

2022-02-23 15:04:26 - [MESSAGE][PASSED] - Browser is closed]]></system-out>
         <system-err><![CDATA[]]></system-err>
      </testcase>
      <testcase name="Test Cases/3.1-Pruebas_Bienestar/3.1.3-Ingresar entidades" time="16.396" classname="Test Cases/3.1-Pruebas_Bienestar/3.1.3-Ingresar entidades" status="PASSED">
         <system-out><![CDATA[2022-02-23 15:04:26 - [TEST_CASE][PASSED] - Test Cases/3.1-Pruebas_Bienestar/3.1.3-Ingresar entidades: Test Cases/3.1-Pruebas_Bienestar/3.1.3-Ingresar entidades

2022-02-23 15:04:26 - [TEST_STEP][PASSED] - callTestCase(findTestCase("Utilidades-(atajos_para _tareas)/Modulos/Modulo bienestar-eventos"), [:], STOP_ON_FAILURE): Call Test Case 'Test Cases/Utilidades-(atajos_para _tareas)/Modulos/Modulo bienestar-eventos' successfully

2022-02-23 15:04:26 - [TEST_CASE][PASSED] - Test Cases/Utilidades-(atajos_para _tareas)/Modulos/Modulo bienestar-eventos: Test Cases/Utilidades-(atajos_para _tareas)/Modulos/Modulo bienestar-eventos

2022-02-23 15:04:26 - [TEST_STEP][PASSED] - callTestCase(findTestCase("0.1-Login"), [:], STOP_ON_FAILURE): Call Test Case 'Test Cases/0.1-Login' successfully

2022-02-23 15:04:27 - [TEST_CASE][PASSED] - Test Cases/0.1-Login: Test Cases/0.1-Login

2022-02-23 15:04:27 - [TEST_STEP][PASSED] - openBrowser(""): Browser is opened with url: ''

2022-02-23 15:04:27 - [MESSAGE][INFO] - Starting 'Chrome' driver

2022-02-23 15:04:27 - [MESSAGE][INFO] - Action delay is set to 0 milliseconds

2022-02-23 15:04:28 - [MESSAGE][PASSED] - Browser is opened with url: ''

2022-02-23 15:04:28 - [TEST_STEP][PASSED] - maximizeWindow(): Current window maximized

2022-02-23 15:04:28 - [MESSAGE][PASSED] - Current window maximized

2022-02-23 15:04:28 - [TEST_STEP][PASSED] - i = G_Login: null

2022-02-23 15:04:28 - [TEST_STEP][PASSED] - url = new java.net.URL(i): null

2022-02-23 15:04:28 - [TEST_STEP][PASSED] - println("URL: " + url.toString()): null

2022-02-23 15:04:28 - [TEST_STEP][PASSED] - connection = url.openConnection(): null

2022-02-23 15:04:28 - [TEST_STEP][PASSED] - connection.setRequestMethod("GET"): null

2022-02-23 15:04:28 - [TEST_STEP][PASSED] - connection.setReadTimeout(2 * 1000): null

2022-02-23 15:04:28 - [TEST_STEP][PASSED] - try: null

2022-02-23 15:04:28 - [TEST_STEP][PASSED] - connection.connect(): null

2022-02-23 15:04:28 - [TEST_STEP][PASSED] - flag = connected: null

2022-02-23 15:04:28 - [TEST_STEP][PASSED] - println("Valor_ori: " + flag): null

2022-02-23 15:04:28 - [TEST_STEP][PASSED] - if (flag): null

2022-02-23 15:04:28 - [TEST_STEP][PASSED] - navigateToUrl(i): Navigate to 'http://192.168.2.80:8380/saraweb' successfully

2022-02-23 15:04:28 - [MESSAGE][PASSED] - Navigate to 'http://192.168.2.80:8380/saraweb' successfully

2022-02-23 15:04:28 - [TEST_STEP][PASSED] - a(): null

2022-02-23 15:04:28 - [TEST_STEP][PASSED] - setText(findTestObject("Login/input_USUARIO_loginusuario"), G_Usuario): Text 'saraadmin' is set on object 'Object Repository/Login/input_USUARIO_loginusuario'

2022-02-23 15:04:29 - [MESSAGE][PASSED] - Text 'saraadmin' is set on object 'Object Repository/Login/input_USUARIO_loginusuario'

2022-02-23 15:04:29 - [TEST_STEP][PASSED] - setEncryptedText(findTestObject("Login/input_CLAVE_loginpassword"), "MkG4/TYiCFC3cb2driP7+Q=="): Text ****** has been set on object 'Object Repository/Login/input_CLAVE_loginpassword'

2022-02-23 15:04:30 - [MESSAGE][PASSED] - Text ****** has been set on object 'Object Repository/Login/input_CLAVE_loginpassword'

2022-02-23 15:04:30 - [TEST_STEP][PASSED] - waitForElementClickable(findTestObject("Login/a_Ingresar"), G_TimeOut): Object 'Object Repository/Login/a_Ingresar' is clickable

2022-02-23 15:04:30 - [MESSAGE][PASSED] - Object 'Object Repository/Login/a_Ingresar' is clickable

2022-02-23 15:04:30 - [TEST_STEP][PASSED] - click(findTestObject("Login/a_Ingresar")): Object: 'Object Repository/Login/a_Ingresar' is clicked on

2022-02-23 15:04:32 - [MESSAGE][PASSED] - Object: 'Object Repository/Login/a_Ingresar' is clicked on

2022-02-23 15:04:32 - [TEST_STEP][PASSED] - element = findWebElement(findTestObject("Login/a_Ir"), 30): null

2022-02-23 15:04:33 - [TEST_STEP][PASSED] - executeJavaScript("arguments[0].click()", Arrays.asList(element)): Execute JavaScript 'arguments[0].click()' successfully

2022-02-23 15:04:33 - [MESSAGE][PASSED] - Execute JavaScript 'arguments[0].click()' successfully

2022-02-23 15:04:33 - [MESSAGE][PASSED] - Call Test Case 'Test Cases/0.1-Login' successfully

2022-02-23 15:04:33 - [TEST_STEP][PASSED] - waitForElementClickable(findTestObject("Modulo bienestar-eventos/input_ADMINISTRADOR DEL SISTEMA"), 0): Object 'Object Repository/Modulo bienestar-eventos/input_ADMINISTRADOR DEL SISTEMA' is clickable

2022-02-23 15:04:33 - [MESSAGE][WARNING] - Timeout '0' is invalid. Using default page load timeout: '30'

2022-02-23 15:04:33 - [MESSAGE][PASSED] - Object 'Object Repository/Modulo bienestar-eventos/input_ADMINISTRADOR DEL SISTEMA' is clickable

2022-02-23 15:04:33 - [TEST_STEP][PASSED] - setText(findTestObject("Modulo bienestar-eventos/input_ADMINISTRADOR DEL SISTEMA"), "eventos (bie)"): Text 'eventos (bie)' is set on object 'Object Repository/Modulo bienestar-eventos/input_ADMINISTRADOR DEL SISTEMA'

2022-02-23 15:04:34 - [MESSAGE][PASSED] - Text 'eventos (bie)' is set on object 'Object Repository/Modulo bienestar-eventos/input_ADMINISTRADOR DEL SISTEMA'

2022-02-23 15:04:34 - [TEST_STEP][PASSED] - click(findTestObject("Modulo bienestar-eventos/span_Eventos (bie)")): Object: 'Object Repository/Modulo bienestar-eventos/span_Eventos (bie)' is clicked on

2022-02-23 15:04:35 - [MESSAGE][PASSED] - Object: 'Object Repository/Modulo bienestar-eventos/span_Eventos (bie)' is clicked on

2022-02-23 15:04:35 - [MESSAGE][PASSED] - Call Test Case 'Test Cases/Utilidades-(atajos_para _tareas)/Modulos/Modulo bienestar-eventos' successfully

2022-02-23 15:04:35 - [TEST_STEP][PASSED] - click(findTestObject("Modulo Pruebas Bienestar/Ingresar_Entidades/td_Prueba-S")): Object: 'Object Repository/Modulo Pruebas Bienestar/Ingresar_Entidades/td_Prueba-S' is clicked on

2022-02-23 15:04:37 - [MESSAGE][PASSED] - Object: 'Object Repository/Modulo Pruebas Bienestar/Ingresar_Entidades/td_Prueba-S' is clicked on

2022-02-23 15:04:37 - [TEST_STEP][PASSED] - click(findTestObject("Modulo Pruebas Bienestar/Ingresar_Entidades/a_Entidades")): Object: 'Object Repository/Modulo Pruebas Bienestar/Ingresar_Entidades/a_Entidades' is clicked on

2022-02-23 15:04:38 - [MESSAGE][PASSED] - Object: 'Object Repository/Modulo Pruebas Bienestar/Ingresar_Entidades/a_Entidades' is clicked on

2022-02-23 15:04:38 - [TEST_STEP][PASSED] - if (waitForElementClickable(findTestObject("Modulo Pruebas Bienestar/Ingresar_Entidades/a_US_form_entidadlistaEntidades0j_idt626"), 1)): Web element with id: 'Object Repository/Modulo Pruebas Bienestar/Ingresar_Entidades/a_US_form_entidadlistaEntidades0j_idt626' located by '//div/div/table/tbody/tr/td[2]/a' not found

2022-02-23 15:04:40 - [MESSAGE][INFO] - Unable to find the element located by 'By.xpath: //div/div/table/tbody/tr/td[2]/a'. Please recheck the objects properties to make sure the desired element is located. 

2022-02-23 15:04:40 - [MESSAGE][WARNING] - Web element with id: 'Object Repository/Modulo Pruebas Bienestar/Ingresar_Entidades/a_US_form_entidadlistaEntidades0j_idt626' located by '//div/div/table/tbody/tr/td[2]/a' not found

2022-02-23 15:04:40 - [TEST_STEP][PASSED] - selectOptionByIndex(findTestObject("Modulo Pruebas Bienestar/Ingresar_Entidades/select_-- Seleccione --US"), 1): All options with index in [1] are selected on object 'Object Repository/Modulo Pruebas Bienestar/Ingresar_Entidades/select_-- Seleccione --US'

2022-02-23 15:04:41 - [MESSAGE][PASSED] - All options with index in [1] are selected on object 'Object Repository/Modulo Pruebas Bienestar/Ingresar_Entidades/select_-- Seleccione --US'

2022-02-23 15:04:41 - [TEST_STEP][PASSED] - click(findTestObject("Modulo Pruebas Bienestar/Ingresar_Entidades/a_Entidades_form_entidadlistaEntidadesj_idt628")): Object: 'Object Repository/Modulo Pruebas Bienestar/Ingresar_Entidades/a_Entidades_form_entidadlistaEntidadesj_idt628' is clicked on

2022-02-23 15:04:42 - [MESSAGE][PASSED] - Object: 'Object Repository/Modulo Pruebas Bienestar/Ingresar_Entidades/a_Entidades_form_entidadlistaEntidadesj_idt628' is clicked on

2022-02-23 15:04:42 - [TEST_STEP][PASSED] - closeBrowser(): Browser is closed

2022-02-23 15:04:42 - [MESSAGE][PASSED] - Browser is closed]]></system-out>
         <system-err><![CDATA[]]></system-err>
      </testcase>
      <testcase name="Test Cases/3.1-Pruebas_Bienestar/3.1.4-Filtro_de_asistentes" time="34.102" classname="Test Cases/3.1-Pruebas_Bienestar/3.1.4-Filtro_de_asistentes" status="PASSED">
         <system-out><![CDATA[2022-02-23 15:04:42 - [TEST_CASE][PASSED] - Test Cases/3.1-Pruebas_Bienestar/3.1.4-Filtro_de_asistentes: Test Cases/3.1-Pruebas_Bienestar/3.1.4-Filtro_de_asistentes

2022-02-23 15:04:43 - [TEST_STEP][PASSED] - callTestCase(findTestCase("Utilidades-(atajos_para _tareas)/Modulos/Modulo bienestar-eventos"), [:], STOP_ON_FAILURE): Call Test Case 'Test Cases/Utilidades-(atajos_para _tareas)/Modulos/Modulo bienestar-eventos' successfully

2022-02-23 15:04:43 - [TEST_CASE][PASSED] - Test Cases/Utilidades-(atajos_para _tareas)/Modulos/Modulo bienestar-eventos: Test Cases/Utilidades-(atajos_para _tareas)/Modulos/Modulo bienestar-eventos

2022-02-23 15:04:43 - [TEST_STEP][PASSED] - callTestCase(findTestCase("0.1-Login"), [:], STOP_ON_FAILURE): Call Test Case 'Test Cases/0.1-Login' successfully

2022-02-23 15:04:43 - [TEST_CASE][PASSED] - Test Cases/0.1-Login: Test Cases/0.1-Login

2022-02-23 15:04:43 - [TEST_STEP][PASSED] - openBrowser(""): Browser is opened with url: ''

2022-02-23 15:04:43 - [MESSAGE][INFO] - Starting 'Chrome' driver

2022-02-23 15:04:43 - [MESSAGE][INFO] - Action delay is set to 0 milliseconds

2022-02-23 15:04:44 - [MESSAGE][PASSED] - Browser is opened with url: ''

2022-02-23 15:04:44 - [TEST_STEP][PASSED] - maximizeWindow(): Current window maximized

2022-02-23 15:04:44 - [MESSAGE][PASSED] - Current window maximized

2022-02-23 15:04:44 - [TEST_STEP][PASSED] - i = G_Login: null

2022-02-23 15:04:44 - [TEST_STEP][PASSED] - url = new java.net.URL(i): null

2022-02-23 15:04:44 - [TEST_STEP][PASSED] - println("URL: " + url.toString()): null

2022-02-23 15:04:44 - [TEST_STEP][PASSED] - connection = url.openConnection(): null

2022-02-23 15:04:44 - [TEST_STEP][PASSED] - connection.setRequestMethod("GET"): null

2022-02-23 15:04:44 - [TEST_STEP][PASSED] - connection.setReadTimeout(2 * 1000): null

2022-02-23 15:04:44 - [TEST_STEP][PASSED] - try: null

2022-02-23 15:04:44 - [TEST_STEP][PASSED] - connection.connect(): null

2022-02-23 15:04:44 - [TEST_STEP][PASSED] - flag = connected: null

2022-02-23 15:04:44 - [TEST_STEP][PASSED] - println("Valor_ori: " + flag): null

2022-02-23 15:04:44 - [TEST_STEP][PASSED] - if (flag): null

2022-02-23 15:04:44 - [TEST_STEP][PASSED] - navigateToUrl(i): Navigate to 'http://192.168.2.80:8380/saraweb' successfully

2022-02-23 15:04:45 - [MESSAGE][PASSED] - Navigate to 'http://192.168.2.80:8380/saraweb' successfully

2022-02-23 15:04:45 - [TEST_STEP][PASSED] - a(): null

2022-02-23 15:04:45 - [TEST_STEP][PASSED] - setText(findTestObject("Login/input_USUARIO_loginusuario"), G_Usuario): Text 'saraadmin' is set on object 'Object Repository/Login/input_USUARIO_loginusuario'

2022-02-23 15:04:46 - [MESSAGE][PASSED] - Text 'saraadmin' is set on object 'Object Repository/Login/input_USUARIO_loginusuario'

2022-02-23 15:04:46 - [TEST_STEP][PASSED] - setEncryptedText(findTestObject("Login/input_CLAVE_loginpassword"), "MkG4/TYiCFC3cb2driP7+Q=="): Text ****** has been set on object 'Object Repository/Login/input_CLAVE_loginpassword'

2022-02-23 15:04:47 - [MESSAGE][PASSED] - Text ****** has been set on object 'Object Repository/Login/input_CLAVE_loginpassword'

2022-02-23 15:04:47 - [TEST_STEP][PASSED] - waitForElementClickable(findTestObject("Login/a_Ingresar"), G_TimeOut): Object 'Object Repository/Login/a_Ingresar' is clickable

2022-02-23 15:04:47 - [MESSAGE][PASSED] - Object 'Object Repository/Login/a_Ingresar' is clickable

2022-02-23 15:04:47 - [TEST_STEP][PASSED] - click(findTestObject("Login/a_Ingresar")): Object: 'Object Repository/Login/a_Ingresar' is clicked on

2022-02-23 15:04:49 - [MESSAGE][PASSED] - Object: 'Object Repository/Login/a_Ingresar' is clicked on

2022-02-23 15:04:49 - [TEST_STEP][PASSED] - element = findWebElement(findTestObject("Login/a_Ir"), 30): null

2022-02-23 15:04:50 - [TEST_STEP][PASSED] - executeJavaScript("arguments[0].click()", Arrays.asList(element)): Execute JavaScript 'arguments[0].click()' successfully

2022-02-23 15:04:50 - [MESSAGE][PASSED] - Execute JavaScript 'arguments[0].click()' successfully

2022-02-23 15:04:50 - [MESSAGE][PASSED] - Call Test Case 'Test Cases/0.1-Login' successfully

2022-02-23 15:04:50 - [TEST_STEP][PASSED] - waitForElementClickable(findTestObject("Modulo bienestar-eventos/input_ADMINISTRADOR DEL SISTEMA"), 0): Object 'Object Repository/Modulo bienestar-eventos/input_ADMINISTRADOR DEL SISTEMA' is clickable

2022-02-23 15:04:50 - [MESSAGE][WARNING] - Timeout '0' is invalid. Using default page load timeout: '30'

2022-02-23 15:04:50 - [MESSAGE][PASSED] - Object 'Object Repository/Modulo bienestar-eventos/input_ADMINISTRADOR DEL SISTEMA' is clickable

2022-02-23 15:04:50 - [TEST_STEP][PASSED] - setText(findTestObject("Modulo bienestar-eventos/input_ADMINISTRADOR DEL SISTEMA"), "eventos (bie)"): Text 'eventos (bie)' is set on object 'Object Repository/Modulo bienestar-eventos/input_ADMINISTRADOR DEL SISTEMA'

2022-02-23 15:04:51 - [MESSAGE][PASSED] - Text 'eventos (bie)' is set on object 'Object Repository/Modulo bienestar-eventos/input_ADMINISTRADOR DEL SISTEMA'

2022-02-23 15:04:51 - [TEST_STEP][PASSED] - click(findTestObject("Modulo bienestar-eventos/span_Eventos (bie)")): Object: 'Object Repository/Modulo bienestar-eventos/span_Eventos (bie)' is clicked on

2022-02-23 15:04:53 - [MESSAGE][PASSED] - Object: 'Object Repository/Modulo bienestar-eventos/span_Eventos (bie)' is clicked on

2022-02-23 15:04:53 - [MESSAGE][PASSED] - Call Test Case 'Test Cases/Utilidades-(atajos_para _tareas)/Modulos/Modulo bienestar-eventos' successfully

2022-02-23 15:04:53 - [TEST_STEP][PASSED] - click(findTestObject("Modulo Pruebas Bienestar/Filtro_de_Asistentes_S-(solicitante)/td_Prueba-S")): Object: 'Object Repository/Modulo Pruebas Bienestar/Filtro_de_Asistentes_S-(solicitante)/td_Prueba-S' is clicked on

2022-02-23 15:04:54 - [MESSAGE][PASSED] - Object: 'Object Repository/Modulo Pruebas Bienestar/Filtro_de_Asistentes_S-(solicitante)/td_Prueba-S' is clicked on

2022-02-23 15:04:54 - [TEST_STEP][PASSED] - click(findTestObject("Modulo Pruebas Bienestar/Filtro_de_Asistentes_S-(solicitante)/a_DirigidoA")): Object: 'Object Repository/Modulo Pruebas Bienestar/Filtro_de_Asistentes_S-(solicitante)/a_DirigidoA' is clicked on

2022-02-23 15:04:55 - [MESSAGE][PASSED] - Object: 'Object Repository/Modulo Pruebas Bienestar/Filtro_de_Asistentes_S-(solicitante)/a_DirigidoA' is clicked on

2022-02-23 15:04:55 - [TEST_STEP][PASSED] - if (waitForElementClickable(findTestObject("Modulo Pruebas Bienestar/Filtro_de_Asistentes_S-(solicitante)/a_Edad_form_condicionDerechoTipoBeneftabla_ventanaCDTB0j_idt793"), 1)): Web element with id: 'Object Repository/Modulo Pruebas Bienestar/Filtro_de_Asistentes_S-(solicitante)/a_Edad_form_condicionDerechoTipoBeneftabla_ventanaCDTB0j_idt793' located by '//div/div/table/tbody/tr/td[3]/a' not found

2022-02-23 15:04:58 - [MESSAGE][INFO] - Unable to find the element located by 'By.xpath: //div/div/table/tbody/tr/td[3]/a'. Please recheck the objects properties to make sure the desired element is located. 

2022-02-23 15:04:58 - [MESSAGE][WARNING] - Web element with id: 'Object Repository/Modulo Pruebas Bienestar/Filtro_de_Asistentes_S-(solicitante)/a_Edad_form_condicionDerechoTipoBeneftabla_ventanaCDTB0j_idt793' located by '//div/div/table/tbody/tr/td[3]/a' not found

2022-02-23 15:04:58 - [TEST_STEP][PASSED] - selectOptionByIndex(findTestObject("Modulo Pruebas Bienestar/Filtro_de_Asistentes_S-(solicitante)/select_-- Seleccione --CargoCargos"), 6): All options with index in [6] are selected on object 'Object Repository/Modulo Pruebas Bienestar/Filtro_de_Asistentes_S-(solicitante)/select_-- Seleccione --CargoCargos'

2022-02-23 15:04:59 - [MESSAGE][PASSED] - All options with index in [6] are selected on object 'Object Repository/Modulo Pruebas Bienestar/Filtro_de_Asistentes_S-(solicitante)/select_-- Seleccione --CargoCargos'

2022-02-23 15:04:59 - [TEST_STEP][PASSED] - setText(findTestObject("Modulo Pruebas Bienestar/Filtro_de_Asistentes_S-(solicitante)/input_Tipo Campo_form_condicionDerechoTipoBeneftabla_ventanaCDTBedadMinima"), "1"): Text '1' is set on object 'Object Repository/Modulo Pruebas Bienestar/Filtro_de_Asistentes_S-(solicitante)/input_Tipo Campo_form_condicionDerechoTipoBeneftabla_ventanaCDTBedadMinima'

2022-02-23 15:05:00 - [MESSAGE][PASSED] - Text '1' is set on object 'Object Repository/Modulo Pruebas Bienestar/Filtro_de_Asistentes_S-(solicitante)/input_Tipo Campo_form_condicionDerechoTipoBeneftabla_ventanaCDTBedadMinima'

2022-02-23 15:05:00 - [TEST_STEP][PASSED] - setText(findTestObject("Modulo Pruebas Bienestar/Filtro_de_Asistentes_S-(solicitante)/input_Tipo Campo_form_condicionDerechoTipoBeneftabla_ventanaCDTBedadMaxima"), "80"): Text '80' is set on object 'Object Repository/Modulo Pruebas Bienestar/Filtro_de_Asistentes_S-(solicitante)/input_Tipo Campo_form_condicionDerechoTipoBeneftabla_ventanaCDTBedadMaxima'

2022-02-23 15:05:00 - [MESSAGE][PASSED] - Text '80' is set on object 'Object Repository/Modulo Pruebas Bienestar/Filtro_de_Asistentes_S-(solicitante)/input_Tipo Campo_form_condicionDerechoTipoBeneftabla_ventanaCDTBedadMaxima'

2022-02-23 15:05:00 - [TEST_STEP][PASSED] - click(findTestObject("Modulo Pruebas Bienestar/Filtro_de_Asistentes_S-(solicitante)/a_Tipo Campo_form_condicionDerechoTipoBeneftabla_ventanaCDTBj_idt794")): Object: 'Object Repository/Modulo Pruebas Bienestar/Filtro_de_Asistentes_S-(solicitante)/a_Tipo Campo_form_condicionDerechoTipoBeneftabla_ventanaCDTBj_idt794' is clicked on

2022-02-23 15:05:01 - [MESSAGE][PASSED] - Object: 'Object Repository/Modulo Pruebas Bienestar/Filtro_de_Asistentes_S-(solicitante)/a_Tipo Campo_form_condicionDerechoTipoBeneftabla_ventanaCDTBj_idt794' is clicked on

2022-02-23 15:05:01 - [TEST_STEP][PASSED] - click(findTestObject("Modulo Pruebas Bienestar/Filtro_de_Asistentes_S-(solicitante)/a_Regresar")): Object: 'Object Repository/Modulo Pruebas Bienestar/Filtro_de_Asistentes_S-(solicitante)/a_Regresar' is clicked on

2022-02-23 15:05:02 - [MESSAGE][PASSED] - Object: 'Object Repository/Modulo Pruebas Bienestar/Filtro_de_Asistentes_S-(solicitante)/a_Regresar' is clicked on

2022-02-23 15:05:02 - [TEST_STEP][PASSED] - click(findTestObject("Modulo Pruebas Bienestar/Filtro_de_Asistentes_S-(solicitante)/td_Prueba-S-SH")): Object: 'Object Repository/Modulo Pruebas Bienestar/Filtro_de_Asistentes_S-(solicitante)/td_Prueba-S-SH' is clicked on

2022-02-23 15:05:02 - [MESSAGE][PASSED] - Object: 'Object Repository/Modulo Pruebas Bienestar/Filtro_de_Asistentes_S-(solicitante)/td_Prueba-S-SH' is clicked on

2022-02-23 15:05:02 - [TEST_STEP][PASSED] - click(findTestObject("Modulo Pruebas Bienestar/Filtro_de_Asistentes_S-(solicitante)/a_DirigidoA")): Object: 'Object Repository/Modulo Pruebas Bienestar/Filtro_de_Asistentes_S-(solicitante)/a_DirigidoA' is clicked on

2022-02-23 15:05:05 - [MESSAGE][PASSED] - Object: 'Object Repository/Modulo Pruebas Bienestar/Filtro_de_Asistentes_S-(solicitante)/a_DirigidoA' is clicked on

2022-02-23 15:05:05 - [TEST_STEP][PASSED] - if (waitForElementClickable(findTestObject("Modulo Pruebas Bienestar/Filtro_de_Asistentes_S-(solicitante)/a_Edad_form_condicionDerechoTipoBeneftabla_ventanaCDTB0j_idt793"), 1)): Web element with id: 'Object Repository/Modulo Pruebas Bienestar/Filtro_de_Asistentes_S-(solicitante)/a_Edad_form_condicionDerechoTipoBeneftabla_ventanaCDTB0j_idt793' located by '//div/div/table/tbody/tr/td[3]/a' not found

2022-02-23 15:05:07 - [MESSAGE][INFO] - Unable to find the element located by 'By.xpath: //div/div/table/tbody/tr/td[3]/a'. Please recheck the objects properties to make sure the desired element is located. 

2022-02-23 15:05:07 - [MESSAGE][WARNING] - Web element with id: 'Object Repository/Modulo Pruebas Bienestar/Filtro_de_Asistentes_S-(solicitante)/a_Edad_form_condicionDerechoTipoBeneftabla_ventanaCDTB0j_idt793' located by '//div/div/table/tbody/tr/td[3]/a' not found

2022-02-23 15:05:07 - [TEST_STEP][PASSED] - selectOptionByIndex(findTestObject("Modulo Pruebas Bienestar/Filtro_de_Asistentes_S-(solicitante)/select_-- Seleccione --CargoCargos"), 6): All options with index in [6] are selected on object 'Object Repository/Modulo Pruebas Bienestar/Filtro_de_Asistentes_S-(solicitante)/select_-- Seleccione --CargoCargos'

2022-02-23 15:05:08 - [MESSAGE][PASSED] - All options with index in [6] are selected on object 'Object Repository/Modulo Pruebas Bienestar/Filtro_de_Asistentes_S-(solicitante)/select_-- Seleccione --CargoCargos'

2022-02-23 15:05:08 - [TEST_STEP][PASSED] - setText(findTestObject("Modulo Pruebas Bienestar/Filtro_de_Asistentes_S-(solicitante)/input_Tipo Campo_form_condicionDerechoTipoBeneftabla_ventanaCDTBedadMinima"), "1"): Text '1' is set on object 'Object Repository/Modulo Pruebas Bienestar/Filtro_de_Asistentes_S-(solicitante)/input_Tipo Campo_form_condicionDerechoTipoBeneftabla_ventanaCDTBedadMinima'

2022-02-23 15:05:09 - [MESSAGE][PASSED] - Text '1' is set on object 'Object Repository/Modulo Pruebas Bienestar/Filtro_de_Asistentes_S-(solicitante)/input_Tipo Campo_form_condicionDerechoTipoBeneftabla_ventanaCDTBedadMinima'

2022-02-23 15:05:09 - [TEST_STEP][PASSED] - setText(findTestObject("Modulo Pruebas Bienestar/Filtro_de_Asistentes_S-(solicitante)/input_Tipo Campo_form_condicionDerechoTipoBeneftabla_ventanaCDTBedadMaxima"), "80"): Text '80' is set on object 'Object Repository/Modulo Pruebas Bienestar/Filtro_de_Asistentes_S-(solicitante)/input_Tipo Campo_form_condicionDerechoTipoBeneftabla_ventanaCDTBedadMaxima'

2022-02-23 15:05:09 - [MESSAGE][PASSED] - Text '80' is set on object 'Object Repository/Modulo Pruebas Bienestar/Filtro_de_Asistentes_S-(solicitante)/input_Tipo Campo_form_condicionDerechoTipoBeneftabla_ventanaCDTBedadMaxima'

2022-02-23 15:05:09 - [TEST_STEP][PASSED] - click(findTestObject("Modulo Pruebas Bienestar/Filtro_de_Asistentes_S-(solicitante)/a_Tipo Campo_form_condicionDerechoTipoBeneftabla_ventanaCDTBj_idt794")): Object: 'Object Repository/Modulo Pruebas Bienestar/Filtro_de_Asistentes_S-(solicitante)/a_Tipo Campo_form_condicionDerechoTipoBeneftabla_ventanaCDTBj_idt794' is clicked on

2022-02-23 15:05:10 - [MESSAGE][PASSED] - Object: 'Object Repository/Modulo Pruebas Bienestar/Filtro_de_Asistentes_S-(solicitante)/a_Tipo Campo_form_condicionDerechoTipoBeneftabla_ventanaCDTBj_idt794' is clicked on

2022-02-23 15:05:10 - [TEST_STEP][PASSED] - click(findTestObject("Modulo Pruebas Bienestar/Filtro_de_Asistentes_S-(solicitante)/div_Participante")): Object: 'Object Repository/Modulo Pruebas Bienestar/Filtro_de_Asistentes_S-(solicitante)/div_Participante' is clicked on

2022-02-23 15:05:11 - [MESSAGE][PASSED] - Object: 'Object Repository/Modulo Pruebas Bienestar/Filtro_de_Asistentes_S-(solicitante)/div_Participante' is clicked on

2022-02-23 15:05:11 - [TEST_STEP][PASSED] - click(findTestObject("Modulo Pruebas Bienestar/Filtro_de_Asistentes_S-(solicitante)/a_Invitacin")): Object: 'Object Repository/Modulo Pruebas Bienestar/Filtro_de_Asistentes_S-(solicitante)/a_Invitacin' is clicked on

2022-02-23 15:05:11 - [MESSAGE][PASSED] - Object: 'Object Repository/Modulo Pruebas Bienestar/Filtro_de_Asistentes_S-(solicitante)/a_Invitacin' is clicked on

2022-02-23 15:05:11 - [TEST_STEP][PASSED] - selectOptionByIndex(findTestObject("Modulo Pruebas Bienestar/Filtro_de_Asistentes_S-(solicitante)/select_SeleccioneCALIDADMENSUAL ABCMODELO EMPRESA QUINCENALPANSIONADOSPENSIONADOS BASEPRUEBAS"), 1): All options with index in [1] are selected on object 'Object Repository/Modulo Pruebas Bienestar/Filtro_de_Asistentes_S-(solicitante)/select_SeleccioneCALIDADMENSUAL ABCMODELO EMPRESA QUINCENALPANSIONADOSPENSIONADOS BASEPRUEBAS'

2022-02-23 15:05:13 - [MESSAGE][PASSED] - All options with index in [1] are selected on object 'Object Repository/Modulo Pruebas Bienestar/Filtro_de_Asistentes_S-(solicitante)/select_SeleccioneCALIDADMENSUAL ABCMODELO EMPRESA QUINCENALPANSIONADOSPENSIONADOS BASEPRUEBAS'

2022-02-23 15:05:13 - [TEST_STEP][PASSED] - click(findTestObject("Modulo Pruebas Bienestar/Filtro_de_Asistentes_S-(solicitante)/a_Filtrar")): Object: 'Object Repository/Modulo Pruebas Bienestar/Filtro_de_Asistentes_S-(solicitante)/a_Filtrar' is clicked on

2022-02-23 15:05:14 - [MESSAGE][PASSED] - Object: 'Object Repository/Modulo Pruebas Bienestar/Filtro_de_Asistentes_S-(solicitante)/a_Filtrar' is clicked on

2022-02-23 15:05:14 - [TEST_STEP][PASSED] - delay(2): Delayed 2 second(s)

2022-02-23 15:05:16 - [MESSAGE][PASSED] - Delayed 2 second(s)

2022-02-23 15:05:16 - [TEST_STEP][PASSED] - closeBrowser(): Browser is closed

2022-02-23 15:05:16 - [MESSAGE][PASSED] - Browser is closed]]></system-out>
         <system-err><![CDATA[]]></system-err>
      </testcase>
      <testcase name="Test Cases/3.1-Pruebas_Bienestar/3.1.5-Publicación_del_evento" time="63.307" classname="Test Cases/3.1-Pruebas_Bienestar/3.1.5-Publicación_del_evento" status="PASSED">
         <system-out><![CDATA[2022-02-23 15:05:17 - [TEST_CASE][PASSED] - Test Cases/3.1-Pruebas_Bienestar/3.1.5-Publicación_del_evento: Test Cases/3.1-Pruebas_Bienestar/3.1.5-Publicación_del_evento

2022-02-23 15:05:17 - [TEST_STEP][PASSED] - comment("No Ejecutar. Falla con imagen subida"): No Ejecutar. Falla con imagen subida

2022-02-23 15:05:17 - [MESSAGE][INFO] - No Ejecutar. Falla con imagen subida

2022-02-23 15:05:17 - [TEST_STEP][PASSED] - fecha = new java.util.Date(): null

2022-02-23 15:05:17 - [TEST_STEP][PASSED] - Dia = fecha.getDate(): null

2022-02-23 15:05:17 - [TEST_STEP][PASSED] - Mes = fecha.getMonth() + 1: null

2022-02-23 15:05:17 - [TEST_STEP][PASSED] - MesN = fecha.getMonth() + 1: null

2022-02-23 15:05:17 - [TEST_STEP][PASSED] - Año = fecha.getYear() + 1900: null

2022-02-23 15:05:17 - [TEST_STEP][PASSED] - AñoN = fecha.getYear() + 1900: null

2022-02-23 15:05:17 - [TEST_STEP][PASSED] - DiaF = Dia + 10: null

2022-02-23 15:05:17 - [TEST_STEP][PASSED] - MesF = Mes + 1: null

2022-02-23 15:05:17 - [TEST_STEP][PASSED] - AñoF = Año + 1: null

2022-02-23 15:05:17 - [TEST_STEP][PASSED] - if (DiaF > 30): null

2022-02-23 15:05:17 - [TEST_STEP][PASSED] - DiaF = DiaF - Dia: null

2022-02-23 15:05:17 - [TEST_STEP][PASSED] - Mes = MesF: null

2022-02-23 15:05:17 - [TEST_STEP][PASSED] - if (MesF > 12): null

2022-02-23 15:05:17 - [TEST_STEP][PASSED] - FechaI = Dia + "/" + MesN + "/" + AñoN: null

2022-02-23 15:05:17 - [TEST_STEP][PASSED] - FechaF = DiaF + "/" + Mes + "/" + Año: null

2022-02-23 15:05:17 - [TEST_STEP][PASSED] - callTestCase(findTestCase("Utilidades-(atajos_para _tareas)/Modulos/Modulo bienestar-eventos"), [:], STOP_ON_FAILURE): Call Test Case 'Test Cases/Utilidades-(atajos_para _tareas)/Modulos/Modulo bienestar-eventos' successfully

2022-02-23 15:05:17 - [TEST_CASE][PASSED] - Test Cases/Utilidades-(atajos_para _tareas)/Modulos/Modulo bienestar-eventos: Test Cases/Utilidades-(atajos_para _tareas)/Modulos/Modulo bienestar-eventos

2022-02-23 15:05:17 - [TEST_STEP][PASSED] - callTestCase(findTestCase("0.1-Login"), [:], STOP_ON_FAILURE): Call Test Case 'Test Cases/0.1-Login' successfully

2022-02-23 15:05:17 - [TEST_CASE][PASSED] - Test Cases/0.1-Login: Test Cases/0.1-Login

2022-02-23 15:05:17 - [TEST_STEP][PASSED] - openBrowser(""): Browser is opened with url: ''

2022-02-23 15:05:17 - [MESSAGE][INFO] - Starting 'Chrome' driver

2022-02-23 15:05:17 - [MESSAGE][INFO] - Action delay is set to 0 milliseconds

2022-02-23 15:05:18 - [MESSAGE][PASSED] - Browser is opened with url: ''

2022-02-23 15:05:18 - [TEST_STEP][PASSED] - maximizeWindow(): Current window maximized

2022-02-23 15:05:19 - [MESSAGE][PASSED] - Current window maximized

2022-02-23 15:05:19 - [TEST_STEP][PASSED] - i = G_Login: null

2022-02-23 15:05:19 - [TEST_STEP][PASSED] - url = new java.net.URL(i): null

2022-02-23 15:05:19 - [TEST_STEP][PASSED] - println("URL: " + url.toString()): null

2022-02-23 15:05:19 - [TEST_STEP][PASSED] - connection = url.openConnection(): null

2022-02-23 15:05:19 - [TEST_STEP][PASSED] - connection.setRequestMethod("GET"): null

2022-02-23 15:05:19 - [TEST_STEP][PASSED] - connection.setReadTimeout(2 * 1000): null

2022-02-23 15:05:19 - [TEST_STEP][PASSED] - try: null

2022-02-23 15:05:19 - [TEST_STEP][PASSED] - connection.connect(): null

2022-02-23 15:05:19 - [TEST_STEP][PASSED] - flag = connected: null

2022-02-23 15:05:19 - [TEST_STEP][PASSED] - println("Valor_ori: " + flag): null

2022-02-23 15:05:19 - [TEST_STEP][PASSED] - if (flag): null

2022-02-23 15:05:19 - [TEST_STEP][PASSED] - navigateToUrl(i): Navigate to 'http://192.168.2.80:8380/saraweb' successfully

2022-02-23 15:05:19 - [MESSAGE][PASSED] - Navigate to 'http://192.168.2.80:8380/saraweb' successfully

2022-02-23 15:05:19 - [TEST_STEP][PASSED] - a(): null

2022-02-23 15:05:19 - [TEST_STEP][PASSED] - setText(findTestObject("Login/input_USUARIO_loginusuario"), G_Usuario): Text 'saraadmin' is set on object 'Object Repository/Login/input_USUARIO_loginusuario'

2022-02-23 15:05:20 - [MESSAGE][PASSED] - Text 'saraadmin' is set on object 'Object Repository/Login/input_USUARIO_loginusuario'

2022-02-23 15:05:20 - [TEST_STEP][PASSED] - setEncryptedText(findTestObject("Login/input_CLAVE_loginpassword"), "MkG4/TYiCFC3cb2driP7+Q=="): Text ****** has been set on object 'Object Repository/Login/input_CLAVE_loginpassword'

2022-02-23 15:05:20 - [MESSAGE][PASSED] - Text ****** has been set on object 'Object Repository/Login/input_CLAVE_loginpassword'

2022-02-23 15:05:20 - [TEST_STEP][PASSED] - waitForElementClickable(findTestObject("Login/a_Ingresar"), G_TimeOut): Object 'Object Repository/Login/a_Ingresar' is clickable

2022-02-23 15:05:21 - [MESSAGE][PASSED] - Object 'Object Repository/Login/a_Ingresar' is clickable

2022-02-23 15:05:21 - [TEST_STEP][PASSED] - click(findTestObject("Login/a_Ingresar")): Object: 'Object Repository/Login/a_Ingresar' is clicked on

2022-02-23 15:05:22 - [MESSAGE][PASSED] - Object: 'Object Repository/Login/a_Ingresar' is clicked on

2022-02-23 15:05:22 - [TEST_STEP][PASSED] - element = findWebElement(findTestObject("Login/a_Ir"), 30): null

2022-02-23 15:05:22 - [TEST_STEP][PASSED] - executeJavaScript("arguments[0].click()", Arrays.asList(element)): Execute JavaScript 'arguments[0].click()' successfully

2022-02-23 15:05:22 - [MESSAGE][PASSED] - Execute JavaScript 'arguments[0].click()' successfully

2022-02-23 15:05:22 - [MESSAGE][PASSED] - Call Test Case 'Test Cases/0.1-Login' successfully

2022-02-23 15:05:22 - [TEST_STEP][PASSED] - waitForElementClickable(findTestObject("Modulo bienestar-eventos/input_ADMINISTRADOR DEL SISTEMA"), 0): Object 'Object Repository/Modulo bienestar-eventos/input_ADMINISTRADOR DEL SISTEMA' is clickable

2022-02-23 15:05:22 - [MESSAGE][WARNING] - Timeout '0' is invalid. Using default page load timeout: '30'

2022-02-23 15:05:23 - [MESSAGE][PASSED] - Object 'Object Repository/Modulo bienestar-eventos/input_ADMINISTRADOR DEL SISTEMA' is clickable

2022-02-23 15:05:23 - [TEST_STEP][PASSED] - setText(findTestObject("Modulo bienestar-eventos/input_ADMINISTRADOR DEL SISTEMA"), "eventos (bie)"): Text 'eventos (bie)' is set on object 'Object Repository/Modulo bienestar-eventos/input_ADMINISTRADOR DEL SISTEMA'

2022-02-23 15:05:24 - [MESSAGE][PASSED] - Text 'eventos (bie)' is set on object 'Object Repository/Modulo bienestar-eventos/input_ADMINISTRADOR DEL SISTEMA'

2022-02-23 15:05:24 - [TEST_STEP][PASSED] - click(findTestObject("Modulo bienestar-eventos/span_Eventos (bie)")): Object: 'Object Repository/Modulo bienestar-eventos/span_Eventos (bie)' is clicked on

2022-02-23 15:05:25 - [MESSAGE][PASSED] - Object: 'Object Repository/Modulo bienestar-eventos/span_Eventos (bie)' is clicked on

2022-02-23 15:05:25 - [MESSAGE][PASSED] - Call Test Case 'Test Cases/Utilidades-(atajos_para _tareas)/Modulos/Modulo bienestar-eventos' successfully

2022-02-23 15:05:25 - [TEST_STEP][PASSED] - click(findTestObject("Modulo Pruebas Bienestar/Publicación del evento/td_Prueba-S")): Object: 'Object Repository/Modulo Pruebas Bienestar/Publicación del evento/td_Prueba-S' is clicked on

2022-02-23 15:05:28 - [MESSAGE][PASSED] - Object: 'Object Repository/Modulo Pruebas Bienestar/Publicación del evento/td_Prueba-S' is clicked on

2022-02-23 15:05:28 - [TEST_STEP][PASSED] - click(findTestObject("Modulo Pruebas Bienestar/Publicación del evento/a_Publicacin")): Object: 'Object Repository/Modulo Pruebas Bienestar/Publicación del evento/a_Publicacin' is clicked on

2022-02-23 15:05:30 - [MESSAGE][PASSED] - Object: 'Object Repository/Modulo Pruebas Bienestar/Publicación del evento/a_Publicacin' is clicked on

2022-02-23 15:05:30 - [TEST_STEP][PASSED] - if (waitForElementClickable(findTestObject("Modulo Pruebas Bienestar/Publicación del evento/a_httplocalhost8380sarawebrepodocrecursosuid9dc2ce980076ceb250408bf7ce50f4ab_form_publicacionEventotabla10j_idt241"), 1)): null

2022-02-23 15:05:31 - [MESSAGE][PASSED] - Object 'Object Repository/Modulo Pruebas Bienestar/Publicación del evento/a_httplocalhost8380sarawebrepodocrecursosuid9dc2ce980076ceb250408bf7ce50f4ab_form_publicacionEventotabla10j_idt241' is clickable

2022-02-23 15:05:31 - [TEST_STEP][PASSED] - click(findTestObject("Modulo Pruebas Bienestar/Publicación del evento/a_httplocalhost8380sarawebrepodocrecursosuid9dc2ce980076ceb250408bf7ce50f4ab_form_publicacionEventotabla10j_idt241")): Object: 'Object Repository/Modulo Pruebas Bienestar/Publicación del evento/a_httplocalhost8380sarawebrepodocrecursosuid9dc2ce980076ceb250408bf7ce50f4ab_form_publicacionEventotabla10j_idt241' is clicked on

2022-02-23 15:05:31 - [MESSAGE][PASSED] - Object: 'Object Repository/Modulo Pruebas Bienestar/Publicación del evento/a_httplocalhost8380sarawebrepodocrecursosuid9dc2ce980076ceb250408bf7ce50f4ab_form_publicacionEventotabla10j_idt241' is clicked on

2022-02-23 15:05:31 - [TEST_STEP][PASSED] - click(findTestObject("Modulo Pruebas Bienestar/Publicación del evento/span_Si")): Object: 'Object Repository/Modulo Pruebas Bienestar/Publicación del evento/span_Si' is clicked on

2022-02-23 15:05:32 - [MESSAGE][PASSED] - Object: 'Object Repository/Modulo Pruebas Bienestar/Publicación del evento/span_Si' is clicked on

2022-02-23 15:05:32 - [TEST_STEP][PASSED] - ruta = G_rutaarchivos + "logo_union_soluciones.jpg": null

2022-02-23 15:05:32 - [TEST_STEP][PASSED] - uploadFile(findTestObject("Modulo Pruebas Bienestar/Publicación del evento/input_Choose_form_publicacionEventotabla1archivo_input"), ruta): File 'E:\unionweb14\logo_union_soluciones.jpg' sent to object: 'Object Repository/Modulo Pruebas Bienestar/Publicación del evento/input_Choose_form_publicacionEventotabla1archivo_input'

2022-02-23 15:05:33 - [MESSAGE][PASSED] - File 'E:\unionweb14\logo_union_soluciones.jpg' sent to object: 'Object Repository/Modulo Pruebas Bienestar/Publicación del evento/input_Choose_form_publicacionEventotabla1archivo_input'

2022-02-23 15:05:33 - [TEST_STEP][PASSED] - waitForElementClickable(findTestObject("Modulo Pruebas Bienestar/Publicación del evento/input_Choose_form_publicacionEventotabla1subir"), 0): Object 'Object Repository/Modulo Pruebas Bienestar/Publicación del evento/input_Choose_form_publicacionEventotabla1subir' is clickable

2022-02-23 15:05:33 - [MESSAGE][WARNING] - Timeout '0' is invalid. Using default page load timeout: '30'

2022-02-23 15:05:34 - [MESSAGE][PASSED] - Object 'Object Repository/Modulo Pruebas Bienestar/Publicación del evento/input_Choose_form_publicacionEventotabla1subir' is clickable

2022-02-23 15:05:34 - [TEST_STEP][PASSED] - click(findTestObject("Modulo Pruebas Bienestar/Publicación del evento/input_Choose_form_publicacionEventotabla1subir")): Object: 'Object Repository/Modulo Pruebas Bienestar/Publicación del evento/input_Choose_form_publicacionEventotabla1subir' is clicked on

2022-02-23 15:05:35 - [MESSAGE][PASSED] - Object: 'Object Repository/Modulo Pruebas Bienestar/Publicación del evento/input_Choose_form_publicacionEventotabla1subir' is clicked on

2022-02-23 15:05:35 - [TEST_STEP][PASSED] - click(findTestObject("Modulo Pruebas Bienestar/Publicación del evento/input_Choose_form_publicacionEventotabla1subir")): Object: 'Object Repository/Modulo Pruebas Bienestar/Publicación del evento/input_Choose_form_publicacionEventotabla1subir' is clicked on

2022-02-23 15:05:36 - [MESSAGE][PASSED] - Object: 'Object Repository/Modulo Pruebas Bienestar/Publicación del evento/input_Choose_form_publicacionEventotabla1subir' is clicked on

2022-02-23 15:05:36 - [TEST_STEP][PASSED] - delay(2): Delayed 2 second(s)

2022-02-23 15:05:38 - [MESSAGE][PASSED] - Delayed 2 second(s)

2022-02-23 15:05:38 - [TEST_STEP][PASSED] - Imagen = getText(findTestObject("Modulo Pruebas Bienestar/Publicación del evento/span_httplocalhost8380sarawebrepodocrecursosuid9dc2ce980076ceb250408bf7ce50f4ab")): Text of object 'Object Repository/Modulo Pruebas Bienestar/Publicación del evento/span_httplocalhost8380sarawebrepodocrecursosuid9dc2ce980076ceb250408bf7ce50f4ab' is: 'http://192.168.2.80:8380/saraweb/repodoc/recursos?uid=64f42364a287fe9901d062afb6decac0'

2022-02-23 15:05:38 - [MESSAGE][PASSED] - Text of object 'Object Repository/Modulo Pruebas Bienestar/Publicación del evento/span_httplocalhost8380sarawebrepodocrecursosuid9dc2ce980076ceb250408bf7ce50f4ab' is: 'http://192.168.2.80:8380/saraweb/repodoc/recursos?uid=64f42364a287fe9901d062afb6decac0'

2022-02-23 15:05:38 - [TEST_STEP][PASSED] - click(findTestObject("Modulo Pruebas Bienestar/Publicación del evento/input_HTML")): Object: 'Object Repository/Modulo Pruebas Bienestar/Publicación del evento/input_HTML' is clicked on

2022-02-23 15:05:39 - [MESSAGE][PASSED] - Object: 'Object Repository/Modulo Pruebas Bienestar/Publicación del evento/input_HTML' is clicked on

2022-02-23 15:05:39 - [TEST_STEP][PASSED] - click(findTestObject("Modulo Pruebas Bienestar/Publicación del evento/div_Contenido_ui-editor-button")): Object: 'Object Repository/Modulo Pruebas Bienestar/Publicación del evento/div_Contenido_ui-editor-button' is clicked on

2022-02-23 15:05:39 - [MESSAGE][PASSED] - Object: 'Object Repository/Modulo Pruebas Bienestar/Publicación del evento/div_Contenido_ui-editor-button' is clicked on

2022-02-23 15:05:39 - [TEST_STEP][PASSED] - setText(findTestObject("Modulo Pruebas Bienestar/Publicación del evento/input"), Imagen): Text 'http://192.168.2.80:8380/saraweb/repodoc/recursos?uid=64f42364a287fe9901d062afb6decac0' is set on object 'Object Repository/Modulo Pruebas Bienestar/Publicación del evento/input'

2022-02-23 15:05:40 - [MESSAGE][PASSED] - Text 'http://192.168.2.80:8380/saraweb/repodoc/recursos?uid=64f42364a287fe9901d062afb6decac0' is set on object 'Object Repository/Modulo Pruebas Bienestar/Publicación del evento/input'

2022-02-23 15:05:40 - [TEST_STEP][PASSED] - click(findTestObject("Modulo Pruebas Bienestar/Publicación del evento/submit")): Object: 'Object Repository/Modulo Pruebas Bienestar/Publicación del evento/submit' is clicked on

2022-02-23 15:05:41 - [MESSAGE][PASSED] - Object: 'Object Repository/Modulo Pruebas Bienestar/Publicación del evento/submit' is clicked on

2022-02-23 15:05:41 - [TEST_STEP][PASSED] - setText(findTestObject("Modulo Pruebas Bienestar/Publicación del evento/input_Fecha Publicacin_form_publicacionEventofechaInicialPub_input"), FechaI): Text '23/2/2022' is set on object 'Object Repository/Modulo Pruebas Bienestar/Publicación del evento/input_Fecha Publicacin_form_publicacionEventofechaInicialPub_input'

2022-02-23 15:05:42 - [MESSAGE][PASSED] - Text '23/2/2022' is set on object 'Object Repository/Modulo Pruebas Bienestar/Publicación del evento/input_Fecha Publicacin_form_publicacionEventofechaInicialPub_input'

2022-02-23 15:05:42 - [TEST_STEP][PASSED] - setText(findTestObject("Modulo Pruebas Bienestar/Publicación del evento/input_Fecha Final_form_publicacionEventofechaFinalPub_input"), FechaF): Text '10/3/2022' is set on object 'Object Repository/Modulo Pruebas Bienestar/Publicación del evento/input_Fecha Final_form_publicacionEventofechaFinalPub_input'

2022-02-23 15:05:43 - [MESSAGE][PASSED] - Text '10/3/2022' is set on object 'Object Repository/Modulo Pruebas Bienestar/Publicación del evento/input_Fecha Final_form_publicacionEventofechaFinalPub_input'

2022-02-23 15:05:43 - [TEST_STEP][PASSED] - click(findTestObject("Modulo Pruebas Bienestar/Publicación del evento/a_Actualizar")): Object: 'Object Repository/Modulo Pruebas Bienestar/Publicación del evento/a_Actualizar' is clicked on

2022-02-23 15:05:43 - [MESSAGE][PASSED] - Object: 'Object Repository/Modulo Pruebas Bienestar/Publicación del evento/a_Actualizar' is clicked on

2022-02-23 15:05:43 - [TEST_STEP][PASSED] - setText(findTestObject("Modulo Pruebas Bienestar/Publicación del evento/input_Evento Bienestar_form_templatej_idt24_input"), "inscripcion evento"): Text 'inscripcion evento' is set on object 'Object Repository/Modulo Pruebas Bienestar/Publicación del evento/input_Evento Bienestar_form_templatej_idt24_input'

2022-02-23 15:05:45 - [MESSAGE][PASSED] - Text 'inscripcion evento' is set on object 'Object Repository/Modulo Pruebas Bienestar/Publicación del evento/input_Evento Bienestar_form_templatej_idt24_input'

2022-02-23 15:05:45 - [TEST_STEP][PASSED] - click(findTestObject("Modulo Pruebas Bienestar/Publicación del evento/li_Inscripcion Evento (bie)")): Object: 'Object Repository/Modulo Pruebas Bienestar/Publicación del evento/li_Inscripcion Evento (bie)' is clicked on

2022-02-23 15:05:47 - [MESSAGE][PASSED] - Object: 'Object Repository/Modulo Pruebas Bienestar/Publicación del evento/li_Inscripcion Evento (bie)' is clicked on

2022-02-23 15:05:47 - [TEST_STEP][PASSED] - delay(3): Delayed 3 second(s)

2022-02-23 15:05:50 - [MESSAGE][PASSED] - Delayed 3 second(s)

2022-02-23 15:05:50 - [TEST_STEP][PASSED] - callTestCase(findTestCase("Utilidades-(atajos_para _tareas)/Modulos/Modulo bienestar-eventos"), [:], STOP_ON_FAILURE): Call Test Case 'Test Cases/Utilidades-(atajos_para _tareas)/Modulos/Modulo bienestar-eventos' successfully

2022-02-23 15:05:50 - [TEST_CASE][PASSED] - Test Cases/Utilidades-(atajos_para _tareas)/Modulos/Modulo bienestar-eventos: Test Cases/Utilidades-(atajos_para _tareas)/Modulos/Modulo bienestar-eventos

2022-02-23 15:05:50 - [TEST_STEP][PASSED] - callTestCase(findTestCase("0.1-Login"), [:], STOP_ON_FAILURE): Call Test Case 'Test Cases/0.1-Login' successfully

2022-02-23 15:05:50 - [TEST_CASE][PASSED] - Test Cases/0.1-Login: Test Cases/0.1-Login

2022-02-23 15:05:50 - [TEST_STEP][PASSED] - openBrowser(""): Browser is opened with url: ''

2022-02-23 15:05:50 - [MESSAGE][WARNING] - A browser is already opened. Closing browser and opening a new one

2022-02-23 15:05:50 - [MESSAGE][INFO] - Starting 'Chrome' driver

2022-02-23 15:05:50 - [MESSAGE][INFO] - Action delay is set to 0 milliseconds

2022-02-23 15:05:52 - [MESSAGE][PASSED] - Browser is opened with url: ''

2022-02-23 15:05:52 - [TEST_STEP][PASSED] - maximizeWindow(): Current window maximized

2022-02-23 15:05:52 - [MESSAGE][PASSED] - Current window maximized

2022-02-23 15:05:52 - [TEST_STEP][PASSED] - i = G_Login: null

2022-02-23 15:05:52 - [TEST_STEP][PASSED] - url = new java.net.URL(i): null

2022-02-23 15:05:52 - [TEST_STEP][PASSED] - println("URL: " + url.toString()): null

2022-02-23 15:05:52 - [TEST_STEP][PASSED] - connection = url.openConnection(): null

2022-02-23 15:05:52 - [TEST_STEP][PASSED] - connection.setRequestMethod("GET"): null

2022-02-23 15:05:52 - [TEST_STEP][PASSED] - connection.setReadTimeout(2 * 1000): null

2022-02-23 15:05:52 - [TEST_STEP][PASSED] - try: null

2022-02-23 15:05:52 - [TEST_STEP][PASSED] - connection.connect(): null

2022-02-23 15:05:52 - [TEST_STEP][PASSED] - flag = connected: null

2022-02-23 15:05:52 - [TEST_STEP][PASSED] - println("Valor_ori: " + flag): null

2022-02-23 15:05:52 - [TEST_STEP][PASSED] - if (flag): null

2022-02-23 15:05:52 - [TEST_STEP][PASSED] - navigateToUrl(i): Navigate to 'http://192.168.2.80:8380/saraweb' successfully

2022-02-23 15:05:52 - [MESSAGE][PASSED] - Navigate to 'http://192.168.2.80:8380/saraweb' successfully

2022-02-23 15:05:52 - [TEST_STEP][PASSED] - a(): null

2022-02-23 15:05:52 - [TEST_STEP][PASSED] - setText(findTestObject("Login/input_USUARIO_loginusuario"), G_Usuario): Text 'saraadmin' is set on object 'Object Repository/Login/input_USUARIO_loginusuario'

2022-02-23 15:05:53 - [MESSAGE][PASSED] - Text 'saraadmin' is set on object 'Object Repository/Login/input_USUARIO_loginusuario'

2022-02-23 15:05:53 - [TEST_STEP][PASSED] - setEncryptedText(findTestObject("Login/input_CLAVE_loginpassword"), "MkG4/TYiCFC3cb2driP7+Q=="): Text ****** has been set on object 'Object Repository/Login/input_CLAVE_loginpassword'

2022-02-23 15:05:53 - [MESSAGE][PASSED] - Text ****** has been set on object 'Object Repository/Login/input_CLAVE_loginpassword'

2022-02-23 15:05:53 - [TEST_STEP][PASSED] - waitForElementClickable(findTestObject("Login/a_Ingresar"), G_TimeOut): Object 'Object Repository/Login/a_Ingresar' is clickable

2022-02-23 15:05:54 - [MESSAGE][PASSED] - Object 'Object Repository/Login/a_Ingresar' is clickable

2022-02-23 15:05:54 - [TEST_STEP][PASSED] - click(findTestObject("Login/a_Ingresar")): Object: 'Object Repository/Login/a_Ingresar' is clicked on

2022-02-23 15:05:55 - [MESSAGE][PASSED] - Object: 'Object Repository/Login/a_Ingresar' is clicked on

2022-02-23 15:05:55 - [TEST_STEP][PASSED] - element = findWebElement(findTestObject("Login/a_Ir"), 30): null

2022-02-23 15:05:56 - [TEST_STEP][PASSED] - executeJavaScript("arguments[0].click()", Arrays.asList(element)): Execute JavaScript 'arguments[0].click()' successfully

2022-02-23 15:05:56 - [MESSAGE][PASSED] - Execute JavaScript 'arguments[0].click()' successfully

2022-02-23 15:05:56 - [MESSAGE][PASSED] - Call Test Case 'Test Cases/0.1-Login' successfully

2022-02-23 15:05:56 - [TEST_STEP][PASSED] - waitForElementClickable(findTestObject("Modulo bienestar-eventos/input_ADMINISTRADOR DEL SISTEMA"), 0): Object 'Object Repository/Modulo bienestar-eventos/input_ADMINISTRADOR DEL SISTEMA' is clickable

2022-02-23 15:05:56 - [MESSAGE][WARNING] - Timeout '0' is invalid. Using default page load timeout: '30'

2022-02-23 15:05:56 - [MESSAGE][PASSED] - Object 'Object Repository/Modulo bienestar-eventos/input_ADMINISTRADOR DEL SISTEMA' is clickable

2022-02-23 15:05:56 - [TEST_STEP][PASSED] - setText(findTestObject("Modulo bienestar-eventos/input_ADMINISTRADOR DEL SISTEMA"), "eventos (bie)"): Text 'eventos (bie)' is set on object 'Object Repository/Modulo bienestar-eventos/input_ADMINISTRADOR DEL SISTEMA'

2022-02-23 15:05:57 - [MESSAGE][PASSED] - Text 'eventos (bie)' is set on object 'Object Repository/Modulo bienestar-eventos/input_ADMINISTRADOR DEL SISTEMA'

2022-02-23 15:05:57 - [TEST_STEP][PASSED] - click(findTestObject("Modulo bienestar-eventos/span_Eventos (bie)")): Object: 'Object Repository/Modulo bienestar-eventos/span_Eventos (bie)' is clicked on

2022-02-23 15:05:59 - [MESSAGE][PASSED] - Object: 'Object Repository/Modulo bienestar-eventos/span_Eventos (bie)' is clicked on

2022-02-23 15:05:59 - [MESSAGE][PASSED] - Call Test Case 'Test Cases/Utilidades-(atajos_para _tareas)/Modulos/Modulo bienestar-eventos' successfully

2022-02-23 15:05:59 - [TEST_STEP][PASSED] - click(findTestObject("Modulo Pruebas Bienestar/Publicación del evento/td_Prueba-S-SH")): Object: 'Object Repository/Modulo Pruebas Bienestar/Publicación del evento/td_Prueba-S-SH' is clicked on

2022-02-23 15:06:00 - [MESSAGE][PASSED] - Object: 'Object Repository/Modulo Pruebas Bienestar/Publicación del evento/td_Prueba-S-SH' is clicked on

2022-02-23 15:06:00 - [TEST_STEP][PASSED] - click(findTestObject("Modulo Pruebas Bienestar/Publicación del evento/a_Publicacin")): Object: 'Object Repository/Modulo Pruebas Bienestar/Publicación del evento/a_Publicacin' is clicked on

2022-02-23 15:06:01 - [MESSAGE][PASSED] - Object: 'Object Repository/Modulo Pruebas Bienestar/Publicación del evento/a_Publicacin' is clicked on

2022-02-23 15:06:01 - [TEST_STEP][PASSED] - if (waitForElementClickable(findTestObject("Modulo Pruebas Bienestar/Publicación del evento/a_httplocalhost8380sarawebrepodocrecursosuid9dc2ce980076ceb250408bf7ce50f4ab_form_publicacionEventotabla10j_idt241"), 1)): Web element with id: 'Object Repository/Modulo Pruebas Bienestar/Publicación del evento/a_httplocalhost8380sarawebrepodocrecursosuid9dc2ce980076ceb250408bf7ce50f4ab_form_publicacionEventotabla10j_idt241' located by '//div/div/table/tbody/tr/td[3]/a' not found

2022-02-23 15:06:04 - [MESSAGE][INFO] - Unable to find the element located by 'By.xpath: //div/div/table/tbody/tr/td[3]/a'. Please recheck the objects properties to make sure the desired element is located. 

2022-02-23 15:06:04 - [MESSAGE][WARNING] - Web element with id: 'Object Repository/Modulo Pruebas Bienestar/Publicación del evento/a_httplocalhost8380sarawebrepodocrecursosuid9dc2ce980076ceb250408bf7ce50f4ab_form_publicacionEventotabla10j_idt241' located by '//div/div/table/tbody/tr/td[3]/a' not found

2022-02-23 15:06:04 - [TEST_STEP][PASSED] - ruta2 = G_rutaarchivos + "saraapp.png": null

2022-02-23 15:06:04 - [TEST_STEP][PASSED] - uploadFile(findTestObject("Modulo Pruebas Bienestar/Publicación del evento/input_Choose_form_publicacionEventotabla1archivo_input"), ruta2): File 'E:\unionweb14\saraapp.png' sent to object: 'Object Repository/Modulo Pruebas Bienestar/Publicación del evento/input_Choose_form_publicacionEventotabla1archivo_input'

2022-02-23 15:06:04 - [MESSAGE][PASSED] - File 'E:\unionweb14\saraapp.png' sent to object: 'Object Repository/Modulo Pruebas Bienestar/Publicación del evento/input_Choose_form_publicacionEventotabla1archivo_input'

2022-02-23 15:06:04 - [TEST_STEP][PASSED] - click(findTestObject("Modulo Pruebas Bienestar/Publicación del evento/input_Choose_form_publicacionEventotabla1subir")): Object: 'Object Repository/Modulo Pruebas Bienestar/Publicación del evento/input_Choose_form_publicacionEventotabla1subir' is clicked on

2022-02-23 15:06:06 - [MESSAGE][PASSED] - Object: 'Object Repository/Modulo Pruebas Bienestar/Publicación del evento/input_Choose_form_publicacionEventotabla1subir' is clicked on

2022-02-23 15:06:06 - [TEST_STEP][PASSED] - delay(2): Delayed 2 second(s)

2022-02-23 15:06:08 - [MESSAGE][PASSED] - Delayed 2 second(s)

2022-02-23 15:06:08 - [TEST_STEP][PASSED] - Imagen2 = getText(findTestObject("Modulo Pruebas Bienestar/Publicación del evento/span_httplocalhost8380sarawebrepodocrecursosuid9dc2ce980076ceb250408bf7ce50f4ab")): Text of object 'Object Repository/Modulo Pruebas Bienestar/Publicación del evento/span_httplocalhost8380sarawebrepodocrecursosuid9dc2ce980076ceb250408bf7ce50f4ab' is: 'http://192.168.2.80:8380/saraweb/repodoc/recursos?uid=1b4c2139c049d55efdb2cd1490277527'

2022-02-23 15:06:08 - [MESSAGE][PASSED] - Text of object 'Object Repository/Modulo Pruebas Bienestar/Publicación del evento/span_httplocalhost8380sarawebrepodocrecursosuid9dc2ce980076ceb250408bf7ce50f4ab' is: 'http://192.168.2.80:8380/saraweb/repodoc/recursos?uid=1b4c2139c049d55efdb2cd1490277527'

2022-02-23 15:06:08 - [TEST_STEP][PASSED] - click(findTestObject("Modulo Pruebas Bienestar/Publicación del evento/input_HTML")): Object: 'Object Repository/Modulo Pruebas Bienestar/Publicación del evento/input_HTML' is clicked on

2022-02-23 15:06:09 - [MESSAGE][PASSED] - Object: 'Object Repository/Modulo Pruebas Bienestar/Publicación del evento/input_HTML' is clicked on

2022-02-23 15:06:09 - [TEST_STEP][PASSED] - click(findTestObject("Modulo Pruebas Bienestar/Publicación del evento/div_Contenido_ui-editor-button")): Object: 'Object Repository/Modulo Pruebas Bienestar/Publicación del evento/div_Contenido_ui-editor-button' is clicked on

2022-02-23 15:06:09 - [MESSAGE][PASSED] - Object: 'Object Repository/Modulo Pruebas Bienestar/Publicación del evento/div_Contenido_ui-editor-button' is clicked on

2022-02-23 15:06:09 - [TEST_STEP][PASSED] - setText(findTestObject("Modulo Pruebas Bienestar/Publicación del evento/input"), Imagen2): Text 'http://192.168.2.80:8380/saraweb/repodoc/recursos?uid=1b4c2139c049d55efdb2cd1490277527' is set on object 'Object Repository/Modulo Pruebas Bienestar/Publicación del evento/input'

2022-02-23 15:06:10 - [MESSAGE][PASSED] - Text 'http://192.168.2.80:8380/saraweb/repodoc/recursos?uid=1b4c2139c049d55efdb2cd1490277527' is set on object 'Object Repository/Modulo Pruebas Bienestar/Publicación del evento/input'

2022-02-23 15:06:10 - [TEST_STEP][PASSED] - click(findTestObject("Modulo Pruebas Bienestar/Publicación del evento/submit")): Object: 'Object Repository/Modulo Pruebas Bienestar/Publicación del evento/submit' is clicked on

2022-02-23 15:06:11 - [MESSAGE][PASSED] - Object: 'Object Repository/Modulo Pruebas Bienestar/Publicación del evento/submit' is clicked on

2022-02-23 15:06:11 - [TEST_STEP][PASSED] - setText(findTestObject("Modulo Pruebas Bienestar/Publicación del evento/input_Fecha Publicacin_form_publicacionEventofechaInicialPub_input"), FechaI): Text '23/2/2022' is set on object 'Object Repository/Modulo Pruebas Bienestar/Publicación del evento/input_Fecha Publicacin_form_publicacionEventofechaInicialPub_input'

2022-02-23 15:06:12 - [MESSAGE][PASSED] - Text '23/2/2022' is set on object 'Object Repository/Modulo Pruebas Bienestar/Publicación del evento/input_Fecha Publicacin_form_publicacionEventofechaInicialPub_input'

2022-02-23 15:06:12 - [TEST_STEP][PASSED] - setText(findTestObject("Modulo Pruebas Bienestar/Publicación del evento/input_Fecha Final_form_publicacionEventofechaFinalPub_input"), FechaF): Text '10/3/2022' is set on object 'Object Repository/Modulo Pruebas Bienestar/Publicación del evento/input_Fecha Final_form_publicacionEventofechaFinalPub_input'

2022-02-23 15:06:13 - [MESSAGE][PASSED] - Text '10/3/2022' is set on object 'Object Repository/Modulo Pruebas Bienestar/Publicación del evento/input_Fecha Final_form_publicacionEventofechaFinalPub_input'

2022-02-23 15:06:13 - [TEST_STEP][PASSED] - click(findTestObject("Modulo Pruebas Bienestar/Publicación del evento/a_Actualizar")): Object: 'Object Repository/Modulo Pruebas Bienestar/Publicación del evento/a_Actualizar' is clicked on

2022-02-23 15:06:13 - [MESSAGE][PASSED] - Object: 'Object Repository/Modulo Pruebas Bienestar/Publicación del evento/a_Actualizar' is clicked on

2022-02-23 15:06:13 - [TEST_STEP][PASSED] - setText(findTestObject("Modulo Pruebas Bienestar/Publicación del evento/input_Evento Bienestar_form_templatej_idt24_input"), "inscripcion evento"): Text 'inscripcion evento' is set on object 'Object Repository/Modulo Pruebas Bienestar/Publicación del evento/input_Evento Bienestar_form_templatej_idt24_input'

2022-02-23 15:06:15 - [MESSAGE][PASSED] - Text 'inscripcion evento' is set on object 'Object Repository/Modulo Pruebas Bienestar/Publicación del evento/input_Evento Bienestar_form_templatej_idt24_input'

2022-02-23 15:06:15 - [TEST_STEP][PASSED] - click(findTestObject("Modulo Pruebas Bienestar/Publicación del evento/li_Inscripcion Evento (bie)")): Object: 'Object Repository/Modulo Pruebas Bienestar/Publicación del evento/li_Inscripcion Evento (bie)' is clicked on

2022-02-23 15:06:16 - [MESSAGE][PASSED] - Object: 'Object Repository/Modulo Pruebas Bienestar/Publicación del evento/li_Inscripcion Evento (bie)' is clicked on

2022-02-23 15:06:16 - [TEST_STEP][PASSED] - delay(3): Delayed 3 second(s)

2022-02-23 15:06:19 - [MESSAGE][PASSED] - Delayed 3 second(s)

2022-02-23 15:06:19 - [TEST_STEP][PASSED] - closeBrowser(): Browser is closed

2022-02-23 15:06:20 - [MESSAGE][PASSED] - Browser is closed]]></system-out>
         <system-err><![CDATA[]]></system-err>
      </testcase>
      <testcase name="Test Cases/3.1-Pruebas_Bienestar/3.1.6-Programación" time="23.387" classname="Test Cases/3.1-Pruebas_Bienestar/3.1.6-Programación" status="PASSED">
         <system-out><![CDATA[2022-02-23 15:06:20 - [TEST_CASE][PASSED] - Test Cases/3.1-Pruebas_Bienestar/3.1.6-Programación: Test Cases/3.1-Pruebas_Bienestar/3.1.6-Programación

2022-02-23 15:06:20 - [TEST_STEP][PASSED] - callTestCase(findTestCase("Utilidades-(atajos_para _tareas)/Modulos/Modulo bienestar-eventos"), [:], STOP_ON_FAILURE): Call Test Case 'Test Cases/Utilidades-(atajos_para _tareas)/Modulos/Modulo bienestar-eventos' successfully

2022-02-23 15:06:20 - [TEST_CASE][PASSED] - Test Cases/Utilidades-(atajos_para _tareas)/Modulos/Modulo bienestar-eventos: Test Cases/Utilidades-(atajos_para _tareas)/Modulos/Modulo bienestar-eventos

2022-02-23 15:06:20 - [TEST_STEP][PASSED] - callTestCase(findTestCase("0.1-Login"), [:], STOP_ON_FAILURE): Call Test Case 'Test Cases/0.1-Login' successfully

2022-02-23 15:06:20 - [TEST_CASE][PASSED] - Test Cases/0.1-Login: Test Cases/0.1-Login

2022-02-23 15:06:20 - [TEST_STEP][PASSED] - openBrowser(""): Browser is opened with url: ''

2022-02-23 15:06:20 - [MESSAGE][INFO] - Starting 'Chrome' driver

2022-02-23 15:06:20 - [MESSAGE][INFO] - Action delay is set to 0 milliseconds

2022-02-23 15:06:22 - [MESSAGE][PASSED] - Browser is opened with url: ''

2022-02-23 15:06:22 - [TEST_STEP][PASSED] - maximizeWindow(): Current window maximized

2022-02-23 15:06:22 - [MESSAGE][PASSED] - Current window maximized

2022-02-23 15:06:22 - [TEST_STEP][PASSED] - i = G_Login: null

2022-02-23 15:06:22 - [TEST_STEP][PASSED] - url = new java.net.URL(i): null

2022-02-23 15:06:22 - [TEST_STEP][PASSED] - println("URL: " + url.toString()): null

2022-02-23 15:06:22 - [TEST_STEP][PASSED] - connection = url.openConnection(): null

2022-02-23 15:06:22 - [TEST_STEP][PASSED] - connection.setRequestMethod("GET"): null

2022-02-23 15:06:22 - [TEST_STEP][PASSED] - connection.setReadTimeout(2 * 1000): null

2022-02-23 15:06:22 - [TEST_STEP][PASSED] - try: null

2022-02-23 15:06:22 - [TEST_STEP][PASSED] - connection.connect(): null

2022-02-23 15:06:22 - [TEST_STEP][PASSED] - flag = connected: null

2022-02-23 15:06:22 - [TEST_STEP][PASSED] - println("Valor_ori: " + flag): null

2022-02-23 15:06:22 - [TEST_STEP][PASSED] - if (flag): null

2022-02-23 15:06:22 - [TEST_STEP][PASSED] - navigateToUrl(i): Navigate to 'http://192.168.2.80:8380/saraweb' successfully

2022-02-23 15:06:22 - [MESSAGE][PASSED] - Navigate to 'http://192.168.2.80:8380/saraweb' successfully

2022-02-23 15:06:22 - [TEST_STEP][PASSED] - a(): null

2022-02-23 15:06:22 - [TEST_STEP][PASSED] - setText(findTestObject("Login/input_USUARIO_loginusuario"), G_Usuario): Text 'saraadmin' is set on object 'Object Repository/Login/input_USUARIO_loginusuario'

2022-02-23 15:06:23 - [MESSAGE][PASSED] - Text 'saraadmin' is set on object 'Object Repository/Login/input_USUARIO_loginusuario'

2022-02-23 15:06:23 - [TEST_STEP][PASSED] - setEncryptedText(findTestObject("Login/input_CLAVE_loginpassword"), "MkG4/TYiCFC3cb2driP7+Q=="): Text ****** has been set on object 'Object Repository/Login/input_CLAVE_loginpassword'

2022-02-23 15:06:23 - [MESSAGE][PASSED] - Text ****** has been set on object 'Object Repository/Login/input_CLAVE_loginpassword'

2022-02-23 15:06:23 - [TEST_STEP][PASSED] - waitForElementClickable(findTestObject("Login/a_Ingresar"), G_TimeOut): Object 'Object Repository/Login/a_Ingresar' is clickable

2022-02-23 15:06:24 - [MESSAGE][PASSED] - Object 'Object Repository/Login/a_Ingresar' is clickable

2022-02-23 15:06:24 - [TEST_STEP][PASSED] - click(findTestObject("Login/a_Ingresar")): Object: 'Object Repository/Login/a_Ingresar' is clicked on

2022-02-23 15:06:26 - [MESSAGE][PASSED] - Object: 'Object Repository/Login/a_Ingresar' is clicked on

2022-02-23 15:06:26 - [TEST_STEP][PASSED] - element = findWebElement(findTestObject("Login/a_Ir"), 30): null

2022-02-23 15:06:27 - [TEST_STEP][PASSED] - executeJavaScript("arguments[0].click()", Arrays.asList(element)): Execute JavaScript 'arguments[0].click()' successfully

2022-02-23 15:06:27 - [MESSAGE][PASSED] - Execute JavaScript 'arguments[0].click()' successfully

2022-02-23 15:06:27 - [MESSAGE][PASSED] - Call Test Case 'Test Cases/0.1-Login' successfully

2022-02-23 15:06:27 - [TEST_STEP][PASSED] - waitForElementClickable(findTestObject("Modulo bienestar-eventos/input_ADMINISTRADOR DEL SISTEMA"), 0): Object 'Object Repository/Modulo bienestar-eventos/input_ADMINISTRADOR DEL SISTEMA' is clickable

2022-02-23 15:06:27 - [MESSAGE][WARNING] - Timeout '0' is invalid. Using default page load timeout: '30'

2022-02-23 15:06:28 - [MESSAGE][PASSED] - Object 'Object Repository/Modulo bienestar-eventos/input_ADMINISTRADOR DEL SISTEMA' is clickable

2022-02-23 15:06:28 - [TEST_STEP][PASSED] - setText(findTestObject("Modulo bienestar-eventos/input_ADMINISTRADOR DEL SISTEMA"), "eventos (bie)"): Text 'eventos (bie)' is set on object 'Object Repository/Modulo bienestar-eventos/input_ADMINISTRADOR DEL SISTEMA'

2022-02-23 15:06:28 - [MESSAGE][PASSED] - Text 'eventos (bie)' is set on object 'Object Repository/Modulo bienestar-eventos/input_ADMINISTRADOR DEL SISTEMA'

2022-02-23 15:06:28 - [TEST_STEP][PASSED] - click(findTestObject("Modulo bienestar-eventos/span_Eventos (bie)")): Object: 'Object Repository/Modulo bienestar-eventos/span_Eventos (bie)' is clicked on

2022-02-23 15:06:30 - [MESSAGE][PASSED] - Object: 'Object Repository/Modulo bienestar-eventos/span_Eventos (bie)' is clicked on

2022-02-23 15:06:30 - [MESSAGE][PASSED] - Call Test Case 'Test Cases/Utilidades-(atajos_para _tareas)/Modulos/Modulo bienestar-eventos' successfully

2022-02-23 15:06:30 - [TEST_STEP][PASSED] - click(findTestObject("Modulo Pruebas Bienestar/Programación/td_Evento Salud Unico")): Object: 'Object Repository/Modulo Pruebas Bienestar/Programación/td_Evento Salud Unico' is clicked on

2022-02-23 15:06:31 - [MESSAGE][PASSED] - Object: 'Object Repository/Modulo Pruebas Bienestar/Programación/td_Evento Salud Unico' is clicked on

2022-02-23 15:06:31 - [TEST_STEP][PASSED] - click(findTestObject("Modulo Pruebas Bienestar/Programación/a_Programacin")): Object: 'Object Repository/Modulo Pruebas Bienestar/Programación/a_Programacin' is clicked on

2022-02-23 15:06:33 - [MESSAGE][PASSED] - Object: 'Object Repository/Modulo Pruebas Bienestar/Programación/a_Programacin' is clicked on

2022-02-23 15:06:33 - [TEST_STEP][PASSED] - if (waitForElementClickable(findTestObject("Modulo Pruebas Bienestar/Programación/a_MAR-MIE 0500-0600_form_programacionMomentoEventotablaMomentoEventoHorario0j_idt836"), 1)): Web element with id: 'Object Repository/Modulo Pruebas Bienestar/Programación/a_MAR-MIE 0500-0600_form_programacionMomentoEventotablaMomentoEventoHorario0j_idt836' located by '//a[@id='form_programacionMomentoEvento:tablaMomentoEventoHorario:0:j_idt836']' not found

2022-02-23 15:06:35 - [MESSAGE][INFO] - Unable to find the element located by 'By.xpath: //a[@id='form_programacionMomentoEvento:tablaMomentoEventoHorario:0:j_idt836']'. Please recheck the objects properties to make sure the desired element is located. 

2022-02-23 15:06:35 - [MESSAGE][WARNING] - Web element with id: 'Object Repository/Modulo Pruebas Bienestar/Programación/a_MAR-MIE 0500-0600_form_programacionMomentoEventotablaMomentoEventoHorario0j_idt836' located by '//a[@id='form_programacionMomentoEvento:tablaMomentoEventoHorario:0:j_idt836']' not found

2022-02-23 15:06:35 - [TEST_STEP][PASSED] - setText(findTestObject("Modulo Pruebas Bienestar/Programación/input_Horario_form_programacionMomentoEventotablaMomentoEventoHorariofechaIniciaPME_input"), "27/11/2018"): Text '27/11/2018' is set on object 'Object Repository/Modulo Pruebas Bienestar/Programación/input_Horario_form_programacionMomentoEventotablaMomentoEventoHorariofechaIniciaPME_input'

2022-02-23 15:06:36 - [MESSAGE][PASSED] - Text '27/11/2018' is set on object 'Object Repository/Modulo Pruebas Bienestar/Programación/input_Horario_form_programacionMomentoEventotablaMomentoEventoHorariofechaIniciaPME_input'

2022-02-23 15:06:36 - [TEST_STEP][PASSED] - setText(findTestObject("Modulo Pruebas Bienestar/Programación/input_Horario_form_programacionMomentoEventotablaMomentoEventoHorariofechaTerminaPME_input"), "28/11/2018"): Text '28/11/2018' is set on object 'Object Repository/Modulo Pruebas Bienestar/Programación/input_Horario_form_programacionMomentoEventotablaMomentoEventoHorariofechaTerminaPME_input'

2022-02-23 15:06:37 - [MESSAGE][PASSED] - Text '28/11/2018' is set on object 'Object Repository/Modulo Pruebas Bienestar/Programación/input_Horario_form_programacionMomentoEventotablaMomentoEventoHorariofechaTerminaPME_input'

2022-02-23 15:06:37 - [TEST_STEP][PASSED] - click(findTestObject("Modulo Pruebas Bienestar/Programación/a_Horario_form_programacionMomentoEventotablaMomentoEventoHorarioj_idt833")): Object: 'Object Repository/Modulo Pruebas Bienestar/Programación/a_Horario_form_programacionMomentoEventotablaMomentoEventoHorarioj_idt833' is clicked on

2022-02-23 15:06:37 - [MESSAGE][PASSED] - Object: 'Object Repository/Modulo Pruebas Bienestar/Programación/a_Horario_form_programacionMomentoEventotablaMomentoEventoHorarioj_idt833' is clicked on

2022-02-23 15:06:37 - [TEST_STEP][PASSED] - check(findTestObject("Modulo Pruebas Bienestar/Programación/label_MAR")): Object 'Object Repository/Modulo Pruebas Bienestar/Programación/label_MAR' is checked

2022-02-23 15:06:38 - [MESSAGE][PASSED] - Object 'Object Repository/Modulo Pruebas Bienestar/Programación/label_MAR' is checked

2022-02-23 15:06:38 - [TEST_STEP][PASSED] - check(findTestObject("Modulo Pruebas Bienestar/Programación/label_MIE")): Object 'Object Repository/Modulo Pruebas Bienestar/Programación/label_MIE' is checked

2022-02-23 15:06:39 - [MESSAGE][PASSED] - Object 'Object Repository/Modulo Pruebas Bienestar/Programación/label_MIE' is checked

2022-02-23 15:06:39 - [TEST_STEP][PASSED] - selectOptionByIndex(findTestObject("Modulo Pruebas Bienestar/Programación/select_hora1"), 5): All options with index in [5] are selected on object 'Object Repository/Modulo Pruebas Bienestar/Programación/select_hora1'

2022-02-23 15:06:40 - [MESSAGE][PASSED] - All options with index in [5] are selected on object 'Object Repository/Modulo Pruebas Bienestar/Programación/select_hora1'

2022-02-23 15:06:40 - [TEST_STEP][PASSED] - selectOptionByIndex(findTestObject("Modulo Pruebas Bienestar/Programación/select_hora 2"), 6): All options with index in [6] are selected on object 'Object Repository/Modulo Pruebas Bienestar/Programación/select_hora 2'

2022-02-23 15:06:41 - [MESSAGE][PASSED] - All options with index in [6] are selected on object 'Object Repository/Modulo Pruebas Bienestar/Programación/select_hora 2'

2022-02-23 15:06:41 - [TEST_STEP][PASSED] - click(findTestObject("Modulo Pruebas Bienestar/Programación/a_mas_horario")): Object: 'Object Repository/Modulo Pruebas Bienestar/Programación/a_mas_horario' is clicked on

2022-02-23 15:06:41 - [MESSAGE][PASSED] - Object: 'Object Repository/Modulo Pruebas Bienestar/Programación/a_mas_horario' is clicked on

2022-02-23 15:06:41 - [TEST_STEP][PASSED] - click(findTestObject("Modulo Pruebas Bienestar/Programación/a_Aplicar")): Object: 'Object Repository/Modulo Pruebas Bienestar/Programación/a_Aplicar' is clicked on

2022-02-23 15:06:42 - [MESSAGE][PASSED] - Object: 'Object Repository/Modulo Pruebas Bienestar/Programación/a_Aplicar' is clicked on

2022-02-23 15:06:42 - [TEST_STEP][PASSED] - click(findTestObject("Modulo Pruebas Bienestar/Programación/a_mas")): Object: 'Object Repository/Modulo Pruebas Bienestar/Programación/a_mas' is clicked on

2022-02-23 15:06:43 - [MESSAGE][PASSED] - Object: 'Object Repository/Modulo Pruebas Bienestar/Programación/a_mas' is clicked on

2022-02-23 15:06:43 - [TEST_STEP][PASSED] - closeBrowser(): Browser is closed

2022-02-23 15:06:43 - [MESSAGE][PASSED] - Browser is closed]]></system-out>
         <system-err><![CDATA[]]></system-err>
      </testcase>
      <testcase name="Test Cases/3.1-Pruebas_Bienestar/3.1.7-Programacion_Múltiple" time="55.865" classname="Test Cases/3.1-Pruebas_Bienestar/3.1.7-Programacion_Múltiple" status="PASSED">
         <system-out><![CDATA[2022-02-23 15:06:43 - [TEST_CASE][PASSED] - Test Cases/3.1-Pruebas_Bienestar/3.1.7-Programacion_Múltiple: Test Cases/3.1-Pruebas_Bienestar/3.1.7-Programacion_Múltiple

2022-02-23 15:06:44 - [TEST_STEP][PASSED] - today = new java.util.Date(): null

2022-02-23 15:06:44 - [TEST_STEP][PASSED] - Dia = today.format("dd"): null

2022-02-23 15:06:44 - [TEST_STEP][PASSED] - Mes = today.format("MM"): null

2022-02-23 15:06:44 - [TEST_STEP][PASSED] - MesN = today.format("MM"): null

2022-02-23 15:06:44 - [TEST_STEP][PASSED] - Año = today.format("yyyy"): null

2022-02-23 15:06:44 - [TEST_STEP][PASSED] - AñoN = today.format("yyyy"): null

2022-02-23 15:06:44 - [TEST_STEP][PASSED] - sumaD = Dia + 10: null

2022-02-23 15:06:44 - [TEST_STEP][PASSED] - sumaM = Mes + 1: null

2022-02-23 15:06:44 - [TEST_STEP][PASSED] - sumaA = Año + 1: null

2022-02-23 15:06:44 - [TEST_STEP][PASSED] - if (sumaD > 30): null

2022-02-23 15:06:44 - [TEST_STEP][PASSED] - sumaD = sumaD - Dia: null

2022-02-23 15:06:44 - [TEST_STEP][PASSED] - Mes = sumaM: null

2022-02-23 15:06:44 - [TEST_STEP][PASSED] - if (sumaM > 12): null

2022-02-23 15:06:44 - [TEST_STEP][PASSED] - Dia0 = Dia + 1: null

2022-02-23 15:06:44 - [TEST_STEP][PASSED] - restaD0 = sumaD - 1: null

2022-02-23 15:06:44 - [TEST_STEP][PASSED] - if (Dia0 > 30): null

2022-02-23 15:06:44 - [TEST_STEP][PASSED] - else: null

2022-02-23 15:06:44 - [TEST_STEP][PASSED] - Dia0: null

2022-02-23 15:06:44 - [TEST_STEP][PASSED] - MesN: null

2022-02-23 15:06:44 - [TEST_STEP][PASSED] - if (restaD0 < 1): null

2022-02-23 15:06:44 - [TEST_STEP][PASSED] - else: null

2022-02-23 15:06:44 - [TEST_STEP][PASSED] - restaD0: null

2022-02-23 15:06:44 - [TEST_STEP][PASSED] - Mes: null

2022-02-23 15:06:44 - [TEST_STEP][PASSED] - FechaI = Dia + "/" + MesN + "/" + AñoN: null

2022-02-23 15:06:44 - [TEST_STEP][PASSED] - FechaF = sumaD + "/" + Mes + "/" + Año: null

2022-02-23 15:06:44 - [TEST_STEP][PASSED] - FechaI0 = Dia0 + "/" + MesN + "/" + AñoN: null

2022-02-23 15:06:44 - [TEST_STEP][PASSED] - FechaF0 = restaD0 + "/" + Mes + "/" + Año: null

2022-02-23 15:06:44 - [TEST_STEP][PASSED] - callTestCase(findTestCase("Utilidades-(atajos_para _tareas)/Modulos/Modulo bienestar-eventos"), [:], STOP_ON_FAILURE): Call Test Case 'Test Cases/Utilidades-(atajos_para _tareas)/Modulos/Modulo bienestar-eventos' successfully

2022-02-23 15:06:44 - [TEST_CASE][PASSED] - Test Cases/Utilidades-(atajos_para _tareas)/Modulos/Modulo bienestar-eventos: Test Cases/Utilidades-(atajos_para _tareas)/Modulos/Modulo bienestar-eventos

2022-02-23 15:06:44 - [TEST_STEP][PASSED] - callTestCase(findTestCase("0.1-Login"), [:], STOP_ON_FAILURE): Call Test Case 'Test Cases/0.1-Login' successfully

2022-02-23 15:06:44 - [TEST_CASE][PASSED] - Test Cases/0.1-Login: Test Cases/0.1-Login

2022-02-23 15:06:44 - [TEST_STEP][PASSED] - openBrowser(""): Browser is opened with url: ''

2022-02-23 15:06:44 - [MESSAGE][INFO] - Starting 'Chrome' driver

2022-02-23 15:06:44 - [MESSAGE][INFO] - Action delay is set to 0 milliseconds

2022-02-23 15:06:45 - [MESSAGE][PASSED] - Browser is opened with url: ''

2022-02-23 15:06:45 - [TEST_STEP][PASSED] - maximizeWindow(): Current window maximized

2022-02-23 15:06:45 - [MESSAGE][PASSED] - Current window maximized

2022-02-23 15:06:45 - [TEST_STEP][PASSED] - i = G_Login: null

2022-02-23 15:06:45 - [TEST_STEP][PASSED] - url = new java.net.URL(i): null

2022-02-23 15:06:45 - [TEST_STEP][PASSED] - println("URL: " + url.toString()): null

2022-02-23 15:06:45 - [TEST_STEP][PASSED] - connection = url.openConnection(): null

2022-02-23 15:06:45 - [TEST_STEP][PASSED] - connection.setRequestMethod("GET"): null

2022-02-23 15:06:45 - [TEST_STEP][PASSED] - connection.setReadTimeout(2 * 1000): null

2022-02-23 15:06:45 - [TEST_STEP][PASSED] - try: null

2022-02-23 15:06:45 - [TEST_STEP][PASSED] - connection.connect(): null

2022-02-23 15:06:45 - [TEST_STEP][PASSED] - flag = connected: null

2022-02-23 15:06:45 - [TEST_STEP][PASSED] - println("Valor_ori: " + flag): null

2022-02-23 15:06:45 - [TEST_STEP][PASSED] - if (flag): null

2022-02-23 15:06:45 - [TEST_STEP][PASSED] - navigateToUrl(i): Navigate to 'http://192.168.2.80:8380/saraweb' successfully

2022-02-23 15:06:46 - [MESSAGE][PASSED] - Navigate to 'http://192.168.2.80:8380/saraweb' successfully

2022-02-23 15:06:46 - [TEST_STEP][PASSED] - a(): null

2022-02-23 15:06:46 - [TEST_STEP][PASSED] - setText(findTestObject("Login/input_USUARIO_loginusuario"), G_Usuario): Text 'saraadmin' is set on object 'Object Repository/Login/input_USUARIO_loginusuario'

2022-02-23 15:06:46 - [MESSAGE][PASSED] - Text 'saraadmin' is set on object 'Object Repository/Login/input_USUARIO_loginusuario'

2022-02-23 15:06:46 - [TEST_STEP][PASSED] - setEncryptedText(findTestObject("Login/input_CLAVE_loginpassword"), "MkG4/TYiCFC3cb2driP7+Q=="): Text ****** has been set on object 'Object Repository/Login/input_CLAVE_loginpassword'

2022-02-23 15:06:47 - [MESSAGE][PASSED] - Text ****** has been set on object 'Object Repository/Login/input_CLAVE_loginpassword'

2022-02-23 15:06:47 - [TEST_STEP][PASSED] - waitForElementClickable(findTestObject("Login/a_Ingresar"), G_TimeOut): Object 'Object Repository/Login/a_Ingresar' is clickable

2022-02-23 15:06:47 - [MESSAGE][PASSED] - Object 'Object Repository/Login/a_Ingresar' is clickable

2022-02-23 15:06:47 - [TEST_STEP][PASSED] - click(findTestObject("Login/a_Ingresar")): Object: 'Object Repository/Login/a_Ingresar' is clicked on

2022-02-23 15:06:49 - [MESSAGE][PASSED] - Object: 'Object Repository/Login/a_Ingresar' is clicked on

2022-02-23 15:06:49 - [TEST_STEP][PASSED] - element = findWebElement(findTestObject("Login/a_Ir"), 30): null

2022-02-23 15:06:50 - [TEST_STEP][PASSED] - executeJavaScript("arguments[0].click()", Arrays.asList(element)): Execute JavaScript 'arguments[0].click()' successfully

2022-02-23 15:06:50 - [MESSAGE][PASSED] - Execute JavaScript 'arguments[0].click()' successfully

2022-02-23 15:06:50 - [MESSAGE][PASSED] - Call Test Case 'Test Cases/0.1-Login' successfully

2022-02-23 15:06:50 - [TEST_STEP][PASSED] - waitForElementClickable(findTestObject("Modulo bienestar-eventos/input_ADMINISTRADOR DEL SISTEMA"), 0): Object 'Object Repository/Modulo bienestar-eventos/input_ADMINISTRADOR DEL SISTEMA' is clickable

2022-02-23 15:06:50 - [MESSAGE][WARNING] - Timeout '0' is invalid. Using default page load timeout: '30'

2022-02-23 15:06:51 - [MESSAGE][PASSED] - Object 'Object Repository/Modulo bienestar-eventos/input_ADMINISTRADOR DEL SISTEMA' is clickable

2022-02-23 15:06:51 - [TEST_STEP][PASSED] - setText(findTestObject("Modulo bienestar-eventos/input_ADMINISTRADOR DEL SISTEMA"), "eventos (bie)"): Text 'eventos (bie)' is set on object 'Object Repository/Modulo bienestar-eventos/input_ADMINISTRADOR DEL SISTEMA'

2022-02-23 15:06:51 - [MESSAGE][PASSED] - Text 'eventos (bie)' is set on object 'Object Repository/Modulo bienestar-eventos/input_ADMINISTRADOR DEL SISTEMA'

2022-02-23 15:06:51 - [TEST_STEP][PASSED] - click(findTestObject("Modulo bienestar-eventos/span_Eventos (bie)")): Object: 'Object Repository/Modulo bienestar-eventos/span_Eventos (bie)' is clicked on

2022-02-23 15:06:53 - [MESSAGE][PASSED] - Object: 'Object Repository/Modulo bienestar-eventos/span_Eventos (bie)' is clicked on

2022-02-23 15:06:53 - [MESSAGE][PASSED] - Call Test Case 'Test Cases/Utilidades-(atajos_para _tareas)/Modulos/Modulo bienestar-eventos' successfully

2022-02-23 15:06:53 - [TEST_STEP][PASSED] - click(findTestObject("Modulo Pruebas Bienestar/Programacion_Múltiple/td_Prueba-S")): Object: 'Object Repository/Modulo Pruebas Bienestar/Programacion_Múltiple/td_Prueba-S' is clicked on

2022-02-23 15:06:54 - [MESSAGE][PASSED] - Object: 'Object Repository/Modulo Pruebas Bienestar/Programacion_Múltiple/td_Prueba-S' is clicked on

2022-02-23 15:06:54 - [TEST_STEP][PASSED] - click(findTestObject("Modulo Pruebas Bienestar/Programacion_Múltiple/a_Momento Eventos")): Object: 'Object Repository/Modulo Pruebas Bienestar/Programacion_Múltiple/a_Momento Eventos' is clicked on

2022-02-23 15:06:55 - [MESSAGE][PASSED] - Object: 'Object Repository/Modulo Pruebas Bienestar/Programacion_Múltiple/a_Momento Eventos' is clicked on

2022-02-23 15:06:55 - [TEST_STEP][PASSED] - click(findTestObject("Modulo Pruebas Bienestar/Programacion_Múltiple/td_prueba")): Object: 'Object Repository/Modulo Pruebas Bienestar/Programacion_Múltiple/td_prueba' is clicked on

2022-02-23 15:06:56 - [MESSAGE][PASSED] - Object: 'Object Repository/Modulo Pruebas Bienestar/Programacion_Múltiple/td_prueba' is clicked on

2022-02-23 15:06:56 - [TEST_STEP][PASSED] - if (waitForElementClickable(findTestObject("Modulo Pruebas Bienestar/Programacion_Múltiple/a_MAR-MIE 0500-0600_popupMomentoEvento_formtablaMomentoEventoHorarioPopup0j_idt1582"), 1)): Web element with id: 'Object Repository/Modulo Pruebas Bienestar/Programacion_Múltiple/a_MAR-MIE 0500-0600_popupMomentoEvento_formtablaMomentoEventoHorarioPopup0j_idt1582' located by '//a[@id='popupMomentoEvento_form:tablaMomentoEventoHorarioPopup:0:j_idt1582']' not found

2022-02-23 15:06:58 - [MESSAGE][INFO] - Unable to find the element located by 'By.xpath: //a[@id='popupMomentoEvento_form:tablaMomentoEventoHorarioPopup:0:j_idt1582']'. Please recheck the objects properties to make sure the desired element is located. 

2022-02-23 15:06:58 - [MESSAGE][WARNING] - Web element with id: 'Object Repository/Modulo Pruebas Bienestar/Programacion_Múltiple/a_MAR-MIE 0500-0600_popupMomentoEvento_formtablaMomentoEventoHorarioPopup0j_idt1582' located by '//a[@id='popupMomentoEvento_form:tablaMomentoEventoHorarioPopup:0:j_idt1582']' not found

2022-02-23 15:06:58 - [TEST_STEP][PASSED] - setText(findTestObject("Modulo Pruebas Bienestar/Programacion_Múltiple/input_Inscripcin Inicial_popupMomentoEvento_formpMEInscripcionInicia_input"), FechaI): Text '23/2/2022' is set on object 'Object Repository/Modulo Pruebas Bienestar/Programacion_Múltiple/input_Inscripcin Inicial_popupMomentoEvento_formpMEInscripcionInicia_input'

2022-02-23 15:06:59 - [MESSAGE][PASSED] - Text '23/2/2022' is set on object 'Object Repository/Modulo Pruebas Bienestar/Programacion_Múltiple/input_Inscripcin Inicial_popupMomentoEvento_formpMEInscripcionInicia_input'

2022-02-23 15:06:59 - [TEST_STEP][PASSED] - setText(findTestObject("Modulo Pruebas Bienestar/Programacion_Múltiple/input_Inscripcin Termina_popupMomentoEvento_formpMEInscripcionFinaliza_input"), FechaF): Text '10/3/2022' is set on object 'Object Repository/Modulo Pruebas Bienestar/Programacion_Múltiple/input_Inscripcin Termina_popupMomentoEvento_formpMEInscripcionFinaliza_input'

2022-02-23 15:07:01 - [MESSAGE][PASSED] - Text '10/3/2022' is set on object 'Object Repository/Modulo Pruebas Bienestar/Programacion_Múltiple/input_Inscripcin Termina_popupMomentoEvento_formpMEInscripcionFinaliza_input'

2022-02-23 15:07:01 - [TEST_STEP][PASSED] - waitForElementPresent(findTestObject("Modulo Pruebas Bienestar/Programacion_Múltiple/input_Horario_popupMomentoEvento_formtablaMomentoEventoHorarioPopupfechaInicialPop_input"), 0): Object 'Object Repository/Modulo Pruebas Bienestar/Programacion_Múltiple/input_Horario_popupMomentoEvento_formtablaMomentoEventoHorarioPopupfechaInicialPop_input' is present

2022-02-23 15:07:01 - [MESSAGE][WARNING] - Timeout '0' is invalid. Using default page load timeout: '30'

2022-02-23 15:07:01 - [MESSAGE][PASSED] - Object 'Object Repository/Modulo Pruebas Bienestar/Programacion_Múltiple/input_Horario_popupMomentoEvento_formtablaMomentoEventoHorarioPopupfechaInicialPop_input' is present

2022-02-23 15:07:01 - [TEST_STEP][PASSED] - setText(findTestObject("Modulo Pruebas Bienestar/Programacion_Múltiple/input_Horario_popupMomentoEvento_formtablaMomentoEventoHorarioPopupfechaInicialPop_input"), FechaI): Text '23/2/2022' is set on object 'Object Repository/Modulo Pruebas Bienestar/Programacion_Múltiple/input_Horario_popupMomentoEvento_formtablaMomentoEventoHorarioPopupfechaInicialPop_input'

2022-02-23 15:07:02 - [MESSAGE][PASSED] - Text '23/2/2022' is set on object 'Object Repository/Modulo Pruebas Bienestar/Programacion_Múltiple/input_Horario_popupMomentoEvento_formtablaMomentoEventoHorarioPopupfechaInicialPop_input'

2022-02-23 15:07:02 - [TEST_STEP][PASSED] - sendKeys(findTestObject("Modulo Pruebas Bienestar/Programacion_Múltiple/input_Horario_popupMomentoEvento_formtablaMomentoEventoHorarioPopupfechaInicialPop_input"), Keys.chord(ENTER)): Keys 'ENTER + ' sent to object: 'Object Repository/Modulo Pruebas Bienestar/Programacion_Múltiple/input_Horario_popupMomentoEvento_formtablaMomentoEventoHorarioPopupfechaInicialPop_input'

2022-02-23 15:07:02 - [MESSAGE][PASSED] - Keys 'ENTER + ' sent to object: 'Object Repository/Modulo Pruebas Bienestar/Programacion_Múltiple/input_Horario_popupMomentoEvento_formtablaMomentoEventoHorarioPopupfechaInicialPop_input'

2022-02-23 15:07:02 - [TEST_STEP][PASSED] - waitForElementPresent(findTestObject("Modulo Pruebas Bienestar/Programacion_Múltiple/input_Horario_popupMomentoEvento_formtablaMomentoEventoHorarioPopuppMEFechaTerminaPopup_input"), 0): Object 'Object Repository/Modulo Pruebas Bienestar/Programacion_Múltiple/input_Horario_popupMomentoEvento_formtablaMomentoEventoHorarioPopuppMEFechaTerminaPopup_input' is present

2022-02-23 15:07:03 - [MESSAGE][WARNING] - Timeout '0' is invalid. Using default page load timeout: '30'

2022-02-23 15:07:03 - [MESSAGE][PASSED] - Object 'Object Repository/Modulo Pruebas Bienestar/Programacion_Múltiple/input_Horario_popupMomentoEvento_formtablaMomentoEventoHorarioPopuppMEFechaTerminaPopup_input' is present

2022-02-23 15:07:03 - [TEST_STEP][PASSED] - setText(findTestObject("Modulo Pruebas Bienestar/Programacion_Múltiple/input_Horario_popupMomentoEvento_formtablaMomentoEventoHorarioPopuppMEFechaTerminaPopup_input"), FechaF): Text '10/3/2022' is set on object 'Object Repository/Modulo Pruebas Bienestar/Programacion_Múltiple/input_Horario_popupMomentoEvento_formtablaMomentoEventoHorarioPopuppMEFechaTerminaPopup_input'

2022-02-23 15:07:04 - [MESSAGE][PASSED] - Text '10/3/2022' is set on object 'Object Repository/Modulo Pruebas Bienestar/Programacion_Múltiple/input_Horario_popupMomentoEvento_formtablaMomentoEventoHorarioPopuppMEFechaTerminaPopup_input'

2022-02-23 15:07:04 - [TEST_STEP][PASSED] - sendKeys(findTestObject("Modulo Pruebas Bienestar/Programacion_Múltiple/input_Horario_popupMomentoEvento_formtablaMomentoEventoHorarioPopuppMEFechaTerminaPopup_input"), Keys.chord(ESCAPE)): Keys 'ESCAPE + ' sent to object: 'Object Repository/Modulo Pruebas Bienestar/Programacion_Múltiple/input_Horario_popupMomentoEvento_formtablaMomentoEventoHorarioPopuppMEFechaTerminaPopup_input'

2022-02-23 15:07:04 - [MESSAGE][PASSED] - Keys 'ESCAPE + ' sent to object: 'Object Repository/Modulo Pruebas Bienestar/Programacion_Múltiple/input_Horario_popupMomentoEvento_formtablaMomentoEventoHorarioPopuppMEFechaTerminaPopup_input'

2022-02-23 15:07:04 - [TEST_STEP][PASSED] - click(findTestObject("Modulo Pruebas Bienestar/Programacion_Múltiple/a_Horario_popupMomentoEvento_formtablaMomentoEventoHorarioPopupj_idt1579"), STOP_ON_FAILURE): Object: 'Object Repository/Modulo Pruebas Bienestar/Programacion_Múltiple/a_Horario_popupMomentoEvento_formtablaMomentoEventoHorarioPopupj_idt1579' is clicked on

2022-02-23 15:07:05 - [MESSAGE][PASSED] - Object: 'Object Repository/Modulo Pruebas Bienestar/Programacion_Múltiple/a_Horario_popupMomentoEvento_formtablaMomentoEventoHorarioPopupj_idt1579' is clicked on

2022-02-23 15:07:05 - [TEST_STEP][PASSED] - sendKeys(findTestObject("Modulo Pruebas Bienestar/Programacion_Múltiple/input_Horario_popupMomentoEvento_formtablaMomentoEventoHorarioPopuppMEFechaTerminaPopup_input"), Keys.chord(ENTER)): Keys 'ENTER + ' sent to object: 'Object Repository/Modulo Pruebas Bienestar/Programacion_Múltiple/input_Horario_popupMomentoEvento_formtablaMomentoEventoHorarioPopuppMEFechaTerminaPopup_input'

2022-02-23 15:07:06 - [MESSAGE][PASSED] - Keys 'ENTER + ' sent to object: 'Object Repository/Modulo Pruebas Bienestar/Programacion_Múltiple/input_Horario_popupMomentoEvento_formtablaMomentoEventoHorarioPopuppMEFechaTerminaPopup_input'

2022-02-23 15:07:06 - [TEST_STEP][PASSED] - waitForElementClickable(findTestObject("Modulo Pruebas Bienestar/Programacion_Múltiple/label_MAR"), 0): Object 'Object Repository/Modulo Pruebas Bienestar/Programacion_Múltiple/label_MAR' is clickable

2022-02-23 15:07:06 - [MESSAGE][WARNING] - Timeout '0' is invalid. Using default page load timeout: '30'

2022-02-23 15:07:07 - [MESSAGE][PASSED] - Object 'Object Repository/Modulo Pruebas Bienestar/Programacion_Múltiple/label_MAR' is clickable

2022-02-23 15:07:07 - [TEST_STEP][PASSED] - check(findTestObject("Modulo Pruebas Bienestar/Programacion_Múltiple/label_MAR")): Object 'Object Repository/Modulo Pruebas Bienestar/Programacion_Múltiple/label_MAR' is checked

2022-02-23 15:07:07 - [MESSAGE][PASSED] - Object 'Object Repository/Modulo Pruebas Bienestar/Programacion_Múltiple/label_MAR' is checked

2022-02-23 15:07:07 - [TEST_STEP][PASSED] - check(findTestObject("Modulo Pruebas Bienestar/Programacion_Múltiple/label_MIE")): Object 'Object Repository/Modulo Pruebas Bienestar/Programacion_Múltiple/label_MIE' is checked

2022-02-23 15:07:07 - [MESSAGE][PASSED] - Object 'Object Repository/Modulo Pruebas Bienestar/Programacion_Múltiple/label_MIE' is checked

2022-02-23 15:07:07 - [TEST_STEP][PASSED] - selectOptionByIndex(findTestObject("Modulo Pruebas Bienestar/Programacion_Múltiple/select_01"), 5): All options with index in [5] are selected on object 'Object Repository/Modulo Pruebas Bienestar/Programacion_Múltiple/select_01'

2022-02-23 15:07:08 - [MESSAGE][PASSED] - All options with index in [5] are selected on object 'Object Repository/Modulo Pruebas Bienestar/Programacion_Múltiple/select_01'

2022-02-23 15:07:08 - [TEST_STEP][PASSED] - selectOptionByIndex(findTestObject("Modulo Pruebas Bienestar/Programacion_Múltiple/select_02"), 6): All options with index in [6] are selected on object 'Object Repository/Modulo Pruebas Bienestar/Programacion_Múltiple/select_02'

2022-02-23 15:07:09 - [MESSAGE][PASSED] - All options with index in [6] are selected on object 'Object Repository/Modulo Pruebas Bienestar/Programacion_Múltiple/select_02'

2022-02-23 15:07:09 - [TEST_STEP][PASSED] - click(findTestObject("Modulo Pruebas Bienestar/Programacion_Múltiple/a_mas_Horario")): Object: 'Object Repository/Modulo Pruebas Bienestar/Programacion_Múltiple/a_mas_Horario' is clicked on

2022-02-23 15:07:10 - [MESSAGE][PASSED] - Object: 'Object Repository/Modulo Pruebas Bienestar/Programacion_Múltiple/a_mas_Horario' is clicked on

2022-02-23 15:07:10 - [TEST_STEP][PASSED] - waitForElementClickable(findTestObject("Modulo Pruebas Bienestar/Programacion_Múltiple/td_LUN-MAR 0500-0600"), 2): Web element with id: 'Object Repository/Modulo Pruebas Bienestar/Programacion_Múltiple/td_LUN-MAR 0500-0600' located by '//*/text()[normalize-space(.)='LUN-MAR 05:00-06:00']/parent::*' not found

2022-02-23 15:07:13 - [MESSAGE][INFO] - Unable to find the element located by 'By.xpath: //*/text()[normalize-space(.)='LUN-MAR 05:00-06:00']/parent::*'. Please recheck the objects properties to make sure the desired element is located. 

2022-02-23 15:07:13 - [MESSAGE][WARNING] - Web element with id: 'Object Repository/Modulo Pruebas Bienestar/Programacion_Múltiple/td_LUN-MAR 0500-0600' located by '//*/text()[normalize-space(.)='LUN-MAR 05:00-06:00']/parent::*' not found

2022-02-23 15:07:13 - [TEST_STEP][PASSED] - click(findTestObject("Modulo Pruebas Bienestar/Programacion_Múltiple/a_Aplicar")): Object: 'Object Repository/Modulo Pruebas Bienestar/Programacion_Múltiple/a_Aplicar' is clicked on

2022-02-23 15:07:13 - [MESSAGE][PASSED] - Object: 'Object Repository/Modulo Pruebas Bienestar/Programacion_Múltiple/a_Aplicar' is clicked on

2022-02-23 15:07:13 - [TEST_STEP][PASSED] - click(findTestObject("Modulo Pruebas Bienestar/Programacion_Múltiple/a_Icon_mas_principal")): Object: 'Object Repository/Modulo Pruebas Bienestar/Programacion_Múltiple/a_Icon_mas_principal' is clicked on

2022-02-23 15:07:14 - [MESSAGE][PASSED] - Object: 'Object Repository/Modulo Pruebas Bienestar/Programacion_Múltiple/a_Icon_mas_principal' is clicked on

2022-02-23 15:07:14 - [TEST_STEP][PASSED] - click(findTestObject("Modulo Pruebas Bienestar/Programacion_Múltiple/a_Guardar")): Object: 'Object Repository/Modulo Pruebas Bienestar/Programacion_Múltiple/a_Guardar' is clicked on

2022-02-23 15:07:15 - [MESSAGE][PASSED] - Object: 'Object Repository/Modulo Pruebas Bienestar/Programacion_Múltiple/a_Guardar' is clicked on

2022-02-23 15:07:15 - [TEST_STEP][PASSED] - click(findTestObject("Modulo Pruebas Bienestar/Programacion_Múltiple/a_Regresar")): Object: 'Object Repository/Modulo Pruebas Bienestar/Programacion_Múltiple/a_Regresar' is clicked on

2022-02-23 15:07:16 - [MESSAGE][PASSED] - Object: 'Object Repository/Modulo Pruebas Bienestar/Programacion_Múltiple/a_Regresar' is clicked on

2022-02-23 15:07:16 - [TEST_STEP][PASSED] - click(findTestObject("Modulo Pruebas Bienestar/Programacion_Múltiple/td_Prueba-S-SH")): Object: 'Object Repository/Modulo Pruebas Bienestar/Programacion_Múltiple/td_Prueba-S-SH' is clicked on

2022-02-23 15:07:17 - [MESSAGE][PASSED] - Object: 'Object Repository/Modulo Pruebas Bienestar/Programacion_Múltiple/td_Prueba-S-SH' is clicked on

2022-02-23 15:07:17 - [TEST_STEP][PASSED] - click(findTestObject("Modulo Pruebas Bienestar/Programacion_Múltiple/a_Momento Eventos")): Object: 'Object Repository/Modulo Pruebas Bienestar/Programacion_Múltiple/a_Momento Eventos' is clicked on

2022-02-23 15:07:19 - [MESSAGE][PASSED] - Object: 'Object Repository/Modulo Pruebas Bienestar/Programacion_Múltiple/a_Momento Eventos' is clicked on

2022-02-23 15:07:19 - [TEST_STEP][PASSED] - click(findTestObject("Modulo Pruebas Bienestar/Programacion_Múltiple/td_prueba")): Object: 'Object Repository/Modulo Pruebas Bienestar/Programacion_Múltiple/td_prueba' is clicked on

2022-02-23 15:07:19 - [MESSAGE][PASSED] - Object: 'Object Repository/Modulo Pruebas Bienestar/Programacion_Múltiple/td_prueba' is clicked on

2022-02-23 15:07:19 - [TEST_STEP][PASSED] - if (waitForElementClickable(findTestObject("Modulo Pruebas Bienestar/Programacion_Múltiple/a_MAR-MIE 0500-0600_popupMomentoEvento_formtablaMomentoEventoHorarioPopup0j_idt1582"), 1)): Web element with id: 'Object Repository/Modulo Pruebas Bienestar/Programacion_Múltiple/a_MAR-MIE 0500-0600_popupMomentoEvento_formtablaMomentoEventoHorarioPopup0j_idt1582' located by '//a[@id='popupMomentoEvento_form:tablaMomentoEventoHorarioPopup:0:j_idt1582']' not found

2022-02-23 15:07:22 - [MESSAGE][INFO] - Unable to find the element located by 'By.xpath: //a[@id='popupMomentoEvento_form:tablaMomentoEventoHorarioPopup:0:j_idt1582']'. Please recheck the objects properties to make sure the desired element is located. 

2022-02-23 15:07:22 - [MESSAGE][WARNING] - Web element with id: 'Object Repository/Modulo Pruebas Bienestar/Programacion_Múltiple/a_MAR-MIE 0500-0600_popupMomentoEvento_formtablaMomentoEventoHorarioPopup0j_idt1582' located by '//a[@id='popupMomentoEvento_form:tablaMomentoEventoHorarioPopup:0:j_idt1582']' not found

2022-02-23 15:07:22 - [TEST_STEP][PASSED] - setText(findTestObject("Modulo Pruebas Bienestar/Programacion_Múltiple/input_Inscripcin Inicial_popupMomentoEvento_formpMEInscripcionInicia_input"), FechaI): Text '23/2/2022' is set on object 'Object Repository/Modulo Pruebas Bienestar/Programacion_Múltiple/input_Inscripcin Inicial_popupMomentoEvento_formpMEInscripcionInicia_input'

2022-02-23 15:07:23 - [MESSAGE][PASSED] - Text '23/2/2022' is set on object 'Object Repository/Modulo Pruebas Bienestar/Programacion_Múltiple/input_Inscripcin Inicial_popupMomentoEvento_formpMEInscripcionInicia_input'

2022-02-23 15:07:23 - [TEST_STEP][PASSED] - setText(findTestObject("Modulo Pruebas Bienestar/Programacion_Múltiple/input_Inscripcin Termina_popupMomentoEvento_formpMEInscripcionFinaliza_input"), FechaF): Text '10/3/2022' is set on object 'Object Repository/Modulo Pruebas Bienestar/Programacion_Múltiple/input_Inscripcin Termina_popupMomentoEvento_formpMEInscripcionFinaliza_input'

2022-02-23 15:07:24 - [MESSAGE][PASSED] - Text '10/3/2022' is set on object 'Object Repository/Modulo Pruebas Bienestar/Programacion_Múltiple/input_Inscripcin Termina_popupMomentoEvento_formpMEInscripcionFinaliza_input'

2022-02-23 15:07:24 - [TEST_STEP][PASSED] - waitForElementPresent(findTestObject("Modulo Pruebas Bienestar/Programacion_Múltiple/input_Horario_popupMomentoEvento_formtablaMomentoEventoHorarioPopupfechaInicialPop_input"), 0): Object 'Object Repository/Modulo Pruebas Bienestar/Programacion_Múltiple/input_Horario_popupMomentoEvento_formtablaMomentoEventoHorarioPopupfechaInicialPop_input' is present

2022-02-23 15:07:24 - [MESSAGE][WARNING] - Timeout '0' is invalid. Using default page load timeout: '30'

2022-02-23 15:07:24 - [MESSAGE][PASSED] - Object 'Object Repository/Modulo Pruebas Bienestar/Programacion_Múltiple/input_Horario_popupMomentoEvento_formtablaMomentoEventoHorarioPopupfechaInicialPop_input' is present

2022-02-23 15:07:24 - [TEST_STEP][PASSED] - setText(findTestObject("Modulo Pruebas Bienestar/Programacion_Múltiple/input_Horario_popupMomentoEvento_formtablaMomentoEventoHorarioPopupfechaInicialPop_input"), FechaI0): Text '24/2/2022' is set on object 'Object Repository/Modulo Pruebas Bienestar/Programacion_Múltiple/input_Horario_popupMomentoEvento_formtablaMomentoEventoHorarioPopupfechaInicialPop_input'

2022-02-23 15:07:25 - [MESSAGE][PASSED] - Text '24/2/2022' is set on object 'Object Repository/Modulo Pruebas Bienestar/Programacion_Múltiple/input_Horario_popupMomentoEvento_formtablaMomentoEventoHorarioPopupfechaInicialPop_input'

2022-02-23 15:07:25 - [TEST_STEP][PASSED] - sendKeys(findTestObject("Modulo Pruebas Bienestar/Programacion_Múltiple/input_Horario_popupMomentoEvento_formtablaMomentoEventoHorarioPopupfechaInicialPop_input"), Keys.chord(ENTER)): Keys 'ENTER + ' sent to object: 'Object Repository/Modulo Pruebas Bienestar/Programacion_Múltiple/input_Horario_popupMomentoEvento_formtablaMomentoEventoHorarioPopupfechaInicialPop_input'

2022-02-23 15:07:26 - [MESSAGE][PASSED] - Keys 'ENTER + ' sent to object: 'Object Repository/Modulo Pruebas Bienestar/Programacion_Múltiple/input_Horario_popupMomentoEvento_formtablaMomentoEventoHorarioPopupfechaInicialPop_input'

2022-02-23 15:07:26 - [TEST_STEP][PASSED] - waitForElementPresent(findTestObject("Modulo Pruebas Bienestar/Programacion_Múltiple/input_Horario_popupMomentoEvento_formtablaMomentoEventoHorarioPopuppMEFechaTerminaPopup_input"), 0): Object 'Object Repository/Modulo Pruebas Bienestar/Programacion_Múltiple/input_Horario_popupMomentoEvento_formtablaMomentoEventoHorarioPopuppMEFechaTerminaPopup_input' is present

2022-02-23 15:07:26 - [MESSAGE][WARNING] - Timeout '0' is invalid. Using default page load timeout: '30'

2022-02-23 15:07:26 - [MESSAGE][PASSED] - Object 'Object Repository/Modulo Pruebas Bienestar/Programacion_Múltiple/input_Horario_popupMomentoEvento_formtablaMomentoEventoHorarioPopuppMEFechaTerminaPopup_input' is present

2022-02-23 15:07:26 - [TEST_STEP][PASSED] - setText(findTestObject("Modulo Pruebas Bienestar/Programacion_Múltiple/input_Horario_popupMomentoEvento_formtablaMomentoEventoHorarioPopuppMEFechaTerminaPopup_input"), FechaF0): Text '9/3/2022' is set on object 'Object Repository/Modulo Pruebas Bienestar/Programacion_Múltiple/input_Horario_popupMomentoEvento_formtablaMomentoEventoHorarioPopuppMEFechaTerminaPopup_input'

2022-02-23 15:07:27 - [MESSAGE][PASSED] - Text '9/3/2022' is set on object 'Object Repository/Modulo Pruebas Bienestar/Programacion_Múltiple/input_Horario_popupMomentoEvento_formtablaMomentoEventoHorarioPopuppMEFechaTerminaPopup_input'

2022-02-23 15:07:27 - [TEST_STEP][PASSED] - element = findWebElement(findTestObject("Modulo Pruebas Bienestar/Programacion_Múltiple/a_Horario_popupMomentoEvento_formtablaMomentoEventoHorarioPopupj_idt1579"), 30): null

2022-02-23 15:07:28 - [TEST_STEP][PASSED] - executeJavaScript("arguments[0].click()", Arrays.asList(element)): Execute JavaScript 'arguments[0].click()' successfully

2022-02-23 15:07:28 - [MESSAGE][PASSED] - Execute JavaScript 'arguments[0].click()' successfully

2022-02-23 15:07:28 - [TEST_STEP][PASSED] - sendKeys(findTestObject("Modulo Pruebas Bienestar/Programacion_Múltiple/input_Horario_popupMomentoEvento_formtablaMomentoEventoHorarioPopuppMEFechaTerminaPopup_input"), Keys.chord(ENTER)): Keys 'ENTER + ' sent to object: 'Object Repository/Modulo Pruebas Bienestar/Programacion_Múltiple/input_Horario_popupMomentoEvento_formtablaMomentoEventoHorarioPopuppMEFechaTerminaPopup_input'

2022-02-23 15:07:29 - [MESSAGE][PASSED] - Keys 'ENTER + ' sent to object: 'Object Repository/Modulo Pruebas Bienestar/Programacion_Múltiple/input_Horario_popupMomentoEvento_formtablaMomentoEventoHorarioPopuppMEFechaTerminaPopup_input'

2022-02-23 15:07:29 - [TEST_STEP][PASSED] - waitForElementClickable(findTestObject("Modulo Pruebas Bienestar/Programacion_Múltiple/label_MAR"), 0): Object 'Object Repository/Modulo Pruebas Bienestar/Programacion_Múltiple/label_MAR' is clickable

2022-02-23 15:07:29 - [MESSAGE][WARNING] - Timeout '0' is invalid. Using default page load timeout: '30'

2022-02-23 15:07:30 - [MESSAGE][PASSED] - Object 'Object Repository/Modulo Pruebas Bienestar/Programacion_Múltiple/label_MAR' is clickable

2022-02-23 15:07:30 - [TEST_STEP][PASSED] - check(findTestObject("Modulo Pruebas Bienestar/Programacion_Múltiple/label_MAR")): Object 'Object Repository/Modulo Pruebas Bienestar/Programacion_Múltiple/label_MAR' is checked

2022-02-23 15:07:30 - [MESSAGE][PASSED] - Object 'Object Repository/Modulo Pruebas Bienestar/Programacion_Múltiple/label_MAR' is checked

2022-02-23 15:07:30 - [TEST_STEP][PASSED] - check(findTestObject("Modulo Pruebas Bienestar/Programacion_Múltiple/label_MIE")): Object 'Object Repository/Modulo Pruebas Bienestar/Programacion_Múltiple/label_MIE' is checked

2022-02-23 15:07:30 - [MESSAGE][PASSED] - Object 'Object Repository/Modulo Pruebas Bienestar/Programacion_Múltiple/label_MIE' is checked

2022-02-23 15:07:30 - [TEST_STEP][PASSED] - selectOptionByIndex(findTestObject("Modulo Pruebas Bienestar/Programacion_Múltiple/select_01"), 5): All options with index in [5] are selected on object 'Object Repository/Modulo Pruebas Bienestar/Programacion_Múltiple/select_01'

2022-02-23 15:07:32 - [MESSAGE][PASSED] - All options with index in [5] are selected on object 'Object Repository/Modulo Pruebas Bienestar/Programacion_Múltiple/select_01'

2022-02-23 15:07:32 - [TEST_STEP][PASSED] - selectOptionByIndex(findTestObject("Modulo Pruebas Bienestar/Programacion_Múltiple/select_02"), 6): All options with index in [6] are selected on object 'Object Repository/Modulo Pruebas Bienestar/Programacion_Múltiple/select_02'

2022-02-23 15:07:33 - [MESSAGE][PASSED] - All options with index in [6] are selected on object 'Object Repository/Modulo Pruebas Bienestar/Programacion_Múltiple/select_02'

2022-02-23 15:07:33 - [TEST_STEP][PASSED] - click(findTestObject("Modulo Pruebas Bienestar/Programacion_Múltiple/a_mas_Horario")): Object: 'Object Repository/Modulo Pruebas Bienestar/Programacion_Múltiple/a_mas_Horario' is clicked on

2022-02-23 15:07:33 - [MESSAGE][PASSED] - Object: 'Object Repository/Modulo Pruebas Bienestar/Programacion_Múltiple/a_mas_Horario' is clicked on

2022-02-23 15:07:33 - [TEST_STEP][PASSED] - waitForElementClickable(findTestObject("Modulo Pruebas Bienestar/Programacion_Múltiple/td_LUN-MAR 0500-0600"), 2): Web element with id: 'Object Repository/Modulo Pruebas Bienestar/Programacion_Múltiple/td_LUN-MAR 0500-0600' located by '//*/text()[normalize-space(.)='LUN-MAR 05:00-06:00']/parent::*' not found

2022-02-23 15:07:36 - [MESSAGE][INFO] - Unable to find the element located by 'By.xpath: //*/text()[normalize-space(.)='LUN-MAR 05:00-06:00']/parent::*'. Please recheck the objects properties to make sure the desired element is located. 

2022-02-23 15:07:36 - [MESSAGE][WARNING] - Web element with id: 'Object Repository/Modulo Pruebas Bienestar/Programacion_Múltiple/td_LUN-MAR 0500-0600' located by '//*/text()[normalize-space(.)='LUN-MAR 05:00-06:00']/parent::*' not found

2022-02-23 15:07:36 - [TEST_STEP][PASSED] - click(findTestObject("Modulo Pruebas Bienestar/Programacion_Múltiple/a_Aplicar")): Object: 'Object Repository/Modulo Pruebas Bienestar/Programacion_Múltiple/a_Aplicar' is clicked on

2022-02-23 15:07:37 - [MESSAGE][PASSED] - Object: 'Object Repository/Modulo Pruebas Bienestar/Programacion_Múltiple/a_Aplicar' is clicked on

2022-02-23 15:07:37 - [TEST_STEP][PASSED] - click(findTestObject("Modulo Pruebas Bienestar/Programacion_Múltiple/a_Icon_mas_principal")): Object: 'Object Repository/Modulo Pruebas Bienestar/Programacion_Múltiple/a_Icon_mas_principal' is clicked on

2022-02-23 15:07:38 - [MESSAGE][PASSED] - Object: 'Object Repository/Modulo Pruebas Bienestar/Programacion_Múltiple/a_Icon_mas_principal' is clicked on

2022-02-23 15:07:38 - [TEST_STEP][PASSED] - click(findTestObject("Modulo Pruebas Bienestar/Programacion_Múltiple/a_Guardar")): Object: 'Object Repository/Modulo Pruebas Bienestar/Programacion_Múltiple/a_Guardar' is clicked on

2022-02-23 15:07:38 - [MESSAGE][PASSED] - Object: 'Object Repository/Modulo Pruebas Bienestar/Programacion_Múltiple/a_Guardar' is clicked on

2022-02-23 15:07:38 - [TEST_STEP][PASSED] - closeBrowser(): Browser is closed

2022-02-23 15:07:39 - [MESSAGE][PASSED] - Browser is closed]]></system-out>
         <system-err><![CDATA[]]></system-err>
      </testcase>
      <testcase name="Test Cases/3.1-Pruebas_Bienestar/3.1.8-Calendario" time="16.305" classname="Test Cases/3.1-Pruebas_Bienestar/3.1.8-Calendario" status="PASSED">
         <system-out><![CDATA[2022-02-23 15:07:39 - [TEST_CASE][PASSED] - Test Cases/3.1-Pruebas_Bienestar/3.1.8-Calendario: Test Cases/3.1-Pruebas_Bienestar/3.1.8-Calendario

2022-02-23 15:07:39 - [TEST_STEP][PASSED] - callTestCase(findTestCase("Utilidades-(atajos_para _tareas)/Modulos/Modulo bienestar-eventos"), [:], STOP_ON_FAILURE): Call Test Case 'Test Cases/Utilidades-(atajos_para _tareas)/Modulos/Modulo bienestar-eventos' successfully

2022-02-23 15:07:40 - [TEST_CASE][PASSED] - Test Cases/Utilidades-(atajos_para _tareas)/Modulos/Modulo bienestar-eventos: Test Cases/Utilidades-(atajos_para _tareas)/Modulos/Modulo bienestar-eventos

2022-02-23 15:07:40 - [TEST_STEP][PASSED] - callTestCase(findTestCase("0.1-Login"), [:], STOP_ON_FAILURE): Call Test Case 'Test Cases/0.1-Login' successfully

2022-02-23 15:07:40 - [TEST_CASE][PASSED] - Test Cases/0.1-Login: Test Cases/0.1-Login

2022-02-23 15:07:40 - [TEST_STEP][PASSED] - openBrowser(""): Browser is opened with url: ''

2022-02-23 15:07:40 - [MESSAGE][INFO] - Starting 'Chrome' driver

2022-02-23 15:07:40 - [MESSAGE][INFO] - Action delay is set to 0 milliseconds

2022-02-23 15:07:41 - [MESSAGE][PASSED] - Browser is opened with url: ''

2022-02-23 15:07:41 - [TEST_STEP][PASSED] - maximizeWindow(): Current window maximized

2022-02-23 15:07:41 - [MESSAGE][PASSED] - Current window maximized

2022-02-23 15:07:41 - [TEST_STEP][PASSED] - i = G_Login: null

2022-02-23 15:07:41 - [TEST_STEP][PASSED] - url = new java.net.URL(i): null

2022-02-23 15:07:41 - [TEST_STEP][PASSED] - println("URL: " + url.toString()): null

2022-02-23 15:07:41 - [TEST_STEP][PASSED] - connection = url.openConnection(): null

2022-02-23 15:07:41 - [TEST_STEP][PASSED] - connection.setRequestMethod("GET"): null

2022-02-23 15:07:41 - [TEST_STEP][PASSED] - connection.setReadTimeout(2 * 1000): null

2022-02-23 15:07:41 - [TEST_STEP][PASSED] - try: null

2022-02-23 15:07:41 - [TEST_STEP][PASSED] - connection.connect(): null

2022-02-23 15:07:41 - [TEST_STEP][PASSED] - flag = connected: null

2022-02-23 15:07:41 - [TEST_STEP][PASSED] - println("Valor_ori: " + flag): null

2022-02-23 15:07:41 - [TEST_STEP][PASSED] - if (flag): null

2022-02-23 15:07:41 - [TEST_STEP][PASSED] - navigateToUrl(i): Navigate to 'http://192.168.2.80:8380/saraweb' successfully

2022-02-23 15:07:41 - [MESSAGE][PASSED] - Navigate to 'http://192.168.2.80:8380/saraweb' successfully

2022-02-23 15:07:41 - [TEST_STEP][PASSED] - a(): null

2022-02-23 15:07:41 - [TEST_STEP][PASSED] - setText(findTestObject("Login/input_USUARIO_loginusuario"), G_Usuario): Text 'saraadmin' is set on object 'Object Repository/Login/input_USUARIO_loginusuario'

2022-02-23 15:07:42 - [MESSAGE][PASSED] - Text 'saraadmin' is set on object 'Object Repository/Login/input_USUARIO_loginusuario'

2022-02-23 15:07:42 - [TEST_STEP][PASSED] - setEncryptedText(findTestObject("Login/input_CLAVE_loginpassword"), "MkG4/TYiCFC3cb2driP7+Q=="): Text ****** has been set on object 'Object Repository/Login/input_CLAVE_loginpassword'

2022-02-23 15:07:43 - [MESSAGE][PASSED] - Text ****** has been set on object 'Object Repository/Login/input_CLAVE_loginpassword'

2022-02-23 15:07:43 - [TEST_STEP][PASSED] - waitForElementClickable(findTestObject("Login/a_Ingresar"), G_TimeOut): Object 'Object Repository/Login/a_Ingresar' is clickable

2022-02-23 15:07:43 - [MESSAGE][PASSED] - Object 'Object Repository/Login/a_Ingresar' is clickable

2022-02-23 15:07:43 - [TEST_STEP][PASSED] - click(findTestObject("Login/a_Ingresar")): Object: 'Object Repository/Login/a_Ingresar' is clicked on

2022-02-23 15:07:46 - [MESSAGE][PASSED] - Object: 'Object Repository/Login/a_Ingresar' is clicked on

2022-02-23 15:07:46 - [TEST_STEP][PASSED] - element = findWebElement(findTestObject("Login/a_Ir"), 30): null

2022-02-23 15:07:46 - [TEST_STEP][PASSED] - executeJavaScript("arguments[0].click()", Arrays.asList(element)): Execute JavaScript 'arguments[0].click()' successfully

2022-02-23 15:07:46 - [MESSAGE][PASSED] - Execute JavaScript 'arguments[0].click()' successfully

2022-02-23 15:07:46 - [MESSAGE][PASSED] - Call Test Case 'Test Cases/0.1-Login' successfully

2022-02-23 15:07:46 - [TEST_STEP][PASSED] - waitForElementClickable(findTestObject("Modulo bienestar-eventos/input_ADMINISTRADOR DEL SISTEMA"), 0): Object 'Object Repository/Modulo bienestar-eventos/input_ADMINISTRADOR DEL SISTEMA' is clickable

2022-02-23 15:07:46 - [MESSAGE][WARNING] - Timeout '0' is invalid. Using default page load timeout: '30'

2022-02-23 15:07:47 - [MESSAGE][PASSED] - Object 'Object Repository/Modulo bienestar-eventos/input_ADMINISTRADOR DEL SISTEMA' is clickable

2022-02-23 15:07:47 - [TEST_STEP][PASSED] - setText(findTestObject("Modulo bienestar-eventos/input_ADMINISTRADOR DEL SISTEMA"), "eventos (bie)"): Text 'eventos (bie)' is set on object 'Object Repository/Modulo bienestar-eventos/input_ADMINISTRADOR DEL SISTEMA'

2022-02-23 15:07:48 - [MESSAGE][PASSED] - Text 'eventos (bie)' is set on object 'Object Repository/Modulo bienestar-eventos/input_ADMINISTRADOR DEL SISTEMA'

2022-02-23 15:07:48 - [TEST_STEP][PASSED] - click(findTestObject("Modulo bienestar-eventos/span_Eventos (bie)")): Object: 'Object Repository/Modulo bienestar-eventos/span_Eventos (bie)' is clicked on

2022-02-23 15:07:49 - [MESSAGE][PASSED] - Object: 'Object Repository/Modulo bienestar-eventos/span_Eventos (bie)' is clicked on

2022-02-23 15:07:49 - [MESSAGE][PASSED] - Call Test Case 'Test Cases/Utilidades-(atajos_para _tareas)/Modulos/Modulo bienestar-eventos' successfully

2022-02-23 15:07:49 - [TEST_STEP][PASSED] - click(findTestObject("Modulo Pruebas Bienestar/Calendario/td_Prueba-S")): Object: 'Object Repository/Modulo Pruebas Bienestar/Calendario/td_Prueba-S' is clicked on

2022-02-23 15:07:51 - [MESSAGE][PASSED] - Object: 'Object Repository/Modulo Pruebas Bienestar/Calendario/td_Prueba-S' is clicked on

2022-02-23 15:07:51 - [TEST_STEP][PASSED] - click(findTestObject("Modulo Pruebas Bienestar/Calendario/a_Momento Eventos")): Object: 'Object Repository/Modulo Pruebas Bienestar/Calendario/a_Momento Eventos' is clicked on

2022-02-23 15:07:52 - [MESSAGE][PASSED] - Object: 'Object Repository/Modulo Pruebas Bienestar/Calendario/a_Momento Eventos' is clicked on

2022-02-23 15:07:52 - [TEST_STEP][PASSED] - click(findTestObject("Modulo Pruebas Bienestar/Calendario/td_prueba")): Object: 'Object Repository/Modulo Pruebas Bienestar/Calendario/td_prueba' is clicked on

2022-02-23 15:07:53 - [MESSAGE][PASSED] - Object: 'Object Repository/Modulo Pruebas Bienestar/Calendario/td_prueba' is clicked on

2022-02-23 15:07:53 - [TEST_STEP][PASSED] - if (waitForElementPresent(findTestObject("Modulo Pruebas Bienestar/Calendario/td_MAR-MIE 0500-0600"), 1)): null

2022-02-23 15:07:53 - [MESSAGE][PASSED] - Object 'Object Repository/Modulo Pruebas Bienestar/Calendario/td_MAR-MIE 0500-0600' is present

2022-02-23 15:07:53 - [TEST_STEP][PASSED] - click(findTestObject("Modulo Pruebas Bienestar/Calendario/span_Fecha Inscripcin_ui-icon ui-icon-closethick")): Object: 'Object Repository/Modulo Pruebas Bienestar/Calendario/span_Fecha Inscripcin_ui-icon ui-icon-closethick' is clicked on

2022-02-23 15:07:54 - [MESSAGE][PASSED] - Object: 'Object Repository/Modulo Pruebas Bienestar/Calendario/span_Fecha Inscripcin_ui-icon ui-icon-closethick' is clicked on

2022-02-23 15:07:54 - [TEST_STEP][PASSED] - click(findTestObject("Modulo Pruebas Bienestar/Calendario/a_Calendario")): Object: 'Object Repository/Modulo Pruebas Bienestar/Calendario/a_Calendario' is clicked on

2022-02-23 15:07:54 - [MESSAGE][PASSED] - Object: 'Object Repository/Modulo Pruebas Bienestar/Calendario/a_Calendario' is clicked on

2022-02-23 15:07:54 - [TEST_STEP][PASSED] - click(findTestObject("Modulo Pruebas Bienestar/Calendario/button_Mes")): Object: 'Object Repository/Modulo Pruebas Bienestar/Calendario/button_Mes' is clicked on

2022-02-23 15:07:55 - [MESSAGE][PASSED] - Object: 'Object Repository/Modulo Pruebas Bienestar/Calendario/button_Mes' is clicked on

2022-02-23 15:07:55 - [TEST_STEP][PASSED] - scrollToPosition(0, 600): Browser is scrolled to position x = 0, y = 600

2022-02-23 15:07:55 - [MESSAGE][PASSED] - Browser is scrolled to position x = 0, y = 600]]></system-out>
         <system-err><![CDATA[]]></system-err>
      </testcase>
      <testcase name="Test Cases/3.1-Pruebas_Bienestar/3.1.9-Deducción_de_costos_al_plan_inversión" time="30.55" classname="Test Cases/3.1-Pruebas_Bienestar/3.1.9-Deducción_de_costos_al_plan_inversión" status="PASSED">
         <system-out><![CDATA[2022-02-23 15:07:55 - [TEST_CASE][PASSED] - Test Cases/3.1-Pruebas_Bienestar/3.1.9-Deducción_de_costos_al_plan_inversión: Test Cases/3.1-Pruebas_Bienestar/3.1.9-Deducción_de_costos_al_plan_inversión

2022-02-23 15:07:56 - [TEST_STEP][PASSED] - today = new java.util.Date(): null

2022-02-23 15:07:56 - [TEST_STEP][PASSED] - Dia = today.format("dd"): null

2022-02-23 15:07:56 - [TEST_STEP][PASSED] - Mes = today.format("MM"): null

2022-02-23 15:07:56 - [TEST_STEP][PASSED] - MesN = today.format("MM"): null

2022-02-23 15:07:56 - [TEST_STEP][PASSED] - Año = today.format("yyyy"): null

2022-02-23 15:07:56 - [TEST_STEP][PASSED] - AñoN = today.format("yyyy"): null

2022-02-23 15:07:56 - [TEST_STEP][PASSED] - sumaD = Dia + 10: null

2022-02-23 15:07:56 - [TEST_STEP][PASSED] - sumaM = Mes + 1: null

2022-02-23 15:07:56 - [TEST_STEP][PASSED] - sumaA = Año + 1: null

2022-02-23 15:07:56 - [TEST_STEP][PASSED] - if (sumaD > 30): null

2022-02-23 15:07:56 - [TEST_STEP][PASSED] - sumaD = sumaD - Dia: null

2022-02-23 15:07:56 - [TEST_STEP][PASSED] - Mes = sumaM: null

2022-02-23 15:07:56 - [TEST_STEP][PASSED] - if (sumaM > 12): null

2022-02-23 15:07:56 - [TEST_STEP][PASSED] - Fechaini = Dia + "/" + MesN + "/" + AñoN: null

2022-02-23 15:07:56 - [TEST_STEP][PASSED] - Fechafin = sumaD + "/" + Mes + "/" + Año: null

2022-02-23 15:07:56 - [TEST_STEP][PASSED] - callTestCase(findTestCase("Utilidades-(atajos_para _tareas)/Modulos/Modulo bienestar-eventos"), [:], STOP_ON_FAILURE): Call Test Case 'Test Cases/Utilidades-(atajos_para _tareas)/Modulos/Modulo bienestar-eventos' successfully

2022-02-23 15:07:56 - [TEST_CASE][PASSED] - Test Cases/Utilidades-(atajos_para _tareas)/Modulos/Modulo bienestar-eventos: Test Cases/Utilidades-(atajos_para _tareas)/Modulos/Modulo bienestar-eventos

2022-02-23 15:07:56 - [TEST_STEP][PASSED] - callTestCase(findTestCase("0.1-Login"), [:], STOP_ON_FAILURE): Call Test Case 'Test Cases/0.1-Login' successfully

2022-02-23 15:07:56 - [TEST_CASE][PASSED] - Test Cases/0.1-Login: Test Cases/0.1-Login

2022-02-23 15:07:56 - [TEST_STEP][PASSED] - openBrowser(""): Browser is opened with url: ''

2022-02-23 15:07:56 - [MESSAGE][WARNING] - A browser is already opened. Closing browser and opening a new one

2022-02-23 15:07:57 - [MESSAGE][INFO] - Starting 'Chrome' driver

2022-02-23 15:07:57 - [MESSAGE][INFO] - Action delay is set to 0 milliseconds

2022-02-23 15:07:58 - [MESSAGE][PASSED] - Browser is opened with url: ''

2022-02-23 15:07:58 - [TEST_STEP][PASSED] - maximizeWindow(): Current window maximized

2022-02-23 15:07:58 - [MESSAGE][PASSED] - Current window maximized

2022-02-23 15:07:58 - [TEST_STEP][PASSED] - i = G_Login: null

2022-02-23 15:07:58 - [TEST_STEP][PASSED] - url = new java.net.URL(i): null

2022-02-23 15:07:58 - [TEST_STEP][PASSED] - println("URL: " + url.toString()): null

2022-02-23 15:07:58 - [TEST_STEP][PASSED] - connection = url.openConnection(): null

2022-02-23 15:07:58 - [TEST_STEP][PASSED] - connection.setRequestMethod("GET"): null

2022-02-23 15:07:58 - [TEST_STEP][PASSED] - connection.setReadTimeout(2 * 1000): null

2022-02-23 15:07:58 - [TEST_STEP][PASSED] - try: null

2022-02-23 15:07:58 - [TEST_STEP][PASSED] - connection.connect(): null

2022-02-23 15:07:58 - [TEST_STEP][PASSED] - flag = connected: null

2022-02-23 15:07:58 - [TEST_STEP][PASSED] - println("Valor_ori: " + flag): null

2022-02-23 15:07:58 - [TEST_STEP][PASSED] - if (flag): null

2022-02-23 15:07:58 - [TEST_STEP][PASSED] - navigateToUrl(i): Navigate to 'http://192.168.2.80:8380/saraweb' successfully

2022-02-23 15:07:59 - [MESSAGE][PASSED] - Navigate to 'http://192.168.2.80:8380/saraweb' successfully

2022-02-23 15:07:59 - [TEST_STEP][PASSED] - a(): null

2022-02-23 15:07:59 - [TEST_STEP][PASSED] - setText(findTestObject("Login/input_USUARIO_loginusuario"), G_Usuario): Text 'saraadmin' is set on object 'Object Repository/Login/input_USUARIO_loginusuario'

2022-02-23 15:08:00 - [MESSAGE][PASSED] - Text 'saraadmin' is set on object 'Object Repository/Login/input_USUARIO_loginusuario'

2022-02-23 15:08:00 - [TEST_STEP][PASSED] - setEncryptedText(findTestObject("Login/input_CLAVE_loginpassword"), "MkG4/TYiCFC3cb2driP7+Q=="): Text ****** has been set on object 'Object Repository/Login/input_CLAVE_loginpassword'

2022-02-23 15:08:00 - [MESSAGE][PASSED] - Text ****** has been set on object 'Object Repository/Login/input_CLAVE_loginpassword'

2022-02-23 15:08:00 - [TEST_STEP][PASSED] - waitForElementClickable(findTestObject("Login/a_Ingresar"), G_TimeOut): Object 'Object Repository/Login/a_Ingresar' is clickable

2022-02-23 15:08:00 - [MESSAGE][PASSED] - Object 'Object Repository/Login/a_Ingresar' is clickable

2022-02-23 15:08:00 - [TEST_STEP][PASSED] - click(findTestObject("Login/a_Ingresar")): Object: 'Object Repository/Login/a_Ingresar' is clicked on

2022-02-23 15:08:01 - [MESSAGE][PASSED] - Object: 'Object Repository/Login/a_Ingresar' is clicked on

2022-02-23 15:08:01 - [TEST_STEP][PASSED] - element = findWebElement(findTestObject("Login/a_Ir"), 30): null

2022-02-23 15:08:02 - [TEST_STEP][PASSED] - executeJavaScript("arguments[0].click()", Arrays.asList(element)): Execute JavaScript 'arguments[0].click()' successfully

2022-02-23 15:08:02 - [MESSAGE][PASSED] - Execute JavaScript 'arguments[0].click()' successfully

2022-02-23 15:08:02 - [MESSAGE][PASSED] - Call Test Case 'Test Cases/0.1-Login' successfully

2022-02-23 15:08:02 - [TEST_STEP][PASSED] - waitForElementClickable(findTestObject("Modulo bienestar-eventos/input_ADMINISTRADOR DEL SISTEMA"), 0): Object 'Object Repository/Modulo bienestar-eventos/input_ADMINISTRADOR DEL SISTEMA' is clickable

2022-02-23 15:08:02 - [MESSAGE][WARNING] - Timeout '0' is invalid. Using default page load timeout: '30'

2022-02-23 15:08:02 - [MESSAGE][PASSED] - Object 'Object Repository/Modulo bienestar-eventos/input_ADMINISTRADOR DEL SISTEMA' is clickable

2022-02-23 15:08:02 - [TEST_STEP][PASSED] - setText(findTestObject("Modulo bienestar-eventos/input_ADMINISTRADOR DEL SISTEMA"), "eventos (bie)"): Text 'eventos (bie)' is set on object 'Object Repository/Modulo bienestar-eventos/input_ADMINISTRADOR DEL SISTEMA'

2022-02-23 15:08:03 - [MESSAGE][PASSED] - Text 'eventos (bie)' is set on object 'Object Repository/Modulo bienestar-eventos/input_ADMINISTRADOR DEL SISTEMA'

2022-02-23 15:08:03 - [TEST_STEP][PASSED] - click(findTestObject("Modulo bienestar-eventos/span_Eventos (bie)")): Object: 'Object Repository/Modulo bienestar-eventos/span_Eventos (bie)' is clicked on

2022-02-23 15:08:04 - [MESSAGE][PASSED] - Object: 'Object Repository/Modulo bienestar-eventos/span_Eventos (bie)' is clicked on

2022-02-23 15:08:04 - [MESSAGE][PASSED] - Call Test Case 'Test Cases/Utilidades-(atajos_para _tareas)/Modulos/Modulo bienestar-eventos' successfully

2022-02-23 15:08:04 - [TEST_STEP][PASSED] - scrollToPosition(0, 100): Browser is scrolled to position x = 0, y = 100

2022-02-23 15:08:07 - [MESSAGE][PASSED] - Browser is scrolled to position x = 0, y = 100

2022-02-23 15:08:07 - [TEST_STEP][PASSED] - waitForElementPresent(findTestObject("Modulo Pruebas Bienestar/Deducción de costos al plan inversión/td_Prueba-S"), 0): Object 'Object Repository/Modulo Pruebas Bienestar/Deducción de costos al plan inversión/td_Prueba-S' is present

2022-02-23 15:08:07 - [MESSAGE][WARNING] - Timeout '0' is invalid. Using default page load timeout: '30'

2022-02-23 15:08:07 - [MESSAGE][PASSED] - Object 'Object Repository/Modulo Pruebas Bienestar/Deducción de costos al plan inversión/td_Prueba-S' is present

2022-02-23 15:08:07 - [TEST_STEP][PASSED] - click(findTestObject("Modulo Pruebas Bienestar/Deducción de costos al plan inversión/td_Prueba-S")): Object: 'Object Repository/Modulo Pruebas Bienestar/Deducción de costos al plan inversión/td_Prueba-S' is clicked on

2022-02-23 15:08:07 - [MESSAGE][PASSED] - Object: 'Object Repository/Modulo Pruebas Bienestar/Deducción de costos al plan inversión/td_Prueba-S' is clicked on

2022-02-23 15:08:07 - [TEST_STEP][PASSED] - click(findTestObject("Modulo Pruebas Bienestar/Deducción de costos al plan inversión/a_CostoEvento")): Object: 'Object Repository/Modulo Pruebas Bienestar/Deducción de costos al plan inversión/a_CostoEvento' is clicked on

2022-02-23 15:08:09 - [MESSAGE][PASSED] - Object: 'Object Repository/Modulo Pruebas Bienestar/Deducción de costos al plan inversión/a_CostoEvento' is clicked on

2022-02-23 15:08:09 - [TEST_STEP][PASSED] - if (waitForElementPresent(findTestObject("Modulo Pruebas Bienestar/Deducción de costos al plan inversión/td_TEST FB"), 1)): Object 'Object Repository/Modulo Pruebas Bienestar/Deducción de costos al plan inversión/td_TEST FB' is not present after 1 second(s)

2022-02-23 15:08:11 - [MESSAGE][INFO] - Unable to find the element located by 'By.xpath: (.//*[normalize-space(text()) and normalize-space(.)='SALON 1'])[2]/following::td[4]'. Please recheck the objects properties to make sure the desired element is located. 

2022-02-23 15:08:11 - [MESSAGE][WARNING] - Object 'Object Repository/Modulo Pruebas Bienestar/Deducción de costos al plan inversión/td_TEST FB' is not present after 1 second(s)

2022-02-23 15:08:11 - [TEST_STEP][PASSED] - selectOptionByIndex(findTestObject("Modulo Pruebas Bienestar/Deducción de costos al plan inversión/select_-- Seleccione --SALON 1SALON 2SALON 3"), 1): All options with index in [1] are selected on object 'Object Repository/Modulo Pruebas Bienestar/Deducción de costos al plan inversión/select_-- Seleccione --SALON 1SALON 2SALON 3'

2022-02-23 15:08:13 - [MESSAGE][PASSED] - All options with index in [1] are selected on object 'Object Repository/Modulo Pruebas Bienestar/Deducción de costos al plan inversión/select_-- Seleccione --SALON 1SALON 2SALON 3'

2022-02-23 15:08:13 - [TEST_STEP][PASSED] - setText(findTestObject("Modulo Pruebas Bienestar/Deducción de costos al plan inversión/input_Plan de Inversin_form_costoEventolistaCostoEventocENumero"), "5"): Text '5' is set on object 'Object Repository/Modulo Pruebas Bienestar/Deducción de costos al plan inversión/input_Plan de Inversin_form_costoEventolistaCostoEventocENumero'

2022-02-23 15:08:13 - [MESSAGE][PASSED] - Text '5' is set on object 'Object Repository/Modulo Pruebas Bienestar/Deducción de costos al plan inversión/input_Plan de Inversin_form_costoEventolistaCostoEventocENumero'

2022-02-23 15:08:13 - [TEST_STEP][PASSED] - setText(findTestObject("Modulo Pruebas Bienestar/Deducción de costos al plan inversión/input_Plan de Inversin_form_costoEventolistaCostoEventocEFechaPago_input"), Fechaini): Text '23/2/2022' is set on object 'Object Repository/Modulo Pruebas Bienestar/Deducción de costos al plan inversión/input_Plan de Inversin_form_costoEventolistaCostoEventocEFechaPago_input'

2022-02-23 15:08:14 - [MESSAGE][PASSED] - Text '23/2/2022' is set on object 'Object Repository/Modulo Pruebas Bienestar/Deducción de costos al plan inversión/input_Plan de Inversin_form_costoEventolistaCostoEventocEFechaPago_input'

2022-02-23 15:08:14 - [TEST_STEP][PASSED] - setText(findTestObject("Modulo Pruebas Bienestar/Deducción de costos al plan inversión/input_Plan de Inversin_form_costoEventolistaCostoEventocEValor"), "99966"): Text '99966' is set on object 'Object Repository/Modulo Pruebas Bienestar/Deducción de costos al plan inversión/input_Plan de Inversin_form_costoEventolistaCostoEventocEValor'

2022-02-23 15:08:15 - [MESSAGE][PASSED] - Text '99966' is set on object 'Object Repository/Modulo Pruebas Bienestar/Deducción de costos al plan inversión/input_Plan de Inversin_form_costoEventolistaCostoEventocEValor'

2022-02-23 15:08:15 - [TEST_STEP][PASSED] - selectOptionByIndex(findTestObject("Modulo Pruebas Bienestar/Deducción de costos al plan inversión/select_-- Seleccione --Plan CapacitacinSUB PLAN EVENTO BIENESTARTEST FBSub Plan Inversin Alimen 7"), "3"): All options with index in [3] are selected on object 'Object Repository/Modulo Pruebas Bienestar/Deducción de costos al plan inversión/select_-- Seleccione --Plan CapacitacinSUB PLAN EVENTO BIENESTARTEST FBSub Plan Inversin Alimen 7'

2022-02-23 15:08:16 - [MESSAGE][PASSED] - All options with index in [3] are selected on object 'Object Repository/Modulo Pruebas Bienestar/Deducción de costos al plan inversión/select_-- Seleccione --Plan CapacitacinSUB PLAN EVENTO BIENESTARTEST FBSub Plan Inversin Alimen 7'

2022-02-23 15:08:16 - [TEST_STEP][PASSED] - click(findTestObject("Modulo Pruebas Bienestar/Deducción de costos al plan inversión/a_Plan de Inversin_form_costoEventolistaCostoEventoj_idt665")): Object: 'Object Repository/Modulo Pruebas Bienestar/Deducción de costos al plan inversión/a_Plan de Inversin_form_costoEventolistaCostoEventoj_idt665' is clicked on

2022-02-23 15:08:16 - [MESSAGE][PASSED] - Object: 'Object Repository/Modulo Pruebas Bienestar/Deducción de costos al plan inversión/a_Plan de Inversin_form_costoEventolistaCostoEventoj_idt665' is clicked on

2022-02-23 15:08:16 - [TEST_STEP][PASSED] - setText(findTestObject("Modulo Pruebas Bienestar/Deducción de costos al plan inversión/input_Evento Bienestar_form_templatej_idt24_input"), "Plan Inversion Bienestar (bie)"): Text 'Plan Inversion Bienestar (bie)' is set on object 'Object Repository/Modulo Pruebas Bienestar/Deducción de costos al plan inversión/input_Evento Bienestar_form_templatej_idt24_input'

2022-02-23 15:08:18 - [MESSAGE][PASSED] - Text 'Plan Inversion Bienestar (bie)' is set on object 'Object Repository/Modulo Pruebas Bienestar/Deducción de costos al plan inversión/input_Evento Bienestar_form_templatej_idt24_input'

2022-02-23 15:08:18 - [TEST_STEP][PASSED] - delay(2): Delayed 2 second(s)

2022-02-23 15:08:20 - [MESSAGE][PASSED] - Delayed 2 second(s)

2022-02-23 15:08:20 - [TEST_STEP][PASSED] - sendKeys(findTestObject("Modulo Pruebas Bienestar/Deducción de costos al plan inversión/input_Evento Bienestar_form_templatej_idt24_input"), Keys.chord(ENTER)): Keys 'ENTER + ' sent to object: 'Object Repository/Modulo Pruebas Bienestar/Deducción de costos al plan inversión/input_Evento Bienestar_form_templatej_idt24_input'

2022-02-23 15:08:20 - [MESSAGE][PASSED] - Keys 'ENTER + ' sent to object: 'Object Repository/Modulo Pruebas Bienestar/Deducción de costos al plan inversión/input_Evento Bienestar_form_templatej_idt24_input'

2022-02-23 15:08:20 - [TEST_STEP][PASSED] - click(findTestObject("Modulo Pruebas Bienestar/Deducción de costos al plan inversión/a_Sub Plan Inversion")): Object: 'Object Repository/Modulo Pruebas Bienestar/Deducción de costos al plan inversión/a_Sub Plan Inversion' is clicked on

2022-02-23 15:08:21 - [MESSAGE][PASSED] - Object: 'Object Repository/Modulo Pruebas Bienestar/Deducción de costos al plan inversión/a_Sub Plan Inversion' is clicked on

2022-02-23 15:08:21 - [TEST_STEP][PASSED] - click(findTestObject("Modulo Pruebas Bienestar/Deducción de costos al plan inversión/a_Abiertos_form_planDeInversionbienestarj_idt119")): Object: 'Object Repository/Modulo Pruebas Bienestar/Deducción de costos al plan inversión/a_Abiertos_form_planDeInversionbienestarj_idt119' is clicked on

2022-02-23 15:08:22 - [MESSAGE][PASSED] - Object: 'Object Repository/Modulo Pruebas Bienestar/Deducción de costos al plan inversión/a_Abiertos_form_planDeInversionbienestarj_idt119' is clicked on

2022-02-23 15:08:22 - [TEST_STEP][PASSED] - click(findTestObject("Modulo Pruebas Bienestar/Deducción de costos al plan inversión/td_99.966,00")): Object: 'Object Repository/Modulo Pruebas Bienestar/Deducción de costos al plan inversión/td_99.966,00' is clicked on

2022-02-23 15:08:22 - [MESSAGE][PASSED] - Object: 'Object Repository/Modulo Pruebas Bienestar/Deducción de costos al plan inversión/td_99.966,00' is clicked on

2022-02-23 15:08:22 - [TEST_STEP][PASSED] - delay(3): Delayed 3 second(s)

2022-02-23 15:08:25 - [MESSAGE][PASSED] - Delayed 3 second(s)

2022-02-23 15:08:25 - [TEST_STEP][PASSED] - closeBrowser(): Browser is closed

2022-02-23 15:08:26 - [MESSAGE][PASSED] - Browser is closed]]></system-out>
         <system-err><![CDATA[]]></system-err>
      </testcase>
      <testcase name="Test Cases/3.1-Pruebas_Bienestar/3.2.1 -inscripción_a_un_evento" time="25.556" classname="Test Cases/3.1-Pruebas_Bienestar/3.2.1 -inscripción_a_un_evento" status="PASSED">
         <system-out><![CDATA[2022-02-23 15:08:26 - [TEST_CASE][PASSED] - Test Cases/3.1-Pruebas_Bienestar/3.2.1 -inscripción_a_un_evento: Test Cases/3.1-Pruebas_Bienestar/3.2.1 -inscripción_a_un_evento

2022-02-23 15:08:26 - [TEST_STEP][PASSED] - callTestCase(findTestCase("Utilidades-(atajos_para _tareas)/Modulos/Modulo bienestar-eventos"), [:], STOP_ON_FAILURE): Call Test Case 'Test Cases/Utilidades-(atajos_para _tareas)/Modulos/Modulo bienestar-eventos' successfully

2022-02-23 15:08:26 - [TEST_CASE][PASSED] - Test Cases/Utilidades-(atajos_para _tareas)/Modulos/Modulo bienestar-eventos: Test Cases/Utilidades-(atajos_para _tareas)/Modulos/Modulo bienestar-eventos

2022-02-23 15:08:26 - [TEST_STEP][PASSED] - callTestCase(findTestCase("0.1-Login"), [:], STOP_ON_FAILURE): Call Test Case 'Test Cases/0.1-Login' successfully

2022-02-23 15:08:27 - [TEST_CASE][PASSED] - Test Cases/0.1-Login: Test Cases/0.1-Login

2022-02-23 15:08:27 - [TEST_STEP][PASSED] - openBrowser(""): Browser is opened with url: ''

2022-02-23 15:08:27 - [MESSAGE][INFO] - Starting 'Chrome' driver

2022-02-23 15:08:27 - [MESSAGE][INFO] - Action delay is set to 0 milliseconds

2022-02-23 15:08:28 - [MESSAGE][PASSED] - Browser is opened with url: ''

2022-02-23 15:08:28 - [TEST_STEP][PASSED] - maximizeWindow(): Current window maximized

2022-02-23 15:08:28 - [MESSAGE][PASSED] - Current window maximized

2022-02-23 15:08:28 - [TEST_STEP][PASSED] - i = G_Login: null

2022-02-23 15:08:28 - [TEST_STEP][PASSED] - url = new java.net.URL(i): null

2022-02-23 15:08:28 - [TEST_STEP][PASSED] - println("URL: " + url.toString()): null

2022-02-23 15:08:28 - [TEST_STEP][PASSED] - connection = url.openConnection(): null

2022-02-23 15:08:28 - [TEST_STEP][PASSED] - connection.setRequestMethod("GET"): null

2022-02-23 15:08:28 - [TEST_STEP][PASSED] - connection.setReadTimeout(2 * 1000): null

2022-02-23 15:08:28 - [TEST_STEP][PASSED] - try: null

2022-02-23 15:08:28 - [TEST_STEP][PASSED] - connection.connect(): null

2022-02-23 15:08:28 - [TEST_STEP][PASSED] - flag = connected: null

2022-02-23 15:08:28 - [TEST_STEP][PASSED] - println("Valor_ori: " + flag): null

2022-02-23 15:08:28 - [TEST_STEP][PASSED] - if (flag): null

2022-02-23 15:08:28 - [TEST_STEP][PASSED] - navigateToUrl(i): Navigate to 'http://192.168.2.80:8380/saraweb' successfully

2022-02-23 15:08:29 - [MESSAGE][PASSED] - Navigate to 'http://192.168.2.80:8380/saraweb' successfully

2022-02-23 15:08:29 - [TEST_STEP][PASSED] - a(): null

2022-02-23 15:08:29 - [TEST_STEP][PASSED] - setText(findTestObject("Login/input_USUARIO_loginusuario"), G_Usuario): Text 'saraadmin' is set on object 'Object Repository/Login/input_USUARIO_loginusuario'

2022-02-23 15:08:30 - [MESSAGE][PASSED] - Text 'saraadmin' is set on object 'Object Repository/Login/input_USUARIO_loginusuario'

2022-02-23 15:08:30 - [TEST_STEP][PASSED] - setEncryptedText(findTestObject("Login/input_CLAVE_loginpassword"), "MkG4/TYiCFC3cb2driP7+Q=="): Text ****** has been set on object 'Object Repository/Login/input_CLAVE_loginpassword'

2022-02-23 15:08:30 - [MESSAGE][PASSED] - Text ****** has been set on object 'Object Repository/Login/input_CLAVE_loginpassword'

2022-02-23 15:08:30 - [TEST_STEP][PASSED] - waitForElementClickable(findTestObject("Login/a_Ingresar"), G_TimeOut): Object 'Object Repository/Login/a_Ingresar' is clickable

2022-02-23 15:08:30 - [MESSAGE][PASSED] - Object 'Object Repository/Login/a_Ingresar' is clickable

2022-02-23 15:08:30 - [TEST_STEP][PASSED] - click(findTestObject("Login/a_Ingresar")): Object: 'Object Repository/Login/a_Ingresar' is clicked on

2022-02-23 15:08:32 - [MESSAGE][PASSED] - Object: 'Object Repository/Login/a_Ingresar' is clicked on

2022-02-23 15:08:32 - [TEST_STEP][PASSED] - element = findWebElement(findTestObject("Login/a_Ir"), 30): null

2022-02-23 15:08:33 - [TEST_STEP][PASSED] - executeJavaScript("arguments[0].click()", Arrays.asList(element)): Execute JavaScript 'arguments[0].click()' successfully

2022-02-23 15:08:33 - [MESSAGE][PASSED] - Execute JavaScript 'arguments[0].click()' successfully

2022-02-23 15:08:33 - [MESSAGE][PASSED] - Call Test Case 'Test Cases/0.1-Login' successfully

2022-02-23 15:08:33 - [TEST_STEP][PASSED] - waitForElementClickable(findTestObject("Modulo bienestar-eventos/input_ADMINISTRADOR DEL SISTEMA"), 0): Object 'Object Repository/Modulo bienestar-eventos/input_ADMINISTRADOR DEL SISTEMA' is clickable

2022-02-23 15:08:33 - [MESSAGE][WARNING] - Timeout '0' is invalid. Using default page load timeout: '30'

2022-02-23 15:08:34 - [MESSAGE][PASSED] - Object 'Object Repository/Modulo bienestar-eventos/input_ADMINISTRADOR DEL SISTEMA' is clickable

2022-02-23 15:08:34 - [TEST_STEP][PASSED] - setText(findTestObject("Modulo bienestar-eventos/input_ADMINISTRADOR DEL SISTEMA"), "eventos (bie)"): Text 'eventos (bie)' is set on object 'Object Repository/Modulo bienestar-eventos/input_ADMINISTRADOR DEL SISTEMA'

2022-02-23 15:08:34 - [MESSAGE][PASSED] - Text 'eventos (bie)' is set on object 'Object Repository/Modulo bienestar-eventos/input_ADMINISTRADOR DEL SISTEMA'

2022-02-23 15:08:34 - [TEST_STEP][PASSED] - click(findTestObject("Modulo bienestar-eventos/span_Eventos (bie)")): Object: 'Object Repository/Modulo bienestar-eventos/span_Eventos (bie)' is clicked on

2022-02-23 15:08:36 - [MESSAGE][PASSED] - Object: 'Object Repository/Modulo bienestar-eventos/span_Eventos (bie)' is clicked on

2022-02-23 15:08:36 - [MESSAGE][PASSED] - Call Test Case 'Test Cases/Utilidades-(atajos_para _tareas)/Modulos/Modulo bienestar-eventos' successfully

2022-02-23 15:08:36 - [TEST_STEP][PASSED] - setText(findTestObject("Modulo Pruebas Bienestar/Inscripción_a_un_evento/input_No search results are available_form_templatej_idt24_input"), "Inscripcion evento (bie)"): Text 'Inscripcion evento (bie)' is set on object 'Object Repository/Modulo Pruebas Bienestar/Inscripción_a_un_evento/input_No search results are available_form_templatej_idt24_input'

2022-02-23 15:08:38 - [MESSAGE][PASSED] - Text 'Inscripcion evento (bie)' is set on object 'Object Repository/Modulo Pruebas Bienestar/Inscripción_a_un_evento/input_No search results are available_form_templatej_idt24_input'

2022-02-23 15:08:38 - [TEST_STEP][PASSED] - click(findTestObject("Modulo Pruebas Bienestar/Inscripción_a_un_evento/li_Inscripcion Evento (bie)")): Object: 'Object Repository/Modulo Pruebas Bienestar/Inscripción_a_un_evento/li_Inscripcion Evento (bie)' is clicked on

2022-02-23 15:08:39 - [MESSAGE][PASSED] - Object: 'Object Repository/Modulo Pruebas Bienestar/Inscripción_a_un_evento/li_Inscripcion Evento (bie)' is clicked on

2022-02-23 15:08:39 - [TEST_STEP][PASSED] - click(findTestObject("Modulo Pruebas Bienestar/Inscripción_a_un_evento/a_Inscripcin")): Object: 'Object Repository/Modulo Pruebas Bienestar/Inscripción_a_un_evento/a_Inscripcin' is clicked on

2022-02-23 15:08:44 - [MESSAGE][PASSED] - Object: 'Object Repository/Modulo Pruebas Bienestar/Inscripción_a_un_evento/a_Inscripcin' is clicked on

2022-02-23 15:08:44 - [TEST_STEP][PASSED] - click(findTestObject("Modulo Pruebas Bienestar/Inscripción_a_un_evento/a_Nombre_formListadoEventosj_idt185")): Object: 'Object Repository/Modulo Pruebas Bienestar/Inscripción_a_un_evento/a_Nombre_formListadoEventosj_idt185' is clicked on

2022-02-23 15:08:45 - [MESSAGE][PASSED] - Object: 'Object Repository/Modulo Pruebas Bienestar/Inscripción_a_un_evento/a_Nombre_formListadoEventosj_idt185' is clicked on

2022-02-23 15:08:45 - [TEST_STEP][PASSED] - click(findTestObject("Modulo Pruebas Bienestar/Inscripción_a_un_evento/td_")): Object: 'Object Repository/Modulo Pruebas Bienestar/Inscripción_a_un_evento/td_' is clicked on

2022-02-23 15:08:46 - [MESSAGE][PASSED] - Object: 'Object Repository/Modulo Pruebas Bienestar/Inscripción_a_un_evento/td_' is clicked on

2022-02-23 15:08:46 - [TEST_STEP][PASSED] - selectOptionByIndex(findTestObject("Modulo Pruebas Bienestar/Inscripción_a_un_evento/select_-- Seleccione --prueba-S-SH"), 1): All options with index in [1] are selected on object 'Object Repository/Modulo Pruebas Bienestar/Inscripción_a_un_evento/select_-- Seleccione --prueba-S-SH'

2022-02-23 15:08:48 - [MESSAGE][PASSED] - All options with index in [1] are selected on object 'Object Repository/Modulo Pruebas Bienestar/Inscripción_a_un_evento/select_-- Seleccione --prueba-S-SH'

2022-02-23 15:08:48 - [TEST_STEP][PASSED] - setText(findTestObject("Modulo Pruebas Bienestar/Inscripción_a_un_evento/input_Referencia Pago_formListadoEventospIReferencia"), "5"): Text '5' is set on object 'Object Repository/Modulo Pruebas Bienestar/Inscripción_a_un_evento/input_Referencia Pago_formListadoEventospIReferencia'

2022-02-23 15:08:49 - [MESSAGE][PASSED] - Text '5' is set on object 'Object Repository/Modulo Pruebas Bienestar/Inscripción_a_un_evento/input_Referencia Pago_formListadoEventospIReferencia'

2022-02-23 15:08:49 - [TEST_STEP][PASSED] - setText(findTestObject("Modulo Pruebas Bienestar/Inscripción_a_un_evento/input_Valor Persona A Pagar_formListadoEventospIValor"), "100"): Text '100' is set on object 'Object Repository/Modulo Pruebas Bienestar/Inscripción_a_un_evento/input_Valor Persona A Pagar_formListadoEventospIValor'

2022-02-23 15:08:50 - [MESSAGE][PASSED] - Text '100' is set on object 'Object Repository/Modulo Pruebas Bienestar/Inscripción_a_un_evento/input_Valor Persona A Pagar_formListadoEventospIValor'

2022-02-23 15:08:50 - [TEST_STEP][PASSED] - setText(findTestObject("Modulo Pruebas Bienestar/Inscripción_a_un_evento/input_Posicin_formListadoEventospIPosicion"), "5"): Text '5' is set on object 'Object Repository/Modulo Pruebas Bienestar/Inscripción_a_un_evento/input_Posicin_formListadoEventospIPosicion'

2022-02-23 15:08:50 - [MESSAGE][PASSED] - Text '5' is set on object 'Object Repository/Modulo Pruebas Bienestar/Inscripción_a_un_evento/input_Posicin_formListadoEventospIPosicion'

2022-02-23 15:08:50 - [TEST_STEP][PASSED] - element = findWebElement(findTestObject("Modulo Pruebas Bienestar/Inscripción_a_un_evento/a_Guardar"), 30): null

2022-02-23 15:08:51 - [TEST_STEP][PASSED] - executeJavaScript("arguments[0].click()", Arrays.asList(element)): Execute JavaScript 'arguments[0].click()' successfully

2022-02-23 15:08:51 - [MESSAGE][PASSED] - Execute JavaScript 'arguments[0].click()' successfully

2022-02-23 15:08:51 - [TEST_STEP][PASSED] - closeBrowser(): Browser is closed

2022-02-23 15:08:52 - [MESSAGE][PASSED] - Browser is closed]]></system-out>
         <system-err><![CDATA[]]></system-err>
      </testcase>
      <testcase name="Test Cases/3.1-Pruebas_Bienestar/3.2.2-Invitación" time="22.684" classname="Test Cases/3.1-Pruebas_Bienestar/3.2.2-Invitación" status="PASSED">
         <system-out><![CDATA[2022-02-23 15:08:52 - [TEST_CASE][PASSED] - Test Cases/3.1-Pruebas_Bienestar/3.2.2-Invitación: Test Cases/3.1-Pruebas_Bienestar/3.2.2-Invitación

2022-02-23 15:08:52 - [TEST_STEP][PASSED] - callTestCase(findTestCase("Utilidades-(atajos_para _tareas)/Modulos/Modulo bienestar-eventos"), [:], STOP_ON_FAILURE): Call Test Case 'Test Cases/Utilidades-(atajos_para _tareas)/Modulos/Modulo bienestar-eventos' successfully

2022-02-23 15:08:52 - [TEST_CASE][PASSED] - Test Cases/Utilidades-(atajos_para _tareas)/Modulos/Modulo bienestar-eventos: Test Cases/Utilidades-(atajos_para _tareas)/Modulos/Modulo bienestar-eventos

2022-02-23 15:08:52 - [TEST_STEP][PASSED] - callTestCase(findTestCase("0.1-Login"), [:], STOP_ON_FAILURE): Call Test Case 'Test Cases/0.1-Login' successfully

2022-02-23 15:08:52 - [TEST_CASE][PASSED] - Test Cases/0.1-Login: Test Cases/0.1-Login

2022-02-23 15:08:52 - [TEST_STEP][PASSED] - openBrowser(""): Browser is opened with url: ''

2022-02-23 15:08:52 - [MESSAGE][INFO] - Starting 'Chrome' driver

2022-02-23 15:08:52 - [MESSAGE][INFO] - Action delay is set to 0 milliseconds

2022-02-23 15:08:53 - [MESSAGE][PASSED] - Browser is opened with url: ''

2022-02-23 15:08:53 - [TEST_STEP][PASSED] - maximizeWindow(): Current window maximized

2022-02-23 15:08:54 - [MESSAGE][PASSED] - Current window maximized

2022-02-23 15:08:54 - [TEST_STEP][PASSED] - i = G_Login: null

2022-02-23 15:08:54 - [TEST_STEP][PASSED] - url = new java.net.URL(i): null

2022-02-23 15:08:54 - [TEST_STEP][PASSED] - println("URL: " + url.toString()): null

2022-02-23 15:08:54 - [TEST_STEP][PASSED] - connection = url.openConnection(): null

2022-02-23 15:08:54 - [TEST_STEP][PASSED] - connection.setRequestMethod("GET"): null

2022-02-23 15:08:54 - [TEST_STEP][PASSED] - connection.setReadTimeout(2 * 1000): null

2022-02-23 15:08:54 - [TEST_STEP][PASSED] - try: null

2022-02-23 15:08:54 - [TEST_STEP][PASSED] - connection.connect(): null

2022-02-23 15:08:54 - [TEST_STEP][PASSED] - flag = connected: null

2022-02-23 15:08:54 - [TEST_STEP][PASSED] - println("Valor_ori: " + flag): null

2022-02-23 15:08:54 - [TEST_STEP][PASSED] - if (flag): null

2022-02-23 15:08:54 - [TEST_STEP][PASSED] - navigateToUrl(i): Navigate to 'http://192.168.2.80:8380/saraweb' successfully

2022-02-23 15:08:54 - [MESSAGE][PASSED] - Navigate to 'http://192.168.2.80:8380/saraweb' successfully

2022-02-23 15:08:54 - [TEST_STEP][PASSED] - a(): null

2022-02-23 15:08:54 - [TEST_STEP][PASSED] - setText(findTestObject("Login/input_USUARIO_loginusuario"), G_Usuario): Text 'saraadmin' is set on object 'Object Repository/Login/input_USUARIO_loginusuario'

2022-02-23 15:08:55 - [MESSAGE][PASSED] - Text 'saraadmin' is set on object 'Object Repository/Login/input_USUARIO_loginusuario'

2022-02-23 15:08:55 - [TEST_STEP][PASSED] - setEncryptedText(findTestObject("Login/input_CLAVE_loginpassword"), "MkG4/TYiCFC3cb2driP7+Q=="): Text ****** has been set on object 'Object Repository/Login/input_CLAVE_loginpassword'

2022-02-23 15:08:55 - [MESSAGE][PASSED] - Text ****** has been set on object 'Object Repository/Login/input_CLAVE_loginpassword'

2022-02-23 15:08:55 - [TEST_STEP][PASSED] - waitForElementClickable(findTestObject("Login/a_Ingresar"), G_TimeOut): Object 'Object Repository/Login/a_Ingresar' is clickable

2022-02-23 15:08:56 - [MESSAGE][PASSED] - Object 'Object Repository/Login/a_Ingresar' is clickable

2022-02-23 15:08:56 - [TEST_STEP][PASSED] - click(findTestObject("Login/a_Ingresar")): Object: 'Object Repository/Login/a_Ingresar' is clicked on

2022-02-23 15:08:57 - [MESSAGE][PASSED] - Object: 'Object Repository/Login/a_Ingresar' is clicked on

2022-02-23 15:08:57 - [TEST_STEP][PASSED] - element = findWebElement(findTestObject("Login/a_Ir"), 30): null

2022-02-23 15:08:57 - [TEST_STEP][PASSED] - executeJavaScript("arguments[0].click()", Arrays.asList(element)): Execute JavaScript 'arguments[0].click()' successfully

2022-02-23 15:08:57 - [MESSAGE][PASSED] - Execute JavaScript 'arguments[0].click()' successfully

2022-02-23 15:08:57 - [MESSAGE][PASSED] - Call Test Case 'Test Cases/0.1-Login' successfully

2022-02-23 15:08:57 - [TEST_STEP][PASSED] - waitForElementClickable(findTestObject("Modulo bienestar-eventos/input_ADMINISTRADOR DEL SISTEMA"), 0): Object 'Object Repository/Modulo bienestar-eventos/input_ADMINISTRADOR DEL SISTEMA' is clickable

2022-02-23 15:08:57 - [MESSAGE][WARNING] - Timeout '0' is invalid. Using default page load timeout: '30'

2022-02-23 15:08:58 - [MESSAGE][PASSED] - Object 'Object Repository/Modulo bienestar-eventos/input_ADMINISTRADOR DEL SISTEMA' is clickable

2022-02-23 15:08:58 - [TEST_STEP][PASSED] - setText(findTestObject("Modulo bienestar-eventos/input_ADMINISTRADOR DEL SISTEMA"), "eventos (bie)"): Text 'eventos (bie)' is set on object 'Object Repository/Modulo bienestar-eventos/input_ADMINISTRADOR DEL SISTEMA'

2022-02-23 15:08:59 - [MESSAGE][PASSED] - Text 'eventos (bie)' is set on object 'Object Repository/Modulo bienestar-eventos/input_ADMINISTRADOR DEL SISTEMA'

2022-02-23 15:08:59 - [TEST_STEP][PASSED] - click(findTestObject("Modulo bienestar-eventos/span_Eventos (bie)")): Object: 'Object Repository/Modulo bienestar-eventos/span_Eventos (bie)' is clicked on

2022-02-23 15:09:00 - [MESSAGE][PASSED] - Object: 'Object Repository/Modulo bienestar-eventos/span_Eventos (bie)' is clicked on

2022-02-23 15:09:00 - [MESSAGE][PASSED] - Call Test Case 'Test Cases/Utilidades-(atajos_para _tareas)/Modulos/Modulo bienestar-eventos' successfully

2022-02-23 15:09:00 - [TEST_STEP][PASSED] - waitForElementClickable(findTestObject("Modulo Pruebas Bienestar/Invitación/td_Prueba-S-SH"), 0): Object 'Object Repository/Modulo Pruebas Bienestar/Invitación/td_Prueba-S-SH' is clickable

2022-02-23 15:09:00 - [MESSAGE][WARNING] - Timeout '0' is invalid. Using default page load timeout: '30'

2022-02-23 15:09:01 - [MESSAGE][PASSED] - Object 'Object Repository/Modulo Pruebas Bienestar/Invitación/td_Prueba-S-SH' is clickable

2022-02-23 15:09:01 - [TEST_STEP][PASSED] - click(findTestObject("Modulo Pruebas Bienestar/Invitación/td_Prueba-S-SH")): Object: 'Object Repository/Modulo Pruebas Bienestar/Invitación/td_Prueba-S-SH' is clicked on

2022-02-23 15:09:01 - [MESSAGE][PASSED] - Object: 'Object Repository/Modulo Pruebas Bienestar/Invitación/td_Prueba-S-SH' is clicked on

2022-02-23 15:09:01 - [TEST_STEP][PASSED] - click(findTestObject("Modulo Pruebas Bienestar/Invitación/div_Participante")): Object: 'Object Repository/Modulo Pruebas Bienestar/Invitación/div_Participante' is clicked on

2022-02-23 15:09:03 - [MESSAGE][PASSED] - Object: 'Object Repository/Modulo Pruebas Bienestar/Invitación/div_Participante' is clicked on

2022-02-23 15:09:03 - [TEST_STEP][PASSED] - click(findTestObject("Modulo Pruebas Bienestar/Invitación/a_Invitacin")): Object: 'Object Repository/Modulo Pruebas Bienestar/Invitación/a_Invitacin' is clicked on

2022-02-23 15:09:03 - [MESSAGE][PASSED] - Object: 'Object Repository/Modulo Pruebas Bienestar/Invitación/a_Invitacin' is clicked on

2022-02-23 15:09:03 - [TEST_STEP][PASSED] - selectOptionByIndex(findTestObject("Modulo Pruebas Bienestar/Invitación/select_SeleccioneCALIDADMENSUAL ABCMODELO EMPRESA QUINCENALPANSIONADOSPENSIONADOS BASEPRUEBAS"), "1"): All options with index in [1] are selected on object 'Object Repository/Modulo Pruebas Bienestar/Invitación/select_SeleccioneCALIDADMENSUAL ABCMODELO EMPRESA QUINCENALPANSIONADOSPENSIONADOS BASEPRUEBAS'

2022-02-23 15:09:06 - [MESSAGE][PASSED] - All options with index in [1] are selected on object 'Object Repository/Modulo Pruebas Bienestar/Invitación/select_SeleccioneCALIDADMENSUAL ABCMODELO EMPRESA QUINCENALPANSIONADOSPENSIONADOS BASEPRUEBAS'

2022-02-23 15:09:06 - [TEST_STEP][PASSED] - click(findTestObject("Modulo Pruebas Bienestar/Invitación/a_Unidad_invitacionEventosPopupFormj_idt1309")): Object: 'Object Repository/Modulo Pruebas Bienestar/Invitación/a_Unidad_invitacionEventosPopupFormj_idt1309' is clicked on

2022-02-23 15:09:07 - [MESSAGE][PASSED] - Object: 'Object Repository/Modulo Pruebas Bienestar/Invitación/a_Unidad_invitacionEventosPopupFormj_idt1309' is clicked on

2022-02-23 15:09:07 - [TEST_STEP][PASSED] - click(findTestObject("Modulo Pruebas Bienestar/Invitación/a_Filtrar")): Object: 'Object Repository/Modulo Pruebas Bienestar/Invitación/a_Filtrar' is clicked on

2022-02-23 15:09:07 - [MESSAGE][PASSED] - Object: 'Object Repository/Modulo Pruebas Bienestar/Invitación/a_Filtrar' is clicked on

2022-02-23 15:09:07 - [TEST_STEP][PASSED] - check(findTestObject("Modulo Pruebas Bienestar/Invitación/div_Cargo_ui-chkbox-box ui-widget ui-corner-all ui-state-default ui-state-hover")): Object 'Object Repository/Modulo Pruebas Bienestar/Invitación/div_Cargo_ui-chkbox-box ui-widget ui-corner-all ui-state-default ui-state-hover' is checked

2022-02-23 15:09:08 - [MESSAGE][PASSED] - Object 'Object Repository/Modulo Pruebas Bienestar/Invitación/div_Cargo_ui-chkbox-box ui-widget ui-corner-all ui-state-default ui-state-hover' is checked

2022-02-23 15:09:08 - [TEST_STEP][PASSED] - element = findWebElement(findTestObject("Modulo Pruebas Bienestar/Invitación/a_Invitacin_boton"), 30): null

2022-02-23 15:09:09 - [TEST_STEP][PASSED] - executeJavaScript("arguments[0].click()", Arrays.asList(element)): Execute JavaScript 'arguments[0].click()' successfully

2022-02-23 15:09:09 - [MESSAGE][PASSED] - Execute JavaScript 'arguments[0].click()' successfully

2022-02-23 15:09:09 - [TEST_STEP][PASSED] - click(findTestObject("Modulo Pruebas Bienestar/Invitación/a_Invitacin")): Object: 'Object Repository/Modulo Pruebas Bienestar/Invitación/a_Invitacin' is clicked on

2022-02-23 15:09:10 - [MESSAGE][PASSED] - Object: 'Object Repository/Modulo Pruebas Bienestar/Invitación/a_Invitacin' is clicked on

2022-02-23 15:09:10 - [TEST_STEP][PASSED] - selectOptionByIndex(findTestObject("Modulo Pruebas Bienestar/Invitación/select_SeleccioneCALIDADMENSUAL ABCMODELO EMPRESA QUINCENALPANSIONADOSPENSIONADOS BASEPRUEBAS"), "1"): All options with index in [1] are selected on object 'Object Repository/Modulo Pruebas Bienestar/Invitación/select_SeleccioneCALIDADMENSUAL ABCMODELO EMPRESA QUINCENALPANSIONADOSPENSIONADOS BASEPRUEBAS'

2022-02-23 15:09:11 - [MESSAGE][PASSED] - All options with index in [1] are selected on object 'Object Repository/Modulo Pruebas Bienestar/Invitación/select_SeleccioneCALIDADMENSUAL ABCMODELO EMPRESA QUINCENALPANSIONADOSPENSIONADOS BASEPRUEBAS'

2022-02-23 15:09:11 - [TEST_STEP][PASSED] - click(findTestObject("Modulo Pruebas Bienestar/Invitación/a_Filtrar")): Object: 'Object Repository/Modulo Pruebas Bienestar/Invitación/a_Filtrar' is clicked on

2022-02-23 15:09:11 - [MESSAGE][PASSED] - Object: 'Object Repository/Modulo Pruebas Bienestar/Invitación/a_Filtrar' is clicked on

2022-02-23 15:09:11 - [TEST_STEP][PASSED] - click(findTestObject("Modulo Pruebas Bienestar/Invitación/span_ui-button")): Object: 'Object Repository/Modulo Pruebas Bienestar/Invitación/span_ui-button' is clicked on

2022-02-23 15:09:12 - [MESSAGE][PASSED] - Object: 'Object Repository/Modulo Pruebas Bienestar/Invitación/span_ui-button' is clicked on

2022-02-23 15:09:12 - [TEST_STEP][PASSED] - click(findTestObject("Modulo Pruebas Bienestar/Invitación/span_Todo")): Object: 'Object Repository/Modulo Pruebas Bienestar/Invitación/span_Todo' is clicked on

2022-02-23 15:09:13 - [MESSAGE][PASSED] - Object: 'Object Repository/Modulo Pruebas Bienestar/Invitación/span_Todo' is clicked on

2022-02-23 15:09:13 - [TEST_STEP][PASSED] - element1 = findWebElement(findTestObject("Modulo Pruebas Bienestar/Invitación/a_Invitacin_boton"), 30): null

2022-02-23 15:09:13 - [TEST_STEP][PASSED] - executeJavaScript("arguments[0].click()", Arrays.asList(element1)): Execute JavaScript 'arguments[0].click()' successfully

2022-02-23 15:09:13 - [MESSAGE][PASSED] - Execute JavaScript 'arguments[0].click()' successfully

2022-02-23 15:09:13 - [TEST_STEP][PASSED] - closeBrowser(): Browser is closed

2022-02-23 15:09:14 - [MESSAGE][PASSED] - Browser is closed]]></system-out>
         <system-err><![CDATA[]]></system-err>
      </testcase>
      <testcase name="Test Cases/3.1-Pruebas_Bienestar/3.2.3-Inscripción_masiva" time="25.169" classname="Test Cases/3.1-Pruebas_Bienestar/3.2.3-Inscripción_masiva" status="PASSED">
         <system-out><![CDATA[2022-02-23 15:09:14 - [TEST_CASE][PASSED] - Test Cases/3.1-Pruebas_Bienestar/3.2.3-Inscripción_masiva: Test Cases/3.1-Pruebas_Bienestar/3.2.3-Inscripción_masiva

2022-02-23 15:09:15 - [TEST_STEP][PASSED] - callTestCase(findTestCase("Utilidades-(atajos_para _tareas)/Modulos/Modulo bienestar-eventos"), [:], STOP_ON_FAILURE): Call Test Case 'Test Cases/Utilidades-(atajos_para _tareas)/Modulos/Modulo bienestar-eventos' successfully

2022-02-23 15:09:15 - [TEST_CASE][PASSED] - Test Cases/Utilidades-(atajos_para _tareas)/Modulos/Modulo bienestar-eventos: Test Cases/Utilidades-(atajos_para _tareas)/Modulos/Modulo bienestar-eventos

2022-02-23 15:09:15 - [TEST_STEP][PASSED] - callTestCase(findTestCase("0.1-Login"), [:], STOP_ON_FAILURE): Call Test Case 'Test Cases/0.1-Login' successfully

2022-02-23 15:09:15 - [TEST_CASE][PASSED] - Test Cases/0.1-Login: Test Cases/0.1-Login

2022-02-23 15:09:15 - [TEST_STEP][PASSED] - openBrowser(""): Browser is opened with url: ''

2022-02-23 15:09:15 - [MESSAGE][INFO] - Starting 'Chrome' driver

2022-02-23 15:09:15 - [MESSAGE][INFO] - Action delay is set to 0 milliseconds

2022-02-23 15:09:16 - [MESSAGE][PASSED] - Browser is opened with url: ''

2022-02-23 15:09:16 - [TEST_STEP][PASSED] - maximizeWindow(): Current window maximized

2022-02-23 15:09:16 - [MESSAGE][PASSED] - Current window maximized

2022-02-23 15:09:16 - [TEST_STEP][PASSED] - i = G_Login: null

2022-02-23 15:09:16 - [TEST_STEP][PASSED] - url = new java.net.URL(i): null

2022-02-23 15:09:16 - [TEST_STEP][PASSED] - println("URL: " + url.toString()): null

2022-02-23 15:09:16 - [TEST_STEP][PASSED] - connection = url.openConnection(): null

2022-02-23 15:09:16 - [TEST_STEP][PASSED] - connection.setRequestMethod("GET"): null

2022-02-23 15:09:16 - [TEST_STEP][PASSED] - connection.setReadTimeout(2 * 1000): null

2022-02-23 15:09:16 - [TEST_STEP][PASSED] - try: null

2022-02-23 15:09:16 - [TEST_STEP][PASSED] - connection.connect(): null

2022-02-23 15:09:16 - [TEST_STEP][PASSED] - flag = connected: null

2022-02-23 15:09:16 - [TEST_STEP][PASSED] - println("Valor_ori: " + flag): null

2022-02-23 15:09:16 - [TEST_STEP][PASSED] - if (flag): null

2022-02-23 15:09:16 - [TEST_STEP][PASSED] - navigateToUrl(i): Navigate to 'http://192.168.2.80:8380/saraweb' successfully

2022-02-23 15:09:17 - [MESSAGE][PASSED] - Navigate to 'http://192.168.2.80:8380/saraweb' successfully

2022-02-23 15:09:17 - [TEST_STEP][PASSED] - a(): null

2022-02-23 15:09:17 - [TEST_STEP][PASSED] - setText(findTestObject("Login/input_USUARIO_loginusuario"), G_Usuario): Text 'saraadmin' is set on object 'Object Repository/Login/input_USUARIO_loginusuario'

2022-02-23 15:09:17 - [MESSAGE][PASSED] - Text 'saraadmin' is set on object 'Object Repository/Login/input_USUARIO_loginusuario'

2022-02-23 15:09:17 - [TEST_STEP][PASSED] - setEncryptedText(findTestObject("Login/input_CLAVE_loginpassword"), "MkG4/TYiCFC3cb2driP7+Q=="): Text ****** has been set on object 'Object Repository/Login/input_CLAVE_loginpassword'

2022-02-23 15:09:18 - [MESSAGE][PASSED] - Text ****** has been set on object 'Object Repository/Login/input_CLAVE_loginpassword'

2022-02-23 15:09:18 - [TEST_STEP][PASSED] - waitForElementClickable(findTestObject("Login/a_Ingresar"), G_TimeOut): Object 'Object Repository/Login/a_Ingresar' is clickable

2022-02-23 15:09:18 - [MESSAGE][PASSED] - Object 'Object Repository/Login/a_Ingresar' is clickable

2022-02-23 15:09:18 - [TEST_STEP][PASSED] - click(findTestObject("Login/a_Ingresar")): Object: 'Object Repository/Login/a_Ingresar' is clicked on

2022-02-23 15:09:20 - [MESSAGE][PASSED] - Object: 'Object Repository/Login/a_Ingresar' is clicked on

2022-02-23 15:09:20 - [TEST_STEP][PASSED] - element = findWebElement(findTestObject("Login/a_Ir"), 30): null

2022-02-23 15:09:20 - [TEST_STEP][PASSED] - executeJavaScript("arguments[0].click()", Arrays.asList(element)): Execute JavaScript 'arguments[0].click()' successfully

2022-02-23 15:09:20 - [MESSAGE][PASSED] - Execute JavaScript 'arguments[0].click()' successfully

2022-02-23 15:09:20 - [MESSAGE][PASSED] - Call Test Case 'Test Cases/0.1-Login' successfully

2022-02-23 15:09:20 - [TEST_STEP][PASSED] - waitForElementClickable(findTestObject("Modulo bienestar-eventos/input_ADMINISTRADOR DEL SISTEMA"), 0): Object 'Object Repository/Modulo bienestar-eventos/input_ADMINISTRADOR DEL SISTEMA' is clickable

2022-02-23 15:09:20 - [MESSAGE][WARNING] - Timeout '0' is invalid. Using default page load timeout: '30'

2022-02-23 15:09:21 - [MESSAGE][PASSED] - Object 'Object Repository/Modulo bienestar-eventos/input_ADMINISTRADOR DEL SISTEMA' is clickable

2022-02-23 15:09:21 - [TEST_STEP][PASSED] - setText(findTestObject("Modulo bienestar-eventos/input_ADMINISTRADOR DEL SISTEMA"), "eventos (bie)"): Text 'eventos (bie)' is set on object 'Object Repository/Modulo bienestar-eventos/input_ADMINISTRADOR DEL SISTEMA'

2022-02-23 15:09:22 - [MESSAGE][PASSED] - Text 'eventos (bie)' is set on object 'Object Repository/Modulo bienestar-eventos/input_ADMINISTRADOR DEL SISTEMA'

2022-02-23 15:09:22 - [TEST_STEP][PASSED] - click(findTestObject("Modulo bienestar-eventos/span_Eventos (bie)")): Object: 'Object Repository/Modulo bienestar-eventos/span_Eventos (bie)' is clicked on

2022-02-23 15:09:24 - [MESSAGE][PASSED] - Object: 'Object Repository/Modulo bienestar-eventos/span_Eventos (bie)' is clicked on

2022-02-23 15:09:24 - [MESSAGE][PASSED] - Call Test Case 'Test Cases/Utilidades-(atajos_para _tareas)/Modulos/Modulo bienestar-eventos' successfully

2022-02-23 15:09:24 - [TEST_STEP][PASSED] - waitForElementClickable(findTestObject("Modulo Pruebas Bienestar/Inscripción masiva/td_Prueba-S-SH"), 0): Object 'Object Repository/Modulo Pruebas Bienestar/Inscripción masiva/td_Prueba-S-SH' is clickable

2022-02-23 15:09:24 - [MESSAGE][WARNING] - Timeout '0' is invalid. Using default page load timeout: '30'

2022-02-23 15:09:26 - [MESSAGE][PASSED] - Object 'Object Repository/Modulo Pruebas Bienestar/Inscripción masiva/td_Prueba-S-SH' is clickable

2022-02-23 15:09:26 - [TEST_STEP][PASSED] - click(findTestObject("Modulo Pruebas Bienestar/Inscripción masiva/td_Prueba-S-SH")): Object: 'Object Repository/Modulo Pruebas Bienestar/Inscripción masiva/td_Prueba-S-SH' is clicked on

2022-02-23 15:09:26 - [MESSAGE][PASSED] - Object: 'Object Repository/Modulo Pruebas Bienestar/Inscripción masiva/td_Prueba-S-SH' is clicked on

2022-02-23 15:09:26 - [TEST_STEP][PASSED] - waitForElementClickable(findTestObject("Modulo Pruebas Bienestar/Inscripción masiva/div_Participante"), 0): Object 'Object Repository/Modulo Pruebas Bienestar/Inscripción masiva/div_Participante' is clickable

2022-02-23 15:09:26 - [MESSAGE][WARNING] - Timeout '0' is invalid. Using default page load timeout: '30'

2022-02-23 15:09:28 - [MESSAGE][PASSED] - Object 'Object Repository/Modulo Pruebas Bienestar/Inscripción masiva/div_Participante' is clickable

2022-02-23 15:09:28 - [TEST_STEP][PASSED] - click(findTestObject("Modulo Pruebas Bienestar/Inscripción masiva/div_Participante")): Object: 'Object Repository/Modulo Pruebas Bienestar/Inscripción masiva/div_Participante' is clicked on

2022-02-23 15:09:28 - [MESSAGE][PASSED] - Object: 'Object Repository/Modulo Pruebas Bienestar/Inscripción masiva/div_Participante' is clicked on

2022-02-23 15:09:28 - [TEST_STEP][PASSED] - click(findTestObject("Modulo Pruebas Bienestar/Inscripción masiva/a_Individual")): Object: 'Object Repository/Modulo Pruebas Bienestar/Inscripción masiva/a_Individual' is clicked on

2022-02-23 15:09:28 - [MESSAGE][PASSED] - Object: 'Object Repository/Modulo Pruebas Bienestar/Inscripción masiva/a_Individual' is clicked on

2022-02-23 15:09:28 - [TEST_STEP][PASSED] - if (waitForElementPresent(findTestObject("Modulo Pruebas Bienestar/Inscripción masiva/td_Ardila Julio"), 1)): null

2022-02-23 15:09:29 - [MESSAGE][PASSED] - Object 'Object Repository/Modulo Pruebas Bienestar/Inscripción masiva/td_Ardila Julio' is present

2022-02-23 15:09:29 - [TEST_STEP][PASSED] - click(findTestObject("Modulo Pruebas Bienestar/Inscripción masiva/td_Ardila Julio")): Object: 'Object Repository/Modulo Pruebas Bienestar/Inscripción masiva/td_Ardila Julio' is clicked on

2022-02-23 15:09:30 - [MESSAGE][PASSED] - Object: 'Object Repository/Modulo Pruebas Bienestar/Inscripción masiva/td_Ardila Julio' is clicked on

2022-02-23 15:09:30 - [TEST_STEP][PASSED] - waitForElementPresent(findTestObject("Modulo Pruebas Bienestar/Inscripción masiva/a_Cambiar Datos"), 0): Object 'Object Repository/Modulo Pruebas Bienestar/Inscripción masiva/a_Cambiar Datos' is present

2022-02-23 15:09:30 - [MESSAGE][WARNING] - Timeout '0' is invalid. Using default page load timeout: '30'

2022-02-23 15:09:30 - [MESSAGE][PASSED] - Object 'Object Repository/Modulo Pruebas Bienestar/Inscripción masiva/a_Cambiar Datos' is present

2022-02-23 15:09:30 - [TEST_STEP][PASSED] - click(findTestObject("Modulo Pruebas Bienestar/Inscripción masiva/a_Cambiar Datos"), STOP_ON_FAILURE): Object: 'Object Repository/Modulo Pruebas Bienestar/Inscripción masiva/a_Cambiar Datos' is clicked on

2022-02-23 15:09:31 - [MESSAGE][PASSED] - Object: 'Object Repository/Modulo Pruebas Bienestar/Inscripción masiva/a_Cambiar Datos' is clicked on

2022-02-23 15:09:31 - [TEST_STEP][PASSED] - click(findTestObject("Modulo Pruebas Bienestar/Inscripción masiva/a_Eliminar")): Object: 'Object Repository/Modulo Pruebas Bienestar/Inscripción masiva/a_Eliminar' is clicked on

2022-02-23 15:09:31 - [MESSAGE][PASSED] - Object: 'Object Repository/Modulo Pruebas Bienestar/Inscripción masiva/a_Eliminar' is clicked on

2022-02-23 15:09:31 - [TEST_STEP][PASSED] - click(findTestObject("Modulo Pruebas Bienestar/Inscripción masiva/span_Si")): Object: 'Object Repository/Modulo Pruebas Bienestar/Inscripción masiva/span_Si' is clicked on

2022-02-23 15:09:32 - [MESSAGE][PASSED] - Object: 'Object Repository/Modulo Pruebas Bienestar/Inscripción masiva/span_Si' is clicked on

2022-02-23 15:09:32 - [TEST_STEP][PASSED] - click(findTestObject("Modulo Pruebas Bienestar/Inscripción masiva/a_Inscribirse_Menu")): Object: 'Object Repository/Modulo Pruebas Bienestar/Inscripción masiva/a_Inscribirse_Menu' is clicked on

2022-02-23 15:09:33 - [MESSAGE][PASSED] - Object: 'Object Repository/Modulo Pruebas Bienestar/Inscripción masiva/a_Inscribirse_Menu' is clicked on

2022-02-23 15:09:33 - [TEST_STEP][PASSED] - selectOptionByIndex(findTestObject("Modulo Pruebas Bienestar/Inscripción masiva/select_SeleccioneCALIDADMENSUAL ABCMODELO EMPRESA QUINCENALPANSIONADOSPENSIONADOS BASEPRUEBAS"), 1): All options with index in [1] are selected on object 'Object Repository/Modulo Pruebas Bienestar/Inscripción masiva/select_SeleccioneCALIDADMENSUAL ABCMODELO EMPRESA QUINCENALPANSIONADOSPENSIONADOS BASEPRUEBAS'

2022-02-23 15:09:35 - [MESSAGE][PASSED] - All options with index in [1] are selected on object 'Object Repository/Modulo Pruebas Bienestar/Inscripción masiva/select_SeleccioneCALIDADMENSUAL ABCMODELO EMPRESA QUINCENALPANSIONADOSPENSIONADOS BASEPRUEBAS'

2022-02-23 15:09:35 - [TEST_STEP][PASSED] - click(findTestObject("Modulo Pruebas Bienestar/Inscripción masiva/a_Filtrar")): Object: 'Object Repository/Modulo Pruebas Bienestar/Inscripción masiva/a_Filtrar' is clicked on

2022-02-23 15:09:36 - [MESSAGE][PASSED] - Object: 'Object Repository/Modulo Pruebas Bienestar/Inscripción masiva/a_Filtrar' is clicked on

2022-02-23 15:09:36 - [TEST_STEP][PASSED] - selectOptionByIndex(findTestObject("Modulo Pruebas Bienestar/Inscripción masiva/select_-- Seleccione --prueba-S-SH"), 1): All options with index in [1] are selected on object 'Object Repository/Modulo Pruebas Bienestar/Inscripción masiva/select_-- Seleccione --prueba-S-SH'

2022-02-23 15:09:37 - [MESSAGE][PASSED] - All options with index in [1] are selected on object 'Object Repository/Modulo Pruebas Bienestar/Inscripción masiva/select_-- Seleccione --prueba-S-SH'

2022-02-23 15:09:37 - [TEST_STEP][PASSED] - click(findTestObject("Modulo Pruebas Bienestar/Inscripción masiva/span_Momento Evento_ui-button-icon-left ui-icon ui-c ui-icon-triangle-1-s")): Object: 'Object Repository/Modulo Pruebas Bienestar/Inscripción masiva/span_Momento Evento_ui-button-icon-left ui-icon ui-c ui-icon-triangle-1-s' is clicked on

2022-02-23 15:09:38 - [MESSAGE][PASSED] - Object: 'Object Repository/Modulo Pruebas Bienestar/Inscripción masiva/span_Momento Evento_ui-button-icon-left ui-icon ui-c ui-icon-triangle-1-s' is clicked on

2022-02-23 15:09:38 - [TEST_STEP][PASSED] - click(findTestObject("Modulo Pruebas Bienestar/Inscripción masiva/span_Pagina Actual")): Object: 'Object Repository/Modulo Pruebas Bienestar/Inscripción masiva/span_Pagina Actual' is clicked on

2022-02-23 15:09:38 - [MESSAGE][PASSED] - Object: 'Object Repository/Modulo Pruebas Bienestar/Inscripción masiva/span_Pagina Actual' is clicked on

2022-02-23 15:09:38 - [TEST_STEP][PASSED] - click(findTestObject("Modulo Pruebas Bienestar/Inscripción masiva/a_Inscribirse")): Object: 'Object Repository/Modulo Pruebas Bienestar/Inscripción masiva/a_Inscribirse' is clicked on

2022-02-23 15:09:39 - [MESSAGE][PASSED] - Object: 'Object Repository/Modulo Pruebas Bienestar/Inscripción masiva/a_Inscribirse' is clicked on

2022-02-23 15:09:39 - [TEST_STEP][PASSED] - closeBrowser(): Browser is closed

2022-02-23 15:09:39 - [MESSAGE][PASSED] - Browser is closed]]></system-out>
         <system-err><![CDATA[]]></system-err>
      </testcase>
      <testcase name="Test Cases/3.1-Pruebas_Bienestar/3.2.4-Inscripción_Individual_como_funcional" time="21.831" classname="Test Cases/3.1-Pruebas_Bienestar/3.2.4-Inscripción_Individual_como_funcional" status="PASSED">
         <system-out><![CDATA[2022-02-23 15:09:39 - [TEST_CASE][PASSED] - Test Cases/3.1-Pruebas_Bienestar/3.2.4-Inscripción_Individual_como_funcional: Test Cases/3.1-Pruebas_Bienestar/3.2.4-Inscripción_Individual_como_funcional

2022-02-23 15:09:40 - [TEST_STEP][PASSED] - callTestCase(findTestCase("Utilidades-(atajos_para _tareas)/Modulos/Modulo bienestar-eventos"), [:], STOP_ON_FAILURE): Call Test Case 'Test Cases/Utilidades-(atajos_para _tareas)/Modulos/Modulo bienestar-eventos' successfully

2022-02-23 15:09:40 - [TEST_CASE][PASSED] - Test Cases/Utilidades-(atajos_para _tareas)/Modulos/Modulo bienestar-eventos: Test Cases/Utilidades-(atajos_para _tareas)/Modulos/Modulo bienestar-eventos

2022-02-23 15:09:40 - [TEST_STEP][PASSED] - callTestCase(findTestCase("0.1-Login"), [:], STOP_ON_FAILURE): Call Test Case 'Test Cases/0.1-Login' successfully

2022-02-23 15:09:40 - [TEST_CASE][PASSED] - Test Cases/0.1-Login: Test Cases/0.1-Login

2022-02-23 15:09:40 - [TEST_STEP][PASSED] - openBrowser(""): Browser is opened with url: ''

2022-02-23 15:09:40 - [MESSAGE][INFO] - Starting 'Chrome' driver

2022-02-23 15:09:40 - [MESSAGE][INFO] - Action delay is set to 0 milliseconds

2022-02-23 15:09:42 - [MESSAGE][PASSED] - Browser is opened with url: ''

2022-02-23 15:09:42 - [TEST_STEP][PASSED] - maximizeWindow(): Current window maximized

2022-02-23 15:09:42 - [MESSAGE][PASSED] - Current window maximized

2022-02-23 15:09:42 - [TEST_STEP][PASSED] - i = G_Login: null

2022-02-23 15:09:42 - [TEST_STEP][PASSED] - url = new java.net.URL(i): null

2022-02-23 15:09:42 - [TEST_STEP][PASSED] - println("URL: " + url.toString()): null

2022-02-23 15:09:42 - [TEST_STEP][PASSED] - connection = url.openConnection(): null

2022-02-23 15:09:42 - [TEST_STEP][PASSED] - connection.setRequestMethod("GET"): null

2022-02-23 15:09:42 - [TEST_STEP][PASSED] - connection.setReadTimeout(2 * 1000): null

2022-02-23 15:09:42 - [TEST_STEP][PASSED] - try: null

2022-02-23 15:09:42 - [TEST_STEP][PASSED] - connection.connect(): null

2022-02-23 15:09:42 - [TEST_STEP][PASSED] - flag = connected: null

2022-02-23 15:09:42 - [TEST_STEP][PASSED] - println("Valor_ori: " + flag): null

2022-02-23 15:09:42 - [TEST_STEP][PASSED] - if (flag): null

2022-02-23 15:09:42 - [TEST_STEP][PASSED] - navigateToUrl(i): Navigate to 'http://192.168.2.80:8380/saraweb' successfully

2022-02-23 15:09:42 - [MESSAGE][PASSED] - Navigate to 'http://192.168.2.80:8380/saraweb' successfully

2022-02-23 15:09:42 - [TEST_STEP][PASSED] - a(): null

2022-02-23 15:09:42 - [TEST_STEP][PASSED] - setText(findTestObject("Login/input_USUARIO_loginusuario"), G_Usuario): Text 'saraadmin' is set on object 'Object Repository/Login/input_USUARIO_loginusuario'

2022-02-23 15:09:43 - [MESSAGE][PASSED] - Text 'saraadmin' is set on object 'Object Repository/Login/input_USUARIO_loginusuario'

2022-02-23 15:09:43 - [TEST_STEP][PASSED] - setEncryptedText(findTestObject("Login/input_CLAVE_loginpassword"), "MkG4/TYiCFC3cb2driP7+Q=="): Text ****** has been set on object 'Object Repository/Login/input_CLAVE_loginpassword'

2022-02-23 15:09:43 - [MESSAGE][PASSED] - Text ****** has been set on object 'Object Repository/Login/input_CLAVE_loginpassword'

2022-02-23 15:09:43 - [TEST_STEP][PASSED] - waitForElementClickable(findTestObject("Login/a_Ingresar"), G_TimeOut): Object 'Object Repository/Login/a_Ingresar' is clickable

2022-02-23 15:09:44 - [MESSAGE][PASSED] - Object 'Object Repository/Login/a_Ingresar' is clickable

2022-02-23 15:09:44 - [TEST_STEP][PASSED] - click(findTestObject("Login/a_Ingresar")): Object: 'Object Repository/Login/a_Ingresar' is clicked on

2022-02-23 15:09:46 - [MESSAGE][PASSED] - Object: 'Object Repository/Login/a_Ingresar' is clicked on

2022-02-23 15:09:46 - [TEST_STEP][PASSED] - element = findWebElement(findTestObject("Login/a_Ir"), 30): null

2022-02-23 15:09:47 - [TEST_STEP][PASSED] - executeJavaScript("arguments[0].click()", Arrays.asList(element)): Execute JavaScript 'arguments[0].click()' successfully

2022-02-23 15:09:47 - [MESSAGE][PASSED] - Execute JavaScript 'arguments[0].click()' successfully

2022-02-23 15:09:47 - [MESSAGE][PASSED] - Call Test Case 'Test Cases/0.1-Login' successfully

2022-02-23 15:09:47 - [TEST_STEP][PASSED] - waitForElementClickable(findTestObject("Modulo bienestar-eventos/input_ADMINISTRADOR DEL SISTEMA"), 0): Object 'Object Repository/Modulo bienestar-eventos/input_ADMINISTRADOR DEL SISTEMA' is clickable

2022-02-23 15:09:47 - [MESSAGE][WARNING] - Timeout '0' is invalid. Using default page load timeout: '30'

2022-02-23 15:09:48 - [MESSAGE][PASSED] - Object 'Object Repository/Modulo bienestar-eventos/input_ADMINISTRADOR DEL SISTEMA' is clickable

2022-02-23 15:09:48 - [TEST_STEP][PASSED] - setText(findTestObject("Modulo bienestar-eventos/input_ADMINISTRADOR DEL SISTEMA"), "eventos (bie)"): Text 'eventos (bie)' is set on object 'Object Repository/Modulo bienestar-eventos/input_ADMINISTRADOR DEL SISTEMA'

2022-02-23 15:09:48 - [MESSAGE][PASSED] - Text 'eventos (bie)' is set on object 'Object Repository/Modulo bienestar-eventos/input_ADMINISTRADOR DEL SISTEMA'

2022-02-23 15:09:48 - [TEST_STEP][PASSED] - click(findTestObject("Modulo bienestar-eventos/span_Eventos (bie)")): Object: 'Object Repository/Modulo bienestar-eventos/span_Eventos (bie)' is clicked on

2022-02-23 15:09:50 - [MESSAGE][PASSED] - Object: 'Object Repository/Modulo bienestar-eventos/span_Eventos (bie)' is clicked on

2022-02-23 15:09:50 - [MESSAGE][PASSED] - Call Test Case 'Test Cases/Utilidades-(atajos_para _tareas)/Modulos/Modulo bienestar-eventos' successfully

2022-02-23 15:09:50 - [TEST_STEP][PASSED] - click(findTestObject("Modulo Pruebas Bienestar/Inscripción_Individual_como_funcional/td_Prueba-S-SH")): Object: 'Object Repository/Modulo Pruebas Bienestar/Inscripción_Individual_como_funcional/td_Prueba-S-SH' is clicked on

2022-02-23 15:09:51 - [MESSAGE][PASSED] - Object: 'Object Repository/Modulo Pruebas Bienestar/Inscripción_Individual_como_funcional/td_Prueba-S-SH' is clicked on

2022-02-23 15:09:51 - [TEST_STEP][PASSED] - click(findTestObject("Modulo Pruebas Bienestar/Inscripción_Individual_como_funcional/div_Participante")): Object: 'Object Repository/Modulo Pruebas Bienestar/Inscripción_Individual_como_funcional/div_Participante' is clicked on

2022-02-23 15:09:53 - [MESSAGE][PASSED] - Object: 'Object Repository/Modulo Pruebas Bienestar/Inscripción_Individual_como_funcional/div_Participante' is clicked on

2022-02-23 15:09:53 - [TEST_STEP][PASSED] - click(findTestObject("Modulo Pruebas Bienestar/Inscripción_Individual_como_funcional/a_Individual")): Object: 'Object Repository/Modulo Pruebas Bienestar/Inscripción_Individual_como_funcional/a_Individual' is clicked on

2022-02-23 15:09:53 - [MESSAGE][PASSED] - Object: 'Object Repository/Modulo Pruebas Bienestar/Inscripción_Individual_como_funcional/a_Individual' is clicked on

2022-02-23 15:09:53 - [TEST_STEP][PASSED] - if (waitForElementVisible(findTestObject("Modulo Pruebas Bienestar/Inscripción_Individual_como_funcional/td_354968431354"), 1)): Web element with id: 'Object Repository/Modulo Pruebas Bienestar/Inscripción_Individual_como_funcional/td_354968431354' located by '//*/text()[normalize-space(.)='354968431354']/parent::*' not found

2022-02-23 15:09:55 - [MESSAGE][INFO] - Unable to find the element located by 'By.xpath: //*/text()[normalize-space(.)='354968431354']/parent::*'. Please recheck the objects properties to make sure the desired element is located. 

2022-02-23 15:09:55 - [MESSAGE][WARNING] - Web element with id: 'Object Repository/Modulo Pruebas Bienestar/Inscripción_Individual_como_funcional/td_354968431354' located by '//*/text()[normalize-space(.)='354968431354']/parent::*' not found

2022-02-23 15:09:55 - [TEST_STEP][PASSED] - click(findTestObject("Modulo Pruebas Bienestar/Inscripción_Individual_como_funcional/a_Nuevo")): Object: 'Object Repository/Modulo Pruebas Bienestar/Inscripción_Individual_como_funcional/a_Nuevo' is clicked on

2022-02-23 15:09:56 - [MESSAGE][PASSED] - Object: 'Object Repository/Modulo Pruebas Bienestar/Inscripción_Individual_como_funcional/a_Nuevo' is clicked on

2022-02-23 15:09:56 - [TEST_STEP][PASSED] - click(findTestObject("Modulo Pruebas Bienestar/Inscripción_Individual_como_funcional/a_Nombre_grupoEventoj_idt431")): Object: 'Object Repository/Modulo Pruebas Bienestar/Inscripción_Individual_como_funcional/a_Nombre_grupoEventoj_idt431' is clicked on

2022-02-23 15:09:57 - [MESSAGE][PASSED] - Object: 'Object Repository/Modulo Pruebas Bienestar/Inscripción_Individual_como_funcional/a_Nombre_grupoEventoj_idt431' is clicked on

2022-02-23 15:09:57 - [TEST_STEP][PASSED] - setText(findTestObject("Modulo Pruebas Bienestar/Inscripción_Individual_como_funcional/input_Filtro Empleado_form_popupFiltroEmpleadofiltroEmpleado"), "constantino"): Text 'constantino' is set on object 'Object Repository/Modulo Pruebas Bienestar/Inscripción_Individual_como_funcional/input_Filtro Empleado_form_popupFiltroEmpleadofiltroEmpleado'

2022-02-23 15:09:58 - [MESSAGE][PASSED] - Text 'constantino' is set on object 'Object Repository/Modulo Pruebas Bienestar/Inscripción_Individual_como_funcional/input_Filtro Empleado_form_popupFiltroEmpleadofiltroEmpleado'

2022-02-23 15:09:58 - [TEST_STEP][PASSED] - sendKeys(findTestObject("Modulo Pruebas Bienestar/Inscripción_Individual_como_funcional/input_Filtro Empleado_form_popupFiltroEmpleadofiltroEmpleado"), Keys.chord(ENTER)): Keys 'ENTER + ' sent to object: 'Object Repository/Modulo Pruebas Bienestar/Inscripción_Individual_como_funcional/input_Filtro Empleado_form_popupFiltroEmpleadofiltroEmpleado'

2022-02-23 15:09:59 - [MESSAGE][PASSED] - Keys 'ENTER + ' sent to object: 'Object Repository/Modulo Pruebas Bienestar/Inscripción_Individual_como_funcional/input_Filtro Empleado_form_popupFiltroEmpleadofiltroEmpleado'

2022-02-23 15:09:59 - [TEST_STEP][PASSED] - click(findTestObject("Modulo Pruebas Bienestar/Inscripción_Individual_como_funcional/span_Constantino  Jhon")): Object: 'Object Repository/Modulo Pruebas Bienestar/Inscripción_Individual_como_funcional/span_Constantino  Jhon' is clicked on

2022-02-23 15:10:00 - [MESSAGE][PASSED] - Object: 'Object Repository/Modulo Pruebas Bienestar/Inscripción_Individual_como_funcional/span_Constantino  Jhon' is clicked on

2022-02-23 15:10:00 - [TEST_STEP][PASSED] - selectOptionByIndex(findTestObject("Modulo Pruebas Bienestar/Inscripción_Individual_como_funcional/select_-- Seleccione --prueba-S-SH"), 1): All options with index in [1] are selected on object 'Object Repository/Modulo Pruebas Bienestar/Inscripción_Individual_como_funcional/select_-- Seleccione --prueba-S-SH'

2022-02-23 15:10:01 - [MESSAGE][PASSED] - All options with index in [1] are selected on object 'Object Repository/Modulo Pruebas Bienestar/Inscripción_Individual_como_funcional/select_-- Seleccione --prueba-S-SH'

2022-02-23 15:10:01 - [TEST_STEP][PASSED] - click(findTestObject("Modulo Pruebas Bienestar/Inscripción_Individual_como_funcional/a_Guardar")): Object: 'Object Repository/Modulo Pruebas Bienestar/Inscripción_Individual_como_funcional/a_Guardar' is clicked on

2022-02-23 15:10:01 - [MESSAGE][PASSED] - Object: 'Object Repository/Modulo Pruebas Bienestar/Inscripción_Individual_como_funcional/a_Guardar' is clicked on]]></system-out>
         <system-err><![CDATA[]]></system-err>
      </testcase>
      <testcase name="Test Cases/3.1-Pruebas_Bienestar/3.2.6-Sancionados" time="29.67" classname="Test Cases/3.1-Pruebas_Bienestar/3.2.6-Sancionados" status="PASSED">
         <system-out><![CDATA[2022-02-23 15:10:01 - [TEST_CASE][PASSED] - Test Cases/3.1-Pruebas_Bienestar/3.2.6-Sancionados: Test Cases/3.1-Pruebas_Bienestar/3.2.6-Sancionados

2022-02-23 15:10:02 - [TEST_STEP][PASSED] - callTestCase(findTestCase("Utilidades-(atajos_para _tareas)/Modulos/Modulo bienestar-eventos"), [:], STOP_ON_FAILURE): Call Test Case 'Test Cases/Utilidades-(atajos_para _tareas)/Modulos/Modulo bienestar-eventos' successfully

2022-02-23 15:10:02 - [TEST_CASE][PASSED] - Test Cases/Utilidades-(atajos_para _tareas)/Modulos/Modulo bienestar-eventos: Test Cases/Utilidades-(atajos_para _tareas)/Modulos/Modulo bienestar-eventos

2022-02-23 15:10:02 - [TEST_STEP][PASSED] - callTestCase(findTestCase("0.1-Login"), [:], STOP_ON_FAILURE): Call Test Case 'Test Cases/0.1-Login' successfully

2022-02-23 15:10:02 - [TEST_CASE][PASSED] - Test Cases/0.1-Login: Test Cases/0.1-Login

2022-02-23 15:10:02 - [TEST_STEP][PASSED] - openBrowser(""): Browser is opened with url: ''

2022-02-23 15:10:02 - [MESSAGE][WARNING] - A browser is already opened. Closing browser and opening a new one

2022-02-23 15:10:03 - [MESSAGE][INFO] - Starting 'Chrome' driver

2022-02-23 15:10:03 - [MESSAGE][INFO] - Action delay is set to 0 milliseconds

2022-02-23 15:10:04 - [MESSAGE][PASSED] - Browser is opened with url: ''

2022-02-23 15:10:04 - [TEST_STEP][PASSED] - maximizeWindow(): Current window maximized

2022-02-23 15:10:04 - [MESSAGE][PASSED] - Current window maximized

2022-02-23 15:10:04 - [TEST_STEP][PASSED] - i = G_Login: null

2022-02-23 15:10:04 - [TEST_STEP][PASSED] - url = new java.net.URL(i): null

2022-02-23 15:10:04 - [TEST_STEP][PASSED] - println("URL: " + url.toString()): null

2022-02-23 15:10:04 - [TEST_STEP][PASSED] - connection = url.openConnection(): null

2022-02-23 15:10:04 - [TEST_STEP][PASSED] - connection.setRequestMethod("GET"): null

2022-02-23 15:10:04 - [TEST_STEP][PASSED] - connection.setReadTimeout(2 * 1000): null

2022-02-23 15:10:04 - [TEST_STEP][PASSED] - try: null

2022-02-23 15:10:04 - [TEST_STEP][PASSED] - connection.connect(): null

2022-02-23 15:10:04 - [TEST_STEP][PASSED] - flag = connected: null

2022-02-23 15:10:04 - [TEST_STEP][PASSED] - println("Valor_ori: " + flag): null

2022-02-23 15:10:04 - [TEST_STEP][PASSED] - if (flag): null

2022-02-23 15:10:04 - [TEST_STEP][PASSED] - navigateToUrl(i): Navigate to 'http://192.168.2.80:8380/saraweb' successfully

2022-02-23 15:10:05 - [MESSAGE][PASSED] - Navigate to 'http://192.168.2.80:8380/saraweb' successfully

2022-02-23 15:10:05 - [TEST_STEP][PASSED] - a(): null

2022-02-23 15:10:05 - [TEST_STEP][PASSED] - setText(findTestObject("Login/input_USUARIO_loginusuario"), G_Usuario): Text 'saraadmin' is set on object 'Object Repository/Login/input_USUARIO_loginusuario'

2022-02-23 15:10:05 - [MESSAGE][PASSED] - Text 'saraadmin' is set on object 'Object Repository/Login/input_USUARIO_loginusuario'

2022-02-23 15:10:05 - [TEST_STEP][PASSED] - setEncryptedText(findTestObject("Login/input_CLAVE_loginpassword"), "MkG4/TYiCFC3cb2driP7+Q=="): Text ****** has been set on object 'Object Repository/Login/input_CLAVE_loginpassword'

2022-02-23 15:10:06 - [MESSAGE][PASSED] - Text ****** has been set on object 'Object Repository/Login/input_CLAVE_loginpassword'

2022-02-23 15:10:06 - [TEST_STEP][PASSED] - waitForElementClickable(findTestObject("Login/a_Ingresar"), G_TimeOut): Object 'Object Repository/Login/a_Ingresar' is clickable

2022-02-23 15:10:06 - [MESSAGE][PASSED] - Object 'Object Repository/Login/a_Ingresar' is clickable

2022-02-23 15:10:06 - [TEST_STEP][PASSED] - click(findTestObject("Login/a_Ingresar")): Object: 'Object Repository/Login/a_Ingresar' is clicked on

2022-02-23 15:10:08 - [MESSAGE][PASSED] - Object: 'Object Repository/Login/a_Ingresar' is clicked on

2022-02-23 15:10:08 - [TEST_STEP][PASSED] - element = findWebElement(findTestObject("Login/a_Ir"), 30): null

2022-02-23 15:10:09 - [TEST_STEP][PASSED] - executeJavaScript("arguments[0].click()", Arrays.asList(element)): Execute JavaScript 'arguments[0].click()' successfully

2022-02-23 15:10:09 - [MESSAGE][PASSED] - Execute JavaScript 'arguments[0].click()' successfully

2022-02-23 15:10:09 - [MESSAGE][PASSED] - Call Test Case 'Test Cases/0.1-Login' successfully

2022-02-23 15:10:09 - [TEST_STEP][PASSED] - waitForElementClickable(findTestObject("Modulo bienestar-eventos/input_ADMINISTRADOR DEL SISTEMA"), 0): Object 'Object Repository/Modulo bienestar-eventos/input_ADMINISTRADOR DEL SISTEMA' is clickable

2022-02-23 15:10:09 - [MESSAGE][WARNING] - Timeout '0' is invalid. Using default page load timeout: '30'

2022-02-23 15:10:10 - [MESSAGE][PASSED] - Object 'Object Repository/Modulo bienestar-eventos/input_ADMINISTRADOR DEL SISTEMA' is clickable

2022-02-23 15:10:10 - [TEST_STEP][PASSED] - setText(findTestObject("Modulo bienestar-eventos/input_ADMINISTRADOR DEL SISTEMA"), "eventos (bie)"): Text 'eventos (bie)' is set on object 'Object Repository/Modulo bienestar-eventos/input_ADMINISTRADOR DEL SISTEMA'

2022-02-23 15:10:10 - [MESSAGE][PASSED] - Text 'eventos (bie)' is set on object 'Object Repository/Modulo bienestar-eventos/input_ADMINISTRADOR DEL SISTEMA'

2022-02-23 15:10:10 - [TEST_STEP][PASSED] - click(findTestObject("Modulo bienestar-eventos/span_Eventos (bie)")): Object: 'Object Repository/Modulo bienestar-eventos/span_Eventos (bie)' is clicked on

2022-02-23 15:10:12 - [MESSAGE][PASSED] - Object: 'Object Repository/Modulo bienestar-eventos/span_Eventos (bie)' is clicked on

2022-02-23 15:10:12 - [MESSAGE][PASSED] - Call Test Case 'Test Cases/Utilidades-(atajos_para _tareas)/Modulos/Modulo bienestar-eventos' successfully

2022-02-23 15:10:12 - [TEST_STEP][PASSED] - click(findTestObject("Modulo Pruebas Bienestar/Sancionados/td_Prueba-S-SH")): Object: 'Object Repository/Modulo Pruebas Bienestar/Sancionados/td_Prueba-S-SH' is clicked on

2022-02-23 15:10:13 - [MESSAGE][PASSED] - Object: 'Object Repository/Modulo Pruebas Bienestar/Sancionados/td_Prueba-S-SH' is clicked on

2022-02-23 15:10:13 - [TEST_STEP][PASSED] - click(findTestObject("Modulo Pruebas Bienestar/Sancionados/div_Participante")): Object: 'Object Repository/Modulo Pruebas Bienestar/Sancionados/div_Participante' is clicked on

2022-02-23 15:10:15 - [MESSAGE][PASSED] - Object: 'Object Repository/Modulo Pruebas Bienestar/Sancionados/div_Participante' is clicked on

2022-02-23 15:10:15 - [TEST_STEP][PASSED] - click(findTestObject("Modulo Pruebas Bienestar/Sancionados/a_Individual")): Object: 'Object Repository/Modulo Pruebas Bienestar/Sancionados/a_Individual' is clicked on

2022-02-23 15:10:15 - [MESSAGE][PASSED] - Object: 'Object Repository/Modulo Pruebas Bienestar/Sancionados/a_Individual' is clicked on

2022-02-23 15:10:15 - [TEST_STEP][PASSED] - if (waitForElementVisible(findTestObject("Modulo Pruebas Bienestar/Sancionados/td_Diaz Blanco Guisell"), 1)): Web element with id: 'Object Repository/Modulo Pruebas Bienestar/Sancionados/td_Diaz Blanco Guisell' located by '//*/text()[normalize-space(.)='Diaz Blanco Guisell']/parent::*' not found

2022-02-23 15:10:17 - [MESSAGE][INFO] - Unable to find the element located by 'By.xpath: //*/text()[normalize-space(.)='Diaz Blanco Guisell']/parent::*'. Please recheck the objects properties to make sure the desired element is located. 

2022-02-23 15:10:17 - [MESSAGE][WARNING] - Web element with id: 'Object Repository/Modulo Pruebas Bienestar/Sancionados/td_Diaz Blanco Guisell' located by '//*/text()[normalize-space(.)='Diaz Blanco Guisell']/parent::*' not found

2022-02-23 15:10:17 - [TEST_STEP][PASSED] - else: Object: 'Object Repository/Modulo Pruebas Bienestar/Sancionados/a_Guardar' is clicked on

2022-02-23 15:10:17 - [TEST_STEP][PASSED] - click(findTestObject("Modulo Pruebas Bienestar/Sancionados/a_Nuevo")): Object: 'Object Repository/Modulo Pruebas Bienestar/Sancionados/a_Nuevo' is clicked on

2022-02-23 15:10:18 - [MESSAGE][PASSED] - Object: 'Object Repository/Modulo Pruebas Bienestar/Sancionados/a_Nuevo' is clicked on

2022-02-23 15:10:18 - [TEST_STEP][PASSED] - click(findTestObject("Modulo Pruebas Bienestar/Sancionados/a_Nombre_grupoEventoj_idt427")): Object: 'Object Repository/Modulo Pruebas Bienestar/Sancionados/a_Nombre_grupoEventoj_idt427' is clicked on

2022-02-23 15:10:19 - [MESSAGE][PASSED] - Object: 'Object Repository/Modulo Pruebas Bienestar/Sancionados/a_Nombre_grupoEventoj_idt427' is clicked on

2022-02-23 15:10:19 - [TEST_STEP][PASSED] - setText(findTestObject("Modulo Pruebas Bienestar/Sancionados/input_Filtro Empleado_form_popupFiltroEmpleadofiltroEmpleado"), "guisell"): Text 'guisell' is set on object 'Object Repository/Modulo Pruebas Bienestar/Sancionados/input_Filtro Empleado_form_popupFiltroEmpleadofiltroEmpleado'

2022-02-23 15:10:20 - [MESSAGE][PASSED] - Text 'guisell' is set on object 'Object Repository/Modulo Pruebas Bienestar/Sancionados/input_Filtro Empleado_form_popupFiltroEmpleadofiltroEmpleado'

2022-02-23 15:10:20 - [TEST_STEP][PASSED] - sendKeys(findTestObject("Modulo Pruebas Bienestar/Sancionados/input_Filtro Empleado_form_popupFiltroEmpleadofiltroEmpleado"), Keys.chord(ENTER)): Keys 'ENTER + ' sent to object: 'Object Repository/Modulo Pruebas Bienestar/Sancionados/input_Filtro Empleado_form_popupFiltroEmpleadofiltroEmpleado'

2022-02-23 15:10:21 - [MESSAGE][PASSED] - Keys 'ENTER + ' sent to object: 'Object Repository/Modulo Pruebas Bienestar/Sancionados/input_Filtro Empleado_form_popupFiltroEmpleadofiltroEmpleado'

2022-02-23 15:10:21 - [TEST_STEP][PASSED] - click(findTestObject("Modulo Pruebas Bienestar/Sancionados/span_Diaz Blanco Guisell")): Object: 'Object Repository/Modulo Pruebas Bienestar/Sancionados/span_Diaz Blanco Guisell' is clicked on

2022-02-23 15:10:22 - [MESSAGE][PASSED] - Object: 'Object Repository/Modulo Pruebas Bienestar/Sancionados/span_Diaz Blanco Guisell' is clicked on

2022-02-23 15:10:22 - [TEST_STEP][PASSED] - selectOptionByIndex(findTestObject("Modulo Pruebas Bienestar/Sancionados/select_-- Seleccione --prueba-S-SH"), 1): All options with index in [1] are selected on object 'Object Repository/Modulo Pruebas Bienestar/Sancionados/select_-- Seleccione --prueba-S-SH'

2022-02-23 15:10:23 - [MESSAGE][PASSED] - All options with index in [1] are selected on object 'Object Repository/Modulo Pruebas Bienestar/Sancionados/select_-- Seleccione --prueba-S-SH'

2022-02-23 15:10:23 - [TEST_STEP][PASSED] - click(findTestObject("Modulo Pruebas Bienestar/Sancionados/a_Guardar")): Object: 'Object Repository/Modulo Pruebas Bienestar/Sancionados/a_Guardar' is clicked on

2022-02-23 15:10:23 - [MESSAGE][PASSED] - Object: 'Object Repository/Modulo Pruebas Bienestar/Sancionados/a_Guardar' is clicked on

2022-02-23 15:10:23 - [TEST_STEP][PASSED] - click(findTestObject("Modulo Pruebas Bienestar/Sancionados/a_Sancionados")): Object: 'Object Repository/Modulo Pruebas Bienestar/Sancionados/a_Sancionados' is clicked on

2022-02-23 15:10:26 - [MESSAGE][PASSED] - Object: 'Object Repository/Modulo Pruebas Bienestar/Sancionados/a_Sancionados' is clicked on

2022-02-23 15:10:26 - [TEST_STEP][PASSED] - if (waitForElementVisible(findTestObject("Modulo Pruebas Bienestar/Sancionados/a_PRUEBAS K_form_sancionadoslistaSancionados0j_idt641"), 1)): Web element with id: 'Object Repository/Modulo Pruebas Bienestar/Sancionados/a_PRUEBAS K_form_sancionadoslistaSancionados0j_idt641' located by '//a[@id='form_sancionados:listaSancionados:0:j_idt641']' not found

2022-02-23 15:10:28 - [MESSAGE][INFO] - Unable to find the element located by 'By.xpath: //a[@id='form_sancionados:listaSancionados:0:j_idt641']'. Please recheck the objects properties to make sure the desired element is located. 

2022-02-23 15:10:28 - [MESSAGE][WARNING] - Web element with id: 'Object Repository/Modulo Pruebas Bienestar/Sancionados/a_PRUEBAS K_form_sancionadoslistaSancionados0j_idt641' located by '//a[@id='form_sancionados:listaSancionados:0:j_idt641']' not found

2022-02-23 15:10:28 - [TEST_STEP][PASSED] - selectOptionByIndex(findTestObject("Modulo Pruebas Bienestar/Sancionados/select_-- Seleccione --1010220596 - A A A1057596487 - Diaz Blanco Guisell"), 2): All options with index in [2] are selected on object 'Object Repository/Modulo Pruebas Bienestar/Sancionados/select_-- Seleccione --1010220596 - A A A1057596487 - Diaz Blanco Guisell'

2022-02-23 15:10:29 - [MESSAGE][PASSED] - All options with index in [2] are selected on object 'Object Repository/Modulo Pruebas Bienestar/Sancionados/select_-- Seleccione --1010220596 - A A A1057596487 - Diaz Blanco Guisell'

2022-02-23 15:10:29 - [TEST_STEP][PASSED] - setText(findTestObject("Modulo Pruebas Bienestar/Sancionados/textarea_Observacin_form_sancionadoslistaSancionadosobservacion"), "PRUEBAS K"): Text 'PRUEBAS K' is set on object 'Object Repository/Modulo Pruebas Bienestar/Sancionados/textarea_Observacin_form_sancionadoslistaSancionadosobservacion'

2022-02-23 15:10:30 - [MESSAGE][PASSED] - Text 'PRUEBAS K' is set on object 'Object Repository/Modulo Pruebas Bienestar/Sancionados/textarea_Observacin_form_sancionadoslistaSancionadosobservacion'

2022-02-23 15:10:30 - [TEST_STEP][PASSED] - click(findTestObject("Modulo Pruebas Bienestar/Sancionados/a_Observacin_form_sancionadoslistaSancionadosj_idt643")): Object: 'Object Repository/Modulo Pruebas Bienestar/Sancionados/a_Observacin_form_sancionadoslistaSancionadosj_idt643' is clicked on

2022-02-23 15:10:30 - [MESSAGE][PASSED] - Object: 'Object Repository/Modulo Pruebas Bienestar/Sancionados/a_Observacin_form_sancionadoslistaSancionadosj_idt643' is clicked on

2022-02-23 15:10:30 - [TEST_STEP][PASSED] - closeBrowser(): Browser is closed

2022-02-23 15:10:31 - [MESSAGE][PASSED] - Browser is closed]]></system-out>
         <system-err><![CDATA[]]></system-err>
      </testcase>
      <testcase name="Test Cases/3.1-Pruebas_Bienestar/3.2.8-Programación_de_evaluación" time="37.861" classname="Test Cases/3.1-Pruebas_Bienestar/3.2.8-Programación_de_evaluación" status="PASSED">
         <system-out><![CDATA[2022-02-23 15:10:31 - [TEST_CASE][PASSED] - Test Cases/3.1-Pruebas_Bienestar/3.2.8-Programación_de_evaluación: Test Cases/3.1-Pruebas_Bienestar/3.2.8-Programación_de_evaluación

2022-02-23 15:10:31 - [TEST_STEP][PASSED] - callTestCase(findTestCase("Utilidades-(atajos_para _tareas)/Modulos/Modulo bienestar-eventos"), [:], STOP_ON_FAILURE): Call Test Case 'Test Cases/Utilidades-(atajos_para _tareas)/Modulos/Modulo bienestar-eventos' successfully

2022-02-23 15:10:31 - [TEST_CASE][PASSED] - Test Cases/Utilidades-(atajos_para _tareas)/Modulos/Modulo bienestar-eventos: Test Cases/Utilidades-(atajos_para _tareas)/Modulos/Modulo bienestar-eventos

2022-02-23 15:10:31 - [TEST_STEP][PASSED] - callTestCase(findTestCase("0.1-Login"), [:], STOP_ON_FAILURE): Call Test Case 'Test Cases/0.1-Login' successfully

2022-02-23 15:10:32 - [TEST_CASE][PASSED] - Test Cases/0.1-Login: Test Cases/0.1-Login

2022-02-23 15:10:32 - [TEST_STEP][PASSED] - openBrowser(""): Browser is opened with url: ''

2022-02-23 15:10:32 - [MESSAGE][INFO] - Starting 'Chrome' driver

2022-02-23 15:10:32 - [MESSAGE][INFO] - Action delay is set to 0 milliseconds

2022-02-23 15:10:33 - [MESSAGE][PASSED] - Browser is opened with url: ''

2022-02-23 15:10:33 - [TEST_STEP][PASSED] - maximizeWindow(): Current window maximized

2022-02-23 15:10:33 - [MESSAGE][PASSED] - Current window maximized

2022-02-23 15:10:33 - [TEST_STEP][PASSED] - i = G_Login: null

2022-02-23 15:10:33 - [TEST_STEP][PASSED] - url = new java.net.URL(i): null

2022-02-23 15:10:33 - [TEST_STEP][PASSED] - println("URL: " + url.toString()): null

2022-02-23 15:10:33 - [TEST_STEP][PASSED] - connection = url.openConnection(): null

2022-02-23 15:10:33 - [TEST_STEP][PASSED] - connection.setRequestMethod("GET"): null

2022-02-23 15:10:33 - [TEST_STEP][PASSED] - connection.setReadTimeout(2 * 1000): null

2022-02-23 15:10:33 - [TEST_STEP][PASSED] - try: null

2022-02-23 15:10:33 - [TEST_STEP][PASSED] - connection.connect(): null

2022-02-23 15:10:33 - [TEST_STEP][PASSED] - flag = connected: null

2022-02-23 15:10:33 - [TEST_STEP][PASSED] - println("Valor_ori: " + flag): null

2022-02-23 15:10:33 - [TEST_STEP][PASSED] - if (flag): null

2022-02-23 15:10:33 - [TEST_STEP][PASSED] - navigateToUrl(i): Navigate to 'http://192.168.2.80:8380/saraweb' successfully

2022-02-23 15:10:33 - [MESSAGE][PASSED] - Navigate to 'http://192.168.2.80:8380/saraweb' successfully

2022-02-23 15:10:33 - [TEST_STEP][PASSED] - a(): null

2022-02-23 15:10:33 - [TEST_STEP][PASSED] - setText(findTestObject("Login/input_USUARIO_loginusuario"), G_Usuario): Text 'saraadmin' is set on object 'Object Repository/Login/input_USUARIO_loginusuario'

2022-02-23 15:10:34 - [MESSAGE][PASSED] - Text 'saraadmin' is set on object 'Object Repository/Login/input_USUARIO_loginusuario'

2022-02-23 15:10:34 - [TEST_STEP][PASSED] - setEncryptedText(findTestObject("Login/input_CLAVE_loginpassword"), "MkG4/TYiCFC3cb2driP7+Q=="): Text ****** has been set on object 'Object Repository/Login/input_CLAVE_loginpassword'

2022-02-23 15:10:35 - [MESSAGE][PASSED] - Text ****** has been set on object 'Object Repository/Login/input_CLAVE_loginpassword'

2022-02-23 15:10:35 - [TEST_STEP][PASSED] - waitForElementClickable(findTestObject("Login/a_Ingresar"), G_TimeOut): Object 'Object Repository/Login/a_Ingresar' is clickable

2022-02-23 15:10:35 - [MESSAGE][PASSED] - Object 'Object Repository/Login/a_Ingresar' is clickable

2022-02-23 15:10:35 - [TEST_STEP][PASSED] - click(findTestObject("Login/a_Ingresar")): Object: 'Object Repository/Login/a_Ingresar' is clicked on

2022-02-23 15:10:36 - [MESSAGE][PASSED] - Object: 'Object Repository/Login/a_Ingresar' is clicked on

2022-02-23 15:10:36 - [TEST_STEP][PASSED] - element = findWebElement(findTestObject("Login/a_Ir"), 30): null

2022-02-23 15:10:37 - [TEST_STEP][PASSED] - executeJavaScript("arguments[0].click()", Arrays.asList(element)): Execute JavaScript 'arguments[0].click()' successfully

2022-02-23 15:10:37 - [MESSAGE][PASSED] - Execute JavaScript 'arguments[0].click()' successfully

2022-02-23 15:10:37 - [MESSAGE][PASSED] - Call Test Case 'Test Cases/0.1-Login' successfully

2022-02-23 15:10:37 - [TEST_STEP][PASSED] - waitForElementClickable(findTestObject("Modulo bienestar-eventos/input_ADMINISTRADOR DEL SISTEMA"), 0): Object 'Object Repository/Modulo bienestar-eventos/input_ADMINISTRADOR DEL SISTEMA' is clickable

2022-02-23 15:10:37 - [MESSAGE][WARNING] - Timeout '0' is invalid. Using default page load timeout: '30'

2022-02-23 15:10:38 - [MESSAGE][PASSED] - Object 'Object Repository/Modulo bienestar-eventos/input_ADMINISTRADOR DEL SISTEMA' is clickable

2022-02-23 15:10:38 - [TEST_STEP][PASSED] - setText(findTestObject("Modulo bienestar-eventos/input_ADMINISTRADOR DEL SISTEMA"), "eventos (bie)"): Text 'eventos (bie)' is set on object 'Object Repository/Modulo bienestar-eventos/input_ADMINISTRADOR DEL SISTEMA'

2022-02-23 15:10:38 - [MESSAGE][PASSED] - Text 'eventos (bie)' is set on object 'Object Repository/Modulo bienestar-eventos/input_ADMINISTRADOR DEL SISTEMA'

2022-02-23 15:10:38 - [TEST_STEP][PASSED] - click(findTestObject("Modulo bienestar-eventos/span_Eventos (bie)")): Object: 'Object Repository/Modulo bienestar-eventos/span_Eventos (bie)' is clicked on

2022-02-23 15:10:40 - [MESSAGE][PASSED] - Object: 'Object Repository/Modulo bienestar-eventos/span_Eventos (bie)' is clicked on

2022-02-23 15:10:40 - [MESSAGE][PASSED] - Call Test Case 'Test Cases/Utilidades-(atajos_para _tareas)/Modulos/Modulo bienestar-eventos' successfully

2022-02-23 15:10:40 - [TEST_STEP][PASSED] - click(findTestObject("Modulo Pruebas Bienestar/Programación_de_evaluación/td_Prueba-S")): Object: 'Object Repository/Modulo Pruebas Bienestar/Programación_de_evaluación/td_Prueba-S' is clicked on

2022-02-23 15:10:41 - [MESSAGE][PASSED] - Object: 'Object Repository/Modulo Pruebas Bienestar/Programación_de_evaluación/td_Prueba-S' is clicked on

2022-02-23 15:10:41 - [TEST_STEP][PASSED] - click(findTestObject("Modulo Pruebas Bienestar/Programación_de_evaluación/div_Participante")): Object: 'Object Repository/Modulo Pruebas Bienestar/Programación_de_evaluación/div_Participante' is clicked on

2022-02-23 15:10:42 - [MESSAGE][PASSED] - Object: 'Object Repository/Modulo Pruebas Bienestar/Programación_de_evaluación/div_Participante' is clicked on

2022-02-23 15:10:42 - [TEST_STEP][PASSED] - click(findTestObject("Modulo Pruebas Bienestar/Programación_de_evaluación/a_Grupo")): Object: 'Object Repository/Modulo Pruebas Bienestar/Programación_de_evaluación/a_Grupo' is clicked on

2022-02-23 15:10:43 - [MESSAGE][PASSED] - Object: 'Object Repository/Modulo Pruebas Bienestar/Programación_de_evaluación/a_Grupo' is clicked on

2022-02-23 15:10:43 - [TEST_STEP][PASSED] - if (waitForElementVisible(findTestObject("Modulo Pruebas Bienestar/Programación_de_evaluación/td_PRUEBAS K"), 1)): Web element with id: 'Object Repository/Modulo Pruebas Bienestar/Programación_de_evaluación/td_PRUEBAS K' located by '//*/text()[normalize-space(.)='PRUEBAS K']/parent::*' not found

2022-02-23 15:10:45 - [MESSAGE][INFO] - Unable to find the element located by 'By.xpath: //*/text()[normalize-space(.)='PRUEBAS K']/parent::*'. Please recheck the objects properties to make sure the desired element is located. 

2022-02-23 15:10:45 - [MESSAGE][WARNING] - Web element with id: 'Object Repository/Modulo Pruebas Bienestar/Programación_de_evaluación/td_PRUEBAS K' located by '//*/text()[normalize-space(.)='PRUEBAS K']/parent::*' not found

2022-02-23 15:10:45 - [TEST_STEP][PASSED] - else: Object: 'Object Repository/Modulo Pruebas Bienestar/Programación_de_evaluación/span_Inscrito_ui-icon ui-icon-closethick' is clicked on

2022-02-23 15:10:45 - [TEST_STEP][PASSED] - click(findTestObject("Modulo Pruebas Bienestar/Programación_de_evaluación/a_Nuevo")): Object: 'Object Repository/Modulo Pruebas Bienestar/Programación_de_evaluación/a_Nuevo' is clicked on

2022-02-23 15:10:45 - [MESSAGE][PASSED] - Object: 'Object Repository/Modulo Pruebas Bienestar/Programación_de_evaluación/a_Nuevo' is clicked on

2022-02-23 15:10:45 - [TEST_STEP][PASSED] - setText(findTestObject("Modulo Pruebas Bienestar/Programación_de_evaluación/input_Cdigo_grupoEventopanel_principal_2codigo"), "5"): Text '5' is set on object 'Object Repository/Modulo Pruebas Bienestar/Programación_de_evaluación/input_Cdigo_grupoEventopanel_principal_2codigo'

2022-02-23 15:10:47 - [MESSAGE][PASSED] - Text '5' is set on object 'Object Repository/Modulo Pruebas Bienestar/Programación_de_evaluación/input_Cdigo_grupoEventopanel_principal_2codigo'

2022-02-23 15:10:47 - [TEST_STEP][PASSED] - setText(findTestObject("Modulo Pruebas Bienestar/Programación_de_evaluación/input_Nombre_grupoEventopanel_principal_2pGNombre"), "PRUEBAS K"): Text 'PRUEBAS K' is set on object 'Object Repository/Modulo Pruebas Bienestar/Programación_de_evaluación/input_Nombre_grupoEventopanel_principal_2pGNombre'

2022-02-23 15:10:47 - [MESSAGE][PASSED] - Text 'PRUEBAS K' is set on object 'Object Repository/Modulo Pruebas Bienestar/Programación_de_evaluación/input_Nombre_grupoEventopanel_principal_2pGNombre'

2022-02-23 15:10:47 - [TEST_STEP][PASSED] - selectOptionByIndex(findTestObject("Modulo Pruebas Bienestar/Programación_de_evaluación/select_-- Seleccione --prueba"), 1): All options with index in [1] are selected on object 'Object Repository/Modulo Pruebas Bienestar/Programación_de_evaluación/select_-- Seleccione --prueba'

2022-02-23 15:10:48 - [MESSAGE][PASSED] - All options with index in [1] are selected on object 'Object Repository/Modulo Pruebas Bienestar/Programación_de_evaluación/select_-- Seleccione --prueba'

2022-02-23 15:10:48 - [TEST_STEP][PASSED] - selectOptionByIndex(findTestObject("Modulo Pruebas Bienestar/Programación_de_evaluación/select_-- Seleccione --AceptadoCanceladoFinalizadoInscritoNo AceptadoNo FinalizadoSolicitado"), 7): All options with index in [7] are selected on object 'Object Repository/Modulo Pruebas Bienestar/Programación_de_evaluación/select_-- Seleccione --AceptadoCanceladoFinalizadoInscritoNo AceptadoNo FinalizadoSolicitado'

2022-02-23 15:10:49 - [MESSAGE][PASSED] - All options with index in [7] are selected on object 'Object Repository/Modulo Pruebas Bienestar/Programación_de_evaluación/select_-- Seleccione --AceptadoCanceladoFinalizadoInscritoNo AceptadoNo FinalizadoSolicitado'

2022-02-23 15:10:49 - [TEST_STEP][PASSED] - selectOptionByIndex(findTestObject("Modulo Pruebas Bienestar/Programación_de_evaluación/select_CALIDADMENSUAL ABCMODELO EMPRESA QUINCENALPANSIONADOSPENSIONADOS BASEPRUEBAS"), 5): All options with index in [5] are selected on object 'Object Repository/Modulo Pruebas Bienestar/Programación_de_evaluación/select_CALIDADMENSUAL ABCMODELO EMPRESA QUINCENALPANSIONADOSPENSIONADOS BASEPRUEBAS'

2022-02-23 15:10:50 - [MESSAGE][PASSED] - All options with index in [5] are selected on object 'Object Repository/Modulo Pruebas Bienestar/Programación_de_evaluación/select_CALIDADMENSUAL ABCMODELO EMPRESA QUINCENALPANSIONADOSPENSIONADOS BASEPRUEBAS'

2022-02-23 15:10:50 - [TEST_STEP][PASSED] - element = findWebElement(findTestObject("Modulo Pruebas Bienestar/Programación_de_evaluación/a_Guardar"), 30): null

2022-02-23 15:10:51 - [TEST_STEP][PASSED] - executeJavaScript("arguments[0].click()", Arrays.asList(element)): Execute JavaScript 'arguments[0].click()' successfully

2022-02-23 15:10:51 - [MESSAGE][PASSED] - Execute JavaScript 'arguments[0].click()' successfully

2022-02-23 15:10:51 - [TEST_STEP][PASSED] - click(findTestObject("Modulo Pruebas Bienestar/Programación_de_evaluación/a_Integrantes")): Object: 'Object Repository/Modulo Pruebas Bienestar/Programación_de_evaluación/a_Integrantes' is clicked on

2022-02-23 15:10:52 - [MESSAGE][PASSED] - Object: 'Object Repository/Modulo Pruebas Bienestar/Programación_de_evaluación/a_Integrantes' is clicked on

2022-02-23 15:10:52 - [TEST_STEP][PASSED] - click(findTestObject("Modulo Pruebas Bienestar/Programación_de_evaluación/a_Costo_grupoEventopanel_principal_2pGListaIntegrantesj_idt376")): Object: 'Object Repository/Modulo Pruebas Bienestar/Programación_de_evaluación/a_Costo_grupoEventopanel_principal_2pGListaIntegrantesj_idt376' is clicked on

2022-02-23 15:10:53 - [MESSAGE][PASSED] - Object: 'Object Repository/Modulo Pruebas Bienestar/Programación_de_evaluación/a_Costo_grupoEventopanel_principal_2pGListaIntegrantesj_idt376' is clicked on

2022-02-23 15:10:53 - [TEST_STEP][PASSED] - setText(findTestObject("Modulo Pruebas Bienestar/Programación_de_evaluación/input_Filtro Hoja de Vida_formPopupHojaVidaj_idt2407"), "A A A"): Text 'A A A' is set on object 'Object Repository/Modulo Pruebas Bienestar/Programación_de_evaluación/input_Filtro Hoja de Vida_formPopupHojaVidaj_idt2407'

2022-02-23 15:10:54 - [MESSAGE][PASSED] - Text 'A A A' is set on object 'Object Repository/Modulo Pruebas Bienestar/Programación_de_evaluación/input_Filtro Hoja de Vida_formPopupHojaVidaj_idt2407'

2022-02-23 15:10:54 - [TEST_STEP][PASSED] - sendKeys(findTestObject("Modulo Pruebas Bienestar/Programación_de_evaluación/input_Filtro Hoja de Vida_formPopupHojaVidaj_idt2407"), Keys.chord(ENTER)): Keys 'ENTER + ' sent to object: 'Object Repository/Modulo Pruebas Bienestar/Programación_de_evaluación/input_Filtro Hoja de Vida_formPopupHojaVidaj_idt2407'

2022-02-23 15:10:54 - [MESSAGE][PASSED] - Keys 'ENTER + ' sent to object: 'Object Repository/Modulo Pruebas Bienestar/Programación_de_evaluación/input_Filtro Hoja de Vida_formPopupHojaVidaj_idt2407'

2022-02-23 15:10:54 - [TEST_STEP][PASSED] - click(findTestObject("Modulo Pruebas Bienestar/Programación_de_evaluación/span_A A A")): Object: 'Object Repository/Modulo Pruebas Bienestar/Programación_de_evaluación/span_A A A' is clicked on

2022-02-23 15:10:55 - [MESSAGE][PASSED] - Object: 'Object Repository/Modulo Pruebas Bienestar/Programación_de_evaluación/span_A A A' is clicked on

2022-02-23 15:10:55 - [TEST_STEP][PASSED] - click(findTestObject("Modulo Pruebas Bienestar/Programación_de_evaluación/a_Costo_grupoEventopanel_principal_2pGListaIntegrantesj_idt391")): Object: 'Object Repository/Modulo Pruebas Bienestar/Programación_de_evaluación/a_Costo_grupoEventopanel_principal_2pGListaIntegrantesj_idt391' is clicked on

2022-02-23 15:10:57 - [MESSAGE][PASSED] - Object: 'Object Repository/Modulo Pruebas Bienestar/Programación_de_evaluación/a_Costo_grupoEventopanel_principal_2pGListaIntegrantesj_idt391' is clicked on

2022-02-23 15:10:57 - [TEST_STEP][PASSED] - click(findTestObject("Modulo Pruebas Bienestar/Programación_de_evaluación/span_Inscrito_ui-icon ui-icon-closethick")): Object: 'Object Repository/Modulo Pruebas Bienestar/Programación_de_evaluación/span_Inscrito_ui-icon ui-icon-closethick' is clicked on

2022-02-23 15:10:57 - [MESSAGE][PASSED] - Object: 'Object Repository/Modulo Pruebas Bienestar/Programación_de_evaluación/span_Inscrito_ui-icon ui-icon-closethick' is clicked on

2022-02-23 15:10:57 - [TEST_STEP][PASSED] - click(findTestObject("Modulo Pruebas Bienestar/Programación_de_evaluación/div_Evaluacin")): Object: 'Object Repository/Modulo Pruebas Bienestar/Programación_de_evaluación/div_Evaluacin' is clicked on

2022-02-23 15:10:58 - [MESSAGE][PASSED] - Object: 'Object Repository/Modulo Pruebas Bienestar/Programación_de_evaluación/div_Evaluacin' is clicked on

2022-02-23 15:10:58 - [TEST_STEP][PASSED] - click(findTestObject("Modulo Pruebas Bienestar/Programación_de_evaluación/a_Evento")): Object: 'Object Repository/Modulo Pruebas Bienestar/Programación_de_evaluación/a_Evento' is clicked on

2022-02-23 15:10:58 - [MESSAGE][PASSED] - Object: 'Object Repository/Modulo Pruebas Bienestar/Programación_de_evaluación/a_Evento' is clicked on

2022-02-23 15:10:58 - [TEST_STEP][PASSED] - if (waitForElementVisible(findTestObject("Modulo Pruebas Bienestar/Programación_de_evaluación/a_No Diligenciada_formEventoEvaluacionpanel_eventotablaEvaluacion0j_idt881"), 1)): Web element with id: 'Object Repository/Modulo Pruebas Bienestar/Programación_de_evaluación/a_No Diligenciada_formEventoEvaluacionpanel_eventotablaEvaluacion0j_idt881' located by '//td[10]/a' not found

2022-02-23 15:11:01 - [MESSAGE][INFO] - Unable to find the element located by 'By.xpath: //td[10]/a'. Please recheck the objects properties to make sure the desired element is located. 

2022-02-23 15:11:01 - [MESSAGE][WARNING] - Web element with id: 'Object Repository/Modulo Pruebas Bienestar/Programación_de_evaluación/a_No Diligenciada_formEventoEvaluacionpanel_eventotablaEvaluacion0j_idt881' located by '//td[10]/a' not found

2022-02-23 15:11:01 - [TEST_STEP][PASSED] - click(findTestObject("Modulo Pruebas Bienestar/Programación_de_evaluación/a_Programar")): Object: 'Object Repository/Modulo Pruebas Bienestar/Programación_de_evaluación/a_Programar' is clicked on

2022-02-23 15:11:01 - [MESSAGE][PASSED] - Object: 'Object Repository/Modulo Pruebas Bienestar/Programación_de_evaluación/a_Programar' is clicked on

2022-02-23 15:11:01 - [TEST_STEP][PASSED] - selectOptionByIndex(findTestObject("Modulo Pruebas Bienestar/Programación_de_evaluación/select_SeleccioneEvaluacin ArtsticaEvaluacin Evento BienestarEvaluacin PreviaEvaluacin EventoqqEvaluacin Bienestar"), 2): All options with index in [2] are selected on object 'Object Repository/Modulo Pruebas Bienestar/Programación_de_evaluación/select_SeleccioneEvaluacin ArtsticaEvaluacin Evento BienestarEvaluacin PreviaEvaluacin EventoqqEvaluacin Bienestar'

2022-02-23 15:11:02 - [MESSAGE][PASSED] - All options with index in [2] are selected on object 'Object Repository/Modulo Pruebas Bienestar/Programación_de_evaluación/select_SeleccioneEvaluacin ArtsticaEvaluacin Evento BienestarEvaluacin PreviaEvaluacin EventoqqEvaluacin Bienestar'

2022-02-23 15:11:02 - [TEST_STEP][PASSED] - selectOptionByIndex(findTestObject("Modulo Pruebas Bienestar/Programación_de_evaluación/select_SeleccioneAceptadoCanceladoFinalizadoInscritoNo AceptadoNo FinalizadoSolicitado"), 0): All options with index in [0] are selected on object 'Object Repository/Modulo Pruebas Bienestar/Programación_de_evaluación/select_SeleccioneAceptadoCanceladoFinalizadoInscritoNo AceptadoNo FinalizadoSolicitado'

2022-02-23 15:11:03 - [MESSAGE][PASSED] - All options with index in [0] are selected on object 'Object Repository/Modulo Pruebas Bienestar/Programación_de_evaluación/select_SeleccioneAceptadoCanceladoFinalizadoInscritoNo AceptadoNo FinalizadoSolicitado'

2022-02-23 15:11:03 - [TEST_STEP][PASSED] - click(findTestObject("Modulo Pruebas Bienestar/Programación_de_evaluación/div_Grupo_ui-chkbox-box ui-widget ui-corner-all ui-state-default ui-state-hover")): Object: 'Object Repository/Modulo Pruebas Bienestar/Programación_de_evaluación/div_Grupo_ui-chkbox-box ui-widget ui-corner-all ui-state-default ui-state-hover' is clicked on

2022-02-23 15:11:04 - [MESSAGE][PASSED] - Object: 'Object Repository/Modulo Pruebas Bienestar/Programación_de_evaluación/div_Grupo_ui-chkbox-box ui-widget ui-corner-all ui-state-default ui-state-hover' is clicked on

2022-02-23 15:11:04 - [TEST_STEP][PASSED] - click(findTestObject("Modulo Pruebas Bienestar/Programación_de_evaluación/a_Aplicar0")): Object: 'Object Repository/Modulo Pruebas Bienestar/Programación_de_evaluación/a_Aplicar0' is clicked on

2022-02-23 15:11:05 - [MESSAGE][PASSED] - Object: 'Object Repository/Modulo Pruebas Bienestar/Programación_de_evaluación/a_Aplicar0' is clicked on

2022-02-23 15:11:05 - [TEST_STEP][PASSED] - delay(3): Delayed 3 second(s)

2022-02-23 15:11:08 - [MESSAGE][PASSED] - Delayed 3 second(s)

2022-02-23 15:11:08 - [TEST_STEP][PASSED] - closeBrowser(): Browser is closed

2022-02-23 15:11:09 - [MESSAGE][PASSED] - Browser is closed]]></system-out>
         <system-err><![CDATA[]]></system-err>
      </testcase>
      <testcase name="Test Cases/3.1-Pruebas_Bienestar/3.3.1-Recursos" time="15.642" classname="Test Cases/3.1-Pruebas_Bienestar/3.3.1-Recursos" status="PASSED">
         <system-out><![CDATA[2022-02-23 15:11:09 - [TEST_CASE][PASSED] - Test Cases/3.1-Pruebas_Bienestar/3.3.1-Recursos: Test Cases/3.1-Pruebas_Bienestar/3.3.1-Recursos

2022-02-23 15:11:09 - [TEST_STEP][PASSED] - callTestCase(findTestCase("Utilidades-(atajos_para _tareas)/Modulos/Modulo bienestar-eventos"), [:], STOP_ON_FAILURE): Call Test Case 'Test Cases/Utilidades-(atajos_para _tareas)/Modulos/Modulo bienestar-eventos' successfully

2022-02-23 15:11:09 - [TEST_CASE][PASSED] - Test Cases/Utilidades-(atajos_para _tareas)/Modulos/Modulo bienestar-eventos: Test Cases/Utilidades-(atajos_para _tareas)/Modulos/Modulo bienestar-eventos

2022-02-23 15:11:09 - [TEST_STEP][PASSED] - callTestCase(findTestCase("0.1-Login"), [:], STOP_ON_FAILURE): Call Test Case 'Test Cases/0.1-Login' successfully

2022-02-23 15:11:09 - [TEST_CASE][PASSED] - Test Cases/0.1-Login: Test Cases/0.1-Login

2022-02-23 15:11:09 - [TEST_STEP][PASSED] - openBrowser(""): Browser is opened with url: ''

2022-02-23 15:11:09 - [MESSAGE][INFO] - Starting 'Chrome' driver

2022-02-23 15:11:09 - [MESSAGE][INFO] - Action delay is set to 0 milliseconds

2022-02-23 15:11:11 - [MESSAGE][PASSED] - Browser is opened with url: ''

2022-02-23 15:11:11 - [TEST_STEP][PASSED] - maximizeWindow(): Current window maximized

2022-02-23 15:11:11 - [MESSAGE][PASSED] - Current window maximized

2022-02-23 15:11:11 - [TEST_STEP][PASSED] - i = G_Login: null

2022-02-23 15:11:11 - [TEST_STEP][PASSED] - url = new java.net.URL(i): null

2022-02-23 15:11:11 - [TEST_STEP][PASSED] - println("URL: " + url.toString()): null

2022-02-23 15:11:11 - [TEST_STEP][PASSED] - connection = url.openConnection(): null

2022-02-23 15:11:11 - [TEST_STEP][PASSED] - connection.setRequestMethod("GET"): null

2022-02-23 15:11:11 - [TEST_STEP][PASSED] - connection.setReadTimeout(2 * 1000): null

2022-02-23 15:11:11 - [TEST_STEP][PASSED] - try: null

2022-02-23 15:11:11 - [TEST_STEP][PASSED] - connection.connect(): null

2022-02-23 15:11:11 - [TEST_STEP][PASSED] - flag = connected: null

2022-02-23 15:11:11 - [TEST_STEP][PASSED] - println("Valor_ori: " + flag): null

2022-02-23 15:11:11 - [TEST_STEP][PASSED] - if (flag): null

2022-02-23 15:11:11 - [TEST_STEP][PASSED] - navigateToUrl(i): Navigate to 'http://192.168.2.80:8380/saraweb' successfully

2022-02-23 15:11:11 - [MESSAGE][PASSED] - Navigate to 'http://192.168.2.80:8380/saraweb' successfully

2022-02-23 15:11:11 - [TEST_STEP][PASSED] - a(): null

2022-02-23 15:11:11 - [TEST_STEP][PASSED] - setText(findTestObject("Login/input_USUARIO_loginusuario"), G_Usuario): Text 'saraadmin' is set on object 'Object Repository/Login/input_USUARIO_loginusuario'

2022-02-23 15:11:12 - [MESSAGE][PASSED] - Text 'saraadmin' is set on object 'Object Repository/Login/input_USUARIO_loginusuario'

2022-02-23 15:11:12 - [TEST_STEP][PASSED] - setEncryptedText(findTestObject("Login/input_CLAVE_loginpassword"), "MkG4/TYiCFC3cb2driP7+Q=="): Text ****** has been set on object 'Object Repository/Login/input_CLAVE_loginpassword'

2022-02-23 15:11:12 - [MESSAGE][PASSED] - Text ****** has been set on object 'Object Repository/Login/input_CLAVE_loginpassword'

2022-02-23 15:11:12 - [TEST_STEP][PASSED] - waitForElementClickable(findTestObject("Login/a_Ingresar"), G_TimeOut): Object 'Object Repository/Login/a_Ingresar' is clickable

2022-02-23 15:11:13 - [MESSAGE][PASSED] - Object 'Object Repository/Login/a_Ingresar' is clickable

2022-02-23 15:11:13 - [TEST_STEP][PASSED] - click(findTestObject("Login/a_Ingresar")): Object: 'Object Repository/Login/a_Ingresar' is clicked on

2022-02-23 15:11:15 - [MESSAGE][PASSED] - Object: 'Object Repository/Login/a_Ingresar' is clicked on

2022-02-23 15:11:15 - [TEST_STEP][PASSED] - element = findWebElement(findTestObject("Login/a_Ir"), 30): null

2022-02-23 15:11:15 - [TEST_STEP][PASSED] - executeJavaScript("arguments[0].click()", Arrays.asList(element)): Execute JavaScript 'arguments[0].click()' successfully

2022-02-23 15:11:15 - [MESSAGE][PASSED] - Execute JavaScript 'arguments[0].click()' successfully

2022-02-23 15:11:15 - [MESSAGE][PASSED] - Call Test Case 'Test Cases/0.1-Login' successfully

2022-02-23 15:11:15 - [TEST_STEP][PASSED] - waitForElementClickable(findTestObject("Modulo bienestar-eventos/input_ADMINISTRADOR DEL SISTEMA"), 0): Object 'Object Repository/Modulo bienestar-eventos/input_ADMINISTRADOR DEL SISTEMA' is clickable

2022-02-23 15:11:15 - [MESSAGE][WARNING] - Timeout '0' is invalid. Using default page load timeout: '30'

2022-02-23 15:11:16 - [MESSAGE][PASSED] - Object 'Object Repository/Modulo bienestar-eventos/input_ADMINISTRADOR DEL SISTEMA' is clickable

2022-02-23 15:11:16 - [TEST_STEP][PASSED] - setText(findTestObject("Modulo bienestar-eventos/input_ADMINISTRADOR DEL SISTEMA"), "eventos (bie)"): Text 'eventos (bie)' is set on object 'Object Repository/Modulo bienestar-eventos/input_ADMINISTRADOR DEL SISTEMA'

2022-02-23 15:11:17 - [MESSAGE][PASSED] - Text 'eventos (bie)' is set on object 'Object Repository/Modulo bienestar-eventos/input_ADMINISTRADOR DEL SISTEMA'

2022-02-23 15:11:17 - [TEST_STEP][PASSED] - click(findTestObject("Modulo bienestar-eventos/span_Eventos (bie)")): Object: 'Object Repository/Modulo bienestar-eventos/span_Eventos (bie)' is clicked on

2022-02-23 15:11:18 - [MESSAGE][PASSED] - Object: 'Object Repository/Modulo bienestar-eventos/span_Eventos (bie)' is clicked on

2022-02-23 15:11:18 - [MESSAGE][PASSED] - Call Test Case 'Test Cases/Utilidades-(atajos_para _tareas)/Modulos/Modulo bienestar-eventos' successfully

2022-02-23 15:11:18 - [TEST_STEP][PASSED] - click(findTestObject("Modulo Pruebas Bienestar/Recursos/td_Prueba-S")): Object: 'Object Repository/Modulo Pruebas Bienestar/Recursos/td_Prueba-S' is clicked on

2022-02-23 15:11:19 - [MESSAGE][PASSED] - Object: 'Object Repository/Modulo Pruebas Bienestar/Recursos/td_Prueba-S' is clicked on

2022-02-23 15:11:19 - [TEST_STEP][PASSED] - click(findTestObject("Modulo Pruebas Bienestar/Recursos/div_Recursos")): Object: 'Object Repository/Modulo Pruebas Bienestar/Recursos/div_Recursos' is clicked on

2022-02-23 15:11:20 - [MESSAGE][PASSED] - Object: 'Object Repository/Modulo Pruebas Bienestar/Recursos/div_Recursos' is clicked on

2022-02-23 15:11:20 - [TEST_STEP][PASSED] - click(findTestObject("Modulo Pruebas Bienestar/Recursos/a_Logsticos")): Object: 'Object Repository/Modulo Pruebas Bienestar/Recursos/a_Logsticos' is clicked on

2022-02-23 15:11:21 - [MESSAGE][PASSED] - Object: 'Object Repository/Modulo Pruebas Bienestar/Recursos/a_Logsticos' is clicked on

2022-02-23 15:11:21 - [TEST_STEP][PASSED] - selectOptionByIndex(findTestObject("Modulo Pruebas Bienestar/Recursos/select_SeleccioneBlue RayCmarasCamaras de videoComedoresEstacin de cafeInternetIpadLucesMicrofonosPantallasPorttilSonidoTabletsTarimaTeleconferencia"), 6): All options with index in [6] are selected on object 'Object Repository/Modulo Pruebas Bienestar/Recursos/select_SeleccioneBlue RayCmarasCamaras de videoComedoresEstacin de cafeInternetIpadLucesMicrofonosPantallasPorttilSonidoTabletsTarimaTeleconferencia'

2022-02-23 15:11:22 - [MESSAGE][PASSED] - All options with index in [6] are selected on object 'Object Repository/Modulo Pruebas Bienestar/Recursos/select_SeleccioneBlue RayCmarasCamaras de videoComedoresEstacin de cafeInternetIpadLucesMicrofonosPantallasPorttilSonidoTabletsTarimaTeleconferencia'

2022-02-23 15:11:22 - [TEST_STEP][PASSED] - selectOptionByIndex(findTestObject("Modulo Pruebas Bienestar/Recursos/select_SeleccioneINDISPENSABLEOPCIONAL"), 1): All options with index in [1] are selected on object 'Object Repository/Modulo Pruebas Bienestar/Recursos/select_SeleccioneINDISPENSABLEOPCIONAL'

2022-02-23 15:11:23 - [MESSAGE][PASSED] - All options with index in [1] are selected on object 'Object Repository/Modulo Pruebas Bienestar/Recursos/select_SeleccioneINDISPENSABLEOPCIONAL'

2022-02-23 15:11:23 - [TEST_STEP][PASSED] - click(findTestObject("Modulo Pruebas Bienestar/Recursos/a_Necesidad_formRecursoLogisticopanel_recursostabla_recursosj_idt949")): Object: 'Object Repository/Modulo Pruebas Bienestar/Recursos/a_Necesidad_formRecursoLogisticopanel_recursostabla_recursosj_idt949' is clicked on

2022-02-23 15:11:24 - [MESSAGE][PASSED] - Object: 'Object Repository/Modulo Pruebas Bienestar/Recursos/a_Necesidad_formRecursoLogisticopanel_recursostabla_recursosj_idt949' is clicked on

2022-02-23 15:11:24 - [TEST_STEP][PASSED] - closeBrowser(): Browser is closed

2022-02-23 15:11:24 - [MESSAGE][PASSED] - Browser is closed]]></system-out>
         <system-err><![CDATA[]]></system-err>
      </testcase>
      <testcase name="Test Cases/3.1-Pruebas_Bienestar/3.3.2-Crear_tipo_de_beneficio_CASO1_(Novedad_nómina)" time="30.001" classname="Test Cases/3.1-Pruebas_Bienestar/3.3.2-Crear_tipo_de_beneficio_CASO1_(Novedad_nómina)" status="PASSED">
         <system-out><![CDATA[2022-02-23 15:11:24 - [TEST_CASE][PASSED] - Test Cases/3.1-Pruebas_Bienestar/3.3.2-Crear_tipo_de_beneficio_CASO1_(Novedad_nómina): Test Cases/3.1-Pruebas_Bienestar/3.3.2-Crear_tipo_de_beneficio_CASO1_(Novedad_nómina)

2022-02-23 15:11:25 - [TEST_STEP][PASSED] - callTestCase(findTestCase("0.1-Login"), [:], STOP_ON_FAILURE): Call Test Case 'Test Cases/0.1-Login' successfully

2022-02-23 15:11:25 - [TEST_CASE][PASSED] - Test Cases/0.1-Login: Test Cases/0.1-Login

2022-02-23 15:11:25 - [TEST_STEP][PASSED] - openBrowser(""): Browser is opened with url: ''

2022-02-23 15:11:25 - [MESSAGE][INFO] - Starting 'Chrome' driver

2022-02-23 15:11:25 - [MESSAGE][INFO] - Action delay is set to 0 milliseconds

2022-02-23 15:11:26 - [MESSAGE][PASSED] - Browser is opened with url: ''

2022-02-23 15:11:26 - [TEST_STEP][PASSED] - maximizeWindow(): Current window maximized

2022-02-23 15:11:26 - [MESSAGE][PASSED] - Current window maximized

2022-02-23 15:11:26 - [TEST_STEP][PASSED] - i = G_Login: null

2022-02-23 15:11:26 - [TEST_STEP][PASSED] - url = new java.net.URL(i): null

2022-02-23 15:11:26 - [TEST_STEP][PASSED] - println("URL: " + url.toString()): null

2022-02-23 15:11:26 - [TEST_STEP][PASSED] - connection = url.openConnection(): null

2022-02-23 15:11:26 - [TEST_STEP][PASSED] - connection.setRequestMethod("GET"): null

2022-02-23 15:11:26 - [TEST_STEP][PASSED] - connection.setReadTimeout(2 * 1000): null

2022-02-23 15:11:26 - [TEST_STEP][PASSED] - try: null

2022-02-23 15:11:26 - [TEST_STEP][PASSED] - connection.connect(): null

2022-02-23 15:11:26 - [TEST_STEP][PASSED] - flag = connected: null

2022-02-23 15:11:26 - [TEST_STEP][PASSED] - println("Valor_ori: " + flag): null

2022-02-23 15:11:26 - [TEST_STEP][PASSED] - if (flag): null

2022-02-23 15:11:26 - [TEST_STEP][PASSED] - navigateToUrl(i): Navigate to 'http://192.168.2.80:8380/saraweb' successfully

2022-02-23 15:11:27 - [MESSAGE][PASSED] - Navigate to 'http://192.168.2.80:8380/saraweb' successfully

2022-02-23 15:11:27 - [TEST_STEP][PASSED] - a(): null

2022-02-23 15:11:27 - [TEST_STEP][PASSED] - setText(findTestObject("Login/input_USUARIO_loginusuario"), G_Usuario): Text 'saraadmin' is set on object 'Object Repository/Login/input_USUARIO_loginusuario'

2022-02-23 15:11:28 - [MESSAGE][PASSED] - Text 'saraadmin' is set on object 'Object Repository/Login/input_USUARIO_loginusuario'

2022-02-23 15:11:28 - [TEST_STEP][PASSED] - setEncryptedText(findTestObject("Login/input_CLAVE_loginpassword"), "MkG4/TYiCFC3cb2driP7+Q=="): Text ****** has been set on object 'Object Repository/Login/input_CLAVE_loginpassword'

2022-02-23 15:11:28 - [MESSAGE][PASSED] - Text ****** has been set on object 'Object Repository/Login/input_CLAVE_loginpassword'

2022-02-23 15:11:28 - [TEST_STEP][PASSED] - waitForElementClickable(findTestObject("Login/a_Ingresar"), G_TimeOut): Object 'Object Repository/Login/a_Ingresar' is clickable

2022-02-23 15:11:28 - [MESSAGE][PASSED] - Object 'Object Repository/Login/a_Ingresar' is clickable

2022-02-23 15:11:28 - [TEST_STEP][PASSED] - click(findTestObject("Login/a_Ingresar")): Object: 'Object Repository/Login/a_Ingresar' is clicked on

2022-02-23 15:11:30 - [MESSAGE][PASSED] - Object: 'Object Repository/Login/a_Ingresar' is clicked on

2022-02-23 15:11:30 - [TEST_STEP][PASSED] - element = findWebElement(findTestObject("Login/a_Ir"), 30): null

2022-02-23 15:11:31 - [TEST_STEP][PASSED] - executeJavaScript("arguments[0].click()", Arrays.asList(element)): Execute JavaScript 'arguments[0].click()' successfully

2022-02-23 15:11:31 - [MESSAGE][PASSED] - Execute JavaScript 'arguments[0].click()' successfully

2022-02-23 15:11:31 - [MESSAGE][PASSED] - Call Test Case 'Test Cases/0.1-Login' successfully

2022-02-23 15:11:31 - [TEST_STEP][PASSED] - setText(findTestObject("Modulo Pruebas Bienestar/Crear_tipo_de_beneficio_CASO1_(Novedad_nómina)/input_Beneficios_form_templatej_idt24_input"), "beneficio"): Text 'beneficio' is set on object 'Object Repository/Modulo Pruebas Bienestar/Crear_tipo_de_beneficio_CASO1_(Novedad_nómina)/input_Beneficios_form_templatej_idt24_input'

2022-02-23 15:11:32 - [MESSAGE][PASSED] - Text 'beneficio' is set on object 'Object Repository/Modulo Pruebas Bienestar/Crear_tipo_de_beneficio_CASO1_(Novedad_nómina)/input_Beneficios_form_templatej_idt24_input'

2022-02-23 15:11:32 - [TEST_STEP][PASSED] - click(findTestObject("Modulo Pruebas Bienestar/Crear_tipo_de_beneficio_CASO1_(Novedad_nómina)/li_Beneficio (bie)")): Object: 'Object Repository/Modulo Pruebas Bienestar/Crear_tipo_de_beneficio_CASO1_(Novedad_nómina)/li_Beneficio (bie)' is clicked on

2022-02-23 15:11:34 - [MESSAGE][PASSED] - Object: 'Object Repository/Modulo Pruebas Bienestar/Crear_tipo_de_beneficio_CASO1_(Novedad_nómina)/li_Beneficio (bie)' is clicked on

2022-02-23 15:11:34 - [TEST_STEP][PASSED] - if (waitForElementVisible(findTestObject("Modulo Pruebas Bienestar/Crear_tipo_de_beneficio_CASO1_(Novedad_nómina)/td_PRUEBAS K"), 1)): null

2022-02-23 15:11:35 - [MESSAGE][PASSED] - Object 'Object Repository/Modulo Pruebas Bienestar/Crear_tipo_de_beneficio_CASO1_(Novedad_nómina)/td_PRUEBAS K' is visible

2022-02-23 15:11:35 - [TEST_STEP][PASSED] - click(findTestObject("Modulo Pruebas Bienestar/Crear_tipo_de_beneficio_CASO1_(Novedad_nómina)/td_PRUEBAS K")): Object: 'Object Repository/Modulo Pruebas Bienestar/Crear_tipo_de_beneficio_CASO1_(Novedad_nómina)/td_PRUEBAS K' is clicked on

2022-02-23 15:11:35 - [MESSAGE][PASSED] - Object: 'Object Repository/Modulo Pruebas Bienestar/Crear_tipo_de_beneficio_CASO1_(Novedad_nómina)/td_PRUEBAS K' is clicked on

2022-02-23 15:11:35 - [TEST_STEP][PASSED] - click(findTestObject("Modulo Pruebas Bienestar/Crear_tipo_de_beneficio_CASO1_(Novedad_nómina)/a_Filtro Seccin")): Object: 'Object Repository/Modulo Pruebas Bienestar/Crear_tipo_de_beneficio_CASO1_(Novedad_nómina)/a_Filtro Seccin' is clicked on

2022-02-23 15:11:36 - [MESSAGE][PASSED] - Object: 'Object Repository/Modulo Pruebas Bienestar/Crear_tipo_de_beneficio_CASO1_(Novedad_nómina)/a_Filtro Seccin' is clicked on

2022-02-23 15:11:36 - [TEST_STEP][PASSED] - if (waitForElementVisible(findTestObject("Modulo Pruebas Bienestar/Crear_tipo_de_beneficio_CASO1_(Novedad_nómina)/a_CONYUGUE_form_dirigidoTipoBeneficiariotabla_dirigido0j_idt689"), 1)): null

2022-02-23 15:11:37 - [MESSAGE][PASSED] - Object 'Object Repository/Modulo Pruebas Bienestar/Crear_tipo_de_beneficio_CASO1_(Novedad_nómina)/a_CONYUGUE_form_dirigidoTipoBeneficiariotabla_dirigido0j_idt689' is visible

2022-02-23 15:11:37 - [TEST_STEP][PASSED] - click(findTestObject("Modulo Pruebas Bienestar/Crear_tipo_de_beneficio_CASO1_(Novedad_nómina)/a_CONYUGUE_form_dirigidoTipoBeneficiariotabla_dirigido0j_idt689")): Object: 'Object Repository/Modulo Pruebas Bienestar/Crear_tipo_de_beneficio_CASO1_(Novedad_nómina)/a_CONYUGUE_form_dirigidoTipoBeneficiariotabla_dirigido0j_idt689' is clicked on

2022-02-23 15:11:38 - [MESSAGE][PASSED] - Object: 'Object Repository/Modulo Pruebas Bienestar/Crear_tipo_de_beneficio_CASO1_(Novedad_nómina)/a_CONYUGUE_form_dirigidoTipoBeneficiariotabla_dirigido0j_idt689' is clicked on

2022-02-23 15:11:38 - [TEST_STEP][PASSED] - click(findTestObject("Modulo Pruebas Bienestar/Crear_tipo_de_beneficio_CASO1_(Novedad_nómina)/a_Aceptar")): Object: 'Object Repository/Modulo Pruebas Bienestar/Crear_tipo_de_beneficio_CASO1_(Novedad_nómina)/a_Aceptar' is clicked on

2022-02-23 15:11:39 - [MESSAGE][PASSED] - Object: 'Object Repository/Modulo Pruebas Bienestar/Crear_tipo_de_beneficio_CASO1_(Novedad_nómina)/a_Aceptar' is clicked on

2022-02-23 15:11:39 - [TEST_STEP][PASSED] - click(findTestObject("Modulo Pruebas Bienestar/Crear_tipo_de_beneficio_CASO1_(Novedad_nómina)/a_Registro")): Object: 'Object Repository/Modulo Pruebas Bienestar/Crear_tipo_de_beneficio_CASO1_(Novedad_nómina)/a_Registro' is clicked on

2022-02-23 15:11:39 - [MESSAGE][PASSED] - Object: 'Object Repository/Modulo Pruebas Bienestar/Crear_tipo_de_beneficio_CASO1_(Novedad_nómina)/a_Registro' is clicked on

2022-02-23 15:11:39 - [TEST_STEP][PASSED] - click(findTestObject("Modulo Pruebas Bienestar/Crear_tipo_de_beneficio_CASO1_(Novedad_nómina)/a_Eliminar")): Object: 'Object Repository/Modulo Pruebas Bienestar/Crear_tipo_de_beneficio_CASO1_(Novedad_nómina)/a_Eliminar' is clicked on

2022-02-23 15:11:40 - [MESSAGE][PASSED] - Object: 'Object Repository/Modulo Pruebas Bienestar/Crear_tipo_de_beneficio_CASO1_(Novedad_nómina)/a_Eliminar' is clicked on

2022-02-23 15:11:40 - [TEST_STEP][PASSED] - click(findTestObject("Modulo Pruebas Bienestar/Crear_tipo_de_beneficio_CASO1_(Novedad_nómina)/a_Aceptar")): Object: 'Object Repository/Modulo Pruebas Bienestar/Crear_tipo_de_beneficio_CASO1_(Novedad_nómina)/a_Aceptar' is clicked on

2022-02-23 15:11:41 - [MESSAGE][PASSED] - Object: 'Object Repository/Modulo Pruebas Bienestar/Crear_tipo_de_beneficio_CASO1_(Novedad_nómina)/a_Aceptar' is clicked on

2022-02-23 15:11:41 - [TEST_STEP][PASSED] - scrollToElement(findTestObject("Modulo Pruebas Bienestar/Crear_tipo_de_beneficio_CASO1_(Novedad_nómina)/a_Nuevo"), 0): Scroll to object 'Object Repository/Modulo Pruebas Bienestar/Crear_tipo_de_beneficio_CASO1_(Novedad_nómina)/a_Nuevo' successfully

2022-02-23 15:11:41 - [MESSAGE][WARNING] - Timeout '0' is invalid. Using default page load timeout: '30'

2022-02-23 15:11:41 - [MESSAGE][PASSED] - Scroll to object 'Object Repository/Modulo Pruebas Bienestar/Crear_tipo_de_beneficio_CASO1_(Novedad_nómina)/a_Nuevo' successfully

2022-02-23 15:11:41 - [TEST_STEP][PASSED] - click(findTestObject("Modulo Pruebas Bienestar/Crear_tipo_de_beneficio_CASO1_(Novedad_nómina)/a_Nuevo")): Object: 'Object Repository/Modulo Pruebas Bienestar/Crear_tipo_de_beneficio_CASO1_(Novedad_nómina)/a_Nuevo' is clicked on

2022-02-23 15:11:42 - [MESSAGE][PASSED] - Object: 'Object Repository/Modulo Pruebas Bienestar/Crear_tipo_de_beneficio_CASO1_(Novedad_nómina)/a_Nuevo' is clicked on

2022-02-23 15:11:42 - [TEST_STEP][PASSED] - setText(findTestObject("Modulo Pruebas Bienestar/Crear_tipo_de_beneficio_CASO1_(Novedad_nómina)/input_Cdigo_formDetalleTipoBeneficioBienestarcodigoTipoBeneficio"), "5"): Text '5' is set on object 'Object Repository/Modulo Pruebas Bienestar/Crear_tipo_de_beneficio_CASO1_(Novedad_nómina)/input_Cdigo_formDetalleTipoBeneficioBienestarcodigoTipoBeneficio'

2022-02-23 15:11:43 - [MESSAGE][PASSED] - Text '5' is set on object 'Object Repository/Modulo Pruebas Bienestar/Crear_tipo_de_beneficio_CASO1_(Novedad_nómina)/input_Cdigo_formDetalleTipoBeneficioBienestarcodigoTipoBeneficio'

2022-02-23 15:11:43 - [TEST_STEP][PASSED] - setText(findTestObject("Modulo Pruebas Bienestar/Crear_tipo_de_beneficio_CASO1_(Novedad_nómina)/input_Descripcin_formDetalleTipoBeneficioBienestardescripcionTipoBeneficio"), "PRUEBAS KATALON"): Text 'PRUEBAS KATALON' is set on object 'Object Repository/Modulo Pruebas Bienestar/Crear_tipo_de_beneficio_CASO1_(Novedad_nómina)/input_Descripcin_formDetalleTipoBeneficioBienestardescripcionTipoBeneficio'

2022-02-23 15:11:44 - [MESSAGE][PASSED] - Text 'PRUEBAS KATALON' is set on object 'Object Repository/Modulo Pruebas Bienestar/Crear_tipo_de_beneficio_CASO1_(Novedad_nómina)/input_Descripcin_formDetalleTipoBeneficioBienestardescripcionTipoBeneficio'

2022-02-23 15:11:44 - [TEST_STEP][PASSED] - selectOptionByIndex(findTestObject("Modulo Pruebas Bienestar/Crear_tipo_de_beneficio_CASO1_(Novedad_nómina)/select_-- Seleccione --Auxilio de SaludAUXILIO DE VIVIENDAAUXILIO EDUCATIVOPrueba"), 4): All options with index in [4] are selected on object 'Object Repository/Modulo Pruebas Bienestar/Crear_tipo_de_beneficio_CASO1_(Novedad_nómina)/select_-- Seleccione --Auxilio de SaludAUXILIO DE VIVIENDAAUXILIO EDUCATIVOPrueba'

2022-02-23 15:11:45 - [MESSAGE][PASSED] - All options with index in [4] are selected on object 'Object Repository/Modulo Pruebas Bienestar/Crear_tipo_de_beneficio_CASO1_(Novedad_nómina)/select_-- Seleccione --Auxilio de SaludAUXILIO DE VIVIENDAAUXILIO EDUCATIVOPrueba'

2022-02-23 15:11:45 - [TEST_STEP][PASSED] - selectOptionByIndex(findTestObject("Modulo Pruebas Bienestar/Crear_tipo_de_beneficio_CASO1_(Novedad_nómina)/select_-- Seleccione --Solicitante Y Seccion HojaSolicitanteSeccion Hoja"), 1): All options with index in [1] are selected on object 'Object Repository/Modulo Pruebas Bienestar/Crear_tipo_de_beneficio_CASO1_(Novedad_nómina)/select_-- Seleccione --Solicitante Y Seccion HojaSolicitanteSeccion Hoja'

2022-02-23 15:11:46 - [MESSAGE][PASSED] - All options with index in [1] are selected on object 'Object Repository/Modulo Pruebas Bienestar/Crear_tipo_de_beneficio_CASO1_(Novedad_nómina)/select_-- Seleccione --Solicitante Y Seccion HojaSolicitanteSeccion Hoja'

2022-02-23 15:11:46 - [TEST_STEP][PASSED] - selectOptionByIndex(findTestObject("Modulo Pruebas Bienestar/Crear_tipo_de_beneficio_CASO1_(Novedad_nómina)/select_-- Seleccione --familia"), 1): All options with index in [1] are selected on object 'Object Repository/Modulo Pruebas Bienestar/Crear_tipo_de_beneficio_CASO1_(Novedad_nómina)/select_-- Seleccione --familia'

2022-02-23 15:11:48 - [MESSAGE][PASSED] - All options with index in [1] are selected on object 'Object Repository/Modulo Pruebas Bienestar/Crear_tipo_de_beneficio_CASO1_(Novedad_nómina)/select_-- Seleccione --familia'

2022-02-23 15:11:48 - [TEST_STEP][PASSED] - selectOptionByIndex(findTestObject("Modulo Pruebas Bienestar/Crear_tipo_de_beneficio_CASO1_(Novedad_nómina)/select_-- Seleccione --DescuentoNo RecaudoNovedad hacia NminaPrestamo"), 1): All options with index in [1] are selected on object 'Object Repository/Modulo Pruebas Bienestar/Crear_tipo_de_beneficio_CASO1_(Novedad_nómina)/select_-- Seleccione --DescuentoNo RecaudoNovedad hacia NminaPrestamo'

2022-02-23 15:11:49 - [MESSAGE][PASSED] - All options with index in [1] are selected on object 'Object Repository/Modulo Pruebas Bienestar/Crear_tipo_de_beneficio_CASO1_(Novedad_nómina)/select_-- Seleccione --DescuentoNo RecaudoNovedad hacia NminaPrestamo'

2022-02-23 15:11:49 - [TEST_STEP][PASSED] - selectOptionByIndex(findTestObject("Modulo Pruebas Bienestar/Crear_tipo_de_beneficio_CASO1_(Novedad_nómina)/select_-- Seleccione --Control por TarifaManejo TarifaNo Relacionar"), 3): All options with index in [3] are selected on object 'Object Repository/Modulo Pruebas Bienestar/Crear_tipo_de_beneficio_CASO1_(Novedad_nómina)/select_-- Seleccione --Control por TarifaManejo TarifaNo Relacionar'

2022-02-23 15:11:50 - [MESSAGE][PASSED] - All options with index in [3] are selected on object 'Object Repository/Modulo Pruebas Bienestar/Crear_tipo_de_beneficio_CASO1_(Novedad_nómina)/select_-- Seleccione --Control por TarifaManejo TarifaNo Relacionar'

2022-02-23 15:11:50 - [TEST_STEP][PASSED] - selectOptionByIndex(findTestObject("Modulo Pruebas Bienestar/Crear_tipo_de_beneficio_CASO1_(Novedad_nómina)/select_-- Seleccione --SiNo"), 1): All options with index in [1] are selected on object 'Object Repository/Modulo Pruebas Bienestar/Crear_tipo_de_beneficio_CASO1_(Novedad_nómina)/select_-- Seleccione --SiNo'

2022-02-23 15:11:51 - [MESSAGE][PASSED] - All options with index in [1] are selected on object 'Object Repository/Modulo Pruebas Bienestar/Crear_tipo_de_beneficio_CASO1_(Novedad_nómina)/select_-- Seleccione --SiNo'

2022-02-23 15:11:51 - [TEST_STEP][PASSED] - selectOptionByIndex(findTestObject("Modulo Pruebas Bienestar/Crear_tipo_de_beneficio_CASO1_(Novedad_nómina)/select_--Seleccione--NoSi"), 2): All options with index in [2] are selected on object 'Object Repository/Modulo Pruebas Bienestar/Crear_tipo_de_beneficio_CASO1_(Novedad_nómina)/select_--Seleccione--NoSi'

2022-02-23 15:11:52 - [MESSAGE][PASSED] - All options with index in [2] are selected on object 'Object Repository/Modulo Pruebas Bienestar/Crear_tipo_de_beneficio_CASO1_(Novedad_nómina)/select_--Seleccione--NoSi'

2022-02-23 15:11:52 - [TEST_STEP][PASSED] - selectOptionByIndex(findTestObject("Modulo Pruebas Bienestar/Crear_tipo_de_beneficio_CASO1_(Novedad_nómina)/select_Convenio--Seleccione--NoSi"), 2): All options with index in [2] are selected on object 'Object Repository/Modulo Pruebas Bienestar/Crear_tipo_de_beneficio_CASO1_(Novedad_nómina)/select_Convenio--Seleccione--NoSi'

2022-02-23 15:11:53 - [MESSAGE][PASSED] - All options with index in [2] are selected on object 'Object Repository/Modulo Pruebas Bienestar/Crear_tipo_de_beneficio_CASO1_(Novedad_nómina)/select_Convenio--Seleccione--NoSi'

2022-02-23 15:11:53 - [TEST_STEP][PASSED] - click(findTestObject("Modulo Pruebas Bienestar/Crear_tipo_de_beneficio_CASO1_(Novedad_nómina)/a_Guardar")): Object: 'Object Repository/Modulo Pruebas Bienestar/Crear_tipo_de_beneficio_CASO1_(Novedad_nómina)/a_Guardar' is clicked on

2022-02-23 15:11:54 - [MESSAGE][PASSED] - Object: 'Object Repository/Modulo Pruebas Bienestar/Crear_tipo_de_beneficio_CASO1_(Novedad_nómina)/a_Guardar' is clicked on

2022-02-23 15:11:54 - [TEST_STEP][PASSED] - closeBrowser(): Browser is closed

2022-02-23 15:11:54 - [MESSAGE][PASSED] - Browser is closed]]></system-out>
         <system-err><![CDATA[]]></system-err>
      </testcase>
      <testcase name="Test Cases/3.1-Pruebas_Bienestar/3.3.3-Filtro_sección" time="17.257" classname="Test Cases/3.1-Pruebas_Bienestar/3.3.3-Filtro_sección" status="PASSED">
         <system-out><![CDATA[2022-02-23 15:11:54 - [TEST_CASE][PASSED] - Test Cases/3.1-Pruebas_Bienestar/3.3.3-Filtro_sección: Test Cases/3.1-Pruebas_Bienestar/3.3.3-Filtro_sección

2022-02-23 15:11:55 - [TEST_STEP][PASSED] - callTestCase(findTestCase("0.1-Login"), [:], STOP_ON_FAILURE): Call Test Case 'Test Cases/0.1-Login' successfully

2022-02-23 15:11:55 - [TEST_CASE][PASSED] - Test Cases/0.1-Login: Test Cases/0.1-Login

2022-02-23 15:11:55 - [TEST_STEP][PASSED] - openBrowser(""): Browser is opened with url: ''

2022-02-23 15:11:55 - [MESSAGE][INFO] - Starting 'Chrome' driver

2022-02-23 15:11:55 - [MESSAGE][INFO] - Action delay is set to 0 milliseconds

2022-02-23 15:11:56 - [MESSAGE][PASSED] - Browser is opened with url: ''

2022-02-23 15:11:56 - [TEST_STEP][PASSED] - maximizeWindow(): Current window maximized

2022-02-23 15:11:56 - [MESSAGE][PASSED] - Current window maximized

2022-02-23 15:11:56 - [TEST_STEP][PASSED] - i = G_Login: null

2022-02-23 15:11:56 - [TEST_STEP][PASSED] - url = new java.net.URL(i): null

2022-02-23 15:11:56 - [TEST_STEP][PASSED] - println("URL: " + url.toString()): null

2022-02-23 15:11:56 - [TEST_STEP][PASSED] - connection = url.openConnection(): null

2022-02-23 15:11:56 - [TEST_STEP][PASSED] - connection.setRequestMethod("GET"): null

2022-02-23 15:11:56 - [TEST_STEP][PASSED] - connection.setReadTimeout(2 * 1000): null

2022-02-23 15:11:56 - [TEST_STEP][PASSED] - try: null

2022-02-23 15:11:56 - [TEST_STEP][PASSED] - connection.connect(): null

2022-02-23 15:11:56 - [TEST_STEP][PASSED] - flag = connected: null

2022-02-23 15:11:56 - [TEST_STEP][PASSED] - println("Valor_ori: " + flag): null

2022-02-23 15:11:56 - [TEST_STEP][PASSED] - if (flag): null

2022-02-23 15:11:56 - [TEST_STEP][PASSED] - navigateToUrl(i): Navigate to 'http://192.168.2.80:8380/saraweb' successfully

2022-02-23 15:11:57 - [MESSAGE][PASSED] - Navigate to 'http://192.168.2.80:8380/saraweb' successfully

2022-02-23 15:11:57 - [TEST_STEP][PASSED] - a(): null

2022-02-23 15:11:57 - [TEST_STEP][PASSED] - setText(findTestObject("Login/input_USUARIO_loginusuario"), G_Usuario): Text 'saraadmin' is set on object 'Object Repository/Login/input_USUARIO_loginusuario'

2022-02-23 15:11:57 - [MESSAGE][PASSED] - Text 'saraadmin' is set on object 'Object Repository/Login/input_USUARIO_loginusuario'

2022-02-23 15:11:57 - [TEST_STEP][PASSED] - setEncryptedText(findTestObject("Login/input_CLAVE_loginpassword"), "MkG4/TYiCFC3cb2driP7+Q=="): Text ****** has been set on object 'Object Repository/Login/input_CLAVE_loginpassword'

2022-02-23 15:11:58 - [MESSAGE][PASSED] - Text ****** has been set on object 'Object Repository/Login/input_CLAVE_loginpassword'

2022-02-23 15:11:58 - [TEST_STEP][PASSED] - waitForElementClickable(findTestObject("Login/a_Ingresar"), G_TimeOut): Object 'Object Repository/Login/a_Ingresar' is clickable

2022-02-23 15:11:58 - [MESSAGE][PASSED] - Object 'Object Repository/Login/a_Ingresar' is clickable

2022-02-23 15:11:58 - [TEST_STEP][PASSED] - click(findTestObject("Login/a_Ingresar")): Object: 'Object Repository/Login/a_Ingresar' is clicked on

2022-02-23 15:12:01 - [MESSAGE][PASSED] - Object: 'Object Repository/Login/a_Ingresar' is clicked on

2022-02-23 15:12:01 - [TEST_STEP][PASSED] - element = findWebElement(findTestObject("Login/a_Ir"), 30): null

2022-02-23 15:12:01 - [TEST_STEP][PASSED] - executeJavaScript("arguments[0].click()", Arrays.asList(element)): Execute JavaScript 'arguments[0].click()' successfully

2022-02-23 15:12:01 - [MESSAGE][PASSED] - Execute JavaScript 'arguments[0].click()' successfully

2022-02-23 15:12:01 - [MESSAGE][PASSED] - Call Test Case 'Test Cases/0.1-Login' successfully

2022-02-23 15:12:01 - [TEST_STEP][PASSED] - setText(findTestObject("Modulo Pruebas Bienestar/Filtro_sección/input_Beneficios_form_templatej_idt24_input"), "beneficio (bie)"): Text 'beneficio (bie)' is set on object 'Object Repository/Modulo Pruebas Bienestar/Filtro_sección/input_Beneficios_form_templatej_idt24_input'

2022-02-23 15:12:02 - [MESSAGE][PASSED] - Text 'beneficio (bie)' is set on object 'Object Repository/Modulo Pruebas Bienestar/Filtro_sección/input_Beneficios_form_templatej_idt24_input'

2022-02-23 15:12:02 - [TEST_STEP][PASSED] - click(findTestObject("Modulo Pruebas Bienestar/Filtro_sección/span_Beneficio (bie)")): Object: 'Object Repository/Modulo Pruebas Bienestar/Filtro_sección/span_Beneficio (bie)' is clicked on

2022-02-23 15:12:04 - [MESSAGE][PASSED] - Object: 'Object Repository/Modulo Pruebas Bienestar/Filtro_sección/span_Beneficio (bie)' is clicked on

2022-02-23 15:12:04 - [TEST_STEP][PASSED] - click(findTestObject("Modulo Pruebas Bienestar/Filtro_sección/td_PRUEBAS KATALON")): Object: 'Object Repository/Modulo Pruebas Bienestar/Filtro_sección/td_PRUEBAS KATALON' is clicked on

2022-02-23 15:12:05 - [MESSAGE][PASSED] - Object: 'Object Repository/Modulo Pruebas Bienestar/Filtro_sección/td_PRUEBAS KATALON' is clicked on

2022-02-23 15:12:05 - [TEST_STEP][PASSED] - click(findTestObject("Modulo Pruebas Bienestar/Filtro_sección/a_Filtro Seccin")): Object: 'Object Repository/Modulo Pruebas Bienestar/Filtro_sección/a_Filtro Seccin' is clicked on

2022-02-23 15:12:07 - [MESSAGE][PASSED] - Object: 'Object Repository/Modulo Pruebas Bienestar/Filtro_sección/a_Filtro Seccin' is clicked on

2022-02-23 15:12:07 - [TEST_STEP][PASSED] - if (waitForElementVisible(findTestObject("Modulo Pruebas Bienestar/Filtro_sección/a_CONYUGUE_form_dirigidoTipoBeneficiariotabla_dirigido0j_idt689"), 1)): Object 'Object Repository/Modulo Pruebas Bienestar/Filtro_sección/a_CONYUGUE_form_dirigidoTipoBeneficiariotabla_dirigido0j_idt689' is not visible after 1 second(s)

2022-02-23 15:12:09 - [MESSAGE][WARNING] - Object 'Object Repository/Modulo Pruebas Bienestar/Filtro_sección/a_CONYUGUE_form_dirigidoTipoBeneficiariotabla_dirigido0j_idt689' is not visible after 1 second(s)

2022-02-23 15:12:09 - [TEST_STEP][PASSED] - selectOptionByIndex(findTestObject("Modulo Pruebas Bienestar/Filtro_sección/select_--Seleccione--DiscapacidadEdadGeneroParentesco"), 4): All options with index in [4] are selected on object 'Object Repository/Modulo Pruebas Bienestar/Filtro_sección/select_--Seleccione--DiscapacidadEdadGeneroParentesco'

2022-02-23 15:12:10 - [MESSAGE][PASSED] - All options with index in [4] are selected on object 'Object Repository/Modulo Pruebas Bienestar/Filtro_sección/select_--Seleccione--DiscapacidadEdadGeneroParentesco'

2022-02-23 15:12:10 - [TEST_STEP][PASSED] - selectOptionByIndex(findTestObject("Modulo Pruebas Bienestar/Filtro_sección/select_-- Seleccione --CONYUGUEHERMANO (A)HIJO (A)NO DEFINIDOPADRE"), 1): All options with index in [1] are selected on object 'Object Repository/Modulo Pruebas Bienestar/Filtro_sección/select_-- Seleccione --CONYUGUEHERMANO (A)HIJO (A)NO DEFINIDOPADRE'

2022-02-23 15:12:11 - [MESSAGE][PASSED] - All options with index in [1] are selected on object 'Object Repository/Modulo Pruebas Bienestar/Filtro_sección/select_-- Seleccione --CONYUGUEHERMANO (A)HIJO (A)NO DEFINIDOPADRE'

2022-02-23 15:12:11 - [TEST_STEP][PASSED] - click(findTestObject("Modulo Pruebas Bienestar/Filtro_sección/a_Tipo Campo_form_dirigidoTipoBeneficiariotabla_dirigidoj_idt690")): Object: 'Object Repository/Modulo Pruebas Bienestar/Filtro_sección/a_Tipo Campo_form_dirigidoTipoBeneficiariotabla_dirigidoj_idt690' is clicked on

2022-02-23 15:12:12 - [MESSAGE][PASSED] - Object: 'Object Repository/Modulo Pruebas Bienestar/Filtro_sección/a_Tipo Campo_form_dirigidoTipoBeneficiariotabla_dirigidoj_idt690' is clicked on]]></system-out>
         <system-err><![CDATA[]]></system-err>
      </testcase>
      <system-out><![CDATA[2022-02-23 15:01:21 - [TEST_SUITE][PASSED] - 3-Pruebas_Bienestar: Test Cases/3.1-Pruebas_Bienestar/3.3.3-Filtro_sección]]></system-out>
      <system-err><![CDATA[]]></system-err>
   </testsuite>
</testsuites>
