<?xml version="1.0" encoding="UTF-8"?>
<testsuites name="Tareas Principales" time="2417.104" tests="57" failures="0" errors="0">
   <testsuite name="Tareas Principales" tests="57" failures="0" errors="0" time="2417.104" skipped="0" timestamp="2021-12-01 11:45:21" hostname="diego.rojas - US-AF-000371" id="Test Suites/Tareas Principales">
      <properties>
         <property name="deviceName" value=""/>
         <property name="devicePlatform" value=""/>
         <property name="logFolder" value="C:\\Users\\diego.rojas\\git\\Pruebas-Minimas\\Reports\\20211201_114514\\Tareas Principales\\20211201_114514"/>
         <property name="logFiles" value="C:\\Users\\diego.rojas\\git\\Pruebas-Minimas\\Reports\\20211201_114514\\Tareas Principales\\20211201_114514\\execution0.log"/>
         <property name="attachments" value="C:\\Users\\diego.rojas\\git\\Pruebas-Minimas\\Reports\\20211201_114514\\Tareas Principales\\20211201_114514\\1638378619321.png"/>
         <property name="hostName" value="diego.rojas - US-AF-000371"/>
         <property name="os" value="Windows 10 64bit"/>
         <property name="katalonVersion" value="8.2.0.208"/>
         <property name="browser" value="Chrome 96.0.4664.45"/>
         <property name="hostAddress" value="192.168.56.1"/>
         <property name="sessionId" value="48680865c5db3c00f916ac33dcb03612"/>
         <property name="seleniumVersion" value="3.141.59"/>
         <property name="proxyInformation" value="ProxyInformation { proxyOption=NO_PROXY, proxyServerType=HTTP, username=, password=********, proxyServerAddress=, proxyServerPort=0, executionList=&quot;&quot;, isApplyToDesiredCapabilities=true }"/>
         <property name="platform" value="Windows 10"/>
      </properties>
      <testcase name="Test Cases/1.1-Tareas Principales/1.1.1-Crear Nueva Hoja de Vida" time="39.542" classname="Test Cases/1.1-Tareas Principales/1.1.1-Crear Nueva Hoja de Vida" status="PASSED">
         <system-out><![CDATA[2021-12-01 11:45:21 - [TEST_CASE][PASSED] - Test Cases/1.1-Tareas Principales/1.1.1-Crear Nueva Hoja de Vida: Test Cases/1.1-Tareas Principales/1.1.1-Crear Nueva Hoja de Vida

2021-12-01 11:45:22 - [TEST_STEP][PASSED] - random_double = Math.random() * 9999 + 999: null

2021-12-01 11:45:22 - [TEST_STEP][PASSED] - random_double = Math.round(random_double * 1000): null

2021-12-01 11:45:22 - [TEST_STEP][PASSED] - identificacion = toString().replace(".0", ""): null

2021-12-01 11:45:22 - [TEST_STEP][PASSED] - callTestCase(findTestCase("0.1-Login"), [:], STOP_ON_FAILURE): Call Test Case 'Test Cases/0.1-Login' successfully

2021-12-01 11:45:22 - [TEST_CASE][PASSED] - Test Cases/0.1-Login: Test Cases/0.1-Login

2021-12-01 11:45:23 - [TEST_STEP][PASSED] - openBrowser(""): Browser is opened with url: ''

2021-12-01 11:45:23 - [MESSAGE][INFO] - Starting 'Chrome' driver

2021-12-01 11:45:23 - [MESSAGE][INFO] - Action delay is set to 0 milliseconds

2021-12-01 11:45:25 - [MESSAGE][PASSED] - Browser is opened with url: ''

2021-12-01 11:45:25 - [TEST_STEP][PASSED] - maximizeWindow(): Current window maximized

2021-12-01 11:45:26 - [MESSAGE][PASSED] - Current window maximized

2021-12-01 11:45:26 - [TEST_STEP][PASSED] - i = G_Login: null

2021-12-01 11:45:26 - [TEST_STEP][PASSED] - url = new java.net.URL(i): null

2021-12-01 11:45:26 - [TEST_STEP][PASSED] - println("URL: " + url.toString()): null

2021-12-01 11:45:26 - [TEST_STEP][PASSED] - connection = url.openConnection(): null

2021-12-01 11:45:26 - [TEST_STEP][PASSED] - connection.setRequestMethod("GET"): null

2021-12-01 11:45:26 - [TEST_STEP][PASSED] - connection.setReadTimeout(2 * 1000): null

2021-12-01 11:45:26 - [TEST_STEP][PASSED] - try: null

2021-12-01 11:45:26 - [TEST_STEP][PASSED] - connection.connect(): null

2021-12-01 11:45:26 - [TEST_STEP][PASSED] - flag = connected: null

2021-12-01 11:45:26 - [TEST_STEP][PASSED] - println("Valor_ori: " + flag): null

2021-12-01 11:45:26 - [TEST_STEP][PASSED] - if (flag): null

2021-12-01 11:45:26 - [TEST_STEP][PASSED] - navigateToUrl(i): Navigate to 'http://localhost:8380/saraweb/' successfully

2021-12-01 11:45:28 - [MESSAGE][PASSED] - Navigate to 'http://localhost:8380/saraweb/' successfully

2021-12-01 11:45:28 - [TEST_STEP][PASSED] - a(): null

2021-12-01 11:45:28 - [TEST_STEP][PASSED] - setText(findTestObject("Login/input_USUARIO_loginusuario"), G_Usuario): Text 'saraadmin' is set on object 'Object Repository/Login/input_USUARIO_loginusuario'

2021-12-01 11:45:29 - [MESSAGE][PASSED] - Text 'saraadmin' is set on object 'Object Repository/Login/input_USUARIO_loginusuario'

2021-12-01 11:45:29 - [TEST_STEP][PASSED] - setEncryptedText(findTestObject("Login/input_CLAVE_loginpassword"), "MkG4/TYiCFC3cb2driP7+Q=="): Text ****** has been set on object 'Object Repository/Login/input_CLAVE_loginpassword'

2021-12-01 11:45:30 - [MESSAGE][PASSED] - Text ****** has been set on object 'Object Repository/Login/input_CLAVE_loginpassword'

2021-12-01 11:45:30 - [TEST_STEP][PASSED] - waitForElementClickable(findTestObject("Login/a_Ingresar"), G_TimeOut): Object 'Object Repository/Login/a_Ingresar' is clickable

2021-12-01 11:45:30 - [MESSAGE][PASSED] - Object 'Object Repository/Login/a_Ingresar' is clickable

2021-12-01 11:45:30 - [TEST_STEP][PASSED] - click(findTestObject("Login/a_Ingresar")): Object: 'Object Repository/Login/a_Ingresar' is clicked on

2021-12-01 11:45:33 - [MESSAGE][PASSED] - Object: 'Object Repository/Login/a_Ingresar' is clicked on

2021-12-01 11:45:33 - [TEST_STEP][PASSED] - element = findWebElement(findTestObject("Login/a_Ir"), 30): null

2021-12-01 11:45:34 - [TEST_STEP][PASSED] - executeJavaScript("arguments[0].click()", Arrays.asList(element)): Execute JavaScript 'arguments[0].click()' successfully

2021-12-01 11:45:34 - [MESSAGE][PASSED] - Execute JavaScript 'arguments[0].click()' successfully

2021-12-01 11:45:34 - [MESSAGE][PASSED] - Call Test Case 'Test Cases/0.1-Login' successfully

2021-12-01 11:45:34 - [TEST_STEP][PASSED] - waitForElementClickable(findTestObject("Modulo Tarea Listado Hojas de Vida/Crear Nueva Hoja de Vida/input_Listado Hojas De Vida_form_templatej_idt24_input"), G_TimeOut): Object 'Object Repository/Modulo Tarea Listado Hojas de Vida/Crear Nueva Hoja de Vida/input_Listado Hojas De Vida_form_templatej_idt24_input' is clickable

2021-12-01 11:45:35 - [MESSAGE][PASSED] - Object 'Object Repository/Modulo Tarea Listado Hojas de Vida/Crear Nueva Hoja de Vida/input_Listado Hojas De Vida_form_templatej_idt24_input' is clickable

2021-12-01 11:45:35 - [TEST_STEP][PASSED] - setText(findTestObject("Modulo Tarea Listado Hojas de Vida/Crear Nueva Hoja de Vida/input_Listado Hojas De Vida_form_templatej_idt24_input"), "Listado Hojas de Vida"): Text 'Listado Hojas de Vida' is set on object 'Object Repository/Modulo Tarea Listado Hojas de Vida/Crear Nueva Hoja de Vida/input_Listado Hojas De Vida_form_templatej_idt24_input'

2021-12-01 11:45:36 - [MESSAGE][PASSED] - Text 'Listado Hojas de Vida' is set on object 'Object Repository/Modulo Tarea Listado Hojas de Vida/Crear Nueva Hoja de Vida/input_Listado Hojas De Vida_form_templatej_idt24_input'

2021-12-01 11:45:36 - [TEST_STEP][PASSED] - delay(1): Delayed 1 second(s)

2021-12-01 11:45:37 - [MESSAGE][PASSED] - Delayed 1 second(s)

2021-12-01 11:45:37 - [TEST_STEP][PASSED] - sendKeys(findTestObject("Modulo Tarea Listado Hojas de Vida/Crear Nueva Hoja de Vida/input_Listado Hojas De Vida_form_templatej_idt24_input"), Keys.chord(ENTER)): Keys 'ENTER + ' sent to object: 'Object Repository/Modulo Tarea Listado Hojas de Vida/Crear Nueva Hoja de Vida/input_Listado Hojas De Vida_form_templatej_idt24_input'

2021-12-01 11:45:37 - [MESSAGE][PASSED] - Keys 'ENTER + ' sent to object: 'Object Repository/Modulo Tarea Listado Hojas de Vida/Crear Nueva Hoja de Vida/input_Listado Hojas De Vida_form_templatej_idt24_input'

2021-12-01 11:45:37 - [TEST_STEP][PASSED] - waitForElementClickable(findTestObject("Modulo Tarea Listado Hojas de Vida/Crear Nueva Hoja de Vida/a_Nueva HojaVida"), G_TimeOut): Object 'Object Repository/Modulo Tarea Listado Hojas de Vida/Crear Nueva Hoja de Vida/a_Nueva HojaVida' is clickable

2021-12-01 11:45:39 - [MESSAGE][PASSED] - Object 'Object Repository/Modulo Tarea Listado Hojas de Vida/Crear Nueva Hoja de Vida/a_Nueva HojaVida' is clickable

2021-12-01 11:45:39 - [TEST_STEP][PASSED] - click(findTestObject("Modulo Tarea Listado Hojas de Vida/Crear Nueva Hoja de Vida/a_Nueva HojaVida")): Object: 'Object Repository/Modulo Tarea Listado Hojas de Vida/Crear Nueva Hoja de Vida/a_Nueva HojaVida' is clicked on

2021-12-01 11:45:40 - [MESSAGE][PASSED] - Object: 'Object Repository/Modulo Tarea Listado Hojas de Vida/Crear Nueva Hoja de Vida/a_Nueva HojaVida' is clicked on

2021-12-01 11:45:40 - [TEST_STEP][PASSED] - waitForElementClickable(findTestObject("Modulo Tarea Listado Hojas de Vida/Crear Nueva Hoja de Vida/input_Identificacin_nuevahoja_"), 0): Object 'Object Repository/Modulo Tarea Listado Hojas de Vida/Crear Nueva Hoja de Vida/input_Identificacin_nuevahoja_' is clickable

2021-12-01 11:45:40 - [MESSAGE][WARNING] - Timeout '0' is invalid. Using default page load timeout: '30'

2021-12-01 11:45:40 - [MESSAGE][PASSED] - Object 'Object Repository/Modulo Tarea Listado Hojas de Vida/Crear Nueva Hoja de Vida/input_Identificacin_nuevahoja_' is clickable

2021-12-01 11:45:40 - [TEST_STEP][PASSED] - setText(findTestObject("Modulo Tarea Listado Hojas de Vida/Crear Nueva Hoja de Vida/input_Identificacin_nuevahoja_"), identificacion): Text '2452031' is set on object 'Object Repository/Modulo Tarea Listado Hojas de Vida/Crear Nueva Hoja de Vida/input_Identificacin_nuevahoja_'

2021-12-01 11:45:41 - [MESSAGE][PASSED] - Text '2452031' is set on object 'Object Repository/Modulo Tarea Listado Hojas de Vida/Crear Nueva Hoja de Vida/input_Identificacin_nuevahoja_'

2021-12-01 11:45:41 - [TEST_STEP][PASSED] - selectOptionByIndex(findTestObject("Modulo Tarea Listado Hojas de Vida/Crear Nueva Hoja de Vida/select_-- Seleccione --.ASPIRA"), "4"): All options with index in [4] are selected on object 'Object Repository/Modulo Tarea Listado Hojas de Vida/Crear Nueva Hoja de Vida/select_-- Seleccione --.ASPIRA'

2021-12-01 11:45:42 - [MESSAGE][PASSED] - All options with index in [4] are selected on object 'Object Repository/Modulo Tarea Listado Hojas de Vida/Crear Nueva Hoja de Vida/select_-- Seleccione --.ASPIRA'

2021-12-01 11:45:42 - [TEST_STEP][PASSED] - click(findTestObject("Modulo Tarea Listado Hojas de Vida/Crear Nueva Hoja de Vida/a_Nueva Solicitud")): Object: 'Object Repository/Modulo Tarea Listado Hojas de Vida/Crear Nueva Hoja de Vida/a_Nueva Solicitud' is clicked on

2021-12-01 11:45:43 - [MESSAGE][PASSED] - Object: 'Object Repository/Modulo Tarea Listado Hojas de Vida/Crear Nueva Hoja de Vida/a_Nueva Solicitud' is clicked on

2021-12-01 11:45:43 - [TEST_STEP][PASSED] - waitForElementPresent(findTestObject("Modulo Tarea Listado Hojas de Vida/Crear Nueva Hoja de Vida/input__hojaVidaseccionj_idt8350j_idt845"), 0): Object 'Object Repository/Modulo Tarea Listado Hojas de Vida/Crear Nueva Hoja de Vida/input__hojaVidaseccionj_idt8350j_idt845' is present

2021-12-01 11:45:43 - [MESSAGE][WARNING] - Timeout '0' is invalid. Using default page load timeout: '30'

2021-12-01 11:45:43 - [MESSAGE][PASSED] - Object 'Object Repository/Modulo Tarea Listado Hojas de Vida/Crear Nueva Hoja de Vida/input__hojaVidaseccionj_idt8350j_idt845' is present

2021-12-01 11:45:43 - [TEST_STEP][PASSED] - setText(findTestObject("Modulo Tarea Listado Hojas de Vida/Crear Nueva Hoja de Vida/input__hojaVidaseccionj_idt8350j_idt845"), identificacion): Text '2452031' is set on object 'Object Repository/Modulo Tarea Listado Hojas de Vida/Crear Nueva Hoja de Vida/input__hojaVidaseccionj_idt8350j_idt845'

2021-12-01 11:45:44 - [MESSAGE][PASSED] - Text '2452031' is set on object 'Object Repository/Modulo Tarea Listado Hojas de Vida/Crear Nueva Hoja de Vida/input__hojaVidaseccionj_idt8350j_idt845'

2021-12-01 11:45:44 - [TEST_STEP][PASSED] - setText(findTestObject("Modulo Tarea Listado Hojas de Vida/Crear Nueva Hoja de Vida/input__hojaVidaseccionj_idt8351j_idt845"), "jhon" + identificacion): Text 'jhon2452031' is set on object 'Object Repository/Modulo Tarea Listado Hojas de Vida/Crear Nueva Hoja de Vida/input__hojaVidaseccionj_idt8351j_idt845'

2021-12-01 11:45:45 - [MESSAGE][PASSED] - Text 'jhon2452031' is set on object 'Object Repository/Modulo Tarea Listado Hojas de Vida/Crear Nueva Hoja de Vida/input__hojaVidaseccionj_idt8351j_idt845'

2021-12-01 11:45:45 - [TEST_STEP][PASSED] - setText(findTestObject("Modulo Tarea Listado Hojas de Vida/Crear Nueva Hoja de Vida/input__hojaVidaseccionj_idt8352j_idt845"), "consta belfegord"): Text 'consta belfegord' is set on object 'Object Repository/Modulo Tarea Listado Hojas de Vida/Crear Nueva Hoja de Vida/input__hojaVidaseccionj_idt8352j_idt845'

2021-12-01 11:45:46 - [MESSAGE][PASSED] - Text 'consta belfegord' is set on object 'Object Repository/Modulo Tarea Listado Hojas de Vida/Crear Nueva Hoja de Vida/input__hojaVidaseccionj_idt8352j_idt845'

2021-12-01 11:45:46 - [TEST_STEP][PASSED] - setText(findTestObject("Modulo Tarea Listado Hojas de Vida/Crear Nueva Hoja de Vida/input__hojaVidaseccionj_idt8353fecha_input"), "30/08/1995"): Text '30/08/1995' is set on object 'Object Repository/Modulo Tarea Listado Hojas de Vida/Crear Nueva Hoja de Vida/input__hojaVidaseccionj_idt8353fecha_input'

2021-12-01 11:45:47 - [MESSAGE][PASSED] - Text '30/08/1995' is set on object 'Object Repository/Modulo Tarea Listado Hojas de Vida/Crear Nueva Hoja de Vida/input__hojaVidaseccionj_idt8353fecha_input'

2021-12-01 11:45:47 - [TEST_STEP][PASSED] - sendKeys(findTestObject("Modulo Tarea Listado Hojas de Vida/Crear Nueva Hoja de Vida/input__hojaVidaseccionj_idt8353fecha_input"), Keys.chord(ENTER)): Keys 'ENTER + ' sent to object: 'Object Repository/Modulo Tarea Listado Hojas de Vida/Crear Nueva Hoja de Vida/input__hojaVidaseccionj_idt8353fecha_input'

2021-12-01 11:45:47 - [MESSAGE][PASSED] - Keys 'ENTER + ' sent to object: 'Object Repository/Modulo Tarea Listado Hojas de Vida/Crear Nueva Hoja de Vida/input__hojaVidaseccionj_idt8353fecha_input'

2021-12-01 11:45:47 - [TEST_STEP][PASSED] - waitForElementClickable(findTestObject("Modulo Tarea Listado Hojas de Vida/Crear Nueva Hoja de Vida/a__hojaVidaseccionj_idt8354j_idt865"), G_TimeOut): Object 'Object Repository/Modulo Tarea Listado Hojas de Vida/Crear Nueva Hoja de Vida/a__hojaVidaseccionj_idt8354j_idt865' is clickable

2021-12-01 11:45:47 - [MESSAGE][PASSED] - Object 'Object Repository/Modulo Tarea Listado Hojas de Vida/Crear Nueva Hoja de Vida/a__hojaVidaseccionj_idt8354j_idt865' is clickable

2021-12-01 11:45:47 - [TEST_STEP][PASSED] - click(findTestObject("Modulo Tarea Listado Hojas de Vida/Crear Nueva Hoja de Vida/a__hojaVidaseccionj_idt8354j_idt865")): Object: 'Object Repository/Modulo Tarea Listado Hojas de Vida/Crear Nueva Hoja de Vida/a__hojaVidaseccionj_idt8354j_idt865' is clicked on

2021-12-01 11:45:48 - [MESSAGE][PASSED] - Object: 'Object Repository/Modulo Tarea Listado Hojas de Vida/Crear Nueva Hoja de Vida/a__hojaVidaseccionj_idt8354j_idt865' is clicked on

2021-12-01 11:45:48 - [TEST_STEP][PASSED] - waitForElementClickable(findTestObject("Modulo Tarea Listado Hojas de Vida/Crear Nueva Hoja de Vida/span_CEDULA CIUDADANIA"), G_TimeOut): Object 'Object Repository/Modulo Tarea Listado Hojas de Vida/Crear Nueva Hoja de Vida/span_CEDULA CIUDADANIA' is clickable

2021-12-01 11:45:50 - [MESSAGE][PASSED] - Object 'Object Repository/Modulo Tarea Listado Hojas de Vida/Crear Nueva Hoja de Vida/span_CEDULA CIUDADANIA' is clickable

2021-12-01 11:45:50 - [TEST_STEP][PASSED] - click(findTestObject("Modulo Tarea Listado Hojas de Vida/Crear Nueva Hoja de Vida/span_CEDULA CIUDADANIA")): Object: 'Object Repository/Modulo Tarea Listado Hojas de Vida/Crear Nueva Hoja de Vida/span_CEDULA CIUDADANIA' is clicked on

2021-12-01 11:45:50 - [MESSAGE][PASSED] - Object: 'Object Repository/Modulo Tarea Listado Hojas de Vida/Crear Nueva Hoja de Vida/span_CEDULA CIUDADANIA' is clicked on

2021-12-01 11:45:50 - [TEST_STEP][PASSED] - waitForElementClickable(findTestObject("Modulo Tarea Listado Hojas de Vida/Crear Nueva Hoja de Vida/input_Fecha Expedicin_hojaVidas"), G_TimeOut): Object 'Object Repository/Modulo Tarea Listado Hojas de Vida/Crear Nueva Hoja de Vida/input_Fecha Expedicin_hojaVidas' is clickable

2021-12-01 11:45:51 - [MESSAGE][PASSED] - Object 'Object Repository/Modulo Tarea Listado Hojas de Vida/Crear Nueva Hoja de Vida/input_Fecha Expedicin_hojaVidas' is clickable

2021-12-01 11:45:51 - [TEST_STEP][PASSED] - setText(findTestObject("Modulo Tarea Listado Hojas de Vida/Crear Nueva Hoja de Vida/input_Fecha Expedicin_hojaVidas"), "13/09/2013"): Text '13/09/2013' is set on object 'Object Repository/Modulo Tarea Listado Hojas de Vida/Crear Nueva Hoja de Vida/input_Fecha Expedicin_hojaVidas'

2021-12-01 11:45:52 - [MESSAGE][PASSED] - Text '13/09/2013' is set on object 'Object Repository/Modulo Tarea Listado Hojas de Vida/Crear Nueva Hoja de Vida/input_Fecha Expedicin_hojaVidas'

2021-12-01 11:45:52 - [TEST_STEP][PASSED] - sendKeys(findTestObject("Modulo Tarea Listado Hojas de Vida/Crear Nueva Hoja de Vida/input_Fecha Expedicin_hojaVidas"), Keys.chord(ENTER)): Keys 'ENTER + ' sent to object: 'Object Repository/Modulo Tarea Listado Hojas de Vida/Crear Nueva Hoja de Vida/input_Fecha Expedicin_hojaVidas'

2021-12-01 11:45:52 - [MESSAGE][PASSED] - Keys 'ENTER + ' sent to object: 'Object Repository/Modulo Tarea Listado Hojas de Vida/Crear Nueva Hoja de Vida/input_Fecha Expedicin_hojaVidas'

2021-12-01 11:45:52 - [TEST_STEP][PASSED] - selectOptionByIndex(findTestObject("Modulo Tarea Listado Hojas de Vida/Crear Nueva Hoja de Vida/select_-- Seleccione--000000ABEJORRAL"), "113"): All options with index in [113] are selected on object 'Object Repository/Modulo Tarea Listado Hojas de Vida/Crear Nueva Hoja de Vida/select_-- Seleccione--000000ABEJORRAL'

2021-12-01 11:45:55 - [MESSAGE][PASSED] - All options with index in [113] are selected on object 'Object Repository/Modulo Tarea Listado Hojas de Vida/Crear Nueva Hoja de Vida/select_-- Seleccione--000000ABEJORRAL'

2021-12-01 11:45:55 - [TEST_STEP][PASSED] - setText(findTestObject("Modulo Tarea Listado Hojas de Vida/Crear Nueva Hoja de Vida/input__hojaVidaseccionj_idt8358j_idt845"), "634564654684"): Text '634564654684' is set on object 'Object Repository/Modulo Tarea Listado Hojas de Vida/Crear Nueva Hoja de Vida/input__hojaVidaseccionj_idt8358j_idt845'

2021-12-01 11:45:56 - [MESSAGE][PASSED] - Text '634564654684' is set on object 'Object Repository/Modulo Tarea Listado Hojas de Vida/Crear Nueva Hoja de Vida/input__hojaVidaseccionj_idt8358j_idt845'

2021-12-01 11:45:56 - [TEST_STEP][PASSED] - setText(findTestObject("Modulo Tarea Listado Hojas de Vida/Crear Nueva Hoja de Vida/input__hojaVidaseccionj_idt8359j_idt845"), "noodle@gmail.com"): Text 'noodle@gmail.com' is set on object 'Object Repository/Modulo Tarea Listado Hojas de Vida/Crear Nueva Hoja de Vida/input__hojaVidaseccionj_idt8359j_idt845'

2021-12-01 11:45:57 - [MESSAGE][PASSED] - Text 'noodle@gmail.com' is set on object 'Object Repository/Modulo Tarea Listado Hojas de Vida/Crear Nueva Hoja de Vida/input__hojaVidaseccionj_idt8359j_idt845'

2021-12-01 11:45:57 - [TEST_STEP][PASSED] - selectOptionByIndex(findTestObject("Modulo Tarea Listado Hojas de Vida/Crear Nueva Hoja de Vida/select_AA-ABAB-BB-OO-"), "7"): All options with index in [7] are selected on object 'Object Repository/Modulo Tarea Listado Hojas de Vida/Crear Nueva Hoja de Vida/select_AA-ABAB-BB-OO-'

2021-12-01 11:45:58 - [MESSAGE][PASSED] - All options with index in [7] are selected on object 'Object Repository/Modulo Tarea Listado Hojas de Vida/Crear Nueva Hoja de Vida/select_AA-ABAB-BB-OO-'

2021-12-01 11:45:58 - [TEST_STEP][PASSED] - waitForElementClickable(findTestObject("Modulo Tarea Listado Hojas de Vida/Crear Nueva Hoja de Vida/a_Continuar"), G_TimeOut): Object 'Object Repository/Modulo Tarea Listado Hojas de Vida/Crear Nueva Hoja de Vida/a_Continuar' is clickable

2021-12-01 11:45:58 - [MESSAGE][PASSED] - Object 'Object Repository/Modulo Tarea Listado Hojas de Vida/Crear Nueva Hoja de Vida/a_Continuar' is clickable

2021-12-01 11:45:58 - [TEST_STEP][PASSED] - click(findTestObject("Modulo Tarea Listado Hojas de Vida/Crear Nueva Hoja de Vida/a_Continuar")): Object: 'Object Repository/Modulo Tarea Listado Hojas de Vida/Crear Nueva Hoja de Vida/a_Continuar' is clicked on

2021-12-01 11:45:59 - [MESSAGE][PASSED] - Object: 'Object Repository/Modulo Tarea Listado Hojas de Vida/Crear Nueva Hoja de Vida/a_Continuar' is clicked on

2021-12-01 11:45:59 - [TEST_STEP][PASSED] - waitForElementClickable(findTestObject("Modulo Tarea Listado Hojas de Vida/Crear Nueva Hoja de Vida/a_Aceptar"), G_TimeOut): Object 'Object Repository/Modulo Tarea Listado Hojas de Vida/Crear Nueva Hoja de Vida/a_Aceptar' is clickable

2021-12-01 11:46:01 - [MESSAGE][PASSED] - Object 'Object Repository/Modulo Tarea Listado Hojas de Vida/Crear Nueva Hoja de Vida/a_Aceptar' is clickable

2021-12-01 11:46:01 - [TEST_STEP][PASSED] - click(findTestObject("Modulo Tarea Listado Hojas de Vida/Crear Nueva Hoja de Vida/a_Aceptar"), STOP_ON_FAILURE): Object: 'Object Repository/Modulo Tarea Listado Hojas de Vida/Crear Nueva Hoja de Vida/a_Aceptar' is clicked on

2021-12-01 11:46:01 - [MESSAGE][PASSED] - Object: 'Object Repository/Modulo Tarea Listado Hojas de Vida/Crear Nueva Hoja de Vida/a_Aceptar' is clicked on

2021-12-01 11:46:01 - [TEST_STEP][PASSED] - return identificacion: null]]></system-out>
         <system-err><![CDATA[]]></system-err>
      </testcase>
      <testcase name="Test Cases/1.1-Tareas Principales/1.1.2-Imprimir Hoja de Vida" time="44.147" classname="Test Cases/1.1-Tareas Principales/1.1.2-Imprimir Hoja de Vida" status="PASSED">
         <system-out><![CDATA[2021-12-01 11:46:01 - [TEST_CASE][PASSED] - Test Cases/1.1-Tareas Principales/1.1.2-Imprimir Hoja de Vida: Test Cases/1.1-Tareas Principales/1.1.2-Imprimir Hoja de Vida

2021-12-01 11:46:02 - [TEST_STEP][PASSED] - callTestCase(findTestCase("1.1-Tareas Principales/Listado hojas de Vida"), [:], STOP_ON_FAILURE): Call Test Case 'Test Cases/1.1-Tareas Principales/Listado hojas de Vida' successfully

2021-12-01 11:46:02 - [TEST_CASE][PASSED] - Test Cases/1.1-Tareas Principales/Listado hojas de Vida: Test Cases/1.1-Tareas Principales/Listado hojas de Vida

2021-12-01 11:46:02 - [TEST_STEP][PASSED] - callTestCase(findTestCase("0.1-Login"), [:], STOP_ON_FAILURE): Call Test Case 'Test Cases/0.1-Login' successfully

2021-12-01 11:46:02 - [TEST_CASE][PASSED] - Test Cases/0.1-Login: Test Cases/0.1-Login

2021-12-01 11:46:02 - [TEST_STEP][PASSED] - openBrowser(""): Browser is opened with url: ''

2021-12-01 11:46:02 - [MESSAGE][WARNING] - A browser is already opened. Closing browser and opening a new one

2021-12-01 11:46:03 - [MESSAGE][INFO] - Starting 'Chrome' driver

2021-12-01 11:46:03 - [MESSAGE][INFO] - Action delay is set to 0 milliseconds

2021-12-01 11:46:04 - [MESSAGE][PASSED] - Browser is opened with url: ''

2021-12-01 11:46:04 - [TEST_STEP][PASSED] - maximizeWindow(): Current window maximized

2021-12-01 11:46:04 - [MESSAGE][PASSED] - Current window maximized

2021-12-01 11:46:04 - [TEST_STEP][PASSED] - i = G_Login: null

2021-12-01 11:46:04 - [TEST_STEP][PASSED] - url = new java.net.URL(i): null

2021-12-01 11:46:04 - [TEST_STEP][PASSED] - println("URL: " + url.toString()): null

2021-12-01 11:46:04 - [TEST_STEP][PASSED] - connection = url.openConnection(): null

2021-12-01 11:46:04 - [TEST_STEP][PASSED] - connection.setRequestMethod("GET"): null

2021-12-01 11:46:04 - [TEST_STEP][PASSED] - connection.setReadTimeout(2 * 1000): null

2021-12-01 11:46:04 - [TEST_STEP][PASSED] - try: null

2021-12-01 11:46:04 - [TEST_STEP][PASSED] - connection.connect(): null

2021-12-01 11:46:04 - [TEST_STEP][PASSED] - flag = connected: null

2021-12-01 11:46:04 - [TEST_STEP][PASSED] - println("Valor_ori: " + flag): null

2021-12-01 11:46:04 - [TEST_STEP][PASSED] - if (flag): null

2021-12-01 11:46:04 - [TEST_STEP][PASSED] - navigateToUrl(i): Navigate to 'http://localhost:8380/saraweb/' successfully

2021-12-01 11:46:05 - [MESSAGE][PASSED] - Navigate to 'http://localhost:8380/saraweb/' successfully

2021-12-01 11:46:05 - [TEST_STEP][PASSED] - a(): null

2021-12-01 11:46:05 - [TEST_STEP][PASSED] - setText(findTestObject("Login/input_USUARIO_loginusuario"), G_Usuario): Text 'saraadmin' is set on object 'Object Repository/Login/input_USUARIO_loginusuario'

2021-12-01 11:46:06 - [MESSAGE][PASSED] - Text 'saraadmin' is set on object 'Object Repository/Login/input_USUARIO_loginusuario'

2021-12-01 11:46:06 - [TEST_STEP][PASSED] - setEncryptedText(findTestObject("Login/input_CLAVE_loginpassword"), "MkG4/TYiCFC3cb2driP7+Q=="): Text ****** has been set on object 'Object Repository/Login/input_CLAVE_loginpassword'

2021-12-01 11:46:07 - [MESSAGE][PASSED] - Text ****** has been set on object 'Object Repository/Login/input_CLAVE_loginpassword'

2021-12-01 11:46:07 - [TEST_STEP][PASSED] - waitForElementClickable(findTestObject("Login/a_Ingresar"), G_TimeOut): Object 'Object Repository/Login/a_Ingresar' is clickable

2021-12-01 11:46:07 - [MESSAGE][PASSED] - Object 'Object Repository/Login/a_Ingresar' is clickable

2021-12-01 11:46:07 - [TEST_STEP][PASSED] - click(findTestObject("Login/a_Ingresar")): Object: 'Object Repository/Login/a_Ingresar' is clicked on

2021-12-01 11:46:11 - [MESSAGE][PASSED] - Object: 'Object Repository/Login/a_Ingresar' is clicked on

2021-12-01 11:46:11 - [TEST_STEP][PASSED] - element = findWebElement(findTestObject("Login/a_Ir"), 30): null

2021-12-01 11:46:12 - [TEST_STEP][PASSED] - executeJavaScript("arguments[0].click()", Arrays.asList(element)): Execute JavaScript 'arguments[0].click()' successfully

2021-12-01 11:46:12 - [MESSAGE][PASSED] - Execute JavaScript 'arguments[0].click()' successfully

2021-12-01 11:46:12 - [MESSAGE][PASSED] - Call Test Case 'Test Cases/0.1-Login' successfully

2021-12-01 11:46:12 - [TEST_STEP][PASSED] - waitForElementClickable(findTestObject("Modulo Tarea Listado Hojas de Vida/Tareas Listado Hojas de Vida/input_Listado Hojas De Vida_form_templatej_idt24_input"), G_TimeOut): Object 'Object Repository/Modulo Tarea Listado Hojas de Vida/Tareas Listado Hojas de Vida/input_Listado Hojas De Vida_form_templatej_idt24_input' is clickable

2021-12-01 11:46:13 - [MESSAGE][PASSED] - Object 'Object Repository/Modulo Tarea Listado Hojas de Vida/Tareas Listado Hojas de Vida/input_Listado Hojas De Vida_form_templatej_idt24_input' is clickable

2021-12-01 11:46:13 - [TEST_STEP][PASSED] - setText(findTestObject("Modulo Tarea Listado Hojas de Vida/Tareas Listado Hojas de Vida/input_Listado Hojas De Vida_form_templatej_idt24_input"), "Listado Hojas de Vida"): Text 'Listado Hojas de Vida' is set on object 'Object Repository/Modulo Tarea Listado Hojas de Vida/Tareas Listado Hojas de Vida/input_Listado Hojas De Vida_form_templatej_idt24_input'

2021-12-01 11:46:13 - [MESSAGE][PASSED] - Text 'Listado Hojas de Vida' is set on object 'Object Repository/Modulo Tarea Listado Hojas de Vida/Tareas Listado Hojas de Vida/input_Listado Hojas De Vida_form_templatej_idt24_input'

2021-12-01 11:46:13 - [TEST_STEP][PASSED] - delay(3): Delayed 3 second(s)

2021-12-01 11:46:16 - [MESSAGE][PASSED] - Delayed 3 second(s)

2021-12-01 11:46:16 - [TEST_STEP][PASSED] - sendKeys(findTestObject("Modulo Tarea Listado Hojas de Vida/Tareas Listado Hojas de Vida/input_Listado Hojas De Vida_form_templatej_idt24_input"), Keys.chord(ENTER)): Keys 'ENTER + ' sent to object: 'Object Repository/Modulo Tarea Listado Hojas de Vida/Tareas Listado Hojas de Vida/input_Listado Hojas De Vida_form_templatej_idt24_input'

2021-12-01 11:46:17 - [MESSAGE][PASSED] - Keys 'ENTER + ' sent to object: 'Object Repository/Modulo Tarea Listado Hojas de Vida/Tareas Listado Hojas de Vida/input_Listado Hojas De Vida_form_templatej_idt24_input'

2021-12-01 11:46:17 - [MESSAGE][PASSED] - Call Test Case 'Test Cases/1.1-Tareas Principales/Listado hojas de Vida' successfully

2021-12-01 11:46:17 - [TEST_STEP][PASSED] - waitForElementClickable(findTestObject("Modulo Tarea Listado Hojas de Vida/Imprimir Hoja de Vida/input_Identificacin_listado_hojaVidaj_idt62"), G_TimeOut): Object 'Object Repository/Modulo Tarea Listado Hojas de Vida/Imprimir Hoja de Vida/input_Identificacin_listado_hojaVidaj_idt62' is clickable

2021-12-01 11:46:19 - [MESSAGE][PASSED] - Object 'Object Repository/Modulo Tarea Listado Hojas de Vida/Imprimir Hoja de Vida/input_Identificacin_listado_hojaVidaj_idt62' is clickable

2021-12-01 11:46:19 - [TEST_STEP][PASSED] - setText(findTestObject("Modulo Tarea Listado Hojas de Vida/Imprimir Hoja de Vida/input_Identificacin_listado_hojaVidaj_idt62"), "355682169"): Text '355682169' is set on object 'Object Repository/Modulo Tarea Listado Hojas de Vida/Imprimir Hoja de Vida/input_Identificacin_listado_hojaVidaj_idt62'

2021-12-01 11:46:20 - [MESSAGE][PASSED] - Text '355682169' is set on object 'Object Repository/Modulo Tarea Listado Hojas de Vida/Imprimir Hoja de Vida/input_Identificacin_listado_hojaVidaj_idt62'

2021-12-01 11:46:20 - [TEST_STEP][PASSED] - sendKeys(findTestObject("Modulo Tarea Listado Hojas de Vida/Imprimir Hoja de Vida/input_Identificacin_listado_hojaVidaj_idt62"), Keys.chord(ENTER)): Keys 'ENTER + ' sent to object: 'Object Repository/Modulo Tarea Listado Hojas de Vida/Imprimir Hoja de Vida/input_Identificacin_listado_hojaVidaj_idt62'

2021-12-01 11:46:20 - [MESSAGE][PASSED] - Keys 'ENTER + ' sent to object: 'Object Repository/Modulo Tarea Listado Hojas de Vida/Imprimir Hoja de Vida/input_Identificacin_listado_hojaVidaj_idt62'

2021-12-01 11:46:20 - [TEST_STEP][PASSED] - waitForElementClickable(findTestObject("Modulo Tarea Listado Hojas de Vida/Imprimir Hoja de Vida/td_355682169"), G_TimeOut): Object 'Object Repository/Modulo Tarea Listado Hojas de Vida/Imprimir Hoja de Vida/td_355682169' is clickable

2021-12-01 11:46:21 - [MESSAGE][PASSED] - Object 'Object Repository/Modulo Tarea Listado Hojas de Vida/Imprimir Hoja de Vida/td_355682169' is clickable

2021-12-01 11:46:21 - [TEST_STEP][PASSED] - click(findTestObject("Modulo Tarea Listado Hojas de Vida/Imprimir Hoja de Vida/td_355682169")): Object: 'Object Repository/Modulo Tarea Listado Hojas de Vida/Imprimir Hoja de Vida/td_355682169' is clicked on

2021-12-01 11:46:21 - [MESSAGE][PASSED] - Object: 'Object Repository/Modulo Tarea Listado Hojas de Vida/Imprimir Hoja de Vida/td_355682169' is clicked on

2021-12-01 11:46:21 - [TEST_STEP][PASSED] - waitForElementClickable(findTestObject("Modulo Tarea Listado Hojas de Vida/Imprimir Hoja de Vida/a_Imprimir"), G_TimeOut): Object 'Object Repository/Modulo Tarea Listado Hojas de Vida/Imprimir Hoja de Vida/a_Imprimir' is clickable

2021-12-01 11:46:22 - [MESSAGE][PASSED] - Object 'Object Repository/Modulo Tarea Listado Hojas de Vida/Imprimir Hoja de Vida/a_Imprimir' is clickable

2021-12-01 11:46:22 - [TEST_STEP][PASSED] - click(findTestObject("Modulo Tarea Listado Hojas de Vida/Imprimir Hoja de Vida/a_Imprimir")): Object: 'Object Repository/Modulo Tarea Listado Hojas de Vida/Imprimir Hoja de Vida/a_Imprimir' is clicked on

2021-12-01 11:46:22 - [MESSAGE][PASSED] - Object: 'Object Repository/Modulo Tarea Listado Hojas de Vida/Imprimir Hoja de Vida/a_Imprimir' is clicked on

2021-12-01 11:46:22 - [TEST_STEP][PASSED] - waitForElementClickable(findTestObject("Modulo Tarea Listado Hojas de Vida/Imprimir Hoja de Vida/a_Si"), G_TimeOut): Object 'Object Repository/Modulo Tarea Listado Hojas de Vida/Imprimir Hoja de Vida/a_Si' is clickable

2021-12-01 11:46:23 - [MESSAGE][PASSED] - Object 'Object Repository/Modulo Tarea Listado Hojas de Vida/Imprimir Hoja de Vida/a_Si' is clickable

2021-12-01 11:46:23 - [TEST_STEP][PASSED] - click(findTestObject("Modulo Tarea Listado Hojas de Vida/Imprimir Hoja de Vida/a_Si")): Object: 'Object Repository/Modulo Tarea Listado Hojas de Vida/Imprimir Hoja de Vida/a_Si' is clicked on

2021-12-01 11:46:24 - [MESSAGE][PASSED] - Object: 'Object Repository/Modulo Tarea Listado Hojas de Vida/Imprimir Hoja de Vida/a_Si' is clicked on

2021-12-01 11:46:24 - [TEST_STEP][PASSED] - waitForElementClickable(findTestObject("Modulo Tarea Listado Hojas de Vida/Imprimir Hoja de Vida/span_Grupo Sanguneo-closethick"), G_TimeOut): Object 'Object Repository/Modulo Tarea Listado Hojas de Vida/Imprimir Hoja de Vida/span_Grupo Sanguneo-closethick' is clickable

2021-12-01 11:46:25 - [MESSAGE][PASSED] - Object 'Object Repository/Modulo Tarea Listado Hojas de Vida/Imprimir Hoja de Vida/span_Grupo Sanguneo-closethick' is clickable

2021-12-01 11:46:25 - [TEST_STEP][PASSED] - click(findTestObject("Modulo Tarea Listado Hojas de Vida/Imprimir Hoja de Vida/span_Grupo Sanguneo-closethick")): Object: 'Object Repository/Modulo Tarea Listado Hojas de Vida/Imprimir Hoja de Vida/span_Grupo Sanguneo-closethick' is clicked on

2021-12-01 11:46:27 - [MESSAGE][PASSED] - Object: 'Object Repository/Modulo Tarea Listado Hojas de Vida/Imprimir Hoja de Vida/span_Grupo Sanguneo-closethick' is clicked on

2021-12-01 11:46:27 - [TEST_STEP][PASSED] - waitForElementClickable(findTestObject("Modulo Tarea Listado Hojas de Vida/Imprimir Hoja de Vida/a_Generar"), G_TimeOut): Object 'Object Repository/Modulo Tarea Listado Hojas de Vida/Imprimir Hoja de Vida/a_Generar' is clickable

2021-12-01 11:46:29 - [MESSAGE][PASSED] - Object 'Object Repository/Modulo Tarea Listado Hojas de Vida/Imprimir Hoja de Vida/a_Generar' is clickable

2021-12-01 11:46:29 - [TEST_STEP][PASSED] - click(findTestObject("Modulo Tarea Listado Hojas de Vida/Imprimir Hoja de Vida/a_Generar")): Object: 'Object Repository/Modulo Tarea Listado Hojas de Vida/Imprimir Hoja de Vida/a_Generar' is clicked on

2021-12-01 11:46:31 - [MESSAGE][PASSED] - Object: 'Object Repository/Modulo Tarea Listado Hojas de Vida/Imprimir Hoja de Vida/a_Generar' is clicked on

2021-12-01 11:46:31 - [TEST_STEP][PASSED] - waitForElementClickable(findTestObject("Modulo Tarea Listado Hojas de Vida/Imprimir Hoja de Vida/td_espaol impresion empleado"), G_TimeOut): Object 'Object Repository/Modulo Tarea Listado Hojas de Vida/Imprimir Hoja de Vida/td_espaol impresion empleado' is clickable

2021-12-01 11:46:34 - [MESSAGE][PASSED] - Object 'Object Repository/Modulo Tarea Listado Hojas de Vida/Imprimir Hoja de Vida/td_espaol impresion empleado' is clickable

2021-12-01 11:46:34 - [TEST_STEP][PASSED] - click(findTestObject("Modulo Tarea Listado Hojas de Vida/Imprimir Hoja de Vida/td_espaol impresion empleado")): Object: 'Object Repository/Modulo Tarea Listado Hojas de Vida/Imprimir Hoja de Vida/td_espaol impresion empleado' is clicked on

2021-12-01 11:46:36 - [MESSAGE][PASSED] - Object: 'Object Repository/Modulo Tarea Listado Hojas de Vida/Imprimir Hoja de Vida/td_espaol impresion empleado' is clicked on

2021-12-01 11:46:36 - [TEST_STEP][PASSED] - waitForElementClickable(findTestObject("Modulo Tarea Listado Hojas de Vida/Imprimir Hoja de Vida/a_Descargar"), G_TimeOut): Object 'Object Repository/Modulo Tarea Listado Hojas de Vida/Imprimir Hoja de Vida/a_Descargar' is clickable

2021-12-01 11:46:38 - [MESSAGE][PASSED] - Object 'Object Repository/Modulo Tarea Listado Hojas de Vida/Imprimir Hoja de Vida/a_Descargar' is clickable

2021-12-01 11:46:38 - [TEST_STEP][PASSED] - click(findTestObject("Modulo Tarea Listado Hojas de Vida/Imprimir Hoja de Vida/a_Descargar")): Object: 'Object Repository/Modulo Tarea Listado Hojas de Vida/Imprimir Hoja de Vida/a_Descargar' is clicked on

2021-12-01 11:46:40 - [MESSAGE][PASSED] - Object: 'Object Repository/Modulo Tarea Listado Hojas de Vida/Imprimir Hoja de Vida/a_Descargar' is clicked on

2021-12-01 11:46:40 - [TEST_STEP][PASSED] - waitForElementClickable(findTestObject("Modulo Tarea Listado Hojas de Vida/Imprimir Hoja de Vida/span_Grupo Sanguneo-closethick_1"), G_TimeOut): Object 'Object Repository/Modulo Tarea Listado Hojas de Vida/Imprimir Hoja de Vida/span_Grupo Sanguneo-closethick_1' is clickable

2021-12-01 11:46:42 - [MESSAGE][PASSED] - Object 'Object Repository/Modulo Tarea Listado Hojas de Vida/Imprimir Hoja de Vida/span_Grupo Sanguneo-closethick_1' is clickable

2021-12-01 11:46:42 - [TEST_STEP][PASSED] - click(findTestObject("Modulo Tarea Listado Hojas de Vida/Imprimir Hoja de Vida/span_Grupo Sanguneo-closethick_1")): Object: 'Object Repository/Modulo Tarea Listado Hojas de Vida/Imprimir Hoja de Vida/span_Grupo Sanguneo-closethick_1' is clicked on

2021-12-01 11:46:44 - [MESSAGE][PASSED] - Object: 'Object Repository/Modulo Tarea Listado Hojas de Vida/Imprimir Hoja de Vida/span_Grupo Sanguneo-closethick_1' is clicked on

2021-12-01 11:46:44 - [TEST_STEP][PASSED] - closeBrowser(): Browser is closed

2021-12-01 11:46:45 - [MESSAGE][PASSED] - Browser is closed]]></system-out>
         <system-err><![CDATA[]]></system-err>
      </testcase>
      <testcase name="Test Cases/1.1-Tareas Principales/1.1.3-Elaboracion Acto Cambio del Empleado" time="126.223" classname="Test Cases/1.1-Tareas Principales/1.1.3-Elaboracion Acto Cambio del Empleado" status="PASSED">
         <system-out><![CDATA[2021-12-01 11:46:45 - [TEST_CASE][PASSED] - Test Cases/1.1-Tareas Principales/1.1.3-Elaboracion Acto Cambio del Empleado: Test Cases/1.1-Tareas Principales/1.1.3-Elaboracion Acto Cambio del Empleado

2021-12-01 11:46:46 - [TEST_STEP][PASSED] - callTestCase(findTestCase("Hutilidades/Tareas Actos Administrativos/Acto Cambio del Empleado"), [:], STOP_ON_FAILURE): Call Test Case 'Test Cases/Hutilidades/Tareas Actos Administrativos/Acto Cambio del Empleado' successfully

2021-12-01 11:46:46 - [TEST_CASE][PASSED] - Test Cases/Hutilidades/Tareas Actos Administrativos/Acto Cambio del Empleado: Test Cases/Hutilidades/Tareas Actos Administrativos/Acto Cambio del Empleado

2021-12-01 11:46:46 - [TEST_STEP][PASSED] - identificacion = callTestCase(findTestCase("1.1-Tareas Principales/1.1.1-Crear Nueva Hoja de Vida"), [:], STOP_ON_FAILURE): Call Test Case 'Test Cases/1.1-Tareas Principales/1.1.1-Crear Nueva Hoja de Vida' successfully

2021-12-01 11:46:46 - [TEST_CASE][PASSED] - Test Cases/1.1-Tareas Principales/1.1.1-Crear Nueva Hoja de Vida: Test Cases/1.1-Tareas Principales/1.1.1-Crear Nueva Hoja de Vida

2021-12-01 11:46:46 - [TEST_STEP][PASSED] - random_double = Math.random() * 9999 + 999: null

2021-12-01 11:46:46 - [TEST_STEP][PASSED] - random_double = Math.round(random_double * 1000): null

2021-12-01 11:46:46 - [TEST_STEP][PASSED] - identificacion = toString().replace(".0", ""): null

2021-12-01 11:46:46 - [TEST_STEP][PASSED] - callTestCase(findTestCase("0.1-Login"), [:], STOP_ON_FAILURE): Call Test Case 'Test Cases/0.1-Login' successfully

2021-12-01 11:46:46 - [TEST_CASE][PASSED] - Test Cases/0.1-Login: Test Cases/0.1-Login

2021-12-01 11:46:46 - [TEST_STEP][PASSED] - openBrowser(""): Browser is opened with url: ''

2021-12-01 11:46:46 - [MESSAGE][INFO] - Starting 'Chrome' driver

2021-12-01 11:46:46 - [MESSAGE][INFO] - Action delay is set to 0 milliseconds

2021-12-01 11:46:48 - [MESSAGE][PASSED] - Browser is opened with url: ''

2021-12-01 11:46:48 - [TEST_STEP][PASSED] - maximizeWindow(): Current window maximized

2021-12-01 11:46:48 - [MESSAGE][PASSED] - Current window maximized

2021-12-01 11:46:48 - [TEST_STEP][PASSED] - i = G_Login: null

2021-12-01 11:46:48 - [TEST_STEP][PASSED] - url = new java.net.URL(i): null

2021-12-01 11:46:48 - [TEST_STEP][PASSED] - println("URL: " + url.toString()): null

2021-12-01 11:46:48 - [TEST_STEP][PASSED] - connection = url.openConnection(): null

2021-12-01 11:46:48 - [TEST_STEP][PASSED] - connection.setRequestMethod("GET"): null

2021-12-01 11:46:48 - [TEST_STEP][PASSED] - connection.setReadTimeout(2 * 1000): null

2021-12-01 11:46:48 - [TEST_STEP][PASSED] - try: null

2021-12-01 11:46:48 - [TEST_STEP][PASSED] - connection.connect(): null

2021-12-01 11:46:48 - [TEST_STEP][PASSED] - flag = connected: null

2021-12-01 11:46:48 - [TEST_STEP][PASSED] - println("Valor_ori: " + flag): null

2021-12-01 11:46:48 - [TEST_STEP][PASSED] - if (flag): null

2021-12-01 11:46:48 - [TEST_STEP][PASSED] - navigateToUrl(i): Navigate to 'http://localhost:8380/saraweb/' successfully

2021-12-01 11:46:49 - [MESSAGE][PASSED] - Navigate to 'http://localhost:8380/saraweb/' successfully

2021-12-01 11:46:49 - [TEST_STEP][PASSED] - a(): null

2021-12-01 11:46:49 - [TEST_STEP][PASSED] - setText(findTestObject("Login/input_USUARIO_loginusuario"), G_Usuario): Text 'saraadmin' is set on object 'Object Repository/Login/input_USUARIO_loginusuario'

2021-12-01 11:46:50 - [MESSAGE][PASSED] - Text 'saraadmin' is set on object 'Object Repository/Login/input_USUARIO_loginusuario'

2021-12-01 11:46:50 - [TEST_STEP][PASSED] - setEncryptedText(findTestObject("Login/input_CLAVE_loginpassword"), "MkG4/TYiCFC3cb2driP7+Q=="): Text ****** has been set on object 'Object Repository/Login/input_CLAVE_loginpassword'

2021-12-01 11:46:51 - [MESSAGE][PASSED] - Text ****** has been set on object 'Object Repository/Login/input_CLAVE_loginpassword'

2021-12-01 11:46:51 - [TEST_STEP][PASSED] - waitForElementClickable(findTestObject("Login/a_Ingresar"), G_TimeOut): Object 'Object Repository/Login/a_Ingresar' is clickable

2021-12-01 11:46:51 - [MESSAGE][PASSED] - Object 'Object Repository/Login/a_Ingresar' is clickable

2021-12-01 11:46:51 - [TEST_STEP][PASSED] - click(findTestObject("Login/a_Ingresar")): Object: 'Object Repository/Login/a_Ingresar' is clicked on

2021-12-01 11:46:54 - [MESSAGE][PASSED] - Object: 'Object Repository/Login/a_Ingresar' is clicked on

2021-12-01 11:46:54 - [TEST_STEP][PASSED] - element = findWebElement(findTestObject("Login/a_Ir"), 30): null

2021-12-01 11:46:55 - [TEST_STEP][PASSED] - executeJavaScript("arguments[0].click()", Arrays.asList(element)): Execute JavaScript 'arguments[0].click()' successfully

2021-12-01 11:46:55 - [MESSAGE][PASSED] - Execute JavaScript 'arguments[0].click()' successfully

2021-12-01 11:46:55 - [MESSAGE][PASSED] - Call Test Case 'Test Cases/0.1-Login' successfully

2021-12-01 11:46:55 - [TEST_STEP][PASSED] - waitForElementClickable(findTestObject("Modulo Tarea Listado Hojas de Vida/Crear Nueva Hoja de Vida/input_Listado Hojas De Vida_form_templatej_idt24_input"), G_TimeOut): Object 'Object Repository/Modulo Tarea Listado Hojas de Vida/Crear Nueva Hoja de Vida/input_Listado Hojas De Vida_form_templatej_idt24_input' is clickable

2021-12-01 11:46:56 - [MESSAGE][PASSED] - Object 'Object Repository/Modulo Tarea Listado Hojas de Vida/Crear Nueva Hoja de Vida/input_Listado Hojas De Vida_form_templatej_idt24_input' is clickable

2021-12-01 11:46:56 - [TEST_STEP][PASSED] - setText(findTestObject("Modulo Tarea Listado Hojas de Vida/Crear Nueva Hoja de Vida/input_Listado Hojas De Vida_form_templatej_idt24_input"), "Listado Hojas de Vida"): Text 'Listado Hojas de Vida' is set on object 'Object Repository/Modulo Tarea Listado Hojas de Vida/Crear Nueva Hoja de Vida/input_Listado Hojas De Vida_form_templatej_idt24_input'

2021-12-01 11:46:57 - [MESSAGE][PASSED] - Text 'Listado Hojas de Vida' is set on object 'Object Repository/Modulo Tarea Listado Hojas de Vida/Crear Nueva Hoja de Vida/input_Listado Hojas De Vida_form_templatej_idt24_input'

2021-12-01 11:46:57 - [TEST_STEP][PASSED] - delay(1): Delayed 1 second(s)

2021-12-01 11:46:58 - [MESSAGE][PASSED] - Delayed 1 second(s)

2021-12-01 11:46:58 - [TEST_STEP][PASSED] - sendKeys(findTestObject("Modulo Tarea Listado Hojas de Vida/Crear Nueva Hoja de Vida/input_Listado Hojas De Vida_form_templatej_idt24_input"), Keys.chord(ENTER)): Keys 'ENTER + ' sent to object: 'Object Repository/Modulo Tarea Listado Hojas de Vida/Crear Nueva Hoja de Vida/input_Listado Hojas De Vida_form_templatej_idt24_input'

2021-12-01 11:46:58 - [MESSAGE][PASSED] - Keys 'ENTER + ' sent to object: 'Object Repository/Modulo Tarea Listado Hojas de Vida/Crear Nueva Hoja de Vida/input_Listado Hojas De Vida_form_templatej_idt24_input'

2021-12-01 11:46:58 - [TEST_STEP][PASSED] - waitForElementClickable(findTestObject("Modulo Tarea Listado Hojas de Vida/Crear Nueva Hoja de Vida/a_Nueva HojaVida"), G_TimeOut): Object 'Object Repository/Modulo Tarea Listado Hojas de Vida/Crear Nueva Hoja de Vida/a_Nueva HojaVida' is clickable

2021-12-01 11:47:00 - [MESSAGE][PASSED] - Object 'Object Repository/Modulo Tarea Listado Hojas de Vida/Crear Nueva Hoja de Vida/a_Nueva HojaVida' is clickable

2021-12-01 11:47:00 - [TEST_STEP][PASSED] - click(findTestObject("Modulo Tarea Listado Hojas de Vida/Crear Nueva Hoja de Vida/a_Nueva HojaVida")): Object: 'Object Repository/Modulo Tarea Listado Hojas de Vida/Crear Nueva Hoja de Vida/a_Nueva HojaVida' is clicked on

2021-12-01 11:47:00 - [MESSAGE][PASSED] - Object: 'Object Repository/Modulo Tarea Listado Hojas de Vida/Crear Nueva Hoja de Vida/a_Nueva HojaVida' is clicked on

2021-12-01 11:47:00 - [TEST_STEP][PASSED] - waitForElementClickable(findTestObject("Modulo Tarea Listado Hojas de Vida/Crear Nueva Hoja de Vida/input_Identificacin_nuevahoja_"), 0): Object 'Object Repository/Modulo Tarea Listado Hojas de Vida/Crear Nueva Hoja de Vida/input_Identificacin_nuevahoja_' is clickable

2021-12-01 11:47:01 - [MESSAGE][WARNING] - Timeout '0' is invalid. Using default page load timeout: '30'

2021-12-01 11:47:01 - [MESSAGE][PASSED] - Object 'Object Repository/Modulo Tarea Listado Hojas de Vida/Crear Nueva Hoja de Vida/input_Identificacin_nuevahoja_' is clickable

2021-12-01 11:47:01 - [TEST_STEP][PASSED] - setText(findTestObject("Modulo Tarea Listado Hojas de Vida/Crear Nueva Hoja de Vida/input_Identificacin_nuevahoja_"), identificacion): Text '8365924' is set on object 'Object Repository/Modulo Tarea Listado Hojas de Vida/Crear Nueva Hoja de Vida/input_Identificacin_nuevahoja_'

2021-12-01 11:47:02 - [MESSAGE][PASSED] - Text '8365924' is set on object 'Object Repository/Modulo Tarea Listado Hojas de Vida/Crear Nueva Hoja de Vida/input_Identificacin_nuevahoja_'

2021-12-01 11:47:02 - [TEST_STEP][PASSED] - selectOptionByIndex(findTestObject("Modulo Tarea Listado Hojas de Vida/Crear Nueva Hoja de Vida/select_-- Seleccione --.ASPIRA"), "4"): All options with index in [4] are selected on object 'Object Repository/Modulo Tarea Listado Hojas de Vida/Crear Nueva Hoja de Vida/select_-- Seleccione --.ASPIRA'

2021-12-01 11:47:03 - [MESSAGE][PASSED] - All options with index in [4] are selected on object 'Object Repository/Modulo Tarea Listado Hojas de Vida/Crear Nueva Hoja de Vida/select_-- Seleccione --.ASPIRA'

2021-12-01 11:47:03 - [TEST_STEP][PASSED] - click(findTestObject("Modulo Tarea Listado Hojas de Vida/Crear Nueva Hoja de Vida/a_Nueva Solicitud")): Object: 'Object Repository/Modulo Tarea Listado Hojas de Vida/Crear Nueva Hoja de Vida/a_Nueva Solicitud' is clicked on

2021-12-01 11:47:03 - [MESSAGE][PASSED] - Object: 'Object Repository/Modulo Tarea Listado Hojas de Vida/Crear Nueva Hoja de Vida/a_Nueva Solicitud' is clicked on

2021-12-01 11:47:03 - [TEST_STEP][PASSED] - waitForElementPresent(findTestObject("Modulo Tarea Listado Hojas de Vida/Crear Nueva Hoja de Vida/input__hojaVidaseccionj_idt8350j_idt845"), 0): Object 'Object Repository/Modulo Tarea Listado Hojas de Vida/Crear Nueva Hoja de Vida/input__hojaVidaseccionj_idt8350j_idt845' is present

2021-12-01 11:47:03 - [MESSAGE][WARNING] - Timeout '0' is invalid. Using default page load timeout: '30'

2021-12-01 11:47:04 - [MESSAGE][PASSED] - Object 'Object Repository/Modulo Tarea Listado Hojas de Vida/Crear Nueva Hoja de Vida/input__hojaVidaseccionj_idt8350j_idt845' is present

2021-12-01 11:47:04 - [TEST_STEP][PASSED] - setText(findTestObject("Modulo Tarea Listado Hojas de Vida/Crear Nueva Hoja de Vida/input__hojaVidaseccionj_idt8350j_idt845"), identificacion): Text '8365924' is set on object 'Object Repository/Modulo Tarea Listado Hojas de Vida/Crear Nueva Hoja de Vida/input__hojaVidaseccionj_idt8350j_idt845'

2021-12-01 11:47:05 - [MESSAGE][PASSED] - Text '8365924' is set on object 'Object Repository/Modulo Tarea Listado Hojas de Vida/Crear Nueva Hoja de Vida/input__hojaVidaseccionj_idt8350j_idt845'

2021-12-01 11:47:05 - [TEST_STEP][PASSED] - setText(findTestObject("Modulo Tarea Listado Hojas de Vida/Crear Nueva Hoja de Vida/input__hojaVidaseccionj_idt8351j_idt845"), "jhon" + identificacion): Text 'jhon8365924' is set on object 'Object Repository/Modulo Tarea Listado Hojas de Vida/Crear Nueva Hoja de Vida/input__hojaVidaseccionj_idt8351j_idt845'

2021-12-01 11:47:06 - [MESSAGE][PASSED] - Text 'jhon8365924' is set on object 'Object Repository/Modulo Tarea Listado Hojas de Vida/Crear Nueva Hoja de Vida/input__hojaVidaseccionj_idt8351j_idt845'

2021-12-01 11:47:06 - [TEST_STEP][PASSED] - setText(findTestObject("Modulo Tarea Listado Hojas de Vida/Crear Nueva Hoja de Vida/input__hojaVidaseccionj_idt8352j_idt845"), "consta belfegord"): Text 'consta belfegord' is set on object 'Object Repository/Modulo Tarea Listado Hojas de Vida/Crear Nueva Hoja de Vida/input__hojaVidaseccionj_idt8352j_idt845'

2021-12-01 11:47:07 - [MESSAGE][PASSED] - Text 'consta belfegord' is set on object 'Object Repository/Modulo Tarea Listado Hojas de Vida/Crear Nueva Hoja de Vida/input__hojaVidaseccionj_idt8352j_idt845'

2021-12-01 11:47:07 - [TEST_STEP][PASSED] - setText(findTestObject("Modulo Tarea Listado Hojas de Vida/Crear Nueva Hoja de Vida/input__hojaVidaseccionj_idt8353fecha_input"), "30/08/1995"): Text '30/08/1995' is set on object 'Object Repository/Modulo Tarea Listado Hojas de Vida/Crear Nueva Hoja de Vida/input__hojaVidaseccionj_idt8353fecha_input'

2021-12-01 11:47:07 - [MESSAGE][PASSED] - Text '30/08/1995' is set on object 'Object Repository/Modulo Tarea Listado Hojas de Vida/Crear Nueva Hoja de Vida/input__hojaVidaseccionj_idt8353fecha_input'

2021-12-01 11:47:07 - [TEST_STEP][PASSED] - sendKeys(findTestObject("Modulo Tarea Listado Hojas de Vida/Crear Nueva Hoja de Vida/input__hojaVidaseccionj_idt8353fecha_input"), Keys.chord(ENTER)): Keys 'ENTER + ' sent to object: 'Object Repository/Modulo Tarea Listado Hojas de Vida/Crear Nueva Hoja de Vida/input__hojaVidaseccionj_idt8353fecha_input'

2021-12-01 11:47:08 - [MESSAGE][PASSED] - Keys 'ENTER + ' sent to object: 'Object Repository/Modulo Tarea Listado Hojas de Vida/Crear Nueva Hoja de Vida/input__hojaVidaseccionj_idt8353fecha_input'

2021-12-01 11:47:08 - [TEST_STEP][PASSED] - waitForElementClickable(findTestObject("Modulo Tarea Listado Hojas de Vida/Crear Nueva Hoja de Vida/a__hojaVidaseccionj_idt8354j_idt865"), G_TimeOut): Object 'Object Repository/Modulo Tarea Listado Hojas de Vida/Crear Nueva Hoja de Vida/a__hojaVidaseccionj_idt8354j_idt865' is clickable

2021-12-01 11:47:08 - [MESSAGE][PASSED] - Object 'Object Repository/Modulo Tarea Listado Hojas de Vida/Crear Nueva Hoja de Vida/a__hojaVidaseccionj_idt8354j_idt865' is clickable

2021-12-01 11:47:08 - [TEST_STEP][PASSED] - click(findTestObject("Modulo Tarea Listado Hojas de Vida/Crear Nueva Hoja de Vida/a__hojaVidaseccionj_idt8354j_idt865")): Object: 'Object Repository/Modulo Tarea Listado Hojas de Vida/Crear Nueva Hoja de Vida/a__hojaVidaseccionj_idt8354j_idt865' is clicked on

2021-12-01 11:47:09 - [MESSAGE][PASSED] - Object: 'Object Repository/Modulo Tarea Listado Hojas de Vida/Crear Nueva Hoja de Vida/a__hojaVidaseccionj_idt8354j_idt865' is clicked on

2021-12-01 11:47:09 - [TEST_STEP][PASSED] - waitForElementClickable(findTestObject("Modulo Tarea Listado Hojas de Vida/Crear Nueva Hoja de Vida/span_CEDULA CIUDADANIA"), G_TimeOut): Object 'Object Repository/Modulo Tarea Listado Hojas de Vida/Crear Nueva Hoja de Vida/span_CEDULA CIUDADANIA' is clickable

2021-12-01 11:47:10 - [MESSAGE][PASSED] - Object 'Object Repository/Modulo Tarea Listado Hojas de Vida/Crear Nueva Hoja de Vida/span_CEDULA CIUDADANIA' is clickable

2021-12-01 11:47:10 - [TEST_STEP][PASSED] - click(findTestObject("Modulo Tarea Listado Hojas de Vida/Crear Nueva Hoja de Vida/span_CEDULA CIUDADANIA")): Object: 'Object Repository/Modulo Tarea Listado Hojas de Vida/Crear Nueva Hoja de Vida/span_CEDULA CIUDADANIA' is clicked on

2021-12-01 11:47:11 - [MESSAGE][PASSED] - Object: 'Object Repository/Modulo Tarea Listado Hojas de Vida/Crear Nueva Hoja de Vida/span_CEDULA CIUDADANIA' is clicked on

2021-12-01 11:47:11 - [TEST_STEP][PASSED] - waitForElementClickable(findTestObject("Modulo Tarea Listado Hojas de Vida/Crear Nueva Hoja de Vida/input_Fecha Expedicin_hojaVidas"), G_TimeOut): Object 'Object Repository/Modulo Tarea Listado Hojas de Vida/Crear Nueva Hoja de Vida/input_Fecha Expedicin_hojaVidas' is clickable

2021-12-01 11:47:11 - [MESSAGE][PASSED] - Object 'Object Repository/Modulo Tarea Listado Hojas de Vida/Crear Nueva Hoja de Vida/input_Fecha Expedicin_hojaVidas' is clickable

2021-12-01 11:47:11 - [TEST_STEP][PASSED] - setText(findTestObject("Modulo Tarea Listado Hojas de Vida/Crear Nueva Hoja de Vida/input_Fecha Expedicin_hojaVidas"), "13/09/2013"): Text '13/09/2013' is set on object 'Object Repository/Modulo Tarea Listado Hojas de Vida/Crear Nueva Hoja de Vida/input_Fecha Expedicin_hojaVidas'

2021-12-01 11:47:12 - [MESSAGE][PASSED] - Text '13/09/2013' is set on object 'Object Repository/Modulo Tarea Listado Hojas de Vida/Crear Nueva Hoja de Vida/input_Fecha Expedicin_hojaVidas'

2021-12-01 11:47:12 - [TEST_STEP][PASSED] - sendKeys(findTestObject("Modulo Tarea Listado Hojas de Vida/Crear Nueva Hoja de Vida/input_Fecha Expedicin_hojaVidas"), Keys.chord(ENTER)): Keys 'ENTER + ' sent to object: 'Object Repository/Modulo Tarea Listado Hojas de Vida/Crear Nueva Hoja de Vida/input_Fecha Expedicin_hojaVidas'

2021-12-01 11:47:13 - [MESSAGE][PASSED] - Keys 'ENTER + ' sent to object: 'Object Repository/Modulo Tarea Listado Hojas de Vida/Crear Nueva Hoja de Vida/input_Fecha Expedicin_hojaVidas'

2021-12-01 11:47:13 - [TEST_STEP][PASSED] - selectOptionByIndex(findTestObject("Modulo Tarea Listado Hojas de Vida/Crear Nueva Hoja de Vida/select_-- Seleccione--000000ABEJORRAL"), "113"): All options with index in [113] are selected on object 'Object Repository/Modulo Tarea Listado Hojas de Vida/Crear Nueva Hoja de Vida/select_-- Seleccione--000000ABEJORRAL'

2021-12-01 11:47:16 - [MESSAGE][PASSED] - All options with index in [113] are selected on object 'Object Repository/Modulo Tarea Listado Hojas de Vida/Crear Nueva Hoja de Vida/select_-- Seleccione--000000ABEJORRAL'

2021-12-01 11:47:16 - [TEST_STEP][PASSED] - setText(findTestObject("Modulo Tarea Listado Hojas de Vida/Crear Nueva Hoja de Vida/input__hojaVidaseccionj_idt8358j_idt845"), "634564654684"): Text '634564654684' is set on object 'Object Repository/Modulo Tarea Listado Hojas de Vida/Crear Nueva Hoja de Vida/input__hojaVidaseccionj_idt8358j_idt845'

2021-12-01 11:47:17 - [MESSAGE][PASSED] - Text '634564654684' is set on object 'Object Repository/Modulo Tarea Listado Hojas de Vida/Crear Nueva Hoja de Vida/input__hojaVidaseccionj_idt8358j_idt845'

2021-12-01 11:47:17 - [TEST_STEP][PASSED] - setText(findTestObject("Modulo Tarea Listado Hojas de Vida/Crear Nueva Hoja de Vida/input__hojaVidaseccionj_idt8359j_idt845"), "noodle@gmail.com"): Text 'noodle@gmail.com' is set on object 'Object Repository/Modulo Tarea Listado Hojas de Vida/Crear Nueva Hoja de Vida/input__hojaVidaseccionj_idt8359j_idt845'

2021-12-01 11:47:18 - [MESSAGE][PASSED] - Text 'noodle@gmail.com' is set on object 'Object Repository/Modulo Tarea Listado Hojas de Vida/Crear Nueva Hoja de Vida/input__hojaVidaseccionj_idt8359j_idt845'

2021-12-01 11:47:18 - [TEST_STEP][PASSED] - selectOptionByIndex(findTestObject("Modulo Tarea Listado Hojas de Vida/Crear Nueva Hoja de Vida/select_AA-ABAB-BB-OO-"), "7"): All options with index in [7] are selected on object 'Object Repository/Modulo Tarea Listado Hojas de Vida/Crear Nueva Hoja de Vida/select_AA-ABAB-BB-OO-'

2021-12-01 11:47:19 - [MESSAGE][PASSED] - All options with index in [7] are selected on object 'Object Repository/Modulo Tarea Listado Hojas de Vida/Crear Nueva Hoja de Vida/select_AA-ABAB-BB-OO-'

2021-12-01 11:47:19 - [TEST_STEP][PASSED] - waitForElementClickable(findTestObject("Modulo Tarea Listado Hojas de Vida/Crear Nueva Hoja de Vida/a_Continuar"), G_TimeOut): Object 'Object Repository/Modulo Tarea Listado Hojas de Vida/Crear Nueva Hoja de Vida/a_Continuar' is clickable

2021-12-01 11:47:19 - [MESSAGE][PASSED] - Object 'Object Repository/Modulo Tarea Listado Hojas de Vida/Crear Nueva Hoja de Vida/a_Continuar' is clickable

2021-12-01 11:47:19 - [TEST_STEP][PASSED] - click(findTestObject("Modulo Tarea Listado Hojas de Vida/Crear Nueva Hoja de Vida/a_Continuar")): Object: 'Object Repository/Modulo Tarea Listado Hojas de Vida/Crear Nueva Hoja de Vida/a_Continuar' is clicked on

2021-12-01 11:47:20 - [MESSAGE][PASSED] - Object: 'Object Repository/Modulo Tarea Listado Hojas de Vida/Crear Nueva Hoja de Vida/a_Continuar' is clicked on

2021-12-01 11:47:20 - [TEST_STEP][PASSED] - waitForElementClickable(findTestObject("Modulo Tarea Listado Hojas de Vida/Crear Nueva Hoja de Vida/a_Aceptar"), G_TimeOut): Object 'Object Repository/Modulo Tarea Listado Hojas de Vida/Crear Nueva Hoja de Vida/a_Aceptar' is clickable

2021-12-01 11:47:21 - [MESSAGE][PASSED] - Object 'Object Repository/Modulo Tarea Listado Hojas de Vida/Crear Nueva Hoja de Vida/a_Aceptar' is clickable

2021-12-01 11:47:21 - [TEST_STEP][PASSED] - click(findTestObject("Modulo Tarea Listado Hojas de Vida/Crear Nueva Hoja de Vida/a_Aceptar"), STOP_ON_FAILURE): Object: 'Object Repository/Modulo Tarea Listado Hojas de Vida/Crear Nueva Hoja de Vida/a_Aceptar' is clicked on

2021-12-01 11:47:22 - [MESSAGE][PASSED] - Object: 'Object Repository/Modulo Tarea Listado Hojas de Vida/Crear Nueva Hoja de Vida/a_Aceptar' is clicked on

2021-12-01 11:47:22 - [TEST_STEP][PASSED] - return identificacion: null

2021-12-01 11:47:22 - [MESSAGE][PASSED] - Call Test Case 'Test Cases/1.1-Tareas Principales/1.1.1-Crear Nueva Hoja de Vida' successfully

2021-12-01 11:47:22 - [TEST_STEP][PASSED] - callTestCase(findTestCase("Hutilidades/Tareas Actos Administrativos/Tarea Actos Administrativos"), [:], STOP_ON_FAILURE): Call Test Case 'Test Cases/Hutilidades/Tareas Actos Administrativos/Tarea Actos Administrativos' successfully

2021-12-01 11:47:22 - [TEST_CASE][PASSED] - Test Cases/Hutilidades/Tareas Actos Administrativos/Tarea Actos Administrativos: Test Cases/Hutilidades/Tareas Actos Administrativos/Tarea Actos Administrativos

2021-12-01 11:47:22 - [TEST_STEP][PASSED] - callTestCase(findTestCase("0.1-Login"), [:], STOP_ON_FAILURE): Call Test Case 'Test Cases/0.1-Login' successfully

2021-12-01 11:47:22 - [TEST_CASE][PASSED] - Test Cases/0.1-Login: Test Cases/0.1-Login

2021-12-01 11:47:22 - [TEST_STEP][PASSED] - openBrowser(""): Browser is opened with url: ''

2021-12-01 11:47:22 - [MESSAGE][WARNING] - A browser is already opened. Closing browser and opening a new one

2021-12-01 11:47:23 - [MESSAGE][INFO] - Starting 'Chrome' driver

2021-12-01 11:47:23 - [MESSAGE][INFO] - Action delay is set to 0 milliseconds

2021-12-01 11:47:24 - [MESSAGE][PASSED] - Browser is opened with url: ''

2021-12-01 11:47:24 - [TEST_STEP][PASSED] - maximizeWindow(): Current window maximized

2021-12-01 11:47:24 - [MESSAGE][PASSED] - Current window maximized

2021-12-01 11:47:24 - [TEST_STEP][PASSED] - i = G_Login: null

2021-12-01 11:47:24 - [TEST_STEP][PASSED] - url = new java.net.URL(i): null

2021-12-01 11:47:24 - [TEST_STEP][PASSED] - println("URL: " + url.toString()): null

2021-12-01 11:47:24 - [TEST_STEP][PASSED] - connection = url.openConnection(): null

2021-12-01 11:47:25 - [TEST_STEP][PASSED] - connection.setRequestMethod("GET"): null

2021-12-01 11:47:25 - [TEST_STEP][PASSED] - connection.setReadTimeout(2 * 1000): null

2021-12-01 11:47:25 - [TEST_STEP][PASSED] - try: null

2021-12-01 11:47:25 - [TEST_STEP][PASSED] - connection.connect(): null

2021-12-01 11:47:25 - [TEST_STEP][PASSED] - flag = connected: null

2021-12-01 11:47:25 - [TEST_STEP][PASSED] - println("Valor_ori: " + flag): null

2021-12-01 11:47:25 - [TEST_STEP][PASSED] - if (flag): null

2021-12-01 11:47:25 - [TEST_STEP][PASSED] - navigateToUrl(i): Navigate to 'http://localhost:8380/saraweb/' successfully

2021-12-01 11:47:25 - [MESSAGE][PASSED] - Navigate to 'http://localhost:8380/saraweb/' successfully

2021-12-01 11:47:25 - [TEST_STEP][PASSED] - a(): null

2021-12-01 11:47:25 - [TEST_STEP][PASSED] - setText(findTestObject("Login/input_USUARIO_loginusuario"), G_Usuario): Text 'saraadmin' is set on object 'Object Repository/Login/input_USUARIO_loginusuario'

2021-12-01 11:47:26 - [MESSAGE][PASSED] - Text 'saraadmin' is set on object 'Object Repository/Login/input_USUARIO_loginusuario'

2021-12-01 11:47:26 - [TEST_STEP][PASSED] - setEncryptedText(findTestObject("Login/input_CLAVE_loginpassword"), "MkG4/TYiCFC3cb2driP7+Q=="): Text ****** has been set on object 'Object Repository/Login/input_CLAVE_loginpassword'

2021-12-01 11:47:27 - [MESSAGE][PASSED] - Text ****** has been set on object 'Object Repository/Login/input_CLAVE_loginpassword'

2021-12-01 11:47:27 - [TEST_STEP][PASSED] - waitForElementClickable(findTestObject("Login/a_Ingresar"), G_TimeOut): Object 'Object Repository/Login/a_Ingresar' is clickable

2021-12-01 11:47:27 - [MESSAGE][PASSED] - Object 'Object Repository/Login/a_Ingresar' is clickable

2021-12-01 11:47:27 - [TEST_STEP][PASSED] - click(findTestObject("Login/a_Ingresar")): Object: 'Object Repository/Login/a_Ingresar' is clicked on

2021-12-01 11:47:31 - [MESSAGE][PASSED] - Object: 'Object Repository/Login/a_Ingresar' is clicked on

2021-12-01 11:47:31 - [TEST_STEP][PASSED] - element = findWebElement(findTestObject("Login/a_Ir"), 30): null

2021-12-01 11:47:32 - [TEST_STEP][PASSED] - executeJavaScript("arguments[0].click()", Arrays.asList(element)): Execute JavaScript 'arguments[0].click()' successfully

2021-12-01 11:47:32 - [MESSAGE][PASSED] - Execute JavaScript 'arguments[0].click()' successfully

2021-12-01 11:47:32 - [MESSAGE][PASSED] - Call Test Case 'Test Cases/0.1-Login' successfully

2021-12-01 11:47:32 - [TEST_STEP][PASSED] - waitForElementClickable(findTestObject("Modulo Tarea Actos Administrativos/Tarea Actos Administrativos/input_ADMINISTRADOR DEL SISTEMA"), G_TimeOut): Object 'Object Repository/Modulo Tarea Actos Administrativos/Tarea Actos Administrativos/input_ADMINISTRADOR DEL SISTEMA' is clickable

2021-12-01 11:47:33 - [MESSAGE][PASSED] - Object 'Object Repository/Modulo Tarea Actos Administrativos/Tarea Actos Administrativos/input_ADMINISTRADOR DEL SISTEMA' is clickable

2021-12-01 11:47:33 - [TEST_STEP][PASSED] - setText(findTestObject("Modulo Tarea Actos Administrativos/Tarea Actos Administrativos/input_ADMINISTRADOR DEL SISTEMA"), "Actos Administrativos"): Text 'Actos Administrativos' is set on object 'Object Repository/Modulo Tarea Actos Administrativos/Tarea Actos Administrativos/input_ADMINISTRADOR DEL SISTEMA'

2021-12-01 11:47:34 - [MESSAGE][PASSED] - Text 'Actos Administrativos' is set on object 'Object Repository/Modulo Tarea Actos Administrativos/Tarea Actos Administrativos/input_ADMINISTRADOR DEL SISTEMA'

2021-12-01 11:47:34 - [TEST_STEP][PASSED] - delay(3): Delayed 3 second(s)

2021-12-01 11:47:37 - [MESSAGE][PASSED] - Delayed 3 second(s)

2021-12-01 11:47:37 - [TEST_STEP][PASSED] - sendKeys(findTestObject("Modulo Tarea Actos Administrativos/Tarea Actos Administrativos/input_ADMINISTRADOR DEL SISTEMA"), Keys.chord(ENTER)): Keys 'ENTER + ' sent to object: 'Object Repository/Modulo Tarea Actos Administrativos/Tarea Actos Administrativos/input_ADMINISTRADOR DEL SISTEMA'

2021-12-01 11:47:37 - [MESSAGE][PASSED] - Keys 'ENTER + ' sent to object: 'Object Repository/Modulo Tarea Actos Administrativos/Tarea Actos Administrativos/input_ADMINISTRADOR DEL SISTEMA'

2021-12-01 11:47:37 - [MESSAGE][PASSED] - Call Test Case 'Test Cases/Hutilidades/Tareas Actos Administrativos/Tarea Actos Administrativos' successfully

2021-12-01 11:47:37 - [TEST_STEP][PASSED] - waitForElementClickable(findTestObject("Modulo Tarea Actos Administrativos/Acto Cambio Empleado/i_Actos_glyphicons glyphicons-group"), G_TimeOut): Object 'Object Repository/Modulo Tarea Actos Administrativos/Acto Cambio Empleado/i_Actos_glyphicons glyphicons-group' is clickable

2021-12-01 11:47:38 - [MESSAGE][PASSED] - Object 'Object Repository/Modulo Tarea Actos Administrativos/Acto Cambio Empleado/i_Actos_glyphicons glyphicons-group' is clickable

2021-12-01 11:47:38 - [TEST_STEP][PASSED] - click(findTestObject("Modulo Tarea Actos Administrativos/Acto Cambio Empleado/i_Actos_glyphicons glyphicons-group")): Object: 'Object Repository/Modulo Tarea Actos Administrativos/Acto Cambio Empleado/i_Actos_glyphicons glyphicons-group' is clicked on

2021-12-01 11:47:39 - [MESSAGE][PASSED] - Object: 'Object Repository/Modulo Tarea Actos Administrativos/Acto Cambio Empleado/i_Actos_glyphicons glyphicons-group' is clicked on

2021-12-01 11:47:39 - [TEST_STEP][PASSED] - waitForElementClickable(findTestObject("Modulo Tarea Actos Administrativos/Acto Cambio Empleado/a_Acto cambio del Empleado_form"), G_TimeOut): Object 'Object Repository/Modulo Tarea Actos Administrativos/Acto Cambio Empleado/a_Acto cambio del Empleado_form' is clickable

2021-12-01 11:47:39 - [MESSAGE][PASSED] - Object 'Object Repository/Modulo Tarea Actos Administrativos/Acto Cambio Empleado/a_Acto cambio del Empleado_form' is clickable

2021-12-01 11:47:39 - [TEST_STEP][PASSED] - click(findTestObject("Modulo Tarea Actos Administrativos/Acto Cambio Empleado/a_Acto cambio del Empleado_form")): Object: 'Object Repository/Modulo Tarea Actos Administrativos/Acto Cambio Empleado/a_Acto cambio del Empleado_form' is clicked on

2021-12-01 11:47:40 - [MESSAGE][PASSED] - Object: 'Object Repository/Modulo Tarea Actos Administrativos/Acto Cambio Empleado/a_Acto cambio del Empleado_form' is clicked on

2021-12-01 11:47:40 - [TEST_STEP][PASSED] - waitForElementClickable(findTestObject("Modulo Tarea Actos Administrativos/Acto Cambio Empleado/span_nomina"), G_TimeOut): Object 'Object Repository/Modulo Tarea Actos Administrativos/Acto Cambio Empleado/span_nomina' is clickable

2021-12-01 11:47:40 - [MESSAGE][PASSED] - Object 'Object Repository/Modulo Tarea Actos Administrativos/Acto Cambio Empleado/span_nomina' is clickable

2021-12-01 11:47:40 - [TEST_STEP][PASSED] - click(findTestObject("Modulo Tarea Actos Administrativos/Acto Cambio Empleado/span_nomina")): Object: 'Object Repository/Modulo Tarea Actos Administrativos/Acto Cambio Empleado/span_nomina' is clicked on

2021-12-01 11:47:41 - [MESSAGE][PASSED] - Object: 'Object Repository/Modulo Tarea Actos Administrativos/Acto Cambio Empleado/span_nomina' is clicked on

2021-12-01 11:47:41 - [TEST_STEP][PASSED] - waitForElementClickable(findTestObject("Modulo Tarea Actos Administrativos/Acto Cambio Empleado/span_ingreso definitivo indefinido salario basico"), G_TimeOut): Object 'Object Repository/Modulo Tarea Actos Administrativos/Acto Cambio Empleado/span_ingreso definitivo indefinido salario basico' is clickable

2021-12-01 11:47:41 - [MESSAGE][PASSED] - Object 'Object Repository/Modulo Tarea Actos Administrativos/Acto Cambio Empleado/span_ingreso definitivo indefinido salario basico' is clickable

2021-12-01 11:47:41 - [TEST_STEP][PASSED] - click(findTestObject("Modulo Tarea Actos Administrativos/Acto Cambio Empleado/span_ingreso definitivo indefinido salario basico")): Object: 'Object Repository/Modulo Tarea Actos Administrativos/Acto Cambio Empleado/span_ingreso definitivo indefinido salario basico' is clicked on

2021-12-01 11:47:42 - [MESSAGE][PASSED] - Object: 'Object Repository/Modulo Tarea Actos Administrativos/Acto Cambio Empleado/span_ingreso definitivo indefinido salario basico' is clicked on

2021-12-01 11:47:42 - [TEST_STEP][PASSED] - waitForElementClickable(findTestObject("Modulo Tarea Actos Administrativos/Acto Cambio Empleado/a_Elaboracin_glyphicons glyphicons-chronicle x2"), G_TimeOut): Object 'Object Repository/Modulo Tarea Actos Administrativos/Acto Cambio Empleado/a_Elaboracin_glyphicons glyphicons-chronicle x2' is clickable

2021-12-01 11:47:43 - [MESSAGE][PASSED] - Object 'Object Repository/Modulo Tarea Actos Administrativos/Acto Cambio Empleado/a_Elaboracin_glyphicons glyphicons-chronicle x2' is clickable

2021-12-01 11:47:43 - [TEST_STEP][PASSED] - click(findTestObject("Modulo Tarea Actos Administrativos/Acto Cambio Empleado/a_Elaboracin_glyphicons glyphicons-chronicle x2")): Object: 'Object Repository/Modulo Tarea Actos Administrativos/Acto Cambio Empleado/a_Elaboracin_glyphicons glyphicons-chronicle x2' is clicked on

2021-12-01 11:47:43 - [MESSAGE][PASSED] - Object: 'Object Repository/Modulo Tarea Actos Administrativos/Acto Cambio Empleado/a_Elaboracin_glyphicons glyphicons-chronicle x2' is clicked on

2021-12-01 11:47:43 - [TEST_STEP][PASSED] - waitForElementClickable(findTestObject("Modulo Tarea Actos Administrativos/Acto Cambio Empleado/a_Identificacin_form_actoIngresoj_idt975"), G_TimeOut): Object 'Object Repository/Modulo Tarea Actos Administrativos/Acto Cambio Empleado/a_Identificacin_form_actoIngresoj_idt975' is clickable

2021-12-01 11:47:44 - [MESSAGE][PASSED] - Object 'Object Repository/Modulo Tarea Actos Administrativos/Acto Cambio Empleado/a_Identificacin_form_actoIngresoj_idt975' is clickable

2021-12-01 11:47:44 - [TEST_STEP][PASSED] - click(findTestObject("Modulo Tarea Actos Administrativos/Acto Cambio Empleado/a_Identificacin_form_actoIngresoj_idt975")): Object: 'Object Repository/Modulo Tarea Actos Administrativos/Acto Cambio Empleado/a_Identificacin_form_actoIngresoj_idt975' is clicked on

2021-12-01 11:47:45 - [MESSAGE][PASSED] - Object: 'Object Repository/Modulo Tarea Actos Administrativos/Acto Cambio Empleado/a_Identificacin_form_actoIngresoj_idt975' is clicked on

2021-12-01 11:47:45 - [TEST_STEP][PASSED] - setText(findTestObject("Modulo Tarea Actos Administrativos/Acto Cambio Empleado/input_Filtro Hoja de Vida_formPopupHojaVidaj_idt1696"), identificacion): Text '8365924' is set on object 'Object Repository/Modulo Tarea Actos Administrativos/Acto Cambio Empleado/input_Filtro Hoja de Vida_formPopupHojaVidaj_idt1696'

2021-12-01 11:47:46 - [MESSAGE][PASSED] - Text '8365924' is set on object 'Object Repository/Modulo Tarea Actos Administrativos/Acto Cambio Empleado/input_Filtro Hoja de Vida_formPopupHojaVidaj_idt1696'

2021-12-01 11:47:46 - [TEST_STEP][PASSED] - sendKeys(findTestObject("Modulo Tarea Actos Administrativos/Acto Cambio Empleado/input_Filtro Hoja de Vida_formPopupHojaVidaj_idt1696"), Keys.chord(ENTER)): Keys 'ENTER + ' sent to object: 'Object Repository/Modulo Tarea Actos Administrativos/Acto Cambio Empleado/input_Filtro Hoja de Vida_formPopupHojaVidaj_idt1696'

2021-12-01 11:47:46 - [MESSAGE][PASSED] - Keys 'ENTER + ' sent to object: 'Object Repository/Modulo Tarea Actos Administrativos/Acto Cambio Empleado/input_Filtro Hoja de Vida_formPopupHojaVidaj_idt1696'

2021-12-01 11:47:46 - [TEST_STEP][PASSED] - waitForElementClickable(findTestObject("Modulo Tarea Actos Administrativos/Acto Cambio Empleado/span_Consta Belfegord  Jhon5682169"), G_TimeOut): Object 'Object Repository/Modulo Tarea Actos Administrativos/Acto Cambio Empleado/span_Consta Belfegord  Jhon5682169' is clickable

2021-12-01 11:47:47 - [MESSAGE][PASSED] - Object 'Object Repository/Modulo Tarea Actos Administrativos/Acto Cambio Empleado/span_Consta Belfegord  Jhon5682169' is clickable

2021-12-01 11:47:47 - [TEST_STEP][PASSED] - click(findTestObject("Modulo Tarea Actos Administrativos/Acto Cambio Empleado/span_Consta Belfegord  Jhon5682169")): Object: 'Object Repository/Modulo Tarea Actos Administrativos/Acto Cambio Empleado/span_Consta Belfegord  Jhon5682169' is clicked on

2021-12-01 11:47:47 - [MESSAGE][PASSED] - Object: 'Object Repository/Modulo Tarea Actos Administrativos/Acto Cambio Empleado/span_Consta Belfegord  Jhon5682169' is clicked on

2021-12-01 11:47:47 - [TEST_STEP][PASSED] - waitForElementClickable(findTestObject("Modulo Tarea Actos Administrativos/Acto Cambio Empleado/a_Continuar"), G_TimeOut): Object 'Object Repository/Modulo Tarea Actos Administrativos/Acto Cambio Empleado/a_Continuar' is clickable

2021-12-01 11:47:48 - [MESSAGE][PASSED] - Object 'Object Repository/Modulo Tarea Actos Administrativos/Acto Cambio Empleado/a_Continuar' is clickable

2021-12-01 11:47:48 - [TEST_STEP][PASSED] - click(findTestObject("Modulo Tarea Actos Administrativos/Acto Cambio Empleado/a_Continuar")): Object: 'Object Repository/Modulo Tarea Actos Administrativos/Acto Cambio Empleado/a_Continuar' is clicked on

2021-12-01 11:47:48 - [MESSAGE][PASSED] - Object: 'Object Repository/Modulo Tarea Actos Administrativos/Acto Cambio Empleado/a_Continuar' is clicked on

2021-12-01 11:47:48 - [TEST_STEP][PASSED] - return identificacion: null

2021-12-01 11:47:48 - [MESSAGE][PASSED] - Call Test Case 'Test Cases/Hutilidades/Tareas Actos Administrativos/Acto Cambio del Empleado' successfully

2021-12-01 11:47:48 - [TEST_STEP][PASSED] - setText(findTestObject("Modulo Tarea Actos Administrativos/Elaboracion Acto Cambio de Empleado/input__form_actoIngresoj_idt10120fecha_input"), "01/12/2018"): Text '01/12/2018' is set on object 'Object Repository/Modulo Tarea Actos Administrativos/Elaboracion Acto Cambio de Empleado/input__form_actoIngresoj_idt10120fecha_input'

2021-12-01 11:47:54 - [MESSAGE][PASSED] - Text '01/12/2018' is set on object 'Object Repository/Modulo Tarea Actos Administrativos/Elaboracion Acto Cambio de Empleado/input__form_actoIngresoj_idt10120fecha_input'

2021-12-01 11:47:54 - [TEST_STEP][PASSED] - sendKeys(findTestObject("Modulo Tarea Actos Administrativos/Elaboracion Acto Cambio de Empleado/input__form_actoIngresoj_idt10120fecha_input"), Keys.chord(ENTER)): Keys 'ENTER + ' sent to object: 'Object Repository/Modulo Tarea Actos Administrativos/Elaboracion Acto Cambio de Empleado/input__form_actoIngresoj_idt10120fecha_input'

2021-12-01 11:47:55 - [MESSAGE][PASSED] - Keys 'ENTER + ' sent to object: 'Object Repository/Modulo Tarea Actos Administrativos/Elaboracion Acto Cambio de Empleado/input__form_actoIngresoj_idt10120fecha_input'

2021-12-01 11:47:55 - [TEST_STEP][PASSED] - setText(findTestObject("Modulo Tarea Actos Administrativos/Elaboracion Acto Cambio de Empleado/input__form_actoIngresoj_idt10121fecha_input"), "01/12/2018"): Text '01/12/2018' is set on object 'Object Repository/Modulo Tarea Actos Administrativos/Elaboracion Acto Cambio de Empleado/input__form_actoIngresoj_idt10121fecha_input'

2021-12-01 11:47:56 - [MESSAGE][PASSED] - Text '01/12/2018' is set on object 'Object Repository/Modulo Tarea Actos Administrativos/Elaboracion Acto Cambio de Empleado/input__form_actoIngresoj_idt10121fecha_input'

2021-12-01 11:47:56 - [TEST_STEP][PASSED] - sendKeys(findTestObject("Modulo Tarea Actos Administrativos/Elaboracion Acto Cambio de Empleado/input__form_actoIngresoj_idt10121fecha_input"), Keys.chord(ENTER)): Keys 'ENTER + ' sent to object: 'Object Repository/Modulo Tarea Actos Administrativos/Elaboracion Acto Cambio de Empleado/input__form_actoIngresoj_idt10121fecha_input'

2021-12-01 11:47:56 - [MESSAGE][PASSED] - Keys 'ENTER + ' sent to object: 'Object Repository/Modulo Tarea Actos Administrativos/Elaboracion Acto Cambio de Empleado/input__form_actoIngresoj_idt10121fecha_input'

2021-12-01 11:47:56 - [TEST_STEP][PASSED] - waitForElementClickable(findTestObject("Modulo Tarea Actos Administrativos/Elaboracion Acto Cambio de Empleado/span_Motivo ingreso"), G_TimeOut): Object 'Object Repository/Modulo Tarea Actos Administrativos/Elaboracion Acto Cambio de Empleado/span_Motivo ingreso' is clickable

2021-12-01 11:47:57 - [MESSAGE][PASSED] - Object 'Object Repository/Modulo Tarea Actos Administrativos/Elaboracion Acto Cambio de Empleado/span_Motivo ingreso' is clickable

2021-12-01 11:47:57 - [TEST_STEP][PASSED] - click(findTestObject("Modulo Tarea Actos Administrativos/Elaboracion Acto Cambio de Empleado/span_Motivo ingreso")): Object: 'Object Repository/Modulo Tarea Actos Administrativos/Elaboracion Acto Cambio de Empleado/span_Motivo ingreso' is clicked on

2021-12-01 11:47:57 - [MESSAGE][PASSED] - Object: 'Object Repository/Modulo Tarea Actos Administrativos/Elaboracion Acto Cambio de Empleado/span_Motivo ingreso' is clicked on

2021-12-01 11:47:57 - [TEST_STEP][PASSED] - selectOptionByIndex(findTestObject("Modulo Tarea Actos Administrativos/Elaboracion Acto Cambio de Empleado/select_10 - Ingreso Puesto Nuevo"), "1"): All options with index in [1] are selected on object 'Object Repository/Modulo Tarea Actos Administrativos/Elaboracion Acto Cambio de Empleado/select_10 - Ingreso Puesto Nuevo'

2021-12-01 11:47:58 - [MESSAGE][PASSED] - All options with index in [1] are selected on object 'Object Repository/Modulo Tarea Actos Administrativos/Elaboracion Acto Cambio de Empleado/select_10 - Ingreso Puesto Nuevo'

2021-12-01 11:47:58 - [TEST_STEP][PASSED] - selectOptionByIndex(findTestObject("Modulo Tarea Actos Administrativos/Elaboracion Acto Cambio de Empleado/select_DIAZ BLANCO GUISELL"), "1"): All options with index in [1] are selected on object 'Object Repository/Modulo Tarea Actos Administrativos/Elaboracion Acto Cambio de Empleado/select_DIAZ BLANCO GUISELL'

2021-12-01 11:47:59 - [MESSAGE][PASSED] - All options with index in [1] are selected on object 'Object Repository/Modulo Tarea Actos Administrativos/Elaboracion Acto Cambio de Empleado/select_DIAZ BLANCO GUISELL'

2021-12-01 11:47:59 - [TEST_STEP][PASSED] - setText(findTestObject("Modulo Tarea Actos Administrativos/Elaboracion Acto Cambio de Empleado/textarea__form_actoIngresoj_idt10124j_idt1025"), "Magister en derecho penal"): Text 'Magister en derecho penal' is set on object 'Object Repository/Modulo Tarea Actos Administrativos/Elaboracion Acto Cambio de Empleado/textarea__form_actoIngresoj_idt10124j_idt1025'

2021-12-01 11:48:00 - [MESSAGE][PASSED] - Text 'Magister en derecho penal' is set on object 'Object Repository/Modulo Tarea Actos Administrativos/Elaboracion Acto Cambio de Empleado/textarea__form_actoIngresoj_idt10124j_idt1025'

2021-12-01 11:48:00 - [TEST_STEP][PASSED] - selectOptionByIndex(findTestObject("Modulo Tarea Actos Administrativos/Elaboracion Acto Cambio de Empleado/select_-- Seleccione --1 Actualizacin"), "2"): All options with index in [2] are selected on object 'Object Repository/Modulo Tarea Actos Administrativos/Elaboracion Acto Cambio de Empleado/select_-- Seleccione --1 Actualizacin'

2021-12-01 11:48:01 - [MESSAGE][PASSED] - All options with index in [2] are selected on object 'Object Repository/Modulo Tarea Actos Administrativos/Elaboracion Acto Cambio de Empleado/select_-- Seleccione --1 Actualizacin'

2021-12-01 11:48:01 - [TEST_STEP][PASSED] - setText(findTestObject("Modulo Tarea Actos Administrativos/Elaboracion Acto Cambio de Empleado/input__form_actoIngresoj_idt10126j_idt1022"), "AAAAAA"): Text 'AAAAAA' is set on object 'Object Repository/Modulo Tarea Actos Administrativos/Elaboracion Acto Cambio de Empleado/input__form_actoIngresoj_idt10126j_idt1022'

2021-12-01 11:48:02 - [MESSAGE][PASSED] - Text 'AAAAAA' is set on object 'Object Repository/Modulo Tarea Actos Administrativos/Elaboracion Acto Cambio de Empleado/input__form_actoIngresoj_idt10126j_idt1022'

2021-12-01 11:48:02 - [TEST_STEP][PASSED] - waitForElementClickable(findTestObject("Modulo Tarea Actos Administrativos/Elaboracion Acto Cambio de Empleado/a__form_actoIngresoj_idt10127j_idt1042"), G_TimeOut): Object 'Object Repository/Modulo Tarea Actos Administrativos/Elaboracion Acto Cambio de Empleado/a__form_actoIngresoj_idt10127j_idt1042' is clickable

2021-12-01 11:48:02 - [MESSAGE][PASSED] - Object 'Object Repository/Modulo Tarea Actos Administrativos/Elaboracion Acto Cambio de Empleado/a__form_actoIngresoj_idt10127j_idt1042' is clickable

2021-12-01 11:48:02 - [TEST_STEP][PASSED] - click(findTestObject("Modulo Tarea Actos Administrativos/Elaboracion Acto Cambio de Empleado/a__form_actoIngresoj_idt10127j_idt1042")): Object: 'Object Repository/Modulo Tarea Actos Administrativos/Elaboracion Acto Cambio de Empleado/a__form_actoIngresoj_idt10127j_idt1042' is clicked on

2021-12-01 11:48:03 - [MESSAGE][PASSED] - Object: 'Object Repository/Modulo Tarea Actos Administrativos/Elaboracion Acto Cambio de Empleado/a__form_actoIngresoj_idt10127j_idt1042' is clicked on

2021-12-01 11:48:03 - [TEST_STEP][PASSED] - setText(findTestObject("Modulo Tarea Actos Administrativos/Elaboracion Acto Cambio de Empleado/input_Unidad_form_actoIngresoj_idt1334"), "1"): Text '1' is set on object 'Object Repository/Modulo Tarea Actos Administrativos/Elaboracion Acto Cambio de Empleado/input_Unidad_form_actoIngresoj_idt1334'

2021-12-01 11:48:04 - [MESSAGE][PASSED] - Text '1' is set on object 'Object Repository/Modulo Tarea Actos Administrativos/Elaboracion Acto Cambio de Empleado/input_Unidad_form_actoIngresoj_idt1334'

2021-12-01 11:48:04 - [TEST_STEP][PASSED] - sendKeys(findTestObject("Modulo Tarea Actos Administrativos/Elaboracion Acto Cambio de Empleado/input_Unidad_form_actoIngresoj_idt1334"), Keys.chord(ENTER)): Keys 'ENTER + ' sent to object: 'Object Repository/Modulo Tarea Actos Administrativos/Elaboracion Acto Cambio de Empleado/input_Unidad_form_actoIngresoj_idt1334'

2021-12-01 11:48:04 - [MESSAGE][PASSED] - Keys 'ENTER + ' sent to object: 'Object Repository/Modulo Tarea Actos Administrativos/Elaboracion Acto Cambio de Empleado/input_Unidad_form_actoIngresoj_idt1334'

2021-12-01 11:48:04 - [TEST_STEP][PASSED] - waitForElementClickable(findTestObject("Modulo Tarea Actos Administrativos/Elaboracion Acto Cambio de Empleado/span_ADMINISTRACION"), G_TimeOut): Object 'Object Repository/Modulo Tarea Actos Administrativos/Elaboracion Acto Cambio de Empleado/span_ADMINISTRACION' is clickable

2021-12-01 11:48:05 - [MESSAGE][PASSED] - Object 'Object Repository/Modulo Tarea Actos Administrativos/Elaboracion Acto Cambio de Empleado/span_ADMINISTRACION' is clickable

2021-12-01 11:48:05 - [TEST_STEP][PASSED] - click(findTestObject("Modulo Tarea Actos Administrativos/Elaboracion Acto Cambio de Empleado/span_ADMINISTRACION")): Object: 'Object Repository/Modulo Tarea Actos Administrativos/Elaboracion Acto Cambio de Empleado/span_ADMINISTRACION' is clicked on

2021-12-01 11:48:05 - [MESSAGE][PASSED] - Object: 'Object Repository/Modulo Tarea Actos Administrativos/Elaboracion Acto Cambio de Empleado/span_ADMINISTRACION' is clicked on

2021-12-01 11:48:05 - [TEST_STEP][PASSED] - waitForElementClickable(findTestObject("Modulo Tarea Actos Administrativos/Elaboracion Acto Cambio de Empleado/a__form_actoIngresoj_idt10128j_idt1042"), G_TimeOut): Object 'Object Repository/Modulo Tarea Actos Administrativos/Elaboracion Acto Cambio de Empleado/a__form_actoIngresoj_idt10128j_idt1042' is clickable

2021-12-01 11:48:06 - [MESSAGE][PASSED] - Object 'Object Repository/Modulo Tarea Actos Administrativos/Elaboracion Acto Cambio de Empleado/a__form_actoIngresoj_idt10128j_idt1042' is clickable

2021-12-01 11:48:06 - [TEST_STEP][PASSED] - click(findTestObject("Modulo Tarea Actos Administrativos/Elaboracion Acto Cambio de Empleado/a__form_actoIngresoj_idt10128j_idt1042")): Object: 'Object Repository/Modulo Tarea Actos Administrativos/Elaboracion Acto Cambio de Empleado/a__form_actoIngresoj_idt10128j_idt1042' is clicked on

2021-12-01 11:48:06 - [MESSAGE][PASSED] - Object: 'Object Repository/Modulo Tarea Actos Administrativos/Elaboracion Acto Cambio de Empleado/a__form_actoIngresoj_idt10128j_idt1042' is clicked on

2021-12-01 11:48:06 - [TEST_STEP][PASSED] - waitForElementClickable(findTestObject("Modulo Tarea Actos Administrativos/Elaboracion Acto Cambio de Empleado/span_ABOGADO"), 0): Object 'Object Repository/Modulo Tarea Actos Administrativos/Elaboracion Acto Cambio de Empleado/span_ABOGADO' is clickable

2021-12-01 11:48:06 - [MESSAGE][WARNING] - Timeout '0' is invalid. Using default page load timeout: '30'

2021-12-01 11:48:07 - [MESSAGE][PASSED] - Object 'Object Repository/Modulo Tarea Actos Administrativos/Elaboracion Acto Cambio de Empleado/span_ABOGADO' is clickable

2021-12-01 11:48:07 - [TEST_STEP][PASSED] - click(findTestObject("Modulo Tarea Actos Administrativos/Elaboracion Acto Cambio de Empleado/span_ABOGADO")): Object: 'Object Repository/Modulo Tarea Actos Administrativos/Elaboracion Acto Cambio de Empleado/span_ABOGADO' is clicked on

2021-12-01 11:48:07 - [MESSAGE][PASSED] - Object: 'Object Repository/Modulo Tarea Actos Administrativos/Elaboracion Acto Cambio de Empleado/span_ABOGADO' is clicked on

2021-12-01 11:48:07 - [TEST_STEP][PASSED] - setText(findTestObject("Modulo Tarea Actos Administrativos/Elaboracion Acto Cambio de Empleado/input_VALOR4_form_actoIngresoj_idt10129j_idt1028"), "3"): Text '3' is set on object 'Object Repository/Modulo Tarea Actos Administrativos/Elaboracion Acto Cambio de Empleado/input_VALOR4_form_actoIngresoj_idt10129j_idt1028'

2021-12-01 11:48:09 - [MESSAGE][PASSED] - Text '3' is set on object 'Object Repository/Modulo Tarea Actos Administrativos/Elaboracion Acto Cambio de Empleado/input_VALOR4_form_actoIngresoj_idt10129j_idt1028'

2021-12-01 11:48:09 - [TEST_STEP][PASSED] - waitForElementClickable(findTestObject("Modulo Tarea Actos Administrativos/Elaboracion Acto Cambio de Empleado/span_ENTIDAD DE SALUD"), G_TimeOut): Object 'Object Repository/Modulo Tarea Actos Administrativos/Elaboracion Acto Cambio de Empleado/span_ENTIDAD DE SALUD' is clickable

2021-12-01 11:48:09 - [MESSAGE][PASSED] - Object 'Object Repository/Modulo Tarea Actos Administrativos/Elaboracion Acto Cambio de Empleado/span_ENTIDAD DE SALUD' is clickable

2021-12-01 11:48:09 - [TEST_STEP][PASSED] - click(findTestObject("Modulo Tarea Actos Administrativos/Elaboracion Acto Cambio de Empleado/span_ENTIDAD DE SALUD")): Object: 'Object Repository/Modulo Tarea Actos Administrativos/Elaboracion Acto Cambio de Empleado/span_ENTIDAD DE SALUD' is clicked on

2021-12-01 11:48:10 - [MESSAGE][PASSED] - Object: 'Object Repository/Modulo Tarea Actos Administrativos/Elaboracion Acto Cambio de Empleado/span_ENTIDAD DE SALUD' is clicked on

2021-12-01 11:48:10 - [TEST_STEP][PASSED] - waitForElementClickable(findTestObject("Modulo Tarea Actos Administrativos/Elaboracion Acto Cambio de Empleado/span_Eps - Aliansalud Eps"), G_TimeOut): Object 'Object Repository/Modulo Tarea Actos Administrativos/Elaboracion Acto Cambio de Empleado/span_Eps - Aliansalud Eps' is clickable

2021-12-01 11:48:12 - [MESSAGE][PASSED] - Object 'Object Repository/Modulo Tarea Actos Administrativos/Elaboracion Acto Cambio de Empleado/span_Eps - Aliansalud Eps' is clickable

2021-12-01 11:48:12 - [TEST_STEP][PASSED] - click(findTestObject("Modulo Tarea Actos Administrativos/Elaboracion Acto Cambio de Empleado/span_Eps - Aliansalud Eps")): Object: 'Object Repository/Modulo Tarea Actos Administrativos/Elaboracion Acto Cambio de Empleado/span_Eps - Aliansalud Eps' is clicked on

2021-12-01 11:48:12 - [MESSAGE][PASSED] - Object: 'Object Repository/Modulo Tarea Actos Administrativos/Elaboracion Acto Cambio de Empleado/span_Eps - Aliansalud Eps' is clicked on

2021-12-01 11:48:12 - [TEST_STEP][PASSED] - waitForElementClickable(findTestObject("Modulo Tarea Actos Administrativos/Elaboracion Acto Cambio de Empleado/span_FONDO DE PENSIONES"), G_TimeOut): Object 'Object Repository/Modulo Tarea Actos Administrativos/Elaboracion Acto Cambio de Empleado/span_FONDO DE PENSIONES' is clickable

2021-12-01 11:48:13 - [MESSAGE][PASSED] - Object 'Object Repository/Modulo Tarea Actos Administrativos/Elaboracion Acto Cambio de Empleado/span_FONDO DE PENSIONES' is clickable

2021-12-01 11:48:13 - [TEST_STEP][PASSED] - click(findTestObject("Modulo Tarea Actos Administrativos/Elaboracion Acto Cambio de Empleado/span_FONDO DE PENSIONES")): Object: 'Object Repository/Modulo Tarea Actos Administrativos/Elaboracion Acto Cambio de Empleado/span_FONDO DE PENSIONES' is clicked on

2021-12-01 11:48:13 - [MESSAGE][PASSED] - Object: 'Object Repository/Modulo Tarea Actos Administrativos/Elaboracion Acto Cambio de Empleado/span_FONDO DE PENSIONES' is clicked on

2021-12-01 11:48:13 - [TEST_STEP][PASSED] - waitForElementClickable(findTestObject("Modulo Tarea Actos Administrativos/Elaboracion Acto Cambio de Empleado/span_Afp - Colfondos"), G_TimeOut): Object 'Object Repository/Modulo Tarea Actos Administrativos/Elaboracion Acto Cambio de Empleado/span_Afp - Colfondos' is clickable

2021-12-01 11:48:14 - [MESSAGE][PASSED] - Object 'Object Repository/Modulo Tarea Actos Administrativos/Elaboracion Acto Cambio de Empleado/span_Afp - Colfondos' is clickable

2021-12-01 11:48:14 - [TEST_STEP][PASSED] - click(findTestObject("Modulo Tarea Actos Administrativos/Elaboracion Acto Cambio de Empleado/span_Afp - Colfondos")): Object: 'Object Repository/Modulo Tarea Actos Administrativos/Elaboracion Acto Cambio de Empleado/span_Afp - Colfondos' is clicked on

2021-12-01 11:48:14 - [MESSAGE][PASSED] - Object: 'Object Repository/Modulo Tarea Actos Administrativos/Elaboracion Acto Cambio de Empleado/span_Afp - Colfondos' is clicked on

2021-12-01 11:48:14 - [TEST_STEP][PASSED] - waitForElementClickable(findTestObject("Modulo Tarea Actos Administrativos/Elaboracion Acto Cambio de Empleado/span_ASEG RIESGOS PROFESIONALES"), G_TimeOut): Object 'Object Repository/Modulo Tarea Actos Administrativos/Elaboracion Acto Cambio de Empleado/span_ASEG RIESGOS PROFESIONALES' is clickable

2021-12-01 11:48:15 - [MESSAGE][PASSED] - Object 'Object Repository/Modulo Tarea Actos Administrativos/Elaboracion Acto Cambio de Empleado/span_ASEG RIESGOS PROFESIONALES' is clickable

2021-12-01 11:48:15 - [TEST_STEP][PASSED] - click(findTestObject("Modulo Tarea Actos Administrativos/Elaboracion Acto Cambio de Empleado/span_ASEG RIESGOS PROFESIONALES")): Object: 'Object Repository/Modulo Tarea Actos Administrativos/Elaboracion Acto Cambio de Empleado/span_ASEG RIESGOS PROFESIONALES' is clicked on

2021-12-01 11:48:15 - [MESSAGE][PASSED] - Object: 'Object Repository/Modulo Tarea Actos Administrativos/Elaboracion Acto Cambio de Empleado/span_ASEG RIESGOS PROFESIONALES' is clicked on

2021-12-01 11:48:15 - [TEST_STEP][PASSED] - waitForElementClickable(findTestObject("Modulo Tarea Actos Administrativos/Elaboracion Acto Cambio de Empleado/span_Arl - Seguros Bolivar"), G_TimeOut): Object 'Object Repository/Modulo Tarea Actos Administrativos/Elaboracion Acto Cambio de Empleado/span_Arl - Seguros Bolivar' is clickable

2021-12-01 11:48:16 - [MESSAGE][PASSED] - Object 'Object Repository/Modulo Tarea Actos Administrativos/Elaboracion Acto Cambio de Empleado/span_Arl - Seguros Bolivar' is clickable

2021-12-01 11:48:16 - [TEST_STEP][PASSED] - click(findTestObject("Modulo Tarea Actos Administrativos/Elaboracion Acto Cambio de Empleado/span_Arl - Seguros Bolivar")): Object: 'Object Repository/Modulo Tarea Actos Administrativos/Elaboracion Acto Cambio de Empleado/span_Arl - Seguros Bolivar' is clicked on

2021-12-01 11:48:16 - [MESSAGE][PASSED] - Object: 'Object Repository/Modulo Tarea Actos Administrativos/Elaboracion Acto Cambio de Empleado/span_Arl - Seguros Bolivar' is clicked on

2021-12-01 11:48:16 - [TEST_STEP][PASSED] - waitForElementClickable(findTestObject("Modulo Tarea Actos Administrativos/Elaboracion Acto Cambio de Empleado/span_FONDO DE CESANTIAS"), G_TimeOut): Object 'Object Repository/Modulo Tarea Actos Administrativos/Elaboracion Acto Cambio de Empleado/span_FONDO DE CESANTIAS' is clickable

2021-12-01 11:48:17 - [MESSAGE][PASSED] - Object 'Object Repository/Modulo Tarea Actos Administrativos/Elaboracion Acto Cambio de Empleado/span_FONDO DE CESANTIAS' is clickable

2021-12-01 11:48:17 - [TEST_STEP][PASSED] - click(findTestObject("Modulo Tarea Actos Administrativos/Elaboracion Acto Cambio de Empleado/span_FONDO DE CESANTIAS")): Object: 'Object Repository/Modulo Tarea Actos Administrativos/Elaboracion Acto Cambio de Empleado/span_FONDO DE CESANTIAS' is clicked on

2021-12-01 11:48:18 - [MESSAGE][PASSED] - Object: 'Object Repository/Modulo Tarea Actos Administrativos/Elaboracion Acto Cambio de Empleado/span_FONDO DE CESANTIAS' is clicked on

2021-12-01 11:48:18 - [TEST_STEP][PASSED] - waitForElementClickable(findTestObject("Modulo Tarea Actos Administrativos/Elaboracion Acto Cambio de Empleado/span_Fc - Colfondos"), G_TimeOut): Object 'Object Repository/Modulo Tarea Actos Administrativos/Elaboracion Acto Cambio de Empleado/span_Fc - Colfondos' is clickable

2021-12-01 11:48:18 - [MESSAGE][PASSED] - Object 'Object Repository/Modulo Tarea Actos Administrativos/Elaboracion Acto Cambio de Empleado/span_Fc - Colfondos' is clickable

2021-12-01 11:48:18 - [TEST_STEP][PASSED] - click(findTestObject("Modulo Tarea Actos Administrativos/Elaboracion Acto Cambio de Empleado/span_Fc - Colfondos")): Object: 'Object Repository/Modulo Tarea Actos Administrativos/Elaboracion Acto Cambio de Empleado/span_Fc - Colfondos' is clicked on

2021-12-01 11:48:19 - [MESSAGE][PASSED] - Object: 'Object Repository/Modulo Tarea Actos Administrativos/Elaboracion Acto Cambio de Empleado/span_Fc - Colfondos' is clicked on

2021-12-01 11:48:19 - [TEST_STEP][PASSED] - click(findTestObject("Modulo Tarea Actos Administrativos/Elaboracion Acto Cambio de Empleado/span_PAGO DE NOMINA")): Object: 'Object Repository/Modulo Tarea Actos Administrativos/Elaboracion Acto Cambio de Empleado/span_PAGO DE NOMINA' is clicked on

2021-12-01 11:48:19 - [MESSAGE][PASSED] - Object: 'Object Repository/Modulo Tarea Actos Administrativos/Elaboracion Acto Cambio de Empleado/span_PAGO DE NOMINA' is clicked on

2021-12-01 11:48:19 - [TEST_STEP][PASSED] - click(findTestObject("Modulo Tarea Actos Administrativos/Elaboracion Acto Cambio de Empleado/a_Sucursal_entidadempleado_formtabj_idt1219")): Object: 'Object Repository/Modulo Tarea Actos Administrativos/Elaboracion Acto Cambio de Empleado/a_Sucursal_entidadempleado_formtabj_idt1219' is clicked on

2021-12-01 11:48:21 - [MESSAGE][PASSED] - Object: 'Object Repository/Modulo Tarea Actos Administrativos/Elaboracion Acto Cambio de Empleado/a_Sucursal_entidadempleado_formtabj_idt1219' is clicked on

2021-12-01 11:48:21 - [TEST_STEP][PASSED] - click(findTestObject("Modulo Tarea Actos Administrativos/Elaboracion Acto Cambio de Empleado/span_Ccf - Cafam")): Object: 'Object Repository/Modulo Tarea Actos Administrativos/Elaboracion Acto Cambio de Empleado/span_Ccf - Cafam' is clicked on

2021-12-01 11:48:21 - [MESSAGE][PASSED] - Object: 'Object Repository/Modulo Tarea Actos Administrativos/Elaboracion Acto Cambio de Empleado/span_Ccf - Cafam' is clicked on

2021-12-01 11:48:21 - [TEST_STEP][PASSED] - selectOptionByIndex(findTestObject("Modulo Tarea Actos Administrativos/Elaboracion Acto Cambio de Empleado/select_--Seleccione--003 Familia Popayan"), 2): All options with index in [2] are selected on object 'Object Repository/Modulo Tarea Actos Administrativos/Elaboracion Acto Cambio de Empleado/select_--Seleccione--003 Familia Popayan'

2021-12-01 11:48:23 - [MESSAGE][PASSED] - All options with index in [2] are selected on object 'Object Repository/Modulo Tarea Actos Administrativos/Elaboracion Acto Cambio de Empleado/select_--Seleccione--003 Familia Popayan'

2021-12-01 11:48:23 - [TEST_STEP][PASSED] - setText(findTestObject("Modulo Tarea Actos Administrativos/Elaboracion Acto Cambio de Empleado/input_Cuenta_entidadempleado_formtabtablaCampos0referencia"), "12345678910"): Text '12345678910' is set on object 'Object Repository/Modulo Tarea Actos Administrativos/Elaboracion Acto Cambio de Empleado/input_Cuenta_entidadempleado_formtabtablaCampos0referencia'

2021-12-01 11:48:24 - [MESSAGE][PASSED] - Text '12345678910' is set on object 'Object Repository/Modulo Tarea Actos Administrativos/Elaboracion Acto Cambio de Empleado/input_Cuenta_entidadempleado_formtabtablaCampos0referencia'

2021-12-01 11:48:24 - [TEST_STEP][PASSED] - setText(findTestObject("Modulo Tarea Actos Administrativos/Elaboracion Acto Cambio de Empleado/input_Bco Destino_entidadempleado_formtabtablaCampos1valor"), "5"): Text '5' is set on object 'Object Repository/Modulo Tarea Actos Administrativos/Elaboracion Acto Cambio de Empleado/input_Bco Destino_entidadempleado_formtabtablaCampos1valor'

2021-12-01 11:48:24 - [MESSAGE][PASSED] - Text '5' is set on object 'Object Repository/Modulo Tarea Actos Administrativos/Elaboracion Acto Cambio de Empleado/input_Bco Destino_entidadempleado_formtabtablaCampos1valor'

2021-12-01 11:48:24 - [TEST_STEP][PASSED] - setText(findTestObject("Modulo Tarea Actos Administrativos/Elaboracion Acto Cambio de Empleado/input_Tipo de cuenta_entidadempleado_formtabtablaCampos2sucReferencia"), "corriente"): Text 'corriente' is set on object 'Object Repository/Modulo Tarea Actos Administrativos/Elaboracion Acto Cambio de Empleado/input_Tipo de cuenta_entidadempleado_formtabtablaCampos2sucReferencia'

2021-12-01 11:48:25 - [MESSAGE][PASSED] - Text 'corriente' is set on object 'Object Repository/Modulo Tarea Actos Administrativos/Elaboracion Acto Cambio de Empleado/input_Tipo de cuenta_entidadempleado_formtabtablaCampos2sucReferencia'

2021-12-01 11:48:25 - [TEST_STEP][PASSED] - setText(findTestObject("Modulo Tarea Actos Administrativos/Elaboracion Acto Cambio de Empleado/input_Tipo Cuenta 1ahorro 2 corr_entidadempleado_formtabtablaCampos4tipo"), "1"): Text '1' is set on object 'Object Repository/Modulo Tarea Actos Administrativos/Elaboracion Acto Cambio de Empleado/input_Tipo Cuenta 1ahorro 2 corr_entidadempleado_formtabtablaCampos4tipo'

2021-12-01 11:48:26 - [MESSAGE][PASSED] - Text '1' is set on object 'Object Repository/Modulo Tarea Actos Administrativos/Elaboracion Acto Cambio de Empleado/input_Tipo Cuenta 1ahorro 2 corr_entidadempleado_formtabtablaCampos4tipo'

2021-12-01 11:48:26 - [TEST_STEP][PASSED] - click(findTestObject("Modulo Tarea Actos Administrativos/Elaboracion Acto Cambio de Empleado/a_Aplicar2")): Object: 'Object Repository/Modulo Tarea Actos Administrativos/Elaboracion Acto Cambio de Empleado/a_Aplicar2' is clicked on

2021-12-01 11:48:26 - [MESSAGE][PASSED] - Object: 'Object Repository/Modulo Tarea Actos Administrativos/Elaboracion Acto Cambio de Empleado/a_Aplicar2' is clicked on

2021-12-01 11:48:26 - [TEST_STEP][PASSED] - waitForElementClickable(findTestObject("Modulo Tarea Actos Administrativos/Elaboracion Acto Cambio de Empleado/span_CAJA DE COMPENSACION"), G_TimeOut): Object 'Object Repository/Modulo Tarea Actos Administrativos/Elaboracion Acto Cambio de Empleado/span_CAJA DE COMPENSACION' is clickable

2021-12-01 11:48:27 - [MESSAGE][PASSED] - Object 'Object Repository/Modulo Tarea Actos Administrativos/Elaboracion Acto Cambio de Empleado/span_CAJA DE COMPENSACION' is clickable

2021-12-01 11:48:27 - [TEST_STEP][PASSED] - click(findTestObject("Modulo Tarea Actos Administrativos/Elaboracion Acto Cambio de Empleado/span_CAJA DE COMPENSACION")): Object: 'Object Repository/Modulo Tarea Actos Administrativos/Elaboracion Acto Cambio de Empleado/span_CAJA DE COMPENSACION' is clicked on

2021-12-01 11:48:27 - [MESSAGE][PASSED] - Object: 'Object Repository/Modulo Tarea Actos Administrativos/Elaboracion Acto Cambio de Empleado/span_CAJA DE COMPENSACION' is clicked on

2021-12-01 11:48:27 - [TEST_STEP][PASSED] - waitForElementClickable(findTestObject("Modulo Tarea Actos Administrativos/Elaboracion Acto Cambio de Empleado/span_Ccf - Compensar"), G_TimeOut): Object 'Object Repository/Modulo Tarea Actos Administrativos/Elaboracion Acto Cambio de Empleado/span_Ccf - Compensar' is clickable

2021-12-01 11:48:30 - [MESSAGE][PASSED] - Object 'Object Repository/Modulo Tarea Actos Administrativos/Elaboracion Acto Cambio de Empleado/span_Ccf - Compensar' is clickable

2021-12-01 11:48:30 - [TEST_STEP][PASSED] - click(findTestObject("Modulo Tarea Actos Administrativos/Elaboracion Acto Cambio de Empleado/span_Ccf - Compensar")): Object: 'Object Repository/Modulo Tarea Actos Administrativos/Elaboracion Acto Cambio de Empleado/span_Ccf - Compensar' is clicked on

2021-12-01 11:48:31 - [MESSAGE][PASSED] - Object: 'Object Repository/Modulo Tarea Actos Administrativos/Elaboracion Acto Cambio de Empleado/span_Ccf - Compensar' is clicked on

2021-12-01 11:48:31 - [TEST_STEP][PASSED] - waitForElementClickable(findTestObject("Modulo Tarea Actos Administrativos/Elaboracion Acto Cambio de Empleado/a_Continuar"), G_TimeOut): Object 'Object Repository/Modulo Tarea Actos Administrativos/Elaboracion Acto Cambio de Empleado/a_Continuar' is clickable

2021-12-01 11:48:31 - [MESSAGE][PASSED] - Object 'Object Repository/Modulo Tarea Actos Administrativos/Elaboracion Acto Cambio de Empleado/a_Continuar' is clickable

2021-12-01 11:48:31 - [TEST_STEP][PASSED] - click(findTestObject("Modulo Tarea Actos Administrativos/Elaboracion Acto Cambio de Empleado/a_Continuar")): Object: 'Object Repository/Modulo Tarea Actos Administrativos/Elaboracion Acto Cambio de Empleado/a_Continuar' is clicked on

2021-12-01 11:48:32 - [MESSAGE][PASSED] - Object: 'Object Repository/Modulo Tarea Actos Administrativos/Elaboracion Acto Cambio de Empleado/a_Continuar' is clicked on

2021-12-01 11:48:32 - [TEST_STEP][PASSED] - waitForElementClickable(findTestObject("Modulo Tarea Actos Administrativos/Elaboracion Acto Cambio de Empleado/td_10247"), G_TimeOut): Object 'Object Repository/Modulo Tarea Actos Administrativos/Elaboracion Acto Cambio de Empleado/td_10247' is clickable

2021-12-01 11:48:33 - [MESSAGE][PASSED] - Object 'Object Repository/Modulo Tarea Actos Administrativos/Elaboracion Acto Cambio de Empleado/td_10247' is clickable

2021-12-01 11:48:33 - [TEST_STEP][PASSED] - click(findTestObject("Modulo Tarea Actos Administrativos/Elaboracion Acto Cambio de Empleado/td_10247")): Object: 'Object Repository/Modulo Tarea Actos Administrativos/Elaboracion Acto Cambio de Empleado/td_10247' is clicked on

2021-12-01 11:48:34 - [MESSAGE][PASSED] - Object: 'Object Repository/Modulo Tarea Actos Administrativos/Elaboracion Acto Cambio de Empleado/td_10247' is clicked on

2021-12-01 11:48:34 - [TEST_STEP][PASSED] - waitForElementClickable(findTestObject("Modulo Tarea Actos Administrativos/Elaboracion Acto Cambio de Empleado/a_Actualizar"), G_TimeOut): Object 'Object Repository/Modulo Tarea Actos Administrativos/Elaboracion Acto Cambio de Empleado/a_Actualizar' is clickable

2021-12-01 11:48:34 - [MESSAGE][PASSED] - Object 'Object Repository/Modulo Tarea Actos Administrativos/Elaboracion Acto Cambio de Empleado/a_Actualizar' is clickable

2021-12-01 11:48:34 - [TEST_STEP][PASSED] - click(findTestObject("Modulo Tarea Actos Administrativos/Elaboracion Acto Cambio de Empleado/a_Actualizar")): Object: 'Object Repository/Modulo Tarea Actos Administrativos/Elaboracion Acto Cambio de Empleado/a_Actualizar' is clicked on

2021-12-01 11:48:35 - [MESSAGE][PASSED] - Object: 'Object Repository/Modulo Tarea Actos Administrativos/Elaboracion Acto Cambio de Empleado/a_Actualizar' is clicked on

2021-12-01 11:48:35 - [TEST_STEP][PASSED] - selectOptionByValue(findTestObject("Modulo Tarea Actos Administrativos/Elaboracion Acto Cambio de Empleado/select_--- Seleccione Tipo de"), "2", true): All options with value '2' are selected in object 'Object Repository/Modulo Tarea Actos Administrativos/Elaboracion Acto Cambio de Empleado/select_--- Seleccione Tipo de'  using regular expression

2021-12-01 11:48:36 - [MESSAGE][PASSED] - All options with value '2' are selected in object 'Object Repository/Modulo Tarea Actos Administrativos/Elaboracion Acto Cambio de Empleado/select_--- Seleccione Tipo de'  using regular expression

2021-12-01 11:48:36 - [TEST_STEP][PASSED] - waitForElementClickable(findTestObject("Modulo Tarea Actos Administrativos/Elaboracion Acto Cambio de Empleado/a_Zona Econmica_form_actoIngresoj_idt11656j_idt1204"), G_TimeOut): Object 'Object Repository/Modulo Tarea Actos Administrativos/Elaboracion Acto Cambio de Empleado/a_Zona Econmica_form_actoIngresoj_idt11656j_idt1204' is clickable

2021-12-01 11:48:37 - [MESSAGE][PASSED] - Object 'Object Repository/Modulo Tarea Actos Administrativos/Elaboracion Acto Cambio de Empleado/a_Zona Econmica_form_actoIngresoj_idt11656j_idt1204' is clickable

2021-12-01 11:48:37 - [TEST_STEP][PASSED] - click(findTestObject("Modulo Tarea Actos Administrativos/Elaboracion Acto Cambio de Empleado/a_Zona Econmica_form_actoIngresoj_idt11656j_idt1204")): Object: 'Object Repository/Modulo Tarea Actos Administrativos/Elaboracion Acto Cambio de Empleado/a_Zona Econmica_form_actoIngresoj_idt11656j_idt1204' is clicked on

2021-12-01 11:48:37 - [MESSAGE][PASSED] - Object: 'Object Repository/Modulo Tarea Actos Administrativos/Elaboracion Acto Cambio de Empleado/a_Zona Econmica_form_actoIngresoj_idt11656j_idt1204' is clicked on

2021-12-01 11:48:37 - [TEST_STEP][PASSED] - waitForElementClickable(findTestObject("Modulo Tarea Actos Administrativos/Elaboracion Acto Cambio de Empleado/span_B1"), G_TimeOut): Object 'Object Repository/Modulo Tarea Actos Administrativos/Elaboracion Acto Cambio de Empleado/span_B1' is clickable

2021-12-01 11:48:38 - [MESSAGE][PASSED] - Object 'Object Repository/Modulo Tarea Actos Administrativos/Elaboracion Acto Cambio de Empleado/span_B1' is clickable

2021-12-01 11:48:38 - [TEST_STEP][PASSED] - click(findTestObject("Modulo Tarea Actos Administrativos/Elaboracion Acto Cambio de Empleado/span_B1")): Object: 'Object Repository/Modulo Tarea Actos Administrativos/Elaboracion Acto Cambio de Empleado/span_B1' is clicked on

2021-12-01 11:48:38 - [MESSAGE][PASSED] - Object: 'Object Repository/Modulo Tarea Actos Administrativos/Elaboracion Acto Cambio de Empleado/span_B1' is clicked on

2021-12-01 11:48:38 - [TEST_STEP][PASSED] - waitForElementClickable(findTestObject("Modulo Tarea Actos Administrativos/Elaboracion Acto Cambio de Empleado/a_Continuar (1)"), G_TimeOut): Object 'Object Repository/Modulo Tarea Actos Administrativos/Elaboracion Acto Cambio de Empleado/a_Continuar (1)' is clickable

2021-12-01 11:48:39 - [MESSAGE][PASSED] - Object 'Object Repository/Modulo Tarea Actos Administrativos/Elaboracion Acto Cambio de Empleado/a_Continuar (1)' is clickable

2021-12-01 11:48:39 - [TEST_STEP][PASSED] - click(findTestObject("Modulo Tarea Actos Administrativos/Elaboracion Acto Cambio de Empleado/a_Continuar (1)")): Object: 'Object Repository/Modulo Tarea Actos Administrativos/Elaboracion Acto Cambio de Empleado/a_Continuar (1)' is clicked on

2021-12-01 11:48:39 - [MESSAGE][PASSED] - Object: 'Object Repository/Modulo Tarea Actos Administrativos/Elaboracion Acto Cambio de Empleado/a_Continuar (1)' is clicked on

2021-12-01 11:48:39 - [TEST_STEP][PASSED] - waitForElementClickable(findTestObject("Modulo Tarea Actos Administrativos/Elaboracion Acto Cambio de Empleado/a_Descargar pdf"), G_TimeOut): Object 'Object Repository/Modulo Tarea Actos Administrativos/Elaboracion Acto Cambio de Empleado/a_Descargar pdf' is clickable

2021-12-01 11:48:47 - [MESSAGE][PASSED] - Object 'Object Repository/Modulo Tarea Actos Administrativos/Elaboracion Acto Cambio de Empleado/a_Descargar pdf' is clickable

2021-12-01 11:48:47 - [TEST_STEP][PASSED] - waitForElementClickable(findTestObject("Modulo Tarea Actos Administrativos/Elaboracion Acto Cambio de Empleado/a_Aplicar"), G_TimeOut): Object 'Object Repository/Modulo Tarea Actos Administrativos/Elaboracion Acto Cambio de Empleado/a_Aplicar' is clickable

2021-12-01 11:48:47 - [MESSAGE][PASSED] - Object 'Object Repository/Modulo Tarea Actos Administrativos/Elaboracion Acto Cambio de Empleado/a_Aplicar' is clickable

2021-12-01 11:48:47 - [TEST_STEP][PASSED] - click(findTestObject("Modulo Tarea Actos Administrativos/Elaboracion Acto Cambio de Empleado/a_Aplicar")): Object: 'Object Repository/Modulo Tarea Actos Administrativos/Elaboracion Acto Cambio de Empleado/a_Aplicar' is clicked on

2021-12-01 11:48:47 - [MESSAGE][PASSED] - Object: 'Object Repository/Modulo Tarea Actos Administrativos/Elaboracion Acto Cambio de Empleado/a_Aplicar' is clicked on

2021-12-01 11:48:47 - [TEST_STEP][PASSED] - getText(findTestObject("Alerta/Alerta")): Text of object 'Object Repository/Alerta/Alerta' is: 'Puesto de trabajo ocupado (A1 10276)'

2021-12-01 11:48:51 - [MESSAGE][PASSED] - Text of object 'Object Repository/Alerta/Alerta' is: 'Puesto de trabajo ocupado (A1 10276)'

2021-12-01 11:48:51 - [TEST_STEP][PASSED] - closeBrowser(): Browser is closed

2021-12-01 11:48:51 - [MESSAGE][PASSED] - Browser is closed]]></system-out>
         <system-err><![CDATA[]]></system-err>
      </testcase>
      <testcase name="Test Cases/1.1-Tareas Principales/1.1.4-Crear Periodos Internos de cada Nomina" time="0.255" classname="Test Cases/1.1-Tareas Principales/1.1.4-Crear Periodos Internos de cada Nomina" status="PASSED">
         <system-out><![CDATA[2021-12-01 11:48:51 - [TEST_CASE][PASSED] - Test Cases/1.1-Tareas Principales/1.1.4-Crear Periodos Internos de cada Nomina: Test Cases/1.1-Tareas Principales/1.1.4-Crear Periodos Internos de cada Nomina

2021-12-01 11:48:52 - [TEST_STEP][PASSED] - return null: null]]></system-out>
         <system-err><![CDATA[]]></system-err>
      </testcase>
      <testcase name="Test Cases/1.1-Tareas Principales/1.1.5-Generacion Periodos Internos de cada Nomina" time="30.075" classname="Test Cases/1.1-Tareas Principales/1.1.5-Generacion Periodos Internos de cada Nomina" status="PASSED">
         <system-out><![CDATA[2021-12-01 11:48:52 - [TEST_CASE][PASSED] - Test Cases/1.1-Tareas Principales/1.1.5-Generacion Periodos Internos de cada Nomina: Test Cases/1.1-Tareas Principales/1.1.5-Generacion Periodos Internos de cada Nomina

2021-12-01 11:48:52 - [TEST_STEP][PASSED] - today = new java.util.Date(): null

2021-12-01 11:48:52 - [TEST_STEP][PASSED] - todaysDate = today.format("dd/MM/yyyy"): null

2021-12-01 11:48:52 - [TEST_STEP][PASSED] - projectName = "Regression Project " + todaysDate: null

2021-12-01 11:48:52 - [TEST_STEP][PASSED] - callTestCase(findTestCase("Hutilidades/Tareas Administracion Compensacion/Tarea Mantenimieto Periodo Nomina"), [:], STOP_ON_FAILURE): Call Test Case 'Test Cases/Hutilidades/Tareas Administracion Compensacion/Tarea Mantenimieto Periodo Nomina' successfully

2021-12-01 11:48:52 - [TEST_CASE][PASSED] - Test Cases/Hutilidades/Tareas Administracion Compensacion/Tarea Mantenimieto Periodo Nomina: Test Cases/Hutilidades/Tareas Administracion Compensacion/Tarea Mantenimieto Periodo Nomina

2021-12-01 11:48:52 - [TEST_STEP][PASSED] - callTestCase(findTestCase("0.1-Login"), [:], STOP_ON_FAILURE): Call Test Case 'Test Cases/0.1-Login' successfully

2021-12-01 11:48:52 - [TEST_CASE][PASSED] - Test Cases/0.1-Login: Test Cases/0.1-Login

2021-12-01 11:48:52 - [TEST_STEP][PASSED] - openBrowser(""): Browser is opened with url: ''

2021-12-01 11:48:52 - [MESSAGE][INFO] - Starting 'Chrome' driver

2021-12-01 11:48:52 - [MESSAGE][INFO] - Action delay is set to 0 milliseconds

2021-12-01 11:48:54 - [MESSAGE][PASSED] - Browser is opened with url: ''

2021-12-01 11:48:54 - [TEST_STEP][PASSED] - maximizeWindow(): Current window maximized

2021-12-01 11:48:54 - [MESSAGE][PASSED] - Current window maximized

2021-12-01 11:48:54 - [TEST_STEP][PASSED] - i = G_Login: null

2021-12-01 11:48:54 - [TEST_STEP][PASSED] - url = new java.net.URL(i): null

2021-12-01 11:48:54 - [TEST_STEP][PASSED] - println("URL: " + url.toString()): null

2021-12-01 11:48:54 - [TEST_STEP][PASSED] - connection = url.openConnection(): null

2021-12-01 11:48:54 - [TEST_STEP][PASSED] - connection.setRequestMethod("GET"): null

2021-12-01 11:48:54 - [TEST_STEP][PASSED] - connection.setReadTimeout(2 * 1000): null

2021-12-01 11:48:54 - [TEST_STEP][PASSED] - try: null

2021-12-01 11:48:54 - [TEST_STEP][PASSED] - connection.connect(): null

2021-12-01 11:48:54 - [TEST_STEP][PASSED] - flag = connected: null

2021-12-01 11:48:54 - [TEST_STEP][PASSED] - println("Valor_ori: " + flag): null

2021-12-01 11:48:54 - [TEST_STEP][PASSED] - if (flag): null

2021-12-01 11:48:54 - [TEST_STEP][PASSED] - navigateToUrl(i): Navigate to 'http://localhost:8380/saraweb/' successfully

2021-12-01 11:48:55 - [MESSAGE][PASSED] - Navigate to 'http://localhost:8380/saraweb/' successfully

2021-12-01 11:48:55 - [TEST_STEP][PASSED] - a(): null

2021-12-01 11:48:55 - [TEST_STEP][PASSED] - setText(findTestObject("Login/input_USUARIO_loginusuario"), G_Usuario): Text 'saraadmin' is set on object 'Object Repository/Login/input_USUARIO_loginusuario'

2021-12-01 11:48:56 - [MESSAGE][PASSED] - Text 'saraadmin' is set on object 'Object Repository/Login/input_USUARIO_loginusuario'

2021-12-01 11:48:56 - [TEST_STEP][PASSED] - setEncryptedText(findTestObject("Login/input_CLAVE_loginpassword"), "MkG4/TYiCFC3cb2driP7+Q=="): Text ****** has been set on object 'Object Repository/Login/input_CLAVE_loginpassword'

2021-12-01 11:48:56 - [MESSAGE][PASSED] - Text ****** has been set on object 'Object Repository/Login/input_CLAVE_loginpassword'

2021-12-01 11:48:56 - [TEST_STEP][PASSED] - waitForElementClickable(findTestObject("Login/a_Ingresar"), G_TimeOut): Object 'Object Repository/Login/a_Ingresar' is clickable

2021-12-01 11:48:57 - [MESSAGE][PASSED] - Object 'Object Repository/Login/a_Ingresar' is clickable

2021-12-01 11:48:57 - [TEST_STEP][PASSED] - click(findTestObject("Login/a_Ingresar")): Object: 'Object Repository/Login/a_Ingresar' is clicked on

2021-12-01 11:48:59 - [MESSAGE][PASSED] - Object: 'Object Repository/Login/a_Ingresar' is clicked on

2021-12-01 11:48:59 - [TEST_STEP][PASSED] - element = findWebElement(findTestObject("Login/a_Ir"), 30): null

2021-12-01 11:49:00 - [TEST_STEP][PASSED] - executeJavaScript("arguments[0].click()", Arrays.asList(element)): Execute JavaScript 'arguments[0].click()' successfully

2021-12-01 11:49:00 - [MESSAGE][PASSED] - Execute JavaScript 'arguments[0].click()' successfully

2021-12-01 11:49:00 - [MESSAGE][PASSED] - Call Test Case 'Test Cases/0.1-Login' successfully

2021-12-01 11:49:00 - [TEST_STEP][PASSED] - waitForElementClickable(findTestObject("Modulo Tarea Administracion Compensacion/Tarea Mantenimieto Periodo Nomina/input_Actos Administrativos_form_templatej_idt24_input"), G_TimeOut): Object 'Object Repository/Modulo Tarea Administracion Compensacion/Tarea Mantenimieto Periodo Nomina/input_Actos Administrativos_form_templatej_idt24_input' is clickable

2021-12-01 11:49:01 - [MESSAGE][PASSED] - Object 'Object Repository/Modulo Tarea Administracion Compensacion/Tarea Mantenimieto Periodo Nomina/input_Actos Administrativos_form_templatej_idt24_input' is clickable

2021-12-01 11:49:01 - [TEST_STEP][PASSED] - setText(findTestObject("Modulo Tarea Administracion Compensacion/Tarea Mantenimieto Periodo Nomina/input_Actos Administrativos_form_templatej_idt24_input"), "Mantenimiento Periodo"): Text 'Mantenimiento Periodo' is set on object 'Object Repository/Modulo Tarea Administracion Compensacion/Tarea Mantenimieto Periodo Nomina/input_Actos Administrativos_form_templatej_idt24_input'

2021-12-01 11:49:01 - [MESSAGE][PASSED] - Text 'Mantenimiento Periodo' is set on object 'Object Repository/Modulo Tarea Administracion Compensacion/Tarea Mantenimieto Periodo Nomina/input_Actos Administrativos_form_templatej_idt24_input'

2021-12-01 11:49:01 - [TEST_STEP][PASSED] - delay(3): Delayed 3 second(s)

2021-12-01 11:49:04 - [MESSAGE][PASSED] - Delayed 3 second(s)

2021-12-01 11:49:04 - [TEST_STEP][PASSED] - sendKeys(findTestObject("Modulo Tarea Administracion Compensacion/Tarea Mantenimieto Periodo Nomina/input_Actos Administrativos_form_templatej_idt24_input"), Keys.chord(ENTER)): Keys 'ENTER + ' sent to object: 'Object Repository/Modulo Tarea Administracion Compensacion/Tarea Mantenimieto Periodo Nomina/input_Actos Administrativos_form_templatej_idt24_input'

2021-12-01 11:49:05 - [MESSAGE][PASSED] - Keys 'ENTER + ' sent to object: 'Object Repository/Modulo Tarea Administracion Compensacion/Tarea Mantenimieto Periodo Nomina/input_Actos Administrativos_form_templatej_idt24_input'

2021-12-01 11:49:05 - [MESSAGE][PASSED] - Call Test Case 'Test Cases/Hutilidades/Tareas Administracion Compensacion/Tarea Mantenimieto Periodo Nomina' successfully

2021-12-01 11:49:05 - [TEST_STEP][PASSED] - waitForElementClickable(findTestObject("Modulo Tarea Administracion Compensacion/Generacion Periodos Internos de Cada Nomina/span_NOMINA MENSUAL"), G_TimeOut): Object 'Object Repository/Modulo Tarea Administracion Compensacion/Generacion Periodos Internos de Cada Nomina/span_NOMINA MENSUAL' is clickable

2021-12-01 11:49:06 - [MESSAGE][PASSED] - Object 'Object Repository/Modulo Tarea Administracion Compensacion/Generacion Periodos Internos de Cada Nomina/span_NOMINA MENSUAL' is clickable

2021-12-01 11:49:06 - [TEST_STEP][PASSED] - click(findTestObject("Modulo Tarea Administracion Compensacion/Generacion Periodos Internos de Cada Nomina/span_NOMINA MENSUAL")): Object: 'Object Repository/Modulo Tarea Administracion Compensacion/Generacion Periodos Internos de Cada Nomina/span_NOMINA MENSUAL' is clicked on

2021-12-01 11:49:06 - [MESSAGE][PASSED] - Object: 'Object Repository/Modulo Tarea Administracion Compensacion/Generacion Periodos Internos de Cada Nomina/span_NOMINA MENSUAL' is clicked on

2021-12-01 11:49:06 - [TEST_STEP][PASSED] - if (waitForElementClickable(findTestObject("Modulo Tarea Administracion Compensacion/Generacion Periodos Internos de Cada Nomina/td_P. MensualAgosto2021"), 1)): null

2021-12-01 11:49:07 - [MESSAGE][PASSED] - Object 'Object Repository/Modulo Tarea Administracion Compensacion/Generacion Periodos Internos de Cada Nomina/td_P. MensualAgosto2021' is clickable

2021-12-01 11:49:07 - [TEST_STEP][PASSED] - click(findTestObject("Modulo Tarea Administracion Compensacion/Generacion Periodos Internos de Cada Nomina/td_P. MensualAgosto2021")): Object: 'Object Repository/Modulo Tarea Administracion Compensacion/Generacion Periodos Internos de Cada Nomina/td_P. MensualAgosto2021' is clicked on

2021-12-01 11:49:07 - [MESSAGE][PASSED] - Object: 'Object Repository/Modulo Tarea Administracion Compensacion/Generacion Periodos Internos de Cada Nomina/td_P. MensualAgosto2021' is clicked on

2021-12-01 11:49:07 - [TEST_STEP][PASSED] - waitForElementClickable(findTestObject("Modulo Tarea Administracion Compensacion/Generacion Periodos Internos de Cada Nomina/a_Eliminar_Periodo Agosto"), 0): Object 'Object Repository/Modulo Tarea Administracion Compensacion/Generacion Periodos Internos de Cada Nomina/a_Eliminar_Periodo Agosto' is clickable

2021-12-01 11:49:07 - [MESSAGE][WARNING] - Timeout '0' is invalid. Using default page load timeout: '30'

2021-12-01 11:49:10 - [MESSAGE][PASSED] - Object 'Object Repository/Modulo Tarea Administracion Compensacion/Generacion Periodos Internos de Cada Nomina/a_Eliminar_Periodo Agosto' is clickable

2021-12-01 11:49:10 - [TEST_STEP][PASSED] - click(findTestObject("Modulo Tarea Administracion Compensacion/Generacion Periodos Internos de Cada Nomina/a_Eliminar_Periodo Agosto")): Object: 'Object Repository/Modulo Tarea Administracion Compensacion/Generacion Periodos Internos de Cada Nomina/a_Eliminar_Periodo Agosto' is clicked on

2021-12-01 11:49:10 - [MESSAGE][PASSED] - Object: 'Object Repository/Modulo Tarea Administracion Compensacion/Generacion Periodos Internos de Cada Nomina/a_Eliminar_Periodo Agosto' is clicked on

2021-12-01 11:49:10 - [TEST_STEP][PASSED] - click(findTestObject("Modulo Tarea Administracion Compensacion/Generacion Periodos Internos de Cada Nomina/a_Aceptar_ELiminar_Agosto")): Object: 'Object Repository/Modulo Tarea Administracion Compensacion/Generacion Periodos Internos de Cada Nomina/a_Aceptar_ELiminar_Agosto' is clicked on

2021-12-01 11:49:12 - [MESSAGE][PASSED] - Object: 'Object Repository/Modulo Tarea Administracion Compensacion/Generacion Periodos Internos de Cada Nomina/a_Aceptar_ELiminar_Agosto' is clicked on

2021-12-01 11:49:12 - [TEST_STEP][PASSED] - waitForElementClickable(findTestObject("Modulo Tarea Administracion Compensacion/Generacion Periodos Internos de Cada Nomina/a_Generar Periodicidad"), G_TimeOut): Object 'Object Repository/Modulo Tarea Administracion Compensacion/Generacion Periodos Internos de Cada Nomina/a_Generar Periodicidad' is clickable

2021-12-01 11:49:12 - [MESSAGE][PASSED] - Object 'Object Repository/Modulo Tarea Administracion Compensacion/Generacion Periodos Internos de Cada Nomina/a_Generar Periodicidad' is clickable

2021-12-01 11:49:12 - [TEST_STEP][PASSED] - click(findTestObject("Modulo Tarea Administracion Compensacion/Generacion Periodos Internos de Cada Nomina/a_Generar Periodicidad")): Object: 'Object Repository/Modulo Tarea Administracion Compensacion/Generacion Periodos Internos de Cada Nomina/a_Generar Periodicidad' is clicked on

2021-12-01 11:49:13 - [MESSAGE][PASSED] - Object: 'Object Repository/Modulo Tarea Administracion Compensacion/Generacion Periodos Internos de Cada Nomina/a_Generar Periodicidad' is clicked on

2021-12-01 11:49:13 - [TEST_STEP][PASSED] - setText(findTestObject("Modulo Tarea Administracion Compensacion/Generacion Periodos Internos de Cada Nomina/input_Descripcin Periodo_formPoGePepoGePePeriodicidadDescripcion"), "P. Mensual"): Text 'P. Mensual' is set on object 'Object Repository/Modulo Tarea Administracion Compensacion/Generacion Periodos Internos de Cada Nomina/input_Descripcin Periodo_formPoGePepoGePePeriodicidadDescripcion'

2021-12-01 11:49:14 - [MESSAGE][PASSED] - Text 'P. Mensual' is set on object 'Object Repository/Modulo Tarea Administracion Compensacion/Generacion Periodos Internos de Cada Nomina/input_Descripcin Periodo_formPoGePepoGePePeriodicidadDescripcion'

2021-12-01 11:49:14 - [TEST_STEP][PASSED] - selectOptionByIndex(findTestObject("Modulo Tarea Administracion Compensacion/Generacion Periodos Internos de Cada Nomina/select_--Seleccione--CatorcenalMensualQuincenalSemanal"), "2"): All options with index in [2] are selected on object 'Object Repository/Modulo Tarea Administracion Compensacion/Generacion Periodos Internos de Cada Nomina/select_--Seleccione--CatorcenalMensualQuincenalSemanal'

2021-12-01 11:49:15 - [MESSAGE][PASSED] - All options with index in [2] are selected on object 'Object Repository/Modulo Tarea Administracion Compensacion/Generacion Periodos Internos de Cada Nomina/select_--Seleccione--CatorcenalMensualQuincenalSemanal'

2021-12-01 11:49:15 - [TEST_STEP][PASSED] - waitForElementClickable(findTestObject("Modulo Tarea Administracion Compensacion/Generacion Periodos Internos de Cada Nomina/input_Prefijo_formPoGePeprefijo"), G_TimeOut): Object 'Object Repository/Modulo Tarea Administracion Compensacion/Generacion Periodos Internos de Cada Nomina/input_Prefijo_formPoGePeprefijo' is clickable

2021-12-01 11:49:15 - [MESSAGE][PASSED] - Object 'Object Repository/Modulo Tarea Administracion Compensacion/Generacion Periodos Internos de Cada Nomina/input_Prefijo_formPoGePeprefijo' is clickable

2021-12-01 11:49:15 - [TEST_STEP][PASSED] - click(findTestObject("Modulo Tarea Administracion Compensacion/Generacion Periodos Internos de Cada Nomina/input_Prefijo_formPoGePeprefijo")): Object: 'Object Repository/Modulo Tarea Administracion Compensacion/Generacion Periodos Internos de Cada Nomina/input_Prefijo_formPoGePeprefijo' is clicked on

2021-12-01 11:49:16 - [MESSAGE][PASSED] - Object: 'Object Repository/Modulo Tarea Administracion Compensacion/Generacion Periodos Internos de Cada Nomina/input_Prefijo_formPoGePeprefijo' is clicked on

2021-12-01 11:49:16 - [TEST_STEP][PASSED] - setText(findTestObject("Modulo Tarea Administracion Compensacion/Generacion Periodos Internos de Cada Nomina/input_Prefijo_formPoGePeprefijo"), "PM"): Text 'PM' is set on object 'Object Repository/Modulo Tarea Administracion Compensacion/Generacion Periodos Internos de Cada Nomina/input_Prefijo_formPoGePeprefijo'

2021-12-01 11:49:16 - [MESSAGE][PASSED] - Text 'PM' is set on object 'Object Repository/Modulo Tarea Administracion Compensacion/Generacion Periodos Internos de Cada Nomina/input_Prefijo_formPoGePeprefijo'

2021-12-01 11:49:16 - [TEST_STEP][PASSED] - setText(findTestObject("Modulo Tarea Administracion Compensacion/Generacion Periodos Internos de Cada Nomina/input_Fecha Inicial_formPoGePepoGePeFechaInicial_input"), "1/08/2021"): Text '1/08/2021' is set on object 'Object Repository/Modulo Tarea Administracion Compensacion/Generacion Periodos Internos de Cada Nomina/input_Fecha Inicial_formPoGePepoGePeFechaInicial_input'

2021-12-01 11:49:17 - [MESSAGE][PASSED] - Text '1/08/2021' is set on object 'Object Repository/Modulo Tarea Administracion Compensacion/Generacion Periodos Internos de Cada Nomina/input_Fecha Inicial_formPoGePepoGePeFechaInicial_input'

2021-12-01 11:49:17 - [TEST_STEP][PASSED] - setText(findTestObject("Modulo Tarea Administracion Compensacion/Generacion Periodos Internos de Cada Nomina/input_Fecha Final_formPoGePepoGePeFechaFinal_input"), "31/08/2021"): Text '31/08/2021' is set on object 'Object Repository/Modulo Tarea Administracion Compensacion/Generacion Periodos Internos de Cada Nomina/input_Fecha Final_formPoGePepoGePeFechaFinal_input'

2021-12-01 11:49:18 - [MESSAGE][PASSED] - Text '31/08/2021' is set on object 'Object Repository/Modulo Tarea Administracion Compensacion/Generacion Periodos Internos de Cada Nomina/input_Fecha Final_formPoGePepoGePeFechaFinal_input'

2021-12-01 11:49:18 - [TEST_STEP][PASSED] - waitForElementClickable(findTestObject("Modulo Tarea Administracion Compensacion/Generacion Periodos Internos de Cada Nomina/a_Generar"), G_TimeOut): Object 'Object Repository/Modulo Tarea Administracion Compensacion/Generacion Periodos Internos de Cada Nomina/a_Generar' is clickable

2021-12-01 11:49:19 - [MESSAGE][PASSED] - Object 'Object Repository/Modulo Tarea Administracion Compensacion/Generacion Periodos Internos de Cada Nomina/a_Generar' is clickable

2021-12-01 11:49:19 - [TEST_STEP][PASSED] - click(findTestObject("Modulo Tarea Administracion Compensacion/Generacion Periodos Internos de Cada Nomina/a_Generar")): Object: 'Object Repository/Modulo Tarea Administracion Compensacion/Generacion Periodos Internos de Cada Nomina/a_Generar' is clicked on

2021-12-01 11:49:19 - [MESSAGE][PASSED] - Object: 'Object Repository/Modulo Tarea Administracion Compensacion/Generacion Periodos Internos de Cada Nomina/a_Generar' is clicked on

2021-12-01 11:49:19 - [TEST_STEP][PASSED] - waitForElementClickable(findTestObject("Modulo Tarea Administracion Compensacion/Generacion Periodos Internos de Cada Nomina/a_Guardar"), G_TimeOut): Object 'Object Repository/Modulo Tarea Administracion Compensacion/Generacion Periodos Internos de Cada Nomina/a_Guardar' is clickable

2021-12-01 11:49:20 - [MESSAGE][PASSED] - Object 'Object Repository/Modulo Tarea Administracion Compensacion/Generacion Periodos Internos de Cada Nomina/a_Guardar' is clickable

2021-12-01 11:49:20 - [TEST_STEP][PASSED] - click(findTestObject("Modulo Tarea Administracion Compensacion/Generacion Periodos Internos de Cada Nomina/a_Guardar")): Object: 'Object Repository/Modulo Tarea Administracion Compensacion/Generacion Periodos Internos de Cada Nomina/a_Guardar' is clicked on

2021-12-01 11:49:20 - [MESSAGE][PASSED] - Object: 'Object Repository/Modulo Tarea Administracion Compensacion/Generacion Periodos Internos de Cada Nomina/a_Guardar' is clicked on

2021-12-01 11:49:20 - [TEST_STEP][PASSED] - getText(findTestObject("Alerta/Alerta")): Text of object 'Object Repository/Alerta/Alerta' is: 'Proceso realizado correctamente.'

2021-12-01 11:49:21 - [MESSAGE][PASSED] - Text of object 'Object Repository/Alerta/Alerta' is: 'Proceso realizado correctamente.'

2021-12-01 11:49:21 - [TEST_STEP][PASSED] - closeBrowser(): Browser is closed

2021-12-01 11:49:22 - [MESSAGE][PASSED] - Browser is closed]]></system-out>
         <system-err><![CDATA[]]></system-err>
      </testcase>
      <testcase name="Test Cases/1.1-Tareas Principales/1.7.1 Crear Histórico Vacaciones" time="41.975" classname="Test Cases/1.1-Tareas Principales/1.7.1 Crear Histórico Vacaciones" status="PASSED">
         <system-out><![CDATA[2021-12-01 11:49:22 - [TEST_CASE][PASSED] - Test Cases/1.1-Tareas Principales/1.7.1 Crear Histórico Vacaciones: Test Cases/1.1-Tareas Principales/1.7.1 Crear Histórico Vacaciones

2021-12-01 11:49:22 - [TEST_STEP][PASSED] - callTestCase(findTestCase("0.1-Login"), [:], STOP_ON_FAILURE): Call Test Case 'Test Cases/0.1-Login' successfully

2021-12-01 11:49:22 - [TEST_CASE][PASSED] - Test Cases/0.1-Login: Test Cases/0.1-Login

2021-12-01 11:49:22 - [TEST_STEP][PASSED] - openBrowser(""): Browser is opened with url: ''

2021-12-01 11:49:22 - [MESSAGE][INFO] - Starting 'Chrome' driver

2021-12-01 11:49:22 - [MESSAGE][INFO] - Action delay is set to 0 milliseconds

2021-12-01 11:49:24 - [MESSAGE][PASSED] - Browser is opened with url: ''

2021-12-01 11:49:24 - [TEST_STEP][PASSED] - maximizeWindow(): Current window maximized

2021-12-01 11:49:24 - [MESSAGE][PASSED] - Current window maximized

2021-12-01 11:49:24 - [TEST_STEP][PASSED] - i = G_Login: null

2021-12-01 11:49:24 - [TEST_STEP][PASSED] - url = new java.net.URL(i): null

2021-12-01 11:49:24 - [TEST_STEP][PASSED] - println("URL: " + url.toString()): null

2021-12-01 11:49:24 - [TEST_STEP][PASSED] - connection = url.openConnection(): null

2021-12-01 11:49:24 - [TEST_STEP][PASSED] - connection.setRequestMethod("GET"): null

2021-12-01 11:49:24 - [TEST_STEP][PASSED] - connection.setReadTimeout(2 * 1000): null

2021-12-01 11:49:24 - [TEST_STEP][PASSED] - try: null

2021-12-01 11:49:24 - [TEST_STEP][PASSED] - connection.connect(): null

2021-12-01 11:49:24 - [TEST_STEP][PASSED] - flag = connected: null

2021-12-01 11:49:24 - [TEST_STEP][PASSED] - println("Valor_ori: " + flag): null

2021-12-01 11:49:24 - [TEST_STEP][PASSED] - if (flag): null

2021-12-01 11:49:24 - [TEST_STEP][PASSED] - navigateToUrl(i): Navigate to 'http://localhost:8380/saraweb/' successfully

2021-12-01 11:49:24 - [MESSAGE][PASSED] - Navigate to 'http://localhost:8380/saraweb/' successfully

2021-12-01 11:49:24 - [TEST_STEP][PASSED] - a(): null

2021-12-01 11:49:24 - [TEST_STEP][PASSED] - setText(findTestObject("Login/input_USUARIO_loginusuario"), G_Usuario): Text 'saraadmin' is set on object 'Object Repository/Login/input_USUARIO_loginusuario'

2021-12-01 11:49:25 - [MESSAGE][PASSED] - Text 'saraadmin' is set on object 'Object Repository/Login/input_USUARIO_loginusuario'

2021-12-01 11:49:25 - [TEST_STEP][PASSED] - setEncryptedText(findTestObject("Login/input_CLAVE_loginpassword"), "MkG4/TYiCFC3cb2driP7+Q=="): Text ****** has been set on object 'Object Repository/Login/input_CLAVE_loginpassword'

2021-12-01 11:49:26 - [MESSAGE][PASSED] - Text ****** has been set on object 'Object Repository/Login/input_CLAVE_loginpassword'

2021-12-01 11:49:26 - [TEST_STEP][PASSED] - waitForElementClickable(findTestObject("Login/a_Ingresar"), G_TimeOut): Object 'Object Repository/Login/a_Ingresar' is clickable

2021-12-01 11:49:26 - [MESSAGE][PASSED] - Object 'Object Repository/Login/a_Ingresar' is clickable

2021-12-01 11:49:26 - [TEST_STEP][PASSED] - click(findTestObject("Login/a_Ingresar")): Object: 'Object Repository/Login/a_Ingresar' is clicked on

2021-12-01 11:49:30 - [MESSAGE][PASSED] - Object: 'Object Repository/Login/a_Ingresar' is clicked on

2021-12-01 11:49:30 - [TEST_STEP][PASSED] - element = findWebElement(findTestObject("Login/a_Ir"), 30): null

2021-12-01 11:49:31 - [TEST_STEP][PASSED] - executeJavaScript("arguments[0].click()", Arrays.asList(element)): Execute JavaScript 'arguments[0].click()' successfully

2021-12-01 11:49:31 - [MESSAGE][PASSED] - Execute JavaScript 'arguments[0].click()' successfully

2021-12-01 11:49:31 - [MESSAGE][PASSED] - Call Test Case 'Test Cases/0.1-Login' successfully

2021-12-01 11:49:31 - [TEST_STEP][PASSED] - waitForElementClickable(findTestObject("Modulo Tarea Administracion Compensacion/Crear Histórico Vacaciones/input_ADMINISTRADOR DEL SISTEMA - SARA_form_templatej_idt24_input"), 0): Object 'Object Repository/Modulo Tarea Administracion Compensacion/Crear Histórico Vacaciones/input_ADMINISTRADOR DEL SISTEMA - SARA_form_templatej_idt24_input' is clickable

2021-12-01 11:49:31 - [MESSAGE][WARNING] - Timeout '0' is invalid. Using default page load timeout: '30'

2021-12-01 11:49:32 - [MESSAGE][PASSED] - Object 'Object Repository/Modulo Tarea Administracion Compensacion/Crear Histórico Vacaciones/input_ADMINISTRADOR DEL SISTEMA - SARA_form_templatej_idt24_input' is clickable

2021-12-01 11:49:32 - [TEST_STEP][PASSED] - setText(findTestObject("Modulo Tarea Administracion Compensacion/Crear Histórico Vacaciones/input_ADMINISTRADOR DEL SISTEMA - SARA_form_templatej_idt24_input"), "Listado de Empleados"): Text 'Listado de Empleados' is set on object 'Object Repository/Modulo Tarea Administracion Compensacion/Crear Histórico Vacaciones/input_ADMINISTRADOR DEL SISTEMA - SARA_form_templatej_idt24_input'

2021-12-01 11:49:33 - [MESSAGE][PASSED] - Text 'Listado de Empleados' is set on object 'Object Repository/Modulo Tarea Administracion Compensacion/Crear Histórico Vacaciones/input_ADMINISTRADOR DEL SISTEMA - SARA_form_templatej_idt24_input'

2021-12-01 11:49:33 - [TEST_STEP][PASSED] - waitForElementClickable(findTestObject("Modulo Tarea Administracion Compensacion/Crear Histórico Vacaciones/span_Listado de Empleados"), 0): Object 'Object Repository/Modulo Tarea Administracion Compensacion/Crear Histórico Vacaciones/span_Listado de Empleados' is clickable

2021-12-01 11:49:33 - [MESSAGE][WARNING] - Timeout '0' is invalid. Using default page load timeout: '30'

2021-12-01 11:49:34 - [MESSAGE][PASSED] - Object 'Object Repository/Modulo Tarea Administracion Compensacion/Crear Histórico Vacaciones/span_Listado de Empleados' is clickable

2021-12-01 11:49:34 - [TEST_STEP][PASSED] - sendKeys(findTestObject("Modulo Tarea Administracion Compensacion/Crear Histórico Vacaciones/input_ADMINISTRADOR DEL SISTEMA - SARA_form_templatej_idt24_input"), Keys.chord(ENTER)): Keys 'ENTER + ' sent to object: 'Object Repository/Modulo Tarea Administracion Compensacion/Crear Histórico Vacaciones/input_ADMINISTRADOR DEL SISTEMA - SARA_form_templatej_idt24_input'

2021-12-01 11:49:34 - [MESSAGE][PASSED] - Keys 'ENTER + ' sent to object: 'Object Repository/Modulo Tarea Administracion Compensacion/Crear Histórico Vacaciones/input_ADMINISTRADOR DEL SISTEMA - SARA_form_templatej_idt24_input'

2021-12-01 11:49:34 - [TEST_STEP][PASSED] - setText(findTestObject("Modulo Tarea Administracion Compensacion/Crear Histórico Vacaciones/input_Identificacin_1234567890"), "1234567890"): Text '1234567890' is set on object 'Object Repository/Modulo Tarea Administracion Compensacion/Crear Histórico Vacaciones/input_Identificacin_1234567890'

2021-12-01 11:49:37 - [MESSAGE][PASSED] - Text '1234567890' is set on object 'Object Repository/Modulo Tarea Administracion Compensacion/Crear Histórico Vacaciones/input_Identificacin_1234567890'

2021-12-01 11:49:37 - [TEST_STEP][PASSED] - sendKeys(findTestObject("Modulo Tarea Administracion Compensacion/Crear Histórico Vacaciones/input_Identificacin_1234567890"), Keys.chord(ENTER)): Keys 'ENTER + ' sent to object: 'Object Repository/Modulo Tarea Administracion Compensacion/Crear Histórico Vacaciones/input_Identificacin_1234567890'

2021-12-01 11:49:37 - [MESSAGE][PASSED] - Keys 'ENTER + ' sent to object: 'Object Repository/Modulo Tarea Administracion Compensacion/Crear Histórico Vacaciones/input_Identificacin_1234567890'

2021-12-01 11:49:37 - [TEST_STEP][PASSED] - click(findTestObject("Modulo Tarea Administracion Compensacion/Crear Histórico Vacaciones/span_Gomez Jose")): Object: 'Object Repository/Modulo Tarea Administracion Compensacion/Crear Histórico Vacaciones/span_Gomez Jose' is clicked on

2021-12-01 11:49:38 - [MESSAGE][PASSED] - Object: 'Object Repository/Modulo Tarea Administracion Compensacion/Crear Histórico Vacaciones/span_Gomez Jose' is clicked on

2021-12-01 11:49:38 - [TEST_STEP][PASSED] - click(findTestObject("Modulo Tarea Administracion Compensacion/Crear Histórico Vacaciones/a_Vacacin")): Object: 'Object Repository/Modulo Tarea Administracion Compensacion/Crear Histórico Vacaciones/a_Vacacin' is clicked on

2021-12-01 11:49:39 - [MESSAGE][PASSED] - Object: 'Object Repository/Modulo Tarea Administracion Compensacion/Crear Histórico Vacaciones/a_Vacacin' is clicked on

2021-12-01 11:49:39 - [TEST_STEP][PASSED] - if (waitForElementClickable(findTestObject("Modulo Tarea Administracion Compensacion/Crear Histórico Vacaciones/span_Programacion De Vacaciones"), 1)): null

2021-12-01 11:49:39 - [MESSAGE][PASSED] - Object 'Object Repository/Modulo Tarea Administracion Compensacion/Crear Histórico Vacaciones/span_Programacion De Vacaciones' is clickable

2021-12-01 11:49:39 - [TEST_STEP][PASSED] - click(findTestObject("Modulo Tarea Administracion Compensacion/Crear Histórico Vacaciones/span_Programacion De Vacaciones")): Object: 'Object Repository/Modulo Tarea Administracion Compensacion/Crear Histórico Vacaciones/span_Programacion De Vacaciones' is clicked on

2021-12-01 11:49:40 - [MESSAGE][PASSED] - Object: 'Object Repository/Modulo Tarea Administracion Compensacion/Crear Histórico Vacaciones/span_Programacion De Vacaciones' is clicked on

2021-12-01 11:49:40 - [TEST_STEP][PASSED] - click(findTestObject("Modulo Tarea Administracion Compensacion/Crear Histórico Vacaciones/a_Eliminar_Programacion")): Object: 'Object Repository/Modulo Tarea Administracion Compensacion/Crear Histórico Vacaciones/a_Eliminar_Programacion' is clicked on

2021-12-01 11:49:40 - [MESSAGE][PASSED] - Object: 'Object Repository/Modulo Tarea Administracion Compensacion/Crear Histórico Vacaciones/a_Eliminar_Programacion' is clicked on

2021-12-01 11:49:40 - [TEST_STEP][PASSED] - click(findTestObject("Modulo Tarea Administracion Compensacion/Crear Histórico Vacaciones/a_Aceptar_Eliminar_Programacion")): Object: 'Object Repository/Modulo Tarea Administracion Compensacion/Crear Histórico Vacaciones/a_Aceptar_Eliminar_Programacion' is clicked on

2021-12-01 11:49:42 - [MESSAGE][PASSED] - Object: 'Object Repository/Modulo Tarea Administracion Compensacion/Crear Histórico Vacaciones/a_Aceptar_Eliminar_Programacion' is clicked on

2021-12-01 11:49:42 - [TEST_STEP][PASSED] - if (waitForElementClickable(findTestObject("Modulo Tarea Administracion Compensacion/Crear Histórico Vacaciones/td_Programada"), 1)): Web element with id: 'Object Repository/Modulo Tarea Administracion Compensacion/Crear Histórico Vacaciones/td_Programada' located by '//*/text()[normalize-space(.)='Programada']/parent::*' not found

2021-12-01 11:49:44 - [MESSAGE][INFO] - Unable to find the element located by 'By.xpath: //*/text()[normalize-space(.)='Programada']/parent::*'. Please recheck the objects properties to make sure the desired element is located. 

2021-12-01 11:49:44 - [MESSAGE][WARNING] - Web element with id: 'Object Repository/Modulo Tarea Administracion Compensacion/Crear Histórico Vacaciones/td_Programada' located by '//*/text()[normalize-space(.)='Programada']/parent::*' not found

2021-12-01 11:49:44 - [TEST_STEP][PASSED] - waitForElementClickable(findTestObject("Modulo Tarea Administracion Compensacion/Crear Histórico Vacaciones/a_Pestaa_Histrico"), 0): Object 'Object Repository/Modulo Tarea Administracion Compensacion/Crear Histórico Vacaciones/a_Pestaa_Histrico' is clickable

2021-12-01 11:49:44 - [MESSAGE][WARNING] - Timeout '0' is invalid. Using default page load timeout: '30'

2021-12-01 11:49:44 - [MESSAGE][PASSED] - Object 'Object Repository/Modulo Tarea Administracion Compensacion/Crear Histórico Vacaciones/a_Pestaa_Histrico' is clickable

2021-12-01 11:49:44 - [TEST_STEP][PASSED] - click(findTestObject("Modulo Tarea Administracion Compensacion/Crear Histórico Vacaciones/a_Pestaa_Histrico")): Object: 'Object Repository/Modulo Tarea Administracion Compensacion/Crear Histórico Vacaciones/a_Pestaa_Histrico' is clicked on

2021-12-01 11:49:45 - [MESSAGE][PASSED] - Object: 'Object Repository/Modulo Tarea Administracion Compensacion/Crear Histórico Vacaciones/a_Pestaa_Histrico' is clicked on

2021-12-01 11:49:45 - [TEST_STEP][PASSED] - click(findTestObject("Modulo Tarea Administracion Compensacion/Crear Histórico Vacaciones/a_Nuevo historico")): Object: 'Object Repository/Modulo Tarea Administracion Compensacion/Crear Histórico Vacaciones/a_Nuevo historico' is clicked on

2021-12-01 11:49:45 - [MESSAGE][PASSED] - Object: 'Object Repository/Modulo Tarea Administracion Compensacion/Crear Histórico Vacaciones/a_Nuevo historico' is clicked on

2021-12-01 11:49:45 - [TEST_STEP][PASSED] - waitForElementClickable(findTestObject("Modulo Tarea Administracion Compensacion/Crear Histórico Vacaciones/select_Seleccione_PROGRAMACION DE VACACIONES"), 0): Object 'Object Repository/Modulo Tarea Administracion Compensacion/Crear Histórico Vacaciones/select_Seleccione_PROGRAMACION DE VACACIONES' is clickable

2021-12-01 11:49:46 - [MESSAGE][WARNING] - Timeout '0' is invalid. Using default page load timeout: '30'

2021-12-01 11:49:46 - [MESSAGE][PASSED] - Object 'Object Repository/Modulo Tarea Administracion Compensacion/Crear Histórico Vacaciones/select_Seleccione_PROGRAMACION DE VACACIONES' is clickable

2021-12-01 11:49:46 - [TEST_STEP][PASSED] - selectOptionByIndex(findTestObject("Modulo Tarea Administracion Compensacion/Crear Histórico Vacaciones/select_Seleccione_PROGRAMACION DE VACACIONES"), "2"): All options with index in [2] are selected on object 'Object Repository/Modulo Tarea Administracion Compensacion/Crear Histórico Vacaciones/select_Seleccione_PROGRAMACION DE VACACIONES'

2021-12-01 11:49:47 - [MESSAGE][PASSED] - All options with index in [2] are selected on object 'Object Repository/Modulo Tarea Administracion Compensacion/Crear Histórico Vacaciones/select_Seleccione_PROGRAMACION DE VACACIONES'

2021-12-01 11:49:47 - [TEST_STEP][PASSED] - selectOptionByIndex(findTestObject("Modulo Tarea Administracion Compensacion/Crear Histórico Vacaciones/select_Seleccione_No Aplica"), "2"): All options with index in [2] are selected on object 'Object Repository/Modulo Tarea Administracion Compensacion/Crear Histórico Vacaciones/select_Seleccione_No Aplica'

2021-12-01 11:49:48 - [MESSAGE][PASSED] - All options with index in [2] are selected on object 'Object Repository/Modulo Tarea Administracion Compensacion/Crear Histórico Vacaciones/select_Seleccione_No Aplica'

2021-12-01 11:49:48 - [TEST_STEP][PASSED] - selectOptionByIndex(findTestObject("Modulo Tarea Administracion Compensacion/Crear Histórico Vacaciones/select_Seleccione_AUSENTISMO"), "1"): All options with index in [1] are selected on object 'Object Repository/Modulo Tarea Administracion Compensacion/Crear Histórico Vacaciones/select_Seleccione_AUSENTISMO'

2021-12-01 11:49:49 - [MESSAGE][PASSED] - All options with index in [1] are selected on object 'Object Repository/Modulo Tarea Administracion Compensacion/Crear Histórico Vacaciones/select_Seleccione_AUSENTISMO'

2021-12-01 11:49:49 - [TEST_STEP][PASSED] - setText(findTestObject("Modulo Tarea Administracion Compensacion/Crear Histórico Vacaciones/input_Periodo Disfrute_form_vacaciones_Comienzo"), "01/07/2021"): Text '01/07/2021' is set on object 'Object Repository/Modulo Tarea Administracion Compensacion/Crear Histórico Vacaciones/input_Periodo Disfrute_form_vacaciones_Comienzo'

2021-12-01 11:49:50 - [MESSAGE][PASSED] - Text '01/07/2021' is set on object 'Object Repository/Modulo Tarea Administracion Compensacion/Crear Histórico Vacaciones/input_Periodo Disfrute_form_vacaciones_Comienzo'

2021-12-01 11:49:50 - [TEST_STEP][PASSED] - setText(findTestObject("Modulo Tarea Administracion Compensacion/Crear Histórico Vacaciones/input_Periodo Disfrute_form_vacaciones_Final"), "07/07/2021"): Text '07/07/2021' is set on object 'Object Repository/Modulo Tarea Administracion Compensacion/Crear Histórico Vacaciones/input_Periodo Disfrute_form_vacaciones_Final'

2021-12-01 11:49:51 - [MESSAGE][PASSED] - Text '07/07/2021' is set on object 'Object Repository/Modulo Tarea Administracion Compensacion/Crear Histórico Vacaciones/input_Periodo Disfrute_form_vacaciones_Final'

2021-12-01 11:49:51 - [TEST_STEP][PASSED] - setText(findTestObject("Modulo Tarea Administracion Compensacion/Crear Histórico Vacaciones/input_Fecha Regreso Nomina"), "08/07/2021"): Text '08/07/2021' is set on object 'Object Repository/Modulo Tarea Administracion Compensacion/Crear Histórico Vacaciones/input_Fecha Regreso Nomina'

2021-12-01 11:49:53 - [MESSAGE][PASSED] - Text '08/07/2021' is set on object 'Object Repository/Modulo Tarea Administracion Compensacion/Crear Histórico Vacaciones/input_Fecha Regreso Nomina'

2021-12-01 11:49:53 - [TEST_STEP][PASSED] - setText(findTestObject("Modulo Tarea Administracion Compensacion/Crear Histórico Vacaciones/input_Dias"), "6"): Text '6' is set on object 'Object Repository/Modulo Tarea Administracion Compensacion/Crear Histórico Vacaciones/input_Dias'

2021-12-01 11:49:53 - [MESSAGE][PASSED] - Text '6' is set on object 'Object Repository/Modulo Tarea Administracion Compensacion/Crear Histórico Vacaciones/input_Dias'

2021-12-01 11:49:53 - [TEST_STEP][PASSED] - setText(findTestObject("Modulo Tarea Administracion Compensacion/Crear Histórico Vacaciones/input_Periodo Servicio_Inicio"), "01/07/2021"): Text '01/07/2021' is set on object 'Object Repository/Modulo Tarea Administracion Compensacion/Crear Histórico Vacaciones/input_Periodo Servicio_Inicio'

2021-12-01 11:49:54 - [MESSAGE][PASSED] - Text '01/07/2021' is set on object 'Object Repository/Modulo Tarea Administracion Compensacion/Crear Histórico Vacaciones/input_Periodo Servicio_Inicio'

2021-12-01 11:49:54 - [TEST_STEP][PASSED] - setText(findTestObject("Modulo Tarea Administracion Compensacion/Crear Histórico Vacaciones/input_Periodo Servicio_Final"), "07/07/2021"): Text '07/07/2021' is set on object 'Object Repository/Modulo Tarea Administracion Compensacion/Crear Histórico Vacaciones/input_Periodo Servicio_Final'

2021-12-01 11:49:56 - [MESSAGE][PASSED] - Text '07/07/2021' is set on object 'Object Repository/Modulo Tarea Administracion Compensacion/Crear Histórico Vacaciones/input_Periodo Servicio_Final'

2021-12-01 11:49:56 - [TEST_STEP][PASSED] - sendKeys(findTestObject("Modulo Tarea Administracion Compensacion/Crear Histórico Vacaciones/input_Periodo Servicio_Final"), Keys.chord(ESCAPE)): Keys 'ESCAPE + ' sent to object: 'Object Repository/Modulo Tarea Administracion Compensacion/Crear Histórico Vacaciones/input_Periodo Servicio_Final'

2021-12-01 11:49:56 - [MESSAGE][PASSED] - Keys 'ESCAPE + ' sent to object: 'Object Repository/Modulo Tarea Administracion Compensacion/Crear Histórico Vacaciones/input_Periodo Servicio_Final'

2021-12-01 11:49:56 - [TEST_STEP][PASSED] - setText(findTestObject("Modulo Tarea Administracion Compensacion/Crear Histórico Vacaciones/textarea_Observacin"), "PRUEBA"): Text 'PRUEBA' is set on object 'Object Repository/Modulo Tarea Administracion Compensacion/Crear Histórico Vacaciones/textarea_Observacin'

2021-12-01 11:49:57 - [MESSAGE][PASSED] - Text 'PRUEBA' is set on object 'Object Repository/Modulo Tarea Administracion Compensacion/Crear Histórico Vacaciones/textarea_Observacin'

2021-12-01 11:49:57 - [TEST_STEP][PASSED] - waitForElementClickable(findTestObject("Modulo Tarea Administracion Compensacion/Crear Histórico Vacaciones/a_Guardar"), 0): Object 'Object Repository/Modulo Tarea Administracion Compensacion/Crear Histórico Vacaciones/a_Guardar' is clickable

2021-12-01 11:49:57 - [MESSAGE][WARNING] - Timeout '0' is invalid. Using default page load timeout: '30'

2021-12-01 11:49:57 - [MESSAGE][PASSED] - Object 'Object Repository/Modulo Tarea Administracion Compensacion/Crear Histórico Vacaciones/a_Guardar' is clickable

2021-12-01 11:49:57 - [TEST_STEP][PASSED] - click(findTestObject("Modulo Tarea Administracion Compensacion/Crear Histórico Vacaciones/a_Guardar")): Object: 'Object Repository/Modulo Tarea Administracion Compensacion/Crear Histórico Vacaciones/a_Guardar' is clicked on

2021-12-01 11:49:58 - [MESSAGE][PASSED] - Object: 'Object Repository/Modulo Tarea Administracion Compensacion/Crear Histórico Vacaciones/a_Guardar' is clicked on

2021-12-01 11:49:58 - [TEST_STEP][PASSED] - getText(findTestObject("Alerta/Alerta")): Text of object 'Object Repository/Alerta/Alerta' is: 'Se Ingreso el registro'

2021-12-01 11:50:00 - [MESSAGE][PASSED] - Text of object 'Object Repository/Alerta/Alerta' is: 'Se Ingreso el registro'

2021-12-01 11:50:00 - [TEST_STEP][PASSED] - waitForElementClickable(findTestObject("Modulo Tarea Administracion Compensacion/Crear Histórico Vacaciones/a_Eliminar_Historico"), 0): Object 'Object Repository/Modulo Tarea Administracion Compensacion/Crear Histórico Vacaciones/a_Eliminar_Historico' is clickable

2021-12-01 11:50:00 - [MESSAGE][WARNING] - Timeout '0' is invalid. Using default page load timeout: '30'

2021-12-01 11:50:00 - [MESSAGE][PASSED] - Object 'Object Repository/Modulo Tarea Administracion Compensacion/Crear Histórico Vacaciones/a_Eliminar_Historico' is clickable

2021-12-01 11:50:00 - [TEST_STEP][PASSED] - click(findTestObject("Modulo Tarea Administracion Compensacion/Crear Histórico Vacaciones/a_Eliminar_Historico")): Object: 'Object Repository/Modulo Tarea Administracion Compensacion/Crear Histórico Vacaciones/a_Eliminar_Historico' is clicked on

2021-12-01 11:50:01 - [MESSAGE][PASSED] - Object: 'Object Repository/Modulo Tarea Administracion Compensacion/Crear Histórico Vacaciones/a_Eliminar_Historico' is clicked on

2021-12-01 11:50:01 - [TEST_STEP][PASSED] - waitForElementClickable(findTestObject("Modulo Tarea Administracion Compensacion/Crear Histórico Vacaciones/a_Aceptar_Eliminar_ Historico"), 0): Object 'Object Repository/Modulo Tarea Administracion Compensacion/Crear Histórico Vacaciones/a_Aceptar_Eliminar_ Historico' is clickable

2021-12-01 11:50:01 - [MESSAGE][WARNING] - Timeout '0' is invalid. Using default page load timeout: '30'

2021-12-01 11:50:01 - [MESSAGE][PASSED] - Object 'Object Repository/Modulo Tarea Administracion Compensacion/Crear Histórico Vacaciones/a_Aceptar_Eliminar_ Historico' is clickable

2021-12-01 11:50:01 - [TEST_STEP][PASSED] - click(findTestObject("Modulo Tarea Administracion Compensacion/Crear Histórico Vacaciones/a_Aceptar_Eliminar_ Historico")): Object: 'Object Repository/Modulo Tarea Administracion Compensacion/Crear Histórico Vacaciones/a_Aceptar_Eliminar_ Historico' is clicked on

2021-12-01 11:50:03 - [MESSAGE][PASSED] - Object: 'Object Repository/Modulo Tarea Administracion Compensacion/Crear Histórico Vacaciones/a_Aceptar_Eliminar_ Historico' is clicked on

2021-12-01 11:50:03 - [TEST_STEP][PASSED] - getText(findTestObject("Alerta/Alerta")): Text of object 'Object Repository/Alerta/Alerta' is: 'Se elimino el registro'

2021-12-01 11:50:04 - [MESSAGE][PASSED] - Text of object 'Object Repository/Alerta/Alerta' is: 'Se elimino el registro']]></system-out>
         <system-err><![CDATA[]]></system-err>
      </testcase>
      <testcase name="Test Cases/1.1-Tareas Principales/1.1.6-crear vacaciones" time="68.009" classname="Test Cases/1.1-Tareas Principales/1.1.6-crear vacaciones" status="PASSED">
         <system-out><![CDATA[2021-12-01 11:50:04 - [TEST_CASE][PASSED] - Test Cases/1.1-Tareas Principales/1.1.6-crear vacaciones: Test Cases/1.1-Tareas Principales/1.1.6-crear vacaciones

2021-12-01 11:50:04 - [TEST_STEP][PASSED] - callTestCase(findTestCase("Hutilidades/Tareas Administracion Compensacion/Tarea Listado Empleados"), [:], STOP_ON_FAILURE): Call Test Case 'Test Cases/Hutilidades/Tareas Administracion Compensacion/Tarea Listado Empleados' successfully

2021-12-01 11:50:04 - [TEST_CASE][PASSED] - Test Cases/Hutilidades/Tareas Administracion Compensacion/Tarea Listado Empleados: Test Cases/Hutilidades/Tareas Administracion Compensacion/Tarea Listado Empleados

2021-12-01 11:50:04 - [TEST_STEP][PASSED] - callTestCase(findTestCase("0.1-Login"), [:], STOP_ON_FAILURE): Call Test Case 'Test Cases/0.1-Login' successfully

2021-12-01 11:50:05 - [TEST_CASE][PASSED] - Test Cases/0.1-Login: Test Cases/0.1-Login

2021-12-01 11:50:05 - [TEST_STEP][PASSED] - openBrowser(""): Browser is opened with url: ''

2021-12-01 11:50:05 - [MESSAGE][WARNING] - A browser is already opened. Closing browser and opening a new one

2021-12-01 11:50:05 - [MESSAGE][INFO] - Starting 'Chrome' driver

2021-12-01 11:50:05 - [MESSAGE][INFO] - Action delay is set to 0 milliseconds

2021-12-01 11:50:07 - [MESSAGE][PASSED] - Browser is opened with url: ''

2021-12-01 11:50:07 - [TEST_STEP][PASSED] - maximizeWindow(): Current window maximized

2021-12-01 11:50:07 - [MESSAGE][PASSED] - Current window maximized

2021-12-01 11:50:07 - [TEST_STEP][PASSED] - i = G_Login: null

2021-12-01 11:50:07 - [TEST_STEP][PASSED] - url = new java.net.URL(i): null

2021-12-01 11:50:07 - [TEST_STEP][PASSED] - println("URL: " + url.toString()): null

2021-12-01 11:50:07 - [TEST_STEP][PASSED] - connection = url.openConnection(): null

2021-12-01 11:50:07 - [TEST_STEP][PASSED] - connection.setRequestMethod("GET"): null

2021-12-01 11:50:07 - [TEST_STEP][PASSED] - connection.setReadTimeout(2 * 1000): null

2021-12-01 11:50:07 - [TEST_STEP][PASSED] - try: null

2021-12-01 11:50:07 - [TEST_STEP][PASSED] - connection.connect(): null

2021-12-01 11:50:07 - [TEST_STEP][PASSED] - flag = connected: null

2021-12-01 11:50:07 - [TEST_STEP][PASSED] - println("Valor_ori: " + flag): null

2021-12-01 11:50:07 - [TEST_STEP][PASSED] - if (flag): null

2021-12-01 11:50:07 - [TEST_STEP][PASSED] - navigateToUrl(i): Navigate to 'http://localhost:8380/saraweb/' successfully

2021-12-01 11:50:08 - [MESSAGE][PASSED] - Navigate to 'http://localhost:8380/saraweb/' successfully

2021-12-01 11:50:08 - [TEST_STEP][PASSED] - a(): null

2021-12-01 11:50:08 - [TEST_STEP][PASSED] - setText(findTestObject("Login/input_USUARIO_loginusuario"), G_Usuario): Text 'saraadmin' is set on object 'Object Repository/Login/input_USUARIO_loginusuario'

2021-12-01 11:50:09 - [MESSAGE][PASSED] - Text 'saraadmin' is set on object 'Object Repository/Login/input_USUARIO_loginusuario'

2021-12-01 11:50:09 - [TEST_STEP][PASSED] - setEncryptedText(findTestObject("Login/input_CLAVE_loginpassword"), "MkG4/TYiCFC3cb2driP7+Q=="): Text ****** has been set on object 'Object Repository/Login/input_CLAVE_loginpassword'

2021-12-01 11:50:10 - [MESSAGE][PASSED] - Text ****** has been set on object 'Object Repository/Login/input_CLAVE_loginpassword'

2021-12-01 11:50:10 - [TEST_STEP][PASSED] - waitForElementClickable(findTestObject("Login/a_Ingresar"), G_TimeOut): Object 'Object Repository/Login/a_Ingresar' is clickable

2021-12-01 11:50:10 - [MESSAGE][PASSED] - Object 'Object Repository/Login/a_Ingresar' is clickable

2021-12-01 11:50:10 - [TEST_STEP][PASSED] - click(findTestObject("Login/a_Ingresar")): Object: 'Object Repository/Login/a_Ingresar' is clicked on

2021-12-01 11:50:13 - [MESSAGE][PASSED] - Object: 'Object Repository/Login/a_Ingresar' is clicked on

2021-12-01 11:50:13 - [TEST_STEP][PASSED] - element = findWebElement(findTestObject("Login/a_Ir"), 30): null

2021-12-01 11:50:14 - [TEST_STEP][PASSED] - executeJavaScript("arguments[0].click()", Arrays.asList(element)): Execute JavaScript 'arguments[0].click()' successfully

2021-12-01 11:50:14 - [MESSAGE][PASSED] - Execute JavaScript 'arguments[0].click()' successfully

2021-12-01 11:50:14 - [MESSAGE][PASSED] - Call Test Case 'Test Cases/0.1-Login' successfully

2021-12-01 11:50:14 - [TEST_STEP][PASSED] - setText(findTestObject("Modulo Tarea Listado Hojas de Vida/Tareas Listado Hojas de Vida/input_Listado Hojas De Vida_form_templatej_idt24_input"), "Listado de Empleados"): Text 'Listado de Empleados' is set on object 'Object Repository/Modulo Tarea Listado Hojas de Vida/Tareas Listado Hojas de Vida/input_Listado Hojas De Vida_form_templatej_idt24_input'

2021-12-01 11:50:15 - [MESSAGE][PASSED] - Text 'Listado de Empleados' is set on object 'Object Repository/Modulo Tarea Listado Hojas de Vida/Tareas Listado Hojas de Vida/input_Listado Hojas De Vida_form_templatej_idt24_input'

2021-12-01 11:50:15 - [TEST_STEP][PASSED] - delay(3): Delayed 3 second(s)

2021-12-01 11:50:18 - [MESSAGE][PASSED] - Delayed 3 second(s)

2021-12-01 11:50:18 - [TEST_STEP][PASSED] - sendKeys(findTestObject("Modulo Tarea Listado Hojas de Vida/Tareas Listado Hojas de Vida/input_Listado Hojas De Vida_form_templatej_idt24_input"), Keys.chord(ENTER)): Keys 'ENTER + ' sent to object: 'Object Repository/Modulo Tarea Listado Hojas de Vida/Tareas Listado Hojas de Vida/input_Listado Hojas De Vida_form_templatej_idt24_input'

2021-12-01 11:50:19 - [MESSAGE][PASSED] - Keys 'ENTER + ' sent to object: 'Object Repository/Modulo Tarea Listado Hojas de Vida/Tareas Listado Hojas de Vida/input_Listado Hojas De Vida_form_templatej_idt24_input'

2021-12-01 11:50:19 - [MESSAGE][PASSED] - Call Test Case 'Test Cases/Hutilidades/Tareas Administracion Compensacion/Tarea Listado Empleados' successfully

2021-12-01 11:50:19 - [TEST_STEP][PASSED] - setText(findTestObject("Modulo Tarea Administracion Compensacion/Dias con Permisos Pasivos Permitidos/input_Identificacin_listadoEmpleadoIdentificacionEmpleado"), "1234567890"): Text '1234567890' is set on object 'Object Repository/Modulo Tarea Administracion Compensacion/Dias con Permisos Pasivos Permitidos/input_Identificacin_listadoEmpleadoIdentificacionEmpleado'

2021-12-01 11:50:21 - [MESSAGE][PASSED] - Text '1234567890' is set on object 'Object Repository/Modulo Tarea Administracion Compensacion/Dias con Permisos Pasivos Permitidos/input_Identificacin_listadoEmpleadoIdentificacionEmpleado'

2021-12-01 11:50:21 - [TEST_STEP][PASSED] - sendKeys(findTestObject("Modulo Tarea Administracion Compensacion/Dias con Permisos Pasivos Permitidos/input_Identificacin_listadoEmpleadoIdentificacionEmpleado"), Keys.chord(ENTER)): Keys 'ENTER + ' sent to object: 'Object Repository/Modulo Tarea Administracion Compensacion/Dias con Permisos Pasivos Permitidos/input_Identificacin_listadoEmpleadoIdentificacionEmpleado'

2021-12-01 11:50:21 - [MESSAGE][PASSED] - Keys 'ENTER + ' sent to object: 'Object Repository/Modulo Tarea Administracion Compensacion/Dias con Permisos Pasivos Permitidos/input_Identificacin_listadoEmpleadoIdentificacionEmpleado'

2021-12-01 11:50:21 - [TEST_STEP][PASSED] - waitForElementClickable(findTestObject("Modulo Tarea Administracion Compensacion/Dias con Permisos Pasivos Permitidos/span_Consta Belfegord Jhon"), G_TimeOut): Object 'Object Repository/Modulo Tarea Administracion Compensacion/Dias con Permisos Pasivos Permitidos/span_Consta Belfegord Jhon' is clickable

2021-12-01 11:50:22 - [MESSAGE][PASSED] - Object 'Object Repository/Modulo Tarea Administracion Compensacion/Dias con Permisos Pasivos Permitidos/span_Consta Belfegord Jhon' is clickable

2021-12-01 11:50:22 - [TEST_STEP][PASSED] - click(findTestObject("Modulo Tarea Administracion Compensacion/Dias con Permisos Pasivos Permitidos/span_Consta Belfegord Jhon")): Object: 'Object Repository/Modulo Tarea Administracion Compensacion/Dias con Permisos Pasivos Permitidos/span_Consta Belfegord Jhon' is clicked on

2021-12-01 11:50:22 - [MESSAGE][PASSED] - Object: 'Object Repository/Modulo Tarea Administracion Compensacion/Dias con Permisos Pasivos Permitidos/span_Consta Belfegord Jhon' is clicked on

2021-12-01 11:50:22 - [TEST_STEP][PASSED] - waitForElementClickable(findTestObject("Modulo Tarea Administracion Compensacion/Dias con Permisos Pasivos Permitidos/a_Vacacin"), G_TimeOut): Object 'Object Repository/Modulo Tarea Administracion Compensacion/Dias con Permisos Pasivos Permitidos/a_Vacacin' is clickable

2021-12-01 11:50:23 - [MESSAGE][PASSED] - Object 'Object Repository/Modulo Tarea Administracion Compensacion/Dias con Permisos Pasivos Permitidos/a_Vacacin' is clickable

2021-12-01 11:50:23 - [TEST_STEP][PASSED] - click(findTestObject("Modulo Tarea Administracion Compensacion/Dias con Permisos Pasivos Permitidos/a_Vacacin")): Object: 'Object Repository/Modulo Tarea Administracion Compensacion/Dias con Permisos Pasivos Permitidos/a_Vacacin' is clicked on

2021-12-01 11:50:23 - [MESSAGE][PASSED] - Object: 'Object Repository/Modulo Tarea Administracion Compensacion/Dias con Permisos Pasivos Permitidos/a_Vacacin' is clicked on

2021-12-01 11:50:23 - [TEST_STEP][PASSED] - if (waitForElementClickable(findTestObject("Modulo Tarea Administracion Compensacion/Dias con Permisos Pasivos Permitidos/span_Programacion De Vacaciones"), G_TimeOut)): Web element with id: 'Object Repository/Modulo Tarea Administracion Compensacion/Dias con Permisos Pasivos Permitidos/span_Programacion De Vacaciones' located by '//*/text()[normalize-space(.)='Programacion De Vacaciones']/parent::*' not found

2021-12-01 11:50:34 - [MESSAGE][INFO] - Unable to find the element located by 'By.xpath: //*/text()[normalize-space(.)='Programacion De Vacaciones']/parent::*'. Please recheck the objects properties to make sure the desired element is located. 

2021-12-01 11:50:34 - [MESSAGE][WARNING] - Web element with id: 'Object Repository/Modulo Tarea Administracion Compensacion/Dias con Permisos Pasivos Permitidos/span_Programacion De Vacaciones' located by '//*/text()[normalize-space(.)='Programacion De Vacaciones']/parent::*' not found

2021-12-01 11:50:34 - [TEST_STEP][PASSED] - click(findTestObject("Modulo Tarea Administracion Compensacion/Dias con Permisos Pasivos Permitidos/a_Histrico")): Object: 'Object Repository/Modulo Tarea Administracion Compensacion/Dias con Permisos Pasivos Permitidos/a_Histrico' is clicked on

2021-12-01 11:50:35 - [MESSAGE][PASSED] - Object: 'Object Repository/Modulo Tarea Administracion Compensacion/Dias con Permisos Pasivos Permitidos/a_Histrico' is clicked on

2021-12-01 11:50:35 - [TEST_STEP][PASSED] - if (waitForElementClickable(findTestObject("Modulo Tarea Administracion Compensacion/Dias con Permisos Pasivos Permitidos/span_Programacion De Vacaciones"), 1)): Web element with id: 'Object Repository/Modulo Tarea Administracion Compensacion/Dias con Permisos Pasivos Permitidos/span_Programacion De Vacaciones' located by '//*/text()[normalize-space(.)='Programacion De Vacaciones']/parent::*' not found

2021-12-01 11:50:37 - [MESSAGE][INFO] - Unable to find the element located by 'By.xpath: //*/text()[normalize-space(.)='Programacion De Vacaciones']/parent::*'. Please recheck the objects properties to make sure the desired element is located. 

2021-12-01 11:50:37 - [MESSAGE][WARNING] - Web element with id: 'Object Repository/Modulo Tarea Administracion Compensacion/Dias con Permisos Pasivos Permitidos/span_Programacion De Vacaciones' located by '//*/text()[normalize-space(.)='Programacion De Vacaciones']/parent::*' not found

2021-12-01 11:50:37 - [TEST_STEP][PASSED] - click(findTestObject("Modulo Tarea Administracion Compensacion/Dias con Permisos Pasivos Permitidos/a_Vacaciones")): Object: 'Object Repository/Modulo Tarea Administracion Compensacion/Dias con Permisos Pasivos Permitidos/a_Vacaciones' is clicked on

2021-12-01 11:50:38 - [MESSAGE][PASSED] - Object: 'Object Repository/Modulo Tarea Administracion Compensacion/Dias con Permisos Pasivos Permitidos/a_Vacaciones' is clicked on

2021-12-01 11:50:38 - [TEST_STEP][PASSED] - waitForElementClickable(findTestObject("Modulo Tarea Administracion Compensacion/Dias con Permisos Pasivos Permitidos/a_Nuevo Pasivo"), G_TimeOut): Object 'Object Repository/Modulo Tarea Administracion Compensacion/Dias con Permisos Pasivos Permitidos/a_Nuevo Pasivo' is clickable

2021-12-01 11:50:38 - [MESSAGE][PASSED] - Object 'Object Repository/Modulo Tarea Administracion Compensacion/Dias con Permisos Pasivos Permitidos/a_Nuevo Pasivo' is clickable

2021-12-01 11:50:38 - [TEST_STEP][PASSED] - click(findTestObject("Modulo Tarea Administracion Compensacion/Dias con Permisos Pasivos Permitidos/a_Nuevo Pasivo")): Object: 'Object Repository/Modulo Tarea Administracion Compensacion/Dias con Permisos Pasivos Permitidos/a_Nuevo Pasivo' is clicked on

2021-12-01 11:50:39 - [MESSAGE][PASSED] - Object: 'Object Repository/Modulo Tarea Administracion Compensacion/Dias con Permisos Pasivos Permitidos/a_Nuevo Pasivo' is clicked on

2021-12-01 11:50:39 - [TEST_STEP][PASSED] - click(findTestObject("Modulo Tarea Administracion Compensacion/Dias con Permisos Pasivos Permitidos/a_pestaa Vacaciones")): Object: 'Object Repository/Modulo Tarea Administracion Compensacion/Dias con Permisos Pasivos Permitidos/a_pestaa Vacaciones' is clicked on

2021-12-01 11:50:40 - [MESSAGE][PASSED] - Object: 'Object Repository/Modulo Tarea Administracion Compensacion/Dias con Permisos Pasivos Permitidos/a_pestaa Vacaciones' is clicked on

2021-12-01 11:50:40 - [TEST_STEP][PASSED] - selectOptionByIndex(findTestObject("Modulo Tarea Administracion Compensacion/Dias con Permisos Pasivos Permitidos/select_APLAZAMIENTOPROGRAMACION DE VACACIONES"), "2"): All options with index in [2] are selected on object 'Object Repository/Modulo Tarea Administracion Compensacion/Dias con Permisos Pasivos Permitidos/select_APLAZAMIENTOPROGRAMACION DE VACACIONES'

2021-12-01 11:50:41 - [MESSAGE][PASSED] - All options with index in [2] are selected on object 'Object Repository/Modulo Tarea Administracion Compensacion/Dias con Permisos Pasivos Permitidos/select_APLAZAMIENTOPROGRAMACION DE VACACIONES'

2021-12-01 11:50:41 - [TEST_STEP][PASSED] - selectOptionByIndex(findTestObject("Modulo Tarea Administracion Compensacion/Dias con Permisos Pasivos Permitidos/select_InterrupcinNo Aplica"), "1"): All options with index in [1] are selected on object 'Object Repository/Modulo Tarea Administracion Compensacion/Dias con Permisos Pasivos Permitidos/select_InterrupcinNo Aplica'

2021-12-01 11:50:42 - [MESSAGE][PASSED] - All options with index in [1] are selected on object 'Object Repository/Modulo Tarea Administracion Compensacion/Dias con Permisos Pasivos Permitidos/select_InterrupcinNo Aplica'

2021-12-01 11:50:42 - [TEST_STEP][PASSED] - setText(findTestObject("Modulo Tarea Administracion Compensacion/Dias con Permisos Pasivos Permitidos/input_Periodo Servicio_form_"), "01/06/2021"): Text '01/06/2021' is set on object 'Object Repository/Modulo Tarea Administracion Compensacion/Dias con Permisos Pasivos Permitidos/input_Periodo Servicio_form_'

2021-12-01 11:50:43 - [MESSAGE][PASSED] - Text '01/06/2021' is set on object 'Object Repository/Modulo Tarea Administracion Compensacion/Dias con Permisos Pasivos Permitidos/input_Periodo Servicio_form_'

2021-12-01 11:50:43 - [TEST_STEP][PASSED] - click(findTestObject("Modulo Tarea Administracion Compensacion/Dias con Permisos Pasivos Permitidos/span_Periodo Servicio"), STOP_ON_FAILURE): Object: 'Object Repository/Modulo Tarea Administracion Compensacion/Dias con Permisos Pasivos Permitidos/span_Periodo Servicio' is clicked on

2021-12-01 11:50:44 - [MESSAGE][PASSED] - Object: 'Object Repository/Modulo Tarea Administracion Compensacion/Dias con Permisos Pasivos Permitidos/span_Periodo Servicio' is clicked on

2021-12-01 11:50:44 - [TEST_STEP][PASSED] - setText(findTestObject("Modulo Tarea Administracion Compensacion/Dias con Permisos Pasivos Permitidos/input_Periodo Servicio_form_vacaciones"), "06/06/2021"): Text '06/06/2021' is set on object 'Object Repository/Modulo Tarea Administracion Compensacion/Dias con Permisos Pasivos Permitidos/input_Periodo Servicio_form_vacaciones'

2021-12-01 11:50:45 - [MESSAGE][PASSED] - Text '06/06/2021' is set on object 'Object Repository/Modulo Tarea Administracion Compensacion/Dias con Permisos Pasivos Permitidos/input_Periodo Servicio_form_vacaciones'

2021-12-01 11:50:45 - [TEST_STEP][PASSED] - sendKeys(findTestObject("Modulo Tarea Administracion Compensacion/Dias con Permisos Pasivos Permitidos/input_Periodo Servicio_form_vacaciones"), Keys.chord(ENTER)): Keys 'ENTER + ' sent to object: 'Object Repository/Modulo Tarea Administracion Compensacion/Dias con Permisos Pasivos Permitidos/input_Periodo Servicio_form_vacaciones'

2021-12-01 11:50:45 - [MESSAGE][PASSED] - Keys 'ENTER + ' sent to object: 'Object Repository/Modulo Tarea Administracion Compensacion/Dias con Permisos Pasivos Permitidos/input_Periodo Servicio_form_vacaciones'

2021-12-01 11:50:45 - [TEST_STEP][PASSED] - setText(findTestObject("Modulo Tarea Administracion Compensacion/Dias con Permisos Pasivos Permitidos/input_Das_form_vacacionesEmpleadotabs"), "5"): Text '5' is set on object 'Object Repository/Modulo Tarea Administracion Compensacion/Dias con Permisos Pasivos Permitidos/input_Das_form_vacacionesEmpleadotabs'

2021-12-01 11:50:46 - [MESSAGE][PASSED] - Text '5' is set on object 'Object Repository/Modulo Tarea Administracion Compensacion/Dias con Permisos Pasivos Permitidos/input_Das_form_vacacionesEmpleadotabs'

2021-12-01 11:50:46 - [TEST_STEP][PASSED] - setText(findTestObject("Modulo Tarea Administracion Compensacion/Dias con Permisos Pasivos Permitidos/input_Fecha Origen_form_vacaciones"), "01/06/2021"): Text '01/06/2021' is set on object 'Object Repository/Modulo Tarea Administracion Compensacion/Dias con Permisos Pasivos Permitidos/input_Fecha Origen_form_vacaciones'

2021-12-01 11:50:47 - [MESSAGE][PASSED] - Text '01/06/2021' is set on object 'Object Repository/Modulo Tarea Administracion Compensacion/Dias con Permisos Pasivos Permitidos/input_Fecha Origen_form_vacaciones'

2021-12-01 11:50:47 - [TEST_STEP][PASSED] - sendKeys(findTestObject("Modulo Tarea Administracion Compensacion/Dias con Permisos Pasivos Permitidos/input_Fecha Origen_form_vacaciones"), Keys.chord(ENTER)): Keys 'ENTER + ' sent to object: 'Object Repository/Modulo Tarea Administracion Compensacion/Dias con Permisos Pasivos Permitidos/input_Fecha Origen_form_vacaciones'

2021-12-01 11:50:48 - [MESSAGE][PASSED] - Keys 'ENTER + ' sent to object: 'Object Repository/Modulo Tarea Administracion Compensacion/Dias con Permisos Pasivos Permitidos/input_Fecha Origen_form_vacaciones'

2021-12-01 11:50:48 - [TEST_STEP][PASSED] - waitForElementClickable(findTestObject("Modulo Tarea Administracion Compensacion/Dias con Permisos Pasivos Permitidos/a_Guardar"), G_TimeOut): Object 'Object Repository/Modulo Tarea Administracion Compensacion/Dias con Permisos Pasivos Permitidos/a_Guardar' is clickable

2021-12-01 11:50:48 - [MESSAGE][PASSED] - Object 'Object Repository/Modulo Tarea Administracion Compensacion/Dias con Permisos Pasivos Permitidos/a_Guardar' is clickable

2021-12-01 11:50:48 - [TEST_STEP][PASSED] - click(findTestObject("Modulo Tarea Administracion Compensacion/Dias con Permisos Pasivos Permitidos/a_Guardar")): Object: 'Object Repository/Modulo Tarea Administracion Compensacion/Dias con Permisos Pasivos Permitidos/a_Guardar' is clicked on

2021-12-01 11:50:48 - [MESSAGE][PASSED] - Object: 'Object Repository/Modulo Tarea Administracion Compensacion/Dias con Permisos Pasivos Permitidos/a_Guardar' is clicked on

2021-12-01 11:50:48 - [TEST_STEP][PASSED] - waitForElementClickable(findTestObject("Modulo Tarea Administracion Compensacion/Dias con Permisos Pasivos Permitidos/a_Regresar"), G_TimeOut): Object 'Object Repository/Modulo Tarea Administracion Compensacion/Dias con Permisos Pasivos Permitidos/a_Regresar' is clickable

2021-12-01 11:50:51 - [MESSAGE][PASSED] - Object 'Object Repository/Modulo Tarea Administracion Compensacion/Dias con Permisos Pasivos Permitidos/a_Regresar' is clickable

2021-12-01 11:50:51 - [TEST_STEP][PASSED] - click(findTestObject("Modulo Tarea Administracion Compensacion/Dias con Permisos Pasivos Permitidos/a_Regresar")): Object: 'Object Repository/Modulo Tarea Administracion Compensacion/Dias con Permisos Pasivos Permitidos/a_Regresar' is clicked on

2021-12-01 11:50:51 - [MESSAGE][PASSED] - Object: 'Object Repository/Modulo Tarea Administracion Compensacion/Dias con Permisos Pasivos Permitidos/a_Regresar' is clicked on

2021-12-01 11:50:51 - [TEST_STEP][PASSED] - delay(3): Delayed 3 second(s)

2021-12-01 11:50:54 - [MESSAGE][PASSED] - Delayed 3 second(s)

2021-12-01 11:50:54 - [TEST_STEP][PASSED] - if (waitForElementClickable(findTestObject("Modulo Tarea Administracion Compensacion/Dias con Permisos Pasivos Permitidos/td_02062021"), 1)): null

2021-12-01 11:50:55 - [MESSAGE][PASSED] - Object 'Object Repository/Modulo Tarea Administracion Compensacion/Dias con Permisos Pasivos Permitidos/td_02062021' is clickable

2021-12-01 11:50:55 - [TEST_STEP][PASSED] - click(findTestObject("Modulo Tarea Administracion Compensacion/Dias con Permisos Pasivos Permitidos/td_02062021")): Object: 'Object Repository/Modulo Tarea Administracion Compensacion/Dias con Permisos Pasivos Permitidos/td_02062021' is clicked on

2021-12-01 11:50:55 - [MESSAGE][PASSED] - Object: 'Object Repository/Modulo Tarea Administracion Compensacion/Dias con Permisos Pasivos Permitidos/td_02062021' is clicked on

2021-12-01 11:50:55 - [TEST_STEP][PASSED] - waitForElementClickable(findTestObject("Modulo Tarea Administracion Compensacion/Dias con Permisos Pasivos Permitidos/a_Eliminar Directo_Solicitud"), 0): Object 'Object Repository/Modulo Tarea Administracion Compensacion/Dias con Permisos Pasivos Permitidos/a_Eliminar Directo_Solicitud' is clickable

2021-12-01 11:50:55 - [MESSAGE][WARNING] - Timeout '0' is invalid. Using default page load timeout: '30'

2021-12-01 11:50:56 - [MESSAGE][PASSED] - Object 'Object Repository/Modulo Tarea Administracion Compensacion/Dias con Permisos Pasivos Permitidos/a_Eliminar Directo_Solicitud' is clickable

2021-12-01 11:50:56 - [TEST_STEP][PASSED] - click(findTestObject("Modulo Tarea Administracion Compensacion/Dias con Permisos Pasivos Permitidos/a_Eliminar Directo_Solicitud")): Object: 'Object Repository/Modulo Tarea Administracion Compensacion/Dias con Permisos Pasivos Permitidos/a_Eliminar Directo_Solicitud' is clicked on

2021-12-01 11:50:56 - [MESSAGE][PASSED] - Object: 'Object Repository/Modulo Tarea Administracion Compensacion/Dias con Permisos Pasivos Permitidos/a_Eliminar Directo_Solicitud' is clicked on

2021-12-01 11:50:56 - [TEST_STEP][PASSED] - click(findTestObject("Modulo Tarea Administracion Compensacion/Dias con Permisos Pasivos Permitidos/a_Aceptar")): Object: 'Object Repository/Modulo Tarea Administracion Compensacion/Dias con Permisos Pasivos Permitidos/a_Aceptar' is clicked on

2021-12-01 11:50:59 - [MESSAGE][PASSED] - Object: 'Object Repository/Modulo Tarea Administracion Compensacion/Dias con Permisos Pasivos Permitidos/a_Aceptar' is clicked on

2021-12-01 11:50:59 - [TEST_STEP][PASSED] - waitForElementClickable(findTestObject("Modulo Tarea Administracion Compensacion/Dias con Permisos Pasivos Permitidos/a_Nueva Solicitud"), G_TimeOut): Object 'Object Repository/Modulo Tarea Administracion Compensacion/Dias con Permisos Pasivos Permitidos/a_Nueva Solicitud' is clickable

2021-12-01 11:51:00 - [MESSAGE][PASSED] - Object 'Object Repository/Modulo Tarea Administracion Compensacion/Dias con Permisos Pasivos Permitidos/a_Nueva Solicitud' is clickable

2021-12-01 11:51:00 - [TEST_STEP][PASSED] - click(findTestObject("Modulo Tarea Administracion Compensacion/Dias con Permisos Pasivos Permitidos/a_Nueva Solicitud")): Object: 'Object Repository/Modulo Tarea Administracion Compensacion/Dias con Permisos Pasivos Permitidos/a_Nueva Solicitud' is clicked on

2021-12-01 11:51:00 - [MESSAGE][PASSED] - Object: 'Object Repository/Modulo Tarea Administracion Compensacion/Dias con Permisos Pasivos Permitidos/a_Nueva Solicitud' is clicked on

2021-12-01 11:51:00 - [TEST_STEP][PASSED] - setText(findTestObject("Modulo Tarea Administracion Compensacion/Dias con Permisos Pasivos Permitidos/input_Salida Nomina_form_vacaciones"), "01/06/2021"): Text '01/06/2021' is set on object 'Object Repository/Modulo Tarea Administracion Compensacion/Dias con Permisos Pasivos Permitidos/input_Salida Nomina_form_vacaciones'

2021-12-01 11:51:01 - [MESSAGE][PASSED] - Text '01/06/2021' is set on object 'Object Repository/Modulo Tarea Administracion Compensacion/Dias con Permisos Pasivos Permitidos/input_Salida Nomina_form_vacaciones'

2021-12-01 11:51:01 - [TEST_STEP][PASSED] - sendKeys(findTestObject("Modulo Tarea Administracion Compensacion/Dias con Permisos Pasivos Permitidos/input_Salida Nomina_form_vacaciones"), Keys.chord(ENTER)): Keys 'ENTER + ' sent to object: 'Object Repository/Modulo Tarea Administracion Compensacion/Dias con Permisos Pasivos Permitidos/input_Salida Nomina_form_vacaciones'

2021-12-01 11:51:02 - [MESSAGE][PASSED] - Keys 'ENTER + ' sent to object: 'Object Repository/Modulo Tarea Administracion Compensacion/Dias con Permisos Pasivos Permitidos/input_Salida Nomina_form_vacaciones'

2021-12-01 11:51:02 - [TEST_STEP][PASSED] - selectOptionByIndex(findTestObject("Modulo Tarea Administracion Compensacion/Dias con Permisos Pasivos Permitidos/select_SeleccioneChequeEntidad_"), "3"): All options with index in [3] are selected on object 'Object Repository/Modulo Tarea Administracion Compensacion/Dias con Permisos Pasivos Permitidos/select_SeleccioneChequeEntidad_'

2021-12-01 11:51:03 - [MESSAGE][PASSED] - All options with index in [3] are selected on object 'Object Repository/Modulo Tarea Administracion Compensacion/Dias con Permisos Pasivos Permitidos/select_SeleccioneChequeEntidad_'

2021-12-01 11:51:03 - [TEST_STEP][PASSED] - setText(findTestObject("Modulo Tarea Administracion Compensacion/Dias con Permisos Pasivos Permitidos/input_Pago_form_vacacionesEmpleado"), "01/06/2021"): Text '01/06/2021' is set on object 'Object Repository/Modulo Tarea Administracion Compensacion/Dias con Permisos Pasivos Permitidos/input_Pago_form_vacacionesEmpleado'

2021-12-01 11:51:04 - [MESSAGE][PASSED] - Text '01/06/2021' is set on object 'Object Repository/Modulo Tarea Administracion Compensacion/Dias con Permisos Pasivos Permitidos/input_Pago_form_vacacionesEmpleado'

2021-12-01 11:51:04 - [TEST_STEP][PASSED] - sendKeys(findTestObject("Modulo Tarea Administracion Compensacion/Dias con Permisos Pasivos Permitidos/input_Pago_form_vacacionesEmpleado"), Keys.chord(ENTER)): Keys 'ENTER + ' sent to object: 'Object Repository/Modulo Tarea Administracion Compensacion/Dias con Permisos Pasivos Permitidos/input_Pago_form_vacacionesEmpleado'

2021-12-01 11:51:04 - [MESSAGE][PASSED] - Keys 'ENTER + ' sent to object: 'Object Repository/Modulo Tarea Administracion Compensacion/Dias con Permisos Pasivos Permitidos/input_Pago_form_vacacionesEmpleado'

2021-12-01 11:51:04 - [TEST_STEP][PASSED] - setText(findTestObject("Modulo Tarea Administracion Compensacion/Dias con Permisos Pasivos Permitidos/input_Disfrute_form_vacacionesEmpleado"), "1"): Text '1' is set on object 'Object Repository/Modulo Tarea Administracion Compensacion/Dias con Permisos Pasivos Permitidos/input_Disfrute_form_vacacionesEmpleado'

2021-12-01 11:51:05 - [MESSAGE][PASSED] - Text '1' is set on object 'Object Repository/Modulo Tarea Administracion Compensacion/Dias con Permisos Pasivos Permitidos/input_Disfrute_form_vacacionesEmpleado'

2021-12-01 11:51:05 - [TEST_STEP][PASSED] - setText(findTestObject("Modulo Tarea Administracion Compensacion/Dias con Permisos Pasivos Permitidos/input_Compensados_form_vacaciones"), "1"): Text '1' is set on object 'Object Repository/Modulo Tarea Administracion Compensacion/Dias con Permisos Pasivos Permitidos/input_Compensados_form_vacaciones'

2021-12-01 11:51:06 - [MESSAGE][PASSED] - Text '1' is set on object 'Object Repository/Modulo Tarea Administracion Compensacion/Dias con Permisos Pasivos Permitidos/input_Compensados_form_vacaciones'

2021-12-01 11:51:06 - [TEST_STEP][PASSED] - setText(findTestObject("Modulo Tarea Administracion Compensacion/Dias con Permisos Pasivos Permitidos/textarea_Observacin_form_vacaciones"), "Pruebas sara"): Text 'Pruebas sara' is set on object 'Object Repository/Modulo Tarea Administracion Compensacion/Dias con Permisos Pasivos Permitidos/textarea_Observacin_form_vacaciones'

2021-12-01 11:51:06 - [MESSAGE][PASSED] - Text 'Pruebas sara' is set on object 'Object Repository/Modulo Tarea Administracion Compensacion/Dias con Permisos Pasivos Permitidos/textarea_Observacin_form_vacaciones'

2021-12-01 11:51:06 - [TEST_STEP][PASSED] - waitForElementClickable(findTestObject("Modulo Tarea Administracion Compensacion/Dias con Permisos Pasivos Permitidos/a_Verificar"), G_TimeOut): Object 'Object Repository/Modulo Tarea Administracion Compensacion/Dias con Permisos Pasivos Permitidos/a_Verificar' is clickable

2021-12-01 11:51:07 - [MESSAGE][PASSED] - Object 'Object Repository/Modulo Tarea Administracion Compensacion/Dias con Permisos Pasivos Permitidos/a_Verificar' is clickable

2021-12-01 11:51:07 - [TEST_STEP][PASSED] - click(findTestObject("Modulo Tarea Administracion Compensacion/Dias con Permisos Pasivos Permitidos/a_Verificar")): Object: 'Object Repository/Modulo Tarea Administracion Compensacion/Dias con Permisos Pasivos Permitidos/a_Verificar' is clicked on

2021-12-01 11:51:07 - [MESSAGE][PASSED] - Object: 'Object Repository/Modulo Tarea Administracion Compensacion/Dias con Permisos Pasivos Permitidos/a_Verificar' is clicked on

2021-12-01 11:51:07 - [TEST_STEP][PASSED] - waitForElementClickable(findTestObject("Modulo Tarea Administracion Compensacion/Dias con Permisos Pasivos Permitidos/a_Guardar_solicitudes"), 0): Object 'Object Repository/Modulo Tarea Administracion Compensacion/Dias con Permisos Pasivos Permitidos/a_Guardar_solicitudes' is clickable

2021-12-01 11:51:07 - [MESSAGE][WARNING] - Timeout '0' is invalid. Using default page load timeout: '30'

2021-12-01 11:51:10 - [MESSAGE][PASSED] - Object 'Object Repository/Modulo Tarea Administracion Compensacion/Dias con Permisos Pasivos Permitidos/a_Guardar_solicitudes' is clickable

2021-12-01 11:51:10 - [TEST_STEP][PASSED] - click(findTestObject("Modulo Tarea Administracion Compensacion/Dias con Permisos Pasivos Permitidos/a_Guardar_solicitudes")): Object: 'Object Repository/Modulo Tarea Administracion Compensacion/Dias con Permisos Pasivos Permitidos/a_Guardar_solicitudes' is clicked on

2021-12-01 11:51:10 - [MESSAGE][PASSED] - Object: 'Object Repository/Modulo Tarea Administracion Compensacion/Dias con Permisos Pasivos Permitidos/a_Guardar_solicitudes' is clicked on

2021-12-01 11:51:10 - [TEST_STEP][PASSED] - getText(findTestObject("Alerta/Alerta")): Text of object 'Object Repository/Alerta/Alerta' is: 'Se modifico exitosamente su solicitud'

2021-12-01 11:51:11 - [MESSAGE][PASSED] - Text of object 'Object Repository/Alerta/Alerta' is: 'Se modifico exitosamente su solicitud'

2021-12-01 11:51:11 - [TEST_STEP][PASSED] - click(findTestObject("Modulo Tarea Administracion Compensacion/Dias con Permisos Pasivos Permitidos/a_Regresar_vacaciones")): Object: 'Object Repository/Modulo Tarea Administracion Compensacion/Dias con Permisos Pasivos Permitidos/a_Regresar_vacaciones' is clicked on

2021-12-01 11:51:12 - [MESSAGE][PASSED] - Object: 'Object Repository/Modulo Tarea Administracion Compensacion/Dias con Permisos Pasivos Permitidos/a_Regresar_vacaciones' is clicked on]]></system-out>
         <system-err><![CDATA[]]></system-err>
      </testcase>
      <testcase name="Test Cases/1.1-Tareas Principales/1.1.7-Generar Vacaciones" time="80.978" classname="Test Cases/1.1-Tareas Principales/1.1.7-Generar Vacaciones" status="PASSED">
         <system-out><![CDATA[2021-12-01 11:51:12 - [TEST_CASE][PASSED] - Test Cases/1.1-Tareas Principales/1.1.7-Generar Vacaciones: Test Cases/1.1-Tareas Principales/1.1.7-Generar Vacaciones

2021-12-01 11:51:12 - [TEST_STEP][PASSED] - callTestCase(findTestCase("1.1-Tareas Principales/1.1.6-crear vacaciones"), [:], STOP_ON_FAILURE): Call Test Case 'Test Cases/1.1-Tareas Principales/1.1.6-crear vacaciones' successfully

2021-12-01 11:51:12 - [TEST_CASE][PASSED] - Test Cases/1.1-Tareas Principales/1.1.6-crear vacaciones: Test Cases/1.1-Tareas Principales/1.1.6-crear vacaciones

2021-12-01 11:51:12 - [TEST_STEP][PASSED] - callTestCase(findTestCase("Hutilidades/Tareas Administracion Compensacion/Tarea Listado Empleados"), [:], STOP_ON_FAILURE): Call Test Case 'Test Cases/Hutilidades/Tareas Administracion Compensacion/Tarea Listado Empleados' successfully

2021-12-01 11:51:12 - [TEST_CASE][PASSED] - Test Cases/Hutilidades/Tareas Administracion Compensacion/Tarea Listado Empleados: Test Cases/Hutilidades/Tareas Administracion Compensacion/Tarea Listado Empleados

2021-12-01 11:51:12 - [TEST_STEP][PASSED] - callTestCase(findTestCase("0.1-Login"), [:], STOP_ON_FAILURE): Call Test Case 'Test Cases/0.1-Login' successfully

2021-12-01 11:51:12 - [TEST_CASE][PASSED] - Test Cases/0.1-Login: Test Cases/0.1-Login

2021-12-01 11:51:12 - [TEST_STEP][PASSED] - openBrowser(""): Browser is opened with url: ''

2021-12-01 11:51:12 - [MESSAGE][WARNING] - A browser is already opened. Closing browser and opening a new one

2021-12-01 11:51:13 - [MESSAGE][INFO] - Starting 'Chrome' driver

2021-12-01 11:51:13 - [MESSAGE][INFO] - Action delay is set to 0 milliseconds

2021-12-01 11:51:15 - [MESSAGE][PASSED] - Browser is opened with url: ''

2021-12-01 11:51:15 - [TEST_STEP][PASSED] - maximizeWindow(): Current window maximized

2021-12-01 11:51:15 - [MESSAGE][PASSED] - Current window maximized

2021-12-01 11:51:15 - [TEST_STEP][PASSED] - i = G_Login: null

2021-12-01 11:51:15 - [TEST_STEP][PASSED] - url = new java.net.URL(i): null

2021-12-01 11:51:15 - [TEST_STEP][PASSED] - println("URL: " + url.toString()): null

2021-12-01 11:51:15 - [TEST_STEP][PASSED] - connection = url.openConnection(): null

2021-12-01 11:51:15 - [TEST_STEP][PASSED] - connection.setRequestMethod("GET"): null

2021-12-01 11:51:15 - [TEST_STEP][PASSED] - connection.setReadTimeout(2 * 1000): null

2021-12-01 11:51:15 - [TEST_STEP][PASSED] - try: null

2021-12-01 11:51:15 - [TEST_STEP][PASSED] - connection.connect(): null

2021-12-01 11:51:15 - [TEST_STEP][PASSED] - flag = connected: null

2021-12-01 11:51:15 - [TEST_STEP][PASSED] - println("Valor_ori: " + flag): null

2021-12-01 11:51:15 - [TEST_STEP][PASSED] - if (flag): null

2021-12-01 11:51:15 - [TEST_STEP][PASSED] - navigateToUrl(i): Navigate to 'http://localhost:8380/saraweb/' successfully

2021-12-01 11:51:16 - [MESSAGE][PASSED] - Navigate to 'http://localhost:8380/saraweb/' successfully

2021-12-01 11:51:16 - [TEST_STEP][PASSED] - a(): null

2021-12-01 11:51:16 - [TEST_STEP][PASSED] - setText(findTestObject("Login/input_USUARIO_loginusuario"), G_Usuario): Text 'saraadmin' is set on object 'Object Repository/Login/input_USUARIO_loginusuario'

2021-12-01 11:51:17 - [MESSAGE][PASSED] - Text 'saraadmin' is set on object 'Object Repository/Login/input_USUARIO_loginusuario'

2021-12-01 11:51:17 - [TEST_STEP][PASSED] - setEncryptedText(findTestObject("Login/input_CLAVE_loginpassword"), "MkG4/TYiCFC3cb2driP7+Q=="): Text ****** has been set on object 'Object Repository/Login/input_CLAVE_loginpassword'

2021-12-01 11:51:17 - [MESSAGE][PASSED] - Text ****** has been set on object 'Object Repository/Login/input_CLAVE_loginpassword'

2021-12-01 11:51:17 - [TEST_STEP][PASSED] - waitForElementClickable(findTestObject("Login/a_Ingresar"), G_TimeOut): Object 'Object Repository/Login/a_Ingresar' is clickable

2021-12-01 11:51:17 - [MESSAGE][PASSED] - Object 'Object Repository/Login/a_Ingresar' is clickable

2021-12-01 11:51:17 - [TEST_STEP][PASSED] - click(findTestObject("Login/a_Ingresar")): Object: 'Object Repository/Login/a_Ingresar' is clicked on

2021-12-01 11:51:19 - [MESSAGE][PASSED] - Object: 'Object Repository/Login/a_Ingresar' is clicked on

2021-12-01 11:51:19 - [TEST_STEP][PASSED] - element = findWebElement(findTestObject("Login/a_Ir"), 30): null

2021-12-01 11:51:19 - [TEST_STEP][PASSED] - executeJavaScript("arguments[0].click()", Arrays.asList(element)): Execute JavaScript 'arguments[0].click()' successfully

2021-12-01 11:51:19 - [MESSAGE][PASSED] - Execute JavaScript 'arguments[0].click()' successfully

2021-12-01 11:51:19 - [MESSAGE][PASSED] - Call Test Case 'Test Cases/0.1-Login' successfully

2021-12-01 11:51:19 - [TEST_STEP][PASSED] - setText(findTestObject("Modulo Tarea Listado Hojas de Vida/Tareas Listado Hojas de Vida/input_Listado Hojas De Vida_form_templatej_idt24_input"), "Listado de Empleados"): Text 'Listado de Empleados' is set on object 'Object Repository/Modulo Tarea Listado Hojas de Vida/Tareas Listado Hojas de Vida/input_Listado Hojas De Vida_form_templatej_idt24_input'

2021-12-01 11:51:21 - [MESSAGE][PASSED] - Text 'Listado de Empleados' is set on object 'Object Repository/Modulo Tarea Listado Hojas de Vida/Tareas Listado Hojas de Vida/input_Listado Hojas De Vida_form_templatej_idt24_input'

2021-12-01 11:51:21 - [TEST_STEP][PASSED] - delay(3): Delayed 3 second(s)

2021-12-01 11:51:24 - [MESSAGE][PASSED] - Delayed 3 second(s)

2021-12-01 11:51:24 - [TEST_STEP][PASSED] - sendKeys(findTestObject("Modulo Tarea Listado Hojas de Vida/Tareas Listado Hojas de Vida/input_Listado Hojas De Vida_form_templatej_idt24_input"), Keys.chord(ENTER)): Keys 'ENTER + ' sent to object: 'Object Repository/Modulo Tarea Listado Hojas de Vida/Tareas Listado Hojas de Vida/input_Listado Hojas De Vida_form_templatej_idt24_input'

2021-12-01 11:51:24 - [MESSAGE][PASSED] - Keys 'ENTER + ' sent to object: 'Object Repository/Modulo Tarea Listado Hojas de Vida/Tareas Listado Hojas de Vida/input_Listado Hojas De Vida_form_templatej_idt24_input'

2021-12-01 11:51:24 - [MESSAGE][PASSED] - Call Test Case 'Test Cases/Hutilidades/Tareas Administracion Compensacion/Tarea Listado Empleados' successfully

2021-12-01 11:51:24 - [TEST_STEP][PASSED] - setText(findTestObject("Modulo Tarea Administracion Compensacion/Dias con Permisos Pasivos Permitidos/input_Identificacin_listadoEmpleadoIdentificacionEmpleado"), "1234567890"): Text '1234567890' is set on object 'Object Repository/Modulo Tarea Administracion Compensacion/Dias con Permisos Pasivos Permitidos/input_Identificacin_listadoEmpleadoIdentificacionEmpleado'

2021-12-01 11:51:26 - [MESSAGE][PASSED] - Text '1234567890' is set on object 'Object Repository/Modulo Tarea Administracion Compensacion/Dias con Permisos Pasivos Permitidos/input_Identificacin_listadoEmpleadoIdentificacionEmpleado'

2021-12-01 11:51:26 - [TEST_STEP][PASSED] - sendKeys(findTestObject("Modulo Tarea Administracion Compensacion/Dias con Permisos Pasivos Permitidos/input_Identificacin_listadoEmpleadoIdentificacionEmpleado"), Keys.chord(ENTER)): Keys 'ENTER + ' sent to object: 'Object Repository/Modulo Tarea Administracion Compensacion/Dias con Permisos Pasivos Permitidos/input_Identificacin_listadoEmpleadoIdentificacionEmpleado'

2021-12-01 11:51:26 - [MESSAGE][PASSED] - Keys 'ENTER + ' sent to object: 'Object Repository/Modulo Tarea Administracion Compensacion/Dias con Permisos Pasivos Permitidos/input_Identificacin_listadoEmpleadoIdentificacionEmpleado'

2021-12-01 11:51:26 - [TEST_STEP][PASSED] - waitForElementClickable(findTestObject("Modulo Tarea Administracion Compensacion/Dias con Permisos Pasivos Permitidos/span_Consta Belfegord Jhon"), G_TimeOut): Object 'Object Repository/Modulo Tarea Administracion Compensacion/Dias con Permisos Pasivos Permitidos/span_Consta Belfegord Jhon' is clickable

2021-12-01 11:51:27 - [MESSAGE][PASSED] - Object 'Object Repository/Modulo Tarea Administracion Compensacion/Dias con Permisos Pasivos Permitidos/span_Consta Belfegord Jhon' is clickable

2021-12-01 11:51:27 - [TEST_STEP][PASSED] - click(findTestObject("Modulo Tarea Administracion Compensacion/Dias con Permisos Pasivos Permitidos/span_Consta Belfegord Jhon")): Object: 'Object Repository/Modulo Tarea Administracion Compensacion/Dias con Permisos Pasivos Permitidos/span_Consta Belfegord Jhon' is clicked on

2021-12-01 11:51:27 - [MESSAGE][PASSED] - Object: 'Object Repository/Modulo Tarea Administracion Compensacion/Dias con Permisos Pasivos Permitidos/span_Consta Belfegord Jhon' is clicked on

2021-12-01 11:51:27 - [TEST_STEP][PASSED] - waitForElementClickable(findTestObject("Modulo Tarea Administracion Compensacion/Dias con Permisos Pasivos Permitidos/a_Vacacin"), G_TimeOut): Object 'Object Repository/Modulo Tarea Administracion Compensacion/Dias con Permisos Pasivos Permitidos/a_Vacacin' is clickable

2021-12-01 11:51:30 - [MESSAGE][PASSED] - Object 'Object Repository/Modulo Tarea Administracion Compensacion/Dias con Permisos Pasivos Permitidos/a_Vacacin' is clickable

2021-12-01 11:51:30 - [TEST_STEP][PASSED] - click(findTestObject("Modulo Tarea Administracion Compensacion/Dias con Permisos Pasivos Permitidos/a_Vacacin")): Object: 'Object Repository/Modulo Tarea Administracion Compensacion/Dias con Permisos Pasivos Permitidos/a_Vacacin' is clicked on

2021-12-01 11:51:31 - [MESSAGE][PASSED] - Object: 'Object Repository/Modulo Tarea Administracion Compensacion/Dias con Permisos Pasivos Permitidos/a_Vacacin' is clicked on

2021-12-01 11:51:31 - [TEST_STEP][PASSED] - if (waitForElementClickable(findTestObject("Modulo Tarea Administracion Compensacion/Dias con Permisos Pasivos Permitidos/span_Programacion De Vacaciones"), G_TimeOut)): null

2021-12-01 11:51:32 - [MESSAGE][PASSED] - Object 'Object Repository/Modulo Tarea Administracion Compensacion/Dias con Permisos Pasivos Permitidos/span_Programacion De Vacaciones' is clickable

2021-12-01 11:51:32 - [TEST_STEP][PASSED] - click(findTestObject("Modulo Tarea Administracion Compensacion/Dias con Permisos Pasivos Permitidos/span_Programacion De Vacaciones")): Object: 'Object Repository/Modulo Tarea Administracion Compensacion/Dias con Permisos Pasivos Permitidos/span_Programacion De Vacaciones' is clicked on

2021-12-01 11:51:33 - [MESSAGE][PASSED] - Object: 'Object Repository/Modulo Tarea Administracion Compensacion/Dias con Permisos Pasivos Permitidos/span_Programacion De Vacaciones' is clicked on

2021-12-01 11:51:33 - [TEST_STEP][PASSED] - waitForElementClickable(findTestObject("Modulo Tarea Administracion Compensacion/Dias con Permisos Pasivos Permitidos/a_Eliminar"), G_TimeOut): Object 'Object Repository/Modulo Tarea Administracion Compensacion/Dias con Permisos Pasivos Permitidos/a_Eliminar' is clickable

2021-12-01 11:51:33 - [MESSAGE][PASSED] - Object 'Object Repository/Modulo Tarea Administracion Compensacion/Dias con Permisos Pasivos Permitidos/a_Eliminar' is clickable

2021-12-01 11:51:33 - [TEST_STEP][PASSED] - click(findTestObject("Modulo Tarea Administracion Compensacion/Dias con Permisos Pasivos Permitidos/a_Eliminar")): Object: 'Object Repository/Modulo Tarea Administracion Compensacion/Dias con Permisos Pasivos Permitidos/a_Eliminar' is clicked on

2021-12-01 11:51:34 - [MESSAGE][PASSED] - Object: 'Object Repository/Modulo Tarea Administracion Compensacion/Dias con Permisos Pasivos Permitidos/a_Eliminar' is clicked on

2021-12-01 11:51:34 - [TEST_STEP][PASSED] - waitForElementClickable(findTestObject("Modulo Tarea Administracion Compensacion/Dias con Permisos Pasivos Permitidos/a_Aceptar"), G_TimeOut): Object 'Object Repository/Modulo Tarea Administracion Compensacion/Dias con Permisos Pasivos Permitidos/a_Aceptar' is clickable

2021-12-01 11:51:35 - [MESSAGE][PASSED] - Object 'Object Repository/Modulo Tarea Administracion Compensacion/Dias con Permisos Pasivos Permitidos/a_Aceptar' is clickable

2021-12-01 11:51:35 - [TEST_STEP][PASSED] - click(findTestObject("Modulo Tarea Administracion Compensacion/Dias con Permisos Pasivos Permitidos/a_Aceptar")): Object: 'Object Repository/Modulo Tarea Administracion Compensacion/Dias con Permisos Pasivos Permitidos/a_Aceptar' is clicked on

2021-12-01 11:51:36 - [MESSAGE][PASSED] - Object: 'Object Repository/Modulo Tarea Administracion Compensacion/Dias con Permisos Pasivos Permitidos/a_Aceptar' is clicked on

2021-12-01 11:51:36 - [TEST_STEP][PASSED] - click(findTestObject("Modulo Tarea Administracion Compensacion/Dias con Permisos Pasivos Permitidos/a_Histrico")): Object: 'Object Repository/Modulo Tarea Administracion Compensacion/Dias con Permisos Pasivos Permitidos/a_Histrico' is clicked on

2021-12-01 11:51:36 - [MESSAGE][PASSED] - Object: 'Object Repository/Modulo Tarea Administracion Compensacion/Dias con Permisos Pasivos Permitidos/a_Histrico' is clicked on

2021-12-01 11:51:36 - [TEST_STEP][PASSED] - if (waitForElementClickable(findTestObject("Modulo Tarea Administracion Compensacion/Dias con Permisos Pasivos Permitidos/span_Programacion De Vacaciones"), 1)): Web element with id: 'Object Repository/Modulo Tarea Administracion Compensacion/Dias con Permisos Pasivos Permitidos/span_Programacion De Vacaciones' located by '//*/text()[normalize-space(.)='Programacion De Vacaciones']/parent::*' not found

2021-12-01 11:51:38 - [MESSAGE][INFO] - Unable to find the element located by 'By.xpath: //*/text()[normalize-space(.)='Programacion De Vacaciones']/parent::*'. Please recheck the objects properties to make sure the desired element is located. 

2021-12-01 11:51:38 - [MESSAGE][WARNING] - Web element with id: 'Object Repository/Modulo Tarea Administracion Compensacion/Dias con Permisos Pasivos Permitidos/span_Programacion De Vacaciones' located by '//*/text()[normalize-space(.)='Programacion De Vacaciones']/parent::*' not found

2021-12-01 11:51:38 - [TEST_STEP][PASSED] - click(findTestObject("Modulo Tarea Administracion Compensacion/Dias con Permisos Pasivos Permitidos/a_Vacaciones")): Object: 'Object Repository/Modulo Tarea Administracion Compensacion/Dias con Permisos Pasivos Permitidos/a_Vacaciones' is clicked on

2021-12-01 11:51:39 - [MESSAGE][PASSED] - Object: 'Object Repository/Modulo Tarea Administracion Compensacion/Dias con Permisos Pasivos Permitidos/a_Vacaciones' is clicked on

2021-12-01 11:51:39 - [TEST_STEP][PASSED] - waitForElementClickable(findTestObject("Modulo Tarea Administracion Compensacion/Dias con Permisos Pasivos Permitidos/a_Nuevo Pasivo"), G_TimeOut): Object 'Object Repository/Modulo Tarea Administracion Compensacion/Dias con Permisos Pasivos Permitidos/a_Nuevo Pasivo' is clickable

2021-12-01 11:51:39 - [MESSAGE][PASSED] - Object 'Object Repository/Modulo Tarea Administracion Compensacion/Dias con Permisos Pasivos Permitidos/a_Nuevo Pasivo' is clickable

2021-12-01 11:51:39 - [TEST_STEP][PASSED] - click(findTestObject("Modulo Tarea Administracion Compensacion/Dias con Permisos Pasivos Permitidos/a_Nuevo Pasivo")): Object: 'Object Repository/Modulo Tarea Administracion Compensacion/Dias con Permisos Pasivos Permitidos/a_Nuevo Pasivo' is clicked on

2021-12-01 11:51:40 - [MESSAGE][PASSED] - Object: 'Object Repository/Modulo Tarea Administracion Compensacion/Dias con Permisos Pasivos Permitidos/a_Nuevo Pasivo' is clicked on

2021-12-01 11:51:40 - [TEST_STEP][PASSED] - click(findTestObject("Modulo Tarea Administracion Compensacion/Dias con Permisos Pasivos Permitidos/a_pestaa Vacaciones")): Object: 'Object Repository/Modulo Tarea Administracion Compensacion/Dias con Permisos Pasivos Permitidos/a_pestaa Vacaciones' is clicked on

2021-12-01 11:51:40 - [MESSAGE][PASSED] - Object: 'Object Repository/Modulo Tarea Administracion Compensacion/Dias con Permisos Pasivos Permitidos/a_pestaa Vacaciones' is clicked on

2021-12-01 11:51:40 - [TEST_STEP][PASSED] - selectOptionByIndex(findTestObject("Modulo Tarea Administracion Compensacion/Dias con Permisos Pasivos Permitidos/select_APLAZAMIENTOPROGRAMACION DE VACACIONES"), "2"): All options with index in [2] are selected on object 'Object Repository/Modulo Tarea Administracion Compensacion/Dias con Permisos Pasivos Permitidos/select_APLAZAMIENTOPROGRAMACION DE VACACIONES'

2021-12-01 11:51:41 - [MESSAGE][PASSED] - All options with index in [2] are selected on object 'Object Repository/Modulo Tarea Administracion Compensacion/Dias con Permisos Pasivos Permitidos/select_APLAZAMIENTOPROGRAMACION DE VACACIONES'

2021-12-01 11:51:41 - [TEST_STEP][PASSED] - selectOptionByIndex(findTestObject("Modulo Tarea Administracion Compensacion/Dias con Permisos Pasivos Permitidos/select_InterrupcinNo Aplica"), "1"): All options with index in [1] are selected on object 'Object Repository/Modulo Tarea Administracion Compensacion/Dias con Permisos Pasivos Permitidos/select_InterrupcinNo Aplica'

2021-12-01 11:51:42 - [MESSAGE][PASSED] - All options with index in [1] are selected on object 'Object Repository/Modulo Tarea Administracion Compensacion/Dias con Permisos Pasivos Permitidos/select_InterrupcinNo Aplica'

2021-12-01 11:51:42 - [TEST_STEP][PASSED] - setText(findTestObject("Modulo Tarea Administracion Compensacion/Dias con Permisos Pasivos Permitidos/input_Periodo Servicio_form_"), "01/06/2021"): Text '01/06/2021' is set on object 'Object Repository/Modulo Tarea Administracion Compensacion/Dias con Permisos Pasivos Permitidos/input_Periodo Servicio_form_'

2021-12-01 11:51:43 - [MESSAGE][PASSED] - Text '01/06/2021' is set on object 'Object Repository/Modulo Tarea Administracion Compensacion/Dias con Permisos Pasivos Permitidos/input_Periodo Servicio_form_'

2021-12-01 11:51:43 - [TEST_STEP][PASSED] - click(findTestObject("Modulo Tarea Administracion Compensacion/Dias con Permisos Pasivos Permitidos/span_Periodo Servicio"), STOP_ON_FAILURE): Object: 'Object Repository/Modulo Tarea Administracion Compensacion/Dias con Permisos Pasivos Permitidos/span_Periodo Servicio' is clicked on

2021-12-01 11:51:44 - [MESSAGE][PASSED] - Object: 'Object Repository/Modulo Tarea Administracion Compensacion/Dias con Permisos Pasivos Permitidos/span_Periodo Servicio' is clicked on

2021-12-01 11:51:44 - [TEST_STEP][PASSED] - setText(findTestObject("Modulo Tarea Administracion Compensacion/Dias con Permisos Pasivos Permitidos/input_Periodo Servicio_form_vacaciones"), "06/06/2021"): Text '06/06/2021' is set on object 'Object Repository/Modulo Tarea Administracion Compensacion/Dias con Permisos Pasivos Permitidos/input_Periodo Servicio_form_vacaciones'

2021-12-01 11:51:45 - [MESSAGE][PASSED] - Text '06/06/2021' is set on object 'Object Repository/Modulo Tarea Administracion Compensacion/Dias con Permisos Pasivos Permitidos/input_Periodo Servicio_form_vacaciones'

2021-12-01 11:51:45 - [TEST_STEP][PASSED] - sendKeys(findTestObject("Modulo Tarea Administracion Compensacion/Dias con Permisos Pasivos Permitidos/input_Periodo Servicio_form_vacaciones"), Keys.chord(ENTER)): Keys 'ENTER + ' sent to object: 'Object Repository/Modulo Tarea Administracion Compensacion/Dias con Permisos Pasivos Permitidos/input_Periodo Servicio_form_vacaciones'

2021-12-01 11:51:45 - [MESSAGE][PASSED] - Keys 'ENTER + ' sent to object: 'Object Repository/Modulo Tarea Administracion Compensacion/Dias con Permisos Pasivos Permitidos/input_Periodo Servicio_form_vacaciones'

2021-12-01 11:51:45 - [TEST_STEP][PASSED] - setText(findTestObject("Modulo Tarea Administracion Compensacion/Dias con Permisos Pasivos Permitidos/input_Das_form_vacacionesEmpleadotabs"), "5"): Text '5' is set on object 'Object Repository/Modulo Tarea Administracion Compensacion/Dias con Permisos Pasivos Permitidos/input_Das_form_vacacionesEmpleadotabs'

2021-12-01 11:51:46 - [MESSAGE][PASSED] - Text '5' is set on object 'Object Repository/Modulo Tarea Administracion Compensacion/Dias con Permisos Pasivos Permitidos/input_Das_form_vacacionesEmpleadotabs'

2021-12-01 11:51:46 - [TEST_STEP][PASSED] - setText(findTestObject("Modulo Tarea Administracion Compensacion/Dias con Permisos Pasivos Permitidos/input_Fecha Origen_form_vacaciones"), "01/06/2021"): Text '01/06/2021' is set on object 'Object Repository/Modulo Tarea Administracion Compensacion/Dias con Permisos Pasivos Permitidos/input_Fecha Origen_form_vacaciones'

2021-12-01 11:51:47 - [MESSAGE][PASSED] - Text '01/06/2021' is set on object 'Object Repository/Modulo Tarea Administracion Compensacion/Dias con Permisos Pasivos Permitidos/input_Fecha Origen_form_vacaciones'

2021-12-01 11:51:47 - [TEST_STEP][PASSED] - sendKeys(findTestObject("Modulo Tarea Administracion Compensacion/Dias con Permisos Pasivos Permitidos/input_Fecha Origen_form_vacaciones"), Keys.chord(ENTER)): Keys 'ENTER + ' sent to object: 'Object Repository/Modulo Tarea Administracion Compensacion/Dias con Permisos Pasivos Permitidos/input_Fecha Origen_form_vacaciones'

2021-12-01 11:51:47 - [MESSAGE][PASSED] - Keys 'ENTER + ' sent to object: 'Object Repository/Modulo Tarea Administracion Compensacion/Dias con Permisos Pasivos Permitidos/input_Fecha Origen_form_vacaciones'

2021-12-01 11:51:47 - [TEST_STEP][PASSED] - waitForElementClickable(findTestObject("Modulo Tarea Administracion Compensacion/Dias con Permisos Pasivos Permitidos/a_Guardar"), G_TimeOut): Object 'Object Repository/Modulo Tarea Administracion Compensacion/Dias con Permisos Pasivos Permitidos/a_Guardar' is clickable

2021-12-01 11:51:48 - [MESSAGE][PASSED] - Object 'Object Repository/Modulo Tarea Administracion Compensacion/Dias con Permisos Pasivos Permitidos/a_Guardar' is clickable

2021-12-01 11:51:48 - [TEST_STEP][PASSED] - click(findTestObject("Modulo Tarea Administracion Compensacion/Dias con Permisos Pasivos Permitidos/a_Guardar")): Object: 'Object Repository/Modulo Tarea Administracion Compensacion/Dias con Permisos Pasivos Permitidos/a_Guardar' is clicked on

2021-12-01 11:51:48 - [MESSAGE][PASSED] - Object: 'Object Repository/Modulo Tarea Administracion Compensacion/Dias con Permisos Pasivos Permitidos/a_Guardar' is clicked on

2021-12-01 11:51:48 - [TEST_STEP][PASSED] - waitForElementClickable(findTestObject("Modulo Tarea Administracion Compensacion/Dias con Permisos Pasivos Permitidos/a_Regresar"), G_TimeOut): Object 'Object Repository/Modulo Tarea Administracion Compensacion/Dias con Permisos Pasivos Permitidos/a_Regresar' is clickable

2021-12-01 11:51:51 - [MESSAGE][PASSED] - Object 'Object Repository/Modulo Tarea Administracion Compensacion/Dias con Permisos Pasivos Permitidos/a_Regresar' is clickable

2021-12-01 11:51:51 - [TEST_STEP][PASSED] - click(findTestObject("Modulo Tarea Administracion Compensacion/Dias con Permisos Pasivos Permitidos/a_Regresar")): Object: 'Object Repository/Modulo Tarea Administracion Compensacion/Dias con Permisos Pasivos Permitidos/a_Regresar' is clicked on

2021-12-01 11:51:51 - [MESSAGE][PASSED] - Object: 'Object Repository/Modulo Tarea Administracion Compensacion/Dias con Permisos Pasivos Permitidos/a_Regresar' is clicked on

2021-12-01 11:51:51 - [TEST_STEP][PASSED] - delay(3): Delayed 3 second(s)

2021-12-01 11:51:54 - [MESSAGE][PASSED] - Delayed 3 second(s)

2021-12-01 11:51:54 - [TEST_STEP][PASSED] - if (waitForElementClickable(findTestObject("Modulo Tarea Administracion Compensacion/Dias con Permisos Pasivos Permitidos/td_02062021"), 1)): null

2021-12-01 11:51:55 - [MESSAGE][PASSED] - Object 'Object Repository/Modulo Tarea Administracion Compensacion/Dias con Permisos Pasivos Permitidos/td_02062021' is clickable

2021-12-01 11:51:55 - [TEST_STEP][PASSED] - click(findTestObject("Modulo Tarea Administracion Compensacion/Dias con Permisos Pasivos Permitidos/td_02062021")): Object: 'Object Repository/Modulo Tarea Administracion Compensacion/Dias con Permisos Pasivos Permitidos/td_02062021' is clicked on

2021-12-01 11:51:55 - [MESSAGE][PASSED] - Object: 'Object Repository/Modulo Tarea Administracion Compensacion/Dias con Permisos Pasivos Permitidos/td_02062021' is clicked on

2021-12-01 11:51:55 - [TEST_STEP][PASSED] - waitForElementClickable(findTestObject("Modulo Tarea Administracion Compensacion/Dias con Permisos Pasivos Permitidos/a_Eliminar Directo_Solicitud"), 0): Object 'Object Repository/Modulo Tarea Administracion Compensacion/Dias con Permisos Pasivos Permitidos/a_Eliminar Directo_Solicitud' is clickable

2021-12-01 11:51:55 - [MESSAGE][WARNING] - Timeout '0' is invalid. Using default page load timeout: '30'

2021-12-01 11:51:56 - [MESSAGE][PASSED] - Object 'Object Repository/Modulo Tarea Administracion Compensacion/Dias con Permisos Pasivos Permitidos/a_Eliminar Directo_Solicitud' is clickable

2021-12-01 11:51:56 - [TEST_STEP][PASSED] - click(findTestObject("Modulo Tarea Administracion Compensacion/Dias con Permisos Pasivos Permitidos/a_Eliminar Directo_Solicitud")): Object: 'Object Repository/Modulo Tarea Administracion Compensacion/Dias con Permisos Pasivos Permitidos/a_Eliminar Directo_Solicitud' is clicked on

2021-12-01 11:51:56 - [MESSAGE][PASSED] - Object: 'Object Repository/Modulo Tarea Administracion Compensacion/Dias con Permisos Pasivos Permitidos/a_Eliminar Directo_Solicitud' is clicked on

2021-12-01 11:51:56 - [TEST_STEP][PASSED] - click(findTestObject("Modulo Tarea Administracion Compensacion/Dias con Permisos Pasivos Permitidos/a_Aceptar")): Object: 'Object Repository/Modulo Tarea Administracion Compensacion/Dias con Permisos Pasivos Permitidos/a_Aceptar' is clicked on

2021-12-01 11:51:59 - [MESSAGE][PASSED] - Object: 'Object Repository/Modulo Tarea Administracion Compensacion/Dias con Permisos Pasivos Permitidos/a_Aceptar' is clicked on

2021-12-01 11:51:59 - [TEST_STEP][PASSED] - waitForElementClickable(findTestObject("Modulo Tarea Administracion Compensacion/Dias con Permisos Pasivos Permitidos/a_Nueva Solicitud"), G_TimeOut): Object 'Object Repository/Modulo Tarea Administracion Compensacion/Dias con Permisos Pasivos Permitidos/a_Nueva Solicitud' is clickable

2021-12-01 11:52:00 - [MESSAGE][PASSED] - Object 'Object Repository/Modulo Tarea Administracion Compensacion/Dias con Permisos Pasivos Permitidos/a_Nueva Solicitud' is clickable

2021-12-01 11:52:00 - [TEST_STEP][PASSED] - click(findTestObject("Modulo Tarea Administracion Compensacion/Dias con Permisos Pasivos Permitidos/a_Nueva Solicitud")): Object: 'Object Repository/Modulo Tarea Administracion Compensacion/Dias con Permisos Pasivos Permitidos/a_Nueva Solicitud' is clicked on

2021-12-01 11:52:00 - [MESSAGE][PASSED] - Object: 'Object Repository/Modulo Tarea Administracion Compensacion/Dias con Permisos Pasivos Permitidos/a_Nueva Solicitud' is clicked on

2021-12-01 11:52:00 - [TEST_STEP][PASSED] - setText(findTestObject("Modulo Tarea Administracion Compensacion/Dias con Permisos Pasivos Permitidos/input_Salida Nomina_form_vacaciones"), "01/06/2021"): Text '01/06/2021' is set on object 'Object Repository/Modulo Tarea Administracion Compensacion/Dias con Permisos Pasivos Permitidos/input_Salida Nomina_form_vacaciones'

2021-12-01 11:52:01 - [MESSAGE][PASSED] - Text '01/06/2021' is set on object 'Object Repository/Modulo Tarea Administracion Compensacion/Dias con Permisos Pasivos Permitidos/input_Salida Nomina_form_vacaciones'

2021-12-01 11:52:01 - [TEST_STEP][PASSED] - sendKeys(findTestObject("Modulo Tarea Administracion Compensacion/Dias con Permisos Pasivos Permitidos/input_Salida Nomina_form_vacaciones"), Keys.chord(ENTER)): Keys 'ENTER + ' sent to object: 'Object Repository/Modulo Tarea Administracion Compensacion/Dias con Permisos Pasivos Permitidos/input_Salida Nomina_form_vacaciones'

2021-12-01 11:52:02 - [MESSAGE][PASSED] - Keys 'ENTER + ' sent to object: 'Object Repository/Modulo Tarea Administracion Compensacion/Dias con Permisos Pasivos Permitidos/input_Salida Nomina_form_vacaciones'

2021-12-01 11:52:02 - [TEST_STEP][PASSED] - selectOptionByIndex(findTestObject("Modulo Tarea Administracion Compensacion/Dias con Permisos Pasivos Permitidos/select_SeleccioneChequeEntidad_"), "3"): All options with index in [3] are selected on object 'Object Repository/Modulo Tarea Administracion Compensacion/Dias con Permisos Pasivos Permitidos/select_SeleccioneChequeEntidad_'

2021-12-01 11:52:03 - [MESSAGE][PASSED] - All options with index in [3] are selected on object 'Object Repository/Modulo Tarea Administracion Compensacion/Dias con Permisos Pasivos Permitidos/select_SeleccioneChequeEntidad_'

2021-12-01 11:52:03 - [TEST_STEP][PASSED] - setText(findTestObject("Modulo Tarea Administracion Compensacion/Dias con Permisos Pasivos Permitidos/input_Pago_form_vacacionesEmpleado"), "01/06/2021"): Text '01/06/2021' is set on object 'Object Repository/Modulo Tarea Administracion Compensacion/Dias con Permisos Pasivos Permitidos/input_Pago_form_vacacionesEmpleado'

2021-12-01 11:52:04 - [MESSAGE][PASSED] - Text '01/06/2021' is set on object 'Object Repository/Modulo Tarea Administracion Compensacion/Dias con Permisos Pasivos Permitidos/input_Pago_form_vacacionesEmpleado'

2021-12-01 11:52:04 - [TEST_STEP][PASSED] - sendKeys(findTestObject("Modulo Tarea Administracion Compensacion/Dias con Permisos Pasivos Permitidos/input_Pago_form_vacacionesEmpleado"), Keys.chord(ENTER)): Keys 'ENTER + ' sent to object: 'Object Repository/Modulo Tarea Administracion Compensacion/Dias con Permisos Pasivos Permitidos/input_Pago_form_vacacionesEmpleado'

2021-12-01 11:52:04 - [MESSAGE][PASSED] - Keys 'ENTER + ' sent to object: 'Object Repository/Modulo Tarea Administracion Compensacion/Dias con Permisos Pasivos Permitidos/input_Pago_form_vacacionesEmpleado'

2021-12-01 11:52:04 - [TEST_STEP][PASSED] - setText(findTestObject("Modulo Tarea Administracion Compensacion/Dias con Permisos Pasivos Permitidos/input_Disfrute_form_vacacionesEmpleado"), "1"): Text '1' is set on object 'Object Repository/Modulo Tarea Administracion Compensacion/Dias con Permisos Pasivos Permitidos/input_Disfrute_form_vacacionesEmpleado'

2021-12-01 11:52:05 - [MESSAGE][PASSED] - Text '1' is set on object 'Object Repository/Modulo Tarea Administracion Compensacion/Dias con Permisos Pasivos Permitidos/input_Disfrute_form_vacacionesEmpleado'

2021-12-01 11:52:05 - [TEST_STEP][PASSED] - setText(findTestObject("Modulo Tarea Administracion Compensacion/Dias con Permisos Pasivos Permitidos/input_Compensados_form_vacaciones"), "1"): Text '1' is set on object 'Object Repository/Modulo Tarea Administracion Compensacion/Dias con Permisos Pasivos Permitidos/input_Compensados_form_vacaciones'

2021-12-01 11:52:06 - [MESSAGE][PASSED] - Text '1' is set on object 'Object Repository/Modulo Tarea Administracion Compensacion/Dias con Permisos Pasivos Permitidos/input_Compensados_form_vacaciones'

2021-12-01 11:52:06 - [TEST_STEP][PASSED] - setText(findTestObject("Modulo Tarea Administracion Compensacion/Dias con Permisos Pasivos Permitidos/textarea_Observacin_form_vacaciones"), "Pruebas sara"): Text 'Pruebas sara' is set on object 'Object Repository/Modulo Tarea Administracion Compensacion/Dias con Permisos Pasivos Permitidos/textarea_Observacin_form_vacaciones'

2021-12-01 11:52:07 - [MESSAGE][PASSED] - Text 'Pruebas sara' is set on object 'Object Repository/Modulo Tarea Administracion Compensacion/Dias con Permisos Pasivos Permitidos/textarea_Observacin_form_vacaciones'

2021-12-01 11:52:07 - [TEST_STEP][PASSED] - waitForElementClickable(findTestObject("Modulo Tarea Administracion Compensacion/Dias con Permisos Pasivos Permitidos/a_Verificar"), G_TimeOut): Object 'Object Repository/Modulo Tarea Administracion Compensacion/Dias con Permisos Pasivos Permitidos/a_Verificar' is clickable

2021-12-01 11:52:07 - [MESSAGE][PASSED] - Object 'Object Repository/Modulo Tarea Administracion Compensacion/Dias con Permisos Pasivos Permitidos/a_Verificar' is clickable

2021-12-01 11:52:07 - [TEST_STEP][PASSED] - click(findTestObject("Modulo Tarea Administracion Compensacion/Dias con Permisos Pasivos Permitidos/a_Verificar")): Object: 'Object Repository/Modulo Tarea Administracion Compensacion/Dias con Permisos Pasivos Permitidos/a_Verificar' is clicked on

2021-12-01 11:52:07 - [MESSAGE][PASSED] - Object: 'Object Repository/Modulo Tarea Administracion Compensacion/Dias con Permisos Pasivos Permitidos/a_Verificar' is clicked on

2021-12-01 11:52:07 - [TEST_STEP][PASSED] - waitForElementClickable(findTestObject("Modulo Tarea Administracion Compensacion/Dias con Permisos Pasivos Permitidos/a_Guardar_solicitudes"), 0): Object 'Object Repository/Modulo Tarea Administracion Compensacion/Dias con Permisos Pasivos Permitidos/a_Guardar_solicitudes' is clickable

2021-12-01 11:52:07 - [MESSAGE][WARNING] - Timeout '0' is invalid. Using default page load timeout: '30'

2021-12-01 11:52:11 - [MESSAGE][PASSED] - Object 'Object Repository/Modulo Tarea Administracion Compensacion/Dias con Permisos Pasivos Permitidos/a_Guardar_solicitudes' is clickable

2021-12-01 11:52:11 - [TEST_STEP][PASSED] - click(findTestObject("Modulo Tarea Administracion Compensacion/Dias con Permisos Pasivos Permitidos/a_Guardar_solicitudes")): Object: 'Object Repository/Modulo Tarea Administracion Compensacion/Dias con Permisos Pasivos Permitidos/a_Guardar_solicitudes' is clicked on

2021-12-01 11:52:12 - [MESSAGE][PASSED] - Object: 'Object Repository/Modulo Tarea Administracion Compensacion/Dias con Permisos Pasivos Permitidos/a_Guardar_solicitudes' is clicked on

2021-12-01 11:52:12 - [TEST_STEP][PASSED] - getText(findTestObject("Alerta/Alerta")): Text of object 'Object Repository/Alerta/Alerta' is: 'Se modifico exitosamente su solicitud'

2021-12-01 11:52:12 - [MESSAGE][PASSED] - Text of object 'Object Repository/Alerta/Alerta' is: 'Se modifico exitosamente su solicitud'

2021-12-01 11:52:12 - [TEST_STEP][PASSED] - click(findTestObject("Modulo Tarea Administracion Compensacion/Dias con Permisos Pasivos Permitidos/a_Regresar_vacaciones")): Object: 'Object Repository/Modulo Tarea Administracion Compensacion/Dias con Permisos Pasivos Permitidos/a_Regresar_vacaciones' is clicked on

2021-12-01 11:52:13 - [MESSAGE][PASSED] - Object: 'Object Repository/Modulo Tarea Administracion Compensacion/Dias con Permisos Pasivos Permitidos/a_Regresar_vacaciones' is clicked on

2021-12-01 11:52:13 - [MESSAGE][PASSED] - Call Test Case 'Test Cases/1.1-Tareas Principales/1.1.6-crear vacaciones' successfully

2021-12-01 11:52:13 - [TEST_STEP][PASSED] - delay(2): Delayed 2 second(s)

2021-12-01 11:52:15 - [MESSAGE][PASSED] - Delayed 2 second(s)

2021-12-01 11:52:15 - [TEST_STEP][PASSED] - setText(findTestObject("Modulo Tarea Administracion Compensacion/Generar Vacaciones/input_Listado de Empleados_form_templatej_idt24_input"), "Generacion Vacaciones"): Text 'Generacion Vacaciones' is set on object 'Object Repository/Modulo Tarea Administracion Compensacion/Generar Vacaciones/input_Listado de Empleados_form_templatej_idt24_input'

2021-12-01 11:52:16 - [MESSAGE][PASSED] - Text 'Generacion Vacaciones' is set on object 'Object Repository/Modulo Tarea Administracion Compensacion/Generar Vacaciones/input_Listado de Empleados_form_templatej_idt24_input'

2021-12-01 11:52:16 - [TEST_STEP][PASSED] - delay(1): Delayed 1 second(s)

2021-12-01 11:52:17 - [MESSAGE][PASSED] - Delayed 1 second(s)

2021-12-01 11:52:17 - [TEST_STEP][PASSED] - waitForElementClickable(findTestObject("Modulo Tarea Administracion Compensacion/Generar Vacaciones/a_Generacin"), G_TimeOut): Object 'Object Repository/Modulo Tarea Administracion Compensacion/Generar Vacaciones/a_Generacin' is clickable

2021-12-01 11:52:17 - [MESSAGE][PASSED] - Object 'Object Repository/Modulo Tarea Administracion Compensacion/Generar Vacaciones/a_Generacin' is clickable

2021-12-01 11:52:17 - [TEST_STEP][PASSED] - sendKeys(findTestObject("Modulo Tarea Administracion Compensacion/Generar Vacaciones/input_Listado de Empleados_form_templatej_idt24_input"), Keys.chord(ENTER)): Keys 'ENTER + ' sent to object: 'Object Repository/Modulo Tarea Administracion Compensacion/Generar Vacaciones/input_Listado de Empleados_form_templatej_idt24_input'

2021-12-01 11:52:17 - [MESSAGE][PASSED] - Keys 'ENTER + ' sent to object: 'Object Repository/Modulo Tarea Administracion Compensacion/Generar Vacaciones/input_Listado de Empleados_form_templatej_idt24_input'

2021-12-01 11:52:17 - [TEST_STEP][PASSED] - click(findTestObject("Modulo Tarea Administracion Compensacion/Generar Vacaciones/a_Generacin")): Object: 'Object Repository/Modulo Tarea Administracion Compensacion/Generar Vacaciones/a_Generacin' is clicked on

2021-12-01 11:52:19 - [MESSAGE][PASSED] - Object: 'Object Repository/Modulo Tarea Administracion Compensacion/Generar Vacaciones/a_Generacin' is clicked on

2021-12-01 11:52:19 - [TEST_STEP][PASSED] - waitForElementClickable(findTestObject("Modulo Tarea Administracion Compensacion/Generar Vacaciones/select_--Seleccione--ChequeEntidad de PagoPeriodo de Nomina"), G_TimeOut): Object 'Object Repository/Modulo Tarea Administracion Compensacion/Generar Vacaciones/select_--Seleccione--ChequeEntidad de PagoPeriodo de Nomina' is clickable

2021-12-01 11:52:19 - [MESSAGE][PASSED] - Object 'Object Repository/Modulo Tarea Administracion Compensacion/Generar Vacaciones/select_--Seleccione--ChequeEntidad de PagoPeriodo de Nomina' is clickable

2021-12-01 11:52:19 - [TEST_STEP][PASSED] - click(findTestObject("Modulo Tarea Administracion Compensacion/Generar Vacaciones/select_--Seleccione--ChequeEntidad de PagoPeriodo de Nomina")): Object: 'Object Repository/Modulo Tarea Administracion Compensacion/Generar Vacaciones/select_--Seleccione--ChequeEntidad de PagoPeriodo de Nomina' is clicked on

2021-12-01 11:52:20 - [MESSAGE][PASSED] - Object: 'Object Repository/Modulo Tarea Administracion Compensacion/Generar Vacaciones/select_--Seleccione--ChequeEntidad de PagoPeriodo de Nomina' is clicked on

2021-12-01 11:52:20 - [TEST_STEP][PASSED] - selectOptionByIndex(findTestObject("Modulo Tarea Administracion Compensacion/Generar Vacaciones/select_--Seleccione--ChequeEntidad de PagoPeriodo de Nomina"), "3"): All options with index in [3] are selected on object 'Object Repository/Modulo Tarea Administracion Compensacion/Generar Vacaciones/select_--Seleccione--ChequeEntidad de PagoPeriodo de Nomina'

2021-12-01 11:52:21 - [MESSAGE][PASSED] - All options with index in [3] are selected on object 'Object Repository/Modulo Tarea Administracion Compensacion/Generar Vacaciones/select_--Seleccione--ChequeEntidad de PagoPeriodo de Nomina'

2021-12-01 11:52:21 - [TEST_STEP][PASSED] - waitForElementClickable(findTestObject("Modulo Tarea Administracion Compensacion/Generar Vacaciones/a_Periodo Nomina_btn_popupInformacion"), G_TimeOut): Object 'Object Repository/Modulo Tarea Administracion Compensacion/Generar Vacaciones/a_Periodo Nomina_btn_popupInformacion' is clickable

2021-12-01 11:52:21 - [MESSAGE][PASSED] - Object 'Object Repository/Modulo Tarea Administracion Compensacion/Generar Vacaciones/a_Periodo Nomina_btn_popupInformacion' is clickable

2021-12-01 11:52:21 - [TEST_STEP][PASSED] - click(findTestObject("Modulo Tarea Administracion Compensacion/Generar Vacaciones/a_Periodo Nomina_btn_popupInformacion")): Object: 'Object Repository/Modulo Tarea Administracion Compensacion/Generar Vacaciones/a_Periodo Nomina_btn_popupInformacion' is clicked on

2021-12-01 11:52:22 - [MESSAGE][PASSED] - Object: 'Object Repository/Modulo Tarea Administracion Compensacion/Generar Vacaciones/a_Periodo Nomina_btn_popupInformacion' is clicked on

2021-12-01 11:52:22 - [TEST_STEP][PASSED] - waitForElementClickable(findTestObject("Modulo Tarea Administracion Compensacion/Generar Vacaciones/span_P MensualJunio2021"), G_TimeOut): Object 'Object Repository/Modulo Tarea Administracion Compensacion/Generar Vacaciones/span_P MensualJunio2021' is clickable

2021-12-01 11:52:22 - [MESSAGE][PASSED] - Object 'Object Repository/Modulo Tarea Administracion Compensacion/Generar Vacaciones/span_P MensualJunio2021' is clickable

2021-12-01 11:52:22 - [TEST_STEP][PASSED] - click(findTestObject("Modulo Tarea Administracion Compensacion/Generar Vacaciones/span_P MensualJunio2021")): Object: 'Object Repository/Modulo Tarea Administracion Compensacion/Generar Vacaciones/span_P MensualJunio2021' is clicked on

2021-12-01 11:52:23 - [MESSAGE][PASSED] - Object: 'Object Repository/Modulo Tarea Administracion Compensacion/Generar Vacaciones/span_P MensualJunio2021' is clicked on

2021-12-01 11:52:23 - [TEST_STEP][PASSED] - waitForElementClickable(findTestObject("Modulo Tarea Administracion Compensacion/Generar Vacaciones/a_Filtrar"), G_TimeOut): Object 'Object Repository/Modulo Tarea Administracion Compensacion/Generar Vacaciones/a_Filtrar' is clickable

2021-12-01 11:52:23 - [MESSAGE][PASSED] - Object 'Object Repository/Modulo Tarea Administracion Compensacion/Generar Vacaciones/a_Filtrar' is clickable

2021-12-01 11:52:23 - [TEST_STEP][PASSED] - click(findTestObject("Modulo Tarea Administracion Compensacion/Generar Vacaciones/a_Filtrar")): Object: 'Object Repository/Modulo Tarea Administracion Compensacion/Generar Vacaciones/a_Filtrar' is clicked on

2021-12-01 11:52:24 - [MESSAGE][PASSED] - Object: 'Object Repository/Modulo Tarea Administracion Compensacion/Generar Vacaciones/a_Filtrar' is clicked on

2021-12-01 11:52:24 - [TEST_STEP][PASSED] - waitForElementClickable(findTestObject("Modulo Tarea Administracion Compensacion/Generar Vacaciones/div_Detalle_ui-chkbox-box ui-widget ui-corner-all ui-state-default"), G_TimeOut): Object 'Object Repository/Modulo Tarea Administracion Compensacion/Generar Vacaciones/div_Detalle_ui-chkbox-box ui-widget ui-corner-all ui-state-default' is clickable

2021-12-01 11:52:24 - [MESSAGE][PASSED] - Object 'Object Repository/Modulo Tarea Administracion Compensacion/Generar Vacaciones/div_Detalle_ui-chkbox-box ui-widget ui-corner-all ui-state-default' is clickable

2021-12-01 11:52:24 - [TEST_STEP][PASSED] - click(findTestObject("Modulo Tarea Administracion Compensacion/Generar Vacaciones/div_Detalle_ui-chkbox-box ui-widget ui-corner-all ui-state-default")): Object: 'Object Repository/Modulo Tarea Administracion Compensacion/Generar Vacaciones/div_Detalle_ui-chkbox-box ui-widget ui-corner-all ui-state-default' is clicked on

2021-12-01 11:52:25 - [MESSAGE][PASSED] - Object: 'Object Repository/Modulo Tarea Administracion Compensacion/Generar Vacaciones/div_Detalle_ui-chkbox-box ui-widget ui-corner-all ui-state-default' is clicked on

2021-12-01 11:52:25 - [TEST_STEP][PASSED] - waitForElementClickable(findTestObject("Modulo Tarea Administracion Compensacion/Generar Vacaciones/a_Aplicar"), G_TimeOut): Object 'Object Repository/Modulo Tarea Administracion Compensacion/Generar Vacaciones/a_Aplicar' is clickable

2021-12-01 11:52:25 - [MESSAGE][PASSED] - Object 'Object Repository/Modulo Tarea Administracion Compensacion/Generar Vacaciones/a_Aplicar' is clickable

2021-12-01 11:52:25 - [TEST_STEP][PASSED] - click(findTestObject("Modulo Tarea Administracion Compensacion/Generar Vacaciones/a_Aplicar")): Object: 'Object Repository/Modulo Tarea Administracion Compensacion/Generar Vacaciones/a_Aplicar' is clicked on

2021-12-01 11:52:26 - [MESSAGE][PASSED] - Object: 'Object Repository/Modulo Tarea Administracion Compensacion/Generar Vacaciones/a_Aplicar' is clicked on

2021-12-01 11:52:26 - [TEST_STEP][PASSED] - waitForElementClickable(findTestObject("Modulo Tarea Administracion Compensacion/Generar Vacaciones/span_Si"), G_TimeOut): Object 'Object Repository/Modulo Tarea Administracion Compensacion/Generar Vacaciones/span_Si' is clickable

2021-12-01 11:52:27 - [MESSAGE][PASSED] - Object 'Object Repository/Modulo Tarea Administracion Compensacion/Generar Vacaciones/span_Si' is clickable

2021-12-01 11:52:27 - [TEST_STEP][PASSED] - click(findTestObject("Modulo Tarea Administracion Compensacion/Generar Vacaciones/span_Si")): Object: 'Object Repository/Modulo Tarea Administracion Compensacion/Generar Vacaciones/span_Si' is clicked on

2021-12-01 11:52:27 - [MESSAGE][PASSED] - Object: 'Object Repository/Modulo Tarea Administracion Compensacion/Generar Vacaciones/span_Si' is clicked on

2021-12-01 11:52:27 - [TEST_STEP][PASSED] - waitForElementClickable(findTestObject("Modulo Tarea Administracion Compensacion/Generar Vacaciones/a_Continuar"), 0): Object 'Object Repository/Modulo Tarea Administracion Compensacion/Generar Vacaciones/a_Continuar' is clickable

2021-12-01 11:52:27 - [MESSAGE][WARNING] - Timeout '0' is invalid. Using default page load timeout: '30'

2021-12-01 11:52:32 - [MESSAGE][PASSED] - Object 'Object Repository/Modulo Tarea Administracion Compensacion/Generar Vacaciones/a_Continuar' is clickable

2021-12-01 11:52:32 - [TEST_STEP][PASSED] - click(findTestObject("Modulo Tarea Administracion Compensacion/Generar Vacaciones/a_Continuar")): Object: 'Object Repository/Modulo Tarea Administracion Compensacion/Generar Vacaciones/a_Continuar' is clicked on

2021-12-01 11:52:32 - [MESSAGE][PASSED] - Object: 'Object Repository/Modulo Tarea Administracion Compensacion/Generar Vacaciones/a_Continuar' is clicked on

2021-12-01 11:52:32 - [TEST_STEP][PASSED] - getText(findTestObject("Alerta/Alerta")): Text of object 'Object Repository/Alerta/Alerta' is: 'Se Actualizo correctamente el registro'

2021-12-01 11:52:33 - [MESSAGE][PASSED] - Text of object 'Object Repository/Alerta/Alerta' is: 'Se Actualizo correctamente el registro']]></system-out>
         <system-err><![CDATA[]]></system-err>
      </testcase>
      <testcase name="Test Cases/1.1-Tareas Principales/1.1.8-Mantenimiento de Vacaciones Reliquidar" time="24.352" classname="Test Cases/1.1-Tareas Principales/1.1.8-Mantenimiento de Vacaciones Reliquidar" status="PASSED">
         <system-out><![CDATA[2021-12-01 11:52:33 - [TEST_CASE][PASSED] - Test Cases/1.1-Tareas Principales/1.1.8-Mantenimiento de Vacaciones Reliquidar: Test Cases/1.1-Tareas Principales/1.1.8-Mantenimiento de Vacaciones Reliquidar

2021-12-01 11:52:33 - [TEST_STEP][PASSED] - callTestCase(findTestCase("0.1-Login"), [:], STOP_ON_FAILURE): Call Test Case 'Test Cases/0.1-Login' successfully

2021-12-01 11:52:33 - [TEST_CASE][PASSED] - Test Cases/0.1-Login: Test Cases/0.1-Login

2021-12-01 11:52:33 - [TEST_STEP][PASSED] - openBrowser(""): Browser is opened with url: ''

2021-12-01 11:52:33 - [MESSAGE][WARNING] - A browser is already opened. Closing browser and opening a new one

2021-12-01 11:52:34 - [MESSAGE][INFO] - Starting 'Chrome' driver

2021-12-01 11:52:34 - [MESSAGE][INFO] - Action delay is set to 0 milliseconds

2021-12-01 11:52:35 - [MESSAGE][PASSED] - Browser is opened with url: ''

2021-12-01 11:52:35 - [TEST_STEP][PASSED] - maximizeWindow(): Current window maximized

2021-12-01 11:52:35 - [MESSAGE][PASSED] - Current window maximized

2021-12-01 11:52:35 - [TEST_STEP][PASSED] - i = G_Login: null

2021-12-01 11:52:35 - [TEST_STEP][PASSED] - url = new java.net.URL(i): null

2021-12-01 11:52:35 - [TEST_STEP][PASSED] - println("URL: " + url.toString()): null

2021-12-01 11:52:35 - [TEST_STEP][PASSED] - connection = url.openConnection(): null

2021-12-01 11:52:35 - [TEST_STEP][PASSED] - connection.setRequestMethod("GET"): null

2021-12-01 11:52:35 - [TEST_STEP][PASSED] - connection.setReadTimeout(2 * 1000): null

2021-12-01 11:52:35 - [TEST_STEP][PASSED] - try: null

2021-12-01 11:52:35 - [TEST_STEP][PASSED] - connection.connect(): null

2021-12-01 11:52:35 - [TEST_STEP][PASSED] - flag = connected: null

2021-12-01 11:52:35 - [TEST_STEP][PASSED] - println("Valor_ori: " + flag): null

2021-12-01 11:52:35 - [TEST_STEP][PASSED] - if (flag): null

2021-12-01 11:52:35 - [TEST_STEP][PASSED] - navigateToUrl(i): Navigate to 'http://localhost:8380/saraweb/' successfully

2021-12-01 11:52:36 - [MESSAGE][PASSED] - Navigate to 'http://localhost:8380/saraweb/' successfully

2021-12-01 11:52:36 - [TEST_STEP][PASSED] - a(): null

2021-12-01 11:52:36 - [TEST_STEP][PASSED] - setText(findTestObject("Login/input_USUARIO_loginusuario"), G_Usuario): Text 'saraadmin' is set on object 'Object Repository/Login/input_USUARIO_loginusuario'

2021-12-01 11:52:37 - [MESSAGE][PASSED] - Text 'saraadmin' is set on object 'Object Repository/Login/input_USUARIO_loginusuario'

2021-12-01 11:52:37 - [TEST_STEP][PASSED] - setEncryptedText(findTestObject("Login/input_CLAVE_loginpassword"), "MkG4/TYiCFC3cb2driP7+Q=="): Text ****** has been set on object 'Object Repository/Login/input_CLAVE_loginpassword'

2021-12-01 11:52:38 - [MESSAGE][PASSED] - Text ****** has been set on object 'Object Repository/Login/input_CLAVE_loginpassword'

2021-12-01 11:52:38 - [TEST_STEP][PASSED] - waitForElementClickable(findTestObject("Login/a_Ingresar"), G_TimeOut): Object 'Object Repository/Login/a_Ingresar' is clickable

2021-12-01 11:52:38 - [MESSAGE][PASSED] - Object 'Object Repository/Login/a_Ingresar' is clickable

2021-12-01 11:52:38 - [TEST_STEP][PASSED] - click(findTestObject("Login/a_Ingresar")): Object: 'Object Repository/Login/a_Ingresar' is clicked on

2021-12-01 11:52:40 - [MESSAGE][PASSED] - Object: 'Object Repository/Login/a_Ingresar' is clicked on

2021-12-01 11:52:40 - [TEST_STEP][PASSED] - element = findWebElement(findTestObject("Login/a_Ir"), 30): null

2021-12-01 11:52:41 - [TEST_STEP][PASSED] - executeJavaScript("arguments[0].click()", Arrays.asList(element)): Execute JavaScript 'arguments[0].click()' successfully

2021-12-01 11:52:41 - [MESSAGE][PASSED] - Execute JavaScript 'arguments[0].click()' successfully

2021-12-01 11:52:41 - [MESSAGE][PASSED] - Call Test Case 'Test Cases/0.1-Login' successfully

2021-12-01 11:52:41 - [TEST_STEP][PASSED] - waitForElementClickable(findTestObject("Modulo Tarea Administracion Compensacion/Periodo en Proceso - Archivo Plano/Mantenimiento de Vacaciones Reliquidar/input_Mantenimiento de Vacaciones_form_templatej_idt24_input"), 0): Object 'Object Repository/Modulo Tarea Administracion Compensacion/Periodo en Proceso - Archivo Plano/Mantenimiento de Vacaciones Reliquidar/input_Mantenimiento de Vacaciones_form_templatej_idt24_input' is clickable

2021-12-01 11:52:41 - [MESSAGE][WARNING] - Timeout '0' is invalid. Using default page load timeout: '30'

2021-12-01 11:52:42 - [MESSAGE][PASSED] - Object 'Object Repository/Modulo Tarea Administracion Compensacion/Periodo en Proceso - Archivo Plano/Mantenimiento de Vacaciones Reliquidar/input_Mantenimiento de Vacaciones_form_templatej_idt24_input' is clickable

2021-12-01 11:52:42 - [TEST_STEP][PASSED] - setText(findTestObject("Modulo Tarea Administracion Compensacion/Periodo en Proceso - Archivo Plano/Mantenimiento de Vacaciones Reliquidar/input_Mantenimiento de Vacaciones_form_templatej_idt24_input"), "Mantenimiento de Vacaciones"): Text 'Mantenimiento de Vacaciones' is set on object 'Object Repository/Modulo Tarea Administracion Compensacion/Periodo en Proceso - Archivo Plano/Mantenimiento de Vacaciones Reliquidar/input_Mantenimiento de Vacaciones_form_templatej_idt24_input'

2021-12-01 11:52:42 - [MESSAGE][PASSED] - Text 'Mantenimiento de Vacaciones' is set on object 'Object Repository/Modulo Tarea Administracion Compensacion/Periodo en Proceso - Archivo Plano/Mantenimiento de Vacaciones Reliquidar/input_Mantenimiento de Vacaciones_form_templatej_idt24_input'

2021-12-01 11:52:42 - [TEST_STEP][PASSED] - delay(1): Delayed 1 second(s)

2021-12-01 11:52:43 - [MESSAGE][PASSED] - Delayed 1 second(s)

2021-12-01 11:52:43 - [TEST_STEP][PASSED] - sendKeys(findTestObject("Modulo Tarea Administracion Compensacion/Periodo en Proceso - Archivo Plano/Mantenimiento de Vacaciones Reliquidar/input_Mantenimiento de Vacaciones_form_templatej_idt24_input"), Keys.chord(ENTER)): Keys 'ENTER + ' sent to object: 'Object Repository/Modulo Tarea Administracion Compensacion/Periodo en Proceso - Archivo Plano/Mantenimiento de Vacaciones Reliquidar/input_Mantenimiento de Vacaciones_form_templatej_idt24_input'

2021-12-01 11:52:44 - [MESSAGE][PASSED] - Keys 'ENTER + ' sent to object: 'Object Repository/Modulo Tarea Administracion Compensacion/Periodo en Proceso - Archivo Plano/Mantenimiento de Vacaciones Reliquidar/input_Mantenimiento de Vacaciones_form_templatej_idt24_input'

2021-12-01 11:52:44 - [TEST_STEP][PASSED] - setText(findTestObject("Modulo Tarea Administracion Compensacion/Periodo en Proceso - Archivo Plano/Mantenimiento de Vacaciones Reliquidar/input_Identificacin_form_mantenimientoVacacionj_idt66"), "1234567890"): Text '1234567890' is set on object 'Object Repository/Modulo Tarea Administracion Compensacion/Periodo en Proceso - Archivo Plano/Mantenimiento de Vacaciones Reliquidar/input_Identificacin_form_mantenimientoVacacionj_idt66'

2021-12-01 11:52:45 - [MESSAGE][PASSED] - Text '1234567890' is set on object 'Object Repository/Modulo Tarea Administracion Compensacion/Periodo en Proceso - Archivo Plano/Mantenimiento de Vacaciones Reliquidar/input_Identificacin_form_mantenimientoVacacionj_idt66'

2021-12-01 11:52:45 - [TEST_STEP][PASSED] - sendKeys(findTestObject("Modulo Tarea Administracion Compensacion/Mantenimiento de Vacaciones Reliquidar/input_Identificacin_form_mante"), Keys.chord(ENTER)): Keys 'ENTER + ' sent to object: 'tempBody'

2021-12-01 11:52:45 - [MESSAGE][WARNING] - Test object with id 'Object Repository/Modulo Tarea Administracion Compensacion/Mantenimiento de Vacaciones Reliquidar/input_Identificacin_form_mante' does not exist

2021-12-01 11:52:45 - [MESSAGE][WARNING] - Test object with id 'Object Repository/' does not exist

2021-12-01 11:52:45 - [MESSAGE][PASSED] - Keys 'ENTER + ' sent to object: 'tempBody'

2021-12-01 11:52:45 - [TEST_STEP][PASSED] - if (waitForElementVisible(findTestObject("Modulo Tarea Administracion Compensacion/Periodo en Proceso - Archivo Plano/Mantenimiento de Vacaciones Reliquidar/td_No se encontr registros"), 1)): Web element with id: 'Object Repository/Modulo Tarea Administracion Compensacion/Periodo en Proceso - Archivo Plano/Mantenimiento de Vacaciones Reliquidar/td_No se encontr registros' located by '//*/text()[normalize-space(.)='No se encontró registros']/parent::*' not found

2021-12-01 11:52:48 - [MESSAGE][INFO] - Unable to find the element located by 'By.xpath: //*/text()[normalize-space(.)='No se encontró registros']/parent::*'. Please recheck the objects properties to make sure the desired element is located. 

2021-12-01 11:52:48 - [MESSAGE][WARNING] - Web element with id: 'Object Repository/Modulo Tarea Administracion Compensacion/Periodo en Proceso - Archivo Plano/Mantenimiento de Vacaciones Reliquidar/td_No se encontr registros' located by '//*/text()[normalize-space(.)='No se encontró registros']/parent::*' not found

2021-12-01 11:52:48 - [TEST_STEP][PASSED] - selectOptionByIndex(findTestObject("Modulo Tarea Administracion Compensacion/Periodo en Proceso - Archivo Plano/Mantenimiento de Vacaciones Reliquidar/select_SeleccioneCerradaNo Cerrada"), "2"): All options with index in [2] are selected on object 'Object Repository/Modulo Tarea Administracion Compensacion/Periodo en Proceso - Archivo Plano/Mantenimiento de Vacaciones Reliquidar/select_SeleccioneCerradaNo Cerrada'

2021-12-01 11:52:49 - [MESSAGE][PASSED] - All options with index in [2] are selected on object 'Object Repository/Modulo Tarea Administracion Compensacion/Periodo en Proceso - Archivo Plano/Mantenimiento de Vacaciones Reliquidar/select_SeleccioneCerradaNo Cerrada'

2021-12-01 11:52:49 - [TEST_STEP][PASSED] - check(findTestObject("Modulo Tarea Administracion Compensacion/Periodo en Proceso - Archivo Plano/Mantenimiento de Vacaciones Reliquidar/div_Estado_ui-chkbox-")): Object 'Object Repository/Modulo Tarea Administracion Compensacion/Periodo en Proceso - Archivo Plano/Mantenimiento de Vacaciones Reliquidar/div_Estado_ui-chkbox-' is checked

2021-12-01 11:52:51 - [MESSAGE][PASSED] - Object 'Object Repository/Modulo Tarea Administracion Compensacion/Periodo en Proceso - Archivo Plano/Mantenimiento de Vacaciones Reliquidar/div_Estado_ui-chkbox-' is checked

2021-12-01 11:52:51 - [TEST_STEP][PASSED] - click(findTestObject("Modulo Tarea Administracion Compensacion/Periodo en Proceso - Archivo Plano/Mantenimiento de Vacaciones Reliquidar/a_Reliquidacion")): Object: 'Object Repository/Modulo Tarea Administracion Compensacion/Periodo en Proceso - Archivo Plano/Mantenimiento de Vacaciones Reliquidar/a_Reliquidacion' is clicked on

2021-12-01 11:52:52 - [MESSAGE][PASSED] - Object: 'Object Repository/Modulo Tarea Administracion Compensacion/Periodo en Proceso - Archivo Plano/Mantenimiento de Vacaciones Reliquidar/a_Reliquidacion' is clicked on

2021-12-01 11:52:52 - [TEST_STEP][PASSED] - click(findTestObject("Modulo Tarea Administracion Compensacion/Periodo en Proceso - Archivo Plano/Mantenimiento de Vacaciones Reliquidar/a_Aceptar_Reliquidacion")): Object: 'Object Repository/Modulo Tarea Administracion Compensacion/Periodo en Proceso - Archivo Plano/Mantenimiento de Vacaciones Reliquidar/a_Aceptar_Reliquidacion' is clicked on

2021-12-01 11:52:53 - [MESSAGE][PASSED] - Object: 'Object Repository/Modulo Tarea Administracion Compensacion/Periodo en Proceso - Archivo Plano/Mantenimiento de Vacaciones Reliquidar/a_Aceptar_Reliquidacion' is clicked on

2021-12-01 11:52:53 - [TEST_STEP][PASSED] - waitForElementClickable(findTestObject("Modulo Tarea Administracion Compensacion/Periodo en Proceso - Archivo Plano/Mantenimiento de Vacaciones Reliquidar/a_Continuar_Reliquidar"), 0): Object 'Object Repository/Modulo Tarea Administracion Compensacion/Periodo en Proceso - Archivo Plano/Mantenimiento de Vacaciones Reliquidar/a_Continuar_Reliquidar' is clickable

2021-12-01 11:52:53 - [MESSAGE][WARNING] - Timeout '0' is invalid. Using default page load timeout: '30'

2021-12-01 11:52:57 - [MESSAGE][PASSED] - Object 'Object Repository/Modulo Tarea Administracion Compensacion/Periodo en Proceso - Archivo Plano/Mantenimiento de Vacaciones Reliquidar/a_Continuar_Reliquidar' is clickable

2021-12-01 11:52:57 - [TEST_STEP][PASSED] - click(findTestObject("Modulo Tarea Administracion Compensacion/Periodo en Proceso - Archivo Plano/Mantenimiento de Vacaciones Reliquidar/a_Continuar_Reliquidar")): Object: 'Object Repository/Modulo Tarea Administracion Compensacion/Periodo en Proceso - Archivo Plano/Mantenimiento de Vacaciones Reliquidar/a_Continuar_Reliquidar' is clicked on

2021-12-01 11:52:57 - [MESSAGE][PASSED] - Object: 'Object Repository/Modulo Tarea Administracion Compensacion/Periodo en Proceso - Archivo Plano/Mantenimiento de Vacaciones Reliquidar/a_Continuar_Reliquidar' is clicked on]]></system-out>
         <system-err><![CDATA[]]></system-err>
      </testcase>
      <testcase name="Test Cases/1.1-Tareas Principales/1.1.9-Imprimir comprobante de vacaciones" time="31.31" classname="Test Cases/1.1-Tareas Principales/1.1.9-Imprimir comprobante de vacaciones" status="PASSED">
         <system-out><![CDATA[2021-12-01 11:52:57 - [TEST_CASE][PASSED] - Test Cases/1.1-Tareas Principales/1.1.9-Imprimir comprobante de vacaciones: Test Cases/1.1-Tareas Principales/1.1.9-Imprimir comprobante de vacaciones

2021-12-01 11:52:57 - [TEST_STEP][PASSED] - callTestCase(findTestCase("1.1-Tareas Principales/1.1.8-Mantenimiento de Vacaciones Reliquidar"), [:], STOP_ON_FAILURE): Call Test Case 'Test Cases/1.1-Tareas Principales/1.1.8-Mantenimiento de Vacaciones Reliquidar' successfully

2021-12-01 11:52:58 - [TEST_CASE][PASSED] - Test Cases/1.1-Tareas Principales/1.1.8-Mantenimiento de Vacaciones Reliquidar: Test Cases/1.1-Tareas Principales/1.1.8-Mantenimiento de Vacaciones Reliquidar

2021-12-01 11:52:58 - [TEST_STEP][PASSED] - callTestCase(findTestCase("0.1-Login"), [:], STOP_ON_FAILURE): Call Test Case 'Test Cases/0.1-Login' successfully

2021-12-01 11:52:58 - [TEST_CASE][PASSED] - Test Cases/0.1-Login: Test Cases/0.1-Login

2021-12-01 11:52:58 - [TEST_STEP][PASSED] - openBrowser(""): Browser is opened with url: ''

2021-12-01 11:52:58 - [MESSAGE][WARNING] - A browser is already opened. Closing browser and opening a new one

2021-12-01 11:52:58 - [MESSAGE][INFO] - Starting 'Chrome' driver

2021-12-01 11:52:58 - [MESSAGE][INFO] - Action delay is set to 0 milliseconds

2021-12-01 11:53:00 - [MESSAGE][PASSED] - Browser is opened with url: ''

2021-12-01 11:53:00 - [TEST_STEP][PASSED] - maximizeWindow(): Current window maximized

2021-12-01 11:53:00 - [MESSAGE][PASSED] - Current window maximized

2021-12-01 11:53:00 - [TEST_STEP][PASSED] - i = G_Login: null

2021-12-01 11:53:00 - [TEST_STEP][PASSED] - url = new java.net.URL(i): null

2021-12-01 11:53:00 - [TEST_STEP][PASSED] - println("URL: " + url.toString()): null

2021-12-01 11:53:00 - [TEST_STEP][PASSED] - connection = url.openConnection(): null

2021-12-01 11:53:00 - [TEST_STEP][PASSED] - connection.setRequestMethod("GET"): null

2021-12-01 11:53:00 - [TEST_STEP][PASSED] - connection.setReadTimeout(2 * 1000): null

2021-12-01 11:53:00 - [TEST_STEP][PASSED] - try: null

2021-12-01 11:53:00 - [TEST_STEP][PASSED] - connection.connect(): null

2021-12-01 11:53:00 - [TEST_STEP][PASSED] - flag = connected: null

2021-12-01 11:53:00 - [TEST_STEP][PASSED] - println("Valor_ori: " + flag): null

2021-12-01 11:53:00 - [TEST_STEP][PASSED] - if (flag): null

2021-12-01 11:53:00 - [TEST_STEP][PASSED] - navigateToUrl(i): Navigate to 'http://localhost:8380/saraweb/' successfully

2021-12-01 11:53:01 - [MESSAGE][PASSED] - Navigate to 'http://localhost:8380/saraweb/' successfully

2021-12-01 11:53:01 - [TEST_STEP][PASSED] - a(): null

2021-12-01 11:53:01 - [TEST_STEP][PASSED] - setText(findTestObject("Login/input_USUARIO_loginusuario"), G_Usuario): Text 'saraadmin' is set on object 'Object Repository/Login/input_USUARIO_loginusuario'

2021-12-01 11:53:01 - [MESSAGE][PASSED] - Text 'saraadmin' is set on object 'Object Repository/Login/input_USUARIO_loginusuario'

2021-12-01 11:53:01 - [TEST_STEP][PASSED] - setEncryptedText(findTestObject("Login/input_CLAVE_loginpassword"), "MkG4/TYiCFC3cb2driP7+Q=="): Text ****** has been set on object 'Object Repository/Login/input_CLAVE_loginpassword'

2021-12-01 11:53:02 - [MESSAGE][PASSED] - Text ****** has been set on object 'Object Repository/Login/input_CLAVE_loginpassword'

2021-12-01 11:53:02 - [TEST_STEP][PASSED] - waitForElementClickable(findTestObject("Login/a_Ingresar"), G_TimeOut): Object 'Object Repository/Login/a_Ingresar' is clickable

2021-12-01 11:53:02 - [MESSAGE][PASSED] - Object 'Object Repository/Login/a_Ingresar' is clickable

2021-12-01 11:53:02 - [TEST_STEP][PASSED] - click(findTestObject("Login/a_Ingresar")): Object: 'Object Repository/Login/a_Ingresar' is clicked on

2021-12-01 11:53:04 - [MESSAGE][PASSED] - Object: 'Object Repository/Login/a_Ingresar' is clicked on

2021-12-01 11:53:04 - [TEST_STEP][PASSED] - element = findWebElement(findTestObject("Login/a_Ir"), 30): null

2021-12-01 11:53:05 - [TEST_STEP][PASSED] - executeJavaScript("arguments[0].click()", Arrays.asList(element)): Execute JavaScript 'arguments[0].click()' successfully

2021-12-01 11:53:05 - [MESSAGE][PASSED] - Execute JavaScript 'arguments[0].click()' successfully

2021-12-01 11:53:05 - [MESSAGE][PASSED] - Call Test Case 'Test Cases/0.1-Login' successfully

2021-12-01 11:53:05 - [TEST_STEP][PASSED] - waitForElementClickable(findTestObject("Modulo Tarea Administracion Compensacion/Periodo en Proceso - Archivo Plano/Mantenimiento de Vacaciones Reliquidar/input_Mantenimiento de Vacaciones_form_templatej_idt24_input"), 0): Object 'Object Repository/Modulo Tarea Administracion Compensacion/Periodo en Proceso - Archivo Plano/Mantenimiento de Vacaciones Reliquidar/input_Mantenimiento de Vacaciones_form_templatej_idt24_input' is clickable

2021-12-01 11:53:05 - [MESSAGE][WARNING] - Timeout '0' is invalid. Using default page load timeout: '30'

2021-12-01 11:53:06 - [MESSAGE][PASSED] - Object 'Object Repository/Modulo Tarea Administracion Compensacion/Periodo en Proceso - Archivo Plano/Mantenimiento de Vacaciones Reliquidar/input_Mantenimiento de Vacaciones_form_templatej_idt24_input' is clickable

2021-12-01 11:53:06 - [TEST_STEP][PASSED] - setText(findTestObject("Modulo Tarea Administracion Compensacion/Periodo en Proceso - Archivo Plano/Mantenimiento de Vacaciones Reliquidar/input_Mantenimiento de Vacaciones_form_templatej_idt24_input"), "Mantenimiento de Vacaciones"): Text 'Mantenimiento de Vacaciones' is set on object 'Object Repository/Modulo Tarea Administracion Compensacion/Periodo en Proceso - Archivo Plano/Mantenimiento de Vacaciones Reliquidar/input_Mantenimiento de Vacaciones_form_templatej_idt24_input'

2021-12-01 11:53:07 - [MESSAGE][PASSED] - Text 'Mantenimiento de Vacaciones' is set on object 'Object Repository/Modulo Tarea Administracion Compensacion/Periodo en Proceso - Archivo Plano/Mantenimiento de Vacaciones Reliquidar/input_Mantenimiento de Vacaciones_form_templatej_idt24_input'

2021-12-01 11:53:07 - [TEST_STEP][PASSED] - delay(1): Delayed 1 second(s)

2021-12-01 11:53:08 - [MESSAGE][PASSED] - Delayed 1 second(s)

2021-12-01 11:53:08 - [TEST_STEP][PASSED] - sendKeys(findTestObject("Modulo Tarea Administracion Compensacion/Periodo en Proceso - Archivo Plano/Mantenimiento de Vacaciones Reliquidar/input_Mantenimiento de Vacaciones_form_templatej_idt24_input"), Keys.chord(ENTER)): Keys 'ENTER + ' sent to object: 'Object Repository/Modulo Tarea Administracion Compensacion/Periodo en Proceso - Archivo Plano/Mantenimiento de Vacaciones Reliquidar/input_Mantenimiento de Vacaciones_form_templatej_idt24_input'

2021-12-01 11:53:09 - [MESSAGE][PASSED] - Keys 'ENTER + ' sent to object: 'Object Repository/Modulo Tarea Administracion Compensacion/Periodo en Proceso - Archivo Plano/Mantenimiento de Vacaciones Reliquidar/input_Mantenimiento de Vacaciones_form_templatej_idt24_input'

2021-12-01 11:53:09 - [TEST_STEP][PASSED] - setText(findTestObject("Modulo Tarea Administracion Compensacion/Periodo en Proceso - Archivo Plano/Mantenimiento de Vacaciones Reliquidar/input_Identificacin_form_mantenimientoVacacionj_idt66"), "1234567890"): Text '1234567890' is set on object 'Object Repository/Modulo Tarea Administracion Compensacion/Periodo en Proceso - Archivo Plano/Mantenimiento de Vacaciones Reliquidar/input_Identificacin_form_mantenimientoVacacionj_idt66'

2021-12-01 11:53:11 - [MESSAGE][PASSED] - Text '1234567890' is set on object 'Object Repository/Modulo Tarea Administracion Compensacion/Periodo en Proceso - Archivo Plano/Mantenimiento de Vacaciones Reliquidar/input_Identificacin_form_mantenimientoVacacionj_idt66'

2021-12-01 11:53:11 - [TEST_STEP][PASSED] - sendKeys(findTestObject("Modulo Tarea Administracion Compensacion/Mantenimiento de Vacaciones Reliquidar/input_Identificacin_form_mante"), Keys.chord(ENTER)): Keys 'ENTER + ' sent to object: 'tempBody'

2021-12-01 11:53:11 - [MESSAGE][WARNING] - Test object with id 'Object Repository/Modulo Tarea Administracion Compensacion/Mantenimiento de Vacaciones Reliquidar/input_Identificacin_form_mante' does not exist

2021-12-01 11:53:11 - [MESSAGE][WARNING] - Test object with id 'Object Repository/' does not exist

2021-12-01 11:53:12 - [MESSAGE][PASSED] - Keys 'ENTER + ' sent to object: 'tempBody'

2021-12-01 11:53:12 - [TEST_STEP][PASSED] - if (waitForElementVisible(findTestObject("Modulo Tarea Administracion Compensacion/Periodo en Proceso - Archivo Plano/Mantenimiento de Vacaciones Reliquidar/td_No se encontr registros"), 1)): Web element with id: 'Object Repository/Modulo Tarea Administracion Compensacion/Periodo en Proceso - Archivo Plano/Mantenimiento de Vacaciones Reliquidar/td_No se encontr registros' located by '//*/text()[normalize-space(.)='No se encontró registros']/parent::*' not found

2021-12-01 11:53:14 - [MESSAGE][INFO] - Unable to find the element located by 'By.xpath: //*/text()[normalize-space(.)='No se encontró registros']/parent::*'. Please recheck the objects properties to make sure the desired element is located. 

2021-12-01 11:53:14 - [MESSAGE][WARNING] - Web element with id: 'Object Repository/Modulo Tarea Administracion Compensacion/Periodo en Proceso - Archivo Plano/Mantenimiento de Vacaciones Reliquidar/td_No se encontr registros' located by '//*/text()[normalize-space(.)='No se encontró registros']/parent::*' not found

2021-12-01 11:53:14 - [TEST_STEP][PASSED] - selectOptionByIndex(findTestObject("Modulo Tarea Administracion Compensacion/Periodo en Proceso - Archivo Plano/Mantenimiento de Vacaciones Reliquidar/select_SeleccioneCerradaNo Cerrada"), "2"): All options with index in [2] are selected on object 'Object Repository/Modulo Tarea Administracion Compensacion/Periodo en Proceso - Archivo Plano/Mantenimiento de Vacaciones Reliquidar/select_SeleccioneCerradaNo Cerrada'

2021-12-01 11:53:15 - [MESSAGE][PASSED] - All options with index in [2] are selected on object 'Object Repository/Modulo Tarea Administracion Compensacion/Periodo en Proceso - Archivo Plano/Mantenimiento de Vacaciones Reliquidar/select_SeleccioneCerradaNo Cerrada'

2021-12-01 11:53:15 - [TEST_STEP][PASSED] - check(findTestObject("Modulo Tarea Administracion Compensacion/Periodo en Proceso - Archivo Plano/Mantenimiento de Vacaciones Reliquidar/div_Estado_ui-chkbox-")): Object 'Object Repository/Modulo Tarea Administracion Compensacion/Periodo en Proceso - Archivo Plano/Mantenimiento de Vacaciones Reliquidar/div_Estado_ui-chkbox-' is checked

2021-12-01 11:53:16 - [MESSAGE][PASSED] - Object 'Object Repository/Modulo Tarea Administracion Compensacion/Periodo en Proceso - Archivo Plano/Mantenimiento de Vacaciones Reliquidar/div_Estado_ui-chkbox-' is checked

2021-12-01 11:53:16 - [TEST_STEP][PASSED] - click(findTestObject("Modulo Tarea Administracion Compensacion/Periodo en Proceso - Archivo Plano/Mantenimiento de Vacaciones Reliquidar/a_Reliquidacion")): Object: 'Object Repository/Modulo Tarea Administracion Compensacion/Periodo en Proceso - Archivo Plano/Mantenimiento de Vacaciones Reliquidar/a_Reliquidacion' is clicked on

2021-12-01 11:53:16 - [MESSAGE][PASSED] - Object: 'Object Repository/Modulo Tarea Administracion Compensacion/Periodo en Proceso - Archivo Plano/Mantenimiento de Vacaciones Reliquidar/a_Reliquidacion' is clicked on

2021-12-01 11:53:16 - [TEST_STEP][PASSED] - click(findTestObject("Modulo Tarea Administracion Compensacion/Periodo en Proceso - Archivo Plano/Mantenimiento de Vacaciones Reliquidar/a_Aceptar_Reliquidacion")): Object: 'Object Repository/Modulo Tarea Administracion Compensacion/Periodo en Proceso - Archivo Plano/Mantenimiento de Vacaciones Reliquidar/a_Aceptar_Reliquidacion' is clicked on

2021-12-01 11:53:17 - [MESSAGE][PASSED] - Object: 'Object Repository/Modulo Tarea Administracion Compensacion/Periodo en Proceso - Archivo Plano/Mantenimiento de Vacaciones Reliquidar/a_Aceptar_Reliquidacion' is clicked on

2021-12-01 11:53:17 - [TEST_STEP][PASSED] - waitForElementClickable(findTestObject("Modulo Tarea Administracion Compensacion/Periodo en Proceso - Archivo Plano/Mantenimiento de Vacaciones Reliquidar/a_Continuar_Reliquidar"), 0): Object 'Object Repository/Modulo Tarea Administracion Compensacion/Periodo en Proceso - Archivo Plano/Mantenimiento de Vacaciones Reliquidar/a_Continuar_Reliquidar' is clickable

2021-12-01 11:53:18 - [MESSAGE][WARNING] - Timeout '0' is invalid. Using default page load timeout: '30'

2021-12-01 11:53:21 - [MESSAGE][PASSED] - Object 'Object Repository/Modulo Tarea Administracion Compensacion/Periodo en Proceso - Archivo Plano/Mantenimiento de Vacaciones Reliquidar/a_Continuar_Reliquidar' is clickable

2021-12-01 11:53:21 - [TEST_STEP][PASSED] - click(findTestObject("Modulo Tarea Administracion Compensacion/Periodo en Proceso - Archivo Plano/Mantenimiento de Vacaciones Reliquidar/a_Continuar_Reliquidar")): Object: 'Object Repository/Modulo Tarea Administracion Compensacion/Periodo en Proceso - Archivo Plano/Mantenimiento de Vacaciones Reliquidar/a_Continuar_Reliquidar' is clicked on

2021-12-01 11:53:22 - [MESSAGE][PASSED] - Object: 'Object Repository/Modulo Tarea Administracion Compensacion/Periodo en Proceso - Archivo Plano/Mantenimiento de Vacaciones Reliquidar/a_Continuar_Reliquidar' is clicked on

2021-12-01 11:53:22 - [MESSAGE][PASSED] - Call Test Case 'Test Cases/1.1-Tareas Principales/1.1.8-Mantenimiento de Vacaciones Reliquidar' successfully

2021-12-01 11:53:22 - [TEST_STEP][PASSED] - waitForElementClickable(findTestObject("Modulo Tarea Administracion Compensacion/Imprimir comprobante de vacaciones/td_1234567890"), 0): Object 'Object Repository/Modulo Tarea Administracion Compensacion/Imprimir comprobante de vacaciones/td_1234567890' is clickable

2021-12-01 11:53:22 - [MESSAGE][WARNING] - Timeout '0' is invalid. Using default page load timeout: '30'

2021-12-01 11:53:22 - [MESSAGE][PASSED] - Object 'Object Repository/Modulo Tarea Administracion Compensacion/Imprimir comprobante de vacaciones/td_1234567890' is clickable

2021-12-01 11:53:22 - [TEST_STEP][PASSED] - click(findTestObject("Modulo Tarea Administracion Compensacion/Imprimir comprobante de vacaciones/td_1234567890")): Object: 'Object Repository/Modulo Tarea Administracion Compensacion/Imprimir comprobante de vacaciones/td_1234567890' is clicked on

2021-12-01 11:53:23 - [MESSAGE][PASSED] - Object: 'Object Repository/Modulo Tarea Administracion Compensacion/Imprimir comprobante de vacaciones/td_1234567890' is clicked on

2021-12-01 11:53:23 - [TEST_STEP][PASSED] - click(findTestObject("Modulo Tarea Administracion Compensacion/Imprimir comprobante de vacaciones/span_Imprimir")): Object: 'Object Repository/Modulo Tarea Administracion Compensacion/Imprimir comprobante de vacaciones/span_Imprimir' is clicked on

2021-12-01 11:53:23 - [MESSAGE][PASSED] - Object: 'Object Repository/Modulo Tarea Administracion Compensacion/Imprimir comprobante de vacaciones/span_Imprimir' is clicked on

2021-12-01 11:53:23 - [TEST_STEP][PASSED] - click(findTestObject("Modulo Tarea Administracion Compensacion/Imprimir comprobante de vacaciones/input_Publicar_j_idt712tipo")): Object: 'Object Repository/Modulo Tarea Administracion Compensacion/Imprimir comprobante de vacaciones/input_Publicar_j_idt712tipo' is clicked on

2021-12-01 11:53:24 - [MESSAGE][PASSED] - Object: 'Object Repository/Modulo Tarea Administracion Compensacion/Imprimir comprobante de vacaciones/input_Publicar_j_idt712tipo' is clicked on

2021-12-01 11:53:24 - [TEST_STEP][PASSED] - selectOptionByIndex(findTestObject("Modulo Tarea Administracion Compensacion/Imprimir comprobante de vacaciones/select_-- Seleccione --COMPROB"), "1"): All options with index in [1] are selected on object 'Object Repository/Modulo Tarea Administracion Compensacion/Imprimir comprobante de vacaciones/select_-- Seleccione --COMPROB'

2021-12-01 11:53:26 - [MESSAGE][PASSED] - All options with index in [1] are selected on object 'Object Repository/Modulo Tarea Administracion Compensacion/Imprimir comprobante de vacaciones/select_-- Seleccione --COMPROB'

2021-12-01 11:53:26 - [TEST_STEP][PASSED] - click(findTestObject("Modulo Tarea Administracion Compensacion/Imprimir comprobante de vacaciones/a_Publicar")): Object: 'Object Repository/Modulo Tarea Administracion Compensacion/Imprimir comprobante de vacaciones/a_Publicar' is clicked on

2021-12-01 11:53:26 - [MESSAGE][PASSED] - Object: 'Object Repository/Modulo Tarea Administracion Compensacion/Imprimir comprobante de vacaciones/a_Publicar' is clicked on

2021-12-01 11:53:26 - [TEST_STEP][PASSED] - getText(findTestObject("Alerta/Alerta")): Text of object 'Object Repository/Alerta/Alerta' is: 'Los comprobantes han sido publicados'

2021-12-01 11:53:28 - [MESSAGE][PASSED] - Text of object 'Object Repository/Alerta/Alerta' is: 'Los comprobantes han sido publicados'

2021-12-01 11:53:28 - [TEST_STEP][PASSED] - closeBrowser(): Browser is closed

2021-12-01 11:53:28 - [MESSAGE][PASSED] - Browser is closed]]></system-out>
         <system-err><![CDATA[]]></system-err>
      </testcase>
      <testcase name="Test Cases/1.1-Tareas Principales/1.2.1-Reversar Vacaciones" time="30.063" classname="Test Cases/1.1-Tareas Principales/1.2.1-Reversar Vacaciones" status="PASSED">
         <system-out><![CDATA[2021-12-01 11:53:28 - [TEST_CASE][PASSED] - Test Cases/1.1-Tareas Principales/1.2.1-Reversar Vacaciones: Test Cases/1.1-Tareas Principales/1.2.1-Reversar Vacaciones

2021-12-01 11:53:29 - [TEST_STEP][PASSED] - callTestCase(findTestCase("1.1-Tareas Principales/1.1.8-Mantenimiento de Vacaciones Reliquidar"), [:], STOP_ON_FAILURE): Call Test Case 'Test Cases/1.1-Tareas Principales/1.1.8-Mantenimiento de Vacaciones Reliquidar' successfully

2021-12-01 11:53:29 - [TEST_CASE][PASSED] - Test Cases/1.1-Tareas Principales/1.1.8-Mantenimiento de Vacaciones Reliquidar: Test Cases/1.1-Tareas Principales/1.1.8-Mantenimiento de Vacaciones Reliquidar

2021-12-01 11:53:29 - [TEST_STEP][PASSED] - callTestCase(findTestCase("0.1-Login"), [:], STOP_ON_FAILURE): Call Test Case 'Test Cases/0.1-Login' successfully

2021-12-01 11:53:29 - [TEST_CASE][PASSED] - Test Cases/0.1-Login: Test Cases/0.1-Login

2021-12-01 11:53:29 - [TEST_STEP][PASSED] - openBrowser(""): Browser is opened with url: ''

2021-12-01 11:53:29 - [MESSAGE][INFO] - Starting 'Chrome' driver

2021-12-01 11:53:29 - [MESSAGE][INFO] - Action delay is set to 0 milliseconds

2021-12-01 11:53:30 - [MESSAGE][PASSED] - Browser is opened with url: ''

2021-12-01 11:53:30 - [TEST_STEP][PASSED] - maximizeWindow(): Current window maximized

2021-12-01 11:53:30 - [MESSAGE][PASSED] - Current window maximized

2021-12-01 11:53:30 - [TEST_STEP][PASSED] - i = G_Login: null

2021-12-01 11:53:30 - [TEST_STEP][PASSED] - url = new java.net.URL(i): null

2021-12-01 11:53:30 - [TEST_STEP][PASSED] - println("URL: " + url.toString()): null

2021-12-01 11:53:30 - [TEST_STEP][PASSED] - connection = url.openConnection(): null

2021-12-01 11:53:30 - [TEST_STEP][PASSED] - connection.setRequestMethod("GET"): null

2021-12-01 11:53:30 - [TEST_STEP][PASSED] - connection.setReadTimeout(2 * 1000): null

2021-12-01 11:53:30 - [TEST_STEP][PASSED] - try: null

2021-12-01 11:53:30 - [TEST_STEP][PASSED] - connection.connect(): null

2021-12-01 11:53:30 - [TEST_STEP][PASSED] - flag = connected: null

2021-12-01 11:53:30 - [TEST_STEP][PASSED] - println("Valor_ori: " + flag): null

2021-12-01 11:53:30 - [TEST_STEP][PASSED] - if (flag): null

2021-12-01 11:53:30 - [TEST_STEP][PASSED] - navigateToUrl(i): Navigate to 'http://localhost:8380/saraweb/' successfully

2021-12-01 11:53:32 - [MESSAGE][PASSED] - Navigate to 'http://localhost:8380/saraweb/' successfully

2021-12-01 11:53:32 - [TEST_STEP][PASSED] - a(): null

2021-12-01 11:53:32 - [TEST_STEP][PASSED] - setText(findTestObject("Login/input_USUARIO_loginusuario"), G_Usuario): Text 'saraadmin' is set on object 'Object Repository/Login/input_USUARIO_loginusuario'

2021-12-01 11:53:33 - [MESSAGE][PASSED] - Text 'saraadmin' is set on object 'Object Repository/Login/input_USUARIO_loginusuario'

2021-12-01 11:53:33 - [TEST_STEP][PASSED] - setEncryptedText(findTestObject("Login/input_CLAVE_loginpassword"), "MkG4/TYiCFC3cb2driP7+Q=="): Text ****** has been set on object 'Object Repository/Login/input_CLAVE_loginpassword'

2021-12-01 11:53:33 - [MESSAGE][PASSED] - Text ****** has been set on object 'Object Repository/Login/input_CLAVE_loginpassword'

2021-12-01 11:53:33 - [TEST_STEP][PASSED] - waitForElementClickable(findTestObject("Login/a_Ingresar"), G_TimeOut): Object 'Object Repository/Login/a_Ingresar' is clickable

2021-12-01 11:53:34 - [MESSAGE][PASSED] - Object 'Object Repository/Login/a_Ingresar' is clickable

2021-12-01 11:53:34 - [TEST_STEP][PASSED] - click(findTestObject("Login/a_Ingresar")): Object: 'Object Repository/Login/a_Ingresar' is clicked on

2021-12-01 11:53:37 - [MESSAGE][PASSED] - Object: 'Object Repository/Login/a_Ingresar' is clicked on

2021-12-01 11:53:37 - [TEST_STEP][PASSED] - element = findWebElement(findTestObject("Login/a_Ir"), 30): null

2021-12-01 11:53:37 - [TEST_STEP][PASSED] - executeJavaScript("arguments[0].click()", Arrays.asList(element)): Execute JavaScript 'arguments[0].click()' successfully

2021-12-01 11:53:38 - [MESSAGE][PASSED] - Execute JavaScript 'arguments[0].click()' successfully

2021-12-01 11:53:38 - [MESSAGE][PASSED] - Call Test Case 'Test Cases/0.1-Login' successfully

2021-12-01 11:53:38 - [TEST_STEP][PASSED] - waitForElementClickable(findTestObject("Modulo Tarea Administracion Compensacion/Periodo en Proceso - Archivo Plano/Mantenimiento de Vacaciones Reliquidar/input_Mantenimiento de Vacaciones_form_templatej_idt24_input"), 0): Object 'Object Repository/Modulo Tarea Administracion Compensacion/Periodo en Proceso - Archivo Plano/Mantenimiento de Vacaciones Reliquidar/input_Mantenimiento de Vacaciones_form_templatej_idt24_input' is clickable

2021-12-01 11:53:38 - [MESSAGE][WARNING] - Timeout '0' is invalid. Using default page load timeout: '30'

2021-12-01 11:53:39 - [MESSAGE][PASSED] - Object 'Object Repository/Modulo Tarea Administracion Compensacion/Periodo en Proceso - Archivo Plano/Mantenimiento de Vacaciones Reliquidar/input_Mantenimiento de Vacaciones_form_templatej_idt24_input' is clickable

2021-12-01 11:53:39 - [TEST_STEP][PASSED] - setText(findTestObject("Modulo Tarea Administracion Compensacion/Periodo en Proceso - Archivo Plano/Mantenimiento de Vacaciones Reliquidar/input_Mantenimiento de Vacaciones_form_templatej_idt24_input"), "Mantenimiento de Vacaciones"): Text 'Mantenimiento de Vacaciones' is set on object 'Object Repository/Modulo Tarea Administracion Compensacion/Periodo en Proceso - Archivo Plano/Mantenimiento de Vacaciones Reliquidar/input_Mantenimiento de Vacaciones_form_templatej_idt24_input'

2021-12-01 11:53:39 - [MESSAGE][PASSED] - Text 'Mantenimiento de Vacaciones' is set on object 'Object Repository/Modulo Tarea Administracion Compensacion/Periodo en Proceso - Archivo Plano/Mantenimiento de Vacaciones Reliquidar/input_Mantenimiento de Vacaciones_form_templatej_idt24_input'

2021-12-01 11:53:39 - [TEST_STEP][PASSED] - delay(1): Delayed 1 second(s)

2021-12-01 11:53:40 - [MESSAGE][PASSED] - Delayed 1 second(s)

2021-12-01 11:53:40 - [TEST_STEP][PASSED] - sendKeys(findTestObject("Modulo Tarea Administracion Compensacion/Periodo en Proceso - Archivo Plano/Mantenimiento de Vacaciones Reliquidar/input_Mantenimiento de Vacaciones_form_templatej_idt24_input"), Keys.chord(ENTER)): Keys 'ENTER + ' sent to object: 'Object Repository/Modulo Tarea Administracion Compensacion/Periodo en Proceso - Archivo Plano/Mantenimiento de Vacaciones Reliquidar/input_Mantenimiento de Vacaciones_form_templatej_idt24_input'

2021-12-01 11:53:41 - [MESSAGE][PASSED] - Keys 'ENTER + ' sent to object: 'Object Repository/Modulo Tarea Administracion Compensacion/Periodo en Proceso - Archivo Plano/Mantenimiento de Vacaciones Reliquidar/input_Mantenimiento de Vacaciones_form_templatej_idt24_input'

2021-12-01 11:53:41 - [TEST_STEP][PASSED] - setText(findTestObject("Modulo Tarea Administracion Compensacion/Periodo en Proceso - Archivo Plano/Mantenimiento de Vacaciones Reliquidar/input_Identificacin_form_mantenimientoVacacionj_idt66"), "1234567890"): Text '1234567890' is set on object 'Object Repository/Modulo Tarea Administracion Compensacion/Periodo en Proceso - Archivo Plano/Mantenimiento de Vacaciones Reliquidar/input_Identificacin_form_mantenimientoVacacionj_idt66'

2021-12-01 11:53:42 - [MESSAGE][PASSED] - Text '1234567890' is set on object 'Object Repository/Modulo Tarea Administracion Compensacion/Periodo en Proceso - Archivo Plano/Mantenimiento de Vacaciones Reliquidar/input_Identificacin_form_mantenimientoVacacionj_idt66'

2021-12-01 11:53:42 - [TEST_STEP][PASSED] - sendKeys(findTestObject("Modulo Tarea Administracion Compensacion/Mantenimiento de Vacaciones Reliquidar/input_Identificacin_form_mante"), Keys.chord(ENTER)): Keys 'ENTER + ' sent to object: 'tempBody'

2021-12-01 11:53:42 - [MESSAGE][WARNING] - Test object with id 'Object Repository/Modulo Tarea Administracion Compensacion/Mantenimiento de Vacaciones Reliquidar/input_Identificacin_form_mante' does not exist

2021-12-01 11:53:42 - [MESSAGE][WARNING] - Test object with id 'Object Repository/' does not exist

2021-12-01 11:53:42 - [MESSAGE][PASSED] - Keys 'ENTER + ' sent to object: 'tempBody'

2021-12-01 11:53:42 - [TEST_STEP][PASSED] - if (waitForElementVisible(findTestObject("Modulo Tarea Administracion Compensacion/Periodo en Proceso - Archivo Plano/Mantenimiento de Vacaciones Reliquidar/td_No se encontr registros"), 1)): Web element with id: 'Object Repository/Modulo Tarea Administracion Compensacion/Periodo en Proceso - Archivo Plano/Mantenimiento de Vacaciones Reliquidar/td_No se encontr registros' located by '//*/text()[normalize-space(.)='No se encontró registros']/parent::*' not found

2021-12-01 11:53:45 - [MESSAGE][INFO] - Unable to find the element located by 'By.xpath: //*/text()[normalize-space(.)='No se encontró registros']/parent::*'. Please recheck the objects properties to make sure the desired element is located. 

2021-12-01 11:53:45 - [MESSAGE][WARNING] - Web element with id: 'Object Repository/Modulo Tarea Administracion Compensacion/Periodo en Proceso - Archivo Plano/Mantenimiento de Vacaciones Reliquidar/td_No se encontr registros' located by '//*/text()[normalize-space(.)='No se encontró registros']/parent::*' not found

2021-12-01 11:53:45 - [TEST_STEP][PASSED] - selectOptionByIndex(findTestObject("Modulo Tarea Administracion Compensacion/Periodo en Proceso - Archivo Plano/Mantenimiento de Vacaciones Reliquidar/select_SeleccioneCerradaNo Cerrada"), "2"): All options with index in [2] are selected on object 'Object Repository/Modulo Tarea Administracion Compensacion/Periodo en Proceso - Archivo Plano/Mantenimiento de Vacaciones Reliquidar/select_SeleccioneCerradaNo Cerrada'

2021-12-01 11:53:46 - [MESSAGE][PASSED] - All options with index in [2] are selected on object 'Object Repository/Modulo Tarea Administracion Compensacion/Periodo en Proceso - Archivo Plano/Mantenimiento de Vacaciones Reliquidar/select_SeleccioneCerradaNo Cerrada'

2021-12-01 11:53:46 - [TEST_STEP][PASSED] - check(findTestObject("Modulo Tarea Administracion Compensacion/Periodo en Proceso - Archivo Plano/Mantenimiento de Vacaciones Reliquidar/div_Estado_ui-chkbox-")): Object 'Object Repository/Modulo Tarea Administracion Compensacion/Periodo en Proceso - Archivo Plano/Mantenimiento de Vacaciones Reliquidar/div_Estado_ui-chkbox-' is checked

2021-12-01 11:53:46 - [MESSAGE][PASSED] - Object 'Object Repository/Modulo Tarea Administracion Compensacion/Periodo en Proceso - Archivo Plano/Mantenimiento de Vacaciones Reliquidar/div_Estado_ui-chkbox-' is checked

2021-12-01 11:53:46 - [TEST_STEP][PASSED] - click(findTestObject("Modulo Tarea Administracion Compensacion/Periodo en Proceso - Archivo Plano/Mantenimiento de Vacaciones Reliquidar/a_Reliquidacion")): Object: 'Object Repository/Modulo Tarea Administracion Compensacion/Periodo en Proceso - Archivo Plano/Mantenimiento de Vacaciones Reliquidar/a_Reliquidacion' is clicked on

2021-12-01 11:53:47 - [MESSAGE][PASSED] - Object: 'Object Repository/Modulo Tarea Administracion Compensacion/Periodo en Proceso - Archivo Plano/Mantenimiento de Vacaciones Reliquidar/a_Reliquidacion' is clicked on

2021-12-01 11:53:47 - [TEST_STEP][PASSED] - click(findTestObject("Modulo Tarea Administracion Compensacion/Periodo en Proceso - Archivo Plano/Mantenimiento de Vacaciones Reliquidar/a_Aceptar_Reliquidacion")): Object: 'Object Repository/Modulo Tarea Administracion Compensacion/Periodo en Proceso - Archivo Plano/Mantenimiento de Vacaciones Reliquidar/a_Aceptar_Reliquidacion' is clicked on

2021-12-01 11:53:49 - [MESSAGE][PASSED] - Object: 'Object Repository/Modulo Tarea Administracion Compensacion/Periodo en Proceso - Archivo Plano/Mantenimiento de Vacaciones Reliquidar/a_Aceptar_Reliquidacion' is clicked on

2021-12-01 11:53:49 - [TEST_STEP][PASSED] - waitForElementClickable(findTestObject("Modulo Tarea Administracion Compensacion/Periodo en Proceso - Archivo Plano/Mantenimiento de Vacaciones Reliquidar/a_Continuar_Reliquidar"), 0): Object 'Object Repository/Modulo Tarea Administracion Compensacion/Periodo en Proceso - Archivo Plano/Mantenimiento de Vacaciones Reliquidar/a_Continuar_Reliquidar' is clickable

2021-12-01 11:53:49 - [MESSAGE][WARNING] - Timeout '0' is invalid. Using default page load timeout: '30'

2021-12-01 11:53:53 - [MESSAGE][PASSED] - Object 'Object Repository/Modulo Tarea Administracion Compensacion/Periodo en Proceso - Archivo Plano/Mantenimiento de Vacaciones Reliquidar/a_Continuar_Reliquidar' is clickable

2021-12-01 11:53:53 - [TEST_STEP][PASSED] - click(findTestObject("Modulo Tarea Administracion Compensacion/Periodo en Proceso - Archivo Plano/Mantenimiento de Vacaciones Reliquidar/a_Continuar_Reliquidar")): Object: 'Object Repository/Modulo Tarea Administracion Compensacion/Periodo en Proceso - Archivo Plano/Mantenimiento de Vacaciones Reliquidar/a_Continuar_Reliquidar' is clicked on

2021-12-01 11:53:53 - [MESSAGE][PASSED] - Object: 'Object Repository/Modulo Tarea Administracion Compensacion/Periodo en Proceso - Archivo Plano/Mantenimiento de Vacaciones Reliquidar/a_Continuar_Reliquidar' is clicked on

2021-12-01 11:53:53 - [MESSAGE][PASSED] - Call Test Case 'Test Cases/1.1-Tareas Principales/1.1.8-Mantenimiento de Vacaciones Reliquidar' successfully

2021-12-01 11:53:53 - [TEST_STEP][PASSED] - selectOptionByIndex(findTestObject("Modulo Tarea Administracion Compensacion/Reversar Vacaciones/select_SeleccioneCerradaNo Cerrada"), "02"): All options with index in [2] are selected on object 'Object Repository/Modulo Tarea Administracion Compensacion/Reversar Vacaciones/select_SeleccioneCerradaNo Cerrada'

2021-12-01 11:53:54 - [MESSAGE][PASSED] - All options with index in [2] are selected on object 'Object Repository/Modulo Tarea Administracion Compensacion/Reversar Vacaciones/select_SeleccioneCerradaNo Cerrada'

2021-12-01 11:53:54 - [TEST_STEP][PASSED] - waitForElementClickable(findTestObject("Modulo Tarea Administracion Compensacion/Reversar Vacaciones/td_1234567890"), 0): Object 'Object Repository/Modulo Tarea Administracion Compensacion/Reversar Vacaciones/td_1234567890' is clickable

2021-12-01 11:53:54 - [MESSAGE][WARNING] - Timeout '0' is invalid. Using default page load timeout: '30'

2021-12-01 11:53:55 - [MESSAGE][PASSED] - Object 'Object Repository/Modulo Tarea Administracion Compensacion/Reversar Vacaciones/td_1234567890' is clickable

2021-12-01 11:53:55 - [TEST_STEP][PASSED] - click(findTestObject("Modulo Tarea Administracion Compensacion/Reversar Vacaciones/td_1234567890")): Object: 'Object Repository/Modulo Tarea Administracion Compensacion/Reversar Vacaciones/td_1234567890' is clicked on

2021-12-01 11:53:55 - [MESSAGE][PASSED] - Object: 'Object Repository/Modulo Tarea Administracion Compensacion/Reversar Vacaciones/td_1234567890' is clicked on

2021-12-01 11:53:55 - [TEST_STEP][PASSED] - click(findTestObject("Modulo Tarea Administracion Compensacion/Reversar Vacaciones/span_Reversar")): Object: 'Object Repository/Modulo Tarea Administracion Compensacion/Reversar Vacaciones/span_Reversar' is clicked on

2021-12-01 11:53:56 - [MESSAGE][PASSED] - Object: 'Object Repository/Modulo Tarea Administracion Compensacion/Reversar Vacaciones/span_Reversar' is clicked on

2021-12-01 11:53:56 - [TEST_STEP][PASSED] - click(findTestObject("Modulo Tarea Administracion Compensacion/Reversar Vacaciones/a_Aceptar_Reversar")): Object: 'Object Repository/Modulo Tarea Administracion Compensacion/Reversar Vacaciones/a_Aceptar_Reversar' is clicked on

2021-12-01 11:53:57 - [MESSAGE][PASSED] - Object: 'Object Repository/Modulo Tarea Administracion Compensacion/Reversar Vacaciones/a_Aceptar_Reversar' is clicked on

2021-12-01 11:53:57 - [TEST_STEP][PASSED] - getText(findTestObject("Alerta/Alerta")): Text of object 'Object Repository/Alerta/Alerta' is: 'El comprobante ha sido reversado correctamente'

2021-12-01 11:53:58 - [MESSAGE][PASSED] - Text of object 'Object Repository/Alerta/Alerta' is: 'El comprobante ha sido reversado correctamente'

2021-12-01 11:53:58 - [TEST_STEP][PASSED] - closeBrowser(): Browser is closed

2021-12-01 11:53:58 - [MESSAGE][PASSED] - Browser is closed]]></system-out>
         <system-err><![CDATA[]]></system-err>
      </testcase>
      <testcase name="Test Cases/1.1-Tareas Principales/1.2.2-Legalizar licencia No Remunerada" time="65.819" classname="Test Cases/1.1-Tareas Principales/1.2.2-Legalizar licencia No Remunerada" status="PASSED">
         <system-out><![CDATA[2021-12-01 11:53:58 - [TEST_CASE][PASSED] - Test Cases/1.1-Tareas Principales/1.2.2-Legalizar licencia No Remunerada: Test Cases/1.1-Tareas Principales/1.2.2-Legalizar licencia No Remunerada

2021-12-01 11:53:59 - [TEST_STEP][PASSED] - callTestCase(findTestCase("Hutilidades/Tareas Administracion Compensacion/Tarea Listado Empleados"), [:], STOP_ON_FAILURE): Call Test Case 'Test Cases/Hutilidades/Tareas Administracion Compensacion/Tarea Listado Empleados' successfully

2021-12-01 11:53:59 - [TEST_CASE][PASSED] - Test Cases/Hutilidades/Tareas Administracion Compensacion/Tarea Listado Empleados: Test Cases/Hutilidades/Tareas Administracion Compensacion/Tarea Listado Empleados

2021-12-01 11:53:59 - [TEST_STEP][PASSED] - callTestCase(findTestCase("0.1-Login"), [:], STOP_ON_FAILURE): Call Test Case 'Test Cases/0.1-Login' successfully

2021-12-01 11:53:59 - [TEST_CASE][PASSED] - Test Cases/0.1-Login: Test Cases/0.1-Login

2021-12-01 11:53:59 - [TEST_STEP][PASSED] - openBrowser(""): Browser is opened with url: ''

2021-12-01 11:53:59 - [MESSAGE][INFO] - Starting 'Chrome' driver

2021-12-01 11:53:59 - [MESSAGE][INFO] - Action delay is set to 0 milliseconds

2021-12-01 11:54:00 - [MESSAGE][PASSED] - Browser is opened with url: ''

2021-12-01 11:54:00 - [TEST_STEP][PASSED] - maximizeWindow(): Current window maximized

2021-12-01 11:54:00 - [MESSAGE][PASSED] - Current window maximized

2021-12-01 11:54:00 - [TEST_STEP][PASSED] - i = G_Login: null

2021-12-01 11:54:00 - [TEST_STEP][PASSED] - url = new java.net.URL(i): null

2021-12-01 11:54:00 - [TEST_STEP][PASSED] - println("URL: " + url.toString()): null

2021-12-01 11:54:00 - [TEST_STEP][PASSED] - connection = url.openConnection(): null

2021-12-01 11:54:00 - [TEST_STEP][PASSED] - connection.setRequestMethod("GET"): null

2021-12-01 11:54:00 - [TEST_STEP][PASSED] - connection.setReadTimeout(2 * 1000): null

2021-12-01 11:54:00 - [TEST_STEP][PASSED] - try: null

2021-12-01 11:54:00 - [TEST_STEP][PASSED] - connection.connect(): null

2021-12-01 11:54:00 - [TEST_STEP][PASSED] - flag = connected: null

2021-12-01 11:54:00 - [TEST_STEP][PASSED] - println("Valor_ori: " + flag): null

2021-12-01 11:54:00 - [TEST_STEP][PASSED] - if (flag): null

2021-12-01 11:54:00 - [TEST_STEP][PASSED] - navigateToUrl(i): Navigate to 'http://localhost:8380/saraweb/' successfully

2021-12-01 11:54:01 - [MESSAGE][PASSED] - Navigate to 'http://localhost:8380/saraweb/' successfully

2021-12-01 11:54:01 - [TEST_STEP][PASSED] - a(): null

2021-12-01 11:54:01 - [TEST_STEP][PASSED] - setText(findTestObject("Login/input_USUARIO_loginusuario"), G_Usuario): Text 'saraadmin' is set on object 'Object Repository/Login/input_USUARIO_loginusuario'

2021-12-01 11:54:02 - [MESSAGE][PASSED] - Text 'saraadmin' is set on object 'Object Repository/Login/input_USUARIO_loginusuario'

2021-12-01 11:54:02 - [TEST_STEP][PASSED] - setEncryptedText(findTestObject("Login/input_CLAVE_loginpassword"), "MkG4/TYiCFC3cb2driP7+Q=="): Text ****** has been set on object 'Object Repository/Login/input_CLAVE_loginpassword'

2021-12-01 11:54:03 - [MESSAGE][PASSED] - Text ****** has been set on object 'Object Repository/Login/input_CLAVE_loginpassword'

2021-12-01 11:54:03 - [TEST_STEP][PASSED] - waitForElementClickable(findTestObject("Login/a_Ingresar"), G_TimeOut): Object 'Object Repository/Login/a_Ingresar' is clickable

2021-12-01 11:54:03 - [MESSAGE][PASSED] - Object 'Object Repository/Login/a_Ingresar' is clickable

2021-12-01 11:54:03 - [TEST_STEP][PASSED] - click(findTestObject("Login/a_Ingresar")): Object: 'Object Repository/Login/a_Ingresar' is clicked on

2021-12-01 11:54:05 - [MESSAGE][PASSED] - Object: 'Object Repository/Login/a_Ingresar' is clicked on

2021-12-01 11:54:05 - [TEST_STEP][PASSED] - element = findWebElement(findTestObject("Login/a_Ir"), 30): null

2021-12-01 11:54:06 - [TEST_STEP][PASSED] - executeJavaScript("arguments[0].click()", Arrays.asList(element)): Execute JavaScript 'arguments[0].click()' successfully

2021-12-01 11:54:06 - [MESSAGE][PASSED] - Execute JavaScript 'arguments[0].click()' successfully

2021-12-01 11:54:06 - [MESSAGE][PASSED] - Call Test Case 'Test Cases/0.1-Login' successfully

2021-12-01 11:54:06 - [TEST_STEP][PASSED] - setText(findTestObject("Modulo Tarea Listado Hojas de Vida/Tareas Listado Hojas de Vida/input_Listado Hojas De Vida_form_templatej_idt24_input"), "Listado de Empleados"): Text 'Listado de Empleados' is set on object 'Object Repository/Modulo Tarea Listado Hojas de Vida/Tareas Listado Hojas de Vida/input_Listado Hojas De Vida_form_templatej_idt24_input'

2021-12-01 11:54:07 - [MESSAGE][PASSED] - Text 'Listado de Empleados' is set on object 'Object Repository/Modulo Tarea Listado Hojas de Vida/Tareas Listado Hojas de Vida/input_Listado Hojas De Vida_form_templatej_idt24_input'

2021-12-01 11:54:07 - [TEST_STEP][PASSED] - delay(3): Delayed 3 second(s)

2021-12-01 11:54:10 - [MESSAGE][PASSED] - Delayed 3 second(s)

2021-12-01 11:54:10 - [TEST_STEP][PASSED] - sendKeys(findTestObject("Modulo Tarea Listado Hojas de Vida/Tareas Listado Hojas de Vida/input_Listado Hojas De Vida_form_templatej_idt24_input"), Keys.chord(ENTER)): Keys 'ENTER + ' sent to object: 'Object Repository/Modulo Tarea Listado Hojas de Vida/Tareas Listado Hojas de Vida/input_Listado Hojas De Vida_form_templatej_idt24_input'

2021-12-01 11:54:10 - [MESSAGE][PASSED] - Keys 'ENTER + ' sent to object: 'Object Repository/Modulo Tarea Listado Hojas de Vida/Tareas Listado Hojas de Vida/input_Listado Hojas De Vida_form_templatej_idt24_input'

2021-12-01 11:54:10 - [MESSAGE][PASSED] - Call Test Case 'Test Cases/Hutilidades/Tareas Administracion Compensacion/Tarea Listado Empleados' successfully

2021-12-01 11:54:10 - [TEST_STEP][PASSED] - waitForElementClickable(findTestObject("Object Repository/Modulo Tarea Administracion Compensacion/Legalizar Licencia No Remunerada/input_Identificacin_listadoEmpleadoIdentificacionEmpleado"), 0): Object 'Object Repository/Modulo Tarea Administracion Compensacion/Legalizar Licencia No Remunerada/input_Identificacin_listadoEmpleadoIdentificacionEmpleado' is clickable

2021-12-01 11:54:11 - [MESSAGE][WARNING] - Timeout '0' is invalid. Using default page load timeout: '30'

2021-12-01 11:54:14 - [MESSAGE][PASSED] - Object 'Object Repository/Modulo Tarea Administracion Compensacion/Legalizar Licencia No Remunerada/input_Identificacin_listadoEmpleadoIdentificacionEmpleado' is clickable

2021-12-01 11:54:14 - [TEST_STEP][PASSED] - setText(findTestObject("Object Repository/Modulo Tarea Administracion Compensacion/Legalizar Licencia No Remunerada/input_Identificacin_listadoEmpleadoIdentificacionEmpleado"), "354968431354"): Text '354968431354' is set on object 'Object Repository/Modulo Tarea Administracion Compensacion/Legalizar Licencia No Remunerada/input_Identificacin_listadoEmpleadoIdentificacionEmpleado'

2021-12-01 11:54:15 - [MESSAGE][PASSED] - Text '354968431354' is set on object 'Object Repository/Modulo Tarea Administracion Compensacion/Legalizar Licencia No Remunerada/input_Identificacin_listadoEmpleadoIdentificacionEmpleado'

2021-12-01 11:54:15 - [TEST_STEP][PASSED] - sendKeys(findTestObject("Object Repository/Modulo Tarea Administracion Compensacion/Legalizar Licencia No Remunerada/input_Identificacin_listadoEmpleadoIdentificacionEmpleado"), Keys.chord(ENTER)): Keys 'ENTER + ' sent to object: 'Object Repository/Modulo Tarea Administracion Compensacion/Legalizar Licencia No Remunerada/input_Identificacin_listadoEmpleadoIdentificacionEmpleado'

2021-12-01 11:54:15 - [MESSAGE][PASSED] - Keys 'ENTER + ' sent to object: 'Object Repository/Modulo Tarea Administracion Compensacion/Legalizar Licencia No Remunerada/input_Identificacin_listadoEmpleadoIdentificacionEmpleado'

2021-12-01 11:54:15 - [TEST_STEP][PASSED] - waitForElementClickable(findTestObject("Object Repository/Modulo Tarea Administracion Compensacion/Legalizar Licencia No Remunerada/span_Consta Belfegord Jhon"), G_TimeOut): Object 'Object Repository/Modulo Tarea Administracion Compensacion/Legalizar Licencia No Remunerada/span_Consta Belfegord Jhon' is clickable

2021-12-01 11:54:16 - [MESSAGE][PASSED] - Object 'Object Repository/Modulo Tarea Administracion Compensacion/Legalizar Licencia No Remunerada/span_Consta Belfegord Jhon' is clickable

2021-12-01 11:54:16 - [TEST_STEP][PASSED] - click(findTestObject("Object Repository/Modulo Tarea Administracion Compensacion/Legalizar Licencia No Remunerada/span_Consta Belfegord Jhon")): Object: 'Object Repository/Modulo Tarea Administracion Compensacion/Legalizar Licencia No Remunerada/span_Consta Belfegord Jhon' is clicked on

2021-12-01 11:54:17 - [MESSAGE][PASSED] - Object: 'Object Repository/Modulo Tarea Administracion Compensacion/Legalizar Licencia No Remunerada/span_Consta Belfegord Jhon' is clicked on

2021-12-01 11:54:17 - [TEST_STEP][PASSED] - waitForElementClickable(findTestObject("Object Repository/Modulo Tarea Administracion Compensacion/Legalizar Licencia No Remunerada/a_Licencia"), G_TimeOut): Object 'Object Repository/Modulo Tarea Administracion Compensacion/Legalizar Licencia No Remunerada/a_Licencia' is clickable

2021-12-01 11:54:17 - [MESSAGE][PASSED] - Object 'Object Repository/Modulo Tarea Administracion Compensacion/Legalizar Licencia No Remunerada/a_Licencia' is clickable

2021-12-01 11:54:17 - [TEST_STEP][PASSED] - click(findTestObject("Object Repository/Modulo Tarea Administracion Compensacion/Legalizar Licencia No Remunerada/a_Licencia")): Object: 'Object Repository/Modulo Tarea Administracion Compensacion/Legalizar Licencia No Remunerada/a_Licencia' is clicked on

2021-12-01 11:54:18 - [MESSAGE][PASSED] - Object: 'Object Repository/Modulo Tarea Administracion Compensacion/Legalizar Licencia No Remunerada/a_Licencia' is clicked on

2021-12-01 11:54:18 - [TEST_STEP][PASSED] - if (waitForElementClickable(findTestObject("Modulo Tarea Administracion Compensacion/Legalizar Licencia No Remunerada/td_Licencia No Remunerada"), 1)): Web element with id: 'Object Repository/Modulo Tarea Administracion Compensacion/Legalizar Licencia No Remunerada/td_Licencia No Remunerada' located by '//div/table/tbody/tr/td/div/div/table/tbody/tr/td' not found

2021-12-01 11:54:20 - [MESSAGE][INFO] - Unable to find the element located by 'By.xpath: //div/table/tbody/tr/td/div/div/table/tbody/tr/td'. Please recheck the objects properties to make sure the desired element is located. 

2021-12-01 11:54:20 - [MESSAGE][WARNING] - Web element with id: 'Object Repository/Modulo Tarea Administracion Compensacion/Legalizar Licencia No Remunerada/td_Licencia No Remunerada' located by '//div/table/tbody/tr/td/div/div/table/tbody/tr/td' not found

2021-12-01 11:54:20 - [TEST_STEP][PASSED] - click(findTestObject("Modulo Tarea Administracion Compensacion/Legalizar Licencia No Remunerada/a_Incapacidad")): Object: 'Object Repository/Modulo Tarea Administracion Compensacion/Legalizar Licencia No Remunerada/a_Incapacidad' is clicked on

2021-12-01 11:54:20 - [MESSAGE][PASSED] - Object: 'Object Repository/Modulo Tarea Administracion Compensacion/Legalizar Licencia No Remunerada/a_Incapacidad' is clicked on

2021-12-01 11:54:20 - [TEST_STEP][PASSED] - click(findTestObject("Modulo Tarea Administracion Compensacion/Legalizar Licencia No Remunerada/a_Histrico")): Object: 'Object Repository/Modulo Tarea Administracion Compensacion/Legalizar Licencia No Remunerada/a_Histrico' is clicked on

2021-12-01 11:54:21 - [MESSAGE][PASSED] - Object: 'Object Repository/Modulo Tarea Administracion Compensacion/Legalizar Licencia No Remunerada/a_Histrico' is clicked on

2021-12-01 11:54:21 - [TEST_STEP][PASSED] - if (waitForElementClickable(findTestObject("Modulo Tarea Administracion Compensacion/Legalizar Licencia No Remunerada/span_Enfermedad General 21"), 1)): Web element with id: 'Object Repository/Modulo Tarea Administracion Compensacion/Legalizar Licencia No Remunerada/span_Enfermedad General 21' located by '//div[2]/table/tbody/tr/td/div/div/table/tbody/tr/td/span' not found

2021-12-01 11:54:23 - [MESSAGE][INFO] - Unable to find the element located by 'By.xpath: //div[2]/table/tbody/tr/td/div/div/table/tbody/tr/td/span'. Please recheck the objects properties to make sure the desired element is located. 

2021-12-01 11:54:23 - [MESSAGE][WARNING] - Web element with id: 'Object Repository/Modulo Tarea Administracion Compensacion/Legalizar Licencia No Remunerada/span_Enfermedad General 21' located by '//div[2]/table/tbody/tr/td/div/div/table/tbody/tr/td/span' not found

2021-12-01 11:54:23 - [TEST_STEP][PASSED] - click(findTestObject("Object Repository/Modulo Tarea Administracion Compensacion/Legalizar Licencia No Remunerada/a_Licencia")): Object: 'Object Repository/Modulo Tarea Administracion Compensacion/Legalizar Licencia No Remunerada/a_Licencia' is clicked on

2021-12-01 11:54:24 - [MESSAGE][PASSED] - Object: 'Object Repository/Modulo Tarea Administracion Compensacion/Legalizar Licencia No Remunerada/a_Licencia' is clicked on

2021-12-01 11:54:24 - [TEST_STEP][PASSED] - waitForElementClickable(findTestObject("Modulo Tarea Administracion Compensacion/Legalizar Licencia No Remunerada/a_Nuevo"), G_TimeOut): Object 'Object Repository/Modulo Tarea Administracion Compensacion/Legalizar Licencia No Remunerada/a_Nuevo' is clickable

2021-12-01 11:54:24 - [MESSAGE][PASSED] - Object 'Object Repository/Modulo Tarea Administracion Compensacion/Legalizar Licencia No Remunerada/a_Nuevo' is clickable

2021-12-01 11:54:24 - [TEST_STEP][PASSED] - click(findTestObject("Modulo Tarea Administracion Compensacion/Legalizar Licencia No Remunerada/a_Nuevo")): Object: 'Object Repository/Modulo Tarea Administracion Compensacion/Legalizar Licencia No Remunerada/a_Nuevo' is clicked on

2021-12-01 11:54:25 - [MESSAGE][PASSED] - Object: 'Object Repository/Modulo Tarea Administracion Compensacion/Legalizar Licencia No Remunerada/a_Nuevo' is clicked on

2021-12-01 11:54:25 - [TEST_STEP][PASSED] - waitForElementClickable(findTestObject("Object Repository/Modulo Tarea Administracion Compensacion/Legalizar Licencia No Remunerada/span_LICENCIA NO REMUNERADA"), G_TimeOut): Object 'Object Repository/Modulo Tarea Administracion Compensacion/Legalizar Licencia No Remunerada/span_LICENCIA NO REMUNERADA' is clickable

2021-12-01 11:54:25 - [MESSAGE][PASSED] - Object 'Object Repository/Modulo Tarea Administracion Compensacion/Legalizar Licencia No Remunerada/span_LICENCIA NO REMUNERADA' is clickable

2021-12-01 11:54:25 - [TEST_STEP][PASSED] - click(findTestObject("Object Repository/Modulo Tarea Administracion Compensacion/Legalizar Licencia No Remunerada/span_LICENCIA NO REMUNERADA")): Object: 'Object Repository/Modulo Tarea Administracion Compensacion/Legalizar Licencia No Remunerada/span_LICENCIA NO REMUNERADA' is clicked on

2021-12-01 11:54:26 - [MESSAGE][PASSED] - Object: 'Object Repository/Modulo Tarea Administracion Compensacion/Legalizar Licencia No Remunerada/span_LICENCIA NO REMUNERADA' is clicked on

2021-12-01 11:54:26 - [TEST_STEP][PASSED] - click(findTestObject("Modulo Tarea Administracion Compensacion/Legalizar Licencia No Remunerada/a_Histrico")): Object: 'Object Repository/Modulo Tarea Administracion Compensacion/Legalizar Licencia No Remunerada/a_Histrico' is clicked on

2021-12-01 11:54:28 - [MESSAGE][PASSED] - Object: 'Object Repository/Modulo Tarea Administracion Compensacion/Legalizar Licencia No Remunerada/a_Histrico' is clicked on

2021-12-01 11:54:28 - [TEST_STEP][PASSED] - if (waitForElementClickable(findTestObject("Modulo Tarea Administracion Compensacion/Legalizar Licencia No Remunerada/span_01012021"), 1)): Web element with id: 'Object Repository/Modulo Tarea Administracion Compensacion/Legalizar Licencia No Remunerada/span_01012021' located by '//*/text()[normalize-space(.)='01/01/2021']/parent::*' not found

2021-12-01 11:54:30 - [MESSAGE][INFO] - Unable to find the element located by 'By.xpath: //*/text()[normalize-space(.)='01/01/2021']/parent::*'. Please recheck the objects properties to make sure the desired element is located. 

2021-12-01 11:54:30 - [MESSAGE][WARNING] - Web element with id: 'Object Repository/Modulo Tarea Administracion Compensacion/Legalizar Licencia No Remunerada/span_01012021' located by '//*/text()[normalize-space(.)='01/01/2021']/parent::*' not found

2021-12-01 11:54:30 - [TEST_STEP][PASSED] - waitForElementClickable(findTestObject("Modulo Tarea Administracion Compensacion/Legalizar Licencia No Remunerada/a_Pestaa Licencia"), 0): Object 'Object Repository/Modulo Tarea Administracion Compensacion/Legalizar Licencia No Remunerada/a_Pestaa Licencia' is clickable

2021-12-01 11:54:30 - [MESSAGE][WARNING] - Timeout '0' is invalid. Using default page load timeout: '30'

2021-12-01 11:54:30 - [MESSAGE][PASSED] - Object 'Object Repository/Modulo Tarea Administracion Compensacion/Legalizar Licencia No Remunerada/a_Pestaa Licencia' is clickable

2021-12-01 11:54:30 - [TEST_STEP][PASSED] - click(findTestObject("Modulo Tarea Administracion Compensacion/Legalizar Licencia No Remunerada/a_Pestaa Licencia")): Object: 'Object Repository/Modulo Tarea Administracion Compensacion/Legalizar Licencia No Remunerada/a_Pestaa Licencia' is clicked on

2021-12-01 11:54:31 - [MESSAGE][PASSED] - Object: 'Object Repository/Modulo Tarea Administracion Compensacion/Legalizar Licencia No Remunerada/a_Pestaa Licencia' is clicked on

2021-12-01 11:54:31 - [TEST_STEP][PASSED] - waitForElementPresent(findTestObject("Object Repository/Modulo Tarea Administracion Compensacion/Legalizar Licencia No Remunerada/input_Fecha Salida_form_licenc"), 0): Object 'Object Repository/Modulo Tarea Administracion Compensacion/Legalizar Licencia No Remunerada/input_Fecha Salida_form_licenc' is present

2021-12-01 11:54:31 - [MESSAGE][WARNING] - Timeout '0' is invalid. Using default page load timeout: '30'

2021-12-01 11:54:31 - [MESSAGE][PASSED] - Object 'Object Repository/Modulo Tarea Administracion Compensacion/Legalizar Licencia No Remunerada/input_Fecha Salida_form_licenc' is present

2021-12-01 11:54:31 - [TEST_STEP][PASSED] - setText(findTestObject("Object Repository/Modulo Tarea Administracion Compensacion/Legalizar Licencia No Remunerada/input_Fecha Salida_form_licenc"), "01/01/2021"): Text '01/01/2021' is set on object 'Object Repository/Modulo Tarea Administracion Compensacion/Legalizar Licencia No Remunerada/input_Fecha Salida_form_licenc'

2021-12-01 11:54:32 - [MESSAGE][PASSED] - Text '01/01/2021' is set on object 'Object Repository/Modulo Tarea Administracion Compensacion/Legalizar Licencia No Remunerada/input_Fecha Salida_form_licenc'

2021-12-01 11:54:32 - [TEST_STEP][PASSED] - sendKeys(findTestObject("Object Repository/Modulo Tarea Administracion Compensacion/Legalizar Licencia No Remunerada/input_Fecha Salida_form_licenc"), Keys.chord(ENTER)): Keys 'ENTER + ' sent to object: 'Object Repository/Modulo Tarea Administracion Compensacion/Legalizar Licencia No Remunerada/input_Fecha Salida_form_licenc'

2021-12-01 11:54:33 - [MESSAGE][PASSED] - Keys 'ENTER + ' sent to object: 'Object Repository/Modulo Tarea Administracion Compensacion/Legalizar Licencia No Remunerada/input_Fecha Salida_form_licenc'

2021-12-01 11:54:33 - [TEST_STEP][PASSED] - setText(findTestObject("Object Repository/Modulo Tarea Administracion Compensacion/Legalizar Licencia No Remunerada/input_Fecha Salida Nomina_form"), "28/02/2021"): Text '28/02/2021' is set on object 'Object Repository/Modulo Tarea Administracion Compensacion/Legalizar Licencia No Remunerada/input_Fecha Salida Nomina_form'

2021-12-01 11:54:34 - [MESSAGE][PASSED] - Text '28/02/2021' is set on object 'Object Repository/Modulo Tarea Administracion Compensacion/Legalizar Licencia No Remunerada/input_Fecha Salida Nomina_form'

2021-12-01 11:54:34 - [TEST_STEP][PASSED] - sendKeys(findTestObject("Object Repository/Modulo Tarea Administracion Compensacion/Legalizar Licencia No Remunerada/input_Fecha Salida Nomina_form"), Keys.chord(ENTER)): Keys 'ENTER + ' sent to object: 'Object Repository/Modulo Tarea Administracion Compensacion/Legalizar Licencia No Remunerada/input_Fecha Salida Nomina_form'

2021-12-01 11:54:34 - [MESSAGE][PASSED] - Keys 'ENTER + ' sent to object: 'Object Repository/Modulo Tarea Administracion Compensacion/Legalizar Licencia No Remunerada/input_Fecha Salida Nomina_form'

2021-12-01 11:54:34 - [TEST_STEP][PASSED] - setText(findTestObject("Object Repository/Modulo Tarea Administracion Compensacion/Legalizar Licencia No Remunerada/textarea_Observacin_form_licen"), "Prueba 2021"): Text 'Prueba 2021' is set on object 'Object Repository/Modulo Tarea Administracion Compensacion/Legalizar Licencia No Remunerada/textarea_Observacin_form_licen'

2021-12-01 11:54:35 - [MESSAGE][PASSED] - Text 'Prueba 2021' is set on object 'Object Repository/Modulo Tarea Administracion Compensacion/Legalizar Licencia No Remunerada/textarea_Observacin_form_licen'

2021-12-01 11:54:35 - [TEST_STEP][PASSED] - setText(findTestObject("Object Repository/Modulo Tarea Administracion Compensacion/Legalizar Licencia No Remunerada/input_Fecha 1_form_licenciaEmp"), "01/01/2021"): Text '01/01/2021' is set on object 'Object Repository/Modulo Tarea Administracion Compensacion/Legalizar Licencia No Remunerada/input_Fecha 1_form_licenciaEmp'

2021-12-01 11:54:36 - [MESSAGE][PASSED] - Text '01/01/2021' is set on object 'Object Repository/Modulo Tarea Administracion Compensacion/Legalizar Licencia No Remunerada/input_Fecha 1_form_licenciaEmp'

2021-12-01 11:54:36 - [TEST_STEP][PASSED] - sendKeys(findTestObject("Object Repository/Modulo Tarea Administracion Compensacion/Legalizar Licencia No Remunerada/input_Fecha 1_form_licenciaEmp"), Keys.chord(ENTER)): Keys 'ENTER + ' sent to object: 'Object Repository/Modulo Tarea Administracion Compensacion/Legalizar Licencia No Remunerada/input_Fecha 1_form_licenciaEmp'

2021-12-01 11:54:36 - [MESSAGE][PASSED] - Keys 'ENTER + ' sent to object: 'Object Repository/Modulo Tarea Administracion Compensacion/Legalizar Licencia No Remunerada/input_Fecha 1_form_licenciaEmp'

2021-12-01 11:54:36 - [TEST_STEP][PASSED] - setText(findTestObject("Object Repository/Modulo Tarea Administracion Compensacion/Legalizar Licencia No Remunerada/input_Das Ausentismo_form_lice"), "2"): Text '2' is set on object 'Object Repository/Modulo Tarea Administracion Compensacion/Legalizar Licencia No Remunerada/input_Das Ausentismo_form_lice'

2021-12-01 11:54:37 - [MESSAGE][PASSED] - Text '2' is set on object 'Object Repository/Modulo Tarea Administracion Compensacion/Legalizar Licencia No Remunerada/input_Das Ausentismo_form_lice'

2021-12-01 11:54:37 - [TEST_STEP][PASSED] - setText(findTestObject("Object Repository/Modulo Tarea Administracion Compensacion/Legalizar Licencia No Remunerada/input_Fecha 1_form_licenciaEmp_11"), "28/02/2021"): Text '28/02/2021' is set on object 'Object Repository/Modulo Tarea Administracion Compensacion/Legalizar Licencia No Remunerada/input_Fecha 1_form_licenciaEmp_11'

2021-12-01 11:54:38 - [MESSAGE][PASSED] - Text '28/02/2021' is set on object 'Object Repository/Modulo Tarea Administracion Compensacion/Legalizar Licencia No Remunerada/input_Fecha 1_form_licenciaEmp_11'

2021-12-01 11:54:38 - [TEST_STEP][PASSED] - sendKeys(findTestObject("Object Repository/Modulo Tarea Administracion Compensacion/Legalizar Licencia No Remunerada/input_Fecha 1_form_licenciaEmp_11"), Keys.chord(ENTER)): Keys 'ENTER + ' sent to object: 'Object Repository/Modulo Tarea Administracion Compensacion/Legalizar Licencia No Remunerada/input_Fecha 1_form_licenciaEmp_11'

2021-12-01 11:54:39 - [MESSAGE][PASSED] - Keys 'ENTER + ' sent to object: 'Object Repository/Modulo Tarea Administracion Compensacion/Legalizar Licencia No Remunerada/input_Fecha 1_form_licenciaEmp_11'

2021-12-01 11:54:39 - [TEST_STEP][PASSED] - setText(findTestObject("Object Repository/Modulo Tarea Administracion Compensacion/Legalizar Licencia No Remunerada/textarea_Area_form_licenciaEmp"), "Prueba 2021"): Text 'Prueba 2021' is set on object 'Object Repository/Modulo Tarea Administracion Compensacion/Legalizar Licencia No Remunerada/textarea_Area_form_licenciaEmp'

2021-12-01 11:54:40 - [MESSAGE][PASSED] - Text 'Prueba 2021' is set on object 'Object Repository/Modulo Tarea Administracion Compensacion/Legalizar Licencia No Remunerada/textarea_Area_form_licenciaEmp'

2021-12-01 11:54:40 - [TEST_STEP][PASSED] - waitForElementClickable(findTestObject("Object Repository/Modulo Tarea Administracion Compensacion/Legalizar Licencia No Remunerada/textarea_Area_form_licenciaEmpleadotabs"), G_TimeOut): Object 'Object Repository/Modulo Tarea Administracion Compensacion/Legalizar Licencia No Remunerada/textarea_Area_form_licenciaEmpleadotabs' is clickable

2021-12-01 11:54:40 - [MESSAGE][PASSED] - Object 'Object Repository/Modulo Tarea Administracion Compensacion/Legalizar Licencia No Remunerada/textarea_Area_form_licenciaEmpleadotabs' is clickable

2021-12-01 11:54:40 - [TEST_STEP][PASSED] - setText(findTestObject("Object Repository/Modulo Tarea Administracion Compensacion/Legalizar Licencia No Remunerada/textarea_Area_form_licenciaEmpleadotabs"), "Prueba"): Text 'Prueba' is set on object 'Object Repository/Modulo Tarea Administracion Compensacion/Legalizar Licencia No Remunerada/textarea_Area_form_licenciaEmpleadotabs'

2021-12-01 11:54:41 - [MESSAGE][PASSED] - Text 'Prueba' is set on object 'Object Repository/Modulo Tarea Administracion Compensacion/Legalizar Licencia No Remunerada/textarea_Area_form_licenciaEmpleadotabs'

2021-12-01 11:54:41 - [TEST_STEP][PASSED] - waitForElementClickable(findTestObject("Object Repository/Modulo Tarea Administracion Compensacion/Legalizar Licencia No Remunerada/input_Horas adicionales_form_licenciaEmpleadotabs"), G_TimeOut): Object 'Object Repository/Modulo Tarea Administracion Compensacion/Legalizar Licencia No Remunerada/input_Horas adicionales_form_licenciaEmpleadotabs' is clickable

2021-12-01 11:54:41 - [MESSAGE][PASSED] - Object 'Object Repository/Modulo Tarea Administracion Compensacion/Legalizar Licencia No Remunerada/input_Horas adicionales_form_licenciaEmpleadotabs' is clickable

2021-12-01 11:54:41 - [TEST_STEP][PASSED] - setText(findTestObject("Object Repository/Modulo Tarea Administracion Compensacion/Legalizar Licencia No Remunerada/input_Horas adicionales_form_licenciaEmpleadotabs"), "0500"): Text '0500' is set on object 'Object Repository/Modulo Tarea Administracion Compensacion/Legalizar Licencia No Remunerada/input_Horas adicionales_form_licenciaEmpleadotabs'

2021-12-01 11:54:42 - [MESSAGE][PASSED] - Text '0500' is set on object 'Object Repository/Modulo Tarea Administracion Compensacion/Legalizar Licencia No Remunerada/input_Horas adicionales_form_licenciaEmpleadotabs'

2021-12-01 11:54:42 - [TEST_STEP][PASSED] - waitForElementClickable(findTestObject("Object Repository/Modulo Tarea Administracion Compensacion/Legalizar Licencia No Remunerada/a_Afiliacin Eps_form_licenciaEmpleadotabs"), G_TimeOut): Object 'Object Repository/Modulo Tarea Administracion Compensacion/Legalizar Licencia No Remunerada/a_Afiliacin Eps_form_licenciaEmpleadotabs' is clickable

2021-12-01 11:54:42 - [MESSAGE][PASSED] - Object 'Object Repository/Modulo Tarea Administracion Compensacion/Legalizar Licencia No Remunerada/a_Afiliacin Eps_form_licenciaEmpleadotabs' is clickable

2021-12-01 11:54:42 - [TEST_STEP][PASSED] - click(findTestObject("Object Repository/Modulo Tarea Administracion Compensacion/Legalizar Licencia No Remunerada/a_Afiliacin Eps_form_licenciaEmpleadotabs")): Object: 'Object Repository/Modulo Tarea Administracion Compensacion/Legalizar Licencia No Remunerada/a_Afiliacin Eps_form_licenciaEmpleadotabs' is clicked on

2021-12-01 11:54:43 - [MESSAGE][PASSED] - Object: 'Object Repository/Modulo Tarea Administracion Compensacion/Legalizar Licencia No Remunerada/a_Afiliacin Eps_form_licenciaEmpleadotabs' is clicked on

2021-12-01 11:54:43 - [TEST_STEP][PASSED] - delay(2): Delayed 2 second(s)

2021-12-01 11:54:45 - [MESSAGE][PASSED] - Delayed 2 second(s)

2021-12-01 11:54:45 - [TEST_STEP][PASSED] - waitForElementClickable(findTestObject("Object Repository/Modulo Tarea Administracion Compensacion/Legalizar Licencia No Remunerada/td_Se ha cargado el archivo"), G_TimeOut): Web element with id: 'Object Repository/Modulo Tarea Administracion Compensacion/Legalizar Licencia No Remunerada/td_Se ha cargado el archivo' located by '//div[@id='popupDocumentoNovedad_form:j_idt1060_content']/div[2]/table/tbody/tr[2]/td[2]' not found

2021-12-01 11:54:56 - [MESSAGE][INFO] - Unable to find the element located by 'By.xpath: //div[@id='popupDocumentoNovedad_form:j_idt1060_content']/div[2]/table/tbody/tr[2]/td[2]'. Please recheck the objects properties to make sure the desired element is located. 

2021-12-01 11:54:56 - [MESSAGE][WARNING] - Web element with id: 'Object Repository/Modulo Tarea Administracion Compensacion/Legalizar Licencia No Remunerada/td_Se ha cargado el archivo' located by '//div[@id='popupDocumentoNovedad_form:j_idt1060_content']/div[2]/table/tbody/tr[2]/td[2]' not found

2021-12-01 11:54:56 - [TEST_STEP][PASSED] - click(findTestObject("Object Repository/Modulo Tarea Administracion Compensacion/Legalizar Licencia No Remunerada/Page_SARA/div_Se ha cargado el archivo_ui-fileupload-_55cbf6")): Object: 'Object Repository/Modulo Tarea Administracion Compensacion/Legalizar Licencia No Remunerada/Page_SARA/div_Se ha cargado el archivo_ui-fileupload-_55cbf6' is clicked on

2021-12-01 11:54:56 - [MESSAGE][PASSED] - Object: 'Object Repository/Modulo Tarea Administracion Compensacion/Legalizar Licencia No Remunerada/Page_SARA/div_Se ha cargado el archivo_ui-fileupload-_55cbf6' is clicked on

2021-12-01 11:54:56 - [TEST_STEP][PASSED] - delay(2): Delayed 2 second(s)

2021-12-01 11:54:58 - [MESSAGE][PASSED] - Delayed 2 second(s)

2021-12-01 11:54:58 - [TEST_STEP][PASSED] - ruta = G_rutaarchivos + "ArchivoPlanoLiquidacionNomina.txt": null

2021-12-01 11:54:58 - [TEST_STEP][PASSED] - uploadFile(findTestObject("Modulo Tarea Administracion Compensacion/Legalizar Licencia No Remunerada/input_Se ha cargado el archivo_popupDocumento"), ruta): File 'E:\unionweb14\ArchivoPlanoLiquidacionNomina.txt' sent to object: 'Object Repository/Modulo Tarea Administracion Compensacion/Legalizar Licencia No Remunerada/input_Se ha cargado el archivo_popupDocumento'

2021-12-01 11:54:59 - [MESSAGE][PASSED] - File 'E:\unionweb14\ArchivoPlanoLiquidacionNomina.txt' sent to object: 'Object Repository/Modulo Tarea Administracion Compensacion/Legalizar Licencia No Remunerada/input_Se ha cargado el archivo_popupDocumento'

2021-12-01 11:54:59 - [TEST_STEP][PASSED] - waitForElementClickable(findTestObject("Modulo Tarea Administracion Compensacion/Legalizar Licencia No Remunerada/input_Vigencia_popupDocumentoNovedad_formvigencia_input"), 0): Object 'Object Repository/Modulo Tarea Administracion Compensacion/Legalizar Licencia No Remunerada/input_Vigencia_popupDocumentoNovedad_formvigencia_input' is clickable

2021-12-01 11:54:59 - [MESSAGE][WARNING] - Timeout '0' is invalid. Using default page load timeout: '30'

2021-12-01 11:55:00 - [MESSAGE][PASSED] - Object 'Object Repository/Modulo Tarea Administracion Compensacion/Legalizar Licencia No Remunerada/input_Vigencia_popupDocumentoNovedad_formvigencia_input' is clickable

2021-12-01 11:55:00 - [TEST_STEP][PASSED] - setText(findTestObject("Modulo Tarea Administracion Compensacion/Legalizar Licencia No Remunerada/input_Vigencia_popupDocumentoNovedad_formvigencia_input"), "01/12/2021"): Text '01/12/2021' is set on object 'Object Repository/Modulo Tarea Administracion Compensacion/Legalizar Licencia No Remunerada/input_Vigencia_popupDocumentoNovedad_formvigencia_input'

2021-12-01 11:55:01 - [MESSAGE][PASSED] - Text '01/12/2021' is set on object 'Object Repository/Modulo Tarea Administracion Compensacion/Legalizar Licencia No Remunerada/input_Vigencia_popupDocumentoNovedad_formvigencia_input'

2021-12-01 11:55:01 - [TEST_STEP][PASSED] - sendKeys(findTestObject("Modulo Tarea Administracion Compensacion/Legalizar Licencia No Remunerada/input_Vigencia_popupDocumentoNovedad_formvigencia_input"), Keys.chord(ESCAPE)): Keys 'ESCAPE + ' sent to object: 'Object Repository/Modulo Tarea Administracion Compensacion/Legalizar Licencia No Remunerada/input_Vigencia_popupDocumentoNovedad_formvigencia_input'

2021-12-01 11:55:02 - [MESSAGE][PASSED] - Keys 'ESCAPE + ' sent to object: 'Object Repository/Modulo Tarea Administracion Compensacion/Legalizar Licencia No Remunerada/input_Vigencia_popupDocumentoNovedad_formvigencia_input'

2021-12-01 11:55:02 - [TEST_STEP][PASSED] - setText(findTestObject("Modulo Tarea Administracion Compensacion/Legalizar Licencia No Remunerada/textarea_Observacin_popupDocumentoNovedad_formobservacion"), "PRUEBA"): Text 'PRUEBA' is set on object 'Object Repository/Modulo Tarea Administracion Compensacion/Legalizar Licencia No Remunerada/textarea_Observacin_popupDocumentoNovedad_formobservacion'

2021-12-01 11:55:02 - [MESSAGE][PASSED] - Text 'PRUEBA' is set on object 'Object Repository/Modulo Tarea Administracion Compensacion/Legalizar Licencia No Remunerada/textarea_Observacin_popupDocumentoNovedad_formobservacion'

2021-12-01 11:55:02 - [TEST_STEP][PASSED] - click(findTestObject("Modulo Tarea Administracion Compensacion/Legalizar Licencia No Remunerada/a_Guardar_archivo")): Object: 'Object Repository/Modulo Tarea Administracion Compensacion/Legalizar Licencia No Remunerada/a_Guardar_archivo' is clicked on

2021-12-01 11:55:03 - [MESSAGE][PASSED] - Object: 'Object Repository/Modulo Tarea Administracion Compensacion/Legalizar Licencia No Remunerada/a_Guardar_archivo' is clicked on

2021-12-01 11:55:03 - [TEST_STEP][PASSED] - click(findTestObject("Modulo Tarea Administracion Compensacion/Legalizar Licencia No Remunerada/a_Guardar_1")): Object: 'Object Repository/Modulo Tarea Administracion Compensacion/Legalizar Licencia No Remunerada/a_Guardar_1' is clicked on

2021-12-01 11:55:03 - [MESSAGE][PASSED] - Object: 'Object Repository/Modulo Tarea Administracion Compensacion/Legalizar Licencia No Remunerada/a_Guardar_1' is clicked on

2021-12-01 11:55:03 - [TEST_STEP][PASSED] - closeBrowser(): Browser is closed

2021-12-01 11:55:04 - [MESSAGE][PASSED] - Browser is closed]]></system-out>
         <system-err><![CDATA[]]></system-err>
      </testcase>
      <testcase name="Test Cases/1.1-Tareas Principales/1.2.3-Legalizar Licencia Remunerada" time="40.577" classname="Test Cases/1.1-Tareas Principales/1.2.3-Legalizar Licencia Remunerada" status="PASSED">
         <system-out><![CDATA[2021-12-01 11:55:04 - [TEST_CASE][PASSED] - Test Cases/1.1-Tareas Principales/1.2.3-Legalizar Licencia Remunerada: Test Cases/1.1-Tareas Principales/1.2.3-Legalizar Licencia Remunerada

2021-12-01 11:55:05 - [TEST_STEP][PASSED] - callTestCase(findTestCase("Hutilidades/Tareas Administracion Compensacion/Tarea Listado Empleados"), [:], STOP_ON_FAILURE): Call Test Case 'Test Cases/Hutilidades/Tareas Administracion Compensacion/Tarea Listado Empleados' successfully

2021-12-01 11:55:05 - [TEST_CASE][PASSED] - Test Cases/Hutilidades/Tareas Administracion Compensacion/Tarea Listado Empleados: Test Cases/Hutilidades/Tareas Administracion Compensacion/Tarea Listado Empleados

2021-12-01 11:55:05 - [TEST_STEP][PASSED] - callTestCase(findTestCase("0.1-Login"), [:], STOP_ON_FAILURE): Call Test Case 'Test Cases/0.1-Login' successfully

2021-12-01 11:55:05 - [TEST_CASE][PASSED] - Test Cases/0.1-Login: Test Cases/0.1-Login

2021-12-01 11:55:05 - [TEST_STEP][PASSED] - openBrowser(""): Browser is opened with url: ''

2021-12-01 11:55:05 - [MESSAGE][INFO] - Starting 'Chrome' driver

2021-12-01 11:55:05 - [MESSAGE][INFO] - Action delay is set to 0 milliseconds

2021-12-01 11:55:06 - [MESSAGE][PASSED] - Browser is opened with url: ''

2021-12-01 11:55:06 - [TEST_STEP][PASSED] - maximizeWindow(): Current window maximized

2021-12-01 11:55:06 - [MESSAGE][PASSED] - Current window maximized

2021-12-01 11:55:06 - [TEST_STEP][PASSED] - i = G_Login: null

2021-12-01 11:55:06 - [TEST_STEP][PASSED] - url = new java.net.URL(i): null

2021-12-01 11:55:06 - [TEST_STEP][PASSED] - println("URL: " + url.toString()): null

2021-12-01 11:55:06 - [TEST_STEP][PASSED] - connection = url.openConnection(): null

2021-12-01 11:55:06 - [TEST_STEP][PASSED] - connection.setRequestMethod("GET"): null

2021-12-01 11:55:06 - [TEST_STEP][PASSED] - connection.setReadTimeout(2 * 1000): null

2021-12-01 11:55:06 - [TEST_STEP][PASSED] - try: null

2021-12-01 11:55:06 - [TEST_STEP][PASSED] - connection.connect(): null

2021-12-01 11:55:06 - [TEST_STEP][PASSED] - flag = connected: null

2021-12-01 11:55:06 - [TEST_STEP][PASSED] - println("Valor_ori: " + flag): null

2021-12-01 11:55:06 - [TEST_STEP][PASSED] - if (flag): null

2021-12-01 11:55:06 - [TEST_STEP][PASSED] - navigateToUrl(i): Navigate to 'http://localhost:8380/saraweb/' successfully

2021-12-01 11:55:07 - [MESSAGE][PASSED] - Navigate to 'http://localhost:8380/saraweb/' successfully

2021-12-01 11:55:07 - [TEST_STEP][PASSED] - a(): null

2021-12-01 11:55:07 - [TEST_STEP][PASSED] - setText(findTestObject("Login/input_USUARIO_loginusuario"), G_Usuario): Text 'saraadmin' is set on object 'Object Repository/Login/input_USUARIO_loginusuario'

2021-12-01 11:55:08 - [MESSAGE][PASSED] - Text 'saraadmin' is set on object 'Object Repository/Login/input_USUARIO_loginusuario'

2021-12-01 11:55:08 - [TEST_STEP][PASSED] - setEncryptedText(findTestObject("Login/input_CLAVE_loginpassword"), "MkG4/TYiCFC3cb2driP7+Q=="): Text ****** has been set on object 'Object Repository/Login/input_CLAVE_loginpassword'

2021-12-01 11:55:08 - [MESSAGE][PASSED] - Text ****** has been set on object 'Object Repository/Login/input_CLAVE_loginpassword'

2021-12-01 11:55:08 - [TEST_STEP][PASSED] - waitForElementClickable(findTestObject("Login/a_Ingresar"), G_TimeOut): Object 'Object Repository/Login/a_Ingresar' is clickable

2021-12-01 11:55:09 - [MESSAGE][PASSED] - Object 'Object Repository/Login/a_Ingresar' is clickable

2021-12-01 11:55:09 - [TEST_STEP][PASSED] - click(findTestObject("Login/a_Ingresar")): Object: 'Object Repository/Login/a_Ingresar' is clicked on

2021-12-01 11:55:13 - [MESSAGE][PASSED] - Object: 'Object Repository/Login/a_Ingresar' is clicked on

2021-12-01 11:55:13 - [TEST_STEP][PASSED] - element = findWebElement(findTestObject("Login/a_Ir"), 30): null

2021-12-01 11:55:14 - [TEST_STEP][PASSED] - executeJavaScript("arguments[0].click()", Arrays.asList(element)): Execute JavaScript 'arguments[0].click()' successfully

2021-12-01 11:55:14 - [MESSAGE][PASSED] - Execute JavaScript 'arguments[0].click()' successfully

2021-12-01 11:55:14 - [MESSAGE][PASSED] - Call Test Case 'Test Cases/0.1-Login' successfully

2021-12-01 11:55:14 - [TEST_STEP][PASSED] - setText(findTestObject("Modulo Tarea Listado Hojas de Vida/Tareas Listado Hojas de Vida/input_Listado Hojas De Vida_form_templatej_idt24_input"), "Listado de Empleados"): Text 'Listado de Empleados' is set on object 'Object Repository/Modulo Tarea Listado Hojas de Vida/Tareas Listado Hojas de Vida/input_Listado Hojas De Vida_form_templatej_idt24_input'

2021-12-01 11:55:15 - [MESSAGE][PASSED] - Text 'Listado de Empleados' is set on object 'Object Repository/Modulo Tarea Listado Hojas de Vida/Tareas Listado Hojas de Vida/input_Listado Hojas De Vida_form_templatej_idt24_input'

2021-12-01 11:55:15 - [TEST_STEP][PASSED] - delay(3): Delayed 3 second(s)

2021-12-01 11:55:18 - [MESSAGE][PASSED] - Delayed 3 second(s)

2021-12-01 11:55:18 - [TEST_STEP][PASSED] - sendKeys(findTestObject("Modulo Tarea Listado Hojas de Vida/Tareas Listado Hojas de Vida/input_Listado Hojas De Vida_form_templatej_idt24_input"), Keys.chord(ENTER)): Keys 'ENTER + ' sent to object: 'Object Repository/Modulo Tarea Listado Hojas de Vida/Tareas Listado Hojas de Vida/input_Listado Hojas De Vida_form_templatej_idt24_input'

2021-12-01 11:55:18 - [MESSAGE][PASSED] - Keys 'ENTER + ' sent to object: 'Object Repository/Modulo Tarea Listado Hojas de Vida/Tareas Listado Hojas de Vida/input_Listado Hojas De Vida_form_templatej_idt24_input'

2021-12-01 11:55:18 - [MESSAGE][PASSED] - Call Test Case 'Test Cases/Hutilidades/Tareas Administracion Compensacion/Tarea Listado Empleados' successfully

2021-12-01 11:55:18 - [TEST_STEP][PASSED] - waitForElementClickable(findTestObject("Modulo Tarea Administracion Compensacion/Legalizar licencia Remunerada/input_Identificacin_listadoEmp"), 0): Object 'Object Repository/Modulo Tarea Administracion Compensacion/Legalizar licencia Remunerada/input_Identificacin_listadoEmp' is clickable

2021-12-01 11:55:18 - [MESSAGE][WARNING] - Timeout '0' is invalid. Using default page load timeout: '30'

2021-12-01 11:55:20 - [MESSAGE][PASSED] - Object 'Object Repository/Modulo Tarea Administracion Compensacion/Legalizar licencia Remunerada/input_Identificacin_listadoEmp' is clickable

2021-12-01 11:55:20 - [TEST_STEP][PASSED] - setText(findTestObject("Modulo Tarea Administracion Compensacion/Legalizar licencia Remunerada/input_Identificacin_listadoEmp"), "354968431354"): Text '354968431354' is set on object 'Object Repository/Modulo Tarea Administracion Compensacion/Legalizar licencia Remunerada/input_Identificacin_listadoEmp'

2021-12-01 11:55:21 - [MESSAGE][PASSED] - Text '354968431354' is set on object 'Object Repository/Modulo Tarea Administracion Compensacion/Legalizar licencia Remunerada/input_Identificacin_listadoEmp'

2021-12-01 11:55:21 - [TEST_STEP][PASSED] - sendKeys(findTestObject("Modulo Tarea Administracion Compensacion/Legalizar licencia Remunerada/input_Identificacin_listadoEmp"), Keys.chord(ENTER)): Keys 'ENTER + ' sent to object: 'Object Repository/Modulo Tarea Administracion Compensacion/Legalizar licencia Remunerada/input_Identificacin_listadoEmp'

2021-12-01 11:55:21 - [MESSAGE][PASSED] - Keys 'ENTER + ' sent to object: 'Object Repository/Modulo Tarea Administracion Compensacion/Legalizar licencia Remunerada/input_Identificacin_listadoEmp'

2021-12-01 11:55:21 - [TEST_STEP][PASSED] - click(findTestObject("Modulo Tarea Administracion Compensacion/Legalizar licencia Remunerada/span_CONSTA BELFEGORD JHON")): Object: 'Object Repository/Modulo Tarea Administracion Compensacion/Legalizar licencia Remunerada/span_CONSTA BELFEGORD JHON' is clicked on

2021-12-01 11:55:22 - [MESSAGE][PASSED] - Object: 'Object Repository/Modulo Tarea Administracion Compensacion/Legalizar licencia Remunerada/span_CONSTA BELFEGORD JHON' is clicked on

2021-12-01 11:55:22 - [TEST_STEP][PASSED] - click(findTestObject("Modulo Tarea Administracion Compensacion/Legalizar licencia Remunerada/span_Licencia")): Object: 'Object Repository/Modulo Tarea Administracion Compensacion/Legalizar licencia Remunerada/span_Licencia' is clicked on

2021-12-01 11:55:23 - [MESSAGE][PASSED] - Object: 'Object Repository/Modulo Tarea Administracion Compensacion/Legalizar licencia Remunerada/span_Licencia' is clicked on

2021-12-01 11:55:23 - [TEST_STEP][PASSED] - if (waitForElementClickable(findTestObject("Modulo Tarea Administracion Compensacion/Legalizar licencia Remunerada/td_Licencia Remunerada"), 1)): Web element with id: 'Object Repository/Modulo Tarea Administracion Compensacion/Legalizar licencia Remunerada/td_Licencia Remunerada' located by '//*/text()[normalize-space(.)='Licencia Remunerada']/parent::*' not found

2021-12-01 11:55:25 - [MESSAGE][INFO] - Unable to find the element located by 'By.xpath: //*/text()[normalize-space(.)='Licencia Remunerada']/parent::*'. Please recheck the objects properties to make sure the desired element is located. 

2021-12-01 11:55:25 - [MESSAGE][WARNING] - Web element with id: 'Object Repository/Modulo Tarea Administracion Compensacion/Legalizar licencia Remunerada/td_Licencia Remunerada' located by '//*/text()[normalize-space(.)='Licencia Remunerada']/parent::*' not found

2021-12-01 11:55:25 - [TEST_STEP][PASSED] - waitForElementClickable(findTestObject("Modulo Tarea Administracion Compensacion/Legalizar licencia Remunerada/span_Nuevo"), 0): Object 'Object Repository/Modulo Tarea Administracion Compensacion/Legalizar licencia Remunerada/span_Nuevo' is clickable

2021-12-01 11:55:25 - [MESSAGE][WARNING] - Timeout '0' is invalid. Using default page load timeout: '30'

2021-12-01 11:55:25 - [MESSAGE][PASSED] - Object 'Object Repository/Modulo Tarea Administracion Compensacion/Legalizar licencia Remunerada/span_Nuevo' is clickable

2021-12-01 11:55:25 - [TEST_STEP][PASSED] - click(findTestObject("Modulo Tarea Administracion Compensacion/Legalizar licencia Remunerada/span_Nuevo")): Object: 'Object Repository/Modulo Tarea Administracion Compensacion/Legalizar licencia Remunerada/span_Nuevo' is clicked on

2021-12-01 11:55:26 - [MESSAGE][PASSED] - Object: 'Object Repository/Modulo Tarea Administracion Compensacion/Legalizar licencia Remunerada/span_Nuevo' is clicked on

2021-12-01 11:55:26 - [TEST_STEP][PASSED] - click(findTestObject("Modulo Tarea Administracion Compensacion/Legalizar licencia Remunerada/span_LICENCIA REMUNERADA")): Object: 'Object Repository/Modulo Tarea Administracion Compensacion/Legalizar licencia Remunerada/span_LICENCIA REMUNERADA' is clicked on

2021-12-01 11:55:27 - [MESSAGE][PASSED] - Object: 'Object Repository/Modulo Tarea Administracion Compensacion/Legalizar licencia Remunerada/span_LICENCIA REMUNERADA' is clicked on

2021-12-01 11:55:27 - [TEST_STEP][PASSED] - click(findTestObject("Modulo Tarea Administracion Compensacion/Legalizar licencia Remunerada/a_Histrico")): Object: 'Object Repository/Modulo Tarea Administracion Compensacion/Legalizar licencia Remunerada/a_Histrico' is clicked on

2021-12-01 11:55:29 - [MESSAGE][PASSED] - Object: 'Object Repository/Modulo Tarea Administracion Compensacion/Legalizar licencia Remunerada/a_Histrico' is clicked on

2021-12-01 11:55:29 - [TEST_STEP][PASSED] - if (waitForElementClickable(findTestObject("Modulo Tarea Administracion Compensacion/Legalizar licencia Remunerada/span_Licencia Remunerada_Historico"), 1)): null

2021-12-01 11:55:30 - [MESSAGE][PASSED] - Object 'Object Repository/Modulo Tarea Administracion Compensacion/Legalizar licencia Remunerada/span_Licencia Remunerada_Historico' is clickable

2021-12-01 11:55:30 - [TEST_STEP][PASSED] - click(findTestObject("Modulo Tarea Administracion Compensacion/Legalizar licencia Remunerada/span_Licencia Remunerada_Historico")): Object: 'Object Repository/Modulo Tarea Administracion Compensacion/Legalizar licencia Remunerada/span_Licencia Remunerada_Historico' is clicked on

2021-12-01 11:55:30 - [MESSAGE][PASSED] - Object: 'Object Repository/Modulo Tarea Administracion Compensacion/Legalizar licencia Remunerada/span_Licencia Remunerada_Historico' is clicked on

2021-12-01 11:55:30 - [TEST_STEP][PASSED] - click(findTestObject("Modulo Tarea Administracion Compensacion/Legalizar licencia Remunerada/a_Eliminar_Historico")): Object: 'Object Repository/Modulo Tarea Administracion Compensacion/Legalizar licencia Remunerada/a_Eliminar_Historico' is clicked on

2021-12-01 11:55:32 - [MESSAGE][PASSED] - Object: 'Object Repository/Modulo Tarea Administracion Compensacion/Legalizar licencia Remunerada/a_Eliminar_Historico' is clicked on

2021-12-01 11:55:32 - [TEST_STEP][PASSED] - click(findTestObject("Modulo Tarea Administracion Compensacion/Legalizar licencia Remunerada/a_Aceptar_Eliminar Historico")): Object: 'Object Repository/Modulo Tarea Administracion Compensacion/Legalizar licencia Remunerada/a_Aceptar_Eliminar Historico' is clicked on

2021-12-01 11:55:35 - [MESSAGE][PASSED] - Object: 'Object Repository/Modulo Tarea Administracion Compensacion/Legalizar licencia Remunerada/a_Aceptar_Eliminar Historico' is clicked on

2021-12-01 11:55:35 - [TEST_STEP][PASSED] - waitForElementClickable(findTestObject("Modulo Tarea Administracion Compensacion/Legalizar licencia Remunerada/a_Licencia_Pestaa"), 0): Object 'Object Repository/Modulo Tarea Administracion Compensacion/Legalizar licencia Remunerada/a_Licencia_Pestaa' is clickable

2021-12-01 11:55:35 - [MESSAGE][WARNING] - Timeout '0' is invalid. Using default page load timeout: '30'

2021-12-01 11:55:35 - [MESSAGE][PASSED] - Object 'Object Repository/Modulo Tarea Administracion Compensacion/Legalizar licencia Remunerada/a_Licencia_Pestaa' is clickable

2021-12-01 11:55:35 - [TEST_STEP][PASSED] - click(findTestObject("Modulo Tarea Administracion Compensacion/Legalizar licencia Remunerada/a_Licencia_Pestaa")): Object: 'Object Repository/Modulo Tarea Administracion Compensacion/Legalizar licencia Remunerada/a_Licencia_Pestaa' is clicked on

2021-12-01 11:55:36 - [MESSAGE][PASSED] - Object: 'Object Repository/Modulo Tarea Administracion Compensacion/Legalizar licencia Remunerada/a_Licencia_Pestaa' is clicked on

2021-12-01 11:55:36 - [TEST_STEP][PASSED] - if (waitForElementClickable(findTestObject("Modulo Tarea Administracion Compensacion/Legalizar licencia Remunerada/span_Nuevo"), 1)): null

2021-12-01 11:55:36 - [MESSAGE][PASSED] - Object 'Object Repository/Modulo Tarea Administracion Compensacion/Legalizar licencia Remunerada/span_Nuevo' is clickable

2021-12-01 11:55:36 - [TEST_STEP][PASSED] - click(findTestObject("Modulo Tarea Administracion Compensacion/Legalizar licencia Remunerada/span_Nuevo")): Object: 'Object Repository/Modulo Tarea Administracion Compensacion/Legalizar licencia Remunerada/span_Nuevo' is clicked on

2021-12-01 11:55:37 - [MESSAGE][PASSED] - Object: 'Object Repository/Modulo Tarea Administracion Compensacion/Legalizar licencia Remunerada/span_Nuevo' is clicked on

2021-12-01 11:55:37 - [TEST_STEP][PASSED] - click(findTestObject("Modulo Tarea Administracion Compensacion/Legalizar licencia Remunerada/span_LICENCIA REMUNERADA")): Object: 'Object Repository/Modulo Tarea Administracion Compensacion/Legalizar licencia Remunerada/span_LICENCIA REMUNERADA' is clicked on

2021-12-01 11:55:37 - [MESSAGE][PASSED] - Object: 'Object Repository/Modulo Tarea Administracion Compensacion/Legalizar licencia Remunerada/span_LICENCIA REMUNERADA' is clicked on

2021-12-01 11:55:37 - [TEST_STEP][PASSED] - click(findTestObject("Modulo Tarea Administracion Compensacion/Legalizar licencia Remunerada/input_Prorroga_form_licenciaEm")): Object: 'Object Repository/Modulo Tarea Administracion Compensacion/Legalizar licencia Remunerada/input_Prorroga_form_licenciaEm' is clicked on

2021-12-01 11:55:38 - [MESSAGE][PASSED] - Object: 'Object Repository/Modulo Tarea Administracion Compensacion/Legalizar licencia Remunerada/input_Prorroga_form_licenciaEm' is clicked on

2021-12-01 11:55:38 - [TEST_STEP][PASSED] - setText(findTestObject("Modulo Tarea Administracion Compensacion/Legalizar licencia Remunerada/input_Fecha Salida_form_licenc"), "01/12/2018"): Text '01/12/2018' is set on object 'Object Repository/Modulo Tarea Administracion Compensacion/Legalizar licencia Remunerada/input_Fecha Salida_form_licenc'

2021-12-01 11:55:39 - [MESSAGE][PASSED] - Text '01/12/2018' is set on object 'Object Repository/Modulo Tarea Administracion Compensacion/Legalizar licencia Remunerada/input_Fecha Salida_form_licenc'

2021-12-01 11:55:39 - [TEST_STEP][PASSED] - setText(findTestObject("Modulo Tarea Administracion Compensacion/Legalizar licencia Remunerada/input_Das Ausentismo_form_lice"), "2"): Text '2' is set on object 'Object Repository/Modulo Tarea Administracion Compensacion/Legalizar licencia Remunerada/input_Das Ausentismo_form_lice'

2021-12-01 11:55:40 - [MESSAGE][PASSED] - Text '2' is set on object 'Object Repository/Modulo Tarea Administracion Compensacion/Legalizar licencia Remunerada/input_Das Ausentismo_form_lice'

2021-12-01 11:55:40 - [TEST_STEP][PASSED] - setText(findTestObject("Modulo Tarea Administracion Compensacion/Legalizar licencia Remunerada/input_Fecha Salida Nomina_form"), "31/01/2019"): Text '31/01/2019' is set on object 'Object Repository/Modulo Tarea Administracion Compensacion/Legalizar licencia Remunerada/input_Fecha Salida Nomina_form'

2021-12-01 11:55:41 - [MESSAGE][PASSED] - Text '31/01/2019' is set on object 'Object Repository/Modulo Tarea Administracion Compensacion/Legalizar licencia Remunerada/input_Fecha Salida Nomina_form'

2021-12-01 11:55:41 - [TEST_STEP][PASSED] - setText(findTestObject("Modulo Tarea Administracion Compensacion/Legalizar licencia Remunerada/textarea_Observacin_form_licen"), "aaaaaa"): Text 'aaaaaa' is set on object 'Object Repository/Modulo Tarea Administracion Compensacion/Legalizar licencia Remunerada/textarea_Observacin_form_licen'

2021-12-01 11:55:42 - [MESSAGE][PASSED] - Text 'aaaaaa' is set on object 'Object Repository/Modulo Tarea Administracion Compensacion/Legalizar licencia Remunerada/textarea_Observacin_form_licen'

2021-12-01 11:55:42 - [TEST_STEP][PASSED] - setText(findTestObject("Modulo Tarea Administracion Compensacion/Legalizar licencia Remunerada/input_Fecha 1_form_licenciaEmp"), "31/01/2019"): Text '31/01/2019' is set on object 'Object Repository/Modulo Tarea Administracion Compensacion/Legalizar licencia Remunerada/input_Fecha 1_form_licenciaEmp'

2021-12-01 11:55:43 - [MESSAGE][PASSED] - Text '31/01/2019' is set on object 'Object Repository/Modulo Tarea Administracion Compensacion/Legalizar licencia Remunerada/input_Fecha 1_form_licenciaEmp'

2021-12-01 11:55:43 - [TEST_STEP][PASSED] - sendKeys(findTestObject("Modulo Tarea Administracion Compensacion/Legalizar licencia Remunerada/input_Fecha 1_form_licenciaEmp"), Keys.chord(ESCAPE)): Keys 'ESCAPE + ' sent to object: 'Object Repository/Modulo Tarea Administracion Compensacion/Legalizar licencia Remunerada/input_Fecha 1_form_licenciaEmp'

2021-12-01 11:55:44 - [MESSAGE][PASSED] - Keys 'ESCAPE + ' sent to object: 'Object Repository/Modulo Tarea Administracion Compensacion/Legalizar licencia Remunerada/input_Fecha 1_form_licenciaEmp'

2021-12-01 11:55:44 - [TEST_STEP][PASSED] - click(findTestObject("Modulo Tarea Administracion Compensacion/Legalizar licencia Remunerada/span_Guardar Legalizar")): Object: 'Object Repository/Modulo Tarea Administracion Compensacion/Legalizar licencia Remunerada/span_Guardar Legalizar' is clicked on

2021-12-01 11:55:44 - [MESSAGE][PASSED] - Object: 'Object Repository/Modulo Tarea Administracion Compensacion/Legalizar licencia Remunerada/span_Guardar Legalizar' is clicked on

2021-12-01 11:55:44 - [TEST_STEP][PASSED] - getText(findTestObject("Alerta/Alerta")): Text of object 'Object Repository/Alerta/Alerta' is: 'Se modifico exitosamente su solicitud'

2021-12-01 11:55:45 - [MESSAGE][PASSED] - Text of object 'Object Repository/Alerta/Alerta' is: 'Se modifico exitosamente su solicitud']]></system-out>
         <system-err><![CDATA[]]></system-err>
      </testcase>
      <testcase name="Test Cases/1.1-Tareas Principales/1.7.2 Crear Histórica Incapacidad" time="42.289" classname="Test Cases/1.1-Tareas Principales/1.7.2 Crear Histórica Incapacidad" status="PASSED">
         <system-out><![CDATA[2021-12-01 11:55:45 - [TEST_CASE][PASSED] - Test Cases/1.1-Tareas Principales/1.7.2 Crear Histórica Incapacidad: Test Cases/1.1-Tareas Principales/1.7.2 Crear Histórica Incapacidad

2021-12-01 11:55:45 - [TEST_STEP][PASSED] - callTestCase(findTestCase("0.1-Login"), [:], STOP_ON_FAILURE): Call Test Case 'Test Cases/0.1-Login' successfully

2021-12-01 11:55:45 - [TEST_CASE][PASSED] - Test Cases/0.1-Login: Test Cases/0.1-Login

2021-12-01 11:55:45 - [TEST_STEP][PASSED] - openBrowser(""): Browser is opened with url: ''

2021-12-01 11:55:45 - [MESSAGE][WARNING] - A browser is already opened. Closing browser and opening a new one

2021-12-01 11:55:46 - [MESSAGE][INFO] - Starting 'Chrome' driver

2021-12-01 11:55:46 - [MESSAGE][INFO] - Action delay is set to 0 milliseconds

2021-12-01 11:55:47 - [MESSAGE][PASSED] - Browser is opened with url: ''

2021-12-01 11:55:47 - [TEST_STEP][PASSED] - maximizeWindow(): Current window maximized

2021-12-01 11:55:48 - [MESSAGE][PASSED] - Current window maximized

2021-12-01 11:55:48 - [TEST_STEP][PASSED] - i = G_Login: null

2021-12-01 11:55:48 - [TEST_STEP][PASSED] - url = new java.net.URL(i): null

2021-12-01 11:55:48 - [TEST_STEP][PASSED] - println("URL: " + url.toString()): null

2021-12-01 11:55:48 - [TEST_STEP][PASSED] - connection = url.openConnection(): null

2021-12-01 11:55:48 - [TEST_STEP][PASSED] - connection.setRequestMethod("GET"): null

2021-12-01 11:55:48 - [TEST_STEP][PASSED] - connection.setReadTimeout(2 * 1000): null

2021-12-01 11:55:48 - [TEST_STEP][PASSED] - try: null

2021-12-01 11:55:48 - [TEST_STEP][PASSED] - connection.connect(): null

2021-12-01 11:55:48 - [TEST_STEP][PASSED] - flag = connected: null

2021-12-01 11:55:48 - [TEST_STEP][PASSED] - println("Valor_ori: " + flag): null

2021-12-01 11:55:48 - [TEST_STEP][PASSED] - if (flag): null

2021-12-01 11:55:48 - [TEST_STEP][PASSED] - navigateToUrl(i): Navigate to 'http://localhost:8380/saraweb/' successfully

2021-12-01 11:55:49 - [MESSAGE][PASSED] - Navigate to 'http://localhost:8380/saraweb/' successfully

2021-12-01 11:55:49 - [TEST_STEP][PASSED] - a(): null

2021-12-01 11:55:49 - [TEST_STEP][PASSED] - setText(findTestObject("Login/input_USUARIO_loginusuario"), G_Usuario): Text 'saraadmin' is set on object 'Object Repository/Login/input_USUARIO_loginusuario'

2021-12-01 11:55:50 - [MESSAGE][PASSED] - Text 'saraadmin' is set on object 'Object Repository/Login/input_USUARIO_loginusuario'

2021-12-01 11:55:50 - [TEST_STEP][PASSED] - setEncryptedText(findTestObject("Login/input_CLAVE_loginpassword"), "MkG4/TYiCFC3cb2driP7+Q=="): Text ****** has been set on object 'Object Repository/Login/input_CLAVE_loginpassword'

2021-12-01 11:55:51 - [MESSAGE][PASSED] - Text ****** has been set on object 'Object Repository/Login/input_CLAVE_loginpassword'

2021-12-01 11:55:51 - [TEST_STEP][PASSED] - waitForElementClickable(findTestObject("Login/a_Ingresar"), G_TimeOut): Object 'Object Repository/Login/a_Ingresar' is clickable

2021-12-01 11:55:51 - [MESSAGE][PASSED] - Object 'Object Repository/Login/a_Ingresar' is clickable

2021-12-01 11:55:51 - [TEST_STEP][PASSED] - click(findTestObject("Login/a_Ingresar")): Object: 'Object Repository/Login/a_Ingresar' is clicked on

2021-12-01 11:55:54 - [MESSAGE][PASSED] - Object: 'Object Repository/Login/a_Ingresar' is clicked on

2021-12-01 11:55:54 - [TEST_STEP][PASSED] - element = findWebElement(findTestObject("Login/a_Ir"), 30): null

2021-12-01 11:55:55 - [TEST_STEP][PASSED] - executeJavaScript("arguments[0].click()", Arrays.asList(element)): Execute JavaScript 'arguments[0].click()' successfully

2021-12-01 11:55:55 - [MESSAGE][PASSED] - Execute JavaScript 'arguments[0].click()' successfully

2021-12-01 11:55:55 - [MESSAGE][PASSED] - Call Test Case 'Test Cases/0.1-Login' successfully

2021-12-01 11:55:55 - [TEST_STEP][PASSED] - waitForElementClickable(findTestObject("Modulo Tarea Administracion Compensacion/Crear Histórica Incapacidad/input_ADMINISTRADOR DEL SISTEMA - SARA_form_templatej_idt24_input"), 0): Object 'Object Repository/Modulo Tarea Administracion Compensacion/Crear Histórica Incapacidad/input_ADMINISTRADOR DEL SISTEMA - SARA_form_templatej_idt24_input' is clickable

2021-12-01 11:55:55 - [MESSAGE][WARNING] - Timeout '0' is invalid. Using default page load timeout: '30'

2021-12-01 11:55:56 - [MESSAGE][PASSED] - Object 'Object Repository/Modulo Tarea Administracion Compensacion/Crear Histórica Incapacidad/input_ADMINISTRADOR DEL SISTEMA - SARA_form_templatej_idt24_input' is clickable

2021-12-01 11:55:56 - [TEST_STEP][PASSED] - setText(findTestObject("Modulo Tarea Administracion Compensacion/Crear Histórica Incapacidad/input_ADMINISTRADOR DEL SISTEMA - SARA_form_templatej_idt24_input"), "Listado de empleados"): Text 'Listado de empleados' is set on object 'Object Repository/Modulo Tarea Administracion Compensacion/Crear Histórica Incapacidad/input_ADMINISTRADOR DEL SISTEMA - SARA_form_templatej_idt24_input'

2021-12-01 11:55:56 - [MESSAGE][PASSED] - Text 'Listado de empleados' is set on object 'Object Repository/Modulo Tarea Administracion Compensacion/Crear Histórica Incapacidad/input_ADMINISTRADOR DEL SISTEMA - SARA_form_templatej_idt24_input'

2021-12-01 11:55:56 - [TEST_STEP][PASSED] - waitForElementClickable(findTestObject("Modulo Tarea Administracion Compensacion/Crear Histórica Incapacidad/span_Listado de Empleados"), 0): Object 'Object Repository/Modulo Tarea Administracion Compensacion/Crear Histórica Incapacidad/span_Listado de Empleados' is clickable

2021-12-01 11:55:56 - [MESSAGE][WARNING] - Timeout '0' is invalid. Using default page load timeout: '30'

2021-12-01 11:55:58 - [MESSAGE][PASSED] - Object 'Object Repository/Modulo Tarea Administracion Compensacion/Crear Histórica Incapacidad/span_Listado de Empleados' is clickable

2021-12-01 11:55:58 - [TEST_STEP][PASSED] - sendKeys(findTestObject("Modulo Tarea Administracion Compensacion/Crear Histórica Incapacidad/input_ADMINISTRADOR DEL SISTEMA - SARA_form_templatej_idt24_input"), Keys.chord(ENTER)): Keys 'ENTER + ' sent to object: 'Object Repository/Modulo Tarea Administracion Compensacion/Crear Histórica Incapacidad/input_ADMINISTRADOR DEL SISTEMA - SARA_form_templatej_idt24_input'

2021-12-01 11:55:58 - [MESSAGE][PASSED] - Keys 'ENTER + ' sent to object: 'Object Repository/Modulo Tarea Administracion Compensacion/Crear Histórica Incapacidad/input_ADMINISTRADOR DEL SISTEMA - SARA_form_templatej_idt24_input'

2021-12-01 11:55:58 - [TEST_STEP][PASSED] - setText(findTestObject("Modulo Tarea Administracion Compensacion/Crear Histórica Incapacidad/input_Identificacin_1234567890"), "1234567890"): Text '1234567890' is set on object 'Object Repository/Modulo Tarea Administracion Compensacion/Crear Histórica Incapacidad/input_Identificacin_1234567890'

2021-12-01 11:56:00 - [MESSAGE][PASSED] - Text '1234567890' is set on object 'Object Repository/Modulo Tarea Administracion Compensacion/Crear Histórica Incapacidad/input_Identificacin_1234567890'

2021-12-01 11:56:00 - [TEST_STEP][PASSED] - sendKeys(findTestObject("Modulo Tarea Administracion Compensacion/Crear Histórica Incapacidad/input_Identificacin_1234567890"), Keys.chord(ENTER)): Keys 'ENTER + ' sent to object: 'Object Repository/Modulo Tarea Administracion Compensacion/Crear Histórica Incapacidad/input_Identificacin_1234567890'

2021-12-01 11:56:00 - [MESSAGE][PASSED] - Keys 'ENTER + ' sent to object: 'Object Repository/Modulo Tarea Administracion Compensacion/Crear Histórica Incapacidad/input_Identificacin_1234567890'

2021-12-01 11:56:00 - [TEST_STEP][PASSED] - click(findTestObject("Modulo Tarea Administracion Compensacion/Crear Histórica Incapacidad/span_Gomez Jose")): Object: 'Object Repository/Modulo Tarea Administracion Compensacion/Crear Histórica Incapacidad/span_Gomez Jose' is clicked on

2021-12-01 11:56:01 - [MESSAGE][PASSED] - Object: 'Object Repository/Modulo Tarea Administracion Compensacion/Crear Histórica Incapacidad/span_Gomez Jose' is clicked on

2021-12-01 11:56:01 - [TEST_STEP][PASSED] - click(findTestObject("Modulo Tarea Administracion Compensacion/Crear Histórica Incapacidad/a_Incapacidad")): Object: 'Object Repository/Modulo Tarea Administracion Compensacion/Crear Histórica Incapacidad/a_Incapacidad' is clicked on

2021-12-01 11:56:02 - [MESSAGE][PASSED] - Object: 'Object Repository/Modulo Tarea Administracion Compensacion/Crear Histórica Incapacidad/a_Incapacidad' is clicked on

2021-12-01 11:56:02 - [TEST_STEP][PASSED] - waitForElementClickable(findTestObject("Modulo Tarea Administracion Compensacion/Crear Histórica Incapacidad/a_Histrico_Pestaa"), 0): Object 'Object Repository/Modulo Tarea Administracion Compensacion/Crear Histórica Incapacidad/a_Histrico_Pestaa' is clickable

2021-12-01 11:56:02 - [MESSAGE][WARNING] - Timeout '0' is invalid. Using default page load timeout: '30'

2021-12-01 11:56:03 - [MESSAGE][PASSED] - Object 'Object Repository/Modulo Tarea Administracion Compensacion/Crear Histórica Incapacidad/a_Histrico_Pestaa' is clickable

2021-12-01 11:56:03 - [TEST_STEP][PASSED] - click(findTestObject("Modulo Tarea Administracion Compensacion/Crear Histórica Incapacidad/a_Histrico_Pestaa")): Object: 'Object Repository/Modulo Tarea Administracion Compensacion/Crear Histórica Incapacidad/a_Histrico_Pestaa' is clicked on

2021-12-01 11:56:03 - [MESSAGE][PASSED] - Object: 'Object Repository/Modulo Tarea Administracion Compensacion/Crear Histórica Incapacidad/a_Histrico_Pestaa' is clicked on

2021-12-01 11:56:03 - [TEST_STEP][PASSED] - if (waitForElementClickable(findTestObject("Modulo Tarea Administracion Compensacion/Crear Histórica Incapacidad/span_Enfermedad General 21"), 1)): Web element with id: 'Object Repository/Modulo Tarea Administracion Compensacion/Crear Histórica Incapacidad/span_Enfermedad General 21' located by '//*/text()[normalize-space(.)='ENFERMEDAD GENERAL 21']/parent::*' not found

2021-12-01 11:56:05 - [MESSAGE][INFO] - Unable to find the element located by 'By.xpath: //*/text()[normalize-space(.)='ENFERMEDAD GENERAL 21']/parent::*'. Please recheck the objects properties to make sure the desired element is located. 

2021-12-01 11:56:05 - [MESSAGE][WARNING] - Web element with id: 'Object Repository/Modulo Tarea Administracion Compensacion/Crear Histórica Incapacidad/span_Enfermedad General 21' located by '//*/text()[normalize-space(.)='ENFERMEDAD GENERAL 21']/parent::*' not found

2021-12-01 11:56:05 - [TEST_STEP][PASSED] - click(findTestObject("Modulo Tarea Administracion Compensacion/Crear Histórica Incapacidad/a_Nuevo")): Object: 'Object Repository/Modulo Tarea Administracion Compensacion/Crear Histórica Incapacidad/a_Nuevo' is clicked on

2021-12-01 11:56:06 - [MESSAGE][PASSED] - Object: 'Object Repository/Modulo Tarea Administracion Compensacion/Crear Histórica Incapacidad/a_Nuevo' is clicked on

2021-12-01 11:56:06 - [TEST_STEP][PASSED] - waitForElementClickable(findTestObject("Modulo Tarea Administracion Compensacion/Crear Histórica Incapacidad/span_Enfermedad General 21"), 0): Object 'Object Repository/Modulo Tarea Administracion Compensacion/Crear Histórica Incapacidad/span_Enfermedad General 21' is clickable

2021-12-01 11:56:06 - [MESSAGE][WARNING] - Timeout '0' is invalid. Using default page load timeout: '30'

2021-12-01 11:56:07 - [MESSAGE][PASSED] - Object 'Object Repository/Modulo Tarea Administracion Compensacion/Crear Histórica Incapacidad/span_Enfermedad General 21' is clickable

2021-12-01 11:56:07 - [TEST_STEP][PASSED] - click(findTestObject("Modulo Tarea Administracion Compensacion/Crear Histórica Incapacidad/span_Enfermedad General 21")): Object: 'Object Repository/Modulo Tarea Administracion Compensacion/Crear Histórica Incapacidad/span_Enfermedad General 21' is clicked on

2021-12-01 11:56:07 - [MESSAGE][PASSED] - Object: 'Object Repository/Modulo Tarea Administracion Compensacion/Crear Histórica Incapacidad/span_Enfermedad General 21' is clicked on

2021-12-01 11:56:07 - [TEST_STEP][PASSED] - click(findTestObject("Modulo Tarea Administracion Compensacion/Crear Histórica Incapacidad/label_NO")): Object: 'Object Repository/Modulo Tarea Administracion Compensacion/Crear Histórica Incapacidad/label_NO' is clicked on

2021-12-01 11:56:10 - [MESSAGE][PASSED] - Object: 'Object Repository/Modulo Tarea Administracion Compensacion/Crear Histórica Incapacidad/label_NO' is clicked on

2021-12-01 11:56:10 - [TEST_STEP][PASSED] - setText(findTestObject("Modulo Tarea Administracion Compensacion/Crear Histórica Incapacidad/input_Salida"), "01/01/2021"): Text '01/01/2021' is set on object 'Object Repository/Modulo Tarea Administracion Compensacion/Crear Histórica Incapacidad/input_Salida'

2021-12-01 11:56:11 - [MESSAGE][PASSED] - Text '01/01/2021' is set on object 'Object Repository/Modulo Tarea Administracion Compensacion/Crear Histórica Incapacidad/input_Salida'

2021-12-01 11:56:11 - [TEST_STEP][PASSED] - setText(findTestObject("Modulo Tarea Administracion Compensacion/Crear Histórica Incapacidad/input_Termina"), "02/01/2021"): Text '02/01/2021' is set on object 'Object Repository/Modulo Tarea Administracion Compensacion/Crear Histórica Incapacidad/input_Termina'

2021-12-01 11:56:12 - [MESSAGE][PASSED] - Text '02/01/2021' is set on object 'Object Repository/Modulo Tarea Administracion Compensacion/Crear Histórica Incapacidad/input_Termina'

2021-12-01 11:56:12 - [TEST_STEP][PASSED] - setText(findTestObject("Modulo Tarea Administracion Compensacion/Crear Histórica Incapacidad/input_Regreso"), "03/01/2021"): Text '03/01/2021' is set on object 'Object Repository/Modulo Tarea Administracion Compensacion/Crear Histórica Incapacidad/input_Regreso'

2021-12-01 11:56:13 - [MESSAGE][PASSED] - Text '03/01/2021' is set on object 'Object Repository/Modulo Tarea Administracion Compensacion/Crear Histórica Incapacidad/input_Regreso'

2021-12-01 11:56:13 - [TEST_STEP][PASSED] - setText(findTestObject("Modulo Tarea Administracion Compensacion/Crear Histórica Incapacidad/input_Salida Nomina"), "28/02/2021"): Text '28/02/2021' is set on object 'Object Repository/Modulo Tarea Administracion Compensacion/Crear Histórica Incapacidad/input_Salida Nomina'

2021-12-01 11:56:14 - [MESSAGE][PASSED] - Text '28/02/2021' is set on object 'Object Repository/Modulo Tarea Administracion Compensacion/Crear Histórica Incapacidad/input_Salida Nomina'

2021-12-01 11:56:14 - [TEST_STEP][PASSED] - setText(findTestObject("Modulo Tarea Administracion Compensacion/Crear Histórica Incapacidad/input_Regreso Nomina"), "02/03/2021"): Text '02/03/2021' is set on object 'Object Repository/Modulo Tarea Administracion Compensacion/Crear Histórica Incapacidad/input_Regreso Nomina'

2021-12-01 11:56:15 - [MESSAGE][PASSED] - Text '02/03/2021' is set on object 'Object Repository/Modulo Tarea Administracion Compensacion/Crear Histórica Incapacidad/input_Regreso Nomina'

2021-12-01 11:56:15 - [TEST_STEP][PASSED] - setText(findTestObject("Modulo Tarea Administracion Compensacion/Crear Histórica Incapacidad/input_Reales"), "2"): Text '2' is set on object 'Object Repository/Modulo Tarea Administracion Compensacion/Crear Histórica Incapacidad/input_Reales'

2021-12-01 11:56:16 - [MESSAGE][PASSED] - Text '2' is set on object 'Object Repository/Modulo Tarea Administracion Compensacion/Crear Histórica Incapacidad/input_Reales'

2021-12-01 11:56:16 - [TEST_STEP][PASSED] - setText(findTestObject("Modulo Tarea Administracion Compensacion/Crear Histórica Incapacidad/input_Horas Adicionales"), "500"): Text '500' is set on object 'Object Repository/Modulo Tarea Administracion Compensacion/Crear Histórica Incapacidad/input_Horas Adicionales'

2021-12-01 11:56:17 - [MESSAGE][PASSED] - Text '500' is set on object 'Object Repository/Modulo Tarea Administracion Compensacion/Crear Histórica Incapacidad/input_Horas Adicionales'

2021-12-01 11:56:17 - [TEST_STEP][PASSED] - setText(findTestObject("Modulo Tarea Administracion Compensacion/Crear Histórica Incapacidad/input_Das Acumulados"), "0"): Text '0' is set on object 'Object Repository/Modulo Tarea Administracion Compensacion/Crear Histórica Incapacidad/input_Das Acumulados'

2021-12-01 11:56:18 - [MESSAGE][PASSED] - Text '0' is set on object 'Object Repository/Modulo Tarea Administracion Compensacion/Crear Histórica Incapacidad/input_Das Acumulados'

2021-12-01 11:56:18 - [TEST_STEP][PASSED] - setText(findTestObject("Modulo Tarea Administracion Compensacion/Crear Histórica Incapacidad/input_Inicio_form_incapacidadesEmpleadotabsIncapacidadestabfechaInicioIng_input"), "01/01/2021"): Text '01/01/2021' is set on object 'Object Repository/Modulo Tarea Administracion Compensacion/Crear Histórica Incapacidad/input_Inicio_form_incapacidadesEmpleadotabsIncapacidadestabfechaInicioIng_input'

2021-12-01 11:56:19 - [MESSAGE][PASSED] - Text '01/01/2021' is set on object 'Object Repository/Modulo Tarea Administracion Compensacion/Crear Histórica Incapacidad/input_Inicio_form_incapacidadesEmpleadotabsIncapacidadestabfechaInicioIng_input'

2021-12-01 11:56:19 - [TEST_STEP][PASSED] - selectOptionByIndex(findTestObject("Modulo Tarea Administracion Compensacion/Crear Histórica Incapacidad/select_Entidad"), "11"): All options with index in [11] are selected on object 'Object Repository/Modulo Tarea Administracion Compensacion/Crear Histórica Incapacidad/select_Entidad'

2021-12-01 11:56:20 - [MESSAGE][PASSED] - All options with index in [11] are selected on object 'Object Repository/Modulo Tarea Administracion Compensacion/Crear Histórica Incapacidad/select_Entidad'

2021-12-01 11:56:20 - [TEST_STEP][PASSED] - setText(findTestObject("Modulo Tarea Administracion Compensacion/Crear Histórica Incapacidad/textarea_Observacin"), "PRUEBA"): Text 'PRUEBA' is set on object 'Object Repository/Modulo Tarea Administracion Compensacion/Crear Histórica Incapacidad/textarea_Observacin'

2021-12-01 11:56:21 - [MESSAGE][PASSED] - Text 'PRUEBA' is set on object 'Object Repository/Modulo Tarea Administracion Compensacion/Crear Histórica Incapacidad/textarea_Observacin'

2021-12-01 11:56:21 - [TEST_STEP][PASSED] - click(findTestObject("Modulo Tarea Administracion Compensacion/Crear Histórica Incapacidad/a_Guardar")): Object: 'Object Repository/Modulo Tarea Administracion Compensacion/Crear Histórica Incapacidad/a_Guardar' is clicked on

2021-12-01 11:56:21 - [MESSAGE][PASSED] - Object: 'Object Repository/Modulo Tarea Administracion Compensacion/Crear Histórica Incapacidad/a_Guardar' is clicked on

2021-12-01 11:56:21 - [TEST_STEP][PASSED] - getText(findTestObject("Alerta/Alerta")): Text of object 'Object Repository/Alerta/Alerta' is: 'Se adicionó el registro...'

2021-12-01 11:56:23 - [MESSAGE][PASSED] - Text of object 'Object Repository/Alerta/Alerta' is: 'Se adicionó el registro...'

2021-12-01 11:56:23 - [TEST_STEP][PASSED] - waitForElementClickable(findTestObject("Modulo Tarea Administracion Compensacion/Crear Histórica Incapacidad/a_Eliminar_Incapacidad"), 0): Object 'Object Repository/Modulo Tarea Administracion Compensacion/Crear Histórica Incapacidad/a_Eliminar_Incapacidad' is clickable

2021-12-01 11:56:23 - [MESSAGE][WARNING] - Timeout '0' is invalid. Using default page load timeout: '30'

2021-12-01 11:56:24 - [MESSAGE][PASSED] - Object 'Object Repository/Modulo Tarea Administracion Compensacion/Crear Histórica Incapacidad/a_Eliminar_Incapacidad' is clickable

2021-12-01 11:56:24 - [TEST_STEP][PASSED] - click(findTestObject("Modulo Tarea Administracion Compensacion/Crear Histórica Incapacidad/a_Eliminar_Incapacidad")): Object: 'Object Repository/Modulo Tarea Administracion Compensacion/Crear Histórica Incapacidad/a_Eliminar_Incapacidad' is clicked on

2021-12-01 11:56:24 - [MESSAGE][PASSED] - Object: 'Object Repository/Modulo Tarea Administracion Compensacion/Crear Histórica Incapacidad/a_Eliminar_Incapacidad' is clicked on

2021-12-01 11:56:24 - [TEST_STEP][PASSED] - click(findTestObject("Modulo Tarea Administracion Compensacion/Crear Histórica Incapacidad/a_Aceptar_Eliminar_Incapacidad")): Object: 'Object Repository/Modulo Tarea Administracion Compensacion/Crear Histórica Incapacidad/a_Aceptar_Eliminar_Incapacidad' is clicked on

2021-12-01 11:56:26 - [MESSAGE][PASSED] - Object: 'Object Repository/Modulo Tarea Administracion Compensacion/Crear Histórica Incapacidad/a_Aceptar_Eliminar_Incapacidad' is clicked on

2021-12-01 11:56:26 - [TEST_STEP][PASSED] - closeBrowser(): Browser is closed

2021-12-01 11:56:27 - [MESSAGE][PASSED] - Browser is closed]]></system-out>
         <system-err><![CDATA[]]></system-err>
      </testcase>
      <testcase name="Test Cases/1.1-Tareas Principales/1.2.4-Incapacidad" time="54.415" classname="Test Cases/1.1-Tareas Principales/1.2.4-Incapacidad" status="PASSED">
         <system-out><![CDATA[2021-12-01 11:56:27 - [TEST_CASE][PASSED] - Test Cases/1.1-Tareas Principales/1.2.4-Incapacidad: Test Cases/1.1-Tareas Principales/1.2.4-Incapacidad

2021-12-01 11:56:28 - [TEST_STEP][PASSED] - callTestCase(findTestCase("Hutilidades/Tareas Administracion Compensacion/Tarea Listado Empleados"), [:], STOP_ON_FAILURE): Call Test Case 'Test Cases/Hutilidades/Tareas Administracion Compensacion/Tarea Listado Empleados' successfully

2021-12-01 11:56:28 - [TEST_CASE][PASSED] - Test Cases/Hutilidades/Tareas Administracion Compensacion/Tarea Listado Empleados: Test Cases/Hutilidades/Tareas Administracion Compensacion/Tarea Listado Empleados

2021-12-01 11:56:28 - [TEST_STEP][PASSED] - callTestCase(findTestCase("0.1-Login"), [:], STOP_ON_FAILURE): Call Test Case 'Test Cases/0.1-Login' successfully

2021-12-01 11:56:28 - [TEST_CASE][PASSED] - Test Cases/0.1-Login: Test Cases/0.1-Login

2021-12-01 11:56:28 - [TEST_STEP][PASSED] - openBrowser(""): Browser is opened with url: ''

2021-12-01 11:56:28 - [MESSAGE][INFO] - Starting 'Chrome' driver

2021-12-01 11:56:28 - [MESSAGE][INFO] - Action delay is set to 0 milliseconds

2021-12-01 11:56:29 - [MESSAGE][PASSED] - Browser is opened with url: ''

2021-12-01 11:56:29 - [TEST_STEP][PASSED] - maximizeWindow(): Current window maximized

2021-12-01 11:56:29 - [MESSAGE][PASSED] - Current window maximized

2021-12-01 11:56:29 - [TEST_STEP][PASSED] - i = G_Login: null

2021-12-01 11:56:29 - [TEST_STEP][PASSED] - url = new java.net.URL(i): null

2021-12-01 11:56:29 - [TEST_STEP][PASSED] - println("URL: " + url.toString()): null

2021-12-01 11:56:29 - [TEST_STEP][PASSED] - connection = url.openConnection(): null

2021-12-01 11:56:29 - [TEST_STEP][PASSED] - connection.setRequestMethod("GET"): null

2021-12-01 11:56:29 - [TEST_STEP][PASSED] - connection.setReadTimeout(2 * 1000): null

2021-12-01 11:56:29 - [TEST_STEP][PASSED] - try: null

2021-12-01 11:56:29 - [TEST_STEP][PASSED] - connection.connect(): null

2021-12-01 11:56:29 - [TEST_STEP][PASSED] - flag = connected: null

2021-12-01 11:56:29 - [TEST_STEP][PASSED] - println("Valor_ori: " + flag): null

2021-12-01 11:56:29 - [TEST_STEP][PASSED] - if (flag): null

2021-12-01 11:56:29 - [TEST_STEP][PASSED] - navigateToUrl(i): Navigate to 'http://localhost:8380/saraweb/' successfully

2021-12-01 11:56:31 - [MESSAGE][PASSED] - Navigate to 'http://localhost:8380/saraweb/' successfully

2021-12-01 11:56:31 - [TEST_STEP][PASSED] - a(): null

2021-12-01 11:56:31 - [TEST_STEP][PASSED] - setText(findTestObject("Login/input_USUARIO_loginusuario"), G_Usuario): Text 'saraadmin' is set on object 'Object Repository/Login/input_USUARIO_loginusuario'

2021-12-01 11:56:32 - [MESSAGE][PASSED] - Text 'saraadmin' is set on object 'Object Repository/Login/input_USUARIO_loginusuario'

2021-12-01 11:56:32 - [TEST_STEP][PASSED] - setEncryptedText(findTestObject("Login/input_CLAVE_loginpassword"), "MkG4/TYiCFC3cb2driP7+Q=="): Text ****** has been set on object 'Object Repository/Login/input_CLAVE_loginpassword'

2021-12-01 11:56:32 - [MESSAGE][PASSED] - Text ****** has been set on object 'Object Repository/Login/input_CLAVE_loginpassword'

2021-12-01 11:56:32 - [TEST_STEP][PASSED] - waitForElementClickable(findTestObject("Login/a_Ingresar"), G_TimeOut): Object 'Object Repository/Login/a_Ingresar' is clickable

2021-12-01 11:56:32 - [MESSAGE][PASSED] - Object 'Object Repository/Login/a_Ingresar' is clickable

2021-12-01 11:56:32 - [TEST_STEP][PASSED] - click(findTestObject("Login/a_Ingresar")): Object: 'Object Repository/Login/a_Ingresar' is clicked on

2021-12-01 11:56:36 - [MESSAGE][PASSED] - Object: 'Object Repository/Login/a_Ingresar' is clicked on

2021-12-01 11:56:36 - [TEST_STEP][PASSED] - element = findWebElement(findTestObject("Login/a_Ir"), 30): null

2021-12-01 11:56:36 - [TEST_STEP][PASSED] - executeJavaScript("arguments[0].click()", Arrays.asList(element)): Execute JavaScript 'arguments[0].click()' successfully

2021-12-01 11:56:36 - [MESSAGE][PASSED] - Execute JavaScript 'arguments[0].click()' successfully

2021-12-01 11:56:36 - [MESSAGE][PASSED] - Call Test Case 'Test Cases/0.1-Login' successfully

2021-12-01 11:56:36 - [TEST_STEP][PASSED] - setText(findTestObject("Modulo Tarea Listado Hojas de Vida/Tareas Listado Hojas de Vida/input_Listado Hojas De Vida_form_templatej_idt24_input"), "Listado de Empleados"): Text 'Listado de Empleados' is set on object 'Object Repository/Modulo Tarea Listado Hojas de Vida/Tareas Listado Hojas de Vida/input_Listado Hojas De Vida_form_templatej_idt24_input'

2021-12-01 11:56:38 - [MESSAGE][PASSED] - Text 'Listado de Empleados' is set on object 'Object Repository/Modulo Tarea Listado Hojas de Vida/Tareas Listado Hojas de Vida/input_Listado Hojas De Vida_form_templatej_idt24_input'

2021-12-01 11:56:38 - [TEST_STEP][PASSED] - delay(3): Delayed 3 second(s)

2021-12-01 11:56:41 - [MESSAGE][PASSED] - Delayed 3 second(s)

2021-12-01 11:56:41 - [TEST_STEP][PASSED] - sendKeys(findTestObject("Modulo Tarea Listado Hojas de Vida/Tareas Listado Hojas de Vida/input_Listado Hojas De Vida_form_templatej_idt24_input"), Keys.chord(ENTER)): Keys 'ENTER + ' sent to object: 'Object Repository/Modulo Tarea Listado Hojas de Vida/Tareas Listado Hojas de Vida/input_Listado Hojas De Vida_form_templatej_idt24_input'

2021-12-01 11:56:41 - [MESSAGE][PASSED] - Keys 'ENTER + ' sent to object: 'Object Repository/Modulo Tarea Listado Hojas de Vida/Tareas Listado Hojas de Vida/input_Listado Hojas De Vida_form_templatej_idt24_input'

2021-12-01 11:56:41 - [MESSAGE][PASSED] - Call Test Case 'Test Cases/Hutilidades/Tareas Administracion Compensacion/Tarea Listado Empleados' successfully

2021-12-01 11:56:41 - [TEST_STEP][PASSED] - waitForElementClickable(findTestObject("Modulo Tarea Administracion Compensacion/Incapacidad/input_Identificacin_listadoEmp"), 0): Object 'Object Repository/Modulo Tarea Administracion Compensacion/Incapacidad/input_Identificacin_listadoEmp' is clickable

2021-12-01 11:56:41 - [MESSAGE][WARNING] - Timeout '0' is invalid. Using default page load timeout: '30'

2021-12-01 11:56:43 - [MESSAGE][PASSED] - Object 'Object Repository/Modulo Tarea Administracion Compensacion/Incapacidad/input_Identificacin_listadoEmp' is clickable

2021-12-01 11:56:43 - [TEST_STEP][PASSED] - setText(findTestObject("Modulo Tarea Administracion Compensacion/Incapacidad/input_Identificacin_listadoEmp"), "1234567890"): Text '1234567890' is set on object 'Object Repository/Modulo Tarea Administracion Compensacion/Incapacidad/input_Identificacin_listadoEmp'

2021-12-01 11:56:44 - [MESSAGE][PASSED] - Text '1234567890' is set on object 'Object Repository/Modulo Tarea Administracion Compensacion/Incapacidad/input_Identificacin_listadoEmp'

2021-12-01 11:56:44 - [TEST_STEP][PASSED] - sendKeys(findTestObject("Modulo Tarea Administracion Compensacion/Incapacidad/input_Identificacin_listadoEmp"), Keys.chord(ENTER)): Keys 'ENTER + ' sent to object: 'Object Repository/Modulo Tarea Administracion Compensacion/Incapacidad/input_Identificacin_listadoEmp'

2021-12-01 11:56:44 - [MESSAGE][PASSED] - Keys 'ENTER + ' sent to object: 'Object Repository/Modulo Tarea Administracion Compensacion/Incapacidad/input_Identificacin_listadoEmp'

2021-12-01 11:56:44 - [TEST_STEP][PASSED] - click(findTestObject("Modulo Tarea Administracion Compensacion/Incapacidad/span_CONSTA BELFEGORD JHON")): Object: 'Object Repository/Modulo Tarea Administracion Compensacion/Incapacidad/span_CONSTA BELFEGORD JHON' is clicked on

2021-12-01 11:56:45 - [MESSAGE][PASSED] - Object: 'Object Repository/Modulo Tarea Administracion Compensacion/Incapacidad/span_CONSTA BELFEGORD JHON' is clicked on

2021-12-01 11:56:45 - [TEST_STEP][PASSED] - click(findTestObject("Modulo Tarea Administracion Compensacion/Incapacidad/a_Licencia")): Object: 'Object Repository/Modulo Tarea Administracion Compensacion/Incapacidad/a_Licencia' is clicked on

2021-12-01 11:56:46 - [MESSAGE][PASSED] - Object: 'Object Repository/Modulo Tarea Administracion Compensacion/Incapacidad/a_Licencia' is clicked on

2021-12-01 11:56:46 - [TEST_STEP][PASSED] - if (waitForElementClickable(findTestObject("Modulo Tarea Administracion Compensacion/Incapacidad/td_Licencia Remunerada"), 1)): Web element with id: 'Object Repository/Modulo Tarea Administracion Compensacion/Incapacidad/td_Licencia Remunerada' located by '//*/text()[normalize-space(.)='Licencia Remunerada']/parent::*' not found

2021-12-01 11:56:48 - [MESSAGE][INFO] - Unable to find the element located by 'By.xpath: //*/text()[normalize-space(.)='Licencia Remunerada']/parent::*'. Please recheck the objects properties to make sure the desired element is located. 

2021-12-01 11:56:48 - [MESSAGE][WARNING] - Web element with id: 'Object Repository/Modulo Tarea Administracion Compensacion/Incapacidad/td_Licencia Remunerada' located by '//*/text()[normalize-space(.)='Licencia Remunerada']/parent::*' not found

2021-12-01 11:56:48 - [TEST_STEP][PASSED] - if (waitForElementClickable(findTestObject("Modulo Tarea Administracion Compensacion/Incapacidad/td_Licencia No Remunerada"), 1)): Web element with id: 'Object Repository/Modulo Tarea Administracion Compensacion/Incapacidad/td_Licencia No Remunerada' located by '//*/text()[normalize-space(.)='Licencia No Remunerada']/parent::*' not found

2021-12-01 11:56:50 - [MESSAGE][INFO] - Unable to find the element located by 'By.xpath: //*/text()[normalize-space(.)='Licencia No Remunerada']/parent::*'. Please recheck the objects properties to make sure the desired element is located. 

2021-12-01 11:56:50 - [MESSAGE][WARNING] - Web element with id: 'Object Repository/Modulo Tarea Administracion Compensacion/Incapacidad/td_Licencia No Remunerada' located by '//*/text()[normalize-space(.)='Licencia No Remunerada']/parent::*' not found

2021-12-01 11:56:50 - [TEST_STEP][PASSED] - click(findTestObject("Modulo Tarea Administracion Compensacion/Incapacidad/a_Incapacidad")): Object: 'Object Repository/Modulo Tarea Administracion Compensacion/Incapacidad/a_Incapacidad' is clicked on

2021-12-01 11:56:51 - [MESSAGE][PASSED] - Object: 'Object Repository/Modulo Tarea Administracion Compensacion/Incapacidad/a_Incapacidad' is clicked on

2021-12-01 11:56:51 - [TEST_STEP][PASSED] - waitForElementClickable(findTestObject("Modulo Tarea Administracion Compensacion/Incapacidad/span_Nuevo"), 0): Object 'Object Repository/Modulo Tarea Administracion Compensacion/Incapacidad/span_Nuevo' is clickable

2021-12-01 11:56:51 - [MESSAGE][WARNING] - Timeout '0' is invalid. Using default page load timeout: '30'

2021-12-01 11:56:53 - [MESSAGE][PASSED] - Object 'Object Repository/Modulo Tarea Administracion Compensacion/Incapacidad/span_Nuevo' is clickable

2021-12-01 11:56:53 - [TEST_STEP][PASSED] - click(findTestObject("Modulo Tarea Administracion Compensacion/Incapacidad/span_Nuevo")): Object: 'Object Repository/Modulo Tarea Administracion Compensacion/Incapacidad/span_Nuevo' is clicked on

2021-12-01 11:56:54 - [MESSAGE][PASSED] - Object: 'Object Repository/Modulo Tarea Administracion Compensacion/Incapacidad/span_Nuevo' is clicked on

2021-12-01 11:56:54 - [TEST_STEP][PASSED] - waitForElementClickable(findTestObject("Modulo Tarea Administracion Compensacion/Incapacidad/span_ENFERMEDAD GENERAL 21"), 0): Object 'Object Repository/Modulo Tarea Administracion Compensacion/Incapacidad/span_ENFERMEDAD GENERAL 21' is clickable

2021-12-01 11:56:54 - [MESSAGE][WARNING] - Timeout '0' is invalid. Using default page load timeout: '30'

2021-12-01 11:56:54 - [MESSAGE][PASSED] - Object 'Object Repository/Modulo Tarea Administracion Compensacion/Incapacidad/span_ENFERMEDAD GENERAL 21' is clickable

2021-12-01 11:56:54 - [TEST_STEP][PASSED] - click(findTestObject("Modulo Tarea Administracion Compensacion/Incapacidad/span_ENFERMEDAD GENERAL 21")): Object: 'Object Repository/Modulo Tarea Administracion Compensacion/Incapacidad/span_ENFERMEDAD GENERAL 21' is clicked on

2021-12-01 11:56:55 - [MESSAGE][PASSED] - Object: 'Object Repository/Modulo Tarea Administracion Compensacion/Incapacidad/span_ENFERMEDAD GENERAL 21' is clicked on

2021-12-01 11:56:55 - [TEST_STEP][PASSED] - click(findTestObject("Modulo Tarea Administracion Compensacion/Incapacidad/a_Histrico")): Object: 'Object Repository/Modulo Tarea Administracion Compensacion/Incapacidad/a_Histrico' is clicked on

2021-12-01 11:56:57 - [MESSAGE][PASSED] - Object: 'Object Repository/Modulo Tarea Administracion Compensacion/Incapacidad/a_Histrico' is clicked on

2021-12-01 11:56:57 - [TEST_STEP][PASSED] - if (waitForElementClickable(findTestObject("Modulo Tarea Administracion Compensacion/Incapacidad/span_ENFERMEDAD GENERAL 21_Historico"), 1)): null

2021-12-01 11:56:58 - [MESSAGE][PASSED] - Object 'Object Repository/Modulo Tarea Administracion Compensacion/Incapacidad/span_ENFERMEDAD GENERAL 21_Historico' is clickable

2021-12-01 11:56:58 - [TEST_STEP][PASSED] - click(findTestObject("Modulo Tarea Administracion Compensacion/Incapacidad/span_ENFERMEDAD GENERAL 21_Historico")): Object: 'Object Repository/Modulo Tarea Administracion Compensacion/Incapacidad/span_ENFERMEDAD GENERAL 21_Historico' is clicked on

2021-12-01 11:56:58 - [MESSAGE][PASSED] - Object: 'Object Repository/Modulo Tarea Administracion Compensacion/Incapacidad/span_ENFERMEDAD GENERAL 21_Historico' is clicked on

2021-12-01 11:56:58 - [TEST_STEP][PASSED] - waitForElementClickable(findTestObject("Modulo Tarea Administracion Compensacion/Incapacidad/a_Eliminar"), 0): Object 'Object Repository/Modulo Tarea Administracion Compensacion/Incapacidad/a_Eliminar' is clickable

2021-12-01 11:56:58 - [MESSAGE][WARNING] - Timeout '0' is invalid. Using default page load timeout: '30'

2021-12-01 11:56:59 - [MESSAGE][PASSED] - Object 'Object Repository/Modulo Tarea Administracion Compensacion/Incapacidad/a_Eliminar' is clickable

2021-12-01 11:56:59 - [TEST_STEP][PASSED] - click(findTestObject("Modulo Tarea Administracion Compensacion/Incapacidad/a_Eliminar")): Object: 'Object Repository/Modulo Tarea Administracion Compensacion/Incapacidad/a_Eliminar' is clicked on

2021-12-01 11:57:00 - [MESSAGE][PASSED] - Object: 'Object Repository/Modulo Tarea Administracion Compensacion/Incapacidad/a_Eliminar' is clicked on

2021-12-01 11:57:00 - [TEST_STEP][PASSED] - click(findTestObject("Modulo Tarea Administracion Compensacion/Incapacidad/a_Aceptar")): Object: 'Object Repository/Modulo Tarea Administracion Compensacion/Incapacidad/a_Aceptar' is clicked on

2021-12-01 11:57:02 - [MESSAGE][PASSED] - Object: 'Object Repository/Modulo Tarea Administracion Compensacion/Incapacidad/a_Aceptar' is clicked on

2021-12-01 11:57:02 - [TEST_STEP][PASSED] - click(findTestObject("Modulo Tarea Administracion Compensacion/Incapacidad/a_Incapacidad_pestaa")): Object: 'Object Repository/Modulo Tarea Administracion Compensacion/Incapacidad/a_Incapacidad_pestaa' is clicked on

2021-12-01 11:57:02 - [MESSAGE][PASSED] - Object: 'Object Repository/Modulo Tarea Administracion Compensacion/Incapacidad/a_Incapacidad_pestaa' is clicked on

2021-12-01 11:57:02 - [TEST_STEP][PASSED] - waitForElementClickable(findTestObject("Modulo Tarea Administracion Compensacion/Incapacidad/span_Nuevo"), 0): Object 'Object Repository/Modulo Tarea Administracion Compensacion/Incapacidad/span_Nuevo' is clickable

2021-12-01 11:57:02 - [MESSAGE][WARNING] - Timeout '0' is invalid. Using default page load timeout: '30'

2021-12-01 11:57:03 - [MESSAGE][PASSED] - Object 'Object Repository/Modulo Tarea Administracion Compensacion/Incapacidad/span_Nuevo' is clickable

2021-12-01 11:57:03 - [TEST_STEP][PASSED] - click(findTestObject("Modulo Tarea Administracion Compensacion/Incapacidad/span_Nuevo")): Object: 'Object Repository/Modulo Tarea Administracion Compensacion/Incapacidad/span_Nuevo' is clicked on

2021-12-01 11:57:03 - [MESSAGE][PASSED] - Object: 'Object Repository/Modulo Tarea Administracion Compensacion/Incapacidad/span_Nuevo' is clicked on

2021-12-01 11:57:03 - [TEST_STEP][PASSED] - waitForElementClickable(findTestObject("Modulo Tarea Administracion Compensacion/Incapacidad/span_ENFERMEDAD GENERAL 21"), 0): Object 'Object Repository/Modulo Tarea Administracion Compensacion/Incapacidad/span_ENFERMEDAD GENERAL 21' is clickable

2021-12-01 11:57:03 - [MESSAGE][WARNING] - Timeout '0' is invalid. Using default page load timeout: '30'

2021-12-01 11:57:04 - [MESSAGE][PASSED] - Object 'Object Repository/Modulo Tarea Administracion Compensacion/Incapacidad/span_ENFERMEDAD GENERAL 21' is clickable

2021-12-01 11:57:04 - [TEST_STEP][PASSED] - click(findTestObject("Modulo Tarea Administracion Compensacion/Incapacidad/span_ENFERMEDAD GENERAL 21")): Object: 'Object Repository/Modulo Tarea Administracion Compensacion/Incapacidad/span_ENFERMEDAD GENERAL 21' is clicked on

2021-12-01 11:57:05 - [MESSAGE][PASSED] - Object: 'Object Repository/Modulo Tarea Administracion Compensacion/Incapacidad/span_ENFERMEDAD GENERAL 21' is clicked on

2021-12-01 11:57:05 - [TEST_STEP][PASSED] - waitForElementClickable(findTestObject("Modulo Tarea Administracion Compensacion/Incapacidad/a_Incapacidad_pestaa"), 0): Object 'Object Repository/Modulo Tarea Administracion Compensacion/Incapacidad/a_Incapacidad_pestaa' is clickable

2021-12-01 11:57:05 - [MESSAGE][WARNING] - Timeout '0' is invalid. Using default page load timeout: '30'

2021-12-01 11:57:05 - [MESSAGE][PASSED] - Object 'Object Repository/Modulo Tarea Administracion Compensacion/Incapacidad/a_Incapacidad_pestaa' is clickable

2021-12-01 11:57:05 - [TEST_STEP][PASSED] - click(findTestObject("Modulo Tarea Administracion Compensacion/Incapacidad/a_Incapacidad_pestaa")): Object: 'Object Repository/Modulo Tarea Administracion Compensacion/Incapacidad/a_Incapacidad_pestaa' is clicked on

2021-12-01 11:57:06 - [MESSAGE][PASSED] - Object: 'Object Repository/Modulo Tarea Administracion Compensacion/Incapacidad/a_Incapacidad_pestaa' is clicked on

2021-12-01 11:57:06 - [TEST_STEP][PASSED] - setText(findTestObject("Modulo Tarea Administracion Compensacion/Incapacidad/input_Fecha Salida _form_incap"), "01/01/2021"): Text '01/01/2021' is set on object 'Object Repository/Modulo Tarea Administracion Compensacion/Incapacidad/input_Fecha Salida _form_incap'

2021-12-01 11:57:07 - [MESSAGE][PASSED] - Text '01/01/2021' is set on object 'Object Repository/Modulo Tarea Administracion Compensacion/Incapacidad/input_Fecha Salida _form_incap'

2021-12-01 11:57:07 - [TEST_STEP][PASSED] - setText(findTestObject("Modulo Tarea Administracion Compensacion/Incapacidad/input_Fecha Salida Nomina_form"), "28/02/2021"): Text '28/02/2021' is set on object 'Object Repository/Modulo Tarea Administracion Compensacion/Incapacidad/input_Fecha Salida Nomina_form'

2021-12-01 11:57:08 - [MESSAGE][PASSED] - Text '28/02/2021' is set on object 'Object Repository/Modulo Tarea Administracion Compensacion/Incapacidad/input_Fecha Salida Nomina_form'

2021-12-01 11:57:08 - [TEST_STEP][PASSED] - click(findTestObject("Modulo Tarea Administracion Compensacion/Incapacidad/input_Prorroga_form_incapacida")): Object: 'Object Repository/Modulo Tarea Administracion Compensacion/Incapacidad/input_Prorroga_form_incapacida' is clicked on

2021-12-01 11:57:08 - [MESSAGE][PASSED] - Object: 'Object Repository/Modulo Tarea Administracion Compensacion/Incapacidad/input_Prorroga_form_incapacida' is clicked on

2021-12-01 11:57:08 - [TEST_STEP][PASSED] - setText(findTestObject("Modulo Tarea Administracion Compensacion/Incapacidad/textarea_Observacin_form_incap"), "aaaa"): Text 'aaaa' is set on object 'Object Repository/Modulo Tarea Administracion Compensacion/Incapacidad/textarea_Observacin_form_incap'

2021-12-01 11:57:09 - [MESSAGE][PASSED] - Text 'aaaa' is set on object 'Object Repository/Modulo Tarea Administracion Compensacion/Incapacidad/textarea_Observacin_form_incap'

2021-12-01 11:57:09 - [TEST_STEP][PASSED] - setText(findTestObject("Modulo Tarea Administracion Compensacion/Incapacidad/input_Das Ausentismo_form_inca"), "2"): Text '2' is set on object 'Object Repository/Modulo Tarea Administracion Compensacion/Incapacidad/input_Das Ausentismo_form_inca'

2021-12-01 11:57:10 - [MESSAGE][PASSED] - Text '2' is set on object 'Object Repository/Modulo Tarea Administracion Compensacion/Incapacidad/input_Das Ausentismo_form_inca'

2021-12-01 11:57:10 - [TEST_STEP][PASSED] - setText(findTestObject("Modulo Tarea Administracion Compensacion/Incapacidad/textarea_Area_form_incapacidad"), "bbbb"): Text 'bbbb' is set on object 'Object Repository/Modulo Tarea Administracion Compensacion/Incapacidad/textarea_Area_form_incapacidad'

2021-12-01 11:57:10 - [MESSAGE][PASSED] - Text 'bbbb' is set on object 'Object Repository/Modulo Tarea Administracion Compensacion/Incapacidad/textarea_Area_form_incapacidad'

2021-12-01 11:57:10 - [TEST_STEP][PASSED] - setText(findTestObject("Modulo Tarea Administracion Compensacion/Incapacidad/input_Horas adicionales_form_incapacidades"), "0500"): Text '0500' is set on object 'Object Repository/Modulo Tarea Administracion Compensacion/Incapacidad/input_Horas adicionales_form_incapacidades'

2021-12-01 11:57:11 - [MESSAGE][PASSED] - Text '0500' is set on object 'Object Repository/Modulo Tarea Administracion Compensacion/Incapacidad/input_Horas adicionales_form_incapacidades'

2021-12-01 11:57:11 - [TEST_STEP][PASSED] - setText(findTestObject("Modulo Tarea Administracion Compensacion/Incapacidad/input_diagnostico_form_incapacidad"), "cccc"): Text 'cccc' is set on object 'Object Repository/Modulo Tarea Administracion Compensacion/Incapacidad/input_diagnostico_form_incapacidad'

2021-12-01 11:57:12 - [MESSAGE][PASSED] - Text 'cccc' is set on object 'Object Repository/Modulo Tarea Administracion Compensacion/Incapacidad/input_diagnostico_form_incapacidad'

2021-12-01 11:57:12 - [TEST_STEP][PASSED] - setText(findTestObject("Modulo Tarea Administracion Compensacion/Incapacidad/input_Fecha 1_form_incapacidad"), "15/01/2021"): Text '15/01/2021' is set on object 'Object Repository/Modulo Tarea Administracion Compensacion/Incapacidad/input_Fecha 1_form_incapacidad'

2021-12-01 11:57:13 - [MESSAGE][PASSED] - Text '15/01/2021' is set on object 'Object Repository/Modulo Tarea Administracion Compensacion/Incapacidad/input_Fecha 1_form_incapacidad'

2021-12-01 11:57:13 - [TEST_STEP][PASSED] - setText(findTestObject("Modulo Tarea Administracion Compensacion/Incapacidad/input_diagnostico_form_incapacidades2"), "aaa"): Text 'aaa' is set on object 'Object Repository/Modulo Tarea Administracion Compensacion/Incapacidad/input_diagnostico_form_incapacidades2'

2021-12-01 11:57:14 - [MESSAGE][PASSED] - Text 'aaa' is set on object 'Object Repository/Modulo Tarea Administracion Compensacion/Incapacidad/input_diagnostico_form_incapacidades2'

2021-12-01 11:57:14 - [TEST_STEP][PASSED] - click(findTestObject("Modulo Tarea Administracion Compensacion/Incapacidad/a__form_incapacidadesEmpleadoj")): Object: 'Object Repository/Modulo Tarea Administracion Compensacion/Incapacidad/a__form_incapacidadesEmpleadoj' is clicked on

2021-12-01 11:57:14 - [MESSAGE][PASSED] - Object: 'Object Repository/Modulo Tarea Administracion Compensacion/Incapacidad/a__form_incapacidadesEmpleadoj' is clicked on

2021-12-01 11:57:14 - [TEST_STEP][PASSED] - click(findTestObject("Modulo Tarea Administracion Compensacion/Incapacidad/td_OTRAS INFECCIONES ESPECIFICADAS")): Object: 'Object Repository/Modulo Tarea Administracion Compensacion/Incapacidad/td_OTRAS INFECCIONES ESPECIFICADAS' is clicked on

2021-12-01 11:57:17 - [MESSAGE][PASSED] - Object: 'Object Repository/Modulo Tarea Administracion Compensacion/Incapacidad/td_OTRAS INFECCIONES ESPECIFICADAS' is clicked on

2021-12-01 11:57:17 - [TEST_STEP][PASSED] - waitForElementClickable(findTestObject("Modulo Tarea Administracion Compensacion/Incapacidad/a__form_incapacidadesEmpleadoj_1"), 0): Object 'Object Repository/Modulo Tarea Administracion Compensacion/Incapacidad/a__form_incapacidadesEmpleadoj_1' is clickable

2021-12-01 11:57:17 - [MESSAGE][WARNING] - Timeout '0' is invalid. Using default page load timeout: '30'

2021-12-01 11:57:17 - [MESSAGE][PASSED] - Object 'Object Repository/Modulo Tarea Administracion Compensacion/Incapacidad/a__form_incapacidadesEmpleadoj_1' is clickable

2021-12-01 11:57:17 - [TEST_STEP][PASSED] - click(findTestObject("Modulo Tarea Administracion Compensacion/Incapacidad/a__form_incapacidadesEmpleadoj_1")): Object: 'Object Repository/Modulo Tarea Administracion Compensacion/Incapacidad/a__form_incapacidadesEmpleadoj_1' is clicked on

2021-12-01 11:57:18 - [MESSAGE][PASSED] - Object: 'Object Repository/Modulo Tarea Administracion Compensacion/Incapacidad/a__form_incapacidadesEmpleadoj_1' is clicked on

2021-12-01 11:57:18 - [TEST_STEP][PASSED] - click(findTestObject("Modulo Tarea Administracion Compensacion/Incapacidad/td_Diagnostico-Seguridad y Salud en el Trabajo")): Object: 'Object Repository/Modulo Tarea Administracion Compensacion/Incapacidad/td_Diagnostico-Seguridad y Salud en el Trabajo' is clicked on

2021-12-01 11:57:19 - [MESSAGE][PASSED] - Object: 'Object Repository/Modulo Tarea Administracion Compensacion/Incapacidad/td_Diagnostico-Seguridad y Salud en el Trabajo' is clicked on

2021-12-01 11:57:19 - [TEST_STEP][PASSED] - waitForElementClickable(findTestObject("Modulo Tarea Administracion Compensacion/Incapacidad/a_Guardar Legalizar"), G_TimeOut): Object 'Object Repository/Modulo Tarea Administracion Compensacion/Incapacidad/a_Guardar Legalizar' is clickable

2021-12-01 11:57:19 - [MESSAGE][PASSED] - Object 'Object Repository/Modulo Tarea Administracion Compensacion/Incapacidad/a_Guardar Legalizar' is clickable

2021-12-01 11:57:19 - [TEST_STEP][PASSED] - click(findTestObject("Modulo Tarea Administracion Compensacion/Incapacidad/a_Guardar Legalizar")): Object: 'Object Repository/Modulo Tarea Administracion Compensacion/Incapacidad/a_Guardar Legalizar' is clicked on

2021-12-01 11:57:20 - [MESSAGE][PASSED] - Object: 'Object Repository/Modulo Tarea Administracion Compensacion/Incapacidad/a_Guardar Legalizar' is clicked on

2021-12-01 11:57:20 - [TEST_STEP][PASSED] - getText(findTestObject("Alerta/Alerta")): Text of object 'Object Repository/Alerta/Alerta' is: 'Se modifico exitosamente su solicitud'

2021-12-01 11:57:22 - [MESSAGE][PASSED] - Text of object 'Object Repository/Alerta/Alerta' is: 'Se modifico exitosamente su solicitud']]></system-out>
         <system-err><![CDATA[]]></system-err>
      </testcase>
      <testcase name="Test Cases/1.1-Tareas Principales/1.2.5-Solicitud" time="35.288" classname="Test Cases/1.1-Tareas Principales/1.2.5-Solicitud" status="PASSED">
         <system-out><![CDATA[2021-12-01 11:57:22 - [TEST_CASE][PASSED] - Test Cases/1.1-Tareas Principales/1.2.5-Solicitud: Test Cases/1.1-Tareas Principales/1.2.5-Solicitud

2021-12-01 11:57:22 - [TEST_STEP][PASSED] - callTestCase(findTestCase("Hutilidades/Tareas Administracion Compensacion/Tarea Listado Empleados"), [:], STOP_ON_FAILURE): Call Test Case 'Test Cases/Hutilidades/Tareas Administracion Compensacion/Tarea Listado Empleados' successfully

2021-12-01 11:57:22 - [TEST_CASE][PASSED] - Test Cases/Hutilidades/Tareas Administracion Compensacion/Tarea Listado Empleados: Test Cases/Hutilidades/Tareas Administracion Compensacion/Tarea Listado Empleados

2021-12-01 11:57:22 - [TEST_STEP][PASSED] - callTestCase(findTestCase("0.1-Login"), [:], STOP_ON_FAILURE): Call Test Case 'Test Cases/0.1-Login' successfully

2021-12-01 11:57:22 - [TEST_CASE][PASSED] - Test Cases/0.1-Login: Test Cases/0.1-Login

2021-12-01 11:57:22 - [TEST_STEP][PASSED] - openBrowser(""): Browser is opened with url: ''

2021-12-01 11:57:22 - [MESSAGE][WARNING] - A browser is already opened. Closing browser and opening a new one

2021-12-01 11:57:23 - [MESSAGE][INFO] - Starting 'Chrome' driver

2021-12-01 11:57:23 - [MESSAGE][INFO] - Action delay is set to 0 milliseconds

2021-12-01 11:57:24 - [MESSAGE][PASSED] - Browser is opened with url: ''

2021-12-01 11:57:24 - [TEST_STEP][PASSED] - maximizeWindow(): Current window maximized

2021-12-01 11:57:24 - [MESSAGE][PASSED] - Current window maximized

2021-12-01 11:57:24 - [TEST_STEP][PASSED] - i = G_Login: null

2021-12-01 11:57:24 - [TEST_STEP][PASSED] - url = new java.net.URL(i): null

2021-12-01 11:57:24 - [TEST_STEP][PASSED] - println("URL: " + url.toString()): null

2021-12-01 11:57:24 - [TEST_STEP][PASSED] - connection = url.openConnection(): null

2021-12-01 11:57:24 - [TEST_STEP][PASSED] - connection.setRequestMethod("GET"): null

2021-12-01 11:57:24 - [TEST_STEP][PASSED] - connection.setReadTimeout(2 * 1000): null

2021-12-01 11:57:24 - [TEST_STEP][PASSED] - try: null

2021-12-01 11:57:24 - [TEST_STEP][PASSED] - connection.connect(): null

2021-12-01 11:57:24 - [TEST_STEP][PASSED] - flag = connected: null

2021-12-01 11:57:24 - [TEST_STEP][PASSED] - println("Valor_ori: " + flag): null

2021-12-01 11:57:24 - [TEST_STEP][PASSED] - if (flag): null

2021-12-01 11:57:24 - [TEST_STEP][PASSED] - navigateToUrl(i): Navigate to 'http://localhost:8380/saraweb/' successfully

2021-12-01 11:57:25 - [MESSAGE][PASSED] - Navigate to 'http://localhost:8380/saraweb/' successfully

2021-12-01 11:57:25 - [TEST_STEP][PASSED] - a(): null

2021-12-01 11:57:25 - [TEST_STEP][PASSED] - setText(findTestObject("Login/input_USUARIO_loginusuario"), G_Usuario): Text 'saraadmin' is set on object 'Object Repository/Login/input_USUARIO_loginusuario'

2021-12-01 11:57:26 - [MESSAGE][PASSED] - Text 'saraadmin' is set on object 'Object Repository/Login/input_USUARIO_loginusuario'

2021-12-01 11:57:26 - [TEST_STEP][PASSED] - setEncryptedText(findTestObject("Login/input_CLAVE_loginpassword"), "MkG4/TYiCFC3cb2driP7+Q=="): Text ****** has been set on object 'Object Repository/Login/input_CLAVE_loginpassword'

2021-12-01 11:57:27 - [MESSAGE][PASSED] - Text ****** has been set on object 'Object Repository/Login/input_CLAVE_loginpassword'

2021-12-01 11:57:27 - [TEST_STEP][PASSED] - waitForElementClickable(findTestObject("Login/a_Ingresar"), G_TimeOut): Object 'Object Repository/Login/a_Ingresar' is clickable

2021-12-01 11:57:27 - [MESSAGE][PASSED] - Object 'Object Repository/Login/a_Ingresar' is clickable

2021-12-01 11:57:27 - [TEST_STEP][PASSED] - click(findTestObject("Login/a_Ingresar")): Object: 'Object Repository/Login/a_Ingresar' is clicked on

2021-12-01 11:57:31 - [MESSAGE][PASSED] - Object: 'Object Repository/Login/a_Ingresar' is clicked on

2021-12-01 11:57:31 - [TEST_STEP][PASSED] - element = findWebElement(findTestObject("Login/a_Ir"), 30): null

2021-12-01 11:57:31 - [TEST_STEP][PASSED] - executeJavaScript("arguments[0].click()", Arrays.asList(element)): Execute JavaScript 'arguments[0].click()' successfully

2021-12-01 11:57:32 - [MESSAGE][PASSED] - Execute JavaScript 'arguments[0].click()' successfully

2021-12-01 11:57:32 - [MESSAGE][PASSED] - Call Test Case 'Test Cases/0.1-Login' successfully

2021-12-01 11:57:32 - [TEST_STEP][PASSED] - setText(findTestObject("Modulo Tarea Listado Hojas de Vida/Tareas Listado Hojas de Vida/input_Listado Hojas De Vida_form_templatej_idt24_input"), "Listado de Empleados"): Text 'Listado de Empleados' is set on object 'Object Repository/Modulo Tarea Listado Hojas de Vida/Tareas Listado Hojas de Vida/input_Listado Hojas De Vida_form_templatej_idt24_input'

2021-12-01 11:57:33 - [MESSAGE][PASSED] - Text 'Listado de Empleados' is set on object 'Object Repository/Modulo Tarea Listado Hojas de Vida/Tareas Listado Hojas de Vida/input_Listado Hojas De Vida_form_templatej_idt24_input'

2021-12-01 11:57:33 - [TEST_STEP][PASSED] - delay(3): Delayed 3 second(s)

2021-12-01 11:57:36 - [MESSAGE][PASSED] - Delayed 3 second(s)

2021-12-01 11:57:36 - [TEST_STEP][PASSED] - sendKeys(findTestObject("Modulo Tarea Listado Hojas de Vida/Tareas Listado Hojas de Vida/input_Listado Hojas De Vida_form_templatej_idt24_input"), Keys.chord(ENTER)): Keys 'ENTER + ' sent to object: 'Object Repository/Modulo Tarea Listado Hojas de Vida/Tareas Listado Hojas de Vida/input_Listado Hojas De Vida_form_templatej_idt24_input'

2021-12-01 11:57:36 - [MESSAGE][PASSED] - Keys 'ENTER + ' sent to object: 'Object Repository/Modulo Tarea Listado Hojas de Vida/Tareas Listado Hojas de Vida/input_Listado Hojas De Vida_form_templatej_idt24_input'

2021-12-01 11:57:36 - [MESSAGE][PASSED] - Call Test Case 'Test Cases/Hutilidades/Tareas Administracion Compensacion/Tarea Listado Empleados' successfully

2021-12-01 11:57:36 - [TEST_STEP][PASSED] - waitForElementClickable(findTestObject("Modulo Tarea Administracion Compensacion/Solicitud/input_Identificacin_listadoEmp"), 0): Object 'Object Repository/Modulo Tarea Administracion Compensacion/Solicitud/input_Identificacin_listadoEmp' is clickable

2021-12-01 11:57:36 - [MESSAGE][WARNING] - Timeout '0' is invalid. Using default page load timeout: '30'

2021-12-01 11:57:38 - [MESSAGE][PASSED] - Object 'Object Repository/Modulo Tarea Administracion Compensacion/Solicitud/input_Identificacin_listadoEmp' is clickable

2021-12-01 11:57:38 - [TEST_STEP][PASSED] - setText(findTestObject("Modulo Tarea Administracion Compensacion/Solicitud/input_Identificacin_listadoEmp"), "354968431354"): Text '354968431354' is set on object 'Object Repository/Modulo Tarea Administracion Compensacion/Solicitud/input_Identificacin_listadoEmp'

2021-12-01 11:57:39 - [MESSAGE][PASSED] - Text '354968431354' is set on object 'Object Repository/Modulo Tarea Administracion Compensacion/Solicitud/input_Identificacin_listadoEmp'

2021-12-01 11:57:39 - [TEST_STEP][PASSED] - sendKeys(findTestObject("Modulo Tarea Administracion Compensacion/Solicitud/input_Identificacin_listadoEmp"), Keys.chord(ENTER)): Keys 'ENTER + ' sent to object: 'Object Repository/Modulo Tarea Administracion Compensacion/Solicitud/input_Identificacin_listadoEmp'

2021-12-01 11:57:39 - [MESSAGE][PASSED] - Keys 'ENTER + ' sent to object: 'Object Repository/Modulo Tarea Administracion Compensacion/Solicitud/input_Identificacin_listadoEmp'

2021-12-01 11:57:39 - [TEST_STEP][PASSED] - click(findTestObject("Modulo Tarea Administracion Compensacion/Solicitud/span_CONSTA BELFEGORD JHON")): Object: 'Object Repository/Modulo Tarea Administracion Compensacion/Solicitud/span_CONSTA BELFEGORD JHON' is clicked on

2021-12-01 11:57:40 - [MESSAGE][PASSED] - Object: 'Object Repository/Modulo Tarea Administracion Compensacion/Solicitud/span_CONSTA BELFEGORD JHON' is clicked on

2021-12-01 11:57:40 - [TEST_STEP][PASSED] - click(findTestObject("Modulo Tarea Administracion Compensacion/Solicitud/a_Solicitud")): Object: 'Object Repository/Modulo Tarea Administracion Compensacion/Solicitud/a_Solicitud' is clicked on

2021-12-01 11:57:41 - [MESSAGE][PASSED] - Object: 'Object Repository/Modulo Tarea Administracion Compensacion/Solicitud/a_Solicitud' is clicked on

2021-12-01 11:57:41 - [TEST_STEP][PASSED] - if (waitForElementClickable(findTestObject("Modulo Tarea Administracion Compensacion/Solicitud/span_Certificado Personal Planta_ preexistente"), 1)): null

2021-12-01 11:57:42 - [MESSAGE][PASSED] - Object 'Object Repository/Modulo Tarea Administracion Compensacion/Solicitud/span_Certificado Personal Planta_ preexistente' is clickable

2021-12-01 11:57:42 - [TEST_STEP][PASSED] - click(findTestObject("Modulo Tarea Administracion Compensacion/Solicitud/span_Certificado Personal Planta_ preexistente")): Object: 'Object Repository/Modulo Tarea Administracion Compensacion/Solicitud/span_Certificado Personal Planta_ preexistente' is clicked on

2021-12-01 11:57:42 - [MESSAGE][PASSED] - Object: 'Object Repository/Modulo Tarea Administracion Compensacion/Solicitud/span_Certificado Personal Planta_ preexistente' is clicked on

2021-12-01 11:57:42 - [TEST_STEP][PASSED] - waitForElementClickable(findTestObject("Modulo Tarea Administracion Compensacion/Solicitud/a_Eliminar"), 0): Object 'Object Repository/Modulo Tarea Administracion Compensacion/Solicitud/a_Eliminar' is clickable

2021-12-01 11:57:42 - [MESSAGE][WARNING] - Timeout '0' is invalid. Using default page load timeout: '30'

2021-12-01 11:57:43 - [MESSAGE][PASSED] - Object 'Object Repository/Modulo Tarea Administracion Compensacion/Solicitud/a_Eliminar' is clickable

2021-12-01 11:57:43 - [TEST_STEP][PASSED] - click(findTestObject("Modulo Tarea Administracion Compensacion/Solicitud/a_Eliminar")): Object: 'Object Repository/Modulo Tarea Administracion Compensacion/Solicitud/a_Eliminar' is clicked on

2021-12-01 11:57:43 - [MESSAGE][PASSED] - Object: 'Object Repository/Modulo Tarea Administracion Compensacion/Solicitud/a_Eliminar' is clicked on

2021-12-01 11:57:43 - [TEST_STEP][PASSED] - click(findTestObject("Modulo Tarea Administracion Compensacion/Solicitud/span_Si")): Object: 'Object Repository/Modulo Tarea Administracion Compensacion/Solicitud/span_Si' is clicked on

2021-12-01 11:57:44 - [MESSAGE][PASSED] - Object: 'Object Repository/Modulo Tarea Administracion Compensacion/Solicitud/span_Si' is clicked on

2021-12-01 11:57:44 - [TEST_STEP][PASSED] - click(findTestObject("Modulo Tarea Administracion Compensacion/Solicitud/span_Prueba")): Object: 'Object Repository/Modulo Tarea Administracion Compensacion/Solicitud/span_Prueba' is clicked on

2021-12-01 11:57:45 - [MESSAGE][PASSED] - Object: 'Object Repository/Modulo Tarea Administracion Compensacion/Solicitud/span_Prueba' is clicked on

2021-12-01 11:57:45 - [TEST_STEP][PASSED] - waitForElementClickable(findTestObject("Modulo Tarea Administracion Compensacion/Solicitud/a_Acta De Grado   Diploma_form_solicitudesEmpleadolistaDocumentos0j_idt2892"), 0): Object 'Object Repository/Modulo Tarea Administracion Compensacion/Solicitud/a_Acta De Grado   Diploma_form_solicitudesEmpleadolistaDocumentos0j_idt2892' is clickable

2021-12-01 11:57:45 - [MESSAGE][WARNING] - Timeout '0' is invalid. Using default page load timeout: '30'

2021-12-01 11:57:45 - [MESSAGE][PASSED] - Object 'Object Repository/Modulo Tarea Administracion Compensacion/Solicitud/a_Acta De Grado   Diploma_form_solicitudesEmpleadolistaDocumentos0j_idt2892' is clickable

2021-12-01 11:57:45 - [TEST_STEP][PASSED] - click(findTestObject("Modulo Tarea Administracion Compensacion/Solicitud/a_Acta De Grado   Diploma_form_solicitudesEmpleadolistaDocumentos0j_idt2892")): Object: 'Object Repository/Modulo Tarea Administracion Compensacion/Solicitud/a_Acta De Grado   Diploma_form_solicitudesEmpleadolistaDocumentos0j_idt2892' is clicked on

2021-12-01 11:57:46 - [MESSAGE][PASSED] - Object: 'Object Repository/Modulo Tarea Administracion Compensacion/Solicitud/a_Acta De Grado   Diploma_form_solicitudesEmpleadolistaDocumentos0j_idt2892' is clicked on

2021-12-01 11:57:46 - [TEST_STEP][PASSED] - waitForElementClickable(findTestObject("Modulo Tarea Administracion Compensacion/Solicitud/input_Se ha cargado el archivo_popupDocumentoNovedad"), 0): Object 'Object Repository/Modulo Tarea Administracion Compensacion/Solicitud/input_Se ha cargado el archivo_popupDocumentoNovedad' is clickable

2021-12-01 11:57:46 - [MESSAGE][WARNING] - Timeout '0' is invalid. Using default page load timeout: '30'

2021-12-01 11:57:47 - [MESSAGE][PASSED] - Object 'Object Repository/Modulo Tarea Administracion Compensacion/Solicitud/input_Se ha cargado el archivo_popupDocumentoNovedad' is clickable

2021-12-01 11:57:47 - [TEST_STEP][PASSED] - ruta = G_rutaarchivos + "certificado_personal_planta.txt": null

2021-12-01 11:57:47 - [TEST_STEP][PASSED] - uploadFile(findTestObject("Modulo Tarea Administracion Compensacion/Solicitud/input_Se ha cargado el archivo_popupDocumentoNovedad"), ruta): File 'E:\unionweb14\certificado_personal_planta.txt' sent to object: 'Object Repository/Modulo Tarea Administracion Compensacion/Solicitud/input_Se ha cargado el archivo_popupDocumentoNovedad'

2021-12-01 11:57:47 - [MESSAGE][PASSED] - File 'E:\unionweb14\certificado_personal_planta.txt' sent to object: 'Object Repository/Modulo Tarea Administracion Compensacion/Solicitud/input_Se ha cargado el archivo_popupDocumentoNovedad'

2021-12-01 11:57:47 - [TEST_STEP][PASSED] - waitForElementClickable(findTestObject("Modulo Tarea Administracion Compensacion/Solicitud/input_Vigencia_popupDocumentoNovedad"), 0): Object 'Object Repository/Modulo Tarea Administracion Compensacion/Solicitud/input_Vigencia_popupDocumentoNovedad' is clickable

2021-12-01 11:57:47 - [MESSAGE][WARNING] - Timeout '0' is invalid. Using default page load timeout: '30'

2021-12-01 11:57:48 - [MESSAGE][PASSED] - Object 'Object Repository/Modulo Tarea Administracion Compensacion/Solicitud/input_Vigencia_popupDocumentoNovedad' is clickable

2021-12-01 11:57:48 - [TEST_STEP][PASSED] - setText(findTestObject("Modulo Tarea Administracion Compensacion/Solicitud/input_Vigencia_popupDocumentoNovedad"), "01/07/2021"): Text '01/07/2021' is set on object 'Object Repository/Modulo Tarea Administracion Compensacion/Solicitud/input_Vigencia_popupDocumentoNovedad'

2021-12-01 11:57:49 - [MESSAGE][PASSED] - Text '01/07/2021' is set on object 'Object Repository/Modulo Tarea Administracion Compensacion/Solicitud/input_Vigencia_popupDocumentoNovedad'

2021-12-01 11:57:49 - [TEST_STEP][PASSED] - sendKeys(findTestObject("Modulo Tarea Administracion Compensacion/Solicitud/input_Vigencia_popupDocumentoNovedad_formvigencia_input"), Keys.chord(ESCAPE)): Keys 'ESCAPE + ' sent to object: 'Object Repository/Modulo Tarea Administracion Compensacion/Solicitud/input_Vigencia_popupDocumentoNovedad_formvigencia_input'

2021-12-01 11:57:49 - [MESSAGE][PASSED] - Keys 'ESCAPE + ' sent to object: 'Object Repository/Modulo Tarea Administracion Compensacion/Solicitud/input_Vigencia_popupDocumentoNovedad_formvigencia_input'

2021-12-01 11:57:49 - [TEST_STEP][PASSED] - setText(findTestObject("Modulo Tarea Administracion Compensacion/Solicitud/textarea_Observacin_popupDocumentoNovedad_formobservacion"), "PRUEBA"): Text 'PRUEBA' is set on object 'Object Repository/Modulo Tarea Administracion Compensacion/Solicitud/textarea_Observacin_popupDocumentoNovedad_formobservacion'

2021-12-01 11:57:50 - [MESSAGE][PASSED] - Text 'PRUEBA' is set on object 'Object Repository/Modulo Tarea Administracion Compensacion/Solicitud/textarea_Observacin_popupDocumentoNovedad_formobservacion'

2021-12-01 11:57:50 - [TEST_STEP][PASSED] - click(findTestObject("Modulo Tarea Administracion Compensacion/Solicitud/a_Guardar_Solicitud")): Object: 'Object Repository/Modulo Tarea Administracion Compensacion/Solicitud/a_Guardar_Solicitud' is clicked on

2021-12-01 11:57:50 - [MESSAGE][PASSED] - Object: 'Object Repository/Modulo Tarea Administracion Compensacion/Solicitud/a_Guardar_Solicitud' is clicked on

2021-12-01 11:57:50 - [TEST_STEP][PASSED] - waitForElementClickable(findTestObject("Modulo Tarea Administracion Compensacion/Solicitud/a_Guardar"), 0): Object 'Object Repository/Modulo Tarea Administracion Compensacion/Solicitud/a_Guardar' is clickable

2021-12-01 11:57:50 - [MESSAGE][WARNING] - Timeout '0' is invalid. Using default page load timeout: '30'

2021-12-01 11:57:52 - [MESSAGE][PASSED] - Object 'Object Repository/Modulo Tarea Administracion Compensacion/Solicitud/a_Guardar' is clickable

2021-12-01 11:57:52 - [TEST_STEP][PASSED] - click(findTestObject("Modulo Tarea Administracion Compensacion/Solicitud/a_Guardar")): Object: 'Object Repository/Modulo Tarea Administracion Compensacion/Solicitud/a_Guardar' is clicked on

2021-12-01 11:57:52 - [MESSAGE][PASSED] - Object: 'Object Repository/Modulo Tarea Administracion Compensacion/Solicitud/a_Guardar' is clicked on

2021-12-01 11:57:52 - [TEST_STEP][PASSED] - getText(findTestObject("Alerta/Alerta")): Text of object 'Object Repository/Alerta/Alerta' is: 'Se actualizo el registro satisfactoriamente'

2021-12-01 11:57:56 - [MESSAGE][PASSED] - Text of object 'Object Repository/Alerta/Alerta' is: 'Se actualizo el registro satisfactoriamente'

2021-12-01 11:57:56 - [TEST_STEP][PASSED] - closeBrowser(): Browser is closed

2021-12-01 11:57:57 - [MESSAGE][PASSED] - Browser is closed]]></system-out>
         <system-err><![CDATA[]]></system-err>
      </testcase>
      <testcase name="Test Cases/1.1-Tareas Principales/1.2.6-Legalizar Solicitud Nov Empelado" time="27.034" classname="Test Cases/1.1-Tareas Principales/1.2.6-Legalizar Solicitud Nov Empelado" status="PASSED">
         <system-out><![CDATA[2021-12-01 11:57:57 - [TEST_CASE][PASSED] - Test Cases/1.1-Tareas Principales/1.2.6-Legalizar Solicitud Nov Empelado: Test Cases/1.1-Tareas Principales/1.2.6-Legalizar Solicitud Nov Empelado

2021-12-01 11:57:57 - [TEST_STEP][PASSED] - callTestCase(findTestCase("Hutilidades/Tareas Administracion Compensacion/Tarea Aplicacion Nov. Empleado"), [:], STOP_ON_FAILURE): Call Test Case 'Test Cases/Hutilidades/Tareas Administracion Compensacion/Tarea Aplicacion Nov. Empleado' successfully

2021-12-01 11:57:57 - [TEST_CASE][PASSED] - Test Cases/Hutilidades/Tareas Administracion Compensacion/Tarea Aplicacion Nov. Empleado: Test Cases/Hutilidades/Tareas Administracion Compensacion/Tarea Aplicacion Nov. Empleado

2021-12-01 11:57:58 - [TEST_STEP][PASSED] - callTestCase(findTestCase("0.1-Login"), [:], STOP_ON_FAILURE): Call Test Case 'Test Cases/0.1-Login' successfully

2021-12-01 11:57:58 - [TEST_CASE][PASSED] - Test Cases/0.1-Login: Test Cases/0.1-Login

2021-12-01 11:57:58 - [TEST_STEP][PASSED] - openBrowser(""): Browser is opened with url: ''

2021-12-01 11:57:58 - [MESSAGE][INFO] - Starting 'Chrome' driver

2021-12-01 11:57:58 - [MESSAGE][INFO] - Action delay is set to 0 milliseconds

2021-12-01 11:57:59 - [MESSAGE][PASSED] - Browser is opened with url: ''

2021-12-01 11:57:59 - [TEST_STEP][PASSED] - maximizeWindow(): Current window maximized

2021-12-01 11:57:59 - [MESSAGE][PASSED] - Current window maximized

2021-12-01 11:57:59 - [TEST_STEP][PASSED] - i = G_Login: null

2021-12-01 11:57:59 - [TEST_STEP][PASSED] - url = new java.net.URL(i): null

2021-12-01 11:57:59 - [TEST_STEP][PASSED] - println("URL: " + url.toString()): null

2021-12-01 11:57:59 - [TEST_STEP][PASSED] - connection = url.openConnection(): null

2021-12-01 11:57:59 - [TEST_STEP][PASSED] - connection.setRequestMethod("GET"): null

2021-12-01 11:57:59 - [TEST_STEP][PASSED] - connection.setReadTimeout(2 * 1000): null

2021-12-01 11:57:59 - [TEST_STEP][PASSED] - try: null

2021-12-01 11:57:59 - [TEST_STEP][PASSED] - connection.connect(): null

2021-12-01 11:57:59 - [TEST_STEP][PASSED] - flag = connected: null

2021-12-01 11:57:59 - [TEST_STEP][PASSED] - println("Valor_ori: " + flag): null

2021-12-01 11:57:59 - [TEST_STEP][PASSED] - if (flag): null

2021-12-01 11:57:59 - [TEST_STEP][PASSED] - navigateToUrl(i): Navigate to 'http://localhost:8380/saraweb/' successfully

2021-12-01 11:58:00 - [MESSAGE][PASSED] - Navigate to 'http://localhost:8380/saraweb/' successfully

2021-12-01 11:58:00 - [TEST_STEP][PASSED] - a(): null

2021-12-01 11:58:00 - [TEST_STEP][PASSED] - setText(findTestObject("Login/input_USUARIO_loginusuario"), G_Usuario): Text 'saraadmin' is set on object 'Object Repository/Login/input_USUARIO_loginusuario'

2021-12-01 11:58:01 - [MESSAGE][PASSED] - Text 'saraadmin' is set on object 'Object Repository/Login/input_USUARIO_loginusuario'

2021-12-01 11:58:01 - [TEST_STEP][PASSED] - setEncryptedText(findTestObject("Login/input_CLAVE_loginpassword"), "MkG4/TYiCFC3cb2driP7+Q=="): Text ****** has been set on object 'Object Repository/Login/input_CLAVE_loginpassword'

2021-12-01 11:58:01 - [MESSAGE][PASSED] - Text ****** has been set on object 'Object Repository/Login/input_CLAVE_loginpassword'

2021-12-01 11:58:01 - [TEST_STEP][PASSED] - waitForElementClickable(findTestObject("Login/a_Ingresar"), G_TimeOut): Object 'Object Repository/Login/a_Ingresar' is clickable

2021-12-01 11:58:02 - [MESSAGE][PASSED] - Object 'Object Repository/Login/a_Ingresar' is clickable

2021-12-01 11:58:02 - [TEST_STEP][PASSED] - click(findTestObject("Login/a_Ingresar")): Object: 'Object Repository/Login/a_Ingresar' is clicked on

2021-12-01 11:58:03 - [MESSAGE][PASSED] - Object: 'Object Repository/Login/a_Ingresar' is clicked on

2021-12-01 11:58:03 - [TEST_STEP][PASSED] - element = findWebElement(findTestObject("Login/a_Ir"), 30): null

2021-12-01 11:58:03 - [TEST_STEP][PASSED] - executeJavaScript("arguments[0].click()", Arrays.asList(element)): Execute JavaScript 'arguments[0].click()' successfully

2021-12-01 11:58:03 - [MESSAGE][PASSED] - Execute JavaScript 'arguments[0].click()' successfully

2021-12-01 11:58:03 - [MESSAGE][PASSED] - Call Test Case 'Test Cases/0.1-Login' successfully

2021-12-01 11:58:03 - [TEST_STEP][PASSED] - delay(2): Delayed 2 second(s)

2021-12-01 11:58:05 - [MESSAGE][PASSED] - Delayed 2 second(s)

2021-12-01 11:58:05 - [TEST_STEP][PASSED] - setText(findTestObject("Modulo Tarea Administracion Compensacion/Tarea Aplicacion Nov. Empleado/input_Listado Hojas De Vida_form_templatej_idt24_input"), "Aplicacion Nov. Empleado"): Text 'Aplicacion Nov. Empleado' is set on object 'Object Repository/Modulo Tarea Administracion Compensacion/Tarea Aplicacion Nov. Empleado/input_Listado Hojas De Vida_form_templatej_idt24_input'

2021-12-01 11:58:06 - [MESSAGE][PASSED] - Text 'Aplicacion Nov. Empleado' is set on object 'Object Repository/Modulo Tarea Administracion Compensacion/Tarea Aplicacion Nov. Empleado/input_Listado Hojas De Vida_form_templatej_idt24_input'

2021-12-01 11:58:06 - [TEST_STEP][PASSED] - delay(2): Delayed 2 second(s)

2021-12-01 11:58:08 - [MESSAGE][PASSED] - Delayed 2 second(s)

2021-12-01 11:58:08 - [TEST_STEP][PASSED] - sendKeys(findTestObject("Modulo Tarea Administracion Compensacion/Tarea Aplicacion Nov. Empleado/input_Listado Hojas De Vida_form_templatej_idt24_input"), Keys.chord(ENTER)): Keys 'ENTER + ' sent to object: 'Object Repository/Modulo Tarea Administracion Compensacion/Tarea Aplicacion Nov. Empleado/input_Listado Hojas De Vida_form_templatej_idt24_input'

2021-12-01 11:58:08 - [MESSAGE][PASSED] - Keys 'ENTER + ' sent to object: 'Object Repository/Modulo Tarea Administracion Compensacion/Tarea Aplicacion Nov. Empleado/input_Listado Hojas De Vida_form_templatej_idt24_input'

2021-12-01 11:58:08 - [MESSAGE][PASSED] - Call Test Case 'Test Cases/Hutilidades/Tareas Administracion Compensacion/Tarea Aplicacion Nov. Empleado' successfully

2021-12-01 11:58:08 - [TEST_STEP][PASSED] - waitForElementClickable(findTestObject("Modulo Tarea Administracion Compensacion/Legalizar Solicitud Nov Empelado/a_Ausentismo_Por Autorizar"), 0): Object 'Object Repository/Modulo Tarea Administracion Compensacion/Legalizar Solicitud Nov Empelado/a_Ausentismo_Por Autorizar' is clickable

2021-12-01 11:58:09 - [MESSAGE][WARNING] - Timeout '0' is invalid. Using default page load timeout: '30'

2021-12-01 11:58:14 - [MESSAGE][PASSED] - Object 'Object Repository/Modulo Tarea Administracion Compensacion/Legalizar Solicitud Nov Empelado/a_Ausentismo_Por Autorizar' is clickable

2021-12-01 11:58:14 - [TEST_STEP][PASSED] - click(findTestObject("Modulo Tarea Administracion Compensacion/Legalizar Solicitud Nov Empelado/a_Ausentismo_Por Autorizar")): Object: 'Object Repository/Modulo Tarea Administracion Compensacion/Legalizar Solicitud Nov Empelado/a_Ausentismo_Por Autorizar' is clicked on

2021-12-01 11:58:14 - [MESSAGE][PASSED] - Object: 'Object Repository/Modulo Tarea Administracion Compensacion/Legalizar Solicitud Nov Empelado/a_Ausentismo_Por Autorizar' is clicked on

2021-12-01 11:58:14 - [TEST_STEP][PASSED] - if (waitForElementClickable(findTestObject("Modulo Tarea Administracion Compensacion/Legalizar Solicitud Nov Empelado/span_Consta Belfegord . Jhon"), 1)): null

2021-12-01 11:58:15 - [MESSAGE][PASSED] - Object 'Object Repository/Modulo Tarea Administracion Compensacion/Legalizar Solicitud Nov Empelado/span_Consta Belfegord . Jhon' is clickable

2021-12-01 11:58:15 - [TEST_STEP][PASSED] - click(findTestObject("Modulo Tarea Administracion Compensacion/Legalizar Solicitud Nov Empelado/div_Solicitud_ui-chkbox-box_Consta Belfegord")): Object: 'Object Repository/Modulo Tarea Administracion Compensacion/Legalizar Solicitud Nov Empelado/div_Solicitud_ui-chkbox-box_Consta Belfegord' is clicked on

2021-12-01 11:58:15 - [MESSAGE][PASSED] - Object: 'Object Repository/Modulo Tarea Administracion Compensacion/Legalizar Solicitud Nov Empelado/div_Solicitud_ui-chkbox-box_Consta Belfegord' is clicked on

2021-12-01 11:58:15 - [TEST_STEP][PASSED] - click(findTestObject("Modulo Tarea Administracion Compensacion/Legalizar Solicitud Nov Empelado/a_Autorizar")): Object: 'Object Repository/Modulo Tarea Administracion Compensacion/Legalizar Solicitud Nov Empelado/a_Autorizar' is clicked on

2021-12-01 11:58:16 - [MESSAGE][PASSED] - Object: 'Object Repository/Modulo Tarea Administracion Compensacion/Legalizar Solicitud Nov Empelado/a_Autorizar' is clicked on

2021-12-01 11:58:16 - [TEST_STEP][PASSED] - waitForElementClickable(findTestObject("Modulo Tarea Administracion Compensacion/Legalizar Solicitud Nov Empelado/span_Si_Por  Autorizar"), 0): Object 'Object Repository/Modulo Tarea Administracion Compensacion/Legalizar Solicitud Nov Empelado/span_Si_Por  Autorizar' is clickable

2021-12-01 11:58:16 - [MESSAGE][WARNING] - Timeout '0' is invalid. Using default page load timeout: '30'

2021-12-01 11:58:17 - [MESSAGE][PASSED] - Object 'Object Repository/Modulo Tarea Administracion Compensacion/Legalizar Solicitud Nov Empelado/span_Si_Por  Autorizar' is clickable

2021-12-01 11:58:17 - [TEST_STEP][PASSED] - click(findTestObject("Modulo Tarea Administracion Compensacion/Legalizar Solicitud Nov Empelado/span_Si_Por  Autorizar")): Object: 'Object Repository/Modulo Tarea Administracion Compensacion/Legalizar Solicitud Nov Empelado/span_Si_Por  Autorizar' is clicked on

2021-12-01 11:58:17 - [MESSAGE][PASSED] - Object: 'Object Repository/Modulo Tarea Administracion Compensacion/Legalizar Solicitud Nov Empelado/span_Si_Por  Autorizar' is clicked on

2021-12-01 11:58:17 - [TEST_STEP][PASSED] - click(findTestObject("Modulo Tarea Administracion Compensacion/Legalizar Solicitud Nov Empelado/a_Continuar_Por Autorizar")): Object: 'Object Repository/Modulo Tarea Administracion Compensacion/Legalizar Solicitud Nov Empelado/a_Continuar_Por Autorizar' is clicked on

2021-12-01 11:58:18 - [MESSAGE][PASSED] - Object: 'Object Repository/Modulo Tarea Administracion Compensacion/Legalizar Solicitud Nov Empelado/a_Continuar_Por Autorizar' is clicked on

2021-12-01 11:58:18 - [TEST_STEP][PASSED] - waitForElementClickable(findTestObject("Modulo Tarea Administracion Compensacion/Legalizar Solicitud Nov Empelado/a_Ausentismo_Por legalizar"), 0): Object 'Object Repository/Modulo Tarea Administracion Compensacion/Legalizar Solicitud Nov Empelado/a_Ausentismo_Por legalizar' is clickable

2021-12-01 11:58:18 - [MESSAGE][WARNING] - Timeout '0' is invalid. Using default page load timeout: '30'

2021-12-01 11:58:19 - [MESSAGE][PASSED] - Object 'Object Repository/Modulo Tarea Administracion Compensacion/Legalizar Solicitud Nov Empelado/a_Ausentismo_Por legalizar' is clickable

2021-12-01 11:58:19 - [TEST_STEP][PASSED] - click(findTestObject("Modulo Tarea Administracion Compensacion/Legalizar Solicitud Nov Empelado/a_Ausentismo_Por legalizar")): Object: 'Object Repository/Modulo Tarea Administracion Compensacion/Legalizar Solicitud Nov Empelado/a_Ausentismo_Por legalizar' is clicked on

2021-12-01 11:58:20 - [MESSAGE][PASSED] - Object: 'Object Repository/Modulo Tarea Administracion Compensacion/Legalizar Solicitud Nov Empelado/a_Ausentismo_Por legalizar' is clicked on

2021-12-01 11:58:20 - [TEST_STEP][PASSED] - check(findTestObject("Modulo Tarea Administracion Compensacion/Legalizar Solicitud Nov Empelado/div_Estado_ui-chkbox-box ui-widget ui-corner-all ui-state-default")): Object 'Object Repository/Modulo Tarea Administracion Compensacion/Legalizar Solicitud Nov Empelado/div_Estado_ui-chkbox-box ui-widget ui-corner-all ui-state-default' is checked

2021-12-01 11:58:20 - [MESSAGE][PASSED] - Object 'Object Repository/Modulo Tarea Administracion Compensacion/Legalizar Solicitud Nov Empelado/div_Estado_ui-chkbox-box ui-widget ui-corner-all ui-state-default' is checked

2021-12-01 11:58:20 - [TEST_STEP][PASSED] - click(findTestObject("Modulo Tarea Administracion Compensacion/Legalizar Solicitud Nov Empelado/a_Legalizacin")): Object: 'Object Repository/Modulo Tarea Administracion Compensacion/Legalizar Solicitud Nov Empelado/a_Legalizacin' is clicked on

2021-12-01 11:58:21 - [MESSAGE][PASSED] - Object: 'Object Repository/Modulo Tarea Administracion Compensacion/Legalizar Solicitud Nov Empelado/a_Legalizacin' is clicked on

2021-12-01 11:58:21 - [TEST_STEP][PASSED] - click(findTestObject("Modulo Tarea Administracion Compensacion/Legalizar Solicitud Nov Empelado/span_Si")): Object: 'Object Repository/Modulo Tarea Administracion Compensacion/Legalizar Solicitud Nov Empelado/span_Si' is clicked on

2021-12-01 11:58:22 - [MESSAGE][PASSED] - Object: 'Object Repository/Modulo Tarea Administracion Compensacion/Legalizar Solicitud Nov Empelado/span_Si' is clicked on

2021-12-01 11:58:22 - [TEST_STEP][PASSED] - click(findTestObject("Modulo Tarea Administracion Compensacion/Legalizar Solicitud Nov Empelado/a_Continuar")): Object: 'Object Repository/Modulo Tarea Administracion Compensacion/Legalizar Solicitud Nov Empelado/a_Continuar' is clicked on

2021-12-01 11:58:23 - [MESSAGE][PASSED] - Object: 'Object Repository/Modulo Tarea Administracion Compensacion/Legalizar Solicitud Nov Empelado/a_Continuar' is clicked on

2021-12-01 11:58:23 - [TEST_STEP][PASSED] - closeBrowser(): Browser is closed

2021-12-01 11:58:24 - [MESSAGE][PASSED] - Browser is closed]]></system-out>
         <system-err><![CDATA[]]></system-err>
      </testcase>
      <testcase name="Test Cases/1.1-Tareas Principales/1.2.7-Liquidacion Periodica" time="27.211" classname="Test Cases/1.1-Tareas Principales/1.2.7-Liquidacion Periodica" status="PASSED">
         <system-out><![CDATA[2021-12-01 11:58:24 - [TEST_CASE][PASSED] - Test Cases/1.1-Tareas Principales/1.2.7-Liquidacion Periodica: Test Cases/1.1-Tareas Principales/1.2.7-Liquidacion Periodica

2021-12-01 11:58:24 - [TEST_STEP][PASSED] - callTestCase(findTestCase("Hutilidades/Tareas Administracion Compensacion/Tarea Listado Empleados"), [:], STOP_ON_FAILURE): Call Test Case 'Test Cases/Hutilidades/Tareas Administracion Compensacion/Tarea Listado Empleados' successfully

2021-12-01 11:58:24 - [TEST_CASE][PASSED] - Test Cases/Hutilidades/Tareas Administracion Compensacion/Tarea Listado Empleados: Test Cases/Hutilidades/Tareas Administracion Compensacion/Tarea Listado Empleados

2021-12-01 11:58:24 - [TEST_STEP][PASSED] - callTestCase(findTestCase("0.1-Login"), [:], STOP_ON_FAILURE): Call Test Case 'Test Cases/0.1-Login' successfully

2021-12-01 11:58:24 - [TEST_CASE][PASSED] - Test Cases/0.1-Login: Test Cases/0.1-Login

2021-12-01 11:58:24 - [TEST_STEP][PASSED] - openBrowser(""): Browser is opened with url: ''

2021-12-01 11:58:24 - [MESSAGE][INFO] - Starting 'Chrome' driver

2021-12-01 11:58:24 - [MESSAGE][INFO] - Action delay is set to 0 milliseconds

2021-12-01 11:58:26 - [MESSAGE][PASSED] - Browser is opened with url: ''

2021-12-01 11:58:26 - [TEST_STEP][PASSED] - maximizeWindow(): Current window maximized

2021-12-01 11:58:26 - [MESSAGE][PASSED] - Current window maximized

2021-12-01 11:58:26 - [TEST_STEP][PASSED] - i = G_Login: null

2021-12-01 11:58:26 - [TEST_STEP][PASSED] - url = new java.net.URL(i): null

2021-12-01 11:58:26 - [TEST_STEP][PASSED] - println("URL: " + url.toString()): null

2021-12-01 11:58:26 - [TEST_STEP][PASSED] - connection = url.openConnection(): null

2021-12-01 11:58:26 - [TEST_STEP][PASSED] - connection.setRequestMethod("GET"): null

2021-12-01 11:58:26 - [TEST_STEP][PASSED] - connection.setReadTimeout(2 * 1000): null

2021-12-01 11:58:26 - [TEST_STEP][PASSED] - try: null

2021-12-01 11:58:26 - [TEST_STEP][PASSED] - connection.connect(): null

2021-12-01 11:58:26 - [TEST_STEP][PASSED] - flag = connected: null

2021-12-01 11:58:26 - [TEST_STEP][PASSED] - println("Valor_ori: " + flag): null

2021-12-01 11:58:26 - [TEST_STEP][PASSED] - if (flag): null

2021-12-01 11:58:26 - [TEST_STEP][PASSED] - navigateToUrl(i): Navigate to 'http://localhost:8380/saraweb/' successfully

2021-12-01 11:58:27 - [MESSAGE][PASSED] - Navigate to 'http://localhost:8380/saraweb/' successfully

2021-12-01 11:58:27 - [TEST_STEP][PASSED] - a(): null

2021-12-01 11:58:27 - [TEST_STEP][PASSED] - setText(findTestObject("Login/input_USUARIO_loginusuario"), G_Usuario): Text 'saraadmin' is set on object 'Object Repository/Login/input_USUARIO_loginusuario'

2021-12-01 11:58:28 - [MESSAGE][PASSED] - Text 'saraadmin' is set on object 'Object Repository/Login/input_USUARIO_loginusuario'

2021-12-01 11:58:28 - [TEST_STEP][PASSED] - setEncryptedText(findTestObject("Login/input_CLAVE_loginpassword"), "MkG4/TYiCFC3cb2driP7+Q=="): Text ****** has been set on object 'Object Repository/Login/input_CLAVE_loginpassword'

2021-12-01 11:58:28 - [MESSAGE][PASSED] - Text ****** has been set on object 'Object Repository/Login/input_CLAVE_loginpassword'

2021-12-01 11:58:28 - [TEST_STEP][PASSED] - waitForElementClickable(findTestObject("Login/a_Ingresar"), G_TimeOut): Object 'Object Repository/Login/a_Ingresar' is clickable

2021-12-01 11:58:28 - [MESSAGE][PASSED] - Object 'Object Repository/Login/a_Ingresar' is clickable

2021-12-01 11:58:28 - [TEST_STEP][PASSED] - click(findTestObject("Login/a_Ingresar")): Object: 'Object Repository/Login/a_Ingresar' is clicked on

2021-12-01 11:58:33 - [MESSAGE][PASSED] - Object: 'Object Repository/Login/a_Ingresar' is clicked on

2021-12-01 11:58:33 - [TEST_STEP][PASSED] - element = findWebElement(findTestObject("Login/a_Ir"), 30): null

2021-12-01 11:58:33 - [TEST_STEP][PASSED] - executeJavaScript("arguments[0].click()", Arrays.asList(element)): Execute JavaScript 'arguments[0].click()' successfully

2021-12-01 11:58:33 - [MESSAGE][PASSED] - Execute JavaScript 'arguments[0].click()' successfully

2021-12-01 11:58:33 - [MESSAGE][PASSED] - Call Test Case 'Test Cases/0.1-Login' successfully

2021-12-01 11:58:33 - [TEST_STEP][PASSED] - setText(findTestObject("Modulo Tarea Listado Hojas de Vida/Tareas Listado Hojas de Vida/input_Listado Hojas De Vida_form_templatej_idt24_input"), "Listado de Empleados"): Text 'Listado de Empleados' is set on object 'Object Repository/Modulo Tarea Listado Hojas de Vida/Tareas Listado Hojas de Vida/input_Listado Hojas De Vida_form_templatej_idt24_input'

2021-12-01 11:58:34 - [MESSAGE][PASSED] - Text 'Listado de Empleados' is set on object 'Object Repository/Modulo Tarea Listado Hojas de Vida/Tareas Listado Hojas de Vida/input_Listado Hojas De Vida_form_templatej_idt24_input'

2021-12-01 11:58:34 - [TEST_STEP][PASSED] - delay(3): Delayed 3 second(s)

2021-12-01 11:58:37 - [MESSAGE][PASSED] - Delayed 3 second(s)

2021-12-01 11:58:37 - [TEST_STEP][PASSED] - sendKeys(findTestObject("Modulo Tarea Listado Hojas de Vida/Tareas Listado Hojas de Vida/input_Listado Hojas De Vida_form_templatej_idt24_input"), Keys.chord(ENTER)): Keys 'ENTER + ' sent to object: 'Object Repository/Modulo Tarea Listado Hojas de Vida/Tareas Listado Hojas de Vida/input_Listado Hojas De Vida_form_templatej_idt24_input'

2021-12-01 11:58:38 - [MESSAGE][PASSED] - Keys 'ENTER + ' sent to object: 'Object Repository/Modulo Tarea Listado Hojas de Vida/Tareas Listado Hojas de Vida/input_Listado Hojas De Vida_form_templatej_idt24_input'

2021-12-01 11:58:38 - [MESSAGE][PASSED] - Call Test Case 'Test Cases/Hutilidades/Tareas Administracion Compensacion/Tarea Listado Empleados' successfully

2021-12-01 11:58:38 - [TEST_STEP][PASSED] - waitForElementClickable(findTestObject("Modulo Tarea Administracion Compensacion/Liquidacion Periodica/input_Identificacin_listadoEmp"), 0): Object 'Object Repository/Modulo Tarea Administracion Compensacion/Liquidacion Periodica/input_Identificacin_listadoEmp' is clickable

2021-12-01 11:58:38 - [MESSAGE][WARNING] - Timeout '0' is invalid. Using default page load timeout: '30'

2021-12-01 11:58:40 - [MESSAGE][PASSED] - Object 'Object Repository/Modulo Tarea Administracion Compensacion/Liquidacion Periodica/input_Identificacin_listadoEmp' is clickable

2021-12-01 11:58:40 - [TEST_STEP][PASSED] - setText(findTestObject("Modulo Tarea Administracion Compensacion/Liquidacion Periodica/input_Identificacin_listadoEmp"), "354968431354"): Text '354968431354' is set on object 'Object Repository/Modulo Tarea Administracion Compensacion/Liquidacion Periodica/input_Identificacin_listadoEmp'

2021-12-01 11:58:40 - [MESSAGE][PASSED] - Text '354968431354' is set on object 'Object Repository/Modulo Tarea Administracion Compensacion/Liquidacion Periodica/input_Identificacin_listadoEmp'

2021-12-01 11:58:40 - [TEST_STEP][PASSED] - sendKeys(findTestObject("Modulo Tarea Administracion Compensacion/Liquidacion Periodica/input_Identificacin_listadoEmp"), Keys.chord(ENTER)): Keys 'ENTER + ' sent to object: 'Object Repository/Modulo Tarea Administracion Compensacion/Liquidacion Periodica/input_Identificacin_listadoEmp'

2021-12-01 11:58:41 - [MESSAGE][PASSED] - Keys 'ENTER + ' sent to object: 'Object Repository/Modulo Tarea Administracion Compensacion/Liquidacion Periodica/input_Identificacin_listadoEmp'

2021-12-01 11:58:41 - [TEST_STEP][PASSED] - click(findTestObject("Modulo Tarea Administracion Compensacion/Liquidacion Periodica/span_CONSTA BELFEGORD JHON")): Object: 'Object Repository/Modulo Tarea Administracion Compensacion/Liquidacion Periodica/span_CONSTA BELFEGORD JHON' is clicked on

2021-12-01 11:58:42 - [MESSAGE][PASSED] - Object: 'Object Repository/Modulo Tarea Administracion Compensacion/Liquidacion Periodica/span_CONSTA BELFEGORD JHON' is clicked on

2021-12-01 11:58:42 - [TEST_STEP][PASSED] - waitForElementClickable(findTestObject("Modulo Tarea Administracion Compensacion/Liquidacion Periodica/span_Liquidacin Periodica"), 0): Object 'Object Repository/Modulo Tarea Administracion Compensacion/Liquidacion Periodica/span_Liquidacin Periodica' is clickable

2021-12-01 11:58:42 - [MESSAGE][WARNING] - Timeout '0' is invalid. Using default page load timeout: '30'

2021-12-01 11:58:42 - [MESSAGE][PASSED] - Object 'Object Repository/Modulo Tarea Administracion Compensacion/Liquidacion Periodica/span_Liquidacin Periodica' is clickable

2021-12-01 11:58:42 - [TEST_STEP][PASSED] - click(findTestObject("Modulo Tarea Administracion Compensacion/Liquidacion Periodica/span_Liquidacin Periodica")): Object: 'Object Repository/Modulo Tarea Administracion Compensacion/Liquidacion Periodica/span_Liquidacin Periodica' is clicked on

2021-12-01 11:58:43 - [MESSAGE][PASSED] - Object: 'Object Repository/Modulo Tarea Administracion Compensacion/Liquidacion Periodica/span_Liquidacin Periodica' is clicked on

2021-12-01 11:58:43 - [TEST_STEP][PASSED] - click(findTestObject("Modulo Tarea Administracion Compensacion/Liquidacion Periodica/a_Nuevo")): Object: 'Object Repository/Modulo Tarea Administracion Compensacion/Liquidacion Periodica/a_Nuevo' is clicked on

2021-12-01 11:58:44 - [MESSAGE][PASSED] - Object: 'Object Repository/Modulo Tarea Administracion Compensacion/Liquidacion Periodica/a_Nuevo' is clicked on

2021-12-01 11:58:44 - [TEST_STEP][PASSED] - waitForElementClickable(findTestObject("Modulo Tarea Administracion Compensacion/Liquidacion Periodica/select_-- seleccione --BC - PR"), 0, STOP_ON_FAILURE): Object 'Object Repository/Modulo Tarea Administracion Compensacion/Liquidacion Periodica/select_-- seleccione --BC - PR' is clickable

2021-12-01 11:58:44 - [MESSAGE][WARNING] - Timeout '0' is invalid. Using default page load timeout: '30'

2021-12-01 11:58:44 - [MESSAGE][PASSED] - Object 'Object Repository/Modulo Tarea Administracion Compensacion/Liquidacion Periodica/select_-- seleccione --BC - PR' is clickable

2021-12-01 11:58:44 - [TEST_STEP][PASSED] - selectOptionByValue(findTestObject("Modulo Tarea Administracion Compensacion/Liquidacion Periodica/select_-- seleccione --BC - PR"), "BC", true): All options with value 'BC' are selected in object 'Object Repository/Modulo Tarea Administracion Compensacion/Liquidacion Periodica/select_-- seleccione --BC - PR'  using regular expression

2021-12-01 11:58:45 - [MESSAGE][PASSED] - All options with value 'BC' are selected in object 'Object Repository/Modulo Tarea Administracion Compensacion/Liquidacion Periodica/select_-- seleccione --BC - PR'  using regular expression

2021-12-01 11:58:45 - [TEST_STEP][PASSED] - setText(findTestObject("Modulo Tarea Administracion Compensacion/Liquidacion Periodica/input_Fecha Inicial _form_liqu"), "01/12/2018"): Text '01/12/2018' is set on object 'Object Repository/Modulo Tarea Administracion Compensacion/Liquidacion Periodica/input_Fecha Inicial _form_liqu'

2021-12-01 11:58:46 - [MESSAGE][PASSED] - Text '01/12/2018' is set on object 'Object Repository/Modulo Tarea Administracion Compensacion/Liquidacion Periodica/input_Fecha Inicial _form_liqu'

2021-12-01 11:58:46 - [TEST_STEP][PASSED] - sendKeys(findTestObject("Modulo Tarea Administracion Compensacion/Liquidacion Periodica/input_Fecha Inicial _form_liqu"), Keys.chord(ENTER)): Keys 'ENTER + ' sent to object: 'Object Repository/Modulo Tarea Administracion Compensacion/Liquidacion Periodica/input_Fecha Inicial _form_liqu'

2021-12-01 11:58:47 - [MESSAGE][PASSED] - Keys 'ENTER + ' sent to object: 'Object Repository/Modulo Tarea Administracion Compensacion/Liquidacion Periodica/input_Fecha Inicial _form_liqu'

2021-12-01 11:58:47 - [TEST_STEP][PASSED] - waitForElementClickable(findTestObject("Modulo Tarea Administracion Compensacion/Liquidacion Periodica/a_Guardar"), 0): Object 'Object Repository/Modulo Tarea Administracion Compensacion/Liquidacion Periodica/a_Guardar' is clickable

2021-12-01 11:58:47 - [MESSAGE][WARNING] - Timeout '0' is invalid. Using default page load timeout: '30'

2021-12-01 11:58:47 - [MESSAGE][PASSED] - Object 'Object Repository/Modulo Tarea Administracion Compensacion/Liquidacion Periodica/a_Guardar' is clickable

2021-12-01 11:58:47 - [TEST_STEP][PASSED] - click(findTestObject("Modulo Tarea Administracion Compensacion/Liquidacion Periodica/a_Guardar")): Object: 'Object Repository/Modulo Tarea Administracion Compensacion/Liquidacion Periodica/a_Guardar' is clicked on

2021-12-01 11:58:48 - [MESSAGE][PASSED] - Object: 'Object Repository/Modulo Tarea Administracion Compensacion/Liquidacion Periodica/a_Guardar' is clicked on

2021-12-01 11:58:48 - [TEST_STEP][PASSED] - getText(findTestObject("Alerta/Alerta")): Text of object 'Object Repository/Alerta/Alerta' is: 'Se modifico el registro satisfactoriamente'

2021-12-01 11:58:50 - [MESSAGE][PASSED] - Text of object 'Object Repository/Alerta/Alerta' is: 'Se modifico el registro satisfactoriamente'

2021-12-01 11:58:50 - [TEST_STEP][PASSED] - closeBrowser(): Browser is closed

2021-12-01 11:58:51 - [MESSAGE][PASSED] - Browser is closed]]></system-out>
         <system-err><![CDATA[]]></system-err>
      </testcase>
      <testcase name="Test Cases/1.1-Tareas Principales/1.2.8-Embargos" time="26.735" classname="Test Cases/1.1-Tareas Principales/1.2.8-Embargos" status="PASSED">
         <system-out><![CDATA[2021-12-01 11:58:51 - [TEST_CASE][PASSED] - Test Cases/1.1-Tareas Principales/1.2.8-Embargos: Test Cases/1.1-Tareas Principales/1.2.8-Embargos

2021-12-01 11:58:52 - [TEST_STEP][PASSED] - callTestCase(findTestCase("Hutilidades/Tareas Administracion Compensacion/Tarea Listado Empleados"), [:], STOP_ON_FAILURE): Call Test Case 'Test Cases/Hutilidades/Tareas Administracion Compensacion/Tarea Listado Empleados' successfully

2021-12-01 11:58:52 - [TEST_CASE][PASSED] - Test Cases/Hutilidades/Tareas Administracion Compensacion/Tarea Listado Empleados: Test Cases/Hutilidades/Tareas Administracion Compensacion/Tarea Listado Empleados

2021-12-01 11:58:52 - [TEST_STEP][PASSED] - callTestCase(findTestCase("0.1-Login"), [:], STOP_ON_FAILURE): Call Test Case 'Test Cases/0.1-Login' successfully

2021-12-01 11:58:52 - [TEST_CASE][PASSED] - Test Cases/0.1-Login: Test Cases/0.1-Login

2021-12-01 11:58:52 - [TEST_STEP][PASSED] - openBrowser(""): Browser is opened with url: ''

2021-12-01 11:58:52 - [MESSAGE][INFO] - Starting 'Chrome' driver

2021-12-01 11:58:52 - [MESSAGE][INFO] - Action delay is set to 0 milliseconds

2021-12-01 11:58:53 - [MESSAGE][PASSED] - Browser is opened with url: ''

2021-12-01 11:58:53 - [TEST_STEP][PASSED] - maximizeWindow(): Current window maximized

2021-12-01 11:58:53 - [MESSAGE][PASSED] - Current window maximized

2021-12-01 11:58:53 - [TEST_STEP][PASSED] - i = G_Login: null

2021-12-01 11:58:53 - [TEST_STEP][PASSED] - url = new java.net.URL(i): null

2021-12-01 11:58:53 - [TEST_STEP][PASSED] - println("URL: " + url.toString()): null

2021-12-01 11:58:53 - [TEST_STEP][PASSED] - connection = url.openConnection(): null

2021-12-01 11:58:53 - [TEST_STEP][PASSED] - connection.setRequestMethod("GET"): null

2021-12-01 11:58:53 - [TEST_STEP][PASSED] - connection.setReadTimeout(2 * 1000): null

2021-12-01 11:58:53 - [TEST_STEP][PASSED] - try: null

2021-12-01 11:58:53 - [TEST_STEP][PASSED] - connection.connect(): null

2021-12-01 11:58:53 - [TEST_STEP][PASSED] - flag = connected: null

2021-12-01 11:58:53 - [TEST_STEP][PASSED] - println("Valor_ori: " + flag): null

2021-12-01 11:58:53 - [TEST_STEP][PASSED] - if (flag): null

2021-12-01 11:58:53 - [TEST_STEP][PASSED] - navigateToUrl(i): Navigate to 'http://localhost:8380/saraweb/' successfully

2021-12-01 11:58:54 - [MESSAGE][PASSED] - Navigate to 'http://localhost:8380/saraweb/' successfully

2021-12-01 11:58:54 - [TEST_STEP][PASSED] - a(): null

2021-12-01 11:58:54 - [TEST_STEP][PASSED] - setText(findTestObject("Login/input_USUARIO_loginusuario"), G_Usuario): Text 'saraadmin' is set on object 'Object Repository/Login/input_USUARIO_loginusuario'

2021-12-01 11:58:55 - [MESSAGE][PASSED] - Text 'saraadmin' is set on object 'Object Repository/Login/input_USUARIO_loginusuario'

2021-12-01 11:58:55 - [TEST_STEP][PASSED] - setEncryptedText(findTestObject("Login/input_CLAVE_loginpassword"), "MkG4/TYiCFC3cb2driP7+Q=="): Text ****** has been set on object 'Object Repository/Login/input_CLAVE_loginpassword'

2021-12-01 11:58:55 - [MESSAGE][PASSED] - Text ****** has been set on object 'Object Repository/Login/input_CLAVE_loginpassword'

2021-12-01 11:58:55 - [TEST_STEP][PASSED] - waitForElementClickable(findTestObject("Login/a_Ingresar"), G_TimeOut): Object 'Object Repository/Login/a_Ingresar' is clickable

2021-12-01 11:58:56 - [MESSAGE][PASSED] - Object 'Object Repository/Login/a_Ingresar' is clickable

2021-12-01 11:58:56 - [TEST_STEP][PASSED] - click(findTestObject("Login/a_Ingresar")): Object: 'Object Repository/Login/a_Ingresar' is clicked on

2021-12-01 11:58:58 - [MESSAGE][PASSED] - Object: 'Object Repository/Login/a_Ingresar' is clicked on

2021-12-01 11:58:58 - [TEST_STEP][PASSED] - element = findWebElement(findTestObject("Login/a_Ir"), 30): null

2021-12-01 11:58:58 - [TEST_STEP][PASSED] - executeJavaScript("arguments[0].click()", Arrays.asList(element)): Execute JavaScript 'arguments[0].click()' successfully

2021-12-01 11:58:58 - [MESSAGE][PASSED] - Execute JavaScript 'arguments[0].click()' successfully

2021-12-01 11:58:58 - [MESSAGE][PASSED] - Call Test Case 'Test Cases/0.1-Login' successfully

2021-12-01 11:58:58 - [TEST_STEP][PASSED] - setText(findTestObject("Modulo Tarea Listado Hojas de Vida/Tareas Listado Hojas de Vida/input_Listado Hojas De Vida_form_templatej_idt24_input"), "Listado de Empleados"): Text 'Listado de Empleados' is set on object 'Object Repository/Modulo Tarea Listado Hojas de Vida/Tareas Listado Hojas de Vida/input_Listado Hojas De Vida_form_templatej_idt24_input'

2021-12-01 11:59:00 - [MESSAGE][PASSED] - Text 'Listado de Empleados' is set on object 'Object Repository/Modulo Tarea Listado Hojas de Vida/Tareas Listado Hojas de Vida/input_Listado Hojas De Vida_form_templatej_idt24_input'

2021-12-01 11:59:00 - [TEST_STEP][PASSED] - delay(3): Delayed 3 second(s)

2021-12-01 11:59:03 - [MESSAGE][PASSED] - Delayed 3 second(s)

2021-12-01 11:59:03 - [TEST_STEP][PASSED] - sendKeys(findTestObject("Modulo Tarea Listado Hojas de Vida/Tareas Listado Hojas de Vida/input_Listado Hojas De Vida_form_templatej_idt24_input"), Keys.chord(ENTER)): Keys 'ENTER + ' sent to object: 'Object Repository/Modulo Tarea Listado Hojas de Vida/Tareas Listado Hojas de Vida/input_Listado Hojas De Vida_form_templatej_idt24_input'

2021-12-01 11:59:03 - [MESSAGE][PASSED] - Keys 'ENTER + ' sent to object: 'Object Repository/Modulo Tarea Listado Hojas de Vida/Tareas Listado Hojas de Vida/input_Listado Hojas De Vida_form_templatej_idt24_input'

2021-12-01 11:59:03 - [MESSAGE][PASSED] - Call Test Case 'Test Cases/Hutilidades/Tareas Administracion Compensacion/Tarea Listado Empleados' successfully

2021-12-01 11:59:03 - [TEST_STEP][PASSED] - waitForElementClickable(findTestObject("Modulo Tarea Administracion Compensacion/Embargos/input_Identificacin_listadoEmp"), 0): Object 'Object Repository/Modulo Tarea Administracion Compensacion/Embargos/input_Identificacin_listadoEmp' is clickable

2021-12-01 11:59:03 - [MESSAGE][WARNING] - Timeout '0' is invalid. Using default page load timeout: '30'

2021-12-01 11:59:05 - [MESSAGE][PASSED] - Object 'Object Repository/Modulo Tarea Administracion Compensacion/Embargos/input_Identificacin_listadoEmp' is clickable

2021-12-01 11:59:05 - [TEST_STEP][PASSED] - setText(findTestObject("Modulo Tarea Administracion Compensacion/Embargos/input_Identificacin_listadoEmp"), "354968431354"): Text '354968431354' is set on object 'Object Repository/Modulo Tarea Administracion Compensacion/Embargos/input_Identificacin_listadoEmp'

2021-12-01 11:59:06 - [MESSAGE][PASSED] - Text '354968431354' is set on object 'Object Repository/Modulo Tarea Administracion Compensacion/Embargos/input_Identificacin_listadoEmp'

2021-12-01 11:59:06 - [TEST_STEP][PASSED] - sendKeys(findTestObject("Modulo Tarea Administracion Compensacion/Embargos/input_Identificacin_listadoEmp"), Keys.chord(ENTER)): Keys 'ENTER + ' sent to object: 'Object Repository/Modulo Tarea Administracion Compensacion/Embargos/input_Identificacin_listadoEmp'

2021-12-01 11:59:06 - [MESSAGE][PASSED] - Keys 'ENTER + ' sent to object: 'Object Repository/Modulo Tarea Administracion Compensacion/Embargos/input_Identificacin_listadoEmp'

2021-12-01 11:59:06 - [TEST_STEP][PASSED] - click(findTestObject("Modulo Tarea Administracion Compensacion/Embargos/span_CONSTA BELFEGORD JHON")): Object: 'Object Repository/Modulo Tarea Administracion Compensacion/Embargos/span_CONSTA BELFEGORD JHON' is clicked on

2021-12-01 11:59:07 - [MESSAGE][PASSED] - Object: 'Object Repository/Modulo Tarea Administracion Compensacion/Embargos/span_CONSTA BELFEGORD JHON' is clicked on

2021-12-01 11:59:07 - [TEST_STEP][PASSED] - click(findTestObject("Modulo Tarea Administracion Compensacion/Embargos/span_Embargos")): Object: 'Object Repository/Modulo Tarea Administracion Compensacion/Embargos/span_Embargos' is clicked on

2021-12-01 11:59:08 - [MESSAGE][PASSED] - Object: 'Object Repository/Modulo Tarea Administracion Compensacion/Embargos/span_Embargos' is clicked on

2021-12-01 11:59:08 - [TEST_STEP][PASSED] - click(findTestObject("Modulo Tarea Administracion Compensacion/Embargos/a_Nuevo")): Object: 'Object Repository/Modulo Tarea Administracion Compensacion/Embargos/a_Nuevo' is clicked on

2021-12-01 11:59:11 - [MESSAGE][PASSED] - Object: 'Object Repository/Modulo Tarea Administracion Compensacion/Embargos/a_Nuevo' is clicked on

2021-12-01 11:59:11 - [TEST_STEP][PASSED] - selectOptionByValue(findTestObject("Modulo Tarea Administracion Compensacion/Embargos/select_-- seleccione --E5 - EM"), "E5", true): All options with value 'E5' are selected in object 'Object Repository/Modulo Tarea Administracion Compensacion/Embargos/select_-- seleccione --E5 - EM'  using regular expression

2021-12-01 11:59:13 - [MESSAGE][PASSED] - All options with value 'E5' are selected in object 'Object Repository/Modulo Tarea Administracion Compensacion/Embargos/select_-- seleccione --E5 - EM'  using regular expression

2021-12-01 11:59:13 - [TEST_STEP][PASSED] - setText(findTestObject("Modulo Tarea Administracion Compensacion/Embargos/input_Fecha Inicial _form_emba"), "27/12/2018"): Text '27/12/2018' is set on object 'Object Repository/Modulo Tarea Administracion Compensacion/Embargos/input_Fecha Inicial _form_emba'

2021-12-01 11:59:16 - [MESSAGE][PASSED] - Text '27/12/2018' is set on object 'Object Repository/Modulo Tarea Administracion Compensacion/Embargos/input_Fecha Inicial _form_emba'

2021-12-01 11:59:16 - [TEST_STEP][PASSED] - sendKeys(findTestObject("Modulo Tarea Administracion Compensacion/Embargos/input_Fecha Inicial _form_emba"), Keys.chord(ENTER)): Keys 'ENTER + ' sent to object: 'Object Repository/Modulo Tarea Administracion Compensacion/Embargos/input_Fecha Inicial _form_emba'

2021-12-01 11:59:16 - [MESSAGE][PASSED] - Keys 'ENTER + ' sent to object: 'Object Repository/Modulo Tarea Administracion Compensacion/Embargos/input_Fecha Inicial _form_emba'

2021-12-01 11:59:16 - [TEST_STEP][PASSED] - click(findTestObject("Modulo Tarea Administracion Compensacion/Embargos/a_Guardar")): Object: 'Object Repository/Modulo Tarea Administracion Compensacion/Embargos/a_Guardar' is clicked on

2021-12-01 11:59:16 - [MESSAGE][PASSED] - Object: 'Object Repository/Modulo Tarea Administracion Compensacion/Embargos/a_Guardar' is clicked on

2021-12-01 11:59:16 - [TEST_STEP][PASSED] - getText(findTestObject("Alerta/Alerta")): Text of object 'Object Repository/Alerta/Alerta' is: 'Se modifico el registro satisfactoriamente'

2021-12-01 11:59:17 - [MESSAGE][PASSED] - Text of object 'Object Repository/Alerta/Alerta' is: 'Se modifico el registro satisfactoriamente'

2021-12-01 11:59:17 - [TEST_STEP][PASSED] - closeBrowser(): Browser is closed

2021-12-01 11:59:18 - [MESSAGE][PASSED] - Browser is closed]]></system-out>
         <system-err><![CDATA[]]></system-err>
      </testcase>
      <testcase name="Test Cases/1.1-Tareas Principales/1.2.9-Novedad" time="41.163" classname="Test Cases/1.1-Tareas Principales/1.2.9-Novedad" status="PASSED">
         <system-out><![CDATA[2021-12-01 11:59:18 - [TEST_CASE][PASSED] - Test Cases/1.1-Tareas Principales/1.2.9-Novedad: Test Cases/1.1-Tareas Principales/1.2.9-Novedad

2021-12-01 11:59:18 - [TEST_STEP][PASSED] - callTestCase(findTestCase("Hutilidades/Tareas Administracion Compensacion/Tarea Listado Empleados"), [:], STOP_ON_FAILURE): Call Test Case 'Test Cases/Hutilidades/Tareas Administracion Compensacion/Tarea Listado Empleados' successfully

2021-12-01 11:59:18 - [TEST_CASE][PASSED] - Test Cases/Hutilidades/Tareas Administracion Compensacion/Tarea Listado Empleados: Test Cases/Hutilidades/Tareas Administracion Compensacion/Tarea Listado Empleados

2021-12-01 11:59:18 - [TEST_STEP][PASSED] - callTestCase(findTestCase("0.1-Login"), [:], STOP_ON_FAILURE): Call Test Case 'Test Cases/0.1-Login' successfully

2021-12-01 11:59:18 - [TEST_CASE][PASSED] - Test Cases/0.1-Login: Test Cases/0.1-Login

2021-12-01 11:59:18 - [TEST_STEP][PASSED] - openBrowser(""): Browser is opened with url: ''

2021-12-01 11:59:18 - [MESSAGE][INFO] - Starting 'Chrome' driver

2021-12-01 11:59:18 - [MESSAGE][INFO] - Action delay is set to 0 milliseconds

2021-12-01 11:59:20 - [MESSAGE][PASSED] - Browser is opened with url: ''

2021-12-01 11:59:20 - [TEST_STEP][PASSED] - maximizeWindow(): Current window maximized

2021-12-01 11:59:20 - [MESSAGE][PASSED] - Current window maximized

2021-12-01 11:59:20 - [TEST_STEP][PASSED] - i = G_Login: null

2021-12-01 11:59:20 - [TEST_STEP][PASSED] - url = new java.net.URL(i): null

2021-12-01 11:59:20 - [TEST_STEP][PASSED] - println("URL: " + url.toString()): null

2021-12-01 11:59:20 - [TEST_STEP][PASSED] - connection = url.openConnection(): null

2021-12-01 11:59:20 - [TEST_STEP][PASSED] - connection.setRequestMethod("GET"): null

2021-12-01 11:59:20 - [TEST_STEP][PASSED] - connection.setReadTimeout(2 * 1000): null

2021-12-01 11:59:20 - [TEST_STEP][PASSED] - try: null

2021-12-01 11:59:20 - [TEST_STEP][PASSED] - connection.connect(): null

2021-12-01 11:59:20 - [TEST_STEP][PASSED] - flag = connected: null

2021-12-01 11:59:20 - [TEST_STEP][PASSED] - println("Valor_ori: " + flag): null

2021-12-01 11:59:20 - [TEST_STEP][PASSED] - if (flag): null

2021-12-01 11:59:20 - [TEST_STEP][PASSED] - navigateToUrl(i): Navigate to 'http://localhost:8380/saraweb/' successfully

2021-12-01 11:59:21 - [MESSAGE][PASSED] - Navigate to 'http://localhost:8380/saraweb/' successfully

2021-12-01 11:59:21 - [TEST_STEP][PASSED] - a(): null

2021-12-01 11:59:21 - [TEST_STEP][PASSED] - setText(findTestObject("Login/input_USUARIO_loginusuario"), G_Usuario): Text 'saraadmin' is set on object 'Object Repository/Login/input_USUARIO_loginusuario'

2021-12-01 11:59:22 - [MESSAGE][PASSED] - Text 'saraadmin' is set on object 'Object Repository/Login/input_USUARIO_loginusuario'

2021-12-01 11:59:22 - [TEST_STEP][PASSED] - setEncryptedText(findTestObject("Login/input_CLAVE_loginpassword"), "MkG4/TYiCFC3cb2driP7+Q=="): Text ****** has been set on object 'Object Repository/Login/input_CLAVE_loginpassword'

2021-12-01 11:59:22 - [MESSAGE][PASSED] - Text ****** has been set on object 'Object Repository/Login/input_CLAVE_loginpassword'

2021-12-01 11:59:22 - [TEST_STEP][PASSED] - waitForElementClickable(findTestObject("Login/a_Ingresar"), G_TimeOut): Object 'Object Repository/Login/a_Ingresar' is clickable

2021-12-01 11:59:22 - [MESSAGE][PASSED] - Object 'Object Repository/Login/a_Ingresar' is clickable

2021-12-01 11:59:22 - [TEST_STEP][PASSED] - click(findTestObject("Login/a_Ingresar")): Object: 'Object Repository/Login/a_Ingresar' is clicked on

2021-12-01 11:59:24 - [MESSAGE][PASSED] - Object: 'Object Repository/Login/a_Ingresar' is clicked on

2021-12-01 11:59:24 - [TEST_STEP][PASSED] - element = findWebElement(findTestObject("Login/a_Ir"), 30): null

2021-12-01 11:59:24 - [TEST_STEP][PASSED] - executeJavaScript("arguments[0].click()", Arrays.asList(element)): Execute JavaScript 'arguments[0].click()' successfully

2021-12-01 11:59:24 - [MESSAGE][PASSED] - Execute JavaScript 'arguments[0].click()' successfully

2021-12-01 11:59:24 - [MESSAGE][PASSED] - Call Test Case 'Test Cases/0.1-Login' successfully

2021-12-01 11:59:24 - [TEST_STEP][PASSED] - setText(findTestObject("Modulo Tarea Listado Hojas de Vida/Tareas Listado Hojas de Vida/input_Listado Hojas De Vida_form_templatej_idt24_input"), "Listado de Empleados"): Text 'Listado de Empleados' is set on object 'Object Repository/Modulo Tarea Listado Hojas de Vida/Tareas Listado Hojas de Vida/input_Listado Hojas De Vida_form_templatej_idt24_input'

2021-12-01 11:59:25 - [MESSAGE][PASSED] - Text 'Listado de Empleados' is set on object 'Object Repository/Modulo Tarea Listado Hojas de Vida/Tareas Listado Hojas de Vida/input_Listado Hojas De Vida_form_templatej_idt24_input'

2021-12-01 11:59:25 - [TEST_STEP][PASSED] - delay(3): Delayed 3 second(s)

2021-12-01 11:59:28 - [MESSAGE][PASSED] - Delayed 3 second(s)

2021-12-01 11:59:28 - [TEST_STEP][PASSED] - sendKeys(findTestObject("Modulo Tarea Listado Hojas de Vida/Tareas Listado Hojas de Vida/input_Listado Hojas De Vida_form_templatej_idt24_input"), Keys.chord(ENTER)): Keys 'ENTER + ' sent to object: 'Object Repository/Modulo Tarea Listado Hojas de Vida/Tareas Listado Hojas de Vida/input_Listado Hojas De Vida_form_templatej_idt24_input'

2021-12-01 11:59:29 - [MESSAGE][PASSED] - Keys 'ENTER + ' sent to object: 'Object Repository/Modulo Tarea Listado Hojas de Vida/Tareas Listado Hojas de Vida/input_Listado Hojas De Vida_form_templatej_idt24_input'

2021-12-01 11:59:29 - [MESSAGE][PASSED] - Call Test Case 'Test Cases/Hutilidades/Tareas Administracion Compensacion/Tarea Listado Empleados' successfully

2021-12-01 11:59:29 - [TEST_STEP][PASSED] - waitForElementClickable(findTestObject("Modulo Tarea Administracion Compensacion/Novedades/input_Identificacin_listadoEmp"), 0): Object 'Object Repository/Modulo Tarea Administracion Compensacion/Novedades/input_Identificacin_listadoEmp' is clickable

2021-12-01 11:59:29 - [MESSAGE][WARNING] - Timeout '0' is invalid. Using default page load timeout: '30'

2021-12-01 11:59:34 - [MESSAGE][PASSED] - Object 'Object Repository/Modulo Tarea Administracion Compensacion/Novedades/input_Identificacin_listadoEmp' is clickable

2021-12-01 11:59:34 - [TEST_STEP][PASSED] - setText(findTestObject("Modulo Tarea Administracion Compensacion/Novedades/input_Identificacin_listadoEmp"), "354968431354"): Text '354968431354' is set on object 'Object Repository/Modulo Tarea Administracion Compensacion/Novedades/input_Identificacin_listadoEmp'

2021-12-01 11:59:34 - [MESSAGE][PASSED] - Text '354968431354' is set on object 'Object Repository/Modulo Tarea Administracion Compensacion/Novedades/input_Identificacin_listadoEmp'

2021-12-01 11:59:34 - [TEST_STEP][PASSED] - delay(1): Delayed 1 second(s)

2021-12-01 11:59:35 - [MESSAGE][PASSED] - Delayed 1 second(s)

2021-12-01 11:59:35 - [TEST_STEP][PASSED] - sendKeys(findTestObject("Modulo Tarea Administracion Compensacion/Novedades/input_Identificacin_listadoEmp"), Keys.chord(ENTER)): Keys 'ENTER + ' sent to object: 'Object Repository/Modulo Tarea Administracion Compensacion/Novedades/input_Identificacin_listadoEmp'

2021-12-01 11:59:36 - [MESSAGE][PASSED] - Keys 'ENTER + ' sent to object: 'Object Repository/Modulo Tarea Administracion Compensacion/Novedades/input_Identificacin_listadoEmp'

2021-12-01 11:59:36 - [TEST_STEP][PASSED] - waitForElementClickable(findTestObject("Modulo Tarea Administracion Compensacion/Novedades/span_CONSTA BELFEGORD JHON"), G_TimeOut): Object 'Object Repository/Modulo Tarea Administracion Compensacion/Novedades/span_CONSTA BELFEGORD JHON' is clickable

2021-12-01 11:59:37 - [MESSAGE][PASSED] - Object 'Object Repository/Modulo Tarea Administracion Compensacion/Novedades/span_CONSTA BELFEGORD JHON' is clickable

2021-12-01 11:59:37 - [TEST_STEP][PASSED] - click(findTestObject("Modulo Tarea Administracion Compensacion/Novedades/span_CONSTA BELFEGORD JHON")): Object: 'Object Repository/Modulo Tarea Administracion Compensacion/Novedades/span_CONSTA BELFEGORD JHON' is clicked on

2021-12-01 11:59:37 - [MESSAGE][PASSED] - Object: 'Object Repository/Modulo Tarea Administracion Compensacion/Novedades/span_CONSTA BELFEGORD JHON' is clicked on

2021-12-01 11:59:37 - [TEST_STEP][PASSED] - waitForElementClickable(findTestObject("Modulo Tarea Administracion Compensacion/Novedades/span_Novedades"), G_TimeOut): Object 'Object Repository/Modulo Tarea Administracion Compensacion/Novedades/span_Novedades' is clickable

2021-12-01 11:59:38 - [MESSAGE][PASSED] - Object 'Object Repository/Modulo Tarea Administracion Compensacion/Novedades/span_Novedades' is clickable

2021-12-01 11:59:38 - [TEST_STEP][PASSED] - click(findTestObject("Modulo Tarea Administracion Compensacion/Novedades/span_Novedades")): Object: 'Object Repository/Modulo Tarea Administracion Compensacion/Novedades/span_Novedades' is clicked on

2021-12-01 11:59:38 - [MESSAGE][PASSED] - Object: 'Object Repository/Modulo Tarea Administracion Compensacion/Novedades/span_Novedades' is clicked on

2021-12-01 11:59:38 - [TEST_STEP][PASSED] - waitForElementClickable(findTestObject("Modulo Tarea Administracion Compensacion/Novedades/span_Nuevo"), G_TimeOut): Object 'Object Repository/Modulo Tarea Administracion Compensacion/Novedades/span_Nuevo' is clickable

2021-12-01 11:59:39 - [MESSAGE][PASSED] - Object 'Object Repository/Modulo Tarea Administracion Compensacion/Novedades/span_Nuevo' is clickable

2021-12-01 11:59:39 - [TEST_STEP][PASSED] - click(findTestObject("Modulo Tarea Administracion Compensacion/Novedades/span_Nuevo")): Object: 'Object Repository/Modulo Tarea Administracion Compensacion/Novedades/span_Nuevo' is clicked on

2021-12-01 11:59:39 - [MESSAGE][PASSED] - Object: 'Object Repository/Modulo Tarea Administracion Compensacion/Novedades/span_Nuevo' is clicked on

2021-12-01 11:59:39 - [TEST_STEP][PASSED] - click(findTestObject("Modulo Tarea Administracion Compensacion/Novedades/span_Adicionar entidad de AFC")): Object: 'Object Repository/Modulo Tarea Administracion Compensacion/Novedades/span_Adicionar entidad de AFC' is clicked on

2021-12-01 11:59:41 - [MESSAGE][PASSED] - Object: 'Object Repository/Modulo Tarea Administracion Compensacion/Novedades/span_Adicionar entidad de AFC' is clicked on

2021-12-01 11:59:41 - [TEST_STEP][PASSED] - setText(findTestObject("Modulo Tarea Administracion Compensacion/Novedades/input_Desde_form_novedadesEmpl"), "01/12/2018"): Text '01/12/2018' is set on object 'Object Repository/Modulo Tarea Administracion Compensacion/Novedades/input_Desde_form_novedadesEmpl'

2021-12-01 11:59:42 - [MESSAGE][PASSED] - Text '01/12/2018' is set on object 'Object Repository/Modulo Tarea Administracion Compensacion/Novedades/input_Desde_form_novedadesEmpl'

2021-12-01 11:59:42 - [TEST_STEP][PASSED] - sendKeys(findTestObject("Modulo Tarea Administracion Compensacion/Novedades/input_Desde_form_novedadesEmpl"), Keys.chord(ENTER)): Keys 'ENTER + ' sent to object: 'Object Repository/Modulo Tarea Administracion Compensacion/Novedades/input_Desde_form_novedadesEmpl'

2021-12-01 11:59:42 - [MESSAGE][PASSED] - Keys 'ENTER + ' sent to object: 'Object Repository/Modulo Tarea Administracion Compensacion/Novedades/input_Desde_form_novedadesEmpl'

2021-12-01 11:59:42 - [TEST_STEP][PASSED] - setText(findTestObject("Modulo Tarea Administracion Compensacion/Novedades/input_Hasta_form_novedadesEmpl"), "31/01/2019"): Text '31/01/2019' is set on object 'Object Repository/Modulo Tarea Administracion Compensacion/Novedades/input_Hasta_form_novedadesEmpl'

2021-12-01 11:59:43 - [MESSAGE][PASSED] - Text '31/01/2019' is set on object 'Object Repository/Modulo Tarea Administracion Compensacion/Novedades/input_Hasta_form_novedadesEmpl'

2021-12-01 11:59:43 - [TEST_STEP][PASSED] - sendKeys(findTestObject("Modulo Tarea Administracion Compensacion/Novedades/input_Hasta_form_novedadesEmpl"), Keys.chord(ENTER)): Keys 'ENTER + ' sent to object: 'Object Repository/Modulo Tarea Administracion Compensacion/Novedades/input_Hasta_form_novedadesEmpl'

2021-12-01 11:59:44 - [MESSAGE][PASSED] - Keys 'ENTER + ' sent to object: 'Object Repository/Modulo Tarea Administracion Compensacion/Novedades/input_Hasta_form_novedadesEmpl'

2021-12-01 11:59:44 - [TEST_STEP][PASSED] - waitForElementClickable(findTestObject("Modulo Tarea Administracion Compensacion/Novedades/a_Sucursal_form_novedadesEmple"), G_TimeOut): Object 'Object Repository/Modulo Tarea Administracion Compensacion/Novedades/a_Sucursal_form_novedadesEmple' is clickable

2021-12-01 11:59:44 - [MESSAGE][PASSED] - Object 'Object Repository/Modulo Tarea Administracion Compensacion/Novedades/a_Sucursal_form_novedadesEmple' is clickable

2021-12-01 11:59:44 - [TEST_STEP][PASSED] - click(findTestObject("Modulo Tarea Administracion Compensacion/Novedades/a_Sucursal_form_novedadesEmple")): Object: 'Object Repository/Modulo Tarea Administracion Compensacion/Novedades/a_Sucursal_form_novedadesEmple' is clicked on

2021-12-01 11:59:45 - [MESSAGE][PASSED] - Object: 'Object Repository/Modulo Tarea Administracion Compensacion/Novedades/a_Sucursal_form_novedadesEmple' is clicked on

2021-12-01 11:59:45 - [TEST_STEP][PASSED] - waitForElementClickable(findTestObject("Modulo Tarea Administracion Compensacion/Novedades/span_AFC - HELM BANK"), G_TimeOut): Object 'Object Repository/Modulo Tarea Administracion Compensacion/Novedades/span_AFC - HELM BANK' is clickable

2021-12-01 11:59:45 - [MESSAGE][PASSED] - Object 'Object Repository/Modulo Tarea Administracion Compensacion/Novedades/span_AFC - HELM BANK' is clickable

2021-12-01 11:59:45 - [TEST_STEP][PASSED] - click(findTestObject("Modulo Tarea Administracion Compensacion/Novedades/span_AFC - HELM BANK")): Object: 'Object Repository/Modulo Tarea Administracion Compensacion/Novedades/span_AFC - HELM BANK' is clicked on

2021-12-01 11:59:46 - [MESSAGE][PASSED] - Object: 'Object Repository/Modulo Tarea Administracion Compensacion/Novedades/span_AFC - HELM BANK' is clicked on

2021-12-01 11:59:46 - [TEST_STEP][PASSED] - click(findTestObject("Modulo Tarea Administracion Compensacion/Novedades/input_Cuenta_form_novedadesEmp")): Object: 'Object Repository/Modulo Tarea Administracion Compensacion/Novedades/input_Cuenta_form_novedadesEmp' is clicked on

2021-12-01 11:59:47 - [MESSAGE][PASSED] - Object: 'Object Repository/Modulo Tarea Administracion Compensacion/Novedades/input_Cuenta_form_novedadesEmp' is clicked on

2021-12-01 11:59:47 - [TEST_STEP][PASSED] - setText(findTestObject("Modulo Tarea Administracion Compensacion/Novedades/input_Cuenta_form_novedadesEmp"), "63483135434398"): Text '63483135434398' is set on object 'Object Repository/Modulo Tarea Administracion Compensacion/Novedades/input_Cuenta_form_novedadesEmp'

2021-12-01 11:59:47 - [MESSAGE][PASSED] - Text '63483135434398' is set on object 'Object Repository/Modulo Tarea Administracion Compensacion/Novedades/input_Cuenta_form_novedadesEmp'

2021-12-01 11:59:47 - [TEST_STEP][PASSED] - click(findTestObject("Modulo Tarea Administracion Compensacion/Novedades/input_Valor_form_novedadesEmpl"), STOP_ON_FAILURE): Object: 'Object Repository/Modulo Tarea Administracion Compensacion/Novedades/input_Valor_form_novedadesEmpl' is clicked on

2021-12-01 11:59:48 - [MESSAGE][PASSED] - Object: 'Object Repository/Modulo Tarea Administracion Compensacion/Novedades/input_Valor_form_novedadesEmpl' is clicked on

2021-12-01 11:59:48 - [TEST_STEP][PASSED] - setText(findTestObject("Modulo Tarea Administracion Compensacion/Novedades/input_Valor_form_novedadesEmpl"), "100"): Text '100' is set on object 'Object Repository/Modulo Tarea Administracion Compensacion/Novedades/input_Valor_form_novedadesEmpl'

2021-12-01 11:59:48 - [MESSAGE][PASSED] - Text '100' is set on object 'Object Repository/Modulo Tarea Administracion Compensacion/Novedades/input_Valor_form_novedadesEmpl'

2021-12-01 11:59:48 - [TEST_STEP][PASSED] - waitForElementClickable(findTestObject("Modulo Tarea Administracion Compensacion/Novedades/select_-- seleccione --Ciclo 0"), 0, STOP_ON_FAILURE): Object 'Object Repository/Modulo Tarea Administracion Compensacion/Novedades/select_-- seleccione --Ciclo 0' is clickable

2021-12-01 11:59:48 - [MESSAGE][WARNING] - Timeout '0' is invalid. Using default page load timeout: '30'

2021-12-01 11:59:49 - [MESSAGE][PASSED] - Object 'Object Repository/Modulo Tarea Administracion Compensacion/Novedades/select_-- seleccione --Ciclo 0' is clickable

2021-12-01 11:59:49 - [TEST_STEP][PASSED] - selectOptionByValue(findTestObject("Modulo Tarea Administracion Compensacion/Novedades/select_-- seleccione --Ciclo 0"), "1", true): All options with value '1' are selected in object 'Object Repository/Modulo Tarea Administracion Compensacion/Novedades/select_-- seleccione --Ciclo 0'  using regular expression

2021-12-01 11:59:50 - [MESSAGE][PASSED] - All options with value '1' are selected in object 'Object Repository/Modulo Tarea Administracion Compensacion/Novedades/select_-- seleccione --Ciclo 0'  using regular expression

2021-12-01 11:59:50 - [TEST_STEP][PASSED] - click(findTestObject("Modulo Tarea Administracion Compensacion/Novedades/textarea_Observacin_form_noved"), STOP_ON_FAILURE): Object: 'Object Repository/Modulo Tarea Administracion Compensacion/Novedades/textarea_Observacin_form_noved' is clicked on

2021-12-01 11:59:50 - [MESSAGE][PASSED] - Object: 'Object Repository/Modulo Tarea Administracion Compensacion/Novedades/textarea_Observacin_form_noved' is clicked on

2021-12-01 11:59:50 - [TEST_STEP][PASSED] - setText(findTestObject("Modulo Tarea Administracion Compensacion/Novedades/textarea_Observacin_form_noved"), "aaaaaaaaaaa"): Text 'aaaaaaaaaaa' is set on object 'Object Repository/Modulo Tarea Administracion Compensacion/Novedades/textarea_Observacin_form_noved'

2021-12-01 11:59:51 - [MESSAGE][PASSED] - Text 'aaaaaaaaaaa' is set on object 'Object Repository/Modulo Tarea Administracion Compensacion/Novedades/textarea_Observacin_form_noved'

2021-12-01 11:59:51 - [TEST_STEP][PASSED] - waitForElementClickable(findTestObject("Modulo Tarea Administracion Compensacion/Novedades/a_Guardar"), G_TimeOut): Object 'Object Repository/Modulo Tarea Administracion Compensacion/Novedades/a_Guardar' is clickable

2021-12-01 11:59:51 - [MESSAGE][PASSED] - Object 'Object Repository/Modulo Tarea Administracion Compensacion/Novedades/a_Guardar' is clickable

2021-12-01 11:59:51 - [TEST_STEP][PASSED] - click(findTestObject("Modulo Tarea Administracion Compensacion/Novedades/a_Guardar")): Object: 'Object Repository/Modulo Tarea Administracion Compensacion/Novedades/a_Guardar' is clicked on

2021-12-01 11:59:52 - [MESSAGE][PASSED] - Object: 'Object Repository/Modulo Tarea Administracion Compensacion/Novedades/a_Guardar' is clicked on

2021-12-01 11:59:52 - [TEST_STEP][PASSED] - getText(findTestObject("Alerta/Alerta")): Text of object 'Object Repository/Alerta/Alerta' is: 'Registro guardado'

2021-12-01 11:59:58 - [MESSAGE][PASSED] - Text of object 'Object Repository/Alerta/Alerta' is: 'Registro guardado'

2021-12-01 11:59:58 - [TEST_STEP][PASSED] - closeBrowser(): Browser is closed

2021-12-01 11:59:59 - [MESSAGE][PASSED] - Browser is closed]]></system-out>
         <system-err><![CDATA[]]></system-err>
      </testcase>
      <testcase name="Test Cases/1.1-Tareas Principales/1.3.1-Periodo en Proceso - Archivo Plano" time="28.604" classname="Test Cases/1.1-Tareas Principales/1.3.1-Periodo en Proceso - Archivo Plano" status="PASSED">
         <system-out><![CDATA[2021-12-01 11:59:59 - [TEST_CASE][PASSED] - Test Cases/1.1-Tareas Principales/1.3.1-Periodo en Proceso - Archivo Plano: Test Cases/1.1-Tareas Principales/1.3.1-Periodo en Proceso - Archivo Plano

2021-12-01 12:00:00 - [TEST_STEP][PASSED] - callTestCase(findTestCase("Hutilidades/Tareas Administracion Compensacion/Tarea Liquidacion Nomina"), [:], STOP_ON_FAILURE): Call Test Case 'Test Cases/Hutilidades/Tareas Administracion Compensacion/Tarea Liquidacion Nomina' successfully

2021-12-01 12:00:00 - [TEST_CASE][PASSED] - Test Cases/Hutilidades/Tareas Administracion Compensacion/Tarea Liquidacion Nomina: Test Cases/Hutilidades/Tareas Administracion Compensacion/Tarea Liquidacion Nomina

2021-12-01 12:00:00 - [TEST_STEP][PASSED] - callTestCase(findTestCase("0.1-Login"), [:], STOP_ON_FAILURE): Call Test Case 'Test Cases/0.1-Login' successfully

2021-12-01 12:00:00 - [TEST_CASE][PASSED] - Test Cases/0.1-Login: Test Cases/0.1-Login

2021-12-01 12:00:00 - [TEST_STEP][PASSED] - openBrowser(""): Browser is opened with url: ''

2021-12-01 12:00:00 - [MESSAGE][INFO] - Starting 'Chrome' driver

2021-12-01 12:00:00 - [MESSAGE][INFO] - Action delay is set to 0 milliseconds

2021-12-01 12:00:01 - [MESSAGE][PASSED] - Browser is opened with url: ''

2021-12-01 12:00:01 - [TEST_STEP][PASSED] - maximizeWindow(): Current window maximized

2021-12-01 12:00:02 - [MESSAGE][PASSED] - Current window maximized

2021-12-01 12:00:02 - [TEST_STEP][PASSED] - i = G_Login: null

2021-12-01 12:00:02 - [TEST_STEP][PASSED] - url = new java.net.URL(i): null

2021-12-01 12:00:02 - [TEST_STEP][PASSED] - println("URL: " + url.toString()): null

2021-12-01 12:00:02 - [TEST_STEP][PASSED] - connection = url.openConnection(): null

2021-12-01 12:00:02 - [TEST_STEP][PASSED] - connection.setRequestMethod("GET"): null

2021-12-01 12:00:02 - [TEST_STEP][PASSED] - connection.setReadTimeout(2 * 1000): null

2021-12-01 12:00:02 - [TEST_STEP][PASSED] - try: null

2021-12-01 12:00:02 - [TEST_STEP][PASSED] - connection.connect(): null

2021-12-01 12:00:02 - [TEST_STEP][PASSED] - flag = connected: null

2021-12-01 12:00:02 - [TEST_STEP][PASSED] - println("Valor_ori: " + flag): null

2021-12-01 12:00:02 - [TEST_STEP][PASSED] - if (flag): null

2021-12-01 12:00:02 - [TEST_STEP][PASSED] - navigateToUrl(i): Navigate to 'http://localhost:8380/saraweb/' successfully

2021-12-01 12:00:02 - [MESSAGE][PASSED] - Navigate to 'http://localhost:8380/saraweb/' successfully

2021-12-01 12:00:02 - [TEST_STEP][PASSED] - a(): null

2021-12-01 12:00:02 - [TEST_STEP][PASSED] - setText(findTestObject("Login/input_USUARIO_loginusuario"), G_Usuario): Text 'saraadmin' is set on object 'Object Repository/Login/input_USUARIO_loginusuario'

2021-12-01 12:00:03 - [MESSAGE][PASSED] - Text 'saraadmin' is set on object 'Object Repository/Login/input_USUARIO_loginusuario'

2021-12-01 12:00:03 - [TEST_STEP][PASSED] - setEncryptedText(findTestObject("Login/input_CLAVE_loginpassword"), "MkG4/TYiCFC3cb2driP7+Q=="): Text ****** has been set on object 'Object Repository/Login/input_CLAVE_loginpassword'

2021-12-01 12:00:04 - [MESSAGE][PASSED] - Text ****** has been set on object 'Object Repository/Login/input_CLAVE_loginpassword'

2021-12-01 12:00:04 - [TEST_STEP][PASSED] - waitForElementClickable(findTestObject("Login/a_Ingresar"), G_TimeOut): Object 'Object Repository/Login/a_Ingresar' is clickable

2021-12-01 12:00:04 - [MESSAGE][PASSED] - Object 'Object Repository/Login/a_Ingresar' is clickable

2021-12-01 12:00:04 - [TEST_STEP][PASSED] - click(findTestObject("Login/a_Ingresar")): Object: 'Object Repository/Login/a_Ingresar' is clicked on

2021-12-01 12:00:05 - [MESSAGE][PASSED] - Object: 'Object Repository/Login/a_Ingresar' is clicked on

2021-12-01 12:00:05 - [TEST_STEP][PASSED] - element = findWebElement(findTestObject("Login/a_Ir"), 30): null

2021-12-01 12:00:06 - [TEST_STEP][PASSED] - executeJavaScript("arguments[0].click()", Arrays.asList(element)): Execute JavaScript 'arguments[0].click()' successfully

2021-12-01 12:00:06 - [MESSAGE][PASSED] - Execute JavaScript 'arguments[0].click()' successfully

2021-12-01 12:00:06 - [MESSAGE][PASSED] - Call Test Case 'Test Cases/0.1-Login' successfully

2021-12-01 12:00:06 - [TEST_STEP][PASSED] - delay(2): Delayed 2 second(s)

2021-12-01 12:00:08 - [MESSAGE][PASSED] - Delayed 2 second(s)

2021-12-01 12:00:08 - [TEST_STEP][PASSED] - setText(findTestObject("Modulo Tarea Administracion Compensacion/Tarea Liquidacion Nomina/input_Listado de Empleados_"), "Liquidacion Nomina"): Text 'Liquidacion Nomina' is set on object 'Object Repository/Modulo Tarea Administracion Compensacion/Tarea Liquidacion Nomina/input_Listado de Empleados_'

2021-12-01 12:00:08 - [MESSAGE][PASSED] - Text 'Liquidacion Nomina' is set on object 'Object Repository/Modulo Tarea Administracion Compensacion/Tarea Liquidacion Nomina/input_Listado de Empleados_'

2021-12-01 12:00:08 - [TEST_STEP][PASSED] - delay(1): Delayed 1 second(s)

2021-12-01 12:00:09 - [MESSAGE][PASSED] - Delayed 1 second(s)

2021-12-01 12:00:09 - [TEST_STEP][PASSED] - sendKeys(findTestObject("Modulo Tarea Administracion Compensacion/Tarea Liquidacion Nomina/input_Listado de Empleados_"), Keys.chord(ENTER)): Keys 'ENTER + ' sent to object: 'Object Repository/Modulo Tarea Administracion Compensacion/Tarea Liquidacion Nomina/input_Listado de Empleados_'

2021-12-01 12:00:11 - [MESSAGE][PASSED] - Keys 'ENTER + ' sent to object: 'Object Repository/Modulo Tarea Administracion Compensacion/Tarea Liquidacion Nomina/input_Listado de Empleados_'

2021-12-01 12:00:11 - [MESSAGE][PASSED] - Call Test Case 'Test Cases/Hutilidades/Tareas Administracion Compensacion/Tarea Liquidacion Nomina' successfully

2021-12-01 12:00:11 - [TEST_STEP][PASSED] - waitForElementClickable(findTestObject("Modulo Tarea Administracion Compensacion/Periodo en Proceso - Archivo Plano/a_Periodo Nomina_LiquidacionNominaj_idt63"), G_TimeOut): Object 'Object Repository/Modulo Tarea Administracion Compensacion/Periodo en Proceso - Archivo Plano/a_Periodo Nomina_LiquidacionNominaj_idt63' is clickable

2021-12-01 12:00:14 - [MESSAGE][PASSED] - Object 'Object Repository/Modulo Tarea Administracion Compensacion/Periodo en Proceso - Archivo Plano/a_Periodo Nomina_LiquidacionNominaj_idt63' is clickable

2021-12-01 12:00:14 - [TEST_STEP][PASSED] - click(findTestObject("Modulo Tarea Administracion Compensacion/Periodo en Proceso - Archivo Plano/a_Periodo Nomina_LiquidacionNominaj_idt63")): Object: 'Object Repository/Modulo Tarea Administracion Compensacion/Periodo en Proceso - Archivo Plano/a_Periodo Nomina_LiquidacionNominaj_idt63' is clicked on

2021-12-01 12:00:14 - [MESSAGE][PASSED] - Object: 'Object Repository/Modulo Tarea Administracion Compensacion/Periodo en Proceso - Archivo Plano/a_Periodo Nomina_LiquidacionNominaj_idt63' is clicked on

2021-12-01 12:00:14 - [TEST_STEP][PASSED] - waitForElementClickable(findTestObject("Modulo Tarea Administracion Compensacion/Periodo en Proceso - Archivo Plano/select_--  Seleccione  --Periodo CerradoPeriodo en Proceso"), G_TimeOut): Object 'Object Repository/Modulo Tarea Administracion Compensacion/Periodo en Proceso - Archivo Plano/select_--  Seleccione  --Periodo CerradoPeriodo en Proceso' is clickable

2021-12-01 12:00:15 - [MESSAGE][PASSED] - Object 'Object Repository/Modulo Tarea Administracion Compensacion/Periodo en Proceso - Archivo Plano/select_--  Seleccione  --Periodo CerradoPeriodo en Proceso' is clickable

2021-12-01 12:00:15 - [TEST_STEP][PASSED] - click(findTestObject("Modulo Tarea Administracion Compensacion/Periodo en Proceso - Archivo Plano/select_--  Seleccione  --Periodo CerradoPeriodo en Proceso")): Object: 'Object Repository/Modulo Tarea Administracion Compensacion/Periodo en Proceso - Archivo Plano/select_--  Seleccione  --Periodo CerradoPeriodo en Proceso' is clicked on

2021-12-01 12:00:15 - [MESSAGE][PASSED] - Object: 'Object Repository/Modulo Tarea Administracion Compensacion/Periodo en Proceso - Archivo Plano/select_--  Seleccione  --Periodo CerradoPeriodo en Proceso' is clicked on

2021-12-01 12:00:15 - [TEST_STEP][PASSED] - selectOptionByIndex(findTestObject("Modulo Tarea Administracion Compensacion/Periodo en Proceso - Archivo Plano/select_--  Seleccione  --Periodo CerradoPeriodo en Proceso"), 2): All options with index in [2] are selected on object 'Object Repository/Modulo Tarea Administracion Compensacion/Periodo en Proceso - Archivo Plano/select_--  Seleccione  --Periodo CerradoPeriodo en Proceso'

2021-12-01 12:00:16 - [MESSAGE][PASSED] - All options with index in [2] are selected on object 'Object Repository/Modulo Tarea Administracion Compensacion/Periodo en Proceso - Archivo Plano/select_--  Seleccione  --Periodo CerradoPeriodo en Proceso'

2021-12-01 12:00:16 - [TEST_STEP][PASSED] - waitForElementClickable(findTestObject("Modulo Tarea Administracion Compensacion/Periodo en Proceso - Archivo Plano/span_P MensualJulio2021"), G_TimeOut): Object 'Object Repository/Modulo Tarea Administracion Compensacion/Periodo en Proceso - Archivo Plano/span_P MensualJulio2021' is clickable

2021-12-01 12:00:17 - [MESSAGE][PASSED] - Object 'Object Repository/Modulo Tarea Administracion Compensacion/Periodo en Proceso - Archivo Plano/span_P MensualJulio2021' is clickable

2021-12-01 12:00:17 - [TEST_STEP][PASSED] - click(findTestObject("Modulo Tarea Administracion Compensacion/Periodo en Proceso - Archivo Plano/span_P MensualJulio2021")): Object: 'Object Repository/Modulo Tarea Administracion Compensacion/Periodo en Proceso - Archivo Plano/span_P MensualJulio2021' is clicked on

2021-12-01 12:00:17 - [MESSAGE][PASSED] - Object: 'Object Repository/Modulo Tarea Administracion Compensacion/Periodo en Proceso - Archivo Plano/span_P MensualJulio2021' is clicked on

2021-12-01 12:00:17 - [TEST_STEP][PASSED] - click(findTestObject("Modulo Tarea Administracion Compensacion/Periodo en Proceso - Archivo Plano/span_Archivo Plano")): Object: 'Object Repository/Modulo Tarea Administracion Compensacion/Periodo en Proceso - Archivo Plano/span_Archivo Plano' is clicked on

2021-12-01 12:00:19 - [MESSAGE][PASSED] - Object: 'Object Repository/Modulo Tarea Administracion Compensacion/Periodo en Proceso - Archivo Plano/span_Archivo Plano' is clicked on

2021-12-01 12:00:19 - [TEST_STEP][PASSED] - selectOptionByValue(findTestObject("Modulo Tarea Administracion Compensacion/Periodo en Proceso - Archivo Plano/select_ddMMyyddMMyyyyyyMMddyyy"), "dd/MM/yyyy", true): All options with value 'dd/MM/yyyy' are selected in object 'Object Repository/Modulo Tarea Administracion Compensacion/Periodo en Proceso - Archivo Plano/select_ddMMyyddMMyyyyyyMMddyyy'  using regular expression

2021-12-01 12:00:20 - [MESSAGE][PASSED] - All options with value 'dd/MM/yyyy' are selected in object 'Object Repository/Modulo Tarea Administracion Compensacion/Periodo en Proceso - Archivo Plano/select_ddMMyyddMMyyyyyyMMddyyy'  using regular expression

2021-12-01 12:00:20 - [TEST_STEP][PASSED] - selectOptionByValue(findTestObject("Modulo Tarea Administracion Compensacion/Periodo en Proceso - Archivo Plano/select_Acumular valorAdicionar"), "I", true): All options with value 'I' are selected in object 'Object Repository/Modulo Tarea Administracion Compensacion/Periodo en Proceso - Archivo Plano/select_Acumular valorAdicionar'  using regular expression

2021-12-01 12:00:22 - [MESSAGE][PASSED] - All options with value 'I' are selected in object 'Object Repository/Modulo Tarea Administracion Compensacion/Periodo en Proceso - Archivo Plano/select_Acumular valorAdicionar'  using regular expression

2021-12-01 12:00:22 - [TEST_STEP][PASSED] - uploadFile(findTestObject("Modulo Tarea Administracion Compensacion/Periodo en Proceso - Archivo Plano/Archivo"), "E:\unionweb14\ArchivoPlanoLiquidacionNomina.txt"): File 'E:\unionweb14\ArchivoPlanoLiquidacionNomina.txt' sent to object: 'Object Repository/Modulo Tarea Administracion Compensacion/Periodo en Proceso - Archivo Plano/Archivo'

2021-12-01 12:00:22 - [MESSAGE][PASSED] - File 'E:\unionweb14\ArchivoPlanoLiquidacionNomina.txt' sent to object: 'Object Repository/Modulo Tarea Administracion Compensacion/Periodo en Proceso - Archivo Plano/Archivo'

2021-12-01 12:00:22 - [TEST_STEP][PASSED] - filePath = getAttribute(findTestObject("Modulo Tarea Administracion Compensacion/Periodo en Proceso - Archivo Plano/Archivo"), "value"): Attribute 'value' of object 'Object Repository/Modulo Tarea Administracion Compensacion/Periodo en Proceso - Archivo Plano/Archivo' is: ''

2021-12-01 12:00:24 - [MESSAGE][PASSED] - Attribute 'value' of object 'Object Repository/Modulo Tarea Administracion Compensacion/Periodo en Proceso - Archivo Plano/Archivo' is: ''

2021-12-01 12:00:24 - [TEST_STEP][PASSED] - waitForElementClickable(findTestObject("Modulo Tarea Administracion Compensacion/Periodo en Proceso - Archivo Plano/a_Importar"), 0): Object 'Object Repository/Modulo Tarea Administracion Compensacion/Periodo en Proceso - Archivo Plano/a_Importar' is clickable

2021-12-01 12:00:24 - [MESSAGE][WARNING] - Timeout '0' is invalid. Using default page load timeout: '30'

2021-12-01 12:00:24 - [MESSAGE][PASSED] - Object 'Object Repository/Modulo Tarea Administracion Compensacion/Periodo en Proceso - Archivo Plano/a_Importar' is clickable

2021-12-01 12:00:24 - [TEST_STEP][PASSED] - click(findTestObject("Modulo Tarea Administracion Compensacion/Periodo en Proceso - Archivo Plano/a_Importar")): Object: 'Object Repository/Modulo Tarea Administracion Compensacion/Periodo en Proceso - Archivo Plano/a_Importar' is clicked on

2021-12-01 12:00:24 - [MESSAGE][PASSED] - Object: 'Object Repository/Modulo Tarea Administracion Compensacion/Periodo en Proceso - Archivo Plano/a_Importar' is clicked on

2021-12-01 12:00:24 - [TEST_STEP][PASSED] - click(findTestObject("Modulo Tarea Administracion Compensacion/Periodo en Proceso - Archivo Plano/span_Aplicar")): Object: 'Object Repository/Modulo Tarea Administracion Compensacion/Periodo en Proceso - Archivo Plano/span_Aplicar' is clicked on

2021-12-01 12:00:25 - [MESSAGE][PASSED] - Object: 'Object Repository/Modulo Tarea Administracion Compensacion/Periodo en Proceso - Archivo Plano/span_Aplicar' is clicked on

2021-12-01 12:00:25 - [TEST_STEP][PASSED] - click(findTestObject("Modulo Tarea Administracion Compensacion/Periodo en Proceso - Archivo Plano/Page_SARA/span_Si")): Object: 'Object Repository/Modulo Tarea Administracion Compensacion/Periodo en Proceso - Archivo Plano/Page_SARA/span_Si' is clicked on

2021-12-01 12:00:26 - [MESSAGE][PASSED] - Object: 'Object Repository/Modulo Tarea Administracion Compensacion/Periodo en Proceso - Archivo Plano/Page_SARA/span_Si' is clicked on

2021-12-01 12:00:26 - [TEST_STEP][PASSED] - getText(findTestObject("Alerta/Alerta")): Text of object 'Object Repository/Alerta/Alerta' is: 'Archivo aplicado'

2021-12-01 12:00:27 - [MESSAGE][PASSED] - Text of object 'Object Repository/Alerta/Alerta' is: 'Archivo aplicado'

2021-12-01 12:00:27 - [TEST_STEP][PASSED] - closeBrowser(): Browser is closed

2021-12-01 12:00:28 - [MESSAGE][PASSED] - Browser is closed]]></system-out>
         <system-err><![CDATA[]]></system-err>
      </testcase>
      <testcase name="Test Cases/1.1-Tareas Principales/1.3.2-Recalculo Seleccion" time="28.123" classname="Test Cases/1.1-Tareas Principales/1.3.2-Recalculo Seleccion" status="PASSED">
         <system-out><![CDATA[2021-12-01 12:00:28 - [TEST_CASE][PASSED] - Test Cases/1.1-Tareas Principales/1.3.2-Recalculo Seleccion: Test Cases/1.1-Tareas Principales/1.3.2-Recalculo Seleccion

2021-12-01 12:00:28 - [TEST_STEP][PASSED] - callTestCase(findTestCase("Hutilidades/Tareas Administracion Compensacion/Tarea Liquidacion Nomina"), [:], STOP_ON_FAILURE): Call Test Case 'Test Cases/Hutilidades/Tareas Administracion Compensacion/Tarea Liquidacion Nomina' successfully

2021-12-01 12:00:28 - [TEST_CASE][PASSED] - Test Cases/Hutilidades/Tareas Administracion Compensacion/Tarea Liquidacion Nomina: Test Cases/Hutilidades/Tareas Administracion Compensacion/Tarea Liquidacion Nomina

2021-12-01 12:00:28 - [TEST_STEP][PASSED] - callTestCase(findTestCase("0.1-Login"), [:], STOP_ON_FAILURE): Call Test Case 'Test Cases/0.1-Login' successfully

2021-12-01 12:00:28 - [TEST_CASE][PASSED] - Test Cases/0.1-Login: Test Cases/0.1-Login

2021-12-01 12:00:28 - [TEST_STEP][PASSED] - openBrowser(""): Browser is opened with url: ''

2021-12-01 12:00:28 - [MESSAGE][INFO] - Starting 'Chrome' driver

2021-12-01 12:00:28 - [MESSAGE][INFO] - Action delay is set to 0 milliseconds

2021-12-01 12:00:29 - [MESSAGE][PASSED] - Browser is opened with url: ''

2021-12-01 12:00:29 - [TEST_STEP][PASSED] - maximizeWindow(): Current window maximized

2021-12-01 12:00:30 - [MESSAGE][PASSED] - Current window maximized

2021-12-01 12:00:30 - [TEST_STEP][PASSED] - i = G_Login: null

2021-12-01 12:00:30 - [TEST_STEP][PASSED] - url = new java.net.URL(i): null

2021-12-01 12:00:30 - [TEST_STEP][PASSED] - println("URL: " + url.toString()): null

2021-12-01 12:00:30 - [TEST_STEP][PASSED] - connection = url.openConnection(): null

2021-12-01 12:00:30 - [TEST_STEP][PASSED] - connection.setRequestMethod("GET"): null

2021-12-01 12:00:30 - [TEST_STEP][PASSED] - connection.setReadTimeout(2 * 1000): null

2021-12-01 12:00:30 - [TEST_STEP][PASSED] - try: null

2021-12-01 12:00:30 - [TEST_STEP][PASSED] - connection.connect(): null

2021-12-01 12:00:30 - [TEST_STEP][PASSED] - flag = connected: null

2021-12-01 12:00:30 - [TEST_STEP][PASSED] - println("Valor_ori: " + flag): null

2021-12-01 12:00:30 - [TEST_STEP][PASSED] - if (flag): null

2021-12-01 12:00:30 - [TEST_STEP][PASSED] - navigateToUrl(i): Navigate to 'http://localhost:8380/saraweb/' successfully

2021-12-01 12:00:31 - [MESSAGE][PASSED] - Navigate to 'http://localhost:8380/saraweb/' successfully

2021-12-01 12:00:31 - [TEST_STEP][PASSED] - a(): null

2021-12-01 12:00:31 - [TEST_STEP][PASSED] - setText(findTestObject("Login/input_USUARIO_loginusuario"), G_Usuario): Text 'saraadmin' is set on object 'Object Repository/Login/input_USUARIO_loginusuario'

2021-12-01 12:00:32 - [MESSAGE][PASSED] - Text 'saraadmin' is set on object 'Object Repository/Login/input_USUARIO_loginusuario'

2021-12-01 12:00:32 - [TEST_STEP][PASSED] - setEncryptedText(findTestObject("Login/input_CLAVE_loginpassword"), "MkG4/TYiCFC3cb2driP7+Q=="): Text ****** has been set on object 'Object Repository/Login/input_CLAVE_loginpassword'

2021-12-01 12:00:32 - [MESSAGE][PASSED] - Text ****** has been set on object 'Object Repository/Login/input_CLAVE_loginpassword'

2021-12-01 12:00:32 - [TEST_STEP][PASSED] - waitForElementClickable(findTestObject("Login/a_Ingresar"), G_TimeOut): Object 'Object Repository/Login/a_Ingresar' is clickable

2021-12-01 12:00:33 - [MESSAGE][PASSED] - Object 'Object Repository/Login/a_Ingresar' is clickable

2021-12-01 12:00:33 - [TEST_STEP][PASSED] - click(findTestObject("Login/a_Ingresar")): Object: 'Object Repository/Login/a_Ingresar' is clicked on

2021-12-01 12:00:36 - [MESSAGE][PASSED] - Object: 'Object Repository/Login/a_Ingresar' is clicked on

2021-12-01 12:00:36 - [TEST_STEP][PASSED] - element = findWebElement(findTestObject("Login/a_Ir"), 30): null

2021-12-01 12:00:37 - [TEST_STEP][PASSED] - executeJavaScript("arguments[0].click()", Arrays.asList(element)): Execute JavaScript 'arguments[0].click()' successfully

2021-12-01 12:00:37 - [MESSAGE][PASSED] - Execute JavaScript 'arguments[0].click()' successfully

2021-12-01 12:00:37 - [MESSAGE][PASSED] - Call Test Case 'Test Cases/0.1-Login' successfully

2021-12-01 12:00:37 - [TEST_STEP][PASSED] - delay(2): Delayed 2 second(s)

2021-12-01 12:00:39 - [MESSAGE][PASSED] - Delayed 2 second(s)

2021-12-01 12:00:39 - [TEST_STEP][PASSED] - setText(findTestObject("Modulo Tarea Administracion Compensacion/Tarea Liquidacion Nomina/input_Listado de Empleados_"), "Liquidacion Nomina"): Text 'Liquidacion Nomina' is set on object 'Object Repository/Modulo Tarea Administracion Compensacion/Tarea Liquidacion Nomina/input_Listado de Empleados_'

2021-12-01 12:00:40 - [MESSAGE][PASSED] - Text 'Liquidacion Nomina' is set on object 'Object Repository/Modulo Tarea Administracion Compensacion/Tarea Liquidacion Nomina/input_Listado de Empleados_'

2021-12-01 12:00:40 - [TEST_STEP][PASSED] - delay(1): Delayed 1 second(s)

2021-12-01 12:00:41 - [MESSAGE][PASSED] - Delayed 1 second(s)

2021-12-01 12:00:41 - [TEST_STEP][PASSED] - sendKeys(findTestObject("Modulo Tarea Administracion Compensacion/Tarea Liquidacion Nomina/input_Listado de Empleados_"), Keys.chord(ENTER)): Keys 'ENTER + ' sent to object: 'Object Repository/Modulo Tarea Administracion Compensacion/Tarea Liquidacion Nomina/input_Listado de Empleados_'

2021-12-01 12:00:41 - [MESSAGE][PASSED] - Keys 'ENTER + ' sent to object: 'Object Repository/Modulo Tarea Administracion Compensacion/Tarea Liquidacion Nomina/input_Listado de Empleados_'

2021-12-01 12:00:41 - [MESSAGE][PASSED] - Call Test Case 'Test Cases/Hutilidades/Tareas Administracion Compensacion/Tarea Liquidacion Nomina' successfully

2021-12-01 12:00:41 - [TEST_STEP][PASSED] - waitForElementClickable(findTestObject("Modulo Tarea Administracion Compensacion/Recalculo Seleccion/a_Periodo Nomina_LiquidacionNominaj_idt63"), G_TimeOut, STOP_ON_FAILURE): Object 'Object Repository/Modulo Tarea Administracion Compensacion/Recalculo Seleccion/a_Periodo Nomina_LiquidacionNominaj_idt63' is clickable

2021-12-01 12:00:42 - [MESSAGE][PASSED] - Object 'Object Repository/Modulo Tarea Administracion Compensacion/Recalculo Seleccion/a_Periodo Nomina_LiquidacionNominaj_idt63' is clickable

2021-12-01 12:00:42 - [TEST_STEP][PASSED] - click(findTestObject("Modulo Tarea Administracion Compensacion/Recalculo Seleccion/a_Periodo Nomina_LiquidacionNominaj_idt63")): Object: 'Object Repository/Modulo Tarea Administracion Compensacion/Recalculo Seleccion/a_Periodo Nomina_LiquidacionNominaj_idt63' is clicked on

2021-12-01 12:00:43 - [MESSAGE][PASSED] - Object: 'Object Repository/Modulo Tarea Administracion Compensacion/Recalculo Seleccion/a_Periodo Nomina_LiquidacionNominaj_idt63' is clicked on

2021-12-01 12:00:43 - [TEST_STEP][PASSED] - waitForElementClickable(findTestObject("Modulo Tarea Administracion Compensacion/Recalculo Seleccion/select_--  Seleccione  --Periodo CerradoPeriodo en Proceso"), G_TimeOut): Object 'Object Repository/Modulo Tarea Administracion Compensacion/Recalculo Seleccion/select_--  Seleccione  --Periodo CerradoPeriodo en Proceso' is clickable

2021-12-01 12:00:43 - [MESSAGE][PASSED] - Object 'Object Repository/Modulo Tarea Administracion Compensacion/Recalculo Seleccion/select_--  Seleccione  --Periodo CerradoPeriodo en Proceso' is clickable

2021-12-01 12:00:43 - [TEST_STEP][PASSED] - click(findTestObject("Modulo Tarea Administracion Compensacion/Recalculo Seleccion/select_--  Seleccione  --Periodo CerradoPeriodo en Proceso")): Object: 'Object Repository/Modulo Tarea Administracion Compensacion/Recalculo Seleccion/select_--  Seleccione  --Periodo CerradoPeriodo en Proceso' is clicked on

2021-12-01 12:00:44 - [MESSAGE][PASSED] - Object: 'Object Repository/Modulo Tarea Administracion Compensacion/Recalculo Seleccion/select_--  Seleccione  --Periodo CerradoPeriodo en Proceso' is clicked on

2021-12-01 12:00:44 - [TEST_STEP][PASSED] - selectOptionByIndex(findTestObject("Modulo Tarea Administracion Compensacion/Recalculo Seleccion/select_--  Seleccione  --Periodo CerradoPeriodo en Proceso"), 2): All options with index in [2] are selected on object 'Object Repository/Modulo Tarea Administracion Compensacion/Recalculo Seleccion/select_--  Seleccione  --Periodo CerradoPeriodo en Proceso'

2021-12-01 12:00:45 - [MESSAGE][PASSED] - All options with index in [2] are selected on object 'Object Repository/Modulo Tarea Administracion Compensacion/Recalculo Seleccion/select_--  Seleccione  --Periodo CerradoPeriodo en Proceso'

2021-12-01 12:00:45 - [TEST_STEP][PASSED] - waitForElementClickable(findTestObject("Modulo Tarea Administracion Compensacion/Recalculo Seleccion/span_P MensualJulio2021"), G_TimeOut): Object 'Object Repository/Modulo Tarea Administracion Compensacion/Recalculo Seleccion/span_P MensualJulio2021' is clickable

2021-12-01 12:00:45 - [MESSAGE][PASSED] - Object 'Object Repository/Modulo Tarea Administracion Compensacion/Recalculo Seleccion/span_P MensualJulio2021' is clickable

2021-12-01 12:00:45 - [TEST_STEP][PASSED] - click(findTestObject("Modulo Tarea Administracion Compensacion/Recalculo Seleccion/span_P MensualJulio2021")): Object: 'Object Repository/Modulo Tarea Administracion Compensacion/Recalculo Seleccion/span_P MensualJulio2021' is clicked on

2021-12-01 12:00:46 - [MESSAGE][PASSED] - Object: 'Object Repository/Modulo Tarea Administracion Compensacion/Recalculo Seleccion/span_P MensualJulio2021' is clicked on

2021-12-01 12:00:46 - [TEST_STEP][PASSED] - waitForElementClickable(findTestObject("Modulo Tarea Administracion Compensacion/Recalculo Seleccion/a_Nombre Persona_LiquidacionNo"), G_TimeOut): Object 'Object Repository/Modulo Tarea Administracion Compensacion/Recalculo Seleccion/a_Nombre Persona_LiquidacionNo' is clickable

2021-12-01 12:00:47 - [MESSAGE][PASSED] - Object 'Object Repository/Modulo Tarea Administracion Compensacion/Recalculo Seleccion/a_Nombre Persona_LiquidacionNo' is clickable

2021-12-01 12:00:47 - [TEST_STEP][PASSED] - click(findTestObject("Modulo Tarea Administracion Compensacion/Recalculo Seleccion/a_Nombre Persona_LiquidacionNo")): Object: 'Object Repository/Modulo Tarea Administracion Compensacion/Recalculo Seleccion/a_Nombre Persona_LiquidacionNo' is clicked on

2021-12-01 12:00:47 - [MESSAGE][PASSED] - Object: 'Object Repository/Modulo Tarea Administracion Compensacion/Recalculo Seleccion/a_Nombre Persona_LiquidacionNo' is clicked on

2021-12-01 12:00:47 - [TEST_STEP][PASSED] - setText(findTestObject("Modulo Tarea Administracion Compensacion/Recalculo Seleccion/input_Filtro Empleado_Liquidacion Nomina"), "1019070748"): Text '1019070748' is set on object 'Object Repository/Modulo Tarea Administracion Compensacion/Recalculo Seleccion/input_Filtro Empleado_Liquidacion Nomina'

2021-12-01 12:00:48 - [MESSAGE][PASSED] - Text '1019070748' is set on object 'Object Repository/Modulo Tarea Administracion Compensacion/Recalculo Seleccion/input_Filtro Empleado_Liquidacion Nomina'

2021-12-01 12:00:48 - [TEST_STEP][PASSED] - sendKeys(findTestObject("Modulo Tarea Administracion Compensacion/Recalculo Seleccion/input_Filtro Empleado_Liquidacion Nomina"), Keys.chord(ENTER)): Keys 'ENTER + ' sent to object: 'Object Repository/Modulo Tarea Administracion Compensacion/Recalculo Seleccion/input_Filtro Empleado_Liquidacion Nomina'

2021-12-01 12:00:49 - [MESSAGE][PASSED] - Keys 'ENTER + ' sent to object: 'Object Repository/Modulo Tarea Administracion Compensacion/Recalculo Seleccion/input_Filtro Empleado_Liquidacion Nomina'

2021-12-01 12:00:49 - [TEST_STEP][PASSED] - waitForElementClickable(findTestObject("Modulo Tarea Administracion Compensacion/Recalculo Seleccion/span_Almanza Novoa John Alexandre"), G_TimeOut): Object 'Object Repository/Modulo Tarea Administracion Compensacion/Recalculo Seleccion/span_Almanza Novoa John Alexandre' is clickable

2021-12-01 12:00:52 - [MESSAGE][PASSED] - Object 'Object Repository/Modulo Tarea Administracion Compensacion/Recalculo Seleccion/span_Almanza Novoa John Alexandre' is clickable

2021-12-01 12:00:52 - [TEST_STEP][PASSED] - click(findTestObject("Modulo Tarea Administracion Compensacion/Recalculo Seleccion/span_Almanza Novoa John Alexandre")): Object: 'Object Repository/Modulo Tarea Administracion Compensacion/Recalculo Seleccion/span_Almanza Novoa John Alexandre' is clicked on

2021-12-01 12:00:52 - [MESSAGE][PASSED] - Object: 'Object Repository/Modulo Tarea Administracion Compensacion/Recalculo Seleccion/span_Almanza Novoa John Alexandre' is clicked on

2021-12-01 12:00:52 - [TEST_STEP][PASSED] - click(findTestObject("Modulo Tarea Administracion Compensacion/Recalculo Seleccion/span_Reclculo Seleccin")): Object: 'Object Repository/Modulo Tarea Administracion Compensacion/Recalculo Seleccion/span_Reclculo Seleccin' is clicked on

2021-12-01 12:00:53 - [MESSAGE][PASSED] - Object: 'Object Repository/Modulo Tarea Administracion Compensacion/Recalculo Seleccion/span_Reclculo Seleccin' is clicked on

2021-12-01 12:00:53 - [TEST_STEP][PASSED] - click(findTestObject("Modulo Tarea Administracion Compensacion/Recalculo Seleccion/span_Si")): Object: 'Object Repository/Modulo Tarea Administracion Compensacion/Recalculo Seleccion/span_Si' is clicked on

2021-12-01 12:00:54 - [MESSAGE][PASSED] - Object: 'Object Repository/Modulo Tarea Administracion Compensacion/Recalculo Seleccion/span_Si' is clicked on

2021-12-01 12:00:54 - [TEST_STEP][PASSED] - waitForElementClickable(findTestObject("Alerta/Alerta"), 0): Object 'Object Repository/Alerta/Alerta' is clickable

2021-12-01 12:00:54 - [MESSAGE][WARNING] - Timeout '0' is invalid. Using default page load timeout: '30'

2021-12-01 12:00:55 - [MESSAGE][PASSED] - Object 'Object Repository/Alerta/Alerta' is clickable

2021-12-01 12:00:55 - [TEST_STEP][PASSED] - getText(findTestObject("Alerta/Alerta")): Text of object 'Object Repository/Alerta/Alerta' is: 'Seleccione empleado'

2021-12-01 12:00:55 - [MESSAGE][PASSED] - Text of object 'Object Repository/Alerta/Alerta' is: 'Seleccione empleado'

2021-12-01 12:00:55 - [TEST_STEP][PASSED] - closeBrowser(): Browser is closed

2021-12-01 12:00:56 - [MESSAGE][PASSED] - Browser is closed]]></system-out>
         <system-err><![CDATA[]]></system-err>
      </testcase>
      <testcase name="Test Cases/1.1-Tareas Principales/1.3.3-Recalculo Total" time="90.509" classname="Test Cases/1.1-Tareas Principales/1.3.3-Recalculo Total" status="PASSED">
         <system-out><![CDATA[2021-12-01 12:00:56 - [TEST_CASE][PASSED] - Test Cases/1.1-Tareas Principales/1.3.3-Recalculo Total: Test Cases/1.1-Tareas Principales/1.3.3-Recalculo Total

2021-12-01 12:00:56 - [TEST_STEP][PASSED] - callTestCase(findTestCase("Hutilidades/Tareas Administracion Compensacion/Tarea Liquidacion Nomina"), [:], STOP_ON_FAILURE): Call Test Case 'Test Cases/Hutilidades/Tareas Administracion Compensacion/Tarea Liquidacion Nomina' successfully

2021-12-01 12:00:56 - [TEST_CASE][PASSED] - Test Cases/Hutilidades/Tareas Administracion Compensacion/Tarea Liquidacion Nomina: Test Cases/Hutilidades/Tareas Administracion Compensacion/Tarea Liquidacion Nomina

2021-12-01 12:00:56 - [TEST_STEP][PASSED] - callTestCase(findTestCase("0.1-Login"), [:], STOP_ON_FAILURE): Call Test Case 'Test Cases/0.1-Login' successfully

2021-12-01 12:00:56 - [TEST_CASE][PASSED] - Test Cases/0.1-Login: Test Cases/0.1-Login

2021-12-01 12:00:56 - [TEST_STEP][PASSED] - openBrowser(""): Browser is opened with url: ''

2021-12-01 12:00:56 - [MESSAGE][INFO] - Starting 'Chrome' driver

2021-12-01 12:00:56 - [MESSAGE][INFO] - Action delay is set to 0 milliseconds

2021-12-01 12:00:58 - [MESSAGE][PASSED] - Browser is opened with url: ''

2021-12-01 12:00:58 - [TEST_STEP][PASSED] - maximizeWindow(): Current window maximized

2021-12-01 12:00:58 - [MESSAGE][PASSED] - Current window maximized

2021-12-01 12:00:58 - [TEST_STEP][PASSED] - i = G_Login: null

2021-12-01 12:00:58 - [TEST_STEP][PASSED] - url = new java.net.URL(i): null

2021-12-01 12:00:58 - [TEST_STEP][PASSED] - println("URL: " + url.toString()): null

2021-12-01 12:00:58 - [TEST_STEP][PASSED] - connection = url.openConnection(): null

2021-12-01 12:00:58 - [TEST_STEP][PASSED] - connection.setRequestMethod("GET"): null

2021-12-01 12:00:58 - [TEST_STEP][PASSED] - connection.setReadTimeout(2 * 1000): null

2021-12-01 12:00:58 - [TEST_STEP][PASSED] - try: null

2021-12-01 12:00:58 - [TEST_STEP][PASSED] - connection.connect(): null

2021-12-01 12:00:58 - [TEST_STEP][PASSED] - flag = connected: null

2021-12-01 12:00:58 - [TEST_STEP][PASSED] - println("Valor_ori: " + flag): null

2021-12-01 12:00:58 - [TEST_STEP][PASSED] - if (flag): null

2021-12-01 12:00:58 - [TEST_STEP][PASSED] - navigateToUrl(i): Navigate to 'http://localhost:8380/saraweb/' successfully

2021-12-01 12:00:58 - [MESSAGE][PASSED] - Navigate to 'http://localhost:8380/saraweb/' successfully

2021-12-01 12:00:58 - [TEST_STEP][PASSED] - a(): null

2021-12-01 12:00:58 - [TEST_STEP][PASSED] - setText(findTestObject("Login/input_USUARIO_loginusuario"), G_Usuario): Text 'saraadmin' is set on object 'Object Repository/Login/input_USUARIO_loginusuario'

2021-12-01 12:00:59 - [MESSAGE][PASSED] - Text 'saraadmin' is set on object 'Object Repository/Login/input_USUARIO_loginusuario'

2021-12-01 12:00:59 - [TEST_STEP][PASSED] - setEncryptedText(findTestObject("Login/input_CLAVE_loginpassword"), "MkG4/TYiCFC3cb2driP7+Q=="): Text ****** has been set on object 'Object Repository/Login/input_CLAVE_loginpassword'

2021-12-01 12:01:00 - [MESSAGE][PASSED] - Text ****** has been set on object 'Object Repository/Login/input_CLAVE_loginpassword'

2021-12-01 12:01:00 - [TEST_STEP][PASSED] - waitForElementClickable(findTestObject("Login/a_Ingresar"), G_TimeOut): Object 'Object Repository/Login/a_Ingresar' is clickable

2021-12-01 12:01:00 - [MESSAGE][PASSED] - Object 'Object Repository/Login/a_Ingresar' is clickable

2021-12-01 12:01:00 - [TEST_STEP][PASSED] - click(findTestObject("Login/a_Ingresar")): Object: 'Object Repository/Login/a_Ingresar' is clicked on

2021-12-01 12:01:02 - [MESSAGE][PASSED] - Object: 'Object Repository/Login/a_Ingresar' is clicked on

2021-12-01 12:01:02 - [TEST_STEP][PASSED] - element = findWebElement(findTestObject("Login/a_Ir"), 30): null

2021-12-01 12:01:03 - [TEST_STEP][PASSED] - executeJavaScript("arguments[0].click()", Arrays.asList(element)): Execute JavaScript 'arguments[0].click()' successfully

2021-12-01 12:01:03 - [MESSAGE][PASSED] - Execute JavaScript 'arguments[0].click()' successfully

2021-12-01 12:01:03 - [MESSAGE][PASSED] - Call Test Case 'Test Cases/0.1-Login' successfully

2021-12-01 12:01:03 - [TEST_STEP][PASSED] - delay(2): Delayed 2 second(s)

2021-12-01 12:01:05 - [MESSAGE][PASSED] - Delayed 2 second(s)

2021-12-01 12:01:05 - [TEST_STEP][PASSED] - setText(findTestObject("Modulo Tarea Administracion Compensacion/Tarea Liquidacion Nomina/input_Listado de Empleados_"), "Liquidacion Nomina"): Text 'Liquidacion Nomina' is set on object 'Object Repository/Modulo Tarea Administracion Compensacion/Tarea Liquidacion Nomina/input_Listado de Empleados_'

2021-12-01 12:01:06 - [MESSAGE][PASSED] - Text 'Liquidacion Nomina' is set on object 'Object Repository/Modulo Tarea Administracion Compensacion/Tarea Liquidacion Nomina/input_Listado de Empleados_'

2021-12-01 12:01:06 - [TEST_STEP][PASSED] - delay(1): Delayed 1 second(s)

2021-12-01 12:01:07 - [MESSAGE][PASSED] - Delayed 1 second(s)

2021-12-01 12:01:07 - [TEST_STEP][PASSED] - sendKeys(findTestObject("Modulo Tarea Administracion Compensacion/Tarea Liquidacion Nomina/input_Listado de Empleados_"), Keys.chord(ENTER)): Keys 'ENTER + ' sent to object: 'Object Repository/Modulo Tarea Administracion Compensacion/Tarea Liquidacion Nomina/input_Listado de Empleados_'

2021-12-01 12:01:07 - [MESSAGE][PASSED] - Keys 'ENTER + ' sent to object: 'Object Repository/Modulo Tarea Administracion Compensacion/Tarea Liquidacion Nomina/input_Listado de Empleados_'

2021-12-01 12:01:07 - [MESSAGE][PASSED] - Call Test Case 'Test Cases/Hutilidades/Tareas Administracion Compensacion/Tarea Liquidacion Nomina' successfully

2021-12-01 12:01:07 - [TEST_STEP][PASSED] - waitForElementClickable(findTestObject("Modulo Tarea Administracion Compensacion/Recalculo Total/a_Periodo Nomina_LiquidacionNominaj_idt63"), G_TimeOut): Object 'Object Repository/Modulo Tarea Administracion Compensacion/Recalculo Total/a_Periodo Nomina_LiquidacionNominaj_idt63' is clickable

2021-12-01 12:01:08 - [MESSAGE][PASSED] - Object 'Object Repository/Modulo Tarea Administracion Compensacion/Recalculo Total/a_Periodo Nomina_LiquidacionNominaj_idt63' is clickable

2021-12-01 12:01:08 - [TEST_STEP][PASSED] - click(findTestObject("Modulo Tarea Administracion Compensacion/Recalculo Total/a_Periodo Nomina_LiquidacionNominaj_idt63")): Object: 'Object Repository/Modulo Tarea Administracion Compensacion/Recalculo Total/a_Periodo Nomina_LiquidacionNominaj_idt63' is clicked on

2021-12-01 12:01:09 - [MESSAGE][PASSED] - Object: 'Object Repository/Modulo Tarea Administracion Compensacion/Recalculo Total/a_Periodo Nomina_LiquidacionNominaj_idt63' is clicked on

2021-12-01 12:01:09 - [TEST_STEP][PASSED] - waitForElementClickable(findTestObject("Modulo Tarea Administracion Compensacion/Recalculo Total/select_--  Seleccione  --Periodo CerradoPeriodo en Proceso"), G_TimeOut): Object 'Object Repository/Modulo Tarea Administracion Compensacion/Recalculo Total/select_--  Seleccione  --Periodo CerradoPeriodo en Proceso' is clickable

2021-12-01 12:01:10 - [MESSAGE][PASSED] - Object 'Object Repository/Modulo Tarea Administracion Compensacion/Recalculo Total/select_--  Seleccione  --Periodo CerradoPeriodo en Proceso' is clickable

2021-12-01 12:01:10 - [TEST_STEP][PASSED] - click(findTestObject("Modulo Tarea Administracion Compensacion/Recalculo Total/select_--  Seleccione  --Periodo CerradoPeriodo en Proceso")): Object: 'Object Repository/Modulo Tarea Administracion Compensacion/Recalculo Total/select_--  Seleccione  --Periodo CerradoPeriodo en Proceso' is clicked on

2021-12-01 12:01:10 - [MESSAGE][PASSED] - Object: 'Object Repository/Modulo Tarea Administracion Compensacion/Recalculo Total/select_--  Seleccione  --Periodo CerradoPeriodo en Proceso' is clicked on

2021-12-01 12:01:10 - [TEST_STEP][PASSED] - selectOptionByIndex(findTestObject("Modulo Tarea Administracion Compensacion/Recalculo Total/select_--  Seleccione  --Periodo CerradoPeriodo en Proceso"), 2): All options with index in [2] are selected on object 'Object Repository/Modulo Tarea Administracion Compensacion/Recalculo Total/select_--  Seleccione  --Periodo CerradoPeriodo en Proceso'

2021-12-01 12:01:11 - [MESSAGE][PASSED] - All options with index in [2] are selected on object 'Object Repository/Modulo Tarea Administracion Compensacion/Recalculo Total/select_--  Seleccione  --Periodo CerradoPeriodo en Proceso'

2021-12-01 12:01:11 - [TEST_STEP][PASSED] - waitForElementClickable(findTestObject("Modulo Tarea Administracion Compensacion/Recalculo Total/span_P MensualJulio2021"), G_TimeOut): Object 'Object Repository/Modulo Tarea Administracion Compensacion/Recalculo Total/span_P MensualJulio2021' is clickable

2021-12-01 12:01:13 - [MESSAGE][PASSED] - Object 'Object Repository/Modulo Tarea Administracion Compensacion/Recalculo Total/span_P MensualJulio2021' is clickable

2021-12-01 12:01:13 - [TEST_STEP][PASSED] - click(findTestObject("Modulo Tarea Administracion Compensacion/Recalculo Total/span_P MensualJulio2021")): Object: 'Object Repository/Modulo Tarea Administracion Compensacion/Recalculo Total/span_P MensualJulio2021' is clicked on

2021-12-01 12:01:14 - [MESSAGE][PASSED] - Object: 'Object Repository/Modulo Tarea Administracion Compensacion/Recalculo Total/span_P MensualJulio2021' is clicked on

2021-12-01 12:01:14 - [TEST_STEP][PASSED] - waitForElementClickable(findTestObject("Modulo Tarea Administracion Compensacion/Recalculo Total/a_Reclculo Total"), G_TimeOut): Object 'Object Repository/Modulo Tarea Administracion Compensacion/Recalculo Total/a_Reclculo Total' is clickable

2021-12-01 12:01:15 - [MESSAGE][PASSED] - Object 'Object Repository/Modulo Tarea Administracion Compensacion/Recalculo Total/a_Reclculo Total' is clickable

2021-12-01 12:01:15 - [TEST_STEP][PASSED] - click(findTestObject("Modulo Tarea Administracion Compensacion/Recalculo Total/a_Reclculo Total")): Object: 'Object Repository/Modulo Tarea Administracion Compensacion/Recalculo Total/a_Reclculo Total' is clicked on

2021-12-01 12:01:16 - [MESSAGE][PASSED] - Object: 'Object Repository/Modulo Tarea Administracion Compensacion/Recalculo Total/a_Reclculo Total' is clicked on

2021-12-01 12:01:16 - [TEST_STEP][PASSED] - waitForElementClickable(findTestObject("Modulo Tarea Administracion Compensacion/Recalculo Total/span_Si"), G_TimeOut): Object 'Object Repository/Modulo Tarea Administracion Compensacion/Recalculo Total/span_Si' is clickable

2021-12-01 12:01:17 - [MESSAGE][PASSED] - Object 'Object Repository/Modulo Tarea Administracion Compensacion/Recalculo Total/span_Si' is clickable

2021-12-01 12:01:17 - [TEST_STEP][PASSED] - click(findTestObject("Modulo Tarea Administracion Compensacion/Recalculo Total/span_Si")): Object: 'Object Repository/Modulo Tarea Administracion Compensacion/Recalculo Total/span_Si' is clicked on

2021-12-01 12:01:17 - [MESSAGE][PASSED] - Object: 'Object Repository/Modulo Tarea Administracion Compensacion/Recalculo Total/span_Si' is clicked on

2021-12-01 12:01:17 - [TEST_STEP][PASSED] - delay(28): Delayed 28 second(s)

2021-12-01 12:01:45 - [MESSAGE][PASSED] - Delayed 28 second(s)

2021-12-01 12:01:45 - [TEST_STEP][PASSED] - waitForElementClickable(findTestObject("Modulo Tarea Administracion Compensacion/Recalculo Total/a_Continuar"), G_TimeNomina): Object 'Object Repository/Modulo Tarea Administracion Compensacion/Recalculo Total/a_Continuar' is clickable

2021-12-01 12:02:26 - [MESSAGE][PASSED] - Object 'Object Repository/Modulo Tarea Administracion Compensacion/Recalculo Total/a_Continuar' is clickable

2021-12-01 12:02:26 - [TEST_STEP][PASSED] - click(findTestObject("Modulo Tarea Administracion Compensacion/Recalculo Total/a_Continuar")): Object: 'Object Repository/Modulo Tarea Administracion Compensacion/Recalculo Total/a_Continuar' is clicked on

2021-12-01 12:02:26 - [MESSAGE][PASSED] - Object: 'Object Repository/Modulo Tarea Administracion Compensacion/Recalculo Total/a_Continuar' is clicked on]]></system-out>
         <system-err><![CDATA[]]></system-err>
      </testcase>
      <testcase name="Test Cases/1.1-Tareas Principales/1.3.4-Reporte de Recalculo Total" time="104.97" classname="Test Cases/1.1-Tareas Principales/1.3.4-Reporte de Recalculo Total" status="PASSED">
         <system-out><![CDATA[2021-12-01 12:02:26 - [TEST_CASE][PASSED] - Test Cases/1.1-Tareas Principales/1.3.4-Reporte de Recalculo Total: Test Cases/1.1-Tareas Principales/1.3.4-Reporte de Recalculo Total

2021-12-01 12:02:27 - [TEST_STEP][PASSED] - callTestCase(findTestCase("1.1-Tareas Principales/1.3.3-Recalculo Total"), [:], STOP_ON_FAILURE): Call Test Case 'Test Cases/1.1-Tareas Principales/1.3.3-Recalculo Total' successfully

2021-12-01 12:02:27 - [TEST_CASE][PASSED] - Test Cases/1.1-Tareas Principales/1.3.3-Recalculo Total: Test Cases/1.1-Tareas Principales/1.3.3-Recalculo Total

2021-12-01 12:02:27 - [TEST_STEP][PASSED] - callTestCase(findTestCase("Hutilidades/Tareas Administracion Compensacion/Tarea Liquidacion Nomina"), [:], STOP_ON_FAILURE): Call Test Case 'Test Cases/Hutilidades/Tareas Administracion Compensacion/Tarea Liquidacion Nomina' successfully

2021-12-01 12:02:27 - [TEST_CASE][PASSED] - Test Cases/Hutilidades/Tareas Administracion Compensacion/Tarea Liquidacion Nomina: Test Cases/Hutilidades/Tareas Administracion Compensacion/Tarea Liquidacion Nomina

2021-12-01 12:02:27 - [TEST_STEP][PASSED] - callTestCase(findTestCase("0.1-Login"), [:], STOP_ON_FAILURE): Call Test Case 'Test Cases/0.1-Login' successfully

2021-12-01 12:02:27 - [TEST_CASE][PASSED] - Test Cases/0.1-Login: Test Cases/0.1-Login

2021-12-01 12:02:27 - [TEST_STEP][PASSED] - openBrowser(""): Browser is opened with url: ''

2021-12-01 12:02:27 - [MESSAGE][WARNING] - A browser is already opened. Closing browser and opening a new one

2021-12-01 12:02:28 - [MESSAGE][INFO] - Starting 'Chrome' driver

2021-12-01 12:02:28 - [MESSAGE][INFO] - Action delay is set to 0 milliseconds

2021-12-01 12:02:29 - [MESSAGE][PASSED] - Browser is opened with url: ''

2021-12-01 12:02:29 - [TEST_STEP][PASSED] - maximizeWindow(): Current window maximized

2021-12-01 12:02:29 - [MESSAGE][PASSED] - Current window maximized

2021-12-01 12:02:29 - [TEST_STEP][PASSED] - i = G_Login: null

2021-12-01 12:02:29 - [TEST_STEP][PASSED] - url = new java.net.URL(i): null

2021-12-01 12:02:29 - [TEST_STEP][PASSED] - println("URL: " + url.toString()): null

2021-12-01 12:02:29 - [TEST_STEP][PASSED] - connection = url.openConnection(): null

2021-12-01 12:02:29 - [TEST_STEP][PASSED] - connection.setRequestMethod("GET"): null

2021-12-01 12:02:29 - [TEST_STEP][PASSED] - connection.setReadTimeout(2 * 1000): null

2021-12-01 12:02:29 - [TEST_STEP][PASSED] - try: null

2021-12-01 12:02:29 - [TEST_STEP][PASSED] - connection.connect(): null

2021-12-01 12:02:29 - [TEST_STEP][PASSED] - flag = connected: null

2021-12-01 12:02:29 - [TEST_STEP][PASSED] - println("Valor_ori: " + flag): null

2021-12-01 12:02:29 - [TEST_STEP][PASSED] - if (flag): null

2021-12-01 12:02:29 - [TEST_STEP][PASSED] - navigateToUrl(i): Navigate to 'http://localhost:8380/saraweb/' successfully

2021-12-01 12:02:31 - [MESSAGE][PASSED] - Navigate to 'http://localhost:8380/saraweb/' successfully

2021-12-01 12:02:31 - [TEST_STEP][PASSED] - a(): null

2021-12-01 12:02:31 - [TEST_STEP][PASSED] - setText(findTestObject("Login/input_USUARIO_loginusuario"), G_Usuario): Text 'saraadmin' is set on object 'Object Repository/Login/input_USUARIO_loginusuario'

2021-12-01 12:02:32 - [MESSAGE][PASSED] - Text 'saraadmin' is set on object 'Object Repository/Login/input_USUARIO_loginusuario'

2021-12-01 12:02:32 - [TEST_STEP][PASSED] - setEncryptedText(findTestObject("Login/input_CLAVE_loginpassword"), "MkG4/TYiCFC3cb2driP7+Q=="): Text ****** has been set on object 'Object Repository/Login/input_CLAVE_loginpassword'

2021-12-01 12:02:32 - [MESSAGE][PASSED] - Text ****** has been set on object 'Object Repository/Login/input_CLAVE_loginpassword'

2021-12-01 12:02:32 - [TEST_STEP][PASSED] - waitForElementClickable(findTestObject("Login/a_Ingresar"), G_TimeOut): Object 'Object Repository/Login/a_Ingresar' is clickable

2021-12-01 12:02:32 - [MESSAGE][PASSED] - Object 'Object Repository/Login/a_Ingresar' is clickable

2021-12-01 12:02:32 - [TEST_STEP][PASSED] - click(findTestObject("Login/a_Ingresar")): Object: 'Object Repository/Login/a_Ingresar' is clicked on

2021-12-01 12:02:36 - [MESSAGE][PASSED] - Object: 'Object Repository/Login/a_Ingresar' is clicked on

2021-12-01 12:02:36 - [TEST_STEP][PASSED] - element = findWebElement(findTestObject("Login/a_Ir"), 30): null

2021-12-01 12:02:36 - [TEST_STEP][PASSED] - executeJavaScript("arguments[0].click()", Arrays.asList(element)): Execute JavaScript 'arguments[0].click()' successfully

2021-12-01 12:02:36 - [MESSAGE][PASSED] - Execute JavaScript 'arguments[0].click()' successfully

2021-12-01 12:02:36 - [MESSAGE][PASSED] - Call Test Case 'Test Cases/0.1-Login' successfully

2021-12-01 12:02:36 - [TEST_STEP][PASSED] - delay(2): Delayed 2 second(s)

2021-12-01 12:02:38 - [MESSAGE][PASSED] - Delayed 2 second(s)

2021-12-01 12:02:38 - [TEST_STEP][PASSED] - setText(findTestObject("Modulo Tarea Administracion Compensacion/Tarea Liquidacion Nomina/input_Listado de Empleados_"), "Liquidacion Nomina"): Text 'Liquidacion Nomina' is set on object 'Object Repository/Modulo Tarea Administracion Compensacion/Tarea Liquidacion Nomina/input_Listado de Empleados_'

2021-12-01 12:02:39 - [MESSAGE][PASSED] - Text 'Liquidacion Nomina' is set on object 'Object Repository/Modulo Tarea Administracion Compensacion/Tarea Liquidacion Nomina/input_Listado de Empleados_'

2021-12-01 12:02:39 - [TEST_STEP][PASSED] - delay(1): Delayed 1 second(s)

2021-12-01 12:02:40 - [MESSAGE][PASSED] - Delayed 1 second(s)

2021-12-01 12:02:40 - [TEST_STEP][PASSED] - sendKeys(findTestObject("Modulo Tarea Administracion Compensacion/Tarea Liquidacion Nomina/input_Listado de Empleados_"), Keys.chord(ENTER)): Keys 'ENTER + ' sent to object: 'Object Repository/Modulo Tarea Administracion Compensacion/Tarea Liquidacion Nomina/input_Listado de Empleados_'

2021-12-01 12:02:40 - [MESSAGE][PASSED] - Keys 'ENTER + ' sent to object: 'Object Repository/Modulo Tarea Administracion Compensacion/Tarea Liquidacion Nomina/input_Listado de Empleados_'

2021-12-01 12:02:40 - [MESSAGE][PASSED] - Call Test Case 'Test Cases/Hutilidades/Tareas Administracion Compensacion/Tarea Liquidacion Nomina' successfully

2021-12-01 12:02:40 - [TEST_STEP][PASSED] - waitForElementClickable(findTestObject("Modulo Tarea Administracion Compensacion/Recalculo Total/a_Periodo Nomina_LiquidacionNominaj_idt63"), G_TimeOut): Object 'Object Repository/Modulo Tarea Administracion Compensacion/Recalculo Total/a_Periodo Nomina_LiquidacionNominaj_idt63' is clickable

2021-12-01 12:02:42 - [MESSAGE][PASSED] - Object 'Object Repository/Modulo Tarea Administracion Compensacion/Recalculo Total/a_Periodo Nomina_LiquidacionNominaj_idt63' is clickable

2021-12-01 12:02:42 - [TEST_STEP][PASSED] - click(findTestObject("Modulo Tarea Administracion Compensacion/Recalculo Total/a_Periodo Nomina_LiquidacionNominaj_idt63")): Object: 'Object Repository/Modulo Tarea Administracion Compensacion/Recalculo Total/a_Periodo Nomina_LiquidacionNominaj_idt63' is clicked on

2021-12-01 12:02:42 - [MESSAGE][PASSED] - Object: 'Object Repository/Modulo Tarea Administracion Compensacion/Recalculo Total/a_Periodo Nomina_LiquidacionNominaj_idt63' is clicked on

2021-12-01 12:02:42 - [TEST_STEP][PASSED] - waitForElementClickable(findTestObject("Modulo Tarea Administracion Compensacion/Recalculo Total/select_--  Seleccione  --Periodo CerradoPeriodo en Proceso"), G_TimeOut): Object 'Object Repository/Modulo Tarea Administracion Compensacion/Recalculo Total/select_--  Seleccione  --Periodo CerradoPeriodo en Proceso' is clickable

2021-12-01 12:02:43 - [MESSAGE][PASSED] - Object 'Object Repository/Modulo Tarea Administracion Compensacion/Recalculo Total/select_--  Seleccione  --Periodo CerradoPeriodo en Proceso' is clickable

2021-12-01 12:02:43 - [TEST_STEP][PASSED] - click(findTestObject("Modulo Tarea Administracion Compensacion/Recalculo Total/select_--  Seleccione  --Periodo CerradoPeriodo en Proceso")): Object: 'Object Repository/Modulo Tarea Administracion Compensacion/Recalculo Total/select_--  Seleccione  --Periodo CerradoPeriodo en Proceso' is clicked on

2021-12-01 12:02:43 - [MESSAGE][PASSED] - Object: 'Object Repository/Modulo Tarea Administracion Compensacion/Recalculo Total/select_--  Seleccione  --Periodo CerradoPeriodo en Proceso' is clicked on

2021-12-01 12:02:43 - [TEST_STEP][PASSED] - selectOptionByIndex(findTestObject("Modulo Tarea Administracion Compensacion/Recalculo Total/select_--  Seleccione  --Periodo CerradoPeriodo en Proceso"), 2): All options with index in [2] are selected on object 'Object Repository/Modulo Tarea Administracion Compensacion/Recalculo Total/select_--  Seleccione  --Periodo CerradoPeriodo en Proceso'

2021-12-01 12:02:44 - [MESSAGE][PASSED] - All options with index in [2] are selected on object 'Object Repository/Modulo Tarea Administracion Compensacion/Recalculo Total/select_--  Seleccione  --Periodo CerradoPeriodo en Proceso'

2021-12-01 12:02:44 - [TEST_STEP][PASSED] - waitForElementClickable(findTestObject("Modulo Tarea Administracion Compensacion/Recalculo Total/span_P MensualJulio2021"), G_TimeOut): Object 'Object Repository/Modulo Tarea Administracion Compensacion/Recalculo Total/span_P MensualJulio2021' is clickable

2021-12-01 12:02:45 - [MESSAGE][PASSED] - Object 'Object Repository/Modulo Tarea Administracion Compensacion/Recalculo Total/span_P MensualJulio2021' is clickable

2021-12-01 12:02:45 - [TEST_STEP][PASSED] - click(findTestObject("Modulo Tarea Administracion Compensacion/Recalculo Total/span_P MensualJulio2021")): Object: 'Object Repository/Modulo Tarea Administracion Compensacion/Recalculo Total/span_P MensualJulio2021' is clicked on

2021-12-01 12:02:45 - [MESSAGE][PASSED] - Object: 'Object Repository/Modulo Tarea Administracion Compensacion/Recalculo Total/span_P MensualJulio2021' is clicked on

2021-12-01 12:02:45 - [TEST_STEP][PASSED] - waitForElementClickable(findTestObject("Modulo Tarea Administracion Compensacion/Recalculo Total/a_Reclculo Total"), G_TimeOut): Object 'Object Repository/Modulo Tarea Administracion Compensacion/Recalculo Total/a_Reclculo Total' is clickable

2021-12-01 12:02:46 - [MESSAGE][PASSED] - Object 'Object Repository/Modulo Tarea Administracion Compensacion/Recalculo Total/a_Reclculo Total' is clickable

2021-12-01 12:02:46 - [TEST_STEP][PASSED] - click(findTestObject("Modulo Tarea Administracion Compensacion/Recalculo Total/a_Reclculo Total")): Object: 'Object Repository/Modulo Tarea Administracion Compensacion/Recalculo Total/a_Reclculo Total' is clicked on

2021-12-01 12:02:47 - [MESSAGE][PASSED] - Object: 'Object Repository/Modulo Tarea Administracion Compensacion/Recalculo Total/a_Reclculo Total' is clicked on

2021-12-01 12:02:47 - [TEST_STEP][PASSED] - waitForElementClickable(findTestObject("Modulo Tarea Administracion Compensacion/Recalculo Total/span_Si"), G_TimeOut): Object 'Object Repository/Modulo Tarea Administracion Compensacion/Recalculo Total/span_Si' is clickable

2021-12-01 12:02:48 - [MESSAGE][PASSED] - Object 'Object Repository/Modulo Tarea Administracion Compensacion/Recalculo Total/span_Si' is clickable

2021-12-01 12:02:48 - [TEST_STEP][PASSED] - click(findTestObject("Modulo Tarea Administracion Compensacion/Recalculo Total/span_Si")): Object: 'Object Repository/Modulo Tarea Administracion Compensacion/Recalculo Total/span_Si' is clicked on

2021-12-01 12:02:48 - [MESSAGE][PASSED] - Object: 'Object Repository/Modulo Tarea Administracion Compensacion/Recalculo Total/span_Si' is clicked on

2021-12-01 12:02:48 - [TEST_STEP][PASSED] - delay(28): Delayed 28 second(s)

2021-12-01 12:03:16 - [MESSAGE][PASSED] - Delayed 28 second(s)

2021-12-01 12:03:16 - [TEST_STEP][PASSED] - waitForElementClickable(findTestObject("Modulo Tarea Administracion Compensacion/Recalculo Total/a_Continuar"), G_TimeNomina): Object 'Object Repository/Modulo Tarea Administracion Compensacion/Recalculo Total/a_Continuar' is clickable

2021-12-01 12:03:58 - [MESSAGE][PASSED] - Object 'Object Repository/Modulo Tarea Administracion Compensacion/Recalculo Total/a_Continuar' is clickable

2021-12-01 12:03:58 - [TEST_STEP][PASSED] - click(findTestObject("Modulo Tarea Administracion Compensacion/Recalculo Total/a_Continuar")): Object: 'Object Repository/Modulo Tarea Administracion Compensacion/Recalculo Total/a_Continuar' is clicked on

2021-12-01 12:03:58 - [MESSAGE][PASSED] - Object: 'Object Repository/Modulo Tarea Administracion Compensacion/Recalculo Total/a_Continuar' is clicked on

2021-12-01 12:03:58 - [MESSAGE][PASSED] - Call Test Case 'Test Cases/1.1-Tareas Principales/1.3.3-Recalculo Total' successfully

2021-12-01 12:03:58 - [TEST_STEP][PASSED] - waitForElementClickable(findTestObject("Modulo Tarea Administracion Compensacion/Reporte de Recalculo Total/a_Reporte"), G_TimeOut): Object 'Object Repository/Modulo Tarea Administracion Compensacion/Reporte de Recalculo Total/a_Reporte' is clickable

2021-12-01 12:03:59 - [MESSAGE][PASSED] - Object 'Object Repository/Modulo Tarea Administracion Compensacion/Reporte de Recalculo Total/a_Reporte' is clickable

2021-12-01 12:03:59 - [TEST_STEP][PASSED] - click(findTestObject("Modulo Tarea Administracion Compensacion/Reporte de Recalculo Total/a_Reporte")): Object: 'Object Repository/Modulo Tarea Administracion Compensacion/Reporte de Recalculo Total/a_Reporte' is clicked on

2021-12-01 12:03:59 - [MESSAGE][PASSED] - Object: 'Object Repository/Modulo Tarea Administracion Compensacion/Reporte de Recalculo Total/a_Reporte' is clicked on

2021-12-01 12:03:59 - [TEST_STEP][PASSED] - waitForElementClickable(findTestObject("Modulo Tarea Administracion Compensacion/Reporte de Recalculo Total/span_ACUMULADO POR CONCEPTO (1)"), G_TimeOut): Object 'Object Repository/Modulo Tarea Administracion Compensacion/Reporte de Recalculo Total/span_ACUMULADO POR CONCEPTO (1)' is clickable

2021-12-01 12:04:00 - [MESSAGE][PASSED] - Object 'Object Repository/Modulo Tarea Administracion Compensacion/Reporte de Recalculo Total/span_ACUMULADO POR CONCEPTO (1)' is clickable

2021-12-01 12:04:00 - [TEST_STEP][PASSED] - click(findTestObject("Modulo Tarea Administracion Compensacion/Reporte de Recalculo Total/span_ACUMULADO POR CONCEPTO (1)")): Object: 'Object Repository/Modulo Tarea Administracion Compensacion/Reporte de Recalculo Total/span_ACUMULADO POR CONCEPTO (1)' is clicked on

2021-12-01 12:04:01 - [MESSAGE][PASSED] - Object: 'Object Repository/Modulo Tarea Administracion Compensacion/Reporte de Recalculo Total/span_ACUMULADO POR CONCEPTO (1)' is clicked on

2021-12-01 12:04:01 - [TEST_STEP][PASSED] - waitForElementClickable(findTestObject("Modulo Tarea Administracion Compensacion/Reporte de Recalculo Total/a_Aplicar"), G_TimeOut): Object 'Object Repository/Modulo Tarea Administracion Compensacion/Reporte de Recalculo Total/a_Aplicar' is clickable

2021-12-01 12:04:01 - [MESSAGE][PASSED] - Object 'Object Repository/Modulo Tarea Administracion Compensacion/Reporte de Recalculo Total/a_Aplicar' is clickable

2021-12-01 12:04:01 - [TEST_STEP][PASSED] - click(findTestObject("Modulo Tarea Administracion Compensacion/Reporte de Recalculo Total/a_Aplicar")): Object: 'Object Repository/Modulo Tarea Administracion Compensacion/Reporte de Recalculo Total/a_Aplicar' is clicked on

2021-12-01 12:04:02 - [MESSAGE][PASSED] - Object: 'Object Repository/Modulo Tarea Administracion Compensacion/Reporte de Recalculo Total/a_Aplicar' is clicked on

2021-12-01 12:04:02 - [TEST_STEP][PASSED] - waitForElementClickable(findTestObject("Modulo Tarea Administracion Compensacion/Reporte de Recalculo Total/span_Reporte_glyphicons glyphicons-article"), G_TimeOut): Object 'Object Repository/Modulo Tarea Administracion Compensacion/Reporte de Recalculo Total/span_Reporte_glyphicons glyphicons-article' is clickable

2021-12-01 12:04:03 - [MESSAGE][PASSED] - Object 'Object Repository/Modulo Tarea Administracion Compensacion/Reporte de Recalculo Total/span_Reporte_glyphicons glyphicons-article' is clickable

2021-12-01 12:04:03 - [TEST_STEP][PASSED] - click(findTestObject("Modulo Tarea Administracion Compensacion/Reporte de Recalculo Total/span_Reporte_glyphicons glyphicons-article")): Object: 'Object Repository/Modulo Tarea Administracion Compensacion/Reporte de Recalculo Total/span_Reporte_glyphicons glyphicons-article' is clicked on

2021-12-01 12:04:03 - [MESSAGE][PASSED] - Object: 'Object Repository/Modulo Tarea Administracion Compensacion/Reporte de Recalculo Total/span_Reporte_glyphicons glyphicons-article' is clicked on

2021-12-01 12:04:03 - [TEST_STEP][PASSED] - waitForElementClickable(findTestObject("Modulo Tarea Administracion Compensacion/Reporte de Recalculo Total/label_html"), G_TimeOut): Object 'Object Repository/Modulo Tarea Administracion Compensacion/Reporte de Recalculo Total/label_html' is clickable

2021-12-01 12:04:04 - [MESSAGE][PASSED] - Object 'Object Repository/Modulo Tarea Administracion Compensacion/Reporte de Recalculo Total/label_html' is clickable

2021-12-01 12:04:04 - [TEST_STEP][PASSED] - click(findTestObject("Modulo Tarea Administracion Compensacion/Reporte de Recalculo Total/label_html")): Object: 'Object Repository/Modulo Tarea Administracion Compensacion/Reporte de Recalculo Total/label_html' is clicked on

2021-12-01 12:04:04 - [MESSAGE][PASSED] - Object: 'Object Repository/Modulo Tarea Administracion Compensacion/Reporte de Recalculo Total/label_html' is clicked on

2021-12-01 12:04:04 - [TEST_STEP][PASSED] - waitForElementClickable(findTestObject("Modulo Tarea Administracion Compensacion/Reporte de Recalculo Total/a_Generar Reporte (1)"), G_TimeOut): Object 'Object Repository/Modulo Tarea Administracion Compensacion/Reporte de Recalculo Total/a_Generar Reporte (1)' is clickable

2021-12-01 12:04:05 - [MESSAGE][PASSED] - Object 'Object Repository/Modulo Tarea Administracion Compensacion/Reporte de Recalculo Total/a_Generar Reporte (1)' is clickable

2021-12-01 12:04:05 - [TEST_STEP][PASSED] - click(findTestObject("Modulo Tarea Administracion Compensacion/Reporte de Recalculo Total/a_Generar Reporte (1)")): Object: 'Object Repository/Modulo Tarea Administracion Compensacion/Reporte de Recalculo Total/a_Generar Reporte (1)' is clicked on

2021-12-01 12:04:05 - [MESSAGE][PASSED] - Object: 'Object Repository/Modulo Tarea Administracion Compensacion/Reporte de Recalculo Total/a_Generar Reporte (1)' is clicked on

2021-12-01 12:04:05 - [TEST_STEP][PASSED] - waitForElementClickable(findTestObject("Modulo Tarea Administracion Compensacion/Reporte de Recalculo Total/a_Descargar"), G_TimeOut): Object 'Object Repository/Modulo Tarea Administracion Compensacion/Reporte de Recalculo Total/a_Descargar' is clickable

2021-12-01 12:04:10 - [MESSAGE][PASSED] - Object 'Object Repository/Modulo Tarea Administracion Compensacion/Reporte de Recalculo Total/a_Descargar' is clickable

2021-12-01 12:04:10 - [TEST_STEP][PASSED] - click(findTestObject("Modulo Tarea Administracion Compensacion/Reporte de Recalculo Total/a_Descargar")): Object: 'Object Repository/Modulo Tarea Administracion Compensacion/Reporte de Recalculo Total/a_Descargar' is clicked on

2021-12-01 12:04:10 - [MESSAGE][PASSED] - Object: 'Object Repository/Modulo Tarea Administracion Compensacion/Reporte de Recalculo Total/a_Descargar' is clicked on

2021-12-01 12:04:10 - [TEST_STEP][PASSED] - closeBrowser(): Browser is closed

2021-12-01 12:04:11 - [MESSAGE][PASSED] - Browser is closed]]></system-out>
         <system-err><![CDATA[]]></system-err>
      </testcase>
      <testcase name="Test Cases/1.1-Tareas Principales/1.3.5-Comprobante de Pago" time="30.381" classname="Test Cases/1.1-Tareas Principales/1.3.5-Comprobante de Pago" status="PASSED">
         <system-out><![CDATA[2021-12-01 12:04:11 - [TEST_CASE][PASSED] - Test Cases/1.1-Tareas Principales/1.3.5-Comprobante de Pago: Test Cases/1.1-Tareas Principales/1.3.5-Comprobante de Pago

2021-12-01 12:04:12 - [TEST_STEP][PASSED] - callTestCase(findTestCase("Hutilidades/Tareas Administracion Compensacion/Tarea Liquidacion Nomina"), [:], STOP_ON_FAILURE): Call Test Case 'Test Cases/Hutilidades/Tareas Administracion Compensacion/Tarea Liquidacion Nomina' successfully

2021-12-01 12:04:12 - [TEST_CASE][PASSED] - Test Cases/Hutilidades/Tareas Administracion Compensacion/Tarea Liquidacion Nomina: Test Cases/Hutilidades/Tareas Administracion Compensacion/Tarea Liquidacion Nomina

2021-12-01 12:04:12 - [TEST_STEP][PASSED] - callTestCase(findTestCase("0.1-Login"), [:], STOP_ON_FAILURE): Call Test Case 'Test Cases/0.1-Login' successfully

2021-12-01 12:04:12 - [TEST_CASE][PASSED] - Test Cases/0.1-Login: Test Cases/0.1-Login

2021-12-01 12:04:12 - [TEST_STEP][PASSED] - openBrowser(""): Browser is opened with url: ''

2021-12-01 12:04:12 - [MESSAGE][INFO] - Starting 'Chrome' driver

2021-12-01 12:04:12 - [MESSAGE][INFO] - Action delay is set to 0 milliseconds

2021-12-01 12:04:13 - [MESSAGE][PASSED] - Browser is opened with url: ''

2021-12-01 12:04:13 - [TEST_STEP][PASSED] - maximizeWindow(): Current window maximized

2021-12-01 12:04:13 - [MESSAGE][PASSED] - Current window maximized

2021-12-01 12:04:13 - [TEST_STEP][PASSED] - i = G_Login: null

2021-12-01 12:04:13 - [TEST_STEP][PASSED] - url = new java.net.URL(i): null

2021-12-01 12:04:13 - [TEST_STEP][PASSED] - println("URL: " + url.toString()): null

2021-12-01 12:04:13 - [TEST_STEP][PASSED] - connection = url.openConnection(): null

2021-12-01 12:04:13 - [TEST_STEP][PASSED] - connection.setRequestMethod("GET"): null

2021-12-01 12:04:13 - [TEST_STEP][PASSED] - connection.setReadTimeout(2 * 1000): null

2021-12-01 12:04:13 - [TEST_STEP][PASSED] - try: null

2021-12-01 12:04:13 - [TEST_STEP][PASSED] - connection.connect(): null

2021-12-01 12:04:13 - [TEST_STEP][PASSED] - flag = connected: null

2021-12-01 12:04:13 - [TEST_STEP][PASSED] - println("Valor_ori: " + flag): null

2021-12-01 12:04:13 - [TEST_STEP][PASSED] - if (flag): null

2021-12-01 12:04:13 - [TEST_STEP][PASSED] - navigateToUrl(i): Navigate to 'http://localhost:8380/saraweb/' successfully

2021-12-01 12:04:14 - [MESSAGE][PASSED] - Navigate to 'http://localhost:8380/saraweb/' successfully

2021-12-01 12:04:14 - [TEST_STEP][PASSED] - a(): null

2021-12-01 12:04:14 - [TEST_STEP][PASSED] - setText(findTestObject("Login/input_USUARIO_loginusuario"), G_Usuario): Text 'saraadmin' is set on object 'Object Repository/Login/input_USUARIO_loginusuario'

2021-12-01 12:04:15 - [MESSAGE][PASSED] - Text 'saraadmin' is set on object 'Object Repository/Login/input_USUARIO_loginusuario'

2021-12-01 12:04:15 - [TEST_STEP][PASSED] - setEncryptedText(findTestObject("Login/input_CLAVE_loginpassword"), "MkG4/TYiCFC3cb2driP7+Q=="): Text ****** has been set on object 'Object Repository/Login/input_CLAVE_loginpassword'

2021-12-01 12:04:16 - [MESSAGE][PASSED] - Text ****** has been set on object 'Object Repository/Login/input_CLAVE_loginpassword'

2021-12-01 12:04:16 - [TEST_STEP][PASSED] - waitForElementClickable(findTestObject("Login/a_Ingresar"), G_TimeOut): Object 'Object Repository/Login/a_Ingresar' is clickable

2021-12-01 12:04:16 - [MESSAGE][PASSED] - Object 'Object Repository/Login/a_Ingresar' is clickable

2021-12-01 12:04:16 - [TEST_STEP][PASSED] - click(findTestObject("Login/a_Ingresar")): Object: 'Object Repository/Login/a_Ingresar' is clicked on

2021-12-01 12:04:20 - [MESSAGE][PASSED] - Object: 'Object Repository/Login/a_Ingresar' is clicked on

2021-12-01 12:04:20 - [TEST_STEP][PASSED] - element = findWebElement(findTestObject("Login/a_Ir"), 30): null

2021-12-01 12:04:20 - [TEST_STEP][PASSED] - executeJavaScript("arguments[0].click()", Arrays.asList(element)): Execute JavaScript 'arguments[0].click()' successfully

2021-12-01 12:04:20 - [MESSAGE][PASSED] - Execute JavaScript 'arguments[0].click()' successfully

2021-12-01 12:04:20 - [MESSAGE][PASSED] - Call Test Case 'Test Cases/0.1-Login' successfully

2021-12-01 12:04:20 - [TEST_STEP][PASSED] - delay(2): Delayed 2 second(s)

2021-12-01 12:04:22 - [MESSAGE][PASSED] - Delayed 2 second(s)

2021-12-01 12:04:22 - [TEST_STEP][PASSED] - setText(findTestObject("Modulo Tarea Administracion Compensacion/Tarea Liquidacion Nomina/input_Listado de Empleados_"), "Liquidacion Nomina"): Text 'Liquidacion Nomina' is set on object 'Object Repository/Modulo Tarea Administracion Compensacion/Tarea Liquidacion Nomina/input_Listado de Empleados_'

2021-12-01 12:04:23 - [MESSAGE][PASSED] - Text 'Liquidacion Nomina' is set on object 'Object Repository/Modulo Tarea Administracion Compensacion/Tarea Liquidacion Nomina/input_Listado de Empleados_'

2021-12-01 12:04:23 - [TEST_STEP][PASSED] - delay(1): Delayed 1 second(s)

2021-12-01 12:04:24 - [MESSAGE][PASSED] - Delayed 1 second(s)

2021-12-01 12:04:24 - [TEST_STEP][PASSED] - sendKeys(findTestObject("Modulo Tarea Administracion Compensacion/Tarea Liquidacion Nomina/input_Listado de Empleados_"), Keys.chord(ENTER)): Keys 'ENTER + ' sent to object: 'Object Repository/Modulo Tarea Administracion Compensacion/Tarea Liquidacion Nomina/input_Listado de Empleados_'

2021-12-01 12:04:24 - [MESSAGE][PASSED] - Keys 'ENTER + ' sent to object: 'Object Repository/Modulo Tarea Administracion Compensacion/Tarea Liquidacion Nomina/input_Listado de Empleados_'

2021-12-01 12:04:24 - [MESSAGE][PASSED] - Call Test Case 'Test Cases/Hutilidades/Tareas Administracion Compensacion/Tarea Liquidacion Nomina' successfully

2021-12-01 12:04:24 - [TEST_STEP][PASSED] - waitForElementClickable(findTestObject("Modulo Tarea Administracion Compensacion/Comprobante de Pago/a_Periodo Nomina_LiquidacionNominaj_idt63"), G_TimeOut): Object 'Object Repository/Modulo Tarea Administracion Compensacion/Comprobante de Pago/a_Periodo Nomina_LiquidacionNominaj_idt63' is clickable

2021-12-01 12:04:25 - [MESSAGE][PASSED] - Object 'Object Repository/Modulo Tarea Administracion Compensacion/Comprobante de Pago/a_Periodo Nomina_LiquidacionNominaj_idt63' is clickable

2021-12-01 12:04:25 - [TEST_STEP][PASSED] - click(findTestObject("Modulo Tarea Administracion Compensacion/Comprobante de Pago/a_Periodo Nomina_LiquidacionNominaj_idt63")): Object: 'Object Repository/Modulo Tarea Administracion Compensacion/Comprobante de Pago/a_Periodo Nomina_LiquidacionNominaj_idt63' is clicked on

2021-12-01 12:04:26 - [MESSAGE][PASSED] - Object: 'Object Repository/Modulo Tarea Administracion Compensacion/Comprobante de Pago/a_Periodo Nomina_LiquidacionNominaj_idt63' is clicked on

2021-12-01 12:04:26 - [TEST_STEP][PASSED] - waitForElementClickable(findTestObject("Modulo Tarea Administracion Compensacion/Comprobante de Pago/select_--  Seleccione  --Periodo CerradoPeriodo en Proceso"), G_TimeOut): Object 'Object Repository/Modulo Tarea Administracion Compensacion/Comprobante de Pago/select_--  Seleccione  --Periodo CerradoPeriodo en Proceso' is clickable

2021-12-01 12:04:27 - [MESSAGE][PASSED] - Object 'Object Repository/Modulo Tarea Administracion Compensacion/Comprobante de Pago/select_--  Seleccione  --Periodo CerradoPeriodo en Proceso' is clickable

2021-12-01 12:04:27 - [TEST_STEP][PASSED] - click(findTestObject("Modulo Tarea Administracion Compensacion/Comprobante de Pago/select_--  Seleccione  --Periodo CerradoPeriodo en Proceso")): Object: 'Object Repository/Modulo Tarea Administracion Compensacion/Comprobante de Pago/select_--  Seleccione  --Periodo CerradoPeriodo en Proceso' is clicked on

2021-12-01 12:04:27 - [MESSAGE][PASSED] - Object: 'Object Repository/Modulo Tarea Administracion Compensacion/Comprobante de Pago/select_--  Seleccione  --Periodo CerradoPeriodo en Proceso' is clicked on

2021-12-01 12:04:27 - [TEST_STEP][PASSED] - selectOptionByIndex(findTestObject("Modulo Tarea Administracion Compensacion/Comprobante de Pago/select_--  Seleccione  --Periodo CerradoPeriodo en Proceso"), 2): All options with index in [2] are selected on object 'Object Repository/Modulo Tarea Administracion Compensacion/Comprobante de Pago/select_--  Seleccione  --Periodo CerradoPeriodo en Proceso'

2021-12-01 12:04:28 - [MESSAGE][PASSED] - All options with index in [2] are selected on object 'Object Repository/Modulo Tarea Administracion Compensacion/Comprobante de Pago/select_--  Seleccione  --Periodo CerradoPeriodo en Proceso'

2021-12-01 12:04:28 - [TEST_STEP][PASSED] - click(findTestObject("Modulo Tarea Administracion Compensacion/Comprobante de Pago/span_P MensualJulio2021")): Object: 'Object Repository/Modulo Tarea Administracion Compensacion/Comprobante de Pago/span_P MensualJulio2021' is clicked on

2021-12-01 12:04:31 - [MESSAGE][PASSED] - Object: 'Object Repository/Modulo Tarea Administracion Compensacion/Comprobante de Pago/span_P MensualJulio2021' is clicked on

2021-12-01 12:04:31 - [TEST_STEP][PASSED] - waitForElementClickable(findTestObject("Modulo Tarea Administracion Compensacion/Comprobante de Pago/a_Nombre Persona_LiquidacionNo"), G_TimeOut): Object 'Object Repository/Modulo Tarea Administracion Compensacion/Comprobante de Pago/a_Nombre Persona_LiquidacionNo' is clickable

2021-12-01 12:04:32 - [MESSAGE][PASSED] - Object 'Object Repository/Modulo Tarea Administracion Compensacion/Comprobante de Pago/a_Nombre Persona_LiquidacionNo' is clickable

2021-12-01 12:04:32 - [TEST_STEP][PASSED] - click(findTestObject("Modulo Tarea Administracion Compensacion/Comprobante de Pago/a_Nombre Persona_LiquidacionNo")): Object: 'Object Repository/Modulo Tarea Administracion Compensacion/Comprobante de Pago/a_Nombre Persona_LiquidacionNo' is clicked on

2021-12-01 12:04:33 - [MESSAGE][PASSED] - Object: 'Object Repository/Modulo Tarea Administracion Compensacion/Comprobante de Pago/a_Nombre Persona_LiquidacionNo' is clicked on

2021-12-01 12:04:33 - [TEST_STEP][PASSED] - waitForElementClickable(findTestObject("Modulo Tarea Administracion Compensacion/Comprobante de Pago/input_close_popupFiltroEmplead"), 0): Object 'Object Repository/Modulo Tarea Administracion Compensacion/Comprobante de Pago/input_close_popupFiltroEmplead' is clickable

2021-12-01 12:04:33 - [MESSAGE][WARNING] - Timeout '0' is invalid. Using default page load timeout: '30'

2021-12-01 12:04:34 - [MESSAGE][PASSED] - Object 'Object Repository/Modulo Tarea Administracion Compensacion/Comprobante de Pago/input_close_popupFiltroEmplead' is clickable

2021-12-01 12:04:34 - [TEST_STEP][PASSED] - setText(findTestObject("Modulo Tarea Administracion Compensacion/Comprobante de Pago/input_close_popupFiltroEmplead"), "66666"): Text '66666' is set on object 'Object Repository/Modulo Tarea Administracion Compensacion/Comprobante de Pago/input_close_popupFiltroEmplead'

2021-12-01 12:04:34 - [MESSAGE][PASSED] - Text '66666' is set on object 'Object Repository/Modulo Tarea Administracion Compensacion/Comprobante de Pago/input_close_popupFiltroEmplead'

2021-12-01 12:04:34 - [TEST_STEP][PASSED] - sendKeys(findTestObject("Modulo Tarea Administracion Compensacion/Comprobante de Pago/input_close_popupFiltroEmplead"), Keys.chord(ENTER)): Keys 'ENTER + ' sent to object: 'Object Repository/Modulo Tarea Administracion Compensacion/Comprobante de Pago/input_close_popupFiltroEmplead'

2021-12-01 12:04:35 - [MESSAGE][PASSED] - Keys 'ENTER + ' sent to object: 'Object Repository/Modulo Tarea Administracion Compensacion/Comprobante de Pago/input_close_popupFiltroEmplead'

2021-12-01 12:04:35 - [TEST_STEP][PASSED] - waitForElementClickable(findTestObject("Modulo Tarea Administracion Compensacion/Comprobante de Pago/td_SALGADO PAULA"), 0): Object 'Object Repository/Modulo Tarea Administracion Compensacion/Comprobante de Pago/td_SALGADO PAULA' is clickable

2021-12-01 12:04:35 - [MESSAGE][WARNING] - Timeout '0' is invalid. Using default page load timeout: '30'

2021-12-01 12:04:36 - [MESSAGE][PASSED] - Object 'Object Repository/Modulo Tarea Administracion Compensacion/Comprobante de Pago/td_SALGADO PAULA' is clickable

2021-12-01 12:04:36 - [TEST_STEP][PASSED] - click(findTestObject("Modulo Tarea Administracion Compensacion/Comprobante de Pago/td_SALGADO PAULA")): Object: 'Object Repository/Modulo Tarea Administracion Compensacion/Comprobante de Pago/td_SALGADO PAULA' is clicked on

2021-12-01 12:04:36 - [MESSAGE][PASSED] - Object: 'Object Repository/Modulo Tarea Administracion Compensacion/Comprobante de Pago/td_SALGADO PAULA' is clicked on

2021-12-01 12:04:36 - [TEST_STEP][PASSED] - waitForElementClickable(findTestObject("Modulo Tarea Administracion Compensacion/Comprobante de Pago/input_Estado_LiquidacionNomina"), 0): Object 'Object Repository/Modulo Tarea Administracion Compensacion/Comprobante de Pago/input_Estado_LiquidacionNomina' is clickable

2021-12-01 12:04:36 - [MESSAGE][WARNING] - Timeout '0' is invalid. Using default page load timeout: '30'

2021-12-01 12:04:37 - [MESSAGE][PASSED] - Object 'Object Repository/Modulo Tarea Administracion Compensacion/Comprobante de Pago/input_Estado_LiquidacionNomina' is clickable

2021-12-01 12:04:37 - [TEST_STEP][PASSED] - click(findTestObject("Modulo Tarea Administracion Compensacion/Comprobante de Pago/input_Estado_LiquidacionNomina")): Object: 'Object Repository/Modulo Tarea Administracion Compensacion/Comprobante de Pago/input_Estado_LiquidacionNomina' is clicked on

2021-12-01 12:04:37 - [MESSAGE][PASSED] - Object: 'Object Repository/Modulo Tarea Administracion Compensacion/Comprobante de Pago/input_Estado_LiquidacionNomina' is clicked on

2021-12-01 12:04:37 - [TEST_STEP][PASSED] - click(findTestObject("Modulo Tarea Administracion Compensacion/Comprobante de Pago/span_Generar Comprobante")): Object: 'Object Repository/Modulo Tarea Administracion Compensacion/Comprobante de Pago/span_Generar Comprobante' is clicked on

2021-12-01 12:04:38 - [MESSAGE][PASSED] - Object: 'Object Repository/Modulo Tarea Administracion Compensacion/Comprobante de Pago/span_Generar Comprobante' is clicked on

2021-12-01 12:04:38 - [TEST_STEP][PASSED] - click(findTestObject("Modulo Tarea Administracion Compensacion/Comprobante de Pago/input_Publicar_formComprobante")): Object: 'Object Repository/Modulo Tarea Administracion Compensacion/Comprobante de Pago/input_Publicar_formComprobante' is clicked on

2021-12-01 12:04:39 - [MESSAGE][PASSED] - Object: 'Object Repository/Modulo Tarea Administracion Compensacion/Comprobante de Pago/input_Publicar_formComprobante' is clicked on

2021-12-01 12:04:39 - [TEST_STEP][PASSED] - waitForElementClickable(findTestObject("Modulo Tarea Administracion Compensacion/Comprobante de Pago/select_-- Seleccione --Comprob"), 0, STOP_ON_FAILURE): Object 'Object Repository/Modulo Tarea Administracion Compensacion/Comprobante de Pago/select_-- Seleccione --Comprob' is clickable

2021-12-01 12:04:39 - [MESSAGE][WARNING] - Timeout '0' is invalid. Using default page load timeout: '30'

2021-12-01 12:04:39 - [MESSAGE][PASSED] - Object 'Object Repository/Modulo Tarea Administracion Compensacion/Comprobante de Pago/select_-- Seleccione --Comprob' is clickable

2021-12-01 12:04:39 - [TEST_STEP][PASSED] - selectOptionByIndex(findTestObject("Modulo Tarea Administracion Compensacion/Comprobante de Pago/select_-- Seleccione --Comprob"), "3", STOP_ON_FAILURE): All options with index in [3] are selected on object 'Object Repository/Modulo Tarea Administracion Compensacion/Comprobante de Pago/select_-- Seleccione --Comprob'

2021-12-01 12:04:40 - [MESSAGE][PASSED] - All options with index in [3] are selected on object 'Object Repository/Modulo Tarea Administracion Compensacion/Comprobante de Pago/select_-- Seleccione --Comprob'

2021-12-01 12:04:40 - [TEST_STEP][PASSED] - click(findTestObject("Modulo Tarea Administracion Compensacion/Comprobante de Pago/a_Generar")): Object: 'Object Repository/Modulo Tarea Administracion Compensacion/Comprobante de Pago/a_Generar' is clicked on

2021-12-01 12:04:41 - [MESSAGE][PASSED] - Object: 'Object Repository/Modulo Tarea Administracion Compensacion/Comprobante de Pago/a_Generar' is clicked on

2021-12-01 12:04:41 - [TEST_STEP][PASSED] - closeBrowser(): Browser is closed

2021-12-01 12:04:42 - [MESSAGE][PASSED] - Browser is closed]]></system-out>
         <system-err><![CDATA[]]></system-err>
      </testcase>
      <testcase name="Test Cases/1.1-Tareas Principales/1.3.6-Reversar Nomina" time="24.947" classname="Test Cases/1.1-Tareas Principales/1.3.6-Reversar Nomina" status="PASSED">
         <system-out><![CDATA[2021-12-01 12:04:42 - [TEST_CASE][PASSED] - Test Cases/1.1-Tareas Principales/1.3.6-Reversar Nomina: Test Cases/1.1-Tareas Principales/1.3.6-Reversar Nomina

2021-12-01 12:04:42 - [TEST_STEP][PASSED] - callTestCase(findTestCase("Hutilidades/Tareas Administracion Compensacion/Tarea Liquidacion Nomina"), [:], STOP_ON_FAILURE): Call Test Case 'Test Cases/Hutilidades/Tareas Administracion Compensacion/Tarea Liquidacion Nomina' successfully

2021-12-01 12:04:42 - [TEST_CASE][PASSED] - Test Cases/Hutilidades/Tareas Administracion Compensacion/Tarea Liquidacion Nomina: Test Cases/Hutilidades/Tareas Administracion Compensacion/Tarea Liquidacion Nomina

2021-12-01 12:04:42 - [TEST_STEP][PASSED] - callTestCase(findTestCase("0.1-Login"), [:], STOP_ON_FAILURE): Call Test Case 'Test Cases/0.1-Login' successfully

2021-12-01 12:04:42 - [TEST_CASE][PASSED] - Test Cases/0.1-Login: Test Cases/0.1-Login

2021-12-01 12:04:42 - [TEST_STEP][PASSED] - openBrowser(""): Browser is opened with url: ''

2021-12-01 12:04:42 - [MESSAGE][INFO] - Starting 'Chrome' driver

2021-12-01 12:04:42 - [MESSAGE][INFO] - Action delay is set to 0 milliseconds

2021-12-01 12:04:44 - [MESSAGE][PASSED] - Browser is opened with url: ''

2021-12-01 12:04:44 - [TEST_STEP][PASSED] - maximizeWindow(): Current window maximized

2021-12-01 12:04:44 - [MESSAGE][PASSED] - Current window maximized

2021-12-01 12:04:44 - [TEST_STEP][PASSED] - i = G_Login: null

2021-12-01 12:04:44 - [TEST_STEP][PASSED] - url = new java.net.URL(i): null

2021-12-01 12:04:44 - [TEST_STEP][PASSED] - println("URL: " + url.toString()): null

2021-12-01 12:04:44 - [TEST_STEP][PASSED] - connection = url.openConnection(): null

2021-12-01 12:04:44 - [TEST_STEP][PASSED] - connection.setRequestMethod("GET"): null

2021-12-01 12:04:44 - [TEST_STEP][PASSED] - connection.setReadTimeout(2 * 1000): null

2021-12-01 12:04:44 - [TEST_STEP][PASSED] - try: null

2021-12-01 12:04:44 - [TEST_STEP][PASSED] - connection.connect(): null

2021-12-01 12:04:44 - [TEST_STEP][PASSED] - flag = connected: null

2021-12-01 12:04:44 - [TEST_STEP][PASSED] - println("Valor_ori: " + flag): null

2021-12-01 12:04:44 - [TEST_STEP][PASSED] - if (flag): null

2021-12-01 12:04:44 - [TEST_STEP][PASSED] - navigateToUrl(i): Navigate to 'http://localhost:8380/saraweb/' successfully

2021-12-01 12:04:45 - [MESSAGE][PASSED] - Navigate to 'http://localhost:8380/saraweb/' successfully

2021-12-01 12:04:45 - [TEST_STEP][PASSED] - a(): null

2021-12-01 12:04:45 - [TEST_STEP][PASSED] - setText(findTestObject("Login/input_USUARIO_loginusuario"), G_Usuario): Text 'saraadmin' is set on object 'Object Repository/Login/input_USUARIO_loginusuario'

2021-12-01 12:04:45 - [MESSAGE][PASSED] - Text 'saraadmin' is set on object 'Object Repository/Login/input_USUARIO_loginusuario'

2021-12-01 12:04:45 - [TEST_STEP][PASSED] - setEncryptedText(findTestObject("Login/input_CLAVE_loginpassword"), "MkG4/TYiCFC3cb2driP7+Q=="): Text ****** has been set on object 'Object Repository/Login/input_CLAVE_loginpassword'

2021-12-01 12:04:46 - [MESSAGE][PASSED] - Text ****** has been set on object 'Object Repository/Login/input_CLAVE_loginpassword'

2021-12-01 12:04:46 - [TEST_STEP][PASSED] - waitForElementClickable(findTestObject("Login/a_Ingresar"), G_TimeOut): Object 'Object Repository/Login/a_Ingresar' is clickable

2021-12-01 12:04:46 - [MESSAGE][PASSED] - Object 'Object Repository/Login/a_Ingresar' is clickable

2021-12-01 12:04:46 - [TEST_STEP][PASSED] - click(findTestObject("Login/a_Ingresar")): Object: 'Object Repository/Login/a_Ingresar' is clicked on

2021-12-01 12:04:48 - [MESSAGE][PASSED] - Object: 'Object Repository/Login/a_Ingresar' is clicked on

2021-12-01 12:04:48 - [TEST_STEP][PASSED] - element = findWebElement(findTestObject("Login/a_Ir"), 30): null

2021-12-01 12:04:48 - [TEST_STEP][PASSED] - executeJavaScript("arguments[0].click()", Arrays.asList(element)): Execute JavaScript 'arguments[0].click()' successfully

2021-12-01 12:04:48 - [MESSAGE][PASSED] - Execute JavaScript 'arguments[0].click()' successfully

2021-12-01 12:04:48 - [MESSAGE][PASSED] - Call Test Case 'Test Cases/0.1-Login' successfully

2021-12-01 12:04:48 - [TEST_STEP][PASSED] - delay(2): Delayed 2 second(s)

2021-12-01 12:04:50 - [MESSAGE][PASSED] - Delayed 2 second(s)

2021-12-01 12:04:50 - [TEST_STEP][PASSED] - setText(findTestObject("Modulo Tarea Administracion Compensacion/Tarea Liquidacion Nomina/input_Listado de Empleados_"), "Liquidacion Nomina"): Text 'Liquidacion Nomina' is set on object 'Object Repository/Modulo Tarea Administracion Compensacion/Tarea Liquidacion Nomina/input_Listado de Empleados_'

2021-12-01 12:04:51 - [MESSAGE][PASSED] - Text 'Liquidacion Nomina' is set on object 'Object Repository/Modulo Tarea Administracion Compensacion/Tarea Liquidacion Nomina/input_Listado de Empleados_'

2021-12-01 12:04:51 - [TEST_STEP][PASSED] - delay(1): Delayed 1 second(s)

2021-12-01 12:04:52 - [MESSAGE][PASSED] - Delayed 1 second(s)

2021-12-01 12:04:52 - [TEST_STEP][PASSED] - sendKeys(findTestObject("Modulo Tarea Administracion Compensacion/Tarea Liquidacion Nomina/input_Listado de Empleados_"), Keys.chord(ENTER)): Keys 'ENTER + ' sent to object: 'Object Repository/Modulo Tarea Administracion Compensacion/Tarea Liquidacion Nomina/input_Listado de Empleados_'

2021-12-01 12:04:52 - [MESSAGE][PASSED] - Keys 'ENTER + ' sent to object: 'Object Repository/Modulo Tarea Administracion Compensacion/Tarea Liquidacion Nomina/input_Listado de Empleados_'

2021-12-01 12:04:52 - [MESSAGE][PASSED] - Call Test Case 'Test Cases/Hutilidades/Tareas Administracion Compensacion/Tarea Liquidacion Nomina' successfully

2021-12-01 12:04:52 - [TEST_STEP][PASSED] - waitForElementClickable(findTestObject("Modulo Tarea Administracion Compensacion/Comprobante de Pago/a_Periodo Nomina_LiquidacionNominaj_idt63"), 0): Object 'Object Repository/Modulo Tarea Administracion Compensacion/Comprobante de Pago/a_Periodo Nomina_LiquidacionNominaj_idt63' is clickable

2021-12-01 12:04:52 - [MESSAGE][WARNING] - Timeout '0' is invalid. Using default page load timeout: '30'

2021-12-01 12:04:55 - [MESSAGE][PASSED] - Object 'Object Repository/Modulo Tarea Administracion Compensacion/Comprobante de Pago/a_Periodo Nomina_LiquidacionNominaj_idt63' is clickable

2021-12-01 12:04:55 - [TEST_STEP][PASSED] - click(findTestObject("Modulo Tarea Administracion Compensacion/Comprobante de Pago/a_Periodo Nomina_LiquidacionNominaj_idt63")): Object: 'Object Repository/Modulo Tarea Administracion Compensacion/Comprobante de Pago/a_Periodo Nomina_LiquidacionNominaj_idt63' is clicked on

2021-12-01 12:04:55 - [MESSAGE][PASSED] - Object: 'Object Repository/Modulo Tarea Administracion Compensacion/Comprobante de Pago/a_Periodo Nomina_LiquidacionNominaj_idt63' is clicked on

2021-12-01 12:04:55 - [TEST_STEP][PASSED] - waitForElementClickable(findTestObject("Modulo Tarea Administracion Compensacion/Comprobante de Pago/select_--  Seleccione  --Periodo CerradoPeriodo en Proceso"), G_TimeOut): Object 'Object Repository/Modulo Tarea Administracion Compensacion/Comprobante de Pago/select_--  Seleccione  --Periodo CerradoPeriodo en Proceso' is clickable

2021-12-01 12:04:56 - [MESSAGE][PASSED] - Object 'Object Repository/Modulo Tarea Administracion Compensacion/Comprobante de Pago/select_--  Seleccione  --Periodo CerradoPeriodo en Proceso' is clickable

2021-12-01 12:04:56 - [TEST_STEP][PASSED] - click(findTestObject("Modulo Tarea Administracion Compensacion/Comprobante de Pago/select_--  Seleccione  --Periodo CerradoPeriodo en Proceso")): Object: 'Object Repository/Modulo Tarea Administracion Compensacion/Comprobante de Pago/select_--  Seleccione  --Periodo CerradoPeriodo en Proceso' is clicked on

2021-12-01 12:04:56 - [MESSAGE][PASSED] - Object: 'Object Repository/Modulo Tarea Administracion Compensacion/Comprobante de Pago/select_--  Seleccione  --Periodo CerradoPeriodo en Proceso' is clicked on

2021-12-01 12:04:56 - [TEST_STEP][PASSED] - selectOptionByIndex(findTestObject("Modulo Tarea Administracion Compensacion/Comprobante de Pago/select_--  Seleccione  --Periodo CerradoPeriodo en Proceso"), 2): All options with index in [2] are selected on object 'Object Repository/Modulo Tarea Administracion Compensacion/Comprobante de Pago/select_--  Seleccione  --Periodo CerradoPeriodo en Proceso'

2021-12-01 12:04:57 - [MESSAGE][PASSED] - All options with index in [2] are selected on object 'Object Repository/Modulo Tarea Administracion Compensacion/Comprobante de Pago/select_--  Seleccione  --Periodo CerradoPeriodo en Proceso'

2021-12-01 12:04:57 - [TEST_STEP][PASSED] - click(findTestObject("Modulo Tarea Administracion Compensacion/Reversar Nomina/span_P. MensualJunio2021")): Object: 'Object Repository/Modulo Tarea Administracion Compensacion/Reversar Nomina/span_P. MensualJunio2021' is clicked on

2021-12-01 12:04:58 - [MESSAGE][PASSED] - Object: 'Object Repository/Modulo Tarea Administracion Compensacion/Reversar Nomina/span_P. MensualJunio2021' is clicked on

2021-12-01 12:04:58 - [TEST_STEP][PASSED] - click(findTestObject("Modulo Tarea Administracion Compensacion/Reversar Nomina/input_Contrato_LiquidacionNominaj_idt124")): Object: 'Object Repository/Modulo Tarea Administracion Compensacion/Reversar Nomina/input_Contrato_LiquidacionNominaj_idt124' is clicked on

2021-12-01 12:05:00 - [MESSAGE][PASSED] - Object: 'Object Repository/Modulo Tarea Administracion Compensacion/Reversar Nomina/input_Contrato_LiquidacionNominaj_idt124' is clicked on

2021-12-01 12:05:00 - [TEST_STEP][PASSED] - setText(findTestObject("Modulo Tarea Administracion Compensacion/Reversar Nomina/input_Contrato_LiquidacionNominaj_idt124"), "1234567890"): Text '1234567890' is set on object 'Object Repository/Modulo Tarea Administracion Compensacion/Reversar Nomina/input_Contrato_LiquidacionNominaj_idt124'

2021-12-01 12:05:00 - [MESSAGE][PASSED] - Text '1234567890' is set on object 'Object Repository/Modulo Tarea Administracion Compensacion/Reversar Nomina/input_Contrato_LiquidacionNominaj_idt124'

2021-12-01 12:05:00 - [TEST_STEP][PASSED] - sendKeys(findTestObject("Modulo Tarea Administracion Compensacion/Reversar Nomina/input_Contrato_LiquidacionNominaj_idt124"), Keys.chord(ENTER)): Keys 'ENTER + ' sent to object: 'Object Repository/Modulo Tarea Administracion Compensacion/Reversar Nomina/input_Contrato_LiquidacionNominaj_idt124'

2021-12-01 12:05:01 - [MESSAGE][PASSED] - Keys 'ENTER + ' sent to object: 'Object Repository/Modulo Tarea Administracion Compensacion/Reversar Nomina/input_Contrato_LiquidacionNominaj_idt124'

2021-12-01 12:05:01 - [TEST_STEP][PASSED] - waitForElementClickable(findTestObject("Modulo Tarea Administracion Compensacion/Reversar Nomina/td_Gomez  Jose"), 0): Object 'Object Repository/Modulo Tarea Administracion Compensacion/Reversar Nomina/td_Gomez  Jose' is clickable

2021-12-01 12:05:01 - [MESSAGE][WARNING] - Timeout '0' is invalid. Using default page load timeout: '30'

2021-12-01 12:05:02 - [MESSAGE][PASSED] - Object 'Object Repository/Modulo Tarea Administracion Compensacion/Reversar Nomina/td_Gomez  Jose' is clickable

2021-12-01 12:05:02 - [TEST_STEP][PASSED] - click(findTestObject("Modulo Tarea Administracion Compensacion/Reversar Nomina/td_Gomez  Jose")): Object: 'Object Repository/Modulo Tarea Administracion Compensacion/Reversar Nomina/td_Gomez  Jose' is clicked on

2021-12-01 12:05:02 - [MESSAGE][PASSED] - Object: 'Object Repository/Modulo Tarea Administracion Compensacion/Reversar Nomina/td_Gomez  Jose' is clicked on

2021-12-01 12:05:02 - [TEST_STEP][PASSED] - waitForElementClickable(findTestObject("Modulo Tarea Administracion Compensacion/Reversar Nomina/a_Concepto_Reversar"), 0): Object 'Object Repository/Modulo Tarea Administracion Compensacion/Reversar Nomina/a_Concepto_Reversar' is clickable

2021-12-01 12:05:02 - [MESSAGE][WARNING] - Timeout '0' is invalid. Using default page load timeout: '30'

2021-12-01 12:05:03 - [MESSAGE][PASSED] - Object 'Object Repository/Modulo Tarea Administracion Compensacion/Reversar Nomina/a_Concepto_Reversar' is clickable

2021-12-01 12:05:03 - [TEST_STEP][PASSED] - click(findTestObject("Modulo Tarea Administracion Compensacion/Reversar Nomina/a_Concepto_Reversar")): Object: 'Object Repository/Modulo Tarea Administracion Compensacion/Reversar Nomina/a_Concepto_Reversar' is clicked on

2021-12-01 12:05:03 - [MESSAGE][PASSED] - Object: 'Object Repository/Modulo Tarea Administracion Compensacion/Reversar Nomina/a_Concepto_Reversar' is clicked on

2021-12-01 12:05:03 - [TEST_STEP][PASSED] - click(findTestObject("Modulo Tarea Administracion Compensacion/Reversar Nomina/a_Reversar_Nomina")): Object: 'Object Repository/Modulo Tarea Administracion Compensacion/Reversar Nomina/a_Reversar_Nomina' is clicked on

2021-12-01 12:05:04 - [MESSAGE][PASSED] - Object: 'Object Repository/Modulo Tarea Administracion Compensacion/Reversar Nomina/a_Reversar_Nomina' is clicked on

2021-12-01 12:05:04 - [TEST_STEP][PASSED] - click(findTestObject("Modulo Tarea Administracion Compensacion/Reversar Nomina/span_Si")): Object: 'Object Repository/Modulo Tarea Administracion Compensacion/Reversar Nomina/span_Si' is clicked on

2021-12-01 12:05:05 - [MESSAGE][PASSED] - Object: 'Object Repository/Modulo Tarea Administracion Compensacion/Reversar Nomina/span_Si' is clicked on

2021-12-01 12:05:05 - [TEST_STEP][PASSED] - getText(findTestObject("Alerta/Alerta")): Text of object 'Object Repository/Alerta/Alerta' is: 'Se reverso exitosamente'

2021-12-01 12:05:06 - [MESSAGE][PASSED] - Text of object 'Object Repository/Alerta/Alerta' is: 'Se reverso exitosamente'

2021-12-01 12:05:06 - [TEST_STEP][PASSED] - closeBrowser(): Browser is closed

2021-12-01 12:05:07 - [MESSAGE][PASSED] - Browser is closed]]></system-out>
         <system-err><![CDATA[]]></system-err>
      </testcase>
      <testcase name="Test Cases/1.1-Tareas Principales/1.3.7-Liquidacion y reversion por bancos" time="31.026" classname="Test Cases/1.1-Tareas Principales/1.3.7-Liquidacion y reversion por bancos" status="PASSED">
         <system-out><![CDATA[2021-12-01 12:05:07 - [TEST_CASE][PASSED] - Test Cases/1.1-Tareas Principales/1.3.7-Liquidacion y reversion por bancos: Test Cases/1.1-Tareas Principales/1.3.7-Liquidacion y reversion por bancos

2021-12-01 12:05:07 - [TEST_STEP][PASSED] - callTestCase(findTestCase("Hutilidades/Tareas Administracion Compensacion/Tarea Generacion Entidad Pago"), [:], STOP_ON_FAILURE): Call Test Case 'Test Cases/Hutilidades/Tareas Administracion Compensacion/Tarea Generacion Entidad Pago' successfully

2021-12-01 12:05:07 - [TEST_CASE][PASSED] - Test Cases/Hutilidades/Tareas Administracion Compensacion/Tarea Generacion Entidad Pago: Test Cases/Hutilidades/Tareas Administracion Compensacion/Tarea Generacion Entidad Pago

2021-12-01 12:05:08 - [TEST_STEP][PASSED] - callTestCase(findTestCase("0.1-Login"), [:], STOP_ON_FAILURE): Call Test Case 'Test Cases/0.1-Login' successfully

2021-12-01 12:05:08 - [TEST_CASE][PASSED] - Test Cases/0.1-Login: Test Cases/0.1-Login

2021-12-01 12:05:08 - [TEST_STEP][PASSED] - openBrowser(""): Browser is opened with url: ''

2021-12-01 12:05:08 - [MESSAGE][INFO] - Starting 'Chrome' driver

2021-12-01 12:05:08 - [MESSAGE][INFO] - Action delay is set to 0 milliseconds

2021-12-01 12:05:09 - [MESSAGE][PASSED] - Browser is opened with url: ''

2021-12-01 12:05:09 - [TEST_STEP][PASSED] - maximizeWindow(): Current window maximized

2021-12-01 12:05:09 - [MESSAGE][PASSED] - Current window maximized

2021-12-01 12:05:09 - [TEST_STEP][PASSED] - i = G_Login: null

2021-12-01 12:05:09 - [TEST_STEP][PASSED] - url = new java.net.URL(i): null

2021-12-01 12:05:09 - [TEST_STEP][PASSED] - println("URL: " + url.toString()): null

2021-12-01 12:05:09 - [TEST_STEP][PASSED] - connection = url.openConnection(): null

2021-12-01 12:05:09 - [TEST_STEP][PASSED] - connection.setRequestMethod("GET"): null

2021-12-01 12:05:09 - [TEST_STEP][PASSED] - connection.setReadTimeout(2 * 1000): null

2021-12-01 12:05:09 - [TEST_STEP][PASSED] - try: null

2021-12-01 12:05:09 - [TEST_STEP][PASSED] - connection.connect(): null

2021-12-01 12:05:09 - [TEST_STEP][PASSED] - flag = connected: null

2021-12-01 12:05:09 - [TEST_STEP][PASSED] - println("Valor_ori: " + flag): null

2021-12-01 12:05:09 - [TEST_STEP][PASSED] - if (flag): null

2021-12-01 12:05:09 - [TEST_STEP][PASSED] - navigateToUrl(i): Navigate to 'http://localhost:8380/saraweb/' successfully

2021-12-01 12:05:11 - [MESSAGE][PASSED] - Navigate to 'http://localhost:8380/saraweb/' successfully

2021-12-01 12:05:11 - [TEST_STEP][PASSED] - a(): null

2021-12-01 12:05:11 - [TEST_STEP][PASSED] - setText(findTestObject("Login/input_USUARIO_loginusuario"), G_Usuario): Text 'saraadmin' is set on object 'Object Repository/Login/input_USUARIO_loginusuario'

2021-12-01 12:05:12 - [MESSAGE][PASSED] - Text 'saraadmin' is set on object 'Object Repository/Login/input_USUARIO_loginusuario'

2021-12-01 12:05:12 - [TEST_STEP][PASSED] - setEncryptedText(findTestObject("Login/input_CLAVE_loginpassword"), "MkG4/TYiCFC3cb2driP7+Q=="): Text ****** has been set on object 'Object Repository/Login/input_CLAVE_loginpassword'

2021-12-01 12:05:12 - [MESSAGE][PASSED] - Text ****** has been set on object 'Object Repository/Login/input_CLAVE_loginpassword'

2021-12-01 12:05:12 - [TEST_STEP][PASSED] - waitForElementClickable(findTestObject("Login/a_Ingresar"), G_TimeOut): Object 'Object Repository/Login/a_Ingresar' is clickable

2021-12-01 12:05:12 - [MESSAGE][PASSED] - Object 'Object Repository/Login/a_Ingresar' is clickable

2021-12-01 12:05:12 - [TEST_STEP][PASSED] - click(findTestObject("Login/a_Ingresar")): Object: 'Object Repository/Login/a_Ingresar' is clicked on

2021-12-01 12:05:16 - [MESSAGE][PASSED] - Object: 'Object Repository/Login/a_Ingresar' is clicked on

2021-12-01 12:05:16 - [TEST_STEP][PASSED] - element = findWebElement(findTestObject("Login/a_Ir"), 30): null

2021-12-01 12:05:16 - [TEST_STEP][PASSED] - executeJavaScript("arguments[0].click()", Arrays.asList(element)): Execute JavaScript 'arguments[0].click()' successfully

2021-12-01 12:05:16 - [MESSAGE][PASSED] - Execute JavaScript 'arguments[0].click()' successfully

2021-12-01 12:05:16 - [MESSAGE][PASSED] - Call Test Case 'Test Cases/0.1-Login' successfully

2021-12-01 12:05:16 - [TEST_STEP][PASSED] - delay(2): Delayed 2 second(s)

2021-12-01 12:05:18 - [MESSAGE][PASSED] - Delayed 2 second(s)

2021-12-01 12:05:18 - [TEST_STEP][PASSED] - setText(findTestObject("Modulo Tarea Administracion Compensacion/Tarea Generacion Entidad Pago/input_Ir_nav_t66_input"), "Generacion Entidad Pago (com)"): Text 'Generacion Entidad Pago (com)' is set on object 'Object Repository/Modulo Tarea Administracion Compensacion/Tarea Generacion Entidad Pago/input_Ir_nav_t66_input'

2021-12-01 12:05:19 - [MESSAGE][PASSED] - Text 'Generacion Entidad Pago (com)' is set on object 'Object Repository/Modulo Tarea Administracion Compensacion/Tarea Generacion Entidad Pago/input_Ir_nav_t66_input'

2021-12-01 12:05:19 - [TEST_STEP][PASSED] - delay(2): Delayed 2 second(s)

2021-12-01 12:05:21 - [MESSAGE][PASSED] - Delayed 2 second(s)

2021-12-01 12:05:21 - [TEST_STEP][PASSED] - sendKeys(findTestObject("Modulo Tarea Administracion Compensacion/Tarea Generacion Entidad Pago/input_Ir_nav_t66_input"), Keys.chord(ENTER)): Keys 'ENTER + ' sent to object: 'Object Repository/Modulo Tarea Administracion Compensacion/Tarea Generacion Entidad Pago/input_Ir_nav_t66_input'

2021-12-01 12:05:21 - [MESSAGE][PASSED] - Keys 'ENTER + ' sent to object: 'Object Repository/Modulo Tarea Administracion Compensacion/Tarea Generacion Entidad Pago/input_Ir_nav_t66_input'

2021-12-01 12:05:21 - [MESSAGE][PASSED] - Call Test Case 'Test Cases/Hutilidades/Tareas Administracion Compensacion/Tarea Generacion Entidad Pago' successfully

2021-12-01 12:05:21 - [TEST_STEP][PASSED] - waitForElementClickable(findTestObject("Modulo Tarea Administracion Compensacion/Liquidacion y Reversion por Bancos/a_Traer"), 0): Object 'Object Repository/Modulo Tarea Administracion Compensacion/Liquidacion y Reversion por Bancos/a_Traer' is clickable

2021-12-01 12:05:22 - [MESSAGE][WARNING] - Timeout '0' is invalid. Using default page load timeout: '30'

2021-12-01 12:05:22 - [MESSAGE][PASSED] - Object 'Object Repository/Modulo Tarea Administracion Compensacion/Liquidacion y Reversion por Bancos/a_Traer' is clickable

2021-12-01 12:05:22 - [TEST_STEP][PASSED] - click(findTestObject("Modulo Tarea Administracion Compensacion/Liquidacion y Reversion por Bancos/a_Traer")): Object: 'Object Repository/Modulo Tarea Administracion Compensacion/Liquidacion y Reversion por Bancos/a_Traer' is clicked on

2021-12-01 12:05:23 - [MESSAGE][PASSED] - Object: 'Object Repository/Modulo Tarea Administracion Compensacion/Liquidacion y Reversion por Bancos/a_Traer' is clicked on

2021-12-01 12:05:23 - [TEST_STEP][PASSED] - click(findTestObject("Modulo Tarea Administracion Compensacion/Liquidacion y Reversion por Bancos/label_Periodo Fuera de Nomina")): Object: 'Object Repository/Modulo Tarea Administracion Compensacion/Liquidacion y Reversion por Bancos/label_Periodo Fuera de Nomina' is clicked on

2021-12-01 12:05:24 - [MESSAGE][PASSED] - Object: 'Object Repository/Modulo Tarea Administracion Compensacion/Liquidacion y Reversion por Bancos/label_Periodo Fuera de Nomina' is clicked on

2021-12-01 12:05:24 - [TEST_STEP][PASSED] - setText(findTestObject("Modulo Tarea Administracion Compensacion/Liquidacion y Reversion por Bancos/input_Fecha_form_popUpTraer"), "01/06/2021"): Text '01/06/2021' is set on object 'Object Repository/Modulo Tarea Administracion Compensacion/Liquidacion y Reversion por Bancos/input_Fecha_form_popUpTraer'

2021-12-01 12:05:25 - [MESSAGE][PASSED] - Text '01/06/2021' is set on object 'Object Repository/Modulo Tarea Administracion Compensacion/Liquidacion y Reversion por Bancos/input_Fecha_form_popUpTraer'

2021-12-01 12:05:25 - [TEST_STEP][PASSED] - click(findTestObject("Modulo Tarea Administracion Compensacion/Liquidacion y Reversion por Bancos/a_Aplicar (1)")): Object: 'Object Repository/Modulo Tarea Administracion Compensacion/Liquidacion y Reversion por Bancos/a_Aplicar (1)' is clicked on

2021-12-01 12:05:25 - [MESSAGE][PASSED] - Object: 'Object Repository/Modulo Tarea Administracion Compensacion/Liquidacion y Reversion por Bancos/a_Aplicar (1)' is clicked on

2021-12-01 12:05:25 - [TEST_STEP][PASSED] - click(findTestObject("Modulo Tarea Administracion Compensacion/Liquidacion y Reversion por Bancos/span_Bogota_ui-chkbox-icon ui-icon ui-icon-blank ui-c")): Object: 'Object Repository/Modulo Tarea Administracion Compensacion/Liquidacion y Reversion por Bancos/span_Bogota_ui-chkbox-icon ui-icon ui-icon-blank ui-c' is clicked on

2021-12-01 12:05:26 - [MESSAGE][PASSED] - Object: 'Object Repository/Modulo Tarea Administracion Compensacion/Liquidacion y Reversion por Bancos/span_Bogota_ui-chkbox-icon ui-icon ui-icon-blank ui-c' is clicked on

2021-12-01 12:05:26 - [TEST_STEP][PASSED] - click(findTestObject("Modulo Tarea Administracion Compensacion/Liquidacion y Reversion por Bancos/a_Liquidar")): Object: 'Object Repository/Modulo Tarea Administracion Compensacion/Liquidacion y Reversion por Bancos/a_Liquidar' is clicked on

2021-12-01 12:05:27 - [MESSAGE][PASSED] - Object: 'Object Repository/Modulo Tarea Administracion Compensacion/Liquidacion y Reversion por Bancos/a_Liquidar' is clicked on

2021-12-01 12:05:27 - [TEST_STEP][PASSED] - click(findTestObject("Modulo Tarea Administracion Compensacion/Liquidacion y Reversion por Bancos/a_Aceptar")): Object: 'Object Repository/Modulo Tarea Administracion Compensacion/Liquidacion y Reversion por Bancos/a_Aceptar' is clicked on

2021-12-01 12:05:28 - [MESSAGE][PASSED] - Object: 'Object Repository/Modulo Tarea Administracion Compensacion/Liquidacion y Reversion por Bancos/a_Aceptar' is clicked on

2021-12-01 12:05:28 - [TEST_STEP][PASSED] - click(findTestObject("Modulo Tarea Administracion Compensacion/Liquidacion y Reversion por Bancos/a_Continua")): Object: 'Object Repository/Modulo Tarea Administracion Compensacion/Liquidacion y Reversion por Bancos/a_Continua' is clicked on

2021-12-01 12:05:32 - [MESSAGE][PASSED] - Object: 'Object Repository/Modulo Tarea Administracion Compensacion/Liquidacion y Reversion por Bancos/a_Continua' is clicked on

2021-12-01 12:05:32 - [TEST_STEP][PASSED] - waitForElementClickable(findTestObject("Modulo Tarea Administracion Compensacion/Liquidacion y Reversion por Bancos/a_Reversar"), 0): Object 'Object Repository/Modulo Tarea Administracion Compensacion/Liquidacion y Reversion por Bancos/a_Reversar' is clickable

2021-12-01 12:05:32 - [MESSAGE][WARNING] - Timeout '0' is invalid. Using default page load timeout: '30'

2021-12-01 12:05:35 - [MESSAGE][PASSED] - Object 'Object Repository/Modulo Tarea Administracion Compensacion/Liquidacion y Reversion por Bancos/a_Reversar' is clickable

2021-12-01 12:05:35 - [TEST_STEP][PASSED] - click(findTestObject("Modulo Tarea Administracion Compensacion/Liquidacion y Reversion por Bancos/a_Reversar")): Object: 'Object Repository/Modulo Tarea Administracion Compensacion/Liquidacion y Reversion por Bancos/a_Reversar' is clicked on

2021-12-01 12:05:35 - [MESSAGE][PASSED] - Object: 'Object Repository/Modulo Tarea Administracion Compensacion/Liquidacion y Reversion por Bancos/a_Reversar' is clicked on

2021-12-01 12:05:35 - [TEST_STEP][PASSED] - click(findTestObject("Modulo Tarea Administracion Compensacion/Liquidacion y Reversion por Bancos/a_Aceptar (1)")): Object: 'Object Repository/Modulo Tarea Administracion Compensacion/Liquidacion y Reversion por Bancos/a_Aceptar (1)' is clicked on

2021-12-01 12:05:37 - [MESSAGE][PASSED] - Object: 'Object Repository/Modulo Tarea Administracion Compensacion/Liquidacion y Reversion por Bancos/a_Aceptar (1)' is clicked on

2021-12-01 12:05:37 - [TEST_STEP][PASSED] - getText(findTestObject("Alerta/Alerta")): Text of object 'Object Repository/Alerta/Alerta' is: 'Reversión Satisfactoria'

2021-12-01 12:05:37 - [MESSAGE][PASSED] - Text of object 'Object Repository/Alerta/Alerta' is: 'Reversión Satisfactoria'

2021-12-01 12:05:37 - [TEST_STEP][PASSED] - closeBrowser(): Browser is closed

2021-12-01 12:05:38 - [MESSAGE][PASSED] - Browser is closed]]></system-out>
         <system-err><![CDATA[]]></system-err>
      </testcase>
      <testcase name="Test Cases/1.1-Tareas Principales/1.3.8-Exportacion de Archivo de Seguridad Social" time="19.749" classname="Test Cases/1.1-Tareas Principales/1.3.8-Exportacion de Archivo de Seguridad Social" status="PASSED">
         <system-out><![CDATA[2021-12-01 12:05:38 - [TEST_CASE][PASSED] - Test Cases/1.1-Tareas Principales/1.3.8-Exportacion de Archivo de Seguridad Social: Test Cases/1.1-Tareas Principales/1.3.8-Exportacion de Archivo de Seguridad Social

2021-12-01 12:05:38 - [TEST_STEP][PASSED] - callTestCase(findTestCase("Hutilidades/Tareas Administracion Compensacion/Tarea Seguridad Social"), [:], STOP_ON_FAILURE): Call Test Case 'Test Cases/Hutilidades/Tareas Administracion Compensacion/Tarea Seguridad Social' successfully

2021-12-01 12:05:38 - [TEST_CASE][PASSED] - Test Cases/Hutilidades/Tareas Administracion Compensacion/Tarea Seguridad Social: Test Cases/Hutilidades/Tareas Administracion Compensacion/Tarea Seguridad Social

2021-12-01 12:05:39 - [TEST_STEP][PASSED] - callTestCase(findTestCase("0.1-Login"), [:], STOP_ON_FAILURE): Call Test Case 'Test Cases/0.1-Login' successfully

2021-12-01 12:05:39 - [TEST_CASE][PASSED] - Test Cases/0.1-Login: Test Cases/0.1-Login

2021-12-01 12:05:39 - [TEST_STEP][PASSED] - openBrowser(""): Browser is opened with url: ''

2021-12-01 12:05:39 - [MESSAGE][INFO] - Starting 'Chrome' driver

2021-12-01 12:05:39 - [MESSAGE][INFO] - Action delay is set to 0 milliseconds

2021-12-01 12:05:40 - [MESSAGE][PASSED] - Browser is opened with url: ''

2021-12-01 12:05:40 - [TEST_STEP][PASSED] - maximizeWindow(): Current window maximized

2021-12-01 12:05:40 - [MESSAGE][PASSED] - Current window maximized

2021-12-01 12:05:40 - [TEST_STEP][PASSED] - i = G_Login: null

2021-12-01 12:05:40 - [TEST_STEP][PASSED] - url = new java.net.URL(i): null

2021-12-01 12:05:40 - [TEST_STEP][PASSED] - println("URL: " + url.toString()): null

2021-12-01 12:05:40 - [TEST_STEP][PASSED] - connection = url.openConnection(): null

2021-12-01 12:05:40 - [TEST_STEP][PASSED] - connection.setRequestMethod("GET"): null

2021-12-01 12:05:40 - [TEST_STEP][PASSED] - connection.setReadTimeout(2 * 1000): null

2021-12-01 12:05:40 - [TEST_STEP][PASSED] - try: null

2021-12-01 12:05:40 - [TEST_STEP][PASSED] - connection.connect(): null

2021-12-01 12:05:40 - [TEST_STEP][PASSED] - flag = connected: null

2021-12-01 12:05:40 - [TEST_STEP][PASSED] - println("Valor_ori: " + flag): null

2021-12-01 12:05:40 - [TEST_STEP][PASSED] - if (flag): null

2021-12-01 12:05:40 - [TEST_STEP][PASSED] - navigateToUrl(i): Navigate to 'http://localhost:8380/saraweb/' successfully

2021-12-01 12:05:41 - [MESSAGE][PASSED] - Navigate to 'http://localhost:8380/saraweb/' successfully

2021-12-01 12:05:41 - [TEST_STEP][PASSED] - a(): null

2021-12-01 12:05:41 - [TEST_STEP][PASSED] - setText(findTestObject("Login/input_USUARIO_loginusuario"), G_Usuario): Text 'saraadmin' is set on object 'Object Repository/Login/input_USUARIO_loginusuario'

2021-12-01 12:05:42 - [MESSAGE][PASSED] - Text 'saraadmin' is set on object 'Object Repository/Login/input_USUARIO_loginusuario'

2021-12-01 12:05:42 - [TEST_STEP][PASSED] - setEncryptedText(findTestObject("Login/input_CLAVE_loginpassword"), "MkG4/TYiCFC3cb2driP7+Q=="): Text ****** has been set on object 'Object Repository/Login/input_CLAVE_loginpassword'

2021-12-01 12:05:42 - [MESSAGE][PASSED] - Text ****** has been set on object 'Object Repository/Login/input_CLAVE_loginpassword'

2021-12-01 12:05:42 - [TEST_STEP][PASSED] - waitForElementClickable(findTestObject("Login/a_Ingresar"), G_TimeOut): Object 'Object Repository/Login/a_Ingresar' is clickable

2021-12-01 12:05:43 - [MESSAGE][PASSED] - Object 'Object Repository/Login/a_Ingresar' is clickable

2021-12-01 12:05:43 - [TEST_STEP][PASSED] - click(findTestObject("Login/a_Ingresar")): Object: 'Object Repository/Login/a_Ingresar' is clicked on

2021-12-01 12:05:44 - [MESSAGE][PASSED] - Object: 'Object Repository/Login/a_Ingresar' is clicked on

2021-12-01 12:05:44 - [TEST_STEP][PASSED] - element = findWebElement(findTestObject("Login/a_Ir"), 30): null

2021-12-01 12:05:44 - [TEST_STEP][PASSED] - executeJavaScript("arguments[0].click()", Arrays.asList(element)): Execute JavaScript 'arguments[0].click()' successfully

2021-12-01 12:05:44 - [MESSAGE][PASSED] - Execute JavaScript 'arguments[0].click()' successfully

2021-12-01 12:05:44 - [MESSAGE][PASSED] - Call Test Case 'Test Cases/0.1-Login' successfully

2021-12-01 12:05:44 - [TEST_STEP][PASSED] - delay(2): Delayed 2 second(s)

2021-12-01 12:05:46 - [MESSAGE][PASSED] - Delayed 2 second(s)

2021-12-01 12:05:46 - [TEST_STEP][PASSED] - setText(findTestObject("Modulo Tarea Administracion Compensacion/Tarea Seguridad Social/input_Ir_nav_t66_input"), "Seguridad Social"): Text 'Seguridad Social' is set on object 'Object Repository/Modulo Tarea Administracion Compensacion/Tarea Seguridad Social/input_Ir_nav_t66_input'

2021-12-01 12:05:47 - [MESSAGE][PASSED] - Text 'Seguridad Social' is set on object 'Object Repository/Modulo Tarea Administracion Compensacion/Tarea Seguridad Social/input_Ir_nav_t66_input'

2021-12-01 12:05:47 - [TEST_STEP][PASSED] - delay(2): Delayed 2 second(s)

2021-12-01 12:05:49 - [MESSAGE][PASSED] - Delayed 2 second(s)

2021-12-01 12:05:49 - [TEST_STEP][PASSED] - sendKeys(findTestObject("Modulo Tarea Administracion Compensacion/Tarea Seguridad Social/input_Ir_nav_t66_input"), Keys.chord(ENTER)): Keys 'ENTER + ' sent to object: 'Object Repository/Modulo Tarea Administracion Compensacion/Tarea Seguridad Social/input_Ir_nav_t66_input'

2021-12-01 12:05:50 - [MESSAGE][PASSED] - Keys 'ENTER + ' sent to object: 'Object Repository/Modulo Tarea Administracion Compensacion/Tarea Seguridad Social/input_Ir_nav_t66_input'

2021-12-01 12:05:50 - [MESSAGE][PASSED] - Call Test Case 'Test Cases/Hutilidades/Tareas Administracion Compensacion/Tarea Seguridad Social' successfully

2021-12-01 12:05:50 - [TEST_STEP][PASSED] - waitForElementClickable(findTestObject("Modulo Tarea Administracion Compensacion/Exportacion de Archivo de Seguridad Social/td_Planilla Empleados Empresa"), G_TimeOut): Object 'Object Repository/Modulo Tarea Administracion Compensacion/Exportacion de Archivo de Seguridad Social/td_Planilla Empleados Empresa' is clickable

2021-12-01 12:05:52 - [MESSAGE][PASSED] - Object 'Object Repository/Modulo Tarea Administracion Compensacion/Exportacion de Archivo de Seguridad Social/td_Planilla Empleados Empresa' is clickable

2021-12-01 12:05:52 - [TEST_STEP][PASSED] - click(findTestObject("Modulo Tarea Administracion Compensacion/Exportacion de Archivo de Seguridad Social/td_Planilla Empleados Empresa")): Object: 'Object Repository/Modulo Tarea Administracion Compensacion/Exportacion de Archivo de Seguridad Social/td_Planilla Empleados Empresa' is clicked on

2021-12-01 12:05:52 - [MESSAGE][PASSED] - Object: 'Object Repository/Modulo Tarea Administracion Compensacion/Exportacion de Archivo de Seguridad Social/td_Planilla Empleados Empresa' is clicked on

2021-12-01 12:05:52 - [TEST_STEP][PASSED] - waitForElementClickable(findTestObject("Modulo Tarea Administracion Compensacion/Exportacion de Archivo de Seguridad Social/img_csv"), G_TimeOut): Object 'Object Repository/Modulo Tarea Administracion Compensacion/Exportacion de Archivo de Seguridad Social/img_csv' is clickable

2021-12-01 12:05:54 - [MESSAGE][PASSED] - Object 'Object Repository/Modulo Tarea Administracion Compensacion/Exportacion de Archivo de Seguridad Social/img_csv' is clickable

2021-12-01 12:05:54 - [TEST_STEP][PASSED] - click(findTestObject("Modulo Tarea Administracion Compensacion/Exportacion de Archivo de Seguridad Social/img_csv")): Object: 'Object Repository/Modulo Tarea Administracion Compensacion/Exportacion de Archivo de Seguridad Social/img_csv' is clicked on

2021-12-01 12:05:54 - [MESSAGE][PASSED] - Object: 'Object Repository/Modulo Tarea Administracion Compensacion/Exportacion de Archivo de Seguridad Social/img_csv' is clicked on

2021-12-01 12:05:54 - [TEST_STEP][PASSED] - waitForElementClickable(findTestObject("Modulo Tarea Administracion Compensacion/Exportacion de Archivo de Seguridad Social/a_Archivo"), G_TimeOut): Object 'Object Repository/Modulo Tarea Administracion Compensacion/Exportacion de Archivo de Seguridad Social/a_Archivo' is clickable

2021-12-01 12:05:55 - [MESSAGE][PASSED] - Object 'Object Repository/Modulo Tarea Administracion Compensacion/Exportacion de Archivo de Seguridad Social/a_Archivo' is clickable

2021-12-01 12:05:55 - [TEST_STEP][PASSED] - click(findTestObject("Modulo Tarea Administracion Compensacion/Exportacion de Archivo de Seguridad Social/a_Archivo")): Object: 'Object Repository/Modulo Tarea Administracion Compensacion/Exportacion de Archivo de Seguridad Social/a_Archivo' is clicked on

2021-12-01 12:05:55 - [MESSAGE][PASSED] - Object: 'Object Repository/Modulo Tarea Administracion Compensacion/Exportacion de Archivo de Seguridad Social/a_Archivo' is clicked on

2021-12-01 12:05:55 - [TEST_STEP][PASSED] - click(findTestObject("Modulo Tarea Administracion Compensacion/Exportacion de Archivo de Seguridad Social/a_Archivo_1")): Object: 'Object Repository/Modulo Tarea Administracion Compensacion/Exportacion de Archivo de Seguridad Social/a_Archivo_1' is clicked on

2021-12-01 12:05:56 - [MESSAGE][PASSED] - Object: 'Object Repository/Modulo Tarea Administracion Compensacion/Exportacion de Archivo de Seguridad Social/a_Archivo_1' is clicked on

2021-12-01 12:05:56 - [TEST_STEP][PASSED] - waitForElementClickable(findTestObject("Modulo Tarea Administracion Compensacion/Exportacion de Archivo de Seguridad Social/a_Si"), G_TimeOut): Object 'Object Repository/Modulo Tarea Administracion Compensacion/Exportacion de Archivo de Seguridad Social/a_Si' is clickable

2021-12-01 12:05:56 - [MESSAGE][PASSED] - Object 'Object Repository/Modulo Tarea Administracion Compensacion/Exportacion de Archivo de Seguridad Social/a_Si' is clickable

2021-12-01 12:05:56 - [TEST_STEP][PASSED] - click(findTestObject("Modulo Tarea Administracion Compensacion/Exportacion de Archivo de Seguridad Social/a_Si")): Object: 'Object Repository/Modulo Tarea Administracion Compensacion/Exportacion de Archivo de Seguridad Social/a_Si' is clicked on

2021-12-01 12:05:57 - [MESSAGE][PASSED] - Object: 'Object Repository/Modulo Tarea Administracion Compensacion/Exportacion de Archivo de Seguridad Social/a_Si' is clicked on

2021-12-01 12:05:57 - [TEST_STEP][PASSED] - closeBrowser(): Browser is closed

2021-12-01 12:05:57 - [MESSAGE][PASSED] - Browser is closed]]></system-out>
         <system-err><![CDATA[]]></system-err>
      </testcase>
      <testcase name="Test Cases/1.1-Tareas Principales/1.3.9-Archivo Cargue Operador" time="18.132" classname="Test Cases/1.1-Tareas Principales/1.3.9-Archivo Cargue Operador" status="PASSED">
         <system-out><![CDATA[2021-12-01 12:05:57 - [TEST_CASE][PASSED] - Test Cases/1.1-Tareas Principales/1.3.9-Archivo Cargue Operador: Test Cases/1.1-Tareas Principales/1.3.9-Archivo Cargue Operador

2021-12-01 12:05:58 - [TEST_STEP][PASSED] - callTestCase(findTestCase("Hutilidades/Tareas Administracion Compensacion/Tarea Seguridad Social"), [:], STOP_ON_FAILURE): Call Test Case 'Test Cases/Hutilidades/Tareas Administracion Compensacion/Tarea Seguridad Social' successfully

2021-12-01 12:05:58 - [TEST_CASE][PASSED] - Test Cases/Hutilidades/Tareas Administracion Compensacion/Tarea Seguridad Social: Test Cases/Hutilidades/Tareas Administracion Compensacion/Tarea Seguridad Social

2021-12-01 12:05:58 - [TEST_STEP][PASSED] - callTestCase(findTestCase("0.1-Login"), [:], STOP_ON_FAILURE): Call Test Case 'Test Cases/0.1-Login' successfully

2021-12-01 12:05:58 - [TEST_CASE][PASSED] - Test Cases/0.1-Login: Test Cases/0.1-Login

2021-12-01 12:05:58 - [TEST_STEP][PASSED] - openBrowser(""): Browser is opened with url: ''

2021-12-01 12:05:58 - [MESSAGE][INFO] - Starting 'Chrome' driver

2021-12-01 12:05:58 - [MESSAGE][INFO] - Action delay is set to 0 milliseconds

2021-12-01 12:05:59 - [MESSAGE][PASSED] - Browser is opened with url: ''

2021-12-01 12:05:59 - [TEST_STEP][PASSED] - maximizeWindow(): Current window maximized

2021-12-01 12:05:59 - [MESSAGE][PASSED] - Current window maximized

2021-12-01 12:05:59 - [TEST_STEP][PASSED] - i = G_Login: null

2021-12-01 12:05:59 - [TEST_STEP][PASSED] - url = new java.net.URL(i): null

2021-12-01 12:05:59 - [TEST_STEP][PASSED] - println("URL: " + url.toString()): null

2021-12-01 12:05:59 - [TEST_STEP][PASSED] - connection = url.openConnection(): null

2021-12-01 12:05:59 - [TEST_STEP][PASSED] - connection.setRequestMethod("GET"): null

2021-12-01 12:05:59 - [TEST_STEP][PASSED] - connection.setReadTimeout(2 * 1000): null

2021-12-01 12:05:59 - [TEST_STEP][PASSED] - try: null

2021-12-01 12:05:59 - [TEST_STEP][PASSED] - connection.connect(): null

2021-12-01 12:05:59 - [TEST_STEP][PASSED] - flag = connected: null

2021-12-01 12:05:59 - [TEST_STEP][PASSED] - println("Valor_ori: " + flag): null

2021-12-01 12:05:59 - [TEST_STEP][PASSED] - if (flag): null

2021-12-01 12:05:59 - [TEST_STEP][PASSED] - navigateToUrl(i): Navigate to 'http://localhost:8380/saraweb/' successfully

2021-12-01 12:06:00 - [MESSAGE][PASSED] - Navigate to 'http://localhost:8380/saraweb/' successfully

2021-12-01 12:06:00 - [TEST_STEP][PASSED] - a(): null

2021-12-01 12:06:00 - [TEST_STEP][PASSED] - setText(findTestObject("Login/input_USUARIO_loginusuario"), G_Usuario): Text 'saraadmin' is set on object 'Object Repository/Login/input_USUARIO_loginusuario'

2021-12-01 12:06:01 - [MESSAGE][PASSED] - Text 'saraadmin' is set on object 'Object Repository/Login/input_USUARIO_loginusuario'

2021-12-01 12:06:01 - [TEST_STEP][PASSED] - setEncryptedText(findTestObject("Login/input_CLAVE_loginpassword"), "MkG4/TYiCFC3cb2driP7+Q=="): Text ****** has been set on object 'Object Repository/Login/input_CLAVE_loginpassword'

2021-12-01 12:06:02 - [MESSAGE][PASSED] - Text ****** has been set on object 'Object Repository/Login/input_CLAVE_loginpassword'

2021-12-01 12:06:02 - [TEST_STEP][PASSED] - waitForElementClickable(findTestObject("Login/a_Ingresar"), G_TimeOut): Object 'Object Repository/Login/a_Ingresar' is clickable

2021-12-01 12:06:02 - [MESSAGE][PASSED] - Object 'Object Repository/Login/a_Ingresar' is clickable

2021-12-01 12:06:02 - [TEST_STEP][PASSED] - click(findTestObject("Login/a_Ingresar")): Object: 'Object Repository/Login/a_Ingresar' is clicked on

2021-12-01 12:06:03 - [MESSAGE][PASSED] - Object: 'Object Repository/Login/a_Ingresar' is clicked on

2021-12-01 12:06:03 - [TEST_STEP][PASSED] - element = findWebElement(findTestObject("Login/a_Ir"), 30): null

2021-12-01 12:06:04 - [TEST_STEP][PASSED] - executeJavaScript("arguments[0].click()", Arrays.asList(element)): Execute JavaScript 'arguments[0].click()' successfully

2021-12-01 12:06:04 - [MESSAGE][PASSED] - Execute JavaScript 'arguments[0].click()' successfully

2021-12-01 12:06:04 - [MESSAGE][PASSED] - Call Test Case 'Test Cases/0.1-Login' successfully

2021-12-01 12:06:04 - [TEST_STEP][PASSED] - delay(2): Delayed 2 second(s)

2021-12-01 12:06:06 - [MESSAGE][PASSED] - Delayed 2 second(s)

2021-12-01 12:06:06 - [TEST_STEP][PASSED] - setText(findTestObject("Modulo Tarea Administracion Compensacion/Tarea Seguridad Social/input_Ir_nav_t66_input"), "Seguridad Social"): Text 'Seguridad Social' is set on object 'Object Repository/Modulo Tarea Administracion Compensacion/Tarea Seguridad Social/input_Ir_nav_t66_input'

2021-12-01 12:06:07 - [MESSAGE][PASSED] - Text 'Seguridad Social' is set on object 'Object Repository/Modulo Tarea Administracion Compensacion/Tarea Seguridad Social/input_Ir_nav_t66_input'

2021-12-01 12:06:07 - [TEST_STEP][PASSED] - delay(2): Delayed 2 second(s)

2021-12-01 12:06:09 - [MESSAGE][PASSED] - Delayed 2 second(s)

2021-12-01 12:06:09 - [TEST_STEP][PASSED] - sendKeys(findTestObject("Modulo Tarea Administracion Compensacion/Tarea Seguridad Social/input_Ir_nav_t66_input"), Keys.chord(ENTER)): Keys 'ENTER + ' sent to object: 'Object Repository/Modulo Tarea Administracion Compensacion/Tarea Seguridad Social/input_Ir_nav_t66_input'

2021-12-01 12:06:09 - [MESSAGE][PASSED] - Keys 'ENTER + ' sent to object: 'Object Repository/Modulo Tarea Administracion Compensacion/Tarea Seguridad Social/input_Ir_nav_t66_input'

2021-12-01 12:06:09 - [MESSAGE][PASSED] - Call Test Case 'Test Cases/Hutilidades/Tareas Administracion Compensacion/Tarea Seguridad Social' successfully

2021-12-01 12:06:09 - [TEST_STEP][PASSED] - waitForElementClickable(findTestObject("Modulo Tarea Administracion Compensacion/Archivo Cargue Operador/td_Planilla Empleados Empresa"), 0): Object 'Object Repository/Modulo Tarea Administracion Compensacion/Archivo Cargue Operador/td_Planilla Empleados Empresa' is clickable

2021-12-01 12:06:09 - [MESSAGE][WARNING] - Timeout '0' is invalid. Using default page load timeout: '30'

2021-12-01 12:06:12 - [MESSAGE][PASSED] - Object 'Object Repository/Modulo Tarea Administracion Compensacion/Archivo Cargue Operador/td_Planilla Empleados Empresa' is clickable

2021-12-01 12:06:12 - [TEST_STEP][PASSED] - click(findTestObject("Modulo Tarea Administracion Compensacion/Archivo Cargue Operador/td_Planilla Empleados Empresa")): Object: 'Object Repository/Modulo Tarea Administracion Compensacion/Archivo Cargue Operador/td_Planilla Empleados Empresa' is clicked on

2021-12-01 12:06:12 - [MESSAGE][PASSED] - Object: 'Object Repository/Modulo Tarea Administracion Compensacion/Archivo Cargue Operador/td_Planilla Empleados Empresa' is clicked on

2021-12-01 12:06:12 - [TEST_STEP][PASSED] - click(findTestObject("Modulo Tarea Administracion Compensacion/Archivo Cargue Operador/a_Archivo_")): Object: 'Object Repository/Modulo Tarea Administracion Compensacion/Archivo Cargue Operador/a_Archivo_' is clicked on

2021-12-01 12:06:14 - [MESSAGE][PASSED] - Object: 'Object Repository/Modulo Tarea Administracion Compensacion/Archivo Cargue Operador/a_Archivo_' is clicked on

2021-12-01 12:06:14 - [TEST_STEP][PASSED] - click(findTestObject("Modulo Tarea Administracion Compensacion/Archivo Cargue Operador/a_Archivo_1")): Object: 'Object Repository/Modulo Tarea Administracion Compensacion/Archivo Cargue Operador/a_Archivo_1' is clicked on

2021-12-01 12:06:15 - [MESSAGE][PASSED] - Object: 'Object Repository/Modulo Tarea Administracion Compensacion/Archivo Cargue Operador/a_Archivo_1' is clicked on

2021-12-01 12:06:15 - [TEST_STEP][PASSED] - closeBrowser(): Browser is closed

2021-12-01 12:06:16 - [MESSAGE][PASSED] - Browser is closed]]></system-out>
         <system-err><![CDATA[]]></system-err>
      </testcase>
      <testcase name="Test Cases/1.1-Tareas Principales/1.4.1-Liquidar Conceptos y Variables" time="57.62" classname="Test Cases/1.1-Tareas Principales/1.4.1-Liquidar Conceptos y Variables" status="PASSED">
         <system-out><![CDATA[2021-12-01 12:06:16 - [TEST_CASE][PASSED] - Test Cases/1.1-Tareas Principales/1.4.1-Liquidar Conceptos y Variables: Test Cases/1.1-Tareas Principales/1.4.1-Liquidar Conceptos y Variables

2021-12-01 12:06:16 - [TEST_STEP][PASSED] - callTestCase(findTestCase("Hutilidades/Tareas Administracion Compensacion/Tarea Listado Empleados"), [:], STOP_ON_FAILURE): Call Test Case 'Test Cases/Hutilidades/Tareas Administracion Compensacion/Tarea Listado Empleados' successfully

2021-12-01 12:06:16 - [TEST_CASE][PASSED] - Test Cases/Hutilidades/Tareas Administracion Compensacion/Tarea Listado Empleados: Test Cases/Hutilidades/Tareas Administracion Compensacion/Tarea Listado Empleados

2021-12-01 12:06:16 - [TEST_STEP][PASSED] - callTestCase(findTestCase("0.1-Login"), [:], STOP_ON_FAILURE): Call Test Case 'Test Cases/0.1-Login' successfully

2021-12-01 12:06:16 - [TEST_CASE][PASSED] - Test Cases/0.1-Login: Test Cases/0.1-Login

2021-12-01 12:06:16 - [TEST_STEP][PASSED] - openBrowser(""): Browser is opened with url: ''

2021-12-01 12:06:16 - [MESSAGE][INFO] - Starting 'Chrome' driver

2021-12-01 12:06:16 - [MESSAGE][INFO] - Action delay is set to 0 milliseconds

2021-12-01 12:06:18 - [MESSAGE][PASSED] - Browser is opened with url: ''

2021-12-01 12:06:18 - [TEST_STEP][PASSED] - maximizeWindow(): Current window maximized

2021-12-01 12:06:18 - [MESSAGE][PASSED] - Current window maximized

2021-12-01 12:06:18 - [TEST_STEP][PASSED] - i = G_Login: null

2021-12-01 12:06:18 - [TEST_STEP][PASSED] - url = new java.net.URL(i): null

2021-12-01 12:06:18 - [TEST_STEP][PASSED] - println("URL: " + url.toString()): null

2021-12-01 12:06:18 - [TEST_STEP][PASSED] - connection = url.openConnection(): null

2021-12-01 12:06:18 - [TEST_STEP][PASSED] - connection.setRequestMethod("GET"): null

2021-12-01 12:06:18 - [TEST_STEP][PASSED] - connection.setReadTimeout(2 * 1000): null

2021-12-01 12:06:18 - [TEST_STEP][PASSED] - try: null

2021-12-01 12:06:18 - [TEST_STEP][PASSED] - connection.connect(): null

2021-12-01 12:06:18 - [TEST_STEP][PASSED] - flag = connected: null

2021-12-01 12:06:18 - [TEST_STEP][PASSED] - println("Valor_ori: " + flag): null

2021-12-01 12:06:18 - [TEST_STEP][PASSED] - if (flag): null

2021-12-01 12:06:18 - [TEST_STEP][PASSED] - navigateToUrl(i): Navigate to 'http://localhost:8380/saraweb/' successfully

2021-12-01 12:06:18 - [MESSAGE][PASSED] - Navigate to 'http://localhost:8380/saraweb/' successfully

2021-12-01 12:06:18 - [TEST_STEP][PASSED] - a(): null

2021-12-01 12:06:18 - [TEST_STEP][PASSED] - setText(findTestObject("Login/input_USUARIO_loginusuario"), G_Usuario): Text 'saraadmin' is set on object 'Object Repository/Login/input_USUARIO_loginusuario'

2021-12-01 12:06:19 - [MESSAGE][PASSED] - Text 'saraadmin' is set on object 'Object Repository/Login/input_USUARIO_loginusuario'

2021-12-01 12:06:19 - [TEST_STEP][PASSED] - setEncryptedText(findTestObject("Login/input_CLAVE_loginpassword"), "MkG4/TYiCFC3cb2driP7+Q=="): Text ****** has been set on object 'Object Repository/Login/input_CLAVE_loginpassword'

2021-12-01 12:06:20 - [MESSAGE][PASSED] - Text ****** has been set on object 'Object Repository/Login/input_CLAVE_loginpassword'

2021-12-01 12:06:20 - [TEST_STEP][PASSED] - waitForElementClickable(findTestObject("Login/a_Ingresar"), G_TimeOut): Object 'Object Repository/Login/a_Ingresar' is clickable

2021-12-01 12:06:20 - [MESSAGE][PASSED] - Object 'Object Repository/Login/a_Ingresar' is clickable

2021-12-01 12:06:20 - [TEST_STEP][PASSED] - click(findTestObject("Login/a_Ingresar")): Object: 'Object Repository/Login/a_Ingresar' is clicked on

2021-12-01 12:06:22 - [MESSAGE][PASSED] - Object: 'Object Repository/Login/a_Ingresar' is clicked on

2021-12-01 12:06:22 - [TEST_STEP][PASSED] - element = findWebElement(findTestObject("Login/a_Ir"), 30): null

2021-12-01 12:06:22 - [TEST_STEP][PASSED] - executeJavaScript("arguments[0].click()", Arrays.asList(element)): Execute JavaScript 'arguments[0].click()' successfully

2021-12-01 12:06:22 - [MESSAGE][PASSED] - Execute JavaScript 'arguments[0].click()' successfully

2021-12-01 12:06:22 - [MESSAGE][PASSED] - Call Test Case 'Test Cases/0.1-Login' successfully

2021-12-01 12:06:22 - [TEST_STEP][PASSED] - setText(findTestObject("Modulo Tarea Listado Hojas de Vida/Tareas Listado Hojas de Vida/input_Listado Hojas De Vida_form_templatej_idt24_input"), "Listado de Empleados"): Text 'Listado de Empleados' is set on object 'Object Repository/Modulo Tarea Listado Hojas de Vida/Tareas Listado Hojas de Vida/input_Listado Hojas De Vida_form_templatej_idt24_input'

2021-12-01 12:06:23 - [MESSAGE][PASSED] - Text 'Listado de Empleados' is set on object 'Object Repository/Modulo Tarea Listado Hojas de Vida/Tareas Listado Hojas de Vida/input_Listado Hojas De Vida_form_templatej_idt24_input'

2021-12-01 12:06:23 - [TEST_STEP][PASSED] - delay(3): Delayed 3 second(s)

2021-12-01 12:06:26 - [MESSAGE][PASSED] - Delayed 3 second(s)

2021-12-01 12:06:26 - [TEST_STEP][PASSED] - sendKeys(findTestObject("Modulo Tarea Listado Hojas de Vida/Tareas Listado Hojas de Vida/input_Listado Hojas De Vida_form_templatej_idt24_input"), Keys.chord(ENTER)): Keys 'ENTER + ' sent to object: 'Object Repository/Modulo Tarea Listado Hojas de Vida/Tareas Listado Hojas de Vida/input_Listado Hojas De Vida_form_templatej_idt24_input'

2021-12-01 12:06:27 - [MESSAGE][PASSED] - Keys 'ENTER + ' sent to object: 'Object Repository/Modulo Tarea Listado Hojas de Vida/Tareas Listado Hojas de Vida/input_Listado Hojas De Vida_form_templatej_idt24_input'

2021-12-01 12:06:27 - [MESSAGE][PASSED] - Call Test Case 'Test Cases/Hutilidades/Tareas Administracion Compensacion/Tarea Listado Empleados' successfully

2021-12-01 12:06:27 - [TEST_STEP][PASSED] - waitForElementClickable(findTestObject("Modulo Tarea Administracion Compensacion/Liquidar Conceptos y Variables/input_Identificacin_listadoEmp"), 0): Object 'Object Repository/Modulo Tarea Administracion Compensacion/Liquidar Conceptos y Variables/input_Identificacin_listadoEmp' is clickable

2021-12-01 12:06:27 - [MESSAGE][WARNING] - Timeout '0' is invalid. Using default page load timeout: '30'

2021-12-01 12:06:29 - [MESSAGE][PASSED] - Object 'Object Repository/Modulo Tarea Administracion Compensacion/Liquidar Conceptos y Variables/input_Identificacin_listadoEmp' is clickable

2021-12-01 12:06:29 - [TEST_STEP][PASSED] - setText(findTestObject("Modulo Tarea Administracion Compensacion/Liquidar Conceptos y Variables/input_Identificacin_listadoEmp"), "10154472"): Text '10154472' is set on object 'Object Repository/Modulo Tarea Administracion Compensacion/Liquidar Conceptos y Variables/input_Identificacin_listadoEmp'

2021-12-01 12:06:29 - [MESSAGE][PASSED] - Text '10154472' is set on object 'Object Repository/Modulo Tarea Administracion Compensacion/Liquidar Conceptos y Variables/input_Identificacin_listadoEmp'

2021-12-01 12:06:29 - [TEST_STEP][PASSED] - sendKeys(findTestObject("Modulo Tarea Administracion Compensacion/Liquidar Conceptos y Variables/input_Identificacin_listadoEmp"), Keys.chord(ENTER)): Keys 'ENTER + ' sent to object: 'Object Repository/Modulo Tarea Administracion Compensacion/Liquidar Conceptos y Variables/input_Identificacin_listadoEmp'

2021-12-01 12:06:30 - [MESSAGE][PASSED] - Keys 'ENTER + ' sent to object: 'Object Repository/Modulo Tarea Administracion Compensacion/Liquidar Conceptos y Variables/input_Identificacin_listadoEmp'

2021-12-01 12:06:30 - [TEST_STEP][PASSED] - waitForElementClickable(findTestObject("Modulo Tarea Administracion Compensacion/Liquidar Conceptos y Variables/span_CONSTA BELFEGORD JHON"), G_TimeOut): Object 'Object Repository/Modulo Tarea Administracion Compensacion/Liquidar Conceptos y Variables/span_CONSTA BELFEGORD JHON' is clickable

2021-12-01 12:06:33 - [MESSAGE][PASSED] - Object 'Object Repository/Modulo Tarea Administracion Compensacion/Liquidar Conceptos y Variables/span_CONSTA BELFEGORD JHON' is clickable

2021-12-01 12:06:33 - [TEST_STEP][PASSED] - click(findTestObject("Modulo Tarea Administracion Compensacion/Liquidar Conceptos y Variables/span_CONSTA BELFEGORD JHON")): Object: 'Object Repository/Modulo Tarea Administracion Compensacion/Liquidar Conceptos y Variables/span_CONSTA BELFEGORD JHON' is clicked on

2021-12-01 12:06:33 - [MESSAGE][PASSED] - Object: 'Object Repository/Modulo Tarea Administracion Compensacion/Liquidar Conceptos y Variables/span_CONSTA BELFEGORD JHON' is clicked on

2021-12-01 12:06:33 - [TEST_STEP][PASSED] - waitForElementClickable(findTestObject("Modulo Tarea Administracion Compensacion/Liquidar Conceptos y Variables/a_Terminar Contrato"), G_TimeOut): Object 'Object Repository/Modulo Tarea Administracion Compensacion/Liquidar Conceptos y Variables/a_Terminar Contrato' is clickable

2021-12-01 12:06:35 - [MESSAGE][PASSED] - Object 'Object Repository/Modulo Tarea Administracion Compensacion/Liquidar Conceptos y Variables/a_Terminar Contrato' is clickable

2021-12-01 12:06:35 - [TEST_STEP][PASSED] - click(findTestObject("Modulo Tarea Administracion Compensacion/Liquidar Conceptos y Variables/a_Terminar Contrato")): Object: 'Object Repository/Modulo Tarea Administracion Compensacion/Liquidar Conceptos y Variables/a_Terminar Contrato' is clicked on

2021-12-01 12:06:35 - [MESSAGE][PASSED] - Object: 'Object Repository/Modulo Tarea Administracion Compensacion/Liquidar Conceptos y Variables/a_Terminar Contrato' is clicked on

2021-12-01 12:06:35 - [TEST_STEP][PASSED] - waitForElementClickable(findTestObject("Modulo Tarea Administracion Compensacion/Liquidar Conceptos y Variables/span_Liquidar"), G_TimeOut): Object 'Object Repository/Modulo Tarea Administracion Compensacion/Liquidar Conceptos y Variables/span_Liquidar' is clickable

2021-12-01 12:06:36 - [MESSAGE][PASSED] - Object 'Object Repository/Modulo Tarea Administracion Compensacion/Liquidar Conceptos y Variables/span_Liquidar' is clickable

2021-12-01 12:06:36 - [TEST_STEP][PASSED] - click(findTestObject("Modulo Tarea Administracion Compensacion/Liquidar Conceptos y Variables/span_Liquidar")): Object: 'Object Repository/Modulo Tarea Administracion Compensacion/Liquidar Conceptos y Variables/span_Liquidar' is clicked on

2021-12-01 12:06:36 - [MESSAGE][PASSED] - Object: 'Object Repository/Modulo Tarea Administracion Compensacion/Liquidar Conceptos y Variables/span_Liquidar' is clicked on

2021-12-01 12:06:36 - [TEST_STEP][PASSED] - setText(findTestObject("Modulo Tarea Administracion Compensacion/Liquidar Conceptos y Variables/input_Fecha de Retiro_cancelac"), "31/07/2021"): Text '31/07/2021' is set on object 'Object Repository/Modulo Tarea Administracion Compensacion/Liquidar Conceptos y Variables/input_Fecha de Retiro_cancelac'

2021-12-01 12:06:38 - [MESSAGE][PASSED] - Text '31/07/2021' is set on object 'Object Repository/Modulo Tarea Administracion Compensacion/Liquidar Conceptos y Variables/input_Fecha de Retiro_cancelac'

2021-12-01 12:06:38 - [TEST_STEP][PASSED] - waitForElementClickable(findTestObject("Modulo Tarea Administracion Compensacion/Liquidar Conceptos y Variables/span_Motivo de Retiro"), G_TimeOut): Object 'Object Repository/Modulo Tarea Administracion Compensacion/Liquidar Conceptos y Variables/span_Motivo de Retiro' is clickable

2021-12-01 12:06:40 - [MESSAGE][PASSED] - Object 'Object Repository/Modulo Tarea Administracion Compensacion/Liquidar Conceptos y Variables/span_Motivo de Retiro' is clickable

2021-12-01 12:06:40 - [TEST_STEP][PASSED] - click(findTestObject("Modulo Tarea Administracion Compensacion/Liquidar Conceptos y Variables/span_Motivo de Retiro")): Object: 'Object Repository/Modulo Tarea Administracion Compensacion/Liquidar Conceptos y Variables/span_Motivo de Retiro' is clicked on

2021-12-01 12:06:42 - [MESSAGE][PASSED] - Object: 'Object Repository/Modulo Tarea Administracion Compensacion/Liquidar Conceptos y Variables/span_Motivo de Retiro' is clicked on

2021-12-01 12:06:42 - [TEST_STEP][PASSED] - waitForElementClickable(findTestObject("Modulo Tarea Administracion Compensacion/Liquidar Conceptos y Variables/select_-- Seleccione --SUSTITU"), G_TimeOut): Object 'Object Repository/Modulo Tarea Administracion Compensacion/Liquidar Conceptos y Variables/select_-- Seleccione --SUSTITU' is clickable

2021-12-01 12:06:44 - [MESSAGE][PASSED] - Object 'Object Repository/Modulo Tarea Administracion Compensacion/Liquidar Conceptos y Variables/select_-- Seleccione --SUSTITU' is clickable

2021-12-01 12:06:44 - [TEST_STEP][PASSED] - click(findTestObject("Modulo Tarea Administracion Compensacion/Liquidar Conceptos y Variables/select_-- Seleccione --SUSTITU")): Object: 'Object Repository/Modulo Tarea Administracion Compensacion/Liquidar Conceptos y Variables/select_-- Seleccione --SUSTITU' is clicked on

2021-12-01 12:06:46 - [MESSAGE][PASSED] - Object: 'Object Repository/Modulo Tarea Administracion Compensacion/Liquidar Conceptos y Variables/select_-- Seleccione --SUSTITU' is clicked on

2021-12-01 12:06:46 - [TEST_STEP][PASSED] - selectOptionByIndex(findTestObject("Modulo Tarea Administracion Compensacion/Liquidar Conceptos y Variables/select_-- Seleccione --SUSTITU"), "1"): All options with index in [1] are selected on object 'Object Repository/Modulo Tarea Administracion Compensacion/Liquidar Conceptos y Variables/select_-- Seleccione --SUSTITU'

2021-12-01 12:06:53 - [MESSAGE][PASSED] - All options with index in [1] are selected on object 'Object Repository/Modulo Tarea Administracion Compensacion/Liquidar Conceptos y Variables/select_-- Seleccione --SUSTITU'

2021-12-01 12:06:53 - [TEST_STEP][PASSED] - waitForElementClickable(findTestObject("Modulo Tarea Administracion Compensacion/Liquidar Conceptos y Variables/select_---SELECCIONE ---Direct"), G_TimeOut): Object 'Object Repository/Modulo Tarea Administracion Compensacion/Liquidar Conceptos y Variables/select_---SELECCIONE ---Direct' is clickable

2021-12-01 12:06:56 - [MESSAGE][PASSED] - Object 'Object Repository/Modulo Tarea Administracion Compensacion/Liquidar Conceptos y Variables/select_---SELECCIONE ---Direct' is clickable

2021-12-01 12:06:56 - [TEST_STEP][PASSED] - click(findTestObject("Modulo Tarea Administracion Compensacion/Liquidar Conceptos y Variables/select_---SELECCIONE ---Direct")): Object: 'Object Repository/Modulo Tarea Administracion Compensacion/Liquidar Conceptos y Variables/select_---SELECCIONE ---Direct' is clicked on

2021-12-01 12:06:58 - [MESSAGE][PASSED] - Object: 'Object Repository/Modulo Tarea Administracion Compensacion/Liquidar Conceptos y Variables/select_---SELECCIONE ---Direct' is clicked on

2021-12-01 12:06:58 - [TEST_STEP][PASSED] - waitForElementClickable(findTestObject("Modulo Tarea Administracion Compensacion/Liquidar Conceptos y Variables/select_---SELECCIONE ---Direct"), 0): Object 'Object Repository/Modulo Tarea Administracion Compensacion/Liquidar Conceptos y Variables/select_---SELECCIONE ---Direct' is clickable

2021-12-01 12:06:59 - [MESSAGE][WARNING] - Timeout '0' is invalid. Using default page load timeout: '30'

2021-12-01 12:07:00 - [MESSAGE][PASSED] - Object 'Object Repository/Modulo Tarea Administracion Compensacion/Liquidar Conceptos y Variables/select_---SELECCIONE ---Direct' is clickable

2021-12-01 12:07:00 - [TEST_STEP][PASSED] - selectOptionByIndex(findTestObject("Modulo Tarea Administracion Compensacion/Liquidar Conceptos y Variables/select_---SELECCIONE ---Direct"), "1"): All options with index in [1] are selected on object 'Object Repository/Modulo Tarea Administracion Compensacion/Liquidar Conceptos y Variables/select_---SELECCIONE ---Direct'

2021-12-01 12:07:06 - [MESSAGE][PASSED] - All options with index in [1] are selected on object 'Object Repository/Modulo Tarea Administracion Compensacion/Liquidar Conceptos y Variables/select_---SELECCIONE ---Direct'

2021-12-01 12:07:06 - [TEST_STEP][PASSED] - setText(findTestObject("Modulo Tarea Administracion Compensacion/Liquidar Conceptos y Variables/input_Fecha Pago_cancelacion_c"), "31/07/2021"): Text '31/07/2021' is set on object 'Object Repository/Modulo Tarea Administracion Compensacion/Liquidar Conceptos y Variables/input_Fecha Pago_cancelacion_c'

2021-12-01 12:07:10 - [MESSAGE][PASSED] - Text '31/07/2021' is set on object 'Object Repository/Modulo Tarea Administracion Compensacion/Liquidar Conceptos y Variables/input_Fecha Pago_cancelacion_c'

2021-12-01 12:07:11 - [TEST_STEP][PASSED] - click(findTestObject("Modulo Tarea Administracion Compensacion/Liquidar Conceptos y Variables/span_Calculo Nomina")): Object: 'Object Repository/Modulo Tarea Administracion Compensacion/Liquidar Conceptos y Variables/span_Calculo Nomina' is clicked on

2021-12-01 12:07:12 - [MESSAGE][PASSED] - Object: 'Object Repository/Modulo Tarea Administracion Compensacion/Liquidar Conceptos y Variables/span_Calculo Nomina' is clicked on

2021-12-01 12:07:12 - [TEST_STEP][PASSED] - try: Browser is closed

2021-12-01 12:07:12 - [TEST_STEP][PASSED] - a = "65173e58e5fe483e8781783078c8c0dc": null

2021-12-01 12:07:12 - [TEST_STEP][PASSED] - b = true: null

2021-12-01 12:07:12 - [TEST_STEP][PASSED] - if (findTestObject("Modulo Tarea Administracion Compensacion/Liquidar Conceptos y Variables/select_-- Seleccione --comprob") != a && b): Browser is closed

2021-12-01 12:07:13 - [TEST_STEP][PASSED] - closeBrowser(STOP_ON_FAILURE): Browser is closed

2021-12-01 12:07:13 - [MESSAGE][PASSED] - Browser is closed

2021-12-01 12:07:13 - [TEST_STEP][PASSED] - closeBrowser(): Browser is closed

2021-12-01 12:07:13 - [MESSAGE][PASSED] - Browser is closed]]></system-out>
         <system-err><![CDATA[]]></system-err>
      </testcase>
      <testcase name="Test Cases/1.1-Tareas Principales/1.4.2-Acto Retiro Empleado" time="31.072" classname="Test Cases/1.1-Tareas Principales/1.4.2-Acto Retiro Empleado" status="PASSED">
         <system-out><![CDATA[2021-12-01 12:07:13 - [TEST_CASE][PASSED] - Test Cases/1.1-Tareas Principales/1.4.2-Acto Retiro Empleado: Test Cases/1.1-Tareas Principales/1.4.2-Acto Retiro Empleado

2021-12-01 12:07:14 - [TEST_STEP][PASSED] - callTestCase(findTestCase("Hutilidades/Tareas Actos Administrativos/Tarea Actos Administrativos"), [:], STOP_ON_FAILURE): Call Test Case 'Test Cases/Hutilidades/Tareas Actos Administrativos/Tarea Actos Administrativos' successfully

2021-12-01 12:07:14 - [TEST_CASE][PASSED] - Test Cases/Hutilidades/Tareas Actos Administrativos/Tarea Actos Administrativos: Test Cases/Hutilidades/Tareas Actos Administrativos/Tarea Actos Administrativos

2021-12-01 12:07:14 - [TEST_STEP][PASSED] - callTestCase(findTestCase("0.1-Login"), [:], STOP_ON_FAILURE): Call Test Case 'Test Cases/0.1-Login' successfully

2021-12-01 12:07:14 - [TEST_CASE][PASSED] - Test Cases/0.1-Login: Test Cases/0.1-Login

2021-12-01 12:07:14 - [TEST_STEP][PASSED] - openBrowser(""): Browser is opened with url: ''

2021-12-01 12:07:14 - [MESSAGE][INFO] - Starting 'Chrome' driver

2021-12-01 12:07:14 - [MESSAGE][INFO] - Action delay is set to 0 milliseconds

2021-12-01 12:07:15 - [MESSAGE][PASSED] - Browser is opened with url: ''

2021-12-01 12:07:15 - [TEST_STEP][PASSED] - maximizeWindow(): Current window maximized

2021-12-01 12:07:15 - [MESSAGE][PASSED] - Current window maximized

2021-12-01 12:07:15 - [TEST_STEP][PASSED] - i = G_Login: null

2021-12-01 12:07:15 - [TEST_STEP][PASSED] - url = new java.net.URL(i): null

2021-12-01 12:07:15 - [TEST_STEP][PASSED] - println("URL: " + url.toString()): null

2021-12-01 12:07:15 - [TEST_STEP][PASSED] - connection = url.openConnection(): null

2021-12-01 12:07:15 - [TEST_STEP][PASSED] - connection.setRequestMethod("GET"): null

2021-12-01 12:07:15 - [TEST_STEP][PASSED] - connection.setReadTimeout(2 * 1000): null

2021-12-01 12:07:15 - [TEST_STEP][PASSED] - try: null

2021-12-01 12:07:15 - [TEST_STEP][PASSED] - connection.connect(): null

2021-12-01 12:07:15 - [TEST_STEP][PASSED] - flag = connected: null

2021-12-01 12:07:15 - [TEST_STEP][PASSED] - println("Valor_ori: " + flag): null

2021-12-01 12:07:15 - [TEST_STEP][PASSED] - if (flag): null

2021-12-01 12:07:15 - [TEST_STEP][PASSED] - navigateToUrl(i): Navigate to 'http://localhost:8380/saraweb/' successfully

2021-12-01 12:07:16 - [MESSAGE][PASSED] - Navigate to 'http://localhost:8380/saraweb/' successfully

2021-12-01 12:07:16 - [TEST_STEP][PASSED] - a(): null

2021-12-01 12:07:16 - [TEST_STEP][PASSED] - setText(findTestObject("Login/input_USUARIO_loginusuario"), G_Usuario): Text 'saraadmin' is set on object 'Object Repository/Login/input_USUARIO_loginusuario'

2021-12-01 12:07:17 - [MESSAGE][PASSED] - Text 'saraadmin' is set on object 'Object Repository/Login/input_USUARIO_loginusuario'

2021-12-01 12:07:17 - [TEST_STEP][PASSED] - setEncryptedText(findTestObject("Login/input_CLAVE_loginpassword"), "MkG4/TYiCFC3cb2driP7+Q=="): Text ****** has been set on object 'Object Repository/Login/input_CLAVE_loginpassword'

2021-12-01 12:07:17 - [MESSAGE][PASSED] - Text ****** has been set on object 'Object Repository/Login/input_CLAVE_loginpassword'

2021-12-01 12:07:17 - [TEST_STEP][PASSED] - waitForElementClickable(findTestObject("Login/a_Ingresar"), G_TimeOut): Object 'Object Repository/Login/a_Ingresar' is clickable

2021-12-01 12:07:18 - [MESSAGE][PASSED] - Object 'Object Repository/Login/a_Ingresar' is clickable

2021-12-01 12:07:18 - [TEST_STEP][PASSED] - click(findTestObject("Login/a_Ingresar")): Object: 'Object Repository/Login/a_Ingresar' is clicked on

2021-12-01 12:07:20 - [MESSAGE][PASSED] - Object: 'Object Repository/Login/a_Ingresar' is clicked on

2021-12-01 12:07:20 - [TEST_STEP][PASSED] - element = findWebElement(findTestObject("Login/a_Ir"), 30): null

2021-12-01 12:07:20 - [TEST_STEP][PASSED] - executeJavaScript("arguments[0].click()", Arrays.asList(element)): Execute JavaScript 'arguments[0].click()' successfully

2021-12-01 12:07:21 - [MESSAGE][PASSED] - Execute JavaScript 'arguments[0].click()' successfully

2021-12-01 12:07:21 - [MESSAGE][PASSED] - Call Test Case 'Test Cases/0.1-Login' successfully

2021-12-01 12:07:21 - [TEST_STEP][PASSED] - waitForElementClickable(findTestObject("Modulo Tarea Actos Administrativos/Tarea Actos Administrativos/input_ADMINISTRADOR DEL SISTEMA"), G_TimeOut): Object 'Object Repository/Modulo Tarea Actos Administrativos/Tarea Actos Administrativos/input_ADMINISTRADOR DEL SISTEMA' is clickable

2021-12-01 12:07:22 - [MESSAGE][PASSED] - Object 'Object Repository/Modulo Tarea Actos Administrativos/Tarea Actos Administrativos/input_ADMINISTRADOR DEL SISTEMA' is clickable

2021-12-01 12:07:22 - [TEST_STEP][PASSED] - setText(findTestObject("Modulo Tarea Actos Administrativos/Tarea Actos Administrativos/input_ADMINISTRADOR DEL SISTEMA"), "Actos Administrativos"): Text 'Actos Administrativos' is set on object 'Object Repository/Modulo Tarea Actos Administrativos/Tarea Actos Administrativos/input_ADMINISTRADOR DEL SISTEMA'

2021-12-01 12:07:22 - [MESSAGE][PASSED] - Text 'Actos Administrativos' is set on object 'Object Repository/Modulo Tarea Actos Administrativos/Tarea Actos Administrativos/input_ADMINISTRADOR DEL SISTEMA'

2021-12-01 12:07:22 - [TEST_STEP][PASSED] - delay(3): Delayed 3 second(s)

2021-12-01 12:07:25 - [MESSAGE][PASSED] - Delayed 3 second(s)

2021-12-01 12:07:25 - [TEST_STEP][PASSED] - sendKeys(findTestObject("Modulo Tarea Actos Administrativos/Tarea Actos Administrativos/input_ADMINISTRADOR DEL SISTEMA"), Keys.chord(ENTER)): Keys 'ENTER + ' sent to object: 'Object Repository/Modulo Tarea Actos Administrativos/Tarea Actos Administrativos/input_ADMINISTRADOR DEL SISTEMA'

2021-12-01 12:07:26 - [MESSAGE][PASSED] - Keys 'ENTER + ' sent to object: 'Object Repository/Modulo Tarea Actos Administrativos/Tarea Actos Administrativos/input_ADMINISTRADOR DEL SISTEMA'

2021-12-01 12:07:26 - [MESSAGE][PASSED] - Call Test Case 'Test Cases/Hutilidades/Tareas Actos Administrativos/Tarea Actos Administrativos' successfully

2021-12-01 12:07:26 - [TEST_STEP][PASSED] - waitForElementClickable(findTestObject("Modulo Tarea Actos Administrativos/Acto Retiro Empleado/i_Acto Movimento de planta_gly"), G_TimeOut): Object 'Object Repository/Modulo Tarea Actos Administrativos/Acto Retiro Empleado/i_Acto Movimento de planta_gly' is clickable

2021-12-01 12:07:27 - [MESSAGE][PASSED] - Object 'Object Repository/Modulo Tarea Actos Administrativos/Acto Retiro Empleado/i_Acto Movimento de planta_gly' is clickable

2021-12-01 12:07:27 - [TEST_STEP][PASSED] - click(findTestObject("Modulo Tarea Actos Administrativos/Acto Retiro Empleado/i_Acto Movimento de planta_gly")): Object: 'Object Repository/Modulo Tarea Actos Administrativos/Acto Retiro Empleado/i_Acto Movimento de planta_gly' is clicked on

2021-12-01 12:07:27 - [MESSAGE][PASSED] - Object: 'Object Repository/Modulo Tarea Actos Administrativos/Acto Retiro Empleado/i_Acto Movimento de planta_gly' is clicked on

2021-12-01 12:07:27 - [TEST_STEP][PASSED] - waitForElementClickable(findTestObject("Modulo Tarea Actos Administrativos/Acto Retiro Empleado/a_Actos de Retiro del empleado"), G_TimeOut): Object 'Object Repository/Modulo Tarea Actos Administrativos/Acto Retiro Empleado/a_Actos de Retiro del empleado' is clickable

2021-12-01 12:07:28 - [MESSAGE][PASSED] - Object 'Object Repository/Modulo Tarea Actos Administrativos/Acto Retiro Empleado/a_Actos de Retiro del empleado' is clickable

2021-12-01 12:07:28 - [TEST_STEP][PASSED] - click(findTestObject("Modulo Tarea Actos Administrativos/Acto Retiro Empleado/a_Actos de Retiro del empleado")): Object: 'Object Repository/Modulo Tarea Actos Administrativos/Acto Retiro Empleado/a_Actos de Retiro del empleado' is clicked on

2021-12-01 12:07:28 - [MESSAGE][PASSED] - Object: 'Object Repository/Modulo Tarea Actos Administrativos/Acto Retiro Empleado/a_Actos de Retiro del empleado' is clicked on

2021-12-01 12:07:28 - [TEST_STEP][PASSED] - waitForElementClickable(findTestObject("Modulo Tarea Actos Administrativos/Acto Retiro Empleado/span_terminacion de contrato"), G_TimeOut): Object 'Object Repository/Modulo Tarea Actos Administrativos/Acto Retiro Empleado/span_terminacion de contrato' is clickable

2021-12-01 12:07:30 - [MESSAGE][PASSED] - Object 'Object Repository/Modulo Tarea Actos Administrativos/Acto Retiro Empleado/span_terminacion de contrato' is clickable

2021-12-01 12:07:30 - [TEST_STEP][PASSED] - click(findTestObject("Modulo Tarea Actos Administrativos/Acto Retiro Empleado/span_terminacion de contrato")): Object: 'Object Repository/Modulo Tarea Actos Administrativos/Acto Retiro Empleado/span_terminacion de contrato' is clicked on

2021-12-01 12:07:30 - [MESSAGE][PASSED] - Object: 'Object Repository/Modulo Tarea Actos Administrativos/Acto Retiro Empleado/span_terminacion de contrato' is clicked on

2021-12-01 12:07:30 - [TEST_STEP][PASSED] - waitForElementClickable(findTestObject("Modulo Tarea Actos Administrativos/Acto Retiro Empleado/a_Elaboracin_form_popupSeleccionDerogarj_idt134"), G_TimeOut): Object 'Object Repository/Modulo Tarea Actos Administrativos/Acto Retiro Empleado/a_Elaboracin_form_popupSeleccionDerogarj_idt134' is clickable

2021-12-01 12:07:31 - [MESSAGE][PASSED] - Object 'Object Repository/Modulo Tarea Actos Administrativos/Acto Retiro Empleado/a_Elaboracin_form_popupSeleccionDerogarj_idt134' is clickable

2021-12-01 12:07:31 - [TEST_STEP][PASSED] - click(findTestObject("Modulo Tarea Actos Administrativos/Acto Retiro Empleado/a_Elaboracin_form_popupSeleccionDerogarj_idt134")): Object: 'Object Repository/Modulo Tarea Actos Administrativos/Acto Retiro Empleado/a_Elaboracin_form_popupSeleccionDerogarj_idt134' is clicked on

2021-12-01 12:07:31 - [MESSAGE][PASSED] - Object: 'Object Repository/Modulo Tarea Actos Administrativos/Acto Retiro Empleado/a_Elaboracin_form_popupSeleccionDerogarj_idt134' is clicked on

2021-12-01 12:07:31 - [TEST_STEP][PASSED] - waitForElementClickable(findTestObject("Modulo Tarea Actos Administrativos/Acto Retiro Empleado/a_Identificacin_form_actoAusentismoj_idt1208"), G_TimeOut): Object 'Object Repository/Modulo Tarea Actos Administrativos/Acto Retiro Empleado/a_Identificacin_form_actoAusentismoj_idt1208' is clickable

2021-12-01 12:07:34 - [MESSAGE][PASSED] - Object 'Object Repository/Modulo Tarea Actos Administrativos/Acto Retiro Empleado/a_Identificacin_form_actoAusentismoj_idt1208' is clickable

2021-12-01 12:07:34 - [TEST_STEP][PASSED] - click(findTestObject("Modulo Tarea Actos Administrativos/Acto Retiro Empleado/a_Identificacin_form_actoAusentismoj_idt1208")): Object: 'Object Repository/Modulo Tarea Actos Administrativos/Acto Retiro Empleado/a_Identificacin_form_actoAusentismoj_idt1208' is clicked on

2021-12-01 12:07:35 - [MESSAGE][PASSED] - Object: 'Object Repository/Modulo Tarea Actos Administrativos/Acto Retiro Empleado/a_Identificacin_form_actoAusentismoj_idt1208' is clicked on

2021-12-01 12:07:35 - [TEST_STEP][PASSED] - setText(findTestObject("Modulo Tarea Actos Administrativos/Acto Retiro Empleado/input_Filtro Empleado_form_actoAusentismoj_idt1434"), "66666"): Text '66666' is set on object 'Object Repository/Modulo Tarea Actos Administrativos/Acto Retiro Empleado/input_Filtro Empleado_form_actoAusentismoj_idt1434'

2021-12-01 12:07:36 - [MESSAGE][PASSED] - Text '66666' is set on object 'Object Repository/Modulo Tarea Actos Administrativos/Acto Retiro Empleado/input_Filtro Empleado_form_actoAusentismoj_idt1434'

2021-12-01 12:07:36 - [TEST_STEP][PASSED] - delay(1): Delayed 1 second(s)

2021-12-01 12:07:37 - [MESSAGE][PASSED] - Delayed 1 second(s)

2021-12-01 12:07:37 - [TEST_STEP][PASSED] - sendKeys(findTestObject("Modulo Tarea Actos Administrativos/Acto Retiro Empleado/input_Filtro Empleado_form_actoAusentismoj_idt1434"), Keys.chord(ENTER)): Keys 'ENTER + ' sent to object: 'Object Repository/Modulo Tarea Actos Administrativos/Acto Retiro Empleado/input_Filtro Empleado_form_actoAusentismoj_idt1434'

2021-12-01 12:07:37 - [MESSAGE][PASSED] - Keys 'ENTER + ' sent to object: 'Object Repository/Modulo Tarea Actos Administrativos/Acto Retiro Empleado/input_Filtro Empleado_form_actoAusentismoj_idt1434'

2021-12-01 12:07:37 - [TEST_STEP][PASSED] - waitForElementClickable(findTestObject("Modulo Tarea Actos Administrativos/Acto Retiro Empleado/span_SALGADO PAULA"), G_TimeOut): Object 'Object Repository/Modulo Tarea Actos Administrativos/Acto Retiro Empleado/span_SALGADO PAULA' is clickable

2021-12-01 12:07:38 - [MESSAGE][PASSED] - Object 'Object Repository/Modulo Tarea Actos Administrativos/Acto Retiro Empleado/span_SALGADO PAULA' is clickable

2021-12-01 12:07:38 - [TEST_STEP][PASSED] - click(findTestObject("Modulo Tarea Actos Administrativos/Acto Retiro Empleado/span_SALGADO PAULA")): Object: 'Object Repository/Modulo Tarea Actos Administrativos/Acto Retiro Empleado/span_SALGADO PAULA' is clicked on

2021-12-01 12:07:38 - [MESSAGE][PASSED] - Object: 'Object Repository/Modulo Tarea Actos Administrativos/Acto Retiro Empleado/span_SALGADO PAULA' is clicked on

2021-12-01 12:07:38 - [TEST_STEP][PASSED] - waitForElementClickable(findTestObject("Modulo Tarea Actos Administrativos/Acto Retiro Empleado/a_Continuar"), G_TimeOut): Object 'Object Repository/Modulo Tarea Actos Administrativos/Acto Retiro Empleado/a_Continuar' is clickable

2021-12-01 12:07:39 - [MESSAGE][PASSED] - Object 'Object Repository/Modulo Tarea Actos Administrativos/Acto Retiro Empleado/a_Continuar' is clickable

2021-12-01 12:07:39 - [TEST_STEP][PASSED] - click(findTestObject("Modulo Tarea Actos Administrativos/Acto Retiro Empleado/a_Continuar")): Object: 'Object Repository/Modulo Tarea Actos Administrativos/Acto Retiro Empleado/a_Continuar' is clicked on

2021-12-01 12:07:39 - [MESSAGE][PASSED] - Object: 'Object Repository/Modulo Tarea Actos Administrativos/Acto Retiro Empleado/a_Continuar' is clicked on

2021-12-01 12:07:39 - [TEST_STEP][PASSED] - setText(findTestObject("Modulo Tarea Actos Administrativos/Acto Retiro Empleado/input__form_actoAusentismoj_id"), "31/12/2018"): Text '31/12/2018' is set on object 'Object Repository/Modulo Tarea Actos Administrativos/Acto Retiro Empleado/input__form_actoAusentismoj_id'

2021-12-01 12:07:40 - [MESSAGE][PASSED] - Text '31/12/2018' is set on object 'Object Repository/Modulo Tarea Actos Administrativos/Acto Retiro Empleado/input__form_actoAusentismoj_id'

2021-12-01 12:07:40 - [TEST_STEP][PASSED] - setText(findTestObject("Modulo Tarea Actos Administrativos/Acto Retiro Empleado/input__form_actoAusentismoj_id_6"), "66666"): Text '66666' is set on object 'Object Repository/Modulo Tarea Actos Administrativos/Acto Retiro Empleado/input__form_actoAusentismoj_id_6'

2021-12-01 12:07:41 - [MESSAGE][PASSED] - Text '66666' is set on object 'Object Repository/Modulo Tarea Actos Administrativos/Acto Retiro Empleado/input__form_actoAusentismoj_id_6'

2021-12-01 12:07:41 - [TEST_STEP][PASSED] - waitForElementClickable(findTestObject("Modulo Tarea Actos Administrativos/Acto Retiro Empleado/a_Continuar_1"), G_TimeOut): Object 'Object Repository/Modulo Tarea Actos Administrativos/Acto Retiro Empleado/a_Continuar_1' is clickable

2021-12-01 12:07:41 - [MESSAGE][PASSED] - Object 'Object Repository/Modulo Tarea Actos Administrativos/Acto Retiro Empleado/a_Continuar_1' is clickable

2021-12-01 12:07:41 - [TEST_STEP][PASSED] - click(findTestObject("Modulo Tarea Actos Administrativos/Acto Retiro Empleado/a_Continuar_1")): Object: 'Object Repository/Modulo Tarea Actos Administrativos/Acto Retiro Empleado/a_Continuar_1' is clicked on

2021-12-01 12:07:42 - [MESSAGE][PASSED] - Object: 'Object Repository/Modulo Tarea Actos Administrativos/Acto Retiro Empleado/a_Continuar_1' is clicked on

2021-12-01 12:07:42 - [TEST_STEP][PASSED] - waitForElementClickable(findTestObject("Modulo Tarea Actos Administrativos/Acto Retiro Empleado/a_Aplicar"), G_TimeOut): Object 'Object Repository/Modulo Tarea Actos Administrativos/Acto Retiro Empleado/a_Aplicar' is clickable

2021-12-01 12:07:43 - [MESSAGE][PASSED] - Object 'Object Repository/Modulo Tarea Actos Administrativos/Acto Retiro Empleado/a_Aplicar' is clickable

2021-12-01 12:07:43 - [TEST_STEP][PASSED] - click(findTestObject("Modulo Tarea Actos Administrativos/Acto Retiro Empleado/a_Aplicar")): Object: 'Object Repository/Modulo Tarea Actos Administrativos/Acto Retiro Empleado/a_Aplicar' is clicked on

2021-12-01 12:07:44 - [MESSAGE][PASSED] - Object: 'Object Repository/Modulo Tarea Actos Administrativos/Acto Retiro Empleado/a_Aplicar' is clicked on

2021-12-01 12:07:44 - [TEST_STEP][PASSED] - closeBrowser(): Browser is closed

2021-12-01 12:07:44 - [MESSAGE][PASSED] - Browser is closed]]></system-out>
         <system-err><![CDATA[]]></system-err>
      </testcase>
      <testcase name="Test Cases/1.1-Tareas Principales/1.4.3-Generacion Interfaz" time="29.974" classname="Test Cases/1.1-Tareas Principales/1.4.3-Generacion Interfaz" status="PASSED">
         <system-out><![CDATA[2021-12-01 12:07:44 - [TEST_CASE][PASSED] - Test Cases/1.1-Tareas Principales/1.4.3-Generacion Interfaz: Test Cases/1.1-Tareas Principales/1.4.3-Generacion Interfaz

2021-12-01 12:07:45 - [TEST_STEP][PASSED] - callTestCase(findTestCase("0.1-Login"), [:], STOP_ON_FAILURE): Call Test Case 'Test Cases/0.1-Login' successfully

2021-12-01 12:07:45 - [TEST_CASE][PASSED] - Test Cases/0.1-Login: Test Cases/0.1-Login

2021-12-01 12:07:45 - [TEST_STEP][PASSED] - openBrowser(""): Browser is opened with url: ''

2021-12-01 12:07:45 - [MESSAGE][INFO] - Starting 'Chrome' driver

2021-12-01 12:07:45 - [MESSAGE][INFO] - Action delay is set to 0 milliseconds

2021-12-01 12:07:46 - [MESSAGE][PASSED] - Browser is opened with url: ''

2021-12-01 12:07:46 - [TEST_STEP][PASSED] - maximizeWindow(): Current window maximized

2021-12-01 12:07:46 - [MESSAGE][PASSED] - Current window maximized

2021-12-01 12:07:46 - [TEST_STEP][PASSED] - i = G_Login: null

2021-12-01 12:07:46 - [TEST_STEP][PASSED] - url = new java.net.URL(i): null

2021-12-01 12:07:46 - [TEST_STEP][PASSED] - println("URL: " + url.toString()): null

2021-12-01 12:07:46 - [TEST_STEP][PASSED] - connection = url.openConnection(): null

2021-12-01 12:07:46 - [TEST_STEP][PASSED] - connection.setRequestMethod("GET"): null

2021-12-01 12:07:46 - [TEST_STEP][PASSED] - connection.setReadTimeout(2 * 1000): null

2021-12-01 12:07:46 - [TEST_STEP][PASSED] - try: null

2021-12-01 12:07:46 - [TEST_STEP][PASSED] - connection.connect(): null

2021-12-01 12:07:46 - [TEST_STEP][PASSED] - flag = connected: null

2021-12-01 12:07:46 - [TEST_STEP][PASSED] - println("Valor_ori: " + flag): null

2021-12-01 12:07:46 - [TEST_STEP][PASSED] - if (flag): null

2021-12-01 12:07:46 - [TEST_STEP][PASSED] - navigateToUrl(i): Navigate to 'http://localhost:8380/saraweb/' successfully

2021-12-01 12:07:47 - [MESSAGE][PASSED] - Navigate to 'http://localhost:8380/saraweb/' successfully

2021-12-01 12:07:47 - [TEST_STEP][PASSED] - a(): null

2021-12-01 12:07:47 - [TEST_STEP][PASSED] - setText(findTestObject("Login/input_USUARIO_loginusuario"), G_Usuario): Text 'saraadmin' is set on object 'Object Repository/Login/input_USUARIO_loginusuario'

2021-12-01 12:07:48 - [MESSAGE][PASSED] - Text 'saraadmin' is set on object 'Object Repository/Login/input_USUARIO_loginusuario'

2021-12-01 12:07:48 - [TEST_STEP][PASSED] - setEncryptedText(findTestObject("Login/input_CLAVE_loginpassword"), "MkG4/TYiCFC3cb2driP7+Q=="): Text ****** has been set on object 'Object Repository/Login/input_CLAVE_loginpassword'

2021-12-01 12:07:49 - [MESSAGE][PASSED] - Text ****** has been set on object 'Object Repository/Login/input_CLAVE_loginpassword'

2021-12-01 12:07:49 - [TEST_STEP][PASSED] - waitForElementClickable(findTestObject("Login/a_Ingresar"), G_TimeOut): Object 'Object Repository/Login/a_Ingresar' is clickable

2021-12-01 12:07:49 - [MESSAGE][PASSED] - Object 'Object Repository/Login/a_Ingresar' is clickable

2021-12-01 12:07:49 - [TEST_STEP][PASSED] - click(findTestObject("Login/a_Ingresar")): Object: 'Object Repository/Login/a_Ingresar' is clicked on

2021-12-01 12:07:53 - [MESSAGE][PASSED] - Object: 'Object Repository/Login/a_Ingresar' is clicked on

2021-12-01 12:07:53 - [TEST_STEP][PASSED] - element = findWebElement(findTestObject("Login/a_Ir"), 30): null

2021-12-01 12:07:54 - [TEST_STEP][PASSED] - executeJavaScript("arguments[0].click()", Arrays.asList(element)): Execute JavaScript 'arguments[0].click()' successfully

2021-12-01 12:07:54 - [MESSAGE][PASSED] - Execute JavaScript 'arguments[0].click()' successfully

2021-12-01 12:07:54 - [MESSAGE][PASSED] - Call Test Case 'Test Cases/0.1-Login' successfully

2021-12-01 12:07:54 - [TEST_STEP][PASSED] - setText(findTestObject("Modulo Tarea Administracion Compensacion/Generacion interfaz/input_ADMINISTRADOR DEL SISTEMA"), "Generacion interfaz"): Text 'Generacion interfaz' is set on object 'Object Repository/Modulo Tarea Administracion Compensacion/Generacion interfaz/input_ADMINISTRADOR DEL SISTEMA'

2021-12-01 12:07:55 - [MESSAGE][PASSED] - Text 'Generacion interfaz' is set on object 'Object Repository/Modulo Tarea Administracion Compensacion/Generacion interfaz/input_ADMINISTRADOR DEL SISTEMA'

2021-12-01 12:07:55 - [TEST_STEP][PASSED] - delay(1): Delayed 1 second(s)

2021-12-01 12:07:56 - [MESSAGE][PASSED] - Delayed 1 second(s)

2021-12-01 12:07:56 - [TEST_STEP][PASSED] - sendKeys(findTestObject("Modulo Tarea Administracion Compensacion/Generacion interfaz/input_ADMINISTRADOR DEL SISTEMA"), Keys.chord(ENTER)): Keys 'ENTER + ' sent to object: 'Object Repository/Modulo Tarea Administracion Compensacion/Generacion interfaz/input_ADMINISTRADOR DEL SISTEMA'

2021-12-01 12:07:57 - [MESSAGE][PASSED] - Keys 'ENTER + ' sent to object: 'Object Repository/Modulo Tarea Administracion Compensacion/Generacion interfaz/input_ADMINISTRADOR DEL SISTEMA'

2021-12-01 12:07:57 - [TEST_STEP][PASSED] - waitForElementClickable(findTestObject("Modulo Tarea Administracion Compensacion/Generacion interfaz/span_INTERFAZ NOMINA INTERFAZ"), G_TimeOut): Object 'Object Repository/Modulo Tarea Administracion Compensacion/Generacion interfaz/span_INTERFAZ NOMINA INTERFAZ' is clickable

2021-12-01 12:07:58 - [MESSAGE][PASSED] - Object 'Object Repository/Modulo Tarea Administracion Compensacion/Generacion interfaz/span_INTERFAZ NOMINA INTERFAZ' is clickable

2021-12-01 12:07:58 - [TEST_STEP][PASSED] - click(findTestObject("Modulo Tarea Administracion Compensacion/Generacion interfaz/span_INTERFAZ NOMINA INTERFAZ")): Object: 'Object Repository/Modulo Tarea Administracion Compensacion/Generacion interfaz/span_INTERFAZ NOMINA INTERFAZ' is clicked on

2021-12-01 12:07:58 - [MESSAGE][PASSED] - Object: 'Object Repository/Modulo Tarea Administracion Compensacion/Generacion interfaz/span_INTERFAZ NOMINA INTERFAZ' is clicked on

2021-12-01 12:07:58 - [TEST_STEP][PASSED] - waitForElementClickable(findTestObject("Modulo Tarea Administracion Compensacion/Generacion interfaz/div_-_ui-chkbox-box ui-widget"), G_TimeOut): Object 'Object Repository/Modulo Tarea Administracion Compensacion/Generacion interfaz/div_-_ui-chkbox-box ui-widget' is clickable

2021-12-01 12:07:59 - [MESSAGE][PASSED] - Object 'Object Repository/Modulo Tarea Administracion Compensacion/Generacion interfaz/div_-_ui-chkbox-box ui-widget' is clickable

2021-12-01 12:07:59 - [TEST_STEP][PASSED] - click(findTestObject("Modulo Tarea Administracion Compensacion/Generacion interfaz/div_-_ui-chkbox-box ui-widget")): Object: 'Object Repository/Modulo Tarea Administracion Compensacion/Generacion interfaz/div_-_ui-chkbox-box ui-widget' is clicked on

2021-12-01 12:07:59 - [MESSAGE][PASSED] - Object: 'Object Repository/Modulo Tarea Administracion Compensacion/Generacion interfaz/div_-_ui-chkbox-box ui-widget' is clicked on

2021-12-01 12:07:59 - [TEST_STEP][PASSED] - waitForElementClickable(findTestObject("Modulo Tarea Administracion Compensacion/Generacion interfaz/a_Generar"), G_TimeOut): Object 'Object Repository/Modulo Tarea Administracion Compensacion/Generacion interfaz/a_Generar' is clickable

2021-12-01 12:08:00 - [MESSAGE][PASSED] - Object 'Object Repository/Modulo Tarea Administracion Compensacion/Generacion interfaz/a_Generar' is clickable

2021-12-01 12:08:00 - [TEST_STEP][PASSED] - click(findTestObject("Modulo Tarea Administracion Compensacion/Generacion interfaz/a_Generar")): Object: 'Object Repository/Modulo Tarea Administracion Compensacion/Generacion interfaz/a_Generar' is clicked on

2021-12-01 12:08:00 - [MESSAGE][PASSED] - Object: 'Object Repository/Modulo Tarea Administracion Compensacion/Generacion interfaz/a_Generar' is clicked on

2021-12-01 12:08:00 - [TEST_STEP][PASSED] - setText(findTestObject("Modulo Tarea Administracion Compensacion/Generacion interfaz/input_Fecha Inicial _popupGeneracion"), "01/01/2021"): Text '01/01/2021' is set on object 'Object Repository/Modulo Tarea Administracion Compensacion/Generacion interfaz/input_Fecha Inicial _popupGeneracion'

2021-12-01 12:08:01 - [MESSAGE][PASSED] - Text '01/01/2021' is set on object 'Object Repository/Modulo Tarea Administracion Compensacion/Generacion interfaz/input_Fecha Inicial _popupGeneracion'

2021-12-01 12:08:01 - [TEST_STEP][PASSED] - waitForElementClickable(findTestObject("Modulo Tarea Administracion Compensacion/Generacion interfaz/td_Rango Fechas"), G_TimeOut): Object 'Object Repository/Modulo Tarea Administracion Compensacion/Generacion interfaz/td_Rango Fechas' is clickable

2021-12-01 12:08:02 - [MESSAGE][PASSED] - Object 'Object Repository/Modulo Tarea Administracion Compensacion/Generacion interfaz/td_Rango Fechas' is clickable

2021-12-01 12:08:02 - [TEST_STEP][PASSED] - click(findTestObject("Modulo Tarea Administracion Compensacion/Generacion interfaz/td_Rango Fechas")): Object: 'Object Repository/Modulo Tarea Administracion Compensacion/Generacion interfaz/td_Rango Fechas' is clicked on

2021-12-01 12:08:02 - [MESSAGE][PASSED] - Object: 'Object Repository/Modulo Tarea Administracion Compensacion/Generacion interfaz/td_Rango Fechas' is clicked on

2021-12-01 12:08:02 - [TEST_STEP][PASSED] - setText(findTestObject("Modulo Tarea Administracion Compensacion/Generacion interfaz/input_Fecha Final_popupGeneracion"), "30/01/2021"): Text '30/01/2021' is set on object 'Object Repository/Modulo Tarea Administracion Compensacion/Generacion interfaz/input_Fecha Final_popupGeneracion'

2021-12-01 12:08:03 - [MESSAGE][PASSED] - Text '30/01/2021' is set on object 'Object Repository/Modulo Tarea Administracion Compensacion/Generacion interfaz/input_Fecha Final_popupGeneracion'

2021-12-01 12:08:03 - [TEST_STEP][PASSED] - waitForElementClickable(findTestObject("Modulo Tarea Administracion Compensacion/Generacion interfaz/td_Rango Fechas"), G_TimeOut): Object 'Object Repository/Modulo Tarea Administracion Compensacion/Generacion interfaz/td_Rango Fechas' is clickable

2021-12-01 12:08:03 - [MESSAGE][PASSED] - Object 'Object Repository/Modulo Tarea Administracion Compensacion/Generacion interfaz/td_Rango Fechas' is clickable

2021-12-01 12:08:03 - [TEST_STEP][PASSED] - click(findTestObject("Modulo Tarea Administracion Compensacion/Generacion interfaz/td_Rango Fechas")): Object: 'Object Repository/Modulo Tarea Administracion Compensacion/Generacion interfaz/td_Rango Fechas' is clicked on

2021-12-01 12:08:04 - [MESSAGE][PASSED] - Object: 'Object Repository/Modulo Tarea Administracion Compensacion/Generacion interfaz/td_Rango Fechas' is clicked on

2021-12-01 12:08:04 - [TEST_STEP][PASSED] - setText(findTestObject("Modulo Tarea Administracion Compensacion/Generacion interfaz/input_Fecha Proceso_popupGeneracion"), "01/01/2021"): Text '01/01/2021' is set on object 'Object Repository/Modulo Tarea Administracion Compensacion/Generacion interfaz/input_Fecha Proceso_popupGeneracion'

2021-12-01 12:08:05 - [MESSAGE][PASSED] - Text '01/01/2021' is set on object 'Object Repository/Modulo Tarea Administracion Compensacion/Generacion interfaz/input_Fecha Proceso_popupGeneracion'

2021-12-01 12:08:05 - [TEST_STEP][PASSED] - waitForElementClickable(findTestObject("Modulo Tarea Administracion Compensacion/Generacion interfaz/span_Generar (1)"), G_TimeOut): Object 'Object Repository/Modulo Tarea Administracion Compensacion/Generacion interfaz/span_Generar (1)' is clickable

2021-12-01 12:08:05 - [MESSAGE][PASSED] - Object 'Object Repository/Modulo Tarea Administracion Compensacion/Generacion interfaz/span_Generar (1)' is clickable

2021-12-01 12:08:05 - [TEST_STEP][PASSED] - click(findTestObject("Modulo Tarea Administracion Compensacion/Generacion interfaz/span_Generar (1)")): Object: 'Object Repository/Modulo Tarea Administracion Compensacion/Generacion interfaz/span_Generar (1)' is clicked on

2021-12-01 12:08:05 - [MESSAGE][PASSED] - Object: 'Object Repository/Modulo Tarea Administracion Compensacion/Generacion interfaz/span_Generar (1)' is clicked on

2021-12-01 12:08:05 - [TEST_STEP][PASSED] - click(findTestObject("Modulo Tarea Administracion Compensacion/Generacion interfaz/a_Si")): Object: 'Object Repository/Modulo Tarea Administracion Compensacion/Generacion interfaz/a_Si' is clicked on

2021-12-01 12:08:06 - [MESSAGE][PASSED] - Object: 'Object Repository/Modulo Tarea Administracion Compensacion/Generacion interfaz/a_Si' is clicked on

2021-12-01 12:08:06 - [TEST_STEP][PASSED] - delay(7): Delayed 7 second(s)

2021-12-01 12:08:13 - [MESSAGE][PASSED] - Delayed 7 second(s)

2021-12-01 12:08:13 - [TEST_STEP][PASSED] - if (findTestObject("Modulo Tarea Administracion Compensacion/Generacion interfaz/a_Continuar") == true && click(findTestObject("Modulo Tarea Administracion Compensacion/Generacion interfaz/span_Interfaz")) == false): null

2021-12-01 12:08:14 - [TEST_STEP][PASSED] - else: Browser is closed

2021-12-01 12:08:14 - [TEST_STEP][PASSED] - closeBrowser(): Browser is closed

2021-12-01 12:08:14 - [MESSAGE][PASSED] - Browser is closed

2021-12-01 12:08:14 - [TEST_STEP][PASSED] - closeBrowser(): Browser is closed

2021-12-01 12:08:14 - [MESSAGE][PASSED] - Browser is closed]]></system-out>
         <system-err><![CDATA[]]></system-err>
      </testcase>
      <testcase name="Test Cases/1.1-Tareas Principales/1.4.4-Crear Puesto de Trabajo" time="85.219" classname="Test Cases/1.1-Tareas Principales/1.4.4-Crear Puesto de Trabajo" status="PASSED">
         <system-out><![CDATA[2021-12-01 12:08:14 - [TEST_CASE][PASSED] - Test Cases/1.1-Tareas Principales/1.4.4-Crear Puesto de Trabajo: Test Cases/1.1-Tareas Principales/1.4.4-Crear Puesto de Trabajo

2021-12-01 12:08:15 - [TEST_STEP][PASSED] - callTestCase(findTestCase("Hutilidades/Tareas Administracion Compensacion/Tarea Planta Personal"), [:], STOP_ON_FAILURE): Call Test Case 'Test Cases/Hutilidades/Tareas Administracion Compensacion/Tarea Planta Personal' successfully

2021-12-01 12:08:15 - [TEST_CASE][PASSED] - Test Cases/Hutilidades/Tareas Administracion Compensacion/Tarea Planta Personal: Test Cases/Hutilidades/Tareas Administracion Compensacion/Tarea Planta Personal

2021-12-01 12:08:15 - [TEST_STEP][PASSED] - callTestCase(findTestCase("0.1-Login"), [:], STOP_ON_FAILURE): Call Test Case 'Test Cases/0.1-Login' successfully

2021-12-01 12:08:15 - [TEST_CASE][PASSED] - Test Cases/0.1-Login: Test Cases/0.1-Login

2021-12-01 12:08:15 - [TEST_STEP][PASSED] - openBrowser(""): Browser is opened with url: ''

2021-12-01 12:08:15 - [MESSAGE][INFO] - Starting 'Chrome' driver

2021-12-01 12:08:15 - [MESSAGE][INFO] - Action delay is set to 0 milliseconds

2021-12-01 12:08:17 - [MESSAGE][PASSED] - Browser is opened with url: ''

2021-12-01 12:08:17 - [TEST_STEP][PASSED] - maximizeWindow(): Current window maximized

2021-12-01 12:08:17 - [MESSAGE][PASSED] - Current window maximized

2021-12-01 12:08:17 - [TEST_STEP][PASSED] - i = G_Login: null

2021-12-01 12:08:17 - [TEST_STEP][PASSED] - url = new java.net.URL(i): null

2021-12-01 12:08:17 - [TEST_STEP][PASSED] - println("URL: " + url.toString()): null

2021-12-01 12:08:17 - [TEST_STEP][PASSED] - connection = url.openConnection(): null

2021-12-01 12:08:17 - [TEST_STEP][PASSED] - connection.setRequestMethod("GET"): null

2021-12-01 12:08:17 - [TEST_STEP][PASSED] - connection.setReadTimeout(2 * 1000): null

2021-12-01 12:08:17 - [TEST_STEP][PASSED] - try: null

2021-12-01 12:08:17 - [TEST_STEP][PASSED] - connection.connect(): null

2021-12-01 12:08:17 - [TEST_STEP][PASSED] - flag = connected: null

2021-12-01 12:08:17 - [TEST_STEP][PASSED] - println("Valor_ori: " + flag): null

2021-12-01 12:08:17 - [TEST_STEP][PASSED] - if (flag): null

2021-12-01 12:08:17 - [TEST_STEP][PASSED] - navigateToUrl(i): Navigate to 'http://localhost:8380/saraweb/' successfully

2021-12-01 12:08:18 - [MESSAGE][PASSED] - Navigate to 'http://localhost:8380/saraweb/' successfully

2021-12-01 12:08:18 - [TEST_STEP][PASSED] - a(): null

2021-12-01 12:08:18 - [TEST_STEP][PASSED] - setText(findTestObject("Login/input_USUARIO_loginusuario"), G_Usuario): Text 'saraadmin' is set on object 'Object Repository/Login/input_USUARIO_loginusuario'

2021-12-01 12:08:19 - [MESSAGE][PASSED] - Text 'saraadmin' is set on object 'Object Repository/Login/input_USUARIO_loginusuario'

2021-12-01 12:08:19 - [TEST_STEP][PASSED] - setEncryptedText(findTestObject("Login/input_CLAVE_loginpassword"), "MkG4/TYiCFC3cb2driP7+Q=="): Text ****** has been set on object 'Object Repository/Login/input_CLAVE_loginpassword'

2021-12-01 12:08:19 - [MESSAGE][PASSED] - Text ****** has been set on object 'Object Repository/Login/input_CLAVE_loginpassword'

2021-12-01 12:08:19 - [TEST_STEP][PASSED] - waitForElementClickable(findTestObject("Login/a_Ingresar"), G_TimeOut): Object 'Object Repository/Login/a_Ingresar' is clickable

2021-12-01 12:08:19 - [MESSAGE][PASSED] - Object 'Object Repository/Login/a_Ingresar' is clickable

2021-12-01 12:08:19 - [TEST_STEP][PASSED] - click(findTestObject("Login/a_Ingresar")): Object: 'Object Repository/Login/a_Ingresar' is clicked on

2021-12-01 12:08:22 - [MESSAGE][PASSED] - Object: 'Object Repository/Login/a_Ingresar' is clicked on

2021-12-01 12:08:22 - [TEST_STEP][PASSED] - element = findWebElement(findTestObject("Login/a_Ir"), 30): null

2021-12-01 12:08:22 - [TEST_STEP][PASSED] - executeJavaScript("arguments[0].click()", Arrays.asList(element)): Execute JavaScript 'arguments[0].click()' successfully

2021-12-01 12:08:22 - [MESSAGE][PASSED] - Execute JavaScript 'arguments[0].click()' successfully

2021-12-01 12:08:22 - [MESSAGE][PASSED] - Call Test Case 'Test Cases/0.1-Login' successfully

2021-12-01 12:08:22 - [TEST_STEP][PASSED] - delay(2): Delayed 2 second(s)

2021-12-01 12:08:24 - [MESSAGE][PASSED] - Delayed 2 second(s)

2021-12-01 12:08:24 - [TEST_STEP][PASSED] - setText(findTestObject("Modulo Tarea Administracion Compensacion/Tarea Planta Personal/input_Ir_nav_t66_input"), "Planta Personal"): Text 'Planta Personal' is set on object 'Object Repository/Modulo Tarea Administracion Compensacion/Tarea Planta Personal/input_Ir_nav_t66_input'

2021-12-01 12:08:25 - [MESSAGE][PASSED] - Text 'Planta Personal' is set on object 'Object Repository/Modulo Tarea Administracion Compensacion/Tarea Planta Personal/input_Ir_nav_t66_input'

2021-12-01 12:08:25 - [TEST_STEP][PASSED] - delay(2): Delayed 2 second(s)

2021-12-01 12:08:27 - [MESSAGE][PASSED] - Delayed 2 second(s)

2021-12-01 12:08:27 - [TEST_STEP][PASSED] - sendKeys(findTestObject("Modulo Tarea Administracion Compensacion/Tarea Planta Personal/input_Ir_nav_t66_input"), Keys.chord(ENTER)): Keys 'ENTER + ' sent to object: 'Object Repository/Modulo Tarea Administracion Compensacion/Tarea Planta Personal/input_Ir_nav_t66_input'

2021-12-01 12:08:27 - [MESSAGE][PASSED] - Keys 'ENTER + ' sent to object: 'Object Repository/Modulo Tarea Administracion Compensacion/Tarea Planta Personal/input_Ir_nav_t66_input'

2021-12-01 12:08:27 - [MESSAGE][PASSED] - Call Test Case 'Test Cases/Hutilidades/Tareas Administracion Compensacion/Tarea Planta Personal' successfully

2021-12-01 12:08:27 - [TEST_STEP][PASSED] - waitForElementClickable(findTestObject("Modulo Tarea Administracion Compensacion/Creacion Puesto de Trabajo/a_Administracion"), G_TimeOut): Object 'Object Repository/Modulo Tarea Administracion Compensacion/Creacion Puesto de Trabajo/a_Administracion' is clickable

2021-12-01 12:08:31 - [MESSAGE][PASSED] - Object 'Object Repository/Modulo Tarea Administracion Compensacion/Creacion Puesto de Trabajo/a_Administracion' is clickable

2021-12-01 12:08:31 - [TEST_STEP][PASSED] - click(findTestObject("Modulo Tarea Administracion Compensacion/Creacion Puesto de Trabajo/a_Administracion")): Object: 'Object Repository/Modulo Tarea Administracion Compensacion/Creacion Puesto de Trabajo/a_Administracion' is clicked on

2021-12-01 12:08:31 - [MESSAGE][PASSED] - Object: 'Object Repository/Modulo Tarea Administracion Compensacion/Creacion Puesto de Trabajo/a_Administracion' is clicked on

2021-12-01 12:08:31 - [TEST_STEP][PASSED] - waitForElementClickable(findTestObject("Modulo Tarea Administracion Compensacion/Creacion Puesto de Trabajo/a_POSICION_organigramanuevoPue"), G_TimeOut): Object 'Object Repository/Modulo Tarea Administracion Compensacion/Creacion Puesto de Trabajo/a_POSICION_organigramanuevoPue' is clickable

2021-12-01 12:08:33 - [MESSAGE][PASSED] - Object 'Object Repository/Modulo Tarea Administracion Compensacion/Creacion Puesto de Trabajo/a_POSICION_organigramanuevoPue' is clickable

2021-12-01 12:08:33 - [TEST_STEP][PASSED] - click(findTestObject("Modulo Tarea Administracion Compensacion/Creacion Puesto de Trabajo/a_POSICION_organigramanuevoPue")): Object: 'Object Repository/Modulo Tarea Administracion Compensacion/Creacion Puesto de Trabajo/a_POSICION_organigramanuevoPue' is clicked on

2021-12-01 12:08:33 - [MESSAGE][PASSED] - Object: 'Object Repository/Modulo Tarea Administracion Compensacion/Creacion Puesto de Trabajo/a_POSICION_organigramanuevoPue' is clicked on

2021-12-01 12:08:33 - [TEST_STEP][PASSED] - waitForElementClickable(findTestObject("Modulo Tarea Administracion Compensacion/Creacion Puesto de Trabajo/a_Cargo _datosPuestoTrabajo_fo"), G_TimeOut): Object 'Object Repository/Modulo Tarea Administracion Compensacion/Creacion Puesto de Trabajo/a_Cargo _datosPuestoTrabajo_fo' is clickable

2021-12-01 12:08:35 - [MESSAGE][PASSED] - Object 'Object Repository/Modulo Tarea Administracion Compensacion/Creacion Puesto de Trabajo/a_Cargo _datosPuestoTrabajo_fo' is clickable

2021-12-01 12:08:35 - [TEST_STEP][PASSED] - click(findTestObject("Modulo Tarea Administracion Compensacion/Creacion Puesto de Trabajo/a_Cargo _datosPuestoTrabajo_fo")): Object: 'Object Repository/Modulo Tarea Administracion Compensacion/Creacion Puesto de Trabajo/a_Cargo _datosPuestoTrabajo_fo' is clicked on

2021-12-01 12:08:36 - [MESSAGE][PASSED] - Object: 'Object Repository/Modulo Tarea Administracion Compensacion/Creacion Puesto de Trabajo/a_Cargo _datosPuestoTrabajo_fo' is clicked on

2021-12-01 12:08:36 - [TEST_STEP][PASSED] - setText(findTestObject("Modulo Tarea Administracion Compensacion/Creacion Puesto de Trabajo/input_Cargo_popupreclasificacion_formj_idt1445"), "20139"): Text '20139' is set on object 'Object Repository/Modulo Tarea Administracion Compensacion/Creacion Puesto de Trabajo/input_Cargo_popupreclasificacion_formj_idt1445'

2021-12-01 12:08:37 - [MESSAGE][PASSED] - Text '20139' is set on object 'Object Repository/Modulo Tarea Administracion Compensacion/Creacion Puesto de Trabajo/input_Cargo_popupreclasificacion_formj_idt1445'

2021-12-01 12:08:37 - [TEST_STEP][PASSED] - sendKeys(findTestObject("Modulo Tarea Administracion Compensacion/Creacion Puesto de Trabajo/input_Cargo_popupreclasificacion_formj_idt1445"), Keys.chord(ENTER)): Keys 'ENTER + ' sent to object: 'Object Repository/Modulo Tarea Administracion Compensacion/Creacion Puesto de Trabajo/input_Cargo_popupreclasificacion_formj_idt1445'

2021-12-01 12:08:38 - [MESSAGE][PASSED] - Keys 'ENTER + ' sent to object: 'Object Repository/Modulo Tarea Administracion Compensacion/Creacion Puesto de Trabajo/input_Cargo_popupreclasificacion_formj_idt1445'

2021-12-01 12:08:38 - [TEST_STEP][PASSED] - click(findTestObject("Modulo Tarea Administracion Compensacion/Creacion Puesto de Trabajo/span_ABOGADO")): Object: 'Object Repository/Modulo Tarea Administracion Compensacion/Creacion Puesto de Trabajo/span_ABOGADO' is clicked on

2021-12-01 12:08:38 - [MESSAGE][PASSED] - Object: 'Object Repository/Modulo Tarea Administracion Compensacion/Creacion Puesto de Trabajo/span_ABOGADO' is clicked on

2021-12-01 12:08:38 - [TEST_STEP][PASSED] - waitForElementClickable(findTestObject("Modulo Tarea Administracion Compensacion/Creacion Puesto de Trabajo/select_-- Seleccione --PLANTA"), G_TimeOut): Object 'Object Repository/Modulo Tarea Administracion Compensacion/Creacion Puesto de Trabajo/select_-- Seleccione --PLANTA' is clickable

2021-12-01 12:08:39 - [MESSAGE][PASSED] - Object 'Object Repository/Modulo Tarea Administracion Compensacion/Creacion Puesto de Trabajo/select_-- Seleccione --PLANTA' is clickable

2021-12-01 12:08:39 - [TEST_STEP][PASSED] - click(findTestObject("Modulo Tarea Administracion Compensacion/Creacion Puesto de Trabajo/select_-- Seleccione --PLANTA")): Object: 'Object Repository/Modulo Tarea Administracion Compensacion/Creacion Puesto de Trabajo/select_-- Seleccione --PLANTA' is clicked on

2021-12-01 12:08:39 - [MESSAGE][PASSED] - Object: 'Object Repository/Modulo Tarea Administracion Compensacion/Creacion Puesto de Trabajo/select_-- Seleccione --PLANTA' is clicked on

2021-12-01 12:08:39 - [TEST_STEP][PASSED] - selectOptionByIndex(findTestObject("Modulo Tarea Administracion Compensacion/Creacion Puesto de Trabajo/select_-- Seleccione --PLANTA"), "1"): All options with index in [1] are selected on object 'Object Repository/Modulo Tarea Administracion Compensacion/Creacion Puesto de Trabajo/select_-- Seleccione --PLANTA'

2021-12-01 12:08:40 - [MESSAGE][PASSED] - All options with index in [1] are selected on object 'Object Repository/Modulo Tarea Administracion Compensacion/Creacion Puesto de Trabajo/select_-- Seleccione --PLANTA'

2021-12-01 12:08:40 - [TEST_STEP][PASSED] - waitForElementClickable(findTestObject("Modulo Tarea Administracion Compensacion/Creacion Puesto de Trabajo/select_-- Seleccione --AMPLEAD"), G_TimeOut): Object 'Object Repository/Modulo Tarea Administracion Compensacion/Creacion Puesto de Trabajo/select_-- Seleccione --AMPLEAD' is clickable

2021-12-01 12:08:41 - [MESSAGE][PASSED] - Object 'Object Repository/Modulo Tarea Administracion Compensacion/Creacion Puesto de Trabajo/select_-- Seleccione --AMPLEAD' is clickable

2021-12-01 12:08:41 - [TEST_STEP][PASSED] - click(findTestObject("Modulo Tarea Administracion Compensacion/Creacion Puesto de Trabajo/select_-- Seleccione --AMPLEAD")): Object: 'Object Repository/Modulo Tarea Administracion Compensacion/Creacion Puesto de Trabajo/select_-- Seleccione --AMPLEAD' is clicked on

2021-12-01 12:08:41 - [MESSAGE][PASSED] - Object: 'Object Repository/Modulo Tarea Administracion Compensacion/Creacion Puesto de Trabajo/select_-- Seleccione --AMPLEAD' is clicked on

2021-12-01 12:08:41 - [TEST_STEP][PASSED] - selectOptionByIndex(findTestObject("Modulo Tarea Administracion Compensacion/Creacion Puesto de Trabajo/select_-- Seleccione --AMPLEAD"), "2"): All options with index in [2] are selected on object 'Object Repository/Modulo Tarea Administracion Compensacion/Creacion Puesto de Trabajo/select_-- Seleccione --AMPLEAD'

2021-12-01 12:08:42 - [MESSAGE][PASSED] - All options with index in [2] are selected on object 'Object Repository/Modulo Tarea Administracion Compensacion/Creacion Puesto de Trabajo/select_-- Seleccione --AMPLEAD'

2021-12-01 12:08:42 - [TEST_STEP][PASSED] - waitForElementClickable(findTestObject("Modulo Tarea Administracion Compensacion/Creacion Puesto de Trabajo/select_-- Seleccione --Bloquea"), G_TimeOut): Object 'Object Repository/Modulo Tarea Administracion Compensacion/Creacion Puesto de Trabajo/select_-- Seleccione --Bloquea' is clickable

2021-12-01 12:08:42 - [MESSAGE][PASSED] - Object 'Object Repository/Modulo Tarea Administracion Compensacion/Creacion Puesto de Trabajo/select_-- Seleccione --Bloquea' is clickable

2021-12-01 12:08:42 - [TEST_STEP][PASSED] - click(findTestObject("Modulo Tarea Administracion Compensacion/Creacion Puesto de Trabajo/select_-- Seleccione --Bloquea")): Object: 'Object Repository/Modulo Tarea Administracion Compensacion/Creacion Puesto de Trabajo/select_-- Seleccione --Bloquea' is clicked on

2021-12-01 12:08:43 - [MESSAGE][PASSED] - Object: 'Object Repository/Modulo Tarea Administracion Compensacion/Creacion Puesto de Trabajo/select_-- Seleccione --Bloquea' is clicked on

2021-12-01 12:08:43 - [TEST_STEP][PASSED] - selectOptionByIndex(findTestObject("Modulo Tarea Administracion Compensacion/Creacion Puesto de Trabajo/select_-- Seleccione --Bloquea"), "3"): All options with index in [3] are selected on object 'Object Repository/Modulo Tarea Administracion Compensacion/Creacion Puesto de Trabajo/select_-- Seleccione --Bloquea'

2021-12-01 12:08:44 - [MESSAGE][PASSED] - All options with index in [3] are selected on object 'Object Repository/Modulo Tarea Administracion Compensacion/Creacion Puesto de Trabajo/select_-- Seleccione --Bloquea'

2021-12-01 12:08:44 - [TEST_STEP][PASSED] - setText(findTestObject("Modulo Tarea Administracion Compensacion/Creacion Puesto de Trabajo/input_Creacin_datosPuestoTraba"), "01/07/2021"): Text '01/07/2021' is set on object 'Object Repository/Modulo Tarea Administracion Compensacion/Creacion Puesto de Trabajo/input_Creacin_datosPuestoTraba'

2021-12-01 12:08:45 - [MESSAGE][PASSED] - Text '01/07/2021' is set on object 'Object Repository/Modulo Tarea Administracion Compensacion/Creacion Puesto de Trabajo/input_Creacin_datosPuestoTraba'

2021-12-01 12:08:45 - [TEST_STEP][PASSED] - setText(findTestObject("Modulo Tarea Administracion Compensacion/Creacion Puesto de Trabajo/input_Fecha Disponible_datosPu"), "31/07/2021"): Text '31/07/2021' is set on object 'Object Repository/Modulo Tarea Administracion Compensacion/Creacion Puesto de Trabajo/input_Fecha Disponible_datosPu'

2021-12-01 12:08:46 - [MESSAGE][PASSED] - Text '31/07/2021' is set on object 'Object Repository/Modulo Tarea Administracion Compensacion/Creacion Puesto de Trabajo/input_Fecha Disponible_datosPu'

2021-12-01 12:08:46 - [TEST_STEP][PASSED] - setText(findTestObject("Modulo Tarea Administracion Compensacion/Creacion Puesto de Trabajo/input_Observacin_datosPuestoTr"), "Prueba"): Text 'Prueba' is set on object 'Object Repository/Modulo Tarea Administracion Compensacion/Creacion Puesto de Trabajo/input_Observacin_datosPuestoTr'

2021-12-01 12:08:47 - [MESSAGE][PASSED] - Text 'Prueba' is set on object 'Object Repository/Modulo Tarea Administracion Compensacion/Creacion Puesto de Trabajo/input_Observacin_datosPuestoTr'

2021-12-01 12:08:47 - [TEST_STEP][PASSED] - waitForElementClickable(findTestObject("Modulo Tarea Administracion Compensacion/Creacion Puesto de Trabajo/select_-- Seleccione --No Rese"), G_TimeOut): Object 'Object Repository/Modulo Tarea Administracion Compensacion/Creacion Puesto de Trabajo/select_-- Seleccione --No Rese' is clickable

2021-12-01 12:08:47 - [MESSAGE][PASSED] - Object 'Object Repository/Modulo Tarea Administracion Compensacion/Creacion Puesto de Trabajo/select_-- Seleccione --No Rese' is clickable

2021-12-01 12:08:47 - [TEST_STEP][PASSED] - click(findTestObject("Modulo Tarea Administracion Compensacion/Creacion Puesto de Trabajo/select_-- Seleccione --No Rese")): Object: 'Object Repository/Modulo Tarea Administracion Compensacion/Creacion Puesto de Trabajo/select_-- Seleccione --No Rese' is clicked on

2021-12-01 12:08:48 - [MESSAGE][PASSED] - Object: 'Object Repository/Modulo Tarea Administracion Compensacion/Creacion Puesto de Trabajo/select_-- Seleccione --No Rese' is clicked on

2021-12-01 12:08:48 - [TEST_STEP][PASSED] - selectOptionByIndex(findTestObject("Modulo Tarea Administracion Compensacion/Creacion Puesto de Trabajo/select_-- Seleccione --No Rese"), "1"): All options with index in [1] are selected on object 'Object Repository/Modulo Tarea Administracion Compensacion/Creacion Puesto de Trabajo/select_-- Seleccione --No Rese'

2021-12-01 12:08:49 - [MESSAGE][PASSED] - All options with index in [1] are selected on object 'Object Repository/Modulo Tarea Administracion Compensacion/Creacion Puesto de Trabajo/select_-- Seleccione --No Rese'

2021-12-01 12:08:49 - [TEST_STEP][PASSED] - waitForElementClickable(findTestObject("Modulo Tarea Administracion Compensacion/Creacion Puesto de Trabajo/select_-- Seleccione --Asignac"), G_TimeOut): Object 'Object Repository/Modulo Tarea Administracion Compensacion/Creacion Puesto de Trabajo/select_-- Seleccione --Asignac' is clickable

2021-12-01 12:08:49 - [MESSAGE][PASSED] - Object 'Object Repository/Modulo Tarea Administracion Compensacion/Creacion Puesto de Trabajo/select_-- Seleccione --Asignac' is clickable

2021-12-01 12:08:49 - [TEST_STEP][PASSED] - click(findTestObject("Modulo Tarea Administracion Compensacion/Creacion Puesto de Trabajo/select_-- Seleccione --Asignac")): Object: 'Object Repository/Modulo Tarea Administracion Compensacion/Creacion Puesto de Trabajo/select_-- Seleccione --Asignac' is clicked on

2021-12-01 12:08:49 - [MESSAGE][PASSED] - Object: 'Object Repository/Modulo Tarea Administracion Compensacion/Creacion Puesto de Trabajo/select_-- Seleccione --Asignac' is clicked on

2021-12-01 12:08:49 - [TEST_STEP][PASSED] - selectOptionByIndex(findTestObject("Modulo Tarea Administracion Compensacion/Creacion Puesto de Trabajo/select_-- Seleccione --Asignac"), "4"): All options with index in [4] are selected on object 'Object Repository/Modulo Tarea Administracion Compensacion/Creacion Puesto de Trabajo/select_-- Seleccione --Asignac'

2021-12-01 12:08:50 - [MESSAGE][PASSED] - All options with index in [4] are selected on object 'Object Repository/Modulo Tarea Administracion Compensacion/Creacion Puesto de Trabajo/select_-- Seleccione --Asignac'

2021-12-01 12:08:50 - [TEST_STEP][PASSED] - waitForElementClickable(findTestObject("Modulo Tarea Administracion Compensacion/Creacion Puesto de Trabajo/label_Es responsable de la Unidad"), G_TimeOut): Object 'Object Repository/Modulo Tarea Administracion Compensacion/Creacion Puesto de Trabajo/label_Es responsable de la Unidad' is clickable

2021-12-01 12:08:51 - [MESSAGE][PASSED] - Object 'Object Repository/Modulo Tarea Administracion Compensacion/Creacion Puesto de Trabajo/label_Es responsable de la Unidad' is clickable

2021-12-01 12:08:51 - [TEST_STEP][PASSED] - click(findTestObject("Modulo Tarea Administracion Compensacion/Creacion Puesto de Trabajo/label_Es responsable de la Unidad")): Object: 'Object Repository/Modulo Tarea Administracion Compensacion/Creacion Puesto de Trabajo/label_Es responsable de la Unidad' is clicked on

2021-12-01 12:08:51 - [MESSAGE][PASSED] - Object: 'Object Repository/Modulo Tarea Administracion Compensacion/Creacion Puesto de Trabajo/label_Es responsable de la Unidad' is clicked on

2021-12-01 12:08:51 - [TEST_STEP][PASSED] - waitForElementClickable(findTestObject("Modulo Tarea Administracion Compensacion/Creacion Puesto de Trabajo/a_Lder_datosPuestoTrabajo_form"), G_TimeOut): Object 'Object Repository/Modulo Tarea Administracion Compensacion/Creacion Puesto de Trabajo/a_Lder_datosPuestoTrabajo_form' is clickable

2021-12-01 12:08:52 - [MESSAGE][PASSED] - Object 'Object Repository/Modulo Tarea Administracion Compensacion/Creacion Puesto de Trabajo/a_Lder_datosPuestoTrabajo_form' is clickable

2021-12-01 12:08:52 - [TEST_STEP][PASSED] - click(findTestObject("Modulo Tarea Administracion Compensacion/Creacion Puesto de Trabajo/a_Lder_datosPuestoTrabajo_form")): Object: 'Object Repository/Modulo Tarea Administracion Compensacion/Creacion Puesto de Trabajo/a_Lder_datosPuestoTrabajo_form' is clicked on

2021-12-01 12:08:52 - [MESSAGE][PASSED] - Object: 'Object Repository/Modulo Tarea Administracion Compensacion/Creacion Puesto de Trabajo/a_Lder_datosPuestoTrabajo_form' is clicked on

2021-12-01 12:08:52 - [TEST_STEP][PASSED] - waitForElementClickable(findTestObject("Modulo Tarea Administracion Compensacion/Creacion Puesto de Trabajo/label_Dentro de la Unidad"), G_TimeOut): Object 'Object Repository/Modulo Tarea Administracion Compensacion/Creacion Puesto de Trabajo/label_Dentro de la Unidad' is clickable

2021-12-01 12:08:54 - [MESSAGE][PASSED] - Object 'Object Repository/Modulo Tarea Administracion Compensacion/Creacion Puesto de Trabajo/label_Dentro de la Unidad' is clickable

2021-12-01 12:08:54 - [TEST_STEP][PASSED] - click(findTestObject("Modulo Tarea Administracion Compensacion/Creacion Puesto de Trabajo/label_Dentro de la Unidad")): Object: 'Object Repository/Modulo Tarea Administracion Compensacion/Creacion Puesto de Trabajo/label_Dentro de la Unidad' is clicked on

2021-12-01 12:08:54 - [MESSAGE][PASSED] - Object: 'Object Repository/Modulo Tarea Administracion Compensacion/Creacion Puesto de Trabajo/label_Dentro de la Unidad' is clicked on

2021-12-01 12:08:54 - [TEST_STEP][PASSED] - waitForElementClickable(findTestObject("Modulo Tarea Administracion Compensacion/Creacion Puesto de Trabajo/a_Continuar"), G_TimeOut): Object 'Object Repository/Modulo Tarea Administracion Compensacion/Creacion Puesto de Trabajo/a_Continuar' is clickable

2021-12-01 12:08:55 - [MESSAGE][PASSED] - Object 'Object Repository/Modulo Tarea Administracion Compensacion/Creacion Puesto de Trabajo/a_Continuar' is clickable

2021-12-01 12:08:55 - [TEST_STEP][PASSED] - click(findTestObject("Modulo Tarea Administracion Compensacion/Creacion Puesto de Trabajo/a_Continuar")): Object: 'Object Repository/Modulo Tarea Administracion Compensacion/Creacion Puesto de Trabajo/a_Continuar' is clicked on

2021-12-01 12:08:55 - [MESSAGE][PASSED] - Object: 'Object Repository/Modulo Tarea Administracion Compensacion/Creacion Puesto de Trabajo/a_Continuar' is clicked on

2021-12-01 12:08:55 - [TEST_STEP][PASSED] - waitForElementClickable(findTestObject("Modulo Tarea Administracion Compensacion/Creacion Puesto de Trabajo/span_Galeano . Maria"), G_TimeOut): Object 'Object Repository/Modulo Tarea Administracion Compensacion/Creacion Puesto de Trabajo/span_Galeano . Maria' is clickable

2021-12-01 12:08:56 - [MESSAGE][PASSED] - Object 'Object Repository/Modulo Tarea Administracion Compensacion/Creacion Puesto de Trabajo/span_Galeano . Maria' is clickable

2021-12-01 12:08:56 - [TEST_STEP][PASSED] - click(findTestObject("Modulo Tarea Administracion Compensacion/Creacion Puesto de Trabajo/span_Galeano . Maria")): Object: 'Object Repository/Modulo Tarea Administracion Compensacion/Creacion Puesto de Trabajo/span_Galeano . Maria' is clicked on

2021-12-01 12:08:56 - [MESSAGE][PASSED] - Object: 'Object Repository/Modulo Tarea Administracion Compensacion/Creacion Puesto de Trabajo/span_Galeano . Maria' is clicked on

2021-12-01 12:08:56 - [TEST_STEP][PASSED] - waitForElementClickable(findTestObject("Modulo Tarea Administracion Compensacion/Creacion Puesto de Trabajo/a_Aplicar"), G_TimeOut): Object 'Object Repository/Modulo Tarea Administracion Compensacion/Creacion Puesto de Trabajo/a_Aplicar' is clickable

2021-12-01 12:08:57 - [MESSAGE][PASSED] - Object 'Object Repository/Modulo Tarea Administracion Compensacion/Creacion Puesto de Trabajo/a_Aplicar' is clickable

2021-12-01 12:08:57 - [TEST_STEP][PASSED] - click(findTestObject("Modulo Tarea Administracion Compensacion/Creacion Puesto de Trabajo/a_Aplicar")): Object: 'Object Repository/Modulo Tarea Administracion Compensacion/Creacion Puesto de Trabajo/a_Aplicar' is clicked on

2021-12-01 12:08:57 - [MESSAGE][PASSED] - Object: 'Object Repository/Modulo Tarea Administracion Compensacion/Creacion Puesto de Trabajo/a_Aplicar' is clicked on

2021-12-01 12:08:57 - [TEST_STEP][PASSED] - waitForElementClickable(findTestObject("Modulo Tarea Administracion Compensacion/Creacion Puesto de Trabajo/a_Unidad Jerarquica_datosPuest"), G_TimeOut): Object 'Object Repository/Modulo Tarea Administracion Compensacion/Creacion Puesto de Trabajo/a_Unidad Jerarquica_datosPuest' is clickable

2021-12-01 12:08:58 - [MESSAGE][PASSED] - Object 'Object Repository/Modulo Tarea Administracion Compensacion/Creacion Puesto de Trabajo/a_Unidad Jerarquica_datosPuest' is clickable

2021-12-01 12:08:58 - [TEST_STEP][PASSED] - click(findTestObject("Modulo Tarea Administracion Compensacion/Creacion Puesto de Trabajo/a_Unidad Jerarquica_datosPuest")): Object: 'Object Repository/Modulo Tarea Administracion Compensacion/Creacion Puesto de Trabajo/a_Unidad Jerarquica_datosPuest' is clicked on

2021-12-01 12:08:58 - [MESSAGE][PASSED] - Object: 'Object Repository/Modulo Tarea Administracion Compensacion/Creacion Puesto de Trabajo/a_Unidad Jerarquica_datosPuest' is clicked on

2021-12-01 12:08:58 - [TEST_STEP][PASSED] - setText(findTestObject("Modulo Tarea Administracion Compensacion/Creacion Puesto de Trabajo/input_Unidad_datosPuestoTrabajo_formj_idt1355"), "1"): Text '1' is set on object 'Object Repository/Modulo Tarea Administracion Compensacion/Creacion Puesto de Trabajo/input_Unidad_datosPuestoTrabajo_formj_idt1355'

2021-12-01 12:08:59 - [MESSAGE][PASSED] - Text '1' is set on object 'Object Repository/Modulo Tarea Administracion Compensacion/Creacion Puesto de Trabajo/input_Unidad_datosPuestoTrabajo_formj_idt1355'

2021-12-01 12:08:59 - [TEST_STEP][PASSED] - sendKeys(findTestObject("Modulo Tarea Administracion Compensacion/Creacion Puesto de Trabajo/input_Unidad_datosPuestoTrabajo_formj_idt1355"), Keys.chord(ENTER)): Keys 'ENTER + ' sent to object: 'Object Repository/Modulo Tarea Administracion Compensacion/Creacion Puesto de Trabajo/input_Unidad_datosPuestoTrabajo_formj_idt1355'

2021-12-01 12:09:00 - [MESSAGE][PASSED] - Keys 'ENTER + ' sent to object: 'Object Repository/Modulo Tarea Administracion Compensacion/Creacion Puesto de Trabajo/input_Unidad_datosPuestoTrabajo_formj_idt1355'

2021-12-01 12:09:00 - [TEST_STEP][PASSED] - waitForElementClickable(findTestObject("Modulo Tarea Administracion Compensacion/Creacion Puesto de Trabajo/span_ADMINISTRACION"), G_TimeOut): Object 'Object Repository/Modulo Tarea Administracion Compensacion/Creacion Puesto de Trabajo/span_ADMINISTRACION' is clickable

2021-12-01 12:09:01 - [MESSAGE][PASSED] - Object 'Object Repository/Modulo Tarea Administracion Compensacion/Creacion Puesto de Trabajo/span_ADMINISTRACION' is clickable

2021-12-01 12:09:01 - [TEST_STEP][PASSED] - click(findTestObject("Modulo Tarea Administracion Compensacion/Creacion Puesto de Trabajo/span_ADMINISTRACION")): Object: 'Object Repository/Modulo Tarea Administracion Compensacion/Creacion Puesto de Trabajo/span_ADMINISTRACION' is clicked on

2021-12-01 12:09:02 - [MESSAGE][PASSED] - Object: 'Object Repository/Modulo Tarea Administracion Compensacion/Creacion Puesto de Trabajo/span_ADMINISTRACION' is clicked on

2021-12-01 12:09:02 - [TEST_STEP][PASSED] - waitForElementClickable(findTestObject("Modulo Tarea Administracion Compensacion/Creacion Puesto de Trabajo/label_No"), G_TimeOut): Object 'Object Repository/Modulo Tarea Administracion Compensacion/Creacion Puesto de Trabajo/label_No' is clickable

2021-12-01 12:09:02 - [MESSAGE][PASSED] - Object 'Object Repository/Modulo Tarea Administracion Compensacion/Creacion Puesto de Trabajo/label_No' is clickable

2021-12-01 12:09:02 - [TEST_STEP][PASSED] - click(findTestObject("Modulo Tarea Administracion Compensacion/Creacion Puesto de Trabajo/label_No")): Object: 'Object Repository/Modulo Tarea Administracion Compensacion/Creacion Puesto de Trabajo/label_No' is clicked on

2021-12-01 12:09:03 - [MESSAGE][PASSED] - Object: 'Object Repository/Modulo Tarea Administracion Compensacion/Creacion Puesto de Trabajo/label_No' is clicked on

2021-12-01 12:09:03 - [TEST_STEP][PASSED] - waitForElementClickable(findTestObject("Modulo Tarea Administracion Compensacion/Creacion Puesto de Trabajo/span_Actualizar"), G_TimeOut): Object 'Object Repository/Modulo Tarea Administracion Compensacion/Creacion Puesto de Trabajo/span_Actualizar' is clickable

2021-12-01 12:09:03 - [MESSAGE][PASSED] - Object 'Object Repository/Modulo Tarea Administracion Compensacion/Creacion Puesto de Trabajo/span_Actualizar' is clickable

2021-12-01 12:09:03 - [TEST_STEP][PASSED] - click(findTestObject("Modulo Tarea Administracion Compensacion/Creacion Puesto de Trabajo/span_Actualizar")): Object: 'Object Repository/Modulo Tarea Administracion Compensacion/Creacion Puesto de Trabajo/span_Actualizar' is clicked on

2021-12-01 12:09:04 - [MESSAGE][PASSED] - Object: 'Object Repository/Modulo Tarea Administracion Compensacion/Creacion Puesto de Trabajo/span_Actualizar' is clicked on

2021-12-01 12:09:04 - [TEST_STEP][PASSED] - waitForElementClickable(findTestObject("Modulo Tarea Administracion Compensacion/Creacion Puesto de Trabajo/a_Titular_datosPuestoTrabajo_f"), G_TimeOut): Object 'Object Repository/Modulo Tarea Administracion Compensacion/Creacion Puesto de Trabajo/a_Titular_datosPuestoTrabajo_f' is clickable

2021-12-01 12:09:04 - [MESSAGE][PASSED] - Object 'Object Repository/Modulo Tarea Administracion Compensacion/Creacion Puesto de Trabajo/a_Titular_datosPuestoTrabajo_f' is clickable

2021-12-01 12:09:04 - [TEST_STEP][PASSED] - click(findTestObject("Modulo Tarea Administracion Compensacion/Creacion Puesto de Trabajo/a_Titular_datosPuestoTrabajo_f")): Object: 'Object Repository/Modulo Tarea Administracion Compensacion/Creacion Puesto de Trabajo/a_Titular_datosPuestoTrabajo_f' is clicked on

2021-12-01 12:09:05 - [MESSAGE][PASSED] - Object: 'Object Repository/Modulo Tarea Administracion Compensacion/Creacion Puesto de Trabajo/a_Titular_datosPuestoTrabajo_f' is clicked on

2021-12-01 12:09:05 - [TEST_STEP][PASSED] - setText(findTestObject("Modulo Tarea Administracion Compensacion/Creacion Puesto de Trabajo/input_Filtro Empleado_datosPuesto"), "66666"): Text '66666' is set on object 'Object Repository/Modulo Tarea Administracion Compensacion/Creacion Puesto de Trabajo/input_Filtro Empleado_datosPuesto'

2021-12-01 12:09:06 - [MESSAGE][PASSED] - Text '66666' is set on object 'Object Repository/Modulo Tarea Administracion Compensacion/Creacion Puesto de Trabajo/input_Filtro Empleado_datosPuesto'

2021-12-01 12:09:06 - [TEST_STEP][PASSED] - sendKeys(findTestObject("Modulo Tarea Administracion Compensacion/Creacion Puesto de Trabajo/input_Filtro Empleado_datosPuesto"), Keys.chord(ENTER)): Keys 'ENTER + ' sent to object: 'Object Repository/Modulo Tarea Administracion Compensacion/Creacion Puesto de Trabajo/input_Filtro Empleado_datosPuesto'

2021-12-01 12:09:06 - [MESSAGE][PASSED] - Keys 'ENTER + ' sent to object: 'Object Repository/Modulo Tarea Administracion Compensacion/Creacion Puesto de Trabajo/input_Filtro Empleado_datosPuesto'

2021-12-01 12:09:06 - [TEST_STEP][PASSED] - waitForElementClickable(findTestObject("Modulo Tarea Administracion Compensacion/Creacion Puesto de Trabajo/span_SALGADO PAULA"), G_TimeOut): Object 'Object Repository/Modulo Tarea Administracion Compensacion/Creacion Puesto de Trabajo/span_SALGADO PAULA' is clickable

2021-12-01 12:09:07 - [MESSAGE][PASSED] - Object 'Object Repository/Modulo Tarea Administracion Compensacion/Creacion Puesto de Trabajo/span_SALGADO PAULA' is clickable

2021-12-01 12:09:07 - [TEST_STEP][PASSED] - click(findTestObject("Modulo Tarea Administracion Compensacion/Creacion Puesto de Trabajo/span_SALGADO PAULA")): Object: 'Object Repository/Modulo Tarea Administracion Compensacion/Creacion Puesto de Trabajo/span_SALGADO PAULA' is clicked on

2021-12-01 12:09:08 - [MESSAGE][PASSED] - Object: 'Object Repository/Modulo Tarea Administracion Compensacion/Creacion Puesto de Trabajo/span_SALGADO PAULA' is clicked on

2021-12-01 12:09:08 - [TEST_STEP][PASSED] - waitForElementClickable(findTestObject("Modulo Tarea Administracion Compensacion/Creacion Puesto de Trabajo/a_Temporal_datosPuestoTrabajo_"), G_TimeOut): Object 'Object Repository/Modulo Tarea Administracion Compensacion/Creacion Puesto de Trabajo/a_Temporal_datosPuestoTrabajo_' is clickable

2021-12-01 12:09:10 - [MESSAGE][PASSED] - Object 'Object Repository/Modulo Tarea Administracion Compensacion/Creacion Puesto de Trabajo/a_Temporal_datosPuestoTrabajo_' is clickable

2021-12-01 12:09:10 - [TEST_STEP][PASSED] - click(findTestObject("Modulo Tarea Administracion Compensacion/Creacion Puesto de Trabajo/a_Temporal_datosPuestoTrabajo_")): Object: 'Object Repository/Modulo Tarea Administracion Compensacion/Creacion Puesto de Trabajo/a_Temporal_datosPuestoTrabajo_' is clicked on

2021-12-01 12:09:10 - [MESSAGE][PASSED] - Object: 'Object Repository/Modulo Tarea Administracion Compensacion/Creacion Puesto de Trabajo/a_Temporal_datosPuestoTrabajo_' is clicked on

2021-12-01 12:09:10 - [TEST_STEP][PASSED] - waitForElementClickable(findTestObject("Modulo Tarea Administracion Compensacion/Creacion Puesto de Trabajo/span_SALGADO PAULA"), G_TimeOut): Object 'Object Repository/Modulo Tarea Administracion Compensacion/Creacion Puesto de Trabajo/span_SALGADO PAULA' is clickable

2021-12-01 12:09:13 - [MESSAGE][PASSED] - Object 'Object Repository/Modulo Tarea Administracion Compensacion/Creacion Puesto de Trabajo/span_SALGADO PAULA' is clickable

2021-12-01 12:09:13 - [TEST_STEP][PASSED] - click(findTestObject("Modulo Tarea Administracion Compensacion/Creacion Puesto de Trabajo/span_SALGADO PAULA")): Object: 'Object Repository/Modulo Tarea Administracion Compensacion/Creacion Puesto de Trabajo/span_SALGADO PAULA' is clicked on

2021-12-01 12:09:13 - [MESSAGE][PASSED] - Object: 'Object Repository/Modulo Tarea Administracion Compensacion/Creacion Puesto de Trabajo/span_SALGADO PAULA' is clicked on

2021-12-01 12:09:13 - [TEST_STEP][PASSED] - waitForElementClickable(findTestObject("Modulo Tarea Administracion Compensacion/Creacion Puesto de Trabajo/a_Funcin_datosPuestoTrabajo_fo"), G_TimeOut): Object 'Object Repository/Modulo Tarea Administracion Compensacion/Creacion Puesto de Trabajo/a_Funcin_datosPuestoTrabajo_fo' is clickable

2021-12-01 12:09:14 - [MESSAGE][PASSED] - Object 'Object Repository/Modulo Tarea Administracion Compensacion/Creacion Puesto de Trabajo/a_Funcin_datosPuestoTrabajo_fo' is clickable

2021-12-01 12:09:14 - [TEST_STEP][PASSED] - click(findTestObject("Modulo Tarea Administracion Compensacion/Creacion Puesto de Trabajo/a_Funcin_datosPuestoTrabajo_fo")): Object: 'Object Repository/Modulo Tarea Administracion Compensacion/Creacion Puesto de Trabajo/a_Funcin_datosPuestoTrabajo_fo' is clicked on

2021-12-01 12:09:14 - [MESSAGE][PASSED] - Object: 'Object Repository/Modulo Tarea Administracion Compensacion/Creacion Puesto de Trabajo/a_Funcin_datosPuestoTrabajo_fo' is clicked on

2021-12-01 12:09:14 - [TEST_STEP][PASSED] - waitForElementClickable(findTestObject("Modulo Tarea Administracion Compensacion/Creacion Puesto de Trabajo/span_SALGADO PAULA"), G_TimeOut): Object 'Object Repository/Modulo Tarea Administracion Compensacion/Creacion Puesto de Trabajo/span_SALGADO PAULA' is clickable

2021-12-01 12:09:15 - [MESSAGE][PASSED] - Object 'Object Repository/Modulo Tarea Administracion Compensacion/Creacion Puesto de Trabajo/span_SALGADO PAULA' is clickable

2021-12-01 12:09:15 - [TEST_STEP][PASSED] - click(findTestObject("Modulo Tarea Administracion Compensacion/Creacion Puesto de Trabajo/span_SALGADO PAULA")): Object: 'Object Repository/Modulo Tarea Administracion Compensacion/Creacion Puesto de Trabajo/span_SALGADO PAULA' is clicked on

2021-12-01 12:09:16 - [MESSAGE][PASSED] - Object: 'Object Repository/Modulo Tarea Administracion Compensacion/Creacion Puesto de Trabajo/span_SALGADO PAULA' is clicked on

2021-12-01 12:09:16 - [TEST_STEP][PASSED] - waitForElementClickable(findTestObject("Modulo Tarea Administracion Compensacion/Creacion Puesto de Trabajo/a_Empalme_datosPuestoTrabajo"), G_TimeOut): Object 'Object Repository/Modulo Tarea Administracion Compensacion/Creacion Puesto de Trabajo/a_Empalme_datosPuestoTrabajo' is clickable

2021-12-01 12:09:16 - [MESSAGE][PASSED] - Object 'Object Repository/Modulo Tarea Administracion Compensacion/Creacion Puesto de Trabajo/a_Empalme_datosPuestoTrabajo' is clickable

2021-12-01 12:09:16 - [TEST_STEP][PASSED] - click(findTestObject("Modulo Tarea Administracion Compensacion/Creacion Puesto de Trabajo/a_Empalme_datosPuestoTrabajo")): Object: 'Object Repository/Modulo Tarea Administracion Compensacion/Creacion Puesto de Trabajo/a_Empalme_datosPuestoTrabajo' is clicked on

2021-12-01 12:09:17 - [MESSAGE][PASSED] - Object: 'Object Repository/Modulo Tarea Administracion Compensacion/Creacion Puesto de Trabajo/a_Empalme_datosPuestoTrabajo' is clicked on

2021-12-01 12:09:17 - [TEST_STEP][PASSED] - waitForElementClickable(findTestObject("Modulo Tarea Administracion Compensacion/Creacion Puesto de Trabajo/span_SALGADO PAULA"), G_TimeOut): Object 'Object Repository/Modulo Tarea Administracion Compensacion/Creacion Puesto de Trabajo/span_SALGADO PAULA' is clickable

2021-12-01 12:09:18 - [MESSAGE][PASSED] - Object 'Object Repository/Modulo Tarea Administracion Compensacion/Creacion Puesto de Trabajo/span_SALGADO PAULA' is clickable

2021-12-01 12:09:18 - [TEST_STEP][PASSED] - click(findTestObject("Modulo Tarea Administracion Compensacion/Creacion Puesto de Trabajo/span_SALGADO PAULA")): Object: 'Object Repository/Modulo Tarea Administracion Compensacion/Creacion Puesto de Trabajo/span_SALGADO PAULA' is clicked on

2021-12-01 12:09:18 - [MESSAGE][PASSED] - Object: 'Object Repository/Modulo Tarea Administracion Compensacion/Creacion Puesto de Trabajo/span_SALGADO PAULA' is clicked on

2021-12-01 12:09:18 - [TEST_STEP][PASSED] - waitForElementClickable(findTestObject("Modulo Tarea Administracion Compensacion/Creacion Puesto de Trabajo/a_Zona Econmica _datosPuestoTr"), G_TimeOut): Object 'Object Repository/Modulo Tarea Administracion Compensacion/Creacion Puesto de Trabajo/a_Zona Econmica _datosPuestoTr' is clickable

2021-12-01 12:09:19 - [MESSAGE][PASSED] - Object 'Object Repository/Modulo Tarea Administracion Compensacion/Creacion Puesto de Trabajo/a_Zona Econmica _datosPuestoTr' is clickable

2021-12-01 12:09:19 - [TEST_STEP][PASSED] - click(findTestObject("Modulo Tarea Administracion Compensacion/Creacion Puesto de Trabajo/a_Zona Econmica _datosPuestoTr")): Object: 'Object Repository/Modulo Tarea Administracion Compensacion/Creacion Puesto de Trabajo/a_Zona Econmica _datosPuestoTr' is clicked on

2021-12-01 12:09:19 - [MESSAGE][PASSED] - Object: 'Object Repository/Modulo Tarea Administracion Compensacion/Creacion Puesto de Trabajo/a_Zona Econmica _datosPuestoTr' is clicked on

2021-12-01 12:09:19 - [TEST_STEP][PASSED] - waitForElementClickable(findTestObject("Modulo Tarea Administracion Compensacion/Creacion Puesto de Trabajo/span_QUINCENAL"), G_TimeOut): Object 'Object Repository/Modulo Tarea Administracion Compensacion/Creacion Puesto de Trabajo/span_QUINCENAL' is clickable

2021-12-01 12:09:20 - [MESSAGE][PASSED] - Object 'Object Repository/Modulo Tarea Administracion Compensacion/Creacion Puesto de Trabajo/span_QUINCENAL' is clickable

2021-12-01 12:09:20 - [TEST_STEP][PASSED] - click(findTestObject("Modulo Tarea Administracion Compensacion/Creacion Puesto de Trabajo/span_QUINCENAL")): Object: 'Object Repository/Modulo Tarea Administracion Compensacion/Creacion Puesto de Trabajo/span_QUINCENAL' is clicked on

2021-12-01 12:09:20 - [MESSAGE][PASSED] - Object: 'Object Repository/Modulo Tarea Administracion Compensacion/Creacion Puesto de Trabajo/span_QUINCENAL' is clicked on

2021-12-01 12:09:20 - [TEST_STEP][PASSED] - waitForElementClickable(findTestObject("Modulo Tarea Administracion Compensacion/Creacion Puesto de Trabajo/select_-- Seleccione empleados"), G_TimeOut): Object 'Object Repository/Modulo Tarea Administracion Compensacion/Creacion Puesto de Trabajo/select_-- Seleccione empleados' is clickable

2021-12-01 12:09:21 - [MESSAGE][PASSED] - Object 'Object Repository/Modulo Tarea Administracion Compensacion/Creacion Puesto de Trabajo/select_-- Seleccione empleados' is clickable

2021-12-01 12:09:21 - [TEST_STEP][PASSED] - click(findTestObject("Modulo Tarea Administracion Compensacion/Creacion Puesto de Trabajo/select_-- Seleccione empleados")): Object: 'Object Repository/Modulo Tarea Administracion Compensacion/Creacion Puesto de Trabajo/select_-- Seleccione empleados' is clicked on

2021-12-01 12:09:21 - [MESSAGE][PASSED] - Object: 'Object Repository/Modulo Tarea Administracion Compensacion/Creacion Puesto de Trabajo/select_-- Seleccione empleados' is clicked on

2021-12-01 12:09:21 - [TEST_STEP][PASSED] - selectOptionByIndex(findTestObject("Modulo Tarea Administracion Compensacion/Creacion Puesto de Trabajo/select_-- Seleccione empleados_lineacosto"), "1"): All options with index in [1] are selected on object 'Object Repository/Modulo Tarea Administracion Compensacion/Creacion Puesto de Trabajo/select_-- Seleccione empleados_lineacosto'

2021-12-01 12:09:22 - [MESSAGE][PASSED] - All options with index in [1] are selected on object 'Object Repository/Modulo Tarea Administracion Compensacion/Creacion Puesto de Trabajo/select_-- Seleccione empleados_lineacosto'

2021-12-01 12:09:22 - [TEST_STEP][PASSED] - waitForElementClickable(findTestObject("Modulo Tarea Administracion Compensacion/Creacion Puesto de Trabajo/select_-- Seleccione Ubicacin"), G_TimeOut): Object 'Object Repository/Modulo Tarea Administracion Compensacion/Creacion Puesto de Trabajo/select_-- Seleccione Ubicacin' is clickable

2021-12-01 12:09:23 - [MESSAGE][PASSED] - Object 'Object Repository/Modulo Tarea Administracion Compensacion/Creacion Puesto de Trabajo/select_-- Seleccione Ubicacin' is clickable

2021-12-01 12:09:23 - [TEST_STEP][PASSED] - click(findTestObject("Modulo Tarea Administracion Compensacion/Creacion Puesto de Trabajo/select_-- Seleccione Ubicacin")): Object: 'Object Repository/Modulo Tarea Administracion Compensacion/Creacion Puesto de Trabajo/select_-- Seleccione Ubicacin' is clicked on

2021-12-01 12:09:23 - [MESSAGE][PASSED] - Object: 'Object Repository/Modulo Tarea Administracion Compensacion/Creacion Puesto de Trabajo/select_-- Seleccione Ubicacin' is clicked on

2021-12-01 12:09:23 - [TEST_STEP][PASSED] - selectOptionByIndex(findTestObject("Modulo Tarea Administracion Compensacion/Creacion Puesto de Trabajo/select_-- Seleccione Ubicacin"), "106"): All options with index in [106] are selected on object 'Object Repository/Modulo Tarea Administracion Compensacion/Creacion Puesto de Trabajo/select_-- Seleccione Ubicacin'

2021-12-01 12:09:27 - [MESSAGE][PASSED] - All options with index in [106] are selected on object 'Object Repository/Modulo Tarea Administracion Compensacion/Creacion Puesto de Trabajo/select_-- Seleccione Ubicacin'

2021-12-01 12:09:27 - [TEST_STEP][PASSED] - waitForElementClickable(findTestObject("Modulo Tarea Administracion Compensacion/Creacion Puesto de Trabajo/select_2120 HORAS1240 HORAS"), G_TimeOut): Object 'Object Repository/Modulo Tarea Administracion Compensacion/Creacion Puesto de Trabajo/select_2120 HORAS1240 HORAS' is clickable

2021-12-01 12:09:27 - [MESSAGE][PASSED] - Object 'Object Repository/Modulo Tarea Administracion Compensacion/Creacion Puesto de Trabajo/select_2120 HORAS1240 HORAS' is clickable

2021-12-01 12:09:27 - [TEST_STEP][PASSED] - click(findTestObject("Modulo Tarea Administracion Compensacion/Creacion Puesto de Trabajo/select_2120 HORAS1240 HORAS")): Object: 'Object Repository/Modulo Tarea Administracion Compensacion/Creacion Puesto de Trabajo/select_2120 HORAS1240 HORAS' is clicked on

2021-12-01 12:09:28 - [MESSAGE][PASSED] - Object: 'Object Repository/Modulo Tarea Administracion Compensacion/Creacion Puesto de Trabajo/select_2120 HORAS1240 HORAS' is clicked on

2021-12-01 12:09:28 - [TEST_STEP][PASSED] - selectOptionByIndex(findTestObject("Modulo Tarea Administracion Compensacion/Creacion Puesto de Trabajo/select_2120 HORAS1240 HORAS"), "4"): All options with index in [4] are selected on object 'Object Repository/Modulo Tarea Administracion Compensacion/Creacion Puesto de Trabajo/select_2120 HORAS1240 HORAS'

2021-12-01 12:09:29 - [MESSAGE][PASSED] - All options with index in [4] are selected on object 'Object Repository/Modulo Tarea Administracion Compensacion/Creacion Puesto de Trabajo/select_2120 HORAS1240 HORAS'

2021-12-01 12:09:29 - [TEST_STEP][PASSED] - waitForElementClickable(findTestObject("Modulo Tarea Administracion Compensacion/Creacion Puesto de Trabajo/select_12kataloonNOMINA CATORCENAL"), G_TimeOut): Object 'Object Repository/Modulo Tarea Administracion Compensacion/Creacion Puesto de Trabajo/select_12kataloonNOMINA CATORCENAL' is clickable

2021-12-01 12:09:29 - [MESSAGE][PASSED] - Object 'Object Repository/Modulo Tarea Administracion Compensacion/Creacion Puesto de Trabajo/select_12kataloonNOMINA CATORCENAL' is clickable

2021-12-01 12:09:29 - [TEST_STEP][PASSED] - click(findTestObject("Modulo Tarea Administracion Compensacion/Creacion Puesto de Trabajo/select_12kataloonNOMINA CATORCENAL")): Object: 'Object Repository/Modulo Tarea Administracion Compensacion/Creacion Puesto de Trabajo/select_12kataloonNOMINA CATORCENAL' is clicked on

2021-12-01 12:09:29 - [MESSAGE][PASSED] - Object: 'Object Repository/Modulo Tarea Administracion Compensacion/Creacion Puesto de Trabajo/select_12kataloonNOMINA CATORCENAL' is clicked on

2021-12-01 12:09:29 - [TEST_STEP][PASSED] - selectOptionByIndex(findTestObject("Modulo Tarea Administracion Compensacion/Creacion Puesto de Trabajo/select_12kataloonNOMINA CATORCENAL"), "7"): All options with index in [7] are selected on object 'Object Repository/Modulo Tarea Administracion Compensacion/Creacion Puesto de Trabajo/select_12kataloonNOMINA CATORCENAL'

2021-12-01 12:09:31 - [MESSAGE][PASSED] - All options with index in [7] are selected on object 'Object Repository/Modulo Tarea Administracion Compensacion/Creacion Puesto de Trabajo/select_12kataloonNOMINA CATORCENAL'

2021-12-01 12:09:31 - [TEST_STEP][PASSED] - waitForElementClickable(findTestObject("Modulo Tarea Administracion Compensacion/Creacion Puesto de Trabajo/select_--- Seleccione Vinculac"), G_TimeOut): Object 'Object Repository/Modulo Tarea Administracion Compensacion/Creacion Puesto de Trabajo/select_--- Seleccione Vinculac' is clickable

2021-12-01 12:09:31 - [MESSAGE][PASSED] - Object 'Object Repository/Modulo Tarea Administracion Compensacion/Creacion Puesto de Trabajo/select_--- Seleccione Vinculac' is clickable

2021-12-01 12:09:31 - [TEST_STEP][PASSED] - click(findTestObject("Modulo Tarea Administracion Compensacion/Creacion Puesto de Trabajo/select_--- Seleccione Vinculac")): Object: 'Object Repository/Modulo Tarea Administracion Compensacion/Creacion Puesto de Trabajo/select_--- Seleccione Vinculac' is clicked on

2021-12-01 12:09:31 - [MESSAGE][PASSED] - Object: 'Object Repository/Modulo Tarea Administracion Compensacion/Creacion Puesto de Trabajo/select_--- Seleccione Vinculac' is clicked on

2021-12-01 12:09:31 - [TEST_STEP][PASSED] - selectOptionByIndex(findTestObject("Modulo Tarea Administracion Compensacion/Creacion Puesto de Trabajo/select_--- Seleccione Vinculac"), "8"): All options with index in [8] are selected on object 'Object Repository/Modulo Tarea Administracion Compensacion/Creacion Puesto de Trabajo/select_--- Seleccione Vinculac'

2021-12-01 12:09:33 - [MESSAGE][PASSED] - All options with index in [8] are selected on object 'Object Repository/Modulo Tarea Administracion Compensacion/Creacion Puesto de Trabajo/select_--- Seleccione Vinculac'

2021-12-01 12:09:33 - [TEST_STEP][PASSED] - waitForElementClickable(findTestObject("Modulo Tarea Administracion Compensacion/Creacion Puesto de Trabajo/select_--Seleccione--ADMINISTR"), G_TimeOut): Object 'Object Repository/Modulo Tarea Administracion Compensacion/Creacion Puesto de Trabajo/select_--Seleccione--ADMINISTR' is clickable

2021-12-01 12:09:33 - [MESSAGE][PASSED] - Object 'Object Repository/Modulo Tarea Administracion Compensacion/Creacion Puesto de Trabajo/select_--Seleccione--ADMINISTR' is clickable

2021-12-01 12:09:33 - [TEST_STEP][PASSED] - click(findTestObject("Modulo Tarea Administracion Compensacion/Creacion Puesto de Trabajo/select_--Seleccione--ADMINISTR")): Object: 'Object Repository/Modulo Tarea Administracion Compensacion/Creacion Puesto de Trabajo/select_--Seleccione--ADMINISTR' is clicked on

2021-12-01 12:09:33 - [MESSAGE][PASSED] - Object: 'Object Repository/Modulo Tarea Administracion Compensacion/Creacion Puesto de Trabajo/select_--Seleccione--ADMINISTR' is clicked on

2021-12-01 12:09:33 - [TEST_STEP][PASSED] - selectOptionByIndex(findTestObject("Modulo Tarea Administracion Compensacion/Creacion Puesto de Trabajo/select_--Seleccione--ADMINISTR"), "1"): All options with index in [1] are selected on object 'Object Repository/Modulo Tarea Administracion Compensacion/Creacion Puesto de Trabajo/select_--Seleccione--ADMINISTR'

2021-12-01 12:09:34 - [MESSAGE][PASSED] - All options with index in [1] are selected on object 'Object Repository/Modulo Tarea Administracion Compensacion/Creacion Puesto de Trabajo/select_--Seleccione--ADMINISTR'

2021-12-01 12:09:34 - [TEST_STEP][PASSED] - waitForElementClickable(findTestObject("Modulo Tarea Administracion Compensacion/Creacion Puesto de Trabajo/input_Mesada _datosPuestoTraba"), 0): Object 'Object Repository/Modulo Tarea Administracion Compensacion/Creacion Puesto de Trabajo/input_Mesada _datosPuestoTraba' is clickable

2021-12-01 12:09:34 - [MESSAGE][WARNING] - Timeout '0' is invalid. Using default page load timeout: '30'

2021-12-01 12:09:35 - [MESSAGE][PASSED] - Object 'Object Repository/Modulo Tarea Administracion Compensacion/Creacion Puesto de Trabajo/input_Mesada _datosPuestoTraba' is clickable

2021-12-01 12:09:35 - [TEST_STEP][PASSED] - setText(findTestObject("Modulo Tarea Administracion Compensacion/Creacion Puesto de Trabajo/input_Mesada _datosPuestoTraba"), "120000"): Text '120000' is set on object 'Object Repository/Modulo Tarea Administracion Compensacion/Creacion Puesto de Trabajo/input_Mesada _datosPuestoTraba'

2021-12-01 12:09:36 - [MESSAGE][PASSED] - Text '120000' is set on object 'Object Repository/Modulo Tarea Administracion Compensacion/Creacion Puesto de Trabajo/input_Mesada _datosPuestoTraba'

2021-12-01 12:09:36 - [TEST_STEP][PASSED] - click(findTestObject("Modulo Tarea Administracion Compensacion/Creacion Puesto de Trabajo/span_Actualizar_1")): Object: 'Object Repository/Modulo Tarea Administracion Compensacion/Creacion Puesto de Trabajo/span_Actualizar_1' is clicked on

2021-12-01 12:09:36 - [MESSAGE][PASSED] - Object: 'Object Repository/Modulo Tarea Administracion Compensacion/Creacion Puesto de Trabajo/span_Actualizar_1' is clicked on

2021-12-01 12:09:36 - [TEST_STEP][PASSED] - getText(findTestObject("Alerta/Alerta")): Text of object 'Object Repository/Alerta/Alerta' is: 'Se Inserto el registro correctamente'

2021-12-01 12:09:39 - [MESSAGE][PASSED] - Text of object 'Object Repository/Alerta/Alerta' is: 'Se Inserto el registro correctamente'

2021-12-01 12:09:39 - [TEST_STEP][PASSED] - closeBrowser(): Browser is closed

2021-12-01 12:09:40 - [MESSAGE][PASSED] - Browser is closed]]></system-out>
         <system-err><![CDATA[]]></system-err>
      </testcase>
      <testcase name="Test Cases/1.1-Tareas Principales/1.4.5-Actualizacion de Datos en Puesto de Trabajo" time="54.82" classname="Test Cases/1.1-Tareas Principales/1.4.5-Actualizacion de Datos en Puesto de Trabajo" status="PASSED">
         <system-out><![CDATA[2021-12-01 12:09:40 - [TEST_CASE][PASSED] - Test Cases/1.1-Tareas Principales/1.4.5-Actualizacion de Datos en Puesto de Trabajo: Test Cases/1.1-Tareas Principales/1.4.5-Actualizacion de Datos en Puesto de Trabajo

2021-12-01 12:09:40 - [TEST_STEP][PASSED] - random_double = Math.random() * 9999 + 999: null

2021-12-01 12:09:40 - [TEST_STEP][PASSED] - random_double = Math.round(random_double * 100 + 1000000): null

2021-12-01 12:09:40 - [TEST_STEP][PASSED] - identificacion = toString().replace(".0", ""): null

2021-12-01 12:09:40 - [TEST_STEP][PASSED] - callTestCase(findTestCase("Hutilidades/Tareas Administracion Compensacion/Tarea Planta Personal"), [:], STOP_ON_FAILURE): Call Test Case 'Test Cases/Hutilidades/Tareas Administracion Compensacion/Tarea Planta Personal' successfully

2021-12-01 12:09:40 - [TEST_CASE][PASSED] - Test Cases/Hutilidades/Tareas Administracion Compensacion/Tarea Planta Personal: Test Cases/Hutilidades/Tareas Administracion Compensacion/Tarea Planta Personal

2021-12-01 12:09:40 - [TEST_STEP][PASSED] - callTestCase(findTestCase("0.1-Login"), [:], STOP_ON_FAILURE): Call Test Case 'Test Cases/0.1-Login' successfully

2021-12-01 12:09:40 - [TEST_CASE][PASSED] - Test Cases/0.1-Login: Test Cases/0.1-Login

2021-12-01 12:09:40 - [TEST_STEP][PASSED] - openBrowser(""): Browser is opened with url: ''

2021-12-01 12:09:40 - [MESSAGE][INFO] - Starting 'Chrome' driver

2021-12-01 12:09:40 - [MESSAGE][INFO] - Action delay is set to 0 milliseconds

2021-12-01 12:09:41 - [MESSAGE][PASSED] - Browser is opened with url: ''

2021-12-01 12:09:41 - [TEST_STEP][PASSED] - maximizeWindow(): Current window maximized

2021-12-01 12:09:41 - [MESSAGE][PASSED] - Current window maximized

2021-12-01 12:09:41 - [TEST_STEP][PASSED] - i = G_Login: null

2021-12-01 12:09:41 - [TEST_STEP][PASSED] - url = new java.net.URL(i): null

2021-12-01 12:09:41 - [TEST_STEP][PASSED] - println("URL: " + url.toString()): null

2021-12-01 12:09:41 - [TEST_STEP][PASSED] - connection = url.openConnection(): null

2021-12-01 12:09:41 - [TEST_STEP][PASSED] - connection.setRequestMethod("GET"): null

2021-12-01 12:09:41 - [TEST_STEP][PASSED] - connection.setReadTimeout(2 * 1000): null

2021-12-01 12:09:41 - [TEST_STEP][PASSED] - try: null

2021-12-01 12:09:41 - [TEST_STEP][PASSED] - connection.connect(): null

2021-12-01 12:09:41 - [TEST_STEP][PASSED] - flag = connected: null

2021-12-01 12:09:41 - [TEST_STEP][PASSED] - println("Valor_ori: " + flag): null

2021-12-01 12:09:41 - [TEST_STEP][PASSED] - if (flag): null

2021-12-01 12:09:41 - [TEST_STEP][PASSED] - navigateToUrl(i): Navigate to 'http://localhost:8380/saraweb/' successfully

2021-12-01 12:09:42 - [MESSAGE][PASSED] - Navigate to 'http://localhost:8380/saraweb/' successfully

2021-12-01 12:09:42 - [TEST_STEP][PASSED] - a(): null

2021-12-01 12:09:42 - [TEST_STEP][PASSED] - setText(findTestObject("Login/input_USUARIO_loginusuario"), G_Usuario): Text 'saraadmin' is set on object 'Object Repository/Login/input_USUARIO_loginusuario'

2021-12-01 12:09:43 - [MESSAGE][PASSED] - Text 'saraadmin' is set on object 'Object Repository/Login/input_USUARIO_loginusuario'

2021-12-01 12:09:43 - [TEST_STEP][PASSED] - setEncryptedText(findTestObject("Login/input_CLAVE_loginpassword"), "MkG4/TYiCFC3cb2driP7+Q=="): Text ****** has been set on object 'Object Repository/Login/input_CLAVE_loginpassword'

2021-12-01 12:09:44 - [MESSAGE][PASSED] - Text ****** has been set on object 'Object Repository/Login/input_CLAVE_loginpassword'

2021-12-01 12:09:44 - [TEST_STEP][PASSED] - waitForElementClickable(findTestObject("Login/a_Ingresar"), G_TimeOut): Object 'Object Repository/Login/a_Ingresar' is clickable

2021-12-01 12:09:44 - [MESSAGE][PASSED] - Object 'Object Repository/Login/a_Ingresar' is clickable

2021-12-01 12:09:44 - [TEST_STEP][PASSED] - click(findTestObject("Login/a_Ingresar")): Object: 'Object Repository/Login/a_Ingresar' is clicked on

2021-12-01 12:09:47 - [MESSAGE][PASSED] - Object: 'Object Repository/Login/a_Ingresar' is clicked on

2021-12-01 12:09:47 - [TEST_STEP][PASSED] - element = findWebElement(findTestObject("Login/a_Ir"), 30): null

2021-12-01 12:09:48 - [TEST_STEP][PASSED] - executeJavaScript("arguments[0].click()", Arrays.asList(element)): Execute JavaScript 'arguments[0].click()' successfully

2021-12-01 12:09:48 - [MESSAGE][PASSED] - Execute JavaScript 'arguments[0].click()' successfully

2021-12-01 12:09:48 - [MESSAGE][PASSED] - Call Test Case 'Test Cases/0.1-Login' successfully

2021-12-01 12:09:48 - [TEST_STEP][PASSED] - delay(2): Delayed 2 second(s)

2021-12-01 12:09:50 - [MESSAGE][PASSED] - Delayed 2 second(s)

2021-12-01 12:09:50 - [TEST_STEP][PASSED] - setText(findTestObject("Modulo Tarea Administracion Compensacion/Tarea Planta Personal/input_Ir_nav_t66_input"), "Planta Personal"): Text 'Planta Personal' is set on object 'Object Repository/Modulo Tarea Administracion Compensacion/Tarea Planta Personal/input_Ir_nav_t66_input'

2021-12-01 12:09:51 - [MESSAGE][PASSED] - Text 'Planta Personal' is set on object 'Object Repository/Modulo Tarea Administracion Compensacion/Tarea Planta Personal/input_Ir_nav_t66_input'

2021-12-01 12:09:51 - [TEST_STEP][PASSED] - delay(2): Delayed 2 second(s)

2021-12-01 12:09:53 - [MESSAGE][PASSED] - Delayed 2 second(s)

2021-12-01 12:09:53 - [TEST_STEP][PASSED] - sendKeys(findTestObject("Modulo Tarea Administracion Compensacion/Tarea Planta Personal/input_Ir_nav_t66_input"), Keys.chord(ENTER)): Keys 'ENTER + ' sent to object: 'Object Repository/Modulo Tarea Administracion Compensacion/Tarea Planta Personal/input_Ir_nav_t66_input'

2021-12-01 12:09:53 - [MESSAGE][PASSED] - Keys 'ENTER + ' sent to object: 'Object Repository/Modulo Tarea Administracion Compensacion/Tarea Planta Personal/input_Ir_nav_t66_input'

2021-12-01 12:09:53 - [MESSAGE][PASSED] - Call Test Case 'Test Cases/Hutilidades/Tareas Administracion Compensacion/Tarea Planta Personal' successfully

2021-12-01 12:09:53 - [TEST_STEP][PASSED] - waitForElementClickable(findTestObject("Modulo Tarea Administracion Compensacion/Actualizacion de Datos en Puesto de Trabajo/span_Administracion"), 0): Object 'Object Repository/Modulo Tarea Administracion Compensacion/Actualizacion de Datos en Puesto de Trabajo/span_Administracion' is clickable

2021-12-01 12:09:53 - [MESSAGE][WARNING] - Timeout '0' is invalid. Using default page load timeout: '30'

2021-12-01 12:09:57 - [MESSAGE][PASSED] - Object 'Object Repository/Modulo Tarea Administracion Compensacion/Actualizacion de Datos en Puesto de Trabajo/span_Administracion' is clickable

2021-12-01 12:09:57 - [TEST_STEP][PASSED] - click(findTestObject("Modulo Tarea Administracion Compensacion/Actualizacion de Datos en Puesto de Trabajo/span_Administracion")): Object: 'Object Repository/Modulo Tarea Administracion Compensacion/Actualizacion de Datos en Puesto de Trabajo/span_Administracion' is clicked on

2021-12-01 12:09:58 - [MESSAGE][PASSED] - Object: 'Object Repository/Modulo Tarea Administracion Compensacion/Actualizacion de Datos en Puesto de Trabajo/span_Administracion' is clicked on

2021-12-01 12:09:58 - [TEST_STEP][PASSED] - click(findTestObject("Modulo Tarea Administracion Compensacion/Actualizacion de Datos en Puesto de Trabajo/a_Abogado_organigramaj_idt110")): Object: 'Object Repository/Modulo Tarea Administracion Compensacion/Actualizacion de Datos en Puesto de Trabajo/a_Abogado_organigramaj_idt110' is clicked on

2021-12-01 12:10:01 - [MESSAGE][PASSED] - Object: 'Object Repository/Modulo Tarea Administracion Compensacion/Actualizacion de Datos en Puesto de Trabajo/a_Abogado_organigramaj_idt110' is clicked on

2021-12-01 12:10:01 - [TEST_STEP][PASSED] - click(findTestObject("Modulo Tarea Administracion Compensacion/Actualizacion de Datos en Puesto de Trabajo/a_Datos De Nomina")): Object: 'Object Repository/Modulo Tarea Administracion Compensacion/Actualizacion de Datos en Puesto de Trabajo/a_Datos De Nomina' is clicked on

2021-12-01 12:10:02 - [MESSAGE][PASSED] - Object: 'Object Repository/Modulo Tarea Administracion Compensacion/Actualizacion de Datos en Puesto de Trabajo/a_Datos De Nomina' is clicked on

2021-12-01 12:10:02 - [TEST_STEP][PASSED] - click(findTestObject("Modulo Tarea Administracion Compensacion/Actualizacion de Datos en Puesto de Trabajo/a_Zona Econmica_datosPuestoTrabajo_formj_idt1277")): Object: 'Object Repository/Modulo Tarea Administracion Compensacion/Actualizacion de Datos en Puesto de Trabajo/a_Zona Econmica_datosPuestoTrabajo_formj_idt1277' is clicked on

2021-12-01 12:10:03 - [MESSAGE][PASSED] - Object: 'Object Repository/Modulo Tarea Administracion Compensacion/Actualizacion de Datos en Puesto de Trabajo/a_Zona Econmica_datosPuestoTrabajo_formj_idt1277' is clicked on

2021-12-01 12:10:03 - [TEST_STEP][PASSED] - click(findTestObject("Modulo Tarea Administracion Compensacion/Actualizacion de Datos en Puesto de Trabajo/span_Centro Costo de Prueba")): Object: 'Object Repository/Modulo Tarea Administracion Compensacion/Actualizacion de Datos en Puesto de Trabajo/span_Centro Costo de Prueba' is clicked on

2021-12-01 12:10:04 - [MESSAGE][PASSED] - Object: 'Object Repository/Modulo Tarea Administracion Compensacion/Actualizacion de Datos en Puesto de Trabajo/span_Centro Costo de Prueba' is clicked on

2021-12-01 12:10:04 - [TEST_STEP][PASSED] - click(findTestObject("Modulo Tarea Administracion Compensacion/Actualizacion de Datos en Puesto de Trabajo/select_-- Seleccione empleados_lineacosto"), STOP_ON_FAILURE): Object: 'Object Repository/Modulo Tarea Administracion Compensacion/Actualizacion de Datos en Puesto de Trabajo/select_-- Seleccione empleados_lineacosto' is clicked on

2021-12-01 12:10:05 - [MESSAGE][PASSED] - Object: 'Object Repository/Modulo Tarea Administracion Compensacion/Actualizacion de Datos en Puesto de Trabajo/select_-- Seleccione empleados_lineacosto' is clicked on

2021-12-01 12:10:05 - [TEST_STEP][PASSED] - if (verifyOptionSelectedByIndex(findTestObject("Modulo Tarea Administracion Compensacion/Actualizacion de Datos en Puesto de Trabajo/select_-- Seleccione empleados_lineacosto"), 1, 0, OPTIONAL)): null

2021-12-01 12:10:05 - [MESSAGE][WARNING] - Timeout '0' is invalid. Using default page load timeout: '30'

2021-12-01 12:10:06 - [MESSAGE][PASSED] - All options with index range in '1' are selected in object 'Object Repository/Modulo Tarea Administracion Compensacion/Actualizacion de Datos en Puesto de Trabajo/select_-- Seleccione empleados_lineacosto'

2021-12-01 12:10:06 - [TEST_STEP][PASSED] - selectOptionByIndex(findTestObject("Modulo Tarea Administracion Compensacion/Actualizacion de Datos en Puesto de Trabajo/select_-- Seleccione empleados_lineacosto"), 3): All options with index in [3] are selected on object 'Object Repository/Modulo Tarea Administracion Compensacion/Actualizacion de Datos en Puesto de Trabajo/select_-- Seleccione empleados_lineacosto'

2021-12-01 12:10:07 - [MESSAGE][PASSED] - All options with index in [3] are selected on object 'Object Repository/Modulo Tarea Administracion Compensacion/Actualizacion de Datos en Puesto de Trabajo/select_-- Seleccione empleados_lineacosto'

2021-12-01 12:10:07 - [TEST_STEP][PASSED] - if (verifyOptionSelectedByIndex(findTestObject("Modulo Tarea Administracion Compensacion/Actualizacion de Datos en Puesto de Trabajo/select_-- Seleccione Ubicacin Fsica"), 3, 1, OPTIONAL)): Only 0 in 1 option(s) with index range [3] is/are selected in object 'Object Repository/Modulo Tarea Administracion Compensacion/Actualizacion de Datos en Puesto de Trabajo/select_-- Seleccione Ubicacin Fsica' (Root cause: com.kms.katalon.core.exception.StepFailedException: Only 0 in 1 option(s) with index range [3] is/are selected in object 'Object Repository/Modulo Tarea Administracion Compensacion/Actualizacion de Datos en Puesto de Trabajo/select_-- Seleccione Ubicacin Fsica'
	at com.kms.katalon.core.webui.keyword.internal.WebUIKeywordMain.stepFailed(WebUIKeywordMain.groovy:64)
	at com.kms.katalon.core.webui.keyword.builtin.VerifyOptionSelectedByIndexKeyword$_verifyOptionSelectedByIndex_closure1.doCall(VerifyOptionSelectedByIndexKeyword.groovy:91)
	at com.kms.katalon.core.webui.keyword.builtin.VerifyOptionSelectedByIndexKeyword$_verifyOptionSelectedByIndex_closure1.call(VerifyOptionSelectedByIndexKeyword.groovy)
	at com.kms.katalon.core.webui.keyword.internal.WebUIKeywordMain.runKeyword(WebUIKeywordMain.groovy:20)
	at com.kms.katalon.core.webui.keyword.builtin.VerifyOptionSelectedByIndexKeyword.verifyOptionSelectedByIndex(VerifyOptionSelectedByIndexKeyword.groovy:102)
	at com.kms.katalon.core.webui.keyword.builtin.VerifyOptionSelectedByIndexKeyword.execute(VerifyOptionSelectedByIndexKeyword.groovy:69)
	at com.kms.katalon.core.keyword.internal.KeywordExecutor.executeKeywordForPlatform(KeywordExecutor.groovy:74)
	at com.kms.katalon.core.webui.keyword.WebUiBuiltInKeywords.verifyOptionSelectedByIndex(WebUiBuiltInKeywords.groovy:2326)
	at com.kms.katalon.core.webui.keyword.WebUiBuiltInKeywords$verifyOptionSelectedByIndex$21.call(Unknown Source)
	at 1.4.5-Actualizacion de Datos en Puesto de Trabajo.run(1.4.5-Actualizacion de Datos en Puesto de Trabajo:53)
	at com.kms.katalon.core.main.ScriptEngine.run(ScriptEngine.java:194)
	at com.kms.katalon.core.main.ScriptEngine.runScriptAsRawText(ScriptEngine.java:119)
	at com.kms.katalon.core.main.TestCaseExecutor.runScript(TestCaseExecutor.java:442)
	at com.kms.katalon.core.main.TestCaseExecutor.doExecute(TestCaseExecutor.java:433)
	at com.kms.katalon.core.main.TestCaseExecutor.processExecutionPhase(TestCaseExecutor.java:412)
	at com.kms.katalon.core.main.TestCaseExecutor.accessMainPhase(TestCaseExecutor.java:404)
	at com.kms.katalon.core.main.TestCaseExecutor.execute(TestCaseExecutor.java:281)
	at com.kms.katalon.core.main.TestSuiteExecutor.accessTestCaseMainPhase(TestSuiteExecutor.java:202)
	at com.kms.katalon.core.main.TestSuiteExecutor.accessTestSuiteMainPhase(TestSuiteExecutor.java:164)
	at com.kms.katalon.core.main.TestSuiteExecutor.execute(TestSuiteExecutor.java:105)
	at com.kms.katalon.core.main.TestCaseMain.startTestSuite(TestCaseMain.java:181)
	at com.kms.katalon.core.main.TestCaseMain$startTestSuite$0.call(Unknown Source)
	at TempTestSuite1638377114007.run(TempTestSuite1638377114007.groovy:36)
)

2021-12-01 12:10:19 - [MESSAGE][WARNING] - Only 0 in 1 option(s) with index range [3] is/are selected in object 'Object Repository/Modulo Tarea Administracion Compensacion/Actualizacion de Datos en Puesto de Trabajo/select_-- Seleccione Ubicacin Fsica' (Root cause: com.kms.katalon.core.exception.StepFailedException: Only 0 in 1 option(s) with index range [3] is/are selected in object 'Object Repository/Modulo Tarea Administracion Compensacion/Actualizacion de Datos en Puesto de Trabajo/select_-- Seleccione Ubicacin Fsica'
	at com.kms.katalon.core.webui.keyword.internal.WebUIKeywordMain.stepFailed(WebUIKeywordMain.groovy:64)
	at com.kms.katalon.core.webui.keyword.builtin.VerifyOptionSelectedByIndexKeyword$_verifyOptionSelectedByIndex_closure1.doCall(VerifyOptionSelectedByIndexKeyword.groovy:91)
	at com.kms.katalon.core.webui.keyword.builtin.VerifyOptionSelectedByIndexKeyword$_verifyOptionSelectedByIndex_closure1.call(VerifyOptionSelectedByIndexKeyword.groovy)
	at com.kms.katalon.core.webui.keyword.internal.WebUIKeywordMain.runKeyword(WebUIKeywordMain.groovy:20)
	at com.kms.katalon.core.webui.keyword.builtin.VerifyOptionSelectedByIndexKeyword.verifyOptionSelectedByIndex(VerifyOptionSelectedByIndexKeyword.groovy:102)
	at com.kms.katalon.core.webui.keyword.builtin.VerifyOptionSelectedByIndexKeyword.execute(VerifyOptionSelectedByIndexKeyword.groovy:69)
	at com.kms.katalon.core.keyword.internal.KeywordExecutor.executeKeywordForPlatform(KeywordExecutor.groovy:74)
	at com.kms.katalon.core.webui.keyword.WebUiBuiltInKeywords.verifyOptionSelectedByIndex(WebUiBuiltInKeywords.groovy:2326)
	at com.kms.katalon.core.webui.keyword.WebUiBuiltInKeywords$verifyOptionSelectedByIndex$21.call(Unknown Source)
	at 1.4.5-Actualizacion de Datos en Puesto de Trabajo.run(1.4.5-Actualizacion de Datos en Puesto de Trabajo:53)
	at com.kms.katalon.core.main.ScriptEngine.run(ScriptEngine.java:194)
	at com.kms.katalon.core.main.ScriptEngine.runScriptAsRawText(ScriptEngine.java:119)
	at com.kms.katalon.core.main.TestCaseExecutor.runScript(TestCaseExecutor.java:442)
	at com.kms.katalon.core.main.TestCaseExecutor.doExecute(TestCaseExecutor.java:433)
	at com.kms.katalon.core.main.TestCaseExecutor.processExecutionPhase(TestCaseExecutor.java:412)
	at com.kms.katalon.core.main.TestCaseExecutor.accessMainPhase(TestCaseExecutor.java:404)
	at com.kms.katalon.core.main.TestCaseExecutor.execute(TestCaseExecutor.java:281)
	at com.kms.katalon.core.main.TestSuiteExecutor.accessTestCaseMainPhase(TestSuiteExecutor.java:202)
	at com.kms.katalon.core.main.TestSuiteExecutor.accessTestSuiteMainPhase(TestSuiteExecutor.java:164)
	at com.kms.katalon.core.main.TestSuiteExecutor.execute(TestSuiteExecutor.java:105)
	at com.kms.katalon.core.main.TestCaseMain.startTestSuite(TestCaseMain.java:181)
	at com.kms.katalon.core.main.TestCaseMain$startTestSuite$0.call(Unknown Source)
	at TempTestSuite1638377114007.run(TempTestSuite1638377114007.groovy:36)
)
[[ATTACHMENT|C:\\Users\\diego.rojas\\git\\Pruebas-Minimas\\Reports\\20211201_114514\\Tareas Principales\\20211201_114514\\1638378619321.png]]

2021-12-01 12:10:19 - [TEST_STEP][PASSED] - else: All options with index in [3] are selected on object 'Object Repository/Modulo Tarea Administracion Compensacion/Actualizacion de Datos en Puesto de Trabajo/select_-- Seleccione Ubicacin Fsica'

2021-12-01 12:10:19 - [TEST_STEP][PASSED] - selectOptionByIndex(findTestObject("Modulo Tarea Administracion Compensacion/Actualizacion de Datos en Puesto de Trabajo/select_-- Seleccione Ubicacin Fsica"), 3): All options with index in [3] are selected on object 'Object Repository/Modulo Tarea Administracion Compensacion/Actualizacion de Datos en Puesto de Trabajo/select_-- Seleccione Ubicacin Fsica'

2021-12-01 12:10:20 - [MESSAGE][PASSED] - All options with index in [3] are selected on object 'Object Repository/Modulo Tarea Administracion Compensacion/Actualizacion de Datos en Puesto de Trabajo/select_-- Seleccione Ubicacin Fsica'

2021-12-01 12:10:20 - [TEST_STEP][PASSED] - if (verifyOptionSelectedByIndex(findTestObject("Modulo Tarea Administracion Compensacion/Actualizacion de Datos en Puesto de Trabajo/select_Turno"), 4, 1, OPTIONAL)): null

2021-12-01 12:10:22 - [MESSAGE][PASSED] - All options with index range in '4' are selected in object 'Object Repository/Modulo Tarea Administracion Compensacion/Actualizacion de Datos en Puesto de Trabajo/select_Turno'

2021-12-01 12:10:22 - [TEST_STEP][PASSED] - selectOptionByIndex(findTestObject("Modulo Tarea Administracion Compensacion/Actualizacion de Datos en Puesto de Trabajo/select_Turno"), 5): All options with index in [5] are selected on object 'Object Repository/Modulo Tarea Administracion Compensacion/Actualizacion de Datos en Puesto de Trabajo/select_Turno'

2021-12-01 12:10:23 - [MESSAGE][PASSED] - All options with index in [5] are selected on object 'Object Repository/Modulo Tarea Administracion Compensacion/Actualizacion de Datos en Puesto de Trabajo/select_Turno'

2021-12-01 12:10:23 - [TEST_STEP][PASSED] - if (verifyOptionSelectedByIndex(findTestObject("Modulo Tarea Administracion Compensacion/Actualizacion de Datos en Puesto de Trabajo/select_Tipo Periodo"), 7, 1, OPTIONAL)): null

2021-12-01 12:10:25 - [MESSAGE][PASSED] - All options with index range in '7' are selected in object 'Object Repository/Modulo Tarea Administracion Compensacion/Actualizacion de Datos en Puesto de Trabajo/select_Tipo Periodo'

2021-12-01 12:10:25 - [TEST_STEP][PASSED] - selectOptionByIndex(findTestObject("Modulo Tarea Administracion Compensacion/Actualizacion de Datos en Puesto de Trabajo/select_Tipo Periodo"), "6"): All options with index in [6] are selected on object 'Object Repository/Modulo Tarea Administracion Compensacion/Actualizacion de Datos en Puesto de Trabajo/select_Tipo Periodo'

2021-12-01 12:10:26 - [MESSAGE][PASSED] - All options with index in [6] are selected on object 'Object Repository/Modulo Tarea Administracion Compensacion/Actualizacion de Datos en Puesto de Trabajo/select_Tipo Periodo'

2021-12-01 12:10:26 - [TEST_STEP][PASSED] - if (verifyOptionSelectedByIndex(findTestObject("Modulo Tarea Administracion Compensacion/Actualizacion de Datos en Puesto de Trabajo/select_Vinculacion"), "8", 1, OPTIONAL)): null

2021-12-01 12:10:27 - [MESSAGE][PASSED] - All options with index range in '8' are selected in object 'Object Repository/Modulo Tarea Administracion Compensacion/Actualizacion de Datos en Puesto de Trabajo/select_Vinculacion'

2021-12-01 12:10:27 - [TEST_STEP][PASSED] - selectOptionByIndex(findTestObject("Modulo Tarea Administracion Compensacion/Actualizacion de Datos en Puesto de Trabajo/select_Vinculacion"), 9): All options with index in [9] are selected on object 'Object Repository/Modulo Tarea Administracion Compensacion/Actualizacion de Datos en Puesto de Trabajo/select_Vinculacion'

2021-12-01 12:10:28 - [MESSAGE][PASSED] - All options with index in [9] are selected on object 'Object Repository/Modulo Tarea Administracion Compensacion/Actualizacion de Datos en Puesto de Trabajo/select_Vinculacion'

2021-12-01 12:10:28 - [TEST_STEP][PASSED] - if (verifyOptionSelectedByIndex(findTestObject("Modulo Tarea Administracion Compensacion/Actualizacion de Datos en Puesto de Trabajo/select_Rol"), 1, 1, OPTIONAL)): null

2021-12-01 12:10:30 - [MESSAGE][PASSED] - All options with index range in '1' are selected in object 'Object Repository/Modulo Tarea Administracion Compensacion/Actualizacion de Datos en Puesto de Trabajo/select_Rol'

2021-12-01 12:10:30 - [TEST_STEP][PASSED] - selectOptionByIndex(findTestObject("Modulo Tarea Administracion Compensacion/Actualizacion de Datos en Puesto de Trabajo/select_Rol"), 3): All options with index in [3] are selected on object 'Object Repository/Modulo Tarea Administracion Compensacion/Actualizacion de Datos en Puesto de Trabajo/select_Rol'

2021-12-01 12:10:31 - [MESSAGE][PASSED] - All options with index in [3] are selected on object 'Object Repository/Modulo Tarea Administracion Compensacion/Actualizacion de Datos en Puesto de Trabajo/select_Rol'

2021-12-01 12:10:31 - [TEST_STEP][PASSED] - setText(findTestObject("Modulo Tarea Administracion Compensacion/Actualizacion de Datos en Puesto de Trabajo/input_Mesada"), identificacion): Text '1221934' is set on object 'Object Repository/Modulo Tarea Administracion Compensacion/Actualizacion de Datos en Puesto de Trabajo/input_Mesada'

2021-12-01 12:10:32 - [MESSAGE][PASSED] - Text '1221934' is set on object 'Object Repository/Modulo Tarea Administracion Compensacion/Actualizacion de Datos en Puesto de Trabajo/input_Mesada'

2021-12-01 12:10:32 - [TEST_STEP][PASSED] - click(findTestObject("Modulo Tarea Administracion Compensacion/Actualizacion de Datos en Puesto de Trabajo/a_Actualizar")): Object: 'Object Repository/Modulo Tarea Administracion Compensacion/Actualizacion de Datos en Puesto de Trabajo/a_Actualizar' is clicked on

2021-12-01 12:10:32 - [MESSAGE][PASSED] - Object: 'Object Repository/Modulo Tarea Administracion Compensacion/Actualizacion de Datos en Puesto de Trabajo/a_Actualizar' is clicked on

2021-12-01 12:10:32 - [TEST_STEP][PASSED] - getText(findTestObject("Alerta/Alerta")): Text of object 'Object Repository/Alerta/Alerta' is: 'Se Actualizo el registro correctamente'

2021-12-01 12:10:34 - [MESSAGE][PASSED] - Text of object 'Object Repository/Alerta/Alerta' is: 'Se Actualizo el registro correctamente']]></system-out>
         <system-err><![CDATA[]]></system-err>
      </testcase>
      <testcase name="Test Cases/1.1-Tareas Principales/1.4.6-Prestamo Liquidacion Periodica" time="37.729" classname="Test Cases/1.1-Tareas Principales/1.4.6-Prestamo Liquidacion Periodica" status="PASSED">
         <system-out><![CDATA[2021-12-01 12:10:34 - [TEST_CASE][PASSED] - Test Cases/1.1-Tareas Principales/1.4.6-Prestamo Liquidacion Periodica: Test Cases/1.1-Tareas Principales/1.4.6-Prestamo Liquidacion Periodica

2021-12-01 12:10:35 - [TEST_STEP][PASSED] - callTestCase(findTestCase("Hutilidades/Tareas Administracion Compensacion/Tarea Listado Empleados"), [:], STOP_ON_FAILURE): Call Test Case 'Test Cases/Hutilidades/Tareas Administracion Compensacion/Tarea Listado Empleados' successfully

2021-12-01 12:10:35 - [TEST_CASE][PASSED] - Test Cases/Hutilidades/Tareas Administracion Compensacion/Tarea Listado Empleados: Test Cases/Hutilidades/Tareas Administracion Compensacion/Tarea Listado Empleados

2021-12-01 12:10:35 - [TEST_STEP][PASSED] - callTestCase(findTestCase("0.1-Login"), [:], STOP_ON_FAILURE): Call Test Case 'Test Cases/0.1-Login' successfully

2021-12-01 12:10:35 - [TEST_CASE][PASSED] - Test Cases/0.1-Login: Test Cases/0.1-Login

2021-12-01 12:10:35 - [TEST_STEP][PASSED] - openBrowser(""): Browser is opened with url: ''

2021-12-01 12:10:35 - [MESSAGE][WARNING] - A browser is already opened. Closing browser and opening a new one

2021-12-01 12:10:36 - [MESSAGE][INFO] - Starting 'Chrome' driver

2021-12-01 12:10:36 - [MESSAGE][INFO] - Action delay is set to 0 milliseconds

2021-12-01 12:10:37 - [MESSAGE][PASSED] - Browser is opened with url: ''

2021-12-01 12:10:37 - [TEST_STEP][PASSED] - maximizeWindow(): Current window maximized

2021-12-01 12:10:37 - [MESSAGE][PASSED] - Current window maximized

2021-12-01 12:10:37 - [TEST_STEP][PASSED] - i = G_Login: null

2021-12-01 12:10:37 - [TEST_STEP][PASSED] - url = new java.net.URL(i): null

2021-12-01 12:10:37 - [TEST_STEP][PASSED] - println("URL: " + url.toString()): null

2021-12-01 12:10:37 - [TEST_STEP][PASSED] - connection = url.openConnection(): null

2021-12-01 12:10:37 - [TEST_STEP][PASSED] - connection.setRequestMethod("GET"): null

2021-12-01 12:10:37 - [TEST_STEP][PASSED] - connection.setReadTimeout(2 * 1000): null

2021-12-01 12:10:37 - [TEST_STEP][PASSED] - try: null

2021-12-01 12:10:37 - [TEST_STEP][PASSED] - connection.connect(): null

2021-12-01 12:10:37 - [TEST_STEP][PASSED] - flag = connected: null

2021-12-01 12:10:37 - [TEST_STEP][PASSED] - println("Valor_ori: " + flag): null

2021-12-01 12:10:37 - [TEST_STEP][PASSED] - if (flag): null

2021-12-01 12:10:37 - [TEST_STEP][PASSED] - navigateToUrl(i): Navigate to 'http://localhost:8380/saraweb/' successfully

2021-12-01 12:10:38 - [MESSAGE][PASSED] - Navigate to 'http://localhost:8380/saraweb/' successfully

2021-12-01 12:10:38 - [TEST_STEP][PASSED] - a(): null

2021-12-01 12:10:38 - [TEST_STEP][PASSED] - setText(findTestObject("Login/input_USUARIO_loginusuario"), G_Usuario): Text 'saraadmin' is set on object 'Object Repository/Login/input_USUARIO_loginusuario'

2021-12-01 12:10:39 - [MESSAGE][PASSED] - Text 'saraadmin' is set on object 'Object Repository/Login/input_USUARIO_loginusuario'

2021-12-01 12:10:39 - [TEST_STEP][PASSED] - setEncryptedText(findTestObject("Login/input_CLAVE_loginpassword"), "MkG4/TYiCFC3cb2driP7+Q=="): Text ****** has been set on object 'Object Repository/Login/input_CLAVE_loginpassword'

2021-12-01 12:10:39 - [MESSAGE][PASSED] - Text ****** has been set on object 'Object Repository/Login/input_CLAVE_loginpassword'

2021-12-01 12:10:39 - [TEST_STEP][PASSED] - waitForElementClickable(findTestObject("Login/a_Ingresar"), G_TimeOut): Object 'Object Repository/Login/a_Ingresar' is clickable

2021-12-01 12:10:39 - [MESSAGE][PASSED] - Object 'Object Repository/Login/a_Ingresar' is clickable

2021-12-01 12:10:39 - [TEST_STEP][PASSED] - click(findTestObject("Login/a_Ingresar")): Object: 'Object Repository/Login/a_Ingresar' is clicked on

2021-12-01 12:10:43 - [MESSAGE][PASSED] - Object: 'Object Repository/Login/a_Ingresar' is clicked on

2021-12-01 12:10:43 - [TEST_STEP][PASSED] - element = findWebElement(findTestObject("Login/a_Ir"), 30): null

2021-12-01 12:10:43 - [TEST_STEP][PASSED] - executeJavaScript("arguments[0].click()", Arrays.asList(element)): Execute JavaScript 'arguments[0].click()' successfully

2021-12-01 12:10:43 - [MESSAGE][PASSED] - Execute JavaScript 'arguments[0].click()' successfully

2021-12-01 12:10:43 - [MESSAGE][PASSED] - Call Test Case 'Test Cases/0.1-Login' successfully

2021-12-01 12:10:43 - [TEST_STEP][PASSED] - setText(findTestObject("Modulo Tarea Listado Hojas de Vida/Tareas Listado Hojas de Vida/input_Listado Hojas De Vida_form_templatej_idt24_input"), "Listado de Empleados"): Text 'Listado de Empleados' is set on object 'Object Repository/Modulo Tarea Listado Hojas de Vida/Tareas Listado Hojas de Vida/input_Listado Hojas De Vida_form_templatej_idt24_input'

2021-12-01 12:10:45 - [MESSAGE][PASSED] - Text 'Listado de Empleados' is set on object 'Object Repository/Modulo Tarea Listado Hojas de Vida/Tareas Listado Hojas de Vida/input_Listado Hojas De Vida_form_templatej_idt24_input'

2021-12-01 12:10:45 - [TEST_STEP][PASSED] - delay(3): Delayed 3 second(s)

2021-12-01 12:10:48 - [MESSAGE][PASSED] - Delayed 3 second(s)

2021-12-01 12:10:48 - [TEST_STEP][PASSED] - sendKeys(findTestObject("Modulo Tarea Listado Hojas de Vida/Tareas Listado Hojas de Vida/input_Listado Hojas De Vida_form_templatej_idt24_input"), Keys.chord(ENTER)): Keys 'ENTER + ' sent to object: 'Object Repository/Modulo Tarea Listado Hojas de Vida/Tareas Listado Hojas de Vida/input_Listado Hojas De Vida_form_templatej_idt24_input'

2021-12-01 12:10:48 - [MESSAGE][PASSED] - Keys 'ENTER + ' sent to object: 'Object Repository/Modulo Tarea Listado Hojas de Vida/Tareas Listado Hojas de Vida/input_Listado Hojas De Vida_form_templatej_idt24_input'

2021-12-01 12:10:48 - [MESSAGE][PASSED] - Call Test Case 'Test Cases/Hutilidades/Tareas Administracion Compensacion/Tarea Listado Empleados' successfully

2021-12-01 12:10:48 - [TEST_STEP][PASSED] - setText(findTestObject("Modulo Tarea Administracion Compensacion/Prestamo Liquidacion Periodica/input_close_popupFiltroEmplead"), "354968431354"): Text '354968431354' is set on object 'Object Repository/Modulo Tarea Administracion Compensacion/Prestamo Liquidacion Periodica/input_close_popupFiltroEmplead'

2021-12-01 12:10:53 - [MESSAGE][PASSED] - Text '354968431354' is set on object 'Object Repository/Modulo Tarea Administracion Compensacion/Prestamo Liquidacion Periodica/input_close_popupFiltroEmplead'

2021-12-01 12:10:53 - [TEST_STEP][PASSED] - sendKeys(findTestObject("Modulo Tarea Administracion Compensacion/Prestamo Liquidacion Periodica/input_close_popupFiltroEmplead"), Keys.chord(ENTER)): Keys 'ENTER + ' sent to object: 'Object Repository/Modulo Tarea Administracion Compensacion/Prestamo Liquidacion Periodica/input_close_popupFiltroEmplead'

2021-12-01 12:10:53 - [MESSAGE][PASSED] - Keys 'ENTER + ' sent to object: 'Object Repository/Modulo Tarea Administracion Compensacion/Prestamo Liquidacion Periodica/input_close_popupFiltroEmplead'

2021-12-01 12:10:53 - [TEST_STEP][PASSED] - waitForElementClickable(findTestObject("Modulo Tarea Administracion Compensacion/Prestamo Liquidacion Periodica/span_CONSTA BELFEGORD JHON"), G_TimeOut): Object 'Object Repository/Modulo Tarea Administracion Compensacion/Prestamo Liquidacion Periodica/span_CONSTA BELFEGORD JHON' is clickable

2021-12-01 12:10:54 - [MESSAGE][PASSED] - Object 'Object Repository/Modulo Tarea Administracion Compensacion/Prestamo Liquidacion Periodica/span_CONSTA BELFEGORD JHON' is clickable

2021-12-01 12:10:54 - [TEST_STEP][PASSED] - click(findTestObject("Modulo Tarea Administracion Compensacion/Prestamo Liquidacion Periodica/span_CONSTA BELFEGORD JHON")): Object: 'Object Repository/Modulo Tarea Administracion Compensacion/Prestamo Liquidacion Periodica/span_CONSTA BELFEGORD JHON' is clicked on

2021-12-01 12:10:55 - [MESSAGE][PASSED] - Object: 'Object Repository/Modulo Tarea Administracion Compensacion/Prestamo Liquidacion Periodica/span_CONSTA BELFEGORD JHON' is clicked on

2021-12-01 12:10:55 - [TEST_STEP][PASSED] - waitForElementClickable(findTestObject("Modulo Tarea Administracion Compensacion/Prestamo Liquidacion Periodica/a_Liquidacin Periodica"), G_TimeOut): Object 'Object Repository/Modulo Tarea Administracion Compensacion/Prestamo Liquidacion Periodica/a_Liquidacin Periodica' is clickable

2021-12-01 12:10:55 - [MESSAGE][PASSED] - Object 'Object Repository/Modulo Tarea Administracion Compensacion/Prestamo Liquidacion Periodica/a_Liquidacin Periodica' is clickable

2021-12-01 12:10:55 - [TEST_STEP][PASSED] - click(findTestObject("Modulo Tarea Administracion Compensacion/Prestamo Liquidacion Periodica/a_Liquidacin Periodica")): Object: 'Object Repository/Modulo Tarea Administracion Compensacion/Prestamo Liquidacion Periodica/a_Liquidacin Periodica' is clicked on

2021-12-01 12:10:56 - [MESSAGE][PASSED] - Object: 'Object Repository/Modulo Tarea Administracion Compensacion/Prestamo Liquidacion Periodica/a_Liquidacin Periodica' is clicked on

2021-12-01 12:10:56 - [TEST_STEP][PASSED] - waitForElementClickable(findTestObject("Modulo Tarea Administracion Compensacion/Prestamo Liquidacion Periodica/a_Nuevo"), G_TimeOut): Object 'Object Repository/Modulo Tarea Administracion Compensacion/Prestamo Liquidacion Periodica/a_Nuevo' is clickable

2021-12-01 12:10:57 - [MESSAGE][PASSED] - Object 'Object Repository/Modulo Tarea Administracion Compensacion/Prestamo Liquidacion Periodica/a_Nuevo' is clickable

2021-12-01 12:10:57 - [TEST_STEP][PASSED] - click(findTestObject("Modulo Tarea Administracion Compensacion/Prestamo Liquidacion Periodica/a_Nuevo")): Object: 'Object Repository/Modulo Tarea Administracion Compensacion/Prestamo Liquidacion Periodica/a_Nuevo' is clicked on

2021-12-01 12:10:57 - [MESSAGE][PASSED] - Object: 'Object Repository/Modulo Tarea Administracion Compensacion/Prestamo Liquidacion Periodica/a_Nuevo' is clicked on

2021-12-01 12:10:57 - [TEST_STEP][PASSED] - waitForElementClickable(findTestObject("Modulo Tarea Administracion Compensacion/Prestamo Liquidacion Periodica/select_-- seleccione --BC - PR"), G_TimeOut): Object 'Object Repository/Modulo Tarea Administracion Compensacion/Prestamo Liquidacion Periodica/select_-- seleccione --BC - PR' is clickable

2021-12-01 12:10:58 - [MESSAGE][PASSED] - Object 'Object Repository/Modulo Tarea Administracion Compensacion/Prestamo Liquidacion Periodica/select_-- seleccione --BC - PR' is clickable

2021-12-01 12:10:58 - [TEST_STEP][PASSED] - click(findTestObject("Modulo Tarea Administracion Compensacion/Prestamo Liquidacion Periodica/select_-- seleccione --BC - PR")): Object: 'Object Repository/Modulo Tarea Administracion Compensacion/Prestamo Liquidacion Periodica/select_-- seleccione --BC - PR' is clicked on

2021-12-01 12:10:58 - [MESSAGE][PASSED] - Object: 'Object Repository/Modulo Tarea Administracion Compensacion/Prestamo Liquidacion Periodica/select_-- seleccione --BC - PR' is clicked on

2021-12-01 12:10:58 - [TEST_STEP][PASSED] - selectOptionByIndex(findTestObject("Modulo Tarea Administracion Compensacion/Prestamo Liquidacion Periodica/select_-- seleccione --BC - PR"), "1"): All options with index in [1] are selected on object 'Object Repository/Modulo Tarea Administracion Compensacion/Prestamo Liquidacion Periodica/select_-- seleccione --BC - PR'

2021-12-01 12:10:59 - [MESSAGE][PASSED] - All options with index in [1] are selected on object 'Object Repository/Modulo Tarea Administracion Compensacion/Prestamo Liquidacion Periodica/select_-- seleccione --BC - PR'

2021-12-01 12:10:59 - [TEST_STEP][PASSED] - click(findTestObject("Modulo Tarea Administracion Compensacion/Prestamo Liquidacion Periodica/input_Monto Inicial_form_liqui")): Object: 'Object Repository/Modulo Tarea Administracion Compensacion/Prestamo Liquidacion Periodica/input_Monto Inicial_form_liqui' is clicked on

2021-12-01 12:11:00 - [MESSAGE][PASSED] - Object: 'Object Repository/Modulo Tarea Administracion Compensacion/Prestamo Liquidacion Periodica/input_Monto Inicial_form_liqui' is clicked on

2021-12-01 12:11:00 - [TEST_STEP][PASSED] - sendKeys(findTestObject("Modulo Tarea Administracion Compensacion/Prestamo Liquidacion Periodica/input_Monto Inicial_form_liqui"), Keys.chord(CONTROL, "a")): Keys 'CONTROL + a' sent to object: 'Object Repository/Modulo Tarea Administracion Compensacion/Prestamo Liquidacion Periodica/input_Monto Inicial_form_liqui'

2021-12-01 12:11:00 - [MESSAGE][PASSED] - Keys 'CONTROL + a' sent to object: 'Object Repository/Modulo Tarea Administracion Compensacion/Prestamo Liquidacion Periodica/input_Monto Inicial_form_liqui'

2021-12-01 12:11:00 - [TEST_STEP][PASSED] - sendKeys(findTestObject("Modulo Tarea Administracion Compensacion/Prestamo Liquidacion Periodica/input_Monto Inicial_form_liqui"), Keys.chord(BACK_SPACE)): Keys 'BACK_SPACE + ' sent to object: 'Object Repository/Modulo Tarea Administracion Compensacion/Prestamo Liquidacion Periodica/input_Monto Inicial_form_liqui'

2021-12-01 12:11:00 - [MESSAGE][PASSED] - Keys 'BACK_SPACE + ' sent to object: 'Object Repository/Modulo Tarea Administracion Compensacion/Prestamo Liquidacion Periodica/input_Monto Inicial_form_liqui'

2021-12-01 12:11:00 - [TEST_STEP][PASSED] - setText(findTestObject("Modulo Tarea Administracion Compensacion/Prestamo Liquidacion Periodica/input_Monto Inicial_form_liqui"), "3000000"): Text '3000000' is set on object 'Object Repository/Modulo Tarea Administracion Compensacion/Prestamo Liquidacion Periodica/input_Monto Inicial_form_liqui'

2021-12-01 12:11:01 - [MESSAGE][PASSED] - Text '3000000' is set on object 'Object Repository/Modulo Tarea Administracion Compensacion/Prestamo Liquidacion Periodica/input_Monto Inicial_form_liqui'

2021-12-01 12:11:01 - [TEST_STEP][PASSED] - waitForElementClickable(findTestObject("Modulo Tarea Administracion Compensacion/Prestamo Liquidacion Periodica/input_Total Abonado_form_liqui"), 0): Object 'Object Repository/Modulo Tarea Administracion Compensacion/Prestamo Liquidacion Periodica/input_Total Abonado_form_liqui' is clickable

2021-12-01 12:11:01 - [MESSAGE][WARNING] - Timeout '0' is invalid. Using default page load timeout: '30'

2021-12-01 12:11:02 - [MESSAGE][PASSED] - Object 'Object Repository/Modulo Tarea Administracion Compensacion/Prestamo Liquidacion Periodica/input_Total Abonado_form_liqui' is clickable

2021-12-01 12:11:02 - [TEST_STEP][PASSED] - click(findTestObject("Modulo Tarea Administracion Compensacion/Prestamo Liquidacion Periodica/input_Total Abonado_form_liqui")): Object: 'Object Repository/Modulo Tarea Administracion Compensacion/Prestamo Liquidacion Periodica/input_Total Abonado_form_liqui' is clicked on

2021-12-01 12:11:02 - [MESSAGE][PASSED] - Object: 'Object Repository/Modulo Tarea Administracion Compensacion/Prestamo Liquidacion Periodica/input_Total Abonado_form_liqui' is clicked on

2021-12-01 12:11:02 - [TEST_STEP][PASSED] - sendKeys(findTestObject("Modulo Tarea Administracion Compensacion/Prestamo Liquidacion Periodica/input_Total Abonado_form_liqui"), Keys.chord(CONTROL, "a")): Keys 'CONTROL + a' sent to object: 'Object Repository/Modulo Tarea Administracion Compensacion/Prestamo Liquidacion Periodica/input_Total Abonado_form_liqui'

2021-12-01 12:11:03 - [MESSAGE][PASSED] - Keys 'CONTROL + a' sent to object: 'Object Repository/Modulo Tarea Administracion Compensacion/Prestamo Liquidacion Periodica/input_Total Abonado_form_liqui'

2021-12-01 12:11:03 - [TEST_STEP][PASSED] - sendKeys(findTestObject("Modulo Tarea Administracion Compensacion/Prestamo Liquidacion Periodica/input_Total Abonado_form_liqui"), Keys.chord(BACK_SPACE)): Keys 'BACK_SPACE + ' sent to object: 'Object Repository/Modulo Tarea Administracion Compensacion/Prestamo Liquidacion Periodica/input_Total Abonado_form_liqui'

2021-12-01 12:11:03 - [MESSAGE][PASSED] - Keys 'BACK_SPACE + ' sent to object: 'Object Repository/Modulo Tarea Administracion Compensacion/Prestamo Liquidacion Periodica/input_Total Abonado_form_liqui'

2021-12-01 12:11:03 - [TEST_STEP][PASSED] - setText(findTestObject("Modulo Tarea Administracion Compensacion/Prestamo Liquidacion Periodica/input_Total Abonado_form_liqui"), "1500000"): Text '1500000' is set on object 'Object Repository/Modulo Tarea Administracion Compensacion/Prestamo Liquidacion Periodica/input_Total Abonado_form_liqui'

2021-12-01 12:11:04 - [MESSAGE][PASSED] - Text '1500000' is set on object 'Object Repository/Modulo Tarea Administracion Compensacion/Prestamo Liquidacion Periodica/input_Total Abonado_form_liqui'

2021-12-01 12:11:04 - [TEST_STEP][PASSED] - setText(findTestObject("Modulo Tarea Administracion Compensacion/Prestamo Liquidacion Periodica/input_Fecha Inicial _form_liqu"), "01/01/2019"): Text '01/01/2019' is set on object 'Object Repository/Modulo Tarea Administracion Compensacion/Prestamo Liquidacion Periodica/input_Fecha Inicial _form_liqu'

2021-12-01 12:11:05 - [MESSAGE][PASSED] - Text '01/01/2019' is set on object 'Object Repository/Modulo Tarea Administracion Compensacion/Prestamo Liquidacion Periodica/input_Fecha Inicial _form_liqu'

2021-12-01 12:11:05 - [TEST_STEP][PASSED] - sendKeys(findTestObject("Modulo Tarea Administracion Compensacion/Prestamo Liquidacion Periodica/input_Fecha Inicial _form_liqu"), Keys.chord(ENTER)): Keys 'ENTER + ' sent to object: 'Object Repository/Modulo Tarea Administracion Compensacion/Prestamo Liquidacion Periodica/input_Fecha Inicial _form_liqu'

2021-12-01 12:11:05 - [MESSAGE][PASSED] - Keys 'ENTER + ' sent to object: 'Object Repository/Modulo Tarea Administracion Compensacion/Prestamo Liquidacion Periodica/input_Fecha Inicial _form_liqu'

2021-12-01 12:11:05 - [TEST_STEP][PASSED] - setText(findTestObject("Modulo Tarea Administracion Compensacion/Prestamo Liquidacion Periodica/input_Nmero Cuotas_form_liquid"), "15"): Text '15' is set on object 'Object Repository/Modulo Tarea Administracion Compensacion/Prestamo Liquidacion Periodica/input_Nmero Cuotas_form_liquid'

2021-12-01 12:11:06 - [MESSAGE][PASSED] - Text '15' is set on object 'Object Repository/Modulo Tarea Administracion Compensacion/Prestamo Liquidacion Periodica/input_Nmero Cuotas_form_liquid'

2021-12-01 12:11:06 - [TEST_STEP][PASSED] - setText(findTestObject("Modulo Tarea Administracion Compensacion/Prestamo Liquidacion Periodica/input_Documento Beneficiario_f"), "354968431354"): Text '354968431354' is set on object 'Object Repository/Modulo Tarea Administracion Compensacion/Prestamo Liquidacion Periodica/input_Documento Beneficiario_f'

2021-12-01 12:11:07 - [MESSAGE][PASSED] - Text '354968431354' is set on object 'Object Repository/Modulo Tarea Administracion Compensacion/Prestamo Liquidacion Periodica/input_Documento Beneficiario_f'

2021-12-01 12:11:07 - [TEST_STEP][PASSED] - setText(findTestObject("Modulo Tarea Administracion Compensacion/Prestamo Liquidacion Periodica/textarea_Observacin_form_liqui"), "Prueba"): Text 'Prueba' is set on object 'Object Repository/Modulo Tarea Administracion Compensacion/Prestamo Liquidacion Periodica/textarea_Observacin_form_liqui'

2021-12-01 12:11:08 - [MESSAGE][PASSED] - Text 'Prueba' is set on object 'Object Repository/Modulo Tarea Administracion Compensacion/Prestamo Liquidacion Periodica/textarea_Observacin_form_liqui'

2021-12-01 12:11:08 - [TEST_STEP][PASSED] - waitForElementClickable(findTestObject("Modulo Tarea Administracion Compensacion/Prestamo Liquidacion Periodica/a_Guardar"), G_TimeOut): Object 'Object Repository/Modulo Tarea Administracion Compensacion/Prestamo Liquidacion Periodica/a_Guardar' is clickable

2021-12-01 12:11:08 - [MESSAGE][PASSED] - Object 'Object Repository/Modulo Tarea Administracion Compensacion/Prestamo Liquidacion Periodica/a_Guardar' is clickable

2021-12-01 12:11:08 - [TEST_STEP][PASSED] - click(findTestObject("Modulo Tarea Administracion Compensacion/Prestamo Liquidacion Periodica/a_Guardar")): Object: 'Object Repository/Modulo Tarea Administracion Compensacion/Prestamo Liquidacion Periodica/a_Guardar' is clicked on

2021-12-01 12:11:09 - [MESSAGE][PASSED] - Object: 'Object Repository/Modulo Tarea Administracion Compensacion/Prestamo Liquidacion Periodica/a_Guardar' is clicked on

2021-12-01 12:11:09 - [TEST_STEP][PASSED] - getText(findTestObject("Alerta/Alerta")): Text of object 'Object Repository/Alerta/Alerta' is: 'Se modifico el registro satisfactoriamente'

2021-12-01 12:11:11 - [MESSAGE][PASSED] - Text of object 'Object Repository/Alerta/Alerta' is: 'Se modifico el registro satisfactoriamente'

2021-12-01 12:11:11 - [TEST_STEP][PASSED] - closeBrowser(): Browser is closed

2021-12-01 12:11:12 - [MESSAGE][PASSED] - Browser is closed]]></system-out>
         <system-err><![CDATA[]]></system-err>
      </testcase>
      <testcase name="Test Cases/1.1-Tareas Principales/1.4.7-Liquidacion concepto de Nomina" time="29.944" classname="Test Cases/1.1-Tareas Principales/1.4.7-Liquidacion concepto de Nomina" status="PASSED">
         <system-out><![CDATA[2021-12-01 12:11:12 - [TEST_CASE][PASSED] - Test Cases/1.1-Tareas Principales/1.4.7-Liquidacion concepto de Nomina: Test Cases/1.1-Tareas Principales/1.4.7-Liquidacion concepto de Nomina

2021-12-01 12:11:12 - [TEST_STEP][PASSED] - callTestCase(findTestCase("Hutilidades/Tareas Administracion Compensacion/Tarea Liquidacion Nomina"), [:], STOP_ON_FAILURE): Call Test Case 'Test Cases/Hutilidades/Tareas Administracion Compensacion/Tarea Liquidacion Nomina' successfully

2021-12-01 12:11:13 - [TEST_CASE][PASSED] - Test Cases/Hutilidades/Tareas Administracion Compensacion/Tarea Liquidacion Nomina: Test Cases/Hutilidades/Tareas Administracion Compensacion/Tarea Liquidacion Nomina

2021-12-01 12:11:13 - [TEST_STEP][PASSED] - callTestCase(findTestCase("0.1-Login"), [:], STOP_ON_FAILURE): Call Test Case 'Test Cases/0.1-Login' successfully

2021-12-01 12:11:13 - [TEST_CASE][PASSED] - Test Cases/0.1-Login: Test Cases/0.1-Login

2021-12-01 12:11:13 - [TEST_STEP][PASSED] - openBrowser(""): Browser is opened with url: ''

2021-12-01 12:11:13 - [MESSAGE][INFO] - Starting 'Chrome' driver

2021-12-01 12:11:13 - [MESSAGE][INFO] - Action delay is set to 0 milliseconds

2021-12-01 12:11:14 - [MESSAGE][PASSED] - Browser is opened with url: ''

2021-12-01 12:11:14 - [TEST_STEP][PASSED] - maximizeWindow(): Current window maximized

2021-12-01 12:11:14 - [MESSAGE][PASSED] - Current window maximized

2021-12-01 12:11:14 - [TEST_STEP][PASSED] - i = G_Login: null

2021-12-01 12:11:14 - [TEST_STEP][PASSED] - url = new java.net.URL(i): null

2021-12-01 12:11:14 - [TEST_STEP][PASSED] - println("URL: " + url.toString()): null

2021-12-01 12:11:14 - [TEST_STEP][PASSED] - connection = url.openConnection(): null

2021-12-01 12:11:14 - [TEST_STEP][PASSED] - connection.setRequestMethod("GET"): null

2021-12-01 12:11:14 - [TEST_STEP][PASSED] - connection.setReadTimeout(2 * 1000): null

2021-12-01 12:11:14 - [TEST_STEP][PASSED] - try: null

2021-12-01 12:11:14 - [TEST_STEP][PASSED] - connection.connect(): null

2021-12-01 12:11:14 - [TEST_STEP][PASSED] - flag = connected: null

2021-12-01 12:11:14 - [TEST_STEP][PASSED] - println("Valor_ori: " + flag): null

2021-12-01 12:11:14 - [TEST_STEP][PASSED] - if (flag): null

2021-12-01 12:11:14 - [TEST_STEP][PASSED] - navigateToUrl(i): Navigate to 'http://localhost:8380/saraweb/' successfully

2021-12-01 12:11:15 - [MESSAGE][PASSED] - Navigate to 'http://localhost:8380/saraweb/' successfully

2021-12-01 12:11:15 - [TEST_STEP][PASSED] - a(): null

2021-12-01 12:11:15 - [TEST_STEP][PASSED] - setText(findTestObject("Login/input_USUARIO_loginusuario"), G_Usuario): Text 'saraadmin' is set on object 'Object Repository/Login/input_USUARIO_loginusuario'

2021-12-01 12:11:16 - [MESSAGE][PASSED] - Text 'saraadmin' is set on object 'Object Repository/Login/input_USUARIO_loginusuario'

2021-12-01 12:11:16 - [TEST_STEP][PASSED] - setEncryptedText(findTestObject("Login/input_CLAVE_loginpassword"), "MkG4/TYiCFC3cb2driP7+Q=="): Text ****** has been set on object 'Object Repository/Login/input_CLAVE_loginpassword'

2021-12-01 12:11:16 - [MESSAGE][PASSED] - Text ****** has been set on object 'Object Repository/Login/input_CLAVE_loginpassword'

2021-12-01 12:11:16 - [TEST_STEP][PASSED] - waitForElementClickable(findTestObject("Login/a_Ingresar"), G_TimeOut): Object 'Object Repository/Login/a_Ingresar' is clickable

2021-12-01 12:11:17 - [MESSAGE][PASSED] - Object 'Object Repository/Login/a_Ingresar' is clickable

2021-12-01 12:11:17 - [TEST_STEP][PASSED] - click(findTestObject("Login/a_Ingresar")): Object: 'Object Repository/Login/a_Ingresar' is clicked on

2021-12-01 12:11:19 - [MESSAGE][PASSED] - Object: 'Object Repository/Login/a_Ingresar' is clicked on

2021-12-01 12:11:19 - [TEST_STEP][PASSED] - element = findWebElement(findTestObject("Login/a_Ir"), 30): null

2021-12-01 12:11:19 - [TEST_STEP][PASSED] - executeJavaScript("arguments[0].click()", Arrays.asList(element)): Execute JavaScript 'arguments[0].click()' successfully

2021-12-01 12:11:19 - [MESSAGE][PASSED] - Execute JavaScript 'arguments[0].click()' successfully

2021-12-01 12:11:19 - [MESSAGE][PASSED] - Call Test Case 'Test Cases/0.1-Login' successfully

2021-12-01 12:11:19 - [TEST_STEP][PASSED] - delay(2): Delayed 2 second(s)

2021-12-01 12:11:21 - [MESSAGE][PASSED] - Delayed 2 second(s)

2021-12-01 12:11:21 - [TEST_STEP][PASSED] - setText(findTestObject("Modulo Tarea Administracion Compensacion/Tarea Liquidacion Nomina/input_Listado de Empleados_"), "Liquidacion Nomina"): Text 'Liquidacion Nomina' is set on object 'Object Repository/Modulo Tarea Administracion Compensacion/Tarea Liquidacion Nomina/input_Listado de Empleados_'

2021-12-01 12:11:22 - [MESSAGE][PASSED] - Text 'Liquidacion Nomina' is set on object 'Object Repository/Modulo Tarea Administracion Compensacion/Tarea Liquidacion Nomina/input_Listado de Empleados_'

2021-12-01 12:11:22 - [TEST_STEP][PASSED] - delay(1): Delayed 1 second(s)

2021-12-01 12:11:23 - [MESSAGE][PASSED] - Delayed 1 second(s)

2021-12-01 12:11:23 - [TEST_STEP][PASSED] - sendKeys(findTestObject("Modulo Tarea Administracion Compensacion/Tarea Liquidacion Nomina/input_Listado de Empleados_"), Keys.chord(ENTER)): Keys 'ENTER + ' sent to object: 'Object Repository/Modulo Tarea Administracion Compensacion/Tarea Liquidacion Nomina/input_Listado de Empleados_'

2021-12-01 12:11:23 - [MESSAGE][PASSED] - Keys 'ENTER + ' sent to object: 'Object Repository/Modulo Tarea Administracion Compensacion/Tarea Liquidacion Nomina/input_Listado de Empleados_'

2021-12-01 12:11:23 - [MESSAGE][PASSED] - Call Test Case 'Test Cases/Hutilidades/Tareas Administracion Compensacion/Tarea Liquidacion Nomina' successfully

2021-12-01 12:11:23 - [TEST_STEP][PASSED] - waitForElementClickable(findTestObject("Modulo Tarea Administracion Compensacion/Legalizar licencia Remunerada/Liquidacion Concepto de Nomina/a_Periodo Nomina_Liquidacion"), G_TimeOut): Object 'Object Repository/Modulo Tarea Administracion Compensacion/Legalizar licencia Remunerada/Liquidacion Concepto de Nomina/a_Periodo Nomina_Liquidacion' is clickable

2021-12-01 12:11:24 - [MESSAGE][PASSED] - Object 'Object Repository/Modulo Tarea Administracion Compensacion/Legalizar licencia Remunerada/Liquidacion Concepto de Nomina/a_Periodo Nomina_Liquidacion' is clickable

2021-12-01 12:11:24 - [TEST_STEP][PASSED] - click(findTestObject("Modulo Tarea Administracion Compensacion/Legalizar licencia Remunerada/Liquidacion Concepto de Nomina/a_Periodo Nomina_Liquidacion")): Object: 'Object Repository/Modulo Tarea Administracion Compensacion/Legalizar licencia Remunerada/Liquidacion Concepto de Nomina/a_Periodo Nomina_Liquidacion' is clicked on

2021-12-01 12:11:25 - [MESSAGE][PASSED] - Object: 'Object Repository/Modulo Tarea Administracion Compensacion/Legalizar licencia Remunerada/Liquidacion Concepto de Nomina/a_Periodo Nomina_Liquidacion' is clicked on

2021-12-01 12:11:25 - [TEST_STEP][PASSED] - waitForElementClickable(findTestObject("Modulo Tarea Administracion Compensacion/Legalizar licencia Remunerada/Liquidacion Concepto de Nomina/select_--  Seleccione  --Periodo Cerrado"), G_TimeOut): Object 'Object Repository/Modulo Tarea Administracion Compensacion/Legalizar licencia Remunerada/Liquidacion Concepto de Nomina/select_--  Seleccione  --Periodo Cerrado' is clickable

2021-12-01 12:11:26 - [MESSAGE][PASSED] - Object 'Object Repository/Modulo Tarea Administracion Compensacion/Legalizar licencia Remunerada/Liquidacion Concepto de Nomina/select_--  Seleccione  --Periodo Cerrado' is clickable

2021-12-01 12:11:26 - [TEST_STEP][PASSED] - click(findTestObject("Modulo Tarea Administracion Compensacion/Legalizar licencia Remunerada/Liquidacion Concepto de Nomina/select_--  Seleccione  --Periodo Cerrado")): Object: 'Object Repository/Modulo Tarea Administracion Compensacion/Legalizar licencia Remunerada/Liquidacion Concepto de Nomina/select_--  Seleccione  --Periodo Cerrado' is clicked on

2021-12-01 12:11:26 - [MESSAGE][PASSED] - Object: 'Object Repository/Modulo Tarea Administracion Compensacion/Legalizar licencia Remunerada/Liquidacion Concepto de Nomina/select_--  Seleccione  --Periodo Cerrado' is clicked on

2021-12-01 12:11:26 - [TEST_STEP][PASSED] - selectOptionByIndex(findTestObject("Modulo Tarea Administracion Compensacion/Legalizar licencia Remunerada/Liquidacion Concepto de Nomina/select_--  Seleccione  --Periodo Cerrado"), "2"): All options with index in [2] are selected on object 'Object Repository/Modulo Tarea Administracion Compensacion/Legalizar licencia Remunerada/Liquidacion Concepto de Nomina/select_--  Seleccione  --Periodo Cerrado'

2021-12-01 12:11:27 - [MESSAGE][PASSED] - All options with index in [2] are selected on object 'Object Repository/Modulo Tarea Administracion Compensacion/Legalizar licencia Remunerada/Liquidacion Concepto de Nomina/select_--  Seleccione  --Periodo Cerrado'

2021-12-01 12:11:27 - [TEST_STEP][PASSED] - waitForElementClickable(findTestObject("Modulo Tarea Administracion Compensacion/Legalizar licencia Remunerada/Liquidacion Concepto de Nomina/span_PM202107"), G_TimeOut): Object 'Object Repository/Modulo Tarea Administracion Compensacion/Legalizar licencia Remunerada/Liquidacion Concepto de Nomina/span_PM202107' is clickable

2021-12-01 12:11:28 - [MESSAGE][PASSED] - Object 'Object Repository/Modulo Tarea Administracion Compensacion/Legalizar licencia Remunerada/Liquidacion Concepto de Nomina/span_PM202107' is clickable

2021-12-01 12:11:28 - [TEST_STEP][PASSED] - click(findTestObject("Modulo Tarea Administracion Compensacion/Legalizar licencia Remunerada/Liquidacion Concepto de Nomina/span_PM202107")): Object: 'Object Repository/Modulo Tarea Administracion Compensacion/Legalizar licencia Remunerada/Liquidacion Concepto de Nomina/span_PM202107' is clicked on

2021-12-01 12:11:28 - [MESSAGE][PASSED] - Object: 'Object Repository/Modulo Tarea Administracion Compensacion/Legalizar licencia Remunerada/Liquidacion Concepto de Nomina/span_PM202107' is clicked on

2021-12-01 12:11:28 - [TEST_STEP][PASSED] - waitForElementClickable(findTestObject("Modulo Tarea Administracion Compensacion/Legalizar licencia Remunerada/Liquidacion Concepto de Nomina/a_Nombre Persona_LiquidacionNo"), G_TimeOut): Object 'Object Repository/Modulo Tarea Administracion Compensacion/Legalizar licencia Remunerada/Liquidacion Concepto de Nomina/a_Nombre Persona_LiquidacionNo' is clickable

2021-12-01 12:11:32 - [MESSAGE][PASSED] - Object 'Object Repository/Modulo Tarea Administracion Compensacion/Legalizar licencia Remunerada/Liquidacion Concepto de Nomina/a_Nombre Persona_LiquidacionNo' is clickable

2021-12-01 12:11:32 - [TEST_STEP][PASSED] - click(findTestObject("Modulo Tarea Administracion Compensacion/Legalizar licencia Remunerada/Liquidacion Concepto de Nomina/a_Nombre Persona_LiquidacionNo")): Object: 'Object Repository/Modulo Tarea Administracion Compensacion/Legalizar licencia Remunerada/Liquidacion Concepto de Nomina/a_Nombre Persona_LiquidacionNo' is clicked on

2021-12-01 12:11:32 - [MESSAGE][PASSED] - Object: 'Object Repository/Modulo Tarea Administracion Compensacion/Legalizar licencia Remunerada/Liquidacion Concepto de Nomina/a_Nombre Persona_LiquidacionNo' is clicked on

2021-12-01 12:11:32 - [TEST_STEP][PASSED] - setText(findTestObject("Modulo Tarea Administracion Compensacion/Legalizar licencia Remunerada/Liquidacion Concepto de Nomina/input_close_popupFiltroEmplead"), "1065"): Text '1065' is set on object 'Object Repository/Modulo Tarea Administracion Compensacion/Legalizar licencia Remunerada/Liquidacion Concepto de Nomina/input_close_popupFiltroEmplead'

2021-12-01 12:11:33 - [MESSAGE][PASSED] - Text '1065' is set on object 'Object Repository/Modulo Tarea Administracion Compensacion/Legalizar licencia Remunerada/Liquidacion Concepto de Nomina/input_close_popupFiltroEmplead'

2021-12-01 12:11:33 - [TEST_STEP][PASSED] - sendKeys(findTestObject("Modulo Tarea Administracion Compensacion/Legalizar licencia Remunerada/Liquidacion Concepto de Nomina/input_close_popupFiltroEmplead"), Keys.chord(ENTER)): Keys 'ENTER + ' sent to object: 'Object Repository/Modulo Tarea Administracion Compensacion/Legalizar licencia Remunerada/Liquidacion Concepto de Nomina/input_close_popupFiltroEmplead'

2021-12-01 12:11:34 - [MESSAGE][PASSED] - Keys 'ENTER + ' sent to object: 'Object Repository/Modulo Tarea Administracion Compensacion/Legalizar licencia Remunerada/Liquidacion Concepto de Nomina/input_close_popupFiltroEmplead'

2021-12-01 12:11:34 - [TEST_STEP][PASSED] - waitForElementClickable(findTestObject("Modulo Tarea Administracion Compensacion/Legalizar licencia Remunerada/Liquidacion Concepto de Nomina/span_CONSTA BELFEGORD JHON"), G_TimeOut): Object 'Object Repository/Modulo Tarea Administracion Compensacion/Legalizar licencia Remunerada/Liquidacion Concepto de Nomina/span_CONSTA BELFEGORD JHON' is clickable

2021-12-01 12:11:35 - [MESSAGE][PASSED] - Object 'Object Repository/Modulo Tarea Administracion Compensacion/Legalizar licencia Remunerada/Liquidacion Concepto de Nomina/span_CONSTA BELFEGORD JHON' is clickable

2021-12-01 12:11:35 - [TEST_STEP][PASSED] - click(findTestObject("Modulo Tarea Administracion Compensacion/Legalizar licencia Remunerada/Liquidacion Concepto de Nomina/span_CONSTA BELFEGORD JHON")): Object: 'Object Repository/Modulo Tarea Administracion Compensacion/Legalizar licencia Remunerada/Liquidacion Concepto de Nomina/span_CONSTA BELFEGORD JHON' is clicked on

2021-12-01 12:11:35 - [MESSAGE][PASSED] - Object: 'Object Repository/Modulo Tarea Administracion Compensacion/Legalizar licencia Remunerada/Liquidacion Concepto de Nomina/span_CONSTA BELFEGORD JHON' is clicked on

2021-12-01 12:11:35 - [TEST_STEP][PASSED] - waitForElementClickable(findTestObject("Modulo Tarea Administracion Compensacion/Legalizar licencia Remunerada/Liquidacion Concepto de Nomina/td_Mendoza 1015 Empleado"), G_TimeOut): Object 'Object Repository/Modulo Tarea Administracion Compensacion/Legalizar licencia Remunerada/Liquidacion Concepto de Nomina/td_Mendoza 1015 Empleado' is clickable

2021-12-01 12:11:36 - [MESSAGE][PASSED] - Object 'Object Repository/Modulo Tarea Administracion Compensacion/Legalizar licencia Remunerada/Liquidacion Concepto de Nomina/td_Mendoza 1015 Empleado' is clickable

2021-12-01 12:11:36 - [TEST_STEP][PASSED] - click(findTestObject("Modulo Tarea Administracion Compensacion/Legalizar licencia Remunerada/Liquidacion Concepto de Nomina/td_Mendoza 1015 Empleado")): Object: 'Object Repository/Modulo Tarea Administracion Compensacion/Legalizar licencia Remunerada/Liquidacion Concepto de Nomina/td_Mendoza 1015 Empleado' is clicked on

2021-12-01 12:11:37 - [MESSAGE][PASSED] - Object: 'Object Repository/Modulo Tarea Administracion Compensacion/Legalizar licencia Remunerada/Liquidacion Concepto de Nomina/td_Mendoza 1015 Empleado' is clicked on

2021-12-01 12:11:37 - [TEST_STEP][PASSED] - waitForElementClickable(findTestObject("Modulo Tarea Administracion Compensacion/Legalizar licencia Remunerada/Liquidacion Concepto de Nomina/em_Concepto"), 0): Object 'Object Repository/Modulo Tarea Administracion Compensacion/Legalizar licencia Remunerada/Liquidacion Concepto de Nomina/em_Concepto' is clickable

2021-12-01 12:11:37 - [MESSAGE][WARNING] - Timeout '0' is invalid. Using default page load timeout: '30'

2021-12-01 12:11:37 - [MESSAGE][PASSED] - Object 'Object Repository/Modulo Tarea Administracion Compensacion/Legalizar licencia Remunerada/Liquidacion Concepto de Nomina/em_Concepto' is clickable

2021-12-01 12:11:37 - [TEST_STEP][PASSED] - click(findTestObject("Modulo Tarea Administracion Compensacion/Legalizar licencia Remunerada/Liquidacion Concepto de Nomina/em_Concepto")): Object: 'Object Repository/Modulo Tarea Administracion Compensacion/Legalizar licencia Remunerada/Liquidacion Concepto de Nomina/em_Concepto' is clicked on

2021-12-01 12:11:38 - [MESSAGE][PASSED] - Object: 'Object Repository/Modulo Tarea Administracion Compensacion/Legalizar licencia Remunerada/Liquidacion Concepto de Nomina/em_Concepto' is clicked on

2021-12-01 12:11:38 - [TEST_STEP][PASSED] - waitForElementClickable(findTestObject("Modulo Tarea Administracion Compensacion/Legalizar licencia Remunerada/Liquidacion Concepto de Nomina/span_Liquidar"), G_TimeOut): Object 'Object Repository/Modulo Tarea Administracion Compensacion/Legalizar licencia Remunerada/Liquidacion Concepto de Nomina/span_Liquidar' is clickable

2021-12-01 12:11:39 - [MESSAGE][PASSED] - Object 'Object Repository/Modulo Tarea Administracion Compensacion/Legalizar licencia Remunerada/Liquidacion Concepto de Nomina/span_Liquidar' is clickable

2021-12-01 12:11:39 - [TEST_STEP][PASSED] - click(findTestObject("Modulo Tarea Administracion Compensacion/Legalizar licencia Remunerada/Liquidacion Concepto de Nomina/span_Liquidar")): Object: 'Object Repository/Modulo Tarea Administracion Compensacion/Legalizar licencia Remunerada/Liquidacion Concepto de Nomina/span_Liquidar' is clicked on

2021-12-01 12:11:39 - [MESSAGE][PASSED] - Object: 'Object Repository/Modulo Tarea Administracion Compensacion/Legalizar licencia Remunerada/Liquidacion Concepto de Nomina/span_Liquidar' is clicked on

2021-12-01 12:11:39 - [TEST_STEP][PASSED] - waitForElementClickable(findTestObject("Modulo Tarea Administracion Compensacion/Legalizar licencia Remunerada/Liquidacion Concepto de Nomina/span_Si"), G_TimeOut): Object 'Object Repository/Modulo Tarea Administracion Compensacion/Legalizar licencia Remunerada/Liquidacion Concepto de Nomina/span_Si' is clickable

2021-12-01 12:11:40 - [MESSAGE][PASSED] - Object 'Object Repository/Modulo Tarea Administracion Compensacion/Legalizar licencia Remunerada/Liquidacion Concepto de Nomina/span_Si' is clickable

2021-12-01 12:11:40 - [TEST_STEP][PASSED] - click(findTestObject("Modulo Tarea Administracion Compensacion/Legalizar licencia Remunerada/Liquidacion Concepto de Nomina/span_Si")): Object: 'Object Repository/Modulo Tarea Administracion Compensacion/Legalizar licencia Remunerada/Liquidacion Concepto de Nomina/span_Si' is clicked on

2021-12-01 12:11:40 - [MESSAGE][PASSED] - Object: 'Object Repository/Modulo Tarea Administracion Compensacion/Legalizar licencia Remunerada/Liquidacion Concepto de Nomina/span_Si' is clicked on

2021-12-01 12:11:40 - [TEST_STEP][PASSED] - getText(findTestObject("Alerta/Alerta")): Text of object 'Object Repository/Alerta/Alerta' is: 'Liquidación exitosa'

2021-12-01 12:11:41 - [MESSAGE][PASSED] - Text of object 'Object Repository/Alerta/Alerta' is: 'Liquidación exitosa'

2021-12-01 12:11:41 - [TEST_STEP][PASSED] - closeBrowser(): Browser is closed

2021-12-01 12:11:42 - [MESSAGE][PASSED] - Browser is closed]]></system-out>
         <system-err><![CDATA[]]></system-err>
      </testcase>
      <testcase name="Test Cases/1.1-Tareas Principales/1.4.8-Tarea Importar Fuente general" time="17.057" classname="Test Cases/1.1-Tareas Principales/1.4.8-Tarea Importar Fuente general" status="PASSED">
         <system-out><![CDATA[2021-12-01 12:11:42 - [TEST_CASE][PASSED] - Test Cases/1.1-Tareas Principales/1.4.8-Tarea Importar Fuente general: Test Cases/1.1-Tareas Principales/1.4.8-Tarea Importar Fuente general

2021-12-01 12:11:42 - [TEST_STEP][PASSED] - callTestCase(findTestCase("0.1-Login"), [:], STOP_ON_FAILURE): Call Test Case 'Test Cases/0.1-Login' successfully

2021-12-01 12:11:42 - [TEST_CASE][PASSED] - Test Cases/0.1-Login: Test Cases/0.1-Login

2021-12-01 12:11:42 - [TEST_STEP][PASSED] - openBrowser(""): Browser is opened with url: ''

2021-12-01 12:11:42 - [MESSAGE][INFO] - Starting 'Chrome' driver

2021-12-01 12:11:42 - [MESSAGE][INFO] - Action delay is set to 0 milliseconds

2021-12-01 12:11:44 - [MESSAGE][PASSED] - Browser is opened with url: ''

2021-12-01 12:11:44 - [TEST_STEP][PASSED] - maximizeWindow(): Current window maximized

2021-12-01 12:11:44 - [MESSAGE][PASSED] - Current window maximized

2021-12-01 12:11:44 - [TEST_STEP][PASSED] - i = G_Login: null

2021-12-01 12:11:44 - [TEST_STEP][PASSED] - url = new java.net.URL(i): null

2021-12-01 12:11:44 - [TEST_STEP][PASSED] - println("URL: " + url.toString()): null

2021-12-01 12:11:44 - [TEST_STEP][PASSED] - connection = url.openConnection(): null

2021-12-01 12:11:44 - [TEST_STEP][PASSED] - connection.setRequestMethod("GET"): null

2021-12-01 12:11:44 - [TEST_STEP][PASSED] - connection.setReadTimeout(2 * 1000): null

2021-12-01 12:11:44 - [TEST_STEP][PASSED] - try: null

2021-12-01 12:11:44 - [TEST_STEP][PASSED] - connection.connect(): null

2021-12-01 12:11:44 - [TEST_STEP][PASSED] - flag = connected: null

2021-12-01 12:11:44 - [TEST_STEP][PASSED] - println("Valor_ori: " + flag): null

2021-12-01 12:11:44 - [TEST_STEP][PASSED] - if (flag): null

2021-12-01 12:11:44 - [TEST_STEP][PASSED] - navigateToUrl(i): Navigate to 'http://localhost:8380/saraweb/' successfully

2021-12-01 12:11:45 - [MESSAGE][PASSED] - Navigate to 'http://localhost:8380/saraweb/' successfully

2021-12-01 12:11:45 - [TEST_STEP][PASSED] - a(): null

2021-12-01 12:11:45 - [TEST_STEP][PASSED] - setText(findTestObject("Login/input_USUARIO_loginusuario"), G_Usuario): Text 'saraadmin' is set on object 'Object Repository/Login/input_USUARIO_loginusuario'

2021-12-01 12:11:46 - [MESSAGE][PASSED] - Text 'saraadmin' is set on object 'Object Repository/Login/input_USUARIO_loginusuario'

2021-12-01 12:11:46 - [TEST_STEP][PASSED] - setEncryptedText(findTestObject("Login/input_CLAVE_loginpassword"), "MkG4/TYiCFC3cb2driP7+Q=="): Text ****** has been set on object 'Object Repository/Login/input_CLAVE_loginpassword'

2021-12-01 12:11:46 - [MESSAGE][PASSED] - Text ****** has been set on object 'Object Repository/Login/input_CLAVE_loginpassword'

2021-12-01 12:11:46 - [TEST_STEP][PASSED] - waitForElementClickable(findTestObject("Login/a_Ingresar"), G_TimeOut): Object 'Object Repository/Login/a_Ingresar' is clickable

2021-12-01 12:11:46 - [MESSAGE][PASSED] - Object 'Object Repository/Login/a_Ingresar' is clickable

2021-12-01 12:11:46 - [TEST_STEP][PASSED] - click(findTestObject("Login/a_Ingresar")): Object: 'Object Repository/Login/a_Ingresar' is clicked on

2021-12-01 12:11:48 - [MESSAGE][PASSED] - Object: 'Object Repository/Login/a_Ingresar' is clicked on

2021-12-01 12:11:48 - [TEST_STEP][PASSED] - element = findWebElement(findTestObject("Login/a_Ir"), 30): null

2021-12-01 12:11:48 - [TEST_STEP][PASSED] - executeJavaScript("arguments[0].click()", Arrays.asList(element)): Execute JavaScript 'arguments[0].click()' successfully

2021-12-01 12:11:48 - [MESSAGE][PASSED] - Execute JavaScript 'arguments[0].click()' successfully

2021-12-01 12:11:48 - [MESSAGE][PASSED] - Call Test Case 'Test Cases/0.1-Login' successfully

2021-12-01 12:11:48 - [TEST_STEP][PASSED] - waitForElementClickable(findTestObject("Modulo Tarea Sara General/Importar Fuente General/input_Ir_nav_t66_input"), 3): Object 'Object Repository/Modulo Tarea Sara General/Importar Fuente General/input_Ir_nav_t66_input' is clickable

2021-12-01 12:11:50 - [MESSAGE][PASSED] - Object 'Object Repository/Modulo Tarea Sara General/Importar Fuente General/input_Ir_nav_t66_input' is clickable

2021-12-01 12:11:50 - [TEST_STEP][PASSED] - setText(findTestObject("Modulo Tarea Sara General/Importar Fuente General/input_Ir_nav_t66_input"), "Importar Fuente General"): Text 'Importar Fuente General' is set on object 'Object Repository/Modulo Tarea Sara General/Importar Fuente General/input_Ir_nav_t66_input'

2021-12-01 12:11:51 - [MESSAGE][PASSED] - Text 'Importar Fuente General' is set on object 'Object Repository/Modulo Tarea Sara General/Importar Fuente General/input_Ir_nav_t66_input'

2021-12-01 12:11:51 - [TEST_STEP][PASSED] - delay(1): Delayed 1 second(s)

2021-12-01 12:11:52 - [MESSAGE][PASSED] - Delayed 1 second(s)

2021-12-01 12:11:52 - [TEST_STEP][PASSED] - sendKeys(findTestObject("Modulo Tarea Sara General/Importar Fuente General/input_Ir_nav_t66_input"), Keys.chord(ENTER)): Keys 'ENTER + ' sent to object: 'Object Repository/Modulo Tarea Sara General/Importar Fuente General/input_Ir_nav_t66_input'

2021-12-01 12:11:52 - [MESSAGE][PASSED] - Keys 'ENTER + ' sent to object: 'Object Repository/Modulo Tarea Sara General/Importar Fuente General/input_Ir_nav_t66_input'

2021-12-01 12:11:52 - [TEST_STEP][PASSED] - setText(findTestObject("Modulo Tarea Sara General/Importar Fuente General/input_Importar Fuente_formImpo"), "Insertar las liquidaciones periodicas de prestamo"): Text 'Insertar las liquidaciones periodicas de prestamo' is set on object 'Object Repository/Modulo Tarea Sara General/Importar Fuente General/input_Importar Fuente_formImpo'

2021-12-01 12:11:54 - [MESSAGE][PASSED] - Text 'Insertar las liquidaciones periodicas de prestamo' is set on object 'Object Repository/Modulo Tarea Sara General/Importar Fuente General/input_Importar Fuente_formImpo'

2021-12-01 12:11:54 - [TEST_STEP][PASSED] - sendKeys(findTestObject("Modulo Tarea Sara General/Importar Fuente General/input_Importar Fuente_formImpo"), Keys.chord(ENTER)): Keys 'ENTER + ' sent to object: 'Object Repository/Modulo Tarea Sara General/Importar Fuente General/input_Importar Fuente_formImpo'

2021-12-01 12:11:55 - [MESSAGE][PASSED] - Keys 'ENTER + ' sent to object: 'Object Repository/Modulo Tarea Sara General/Importar Fuente General/input_Importar Fuente_formImpo'

2021-12-01 12:11:55 - [TEST_STEP][PASSED] - click(findTestObject("Modulo Tarea Sara General/Importar Fuente General/td_Insertar Las Liquidaciones Periodicas De Prestamo")): Object: 'Object Repository/Modulo Tarea Sara General/Importar Fuente General/td_Insertar Las Liquidaciones Periodicas De Prestamo' is clicked on

2021-12-01 12:11:56 - [MESSAGE][PASSED] - Object: 'Object Repository/Modulo Tarea Sara General/Importar Fuente General/td_Insertar Las Liquidaciones Periodicas De Prestamo' is clicked on

2021-12-01 12:11:56 - [TEST_STEP][PASSED] - ruta = G_rutaarchivos + "ArchivoPlanoLiquidacionNomina.txt": null

2021-12-01 12:11:56 - [TEST_STEP][PASSED] - uploadFile(findTestObject("Modulo Tarea Sara General/Importar Fuente General/Archivo Cargue Fuente"), ruta): File 'E:\unionweb14\ArchivoPlanoLiquidacionNomina.txt' sent to object: 'Object Repository/Modulo Tarea Sara General/Importar Fuente General/Archivo Cargue Fuente'

2021-12-01 12:11:56 - [MESSAGE][PASSED] - File 'E:\unionweb14\ArchivoPlanoLiquidacionNomina.txt' sent to object: 'Object Repository/Modulo Tarea Sara General/Importar Fuente General/Archivo Cargue Fuente'

2021-12-01 12:11:56 - [TEST_STEP][PASSED] - filePath = getAttribute(findTestObject("Modulo Tarea Sara General/Importar Fuente General/Archivo Cargue Fuente"), "value"): Attribute 'value' of object 'Object Repository/Modulo Tarea Sara General/Importar Fuente General/Archivo Cargue Fuente' is: ''

2021-12-01 12:11:57 - [MESSAGE][PASSED] - Attribute 'value' of object 'Object Repository/Modulo Tarea Sara General/Importar Fuente General/Archivo Cargue Fuente' is: ''

2021-12-01 12:11:57 - [TEST_STEP][PASSED] - click(findTestObject("Modulo Tarea Sara General/Importar Fuente General/a_Importar")): Object: 'Object Repository/Modulo Tarea Sara General/Importar Fuente General/a_Importar' is clicked on

2021-12-01 12:11:58 - [MESSAGE][PASSED] - Object: 'Object Repository/Modulo Tarea Sara General/Importar Fuente General/a_Importar' is clicked on

2021-12-01 12:11:58 - [TEST_STEP][PASSED] - click(findTestObject("Modulo Tarea Sara General/Importar Fuente General/a_Continuar")): Object: 'Object Repository/Modulo Tarea Sara General/Importar Fuente General/a_Continuar' is clicked on

2021-12-01 12:11:58 - [MESSAGE][PASSED] - Object: 'Object Repository/Modulo Tarea Sara General/Importar Fuente General/a_Continuar' is clicked on

2021-12-01 12:11:58 - [TEST_STEP][PASSED] - closeBrowser(): Browser is closed

2021-12-01 12:11:59 - [MESSAGE][PASSED] - Browser is closed]]></system-out>
         <system-err><![CDATA[]]></system-err>
      </testcase>
      <testcase name="Test Cases/1.1-Tareas Principales/1.4.9-Verificacion de campo Total Abonado" time="21.798" classname="Test Cases/1.1-Tareas Principales/1.4.9-Verificacion de campo Total Abonado" status="PASSED">
         <system-out><![CDATA[2021-12-01 12:11:59 - [TEST_CASE][PASSED] - Test Cases/1.1-Tareas Principales/1.4.9-Verificacion de campo Total Abonado: Test Cases/1.1-Tareas Principales/1.4.9-Verificacion de campo Total Abonado

2021-12-01 12:11:59 - [TEST_STEP][PASSED] - callTestCase(findTestCase("Hutilidades/Tareas Administracion Compensacion/Tarea Listado Empleados"), [:], STOP_ON_FAILURE): Call Test Case 'Test Cases/Hutilidades/Tareas Administracion Compensacion/Tarea Listado Empleados' successfully

2021-12-01 12:12:00 - [TEST_CASE][PASSED] - Test Cases/Hutilidades/Tareas Administracion Compensacion/Tarea Listado Empleados: Test Cases/Hutilidades/Tareas Administracion Compensacion/Tarea Listado Empleados

2021-12-01 12:12:00 - [TEST_STEP][PASSED] - callTestCase(findTestCase("0.1-Login"), [:], STOP_ON_FAILURE): Call Test Case 'Test Cases/0.1-Login' successfully

2021-12-01 12:12:00 - [TEST_CASE][PASSED] - Test Cases/0.1-Login: Test Cases/0.1-Login

2021-12-01 12:12:00 - [TEST_STEP][PASSED] - openBrowser(""): Browser is opened with url: ''

2021-12-01 12:12:00 - [MESSAGE][INFO] - Starting 'Chrome' driver

2021-12-01 12:12:00 - [MESSAGE][INFO] - Action delay is set to 0 milliseconds

2021-12-01 12:12:01 - [MESSAGE][PASSED] - Browser is opened with url: ''

2021-12-01 12:12:01 - [TEST_STEP][PASSED] - maximizeWindow(): Current window maximized

2021-12-01 12:12:01 - [MESSAGE][PASSED] - Current window maximized

2021-12-01 12:12:01 - [TEST_STEP][PASSED] - i = G_Login: null

2021-12-01 12:12:01 - [TEST_STEP][PASSED] - url = new java.net.URL(i): null

2021-12-01 12:12:01 - [TEST_STEP][PASSED] - println("URL: " + url.toString()): null

2021-12-01 12:12:01 - [TEST_STEP][PASSED] - connection = url.openConnection(): null

2021-12-01 12:12:01 - [TEST_STEP][PASSED] - connection.setRequestMethod("GET"): null

2021-12-01 12:12:01 - [TEST_STEP][PASSED] - connection.setReadTimeout(2 * 1000): null

2021-12-01 12:12:01 - [TEST_STEP][PASSED] - try: null

2021-12-01 12:12:01 - [TEST_STEP][PASSED] - connection.connect(): null

2021-12-01 12:12:01 - [TEST_STEP][PASSED] - flag = connected: null

2021-12-01 12:12:01 - [TEST_STEP][PASSED] - println("Valor_ori: " + flag): null

2021-12-01 12:12:01 - [TEST_STEP][PASSED] - if (flag): null

2021-12-01 12:12:01 - [TEST_STEP][PASSED] - navigateToUrl(i): Navigate to 'http://localhost:8380/saraweb/' successfully

2021-12-01 12:12:02 - [MESSAGE][PASSED] - Navigate to 'http://localhost:8380/saraweb/' successfully

2021-12-01 12:12:02 - [TEST_STEP][PASSED] - a(): null

2021-12-01 12:12:02 - [TEST_STEP][PASSED] - setText(findTestObject("Login/input_USUARIO_loginusuario"), G_Usuario): Text 'saraadmin' is set on object 'Object Repository/Login/input_USUARIO_loginusuario'

2021-12-01 12:12:03 - [MESSAGE][PASSED] - Text 'saraadmin' is set on object 'Object Repository/Login/input_USUARIO_loginusuario'

2021-12-01 12:12:03 - [TEST_STEP][PASSED] - setEncryptedText(findTestObject("Login/input_CLAVE_loginpassword"), "MkG4/TYiCFC3cb2driP7+Q=="): Text ****** has been set on object 'Object Repository/Login/input_CLAVE_loginpassword'

2021-12-01 12:12:03 - [MESSAGE][PASSED] - Text ****** has been set on object 'Object Repository/Login/input_CLAVE_loginpassword'

2021-12-01 12:12:03 - [TEST_STEP][PASSED] - waitForElementClickable(findTestObject("Login/a_Ingresar"), G_TimeOut): Object 'Object Repository/Login/a_Ingresar' is clickable

2021-12-01 12:12:04 - [MESSAGE][PASSED] - Object 'Object Repository/Login/a_Ingresar' is clickable

2021-12-01 12:12:04 - [TEST_STEP][PASSED] - click(findTestObject("Login/a_Ingresar")): Object: 'Object Repository/Login/a_Ingresar' is clicked on

2021-12-01 12:12:06 - [MESSAGE][PASSED] - Object: 'Object Repository/Login/a_Ingresar' is clicked on

2021-12-01 12:12:06 - [TEST_STEP][PASSED] - element = findWebElement(findTestObject("Login/a_Ir"), 30): null

2021-12-01 12:12:07 - [TEST_STEP][PASSED] - executeJavaScript("arguments[0].click()", Arrays.asList(element)): Execute JavaScript 'arguments[0].click()' successfully

2021-12-01 12:12:07 - [MESSAGE][PASSED] - Execute JavaScript 'arguments[0].click()' successfully

2021-12-01 12:12:07 - [MESSAGE][PASSED] - Call Test Case 'Test Cases/0.1-Login' successfully

2021-12-01 12:12:07 - [TEST_STEP][PASSED] - setText(findTestObject("Modulo Tarea Listado Hojas de Vida/Tareas Listado Hojas de Vida/input_Listado Hojas De Vida_form_templatej_idt24_input"), "Listado de Empleados"): Text 'Listado de Empleados' is set on object 'Object Repository/Modulo Tarea Listado Hojas de Vida/Tareas Listado Hojas de Vida/input_Listado Hojas De Vida_form_templatej_idt24_input'

2021-12-01 12:12:08 - [MESSAGE][PASSED] - Text 'Listado de Empleados' is set on object 'Object Repository/Modulo Tarea Listado Hojas de Vida/Tareas Listado Hojas de Vida/input_Listado Hojas De Vida_form_templatej_idt24_input'

2021-12-01 12:12:08 - [TEST_STEP][PASSED] - delay(3): Delayed 3 second(s)

2021-12-01 12:12:11 - [MESSAGE][PASSED] - Delayed 3 second(s)

2021-12-01 12:12:11 - [TEST_STEP][PASSED] - sendKeys(findTestObject("Modulo Tarea Listado Hojas de Vida/Tareas Listado Hojas de Vida/input_Listado Hojas De Vida_form_templatej_idt24_input"), Keys.chord(ENTER)): Keys 'ENTER + ' sent to object: 'Object Repository/Modulo Tarea Listado Hojas de Vida/Tareas Listado Hojas de Vida/input_Listado Hojas De Vida_form_templatej_idt24_input'

2021-12-01 12:12:11 - [MESSAGE][PASSED] - Keys 'ENTER + ' sent to object: 'Object Repository/Modulo Tarea Listado Hojas de Vida/Tareas Listado Hojas de Vida/input_Listado Hojas De Vida_form_templatej_idt24_input'

2021-12-01 12:12:11 - [MESSAGE][PASSED] - Call Test Case 'Test Cases/Hutilidades/Tareas Administracion Compensacion/Tarea Listado Empleados' successfully

2021-12-01 12:12:11 - [TEST_STEP][PASSED] - waitForElementClickable(findTestObject("Modulo Tarea Administracion Compensacion/Verificacion de campo Total Abonado/a_Nombre Funcionario_listadoEm"), 0): Object 'Object Repository/Modulo Tarea Administracion Compensacion/Verificacion de campo Total Abonado/a_Nombre Funcionario_listadoEm' is clickable

2021-12-01 12:12:12 - [MESSAGE][WARNING] - Timeout '0' is invalid. Using default page load timeout: '30'

2021-12-01 12:12:16 - [MESSAGE][PASSED] - Object 'Object Repository/Modulo Tarea Administracion Compensacion/Verificacion de campo Total Abonado/a_Nombre Funcionario_listadoEm' is clickable

2021-12-01 12:12:16 - [TEST_STEP][PASSED] - click(findTestObject("Modulo Tarea Administracion Compensacion/Verificacion de campo Total Abonado/a_Nombre Funcionario_listadoEm")): Object: 'Object Repository/Modulo Tarea Administracion Compensacion/Verificacion de campo Total Abonado/a_Nombre Funcionario_listadoEm' is clicked on

2021-12-01 12:12:16 - [MESSAGE][PASSED] - Object: 'Object Repository/Modulo Tarea Administracion Compensacion/Verificacion de campo Total Abonado/a_Nombre Funcionario_listadoEm' is clicked on

2021-12-01 12:12:16 - [TEST_STEP][PASSED] - setText(findTestObject("Modulo Tarea Administracion Compensacion/Verificacion de campo Total Abonado/a_Nombre Funcionario_listadoEm"), "354968431354"): Text '354968431354' is set on object 'Object Repository/Modulo Tarea Administracion Compensacion/Verificacion de campo Total Abonado/a_Nombre Funcionario_listadoEm'

2021-12-01 12:12:17 - [MESSAGE][PASSED] - Text '354968431354' is set on object 'Object Repository/Modulo Tarea Administracion Compensacion/Verificacion de campo Total Abonado/a_Nombre Funcionario_listadoEm'

2021-12-01 12:12:17 - [TEST_STEP][PASSED] - sendKeys(findTestObject("Modulo Tarea Administracion Compensacion/Verificacion de campo Total Abonado/a_Nombre Funcionario_listadoEm"), Keys.chord(ENTER)): Keys 'ENTER + ' sent to object: 'Object Repository/Modulo Tarea Administracion Compensacion/Verificacion de campo Total Abonado/a_Nombre Funcionario_listadoEm'

2021-12-01 12:12:18 - [MESSAGE][PASSED] - Keys 'ENTER + ' sent to object: 'Object Repository/Modulo Tarea Administracion Compensacion/Verificacion de campo Total Abonado/a_Nombre Funcionario_listadoEm'

2021-12-01 12:12:18 - [TEST_STEP][PASSED] - click(findTestObject("Modulo Tarea Administracion Compensacion/Verificacion de campo Total Abonado/span_CONSTA BELFEGORD JHON")): Object: 'Object Repository/Modulo Tarea Administracion Compensacion/Verificacion de campo Total Abonado/span_CONSTA BELFEGORD JHON' is clicked on

2021-12-01 12:12:19 - [MESSAGE][PASSED] - Object: 'Object Repository/Modulo Tarea Administracion Compensacion/Verificacion de campo Total Abonado/span_CONSTA BELFEGORD JHON' is clicked on

2021-12-01 12:12:19 - [TEST_STEP][PASSED] - click(findTestObject("Modulo Tarea Administracion Compensacion/Verificacion de campo Total Abonado/span_Liquidacin Periodica")): Object: 'Object Repository/Modulo Tarea Administracion Compensacion/Verificacion de campo Total Abonado/span_Liquidacin Periodica' is clicked on

2021-12-01 12:12:19 - [MESSAGE][PASSED] - Object: 'Object Repository/Modulo Tarea Administracion Compensacion/Verificacion de campo Total Abonado/span_Liquidacin Periodica' is clicked on

2021-12-01 12:12:19 - [TEST_STEP][PASSED] - click(findTestObject("Modulo Tarea Administracion Compensacion/Verificacion de campo Total Abonado/span_PRESTAMO BANCOLOMBIA")): Object: 'Object Repository/Modulo Tarea Administracion Compensacion/Verificacion de campo Total Abonado/span_PRESTAMO BANCOLOMBIA' is clicked on

2021-12-01 12:12:20 - [MESSAGE][PASSED] - Object: 'Object Repository/Modulo Tarea Administracion Compensacion/Verificacion de campo Total Abonado/span_PRESTAMO BANCOLOMBIA' is clicked on

2021-12-01 12:12:20 - [TEST_STEP][PASSED] - closeBrowser(): Browser is closed

2021-12-01 12:12:21 - [MESSAGE][PASSED] - Browser is closed]]></system-out>
         <system-err><![CDATA[]]></system-err>
      </testcase>
      <testcase name="Test Cases/1.1-Tareas Principales/1.5.1-Administracion embargos" time="47.049" classname="Test Cases/1.1-Tareas Principales/1.5.1-Administracion embargos" status="PASSED">
         <system-out><![CDATA[2021-12-01 12:12:21 - [TEST_CASE][PASSED] - Test Cases/1.1-Tareas Principales/1.5.1-Administracion embargos: Test Cases/1.1-Tareas Principales/1.5.1-Administracion embargos

2021-12-01 12:12:21 - [TEST_STEP][PASSED] - callTestCase(findTestCase("Hutilidades/Tareas Administracion Compensacion/Administracion embargos por Fecha"), [:], STOP_ON_FAILURE): Call Test Case 'Test Cases/Hutilidades/Tareas Administracion Compensacion/Administracion embargos por Fecha' successfully

2021-12-01 12:12:21 - [TEST_CASE][PASSED] - Test Cases/Hutilidades/Tareas Administracion Compensacion/Administracion embargos por Fecha: Test Cases/Hutilidades/Tareas Administracion Compensacion/Administracion embargos por Fecha

2021-12-01 12:12:22 - [TEST_STEP][PASSED] - callTestCase(findTestCase("Hutilidades/Modulos/Modulo Administracion Compensacion"), [:], STOP_ON_FAILURE): Call Test Case 'Test Cases/Hutilidades/Modulos/Modulo Administracion Compensacion' successfully

2021-12-01 12:12:22 - [TEST_CASE][PASSED] - Test Cases/Hutilidades/Modulos/Modulo Administracion Compensacion: Test Cases/Hutilidades/Modulos/Modulo Administracion Compensacion

2021-12-01 12:12:22 - [TEST_STEP][PASSED] - callTestCase(findTestCase("0.1-Login"), [:], STOP_ON_FAILURE): Call Test Case 'Test Cases/0.1-Login' successfully

2021-12-01 12:12:22 - [TEST_CASE][PASSED] - Test Cases/0.1-Login: Test Cases/0.1-Login

2021-12-01 12:12:22 - [TEST_STEP][PASSED] - openBrowser(""): Browser is opened with url: ''

2021-12-01 12:12:22 - [MESSAGE][INFO] - Starting 'Chrome' driver

2021-12-01 12:12:22 - [MESSAGE][INFO] - Action delay is set to 0 milliseconds

2021-12-01 12:12:23 - [MESSAGE][PASSED] - Browser is opened with url: ''

2021-12-01 12:12:23 - [TEST_STEP][PASSED] - maximizeWindow(): Current window maximized

2021-12-01 12:12:24 - [MESSAGE][PASSED] - Current window maximized

2021-12-01 12:12:24 - [TEST_STEP][PASSED] - i = G_Login: null

2021-12-01 12:12:24 - [TEST_STEP][PASSED] - url = new java.net.URL(i): null

2021-12-01 12:12:24 - [TEST_STEP][PASSED] - println("URL: " + url.toString()): null

2021-12-01 12:12:24 - [TEST_STEP][PASSED] - connection = url.openConnection(): null

2021-12-01 12:12:24 - [TEST_STEP][PASSED] - connection.setRequestMethod("GET"): null

2021-12-01 12:12:24 - [TEST_STEP][PASSED] - connection.setReadTimeout(2 * 1000): null

2021-12-01 12:12:24 - [TEST_STEP][PASSED] - try: null

2021-12-01 12:12:24 - [TEST_STEP][PASSED] - connection.connect(): null

2021-12-01 12:12:24 - [TEST_STEP][PASSED] - flag = connected: null

2021-12-01 12:12:24 - [TEST_STEP][PASSED] - println("Valor_ori: " + flag): null

2021-12-01 12:12:24 - [TEST_STEP][PASSED] - if (flag): null

2021-12-01 12:12:24 - [TEST_STEP][PASSED] - navigateToUrl(i): Navigate to 'http://localhost:8380/saraweb/' successfully

2021-12-01 12:12:24 - [MESSAGE][PASSED] - Navigate to 'http://localhost:8380/saraweb/' successfully

2021-12-01 12:12:24 - [TEST_STEP][PASSED] - a(): null

2021-12-01 12:12:24 - [TEST_STEP][PASSED] - setText(findTestObject("Login/input_USUARIO_loginusuario"), G_Usuario): Text 'saraadmin' is set on object 'Object Repository/Login/input_USUARIO_loginusuario'

2021-12-01 12:12:25 - [MESSAGE][PASSED] - Text 'saraadmin' is set on object 'Object Repository/Login/input_USUARIO_loginusuario'

2021-12-01 12:12:25 - [TEST_STEP][PASSED] - setEncryptedText(findTestObject("Login/input_CLAVE_loginpassword"), "MkG4/TYiCFC3cb2driP7+Q=="): Text ****** has been set on object 'Object Repository/Login/input_CLAVE_loginpassword'

2021-12-01 12:12:26 - [MESSAGE][PASSED] - Text ****** has been set on object 'Object Repository/Login/input_CLAVE_loginpassword'

2021-12-01 12:12:26 - [TEST_STEP][PASSED] - waitForElementClickable(findTestObject("Login/a_Ingresar"), G_TimeOut): Object 'Object Repository/Login/a_Ingresar' is clickable

2021-12-01 12:12:26 - [MESSAGE][PASSED] - Object 'Object Repository/Login/a_Ingresar' is clickable

2021-12-01 12:12:26 - [TEST_STEP][PASSED] - click(findTestObject("Login/a_Ingresar")): Object: 'Object Repository/Login/a_Ingresar' is clicked on

2021-12-01 12:12:27 - [MESSAGE][PASSED] - Object: 'Object Repository/Login/a_Ingresar' is clicked on

2021-12-01 12:12:27 - [TEST_STEP][PASSED] - element = findWebElement(findTestObject("Login/a_Ir"), 30): null

2021-12-01 12:12:28 - [TEST_STEP][PASSED] - executeJavaScript("arguments[0].click()", Arrays.asList(element)): Execute JavaScript 'arguments[0].click()' successfully

2021-12-01 12:12:28 - [MESSAGE][PASSED] - Execute JavaScript 'arguments[0].click()' successfully

2021-12-01 12:12:28 - [MESSAGE][PASSED] - Call Test Case 'Test Cases/0.1-Login' successfully

2021-12-01 12:12:28 - [TEST_STEP][PASSED] - delay(2): Delayed 2 second(s)

2021-12-01 12:12:30 - [MESSAGE][PASSED] - Delayed 2 second(s)

2021-12-01 12:12:30 - [TEST_STEP][PASSED] - click(findTestObject("Modulo Administracion Compensacion/span_Administracin Compensacin")): Object: 'Object Repository/Modulo Administracion Compensacion/span_Administracin Compensacin' is clicked on

2021-12-01 12:12:31 - [MESSAGE][PASSED] - Object: 'Object Repository/Modulo Administracion Compensacion/span_Administracin Compensacin' is clicked on

2021-12-01 12:12:31 - [MESSAGE][PASSED] - Call Test Case 'Test Cases/Hutilidades/Modulos/Modulo Administracion Compensacion' successfully

2021-12-01 12:12:31 - [TEST_STEP][PASSED] - waitForElementClickable(findTestObject("Modulo Tarea Administracion Compensacion/Administracion Embargos por Fecha/input_Ir_nav_t66_input"), 0): Object 'Object Repository/Modulo Tarea Administracion Compensacion/Administracion Embargos por Fecha/input_Ir_nav_t66_input' is clickable

2021-12-01 12:12:32 - [MESSAGE][WARNING] - Timeout '0' is invalid. Using default page load timeout: '30'

2021-12-01 12:12:32 - [MESSAGE][PASSED] - Object 'Object Repository/Modulo Tarea Administracion Compensacion/Administracion Embargos por Fecha/input_Ir_nav_t66_input' is clickable

2021-12-01 12:12:32 - [TEST_STEP][PASSED] - setText(findTestObject("Modulo Tarea Administracion Compensacion/Administracion Embargos por Fecha/input_Ir_nav_t66_input"), "Administracion Embargos"): Text 'Administracion Embargos' is set on object 'Object Repository/Modulo Tarea Administracion Compensacion/Administracion Embargos por Fecha/input_Ir_nav_t66_input'

2021-12-01 12:12:33 - [MESSAGE][PASSED] - Text 'Administracion Embargos' is set on object 'Object Repository/Modulo Tarea Administracion Compensacion/Administracion Embargos por Fecha/input_Ir_nav_t66_input'

2021-12-01 12:12:33 - [TEST_STEP][PASSED] - delay(2): Delayed 2 second(s)

2021-12-01 12:12:35 - [MESSAGE][PASSED] - Delayed 2 second(s)

2021-12-01 12:12:35 - [TEST_STEP][PASSED] - sendKeys(findTestObject("Modulo Tarea Administracion Compensacion/Administracion Embargos por Fecha/input_Ir_nav_t66_input"), Keys.chord(ENTER)): Keys 'ENTER + ' sent to object: 'Object Repository/Modulo Tarea Administracion Compensacion/Administracion Embargos por Fecha/input_Ir_nav_t66_input'

2021-12-01 12:12:35 - [MESSAGE][PASSED] - Keys 'ENTER + ' sent to object: 'Object Repository/Modulo Tarea Administracion Compensacion/Administracion Embargos por Fecha/input_Ir_nav_t66_input'

2021-12-01 12:12:35 - [TEST_STEP][PASSED] - click(findTestObject("Modulo Tarea Administracion Compensacion/Administracion Embargos por Fecha/span_Generacion Por Fechas")): Object: 'Object Repository/Modulo Tarea Administracion Compensacion/Administracion Embargos por Fecha/span_Generacion Por Fechas' is clicked on

2021-12-01 12:12:38 - [MESSAGE][PASSED] - Object: 'Object Repository/Modulo Tarea Administracion Compensacion/Administracion Embargos por Fecha/span_Generacion Por Fechas' is clicked on

2021-12-01 12:12:38 - [TEST_STEP][PASSED] - setText(findTestObject("Modulo Tarea Administracion Compensacion/Administracion Embargos por Fecha/input_Fecha Inicial_banco_agra"), "01/01/2019"): Text '01/01/2019' is set on object 'Object Repository/Modulo Tarea Administracion Compensacion/Administracion Embargos por Fecha/input_Fecha Inicial_banco_agra'

2021-12-01 12:12:39 - [MESSAGE][PASSED] - Text '01/01/2019' is set on object 'Object Repository/Modulo Tarea Administracion Compensacion/Administracion Embargos por Fecha/input_Fecha Inicial_banco_agra'

2021-12-01 12:12:39 - [TEST_STEP][PASSED] - sendKeys(findTestObject("Modulo Tarea Administracion Compensacion/Administracion Embargos por Fecha/input_Fecha Inicial_banco_agra"), Keys.chord(ENTER)): Keys 'ENTER + ' sent to object: 'Object Repository/Modulo Tarea Administracion Compensacion/Administracion Embargos por Fecha/input_Fecha Inicial_banco_agra'

2021-12-01 12:12:40 - [MESSAGE][PASSED] - Keys 'ENTER + ' sent to object: 'Object Repository/Modulo Tarea Administracion Compensacion/Administracion Embargos por Fecha/input_Fecha Inicial_banco_agra'

2021-12-01 12:12:40 - [TEST_STEP][PASSED] - setText(findTestObject("Modulo Tarea Administracion Compensacion/Administracion Embargos por Fecha/input_Fecha Final_banco_agrari"), "31/01/2019"): Text '31/01/2019' is set on object 'Object Repository/Modulo Tarea Administracion Compensacion/Administracion Embargos por Fecha/input_Fecha Final_banco_agrari'

2021-12-01 12:12:41 - [MESSAGE][PASSED] - Text '31/01/2019' is set on object 'Object Repository/Modulo Tarea Administracion Compensacion/Administracion Embargos por Fecha/input_Fecha Final_banco_agrari'

2021-12-01 12:12:41 - [TEST_STEP][PASSED] - sendKeys(findTestObject("Modulo Tarea Administracion Compensacion/Administracion Embargos por Fecha/input_Fecha Final_banco_agrari"), Keys.chord(ENTER)): Keys 'ENTER + ' sent to object: 'Object Repository/Modulo Tarea Administracion Compensacion/Administracion Embargos por Fecha/input_Fecha Final_banco_agrari'

2021-12-01 12:12:41 - [MESSAGE][PASSED] - Keys 'ENTER + ' sent to object: 'Object Repository/Modulo Tarea Administracion Compensacion/Administracion Embargos por Fecha/input_Fecha Final_banco_agrari'

2021-12-01 12:12:41 - [TEST_STEP][PASSED] - waitForElementClickable(findTestObject("Modulo Tarea Administracion Compensacion/Verificacion de campo Total Abonado/a_Nombre Funcionario_listadoEm"), 0): Object 'Object Repository/Modulo Tarea Administracion Compensacion/Verificacion de campo Total Abonado/a_Nombre Funcionario_listadoEm' is clickable

2021-12-01 12:12:42 - [MESSAGE][WARNING] - Timeout '0' is invalid. Using default page load timeout: '30'

2021-12-01 12:12:42 - [MESSAGE][PASSED] - Object 'Object Repository/Modulo Tarea Administracion Compensacion/Verificacion de campo Total Abonado/a_Nombre Funcionario_listadoEm' is clickable

2021-12-01 12:12:42 - [TEST_STEP][PASSED] - click(findTestObject("Modulo Tarea Administracion Compensacion/Administracion Embargos por Fecha/input_Tipo Periodo_banco_agrar")): Object: 'Object Repository/Modulo Tarea Administracion Compensacion/Administracion Embargos por Fecha/input_Tipo Periodo_banco_agrar' is clicked on

2021-12-01 12:12:42 - [MESSAGE][PASSED] - Object: 'Object Repository/Modulo Tarea Administracion Compensacion/Administracion Embargos por Fecha/input_Tipo Periodo_banco_agrar' is clicked on

2021-12-01 12:12:42 - [TEST_STEP][PASSED] - click(findTestObject("Modulo Tarea Administracion Compensacion/Administracion Embargos por Fecha/span_Generar")): Object: 'Object Repository/Modulo Tarea Administracion Compensacion/Administracion Embargos por Fecha/span_Generar' is clicked on

2021-12-01 12:12:43 - [MESSAGE][PASSED] - Object: 'Object Repository/Modulo Tarea Administracion Compensacion/Administracion Embargos por Fecha/span_Generar' is clicked on

2021-12-01 12:12:43 - [TEST_STEP][PASSED] - click(findTestObject("Modulo Tarea Administracion Compensacion/Administracion Embargos por Fecha/span_Archivo")): Object: 'Object Repository/Modulo Tarea Administracion Compensacion/Administracion Embargos por Fecha/span_Archivo' is clicked on

2021-12-01 12:12:44 - [MESSAGE][PASSED] - Object: 'Object Repository/Modulo Tarea Administracion Compensacion/Administracion Embargos por Fecha/span_Archivo' is clicked on

2021-12-01 12:12:44 - [TEST_STEP][PASSED] - click(findTestObject("Modulo Tarea Administracion Compensacion/Administracion Embargos por Fecha/span_Si")): Object: 'Object Repository/Modulo Tarea Administracion Compensacion/Administracion Embargos por Fecha/span_Si' is clicked on

2021-12-01 12:12:45 - [MESSAGE][PASSED] - Object: 'Object Repository/Modulo Tarea Administracion Compensacion/Administracion Embargos por Fecha/span_Si' is clicked on

2021-12-01 12:12:45 - [MESSAGE][PASSED] - Call Test Case 'Test Cases/Hutilidades/Tareas Administracion Compensacion/Administracion embargos por Fecha' successfully

2021-12-01 12:12:45 - [TEST_STEP][PASSED] - callTestCase(findTestCase("Hutilidades/Tareas Administracion Compensacion/Administracion embargos por Periodos"), [:], STOP_ON_FAILURE): Call Test Case 'Test Cases/Hutilidades/Tareas Administracion Compensacion/Administracion embargos por Periodos' successfully

2021-12-01 12:12:45 - [TEST_CASE][PASSED] - Test Cases/Hutilidades/Tareas Administracion Compensacion/Administracion embargos por Periodos: Test Cases/Hutilidades/Tareas Administracion Compensacion/Administracion embargos por Periodos

2021-12-01 12:12:45 - [TEST_STEP][PASSED] - callTestCase(findTestCase("Hutilidades/Modulos/Modulo Administracion Compensacion"), [:], STOP_ON_FAILURE): Call Test Case 'Test Cases/Hutilidades/Modulos/Modulo Administracion Compensacion' successfully

2021-12-01 12:12:45 - [TEST_CASE][PASSED] - Test Cases/Hutilidades/Modulos/Modulo Administracion Compensacion: Test Cases/Hutilidades/Modulos/Modulo Administracion Compensacion

2021-12-01 12:12:45 - [TEST_STEP][PASSED] - callTestCase(findTestCase("0.1-Login"), [:], STOP_ON_FAILURE): Call Test Case 'Test Cases/0.1-Login' successfully

2021-12-01 12:12:45 - [TEST_CASE][PASSED] - Test Cases/0.1-Login: Test Cases/0.1-Login

2021-12-01 12:12:45 - [TEST_STEP][PASSED] - openBrowser(""): Browser is opened with url: ''

2021-12-01 12:12:45 - [MESSAGE][WARNING] - A browser is already opened. Closing browser and opening a new one

2021-12-01 12:12:46 - [MESSAGE][INFO] - Starting 'Chrome' driver

2021-12-01 12:12:46 - [MESSAGE][INFO] - Action delay is set to 0 milliseconds

2021-12-01 12:12:47 - [MESSAGE][PASSED] - Browser is opened with url: ''

2021-12-01 12:12:47 - [TEST_STEP][PASSED] - maximizeWindow(): Current window maximized

2021-12-01 12:12:48 - [MESSAGE][PASSED] - Current window maximized

2021-12-01 12:12:48 - [TEST_STEP][PASSED] - i = G_Login: null

2021-12-01 12:12:48 - [TEST_STEP][PASSED] - url = new java.net.URL(i): null

2021-12-01 12:12:48 - [TEST_STEP][PASSED] - println("URL: " + url.toString()): null

2021-12-01 12:12:48 - [TEST_STEP][PASSED] - connection = url.openConnection(): null

2021-12-01 12:12:48 - [TEST_STEP][PASSED] - connection.setRequestMethod("GET"): null

2021-12-01 12:12:48 - [TEST_STEP][PASSED] - connection.setReadTimeout(2 * 1000): null

2021-12-01 12:12:48 - [TEST_STEP][PASSED] - try: null

2021-12-01 12:12:48 - [TEST_STEP][PASSED] - connection.connect(): null

2021-12-01 12:12:48 - [TEST_STEP][PASSED] - flag = connected: null

2021-12-01 12:12:48 - [TEST_STEP][PASSED] - println("Valor_ori: " + flag): null

2021-12-01 12:12:48 - [TEST_STEP][PASSED] - if (flag): null

2021-12-01 12:12:48 - [TEST_STEP][PASSED] - navigateToUrl(i): Navigate to 'http://localhost:8380/saraweb/' successfully

2021-12-01 12:12:49 - [MESSAGE][PASSED] - Navigate to 'http://localhost:8380/saraweb/' successfully

2021-12-01 12:12:49 - [TEST_STEP][PASSED] - a(): null

2021-12-01 12:12:49 - [TEST_STEP][PASSED] - setText(findTestObject("Login/input_USUARIO_loginusuario"), G_Usuario): Text 'saraadmin' is set on object 'Object Repository/Login/input_USUARIO_loginusuario'

2021-12-01 12:12:50 - [MESSAGE][PASSED] - Text 'saraadmin' is set on object 'Object Repository/Login/input_USUARIO_loginusuario'

2021-12-01 12:12:50 - [TEST_STEP][PASSED] - setEncryptedText(findTestObject("Login/input_CLAVE_loginpassword"), "MkG4/TYiCFC3cb2driP7+Q=="): Text ****** has been set on object 'Object Repository/Login/input_CLAVE_loginpassword'

2021-12-01 12:12:50 - [MESSAGE][PASSED] - Text ****** has been set on object 'Object Repository/Login/input_CLAVE_loginpassword'

2021-12-01 12:12:50 - [TEST_STEP][PASSED] - waitForElementClickable(findTestObject("Login/a_Ingresar"), G_TimeOut): Object 'Object Repository/Login/a_Ingresar' is clickable

2021-12-01 12:12:51 - [MESSAGE][PASSED] - Object 'Object Repository/Login/a_Ingresar' is clickable

2021-12-01 12:12:51 - [TEST_STEP][PASSED] - click(findTestObject("Login/a_Ingresar")): Object: 'Object Repository/Login/a_Ingresar' is clicked on

2021-12-01 12:12:54 - [MESSAGE][PASSED] - Object: 'Object Repository/Login/a_Ingresar' is clicked on

2021-12-01 12:12:54 - [TEST_STEP][PASSED] - element = findWebElement(findTestObject("Login/a_Ir"), 30): null

2021-12-01 12:12:54 - [TEST_STEP][PASSED] - executeJavaScript("arguments[0].click()", Arrays.asList(element)): Execute JavaScript 'arguments[0].click()' successfully

2021-12-01 12:12:54 - [MESSAGE][PASSED] - Execute JavaScript 'arguments[0].click()' successfully

2021-12-01 12:12:54 - [MESSAGE][PASSED] - Call Test Case 'Test Cases/0.1-Login' successfully

2021-12-01 12:12:54 - [TEST_STEP][PASSED] - delay(2): Delayed 2 second(s)

2021-12-01 12:12:56 - [MESSAGE][PASSED] - Delayed 2 second(s)

2021-12-01 12:12:56 - [TEST_STEP][PASSED] - click(findTestObject("Modulo Administracion Compensacion/span_Administracin Compensacin")): Object: 'Object Repository/Modulo Administracion Compensacion/span_Administracin Compensacin' is clicked on

2021-12-01 12:12:57 - [MESSAGE][PASSED] - Object: 'Object Repository/Modulo Administracion Compensacion/span_Administracin Compensacin' is clicked on

2021-12-01 12:12:57 - [MESSAGE][PASSED] - Call Test Case 'Test Cases/Hutilidades/Modulos/Modulo Administracion Compensacion' successfully

2021-12-01 12:12:57 - [TEST_STEP][PASSED] - waitForElementClickable(findTestObject("Modulo Tarea Administracion Compensacion/Administracion Embargos por Fecha/input_Ir_nav_t66_input"), 0): Object 'Object Repository/Modulo Tarea Administracion Compensacion/Administracion Embargos por Fecha/input_Ir_nav_t66_input' is clickable

2021-12-01 12:12:57 - [MESSAGE][WARNING] - Timeout '0' is invalid. Using default page load timeout: '30'

2021-12-01 12:12:58 - [MESSAGE][PASSED] - Object 'Object Repository/Modulo Tarea Administracion Compensacion/Administracion Embargos por Fecha/input_Ir_nav_t66_input' is clickable

2021-12-01 12:12:58 - [TEST_STEP][PASSED] - setText(findTestObject("Modulo Tarea Administracion Compensacion/Administracion Embargos por Fecha/input_Ir_nav_t66_input"), "Administracion Embargos"): Text 'Administracion Embargos' is set on object 'Object Repository/Modulo Tarea Administracion Compensacion/Administracion Embargos por Fecha/input_Ir_nav_t66_input'

2021-12-01 12:12:59 - [MESSAGE][PASSED] - Text 'Administracion Embargos' is set on object 'Object Repository/Modulo Tarea Administracion Compensacion/Administracion Embargos por Fecha/input_Ir_nav_t66_input'

2021-12-01 12:12:59 - [TEST_STEP][PASSED] - delay(1): Delayed 1 second(s)

2021-12-01 12:13:00 - [MESSAGE][PASSED] - Delayed 1 second(s)

2021-12-01 12:13:00 - [TEST_STEP][PASSED] - sendKeys(findTestObject("Modulo Tarea Administracion Compensacion/Administracion Embargos por Fecha/input_Ir_nav_t66_input"), Keys.chord(ENTER)): Keys 'ENTER + ' sent to object: 'Object Repository/Modulo Tarea Administracion Compensacion/Administracion Embargos por Fecha/input_Ir_nav_t66_input'

2021-12-01 12:13:00 - [MESSAGE][PASSED] - Keys 'ENTER + ' sent to object: 'Object Repository/Modulo Tarea Administracion Compensacion/Administracion Embargos por Fecha/input_Ir_nav_t66_input'

2021-12-01 12:13:00 - [TEST_STEP][PASSED] - click(findTestObject("Modulo Tarea Administracion Compensacion/Administracion Embargos por Periodo/span_Generacin Por Periodos")): Object: 'Object Repository/Modulo Tarea Administracion Compensacion/Administracion Embargos por Periodo/span_Generacin Por Periodos' is clicked on

2021-12-01 12:13:01 - [MESSAGE][PASSED] - Object: 'Object Repository/Modulo Tarea Administracion Compensacion/Administracion Embargos por Periodo/span_Generacin Por Periodos' is clicked on

2021-12-01 12:13:01 - [TEST_STEP][PASSED] - waitForElementClickable(findTestObject("Modulo Tarea Administracion Compensacion/Administracion Embargos por Periodo/input_BANCO AGRARIO_banco_agra"), 0): Object 'Object Repository/Modulo Tarea Administracion Compensacion/Administracion Embargos por Periodo/input_BANCO AGRARIO_banco_agra' is clickable

2021-12-01 12:13:01 - [MESSAGE][WARNING] - Timeout '0' is invalid. Using default page load timeout: '30'

2021-12-01 12:13:02 - [MESSAGE][PASSED] - Object 'Object Repository/Modulo Tarea Administracion Compensacion/Administracion Embargos por Periodo/input_BANCO AGRARIO_banco_agra' is clickable

2021-12-01 12:13:02 - [TEST_STEP][PASSED] - click(findTestObject("Modulo Tarea Administracion Compensacion/Administracion Embargos por Periodo/input_BANCO AGRARIO_banco_agra")): Object: 'Object Repository/Modulo Tarea Administracion Compensacion/Administracion Embargos por Periodo/input_BANCO AGRARIO_banco_agra' is clicked on

2021-12-01 12:13:02 - [MESSAGE][PASSED] - Object: 'Object Repository/Modulo Tarea Administracion Compensacion/Administracion Embargos por Periodo/input_BANCO AGRARIO_banco_agra' is clicked on

2021-12-01 12:13:02 - [TEST_STEP][PASSED] - waitForElementClickable(findTestObject("Modulo Tarea Administracion Compensacion/Administracion Embargos por Periodo/a_Periodo_banco_agrario_t302"), 0): Object 'Object Repository/Modulo Tarea Administracion Compensacion/Administracion Embargos por Periodo/a_Periodo_banco_agrario_t302' is clickable

2021-12-01 12:13:02 - [MESSAGE][WARNING] - Timeout '0' is invalid. Using default page load timeout: '30'

2021-12-01 12:13:03 - [MESSAGE][PASSED] - Object 'Object Repository/Modulo Tarea Administracion Compensacion/Administracion Embargos por Periodo/a_Periodo_banco_agrario_t302' is clickable

2021-12-01 12:13:03 - [TEST_STEP][PASSED] - click(findTestObject("Modulo Tarea Administracion Compensacion/Administracion Embargos por Periodo/a_Periodo_banco_agrario_t302")): Object: 'Object Repository/Modulo Tarea Administracion Compensacion/Administracion Embargos por Periodo/a_Periodo_banco_agrario_t302' is clicked on

2021-12-01 12:13:03 - [MESSAGE][PASSED] - Object: 'Object Repository/Modulo Tarea Administracion Compensacion/Administracion Embargos por Periodo/a_Periodo_banco_agrario_t302' is clicked on

2021-12-01 12:13:03 - [TEST_STEP][PASSED] - waitForElementClickable(findTestObject("Modulo Tarea Administracion Compensacion/Administracion Embargos por Periodo/span_Mensual Noviembre"), 0): Object 'Object Repository/Modulo Tarea Administracion Compensacion/Administracion Embargos por Periodo/span_Mensual Noviembre' is clickable

2021-12-01 12:13:03 - [MESSAGE][WARNING] - Timeout '0' is invalid. Using default page load timeout: '30'

2021-12-01 12:13:04 - [MESSAGE][PASSED] - Object 'Object Repository/Modulo Tarea Administracion Compensacion/Administracion Embargos por Periodo/span_Mensual Noviembre' is clickable

2021-12-01 12:13:04 - [TEST_STEP][PASSED] - click(findTestObject("Modulo Tarea Administracion Compensacion/Administracion Embargos por Periodo/span_Mensual Noviembre")): Object: 'Object Repository/Modulo Tarea Administracion Compensacion/Administracion Embargos por Periodo/span_Mensual Noviembre' is clicked on

2021-12-01 12:13:04 - [MESSAGE][PASSED] - Object: 'Object Repository/Modulo Tarea Administracion Compensacion/Administracion Embargos por Periodo/span_Mensual Noviembre' is clicked on

2021-12-01 12:13:04 - [TEST_STEP][PASSED] - waitForElementClickable(findTestObject("Modulo Tarea Administracion Compensacion/Administracion Embargos por Periodo/span_Generar"), 0): Object 'Object Repository/Modulo Tarea Administracion Compensacion/Administracion Embargos por Periodo/span_Generar' is clickable

2021-12-01 12:13:04 - [MESSAGE][WARNING] - Timeout '0' is invalid. Using default page load timeout: '30'

2021-12-01 12:13:05 - [MESSAGE][PASSED] - Object 'Object Repository/Modulo Tarea Administracion Compensacion/Administracion Embargos por Periodo/span_Generar' is clickable

2021-12-01 12:13:05 - [TEST_STEP][PASSED] - click(findTestObject("Modulo Tarea Administracion Compensacion/Administracion Embargos por Periodo/span_Generar")): Object: 'Object Repository/Modulo Tarea Administracion Compensacion/Administracion Embargos por Periodo/span_Generar' is clicked on

2021-12-01 12:13:05 - [MESSAGE][PASSED] - Object: 'Object Repository/Modulo Tarea Administracion Compensacion/Administracion Embargos por Periodo/span_Generar' is clicked on

2021-12-01 12:13:05 - [TEST_STEP][PASSED] - waitForElementClickable(findTestObject("Modulo Tarea Administracion Compensacion/Administracion Embargos por Periodo/span_Archivo"), 0): Object 'Object Repository/Modulo Tarea Administracion Compensacion/Administracion Embargos por Periodo/span_Archivo' is clickable

2021-12-01 12:13:05 - [MESSAGE][WARNING] - Timeout '0' is invalid. Using default page load timeout: '30'

2021-12-01 12:13:06 - [MESSAGE][PASSED] - Object 'Object Repository/Modulo Tarea Administracion Compensacion/Administracion Embargos por Periodo/span_Archivo' is clickable

2021-12-01 12:13:06 - [TEST_STEP][PASSED] - click(findTestObject("Modulo Tarea Administracion Compensacion/Administracion Embargos por Periodo/span_Archivo")): Object: 'Object Repository/Modulo Tarea Administracion Compensacion/Administracion Embargos por Periodo/span_Archivo' is clicked on

2021-12-01 12:13:06 - [MESSAGE][PASSED] - Object: 'Object Repository/Modulo Tarea Administracion Compensacion/Administracion Embargos por Periodo/span_Archivo' is clicked on

2021-12-01 12:13:06 - [TEST_STEP][PASSED] - click(findTestObject("Modulo Tarea Administracion Compensacion/Administracion Embargos por Periodo/span_Si")): Object: 'Object Repository/Modulo Tarea Administracion Compensacion/Administracion Embargos por Periodo/span_Si' is clicked on

2021-12-01 12:13:07 - [MESSAGE][PASSED] - Object: 'Object Repository/Modulo Tarea Administracion Compensacion/Administracion Embargos por Periodo/span_Si' is clicked on

2021-12-01 12:13:07 - [MESSAGE][PASSED] - Call Test Case 'Test Cases/Hutilidades/Tareas Administracion Compensacion/Administracion embargos por Periodos' successfully

2021-12-01 12:13:07 - [TEST_STEP][PASSED] - closeBrowser(): Browser is closed

2021-12-01 12:13:08 - [MESSAGE][PASSED] - Browser is closed]]></system-out>
         <system-err><![CDATA[]]></system-err>
      </testcase>
      <testcase name="Test Cases/1.1-Tareas Principales/1.5.2-Liquidacion Entidad Externa" time="37.487" classname="Test Cases/1.1-Tareas Principales/1.5.2-Liquidacion Entidad Externa" status="PASSED">
         <system-out><![CDATA[2021-12-01 12:13:08 - [TEST_CASE][PASSED] - Test Cases/1.1-Tareas Principales/1.5.2-Liquidacion Entidad Externa: Test Cases/1.1-Tareas Principales/1.5.2-Liquidacion Entidad Externa

2021-12-01 12:13:08 - [TEST_STEP][PASSED] - callTestCase(findTestCase("Hutilidades/Modulos/Modulo Administracion Compensacion"), [:], STOP_ON_FAILURE): Call Test Case 'Test Cases/Hutilidades/Modulos/Modulo Administracion Compensacion' successfully

2021-12-01 12:13:08 - [TEST_CASE][PASSED] - Test Cases/Hutilidades/Modulos/Modulo Administracion Compensacion: Test Cases/Hutilidades/Modulos/Modulo Administracion Compensacion

2021-12-01 12:13:08 - [TEST_STEP][PASSED] - callTestCase(findTestCase("0.1-Login"), [:], STOP_ON_FAILURE): Call Test Case 'Test Cases/0.1-Login' successfully

2021-12-01 12:13:08 - [TEST_CASE][PASSED] - Test Cases/0.1-Login: Test Cases/0.1-Login

2021-12-01 12:13:08 - [TEST_STEP][PASSED] - openBrowser(""): Browser is opened with url: ''

2021-12-01 12:13:08 - [MESSAGE][INFO] - Starting 'Chrome' driver

2021-12-01 12:13:08 - [MESSAGE][INFO] - Action delay is set to 0 milliseconds

2021-12-01 12:13:10 - [MESSAGE][PASSED] - Browser is opened with url: ''

2021-12-01 12:13:10 - [TEST_STEP][PASSED] - maximizeWindow(): Current window maximized

2021-12-01 12:13:10 - [MESSAGE][PASSED] - Current window maximized

2021-12-01 12:13:10 - [TEST_STEP][PASSED] - i = G_Login: null

2021-12-01 12:13:10 - [TEST_STEP][PASSED] - url = new java.net.URL(i): null

2021-12-01 12:13:10 - [TEST_STEP][PASSED] - println("URL: " + url.toString()): null

2021-12-01 12:13:10 - [TEST_STEP][PASSED] - connection = url.openConnection(): null

2021-12-01 12:13:10 - [TEST_STEP][PASSED] - connection.setRequestMethod("GET"): null

2021-12-01 12:13:10 - [TEST_STEP][PASSED] - connection.setReadTimeout(2 * 1000): null

2021-12-01 12:13:10 - [TEST_STEP][PASSED] - try: null

2021-12-01 12:13:10 - [TEST_STEP][PASSED] - connection.connect(): null

2021-12-01 12:13:10 - [TEST_STEP][PASSED] - flag = connected: null

2021-12-01 12:13:10 - [TEST_STEP][PASSED] - println("Valor_ori: " + flag): null

2021-12-01 12:13:10 - [TEST_STEP][PASSED] - if (flag): null

2021-12-01 12:13:10 - [TEST_STEP][PASSED] - navigateToUrl(i): Navigate to 'http://localhost:8380/saraweb/' successfully

2021-12-01 12:13:11 - [MESSAGE][PASSED] - Navigate to 'http://localhost:8380/saraweb/' successfully

2021-12-01 12:13:11 - [TEST_STEP][PASSED] - a(): null

2021-12-01 12:13:11 - [TEST_STEP][PASSED] - setText(findTestObject("Login/input_USUARIO_loginusuario"), G_Usuario): Text 'saraadmin' is set on object 'Object Repository/Login/input_USUARIO_loginusuario'

2021-12-01 12:13:12 - [MESSAGE][PASSED] - Text 'saraadmin' is set on object 'Object Repository/Login/input_USUARIO_loginusuario'

2021-12-01 12:13:12 - [TEST_STEP][PASSED] - setEncryptedText(findTestObject("Login/input_CLAVE_loginpassword"), "MkG4/TYiCFC3cb2driP7+Q=="): Text ****** has been set on object 'Object Repository/Login/input_CLAVE_loginpassword'

2021-12-01 12:13:13 - [MESSAGE][PASSED] - Text ****** has been set on object 'Object Repository/Login/input_CLAVE_loginpassword'

2021-12-01 12:13:13 - [TEST_STEP][PASSED] - waitForElementClickable(findTestObject("Login/a_Ingresar"), G_TimeOut): Object 'Object Repository/Login/a_Ingresar' is clickable

2021-12-01 12:13:13 - [MESSAGE][PASSED] - Object 'Object Repository/Login/a_Ingresar' is clickable

2021-12-01 12:13:13 - [TEST_STEP][PASSED] - click(findTestObject("Login/a_Ingresar")): Object: 'Object Repository/Login/a_Ingresar' is clicked on

2021-12-01 12:13:17 - [MESSAGE][PASSED] - Object: 'Object Repository/Login/a_Ingresar' is clicked on

2021-12-01 12:13:17 - [TEST_STEP][PASSED] - element = findWebElement(findTestObject("Login/a_Ir"), 30): null

2021-12-01 12:13:17 - [TEST_STEP][PASSED] - executeJavaScript("arguments[0].click()", Arrays.asList(element)): Execute JavaScript 'arguments[0].click()' successfully

2021-12-01 12:13:17 - [MESSAGE][PASSED] - Execute JavaScript 'arguments[0].click()' successfully

2021-12-01 12:13:17 - [MESSAGE][PASSED] - Call Test Case 'Test Cases/0.1-Login' successfully

2021-12-01 12:13:17 - [TEST_STEP][PASSED] - delay(2): Delayed 2 second(s)

2021-12-01 12:13:19 - [MESSAGE][PASSED] - Delayed 2 second(s)

2021-12-01 12:13:19 - [TEST_STEP][PASSED] - click(findTestObject("Modulo Administracion Compensacion/span_Administracin Compensacin")): Object: 'Object Repository/Modulo Administracion Compensacion/span_Administracin Compensacin' is clicked on

2021-12-01 12:13:20 - [MESSAGE][PASSED] - Object: 'Object Repository/Modulo Administracion Compensacion/span_Administracin Compensacin' is clicked on

2021-12-01 12:13:20 - [MESSAGE][PASSED] - Call Test Case 'Test Cases/Hutilidades/Modulos/Modulo Administracion Compensacion' successfully

2021-12-01 12:13:20 - [TEST_STEP][PASSED] - waitForElementClickable(findTestObject("Modulo Tarea Administracion Compensacion/Liquidacion Entidad Externa/input_Ir_nav_t66_input"), 0): Object 'Object Repository/Modulo Tarea Administracion Compensacion/Liquidacion Entidad Externa/input_Ir_nav_t66_input' is clickable

2021-12-01 12:13:20 - [MESSAGE][WARNING] - Timeout '0' is invalid. Using default page load timeout: '30'

2021-12-01 12:13:20 - [MESSAGE][PASSED] - Object 'Object Repository/Modulo Tarea Administracion Compensacion/Liquidacion Entidad Externa/input_Ir_nav_t66_input' is clickable

2021-12-01 12:13:20 - [TEST_STEP][PASSED] - setText(findTestObject("Modulo Tarea Administracion Compensacion/Liquidacion Entidad Externa/input_Ir_nav_t66_input"), "Liquidacion Entidad Externa"): Text 'Liquidacion Entidad Externa' is set on object 'Object Repository/Modulo Tarea Administracion Compensacion/Liquidacion Entidad Externa/input_Ir_nav_t66_input'

2021-12-01 12:13:21 - [MESSAGE][PASSED] - Text 'Liquidacion Entidad Externa' is set on object 'Object Repository/Modulo Tarea Administracion Compensacion/Liquidacion Entidad Externa/input_Ir_nav_t66_input'

2021-12-01 12:13:21 - [TEST_STEP][PASSED] - delay(1): Delayed 1 second(s)

2021-12-01 12:13:22 - [MESSAGE][PASSED] - Delayed 1 second(s)

2021-12-01 12:13:22 - [TEST_STEP][PASSED] - sendKeys(findTestObject("Modulo Tarea Administracion Compensacion/Liquidacion Entidad Externa/input_Ir_nav_t66_input"), Keys.chord(ENTER)): Keys 'ENTER + ' sent to object: 'Object Repository/Modulo Tarea Administracion Compensacion/Liquidacion Entidad Externa/input_Ir_nav_t66_input'

2021-12-01 12:13:23 - [MESSAGE][PASSED] - Keys 'ENTER + ' sent to object: 'Object Repository/Modulo Tarea Administracion Compensacion/Liquidacion Entidad Externa/input_Ir_nav_t66_input'

2021-12-01 12:13:23 - [TEST_STEP][PASSED] - click(findTestObject("Modulo Tarea Administracion Compensacion/Liquidacion Entidad Externa/span_Traer")): Object: 'Object Repository/Modulo Tarea Administracion Compensacion/Liquidacion Entidad Externa/span_Traer' is clicked on

2021-12-01 12:13:24 - [MESSAGE][PASSED] - Object: 'Object Repository/Modulo Tarea Administracion Compensacion/Liquidacion Entidad Externa/span_Traer' is clicked on

2021-12-01 12:13:24 - [TEST_STEP][PASSED] - selectOptionByIndex(findTestObject("Modulo Tarea Administracion Compensacion/Liquidacion Entidad Externa/select_--Seleccione--APORTE AF"), "1", STOP_ON_FAILURE): All options with index in [1] are selected on object 'Object Repository/Modulo Tarea Administracion Compensacion/Liquidacion Entidad Externa/select_--Seleccione--APORTE AF'

2021-12-01 12:13:25 - [MESSAGE][PASSED] - All options with index in [1] are selected on object 'Object Repository/Modulo Tarea Administracion Compensacion/Liquidacion Entidad Externa/select_--Seleccione--APORTE AF'

2021-12-01 12:13:25 - [TEST_STEP][PASSED] - setText(findTestObject("Modulo Tarea Administracion Compensacion/Liquidacion Entidad Externa/input_Fecha_form_popUpTraeLiqu"), "31/01/2019"): Text '31/01/2019' is set on object 'Object Repository/Modulo Tarea Administracion Compensacion/Liquidacion Entidad Externa/input_Fecha_form_popUpTraeLiqu'

2021-12-01 12:13:26 - [MESSAGE][PASSED] - Text '31/01/2019' is set on object 'Object Repository/Modulo Tarea Administracion Compensacion/Liquidacion Entidad Externa/input_Fecha_form_popUpTraeLiqu'

2021-12-01 12:13:26 - [TEST_STEP][PASSED] - sendKeys(findTestObject("Modulo Tarea Administracion Compensacion/Liquidacion Entidad Externa/input_Fecha_form_popUpTraeLiqu"), Keys.chord(ENTER)): Keys 'ENTER + ' sent to object: 'Object Repository/Modulo Tarea Administracion Compensacion/Liquidacion Entidad Externa/input_Fecha_form_popUpTraeLiqu'

2021-12-01 12:13:27 - [MESSAGE][PASSED] - Keys 'ENTER + ' sent to object: 'Object Repository/Modulo Tarea Administracion Compensacion/Liquidacion Entidad Externa/input_Fecha_form_popUpTraeLiqu'

2021-12-01 12:13:27 - [TEST_STEP][PASSED] - click(findTestObject("Modulo Tarea Administracion Compensacion/Liquidacion Entidad Externa/a_Aplicar")): Object: 'Object Repository/Modulo Tarea Administracion Compensacion/Liquidacion Entidad Externa/a_Aplicar' is clicked on

2021-12-01 12:13:27 - [MESSAGE][PASSED] - Object: 'Object Repository/Modulo Tarea Administracion Compensacion/Liquidacion Entidad Externa/a_Aplicar' is clicked on

2021-12-01 12:13:27 - [TEST_STEP][PASSED] - click(findTestObject("Modulo Tarea Administracion Compensacion/Liquidacion Entidad Externa/input_Sucursal_liquidacionesEn")): Object: 'Object Repository/Modulo Tarea Administracion Compensacion/Liquidacion Entidad Externa/input_Sucursal_liquidacionesEn' is clicked on

2021-12-01 12:13:28 - [MESSAGE][PASSED] - Object: 'Object Repository/Modulo Tarea Administracion Compensacion/Liquidacion Entidad Externa/input_Sucursal_liquidacionesEn' is clicked on

2021-12-01 12:13:28 - [TEST_STEP][PASSED] - waitForElementClickable(findTestObject("Modulo Tarea Administracion Compensacion/Liquidacion Entidad Externa/span_Liquidar"), 0): Object 'Object Repository/Modulo Tarea Administracion Compensacion/Liquidacion Entidad Externa/span_Liquidar' is clickable

2021-12-01 12:13:28 - [MESSAGE][WARNING] - Timeout '0' is invalid. Using default page load timeout: '30'

2021-12-01 12:13:28 - [MESSAGE][PASSED] - Object 'Object Repository/Modulo Tarea Administracion Compensacion/Liquidacion Entidad Externa/span_Liquidar' is clickable

2021-12-01 12:13:28 - [TEST_STEP][PASSED] - click(findTestObject("Modulo Tarea Administracion Compensacion/Liquidacion Entidad Externa/span_Liquidar")): Object: 'Object Repository/Modulo Tarea Administracion Compensacion/Liquidacion Entidad Externa/span_Liquidar' is clicked on

2021-12-01 12:13:29 - [MESSAGE][PASSED] - Object: 'Object Repository/Modulo Tarea Administracion Compensacion/Liquidacion Entidad Externa/span_Liquidar' is clicked on

2021-12-01 12:13:29 - [TEST_STEP][PASSED] - click(findTestObject("Modulo Tarea Administracion Compensacion/Liquidacion Entidad Externa/input_Seguimiento_popupConfirm")): Object: 'Object Repository/Modulo Tarea Administracion Compensacion/Liquidacion Entidad Externa/input_Seguimiento_popupConfirm' is clicked on

2021-12-01 12:13:30 - [MESSAGE][PASSED] - Object: 'Object Repository/Modulo Tarea Administracion Compensacion/Liquidacion Entidad Externa/input_Seguimiento_popupConfirm' is clicked on

2021-12-01 12:13:30 - [TEST_STEP][PASSED] - setText(findTestObject("Modulo Tarea Administracion Compensacion/Liquidacion Entidad Externa/input_Contrato_popupConfirmaci"), "1241"): Text '1241' is set on object 'Object Repository/Modulo Tarea Administracion Compensacion/Liquidacion Entidad Externa/input_Contrato_popupConfirmaci'

2021-12-01 12:13:32 - [MESSAGE][PASSED] - Text '1241' is set on object 'Object Repository/Modulo Tarea Administracion Compensacion/Liquidacion Entidad Externa/input_Contrato_popupConfirmaci'

2021-12-01 12:13:32 - [TEST_STEP][PASSED] - click(findTestObject("Modulo Tarea Administracion Compensacion/Liquidacion Entidad Externa/span_Si")): Object: 'Object Repository/Modulo Tarea Administracion Compensacion/Liquidacion Entidad Externa/span_Si' is clicked on

2021-12-01 12:13:32 - [MESSAGE][PASSED] - Object: 'Object Repository/Modulo Tarea Administracion Compensacion/Liquidacion Entidad Externa/span_Si' is clicked on

2021-12-01 12:13:32 - [TEST_STEP][PASSED] - click(findTestObject("Modulo Tarea Administracion Compensacion/Liquidacion Entidad Externa/a_Continuar")): Object: 'Object Repository/Modulo Tarea Administracion Compensacion/Liquidacion Entidad Externa/a_Continuar' is clicked on

2021-12-01 12:13:36 - [MESSAGE][PASSED] - Object: 'Object Repository/Modulo Tarea Administracion Compensacion/Liquidacion Entidad Externa/a_Continuar' is clicked on

2021-12-01 12:13:36 - [TEST_STEP][PASSED] - waitForElementClickable(findTestObject("Modulo Tarea Administracion Compensacion/Liquidacion Entidad Externa/span_close"), 0): Object 'Object Repository/Modulo Tarea Administracion Compensacion/Liquidacion Entidad Externa/span_close' is clickable

2021-12-01 12:13:36 - [MESSAGE][WARNING] - Timeout '0' is invalid. Using default page load timeout: '30'

2021-12-01 12:13:36 - [MESSAGE][PASSED] - Object 'Object Repository/Modulo Tarea Administracion Compensacion/Liquidacion Entidad Externa/span_close' is clickable

2021-12-01 12:13:36 - [TEST_STEP][PASSED] - click(findTestObject("Modulo Tarea Administracion Compensacion/Liquidacion Entidad Externa/span_close")): Object: 'Object Repository/Modulo Tarea Administracion Compensacion/Liquidacion Entidad Externa/span_close' is clicked on

2021-12-01 12:13:37 - [MESSAGE][PASSED] - Object: 'Object Repository/Modulo Tarea Administracion Compensacion/Liquidacion Entidad Externa/span_close' is clicked on

2021-12-01 12:13:37 - [TEST_STEP][PASSED] - waitForElementClickable(findTestObject("Modulo Tarea Administracion Compensacion/Liquidacion Entidad Externa/span_Ver"), 0): Object 'Object Repository/Modulo Tarea Administracion Compensacion/Liquidacion Entidad Externa/span_Ver' is clickable

2021-12-01 12:13:37 - [MESSAGE][WARNING] - Timeout '0' is invalid. Using default page load timeout: '30'

2021-12-01 12:13:38 - [MESSAGE][PASSED] - Object 'Object Repository/Modulo Tarea Administracion Compensacion/Liquidacion Entidad Externa/span_Ver' is clickable

2021-12-01 12:13:38 - [TEST_STEP][PASSED] - click(findTestObject("Modulo Tarea Administracion Compensacion/Liquidacion Entidad Externa/span_Ver")): Object: 'Object Repository/Modulo Tarea Administracion Compensacion/Liquidacion Entidad Externa/span_Ver' is clicked on

2021-12-01 12:13:38 - [MESSAGE][PASSED] - Object: 'Object Repository/Modulo Tarea Administracion Compensacion/Liquidacion Entidad Externa/span_Ver' is clicked on

2021-12-01 12:13:38 - [TEST_STEP][PASSED] - click(findTestObject("Modulo Tarea Administracion Compensacion/Liquidacion Entidad Externa/span_Imprimir")): Object: 'Object Repository/Modulo Tarea Administracion Compensacion/Liquidacion Entidad Externa/span_Imprimir' is clicked on

2021-12-01 12:13:39 - [MESSAGE][PASSED] - Object: 'Object Repository/Modulo Tarea Administracion Compensacion/Liquidacion Entidad Externa/span_Imprimir' is clicked on

2021-12-01 12:13:39 - [TEST_STEP][PASSED] - click(findTestObject("Modulo Tarea Administracion Compensacion/Liquidacion Entidad Externa/input_Csv_form_popupSeleccionR")): Object: 'Object Repository/Modulo Tarea Administracion Compensacion/Liquidacion Entidad Externa/input_Csv_form_popupSeleccionR' is clicked on

2021-12-01 12:13:39 - [MESSAGE][PASSED] - Object: 'Object Repository/Modulo Tarea Administracion Compensacion/Liquidacion Entidad Externa/input_Csv_form_popupSeleccionR' is clicked on

2021-12-01 12:13:39 - [TEST_STEP][PASSED] - waitForElementClickable(findTestObject("Modulo Tarea Administracion Compensacion/Liquidacion Entidad Externa/a_Reporte"), 0): Object 'Object Repository/Modulo Tarea Administracion Compensacion/Liquidacion Entidad Externa/a_Reporte' is clickable

2021-12-01 12:13:39 - [MESSAGE][WARNING] - Timeout '0' is invalid. Using default page load timeout: '30'

2021-12-01 12:13:40 - [MESSAGE][PASSED] - Object 'Object Repository/Modulo Tarea Administracion Compensacion/Liquidacion Entidad Externa/a_Reporte' is clickable

2021-12-01 12:13:40 - [TEST_STEP][PASSED] - click(findTestObject("Modulo Tarea Administracion Compensacion/Liquidacion Entidad Externa/a_Reporte")): Object: 'Object Repository/Modulo Tarea Administracion Compensacion/Liquidacion Entidad Externa/a_Reporte' is clicked on

2021-12-01 12:13:40 - [MESSAGE][PASSED] - Object: 'Object Repository/Modulo Tarea Administracion Compensacion/Liquidacion Entidad Externa/a_Reporte' is clicked on

2021-12-01 12:13:40 - [TEST_STEP][PASSED] - waitForElementClickable(findTestObject("Modulo Tarea Administracion Compensacion/Liquidacion Entidad Externa/a_Descargar"), 0): Object 'Object Repository/Modulo Tarea Administracion Compensacion/Liquidacion Entidad Externa/a_Descargar' is clickable

2021-12-01 12:13:40 - [MESSAGE][WARNING] - Timeout '0' is invalid. Using default page load timeout: '30'

2021-12-01 12:13:41 - [MESSAGE][PASSED] - Object 'Object Repository/Modulo Tarea Administracion Compensacion/Liquidacion Entidad Externa/a_Descargar' is clickable

2021-12-01 12:13:41 - [TEST_STEP][PASSED] - click(findTestObject("Modulo Tarea Administracion Compensacion/Liquidacion Entidad Externa/a_Descargar")): Object: 'Object Repository/Modulo Tarea Administracion Compensacion/Liquidacion Entidad Externa/a_Descargar' is clicked on

2021-12-01 12:13:42 - [MESSAGE][PASSED] - Object: 'Object Repository/Modulo Tarea Administracion Compensacion/Liquidacion Entidad Externa/a_Descargar' is clicked on

2021-12-01 12:13:42 - [TEST_STEP][PASSED] - delay(3): Delayed 3 second(s)

2021-12-01 12:13:45 - [MESSAGE][PASSED] - Delayed 3 second(s)

2021-12-01 12:13:45 - [TEST_STEP][PASSED] - closeBrowser(): Browser is closed

2021-12-01 12:13:45 - [MESSAGE][PASSED] - Browser is closed]]></system-out>
         <system-err><![CDATA[]]></system-err>
      </testcase>
      <testcase name="Test Cases/1.1-Tareas Principales/1.5.3-Reporte Planilla" time="0.348" classname="Test Cases/1.1-Tareas Principales/1.5.3-Reporte Planilla" status="PASSED">
         <system-out><![CDATA[2021-12-01 12:13:45 - [TEST_CASE][PASSED] - Test Cases/1.1-Tareas Principales/1.5.3-Reporte Planilla: Test Cases/1.1-Tareas Principales/1.5.3-Reporte Planilla

2021-12-01 12:13:46 - [TEST_STEP][PASSED] - closeBrowser(): Browser is closed

2021-12-01 12:13:46 - [MESSAGE][PASSED] - Browser is closed]]></system-out>
         <system-err><![CDATA[]]></system-err>
      </testcase>
      <testcase name="Test Cases/1.1-Tareas Principales/1.5.4-Ejecutar Reporte Plantilla" time="111.292" classname="Test Cases/1.1-Tareas Principales/1.5.4-Ejecutar Reporte Plantilla" status="PASSED">
         <system-out><![CDATA[2021-12-01 12:13:46 - [TEST_CASE][PASSED] - Test Cases/1.1-Tareas Principales/1.5.4-Ejecutar Reporte Plantilla: Test Cases/1.1-Tareas Principales/1.5.4-Ejecutar Reporte Plantilla

2021-12-01 12:13:46 - [TEST_STEP][PASSED] - callTestCase(findTestCase("Hutilidades/Modulos/Modulo Administracion Compensacion"), [:], STOP_ON_FAILURE): Call Test Case 'Test Cases/Hutilidades/Modulos/Modulo Administracion Compensacion' successfully

2021-12-01 12:13:46 - [TEST_CASE][PASSED] - Test Cases/Hutilidades/Modulos/Modulo Administracion Compensacion: Test Cases/Hutilidades/Modulos/Modulo Administracion Compensacion

2021-12-01 12:13:46 - [TEST_STEP][PASSED] - callTestCase(findTestCase("0.1-Login"), [:], STOP_ON_FAILURE): Call Test Case 'Test Cases/0.1-Login' successfully

2021-12-01 12:13:46 - [TEST_CASE][PASSED] - Test Cases/0.1-Login: Test Cases/0.1-Login

2021-12-01 12:13:46 - [TEST_STEP][PASSED] - openBrowser(""): Browser is opened with url: ''

2021-12-01 12:13:46 - [MESSAGE][INFO] - Starting 'Chrome' driver

2021-12-01 12:13:46 - [MESSAGE][INFO] - Action delay is set to 0 milliseconds

2021-12-01 12:13:48 - [MESSAGE][PASSED] - Browser is opened with url: ''

2021-12-01 12:13:48 - [TEST_STEP][PASSED] - maximizeWindow(): Current window maximized

2021-12-01 12:13:48 - [MESSAGE][PASSED] - Current window maximized

2021-12-01 12:13:48 - [TEST_STEP][PASSED] - i = G_Login: null

2021-12-01 12:13:48 - [TEST_STEP][PASSED] - url = new java.net.URL(i): null

2021-12-01 12:13:48 - [TEST_STEP][PASSED] - println("URL: " + url.toString()): null

2021-12-01 12:13:48 - [TEST_STEP][PASSED] - connection = url.openConnection(): null

2021-12-01 12:13:48 - [TEST_STEP][PASSED] - connection.setRequestMethod("GET"): null

2021-12-01 12:13:48 - [TEST_STEP][PASSED] - connection.setReadTimeout(2 * 1000): null

2021-12-01 12:13:48 - [TEST_STEP][PASSED] - try: null

2021-12-01 12:13:48 - [TEST_STEP][PASSED] - connection.connect(): null

2021-12-01 12:13:48 - [TEST_STEP][PASSED] - flag = connected: null

2021-12-01 12:13:48 - [TEST_STEP][PASSED] - println("Valor_ori: " + flag): null

2021-12-01 12:13:48 - [TEST_STEP][PASSED] - if (flag): null

2021-12-01 12:13:48 - [TEST_STEP][PASSED] - navigateToUrl(i): Navigate to 'http://localhost:8380/saraweb/' successfully

2021-12-01 12:13:49 - [MESSAGE][PASSED] - Navigate to 'http://localhost:8380/saraweb/' successfully

2021-12-01 12:13:49 - [TEST_STEP][PASSED] - a(): null

2021-12-01 12:13:49 - [TEST_STEP][PASSED] - setText(findTestObject("Login/input_USUARIO_loginusuario"), G_Usuario): Text 'saraadmin' is set on object 'Object Repository/Login/input_USUARIO_loginusuario'

2021-12-01 12:13:50 - [MESSAGE][PASSED] - Text 'saraadmin' is set on object 'Object Repository/Login/input_USUARIO_loginusuario'

2021-12-01 12:13:50 - [TEST_STEP][PASSED] - setEncryptedText(findTestObject("Login/input_CLAVE_loginpassword"), "MkG4/TYiCFC3cb2driP7+Q=="): Text ****** has been set on object 'Object Repository/Login/input_CLAVE_loginpassword'

2021-12-01 12:13:51 - [MESSAGE][PASSED] - Text ****** has been set on object 'Object Repository/Login/input_CLAVE_loginpassword'

2021-12-01 12:13:51 - [TEST_STEP][PASSED] - waitForElementClickable(findTestObject("Login/a_Ingresar"), G_TimeOut): Object 'Object Repository/Login/a_Ingresar' is clickable

2021-12-01 12:13:51 - [MESSAGE][PASSED] - Object 'Object Repository/Login/a_Ingresar' is clickable

2021-12-01 12:13:51 - [TEST_STEP][PASSED] - click(findTestObject("Login/a_Ingresar")): Object: 'Object Repository/Login/a_Ingresar' is clicked on

2021-12-01 12:13:55 - [MESSAGE][PASSED] - Object: 'Object Repository/Login/a_Ingresar' is clicked on

2021-12-01 12:13:55 - [TEST_STEP][PASSED] - element = findWebElement(findTestObject("Login/a_Ir"), 30): null

2021-12-01 12:13:55 - [TEST_STEP][PASSED] - executeJavaScript("arguments[0].click()", Arrays.asList(element)): Execute JavaScript 'arguments[0].click()' successfully

2021-12-01 12:13:55 - [MESSAGE][PASSED] - Execute JavaScript 'arguments[0].click()' successfully

2021-12-01 12:13:55 - [MESSAGE][PASSED] - Call Test Case 'Test Cases/0.1-Login' successfully

2021-12-01 12:13:55 - [TEST_STEP][PASSED] - delay(2): Delayed 2 second(s)

2021-12-01 12:13:57 - [MESSAGE][PASSED] - Delayed 2 second(s)

2021-12-01 12:13:57 - [TEST_STEP][PASSED] - click(findTestObject("Modulo Administracion Compensacion/span_Administracin Compensacin")): Object: 'Object Repository/Modulo Administracion Compensacion/span_Administracin Compensacin' is clicked on

2021-12-01 12:13:58 - [MESSAGE][PASSED] - Object: 'Object Repository/Modulo Administracion Compensacion/span_Administracin Compensacin' is clicked on

2021-12-01 12:13:58 - [MESSAGE][PASSED] - Call Test Case 'Test Cases/Hutilidades/Modulos/Modulo Administracion Compensacion' successfully

2021-12-01 12:13:58 - [TEST_STEP][PASSED] - waitForElementClickable(findTestObject("Modulo Tarea Administracion Compensacion/Ejecutar Reporte Planilla/input_Ir_nav_t66_input"), 0): Object 'Object Repository/Modulo Tarea Administracion Compensacion/Ejecutar Reporte Planilla/input_Ir_nav_t66_input' is clickable

2021-12-01 12:13:58 - [MESSAGE][WARNING] - Timeout '0' is invalid. Using default page load timeout: '30'

2021-12-01 12:13:58 - [MESSAGE][PASSED] - Object 'Object Repository/Modulo Tarea Administracion Compensacion/Ejecutar Reporte Planilla/input_Ir_nav_t66_input' is clickable

2021-12-01 12:13:58 - [TEST_STEP][PASSED] - setText(findTestObject("Modulo Tarea Administracion Compensacion/Ejecutar Reporte Planilla/input_Ir_nav_t66_input"), "Ejecutar Reporte Planilla"): Text 'Ejecutar Reporte Planilla' is set on object 'Object Repository/Modulo Tarea Administracion Compensacion/Ejecutar Reporte Planilla/input_Ir_nav_t66_input'

2021-12-01 12:13:59 - [MESSAGE][PASSED] - Text 'Ejecutar Reporte Planilla' is set on object 'Object Repository/Modulo Tarea Administracion Compensacion/Ejecutar Reporte Planilla/input_Ir_nav_t66_input'

2021-12-01 12:13:59 - [TEST_STEP][PASSED] - delay(1): Delayed 1 second(s)

2021-12-01 12:14:00 - [MESSAGE][PASSED] - Delayed 1 second(s)

2021-12-01 12:14:00 - [TEST_STEP][PASSED] - sendKeys(findTestObject("Modulo Tarea Administracion Compensacion/Ejecutar Reporte Planilla/input_Ir_nav_t66_input"), Keys.chord(ENTER)): Keys 'ENTER + ' sent to object: 'Object Repository/Modulo Tarea Administracion Compensacion/Ejecutar Reporte Planilla/input_Ir_nav_t66_input'

2021-12-01 12:14:00 - [MESSAGE][PASSED] - Keys 'ENTER + ' sent to object: 'Object Repository/Modulo Tarea Administracion Compensacion/Ejecutar Reporte Planilla/input_Ir_nav_t66_input'

2021-12-01 12:14:00 - [TEST_STEP][PASSED] - waitForElementClickable(findTestObject("Modulo Tarea Administracion Compensacion/Ejecutar Reporte Planilla/input_Actos Administrativos_ejecutarReporte"), 0): Object 'Object Repository/Modulo Tarea Administracion Compensacion/Ejecutar Reporte Planilla/input_Actos Administrativos_ejecutarReporte' is clickable

2021-12-01 12:14:01 - [MESSAGE][WARNING] - Timeout '0' is invalid. Using default page load timeout: '30'

2021-12-01 12:14:01 - [MESSAGE][PASSED] - Object 'Object Repository/Modulo Tarea Administracion Compensacion/Ejecutar Reporte Planilla/input_Actos Administrativos_ejecutarReporte' is clickable

2021-12-01 12:14:01 - [TEST_STEP][PASSED] - setText(findTestObject("Modulo Tarea Administracion Compensacion/Ejecutar Reporte Planilla/input_Actos Administrativos_ejecutarReporte"), "PNP - PAGO DE NOMINA"): Text 'PNP - PAGO DE NOMINA' is set on object 'Object Repository/Modulo Tarea Administracion Compensacion/Ejecutar Reporte Planilla/input_Actos Administrativos_ejecutarReporte'

2021-12-01 12:14:02 - [MESSAGE][PASSED] - Text 'PNP - PAGO DE NOMINA' is set on object 'Object Repository/Modulo Tarea Administracion Compensacion/Ejecutar Reporte Planilla/input_Actos Administrativos_ejecutarReporte'

2021-12-01 12:14:02 - [TEST_STEP][PASSED] - click(findTestObject("Modulo Tarea Administracion Compensacion/Ejecutar Reporte Planilla/a_Actos Administrativos_ejecutarReportePlanillaj_idt61")): Object: 'Object Repository/Modulo Tarea Administracion Compensacion/Ejecutar Reporte Planilla/a_Actos Administrativos_ejecutarReportePlanillaj_idt61' is clicked on

2021-12-01 12:14:03 - [MESSAGE][PASSED] - Object: 'Object Repository/Modulo Tarea Administracion Compensacion/Ejecutar Reporte Planilla/a_Actos Administrativos_ejecutarReportePlanillaj_idt61' is clicked on

2021-12-01 12:14:03 - [TEST_STEP][PASSED] - click(findTestObject("Modulo Tarea Administracion Compensacion/Ejecutar Reporte Planilla/a_Actos Administrativos_ejecutarReportePlanillaj_idt61")): Object: 'Object Repository/Modulo Tarea Administracion Compensacion/Ejecutar Reporte Planilla/a_Actos Administrativos_ejecutarReportePlanillaj_idt61' is clicked on

2021-12-01 12:14:03 - [MESSAGE][PASSED] - Object: 'Object Repository/Modulo Tarea Administracion Compensacion/Ejecutar Reporte Planilla/a_Actos Administrativos_ejecutarReportePlanillaj_idt61' is clicked on

2021-12-01 12:14:03 - [TEST_STEP][PASSED] - waitForElementClickable(findTestObject("Modulo Tarea Administracion Compensacion/Ejecutar Reporte Planilla/td_PNP - PAGO DE NOMINA"), 0): Object 'Object Repository/Modulo Tarea Administracion Compensacion/Ejecutar Reporte Planilla/td_PNP - PAGO DE NOMINA' is clickable

2021-12-01 12:14:03 - [MESSAGE][WARNING] - Timeout '0' is invalid. Using default page load timeout: '30'

2021-12-01 12:14:04 - [MESSAGE][PASSED] - Object 'Object Repository/Modulo Tarea Administracion Compensacion/Ejecutar Reporte Planilla/td_PNP - PAGO DE NOMINA' is clickable

2021-12-01 12:14:04 - [TEST_STEP][PASSED] - click(findTestObject("Modulo Tarea Administracion Compensacion/Ejecutar Reporte Planilla/td_PNP - PAGO DE NOMINA")): Object: 'Object Repository/Modulo Tarea Administracion Compensacion/Ejecutar Reporte Planilla/td_PNP - PAGO DE NOMINA' is clicked on

2021-12-01 12:14:04 - [MESSAGE][PASSED] - Object: 'Object Repository/Modulo Tarea Administracion Compensacion/Ejecutar Reporte Planilla/td_PNP - PAGO DE NOMINA' is clicked on

2021-12-01 12:14:04 - [TEST_STEP][PASSED] - waitForElementClickable(findTestObject("Modulo Tarea Administracion Compensacion/Ejecutar Reporte Planilla/a_Periodo Nomina_ejecutarRepor"), 0): Object 'Object Repository/Modulo Tarea Administracion Compensacion/Ejecutar Reporte Planilla/a_Periodo Nomina_ejecutarRepor' is clickable

2021-12-01 12:14:05 - [MESSAGE][WARNING] - Timeout '0' is invalid. Using default page load timeout: '30'

2021-12-01 12:14:05 - [MESSAGE][PASSED] - Object 'Object Repository/Modulo Tarea Administracion Compensacion/Ejecutar Reporte Planilla/a_Periodo Nomina_ejecutarRepor' is clickable

2021-12-01 12:14:05 - [TEST_STEP][PASSED] - click(findTestObject("Modulo Tarea Administracion Compensacion/Ejecutar Reporte Planilla/a_Periodo Nomina_ejecutarRepor")): Object: 'Object Repository/Modulo Tarea Administracion Compensacion/Ejecutar Reporte Planilla/a_Periodo Nomina_ejecutarRepor' is clicked on

2021-12-01 12:14:06 - [MESSAGE][PASSED] - Object: 'Object Repository/Modulo Tarea Administracion Compensacion/Ejecutar Reporte Planilla/a_Periodo Nomina_ejecutarRepor' is clicked on

2021-12-01 12:14:06 - [TEST_STEP][PASSED] - waitForElementClickable(findTestObject("Modulo Tarea Administracion Compensacion/Ejecutar Reporte Planilla/select_--  Seleccione  --Periodo CerradoPeriodo en Proceso"), 0): Object 'Object Repository/Modulo Tarea Administracion Compensacion/Ejecutar Reporte Planilla/select_--  Seleccione  --Periodo CerradoPeriodo en Proceso' is clickable

2021-12-01 12:14:06 - [MESSAGE][WARNING] - Timeout '0' is invalid. Using default page load timeout: '30'

2021-12-01 12:14:06 - [MESSAGE][PASSED] - Object 'Object Repository/Modulo Tarea Administracion Compensacion/Ejecutar Reporte Planilla/select_--  Seleccione  --Periodo CerradoPeriodo en Proceso' is clickable

2021-12-01 12:14:06 - [TEST_STEP][PASSED] - selectOptionByIndex(findTestObject("Modulo Tarea Administracion Compensacion/Ejecutar Reporte Planilla/select_--  Seleccione  --Periodo CerradoPeriodo en Proceso"), "1", STOP_ON_FAILURE): All options with index in [1] are selected on object 'Object Repository/Modulo Tarea Administracion Compensacion/Ejecutar Reporte Planilla/select_--  Seleccione  --Periodo CerradoPeriodo en Proceso'

2021-12-01 12:14:07 - [MESSAGE][PASSED] - All options with index in [1] are selected on object 'Object Repository/Modulo Tarea Administracion Compensacion/Ejecutar Reporte Planilla/select_--  Seleccione  --Periodo CerradoPeriodo en Proceso'

2021-12-01 12:14:07 - [TEST_STEP][PASSED] - waitForElementClickable(findTestObject("Modulo Tarea Administracion Compensacion/Ejecutar Reporte Planilla/span_P. MensualMayo2021"), 0): Object 'Object Repository/Modulo Tarea Administracion Compensacion/Ejecutar Reporte Planilla/span_P. MensualMayo2021' is clickable

2021-12-01 12:14:07 - [MESSAGE][WARNING] - Timeout '0' is invalid. Using default page load timeout: '30'

2021-12-01 12:14:08 - [MESSAGE][PASSED] - Object 'Object Repository/Modulo Tarea Administracion Compensacion/Ejecutar Reporte Planilla/span_P. MensualMayo2021' is clickable

2021-12-01 12:14:08 - [TEST_STEP][PASSED] - click(findTestObject("Modulo Tarea Administracion Compensacion/Ejecutar Reporte Planilla/span_P. MensualMayo2021")): Object: 'Object Repository/Modulo Tarea Administracion Compensacion/Ejecutar Reporte Planilla/span_P. MensualMayo2021' is clicked on

2021-12-01 12:14:08 - [MESSAGE][PASSED] - Object: 'Object Repository/Modulo Tarea Administracion Compensacion/Ejecutar Reporte Planilla/span_P. MensualMayo2021' is clicked on

2021-12-01 12:14:08 - [TEST_STEP][PASSED] - waitForElementClickable(findTestObject("Modulo Tarea Administracion Compensacion/Ejecutar Reporte Planilla/a_Aplicar"), 0): Object 'Object Repository/Modulo Tarea Administracion Compensacion/Ejecutar Reporte Planilla/a_Aplicar' is clickable

2021-12-01 12:14:08 - [MESSAGE][WARNING] - Timeout '0' is invalid. Using default page load timeout: '30'

2021-12-01 12:14:10 - [MESSAGE][PASSED] - Object 'Object Repository/Modulo Tarea Administracion Compensacion/Ejecutar Reporte Planilla/a_Aplicar' is clickable

2021-12-01 12:14:10 - [TEST_STEP][PASSED] - click(findTestObject("Modulo Tarea Administracion Compensacion/Ejecutar Reporte Planilla/a_Aplicar")): Object: 'Object Repository/Modulo Tarea Administracion Compensacion/Ejecutar Reporte Planilla/a_Aplicar' is clicked on

2021-12-01 12:14:10 - [MESSAGE][PASSED] - Object: 'Object Repository/Modulo Tarea Administracion Compensacion/Ejecutar Reporte Planilla/a_Aplicar' is clicked on

2021-12-01 12:14:10 - [TEST_STEP][PASSED] - waitForElementClickable(findTestObject("Modulo Tarea Administracion Compensacion/Ejecutar Reporte Planilla/span_Reporte_glyphicons glyphicons-article"), 0): Object 'Object Repository/Modulo Tarea Administracion Compensacion/Ejecutar Reporte Planilla/span_Reporte_glyphicons glyphicons-article' is clickable

2021-12-01 12:14:10 - [MESSAGE][WARNING] - Timeout '0' is invalid. Using default page load timeout: '30'

2021-12-01 12:14:12 - [MESSAGE][PASSED] - Object 'Object Repository/Modulo Tarea Administracion Compensacion/Ejecutar Reporte Planilla/span_Reporte_glyphicons glyphicons-article' is clickable

2021-12-01 12:14:12 - [TEST_STEP][PASSED] - click(findTestObject("Modulo Tarea Administracion Compensacion/Ejecutar Reporte Planilla/span_Reporte_glyphicons glyphicons-article")): Object: 'Object Repository/Modulo Tarea Administracion Compensacion/Ejecutar Reporte Planilla/span_Reporte_glyphicons glyphicons-article' is clicked on

2021-12-01 12:14:12 - [MESSAGE][PASSED] - Object: 'Object Repository/Modulo Tarea Administracion Compensacion/Ejecutar Reporte Planilla/span_Reporte_glyphicons glyphicons-article' is clicked on

2021-12-01 12:14:12 - [TEST_STEP][PASSED] - click(findTestObject("Modulo Tarea Administracion Compensacion/Ejecutar Reporte Planilla/label_html")): Object: 'Object Repository/Modulo Tarea Administracion Compensacion/Ejecutar Reporte Planilla/label_html' is clicked on

2021-12-01 12:14:13 - [MESSAGE][PASSED] - Object: 'Object Repository/Modulo Tarea Administracion Compensacion/Ejecutar Reporte Planilla/label_html' is clicked on

2021-12-01 12:14:13 - [TEST_STEP][PASSED] - click(findTestObject("Modulo Tarea Administracion Compensacion/Ejecutar Reporte Planilla/a_Generar Reporte")): Object: 'Object Repository/Modulo Tarea Administracion Compensacion/Ejecutar Reporte Planilla/a_Generar Reporte' is clicked on

2021-12-01 12:14:13 - [MESSAGE][PASSED] - Object: 'Object Repository/Modulo Tarea Administracion Compensacion/Ejecutar Reporte Planilla/a_Generar Reporte' is clicked on

2021-12-01 12:14:13 - [TEST_STEP][PASSED] - waitForElementClickable(findTestObject("Modulo Tarea Administracion Compensacion/Ejecutar Reporte Planilla/a_Descargar"), 0): Object 'Object Repository/Modulo Tarea Administracion Compensacion/Ejecutar Reporte Planilla/a_Descargar' is clickable

2021-12-01 12:14:14 - [MESSAGE][WARNING] - Timeout '0' is invalid. Using default page load timeout: '30'

2021-12-01 12:14:14 - [MESSAGE][PASSED] - Object 'Object Repository/Modulo Tarea Administracion Compensacion/Ejecutar Reporte Planilla/a_Descargar' is clickable

2021-12-01 12:14:14 - [TEST_STEP][PASSED] - click(findTestObject("Modulo Tarea Administracion Compensacion/Ejecutar Reporte Planilla/a_Descargar")): Object: 'Object Repository/Modulo Tarea Administracion Compensacion/Ejecutar Reporte Planilla/a_Descargar' is clicked on

2021-12-01 12:14:15 - [MESSAGE][PASSED] - Object: 'Object Repository/Modulo Tarea Administracion Compensacion/Ejecutar Reporte Planilla/a_Descargar' is clicked on

2021-12-01 12:14:15 - [TEST_STEP][PASSED] - click(findTestObject("Modulo Tarea Administracion Compensacion/Ejecutar Reporte Planilla/a_Periodo Nomina_Cerrar")): Object: 'Object Repository/Modulo Tarea Administracion Compensacion/Ejecutar Reporte Planilla/a_Periodo Nomina_Cerrar' is clicked on

2021-12-01 12:14:15 - [MESSAGE][PASSED] - Object: 'Object Repository/Modulo Tarea Administracion Compensacion/Ejecutar Reporte Planilla/a_Periodo Nomina_Cerrar' is clicked on

2021-12-01 12:14:15 - [TEST_STEP][PASSED] - waitForElementClickable(findTestObject("Modulo Tarea Administracion Compensacion/Ejecutar Reporte Planilla/input_Actos Administrativos_ejecutarReporte"), 0): Object 'Object Repository/Modulo Tarea Administracion Compensacion/Ejecutar Reporte Planilla/input_Actos Administrativos_ejecutarReporte' is clickable

2021-12-01 12:14:16 - [MESSAGE][WARNING] - Timeout '0' is invalid. Using default page load timeout: '30'

2021-12-01 12:14:16 - [MESSAGE][PASSED] - Object 'Object Repository/Modulo Tarea Administracion Compensacion/Ejecutar Reporte Planilla/input_Actos Administrativos_ejecutarReporte' is clickable

2021-12-01 12:14:16 - [TEST_STEP][PASSED] - setText(findTestObject("Modulo Tarea Administracion Compensacion/Ejecutar Reporte Planilla/input_Actos Administrativos_ejecutarReporte"), "REPORTE PLANILLA..."): Text 'REPORTE PLANILLA...' is set on object 'Object Repository/Modulo Tarea Administracion Compensacion/Ejecutar Reporte Planilla/input_Actos Administrativos_ejecutarReporte'

2021-12-01 12:14:17 - [MESSAGE][PASSED] - Text 'REPORTE PLANILLA...' is set on object 'Object Repository/Modulo Tarea Administracion Compensacion/Ejecutar Reporte Planilla/input_Actos Administrativos_ejecutarReporte'

2021-12-01 12:14:17 - [TEST_STEP][PASSED] - click(findTestObject("Modulo Tarea Administracion Compensacion/Ejecutar Reporte Planilla/a_Actos Administrativos_ejecutarReportePlanillaj_idt61"), STOP_ON_FAILURE): Object: 'Object Repository/Modulo Tarea Administracion Compensacion/Ejecutar Reporte Planilla/a_Actos Administrativos_ejecutarReportePlanillaj_idt61' is clicked on

2021-12-01 12:14:17 - [MESSAGE][PASSED] - Object: 'Object Repository/Modulo Tarea Administracion Compensacion/Ejecutar Reporte Planilla/a_Actos Administrativos_ejecutarReportePlanillaj_idt61' is clicked on

2021-12-01 12:14:17 - [TEST_STEP][PASSED] - click(findTestObject("Modulo Tarea Administracion Compensacion/Ejecutar Reporte Planilla/a_Actos Administrativos_ejecutarReportePlanillaj_idt61"), STOP_ON_FAILURE): Object: 'Object Repository/Modulo Tarea Administracion Compensacion/Ejecutar Reporte Planilla/a_Actos Administrativos_ejecutarReportePlanillaj_idt61' is clicked on

2021-12-01 12:14:18 - [MESSAGE][PASSED] - Object: 'Object Repository/Modulo Tarea Administracion Compensacion/Ejecutar Reporte Planilla/a_Actos Administrativos_ejecutarReportePlanillaj_idt61' is clicked on

2021-12-01 12:14:18 - [TEST_STEP][PASSED] - waitForElementClickable(findTestObject("Modulo Tarea Administracion Compensacion/Ejecutar Reporte Planilla/td_PNP - PAGO DE NOMINA"), 0): Object 'Object Repository/Modulo Tarea Administracion Compensacion/Ejecutar Reporte Planilla/td_PNP - PAGO DE NOMINA' is clickable

2021-12-01 12:14:18 - [MESSAGE][WARNING] - Timeout '0' is invalid. Using default page load timeout: '30'

2021-12-01 12:14:19 - [MESSAGE][PASSED] - Object 'Object Repository/Modulo Tarea Administracion Compensacion/Ejecutar Reporte Planilla/td_PNP - PAGO DE NOMINA' is clickable

2021-12-01 12:14:19 - [TEST_STEP][PASSED] - click(findTestObject("Modulo Tarea Administracion Compensacion/Ejecutar Reporte Planilla/td_PNP - PAGO DE NOMINA")): Object: 'Object Repository/Modulo Tarea Administracion Compensacion/Ejecutar Reporte Planilla/td_PNP - PAGO DE NOMINA' is clicked on

2021-12-01 12:14:19 - [MESSAGE][PASSED] - Object: 'Object Repository/Modulo Tarea Administracion Compensacion/Ejecutar Reporte Planilla/td_PNP - PAGO DE NOMINA' is clicked on

2021-12-01 12:14:19 - [TEST_STEP][PASSED] - waitForElementClickable(findTestObject("Modulo Tarea Administracion Compensacion/Ejecutar Reporte Planilla/a_Periodo Nomina_ejecutarRepor"), 0): Object 'Object Repository/Modulo Tarea Administracion Compensacion/Ejecutar Reporte Planilla/a_Periodo Nomina_ejecutarRepor' is clickable

2021-12-01 12:14:19 - [MESSAGE][WARNING] - Timeout '0' is invalid. Using default page load timeout: '30'

2021-12-01 12:14:20 - [MESSAGE][PASSED] - Object 'Object Repository/Modulo Tarea Administracion Compensacion/Ejecutar Reporte Planilla/a_Periodo Nomina_ejecutarRepor' is clickable

2021-12-01 12:14:20 - [TEST_STEP][PASSED] - click(findTestObject("Modulo Tarea Administracion Compensacion/Ejecutar Reporte Planilla/a_Periodo Nomina_ejecutarRepor")): Object: 'Object Repository/Modulo Tarea Administracion Compensacion/Ejecutar Reporte Planilla/a_Periodo Nomina_ejecutarRepor' is clicked on

2021-12-01 12:14:20 - [MESSAGE][PASSED] - Object: 'Object Repository/Modulo Tarea Administracion Compensacion/Ejecutar Reporte Planilla/a_Periodo Nomina_ejecutarRepor' is clicked on

2021-12-01 12:14:20 - [TEST_STEP][PASSED] - waitForElementClickable(findTestObject("Modulo Tarea Administracion Compensacion/Ejecutar Reporte Planilla/select_--  Seleccione  --Periodo CerradoPeriodo en Proceso"), 0): Object 'Object Repository/Modulo Tarea Administracion Compensacion/Ejecutar Reporte Planilla/select_--  Seleccione  --Periodo CerradoPeriodo en Proceso' is clickable

2021-12-01 12:14:20 - [MESSAGE][WARNING] - Timeout '0' is invalid. Using default page load timeout: '30'

2021-12-01 12:14:21 - [MESSAGE][PASSED] - Object 'Object Repository/Modulo Tarea Administracion Compensacion/Ejecutar Reporte Planilla/select_--  Seleccione  --Periodo CerradoPeriodo en Proceso' is clickable

2021-12-01 12:14:21 - [TEST_STEP][PASSED] - selectOptionByIndex(findTestObject("Modulo Tarea Administracion Compensacion/Ejecutar Reporte Planilla/select_--  Seleccione  --Periodo CerradoPeriodo en Proceso"), "1", STOP_ON_FAILURE): All options with index in [1] are selected on object 'Object Repository/Modulo Tarea Administracion Compensacion/Ejecutar Reporte Planilla/select_--  Seleccione  --Periodo CerradoPeriodo en Proceso'

2021-12-01 12:14:22 - [MESSAGE][PASSED] - All options with index in [1] are selected on object 'Object Repository/Modulo Tarea Administracion Compensacion/Ejecutar Reporte Planilla/select_--  Seleccione  --Periodo CerradoPeriodo en Proceso'

2021-12-01 12:14:22 - [TEST_STEP][PASSED] - waitForElementClickable(findTestObject("Modulo Tarea Administracion Compensacion/Ejecutar Reporte Planilla/span_P. MensualMayo2021"), 0): Object 'Object Repository/Modulo Tarea Administracion Compensacion/Ejecutar Reporte Planilla/span_P. MensualMayo2021' is clickable

2021-12-01 12:14:22 - [MESSAGE][WARNING] - Timeout '0' is invalid. Using default page load timeout: '30'

2021-12-01 12:14:23 - [MESSAGE][PASSED] - Object 'Object Repository/Modulo Tarea Administracion Compensacion/Ejecutar Reporte Planilla/span_P. MensualMayo2021' is clickable

2021-12-01 12:14:23 - [TEST_STEP][PASSED] - click(findTestObject("Modulo Tarea Administracion Compensacion/Ejecutar Reporte Planilla/span_P. MensualMayo2021")): Object: 'Object Repository/Modulo Tarea Administracion Compensacion/Ejecutar Reporte Planilla/span_P. MensualMayo2021' is clicked on

2021-12-01 12:14:23 - [MESSAGE][PASSED] - Object: 'Object Repository/Modulo Tarea Administracion Compensacion/Ejecutar Reporte Planilla/span_P. MensualMayo2021' is clicked on

2021-12-01 12:14:23 - [TEST_STEP][PASSED] - waitForElementClickable(findTestObject("Modulo Tarea Administracion Compensacion/Ejecutar Reporte Planilla/select_--Seleccione--TodosNOMINA MENSUALNOMINA QUINCENAL"), 0): Object 'Object Repository/Modulo Tarea Administracion Compensacion/Ejecutar Reporte Planilla/select_--Seleccione--TodosNOMINA MENSUALNOMINA QUINCENAL' is clickable

2021-12-01 12:14:23 - [MESSAGE][WARNING] - Timeout '0' is invalid. Using default page load timeout: '30'

2021-12-01 12:14:24 - [MESSAGE][PASSED] - Object 'Object Repository/Modulo Tarea Administracion Compensacion/Ejecutar Reporte Planilla/select_--Seleccione--TodosNOMINA MENSUALNOMINA QUINCENAL' is clickable

2021-12-01 12:14:24 - [TEST_STEP][PASSED] - selectOptionByIndex(findTestObject("Modulo Tarea Administracion Compensacion/Ejecutar Reporte Planilla/select_--Seleccione--TodosNOMINA MENSUALNOMINA QUINCENAL"), "1"): All options with index in [1] are selected on object 'Object Repository/Modulo Tarea Administracion Compensacion/Ejecutar Reporte Planilla/select_--Seleccione--TodosNOMINA MENSUALNOMINA QUINCENAL'

2021-12-01 12:14:25 - [MESSAGE][PASSED] - All options with index in [1] are selected on object 'Object Repository/Modulo Tarea Administracion Compensacion/Ejecutar Reporte Planilla/select_--Seleccione--TodosNOMINA MENSUALNOMINA QUINCENAL'

2021-12-01 12:14:25 - [TEST_STEP][PASSED] - waitForElementClickable(findTestObject("Modulo Tarea Administracion Compensacion/Ejecutar Reporte Planilla/a_Aplicar"), 0): Object 'Object Repository/Modulo Tarea Administracion Compensacion/Ejecutar Reporte Planilla/a_Aplicar' is clickable

2021-12-01 12:14:25 - [MESSAGE][WARNING] - Timeout '0' is invalid. Using default page load timeout: '30'

2021-12-01 12:14:25 - [MESSAGE][PASSED] - Object 'Object Repository/Modulo Tarea Administracion Compensacion/Ejecutar Reporte Planilla/a_Aplicar' is clickable

2021-12-01 12:14:25 - [TEST_STEP][PASSED] - click(findTestObject("Modulo Tarea Administracion Compensacion/Ejecutar Reporte Planilla/a_Aplicar")): Object: 'Object Repository/Modulo Tarea Administracion Compensacion/Ejecutar Reporte Planilla/a_Aplicar' is clicked on

2021-12-01 12:14:26 - [MESSAGE][PASSED] - Object: 'Object Repository/Modulo Tarea Administracion Compensacion/Ejecutar Reporte Planilla/a_Aplicar' is clicked on

2021-12-01 12:14:26 - [TEST_STEP][PASSED] - waitForElementClickable(findTestObject("Modulo Tarea Administracion Compensacion/Ejecutar Reporte Planilla/a_Continuar"), 0): Object 'Object Repository/Modulo Tarea Administracion Compensacion/Ejecutar Reporte Planilla/a_Continuar' is clickable

2021-12-01 12:14:26 - [MESSAGE][WARNING] - Timeout '0' is invalid. Using default page load timeout: '30'

2021-12-01 12:14:30 - [MESSAGE][PASSED] - Object 'Object Repository/Modulo Tarea Administracion Compensacion/Ejecutar Reporte Planilla/a_Continuar' is clickable

2021-12-01 12:14:30 - [TEST_STEP][PASSED] - click(findTestObject("Modulo Tarea Administracion Compensacion/Ejecutar Reporte Planilla/a_Continuar")): Object: 'Object Repository/Modulo Tarea Administracion Compensacion/Ejecutar Reporte Planilla/a_Continuar' is clicked on

2021-12-01 12:14:30 - [MESSAGE][PASSED] - Object: 'Object Repository/Modulo Tarea Administracion Compensacion/Ejecutar Reporte Planilla/a_Continuar' is clicked on

2021-12-01 12:14:30 - [TEST_STEP][PASSED] - waitForElementClickable(findTestObject("Modulo Tarea Administracion Compensacion/Ejecutar Reporte Planilla/input_Actos Administrativos_ejecutarReporte"), 0): Object 'Object Repository/Modulo Tarea Administracion Compensacion/Ejecutar Reporte Planilla/input_Actos Administrativos_ejecutarReporte' is clickable

2021-12-01 12:14:30 - [MESSAGE][WARNING] - Timeout '0' is invalid. Using default page load timeout: '30'

2021-12-01 12:14:31 - [MESSAGE][PASSED] - Object 'Object Repository/Modulo Tarea Administracion Compensacion/Ejecutar Reporte Planilla/input_Actos Administrativos_ejecutarReporte' is clickable

2021-12-01 12:14:31 - [TEST_STEP][PASSED] - setText(findTestObject("Modulo Tarea Administracion Compensacion/Ejecutar Reporte Planilla/input_Actos Administrativos_ejecutarReporte"), "RECO"): Text 'RECO' is set on object 'Object Repository/Modulo Tarea Administracion Compensacion/Ejecutar Reporte Planilla/input_Actos Administrativos_ejecutarReporte'

2021-12-01 12:14:32 - [MESSAGE][PASSED] - Text 'RECO' is set on object 'Object Repository/Modulo Tarea Administracion Compensacion/Ejecutar Reporte Planilla/input_Actos Administrativos_ejecutarReporte'

2021-12-01 12:14:32 - [TEST_STEP][PASSED] - click(findTestObject("Modulo Tarea Administracion Compensacion/Ejecutar Reporte Planilla/a_Actos Administrativos_ejecutarReportePlanillaj_idt61"), STOP_ON_FAILURE): Object: 'Object Repository/Modulo Tarea Administracion Compensacion/Ejecutar Reporte Planilla/a_Actos Administrativos_ejecutarReportePlanillaj_idt61' is clicked on

2021-12-01 12:14:32 - [MESSAGE][PASSED] - Object: 'Object Repository/Modulo Tarea Administracion Compensacion/Ejecutar Reporte Planilla/a_Actos Administrativos_ejecutarReportePlanillaj_idt61' is clicked on

2021-12-01 12:14:32 - [TEST_STEP][PASSED] - click(findTestObject("Modulo Tarea Administracion Compensacion/Ejecutar Reporte Planilla/a_Actos Administrativos_ejecutarReportePlanillaj_idt61"), STOP_ON_FAILURE): Object: 'Object Repository/Modulo Tarea Administracion Compensacion/Ejecutar Reporte Planilla/a_Actos Administrativos_ejecutarReportePlanillaj_idt61' is clicked on

2021-12-01 12:14:33 - [MESSAGE][PASSED] - Object: 'Object Repository/Modulo Tarea Administracion Compensacion/Ejecutar Reporte Planilla/a_Actos Administrativos_ejecutarReportePlanillaj_idt61' is clicked on

2021-12-01 12:14:33 - [TEST_STEP][PASSED] - waitForElementClickable(findTestObject("Modulo Tarea Administracion Compensacion/Ejecutar Reporte Planilla/td_PNP - PAGO DE NOMINA"), 0): Object 'Object Repository/Modulo Tarea Administracion Compensacion/Ejecutar Reporte Planilla/td_PNP - PAGO DE NOMINA' is clickable

2021-12-01 12:14:33 - [MESSAGE][WARNING] - Timeout '0' is invalid. Using default page load timeout: '30'

2021-12-01 12:14:35 - [MESSAGE][PASSED] - Object 'Object Repository/Modulo Tarea Administracion Compensacion/Ejecutar Reporte Planilla/td_PNP - PAGO DE NOMINA' is clickable

2021-12-01 12:14:35 - [TEST_STEP][PASSED] - click(findTestObject("Modulo Tarea Administracion Compensacion/Ejecutar Reporte Planilla/td_PNP - PAGO DE NOMINA")): Object: 'Object Repository/Modulo Tarea Administracion Compensacion/Ejecutar Reporte Planilla/td_PNP - PAGO DE NOMINA' is clicked on

2021-12-01 12:14:35 - [MESSAGE][PASSED] - Object: 'Object Repository/Modulo Tarea Administracion Compensacion/Ejecutar Reporte Planilla/td_PNP - PAGO DE NOMINA' is clicked on

2021-12-01 12:14:35 - [TEST_STEP][PASSED] - waitForElementClickable(findTestObject("Modulo Tarea Administracion Compensacion/Ejecutar Reporte Planilla/a_Periodo Nomina_ejecutarRepor"), 0): Object 'Object Repository/Modulo Tarea Administracion Compensacion/Ejecutar Reporte Planilla/a_Periodo Nomina_ejecutarRepor' is clickable

2021-12-01 12:14:35 - [MESSAGE][WARNING] - Timeout '0' is invalid. Using default page load timeout: '30'

2021-12-01 12:14:36 - [MESSAGE][PASSED] - Object 'Object Repository/Modulo Tarea Administracion Compensacion/Ejecutar Reporte Planilla/a_Periodo Nomina_ejecutarRepor' is clickable

2021-12-01 12:14:36 - [TEST_STEP][PASSED] - click(findTestObject("Modulo Tarea Administracion Compensacion/Ejecutar Reporte Planilla/a_Periodo Nomina_ejecutarRepor")): Object: 'Object Repository/Modulo Tarea Administracion Compensacion/Ejecutar Reporte Planilla/a_Periodo Nomina_ejecutarRepor' is clicked on

2021-12-01 12:14:36 - [MESSAGE][PASSED] - Object: 'Object Repository/Modulo Tarea Administracion Compensacion/Ejecutar Reporte Planilla/a_Periodo Nomina_ejecutarRepor' is clicked on

2021-12-01 12:14:36 - [TEST_STEP][PASSED] - waitForElementClickable(findTestObject("Modulo Tarea Administracion Compensacion/Ejecutar Reporte Planilla/select_--  Seleccione  --Periodo CerradoPeriodo en Proceso"), 0): Object 'Object Repository/Modulo Tarea Administracion Compensacion/Ejecutar Reporte Planilla/select_--  Seleccione  --Periodo CerradoPeriodo en Proceso' is clickable

2021-12-01 12:14:36 - [MESSAGE][WARNING] - Timeout '0' is invalid. Using default page load timeout: '30'

2021-12-01 12:14:37 - [MESSAGE][PASSED] - Object 'Object Repository/Modulo Tarea Administracion Compensacion/Ejecutar Reporte Planilla/select_--  Seleccione  --Periodo CerradoPeriodo en Proceso' is clickable

2021-12-01 12:14:37 - [TEST_STEP][PASSED] - selectOptionByIndex(findTestObject("Modulo Tarea Administracion Compensacion/Ejecutar Reporte Planilla/select_--  Seleccione  --Periodo CerradoPeriodo en Proceso"), "1", STOP_ON_FAILURE): All options with index in [1] are selected on object 'Object Repository/Modulo Tarea Administracion Compensacion/Ejecutar Reporte Planilla/select_--  Seleccione  --Periodo CerradoPeriodo en Proceso'

2021-12-01 12:14:38 - [MESSAGE][PASSED] - All options with index in [1] are selected on object 'Object Repository/Modulo Tarea Administracion Compensacion/Ejecutar Reporte Planilla/select_--  Seleccione  --Periodo CerradoPeriodo en Proceso'

2021-12-01 12:14:38 - [TEST_STEP][PASSED] - waitForElementClickable(findTestObject("Modulo Tarea Administracion Compensacion/Ejecutar Reporte Planilla/span_P. MensualMayo2021"), 0): Object 'Object Repository/Modulo Tarea Administracion Compensacion/Ejecutar Reporte Planilla/span_P. MensualMayo2021' is clickable

2021-12-01 12:14:38 - [MESSAGE][WARNING] - Timeout '0' is invalid. Using default page load timeout: '30'

2021-12-01 12:14:38 - [MESSAGE][PASSED] - Object 'Object Repository/Modulo Tarea Administracion Compensacion/Ejecutar Reporte Planilla/span_P. MensualMayo2021' is clickable

2021-12-01 12:14:38 - [TEST_STEP][PASSED] - click(findTestObject("Modulo Tarea Administracion Compensacion/Ejecutar Reporte Planilla/span_P. MensualMayo2021")): Object: 'Object Repository/Modulo Tarea Administracion Compensacion/Ejecutar Reporte Planilla/span_P. MensualMayo2021' is clicked on

2021-12-01 12:14:39 - [MESSAGE][PASSED] - Object: 'Object Repository/Modulo Tarea Administracion Compensacion/Ejecutar Reporte Planilla/span_P. MensualMayo2021' is clicked on

2021-12-01 12:14:39 - [TEST_STEP][PASSED] - waitForElementClickable(findTestObject("Modulo Tarea Administracion Compensacion/Ejecutar Reporte Planilla/a_Aplicar"), 0): Object 'Object Repository/Modulo Tarea Administracion Compensacion/Ejecutar Reporte Planilla/a_Aplicar' is clickable

2021-12-01 12:14:39 - [MESSAGE][WARNING] - Timeout '0' is invalid. Using default page load timeout: '30'

2021-12-01 12:14:39 - [MESSAGE][PASSED] - Object 'Object Repository/Modulo Tarea Administracion Compensacion/Ejecutar Reporte Planilla/a_Aplicar' is clickable

2021-12-01 12:14:39 - [TEST_STEP][PASSED] - click(findTestObject("Modulo Tarea Administracion Compensacion/Ejecutar Reporte Planilla/a_Aplicar")): Object: 'Object Repository/Modulo Tarea Administracion Compensacion/Ejecutar Reporte Planilla/a_Aplicar' is clicked on

2021-12-01 12:14:40 - [MESSAGE][PASSED] - Object: 'Object Repository/Modulo Tarea Administracion Compensacion/Ejecutar Reporte Planilla/a_Aplicar' is clicked on

2021-12-01 12:14:40 - [TEST_STEP][PASSED] - waitForElementClickable(findTestObject("Modulo Tarea Administracion Compensacion/Ejecutar Reporte Planilla/span_Reporte_glyphicons glyphicons-article"), 0): Object 'Object Repository/Modulo Tarea Administracion Compensacion/Ejecutar Reporte Planilla/span_Reporte_glyphicons glyphicons-article' is clickable

2021-12-01 12:14:40 - [MESSAGE][WARNING] - Timeout '0' is invalid. Using default page load timeout: '30'

2021-12-01 12:14:41 - [MESSAGE][PASSED] - Object 'Object Repository/Modulo Tarea Administracion Compensacion/Ejecutar Reporte Planilla/span_Reporte_glyphicons glyphicons-article' is clickable

2021-12-01 12:14:41 - [TEST_STEP][PASSED] - click(findTestObject("Modulo Tarea Administracion Compensacion/Ejecutar Reporte Planilla/span_Reporte_glyphicons glyphicons-article")): Object: 'Object Repository/Modulo Tarea Administracion Compensacion/Ejecutar Reporte Planilla/span_Reporte_glyphicons glyphicons-article' is clicked on

2021-12-01 12:14:41 - [MESSAGE][PASSED] - Object: 'Object Repository/Modulo Tarea Administracion Compensacion/Ejecutar Reporte Planilla/span_Reporte_glyphicons glyphicons-article' is clicked on

2021-12-01 12:14:41 - [TEST_STEP][PASSED] - click(findTestObject("Modulo Tarea Administracion Compensacion/Ejecutar Reporte Planilla/label_html")): Object: 'Object Repository/Modulo Tarea Administracion Compensacion/Ejecutar Reporte Planilla/label_html' is clicked on

2021-12-01 12:14:42 - [MESSAGE][PASSED] - Object: 'Object Repository/Modulo Tarea Administracion Compensacion/Ejecutar Reporte Planilla/label_html' is clicked on

2021-12-01 12:14:42 - [TEST_STEP][PASSED] - click(findTestObject("Modulo Tarea Administracion Compensacion/Ejecutar Reporte Planilla/a_Generar Reporte")): Object: 'Object Repository/Modulo Tarea Administracion Compensacion/Ejecutar Reporte Planilla/a_Generar Reporte' is clicked on

2021-12-01 12:14:42 - [MESSAGE][PASSED] - Object: 'Object Repository/Modulo Tarea Administracion Compensacion/Ejecutar Reporte Planilla/a_Generar Reporte' is clicked on

2021-12-01 12:14:42 - [TEST_STEP][PASSED] - waitForElementClickable(findTestObject("Modulo Tarea Administracion Compensacion/Ejecutar Reporte Planilla/a_Descargar"), 0): Object 'Object Repository/Modulo Tarea Administracion Compensacion/Ejecutar Reporte Planilla/a_Descargar' is clickable

2021-12-01 12:14:43 - [MESSAGE][WARNING] - Timeout '0' is invalid. Using default page load timeout: '30'

2021-12-01 12:14:43 - [MESSAGE][PASSED] - Object 'Object Repository/Modulo Tarea Administracion Compensacion/Ejecutar Reporte Planilla/a_Descargar' is clickable

2021-12-01 12:14:43 - [TEST_STEP][PASSED] - click(findTestObject("Modulo Tarea Administracion Compensacion/Ejecutar Reporte Planilla/a_Descargar")): Object: 'Object Repository/Modulo Tarea Administracion Compensacion/Ejecutar Reporte Planilla/a_Descargar' is clicked on

2021-12-01 12:14:44 - [MESSAGE][PASSED] - Object: 'Object Repository/Modulo Tarea Administracion Compensacion/Ejecutar Reporte Planilla/a_Descargar' is clicked on

2021-12-01 12:14:44 - [TEST_STEP][PASSED] - click(findTestObject("Modulo Tarea Administracion Compensacion/Ejecutar Reporte Planilla/a_Periodo Nomina_Cerrar")): Object: 'Object Repository/Modulo Tarea Administracion Compensacion/Ejecutar Reporte Planilla/a_Periodo Nomina_Cerrar' is clicked on

2021-12-01 12:14:44 - [MESSAGE][PASSED] - Object: 'Object Repository/Modulo Tarea Administracion Compensacion/Ejecutar Reporte Planilla/a_Periodo Nomina_Cerrar' is clicked on

2021-12-01 12:14:44 - [TEST_STEP][PASSED] - waitForElementClickable(findTestObject("Modulo Tarea Administracion Compensacion/Ejecutar Reporte Planilla/input_Actos Administrativos_ejecutarReporte"), 0): Object 'Object Repository/Modulo Tarea Administracion Compensacion/Ejecutar Reporte Planilla/input_Actos Administrativos_ejecutarReporte' is clickable

2021-12-01 12:14:44 - [MESSAGE][WARNING] - Timeout '0' is invalid. Using default page load timeout: '30'

2021-12-01 12:14:45 - [MESSAGE][PASSED] - Object 'Object Repository/Modulo Tarea Administracion Compensacion/Ejecutar Reporte Planilla/input_Actos Administrativos_ejecutarReporte' is clickable

2021-12-01 12:14:45 - [TEST_STEP][PASSED] - waitForElementClickable(findTestObject("Modulo Tarea Administracion Compensacion/Ejecutar Reporte Planilla/input_Actos Administrativos_ejecutarReporte"), 0): Object 'Object Repository/Modulo Tarea Administracion Compensacion/Ejecutar Reporte Planilla/input_Actos Administrativos_ejecutarReporte' is clickable

2021-12-01 12:14:45 - [MESSAGE][WARNING] - Timeout '0' is invalid. Using default page load timeout: '30'

2021-12-01 12:14:45 - [MESSAGE][PASSED] - Object 'Object Repository/Modulo Tarea Administracion Compensacion/Ejecutar Reporte Planilla/input_Actos Administrativos_ejecutarReporte' is clickable

2021-12-01 12:14:45 - [TEST_STEP][PASSED] - setText(findTestObject("Modulo Tarea Administracion Compensacion/Ejecutar Reporte Planilla/input_Actos Administrativos_ejecutarReporte"), "PPN - REPORTE PLANILLA NOMINA"): Text 'PPN - REPORTE PLANILLA NOMINA' is set on object 'Object Repository/Modulo Tarea Administracion Compensacion/Ejecutar Reporte Planilla/input_Actos Administrativos_ejecutarReporte'

2021-12-01 12:14:46 - [MESSAGE][PASSED] - Text 'PPN - REPORTE PLANILLA NOMINA' is set on object 'Object Repository/Modulo Tarea Administracion Compensacion/Ejecutar Reporte Planilla/input_Actos Administrativos_ejecutarReporte'

2021-12-01 12:14:46 - [TEST_STEP][PASSED] - click(findTestObject("Modulo Tarea Administracion Compensacion/Ejecutar Reporte Planilla/a_Actos Administrativos_ejecutarReportePlanillaj_idt61")): Object: 'Object Repository/Modulo Tarea Administracion Compensacion/Ejecutar Reporte Planilla/a_Actos Administrativos_ejecutarReportePlanillaj_idt61' is clicked on

2021-12-01 12:14:46 - [MESSAGE][PASSED] - Object: 'Object Repository/Modulo Tarea Administracion Compensacion/Ejecutar Reporte Planilla/a_Actos Administrativos_ejecutarReportePlanillaj_idt61' is clicked on

2021-12-01 12:14:46 - [TEST_STEP][PASSED] - click(findTestObject("Modulo Tarea Administracion Compensacion/Ejecutar Reporte Planilla/a_Actos Administrativos_ejecutarReportePlanillaj_idt61")): Object: 'Object Repository/Modulo Tarea Administracion Compensacion/Ejecutar Reporte Planilla/a_Actos Administrativos_ejecutarReportePlanillaj_idt61' is clicked on

2021-12-01 12:14:47 - [MESSAGE][PASSED] - Object: 'Object Repository/Modulo Tarea Administracion Compensacion/Ejecutar Reporte Planilla/a_Actos Administrativos_ejecutarReportePlanillaj_idt61' is clicked on

2021-12-01 12:14:47 - [TEST_STEP][PASSED] - waitForElementClickable(findTestObject("Modulo Tarea Administracion Compensacion/Ejecutar Reporte Planilla/td_PNP - PAGO DE NOMINA"), 0): Object 'Object Repository/Modulo Tarea Administracion Compensacion/Ejecutar Reporte Planilla/td_PNP - PAGO DE NOMINA' is clickable

2021-12-01 12:14:47 - [MESSAGE][WARNING] - Timeout '0' is invalid. Using default page load timeout: '30'

2021-12-01 12:14:48 - [MESSAGE][PASSED] - Object 'Object Repository/Modulo Tarea Administracion Compensacion/Ejecutar Reporte Planilla/td_PNP - PAGO DE NOMINA' is clickable

2021-12-01 12:14:48 - [TEST_STEP][PASSED] - click(findTestObject("Modulo Tarea Administracion Compensacion/Ejecutar Reporte Planilla/td_PNP - PAGO DE NOMINA")): Object: 'Object Repository/Modulo Tarea Administracion Compensacion/Ejecutar Reporte Planilla/td_PNP - PAGO DE NOMINA' is clicked on

2021-12-01 12:14:48 - [MESSAGE][PASSED] - Object: 'Object Repository/Modulo Tarea Administracion Compensacion/Ejecutar Reporte Planilla/td_PNP - PAGO DE NOMINA' is clicked on

2021-12-01 12:14:48 - [TEST_STEP][PASSED] - waitForElementClickable(findTestObject("Modulo Tarea Administracion Compensacion/Ejecutar Reporte Planilla/a_Periodo Nomina_ejecutarRepor"), 0): Object 'Object Repository/Modulo Tarea Administracion Compensacion/Ejecutar Reporte Planilla/a_Periodo Nomina_ejecutarRepor' is clickable

2021-12-01 12:14:48 - [MESSAGE][WARNING] - Timeout '0' is invalid. Using default page load timeout: '30'

2021-12-01 12:14:50 - [MESSAGE][PASSED] - Object 'Object Repository/Modulo Tarea Administracion Compensacion/Ejecutar Reporte Planilla/a_Periodo Nomina_ejecutarRepor' is clickable

2021-12-01 12:14:50 - [TEST_STEP][PASSED] - click(findTestObject("Modulo Tarea Administracion Compensacion/Ejecutar Reporte Planilla/a_Periodo Nomina_ejecutarRepor")): Object: 'Object Repository/Modulo Tarea Administracion Compensacion/Ejecutar Reporte Planilla/a_Periodo Nomina_ejecutarRepor' is clicked on

2021-12-01 12:14:51 - [MESSAGE][PASSED] - Object: 'Object Repository/Modulo Tarea Administracion Compensacion/Ejecutar Reporte Planilla/a_Periodo Nomina_ejecutarRepor' is clicked on

2021-12-01 12:14:51 - [TEST_STEP][PASSED] - waitForElementClickable(findTestObject("Modulo Tarea Administracion Compensacion/Ejecutar Reporte Planilla/select_--  Seleccione  --Periodo CerradoPeriodo en Proceso"), 0): Object 'Object Repository/Modulo Tarea Administracion Compensacion/Ejecutar Reporte Planilla/select_--  Seleccione  --Periodo CerradoPeriodo en Proceso' is clickable

2021-12-01 12:14:51 - [MESSAGE][WARNING] - Timeout '0' is invalid. Using default page load timeout: '30'

2021-12-01 12:14:51 - [MESSAGE][PASSED] - Object 'Object Repository/Modulo Tarea Administracion Compensacion/Ejecutar Reporte Planilla/select_--  Seleccione  --Periodo CerradoPeriodo en Proceso' is clickable

2021-12-01 12:14:51 - [TEST_STEP][PASSED] - selectOptionByIndex(findTestObject("Modulo Tarea Administracion Compensacion/Ejecutar Reporte Planilla/select_--  Seleccione  --Periodo CerradoPeriodo en Proceso"), "1", STOP_ON_FAILURE): All options with index in [1] are selected on object 'Object Repository/Modulo Tarea Administracion Compensacion/Ejecutar Reporte Planilla/select_--  Seleccione  --Periodo CerradoPeriodo en Proceso'

2021-12-01 12:14:53 - [MESSAGE][PASSED] - All options with index in [1] are selected on object 'Object Repository/Modulo Tarea Administracion Compensacion/Ejecutar Reporte Planilla/select_--  Seleccione  --Periodo CerradoPeriodo en Proceso'

2021-12-01 12:14:53 - [TEST_STEP][PASSED] - waitForElementClickable(findTestObject("Modulo Tarea Administracion Compensacion/Ejecutar Reporte Planilla/span_P. MensualMayo2021"), 0): Object 'Object Repository/Modulo Tarea Administracion Compensacion/Ejecutar Reporte Planilla/span_P. MensualMayo2021' is clickable

2021-12-01 12:14:53 - [MESSAGE][WARNING] - Timeout '0' is invalid. Using default page load timeout: '30'

2021-12-01 12:14:53 - [MESSAGE][PASSED] - Object 'Object Repository/Modulo Tarea Administracion Compensacion/Ejecutar Reporte Planilla/span_P. MensualMayo2021' is clickable

2021-12-01 12:14:53 - [TEST_STEP][PASSED] - click(findTestObject("Modulo Tarea Administracion Compensacion/Ejecutar Reporte Planilla/span_P. MensualMayo2021")): Object: 'Object Repository/Modulo Tarea Administracion Compensacion/Ejecutar Reporte Planilla/span_P. MensualMayo2021' is clicked on

2021-12-01 12:14:54 - [MESSAGE][PASSED] - Object: 'Object Repository/Modulo Tarea Administracion Compensacion/Ejecutar Reporte Planilla/span_P. MensualMayo2021' is clicked on

2021-12-01 12:14:54 - [TEST_STEP][PASSED] - waitForElementClickable(findTestObject("Modulo Tarea Administracion Compensacion/Ejecutar Reporte Planilla/select_SeleccioneTodosFuera de Nmina"), 0): Object 'Object Repository/Modulo Tarea Administracion Compensacion/Ejecutar Reporte Planilla/select_SeleccioneTodosFuera de Nmina' is clickable

2021-12-01 12:14:54 - [MESSAGE][WARNING] - Timeout '0' is invalid. Using default page load timeout: '30'

2021-12-01 12:14:54 - [MESSAGE][PASSED] - Object 'Object Repository/Modulo Tarea Administracion Compensacion/Ejecutar Reporte Planilla/select_SeleccioneTodosFuera de Nmina' is clickable

2021-12-01 12:14:54 - [TEST_STEP][PASSED] - selectOptionByIndex(findTestObject("Modulo Tarea Administracion Compensacion/Ejecutar Reporte Planilla/select_SeleccioneTodosFuera de Nmina"), "1"): All options with index in [1] are selected on object 'Object Repository/Modulo Tarea Administracion Compensacion/Ejecutar Reporte Planilla/select_SeleccioneTodosFuera de Nmina'

2021-12-01 12:14:55 - [MESSAGE][PASSED] - All options with index in [1] are selected on object 'Object Repository/Modulo Tarea Administracion Compensacion/Ejecutar Reporte Planilla/select_SeleccioneTodosFuera de Nmina'

2021-12-01 12:14:55 - [TEST_STEP][PASSED] - waitForElementClickable(findTestObject("Modulo Tarea Administracion Compensacion/Ejecutar Reporte Planilla/a_Aplicar"), 0): Object 'Object Repository/Modulo Tarea Administracion Compensacion/Ejecutar Reporte Planilla/a_Aplicar' is clickable

2021-12-01 12:14:55 - [MESSAGE][WARNING] - Timeout '0' is invalid. Using default page load timeout: '30'

2021-12-01 12:14:56 - [MESSAGE][PASSED] - Object 'Object Repository/Modulo Tarea Administracion Compensacion/Ejecutar Reporte Planilla/a_Aplicar' is clickable

2021-12-01 12:14:56 - [TEST_STEP][PASSED] - click(findTestObject("Modulo Tarea Administracion Compensacion/Ejecutar Reporte Planilla/a_Aplicar")): Object: 'Object Repository/Modulo Tarea Administracion Compensacion/Ejecutar Reporte Planilla/a_Aplicar' is clicked on

2021-12-01 12:14:56 - [MESSAGE][PASSED] - Object: 'Object Repository/Modulo Tarea Administracion Compensacion/Ejecutar Reporte Planilla/a_Aplicar' is clicked on

2021-12-01 12:14:56 - [TEST_STEP][PASSED] - waitForElementClickable(findTestObject("Modulo Tarea Administracion Compensacion/Ejecutar Reporte Planilla/span_Reporte_glyphicons glyphicons-article"), 0): Object 'Object Repository/Modulo Tarea Administracion Compensacion/Ejecutar Reporte Planilla/span_Reporte_glyphicons glyphicons-article' is clickable

2021-12-01 12:14:56 - [MESSAGE][WARNING] - Timeout '0' is invalid. Using default page load timeout: '30'

2021-12-01 12:14:57 - [MESSAGE][PASSED] - Object 'Object Repository/Modulo Tarea Administracion Compensacion/Ejecutar Reporte Planilla/span_Reporte_glyphicons glyphicons-article' is clickable

2021-12-01 12:14:57 - [TEST_STEP][PASSED] - click(findTestObject("Modulo Tarea Administracion Compensacion/Ejecutar Reporte Planilla/span_Reporte_glyphicons glyphicons-article")): Object: 'Object Repository/Modulo Tarea Administracion Compensacion/Ejecutar Reporte Planilla/span_Reporte_glyphicons glyphicons-article' is clicked on

2021-12-01 12:14:58 - [MESSAGE][PASSED] - Object: 'Object Repository/Modulo Tarea Administracion Compensacion/Ejecutar Reporte Planilla/span_Reporte_glyphicons glyphicons-article' is clicked on

2021-12-01 12:14:58 - [TEST_STEP][PASSED] - click(findTestObject("Modulo Tarea Administracion Compensacion/Ejecutar Reporte Planilla/label_html")): Object: 'Object Repository/Modulo Tarea Administracion Compensacion/Ejecutar Reporte Planilla/label_html' is clicked on

2021-12-01 12:14:58 - [MESSAGE][PASSED] - Object: 'Object Repository/Modulo Tarea Administracion Compensacion/Ejecutar Reporte Planilla/label_html' is clicked on

2021-12-01 12:14:58 - [TEST_STEP][PASSED] - click(findTestObject("Modulo Tarea Administracion Compensacion/Ejecutar Reporte Planilla/a_Generar Reporte")): Object: 'Object Repository/Modulo Tarea Administracion Compensacion/Ejecutar Reporte Planilla/a_Generar Reporte' is clicked on

2021-12-01 12:14:59 - [MESSAGE][PASSED] - Object: 'Object Repository/Modulo Tarea Administracion Compensacion/Ejecutar Reporte Planilla/a_Generar Reporte' is clicked on

2021-12-01 12:14:59 - [TEST_STEP][PASSED] - waitForElementClickable(findTestObject("Modulo Tarea Administracion Compensacion/Ejecutar Reporte Planilla/a_Descargar"), 0): Object 'Object Repository/Modulo Tarea Administracion Compensacion/Ejecutar Reporte Planilla/a_Descargar' is clickable

2021-12-01 12:14:59 - [MESSAGE][WARNING] - Timeout '0' is invalid. Using default page load timeout: '30'

2021-12-01 12:15:00 - [MESSAGE][PASSED] - Object 'Object Repository/Modulo Tarea Administracion Compensacion/Ejecutar Reporte Planilla/a_Descargar' is clickable

2021-12-01 12:15:00 - [TEST_STEP][PASSED] - click(findTestObject("Modulo Tarea Administracion Compensacion/Ejecutar Reporte Planilla/a_Descargar")): Object: 'Object Repository/Modulo Tarea Administracion Compensacion/Ejecutar Reporte Planilla/a_Descargar' is clicked on

2021-12-01 12:15:00 - [MESSAGE][PASSED] - Object: 'Object Repository/Modulo Tarea Administracion Compensacion/Ejecutar Reporte Planilla/a_Descargar' is clicked on

2021-12-01 12:15:00 - [TEST_STEP][PASSED] - click(findTestObject("Modulo Tarea Administracion Compensacion/Ejecutar Reporte Planilla/a_Periodo Nomina_Cerrar")): Object: 'Object Repository/Modulo Tarea Administracion Compensacion/Ejecutar Reporte Planilla/a_Periodo Nomina_Cerrar' is clicked on

2021-12-01 12:15:01 - [MESSAGE][PASSED] - Object: 'Object Repository/Modulo Tarea Administracion Compensacion/Ejecutar Reporte Planilla/a_Periodo Nomina_Cerrar' is clicked on

2021-12-01 12:15:01 - [TEST_STEP][PASSED] - waitForElementClickable(findTestObject("Modulo Tarea Administracion Compensacion/Ejecutar Reporte Planilla/input_Actos Administrativos_ejecutarReporte"), 0): Object 'Object Repository/Modulo Tarea Administracion Compensacion/Ejecutar Reporte Planilla/input_Actos Administrativos_ejecutarReporte' is clickable

2021-12-01 12:15:01 - [MESSAGE][WARNING] - Timeout '0' is invalid. Using default page load timeout: '30'

2021-12-01 12:15:01 - [MESSAGE][PASSED] - Object 'Object Repository/Modulo Tarea Administracion Compensacion/Ejecutar Reporte Planilla/input_Actos Administrativos_ejecutarReporte' is clickable

2021-12-01 12:15:01 - [TEST_STEP][PASSED] - setText(findTestObject("Modulo Tarea Administracion Compensacion/Ejecutar Reporte Planilla/input_Actos Administrativos_ejecutarReporte"), "CMT - ACUMULADO MENSUAL CONCEPTOS DE NOMINA (PAGADO)"): Text 'CMT - ACUMULADO MENSUAL CONCEPTOS DE NOMINA (PAGADO)' is set on object 'Object Repository/Modulo Tarea Administracion Compensacion/Ejecutar Reporte Planilla/input_Actos Administrativos_ejecutarReporte'

2021-12-01 12:15:02 - [MESSAGE][PASSED] - Text 'CMT - ACUMULADO MENSUAL CONCEPTOS DE NOMINA (PAGADO)' is set on object 'Object Repository/Modulo Tarea Administracion Compensacion/Ejecutar Reporte Planilla/input_Actos Administrativos_ejecutarReporte'

2021-12-01 12:15:02 - [TEST_STEP][PASSED] - click(findTestObject("Modulo Tarea Administracion Compensacion/Ejecutar Reporte Planilla/a_Actos Administrativos_ejecutarReportePlanillaj_idt61")): Object: 'Object Repository/Modulo Tarea Administracion Compensacion/Ejecutar Reporte Planilla/a_Actos Administrativos_ejecutarReportePlanillaj_idt61' is clicked on

2021-12-01 12:15:03 - [MESSAGE][PASSED] - Object: 'Object Repository/Modulo Tarea Administracion Compensacion/Ejecutar Reporte Planilla/a_Actos Administrativos_ejecutarReportePlanillaj_idt61' is clicked on

2021-12-01 12:15:03 - [TEST_STEP][PASSED] - click(findTestObject("Modulo Tarea Administracion Compensacion/Ejecutar Reporte Planilla/a_Actos Administrativos_ejecutarReportePlanillaj_idt61")): Object: 'Object Repository/Modulo Tarea Administracion Compensacion/Ejecutar Reporte Planilla/a_Actos Administrativos_ejecutarReportePlanillaj_idt61' is clicked on

2021-12-01 12:15:03 - [MESSAGE][PASSED] - Object: 'Object Repository/Modulo Tarea Administracion Compensacion/Ejecutar Reporte Planilla/a_Actos Administrativos_ejecutarReportePlanillaj_idt61' is clicked on

2021-12-01 12:15:03 - [TEST_STEP][PASSED] - waitForElementClickable(findTestObject("Modulo Tarea Administracion Compensacion/Ejecutar Reporte Planilla/td_PNP - PAGO DE NOMINA"), 0): Object 'Object Repository/Modulo Tarea Administracion Compensacion/Ejecutar Reporte Planilla/td_PNP - PAGO DE NOMINA' is clickable

2021-12-01 12:15:03 - [MESSAGE][WARNING] - Timeout '0' is invalid. Using default page load timeout: '30'

2021-12-01 12:15:04 - [MESSAGE][PASSED] - Object 'Object Repository/Modulo Tarea Administracion Compensacion/Ejecutar Reporte Planilla/td_PNP - PAGO DE NOMINA' is clickable

2021-12-01 12:15:04 - [TEST_STEP][PASSED] - click(findTestObject("Modulo Tarea Administracion Compensacion/Ejecutar Reporte Planilla/td_PNP - PAGO DE NOMINA")): Object: 'Object Repository/Modulo Tarea Administracion Compensacion/Ejecutar Reporte Planilla/td_PNP - PAGO DE NOMINA' is clicked on

2021-12-01 12:15:04 - [MESSAGE][PASSED] - Object: 'Object Repository/Modulo Tarea Administracion Compensacion/Ejecutar Reporte Planilla/td_PNP - PAGO DE NOMINA' is clicked on

2021-12-01 12:15:04 - [TEST_STEP][PASSED] - setText(findTestObject("Modulo Tarea Administracion Compensacion/Ejecutar Reporte Planilla/input_Rango Fechas_ejecutarReportePlanillafechaInicio_input"), "01/07/2021"): Text '01/07/2021' is set on object 'Object Repository/Modulo Tarea Administracion Compensacion/Ejecutar Reporte Planilla/input_Rango Fechas_ejecutarReportePlanillafechaInicio_input'

2021-12-01 12:15:05 - [MESSAGE][PASSED] - Text '01/07/2021' is set on object 'Object Repository/Modulo Tarea Administracion Compensacion/Ejecutar Reporte Planilla/input_Rango Fechas_ejecutarReportePlanillafechaInicio_input'

2021-12-01 12:15:05 - [TEST_STEP][PASSED] - setText(findTestObject("Modulo Tarea Administracion Compensacion/Ejecutar Reporte Planilla/input_Rango Fechas_ejecutarReportePlanillafechaFinal_input"), "30/07/2021"): Text '30/07/2021' is set on object 'Object Repository/Modulo Tarea Administracion Compensacion/Ejecutar Reporte Planilla/input_Rango Fechas_ejecutarReportePlanillafechaFinal_input'

2021-12-01 12:15:07 - [MESSAGE][PASSED] - Text '30/07/2021' is set on object 'Object Repository/Modulo Tarea Administracion Compensacion/Ejecutar Reporte Planilla/input_Rango Fechas_ejecutarReportePlanillafechaFinal_input'

2021-12-01 12:15:07 - [TEST_STEP][PASSED] - waitForElementClickable(findTestObject("Modulo Tarea Administracion Compensacion/Ejecutar Reporte Planilla/a_Aplicar"), 0): Object 'Object Repository/Modulo Tarea Administracion Compensacion/Ejecutar Reporte Planilla/a_Aplicar' is clickable

2021-12-01 12:15:07 - [MESSAGE][WARNING] - Timeout '0' is invalid. Using default page load timeout: '30'

2021-12-01 12:15:07 - [MESSAGE][PASSED] - Object 'Object Repository/Modulo Tarea Administracion Compensacion/Ejecutar Reporte Planilla/a_Aplicar' is clickable

2021-12-01 12:15:07 - [TEST_STEP][PASSED] - click(findTestObject("Modulo Tarea Administracion Compensacion/Ejecutar Reporte Planilla/a_Aplicar")): Object: 'Object Repository/Modulo Tarea Administracion Compensacion/Ejecutar Reporte Planilla/a_Aplicar' is clicked on

2021-12-01 12:15:08 - [MESSAGE][PASSED] - Object: 'Object Repository/Modulo Tarea Administracion Compensacion/Ejecutar Reporte Planilla/a_Aplicar' is clicked on

2021-12-01 12:15:08 - [TEST_STEP][PASSED] - waitForElementClickable(findTestObject("Modulo Tarea Administracion Compensacion/Ejecutar Reporte Planilla/span_Reporte_glyphicons glyphicons-article"), 0): Object 'Object Repository/Modulo Tarea Administracion Compensacion/Ejecutar Reporte Planilla/span_Reporte_glyphicons glyphicons-article' is clickable

2021-12-01 12:15:08 - [MESSAGE][WARNING] - Timeout '0' is invalid. Using default page load timeout: '30'

2021-12-01 12:15:08 - [MESSAGE][PASSED] - Object 'Object Repository/Modulo Tarea Administracion Compensacion/Ejecutar Reporte Planilla/span_Reporte_glyphicons glyphicons-article' is clickable

2021-12-01 12:15:08 - [TEST_STEP][PASSED] - click(findTestObject("Modulo Tarea Administracion Compensacion/Ejecutar Reporte Planilla/span_Reporte_glyphicons glyphicons-article")): Object: 'Object Repository/Modulo Tarea Administracion Compensacion/Ejecutar Reporte Planilla/span_Reporte_glyphicons glyphicons-article' is clicked on

2021-12-01 12:15:09 - [MESSAGE][PASSED] - Object: 'Object Repository/Modulo Tarea Administracion Compensacion/Ejecutar Reporte Planilla/span_Reporte_glyphicons glyphicons-article' is clicked on

2021-12-01 12:15:09 - [TEST_STEP][PASSED] - click(findTestObject("Modulo Tarea Administracion Compensacion/Ejecutar Reporte Planilla/label_html")): Object: 'Object Repository/Modulo Tarea Administracion Compensacion/Ejecutar Reporte Planilla/label_html' is clicked on

2021-12-01 12:15:10 - [MESSAGE][PASSED] - Object: 'Object Repository/Modulo Tarea Administracion Compensacion/Ejecutar Reporte Planilla/label_html' is clicked on

2021-12-01 12:15:10 - [TEST_STEP][PASSED] - click(findTestObject("Modulo Tarea Administracion Compensacion/Ejecutar Reporte Planilla/a_Generar Reporte")): Object: 'Object Repository/Modulo Tarea Administracion Compensacion/Ejecutar Reporte Planilla/a_Generar Reporte' is clicked on

2021-12-01 12:15:11 - [MESSAGE][PASSED] - Object: 'Object Repository/Modulo Tarea Administracion Compensacion/Ejecutar Reporte Planilla/a_Generar Reporte' is clicked on

2021-12-01 12:15:11 - [TEST_STEP][PASSED] - waitForElementClickable(findTestObject("Modulo Tarea Administracion Compensacion/Ejecutar Reporte Planilla/a_Descargar"), 0): Object 'Object Repository/Modulo Tarea Administracion Compensacion/Ejecutar Reporte Planilla/a_Descargar' is clickable

2021-12-01 12:15:11 - [MESSAGE][WARNING] - Timeout '0' is invalid. Using default page load timeout: '30'

2021-12-01 12:15:12 - [MESSAGE][PASSED] - Object 'Object Repository/Modulo Tarea Administracion Compensacion/Ejecutar Reporte Planilla/a_Descargar' is clickable

2021-12-01 12:15:12 - [TEST_STEP][PASSED] - click(findTestObject("Modulo Tarea Administracion Compensacion/Ejecutar Reporte Planilla/a_Descargar")): Object: 'Object Repository/Modulo Tarea Administracion Compensacion/Ejecutar Reporte Planilla/a_Descargar' is clicked on

2021-12-01 12:15:12 - [MESSAGE][PASSED] - Object: 'Object Repository/Modulo Tarea Administracion Compensacion/Ejecutar Reporte Planilla/a_Descargar' is clicked on

2021-12-01 12:15:12 - [TEST_STEP][PASSED] - click(findTestObject("Modulo Tarea Administracion Compensacion/Ejecutar Reporte Planilla/a_Periodo Nomina_Cerrar")): Object: 'Object Repository/Modulo Tarea Administracion Compensacion/Ejecutar Reporte Planilla/a_Periodo Nomina_Cerrar' is clicked on

2021-12-01 12:15:13 - [MESSAGE][PASSED] - Object: 'Object Repository/Modulo Tarea Administracion Compensacion/Ejecutar Reporte Planilla/a_Periodo Nomina_Cerrar' is clicked on

2021-12-01 12:15:13 - [TEST_STEP][PASSED] - setText(findTestObject("Modulo Tarea Administracion Compensacion/Ejecutar Reporte Planilla/input_Actos Administrativos_ejecutarReporte"), "CMEZ - ACUMULADO MENSUAL CONCEPTOS NOMINA POR EMPLEADO (PAGADO)"): Text 'CMEZ - ACUMULADO MENSUAL CONCEPTOS NOMINA POR EMPLEADO (PAGADO)' is set on object 'Object Repository/Modulo Tarea Administracion Compensacion/Ejecutar Reporte Planilla/input_Actos Administrativos_ejecutarReporte'

2021-12-01 12:15:14 - [MESSAGE][PASSED] - Text 'CMEZ - ACUMULADO MENSUAL CONCEPTOS NOMINA POR EMPLEADO (PAGADO)' is set on object 'Object Repository/Modulo Tarea Administracion Compensacion/Ejecutar Reporte Planilla/input_Actos Administrativos_ejecutarReporte'

2021-12-01 12:15:14 - [TEST_STEP][PASSED] - click(findTestObject("Modulo Tarea Administracion Compensacion/Ejecutar Reporte Planilla/a_Actos Administrativos_ejecutarReportePlanillaj_idt61")): Object: 'Object Repository/Modulo Tarea Administracion Compensacion/Ejecutar Reporte Planilla/a_Actos Administrativos_ejecutarReportePlanillaj_idt61' is clicked on

2021-12-01 12:15:14 - [MESSAGE][PASSED] - Object: 'Object Repository/Modulo Tarea Administracion Compensacion/Ejecutar Reporte Planilla/a_Actos Administrativos_ejecutarReportePlanillaj_idt61' is clicked on

2021-12-01 12:15:14 - [TEST_STEP][PASSED] - click(findTestObject("Modulo Tarea Administracion Compensacion/Ejecutar Reporte Planilla/a_Actos Administrativos_ejecutarReportePlanillaj_idt61")): Object: 'Object Repository/Modulo Tarea Administracion Compensacion/Ejecutar Reporte Planilla/a_Actos Administrativos_ejecutarReportePlanillaj_idt61' is clicked on

2021-12-01 12:15:15 - [MESSAGE][PASSED] - Object: 'Object Repository/Modulo Tarea Administracion Compensacion/Ejecutar Reporte Planilla/a_Actos Administrativos_ejecutarReportePlanillaj_idt61' is clicked on

2021-12-01 12:15:15 - [TEST_STEP][PASSED] - waitForElementClickable(findTestObject("Modulo Tarea Administracion Compensacion/Ejecutar Reporte Planilla/td_PNP - PAGO DE NOMINA"), 0): Object 'Object Repository/Modulo Tarea Administracion Compensacion/Ejecutar Reporte Planilla/td_PNP - PAGO DE NOMINA' is clickable

2021-12-01 12:15:15 - [MESSAGE][WARNING] - Timeout '0' is invalid. Using default page load timeout: '30'

2021-12-01 12:15:17 - [MESSAGE][PASSED] - Object 'Object Repository/Modulo Tarea Administracion Compensacion/Ejecutar Reporte Planilla/td_PNP - PAGO DE NOMINA' is clickable

2021-12-01 12:15:17 - [TEST_STEP][PASSED] - click(findTestObject("Modulo Tarea Administracion Compensacion/Ejecutar Reporte Planilla/td_PNP - PAGO DE NOMINA")): Object: 'Object Repository/Modulo Tarea Administracion Compensacion/Ejecutar Reporte Planilla/td_PNP - PAGO DE NOMINA' is clicked on

2021-12-01 12:15:17 - [MESSAGE][PASSED] - Object: 'Object Repository/Modulo Tarea Administracion Compensacion/Ejecutar Reporte Planilla/td_PNP - PAGO DE NOMINA' is clicked on

2021-12-01 12:15:17 - [TEST_STEP][PASSED] - setText(findTestObject("Modulo Tarea Administracion Compensacion/Ejecutar Reporte Planilla/input_Rango Fechas_ejecutarReportePlanillafechaInicio_input"), "01/07/2021"): Text '01/07/2021' is set on object 'Object Repository/Modulo Tarea Administracion Compensacion/Ejecutar Reporte Planilla/input_Rango Fechas_ejecutarReportePlanillafechaInicio_input'

2021-12-01 12:15:18 - [MESSAGE][PASSED] - Text '01/07/2021' is set on object 'Object Repository/Modulo Tarea Administracion Compensacion/Ejecutar Reporte Planilla/input_Rango Fechas_ejecutarReportePlanillafechaInicio_input'

2021-12-01 12:15:18 - [TEST_STEP][PASSED] - setText(findTestObject("Modulo Tarea Administracion Compensacion/Ejecutar Reporte Planilla/input_Rango Fechas_ejecutarReportePlanillafechaFinal_input"), "30/07/2021"): Text '30/07/2021' is set on object 'Object Repository/Modulo Tarea Administracion Compensacion/Ejecutar Reporte Planilla/input_Rango Fechas_ejecutarReportePlanillafechaFinal_input'

2021-12-01 12:15:19 - [MESSAGE][PASSED] - Text '30/07/2021' is set on object 'Object Repository/Modulo Tarea Administracion Compensacion/Ejecutar Reporte Planilla/input_Rango Fechas_ejecutarReportePlanillafechaFinal_input'

2021-12-01 12:15:19 - [TEST_STEP][PASSED] - waitForElementClickable(findTestObject("Modulo Tarea Administracion Compensacion/Ejecutar Reporte Planilla/a_Aplicar"), 0): Object 'Object Repository/Modulo Tarea Administracion Compensacion/Ejecutar Reporte Planilla/a_Aplicar' is clickable

2021-12-01 12:15:20 - [MESSAGE][WARNING] - Timeout '0' is invalid. Using default page load timeout: '30'

2021-12-01 12:15:20 - [MESSAGE][PASSED] - Object 'Object Repository/Modulo Tarea Administracion Compensacion/Ejecutar Reporte Planilla/a_Aplicar' is clickable

2021-12-01 12:15:20 - [TEST_STEP][PASSED] - click(findTestObject("Modulo Tarea Administracion Compensacion/Ejecutar Reporte Planilla/a_Aplicar")): Object: 'Object Repository/Modulo Tarea Administracion Compensacion/Ejecutar Reporte Planilla/a_Aplicar' is clicked on

2021-12-01 12:15:20 - [MESSAGE][PASSED] - Object: 'Object Repository/Modulo Tarea Administracion Compensacion/Ejecutar Reporte Planilla/a_Aplicar' is clicked on

2021-12-01 12:15:20 - [TEST_STEP][PASSED] - waitForElementClickable(findTestObject("Modulo Tarea Administracion Compensacion/Ejecutar Reporte Planilla/span_Reporte_glyphicons glyphicons-article"), 0): Object 'Object Repository/Modulo Tarea Administracion Compensacion/Ejecutar Reporte Planilla/span_Reporte_glyphicons glyphicons-article' is clickable

2021-12-01 12:15:20 - [MESSAGE][WARNING] - Timeout '0' is invalid. Using default page load timeout: '30'

2021-12-01 12:15:21 - [MESSAGE][PASSED] - Object 'Object Repository/Modulo Tarea Administracion Compensacion/Ejecutar Reporte Planilla/span_Reporte_glyphicons glyphicons-article' is clickable

2021-12-01 12:15:21 - [TEST_STEP][PASSED] - click(findTestObject("Modulo Tarea Administracion Compensacion/Ejecutar Reporte Planilla/span_Reporte_glyphicons glyphicons-article")): Object: 'Object Repository/Modulo Tarea Administracion Compensacion/Ejecutar Reporte Planilla/span_Reporte_glyphicons glyphicons-article' is clicked on

2021-12-01 12:15:22 - [MESSAGE][PASSED] - Object: 'Object Repository/Modulo Tarea Administracion Compensacion/Ejecutar Reporte Planilla/span_Reporte_glyphicons glyphicons-article' is clicked on

2021-12-01 12:15:22 - [TEST_STEP][PASSED] - click(findTestObject("Modulo Tarea Administracion Compensacion/Ejecutar Reporte Planilla/label_html")): Object: 'Object Repository/Modulo Tarea Administracion Compensacion/Ejecutar Reporte Planilla/label_html' is clicked on

2021-12-01 12:15:23 - [MESSAGE][PASSED] - Object: 'Object Repository/Modulo Tarea Administracion Compensacion/Ejecutar Reporte Planilla/label_html' is clicked on

2021-12-01 12:15:23 - [TEST_STEP][PASSED] - click(findTestObject("Modulo Tarea Administracion Compensacion/Ejecutar Reporte Planilla/a_Generar Reporte")): Object: 'Object Repository/Modulo Tarea Administracion Compensacion/Ejecutar Reporte Planilla/a_Generar Reporte' is clicked on

2021-12-01 12:15:23 - [MESSAGE][PASSED] - Object: 'Object Repository/Modulo Tarea Administracion Compensacion/Ejecutar Reporte Planilla/a_Generar Reporte' is clicked on

2021-12-01 12:15:23 - [TEST_STEP][PASSED] - waitForElementClickable(findTestObject("Modulo Tarea Administracion Compensacion/Ejecutar Reporte Planilla/a_Descargar"), 0): Object 'Object Repository/Modulo Tarea Administracion Compensacion/Ejecutar Reporte Planilla/a_Descargar' is clickable

2021-12-01 12:15:23 - [MESSAGE][WARNING] - Timeout '0' is invalid. Using default page load timeout: '30'

2021-12-01 12:15:24 - [MESSAGE][PASSED] - Object 'Object Repository/Modulo Tarea Administracion Compensacion/Ejecutar Reporte Planilla/a_Descargar' is clickable

2021-12-01 12:15:24 - [TEST_STEP][PASSED] - click(findTestObject("Modulo Tarea Administracion Compensacion/Ejecutar Reporte Planilla/a_Descargar")): Object: 'Object Repository/Modulo Tarea Administracion Compensacion/Ejecutar Reporte Planilla/a_Descargar' is clicked on

2021-12-01 12:15:24 - [MESSAGE][PASSED] - Object: 'Object Repository/Modulo Tarea Administracion Compensacion/Ejecutar Reporte Planilla/a_Descargar' is clicked on

2021-12-01 12:15:24 - [TEST_STEP][PASSED] - click(findTestObject("Modulo Tarea Administracion Compensacion/Ejecutar Reporte Planilla/a_Periodo Nomina_Cerrar")): Object: 'Object Repository/Modulo Tarea Administracion Compensacion/Ejecutar Reporte Planilla/a_Periodo Nomina_Cerrar' is clicked on

2021-12-01 12:15:25 - [MESSAGE][PASSED] - Object: 'Object Repository/Modulo Tarea Administracion Compensacion/Ejecutar Reporte Planilla/a_Periodo Nomina_Cerrar' is clicked on

2021-12-01 12:15:25 - [TEST_STEP][PASSED] - setText(findTestObject("Modulo Tarea Administracion Compensacion/Ejecutar Reporte Planilla/input_Actos Administrativos_ejecutarReporte"), "ACE - ACUMULADO MENSUAL CONCEPTOS DE NOMINA (PAGADO)"): Text 'ACE - ACUMULADO MENSUAL CONCEPTOS DE NOMINA (PAGADO)' is set on object 'Object Repository/Modulo Tarea Administracion Compensacion/Ejecutar Reporte Planilla/input_Actos Administrativos_ejecutarReporte'

2021-12-01 12:15:26 - [MESSAGE][PASSED] - Text 'ACE - ACUMULADO MENSUAL CONCEPTOS DE NOMINA (PAGADO)' is set on object 'Object Repository/Modulo Tarea Administracion Compensacion/Ejecutar Reporte Planilla/input_Actos Administrativos_ejecutarReporte'

2021-12-01 12:15:26 - [TEST_STEP][PASSED] - click(findTestObject("Modulo Tarea Administracion Compensacion/Ejecutar Reporte Planilla/a_Actos Administrativos_ejecutarReportePlanillaj_idt61")): Object: 'Object Repository/Modulo Tarea Administracion Compensacion/Ejecutar Reporte Planilla/a_Actos Administrativos_ejecutarReportePlanillaj_idt61' is clicked on

2021-12-01 12:15:26 - [MESSAGE][PASSED] - Object: 'Object Repository/Modulo Tarea Administracion Compensacion/Ejecutar Reporte Planilla/a_Actos Administrativos_ejecutarReportePlanillaj_idt61' is clicked on

2021-12-01 12:15:26 - [TEST_STEP][PASSED] - click(findTestObject("Modulo Tarea Administracion Compensacion/Ejecutar Reporte Planilla/a_Actos Administrativos_ejecutarReportePlanillaj_idt61")): Object: 'Object Repository/Modulo Tarea Administracion Compensacion/Ejecutar Reporte Planilla/a_Actos Administrativos_ejecutarReportePlanillaj_idt61' is clicked on

2021-12-01 12:15:27 - [MESSAGE][PASSED] - Object: 'Object Repository/Modulo Tarea Administracion Compensacion/Ejecutar Reporte Planilla/a_Actos Administrativos_ejecutarReportePlanillaj_idt61' is clicked on

2021-12-01 12:15:27 - [TEST_STEP][PASSED] - waitForElementClickable(findTestObject("Modulo Tarea Administracion Compensacion/Ejecutar Reporte Planilla/td_PNP - PAGO DE NOMINA"), 0): Object 'Object Repository/Modulo Tarea Administracion Compensacion/Ejecutar Reporte Planilla/td_PNP - PAGO DE NOMINA' is clickable

2021-12-01 12:15:27 - [MESSAGE][WARNING] - Timeout '0' is invalid. Using default page load timeout: '30'

2021-12-01 12:15:28 - [MESSAGE][PASSED] - Object 'Object Repository/Modulo Tarea Administracion Compensacion/Ejecutar Reporte Planilla/td_PNP - PAGO DE NOMINA' is clickable

2021-12-01 12:15:28 - [TEST_STEP][PASSED] - click(findTestObject("Modulo Tarea Administracion Compensacion/Ejecutar Reporte Planilla/td_PNP - PAGO DE NOMINA")): Object: 'Object Repository/Modulo Tarea Administracion Compensacion/Ejecutar Reporte Planilla/td_PNP - PAGO DE NOMINA' is clicked on

2021-12-01 12:15:28 - [MESSAGE][PASSED] - Object: 'Object Repository/Modulo Tarea Administracion Compensacion/Ejecutar Reporte Planilla/td_PNP - PAGO DE NOMINA' is clicked on

2021-12-01 12:15:28 - [TEST_STEP][PASSED] - setText(findTestObject("Modulo Tarea Administracion Compensacion/Ejecutar Reporte Planilla/input_Rango Fechas_ejecutarReportePlanillafechaInicio_input"), "01/07/2021"): Text '01/07/2021' is set on object 'Object Repository/Modulo Tarea Administracion Compensacion/Ejecutar Reporte Planilla/input_Rango Fechas_ejecutarReportePlanillafechaInicio_input'

2021-12-01 12:15:29 - [MESSAGE][PASSED] - Text '01/07/2021' is set on object 'Object Repository/Modulo Tarea Administracion Compensacion/Ejecutar Reporte Planilla/input_Rango Fechas_ejecutarReportePlanillafechaInicio_input'

2021-12-01 12:15:29 - [TEST_STEP][PASSED] - setText(findTestObject("Modulo Tarea Administracion Compensacion/Ejecutar Reporte Planilla/input_Rango Fechas_ejecutarReportePlanillafechaFinal_input"), "30/07/2021"): Text '30/07/2021' is set on object 'Object Repository/Modulo Tarea Administracion Compensacion/Ejecutar Reporte Planilla/input_Rango Fechas_ejecutarReportePlanillafechaFinal_input'

2021-12-01 12:15:30 - [MESSAGE][PASSED] - Text '30/07/2021' is set on object 'Object Repository/Modulo Tarea Administracion Compensacion/Ejecutar Reporte Planilla/input_Rango Fechas_ejecutarReportePlanillafechaFinal_input'

2021-12-01 12:15:30 - [TEST_STEP][PASSED] - waitForElementClickable(findTestObject("Modulo Tarea Administracion Compensacion/Ejecutar Reporte Planilla/a_Aplicar"), 0): Object 'Object Repository/Modulo Tarea Administracion Compensacion/Ejecutar Reporte Planilla/a_Aplicar' is clickable

2021-12-01 12:15:30 - [MESSAGE][WARNING] - Timeout '0' is invalid. Using default page load timeout: '30'

2021-12-01 12:15:31 - [MESSAGE][PASSED] - Object 'Object Repository/Modulo Tarea Administracion Compensacion/Ejecutar Reporte Planilla/a_Aplicar' is clickable

2021-12-01 12:15:31 - [TEST_STEP][PASSED] - click(findTestObject("Modulo Tarea Administracion Compensacion/Ejecutar Reporte Planilla/a_Aplicar")): Object: 'Object Repository/Modulo Tarea Administracion Compensacion/Ejecutar Reporte Planilla/a_Aplicar' is clicked on

2021-12-01 12:15:31 - [MESSAGE][PASSED] - Object: 'Object Repository/Modulo Tarea Administracion Compensacion/Ejecutar Reporte Planilla/a_Aplicar' is clicked on

2021-12-01 12:15:31 - [TEST_STEP][PASSED] - waitForElementClickable(findTestObject("Modulo Tarea Administracion Compensacion/Ejecutar Reporte Planilla/span_Reporte_glyphicons glyphicons-article"), 0): Object 'Object Repository/Modulo Tarea Administracion Compensacion/Ejecutar Reporte Planilla/span_Reporte_glyphicons glyphicons-article' is clickable

2021-12-01 12:15:31 - [MESSAGE][WARNING] - Timeout '0' is invalid. Using default page load timeout: '30'

2021-12-01 12:15:33 - [MESSAGE][PASSED] - Object 'Object Repository/Modulo Tarea Administracion Compensacion/Ejecutar Reporte Planilla/span_Reporte_glyphicons glyphicons-article' is clickable

2021-12-01 12:15:33 - [TEST_STEP][PASSED] - click(findTestObject("Modulo Tarea Administracion Compensacion/Ejecutar Reporte Planilla/span_Reporte_glyphicons glyphicons-article")): Object: 'Object Repository/Modulo Tarea Administracion Compensacion/Ejecutar Reporte Planilla/span_Reporte_glyphicons glyphicons-article' is clicked on

2021-12-01 12:15:34 - [MESSAGE][PASSED] - Object: 'Object Repository/Modulo Tarea Administracion Compensacion/Ejecutar Reporte Planilla/span_Reporte_glyphicons glyphicons-article' is clicked on

2021-12-01 12:15:34 - [TEST_STEP][PASSED] - click(findTestObject("Modulo Tarea Administracion Compensacion/Ejecutar Reporte Planilla/label_html")): Object: 'Object Repository/Modulo Tarea Administracion Compensacion/Ejecutar Reporte Planilla/label_html' is clicked on

2021-12-01 12:15:34 - [MESSAGE][PASSED] - Object: 'Object Repository/Modulo Tarea Administracion Compensacion/Ejecutar Reporte Planilla/label_html' is clicked on

2021-12-01 12:15:34 - [TEST_STEP][PASSED] - click(findTestObject("Modulo Tarea Administracion Compensacion/Ejecutar Reporte Planilla/a_Generar Reporte")): Object: 'Object Repository/Modulo Tarea Administracion Compensacion/Ejecutar Reporte Planilla/a_Generar Reporte' is clicked on

2021-12-01 12:15:35 - [MESSAGE][PASSED] - Object: 'Object Repository/Modulo Tarea Administracion Compensacion/Ejecutar Reporte Planilla/a_Generar Reporte' is clicked on

2021-12-01 12:15:35 - [TEST_STEP][PASSED] - waitForElementClickable(findTestObject("Modulo Tarea Administracion Compensacion/Ejecutar Reporte Planilla/a_Descargar"), 0): Object 'Object Repository/Modulo Tarea Administracion Compensacion/Ejecutar Reporte Planilla/a_Descargar' is clickable

2021-12-01 12:15:35 - [MESSAGE][WARNING] - Timeout '0' is invalid. Using default page load timeout: '30'

2021-12-01 12:15:35 - [MESSAGE][PASSED] - Object 'Object Repository/Modulo Tarea Administracion Compensacion/Ejecutar Reporte Planilla/a_Descargar' is clickable

2021-12-01 12:15:35 - [TEST_STEP][PASSED] - click(findTestObject("Modulo Tarea Administracion Compensacion/Ejecutar Reporte Planilla/a_Descargar")): Object: 'Object Repository/Modulo Tarea Administracion Compensacion/Ejecutar Reporte Planilla/a_Descargar' is clicked on

2021-12-01 12:15:36 - [MESSAGE][PASSED] - Object: 'Object Repository/Modulo Tarea Administracion Compensacion/Ejecutar Reporte Planilla/a_Descargar' is clicked on

2021-12-01 12:15:36 - [TEST_STEP][PASSED] - click(findTestObject("Modulo Tarea Administracion Compensacion/Ejecutar Reporte Planilla/a_Periodo Nomina_Cerrar")): Object: 'Object Repository/Modulo Tarea Administracion Compensacion/Ejecutar Reporte Planilla/a_Periodo Nomina_Cerrar' is clicked on

2021-12-01 12:15:36 - [MESSAGE][PASSED] - Object: 'Object Repository/Modulo Tarea Administracion Compensacion/Ejecutar Reporte Planilla/a_Periodo Nomina_Cerrar' is clicked on

2021-12-01 12:15:36 - [TEST_STEP][PASSED] - closeBrowser(): Browser is closed

2021-12-01 12:15:37 - [MESSAGE][PASSED] - Browser is closed]]></system-out>
         <system-err><![CDATA[]]></system-err>
      </testcase>
      <testcase name="Test Cases/1.1-Tareas Principales/1.5.5- Crear Nomina Electrónica" time="26.723" classname="Test Cases/1.1-Tareas Principales/1.5.5- Crear Nomina Electrónica" status="PASSED">
         <system-out><![CDATA[2021-12-01 12:15:37 - [TEST_CASE][PASSED] - Test Cases/1.1-Tareas Principales/1.5.5- Crear Nomina Electrónica: Test Cases/1.1-Tareas Principales/1.5.5- Crear Nomina Electrónica

2021-12-01 12:15:38 - [TEST_STEP][PASSED] - callTestCase(findTestCase("0.1-Login"), [:], STOP_ON_FAILURE): Call Test Case 'Test Cases/0.1-Login' successfully

2021-12-01 12:15:38 - [TEST_CASE][PASSED] - Test Cases/0.1-Login: Test Cases/0.1-Login

2021-12-01 12:15:38 - [TEST_STEP][PASSED] - openBrowser(""): Browser is opened with url: ''

2021-12-01 12:15:38 - [MESSAGE][INFO] - Starting 'Chrome' driver

2021-12-01 12:15:38 - [MESSAGE][INFO] - Action delay is set to 0 milliseconds

2021-12-01 12:15:39 - [MESSAGE][PASSED] - Browser is opened with url: ''

2021-12-01 12:15:39 - [TEST_STEP][PASSED] - maximizeWindow(): Current window maximized

2021-12-01 12:15:39 - [MESSAGE][PASSED] - Current window maximized

2021-12-01 12:15:39 - [TEST_STEP][PASSED] - i = G_Login: null

2021-12-01 12:15:39 - [TEST_STEP][PASSED] - url = new java.net.URL(i): null

2021-12-01 12:15:39 - [TEST_STEP][PASSED] - println("URL: " + url.toString()): null

2021-12-01 12:15:39 - [TEST_STEP][PASSED] - connection = url.openConnection(): null

2021-12-01 12:15:39 - [TEST_STEP][PASSED] - connection.setRequestMethod("GET"): null

2021-12-01 12:15:39 - [TEST_STEP][PASSED] - connection.setReadTimeout(2 * 1000): null

2021-12-01 12:15:39 - [TEST_STEP][PASSED] - try: null

2021-12-01 12:15:39 - [TEST_STEP][PASSED] - connection.connect(): null

2021-12-01 12:15:39 - [TEST_STEP][PASSED] - flag = connected: null

2021-12-01 12:15:39 - [TEST_STEP][PASSED] - println("Valor_ori: " + flag): null

2021-12-01 12:15:39 - [TEST_STEP][PASSED] - if (flag): null

2021-12-01 12:15:39 - [TEST_STEP][PASSED] - navigateToUrl(i): Navigate to 'http://localhost:8380/saraweb/' successfully

2021-12-01 12:15:40 - [MESSAGE][PASSED] - Navigate to 'http://localhost:8380/saraweb/' successfully

2021-12-01 12:15:40 - [TEST_STEP][PASSED] - a(): null

2021-12-01 12:15:40 - [TEST_STEP][PASSED] - setText(findTestObject("Login/input_USUARIO_loginusuario"), G_Usuario): Text 'saraadmin' is set on object 'Object Repository/Login/input_USUARIO_loginusuario'

2021-12-01 12:15:41 - [MESSAGE][PASSED] - Text 'saraadmin' is set on object 'Object Repository/Login/input_USUARIO_loginusuario'

2021-12-01 12:15:41 - [TEST_STEP][PASSED] - setEncryptedText(findTestObject("Login/input_CLAVE_loginpassword"), "MkG4/TYiCFC3cb2driP7+Q=="): Text ****** has been set on object 'Object Repository/Login/input_CLAVE_loginpassword'

2021-12-01 12:15:41 - [MESSAGE][PASSED] - Text ****** has been set on object 'Object Repository/Login/input_CLAVE_loginpassword'

2021-12-01 12:15:41 - [TEST_STEP][PASSED] - waitForElementClickable(findTestObject("Login/a_Ingresar"), G_TimeOut): Object 'Object Repository/Login/a_Ingresar' is clickable

2021-12-01 12:15:42 - [MESSAGE][PASSED] - Object 'Object Repository/Login/a_Ingresar' is clickable

2021-12-01 12:15:42 - [TEST_STEP][PASSED] - click(findTestObject("Login/a_Ingresar")): Object: 'Object Repository/Login/a_Ingresar' is clicked on

2021-12-01 12:15:45 - [MESSAGE][PASSED] - Object: 'Object Repository/Login/a_Ingresar' is clicked on

2021-12-01 12:15:45 - [TEST_STEP][PASSED] - element = findWebElement(findTestObject("Login/a_Ir"), 30): null

2021-12-01 12:15:46 - [TEST_STEP][PASSED] - executeJavaScript("arguments[0].click()", Arrays.asList(element)): Execute JavaScript 'arguments[0].click()' successfully

2021-12-01 12:15:46 - [MESSAGE][PASSED] - Execute JavaScript 'arguments[0].click()' successfully

2021-12-01 12:15:46 - [MESSAGE][PASSED] - Call Test Case 'Test Cases/0.1-Login' successfully

2021-12-01 12:15:46 - [TEST_STEP][PASSED] - waitForElementClickable(findTestObject("Modulo Tarea Administracion Compensacion/Crear Nomina Electronica/Page_SARA/input_ADMINISTRADOR DEL SISTEMA - SARA_form_templatej_idt24_input"), G_TimeOut): Object 'Object Repository/Modulo Tarea Administracion Compensacion/Crear Nomina Electronica/Page_SARA/input_ADMINISTRADOR DEL SISTEMA - SARA_form_templatej_idt24_input' is clickable

2021-12-01 12:15:47 - [MESSAGE][PASSED] - Object 'Object Repository/Modulo Tarea Administracion Compensacion/Crear Nomina Electronica/Page_SARA/input_ADMINISTRADOR DEL SISTEMA - SARA_form_templatej_idt24_input' is clickable

2021-12-01 12:15:47 - [TEST_STEP][PASSED] - setText(findTestObject("Modulo Tarea Administracion Compensacion/Crear Nomina Electronica/Page_SARA/input_ADMINISTRADOR DEL SISTEMA - SARA_form_templatej_idt24_input"), "Nomina Electronica (com)"): Text 'Nomina Electronica (com)' is set on object 'Object Repository/Modulo Tarea Administracion Compensacion/Crear Nomina Electronica/Page_SARA/input_ADMINISTRADOR DEL SISTEMA - SARA_form_templatej_idt24_input'

2021-12-01 12:15:48 - [MESSAGE][PASSED] - Text 'Nomina Electronica (com)' is set on object 'Object Repository/Modulo Tarea Administracion Compensacion/Crear Nomina Electronica/Page_SARA/input_ADMINISTRADOR DEL SISTEMA - SARA_form_templatej_idt24_input'

2021-12-01 12:15:48 - [TEST_STEP][PASSED] - waitForElementClickable(findTestObject("Modulo Tarea Administracion Compensacion/Crear Nomina Electronica/Page_SARA/li_Nomina Electronica (com)"), 0): Object 'Object Repository/Modulo Tarea Administracion Compensacion/Crear Nomina Electronica/Page_SARA/li_Nomina Electronica (com)' is clickable

2021-12-01 12:15:48 - [MESSAGE][WARNING] - Timeout '0' is invalid. Using default page load timeout: '30'

2021-12-01 12:15:50 - [MESSAGE][PASSED] - Object 'Object Repository/Modulo Tarea Administracion Compensacion/Crear Nomina Electronica/Page_SARA/li_Nomina Electronica (com)' is clickable

2021-12-01 12:15:50 - [TEST_STEP][PASSED] - click(findTestObject("Modulo Tarea Administracion Compensacion/Crear Nomina Electronica/Page_SARA/li_Nomina Electronica (com)")): Object: 'Object Repository/Modulo Tarea Administracion Compensacion/Crear Nomina Electronica/Page_SARA/li_Nomina Electronica (com)' is clicked on

2021-12-01 12:15:50 - [MESSAGE][PASSED] - Object: 'Object Repository/Modulo Tarea Administracion Compensacion/Crear Nomina Electronica/Page_SARA/li_Nomina Electronica (com)' is clicked on

2021-12-01 12:15:50 - [TEST_STEP][PASSED] - if (waitForElementClickable(findTestObject("Modulo Tarea Administracion Compensacion/Crear Nomina Electronica/Page_SARA/td_2021-07-01"), 1)): Web element with id: 'Object Repository/Modulo Tarea Administracion Compensacion/Crear Nomina Electronica/Page_SARA/td_2021-07-01' located by '//*/text()[normalize-space(.)='2021-07-01']/parent::*' not found

2021-12-01 12:15:53 - [MESSAGE][INFO] - Unable to find the element located by 'By.xpath: //*/text()[normalize-space(.)='2021-07-01']/parent::*'. Please recheck the objects properties to make sure the desired element is located. 

2021-12-01 12:15:53 - [MESSAGE][WARNING] - Web element with id: 'Object Repository/Modulo Tarea Administracion Compensacion/Crear Nomina Electronica/Page_SARA/td_2021-07-01' located by '//*/text()[normalize-space(.)='2021-07-01']/parent::*' not found

2021-12-01 12:15:53 - [TEST_STEP][PASSED] - waitForElementClickable(findTestObject("Modulo Tarea Administracion Compensacion/Crear Nomina Electronica/Page_SARA/a_Nuevo"), 0): Object 'Object Repository/Modulo Tarea Administracion Compensacion/Crear Nomina Electronica/Page_SARA/a_Nuevo' is clickable

2021-12-01 12:15:53 - [MESSAGE][WARNING] - Timeout '0' is invalid. Using default page load timeout: '30'

2021-12-01 12:15:53 - [MESSAGE][PASSED] - Object 'Object Repository/Modulo Tarea Administracion Compensacion/Crear Nomina Electronica/Page_SARA/a_Nuevo' is clickable

2021-12-01 12:15:53 - [TEST_STEP][PASSED] - click(findTestObject("Modulo Tarea Administracion Compensacion/Crear Nomina Electronica/Page_SARA/a_Nuevo"), STOP_ON_FAILURE): Object: 'Object Repository/Modulo Tarea Administracion Compensacion/Crear Nomina Electronica/Page_SARA/a_Nuevo' is clicked on

2021-12-01 12:15:54 - [MESSAGE][PASSED] - Object: 'Object Repository/Modulo Tarea Administracion Compensacion/Crear Nomina Electronica/Page_SARA/a_Nuevo' is clicked on

2021-12-01 12:15:54 - [TEST_STEP][PASSED] - waitForElementClickable(findTestObject("Modulo Tarea Administracion Compensacion/Crear Nomina Electronica/Page_SARA/select_-- seleccione --Nmina IndividualNmina Individual de Ajuste"), 0): Object 'Object Repository/Modulo Tarea Administracion Compensacion/Crear Nomina Electronica/Page_SARA/select_-- seleccione --Nmina IndividualNmina Individual de Ajuste' is clickable

2021-12-01 12:15:54 - [MESSAGE][WARNING] - Timeout '0' is invalid. Using default page load timeout: '30'

2021-12-01 12:15:54 - [MESSAGE][PASSED] - Object 'Object Repository/Modulo Tarea Administracion Compensacion/Crear Nomina Electronica/Page_SARA/select_-- seleccione --Nmina IndividualNmina Individual de Ajuste' is clickable

2021-12-01 12:15:54 - [TEST_STEP][PASSED] - click(findTestObject("Modulo Tarea Administracion Compensacion/Crear Nomina Electronica/Page_SARA/select_-- seleccione --Nmina IndividualNmina Individual de Ajuste")): Object: 'Object Repository/Modulo Tarea Administracion Compensacion/Crear Nomina Electronica/Page_SARA/select_-- seleccione --Nmina IndividualNmina Individual de Ajuste' is clicked on

2021-12-01 12:15:55 - [MESSAGE][PASSED] - Object: 'Object Repository/Modulo Tarea Administracion Compensacion/Crear Nomina Electronica/Page_SARA/select_-- seleccione --Nmina IndividualNmina Individual de Ajuste' is clicked on

2021-12-01 12:15:55 - [TEST_STEP][PASSED] - selectOptionByIndex(findTestObject("Modulo Tarea Administracion Compensacion/Crear Nomina Electronica/Page_SARA/select_-- seleccione --Nmina IndividualNmina Individual de Ajuste"), "1"): All options with index in [1] are selected on object 'Object Repository/Modulo Tarea Administracion Compensacion/Crear Nomina Electronica/Page_SARA/select_-- seleccione --Nmina IndividualNmina Individual de Ajuste'

2021-12-01 12:15:56 - [MESSAGE][PASSED] - All options with index in [1] are selected on object 'Object Repository/Modulo Tarea Administracion Compensacion/Crear Nomina Electronica/Page_SARA/select_-- seleccione --Nmina IndividualNmina Individual de Ajuste'

2021-12-01 12:15:56 - [TEST_STEP][PASSED] - click(findTestObject("Modulo Tarea Administracion Compensacion/Crear Nomina Electronica/Page_SARA/select_-- seleccione --EneroFebreroMarzoAbrilMayoJunioJulioAgostoSeptiembreOctubreNoviembreDiciembre")): Object: 'Object Repository/Modulo Tarea Administracion Compensacion/Crear Nomina Electronica/Page_SARA/select_-- seleccione --EneroFebreroMarzoAbrilMayoJunioJulioAgostoSeptiembreOctubreNoviembreDiciembre' is clicked on

2021-12-01 12:15:56 - [MESSAGE][PASSED] - Object: 'Object Repository/Modulo Tarea Administracion Compensacion/Crear Nomina Electronica/Page_SARA/select_-- seleccione --EneroFebreroMarzoAbrilMayoJunioJulioAgostoSeptiembreOctubreNoviembreDiciembre' is clicked on

2021-12-01 12:15:56 - [TEST_STEP][PASSED] - selectOptionByIndex(findTestObject("Modulo Tarea Administracion Compensacion/Crear Nomina Electronica/Page_SARA/select_-- seleccione --EneroFebreroMarzoAbrilMayoJunioJulioAgostoSeptiembreOctubreNoviembreDiciembre"), "8"): All options with index in [8] are selected on object 'Object Repository/Modulo Tarea Administracion Compensacion/Crear Nomina Electronica/Page_SARA/select_-- seleccione --EneroFebreroMarzoAbrilMayoJunioJulioAgostoSeptiembreOctubreNoviembreDiciembre'

2021-12-01 12:15:58 - [MESSAGE][PASSED] - All options with index in [8] are selected on object 'Object Repository/Modulo Tarea Administracion Compensacion/Crear Nomina Electronica/Page_SARA/select_-- seleccione --EneroFebreroMarzoAbrilMayoJunioJulioAgostoSeptiembreOctubreNoviembreDiciembre'

2021-12-01 12:15:58 - [TEST_STEP][PASSED] - click(findTestObject("Modulo Tarea Administracion Compensacion/Crear Nomina Electronica/Page_SARA/select_CUNDINAMARCASANTANDERBOGOTANo Usar")): Object: 'Object Repository/Modulo Tarea Administracion Compensacion/Crear Nomina Electronica/Page_SARA/select_CUNDINAMARCASANTANDERBOGOTANo Usar' is clicked on

2021-12-01 12:15:58 - [MESSAGE][PASSED] - Object: 'Object Repository/Modulo Tarea Administracion Compensacion/Crear Nomina Electronica/Page_SARA/select_CUNDINAMARCASANTANDERBOGOTANo Usar' is clicked on

2021-12-01 12:15:58 - [TEST_STEP][PASSED] - selectOptionByIndex(findTestObject("Modulo Tarea Administracion Compensacion/Crear Nomina Electronica/Page_SARA/select_CUNDINAMARCASANTANDERBOGOTANo Usar"), "3"): All options with index in [3] are selected on object 'Object Repository/Modulo Tarea Administracion Compensacion/Crear Nomina Electronica/Page_SARA/select_CUNDINAMARCASANTANDERBOGOTANo Usar'

2021-12-01 12:15:59 - [MESSAGE][PASSED] - All options with index in [3] are selected on object 'Object Repository/Modulo Tarea Administracion Compensacion/Crear Nomina Electronica/Page_SARA/select_CUNDINAMARCASANTANDERBOGOTANo Usar'

2021-12-01 12:15:59 - [TEST_STEP][PASSED] - selectOptionByIndex(findTestObject("Modulo Tarea Administracion Compensacion/Crear Nomina Electronica/Page_SARA/select_-- seleccione --EneroFebreroMarzoAbrilMayoJunioJulioAgostoSeptiembreOctubreNoviembreDiciembre"), "7"): All options with index in [7] are selected on object 'Object Repository/Modulo Tarea Administracion Compensacion/Crear Nomina Electronica/Page_SARA/select_-- seleccione --EneroFebreroMarzoAbrilMayoJunioJulioAgostoSeptiembreOctubreNoviembreDiciembre'

2021-12-01 12:16:00 - [MESSAGE][PASSED] - All options with index in [7] are selected on object 'Object Repository/Modulo Tarea Administracion Compensacion/Crear Nomina Electronica/Page_SARA/select_-- seleccione --EneroFebreroMarzoAbrilMayoJunioJulioAgostoSeptiembreOctubreNoviembreDiciembre'

2021-12-01 12:16:00 - [TEST_STEP][PASSED] - click(findTestObject("Modulo Tarea Administracion Compensacion/Crear Nomina Electronica/Page_SARA/a_Guardar")): Object: 'Object Repository/Modulo Tarea Administracion Compensacion/Crear Nomina Electronica/Page_SARA/a_Guardar' is clicked on

2021-12-01 12:16:01 - [MESSAGE][PASSED] - Object: 'Object Repository/Modulo Tarea Administracion Compensacion/Crear Nomina Electronica/Page_SARA/a_Guardar' is clicked on

2021-12-01 12:16:01 - [TEST_STEP][PASSED] - waitForElementClickable(findTestObject("Modulo Tarea Administracion Compensacion/Crear Nomina Electronica/Page_SARA/a_Generar"), 0): Object 'Object Repository/Modulo Tarea Administracion Compensacion/Crear Nomina Electronica/Page_SARA/a_Generar' is clickable

2021-12-01 12:16:01 - [MESSAGE][WARNING] - Timeout '0' is invalid. Using default page load timeout: '30'

2021-12-01 12:16:02 - [MESSAGE][PASSED] - Object 'Object Repository/Modulo Tarea Administracion Compensacion/Crear Nomina Electronica/Page_SARA/a_Generar' is clickable

2021-12-01 12:16:02 - [TEST_STEP][PASSED] - click(findTestObject("Modulo Tarea Administracion Compensacion/Crear Nomina Electronica/Page_SARA/a_Generar")): Object: 'Object Repository/Modulo Tarea Administracion Compensacion/Crear Nomina Electronica/Page_SARA/a_Generar' is clicked on

2021-12-01 12:16:03 - [MESSAGE][PASSED] - Object: 'Object Repository/Modulo Tarea Administracion Compensacion/Crear Nomina Electronica/Page_SARA/a_Generar' is clicked on

2021-12-01 12:16:03 - [TEST_STEP][PASSED] - waitForElementClickable(findTestObject("Modulo Tarea Administracion Compensacion/Crear Nomina Electronica/Page_SARA/a_Generar2"), 0): Object 'Object Repository/Modulo Tarea Administracion Compensacion/Crear Nomina Electronica/Page_SARA/a_Generar2' is clickable

2021-12-01 12:16:03 - [MESSAGE][WARNING] - Timeout '0' is invalid. Using default page load timeout: '30'

2021-12-01 12:16:03 - [MESSAGE][PASSED] - Object 'Object Repository/Modulo Tarea Administracion Compensacion/Crear Nomina Electronica/Page_SARA/a_Generar2' is clickable

2021-12-01 12:16:03 - [TEST_STEP][PASSED] - click(findTestObject("Modulo Tarea Administracion Compensacion/Crear Nomina Electronica/Page_SARA/a_Generar2")): Object: 'Object Repository/Modulo Tarea Administracion Compensacion/Crear Nomina Electronica/Page_SARA/a_Generar2' is clicked on

2021-12-01 12:16:04 - [MESSAGE][PASSED] - Object: 'Object Repository/Modulo Tarea Administracion Compensacion/Crear Nomina Electronica/Page_SARA/a_Generar2' is clicked on]]></system-out>
         <system-err><![CDATA[]]></system-err>
      </testcase>
      <testcase name="Test Cases/1.1-Tareas Principales/1.5.6 Reporte Nomina Electronica" time="29.357" classname="Test Cases/1.1-Tareas Principales/1.5.6 Reporte Nomina Electronica" status="PASSED">
         <system-out><![CDATA[2021-12-01 12:16:04 - [TEST_CASE][PASSED] - Test Cases/1.1-Tareas Principales/1.5.6 Reporte Nomina Electronica: Test Cases/1.1-Tareas Principales/1.5.6 Reporte Nomina Electronica

2021-12-01 12:16:04 - [TEST_STEP][PASSED] - callTestCase(findTestCase("0.1-Login"), [:], STOP_ON_FAILURE): Call Test Case 'Test Cases/0.1-Login' successfully

2021-12-01 12:16:04 - [TEST_CASE][PASSED] - Test Cases/0.1-Login: Test Cases/0.1-Login

2021-12-01 12:16:04 - [TEST_STEP][PASSED] - openBrowser(""): Browser is opened with url: ''

2021-12-01 12:16:04 - [MESSAGE][WARNING] - A browser is already opened. Closing browser and opening a new one

2021-12-01 12:16:05 - [MESSAGE][INFO] - Starting 'Chrome' driver

2021-12-01 12:16:05 - [MESSAGE][INFO] - Action delay is set to 0 milliseconds

2021-12-01 12:16:06 - [MESSAGE][PASSED] - Browser is opened with url: ''

2021-12-01 12:16:06 - [TEST_STEP][PASSED] - maximizeWindow(): Current window maximized

2021-12-01 12:16:07 - [MESSAGE][PASSED] - Current window maximized

2021-12-01 12:16:07 - [TEST_STEP][PASSED] - i = G_Login: null

2021-12-01 12:16:07 - [TEST_STEP][PASSED] - url = new java.net.URL(i): null

2021-12-01 12:16:07 - [TEST_STEP][PASSED] - println("URL: " + url.toString()): null

2021-12-01 12:16:07 - [TEST_STEP][PASSED] - connection = url.openConnection(): null

2021-12-01 12:16:07 - [TEST_STEP][PASSED] - connection.setRequestMethod("GET"): null

2021-12-01 12:16:07 - [TEST_STEP][PASSED] - connection.setReadTimeout(2 * 1000): null

2021-12-01 12:16:07 - [TEST_STEP][PASSED] - try: null

2021-12-01 12:16:07 - [TEST_STEP][PASSED] - connection.connect(): null

2021-12-01 12:16:07 - [TEST_STEP][PASSED] - flag = connected: null

2021-12-01 12:16:07 - [TEST_STEP][PASSED] - println("Valor_ori: " + flag): null

2021-12-01 12:16:07 - [TEST_STEP][PASSED] - if (flag): null

2021-12-01 12:16:07 - [TEST_STEP][PASSED] - navigateToUrl(i): Navigate to 'http://localhost:8380/saraweb/' successfully

2021-12-01 12:16:08 - [MESSAGE][PASSED] - Navigate to 'http://localhost:8380/saraweb/' successfully

2021-12-01 12:16:08 - [TEST_STEP][PASSED] - a(): null

2021-12-01 12:16:08 - [TEST_STEP][PASSED] - setText(findTestObject("Login/input_USUARIO_loginusuario"), G_Usuario): Text 'saraadmin' is set on object 'Object Repository/Login/input_USUARIO_loginusuario'

2021-12-01 12:16:09 - [MESSAGE][PASSED] - Text 'saraadmin' is set on object 'Object Repository/Login/input_USUARIO_loginusuario'

2021-12-01 12:16:09 - [TEST_STEP][PASSED] - setEncryptedText(findTestObject("Login/input_CLAVE_loginpassword"), "MkG4/TYiCFC3cb2driP7+Q=="): Text ****** has been set on object 'Object Repository/Login/input_CLAVE_loginpassword'

2021-12-01 12:16:09 - [MESSAGE][PASSED] - Text ****** has been set on object 'Object Repository/Login/input_CLAVE_loginpassword'

2021-12-01 12:16:09 - [TEST_STEP][PASSED] - waitForElementClickable(findTestObject("Login/a_Ingresar"), G_TimeOut): Object 'Object Repository/Login/a_Ingresar' is clickable

2021-12-01 12:16:09 - [MESSAGE][PASSED] - Object 'Object Repository/Login/a_Ingresar' is clickable

2021-12-01 12:16:09 - [TEST_STEP][PASSED] - click(findTestObject("Login/a_Ingresar")): Object: 'Object Repository/Login/a_Ingresar' is clicked on

2021-12-01 12:16:14 - [MESSAGE][PASSED] - Object: 'Object Repository/Login/a_Ingresar' is clicked on

2021-12-01 12:16:14 - [TEST_STEP][PASSED] - element = findWebElement(findTestObject("Login/a_Ir"), 30): null

2021-12-01 12:16:15 - [TEST_STEP][PASSED] - executeJavaScript("arguments[0].click()", Arrays.asList(element)): Execute JavaScript 'arguments[0].click()' successfully

2021-12-01 12:16:15 - [MESSAGE][PASSED] - Execute JavaScript 'arguments[0].click()' successfully

2021-12-01 12:16:15 - [MESSAGE][PASSED] - Call Test Case 'Test Cases/0.1-Login' successfully

2021-12-01 12:16:15 - [TEST_STEP][PASSED] - waitForElementClickable(findTestObject("Modulo Tarea Administracion Compensacion/Reporte Nomina Electronica/Page_SARA/input_Nomina Electronica_form_templatej_idt24_input"), 0): Object 'Object Repository/Modulo Tarea Administracion Compensacion/Reporte Nomina Electronica/Page_SARA/input_Nomina Electronica_form_templatej_idt24_input' is clickable

2021-12-01 12:16:15 - [MESSAGE][WARNING] - Timeout '0' is invalid. Using default page load timeout: '30'

2021-12-01 12:16:16 - [MESSAGE][PASSED] - Object 'Object Repository/Modulo Tarea Administracion Compensacion/Reporte Nomina Electronica/Page_SARA/input_Nomina Electronica_form_templatej_idt24_input' is clickable

2021-12-01 12:16:16 - [TEST_STEP][PASSED] - setText(findTestObject("Modulo Tarea Administracion Compensacion/Reporte Nomina Electronica/Page_SARA/input_Nomina Electronica_form_templatej_idt24_input"), "Nomina Electronica"): Text 'Nomina Electronica' is set on object 'Object Repository/Modulo Tarea Administracion Compensacion/Reporte Nomina Electronica/Page_SARA/input_Nomina Electronica_form_templatej_idt24_input'

2021-12-01 12:16:17 - [MESSAGE][PASSED] - Text 'Nomina Electronica' is set on object 'Object Repository/Modulo Tarea Administracion Compensacion/Reporte Nomina Electronica/Page_SARA/input_Nomina Electronica_form_templatej_idt24_input'

2021-12-01 12:16:17 - [TEST_STEP][PASSED] - waitForElementClickable(findTestObject("Modulo Tarea Administracion Compensacion/Reporte Nomina Electronica/Page_SARA/span_Nomina Electronica"), 0): Object 'Object Repository/Modulo Tarea Administracion Compensacion/Reporte Nomina Electronica/Page_SARA/span_Nomina Electronica' is clickable

2021-12-01 12:16:17 - [MESSAGE][WARNING] - Timeout '0' is invalid. Using default page load timeout: '30'

2021-12-01 12:16:18 - [MESSAGE][PASSED] - Object 'Object Repository/Modulo Tarea Administracion Compensacion/Reporte Nomina Electronica/Page_SARA/span_Nomina Electronica' is clickable

2021-12-01 12:16:18 - [TEST_STEP][PASSED] - sendKeys(findTestObject("Modulo Tarea Administracion Compensacion/Reporte Nomina Electronica/Page_SARA/input_Nomina Electronica_form_templatej_idt24_input"), Keys.chord(ENTER)): Keys 'ENTER + ' sent to object: 'Object Repository/Modulo Tarea Administracion Compensacion/Reporte Nomina Electronica/Page_SARA/input_Nomina Electronica_form_templatej_idt24_input'

2021-12-01 12:16:18 - [MESSAGE][PASSED] - Keys 'ENTER + ' sent to object: 'Object Repository/Modulo Tarea Administracion Compensacion/Reporte Nomina Electronica/Page_SARA/input_Nomina Electronica_form_templatej_idt24_input'

2021-12-01 12:16:18 - [TEST_STEP][PASSED] - if (waitForElementClickable(findTestObject("Modulo Tarea Administracion Compensacion/Reporte Nomina Electronica/Page_SARA/td_2021-07-01"), 1)): null

2021-12-01 12:16:19 - [MESSAGE][PASSED] - Object 'Object Repository/Modulo Tarea Administracion Compensacion/Reporte Nomina Electronica/Page_SARA/td_2021-07-01' is clickable

2021-12-01 12:16:19 - [TEST_STEP][PASSED] - click(findTestObject("Modulo Tarea Administracion Compensacion/Reporte Nomina Electronica/Page_SARA/td_2021-07-01")): Object: 'Object Repository/Modulo Tarea Administracion Compensacion/Reporte Nomina Electronica/Page_SARA/td_2021-07-01' is clicked on

2021-12-01 12:16:20 - [MESSAGE][PASSED] - Object: 'Object Repository/Modulo Tarea Administracion Compensacion/Reporte Nomina Electronica/Page_SARA/td_2021-07-01' is clicked on

2021-12-01 12:16:20 - [TEST_STEP][PASSED] - click(findTestObject("Modulo Tarea Administracion Compensacion/Reporte Nomina Electronica/Page_SARA/a_Reporte")): Object: 'Object Repository/Modulo Tarea Administracion Compensacion/Reporte Nomina Electronica/Page_SARA/a_Reporte' is clicked on

2021-12-01 12:16:21 - [MESSAGE][PASSED] - Object: 'Object Repository/Modulo Tarea Administracion Compensacion/Reporte Nomina Electronica/Page_SARA/a_Reporte' is clicked on

2021-12-01 12:16:21 - [TEST_STEP][PASSED] - click(findTestObject("Modulo Tarea Administracion Compensacion/Reporte Nomina Electronica/Page_SARA/td_Reporte Nomina Electrnica")): Object: 'Object Repository/Modulo Tarea Administracion Compensacion/Reporte Nomina Electronica/Page_SARA/td_Reporte Nomina Electrnica' is clicked on

2021-12-01 12:16:22 - [MESSAGE][PASSED] - Object: 'Object Repository/Modulo Tarea Administracion Compensacion/Reporte Nomina Electronica/Page_SARA/td_Reporte Nomina Electrnica' is clicked on

2021-12-01 12:16:22 - [TEST_STEP][PASSED] - click(findTestObject("Modulo Tarea Administracion Compensacion/Reporte Nomina Electronica/Page_SARA/span_Que desea hacer_ui-radiobutton-icon ui-icon ui-icon-blank ui-c")): Object: 'Object Repository/Modulo Tarea Administracion Compensacion/Reporte Nomina Electronica/Page_SARA/span_Que desea hacer_ui-radiobutton-icon ui-icon ui-icon-blank ui-c' is clicked on

2021-12-01 12:16:23 - [MESSAGE][PASSED] - Object: 'Object Repository/Modulo Tarea Administracion Compensacion/Reporte Nomina Electronica/Page_SARA/span_Que desea hacer_ui-radiobutton-icon ui-icon ui-icon-blank ui-c' is clicked on

2021-12-01 12:16:23 - [TEST_STEP][PASSED] - waitForElementClickable(findTestObject("Modulo Tarea Administracion Compensacion/Reporte Nomina Electronica/Page_SARA/a_Generar"), 0): Object 'Object Repository/Modulo Tarea Administracion Compensacion/Reporte Nomina Electronica/Page_SARA/a_Generar' is clickable

2021-12-01 12:16:23 - [MESSAGE][WARNING] - Timeout '0' is invalid. Using default page load timeout: '30'

2021-12-01 12:16:23 - [MESSAGE][PASSED] - Object 'Object Repository/Modulo Tarea Administracion Compensacion/Reporte Nomina Electronica/Page_SARA/a_Generar' is clickable

2021-12-01 12:16:23 - [TEST_STEP][PASSED] - click(findTestObject("Modulo Tarea Administracion Compensacion/Reporte Nomina Electronica/Page_SARA/a_Generar")): Object: 'Object Repository/Modulo Tarea Administracion Compensacion/Reporte Nomina Electronica/Page_SARA/a_Generar' is clicked on

2021-12-01 12:16:24 - [MESSAGE][PASSED] - Object: 'Object Repository/Modulo Tarea Administracion Compensacion/Reporte Nomina Electronica/Page_SARA/a_Generar' is clicked on

2021-12-01 12:16:24 - [TEST_STEP][PASSED] - waitForElementClickable(findTestObject("Modulo Tarea Administracion Compensacion/Reporte Nomina Electronica/Page_SARA/a_Continuar"), 0): Object 'Object Repository/Modulo Tarea Administracion Compensacion/Reporte Nomina Electronica/Page_SARA/a_Continuar' is clickable

2021-12-01 12:16:24 - [MESSAGE][WARNING] - Timeout '0' is invalid. Using default page load timeout: '30'

2021-12-01 12:16:28 - [MESSAGE][PASSED] - Object 'Object Repository/Modulo Tarea Administracion Compensacion/Reporte Nomina Electronica/Page_SARA/a_Continuar' is clickable

2021-12-01 12:16:28 - [TEST_STEP][PASSED] - click(findTestObject("Modulo Tarea Administracion Compensacion/Reporte Nomina Electronica/Page_SARA/a_Continuar")): Object: 'Object Repository/Modulo Tarea Administracion Compensacion/Reporte Nomina Electronica/Page_SARA/a_Continuar' is clicked on

2021-12-01 12:16:28 - [MESSAGE][PASSED] - Object: 'Object Repository/Modulo Tarea Administracion Compensacion/Reporte Nomina Electronica/Page_SARA/a_Continuar' is clicked on

2021-12-01 12:16:28 - [TEST_STEP][PASSED] - waitForElementClickable(findTestObject("Modulo Tarea Administracion Compensacion/Reporte Nomina Electronica/Page_SARA/a_Descargar"), 0): Object 'Object Repository/Modulo Tarea Administracion Compensacion/Reporte Nomina Electronica/Page_SARA/a_Descargar' is clickable

2021-12-01 12:16:28 - [MESSAGE][WARNING] - Timeout '0' is invalid. Using default page load timeout: '30'

2021-12-01 12:16:30 - [MESSAGE][PASSED] - Object 'Object Repository/Modulo Tarea Administracion Compensacion/Reporte Nomina Electronica/Page_SARA/a_Descargar' is clickable

2021-12-01 12:16:30 - [TEST_STEP][PASSED] - click(findTestObject("Modulo Tarea Administracion Compensacion/Reporte Nomina Electronica/Page_SARA/a_Descargar")): Object: 'Object Repository/Modulo Tarea Administracion Compensacion/Reporte Nomina Electronica/Page_SARA/a_Descargar' is clicked on

2021-12-01 12:16:30 - [MESSAGE][PASSED] - Object: 'Object Repository/Modulo Tarea Administracion Compensacion/Reporte Nomina Electronica/Page_SARA/a_Descargar' is clicked on

2021-12-01 12:16:30 - [TEST_STEP][PASSED] - delay(2): Delayed 2 second(s)

2021-12-01 12:16:33 - [MESSAGE][PASSED] - Delayed 2 second(s)

2021-12-01 12:16:33 - [TEST_STEP][PASSED] - closeBrowser(): Browser is closed

2021-12-01 12:16:33 - [MESSAGE][PASSED] - Browser is closed]]></system-out>
         <system-err><![CDATA[]]></system-err>
      </testcase>
      <testcase name="Test Cases/1.1-Tareas Principales/1.5.7 Descargar Nomina Electronica" time="41.247" classname="Test Cases/1.1-Tareas Principales/1.5.7 Descargar Nomina Electronica" status="PASSED">
         <system-out><![CDATA[2021-12-01 12:16:33 - [TEST_CASE][PASSED] - Test Cases/1.1-Tareas Principales/1.5.7 Descargar Nomina Electronica: Test Cases/1.1-Tareas Principales/1.5.7 Descargar Nomina Electronica

2021-12-01 12:16:34 - [TEST_STEP][PASSED] - callTestCase(findTestCase("0.1-Login"), [:], STOP_ON_FAILURE): Call Test Case 'Test Cases/0.1-Login' successfully

2021-12-01 12:16:34 - [TEST_CASE][PASSED] - Test Cases/0.1-Login: Test Cases/0.1-Login

2021-12-01 12:16:34 - [TEST_STEP][PASSED] - openBrowser(""): Browser is opened with url: ''

2021-12-01 12:16:34 - [MESSAGE][INFO] - Starting 'Chrome' driver

2021-12-01 12:16:34 - [MESSAGE][INFO] - Action delay is set to 0 milliseconds

2021-12-01 12:16:35 - [MESSAGE][PASSED] - Browser is opened with url: ''

2021-12-01 12:16:35 - [TEST_STEP][PASSED] - maximizeWindow(): Current window maximized

2021-12-01 12:16:35 - [MESSAGE][PASSED] - Current window maximized

2021-12-01 12:16:35 - [TEST_STEP][PASSED] - i = G_Login: null

2021-12-01 12:16:35 - [TEST_STEP][PASSED] - url = new java.net.URL(i): null

2021-12-01 12:16:35 - [TEST_STEP][PASSED] - println("URL: " + url.toString()): null

2021-12-01 12:16:35 - [TEST_STEP][PASSED] - connection = url.openConnection(): null

2021-12-01 12:16:35 - [TEST_STEP][PASSED] - connection.setRequestMethod("GET"): null

2021-12-01 12:16:35 - [TEST_STEP][PASSED] - connection.setReadTimeout(2 * 1000): null

2021-12-01 12:16:35 - [TEST_STEP][PASSED] - try: null

2021-12-01 12:16:35 - [TEST_STEP][PASSED] - connection.connect(): null

2021-12-01 12:16:35 - [TEST_STEP][PASSED] - flag = connected: null

2021-12-01 12:16:35 - [TEST_STEP][PASSED] - println("Valor_ori: " + flag): null

2021-12-01 12:16:35 - [TEST_STEP][PASSED] - if (flag): null

2021-12-01 12:16:35 - [TEST_STEP][PASSED] - navigateToUrl(i): Navigate to 'http://localhost:8380/saraweb/' successfully

2021-12-01 12:16:36 - [MESSAGE][PASSED] - Navigate to 'http://localhost:8380/saraweb/' successfully

2021-12-01 12:16:36 - [TEST_STEP][PASSED] - a(): null

2021-12-01 12:16:36 - [TEST_STEP][PASSED] - setText(findTestObject("Login/input_USUARIO_loginusuario"), G_Usuario): Text 'saraadmin' is set on object 'Object Repository/Login/input_USUARIO_loginusuario'

2021-12-01 12:16:37 - [MESSAGE][PASSED] - Text 'saraadmin' is set on object 'Object Repository/Login/input_USUARIO_loginusuario'

2021-12-01 12:16:37 - [TEST_STEP][PASSED] - setEncryptedText(findTestObject("Login/input_CLAVE_loginpassword"), "MkG4/TYiCFC3cb2driP7+Q=="): Text ****** has been set on object 'Object Repository/Login/input_CLAVE_loginpassword'

2021-12-01 12:16:37 - [MESSAGE][PASSED] - Text ****** has been set on object 'Object Repository/Login/input_CLAVE_loginpassword'

2021-12-01 12:16:37 - [TEST_STEP][PASSED] - waitForElementClickable(findTestObject("Login/a_Ingresar"), G_TimeOut): Object 'Object Repository/Login/a_Ingresar' is clickable

2021-12-01 12:16:38 - [MESSAGE][PASSED] - Object 'Object Repository/Login/a_Ingresar' is clickable

2021-12-01 12:16:38 - [TEST_STEP][PASSED] - click(findTestObject("Login/a_Ingresar")): Object: 'Object Repository/Login/a_Ingresar' is clicked on

2021-12-01 12:16:40 - [MESSAGE][PASSED] - Object: 'Object Repository/Login/a_Ingresar' is clicked on

2021-12-01 12:16:40 - [TEST_STEP][PASSED] - element = findWebElement(findTestObject("Login/a_Ir"), 30): null

2021-12-01 12:16:40 - [TEST_STEP][PASSED] - executeJavaScript("arguments[0].click()", Arrays.asList(element)): Execute JavaScript 'arguments[0].click()' successfully

2021-12-01 12:16:40 - [MESSAGE][PASSED] - Execute JavaScript 'arguments[0].click()' successfully

2021-12-01 12:16:40 - [MESSAGE][PASSED] - Call Test Case 'Test Cases/0.1-Login' successfully

2021-12-01 12:16:40 - [TEST_STEP][PASSED] - waitForElementClickable(findTestObject("Modulo Tarea Administracion Compensacion/Descargar Nomina Electronica/Page_SARA/input_Nomina Electronica_form_templatej_idt24_input"), 0): Object 'Object Repository/Modulo Tarea Administracion Compensacion/Descargar Nomina Electronica/Page_SARA/input_Nomina Electronica_form_templatej_idt24_input' is clickable

2021-12-01 12:16:40 - [MESSAGE][WARNING] - Timeout '0' is invalid. Using default page load timeout: '30'

2021-12-01 12:16:41 - [MESSAGE][PASSED] - Object 'Object Repository/Modulo Tarea Administracion Compensacion/Descargar Nomina Electronica/Page_SARA/input_Nomina Electronica_form_templatej_idt24_input' is clickable

2021-12-01 12:16:41 - [TEST_STEP][PASSED] - setText(findTestObject("Modulo Tarea Administracion Compensacion/Descargar Nomina Electronica/Page_SARA/input_Nomina Electronica_form_templatej_idt24_input"), "Nomina Electronica"): Text 'Nomina Electronica' is set on object 'Object Repository/Modulo Tarea Administracion Compensacion/Descargar Nomina Electronica/Page_SARA/input_Nomina Electronica_form_templatej_idt24_input'

2021-12-01 12:16:42 - [MESSAGE][PASSED] - Text 'Nomina Electronica' is set on object 'Object Repository/Modulo Tarea Administracion Compensacion/Descargar Nomina Electronica/Page_SARA/input_Nomina Electronica_form_templatej_idt24_input'

2021-12-01 12:16:42 - [TEST_STEP][PASSED] - waitForElementClickable(findTestObject("Modulo Tarea Administracion Compensacion/Descargar Nomina Electronica/Page_SARA/span_Nomina Electronica"), 0): Object 'Object Repository/Modulo Tarea Administracion Compensacion/Descargar Nomina Electronica/Page_SARA/span_Nomina Electronica' is clickable

2021-12-01 12:16:42 - [MESSAGE][WARNING] - Timeout '0' is invalid. Using default page load timeout: '30'

2021-12-01 12:16:43 - [MESSAGE][PASSED] - Object 'Object Repository/Modulo Tarea Administracion Compensacion/Descargar Nomina Electronica/Page_SARA/span_Nomina Electronica' is clickable

2021-12-01 12:16:43 - [TEST_STEP][PASSED] - sendKeys(findTestObject("Modulo Tarea Administracion Compensacion/Descargar Nomina Electronica/Page_SARA/input_Nomina Electronica_form_templatej_idt24_input"), Keys.chord(ENTER)): Keys 'ENTER + ' sent to object: 'Object Repository/Modulo Tarea Administracion Compensacion/Descargar Nomina Electronica/Page_SARA/input_Nomina Electronica_form_templatej_idt24_input'

2021-12-01 12:16:44 - [MESSAGE][PASSED] - Keys 'ENTER + ' sent to object: 'Object Repository/Modulo Tarea Administracion Compensacion/Descargar Nomina Electronica/Page_SARA/input_Nomina Electronica_form_templatej_idt24_input'

2021-12-01 12:16:44 - [TEST_STEP][PASSED] - click(findTestObject("Modulo Tarea Administracion Compensacion/Descargar Nomina Electronica/td_Con inconsistencia")): Object: 'Object Repository/Modulo Tarea Administracion Compensacion/Descargar Nomina Electronica/td_Con inconsistencia' is clicked on

2021-12-01 12:16:45 - [MESSAGE][PASSED] - Object: 'Object Repository/Modulo Tarea Administracion Compensacion/Descargar Nomina Electronica/td_Con inconsistencia' is clicked on

2021-12-01 12:16:45 - [TEST_STEP][PASSED] - if (waitForElementClickable(findTestObject("Modulo Tarea Administracion Compensacion/Descargar Nomina Electronica/Page_SARA/span_Mendoza 2727 Empleado"), 1)): Web element with id: 'Object Repository/Modulo Tarea Administracion Compensacion/Descargar Nomina Electronica/Page_SARA/span_Mendoza 2727 Empleado' located by '//*/text()[normalize-space(.)='Mendoza 2727 Empleado']/parent::*' not found

2021-12-01 12:16:47 - [MESSAGE][INFO] - Unable to find the element located by 'By.xpath: //*/text()[normalize-space(.)='Mendoza 2727 Empleado']/parent::*'. Please recheck the objects properties to make sure the desired element is located. 

2021-12-01 12:16:47 - [MESSAGE][WARNING] - Web element with id: 'Object Repository/Modulo Tarea Administracion Compensacion/Descargar Nomina Electronica/Page_SARA/span_Mendoza 2727 Empleado' located by '//*/text()[normalize-space(.)='Mendoza 2727 Empleado']/parent::*' not found

2021-12-01 12:16:47 - [TEST_STEP][PASSED] - else: Delayed 2 second(s)

2021-12-01 12:16:47 - [TEST_STEP][PASSED] - click(findTestObject("Modulo Tarea Administracion Compensacion/Descargar Nomina Electronica/a_Generar_principal")): Object: 'Object Repository/Modulo Tarea Administracion Compensacion/Descargar Nomina Electronica/a_Generar_principal' is clicked on

2021-12-01 12:16:48 - [MESSAGE][PASSED] - Object: 'Object Repository/Modulo Tarea Administracion Compensacion/Descargar Nomina Electronica/a_Generar_principal' is clicked on

2021-12-01 12:16:48 - [TEST_STEP][PASSED] - click(findTestObject("Modulo Tarea Administracion Compensacion/Descargar Nomina Electronica/a_Generar_secundario")): Object: 'Object Repository/Modulo Tarea Administracion Compensacion/Descargar Nomina Electronica/a_Generar_secundario' is clicked on

2021-12-01 12:16:48 - [MESSAGE][PASSED] - Object: 'Object Repository/Modulo Tarea Administracion Compensacion/Descargar Nomina Electronica/a_Generar_secundario' is clicked on

2021-12-01 12:16:48 - [TEST_STEP][PASSED] - setText(findTestObject("Modulo Tarea Administracion Compensacion/Descargar Nomina Electronica/input_Estado_j_idt90j_idt119"), "Mendoza 2727 Empleado"): Text 'Mendoza 2727 Empleado' is set on object 'Object Repository/Modulo Tarea Administracion Compensacion/Descargar Nomina Electronica/input_Estado_j_idt90j_idt119'

2021-12-01 12:17:04 - [MESSAGE][PASSED] - Text 'Mendoza 2727 Empleado' is set on object 'Object Repository/Modulo Tarea Administracion Compensacion/Descargar Nomina Electronica/input_Estado_j_idt90j_idt119'

2021-12-01 12:17:04 - [TEST_STEP][PASSED] - sendKeys(findTestObject("Modulo Tarea Administracion Compensacion/Descargar Nomina Electronica/input_Estado_j_idt90j_idt119"), Keys.chord(ENTER)): Keys 'ENTER + ' sent to object: 'Object Repository/Modulo Tarea Administracion Compensacion/Descargar Nomina Electronica/input_Estado_j_idt90j_idt119'

2021-12-01 12:17:04 - [MESSAGE][PASSED] - Keys 'ENTER + ' sent to object: 'Object Repository/Modulo Tarea Administracion Compensacion/Descargar Nomina Electronica/input_Estado_j_idt90j_idt119'

2021-12-01 12:17:04 - [TEST_STEP][PASSED] - waitForElementClickable(findTestObject("Modulo Tarea Administracion Compensacion/Descargar Nomina Electronica/Page_SARA/span_Mendoza 2727 Empleado"), 0): Object 'Object Repository/Modulo Tarea Administracion Compensacion/Descargar Nomina Electronica/Page_SARA/span_Mendoza 2727 Empleado' is clickable

2021-12-01 12:17:04 - [MESSAGE][WARNING] - Timeout '0' is invalid. Using default page load timeout: '30'

2021-12-01 12:17:05 - [MESSAGE][PASSED] - Object 'Object Repository/Modulo Tarea Administracion Compensacion/Descargar Nomina Electronica/Page_SARA/span_Mendoza 2727 Empleado' is clickable

2021-12-01 12:17:05 - [TEST_STEP][PASSED] - click(findTestObject("Modulo Tarea Administracion Compensacion/Descargar Nomina Electronica/Page_SARA/span_Mendoza 2727 Empleado")): Object: 'Object Repository/Modulo Tarea Administracion Compensacion/Descargar Nomina Electronica/Page_SARA/span_Mendoza 2727 Empleado' is clicked on

2021-12-01 12:17:06 - [MESSAGE][PASSED] - Object: 'Object Repository/Modulo Tarea Administracion Compensacion/Descargar Nomina Electronica/Page_SARA/span_Mendoza 2727 Empleado' is clicked on

2021-12-01 12:17:06 - [TEST_STEP][PASSED] - click(findTestObject("Modulo Tarea Administracion Compensacion/Descargar Nomina Electronica/Page_SARA/a_Descargar1")): Object: 'Object Repository/Modulo Tarea Administracion Compensacion/Descargar Nomina Electronica/Page_SARA/a_Descargar1' is clicked on

2021-12-01 12:17:06 - [MESSAGE][PASSED] - Object: 'Object Repository/Modulo Tarea Administracion Compensacion/Descargar Nomina Electronica/Page_SARA/a_Descargar1' is clicked on

2021-12-01 12:17:06 - [TEST_STEP][PASSED] - waitForElementClickable(findTestObject("Modulo Tarea Administracion Compensacion/Descargar Nomina Electronica/Page_SARA/span_Si"), 0): Object 'Object Repository/Modulo Tarea Administracion Compensacion/Descargar Nomina Electronica/Page_SARA/span_Si' is clickable

2021-12-01 12:17:06 - [MESSAGE][WARNING] - Timeout '0' is invalid. Using default page load timeout: '30'

2021-12-01 12:17:07 - [MESSAGE][PASSED] - Object 'Object Repository/Modulo Tarea Administracion Compensacion/Descargar Nomina Electronica/Page_SARA/span_Si' is clickable

2021-12-01 12:17:07 - [TEST_STEP][PASSED] - click(findTestObject("Modulo Tarea Administracion Compensacion/Descargar Nomina Electronica/Page_SARA/span_Si")): Object: 'Object Repository/Modulo Tarea Administracion Compensacion/Descargar Nomina Electronica/Page_SARA/span_Si' is clicked on

2021-12-01 12:17:08 - [MESSAGE][PASSED] - Object: 'Object Repository/Modulo Tarea Administracion Compensacion/Descargar Nomina Electronica/Page_SARA/span_Si' is clicked on

2021-12-01 12:17:08 - [TEST_STEP][PASSED] - waitForElementClickable(findTestObject("Modulo Tarea Administracion Compensacion/Descargar Nomina Electronica/Page_SARA/a_Descargar2"), 0): Object 'Object Repository/Modulo Tarea Administracion Compensacion/Descargar Nomina Electronica/Page_SARA/a_Descargar2' is clickable

2021-12-01 12:17:08 - [MESSAGE][WARNING] - Timeout '0' is invalid. Using default page load timeout: '30'

2021-12-01 12:17:11 - [MESSAGE][PASSED] - Object 'Object Repository/Modulo Tarea Administracion Compensacion/Descargar Nomina Electronica/Page_SARA/a_Descargar2' is clickable

2021-12-01 12:17:11 - [TEST_STEP][PASSED] - click(findTestObject("Modulo Tarea Administracion Compensacion/Descargar Nomina Electronica/Page_SARA/a_Descargar2")): Object: 'Object Repository/Modulo Tarea Administracion Compensacion/Descargar Nomina Electronica/Page_SARA/a_Descargar2' is clicked on

2021-12-01 12:17:12 - [MESSAGE][PASSED] - Object: 'Object Repository/Modulo Tarea Administracion Compensacion/Descargar Nomina Electronica/Page_SARA/a_Descargar2' is clicked on

2021-12-01 12:17:12 - [TEST_STEP][PASSED] - delay(2): Delayed 2 second(s)

2021-12-01 12:17:14 - [MESSAGE][PASSED] - Delayed 2 second(s)

2021-12-01 12:17:14 - [TEST_STEP][PASSED] - closeBrowser(): Browser is closed

2021-12-01 12:17:14 - [MESSAGE][PASSED] - Browser is closed]]></system-out>
         <system-err><![CDATA[]]></system-err>
      </testcase>
      <testcase name="Test Cases/1.1-Tareas Principales/1.5.8 Reversar Nomina Electronica" time="13.739" classname="Test Cases/1.1-Tareas Principales/1.5.8 Reversar Nomina Electronica" status="PASSED">
         <system-out><![CDATA[2021-12-01 12:17:14 - [TEST_CASE][PASSED] - Test Cases/1.1-Tareas Principales/1.5.8 Reversar Nomina Electronica: Test Cases/1.1-Tareas Principales/1.5.8 Reversar Nomina Electronica

2021-12-01 12:17:15 - [TEST_STEP][PASSED] - callTestCase(findTestCase("0.1-Login"), [:], STOP_ON_FAILURE): Call Test Case 'Test Cases/0.1-Login' successfully

2021-12-01 12:17:15 - [TEST_CASE][PASSED] - Test Cases/0.1-Login: Test Cases/0.1-Login

2021-12-01 12:17:15 - [TEST_STEP][PASSED] - openBrowser(""): Browser is opened with url: ''

2021-12-01 12:17:15 - [MESSAGE][INFO] - Starting 'Chrome' driver

2021-12-01 12:17:15 - [MESSAGE][INFO] - Action delay is set to 0 milliseconds

2021-12-01 12:17:16 - [MESSAGE][PASSED] - Browser is opened with url: ''

2021-12-01 12:17:16 - [TEST_STEP][PASSED] - maximizeWindow(): Current window maximized

2021-12-01 12:17:16 - [MESSAGE][PASSED] - Current window maximized

2021-12-01 12:17:16 - [TEST_STEP][PASSED] - i = G_Login: null

2021-12-01 12:17:16 - [TEST_STEP][PASSED] - url = new java.net.URL(i): null

2021-12-01 12:17:16 - [TEST_STEP][PASSED] - println("URL: " + url.toString()): null

2021-12-01 12:17:16 - [TEST_STEP][PASSED] - connection = url.openConnection(): null

2021-12-01 12:17:16 - [TEST_STEP][PASSED] - connection.setRequestMethod("GET"): null

2021-12-01 12:17:16 - [TEST_STEP][PASSED] - connection.setReadTimeout(2 * 1000): null

2021-12-01 12:17:16 - [TEST_STEP][PASSED] - try: null

2021-12-01 12:17:16 - [TEST_STEP][PASSED] - connection.connect(): null

2021-12-01 12:17:16 - [TEST_STEP][PASSED] - flag = connected: null

2021-12-01 12:17:16 - [TEST_STEP][PASSED] - println("Valor_ori: " + flag): null

2021-12-01 12:17:16 - [TEST_STEP][PASSED] - if (flag): null

2021-12-01 12:17:16 - [TEST_STEP][PASSED] - navigateToUrl(i): Navigate to 'http://localhost:8380/saraweb/' successfully

2021-12-01 12:17:17 - [MESSAGE][PASSED] - Navigate to 'http://localhost:8380/saraweb/' successfully

2021-12-01 12:17:17 - [TEST_STEP][PASSED] - a(): null

2021-12-01 12:17:17 - [TEST_STEP][PASSED] - setText(findTestObject("Login/input_USUARIO_loginusuario"), G_Usuario): Text 'saraadmin' is set on object 'Object Repository/Login/input_USUARIO_loginusuario'

2021-12-01 12:17:18 - [MESSAGE][PASSED] - Text 'saraadmin' is set on object 'Object Repository/Login/input_USUARIO_loginusuario'

2021-12-01 12:17:18 - [TEST_STEP][PASSED] - setEncryptedText(findTestObject("Login/input_CLAVE_loginpassword"), "MkG4/TYiCFC3cb2driP7+Q=="): Text ****** has been set on object 'Object Repository/Login/input_CLAVE_loginpassword'

2021-12-01 12:17:19 - [MESSAGE][PASSED] - Text ****** has been set on object 'Object Repository/Login/input_CLAVE_loginpassword'

2021-12-01 12:17:19 - [TEST_STEP][PASSED] - waitForElementClickable(findTestObject("Login/a_Ingresar"), G_TimeOut): Object 'Object Repository/Login/a_Ingresar' is clickable

2021-12-01 12:17:19 - [MESSAGE][PASSED] - Object 'Object Repository/Login/a_Ingresar' is clickable

2021-12-01 12:17:19 - [TEST_STEP][PASSED] - click(findTestObject("Login/a_Ingresar")): Object: 'Object Repository/Login/a_Ingresar' is clicked on

2021-12-01 12:17:20 - [MESSAGE][PASSED] - Object: 'Object Repository/Login/a_Ingresar' is clicked on

2021-12-01 12:17:20 - [TEST_STEP][PASSED] - element = findWebElement(findTestObject("Login/a_Ir"), 30): null

2021-12-01 12:17:21 - [TEST_STEP][PASSED] - executeJavaScript("arguments[0].click()", Arrays.asList(element)): Execute JavaScript 'arguments[0].click()' successfully

2021-12-01 12:17:21 - [MESSAGE][PASSED] - Execute JavaScript 'arguments[0].click()' successfully

2021-12-01 12:17:21 - [MESSAGE][PASSED] - Call Test Case 'Test Cases/0.1-Login' successfully

2021-12-01 12:17:21 - [TEST_STEP][PASSED] - waitForElementClickable(findTestObject("Modulo Tarea Administracion Compensacion/Reversar Nomina Electronica/Page_SARA/input_Nomina Electronica_form_templatej_idt24_input"), 0): Object 'Object Repository/Modulo Tarea Administracion Compensacion/Reversar Nomina Electronica/Page_SARA/input_Nomina Electronica_form_templatej_idt24_input' is clickable

2021-12-01 12:17:21 - [MESSAGE][WARNING] - Timeout '0' is invalid. Using default page load timeout: '30'

2021-12-01 12:17:22 - [MESSAGE][PASSED] - Object 'Object Repository/Modulo Tarea Administracion Compensacion/Reversar Nomina Electronica/Page_SARA/input_Nomina Electronica_form_templatej_idt24_input' is clickable

2021-12-01 12:17:22 - [TEST_STEP][PASSED] - setText(findTestObject("Modulo Tarea Administracion Compensacion/Reversar Nomina Electronica/Page_SARA/input_Nomina Electronica_form_templatej_idt24_input"), "Nomina Electronica"): Text 'Nomina Electronica' is set on object 'Object Repository/Modulo Tarea Administracion Compensacion/Reversar Nomina Electronica/Page_SARA/input_Nomina Electronica_form_templatej_idt24_input'

2021-12-01 12:17:22 - [MESSAGE][PASSED] - Text 'Nomina Electronica' is set on object 'Object Repository/Modulo Tarea Administracion Compensacion/Reversar Nomina Electronica/Page_SARA/input_Nomina Electronica_form_templatej_idt24_input'

2021-12-01 12:17:23 - [TEST_STEP][PASSED] - waitForElementClickable(findTestObject("Modulo Tarea Administracion Compensacion/Reversar Nomina Electronica/Page_SARA/span_Nomina Electronica"), 0): Object 'Object Repository/Modulo Tarea Administracion Compensacion/Reversar Nomina Electronica/Page_SARA/span_Nomina Electronica' is clickable

2021-12-01 12:17:23 - [MESSAGE][WARNING] - Timeout '0' is invalid. Using default page load timeout: '30'

2021-12-01 12:17:24 - [MESSAGE][PASSED] - Object 'Object Repository/Modulo Tarea Administracion Compensacion/Reversar Nomina Electronica/Page_SARA/span_Nomina Electronica' is clickable

2021-12-01 12:17:24 - [TEST_STEP][PASSED] - sendKeys(findTestObject("Modulo Tarea Administracion Compensacion/Reversar Nomina Electronica/Page_SARA/input_Nomina Electronica_form_templatej_idt24_input"), Keys.chord(ENTER)): Keys 'ENTER + ' sent to object: 'Object Repository/Modulo Tarea Administracion Compensacion/Reversar Nomina Electronica/Page_SARA/input_Nomina Electronica_form_templatej_idt24_input'

2021-12-01 12:17:24 - [MESSAGE][PASSED] - Keys 'ENTER + ' sent to object: 'Object Repository/Modulo Tarea Administracion Compensacion/Reversar Nomina Electronica/Page_SARA/input_Nomina Electronica_form_templatej_idt24_input'

2021-12-01 12:17:24 - [TEST_STEP][PASSED] - waitForElementClickable(findTestObject("Modulo Tarea Administracion Compensacion/Reversar Nomina Electronica/Page_SARA/td_2021-07-01"), 0): Object 'Object Repository/Modulo Tarea Administracion Compensacion/Reversar Nomina Electronica/Page_SARA/td_2021-07-01' is clickable

2021-12-01 12:17:24 - [MESSAGE][WARNING] - Timeout '0' is invalid. Using default page load timeout: '30'

2021-12-01 12:17:25 - [MESSAGE][PASSED] - Object 'Object Repository/Modulo Tarea Administracion Compensacion/Reversar Nomina Electronica/Page_SARA/td_2021-07-01' is clickable

2021-12-01 12:17:25 - [TEST_STEP][PASSED] - click(findTestObject("Modulo Tarea Administracion Compensacion/Reversar Nomina Electronica/Page_SARA/td_2021-07-01")): Object: 'Object Repository/Modulo Tarea Administracion Compensacion/Reversar Nomina Electronica/Page_SARA/td_2021-07-01' is clicked on

2021-12-01 12:17:26 - [MESSAGE][PASSED] - Object: 'Object Repository/Modulo Tarea Administracion Compensacion/Reversar Nomina Electronica/Page_SARA/td_2021-07-01' is clicked on

2021-12-01 12:17:26 - [TEST_STEP][PASSED] - click(findTestObject("Modulo Tarea Administracion Compensacion/Reversar Nomina Electronica/Page_SARA/a_reversar")): Object: 'Object Repository/Modulo Tarea Administracion Compensacion/Reversar Nomina Electronica/Page_SARA/a_reversar' is clicked on

2021-12-01 12:17:27 - [MESSAGE][PASSED] - Object: 'Object Repository/Modulo Tarea Administracion Compensacion/Reversar Nomina Electronica/Page_SARA/a_reversar' is clicked on

2021-12-01 12:17:27 - [TEST_STEP][PASSED] - click(findTestObject("Modulo Tarea Administracion Compensacion/Reversar Nomina Electronica/Page_SARA/span_Si")): Object: 'Object Repository/Modulo Tarea Administracion Compensacion/Reversar Nomina Electronica/Page_SARA/span_Si' is clicked on

2021-12-01 12:17:27 - [MESSAGE][PASSED] - Object: 'Object Repository/Modulo Tarea Administracion Compensacion/Reversar Nomina Electronica/Page_SARA/span_Si' is clicked on

2021-12-01 12:17:27 - [TEST_STEP][PASSED] - closeBrowser(): Browser is closed

2021-12-01 12:17:28 - [MESSAGE][PASSED] - Browser is closed]]></system-out>
         <system-err><![CDATA[]]></system-err>
      </testcase>
      <testcase name="Test Cases/1.1-Tareas Principales/1.5.9 Crear Viáticos" time="82.558" classname="Test Cases/1.1-Tareas Principales/1.5.9 Crear Viáticos" status="PASSED">
         <system-out><![CDATA[2021-12-01 12:17:28 - [TEST_CASE][PASSED] - Test Cases/1.1-Tareas Principales/1.5.9 Crear Viáticos: Test Cases/1.1-Tareas Principales/1.5.9 Crear Viáticos

2021-12-01 12:17:29 - [TEST_STEP][PASSED] - callTestCase(findTestCase("0.1-Login"), [:], STOP_ON_FAILURE): Call Test Case 'Test Cases/0.1-Login' successfully

2021-12-01 12:17:29 - [TEST_CASE][PASSED] - Test Cases/0.1-Login: Test Cases/0.1-Login

2021-12-01 12:17:29 - [TEST_STEP][PASSED] - openBrowser(""): Browser is opened with url: ''

2021-12-01 12:17:29 - [MESSAGE][INFO] - Starting 'Chrome' driver

2021-12-01 12:17:29 - [MESSAGE][INFO] - Action delay is set to 0 milliseconds

2021-12-01 12:17:30 - [MESSAGE][PASSED] - Browser is opened with url: ''

2021-12-01 12:17:30 - [TEST_STEP][PASSED] - maximizeWindow(): Current window maximized

2021-12-01 12:17:30 - [MESSAGE][PASSED] - Current window maximized

2021-12-01 12:17:30 - [TEST_STEP][PASSED] - i = G_Login: null

2021-12-01 12:17:30 - [TEST_STEP][PASSED] - url = new java.net.URL(i): null

2021-12-01 12:17:30 - [TEST_STEP][PASSED] - println("URL: " + url.toString()): null

2021-12-01 12:17:30 - [TEST_STEP][PASSED] - connection = url.openConnection(): null

2021-12-01 12:17:30 - [TEST_STEP][PASSED] - connection.setRequestMethod("GET"): null

2021-12-01 12:17:30 - [TEST_STEP][PASSED] - connection.setReadTimeout(2 * 1000): null

2021-12-01 12:17:30 - [TEST_STEP][PASSED] - try: null

2021-12-01 12:17:30 - [TEST_STEP][PASSED] - connection.connect(): null

2021-12-01 12:17:30 - [TEST_STEP][PASSED] - flag = connected: null

2021-12-01 12:17:30 - [TEST_STEP][PASSED] - println("Valor_ori: " + flag): null

2021-12-01 12:17:30 - [TEST_STEP][PASSED] - if (flag): null

2021-12-01 12:17:30 - [TEST_STEP][PASSED] - navigateToUrl(i): Navigate to 'http://localhost:8380/saraweb/' successfully

2021-12-01 12:17:32 - [MESSAGE][PASSED] - Navigate to 'http://localhost:8380/saraweb/' successfully

2021-12-01 12:17:32 - [TEST_STEP][PASSED] - a(): null

2021-12-01 12:17:32 - [TEST_STEP][PASSED] - setText(findTestObject("Login/input_USUARIO_loginusuario"), G_Usuario): Text 'saraadmin' is set on object 'Object Repository/Login/input_USUARIO_loginusuario'

2021-12-01 12:17:33 - [MESSAGE][PASSED] - Text 'saraadmin' is set on object 'Object Repository/Login/input_USUARIO_loginusuario'

2021-12-01 12:17:33 - [TEST_STEP][PASSED] - setEncryptedText(findTestObject("Login/input_CLAVE_loginpassword"), "MkG4/TYiCFC3cb2driP7+Q=="): Text ****** has been set on object 'Object Repository/Login/input_CLAVE_loginpassword'

2021-12-01 12:17:33 - [MESSAGE][PASSED] - Text ****** has been set on object 'Object Repository/Login/input_CLAVE_loginpassword'

2021-12-01 12:17:33 - [TEST_STEP][PASSED] - waitForElementClickable(findTestObject("Login/a_Ingresar"), G_TimeOut): Object 'Object Repository/Login/a_Ingresar' is clickable

2021-12-01 12:17:34 - [MESSAGE][PASSED] - Object 'Object Repository/Login/a_Ingresar' is clickable

2021-12-01 12:17:34 - [TEST_STEP][PASSED] - click(findTestObject("Login/a_Ingresar")): Object: 'Object Repository/Login/a_Ingresar' is clicked on

2021-12-01 12:17:37 - [MESSAGE][PASSED] - Object: 'Object Repository/Login/a_Ingresar' is clicked on

2021-12-01 12:17:37 - [TEST_STEP][PASSED] - element = findWebElement(findTestObject("Login/a_Ir"), 30): null

2021-12-01 12:17:38 - [TEST_STEP][PASSED] - executeJavaScript("arguments[0].click()", Arrays.asList(element)): Execute JavaScript 'arguments[0].click()' successfully

2021-12-01 12:17:38 - [MESSAGE][PASSED] - Execute JavaScript 'arguments[0].click()' successfully

2021-12-01 12:17:38 - [MESSAGE][PASSED] - Call Test Case 'Test Cases/0.1-Login' successfully

2021-12-01 12:17:38 - [TEST_STEP][PASSED] - waitForElementClickable(findTestObject("Modulo Actos Administrativos/Modulo Viáticos/Crear viatico/Page_SARA/input_ADMINISTRADOR DEL SISTEMA - SARA_form_templatej_idt24_input"), 0): Object 'Object Repository/Modulo Actos Administrativos/Modulo Viáticos/Crear viatico/Page_SARA/input_ADMINISTRADOR DEL SISTEMA - SARA_form_templatej_idt24_input' is clickable

2021-12-01 12:17:38 - [MESSAGE][WARNING] - Timeout '0' is invalid. Using default page load timeout: '30'

2021-12-01 12:17:39 - [MESSAGE][PASSED] - Object 'Object Repository/Modulo Actos Administrativos/Modulo Viáticos/Crear viatico/Page_SARA/input_ADMINISTRADOR DEL SISTEMA - SARA_form_templatej_idt24_input' is clickable

2021-12-01 12:17:39 - [TEST_STEP][PASSED] - setText(findTestObject("Modulo Actos Administrativos/Modulo Viáticos/Crear viatico/Page_SARA/input_ADMINISTRADOR DEL SISTEMA - SARA_form_templatej_idt24_input"), "listado de viaticos"): Text 'listado de viaticos' is set on object 'Object Repository/Modulo Actos Administrativos/Modulo Viáticos/Crear viatico/Page_SARA/input_ADMINISTRADOR DEL SISTEMA - SARA_form_templatej_idt24_input'

2021-12-01 12:17:39 - [MESSAGE][PASSED] - Text 'listado de viaticos' is set on object 'Object Repository/Modulo Actos Administrativos/Modulo Viáticos/Crear viatico/Page_SARA/input_ADMINISTRADOR DEL SISTEMA - SARA_form_templatej_idt24_input'

2021-12-01 12:17:39 - [TEST_STEP][PASSED] - waitForElementClickable(findTestObject("Modulo Actos Administrativos/Modulo Viáticos/Crear viatico/Page_SARA/li_Listado de Viaticos (act)"), 0): Object 'Object Repository/Modulo Actos Administrativos/Modulo Viáticos/Crear viatico/Page_SARA/li_Listado de Viaticos (act)' is clickable

2021-12-01 12:17:40 - [MESSAGE][WARNING] - Timeout '0' is invalid. Using default page load timeout: '30'

2021-12-01 12:17:41 - [MESSAGE][PASSED] - Object 'Object Repository/Modulo Actos Administrativos/Modulo Viáticos/Crear viatico/Page_SARA/li_Listado de Viaticos (act)' is clickable

2021-12-01 12:17:41 - [TEST_STEP][PASSED] - sendKeys(findTestObject("Modulo Actos Administrativos/Modulo Viáticos/Crear viatico/Page_SARA/input_ADMINISTRADOR DEL SISTEMA - SARA_form_templatej_idt24_input"), Keys.chord(ENTER)): Keys 'ENTER + ' sent to object: 'Object Repository/Modulo Actos Administrativos/Modulo Viáticos/Crear viatico/Page_SARA/input_ADMINISTRADOR DEL SISTEMA - SARA_form_templatej_idt24_input'

2021-12-01 12:17:41 - [MESSAGE][PASSED] - Keys 'ENTER + ' sent to object: 'Object Repository/Modulo Actos Administrativos/Modulo Viáticos/Crear viatico/Page_SARA/input_ADMINISTRADOR DEL SISTEMA - SARA_form_templatej_idt24_input'

2021-12-01 12:17:41 - [TEST_STEP][PASSED] - selectOptionByIndex(findTestObject("Modulo Actos Administrativos/Modulo Viáticos/Crear viatico/select_--Seleccione--Estado"), 2): All options with index in [2] are selected on object 'Object Repository/Modulo Actos Administrativos/Modulo Viáticos/Crear viatico/select_--Seleccione--Estado'

2021-12-01 12:17:43 - [MESSAGE][PASSED] - All options with index in [2] are selected on object 'Object Repository/Modulo Actos Administrativos/Modulo Viáticos/Crear viatico/select_--Seleccione--Estado'

2021-12-01 12:17:43 - [TEST_STEP][PASSED] - if (waitForElementClickable(findTestObject("Modulo Actos Administrativos/Modulo Viáticos/Crear viatico/span_01.07.2021"), 1)): Web element with id: 'Object Repository/Modulo Actos Administrativos/Modulo Viáticos/Crear viatico/span_01.07.2021' located by '//*/text()[normalize-space(.)='01/07/2021']/parent::*' not found

2021-12-01 12:17:45 - [MESSAGE][INFO] - Unable to find the element located by 'By.xpath: //*/text()[normalize-space(.)='01/07/2021']/parent::*'. Please recheck the objects properties to make sure the desired element is located. 

2021-12-01 12:17:45 - [MESSAGE][WARNING] - Web element with id: 'Object Repository/Modulo Actos Administrativos/Modulo Viáticos/Crear viatico/span_01.07.2021' located by '//*/text()[normalize-space(.)='01/07/2021']/parent::*' not found

2021-12-01 12:17:45 - [TEST_STEP][PASSED] - else: Text of object 'Object Repository/Alerta/Alerta' is: 'Se Ingreso anexo exitosamente'

2021-12-01 12:17:45 - [TEST_STEP][PASSED] - click(findTestObject("Modulo Actos Administrativos/Modulo Viáticos/Crear viatico/Page_SARA/a_Nuevo")): Object: 'Object Repository/Modulo Actos Administrativos/Modulo Viáticos/Crear viatico/Page_SARA/a_Nuevo' is clicked on

2021-12-01 12:17:46 - [MESSAGE][PASSED] - Object: 'Object Repository/Modulo Actos Administrativos/Modulo Viáticos/Crear viatico/Page_SARA/a_Nuevo' is clicked on

2021-12-01 12:17:46 - [TEST_STEP][PASSED] - waitForElementClickable(findTestObject("Modulo Actos Administrativos/Modulo Viáticos/Crear viatico/Page_SARA/span_Creacin de una solicitud de vitico"), 0): Object 'Object Repository/Modulo Actos Administrativos/Modulo Viáticos/Crear viatico/Page_SARA/span_Creacin de una solicitud de vitico' is clickable

2021-12-01 12:17:46 - [MESSAGE][WARNING] - Timeout '0' is invalid. Using default page load timeout: '30'

2021-12-01 12:17:47 - [MESSAGE][PASSED] - Object 'Object Repository/Modulo Actos Administrativos/Modulo Viáticos/Crear viatico/Page_SARA/span_Creacin de una solicitud de vitico' is clickable

2021-12-01 12:17:47 - [TEST_STEP][PASSED] - doubleClick(findTestObject("Modulo Actos Administrativos/Modulo Viáticos/Crear viatico/Page_SARA/span_Creacin de una solicitud de vitico")): Object: 'Object Repository/Modulo Actos Administrativos/Modulo Viáticos/Crear viatico/Page_SARA/span_Creacin de una solicitud de vitico' is double clicked on

2021-12-01 12:17:47 - [MESSAGE][PASSED] - Object: 'Object Repository/Modulo Actos Administrativos/Modulo Viáticos/Crear viatico/Page_SARA/span_Creacin de una solicitud de vitico' is double clicked on

2021-12-01 12:17:47 - [TEST_STEP][PASSED] - setText(findTestObject("Modulo Actos Administrativos/Modulo Viáticos/Crear viatico/Page_SARA/input_Fecha_form_detalleviaticosFechaNumero_input"), "01/07/2021"): Text '01/07/2021' is set on object 'Object Repository/Modulo Actos Administrativos/Modulo Viáticos/Crear viatico/Page_SARA/input_Fecha_form_detalleviaticosFechaNumero_input'

2021-12-01 12:17:49 - [MESSAGE][PASSED] - Text '01/07/2021' is set on object 'Object Repository/Modulo Actos Administrativos/Modulo Viáticos/Crear viatico/Page_SARA/input_Fecha_form_detalleviaticosFechaNumero_input'

2021-12-01 12:17:49 - [TEST_STEP][PASSED] - setText(findTestObject("Modulo Actos Administrativos/Modulo Viáticos/Crear viatico/Page_SARA/input_Nmero_form_detalleviaticosNumero"), "5"): Text '5' is set on object 'Object Repository/Modulo Actos Administrativos/Modulo Viáticos/Crear viatico/Page_SARA/input_Nmero_form_detalleviaticosNumero'

2021-12-01 12:17:50 - [MESSAGE][PASSED] - Text '5' is set on object 'Object Repository/Modulo Actos Administrativos/Modulo Viáticos/Crear viatico/Page_SARA/input_Nmero_form_detalleviaticosNumero'

2021-12-01 12:17:50 - [TEST_STEP][PASSED] - sendKeys(findTestObject("Modulo Actos Administrativos/Modulo Viáticos/Crear viatico/Page_SARA/input_Fecha_form_detalleviaticosFechaNumero_input"), Keys.chord(ESCAPE)): Keys 'ESCAPE + ' sent to object: 'Object Repository/Modulo Actos Administrativos/Modulo Viáticos/Crear viatico/Page_SARA/input_Fecha_form_detalleviaticosFechaNumero_input'

2021-12-01 12:17:50 - [MESSAGE][PASSED] - Keys 'ESCAPE + ' sent to object: 'Object Repository/Modulo Actos Administrativos/Modulo Viáticos/Crear viatico/Page_SARA/input_Fecha_form_detalleviaticosFechaNumero_input'

2021-12-01 12:17:50 - [TEST_STEP][PASSED] - selectOptionByIndex(findTestObject("Modulo Actos Administrativos/Modulo Viáticos/Crear viatico/Page_SARA/select_--- Seleccione Destino --Barranquilla"), "3"): All options with index in [3] are selected on object 'Object Repository/Modulo Actos Administrativos/Modulo Viáticos/Crear viatico/Page_SARA/select_--- Seleccione Destino --Barranquilla'

2021-12-01 12:17:51 - [MESSAGE][PASSED] - All options with index in [3] are selected on object 'Object Repository/Modulo Actos Administrativos/Modulo Viáticos/Crear viatico/Page_SARA/select_--- Seleccione Destino --Barranquilla'

2021-12-01 12:17:51 - [TEST_STEP][PASSED] - waitForElementClickable(findTestObject("Modulo Actos Administrativos/Modulo Viáticos/Crear viatico/Page_SARA/select_-- Seleccione Tipo Comisin --ADMINISTRATIVO"), 0): Object 'Object Repository/Modulo Actos Administrativos/Modulo Viáticos/Crear viatico/Page_SARA/select_-- Seleccione Tipo Comisin --ADMINISTRATIVO' is clickable

2021-12-01 12:17:52 - [MESSAGE][WARNING] - Timeout '0' is invalid. Using default page load timeout: '30'

2021-12-01 12:17:52 - [MESSAGE][PASSED] - Object 'Object Repository/Modulo Actos Administrativos/Modulo Viáticos/Crear viatico/Page_SARA/select_-- Seleccione Tipo Comisin --ADMINISTRATIVO' is clickable

2021-12-01 12:17:52 - [TEST_STEP][PASSED] - selectOptionByIndex(findTestObject("Modulo Actos Administrativos/Modulo Viáticos/Crear viatico/Page_SARA/select_-- Seleccione Tipo Comisin --ADMINISTRATIVO"), "1"): All options with index in [1] are selected on object 'Object Repository/Modulo Actos Administrativos/Modulo Viáticos/Crear viatico/Page_SARA/select_-- Seleccione Tipo Comisin --ADMINISTRATIVO'

2021-12-01 12:17:53 - [MESSAGE][PASSED] - All options with index in [1] are selected on object 'Object Repository/Modulo Actos Administrativos/Modulo Viáticos/Crear viatico/Page_SARA/select_-- Seleccione Tipo Comisin --ADMINISTRATIVO'

2021-12-01 12:17:53 - [TEST_STEP][PASSED] - waitForElementClickable(findTestObject("Modulo Actos Administrativos/Modulo Viáticos/Crear viatico/Page_SARA/select_-- Seleccione Tipo Comisin --ADMINISTRATIVO"), 0): Object 'Object Repository/Modulo Actos Administrativos/Modulo Viáticos/Crear viatico/Page_SARA/select_-- Seleccione Tipo Comisin --ADMINISTRATIVO' is clickable

2021-12-01 12:17:53 - [MESSAGE][WARNING] - Timeout '0' is invalid. Using default page load timeout: '30'

2021-12-01 12:17:53 - [MESSAGE][PASSED] - Object 'Object Repository/Modulo Actos Administrativos/Modulo Viáticos/Crear viatico/Page_SARA/select_-- Seleccione Tipo Comisin --ADMINISTRATIVO' is clickable

2021-12-01 12:17:53 - [TEST_STEP][PASSED] - selectOptionByIndex(findTestObject("Modulo Actos Administrativos/Modulo Viáticos/Crear viatico/Page_SARA/select_--- Seleccione Ambito --NACIONAL 1"), "3"): All options with index in [3] are selected on object 'Object Repository/Modulo Actos Administrativos/Modulo Viáticos/Crear viatico/Page_SARA/select_--- Seleccione Ambito --NACIONAL 1'

2021-12-01 12:17:54 - [MESSAGE][PASSED] - All options with index in [3] are selected on object 'Object Repository/Modulo Actos Administrativos/Modulo Viáticos/Crear viatico/Page_SARA/select_--- Seleccione Ambito --NACIONAL 1'

2021-12-01 12:17:54 - [TEST_STEP][PASSED] - click(findTestObject("Modulo Actos Administrativos/Modulo Viáticos/Crear viatico/Page_SARA/a_Rubro_form_detalleviaticosj_idt1295")): Object: 'Object Repository/Modulo Actos Administrativos/Modulo Viáticos/Crear viatico/Page_SARA/a_Rubro_form_detalleviaticosj_idt1295' is clicked on

2021-12-01 12:17:55 - [MESSAGE][PASSED] - Object: 'Object Repository/Modulo Actos Administrativos/Modulo Viáticos/Crear viatico/Page_SARA/a_Rubro_form_detalleviaticosj_idt1295' is clicked on

2021-12-01 12:17:55 - [TEST_STEP][PASSED] - waitForElementClickable(findTestObject("Modulo Actos Administrativos/Modulo Viáticos/Crear viatico/Page_SARA/td_Prueba Plan Inversin"), 0): Object 'Object Repository/Modulo Actos Administrativos/Modulo Viáticos/Crear viatico/Page_SARA/td_Prueba Plan Inversin' is clickable

2021-12-01 12:17:55 - [MESSAGE][WARNING] - Timeout '0' is invalid. Using default page load timeout: '30'

2021-12-01 12:17:57 - [MESSAGE][PASSED] - Object 'Object Repository/Modulo Actos Administrativos/Modulo Viáticos/Crear viatico/Page_SARA/td_Prueba Plan Inversin' is clickable

2021-12-01 12:17:57 - [TEST_STEP][PASSED] - click(findTestObject("Modulo Actos Administrativos/Modulo Viáticos/Crear viatico/Page_SARA/td_Prueba Plan Inversin")): Object: 'Object Repository/Modulo Actos Administrativos/Modulo Viáticos/Crear viatico/Page_SARA/td_Prueba Plan Inversin' is clicked on

2021-12-01 12:17:57 - [MESSAGE][PASSED] - Object: 'Object Repository/Modulo Actos Administrativos/Modulo Viáticos/Crear viatico/Page_SARA/td_Prueba Plan Inversin' is clicked on

2021-12-01 12:17:57 - [TEST_STEP][PASSED] - click(findTestObject("Modulo Actos Administrativos/Modulo Viáticos/Crear viatico/Page_SARA/a_Unidad Solicita_form_detalleviaticosj_idt1299")): Object: 'Object Repository/Modulo Actos Administrativos/Modulo Viáticos/Crear viatico/Page_SARA/a_Unidad Solicita_form_detalleviaticosj_idt1299' is clicked on

2021-12-01 12:17:58 - [MESSAGE][PASSED] - Object: 'Object Repository/Modulo Actos Administrativos/Modulo Viáticos/Crear viatico/Page_SARA/a_Unidad Solicita_form_detalleviaticosj_idt1299' is clicked on

2021-12-01 12:17:58 - [TEST_STEP][PASSED] - waitForElementClickable(findTestObject("Modulo Actos Administrativos/Modulo Viáticos/Crear viatico/Page_SARA/input_Unidad_form_detalleviaticosj_idt1487"), 0): Object 'Object Repository/Modulo Actos Administrativos/Modulo Viáticos/Crear viatico/Page_SARA/input_Unidad_form_detalleviaticosj_idt1487' is clickable

2021-12-01 12:17:58 - [MESSAGE][WARNING] - Timeout '0' is invalid. Using default page load timeout: '30'

2021-12-01 12:17:59 - [MESSAGE][PASSED] - Object 'Object Repository/Modulo Actos Administrativos/Modulo Viáticos/Crear viatico/Page_SARA/input_Unidad_form_detalleviaticosj_idt1487' is clickable

2021-12-01 12:17:59 - [TEST_STEP][PASSED] - setText(findTestObject("Modulo Actos Administrativos/Modulo Viáticos/Crear viatico/Page_SARA/input_Unidad_form_detalleviaticosj_idt1487"), "A1"): Text 'A1' is set on object 'Object Repository/Modulo Actos Administrativos/Modulo Viáticos/Crear viatico/Page_SARA/input_Unidad_form_detalleviaticosj_idt1487'

2021-12-01 12:18:00 - [MESSAGE][PASSED] - Text 'A1' is set on object 'Object Repository/Modulo Actos Administrativos/Modulo Viáticos/Crear viatico/Page_SARA/input_Unidad_form_detalleviaticosj_idt1487'

2021-12-01 12:18:00 - [TEST_STEP][PASSED] - sendKeys(findTestObject("Modulo Actos Administrativos/Modulo Viáticos/Crear viatico/Page_SARA/input_Unidad_form_detalleviaticosj_idt1487"), Keys.chord(ENTER)): Keys 'ENTER + ' sent to object: 'Object Repository/Modulo Actos Administrativos/Modulo Viáticos/Crear viatico/Page_SARA/input_Unidad_form_detalleviaticosj_idt1487'

2021-12-01 12:18:00 - [MESSAGE][PASSED] - Keys 'ENTER + ' sent to object: 'Object Repository/Modulo Actos Administrativos/Modulo Viáticos/Crear viatico/Page_SARA/input_Unidad_form_detalleviaticosj_idt1487'

2021-12-01 12:18:00 - [TEST_STEP][PASSED] - waitForElementClickable(findTestObject("Modulo Actos Administrativos/Modulo Viáticos/Crear viatico/Page_SARA/span_ADMINISTRACION"), 0): Object 'Object Repository/Modulo Actos Administrativos/Modulo Viáticos/Crear viatico/Page_SARA/span_ADMINISTRACION' is clickable

2021-12-01 12:18:00 - [MESSAGE][WARNING] - Timeout '0' is invalid. Using default page load timeout: '30'

2021-12-01 12:18:02 - [MESSAGE][PASSED] - Object 'Object Repository/Modulo Actos Administrativos/Modulo Viáticos/Crear viatico/Page_SARA/span_ADMINISTRACION' is clickable

2021-12-01 12:18:02 - [TEST_STEP][PASSED] - click(findTestObject("Modulo Actos Administrativos/Modulo Viáticos/Crear viatico/Page_SARA/span_ADMINISTRACION")): Object: 'Object Repository/Modulo Actos Administrativos/Modulo Viáticos/Crear viatico/Page_SARA/span_ADMINISTRACION' is clicked on

2021-12-01 12:18:02 - [MESSAGE][PASSED] - Object: 'Object Repository/Modulo Actos Administrativos/Modulo Viáticos/Crear viatico/Page_SARA/span_ADMINISTRACION' is clicked on

2021-12-01 12:18:02 - [TEST_STEP][PASSED] - waitForElementClickable(findTestObject("Modulo Actos Administrativos/Modulo Viáticos/Crear viatico/Page_SARA/a_Centro Costo_form_detalleviaticosj_idt1307"), 0): Object 'Object Repository/Modulo Actos Administrativos/Modulo Viáticos/Crear viatico/Page_SARA/a_Centro Costo_form_detalleviaticosj_idt1307' is clickable

2021-12-01 12:18:02 - [MESSAGE][WARNING] - Timeout '0' is invalid. Using default page load timeout: '30'

2021-12-01 12:18:03 - [MESSAGE][PASSED] - Object 'Object Repository/Modulo Actos Administrativos/Modulo Viáticos/Crear viatico/Page_SARA/a_Centro Costo_form_detalleviaticosj_idt1307' is clickable

2021-12-01 12:18:03 - [TEST_STEP][PASSED] - click(findTestObject("Modulo Actos Administrativos/Modulo Viáticos/Crear viatico/Page_SARA/a_Centro Costo_form_detalleviaticosj_idt1307")): Object: 'Object Repository/Modulo Actos Administrativos/Modulo Viáticos/Crear viatico/Page_SARA/a_Centro Costo_form_detalleviaticosj_idt1307' is clicked on

2021-12-01 12:18:03 - [MESSAGE][PASSED] - Object: 'Object Repository/Modulo Actos Administrativos/Modulo Viáticos/Crear viatico/Page_SARA/a_Centro Costo_form_detalleviaticosj_idt1307' is clicked on

2021-12-01 12:18:03 - [TEST_STEP][PASSED] - waitForElementClickable(findTestObject("Modulo Actos Administrativos/Modulo Viáticos/Crear viatico/Page_SARA/span_Centro Costo de Prueba"), 0): Object 'Object Repository/Modulo Actos Administrativos/Modulo Viáticos/Crear viatico/Page_SARA/span_Centro Costo de Prueba' is clickable

2021-12-01 12:18:03 - [MESSAGE][WARNING] - Timeout '0' is invalid. Using default page load timeout: '30'

2021-12-01 12:18:04 - [MESSAGE][PASSED] - Object 'Object Repository/Modulo Actos Administrativos/Modulo Viáticos/Crear viatico/Page_SARA/span_Centro Costo de Prueba' is clickable

2021-12-01 12:18:04 - [TEST_STEP][PASSED] - click(findTestObject("Modulo Actos Administrativos/Modulo Viáticos/Crear viatico/Page_SARA/span_Centro Costo de Prueba")): Object: 'Object Repository/Modulo Actos Administrativos/Modulo Viáticos/Crear viatico/Page_SARA/span_Centro Costo de Prueba' is clicked on

2021-12-01 12:18:04 - [MESSAGE][PASSED] - Object: 'Object Repository/Modulo Actos Administrativos/Modulo Viáticos/Crear viatico/Page_SARA/span_Centro Costo de Prueba' is clicked on

2021-12-01 12:18:04 - [TEST_STEP][PASSED] - waitForElementClickable(findTestObject("Modulo Actos Administrativos/Modulo Viáticos/Crear viatico/Page_SARA/textarea_Objeto_form_detalleviaticosObjeto"), 0): Object 'Object Repository/Modulo Actos Administrativos/Modulo Viáticos/Crear viatico/Page_SARA/textarea_Objeto_form_detalleviaticosObjeto' is clickable

2021-12-01 12:18:04 - [MESSAGE][WARNING] - Timeout '0' is invalid. Using default page load timeout: '30'

2021-12-01 12:18:05 - [MESSAGE][PASSED] - Object 'Object Repository/Modulo Actos Administrativos/Modulo Viáticos/Crear viatico/Page_SARA/textarea_Objeto_form_detalleviaticosObjeto' is clickable

2021-12-01 12:18:05 - [TEST_STEP][PASSED] - setText(findTestObject("Modulo Actos Administrativos/Modulo Viáticos/Crear viatico/Page_SARA/textarea_Objeto_form_detalleviaticosObjeto"), "prueba"): Text 'prueba' is set on object 'Object Repository/Modulo Actos Administrativos/Modulo Viáticos/Crear viatico/Page_SARA/textarea_Objeto_form_detalleviaticosObjeto'

2021-12-01 12:18:06 - [MESSAGE][PASSED] - Text 'prueba' is set on object 'Object Repository/Modulo Actos Administrativos/Modulo Viáticos/Crear viatico/Page_SARA/textarea_Objeto_form_detalleviaticosObjeto'

2021-12-01 12:18:06 - [TEST_STEP][PASSED] - selectAllOption(findTestObject("Modulo Actos Administrativos/Modulo Viáticos/Crear viatico/Page_SARA/select_-- Seleccione --BUITRAGO BUITRAGO ANDREA")): All options are selected on object 'Object Repository/Modulo Actos Administrativos/Modulo Viáticos/Crear viatico/Page_SARA/select_-- Seleccione --BUITRAGO BUITRAGO ANDREA'

2021-12-01 12:18:08 - [MESSAGE][PASSED] - All options are selected on object 'Object Repository/Modulo Actos Administrativos/Modulo Viáticos/Crear viatico/Page_SARA/select_-- Seleccione --BUITRAGO BUITRAGO ANDREA'

2021-12-01 12:18:08 - [TEST_STEP][PASSED] - selectAllOption(findTestObject("Modulo Actos Administrativos/Modulo Viáticos/Crear viatico/Page_SARA/select_-- Seleccione --COQUINTERO 5 EMPLEADO")): All options are selected on object 'Object Repository/Modulo Actos Administrativos/Modulo Viáticos/Crear viatico/Page_SARA/select_-- Seleccione --COQUINTERO 5 EMPLEADO'

2021-12-01 12:18:10 - [MESSAGE][PASSED] - All options are selected on object 'Object Repository/Modulo Actos Administrativos/Modulo Viáticos/Crear viatico/Page_SARA/select_-- Seleccione --COQUINTERO 5 EMPLEADO'

2021-12-01 12:18:10 - [TEST_STEP][PASSED] - setText(findTestObject("Modulo Actos Administrativos/Modulo Viáticos/Crear viatico/Page_SARA/textarea_Observacin_form_detalleviaticosObservacion"), "prueba"): Text 'prueba' is set on object 'Object Repository/Modulo Actos Administrativos/Modulo Viáticos/Crear viatico/Page_SARA/textarea_Observacin_form_detalleviaticosObservacion'

2021-12-01 12:18:11 - [MESSAGE][PASSED] - Text 'prueba' is set on object 'Object Repository/Modulo Actos Administrativos/Modulo Viáticos/Crear viatico/Page_SARA/textarea_Observacin_form_detalleviaticosObservacion'

2021-12-01 12:18:11 - [TEST_STEP][PASSED] - click(findTestObject("Modulo Actos Administrativos/Modulo Viáticos/Crear viatico/Page_SARA/a_Guardar")): Object: 'Object Repository/Modulo Actos Administrativos/Modulo Viáticos/Crear viatico/Page_SARA/a_Guardar' is clicked on

2021-12-01 12:18:11 - [MESSAGE][PASSED] - Object: 'Object Repository/Modulo Actos Administrativos/Modulo Viáticos/Crear viatico/Page_SARA/a_Guardar' is clicked on

2021-12-01 12:18:11 - [TEST_STEP][PASSED] - waitForElementClickable(findTestObject("Modulo Actos Administrativos/Modulo Viáticos/Crear viatico/Page_SARA/a_Programacin"), 0): Object 'Object Repository/Modulo Actos Administrativos/Modulo Viáticos/Crear viatico/Page_SARA/a_Programacin' is clickable

2021-12-01 12:18:11 - [MESSAGE][WARNING] - Timeout '0' is invalid. Using default page load timeout: '30'

2021-12-01 12:18:13 - [MESSAGE][PASSED] - Object 'Object Repository/Modulo Actos Administrativos/Modulo Viáticos/Crear viatico/Page_SARA/a_Programacin' is clickable

2021-12-01 12:18:13 - [TEST_STEP][PASSED] - click(findTestObject("Modulo Actos Administrativos/Modulo Viáticos/Crear viatico/Page_SARA/a_Programacin")): Object: 'Object Repository/Modulo Actos Administrativos/Modulo Viáticos/Crear viatico/Page_SARA/a_Programacin' is clicked on

2021-12-01 12:18:14 - [MESSAGE][PASSED] - Object: 'Object Repository/Modulo Actos Administrativos/Modulo Viáticos/Crear viatico/Page_SARA/a_Programacin' is clicked on

2021-12-01 12:18:14 - [TEST_STEP][PASSED] - waitForElementNotHasAttribute(findTestObject("Modulo Actos Administrativos/Modulo Viáticos/Crear viatico/Page_SARA/a_Nuevo2"), "", 0): Object 'Object Repository/Modulo Actos Administrativos/Modulo Viáticos/Crear viatico/Page_SARA/a_Nuevo2' does not have attribute ''

2021-12-01 12:18:14 - [MESSAGE][WARNING] - Timeout '0' is invalid. Using default page load timeout: '30'

2021-12-01 12:18:15 - [MESSAGE][PASSED] - Object 'Object Repository/Modulo Actos Administrativos/Modulo Viáticos/Crear viatico/Page_SARA/a_Nuevo2' does not have attribute ''

2021-12-01 12:18:15 - [TEST_STEP][PASSED] - click(findTestObject("Modulo Actos Administrativos/Modulo Viáticos/Crear viatico/Page_SARA/a_Nuevo2")): Object: 'Object Repository/Modulo Actos Administrativos/Modulo Viáticos/Crear viatico/Page_SARA/a_Nuevo2' is clicked on

2021-12-01 12:18:15 - [MESSAGE][PASSED] - Object: 'Object Repository/Modulo Actos Administrativos/Modulo Viáticos/Crear viatico/Page_SARA/a_Nuevo2' is clicked on

2021-12-01 12:18:15 - [TEST_STEP][PASSED] - waitForElementClickable(findTestObject("Modulo Actos Administrativos/Modulo Viáticos/Crear viatico/Page_SARA/a_Funcionario_form_popupprogramacionviaticospestaniasj_idt1559"), 0): Object 'Object Repository/Modulo Actos Administrativos/Modulo Viáticos/Crear viatico/Page_SARA/a_Funcionario_form_popupprogramacionviaticospestaniasj_idt1559' is clickable

2021-12-01 12:18:15 - [MESSAGE][WARNING] - Timeout '0' is invalid. Using default page load timeout: '30'

2021-12-01 12:18:16 - [MESSAGE][PASSED] - Object 'Object Repository/Modulo Actos Administrativos/Modulo Viáticos/Crear viatico/Page_SARA/a_Funcionario_form_popupprogramacionviaticospestaniasj_idt1559' is clickable

2021-12-01 12:18:16 - [TEST_STEP][PASSED] - click(findTestObject("Modulo Actos Administrativos/Modulo Viáticos/Crear viatico/Page_SARA/a_Funcionario_form_popupprogramacionviaticospestaniasj_idt1559")): Object: 'Object Repository/Modulo Actos Administrativos/Modulo Viáticos/Crear viatico/Page_SARA/a_Funcionario_form_popupprogramacionviaticospestaniasj_idt1559' is clicked on

2021-12-01 12:18:16 - [MESSAGE][PASSED] - Object: 'Object Repository/Modulo Actos Administrativos/Modulo Viáticos/Crear viatico/Page_SARA/a_Funcionario_form_popupprogramacionviaticospestaniasj_idt1559' is clicked on

2021-12-01 12:18:16 - [TEST_STEP][PASSED] - waitForElementClickable(findTestObject("Modulo Actos Administrativos/Modulo Viáticos/Crear viatico/Page_SARA/input_Filtro Empleado_form_popupEmpleadoj_idt561"), 0): Object 'Object Repository/Modulo Actos Administrativos/Modulo Viáticos/Crear viatico/Page_SARA/input_Filtro Empleado_form_popupEmpleadoj_idt561' is clickable

2021-12-01 12:18:16 - [MESSAGE][WARNING] - Timeout '0' is invalid. Using default page load timeout: '30'

2021-12-01 12:18:18 - [MESSAGE][PASSED] - Object 'Object Repository/Modulo Actos Administrativos/Modulo Viáticos/Crear viatico/Page_SARA/input_Filtro Empleado_form_popupEmpleadoj_idt561' is clickable

2021-12-01 12:18:18 - [TEST_STEP][PASSED] - setText(findTestObject("Modulo Actos Administrativos/Modulo Viáticos/Crear viatico/Page_SARA/input_Filtro Empleado_form_popupEmpleadoj_idt561"), "Quintero 5 Empleado"): Text 'Quintero 5 Empleado' is set on object 'Object Repository/Modulo Actos Administrativos/Modulo Viáticos/Crear viatico/Page_SARA/input_Filtro Empleado_form_popupEmpleadoj_idt561'

2021-12-01 12:18:19 - [MESSAGE][PASSED] - Text 'Quintero 5 Empleado' is set on object 'Object Repository/Modulo Actos Administrativos/Modulo Viáticos/Crear viatico/Page_SARA/input_Filtro Empleado_form_popupEmpleadoj_idt561'

2021-12-01 12:18:19 - [TEST_STEP][PASSED] - sendKeys(findTestObject("Modulo Actos Administrativos/Modulo Viáticos/Crear viatico/Page_SARA/input_Filtro Empleado_form_popupEmpleadoj_idt561"), Keys.chord(ENTER)): Keys 'ENTER + ' sent to object: 'Object Repository/Modulo Actos Administrativos/Modulo Viáticos/Crear viatico/Page_SARA/input_Filtro Empleado_form_popupEmpleadoj_idt561'

2021-12-01 12:18:19 - [MESSAGE][PASSED] - Keys 'ENTER + ' sent to object: 'Object Repository/Modulo Actos Administrativos/Modulo Viáticos/Crear viatico/Page_SARA/input_Filtro Empleado_form_popupEmpleadoj_idt561'

2021-12-01 12:18:19 - [TEST_STEP][PASSED] - waitForElementClickable(findTestObject("Modulo Actos Administrativos/Modulo Viáticos/Crear viatico/Page_SARA/span_Quintero 5 Empleado"), 0): Object 'Object Repository/Modulo Actos Administrativos/Modulo Viáticos/Crear viatico/Page_SARA/span_Quintero 5 Empleado' is clickable

2021-12-01 12:18:19 - [MESSAGE][WARNING] - Timeout '0' is invalid. Using default page load timeout: '30'

2021-12-01 12:18:20 - [MESSAGE][PASSED] - Object 'Object Repository/Modulo Actos Administrativos/Modulo Viáticos/Crear viatico/Page_SARA/span_Quintero 5 Empleado' is clickable

2021-12-01 12:18:20 - [TEST_STEP][PASSED] - click(findTestObject("Modulo Actos Administrativos/Modulo Viáticos/Crear viatico/Page_SARA/span_Quintero 5 Empleado")): Object: 'Object Repository/Modulo Actos Administrativos/Modulo Viáticos/Crear viatico/Page_SARA/span_Quintero 5 Empleado' is clicked on

2021-12-01 12:18:20 - [MESSAGE][PASSED] - Object: 'Object Repository/Modulo Actos Administrativos/Modulo Viáticos/Crear viatico/Page_SARA/span_Quintero 5 Empleado' is clicked on

2021-12-01 12:18:20 - [TEST_STEP][PASSED] - waitForElementClickable(findTestObject("Modulo Actos Administrativos/Modulo Viáticos/Crear viatico/input_Fecha Inicial_form_popupprogramacionviaticospestaniasfechainicial_input"), 0): Object 'Object Repository/Modulo Actos Administrativos/Modulo Viáticos/Crear viatico/input_Fecha Inicial_form_popupprogramacionviaticospestaniasfechainicial_input' is clickable

2021-12-01 12:18:21 - [MESSAGE][WARNING] - Timeout '0' is invalid. Using default page load timeout: '30'

2021-12-01 12:18:21 - [MESSAGE][PASSED] - Object 'Object Repository/Modulo Actos Administrativos/Modulo Viáticos/Crear viatico/input_Fecha Inicial_form_popupprogramacionviaticospestaniasfechainicial_input' is clickable

2021-12-01 12:18:21 - [TEST_STEP][PASSED] - setText(findTestObject("Modulo Actos Administrativos/Modulo Viáticos/Crear viatico/input_Fecha Inicial_form_popupprogramacionviaticospestaniasfechainicial_input"), "01/07/2021"): Text '01/07/2021' is set on object 'Object Repository/Modulo Actos Administrativos/Modulo Viáticos/Crear viatico/input_Fecha Inicial_form_popupprogramacionviaticospestaniasfechainicial_input'

2021-12-01 12:18:22 - [MESSAGE][PASSED] - Text '01/07/2021' is set on object 'Object Repository/Modulo Actos Administrativos/Modulo Viáticos/Crear viatico/input_Fecha Inicial_form_popupprogramacionviaticospestaniasfechainicial_input'

2021-12-01 12:18:22 - [TEST_STEP][PASSED] - setText(findTestObject("Modulo Actos Administrativos/Modulo Viáticos/Crear viatico/input_Fecha Final_form_popupprogramacionviaticospestaniasfechafinal_input"), "01/10/2021"): Text '01/10/2021' is set on object 'Object Repository/Modulo Actos Administrativos/Modulo Viáticos/Crear viatico/input_Fecha Final_form_popupprogramacionviaticospestaniasfechafinal_input'

2021-12-01 12:18:23 - [MESSAGE][PASSED] - Text '01/10/2021' is set on object 'Object Repository/Modulo Actos Administrativos/Modulo Viáticos/Crear viatico/input_Fecha Final_form_popupprogramacionviaticospestaniasfechafinal_input'

2021-12-01 12:18:23 - [TEST_STEP][PASSED] - sendKeys(findTestObject("Modulo Actos Administrativos/Modulo Viáticos/Crear viatico/input_Fecha Final_form_popupprogramacionviaticospestaniasfechafinal_input"), Keys.chord(ESCAPE)): Keys 'ESCAPE + ' sent to object: 'Object Repository/Modulo Actos Administrativos/Modulo Viáticos/Crear viatico/input_Fecha Final_form_popupprogramacionviaticospestaniasfechafinal_input'

2021-12-01 12:18:24 - [MESSAGE][PASSED] - Keys 'ESCAPE + ' sent to object: 'Object Repository/Modulo Actos Administrativos/Modulo Viáticos/Crear viatico/input_Fecha Final_form_popupprogramacionviaticospestaniasfechafinal_input'

2021-12-01 12:18:24 - [TEST_STEP][PASSED] - selectOptionByIndex(findTestObject("Modulo Actos Administrativos/Modulo Viáticos/Crear viatico/Page_SARA/select_--- Seleccione Destino --Barranquilla"), "3"): All options with index in [3] are selected on object 'Object Repository/Modulo Actos Administrativos/Modulo Viáticos/Crear viatico/Page_SARA/select_--- Seleccione Destino --Barranquilla'

2021-12-01 12:18:25 - [MESSAGE][PASSED] - All options with index in [3] are selected on object 'Object Repository/Modulo Actos Administrativos/Modulo Viáticos/Crear viatico/Page_SARA/select_--- Seleccione Destino --Barranquilla'

2021-12-01 12:18:25 - [TEST_STEP][PASSED] - selectOptionByIndex(findTestObject("Modulo Actos Administrativos/Modulo Viáticos/Crear viatico/Page_SARA/select_-- Seleccione Tipo Comisin --ADMINISTRATIVO2"), "1"): All options with index in [1] are selected on object 'Object Repository/Modulo Actos Administrativos/Modulo Viáticos/Crear viatico/Page_SARA/select_-- Seleccione Tipo Comisin --ADMINISTRATIVO2'

2021-12-01 12:18:26 - [MESSAGE][PASSED] - All options with index in [1] are selected on object 'Object Repository/Modulo Actos Administrativos/Modulo Viáticos/Crear viatico/Page_SARA/select_-- Seleccione Tipo Comisin --ADMINISTRATIVO2'

2021-12-01 12:18:26 - [TEST_STEP][PASSED] - click(findTestObject("Modulo Actos Administrativos/Modulo Viáticos/Crear viatico/Page_SARA/a_Entidad_form_popupprogramacionviaticospestaniasj_idt1581")): Object: 'Object Repository/Modulo Actos Administrativos/Modulo Viáticos/Crear viatico/Page_SARA/a_Entidad_form_popupprogramacionviaticospestaniasj_idt1581' is clicked on

2021-12-01 12:18:26 - [MESSAGE][PASSED] - Object: 'Object Repository/Modulo Actos Administrativos/Modulo Viáticos/Crear viatico/Page_SARA/a_Entidad_form_popupprogramacionviaticospestaniasj_idt1581' is clicked on

2021-12-01 12:18:26 - [TEST_STEP][PASSED] - waitForElementClickable(findTestObject("Modulo Actos Administrativos/Modulo Viáticos/Crear viatico/Page_SARA/td_123"), 0): Object 'Object Repository/Modulo Actos Administrativos/Modulo Viáticos/Crear viatico/Page_SARA/td_123' is clickable

2021-12-01 12:18:26 - [MESSAGE][WARNING] - Timeout '0' is invalid. Using default page load timeout: '30'

2021-12-01 12:18:27 - [MESSAGE][PASSED] - Object 'Object Repository/Modulo Actos Administrativos/Modulo Viáticos/Crear viatico/Page_SARA/td_123' is clickable

2021-12-01 12:18:27 - [TEST_STEP][PASSED] - click(findTestObject("Modulo Actos Administrativos/Modulo Viáticos/Crear viatico/Page_SARA/td_123")): Object: 'Object Repository/Modulo Actos Administrativos/Modulo Viáticos/Crear viatico/Page_SARA/td_123' is clicked on

2021-12-01 12:18:27 - [MESSAGE][PASSED] - Object: 'Object Repository/Modulo Actos Administrativos/Modulo Viáticos/Crear viatico/Page_SARA/td_123' is clicked on

2021-12-01 12:18:27 - [TEST_STEP][PASSED] - waitForElementClickable(findTestObject("Modulo Actos Administrativos/Modulo Viáticos/Crear viatico/Page_SARA/select_--- Seleccione Ambito --EXTERIOR 1EXTERIOR 2NACIONAL 1"), 0): Object 'Object Repository/Modulo Actos Administrativos/Modulo Viáticos/Crear viatico/Page_SARA/select_--- Seleccione Ambito --EXTERIOR 1EXTERIOR 2NACIONAL 1' is clickable

2021-12-01 12:18:27 - [MESSAGE][WARNING] - Timeout '0' is invalid. Using default page load timeout: '30'

2021-12-01 12:18:28 - [MESSAGE][PASSED] - Object 'Object Repository/Modulo Actos Administrativos/Modulo Viáticos/Crear viatico/Page_SARA/select_--- Seleccione Ambito --EXTERIOR 1EXTERIOR 2NACIONAL 1' is clickable

2021-12-01 12:18:28 - [TEST_STEP][PASSED] - selectOptionByIndex(findTestObject("Modulo Actos Administrativos/Modulo Viáticos/Crear viatico/Page_SARA/select_--- Seleccione Ambito --EXTERIOR 1EXTERIOR 2NACIONAL 1"), "3"): All options with index in [3] are selected on object 'Object Repository/Modulo Actos Administrativos/Modulo Viáticos/Crear viatico/Page_SARA/select_--- Seleccione Ambito --EXTERIOR 1EXTERIOR 2NACIONAL 1'

2021-12-01 12:18:29 - [MESSAGE][PASSED] - All options with index in [3] are selected on object 'Object Repository/Modulo Actos Administrativos/Modulo Viáticos/Crear viatico/Page_SARA/select_--- Seleccione Ambito --EXTERIOR 1EXTERIOR 2NACIONAL 1'

2021-12-01 12:18:29 - [TEST_STEP][PASSED] - waitForElementClickable(findTestObject("Modulo Actos Administrativos/Modulo Viáticos/Crear viatico/Page_SARA/a_Guardar2"), 0): Object 'Object Repository/Modulo Actos Administrativos/Modulo Viáticos/Crear viatico/Page_SARA/a_Guardar2' is clickable

2021-12-01 12:18:29 - [MESSAGE][WARNING] - Timeout '0' is invalid. Using default page load timeout: '30'

2021-12-01 12:18:30 - [MESSAGE][PASSED] - Object 'Object Repository/Modulo Actos Administrativos/Modulo Viáticos/Crear viatico/Page_SARA/a_Guardar2' is clickable

2021-12-01 12:18:30 - [TEST_STEP][PASSED] - click(findTestObject("Modulo Actos Administrativos/Modulo Viáticos/Crear viatico/Page_SARA/a_Guardar2")): Object: 'Object Repository/Modulo Actos Administrativos/Modulo Viáticos/Crear viatico/Page_SARA/a_Guardar2' is clicked on

2021-12-01 12:18:30 - [MESSAGE][PASSED] - Object: 'Object Repository/Modulo Actos Administrativos/Modulo Viáticos/Crear viatico/Page_SARA/a_Guardar2' is clicked on

2021-12-01 12:18:30 - [TEST_STEP][PASSED] - waitForElementClickable(findTestObject("Modulo Actos Administrativos/Modulo Viáticos/Crear viatico/Page_SARA/a_Entidades Vigiladas"), 0): Object 'Object Repository/Modulo Actos Administrativos/Modulo Viáticos/Crear viatico/Page_SARA/a_Entidades Vigiladas' is clickable

2021-12-01 12:18:30 - [MESSAGE][WARNING] - Timeout '0' is invalid. Using default page load timeout: '30'

2021-12-01 12:18:33 - [MESSAGE][PASSED] - Object 'Object Repository/Modulo Actos Administrativos/Modulo Viáticos/Crear viatico/Page_SARA/a_Entidades Vigiladas' is clickable

2021-12-01 12:18:33 - [TEST_STEP][PASSED] - click(findTestObject("Modulo Actos Administrativos/Modulo Viáticos/Crear viatico/Page_SARA/a_Entidades Vigiladas")): Object: 'Object Repository/Modulo Actos Administrativos/Modulo Viáticos/Crear viatico/Page_SARA/a_Entidades Vigiladas' is clicked on

2021-12-01 12:18:33 - [MESSAGE][PASSED] - Object: 'Object Repository/Modulo Actos Administrativos/Modulo Viáticos/Crear viatico/Page_SARA/a_Entidades Vigiladas' is clicked on

2021-12-01 12:18:33 - [TEST_STEP][PASSED] - click(findTestObject("Modulo Actos Administrativos/Modulo Viáticos/Crear viatico/Page_SARA/a_Fecha Final_form_Entidad_entidades_vigiladas")): Object: 'Object Repository/Modulo Actos Administrativos/Modulo Viáticos/Crear viatico/Page_SARA/a_Fecha Final_form_Entidad_entidades_vigiladas' is clicked on

2021-12-01 12:18:34 - [MESSAGE][PASSED] - Object: 'Object Repository/Modulo Actos Administrativos/Modulo Viáticos/Crear viatico/Page_SARA/a_Fecha Final_form_Entidad_entidades_vigiladas' is clicked on

2021-12-01 12:18:34 - [TEST_STEP][PASSED] - waitForElementClickable(findTestObject("Modulo Actos Administrativos/Modulo Viáticos/Crear viatico/Page_SARA/td_123_entidades vigiladas"), 0): Object 'Object Repository/Modulo Actos Administrativos/Modulo Viáticos/Crear viatico/Page_SARA/td_123_entidades vigiladas' is clickable

2021-12-01 12:18:34 - [MESSAGE][WARNING] - Timeout '0' is invalid. Using default page load timeout: '30'

2021-12-01 12:18:34 - [MESSAGE][PASSED] - Object 'Object Repository/Modulo Actos Administrativos/Modulo Viáticos/Crear viatico/Page_SARA/td_123_entidades vigiladas' is clickable

2021-12-01 12:18:34 - [TEST_STEP][PASSED] - click(findTestObject("Modulo Actos Administrativos/Modulo Viáticos/Crear viatico/Page_SARA/td_123_entidades vigiladas")): Object: 'Object Repository/Modulo Actos Administrativos/Modulo Viáticos/Crear viatico/Page_SARA/td_123_entidades vigiladas' is clicked on

2021-12-01 12:18:35 - [MESSAGE][PASSED] - Object: 'Object Repository/Modulo Actos Administrativos/Modulo Viáticos/Crear viatico/Page_SARA/td_123_entidades vigiladas' is clicked on

2021-12-01 12:18:35 - [TEST_STEP][PASSED] - waitForElementClickable(findTestObject("Modulo Actos Administrativos/Modulo Viáticos/Crear viatico/Page_SARA/input_Fecha Inicial_form_entidades vigiladas"), 0): Object 'Object Repository/Modulo Actos Administrativos/Modulo Viáticos/Crear viatico/Page_SARA/input_Fecha Inicial_form_entidades vigiladas' is clickable

2021-12-01 12:18:35 - [MESSAGE][WARNING] - Timeout '0' is invalid. Using default page load timeout: '30'

2021-12-01 12:18:36 - [MESSAGE][PASSED] - Object 'Object Repository/Modulo Actos Administrativos/Modulo Viáticos/Crear viatico/Page_SARA/input_Fecha Inicial_form_entidades vigiladas' is clickable

2021-12-01 12:18:36 - [TEST_STEP][PASSED] - setText(findTestObject("Modulo Actos Administrativos/Modulo Viáticos/Crear viatico/Page_SARA/input_Fecha Inicial_form_entidades vigiladas"), "01/07/2021"): Text '01/07/2021' is set on object 'Object Repository/Modulo Actos Administrativos/Modulo Viáticos/Crear viatico/Page_SARA/input_Fecha Inicial_form_entidades vigiladas'

2021-12-01 12:18:36 - [MESSAGE][PASSED] - Text '01/07/2021' is set on object 'Object Repository/Modulo Actos Administrativos/Modulo Viáticos/Crear viatico/Page_SARA/input_Fecha Inicial_form_entidades vigiladas'

2021-12-01 12:18:36 - [TEST_STEP][PASSED] - setText(findTestObject("Modulo Actos Administrativos/Modulo Viáticos/Crear viatico/Page_SARA/input_Fecha Final_form_entidades vigiladas"), "01/11/2021"): Text '01/11/2021' is set on object 'Object Repository/Modulo Actos Administrativos/Modulo Viáticos/Crear viatico/Page_SARA/input_Fecha Final_form_entidades vigiladas'

2021-12-01 12:18:38 - [MESSAGE][PASSED] - Text '01/11/2021' is set on object 'Object Repository/Modulo Actos Administrativos/Modulo Viáticos/Crear viatico/Page_SARA/input_Fecha Final_form_entidades vigiladas'

2021-12-01 12:18:38 - [TEST_STEP][PASSED] - click(findTestObject("Modulo Actos Administrativos/Modulo Viáticos/Crear viatico/Page_SARA/a_Fecha Final_form_popupprogramacionviaticospestaniasotrasEntidadesTablaj")): Object: 'Object Repository/Modulo Actos Administrativos/Modulo Viáticos/Crear viatico/Page_SARA/a_Fecha Final_form_popupprogramacionviaticospestaniasotrasEntidadesTablaj' is clicked on

2021-12-01 12:18:38 - [MESSAGE][PASSED] - Object: 'Object Repository/Modulo Actos Administrativos/Modulo Viáticos/Crear viatico/Page_SARA/a_Fecha Final_form_popupprogramacionviaticospestaniasotrasEntidadesTablaj' is clicked on

2021-12-01 12:18:38 - [TEST_STEP][PASSED] - click(findTestObject("Modulo Actos Administrativos/Modulo Viáticos/Crear viatico/Page_SARA/a_Otras Entidades")): Object: 'Object Repository/Modulo Actos Administrativos/Modulo Viáticos/Crear viatico/Page_SARA/a_Otras Entidades' is clicked on

2021-12-01 12:18:39 - [MESSAGE][PASSED] - Object: 'Object Repository/Modulo Actos Administrativos/Modulo Viáticos/Crear viatico/Page_SARA/a_Otras Entidades' is clicked on

2021-12-01 12:18:39 - [TEST_STEP][PASSED] - waitForElementClickable(findTestObject("Modulo Actos Administrativos/Modulo Viáticos/Crear viatico/Page_SARA/input_Fecha entidad_form"), 0): Object 'Object Repository/Modulo Actos Administrativos/Modulo Viáticos/Crear viatico/Page_SARA/input_Fecha entidad_form' is clickable

2021-12-01 12:18:39 - [MESSAGE][WARNING] - Timeout '0' is invalid. Using default page load timeout: '30'

2021-12-01 12:18:39 - [MESSAGE][PASSED] - Object 'Object Repository/Modulo Actos Administrativos/Modulo Viáticos/Crear viatico/Page_SARA/input_Fecha entidad_form' is clickable

2021-12-01 12:18:39 - [TEST_STEP][PASSED] - setText(findTestObject("Modulo Actos Administrativos/Modulo Viáticos/Crear viatico/Page_SARA/input_Fecha entidad_form"), "5"): Text '5' is set on object 'Object Repository/Modulo Actos Administrativos/Modulo Viáticos/Crear viatico/Page_SARA/input_Fecha entidad_form'

2021-12-01 12:18:40 - [MESSAGE][PASSED] - Text '5' is set on object 'Object Repository/Modulo Actos Administrativos/Modulo Viáticos/Crear viatico/Page_SARA/input_Fecha entidad_form'

2021-12-01 12:18:40 - [TEST_STEP][PASSED] - setText(findTestObject("Modulo Actos Administrativos/Modulo Viáticos/Crear viatico/Page_SARA/input_Fecha Inicial_form_otras_entidades"), "01/07/2021"): Text '01/07/2021' is set on object 'Object Repository/Modulo Actos Administrativos/Modulo Viáticos/Crear viatico/Page_SARA/input_Fecha Inicial_form_otras_entidades'

2021-12-01 12:18:41 - [MESSAGE][PASSED] - Text '01/07/2021' is set on object 'Object Repository/Modulo Actos Administrativos/Modulo Viáticos/Crear viatico/Page_SARA/input_Fecha Inicial_form_otras_entidades'

2021-12-01 12:18:41 - [TEST_STEP][PASSED] - setText(findTestObject("Modulo Actos Administrativos/Modulo Viáticos/Crear viatico/Page_SARA/input_Fecha Final_form_otras_entidades"), "01/11/2021"): Text '01/11/2021' is set on object 'Object Repository/Modulo Actos Administrativos/Modulo Viáticos/Crear viatico/Page_SARA/input_Fecha Final_form_otras_entidades'

2021-12-01 12:18:42 - [MESSAGE][PASSED] - Text '01/11/2021' is set on object 'Object Repository/Modulo Actos Administrativos/Modulo Viáticos/Crear viatico/Page_SARA/input_Fecha Final_form_otras_entidades'

2021-12-01 12:18:42 - [TEST_STEP][PASSED] - click(findTestObject("Modulo Actos Administrativos/Modulo Viáticos/Crear viatico/Page_SARA/a_Fecha Final_form_")): Object: 'Object Repository/Modulo Actos Administrativos/Modulo Viáticos/Crear viatico/Page_SARA/a_Fecha Final_form_' is clicked on

2021-12-01 12:18:43 - [MESSAGE][PASSED] - Object: 'Object Repository/Modulo Actos Administrativos/Modulo Viáticos/Crear viatico/Page_SARA/a_Fecha Final_form_' is clicked on

2021-12-01 12:18:43 - [TEST_STEP][PASSED] - click(findTestObject("Modulo Actos Administrativos/Modulo Viáticos/Crear viatico/Page_SARA/a_Nuevo_Archivo")): Object: 'Object Repository/Modulo Actos Administrativos/Modulo Viáticos/Crear viatico/Page_SARA/a_Nuevo_Archivo' is clicked on

2021-12-01 12:18:44 - [MESSAGE][PASSED] - Object: 'Object Repository/Modulo Actos Administrativos/Modulo Viáticos/Crear viatico/Page_SARA/a_Nuevo_Archivo' is clicked on

2021-12-01 12:18:44 - [TEST_STEP][PASSED] - click(findTestObject("Modulo Actos Administrativos/Modulo Viáticos/Crear viatico/Page_SARA/a_Archivo")): Object: 'Object Repository/Modulo Actos Administrativos/Modulo Viáticos/Crear viatico/Page_SARA/a_Archivo' is clicked on

2021-12-01 12:18:44 - [MESSAGE][PASSED] - Object: 'Object Repository/Modulo Actos Administrativos/Modulo Viáticos/Crear viatico/Page_SARA/a_Archivo' is clicked on

2021-12-01 12:18:44 - [TEST_STEP][PASSED] - waitForElementClickable(findTestObject("Modulo Actos Administrativos/Modulo Viáticos/Crear viatico/Page_SARA/a_Nuevo_Archivo"), 1): Object 'Object Repository/Modulo Actos Administrativos/Modulo Viáticos/Crear viatico/Page_SARA/a_Nuevo_Archivo' is clickable

2021-12-01 12:18:45 - [MESSAGE][PASSED] - Object 'Object Repository/Modulo Actos Administrativos/Modulo Viáticos/Crear viatico/Page_SARA/a_Nuevo_Archivo' is clickable

2021-12-01 12:18:45 - [TEST_STEP][PASSED] - click(findTestObject("Modulo Actos Administrativos/Modulo Viáticos/Crear viatico/Page_SARA/a_Nuevo_Archivo")): Object: 'Object Repository/Modulo Actos Administrativos/Modulo Viáticos/Crear viatico/Page_SARA/a_Nuevo_Archivo' is clicked on

2021-12-01 12:18:45 - [MESSAGE][PASSED] - Object: 'Object Repository/Modulo Actos Administrativos/Modulo Viáticos/Crear viatico/Page_SARA/a_Nuevo_Archivo' is clicked on

2021-12-01 12:18:45 - [TEST_STEP][PASSED] - click(findTestObject("Modulo Actos Administrativos/Modulo Viáticos/Crear viatico/Page_SARA/input_Se ha cargado el archivo_popupAnexoArchivosubir")): Object: 'Object Repository/Modulo Actos Administrativos/Modulo Viáticos/Crear viatico/Page_SARA/input_Se ha cargado el archivo_popupAnexoArchivosubir' is clicked on

2021-12-01 12:18:46 - [MESSAGE][PASSED] - Object: 'Object Repository/Modulo Actos Administrativos/Modulo Viáticos/Crear viatico/Page_SARA/input_Se ha cargado el archivo_popupAnexoArchivosubir' is clicked on

2021-12-01 12:18:46 - [TEST_STEP][PASSED] - waitForElementClickable(findTestObject("Modulo Actos Administrativos/Modulo Viáticos/Crear viatico/Page_SARA/input_Descripcin_popupAnexoArchivodescripcion"), 0): Object 'Object Repository/Modulo Actos Administrativos/Modulo Viáticos/Crear viatico/Page_SARA/input_Descripcin_popupAnexoArchivodescripcion' is clickable

2021-12-01 12:18:46 - [MESSAGE][WARNING] - Timeout '0' is invalid. Using default page load timeout: '30'

2021-12-01 12:18:46 - [MESSAGE][PASSED] - Object 'Object Repository/Modulo Actos Administrativos/Modulo Viáticos/Crear viatico/Page_SARA/input_Descripcin_popupAnexoArchivodescripcion' is clickable

2021-12-01 12:18:46 - [TEST_STEP][PASSED] - setText(findTestObject("Modulo Actos Administrativos/Modulo Viáticos/Crear viatico/Page_SARA/input_Descripcin_popupAnexoArchivodescripcion"), "prueba"): Text 'prueba' is set on object 'Object Repository/Modulo Actos Administrativos/Modulo Viáticos/Crear viatico/Page_SARA/input_Descripcin_popupAnexoArchivodescripcion'

2021-12-01 12:18:47 - [MESSAGE][PASSED] - Text 'prueba' is set on object 'Object Repository/Modulo Actos Administrativos/Modulo Viáticos/Crear viatico/Page_SARA/input_Descripcin_popupAnexoArchivodescripcion'

2021-12-01 12:18:47 - [TEST_STEP][PASSED] - sendKeys(findTestObject("Modulo Actos Administrativos/Modulo Viáticos/Crear viatico/Page_SARA/input_Descripcin_popupAnexoArchivodescripcion"), Keys.chord(ENTER)): Keys 'ENTER + ' sent to object: 'Object Repository/Modulo Actos Administrativos/Modulo Viáticos/Crear viatico/Page_SARA/input_Descripcin_popupAnexoArchivodescripcion'

2021-12-01 12:18:48 - [MESSAGE][PASSED] - Keys 'ENTER + ' sent to object: 'Object Repository/Modulo Actos Administrativos/Modulo Viáticos/Crear viatico/Page_SARA/input_Descripcin_popupAnexoArchivodescripcion'

2021-12-01 12:18:48 - [TEST_STEP][PASSED] - ruta = G_rutaarchivos + "viaticos.pdf": null

2021-12-01 12:18:48 - [TEST_STEP][PASSED] - uploadFile(findTestObject("Modulo Actos Administrativos/Modulo Viáticos/Crear viatico/Page_SARA/input_Se ha cargado el archivo_popupAnexoArchivoinputFileNameArchivo_input"), ruta): File 'E:\unionweb14\viaticos.pdf' sent to object: 'Object Repository/Modulo Actos Administrativos/Modulo Viáticos/Crear viatico/Page_SARA/input_Se ha cargado el archivo_popupAnexoArchivoinputFileNameArchivo_input'

2021-12-01 12:18:49 - [MESSAGE][PASSED] - File 'E:\unionweb14\viaticos.pdf' sent to object: 'Object Repository/Modulo Actos Administrativos/Modulo Viáticos/Crear viatico/Page_SARA/input_Se ha cargado el archivo_popupAnexoArchivoinputFileNameArchivo_input'

2021-12-01 12:18:49 - [TEST_STEP][PASSED] - getText(findTestObject("Alerta/Alerta")): Text of object 'Object Repository/Alerta/Alerta' is: 'Se Ingreso anexo exitosamente'

2021-12-01 12:18:51 - [MESSAGE][PASSED] - Text of object 'Object Repository/Alerta/Alerta' is: 'Se Ingreso anexo exitosamente']]></system-out>
         <system-err><![CDATA[]]></system-err>
      </testcase>
      <testcase name="Test Cases/1.1-Tareas Principales/1.6.1 Costos de Viáticos" time="36.556" classname="Test Cases/1.1-Tareas Principales/1.6.1 Costos de Viáticos" status="PASSED">
         <system-out><![CDATA[2021-12-01 12:18:51 - [TEST_CASE][PASSED] - Test Cases/1.1-Tareas Principales/1.6.1 Costos de Viáticos: Test Cases/1.1-Tareas Principales/1.6.1 Costos de Viáticos

2021-12-01 12:18:51 - [TEST_STEP][PASSED] - callTestCase(findTestCase("0.1-Login"), [:], STOP_ON_FAILURE): Call Test Case 'Test Cases/0.1-Login' successfully

2021-12-01 12:18:51 - [TEST_CASE][PASSED] - Test Cases/0.1-Login: Test Cases/0.1-Login

2021-12-01 12:18:51 - [TEST_STEP][PASSED] - openBrowser(""): Browser is opened with url: ''

2021-12-01 12:18:51 - [MESSAGE][WARNING] - A browser is already opened. Closing browser and opening a new one

2021-12-01 12:18:52 - [MESSAGE][INFO] - Starting 'Chrome' driver

2021-12-01 12:18:52 - [MESSAGE][INFO] - Action delay is set to 0 milliseconds

2021-12-01 12:18:53 - [MESSAGE][PASSED] - Browser is opened with url: ''

2021-12-01 12:18:53 - [TEST_STEP][PASSED] - maximizeWindow(): Current window maximized

2021-12-01 12:18:54 - [MESSAGE][PASSED] - Current window maximized

2021-12-01 12:18:54 - [TEST_STEP][PASSED] - i = G_Login: null

2021-12-01 12:18:54 - [TEST_STEP][PASSED] - url = new java.net.URL(i): null

2021-12-01 12:18:54 - [TEST_STEP][PASSED] - println("URL: " + url.toString()): null

2021-12-01 12:18:54 - [TEST_STEP][PASSED] - connection = url.openConnection(): null

2021-12-01 12:18:54 - [TEST_STEP][PASSED] - connection.setRequestMethod("GET"): null

2021-12-01 12:18:54 - [TEST_STEP][PASSED] - connection.setReadTimeout(2 * 1000): null

2021-12-01 12:18:54 - [TEST_STEP][PASSED] - try: null

2021-12-01 12:18:54 - [TEST_STEP][PASSED] - connection.connect(): null

2021-12-01 12:18:54 - [TEST_STEP][PASSED] - flag = connected: null

2021-12-01 12:18:54 - [TEST_STEP][PASSED] - println("Valor_ori: " + flag): null

2021-12-01 12:18:54 - [TEST_STEP][PASSED] - if (flag): null

2021-12-01 12:18:54 - [TEST_STEP][PASSED] - navigateToUrl(i): Navigate to 'http://localhost:8380/saraweb/' successfully

2021-12-01 12:18:54 - [MESSAGE][PASSED] - Navigate to 'http://localhost:8380/saraweb/' successfully

2021-12-01 12:18:54 - [TEST_STEP][PASSED] - a(): null

2021-12-01 12:18:54 - [TEST_STEP][PASSED] - setText(findTestObject("Login/input_USUARIO_loginusuario"), G_Usuario): Text 'saraadmin' is set on object 'Object Repository/Login/input_USUARIO_loginusuario'

2021-12-01 12:18:55 - [MESSAGE][PASSED] - Text 'saraadmin' is set on object 'Object Repository/Login/input_USUARIO_loginusuario'

2021-12-01 12:18:55 - [TEST_STEP][PASSED] - setEncryptedText(findTestObject("Login/input_CLAVE_loginpassword"), "MkG4/TYiCFC3cb2driP7+Q=="): Text ****** has been set on object 'Object Repository/Login/input_CLAVE_loginpassword'

2021-12-01 12:18:56 - [MESSAGE][PASSED] - Text ****** has been set on object 'Object Repository/Login/input_CLAVE_loginpassword'

2021-12-01 12:18:56 - [TEST_STEP][PASSED] - waitForElementClickable(findTestObject("Login/a_Ingresar"), G_TimeOut): Object 'Object Repository/Login/a_Ingresar' is clickable

2021-12-01 12:18:56 - [MESSAGE][PASSED] - Object 'Object Repository/Login/a_Ingresar' is clickable

2021-12-01 12:18:56 - [TEST_STEP][PASSED] - click(findTestObject("Login/a_Ingresar")): Object: 'Object Repository/Login/a_Ingresar' is clicked on

2021-12-01 12:19:01 - [MESSAGE][PASSED] - Object: 'Object Repository/Login/a_Ingresar' is clicked on

2021-12-01 12:19:01 - [TEST_STEP][PASSED] - element = findWebElement(findTestObject("Login/a_Ir"), 30): null

2021-12-01 12:19:01 - [TEST_STEP][PASSED] - executeJavaScript("arguments[0].click()", Arrays.asList(element)): Execute JavaScript 'arguments[0].click()' successfully

2021-12-01 12:19:01 - [MESSAGE][PASSED] - Execute JavaScript 'arguments[0].click()' successfully

2021-12-01 12:19:01 - [MESSAGE][PASSED] - Call Test Case 'Test Cases/0.1-Login' successfully

2021-12-01 12:19:01 - [TEST_STEP][PASSED] - waitForElementClickable(findTestObject("Modulo Actos Administrativos/Modulo Viáticos/Costos de Viáticos/input_ADMINISTRADOR DEL SISTEMA - SARA_form_templatej_idt24_input"), 0): Object 'Object Repository/Modulo Actos Administrativos/Modulo Viáticos/Costos de Viáticos/input_ADMINISTRADOR DEL SISTEMA - SARA_form_templatej_idt24_input' is clickable

2021-12-01 12:19:01 - [MESSAGE][WARNING] - Timeout '0' is invalid. Using default page load timeout: '30'

2021-12-01 12:19:02 - [MESSAGE][PASSED] - Object 'Object Repository/Modulo Actos Administrativos/Modulo Viáticos/Costos de Viáticos/input_ADMINISTRADOR DEL SISTEMA - SARA_form_templatej_idt24_input' is clickable

2021-12-01 12:19:02 - [TEST_STEP][PASSED] - setText(findTestObject("Modulo Actos Administrativos/Modulo Viáticos/Costos de Viáticos/input_ADMINISTRADOR DEL SISTEMA - SARA_form_templatej_idt24_input"), "listado de viaticos"): Text 'listado de viaticos' is set on object 'Object Repository/Modulo Actos Administrativos/Modulo Viáticos/Costos de Viáticos/input_ADMINISTRADOR DEL SISTEMA - SARA_form_templatej_idt24_input'

2021-12-01 12:19:03 - [MESSAGE][PASSED] - Text 'listado de viaticos' is set on object 'Object Repository/Modulo Actos Administrativos/Modulo Viáticos/Costos de Viáticos/input_ADMINISTRADOR DEL SISTEMA - SARA_form_templatej_idt24_input'

2021-12-01 12:19:03 - [TEST_STEP][PASSED] - waitForElementClickable(findTestObject("Modulo Actos Administrativos/Modulo Viáticos/Costos de Viáticos/li_Listado de Viaticos (act)"), 0): Object 'Object Repository/Modulo Actos Administrativos/Modulo Viáticos/Costos de Viáticos/li_Listado de Viaticos (act)' is clickable

2021-12-01 12:19:03 - [MESSAGE][WARNING] - Timeout '0' is invalid. Using default page load timeout: '30'

2021-12-01 12:19:04 - [MESSAGE][PASSED] - Object 'Object Repository/Modulo Actos Administrativos/Modulo Viáticos/Costos de Viáticos/li_Listado de Viaticos (act)' is clickable

2021-12-01 12:19:04 - [TEST_STEP][PASSED] - sendKeys(findTestObject("Modulo Actos Administrativos/Modulo Viáticos/Costos de Viáticos/input_ADMINISTRADOR DEL SISTEMA - SARA_form_templatej_idt24_input"), Keys.chord(ENTER)): Keys 'ENTER + ' sent to object: 'Object Repository/Modulo Actos Administrativos/Modulo Viáticos/Costos de Viáticos/input_ADMINISTRADOR DEL SISTEMA - SARA_form_templatej_idt24_input'

2021-12-01 12:19:05 - [MESSAGE][PASSED] - Keys 'ENTER + ' sent to object: 'Object Repository/Modulo Actos Administrativos/Modulo Viáticos/Costos de Viáticos/input_ADMINISTRADOR DEL SISTEMA - SARA_form_templatej_idt24_input'

2021-12-01 12:19:05 - [TEST_STEP][PASSED] - selectOptionByIndex(findTestObject("Modulo Actos Administrativos/Modulo Viáticos/Costos de Viáticos/select_--Seleccione--Estado"), 2): All options with index in [2] are selected on object 'Object Repository/Modulo Actos Administrativos/Modulo Viáticos/Costos de Viáticos/select_--Seleccione--Estado'

2021-12-01 12:19:07 - [MESSAGE][PASSED] - All options with index in [2] are selected on object 'Object Repository/Modulo Actos Administrativos/Modulo Viáticos/Costos de Viáticos/select_--Seleccione--Estado'

2021-12-01 12:19:07 - [TEST_STEP][PASSED] - if (waitForElementClickable(findTestObject("Modulo Actos Administrativos/Modulo Viáticos/Complementario de Viáticos/span_5"), 2)): null

2021-12-01 12:19:07 - [MESSAGE][PASSED] - Object 'Object Repository/Modulo Actos Administrativos/Modulo Viáticos/Complementario de Viáticos/span_5' is clickable

2021-12-01 12:19:07 - [TEST_STEP][PASSED] - click(findTestObject("Modulo Actos Administrativos/Modulo Viáticos/Complementario de Viáticos/span_5")): Object: 'Object Repository/Modulo Actos Administrativos/Modulo Viáticos/Complementario de Viáticos/span_5' is clicked on

2021-12-01 12:19:08 - [MESSAGE][PASSED] - Object: 'Object Repository/Modulo Actos Administrativos/Modulo Viáticos/Complementario de Viáticos/span_5' is clicked on

2021-12-01 12:19:08 - [TEST_STEP][PASSED] - waitForElementClickable(findTestObject("Modulo Actos Administrativos/Modulo Viáticos/Costos de Viáticos/a_Costos"), 0): Object 'Object Repository/Modulo Actos Administrativos/Modulo Viáticos/Costos de Viáticos/a_Costos' is clickable

2021-12-01 12:19:08 - [MESSAGE][WARNING] - Timeout '0' is invalid. Using default page load timeout: '30'

2021-12-01 12:19:11 - [MESSAGE][PASSED] - Object 'Object Repository/Modulo Actos Administrativos/Modulo Viáticos/Costos de Viáticos/a_Costos' is clickable

2021-12-01 12:19:11 - [TEST_STEP][PASSED] - click(findTestObject("Modulo Actos Administrativos/Modulo Viáticos/Costos de Viáticos/a_Costos")): Object: 'Object Repository/Modulo Actos Administrativos/Modulo Viáticos/Costos de Viáticos/a_Costos' is clicked on

2021-12-01 12:19:11 - [MESSAGE][PASSED] - Object: 'Object Repository/Modulo Actos Administrativos/Modulo Viáticos/Costos de Viáticos/a_Costos' is clicked on

2021-12-01 12:19:11 - [TEST_STEP][PASSED] - sendKeys(findTestObject("Modulo Actos Administrativos/Modulo Viáticos/Costos de Viáticos/a_Costos"), Keys.chord(DOWN, DOWN, DOWN, DOWN, DOWN, DOWN, DOWN)): Keys 'DOWN + DOWN + DOWN + DOWN + DOWN + DOWN + DOWN + ' sent to object: 'Object Repository/Modulo Actos Administrativos/Modulo Viáticos/Costos de Viáticos/a_Costos'

2021-12-01 12:19:12 - [MESSAGE][PASSED] - Keys 'DOWN + DOWN + DOWN + DOWN + DOWN + DOWN + DOWN + ' sent to object: 'Object Repository/Modulo Actos Administrativos/Modulo Viáticos/Costos de Viáticos/a_Costos'

2021-12-01 12:19:12 - [TEST_STEP][PASSED] - if (waitForElementClickable(findTestObject("Modulo Actos Administrativos/Modulo Viáticos/Costos de Viáticos/td_QUINTERO 5 EMPLEADO"), 2)): Web element with id: 'Object Repository/Modulo Actos Administrativos/Modulo Viáticos/Costos de Viáticos/td_QUINTERO 5 EMPLEADO' located by '//div/div/table/tbody/tr/td[2]' not found

2021-12-01 12:19:15 - [MESSAGE][INFO] - Unable to find the element located by 'By.xpath: //div/div/table/tbody/tr/td[2]'. Please recheck the objects properties to make sure the desired element is located. 

2021-12-01 12:19:15 - [MESSAGE][WARNING] - Web element with id: 'Object Repository/Modulo Actos Administrativos/Modulo Viáticos/Costos de Viáticos/td_QUINTERO 5 EMPLEADO' located by '//div/div/table/tbody/tr/td[2]' not found

2021-12-01 12:19:15 - [TEST_STEP][PASSED] - waitForElementClickable(findTestObject("Modulo Actos Administrativos/Modulo Viáticos/Costos de Viáticos/a_Nuevo1_costo"), 0): Object 'Object Repository/Modulo Actos Administrativos/Modulo Viáticos/Costos de Viáticos/a_Nuevo1_costo' is clickable

2021-12-01 12:19:15 - [MESSAGE][WARNING] - Timeout '0' is invalid. Using default page load timeout: '30'

2021-12-01 12:19:16 - [MESSAGE][PASSED] - Object 'Object Repository/Modulo Actos Administrativos/Modulo Viáticos/Costos de Viáticos/a_Nuevo1_costo' is clickable

2021-12-01 12:19:16 - [TEST_STEP][PASSED] - click(findTestObject("Modulo Actos Administrativos/Modulo Viáticos/Costos de Viáticos/a_Nuevo1_costo")): Object: 'Object Repository/Modulo Actos Administrativos/Modulo Viáticos/Costos de Viáticos/a_Nuevo1_costo' is clicked on

2021-12-01 12:19:16 - [MESSAGE][PASSED] - Object: 'Object Repository/Modulo Actos Administrativos/Modulo Viáticos/Costos de Viáticos/a_Nuevo1_costo' is clicked on

2021-12-01 12:19:16 - [TEST_STEP][PASSED] - waitForElementClickable(findTestObject("Modulo Actos Administrativos/Modulo Viáticos/Costos de Viáticos/a_Funcionario_form_popupComplementarioViaticoj_idt332"), 0): Object 'Object Repository/Modulo Actos Administrativos/Modulo Viáticos/Costos de Viáticos/a_Funcionario_form_popupComplementarioViaticoj_idt332' is clickable

2021-12-01 12:19:16 - [MESSAGE][WARNING] - Timeout '0' is invalid. Using default page load timeout: '30'

2021-12-01 12:19:17 - [MESSAGE][PASSED] - Object 'Object Repository/Modulo Actos Administrativos/Modulo Viáticos/Costos de Viáticos/a_Funcionario_form_popupComplementarioViaticoj_idt332' is clickable

2021-12-01 12:19:17 - [TEST_STEP][PASSED] - click(findTestObject("Modulo Actos Administrativos/Modulo Viáticos/Costos de Viáticos/a_Funcionario_form_popupComplementarioViaticoj_idt332")): Object: 'Object Repository/Modulo Actos Administrativos/Modulo Viáticos/Costos de Viáticos/a_Funcionario_form_popupComplementarioViaticoj_idt332' is clicked on

2021-12-01 12:19:17 - [MESSAGE][PASSED] - Object: 'Object Repository/Modulo Actos Administrativos/Modulo Viáticos/Costos de Viáticos/a_Funcionario_form_popupComplementarioViaticoj_idt332' is clicked on

2021-12-01 12:19:17 - [TEST_STEP][PASSED] - waitForElementClickable(findTestObject("Modulo Actos Administrativos/Modulo Viáticos/Costos de Viáticos/td_QUINTERO 5 EMPLEADO"), 0): Object 'Object Repository/Modulo Actos Administrativos/Modulo Viáticos/Costos de Viáticos/td_QUINTERO 5 EMPLEADO' is clickable

2021-12-01 12:19:17 - [MESSAGE][WARNING] - Timeout '0' is invalid. Using default page load timeout: '30'

2021-12-01 12:19:18 - [MESSAGE][PASSED] - Object 'Object Repository/Modulo Actos Administrativos/Modulo Viáticos/Costos de Viáticos/td_QUINTERO 5 EMPLEADO' is clickable

2021-12-01 12:19:18 - [TEST_STEP][PASSED] - click(findTestObject("Modulo Actos Administrativos/Modulo Viáticos/Costos de Viáticos/td_QUINTERO 5 EMPLEADO")): Object: 'Object Repository/Modulo Actos Administrativos/Modulo Viáticos/Costos de Viáticos/td_QUINTERO 5 EMPLEADO' is clicked on

2021-12-01 12:19:18 - [MESSAGE][PASSED] - Object: 'Object Repository/Modulo Actos Administrativos/Modulo Viáticos/Costos de Viáticos/td_QUINTERO 5 EMPLEADO' is clicked on

2021-12-01 12:19:18 - [TEST_STEP][PASSED] - delay(1): Delayed 1 second(s)

2021-12-01 12:19:19 - [MESSAGE][PASSED] - Delayed 1 second(s)

2021-12-01 12:19:19 - [TEST_STEP][PASSED] - selectOptionByIndex(findTestObject("Modulo Actos Administrativos/Modulo Viáticos/Complementario de Viáticos/select_--- Seleccione Tipo Costo --Viatico prueba--complementario"), "1"): All options with index in [1] are selected on object 'Object Repository/Modulo Actos Administrativos/Modulo Viáticos/Complementario de Viáticos/select_--- Seleccione Tipo Costo --Viatico prueba--complementario'

2021-12-01 12:19:20 - [MESSAGE][PASSED] - All options with index in [1] are selected on object 'Object Repository/Modulo Actos Administrativos/Modulo Viáticos/Complementario de Viáticos/select_--- Seleccione Tipo Costo --Viatico prueba--complementario'

2021-12-01 12:19:20 - [TEST_STEP][PASSED] - setText(findTestObject("Modulo Actos Administrativos/Modulo Viáticos/Costos de Viáticos/input_Valor Pagado UD_form_popupcostoviaticosvalorPagadoUD"), "1500000"): Text '1500000' is set on object 'Object Repository/Modulo Actos Administrativos/Modulo Viáticos/Costos de Viáticos/input_Valor Pagado UD_form_popupcostoviaticosvalorPagadoUD'

2021-12-01 12:19:21 - [MESSAGE][PASSED] - Text '1500000' is set on object 'Object Repository/Modulo Actos Administrativos/Modulo Viáticos/Costos de Viáticos/input_Valor Pagado UD_form_popupcostoviaticosvalorPagadoUD'

2021-12-01 12:19:21 - [TEST_STEP][PASSED] - setText(findTestObject("Modulo Actos Administrativos/Modulo Viáticos/Costos de Viáticos/input_Excedente_form_popupcostoviaticosvalorExcedente"), "10000"): Text '10000' is set on object 'Object Repository/Modulo Actos Administrativos/Modulo Viáticos/Costos de Viáticos/input_Excedente_form_popupcostoviaticosvalorExcedente'

2021-12-01 12:19:22 - [MESSAGE][PASSED] - Text '10000' is set on object 'Object Repository/Modulo Actos Administrativos/Modulo Viáticos/Costos de Viáticos/input_Excedente_form_popupcostoviaticosvalorExcedente'

2021-12-01 12:19:22 - [TEST_STEP][PASSED] - setText(findTestObject("Modulo Actos Administrativos/Modulo Viáticos/Costos de Viáticos/input_Factura_form_popupcostoviaticosfactura"), "5"): Text '5' is set on object 'Object Repository/Modulo Actos Administrativos/Modulo Viáticos/Costos de Viáticos/input_Factura_form_popupcostoviaticosfactura'

2021-12-01 12:19:23 - [MESSAGE][PASSED] - Text '5' is set on object 'Object Repository/Modulo Actos Administrativos/Modulo Viáticos/Costos de Viáticos/input_Factura_form_popupcostoviaticosfactura'

2021-12-01 12:19:23 - [TEST_STEP][PASSED] - setText(findTestObject("Modulo Actos Administrativos/Modulo Viáticos/Costos de Viáticos/input_Factura_form_popupcostoviaticosfechafactura_input"), "01/07/2021"): Text '01/07/2021' is set on object 'Object Repository/Modulo Actos Administrativos/Modulo Viáticos/Costos de Viáticos/input_Factura_form_popupcostoviaticosfechafactura_input'

2021-12-01 12:19:24 - [MESSAGE][PASSED] - Text '01/07/2021' is set on object 'Object Repository/Modulo Actos Administrativos/Modulo Viáticos/Costos de Viáticos/input_Factura_form_popupcostoviaticosfechafactura_input'

2021-12-01 12:19:24 - [TEST_STEP][PASSED] - setText(findTestObject("Modulo Actos Administrativos/Modulo Viáticos/Costos de Viáticos/input_viatico_form_popupcostoviaticosdestino"), "1"): Text '1' is set on object 'Object Repository/Modulo Actos Administrativos/Modulo Viáticos/Costos de Viáticos/input_viatico_form_popupcostoviaticosdestino'

2021-12-01 12:19:25 - [MESSAGE][PASSED] - Text '1' is set on object 'Object Repository/Modulo Actos Administrativos/Modulo Viáticos/Costos de Viáticos/input_viatico_form_popupcostoviaticosdestino'

2021-12-01 12:19:25 - [TEST_STEP][PASSED] - click(findTestObject("Modulo Actos Administrativos/Modulo Viáticos/Costos de Viáticos/input_viatico_form_popupcostoviaticosdestino")): Object: 'Object Repository/Modulo Actos Administrativos/Modulo Viáticos/Costos de Viáticos/input_viatico_form_popupcostoviaticosdestino' is clicked on

2021-12-01 12:19:25 - [MESSAGE][PASSED] - Object: 'Object Repository/Modulo Actos Administrativos/Modulo Viáticos/Costos de Viáticos/input_viatico_form_popupcostoviaticosdestino' is clicked on

2021-12-01 12:19:25 - [TEST_STEP][PASSED] - click(findTestObject("Modulo Actos Administrativos/Modulo Viáticos/Costos de Viáticos/a_Guardar_costo")): Object: 'Object Repository/Modulo Actos Administrativos/Modulo Viáticos/Costos de Viáticos/a_Guardar_costo' is clicked on

2021-12-01 12:19:26 - [MESSAGE][PASSED] - Object: 'Object Repository/Modulo Actos Administrativos/Modulo Viáticos/Costos de Viáticos/a_Guardar_costo' is clicked on

2021-12-01 12:19:26 - [TEST_STEP][PASSED] - waitForElementClickable(findTestObject("Modulo Actos Administrativos/Modulo Viáticos/Costos de Viáticos/p_El registro se ha insertado correctamente"), 0): Object 'Object Repository/Modulo Actos Administrativos/Modulo Viáticos/Costos de Viáticos/p_El registro se ha insertado correctamente' is clickable

2021-12-01 12:19:26 - [MESSAGE][WARNING] - Timeout '0' is invalid. Using default page load timeout: '30'

2021-12-01 12:19:26 - [MESSAGE][PASSED] - Object 'Object Repository/Modulo Actos Administrativos/Modulo Viáticos/Costos de Viáticos/p_El registro se ha insertado correctamente' is clickable

2021-12-01 12:19:26 - [TEST_STEP][PASSED] - click(findTestObject("Modulo Actos Administrativos/Modulo Viáticos/Costos de Viáticos/span_Cerrar_ Costo viatico")): Object: 'Object Repository/Modulo Actos Administrativos/Modulo Viáticos/Costos de Viáticos/span_Cerrar_ Costo viatico' is clicked on

2021-12-01 12:19:27 - [MESSAGE][PASSED] - Object: 'Object Repository/Modulo Actos Administrativos/Modulo Viáticos/Costos de Viáticos/span_Cerrar_ Costo viatico' is clicked on

2021-12-01 12:19:27 - [TEST_STEP][PASSED] - getText(findTestObject("Alerta/Alerta")): Text of object 'Object Repository/Alerta/Alerta' is: 'El registro se ha insertado correctamente'

2021-12-01 12:19:27 - [MESSAGE][PASSED] - Text of object 'Object Repository/Alerta/Alerta' is: 'El registro se ha insertado correctamente']]></system-out>
         <system-err><![CDATA[]]></system-err>
      </testcase>
      <testcase name="Test Cases/1.1-Tareas Principales/1.6.2 Complementario de Viáticos" time="40.491" classname="Test Cases/1.1-Tareas Principales/1.6.2 Complementario de Viáticos" status="PASSED">
         <system-out><![CDATA[2021-12-01 12:19:27 - [TEST_CASE][PASSED] - Test Cases/1.1-Tareas Principales/1.6.2 Complementario de Viáticos: Test Cases/1.1-Tareas Principales/1.6.2 Complementario de Viáticos

2021-12-01 12:19:28 - [TEST_STEP][PASSED] - callTestCase(findTestCase("0.1-Login"), [:], STOP_ON_FAILURE): Call Test Case 'Test Cases/0.1-Login' successfully

2021-12-01 12:19:28 - [TEST_CASE][PASSED] - Test Cases/0.1-Login: Test Cases/0.1-Login

2021-12-01 12:19:28 - [TEST_STEP][PASSED] - openBrowser(""): Browser is opened with url: ''

2021-12-01 12:19:28 - [MESSAGE][WARNING] - A browser is already opened. Closing browser and opening a new one

2021-12-01 12:19:29 - [MESSAGE][INFO] - Starting 'Chrome' driver

2021-12-01 12:19:29 - [MESSAGE][INFO] - Action delay is set to 0 milliseconds

2021-12-01 12:19:30 - [MESSAGE][PASSED] - Browser is opened with url: ''

2021-12-01 12:19:30 - [TEST_STEP][PASSED] - maximizeWindow(): Current window maximized

2021-12-01 12:19:30 - [MESSAGE][PASSED] - Current window maximized

2021-12-01 12:19:30 - [TEST_STEP][PASSED] - i = G_Login: null

2021-12-01 12:19:30 - [TEST_STEP][PASSED] - url = new java.net.URL(i): null

2021-12-01 12:19:30 - [TEST_STEP][PASSED] - println("URL: " + url.toString()): null

2021-12-01 12:19:30 - [TEST_STEP][PASSED] - connection = url.openConnection(): null

2021-12-01 12:19:30 - [TEST_STEP][PASSED] - connection.setRequestMethod("GET"): null

2021-12-01 12:19:30 - [TEST_STEP][PASSED] - connection.setReadTimeout(2 * 1000): null

2021-12-01 12:19:30 - [TEST_STEP][PASSED] - try: null

2021-12-01 12:19:30 - [TEST_STEP][PASSED] - connection.connect(): null

2021-12-01 12:19:30 - [TEST_STEP][PASSED] - flag = connected: null

2021-12-01 12:19:30 - [TEST_STEP][PASSED] - println("Valor_ori: " + flag): null

2021-12-01 12:19:30 - [TEST_STEP][PASSED] - if (flag): null

2021-12-01 12:19:30 - [TEST_STEP][PASSED] - navigateToUrl(i): Navigate to 'http://localhost:8380/saraweb/' successfully

2021-12-01 12:19:32 - [MESSAGE][PASSED] - Navigate to 'http://localhost:8380/saraweb/' successfully

2021-12-01 12:19:32 - [TEST_STEP][PASSED] - a(): null

2021-12-01 12:19:32 - [TEST_STEP][PASSED] - setText(findTestObject("Login/input_USUARIO_loginusuario"), G_Usuario): Text 'saraadmin' is set on object 'Object Repository/Login/input_USUARIO_loginusuario'

2021-12-01 12:19:32 - [MESSAGE][PASSED] - Text 'saraadmin' is set on object 'Object Repository/Login/input_USUARIO_loginusuario'

2021-12-01 12:19:32 - [TEST_STEP][PASSED] - setEncryptedText(findTestObject("Login/input_CLAVE_loginpassword"), "MkG4/TYiCFC3cb2driP7+Q=="): Text ****** has been set on object 'Object Repository/Login/input_CLAVE_loginpassword'

2021-12-01 12:19:33 - [MESSAGE][PASSED] - Text ****** has been set on object 'Object Repository/Login/input_CLAVE_loginpassword'

2021-12-01 12:19:33 - [TEST_STEP][PASSED] - waitForElementClickable(findTestObject("Login/a_Ingresar"), G_TimeOut): Object 'Object Repository/Login/a_Ingresar' is clickable

2021-12-01 12:19:33 - [MESSAGE][PASSED] - Object 'Object Repository/Login/a_Ingresar' is clickable

2021-12-01 12:19:33 - [TEST_STEP][PASSED] - click(findTestObject("Login/a_Ingresar")): Object: 'Object Repository/Login/a_Ingresar' is clicked on

2021-12-01 12:19:37 - [MESSAGE][PASSED] - Object: 'Object Repository/Login/a_Ingresar' is clicked on

2021-12-01 12:19:37 - [TEST_STEP][PASSED] - element = findWebElement(findTestObject("Login/a_Ir"), 30): null

2021-12-01 12:19:37 - [TEST_STEP][PASSED] - executeJavaScript("arguments[0].click()", Arrays.asList(element)): Execute JavaScript 'arguments[0].click()' successfully

2021-12-01 12:19:37 - [MESSAGE][PASSED] - Execute JavaScript 'arguments[0].click()' successfully

2021-12-01 12:19:37 - [MESSAGE][PASSED] - Call Test Case 'Test Cases/0.1-Login' successfully

2021-12-01 12:19:37 - [TEST_STEP][PASSED] - waitForElementClickable(findTestObject("Modulo Actos Administrativos/Modulo Viáticos/Complementario de Viáticos/input_ADMINISTRADOR DEL SISTEMA - SARA_form_templatej_idt24_input"), 0): Object 'Object Repository/Modulo Actos Administrativos/Modulo Viáticos/Complementario de Viáticos/input_ADMINISTRADOR DEL SISTEMA - SARA_form_templatej_idt24_input' is clickable

2021-12-01 12:19:37 - [MESSAGE][WARNING] - Timeout '0' is invalid. Using default page load timeout: '30'

2021-12-01 12:19:38 - [MESSAGE][PASSED] - Object 'Object Repository/Modulo Actos Administrativos/Modulo Viáticos/Complementario de Viáticos/input_ADMINISTRADOR DEL SISTEMA - SARA_form_templatej_idt24_input' is clickable

2021-12-01 12:19:38 - [TEST_STEP][PASSED] - setText(findTestObject("Modulo Actos Administrativos/Modulo Viáticos/Complementario de Viáticos/input_ADMINISTRADOR DEL SISTEMA - SARA_form_templatej_idt24_input"), "listado de viaticos"): Text 'listado de viaticos' is set on object 'Object Repository/Modulo Actos Administrativos/Modulo Viáticos/Complementario de Viáticos/input_ADMINISTRADOR DEL SISTEMA - SARA_form_templatej_idt24_input'

2021-12-01 12:19:39 - [MESSAGE][PASSED] - Text 'listado de viaticos' is set on object 'Object Repository/Modulo Actos Administrativos/Modulo Viáticos/Complementario de Viáticos/input_ADMINISTRADOR DEL SISTEMA - SARA_form_templatej_idt24_input'

2021-12-01 12:19:39 - [TEST_STEP][PASSED] - waitForElementClickable(findTestObject("Modulo Actos Administrativos/Modulo Viáticos/Complementario de Viáticos/li_Listado de Viaticos (act)"), 0): Object 'Object Repository/Modulo Actos Administrativos/Modulo Viáticos/Complementario de Viáticos/li_Listado de Viaticos (act)' is clickable

2021-12-01 12:19:39 - [MESSAGE][WARNING] - Timeout '0' is invalid. Using default page load timeout: '30'

2021-12-01 12:19:40 - [MESSAGE][PASSED] - Object 'Object Repository/Modulo Actos Administrativos/Modulo Viáticos/Complementario de Viáticos/li_Listado de Viaticos (act)' is clickable

2021-12-01 12:19:40 - [TEST_STEP][PASSED] - sendKeys(findTestObject("Modulo Actos Administrativos/Modulo Viáticos/Complementario de Viáticos/input_ADMINISTRADOR DEL SISTEMA - SARA_form_templatej_idt24_input"), Keys.chord(ENTER)): Keys 'ENTER + ' sent to object: 'Object Repository/Modulo Actos Administrativos/Modulo Viáticos/Complementario de Viáticos/input_ADMINISTRADOR DEL SISTEMA - SARA_form_templatej_idt24_input'

2021-12-01 12:19:41 - [MESSAGE][PASSED] - Keys 'ENTER + ' sent to object: 'Object Repository/Modulo Actos Administrativos/Modulo Viáticos/Complementario de Viáticos/input_ADMINISTRADOR DEL SISTEMA - SARA_form_templatej_idt24_input'

2021-12-01 12:19:41 - [TEST_STEP][PASSED] - selectOptionByIndex(findTestObject("Modulo Actos Administrativos/Modulo Viáticos/Complementario de Viáticos/select_--Seleccione--AnuladoAutorizadaDerogadaNo AutorizadaProgramadaSolicitado"), 2): All options with index in [2] are selected on object 'Object Repository/Modulo Actos Administrativos/Modulo Viáticos/Complementario de Viáticos/select_--Seleccione--AnuladoAutorizadaDerogadaNo AutorizadaProgramadaSolicitado'

2021-12-01 12:19:43 - [MESSAGE][PASSED] - All options with index in [2] are selected on object 'Object Repository/Modulo Actos Administrativos/Modulo Viáticos/Complementario de Viáticos/select_--Seleccione--AnuladoAutorizadaDerogadaNo AutorizadaProgramadaSolicitado'

2021-12-01 12:19:43 - [TEST_STEP][PASSED] - if (waitForElementClickable(findTestObject("Modulo Actos Administrativos/Modulo Viáticos/Complementario de Viáticos/span_5"), 1)): null

2021-12-01 12:19:43 - [MESSAGE][PASSED] - Object 'Object Repository/Modulo Actos Administrativos/Modulo Viáticos/Complementario de Viáticos/span_5' is clickable

2021-12-01 12:19:43 - [TEST_STEP][PASSED] - click(findTestObject("Modulo Actos Administrativos/Modulo Viáticos/Complementario de Viáticos/span_5")): Object: 'Object Repository/Modulo Actos Administrativos/Modulo Viáticos/Complementario de Viáticos/span_5' is clicked on

2021-12-01 12:19:44 - [MESSAGE][PASSED] - Object: 'Object Repository/Modulo Actos Administrativos/Modulo Viáticos/Complementario de Viáticos/span_5' is clicked on

2021-12-01 12:19:44 - [TEST_STEP][PASSED] - waitForElementClickable(findTestObject("Modulo Actos Administrativos/Modulo Viáticos/Complementario de Viáticos/a_Complementario"), 0): Object 'Object Repository/Modulo Actos Administrativos/Modulo Viáticos/Complementario de Viáticos/a_Complementario' is clickable

2021-12-01 12:19:44 - [MESSAGE][WARNING] - Timeout '0' is invalid. Using default page load timeout: '30'

2021-12-01 12:19:45 - [MESSAGE][PASSED] - Object 'Object Repository/Modulo Actos Administrativos/Modulo Viáticos/Complementario de Viáticos/a_Complementario' is clickable

2021-12-01 12:19:45 - [TEST_STEP][PASSED] - click(findTestObject("Modulo Actos Administrativos/Modulo Viáticos/Complementario de Viáticos/a_Complementario")): Object: 'Object Repository/Modulo Actos Administrativos/Modulo Viáticos/Complementario de Viáticos/a_Complementario' is clicked on

2021-12-01 12:19:46 - [MESSAGE][PASSED] - Object: 'Object Repository/Modulo Actos Administrativos/Modulo Viáticos/Complementario de Viáticos/a_Complementario' is clicked on

2021-12-01 12:19:46 - [TEST_STEP][PASSED] - if (waitForElementClickable(findTestObject("Modulo Actos Administrativos/Modulo Viáticos/Complementario de Viáticos/span_Quintero 45 Empleado"), 1)): Web element with id: 'Object Repository/Modulo Actos Administrativos/Modulo Viáticos/Complementario de Viáticos/span_Quintero 45 Empleado' located by '//*/text()[normalize-space(.)='QUINTERO 45 EMPLEADO']/parent::*' not found

2021-12-01 12:19:48 - [MESSAGE][INFO] - Unable to find the element located by 'By.xpath: //*/text()[normalize-space(.)='QUINTERO 45 EMPLEADO']/parent::*'. Please recheck the objects properties to make sure the desired element is located. 

2021-12-01 12:19:48 - [MESSAGE][WARNING] - Web element with id: 'Object Repository/Modulo Actos Administrativos/Modulo Viáticos/Complementario de Viáticos/span_Quintero 45 Empleado' located by '//*/text()[normalize-space(.)='QUINTERO 45 EMPLEADO']/parent::*' not found

2021-12-01 12:19:48 - [TEST_STEP][PASSED] - click(findTestObject("Modulo Actos Administrativos/Modulo Viáticos/Complementario de Viáticos/a_Nuevo")): Object: 'Object Repository/Modulo Actos Administrativos/Modulo Viáticos/Complementario de Viáticos/a_Nuevo' is clicked on

2021-12-01 12:19:49 - [MESSAGE][PASSED] - Object: 'Object Repository/Modulo Actos Administrativos/Modulo Viáticos/Complementario de Viáticos/a_Nuevo' is clicked on

2021-12-01 12:19:49 - [TEST_STEP][PASSED] - click(findTestObject("Modulo Actos Administrativos/Modulo Viáticos/Complementario de Viáticos/a_Funcionario_form_popupComplementarioViaticoj_idt332")): Object: 'Object Repository/Modulo Actos Administrativos/Modulo Viáticos/Complementario de Viáticos/a_Funcionario_form_popupComplementarioViaticoj_idt332' is clicked on

2021-12-01 12:19:50 - [MESSAGE][PASSED] - Object: 'Object Repository/Modulo Actos Administrativos/Modulo Viáticos/Complementario de Viáticos/a_Funcionario_form_popupComplementarioViaticoj_idt332' is clicked on

2021-12-01 12:19:50 - [TEST_STEP][PASSED] - setText(findTestObject("Modulo Actos Administrativos/Modulo Viáticos/Complementario de Viáticos/input_Filtro Empleado_form_popupEmpleadoj_idt561"), "QUINTERO 45 EMPLEADO"): Text 'QUINTERO 45 EMPLEADO' is set on object 'Object Repository/Modulo Actos Administrativos/Modulo Viáticos/Complementario de Viáticos/input_Filtro Empleado_form_popupEmpleadoj_idt561'

2021-12-01 12:19:53 - [MESSAGE][PASSED] - Text 'QUINTERO 45 EMPLEADO' is set on object 'Object Repository/Modulo Actos Administrativos/Modulo Viáticos/Complementario de Viáticos/input_Filtro Empleado_form_popupEmpleadoj_idt561'

2021-12-01 12:19:53 - [TEST_STEP][PASSED] - sendKeys(findTestObject("Modulo Actos Administrativos/Modulo Viáticos/Complementario de Viáticos/input_Filtro Empleado_form_popupEmpleadoj_idt561"), Keys.chord(ENTER)): Keys 'ENTER + ' sent to object: 'Object Repository/Modulo Actos Administrativos/Modulo Viáticos/Complementario de Viáticos/input_Filtro Empleado_form_popupEmpleadoj_idt561'

2021-12-01 12:19:53 - [MESSAGE][PASSED] - Keys 'ENTER + ' sent to object: 'Object Repository/Modulo Actos Administrativos/Modulo Viáticos/Complementario de Viáticos/input_Filtro Empleado_form_popupEmpleadoj_idt561'

2021-12-01 12:19:53 - [TEST_STEP][PASSED] - click(findTestObject("Modulo Actos Administrativos/Modulo Viáticos/Complementario de Viáticos/span_Quintero 45 Empleado_Complementario")): Object: 'Object Repository/Modulo Actos Administrativos/Modulo Viáticos/Complementario de Viáticos/span_Quintero 45 Empleado_Complementario' is clicked on

2021-12-01 12:19:54 - [MESSAGE][PASSED] - Object: 'Object Repository/Modulo Actos Administrativos/Modulo Viáticos/Complementario de Viáticos/span_Quintero 45 Empleado_Complementario' is clicked on

2021-12-01 12:19:54 - [TEST_STEP][PASSED] - setText(findTestObject("Modulo Actos Administrativos/Modulo Viáticos/Complementario de Viáticos/input_Fecha Inicial_form_popupComplementarioViaticofechainicial_input"), "01/07/2021"): Text '01/07/2021' is set on object 'Object Repository/Modulo Actos Administrativos/Modulo Viáticos/Complementario de Viáticos/input_Fecha Inicial_form_popupComplementarioViaticofechainicial_input'

2021-12-01 12:19:55 - [MESSAGE][PASSED] - Text '01/07/2021' is set on object 'Object Repository/Modulo Actos Administrativos/Modulo Viáticos/Complementario de Viáticos/input_Fecha Inicial_form_popupComplementarioViaticofechainicial_input'

2021-12-01 12:19:55 - [TEST_STEP][PASSED] - setText(findTestObject("Modulo Actos Administrativos/Modulo Viáticos/Complementario de Viáticos/input_Fecha Final_form_popupComplementarioViaticofechafinal_input"), "01/11/2021"): Text '01/11/2021' is set on object 'Object Repository/Modulo Actos Administrativos/Modulo Viáticos/Complementario de Viáticos/input_Fecha Final_form_popupComplementarioViaticofechafinal_input'

2021-12-01 12:19:56 - [MESSAGE][PASSED] - Text '01/11/2021' is set on object 'Object Repository/Modulo Actos Administrativos/Modulo Viáticos/Complementario de Viáticos/input_Fecha Final_form_popupComplementarioViaticofechafinal_input'

2021-12-01 12:19:56 - [TEST_STEP][PASSED] - setText(findTestObject("Modulo Actos Administrativos/Modulo Viáticos/Complementario de Viáticos/input_Cantidad_form_popupComplementarioViaticocantidad"), "10"): Text '10' is set on object 'Object Repository/Modulo Actos Administrativos/Modulo Viáticos/Complementario de Viáticos/input_Cantidad_form_popupComplementarioViaticocantidad'

2021-12-01 12:19:57 - [MESSAGE][PASSED] - Text '10' is set on object 'Object Repository/Modulo Actos Administrativos/Modulo Viáticos/Complementario de Viáticos/input_Cantidad_form_popupComplementarioViaticocantidad'

2021-12-01 12:19:57 - [TEST_STEP][PASSED] - selectOptionByIndex(findTestObject("Modulo Actos Administrativos/Modulo Viáticos/Complementario de Viáticos/select_--- Seleccione Tipo Costo --Viatico prueba--comple"), "1"): All options with index in [1] are selected on object 'Object Repository/Modulo Actos Administrativos/Modulo Viáticos/Complementario de Viáticos/select_--- Seleccione Tipo Costo --Viatico prueba--comple'

2021-12-01 12:19:58 - [MESSAGE][PASSED] - All options with index in [1] are selected on object 'Object Repository/Modulo Actos Administrativos/Modulo Viáticos/Complementario de Viáticos/select_--- Seleccione Tipo Costo --Viatico prueba--comple'

2021-12-01 12:19:58 - [TEST_STEP][PASSED] - setText(findTestObject("Modulo Actos Administrativos/Modulo Viáticos/Complementario de Viáticos/input_Cdp_form_popupComplementarioViaticodocumento"), "1019"): Text '1019' is set on object 'Object Repository/Modulo Actos Administrativos/Modulo Viáticos/Complementario de Viáticos/input_Cdp_form_popupComplementarioViaticodocumento'

2021-12-01 12:19:59 - [MESSAGE][PASSED] - Text '1019' is set on object 'Object Repository/Modulo Actos Administrativos/Modulo Viáticos/Complementario de Viáticos/input_Cdp_form_popupComplementarioViaticodocumento'

2021-12-01 12:19:59 - [TEST_STEP][PASSED] - setText(findTestObject("Modulo Actos Administrativos/Modulo Viáticos/Complementario de Viáticos/input_TRM Proyectada_form_popupComplementarioViaticotrm"), "5"): Text '5' is set on object 'Object Repository/Modulo Actos Administrativos/Modulo Viáticos/Complementario de Viáticos/input_TRM Proyectada_form_popupComplementarioViaticotrm'

2021-12-01 12:20:00 - [MESSAGE][PASSED] - Text '5' is set on object 'Object Repository/Modulo Actos Administrativos/Modulo Viáticos/Complementario de Viáticos/input_TRM Proyectada_form_popupComplementarioViaticotrm'

2021-12-01 12:20:00 - [TEST_STEP][PASSED] - click(findTestObject("Modulo Actos Administrativos/Modulo Viáticos/Complementario de Viáticos/a_Guardar_complemento")): Object: 'Object Repository/Modulo Actos Administrativos/Modulo Viáticos/Complementario de Viáticos/a_Guardar_complemento' is clicked on

2021-12-01 12:20:01 - [MESSAGE][PASSED] - Object: 'Object Repository/Modulo Actos Administrativos/Modulo Viáticos/Complementario de Viáticos/a_Guardar_complemento' is clicked on

2021-12-01 12:20:01 - [TEST_STEP][PASSED] - getText(findTestObject("Alerta/Alerta")): Text of object 'Object Repository/Alerta/Alerta' is: 'Se ha creado el registro.'

2021-12-01 12:20:01 - [MESSAGE][PASSED] - Text of object 'Object Repository/Alerta/Alerta' is: 'Se ha creado el registro.'

2021-12-01 12:20:01 - [TEST_STEP][PASSED] - click(findTestObject("Modulo Actos Administrativos/Modulo Viáticos/Complementario de Viáticos/span_E_ui-icon ui-icon-closethick")): Object: 'Object Repository/Modulo Actos Administrativos/Modulo Viáticos/Complementario de Viáticos/span_E_ui-icon ui-icon-closethick' is clicked on

2021-12-01 12:20:02 - [MESSAGE][PASSED] - Object: 'Object Repository/Modulo Actos Administrativos/Modulo Viáticos/Complementario de Viáticos/span_E_ui-icon ui-icon-closethick' is clicked on

2021-12-01 12:20:02 - [TEST_STEP][PASSED] - waitForElementClickable(findTestObject("Modulo Actos Administrativos/Modulo Viáticos/Complementario de Viáticos/a_Registro"), 0): Object 'Object Repository/Modulo Actos Administrativos/Modulo Viáticos/Complementario de Viáticos/a_Registro' is clickable

2021-12-01 12:20:02 - [MESSAGE][WARNING] - Timeout '0' is invalid. Using default page load timeout: '30'

2021-12-01 12:20:02 - [MESSAGE][PASSED] - Object 'Object Repository/Modulo Actos Administrativos/Modulo Viáticos/Complementario de Viáticos/a_Registro' is clickable

2021-12-01 12:20:02 - [TEST_STEP][PASSED] - click(findTestObject("Modulo Actos Administrativos/Modulo Viáticos/Complementario de Viáticos/a_Registro")): Object: 'Object Repository/Modulo Actos Administrativos/Modulo Viáticos/Complementario de Viáticos/a_Registro' is clicked on

2021-12-01 12:20:03 - [MESSAGE][PASSED] - Object: 'Object Repository/Modulo Actos Administrativos/Modulo Viáticos/Complementario de Viáticos/a_Registro' is clicked on

2021-12-01 12:20:03 - [TEST_STEP][PASSED] - if (waitForElementClickable(findTestObject("Modulo Actos Administrativos/Modulo Viáticos/Complementario de Viáticos/a_Nuevo"), 1)): Web element with id: 'Object Repository/Modulo Actos Administrativos/Modulo Viáticos/Complementario de Viáticos/a_Nuevo' located by '//a[contains(text(),'Nuevo')]' not found

2021-12-01 12:20:05 - [MESSAGE][INFO] - Unable to find the element located by 'By.xpath: //a[contains(text(),'Nuevo')]'. Please recheck the objects properties to make sure the desired element is located. 

2021-12-01 12:20:05 - [MESSAGE][WARNING] - Web element with id: 'Object Repository/Modulo Actos Administrativos/Modulo Viáticos/Complementario de Viáticos/a_Nuevo' located by '//a[contains(text(),'Nuevo')]' not found

2021-12-01 12:20:05 - [TEST_STEP][PASSED] - if (waitForElementClickable(findTestObject("Modulo Actos Administrativos/Modulo Viáticos/Complementario de Viáticos/span_Autorizada_ui-icon ui-icon-closethick"), 1)): Web element with id: 'Object Repository/Modulo Actos Administrativos/Modulo Viáticos/Complementario de Viáticos/span_Autorizada_ui-icon ui-icon-closethick' located by '//div[2]/div/a/span' not found

2021-12-01 12:20:07 - [MESSAGE][INFO] - Unable to find the element located by 'By.xpath: //div[2]/div/a/span'. Please recheck the objects properties to make sure the desired element is located. 

2021-12-01 12:20:07 - [MESSAGE][WARNING] - Web element with id: 'Object Repository/Modulo Actos Administrativos/Modulo Viáticos/Complementario de Viáticos/span_Autorizada_ui-icon ui-icon-closethick' located by '//div[2]/div/a/span' not found

2021-12-01 12:20:07 - [TEST_STEP][PASSED] - closeBrowser(): Browser is closed

2021-12-01 12:20:08 - [MESSAGE][PASSED] - Browser is closed]]></system-out>
         <system-err><![CDATA[]]></system-err>
      </testcase>
      <testcase name="Test Cases/1.1-Tareas Principales/1.6.3 Desembolsar Viático" time="32.589" classname="Test Cases/1.1-Tareas Principales/1.6.3 Desembolsar Viático" status="PASSED">
         <system-out><![CDATA[2021-12-01 12:20:08 - [TEST_CASE][PASSED] - Test Cases/1.1-Tareas Principales/1.6.3 Desembolsar Viático: Test Cases/1.1-Tareas Principales/1.6.3 Desembolsar Viático

2021-12-01 12:20:08 - [TEST_STEP][PASSED] - callTestCase(findTestCase("0.1-Login"), [:], STOP_ON_FAILURE): Call Test Case 'Test Cases/0.1-Login' successfully

2021-12-01 12:20:08 - [TEST_CASE][PASSED] - Test Cases/0.1-Login: Test Cases/0.1-Login

2021-12-01 12:20:08 - [TEST_STEP][PASSED] - openBrowser(""): Browser is opened with url: ''

2021-12-01 12:20:08 - [MESSAGE][INFO] - Starting 'Chrome' driver

2021-12-01 12:20:08 - [MESSAGE][INFO] - Action delay is set to 0 milliseconds

2021-12-01 12:20:10 - [MESSAGE][PASSED] - Browser is opened with url: ''

2021-12-01 12:20:10 - [TEST_STEP][PASSED] - maximizeWindow(): Current window maximized

2021-12-01 12:20:10 - [MESSAGE][PASSED] - Current window maximized

2021-12-01 12:20:10 - [TEST_STEP][PASSED] - i = G_Login: null

2021-12-01 12:20:10 - [TEST_STEP][PASSED] - url = new java.net.URL(i): null

2021-12-01 12:20:10 - [TEST_STEP][PASSED] - println("URL: " + url.toString()): null

2021-12-01 12:20:10 - [TEST_STEP][PASSED] - connection = url.openConnection(): null

2021-12-01 12:20:10 - [TEST_STEP][PASSED] - connection.setRequestMethod("GET"): null

2021-12-01 12:20:10 - [TEST_STEP][PASSED] - connection.setReadTimeout(2 * 1000): null

2021-12-01 12:20:10 - [TEST_STEP][PASSED] - try: null

2021-12-01 12:20:10 - [TEST_STEP][PASSED] - connection.connect(): null

2021-12-01 12:20:10 - [TEST_STEP][PASSED] - flag = connected: null

2021-12-01 12:20:10 - [TEST_STEP][PASSED] - println("Valor_ori: " + flag): null

2021-12-01 12:20:10 - [TEST_STEP][PASSED] - if (flag): null

2021-12-01 12:20:10 - [TEST_STEP][PASSED] - navigateToUrl(i): Navigate to 'http://localhost:8380/saraweb/' successfully

2021-12-01 12:20:11 - [MESSAGE][PASSED] - Navigate to 'http://localhost:8380/saraweb/' successfully

2021-12-01 12:20:11 - [TEST_STEP][PASSED] - a(): null

2021-12-01 12:20:11 - [TEST_STEP][PASSED] - setText(findTestObject("Login/input_USUARIO_loginusuario"), G_Usuario): Text 'saraadmin' is set on object 'Object Repository/Login/input_USUARIO_loginusuario'

2021-12-01 12:20:12 - [MESSAGE][PASSED] - Text 'saraadmin' is set on object 'Object Repository/Login/input_USUARIO_loginusuario'

2021-12-01 12:20:12 - [TEST_STEP][PASSED] - setEncryptedText(findTestObject("Login/input_CLAVE_loginpassword"), "MkG4/TYiCFC3cb2driP7+Q=="): Text ****** has been set on object 'Object Repository/Login/input_CLAVE_loginpassword'

2021-12-01 12:20:13 - [MESSAGE][PASSED] - Text ****** has been set on object 'Object Repository/Login/input_CLAVE_loginpassword'

2021-12-01 12:20:13 - [TEST_STEP][PASSED] - waitForElementClickable(findTestObject("Login/a_Ingresar"), G_TimeOut): Object 'Object Repository/Login/a_Ingresar' is clickable

2021-12-01 12:20:13 - [MESSAGE][PASSED] - Object 'Object Repository/Login/a_Ingresar' is clickable

2021-12-01 12:20:13 - [TEST_STEP][PASSED] - click(findTestObject("Login/a_Ingresar")): Object: 'Object Repository/Login/a_Ingresar' is clicked on

2021-12-01 12:20:17 - [MESSAGE][PASSED] - Object: 'Object Repository/Login/a_Ingresar' is clicked on

2021-12-01 12:20:17 - [TEST_STEP][PASSED] - element = findWebElement(findTestObject("Login/a_Ir"), 30): null

2021-12-01 12:20:17 - [TEST_STEP][PASSED] - executeJavaScript("arguments[0].click()", Arrays.asList(element)): Execute JavaScript 'arguments[0].click()' successfully

2021-12-01 12:20:17 - [MESSAGE][PASSED] - Execute JavaScript 'arguments[0].click()' successfully

2021-12-01 12:20:17 - [MESSAGE][PASSED] - Call Test Case 'Test Cases/0.1-Login' successfully

2021-12-01 12:20:17 - [TEST_STEP][PASSED] - waitForElementClickable(findTestObject("Modulo Actos Administrativos/Modulo Viáticos/Desembolsar viáticos/input_ADMINISTRADOR DEL SISTEMA - SARA_form_templatej_idt24_input"), 0): Object 'Object Repository/Modulo Actos Administrativos/Modulo Viáticos/Desembolsar viáticos/input_ADMINISTRADOR DEL SISTEMA - SARA_form_templatej_idt24_input' is clickable

2021-12-01 12:20:17 - [MESSAGE][WARNING] - Timeout '0' is invalid. Using default page load timeout: '30'

2021-12-01 12:20:18 - [MESSAGE][PASSED] - Object 'Object Repository/Modulo Actos Administrativos/Modulo Viáticos/Desembolsar viáticos/input_ADMINISTRADOR DEL SISTEMA - SARA_form_templatej_idt24_input' is clickable

2021-12-01 12:20:18 - [TEST_STEP][PASSED] - setText(findTestObject("Modulo Actos Administrativos/Modulo Viáticos/Desembolsar viáticos/input_ADMINISTRADOR DEL SISTEMA - SARA_form_templatej_idt24_input"), "listado de viaticos"): Text 'listado de viaticos' is set on object 'Object Repository/Modulo Actos Administrativos/Modulo Viáticos/Desembolsar viáticos/input_ADMINISTRADOR DEL SISTEMA - SARA_form_templatej_idt24_input'

2021-12-01 12:20:19 - [MESSAGE][PASSED] - Text 'listado de viaticos' is set on object 'Object Repository/Modulo Actos Administrativos/Modulo Viáticos/Desembolsar viáticos/input_ADMINISTRADOR DEL SISTEMA - SARA_form_templatej_idt24_input'

2021-12-01 12:20:19 - [TEST_STEP][PASSED] - waitForElementClickable(findTestObject("Modulo Actos Administrativos/Modulo Viáticos/Desembolsar viáticos/li_Listado de Viaticos (act)"), 0): Object 'Object Repository/Modulo Actos Administrativos/Modulo Viáticos/Desembolsar viáticos/li_Listado de Viaticos (act)' is clickable

2021-12-01 12:20:19 - [MESSAGE][WARNING] - Timeout '0' is invalid. Using default page load timeout: '30'

2021-12-01 12:20:20 - [MESSAGE][PASSED] - Object 'Object Repository/Modulo Actos Administrativos/Modulo Viáticos/Desembolsar viáticos/li_Listado de Viaticos (act)' is clickable

2021-12-01 12:20:20 - [TEST_STEP][PASSED] - sendKeys(findTestObject("Modulo Actos Administrativos/Modulo Viáticos/Desembolsar viáticos/input_ADMINISTRADOR DEL SISTEMA - SARA_form_templatej_idt24_input"), Keys.chord(ENTER)): Keys 'ENTER + ' sent to object: 'Object Repository/Modulo Actos Administrativos/Modulo Viáticos/Desembolsar viáticos/input_ADMINISTRADOR DEL SISTEMA - SARA_form_templatej_idt24_input'

2021-12-01 12:20:21 - [MESSAGE][PASSED] - Keys 'ENTER + ' sent to object: 'Object Repository/Modulo Actos Administrativos/Modulo Viáticos/Desembolsar viáticos/input_ADMINISTRADOR DEL SISTEMA - SARA_form_templatej_idt24_input'

2021-12-01 12:20:21 - [TEST_STEP][PASSED] - selectOptionByIndex(findTestObject("Modulo Actos Administrativos/Modulo Viáticos/Desembolsar viáticos/select_--Seleccione--AnuladoAutorizadaDerogadaNo AutorizadaProgramadaSolicitado"), 2): All options with index in [2] are selected on object 'Object Repository/Modulo Actos Administrativos/Modulo Viáticos/Desembolsar viáticos/select_--Seleccione--AnuladoAutorizadaDerogadaNo AutorizadaProgramadaSolicitado'

2021-12-01 12:20:23 - [MESSAGE][PASSED] - All options with index in [2] are selected on object 'Object Repository/Modulo Actos Administrativos/Modulo Viáticos/Desembolsar viáticos/select_--Seleccione--AnuladoAutorizadaDerogadaNo AutorizadaProgramadaSolicitado'

2021-12-01 12:20:23 - [TEST_STEP][PASSED] - if (waitForElementClickable(findTestObject("Modulo Actos Administrativos/Modulo Viáticos/Desembolsar viáticos/span_5_autorizado"), 1)): null

2021-12-01 12:20:23 - [MESSAGE][PASSED] - Object 'Object Repository/Modulo Actos Administrativos/Modulo Viáticos/Desembolsar viáticos/span_5_autorizado' is clickable

2021-12-01 12:20:23 - [TEST_STEP][PASSED] - click(findTestObject("Modulo Actos Administrativos/Modulo Viáticos/Desembolsar viáticos/span_5_autorizado")): Object: 'Object Repository/Modulo Actos Administrativos/Modulo Viáticos/Desembolsar viáticos/span_5_autorizado' is clicked on

2021-12-01 12:20:24 - [MESSAGE][PASSED] - Object: 'Object Repository/Modulo Actos Administrativos/Modulo Viáticos/Desembolsar viáticos/span_5_autorizado' is clicked on

2021-12-01 12:20:24 - [TEST_STEP][PASSED] - waitForElementClickable(findTestObject("Modulo Actos Administrativos/Modulo Viáticos/Desembolsar viáticos/a_Cerrar Desembolsar"), 1): Object 'Object Repository/Modulo Actos Administrativos/Modulo Viáticos/Desembolsar viáticos/a_Cerrar Desembolsar' is clickable

2021-12-01 12:20:25 - [MESSAGE][PASSED] - Object 'Object Repository/Modulo Actos Administrativos/Modulo Viáticos/Desembolsar viáticos/a_Cerrar Desembolsar' is clickable

2021-12-01 12:20:25 - [TEST_STEP][PASSED] - click(findTestObject("Modulo Actos Administrativos/Modulo Viáticos/Desembolsar viáticos/a_Cerrar Desembolsar")): Object: 'Object Repository/Modulo Actos Administrativos/Modulo Viáticos/Desembolsar viáticos/a_Cerrar Desembolsar' is clicked on

2021-12-01 12:20:26 - [MESSAGE][PASSED] - Object: 'Object Repository/Modulo Actos Administrativos/Modulo Viáticos/Desembolsar viáticos/a_Cerrar Desembolsar' is clicked on

2021-12-01 12:20:26 - [TEST_STEP][PASSED] - waitForElementClickable(findTestObject("Modulo Actos Administrativos/Modulo Viáticos/Desembolsar viáticos/input_Nmero Resolucin_form_popupViaticoCierreDesembolsonumero"), 0): Object 'Object Repository/Modulo Actos Administrativos/Modulo Viáticos/Desembolsar viáticos/input_Nmero Resolucin_form_popupViaticoCierreDesembolsonumero' is clickable

2021-12-01 12:20:26 - [MESSAGE][WARNING] - Timeout '0' is invalid. Using default page load timeout: '30'

2021-12-01 12:20:26 - [MESSAGE][PASSED] - Object 'Object Repository/Modulo Actos Administrativos/Modulo Viáticos/Desembolsar viáticos/input_Nmero Resolucin_form_popupViaticoCierreDesembolsonumero' is clickable

2021-12-01 12:20:26 - [TEST_STEP][PASSED] - setText(findTestObject("Modulo Actos Administrativos/Modulo Viáticos/Desembolsar viáticos/input_Nmero Resolucin_form_popupViaticoCierreDesembolsonumero"), "5"): Text '5' is set on object 'Object Repository/Modulo Actos Administrativos/Modulo Viáticos/Desembolsar viáticos/input_Nmero Resolucin_form_popupViaticoCierreDesembolsonumero'

2021-12-01 12:20:27 - [MESSAGE][PASSED] - Text '5' is set on object 'Object Repository/Modulo Actos Administrativos/Modulo Viáticos/Desembolsar viáticos/input_Nmero Resolucin_form_popupViaticoCierreDesembolsonumero'

2021-12-01 12:20:27 - [TEST_STEP][PASSED] - setText(findTestObject("Modulo Actos Administrativos/Modulo Viáticos/Desembolsar viáticos/input_Fecha_form_popupViaticoCierreDesembolsofecha_input"), "01/07/2021"): Text '01/07/2021' is set on object 'Object Repository/Modulo Actos Administrativos/Modulo Viáticos/Desembolsar viáticos/input_Fecha_form_popupViaticoCierreDesembolsofecha_input'

2021-12-01 12:20:28 - [MESSAGE][PASSED] - Text '01/07/2021' is set on object 'Object Repository/Modulo Actos Administrativos/Modulo Viáticos/Desembolsar viáticos/input_Fecha_form_popupViaticoCierreDesembolsofecha_input'

2021-12-01 12:20:28 - [TEST_STEP][PASSED] - setText(findTestObject("Modulo Actos Administrativos/Modulo Viáticos/Desembolsar viáticos/input_TRM_form_popupViaticoCierreDesembolsotrm"), "5"): Text '5' is set on object 'Object Repository/Modulo Actos Administrativos/Modulo Viáticos/Desembolsar viáticos/input_TRM_form_popupViaticoCierreDesembolsotrm'

2021-12-01 12:20:29 - [MESSAGE][PASSED] - Text '5' is set on object 'Object Repository/Modulo Actos Administrativos/Modulo Viáticos/Desembolsar viáticos/input_TRM_form_popupViaticoCierreDesembolsotrm'

2021-12-01 12:20:29 - [TEST_STEP][PASSED] - click(findTestObject("Modulo Actos Administrativos/Modulo Viáticos/Desembolsar viáticos/a_Aplicar1")): Object: 'Object Repository/Modulo Actos Administrativos/Modulo Viáticos/Desembolsar viáticos/a_Aplicar1' is clicked on

2021-12-01 12:20:29 - [MESSAGE][PASSED] - Object: 'Object Repository/Modulo Actos Administrativos/Modulo Viáticos/Desembolsar viáticos/a_Aplicar1' is clicked on

2021-12-01 12:20:29 - [TEST_STEP][PASSED] - waitForElementClickable(findTestObject("Modulo Actos Administrativos/Modulo Viáticos/Desembolsar viáticos/a_Desembolso"), 0): Object 'Object Repository/Modulo Actos Administrativos/Modulo Viáticos/Desembolsar viáticos/a_Desembolso' is clickable

2021-12-01 12:20:29 - [MESSAGE][WARNING] - Timeout '0' is invalid. Using default page load timeout: '30'

2021-12-01 12:20:30 - [MESSAGE][PASSED] - Object 'Object Repository/Modulo Actos Administrativos/Modulo Viáticos/Desembolsar viáticos/a_Desembolso' is clickable

2021-12-01 12:20:30 - [TEST_STEP][PASSED] - click(findTestObject("Modulo Actos Administrativos/Modulo Viáticos/Desembolsar viáticos/a_Desembolso")): Object: 'Object Repository/Modulo Actos Administrativos/Modulo Viáticos/Desembolsar viáticos/a_Desembolso' is clicked on

2021-12-01 12:20:31 - [MESSAGE][PASSED] - Object: 'Object Repository/Modulo Actos Administrativos/Modulo Viáticos/Desembolsar viáticos/a_Desembolso' is clicked on

2021-12-01 12:20:31 - [TEST_STEP][PASSED] - delay(2): Delayed 2 second(s)

2021-12-01 12:20:33 - [MESSAGE][PASSED] - Delayed 2 second(s)

2021-12-01 12:20:33 - [TEST_STEP][PASSED] - if (waitForElementClickable(findTestObject("Modulo Actos Administrativos/Modulo Viáticos/Desembolsar viáticos/a_Nuevo_Modificar"), 1)): Web element with id: 'Object Repository/Modulo Actos Administrativos/Modulo Viáticos/Desembolsar viáticos/a_Nuevo_Modificar' located by '
//*/text()[normalize-space(.)='Nuevo']/parent::*' not found

2021-12-01 12:20:35 - [MESSAGE][INFO] - Unable to find the element located by 'By.xpath: 
//*/text()[normalize-space(.)='Nuevo']/parent::*'. Please recheck the objects properties to make sure the desired element is located. 

2021-12-01 12:20:35 - [MESSAGE][WARNING] - Web element with id: 'Object Repository/Modulo Actos Administrativos/Modulo Viáticos/Desembolsar viáticos/a_Nuevo_Modificar' located by '
//*/text()[normalize-space(.)='Nuevo']/parent::*' not found

2021-12-01 12:20:35 - [TEST_STEP][PASSED] - if (waitForElementClickable(findTestObject("Modulo Actos Administrativos/Modulo Viáticos/Desembolsar viáticos/td_seleccion_01072021"), 1)): Web element with id: 'Object Repository/Modulo Actos Administrativos/Modulo Viáticos/Desembolsar viáticos/td_seleccion_01072021' located by '//*/text()[normalize-space(.)='01/07/2021']/parent::*' not found

2021-12-01 12:20:37 - [MESSAGE][INFO] - Unable to find the element located by 'By.xpath: //*/text()[normalize-space(.)='01/07/2021']/parent::*'. Please recheck the objects properties to make sure the desired element is located. 

2021-12-01 12:20:37 - [MESSAGE][WARNING] - Web element with id: 'Object Repository/Modulo Actos Administrativos/Modulo Viáticos/Desembolsar viáticos/td_seleccion_01072021' located by '//*/text()[normalize-space(.)='01/07/2021']/parent::*' not found

2021-12-01 12:20:37 - [TEST_STEP][PASSED] - if (waitForElementClickable(findTestObject("Modulo Actos Administrativos/Modulo Viáticos/Desembolsar viáticos/span_No se encontr registros_ui-icon ui-icon-closethick"), 1)): Web element with id: 'Object Repository/Modulo Actos Administrativos/Modulo Viáticos/Desembolsar viáticos/span_No se encontr registros_ui-icon ui-icon-closethick' located by '//div[@id='form_listadoviaticos:j_idt127']/div/a/span' not found

2021-12-01 12:20:40 - [MESSAGE][INFO] - Unable to find the element located by 'By.xpath: //div[@id='form_listadoviaticos:j_idt127']/div/a/span'. Please recheck the objects properties to make sure the desired element is located. 

2021-12-01 12:20:40 - [MESSAGE][WARNING] - Web element with id: 'Object Repository/Modulo Actos Administrativos/Modulo Viáticos/Desembolsar viáticos/span_No se encontr registros_ui-icon ui-icon-closethick' located by '//div[@id='form_listadoviaticos:j_idt127']/div/a/span' not found

2021-12-01 12:20:40 - [TEST_STEP][PASSED] - closeBrowser(): Browser is closed

2021-12-01 12:20:40 - [MESSAGE][PASSED] - Browser is closed]]></system-out>
         <system-err><![CDATA[]]></system-err>
      </testcase>
      <testcase name="Test Cases/1.1-Tareas Principales/1.6.5 Modificar Solicitud de Viáticos" time="45.218" classname="Test Cases/1.1-Tareas Principales/1.6.5 Modificar Solicitud de Viáticos" status="PASSED">
         <system-out><![CDATA[2021-12-01 12:20:40 - [TEST_CASE][PASSED] - Test Cases/1.1-Tareas Principales/1.6.5 Modificar Solicitud de Viáticos: Test Cases/1.1-Tareas Principales/1.6.5 Modificar Solicitud de Viáticos

2021-12-01 12:20:41 - [TEST_STEP][PASSED] - callTestCase(findTestCase("0.1-Login"), [:], STOP_ON_FAILURE): Call Test Case 'Test Cases/0.1-Login' successfully

2021-12-01 12:20:41 - [TEST_CASE][PASSED] - Test Cases/0.1-Login: Test Cases/0.1-Login

2021-12-01 12:20:41 - [TEST_STEP][PASSED] - openBrowser(""): Browser is opened with url: ''

2021-12-01 12:20:41 - [MESSAGE][INFO] - Starting 'Chrome' driver

2021-12-01 12:20:41 - [MESSAGE][INFO] - Action delay is set to 0 milliseconds

2021-12-01 12:20:43 - [MESSAGE][PASSED] - Browser is opened with url: ''

2021-12-01 12:20:43 - [TEST_STEP][PASSED] - maximizeWindow(): Current window maximized

2021-12-01 12:20:43 - [MESSAGE][PASSED] - Current window maximized

2021-12-01 12:20:43 - [TEST_STEP][PASSED] - i = G_Login: null

2021-12-01 12:20:43 - [TEST_STEP][PASSED] - url = new java.net.URL(i): null

2021-12-01 12:20:43 - [TEST_STEP][PASSED] - println("URL: " + url.toString()): null

2021-12-01 12:20:43 - [TEST_STEP][PASSED] - connection = url.openConnection(): null

2021-12-01 12:20:43 - [TEST_STEP][PASSED] - connection.setRequestMethod("GET"): null

2021-12-01 12:20:43 - [TEST_STEP][PASSED] - connection.setReadTimeout(2 * 1000): null

2021-12-01 12:20:43 - [TEST_STEP][PASSED] - try: null

2021-12-01 12:20:43 - [TEST_STEP][PASSED] - connection.connect(): null

2021-12-01 12:20:43 - [TEST_STEP][PASSED] - flag = connected: null

2021-12-01 12:20:43 - [TEST_STEP][PASSED] - println("Valor_ori: " + flag): null

2021-12-01 12:20:43 - [TEST_STEP][PASSED] - if (flag): null

2021-12-01 12:20:43 - [TEST_STEP][PASSED] - navigateToUrl(i): Navigate to 'http://localhost:8380/saraweb/' successfully

2021-12-01 12:20:44 - [MESSAGE][PASSED] - Navigate to 'http://localhost:8380/saraweb/' successfully

2021-12-01 12:20:44 - [TEST_STEP][PASSED] - a(): null

2021-12-01 12:20:44 - [TEST_STEP][PASSED] - setText(findTestObject("Login/input_USUARIO_loginusuario"), G_Usuario): Text 'saraadmin' is set on object 'Object Repository/Login/input_USUARIO_loginusuario'

2021-12-01 12:20:45 - [MESSAGE][PASSED] - Text 'saraadmin' is set on object 'Object Repository/Login/input_USUARIO_loginusuario'

2021-12-01 12:20:45 - [TEST_STEP][PASSED] - setEncryptedText(findTestObject("Login/input_CLAVE_loginpassword"), "MkG4/TYiCFC3cb2driP7+Q=="): Text ****** has been set on object 'Object Repository/Login/input_CLAVE_loginpassword'

2021-12-01 12:20:45 - [MESSAGE][PASSED] - Text ****** has been set on object 'Object Repository/Login/input_CLAVE_loginpassword'

2021-12-01 12:20:45 - [TEST_STEP][PASSED] - waitForElementClickable(findTestObject("Login/a_Ingresar"), G_TimeOut): Object 'Object Repository/Login/a_Ingresar' is clickable

2021-12-01 12:20:46 - [MESSAGE][PASSED] - Object 'Object Repository/Login/a_Ingresar' is clickable

2021-12-01 12:20:46 - [TEST_STEP][PASSED] - click(findTestObject("Login/a_Ingresar")): Object: 'Object Repository/Login/a_Ingresar' is clicked on

2021-12-01 12:20:52 - [MESSAGE][PASSED] - Object: 'Object Repository/Login/a_Ingresar' is clicked on

2021-12-01 12:20:52 - [TEST_STEP][PASSED] - element = findWebElement(findTestObject("Login/a_Ir"), 30): null

2021-12-01 12:20:53 - [TEST_STEP][PASSED] - executeJavaScript("arguments[0].click()", Arrays.asList(element)): Execute JavaScript 'arguments[0].click()' successfully

2021-12-01 12:20:53 - [MESSAGE][PASSED] - Execute JavaScript 'arguments[0].click()' successfully

2021-12-01 12:20:53 - [MESSAGE][PASSED] - Call Test Case 'Test Cases/0.1-Login' successfully

2021-12-01 12:20:53 - [TEST_STEP][PASSED] - waitForElementClickable(findTestObject("Modulo Actos Administrativos/Modulo Viáticos/Modificar Solicitud de Viáticos/input_ADMINISTRADOR DEL SISTEMA - SARA_form_templatej_idt24_input"), 0): Object 'Object Repository/Modulo Actos Administrativos/Modulo Viáticos/Modificar Solicitud de Viáticos/input_ADMINISTRADOR DEL SISTEMA - SARA_form_templatej_idt24_input' is clickable

2021-12-01 12:20:53 - [MESSAGE][WARNING] - Timeout '0' is invalid. Using default page load timeout: '30'

2021-12-01 12:20:54 - [MESSAGE][PASSED] - Object 'Object Repository/Modulo Actos Administrativos/Modulo Viáticos/Modificar Solicitud de Viáticos/input_ADMINISTRADOR DEL SISTEMA - SARA_form_templatej_idt24_input' is clickable

2021-12-01 12:20:54 - [TEST_STEP][PASSED] - setText(findTestObject("Modulo Actos Administrativos/Modulo Viáticos/Modificar Solicitud de Viáticos/input_ADMINISTRADOR DEL SISTEMA - SARA_form_templatej_idt24_input"), "listado de viaticos"): Text 'listado de viaticos' is set on object 'Object Repository/Modulo Actos Administrativos/Modulo Viáticos/Modificar Solicitud de Viáticos/input_ADMINISTRADOR DEL SISTEMA - SARA_form_templatej_idt24_input'

2021-12-01 12:20:55 - [MESSAGE][PASSED] - Text 'listado de viaticos' is set on object 'Object Repository/Modulo Actos Administrativos/Modulo Viáticos/Modificar Solicitud de Viáticos/input_ADMINISTRADOR DEL SISTEMA - SARA_form_templatej_idt24_input'

2021-12-01 12:20:55 - [TEST_STEP][PASSED] - waitForElementClickable(findTestObject("Modulo Actos Administrativos/Modulo Viáticos/Modificar Solicitud de Viáticos/li_Listado de Viaticos (act)"), 0): Object 'Object Repository/Modulo Actos Administrativos/Modulo Viáticos/Modificar Solicitud de Viáticos/li_Listado de Viaticos (act)' is clickable

2021-12-01 12:20:55 - [MESSAGE][WARNING] - Timeout '0' is invalid. Using default page load timeout: '30'

2021-12-01 12:20:56 - [MESSAGE][PASSED] - Object 'Object Repository/Modulo Actos Administrativos/Modulo Viáticos/Modificar Solicitud de Viáticos/li_Listado de Viaticos (act)' is clickable

2021-12-01 12:20:56 - [TEST_STEP][PASSED] - sendKeys(findTestObject("Modulo Actos Administrativos/Modulo Viáticos/Modificar Solicitud de Viáticos/input_ADMINISTRADOR DEL SISTEMA - SARA_form_templatej_idt24_input"), Keys.chord(ENTER)): Keys 'ENTER + ' sent to object: 'Object Repository/Modulo Actos Administrativos/Modulo Viáticos/Modificar Solicitud de Viáticos/input_ADMINISTRADOR DEL SISTEMA - SARA_form_templatej_idt24_input'

2021-12-01 12:20:56 - [MESSAGE][PASSED] - Keys 'ENTER + ' sent to object: 'Object Repository/Modulo Actos Administrativos/Modulo Viáticos/Modificar Solicitud de Viáticos/input_ADMINISTRADOR DEL SISTEMA - SARA_form_templatej_idt24_input'

2021-12-01 12:20:56 - [TEST_STEP][PASSED] - waitForElementClickable(findTestObject("Modulo Actos Administrativos/Modulo Viáticos/Modificar Solicitud de Viáticos/a_Nuevo"), 0): Object 'Object Repository/Modulo Actos Administrativos/Modulo Viáticos/Modificar Solicitud de Viáticos/a_Nuevo' is clickable

2021-12-01 12:20:57 - [MESSAGE][WARNING] - Timeout '0' is invalid. Using default page load timeout: '30'

2021-12-01 12:20:58 - [MESSAGE][PASSED] - Object 'Object Repository/Modulo Actos Administrativos/Modulo Viáticos/Modificar Solicitud de Viáticos/a_Nuevo' is clickable

2021-12-01 12:20:58 - [TEST_STEP][PASSED] - click(findTestObject("Modulo Actos Administrativos/Modulo Viáticos/Modificar Solicitud de Viáticos/a_Nuevo")): Object: 'Object Repository/Modulo Actos Administrativos/Modulo Viáticos/Modificar Solicitud de Viáticos/a_Nuevo' is clicked on

2021-12-01 12:20:58 - [MESSAGE][PASSED] - Object: 'Object Repository/Modulo Actos Administrativos/Modulo Viáticos/Modificar Solicitud de Viáticos/a_Nuevo' is clicked on

2021-12-01 12:20:58 - [TEST_STEP][PASSED] - click(findTestObject("Modulo Actos Administrativos/Modulo Viáticos/Modificar Solicitud de Viáticos/span_Modificar una solicitud de vitico")): Object: 'Object Repository/Modulo Actos Administrativos/Modulo Viáticos/Modificar Solicitud de Viáticos/span_Modificar una solicitud de vitico' is clicked on

2021-12-01 12:20:59 - [MESSAGE][PASSED] - Object: 'Object Repository/Modulo Actos Administrativos/Modulo Viáticos/Modificar Solicitud de Viáticos/span_Modificar una solicitud de vitico' is clicked on

2021-12-01 12:20:59 - [TEST_STEP][PASSED] - waitForElementClickable(findTestObject("Modulo Actos Administrativos/Modulo Viáticos/Modificar Solicitud de Viáticos/input_Documento_form_listadoviaticosfechaViat_input"), 0): Object 'Object Repository/Modulo Actos Administrativos/Modulo Viáticos/Modificar Solicitud de Viáticos/input_Documento_form_listadoviaticosfechaViat_input' is clickable

2021-12-01 12:20:59 - [MESSAGE][WARNING] - Timeout '0' is invalid. Using default page load timeout: '30'

2021-12-01 12:20:59 - [MESSAGE][PASSED] - Object 'Object Repository/Modulo Actos Administrativos/Modulo Viáticos/Modificar Solicitud de Viáticos/input_Documento_form_listadoviaticosfechaViat_input' is clickable

2021-12-01 12:20:59 - [TEST_STEP][PASSED] - setText(findTestObject("Modulo Actos Administrativos/Modulo Viáticos/Modificar Solicitud de Viáticos/input_Documento_form_listadoviaticosfechaViat_input"), "01/07/2021"): Text '01/07/2021' is set on object 'Object Repository/Modulo Actos Administrativos/Modulo Viáticos/Modificar Solicitud de Viáticos/input_Documento_form_listadoviaticosfechaViat_input'

2021-12-01 12:21:00 - [MESSAGE][PASSED] - Text '01/07/2021' is set on object 'Object Repository/Modulo Actos Administrativos/Modulo Viáticos/Modificar Solicitud de Viáticos/input_Documento_form_listadoviaticosfechaViat_input'

2021-12-01 12:21:00 - [TEST_STEP][PASSED] - sendKeys(findTestObject("Modulo Actos Administrativos/Modulo Viáticos/Modificar Solicitud de Viáticos/input_Documento_form_listadoviaticosfechaViat_input"), Keys.chord(ENTER)): Keys 'ENTER + ' sent to object: 'Object Repository/Modulo Actos Administrativos/Modulo Viáticos/Modificar Solicitud de Viáticos/input_Documento_form_listadoviaticosfechaViat_input'

2021-12-01 12:21:01 - [MESSAGE][PASSED] - Keys 'ENTER + ' sent to object: 'Object Repository/Modulo Actos Administrativos/Modulo Viáticos/Modificar Solicitud de Viáticos/input_Documento_form_listadoviaticosfechaViat_input'

2021-12-01 12:21:01 - [TEST_STEP][PASSED] - sendKeys(findTestObject("Modulo Actos Administrativos/Modulo Viáticos/Modificar Solicitud de Viáticos/input_Documento_form_listadoviaticosfechaViat_input"), Keys.chord(ESCAPE)): Keys 'ESCAPE + ' sent to object: 'Object Repository/Modulo Actos Administrativos/Modulo Viáticos/Modificar Solicitud de Viáticos/input_Documento_form_listadoviaticosfechaViat_input'

2021-12-01 12:21:01 - [MESSAGE][PASSED] - Keys 'ESCAPE + ' sent to object: 'Object Repository/Modulo Actos Administrativos/Modulo Viáticos/Modificar Solicitud de Viáticos/input_Documento_form_listadoviaticosfechaViat_input'

2021-12-01 12:21:01 - [TEST_STEP][PASSED] - if (waitForElementClickable(findTestObject("Modulo Actos Administrativos/Modulo Viáticos/Modificar Solicitud de Viáticos/td_01072021"), 1)): null

2021-12-01 12:21:02 - [MESSAGE][PASSED] - Object 'Object Repository/Modulo Actos Administrativos/Modulo Viáticos/Modificar Solicitud de Viáticos/td_01072021' is clickable

2021-12-01 12:21:02 - [TEST_STEP][PASSED] - click(findTestObject("Modulo Actos Administrativos/Modulo Viáticos/Modificar Solicitud de Viáticos/td_01072021")): Object: 'Object Repository/Modulo Actos Administrativos/Modulo Viáticos/Modificar Solicitud de Viáticos/td_01072021' is clicked on

2021-12-01 12:21:02 - [MESSAGE][PASSED] - Object: 'Object Repository/Modulo Actos Administrativos/Modulo Viáticos/Modificar Solicitud de Viáticos/td_01072021' is clicked on

2021-12-01 12:21:02 - [TEST_STEP][PASSED] - waitForElementClickable(findTestObject("Modulo Actos Administrativos/Modulo Viáticos/Modificar Solicitud de Viáticos/input_Fecha_form_detalleviaticosFechaNumero_input"), 0): Object 'Object Repository/Modulo Actos Administrativos/Modulo Viáticos/Modificar Solicitud de Viáticos/input_Fecha_form_detalleviaticosFechaNumero_input' is clickable

2021-12-01 12:21:02 - [MESSAGE][WARNING] - Timeout '0' is invalid. Using default page load timeout: '30'

2021-12-01 12:21:04 - [MESSAGE][PASSED] - Object 'Object Repository/Modulo Actos Administrativos/Modulo Viáticos/Modificar Solicitud de Viáticos/input_Fecha_form_detalleviaticosFechaNumero_input' is clickable

2021-12-01 12:21:04 - [TEST_STEP][PASSED] - setText(findTestObject("Modulo Actos Administrativos/Modulo Viáticos/Modificar Solicitud de Viáticos/input_Fecha_form_detalleviaticosFechaNumero_input"), "01/07/2021"): Text '01/07/2021' is set on object 'Object Repository/Modulo Actos Administrativos/Modulo Viáticos/Modificar Solicitud de Viáticos/input_Fecha_form_detalleviaticosFechaNumero_input'

2021-12-01 12:21:04 - [MESSAGE][PASSED] - Text '01/07/2021' is set on object 'Object Repository/Modulo Actos Administrativos/Modulo Viáticos/Modificar Solicitud de Viáticos/input_Fecha_form_detalleviaticosFechaNumero_input'

2021-12-01 12:21:04 - [TEST_STEP][PASSED] - setText(findTestObject("Modulo Actos Administrativos/Modulo Viáticos/Modificar Solicitud de Viáticos/input_Nmero_form_detalleviaticosNumero"), "5"): Text '5' is set on object 'Object Repository/Modulo Actos Administrativos/Modulo Viáticos/Modificar Solicitud de Viáticos/input_Nmero_form_detalleviaticosNumero'

2021-12-01 12:21:05 - [MESSAGE][PASSED] - Text '5' is set on object 'Object Repository/Modulo Actos Administrativos/Modulo Viáticos/Modificar Solicitud de Viáticos/input_Nmero_form_detalleviaticosNumero'

2021-12-01 12:21:05 - [TEST_STEP][PASSED] - setText(findTestObject("Modulo Actos Administrativos/Modulo Viáticos/Modificar Solicitud de Viáticos/textarea_Motivo Modificacin_form_detalleviaticosmotivoModificacion"), "prueba"): Text 'prueba' is set on object 'Object Repository/Modulo Actos Administrativos/Modulo Viáticos/Modificar Solicitud de Viáticos/textarea_Motivo Modificacin_form_detalleviaticosmotivoModificacion'

2021-12-01 12:21:06 - [MESSAGE][PASSED] - Text 'prueba' is set on object 'Object Repository/Modulo Actos Administrativos/Modulo Viáticos/Modificar Solicitud de Viáticos/textarea_Motivo Modificacin_form_detalleviaticosmotivoModificacion'

2021-12-01 12:21:06 - [TEST_STEP][PASSED] - click(findTestObject("Modulo Actos Administrativos/Modulo Viáticos/Modificar Solicitud de Viáticos/a_Guardar_modficar")): Object: 'Object Repository/Modulo Actos Administrativos/Modulo Viáticos/Modificar Solicitud de Viáticos/a_Guardar_modficar' is clicked on

2021-12-01 12:21:06 - [MESSAGE][PASSED] - Object: 'Object Repository/Modulo Actos Administrativos/Modulo Viáticos/Modificar Solicitud de Viáticos/a_Guardar_modficar' is clicked on

2021-12-01 12:21:06 - [TEST_STEP][PASSED] - getText(findTestObject("Alerta/Alerta")): Text of object 'Object Repository/Alerta/Alerta' is: 'El viatico ha sido insertado correctamente'

2021-12-01 12:21:07 - [MESSAGE][PASSED] - Text of object 'Object Repository/Alerta/Alerta' is: 'El viatico ha sido insertado correctamente'

2021-12-01 12:21:07 - [TEST_STEP][PASSED] - click(findTestObject("Modulo Actos Administrativos/Modulo Viáticos/Modificar Solicitud de Viáticos/a_Regresar")): Object: 'Object Repository/Modulo Actos Administrativos/Modulo Viáticos/Modificar Solicitud de Viáticos/a_Regresar' is clicked on

2021-12-01 12:21:08 - [MESSAGE][PASSED] - Object: 'Object Repository/Modulo Actos Administrativos/Modulo Viáticos/Modificar Solicitud de Viáticos/a_Regresar' is clicked on

2021-12-01 12:21:08 - [TEST_STEP][PASSED] - selectOptionByIndex(findTestObject("Modulo Actos Administrativos/Modulo Viáticos/Modificar Solicitud de Viáticos/select_--Seleccione--AnuladoAutorizadaDerogadaNo AutorizadaProgramadaSolicitado"), 2): All options with index in [2] are selected on object 'Object Repository/Modulo Actos Administrativos/Modulo Viáticos/Modificar Solicitud de Viáticos/select_--Seleccione--AnuladoAutorizadaDerogadaNo AutorizadaProgramadaSolicitado'

2021-12-01 12:21:09 - [MESSAGE][PASSED] - All options with index in [2] are selected on object 'Object Repository/Modulo Actos Administrativos/Modulo Viáticos/Modificar Solicitud de Viáticos/select_--Seleccione--AnuladoAutorizadaDerogadaNo AutorizadaProgramadaSolicitado'

2021-12-01 12:21:09 - [TEST_STEP][PASSED] - if (waitForElementClickable(findTestObject("Modulo Actos Administrativos/Modulo Viáticos/Modificar Solicitud de Viáticos/span_01072021"), 1)): null

2021-12-01 12:21:10 - [MESSAGE][PASSED] - Object 'Object Repository/Modulo Actos Administrativos/Modulo Viáticos/Modificar Solicitud de Viáticos/span_01072021' is clickable

2021-12-01 12:21:10 - [TEST_STEP][PASSED] - click(findTestObject("Modulo Actos Administrativos/Modulo Viáticos/Modificar Solicitud de Viáticos/span_01072021")): Object: 'Object Repository/Modulo Actos Administrativos/Modulo Viáticos/Modificar Solicitud de Viáticos/span_01072021' is clicked on

2021-12-01 12:21:11 - [MESSAGE][PASSED] - Object: 'Object Repository/Modulo Actos Administrativos/Modulo Viáticos/Modificar Solicitud de Viáticos/span_01072021' is clicked on

2021-12-01 12:21:11 - [TEST_STEP][PASSED] - click(findTestObject("Modulo Actos Administrativos/Modulo Viáticos/Modificar Solicitud de Viáticos/a_Cerrar Desembolsar")): Object: 'Object Repository/Modulo Actos Administrativos/Modulo Viáticos/Modificar Solicitud de Viáticos/a_Cerrar Desembolsar' is clicked on

2021-12-01 12:21:12 - [MESSAGE][PASSED] - Object: 'Object Repository/Modulo Actos Administrativos/Modulo Viáticos/Modificar Solicitud de Viáticos/a_Cerrar Desembolsar' is clicked on

2021-12-01 12:21:12 - [TEST_STEP][PASSED] - setText(findTestObject("Modulo Actos Administrativos/Modulo Viáticos/Modificar Solicitud de Viáticos/input_Fecha_form_popupViaticoCierreDesembolsofecha_input"), "01/07/2021"): Text '01/07/2021' is set on object 'Object Repository/Modulo Actos Administrativos/Modulo Viáticos/Modificar Solicitud de Viáticos/input_Fecha_form_popupViaticoCierreDesembolsofecha_input'

2021-12-01 12:21:13 - [MESSAGE][PASSED] - Text '01/07/2021' is set on object 'Object Repository/Modulo Actos Administrativos/Modulo Viáticos/Modificar Solicitud de Viáticos/input_Fecha_form_popupViaticoCierreDesembolsofecha_input'

2021-12-01 12:21:13 - [TEST_STEP][PASSED] - setText(findTestObject("Modulo Actos Administrativos/Modulo Viáticos/Modificar Solicitud de Viáticos/input_TRM_form_popupViaticoCierreDesembolsotrm"), "5"): Text '5' is set on object 'Object Repository/Modulo Actos Administrativos/Modulo Viáticos/Modificar Solicitud de Viáticos/input_TRM_form_popupViaticoCierreDesembolsotrm'

2021-12-01 12:21:14 - [MESSAGE][PASSED] - Text '5' is set on object 'Object Repository/Modulo Actos Administrativos/Modulo Viáticos/Modificar Solicitud de Viáticos/input_TRM_form_popupViaticoCierreDesembolsotrm'

2021-12-01 12:21:14 - [TEST_STEP][PASSED] - click(findTestObject("Modulo Actos Administrativos/Modulo Viáticos/Modificar Solicitud de Viáticos/a_Aplicar")): Object: 'Object Repository/Modulo Actos Administrativos/Modulo Viáticos/Modificar Solicitud de Viáticos/a_Aplicar' is clicked on

2021-12-01 12:21:14 - [MESSAGE][PASSED] - Object: 'Object Repository/Modulo Actos Administrativos/Modulo Viáticos/Modificar Solicitud de Viáticos/a_Aplicar' is clicked on

2021-12-01 12:21:14 - [TEST_STEP][PASSED] - click(findTestObject("Modulo Actos Administrativos/Modulo Viáticos/Modificar Solicitud de Viáticos/a_Regresar")): Object: 'Object Repository/Modulo Actos Administrativos/Modulo Viáticos/Modificar Solicitud de Viáticos/a_Regresar' is clicked on

2021-12-01 12:21:15 - [MESSAGE][PASSED] - Object: 'Object Repository/Modulo Actos Administrativos/Modulo Viáticos/Modificar Solicitud de Viáticos/a_Regresar' is clicked on

2021-12-01 12:21:15 - [TEST_STEP][PASSED] - waitForElementClickable(findTestObject("Modulo Actos Administrativos/Modulo Viáticos/Modificar Solicitud de Viáticos/a_Nuevo"), 0): Object 'Object Repository/Modulo Actos Administrativos/Modulo Viáticos/Modificar Solicitud de Viáticos/a_Nuevo' is clickable

2021-12-01 12:21:15 - [MESSAGE][WARNING] - Timeout '0' is invalid. Using default page load timeout: '30'

2021-12-01 12:21:15 - [MESSAGE][PASSED] - Object 'Object Repository/Modulo Actos Administrativos/Modulo Viáticos/Modificar Solicitud de Viáticos/a_Nuevo' is clickable

2021-12-01 12:21:15 - [TEST_STEP][PASSED] - click(findTestObject("Modulo Actos Administrativos/Modulo Viáticos/Modificar Solicitud de Viáticos/a_Nuevo")): Object: 'Object Repository/Modulo Actos Administrativos/Modulo Viáticos/Modificar Solicitud de Viáticos/a_Nuevo' is clicked on

2021-12-01 12:21:16 - [MESSAGE][PASSED] - Object: 'Object Repository/Modulo Actos Administrativos/Modulo Viáticos/Modificar Solicitud de Viáticos/a_Nuevo' is clicked on

2021-12-01 12:21:16 - [TEST_STEP][PASSED] - click(findTestObject("Modulo Actos Administrativos/Modulo Viáticos/Modificar Solicitud de Viáticos/span_Modificar una solicitud de vitico")): Object: 'Object Repository/Modulo Actos Administrativos/Modulo Viáticos/Modificar Solicitud de Viáticos/span_Modificar una solicitud de vitico' is clicked on

2021-12-01 12:21:16 - [MESSAGE][PASSED] - Object: 'Object Repository/Modulo Actos Administrativos/Modulo Viáticos/Modificar Solicitud de Viáticos/span_Modificar una solicitud de vitico' is clicked on

2021-12-01 12:21:16 - [TEST_STEP][PASSED] - waitForElementClickable(findTestObject("Modulo Actos Administrativos/Modulo Viáticos/Modificar Solicitud de Viáticos/input_Documento_form_listadoviaticosfechaViat_input"), 0): Object 'Object Repository/Modulo Actos Administrativos/Modulo Viáticos/Modificar Solicitud de Viáticos/input_Documento_form_listadoviaticosfechaViat_input' is clickable

2021-12-01 12:21:16 - [MESSAGE][WARNING] - Timeout '0' is invalid. Using default page load timeout: '30'

2021-12-01 12:21:17 - [MESSAGE][PASSED] - Object 'Object Repository/Modulo Actos Administrativos/Modulo Viáticos/Modificar Solicitud de Viáticos/input_Documento_form_listadoviaticosfechaViat_input' is clickable

2021-12-01 12:21:17 - [TEST_STEP][PASSED] - setText(findTestObject("Modulo Actos Administrativos/Modulo Viáticos/Modificar Solicitud de Viáticos/input_Documento_form_listadoviaticosfechaViat_input"), "01/07/2021"): Text '01/07/2021' is set on object 'Object Repository/Modulo Actos Administrativos/Modulo Viáticos/Modificar Solicitud de Viáticos/input_Documento_form_listadoviaticosfechaViat_input'

2021-12-01 12:21:18 - [MESSAGE][PASSED] - Text '01/07/2021' is set on object 'Object Repository/Modulo Actos Administrativos/Modulo Viáticos/Modificar Solicitud de Viáticos/input_Documento_form_listadoviaticosfechaViat_input'

2021-12-01 12:21:18 - [TEST_STEP][PASSED] - sendKeys(findTestObject("Modulo Actos Administrativos/Modulo Viáticos/Modificar Solicitud de Viáticos/input_Documento_form_listadoviaticosfechaViat_input"), Keys.chord(ENTER)): Keys 'ENTER + ' sent to object: 'Object Repository/Modulo Actos Administrativos/Modulo Viáticos/Modificar Solicitud de Viáticos/input_Documento_form_listadoviaticosfechaViat_input'

2021-12-01 12:21:18 - [MESSAGE][PASSED] - Keys 'ENTER + ' sent to object: 'Object Repository/Modulo Actos Administrativos/Modulo Viáticos/Modificar Solicitud de Viáticos/input_Documento_form_listadoviaticosfechaViat_input'

2021-12-01 12:21:18 - [TEST_STEP][PASSED] - sendKeys(findTestObject("Modulo Actos Administrativos/Modulo Viáticos/Modificar Solicitud de Viáticos/input_Documento_form_listadoviaticosfechaViat_input"), Keys.chord(ESCAPE)): Keys 'ESCAPE + ' sent to object: 'Object Repository/Modulo Actos Administrativos/Modulo Viáticos/Modificar Solicitud de Viáticos/input_Documento_form_listadoviaticosfechaViat_input'

2021-12-01 12:21:19 - [MESSAGE][PASSED] - Keys 'ESCAPE + ' sent to object: 'Object Repository/Modulo Actos Administrativos/Modulo Viáticos/Modificar Solicitud de Viáticos/input_Documento_form_listadoviaticosfechaViat_input'

2021-12-01 12:21:19 - [TEST_STEP][PASSED] - click(findTestObject("Modulo Actos Administrativos/Modulo Viáticos/Modificar Solicitud de Viáticos/td_01072021")): Object: 'Object Repository/Modulo Actos Administrativos/Modulo Viáticos/Modificar Solicitud de Viáticos/td_01072021' is clicked on

2021-12-01 12:21:20 - [MESSAGE][PASSED] - Object: 'Object Repository/Modulo Actos Administrativos/Modulo Viáticos/Modificar Solicitud de Viáticos/td_01072021' is clicked on

2021-12-01 12:21:20 - [TEST_STEP][PASSED] - waitForElementClickable(findTestObject("Modulo Actos Administrativos/Modulo Viáticos/Modificar Solicitud de Viáticos/input_Fecha_form_detalleviaticosFechaNumero_input"), 0): Object 'Object Repository/Modulo Actos Administrativos/Modulo Viáticos/Modificar Solicitud de Viáticos/input_Fecha_form_detalleviaticosFechaNumero_input' is clickable

2021-12-01 12:21:20 - [MESSAGE][WARNING] - Timeout '0' is invalid. Using default page load timeout: '30'

2021-12-01 12:21:21 - [MESSAGE][PASSED] - Object 'Object Repository/Modulo Actos Administrativos/Modulo Viáticos/Modificar Solicitud de Viáticos/input_Fecha_form_detalleviaticosFechaNumero_input' is clickable

2021-12-01 12:21:21 - [TEST_STEP][PASSED] - setText(findTestObject("Modulo Actos Administrativos/Modulo Viáticos/Modificar Solicitud de Viáticos/input_Fecha_form_detalleviaticosFechaNumero_input"), "01/07/2021"): Text '01/07/2021' is set on object 'Object Repository/Modulo Actos Administrativos/Modulo Viáticos/Modificar Solicitud de Viáticos/input_Fecha_form_detalleviaticosFechaNumero_input'

2021-12-01 12:21:22 - [MESSAGE][PASSED] - Text '01/07/2021' is set on object 'Object Repository/Modulo Actos Administrativos/Modulo Viáticos/Modificar Solicitud de Viáticos/input_Fecha_form_detalleviaticosFechaNumero_input'

2021-12-01 12:21:22 - [TEST_STEP][PASSED] - setText(findTestObject("Modulo Actos Administrativos/Modulo Viáticos/Modificar Solicitud de Viáticos/input_Nmero_form_detalleviaticosNumero"), "5"): Text '5' is set on object 'Object Repository/Modulo Actos Administrativos/Modulo Viáticos/Modificar Solicitud de Viáticos/input_Nmero_form_detalleviaticosNumero'

2021-12-01 12:21:23 - [MESSAGE][PASSED] - Text '5' is set on object 'Object Repository/Modulo Actos Administrativos/Modulo Viáticos/Modificar Solicitud de Viáticos/input_Nmero_form_detalleviaticosNumero'

2021-12-01 12:21:23 - [TEST_STEP][PASSED] - setText(findTestObject("Modulo Actos Administrativos/Modulo Viáticos/Modificar Solicitud de Viáticos/textarea_Motivo Modificacin_form_detalleviaticosmotivoModificacion"), "prueba"): Text 'prueba' is set on object 'Object Repository/Modulo Actos Administrativos/Modulo Viáticos/Modificar Solicitud de Viáticos/textarea_Motivo Modificacin_form_detalleviaticosmotivoModificacion'

2021-12-01 12:21:24 - [MESSAGE][PASSED] - Text 'prueba' is set on object 'Object Repository/Modulo Actos Administrativos/Modulo Viáticos/Modificar Solicitud de Viáticos/textarea_Motivo Modificacin_form_detalleviaticosmotivoModificacion'

2021-12-01 12:21:24 - [TEST_STEP][PASSED] - click(findTestObject("Modulo Actos Administrativos/Modulo Viáticos/Modificar Solicitud de Viáticos/a_Guardar_modficar")): Object: 'Object Repository/Modulo Actos Administrativos/Modulo Viáticos/Modificar Solicitud de Viáticos/a_Guardar_modficar' is clicked on

2021-12-01 12:21:24 - [MESSAGE][PASSED] - Object: 'Object Repository/Modulo Actos Administrativos/Modulo Viáticos/Modificar Solicitud de Viáticos/a_Guardar_modficar' is clicked on

2021-12-01 12:21:24 - [TEST_STEP][PASSED] - getText(findTestObject("Alerta/Alerta")): Text of object 'Object Repository/Alerta/Alerta' is: 'El viatico ha sido insertado correctamente'

2021-12-01 12:21:25 - [MESSAGE][PASSED] - Text of object 'Object Repository/Alerta/Alerta' is: 'El viatico ha sido insertado correctamente'

2021-12-01 12:21:25 - [TEST_STEP][PASSED] - closeBrowser(): Browser is closed

2021-12-01 12:21:26 - [MESSAGE][PASSED] - Browser is closed]]></system-out>
         <system-err><![CDATA[]]></system-err>
      </testcase>
      <testcase name="Test Cases/1.1-Tareas Principales/1.6.6 Anulación y Legalización de viáticos" time="94.758" classname="Test Cases/1.1-Tareas Principales/1.6.6 Anulación y Legalización de viáticos" status="PASSED">
         <system-out><![CDATA[2021-12-01 12:21:26 - [TEST_CASE][PASSED] - Test Cases/1.1-Tareas Principales/1.6.6 Anulación y Legalización de viáticos: Test Cases/1.1-Tareas Principales/1.6.6 Anulación y Legalización de viáticos

2021-12-01 12:21:26 - [TEST_STEP][PASSED] - callTestCase(findTestCase("0.1-Login"), [:], STOP_ON_FAILURE): Call Test Case 'Test Cases/0.1-Login' successfully

2021-12-01 12:21:26 - [TEST_CASE][PASSED] - Test Cases/0.1-Login: Test Cases/0.1-Login

2021-12-01 12:21:26 - [TEST_STEP][PASSED] - openBrowser(""): Browser is opened with url: ''

2021-12-01 12:21:26 - [MESSAGE][INFO] - Starting 'Chrome' driver

2021-12-01 12:21:26 - [MESSAGE][INFO] - Action delay is set to 0 milliseconds

2021-12-01 12:21:28 - [MESSAGE][PASSED] - Browser is opened with url: ''

2021-12-01 12:21:28 - [TEST_STEP][PASSED] - maximizeWindow(): Current window maximized

2021-12-01 12:21:28 - [MESSAGE][PASSED] - Current window maximized

2021-12-01 12:21:28 - [TEST_STEP][PASSED] - i = G_Login: null

2021-12-01 12:21:28 - [TEST_STEP][PASSED] - url = new java.net.URL(i): null

2021-12-01 12:21:28 - [TEST_STEP][PASSED] - println("URL: " + url.toString()): null

2021-12-01 12:21:28 - [TEST_STEP][PASSED] - connection = url.openConnection(): null

2021-12-01 12:21:28 - [TEST_STEP][PASSED] - connection.setRequestMethod("GET"): null

2021-12-01 12:21:28 - [TEST_STEP][PASSED] - connection.setReadTimeout(2 * 1000): null

2021-12-01 12:21:28 - [TEST_STEP][PASSED] - try: null

2021-12-01 12:21:28 - [TEST_STEP][PASSED] - connection.connect(): null

2021-12-01 12:21:28 - [TEST_STEP][PASSED] - flag = connected: null

2021-12-01 12:21:28 - [TEST_STEP][PASSED] - println("Valor_ori: " + flag): null

2021-12-01 12:21:28 - [TEST_STEP][PASSED] - if (flag): null

2021-12-01 12:21:28 - [TEST_STEP][PASSED] - navigateToUrl(i): Navigate to 'http://localhost:8380/saraweb/' successfully

2021-12-01 12:21:29 - [MESSAGE][PASSED] - Navigate to 'http://localhost:8380/saraweb/' successfully

2021-12-01 12:21:29 - [TEST_STEP][PASSED] - a(): null

2021-12-01 12:21:29 - [TEST_STEP][PASSED] - setText(findTestObject("Login/input_USUARIO_loginusuario"), G_Usuario): Text 'saraadmin' is set on object 'Object Repository/Login/input_USUARIO_loginusuario'

2021-12-01 12:21:30 - [MESSAGE][PASSED] - Text 'saraadmin' is set on object 'Object Repository/Login/input_USUARIO_loginusuario'

2021-12-01 12:21:30 - [TEST_STEP][PASSED] - setEncryptedText(findTestObject("Login/input_CLAVE_loginpassword"), "MkG4/TYiCFC3cb2driP7+Q=="): Text ****** has been set on object 'Object Repository/Login/input_CLAVE_loginpassword'

2021-12-01 12:21:31 - [MESSAGE][PASSED] - Text ****** has been set on object 'Object Repository/Login/input_CLAVE_loginpassword'

2021-12-01 12:21:31 - [TEST_STEP][PASSED] - waitForElementClickable(findTestObject("Login/a_Ingresar"), G_TimeOut): Object 'Object Repository/Login/a_Ingresar' is clickable

2021-12-01 12:21:31 - [MESSAGE][PASSED] - Object 'Object Repository/Login/a_Ingresar' is clickable

2021-12-01 12:21:31 - [TEST_STEP][PASSED] - click(findTestObject("Login/a_Ingresar")): Object: 'Object Repository/Login/a_Ingresar' is clicked on

2021-12-01 12:21:35 - [MESSAGE][PASSED] - Object: 'Object Repository/Login/a_Ingresar' is clicked on

2021-12-01 12:21:35 - [TEST_STEP][PASSED] - element = findWebElement(findTestObject("Login/a_Ir"), 30): null

2021-12-01 12:21:35 - [TEST_STEP][PASSED] - executeJavaScript("arguments[0].click()", Arrays.asList(element)): Execute JavaScript 'arguments[0].click()' successfully

2021-12-01 12:21:35 - [MESSAGE][PASSED] - Execute JavaScript 'arguments[0].click()' successfully

2021-12-01 12:21:35 - [MESSAGE][PASSED] - Call Test Case 'Test Cases/0.1-Login' successfully

2021-12-01 12:21:35 - [TEST_STEP][PASSED] - waitForElementClickable(findTestObject("Modulo Actos Administrativos/Modulo Viáticos/Anulación y Legalización de viáticos/input_ADMINISTRADOR DEL SISTEMA - SARA_form_templatej_idt24_input"), 0): Object 'Object Repository/Modulo Actos Administrativos/Modulo Viáticos/Anulación y Legalización de viáticos/input_ADMINISTRADOR DEL SISTEMA - SARA_form_templatej_idt24_input' is clickable

2021-12-01 12:21:35 - [MESSAGE][WARNING] - Timeout '0' is invalid. Using default page load timeout: '30'

2021-12-01 12:21:36 - [MESSAGE][PASSED] - Object 'Object Repository/Modulo Actos Administrativos/Modulo Viáticos/Anulación y Legalización de viáticos/input_ADMINISTRADOR DEL SISTEMA - SARA_form_templatej_idt24_input' is clickable

2021-12-01 12:21:36 - [TEST_STEP][PASSED] - setText(findTestObject("Modulo Actos Administrativos/Modulo Viáticos/Anulación y Legalización de viáticos/input_ADMINISTRADOR DEL SISTEMA - SARA_form_templatej_idt24_input"), "listado de viaticos"): Text 'listado de viaticos' is set on object 'Object Repository/Modulo Actos Administrativos/Modulo Viáticos/Anulación y Legalización de viáticos/input_ADMINISTRADOR DEL SISTEMA - SARA_form_templatej_idt24_input'

2021-12-01 12:21:37 - [MESSAGE][PASSED] - Text 'listado de viaticos' is set on object 'Object Repository/Modulo Actos Administrativos/Modulo Viáticos/Anulación y Legalización de viáticos/input_ADMINISTRADOR DEL SISTEMA - SARA_form_templatej_idt24_input'

2021-12-01 12:21:37 - [TEST_STEP][PASSED] - waitForElementClickable(findTestObject("Modulo Actos Administrativos/Modulo Viáticos/Anulación y Legalización de viáticos/li_Listado de Viaticos (act)"), 0): Object 'Object Repository/Modulo Actos Administrativos/Modulo Viáticos/Anulación y Legalización de viáticos/li_Listado de Viaticos (act)' is clickable

2021-12-01 12:21:37 - [MESSAGE][WARNING] - Timeout '0' is invalid. Using default page load timeout: '30'

2021-12-01 12:21:38 - [MESSAGE][PASSED] - Object 'Object Repository/Modulo Actos Administrativos/Modulo Viáticos/Anulación y Legalización de viáticos/li_Listado de Viaticos (act)' is clickable

2021-12-01 12:21:38 - [TEST_STEP][PASSED] - sendKeys(findTestObject("Modulo Actos Administrativos/Modulo Viáticos/Anulación y Legalización de viáticos/input_ADMINISTRADOR DEL SISTEMA - SARA_form_templatej_idt24_input"), Keys.chord(ENTER)): Keys 'ENTER + ' sent to object: 'Object Repository/Modulo Actos Administrativos/Modulo Viáticos/Anulación y Legalización de viáticos/input_ADMINISTRADOR DEL SISTEMA - SARA_form_templatej_idt24_input'

2021-12-01 12:21:39 - [MESSAGE][PASSED] - Keys 'ENTER + ' sent to object: 'Object Repository/Modulo Actos Administrativos/Modulo Viáticos/Anulación y Legalización de viáticos/input_ADMINISTRADOR DEL SISTEMA - SARA_form_templatej_idt24_input'

2021-12-01 12:21:39 - [TEST_STEP][PASSED] - selectOptionByIndex(findTestObject("Modulo Actos Administrativos/Modulo Viáticos/Anulación y Legalización de viáticos/select_--Seleccione--AnuladoAutorizadaDerogadaNo AutorizadaProgramadaSolicitado"), 5): All options with index in [5] are selected on object 'Object Repository/Modulo Actos Administrativos/Modulo Viáticos/Anulación y Legalización de viáticos/select_--Seleccione--AnuladoAutorizadaDerogadaNo AutorizadaProgramadaSolicitado'

2021-12-01 12:21:41 - [MESSAGE][PASSED] - All options with index in [5] are selected on object 'Object Repository/Modulo Actos Administrativos/Modulo Viáticos/Anulación y Legalización de viáticos/select_--Seleccione--AnuladoAutorizadaDerogadaNo AutorizadaProgramadaSolicitado'

2021-12-01 12:21:41 - [TEST_STEP][PASSED] - if (waitForElementClickable(findTestObject("Modulo Actos Administrativos/Modulo Viáticos/Anulación y Legalización de viáticos/td_01072021"), 1)): Web element with id: 'Object Repository/Modulo Actos Administrativos/Modulo Viáticos/Anulación y Legalización de viáticos/td_01072021' located by '//*/text()[normalize-space(.)='01/07/2021']/parent::*' not found

2021-12-01 12:21:43 - [MESSAGE][INFO] - Unable to find the element located by 'By.xpath: //*/text()[normalize-space(.)='01/07/2021']/parent::*'. Please recheck the objects properties to make sure the desired element is located. 

2021-12-01 12:21:43 - [MESSAGE][WARNING] - Web element with id: 'Object Repository/Modulo Actos Administrativos/Modulo Viáticos/Anulación y Legalización de viáticos/td_01072021' located by '//*/text()[normalize-space(.)='01/07/2021']/parent::*' not found

2021-12-01 12:21:43 - [TEST_STEP][PASSED] - else: null

2021-12-01 12:21:43 - [TEST_STEP][PASSED] - selectOptionByIndex(findTestObject("Modulo Actos Administrativos/Modulo Viáticos/Anulación y Legalización de viáticos/select_--Seleccione--AnuladoAutorizadaDerogadaNo AutorizadaProgramadaSolicitado"), 2): All options with index in [2] are selected on object 'Object Repository/Modulo Actos Administrativos/Modulo Viáticos/Anulación y Legalización de viáticos/select_--Seleccione--AnuladoAutorizadaDerogadaNo AutorizadaProgramadaSolicitado'

2021-12-01 12:21:44 - [MESSAGE][PASSED] - All options with index in [2] are selected on object 'Object Repository/Modulo Actos Administrativos/Modulo Viáticos/Anulación y Legalización de viáticos/select_--Seleccione--AnuladoAutorizadaDerogadaNo AutorizadaProgramadaSolicitado'

2021-12-01 12:21:44 - [TEST_STEP][PASSED] - if (waitForElementClickable(findTestObject("Modulo Actos Administrativos/Modulo Viáticos/Anulación y Legalización de viáticos/td_01072021"), 1)): null

2021-12-01 12:21:45 - [MESSAGE][PASSED] - Object 'Object Repository/Modulo Actos Administrativos/Modulo Viáticos/Anulación y Legalización de viáticos/td_01072021' is clickable

2021-12-01 12:21:45 - [TEST_STEP][PASSED] - click(findTestObject("Modulo Actos Administrativos/Modulo Viáticos/Anulación y Legalización de viáticos/td_01072021")): Object: 'Object Repository/Modulo Actos Administrativos/Modulo Viáticos/Anulación y Legalización de viáticos/td_01072021' is clicked on

2021-12-01 12:21:45 - [MESSAGE][PASSED] - Object: 'Object Repository/Modulo Actos Administrativos/Modulo Viáticos/Anulación y Legalización de viáticos/td_01072021' is clicked on

2021-12-01 12:21:45 - [TEST_STEP][PASSED] - waitForElementClickable(findTestObject("Modulo Actos Administrativos/Modulo Viáticos/Anulación y Legalización de viáticos/a_Cerrar Desembolsar"), 0): Object 'Object Repository/Modulo Actos Administrativos/Modulo Viáticos/Anulación y Legalización de viáticos/a_Cerrar Desembolsar' is clickable

2021-12-01 12:21:45 - [MESSAGE][WARNING] - Timeout '0' is invalid. Using default page load timeout: '30'

2021-12-01 12:21:46 - [MESSAGE][PASSED] - Object 'Object Repository/Modulo Actos Administrativos/Modulo Viáticos/Anulación y Legalización de viáticos/a_Cerrar Desembolsar' is clickable

2021-12-01 12:21:46 - [TEST_STEP][PASSED] - click(findTestObject("Modulo Actos Administrativos/Modulo Viáticos/Anulación y Legalización de viáticos/a_Cerrar Desembolsar")): Object: 'Object Repository/Modulo Actos Administrativos/Modulo Viáticos/Anulación y Legalización de viáticos/a_Cerrar Desembolsar' is clicked on

2021-12-01 12:21:47 - [MESSAGE][PASSED] - Object: 'Object Repository/Modulo Actos Administrativos/Modulo Viáticos/Anulación y Legalización de viáticos/a_Cerrar Desembolsar' is clicked on

2021-12-01 12:21:47 - [TEST_STEP][PASSED] - setText(findTestObject("Modulo Actos Administrativos/Modulo Viáticos/Anulación y Legalización de viáticos/input_Fecha_Cierre desembolso"), "01/07/2021"): Text '01/07/2021' is set on object 'Object Repository/Modulo Actos Administrativos/Modulo Viáticos/Anulación y Legalización de viáticos/input_Fecha_Cierre desembolso'

2021-12-01 12:21:48 - [MESSAGE][PASSED] - Text '01/07/2021' is set on object 'Object Repository/Modulo Actos Administrativos/Modulo Viáticos/Anulación y Legalización de viáticos/input_Fecha_Cierre desembolso'

2021-12-01 12:21:48 - [TEST_STEP][PASSED] - setText(findTestObject("Modulo Actos Administrativos/Modulo Viáticos/Anulación y Legalización de viáticos/input_TRM_Cierre desembolso"), "5"): Text '5' is set on object 'Object Repository/Modulo Actos Administrativos/Modulo Viáticos/Anulación y Legalización de viáticos/input_TRM_Cierre desembolso'

2021-12-01 12:21:49 - [MESSAGE][PASSED] - Text '5' is set on object 'Object Repository/Modulo Actos Administrativos/Modulo Viáticos/Anulación y Legalización de viáticos/input_TRM_Cierre desembolso'

2021-12-01 12:21:49 - [TEST_STEP][PASSED] - click(findTestObject("Modulo Actos Administrativos/Modulo Viáticos/Anulación y Legalización de viáticos/a_Aplicar_Cierre desembolso")): Object: 'Object Repository/Modulo Actos Administrativos/Modulo Viáticos/Anulación y Legalización de viáticos/a_Aplicar_Cierre desembolso' is clicked on

2021-12-01 12:21:49 - [MESSAGE][PASSED] - Object: 'Object Repository/Modulo Actos Administrativos/Modulo Viáticos/Anulación y Legalización de viáticos/a_Aplicar_Cierre desembolso' is clicked on

2021-12-01 12:21:49 - [TEST_STEP][PASSED] - click(findTestObject("Modulo Actos Administrativos/Modulo Viáticos/Anulación y Legalización de viáticos/a_Costos_Anulacion")): Object: 'Object Repository/Modulo Actos Administrativos/Modulo Viáticos/Anulación y Legalización de viáticos/a_Costos_Anulacion' is clicked on

2021-12-01 12:21:51 - [MESSAGE][PASSED] - Object: 'Object Repository/Modulo Actos Administrativos/Modulo Viáticos/Anulación y Legalización de viáticos/a_Costos_Anulacion' is clicked on

2021-12-01 12:21:51 - [TEST_STEP][PASSED] - sendKeys(findTestObject("Modulo Actos Administrativos/Modulo Viáticos/Anulación y Legalización de viáticos/a_Costos_Anulacion"), Keys.chord(F5)): Keys 'F5 + ' sent to object: 'Object Repository/Modulo Actos Administrativos/Modulo Viáticos/Anulación y Legalización de viáticos/a_Costos_Anulacion'

2021-12-01 12:21:52 - [MESSAGE][PASSED] - Keys 'F5 + ' sent to object: 'Object Repository/Modulo Actos Administrativos/Modulo Viáticos/Anulación y Legalización de viáticos/a_Costos_Anulacion'

2021-12-01 12:21:52 - [TEST_STEP][PASSED] - waitForElementClickable(findTestObject("Modulo Actos Administrativos/Modulo Viáticos/Costos de Viáticos/a_Nuevo1_costo"), 0): Object 'Object Repository/Modulo Actos Administrativos/Modulo Viáticos/Costos de Viáticos/a_Nuevo1_costo' is clickable

2021-12-01 12:21:52 - [MESSAGE][WARNING] - Timeout '0' is invalid. Using default page load timeout: '30'

2021-12-01 12:21:52 - [MESSAGE][PASSED] - Object 'Object Repository/Modulo Actos Administrativos/Modulo Viáticos/Costos de Viáticos/a_Nuevo1_costo' is clickable

2021-12-01 12:21:52 - [TEST_STEP][PASSED] - click(findTestObject("Modulo Actos Administrativos/Modulo Viáticos/Costos de Viáticos/a_Nuevo1_costo")): Object: 'Object Repository/Modulo Actos Administrativos/Modulo Viáticos/Costos de Viáticos/a_Nuevo1_costo' is clicked on

2021-12-01 12:21:52 - [MESSAGE][PASSED] - Object: 'Object Repository/Modulo Actos Administrativos/Modulo Viáticos/Costos de Viáticos/a_Nuevo1_costo' is clicked on

2021-12-01 12:21:52 - [TEST_STEP][PASSED] - waitForElementClickable(findTestObject("Modulo Actos Administrativos/Modulo Viáticos/Costos de Viáticos/a_Funcionario_form_popupComplementarioViaticoj_idt332"), 0): Object 'Object Repository/Modulo Actos Administrativos/Modulo Viáticos/Costos de Viáticos/a_Funcionario_form_popupComplementarioViaticoj_idt332' is clickable

2021-12-01 12:21:52 - [MESSAGE][WARNING] - Timeout '0' is invalid. Using default page load timeout: '30'

2021-12-01 12:21:53 - [MESSAGE][PASSED] - Object 'Object Repository/Modulo Actos Administrativos/Modulo Viáticos/Costos de Viáticos/a_Funcionario_form_popupComplementarioViaticoj_idt332' is clickable

2021-12-01 12:21:53 - [TEST_STEP][PASSED] - click(findTestObject("Modulo Actos Administrativos/Modulo Viáticos/Costos de Viáticos/a_Funcionario_form_popupComplementarioViaticoj_idt332")): Object: 'Object Repository/Modulo Actos Administrativos/Modulo Viáticos/Costos de Viáticos/a_Funcionario_form_popupComplementarioViaticoj_idt332' is clicked on

2021-12-01 12:21:54 - [MESSAGE][PASSED] - Object: 'Object Repository/Modulo Actos Administrativos/Modulo Viáticos/Costos de Viáticos/a_Funcionario_form_popupComplementarioViaticoj_idt332' is clicked on

2021-12-01 12:21:54 - [TEST_STEP][PASSED] - waitForElementClickable(findTestObject("Modulo Actos Administrativos/Modulo Viáticos/Anulación y Legalización de viáticos/td_QUINTERO 5 EMPLEADO2"), 0): Object 'Object Repository/Modulo Actos Administrativos/Modulo Viáticos/Anulación y Legalización de viáticos/td_QUINTERO 5 EMPLEADO2' is clickable

2021-12-01 12:21:54 - [MESSAGE][WARNING] - Timeout '0' is invalid. Using default page load timeout: '30'

2021-12-01 12:21:54 - [MESSAGE][PASSED] - Object 'Object Repository/Modulo Actos Administrativos/Modulo Viáticos/Anulación y Legalización de viáticos/td_QUINTERO 5 EMPLEADO2' is clickable

2021-12-01 12:21:54 - [TEST_STEP][PASSED] - click(findTestObject("Modulo Actos Administrativos/Modulo Viáticos/Anulación y Legalización de viáticos/td_QUINTERO 5 EMPLEADO2")): Object: 'Object Repository/Modulo Actos Administrativos/Modulo Viáticos/Anulación y Legalización de viáticos/td_QUINTERO 5 EMPLEADO2' is clicked on

2021-12-01 12:21:55 - [MESSAGE][PASSED] - Object: 'Object Repository/Modulo Actos Administrativos/Modulo Viáticos/Anulación y Legalización de viáticos/td_QUINTERO 5 EMPLEADO2' is clicked on

2021-12-01 12:21:55 - [TEST_STEP][PASSED] - delay(1): Delayed 1 second(s)

2021-12-01 12:21:56 - [MESSAGE][PASSED] - Delayed 1 second(s)

2021-12-01 12:21:56 - [TEST_STEP][PASSED] - selectOptionByIndex(findTestObject("Modulo Actos Administrativos/Modulo Viáticos/Complementario de Viáticos/select_--- Seleccione Tipo Costo --Viatico prueba--complementario"), "1"): All options with index in [1] are selected on object 'Object Repository/Modulo Actos Administrativos/Modulo Viáticos/Complementario de Viáticos/select_--- Seleccione Tipo Costo --Viatico prueba--complementario'

2021-12-01 12:21:57 - [MESSAGE][PASSED] - All options with index in [1] are selected on object 'Object Repository/Modulo Actos Administrativos/Modulo Viáticos/Complementario de Viáticos/select_--- Seleccione Tipo Costo --Viatico prueba--complementario'

2021-12-01 12:21:57 - [TEST_STEP][PASSED] - setText(findTestObject("Modulo Actos Administrativos/Modulo Viáticos/Costos de Viáticos/input_Valor Pagado UD_form_popupcostoviaticosvalorPagadoUD"), "1500000"): Text '1500000' is set on object 'Object Repository/Modulo Actos Administrativos/Modulo Viáticos/Costos de Viáticos/input_Valor Pagado UD_form_popupcostoviaticosvalorPagadoUD'

2021-12-01 12:21:58 - [MESSAGE][PASSED] - Text '1500000' is set on object 'Object Repository/Modulo Actos Administrativos/Modulo Viáticos/Costos de Viáticos/input_Valor Pagado UD_form_popupcostoviaticosvalorPagadoUD'

2021-12-01 12:21:58 - [TEST_STEP][PASSED] - setText(findTestObject("Modulo Actos Administrativos/Modulo Viáticos/Costos de Viáticos/input_Excedente_form_popupcostoviaticosvalorExcedente"), "10000"): Text '10000' is set on object 'Object Repository/Modulo Actos Administrativos/Modulo Viáticos/Costos de Viáticos/input_Excedente_form_popupcostoviaticosvalorExcedente'

2021-12-01 12:21:59 - [MESSAGE][PASSED] - Text '10000' is set on object 'Object Repository/Modulo Actos Administrativos/Modulo Viáticos/Costos de Viáticos/input_Excedente_form_popupcostoviaticosvalorExcedente'

2021-12-01 12:21:59 - [TEST_STEP][PASSED] - setText(findTestObject("Modulo Actos Administrativos/Modulo Viáticos/Costos de Viáticos/input_Factura_form_popupcostoviaticosfactura"), "5"): Text '5' is set on object 'Object Repository/Modulo Actos Administrativos/Modulo Viáticos/Costos de Viáticos/input_Factura_form_popupcostoviaticosfactura'

2021-12-01 12:22:00 - [MESSAGE][PASSED] - Text '5' is set on object 'Object Repository/Modulo Actos Administrativos/Modulo Viáticos/Costos de Viáticos/input_Factura_form_popupcostoviaticosfactura'

2021-12-01 12:22:00 - [TEST_STEP][PASSED] - setText(findTestObject("Modulo Actos Administrativos/Modulo Viáticos/Costos de Viáticos/input_Factura_form_popupcostoviaticosfechafactura_input"), "01/07/2021"): Text '01/07/2021' is set on object 'Object Repository/Modulo Actos Administrativos/Modulo Viáticos/Costos de Viáticos/input_Factura_form_popupcostoviaticosfechafactura_input'

2021-12-01 12:22:01 - [MESSAGE][PASSED] - Text '01/07/2021' is set on object 'Object Repository/Modulo Actos Administrativos/Modulo Viáticos/Costos de Viáticos/input_Factura_form_popupcostoviaticosfechafactura_input'

2021-12-01 12:22:01 - [TEST_STEP][PASSED] - setText(findTestObject("Modulo Actos Administrativos/Modulo Viáticos/Costos de Viáticos/input_viatico_form_popupcostoviaticosdestino"), "1"): Text '1' is set on object 'Object Repository/Modulo Actos Administrativos/Modulo Viáticos/Costos de Viáticos/input_viatico_form_popupcostoviaticosdestino'

2021-12-01 12:22:02 - [MESSAGE][PASSED] - Text '1' is set on object 'Object Repository/Modulo Actos Administrativos/Modulo Viáticos/Costos de Viáticos/input_viatico_form_popupcostoviaticosdestino'

2021-12-01 12:22:02 - [TEST_STEP][PASSED] - click(findTestObject("Modulo Actos Administrativos/Modulo Viáticos/Costos de Viáticos/input_viatico_form_popupcostoviaticosdestino")): Object: 'Object Repository/Modulo Actos Administrativos/Modulo Viáticos/Costos de Viáticos/input_viatico_form_popupcostoviaticosdestino' is clicked on

2021-12-01 12:22:02 - [MESSAGE][PASSED] - Object: 'Object Repository/Modulo Actos Administrativos/Modulo Viáticos/Costos de Viáticos/input_viatico_form_popupcostoviaticosdestino' is clicked on

2021-12-01 12:22:02 - [TEST_STEP][PASSED] - click(findTestObject("Modulo Actos Administrativos/Modulo Viáticos/Costos de Viáticos/a_Guardar_costo")): Object: 'Object Repository/Modulo Actos Administrativos/Modulo Viáticos/Costos de Viáticos/a_Guardar_costo' is clicked on

2021-12-01 12:22:03 - [MESSAGE][PASSED] - Object: 'Object Repository/Modulo Actos Administrativos/Modulo Viáticos/Costos de Viáticos/a_Guardar_costo' is clicked on

2021-12-01 12:22:03 - [TEST_STEP][PASSED] - click(findTestObject("Modulo Actos Administrativos/Modulo Viáticos/Anulación y Legalización de viáticos/span_Cerrar_ventana_ Crear costos")): Object: 'Object Repository/Modulo Actos Administrativos/Modulo Viáticos/Anulación y Legalización de viáticos/span_Cerrar_ventana_ Crear costos' is clicked on

2021-12-01 12:22:03 - [MESSAGE][PASSED] - Object: 'Object Repository/Modulo Actos Administrativos/Modulo Viáticos/Anulación y Legalización de viáticos/span_Cerrar_ventana_ Crear costos' is clicked on

2021-12-01 12:22:03 - [TEST_STEP][PASSED] - click(findTestObject("Modulo Actos Administrativos/Modulo Viáticos/Anulación y Legalización de viáticos/td_estado_null")): Object: 'Object Repository/Modulo Actos Administrativos/Modulo Viáticos/Anulación y Legalización de viáticos/td_estado_null' is clicked on

2021-12-01 12:22:04 - [MESSAGE][PASSED] - Object: 'Object Repository/Modulo Actos Administrativos/Modulo Viáticos/Anulación y Legalización de viáticos/td_estado_null' is clicked on

2021-12-01 12:22:04 - [TEST_STEP][PASSED] - if (waitForElementClickable(findTestObject("Modulo Actos Administrativos/Modulo Viáticos/Anulación y Legalización de viáticos/a_Anular_Costo"), 1)): null

2021-12-01 12:22:05 - [MESSAGE][PASSED] - Object 'Object Repository/Modulo Actos Administrativos/Modulo Viáticos/Anulación y Legalización de viáticos/a_Anular_Costo' is clickable

2021-12-01 12:22:05 - [TEST_STEP][PASSED] - click(findTestObject("Modulo Actos Administrativos/Modulo Viáticos/Anulación y Legalización de viáticos/a_Anular_Costo")): Object: 'Object Repository/Modulo Actos Administrativos/Modulo Viáticos/Anulación y Legalización de viáticos/a_Anular_Costo' is clicked on

2021-12-01 12:22:05 - [MESSAGE][PASSED] - Object: 'Object Repository/Modulo Actos Administrativos/Modulo Viáticos/Anulación y Legalización de viáticos/a_Anular_Costo' is clicked on

2021-12-01 12:22:05 - [TEST_STEP][PASSED] - waitForElementClickable(findTestObject("Modulo Actos Administrativos/Modulo Viáticos/Anulación y Legalización de viáticos/select_--Seleccione--Nota CreditoReembolsoRevisin"), 0): Object 'Object Repository/Modulo Actos Administrativos/Modulo Viáticos/Anulación y Legalización de viáticos/select_--Seleccione--Nota CreditoReembolsoRevisin' is clickable

2021-12-01 12:22:05 - [MESSAGE][WARNING] - Timeout '0' is invalid. Using default page load timeout: '30'

2021-12-01 12:22:06 - [MESSAGE][PASSED] - Object 'Object Repository/Modulo Actos Administrativos/Modulo Viáticos/Anulación y Legalización de viáticos/select_--Seleccione--Nota CreditoReembolsoRevisin' is clickable

2021-12-01 12:22:06 - [TEST_STEP][PASSED] - selectOptionByIndex(findTestObject("Modulo Actos Administrativos/Modulo Viáticos/Anulación y Legalización de viáticos/select_--Seleccione--Nota CreditoReembolsoRevisin"), "1"): All options with index in [1] are selected on object 'Object Repository/Modulo Actos Administrativos/Modulo Viáticos/Anulación y Legalización de viáticos/select_--Seleccione--Nota CreditoReembolsoRevisin'

2021-12-01 12:22:07 - [MESSAGE][PASSED] - All options with index in [1] are selected on object 'Object Repository/Modulo Actos Administrativos/Modulo Viáticos/Anulación y Legalización de viáticos/select_--Seleccione--Nota CreditoReembolsoRevisin'

2021-12-01 12:22:07 - [TEST_STEP][PASSED] - setText(findTestObject("Modulo Actos Administrativos/Modulo Viáticos/Anulación y Legalización de viáticos/input_Nmero Nota Credito_form"), "5"): Text '5' is set on object 'Object Repository/Modulo Actos Administrativos/Modulo Viáticos/Anulación y Legalización de viáticos/input_Nmero Nota Credito_form'

2021-12-01 12:22:08 - [MESSAGE][PASSED] - Text '5' is set on object 'Object Repository/Modulo Actos Administrativos/Modulo Viáticos/Anulación y Legalización de viáticos/input_Nmero Nota Credito_form'

2021-12-01 12:22:08 - [TEST_STEP][PASSED] - setText(findTestObject("Modulo Actos Administrativos/Modulo Viáticos/Anulación y Legalización de viáticos/input_Fecha De Nota Crdito_form_Nota credito"), "01/07/2021"): Text '01/07/2021' is set on object 'Object Repository/Modulo Actos Administrativos/Modulo Viáticos/Anulación y Legalización de viáticos/input_Fecha De Nota Crdito_form_Nota credito'

2021-12-01 12:22:08 - [MESSAGE][PASSED] - Text '01/07/2021' is set on object 'Object Repository/Modulo Actos Administrativos/Modulo Viáticos/Anulación y Legalización de viáticos/input_Fecha De Nota Crdito_form_Nota credito'

2021-12-01 12:22:08 - [TEST_STEP][PASSED] - setText(findTestObject("Modulo Actos Administrativos/Modulo Viáticos/Anulación y Legalización de viáticos/input_Fecha Resolucin_form_Nota_credito"), "01/07/2021"): Text '01/07/2021' is set on object 'Object Repository/Modulo Actos Administrativos/Modulo Viáticos/Anulación y Legalización de viáticos/input_Fecha Resolucin_form_Nota_credito'

2021-12-01 12:22:09 - [MESSAGE][PASSED] - Text '01/07/2021' is set on object 'Object Repository/Modulo Actos Administrativos/Modulo Viáticos/Anulación y Legalización de viáticos/input_Fecha Resolucin_form_Nota_credito'

2021-12-01 12:22:09 - [TEST_STEP][PASSED] - setText(findTestObject("Modulo Actos Administrativos/Modulo Viáticos/Anulación y Legalización de viáticos/input_Valor_form_Nota_credito"), "10"): Text '10' is set on object 'Object Repository/Modulo Actos Administrativos/Modulo Viáticos/Anulación y Legalización de viáticos/input_Valor_form_Nota_credito'

2021-12-01 12:22:10 - [MESSAGE][PASSED] - Text '10' is set on object 'Object Repository/Modulo Actos Administrativos/Modulo Viáticos/Anulación y Legalización de viáticos/input_Valor_form_Nota_credito'

2021-12-01 12:22:10 - [TEST_STEP][PASSED] - setText(findTestObject("Modulo Actos Administrativos/Modulo Viáticos/Anulación y Legalización de viáticos/input_Nmero Resolucin_Nota_credito"), "5"): Text '5' is set on object 'Object Repository/Modulo Actos Administrativos/Modulo Viáticos/Anulación y Legalización de viáticos/input_Nmero Resolucin_Nota_credito'

2021-12-01 12:22:11 - [MESSAGE][PASSED] - Text '5' is set on object 'Object Repository/Modulo Actos Administrativos/Modulo Viáticos/Anulación y Legalización de viáticos/input_Nmero Resolucin_Nota_credito'

2021-12-01 12:22:11 - [TEST_STEP][PASSED] - click(findTestObject("Modulo Actos Administrativos/Modulo Viáticos/Anulación y Legalización de viáticos/a_Aplicar_Nota_credito")): Object: 'Object Repository/Modulo Actos Administrativos/Modulo Viáticos/Anulación y Legalización de viáticos/a_Aplicar_Nota_credito' is clicked on

2021-12-01 12:22:12 - [MESSAGE][PASSED] - Object: 'Object Repository/Modulo Actos Administrativos/Modulo Viáticos/Anulación y Legalización de viáticos/a_Aplicar_Nota_credito' is clicked on

2021-12-01 12:22:12 - [TEST_STEP][PASSED] - waitForElementClickable(findTestObject("Modulo Actos Administrativos/Modulo Viáticos/Anulación y Legalización de viáticos/a_Cambiar estado"), 0): Object 'Object Repository/Modulo Actos Administrativos/Modulo Viáticos/Anulación y Legalización de viáticos/a_Cambiar estado' is clickable

2021-12-01 12:22:12 - [MESSAGE][WARNING] - Timeout '0' is invalid. Using default page load timeout: '30'

2021-12-01 12:22:12 - [MESSAGE][PASSED] - Object 'Object Repository/Modulo Actos Administrativos/Modulo Viáticos/Anulación y Legalización de viáticos/a_Cambiar estado' is clickable

2021-12-01 12:22:12 - [TEST_STEP][PASSED] - click(findTestObject("Modulo Actos Administrativos/Modulo Viáticos/Anulación y Legalización de viáticos/a_Cambiar estado")): Object: 'Object Repository/Modulo Actos Administrativos/Modulo Viáticos/Anulación y Legalización de viáticos/a_Cambiar estado' is clicked on

2021-12-01 12:22:13 - [MESSAGE][PASSED] - Object: 'Object Repository/Modulo Actos Administrativos/Modulo Viáticos/Anulación y Legalización de viáticos/a_Cambiar estado' is clicked on

2021-12-01 12:22:13 - [TEST_STEP][PASSED] - waitForElementClickable(findTestObject("Modulo Actos Administrativos/Modulo Viáticos/Anulación y Legalización de viáticos/select_--Seleccione--Nota CreditoReembolsoRevisin"), 0): Object 'Object Repository/Modulo Actos Administrativos/Modulo Viáticos/Anulación y Legalización de viáticos/select_--Seleccione--Nota CreditoReembolsoRevisin' is clickable

2021-12-01 12:22:13 - [MESSAGE][WARNING] - Timeout '0' is invalid. Using default page load timeout: '30'

2021-12-01 12:22:13 - [MESSAGE][PASSED] - Object 'Object Repository/Modulo Actos Administrativos/Modulo Viáticos/Anulación y Legalización de viáticos/select_--Seleccione--Nota CreditoReembolsoRevisin' is clickable

2021-12-01 12:22:13 - [TEST_STEP][PASSED] - selectOptionByIndex(findTestObject("Modulo Actos Administrativos/Modulo Viáticos/Anulación y Legalización de viáticos/select_--Seleccione--Nota CreditoReembolsoRevisin"), "2"): All options with index in [2] are selected on object 'Object Repository/Modulo Actos Administrativos/Modulo Viáticos/Anulación y Legalización de viáticos/select_--Seleccione--Nota CreditoReembolsoRevisin'

2021-12-01 12:22:15 - [MESSAGE][PASSED] - All options with index in [2] are selected on object 'Object Repository/Modulo Actos Administrativos/Modulo Viáticos/Anulación y Legalización de viáticos/select_--Seleccione--Nota CreditoReembolsoRevisin'

2021-12-01 12:22:15 - [TEST_STEP][PASSED] - click(findTestObject("Modulo Actos Administrativos/Modulo Viáticos/Anulación y Legalización de viáticos/a_Aplicar_Reembolso")): Object: 'Object Repository/Modulo Actos Administrativos/Modulo Viáticos/Anulación y Legalización de viáticos/a_Aplicar_Reembolso' is clicked on

2021-12-01 12:22:15 - [MESSAGE][PASSED] - Object: 'Object Repository/Modulo Actos Administrativos/Modulo Viáticos/Anulación y Legalización de viáticos/a_Aplicar_Reembolso' is clicked on

2021-12-01 12:22:15 - [TEST_STEP][PASSED] - waitForElementClickable(findTestObject("Modulo Actos Administrativos/Modulo Viáticos/Anulación y Legalización de viáticos/a_cerrar_costo_viaticos"), 0): Object 'Object Repository/Modulo Actos Administrativos/Modulo Viáticos/Anulación y Legalización de viáticos/a_cerrar_costo_viaticos' is clickable

2021-12-01 12:22:15 - [MESSAGE][WARNING] - Timeout '0' is invalid. Using default page load timeout: '30'

2021-12-01 12:22:16 - [MESSAGE][PASSED] - Object 'Object Repository/Modulo Actos Administrativos/Modulo Viáticos/Anulación y Legalización de viáticos/a_cerrar_costo_viaticos' is clickable

2021-12-01 12:22:16 - [TEST_STEP][PASSED] - click(findTestObject("Modulo Actos Administrativos/Modulo Viáticos/Anulación y Legalización de viáticos/a_cerrar_costo_viaticos")): Object: 'Object Repository/Modulo Actos Administrativos/Modulo Viáticos/Anulación y Legalización de viáticos/a_cerrar_costo_viaticos' is clicked on

2021-12-01 12:22:16 - [MESSAGE][PASSED] - Object: 'Object Repository/Modulo Actos Administrativos/Modulo Viáticos/Anulación y Legalización de viáticos/a_cerrar_costo_viaticos' is clicked on

2021-12-01 12:22:16 - [TEST_STEP][PASSED] - click(findTestObject("Modulo Actos Administrativos/Modulo Viáticos/Anulación y Legalización de viáticos/a_Listado Viticos_cerrar_menu")): Object: 'Object Repository/Modulo Actos Administrativos/Modulo Viáticos/Anulación y Legalización de viáticos/a_Listado Viticos_cerrar_menu' is clicked on

2021-12-01 12:22:17 - [MESSAGE][PASSED] - Object: 'Object Repository/Modulo Actos Administrativos/Modulo Viáticos/Anulación y Legalización de viáticos/a_Listado Viticos_cerrar_menu' is clicked on

2021-12-01 12:22:17 - [TEST_STEP][PASSED] - click(findTestObject("Modulo Actos Administrativos/Modulo Viáticos/Anulación y Legalización de viáticos/label_Viaticos")): Object: 'Object Repository/Modulo Actos Administrativos/Modulo Viáticos/Anulación y Legalización de viáticos/label_Viaticos' is clicked on

2021-12-01 12:22:17 - [MESSAGE][PASSED] - Object: 'Object Repository/Modulo Actos Administrativos/Modulo Viáticos/Anulación y Legalización de viáticos/label_Viaticos' is clicked on

2021-12-01 12:22:17 - [TEST_STEP][PASSED] - click(findTestObject("Modulo Actos Administrativos/Modulo Viáticos/Anulación y Legalización de viáticos/a_Listado Costos Pendientes")): Object: 'Object Repository/Modulo Actos Administrativos/Modulo Viáticos/Anulación y Legalización de viáticos/a_Listado Costos Pendientes' is clicked on

2021-12-01 12:22:18 - [MESSAGE][PASSED] - Object: 'Object Repository/Modulo Actos Administrativos/Modulo Viáticos/Anulación y Legalización de viáticos/a_Listado Costos Pendientes' is clicked on

2021-12-01 12:22:18 - [TEST_STEP][PASSED] - waitForElementClickable(findTestObject("Modulo Actos Administrativos/Modulo Viáticos/Anulación y Legalización de viáticos/input_ADMINISTRADOR DEL SISTEMA - SARA_form_templatej_idt24_input"), 0): Object 'Object Repository/Modulo Actos Administrativos/Modulo Viáticos/Anulación y Legalización de viáticos/input_ADMINISTRADOR DEL SISTEMA - SARA_form_templatej_idt24_input' is clickable

2021-12-01 12:22:18 - [MESSAGE][WARNING] - Timeout '0' is invalid. Using default page load timeout: '30'

2021-12-01 12:22:20 - [MESSAGE][PASSED] - Object 'Object Repository/Modulo Actos Administrativos/Modulo Viáticos/Anulación y Legalización de viáticos/input_ADMINISTRADOR DEL SISTEMA - SARA_form_templatej_idt24_input' is clickable

2021-12-01 12:22:20 - [TEST_STEP][PASSED] - setText(findTestObject("Modulo Actos Administrativos/Modulo Viáticos/Anulación y Legalización de viáticos/input_ADMINISTRADOR DEL SISTEMA - SARA_form_templatej_idt24_input"), "listado de viaticos"): Text 'listado de viaticos' is set on object 'Object Repository/Modulo Actos Administrativos/Modulo Viáticos/Anulación y Legalización de viáticos/input_ADMINISTRADOR DEL SISTEMA - SARA_form_templatej_idt24_input'

2021-12-01 12:22:20 - [MESSAGE][PASSED] - Text 'listado de viaticos' is set on object 'Object Repository/Modulo Actos Administrativos/Modulo Viáticos/Anulación y Legalización de viáticos/input_ADMINISTRADOR DEL SISTEMA - SARA_form_templatej_idt24_input'

2021-12-01 12:22:20 - [TEST_STEP][PASSED] - waitForElementClickable(findTestObject("Modulo Actos Administrativos/Modulo Viáticos/Anulación y Legalización de viáticos/li_Listado de Viaticos (act)"), 0): Object 'Object Repository/Modulo Actos Administrativos/Modulo Viáticos/Anulación y Legalización de viáticos/li_Listado de Viaticos (act)' is clickable

2021-12-01 12:22:21 - [MESSAGE][WARNING] - Timeout '0' is invalid. Using default page load timeout: '30'

2021-12-01 12:22:22 - [MESSAGE][PASSED] - Object 'Object Repository/Modulo Actos Administrativos/Modulo Viáticos/Anulación y Legalización de viáticos/li_Listado de Viaticos (act)' is clickable

2021-12-01 12:22:22 - [TEST_STEP][PASSED] - sendKeys(findTestObject("Modulo Actos Administrativos/Modulo Viáticos/Anulación y Legalización de viáticos/input_ADMINISTRADOR DEL SISTEMA - SARA_form_templatej_idt24_input"), Keys.chord(ENTER)): Keys 'ENTER + ' sent to object: 'Object Repository/Modulo Actos Administrativos/Modulo Viáticos/Anulación y Legalización de viáticos/input_ADMINISTRADOR DEL SISTEMA - SARA_form_templatej_idt24_input'

2021-12-01 12:22:22 - [MESSAGE][PASSED] - Keys 'ENTER + ' sent to object: 'Object Repository/Modulo Actos Administrativos/Modulo Viáticos/Anulación y Legalización de viáticos/input_ADMINISTRADOR DEL SISTEMA - SARA_form_templatej_idt24_input'

2021-12-01 12:22:22 - [TEST_STEP][PASSED] - selectOptionByIndex(findTestObject("Modulo Actos Administrativos/Modulo Viáticos/Anulación y Legalización de viáticos/select_--Seleccione--AnuladoAutorizadaDerogadaNo AutorizadaProgramadaSolicitado"), 5): All options with index in [5] are selected on object 'Object Repository/Modulo Actos Administrativos/Modulo Viáticos/Anulación y Legalización de viáticos/select_--Seleccione--AnuladoAutorizadaDerogadaNo AutorizadaProgramadaSolicitado'

2021-12-01 12:22:24 - [MESSAGE][PASSED] - All options with index in [5] are selected on object 'Object Repository/Modulo Actos Administrativos/Modulo Viáticos/Anulación y Legalización de viáticos/select_--Seleccione--AnuladoAutorizadaDerogadaNo AutorizadaProgramadaSolicitado'

2021-12-01 12:22:24 - [TEST_STEP][PASSED] - click(findTestObject("Modulo Actos Administrativos/Modulo Viáticos/Anulación y Legalización de viáticos/td_01072021")): Object: 'Object Repository/Modulo Actos Administrativos/Modulo Viáticos/Anulación y Legalización de viáticos/td_01072021' is clicked on

2021-12-01 12:22:25 - [MESSAGE][PASSED] - Object: 'Object Repository/Modulo Actos Administrativos/Modulo Viáticos/Anulación y Legalización de viáticos/td_01072021' is clicked on

2021-12-01 12:22:25 - [TEST_STEP][PASSED] - click(findTestObject("Modulo Actos Administrativos/Modulo Viáticos/Anulación y Legalización de viáticos/a_Costos_Anulacion")): Object: 'Object Repository/Modulo Actos Administrativos/Modulo Viáticos/Anulación y Legalización de viáticos/a_Costos_Anulacion' is clicked on

2021-12-01 12:22:26 - [MESSAGE][PASSED] - Object: 'Object Repository/Modulo Actos Administrativos/Modulo Viáticos/Anulación y Legalización de viáticos/a_Costos_Anulacion' is clicked on

2021-12-01 12:22:26 - [TEST_STEP][PASSED] - waitForElementClickable(findTestObject("Modulo Actos Administrativos/Modulo Viáticos/Anulación y Legalización de viáticos/td_estado_null"), 0): Object 'Object Repository/Modulo Actos Administrativos/Modulo Viáticos/Anulación y Legalización de viáticos/td_estado_null' is clickable

2021-12-01 12:22:26 - [MESSAGE][WARNING] - Timeout '0' is invalid. Using default page load timeout: '30'

2021-12-01 12:22:27 - [MESSAGE][PASSED] - Object 'Object Repository/Modulo Actos Administrativos/Modulo Viáticos/Anulación y Legalización de viáticos/td_estado_null' is clickable

2021-12-01 12:22:27 - [TEST_STEP][PASSED] - click(findTestObject("Modulo Actos Administrativos/Modulo Viáticos/Anulación y Legalización de viáticos/td_estado_null")): Object: 'Object Repository/Modulo Actos Administrativos/Modulo Viáticos/Anulación y Legalización de viáticos/td_estado_null' is clicked on

2021-12-01 12:22:27 - [MESSAGE][PASSED] - Object: 'Object Repository/Modulo Actos Administrativos/Modulo Viáticos/Anulación y Legalización de viáticos/td_estado_null' is clicked on

2021-12-01 12:22:27 - [TEST_STEP][PASSED] - if (waitForElementClickable(findTestObject("Modulo Actos Administrativos/Modulo Viáticos/Anulación y Legalización de viáticos/a_Anular_Costo"), 1)): Web element with id: 'Object Repository/Modulo Actos Administrativos/Modulo Viáticos/Anulación y Legalización de viáticos/a_Anular_Costo' located by '//a[3]' not found

2021-12-01 12:22:30 - [MESSAGE][INFO] - Unable to find the element located by 'By.xpath: //a[3]'. Please recheck the objects properties to make sure the desired element is located. 

2021-12-01 12:22:30 - [MESSAGE][WARNING] - Web element with id: 'Object Repository/Modulo Actos Administrativos/Modulo Viáticos/Anulación y Legalización de viáticos/a_Anular_Costo' located by '//a[3]' not found

2021-12-01 12:22:30 - [TEST_STEP][PASSED] - else: Object: 'Object Repository/Modulo Actos Administrativos/Modulo Viáticos/Anulación y Legalización de viáticos/a_Cambiar estado' is clicked on

2021-12-01 12:22:30 - [TEST_STEP][PASSED] - click(findTestObject("Modulo Actos Administrativos/Modulo Viáticos/Anulación y Legalización de viáticos/a_Cambiar estado")): Object: 'Object Repository/Modulo Actos Administrativos/Modulo Viáticos/Anulación y Legalización de viáticos/a_Cambiar estado' is clicked on

2021-12-01 12:22:30 - [MESSAGE][PASSED] - Object: 'Object Repository/Modulo Actos Administrativos/Modulo Viáticos/Anulación y Legalización de viáticos/a_Cambiar estado' is clicked on

2021-12-01 12:22:30 - [TEST_STEP][PASSED] - waitForElementClickable(findTestObject("Modulo Actos Administrativos/Modulo Viáticos/Anulación y Legalización de viáticos/select_--Seleccione--Nota CreditoReembolsoRevisin"), 0): Object 'Object Repository/Modulo Actos Administrativos/Modulo Viáticos/Anulación y Legalización de viáticos/select_--Seleccione--Nota CreditoReembolsoRevisin' is clickable

2021-12-01 12:22:30 - [MESSAGE][WARNING] - Timeout '0' is invalid. Using default page load timeout: '30'

2021-12-01 12:22:32 - [MESSAGE][PASSED] - Object 'Object Repository/Modulo Actos Administrativos/Modulo Viáticos/Anulación y Legalización de viáticos/select_--Seleccione--Nota CreditoReembolsoRevisin' is clickable

2021-12-01 12:22:32 - [TEST_STEP][PASSED] - selectOptionByIndex(findTestObject("Modulo Actos Administrativos/Modulo Viáticos/Anulación y Legalización de viáticos/select_--Seleccione--Nota CreditoReembolsoRevisin"), "3"): All options with index in [3] are selected on object 'Object Repository/Modulo Actos Administrativos/Modulo Viáticos/Anulación y Legalización de viáticos/select_--Seleccione--Nota CreditoReembolsoRevisin'

2021-12-01 12:22:33 - [MESSAGE][PASSED] - All options with index in [3] are selected on object 'Object Repository/Modulo Actos Administrativos/Modulo Viáticos/Anulación y Legalización de viáticos/select_--Seleccione--Nota CreditoReembolsoRevisin'

2021-12-01 12:22:33 - [TEST_STEP][PASSED] - click(findTestObject("Modulo Actos Administrativos/Modulo Viáticos/Anulación y Legalización de viáticos/a_Aplicar_revision")): Object: 'Object Repository/Modulo Actos Administrativos/Modulo Viáticos/Anulación y Legalización de viáticos/a_Aplicar_revision' is clicked on

2021-12-01 12:22:34 - [MESSAGE][PASSED] - Object: 'Object Repository/Modulo Actos Administrativos/Modulo Viáticos/Anulación y Legalización de viáticos/a_Aplicar_revision' is clicked on

2021-12-01 12:22:34 - [TEST_STEP][PASSED] - click(findTestObject("Modulo Actos Administrativos/Modulo Viáticos/Anulación y Legalización de viáticos/a_cerrar_costo_viaticos")): Object: 'Object Repository/Modulo Actos Administrativos/Modulo Viáticos/Anulación y Legalización de viáticos/a_cerrar_costo_viaticos' is clicked on

2021-12-01 12:22:34 - [MESSAGE][PASSED] - Object: 'Object Repository/Modulo Actos Administrativos/Modulo Viáticos/Anulación y Legalización de viáticos/a_cerrar_costo_viaticos' is clicked on

2021-12-01 12:22:34 - [TEST_STEP][PASSED] - click(findTestObject("Modulo Actos Administrativos/Modulo Viáticos/Anulación y Legalización de viáticos/a_Listado Viticos_cerrar_menu")): Object: 'Object Repository/Modulo Actos Administrativos/Modulo Viáticos/Anulación y Legalización de viáticos/a_Listado Viticos_cerrar_menu' is clicked on

2021-12-01 12:22:35 - [MESSAGE][PASSED] - Object: 'Object Repository/Modulo Actos Administrativos/Modulo Viáticos/Anulación y Legalización de viáticos/a_Listado Viticos_cerrar_menu' is clicked on

2021-12-01 12:22:35 - [TEST_STEP][PASSED] - click(findTestObject("Modulo Actos Administrativos/Modulo Viáticos/Anulación y Legalización de viáticos/label_Viaticos")): Object: 'Object Repository/Modulo Actos Administrativos/Modulo Viáticos/Anulación y Legalización de viáticos/label_Viaticos' is clicked on

2021-12-01 12:22:35 - [MESSAGE][PASSED] - Object: 'Object Repository/Modulo Actos Administrativos/Modulo Viáticos/Anulación y Legalización de viáticos/label_Viaticos' is clicked on

2021-12-01 12:22:35 - [TEST_STEP][PASSED] - waitForElementClickable(findTestObject("Modulo Actos Administrativos/Modulo Viáticos/Anulación y Legalización de viáticos/a_Listado Costos Pendientes"), 0): Object 'Object Repository/Modulo Actos Administrativos/Modulo Viáticos/Anulación y Legalización de viáticos/a_Listado Costos Pendientes' is clickable

2021-12-01 12:22:36 - [MESSAGE][WARNING] - Timeout '0' is invalid. Using default page load timeout: '30'

2021-12-01 12:22:36 - [MESSAGE][PASSED] - Object 'Object Repository/Modulo Actos Administrativos/Modulo Viáticos/Anulación y Legalización de viáticos/a_Listado Costos Pendientes' is clickable

2021-12-01 12:22:36 - [TEST_STEP][PASSED] - click(findTestObject("Modulo Actos Administrativos/Modulo Viáticos/Anulación y Legalización de viáticos/a_Listado Costos Pendientes")): Object: 'Object Repository/Modulo Actos Administrativos/Modulo Viáticos/Anulación y Legalización de viáticos/a_Listado Costos Pendientes' is clicked on

2021-12-01 12:22:36 - [MESSAGE][PASSED] - Object: 'Object Repository/Modulo Actos Administrativos/Modulo Viáticos/Anulación y Legalización de viáticos/a_Listado Costos Pendientes' is clicked on

2021-12-01 12:22:36 - [TEST_STEP][PASSED] - waitForElementClickable(findTestObject("Modulo Actos Administrativos/Modulo Viáticos/Anulación y Legalización de viáticos/select_--Seleccione--revision"), 0): Object 'Object Repository/Modulo Actos Administrativos/Modulo Viáticos/Anulación y Legalización de viáticos/select_--Seleccione--revision' is clickable

2021-12-01 12:22:36 - [MESSAGE][WARNING] - Timeout '0' is invalid. Using default page load timeout: '30'

2021-12-01 12:22:37 - [MESSAGE][PASSED] - Object 'Object Repository/Modulo Actos Administrativos/Modulo Viáticos/Anulación y Legalización de viáticos/select_--Seleccione--revision' is clickable

2021-12-01 12:22:37 - [TEST_STEP][PASSED] - selectOptionByIndex(findTestObject("Modulo Actos Administrativos/Modulo Viáticos/Anulación y Legalización de viáticos/select_--Seleccione--revision"), "3"): All options with index in [3] are selected on object 'Object Repository/Modulo Actos Administrativos/Modulo Viáticos/Anulación y Legalización de viáticos/select_--Seleccione--revision'

2021-12-01 12:22:38 - [MESSAGE][PASSED] - All options with index in [3] are selected on object 'Object Repository/Modulo Actos Administrativos/Modulo Viáticos/Anulación y Legalización de viáticos/select_--Seleccione--revision'

2021-12-01 12:22:38 - [TEST_STEP][PASSED] - waitForElementClickable(findTestObject("Modulo Actos Administrativos/Modulo Viáticos/Anulación y Legalización de viáticos/input_ADMINISTRADOR DEL SISTEMA - SARA_form_templatej_idt24_input"), 0): Object 'Object Repository/Modulo Actos Administrativos/Modulo Viáticos/Anulación y Legalización de viáticos/input_ADMINISTRADOR DEL SISTEMA - SARA_form_templatej_idt24_input' is clickable

2021-12-01 12:22:39 - [MESSAGE][WARNING] - Timeout '0' is invalid. Using default page load timeout: '30'

2021-12-01 12:22:39 - [MESSAGE][PASSED] - Object 'Object Repository/Modulo Actos Administrativos/Modulo Viáticos/Anulación y Legalización de viáticos/input_ADMINISTRADOR DEL SISTEMA - SARA_form_templatej_idt24_input' is clickable

2021-12-01 12:22:39 - [TEST_STEP][PASSED] - setText(findTestObject("Modulo Actos Administrativos/Modulo Viáticos/Anulación y Legalización de viáticos/input_ADMINISTRADOR DEL SISTEMA - SARA_form_templatej_idt24_input"), "listado de viaticos"): Text 'listado de viaticos' is set on object 'Object Repository/Modulo Actos Administrativos/Modulo Viáticos/Anulación y Legalización de viáticos/input_ADMINISTRADOR DEL SISTEMA - SARA_form_templatej_idt24_input'

2021-12-01 12:22:40 - [MESSAGE][PASSED] - Text 'listado de viaticos' is set on object 'Object Repository/Modulo Actos Administrativos/Modulo Viáticos/Anulación y Legalización de viáticos/input_ADMINISTRADOR DEL SISTEMA - SARA_form_templatej_idt24_input'

2021-12-01 12:22:40 - [TEST_STEP][PASSED] - waitForElementClickable(findTestObject("Modulo Actos Administrativos/Modulo Viáticos/Anulación y Legalización de viáticos/li_Listado de Viaticos (act)"), 0): Object 'Object Repository/Modulo Actos Administrativos/Modulo Viáticos/Anulación y Legalización de viáticos/li_Listado de Viaticos (act)' is clickable

2021-12-01 12:22:40 - [MESSAGE][WARNING] - Timeout '0' is invalid. Using default page load timeout: '30'

2021-12-01 12:22:41 - [MESSAGE][PASSED] - Object 'Object Repository/Modulo Actos Administrativos/Modulo Viáticos/Anulación y Legalización de viáticos/li_Listado de Viaticos (act)' is clickable

2021-12-01 12:22:41 - [TEST_STEP][PASSED] - sendKeys(findTestObject("Modulo Actos Administrativos/Modulo Viáticos/Anulación y Legalización de viáticos/input_ADMINISTRADOR DEL SISTEMA - SARA_form_templatej_idt24_input"), Keys.chord(ENTER)): Keys 'ENTER + ' sent to object: 'Object Repository/Modulo Actos Administrativos/Modulo Viáticos/Anulación y Legalización de viáticos/input_ADMINISTRADOR DEL SISTEMA - SARA_form_templatej_idt24_input'

2021-12-01 12:22:41 - [MESSAGE][PASSED] - Keys 'ENTER + ' sent to object: 'Object Repository/Modulo Actos Administrativos/Modulo Viáticos/Anulación y Legalización de viáticos/input_ADMINISTRADOR DEL SISTEMA - SARA_form_templatej_idt24_input'

2021-12-01 12:22:41 - [TEST_STEP][PASSED] - waitForElementClickable(findTestObject("Modulo Actos Administrativos/Modulo Viáticos/Anulación y Legalización de viáticos/span_Programada_Anulacion"), 0): Object 'Object Repository/Modulo Actos Administrativos/Modulo Viáticos/Anulación y Legalización de viáticos/span_Programada_Anulacion' is clickable

2021-12-01 12:22:42 - [MESSAGE][WARNING] - Timeout '0' is invalid. Using default page load timeout: '30'

2021-12-01 12:22:44 - [MESSAGE][PASSED] - Object 'Object Repository/Modulo Actos Administrativos/Modulo Viáticos/Anulación y Legalización de viáticos/span_Programada_Anulacion' is clickable

2021-12-01 12:22:44 - [TEST_STEP][PASSED] - click(findTestObject("Modulo Actos Administrativos/Modulo Viáticos/Anulación y Legalización de viáticos/span_Barranquilla (cerrejonn)")): Object: 'Object Repository/Modulo Actos Administrativos/Modulo Viáticos/Anulación y Legalización de viáticos/span_Barranquilla (cerrejonn)' is clicked on

2021-12-01 12:22:44 - [MESSAGE][PASSED] - Object: 'Object Repository/Modulo Actos Administrativos/Modulo Viáticos/Anulación y Legalización de viáticos/span_Barranquilla (cerrejonn)' is clicked on

2021-12-01 12:22:44 - [TEST_STEP][PASSED] - click(findTestObject("Modulo Actos Administrativos/Modulo Viáticos/Anulación y Legalización de viáticos/a_Costos_Anulacion")): Object: 'Object Repository/Modulo Actos Administrativos/Modulo Viáticos/Anulación y Legalización de viáticos/a_Costos_Anulacion' is clicked on

2021-12-01 12:22:46 - [MESSAGE][PASSED] - Object: 'Object Repository/Modulo Actos Administrativos/Modulo Viáticos/Anulación y Legalización de viáticos/a_Costos_Anulacion' is clicked on

2021-12-01 12:22:46 - [TEST_STEP][PASSED] - click(findTestObject("Modulo Actos Administrativos/Modulo Viáticos/Anulación y Legalización de viáticos/a_Nuevo Reutilizar")): Object: 'Object Repository/Modulo Actos Administrativos/Modulo Viáticos/Anulación y Legalización de viáticos/a_Nuevo Reutilizar' is clicked on

2021-12-01 12:22:47 - [MESSAGE][PASSED] - Object: 'Object Repository/Modulo Actos Administrativos/Modulo Viáticos/Anulación y Legalización de viáticos/a_Nuevo Reutilizar' is clicked on

2021-12-01 12:22:47 - [TEST_STEP][PASSED] - waitForElementClickable(findTestObject("Modulo Actos Administrativos/Modulo Viáticos/Anulación y Legalización de viáticos/select_--Seleccione--Nota CreditoRevisin"), 0): Object 'Object Repository/Modulo Actos Administrativos/Modulo Viáticos/Anulación y Legalización de viáticos/select_--Seleccione--Nota CreditoRevisin' is clickable

2021-12-01 12:22:47 - [MESSAGE][WARNING] - Timeout '0' is invalid. Using default page load timeout: '30'

2021-12-01 12:22:47 - [MESSAGE][PASSED] - Object 'Object Repository/Modulo Actos Administrativos/Modulo Viáticos/Anulación y Legalización de viáticos/select_--Seleccione--Nota CreditoRevisin' is clickable

2021-12-01 12:22:47 - [TEST_STEP][PASSED] - selectOptionByIndex(findTestObject("Modulo Actos Administrativos/Modulo Viáticos/Anulación y Legalización de viáticos/select_--Seleccione--Nota CreditoRevisin"), "2"): All options with index in [2] are selected on object 'Object Repository/Modulo Actos Administrativos/Modulo Viáticos/Anulación y Legalización de viáticos/select_--Seleccione--Nota CreditoRevisin'

2021-12-01 12:22:48 - [MESSAGE][PASSED] - All options with index in [2] are selected on object 'Object Repository/Modulo Actos Administrativos/Modulo Viáticos/Anulación y Legalización de viáticos/select_--Seleccione--Nota CreditoRevisin'

2021-12-01 12:22:48 - [TEST_STEP][PASSED] - waitForElementClickable(findTestObject("Modulo Actos Administrativos/Modulo Viáticos/Anulación y Legalización de viáticos/td_01072021"), 0): Object 'Object Repository/Modulo Actos Administrativos/Modulo Viáticos/Anulación y Legalización de viáticos/td_01072021' is clickable

2021-12-01 12:22:48 - [MESSAGE][WARNING] - Timeout '0' is invalid. Using default page load timeout: '30'

2021-12-01 12:22:50 - [MESSAGE][PASSED] - Object 'Object Repository/Modulo Actos Administrativos/Modulo Viáticos/Anulación y Legalización de viáticos/td_01072021' is clickable

2021-12-01 12:22:50 - [TEST_STEP][PASSED] - click(findTestObject("Modulo Actos Administrativos/Modulo Viáticos/Anulación y Legalización de viáticos/td_01072021")): Object: 'Object Repository/Modulo Actos Administrativos/Modulo Viáticos/Anulación y Legalización de viáticos/td_01072021' is clicked on

2021-12-01 12:22:50 - [MESSAGE][PASSED] - Object: 'Object Repository/Modulo Actos Administrativos/Modulo Viáticos/Anulación y Legalización de viáticos/td_01072021' is clicked on

2021-12-01 12:22:50 - [TEST_STEP][PASSED] - waitForElementClickable(findTestObject("Modulo Actos Administrativos/Modulo Viáticos/Anulación y Legalización de viáticos/a_Programacin_form_popupcostoviaticosj_idt150"), 0): Object 'Object Repository/Modulo Actos Administrativos/Modulo Viáticos/Anulación y Legalización de viáticos/a_Programacin_form_popupcostoviaticosj_idt150' is clickable

2021-12-01 12:22:51 - [MESSAGE][WARNING] - Timeout '0' is invalid. Using default page load timeout: '30'

2021-12-01 12:22:51 - [MESSAGE][PASSED] - Object 'Object Repository/Modulo Actos Administrativos/Modulo Viáticos/Anulación y Legalización de viáticos/a_Programacin_form_popupcostoviaticosj_idt150' is clickable

2021-12-01 12:22:51 - [TEST_STEP][PASSED] - click(findTestObject("Modulo Actos Administrativos/Modulo Viáticos/Anulación y Legalización de viáticos/a_Programacin_form_popupcostoviaticosj_idt150")): Object: 'Object Repository/Modulo Actos Administrativos/Modulo Viáticos/Anulación y Legalización de viáticos/a_Programacin_form_popupcostoviaticosj_idt150' is clicked on

2021-12-01 12:22:52 - [MESSAGE][PASSED] - Object: 'Object Repository/Modulo Actos Administrativos/Modulo Viáticos/Anulación y Legalización de viáticos/a_Programacin_form_popupcostoviaticosj_idt150' is clicked on

2021-12-01 12:22:52 - [TEST_STEP][PASSED] - waitForElementClickable(findTestObject("Modulo Actos Administrativos/Modulo Viáticos/Anulación y Legalización de viáticos/td_QUINTERO 5 EMPLEADO"), 0): Object 'Object Repository/Modulo Actos Administrativos/Modulo Viáticos/Anulación y Legalización de viáticos/td_QUINTERO 5 EMPLEADO' is clickable

2021-12-01 12:22:52 - [MESSAGE][WARNING] - Timeout '0' is invalid. Using default page load timeout: '30'

2021-12-01 12:22:52 - [MESSAGE][PASSED] - Object 'Object Repository/Modulo Actos Administrativos/Modulo Viáticos/Anulación y Legalización de viáticos/td_QUINTERO 5 EMPLEADO' is clickable

2021-12-01 12:22:52 - [TEST_STEP][PASSED] - click(findTestObject("Modulo Actos Administrativos/Modulo Viáticos/Anulación y Legalización de viáticos/td_QUINTERO 5 EMPLEADO")): Object: 'Object Repository/Modulo Actos Administrativos/Modulo Viáticos/Anulación y Legalización de viáticos/td_QUINTERO 5 EMPLEADO' is clicked on

2021-12-01 12:22:53 - [MESSAGE][PASSED] - Object: 'Object Repository/Modulo Actos Administrativos/Modulo Viáticos/Anulación y Legalización de viáticos/td_QUINTERO 5 EMPLEADO' is clicked on

2021-12-01 12:22:53 - [TEST_STEP][PASSED] - waitForElementClickable(findTestObject("Modulo Actos Administrativos/Modulo Viáticos/Anulación y Legalización de viáticos/a_Guardar_Nuevo_Reutilizar"), 0): Object 'Object Repository/Modulo Actos Administrativos/Modulo Viáticos/Anulación y Legalización de viáticos/a_Guardar_Nuevo_Reutilizar' is clickable

2021-12-01 12:22:53 - [MESSAGE][WARNING] - Timeout '0' is invalid. Using default page load timeout: '30'

2021-12-01 12:22:53 - [MESSAGE][PASSED] - Object 'Object Repository/Modulo Actos Administrativos/Modulo Viáticos/Anulación y Legalización de viáticos/a_Guardar_Nuevo_Reutilizar' is clickable

2021-12-01 12:22:53 - [TEST_STEP][PASSED] - click(findTestObject("Modulo Actos Administrativos/Modulo Viáticos/Anulación y Legalización de viáticos/a_Guardar_Nuevo_Reutilizar")): Object: 'Object Repository/Modulo Actos Administrativos/Modulo Viáticos/Anulación y Legalización de viáticos/a_Guardar_Nuevo_Reutilizar' is clicked on

2021-12-01 12:22:54 - [MESSAGE][PASSED] - Object: 'Object Repository/Modulo Actos Administrativos/Modulo Viáticos/Anulación y Legalización de viáticos/a_Guardar_Nuevo_Reutilizar' is clicked on

2021-12-01 12:22:54 - [TEST_STEP][PASSED] - waitForElementClickable(findTestObject("Modulo Actos Administrativos/Modulo Viáticos/Anulación y Legalización de viáticos/a_Cambiar estado"), 0): Object 'Object Repository/Modulo Actos Administrativos/Modulo Viáticos/Anulación y Legalización de viáticos/a_Cambiar estado' is clickable

2021-12-01 12:22:54 - [MESSAGE][WARNING] - Timeout '0' is invalid. Using default page load timeout: '30'

2021-12-01 12:22:55 - [MESSAGE][PASSED] - Object 'Object Repository/Modulo Actos Administrativos/Modulo Viáticos/Anulación y Legalización de viáticos/a_Cambiar estado' is clickable

2021-12-01 12:22:55 - [TEST_STEP][PASSED] - click(findTestObject("Modulo Actos Administrativos/Modulo Viáticos/Anulación y Legalización de viáticos/a_Cambiar estado")): Object: 'Object Repository/Modulo Actos Administrativos/Modulo Viáticos/Anulación y Legalización de viáticos/a_Cambiar estado' is clicked on

2021-12-01 12:22:55 - [MESSAGE][PASSED] - Object: 'Object Repository/Modulo Actos Administrativos/Modulo Viáticos/Anulación y Legalización de viáticos/a_Cambiar estado' is clicked on

2021-12-01 12:22:55 - [TEST_STEP][PASSED] - waitForElementClickable(findTestObject("Modulo Actos Administrativos/Modulo Viáticos/Anulación y Legalización de viáticos/select_--Seleccione--Nota CreditoReembolsoRevisin"), 0): Object 'Object Repository/Modulo Actos Administrativos/Modulo Viáticos/Anulación y Legalización de viáticos/select_--Seleccione--Nota CreditoReembolsoRevisin' is clickable

2021-12-01 12:22:55 - [MESSAGE][WARNING] - Timeout '0' is invalid. Using default page load timeout: '30'

2021-12-01 12:22:56 - [MESSAGE][PASSED] - Object 'Object Repository/Modulo Actos Administrativos/Modulo Viáticos/Anulación y Legalización de viáticos/select_--Seleccione--Nota CreditoReembolsoRevisin' is clickable

2021-12-01 12:22:56 - [TEST_STEP][PASSED] - selectOptionByIndex(findTestObject("Modulo Actos Administrativos/Modulo Viáticos/Anulación y Legalización de viáticos/select_--Seleccione--Nota CreditoReembolsoRevisin"), "3"): All options with index in [3] are selected on object 'Object Repository/Modulo Actos Administrativos/Modulo Viáticos/Anulación y Legalización de viáticos/select_--Seleccione--Nota CreditoReembolsoRevisin'

2021-12-01 12:22:57 - [MESSAGE][PASSED] - All options with index in [3] are selected on object 'Object Repository/Modulo Actos Administrativos/Modulo Viáticos/Anulación y Legalización de viáticos/select_--Seleccione--Nota CreditoReembolsoRevisin'

2021-12-01 12:22:57 - [TEST_STEP][PASSED] - setText(findTestObject("Modulo Actos Administrativos/Modulo Viáticos/Anulación y Legalización de viáticos/input_Fecha_revision"), "01/07/2021"): Text '01/07/2021' is set on object 'Object Repository/Modulo Actos Administrativos/Modulo Viáticos/Anulación y Legalización de viáticos/input_Fecha_revision'

2021-12-01 12:22:58 - [MESSAGE][PASSED] - Text '01/07/2021' is set on object 'Object Repository/Modulo Actos Administrativos/Modulo Viáticos/Anulación y Legalización de viáticos/input_Fecha_revision'

2021-12-01 12:22:58 - [TEST_STEP][PASSED] - setText(findTestObject("Modulo Actos Administrativos/Modulo Viáticos/Anulación y Legalización de viáticos/input_Valor A Revisar_revision"), "10"): Text '10' is set on object 'Object Repository/Modulo Actos Administrativos/Modulo Viáticos/Anulación y Legalización de viáticos/input_Valor A Revisar_revision'

2021-12-01 12:22:59 - [MESSAGE][PASSED] - Text '10' is set on object 'Object Repository/Modulo Actos Administrativos/Modulo Viáticos/Anulación y Legalización de viáticos/input_Valor A Revisar_revision'

2021-12-01 12:22:59 - [TEST_STEP][PASSED] - click(findTestObject("Modulo Actos Administrativos/Modulo Viáticos/Anulación y Legalización de viáticos/a_Aplicar_Reembolso")): Object: 'Object Repository/Modulo Actos Administrativos/Modulo Viáticos/Anulación y Legalización de viáticos/a_Aplicar_Reembolso' is clicked on

2021-12-01 12:22:59 - [MESSAGE][PASSED] - Object: 'Object Repository/Modulo Actos Administrativos/Modulo Viáticos/Anulación y Legalización de viáticos/a_Aplicar_Reembolso' is clicked on

2021-12-01 12:22:59 - [TEST_STEP][PASSED] - getText(findTestObject("Alerta/Alerta")): Text of object 'Object Repository/Alerta/Alerta' is: 'Se aplico el proceso.'

2021-12-01 12:23:00 - [MESSAGE][PASSED] - Text of object 'Object Repository/Alerta/Alerta' is: 'Se aplico el proceso.'

2021-12-01 12:23:00 - [TEST_STEP][PASSED] - closeBrowser(): Browser is closed

2021-12-01 12:23:00 - [MESSAGE][PASSED] - Browser is closed]]></system-out>
         <system-err><![CDATA[]]></system-err>
      </testcase>
      <testcase name="Test Cases/1.1-Tareas Principales/1.6.7 Modificar retroactivos viáticos" time="23.258" classname="Test Cases/1.1-Tareas Principales/1.6.7 Modificar retroactivos viáticos" status="PASSED">
         <system-out><![CDATA[2021-12-01 12:23:00 - [TEST_CASE][PASSED] - Test Cases/1.1-Tareas Principales/1.6.7 Modificar retroactivos viáticos: Test Cases/1.1-Tareas Principales/1.6.7 Modificar retroactivos viáticos

2021-12-01 12:23:02 - [TEST_STEP][PASSED] - callTestCase(findTestCase("0.1-Login"), [:], STOP_ON_FAILURE): Call Test Case 'Test Cases/0.1-Login' successfully

2021-12-01 12:23:02 - [TEST_CASE][PASSED] - Test Cases/0.1-Login: Test Cases/0.1-Login

2021-12-01 12:23:02 - [TEST_STEP][PASSED] - openBrowser(""): Browser is opened with url: ''

2021-12-01 12:23:02 - [MESSAGE][INFO] - Starting 'Chrome' driver

2021-12-01 12:23:02 - [MESSAGE][INFO] - Action delay is set to 0 milliseconds

2021-12-01 12:23:03 - [MESSAGE][PASSED] - Browser is opened with url: ''

2021-12-01 12:23:03 - [TEST_STEP][PASSED] - maximizeWindow(): Current window maximized

2021-12-01 12:23:03 - [MESSAGE][PASSED] - Current window maximized

2021-12-01 12:23:03 - [TEST_STEP][PASSED] - i = G_Login: null

2021-12-01 12:23:03 - [TEST_STEP][PASSED] - url = new java.net.URL(i): null

2021-12-01 12:23:03 - [TEST_STEP][PASSED] - println("URL: " + url.toString()): null

2021-12-01 12:23:03 - [TEST_STEP][PASSED] - connection = url.openConnection(): null

2021-12-01 12:23:03 - [TEST_STEP][PASSED] - connection.setRequestMethod("GET"): null

2021-12-01 12:23:03 - [TEST_STEP][PASSED] - connection.setReadTimeout(2 * 1000): null

2021-12-01 12:23:03 - [TEST_STEP][PASSED] - try: null

2021-12-01 12:23:03 - [TEST_STEP][PASSED] - connection.connect(): null

2021-12-01 12:23:03 - [TEST_STEP][PASSED] - flag = connected: null

2021-12-01 12:23:03 - [TEST_STEP][PASSED] - println("Valor_ori: " + flag): null

2021-12-01 12:23:03 - [TEST_STEP][PASSED] - if (flag): null

2021-12-01 12:23:03 - [TEST_STEP][PASSED] - navigateToUrl(i): Navigate to 'http://localhost:8380/saraweb/' successfully

2021-12-01 12:23:04 - [MESSAGE][PASSED] - Navigate to 'http://localhost:8380/saraweb/' successfully

2021-12-01 12:23:04 - [TEST_STEP][PASSED] - a(): null

2021-12-01 12:23:04 - [TEST_STEP][PASSED] - setText(findTestObject("Login/input_USUARIO_loginusuario"), G_Usuario): Text 'saraadmin' is set on object 'Object Repository/Login/input_USUARIO_loginusuario'

2021-12-01 12:23:05 - [MESSAGE][PASSED] - Text 'saraadmin' is set on object 'Object Repository/Login/input_USUARIO_loginusuario'

2021-12-01 12:23:05 - [TEST_STEP][PASSED] - setEncryptedText(findTestObject("Login/input_CLAVE_loginpassword"), "MkG4/TYiCFC3cb2driP7+Q=="): Text ****** has been set on object 'Object Repository/Login/input_CLAVE_loginpassword'

2021-12-01 12:23:06 - [MESSAGE][PASSED] - Text ****** has been set on object 'Object Repository/Login/input_CLAVE_loginpassword'

2021-12-01 12:23:06 - [TEST_STEP][PASSED] - waitForElementClickable(findTestObject("Login/a_Ingresar"), G_TimeOut): Object 'Object Repository/Login/a_Ingresar' is clickable

2021-12-01 12:23:06 - [MESSAGE][PASSED] - Object 'Object Repository/Login/a_Ingresar' is clickable

2021-12-01 12:23:06 - [TEST_STEP][PASSED] - click(findTestObject("Login/a_Ingresar")): Object: 'Object Repository/Login/a_Ingresar' is clicked on

2021-12-01 12:23:11 - [MESSAGE][PASSED] - Object: 'Object Repository/Login/a_Ingresar' is clicked on

2021-12-01 12:23:11 - [TEST_STEP][PASSED] - element = findWebElement(findTestObject("Login/a_Ir"), 30): null

2021-12-01 12:23:12 - [TEST_STEP][PASSED] - executeJavaScript("arguments[0].click()", Arrays.asList(element)): Execute JavaScript 'arguments[0].click()' successfully

2021-12-01 12:23:12 - [MESSAGE][PASSED] - Execute JavaScript 'arguments[0].click()' successfully

2021-12-01 12:23:12 - [MESSAGE][PASSED] - Call Test Case 'Test Cases/0.1-Login' successfully

2021-12-01 12:23:12 - [TEST_STEP][PASSED] - waitForElementClickable(findTestObject("Modulo Actos Administrativos/Modulo Viáticos/Anulación y Legalización de viáticos/input_ADMINISTRADOR DEL SISTEMA - SARA_form_templatej_idt24_input"), 0): Object 'Object Repository/Modulo Actos Administrativos/Modulo Viáticos/Anulación y Legalización de viáticos/input_ADMINISTRADOR DEL SISTEMA - SARA_form_templatej_idt24_input' is clickable

2021-12-01 12:23:12 - [MESSAGE][WARNING] - Timeout '0' is invalid. Using default page load timeout: '30'

2021-12-01 12:23:13 - [MESSAGE][PASSED] - Object 'Object Repository/Modulo Actos Administrativos/Modulo Viáticos/Anulación y Legalización de viáticos/input_ADMINISTRADOR DEL SISTEMA - SARA_form_templatej_idt24_input' is clickable

2021-12-01 12:23:13 - [TEST_STEP][PASSED] - setText(findTestObject("Modulo Actos Administrativos/Modulo Viáticos/Anulación y Legalización de viáticos/input_ADMINISTRADOR DEL SISTEMA - SARA_form_templatej_idt24_input"), "listado de viaticos"): Text 'listado de viaticos' is set on object 'Object Repository/Modulo Actos Administrativos/Modulo Viáticos/Anulación y Legalización de viáticos/input_ADMINISTRADOR DEL SISTEMA - SARA_form_templatej_idt24_input'

2021-12-01 12:23:14 - [MESSAGE][PASSED] - Text 'listado de viaticos' is set on object 'Object Repository/Modulo Actos Administrativos/Modulo Viáticos/Anulación y Legalización de viáticos/input_ADMINISTRADOR DEL SISTEMA - SARA_form_templatej_idt24_input'

2021-12-01 12:23:14 - [TEST_STEP][PASSED] - waitForElementClickable(findTestObject("Modulo Actos Administrativos/Modulo Viáticos/Anulación y Legalización de viáticos/li_Listado de Viaticos (act)"), 0): Object 'Object Repository/Modulo Actos Administrativos/Modulo Viáticos/Anulación y Legalización de viáticos/li_Listado de Viaticos (act)' is clickable

2021-12-01 12:23:14 - [MESSAGE][WARNING] - Timeout '0' is invalid. Using default page load timeout: '30'

2021-12-01 12:23:15 - [MESSAGE][PASSED] - Object 'Object Repository/Modulo Actos Administrativos/Modulo Viáticos/Anulación y Legalización de viáticos/li_Listado de Viaticos (act)' is clickable

2021-12-01 12:23:15 - [TEST_STEP][PASSED] - sendKeys(findTestObject("Modulo Actos Administrativos/Modulo Viáticos/Anulación y Legalización de viáticos/input_ADMINISTRADOR DEL SISTEMA - SARA_form_templatej_idt24_input"), Keys.chord(ENTER)): Keys 'ENTER + ' sent to object: 'Object Repository/Modulo Actos Administrativos/Modulo Viáticos/Anulación y Legalización de viáticos/input_ADMINISTRADOR DEL SISTEMA - SARA_form_templatej_idt24_input'

2021-12-01 12:23:15 - [MESSAGE][PASSED] - Keys 'ENTER + ' sent to object: 'Object Repository/Modulo Actos Administrativos/Modulo Viáticos/Anulación y Legalización de viáticos/input_ADMINISTRADOR DEL SISTEMA - SARA_form_templatej_idt24_input'

2021-12-01 12:23:15 - [TEST_STEP][PASSED] - waitForElementClickable(findTestObject("Modulo Actos Administrativos/Modulo Viáticos/Modificar retroactivos/a_Listado Viticos_cerrar_menu"), 0): Object 'Object Repository/Modulo Actos Administrativos/Modulo Viáticos/Modificar retroactivos/a_Listado Viticos_cerrar_menu' is clickable

2021-12-01 12:23:16 - [MESSAGE][WARNING] - Timeout '0' is invalid. Using default page load timeout: '30'

2021-12-01 12:23:17 - [MESSAGE][PASSED] - Object 'Object Repository/Modulo Actos Administrativos/Modulo Viáticos/Modificar retroactivos/a_Listado Viticos_cerrar_menu' is clickable

2021-12-01 12:23:17 - [TEST_STEP][PASSED] - click(findTestObject("Modulo Actos Administrativos/Modulo Viáticos/Modificar retroactivos/a_Listado Viticos_cerrar_menu")): Object: 'Object Repository/Modulo Actos Administrativos/Modulo Viáticos/Modificar retroactivos/a_Listado Viticos_cerrar_menu' is clicked on

2021-12-01 12:23:17 - [MESSAGE][PASSED] - Object: 'Object Repository/Modulo Actos Administrativos/Modulo Viáticos/Modificar retroactivos/a_Listado Viticos_cerrar_menu' is clicked on

2021-12-01 12:23:17 - [TEST_STEP][PASSED] - setText(findTestObject("Modulo Actos Administrativos/Modulo Viáticos/Anulación y Legalización de viáticos/input_ADMINISTRADOR DEL SISTEMA - SARA_form_templatej_idt24_input"), "costos pendientes"): Text 'costos pendientes' is set on object 'Object Repository/Modulo Actos Administrativos/Modulo Viáticos/Anulación y Legalización de viáticos/input_ADMINISTRADOR DEL SISTEMA - SARA_form_templatej_idt24_input'

2021-12-01 12:23:18 - [MESSAGE][PASSED] - Text 'costos pendientes' is set on object 'Object Repository/Modulo Actos Administrativos/Modulo Viáticos/Anulación y Legalización de viáticos/input_ADMINISTRADOR DEL SISTEMA - SARA_form_templatej_idt24_input'

2021-12-01 12:23:18 - [TEST_STEP][PASSED] - delay(1): Delayed 1 second(s)

2021-12-01 12:23:19 - [MESSAGE][PASSED] - Delayed 1 second(s)

2021-12-01 12:23:19 - [TEST_STEP][PASSED] - sendKeys(findTestObject("Modulo Actos Administrativos/Modulo Viáticos/Anulación y Legalización de viáticos/input_ADMINISTRADOR DEL SISTEMA - SARA_form_templatej_idt24_input"), Keys.chord(ENTER)): Keys 'ENTER + ' sent to object: 'Object Repository/Modulo Actos Administrativos/Modulo Viáticos/Anulación y Legalización de viáticos/input_ADMINISTRADOR DEL SISTEMA - SARA_form_templatej_idt24_input'

2021-12-01 12:23:19 - [MESSAGE][PASSED] - Keys 'ENTER + ' sent to object: 'Object Repository/Modulo Actos Administrativos/Modulo Viáticos/Anulación y Legalización de viáticos/input_ADMINISTRADOR DEL SISTEMA - SARA_form_templatej_idt24_input'

2021-12-01 12:23:19 - [TEST_STEP][PASSED] - waitForElementClickable(findTestObject("Modulo Actos Administrativos/Modulo Viáticos/Modificar retroactivos/select_--Seleccione--Nota Reembolso"), 0): Object 'Object Repository/Modulo Actos Administrativos/Modulo Viáticos/Modificar retroactivos/select_--Seleccione--Nota Reembolso' is clickable

2021-12-01 12:23:19 - [MESSAGE][WARNING] - Timeout '0' is invalid. Using default page load timeout: '30'

2021-12-01 12:23:20 - [MESSAGE][PASSED] - Object 'Object Repository/Modulo Actos Administrativos/Modulo Viáticos/Modificar retroactivos/select_--Seleccione--Nota Reembolso' is clickable

2021-12-01 12:23:20 - [TEST_STEP][PASSED] - selectOptionByIndex(findTestObject("Modulo Actos Administrativos/Modulo Viáticos/Modificar retroactivos/select_--Seleccione--Nota Reembolso"), "2"): All options with index in [2] are selected on object 'Object Repository/Modulo Actos Administrativos/Modulo Viáticos/Modificar retroactivos/select_--Seleccione--Nota Reembolso'

2021-12-01 12:23:21 - [MESSAGE][PASSED] - All options with index in [2] are selected on object 'Object Repository/Modulo Actos Administrativos/Modulo Viáticos/Modificar retroactivos/select_--Seleccione--Nota Reembolso'

2021-12-01 12:23:21 - [TEST_STEP][PASSED] - if (waitForElementClickable(findTestObject("Modulo Actos Administrativos/Modulo Viáticos/Modificar retroactivos/td_QUINTERO 5 EMPLEADO"), 1)): null

2021-12-01 12:23:22 - [MESSAGE][PASSED] - Object 'Object Repository/Modulo Actos Administrativos/Modulo Viáticos/Modificar retroactivos/td_QUINTERO 5 EMPLEADO' is clickable

2021-12-01 12:23:22 - [TEST_STEP][PASSED] - click(findTestObject("Modulo Actos Administrativos/Modulo Viáticos/Modificar retroactivos/td_QUINTERO 5 EMPLEADO")): Object: 'Object Repository/Modulo Actos Administrativos/Modulo Viáticos/Modificar retroactivos/td_QUINTERO 5 EMPLEADO' is clicked on

2021-12-01 12:23:22 - [MESSAGE][PASSED] - Object: 'Object Repository/Modulo Actos Administrativos/Modulo Viáticos/Modificar retroactivos/td_QUINTERO 5 EMPLEADO' is clicked on

2021-12-01 12:23:22 - [TEST_STEP][PASSED] - click(findTestObject("Modulo Actos Administrativos/Modulo Viáticos/Modificar retroactivos/a_Aplicar Reembolso")): Object: 'Object Repository/Modulo Actos Administrativos/Modulo Viáticos/Modificar retroactivos/a_Aplicar Reembolso' is clicked on

2021-12-01 12:23:23 - [MESSAGE][PASSED] - Object: 'Object Repository/Modulo Actos Administrativos/Modulo Viáticos/Modificar retroactivos/a_Aplicar Reembolso' is clicked on

2021-12-01 12:23:23 - [TEST_STEP][PASSED] - closeBrowser(): Browser is closed

2021-12-01 12:23:24 - [MESSAGE][PASSED] - Browser is closed]]></system-out>
         <system-err><![CDATA[]]></system-err>
      </testcase>
      <testcase name="Test Cases/1.1-Tareas Principales/1.6.8 Guardar retroactivo de viáticos" time="37.372" classname="Test Cases/1.1-Tareas Principales/1.6.8 Guardar retroactivo de viáticos" status="PASSED">
         <system-out><![CDATA[2021-12-01 12:23:24 - [TEST_CASE][PASSED] - Test Cases/1.1-Tareas Principales/1.6.8 Guardar retroactivo de viáticos: Test Cases/1.1-Tareas Principales/1.6.8 Guardar retroactivo de viáticos

2021-12-01 12:23:24 - [TEST_STEP][PASSED] - callTestCase(findTestCase("0.1-Login"), [:], STOP_ON_FAILURE): Call Test Case 'Test Cases/0.1-Login' successfully

2021-12-01 12:23:24 - [TEST_CASE][PASSED] - Test Cases/0.1-Login: Test Cases/0.1-Login

2021-12-01 12:23:24 - [TEST_STEP][PASSED] - openBrowser(""): Browser is opened with url: ''

2021-12-01 12:23:24 - [MESSAGE][INFO] - Starting 'Chrome' driver

2021-12-01 12:23:24 - [MESSAGE][INFO] - Action delay is set to 0 milliseconds

2021-12-01 12:23:25 - [MESSAGE][PASSED] - Browser is opened with url: ''

2021-12-01 12:23:25 - [TEST_STEP][PASSED] - maximizeWindow(): Current window maximized

2021-12-01 12:23:26 - [MESSAGE][PASSED] - Current window maximized

2021-12-01 12:23:26 - [TEST_STEP][PASSED] - i = G_Login: null

2021-12-01 12:23:26 - [TEST_STEP][PASSED] - url = new java.net.URL(i): null

2021-12-01 12:23:26 - [TEST_STEP][PASSED] - println("URL: " + url.toString()): null

2021-12-01 12:23:26 - [TEST_STEP][PASSED] - connection = url.openConnection(): null

2021-12-01 12:23:26 - [TEST_STEP][PASSED] - connection.setRequestMethod("GET"): null

2021-12-01 12:23:26 - [TEST_STEP][PASSED] - connection.setReadTimeout(2 * 1000): null

2021-12-01 12:23:26 - [TEST_STEP][PASSED] - try: null

2021-12-01 12:23:26 - [TEST_STEP][PASSED] - connection.connect(): null

2021-12-01 12:23:26 - [TEST_STEP][PASSED] - flag = connected: null

2021-12-01 12:23:26 - [TEST_STEP][PASSED] - println("Valor_ori: " + flag): null

2021-12-01 12:23:26 - [TEST_STEP][PASSED] - if (flag): null

2021-12-01 12:23:26 - [TEST_STEP][PASSED] - navigateToUrl(i): Navigate to 'http://localhost:8380/saraweb/' successfully

2021-12-01 12:23:27 - [MESSAGE][PASSED] - Navigate to 'http://localhost:8380/saraweb/' successfully

2021-12-01 12:23:27 - [TEST_STEP][PASSED] - a(): null

2021-12-01 12:23:27 - [TEST_STEP][PASSED] - setText(findTestObject("Login/input_USUARIO_loginusuario"), G_Usuario): Text 'saraadmin' is set on object 'Object Repository/Login/input_USUARIO_loginusuario'

2021-12-01 12:23:27 - [MESSAGE][PASSED] - Text 'saraadmin' is set on object 'Object Repository/Login/input_USUARIO_loginusuario'

2021-12-01 12:23:27 - [TEST_STEP][PASSED] - setEncryptedText(findTestObject("Login/input_CLAVE_loginpassword"), "MkG4/TYiCFC3cb2driP7+Q=="): Text ****** has been set on object 'Object Repository/Login/input_CLAVE_loginpassword'

2021-12-01 12:23:28 - [MESSAGE][PASSED] - Text ****** has been set on object 'Object Repository/Login/input_CLAVE_loginpassword'

2021-12-01 12:23:28 - [TEST_STEP][PASSED] - waitForElementClickable(findTestObject("Login/a_Ingresar"), G_TimeOut): Object 'Object Repository/Login/a_Ingresar' is clickable

2021-12-01 12:23:28 - [MESSAGE][PASSED] - Object 'Object Repository/Login/a_Ingresar' is clickable

2021-12-01 12:23:28 - [TEST_STEP][PASSED] - click(findTestObject("Login/a_Ingresar")): Object: 'Object Repository/Login/a_Ingresar' is clicked on

2021-12-01 12:23:33 - [MESSAGE][PASSED] - Object: 'Object Repository/Login/a_Ingresar' is clicked on

2021-12-01 12:23:33 - [TEST_STEP][PASSED] - element = findWebElement(findTestObject("Login/a_Ir"), 30): null

2021-12-01 12:23:34 - [TEST_STEP][PASSED] - executeJavaScript("arguments[0].click()", Arrays.asList(element)): Execute JavaScript 'arguments[0].click()' successfully

2021-12-01 12:23:34 - [MESSAGE][PASSED] - Execute JavaScript 'arguments[0].click()' successfully

2021-12-01 12:23:34 - [MESSAGE][PASSED] - Call Test Case 'Test Cases/0.1-Login' successfully

2021-12-01 12:23:34 - [TEST_STEP][PASSED] - waitForElementClickable(findTestObject("Modulo Actos Administrativos/Modulo Viáticos/Guardar retroactivo de viáticos/input_ADMINISTRADOR DEL SISTEMA - SARA_form_templatej_idt24_input"), 0): Object 'Object Repository/Modulo Actos Administrativos/Modulo Viáticos/Guardar retroactivo de viáticos/input_ADMINISTRADOR DEL SISTEMA - SARA_form_templatej_idt24_input' is clickable

2021-12-01 12:23:34 - [MESSAGE][WARNING] - Timeout '0' is invalid. Using default page load timeout: '30'

2021-12-01 12:23:35 - [MESSAGE][PASSED] - Object 'Object Repository/Modulo Actos Administrativos/Modulo Viáticos/Guardar retroactivo de viáticos/input_ADMINISTRADOR DEL SISTEMA - SARA_form_templatej_idt24_input' is clickable

2021-12-01 12:23:35 - [TEST_STEP][PASSED] - setText(findTestObject("Modulo Actos Administrativos/Modulo Viáticos/Guardar retroactivo de viáticos/input_ADMINISTRADOR DEL SISTEMA - SARA_form_templatej_idt24_input"), "listado de viaticos"): Text 'listado de viaticos' is set on object 'Object Repository/Modulo Actos Administrativos/Modulo Viáticos/Guardar retroactivo de viáticos/input_ADMINISTRADOR DEL SISTEMA - SARA_form_templatej_idt24_input'

2021-12-01 12:23:36 - [MESSAGE][PASSED] - Text 'listado de viaticos' is set on object 'Object Repository/Modulo Actos Administrativos/Modulo Viáticos/Guardar retroactivo de viáticos/input_ADMINISTRADOR DEL SISTEMA - SARA_form_templatej_idt24_input'

2021-12-01 12:23:36 - [TEST_STEP][PASSED] - waitForElementClickable(findTestObject("Modulo Actos Administrativos/Modulo Viáticos/Guardar retroactivo de viáticos/li_Listado de Viaticos (act)"), 0): Object 'Object Repository/Modulo Actos Administrativos/Modulo Viáticos/Guardar retroactivo de viáticos/li_Listado de Viaticos (act)' is clickable

2021-12-01 12:23:36 - [MESSAGE][WARNING] - Timeout '0' is invalid. Using default page load timeout: '30'

2021-12-01 12:23:37 - [MESSAGE][PASSED] - Object 'Object Repository/Modulo Actos Administrativos/Modulo Viáticos/Guardar retroactivo de viáticos/li_Listado de Viaticos (act)' is clickable

2021-12-01 12:23:37 - [TEST_STEP][PASSED] - sendKeys(findTestObject("Modulo Actos Administrativos/Modulo Viáticos/Guardar retroactivo de viáticos/input_ADMINISTRADOR DEL SISTEMA - SARA_form_templatej_idt24_input"), Keys.chord(ENTER)): Keys 'ENTER + ' sent to object: 'Object Repository/Modulo Actos Administrativos/Modulo Viáticos/Guardar retroactivo de viáticos/input_ADMINISTRADOR DEL SISTEMA - SARA_form_templatej_idt24_input'

2021-12-01 12:23:38 - [MESSAGE][PASSED] - Keys 'ENTER + ' sent to object: 'Object Repository/Modulo Actos Administrativos/Modulo Viáticos/Guardar retroactivo de viáticos/input_ADMINISTRADOR DEL SISTEMA - SARA_form_templatej_idt24_input'

2021-12-01 12:23:38 - [TEST_STEP][PASSED] - waitForElementClickable(findTestObject("Modulo Actos Administrativos/Modulo Viáticos/Guardar retroactivo de viáticos/a_Listado Costos Pendientes_cerrar_menu_guardar"), 0): Object 'Object Repository/Modulo Actos Administrativos/Modulo Viáticos/Guardar retroactivo de viáticos/a_Listado Costos Pendientes_cerrar_menu_guardar' is clickable

2021-12-01 12:23:38 - [MESSAGE][WARNING] - Timeout '0' is invalid. Using default page load timeout: '30'

2021-12-01 12:23:39 - [MESSAGE][PASSED] - Object 'Object Repository/Modulo Actos Administrativos/Modulo Viáticos/Guardar retroactivo de viáticos/a_Listado Costos Pendientes_cerrar_menu_guardar' is clickable

2021-12-01 12:23:39 - [TEST_STEP][PASSED] - click(findTestObject("Modulo Actos Administrativos/Modulo Viáticos/Guardar retroactivo de viáticos/a_Listado Costos Pendientes_cerrar_menu_guardar")): Object: 'Object Repository/Modulo Actos Administrativos/Modulo Viáticos/Guardar retroactivo de viáticos/a_Listado Costos Pendientes_cerrar_menu_guardar' is clicked on

2021-12-01 12:23:39 - [MESSAGE][PASSED] - Object: 'Object Repository/Modulo Actos Administrativos/Modulo Viáticos/Guardar retroactivo de viáticos/a_Listado Costos Pendientes_cerrar_menu_guardar' is clicked on

2021-12-01 12:23:39 - [TEST_STEP][PASSED] - setText(findTestObject("Modulo Actos Administrativos/Modulo Viáticos/Guardar retroactivo de viáticos/input_ADMINISTRADOR DEL SISTEMA - SARA_form_templatej_idt24_input"), "Retroactivo viaticos"): Text 'Retroactivo viaticos' is set on object 'Object Repository/Modulo Actos Administrativos/Modulo Viáticos/Guardar retroactivo de viáticos/input_ADMINISTRADOR DEL SISTEMA - SARA_form_templatej_idt24_input'

2021-12-01 12:23:40 - [MESSAGE][PASSED] - Text 'Retroactivo viaticos' is set on object 'Object Repository/Modulo Actos Administrativos/Modulo Viáticos/Guardar retroactivo de viáticos/input_ADMINISTRADOR DEL SISTEMA - SARA_form_templatej_idt24_input'

2021-12-01 12:23:40 - [TEST_STEP][PASSED] - delay(1): Delayed 1 second(s)

2021-12-01 12:23:41 - [MESSAGE][PASSED] - Delayed 1 second(s)

2021-12-01 12:23:41 - [TEST_STEP][PASSED] - sendKeys(findTestObject("Modulo Actos Administrativos/Modulo Viáticos/Guardar retroactivo de viáticos/input_ADMINISTRADOR DEL SISTEMA - SARA_form_templatej_idt24_input"), Keys.chord(ENTER)): Keys 'ENTER + ' sent to object: 'Object Repository/Modulo Actos Administrativos/Modulo Viáticos/Guardar retroactivo de viáticos/input_ADMINISTRADOR DEL SISTEMA - SARA_form_templatej_idt24_input'

2021-12-01 12:23:41 - [MESSAGE][PASSED] - Keys 'ENTER + ' sent to object: 'Object Repository/Modulo Actos Administrativos/Modulo Viáticos/Guardar retroactivo de viáticos/input_ADMINISTRADOR DEL SISTEMA - SARA_form_templatej_idt24_input'

2021-12-01 12:23:41 - [TEST_STEP][PASSED] - waitForElementClickable(findTestObject("Modulo Actos Administrativos/Modulo Viáticos/Guardar retroactivo de viáticos/a_Nuevo_Guardar"), 0): Object 'Object Repository/Modulo Actos Administrativos/Modulo Viáticos/Guardar retroactivo de viáticos/a_Nuevo_Guardar' is clickable

2021-12-01 12:23:41 - [MESSAGE][WARNING] - Timeout '0' is invalid. Using default page load timeout: '30'

2021-12-01 12:23:42 - [MESSAGE][PASSED] - Object 'Object Repository/Modulo Actos Administrativos/Modulo Viáticos/Guardar retroactivo de viáticos/a_Nuevo_Guardar' is clickable

2021-12-01 12:23:42 - [TEST_STEP][PASSED] - click(findTestObject("Modulo Actos Administrativos/Modulo Viáticos/Guardar retroactivo de viáticos/a_Nuevo_Guardar")): Object: 'Object Repository/Modulo Actos Administrativos/Modulo Viáticos/Guardar retroactivo de viáticos/a_Nuevo_Guardar' is clicked on

2021-12-01 12:23:43 - [MESSAGE][PASSED] - Object: 'Object Repository/Modulo Actos Administrativos/Modulo Viáticos/Guardar retroactivo de viáticos/a_Nuevo_Guardar' is clicked on

2021-12-01 12:23:43 - [TEST_STEP][PASSED] - waitForElementClickable(findTestObject("Modulo Actos Administrativos/Modulo Viáticos/Guardar retroactivo de viáticos/input_Aplicacin_Guardar"), 0): Object 'Object Repository/Modulo Actos Administrativos/Modulo Viáticos/Guardar retroactivo de viáticos/input_Aplicacin_Guardar' is clickable

2021-12-01 12:23:43 - [MESSAGE][WARNING] - Timeout '0' is invalid. Using default page load timeout: '30'

2021-12-01 12:23:43 - [MESSAGE][PASSED] - Object 'Object Repository/Modulo Actos Administrativos/Modulo Viáticos/Guardar retroactivo de viáticos/input_Aplicacin_Guardar' is clickable

2021-12-01 12:23:43 - [TEST_STEP][PASSED] - setText(findTestObject("Modulo Actos Administrativos/Modulo Viáticos/Guardar retroactivo de viáticos/input_Aplicacin_Guardar"), "01/07/2021"): Text '01/07/2021' is set on object 'Object Repository/Modulo Actos Administrativos/Modulo Viáticos/Guardar retroactivo de viáticos/input_Aplicacin_Guardar'

2021-12-01 12:23:44 - [MESSAGE][PASSED] - Text '01/07/2021' is set on object 'Object Repository/Modulo Actos Administrativos/Modulo Viáticos/Guardar retroactivo de viáticos/input_Aplicacin_Guardar'

2021-12-01 12:23:44 - [TEST_STEP][PASSED] - setText(findTestObject("Modulo Actos Administrativos/Modulo Viáticos/Guardar retroactivo de viáticos/input_Desde_Guardar"), "01/07/2021"): Text '01/07/2021' is set on object 'Object Repository/Modulo Actos Administrativos/Modulo Viáticos/Guardar retroactivo de viáticos/input_Desde_Guardar'

2021-12-01 12:23:45 - [MESSAGE][PASSED] - Text '01/07/2021' is set on object 'Object Repository/Modulo Actos Administrativos/Modulo Viáticos/Guardar retroactivo de viáticos/input_Desde_Guardar'

2021-12-01 12:23:45 - [TEST_STEP][PASSED] - setText(findTestObject("Modulo Actos Administrativos/Modulo Viáticos/Guardar retroactivo de viáticos/input_Hasta_Guardar"), "01/07/2021"): Text '01/07/2021' is set on object 'Object Repository/Modulo Actos Administrativos/Modulo Viáticos/Guardar retroactivo de viáticos/input_Hasta_Guardar'

2021-12-01 12:23:46 - [MESSAGE][PASSED] - Text '01/07/2021' is set on object 'Object Repository/Modulo Actos Administrativos/Modulo Viáticos/Guardar retroactivo de viáticos/input_Hasta_Guardar'

2021-12-01 12:23:46 - [TEST_STEP][PASSED] - setText(findTestObject("Modulo Actos Administrativos/Modulo Viáticos/Guardar retroactivo de viáticos/input_Descripcin_Guardar"), "prueba"): Text 'prueba' is set on object 'Object Repository/Modulo Actos Administrativos/Modulo Viáticos/Guardar retroactivo de viáticos/input_Descripcin_Guardar'

2021-12-01 12:23:47 - [MESSAGE][PASSED] - Text 'prueba' is set on object 'Object Repository/Modulo Actos Administrativos/Modulo Viáticos/Guardar retroactivo de viáticos/input_Descripcin_Guardar'

2021-12-01 12:23:47 - [TEST_STEP][PASSED] - click(findTestObject("Modulo Actos Administrativos/Modulo Viáticos/Guardar retroactivo de viáticos/a_Guardar_guardar")): Object: 'Object Repository/Modulo Actos Administrativos/Modulo Viáticos/Guardar retroactivo de viáticos/a_Guardar_guardar' is clicked on

2021-12-01 12:23:48 - [MESSAGE][PASSED] - Object: 'Object Repository/Modulo Actos Administrativos/Modulo Viáticos/Guardar retroactivo de viáticos/a_Guardar_guardar' is clicked on

2021-12-01 12:23:48 - [TEST_STEP][PASSED] - waitForElementClickable(findTestObject("Modulo Actos Administrativos/Modulo Viáticos/Guardar retroactivo de viáticos/a_Liquidacin_Guardar"), 0): Object 'Object Repository/Modulo Actos Administrativos/Modulo Viáticos/Guardar retroactivo de viáticos/a_Liquidacin_Guardar' is clickable

2021-12-01 12:23:48 - [MESSAGE][WARNING] - Timeout '0' is invalid. Using default page load timeout: '30'

2021-12-01 12:23:48 - [MESSAGE][PASSED] - Object 'Object Repository/Modulo Actos Administrativos/Modulo Viáticos/Guardar retroactivo de viáticos/a_Liquidacin_Guardar' is clickable

2021-12-01 12:23:48 - [TEST_STEP][PASSED] - click(findTestObject("Modulo Actos Administrativos/Modulo Viáticos/Guardar retroactivo de viáticos/a_Liquidacin_Guardar")): Object: 'Object Repository/Modulo Actos Administrativos/Modulo Viáticos/Guardar retroactivo de viáticos/a_Liquidacin_Guardar' is clicked on

2021-12-01 12:23:49 - [MESSAGE][PASSED] - Object: 'Object Repository/Modulo Actos Administrativos/Modulo Viáticos/Guardar retroactivo de viáticos/a_Liquidacin_Guardar' is clicked on

2021-12-01 12:23:49 - [TEST_STEP][PASSED] - click(findTestObject("Modulo Actos Administrativos/Modulo Viáticos/Guardar retroactivo de viáticos/span_Si_Guardar")): Object: 'Object Repository/Modulo Actos Administrativos/Modulo Viáticos/Guardar retroactivo de viáticos/span_Si_Guardar' is clicked on

2021-12-01 12:23:50 - [MESSAGE][PASSED] - Object: 'Object Repository/Modulo Actos Administrativos/Modulo Viáticos/Guardar retroactivo de viáticos/span_Si_Guardar' is clicked on

2021-12-01 12:23:50 - [TEST_STEP][PASSED] - waitForElementClickable(findTestObject("Modulo Actos Administrativos/Modulo Viáticos/Guardar retroactivo de viáticos/a_Regresar_guardar"), 0): Object 'Object Repository/Modulo Actos Administrativos/Modulo Viáticos/Guardar retroactivo de viáticos/a_Regresar_guardar' is clickable

2021-12-01 12:23:50 - [MESSAGE][WARNING] - Timeout '0' is invalid. Using default page load timeout: '30'

2021-12-01 12:23:52 - [MESSAGE][PASSED] - Object 'Object Repository/Modulo Actos Administrativos/Modulo Viáticos/Guardar retroactivo de viáticos/a_Regresar_guardar' is clickable

2021-12-01 12:23:52 - [TEST_STEP][PASSED] - click(findTestObject("Modulo Actos Administrativos/Modulo Viáticos/Guardar retroactivo de viáticos/a_Regresar_guardar")): Object: 'Object Repository/Modulo Actos Administrativos/Modulo Viáticos/Guardar retroactivo de viáticos/a_Regresar_guardar' is clicked on

2021-12-01 12:23:53 - [MESSAGE][PASSED] - Object: 'Object Repository/Modulo Actos Administrativos/Modulo Viáticos/Guardar retroactivo de viáticos/a_Regresar_guardar' is clicked on

2021-12-01 12:23:53 - [TEST_STEP][PASSED] - waitForElementClickable(findTestObject("Modulo Actos Administrativos/Modulo Viáticos/Guardar retroactivo de viáticos/span_01072021"), 0): Object 'Object Repository/Modulo Actos Administrativos/Modulo Viáticos/Guardar retroactivo de viáticos/span_01072021' is clickable

2021-12-01 12:23:53 - [MESSAGE][WARNING] - Timeout '0' is invalid. Using default page load timeout: '30'

2021-12-01 12:23:53 - [MESSAGE][PASSED] - Object 'Object Repository/Modulo Actos Administrativos/Modulo Viáticos/Guardar retroactivo de viáticos/span_01072021' is clickable

2021-12-01 12:23:53 - [TEST_STEP][PASSED] - click(findTestObject("Modulo Actos Administrativos/Modulo Viáticos/Guardar retroactivo de viáticos/span_01072021")): Object: 'Object Repository/Modulo Actos Administrativos/Modulo Viáticos/Guardar retroactivo de viáticos/span_01072021' is clicked on

2021-12-01 12:23:54 - [MESSAGE][PASSED] - Object: 'Object Repository/Modulo Actos Administrativos/Modulo Viáticos/Guardar retroactivo de viáticos/span_01072021' is clicked on

2021-12-01 12:23:54 - [TEST_STEP][PASSED] - waitForElementClickable(findTestObject("Modulo Actos Administrativos/Modulo Viáticos/Guardar retroactivo de viáticos/a_Cerrar Proceso"), 0): Object 'Object Repository/Modulo Actos Administrativos/Modulo Viáticos/Guardar retroactivo de viáticos/a_Cerrar Proceso' is clickable

2021-12-01 12:23:54 - [MESSAGE][WARNING] - Timeout '0' is invalid. Using default page load timeout: '30'

2021-12-01 12:23:54 - [MESSAGE][PASSED] - Object 'Object Repository/Modulo Actos Administrativos/Modulo Viáticos/Guardar retroactivo de viáticos/a_Cerrar Proceso' is clickable

2021-12-01 12:23:54 - [TEST_STEP][PASSED] - click(findTestObject("Modulo Actos Administrativos/Modulo Viáticos/Guardar retroactivo de viáticos/a_Cerrar Proceso")): Object: 'Object Repository/Modulo Actos Administrativos/Modulo Viáticos/Guardar retroactivo de viáticos/a_Cerrar Proceso' is clicked on

2021-12-01 12:23:55 - [MESSAGE][PASSED] - Object: 'Object Repository/Modulo Actos Administrativos/Modulo Viáticos/Guardar retroactivo de viáticos/a_Cerrar Proceso' is clicked on

2021-12-01 12:23:55 - [TEST_STEP][PASSED] - click(findTestObject("Modulo Actos Administrativos/Modulo Viáticos/Guardar retroactivo de viáticos/span_Si_cerrar proceso")): Object: 'Object Repository/Modulo Actos Administrativos/Modulo Viáticos/Guardar retroactivo de viáticos/span_Si_cerrar proceso' is clicked on

2021-12-01 12:23:56 - [MESSAGE][PASSED] - Object: 'Object Repository/Modulo Actos Administrativos/Modulo Viáticos/Guardar retroactivo de viáticos/span_Si_cerrar proceso' is clicked on

2021-12-01 12:23:56 - [TEST_STEP][PASSED] - click(findTestObject("Modulo Actos Administrativos/Modulo Viáticos/Guardar retroactivo de viáticos/a_Regresar_guardar")): Object: 'Object Repository/Modulo Actos Administrativos/Modulo Viáticos/Guardar retroactivo de viáticos/a_Regresar_guardar' is clicked on

2021-12-01 12:23:57 - [MESSAGE][PASSED] - Object: 'Object Repository/Modulo Actos Administrativos/Modulo Viáticos/Guardar retroactivo de viáticos/a_Regresar_guardar' is clicked on

2021-12-01 12:23:57 - [TEST_STEP][PASSED] - waitForElementClickable(findTestObject("Modulo Actos Administrativos/Modulo Viáticos/Guardar retroactivo de viáticos/span_01072021"), 0): Object 'Object Repository/Modulo Actos Administrativos/Modulo Viáticos/Guardar retroactivo de viáticos/span_01072021' is clickable

2021-12-01 12:23:57 - [MESSAGE][WARNING] - Timeout '0' is invalid. Using default page load timeout: '30'

2021-12-01 12:23:58 - [MESSAGE][PASSED] - Object 'Object Repository/Modulo Actos Administrativos/Modulo Viáticos/Guardar retroactivo de viáticos/span_01072021' is clickable

2021-12-01 12:23:58 - [TEST_STEP][PASSED] - click(findTestObject("Modulo Actos Administrativos/Modulo Viáticos/Guardar retroactivo de viáticos/span_01072021")): Object: 'Object Repository/Modulo Actos Administrativos/Modulo Viáticos/Guardar retroactivo de viáticos/span_01072021' is clicked on

2021-12-01 12:23:58 - [MESSAGE][PASSED] - Object: 'Object Repository/Modulo Actos Administrativos/Modulo Viáticos/Guardar retroactivo de viáticos/span_01072021' is clicked on

2021-12-01 12:23:58 - [TEST_STEP][PASSED] - waitForElementClickable(findTestObject("Modulo Actos Administrativos/Modulo Viáticos/Guardar retroactivo de viáticos/a_Reversar_retroactivo"), 0): Object 'Object Repository/Modulo Actos Administrativos/Modulo Viáticos/Guardar retroactivo de viáticos/a_Reversar_retroactivo' is clickable

2021-12-01 12:23:58 - [MESSAGE][WARNING] - Timeout '0' is invalid. Using default page load timeout: '30'

2021-12-01 12:23:59 - [MESSAGE][PASSED] - Object 'Object Repository/Modulo Actos Administrativos/Modulo Viáticos/Guardar retroactivo de viáticos/a_Reversar_retroactivo' is clickable

2021-12-01 12:23:59 - [TEST_STEP][PASSED] - click(findTestObject("Modulo Actos Administrativos/Modulo Viáticos/Guardar retroactivo de viáticos/a_Reversar_retroactivo")): Object: 'Object Repository/Modulo Actos Administrativos/Modulo Viáticos/Guardar retroactivo de viáticos/a_Reversar_retroactivo' is clicked on

2021-12-01 12:23:59 - [MESSAGE][PASSED] - Object: 'Object Repository/Modulo Actos Administrativos/Modulo Viáticos/Guardar retroactivo de viáticos/a_Reversar_retroactivo' is clicked on

2021-12-01 12:23:59 - [TEST_STEP][PASSED] - waitForElementClickable(findTestObject("Modulo Actos Administrativos/Modulo Viáticos/Guardar retroactivo de viáticos/span_Si_reversar"), 0): Object 'Object Repository/Modulo Actos Administrativos/Modulo Viáticos/Guardar retroactivo de viáticos/span_Si_reversar' is clickable

2021-12-01 12:23:59 - [MESSAGE][WARNING] - Timeout '0' is invalid. Using default page load timeout: '30'

2021-12-01 12:24:00 - [MESSAGE][PASSED] - Object 'Object Repository/Modulo Actos Administrativos/Modulo Viáticos/Guardar retroactivo de viáticos/span_Si_reversar' is clickable

2021-12-01 12:24:00 - [TEST_STEP][PASSED] - click(findTestObject("Modulo Actos Administrativos/Modulo Viáticos/Guardar retroactivo de viáticos/span_Si_reversar")): Object: 'Object Repository/Modulo Actos Administrativos/Modulo Viáticos/Guardar retroactivo de viáticos/span_Si_reversar' is clicked on

2021-12-01 12:24:00 - [MESSAGE][PASSED] - Object: 'Object Repository/Modulo Actos Administrativos/Modulo Viáticos/Guardar retroactivo de viáticos/span_Si_reversar' is clicked on

2021-12-01 12:24:00 - [TEST_STEP][PASSED] - closeBrowser(): Browser is closed

2021-12-01 12:24:01 - [MESSAGE][PASSED] - Browser is closed]]></system-out>
         <system-err><![CDATA[]]></system-err>
      </testcase>
      <testcase name="Test Cases/1.1-Tareas Principales/1.6.9 Reporte Entidades Liquidadas Viáticos" time="34.53" classname="Test Cases/1.1-Tareas Principales/1.6.9 Reporte Entidades Liquidadas Viáticos" status="PASSED">
         <system-out><![CDATA[2021-12-01 12:24:01 - [TEST_CASE][PASSED] - Test Cases/1.1-Tareas Principales/1.6.9 Reporte Entidades Liquidadas Viáticos: Test Cases/1.1-Tareas Principales/1.6.9 Reporte Entidades Liquidadas Viáticos

2021-12-01 12:24:01 - [TEST_STEP][PASSED] - callTestCase(findTestCase("0.1-Login"), [:], STOP_ON_FAILURE): Call Test Case 'Test Cases/0.1-Login' successfully

2021-12-01 12:24:02 - [TEST_CASE][PASSED] - Test Cases/0.1-Login: Test Cases/0.1-Login

2021-12-01 12:24:02 - [TEST_STEP][PASSED] - openBrowser(""): Browser is opened with url: ''

2021-12-01 12:24:02 - [MESSAGE][INFO] - Starting 'Chrome' driver

2021-12-01 12:24:02 - [MESSAGE][INFO] - Action delay is set to 0 milliseconds

2021-12-01 12:24:03 - [MESSAGE][PASSED] - Browser is opened with url: ''

2021-12-01 12:24:03 - [TEST_STEP][PASSED] - maximizeWindow(): Current window maximized

2021-12-01 12:24:03 - [MESSAGE][PASSED] - Current window maximized

2021-12-01 12:24:03 - [TEST_STEP][PASSED] - i = G_Login: null

2021-12-01 12:24:03 - [TEST_STEP][PASSED] - url = new java.net.URL(i): null

2021-12-01 12:24:03 - [TEST_STEP][PASSED] - println("URL: " + url.toString()): null

2021-12-01 12:24:03 - [TEST_STEP][PASSED] - connection = url.openConnection(): null

2021-12-01 12:24:03 - [TEST_STEP][PASSED] - connection.setRequestMethod("GET"): null

2021-12-01 12:24:03 - [TEST_STEP][PASSED] - connection.setReadTimeout(2 * 1000): null

2021-12-01 12:24:03 - [TEST_STEP][PASSED] - try: null

2021-12-01 12:24:03 - [TEST_STEP][PASSED] - connection.connect(): null

2021-12-01 12:24:03 - [TEST_STEP][PASSED] - flag = connected: null

2021-12-01 12:24:03 - [TEST_STEP][PASSED] - println("Valor_ori: " + flag): null

2021-12-01 12:24:03 - [TEST_STEP][PASSED] - if (flag): null

2021-12-01 12:24:03 - [TEST_STEP][PASSED] - navigateToUrl(i): Navigate to 'http://localhost:8380/saraweb/' successfully

2021-12-01 12:24:04 - [MESSAGE][PASSED] - Navigate to 'http://localhost:8380/saraweb/' successfully

2021-12-01 12:24:04 - [TEST_STEP][PASSED] - a(): null

2021-12-01 12:24:04 - [TEST_STEP][PASSED] - setText(findTestObject("Login/input_USUARIO_loginusuario"), G_Usuario): Text 'saraadmin' is set on object 'Object Repository/Login/input_USUARIO_loginusuario'

2021-12-01 12:24:05 - [MESSAGE][PASSED] - Text 'saraadmin' is set on object 'Object Repository/Login/input_USUARIO_loginusuario'

2021-12-01 12:24:05 - [TEST_STEP][PASSED] - setEncryptedText(findTestObject("Login/input_CLAVE_loginpassword"), "MkG4/TYiCFC3cb2driP7+Q=="): Text ****** has been set on object 'Object Repository/Login/input_CLAVE_loginpassword'

2021-12-01 12:24:05 - [MESSAGE][PASSED] - Text ****** has been set on object 'Object Repository/Login/input_CLAVE_loginpassword'

2021-12-01 12:24:05 - [TEST_STEP][PASSED] - waitForElementClickable(findTestObject("Login/a_Ingresar"), G_TimeOut): Object 'Object Repository/Login/a_Ingresar' is clickable

2021-12-01 12:24:06 - [MESSAGE][PASSED] - Object 'Object Repository/Login/a_Ingresar' is clickable

2021-12-01 12:24:06 - [TEST_STEP][PASSED] - click(findTestObject("Login/a_Ingresar")): Object: 'Object Repository/Login/a_Ingresar' is clicked on

2021-12-01 12:24:08 - [MESSAGE][PASSED] - Object: 'Object Repository/Login/a_Ingresar' is clicked on

2021-12-01 12:24:08 - [TEST_STEP][PASSED] - element = findWebElement(findTestObject("Login/a_Ir"), 30): null

2021-12-01 12:24:08 - [TEST_STEP][PASSED] - executeJavaScript("arguments[0].click()", Arrays.asList(element)): Execute JavaScript 'arguments[0].click()' successfully

2021-12-01 12:24:09 - [MESSAGE][PASSED] - Execute JavaScript 'arguments[0].click()' successfully

2021-12-01 12:24:09 - [MESSAGE][PASSED] - Call Test Case 'Test Cases/0.1-Login' successfully

2021-12-01 12:24:09 - [TEST_STEP][PASSED] - waitForElementClickable(findTestObject("Modulo Actos Administrativos/Modulo Viáticos/Reporte Entidades Liquidadas/input_ADMINISTRADOR DEL SISTEMA - SARA_form_templatej_idt24_input"), 0): Object 'Object Repository/Modulo Actos Administrativos/Modulo Viáticos/Reporte Entidades Liquidadas/input_ADMINISTRADOR DEL SISTEMA - SARA_form_templatej_idt24_input' is clickable

2021-12-01 12:24:09 - [MESSAGE][WARNING] - Timeout '0' is invalid. Using default page load timeout: '30'

2021-12-01 12:24:10 - [MESSAGE][PASSED] - Object 'Object Repository/Modulo Actos Administrativos/Modulo Viáticos/Reporte Entidades Liquidadas/input_ADMINISTRADOR DEL SISTEMA - SARA_form_templatej_idt24_input' is clickable

2021-12-01 12:24:10 - [TEST_STEP][PASSED] - setText(findTestObject("Modulo Actos Administrativos/Modulo Viáticos/Reporte Entidades Liquidadas/input_ADMINISTRADOR DEL SISTEMA - SARA_form_templatej_idt24_input"), "generacion Entidad Pago Viaticos"): Text 'generacion Entidad Pago Viaticos' is set on object 'Object Repository/Modulo Actos Administrativos/Modulo Viáticos/Reporte Entidades Liquidadas/input_ADMINISTRADOR DEL SISTEMA - SARA_form_templatej_idt24_input'

2021-12-01 12:24:11 - [MESSAGE][PASSED] - Text 'generacion Entidad Pago Viaticos' is set on object 'Object Repository/Modulo Actos Administrativos/Modulo Viáticos/Reporte Entidades Liquidadas/input_ADMINISTRADOR DEL SISTEMA - SARA_form_templatej_idt24_input'

2021-12-01 12:24:11 - [TEST_STEP][PASSED] - waitForElementClickable(findTestObject("Modulo Actos Administrativos/Modulo Viáticos/Reporte Entidades Liquidadas/li_Listado de Viaticos (act)"), 0): Object 'Object Repository/Modulo Actos Administrativos/Modulo Viáticos/Reporte Entidades Liquidadas/li_Listado de Viaticos (act)' is clickable

2021-12-01 12:24:11 - [MESSAGE][WARNING] - Timeout '0' is invalid. Using default page load timeout: '30'

2021-12-01 12:24:12 - [MESSAGE][PASSED] - Object 'Object Repository/Modulo Actos Administrativos/Modulo Viáticos/Reporte Entidades Liquidadas/li_Listado de Viaticos (act)' is clickable

2021-12-01 12:24:12 - [TEST_STEP][PASSED] - sendKeys(findTestObject("Modulo Actos Administrativos/Modulo Viáticos/Reporte Entidades Liquidadas/input_ADMINISTRADOR DEL SISTEMA - SARA_form_templatej_idt24_input"), Keys.chord(ENTER)): Keys 'ENTER + ' sent to object: 'Object Repository/Modulo Actos Administrativos/Modulo Viáticos/Reporte Entidades Liquidadas/input_ADMINISTRADOR DEL SISTEMA - SARA_form_templatej_idt24_input'

2021-12-01 12:24:13 - [MESSAGE][PASSED] - Keys 'ENTER + ' sent to object: 'Object Repository/Modulo Actos Administrativos/Modulo Viáticos/Reporte Entidades Liquidadas/input_ADMINISTRADOR DEL SISTEMA - SARA_form_templatej_idt24_input'

2021-12-01 12:24:13 - [TEST_STEP][PASSED] - click(findTestObject("Modulo Actos Administrativos/Modulo Viáticos/Reporte Entidades Liquidadas/a_Traer")): Object: 'Object Repository/Modulo Actos Administrativos/Modulo Viáticos/Reporte Entidades Liquidadas/a_Traer' is clicked on

2021-12-01 12:24:15 - [MESSAGE][PASSED] - Object: 'Object Repository/Modulo Actos Administrativos/Modulo Viáticos/Reporte Entidades Liquidadas/a_Traer' is clicked on

2021-12-01 12:24:15 - [TEST_STEP][PASSED] - waitForElementClickable(findTestObject("Modulo Actos Administrativos/Modulo Viáticos/Reporte Entidades Liquidadas/label_Viaticos2"), 0): Object 'Object Repository/Modulo Actos Administrativos/Modulo Viáticos/Reporte Entidades Liquidadas/label_Viaticos2' is clickable

2021-12-01 12:24:16 - [MESSAGE][WARNING] - Timeout '0' is invalid. Using default page load timeout: '30'

2021-12-01 12:24:16 - [MESSAGE][PASSED] - Object 'Object Repository/Modulo Actos Administrativos/Modulo Viáticos/Reporte Entidades Liquidadas/label_Viaticos2' is clickable

2021-12-01 12:24:16 - [TEST_STEP][PASSED] - click(findTestObject("Modulo Actos Administrativos/Modulo Viáticos/Reporte Entidades Liquidadas/label_Viaticos2")): Object: 'Object Repository/Modulo Actos Administrativos/Modulo Viáticos/Reporte Entidades Liquidadas/label_Viaticos2' is clicked on

2021-12-01 12:24:16 - [MESSAGE][PASSED] - Object: 'Object Repository/Modulo Actos Administrativos/Modulo Viáticos/Reporte Entidades Liquidadas/label_Viaticos2' is clicked on

2021-12-01 12:24:16 - [TEST_STEP][PASSED] - setText(findTestObject("Modulo Actos Administrativos/Modulo Viáticos/Reporte Entidades Liquidadas/input_Fecha_form_viaticos2"), "01/07/2021"): Text '01/07/2021' is set on object 'Object Repository/Modulo Actos Administrativos/Modulo Viáticos/Reporte Entidades Liquidadas/input_Fecha_form_viaticos2'

2021-12-01 12:24:17 - [MESSAGE][PASSED] - Text '01/07/2021' is set on object 'Object Repository/Modulo Actos Administrativos/Modulo Viáticos/Reporte Entidades Liquidadas/input_Fecha_form_viaticos2'

2021-12-01 12:24:17 - [TEST_STEP][PASSED] - click(findTestObject("Modulo Actos Administrativos/Modulo Viáticos/Reporte Entidades Liquidadas/a_Aplicar_viaticos2")): Object: 'Object Repository/Modulo Actos Administrativos/Modulo Viáticos/Reporte Entidades Liquidadas/a_Aplicar_viaticos2' is clicked on

2021-12-01 12:24:18 - [MESSAGE][PASSED] - Object: 'Object Repository/Modulo Actos Administrativos/Modulo Viáticos/Reporte Entidades Liquidadas/a_Aplicar_viaticos2' is clicked on

2021-12-01 12:24:18 - [TEST_STEP][PASSED] - waitForElementClickable(findTestObject("Modulo Actos Administrativos/Modulo Viáticos/Reporte Entidades Liquidadas/span_Medicina Prepagada Colsanitas"), 0): Object 'Object Repository/Modulo Actos Administrativos/Modulo Viáticos/Reporte Entidades Liquidadas/span_Medicina Prepagada Colsanitas' is clickable

2021-12-01 12:24:18 - [MESSAGE][WARNING] - Timeout '0' is invalid. Using default page load timeout: '30'

2021-12-01 12:24:19 - [MESSAGE][PASSED] - Object 'Object Repository/Modulo Actos Administrativos/Modulo Viáticos/Reporte Entidades Liquidadas/span_Medicina Prepagada Colsanitas' is clickable

2021-12-01 12:24:19 - [TEST_STEP][PASSED] - click(findTestObject("Modulo Actos Administrativos/Modulo Viáticos/Reporte Entidades Liquidadas/div_Sucursal_ui-chkbox-box ui-widget ui-corner-all ui-state-default")): Object: 'Object Repository/Modulo Actos Administrativos/Modulo Viáticos/Reporte Entidades Liquidadas/div_Sucursal_ui-chkbox-box ui-widget ui-corner-all ui-state-default' is clicked on

2021-12-01 12:24:19 - [MESSAGE][PASSED] - Object: 'Object Repository/Modulo Actos Administrativos/Modulo Viáticos/Reporte Entidades Liquidadas/div_Sucursal_ui-chkbox-box ui-widget ui-corner-all ui-state-default' is clicked on

2021-12-01 12:24:19 - [TEST_STEP][PASSED] - click(findTestObject("Modulo Actos Administrativos/Modulo Viáticos/Reporte Entidades Liquidadas/a_Liquidar")): Object: 'Object Repository/Modulo Actos Administrativos/Modulo Viáticos/Reporte Entidades Liquidadas/a_Liquidar' is clicked on

2021-12-01 12:24:20 - [MESSAGE][PASSED] - Object: 'Object Repository/Modulo Actos Administrativos/Modulo Viáticos/Reporte Entidades Liquidadas/a_Liquidar' is clicked on

2021-12-01 12:24:20 - [TEST_STEP][PASSED] - waitForElementClickable(findTestObject("Modulo Actos Administrativos/Modulo Viáticos/Reporte Entidades Liquidadas/a_Aceptar_Liquidar"), 0): Object 'Object Repository/Modulo Actos Administrativos/Modulo Viáticos/Reporte Entidades Liquidadas/a_Aceptar_Liquidar' is clickable

2021-12-01 12:24:20 - [MESSAGE][WARNING] - Timeout '0' is invalid. Using default page load timeout: '30'

2021-12-01 12:24:20 - [MESSAGE][PASSED] - Object 'Object Repository/Modulo Actos Administrativos/Modulo Viáticos/Reporte Entidades Liquidadas/a_Aceptar_Liquidar' is clickable

2021-12-01 12:24:20 - [TEST_STEP][PASSED] - click(findTestObject("Modulo Actos Administrativos/Modulo Viáticos/Reporte Entidades Liquidadas/a_Aceptar_Liquidar")): Object: 'Object Repository/Modulo Actos Administrativos/Modulo Viáticos/Reporte Entidades Liquidadas/a_Aceptar_Liquidar' is clicked on

2021-12-01 12:24:21 - [MESSAGE][PASSED] - Object: 'Object Repository/Modulo Actos Administrativos/Modulo Viáticos/Reporte Entidades Liquidadas/a_Aceptar_Liquidar' is clicked on

2021-12-01 12:24:21 - [TEST_STEP][PASSED] - waitForElementClickable(findTestObject("Modulo Actos Administrativos/Modulo Viáticos/Reporte Entidades Liquidadas/a_Continuar"), 0): Object 'Object Repository/Modulo Actos Administrativos/Modulo Viáticos/Reporte Entidades Liquidadas/a_Continuar' is clickable

2021-12-01 12:24:21 - [MESSAGE][WARNING] - Timeout '0' is invalid. Using default page load timeout: '30'

2021-12-01 12:24:25 - [MESSAGE][PASSED] - Object 'Object Repository/Modulo Actos Administrativos/Modulo Viáticos/Reporte Entidades Liquidadas/a_Continuar' is clickable

2021-12-01 12:24:25 - [TEST_STEP][PASSED] - click(findTestObject("Modulo Actos Administrativos/Modulo Viáticos/Reporte Entidades Liquidadas/a_Continuar")): Object: 'Object Repository/Modulo Actos Administrativos/Modulo Viáticos/Reporte Entidades Liquidadas/a_Continuar' is clicked on

2021-12-01 12:24:25 - [MESSAGE][PASSED] - Object: 'Object Repository/Modulo Actos Administrativos/Modulo Viáticos/Reporte Entidades Liquidadas/a_Continuar' is clicked on

2021-12-01 12:24:25 - [TEST_STEP][PASSED] - waitForElementClickable(findTestObject("Modulo Actos Administrativos/Modulo Viáticos/Reporte Entidades Liquidadas/a_Imprimir"), 0): Object 'Object Repository/Modulo Actos Administrativos/Modulo Viáticos/Reporte Entidades Liquidadas/a_Imprimir' is clickable

2021-12-01 12:24:25 - [MESSAGE][WARNING] - Timeout '0' is invalid. Using default page load timeout: '30'

2021-12-01 12:24:27 - [MESSAGE][PASSED] - Object 'Object Repository/Modulo Actos Administrativos/Modulo Viáticos/Reporte Entidades Liquidadas/a_Imprimir' is clickable

2021-12-01 12:24:27 - [TEST_STEP][PASSED] - click(findTestObject("Modulo Actos Administrativos/Modulo Viáticos/Reporte Entidades Liquidadas/a_Imprimir")): Object: 'Object Repository/Modulo Actos Administrativos/Modulo Viáticos/Reporte Entidades Liquidadas/a_Imprimir' is clicked on

2021-12-01 12:24:27 - [MESSAGE][PASSED] - Object: 'Object Repository/Modulo Actos Administrativos/Modulo Viáticos/Reporte Entidades Liquidadas/a_Imprimir' is clicked on

2021-12-01 12:24:27 - [TEST_STEP][PASSED] - waitForElementClickable(findTestObject("Modulo Actos Administrativos/Modulo Viáticos/Reporte Entidades Liquidadas/label_Csv_informe"), 0): Object 'Object Repository/Modulo Actos Administrativos/Modulo Viáticos/Reporte Entidades Liquidadas/label_Csv_informe' is clickable

2021-12-01 12:24:27 - [MESSAGE][WARNING] - Timeout '0' is invalid. Using default page load timeout: '30'

2021-12-01 12:24:28 - [MESSAGE][PASSED] - Object 'Object Repository/Modulo Actos Administrativos/Modulo Viáticos/Reporte Entidades Liquidadas/label_Csv_informe' is clickable

2021-12-01 12:24:28 - [TEST_STEP][PASSED] - click(findTestObject("Modulo Actos Administrativos/Modulo Viáticos/Reporte Entidades Liquidadas/label_Csv_informe")): Object: 'Object Repository/Modulo Actos Administrativos/Modulo Viáticos/Reporte Entidades Liquidadas/label_Csv_informe' is clicked on

2021-12-01 12:24:28 - [MESSAGE][PASSED] - Object: 'Object Repository/Modulo Actos Administrativos/Modulo Viáticos/Reporte Entidades Liquidadas/label_Csv_informe' is clicked on

2021-12-01 12:24:28 - [TEST_STEP][PASSED] - waitForElementClickable(findTestObject("Modulo Actos Administrativos/Modulo Viáticos/Reporte Entidades Liquidadas/a_Generar_Reporte"), 0): Object 'Object Repository/Modulo Actos Administrativos/Modulo Viáticos/Reporte Entidades Liquidadas/a_Generar_Reporte' is clickable

2021-12-01 12:24:28 - [MESSAGE][WARNING] - Timeout '0' is invalid. Using default page load timeout: '30'

2021-12-01 12:24:28 - [MESSAGE][PASSED] - Object 'Object Repository/Modulo Actos Administrativos/Modulo Viáticos/Reporte Entidades Liquidadas/a_Generar_Reporte' is clickable

2021-12-01 12:24:28 - [TEST_STEP][PASSED] - click(findTestObject("Modulo Actos Administrativos/Modulo Viáticos/Reporte Entidades Liquidadas/a_Generar_Reporte")): Object: 'Object Repository/Modulo Actos Administrativos/Modulo Viáticos/Reporte Entidades Liquidadas/a_Generar_Reporte' is clicked on

2021-12-01 12:24:29 - [MESSAGE][PASSED] - Object: 'Object Repository/Modulo Actos Administrativos/Modulo Viáticos/Reporte Entidades Liquidadas/a_Generar_Reporte' is clicked on

2021-12-01 12:24:29 - [TEST_STEP][PASSED] - click(findTestObject("Modulo Actos Administrativos/Modulo Viáticos/Reporte Entidades Liquidadas/a_Descargar_reporte medicina prepagada colsanitas")): Object: 'Object Repository/Modulo Actos Administrativos/Modulo Viáticos/Reporte Entidades Liquidadas/a_Descargar_reporte medicina prepagada colsanitas' is clicked on

2021-12-01 12:24:32 - [MESSAGE][PASSED] - Object: 'Object Repository/Modulo Actos Administrativos/Modulo Viáticos/Reporte Entidades Liquidadas/a_Descargar_reporte medicina prepagada colsanitas' is clicked on

2021-12-01 12:24:32 - [TEST_STEP][PASSED] - waitForElementClickable(findTestObject("Modulo Actos Administrativos/Modulo Viáticos/Reporte Entidades Liquidadas/span_Fecha_ui-icon ui-icon-closethick"), 0): Object 'Object Repository/Modulo Actos Administrativos/Modulo Viáticos/Reporte Entidades Liquidadas/span_Fecha_ui-icon ui-icon-closethick' is clickable

2021-12-01 12:24:32 - [MESSAGE][WARNING] - Timeout '0' is invalid. Using default page load timeout: '30'

2021-12-01 12:24:33 - [MESSAGE][PASSED] - Object 'Object Repository/Modulo Actos Administrativos/Modulo Viáticos/Reporte Entidades Liquidadas/span_Fecha_ui-icon ui-icon-closethick' is clickable

2021-12-01 12:24:33 - [TEST_STEP][PASSED] - click(findTestObject("Modulo Actos Administrativos/Modulo Viáticos/Reporte Entidades Liquidadas/span_Fecha_ui-icon ui-icon-closethick")): Object: 'Object Repository/Modulo Actos Administrativos/Modulo Viáticos/Reporte Entidades Liquidadas/span_Fecha_ui-icon ui-icon-closethick' is clicked on

2021-12-01 12:24:33 - [MESSAGE][PASSED] - Object: 'Object Repository/Modulo Actos Administrativos/Modulo Viáticos/Reporte Entidades Liquidadas/span_Fecha_ui-icon ui-icon-closethick' is clicked on

2021-12-01 12:24:33 - [TEST_STEP][PASSED] - click(findTestObject("Modulo Actos Administrativos/Modulo Viáticos/Reporte Entidades Liquidadas/a_Reversar_viaticos")): Object: 'Object Repository/Modulo Actos Administrativos/Modulo Viáticos/Reporte Entidades Liquidadas/a_Reversar_viaticos' is clicked on

2021-12-01 12:24:34 - [MESSAGE][PASSED] - Object: 'Object Repository/Modulo Actos Administrativos/Modulo Viáticos/Reporte Entidades Liquidadas/a_Reversar_viaticos' is clicked on

2021-12-01 12:24:34 - [TEST_STEP][PASSED] - click(findTestObject("Modulo Actos Administrativos/Modulo Viáticos/Reporte Entidades Liquidadas/a_Aceptar_viaticos")): Object: 'Object Repository/Modulo Actos Administrativos/Modulo Viáticos/Reporte Entidades Liquidadas/a_Aceptar_viaticos' is clicked on

2021-12-01 12:24:35 - [MESSAGE][PASSED] - Object: 'Object Repository/Modulo Actos Administrativos/Modulo Viáticos/Reporte Entidades Liquidadas/a_Aceptar_viaticos' is clicked on

2021-12-01 12:24:35 - [TEST_STEP][PASSED] - getText(findTestObject("Alerta/Alerta")): Text of object 'Object Repository/Alerta/Alerta' is: 'Reversión Satisfactoria'

2021-12-01 12:24:36 - [MESSAGE][PASSED] - Text of object 'Object Repository/Alerta/Alerta' is: 'Reversión Satisfactoria']]></system-out>
         <system-err><![CDATA[]]></system-err>
      </testcase>
      <testcase name="Test Cases/1.1-Tareas Principales/1.7.3 Eliminar Viàtico" time="47.418" classname="Test Cases/1.1-Tareas Principales/1.7.3 Eliminar Viàtico" status="PASSED">
         <system-out><![CDATA[2021-12-01 12:24:36 - [TEST_CASE][PASSED] - Test Cases/1.1-Tareas Principales/1.7.3 Eliminar Viàtico: Test Cases/1.1-Tareas Principales/1.7.3 Eliminar Viàtico

2021-12-01 12:24:36 - [TEST_STEP][PASSED] - callTestCase(findTestCase("0.1-Login"), [:], STOP_ON_FAILURE): Call Test Case 'Test Cases/0.1-Login' successfully

2021-12-01 12:24:36 - [TEST_CASE][PASSED] - Test Cases/0.1-Login: Test Cases/0.1-Login

2021-12-01 12:24:36 - [TEST_STEP][PASSED] - openBrowser(""): Browser is opened with url: ''

2021-12-01 12:24:36 - [MESSAGE][WARNING] - A browser is already opened. Closing browser and opening a new one

2021-12-01 12:24:37 - [MESSAGE][INFO] - Starting 'Chrome' driver

2021-12-01 12:24:37 - [MESSAGE][INFO] - Action delay is set to 0 milliseconds

2021-12-01 12:24:38 - [MESSAGE][PASSED] - Browser is opened with url: ''

2021-12-01 12:24:38 - [TEST_STEP][PASSED] - maximizeWindow(): Current window maximized

2021-12-01 12:24:39 - [MESSAGE][PASSED] - Current window maximized

2021-12-01 12:24:39 - [TEST_STEP][PASSED] - i = G_Login: null

2021-12-01 12:24:39 - [TEST_STEP][PASSED] - url = new java.net.URL(i): null

2021-12-01 12:24:39 - [TEST_STEP][PASSED] - println("URL: " + url.toString()): null

2021-12-01 12:24:39 - [TEST_STEP][PASSED] - connection = url.openConnection(): null

2021-12-01 12:24:39 - [TEST_STEP][PASSED] - connection.setRequestMethod("GET"): null

2021-12-01 12:24:39 - [TEST_STEP][PASSED] - connection.setReadTimeout(2 * 1000): null

2021-12-01 12:24:39 - [TEST_STEP][PASSED] - try: null

2021-12-01 12:24:39 - [TEST_STEP][PASSED] - connection.connect(): null

2021-12-01 12:24:39 - [TEST_STEP][PASSED] - flag = connected: null

2021-12-01 12:24:39 - [TEST_STEP][PASSED] - println("Valor_ori: " + flag): null

2021-12-01 12:24:39 - [TEST_STEP][PASSED] - if (flag): null

2021-12-01 12:24:39 - [TEST_STEP][PASSED] - navigateToUrl(i): Navigate to 'http://localhost:8380/saraweb/' successfully

2021-12-01 12:24:40 - [MESSAGE][PASSED] - Navigate to 'http://localhost:8380/saraweb/' successfully

2021-12-01 12:24:40 - [TEST_STEP][PASSED] - a(): null

2021-12-01 12:24:40 - [TEST_STEP][PASSED] - setText(findTestObject("Login/input_USUARIO_loginusuario"), G_Usuario): Text 'saraadmin' is set on object 'Object Repository/Login/input_USUARIO_loginusuario'

2021-12-01 12:24:40 - [MESSAGE][PASSED] - Text 'saraadmin' is set on object 'Object Repository/Login/input_USUARIO_loginusuario'

2021-12-01 12:24:40 - [TEST_STEP][PASSED] - setEncryptedText(findTestObject("Login/input_CLAVE_loginpassword"), "MkG4/TYiCFC3cb2driP7+Q=="): Text ****** has been set on object 'Object Repository/Login/input_CLAVE_loginpassword'

2021-12-01 12:24:41 - [MESSAGE][PASSED] - Text ****** has been set on object 'Object Repository/Login/input_CLAVE_loginpassword'

2021-12-01 12:24:41 - [TEST_STEP][PASSED] - waitForElementClickable(findTestObject("Login/a_Ingresar"), G_TimeOut): Object 'Object Repository/Login/a_Ingresar' is clickable

2021-12-01 12:24:41 - [MESSAGE][PASSED] - Object 'Object Repository/Login/a_Ingresar' is clickable

2021-12-01 12:24:41 - [TEST_STEP][PASSED] - click(findTestObject("Login/a_Ingresar")): Object: 'Object Repository/Login/a_Ingresar' is clicked on

2021-12-01 12:24:43 - [MESSAGE][PASSED] - Object: 'Object Repository/Login/a_Ingresar' is clicked on

2021-12-01 12:24:43 - [TEST_STEP][PASSED] - element = findWebElement(findTestObject("Login/a_Ir"), 30): null

2021-12-01 12:24:44 - [TEST_STEP][PASSED] - executeJavaScript("arguments[0].click()", Arrays.asList(element)): Execute JavaScript 'arguments[0].click()' successfully

2021-12-01 12:24:44 - [MESSAGE][PASSED] - Execute JavaScript 'arguments[0].click()' successfully

2021-12-01 12:24:44 - [MESSAGE][PASSED] - Call Test Case 'Test Cases/0.1-Login' successfully

2021-12-01 12:24:44 - [TEST_STEP][PASSED] - waitForElementClickable(findTestObject("Modulo Actos Administrativos/Modulo Viáticos/Eliminar Viàticos/input_ADMINISTRADOR DEL SISTEMA - SARA_form_templatej_idt24_input"), 0): Object 'Object Repository/Modulo Actos Administrativos/Modulo Viáticos/Eliminar Viàticos/input_ADMINISTRADOR DEL SISTEMA - SARA_form_templatej_idt24_input' is clickable

2021-12-01 12:24:44 - [MESSAGE][WARNING] - Timeout '0' is invalid. Using default page load timeout: '30'

2021-12-01 12:24:45 - [MESSAGE][PASSED] - Object 'Object Repository/Modulo Actos Administrativos/Modulo Viáticos/Eliminar Viàticos/input_ADMINISTRADOR DEL SISTEMA - SARA_form_templatej_idt24_input' is clickable

2021-12-01 12:24:45 - [TEST_STEP][PASSED] - setText(findTestObject("Modulo Actos Administrativos/Modulo Viáticos/Eliminar Viàticos/input_ADMINISTRADOR DEL SISTEMA - SARA_form_templatej_idt24_input"), "Listado de Viaticos"): Text 'Listado de Viaticos' is set on object 'Object Repository/Modulo Actos Administrativos/Modulo Viáticos/Eliminar Viàticos/input_ADMINISTRADOR DEL SISTEMA - SARA_form_templatej_idt24_input'

2021-12-01 12:24:46 - [MESSAGE][PASSED] - Text 'Listado de Viaticos' is set on object 'Object Repository/Modulo Actos Administrativos/Modulo Viáticos/Eliminar Viàticos/input_ADMINISTRADOR DEL SISTEMA - SARA_form_templatej_idt24_input'

2021-12-01 12:24:46 - [TEST_STEP][PASSED] - waitForElementClickable(findTestObject("Modulo Actos Administrativos/Modulo Viáticos/Eliminar Viàticos/li_Listado de Viaticos (act)"), 0): Object 'Object Repository/Modulo Actos Administrativos/Modulo Viáticos/Eliminar Viàticos/li_Listado de Viaticos (act)' is clickable

2021-12-01 12:24:46 - [MESSAGE][WARNING] - Timeout '0' is invalid. Using default page load timeout: '30'

2021-12-01 12:24:47 - [MESSAGE][PASSED] - Object 'Object Repository/Modulo Actos Administrativos/Modulo Viáticos/Eliminar Viàticos/li_Listado de Viaticos (act)' is clickable

2021-12-01 12:24:47 - [TEST_STEP][PASSED] - sendKeys(findTestObject("Modulo Actos Administrativos/Modulo Viáticos/Eliminar Viàticos/input_ADMINISTRADOR DEL SISTEMA - SARA_form_templatej_idt24_input"), Keys.chord(ENTER)): Keys 'ENTER + ' sent to object: 'Object Repository/Modulo Actos Administrativos/Modulo Viáticos/Eliminar Viàticos/input_ADMINISTRADOR DEL SISTEMA - SARA_form_templatej_idt24_input'

2021-12-01 12:24:48 - [MESSAGE][PASSED] - Keys 'ENTER + ' sent to object: 'Object Repository/Modulo Actos Administrativos/Modulo Viáticos/Eliminar Viàticos/input_ADMINISTRADOR DEL SISTEMA - SARA_form_templatej_idt24_input'

2021-12-01 12:24:48 - [TEST_STEP][PASSED] - waitForElementClickable(findTestObject("Modulo Actos Administrativos/Modulo Viáticos/Eliminar Viàticos/select_--Seleccione--AnuladoAutorizadaDerogadaNo AutorizadaProgramadaSolicitado"), 0): Object 'Object Repository/Modulo Actos Administrativos/Modulo Viáticos/Eliminar Viàticos/select_--Seleccione--AnuladoAutorizadaDerogadaNo AutorizadaProgramadaSolicitado' is clickable

2021-12-01 12:24:48 - [MESSAGE][WARNING] - Timeout '0' is invalid. Using default page load timeout: '30'

2021-12-01 12:24:49 - [MESSAGE][PASSED] - Object 'Object Repository/Modulo Actos Administrativos/Modulo Viáticos/Eliminar Viàticos/select_--Seleccione--AnuladoAutorizadaDerogadaNo AutorizadaProgramadaSolicitado' is clickable

2021-12-01 12:24:49 - [TEST_STEP][PASSED] - selectOptionByIndex(findTestObject("Modulo Actos Administrativos/Modulo Viáticos/Eliminar Viàticos/select_--Seleccione--AnuladoAutorizadaDerogadaNo AutorizadaProgramadaSolicitado"), 5): All options with index in [5] are selected on object 'Object Repository/Modulo Actos Administrativos/Modulo Viáticos/Eliminar Viàticos/select_--Seleccione--AnuladoAutorizadaDerogadaNo AutorizadaProgramadaSolicitado'

2021-12-01 12:24:50 - [MESSAGE][PASSED] - All options with index in [5] are selected on object 'Object Repository/Modulo Actos Administrativos/Modulo Viáticos/Eliminar Viàticos/select_--Seleccione--AnuladoAutorizadaDerogadaNo AutorizadaProgramadaSolicitado'

2021-12-01 12:24:50 - [TEST_STEP][PASSED] - click(findTestObject("Modulo Actos Administrativos/Modulo Viáticos/Eliminar Viàticos/a_Nuevo")): Object: 'Object Repository/Modulo Actos Administrativos/Modulo Viáticos/Eliminar Viàticos/a_Nuevo' is clicked on

2021-12-01 12:24:51 - [MESSAGE][PASSED] - Object: 'Object Repository/Modulo Actos Administrativos/Modulo Viáticos/Eliminar Viàticos/a_Nuevo' is clicked on

2021-12-01 12:24:51 - [TEST_STEP][PASSED] - click(findTestObject("Modulo Actos Administrativos/Modulo Viáticos/Eliminar Viàticos/span_Modificar una solicitud de vitico")): Object: 'Object Repository/Modulo Actos Administrativos/Modulo Viáticos/Eliminar Viàticos/span_Modificar una solicitud de vitico' is clicked on

2021-12-01 12:24:52 - [MESSAGE][PASSED] - Object: 'Object Repository/Modulo Actos Administrativos/Modulo Viáticos/Eliminar Viàticos/span_Modificar una solicitud de vitico' is clicked on

2021-12-01 12:24:52 - [TEST_STEP][PASSED] - setText(findTestObject("Modulo Actos Administrativos/Modulo Viáticos/Eliminar Viàticos/input_Documento_form_listadoviaticosfechaViat_input"), "01/07/2021"): Text '01/07/2021' is set on object 'Object Repository/Modulo Actos Administrativos/Modulo Viáticos/Eliminar Viàticos/input_Documento_form_listadoviaticosfechaViat_input'

2021-12-01 12:24:53 - [MESSAGE][PASSED] - Text '01/07/2021' is set on object 'Object Repository/Modulo Actos Administrativos/Modulo Viáticos/Eliminar Viàticos/input_Documento_form_listadoviaticosfechaViat_input'

2021-12-01 12:24:53 - [TEST_STEP][PASSED] - sendKeys(findTestObject("Modulo Actos Administrativos/Modulo Viáticos/Eliminar Viàticos/input_Documento_form_listadoviaticosfechaViat_input"), Keys.chord(ENTER)): Keys 'ENTER + ' sent to object: 'Object Repository/Modulo Actos Administrativos/Modulo Viáticos/Eliminar Viàticos/input_Documento_form_listadoviaticosfechaViat_input'

2021-12-01 12:24:54 - [MESSAGE][PASSED] - Keys 'ENTER + ' sent to object: 'Object Repository/Modulo Actos Administrativos/Modulo Viáticos/Eliminar Viàticos/input_Documento_form_listadoviaticosfechaViat_input'

2021-12-01 12:24:54 - [TEST_STEP][PASSED] - sendKeys(findTestObject("Modulo Actos Administrativos/Modulo Viáticos/Eliminar Viàticos/input_Documento_form_listadoviaticosfechaViat_input"), Keys.chord(ESCAPE)): Keys 'ESCAPE + ' sent to object: 'Object Repository/Modulo Actos Administrativos/Modulo Viáticos/Eliminar Viàticos/input_Documento_form_listadoviaticosfechaViat_input'

2021-12-01 12:24:54 - [MESSAGE][PASSED] - Keys 'ESCAPE + ' sent to object: 'Object Repository/Modulo Actos Administrativos/Modulo Viáticos/Eliminar Viàticos/input_Documento_form_listadoviaticosfechaViat_input'

2021-12-01 12:24:54 - [TEST_STEP][PASSED] - if (waitForElementClickable(findTestObject("Modulo Actos Administrativos/Modulo Viáticos/Eliminar Viàticos/td_01072021"), 1)): null

2021-12-01 12:24:55 - [MESSAGE][PASSED] - Object 'Object Repository/Modulo Actos Administrativos/Modulo Viáticos/Eliminar Viàticos/td_01072021' is clickable

2021-12-01 12:24:55 - [TEST_STEP][PASSED] - click(findTestObject("Modulo Actos Administrativos/Modulo Viáticos/Eliminar Viàticos/td_01072021")): Object: 'Object Repository/Modulo Actos Administrativos/Modulo Viáticos/Eliminar Viàticos/td_01072021' is clicked on

2021-12-01 12:24:55 - [MESSAGE][PASSED] - Object: 'Object Repository/Modulo Actos Administrativos/Modulo Viáticos/Eliminar Viàticos/td_01072021' is clicked on

2021-12-01 12:24:55 - [TEST_STEP][PASSED] - waitForElementClickable(findTestObject("Modulo Actos Administrativos/Modulo Viáticos/Eliminar Viàticos/input_Fecha_form_detalleviaticosFechaNumero_input"), 0): Object 'Object Repository/Modulo Actos Administrativos/Modulo Viáticos/Eliminar Viàticos/input_Fecha_form_detalleviaticosFechaNumero_input' is clickable

2021-12-01 12:24:55 - [MESSAGE][WARNING] - Timeout '0' is invalid. Using default page load timeout: '30'

2021-12-01 12:24:58 - [MESSAGE][PASSED] - Object 'Object Repository/Modulo Actos Administrativos/Modulo Viáticos/Eliminar Viàticos/input_Fecha_form_detalleviaticosFechaNumero_input' is clickable

2021-12-01 12:24:58 - [TEST_STEP][PASSED] - setText(findTestObject("Modulo Actos Administrativos/Modulo Viáticos/Eliminar Viàticos/input_Fecha_form_detalleviaticosFechaNumero_input"), "01/07/2021"): Text '01/07/2021' is set on object 'Object Repository/Modulo Actos Administrativos/Modulo Viáticos/Eliminar Viàticos/input_Fecha_form_detalleviaticosFechaNumero_input'

2021-12-01 12:24:58 - [MESSAGE][PASSED] - Text '01/07/2021' is set on object 'Object Repository/Modulo Actos Administrativos/Modulo Viáticos/Eliminar Viàticos/input_Fecha_form_detalleviaticosFechaNumero_input'

2021-12-01 12:24:58 - [TEST_STEP][PASSED] - setText(findTestObject("Modulo Actos Administrativos/Modulo Viáticos/Eliminar Viàticos/input_Nmero_form_detalleviaticosNumero"), "5"): Text '5' is set on object 'Object Repository/Modulo Actos Administrativos/Modulo Viáticos/Eliminar Viàticos/input_Nmero_form_detalleviaticosNumero'

2021-12-01 12:24:59 - [MESSAGE][PASSED] - Text '5' is set on object 'Object Repository/Modulo Actos Administrativos/Modulo Viáticos/Eliminar Viàticos/input_Nmero_form_detalleviaticosNumero'

2021-12-01 12:24:59 - [TEST_STEP][PASSED] - click(findTestObject("Modulo Actos Administrativos/Modulo Viáticos/Eliminar Viàticos/a_Guardar")): Object: 'Object Repository/Modulo Actos Administrativos/Modulo Viáticos/Eliminar Viàticos/a_Guardar' is clicked on

2021-12-01 12:25:00 - [MESSAGE][PASSED] - Object: 'Object Repository/Modulo Actos Administrativos/Modulo Viáticos/Eliminar Viàticos/a_Guardar' is clicked on

2021-12-01 12:25:00 - [TEST_STEP][PASSED] - click(findTestObject("Modulo Actos Administrativos/Modulo Viáticos/Eliminar Viàticos/a_Complementario")): Object: 'Object Repository/Modulo Actos Administrativos/Modulo Viáticos/Eliminar Viàticos/a_Complementario' is clicked on

2021-12-01 12:25:01 - [MESSAGE][PASSED] - Object: 'Object Repository/Modulo Actos Administrativos/Modulo Viáticos/Eliminar Viàticos/a_Complementario' is clicked on

2021-12-01 12:25:01 - [TEST_STEP][PASSED] - if (waitForElementClickable(findTestObject("Modulo Actos Administrativos/Modulo Viáticos/Eliminar Viàticos/td_QUINTERO 45 EMPLEADO"), 1)): null

2021-12-01 12:25:01 - [MESSAGE][PASSED] - Object 'Object Repository/Modulo Actos Administrativos/Modulo Viáticos/Eliminar Viàticos/td_QUINTERO 45 EMPLEADO' is clickable

2021-12-01 12:25:01 - [TEST_STEP][PASSED] - click(findTestObject("Modulo Actos Administrativos/Modulo Viáticos/Eliminar Viàticos/td_QUINTERO 45 EMPLEADO")): Object: 'Object Repository/Modulo Actos Administrativos/Modulo Viáticos/Eliminar Viàticos/td_QUINTERO 45 EMPLEADO' is clicked on

2021-12-01 12:25:02 - [MESSAGE][PASSED] - Object: 'Object Repository/Modulo Actos Administrativos/Modulo Viáticos/Eliminar Viàticos/td_QUINTERO 45 EMPLEADO' is clicked on

2021-12-01 12:25:02 - [TEST_STEP][PASSED] - click(findTestObject("Modulo Actos Administrativos/Modulo Viáticos/Eliminar Viàticos/a_Eliminar_Complementario")): Object: 'Object Repository/Modulo Actos Administrativos/Modulo Viáticos/Eliminar Viàticos/a_Eliminar_Complementario' is clicked on

2021-12-01 12:25:02 - [MESSAGE][PASSED] - Object: 'Object Repository/Modulo Actos Administrativos/Modulo Viáticos/Eliminar Viàticos/a_Eliminar_Complementario' is clicked on

2021-12-01 12:25:02 - [TEST_STEP][PASSED] - click(findTestObject("Modulo Actos Administrativos/Modulo Viáticos/Eliminar Viàticos/span_Si")): Object: 'Object Repository/Modulo Actos Administrativos/Modulo Viáticos/Eliminar Viàticos/span_Si' is clicked on

2021-12-01 12:25:03 - [MESSAGE][PASSED] - Object: 'Object Repository/Modulo Actos Administrativos/Modulo Viáticos/Eliminar Viàticos/span_Si' is clicked on

2021-12-01 12:25:03 - [TEST_STEP][PASSED] - click(findTestObject("Modulo Actos Administrativos/Modulo Viáticos/Eliminar Viàticos/a_Costos")): Object: 'Object Repository/Modulo Actos Administrativos/Modulo Viáticos/Eliminar Viàticos/a_Costos' is clicked on

2021-12-01 12:25:04 - [MESSAGE][PASSED] - Object: 'Object Repository/Modulo Actos Administrativos/Modulo Viáticos/Eliminar Viàticos/a_Costos' is clicked on

2021-12-01 12:25:04 - [TEST_STEP][PASSED] - if (waitForElementClickable(findTestObject("Modulo Actos Administrativos/Modulo Viáticos/Eliminar Viàticos/td_QUINTERO 5 EMPLEADO"), 1)): null

2021-12-01 12:25:05 - [MESSAGE][PASSED] - Object 'Object Repository/Modulo Actos Administrativos/Modulo Viáticos/Eliminar Viàticos/td_QUINTERO 5 EMPLEADO' is clickable

2021-12-01 12:25:05 - [TEST_STEP][PASSED] - click(findTestObject("Modulo Actos Administrativos/Modulo Viáticos/Eliminar Viàticos/td_QUINTERO 5 EMPLEADO")): Object: 'Object Repository/Modulo Actos Administrativos/Modulo Viáticos/Eliminar Viàticos/td_QUINTERO 5 EMPLEADO' is clicked on

2021-12-01 12:25:05 - [MESSAGE][PASSED] - Object: 'Object Repository/Modulo Actos Administrativos/Modulo Viáticos/Eliminar Viàticos/td_QUINTERO 5 EMPLEADO' is clicked on

2021-12-01 12:25:05 - [TEST_STEP][PASSED] - click(findTestObject("Modulo Actos Administrativos/Modulo Viáticos/Eliminar Viàticos/a_Eliminar")): Object: 'Object Repository/Modulo Actos Administrativos/Modulo Viáticos/Eliminar Viàticos/a_Eliminar' is clicked on

2021-12-01 12:25:06 - [MESSAGE][PASSED] - Object: 'Object Repository/Modulo Actos Administrativos/Modulo Viáticos/Eliminar Viàticos/a_Eliminar' is clicked on

2021-12-01 12:25:06 - [TEST_STEP][PASSED] - click(findTestObject("Modulo Actos Administrativos/Modulo Viáticos/Eliminar Viàticos/a_Programacin")): Object: 'Object Repository/Modulo Actos Administrativos/Modulo Viáticos/Eliminar Viàticos/a_Programacin' is clicked on

2021-12-01 12:25:07 - [MESSAGE][PASSED] - Object: 'Object Repository/Modulo Actos Administrativos/Modulo Viáticos/Eliminar Viàticos/a_Programacin' is clicked on

2021-12-01 12:25:07 - [TEST_STEP][PASSED] - if (waitForElementClickable(findTestObject("Modulo Actos Administrativos/Modulo Viáticos/Eliminar Viàticos/td_5"), 1)): null

2021-12-01 12:25:07 - [MESSAGE][PASSED] - Object 'Object Repository/Modulo Actos Administrativos/Modulo Viáticos/Eliminar Viàticos/td_5' is clickable

2021-12-01 12:25:07 - [TEST_STEP][PASSED] - click(findTestObject("Modulo Actos Administrativos/Modulo Viáticos/Eliminar Viàticos/td_5")): Object: 'Object Repository/Modulo Actos Administrativos/Modulo Viáticos/Eliminar Viàticos/td_5' is clicked on

2021-12-01 12:25:08 - [MESSAGE][PASSED] - Object: 'Object Repository/Modulo Actos Administrativos/Modulo Viáticos/Eliminar Viàticos/td_5' is clicked on

2021-12-01 12:25:08 - [TEST_STEP][PASSED] - waitForElementClickable(findTestObject("Modulo Actos Administrativos/Modulo Viáticos/Eliminar Viàticos/a_Archivo"), 0): Object 'Object Repository/Modulo Actos Administrativos/Modulo Viáticos/Eliminar Viàticos/a_Archivo' is clickable

2021-12-01 12:25:08 - [MESSAGE][WARNING] - Timeout '0' is invalid. Using default page load timeout: '30'

2021-12-01 12:25:08 - [MESSAGE][PASSED] - Object 'Object Repository/Modulo Actos Administrativos/Modulo Viáticos/Eliminar Viàticos/a_Archivo' is clickable

2021-12-01 12:25:08 - [TEST_STEP][PASSED] - click(findTestObject("Modulo Actos Administrativos/Modulo Viáticos/Eliminar Viàticos/a_Archivo")): Object: 'Object Repository/Modulo Actos Administrativos/Modulo Viáticos/Eliminar Viàticos/a_Archivo' is clicked on

2021-12-01 12:25:09 - [MESSAGE][PASSED] - Object: 'Object Repository/Modulo Actos Administrativos/Modulo Viáticos/Eliminar Viàticos/a_Archivo' is clicked on

2021-12-01 12:25:09 - [TEST_STEP][PASSED] - click(findTestObject("Modulo Actos Administrativos/Modulo Viáticos/Eliminar Viàticos/a_Eliminar_ archivo")): Object: 'Object Repository/Modulo Actos Administrativos/Modulo Viáticos/Eliminar Viàticos/a_Eliminar_ archivo' is clicked on

2021-12-01 12:25:11 - [MESSAGE][PASSED] - Object: 'Object Repository/Modulo Actos Administrativos/Modulo Viáticos/Eliminar Viàticos/a_Eliminar_ archivo' is clicked on

2021-12-01 12:25:11 - [TEST_STEP][PASSED] - click(findTestObject("Modulo Actos Administrativos/Modulo Viáticos/Eliminar Viàticos/a_Aceptar")): Object: 'Object Repository/Modulo Actos Administrativos/Modulo Viáticos/Eliminar Viàticos/a_Aceptar' is clicked on

2021-12-01 12:25:13 - [MESSAGE][PASSED] - Object: 'Object Repository/Modulo Actos Administrativos/Modulo Viáticos/Eliminar Viàticos/a_Aceptar' is clicked on

2021-12-01 12:25:13 - [TEST_STEP][PASSED] - waitForElementClickable(findTestObject("Modulo Actos Administrativos/Modulo Viáticos/Eliminar Viàticos/a_Otras Entidades"), 0): Object 'Object Repository/Modulo Actos Administrativos/Modulo Viáticos/Eliminar Viàticos/a_Otras Entidades' is clickable

2021-12-01 12:25:13 - [MESSAGE][WARNING] - Timeout '0' is invalid. Using default page load timeout: '30'

2021-12-01 12:25:13 - [MESSAGE][PASSED] - Object 'Object Repository/Modulo Actos Administrativos/Modulo Viáticos/Eliminar Viàticos/a_Otras Entidades' is clickable

2021-12-01 12:25:13 - [TEST_STEP][PASSED] - click(findTestObject("Modulo Actos Administrativos/Modulo Viáticos/Eliminar Viàticos/a_Otras Entidades")): Object: 'Object Repository/Modulo Actos Administrativos/Modulo Viáticos/Eliminar Viàticos/a_Otras Entidades' is clicked on

2021-12-01 12:25:14 - [MESSAGE][PASSED] - Object: 'Object Repository/Modulo Actos Administrativos/Modulo Viáticos/Eliminar Viàticos/a_Otras Entidades' is clicked on

2021-12-01 12:25:14 - [TEST_STEP][PASSED] - click(findTestObject("Modulo Actos Administrativos/Modulo Viáticos/Eliminar Viàticos/a_Eliminar_Otras Entidades")): Object: 'Object Repository/Modulo Actos Administrativos/Modulo Viáticos/Eliminar Viàticos/a_Eliminar_Otras Entidades' is clicked on

2021-12-01 12:25:14 - [MESSAGE][PASSED] - Object: 'Object Repository/Modulo Actos Administrativos/Modulo Viáticos/Eliminar Viàticos/a_Eliminar_Otras Entidades' is clicked on

2021-12-01 12:25:14 - [TEST_STEP][PASSED] - click(findTestObject("Modulo Actos Administrativos/Modulo Viáticos/Eliminar Viàticos/span_Si_Eliminar_Otras Entidades")): Object: 'Object Repository/Modulo Actos Administrativos/Modulo Viáticos/Eliminar Viàticos/span_Si_Eliminar_Otras Entidades' is clicked on

2021-12-01 12:25:15 - [MESSAGE][PASSED] - Object: 'Object Repository/Modulo Actos Administrativos/Modulo Viáticos/Eliminar Viàticos/span_Si_Eliminar_Otras Entidades' is clicked on

2021-12-01 12:25:15 - [TEST_STEP][PASSED] - click(findTestObject("Modulo Actos Administrativos/Modulo Viáticos/Eliminar Viàticos/a_Entidades Vigiladas")): Object: 'Object Repository/Modulo Actos Administrativos/Modulo Viáticos/Eliminar Viàticos/a_Entidades Vigiladas' is clicked on

2021-12-01 12:25:16 - [MESSAGE][PASSED] - Object: 'Object Repository/Modulo Actos Administrativos/Modulo Viáticos/Eliminar Viàticos/a_Entidades Vigiladas' is clicked on

2021-12-01 12:25:16 - [TEST_STEP][PASSED] - click(findTestObject("Modulo Actos Administrativos/Modulo Viáticos/Eliminar Viàticos/a_eliminar_Entidades Vigiladas")): Object: 'Object Repository/Modulo Actos Administrativos/Modulo Viáticos/Eliminar Viàticos/a_eliminar_Entidades Vigiladas' is clicked on

2021-12-01 12:25:17 - [MESSAGE][PASSED] - Object: 'Object Repository/Modulo Actos Administrativos/Modulo Viáticos/Eliminar Viàticos/a_eliminar_Entidades Vigiladas' is clicked on

2021-12-01 12:25:17 - [TEST_STEP][PASSED] - click(findTestObject("Modulo Actos Administrativos/Modulo Viáticos/Eliminar Viàticos/span_Si_Eliminar Entidades vigiladas")): Object: 'Object Repository/Modulo Actos Administrativos/Modulo Viáticos/Eliminar Viàticos/span_Si_Eliminar Entidades vigiladas' is clicked on

2021-12-01 12:25:17 - [MESSAGE][PASSED] - Object: 'Object Repository/Modulo Actos Administrativos/Modulo Viáticos/Eliminar Viàticos/span_Si_Eliminar Entidades vigiladas' is clicked on

2021-12-01 12:25:17 - [TEST_STEP][PASSED] - waitForElementClickable(findTestObject("Modulo Actos Administrativos/Modulo Viáticos/Eliminar Viàticos/a_Detalle"), 0): Object 'Object Repository/Modulo Actos Administrativos/Modulo Viáticos/Eliminar Viàticos/a_Detalle' is clickable

2021-12-01 12:25:18 - [MESSAGE][WARNING] - Timeout '0' is invalid. Using default page load timeout: '30'

2021-12-01 12:25:18 - [MESSAGE][PASSED] - Object 'Object Repository/Modulo Actos Administrativos/Modulo Viáticos/Eliminar Viàticos/a_Detalle' is clickable

2021-12-01 12:25:18 - [TEST_STEP][PASSED] - click(findTestObject("Modulo Actos Administrativos/Modulo Viáticos/Eliminar Viàticos/a_Detalle")): Object: 'Object Repository/Modulo Actos Administrativos/Modulo Viáticos/Eliminar Viàticos/a_Detalle' is clicked on

2021-12-01 12:25:19 - [MESSAGE][PASSED] - Object: 'Object Repository/Modulo Actos Administrativos/Modulo Viáticos/Eliminar Viàticos/a_Detalle' is clicked on

2021-12-01 12:25:19 - [TEST_STEP][PASSED] - click(findTestObject("Modulo Actos Administrativos/Modulo Viáticos/Eliminar Viàticos/a_Eliminar_Programacion")): Object: 'Object Repository/Modulo Actos Administrativos/Modulo Viáticos/Eliminar Viàticos/a_Eliminar_Programacion' is clicked on

2021-12-01 12:25:20 - [MESSAGE][PASSED] - Object: 'Object Repository/Modulo Actos Administrativos/Modulo Viáticos/Eliminar Viàticos/a_Eliminar_Programacion' is clicked on

2021-12-01 12:25:20 - [TEST_STEP][PASSED] - click(findTestObject("Modulo Actos Administrativos/Modulo Viáticos/Eliminar Viàticos/span_Si_eliminar Programacion")): Object: 'Object Repository/Modulo Actos Administrativos/Modulo Viáticos/Eliminar Viàticos/span_Si_eliminar Programacion' is clicked on

2021-12-01 12:25:20 - [MESSAGE][PASSED] - Object: 'Object Repository/Modulo Actos Administrativos/Modulo Viáticos/Eliminar Viàticos/span_Si_eliminar Programacion' is clicked on

2021-12-01 12:25:20 - [TEST_STEP][PASSED] - waitForElementClickable(findTestObject("Modulo Actos Administrativos/Modulo Viáticos/Eliminar Viàticos/a_Registro"), 0): Object 'Object Repository/Modulo Actos Administrativos/Modulo Viáticos/Eliminar Viàticos/a_Registro' is clickable

2021-12-01 12:25:20 - [MESSAGE][WARNING] - Timeout '0' is invalid. Using default page load timeout: '30'

2021-12-01 12:25:21 - [MESSAGE][PASSED] - Object 'Object Repository/Modulo Actos Administrativos/Modulo Viáticos/Eliminar Viàticos/a_Registro' is clickable

2021-12-01 12:25:21 - [TEST_STEP][PASSED] - click(findTestObject("Modulo Actos Administrativos/Modulo Viáticos/Eliminar Viàticos/a_Registro")): Object: 'Object Repository/Modulo Actos Administrativos/Modulo Viáticos/Eliminar Viàticos/a_Registro' is clicked on

2021-12-01 12:25:21 - [MESSAGE][PASSED] - Object: 'Object Repository/Modulo Actos Administrativos/Modulo Viáticos/Eliminar Viàticos/a_Registro' is clicked on

2021-12-01 12:25:21 - [TEST_STEP][PASSED] - click(findTestObject("Modulo Actos Administrativos/Modulo Viáticos/Eliminar Viàticos/a_Eliminar_Viatico")): Object: 'Object Repository/Modulo Actos Administrativos/Modulo Viáticos/Eliminar Viàticos/a_Eliminar_Viatico' is clicked on

2021-12-01 12:25:22 - [MESSAGE][PASSED] - Object: 'Object Repository/Modulo Actos Administrativos/Modulo Viáticos/Eliminar Viàticos/a_Eliminar_Viatico' is clicked on

2021-12-01 12:25:22 - [TEST_STEP][PASSED] - click(findTestObject("Modulo Actos Administrativos/Modulo Viáticos/Eliminar Viàticos/span_Si_Eliminar_viatico")): Object: 'Object Repository/Modulo Actos Administrativos/Modulo Viáticos/Eliminar Viàticos/span_Si_Eliminar_viatico' is clicked on

2021-12-01 12:25:23 - [MESSAGE][PASSED] - Object: 'Object Repository/Modulo Actos Administrativos/Modulo Viáticos/Eliminar Viàticos/span_Si_Eliminar_viatico' is clicked on]]></system-out>
         <system-err><![CDATA[]]></system-err>
      </testcase>
      <testcase name="Test Cases/1.1-Tareas Principales/Listado hojas de Vida" time="15.203" classname="Test Cases/1.1-Tareas Principales/Listado hojas de Vida" status="PASSED">
         <system-out><![CDATA[2021-12-01 12:25:23 - [TEST_CASE][PASSED] - Test Cases/1.1-Tareas Principales/Listado hojas de Vida: Test Cases/1.1-Tareas Principales/Listado hojas de Vida

2021-12-01 12:25:23 - [TEST_STEP][PASSED] - callTestCase(findTestCase("0.1-Login"), [:], STOP_ON_FAILURE): Call Test Case 'Test Cases/0.1-Login' successfully

2021-12-01 12:25:23 - [TEST_CASE][PASSED] - Test Cases/0.1-Login: Test Cases/0.1-Login

2021-12-01 12:25:23 - [TEST_STEP][PASSED] - openBrowser(""): Browser is opened with url: ''

2021-12-01 12:25:23 - [MESSAGE][WARNING] - A browser is already opened. Closing browser and opening a new one

2021-12-01 12:25:24 - [MESSAGE][INFO] - Starting 'Chrome' driver

2021-12-01 12:25:24 - [MESSAGE][INFO] - Action delay is set to 0 milliseconds

2021-12-01 12:25:25 - [MESSAGE][PASSED] - Browser is opened with url: ''

2021-12-01 12:25:25 - [TEST_STEP][PASSED] - maximizeWindow(): Current window maximized

2021-12-01 12:25:25 - [MESSAGE][PASSED] - Current window maximized

2021-12-01 12:25:25 - [TEST_STEP][PASSED] - i = G_Login: null

2021-12-01 12:25:25 - [TEST_STEP][PASSED] - url = new java.net.URL(i): null

2021-12-01 12:25:25 - [TEST_STEP][PASSED] - println("URL: " + url.toString()): null

2021-12-01 12:25:25 - [TEST_STEP][PASSED] - connection = url.openConnection(): null

2021-12-01 12:25:25 - [TEST_STEP][PASSED] - connection.setRequestMethod("GET"): null

2021-12-01 12:25:25 - [TEST_STEP][PASSED] - connection.setReadTimeout(2 * 1000): null

2021-12-01 12:25:25 - [TEST_STEP][PASSED] - try: null

2021-12-01 12:25:25 - [TEST_STEP][PASSED] - connection.connect(): null

2021-12-01 12:25:25 - [TEST_STEP][PASSED] - flag = connected: null

2021-12-01 12:25:25 - [TEST_STEP][PASSED] - println("Valor_ori: " + flag): null

2021-12-01 12:25:25 - [TEST_STEP][PASSED] - if (flag): null

2021-12-01 12:25:25 - [TEST_STEP][PASSED] - navigateToUrl(i): Navigate to 'http://localhost:8380/saraweb/' successfully

2021-12-01 12:25:26 - [MESSAGE][PASSED] - Navigate to 'http://localhost:8380/saraweb/' successfully

2021-12-01 12:25:26 - [TEST_STEP][PASSED] - a(): null

2021-12-01 12:25:26 - [TEST_STEP][PASSED] - setText(findTestObject("Login/input_USUARIO_loginusuario"), G_Usuario): Text 'saraadmin' is set on object 'Object Repository/Login/input_USUARIO_loginusuario'

2021-12-01 12:25:27 - [MESSAGE][PASSED] - Text 'saraadmin' is set on object 'Object Repository/Login/input_USUARIO_loginusuario'

2021-12-01 12:25:27 - [TEST_STEP][PASSED] - setEncryptedText(findTestObject("Login/input_CLAVE_loginpassword"), "MkG4/TYiCFC3cb2driP7+Q=="): Text ****** has been set on object 'Object Repository/Login/input_CLAVE_loginpassword'

2021-12-01 12:25:28 - [MESSAGE][PASSED] - Text ****** has been set on object 'Object Repository/Login/input_CLAVE_loginpassword'

2021-12-01 12:25:28 - [TEST_STEP][PASSED] - waitForElementClickable(findTestObject("Login/a_Ingresar"), G_TimeOut): Object 'Object Repository/Login/a_Ingresar' is clickable

2021-12-01 12:25:28 - [MESSAGE][PASSED] - Object 'Object Repository/Login/a_Ingresar' is clickable

2021-12-01 12:25:28 - [TEST_STEP][PASSED] - click(findTestObject("Login/a_Ingresar")): Object: 'Object Repository/Login/a_Ingresar' is clicked on

2021-12-01 12:25:32 - [MESSAGE][PASSED] - Object: 'Object Repository/Login/a_Ingresar' is clicked on

2021-12-01 12:25:32 - [TEST_STEP][PASSED] - element = findWebElement(findTestObject("Login/a_Ir"), 30): null

2021-12-01 12:25:33 - [TEST_STEP][PASSED] - executeJavaScript("arguments[0].click()", Arrays.asList(element)): Execute JavaScript 'arguments[0].click()' successfully

2021-12-01 12:25:33 - [MESSAGE][PASSED] - Execute JavaScript 'arguments[0].click()' successfully

2021-12-01 12:25:33 - [MESSAGE][PASSED] - Call Test Case 'Test Cases/0.1-Login' successfully

2021-12-01 12:25:33 - [TEST_STEP][PASSED] - waitForElementClickable(findTestObject("Modulo Tarea Listado Hojas de Vida/Tareas Listado Hojas de Vida/input_Listado Hojas De Vida_form_templatej_idt24_input"), G_TimeOut): Object 'Object Repository/Modulo Tarea Listado Hojas de Vida/Tareas Listado Hojas de Vida/input_Listado Hojas De Vida_form_templatej_idt24_input' is clickable

2021-12-01 12:25:34 - [MESSAGE][PASSED] - Object 'Object Repository/Modulo Tarea Listado Hojas de Vida/Tareas Listado Hojas de Vida/input_Listado Hojas De Vida_form_templatej_idt24_input' is clickable

2021-12-01 12:25:34 - [TEST_STEP][PASSED] - setText(findTestObject("Modulo Tarea Listado Hojas de Vida/Tareas Listado Hojas de Vida/input_Listado Hojas De Vida_form_templatej_idt24_input"), "Listado Hojas de Vida"): Text 'Listado Hojas de Vida' is set on object 'Object Repository/Modulo Tarea Listado Hojas de Vida/Tareas Listado Hojas de Vida/input_Listado Hojas De Vida_form_templatej_idt24_input'

2021-12-01 12:25:35 - [MESSAGE][PASSED] - Text 'Listado Hojas de Vida' is set on object 'Object Repository/Modulo Tarea Listado Hojas de Vida/Tareas Listado Hojas de Vida/input_Listado Hojas De Vida_form_templatej_idt24_input'

2021-12-01 12:25:35 - [TEST_STEP][PASSED] - delay(3): Delayed 3 second(s)

2021-12-01 12:25:38 - [MESSAGE][PASSED] - Delayed 3 second(s)

2021-12-01 12:25:38 - [TEST_STEP][PASSED] - sendKeys(findTestObject("Modulo Tarea Listado Hojas de Vida/Tareas Listado Hojas de Vida/input_Listado Hojas De Vida_form_templatej_idt24_input"), Keys.chord(ENTER)): Keys 'ENTER + ' sent to object: 'Object Repository/Modulo Tarea Listado Hojas de Vida/Tareas Listado Hojas de Vida/input_Listado Hojas De Vida_form_templatej_idt24_input'

2021-12-01 12:25:38 - [MESSAGE][PASSED] - Keys 'ENTER + ' sent to object: 'Object Repository/Modulo Tarea Listado Hojas de Vida/Tareas Listado Hojas de Vida/input_Listado Hojas De Vida_form_templatej_idt24_input']]></system-out>
         <system-err><![CDATA[]]></system-err>
      </testcase>
      <system-out><![CDATA[2021-12-01 11:45:21 - [TEST_SUITE][PASSED] - Tareas Principales: Test Cases/1.1-Tareas Principales/Listado hojas de Vida]]></system-out>
      <system-err><![CDATA[]]></system-err>
   </testsuite>
</testsuites>
