<?xml version="1.0" encoding="UTF-8"?>
<testsuites name="3-Pruebas_Bienestar" time="659.315" tests="18" failures="1" errors="0">
   <testsuite name="3-Pruebas_Bienestar" tests="18" failures="1" errors="0" time="659.315" skipped="0" timestamp="2022-02-23 11:27:25" hostname="diego.rojas - US-AF-000371" id="Test Suites/3-Pruebas_Bienestar">
      <properties>
         <property name="deviceName" value=""/>
         <property name="devicePlatform" value=""/>
         <property name="logFolder" value="C:\\Users\\diego.rojas\\git\\Pruebas-Minimas\\Reports\\20220223_112127\\3-Pruebas_Bienestar\\20220223_112146"/>
         <property name="logFiles" value="C:\\Users\\diego.rojas\\git\\Pruebas-Minimas\\Reports\\20220223_112127\\3-Pruebas_Bienestar\\20220223_112146\\execution0.log"/>
         <property name="attachments" value="C:\\Users\\diego.rojas\\git\\Pruebas-Minimas\\Reports\\20220223_112127\\3-Pruebas_Bienestar\\20220223_112146\\1645634124119.png"/>
         <property name="hostName" value="diego.rojas - US-AF-000371"/>
         <property name="os" value="Windows 10 64bit"/>
         <property name="katalonVersion" value="8.2.5.208"/>
         <property name="browser" value="Chrome 98.0.4758.102"/>
         <property name="hostAddress" value="192.168.56.1"/>
         <property name="sessionId" value="b9db18bf5e0d09436764a3180f7135fe"/>
         <property name="seleniumVersion" value="3.141.59"/>
         <property name="proxyInformation" value="ProxyInformation { proxyOption=NO_PROXY, proxyServerType=HTTP, username=, password=********, proxyServerAddress=, proxyServerPort=0, executionList=&quot;&quot;, isApplyToDesiredCapabilities=true }"/>
         <property name="platform" value="Windows 10"/>
      </properties>
      <testcase name="Test Cases/3.1-Pruebas_Bienestar/3.1.1-Crear_un_Evento" time="170.552" classname="Test Cases/3.1-Pruebas_Bienestar/3.1.1-Crear_un_Evento" status="PASSED">
         <system-out><![CDATA[2022-02-23 11:27:25 - [TEST_CASE][PASSED] - Test Cases/3.1-Pruebas_Bienestar/3.1.1-Crear_un_Evento: Test Cases/3.1-Pruebas_Bienestar/3.1.1-Crear_un_Evento

2022-02-23 11:27:26 - [TEST_STEP][PASSED] - today = new java.util.Date(): null

2022-02-23 11:27:26 - [TEST_STEP][PASSED] - Dia = today.format("dd"): null

2022-02-23 11:27:26 - [TEST_STEP][PASSED] - Mes = today.format("MM"): null

2022-02-23 11:27:26 - [TEST_STEP][PASSED] - MesN = today.format("MM"): null

2022-02-23 11:27:26 - [TEST_STEP][PASSED] - Año = today.format("yyyy"): null

2022-02-23 11:27:26 - [TEST_STEP][PASSED] - AñoN = today.format("yyyy"): null

2022-02-23 11:27:26 - [TEST_STEP][PASSED] - sumaD = Dia + 10: null

2022-02-23 11:27:26 - [TEST_STEP][PASSED] - sumaM = Mes + 1: null

2022-02-23 11:27:26 - [TEST_STEP][PASSED] - sumaA = Año + 1: null

2022-02-23 11:27:26 - [TEST_STEP][PASSED] - if (sumaD > 30): null

2022-02-23 11:27:26 - [TEST_STEP][PASSED] - sumaD = sumaD - Dia: null

2022-02-23 11:27:26 - [TEST_STEP][PASSED] - Mes = sumaM: null

2022-02-23 11:27:26 - [TEST_STEP][PASSED] - if (sumaM > 12): null

2022-02-23 11:27:26 - [TEST_STEP][PASSED] - FechaI = Dia + "/" + MesN + "/" + AñoN: null

2022-02-23 11:27:26 - [TEST_STEP][PASSED] - FechaF = sumaD + "/" + Mes + "/" + Año: null

2022-02-23 11:27:26 - [TEST_STEP][PASSED] - callTestCase(findTestCase("Utilidades-(atajos_para _tareas)/Modulos/Modulo bienestar-eventos"), [:], STOP_ON_FAILURE): Call Test Case 'Test Cases/Utilidades-(atajos_para _tareas)/Modulos/Modulo bienestar-eventos' successfully

2022-02-23 11:27:26 - [TEST_CASE][PASSED] - Test Cases/Utilidades-(atajos_para _tareas)/Modulos/Modulo bienestar-eventos: Test Cases/Utilidades-(atajos_para _tareas)/Modulos/Modulo bienestar-eventos

2022-02-23 11:27:26 - [TEST_STEP][PASSED] - callTestCase(findTestCase("0.1-Login"), [:], STOP_ON_FAILURE): Call Test Case 'Test Cases/0.1-Login' successfully

2022-02-23 11:27:27 - [TEST_CASE][PASSED] - Test Cases/0.1-Login: Test Cases/0.1-Login

2022-02-23 11:27:27 - [TEST_STEP][PASSED] - openBrowser(""): Browser is opened with url: ''

2022-02-23 11:27:27 - [MESSAGE][INFO] - Starting 'Chrome' driver

2022-02-23 11:27:27 - [MESSAGE][INFO] - Action delay is set to 0 milliseconds

2022-02-23 11:27:30 - [MESSAGE][PASSED] - Browser is opened with url: ''

2022-02-23 11:27:30 - [TEST_STEP][PASSED] - maximizeWindow(): Current window maximized

2022-02-23 11:27:30 - [MESSAGE][PASSED] - Current window maximized

2022-02-23 11:27:30 - [TEST_STEP][PASSED] - i = G_Login: null

2022-02-23 11:27:30 - [TEST_STEP][PASSED] - url = new java.net.URL(i): null

2022-02-23 11:27:30 - [TEST_STEP][PASSED] - println("URL: " + url.toString()): null

2022-02-23 11:27:30 - [TEST_STEP][PASSED] - connection = url.openConnection(): null

2022-02-23 11:27:30 - [TEST_STEP][PASSED] - connection.setRequestMethod("GET"): null

2022-02-23 11:27:30 - [TEST_STEP][PASSED] - connection.setReadTimeout(2 * 1000): null

2022-02-23 11:27:30 - [TEST_STEP][PASSED] - try: null

2022-02-23 11:27:30 - [TEST_STEP][PASSED] - connection.connect(): null

2022-02-23 11:27:30 - [TEST_STEP][PASSED] - flag = connected: null

2022-02-23 11:27:30 - [TEST_STEP][PASSED] - println("Valor_ori: " + flag): null

2022-02-23 11:27:30 - [TEST_STEP][PASSED] - if (flag): null

2022-02-23 11:27:30 - [TEST_STEP][PASSED] - navigateToUrl(i): Navigate to 'http://192.168.2.80:8380/saraweb' successfully

2022-02-23 11:27:31 - [MESSAGE][PASSED] - Navigate to 'http://192.168.2.80:8380/saraweb' successfully

2022-02-23 11:27:31 - [TEST_STEP][PASSED] - a(): null

2022-02-23 11:27:31 - [TEST_STEP][PASSED] - setText(findTestObject("Login/input_USUARIO_loginusuario"), G_Usuario): Text 'saraadmin' is set on object 'Object Repository/Login/input_USUARIO_loginusuario'

2022-02-23 11:27:31 - [MESSAGE][PASSED] - Text 'saraadmin' is set on object 'Object Repository/Login/input_USUARIO_loginusuario'

2022-02-23 11:27:31 - [TEST_STEP][PASSED] - setEncryptedText(findTestObject("Login/input_CLAVE_loginpassword"), "MkG4/TYiCFC3cb2driP7+Q=="): Text ****** has been set on object 'Object Repository/Login/input_CLAVE_loginpassword'

2022-02-23 11:27:32 - [MESSAGE][PASSED] - Text ****** has been set on object 'Object Repository/Login/input_CLAVE_loginpassword'

2022-02-23 11:27:32 - [TEST_STEP][PASSED] - waitForElementClickable(findTestObject("Login/a_Ingresar"), G_TimeOut): Object 'Object Repository/Login/a_Ingresar' is clickable

2022-02-23 11:27:32 - [MESSAGE][PASSED] - Object 'Object Repository/Login/a_Ingresar' is clickable

2022-02-23 11:27:32 - [TEST_STEP][PASSED] - click(findTestObject("Login/a_Ingresar")): Object: 'Object Repository/Login/a_Ingresar' is clicked on

2022-02-23 11:27:35 - [MESSAGE][PASSED] - Object: 'Object Repository/Login/a_Ingresar' is clicked on

2022-02-23 11:27:35 - [TEST_STEP][PASSED] - element = findWebElement(findTestObject("Login/a_Ir"), 30): null

2022-02-23 11:27:35 - [TEST_STEP][PASSED] - executeJavaScript("arguments[0].click()", Arrays.asList(element)): Execute JavaScript 'arguments[0].click()' successfully

2022-02-23 11:27:35 - [MESSAGE][PASSED] - Execute JavaScript 'arguments[0].click()' successfully

2022-02-23 11:27:35 - [MESSAGE][PASSED] - Call Test Case 'Test Cases/0.1-Login' successfully

2022-02-23 11:27:35 - [TEST_STEP][PASSED] - waitForElementClickable(findTestObject("Modulo bienestar-eventos/input_ADMINISTRADOR DEL SISTEMA"), 0): Object 'Object Repository/Modulo bienestar-eventos/input_ADMINISTRADOR DEL SISTEMA' is clickable

2022-02-23 11:27:35 - [MESSAGE][WARNING] - Timeout '0' is invalid. Using default page load timeout: '30'

2022-02-23 11:27:36 - [MESSAGE][PASSED] - Object 'Object Repository/Modulo bienestar-eventos/input_ADMINISTRADOR DEL SISTEMA' is clickable

2022-02-23 11:27:36 - [TEST_STEP][PASSED] - setText(findTestObject("Modulo bienestar-eventos/input_ADMINISTRADOR DEL SISTEMA"), "eventos (bie)"): Text 'eventos (bie)' is set on object 'Object Repository/Modulo bienestar-eventos/input_ADMINISTRADOR DEL SISTEMA'

2022-02-23 11:27:37 - [MESSAGE][PASSED] - Text 'eventos (bie)' is set on object 'Object Repository/Modulo bienestar-eventos/input_ADMINISTRADOR DEL SISTEMA'

2022-02-23 11:27:37 - [TEST_STEP][PASSED] - click(findTestObject("Modulo bienestar-eventos/span_Eventos (bie)")): Object: 'Object Repository/Modulo bienestar-eventos/span_Eventos (bie)' is clicked on

2022-02-23 11:27:38 - [MESSAGE][PASSED] - Object: 'Object Repository/Modulo bienestar-eventos/span_Eventos (bie)' is clicked on

2022-02-23 11:27:38 - [MESSAGE][PASSED] - Call Test Case 'Test Cases/Utilidades-(atajos_para _tareas)/Modulos/Modulo bienestar-eventos' successfully

2022-02-23 11:27:38 - [TEST_STEP][PASSED] - if (waitForElementClickable(findTestObject("Modulo Pruebas Bienestar/Crear_un_Evento/td_Prueba-S"), 1)): null

2022-02-23 11:27:40 - [MESSAGE][PASSED] - Object 'Object Repository/Modulo Pruebas Bienestar/Crear_un_Evento/td_Prueba-S' is clickable

2022-02-23 11:27:40 - [TEST_STEP][PASSED] - click(findTestObject("Modulo Pruebas Bienestar/Crear_un_Evento/td_Prueba-S")): Object: 'Object Repository/Modulo Pruebas Bienestar/Crear_un_Evento/td_Prueba-S' is clicked on

2022-02-23 11:27:40 - [MESSAGE][PASSED] - Object: 'Object Repository/Modulo Pruebas Bienestar/Crear_un_Evento/td_Prueba-S' is clicked on

2022-02-23 11:27:40 - [TEST_STEP][PASSED] - click(findTestObject("Modulo Pruebas Bienestar/Crear_un_Evento/a_CostoEvento")): Object: 'Object Repository/Modulo Pruebas Bienestar/Crear_un_Evento/a_CostoEvento' is clicked on

2022-02-23 11:27:45 - [MESSAGE][PASSED] - Object: 'Object Repository/Modulo Pruebas Bienestar/Crear_un_Evento/a_CostoEvento' is clicked on

2022-02-23 11:27:45 - [TEST_STEP][PASSED] - if (waitForElementClickable(findTestObject("Modulo Pruebas Bienestar/Crear_un_Evento/td_SALON 1"), 1)): null

2022-02-23 11:27:46 - [MESSAGE][PASSED] - Object 'Object Repository/Modulo Pruebas Bienestar/Crear_un_Evento/td_SALON 1' is clickable

2022-02-23 11:27:46 - [TEST_STEP][PASSED] - click(findTestObject("Modulo Pruebas Bienestar/Crear_un_Evento/a_TEST FB_form_costoEventolistaCostoEvento0j_idt663")): Object: 'Object Repository/Modulo Pruebas Bienestar/Crear_un_Evento/a_TEST FB_form_costoEventolistaCostoEvento0j_idt663' is clicked on

2022-02-23 11:27:46 - [MESSAGE][PASSED] - Object: 'Object Repository/Modulo Pruebas Bienestar/Crear_un_Evento/a_TEST FB_form_costoEventolistaCostoEvento0j_idt663' is clicked on

2022-02-23 11:27:46 - [TEST_STEP][PASSED] - click(findTestObject("Modulo Pruebas Bienestar/Crear_un_Evento/a_Aceptar Eliminar -1")): Object: 'Object Repository/Modulo Pruebas Bienestar/Crear_un_Evento/a_Aceptar Eliminar -1' is clicked on

2022-02-23 11:27:49 - [MESSAGE][PASSED] - Object: 'Object Repository/Modulo Pruebas Bienestar/Crear_un_Evento/a_Aceptar Eliminar -1' is clicked on

2022-02-23 11:27:49 - [TEST_STEP][PASSED] - click(findTestObject("Modulo Pruebas Bienestar/Crear_un_Evento/a_Momento Eventos")): Object: 'Object Repository/Modulo Pruebas Bienestar/Crear_un_Evento/a_Momento Eventos' is clicked on

2022-02-23 11:27:49 - [MESSAGE][PASSED] - Object: 'Object Repository/Modulo Pruebas Bienestar/Crear_un_Evento/a_Momento Eventos' is clicked on

2022-02-23 11:27:49 - [TEST_STEP][PASSED] - if (waitForElementClickable(findTestObject("Modulo Pruebas Bienestar/Crear_un_Evento/td_02112021"), 1)): null

2022-02-23 11:27:50 - [MESSAGE][PASSED] - Object 'Object Repository/Modulo Pruebas Bienestar/Crear_un_Evento/td_02112021' is clickable

2022-02-23 11:27:50 - [TEST_STEP][PASSED] - click(findTestObject("Modulo Pruebas Bienestar/Crear_un_Evento/td_02112021")): Object: 'Object Repository/Modulo Pruebas Bienestar/Crear_un_Evento/td_02112021' is clicked on

2022-02-23 11:27:50 - [MESSAGE][PASSED] - Object: 'Object Repository/Modulo Pruebas Bienestar/Crear_un_Evento/td_02112021' is clicked on

2022-02-23 11:27:50 - [TEST_STEP][PASSED] - if (waitForElementClickable(findTestObject("Modulo Pruebas Bienestar/Crear_un_Evento/a_MAR-MIE 0500-0600_popupMomentoEvento_formtablaMomentoEventoHorarioPopup0j_idt1582"), 1)): null

2022-02-23 11:27:51 - [MESSAGE][PASSED] - Object 'Object Repository/Modulo Pruebas Bienestar/Crear_un_Evento/a_MAR-MIE 0500-0600_popupMomentoEvento_formtablaMomentoEventoHorarioPopup0j_idt1582' is clickable

2022-02-23 11:27:51 - [TEST_STEP][PASSED] - click(findTestObject("Modulo Pruebas Bienestar/Crear_un_Evento/a_MAR-MIE 0500-0600_popupMomentoEvento_formtablaMomentoEventoHorarioPopup0j_idt1582")): Object: 'Object Repository/Modulo Pruebas Bienestar/Crear_un_Evento/a_MAR-MIE 0500-0600_popupMomentoEvento_formtablaMomentoEventoHorarioPopup0j_idt1582' is clicked on

2022-02-23 11:27:52 - [MESSAGE][PASSED] - Object: 'Object Repository/Modulo Pruebas Bienestar/Crear_un_Evento/a_MAR-MIE 0500-0600_popupMomentoEvento_formtablaMomentoEventoHorarioPopup0j_idt1582' is clicked on

2022-02-23 11:27:52 - [TEST_STEP][PASSED] - click(findTestObject("Modulo Pruebas Bienestar/Crear_un_Evento/a_Aceptar_eliminar")): Object: 'Object Repository/Modulo Pruebas Bienestar/Crear_un_Evento/a_Aceptar_eliminar' is clicked on

2022-02-23 11:27:53 - [MESSAGE][PASSED] - Object: 'Object Repository/Modulo Pruebas Bienestar/Crear_un_Evento/a_Aceptar_eliminar' is clicked on

2022-02-23 11:27:53 - [TEST_STEP][PASSED] - click(findTestObject("Modulo Pruebas Bienestar/Crear_un_Evento/a_Eliminar")): Object: 'Object Repository/Modulo Pruebas Bienestar/Crear_un_Evento/a_Eliminar' is clicked on

2022-02-23 11:27:54 - [MESSAGE][PASSED] - Object: 'Object Repository/Modulo Pruebas Bienestar/Crear_un_Evento/a_Eliminar' is clicked on

2022-02-23 11:27:54 - [TEST_STEP][PASSED] - click(findTestObject("Modulo Pruebas Bienestar/Crear_un_Evento/a_Aceptar0")): Object: 'Object Repository/Modulo Pruebas Bienestar/Crear_un_Evento/a_Aceptar0' is clicked on

2022-02-23 11:27:55 - [MESSAGE][PASSED] - Object: 'Object Repository/Modulo Pruebas Bienestar/Crear_un_Evento/a_Aceptar0' is clicked on

2022-02-23 11:27:55 - [TEST_STEP][PASSED] - click(findTestObject("Modulo Pruebas Bienestar/Crear_un_Evento/div_Evaluacin")): Object: 'Object Repository/Modulo Pruebas Bienestar/Crear_un_Evento/div_Evaluacin' is clicked on

2022-02-23 11:27:55 - [MESSAGE][PASSED] - Object: 'Object Repository/Modulo Pruebas Bienestar/Crear_un_Evento/div_Evaluacin' is clicked on

2022-02-23 11:27:55 - [TEST_STEP][PASSED] - click(findTestObject("Modulo Pruebas Bienestar/Crear_un_Evento/a_Evento0")): Object: 'Object Repository/Modulo Pruebas Bienestar/Crear_un_Evento/a_Evento0' is clicked on

2022-02-23 11:27:56 - [MESSAGE][PASSED] - Object: 'Object Repository/Modulo Pruebas Bienestar/Crear_un_Evento/a_Evento0' is clicked on

2022-02-23 11:27:56 - [TEST_STEP][PASSED] - if (waitForElementVisible(findTestObject("Modulo Pruebas Bienestar/Crear_un_Evento/td_1010220596"), 1)): null

2022-02-23 11:27:57 - [MESSAGE][PASSED] - Object 'Object Repository/Modulo Pruebas Bienestar/Crear_un_Evento/td_1010220596' is visible

2022-02-23 11:27:57 - [TEST_STEP][PASSED] - click(findTestObject("Modulo Pruebas Bienestar/Crear_un_Evento/a_No Diligenciada_formEventoEvaluacionpanel_eventotablaEvaluacion0j_idt881")): Object: 'Object Repository/Modulo Pruebas Bienestar/Crear_un_Evento/a_No Diligenciada_formEventoEvaluacionpanel_eventotablaEvaluacion0j_idt881' is clicked on

2022-02-23 11:27:57 - [MESSAGE][PASSED] - Object: 'Object Repository/Modulo Pruebas Bienestar/Crear_un_Evento/a_No Diligenciada_formEventoEvaluacionpanel_eventotablaEvaluacion0j_idt881' is clicked on

2022-02-23 11:27:57 - [TEST_STEP][PASSED] - click(findTestObject("Modulo Pruebas Bienestar/Crear_un_Evento/a_Aceptar0")): Object: 'Object Repository/Modulo Pruebas Bienestar/Crear_un_Evento/a_Aceptar0' is clicked on

2022-02-23 11:27:59 - [MESSAGE][PASSED] - Object: 'Object Repository/Modulo Pruebas Bienestar/Crear_un_Evento/a_Aceptar0' is clicked on

2022-02-23 11:27:59 - [TEST_STEP][PASSED] - click(findTestObject("Modulo Pruebas Bienestar/Crear_un_Evento/div_Participante")): Object: 'Object Repository/Modulo Pruebas Bienestar/Crear_un_Evento/div_Participante' is clicked on

2022-02-23 11:27:59 - [MESSAGE][PASSED] - Object: 'Object Repository/Modulo Pruebas Bienestar/Crear_un_Evento/div_Participante' is clicked on

2022-02-23 11:27:59 - [TEST_STEP][PASSED] - click(findTestObject("Modulo Pruebas Bienestar/Crear_un_Evento/a_Grupo")): Object: 'Object Repository/Modulo Pruebas Bienestar/Crear_un_Evento/a_Grupo' is clicked on

2022-02-23 11:28:00 - [MESSAGE][PASSED] - Object: 'Object Repository/Modulo Pruebas Bienestar/Crear_un_Evento/a_Grupo' is clicked on

2022-02-23 11:28:00 - [TEST_STEP][PASSED] - if (waitForElementVisible(findTestObject("Modulo Pruebas Bienestar/Crear_un_Evento/td_PRUEBAS K"), 1)): null

2022-02-23 11:28:01 - [MESSAGE][PASSED] - Object 'Object Repository/Modulo Pruebas Bienestar/Crear_un_Evento/td_PRUEBAS K' is visible

2022-02-23 11:28:01 - [TEST_STEP][PASSED] - click(findTestObject("Modulo Pruebas Bienestar/Crear_un_Evento/td_PRUEBAS K")): Object: 'Object Repository/Modulo Pruebas Bienestar/Crear_un_Evento/td_PRUEBAS K' is clicked on

2022-02-23 11:28:01 - [MESSAGE][PASSED] - Object: 'Object Repository/Modulo Pruebas Bienestar/Crear_un_Evento/td_PRUEBAS K' is clicked on

2022-02-23 11:28:01 - [TEST_STEP][PASSED] - if (waitForElementVisible(findTestObject("Modulo Pruebas Bienestar/Crear_un_Evento/a_Integrantes"), 1)): null

2022-02-23 11:28:03 - [MESSAGE][PASSED] - Object 'Object Repository/Modulo Pruebas Bienestar/Crear_un_Evento/a_Integrantes' is visible

2022-02-23 11:28:03 - [TEST_STEP][PASSED] - click(findTestObject("Modulo Pruebas Bienestar/Crear_un_Evento/a_Integrantes")): Object: 'Object Repository/Modulo Pruebas Bienestar/Crear_un_Evento/a_Integrantes' is clicked on

2022-02-23 11:28:03 - [MESSAGE][PASSED] - Object: 'Object Repository/Modulo Pruebas Bienestar/Crear_un_Evento/a_Integrantes' is clicked on

2022-02-23 11:28:03 - [TEST_STEP][PASSED] - if (waitForElementVisible(findTestObject("Modulo Pruebas Bienestar/Crear_un_Evento/a_Administracion_grupoEventopanel_principal_2pGListaIntegrantes0j_idt390"), 1)): null

2022-02-23 11:28:05 - [MESSAGE][PASSED] - Object 'Object Repository/Modulo Pruebas Bienestar/Crear_un_Evento/a_Administracion_grupoEventopanel_principal_2pGListaIntegrantes0j_idt390' is visible

2022-02-23 11:28:05 - [TEST_STEP][PASSED] - click(findTestObject("Modulo Pruebas Bienestar/Crear_un_Evento/a_Administracion_grupoEventopanel_principal_2pGListaIntegrantes0j_idt390")): Object: 'Object Repository/Modulo Pruebas Bienestar/Crear_un_Evento/a_Administracion_grupoEventopanel_principal_2pGListaIntegrantes0j_idt390' is clicked on

2022-02-23 11:28:05 - [MESSAGE][PASSED] - Object: 'Object Repository/Modulo Pruebas Bienestar/Crear_un_Evento/a_Administracion_grupoEventopanel_principal_2pGListaIntegrantes0j_idt390' is clicked on

2022-02-23 11:28:05 - [TEST_STEP][PASSED] - click(findTestObject("Modulo Pruebas Bienestar/Crear_un_Evento/a_Aceptar1")): Object: 'Object Repository/Modulo Pruebas Bienestar/Crear_un_Evento/a_Aceptar1' is clicked on

2022-02-23 11:28:07 - [MESSAGE][PASSED] - Object: 'Object Repository/Modulo Pruebas Bienestar/Crear_un_Evento/a_Aceptar1' is clicked on

2022-02-23 11:28:07 - [TEST_STEP][PASSED] - click(findTestObject("Modulo Pruebas Bienestar/Crear_un_Evento/a_Grupo_pestaa")): Object: 'Object Repository/Modulo Pruebas Bienestar/Crear_un_Evento/a_Grupo_pestaa' is clicked on

2022-02-23 11:28:07 - [MESSAGE][PASSED] - Object: 'Object Repository/Modulo Pruebas Bienestar/Crear_un_Evento/a_Grupo_pestaa' is clicked on

2022-02-23 11:28:07 - [TEST_STEP][PASSED] - element = findWebElement(findTestObject("Modulo Pruebas Bienestar/Crear_un_Evento/a_Eliminar0"), 30): null

2022-02-23 11:28:08 - [TEST_STEP][PASSED] - executeJavaScript("arguments[0].click()", Arrays.asList(element)): Execute JavaScript 'arguments[0].click()' successfully

2022-02-23 11:28:08 - [MESSAGE][PASSED] - Execute JavaScript 'arguments[0].click()' successfully

2022-02-23 11:28:08 - [TEST_STEP][PASSED] - click(findTestObject("Modulo Pruebas Bienestar/Crear_un_Evento/a_Aceptar3")): Object: 'Object Repository/Modulo Pruebas Bienestar/Crear_un_Evento/a_Aceptar3' is clicked on

2022-02-23 11:28:09 - [MESSAGE][PASSED] - Object: 'Object Repository/Modulo Pruebas Bienestar/Crear_un_Evento/a_Aceptar3' is clicked on

2022-02-23 11:28:09 - [TEST_STEP][PASSED] - click(findTestObject("Modulo Pruebas Bienestar/Crear_un_Evento/div_Evaluacin")): Object: 'Object Repository/Modulo Pruebas Bienestar/Crear_un_Evento/div_Evaluacin' is clicked on

2022-02-23 11:28:10 - [MESSAGE][PASSED] - Object: 'Object Repository/Modulo Pruebas Bienestar/Crear_un_Evento/div_Evaluacin' is clicked on

2022-02-23 11:28:10 - [TEST_STEP][PASSED] - click(findTestObject("Modulo Pruebas Bienestar/Crear_un_Evento/a_Evento0")): Object: 'Object Repository/Modulo Pruebas Bienestar/Crear_un_Evento/a_Evento0' is clicked on

2022-02-23 11:28:10 - [MESSAGE][PASSED] - Object: 'Object Repository/Modulo Pruebas Bienestar/Crear_un_Evento/a_Evento0' is clicked on

2022-02-23 11:28:10 - [TEST_STEP][PASSED] - if (waitForElementVisible(findTestObject("Modulo Pruebas Bienestar/Crear_un_Evento/a_No Diligenciada_formEventoEvaluacionpanel_eventotablaEvaluacion0j_idt881"), 1)): Web element with id: 'Object Repository/Modulo Pruebas Bienestar/Crear_un_Evento/a_No Diligenciada_formEventoEvaluacionpanel_eventotablaEvaluacion0j_idt881' located by '//td[10]/a' not found

2022-02-23 11:28:12 - [MESSAGE][INFO] - Unable to find the element located by 'By.xpath: //td[10]/a'. Please recheck the objects properties to make sure the desired element is located. 

2022-02-23 11:28:13 - [MESSAGE][WARNING] - Web element with id: 'Object Repository/Modulo Pruebas Bienestar/Crear_un_Evento/a_No Diligenciada_formEventoEvaluacionpanel_eventotablaEvaluacion0j_idt881' located by '//td[10]/a' not found

2022-02-23 11:28:13 - [TEST_STEP][PASSED] - click(findTestObject("Modulo Pruebas Bienestar/Crear_un_Evento/div_Datos Evento")): Object: 'Object Repository/Modulo Pruebas Bienestar/Crear_un_Evento/div_Datos Evento' is clicked on

2022-02-23 11:28:13 - [MESSAGE][PASSED] - Object: 'Object Repository/Modulo Pruebas Bienestar/Crear_un_Evento/div_Datos Evento' is clicked on

2022-02-23 11:28:13 - [TEST_STEP][PASSED] - click(findTestObject("Modulo Pruebas Bienestar/Crear_un_Evento/a_Publicacin")): Object: 'Object Repository/Modulo Pruebas Bienestar/Crear_un_Evento/a_Publicacin' is clicked on

2022-02-23 11:28:13 - [MESSAGE][PASSED] - Object: 'Object Repository/Modulo Pruebas Bienestar/Crear_un_Evento/a_Publicacin' is clicked on

2022-02-23 11:28:13 - [TEST_STEP][PASSED] - if (waitForElementVisible(findTestObject("Modulo Pruebas Bienestar/Crear_un_Evento/a_Eliminar_http"), 1)): Web element with id: 'Object Repository/Modulo Pruebas Bienestar/Crear_un_Evento/a_Eliminar_http' located by '//div/div/table/tbody/tr/td[3]/a' not found

2022-02-23 11:28:16 - [MESSAGE][INFO] - Unable to find the element located by 'By.xpath: //div/div/table/tbody/tr/td[3]/a'. Please recheck the objects properties to make sure the desired element is located. 

2022-02-23 11:28:16 - [MESSAGE][WARNING] - Web element with id: 'Object Repository/Modulo Pruebas Bienestar/Crear_un_Evento/a_Eliminar_http' located by '//div/div/table/tbody/tr/td[3]/a' not found

2022-02-23 11:28:16 - [TEST_STEP][PASSED] - click(findTestObject("Modulo Pruebas Bienestar/Crear_un_Evento/a_Entidades")): Object: 'Object Repository/Modulo Pruebas Bienestar/Crear_un_Evento/a_Entidades' is clicked on

2022-02-23 11:28:16 - [MESSAGE][PASSED] - Object: 'Object Repository/Modulo Pruebas Bienestar/Crear_un_Evento/a_Entidades' is clicked on

2022-02-23 11:28:16 - [TEST_STEP][PASSED] - if (waitForElementVisible(findTestObject("Modulo Pruebas Bienestar/Crear_un_Evento/a_US_form_entidadlistaEntidades0j_idt630"), 1)): null

2022-02-23 11:28:17 - [MESSAGE][PASSED] - Object 'Object Repository/Modulo Pruebas Bienestar/Crear_un_Evento/a_US_form_entidadlistaEntidades0j_idt630' is visible

2022-02-23 11:28:17 - [TEST_STEP][PASSED] - click(findTestObject("Modulo Pruebas Bienestar/Crear_un_Evento/a_US_form_entidadlistaEntidades0j_idt630")): Object: 'Object Repository/Modulo Pruebas Bienestar/Crear_un_Evento/a_US_form_entidadlistaEntidades0j_idt630' is clicked on

2022-02-23 11:28:17 - [MESSAGE][PASSED] - Object: 'Object Repository/Modulo Pruebas Bienestar/Crear_un_Evento/a_US_form_entidadlistaEntidades0j_idt630' is clicked on

2022-02-23 11:28:17 - [TEST_STEP][PASSED] - click(findTestObject("Modulo Pruebas Bienestar/Crear_un_Evento/a_Aceptar_Entidades")): Object: 'Object Repository/Modulo Pruebas Bienestar/Crear_un_Evento/a_Aceptar_Entidades' is clicked on

2022-02-23 11:28:19 - [MESSAGE][PASSED] - Object: 'Object Repository/Modulo Pruebas Bienestar/Crear_un_Evento/a_Aceptar_Entidades' is clicked on

2022-02-23 11:28:19 - [TEST_STEP][PASSED] - click(findTestObject("Modulo Pruebas Bienestar/Crear_un_Evento/a_DirigidoA")): Object: 'Object Repository/Modulo Pruebas Bienestar/Crear_un_Evento/a_DirigidoA' is clicked on

2022-02-23 11:28:19 - [MESSAGE][PASSED] - Object: 'Object Repository/Modulo Pruebas Bienestar/Crear_un_Evento/a_DirigidoA' is clicked on

2022-02-23 11:28:19 - [TEST_STEP][PASSED] - if (waitForElementVisible(findTestObject("Modulo Pruebas Bienestar/Crear_un_Evento/a_Edad_form_condicionDerechoTipoBeneftabla_ventanaCDTB0j_idt797"), 1)): null

2022-02-23 11:28:21 - [MESSAGE][PASSED] - Object 'Object Repository/Modulo Pruebas Bienestar/Crear_un_Evento/a_Edad_form_condicionDerechoTipoBeneftabla_ventanaCDTB0j_idt797' is visible

2022-02-23 11:28:21 - [TEST_STEP][PASSED] - click(findTestObject("Modulo Pruebas Bienestar/Crear_un_Evento/a_Edad_form_condicionDerechoTipoBeneftabla_ventanaCDTB0j_idt797"), STOP_ON_FAILURE): Object: 'Object Repository/Modulo Pruebas Bienestar/Crear_un_Evento/a_Edad_form_condicionDerechoTipoBeneftabla_ventanaCDTB0j_idt797' is clicked on

2022-02-23 11:28:21 - [MESSAGE][PASSED] - Object: 'Object Repository/Modulo Pruebas Bienestar/Crear_un_Evento/a_Edad_form_condicionDerechoTipoBeneftabla_ventanaCDTB0j_idt797' is clicked on

2022-02-23 11:28:21 - [TEST_STEP][PASSED] - click(findTestObject("Modulo Pruebas Bienestar/Crear_un_Evento/a_Aceptar_DirigidoA")): Object: 'Object Repository/Modulo Pruebas Bienestar/Crear_un_Evento/a_Aceptar_DirigidoA' is clicked on

2022-02-23 11:28:23 - [MESSAGE][PASSED] - Object: 'Object Repository/Modulo Pruebas Bienestar/Crear_un_Evento/a_Aceptar_DirigidoA' is clicked on

2022-02-23 11:28:23 - [TEST_STEP][PASSED] - click(findTestObject("Modulo Pruebas Bienestar/Crear_un_Evento/div_Recursos")): Object: 'Object Repository/Modulo Pruebas Bienestar/Crear_un_Evento/div_Recursos' is clicked on

2022-02-23 11:28:23 - [MESSAGE][PASSED] - Object: 'Object Repository/Modulo Pruebas Bienestar/Crear_un_Evento/div_Recursos' is clicked on

2022-02-23 11:28:23 - [TEST_STEP][PASSED] - click(findTestObject("Modulo Pruebas Bienestar/Crear_un_Evento/a_Logsticos")): Object: 'Object Repository/Modulo Pruebas Bienestar/Crear_un_Evento/a_Logsticos' is clicked on

2022-02-23 11:28:24 - [MESSAGE][PASSED] - Object: 'Object Repository/Modulo Pruebas Bienestar/Crear_un_Evento/a_Logsticos' is clicked on

2022-02-23 11:28:24 - [TEST_STEP][PASSED] - if (waitForElementVisible(findTestObject("Modulo Pruebas Bienestar/Crear_un_Evento/a_INDISPENSABLE_formRecursoLogisticopanel_recursostabla_recursos0j_idt951"), 1)): null

2022-02-23 11:28:25 - [MESSAGE][PASSED] - Object 'Object Repository/Modulo Pruebas Bienestar/Crear_un_Evento/a_INDISPENSABLE_formRecursoLogisticopanel_recursostabla_recursos0j_idt951' is visible

2022-02-23 11:28:25 - [TEST_STEP][PASSED] - click(findTestObject("Modulo Pruebas Bienestar/Crear_un_Evento/a_INDISPENSABLE_formRecursoLogisticopanel_recursostabla_recursos0j_idt951"), STOP_ON_FAILURE): Object: 'Object Repository/Modulo Pruebas Bienestar/Crear_un_Evento/a_INDISPENSABLE_formRecursoLogisticopanel_recursostabla_recursos0j_idt951' is clicked on

2022-02-23 11:28:25 - [MESSAGE][PASSED] - Object: 'Object Repository/Modulo Pruebas Bienestar/Crear_un_Evento/a_INDISPENSABLE_formRecursoLogisticopanel_recursostabla_recursos0j_idt951' is clicked on

2022-02-23 11:28:25 - [TEST_STEP][PASSED] - click(findTestObject("Modulo Pruebas Bienestar/Crear_un_Evento/a_Aceptar_Logisticos")): Object: 'Object Repository/Modulo Pruebas Bienestar/Crear_un_Evento/a_Aceptar_Logisticos' is clicked on

2022-02-23 11:28:26 - [MESSAGE][PASSED] - Object: 'Object Repository/Modulo Pruebas Bienestar/Crear_un_Evento/a_Aceptar_Logisticos' is clicked on

2022-02-23 11:28:26 - [TEST_STEP][PASSED] - click(findTestObject("Modulo Pruebas Bienestar/Crear_un_Evento/div_Datos Evento")): Object: 'Object Repository/Modulo Pruebas Bienestar/Crear_un_Evento/div_Datos Evento' is clicked on

2022-02-23 11:28:27 - [MESSAGE][PASSED] - Object: 'Object Repository/Modulo Pruebas Bienestar/Crear_un_Evento/div_Datos Evento' is clicked on

2022-02-23 11:28:27 - [TEST_STEP][PASSED] - click(findTestObject("Modulo Pruebas Bienestar/Crear_un_Evento/a_Registro")): Object: 'Object Repository/Modulo Pruebas Bienestar/Crear_un_Evento/a_Registro' is clicked on

2022-02-23 11:28:27 - [MESSAGE][PASSED] - Object: 'Object Repository/Modulo Pruebas Bienestar/Crear_un_Evento/a_Registro' is clicked on

2022-02-23 11:28:27 - [TEST_STEP][PASSED] - if (waitForElementPresent(findTestObject("Modulo Pruebas Bienestar/Crear_un_Evento/td_MAR-MIE 0500-0600"), 1)): Object 'Object Repository/Modulo Pruebas Bienestar/Crear_un_Evento/td_MAR-MIE 0500-0600' is not present after 1 second(s)

2022-02-23 11:28:30 - [MESSAGE][INFO] - Unable to find the element located by 'By.xpath: //td/div/div/table/tbody/tr/td[3]'. Please recheck the objects properties to make sure the desired element is located. 

2022-02-23 11:28:30 - [MESSAGE][WARNING] - Object 'Object Repository/Modulo Pruebas Bienestar/Crear_un_Evento/td_MAR-MIE 0500-0600' is not present after 1 second(s)

2022-02-23 11:28:30 - [TEST_STEP][PASSED] - click(findTestObject("Modulo Pruebas Bienestar/Crear_un_Evento/a_Eliminar")): Object: 'Object Repository/Modulo Pruebas Bienestar/Crear_un_Evento/a_Eliminar' is clicked on

2022-02-23 11:28:30 - [MESSAGE][PASSED] - Object: 'Object Repository/Modulo Pruebas Bienestar/Crear_un_Evento/a_Eliminar' is clicked on

2022-02-23 11:28:30 - [TEST_STEP][PASSED] - click(findTestObject("Modulo Pruebas Bienestar/Crear_un_Evento/a_Aceptar2")): Object: 'Object Repository/Modulo Pruebas Bienestar/Crear_un_Evento/a_Aceptar2' is clicked on

2022-02-23 11:28:31 - [MESSAGE][PASSED] - Object: 'Object Repository/Modulo Pruebas Bienestar/Crear_un_Evento/a_Aceptar2' is clicked on

2022-02-23 11:28:31 - [TEST_STEP][PASSED] - if (waitForElementClickable(findTestObject("Modulo Pruebas Bienestar/Crear_un_Evento/td_Prueba-S-SH"), 1)): null

2022-02-23 11:28:32 - [MESSAGE][PASSED] - Object 'Object Repository/Modulo Pruebas Bienestar/Crear_un_Evento/td_Prueba-S-SH' is clickable

2022-02-23 11:28:32 - [TEST_STEP][PASSED] - click(findTestObject("Modulo Pruebas Bienestar/Crear_un_Evento/td_Prueba-S-SH")): Object: 'Object Repository/Modulo Pruebas Bienestar/Crear_un_Evento/td_Prueba-S-SH' is clicked on

2022-02-23 11:28:32 - [MESSAGE][PASSED] - Object: 'Object Repository/Modulo Pruebas Bienestar/Crear_un_Evento/td_Prueba-S-SH' is clicked on

2022-02-23 11:28:32 - [TEST_STEP][PASSED] - click(findTestObject("Modulo Pruebas Bienestar/Crear_un_Evento/div_Participante")): Object: 'Object Repository/Modulo Pruebas Bienestar/Crear_un_Evento/div_Participante' is clicked on

2022-02-23 11:28:34 - [MESSAGE][PASSED] - Object: 'Object Repository/Modulo Pruebas Bienestar/Crear_un_Evento/div_Participante' is clicked on

2022-02-23 11:28:34 - [TEST_STEP][PASSED] - click(findTestObject("Modulo Pruebas Bienestar/Crear_un_Evento/a_Sancionados")): Object: 'Object Repository/Modulo Pruebas Bienestar/Crear_un_Evento/a_Sancionados' is clicked on

2022-02-23 11:28:34 - [MESSAGE][PASSED] - Object: 'Object Repository/Modulo Pruebas Bienestar/Crear_un_Evento/a_Sancionados' is clicked on

2022-02-23 11:28:34 - [TEST_STEP][PASSED] - if (waitForElementVisible(findTestObject("Modulo Pruebas Bienestar/Crear_un_Evento/a_PRUEBAS K_form_sancionadoslistaSancionados0j_idt645"), 1)): null

2022-02-23 11:28:35 - [MESSAGE][PASSED] - Object 'Object Repository/Modulo Pruebas Bienestar/Crear_un_Evento/a_PRUEBAS K_form_sancionadoslistaSancionados0j_idt645' is visible

2022-02-23 11:28:35 - [TEST_STEP][PASSED] - click(findTestObject("Modulo Pruebas Bienestar/Crear_un_Evento/a_PRUEBAS K_form_sancionadoslistaSancionados0j_idt645")): Object: 'Object Repository/Modulo Pruebas Bienestar/Crear_un_Evento/a_PRUEBAS K_form_sancionadoslistaSancionados0j_idt645' is clicked on

2022-02-23 11:28:36 - [MESSAGE][PASSED] - Object: 'Object Repository/Modulo Pruebas Bienestar/Crear_un_Evento/a_PRUEBAS K_form_sancionadoslistaSancionados0j_idt645' is clicked on

2022-02-23 11:28:36 - [TEST_STEP][PASSED] - click(findTestObject("Modulo Pruebas Bienestar/Crear_un_Evento/a_Aceptar_Sancionados")): Object: 'Object Repository/Modulo Pruebas Bienestar/Crear_un_Evento/a_Aceptar_Sancionados' is clicked on

2022-02-23 11:28:37 - [MESSAGE][PASSED] - Object: 'Object Repository/Modulo Pruebas Bienestar/Crear_un_Evento/a_Aceptar_Sancionados' is clicked on

2022-02-23 11:28:37 - [TEST_STEP][PASSED] - click(findTestObject("Modulo Pruebas Bienestar/Crear_un_Evento/a_Cambiar")): Object: 'Object Repository/Modulo Pruebas Bienestar/Crear_un_Evento/a_Cambiar' is clicked on

2022-02-23 11:28:38 - [MESSAGE][PASSED] - Object: 'Object Repository/Modulo Pruebas Bienestar/Crear_un_Evento/a_Cambiar' is clicked on

2022-02-23 11:28:38 - [TEST_STEP][PASSED] - if (waitForElementVisible(findTestObject("Modulo Pruebas Bienestar/Crear_un_Evento/td_A A A0"), 1)): Web element with id: 'Object Repository/Modulo Pruebas Bienestar/Crear_un_Evento/td_A A A0' located by '//*/text()[normalize-space(.)='A A A']/parent::*' not found

2022-02-23 11:28:40 - [MESSAGE][INFO] - Unable to find the element located by 'By.xpath: //*/text()[normalize-space(.)='A A A']/parent::*'. Please recheck the objects properties to make sure the desired element is located. 

2022-02-23 11:28:40 - [MESSAGE][WARNING] - Web element with id: 'Object Repository/Modulo Pruebas Bienestar/Crear_un_Evento/td_A A A0' located by '//*/text()[normalize-space(.)='A A A']/parent::*' not found

2022-02-23 11:28:40 - [TEST_STEP][PASSED] - if (waitForElementVisible(findTestObject("Modulo Pruebas Bienestar/Crear_un_Evento/td_Diaz Blanco Guisell0"), 1)): null

2022-02-23 11:28:40 - [MESSAGE][PASSED] - Object 'Object Repository/Modulo Pruebas Bienestar/Crear_un_Evento/td_Diaz Blanco Guisell0' is visible

2022-02-23 11:28:40 - [TEST_STEP][PASSED] - click(findTestObject("Modulo Pruebas Bienestar/Crear_un_Evento/td_Diaz Blanco Guisell0")): Object: 'Object Repository/Modulo Pruebas Bienestar/Crear_un_Evento/td_Diaz Blanco Guisell0' is clicked on

2022-02-23 11:28:40 - [MESSAGE][PASSED] - Object: 'Object Repository/Modulo Pruebas Bienestar/Crear_un_Evento/td_Diaz Blanco Guisell0' is clicked on

2022-02-23 11:28:40 - [TEST_STEP][PASSED] - click(findTestObject("Modulo Pruebas Bienestar/Crear_un_Evento/a_Cambiar Datos_guisell")): Object: 'Object Repository/Modulo Pruebas Bienestar/Crear_un_Evento/a_Cambiar Datos_guisell' is clicked on

2022-02-23 11:28:43 - [MESSAGE][PASSED] - Object: 'Object Repository/Modulo Pruebas Bienestar/Crear_un_Evento/a_Cambiar Datos_guisell' is clicked on

2022-02-23 11:28:43 - [TEST_STEP][PASSED] - click(findTestObject("Modulo Pruebas Bienestar/Crear_un_Evento/a_Eliminar_guisell")): Object: 'Object Repository/Modulo Pruebas Bienestar/Crear_un_Evento/a_Eliminar_guisell' is clicked on

2022-02-23 11:28:44 - [MESSAGE][PASSED] - Object: 'Object Repository/Modulo Pruebas Bienestar/Crear_un_Evento/a_Eliminar_guisell' is clicked on

2022-02-23 11:28:44 - [TEST_STEP][PASSED] - click(findTestObject("Modulo Pruebas Bienestar/Crear_un_Evento/span_Si_eliminar_guisel")): Object: 'Object Repository/Modulo Pruebas Bienestar/Crear_un_Evento/span_Si_eliminar_guisel' is clicked on

2022-02-23 11:28:45 - [MESSAGE][PASSED] - Object: 'Object Repository/Modulo Pruebas Bienestar/Crear_un_Evento/span_Si_eliminar_guisel' is clicked on

2022-02-23 11:28:45 - [TEST_STEP][PASSED] - click(findTestObject("Modulo Pruebas Bienestar/Crear_un_Evento/a_Individual")): Object: 'Object Repository/Modulo Pruebas Bienestar/Crear_un_Evento/a_Individual' is clicked on

2022-02-23 11:28:46 - [MESSAGE][PASSED] - Object: 'Object Repository/Modulo Pruebas Bienestar/Crear_un_Evento/a_Individual' is clicked on

2022-02-23 11:28:46 - [TEST_STEP][PASSED] - if (waitForElementVisible(findTestObject("Modulo Pruebas Bienestar/Crear_un_Evento/td_A A A1"), 1)): Web element with id: 'Object Repository/Modulo Pruebas Bienestar/Crear_un_Evento/td_A A A1' located by '//*/text()[normalize-space(.)='A A A']/parent::*' not found

2022-02-23 11:28:48 - [MESSAGE][INFO] - Unable to find the element located by 'By.xpath: //*/text()[normalize-space(.)='A A A']/parent::*'. Please recheck the objects properties to make sure the desired element is located. 

2022-02-23 11:28:48 - [MESSAGE][WARNING] - Web element with id: 'Object Repository/Modulo Pruebas Bienestar/Crear_un_Evento/td_A A A1' located by '//*/text()[normalize-space(.)='A A A']/parent::*' not found

2022-02-23 11:28:48 - [TEST_STEP][PASSED] - if (waitForElementVisible(findTestObject("Modulo Pruebas Bienestar/Crear_un_Evento/td_Diaz Blanco Guisell1"), 1)): Web element with id: 'Object Repository/Modulo Pruebas Bienestar/Crear_un_Evento/td_Diaz Blanco Guisell1' located by '//*/text()[normalize-space(.)='Diaz Blanco Guisell']/parent::*' not found

2022-02-23 11:28:51 - [MESSAGE][INFO] - Unable to find the element located by 'By.xpath: //*/text()[normalize-space(.)='Diaz Blanco Guisell']/parent::*'. Please recheck the objects properties to make sure the desired element is located. 

2022-02-23 11:28:51 - [MESSAGE][WARNING] - Web element with id: 'Object Repository/Modulo Pruebas Bienestar/Crear_un_Evento/td_Diaz Blanco Guisell1' located by '//*/text()[normalize-space(.)='Diaz Blanco Guisell']/parent::*' not found

2022-02-23 11:28:51 - [TEST_STEP][PASSED] - click(findTestObject("Modulo Pruebas Bienestar/Crear_un_Evento/div_Datos Evento")): Object: 'Object Repository/Modulo Pruebas Bienestar/Crear_un_Evento/div_Datos Evento' is clicked on

2022-02-23 11:28:51 - [MESSAGE][PASSED] - Object: 'Object Repository/Modulo Pruebas Bienestar/Crear_un_Evento/div_Datos Evento' is clicked on

2022-02-23 11:28:51 - [TEST_STEP][PASSED] - click(findTestObject("Modulo Pruebas Bienestar/Crear_un_Evento/a_DirigidoA")): Object: 'Object Repository/Modulo Pruebas Bienestar/Crear_un_Evento/a_DirigidoA' is clicked on

2022-02-23 11:28:52 - [MESSAGE][PASSED] - Object: 'Object Repository/Modulo Pruebas Bienestar/Crear_un_Evento/a_DirigidoA' is clicked on

2022-02-23 11:28:52 - [TEST_STEP][PASSED] - if (waitForElementVisible(findTestObject("Modulo Pruebas Bienestar/Crear_un_Evento/a_Edad_form_condicionDerechoTipoBeneftabla_ventanaCDTB0j_idt797"), 1)): null

2022-02-23 11:28:52 - [MESSAGE][PASSED] - Object 'Object Repository/Modulo Pruebas Bienestar/Crear_un_Evento/a_Edad_form_condicionDerechoTipoBeneftabla_ventanaCDTB0j_idt797' is visible

2022-02-23 11:28:52 - [TEST_STEP][PASSED] - click(findTestObject("Modulo Pruebas Bienestar/Crear_un_Evento/a_Edad_form_condicionDerechoTipoBeneftabla_ventanaCDTB0j_idt797")): Object: 'Object Repository/Modulo Pruebas Bienestar/Crear_un_Evento/a_Edad_form_condicionDerechoTipoBeneftabla_ventanaCDTB0j_idt797' is clicked on

2022-02-23 11:28:53 - [MESSAGE][PASSED] - Object: 'Object Repository/Modulo Pruebas Bienestar/Crear_un_Evento/a_Edad_form_condicionDerechoTipoBeneftabla_ventanaCDTB0j_idt797' is clicked on

2022-02-23 11:28:53 - [TEST_STEP][PASSED] - click(findTestObject("Modulo Pruebas Bienestar/Crear_un_Evento/a_Aceptar_eliminar_dirigidoA")): Object: 'Object Repository/Modulo Pruebas Bienestar/Crear_un_Evento/a_Aceptar_eliminar_dirigidoA' is clicked on

2022-02-23 11:28:54 - [MESSAGE][PASSED] - Object: 'Object Repository/Modulo Pruebas Bienestar/Crear_un_Evento/a_Aceptar_eliminar_dirigidoA' is clicked on

2022-02-23 11:28:54 - [TEST_STEP][PASSED] - click(findTestObject("Modulo Pruebas Bienestar/Crear_un_Evento/a_Instructores")): Object: 'Object Repository/Modulo Pruebas Bienestar/Crear_un_Evento/a_Instructores' is clicked on

2022-02-23 11:28:54 - [MESSAGE][PASSED] - Object: 'Object Repository/Modulo Pruebas Bienestar/Crear_un_Evento/a_Instructores' is clicked on

2022-02-23 11:28:54 - [TEST_STEP][PASSED] - if (waitForElementVisible(findTestObject("Modulo Pruebas Bienestar/Crear_un_Evento/a_Instructores_form_entrenadorlistaEntrenadores0j_idt620"), 1)): null

2022-02-23 11:28:55 - [MESSAGE][PASSED] - Object 'Object Repository/Modulo Pruebas Bienestar/Crear_un_Evento/a_Instructores_form_entrenadorlistaEntrenadores0j_idt620' is visible

2022-02-23 11:28:55 - [TEST_STEP][PASSED] - click(findTestObject("Modulo Pruebas Bienestar/Crear_un_Evento/a_Instructores_form_entrenadorlistaEntrenadores0j_idt620")): Object: 'Object Repository/Modulo Pruebas Bienestar/Crear_un_Evento/a_Instructores_form_entrenadorlistaEntrenadores0j_idt620' is clicked on

2022-02-23 11:28:56 - [MESSAGE][PASSED] - Object: 'Object Repository/Modulo Pruebas Bienestar/Crear_un_Evento/a_Instructores_form_entrenadorlistaEntrenadores0j_idt620' is clicked on

2022-02-23 11:28:56 - [TEST_STEP][PASSED] - click(findTestObject("Modulo Pruebas Bienestar/Crear_un_Evento/a_Aceptar_eliminar_instructor")): Object: 'Object Repository/Modulo Pruebas Bienestar/Crear_un_Evento/a_Aceptar_eliminar_instructor' is clicked on

2022-02-23 11:28:57 - [MESSAGE][PASSED] - Object: 'Object Repository/Modulo Pruebas Bienestar/Crear_un_Evento/a_Aceptar_eliminar_instructor' is clicked on

2022-02-23 11:28:57 - [TEST_STEP][PASSED] - click(findTestObject("Modulo Pruebas Bienestar/Crear_un_Evento/a_Momento Eventos")): Object: 'Object Repository/Modulo Pruebas Bienestar/Crear_un_Evento/a_Momento Eventos' is clicked on

2022-02-23 11:28:57 - [MESSAGE][PASSED] - Object: 'Object Repository/Modulo Pruebas Bienestar/Crear_un_Evento/a_Momento Eventos' is clicked on

2022-02-23 11:28:57 - [TEST_STEP][PASSED] - if (waitForElementClickable(findTestObject("Modulo Pruebas Bienestar/Crear_un_Evento/td_prueba-S-SH1"), 1)): null

2022-02-23 11:28:58 - [MESSAGE][PASSED] - Object 'Object Repository/Modulo Pruebas Bienestar/Crear_un_Evento/td_prueba-S-SH1' is clickable

2022-02-23 11:28:58 - [TEST_STEP][PASSED] - click(findTestObject("Modulo Pruebas Bienestar/Crear_un_Evento/td_prueba-S-SH1")): Object: 'Object Repository/Modulo Pruebas Bienestar/Crear_un_Evento/td_prueba-S-SH1' is clicked on

2022-02-23 11:28:58 - [MESSAGE][PASSED] - Object: 'Object Repository/Modulo Pruebas Bienestar/Crear_un_Evento/td_prueba-S-SH1' is clicked on

2022-02-23 11:28:58 - [TEST_STEP][PASSED] - if (waitForElementVisible(findTestObject("Modulo Pruebas Bienestar/Crear_un_Evento/a_MAR-MIE 0500-0600_popupMomentoEvento_formtablaMomentoEventoHorarioPopup0j_idt1586"), 1)): null

2022-02-23 11:28:59 - [MESSAGE][PASSED] - Object 'Object Repository/Modulo Pruebas Bienestar/Crear_un_Evento/a_MAR-MIE 0500-0600_popupMomentoEvento_formtablaMomentoEventoHorarioPopup0j_idt1586' is visible

2022-02-23 11:28:59 - [TEST_STEP][PASSED] - click(findTestObject("Modulo Pruebas Bienestar/Crear_un_Evento/a_MAR-MIE 0500-0600_popupMomentoEvento_formtablaMomentoEventoHorarioPopup0j_idt1586"), STOP_ON_FAILURE): Object: 'Object Repository/Modulo Pruebas Bienestar/Crear_un_Evento/a_MAR-MIE 0500-0600_popupMomentoEvento_formtablaMomentoEventoHorarioPopup0j_idt1586' is clicked on

2022-02-23 11:29:00 - [MESSAGE][PASSED] - Object: 'Object Repository/Modulo Pruebas Bienestar/Crear_un_Evento/a_MAR-MIE 0500-0600_popupMomentoEvento_formtablaMomentoEventoHorarioPopup0j_idt1586' is clicked on

2022-02-23 11:29:00 - [TEST_STEP][PASSED] - click(findTestObject("Modulo Pruebas Bienestar/Crear_un_Evento/a_Aceptar_eliminar_momentoE0")): Object: 'Object Repository/Modulo Pruebas Bienestar/Crear_un_Evento/a_Aceptar_eliminar_momentoE0' is clicked on

2022-02-23 11:29:01 - [MESSAGE][PASSED] - Object: 'Object Repository/Modulo Pruebas Bienestar/Crear_un_Evento/a_Aceptar_eliminar_momentoE0' is clicked on

2022-02-23 11:29:01 - [TEST_STEP][PASSED] - click(findTestObject("Modulo Pruebas Bienestar/Crear_un_Evento/a_Eliminar_momentoE")): Object: 'Object Repository/Modulo Pruebas Bienestar/Crear_un_Evento/a_Eliminar_momentoE' is clicked on

2022-02-23 11:29:02 - [MESSAGE][PASSED] - Object: 'Object Repository/Modulo Pruebas Bienestar/Crear_un_Evento/a_Eliminar_momentoE' is clicked on

2022-02-23 11:29:02 - [TEST_STEP][PASSED] - click(findTestObject("Modulo Pruebas Bienestar/Crear_un_Evento/a_Aceptar_eliminar_momentoE")): Object: 'Object Repository/Modulo Pruebas Bienestar/Crear_un_Evento/a_Aceptar_eliminar_momentoE' is clicked on

2022-02-23 11:29:03 - [MESSAGE][PASSED] - Object: 'Object Repository/Modulo Pruebas Bienestar/Crear_un_Evento/a_Aceptar_eliminar_momentoE' is clicked on

2022-02-23 11:29:03 - [TEST_STEP][PASSED] - click(findTestObject("Modulo Pruebas Bienestar/Crear_un_Evento/a_Publicacin")): Object: 'Object Repository/Modulo Pruebas Bienestar/Crear_un_Evento/a_Publicacin' is clicked on

2022-02-23 11:29:03 - [MESSAGE][PASSED] - Object: 'Object Repository/Modulo Pruebas Bienestar/Crear_un_Evento/a_Publicacin' is clicked on

2022-02-23 11:29:03 - [TEST_STEP][PASSED] - if (waitForElementVisible(findTestObject("Modulo Pruebas Bienestar/Crear_un_Evento/a_Eliminar_http"), 1)): null

2022-02-23 11:29:04 - [MESSAGE][PASSED] - Object 'Object Repository/Modulo Pruebas Bienestar/Crear_un_Evento/a_Eliminar_http' is visible

2022-02-23 11:29:04 - [TEST_STEP][PASSED] - click(findTestObject("Modulo Pruebas Bienestar/Crear_un_Evento/a_Eliminar_http")): Object: 'Object Repository/Modulo Pruebas Bienestar/Crear_un_Evento/a_Eliminar_http' is clicked on

2022-02-23 11:29:05 - [MESSAGE][PASSED] - Object: 'Object Repository/Modulo Pruebas Bienestar/Crear_un_Evento/a_Eliminar_http' is clicked on

2022-02-23 11:29:05 - [TEST_STEP][PASSED] - click(findTestObject("Modulo Pruebas Bienestar/Crear_un_Evento/span_Si")): Object: 'Object Repository/Modulo Pruebas Bienestar/Crear_un_Evento/span_Si' is clicked on

2022-02-23 11:29:06 - [MESSAGE][PASSED] - Object: 'Object Repository/Modulo Pruebas Bienestar/Crear_un_Evento/span_Si' is clicked on

2022-02-23 11:29:06 - [TEST_STEP][PASSED] - click(findTestObject("Modulo Pruebas Bienestar/Crear_un_Evento/a_Entidades")): Object: 'Object Repository/Modulo Pruebas Bienestar/Crear_un_Evento/a_Entidades' is clicked on

2022-02-23 11:29:07 - [MESSAGE][PASSED] - Object: 'Object Repository/Modulo Pruebas Bienestar/Crear_un_Evento/a_Entidades' is clicked on

2022-02-23 11:29:07 - [TEST_STEP][PASSED] - if (waitForElementVisible(findTestObject("Modulo Pruebas Bienestar/Crear_un_Evento/a_US_form_entidadlistaEntidades0j_idt630"), 1)): Web element with id: 'Object Repository/Modulo Pruebas Bienestar/Crear_un_Evento/a_US_form_entidadlistaEntidades0j_idt630' located by '//div/div/table/tbody/tr/td[2]/a' not found

2022-02-23 11:29:09 - [MESSAGE][INFO] - Unable to find the element located by 'By.xpath: //div/div/table/tbody/tr/td[2]/a'. Please recheck the objects properties to make sure the desired element is located. 

2022-02-23 11:29:09 - [MESSAGE][WARNING] - Web element with id: 'Object Repository/Modulo Pruebas Bienestar/Crear_un_Evento/a_US_form_entidadlistaEntidades0j_idt630' located by '//div/div/table/tbody/tr/td[2]/a' not found

2022-02-23 11:29:09 - [TEST_STEP][PASSED] - click(findTestObject("Modulo Pruebas Bienestar/Crear_un_Evento/a_DirigidoA")): Object: 'Object Repository/Modulo Pruebas Bienestar/Crear_un_Evento/a_DirigidoA' is clicked on

2022-02-23 11:29:09 - [MESSAGE][PASSED] - Object: 'Object Repository/Modulo Pruebas Bienestar/Crear_un_Evento/a_DirigidoA' is clicked on

2022-02-23 11:29:09 - [TEST_STEP][PASSED] - if (waitForElementVisible(findTestObject("Modulo Pruebas Bienestar/Crear_un_Evento/a_Edad_form_condicionDerechoTipoBeneftabla_ventanaCDTB0j_idt797"), 1)): Web element with id: 'Object Repository/Modulo Pruebas Bienestar/Crear_un_Evento/a_Edad_form_condicionDerechoTipoBeneftabla_ventanaCDTB0j_idt797' located by '//div/div/table/tbody/tr/td[3]/a' not found

2022-02-23 11:29:11 - [MESSAGE][INFO] - Unable to find the element located by 'By.xpath: //div/div/table/tbody/tr/td[3]/a'. Please recheck the objects properties to make sure the desired element is located. 

2022-02-23 11:29:11 - [MESSAGE][WARNING] - Web element with id: 'Object Repository/Modulo Pruebas Bienestar/Crear_un_Evento/a_Edad_form_condicionDerechoTipoBeneftabla_ventanaCDTB0j_idt797' located by '//div/div/table/tbody/tr/td[3]/a' not found

2022-02-23 11:29:11 - [TEST_STEP][PASSED] - click(findTestObject("Modulo Pruebas Bienestar/Crear_un_Evento/div_Recursos")): Object: 'Object Repository/Modulo Pruebas Bienestar/Crear_un_Evento/div_Recursos' is clicked on

2022-02-23 11:29:12 - [MESSAGE][PASSED] - Object: 'Object Repository/Modulo Pruebas Bienestar/Crear_un_Evento/div_Recursos' is clicked on

2022-02-23 11:29:12 - [TEST_STEP][PASSED] - click(findTestObject("Modulo Pruebas Bienestar/Crear_un_Evento/a_Logsticos")): Object: 'Object Repository/Modulo Pruebas Bienestar/Crear_un_Evento/a_Logsticos' is clicked on

2022-02-23 11:29:12 - [MESSAGE][PASSED] - Object: 'Object Repository/Modulo Pruebas Bienestar/Crear_un_Evento/a_Logsticos' is clicked on

2022-02-23 11:29:12 - [TEST_STEP][PASSED] - if (waitForElementVisible(findTestObject("Modulo Pruebas Bienestar/Crear_un_Evento/a_INDISPENSABLE_formRecursoLogisticopanel_recursostabla_recursos0j_idt951"), 1)): Web element with id: 'Object Repository/Modulo Pruebas Bienestar/Crear_un_Evento/a_INDISPENSABLE_formRecursoLogisticopanel_recursostabla_recursos0j_idt951' located by '//div/div/table/tbody/tr/td[3]/a' not found

2022-02-23 11:29:14 - [MESSAGE][INFO] - Unable to find the element located by 'By.xpath: //div/div/table/tbody/tr/td[3]/a'. Please recheck the objects properties to make sure the desired element is located. 

2022-02-23 11:29:14 - [MESSAGE][WARNING] - Web element with id: 'Object Repository/Modulo Pruebas Bienestar/Crear_un_Evento/a_INDISPENSABLE_formRecursoLogisticopanel_recursostabla_recursos0j_idt951' located by '//div/div/table/tbody/tr/td[3]/a' not found

2022-02-23 11:29:14 - [TEST_STEP][PASSED] - click(findTestObject("Modulo Pruebas Bienestar/Crear_un_Evento/div_Evaluacin")): Object: 'Object Repository/Modulo Pruebas Bienestar/Crear_un_Evento/div_Evaluacin' is clicked on

2022-02-23 11:29:15 - [MESSAGE][PASSED] - Object: 'Object Repository/Modulo Pruebas Bienestar/Crear_un_Evento/div_Evaluacin' is clicked on

2022-02-23 11:29:15 - [TEST_STEP][PASSED] - click(findTestObject("Modulo Pruebas Bienestar/Crear_un_Evento/a_Evento0")): Object: 'Object Repository/Modulo Pruebas Bienestar/Crear_un_Evento/a_Evento0' is clicked on

2022-02-23 11:29:15 - [MESSAGE][PASSED] - Object: 'Object Repository/Modulo Pruebas Bienestar/Crear_un_Evento/a_Evento0' is clicked on

2022-02-23 11:29:15 - [TEST_STEP][PASSED] - if (waitForElementVisible(findTestObject("Modulo Pruebas Bienestar/Crear_un_Evento/a_No Diligenciada_formEventoEvaluacionpanel_eventotablaEvaluacion0j_idt885"), 1)): Web element with id: 'Object Repository/Modulo Pruebas Bienestar/Crear_un_Evento/a_No Diligenciada_formEventoEvaluacionpanel_eventotablaEvaluacion0j_idt885' located by '//td[10]/a' not found

2022-02-23 11:29:17 - [MESSAGE][INFO] - Unable to find the element located by 'By.xpath: //td[10]/a'. Please recheck the objects properties to make sure the desired element is located. 

2022-02-23 11:29:17 - [MESSAGE][WARNING] - Web element with id: 'Object Repository/Modulo Pruebas Bienestar/Crear_un_Evento/a_No Diligenciada_formEventoEvaluacionpanel_eventotablaEvaluacion0j_idt885' located by '//td[10]/a' not found

2022-02-23 11:29:17 - [TEST_STEP][PASSED] - click(findTestObject("Modulo Pruebas Bienestar/Crear_un_Evento/div_Participante")): Object: 'Object Repository/Modulo Pruebas Bienestar/Crear_un_Evento/div_Participante' is clicked on

2022-02-23 11:29:18 - [MESSAGE][PASSED] - Object: 'Object Repository/Modulo Pruebas Bienestar/Crear_un_Evento/div_Participante' is clicked on

2022-02-23 11:29:18 - [TEST_STEP][PASSED] - click(findTestObject("Modulo Pruebas Bienestar/Crear_un_Evento/a_Cambiar")): Object: 'Object Repository/Modulo Pruebas Bienestar/Crear_un_Evento/a_Cambiar' is clicked on

2022-02-23 11:29:18 - [MESSAGE][PASSED] - Object: 'Object Repository/Modulo Pruebas Bienestar/Crear_un_Evento/a_Cambiar' is clicked on

2022-02-23 11:29:18 - [TEST_STEP][PASSED] - if (waitForElementVisible(findTestObject("Modulo Pruebas Bienestar/Crear_un_Evento/td_Noborrar Usuario Portal"), 1)): null

2022-02-23 11:29:19 - [MESSAGE][PASSED] - Object 'Object Repository/Modulo Pruebas Bienestar/Crear_un_Evento/td_Noborrar Usuario Portal' is visible

2022-02-23 11:29:19 - [TEST_STEP][PASSED] - click(findTestObject("Modulo Pruebas Bienestar/Crear_un_Evento/td_Noborrar Usuario Portal")): Object: 'Object Repository/Modulo Pruebas Bienestar/Crear_un_Evento/td_Noborrar Usuario Portal' is clicked on

2022-02-23 11:29:20 - [MESSAGE][PASSED] - Object: 'Object Repository/Modulo Pruebas Bienestar/Crear_un_Evento/td_Noborrar Usuario Portal' is clicked on

2022-02-23 11:29:20 - [TEST_STEP][PASSED] - click(findTestObject("Modulo Pruebas Bienestar/Crear_un_Evento/a_Cambiar Datos")): Object: 'Object Repository/Modulo Pruebas Bienestar/Crear_un_Evento/a_Cambiar Datos' is clicked on

2022-02-23 11:29:22 - [MESSAGE][PASSED] - Object: 'Object Repository/Modulo Pruebas Bienestar/Crear_un_Evento/a_Cambiar Datos' is clicked on

2022-02-23 11:29:22 - [TEST_STEP][PASSED] - click(findTestObject("Modulo Pruebas Bienestar/Crear_un_Evento/a_Eliminar_Cambiar")): Object: 'Object Repository/Modulo Pruebas Bienestar/Crear_un_Evento/a_Eliminar_Cambiar' is clicked on

2022-02-23 11:29:23 - [MESSAGE][PASSED] - Object: 'Object Repository/Modulo Pruebas Bienestar/Crear_un_Evento/a_Eliminar_Cambiar' is clicked on

2022-02-23 11:29:23 - [TEST_STEP][PASSED] - click(findTestObject("Modulo Pruebas Bienestar/Crear_un_Evento/span_Si_Cambiar")): Object: 'Object Repository/Modulo Pruebas Bienestar/Crear_un_Evento/span_Si_Cambiar' is clicked on

2022-02-23 11:29:24 - [MESSAGE][PASSED] - Object: 'Object Repository/Modulo Pruebas Bienestar/Crear_un_Evento/span_Si_Cambiar' is clicked on

2022-02-23 11:29:24 - [TEST_STEP][PASSED] - click(findTestObject("Modulo Pruebas Bienestar/Crear_un_Evento/div_Datos Evento")): Object: 'Object Repository/Modulo Pruebas Bienestar/Crear_un_Evento/div_Datos Evento' is clicked on

2022-02-23 11:29:25 - [MESSAGE][PASSED] - Object: 'Object Repository/Modulo Pruebas Bienestar/Crear_un_Evento/div_Datos Evento' is clicked on

2022-02-23 11:29:25 - [TEST_STEP][PASSED] - click(findTestObject("Modulo Pruebas Bienestar/Crear_un_Evento/a_Registro0")): Object: 'Object Repository/Modulo Pruebas Bienestar/Crear_un_Evento/a_Registro0' is clicked on

2022-02-23 11:29:25 - [MESSAGE][PASSED] - Object: 'Object Repository/Modulo Pruebas Bienestar/Crear_un_Evento/a_Registro0' is clicked on

2022-02-23 11:29:25 - [TEST_STEP][PASSED] - click(findTestObject("Modulo Pruebas Bienestar/Crear_un_Evento/a_Eliminar")): Object: 'Object Repository/Modulo Pruebas Bienestar/Crear_un_Evento/a_Eliminar' is clicked on

2022-02-23 11:29:26 - [MESSAGE][PASSED] - Object: 'Object Repository/Modulo Pruebas Bienestar/Crear_un_Evento/a_Eliminar' is clicked on

2022-02-23 11:29:26 - [TEST_STEP][PASSED] - click(findTestObject("Modulo Pruebas Bienestar/Crear_un_Evento/a_Aceptar2")): Object: 'Object Repository/Modulo Pruebas Bienestar/Crear_un_Evento/a_Aceptar2' is clicked on

2022-02-23 11:29:27 - [MESSAGE][PASSED] - Object: 'Object Repository/Modulo Pruebas Bienestar/Crear_un_Evento/a_Aceptar2' is clicked on

2022-02-23 11:29:27 - [TEST_STEP][PASSED] - click(findTestObject("Modulo Pruebas Bienestar/Crear_un_Evento/a_Nuevo")): Object: 'Object Repository/Modulo Pruebas Bienestar/Crear_un_Evento/a_Nuevo' is clicked on

2022-02-23 11:29:28 - [MESSAGE][PASSED] - Object: 'Object Repository/Modulo Pruebas Bienestar/Crear_un_Evento/a_Nuevo' is clicked on

2022-02-23 11:29:28 - [TEST_STEP][PASSED] - selectOptionByIndex(findTestObject("Modulo Pruebas Bienestar/Crear_un_Evento/select_-- Seleccione --aprea de Saludrea Formativarea Deportivarea de cienciasrea Social"), 3): All options with index in [3] are selected on object 'Object Repository/Modulo Pruebas Bienestar/Crear_un_Evento/select_-- Seleccione --aprea de Saludrea Formativarea Deportivarea de cienciasrea Social'

2022-02-23 11:29:29 - [MESSAGE][PASSED] - All options with index in [3] are selected on object 'Object Repository/Modulo Pruebas Bienestar/Crear_un_Evento/select_-- Seleccione --aprea de Saludrea Formativarea Deportivarea de cienciasrea Social'

2022-02-23 11:29:29 - [TEST_STEP][PASSED] - selectOptionByIndex(findTestObject("Modulo Pruebas Bienestar/Crear_un_Evento/select_-- Seleccione --Promocin y prevencinActivate Acompaamiento psicosocial Semana de la SaludSeguimiento puestos de trabajo"), "1"): All options with index in [1] are selected on object 'Object Repository/Modulo Pruebas Bienestar/Crear_un_Evento/select_-- Seleccione --Promocin y prevencinActivate Acompaamiento psicosocial Semana de la SaludSeguimiento puestos de trabajo'

2022-02-23 11:29:31 - [MESSAGE][PASSED] - All options with index in [1] are selected on object 'Object Repository/Modulo Pruebas Bienestar/Crear_un_Evento/select_-- Seleccione --Promocin y prevencinActivate Acompaamiento psicosocial Semana de la SaludSeguimiento puestos de trabajo'

2022-02-23 11:29:31 - [TEST_STEP][PASSED] - selectOptionByIndex(findTestObject("Modulo Pruebas Bienestar/Crear_un_Evento/select_-- Seleccione --Evento grupo Bienestar MultipleEvento Grupo Bienestar Multiple SIEvento Grupo Bienestar nicoEvento Individual Multiple SS"), 5): All options with index in [5] are selected on object 'Object Repository/Modulo Pruebas Bienestar/Crear_un_Evento/select_-- Seleccione --Evento grupo Bienestar MultipleEvento Grupo Bienestar Multiple SIEvento Grupo Bienestar nicoEvento Individual Multiple SS'

2022-02-23 11:29:32 - [MESSAGE][PASSED] - All options with index in [5] are selected on object 'Object Repository/Modulo Pruebas Bienestar/Crear_un_Evento/select_-- Seleccione --Evento grupo Bienestar MultipleEvento Grupo Bienestar Multiple SIEvento Grupo Bienestar nicoEvento Individual Multiple SS'

2022-02-23 11:29:32 - [TEST_STEP][PASSED] - waitForElementClickable(findTestObject("Modulo Pruebas Bienestar/Crear_un_Evento/a_Aplicar"), 0): Object 'Object Repository/Modulo Pruebas Bienestar/Crear_un_Evento/a_Aplicar' is clickable

2022-02-23 11:29:32 - [MESSAGE][WARNING] - Timeout '0' is invalid. Using default page load timeout: '30'

2022-02-23 11:29:33 - [MESSAGE][PASSED] - Object 'Object Repository/Modulo Pruebas Bienestar/Crear_un_Evento/a_Aplicar' is clickable

2022-02-23 11:29:33 - [TEST_STEP][PASSED] - click(findTestObject("Modulo Pruebas Bienestar/Crear_un_Evento/a_Aplicar")): Object: 'Object Repository/Modulo Pruebas Bienestar/Crear_un_Evento/a_Aplicar' is clicked on

2022-02-23 11:29:33 - [MESSAGE][PASSED] - Object: 'Object Repository/Modulo Pruebas Bienestar/Crear_un_Evento/a_Aplicar' is clicked on

2022-02-23 11:29:33 - [TEST_STEP][PASSED] - waitForElementClickable(findTestObject("Modulo Pruebas Bienestar/Crear_un_Evento/input_Nombre_formEventosfENombre"), 0): Object 'Object Repository/Modulo Pruebas Bienestar/Crear_un_Evento/input_Nombre_formEventosfENombre' is clickable

2022-02-23 11:29:33 - [MESSAGE][WARNING] - Timeout '0' is invalid. Using default page load timeout: '30'

2022-02-23 11:29:34 - [MESSAGE][PASSED] - Object 'Object Repository/Modulo Pruebas Bienestar/Crear_un_Evento/input_Nombre_formEventosfENombre' is clickable

2022-02-23 11:29:34 - [TEST_STEP][PASSED] - setText(findTestObject("Modulo Pruebas Bienestar/Crear_un_Evento/input_Nombre_formEventosfENombre"), "Prueba-S"): Text 'Prueba-S' is set on object 'Object Repository/Modulo Pruebas Bienestar/Crear_un_Evento/input_Nombre_formEventosfENombre'

2022-02-23 11:29:35 - [MESSAGE][PASSED] - Text 'Prueba-S' is set on object 'Object Repository/Modulo Pruebas Bienestar/Crear_un_Evento/input_Nombre_formEventosfENombre'

2022-02-23 11:29:35 - [TEST_STEP][PASSED] - setText(findTestObject("Modulo Pruebas Bienestar/Crear_un_Evento/input_Inicial Desarrollo_formEventosfechaIn_input"), FechaI): Text '23/2/2022' is set on object 'Object Repository/Modulo Pruebas Bienestar/Crear_un_Evento/input_Inicial Desarrollo_formEventosfechaIn_input'

2022-02-23 11:29:36 - [MESSAGE][PASSED] - Text '23/2/2022' is set on object 'Object Repository/Modulo Pruebas Bienestar/Crear_un_Evento/input_Inicial Desarrollo_formEventosfechaIn_input'

2022-02-23 11:29:36 - [TEST_STEP][PASSED] - setText(findTestObject("Modulo Pruebas Bienestar/Crear_un_Evento/input_Final Desarrollo_formEventosfechaFin_input"), FechaF): Text '10/3/2022' is set on object 'Object Repository/Modulo Pruebas Bienestar/Crear_un_Evento/input_Final Desarrollo_formEventosfechaFin_input'

2022-02-23 11:29:37 - [MESSAGE][PASSED] - Text '10/3/2022' is set on object 'Object Repository/Modulo Pruebas Bienestar/Crear_un_Evento/input_Final Desarrollo_formEventosfechaFin_input'

2022-02-23 11:29:37 - [TEST_STEP][PASSED] - click(findTestObject("Modulo Pruebas Bienestar/Crear_un_Evento/a_Guardar")): Object: 'Object Repository/Modulo Pruebas Bienestar/Crear_un_Evento/a_Guardar' is clicked on

2022-02-23 11:29:37 - [MESSAGE][PASSED] - Object: 'Object Repository/Modulo Pruebas Bienestar/Crear_un_Evento/a_Guardar' is clicked on

2022-02-23 11:29:37 - [TEST_STEP][PASSED] - click(findTestObject("Modulo Pruebas Bienestar/Crear_un_Evento/a_Momento Eventos")): Object: 'Object Repository/Modulo Pruebas Bienestar/Crear_un_Evento/a_Momento Eventos' is clicked on

2022-02-23 11:29:38 - [MESSAGE][PASSED] - Object: 'Object Repository/Modulo Pruebas Bienestar/Crear_un_Evento/a_Momento Eventos' is clicked on

2022-02-23 11:29:38 - [TEST_STEP][PASSED] - click(findTestObject("Modulo Pruebas Bienestar/Crear_un_Evento/a_Nuevo1")): Object: 'Object Repository/Modulo Pruebas Bienestar/Crear_un_Evento/a_Nuevo1' is clicked on

2022-02-23 11:29:39 - [MESSAGE][PASSED] - Object: 'Object Repository/Modulo Pruebas Bienestar/Crear_un_Evento/a_Nuevo1' is clicked on

2022-02-23 11:29:39 - [TEST_STEP][PASSED] - setText(findTestObject("Modulo Pruebas Bienestar/Crear_un_Evento/input_Cdigo_popupMomentoEvento_formcodigo"), "355682169"): Text '355682169' is set on object 'Object Repository/Modulo Pruebas Bienestar/Crear_un_Evento/input_Cdigo_popupMomentoEvento_formcodigo'

2022-02-23 11:29:40 - [MESSAGE][PASSED] - Text '355682169' is set on object 'Object Repository/Modulo Pruebas Bienestar/Crear_un_Evento/input_Cdigo_popupMomentoEvento_formcodigo'

2022-02-23 11:29:40 - [TEST_STEP][PASSED] - setText(findTestObject("Modulo Pruebas Bienestar/Crear_un_Evento/input_Nombre_popupMomentoEvento_formpMENombre"), "prueba"): Text 'prueba' is set on object 'Object Repository/Modulo Pruebas Bienestar/Crear_un_Evento/input_Nombre_popupMomentoEvento_formpMENombre'

2022-02-23 11:29:41 - [MESSAGE][PASSED] - Text 'prueba' is set on object 'Object Repository/Modulo Pruebas Bienestar/Crear_un_Evento/input_Nombre_popupMomentoEvento_formpMENombre'

2022-02-23 11:29:41 - [TEST_STEP][PASSED] - selectOptionByIndex(findTestObject("Modulo Pruebas Bienestar/Crear_un_Evento/select_-- Seleccione --ESCENARIO DE PRUEBASALON 1"), 1): All options with index in [1] are selected on object 'Object Repository/Modulo Pruebas Bienestar/Crear_un_Evento/select_-- Seleccione --ESCENARIO DE PRUEBASALON 1'

2022-02-23 11:29:42 - [MESSAGE][PASSED] - All options with index in [1] are selected on object 'Object Repository/Modulo Pruebas Bienestar/Crear_un_Evento/select_-- Seleccione --ESCENARIO DE PRUEBASALON 1'

2022-02-23 11:29:42 - [TEST_STEP][PASSED] - selectOptionByIndex(findTestObject("Modulo Pruebas Bienestar/Crear_un_Evento/select_-- Seleccione --FemeninaMasculinaMixta"), 3): All options with index in [3] are selected on object 'Object Repository/Modulo Pruebas Bienestar/Crear_un_Evento/select_-- Seleccione --FemeninaMasculinaMixta'

2022-02-23 11:29:43 - [MESSAGE][PASSED] - All options with index in [3] are selected on object 'Object Repository/Modulo Pruebas Bienestar/Crear_un_Evento/select_-- Seleccione --FemeninaMasculinaMixta'

2022-02-23 11:29:43 - [TEST_STEP][PASSED] - selectOptionByIndex(findTestObject("Modulo Pruebas Bienestar/Crear_un_Evento/select_-- Seleccione --Nivel BsicoNivel IntermedionicoNivel Avanzado"), 1): All options with index in [1] are selected on object 'Object Repository/Modulo Pruebas Bienestar/Crear_un_Evento/select_-- Seleccione --Nivel BsicoNivel IntermedionicoNivel Avanzado'

2022-02-23 11:29:44 - [MESSAGE][PASSED] - All options with index in [1] are selected on object 'Object Repository/Modulo Pruebas Bienestar/Crear_un_Evento/select_-- Seleccione --Nivel BsicoNivel IntermedionicoNivel Avanzado'

2022-02-23 11:29:44 - [TEST_STEP][PASSED] - setText(findTestObject("Modulo Pruebas Bienestar/Crear_un_Evento/input_Cupo Mximo_popupMomentoEvento_formpMECupoMaximo"), "150"): Text '150' is set on object 'Object Repository/Modulo Pruebas Bienestar/Crear_un_Evento/input_Cupo Mximo_popupMomentoEvento_formpMECupoMaximo'

2022-02-23 11:29:45 - [MESSAGE][PASSED] - Text '150' is set on object 'Object Repository/Modulo Pruebas Bienestar/Crear_un_Evento/input_Cupo Mximo_popupMomentoEvento_formpMECupoMaximo'

2022-02-23 11:29:45 - [TEST_STEP][PASSED] - setText(findTestObject("Modulo Pruebas Bienestar/Crear_un_Evento/input_Cupo Minimo_popupMomentoEvento_formpMECupoMinimo"), "1"): Text '1' is set on object 'Object Repository/Modulo Pruebas Bienestar/Crear_un_Evento/input_Cupo Minimo_popupMomentoEvento_formpMECupoMinimo'

2022-02-23 11:29:45 - [MESSAGE][PASSED] - Text '1' is set on object 'Object Repository/Modulo Pruebas Bienestar/Crear_un_Evento/input_Cupo Minimo_popupMomentoEvento_formpMECupoMinimo'

2022-02-23 11:29:45 - [TEST_STEP][PASSED] - selectOptionByIndex(findTestObject("Modulo Pruebas Bienestar/Crear_un_Evento/select_-- Seleccione --CanceladoProgramada"), 2): All options with index in [2] are selected on object 'Object Repository/Modulo Pruebas Bienestar/Crear_un_Evento/select_-- Seleccione --CanceladoProgramada'

2022-02-23 11:29:46 - [MESSAGE][PASSED] - All options with index in [2] are selected on object 'Object Repository/Modulo Pruebas Bienestar/Crear_un_Evento/select_-- Seleccione --CanceladoProgramada'

2022-02-23 11:29:46 - [TEST_STEP][PASSED] - setText(findTestObject("Modulo Pruebas Bienestar/Crear_un_Evento/input_Inscripcin Inicial_popupMomentoEvento_formpMEInscripcionInicia_input"), FechaI): Text '23/2/2022' is set on object 'Object Repository/Modulo Pruebas Bienestar/Crear_un_Evento/input_Inscripcin Inicial_popupMomentoEvento_formpMEInscripcionInicia_input'

2022-02-23 11:29:47 - [MESSAGE][PASSED] - Text '23/2/2022' is set on object 'Object Repository/Modulo Pruebas Bienestar/Crear_un_Evento/input_Inscripcin Inicial_popupMomentoEvento_formpMEInscripcionInicia_input'

2022-02-23 11:29:47 - [TEST_STEP][PASSED] - setText(findTestObject("Modulo Pruebas Bienestar/Crear_un_Evento/input_Inscripcin Termina_popupMomentoEvento_formpMEInscripcionFinaliza_input"), FechaF): Text '10/3/2022' is set on object 'Object Repository/Modulo Pruebas Bienestar/Crear_un_Evento/input_Inscripcin Termina_popupMomentoEvento_formpMEInscripcionFinaliza_input'

2022-02-23 11:29:48 - [MESSAGE][PASSED] - Text '10/3/2022' is set on object 'Object Repository/Modulo Pruebas Bienestar/Crear_un_Evento/input_Inscripcin Termina_popupMomentoEvento_formpMEInscripcionFinaliza_input'

2022-02-23 11:29:48 - [TEST_STEP][PASSED] - click(findTestObject("Modulo Pruebas Bienestar/Crear_un_Evento/a_Guardar1")): Object: 'Object Repository/Modulo Pruebas Bienestar/Crear_un_Evento/a_Guardar1' is clicked on

2022-02-23 11:29:49 - [MESSAGE][PASSED] - Object: 'Object Repository/Modulo Pruebas Bienestar/Crear_un_Evento/a_Guardar1' is clicked on

2022-02-23 11:29:49 - [TEST_STEP][PASSED] - click(findTestObject("Modulo Pruebas Bienestar/Crear_un_Evento/a_Regresar")): Object: 'Object Repository/Modulo Pruebas Bienestar/Crear_un_Evento/a_Regresar' is clicked on

2022-02-23 11:29:50 - [MESSAGE][PASSED] - Object: 'Object Repository/Modulo Pruebas Bienestar/Crear_un_Evento/a_Regresar' is clicked on

2022-02-23 11:29:50 - [TEST_STEP][PASSED] - click(findTestObject("Modulo Pruebas Bienestar/Crear_un_Evento/a_Nuevo")): Object: 'Object Repository/Modulo Pruebas Bienestar/Crear_un_Evento/a_Nuevo' is clicked on

2022-02-23 11:29:51 - [MESSAGE][PASSED] - Object: 'Object Repository/Modulo Pruebas Bienestar/Crear_un_Evento/a_Nuevo' is clicked on

2022-02-23 11:29:51 - [TEST_STEP][PASSED] - selectOptionByIndex(findTestObject("Modulo Pruebas Bienestar/Crear_un_Evento/select_-- Seleccione --aprea de Saludrea Formativarea Deportivarea de cienciasrea Social"), 5): All options with index in [5] are selected on object 'Object Repository/Modulo Pruebas Bienestar/Crear_un_Evento/select_-- Seleccione --aprea de Saludrea Formativarea Deportivarea de cienciasrea Social'

2022-02-23 11:29:52 - [MESSAGE][PASSED] - All options with index in [5] are selected on object 'Object Repository/Modulo Pruebas Bienestar/Crear_un_Evento/select_-- Seleccione --aprea de Saludrea Formativarea Deportivarea de cienciasrea Social'

2022-02-23 11:29:52 - [TEST_STEP][PASSED] - selectOptionByIndex(findTestObject("Modulo Pruebas Bienestar/Crear_un_Evento/select_-- Seleccione --Promocin y prevencinActivate Acompaamiento psicosocial Semana de la SaludSeguimiento puestos de trabajo"), "1"): All options with index in [1] are selected on object 'Object Repository/Modulo Pruebas Bienestar/Crear_un_Evento/select_-- Seleccione --Promocin y prevencinActivate Acompaamiento psicosocial Semana de la SaludSeguimiento puestos de trabajo'

2022-02-23 11:29:54 - [MESSAGE][PASSED] - All options with index in [1] are selected on object 'Object Repository/Modulo Pruebas Bienestar/Crear_un_Evento/select_-- Seleccione --Promocin y prevencinActivate Acompaamiento psicosocial Semana de la SaludSeguimiento puestos de trabajo'

2022-02-23 11:29:54 - [TEST_STEP][PASSED] - selectOptionByIndex(findTestObject("Modulo Pruebas Bienestar/Crear_un_Evento/select_-- Seleccione --Evento grupo Bienestar MultipleEvento Grupo Bienestar Multiple SIEvento Grupo Bienestar nicoEvento Individual Multiple SS"), 2): All options with index in [2] are selected on object 'Object Repository/Modulo Pruebas Bienestar/Crear_un_Evento/select_-- Seleccione --Evento grupo Bienestar MultipleEvento Grupo Bienestar Multiple SIEvento Grupo Bienestar nicoEvento Individual Multiple SS'

2022-02-23 11:29:55 - [MESSAGE][PASSED] - All options with index in [2] are selected on object 'Object Repository/Modulo Pruebas Bienestar/Crear_un_Evento/select_-- Seleccione --Evento grupo Bienestar MultipleEvento Grupo Bienestar Multiple SIEvento Grupo Bienestar nicoEvento Individual Multiple SS'

2022-02-23 11:29:55 - [TEST_STEP][PASSED] - click(findTestObject("Modulo Pruebas Bienestar/Crear_un_Evento/a_Aplicar")): Object: 'Object Repository/Modulo Pruebas Bienestar/Crear_un_Evento/a_Aplicar' is clicked on

2022-02-23 11:29:56 - [MESSAGE][PASSED] - Object: 'Object Repository/Modulo Pruebas Bienestar/Crear_un_Evento/a_Aplicar' is clicked on

2022-02-23 11:29:56 - [TEST_STEP][PASSED] - waitForElementClickable(findTestObject("Modulo Pruebas Bienestar/Crear_un_Evento/input_Nombre_formEventosfENombre"), 0): Object 'Object Repository/Modulo Pruebas Bienestar/Crear_un_Evento/input_Nombre_formEventosfENombre' is clickable

2022-02-23 11:29:56 - [MESSAGE][WARNING] - Timeout '0' is invalid. Using default page load timeout: '30'

2022-02-23 11:29:57 - [MESSAGE][PASSED] - Object 'Object Repository/Modulo Pruebas Bienestar/Crear_un_Evento/input_Nombre_formEventosfENombre' is clickable

2022-02-23 11:29:57 - [TEST_STEP][PASSED] - setText(findTestObject("Modulo Pruebas Bienestar/Crear_un_Evento/input_Nombre_formEventosfENombre"), "Prueba-S-SH"): Text 'Prueba-S-SH' is set on object 'Object Repository/Modulo Pruebas Bienestar/Crear_un_Evento/input_Nombre_formEventosfENombre'

2022-02-23 11:29:58 - [MESSAGE][PASSED] - Text 'Prueba-S-SH' is set on object 'Object Repository/Modulo Pruebas Bienestar/Crear_un_Evento/input_Nombre_formEventosfENombre'

2022-02-23 11:29:58 - [TEST_STEP][PASSED] - setText(findTestObject("Modulo Pruebas Bienestar/Crear_un_Evento/input_Inicial Desarrollo_formEventosfechaIn_input"), FechaI): Text '23/2/2022' is set on object 'Object Repository/Modulo Pruebas Bienestar/Crear_un_Evento/input_Inicial Desarrollo_formEventosfechaIn_input'

2022-02-23 11:29:59 - [MESSAGE][PASSED] - Text '23/2/2022' is set on object 'Object Repository/Modulo Pruebas Bienestar/Crear_un_Evento/input_Inicial Desarrollo_formEventosfechaIn_input'

2022-02-23 11:29:59 - [TEST_STEP][PASSED] - setText(findTestObject("Modulo Pruebas Bienestar/Crear_un_Evento/input_Final Desarrollo_formEventosfechaFin_input"), FechaF): Text '10/3/2022' is set on object 'Object Repository/Modulo Pruebas Bienestar/Crear_un_Evento/input_Final Desarrollo_formEventosfechaFin_input'

2022-02-23 11:30:00 - [MESSAGE][PASSED] - Text '10/3/2022' is set on object 'Object Repository/Modulo Pruebas Bienestar/Crear_un_Evento/input_Final Desarrollo_formEventosfechaFin_input'

2022-02-23 11:30:00 - [TEST_STEP][PASSED] - click(findTestObject("Modulo Pruebas Bienestar/Crear_un_Evento/a_Guardar")): Object: 'Object Repository/Modulo Pruebas Bienestar/Crear_un_Evento/a_Guardar' is clicked on

2022-02-23 11:30:00 - [MESSAGE][PASSED] - Object: 'Object Repository/Modulo Pruebas Bienestar/Crear_un_Evento/a_Guardar' is clicked on

2022-02-23 11:30:00 - [TEST_STEP][PASSED] - click(findTestObject("Modulo Pruebas Bienestar/Crear_un_Evento/a_Momento Eventos")): Object: 'Object Repository/Modulo Pruebas Bienestar/Crear_un_Evento/a_Momento Eventos' is clicked on

2022-02-23 11:30:02 - [MESSAGE][PASSED] - Object: 'Object Repository/Modulo Pruebas Bienestar/Crear_un_Evento/a_Momento Eventos' is clicked on

2022-02-23 11:30:02 - [TEST_STEP][PASSED] - click(findTestObject("Modulo Pruebas Bienestar/Crear_un_Evento/a_Nuevo1")): Object: 'Object Repository/Modulo Pruebas Bienestar/Crear_un_Evento/a_Nuevo1' is clicked on

2022-02-23 11:30:03 - [MESSAGE][PASSED] - Object: 'Object Repository/Modulo Pruebas Bienestar/Crear_un_Evento/a_Nuevo1' is clicked on

2022-02-23 11:30:03 - [TEST_STEP][PASSED] - setText(findTestObject("Modulo Pruebas Bienestar/Crear_un_Evento/input_Cdigo_popupMomentoEvento_formcodigo"), "355682169"): Text '355682169' is set on object 'Object Repository/Modulo Pruebas Bienestar/Crear_un_Evento/input_Cdigo_popupMomentoEvento_formcodigo'

2022-02-23 11:30:05 - [MESSAGE][PASSED] - Text '355682169' is set on object 'Object Repository/Modulo Pruebas Bienestar/Crear_un_Evento/input_Cdigo_popupMomentoEvento_formcodigo'

2022-02-23 11:30:05 - [TEST_STEP][PASSED] - setText(findTestObject("Modulo Pruebas Bienestar/Crear_un_Evento/input_Nombre_popupMomentoEvento_formpMENombre"), "prueba-S-SH"): Text 'prueba-S-SH' is set on object 'Object Repository/Modulo Pruebas Bienestar/Crear_un_Evento/input_Nombre_popupMomentoEvento_formpMENombre'

2022-02-23 11:30:06 - [MESSAGE][PASSED] - Text 'prueba-S-SH' is set on object 'Object Repository/Modulo Pruebas Bienestar/Crear_un_Evento/input_Nombre_popupMomentoEvento_formpMENombre'

2022-02-23 11:30:06 - [TEST_STEP][PASSED] - selectOptionByIndex(findTestObject("Modulo Pruebas Bienestar/Crear_un_Evento/select_-- Seleccione --ESCENARIO DE PRUEBASALON 1"), 1): All options with index in [1] are selected on object 'Object Repository/Modulo Pruebas Bienestar/Crear_un_Evento/select_-- Seleccione --ESCENARIO DE PRUEBASALON 1'

2022-02-23 11:30:07 - [MESSAGE][PASSED] - All options with index in [1] are selected on object 'Object Repository/Modulo Pruebas Bienestar/Crear_un_Evento/select_-- Seleccione --ESCENARIO DE PRUEBASALON 1'

2022-02-23 11:30:07 - [TEST_STEP][PASSED] - selectOptionByIndex(findTestObject("Modulo Pruebas Bienestar/Crear_un_Evento/select_-- Seleccione --FemeninaMasculinaMixta"), 3): All options with index in [3] are selected on object 'Object Repository/Modulo Pruebas Bienestar/Crear_un_Evento/select_-- Seleccione --FemeninaMasculinaMixta'

2022-02-23 11:30:08 - [MESSAGE][PASSED] - All options with index in [3] are selected on object 'Object Repository/Modulo Pruebas Bienestar/Crear_un_Evento/select_-- Seleccione --FemeninaMasculinaMixta'

2022-02-23 11:30:08 - [TEST_STEP][PASSED] - selectOptionByIndex(findTestObject("Modulo Pruebas Bienestar/Crear_un_Evento/select_-- Seleccione --Nivel BsicoNivel IntermedionicoNivel Avanzado"), 1): All options with index in [1] are selected on object 'Object Repository/Modulo Pruebas Bienestar/Crear_un_Evento/select_-- Seleccione --Nivel BsicoNivel IntermedionicoNivel Avanzado'

2022-02-23 11:30:09 - [MESSAGE][PASSED] - All options with index in [1] are selected on object 'Object Repository/Modulo Pruebas Bienestar/Crear_un_Evento/select_-- Seleccione --Nivel BsicoNivel IntermedionicoNivel Avanzado'

2022-02-23 11:30:09 - [TEST_STEP][PASSED] - setText(findTestObject("Modulo Pruebas Bienestar/Crear_un_Evento/input_Cupo Mximo_popupMomentoEvento_formpMECupoMaximo"), "150"): Text '150' is set on object 'Object Repository/Modulo Pruebas Bienestar/Crear_un_Evento/input_Cupo Mximo_popupMomentoEvento_formpMECupoMaximo'

2022-02-23 11:30:10 - [MESSAGE][PASSED] - Text '150' is set on object 'Object Repository/Modulo Pruebas Bienestar/Crear_un_Evento/input_Cupo Mximo_popupMomentoEvento_formpMECupoMaximo'

2022-02-23 11:30:10 - [TEST_STEP][PASSED] - setText(findTestObject("Modulo Pruebas Bienestar/Crear_un_Evento/input_Cupo Minimo_popupMomentoEvento_formpMECupoMinimo"), "1"): Text '1' is set on object 'Object Repository/Modulo Pruebas Bienestar/Crear_un_Evento/input_Cupo Minimo_popupMomentoEvento_formpMECupoMinimo'

2022-02-23 11:30:10 - [MESSAGE][PASSED] - Text '1' is set on object 'Object Repository/Modulo Pruebas Bienestar/Crear_un_Evento/input_Cupo Minimo_popupMomentoEvento_formpMECupoMinimo'

2022-02-23 11:30:10 - [TEST_STEP][PASSED] - selectOptionByIndex(findTestObject("Modulo Pruebas Bienestar/Crear_un_Evento/select_-- Seleccione --Canizalez Acero Marta BrigitteMendoza 1010 Empleado"), 2): All options with index in [2] are selected on object 'Object Repository/Modulo Pruebas Bienestar/Crear_un_Evento/select_-- Seleccione --Canizalez Acero Marta BrigitteMendoza 1010 Empleado'

2022-02-23 11:30:11 - [MESSAGE][PASSED] - All options with index in [2] are selected on object 'Object Repository/Modulo Pruebas Bienestar/Crear_un_Evento/select_-- Seleccione --Canizalez Acero Marta BrigitteMendoza 1010 Empleado'

2022-02-23 11:30:11 - [TEST_STEP][PASSED] - selectOptionByIndex(findTestObject("Modulo Pruebas Bienestar/Crear_un_Evento/select_-- Seleccione --CanceladoProgramada"), 2): All options with index in [2] are selected on object 'Object Repository/Modulo Pruebas Bienestar/Crear_un_Evento/select_-- Seleccione --CanceladoProgramada'

2022-02-23 11:30:12 - [MESSAGE][PASSED] - All options with index in [2] are selected on object 'Object Repository/Modulo Pruebas Bienestar/Crear_un_Evento/select_-- Seleccione --CanceladoProgramada'

2022-02-23 11:30:12 - [TEST_STEP][PASSED] - setText(findTestObject("Modulo Pruebas Bienestar/Crear_un_Evento/input_Inscripcin Inicial_popupMomentoEvento_formpMEInscripcionInicia_input"), FechaI): Text '23/2/2022' is set on object 'Object Repository/Modulo Pruebas Bienestar/Crear_un_Evento/input_Inscripcin Inicial_popupMomentoEvento_formpMEInscripcionInicia_input'

2022-02-23 11:30:13 - [MESSAGE][PASSED] - Text '23/2/2022' is set on object 'Object Repository/Modulo Pruebas Bienestar/Crear_un_Evento/input_Inscripcin Inicial_popupMomentoEvento_formpMEInscripcionInicia_input'

2022-02-23 11:30:13 - [TEST_STEP][PASSED] - setText(findTestObject("Modulo Pruebas Bienestar/Crear_un_Evento/input_Inscripcin Termina_popupMomentoEvento_formpMEInscripcionFinaliza_input"), FechaF): Text '10/3/2022' is set on object 'Object Repository/Modulo Pruebas Bienestar/Crear_un_Evento/input_Inscripcin Termina_popupMomentoEvento_formpMEInscripcionFinaliza_input'

2022-02-23 11:30:14 - [MESSAGE][PASSED] - Text '10/3/2022' is set on object 'Object Repository/Modulo Pruebas Bienestar/Crear_un_Evento/input_Inscripcin Termina_popupMomentoEvento_formpMEInscripcionFinaliza_input'

2022-02-23 11:30:14 - [TEST_STEP][PASSED] - click(findTestObject("Modulo Pruebas Bienestar/Crear_un_Evento/a_Guardar1")): Object: 'Object Repository/Modulo Pruebas Bienestar/Crear_un_Evento/a_Guardar1' is clicked on

2022-02-23 11:30:15 - [MESSAGE][PASSED] - Object: 'Object Repository/Modulo Pruebas Bienestar/Crear_un_Evento/a_Guardar1' is clicked on

2022-02-23 11:30:15 - [TEST_STEP][PASSED] - click(findTestObject("Modulo Pruebas Bienestar/Crear_un_Evento/a_Regresar")): Object: 'Object Repository/Modulo Pruebas Bienestar/Crear_un_Evento/a_Regresar' is clicked on

2022-02-23 11:30:16 - [MESSAGE][PASSED] - Object: 'Object Repository/Modulo Pruebas Bienestar/Crear_un_Evento/a_Regresar' is clicked on]]></system-out>
         <system-err><![CDATA[]]></system-err>
      </testcase>
      <testcase name="Test Cases/3.1-Pruebas_Bienestar/3.1.2-Ingresar_instructores" time="22.198" classname="Test Cases/3.1-Pruebas_Bienestar/3.1.2-Ingresar_instructores" status="PASSED">
         <system-out><![CDATA[2022-02-23 11:30:16 - [TEST_CASE][PASSED] - Test Cases/3.1-Pruebas_Bienestar/3.1.2-Ingresar_instructores: Test Cases/3.1-Pruebas_Bienestar/3.1.2-Ingresar_instructores

2022-02-23 11:30:16 - [TEST_STEP][PASSED] - callTestCase(findTestCase("Utilidades-(atajos_para _tareas)/Modulos/Modulo bienestar-eventos"), [:], STOP_ON_FAILURE): Call Test Case 'Test Cases/Utilidades-(atajos_para _tareas)/Modulos/Modulo bienestar-eventos' successfully

2022-02-23 11:30:16 - [TEST_CASE][PASSED] - Test Cases/Utilidades-(atajos_para _tareas)/Modulos/Modulo bienestar-eventos: Test Cases/Utilidades-(atajos_para _tareas)/Modulos/Modulo bienestar-eventos

2022-02-23 11:30:16 - [TEST_STEP][PASSED] - callTestCase(findTestCase("0.1-Login"), [:], STOP_ON_FAILURE): Call Test Case 'Test Cases/0.1-Login' successfully

2022-02-23 11:30:16 - [TEST_CASE][PASSED] - Test Cases/0.1-Login: Test Cases/0.1-Login

2022-02-23 11:30:16 - [TEST_STEP][PASSED] - openBrowser(""): Browser is opened with url: ''

2022-02-23 11:30:16 - [MESSAGE][WARNING] - A browser is already opened. Closing browser and opening a new one

2022-02-23 11:30:17 - [MESSAGE][INFO] - Starting 'Chrome' driver

2022-02-23 11:30:17 - [MESSAGE][INFO] - Action delay is set to 0 milliseconds

2022-02-23 11:30:18 - [MESSAGE][PASSED] - Browser is opened with url: ''

2022-02-23 11:30:18 - [TEST_STEP][PASSED] - maximizeWindow(): Current window maximized

2022-02-23 11:30:18 - [MESSAGE][PASSED] - Current window maximized

2022-02-23 11:30:18 - [TEST_STEP][PASSED] - i = G_Login: null

2022-02-23 11:30:18 - [TEST_STEP][PASSED] - url = new java.net.URL(i): null

2022-02-23 11:30:18 - [TEST_STEP][PASSED] - println("URL: " + url.toString()): null

2022-02-23 11:30:18 - [TEST_STEP][PASSED] - connection = url.openConnection(): null

2022-02-23 11:30:18 - [TEST_STEP][PASSED] - connection.setRequestMethod("GET"): null

2022-02-23 11:30:18 - [TEST_STEP][PASSED] - connection.setReadTimeout(2 * 1000): null

2022-02-23 11:30:18 - [TEST_STEP][PASSED] - try: null

2022-02-23 11:30:18 - [TEST_STEP][PASSED] - connection.connect(): null

2022-02-23 11:30:18 - [TEST_STEP][PASSED] - flag = connected: null

2022-02-23 11:30:18 - [TEST_STEP][PASSED] - println("Valor_ori: " + flag): null

2022-02-23 11:30:18 - [TEST_STEP][PASSED] - if (flag): null

2022-02-23 11:30:18 - [TEST_STEP][PASSED] - navigateToUrl(i): Navigate to 'http://192.168.2.80:8380/saraweb' successfully

2022-02-23 11:30:19 - [MESSAGE][PASSED] - Navigate to 'http://192.168.2.80:8380/saraweb' successfully

2022-02-23 11:30:19 - [TEST_STEP][PASSED] - a(): null

2022-02-23 11:30:19 - [TEST_STEP][PASSED] - setText(findTestObject("Login/input_USUARIO_loginusuario"), G_Usuario): Text 'saraadmin' is set on object 'Object Repository/Login/input_USUARIO_loginusuario'

2022-02-23 11:30:19 - [MESSAGE][PASSED] - Text 'saraadmin' is set on object 'Object Repository/Login/input_USUARIO_loginusuario'

2022-02-23 11:30:19 - [TEST_STEP][PASSED] - setEncryptedText(findTestObject("Login/input_CLAVE_loginpassword"), "MkG4/TYiCFC3cb2driP7+Q=="): Text ****** has been set on object 'Object Repository/Login/input_CLAVE_loginpassword'

2022-02-23 11:30:20 - [MESSAGE][PASSED] - Text ****** has been set on object 'Object Repository/Login/input_CLAVE_loginpassword'

2022-02-23 11:30:20 - [TEST_STEP][PASSED] - waitForElementClickable(findTestObject("Login/a_Ingresar"), G_TimeOut): Object 'Object Repository/Login/a_Ingresar' is clickable

2022-02-23 11:30:20 - [MESSAGE][PASSED] - Object 'Object Repository/Login/a_Ingresar' is clickable

2022-02-23 11:30:20 - [TEST_STEP][PASSED] - click(findTestObject("Login/a_Ingresar")): Object: 'Object Repository/Login/a_Ingresar' is clicked on

2022-02-23 11:30:23 - [MESSAGE][PASSED] - Object: 'Object Repository/Login/a_Ingresar' is clicked on

2022-02-23 11:30:23 - [TEST_STEP][PASSED] - element = findWebElement(findTestObject("Login/a_Ir"), 30): null

2022-02-23 11:30:23 - [TEST_STEP][PASSED] - executeJavaScript("arguments[0].click()", Arrays.asList(element)): Execute JavaScript 'arguments[0].click()' successfully

2022-02-23 11:30:23 - [MESSAGE][PASSED] - Execute JavaScript 'arguments[0].click()' successfully

2022-02-23 11:30:23 - [MESSAGE][PASSED] - Call Test Case 'Test Cases/0.1-Login' successfully

2022-02-23 11:30:23 - [TEST_STEP][PASSED] - waitForElementClickable(findTestObject("Modulo bienestar-eventos/input_ADMINISTRADOR DEL SISTEMA"), 0): Object 'Object Repository/Modulo bienestar-eventos/input_ADMINISTRADOR DEL SISTEMA' is clickable

2022-02-23 11:30:23 - [MESSAGE][WARNING] - Timeout '0' is invalid. Using default page load timeout: '30'

2022-02-23 11:30:24 - [MESSAGE][PASSED] - Object 'Object Repository/Modulo bienestar-eventos/input_ADMINISTRADOR DEL SISTEMA' is clickable

2022-02-23 11:30:24 - [TEST_STEP][PASSED] - setText(findTestObject("Modulo bienestar-eventos/input_ADMINISTRADOR DEL SISTEMA"), "eventos (bie)"): Text 'eventos (bie)' is set on object 'Object Repository/Modulo bienestar-eventos/input_ADMINISTRADOR DEL SISTEMA'

2022-02-23 11:30:25 - [MESSAGE][PASSED] - Text 'eventos (bie)' is set on object 'Object Repository/Modulo bienestar-eventos/input_ADMINISTRADOR DEL SISTEMA'

2022-02-23 11:30:25 - [TEST_STEP][PASSED] - click(findTestObject("Modulo bienestar-eventos/span_Eventos (bie)")): Object: 'Object Repository/Modulo bienestar-eventos/span_Eventos (bie)' is clicked on

2022-02-23 11:30:26 - [MESSAGE][PASSED] - Object: 'Object Repository/Modulo bienestar-eventos/span_Eventos (bie)' is clicked on

2022-02-23 11:30:26 - [MESSAGE][PASSED] - Call Test Case 'Test Cases/Utilidades-(atajos_para _tareas)/Modulos/Modulo bienestar-eventos' successfully

2022-02-23 11:30:26 - [TEST_STEP][PASSED] - if (waitForElementPresent(findTestObject("Modulo Pruebas Bienestar/Ingresar instructores/td_Prueba"), 1)): null

2022-02-23 11:30:28 - [MESSAGE][PASSED] - Object 'Object Repository/Modulo Pruebas Bienestar/Ingresar instructores/td_Prueba' is present

2022-02-23 11:30:28 - [TEST_STEP][PASSED] - click(findTestObject("Modulo Pruebas Bienestar/Ingresar instructores/td_Prueba")): Object: 'Object Repository/Modulo Pruebas Bienestar/Ingresar instructores/td_Prueba' is clicked on

2022-02-23 11:30:28 - [MESSAGE][PASSED] - Object: 'Object Repository/Modulo Pruebas Bienestar/Ingresar instructores/td_Prueba' is clicked on

2022-02-23 11:30:28 - [TEST_STEP][PASSED] - click(findTestObject("Modulo Pruebas Bienestar/Ingresar instructores/a_Instructores")): Object: 'Object Repository/Modulo Pruebas Bienestar/Ingresar instructores/a_Instructores' is clicked on

2022-02-23 11:30:30 - [MESSAGE][PASSED] - Object: 'Object Repository/Modulo Pruebas Bienestar/Ingresar instructores/a_Instructores' is clicked on

2022-02-23 11:30:30 - [TEST_STEP][PASSED] - if (waitForElementClickable(findTestObject("Modulo Pruebas Bienestar/Ingresar instructores/a_Instructores_form_entrenadorlistaEntrenadores0j_idt616"), 1)): Web element with id: 'Object Repository/Modulo Pruebas Bienestar/Ingresar instructores/a_Instructores_form_entrenadorlistaEntrenadores0j_idt616' located by '//div/div/table/tbody/tr/td[2]/a' not found

2022-02-23 11:30:32 - [MESSAGE][INFO] - Unable to find the element located by 'By.xpath: //div/div/table/tbody/tr/td[2]/a'. Please recheck the objects properties to make sure the desired element is located. 

2022-02-23 11:30:32 - [MESSAGE][WARNING] - Web element with id: 'Object Repository/Modulo Pruebas Bienestar/Ingresar instructores/a_Instructores_form_entrenadorlistaEntrenadores0j_idt616' located by '//div/div/table/tbody/tr/td[2]/a' not found

2022-02-23 11:30:32 - [TEST_STEP][PASSED] - selectOptionByIndex(findTestObject("Modulo Pruebas Bienestar/Ingresar instructores/select_-- Seleccione --Beltran Daza Jose AndresCanizalez Acero Marta BrigitteBuitrago Buitrago Andrea12501250Mendoza 1010 Empleado"), 4): All options with index in [4] are selected on object 'Object Repository/Modulo Pruebas Bienestar/Ingresar instructores/select_-- Seleccione --Beltran Daza Jose AndresCanizalez Acero Marta BrigitteBuitrago Buitrago Andrea12501250Mendoza 1010 Empleado'

2022-02-23 11:30:33 - [MESSAGE][PASSED] - All options with index in [4] are selected on object 'Object Repository/Modulo Pruebas Bienestar/Ingresar instructores/select_-- Seleccione --Beltran Daza Jose AndresCanizalez Acero Marta BrigitteBuitrago Buitrago Andrea12501250Mendoza 1010 Empleado'

2022-02-23 11:30:33 - [TEST_STEP][PASSED] - click(findTestObject("Modulo Pruebas Bienestar/Ingresar instructores/a_Instructores_form_entrenadorlistaEntrenadoresj_idt618")): Object: 'Object Repository/Modulo Pruebas Bienestar/Ingresar instructores/a_Instructores_form_entrenadorlistaEntrenadoresj_idt618' is clicked on

2022-02-23 11:30:34 - [MESSAGE][PASSED] - Object: 'Object Repository/Modulo Pruebas Bienestar/Ingresar instructores/a_Instructores_form_entrenadorlistaEntrenadoresj_idt618' is clicked on

2022-02-23 11:30:34 - [TEST_STEP][PASSED] - click(findTestObject("Modulo Pruebas Bienestar/Ingresar instructores/input_Evento Bienestar_form_templatej_idt282j_idt29")): Object: 'Object Repository/Modulo Pruebas Bienestar/Ingresar instructores/input_Evento Bienestar_form_templatej_idt282j_idt29' is clicked on

2022-02-23 11:30:35 - [MESSAGE][PASSED] - Object: 'Object Repository/Modulo Pruebas Bienestar/Ingresar instructores/input_Evento Bienestar_form_templatej_idt282j_idt29' is clicked on

2022-02-23 11:30:35 - [TEST_STEP][PASSED] - delay(2): Delayed 2 second(s)

2022-02-23 11:30:37 - [MESSAGE][PASSED] - Delayed 2 second(s)

2022-02-23 11:30:37 - [TEST_STEP][PASSED] - closeBrowser(): Browser is closed

2022-02-23 11:30:38 - [MESSAGE][PASSED] - Browser is closed]]></system-out>
         <system-err><![CDATA[]]></system-err>
      </testcase>
      <testcase name="Test Cases/3.1-Pruebas_Bienestar/3.1.3-Ingresar entidades" time="17.401" classname="Test Cases/3.1-Pruebas_Bienestar/3.1.3-Ingresar entidades" status="PASSED">
         <system-out><![CDATA[2022-02-23 11:30:38 - [TEST_CASE][PASSED] - Test Cases/3.1-Pruebas_Bienestar/3.1.3-Ingresar entidades: Test Cases/3.1-Pruebas_Bienestar/3.1.3-Ingresar entidades

2022-02-23 11:30:38 - [TEST_STEP][PASSED] - callTestCase(findTestCase("Utilidades-(atajos_para _tareas)/Modulos/Modulo bienestar-eventos"), [:], STOP_ON_FAILURE): Call Test Case 'Test Cases/Utilidades-(atajos_para _tareas)/Modulos/Modulo bienestar-eventos' successfully

2022-02-23 11:30:38 - [TEST_CASE][PASSED] - Test Cases/Utilidades-(atajos_para _tareas)/Modulos/Modulo bienestar-eventos: Test Cases/Utilidades-(atajos_para _tareas)/Modulos/Modulo bienestar-eventos

2022-02-23 11:30:38 - [TEST_STEP][PASSED] - callTestCase(findTestCase("0.1-Login"), [:], STOP_ON_FAILURE): Call Test Case 'Test Cases/0.1-Login' successfully

2022-02-23 11:30:38 - [TEST_CASE][PASSED] - Test Cases/0.1-Login: Test Cases/0.1-Login

2022-02-23 11:30:38 - [TEST_STEP][PASSED] - openBrowser(""): Browser is opened with url: ''

2022-02-23 11:30:38 - [MESSAGE][INFO] - Starting 'Chrome' driver

2022-02-23 11:30:38 - [MESSAGE][INFO] - Action delay is set to 0 milliseconds

2022-02-23 11:30:40 - [MESSAGE][PASSED] - Browser is opened with url: ''

2022-02-23 11:30:40 - [TEST_STEP][PASSED] - maximizeWindow(): Current window maximized

2022-02-23 11:30:40 - [MESSAGE][PASSED] - Current window maximized

2022-02-23 11:30:40 - [TEST_STEP][PASSED] - i = G_Login: null

2022-02-23 11:30:40 - [TEST_STEP][PASSED] - url = new java.net.URL(i): null

2022-02-23 11:30:40 - [TEST_STEP][PASSED] - println("URL: " + url.toString()): null

2022-02-23 11:30:40 - [TEST_STEP][PASSED] - connection = url.openConnection(): null

2022-02-23 11:30:40 - [TEST_STEP][PASSED] - connection.setRequestMethod("GET"): null

2022-02-23 11:30:40 - [TEST_STEP][PASSED] - connection.setReadTimeout(2 * 1000): null

2022-02-23 11:30:40 - [TEST_STEP][PASSED] - try: null

2022-02-23 11:30:40 - [TEST_STEP][PASSED] - connection.connect(): null

2022-02-23 11:30:40 - [TEST_STEP][PASSED] - flag = connected: null

2022-02-23 11:30:40 - [TEST_STEP][PASSED] - println("Valor_ori: " + flag): null

2022-02-23 11:30:40 - [TEST_STEP][PASSED] - if (flag): null

2022-02-23 11:30:40 - [TEST_STEP][PASSED] - navigateToUrl(i): Navigate to 'http://192.168.2.80:8380/saraweb' successfully

2022-02-23 11:30:41 - [MESSAGE][PASSED] - Navigate to 'http://192.168.2.80:8380/saraweb' successfully

2022-02-23 11:30:41 - [TEST_STEP][PASSED] - a(): null

2022-02-23 11:30:41 - [TEST_STEP][PASSED] - setText(findTestObject("Login/input_USUARIO_loginusuario"), G_Usuario): Text 'saraadmin' is set on object 'Object Repository/Login/input_USUARIO_loginusuario'

2022-02-23 11:30:42 - [MESSAGE][PASSED] - Text 'saraadmin' is set on object 'Object Repository/Login/input_USUARIO_loginusuario'

2022-02-23 11:30:42 - [TEST_STEP][PASSED] - setEncryptedText(findTestObject("Login/input_CLAVE_loginpassword"), "MkG4/TYiCFC3cb2driP7+Q=="): Text ****** has been set on object 'Object Repository/Login/input_CLAVE_loginpassword'

2022-02-23 11:30:42 - [MESSAGE][PASSED] - Text ****** has been set on object 'Object Repository/Login/input_CLAVE_loginpassword'

2022-02-23 11:30:42 - [TEST_STEP][PASSED] - waitForElementClickable(findTestObject("Login/a_Ingresar"), G_TimeOut): Object 'Object Repository/Login/a_Ingresar' is clickable

2022-02-23 11:30:42 - [MESSAGE][PASSED] - Object 'Object Repository/Login/a_Ingresar' is clickable

2022-02-23 11:30:42 - [TEST_STEP][PASSED] - click(findTestObject("Login/a_Ingresar")): Object: 'Object Repository/Login/a_Ingresar' is clicked on

2022-02-23 11:30:45 - [MESSAGE][PASSED] - Object: 'Object Repository/Login/a_Ingresar' is clicked on

2022-02-23 11:30:45 - [TEST_STEP][PASSED] - element = findWebElement(findTestObject("Login/a_Ir"), 30): null

2022-02-23 11:30:45 - [TEST_STEP][PASSED] - executeJavaScript("arguments[0].click()", Arrays.asList(element)): Execute JavaScript 'arguments[0].click()' successfully

2022-02-23 11:30:45 - [MESSAGE][PASSED] - Execute JavaScript 'arguments[0].click()' successfully

2022-02-23 11:30:45 - [MESSAGE][PASSED] - Call Test Case 'Test Cases/0.1-Login' successfully

2022-02-23 11:30:45 - [TEST_STEP][PASSED] - waitForElementClickable(findTestObject("Modulo bienestar-eventos/input_ADMINISTRADOR DEL SISTEMA"), 0): Object 'Object Repository/Modulo bienestar-eventos/input_ADMINISTRADOR DEL SISTEMA' is clickable

2022-02-23 11:30:45 - [MESSAGE][WARNING] - Timeout '0' is invalid. Using default page load timeout: '30'

2022-02-23 11:30:46 - [MESSAGE][PASSED] - Object 'Object Repository/Modulo bienestar-eventos/input_ADMINISTRADOR DEL SISTEMA' is clickable

2022-02-23 11:30:46 - [TEST_STEP][PASSED] - setText(findTestObject("Modulo bienestar-eventos/input_ADMINISTRADOR DEL SISTEMA"), "eventos (bie)"): Text 'eventos (bie)' is set on object 'Object Repository/Modulo bienestar-eventos/input_ADMINISTRADOR DEL SISTEMA'

2022-02-23 11:30:46 - [MESSAGE][PASSED] - Text 'eventos (bie)' is set on object 'Object Repository/Modulo bienestar-eventos/input_ADMINISTRADOR DEL SISTEMA'

2022-02-23 11:30:46 - [TEST_STEP][PASSED] - click(findTestObject("Modulo bienestar-eventos/span_Eventos (bie)")): Object: 'Object Repository/Modulo bienestar-eventos/span_Eventos (bie)' is clicked on

2022-02-23 11:30:48 - [MESSAGE][PASSED] - Object: 'Object Repository/Modulo bienestar-eventos/span_Eventos (bie)' is clicked on

2022-02-23 11:30:48 - [MESSAGE][PASSED] - Call Test Case 'Test Cases/Utilidades-(atajos_para _tareas)/Modulos/Modulo bienestar-eventos' successfully

2022-02-23 11:30:48 - [TEST_STEP][PASSED] - click(findTestObject("Modulo Pruebas Bienestar/Ingresar_Entidades/td_Prueba-S")): Object: 'Object Repository/Modulo Pruebas Bienestar/Ingresar_Entidades/td_Prueba-S' is clicked on

2022-02-23 11:30:49 - [MESSAGE][PASSED] - Object: 'Object Repository/Modulo Pruebas Bienestar/Ingresar_Entidades/td_Prueba-S' is clicked on

2022-02-23 11:30:49 - [TEST_STEP][PASSED] - click(findTestObject("Modulo Pruebas Bienestar/Ingresar_Entidades/a_Entidades")): Object: 'Object Repository/Modulo Pruebas Bienestar/Ingresar_Entidades/a_Entidades' is clicked on

2022-02-23 11:30:51 - [MESSAGE][PASSED] - Object: 'Object Repository/Modulo Pruebas Bienestar/Ingresar_Entidades/a_Entidades' is clicked on

2022-02-23 11:30:51 - [TEST_STEP][PASSED] - if (waitForElementClickable(findTestObject("Modulo Pruebas Bienestar/Ingresar_Entidades/a_US_form_entidadlistaEntidades0j_idt626"), 1)): Web element with id: 'Object Repository/Modulo Pruebas Bienestar/Ingresar_Entidades/a_US_form_entidadlistaEntidades0j_idt626' located by '//div/div/table/tbody/tr/td[2]/a' not found

2022-02-23 11:30:53 - [MESSAGE][INFO] - Unable to find the element located by 'By.xpath: //div/div/table/tbody/tr/td[2]/a'. Please recheck the objects properties to make sure the desired element is located. 

2022-02-23 11:30:53 - [MESSAGE][WARNING] - Web element with id: 'Object Repository/Modulo Pruebas Bienestar/Ingresar_Entidades/a_US_form_entidadlistaEntidades0j_idt626' located by '//div/div/table/tbody/tr/td[2]/a' not found

2022-02-23 11:30:53 - [TEST_STEP][PASSED] - selectOptionByIndex(findTestObject("Modulo Pruebas Bienestar/Ingresar_Entidades/select_-- Seleccione --US"), 1): All options with index in [1] are selected on object 'Object Repository/Modulo Pruebas Bienestar/Ingresar_Entidades/select_-- Seleccione --US'

2022-02-23 11:30:54 - [MESSAGE][PASSED] - All options with index in [1] are selected on object 'Object Repository/Modulo Pruebas Bienestar/Ingresar_Entidades/select_-- Seleccione --US'

2022-02-23 11:30:54 - [TEST_STEP][PASSED] - click(findTestObject("Modulo Pruebas Bienestar/Ingresar_Entidades/a_Entidades_form_entidadlistaEntidadesj_idt628")): Object: 'Object Repository/Modulo Pruebas Bienestar/Ingresar_Entidades/a_Entidades_form_entidadlistaEntidadesj_idt628' is clicked on

2022-02-23 11:30:55 - [MESSAGE][PASSED] - Object: 'Object Repository/Modulo Pruebas Bienestar/Ingresar_Entidades/a_Entidades_form_entidadlistaEntidadesj_idt628' is clicked on

2022-02-23 11:30:55 - [TEST_STEP][PASSED] - closeBrowser(): Browser is closed

2022-02-23 11:30:55 - [MESSAGE][PASSED] - Browser is closed]]></system-out>
         <system-err><![CDATA[]]></system-err>
      </testcase>
      <testcase name="Test Cases/3.1-Pruebas_Bienestar/3.1.4-Filtro_de_asistentes" time="33.733" classname="Test Cases/3.1-Pruebas_Bienestar/3.1.4-Filtro_de_asistentes" status="PASSED">
         <system-out><![CDATA[2022-02-23 11:30:55 - [TEST_CASE][PASSED] - Test Cases/3.1-Pruebas_Bienestar/3.1.4-Filtro_de_asistentes: Test Cases/3.1-Pruebas_Bienestar/3.1.4-Filtro_de_asistentes

2022-02-23 11:30:56 - [TEST_STEP][PASSED] - callTestCase(findTestCase("Utilidades-(atajos_para _tareas)/Modulos/Modulo bienestar-eventos"), [:], STOP_ON_FAILURE): Call Test Case 'Test Cases/Utilidades-(atajos_para _tareas)/Modulos/Modulo bienestar-eventos' successfully

2022-02-23 11:30:56 - [TEST_CASE][PASSED] - Test Cases/Utilidades-(atajos_para _tareas)/Modulos/Modulo bienestar-eventos: Test Cases/Utilidades-(atajos_para _tareas)/Modulos/Modulo bienestar-eventos

2022-02-23 11:30:56 - [TEST_STEP][PASSED] - callTestCase(findTestCase("0.1-Login"), [:], STOP_ON_FAILURE): Call Test Case 'Test Cases/0.1-Login' successfully

2022-02-23 11:30:56 - [TEST_CASE][PASSED] - Test Cases/0.1-Login: Test Cases/0.1-Login

2022-02-23 11:30:56 - [TEST_STEP][PASSED] - openBrowser(""): Browser is opened with url: ''

2022-02-23 11:30:56 - [MESSAGE][INFO] - Starting 'Chrome' driver

2022-02-23 11:30:56 - [MESSAGE][INFO] - Action delay is set to 0 milliseconds

2022-02-23 11:30:57 - [MESSAGE][PASSED] - Browser is opened with url: ''

2022-02-23 11:30:57 - [TEST_STEP][PASSED] - maximizeWindow(): Current window maximized

2022-02-23 11:30:57 - [MESSAGE][PASSED] - Current window maximized

2022-02-23 11:30:57 - [TEST_STEP][PASSED] - i = G_Login: null

2022-02-23 11:30:57 - [TEST_STEP][PASSED] - url = new java.net.URL(i): null

2022-02-23 11:30:57 - [TEST_STEP][PASSED] - println("URL: " + url.toString()): null

2022-02-23 11:30:57 - [TEST_STEP][PASSED] - connection = url.openConnection(): null

2022-02-23 11:30:57 - [TEST_STEP][PASSED] - connection.setRequestMethod("GET"): null

2022-02-23 11:30:57 - [TEST_STEP][PASSED] - connection.setReadTimeout(2 * 1000): null

2022-02-23 11:30:57 - [TEST_STEP][PASSED] - try: null

2022-02-23 11:30:57 - [TEST_STEP][PASSED] - connection.connect(): null

2022-02-23 11:30:57 - [TEST_STEP][PASSED] - flag = connected: null

2022-02-23 11:30:57 - [TEST_STEP][PASSED] - println("Valor_ori: " + flag): null

2022-02-23 11:30:57 - [TEST_STEP][PASSED] - if (flag): null

2022-02-23 11:30:57 - [TEST_STEP][PASSED] - navigateToUrl(i): Navigate to 'http://192.168.2.80:8380/saraweb' successfully

2022-02-23 11:30:57 - [MESSAGE][PASSED] - Navigate to 'http://192.168.2.80:8380/saraweb' successfully

2022-02-23 11:30:57 - [TEST_STEP][PASSED] - a(): null

2022-02-23 11:30:57 - [TEST_STEP][PASSED] - setText(findTestObject("Login/input_USUARIO_loginusuario"), G_Usuario): Text 'saraadmin' is set on object 'Object Repository/Login/input_USUARIO_loginusuario'

2022-02-23 11:30:58 - [MESSAGE][PASSED] - Text 'saraadmin' is set on object 'Object Repository/Login/input_USUARIO_loginusuario'

2022-02-23 11:30:58 - [TEST_STEP][PASSED] - setEncryptedText(findTestObject("Login/input_CLAVE_loginpassword"), "MkG4/TYiCFC3cb2driP7+Q=="): Text ****** has been set on object 'Object Repository/Login/input_CLAVE_loginpassword'

2022-02-23 11:30:59 - [MESSAGE][PASSED] - Text ****** has been set on object 'Object Repository/Login/input_CLAVE_loginpassword'

2022-02-23 11:30:59 - [TEST_STEP][PASSED] - waitForElementClickable(findTestObject("Login/a_Ingresar"), G_TimeOut): Object 'Object Repository/Login/a_Ingresar' is clickable

2022-02-23 11:30:59 - [MESSAGE][PASSED] - Object 'Object Repository/Login/a_Ingresar' is clickable

2022-02-23 11:30:59 - [TEST_STEP][PASSED] - click(findTestObject("Login/a_Ingresar")): Object: 'Object Repository/Login/a_Ingresar' is clicked on

2022-02-23 11:31:02 - [MESSAGE][PASSED] - Object: 'Object Repository/Login/a_Ingresar' is clicked on

2022-02-23 11:31:02 - [TEST_STEP][PASSED] - element = findWebElement(findTestObject("Login/a_Ir"), 30): null

2022-02-23 11:31:02 - [TEST_STEP][PASSED] - executeJavaScript("arguments[0].click()", Arrays.asList(element)): Execute JavaScript 'arguments[0].click()' successfully

2022-02-23 11:31:02 - [MESSAGE][PASSED] - Execute JavaScript 'arguments[0].click()' successfully

2022-02-23 11:31:02 - [MESSAGE][PASSED] - Call Test Case 'Test Cases/0.1-Login' successfully

2022-02-23 11:31:02 - [TEST_STEP][PASSED] - waitForElementClickable(findTestObject("Modulo bienestar-eventos/input_ADMINISTRADOR DEL SISTEMA"), 0): Object 'Object Repository/Modulo bienestar-eventos/input_ADMINISTRADOR DEL SISTEMA' is clickable

2022-02-23 11:31:02 - [MESSAGE][WARNING] - Timeout '0' is invalid. Using default page load timeout: '30'

2022-02-23 11:31:03 - [MESSAGE][PASSED] - Object 'Object Repository/Modulo bienestar-eventos/input_ADMINISTRADOR DEL SISTEMA' is clickable

2022-02-23 11:31:03 - [TEST_STEP][PASSED] - setText(findTestObject("Modulo bienestar-eventos/input_ADMINISTRADOR DEL SISTEMA"), "eventos (bie)"): Text 'eventos (bie)' is set on object 'Object Repository/Modulo bienestar-eventos/input_ADMINISTRADOR DEL SISTEMA'

2022-02-23 11:31:04 - [MESSAGE][PASSED] - Text 'eventos (bie)' is set on object 'Object Repository/Modulo bienestar-eventos/input_ADMINISTRADOR DEL SISTEMA'

2022-02-23 11:31:04 - [TEST_STEP][PASSED] - click(findTestObject("Modulo bienestar-eventos/span_Eventos (bie)")): Object: 'Object Repository/Modulo bienestar-eventos/span_Eventos (bie)' is clicked on

2022-02-23 11:31:05 - [MESSAGE][PASSED] - Object: 'Object Repository/Modulo bienestar-eventos/span_Eventos (bie)' is clicked on

2022-02-23 11:31:05 - [MESSAGE][PASSED] - Call Test Case 'Test Cases/Utilidades-(atajos_para _tareas)/Modulos/Modulo bienestar-eventos' successfully

2022-02-23 11:31:05 - [TEST_STEP][PASSED] - click(findTestObject("Modulo Pruebas Bienestar/Filtro_de_Asistentes_S-(solicitante)/td_Prueba-S")): Object: 'Object Repository/Modulo Pruebas Bienestar/Filtro_de_Asistentes_S-(solicitante)/td_Prueba-S' is clicked on

2022-02-23 11:31:07 - [MESSAGE][PASSED] - Object: 'Object Repository/Modulo Pruebas Bienestar/Filtro_de_Asistentes_S-(solicitante)/td_Prueba-S' is clicked on

2022-02-23 11:31:07 - [TEST_STEP][PASSED] - click(findTestObject("Modulo Pruebas Bienestar/Filtro_de_Asistentes_S-(solicitante)/a_DirigidoA")): Object: 'Object Repository/Modulo Pruebas Bienestar/Filtro_de_Asistentes_S-(solicitante)/a_DirigidoA' is clicked on

2022-02-23 11:31:08 - [MESSAGE][PASSED] - Object: 'Object Repository/Modulo Pruebas Bienestar/Filtro_de_Asistentes_S-(solicitante)/a_DirigidoA' is clicked on

2022-02-23 11:31:08 - [TEST_STEP][PASSED] - if (waitForElementClickable(findTestObject("Modulo Pruebas Bienestar/Filtro_de_Asistentes_S-(solicitante)/a_Edad_form_condicionDerechoTipoBeneftabla_ventanaCDTB0j_idt793"), 1)): Web element with id: 'Object Repository/Modulo Pruebas Bienestar/Filtro_de_Asistentes_S-(solicitante)/a_Edad_form_condicionDerechoTipoBeneftabla_ventanaCDTB0j_idt793' located by '//div/div/table/tbody/tr/td[3]/a' not found

2022-02-23 11:31:10 - [MESSAGE][INFO] - Unable to find the element located by 'By.xpath: //div/div/table/tbody/tr/td[3]/a'. Please recheck the objects properties to make sure the desired element is located. 

2022-02-23 11:31:10 - [MESSAGE][WARNING] - Web element with id: 'Object Repository/Modulo Pruebas Bienestar/Filtro_de_Asistentes_S-(solicitante)/a_Edad_form_condicionDerechoTipoBeneftabla_ventanaCDTB0j_idt793' located by '//div/div/table/tbody/tr/td[3]/a' not found

2022-02-23 11:31:10 - [TEST_STEP][PASSED] - selectOptionByIndex(findTestObject("Modulo Pruebas Bienestar/Filtro_de_Asistentes_S-(solicitante)/select_-- Seleccione --CargoCargos"), 6): All options with index in [6] are selected on object 'Object Repository/Modulo Pruebas Bienestar/Filtro_de_Asistentes_S-(solicitante)/select_-- Seleccione --CargoCargos'

2022-02-23 11:31:11 - [MESSAGE][PASSED] - All options with index in [6] are selected on object 'Object Repository/Modulo Pruebas Bienestar/Filtro_de_Asistentes_S-(solicitante)/select_-- Seleccione --CargoCargos'

2022-02-23 11:31:11 - [TEST_STEP][PASSED] - setText(findTestObject("Modulo Pruebas Bienestar/Filtro_de_Asistentes_S-(solicitante)/input_Tipo Campo_form_condicionDerechoTipoBeneftabla_ventanaCDTBedadMinima"), "1"): Text '1' is set on object 'Object Repository/Modulo Pruebas Bienestar/Filtro_de_Asistentes_S-(solicitante)/input_Tipo Campo_form_condicionDerechoTipoBeneftabla_ventanaCDTBedadMinima'

2022-02-23 11:31:12 - [MESSAGE][PASSED] - Text '1' is set on object 'Object Repository/Modulo Pruebas Bienestar/Filtro_de_Asistentes_S-(solicitante)/input_Tipo Campo_form_condicionDerechoTipoBeneftabla_ventanaCDTBedadMinima'

2022-02-23 11:31:12 - [TEST_STEP][PASSED] - setText(findTestObject("Modulo Pruebas Bienestar/Filtro_de_Asistentes_S-(solicitante)/input_Tipo Campo_form_condicionDerechoTipoBeneftabla_ventanaCDTBedadMaxima"), "80"): Text '80' is set on object 'Object Repository/Modulo Pruebas Bienestar/Filtro_de_Asistentes_S-(solicitante)/input_Tipo Campo_form_condicionDerechoTipoBeneftabla_ventanaCDTBedadMaxima'

2022-02-23 11:31:13 - [MESSAGE][PASSED] - Text '80' is set on object 'Object Repository/Modulo Pruebas Bienestar/Filtro_de_Asistentes_S-(solicitante)/input_Tipo Campo_form_condicionDerechoTipoBeneftabla_ventanaCDTBedadMaxima'

2022-02-23 11:31:13 - [TEST_STEP][PASSED] - click(findTestObject("Modulo Pruebas Bienestar/Filtro_de_Asistentes_S-(solicitante)/a_Tipo Campo_form_condicionDerechoTipoBeneftabla_ventanaCDTBj_idt794")): Object: 'Object Repository/Modulo Pruebas Bienestar/Filtro_de_Asistentes_S-(solicitante)/a_Tipo Campo_form_condicionDerechoTipoBeneftabla_ventanaCDTBj_idt794' is clicked on

2022-02-23 11:31:14 - [MESSAGE][PASSED] - Object: 'Object Repository/Modulo Pruebas Bienestar/Filtro_de_Asistentes_S-(solicitante)/a_Tipo Campo_form_condicionDerechoTipoBeneftabla_ventanaCDTBj_idt794' is clicked on

2022-02-23 11:31:14 - [TEST_STEP][PASSED] - click(findTestObject("Modulo Pruebas Bienestar/Filtro_de_Asistentes_S-(solicitante)/a_Regresar")): Object: 'Object Repository/Modulo Pruebas Bienestar/Filtro_de_Asistentes_S-(solicitante)/a_Regresar' is clicked on

2022-02-23 11:31:14 - [MESSAGE][PASSED] - Object: 'Object Repository/Modulo Pruebas Bienestar/Filtro_de_Asistentes_S-(solicitante)/a_Regresar' is clicked on

2022-02-23 11:31:14 - [TEST_STEP][PASSED] - click(findTestObject("Modulo Pruebas Bienestar/Filtro_de_Asistentes_S-(solicitante)/td_Prueba-S-SH")): Object: 'Object Repository/Modulo Pruebas Bienestar/Filtro_de_Asistentes_S-(solicitante)/td_Prueba-S-SH' is clicked on

2022-02-23 11:31:15 - [MESSAGE][PASSED] - Object: 'Object Repository/Modulo Pruebas Bienestar/Filtro_de_Asistentes_S-(solicitante)/td_Prueba-S-SH' is clicked on

2022-02-23 11:31:15 - [TEST_STEP][PASSED] - click(findTestObject("Modulo Pruebas Bienestar/Filtro_de_Asistentes_S-(solicitante)/a_DirigidoA")): Object: 'Object Repository/Modulo Pruebas Bienestar/Filtro_de_Asistentes_S-(solicitante)/a_DirigidoA' is clicked on

2022-02-23 11:31:16 - [MESSAGE][PASSED] - Object: 'Object Repository/Modulo Pruebas Bienestar/Filtro_de_Asistentes_S-(solicitante)/a_DirigidoA' is clicked on

2022-02-23 11:31:16 - [TEST_STEP][PASSED] - if (waitForElementClickable(findTestObject("Modulo Pruebas Bienestar/Filtro_de_Asistentes_S-(solicitante)/a_Edad_form_condicionDerechoTipoBeneftabla_ventanaCDTB0j_idt793"), 1)): Web element with id: 'Object Repository/Modulo Pruebas Bienestar/Filtro_de_Asistentes_S-(solicitante)/a_Edad_form_condicionDerechoTipoBeneftabla_ventanaCDTB0j_idt793' located by '//div/div/table/tbody/tr/td[3]/a' not found

2022-02-23 11:31:18 - [MESSAGE][INFO] - Unable to find the element located by 'By.xpath: //div/div/table/tbody/tr/td[3]/a'. Please recheck the objects properties to make sure the desired element is located. 

2022-02-23 11:31:18 - [MESSAGE][WARNING] - Web element with id: 'Object Repository/Modulo Pruebas Bienestar/Filtro_de_Asistentes_S-(solicitante)/a_Edad_form_condicionDerechoTipoBeneftabla_ventanaCDTB0j_idt793' located by '//div/div/table/tbody/tr/td[3]/a' not found

2022-02-23 11:31:18 - [TEST_STEP][PASSED] - selectOptionByIndex(findTestObject("Modulo Pruebas Bienestar/Filtro_de_Asistentes_S-(solicitante)/select_-- Seleccione --CargoCargos"), 6): All options with index in [6] are selected on object 'Object Repository/Modulo Pruebas Bienestar/Filtro_de_Asistentes_S-(solicitante)/select_-- Seleccione --CargoCargos'

2022-02-23 11:31:19 - [MESSAGE][PASSED] - All options with index in [6] are selected on object 'Object Repository/Modulo Pruebas Bienestar/Filtro_de_Asistentes_S-(solicitante)/select_-- Seleccione --CargoCargos'

2022-02-23 11:31:19 - [TEST_STEP][PASSED] - setText(findTestObject("Modulo Pruebas Bienestar/Filtro_de_Asistentes_S-(solicitante)/input_Tipo Campo_form_condicionDerechoTipoBeneftabla_ventanaCDTBedadMinima"), "1"): Text '1' is set on object 'Object Repository/Modulo Pruebas Bienestar/Filtro_de_Asistentes_S-(solicitante)/input_Tipo Campo_form_condicionDerechoTipoBeneftabla_ventanaCDTBedadMinima'

2022-02-23 11:31:21 - [MESSAGE][PASSED] - Text '1' is set on object 'Object Repository/Modulo Pruebas Bienestar/Filtro_de_Asistentes_S-(solicitante)/input_Tipo Campo_form_condicionDerechoTipoBeneftabla_ventanaCDTBedadMinima'

2022-02-23 11:31:21 - [TEST_STEP][PASSED] - setText(findTestObject("Modulo Pruebas Bienestar/Filtro_de_Asistentes_S-(solicitante)/input_Tipo Campo_form_condicionDerechoTipoBeneftabla_ventanaCDTBedadMaxima"), "80"): Text '80' is set on object 'Object Repository/Modulo Pruebas Bienestar/Filtro_de_Asistentes_S-(solicitante)/input_Tipo Campo_form_condicionDerechoTipoBeneftabla_ventanaCDTBedadMaxima'

2022-02-23 11:31:22 - [MESSAGE][PASSED] - Text '80' is set on object 'Object Repository/Modulo Pruebas Bienestar/Filtro_de_Asistentes_S-(solicitante)/input_Tipo Campo_form_condicionDerechoTipoBeneftabla_ventanaCDTBedadMaxima'

2022-02-23 11:31:22 - [TEST_STEP][PASSED] - click(findTestObject("Modulo Pruebas Bienestar/Filtro_de_Asistentes_S-(solicitante)/a_Tipo Campo_form_condicionDerechoTipoBeneftabla_ventanaCDTBj_idt794")): Object: 'Object Repository/Modulo Pruebas Bienestar/Filtro_de_Asistentes_S-(solicitante)/a_Tipo Campo_form_condicionDerechoTipoBeneftabla_ventanaCDTBj_idt794' is clicked on

2022-02-23 11:31:22 - [MESSAGE][PASSED] - Object: 'Object Repository/Modulo Pruebas Bienestar/Filtro_de_Asistentes_S-(solicitante)/a_Tipo Campo_form_condicionDerechoTipoBeneftabla_ventanaCDTBj_idt794' is clicked on

2022-02-23 11:31:22 - [TEST_STEP][PASSED] - click(findTestObject("Modulo Pruebas Bienestar/Filtro_de_Asistentes_S-(solicitante)/div_Participante")): Object: 'Object Repository/Modulo Pruebas Bienestar/Filtro_de_Asistentes_S-(solicitante)/div_Participante' is clicked on

2022-02-23 11:31:23 - [MESSAGE][PASSED] - Object: 'Object Repository/Modulo Pruebas Bienestar/Filtro_de_Asistentes_S-(solicitante)/div_Participante' is clicked on

2022-02-23 11:31:23 - [TEST_STEP][PASSED] - click(findTestObject("Modulo Pruebas Bienestar/Filtro_de_Asistentes_S-(solicitante)/a_Invitacin")): Object: 'Object Repository/Modulo Pruebas Bienestar/Filtro_de_Asistentes_S-(solicitante)/a_Invitacin' is clicked on

2022-02-23 11:31:24 - [MESSAGE][PASSED] - Object: 'Object Repository/Modulo Pruebas Bienestar/Filtro_de_Asistentes_S-(solicitante)/a_Invitacin' is clicked on

2022-02-23 11:31:24 - [TEST_STEP][PASSED] - selectOptionByIndex(findTestObject("Modulo Pruebas Bienestar/Filtro_de_Asistentes_S-(solicitante)/select_SeleccioneCALIDADMENSUAL ABCMODELO EMPRESA QUINCENALPANSIONADOSPENSIONADOS BASEPRUEBAS"), 1): All options with index in [1] are selected on object 'Object Repository/Modulo Pruebas Bienestar/Filtro_de_Asistentes_S-(solicitante)/select_SeleccioneCALIDADMENSUAL ABCMODELO EMPRESA QUINCENALPANSIONADOSPENSIONADOS BASEPRUEBAS'

2022-02-23 11:31:26 - [MESSAGE][PASSED] - All options with index in [1] are selected on object 'Object Repository/Modulo Pruebas Bienestar/Filtro_de_Asistentes_S-(solicitante)/select_SeleccioneCALIDADMENSUAL ABCMODELO EMPRESA QUINCENALPANSIONADOSPENSIONADOS BASEPRUEBAS'

2022-02-23 11:31:26 - [TEST_STEP][PASSED] - click(findTestObject("Modulo Pruebas Bienestar/Filtro_de_Asistentes_S-(solicitante)/a_Filtrar")): Object: 'Object Repository/Modulo Pruebas Bienestar/Filtro_de_Asistentes_S-(solicitante)/a_Filtrar' is clicked on

2022-02-23 11:31:26 - [MESSAGE][PASSED] - Object: 'Object Repository/Modulo Pruebas Bienestar/Filtro_de_Asistentes_S-(solicitante)/a_Filtrar' is clicked on

2022-02-23 11:31:26 - [TEST_STEP][PASSED] - delay(2): Delayed 2 second(s)

2022-02-23 11:31:28 - [MESSAGE][PASSED] - Delayed 2 second(s)

2022-02-23 11:31:28 - [TEST_STEP][PASSED] - closeBrowser(): Browser is closed

2022-02-23 11:31:29 - [MESSAGE][PASSED] - Browser is closed]]></system-out>
         <system-err><![CDATA[]]></system-err>
      </testcase>
      <testcase name="Test Cases/3.1-Pruebas_Bienestar/3.1.5-Publicación_del_evento" time="62.863" classname="Test Cases/3.1-Pruebas_Bienestar/3.1.5-Publicación_del_evento" status="PASSED">
         <system-out><![CDATA[2022-02-23 11:31:29 - [TEST_CASE][PASSED] - Test Cases/3.1-Pruebas_Bienestar/3.1.5-Publicación_del_evento: Test Cases/3.1-Pruebas_Bienestar/3.1.5-Publicación_del_evento

2022-02-23 11:31:29 - [TEST_STEP][PASSED] - comment("No Ejecutar. Falla con imagen subida"): No Ejecutar. Falla con imagen subida

2022-02-23 11:31:30 - [MESSAGE][INFO] - No Ejecutar. Falla con imagen subida

2022-02-23 11:31:30 - [TEST_STEP][PASSED] - fecha = new java.util.Date(): null

2022-02-23 11:31:30 - [TEST_STEP][PASSED] - Dia = fecha.getDate(): null

2022-02-23 11:31:30 - [TEST_STEP][PASSED] - Mes = fecha.getMonth() + 1: null

2022-02-23 11:31:30 - [TEST_STEP][PASSED] - MesN = fecha.getMonth() + 1: null

2022-02-23 11:31:30 - [TEST_STEP][PASSED] - Año = fecha.getYear() + 1900: null

2022-02-23 11:31:30 - [TEST_STEP][PASSED] - AñoN = fecha.getYear() + 1900: null

2022-02-23 11:31:30 - [TEST_STEP][PASSED] - DiaF = Dia + 10: null

2022-02-23 11:31:30 - [TEST_STEP][PASSED] - MesF = Mes + 1: null

2022-02-23 11:31:30 - [TEST_STEP][PASSED] - AñoF = Año + 1: null

2022-02-23 11:31:30 - [TEST_STEP][PASSED] - if (DiaF > 30): null

2022-02-23 11:31:30 - [TEST_STEP][PASSED] - DiaF = DiaF - Dia: null

2022-02-23 11:31:30 - [TEST_STEP][PASSED] - Mes = MesF: null

2022-02-23 11:31:30 - [TEST_STEP][PASSED] - if (MesF > 12): null

2022-02-23 11:31:30 - [TEST_STEP][PASSED] - FechaI = Dia + "/" + MesN + "/" + AñoN: null

2022-02-23 11:31:30 - [TEST_STEP][PASSED] - FechaF = DiaF + "/" + Mes + "/" + Año: null

2022-02-23 11:31:30 - [TEST_STEP][PASSED] - callTestCase(findTestCase("Utilidades-(atajos_para _tareas)/Modulos/Modulo bienestar-eventos"), [:], STOP_ON_FAILURE): Call Test Case 'Test Cases/Utilidades-(atajos_para _tareas)/Modulos/Modulo bienestar-eventos' successfully

2022-02-23 11:31:30 - [TEST_CASE][PASSED] - Test Cases/Utilidades-(atajos_para _tareas)/Modulos/Modulo bienestar-eventos: Test Cases/Utilidades-(atajos_para _tareas)/Modulos/Modulo bienestar-eventos

2022-02-23 11:31:30 - [TEST_STEP][PASSED] - callTestCase(findTestCase("0.1-Login"), [:], STOP_ON_FAILURE): Call Test Case 'Test Cases/0.1-Login' successfully

2022-02-23 11:31:30 - [TEST_CASE][PASSED] - Test Cases/0.1-Login: Test Cases/0.1-Login

2022-02-23 11:31:30 - [TEST_STEP][PASSED] - openBrowser(""): Browser is opened with url: ''

2022-02-23 11:31:30 - [MESSAGE][INFO] - Starting 'Chrome' driver

2022-02-23 11:31:30 - [MESSAGE][INFO] - Action delay is set to 0 milliseconds

2022-02-23 11:31:31 - [MESSAGE][PASSED] - Browser is opened with url: ''

2022-02-23 11:31:31 - [TEST_STEP][PASSED] - maximizeWindow(): Current window maximized

2022-02-23 11:31:31 - [MESSAGE][PASSED] - Current window maximized

2022-02-23 11:31:31 - [TEST_STEP][PASSED] - i = G_Login: null

2022-02-23 11:31:31 - [TEST_STEP][PASSED] - url = new java.net.URL(i): null

2022-02-23 11:31:31 - [TEST_STEP][PASSED] - println("URL: " + url.toString()): null

2022-02-23 11:31:31 - [TEST_STEP][PASSED] - connection = url.openConnection(): null

2022-02-23 11:31:31 - [TEST_STEP][PASSED] - connection.setRequestMethod("GET"): null

2022-02-23 11:31:31 - [TEST_STEP][PASSED] - connection.setReadTimeout(2 * 1000): null

2022-02-23 11:31:31 - [TEST_STEP][PASSED] - try: null

2022-02-23 11:31:31 - [TEST_STEP][PASSED] - connection.connect(): null

2022-02-23 11:31:31 - [TEST_STEP][PASSED] - flag = connected: null

2022-02-23 11:31:31 - [TEST_STEP][PASSED] - println("Valor_ori: " + flag): null

2022-02-23 11:31:31 - [TEST_STEP][PASSED] - if (flag): null

2022-02-23 11:31:31 - [TEST_STEP][PASSED] - navigateToUrl(i): Navigate to 'http://192.168.2.80:8380/saraweb' successfully

2022-02-23 11:31:31 - [MESSAGE][PASSED] - Navigate to 'http://192.168.2.80:8380/saraweb' successfully

2022-02-23 11:31:31 - [TEST_STEP][PASSED] - a(): null

2022-02-23 11:31:31 - [TEST_STEP][PASSED] - setText(findTestObject("Login/input_USUARIO_loginusuario"), G_Usuario): Text 'saraadmin' is set on object 'Object Repository/Login/input_USUARIO_loginusuario'

2022-02-23 11:31:32 - [MESSAGE][PASSED] - Text 'saraadmin' is set on object 'Object Repository/Login/input_USUARIO_loginusuario'

2022-02-23 11:31:32 - [TEST_STEP][PASSED] - setEncryptedText(findTestObject("Login/input_CLAVE_loginpassword"), "MkG4/TYiCFC3cb2driP7+Q=="): Text ****** has been set on object 'Object Repository/Login/input_CLAVE_loginpassword'

2022-02-23 11:31:33 - [MESSAGE][PASSED] - Text ****** has been set on object 'Object Repository/Login/input_CLAVE_loginpassword'

2022-02-23 11:31:33 - [TEST_STEP][PASSED] - waitForElementClickable(findTestObject("Login/a_Ingresar"), G_TimeOut): Object 'Object Repository/Login/a_Ingresar' is clickable

2022-02-23 11:31:33 - [MESSAGE][PASSED] - Object 'Object Repository/Login/a_Ingresar' is clickable

2022-02-23 11:31:33 - [TEST_STEP][PASSED] - click(findTestObject("Login/a_Ingresar")): Object: 'Object Repository/Login/a_Ingresar' is clicked on

2022-02-23 11:31:34 - [MESSAGE][PASSED] - Object: 'Object Repository/Login/a_Ingresar' is clicked on

2022-02-23 11:31:34 - [TEST_STEP][PASSED] - element = findWebElement(findTestObject("Login/a_Ir"), 30): null

2022-02-23 11:31:35 - [TEST_STEP][PASSED] - executeJavaScript("arguments[0].click()", Arrays.asList(element)): Execute JavaScript 'arguments[0].click()' successfully

2022-02-23 11:31:35 - [MESSAGE][PASSED] - Execute JavaScript 'arguments[0].click()' successfully

2022-02-23 11:31:35 - [MESSAGE][PASSED] - Call Test Case 'Test Cases/0.1-Login' successfully

2022-02-23 11:31:35 - [TEST_STEP][PASSED] - waitForElementClickable(findTestObject("Modulo bienestar-eventos/input_ADMINISTRADOR DEL SISTEMA"), 0): Object 'Object Repository/Modulo bienestar-eventos/input_ADMINISTRADOR DEL SISTEMA' is clickable

2022-02-23 11:31:35 - [MESSAGE][WARNING] - Timeout '0' is invalid. Using default page load timeout: '30'

2022-02-23 11:31:36 - [MESSAGE][PASSED] - Object 'Object Repository/Modulo bienestar-eventos/input_ADMINISTRADOR DEL SISTEMA' is clickable

2022-02-23 11:31:36 - [TEST_STEP][PASSED] - setText(findTestObject("Modulo bienestar-eventos/input_ADMINISTRADOR DEL SISTEMA"), "eventos (bie)"): Text 'eventos (bie)' is set on object 'Object Repository/Modulo bienestar-eventos/input_ADMINISTRADOR DEL SISTEMA'

2022-02-23 11:31:36 - [MESSAGE][PASSED] - Text 'eventos (bie)' is set on object 'Object Repository/Modulo bienestar-eventos/input_ADMINISTRADOR DEL SISTEMA'

2022-02-23 11:31:36 - [TEST_STEP][PASSED] - click(findTestObject("Modulo bienestar-eventos/span_Eventos (bie)")): Object: 'Object Repository/Modulo bienestar-eventos/span_Eventos (bie)' is clicked on

2022-02-23 11:31:38 - [MESSAGE][PASSED] - Object: 'Object Repository/Modulo bienestar-eventos/span_Eventos (bie)' is clicked on

2022-02-23 11:31:38 - [MESSAGE][PASSED] - Call Test Case 'Test Cases/Utilidades-(atajos_para _tareas)/Modulos/Modulo bienestar-eventos' successfully

2022-02-23 11:31:38 - [TEST_STEP][PASSED] - click(findTestObject("Modulo Pruebas Bienestar/Publicación del evento/td_Prueba-S")): Object: 'Object Repository/Modulo Pruebas Bienestar/Publicación del evento/td_Prueba-S' is clicked on

2022-02-23 11:31:39 - [MESSAGE][PASSED] - Object: 'Object Repository/Modulo Pruebas Bienestar/Publicación del evento/td_Prueba-S' is clicked on

2022-02-23 11:31:39 - [TEST_STEP][PASSED] - click(findTestObject("Modulo Pruebas Bienestar/Publicación del evento/a_Publicacin")): Object: 'Object Repository/Modulo Pruebas Bienestar/Publicación del evento/a_Publicacin' is clicked on

2022-02-23 11:31:42 - [MESSAGE][PASSED] - Object: 'Object Repository/Modulo Pruebas Bienestar/Publicación del evento/a_Publicacin' is clicked on

2022-02-23 11:31:42 - [TEST_STEP][PASSED] - if (waitForElementClickable(findTestObject("Modulo Pruebas Bienestar/Publicación del evento/a_httplocalhost8380sarawebrepodocrecursosuid9dc2ce980076ceb250408bf7ce50f4ab_form_publicacionEventotabla10j_idt241"), 1)): null

2022-02-23 11:31:42 - [MESSAGE][PASSED] - Object 'Object Repository/Modulo Pruebas Bienestar/Publicación del evento/a_httplocalhost8380sarawebrepodocrecursosuid9dc2ce980076ceb250408bf7ce50f4ab_form_publicacionEventotabla10j_idt241' is clickable

2022-02-23 11:31:42 - [TEST_STEP][PASSED] - click(findTestObject("Modulo Pruebas Bienestar/Publicación del evento/a_httplocalhost8380sarawebrepodocrecursosuid9dc2ce980076ceb250408bf7ce50f4ab_form_publicacionEventotabla10j_idt241")): Object: 'Object Repository/Modulo Pruebas Bienestar/Publicación del evento/a_httplocalhost8380sarawebrepodocrecursosuid9dc2ce980076ceb250408bf7ce50f4ab_form_publicacionEventotabla10j_idt241' is clicked on

2022-02-23 11:31:43 - [MESSAGE][PASSED] - Object: 'Object Repository/Modulo Pruebas Bienestar/Publicación del evento/a_httplocalhost8380sarawebrepodocrecursosuid9dc2ce980076ceb250408bf7ce50f4ab_form_publicacionEventotabla10j_idt241' is clicked on

2022-02-23 11:31:43 - [TEST_STEP][PASSED] - click(findTestObject("Modulo Pruebas Bienestar/Publicación del evento/span_Si")): Object: 'Object Repository/Modulo Pruebas Bienestar/Publicación del evento/span_Si' is clicked on

2022-02-23 11:31:44 - [MESSAGE][PASSED] - Object: 'Object Repository/Modulo Pruebas Bienestar/Publicación del evento/span_Si' is clicked on

2022-02-23 11:31:44 - [TEST_STEP][PASSED] - ruta = G_rutaarchivos + "logo_union_soluciones.jpg": null

2022-02-23 11:31:44 - [TEST_STEP][PASSED] - uploadFile(findTestObject("Modulo Pruebas Bienestar/Publicación del evento/input_Choose_form_publicacionEventotabla1archivo_input"), ruta): File 'E:\unionweb14\logo_union_soluciones.jpg' sent to object: 'Object Repository/Modulo Pruebas Bienestar/Publicación del evento/input_Choose_form_publicacionEventotabla1archivo_input'

2022-02-23 11:31:45 - [MESSAGE][PASSED] - File 'E:\unionweb14\logo_union_soluciones.jpg' sent to object: 'Object Repository/Modulo Pruebas Bienestar/Publicación del evento/input_Choose_form_publicacionEventotabla1archivo_input'

2022-02-23 11:31:45 - [TEST_STEP][PASSED] - waitForElementClickable(findTestObject("Modulo Pruebas Bienestar/Publicación del evento/input_Choose_form_publicacionEventotabla1subir"), 0): Object 'Object Repository/Modulo Pruebas Bienestar/Publicación del evento/input_Choose_form_publicacionEventotabla1subir' is clickable

2022-02-23 11:31:45 - [MESSAGE][WARNING] - Timeout '0' is invalid. Using default page load timeout: '30'

2022-02-23 11:31:46 - [MESSAGE][PASSED] - Object 'Object Repository/Modulo Pruebas Bienestar/Publicación del evento/input_Choose_form_publicacionEventotabla1subir' is clickable

2022-02-23 11:31:46 - [TEST_STEP][PASSED] - click(findTestObject("Modulo Pruebas Bienestar/Publicación del evento/input_Choose_form_publicacionEventotabla1subir")): Object: 'Object Repository/Modulo Pruebas Bienestar/Publicación del evento/input_Choose_form_publicacionEventotabla1subir' is clicked on

2022-02-23 11:31:47 - [MESSAGE][PASSED] - Object: 'Object Repository/Modulo Pruebas Bienestar/Publicación del evento/input_Choose_form_publicacionEventotabla1subir' is clicked on

2022-02-23 11:31:47 - [TEST_STEP][PASSED] - click(findTestObject("Modulo Pruebas Bienestar/Publicación del evento/input_Choose_form_publicacionEventotabla1subir")): Object: 'Object Repository/Modulo Pruebas Bienestar/Publicación del evento/input_Choose_form_publicacionEventotabla1subir' is clicked on

2022-02-23 11:31:48 - [MESSAGE][PASSED] - Object: 'Object Repository/Modulo Pruebas Bienestar/Publicación del evento/input_Choose_form_publicacionEventotabla1subir' is clicked on

2022-02-23 11:31:48 - [TEST_STEP][PASSED] - delay(2): Delayed 2 second(s)

2022-02-23 11:31:50 - [MESSAGE][PASSED] - Delayed 2 second(s)

2022-02-23 11:31:50 - [TEST_STEP][PASSED] - Imagen = getText(findTestObject("Modulo Pruebas Bienestar/Publicación del evento/span_httplocalhost8380sarawebrepodocrecursosuid9dc2ce980076ceb250408bf7ce50f4ab")): Text of object 'Object Repository/Modulo Pruebas Bienestar/Publicación del evento/span_httplocalhost8380sarawebrepodocrecursosuid9dc2ce980076ceb250408bf7ce50f4ab' is: 'http://192.168.2.80:8380/saraweb/repodoc/recursos?uid=64f42364a287fe9901d062afb6decac0'

2022-02-23 11:31:50 - [MESSAGE][PASSED] - Text of object 'Object Repository/Modulo Pruebas Bienestar/Publicación del evento/span_httplocalhost8380sarawebrepodocrecursosuid9dc2ce980076ceb250408bf7ce50f4ab' is: 'http://192.168.2.80:8380/saraweb/repodoc/recursos?uid=64f42364a287fe9901d062afb6decac0'

2022-02-23 11:31:50 - [TEST_STEP][PASSED] - click(findTestObject("Modulo Pruebas Bienestar/Publicación del evento/input_HTML")): Object: 'Object Repository/Modulo Pruebas Bienestar/Publicación del evento/input_HTML' is clicked on

2022-02-23 11:31:51 - [MESSAGE][PASSED] - Object: 'Object Repository/Modulo Pruebas Bienestar/Publicación del evento/input_HTML' is clicked on

2022-02-23 11:31:51 - [TEST_STEP][PASSED] - click(findTestObject("Modulo Pruebas Bienestar/Publicación del evento/div_Contenido_ui-editor-button")): Object: 'Object Repository/Modulo Pruebas Bienestar/Publicación del evento/div_Contenido_ui-editor-button' is clicked on

2022-02-23 11:31:51 - [MESSAGE][PASSED] - Object: 'Object Repository/Modulo Pruebas Bienestar/Publicación del evento/div_Contenido_ui-editor-button' is clicked on

2022-02-23 11:31:51 - [TEST_STEP][PASSED] - setText(findTestObject("Modulo Pruebas Bienestar/Publicación del evento/input"), Imagen): Text 'http://192.168.2.80:8380/saraweb/repodoc/recursos?uid=64f42364a287fe9901d062afb6decac0' is set on object 'Object Repository/Modulo Pruebas Bienestar/Publicación del evento/input'

2022-02-23 11:31:52 - [MESSAGE][PASSED] - Text 'http://192.168.2.80:8380/saraweb/repodoc/recursos?uid=64f42364a287fe9901d062afb6decac0' is set on object 'Object Repository/Modulo Pruebas Bienestar/Publicación del evento/input'

2022-02-23 11:31:52 - [TEST_STEP][PASSED] - click(findTestObject("Modulo Pruebas Bienestar/Publicación del evento/submit")): Object: 'Object Repository/Modulo Pruebas Bienestar/Publicación del evento/submit' is clicked on

2022-02-23 11:31:53 - [MESSAGE][PASSED] - Object: 'Object Repository/Modulo Pruebas Bienestar/Publicación del evento/submit' is clicked on

2022-02-23 11:31:53 - [TEST_STEP][PASSED] - setText(findTestObject("Modulo Pruebas Bienestar/Publicación del evento/input_Fecha Publicacin_form_publicacionEventofechaInicialPub_input"), FechaI): Text '23/2/2022' is set on object 'Object Repository/Modulo Pruebas Bienestar/Publicación del evento/input_Fecha Publicacin_form_publicacionEventofechaInicialPub_input'

2022-02-23 11:31:54 - [MESSAGE][PASSED] - Text '23/2/2022' is set on object 'Object Repository/Modulo Pruebas Bienestar/Publicación del evento/input_Fecha Publicacin_form_publicacionEventofechaInicialPub_input'

2022-02-23 11:31:54 - [TEST_STEP][PASSED] - setText(findTestObject("Modulo Pruebas Bienestar/Publicación del evento/input_Fecha Final_form_publicacionEventofechaFinalPub_input"), FechaF): Text '10/3/2022' is set on object 'Object Repository/Modulo Pruebas Bienestar/Publicación del evento/input_Fecha Final_form_publicacionEventofechaFinalPub_input'

2022-02-23 11:31:55 - [MESSAGE][PASSED] - Text '10/3/2022' is set on object 'Object Repository/Modulo Pruebas Bienestar/Publicación del evento/input_Fecha Final_form_publicacionEventofechaFinalPub_input'

2022-02-23 11:31:55 - [TEST_STEP][PASSED] - click(findTestObject("Modulo Pruebas Bienestar/Publicación del evento/a_Actualizar")): Object: 'Object Repository/Modulo Pruebas Bienestar/Publicación del evento/a_Actualizar' is clicked on

2022-02-23 11:31:55 - [MESSAGE][PASSED] - Object: 'Object Repository/Modulo Pruebas Bienestar/Publicación del evento/a_Actualizar' is clicked on

2022-02-23 11:31:55 - [TEST_STEP][PASSED] - setText(findTestObject("Modulo Pruebas Bienestar/Publicación del evento/input_Evento Bienestar_form_templatej_idt24_input"), "inscripcion evento"): Text 'inscripcion evento' is set on object 'Object Repository/Modulo Pruebas Bienestar/Publicación del evento/input_Evento Bienestar_form_templatej_idt24_input'

2022-02-23 11:31:57 - [MESSAGE][PASSED] - Text 'inscripcion evento' is set on object 'Object Repository/Modulo Pruebas Bienestar/Publicación del evento/input_Evento Bienestar_form_templatej_idt24_input'

2022-02-23 11:31:57 - [TEST_STEP][PASSED] - click(findTestObject("Modulo Pruebas Bienestar/Publicación del evento/li_Inscripcion Evento (bie)")): Object: 'Object Repository/Modulo Pruebas Bienestar/Publicación del evento/li_Inscripcion Evento (bie)' is clicked on

2022-02-23 11:31:58 - [MESSAGE][PASSED] - Object: 'Object Repository/Modulo Pruebas Bienestar/Publicación del evento/li_Inscripcion Evento (bie)' is clicked on

2022-02-23 11:31:58 - [TEST_STEP][PASSED] - delay(3): Delayed 3 second(s)

2022-02-23 11:32:01 - [MESSAGE][PASSED] - Delayed 3 second(s)

2022-02-23 11:32:01 - [TEST_STEP][PASSED] - callTestCase(findTestCase("Utilidades-(atajos_para _tareas)/Modulos/Modulo bienestar-eventos"), [:], STOP_ON_FAILURE): Call Test Case 'Test Cases/Utilidades-(atajos_para _tareas)/Modulos/Modulo bienestar-eventos' successfully

2022-02-23 11:32:01 - [TEST_CASE][PASSED] - Test Cases/Utilidades-(atajos_para _tareas)/Modulos/Modulo bienestar-eventos: Test Cases/Utilidades-(atajos_para _tareas)/Modulos/Modulo bienestar-eventos

2022-02-23 11:32:01 - [TEST_STEP][PASSED] - callTestCase(findTestCase("0.1-Login"), [:], STOP_ON_FAILURE): Call Test Case 'Test Cases/0.1-Login' successfully

2022-02-23 11:32:01 - [TEST_CASE][PASSED] - Test Cases/0.1-Login: Test Cases/0.1-Login

2022-02-23 11:32:01 - [TEST_STEP][PASSED] - openBrowser(""): Browser is opened with url: ''

2022-02-23 11:32:01 - [MESSAGE][WARNING] - A browser is already opened. Closing browser and opening a new one

2022-02-23 11:32:02 - [MESSAGE][INFO] - Starting 'Chrome' driver

2022-02-23 11:32:02 - [MESSAGE][INFO] - Action delay is set to 0 milliseconds

2022-02-23 11:32:03 - [MESSAGE][PASSED] - Browser is opened with url: ''

2022-02-23 11:32:03 - [TEST_STEP][PASSED] - maximizeWindow(): Current window maximized

2022-02-23 11:32:03 - [MESSAGE][PASSED] - Current window maximized

2022-02-23 11:32:03 - [TEST_STEP][PASSED] - i = G_Login: null

2022-02-23 11:32:03 - [TEST_STEP][PASSED] - url = new java.net.URL(i): null

2022-02-23 11:32:03 - [TEST_STEP][PASSED] - println("URL: " + url.toString()): null

2022-02-23 11:32:03 - [TEST_STEP][PASSED] - connection = url.openConnection(): null

2022-02-23 11:32:03 - [TEST_STEP][PASSED] - connection.setRequestMethod("GET"): null

2022-02-23 11:32:03 - [TEST_STEP][PASSED] - connection.setReadTimeout(2 * 1000): null

2022-02-23 11:32:03 - [TEST_STEP][PASSED] - try: null

2022-02-23 11:32:03 - [TEST_STEP][PASSED] - connection.connect(): null

2022-02-23 11:32:03 - [TEST_STEP][PASSED] - flag = connected: null

2022-02-23 11:32:03 - [TEST_STEP][PASSED] - println("Valor_ori: " + flag): null

2022-02-23 11:32:03 - [TEST_STEP][PASSED] - if (flag): null

2022-02-23 11:32:03 - [TEST_STEP][PASSED] - navigateToUrl(i): Navigate to 'http://192.168.2.80:8380/saraweb' successfully

2022-02-23 11:32:04 - [MESSAGE][PASSED] - Navigate to 'http://192.168.2.80:8380/saraweb' successfully

2022-02-23 11:32:04 - [TEST_STEP][PASSED] - a(): null

2022-02-23 11:32:04 - [TEST_STEP][PASSED] - setText(findTestObject("Login/input_USUARIO_loginusuario"), G_Usuario): Text 'saraadmin' is set on object 'Object Repository/Login/input_USUARIO_loginusuario'

2022-02-23 11:32:05 - [MESSAGE][PASSED] - Text 'saraadmin' is set on object 'Object Repository/Login/input_USUARIO_loginusuario'

2022-02-23 11:32:05 - [TEST_STEP][PASSED] - setEncryptedText(findTestObject("Login/input_CLAVE_loginpassword"), "MkG4/TYiCFC3cb2driP7+Q=="): Text ****** has been set on object 'Object Repository/Login/input_CLAVE_loginpassword'

2022-02-23 11:32:05 - [MESSAGE][PASSED] - Text ****** has been set on object 'Object Repository/Login/input_CLAVE_loginpassword'

2022-02-23 11:32:05 - [TEST_STEP][PASSED] - waitForElementClickable(findTestObject("Login/a_Ingresar"), G_TimeOut): Object 'Object Repository/Login/a_Ingresar' is clickable

2022-02-23 11:32:05 - [MESSAGE][PASSED] - Object 'Object Repository/Login/a_Ingresar' is clickable

2022-02-23 11:32:05 - [TEST_STEP][PASSED] - click(findTestObject("Login/a_Ingresar")): Object: 'Object Repository/Login/a_Ingresar' is clicked on

2022-02-23 11:32:08 - [MESSAGE][PASSED] - Object: 'Object Repository/Login/a_Ingresar' is clicked on

2022-02-23 11:32:08 - [TEST_STEP][PASSED] - element = findWebElement(findTestObject("Login/a_Ir"), 30): null

2022-02-23 11:32:08 - [TEST_STEP][PASSED] - executeJavaScript("arguments[0].click()", Arrays.asList(element)): Execute JavaScript 'arguments[0].click()' successfully

2022-02-23 11:32:08 - [MESSAGE][PASSED] - Execute JavaScript 'arguments[0].click()' successfully

2022-02-23 11:32:08 - [MESSAGE][PASSED] - Call Test Case 'Test Cases/0.1-Login' successfully

2022-02-23 11:32:08 - [TEST_STEP][PASSED] - waitForElementClickable(findTestObject("Modulo bienestar-eventos/input_ADMINISTRADOR DEL SISTEMA"), 0): Object 'Object Repository/Modulo bienestar-eventos/input_ADMINISTRADOR DEL SISTEMA' is clickable

2022-02-23 11:32:08 - [MESSAGE][WARNING] - Timeout '0' is invalid. Using default page load timeout: '30'

2022-02-23 11:32:09 - [MESSAGE][PASSED] - Object 'Object Repository/Modulo bienestar-eventos/input_ADMINISTRADOR DEL SISTEMA' is clickable

2022-02-23 11:32:09 - [TEST_STEP][PASSED] - setText(findTestObject("Modulo bienestar-eventos/input_ADMINISTRADOR DEL SISTEMA"), "eventos (bie)"): Text 'eventos (bie)' is set on object 'Object Repository/Modulo bienestar-eventos/input_ADMINISTRADOR DEL SISTEMA'

2022-02-23 11:32:10 - [MESSAGE][PASSED] - Text 'eventos (bie)' is set on object 'Object Repository/Modulo bienestar-eventos/input_ADMINISTRADOR DEL SISTEMA'

2022-02-23 11:32:10 - [TEST_STEP][PASSED] - click(findTestObject("Modulo bienestar-eventos/span_Eventos (bie)")): Object: 'Object Repository/Modulo bienestar-eventos/span_Eventos (bie)' is clicked on

2022-02-23 11:32:11 - [MESSAGE][PASSED] - Object: 'Object Repository/Modulo bienestar-eventos/span_Eventos (bie)' is clicked on

2022-02-23 11:32:11 - [MESSAGE][PASSED] - Call Test Case 'Test Cases/Utilidades-(atajos_para _tareas)/Modulos/Modulo bienestar-eventos' successfully

2022-02-23 11:32:11 - [TEST_STEP][PASSED] - click(findTestObject("Modulo Pruebas Bienestar/Publicación del evento/td_Prueba-S-SH")): Object: 'Object Repository/Modulo Pruebas Bienestar/Publicación del evento/td_Prueba-S-SH' is clicked on

2022-02-23 11:32:12 - [MESSAGE][PASSED] - Object: 'Object Repository/Modulo Pruebas Bienestar/Publicación del evento/td_Prueba-S-SH' is clicked on

2022-02-23 11:32:12 - [TEST_STEP][PASSED] - click(findTestObject("Modulo Pruebas Bienestar/Publicación del evento/a_Publicacin")): Object: 'Object Repository/Modulo Pruebas Bienestar/Publicación del evento/a_Publicacin' is clicked on

2022-02-23 11:32:14 - [MESSAGE][PASSED] - Object: 'Object Repository/Modulo Pruebas Bienestar/Publicación del evento/a_Publicacin' is clicked on

2022-02-23 11:32:14 - [TEST_STEP][PASSED] - if (waitForElementClickable(findTestObject("Modulo Pruebas Bienestar/Publicación del evento/a_httplocalhost8380sarawebrepodocrecursosuid9dc2ce980076ceb250408bf7ce50f4ab_form_publicacionEventotabla10j_idt241"), 1)): Web element with id: 'Object Repository/Modulo Pruebas Bienestar/Publicación del evento/a_httplocalhost8380sarawebrepodocrecursosuid9dc2ce980076ceb250408bf7ce50f4ab_form_publicacionEventotabla10j_idt241' located by '//div/div/table/tbody/tr/td[3]/a' not found

2022-02-23 11:32:16 - [MESSAGE][INFO] - Unable to find the element located by 'By.xpath: //div/div/table/tbody/tr/td[3]/a'. Please recheck the objects properties to make sure the desired element is located. 

2022-02-23 11:32:16 - [MESSAGE][WARNING] - Web element with id: 'Object Repository/Modulo Pruebas Bienestar/Publicación del evento/a_httplocalhost8380sarawebrepodocrecursosuid9dc2ce980076ceb250408bf7ce50f4ab_form_publicacionEventotabla10j_idt241' located by '//div/div/table/tbody/tr/td[3]/a' not found

2022-02-23 11:32:16 - [TEST_STEP][PASSED] - ruta2 = G_rutaarchivos + "saraapp.png": null

2022-02-23 11:32:16 - [TEST_STEP][PASSED] - uploadFile(findTestObject("Modulo Pruebas Bienestar/Publicación del evento/input_Choose_form_publicacionEventotabla1archivo_input"), ruta2): File 'E:\unionweb14\saraapp.png' sent to object: 'Object Repository/Modulo Pruebas Bienestar/Publicación del evento/input_Choose_form_publicacionEventotabla1archivo_input'

2022-02-23 11:32:16 - [MESSAGE][PASSED] - File 'E:\unionweb14\saraapp.png' sent to object: 'Object Repository/Modulo Pruebas Bienestar/Publicación del evento/input_Choose_form_publicacionEventotabla1archivo_input'

2022-02-23 11:32:16 - [TEST_STEP][PASSED] - click(findTestObject("Modulo Pruebas Bienestar/Publicación del evento/input_Choose_form_publicacionEventotabla1subir")): Object: 'Object Repository/Modulo Pruebas Bienestar/Publicación del evento/input_Choose_form_publicacionEventotabla1subir' is clicked on

2022-02-23 11:32:18 - [MESSAGE][PASSED] - Object: 'Object Repository/Modulo Pruebas Bienestar/Publicación del evento/input_Choose_form_publicacionEventotabla1subir' is clicked on

2022-02-23 11:32:18 - [TEST_STEP][PASSED] - delay(2): Delayed 2 second(s)

2022-02-23 11:32:20 - [MESSAGE][PASSED] - Delayed 2 second(s)

2022-02-23 11:32:20 - [TEST_STEP][PASSED] - Imagen2 = getText(findTestObject("Modulo Pruebas Bienestar/Publicación del evento/span_httplocalhost8380sarawebrepodocrecursosuid9dc2ce980076ceb250408bf7ce50f4ab")): Text of object 'Object Repository/Modulo Pruebas Bienestar/Publicación del evento/span_httplocalhost8380sarawebrepodocrecursosuid9dc2ce980076ceb250408bf7ce50f4ab' is: 'http://192.168.2.80:8380/saraweb/repodoc/recursos?uid=1b4c2139c049d55efdb2cd1490277527'

2022-02-23 11:32:20 - [MESSAGE][PASSED] - Text of object 'Object Repository/Modulo Pruebas Bienestar/Publicación del evento/span_httplocalhost8380sarawebrepodocrecursosuid9dc2ce980076ceb250408bf7ce50f4ab' is: 'http://192.168.2.80:8380/saraweb/repodoc/recursos?uid=1b4c2139c049d55efdb2cd1490277527'

2022-02-23 11:32:20 - [TEST_STEP][PASSED] - click(findTestObject("Modulo Pruebas Bienestar/Publicación del evento/input_HTML")): Object: 'Object Repository/Modulo Pruebas Bienestar/Publicación del evento/input_HTML' is clicked on

2022-02-23 11:32:21 - [MESSAGE][PASSED] - Object: 'Object Repository/Modulo Pruebas Bienestar/Publicación del evento/input_HTML' is clicked on

2022-02-23 11:32:21 - [TEST_STEP][PASSED] - click(findTestObject("Modulo Pruebas Bienestar/Publicación del evento/div_Contenido_ui-editor-button")): Object: 'Object Repository/Modulo Pruebas Bienestar/Publicación del evento/div_Contenido_ui-editor-button' is clicked on

2022-02-23 11:32:21 - [MESSAGE][PASSED] - Object: 'Object Repository/Modulo Pruebas Bienestar/Publicación del evento/div_Contenido_ui-editor-button' is clicked on

2022-02-23 11:32:21 - [TEST_STEP][PASSED] - setText(findTestObject("Modulo Pruebas Bienestar/Publicación del evento/input"), Imagen2): Text 'http://192.168.2.80:8380/saraweb/repodoc/recursos?uid=1b4c2139c049d55efdb2cd1490277527' is set on object 'Object Repository/Modulo Pruebas Bienestar/Publicación del evento/input'

2022-02-23 11:32:22 - [MESSAGE][PASSED] - Text 'http://192.168.2.80:8380/saraweb/repodoc/recursos?uid=1b4c2139c049d55efdb2cd1490277527' is set on object 'Object Repository/Modulo Pruebas Bienestar/Publicación del evento/input'

2022-02-23 11:32:22 - [TEST_STEP][PASSED] - click(findTestObject("Modulo Pruebas Bienestar/Publicación del evento/submit")): Object: 'Object Repository/Modulo Pruebas Bienestar/Publicación del evento/submit' is clicked on

2022-02-23 11:32:23 - [MESSAGE][PASSED] - Object: 'Object Repository/Modulo Pruebas Bienestar/Publicación del evento/submit' is clicked on

2022-02-23 11:32:23 - [TEST_STEP][PASSED] - setText(findTestObject("Modulo Pruebas Bienestar/Publicación del evento/input_Fecha Publicacin_form_publicacionEventofechaInicialPub_input"), FechaI): Text '23/2/2022' is set on object 'Object Repository/Modulo Pruebas Bienestar/Publicación del evento/input_Fecha Publicacin_form_publicacionEventofechaInicialPub_input'

2022-02-23 11:32:24 - [MESSAGE][PASSED] - Text '23/2/2022' is set on object 'Object Repository/Modulo Pruebas Bienestar/Publicación del evento/input_Fecha Publicacin_form_publicacionEventofechaInicialPub_input'

2022-02-23 11:32:24 - [TEST_STEP][PASSED] - setText(findTestObject("Modulo Pruebas Bienestar/Publicación del evento/input_Fecha Final_form_publicacionEventofechaFinalPub_input"), FechaF): Text '10/3/2022' is set on object 'Object Repository/Modulo Pruebas Bienestar/Publicación del evento/input_Fecha Final_form_publicacionEventofechaFinalPub_input'

2022-02-23 11:32:25 - [MESSAGE][PASSED] - Text '10/3/2022' is set on object 'Object Repository/Modulo Pruebas Bienestar/Publicación del evento/input_Fecha Final_form_publicacionEventofechaFinalPub_input'

2022-02-23 11:32:25 - [TEST_STEP][PASSED] - click(findTestObject("Modulo Pruebas Bienestar/Publicación del evento/a_Actualizar")): Object: 'Object Repository/Modulo Pruebas Bienestar/Publicación del evento/a_Actualizar' is clicked on

2022-02-23 11:32:25 - [MESSAGE][PASSED] - Object: 'Object Repository/Modulo Pruebas Bienestar/Publicación del evento/a_Actualizar' is clicked on

2022-02-23 11:32:25 - [TEST_STEP][PASSED] - setText(findTestObject("Modulo Pruebas Bienestar/Publicación del evento/input_Evento Bienestar_form_templatej_idt24_input"), "inscripcion evento"): Text 'inscripcion evento' is set on object 'Object Repository/Modulo Pruebas Bienestar/Publicación del evento/input_Evento Bienestar_form_templatej_idt24_input'

2022-02-23 11:32:27 - [MESSAGE][PASSED] - Text 'inscripcion evento' is set on object 'Object Repository/Modulo Pruebas Bienestar/Publicación del evento/input_Evento Bienestar_form_templatej_idt24_input'

2022-02-23 11:32:27 - [TEST_STEP][PASSED] - click(findTestObject("Modulo Pruebas Bienestar/Publicación del evento/li_Inscripcion Evento (bie)")): Object: 'Object Repository/Modulo Pruebas Bienestar/Publicación del evento/li_Inscripcion Evento (bie)' is clicked on

2022-02-23 11:32:28 - [MESSAGE][PASSED] - Object: 'Object Repository/Modulo Pruebas Bienestar/Publicación del evento/li_Inscripcion Evento (bie)' is clicked on

2022-02-23 11:32:28 - [TEST_STEP][PASSED] - delay(3): Delayed 3 second(s)

2022-02-23 11:32:31 - [MESSAGE][PASSED] - Delayed 3 second(s)

2022-02-23 11:32:31 - [TEST_STEP][PASSED] - closeBrowser(): Browser is closed

2022-02-23 11:32:32 - [MESSAGE][PASSED] - Browser is closed]]></system-out>
         <system-err><![CDATA[]]></system-err>
      </testcase>
      <testcase name="Test Cases/3.1-Pruebas_Bienestar/3.1.6-Programación" time="23.807" classname="Test Cases/3.1-Pruebas_Bienestar/3.1.6-Programación" status="PASSED">
         <system-out><![CDATA[2022-02-23 11:32:32 - [TEST_CASE][PASSED] - Test Cases/3.1-Pruebas_Bienestar/3.1.6-Programación: Test Cases/3.1-Pruebas_Bienestar/3.1.6-Programación

2022-02-23 11:32:32 - [TEST_STEP][PASSED] - callTestCase(findTestCase("Utilidades-(atajos_para _tareas)/Modulos/Modulo bienestar-eventos"), [:], STOP_ON_FAILURE): Call Test Case 'Test Cases/Utilidades-(atajos_para _tareas)/Modulos/Modulo bienestar-eventos' successfully

2022-02-23 11:32:32 - [TEST_CASE][PASSED] - Test Cases/Utilidades-(atajos_para _tareas)/Modulos/Modulo bienestar-eventos: Test Cases/Utilidades-(atajos_para _tareas)/Modulos/Modulo bienestar-eventos

2022-02-23 11:32:32 - [TEST_STEP][PASSED] - callTestCase(findTestCase("0.1-Login"), [:], STOP_ON_FAILURE): Call Test Case 'Test Cases/0.1-Login' successfully

2022-02-23 11:32:32 - [TEST_CASE][PASSED] - Test Cases/0.1-Login: Test Cases/0.1-Login

2022-02-23 11:32:32 - [TEST_STEP][PASSED] - openBrowser(""): Browser is opened with url: ''

2022-02-23 11:32:32 - [MESSAGE][INFO] - Starting 'Chrome' driver

2022-02-23 11:32:32 - [MESSAGE][INFO] - Action delay is set to 0 milliseconds

2022-02-23 11:32:34 - [MESSAGE][PASSED] - Browser is opened with url: ''

2022-02-23 11:32:34 - [TEST_STEP][PASSED] - maximizeWindow(): Current window maximized

2022-02-23 11:32:34 - [MESSAGE][PASSED] - Current window maximized

2022-02-23 11:32:34 - [TEST_STEP][PASSED] - i = G_Login: null

2022-02-23 11:32:34 - [TEST_STEP][PASSED] - url = new java.net.URL(i): null

2022-02-23 11:32:34 - [TEST_STEP][PASSED] - println("URL: " + url.toString()): null

2022-02-23 11:32:34 - [TEST_STEP][PASSED] - connection = url.openConnection(): null

2022-02-23 11:32:34 - [TEST_STEP][PASSED] - connection.setRequestMethod("GET"): null

2022-02-23 11:32:34 - [TEST_STEP][PASSED] - connection.setReadTimeout(2 * 1000): null

2022-02-23 11:32:34 - [TEST_STEP][PASSED] - try: null

2022-02-23 11:32:34 - [TEST_STEP][PASSED] - connection.connect(): null

2022-02-23 11:32:34 - [TEST_STEP][PASSED] - flag = connected: null

2022-02-23 11:32:34 - [TEST_STEP][PASSED] - println("Valor_ori: " + flag): null

2022-02-23 11:32:34 - [TEST_STEP][PASSED] - if (flag): null

2022-02-23 11:32:34 - [TEST_STEP][PASSED] - navigateToUrl(i): Navigate to 'http://192.168.2.80:8380/saraweb' successfully

2022-02-23 11:32:34 - [MESSAGE][PASSED] - Navigate to 'http://192.168.2.80:8380/saraweb' successfully

2022-02-23 11:32:34 - [TEST_STEP][PASSED] - a(): null

2022-02-23 11:32:34 - [TEST_STEP][PASSED] - setText(findTestObject("Login/input_USUARIO_loginusuario"), G_Usuario): Text 'saraadmin' is set on object 'Object Repository/Login/input_USUARIO_loginusuario'

2022-02-23 11:32:35 - [MESSAGE][PASSED] - Text 'saraadmin' is set on object 'Object Repository/Login/input_USUARIO_loginusuario'

2022-02-23 11:32:35 - [TEST_STEP][PASSED] - setEncryptedText(findTestObject("Login/input_CLAVE_loginpassword"), "MkG4/TYiCFC3cb2driP7+Q=="): Text ****** has been set on object 'Object Repository/Login/input_CLAVE_loginpassword'

2022-02-23 11:32:35 - [MESSAGE][PASSED] - Text ****** has been set on object 'Object Repository/Login/input_CLAVE_loginpassword'

2022-02-23 11:32:35 - [TEST_STEP][PASSED] - waitForElementClickable(findTestObject("Login/a_Ingresar"), G_TimeOut): Object 'Object Repository/Login/a_Ingresar' is clickable

2022-02-23 11:32:36 - [MESSAGE][PASSED] - Object 'Object Repository/Login/a_Ingresar' is clickable

2022-02-23 11:32:36 - [TEST_STEP][PASSED] - click(findTestObject("Login/a_Ingresar")): Object: 'Object Repository/Login/a_Ingresar' is clicked on

2022-02-23 11:32:37 - [MESSAGE][PASSED] - Object: 'Object Repository/Login/a_Ingresar' is clicked on

2022-02-23 11:32:37 - [TEST_STEP][PASSED] - element = findWebElement(findTestObject("Login/a_Ir"), 30): null

2022-02-23 11:32:38 - [TEST_STEP][PASSED] - executeJavaScript("arguments[0].click()", Arrays.asList(element)): Execute JavaScript 'arguments[0].click()' successfully

2022-02-23 11:32:38 - [MESSAGE][PASSED] - Execute JavaScript 'arguments[0].click()' successfully

2022-02-23 11:32:38 - [MESSAGE][PASSED] - Call Test Case 'Test Cases/0.1-Login' successfully

2022-02-23 11:32:38 - [TEST_STEP][PASSED] - waitForElementClickable(findTestObject("Modulo bienestar-eventos/input_ADMINISTRADOR DEL SISTEMA"), 0): Object 'Object Repository/Modulo bienestar-eventos/input_ADMINISTRADOR DEL SISTEMA' is clickable

2022-02-23 11:32:38 - [MESSAGE][WARNING] - Timeout '0' is invalid. Using default page load timeout: '30'

2022-02-23 11:32:38 - [MESSAGE][PASSED] - Object 'Object Repository/Modulo bienestar-eventos/input_ADMINISTRADOR DEL SISTEMA' is clickable

2022-02-23 11:32:38 - [TEST_STEP][PASSED] - setText(findTestObject("Modulo bienestar-eventos/input_ADMINISTRADOR DEL SISTEMA"), "eventos (bie)"): Text 'eventos (bie)' is set on object 'Object Repository/Modulo bienestar-eventos/input_ADMINISTRADOR DEL SISTEMA'

2022-02-23 11:32:39 - [MESSAGE][PASSED] - Text 'eventos (bie)' is set on object 'Object Repository/Modulo bienestar-eventos/input_ADMINISTRADOR DEL SISTEMA'

2022-02-23 11:32:39 - [TEST_STEP][PASSED] - click(findTestObject("Modulo bienestar-eventos/span_Eventos (bie)")): Object: 'Object Repository/Modulo bienestar-eventos/span_Eventos (bie)' is clicked on

2022-02-23 11:32:40 - [MESSAGE][PASSED] - Object: 'Object Repository/Modulo bienestar-eventos/span_Eventos (bie)' is clicked on

2022-02-23 11:32:40 - [MESSAGE][PASSED] - Call Test Case 'Test Cases/Utilidades-(atajos_para _tareas)/Modulos/Modulo bienestar-eventos' successfully

2022-02-23 11:32:40 - [TEST_STEP][PASSED] - click(findTestObject("Modulo Pruebas Bienestar/Programación/td_Evento Salud Unico")): Object: 'Object Repository/Modulo Pruebas Bienestar/Programación/td_Evento Salud Unico' is clicked on

2022-02-23 11:32:43 - [MESSAGE][PASSED] - Object: 'Object Repository/Modulo Pruebas Bienestar/Programación/td_Evento Salud Unico' is clicked on

2022-02-23 11:32:43 - [TEST_STEP][PASSED] - click(findTestObject("Modulo Pruebas Bienestar/Programación/a_Programacin")): Object: 'Object Repository/Modulo Pruebas Bienestar/Programación/a_Programacin' is clicked on

2022-02-23 11:32:45 - [MESSAGE][PASSED] - Object: 'Object Repository/Modulo Pruebas Bienestar/Programación/a_Programacin' is clicked on

2022-02-23 11:32:45 - [TEST_STEP][PASSED] - if (waitForElementClickable(findTestObject("Modulo Pruebas Bienestar/Programación/a_MAR-MIE 0500-0600_form_programacionMomentoEventotablaMomentoEventoHorario0j_idt836"), 1)): Web element with id: 'Object Repository/Modulo Pruebas Bienestar/Programación/a_MAR-MIE 0500-0600_form_programacionMomentoEventotablaMomentoEventoHorario0j_idt836' located by '//a[@id='form_programacionMomentoEvento:tablaMomentoEventoHorario:0:j_idt836']' not found

2022-02-23 11:32:47 - [MESSAGE][INFO] - Unable to find the element located by 'By.xpath: //a[@id='form_programacionMomentoEvento:tablaMomentoEventoHorario:0:j_idt836']'. Please recheck the objects properties to make sure the desired element is located. 

2022-02-23 11:32:47 - [MESSAGE][WARNING] - Web element with id: 'Object Repository/Modulo Pruebas Bienestar/Programación/a_MAR-MIE 0500-0600_form_programacionMomentoEventotablaMomentoEventoHorario0j_idt836' located by '//a[@id='form_programacionMomentoEvento:tablaMomentoEventoHorario:0:j_idt836']' not found

2022-02-23 11:32:47 - [TEST_STEP][PASSED] - setText(findTestObject("Modulo Pruebas Bienestar/Programación/input_Horario_form_programacionMomentoEventotablaMomentoEventoHorariofechaIniciaPME_input"), "27/11/2018"): Text '27/11/2018' is set on object 'Object Repository/Modulo Pruebas Bienestar/Programación/input_Horario_form_programacionMomentoEventotablaMomentoEventoHorariofechaIniciaPME_input'

2022-02-23 11:32:48 - [MESSAGE][PASSED] - Text '27/11/2018' is set on object 'Object Repository/Modulo Pruebas Bienestar/Programación/input_Horario_form_programacionMomentoEventotablaMomentoEventoHorariofechaIniciaPME_input'

2022-02-23 11:32:48 - [TEST_STEP][PASSED] - setText(findTestObject("Modulo Pruebas Bienestar/Programación/input_Horario_form_programacionMomentoEventotablaMomentoEventoHorariofechaTerminaPME_input"), "28/11/2018"): Text '28/11/2018' is set on object 'Object Repository/Modulo Pruebas Bienestar/Programación/input_Horario_form_programacionMomentoEventotablaMomentoEventoHorariofechaTerminaPME_input'

2022-02-23 11:32:49 - [MESSAGE][PASSED] - Text '28/11/2018' is set on object 'Object Repository/Modulo Pruebas Bienestar/Programación/input_Horario_form_programacionMomentoEventotablaMomentoEventoHorariofechaTerminaPME_input'

2022-02-23 11:32:49 - [TEST_STEP][PASSED] - click(findTestObject("Modulo Pruebas Bienestar/Programación/a_Horario_form_programacionMomentoEventotablaMomentoEventoHorarioj_idt833")): Object: 'Object Repository/Modulo Pruebas Bienestar/Programación/a_Horario_form_programacionMomentoEventotablaMomentoEventoHorarioj_idt833' is clicked on

2022-02-23 11:32:50 - [MESSAGE][PASSED] - Object: 'Object Repository/Modulo Pruebas Bienestar/Programación/a_Horario_form_programacionMomentoEventotablaMomentoEventoHorarioj_idt833' is clicked on

2022-02-23 11:32:50 - [TEST_STEP][PASSED] - check(findTestObject("Modulo Pruebas Bienestar/Programación/label_MAR")): Object 'Object Repository/Modulo Pruebas Bienestar/Programación/label_MAR' is checked

2022-02-23 11:32:50 - [MESSAGE][PASSED] - Object 'Object Repository/Modulo Pruebas Bienestar/Programación/label_MAR' is checked

2022-02-23 11:32:50 - [TEST_STEP][PASSED] - check(findTestObject("Modulo Pruebas Bienestar/Programación/label_MIE")): Object 'Object Repository/Modulo Pruebas Bienestar/Programación/label_MIE' is checked

2022-02-23 11:32:51 - [MESSAGE][PASSED] - Object 'Object Repository/Modulo Pruebas Bienestar/Programación/label_MIE' is checked

2022-02-23 11:32:51 - [TEST_STEP][PASSED] - selectOptionByIndex(findTestObject("Modulo Pruebas Bienestar/Programación/select_hora1"), 5): All options with index in [5] are selected on object 'Object Repository/Modulo Pruebas Bienestar/Programación/select_hora1'

2022-02-23 11:32:52 - [MESSAGE][PASSED] - All options with index in [5] are selected on object 'Object Repository/Modulo Pruebas Bienestar/Programación/select_hora1'

2022-02-23 11:32:52 - [TEST_STEP][PASSED] - selectOptionByIndex(findTestObject("Modulo Pruebas Bienestar/Programación/select_hora 2"), 6): All options with index in [6] are selected on object 'Object Repository/Modulo Pruebas Bienestar/Programación/select_hora 2'

2022-02-23 11:32:53 - [MESSAGE][PASSED] - All options with index in [6] are selected on object 'Object Repository/Modulo Pruebas Bienestar/Programación/select_hora 2'

2022-02-23 11:32:53 - [TEST_STEP][PASSED] - click(findTestObject("Modulo Pruebas Bienestar/Programación/a_mas_horario")): Object: 'Object Repository/Modulo Pruebas Bienestar/Programación/a_mas_horario' is clicked on

2022-02-23 11:32:53 - [MESSAGE][PASSED] - Object: 'Object Repository/Modulo Pruebas Bienestar/Programación/a_mas_horario' is clicked on

2022-02-23 11:32:53 - [TEST_STEP][PASSED] - click(findTestObject("Modulo Pruebas Bienestar/Programación/a_Aplicar")): Object: 'Object Repository/Modulo Pruebas Bienestar/Programación/a_Aplicar' is clicked on

2022-02-23 11:32:54 - [MESSAGE][PASSED] - Object: 'Object Repository/Modulo Pruebas Bienestar/Programación/a_Aplicar' is clicked on

2022-02-23 11:32:54 - [TEST_STEP][PASSED] - click(findTestObject("Modulo Pruebas Bienestar/Programación/a_mas")): Object: 'Object Repository/Modulo Pruebas Bienestar/Programación/a_mas' is clicked on

2022-02-23 11:32:55 - [MESSAGE][PASSED] - Object: 'Object Repository/Modulo Pruebas Bienestar/Programación/a_mas' is clicked on

2022-02-23 11:32:55 - [TEST_STEP][PASSED] - closeBrowser(): Browser is closed

2022-02-23 11:32:56 - [MESSAGE][PASSED] - Browser is closed]]></system-out>
         <system-err><![CDATA[]]></system-err>
      </testcase>
      <testcase name="Test Cases/3.1-Pruebas_Bienestar/3.1.7-Programacion_Múltiple" time="55.72" classname="Test Cases/3.1-Pruebas_Bienestar/3.1.7-Programacion_Múltiple" status="PASSED">
         <system-out><![CDATA[2022-02-23 11:32:56 - [TEST_CASE][PASSED] - Test Cases/3.1-Pruebas_Bienestar/3.1.7-Programacion_Múltiple: Test Cases/3.1-Pruebas_Bienestar/3.1.7-Programacion_Múltiple

2022-02-23 11:32:56 - [TEST_STEP][PASSED] - today = new java.util.Date(): null

2022-02-23 11:32:56 - [TEST_STEP][PASSED] - Dia = today.format("dd"): null

2022-02-23 11:32:56 - [TEST_STEP][PASSED] - Mes = today.format("MM"): null

2022-02-23 11:32:56 - [TEST_STEP][PASSED] - MesN = today.format("MM"): null

2022-02-23 11:32:56 - [TEST_STEP][PASSED] - Año = today.format("yyyy"): null

2022-02-23 11:32:56 - [TEST_STEP][PASSED] - AñoN = today.format("yyyy"): null

2022-02-23 11:32:56 - [TEST_STEP][PASSED] - sumaD = Dia + 10: null

2022-02-23 11:32:56 - [TEST_STEP][PASSED] - sumaM = Mes + 1: null

2022-02-23 11:32:56 - [TEST_STEP][PASSED] - sumaA = Año + 1: null

2022-02-23 11:32:56 - [TEST_STEP][PASSED] - if (sumaD > 30): null

2022-02-23 11:32:56 - [TEST_STEP][PASSED] - sumaD = sumaD - Dia: null

2022-02-23 11:32:56 - [TEST_STEP][PASSED] - Mes = sumaM: null

2022-02-23 11:32:56 - [TEST_STEP][PASSED] - if (sumaM > 12): null

2022-02-23 11:32:56 - [TEST_STEP][PASSED] - Dia0 = Dia + 1: null

2022-02-23 11:32:56 - [TEST_STEP][PASSED] - restaD0 = sumaD - 1: null

2022-02-23 11:32:56 - [TEST_STEP][PASSED] - if (Dia0 > 30): null

2022-02-23 11:32:56 - [TEST_STEP][PASSED] - else: null

2022-02-23 11:32:56 - [TEST_STEP][PASSED] - Dia0: null

2022-02-23 11:32:56 - [TEST_STEP][PASSED] - MesN: null

2022-02-23 11:32:56 - [TEST_STEP][PASSED] - if (restaD0 < 1): null

2022-02-23 11:32:56 - [TEST_STEP][PASSED] - else: null

2022-02-23 11:32:56 - [TEST_STEP][PASSED] - restaD0: null

2022-02-23 11:32:56 - [TEST_STEP][PASSED] - Mes: null

2022-02-23 11:32:56 - [TEST_STEP][PASSED] - FechaI = Dia + "/" + MesN + "/" + AñoN: null

2022-02-23 11:32:56 - [TEST_STEP][PASSED] - FechaF = sumaD + "/" + Mes + "/" + Año: null

2022-02-23 11:32:56 - [TEST_STEP][PASSED] - FechaI0 = Dia0 + "/" + MesN + "/" + AñoN: null

2022-02-23 11:32:56 - [TEST_STEP][PASSED] - FechaF0 = restaD0 + "/" + Mes + "/" + Año: null

2022-02-23 11:32:56 - [TEST_STEP][PASSED] - callTestCase(findTestCase("Utilidades-(atajos_para _tareas)/Modulos/Modulo bienestar-eventos"), [:], STOP_ON_FAILURE): Call Test Case 'Test Cases/Utilidades-(atajos_para _tareas)/Modulos/Modulo bienestar-eventos' successfully

2022-02-23 11:32:56 - [TEST_CASE][PASSED] - Test Cases/Utilidades-(atajos_para _tareas)/Modulos/Modulo bienestar-eventos: Test Cases/Utilidades-(atajos_para _tareas)/Modulos/Modulo bienestar-eventos

2022-02-23 11:32:56 - [TEST_STEP][PASSED] - callTestCase(findTestCase("0.1-Login"), [:], STOP_ON_FAILURE): Call Test Case 'Test Cases/0.1-Login' successfully

2022-02-23 11:32:56 - [TEST_CASE][PASSED] - Test Cases/0.1-Login: Test Cases/0.1-Login

2022-02-23 11:32:56 - [TEST_STEP][PASSED] - openBrowser(""): Browser is opened with url: ''

2022-02-23 11:32:56 - [MESSAGE][INFO] - Starting 'Chrome' driver

2022-02-23 11:32:56 - [MESSAGE][INFO] - Action delay is set to 0 milliseconds

2022-02-23 11:32:58 - [MESSAGE][PASSED] - Browser is opened with url: ''

2022-02-23 11:32:58 - [TEST_STEP][PASSED] - maximizeWindow(): Current window maximized

2022-02-23 11:32:58 - [MESSAGE][PASSED] - Current window maximized

2022-02-23 11:32:58 - [TEST_STEP][PASSED] - i = G_Login: null

2022-02-23 11:32:58 - [TEST_STEP][PASSED] - url = new java.net.URL(i): null

2022-02-23 11:32:58 - [TEST_STEP][PASSED] - println("URL: " + url.toString()): null

2022-02-23 11:32:58 - [TEST_STEP][PASSED] - connection = url.openConnection(): null

2022-02-23 11:32:58 - [TEST_STEP][PASSED] - connection.setRequestMethod("GET"): null

2022-02-23 11:32:58 - [TEST_STEP][PASSED] - connection.setReadTimeout(2 * 1000): null

2022-02-23 11:32:58 - [TEST_STEP][PASSED] - try: null

2022-02-23 11:32:58 - [TEST_STEP][PASSED] - connection.connect(): null

2022-02-23 11:32:58 - [TEST_STEP][PASSED] - flag = connected: null

2022-02-23 11:32:58 - [TEST_STEP][PASSED] - println("Valor_ori: " + flag): null

2022-02-23 11:32:58 - [TEST_STEP][PASSED] - if (flag): null

2022-02-23 11:32:58 - [TEST_STEP][PASSED] - navigateToUrl(i): Navigate to 'http://192.168.2.80:8380/saraweb' successfully

2022-02-23 11:32:58 - [MESSAGE][PASSED] - Navigate to 'http://192.168.2.80:8380/saraweb' successfully

2022-02-23 11:32:58 - [TEST_STEP][PASSED] - a(): null

2022-02-23 11:32:58 - [TEST_STEP][PASSED] - setText(findTestObject("Login/input_USUARIO_loginusuario"), G_Usuario): Text 'saraadmin' is set on object 'Object Repository/Login/input_USUARIO_loginusuario'

2022-02-23 11:32:59 - [MESSAGE][PASSED] - Text 'saraadmin' is set on object 'Object Repository/Login/input_USUARIO_loginusuario'

2022-02-23 11:32:59 - [TEST_STEP][PASSED] - setEncryptedText(findTestObject("Login/input_CLAVE_loginpassword"), "MkG4/TYiCFC3cb2driP7+Q=="): Text ****** has been set on object 'Object Repository/Login/input_CLAVE_loginpassword'

2022-02-23 11:32:59 - [MESSAGE][PASSED] - Text ****** has been set on object 'Object Repository/Login/input_CLAVE_loginpassword'

2022-02-23 11:32:59 - [TEST_STEP][PASSED] - waitForElementClickable(findTestObject("Login/a_Ingresar"), G_TimeOut): Object 'Object Repository/Login/a_Ingresar' is clickable

2022-02-23 11:33:00 - [MESSAGE][PASSED] - Object 'Object Repository/Login/a_Ingresar' is clickable

2022-02-23 11:33:00 - [TEST_STEP][PASSED] - click(findTestObject("Login/a_Ingresar")): Object: 'Object Repository/Login/a_Ingresar' is clicked on

2022-02-23 11:33:02 - [MESSAGE][PASSED] - Object: 'Object Repository/Login/a_Ingresar' is clicked on

2022-02-23 11:33:02 - [TEST_STEP][PASSED] - element = findWebElement(findTestObject("Login/a_Ir"), 30): null

2022-02-23 11:33:03 - [TEST_STEP][PASSED] - executeJavaScript("arguments[0].click()", Arrays.asList(element)): Execute JavaScript 'arguments[0].click()' successfully

2022-02-23 11:33:03 - [MESSAGE][PASSED] - Execute JavaScript 'arguments[0].click()' successfully

2022-02-23 11:33:03 - [MESSAGE][PASSED] - Call Test Case 'Test Cases/0.1-Login' successfully

2022-02-23 11:33:03 - [TEST_STEP][PASSED] - waitForElementClickable(findTestObject("Modulo bienestar-eventos/input_ADMINISTRADOR DEL SISTEMA"), 0): Object 'Object Repository/Modulo bienestar-eventos/input_ADMINISTRADOR DEL SISTEMA' is clickable

2022-02-23 11:33:03 - [MESSAGE][WARNING] - Timeout '0' is invalid. Using default page load timeout: '30'

2022-02-23 11:33:04 - [MESSAGE][PASSED] - Object 'Object Repository/Modulo bienestar-eventos/input_ADMINISTRADOR DEL SISTEMA' is clickable

2022-02-23 11:33:04 - [TEST_STEP][PASSED] - setText(findTestObject("Modulo bienestar-eventos/input_ADMINISTRADOR DEL SISTEMA"), "eventos (bie)"): Text 'eventos (bie)' is set on object 'Object Repository/Modulo bienestar-eventos/input_ADMINISTRADOR DEL SISTEMA'

2022-02-23 11:33:04 - [MESSAGE][PASSED] - Text 'eventos (bie)' is set on object 'Object Repository/Modulo bienestar-eventos/input_ADMINISTRADOR DEL SISTEMA'

2022-02-23 11:33:04 - [TEST_STEP][PASSED] - click(findTestObject("Modulo bienestar-eventos/span_Eventos (bie)")): Object: 'Object Repository/Modulo bienestar-eventos/span_Eventos (bie)' is clicked on

2022-02-23 11:33:06 - [MESSAGE][PASSED] - Object: 'Object Repository/Modulo bienestar-eventos/span_Eventos (bie)' is clicked on

2022-02-23 11:33:06 - [MESSAGE][PASSED] - Call Test Case 'Test Cases/Utilidades-(atajos_para _tareas)/Modulos/Modulo bienestar-eventos' successfully

2022-02-23 11:33:06 - [TEST_STEP][PASSED] - click(findTestObject("Modulo Pruebas Bienestar/Programacion_Múltiple/td_Prueba-S")): Object: 'Object Repository/Modulo Pruebas Bienestar/Programacion_Múltiple/td_Prueba-S' is clicked on

2022-02-23 11:33:07 - [MESSAGE][PASSED] - Object: 'Object Repository/Modulo Pruebas Bienestar/Programacion_Múltiple/td_Prueba-S' is clicked on

2022-02-23 11:33:07 - [TEST_STEP][PASSED] - click(findTestObject("Modulo Pruebas Bienestar/Programacion_Múltiple/a_Momento Eventos")): Object: 'Object Repository/Modulo Pruebas Bienestar/Programacion_Múltiple/a_Momento Eventos' is clicked on

2022-02-23 11:33:09 - [MESSAGE][PASSED] - Object: 'Object Repository/Modulo Pruebas Bienestar/Programacion_Múltiple/a_Momento Eventos' is clicked on

2022-02-23 11:33:09 - [TEST_STEP][PASSED] - click(findTestObject("Modulo Pruebas Bienestar/Programacion_Múltiple/td_prueba")): Object: 'Object Repository/Modulo Pruebas Bienestar/Programacion_Múltiple/td_prueba' is clicked on

2022-02-23 11:33:10 - [MESSAGE][PASSED] - Object: 'Object Repository/Modulo Pruebas Bienestar/Programacion_Múltiple/td_prueba' is clicked on

2022-02-23 11:33:10 - [TEST_STEP][PASSED] - if (waitForElementClickable(findTestObject("Modulo Pruebas Bienestar/Programacion_Múltiple/a_MAR-MIE 0500-0600_popupMomentoEvento_formtablaMomentoEventoHorarioPopup0j_idt1582"), 1)): Web element with id: 'Object Repository/Modulo Pruebas Bienestar/Programacion_Múltiple/a_MAR-MIE 0500-0600_popupMomentoEvento_formtablaMomentoEventoHorarioPopup0j_idt1582' located by '//a[@id='popupMomentoEvento_form:tablaMomentoEventoHorarioPopup:0:j_idt1582']' not found

2022-02-23 11:33:12 - [MESSAGE][INFO] - Unable to find the element located by 'By.xpath: //a[@id='popupMomentoEvento_form:tablaMomentoEventoHorarioPopup:0:j_idt1582']'. Please recheck the objects properties to make sure the desired element is located. 

2022-02-23 11:33:12 - [MESSAGE][WARNING] - Web element with id: 'Object Repository/Modulo Pruebas Bienestar/Programacion_Múltiple/a_MAR-MIE 0500-0600_popupMomentoEvento_formtablaMomentoEventoHorarioPopup0j_idt1582' located by '//a[@id='popupMomentoEvento_form:tablaMomentoEventoHorarioPopup:0:j_idt1582']' not found

2022-02-23 11:33:12 - [TEST_STEP][PASSED] - setText(findTestObject("Modulo Pruebas Bienestar/Programacion_Múltiple/input_Inscripcin Inicial_popupMomentoEvento_formpMEInscripcionInicia_input"), FechaI): Text '23/2/2022' is set on object 'Object Repository/Modulo Pruebas Bienestar/Programacion_Múltiple/input_Inscripcin Inicial_popupMomentoEvento_formpMEInscripcionInicia_input'

2022-02-23 11:33:13 - [MESSAGE][PASSED] - Text '23/2/2022' is set on object 'Object Repository/Modulo Pruebas Bienestar/Programacion_Múltiple/input_Inscripcin Inicial_popupMomentoEvento_formpMEInscripcionInicia_input'

2022-02-23 11:33:13 - [TEST_STEP][PASSED] - setText(findTestObject("Modulo Pruebas Bienestar/Programacion_Múltiple/input_Inscripcin Termina_popupMomentoEvento_formpMEInscripcionFinaliza_input"), FechaF): Text '10/3/2022' is set on object 'Object Repository/Modulo Pruebas Bienestar/Programacion_Múltiple/input_Inscripcin Termina_popupMomentoEvento_formpMEInscripcionFinaliza_input'

2022-02-23 11:33:14 - [MESSAGE][PASSED] - Text '10/3/2022' is set on object 'Object Repository/Modulo Pruebas Bienestar/Programacion_Múltiple/input_Inscripcin Termina_popupMomentoEvento_formpMEInscripcionFinaliza_input'

2022-02-23 11:33:14 - [TEST_STEP][PASSED] - waitForElementPresent(findTestObject("Modulo Pruebas Bienestar/Programacion_Múltiple/input_Horario_popupMomentoEvento_formtablaMomentoEventoHorarioPopupfechaInicialPop_input"), 0): Object 'Object Repository/Modulo Pruebas Bienestar/Programacion_Múltiple/input_Horario_popupMomentoEvento_formtablaMomentoEventoHorarioPopupfechaInicialPop_input' is present

2022-02-23 11:33:14 - [MESSAGE][WARNING] - Timeout '0' is invalid. Using default page load timeout: '30'

2022-02-23 11:33:14 - [MESSAGE][PASSED] - Object 'Object Repository/Modulo Pruebas Bienestar/Programacion_Múltiple/input_Horario_popupMomentoEvento_formtablaMomentoEventoHorarioPopupfechaInicialPop_input' is present

2022-02-23 11:33:14 - [TEST_STEP][PASSED] - setText(findTestObject("Modulo Pruebas Bienestar/Programacion_Múltiple/input_Horario_popupMomentoEvento_formtablaMomentoEventoHorarioPopupfechaInicialPop_input"), FechaI): Text '23/2/2022' is set on object 'Object Repository/Modulo Pruebas Bienestar/Programacion_Múltiple/input_Horario_popupMomentoEvento_formtablaMomentoEventoHorarioPopupfechaInicialPop_input'

2022-02-23 11:33:15 - [MESSAGE][PASSED] - Text '23/2/2022' is set on object 'Object Repository/Modulo Pruebas Bienestar/Programacion_Múltiple/input_Horario_popupMomentoEvento_formtablaMomentoEventoHorarioPopupfechaInicialPop_input'

2022-02-23 11:33:15 - [TEST_STEP][PASSED] - sendKeys(findTestObject("Modulo Pruebas Bienestar/Programacion_Múltiple/input_Horario_popupMomentoEvento_formtablaMomentoEventoHorarioPopupfechaInicialPop_input"), Keys.chord(ENTER)): Keys 'ENTER + ' sent to object: 'Object Repository/Modulo Pruebas Bienestar/Programacion_Múltiple/input_Horario_popupMomentoEvento_formtablaMomentoEventoHorarioPopupfechaInicialPop_input'

2022-02-23 11:33:16 - [MESSAGE][PASSED] - Keys 'ENTER + ' sent to object: 'Object Repository/Modulo Pruebas Bienestar/Programacion_Múltiple/input_Horario_popupMomentoEvento_formtablaMomentoEventoHorarioPopupfechaInicialPop_input'

2022-02-23 11:33:16 - [TEST_STEP][PASSED] - waitForElementPresent(findTestObject("Modulo Pruebas Bienestar/Programacion_Múltiple/input_Horario_popupMomentoEvento_formtablaMomentoEventoHorarioPopuppMEFechaTerminaPopup_input"), 0): Object 'Object Repository/Modulo Pruebas Bienestar/Programacion_Múltiple/input_Horario_popupMomentoEvento_formtablaMomentoEventoHorarioPopuppMEFechaTerminaPopup_input' is present

2022-02-23 11:33:16 - [MESSAGE][WARNING] - Timeout '0' is invalid. Using default page load timeout: '30'

2022-02-23 11:33:16 - [MESSAGE][PASSED] - Object 'Object Repository/Modulo Pruebas Bienestar/Programacion_Múltiple/input_Horario_popupMomentoEvento_formtablaMomentoEventoHorarioPopuppMEFechaTerminaPopup_input' is present

2022-02-23 11:33:16 - [TEST_STEP][PASSED] - setText(findTestObject("Modulo Pruebas Bienestar/Programacion_Múltiple/input_Horario_popupMomentoEvento_formtablaMomentoEventoHorarioPopuppMEFechaTerminaPopup_input"), FechaF): Text '10/3/2022' is set on object 'Object Repository/Modulo Pruebas Bienestar/Programacion_Múltiple/input_Horario_popupMomentoEvento_formtablaMomentoEventoHorarioPopuppMEFechaTerminaPopup_input'

2022-02-23 11:33:17 - [MESSAGE][PASSED] - Text '10/3/2022' is set on object 'Object Repository/Modulo Pruebas Bienestar/Programacion_Múltiple/input_Horario_popupMomentoEvento_formtablaMomentoEventoHorarioPopuppMEFechaTerminaPopup_input'

2022-02-23 11:33:17 - [TEST_STEP][PASSED] - sendKeys(findTestObject("Modulo Pruebas Bienestar/Programacion_Múltiple/input_Horario_popupMomentoEvento_formtablaMomentoEventoHorarioPopuppMEFechaTerminaPopup_input"), Keys.chord(ESCAPE)): Keys 'ESCAPE + ' sent to object: 'Object Repository/Modulo Pruebas Bienestar/Programacion_Múltiple/input_Horario_popupMomentoEvento_formtablaMomentoEventoHorarioPopuppMEFechaTerminaPopup_input'

2022-02-23 11:33:18 - [MESSAGE][PASSED] - Keys 'ESCAPE + ' sent to object: 'Object Repository/Modulo Pruebas Bienestar/Programacion_Múltiple/input_Horario_popupMomentoEvento_formtablaMomentoEventoHorarioPopuppMEFechaTerminaPopup_input'

2022-02-23 11:33:18 - [TEST_STEP][PASSED] - click(findTestObject("Modulo Pruebas Bienestar/Programacion_Múltiple/a_Horario_popupMomentoEvento_formtablaMomentoEventoHorarioPopupj_idt1579"), STOP_ON_FAILURE): Object: 'Object Repository/Modulo Pruebas Bienestar/Programacion_Múltiple/a_Horario_popupMomentoEvento_formtablaMomentoEventoHorarioPopupj_idt1579' is clicked on

2022-02-23 11:33:18 - [MESSAGE][PASSED] - Object: 'Object Repository/Modulo Pruebas Bienestar/Programacion_Múltiple/a_Horario_popupMomentoEvento_formtablaMomentoEventoHorarioPopupj_idt1579' is clicked on

2022-02-23 11:33:18 - [TEST_STEP][PASSED] - sendKeys(findTestObject("Modulo Pruebas Bienestar/Programacion_Múltiple/input_Horario_popupMomentoEvento_formtablaMomentoEventoHorarioPopuppMEFechaTerminaPopup_input"), Keys.chord(ENTER)): Keys 'ENTER + ' sent to object: 'Object Repository/Modulo Pruebas Bienestar/Programacion_Múltiple/input_Horario_popupMomentoEvento_formtablaMomentoEventoHorarioPopuppMEFechaTerminaPopup_input'

2022-02-23 11:33:19 - [MESSAGE][PASSED] - Keys 'ENTER + ' sent to object: 'Object Repository/Modulo Pruebas Bienestar/Programacion_Múltiple/input_Horario_popupMomentoEvento_formtablaMomentoEventoHorarioPopuppMEFechaTerminaPopup_input'

2022-02-23 11:33:19 - [TEST_STEP][PASSED] - waitForElementClickable(findTestObject("Modulo Pruebas Bienestar/Programacion_Múltiple/label_MAR"), 0): Object 'Object Repository/Modulo Pruebas Bienestar/Programacion_Múltiple/label_MAR' is clickable

2022-02-23 11:33:19 - [MESSAGE][WARNING] - Timeout '0' is invalid. Using default page load timeout: '30'

2022-02-23 11:33:19 - [MESSAGE][PASSED] - Object 'Object Repository/Modulo Pruebas Bienestar/Programacion_Múltiple/label_MAR' is clickable

2022-02-23 11:33:19 - [TEST_STEP][PASSED] - check(findTestObject("Modulo Pruebas Bienestar/Programacion_Múltiple/label_MAR")): Object 'Object Repository/Modulo Pruebas Bienestar/Programacion_Múltiple/label_MAR' is checked

2022-02-23 11:33:20 - [MESSAGE][PASSED] - Object 'Object Repository/Modulo Pruebas Bienestar/Programacion_Múltiple/label_MAR' is checked

2022-02-23 11:33:20 - [TEST_STEP][PASSED] - check(findTestObject("Modulo Pruebas Bienestar/Programacion_Múltiple/label_MIE")): Object 'Object Repository/Modulo Pruebas Bienestar/Programacion_Múltiple/label_MIE' is checked

2022-02-23 11:33:20 - [MESSAGE][PASSED] - Object 'Object Repository/Modulo Pruebas Bienestar/Programacion_Múltiple/label_MIE' is checked

2022-02-23 11:33:20 - [TEST_STEP][PASSED] - selectOptionByIndex(findTestObject("Modulo Pruebas Bienestar/Programacion_Múltiple/select_01"), 5): All options with index in [5] are selected on object 'Object Repository/Modulo Pruebas Bienestar/Programacion_Múltiple/select_01'

2022-02-23 11:33:21 - [MESSAGE][PASSED] - All options with index in [5] are selected on object 'Object Repository/Modulo Pruebas Bienestar/Programacion_Múltiple/select_01'

2022-02-23 11:33:21 - [TEST_STEP][PASSED] - selectOptionByIndex(findTestObject("Modulo Pruebas Bienestar/Programacion_Múltiple/select_02"), 6): All options with index in [6] are selected on object 'Object Repository/Modulo Pruebas Bienestar/Programacion_Múltiple/select_02'

2022-02-23 11:33:22 - [MESSAGE][PASSED] - All options with index in [6] are selected on object 'Object Repository/Modulo Pruebas Bienestar/Programacion_Múltiple/select_02'

2022-02-23 11:33:22 - [TEST_STEP][PASSED] - click(findTestObject("Modulo Pruebas Bienestar/Programacion_Múltiple/a_mas_Horario")): Object: 'Object Repository/Modulo Pruebas Bienestar/Programacion_Múltiple/a_mas_Horario' is clicked on

2022-02-23 11:33:23 - [MESSAGE][PASSED] - Object: 'Object Repository/Modulo Pruebas Bienestar/Programacion_Múltiple/a_mas_Horario' is clicked on

2022-02-23 11:33:23 - [TEST_STEP][PASSED] - waitForElementClickable(findTestObject("Modulo Pruebas Bienestar/Programacion_Múltiple/td_LUN-MAR 0500-0600"), 2): Web element with id: 'Object Repository/Modulo Pruebas Bienestar/Programacion_Múltiple/td_LUN-MAR 0500-0600' located by '//*/text()[normalize-space(.)='LUN-MAR 05:00-06:00']/parent::*' not found

2022-02-23 11:33:26 - [MESSAGE][INFO] - Unable to find the element located by 'By.xpath: //*/text()[normalize-space(.)='LUN-MAR 05:00-06:00']/parent::*'. Please recheck the objects properties to make sure the desired element is located. 

2022-02-23 11:33:26 - [MESSAGE][WARNING] - Web element with id: 'Object Repository/Modulo Pruebas Bienestar/Programacion_Múltiple/td_LUN-MAR 0500-0600' located by '//*/text()[normalize-space(.)='LUN-MAR 05:00-06:00']/parent::*' not found

2022-02-23 11:33:26 - [TEST_STEP][PASSED] - click(findTestObject("Modulo Pruebas Bienestar/Programacion_Múltiple/a_Aplicar")): Object: 'Object Repository/Modulo Pruebas Bienestar/Programacion_Múltiple/a_Aplicar' is clicked on

2022-02-23 11:33:27 - [MESSAGE][PASSED] - Object: 'Object Repository/Modulo Pruebas Bienestar/Programacion_Múltiple/a_Aplicar' is clicked on

2022-02-23 11:33:27 - [TEST_STEP][PASSED] - click(findTestObject("Modulo Pruebas Bienestar/Programacion_Múltiple/a_Icon_mas_principal")): Object: 'Object Repository/Modulo Pruebas Bienestar/Programacion_Múltiple/a_Icon_mas_principal' is clicked on

2022-02-23 11:33:27 - [MESSAGE][PASSED] - Object: 'Object Repository/Modulo Pruebas Bienestar/Programacion_Múltiple/a_Icon_mas_principal' is clicked on

2022-02-23 11:33:27 - [TEST_STEP][PASSED] - click(findTestObject("Modulo Pruebas Bienestar/Programacion_Múltiple/a_Guardar")): Object: 'Object Repository/Modulo Pruebas Bienestar/Programacion_Múltiple/a_Guardar' is clicked on

2022-02-23 11:33:28 - [MESSAGE][PASSED] - Object: 'Object Repository/Modulo Pruebas Bienestar/Programacion_Múltiple/a_Guardar' is clicked on

2022-02-23 11:33:28 - [TEST_STEP][PASSED] - click(findTestObject("Modulo Pruebas Bienestar/Programacion_Múltiple/a_Regresar")): Object: 'Object Repository/Modulo Pruebas Bienestar/Programacion_Múltiple/a_Regresar' is clicked on

2022-02-23 11:33:29 - [MESSAGE][PASSED] - Object: 'Object Repository/Modulo Pruebas Bienestar/Programacion_Múltiple/a_Regresar' is clicked on

2022-02-23 11:33:29 - [TEST_STEP][PASSED] - click(findTestObject("Modulo Pruebas Bienestar/Programacion_Múltiple/td_Prueba-S-SH")): Object: 'Object Repository/Modulo Pruebas Bienestar/Programacion_Múltiple/td_Prueba-S-SH' is clicked on

2022-02-23 11:33:30 - [MESSAGE][PASSED] - Object: 'Object Repository/Modulo Pruebas Bienestar/Programacion_Múltiple/td_Prueba-S-SH' is clicked on

2022-02-23 11:33:30 - [TEST_STEP][PASSED] - click(findTestObject("Modulo Pruebas Bienestar/Programacion_Múltiple/a_Momento Eventos")): Object: 'Object Repository/Modulo Pruebas Bienestar/Programacion_Múltiple/a_Momento Eventos' is clicked on

2022-02-23 11:33:32 - [MESSAGE][PASSED] - Object: 'Object Repository/Modulo Pruebas Bienestar/Programacion_Múltiple/a_Momento Eventos' is clicked on

2022-02-23 11:33:32 - [TEST_STEP][PASSED] - click(findTestObject("Modulo Pruebas Bienestar/Programacion_Múltiple/td_prueba")): Object: 'Object Repository/Modulo Pruebas Bienestar/Programacion_Múltiple/td_prueba' is clicked on

2022-02-23 11:33:32 - [MESSAGE][PASSED] - Object: 'Object Repository/Modulo Pruebas Bienestar/Programacion_Múltiple/td_prueba' is clicked on

2022-02-23 11:33:32 - [TEST_STEP][PASSED] - if (waitForElementClickable(findTestObject("Modulo Pruebas Bienestar/Programacion_Múltiple/a_MAR-MIE 0500-0600_popupMomentoEvento_formtablaMomentoEventoHorarioPopup0j_idt1582"), 1)): Web element with id: 'Object Repository/Modulo Pruebas Bienestar/Programacion_Múltiple/a_MAR-MIE 0500-0600_popupMomentoEvento_formtablaMomentoEventoHorarioPopup0j_idt1582' located by '//a[@id='popupMomentoEvento_form:tablaMomentoEventoHorarioPopup:0:j_idt1582']' not found

2022-02-23 11:33:35 - [MESSAGE][INFO] - Unable to find the element located by 'By.xpath: //a[@id='popupMomentoEvento_form:tablaMomentoEventoHorarioPopup:0:j_idt1582']'. Please recheck the objects properties to make sure the desired element is located. 

2022-02-23 11:33:35 - [MESSAGE][WARNING] - Web element with id: 'Object Repository/Modulo Pruebas Bienestar/Programacion_Múltiple/a_MAR-MIE 0500-0600_popupMomentoEvento_formtablaMomentoEventoHorarioPopup0j_idt1582' located by '//a[@id='popupMomentoEvento_form:tablaMomentoEventoHorarioPopup:0:j_idt1582']' not found

2022-02-23 11:33:35 - [TEST_STEP][PASSED] - setText(findTestObject("Modulo Pruebas Bienestar/Programacion_Múltiple/input_Inscripcin Inicial_popupMomentoEvento_formpMEInscripcionInicia_input"), FechaI): Text '23/2/2022' is set on object 'Object Repository/Modulo Pruebas Bienestar/Programacion_Múltiple/input_Inscripcin Inicial_popupMomentoEvento_formpMEInscripcionInicia_input'

2022-02-23 11:33:36 - [MESSAGE][PASSED] - Text '23/2/2022' is set on object 'Object Repository/Modulo Pruebas Bienestar/Programacion_Múltiple/input_Inscripcin Inicial_popupMomentoEvento_formpMEInscripcionInicia_input'

2022-02-23 11:33:36 - [TEST_STEP][PASSED] - setText(findTestObject("Modulo Pruebas Bienestar/Programacion_Múltiple/input_Inscripcin Termina_popupMomentoEvento_formpMEInscripcionFinaliza_input"), FechaF): Text '10/3/2022' is set on object 'Object Repository/Modulo Pruebas Bienestar/Programacion_Múltiple/input_Inscripcin Termina_popupMomentoEvento_formpMEInscripcionFinaliza_input'

2022-02-23 11:33:37 - [MESSAGE][PASSED] - Text '10/3/2022' is set on object 'Object Repository/Modulo Pruebas Bienestar/Programacion_Múltiple/input_Inscripcin Termina_popupMomentoEvento_formpMEInscripcionFinaliza_input'

2022-02-23 11:33:37 - [TEST_STEP][PASSED] - waitForElementPresent(findTestObject("Modulo Pruebas Bienestar/Programacion_Múltiple/input_Horario_popupMomentoEvento_formtablaMomentoEventoHorarioPopupfechaInicialPop_input"), 0): Object 'Object Repository/Modulo Pruebas Bienestar/Programacion_Múltiple/input_Horario_popupMomentoEvento_formtablaMomentoEventoHorarioPopupfechaInicialPop_input' is present

2022-02-23 11:33:37 - [MESSAGE][WARNING] - Timeout '0' is invalid. Using default page load timeout: '30'

2022-02-23 11:33:37 - [MESSAGE][PASSED] - Object 'Object Repository/Modulo Pruebas Bienestar/Programacion_Múltiple/input_Horario_popupMomentoEvento_formtablaMomentoEventoHorarioPopupfechaInicialPop_input' is present

2022-02-23 11:33:37 - [TEST_STEP][PASSED] - setText(findTestObject("Modulo Pruebas Bienestar/Programacion_Múltiple/input_Horario_popupMomentoEvento_formtablaMomentoEventoHorarioPopupfechaInicialPop_input"), FechaI0): Text '24/2/2022' is set on object 'Object Repository/Modulo Pruebas Bienestar/Programacion_Múltiple/input_Horario_popupMomentoEvento_formtablaMomentoEventoHorarioPopupfechaInicialPop_input'

2022-02-23 11:33:38 - [MESSAGE][PASSED] - Text '24/2/2022' is set on object 'Object Repository/Modulo Pruebas Bienestar/Programacion_Múltiple/input_Horario_popupMomentoEvento_formtablaMomentoEventoHorarioPopupfechaInicialPop_input'

2022-02-23 11:33:38 - [TEST_STEP][PASSED] - sendKeys(findTestObject("Modulo Pruebas Bienestar/Programacion_Múltiple/input_Horario_popupMomentoEvento_formtablaMomentoEventoHorarioPopupfechaInicialPop_input"), Keys.chord(ENTER)): Keys 'ENTER + ' sent to object: 'Object Repository/Modulo Pruebas Bienestar/Programacion_Múltiple/input_Horario_popupMomentoEvento_formtablaMomentoEventoHorarioPopupfechaInicialPop_input'

2022-02-23 11:33:39 - [MESSAGE][PASSED] - Keys 'ENTER + ' sent to object: 'Object Repository/Modulo Pruebas Bienestar/Programacion_Múltiple/input_Horario_popupMomentoEvento_formtablaMomentoEventoHorarioPopupfechaInicialPop_input'

2022-02-23 11:33:39 - [TEST_STEP][PASSED] - waitForElementPresent(findTestObject("Modulo Pruebas Bienestar/Programacion_Múltiple/input_Horario_popupMomentoEvento_formtablaMomentoEventoHorarioPopuppMEFechaTerminaPopup_input"), 0): Object 'Object Repository/Modulo Pruebas Bienestar/Programacion_Múltiple/input_Horario_popupMomentoEvento_formtablaMomentoEventoHorarioPopuppMEFechaTerminaPopup_input' is present

2022-02-23 11:33:39 - [MESSAGE][WARNING] - Timeout '0' is invalid. Using default page load timeout: '30'

2022-02-23 11:33:39 - [MESSAGE][PASSED] - Object 'Object Repository/Modulo Pruebas Bienestar/Programacion_Múltiple/input_Horario_popupMomentoEvento_formtablaMomentoEventoHorarioPopuppMEFechaTerminaPopup_input' is present

2022-02-23 11:33:39 - [TEST_STEP][PASSED] - setText(findTestObject("Modulo Pruebas Bienestar/Programacion_Múltiple/input_Horario_popupMomentoEvento_formtablaMomentoEventoHorarioPopuppMEFechaTerminaPopup_input"), FechaF0): Text '9/3/2022' is set on object 'Object Repository/Modulo Pruebas Bienestar/Programacion_Múltiple/input_Horario_popupMomentoEvento_formtablaMomentoEventoHorarioPopuppMEFechaTerminaPopup_input'

2022-02-23 11:33:40 - [MESSAGE][PASSED] - Text '9/3/2022' is set on object 'Object Repository/Modulo Pruebas Bienestar/Programacion_Múltiple/input_Horario_popupMomentoEvento_formtablaMomentoEventoHorarioPopuppMEFechaTerminaPopup_input'

2022-02-23 11:33:40 - [TEST_STEP][PASSED] - element = findWebElement(findTestObject("Modulo Pruebas Bienestar/Programacion_Múltiple/a_Horario_popupMomentoEvento_formtablaMomentoEventoHorarioPopupj_idt1579"), 30): null

2022-02-23 11:33:40 - [TEST_STEP][PASSED] - executeJavaScript("arguments[0].click()", Arrays.asList(element)): Execute JavaScript 'arguments[0].click()' successfully

2022-02-23 11:33:40 - [MESSAGE][PASSED] - Execute JavaScript 'arguments[0].click()' successfully

2022-02-23 11:33:40 - [TEST_STEP][PASSED] - sendKeys(findTestObject("Modulo Pruebas Bienestar/Programacion_Múltiple/input_Horario_popupMomentoEvento_formtablaMomentoEventoHorarioPopuppMEFechaTerminaPopup_input"), Keys.chord(ENTER)): Keys 'ENTER + ' sent to object: 'Object Repository/Modulo Pruebas Bienestar/Programacion_Múltiple/input_Horario_popupMomentoEvento_formtablaMomentoEventoHorarioPopuppMEFechaTerminaPopup_input'

2022-02-23 11:33:42 - [MESSAGE][PASSED] - Keys 'ENTER + ' sent to object: 'Object Repository/Modulo Pruebas Bienestar/Programacion_Múltiple/input_Horario_popupMomentoEvento_formtablaMomentoEventoHorarioPopuppMEFechaTerminaPopup_input'

2022-02-23 11:33:42 - [TEST_STEP][PASSED] - waitForElementClickable(findTestObject("Modulo Pruebas Bienestar/Programacion_Múltiple/label_MAR"), 0): Object 'Object Repository/Modulo Pruebas Bienestar/Programacion_Múltiple/label_MAR' is clickable

2022-02-23 11:33:42 - [MESSAGE][WARNING] - Timeout '0' is invalid. Using default page load timeout: '30'

2022-02-23 11:33:42 - [MESSAGE][PASSED] - Object 'Object Repository/Modulo Pruebas Bienestar/Programacion_Múltiple/label_MAR' is clickable

2022-02-23 11:33:42 - [TEST_STEP][PASSED] - check(findTestObject("Modulo Pruebas Bienestar/Programacion_Múltiple/label_MAR")): Object 'Object Repository/Modulo Pruebas Bienestar/Programacion_Múltiple/label_MAR' is checked

2022-02-23 11:33:43 - [MESSAGE][PASSED] - Object 'Object Repository/Modulo Pruebas Bienestar/Programacion_Múltiple/label_MAR' is checked

2022-02-23 11:33:43 - [TEST_STEP][PASSED] - check(findTestObject("Modulo Pruebas Bienestar/Programacion_Múltiple/label_MIE")): Object 'Object Repository/Modulo Pruebas Bienestar/Programacion_Múltiple/label_MIE' is checked

2022-02-23 11:33:43 - [MESSAGE][PASSED] - Object 'Object Repository/Modulo Pruebas Bienestar/Programacion_Múltiple/label_MIE' is checked

2022-02-23 11:33:43 - [TEST_STEP][PASSED] - selectOptionByIndex(findTestObject("Modulo Pruebas Bienestar/Programacion_Múltiple/select_01"), 5): All options with index in [5] are selected on object 'Object Repository/Modulo Pruebas Bienestar/Programacion_Múltiple/select_01'

2022-02-23 11:33:44 - [MESSAGE][PASSED] - All options with index in [5] are selected on object 'Object Repository/Modulo Pruebas Bienestar/Programacion_Múltiple/select_01'

2022-02-23 11:33:44 - [TEST_STEP][PASSED] - selectOptionByIndex(findTestObject("Modulo Pruebas Bienestar/Programacion_Múltiple/select_02"), 6): All options with index in [6] are selected on object 'Object Repository/Modulo Pruebas Bienestar/Programacion_Múltiple/select_02'

2022-02-23 11:33:45 - [MESSAGE][PASSED] - All options with index in [6] are selected on object 'Object Repository/Modulo Pruebas Bienestar/Programacion_Múltiple/select_02'

2022-02-23 11:33:45 - [TEST_STEP][PASSED] - click(findTestObject("Modulo Pruebas Bienestar/Programacion_Múltiple/a_mas_Horario")): Object: 'Object Repository/Modulo Pruebas Bienestar/Programacion_Múltiple/a_mas_Horario' is clicked on

2022-02-23 11:33:45 - [MESSAGE][PASSED] - Object: 'Object Repository/Modulo Pruebas Bienestar/Programacion_Múltiple/a_mas_Horario' is clicked on

2022-02-23 11:33:45 - [TEST_STEP][PASSED] - waitForElementClickable(findTestObject("Modulo Pruebas Bienestar/Programacion_Múltiple/td_LUN-MAR 0500-0600"), 2): Web element with id: 'Object Repository/Modulo Pruebas Bienestar/Programacion_Múltiple/td_LUN-MAR 0500-0600' located by '//*/text()[normalize-space(.)='LUN-MAR 05:00-06:00']/parent::*' not found

2022-02-23 11:33:49 - [MESSAGE][INFO] - Unable to find the element located by 'By.xpath: //*/text()[normalize-space(.)='LUN-MAR 05:00-06:00']/parent::*'. Please recheck the objects properties to make sure the desired element is located. 

2022-02-23 11:33:49 - [MESSAGE][WARNING] - Web element with id: 'Object Repository/Modulo Pruebas Bienestar/Programacion_Múltiple/td_LUN-MAR 0500-0600' located by '//*/text()[normalize-space(.)='LUN-MAR 05:00-06:00']/parent::*' not found

2022-02-23 11:33:49 - [TEST_STEP][PASSED] - click(findTestObject("Modulo Pruebas Bienestar/Programacion_Múltiple/a_Aplicar")): Object: 'Object Repository/Modulo Pruebas Bienestar/Programacion_Múltiple/a_Aplicar' is clicked on

2022-02-23 11:33:49 - [MESSAGE][PASSED] - Object: 'Object Repository/Modulo Pruebas Bienestar/Programacion_Múltiple/a_Aplicar' is clicked on

2022-02-23 11:33:49 - [TEST_STEP][PASSED] - click(findTestObject("Modulo Pruebas Bienestar/Programacion_Múltiple/a_Icon_mas_principal")): Object: 'Object Repository/Modulo Pruebas Bienestar/Programacion_Múltiple/a_Icon_mas_principal' is clicked on

2022-02-23 11:33:50 - [MESSAGE][PASSED] - Object: 'Object Repository/Modulo Pruebas Bienestar/Programacion_Múltiple/a_Icon_mas_principal' is clicked on

2022-02-23 11:33:50 - [TEST_STEP][PASSED] - click(findTestObject("Modulo Pruebas Bienestar/Programacion_Múltiple/a_Guardar")): Object: 'Object Repository/Modulo Pruebas Bienestar/Programacion_Múltiple/a_Guardar' is clicked on

2022-02-23 11:33:51 - [MESSAGE][PASSED] - Object: 'Object Repository/Modulo Pruebas Bienestar/Programacion_Múltiple/a_Guardar' is clicked on

2022-02-23 11:33:51 - [TEST_STEP][PASSED] - closeBrowser(): Browser is closed

2022-02-23 11:33:51 - [MESSAGE][PASSED] - Browser is closed]]></system-out>
         <system-err><![CDATA[]]></system-err>
      </testcase>
      <testcase name="Test Cases/3.1-Pruebas_Bienestar/3.1.8-Calendario" time="16.824" classname="Test Cases/3.1-Pruebas_Bienestar/3.1.8-Calendario" status="PASSED">
         <system-out><![CDATA[2022-02-23 11:33:51 - [TEST_CASE][PASSED] - Test Cases/3.1-Pruebas_Bienestar/3.1.8-Calendario: Test Cases/3.1-Pruebas_Bienestar/3.1.8-Calendario

2022-02-23 11:33:52 - [TEST_STEP][PASSED] - callTestCase(findTestCase("Utilidades-(atajos_para _tareas)/Modulos/Modulo bienestar-eventos"), [:], STOP_ON_FAILURE): Call Test Case 'Test Cases/Utilidades-(atajos_para _tareas)/Modulos/Modulo bienestar-eventos' successfully

2022-02-23 11:33:52 - [TEST_CASE][PASSED] - Test Cases/Utilidades-(atajos_para _tareas)/Modulos/Modulo bienestar-eventos: Test Cases/Utilidades-(atajos_para _tareas)/Modulos/Modulo bienestar-eventos

2022-02-23 11:33:52 - [TEST_STEP][PASSED] - callTestCase(findTestCase("0.1-Login"), [:], STOP_ON_FAILURE): Call Test Case 'Test Cases/0.1-Login' successfully

2022-02-23 11:33:52 - [TEST_CASE][PASSED] - Test Cases/0.1-Login: Test Cases/0.1-Login

2022-02-23 11:33:52 - [TEST_STEP][PASSED] - openBrowser(""): Browser is opened with url: ''

2022-02-23 11:33:52 - [MESSAGE][INFO] - Starting 'Chrome' driver

2022-02-23 11:33:52 - [MESSAGE][INFO] - Action delay is set to 0 milliseconds

2022-02-23 11:33:53 - [MESSAGE][PASSED] - Browser is opened with url: ''

2022-02-23 11:33:53 - [TEST_STEP][PASSED] - maximizeWindow(): Current window maximized

2022-02-23 11:33:53 - [MESSAGE][PASSED] - Current window maximized

2022-02-23 11:33:53 - [TEST_STEP][PASSED] - i = G_Login: null

2022-02-23 11:33:53 - [TEST_STEP][PASSED] - url = new java.net.URL(i): null

2022-02-23 11:33:53 - [TEST_STEP][PASSED] - println("URL: " + url.toString()): null

2022-02-23 11:33:53 - [TEST_STEP][PASSED] - connection = url.openConnection(): null

2022-02-23 11:33:53 - [TEST_STEP][PASSED] - connection.setRequestMethod("GET"): null

2022-02-23 11:33:53 - [TEST_STEP][PASSED] - connection.setReadTimeout(2 * 1000): null

2022-02-23 11:33:53 - [TEST_STEP][PASSED] - try: null

2022-02-23 11:33:53 - [TEST_STEP][PASSED] - connection.connect(): null

2022-02-23 11:33:53 - [TEST_STEP][PASSED] - flag = connected: null

2022-02-23 11:33:53 - [TEST_STEP][PASSED] - println("Valor_ori: " + flag): null

2022-02-23 11:33:53 - [TEST_STEP][PASSED] - if (flag): null

2022-02-23 11:33:53 - [TEST_STEP][PASSED] - navigateToUrl(i): Navigate to 'http://192.168.2.80:8380/saraweb' successfully

2022-02-23 11:33:54 - [MESSAGE][PASSED] - Navigate to 'http://192.168.2.80:8380/saraweb' successfully

2022-02-23 11:33:54 - [TEST_STEP][PASSED] - a(): null

2022-02-23 11:33:54 - [TEST_STEP][PASSED] - setText(findTestObject("Login/input_USUARIO_loginusuario"), G_Usuario): Text 'saraadmin' is set on object 'Object Repository/Login/input_USUARIO_loginusuario'

2022-02-23 11:33:55 - [MESSAGE][PASSED] - Text 'saraadmin' is set on object 'Object Repository/Login/input_USUARIO_loginusuario'

2022-02-23 11:33:55 - [TEST_STEP][PASSED] - setEncryptedText(findTestObject("Login/input_CLAVE_loginpassword"), "MkG4/TYiCFC3cb2driP7+Q=="): Text ****** has been set on object 'Object Repository/Login/input_CLAVE_loginpassword'

2022-02-23 11:33:55 - [MESSAGE][PASSED] - Text ****** has been set on object 'Object Repository/Login/input_CLAVE_loginpassword'

2022-02-23 11:33:55 - [TEST_STEP][PASSED] - waitForElementClickable(findTestObject("Login/a_Ingresar"), G_TimeOut): Object 'Object Repository/Login/a_Ingresar' is clickable

2022-02-23 11:33:55 - [MESSAGE][PASSED] - Object 'Object Repository/Login/a_Ingresar' is clickable

2022-02-23 11:33:55 - [TEST_STEP][PASSED] - click(findTestObject("Login/a_Ingresar")): Object: 'Object Repository/Login/a_Ingresar' is clicked on

2022-02-23 11:33:58 - [MESSAGE][PASSED] - Object: 'Object Repository/Login/a_Ingresar' is clicked on

2022-02-23 11:33:58 - [TEST_STEP][PASSED] - element = findWebElement(findTestObject("Login/a_Ir"), 30): null

2022-02-23 11:33:58 - [TEST_STEP][PASSED] - executeJavaScript("arguments[0].click()", Arrays.asList(element)): Execute JavaScript 'arguments[0].click()' successfully

2022-02-23 11:33:58 - [MESSAGE][PASSED] - Execute JavaScript 'arguments[0].click()' successfully

2022-02-23 11:33:58 - [MESSAGE][PASSED] - Call Test Case 'Test Cases/0.1-Login' successfully

2022-02-23 11:33:58 - [TEST_STEP][PASSED] - waitForElementClickable(findTestObject("Modulo bienestar-eventos/input_ADMINISTRADOR DEL SISTEMA"), 0): Object 'Object Repository/Modulo bienestar-eventos/input_ADMINISTRADOR DEL SISTEMA' is clickable

2022-02-23 11:33:58 - [MESSAGE][WARNING] - Timeout '0' is invalid. Using default page load timeout: '30'

2022-02-23 11:33:59 - [MESSAGE][PASSED] - Object 'Object Repository/Modulo bienestar-eventos/input_ADMINISTRADOR DEL SISTEMA' is clickable

2022-02-23 11:33:59 - [TEST_STEP][PASSED] - setText(findTestObject("Modulo bienestar-eventos/input_ADMINISTRADOR DEL SISTEMA"), "eventos (bie)"): Text 'eventos (bie)' is set on object 'Object Repository/Modulo bienestar-eventos/input_ADMINISTRADOR DEL SISTEMA'

2022-02-23 11:33:59 - [MESSAGE][PASSED] - Text 'eventos (bie)' is set on object 'Object Repository/Modulo bienestar-eventos/input_ADMINISTRADOR DEL SISTEMA'

2022-02-23 11:33:59 - [TEST_STEP][PASSED] - click(findTestObject("Modulo bienestar-eventos/span_Eventos (bie)")): Object: 'Object Repository/Modulo bienestar-eventos/span_Eventos (bie)' is clicked on

2022-02-23 11:34:01 - [MESSAGE][PASSED] - Object: 'Object Repository/Modulo bienestar-eventos/span_Eventos (bie)' is clicked on

2022-02-23 11:34:01 - [MESSAGE][PASSED] - Call Test Case 'Test Cases/Utilidades-(atajos_para _tareas)/Modulos/Modulo bienestar-eventos' successfully

2022-02-23 11:34:01 - [TEST_STEP][PASSED] - click(findTestObject("Modulo Pruebas Bienestar/Calendario/td_Prueba-S")): Object: 'Object Repository/Modulo Pruebas Bienestar/Calendario/td_Prueba-S' is clicked on

2022-02-23 11:34:03 - [MESSAGE][PASSED] - Object: 'Object Repository/Modulo Pruebas Bienestar/Calendario/td_Prueba-S' is clicked on

2022-02-23 11:34:03 - [TEST_STEP][PASSED] - click(findTestObject("Modulo Pruebas Bienestar/Calendario/a_Momento Eventos")): Object: 'Object Repository/Modulo Pruebas Bienestar/Calendario/a_Momento Eventos' is clicked on

2022-02-23 11:34:05 - [MESSAGE][PASSED] - Object: 'Object Repository/Modulo Pruebas Bienestar/Calendario/a_Momento Eventos' is clicked on

2022-02-23 11:34:05 - [TEST_STEP][PASSED] - click(findTestObject("Modulo Pruebas Bienestar/Calendario/td_prueba")): Object: 'Object Repository/Modulo Pruebas Bienestar/Calendario/td_prueba' is clicked on

2022-02-23 11:34:06 - [MESSAGE][PASSED] - Object: 'Object Repository/Modulo Pruebas Bienestar/Calendario/td_prueba' is clicked on

2022-02-23 11:34:06 - [TEST_STEP][PASSED] - if (waitForElementPresent(findTestObject("Modulo Pruebas Bienestar/Calendario/td_MAR-MIE 0500-0600"), 1)): null

2022-02-23 11:34:06 - [MESSAGE][PASSED] - Object 'Object Repository/Modulo Pruebas Bienestar/Calendario/td_MAR-MIE 0500-0600' is present

2022-02-23 11:34:06 - [TEST_STEP][PASSED] - click(findTestObject("Modulo Pruebas Bienestar/Calendario/span_Fecha Inscripcin_ui-icon ui-icon-closethick")): Object: 'Object Repository/Modulo Pruebas Bienestar/Calendario/span_Fecha Inscripcin_ui-icon ui-icon-closethick' is clicked on

2022-02-23 11:34:07 - [MESSAGE][PASSED] - Object: 'Object Repository/Modulo Pruebas Bienestar/Calendario/span_Fecha Inscripcin_ui-icon ui-icon-closethick' is clicked on

2022-02-23 11:34:07 - [TEST_STEP][PASSED] - click(findTestObject("Modulo Pruebas Bienestar/Calendario/a_Calendario")): Object: 'Object Repository/Modulo Pruebas Bienestar/Calendario/a_Calendario' is clicked on

2022-02-23 11:34:07 - [MESSAGE][PASSED] - Object: 'Object Repository/Modulo Pruebas Bienestar/Calendario/a_Calendario' is clicked on

2022-02-23 11:34:07 - [TEST_STEP][PASSED] - click(findTestObject("Modulo Pruebas Bienestar/Calendario/button_Mes")): Object: 'Object Repository/Modulo Pruebas Bienestar/Calendario/button_Mes' is clicked on

2022-02-23 11:34:08 - [MESSAGE][PASSED] - Object: 'Object Repository/Modulo Pruebas Bienestar/Calendario/button_Mes' is clicked on

2022-02-23 11:34:08 - [TEST_STEP][PASSED] - scrollToPosition(0, 600): Browser is scrolled to position x = 0, y = 600

2022-02-23 11:34:08 - [MESSAGE][PASSED] - Browser is scrolled to position x = 0, y = 600]]></system-out>
         <system-err><![CDATA[]]></system-err>
      </testcase>
      <testcase name="Test Cases/3.1-Pruebas_Bienestar/3.1.9-Deducción_de_costos_al_plan_inversión" time="28.938" classname="Test Cases/3.1-Pruebas_Bienestar/3.1.9-Deducción_de_costos_al_plan_inversión" status="PASSED">
         <system-out><![CDATA[2022-02-23 11:34:08 - [TEST_CASE][PASSED] - Test Cases/3.1-Pruebas_Bienestar/3.1.9-Deducción_de_costos_al_plan_inversión: Test Cases/3.1-Pruebas_Bienestar/3.1.9-Deducción_de_costos_al_plan_inversión

2022-02-23 11:34:09 - [TEST_STEP][PASSED] - today = new java.util.Date(): null

2022-02-23 11:34:09 - [TEST_STEP][PASSED] - Dia = today.format("dd"): null

2022-02-23 11:34:09 - [TEST_STEP][PASSED] - Mes = today.format("MM"): null

2022-02-23 11:34:09 - [TEST_STEP][PASSED] - MesN = today.format("MM"): null

2022-02-23 11:34:09 - [TEST_STEP][PASSED] - Año = today.format("yyyy"): null

2022-02-23 11:34:09 - [TEST_STEP][PASSED] - AñoN = today.format("yyyy"): null

2022-02-23 11:34:09 - [TEST_STEP][PASSED] - sumaD = Dia + 10: null

2022-02-23 11:34:09 - [TEST_STEP][PASSED] - sumaM = Mes + 1: null

2022-02-23 11:34:09 - [TEST_STEP][PASSED] - sumaA = Año + 1: null

2022-02-23 11:34:09 - [TEST_STEP][PASSED] - if (sumaD > 30): null

2022-02-23 11:34:09 - [TEST_STEP][PASSED] - sumaD = sumaD - Dia: null

2022-02-23 11:34:09 - [TEST_STEP][PASSED] - Mes = sumaM: null

2022-02-23 11:34:09 - [TEST_STEP][PASSED] - if (sumaM > 12): null

2022-02-23 11:34:09 - [TEST_STEP][PASSED] - Fechaini = Dia + "/" + MesN + "/" + AñoN: null

2022-02-23 11:34:09 - [TEST_STEP][PASSED] - Fechafin = sumaD + "/" + Mes + "/" + Año: null

2022-02-23 11:34:09 - [TEST_STEP][PASSED] - callTestCase(findTestCase("Utilidades-(atajos_para _tareas)/Modulos/Modulo bienestar-eventos"), [:], STOP_ON_FAILURE): Call Test Case 'Test Cases/Utilidades-(atajos_para _tareas)/Modulos/Modulo bienestar-eventos' successfully

2022-02-23 11:34:09 - [TEST_CASE][PASSED] - Test Cases/Utilidades-(atajos_para _tareas)/Modulos/Modulo bienestar-eventos: Test Cases/Utilidades-(atajos_para _tareas)/Modulos/Modulo bienestar-eventos

2022-02-23 11:34:09 - [TEST_STEP][PASSED] - callTestCase(findTestCase("0.1-Login"), [:], STOP_ON_FAILURE): Call Test Case 'Test Cases/0.1-Login' successfully

2022-02-23 11:34:09 - [TEST_CASE][PASSED] - Test Cases/0.1-Login: Test Cases/0.1-Login

2022-02-23 11:34:09 - [TEST_STEP][PASSED] - openBrowser(""): Browser is opened with url: ''

2022-02-23 11:34:09 - [MESSAGE][WARNING] - A browser is already opened. Closing browser and opening a new one

2022-02-23 11:34:10 - [MESSAGE][INFO] - Starting 'Chrome' driver

2022-02-23 11:34:10 - [MESSAGE][INFO] - Action delay is set to 0 milliseconds

2022-02-23 11:34:11 - [MESSAGE][PASSED] - Browser is opened with url: ''

2022-02-23 11:34:11 - [TEST_STEP][PASSED] - maximizeWindow(): Current window maximized

2022-02-23 11:34:11 - [MESSAGE][PASSED] - Current window maximized

2022-02-23 11:34:11 - [TEST_STEP][PASSED] - i = G_Login: null

2022-02-23 11:34:11 - [TEST_STEP][PASSED] - url = new java.net.URL(i): null

2022-02-23 11:34:11 - [TEST_STEP][PASSED] - println("URL: " + url.toString()): null

2022-02-23 11:34:11 - [TEST_STEP][PASSED] - connection = url.openConnection(): null

2022-02-23 11:34:11 - [TEST_STEP][PASSED] - connection.setRequestMethod("GET"): null

2022-02-23 11:34:11 - [TEST_STEP][PASSED] - connection.setReadTimeout(2 * 1000): null

2022-02-23 11:34:11 - [TEST_STEP][PASSED] - try: null

2022-02-23 11:34:11 - [TEST_STEP][PASSED] - connection.connect(): null

2022-02-23 11:34:11 - [TEST_STEP][PASSED] - flag = connected: null

2022-02-23 11:34:11 - [TEST_STEP][PASSED] - println("Valor_ori: " + flag): null

2022-02-23 11:34:11 - [TEST_STEP][PASSED] - if (flag): null

2022-02-23 11:34:11 - [TEST_STEP][PASSED] - navigateToUrl(i): Navigate to 'http://192.168.2.80:8380/saraweb' successfully

2022-02-23 11:34:11 - [MESSAGE][PASSED] - Navigate to 'http://192.168.2.80:8380/saraweb' successfully

2022-02-23 11:34:11 - [TEST_STEP][PASSED] - a(): null

2022-02-23 11:34:11 - [TEST_STEP][PASSED] - setText(findTestObject("Login/input_USUARIO_loginusuario"), G_Usuario): Text 'saraadmin' is set on object 'Object Repository/Login/input_USUARIO_loginusuario'

2022-02-23 11:34:12 - [MESSAGE][PASSED] - Text 'saraadmin' is set on object 'Object Repository/Login/input_USUARIO_loginusuario'

2022-02-23 11:34:12 - [TEST_STEP][PASSED] - setEncryptedText(findTestObject("Login/input_CLAVE_loginpassword"), "MkG4/TYiCFC3cb2driP7+Q=="): Text ****** has been set on object 'Object Repository/Login/input_CLAVE_loginpassword'

2022-02-23 11:34:13 - [MESSAGE][PASSED] - Text ****** has been set on object 'Object Repository/Login/input_CLAVE_loginpassword'

2022-02-23 11:34:13 - [TEST_STEP][PASSED] - waitForElementClickable(findTestObject("Login/a_Ingresar"), G_TimeOut): Object 'Object Repository/Login/a_Ingresar' is clickable

2022-02-23 11:34:13 - [MESSAGE][PASSED] - Object 'Object Repository/Login/a_Ingresar' is clickable

2022-02-23 11:34:13 - [TEST_STEP][PASSED] - click(findTestObject("Login/a_Ingresar")): Object: 'Object Repository/Login/a_Ingresar' is clicked on

2022-02-23 11:34:14 - [MESSAGE][PASSED] - Object: 'Object Repository/Login/a_Ingresar' is clicked on

2022-02-23 11:34:14 - [TEST_STEP][PASSED] - element = findWebElement(findTestObject("Login/a_Ir"), 30): null

2022-02-23 11:34:14 - [TEST_STEP][PASSED] - executeJavaScript("arguments[0].click()", Arrays.asList(element)): Execute JavaScript 'arguments[0].click()' successfully

2022-02-23 11:34:14 - [MESSAGE][PASSED] - Execute JavaScript 'arguments[0].click()' successfully

2022-02-23 11:34:14 - [MESSAGE][PASSED] - Call Test Case 'Test Cases/0.1-Login' successfully

2022-02-23 11:34:14 - [TEST_STEP][PASSED] - waitForElementClickable(findTestObject("Modulo bienestar-eventos/input_ADMINISTRADOR DEL SISTEMA"), 0): Object 'Object Repository/Modulo bienestar-eventos/input_ADMINISTRADOR DEL SISTEMA' is clickable

2022-02-23 11:34:14 - [MESSAGE][WARNING] - Timeout '0' is invalid. Using default page load timeout: '30'

2022-02-23 11:34:15 - [MESSAGE][PASSED] - Object 'Object Repository/Modulo bienestar-eventos/input_ADMINISTRADOR DEL SISTEMA' is clickable

2022-02-23 11:34:15 - [TEST_STEP][PASSED] - setText(findTestObject("Modulo bienestar-eventos/input_ADMINISTRADOR DEL SISTEMA"), "eventos (bie)"): Text 'eventos (bie)' is set on object 'Object Repository/Modulo bienestar-eventos/input_ADMINISTRADOR DEL SISTEMA'

2022-02-23 11:34:16 - [MESSAGE][PASSED] - Text 'eventos (bie)' is set on object 'Object Repository/Modulo bienestar-eventos/input_ADMINISTRADOR DEL SISTEMA'

2022-02-23 11:34:16 - [TEST_STEP][PASSED] - click(findTestObject("Modulo bienestar-eventos/span_Eventos (bie)")): Object: 'Object Repository/Modulo bienestar-eventos/span_Eventos (bie)' is clicked on

2022-02-23 11:34:17 - [MESSAGE][PASSED] - Object: 'Object Repository/Modulo bienestar-eventos/span_Eventos (bie)' is clicked on

2022-02-23 11:34:17 - [MESSAGE][PASSED] - Call Test Case 'Test Cases/Utilidades-(atajos_para _tareas)/Modulos/Modulo bienestar-eventos' successfully

2022-02-23 11:34:17 - [TEST_STEP][PASSED] - scrollToPosition(0, 100): Browser is scrolled to position x = 0, y = 100

2022-02-23 11:34:17 - [MESSAGE][PASSED] - Browser is scrolled to position x = 0, y = 100

2022-02-23 11:34:17 - [TEST_STEP][PASSED] - waitForElementPresent(findTestObject("Modulo Pruebas Bienestar/Deducción de costos al plan inversión/td_Prueba-S"), 0): Object 'Object Repository/Modulo Pruebas Bienestar/Deducción de costos al plan inversión/td_Prueba-S' is present

2022-02-23 11:34:17 - [MESSAGE][WARNING] - Timeout '0' is invalid. Using default page load timeout: '30'

2022-02-23 11:34:18 - [MESSAGE][PASSED] - Object 'Object Repository/Modulo Pruebas Bienestar/Deducción de costos al plan inversión/td_Prueba-S' is present

2022-02-23 11:34:18 - [TEST_STEP][PASSED] - click(findTestObject("Modulo Pruebas Bienestar/Deducción de costos al plan inversión/td_Prueba-S")): Object: 'Object Repository/Modulo Pruebas Bienestar/Deducción de costos al plan inversión/td_Prueba-S' is clicked on

2022-02-23 11:34:19 - [MESSAGE][PASSED] - Object: 'Object Repository/Modulo Pruebas Bienestar/Deducción de costos al plan inversión/td_Prueba-S' is clicked on

2022-02-23 11:34:19 - [TEST_STEP][PASSED] - click(findTestObject("Modulo Pruebas Bienestar/Deducción de costos al plan inversión/a_CostoEvento")): Object: 'Object Repository/Modulo Pruebas Bienestar/Deducción de costos al plan inversión/a_CostoEvento' is clicked on

2022-02-23 11:34:19 - [MESSAGE][PASSED] - Object: 'Object Repository/Modulo Pruebas Bienestar/Deducción de costos al plan inversión/a_CostoEvento' is clicked on

2022-02-23 11:34:19 - [TEST_STEP][PASSED] - if (waitForElementPresent(findTestObject("Modulo Pruebas Bienestar/Deducción de costos al plan inversión/td_TEST FB"), 1)): Object 'Object Repository/Modulo Pruebas Bienestar/Deducción de costos al plan inversión/td_TEST FB' is not present after 1 second(s)

2022-02-23 11:34:22 - [MESSAGE][INFO] - Unable to find the element located by 'By.xpath: (.//*[normalize-space(text()) and normalize-space(.)='SALON 1'])[2]/following::td[4]'. Please recheck the objects properties to make sure the desired element is located. 

2022-02-23 11:34:22 - [MESSAGE][WARNING] - Object 'Object Repository/Modulo Pruebas Bienestar/Deducción de costos al plan inversión/td_TEST FB' is not present after 1 second(s)

2022-02-23 11:34:22 - [TEST_STEP][PASSED] - selectOptionByIndex(findTestObject("Modulo Pruebas Bienestar/Deducción de costos al plan inversión/select_-- Seleccione --SALON 1SALON 2SALON 3"), 1): All options with index in [1] are selected on object 'Object Repository/Modulo Pruebas Bienestar/Deducción de costos al plan inversión/select_-- Seleccione --SALON 1SALON 2SALON 3'

2022-02-23 11:34:23 - [MESSAGE][PASSED] - All options with index in [1] are selected on object 'Object Repository/Modulo Pruebas Bienestar/Deducción de costos al plan inversión/select_-- Seleccione --SALON 1SALON 2SALON 3'

2022-02-23 11:34:23 - [TEST_STEP][PASSED] - setText(findTestObject("Modulo Pruebas Bienestar/Deducción de costos al plan inversión/input_Plan de Inversin_form_costoEventolistaCostoEventocENumero"), "5"): Text '5' is set on object 'Object Repository/Modulo Pruebas Bienestar/Deducción de costos al plan inversión/input_Plan de Inversin_form_costoEventolistaCostoEventocENumero'

2022-02-23 11:34:23 - [MESSAGE][PASSED] - Text '5' is set on object 'Object Repository/Modulo Pruebas Bienestar/Deducción de costos al plan inversión/input_Plan de Inversin_form_costoEventolistaCostoEventocENumero'

2022-02-23 11:34:23 - [TEST_STEP][PASSED] - setText(findTestObject("Modulo Pruebas Bienestar/Deducción de costos al plan inversión/input_Plan de Inversin_form_costoEventolistaCostoEventocEFechaPago_input"), Fechaini): Text '23/2/2022' is set on object 'Object Repository/Modulo Pruebas Bienestar/Deducción de costos al plan inversión/input_Plan de Inversin_form_costoEventolistaCostoEventocEFechaPago_input'

2022-02-23 11:34:24 - [MESSAGE][PASSED] - Text '23/2/2022' is set on object 'Object Repository/Modulo Pruebas Bienestar/Deducción de costos al plan inversión/input_Plan de Inversin_form_costoEventolistaCostoEventocEFechaPago_input'

2022-02-23 11:34:24 - [TEST_STEP][PASSED] - setText(findTestObject("Modulo Pruebas Bienestar/Deducción de costos al plan inversión/input_Plan de Inversin_form_costoEventolistaCostoEventocEValor"), "99966"): Text '99966' is set on object 'Object Repository/Modulo Pruebas Bienestar/Deducción de costos al plan inversión/input_Plan de Inversin_form_costoEventolistaCostoEventocEValor'

2022-02-23 11:34:25 - [MESSAGE][PASSED] - Text '99966' is set on object 'Object Repository/Modulo Pruebas Bienestar/Deducción de costos al plan inversión/input_Plan de Inversin_form_costoEventolistaCostoEventocEValor'

2022-02-23 11:34:25 - [TEST_STEP][PASSED] - selectOptionByIndex(findTestObject("Modulo Pruebas Bienestar/Deducción de costos al plan inversión/select_-- Seleccione --Plan CapacitacinSUB PLAN EVENTO BIENESTARTEST FBSub Plan Inversin Alimen 7"), "3"): All options with index in [3] are selected on object 'Object Repository/Modulo Pruebas Bienestar/Deducción de costos al plan inversión/select_-- Seleccione --Plan CapacitacinSUB PLAN EVENTO BIENESTARTEST FBSub Plan Inversin Alimen 7'

2022-02-23 11:34:26 - [MESSAGE][PASSED] - All options with index in [3] are selected on object 'Object Repository/Modulo Pruebas Bienestar/Deducción de costos al plan inversión/select_-- Seleccione --Plan CapacitacinSUB PLAN EVENTO BIENESTARTEST FBSub Plan Inversin Alimen 7'

2022-02-23 11:34:26 - [TEST_STEP][PASSED] - click(findTestObject("Modulo Pruebas Bienestar/Deducción de costos al plan inversión/a_Plan de Inversin_form_costoEventolistaCostoEventoj_idt665")): Object: 'Object Repository/Modulo Pruebas Bienestar/Deducción de costos al plan inversión/a_Plan de Inversin_form_costoEventolistaCostoEventoj_idt665' is clicked on

2022-02-23 11:34:26 - [MESSAGE][PASSED] - Object: 'Object Repository/Modulo Pruebas Bienestar/Deducción de costos al plan inversión/a_Plan de Inversin_form_costoEventolistaCostoEventoj_idt665' is clicked on

2022-02-23 11:34:26 - [TEST_STEP][PASSED] - setText(findTestObject("Modulo Pruebas Bienestar/Deducción de costos al plan inversión/input_Evento Bienestar_form_templatej_idt24_input"), "Plan Inversion Bienestar (bie)"): Text 'Plan Inversion Bienestar (bie)' is set on object 'Object Repository/Modulo Pruebas Bienestar/Deducción de costos al plan inversión/input_Evento Bienestar_form_templatej_idt24_input'

2022-02-23 11:34:28 - [MESSAGE][PASSED] - Text 'Plan Inversion Bienestar (bie)' is set on object 'Object Repository/Modulo Pruebas Bienestar/Deducción de costos al plan inversión/input_Evento Bienestar_form_templatej_idt24_input'

2022-02-23 11:34:28 - [TEST_STEP][PASSED] - delay(2): Delayed 2 second(s)

2022-02-23 11:34:30 - [MESSAGE][PASSED] - Delayed 2 second(s)

2022-02-23 11:34:30 - [TEST_STEP][PASSED] - sendKeys(findTestObject("Modulo Pruebas Bienestar/Deducción de costos al plan inversión/input_Evento Bienestar_form_templatej_idt24_input"), Keys.chord(ENTER)): Keys 'ENTER + ' sent to object: 'Object Repository/Modulo Pruebas Bienestar/Deducción de costos al plan inversión/input_Evento Bienestar_form_templatej_idt24_input'

2022-02-23 11:34:31 - [MESSAGE][PASSED] - Keys 'ENTER + ' sent to object: 'Object Repository/Modulo Pruebas Bienestar/Deducción de costos al plan inversión/input_Evento Bienestar_form_templatej_idt24_input'

2022-02-23 11:34:31 - [TEST_STEP][PASSED] - click(findTestObject("Modulo Pruebas Bienestar/Deducción de costos al plan inversión/a_Sub Plan Inversion")): Object: 'Object Repository/Modulo Pruebas Bienestar/Deducción de costos al plan inversión/a_Sub Plan Inversion' is clicked on

2022-02-23 11:34:32 - [MESSAGE][PASSED] - Object: 'Object Repository/Modulo Pruebas Bienestar/Deducción de costos al plan inversión/a_Sub Plan Inversion' is clicked on

2022-02-23 11:34:32 - [TEST_STEP][PASSED] - click(findTestObject("Modulo Pruebas Bienestar/Deducción de costos al plan inversión/a_Abiertos_form_planDeInversionbienestarj_idt119")): Object: 'Object Repository/Modulo Pruebas Bienestar/Deducción de costos al plan inversión/a_Abiertos_form_planDeInversionbienestarj_idt119' is clicked on

2022-02-23 11:34:33 - [MESSAGE][PASSED] - Object: 'Object Repository/Modulo Pruebas Bienestar/Deducción de costos al plan inversión/a_Abiertos_form_planDeInversionbienestarj_idt119' is clicked on

2022-02-23 11:34:33 - [TEST_STEP][PASSED] - click(findTestObject("Modulo Pruebas Bienestar/Deducción de costos al plan inversión/td_99.966,00")): Object: 'Object Repository/Modulo Pruebas Bienestar/Deducción de costos al plan inversión/td_99.966,00' is clicked on

2022-02-23 11:34:33 - [MESSAGE][PASSED] - Object: 'Object Repository/Modulo Pruebas Bienestar/Deducción de costos al plan inversión/td_99.966,00' is clicked on

2022-02-23 11:34:33 - [TEST_STEP][PASSED] - delay(3): Delayed 3 second(s)

2022-02-23 11:34:36 - [MESSAGE][PASSED] - Delayed 3 second(s)

2022-02-23 11:34:36 - [TEST_STEP][PASSED] - closeBrowser(): Browser is closed

2022-02-23 11:34:37 - [MESSAGE][PASSED] - Browser is closed]]></system-out>
         <system-err><![CDATA[]]></system-err>
      </testcase>
      <testcase name="Test Cases/3.1-Pruebas_Bienestar/3.2.1 -inscripción_a_un_evento" time="24.828" classname="Test Cases/3.1-Pruebas_Bienestar/3.2.1 -inscripción_a_un_evento" status="PASSED">
         <system-out><![CDATA[2022-02-23 11:34:37 - [TEST_CASE][PASSED] - Test Cases/3.1-Pruebas_Bienestar/3.2.1 -inscripción_a_un_evento: Test Cases/3.1-Pruebas_Bienestar/3.2.1 -inscripción_a_un_evento

2022-02-23 11:34:38 - [TEST_STEP][PASSED] - callTestCase(findTestCase("Utilidades-(atajos_para _tareas)/Modulos/Modulo bienestar-eventos"), [:], STOP_ON_FAILURE): Call Test Case 'Test Cases/Utilidades-(atajos_para _tareas)/Modulos/Modulo bienestar-eventos' successfully

2022-02-23 11:34:38 - [TEST_CASE][PASSED] - Test Cases/Utilidades-(atajos_para _tareas)/Modulos/Modulo bienestar-eventos: Test Cases/Utilidades-(atajos_para _tareas)/Modulos/Modulo bienestar-eventos

2022-02-23 11:34:38 - [TEST_STEP][PASSED] - callTestCase(findTestCase("0.1-Login"), [:], STOP_ON_FAILURE): Call Test Case 'Test Cases/0.1-Login' successfully

2022-02-23 11:34:38 - [TEST_CASE][PASSED] - Test Cases/0.1-Login: Test Cases/0.1-Login

2022-02-23 11:34:38 - [TEST_STEP][PASSED] - openBrowser(""): Browser is opened with url: ''

2022-02-23 11:34:38 - [MESSAGE][INFO] - Starting 'Chrome' driver

2022-02-23 11:34:38 - [MESSAGE][INFO] - Action delay is set to 0 milliseconds

2022-02-23 11:34:39 - [MESSAGE][PASSED] - Browser is opened with url: ''

2022-02-23 11:34:39 - [TEST_STEP][PASSED] - maximizeWindow(): Current window maximized

2022-02-23 11:34:39 - [MESSAGE][PASSED] - Current window maximized

2022-02-23 11:34:39 - [TEST_STEP][PASSED] - i = G_Login: null

2022-02-23 11:34:39 - [TEST_STEP][PASSED] - url = new java.net.URL(i): null

2022-02-23 11:34:39 - [TEST_STEP][PASSED] - println("URL: " + url.toString()): null

2022-02-23 11:34:39 - [TEST_STEP][PASSED] - connection = url.openConnection(): null

2022-02-23 11:34:39 - [TEST_STEP][PASSED] - connection.setRequestMethod("GET"): null

2022-02-23 11:34:39 - [TEST_STEP][PASSED] - connection.setReadTimeout(2 * 1000): null

2022-02-23 11:34:39 - [TEST_STEP][PASSED] - try: null

2022-02-23 11:34:39 - [TEST_STEP][PASSED] - connection.connect(): null

2022-02-23 11:34:39 - [TEST_STEP][PASSED] - flag = connected: null

2022-02-23 11:34:39 - [TEST_STEP][PASSED] - println("Valor_ori: " + flag): null

2022-02-23 11:34:39 - [TEST_STEP][PASSED] - if (flag): null

2022-02-23 11:34:39 - [TEST_STEP][PASSED] - navigateToUrl(i): Navigate to 'http://192.168.2.80:8380/saraweb' successfully

2022-02-23 11:34:40 - [MESSAGE][PASSED] - Navigate to 'http://192.168.2.80:8380/saraweb' successfully

2022-02-23 11:34:40 - [TEST_STEP][PASSED] - a(): null

2022-02-23 11:34:40 - [TEST_STEP][PASSED] - setText(findTestObject("Login/input_USUARIO_loginusuario"), G_Usuario): Text 'saraadmin' is set on object 'Object Repository/Login/input_USUARIO_loginusuario'

2022-02-23 11:34:40 - [MESSAGE][PASSED] - Text 'saraadmin' is set on object 'Object Repository/Login/input_USUARIO_loginusuario'

2022-02-23 11:34:40 - [TEST_STEP][PASSED] - setEncryptedText(findTestObject("Login/input_CLAVE_loginpassword"), "MkG4/TYiCFC3cb2driP7+Q=="): Text ****** has been set on object 'Object Repository/Login/input_CLAVE_loginpassword'

2022-02-23 11:34:41 - [MESSAGE][PASSED] - Text ****** has been set on object 'Object Repository/Login/input_CLAVE_loginpassword'

2022-02-23 11:34:41 - [TEST_STEP][PASSED] - waitForElementClickable(findTestObject("Login/a_Ingresar"), G_TimeOut): Object 'Object Repository/Login/a_Ingresar' is clickable

2022-02-23 11:34:41 - [MESSAGE][PASSED] - Object 'Object Repository/Login/a_Ingresar' is clickable

2022-02-23 11:34:41 - [TEST_STEP][PASSED] - click(findTestObject("Login/a_Ingresar")): Object: 'Object Repository/Login/a_Ingresar' is clicked on

2022-02-23 11:34:44 - [MESSAGE][PASSED] - Object: 'Object Repository/Login/a_Ingresar' is clicked on

2022-02-23 11:34:44 - [TEST_STEP][PASSED] - element = findWebElement(findTestObject("Login/a_Ir"), 30): null

2022-02-23 11:34:44 - [TEST_STEP][PASSED] - executeJavaScript("arguments[0].click()", Arrays.asList(element)): Execute JavaScript 'arguments[0].click()' successfully

2022-02-23 11:34:44 - [MESSAGE][PASSED] - Execute JavaScript 'arguments[0].click()' successfully

2022-02-23 11:34:44 - [MESSAGE][PASSED] - Call Test Case 'Test Cases/0.1-Login' successfully

2022-02-23 11:34:44 - [TEST_STEP][PASSED] - waitForElementClickable(findTestObject("Modulo bienestar-eventos/input_ADMINISTRADOR DEL SISTEMA"), 0): Object 'Object Repository/Modulo bienestar-eventos/input_ADMINISTRADOR DEL SISTEMA' is clickable

2022-02-23 11:34:44 - [MESSAGE][WARNING] - Timeout '0' is invalid. Using default page load timeout: '30'

2022-02-23 11:34:45 - [MESSAGE][PASSED] - Object 'Object Repository/Modulo bienestar-eventos/input_ADMINISTRADOR DEL SISTEMA' is clickable

2022-02-23 11:34:45 - [TEST_STEP][PASSED] - setText(findTestObject("Modulo bienestar-eventos/input_ADMINISTRADOR DEL SISTEMA"), "eventos (bie)"): Text 'eventos (bie)' is set on object 'Object Repository/Modulo bienestar-eventos/input_ADMINISTRADOR DEL SISTEMA'

2022-02-23 11:34:46 - [MESSAGE][PASSED] - Text 'eventos (bie)' is set on object 'Object Repository/Modulo bienestar-eventos/input_ADMINISTRADOR DEL SISTEMA'

2022-02-23 11:34:46 - [TEST_STEP][PASSED] - click(findTestObject("Modulo bienestar-eventos/span_Eventos (bie)")): Object: 'Object Repository/Modulo bienestar-eventos/span_Eventos (bie)' is clicked on

2022-02-23 11:34:47 - [MESSAGE][PASSED] - Object: 'Object Repository/Modulo bienestar-eventos/span_Eventos (bie)' is clicked on

2022-02-23 11:34:47 - [MESSAGE][PASSED] - Call Test Case 'Test Cases/Utilidades-(atajos_para _tareas)/Modulos/Modulo bienestar-eventos' successfully

2022-02-23 11:34:47 - [TEST_STEP][PASSED] - setText(findTestObject("Modulo Pruebas Bienestar/Inscripción_a_un_evento/input_No search results are available_form_templatej_idt24_input"), "Inscripcion evento (bie)"): Text 'Inscripcion evento (bie)' is set on object 'Object Repository/Modulo Pruebas Bienestar/Inscripción_a_un_evento/input_No search results are available_form_templatej_idt24_input'

2022-02-23 11:34:49 - [MESSAGE][PASSED] - Text 'Inscripcion evento (bie)' is set on object 'Object Repository/Modulo Pruebas Bienestar/Inscripción_a_un_evento/input_No search results are available_form_templatej_idt24_input'

2022-02-23 11:34:49 - [TEST_STEP][PASSED] - click(findTestObject("Modulo Pruebas Bienestar/Inscripción_a_un_evento/li_Inscripcion Evento (bie)")): Object: 'Object Repository/Modulo Pruebas Bienestar/Inscripción_a_un_evento/li_Inscripcion Evento (bie)' is clicked on

2022-02-23 11:34:51 - [MESSAGE][PASSED] - Object: 'Object Repository/Modulo Pruebas Bienestar/Inscripción_a_un_evento/li_Inscripcion Evento (bie)' is clicked on

2022-02-23 11:34:51 - [TEST_STEP][PASSED] - click(findTestObject("Modulo Pruebas Bienestar/Inscripción_a_un_evento/a_Inscripcin")): Object: 'Object Repository/Modulo Pruebas Bienestar/Inscripción_a_un_evento/a_Inscripcin' is clicked on

2022-02-23 11:34:55 - [MESSAGE][PASSED] - Object: 'Object Repository/Modulo Pruebas Bienestar/Inscripción_a_un_evento/a_Inscripcin' is clicked on

2022-02-23 11:34:55 - [TEST_STEP][PASSED] - click(findTestObject("Modulo Pruebas Bienestar/Inscripción_a_un_evento/a_Nombre_formListadoEventosj_idt185")): Object: 'Object Repository/Modulo Pruebas Bienestar/Inscripción_a_un_evento/a_Nombre_formListadoEventosj_idt185' is clicked on

2022-02-23 11:34:56 - [MESSAGE][PASSED] - Object: 'Object Repository/Modulo Pruebas Bienestar/Inscripción_a_un_evento/a_Nombre_formListadoEventosj_idt185' is clicked on

2022-02-23 11:34:56 - [TEST_STEP][PASSED] - click(findTestObject("Modulo Pruebas Bienestar/Inscripción_a_un_evento/td_")): Object: 'Object Repository/Modulo Pruebas Bienestar/Inscripción_a_un_evento/td_' is clicked on

2022-02-23 11:34:57 - [MESSAGE][PASSED] - Object: 'Object Repository/Modulo Pruebas Bienestar/Inscripción_a_un_evento/td_' is clicked on

2022-02-23 11:34:57 - [TEST_STEP][PASSED] - selectOptionByIndex(findTestObject("Modulo Pruebas Bienestar/Inscripción_a_un_evento/select_-- Seleccione --prueba-S-SH"), 1): All options with index in [1] are selected on object 'Object Repository/Modulo Pruebas Bienestar/Inscripción_a_un_evento/select_-- Seleccione --prueba-S-SH'

2022-02-23 11:34:59 - [MESSAGE][PASSED] - All options with index in [1] are selected on object 'Object Repository/Modulo Pruebas Bienestar/Inscripción_a_un_evento/select_-- Seleccione --prueba-S-SH'

2022-02-23 11:34:59 - [TEST_STEP][PASSED] - setText(findTestObject("Modulo Pruebas Bienestar/Inscripción_a_un_evento/input_Referencia Pago_formListadoEventospIReferencia"), "5"): Text '5' is set on object 'Object Repository/Modulo Pruebas Bienestar/Inscripción_a_un_evento/input_Referencia Pago_formListadoEventospIReferencia'

2022-02-23 11:35:00 - [MESSAGE][PASSED] - Text '5' is set on object 'Object Repository/Modulo Pruebas Bienestar/Inscripción_a_un_evento/input_Referencia Pago_formListadoEventospIReferencia'

2022-02-23 11:35:00 - [TEST_STEP][PASSED] - setText(findTestObject("Modulo Pruebas Bienestar/Inscripción_a_un_evento/input_Valor Persona A Pagar_formListadoEventospIValor"), "100"): Text '100' is set on object 'Object Repository/Modulo Pruebas Bienestar/Inscripción_a_un_evento/input_Valor Persona A Pagar_formListadoEventospIValor'

2022-02-23 11:35:00 - [MESSAGE][PASSED] - Text '100' is set on object 'Object Repository/Modulo Pruebas Bienestar/Inscripción_a_un_evento/input_Valor Persona A Pagar_formListadoEventospIValor'

2022-02-23 11:35:00 - [TEST_STEP][PASSED] - setText(findTestObject("Modulo Pruebas Bienestar/Inscripción_a_un_evento/input_Posicin_formListadoEventospIPosicion"), "5"): Text '5' is set on object 'Object Repository/Modulo Pruebas Bienestar/Inscripción_a_un_evento/input_Posicin_formListadoEventospIPosicion'

2022-02-23 11:35:01 - [MESSAGE][PASSED] - Text '5' is set on object 'Object Repository/Modulo Pruebas Bienestar/Inscripción_a_un_evento/input_Posicin_formListadoEventospIPosicion'

2022-02-23 11:35:01 - [TEST_STEP][PASSED] - element = findWebElement(findTestObject("Modulo Pruebas Bienestar/Inscripción_a_un_evento/a_Guardar"), 30): null

2022-02-23 11:35:01 - [TEST_STEP][PASSED] - executeJavaScript("arguments[0].click()", Arrays.asList(element)): Execute JavaScript 'arguments[0].click()' successfully

2022-02-23 11:35:01 - [MESSAGE][PASSED] - Execute JavaScript 'arguments[0].click()' successfully

2022-02-23 11:35:01 - [TEST_STEP][PASSED] - closeBrowser(): Browser is closed

2022-02-23 11:35:02 - [MESSAGE][PASSED] - Browser is closed]]></system-out>
         <system-err><![CDATA[]]></system-err>
      </testcase>
      <testcase name="Test Cases/3.1-Pruebas_Bienestar/3.2.2-Invitación" time="21.741" classname="Test Cases/3.1-Pruebas_Bienestar/3.2.2-Invitación" status="FAILED">
         <failure type="FAILED" message="Test Cases/3.1-Pruebas_Bienestar/3.2.2-Invitación FAILED.
Reason:
com.kms.katalon.core.exception.StepFailedException: Unable to execute JavaScript.
	at com.kms.katalon.core.webui.keyword.internal.WebUIKeywordMain.stepFailed(WebUIKeywordMain.groovy:64)
	at com.kms.katalon.core.webui.keyword.internal.WebUIKeywordMain.runKeyword(WebUIKeywordMain.groovy:26)
	at com.kms.katalon.core.webui.keyword.builtin.ExecuteJavaScriptKeyword.executeJavascript(ExecuteJavascriptKeyword.groovy:42)
	at com.kms.katalon.core.webui.keyword.builtin.ExecuteJavaScriptKeyword.execute(ExecuteJavascriptKeyword.groovy:37)
	at com.kms.katalon.core.keyword.internal.KeywordExecutor.executeKeywordForPlatform(KeywordExecutor.groovy:74)
	at com.kms.katalon.core.webui.keyword.WebUiBuiltInKeywords.executeJavaScript(WebUiBuiltInKeywords.groovy:4873)
	at com.kms.katalon.core.webui.keyword.WebUiBuiltInKeywords$executeJavaScript$6.call(Unknown Source)
	at 3.2.2-Invitación.run(3.2.2-Invitación:64)
	at com.kms.katalon.core.main.ScriptEngine.run(ScriptEngine.java:194)
	at com.kms.katalon.core.main.ScriptEngine.runScriptAsRawText(ScriptEngine.java:119)
	at com.kms.katalon.core.main.TestCaseExecutor.runScript(TestCaseExecutor.java:442)
	at com.kms.katalon.core.main.TestCaseExecutor.doExecute(TestCaseExecutor.java:433)
	at com.kms.katalon.core.main.TestCaseExecutor.processExecutionPhase(TestCaseExecutor.java:412)
	at com.kms.katalon.core.main.TestCaseExecutor.accessMainPhase(TestCaseExecutor.java:404)
	at com.kms.katalon.core.main.TestCaseExecutor.execute(TestCaseExecutor.java:281)
	at com.kms.katalon.core.main.TestSuiteExecutor.accessTestCaseMainPhase(TestSuiteExecutor.java:202)
	at com.kms.katalon.core.main.TestSuiteExecutor.accessTestSuiteMainPhase(TestSuiteExecutor.java:164)
	at com.kms.katalon.core.main.TestSuiteExecutor.execute(TestSuiteExecutor.java:105)
	at com.kms.katalon.core.main.TestCaseMain.startTestSuite(TestCaseMain.java:185)
	at com.kms.katalon.core.main.TestCaseMain$startTestSuite$0.call(Unknown Source)
	at TempTestSuite1645633306338.run(TempTestSuite1645633306338.groovy:36)
Caused by: org.openqa.selenium.JavascriptException: javascript error: arguments[0].upload is not a function
  (Session info: chrome=98.0.4758.102)
Build info: version: '3.141.59', revision: 'e82be7d358', time: '2018-11-14T08:25:53'
System info: host: 'US-AF-000371', ip: '192.168.56.1', os.name: 'Windows 10', os.arch: 'amd64', os.version: '10.0', java.version: '1.8.0_282'
Driver info: com.kms.katalon.selenium.driver.CChromeDriver
Capabilities {acceptInsecureCerts: false, browserName: chrome, browserVersion: 98.0.4758.102, chrome: {chromedriverVersion: 97.0.4692.36 (747e0a0f19c13..., userDataDir: C:\Users\DIEGO~1.ROJ\AppDat...}, goog:chromeOptions: {debuggerAddress: localhost:60293}, javascriptEnabled: true, networkConnectionEnabled: false, pageLoadStrategy: normal, platform: WINDOWS, platformName: WINDOWS, proxy: Proxy(), setWindowRect: true, strictFileInteractability: false, timeouts: {implicit: 0, pageLoad: 300000, script: 30000}, unhandledPromptBehavior: dismiss and notify, webauthn:extension:credBlob: true, webauthn:extension:largeBlob: true, webauthn:virtualAuthenticators: true}
Session ID: d2e15521ce9e3c1dab14ca5913fc1222
	at org.openqa.selenium.remote.http.W3CHttpResponseCodec.createException(W3CHttpResponseCodec.java:187)
	at org.openqa.selenium.remote.http.W3CHttpResponseCodec.decode(W3CHttpResponseCodec.java:122)
	at org.openqa.selenium.remote.http.W3CHttpResponseCodec.decode(W3CHttpResponseCodec.java:49)
	at org.openqa.selenium.remote.HttpCommandExecutor.execute(HttpCommandExecutor.java:158)
	at org.openqa.selenium.remote.service.DriverCommandExecutor.execute(DriverCommandExecutor.java:83)
	at org.openqa.selenium.remote.RemoteWebDriver.execute(RemoteWebDriver.java:552)
	at com.kms.katalon.selenium.driver.CChromeDriver.execute(CChromeDriver.java:19)
	at org.openqa.selenium.remote.RemoteWebDriver.executeScript(RemoteWebDriver.java:489)
	at org.openqa.selenium.support.events.EventFiringWebDriver.lambda$new$1(EventFiringWebDriver.java:105)
	at com.sun.proxy.$Proxy10.executeScript(Unknown Source)
	at org.openqa.selenium.support.events.EventFiringWebDriver.executeScript(EventFiringWebDriver.java:229)
	at com.kms.katalon.core.webui.keyword.builtin.ExecuteJavaScriptKeyword$_executeJavascript_closure1.doCall(ExecuteJavascriptKeyword.groovy:48)
	at com.kms.katalon.core.webui.keyword.builtin.ExecuteJavaScriptKeyword$_executeJavascript_closure1.call(ExecuteJavascriptKeyword.groovy)
	at com.kms.katalon.core.webui.keyword.internal.WebUIKeywordMain.runKeyword(WebUIKeywordMain.groovy:20)
	... 19 more
"/>
         <system-out><![CDATA[2022-02-23 11:35:02 - [TEST_CASE][FAILED] - Test Cases/3.1-Pruebas_Bienestar/3.2.2-Invitación: Test Cases/3.1-Pruebas_Bienestar/3.2.2-Invitación FAILED.
Reason:
com.kms.katalon.core.exception.StepFailedException: Unable to execute JavaScript.
	at com.kms.katalon.core.webui.keyword.internal.WebUIKeywordMain.stepFailed(WebUIKeywordMain.groovy:64)
	at com.kms.katalon.core.webui.keyword.internal.WebUIKeywordMain.runKeyword(WebUIKeywordMain.groovy:26)
	at com.kms.katalon.core.webui.keyword.builtin.ExecuteJavaScriptKeyword.executeJavascript(ExecuteJavascriptKeyword.groovy:42)
	at com.kms.katalon.core.webui.keyword.builtin.ExecuteJavaScriptKeyword.execute(ExecuteJavascriptKeyword.groovy:37)
	at com.kms.katalon.core.keyword.internal.KeywordExecutor.executeKeywordForPlatform(KeywordExecutor.groovy:74)
	at com.kms.katalon.core.webui.keyword.WebUiBuiltInKeywords.executeJavaScript(WebUiBuiltInKeywords.groovy:4873)
	at com.kms.katalon.core.webui.keyword.WebUiBuiltInKeywords$executeJavaScript$6.call(Unknown Source)
	at 3.2.2-Invitación.run(3.2.2-Invitación:64)
	at com.kms.katalon.core.main.ScriptEngine.run(ScriptEngine.java:194)
	at com.kms.katalon.core.main.ScriptEngine.runScriptAsRawText(ScriptEngine.java:119)
	at com.kms.katalon.core.main.TestCaseExecutor.runScript(TestCaseExecutor.java:442)
	at com.kms.katalon.core.main.TestCaseExecutor.doExecute(TestCaseExecutor.java:433)
	at com.kms.katalon.core.main.TestCaseExecutor.processExecutionPhase(TestCaseExecutor.java:412)
	at com.kms.katalon.core.main.TestCaseExecutor.accessMainPhase(TestCaseExecutor.java:404)
	at com.kms.katalon.core.main.TestCaseExecutor.execute(TestCaseExecutor.java:281)
	at com.kms.katalon.core.main.TestSuiteExecutor.accessTestCaseMainPhase(TestSuiteExecutor.java:202)
	at com.kms.katalon.core.main.TestSuiteExecutor.accessTestSuiteMainPhase(TestSuiteExecutor.java:164)
	at com.kms.katalon.core.main.TestSuiteExecutor.execute(TestSuiteExecutor.java:105)
	at com.kms.katalon.core.main.TestCaseMain.startTestSuite(TestCaseMain.java:185)
	at com.kms.katalon.core.main.TestCaseMain$startTestSuite$0.call(Unknown Source)
	at TempTestSuite1645633306338.run(TempTestSuite1645633306338.groovy:36)
Caused by: org.openqa.selenium.JavascriptException: javascript error: arguments[0].upload is not a function
  (Session info: chrome=98.0.4758.102)
Build info: version: '3.141.59', revision: 'e82be7d358', time: '2018-11-14T08:25:53'
System info: host: 'US-AF-000371', ip: '192.168.56.1', os.name: 'Windows 10', os.arch: 'amd64', os.version: '10.0', java.version: '1.8.0_282'
Driver info: com.kms.katalon.selenium.driver.CChromeDriver
Capabilities {acceptInsecureCerts: false, browserName: chrome, browserVersion: 98.0.4758.102, chrome: {chromedriverVersion: 97.0.4692.36 (747e0a0f19c13..., userDataDir: C:\Users\DIEGO~1.ROJ\AppDat...}, goog:chromeOptions: {debuggerAddress: localhost:60293}, javascriptEnabled: true, networkConnectionEnabled: false, pageLoadStrategy: normal, platform: WINDOWS, platformName: WINDOWS, proxy: Proxy(), setWindowRect: true, strictFileInteractability: false, timeouts: {implicit: 0, pageLoad: 300000, script: 30000}, unhandledPromptBehavior: dismiss and notify, webauthn:extension:credBlob: true, webauthn:extension:largeBlob: true, webauthn:virtualAuthenticators: true}
Session ID: d2e15521ce9e3c1dab14ca5913fc1222
	at org.openqa.selenium.remote.http.W3CHttpResponseCodec.createException(W3CHttpResponseCodec.java:187)
	at org.openqa.selenium.remote.http.W3CHttpResponseCodec.decode(W3CHttpResponseCodec.java:122)
	at org.openqa.selenium.remote.http.W3CHttpResponseCodec.decode(W3CHttpResponseCodec.java:49)
	at org.openqa.selenium.remote.HttpCommandExecutor.execute(HttpCommandExecutor.java:158)
	at org.openqa.selenium.remote.service.DriverCommandExecutor.execute(DriverCommandExecutor.java:83)
	at org.openqa.selenium.remote.RemoteWebDriver.execute(RemoteWebDriver.java:552)
	at com.kms.katalon.selenium.driver.CChromeDriver.execute(CChromeDriver.java:19)
	at org.openqa.selenium.remote.RemoteWebDriver.executeScript(RemoteWebDriver.java:489)
	at org.openqa.selenium.support.events.EventFiringWebDriver.lambda$new$1(EventFiringWebDriver.java:105)
	at com.sun.proxy.$Proxy10.executeScript(Unknown Source)
	at org.openqa.selenium.support.events.EventFiringWebDriver.executeScript(EventFiringWebDriver.java:229)
	at com.kms.katalon.core.webui.keyword.builtin.ExecuteJavaScriptKeyword$_executeJavascript_closure1.doCall(ExecuteJavascriptKeyword.groovy:48)
	at com.kms.katalon.core.webui.keyword.builtin.ExecuteJavaScriptKeyword$_executeJavascript_closure1.call(ExecuteJavascriptKeyword.groovy)
	at com.kms.katalon.core.webui.keyword.internal.WebUIKeywordMain.runKeyword(WebUIKeywordMain.groovy:20)
	... 19 more


2022-02-23 11:35:03 - [TEST_STEP][PASSED] - callTestCase(findTestCase("Utilidades-(atajos_para _tareas)/Modulos/Modulo bienestar-eventos"), [:], STOP_ON_FAILURE): Call Test Case 'Test Cases/Utilidades-(atajos_para _tareas)/Modulos/Modulo bienestar-eventos' successfully

2022-02-23 11:35:03 - [TEST_CASE][PASSED] - Test Cases/Utilidades-(atajos_para _tareas)/Modulos/Modulo bienestar-eventos: Test Cases/Utilidades-(atajos_para _tareas)/Modulos/Modulo bienestar-eventos

2022-02-23 11:35:03 - [TEST_STEP][PASSED] - callTestCase(findTestCase("0.1-Login"), [:], STOP_ON_FAILURE): Call Test Case 'Test Cases/0.1-Login' successfully

2022-02-23 11:35:03 - [TEST_CASE][PASSED] - Test Cases/0.1-Login: Test Cases/0.1-Login

2022-02-23 11:35:03 - [TEST_STEP][PASSED] - openBrowser(""): Browser is opened with url: ''

2022-02-23 11:35:03 - [MESSAGE][INFO] - Starting 'Chrome' driver

2022-02-23 11:35:03 - [MESSAGE][INFO] - Action delay is set to 0 milliseconds

2022-02-23 11:35:04 - [MESSAGE][PASSED] - Browser is opened with url: ''

2022-02-23 11:35:04 - [TEST_STEP][PASSED] - maximizeWindow(): Current window maximized

2022-02-23 11:35:04 - [MESSAGE][PASSED] - Current window maximized

2022-02-23 11:35:04 - [TEST_STEP][PASSED] - i = G_Login: null

2022-02-23 11:35:04 - [TEST_STEP][PASSED] - url = new java.net.URL(i): null

2022-02-23 11:35:04 - [TEST_STEP][PASSED] - println("URL: " + url.toString()): null

2022-02-23 11:35:04 - [TEST_STEP][PASSED] - connection = url.openConnection(): null

2022-02-23 11:35:04 - [TEST_STEP][PASSED] - connection.setRequestMethod("GET"): null

2022-02-23 11:35:04 - [TEST_STEP][PASSED] - connection.setReadTimeout(2 * 1000): null

2022-02-23 11:35:04 - [TEST_STEP][PASSED] - try: null

2022-02-23 11:35:04 - [TEST_STEP][PASSED] - connection.connect(): null

2022-02-23 11:35:04 - [TEST_STEP][PASSED] - flag = connected: null

2022-02-23 11:35:04 - [TEST_STEP][PASSED] - println("Valor_ori: " + flag): null

2022-02-23 11:35:04 - [TEST_STEP][PASSED] - if (flag): null

2022-02-23 11:35:04 - [TEST_STEP][PASSED] - navigateToUrl(i): Navigate to 'http://192.168.2.80:8380/saraweb' successfully

2022-02-23 11:35:04 - [MESSAGE][PASSED] - Navigate to 'http://192.168.2.80:8380/saraweb' successfully

2022-02-23 11:35:04 - [TEST_STEP][PASSED] - a(): null

2022-02-23 11:35:04 - [TEST_STEP][PASSED] - setText(findTestObject("Login/input_USUARIO_loginusuario"), G_Usuario): Text 'saraadmin' is set on object 'Object Repository/Login/input_USUARIO_loginusuario'

2022-02-23 11:35:05 - [MESSAGE][PASSED] - Text 'saraadmin' is set on object 'Object Repository/Login/input_USUARIO_loginusuario'

2022-02-23 11:35:05 - [TEST_STEP][PASSED] - setEncryptedText(findTestObject("Login/input_CLAVE_loginpassword"), "MkG4/TYiCFC3cb2driP7+Q=="): Text ****** has been set on object 'Object Repository/Login/input_CLAVE_loginpassword'

2022-02-23 11:35:06 - [MESSAGE][PASSED] - Text ****** has been set on object 'Object Repository/Login/input_CLAVE_loginpassword'

2022-02-23 11:35:06 - [TEST_STEP][PASSED] - waitForElementClickable(findTestObject("Login/a_Ingresar"), G_TimeOut): Object 'Object Repository/Login/a_Ingresar' is clickable

2022-02-23 11:35:06 - [MESSAGE][PASSED] - Object 'Object Repository/Login/a_Ingresar' is clickable

2022-02-23 11:35:06 - [TEST_STEP][PASSED] - click(findTestObject("Login/a_Ingresar")): Object: 'Object Repository/Login/a_Ingresar' is clicked on

2022-02-23 11:35:08 - [MESSAGE][PASSED] - Object: 'Object Repository/Login/a_Ingresar' is clicked on

2022-02-23 11:35:08 - [TEST_STEP][PASSED] - element = findWebElement(findTestObject("Login/a_Ir"), 30): null

2022-02-23 11:35:08 - [TEST_STEP][PASSED] - executeJavaScript("arguments[0].click()", Arrays.asList(element)): Execute JavaScript 'arguments[0].click()' successfully

2022-02-23 11:35:08 - [MESSAGE][PASSED] - Execute JavaScript 'arguments[0].click()' successfully

2022-02-23 11:35:08 - [MESSAGE][PASSED] - Call Test Case 'Test Cases/0.1-Login' successfully

2022-02-23 11:35:08 - [TEST_STEP][PASSED] - waitForElementClickable(findTestObject("Modulo bienestar-eventos/input_ADMINISTRADOR DEL SISTEMA"), 0): Object 'Object Repository/Modulo bienestar-eventos/input_ADMINISTRADOR DEL SISTEMA' is clickable

2022-02-23 11:35:08 - [MESSAGE][WARNING] - Timeout '0' is invalid. Using default page load timeout: '30'

2022-02-23 11:35:09 - [MESSAGE][PASSED] - Object 'Object Repository/Modulo bienestar-eventos/input_ADMINISTRADOR DEL SISTEMA' is clickable

2022-02-23 11:35:09 - [TEST_STEP][PASSED] - setText(findTestObject("Modulo bienestar-eventos/input_ADMINISTRADOR DEL SISTEMA"), "eventos (bie)"): Text 'eventos (bie)' is set on object 'Object Repository/Modulo bienestar-eventos/input_ADMINISTRADOR DEL SISTEMA'

2022-02-23 11:35:10 - [MESSAGE][PASSED] - Text 'eventos (bie)' is set on object 'Object Repository/Modulo bienestar-eventos/input_ADMINISTRADOR DEL SISTEMA'

2022-02-23 11:35:10 - [TEST_STEP][PASSED] - click(findTestObject("Modulo bienestar-eventos/span_Eventos (bie)")): Object: 'Object Repository/Modulo bienestar-eventos/span_Eventos (bie)' is clicked on

2022-02-23 11:35:11 - [MESSAGE][PASSED] - Object: 'Object Repository/Modulo bienestar-eventos/span_Eventos (bie)' is clicked on

2022-02-23 11:35:11 - [MESSAGE][PASSED] - Call Test Case 'Test Cases/Utilidades-(atajos_para _tareas)/Modulos/Modulo bienestar-eventos' successfully

2022-02-23 11:35:11 - [TEST_STEP][PASSED] - waitForElementClickable(findTestObject("Modulo Pruebas Bienestar/Invitación/td_Prueba-S-SH"), 0): Object 'Object Repository/Modulo Pruebas Bienestar/Invitación/td_Prueba-S-SH' is clickable

2022-02-23 11:35:11 - [MESSAGE][WARNING] - Timeout '0' is invalid. Using default page load timeout: '30'

2022-02-23 11:35:12 - [MESSAGE][PASSED] - Object 'Object Repository/Modulo Pruebas Bienestar/Invitación/td_Prueba-S-SH' is clickable

2022-02-23 11:35:12 - [TEST_STEP][PASSED] - click(findTestObject("Modulo Pruebas Bienestar/Invitación/td_Prueba-S-SH")): Object: 'Object Repository/Modulo Pruebas Bienestar/Invitación/td_Prueba-S-SH' is clicked on

2022-02-23 11:35:13 - [MESSAGE][PASSED] - Object: 'Object Repository/Modulo Pruebas Bienestar/Invitación/td_Prueba-S-SH' is clicked on

2022-02-23 11:35:13 - [TEST_STEP][PASSED] - click(findTestObject("Modulo Pruebas Bienestar/Invitación/div_Participante")): Object: 'Object Repository/Modulo Pruebas Bienestar/Invitación/div_Participante' is clicked on

2022-02-23 11:35:14 - [MESSAGE][PASSED] - Object: 'Object Repository/Modulo Pruebas Bienestar/Invitación/div_Participante' is clicked on

2022-02-23 11:35:14 - [TEST_STEP][PASSED] - click(findTestObject("Modulo Pruebas Bienestar/Invitación/a_Invitacin")): Object: 'Object Repository/Modulo Pruebas Bienestar/Invitación/a_Invitacin' is clicked on

2022-02-23 11:35:14 - [MESSAGE][PASSED] - Object: 'Object Repository/Modulo Pruebas Bienestar/Invitación/a_Invitacin' is clicked on

2022-02-23 11:35:14 - [TEST_STEP][PASSED] - selectOptionByIndex(findTestObject("Modulo Pruebas Bienestar/Invitación/select_SeleccioneCALIDADMENSUAL ABCMODELO EMPRESA QUINCENALPANSIONADOSPENSIONADOS BASEPRUEBAS"), "1"): All options with index in [1] are selected on object 'Object Repository/Modulo Pruebas Bienestar/Invitación/select_SeleccioneCALIDADMENSUAL ABCMODELO EMPRESA QUINCENALPANSIONADOSPENSIONADOS BASEPRUEBAS'

2022-02-23 11:35:16 - [MESSAGE][PASSED] - All options with index in [1] are selected on object 'Object Repository/Modulo Pruebas Bienestar/Invitación/select_SeleccioneCALIDADMENSUAL ABCMODELO EMPRESA QUINCENALPANSIONADOSPENSIONADOS BASEPRUEBAS'

2022-02-23 11:35:16 - [TEST_STEP][PASSED] - click(findTestObject("Modulo Pruebas Bienestar/Invitación/a_Unidad_invitacionEventosPopupFormj_idt1309")): Object: 'Object Repository/Modulo Pruebas Bienestar/Invitación/a_Unidad_invitacionEventosPopupFormj_idt1309' is clicked on

2022-02-23 11:35:16 - [MESSAGE][PASSED] - Object: 'Object Repository/Modulo Pruebas Bienestar/Invitación/a_Unidad_invitacionEventosPopupFormj_idt1309' is clicked on

2022-02-23 11:35:16 - [TEST_STEP][PASSED] - click(findTestObject("Modulo Pruebas Bienestar/Invitación/a_Filtrar")): Object: 'Object Repository/Modulo Pruebas Bienestar/Invitación/a_Filtrar' is clicked on

2022-02-23 11:35:17 - [MESSAGE][PASSED] - Object: 'Object Repository/Modulo Pruebas Bienestar/Invitación/a_Filtrar' is clicked on

2022-02-23 11:35:17 - [TEST_STEP][PASSED] - check(findTestObject("Modulo Pruebas Bienestar/Invitación/div_Cargo_ui-chkbox-box ui-widget ui-corner-all ui-state-default ui-state-hover")): Object 'Object Repository/Modulo Pruebas Bienestar/Invitación/div_Cargo_ui-chkbox-box ui-widget ui-corner-all ui-state-default ui-state-hover' is checked

2022-02-23 11:35:18 - [MESSAGE][PASSED] - Object 'Object Repository/Modulo Pruebas Bienestar/Invitación/div_Cargo_ui-chkbox-box ui-widget ui-corner-all ui-state-default ui-state-hover' is checked

2022-02-23 11:35:18 - [TEST_STEP][PASSED] - element = findWebElement(findTestObject("Modulo Pruebas Bienestar/Invitación/a_Invitacin_boton"), 30): null

2022-02-23 11:35:18 - [TEST_STEP][PASSED] - executeJavaScript("arguments[0].click()", Arrays.asList(element)): Execute JavaScript 'arguments[0].click()' successfully

2022-02-23 11:35:18 - [MESSAGE][PASSED] - Execute JavaScript 'arguments[0].click()' successfully

2022-02-23 11:35:18 - [TEST_STEP][PASSED] - click(findTestObject("Modulo Pruebas Bienestar/Invitación/a_Invitacin")): Object: 'Object Repository/Modulo Pruebas Bienestar/Invitación/a_Invitacin' is clicked on

2022-02-23 11:35:19 - [MESSAGE][PASSED] - Object: 'Object Repository/Modulo Pruebas Bienestar/Invitación/a_Invitacin' is clicked on

2022-02-23 11:35:19 - [TEST_STEP][PASSED] - selectOptionByIndex(findTestObject("Modulo Pruebas Bienestar/Invitación/select_SeleccioneCALIDADMENSUAL ABCMODELO EMPRESA QUINCENALPANSIONADOSPENSIONADOS BASEPRUEBAS"), "1"): All options with index in [1] are selected on object 'Object Repository/Modulo Pruebas Bienestar/Invitación/select_SeleccioneCALIDADMENSUAL ABCMODELO EMPRESA QUINCENALPANSIONADOSPENSIONADOS BASEPRUEBAS'

2022-02-23 11:35:21 - [MESSAGE][PASSED] - All options with index in [1] are selected on object 'Object Repository/Modulo Pruebas Bienestar/Invitación/select_SeleccioneCALIDADMENSUAL ABCMODELO EMPRESA QUINCENALPANSIONADOSPENSIONADOS BASEPRUEBAS'

2022-02-23 11:35:21 - [TEST_STEP][PASSED] - click(findTestObject("Modulo Pruebas Bienestar/Invitación/a_Filtrar")): Object: 'Object Repository/Modulo Pruebas Bienestar/Invitación/a_Filtrar' is clicked on

2022-02-23 11:35:21 - [MESSAGE][PASSED] - Object: 'Object Repository/Modulo Pruebas Bienestar/Invitación/a_Filtrar' is clicked on

2022-02-23 11:35:21 - [TEST_STEP][PASSED] - click(findTestObject("Modulo Pruebas Bienestar/Invitación/span_ui-button")): Object: 'Object Repository/Modulo Pruebas Bienestar/Invitación/span_ui-button' is clicked on

2022-02-23 11:35:22 - [MESSAGE][PASSED] - Object: 'Object Repository/Modulo Pruebas Bienestar/Invitación/span_ui-button' is clicked on

2022-02-23 11:35:22 - [TEST_STEP][PASSED] - click(findTestObject("Modulo Pruebas Bienestar/Invitación/span_Todo")): Object: 'Object Repository/Modulo Pruebas Bienestar/Invitación/span_Todo' is clicked on

2022-02-23 11:35:23 - [MESSAGE][PASSED] - Object: 'Object Repository/Modulo Pruebas Bienestar/Invitación/span_Todo' is clicked on

2022-02-23 11:35:23 - [TEST_STEP][PASSED] - element1 = findWebElement(findTestObject("Modulo Pruebas Bienestar/Invitación/a_Invitacin_boton"), 30): null

2022-02-23 11:35:24 - [TEST_STEP][FAILED] - executeJavaScript("arguments[0].upload()", Arrays.asList(element1)): Unable to execute JavaScript. (Root cause: com.kms.katalon.core.exception.StepFailedException: Unable to execute JavaScript.
	at com.kms.katalon.core.webui.keyword.internal.WebUIKeywordMain.stepFailed(WebUIKeywordMain.groovy:64)
	at com.kms.katalon.core.webui.keyword.internal.WebUIKeywordMain.runKeyword(WebUIKeywordMain.groovy:26)
	at com.kms.katalon.core.webui.keyword.builtin.ExecuteJavaScriptKeyword.executeJavascript(ExecuteJavascriptKeyword.groovy:42)
	at com.kms.katalon.core.webui.keyword.builtin.ExecuteJavaScriptKeyword.execute(ExecuteJavascriptKeyword.groovy:37)
	at com.kms.katalon.core.keyword.internal.KeywordExecutor.executeKeywordForPlatform(KeywordExecutor.groovy:74)
	at com.kms.katalon.core.webui.keyword.WebUiBuiltInKeywords.executeJavaScript(WebUiBuiltInKeywords.groovy:4873)
	at com.kms.katalon.core.webui.keyword.WebUiBuiltInKeywords$executeJavaScript$6.call(Unknown Source)
	at 3.2.2-Invitación.run(3.2.2-Invitación:64)
	at com.kms.katalon.core.main.ScriptEngine.run(ScriptEngine.java:194)
	at com.kms.katalon.core.main.ScriptEngine.runScriptAsRawText(ScriptEngine.java:119)
	at com.kms.katalon.core.main.TestCaseExecutor.runScript(TestCaseExecutor.java:442)
	at com.kms.katalon.core.main.TestCaseExecutor.doExecute(TestCaseExecutor.java:433)
	at com.kms.katalon.core.main.TestCaseExecutor.processExecutionPhase(TestCaseExecutor.java:412)
	at com.kms.katalon.core.main.TestCaseExecutor.accessMainPhase(TestCaseExecutor.java:404)
	at com.kms.katalon.core.main.TestCaseExecutor.execute(TestCaseExecutor.java:281)
	at com.kms.katalon.core.main.TestSuiteExecutor.accessTestCaseMainPhase(TestSuiteExecutor.java:202)
	at com.kms.katalon.core.main.TestSuiteExecutor.accessTestSuiteMainPhase(TestSuiteExecutor.java:164)
	at com.kms.katalon.core.main.TestSuiteExecutor.execute(TestSuiteExecutor.java:105)
	at com.kms.katalon.core.main.TestCaseMain.startTestSuite(TestCaseMain.java:185)
	at com.kms.katalon.core.main.TestCaseMain$startTestSuite$0.call(Unknown Source)
	at TempTestSuite1645633306338.run(TempTestSuite1645633306338.groovy:36)
Caused by: org.openqa.selenium.JavascriptException: javascript error: arguments[0].upload is not a function
  (Session info: chrome=98.0.4758.102)
Build info: version: '3.141.59', revision: 'e82be7d358', time: '2018-11-14T08:25:53'
System info: host: 'US-AF-000371', ip: '192.168.56.1', os.name: 'Windows 10', os.arch: 'amd64', os.version: '10.0', java.version: '1.8.0_282'
Driver info: com.kms.katalon.selenium.driver.CChromeDriver
Capabilities {acceptInsecureCerts: false, browserName: chrome, browserVersion: 98.0.4758.102, chrome: {chromedriverVersion: 97.0.4692.36 (747e0a0f19c13..., userDataDir: C:\Users\DIEGO~1.ROJ\AppDat...}, goog:chromeOptions: {debuggerAddress: localhost:60293}, javascriptEnabled: true, networkConnectionEnabled: false, pageLoadStrategy: normal, platform: WINDOWS, platformName: WINDOWS, proxy: Proxy(), setWindowRect: true, strictFileInteractability: false, timeouts: {implicit: 0, pageLoad: 300000, script: 30000}, unhandledPromptBehavior: dismiss and notify, webauthn:extension:credBlob: true, webauthn:extension:largeBlob: true, webauthn:virtualAuthenticators: true}
Session ID: d2e15521ce9e3c1dab14ca5913fc1222
	at org.openqa.selenium.remote.http.W3CHttpResponseCodec.createException(W3CHttpResponseCodec.java:187)
	at org.openqa.selenium.remote.http.W3CHttpResponseCodec.decode(W3CHttpResponseCodec.java:122)
	at org.openqa.selenium.remote.http.W3CHttpResponseCodec.decode(W3CHttpResponseCodec.java:49)
	at org.openqa.selenium.remote.HttpCommandExecutor.execute(HttpCommandExecutor.java:158)
	at org.openqa.selenium.remote.service.DriverCommandExecutor.execute(DriverCommandExecutor.java:83)
	at org.openqa.selenium.remote.RemoteWebDriver.execute(RemoteWebDriver.java:552)
	at com.kms.katalon.selenium.driver.CChromeDriver.execute(CChromeDriver.java:19)
	at org.openqa.selenium.remote.RemoteWebDriver.executeScript(RemoteWebDriver.java:489)
	at org.openqa.selenium.support.events.EventFiringWebDriver.lambda$new$1(EventFiringWebDriver.java:105)
	at com.sun.proxy.$Proxy10.executeScript(Unknown Source)
	at org.openqa.selenium.support.events.EventFiringWebDriver.executeScript(EventFiringWebDriver.java:229)
	at com.kms.katalon.core.webui.keyword.builtin.ExecuteJavaScriptKeyword$_executeJavascript_closure1.doCall(ExecuteJavascriptKeyword.groovy:48)
	at com.kms.katalon.core.webui.keyword.builtin.ExecuteJavaScriptKeyword$_executeJavascript_closure1.call(ExecuteJavascriptKeyword.groovy)
	at com.kms.katalon.core.webui.keyword.internal.WebUIKeywordMain.runKeyword(WebUIKeywordMain.groovy:20)
	at com.kms.katalon.core.webui.keyword.builtin.ExecuteJavaScriptKeyword.executeJavascript(ExecuteJavascriptKeyword.groovy:42)
	at com.kms.katalon.core.webui.keyword.builtin.ExecuteJavaScriptKeyword.execute(ExecuteJavascriptKeyword.groovy:37)
	at com.kms.katalon.core.keyword.internal.KeywordExecutor.executeKeywordForPlatform(KeywordExecutor.groovy:74)
	at com.kms.katalon.core.webui.keyword.WebUiBuiltInKeywords.executeJavaScript(WebUiBuiltInKeywords.groovy:4873)
	at com.kms.katalon.core.webui.keyword.WebUiBuiltInKeywords$executeJavaScript$6.call(Unknown Source)
	at Script1639495465820.run(Script1639495465820.groovy:64)
	... 13 more
)

2022-02-23 11:35:24 - [MESSAGE][FAILED] - Unable to execute JavaScript. (Root cause: com.kms.katalon.core.exception.StepFailedException: Unable to execute JavaScript.
	at com.kms.katalon.core.webui.keyword.internal.WebUIKeywordMain.stepFailed(WebUIKeywordMain.groovy:64)
	at com.kms.katalon.core.webui.keyword.internal.WebUIKeywordMain.runKeyword(WebUIKeywordMain.groovy:26)
	at com.kms.katalon.core.webui.keyword.builtin.ExecuteJavaScriptKeyword.executeJavascript(ExecuteJavascriptKeyword.groovy:42)
	at com.kms.katalon.core.webui.keyword.builtin.ExecuteJavaScriptKeyword.execute(ExecuteJavascriptKeyword.groovy:37)
	at com.kms.katalon.core.keyword.internal.KeywordExecutor.executeKeywordForPlatform(KeywordExecutor.groovy:74)
	at com.kms.katalon.core.webui.keyword.WebUiBuiltInKeywords.executeJavaScript(WebUiBuiltInKeywords.groovy:4873)
	at com.kms.katalon.core.webui.keyword.WebUiBuiltInKeywords$executeJavaScript$6.call(Unknown Source)
	at 3.2.2-Invitación.run(3.2.2-Invitación:64)
	at com.kms.katalon.core.main.ScriptEngine.run(ScriptEngine.java:194)
	at com.kms.katalon.core.main.ScriptEngine.runScriptAsRawText(ScriptEngine.java:119)
	at com.kms.katalon.core.main.TestCaseExecutor.runScript(TestCaseExecutor.java:442)
	at com.kms.katalon.core.main.TestCaseExecutor.doExecute(TestCaseExecutor.java:433)
	at com.kms.katalon.core.main.TestCaseExecutor.processExecutionPhase(TestCaseExecutor.java:412)
	at com.kms.katalon.core.main.TestCaseExecutor.accessMainPhase(TestCaseExecutor.java:404)
	at com.kms.katalon.core.main.TestCaseExecutor.execute(TestCaseExecutor.java:281)
	at com.kms.katalon.core.main.TestSuiteExecutor.accessTestCaseMainPhase(TestSuiteExecutor.java:202)
	at com.kms.katalon.core.main.TestSuiteExecutor.accessTestSuiteMainPhase(TestSuiteExecutor.java:164)
	at com.kms.katalon.core.main.TestSuiteExecutor.execute(TestSuiteExecutor.java:105)
	at com.kms.katalon.core.main.TestCaseMain.startTestSuite(TestCaseMain.java:185)
	at com.kms.katalon.core.main.TestCaseMain$startTestSuite$0.call(Unknown Source)
	at TempTestSuite1645633306338.run(TempTestSuite1645633306338.groovy:36)
Caused by: org.openqa.selenium.JavascriptException: javascript error: arguments[0].upload is not a function
  (Session info: chrome=98.0.4758.102)
Build info: version: '3.141.59', revision: 'e82be7d358', time: '2018-11-14T08:25:53'
System info: host: 'US-AF-000371', ip: '192.168.56.1', os.name: 'Windows 10', os.arch: 'amd64', os.version: '10.0', java.version: '1.8.0_282'
Driver info: com.kms.katalon.selenium.driver.CChromeDriver
Capabilities {acceptInsecureCerts: false, browserName: chrome, browserVersion: 98.0.4758.102, chrome: {chromedriverVersion: 97.0.4692.36 (747e0a0f19c13..., userDataDir: C:\Users\DIEGO~1.ROJ\AppDat...}, goog:chromeOptions: {debuggerAddress: localhost:60293}, javascriptEnabled: true, networkConnectionEnabled: false, pageLoadStrategy: normal, platform: WINDOWS, platformName: WINDOWS, proxy: Proxy(), setWindowRect: true, strictFileInteractability: false, timeouts: {implicit: 0, pageLoad: 300000, script: 30000}, unhandledPromptBehavior: dismiss and notify, webauthn:extension:credBlob: true, webauthn:extension:largeBlob: true, webauthn:virtualAuthenticators: true}
Session ID: d2e15521ce9e3c1dab14ca5913fc1222
	at org.openqa.selenium.remote.http.W3CHttpResponseCodec.createException(W3CHttpResponseCodec.java:187)
	at org.openqa.selenium.remote.http.W3CHttpResponseCodec.decode(W3CHttpResponseCodec.java:122)
	at org.openqa.selenium.remote.http.W3CHttpResponseCodec.decode(W3CHttpResponseCodec.java:49)
	at org.openqa.selenium.remote.HttpCommandExecutor.execute(HttpCommandExecutor.java:158)
	at org.openqa.selenium.remote.service.DriverCommandExecutor.execute(DriverCommandExecutor.java:83)
	at org.openqa.selenium.remote.RemoteWebDriver.execute(RemoteWebDriver.java:552)
	at com.kms.katalon.selenium.driver.CChromeDriver.execute(CChromeDriver.java:19)
	at org.openqa.selenium.remote.RemoteWebDriver.executeScript(RemoteWebDriver.java:489)
	at org.openqa.selenium.support.events.EventFiringWebDriver.lambda$new$1(EventFiringWebDriver.java:105)
	at com.sun.proxy.$Proxy10.executeScript(Unknown Source)
	at org.openqa.selenium.support.events.EventFiringWebDriver.executeScript(EventFiringWebDriver.java:229)
	at com.kms.katalon.core.webui.keyword.builtin.ExecuteJavaScriptKeyword$_executeJavascript_closure1.doCall(ExecuteJavascriptKeyword.groovy:48)
	at com.kms.katalon.core.webui.keyword.builtin.ExecuteJavaScriptKeyword$_executeJavascript_closure1.call(ExecuteJavascriptKeyword.groovy)
	at com.kms.katalon.core.webui.keyword.internal.WebUIKeywordMain.runKeyword(WebUIKeywordMain.groovy:20)
	at com.kms.katalon.core.webui.keyword.builtin.ExecuteJavaScriptKeyword.executeJavascript(ExecuteJavascriptKeyword.groovy:42)
	at com.kms.katalon.core.webui.keyword.builtin.ExecuteJavaScriptKeyword.execute(ExecuteJavascriptKeyword.groovy:37)
	at com.kms.katalon.core.keyword.internal.KeywordExecutor.executeKeywordForPlatform(KeywordExecutor.groovy:74)
	at com.kms.katalon.core.webui.keyword.WebUiBuiltInKeywords.executeJavaScript(WebUiBuiltInKeywords.groovy:4873)
	at com.kms.katalon.core.webui.keyword.WebUiBuiltInKeywords$executeJavaScript$6.call(Unknown Source)
	at Script1639495465820.run(Script1639495465820.groovy:64)
	... 13 more
)
[[ATTACHMENT|C:\\Users\\diego.rojas\\git\\Pruebas-Minimas\\Reports\\20220223_112127\\3-Pruebas_Bienestar\\20220223_112146\\1645634124119.png]]]]></system-out>
         <system-err><![CDATA[2022-02-23 11:35:02 - [TEST_CASE][FAILED] - Test Cases/3.1-Pruebas_Bienestar/3.2.2-Invitación: Test Cases/3.1-Pruebas_Bienestar/3.2.2-Invitación FAILED.
Reason:
com.kms.katalon.core.exception.StepFailedException: Unable to execute JavaScript.
	at com.kms.katalon.core.webui.keyword.internal.WebUIKeywordMain.stepFailed(WebUIKeywordMain.groovy:64)
	at com.kms.katalon.core.webui.keyword.internal.WebUIKeywordMain.runKeyword(WebUIKeywordMain.groovy:26)
	at com.kms.katalon.core.webui.keyword.builtin.ExecuteJavaScriptKeyword.executeJavascript(ExecuteJavascriptKeyword.groovy:42)
	at com.kms.katalon.core.webui.keyword.builtin.ExecuteJavaScriptKeyword.execute(ExecuteJavascriptKeyword.groovy:37)
	at com.kms.katalon.core.keyword.internal.KeywordExecutor.executeKeywordForPlatform(KeywordExecutor.groovy:74)
	at com.kms.katalon.core.webui.keyword.WebUiBuiltInKeywords.executeJavaScript(WebUiBuiltInKeywords.groovy:4873)
	at com.kms.katalon.core.webui.keyword.WebUiBuiltInKeywords$executeJavaScript$6.call(Unknown Source)
	at 3.2.2-Invitación.run(3.2.2-Invitación:64)
	at com.kms.katalon.core.main.ScriptEngine.run(ScriptEngine.java:194)
	at com.kms.katalon.core.main.ScriptEngine.runScriptAsRawText(ScriptEngine.java:119)
	at com.kms.katalon.core.main.TestCaseExecutor.runScript(TestCaseExecutor.java:442)
	at com.kms.katalon.core.main.TestCaseExecutor.doExecute(TestCaseExecutor.java:433)
	at com.kms.katalon.core.main.TestCaseExecutor.processExecutionPhase(TestCaseExecutor.java:412)
	at com.kms.katalon.core.main.TestCaseExecutor.accessMainPhase(TestCaseExecutor.java:404)
	at com.kms.katalon.core.main.TestCaseExecutor.execute(TestCaseExecutor.java:281)
	at com.kms.katalon.core.main.TestSuiteExecutor.accessTestCaseMainPhase(TestSuiteExecutor.java:202)
	at com.kms.katalon.core.main.TestSuiteExecutor.accessTestSuiteMainPhase(TestSuiteExecutor.java:164)
	at com.kms.katalon.core.main.TestSuiteExecutor.execute(TestSuiteExecutor.java:105)
	at com.kms.katalon.core.main.TestCaseMain.startTestSuite(TestCaseMain.java:185)
	at com.kms.katalon.core.main.TestCaseMain$startTestSuite$0.call(Unknown Source)
	at TempTestSuite1645633306338.run(TempTestSuite1645633306338.groovy:36)
Caused by: org.openqa.selenium.JavascriptException: javascript error: arguments[0].upload is not a function
  (Session info: chrome=98.0.4758.102)
Build info: version: '3.141.59', revision: 'e82be7d358', time: '2018-11-14T08:25:53'
System info: host: 'US-AF-000371', ip: '192.168.56.1', os.name: 'Windows 10', os.arch: 'amd64', os.version: '10.0', java.version: '1.8.0_282'
Driver info: com.kms.katalon.selenium.driver.CChromeDriver
Capabilities {acceptInsecureCerts: false, browserName: chrome, browserVersion: 98.0.4758.102, chrome: {chromedriverVersion: 97.0.4692.36 (747e0a0f19c13..., userDataDir: C:\Users\DIEGO~1.ROJ\AppDat...}, goog:chromeOptions: {debuggerAddress: localhost:60293}, javascriptEnabled: true, networkConnectionEnabled: false, pageLoadStrategy: normal, platform: WINDOWS, platformName: WINDOWS, proxy: Proxy(), setWindowRect: true, strictFileInteractability: false, timeouts: {implicit: 0, pageLoad: 300000, script: 30000}, unhandledPromptBehavior: dismiss and notify, webauthn:extension:credBlob: true, webauthn:extension:largeBlob: true, webauthn:virtualAuthenticators: true}
Session ID: d2e15521ce9e3c1dab14ca5913fc1222
	at org.openqa.selenium.remote.http.W3CHttpResponseCodec.createException(W3CHttpResponseCodec.java:187)
	at org.openqa.selenium.remote.http.W3CHttpResponseCodec.decode(W3CHttpResponseCodec.java:122)
	at org.openqa.selenium.remote.http.W3CHttpResponseCodec.decode(W3CHttpResponseCodec.java:49)
	at org.openqa.selenium.remote.HttpCommandExecutor.execute(HttpCommandExecutor.java:158)
	at org.openqa.selenium.remote.service.DriverCommandExecutor.execute(DriverCommandExecutor.java:83)
	at org.openqa.selenium.remote.RemoteWebDriver.execute(RemoteWebDriver.java:552)
	at com.kms.katalon.selenium.driver.CChromeDriver.execute(CChromeDriver.java:19)
	at org.openqa.selenium.remote.RemoteWebDriver.executeScript(RemoteWebDriver.java:489)
	at org.openqa.selenium.support.events.EventFiringWebDriver.lambda$new$1(EventFiringWebDriver.java:105)
	at com.sun.proxy.$Proxy10.executeScript(Unknown Source)
	at org.openqa.selenium.support.events.EventFiringWebDriver.executeScript(EventFiringWebDriver.java:229)
	at com.kms.katalon.core.webui.keyword.builtin.ExecuteJavaScriptKeyword$_executeJavascript_closure1.doCall(ExecuteJavascriptKeyword.groovy:48)
	at com.kms.katalon.core.webui.keyword.builtin.ExecuteJavaScriptKeyword$_executeJavascript_closure1.call(ExecuteJavascriptKeyword.groovy)
	at com.kms.katalon.core.webui.keyword.internal.WebUIKeywordMain.runKeyword(WebUIKeywordMain.groovy:20)
	... 19 more]]></system-err>
      </testcase>
      <testcase name="Test Cases/3.1-Pruebas_Bienestar/3.2.3-Inscripción_masiva" time="27.7" classname="Test Cases/3.1-Pruebas_Bienestar/3.2.3-Inscripción_masiva" status="PASSED">
         <system-out><![CDATA[2022-02-23 11:35:24 - [TEST_CASE][PASSED] - Test Cases/3.1-Pruebas_Bienestar/3.2.3-Inscripción_masiva: Test Cases/3.1-Pruebas_Bienestar/3.2.3-Inscripción_masiva

2022-02-23 11:35:24 - [TEST_STEP][PASSED] - callTestCase(findTestCase("Utilidades-(atajos_para _tareas)/Modulos/Modulo bienestar-eventos"), [:], STOP_ON_FAILURE): Call Test Case 'Test Cases/Utilidades-(atajos_para _tareas)/Modulos/Modulo bienestar-eventos' successfully

2022-02-23 11:35:24 - [TEST_CASE][PASSED] - Test Cases/Utilidades-(atajos_para _tareas)/Modulos/Modulo bienestar-eventos: Test Cases/Utilidades-(atajos_para _tareas)/Modulos/Modulo bienestar-eventos

2022-02-23 11:35:24 - [TEST_STEP][PASSED] - callTestCase(findTestCase("0.1-Login"), [:], STOP_ON_FAILURE): Call Test Case 'Test Cases/0.1-Login' successfully

2022-02-23 11:35:24 - [TEST_CASE][PASSED] - Test Cases/0.1-Login: Test Cases/0.1-Login

2022-02-23 11:35:24 - [TEST_STEP][PASSED] - openBrowser(""): Browser is opened with url: ''

2022-02-23 11:35:24 - [MESSAGE][WARNING] - A browser is already opened. Closing browser and opening a new one

2022-02-23 11:35:25 - [MESSAGE][INFO] - Starting 'Chrome' driver

2022-02-23 11:35:25 - [MESSAGE][INFO] - Action delay is set to 0 milliseconds

2022-02-23 11:35:26 - [MESSAGE][PASSED] - Browser is opened with url: ''

2022-02-23 11:35:26 - [TEST_STEP][PASSED] - maximizeWindow(): Current window maximized

2022-02-23 11:35:26 - [MESSAGE][PASSED] - Current window maximized

2022-02-23 11:35:26 - [TEST_STEP][PASSED] - i = G_Login: null

2022-02-23 11:35:26 - [TEST_STEP][PASSED] - url = new java.net.URL(i): null

2022-02-23 11:35:26 - [TEST_STEP][PASSED] - println("URL: " + url.toString()): null

2022-02-23 11:35:26 - [TEST_STEP][PASSED] - connection = url.openConnection(): null

2022-02-23 11:35:26 - [TEST_STEP][PASSED] - connection.setRequestMethod("GET"): null

2022-02-23 11:35:26 - [TEST_STEP][PASSED] - connection.setReadTimeout(2 * 1000): null

2022-02-23 11:35:26 - [TEST_STEP][PASSED] - try: null

2022-02-23 11:35:26 - [TEST_STEP][PASSED] - connection.connect(): null

2022-02-23 11:35:26 - [TEST_STEP][PASSED] - flag = connected: null

2022-02-23 11:35:26 - [TEST_STEP][PASSED] - println("Valor_ori: " + flag): null

2022-02-23 11:35:26 - [TEST_STEP][PASSED] - if (flag): null

2022-02-23 11:35:26 - [TEST_STEP][PASSED] - navigateToUrl(i): Navigate to 'http://192.168.2.80:8380/saraweb' successfully

2022-02-23 11:35:27 - [MESSAGE][PASSED] - Navigate to 'http://192.168.2.80:8380/saraweb' successfully

2022-02-23 11:35:27 - [TEST_STEP][PASSED] - a(): null

2022-02-23 11:35:27 - [TEST_STEP][PASSED] - setText(findTestObject("Login/input_USUARIO_loginusuario"), G_Usuario): Text 'saraadmin' is set on object 'Object Repository/Login/input_USUARIO_loginusuario'

2022-02-23 11:35:28 - [MESSAGE][PASSED] - Text 'saraadmin' is set on object 'Object Repository/Login/input_USUARIO_loginusuario'

2022-02-23 11:35:28 - [TEST_STEP][PASSED] - setEncryptedText(findTestObject("Login/input_CLAVE_loginpassword"), "MkG4/TYiCFC3cb2driP7+Q=="): Text ****** has been set on object 'Object Repository/Login/input_CLAVE_loginpassword'

2022-02-23 11:35:28 - [MESSAGE][PASSED] - Text ****** has been set on object 'Object Repository/Login/input_CLAVE_loginpassword'

2022-02-23 11:35:28 - [TEST_STEP][PASSED] - waitForElementClickable(findTestObject("Login/a_Ingresar"), G_TimeOut): Object 'Object Repository/Login/a_Ingresar' is clickable

2022-02-23 11:35:28 - [MESSAGE][PASSED] - Object 'Object Repository/Login/a_Ingresar' is clickable

2022-02-23 11:35:28 - [TEST_STEP][PASSED] - click(findTestObject("Login/a_Ingresar")): Object: 'Object Repository/Login/a_Ingresar' is clicked on

2022-02-23 11:35:31 - [MESSAGE][PASSED] - Object: 'Object Repository/Login/a_Ingresar' is clicked on

2022-02-23 11:35:31 - [TEST_STEP][PASSED] - element = findWebElement(findTestObject("Login/a_Ir"), 30): null

2022-02-23 11:35:31 - [TEST_STEP][PASSED] - executeJavaScript("arguments[0].click()", Arrays.asList(element)): Execute JavaScript 'arguments[0].click()' successfully

2022-02-23 11:35:31 - [MESSAGE][PASSED] - Execute JavaScript 'arguments[0].click()' successfully

2022-02-23 11:35:31 - [MESSAGE][PASSED] - Call Test Case 'Test Cases/0.1-Login' successfully

2022-02-23 11:35:31 - [TEST_STEP][PASSED] - waitForElementClickable(findTestObject("Modulo bienestar-eventos/input_ADMINISTRADOR DEL SISTEMA"), 0): Object 'Object Repository/Modulo bienestar-eventos/input_ADMINISTRADOR DEL SISTEMA' is clickable

2022-02-23 11:35:31 - [MESSAGE][WARNING] - Timeout '0' is invalid. Using default page load timeout: '30'

2022-02-23 11:35:32 - [MESSAGE][PASSED] - Object 'Object Repository/Modulo bienestar-eventos/input_ADMINISTRADOR DEL SISTEMA' is clickable

2022-02-23 11:35:32 - [TEST_STEP][PASSED] - setText(findTestObject("Modulo bienestar-eventos/input_ADMINISTRADOR DEL SISTEMA"), "eventos (bie)"): Text 'eventos (bie)' is set on object 'Object Repository/Modulo bienestar-eventos/input_ADMINISTRADOR DEL SISTEMA'

2022-02-23 11:35:33 - [MESSAGE][PASSED] - Text 'eventos (bie)' is set on object 'Object Repository/Modulo bienestar-eventos/input_ADMINISTRADOR DEL SISTEMA'

2022-02-23 11:35:33 - [TEST_STEP][PASSED] - click(findTestObject("Modulo bienestar-eventos/span_Eventos (bie)")): Object: 'Object Repository/Modulo bienestar-eventos/span_Eventos (bie)' is clicked on

2022-02-23 11:35:34 - [MESSAGE][PASSED] - Object: 'Object Repository/Modulo bienestar-eventos/span_Eventos (bie)' is clicked on

2022-02-23 11:35:34 - [MESSAGE][PASSED] - Call Test Case 'Test Cases/Utilidades-(atajos_para _tareas)/Modulos/Modulo bienestar-eventos' successfully

2022-02-23 11:35:34 - [TEST_STEP][PASSED] - waitForElementClickable(findTestObject("Modulo Pruebas Bienestar/Inscripción masiva/td_Prueba-S-SH"), 0): Object 'Object Repository/Modulo Pruebas Bienestar/Inscripción masiva/td_Prueba-S-SH' is clickable

2022-02-23 11:35:34 - [MESSAGE][WARNING] - Timeout '0' is invalid. Using default page load timeout: '30'

2022-02-23 11:35:36 - [MESSAGE][PASSED] - Object 'Object Repository/Modulo Pruebas Bienestar/Inscripción masiva/td_Prueba-S-SH' is clickable

2022-02-23 11:35:36 - [TEST_STEP][PASSED] - click(findTestObject("Modulo Pruebas Bienestar/Inscripción masiva/td_Prueba-S-SH")): Object: 'Object Repository/Modulo Pruebas Bienestar/Inscripción masiva/td_Prueba-S-SH' is clicked on

2022-02-23 11:35:36 - [MESSAGE][PASSED] - Object: 'Object Repository/Modulo Pruebas Bienestar/Inscripción masiva/td_Prueba-S-SH' is clicked on

2022-02-23 11:35:36 - [TEST_STEP][PASSED] - waitForElementClickable(findTestObject("Modulo Pruebas Bienestar/Inscripción masiva/div_Participante"), 0): Object 'Object Repository/Modulo Pruebas Bienestar/Inscripción masiva/div_Participante' is clickable

2022-02-23 11:35:36 - [MESSAGE][WARNING] - Timeout '0' is invalid. Using default page load timeout: '30'

2022-02-23 11:35:37 - [MESSAGE][PASSED] - Object 'Object Repository/Modulo Pruebas Bienestar/Inscripción masiva/div_Participante' is clickable

2022-02-23 11:35:37 - [TEST_STEP][PASSED] - click(findTestObject("Modulo Pruebas Bienestar/Inscripción masiva/div_Participante")): Object: 'Object Repository/Modulo Pruebas Bienestar/Inscripción masiva/div_Participante' is clicked on

2022-02-23 11:35:38 - [MESSAGE][PASSED] - Object: 'Object Repository/Modulo Pruebas Bienestar/Inscripción masiva/div_Participante' is clicked on

2022-02-23 11:35:38 - [TEST_STEP][PASSED] - click(findTestObject("Modulo Pruebas Bienestar/Inscripción masiva/a_Individual")): Object: 'Object Repository/Modulo Pruebas Bienestar/Inscripción masiva/a_Individual' is clicked on

2022-02-23 11:35:38 - [MESSAGE][PASSED] - Object: 'Object Repository/Modulo Pruebas Bienestar/Inscripción masiva/a_Individual' is clicked on

2022-02-23 11:35:38 - [TEST_STEP][PASSED] - if (waitForElementPresent(findTestObject("Modulo Pruebas Bienestar/Inscripción masiva/td_Ardila Julio"), 1)): null

2022-02-23 11:35:39 - [MESSAGE][PASSED] - Object 'Object Repository/Modulo Pruebas Bienestar/Inscripción masiva/td_Ardila Julio' is present

2022-02-23 11:35:39 - [TEST_STEP][PASSED] - click(findTestObject("Modulo Pruebas Bienestar/Inscripción masiva/td_Ardila Julio")): Object: 'Object Repository/Modulo Pruebas Bienestar/Inscripción masiva/td_Ardila Julio' is clicked on

2022-02-23 11:35:39 - [MESSAGE][PASSED] - Object: 'Object Repository/Modulo Pruebas Bienestar/Inscripción masiva/td_Ardila Julio' is clicked on

2022-02-23 11:35:39 - [TEST_STEP][PASSED] - waitForElementPresent(findTestObject("Modulo Pruebas Bienestar/Inscripción masiva/a_Cambiar Datos"), 0): Object 'Object Repository/Modulo Pruebas Bienestar/Inscripción masiva/a_Cambiar Datos' is present

2022-02-23 11:35:39 - [MESSAGE][WARNING] - Timeout '0' is invalid. Using default page load timeout: '30'

2022-02-23 11:35:40 - [MESSAGE][PASSED] - Object 'Object Repository/Modulo Pruebas Bienestar/Inscripción masiva/a_Cambiar Datos' is present

2022-02-23 11:35:40 - [TEST_STEP][PASSED] - click(findTestObject("Modulo Pruebas Bienestar/Inscripción masiva/a_Cambiar Datos"), STOP_ON_FAILURE): Object: 'Object Repository/Modulo Pruebas Bienestar/Inscripción masiva/a_Cambiar Datos' is clicked on

2022-02-23 11:35:40 - [MESSAGE][PASSED] - Object: 'Object Repository/Modulo Pruebas Bienestar/Inscripción masiva/a_Cambiar Datos' is clicked on

2022-02-23 11:35:40 - [TEST_STEP][PASSED] - click(findTestObject("Modulo Pruebas Bienestar/Inscripción masiva/a_Eliminar")): Object: 'Object Repository/Modulo Pruebas Bienestar/Inscripción masiva/a_Eliminar' is clicked on

2022-02-23 11:35:42 - [MESSAGE][PASSED] - Object: 'Object Repository/Modulo Pruebas Bienestar/Inscripción masiva/a_Eliminar' is clicked on

2022-02-23 11:35:42 - [TEST_STEP][PASSED] - click(findTestObject("Modulo Pruebas Bienestar/Inscripción masiva/span_Si")): Object: 'Object Repository/Modulo Pruebas Bienestar/Inscripción masiva/span_Si' is clicked on

2022-02-23 11:35:43 - [MESSAGE][PASSED] - Object: 'Object Repository/Modulo Pruebas Bienestar/Inscripción masiva/span_Si' is clicked on

2022-02-23 11:35:43 - [TEST_STEP][PASSED] - click(findTestObject("Modulo Pruebas Bienestar/Inscripción masiva/a_Inscribirse_Menu")): Object: 'Object Repository/Modulo Pruebas Bienestar/Inscripción masiva/a_Inscribirse_Menu' is clicked on

2022-02-23 11:35:44 - [MESSAGE][PASSED] - Object: 'Object Repository/Modulo Pruebas Bienestar/Inscripción masiva/a_Inscribirse_Menu' is clicked on

2022-02-23 11:35:44 - [TEST_STEP][PASSED] - selectOptionByIndex(findTestObject("Modulo Pruebas Bienestar/Inscripción masiva/select_SeleccioneCALIDADMENSUAL ABCMODELO EMPRESA QUINCENALPANSIONADOSPENSIONADOS BASEPRUEBAS"), 1): All options with index in [1] are selected on object 'Object Repository/Modulo Pruebas Bienestar/Inscripción masiva/select_SeleccioneCALIDADMENSUAL ABCMODELO EMPRESA QUINCENALPANSIONADOSPENSIONADOS BASEPRUEBAS'

2022-02-23 11:35:47 - [MESSAGE][PASSED] - All options with index in [1] are selected on object 'Object Repository/Modulo Pruebas Bienestar/Inscripción masiva/select_SeleccioneCALIDADMENSUAL ABCMODELO EMPRESA QUINCENALPANSIONADOSPENSIONADOS BASEPRUEBAS'

2022-02-23 11:35:47 - [TEST_STEP][PASSED] - click(findTestObject("Modulo Pruebas Bienestar/Inscripción masiva/a_Filtrar")): Object: 'Object Repository/Modulo Pruebas Bienestar/Inscripción masiva/a_Filtrar' is clicked on

2022-02-23 11:35:47 - [MESSAGE][PASSED] - Object: 'Object Repository/Modulo Pruebas Bienestar/Inscripción masiva/a_Filtrar' is clicked on

2022-02-23 11:35:47 - [TEST_STEP][PASSED] - selectOptionByIndex(findTestObject("Modulo Pruebas Bienestar/Inscripción masiva/select_-- Seleccione --prueba-S-SH"), 1): All options with index in [1] are selected on object 'Object Repository/Modulo Pruebas Bienestar/Inscripción masiva/select_-- Seleccione --prueba-S-SH'

2022-02-23 11:35:49 - [MESSAGE][PASSED] - All options with index in [1] are selected on object 'Object Repository/Modulo Pruebas Bienestar/Inscripción masiva/select_-- Seleccione --prueba-S-SH'

2022-02-23 11:35:49 - [TEST_STEP][PASSED] - click(findTestObject("Modulo Pruebas Bienestar/Inscripción masiva/span_Momento Evento_ui-button-icon-left ui-icon ui-c ui-icon-triangle-1-s")): Object: 'Object Repository/Modulo Pruebas Bienestar/Inscripción masiva/span_Momento Evento_ui-button-icon-left ui-icon ui-c ui-icon-triangle-1-s' is clicked on

2022-02-23 11:35:50 - [MESSAGE][PASSED] - Object: 'Object Repository/Modulo Pruebas Bienestar/Inscripción masiva/span_Momento Evento_ui-button-icon-left ui-icon ui-c ui-icon-triangle-1-s' is clicked on

2022-02-23 11:35:50 - [TEST_STEP][PASSED] - click(findTestObject("Modulo Pruebas Bienestar/Inscripción masiva/span_Pagina Actual")): Object: 'Object Repository/Modulo Pruebas Bienestar/Inscripción masiva/span_Pagina Actual' is clicked on

2022-02-23 11:35:50 - [MESSAGE][PASSED] - Object: 'Object Repository/Modulo Pruebas Bienestar/Inscripción masiva/span_Pagina Actual' is clicked on

2022-02-23 11:35:50 - [TEST_STEP][PASSED] - click(findTestObject("Modulo Pruebas Bienestar/Inscripción masiva/a_Inscribirse")): Object: 'Object Repository/Modulo Pruebas Bienestar/Inscripción masiva/a_Inscribirse' is clicked on

2022-02-23 11:35:51 - [MESSAGE][PASSED] - Object: 'Object Repository/Modulo Pruebas Bienestar/Inscripción masiva/a_Inscribirse' is clicked on

2022-02-23 11:35:51 - [TEST_STEP][PASSED] - closeBrowser(): Browser is closed

2022-02-23 11:35:51 - [MESSAGE][PASSED] - Browser is closed]]></system-out>
         <system-err><![CDATA[]]></system-err>
      </testcase>
      <testcase name="Test Cases/3.1-Pruebas_Bienestar/3.2.4-Inscripción_Individual_como_funcional" time="21.808" classname="Test Cases/3.1-Pruebas_Bienestar/3.2.4-Inscripción_Individual_como_funcional" status="PASSED">
         <system-out><![CDATA[2022-02-23 11:35:52 - [TEST_CASE][PASSED] - Test Cases/3.1-Pruebas_Bienestar/3.2.4-Inscripción_Individual_como_funcional: Test Cases/3.1-Pruebas_Bienestar/3.2.4-Inscripción_Individual_como_funcional

2022-02-23 11:35:52 - [TEST_STEP][PASSED] - callTestCase(findTestCase("Utilidades-(atajos_para _tareas)/Modulos/Modulo bienestar-eventos"), [:], STOP_ON_FAILURE): Call Test Case 'Test Cases/Utilidades-(atajos_para _tareas)/Modulos/Modulo bienestar-eventos' successfully

2022-02-23 11:35:52 - [TEST_CASE][PASSED] - Test Cases/Utilidades-(atajos_para _tareas)/Modulos/Modulo bienestar-eventos: Test Cases/Utilidades-(atajos_para _tareas)/Modulos/Modulo bienestar-eventos

2022-02-23 11:35:52 - [TEST_STEP][PASSED] - callTestCase(findTestCase("0.1-Login"), [:], STOP_ON_FAILURE): Call Test Case 'Test Cases/0.1-Login' successfully

2022-02-23 11:35:52 - [TEST_CASE][PASSED] - Test Cases/0.1-Login: Test Cases/0.1-Login

2022-02-23 11:35:52 - [TEST_STEP][PASSED] - openBrowser(""): Browser is opened with url: ''

2022-02-23 11:35:52 - [MESSAGE][INFO] - Starting 'Chrome' driver

2022-02-23 11:35:52 - [MESSAGE][INFO] - Action delay is set to 0 milliseconds

2022-02-23 11:35:53 - [MESSAGE][PASSED] - Browser is opened with url: ''

2022-02-23 11:35:53 - [TEST_STEP][PASSED] - maximizeWindow(): Current window maximized

2022-02-23 11:35:54 - [MESSAGE][PASSED] - Current window maximized

2022-02-23 11:35:54 - [TEST_STEP][PASSED] - i = G_Login: null

2022-02-23 11:35:54 - [TEST_STEP][PASSED] - url = new java.net.URL(i): null

2022-02-23 11:35:54 - [TEST_STEP][PASSED] - println("URL: " + url.toString()): null

2022-02-23 11:35:54 - [TEST_STEP][PASSED] - connection = url.openConnection(): null

2022-02-23 11:35:54 - [TEST_STEP][PASSED] - connection.setRequestMethod("GET"): null

2022-02-23 11:35:54 - [TEST_STEP][PASSED] - connection.setReadTimeout(2 * 1000): null

2022-02-23 11:35:54 - [TEST_STEP][PASSED] - try: null

2022-02-23 11:35:54 - [TEST_STEP][PASSED] - connection.connect(): null

2022-02-23 11:35:54 - [TEST_STEP][PASSED] - flag = connected: null

2022-02-23 11:35:54 - [TEST_STEP][PASSED] - println("Valor_ori: " + flag): null

2022-02-23 11:35:54 - [TEST_STEP][PASSED] - if (flag): null

2022-02-23 11:35:54 - [TEST_STEP][PASSED] - navigateToUrl(i): Navigate to 'http://192.168.2.80:8380/saraweb' successfully

2022-02-23 11:35:54 - [MESSAGE][PASSED] - Navigate to 'http://192.168.2.80:8380/saraweb' successfully

2022-02-23 11:35:54 - [TEST_STEP][PASSED] - a(): null

2022-02-23 11:35:54 - [TEST_STEP][PASSED] - setText(findTestObject("Login/input_USUARIO_loginusuario"), G_Usuario): Text 'saraadmin' is set on object 'Object Repository/Login/input_USUARIO_loginusuario'

2022-02-23 11:35:55 - [MESSAGE][PASSED] - Text 'saraadmin' is set on object 'Object Repository/Login/input_USUARIO_loginusuario'

2022-02-23 11:35:55 - [TEST_STEP][PASSED] - setEncryptedText(findTestObject("Login/input_CLAVE_loginpassword"), "MkG4/TYiCFC3cb2driP7+Q=="): Text ****** has been set on object 'Object Repository/Login/input_CLAVE_loginpassword'

2022-02-23 11:35:55 - [MESSAGE][PASSED] - Text ****** has been set on object 'Object Repository/Login/input_CLAVE_loginpassword'

2022-02-23 11:35:55 - [TEST_STEP][PASSED] - waitForElementClickable(findTestObject("Login/a_Ingresar"), G_TimeOut): Object 'Object Repository/Login/a_Ingresar' is clickable

2022-02-23 11:35:56 - [MESSAGE][PASSED] - Object 'Object Repository/Login/a_Ingresar' is clickable

2022-02-23 11:35:56 - [TEST_STEP][PASSED] - click(findTestObject("Login/a_Ingresar")): Object: 'Object Repository/Login/a_Ingresar' is clicked on

2022-02-23 11:35:56 - [MESSAGE][PASSED] - Object: 'Object Repository/Login/a_Ingresar' is clicked on

2022-02-23 11:35:56 - [TEST_STEP][PASSED] - element = findWebElement(findTestObject("Login/a_Ir"), 30): null

2022-02-23 11:35:57 - [TEST_STEP][PASSED] - executeJavaScript("arguments[0].click()", Arrays.asList(element)): Execute JavaScript 'arguments[0].click()' successfully

2022-02-23 11:35:57 - [MESSAGE][PASSED] - Execute JavaScript 'arguments[0].click()' successfully

2022-02-23 11:35:57 - [MESSAGE][PASSED] - Call Test Case 'Test Cases/0.1-Login' successfully

2022-02-23 11:35:57 - [TEST_STEP][PASSED] - waitForElementClickable(findTestObject("Modulo bienestar-eventos/input_ADMINISTRADOR DEL SISTEMA"), 0): Object 'Object Repository/Modulo bienestar-eventos/input_ADMINISTRADOR DEL SISTEMA' is clickable

2022-02-23 11:35:57 - [MESSAGE][WARNING] - Timeout '0' is invalid. Using default page load timeout: '30'

2022-02-23 11:35:58 - [MESSAGE][PASSED] - Object 'Object Repository/Modulo bienestar-eventos/input_ADMINISTRADOR DEL SISTEMA' is clickable

2022-02-23 11:35:58 - [TEST_STEP][PASSED] - setText(findTestObject("Modulo bienestar-eventos/input_ADMINISTRADOR DEL SISTEMA"), "eventos (bie)"): Text 'eventos (bie)' is set on object 'Object Repository/Modulo bienestar-eventos/input_ADMINISTRADOR DEL SISTEMA'

2022-02-23 11:35:58 - [MESSAGE][PASSED] - Text 'eventos (bie)' is set on object 'Object Repository/Modulo bienestar-eventos/input_ADMINISTRADOR DEL SISTEMA'

2022-02-23 11:35:58 - [TEST_STEP][PASSED] - click(findTestObject("Modulo bienestar-eventos/span_Eventos (bie)")): Object: 'Object Repository/Modulo bienestar-eventos/span_Eventos (bie)' is clicked on

2022-02-23 11:36:00 - [MESSAGE][PASSED] - Object: 'Object Repository/Modulo bienestar-eventos/span_Eventos (bie)' is clicked on

2022-02-23 11:36:00 - [MESSAGE][PASSED] - Call Test Case 'Test Cases/Utilidades-(atajos_para _tareas)/Modulos/Modulo bienestar-eventos' successfully

2022-02-23 11:36:00 - [TEST_STEP][PASSED] - click(findTestObject("Modulo Pruebas Bienestar/Inscripción_Individual_como_funcional/td_Prueba-S-SH")): Object: 'Object Repository/Modulo Pruebas Bienestar/Inscripción_Individual_como_funcional/td_Prueba-S-SH' is clicked on

2022-02-23 11:36:03 - [MESSAGE][PASSED] - Object: 'Object Repository/Modulo Pruebas Bienestar/Inscripción_Individual_como_funcional/td_Prueba-S-SH' is clicked on

2022-02-23 11:36:03 - [TEST_STEP][PASSED] - click(findTestObject("Modulo Pruebas Bienestar/Inscripción_Individual_como_funcional/div_Participante")): Object: 'Object Repository/Modulo Pruebas Bienestar/Inscripción_Individual_como_funcional/div_Participante' is clicked on

2022-02-23 11:36:05 - [MESSAGE][PASSED] - Object: 'Object Repository/Modulo Pruebas Bienestar/Inscripción_Individual_como_funcional/div_Participante' is clicked on

2022-02-23 11:36:05 - [TEST_STEP][PASSED] - click(findTestObject("Modulo Pruebas Bienestar/Inscripción_Individual_como_funcional/a_Individual")): Object: 'Object Repository/Modulo Pruebas Bienestar/Inscripción_Individual_como_funcional/a_Individual' is clicked on

2022-02-23 11:36:05 - [MESSAGE][PASSED] - Object: 'Object Repository/Modulo Pruebas Bienestar/Inscripción_Individual_como_funcional/a_Individual' is clicked on

2022-02-23 11:36:05 - [TEST_STEP][PASSED] - if (waitForElementVisible(findTestObject("Modulo Pruebas Bienestar/Inscripción_Individual_como_funcional/td_354968431354"), 1)): Web element with id: 'Object Repository/Modulo Pruebas Bienestar/Inscripción_Individual_como_funcional/td_354968431354' located by '//*/text()[normalize-space(.)='354968431354']/parent::*' not found

2022-02-23 11:36:07 - [MESSAGE][INFO] - Unable to find the element located by 'By.xpath: //*/text()[normalize-space(.)='354968431354']/parent::*'. Please recheck the objects properties to make sure the desired element is located. 

2022-02-23 11:36:07 - [MESSAGE][WARNING] - Web element with id: 'Object Repository/Modulo Pruebas Bienestar/Inscripción_Individual_como_funcional/td_354968431354' located by '//*/text()[normalize-space(.)='354968431354']/parent::*' not found

2022-02-23 11:36:07 - [TEST_STEP][PASSED] - click(findTestObject("Modulo Pruebas Bienestar/Inscripción_Individual_como_funcional/a_Nuevo")): Object: 'Object Repository/Modulo Pruebas Bienestar/Inscripción_Individual_como_funcional/a_Nuevo' is clicked on

2022-02-23 11:36:08 - [MESSAGE][PASSED] - Object: 'Object Repository/Modulo Pruebas Bienestar/Inscripción_Individual_como_funcional/a_Nuevo' is clicked on

2022-02-23 11:36:08 - [TEST_STEP][PASSED] - click(findTestObject("Modulo Pruebas Bienestar/Inscripción_Individual_como_funcional/a_Nombre_grupoEventoj_idt431")): Object: 'Object Repository/Modulo Pruebas Bienestar/Inscripción_Individual_como_funcional/a_Nombre_grupoEventoj_idt431' is clicked on

2022-02-23 11:36:08 - [MESSAGE][PASSED] - Object: 'Object Repository/Modulo Pruebas Bienestar/Inscripción_Individual_como_funcional/a_Nombre_grupoEventoj_idt431' is clicked on

2022-02-23 11:36:08 - [TEST_STEP][PASSED] - setText(findTestObject("Modulo Pruebas Bienestar/Inscripción_Individual_como_funcional/input_Filtro Empleado_form_popupFiltroEmpleadofiltroEmpleado"), "constantino"): Text 'constantino' is set on object 'Object Repository/Modulo Pruebas Bienestar/Inscripción_Individual_como_funcional/input_Filtro Empleado_form_popupFiltroEmpleadofiltroEmpleado'

2022-02-23 11:36:10 - [MESSAGE][PASSED] - Text 'constantino' is set on object 'Object Repository/Modulo Pruebas Bienestar/Inscripción_Individual_como_funcional/input_Filtro Empleado_form_popupFiltroEmpleadofiltroEmpleado'

2022-02-23 11:36:10 - [TEST_STEP][PASSED] - sendKeys(findTestObject("Modulo Pruebas Bienestar/Inscripción_Individual_como_funcional/input_Filtro Empleado_form_popupFiltroEmpleadofiltroEmpleado"), Keys.chord(ENTER)): Keys 'ENTER + ' sent to object: 'Object Repository/Modulo Pruebas Bienestar/Inscripción_Individual_como_funcional/input_Filtro Empleado_form_popupFiltroEmpleadofiltroEmpleado'

2022-02-23 11:36:11 - [MESSAGE][PASSED] - Keys 'ENTER + ' sent to object: 'Object Repository/Modulo Pruebas Bienestar/Inscripción_Individual_como_funcional/input_Filtro Empleado_form_popupFiltroEmpleadofiltroEmpleado'

2022-02-23 11:36:11 - [TEST_STEP][PASSED] - click(findTestObject("Modulo Pruebas Bienestar/Inscripción_Individual_como_funcional/span_Constantino  Jhon")): Object: 'Object Repository/Modulo Pruebas Bienestar/Inscripción_Individual_como_funcional/span_Constantino  Jhon' is clicked on

2022-02-23 11:36:12 - [MESSAGE][PASSED] - Object: 'Object Repository/Modulo Pruebas Bienestar/Inscripción_Individual_como_funcional/span_Constantino  Jhon' is clicked on

2022-02-23 11:36:12 - [TEST_STEP][PASSED] - selectOptionByIndex(findTestObject("Modulo Pruebas Bienestar/Inscripción_Individual_como_funcional/select_-- Seleccione --prueba-S-SH"), 1): All options with index in [1] are selected on object 'Object Repository/Modulo Pruebas Bienestar/Inscripción_Individual_como_funcional/select_-- Seleccione --prueba-S-SH'

2022-02-23 11:36:13 - [MESSAGE][PASSED] - All options with index in [1] are selected on object 'Object Repository/Modulo Pruebas Bienestar/Inscripción_Individual_como_funcional/select_-- Seleccione --prueba-S-SH'

2022-02-23 11:36:13 - [TEST_STEP][PASSED] - click(findTestObject("Modulo Pruebas Bienestar/Inscripción_Individual_como_funcional/a_Guardar")): Object: 'Object Repository/Modulo Pruebas Bienestar/Inscripción_Individual_como_funcional/a_Guardar' is clicked on

2022-02-23 11:36:13 - [MESSAGE][PASSED] - Object: 'Object Repository/Modulo Pruebas Bienestar/Inscripción_Individual_como_funcional/a_Guardar' is clicked on]]></system-out>
         <system-err><![CDATA[]]></system-err>
      </testcase>
      <testcase name="Test Cases/3.1-Pruebas_Bienestar/3.2.6-Sancionados" time="27.995" classname="Test Cases/3.1-Pruebas_Bienestar/3.2.6-Sancionados" status="PASSED">
         <system-out><![CDATA[2022-02-23 11:36:13 - [TEST_CASE][PASSED] - Test Cases/3.1-Pruebas_Bienestar/3.2.6-Sancionados: Test Cases/3.1-Pruebas_Bienestar/3.2.6-Sancionados

2022-02-23 11:36:14 - [TEST_STEP][PASSED] - callTestCase(findTestCase("Utilidades-(atajos_para _tareas)/Modulos/Modulo bienestar-eventos"), [:], STOP_ON_FAILURE): Call Test Case 'Test Cases/Utilidades-(atajos_para _tareas)/Modulos/Modulo bienestar-eventos' successfully

2022-02-23 11:36:14 - [TEST_CASE][PASSED] - Test Cases/Utilidades-(atajos_para _tareas)/Modulos/Modulo bienestar-eventos: Test Cases/Utilidades-(atajos_para _tareas)/Modulos/Modulo bienestar-eventos

2022-02-23 11:36:14 - [TEST_STEP][PASSED] - callTestCase(findTestCase("0.1-Login"), [:], STOP_ON_FAILURE): Call Test Case 'Test Cases/0.1-Login' successfully

2022-02-23 11:36:14 - [TEST_CASE][PASSED] - Test Cases/0.1-Login: Test Cases/0.1-Login

2022-02-23 11:36:14 - [TEST_STEP][PASSED] - openBrowser(""): Browser is opened with url: ''

2022-02-23 11:36:14 - [MESSAGE][WARNING] - A browser is already opened. Closing browser and opening a new one

2022-02-23 11:36:15 - [MESSAGE][INFO] - Starting 'Chrome' driver

2022-02-23 11:36:15 - [MESSAGE][INFO] - Action delay is set to 0 milliseconds

2022-02-23 11:36:16 - [MESSAGE][PASSED] - Browser is opened with url: ''

2022-02-23 11:36:16 - [TEST_STEP][PASSED] - maximizeWindow(): Current window maximized

2022-02-23 11:36:16 - [MESSAGE][PASSED] - Current window maximized

2022-02-23 11:36:16 - [TEST_STEP][PASSED] - i = G_Login: null

2022-02-23 11:36:16 - [TEST_STEP][PASSED] - url = new java.net.URL(i): null

2022-02-23 11:36:16 - [TEST_STEP][PASSED] - println("URL: " + url.toString()): null

2022-02-23 11:36:16 - [TEST_STEP][PASSED] - connection = url.openConnection(): null

2022-02-23 11:36:16 - [TEST_STEP][PASSED] - connection.setRequestMethod("GET"): null

2022-02-23 11:36:16 - [TEST_STEP][PASSED] - connection.setReadTimeout(2 * 1000): null

2022-02-23 11:36:16 - [TEST_STEP][PASSED] - try: null

2022-02-23 11:36:16 - [TEST_STEP][PASSED] - connection.connect(): null

2022-02-23 11:36:16 - [TEST_STEP][PASSED] - flag = connected: null

2022-02-23 11:36:16 - [TEST_STEP][PASSED] - println("Valor_ori: " + flag): null

2022-02-23 11:36:16 - [TEST_STEP][PASSED] - if (flag): null

2022-02-23 11:36:16 - [TEST_STEP][PASSED] - navigateToUrl(i): Navigate to 'http://192.168.2.80:8380/saraweb' successfully

2022-02-23 11:36:16 - [MESSAGE][PASSED] - Navigate to 'http://192.168.2.80:8380/saraweb' successfully

2022-02-23 11:36:16 - [TEST_STEP][PASSED] - a(): null

2022-02-23 11:36:16 - [TEST_STEP][PASSED] - setText(findTestObject("Login/input_USUARIO_loginusuario"), G_Usuario): Text 'saraadmin' is set on object 'Object Repository/Login/input_USUARIO_loginusuario'

2022-02-23 11:36:17 - [MESSAGE][PASSED] - Text 'saraadmin' is set on object 'Object Repository/Login/input_USUARIO_loginusuario'

2022-02-23 11:36:17 - [TEST_STEP][PASSED] - setEncryptedText(findTestObject("Login/input_CLAVE_loginpassword"), "MkG4/TYiCFC3cb2driP7+Q=="): Text ****** has been set on object 'Object Repository/Login/input_CLAVE_loginpassword'

2022-02-23 11:36:18 - [MESSAGE][PASSED] - Text ****** has been set on object 'Object Repository/Login/input_CLAVE_loginpassword'

2022-02-23 11:36:18 - [TEST_STEP][PASSED] - waitForElementClickable(findTestObject("Login/a_Ingresar"), G_TimeOut): Object 'Object Repository/Login/a_Ingresar' is clickable

2022-02-23 11:36:18 - [MESSAGE][PASSED] - Object 'Object Repository/Login/a_Ingresar' is clickable

2022-02-23 11:36:18 - [TEST_STEP][PASSED] - click(findTestObject("Login/a_Ingresar")): Object: 'Object Repository/Login/a_Ingresar' is clicked on

2022-02-23 11:36:19 - [MESSAGE][PASSED] - Object: 'Object Repository/Login/a_Ingresar' is clicked on

2022-02-23 11:36:19 - [TEST_STEP][PASSED] - element = findWebElement(findTestObject("Login/a_Ir"), 30): null

2022-02-23 11:36:19 - [TEST_STEP][PASSED] - executeJavaScript("arguments[0].click()", Arrays.asList(element)): Execute JavaScript 'arguments[0].click()' successfully

2022-02-23 11:36:19 - [MESSAGE][PASSED] - Execute JavaScript 'arguments[0].click()' successfully

2022-02-23 11:36:19 - [MESSAGE][PASSED] - Call Test Case 'Test Cases/0.1-Login' successfully

2022-02-23 11:36:19 - [TEST_STEP][PASSED] - waitForElementClickable(findTestObject("Modulo bienestar-eventos/input_ADMINISTRADOR DEL SISTEMA"), 0): Object 'Object Repository/Modulo bienestar-eventos/input_ADMINISTRADOR DEL SISTEMA' is clickable

2022-02-23 11:36:19 - [MESSAGE][WARNING] - Timeout '0' is invalid. Using default page load timeout: '30'

2022-02-23 11:36:20 - [MESSAGE][PASSED] - Object 'Object Repository/Modulo bienestar-eventos/input_ADMINISTRADOR DEL SISTEMA' is clickable

2022-02-23 11:36:20 - [TEST_STEP][PASSED] - setText(findTestObject("Modulo bienestar-eventos/input_ADMINISTRADOR DEL SISTEMA"), "eventos (bie)"): Text 'eventos (bie)' is set on object 'Object Repository/Modulo bienestar-eventos/input_ADMINISTRADOR DEL SISTEMA'

2022-02-23 11:36:21 - [MESSAGE][PASSED] - Text 'eventos (bie)' is set on object 'Object Repository/Modulo bienestar-eventos/input_ADMINISTRADOR DEL SISTEMA'

2022-02-23 11:36:21 - [TEST_STEP][PASSED] - click(findTestObject("Modulo bienestar-eventos/span_Eventos (bie)")): Object: 'Object Repository/Modulo bienestar-eventos/span_Eventos (bie)' is clicked on

2022-02-23 11:36:22 - [MESSAGE][PASSED] - Object: 'Object Repository/Modulo bienestar-eventos/span_Eventos (bie)' is clicked on

2022-02-23 11:36:22 - [MESSAGE][PASSED] - Call Test Case 'Test Cases/Utilidades-(atajos_para _tareas)/Modulos/Modulo bienestar-eventos' successfully

2022-02-23 11:36:22 - [TEST_STEP][PASSED] - click(findTestObject("Modulo Pruebas Bienestar/Sancionados/td_Prueba-S-SH")): Object: 'Object Repository/Modulo Pruebas Bienestar/Sancionados/td_Prueba-S-SH' is clicked on

2022-02-23 11:36:25 - [MESSAGE][PASSED] - Object: 'Object Repository/Modulo Pruebas Bienestar/Sancionados/td_Prueba-S-SH' is clicked on

2022-02-23 11:36:25 - [TEST_STEP][PASSED] - click(findTestObject("Modulo Pruebas Bienestar/Sancionados/div_Participante")): Object: 'Object Repository/Modulo Pruebas Bienestar/Sancionados/div_Participante' is clicked on

2022-02-23 11:36:27 - [MESSAGE][PASSED] - Object: 'Object Repository/Modulo Pruebas Bienestar/Sancionados/div_Participante' is clicked on

2022-02-23 11:36:27 - [TEST_STEP][PASSED] - click(findTestObject("Modulo Pruebas Bienestar/Sancionados/a_Individual")): Object: 'Object Repository/Modulo Pruebas Bienestar/Sancionados/a_Individual' is clicked on

2022-02-23 11:36:27 - [MESSAGE][PASSED] - Object: 'Object Repository/Modulo Pruebas Bienestar/Sancionados/a_Individual' is clicked on

2022-02-23 11:36:27 - [TEST_STEP][PASSED] - if (waitForElementVisible(findTestObject("Modulo Pruebas Bienestar/Sancionados/td_Diaz Blanco Guisell"), 1)): Web element with id: 'Object Repository/Modulo Pruebas Bienestar/Sancionados/td_Diaz Blanco Guisell' located by '//*/text()[normalize-space(.)='Diaz Blanco Guisell']/parent::*' not found

2022-02-23 11:36:29 - [MESSAGE][INFO] - Unable to find the element located by 'By.xpath: //*/text()[normalize-space(.)='Diaz Blanco Guisell']/parent::*'. Please recheck the objects properties to make sure the desired element is located. 

2022-02-23 11:36:29 - [MESSAGE][WARNING] - Web element with id: 'Object Repository/Modulo Pruebas Bienestar/Sancionados/td_Diaz Blanco Guisell' located by '//*/text()[normalize-space(.)='Diaz Blanco Guisell']/parent::*' not found

2022-02-23 11:36:29 - [TEST_STEP][PASSED] - else: Object: 'Object Repository/Modulo Pruebas Bienestar/Sancionados/a_Guardar' is clicked on

2022-02-23 11:36:29 - [TEST_STEP][PASSED] - click(findTestObject("Modulo Pruebas Bienestar/Sancionados/a_Nuevo")): Object: 'Object Repository/Modulo Pruebas Bienestar/Sancionados/a_Nuevo' is clicked on

2022-02-23 11:36:30 - [MESSAGE][PASSED] - Object: 'Object Repository/Modulo Pruebas Bienestar/Sancionados/a_Nuevo' is clicked on

2022-02-23 11:36:30 - [TEST_STEP][PASSED] - click(findTestObject("Modulo Pruebas Bienestar/Sancionados/a_Nombre_grupoEventoj_idt427")): Object: 'Object Repository/Modulo Pruebas Bienestar/Sancionados/a_Nombre_grupoEventoj_idt427' is clicked on

2022-02-23 11:36:31 - [MESSAGE][PASSED] - Object: 'Object Repository/Modulo Pruebas Bienestar/Sancionados/a_Nombre_grupoEventoj_idt427' is clicked on

2022-02-23 11:36:31 - [TEST_STEP][PASSED] - setText(findTestObject("Modulo Pruebas Bienestar/Sancionados/input_Filtro Empleado_form_popupFiltroEmpleadofiltroEmpleado"), "guisell"): Text 'guisell' is set on object 'Object Repository/Modulo Pruebas Bienestar/Sancionados/input_Filtro Empleado_form_popupFiltroEmpleadofiltroEmpleado'

2022-02-23 11:36:32 - [MESSAGE][PASSED] - Text 'guisell' is set on object 'Object Repository/Modulo Pruebas Bienestar/Sancionados/input_Filtro Empleado_form_popupFiltroEmpleadofiltroEmpleado'

2022-02-23 11:36:32 - [TEST_STEP][PASSED] - sendKeys(findTestObject("Modulo Pruebas Bienestar/Sancionados/input_Filtro Empleado_form_popupFiltroEmpleadofiltroEmpleado"), Keys.chord(ENTER)): Keys 'ENTER + ' sent to object: 'Object Repository/Modulo Pruebas Bienestar/Sancionados/input_Filtro Empleado_form_popupFiltroEmpleadofiltroEmpleado'

2022-02-23 11:36:33 - [MESSAGE][PASSED] - Keys 'ENTER + ' sent to object: 'Object Repository/Modulo Pruebas Bienestar/Sancionados/input_Filtro Empleado_form_popupFiltroEmpleadofiltroEmpleado'

2022-02-23 11:36:33 - [TEST_STEP][PASSED] - click(findTestObject("Modulo Pruebas Bienestar/Sancionados/span_Diaz Blanco Guisell")): Object: 'Object Repository/Modulo Pruebas Bienestar/Sancionados/span_Diaz Blanco Guisell' is clicked on

2022-02-23 11:36:33 - [MESSAGE][PASSED] - Object: 'Object Repository/Modulo Pruebas Bienestar/Sancionados/span_Diaz Blanco Guisell' is clicked on

2022-02-23 11:36:33 - [TEST_STEP][PASSED] - selectOptionByIndex(findTestObject("Modulo Pruebas Bienestar/Sancionados/select_-- Seleccione --prueba-S-SH"), 1): All options with index in [1] are selected on object 'Object Repository/Modulo Pruebas Bienestar/Sancionados/select_-- Seleccione --prueba-S-SH'

2022-02-23 11:36:35 - [MESSAGE][PASSED] - All options with index in [1] are selected on object 'Object Repository/Modulo Pruebas Bienestar/Sancionados/select_-- Seleccione --prueba-S-SH'

2022-02-23 11:36:35 - [TEST_STEP][PASSED] - click(findTestObject("Modulo Pruebas Bienestar/Sancionados/a_Guardar")): Object: 'Object Repository/Modulo Pruebas Bienestar/Sancionados/a_Guardar' is clicked on

2022-02-23 11:36:35 - [MESSAGE][PASSED] - Object: 'Object Repository/Modulo Pruebas Bienestar/Sancionados/a_Guardar' is clicked on

2022-02-23 11:36:35 - [TEST_STEP][PASSED] - click(findTestObject("Modulo Pruebas Bienestar/Sancionados/a_Sancionados")): Object: 'Object Repository/Modulo Pruebas Bienestar/Sancionados/a_Sancionados' is clicked on

2022-02-23 11:36:36 - [MESSAGE][PASSED] - Object: 'Object Repository/Modulo Pruebas Bienestar/Sancionados/a_Sancionados' is clicked on

2022-02-23 11:36:36 - [TEST_STEP][PASSED] - if (waitForElementVisible(findTestObject("Modulo Pruebas Bienestar/Sancionados/a_PRUEBAS K_form_sancionadoslistaSancionados0j_idt641"), 1)): Web element with id: 'Object Repository/Modulo Pruebas Bienestar/Sancionados/a_PRUEBAS K_form_sancionadoslistaSancionados0j_idt641' located by '//a[@id='form_sancionados:listaSancionados:0:j_idt641']' not found

2022-02-23 11:36:38 - [MESSAGE][INFO] - Unable to find the element located by 'By.xpath: //a[@id='form_sancionados:listaSancionados:0:j_idt641']'. Please recheck the objects properties to make sure the desired element is located. 

2022-02-23 11:36:38 - [MESSAGE][WARNING] - Web element with id: 'Object Repository/Modulo Pruebas Bienestar/Sancionados/a_PRUEBAS K_form_sancionadoslistaSancionados0j_idt641' located by '//a[@id='form_sancionados:listaSancionados:0:j_idt641']' not found

2022-02-23 11:36:38 - [TEST_STEP][PASSED] - selectOptionByIndex(findTestObject("Modulo Pruebas Bienestar/Sancionados/select_-- Seleccione --1010220596 - A A A1057596487 - Diaz Blanco Guisell"), 2): All options with index in [2] are selected on object 'Object Repository/Modulo Pruebas Bienestar/Sancionados/select_-- Seleccione --1010220596 - A A A1057596487 - Diaz Blanco Guisell'

2022-02-23 11:36:39 - [MESSAGE][PASSED] - All options with index in [2] are selected on object 'Object Repository/Modulo Pruebas Bienestar/Sancionados/select_-- Seleccione --1010220596 - A A A1057596487 - Diaz Blanco Guisell'

2022-02-23 11:36:39 - [TEST_STEP][PASSED] - setText(findTestObject("Modulo Pruebas Bienestar/Sancionados/textarea_Observacin_form_sancionadoslistaSancionadosobservacion"), "PRUEBAS K"): Text 'PRUEBAS K' is set on object 'Object Repository/Modulo Pruebas Bienestar/Sancionados/textarea_Observacin_form_sancionadoslistaSancionadosobservacion'

2022-02-23 11:36:40 - [MESSAGE][PASSED] - Text 'PRUEBAS K' is set on object 'Object Repository/Modulo Pruebas Bienestar/Sancionados/textarea_Observacin_form_sancionadoslistaSancionadosobservacion'

2022-02-23 11:36:40 - [TEST_STEP][PASSED] - click(findTestObject("Modulo Pruebas Bienestar/Sancionados/a_Observacin_form_sancionadoslistaSancionadosj_idt643")): Object: 'Object Repository/Modulo Pruebas Bienestar/Sancionados/a_Observacin_form_sancionadoslistaSancionadosj_idt643' is clicked on

2022-02-23 11:36:41 - [MESSAGE][PASSED] - Object: 'Object Repository/Modulo Pruebas Bienestar/Sancionados/a_Observacin_form_sancionadoslistaSancionadosj_idt643' is clicked on

2022-02-23 11:36:41 - [TEST_STEP][PASSED] - closeBrowser(): Browser is closed

2022-02-23 11:36:41 - [MESSAGE][PASSED] - Browser is closed]]></system-out>
         <system-err><![CDATA[]]></system-err>
      </testcase>
      <testcase name="Test Cases/3.1-Pruebas_Bienestar/3.2.8-Programación_de_evaluación" time="39.064" classname="Test Cases/3.1-Pruebas_Bienestar/3.2.8-Programación_de_evaluación" status="PASSED">
         <system-out><![CDATA[2022-02-23 11:36:41 - [TEST_CASE][PASSED] - Test Cases/3.1-Pruebas_Bienestar/3.2.8-Programación_de_evaluación: Test Cases/3.1-Pruebas_Bienestar/3.2.8-Programación_de_evaluación

2022-02-23 11:36:42 - [TEST_STEP][PASSED] - callTestCase(findTestCase("Utilidades-(atajos_para _tareas)/Modulos/Modulo bienestar-eventos"), [:], STOP_ON_FAILURE): Call Test Case 'Test Cases/Utilidades-(atajos_para _tareas)/Modulos/Modulo bienestar-eventos' successfully

2022-02-23 11:36:42 - [TEST_CASE][PASSED] - Test Cases/Utilidades-(atajos_para _tareas)/Modulos/Modulo bienestar-eventos: Test Cases/Utilidades-(atajos_para _tareas)/Modulos/Modulo bienestar-eventos

2022-02-23 11:36:42 - [TEST_STEP][PASSED] - callTestCase(findTestCase("0.1-Login"), [:], STOP_ON_FAILURE): Call Test Case 'Test Cases/0.1-Login' successfully

2022-02-23 11:36:42 - [TEST_CASE][PASSED] - Test Cases/0.1-Login: Test Cases/0.1-Login

2022-02-23 11:36:42 - [TEST_STEP][PASSED] - openBrowser(""): Browser is opened with url: ''

2022-02-23 11:36:42 - [MESSAGE][INFO] - Starting 'Chrome' driver

2022-02-23 11:36:42 - [MESSAGE][INFO] - Action delay is set to 0 milliseconds

2022-02-23 11:36:43 - [MESSAGE][PASSED] - Browser is opened with url: ''

2022-02-23 11:36:43 - [TEST_STEP][PASSED] - maximizeWindow(): Current window maximized

2022-02-23 11:36:43 - [MESSAGE][PASSED] - Current window maximized

2022-02-23 11:36:43 - [TEST_STEP][PASSED] - i = G_Login: null

2022-02-23 11:36:43 - [TEST_STEP][PASSED] - url = new java.net.URL(i): null

2022-02-23 11:36:43 - [TEST_STEP][PASSED] - println("URL: " + url.toString()): null

2022-02-23 11:36:43 - [TEST_STEP][PASSED] - connection = url.openConnection(): null

2022-02-23 11:36:43 - [TEST_STEP][PASSED] - connection.setRequestMethod("GET"): null

2022-02-23 11:36:43 - [TEST_STEP][PASSED] - connection.setReadTimeout(2 * 1000): null

2022-02-23 11:36:43 - [TEST_STEP][PASSED] - try: null

2022-02-23 11:36:43 - [TEST_STEP][PASSED] - connection.connect(): null

2022-02-23 11:36:43 - [TEST_STEP][PASSED] - flag = connected: null

2022-02-23 11:36:43 - [TEST_STEP][PASSED] - println("Valor_ori: " + flag): null

2022-02-23 11:36:43 - [TEST_STEP][PASSED] - if (flag): null

2022-02-23 11:36:43 - [TEST_STEP][PASSED] - navigateToUrl(i): Navigate to 'http://192.168.2.80:8380/saraweb' successfully

2022-02-23 11:36:44 - [MESSAGE][PASSED] - Navigate to 'http://192.168.2.80:8380/saraweb' successfully

2022-02-23 11:36:44 - [TEST_STEP][PASSED] - a(): null

2022-02-23 11:36:44 - [TEST_STEP][PASSED] - setText(findTestObject("Login/input_USUARIO_loginusuario"), G_Usuario): Text 'saraadmin' is set on object 'Object Repository/Login/input_USUARIO_loginusuario'

2022-02-23 11:36:45 - [MESSAGE][PASSED] - Text 'saraadmin' is set on object 'Object Repository/Login/input_USUARIO_loginusuario'

2022-02-23 11:36:45 - [TEST_STEP][PASSED] - setEncryptedText(findTestObject("Login/input_CLAVE_loginpassword"), "MkG4/TYiCFC3cb2driP7+Q=="): Text ****** has been set on object 'Object Repository/Login/input_CLAVE_loginpassword'

2022-02-23 11:36:45 - [MESSAGE][PASSED] - Text ****** has been set on object 'Object Repository/Login/input_CLAVE_loginpassword'

2022-02-23 11:36:45 - [TEST_STEP][PASSED] - waitForElementClickable(findTestObject("Login/a_Ingresar"), G_TimeOut): Object 'Object Repository/Login/a_Ingresar' is clickable

2022-02-23 11:36:45 - [MESSAGE][PASSED] - Object 'Object Repository/Login/a_Ingresar' is clickable

2022-02-23 11:36:45 - [TEST_STEP][PASSED] - click(findTestObject("Login/a_Ingresar")): Object: 'Object Repository/Login/a_Ingresar' is clicked on

2022-02-23 11:36:47 - [MESSAGE][PASSED] - Object: 'Object Repository/Login/a_Ingresar' is clicked on

2022-02-23 11:36:47 - [TEST_STEP][PASSED] - element = findWebElement(findTestObject("Login/a_Ir"), 30): null

2022-02-23 11:36:48 - [TEST_STEP][PASSED] - executeJavaScript("arguments[0].click()", Arrays.asList(element)): Execute JavaScript 'arguments[0].click()' successfully

2022-02-23 11:36:48 - [MESSAGE][PASSED] - Execute JavaScript 'arguments[0].click()' successfully

2022-02-23 11:36:48 - [MESSAGE][PASSED] - Call Test Case 'Test Cases/0.1-Login' successfully

2022-02-23 11:36:48 - [TEST_STEP][PASSED] - waitForElementClickable(findTestObject("Modulo bienestar-eventos/input_ADMINISTRADOR DEL SISTEMA"), 0): Object 'Object Repository/Modulo bienestar-eventos/input_ADMINISTRADOR DEL SISTEMA' is clickable

2022-02-23 11:36:48 - [MESSAGE][WARNING] - Timeout '0' is invalid. Using default page load timeout: '30'

2022-02-23 11:36:49 - [MESSAGE][PASSED] - Object 'Object Repository/Modulo bienestar-eventos/input_ADMINISTRADOR DEL SISTEMA' is clickable

2022-02-23 11:36:49 - [TEST_STEP][PASSED] - setText(findTestObject("Modulo bienestar-eventos/input_ADMINISTRADOR DEL SISTEMA"), "eventos (bie)"): Text 'eventos (bie)' is set on object 'Object Repository/Modulo bienestar-eventos/input_ADMINISTRADOR DEL SISTEMA'

2022-02-23 11:36:49 - [MESSAGE][PASSED] - Text 'eventos (bie)' is set on object 'Object Repository/Modulo bienestar-eventos/input_ADMINISTRADOR DEL SISTEMA'

2022-02-23 11:36:49 - [TEST_STEP][PASSED] - click(findTestObject("Modulo bienestar-eventos/span_Eventos (bie)")): Object: 'Object Repository/Modulo bienestar-eventos/span_Eventos (bie)' is clicked on

2022-02-23 11:36:51 - [MESSAGE][PASSED] - Object: 'Object Repository/Modulo bienestar-eventos/span_Eventos (bie)' is clicked on

2022-02-23 11:36:51 - [MESSAGE][PASSED] - Call Test Case 'Test Cases/Utilidades-(atajos_para _tareas)/Modulos/Modulo bienestar-eventos' successfully

2022-02-23 11:36:51 - [TEST_STEP][PASSED] - click(findTestObject("Modulo Pruebas Bienestar/Programación_de_evaluación/td_Prueba-S")): Object: 'Object Repository/Modulo Pruebas Bienestar/Programación_de_evaluación/td_Prueba-S' is clicked on

2022-02-23 11:36:52 - [MESSAGE][PASSED] - Object: 'Object Repository/Modulo Pruebas Bienestar/Programación_de_evaluación/td_Prueba-S' is clicked on

2022-02-23 11:36:52 - [TEST_STEP][PASSED] - click(findTestObject("Modulo Pruebas Bienestar/Programación_de_evaluación/div_Participante")): Object: 'Object Repository/Modulo Pruebas Bienestar/Programación_de_evaluación/div_Participante' is clicked on

2022-02-23 11:36:54 - [MESSAGE][PASSED] - Object: 'Object Repository/Modulo Pruebas Bienestar/Programación_de_evaluación/div_Participante' is clicked on

2022-02-23 11:36:54 - [TEST_STEP][PASSED] - click(findTestObject("Modulo Pruebas Bienestar/Programación_de_evaluación/a_Grupo")): Object: 'Object Repository/Modulo Pruebas Bienestar/Programación_de_evaluación/a_Grupo' is clicked on

2022-02-23 11:36:54 - [MESSAGE][PASSED] - Object: 'Object Repository/Modulo Pruebas Bienestar/Programación_de_evaluación/a_Grupo' is clicked on

2022-02-23 11:36:54 - [TEST_STEP][PASSED] - if (waitForElementVisible(findTestObject("Modulo Pruebas Bienestar/Programación_de_evaluación/td_PRUEBAS K"), 1)): Web element with id: 'Object Repository/Modulo Pruebas Bienestar/Programación_de_evaluación/td_PRUEBAS K' located by '//*/text()[normalize-space(.)='PRUEBAS K']/parent::*' not found

2022-02-23 11:36:56 - [MESSAGE][INFO] - Unable to find the element located by 'By.xpath: //*/text()[normalize-space(.)='PRUEBAS K']/parent::*'. Please recheck the objects properties to make sure the desired element is located. 

2022-02-23 11:36:56 - [MESSAGE][WARNING] - Web element with id: 'Object Repository/Modulo Pruebas Bienestar/Programación_de_evaluación/td_PRUEBAS K' located by '//*/text()[normalize-space(.)='PRUEBAS K']/parent::*' not found

2022-02-23 11:36:56 - [TEST_STEP][PASSED] - else: Object: 'Object Repository/Modulo Pruebas Bienestar/Programación_de_evaluación/span_Inscrito_ui-icon ui-icon-closethick' is clicked on

2022-02-23 11:36:56 - [TEST_STEP][PASSED] - click(findTestObject("Modulo Pruebas Bienestar/Programación_de_evaluación/a_Nuevo")): Object: 'Object Repository/Modulo Pruebas Bienestar/Programación_de_evaluación/a_Nuevo' is clicked on

2022-02-23 11:36:56 - [MESSAGE][PASSED] - Object: 'Object Repository/Modulo Pruebas Bienestar/Programación_de_evaluación/a_Nuevo' is clicked on

2022-02-23 11:36:56 - [TEST_STEP][PASSED] - setText(findTestObject("Modulo Pruebas Bienestar/Programación_de_evaluación/input_Cdigo_grupoEventopanel_principal_2codigo"), "5"): Text '5' is set on object 'Object Repository/Modulo Pruebas Bienestar/Programación_de_evaluación/input_Cdigo_grupoEventopanel_principal_2codigo'

2022-02-23 11:36:58 - [MESSAGE][PASSED] - Text '5' is set on object 'Object Repository/Modulo Pruebas Bienestar/Programación_de_evaluación/input_Cdigo_grupoEventopanel_principal_2codigo'

2022-02-23 11:36:58 - [TEST_STEP][PASSED] - setText(findTestObject("Modulo Pruebas Bienestar/Programación_de_evaluación/input_Nombre_grupoEventopanel_principal_2pGNombre"), "PRUEBAS K"): Text 'PRUEBAS K' is set on object 'Object Repository/Modulo Pruebas Bienestar/Programación_de_evaluación/input_Nombre_grupoEventopanel_principal_2pGNombre'

2022-02-23 11:36:58 - [MESSAGE][PASSED] - Text 'PRUEBAS K' is set on object 'Object Repository/Modulo Pruebas Bienestar/Programación_de_evaluación/input_Nombre_grupoEventopanel_principal_2pGNombre'

2022-02-23 11:36:58 - [TEST_STEP][PASSED] - selectOptionByIndex(findTestObject("Modulo Pruebas Bienestar/Programación_de_evaluación/select_-- Seleccione --prueba"), 1): All options with index in [1] are selected on object 'Object Repository/Modulo Pruebas Bienestar/Programación_de_evaluación/select_-- Seleccione --prueba'

2022-02-23 11:36:59 - [MESSAGE][PASSED] - All options with index in [1] are selected on object 'Object Repository/Modulo Pruebas Bienestar/Programación_de_evaluación/select_-- Seleccione --prueba'

2022-02-23 11:36:59 - [TEST_STEP][PASSED] - selectOptionByIndex(findTestObject("Modulo Pruebas Bienestar/Programación_de_evaluación/select_-- Seleccione --AceptadoCanceladoFinalizadoInscritoNo AceptadoNo FinalizadoSolicitado"), 7): All options with index in [7] are selected on object 'Object Repository/Modulo Pruebas Bienestar/Programación_de_evaluación/select_-- Seleccione --AceptadoCanceladoFinalizadoInscritoNo AceptadoNo FinalizadoSolicitado'

2022-02-23 11:37:00 - [MESSAGE][PASSED] - All options with index in [7] are selected on object 'Object Repository/Modulo Pruebas Bienestar/Programación_de_evaluación/select_-- Seleccione --AceptadoCanceladoFinalizadoInscritoNo AceptadoNo FinalizadoSolicitado'

2022-02-23 11:37:00 - [TEST_STEP][PASSED] - selectOptionByIndex(findTestObject("Modulo Pruebas Bienestar/Programación_de_evaluación/select_CALIDADMENSUAL ABCMODELO EMPRESA QUINCENALPANSIONADOSPENSIONADOS BASEPRUEBAS"), 5): All options with index in [5] are selected on object 'Object Repository/Modulo Pruebas Bienestar/Programación_de_evaluación/select_CALIDADMENSUAL ABCMODELO EMPRESA QUINCENALPANSIONADOSPENSIONADOS BASEPRUEBAS'

2022-02-23 11:37:01 - [MESSAGE][PASSED] - All options with index in [5] are selected on object 'Object Repository/Modulo Pruebas Bienestar/Programación_de_evaluación/select_CALIDADMENSUAL ABCMODELO EMPRESA QUINCENALPANSIONADOSPENSIONADOS BASEPRUEBAS'

2022-02-23 11:37:01 - [TEST_STEP][PASSED] - element = findWebElement(findTestObject("Modulo Pruebas Bienestar/Programación_de_evaluación/a_Guardar"), 30): null

2022-02-23 11:37:03 - [TEST_STEP][PASSED] - executeJavaScript("arguments[0].click()", Arrays.asList(element)): Execute JavaScript 'arguments[0].click()' successfully

2022-02-23 11:37:03 - [MESSAGE][PASSED] - Execute JavaScript 'arguments[0].click()' successfully

2022-02-23 11:37:03 - [TEST_STEP][PASSED] - click(findTestObject("Modulo Pruebas Bienestar/Programación_de_evaluación/a_Integrantes")): Object: 'Object Repository/Modulo Pruebas Bienestar/Programación_de_evaluación/a_Integrantes' is clicked on

2022-02-23 11:37:04 - [MESSAGE][PASSED] - Object: 'Object Repository/Modulo Pruebas Bienestar/Programación_de_evaluación/a_Integrantes' is clicked on

2022-02-23 11:37:04 - [TEST_STEP][PASSED] - click(findTestObject("Modulo Pruebas Bienestar/Programación_de_evaluación/a_Costo_grupoEventopanel_principal_2pGListaIntegrantesj_idt376")): Object: 'Object Repository/Modulo Pruebas Bienestar/Programación_de_evaluación/a_Costo_grupoEventopanel_principal_2pGListaIntegrantesj_idt376' is clicked on

2022-02-23 11:37:04 - [MESSAGE][PASSED] - Object: 'Object Repository/Modulo Pruebas Bienestar/Programación_de_evaluación/a_Costo_grupoEventopanel_principal_2pGListaIntegrantesj_idt376' is clicked on

2022-02-23 11:37:04 - [TEST_STEP][PASSED] - setText(findTestObject("Modulo Pruebas Bienestar/Programación_de_evaluación/input_Filtro Hoja de Vida_formPopupHojaVidaj_idt2407"), "A A A"): Text 'A A A' is set on object 'Object Repository/Modulo Pruebas Bienestar/Programación_de_evaluación/input_Filtro Hoja de Vida_formPopupHojaVidaj_idt2407'

2022-02-23 11:37:05 - [MESSAGE][PASSED] - Text 'A A A' is set on object 'Object Repository/Modulo Pruebas Bienestar/Programación_de_evaluación/input_Filtro Hoja de Vida_formPopupHojaVidaj_idt2407'

2022-02-23 11:37:05 - [TEST_STEP][PASSED] - sendKeys(findTestObject("Modulo Pruebas Bienestar/Programación_de_evaluación/input_Filtro Hoja de Vida_formPopupHojaVidaj_idt2407"), Keys.chord(ENTER)): Keys 'ENTER + ' sent to object: 'Object Repository/Modulo Pruebas Bienestar/Programación_de_evaluación/input_Filtro Hoja de Vida_formPopupHojaVidaj_idt2407'

2022-02-23 11:37:06 - [MESSAGE][PASSED] - Keys 'ENTER + ' sent to object: 'Object Repository/Modulo Pruebas Bienestar/Programación_de_evaluación/input_Filtro Hoja de Vida_formPopupHojaVidaj_idt2407'

2022-02-23 11:37:06 - [TEST_STEP][PASSED] - click(findTestObject("Modulo Pruebas Bienestar/Programación_de_evaluación/span_A A A")): Object: 'Object Repository/Modulo Pruebas Bienestar/Programación_de_evaluación/span_A A A' is clicked on

2022-02-23 11:37:07 - [MESSAGE][PASSED] - Object: 'Object Repository/Modulo Pruebas Bienestar/Programación_de_evaluación/span_A A A' is clicked on

2022-02-23 11:37:07 - [TEST_STEP][PASSED] - click(findTestObject("Modulo Pruebas Bienestar/Programación_de_evaluación/a_Costo_grupoEventopanel_principal_2pGListaIntegrantesj_idt391")): Object: 'Object Repository/Modulo Pruebas Bienestar/Programación_de_evaluación/a_Costo_grupoEventopanel_principal_2pGListaIntegrantesj_idt391' is clicked on

2022-02-23 11:37:08 - [MESSAGE][PASSED] - Object: 'Object Repository/Modulo Pruebas Bienestar/Programación_de_evaluación/a_Costo_grupoEventopanel_principal_2pGListaIntegrantesj_idt391' is clicked on

2022-02-23 11:37:08 - [TEST_STEP][PASSED] - click(findTestObject("Modulo Pruebas Bienestar/Programación_de_evaluación/span_Inscrito_ui-icon ui-icon-closethick")): Object: 'Object Repository/Modulo Pruebas Bienestar/Programación_de_evaluación/span_Inscrito_ui-icon ui-icon-closethick' is clicked on

2022-02-23 11:37:09 - [MESSAGE][PASSED] - Object: 'Object Repository/Modulo Pruebas Bienestar/Programación_de_evaluación/span_Inscrito_ui-icon ui-icon-closethick' is clicked on

2022-02-23 11:37:09 - [TEST_STEP][PASSED] - click(findTestObject("Modulo Pruebas Bienestar/Programación_de_evaluación/div_Evaluacin")): Object: 'Object Repository/Modulo Pruebas Bienestar/Programación_de_evaluación/div_Evaluacin' is clicked on

2022-02-23 11:37:10 - [MESSAGE][PASSED] - Object: 'Object Repository/Modulo Pruebas Bienestar/Programación_de_evaluación/div_Evaluacin' is clicked on

2022-02-23 11:37:10 - [TEST_STEP][PASSED] - click(findTestObject("Modulo Pruebas Bienestar/Programación_de_evaluación/a_Evento")): Object: 'Object Repository/Modulo Pruebas Bienestar/Programación_de_evaluación/a_Evento' is clicked on

2022-02-23 11:37:10 - [MESSAGE][PASSED] - Object: 'Object Repository/Modulo Pruebas Bienestar/Programación_de_evaluación/a_Evento' is clicked on

2022-02-23 11:37:10 - [TEST_STEP][PASSED] - if (waitForElementVisible(findTestObject("Modulo Pruebas Bienestar/Programación_de_evaluación/a_No Diligenciada_formEventoEvaluacionpanel_eventotablaEvaluacion0j_idt881"), 1)): Web element with id: 'Object Repository/Modulo Pruebas Bienestar/Programación_de_evaluación/a_No Diligenciada_formEventoEvaluacionpanel_eventotablaEvaluacion0j_idt881' located by '//td[10]/a' not found

2022-02-23 11:37:12 - [MESSAGE][INFO] - Unable to find the element located by 'By.xpath: //td[10]/a'. Please recheck the objects properties to make sure the desired element is located. 

2022-02-23 11:37:12 - [MESSAGE][WARNING] - Web element with id: 'Object Repository/Modulo Pruebas Bienestar/Programación_de_evaluación/a_No Diligenciada_formEventoEvaluacionpanel_eventotablaEvaluacion0j_idt881' located by '//td[10]/a' not found

2022-02-23 11:37:12 - [TEST_STEP][PASSED] - click(findTestObject("Modulo Pruebas Bienestar/Programación_de_evaluación/a_Programar")): Object: 'Object Repository/Modulo Pruebas Bienestar/Programación_de_evaluación/a_Programar' is clicked on

2022-02-23 11:37:13 - [MESSAGE][PASSED] - Object: 'Object Repository/Modulo Pruebas Bienestar/Programación_de_evaluación/a_Programar' is clicked on

2022-02-23 11:37:13 - [TEST_STEP][PASSED] - selectOptionByIndex(findTestObject("Modulo Pruebas Bienestar/Programación_de_evaluación/select_SeleccioneEvaluacin ArtsticaEvaluacin Evento BienestarEvaluacin PreviaEvaluacin EventoqqEvaluacin Bienestar"), 2): All options with index in [2] are selected on object 'Object Repository/Modulo Pruebas Bienestar/Programación_de_evaluación/select_SeleccioneEvaluacin ArtsticaEvaluacin Evento BienestarEvaluacin PreviaEvaluacin EventoqqEvaluacin Bienestar'

2022-02-23 11:37:15 - [MESSAGE][PASSED] - All options with index in [2] are selected on object 'Object Repository/Modulo Pruebas Bienestar/Programación_de_evaluación/select_SeleccioneEvaluacin ArtsticaEvaluacin Evento BienestarEvaluacin PreviaEvaluacin EventoqqEvaluacin Bienestar'

2022-02-23 11:37:15 - [TEST_STEP][PASSED] - selectOptionByIndex(findTestObject("Modulo Pruebas Bienestar/Programación_de_evaluación/select_SeleccioneAceptadoCanceladoFinalizadoInscritoNo AceptadoNo FinalizadoSolicitado"), 0): All options with index in [0] are selected on object 'Object Repository/Modulo Pruebas Bienestar/Programación_de_evaluación/select_SeleccioneAceptadoCanceladoFinalizadoInscritoNo AceptadoNo FinalizadoSolicitado'

2022-02-23 11:37:16 - [MESSAGE][PASSED] - All options with index in [0] are selected on object 'Object Repository/Modulo Pruebas Bienestar/Programación_de_evaluación/select_SeleccioneAceptadoCanceladoFinalizadoInscritoNo AceptadoNo FinalizadoSolicitado'

2022-02-23 11:37:16 - [TEST_STEP][PASSED] - click(findTestObject("Modulo Pruebas Bienestar/Programación_de_evaluación/div_Grupo_ui-chkbox-box ui-widget ui-corner-all ui-state-default ui-state-hover")): Object: 'Object Repository/Modulo Pruebas Bienestar/Programación_de_evaluación/div_Grupo_ui-chkbox-box ui-widget ui-corner-all ui-state-default ui-state-hover' is clicked on

2022-02-23 11:37:16 - [MESSAGE][PASSED] - Object: 'Object Repository/Modulo Pruebas Bienestar/Programación_de_evaluación/div_Grupo_ui-chkbox-box ui-widget ui-corner-all ui-state-default ui-state-hover' is clicked on

2022-02-23 11:37:16 - [TEST_STEP][PASSED] - click(findTestObject("Modulo Pruebas Bienestar/Programación_de_evaluación/a_Aplicar0")): Object: 'Object Repository/Modulo Pruebas Bienestar/Programación_de_evaluación/a_Aplicar0' is clicked on

2022-02-23 11:37:17 - [MESSAGE][PASSED] - Object: 'Object Repository/Modulo Pruebas Bienestar/Programación_de_evaluación/a_Aplicar0' is clicked on

2022-02-23 11:37:17 - [TEST_STEP][PASSED] - delay(3): Delayed 3 second(s)

2022-02-23 11:37:20 - [MESSAGE][PASSED] - Delayed 3 second(s)

2022-02-23 11:37:20 - [TEST_STEP][PASSED] - closeBrowser(): Browser is closed

2022-02-23 11:37:20 - [MESSAGE][PASSED] - Browser is closed]]></system-out>
         <system-err><![CDATA[]]></system-err>
      </testcase>
      <testcase name="Test Cases/3.1-Pruebas_Bienestar/3.3.1-Recursos" time="16.876" classname="Test Cases/3.1-Pruebas_Bienestar/3.3.1-Recursos" status="PASSED">
         <system-out><![CDATA[2022-02-23 11:37:20 - [TEST_CASE][PASSED] - Test Cases/3.1-Pruebas_Bienestar/3.3.1-Recursos: Test Cases/3.1-Pruebas_Bienestar/3.3.1-Recursos

2022-02-23 11:37:21 - [TEST_STEP][PASSED] - callTestCase(findTestCase("Utilidades-(atajos_para _tareas)/Modulos/Modulo bienestar-eventos"), [:], STOP_ON_FAILURE): Call Test Case 'Test Cases/Utilidades-(atajos_para _tareas)/Modulos/Modulo bienestar-eventos' successfully

2022-02-23 11:37:21 - [TEST_CASE][PASSED] - Test Cases/Utilidades-(atajos_para _tareas)/Modulos/Modulo bienestar-eventos: Test Cases/Utilidades-(atajos_para _tareas)/Modulos/Modulo bienestar-eventos

2022-02-23 11:37:21 - [TEST_STEP][PASSED] - callTestCase(findTestCase("0.1-Login"), [:], STOP_ON_FAILURE): Call Test Case 'Test Cases/0.1-Login' successfully

2022-02-23 11:37:21 - [TEST_CASE][PASSED] - Test Cases/0.1-Login: Test Cases/0.1-Login

2022-02-23 11:37:21 - [TEST_STEP][PASSED] - openBrowser(""): Browser is opened with url: ''

2022-02-23 11:37:21 - [MESSAGE][INFO] - Starting 'Chrome' driver

2022-02-23 11:37:21 - [MESSAGE][INFO] - Action delay is set to 0 milliseconds

2022-02-23 11:37:22 - [MESSAGE][PASSED] - Browser is opened with url: ''

2022-02-23 11:37:22 - [TEST_STEP][PASSED] - maximizeWindow(): Current window maximized

2022-02-23 11:37:22 - [MESSAGE][PASSED] - Current window maximized

2022-02-23 11:37:22 - [TEST_STEP][PASSED] - i = G_Login: null

2022-02-23 11:37:22 - [TEST_STEP][PASSED] - url = new java.net.URL(i): null

2022-02-23 11:37:22 - [TEST_STEP][PASSED] - println("URL: " + url.toString()): null

2022-02-23 11:37:22 - [TEST_STEP][PASSED] - connection = url.openConnection(): null

2022-02-23 11:37:22 - [TEST_STEP][PASSED] - connection.setRequestMethod("GET"): null

2022-02-23 11:37:22 - [TEST_STEP][PASSED] - connection.setReadTimeout(2 * 1000): null

2022-02-23 11:37:22 - [TEST_STEP][PASSED] - try: null

2022-02-23 11:37:22 - [TEST_STEP][PASSED] - connection.connect(): null

2022-02-23 11:37:22 - [TEST_STEP][PASSED] - flag = connected: null

2022-02-23 11:37:22 - [TEST_STEP][PASSED] - println("Valor_ori: " + flag): null

2022-02-23 11:37:22 - [TEST_STEP][PASSED] - if (flag): null

2022-02-23 11:37:22 - [TEST_STEP][PASSED] - navigateToUrl(i): Navigate to 'http://192.168.2.80:8380/saraweb' successfully

2022-02-23 11:37:23 - [MESSAGE][PASSED] - Navigate to 'http://192.168.2.80:8380/saraweb' successfully

2022-02-23 11:37:23 - [TEST_STEP][PASSED] - a(): null

2022-02-23 11:37:23 - [TEST_STEP][PASSED] - setText(findTestObject("Login/input_USUARIO_loginusuario"), G_Usuario): Text 'saraadmin' is set on object 'Object Repository/Login/input_USUARIO_loginusuario'

2022-02-23 11:37:24 - [MESSAGE][PASSED] - Text 'saraadmin' is set on object 'Object Repository/Login/input_USUARIO_loginusuario'

2022-02-23 11:37:24 - [TEST_STEP][PASSED] - setEncryptedText(findTestObject("Login/input_CLAVE_loginpassword"), "MkG4/TYiCFC3cb2driP7+Q=="): Text ****** has been set on object 'Object Repository/Login/input_CLAVE_loginpassword'

2022-02-23 11:37:24 - [MESSAGE][PASSED] - Text ****** has been set on object 'Object Repository/Login/input_CLAVE_loginpassword'

2022-02-23 11:37:24 - [TEST_STEP][PASSED] - waitForElementClickable(findTestObject("Login/a_Ingresar"), G_TimeOut): Object 'Object Repository/Login/a_Ingresar' is clickable

2022-02-23 11:37:25 - [MESSAGE][PASSED] - Object 'Object Repository/Login/a_Ingresar' is clickable

2022-02-23 11:37:25 - [TEST_STEP][PASSED] - click(findTestObject("Login/a_Ingresar")): Object: 'Object Repository/Login/a_Ingresar' is clicked on

2022-02-23 11:37:27 - [MESSAGE][PASSED] - Object: 'Object Repository/Login/a_Ingresar' is clicked on

2022-02-23 11:37:27 - [TEST_STEP][PASSED] - element = findWebElement(findTestObject("Login/a_Ir"), 30): null

2022-02-23 11:37:27 - [TEST_STEP][PASSED] - executeJavaScript("arguments[0].click()", Arrays.asList(element)): Execute JavaScript 'arguments[0].click()' successfully

2022-02-23 11:37:27 - [MESSAGE][PASSED] - Execute JavaScript 'arguments[0].click()' successfully

2022-02-23 11:37:27 - [MESSAGE][PASSED] - Call Test Case 'Test Cases/0.1-Login' successfully

2022-02-23 11:37:27 - [TEST_STEP][PASSED] - waitForElementClickable(findTestObject("Modulo bienestar-eventos/input_ADMINISTRADOR DEL SISTEMA"), 0): Object 'Object Repository/Modulo bienestar-eventos/input_ADMINISTRADOR DEL SISTEMA' is clickable

2022-02-23 11:37:28 - [MESSAGE][WARNING] - Timeout '0' is invalid. Using default page load timeout: '30'

2022-02-23 11:37:28 - [MESSAGE][PASSED] - Object 'Object Repository/Modulo bienestar-eventos/input_ADMINISTRADOR DEL SISTEMA' is clickable

2022-02-23 11:37:28 - [TEST_STEP][PASSED] - setText(findTestObject("Modulo bienestar-eventos/input_ADMINISTRADOR DEL SISTEMA"), "eventos (bie)"): Text 'eventos (bie)' is set on object 'Object Repository/Modulo bienestar-eventos/input_ADMINISTRADOR DEL SISTEMA'

2022-02-23 11:37:29 - [MESSAGE][PASSED] - Text 'eventos (bie)' is set on object 'Object Repository/Modulo bienestar-eventos/input_ADMINISTRADOR DEL SISTEMA'

2022-02-23 11:37:29 - [TEST_STEP][PASSED] - click(findTestObject("Modulo bienestar-eventos/span_Eventos (bie)")): Object: 'Object Repository/Modulo bienestar-eventos/span_Eventos (bie)' is clicked on

2022-02-23 11:37:30 - [MESSAGE][PASSED] - Object: 'Object Repository/Modulo bienestar-eventos/span_Eventos (bie)' is clicked on

2022-02-23 11:37:30 - [MESSAGE][PASSED] - Call Test Case 'Test Cases/Utilidades-(atajos_para _tareas)/Modulos/Modulo bienestar-eventos' successfully

2022-02-23 11:37:30 - [TEST_STEP][PASSED] - click(findTestObject("Modulo Pruebas Bienestar/Recursos/td_Prueba-S")): Object: 'Object Repository/Modulo Pruebas Bienestar/Recursos/td_Prueba-S' is clicked on

2022-02-23 11:37:32 - [MESSAGE][PASSED] - Object: 'Object Repository/Modulo Pruebas Bienestar/Recursos/td_Prueba-S' is clicked on

2022-02-23 11:37:32 - [TEST_STEP][PASSED] - click(findTestObject("Modulo Pruebas Bienestar/Recursos/div_Recursos")): Object: 'Object Repository/Modulo Pruebas Bienestar/Recursos/div_Recursos' is clicked on

2022-02-23 11:37:33 - [MESSAGE][PASSED] - Object: 'Object Repository/Modulo Pruebas Bienestar/Recursos/div_Recursos' is clicked on

2022-02-23 11:37:33 - [TEST_STEP][PASSED] - click(findTestObject("Modulo Pruebas Bienestar/Recursos/a_Logsticos")): Object: 'Object Repository/Modulo Pruebas Bienestar/Recursos/a_Logsticos' is clicked on

2022-02-23 11:37:34 - [MESSAGE][PASSED] - Object: 'Object Repository/Modulo Pruebas Bienestar/Recursos/a_Logsticos' is clicked on

2022-02-23 11:37:34 - [TEST_STEP][PASSED] - selectOptionByIndex(findTestObject("Modulo Pruebas Bienestar/Recursos/select_SeleccioneBlue RayCmarasCamaras de videoComedoresEstacin de cafeInternetIpadLucesMicrofonosPantallasPorttilSonidoTabletsTarimaTeleconferencia"), 6): All options with index in [6] are selected on object 'Object Repository/Modulo Pruebas Bienestar/Recursos/select_SeleccioneBlue RayCmarasCamaras de videoComedoresEstacin de cafeInternetIpadLucesMicrofonosPantallasPorttilSonidoTabletsTarimaTeleconferencia'

2022-02-23 11:37:35 - [MESSAGE][PASSED] - All options with index in [6] are selected on object 'Object Repository/Modulo Pruebas Bienestar/Recursos/select_SeleccioneBlue RayCmarasCamaras de videoComedoresEstacin de cafeInternetIpadLucesMicrofonosPantallasPorttilSonidoTabletsTarimaTeleconferencia'

2022-02-23 11:37:35 - [TEST_STEP][PASSED] - selectOptionByIndex(findTestObject("Modulo Pruebas Bienestar/Recursos/select_SeleccioneINDISPENSABLEOPCIONAL"), 1): All options with index in [1] are selected on object 'Object Repository/Modulo Pruebas Bienestar/Recursos/select_SeleccioneINDISPENSABLEOPCIONAL'

2022-02-23 11:37:36 - [MESSAGE][PASSED] - All options with index in [1] are selected on object 'Object Repository/Modulo Pruebas Bienestar/Recursos/select_SeleccioneINDISPENSABLEOPCIONAL'

2022-02-23 11:37:36 - [TEST_STEP][PASSED] - click(findTestObject("Modulo Pruebas Bienestar/Recursos/a_Necesidad_formRecursoLogisticopanel_recursostabla_recursosj_idt949")): Object: 'Object Repository/Modulo Pruebas Bienestar/Recursos/a_Necesidad_formRecursoLogisticopanel_recursostabla_recursosj_idt949' is clicked on

2022-02-23 11:37:37 - [MESSAGE][PASSED] - Object: 'Object Repository/Modulo Pruebas Bienestar/Recursos/a_Necesidad_formRecursoLogisticopanel_recursostabla_recursosj_idt949' is clicked on

2022-02-23 11:37:37 - [TEST_STEP][PASSED] - closeBrowser(): Browser is closed

2022-02-23 11:37:37 - [MESSAGE][PASSED] - Browser is closed]]></system-out>
         <system-err><![CDATA[]]></system-err>
      </testcase>
      <testcase name="Test Cases/3.1-Pruebas_Bienestar/3.3.2-Crear_tipo_de_beneficio_CASO1_(Novedad_nómina)" time="29.599" classname="Test Cases/3.1-Pruebas_Bienestar/3.3.2-Crear_tipo_de_beneficio_CASO1_(Novedad_nómina)" status="PASSED">
         <system-out><![CDATA[2022-02-23 11:37:37 - [TEST_CASE][PASSED] - Test Cases/3.1-Pruebas_Bienestar/3.3.2-Crear_tipo_de_beneficio_CASO1_(Novedad_nómina): Test Cases/3.1-Pruebas_Bienestar/3.3.2-Crear_tipo_de_beneficio_CASO1_(Novedad_nómina)

2022-02-23 11:37:38 - [TEST_STEP][PASSED] - callTestCase(findTestCase("0.1-Login"), [:], STOP_ON_FAILURE): Call Test Case 'Test Cases/0.1-Login' successfully

2022-02-23 11:37:38 - [TEST_CASE][PASSED] - Test Cases/0.1-Login: Test Cases/0.1-Login

2022-02-23 11:37:38 - [TEST_STEP][PASSED] - openBrowser(""): Browser is opened with url: ''

2022-02-23 11:37:38 - [MESSAGE][INFO] - Starting 'Chrome' driver

2022-02-23 11:37:38 - [MESSAGE][INFO] - Action delay is set to 0 milliseconds

2022-02-23 11:37:39 - [MESSAGE][PASSED] - Browser is opened with url: ''

2022-02-23 11:37:39 - [TEST_STEP][PASSED] - maximizeWindow(): Current window maximized

2022-02-23 11:37:39 - [MESSAGE][PASSED] - Current window maximized

2022-02-23 11:37:39 - [TEST_STEP][PASSED] - i = G_Login: null

2022-02-23 11:37:39 - [TEST_STEP][PASSED] - url = new java.net.URL(i): null

2022-02-23 11:37:39 - [TEST_STEP][PASSED] - println("URL: " + url.toString()): null

2022-02-23 11:37:39 - [TEST_STEP][PASSED] - connection = url.openConnection(): null

2022-02-23 11:37:39 - [TEST_STEP][PASSED] - connection.setRequestMethod("GET"): null

2022-02-23 11:37:39 - [TEST_STEP][PASSED] - connection.setReadTimeout(2 * 1000): null

2022-02-23 11:37:39 - [TEST_STEP][PASSED] - try: null

2022-02-23 11:37:39 - [TEST_STEP][PASSED] - connection.connect(): null

2022-02-23 11:37:39 - [TEST_STEP][PASSED] - flag = connected: null

2022-02-23 11:37:39 - [TEST_STEP][PASSED] - println("Valor_ori: " + flag): null

2022-02-23 11:37:39 - [TEST_STEP][PASSED] - if (flag): null

2022-02-23 11:37:39 - [TEST_STEP][PASSED] - navigateToUrl(i): Navigate to 'http://192.168.2.80:8380/saraweb' successfully

2022-02-23 11:37:39 - [MESSAGE][PASSED] - Navigate to 'http://192.168.2.80:8380/saraweb' successfully

2022-02-23 11:37:39 - [TEST_STEP][PASSED] - a(): null

2022-02-23 11:37:39 - [TEST_STEP][PASSED] - setText(findTestObject("Login/input_USUARIO_loginusuario"), G_Usuario): Text 'saraadmin' is set on object 'Object Repository/Login/input_USUARIO_loginusuario'

2022-02-23 11:37:40 - [MESSAGE][PASSED] - Text 'saraadmin' is set on object 'Object Repository/Login/input_USUARIO_loginusuario'

2022-02-23 11:37:40 - [TEST_STEP][PASSED] - setEncryptedText(findTestObject("Login/input_CLAVE_loginpassword"), "MkG4/TYiCFC3cb2driP7+Q=="): Text ****** has been set on object 'Object Repository/Login/input_CLAVE_loginpassword'

2022-02-23 11:37:41 - [MESSAGE][PASSED] - Text ****** has been set on object 'Object Repository/Login/input_CLAVE_loginpassword'

2022-02-23 11:37:41 - [TEST_STEP][PASSED] - waitForElementClickable(findTestObject("Login/a_Ingresar"), G_TimeOut): Object 'Object Repository/Login/a_Ingresar' is clickable

2022-02-23 11:37:41 - [MESSAGE][PASSED] - Object 'Object Repository/Login/a_Ingresar' is clickable

2022-02-23 11:37:41 - [TEST_STEP][PASSED] - click(findTestObject("Login/a_Ingresar")): Object: 'Object Repository/Login/a_Ingresar' is clicked on

2022-02-23 11:37:44 - [MESSAGE][PASSED] - Object: 'Object Repository/Login/a_Ingresar' is clicked on

2022-02-23 11:37:44 - [TEST_STEP][PASSED] - element = findWebElement(findTestObject("Login/a_Ir"), 30): null

2022-02-23 11:37:44 - [TEST_STEP][PASSED] - executeJavaScript("arguments[0].click()", Arrays.asList(element)): Execute JavaScript 'arguments[0].click()' successfully

2022-02-23 11:37:44 - [MESSAGE][PASSED] - Execute JavaScript 'arguments[0].click()' successfully

2022-02-23 11:37:44 - [MESSAGE][PASSED] - Call Test Case 'Test Cases/0.1-Login' successfully

2022-02-23 11:37:44 - [TEST_STEP][PASSED] - setText(findTestObject("Modulo Pruebas Bienestar/Crear_tipo_de_beneficio_CASO1_(Novedad_nómina)/input_Beneficios_form_templatej_idt24_input"), "beneficio"): Text 'beneficio' is set on object 'Object Repository/Modulo Pruebas Bienestar/Crear_tipo_de_beneficio_CASO1_(Novedad_nómina)/input_Beneficios_form_templatej_idt24_input'

2022-02-23 11:37:45 - [MESSAGE][PASSED] - Text 'beneficio' is set on object 'Object Repository/Modulo Pruebas Bienestar/Crear_tipo_de_beneficio_CASO1_(Novedad_nómina)/input_Beneficios_form_templatej_idt24_input'

2022-02-23 11:37:45 - [TEST_STEP][PASSED] - click(findTestObject("Modulo Pruebas Bienestar/Crear_tipo_de_beneficio_CASO1_(Novedad_nómina)/li_Beneficio (bie)")): Object: 'Object Repository/Modulo Pruebas Bienestar/Crear_tipo_de_beneficio_CASO1_(Novedad_nómina)/li_Beneficio (bie)' is clicked on

2022-02-23 11:37:47 - [MESSAGE][PASSED] - Object: 'Object Repository/Modulo Pruebas Bienestar/Crear_tipo_de_beneficio_CASO1_(Novedad_nómina)/li_Beneficio (bie)' is clicked on

2022-02-23 11:37:47 - [TEST_STEP][PASSED] - if (waitForElementVisible(findTestObject("Modulo Pruebas Bienestar/Crear_tipo_de_beneficio_CASO1_(Novedad_nómina)/td_PRUEBAS K"), 1)): null

2022-02-23 11:37:48 - [MESSAGE][PASSED] - Object 'Object Repository/Modulo Pruebas Bienestar/Crear_tipo_de_beneficio_CASO1_(Novedad_nómina)/td_PRUEBAS K' is visible

2022-02-23 11:37:48 - [TEST_STEP][PASSED] - click(findTestObject("Modulo Pruebas Bienestar/Crear_tipo_de_beneficio_CASO1_(Novedad_nómina)/td_PRUEBAS K")): Object: 'Object Repository/Modulo Pruebas Bienestar/Crear_tipo_de_beneficio_CASO1_(Novedad_nómina)/td_PRUEBAS K' is clicked on

2022-02-23 11:37:49 - [MESSAGE][PASSED] - Object: 'Object Repository/Modulo Pruebas Bienestar/Crear_tipo_de_beneficio_CASO1_(Novedad_nómina)/td_PRUEBAS K' is clicked on

2022-02-23 11:37:49 - [TEST_STEP][PASSED] - click(findTestObject("Modulo Pruebas Bienestar/Crear_tipo_de_beneficio_CASO1_(Novedad_nómina)/a_Filtro Seccin")): Object: 'Object Repository/Modulo Pruebas Bienestar/Crear_tipo_de_beneficio_CASO1_(Novedad_nómina)/a_Filtro Seccin' is clicked on

2022-02-23 11:37:49 - [MESSAGE][PASSED] - Object: 'Object Repository/Modulo Pruebas Bienestar/Crear_tipo_de_beneficio_CASO1_(Novedad_nómina)/a_Filtro Seccin' is clicked on

2022-02-23 11:37:49 - [TEST_STEP][PASSED] - if (waitForElementVisible(findTestObject("Modulo Pruebas Bienestar/Crear_tipo_de_beneficio_CASO1_(Novedad_nómina)/a_CONYUGUE_form_dirigidoTipoBeneficiariotabla_dirigido0j_idt689"), 1)): null

2022-02-23 11:37:50 - [MESSAGE][PASSED] - Object 'Object Repository/Modulo Pruebas Bienestar/Crear_tipo_de_beneficio_CASO1_(Novedad_nómina)/a_CONYUGUE_form_dirigidoTipoBeneficiariotabla_dirigido0j_idt689' is visible

2022-02-23 11:37:50 - [TEST_STEP][PASSED] - click(findTestObject("Modulo Pruebas Bienestar/Crear_tipo_de_beneficio_CASO1_(Novedad_nómina)/a_CONYUGUE_form_dirigidoTipoBeneficiariotabla_dirigido0j_idt689")): Object: 'Object Repository/Modulo Pruebas Bienestar/Crear_tipo_de_beneficio_CASO1_(Novedad_nómina)/a_CONYUGUE_form_dirigidoTipoBeneficiariotabla_dirigido0j_idt689' is clicked on

2022-02-23 11:37:51 - [MESSAGE][PASSED] - Object: 'Object Repository/Modulo Pruebas Bienestar/Crear_tipo_de_beneficio_CASO1_(Novedad_nómina)/a_CONYUGUE_form_dirigidoTipoBeneficiariotabla_dirigido0j_idt689' is clicked on

2022-02-23 11:37:51 - [TEST_STEP][PASSED] - click(findTestObject("Modulo Pruebas Bienestar/Crear_tipo_de_beneficio_CASO1_(Novedad_nómina)/a_Aceptar")): Object: 'Object Repository/Modulo Pruebas Bienestar/Crear_tipo_de_beneficio_CASO1_(Novedad_nómina)/a_Aceptar' is clicked on

2022-02-23 11:37:52 - [MESSAGE][PASSED] - Object: 'Object Repository/Modulo Pruebas Bienestar/Crear_tipo_de_beneficio_CASO1_(Novedad_nómina)/a_Aceptar' is clicked on

2022-02-23 11:37:52 - [TEST_STEP][PASSED] - click(findTestObject("Modulo Pruebas Bienestar/Crear_tipo_de_beneficio_CASO1_(Novedad_nómina)/a_Registro")): Object: 'Object Repository/Modulo Pruebas Bienestar/Crear_tipo_de_beneficio_CASO1_(Novedad_nómina)/a_Registro' is clicked on

2022-02-23 11:37:52 - [MESSAGE][PASSED] - Object: 'Object Repository/Modulo Pruebas Bienestar/Crear_tipo_de_beneficio_CASO1_(Novedad_nómina)/a_Registro' is clicked on

2022-02-23 11:37:52 - [TEST_STEP][PASSED] - click(findTestObject("Modulo Pruebas Bienestar/Crear_tipo_de_beneficio_CASO1_(Novedad_nómina)/a_Eliminar")): Object: 'Object Repository/Modulo Pruebas Bienestar/Crear_tipo_de_beneficio_CASO1_(Novedad_nómina)/a_Eliminar' is clicked on

2022-02-23 11:37:53 - [MESSAGE][PASSED] - Object: 'Object Repository/Modulo Pruebas Bienestar/Crear_tipo_de_beneficio_CASO1_(Novedad_nómina)/a_Eliminar' is clicked on

2022-02-23 11:37:53 - [TEST_STEP][PASSED] - click(findTestObject("Modulo Pruebas Bienestar/Crear_tipo_de_beneficio_CASO1_(Novedad_nómina)/a_Aceptar")): Object: 'Object Repository/Modulo Pruebas Bienestar/Crear_tipo_de_beneficio_CASO1_(Novedad_nómina)/a_Aceptar' is clicked on

2022-02-23 11:37:54 - [MESSAGE][PASSED] - Object: 'Object Repository/Modulo Pruebas Bienestar/Crear_tipo_de_beneficio_CASO1_(Novedad_nómina)/a_Aceptar' is clicked on

2022-02-23 11:37:54 - [TEST_STEP][PASSED] - scrollToElement(findTestObject("Modulo Pruebas Bienestar/Crear_tipo_de_beneficio_CASO1_(Novedad_nómina)/a_Nuevo"), 0): Scroll to object 'Object Repository/Modulo Pruebas Bienestar/Crear_tipo_de_beneficio_CASO1_(Novedad_nómina)/a_Nuevo' successfully

2022-02-23 11:37:54 - [MESSAGE][WARNING] - Timeout '0' is invalid. Using default page load timeout: '30'

2022-02-23 11:37:55 - [MESSAGE][PASSED] - Scroll to object 'Object Repository/Modulo Pruebas Bienestar/Crear_tipo_de_beneficio_CASO1_(Novedad_nómina)/a_Nuevo' successfully

2022-02-23 11:37:55 - [TEST_STEP][PASSED] - click(findTestObject("Modulo Pruebas Bienestar/Crear_tipo_de_beneficio_CASO1_(Novedad_nómina)/a_Nuevo")): Object: 'Object Repository/Modulo Pruebas Bienestar/Crear_tipo_de_beneficio_CASO1_(Novedad_nómina)/a_Nuevo' is clicked on

2022-02-23 11:37:55 - [MESSAGE][PASSED] - Object: 'Object Repository/Modulo Pruebas Bienestar/Crear_tipo_de_beneficio_CASO1_(Novedad_nómina)/a_Nuevo' is clicked on

2022-02-23 11:37:55 - [TEST_STEP][PASSED] - setText(findTestObject("Modulo Pruebas Bienestar/Crear_tipo_de_beneficio_CASO1_(Novedad_nómina)/input_Cdigo_formDetalleTipoBeneficioBienestarcodigoTipoBeneficio"), "5"): Text '5' is set on object 'Object Repository/Modulo Pruebas Bienestar/Crear_tipo_de_beneficio_CASO1_(Novedad_nómina)/input_Cdigo_formDetalleTipoBeneficioBienestarcodigoTipoBeneficio'

2022-02-23 11:37:56 - [MESSAGE][PASSED] - Text '5' is set on object 'Object Repository/Modulo Pruebas Bienestar/Crear_tipo_de_beneficio_CASO1_(Novedad_nómina)/input_Cdigo_formDetalleTipoBeneficioBienestarcodigoTipoBeneficio'

2022-02-23 11:37:56 - [TEST_STEP][PASSED] - setText(findTestObject("Modulo Pruebas Bienestar/Crear_tipo_de_beneficio_CASO1_(Novedad_nómina)/input_Descripcin_formDetalleTipoBeneficioBienestardescripcionTipoBeneficio"), "PRUEBAS KATALON"): Text 'PRUEBAS KATALON' is set on object 'Object Repository/Modulo Pruebas Bienestar/Crear_tipo_de_beneficio_CASO1_(Novedad_nómina)/input_Descripcin_formDetalleTipoBeneficioBienestardescripcionTipoBeneficio'

2022-02-23 11:37:57 - [MESSAGE][PASSED] - Text 'PRUEBAS KATALON' is set on object 'Object Repository/Modulo Pruebas Bienestar/Crear_tipo_de_beneficio_CASO1_(Novedad_nómina)/input_Descripcin_formDetalleTipoBeneficioBienestardescripcionTipoBeneficio'

2022-02-23 11:37:57 - [TEST_STEP][PASSED] - selectOptionByIndex(findTestObject("Modulo Pruebas Bienestar/Crear_tipo_de_beneficio_CASO1_(Novedad_nómina)/select_-- Seleccione --Auxilio de SaludAUXILIO DE VIVIENDAAUXILIO EDUCATIVOPrueba"), 4): All options with index in [4] are selected on object 'Object Repository/Modulo Pruebas Bienestar/Crear_tipo_de_beneficio_CASO1_(Novedad_nómina)/select_-- Seleccione --Auxilio de SaludAUXILIO DE VIVIENDAAUXILIO EDUCATIVOPrueba'

2022-02-23 11:37:58 - [MESSAGE][PASSED] - All options with index in [4] are selected on object 'Object Repository/Modulo Pruebas Bienestar/Crear_tipo_de_beneficio_CASO1_(Novedad_nómina)/select_-- Seleccione --Auxilio de SaludAUXILIO DE VIVIENDAAUXILIO EDUCATIVOPrueba'

2022-02-23 11:37:58 - [TEST_STEP][PASSED] - selectOptionByIndex(findTestObject("Modulo Pruebas Bienestar/Crear_tipo_de_beneficio_CASO1_(Novedad_nómina)/select_-- Seleccione --Solicitante Y Seccion HojaSolicitanteSeccion Hoja"), 1): All options with index in [1] are selected on object 'Object Repository/Modulo Pruebas Bienestar/Crear_tipo_de_beneficio_CASO1_(Novedad_nómina)/select_-- Seleccione --Solicitante Y Seccion HojaSolicitanteSeccion Hoja'

2022-02-23 11:37:59 - [MESSAGE][PASSED] - All options with index in [1] are selected on object 'Object Repository/Modulo Pruebas Bienestar/Crear_tipo_de_beneficio_CASO1_(Novedad_nómina)/select_-- Seleccione --Solicitante Y Seccion HojaSolicitanteSeccion Hoja'

2022-02-23 11:37:59 - [TEST_STEP][PASSED] - selectOptionByIndex(findTestObject("Modulo Pruebas Bienestar/Crear_tipo_de_beneficio_CASO1_(Novedad_nómina)/select_-- Seleccione --familia"), 1): All options with index in [1] are selected on object 'Object Repository/Modulo Pruebas Bienestar/Crear_tipo_de_beneficio_CASO1_(Novedad_nómina)/select_-- Seleccione --familia'

2022-02-23 11:38:00 - [MESSAGE][PASSED] - All options with index in [1] are selected on object 'Object Repository/Modulo Pruebas Bienestar/Crear_tipo_de_beneficio_CASO1_(Novedad_nómina)/select_-- Seleccione --familia'

2022-02-23 11:38:00 - [TEST_STEP][PASSED] - selectOptionByIndex(findTestObject("Modulo Pruebas Bienestar/Crear_tipo_de_beneficio_CASO1_(Novedad_nómina)/select_-- Seleccione --DescuentoNo RecaudoNovedad hacia NminaPrestamo"), 1): All options with index in [1] are selected on object 'Object Repository/Modulo Pruebas Bienestar/Crear_tipo_de_beneficio_CASO1_(Novedad_nómina)/select_-- Seleccione --DescuentoNo RecaudoNovedad hacia NminaPrestamo'

2022-02-23 11:38:01 - [MESSAGE][PASSED] - All options with index in [1] are selected on object 'Object Repository/Modulo Pruebas Bienestar/Crear_tipo_de_beneficio_CASO1_(Novedad_nómina)/select_-- Seleccione --DescuentoNo RecaudoNovedad hacia NminaPrestamo'

2022-02-23 11:38:01 - [TEST_STEP][PASSED] - selectOptionByIndex(findTestObject("Modulo Pruebas Bienestar/Crear_tipo_de_beneficio_CASO1_(Novedad_nómina)/select_-- Seleccione --Control por TarifaManejo TarifaNo Relacionar"), 3): All options with index in [3] are selected on object 'Object Repository/Modulo Pruebas Bienestar/Crear_tipo_de_beneficio_CASO1_(Novedad_nómina)/select_-- Seleccione --Control por TarifaManejo TarifaNo Relacionar'

2022-02-23 11:38:02 - [MESSAGE][PASSED] - All options with index in [3] are selected on object 'Object Repository/Modulo Pruebas Bienestar/Crear_tipo_de_beneficio_CASO1_(Novedad_nómina)/select_-- Seleccione --Control por TarifaManejo TarifaNo Relacionar'

2022-02-23 11:38:02 - [TEST_STEP][PASSED] - selectOptionByIndex(findTestObject("Modulo Pruebas Bienestar/Crear_tipo_de_beneficio_CASO1_(Novedad_nómina)/select_-- Seleccione --SiNo"), 1): All options with index in [1] are selected on object 'Object Repository/Modulo Pruebas Bienestar/Crear_tipo_de_beneficio_CASO1_(Novedad_nómina)/select_-- Seleccione --SiNo'

2022-02-23 11:38:04 - [MESSAGE][PASSED] - All options with index in [1] are selected on object 'Object Repository/Modulo Pruebas Bienestar/Crear_tipo_de_beneficio_CASO1_(Novedad_nómina)/select_-- Seleccione --SiNo'

2022-02-23 11:38:04 - [TEST_STEP][PASSED] - selectOptionByIndex(findTestObject("Modulo Pruebas Bienestar/Crear_tipo_de_beneficio_CASO1_(Novedad_nómina)/select_--Seleccione--NoSi"), 2): All options with index in [2] are selected on object 'Object Repository/Modulo Pruebas Bienestar/Crear_tipo_de_beneficio_CASO1_(Novedad_nómina)/select_--Seleccione--NoSi'

2022-02-23 11:38:05 - [MESSAGE][PASSED] - All options with index in [2] are selected on object 'Object Repository/Modulo Pruebas Bienestar/Crear_tipo_de_beneficio_CASO1_(Novedad_nómina)/select_--Seleccione--NoSi'

2022-02-23 11:38:05 - [TEST_STEP][PASSED] - selectOptionByIndex(findTestObject("Modulo Pruebas Bienestar/Crear_tipo_de_beneficio_CASO1_(Novedad_nómina)/select_Convenio--Seleccione--NoSi"), 2): All options with index in [2] are selected on object 'Object Repository/Modulo Pruebas Bienestar/Crear_tipo_de_beneficio_CASO1_(Novedad_nómina)/select_Convenio--Seleccione--NoSi'

2022-02-23 11:38:06 - [MESSAGE][PASSED] - All options with index in [2] are selected on object 'Object Repository/Modulo Pruebas Bienestar/Crear_tipo_de_beneficio_CASO1_(Novedad_nómina)/select_Convenio--Seleccione--NoSi'

2022-02-23 11:38:06 - [TEST_STEP][PASSED] - click(findTestObject("Modulo Pruebas Bienestar/Crear_tipo_de_beneficio_CASO1_(Novedad_nómina)/a_Guardar")): Object: 'Object Repository/Modulo Pruebas Bienestar/Crear_tipo_de_beneficio_CASO1_(Novedad_nómina)/a_Guardar' is clicked on

2022-02-23 11:38:06 - [MESSAGE][PASSED] - Object: 'Object Repository/Modulo Pruebas Bienestar/Crear_tipo_de_beneficio_CASO1_(Novedad_nómina)/a_Guardar' is clicked on

2022-02-23 11:38:06 - [TEST_STEP][PASSED] - closeBrowser(): Browser is closed

2022-02-23 11:38:07 - [MESSAGE][PASSED] - Browser is closed]]></system-out>
         <system-err><![CDATA[]]></system-err>
      </testcase>
      <testcase name="Test Cases/3.1-Pruebas_Bienestar/3.3.3-Filtro_sección" time="17.18" classname="Test Cases/3.1-Pruebas_Bienestar/3.3.3-Filtro_sección" status="PASSED">
         <system-out><![CDATA[2022-02-23 11:38:07 - [TEST_CASE][PASSED] - Test Cases/3.1-Pruebas_Bienestar/3.3.3-Filtro_sección: Test Cases/3.1-Pruebas_Bienestar/3.3.3-Filtro_sección

2022-02-23 11:38:07 - [TEST_STEP][PASSED] - callTestCase(findTestCase("0.1-Login"), [:], STOP_ON_FAILURE): Call Test Case 'Test Cases/0.1-Login' successfully

2022-02-23 11:38:07 - [TEST_CASE][PASSED] - Test Cases/0.1-Login: Test Cases/0.1-Login

2022-02-23 11:38:07 - [TEST_STEP][PASSED] - openBrowser(""): Browser is opened with url: ''

2022-02-23 11:38:07 - [MESSAGE][INFO] - Starting 'Chrome' driver

2022-02-23 11:38:07 - [MESSAGE][INFO] - Action delay is set to 0 milliseconds

2022-02-23 11:38:09 - [MESSAGE][PASSED] - Browser is opened with url: ''

2022-02-23 11:38:09 - [TEST_STEP][PASSED] - maximizeWindow(): Current window maximized

2022-02-23 11:38:09 - [MESSAGE][PASSED] - Current window maximized

2022-02-23 11:38:09 - [TEST_STEP][PASSED] - i = G_Login: null

2022-02-23 11:38:09 - [TEST_STEP][PASSED] - url = new java.net.URL(i): null

2022-02-23 11:38:09 - [TEST_STEP][PASSED] - println("URL: " + url.toString()): null

2022-02-23 11:38:09 - [TEST_STEP][PASSED] - connection = url.openConnection(): null

2022-02-23 11:38:09 - [TEST_STEP][PASSED] - connection.setRequestMethod("GET"): null

2022-02-23 11:38:09 - [TEST_STEP][PASSED] - connection.setReadTimeout(2 * 1000): null

2022-02-23 11:38:09 - [TEST_STEP][PASSED] - try: null

2022-02-23 11:38:09 - [TEST_STEP][PASSED] - connection.connect(): null

2022-02-23 11:38:09 - [TEST_STEP][PASSED] - flag = connected: null

2022-02-23 11:38:09 - [TEST_STEP][PASSED] - println("Valor_ori: " + flag): null

2022-02-23 11:38:09 - [TEST_STEP][PASSED] - if (flag): null

2022-02-23 11:38:09 - [TEST_STEP][PASSED] - navigateToUrl(i): Navigate to 'http://192.168.2.80:8380/saraweb' successfully

2022-02-23 11:38:09 - [MESSAGE][PASSED] - Navigate to 'http://192.168.2.80:8380/saraweb' successfully

2022-02-23 11:38:09 - [TEST_STEP][PASSED] - a(): null

2022-02-23 11:38:09 - [TEST_STEP][PASSED] - setText(findTestObject("Login/input_USUARIO_loginusuario"), G_Usuario): Text 'saraadmin' is set on object 'Object Repository/Login/input_USUARIO_loginusuario'

2022-02-23 11:38:10 - [MESSAGE][PASSED] - Text 'saraadmin' is set on object 'Object Repository/Login/input_USUARIO_loginusuario'

2022-02-23 11:38:10 - [TEST_STEP][PASSED] - setEncryptedText(findTestObject("Login/input_CLAVE_loginpassword"), "MkG4/TYiCFC3cb2driP7+Q=="): Text ****** has been set on object 'Object Repository/Login/input_CLAVE_loginpassword'

2022-02-23 11:38:11 - [MESSAGE][PASSED] - Text ****** has been set on object 'Object Repository/Login/input_CLAVE_loginpassword'

2022-02-23 11:38:11 - [TEST_STEP][PASSED] - waitForElementClickable(findTestObject("Login/a_Ingresar"), G_TimeOut): Object 'Object Repository/Login/a_Ingresar' is clickable

2022-02-23 11:38:11 - [MESSAGE][PASSED] - Object 'Object Repository/Login/a_Ingresar' is clickable

2022-02-23 11:38:11 - [TEST_STEP][PASSED] - click(findTestObject("Login/a_Ingresar")): Object: 'Object Repository/Login/a_Ingresar' is clicked on

2022-02-23 11:38:13 - [MESSAGE][PASSED] - Object: 'Object Repository/Login/a_Ingresar' is clicked on

2022-02-23 11:38:13 - [TEST_STEP][PASSED] - element = findWebElement(findTestObject("Login/a_Ir"), 30): null

2022-02-23 11:38:14 - [TEST_STEP][PASSED] - executeJavaScript("arguments[0].click()", Arrays.asList(element)): Execute JavaScript 'arguments[0].click()' successfully

2022-02-23 11:38:14 - [MESSAGE][PASSED] - Execute JavaScript 'arguments[0].click()' successfully

2022-02-23 11:38:14 - [MESSAGE][PASSED] - Call Test Case 'Test Cases/0.1-Login' successfully

2022-02-23 11:38:14 - [TEST_STEP][PASSED] - setText(findTestObject("Modulo Pruebas Bienestar/Filtro_sección/input_Beneficios_form_templatej_idt24_input"), "beneficio (bie)"): Text 'beneficio (bie)' is set on object 'Object Repository/Modulo Pruebas Bienestar/Filtro_sección/input_Beneficios_form_templatej_idt24_input'

2022-02-23 11:38:15 - [MESSAGE][PASSED] - Text 'beneficio (bie)' is set on object 'Object Repository/Modulo Pruebas Bienestar/Filtro_sección/input_Beneficios_form_templatej_idt24_input'

2022-02-23 11:38:15 - [TEST_STEP][PASSED] - click(findTestObject("Modulo Pruebas Bienestar/Filtro_sección/span_Beneficio (bie)")): Object: 'Object Repository/Modulo Pruebas Bienestar/Filtro_sección/span_Beneficio (bie)' is clicked on

2022-02-23 11:38:16 - [MESSAGE][PASSED] - Object: 'Object Repository/Modulo Pruebas Bienestar/Filtro_sección/span_Beneficio (bie)' is clicked on

2022-02-23 11:38:16 - [TEST_STEP][PASSED] - click(findTestObject("Modulo Pruebas Bienestar/Filtro_sección/td_PRUEBAS KATALON")): Object: 'Object Repository/Modulo Pruebas Bienestar/Filtro_sección/td_PRUEBAS KATALON' is clicked on

2022-02-23 11:38:18 - [MESSAGE][PASSED] - Object: 'Object Repository/Modulo Pruebas Bienestar/Filtro_sección/td_PRUEBAS KATALON' is clicked on

2022-02-23 11:38:18 - [TEST_STEP][PASSED] - click(findTestObject("Modulo Pruebas Bienestar/Filtro_sección/a_Filtro Seccin")): Object: 'Object Repository/Modulo Pruebas Bienestar/Filtro_sección/a_Filtro Seccin' is clicked on

2022-02-23 11:38:18 - [MESSAGE][PASSED] - Object: 'Object Repository/Modulo Pruebas Bienestar/Filtro_sección/a_Filtro Seccin' is clicked on

2022-02-23 11:38:18 - [TEST_STEP][PASSED] - if (waitForElementVisible(findTestObject("Modulo Pruebas Bienestar/Filtro_sección/a_CONYUGUE_form_dirigidoTipoBeneficiariotabla_dirigido0j_idt689"), 1)): Object 'Object Repository/Modulo Pruebas Bienestar/Filtro_sección/a_CONYUGUE_form_dirigidoTipoBeneficiariotabla_dirigido0j_idt689' is not visible after 1 second(s)

2022-02-23 11:38:21 - [MESSAGE][WARNING] - Object 'Object Repository/Modulo Pruebas Bienestar/Filtro_sección/a_CONYUGUE_form_dirigidoTipoBeneficiariotabla_dirigido0j_idt689' is not visible after 1 second(s)

2022-02-23 11:38:21 - [TEST_STEP][PASSED] - selectOptionByIndex(findTestObject("Modulo Pruebas Bienestar/Filtro_sección/select_--Seleccione--DiscapacidadEdadGeneroParentesco"), 4): All options with index in [4] are selected on object 'Object Repository/Modulo Pruebas Bienestar/Filtro_sección/select_--Seleccione--DiscapacidadEdadGeneroParentesco'

2022-02-23 11:38:22 - [MESSAGE][PASSED] - All options with index in [4] are selected on object 'Object Repository/Modulo Pruebas Bienestar/Filtro_sección/select_--Seleccione--DiscapacidadEdadGeneroParentesco'

2022-02-23 11:38:22 - [TEST_STEP][PASSED] - selectOptionByIndex(findTestObject("Modulo Pruebas Bienestar/Filtro_sección/select_-- Seleccione --CONYUGUEHERMANO (A)HIJO (A)NO DEFINIDOPADRE"), 1): All options with index in [1] are selected on object 'Object Repository/Modulo Pruebas Bienestar/Filtro_sección/select_-- Seleccione --CONYUGUEHERMANO (A)HIJO (A)NO DEFINIDOPADRE'

2022-02-23 11:38:24 - [MESSAGE][PASSED] - All options with index in [1] are selected on object 'Object Repository/Modulo Pruebas Bienestar/Filtro_sección/select_-- Seleccione --CONYUGUEHERMANO (A)HIJO (A)NO DEFINIDOPADRE'

2022-02-23 11:38:24 - [TEST_STEP][PASSED] - click(findTestObject("Modulo Pruebas Bienestar/Filtro_sección/a_Tipo Campo_form_dirigidoTipoBeneficiariotabla_dirigidoj_idt690")): Object: 'Object Repository/Modulo Pruebas Bienestar/Filtro_sección/a_Tipo Campo_form_dirigidoTipoBeneficiariotabla_dirigidoj_idt690' is clicked on

2022-02-23 11:38:24 - [MESSAGE][PASSED] - Object: 'Object Repository/Modulo Pruebas Bienestar/Filtro_sección/a_Tipo Campo_form_dirigidoTipoBeneficiariotabla_dirigidoj_idt690' is clicked on]]></system-out>
         <system-err><![CDATA[]]></system-err>
      </testcase>
      <system-out><![CDATA[2022-02-23 11:27:25 - [TEST_SUITE][FAILED] - 3-Pruebas_Bienestar: Test Cases/3.1-Pruebas_Bienestar/3.2.2-Invitación FAILED.
Reason:
com.kms.katalon.core.exception.StepFailedException: Unable to execute JavaScript.
	at com.kms.katalon.core.webui.keyword.internal.WebUIKeywordMain.stepFailed(WebUIKeywordMain.groovy:64)
	at com.kms.katalon.core.webui.keyword.internal.WebUIKeywordMain.runKeyword(WebUIKeywordMain.groovy:26)
	at com.kms.katalon.core.webui.keyword.builtin.ExecuteJavaScriptKeyword.executeJavascript(ExecuteJavascriptKeyword.groovy:42)
	at com.kms.katalon.core.webui.keyword.builtin.ExecuteJavaScriptKeyword.execute(ExecuteJavascriptKeyword.groovy:37)
	at com.kms.katalon.core.keyword.internal.KeywordExecutor.executeKeywordForPlatform(KeywordExecutor.groovy:74)
	at com.kms.katalon.core.webui.keyword.WebUiBuiltInKeywords.executeJavaScript(WebUiBuiltInKeywords.groovy:4873)
	at com.kms.katalon.core.webui.keyword.WebUiBuiltInKeywords$executeJavaScript$6.call(Unknown Source)
	at 3.2.2-Invitación.run(3.2.2-Invitación:64)
	at com.kms.katalon.core.main.ScriptEngine.run(ScriptEngine.java:194)
	at com.kms.katalon.core.main.ScriptEngine.runScriptAsRawText(ScriptEngine.java:119)
	at com.kms.katalon.core.main.TestCaseExecutor.runScript(TestCaseExecutor.java:442)
	at com.kms.katalon.core.main.TestCaseExecutor.doExecute(TestCaseExecutor.java:433)
	at com.kms.katalon.core.main.TestCaseExecutor.processExecutionPhase(TestCaseExecutor.java:412)
	at com.kms.katalon.core.main.TestCaseExecutor.accessMainPhase(TestCaseExecutor.java:404)
	at com.kms.katalon.core.main.TestCaseExecutor.execute(TestCaseExecutor.java:281)
	at com.kms.katalon.core.main.TestSuiteExecutor.accessTestCaseMainPhase(TestSuiteExecutor.java:202)
	at com.kms.katalon.core.main.TestSuiteExecutor.accessTestSuiteMainPhase(TestSuiteExecutor.java:164)
	at com.kms.katalon.core.main.TestSuiteExecutor.execute(TestSuiteExecutor.java:105)
	at com.kms.katalon.core.main.TestCaseMain.startTestSuite(TestCaseMain.java:185)
	at com.kms.katalon.core.main.TestCaseMain$startTestSuite$0.call(Unknown Source)
	at TempTestSuite1645633306338.run(TempTestSuite1645633306338.groovy:36)
Caused by: org.openqa.selenium.JavascriptException: javascript error: arguments[0].upload is not a function
  (Session info: chrome=98.0.4758.102)
Build info: version: '3.141.59', revision: 'e82be7d358', time: '2018-11-14T08:25:53'
System info: host: 'US-AF-000371', ip: '192.168.56.1', os.name: 'Windows 10', os.arch: 'amd64', os.version: '10.0', java.version: '1.8.0_282'
Driver info: com.kms.katalon.selenium.driver.CChromeDriver
Capabilities {acceptInsecureCerts: false, browserName: chrome, browserVersion: 98.0.4758.102, chrome: {chromedriverVersion: 97.0.4692.36 (747e0a0f19c13..., userDataDir: C:\Users\DIEGO~1.ROJ\AppDat...}, goog:chromeOptions: {debuggerAddress: localhost:60293}, javascriptEnabled: true, networkConnectionEnabled: false, pageLoadStrategy: normal, platform: WINDOWS, platformName: WINDOWS, proxy: Proxy(), setWindowRect: true, strictFileInteractability: false, timeouts: {implicit: 0, pageLoad: 300000, script: 30000}, unhandledPromptBehavior: dismiss and notify, webauthn:extension:credBlob: true, webauthn:extension:largeBlob: true, webauthn:virtualAuthenticators: true}
Session ID: d2e15521ce9e3c1dab14ca5913fc1222
	at org.openqa.selenium.remote.http.W3CHttpResponseCodec.createException(W3CHttpResponseCodec.java:187)
	at org.openqa.selenium.remote.http.W3CHttpResponseCodec.decode(W3CHttpResponseCodec.java:122)
	at org.openqa.selenium.remote.http.W3CHttpResponseCodec.decode(W3CHttpResponseCodec.java:49)
	at org.openqa.selenium.remote.HttpCommandExecutor.execute(HttpCommandExecutor.java:158)
	at org.openqa.selenium.remote.service.DriverCommandExecutor.execute(DriverCommandExecutor.java:83)
	at org.openqa.selenium.remote.RemoteWebDriver.execute(RemoteWebDriver.java:552)
	at com.kms.katalon.selenium.driver.CChromeDriver.execute(CChromeDriver.java:19)
	at org.openqa.selenium.remote.RemoteWebDriver.executeScript(RemoteWebDriver.java:489)
	at org.openqa.selenium.support.events.EventFiringWebDriver.lambda$new$1(EventFiringWebDriver.java:105)
	at com.sun.proxy.$Proxy10.executeScript(Unknown Source)
	at org.openqa.selenium.support.events.EventFiringWebDriver.executeScript(EventFiringWebDriver.java:229)
	at com.kms.katalon.core.webui.keyword.builtin.ExecuteJavaScriptKeyword$_executeJavascript_closure1.doCall(ExecuteJavascriptKeyword.groovy:48)
	at com.kms.katalon.core.webui.keyword.builtin.ExecuteJavaScriptKeyword$_executeJavascript_closure1.call(ExecuteJavascriptKeyword.groovy)
	at com.kms.katalon.core.webui.keyword.internal.WebUIKeywordMain.runKeyword(WebUIKeywordMain.groovy:20)
	... 19 more]]></system-out>
      <system-err><![CDATA[2022-02-23 11:27:25 - [TEST_SUITE][FAILED] - 3-Pruebas_Bienestar: Test Cases/3.1-Pruebas_Bienestar/3.2.2-Invitación FAILED.
Reason:
com.kms.katalon.core.exception.StepFailedException: Unable to execute JavaScript.
	at com.kms.katalon.core.webui.keyword.internal.WebUIKeywordMain.stepFailed(WebUIKeywordMain.groovy:64)
	at com.kms.katalon.core.webui.keyword.internal.WebUIKeywordMain.runKeyword(WebUIKeywordMain.groovy:26)
	at com.kms.katalon.core.webui.keyword.builtin.ExecuteJavaScriptKeyword.executeJavascript(ExecuteJavascriptKeyword.groovy:42)
	at com.kms.katalon.core.webui.keyword.builtin.ExecuteJavaScriptKeyword.execute(ExecuteJavascriptKeyword.groovy:37)
	at com.kms.katalon.core.keyword.internal.KeywordExecutor.executeKeywordForPlatform(KeywordExecutor.groovy:74)
	at com.kms.katalon.core.webui.keyword.WebUiBuiltInKeywords.executeJavaScript(WebUiBuiltInKeywords.groovy:4873)
	at com.kms.katalon.core.webui.keyword.WebUiBuiltInKeywords$executeJavaScript$6.call(Unknown Source)
	at 3.2.2-Invitación.run(3.2.2-Invitación:64)
	at com.kms.katalon.core.main.ScriptEngine.run(ScriptEngine.java:194)
	at com.kms.katalon.core.main.ScriptEngine.runScriptAsRawText(ScriptEngine.java:119)
	at com.kms.katalon.core.main.TestCaseExecutor.runScript(TestCaseExecutor.java:442)
	at com.kms.katalon.core.main.TestCaseExecutor.doExecute(TestCaseExecutor.java:433)
	at com.kms.katalon.core.main.TestCaseExecutor.processExecutionPhase(TestCaseExecutor.java:412)
	at com.kms.katalon.core.main.TestCaseExecutor.accessMainPhase(TestCaseExecutor.java:404)
	at com.kms.katalon.core.main.TestCaseExecutor.execute(TestCaseExecutor.java:281)
	at com.kms.katalon.core.main.TestSuiteExecutor.accessTestCaseMainPhase(TestSuiteExecutor.java:202)
	at com.kms.katalon.core.main.TestSuiteExecutor.accessTestSuiteMainPhase(TestSuiteExecutor.java:164)
	at com.kms.katalon.core.main.TestSuiteExecutor.execute(TestSuiteExecutor.java:105)
	at com.kms.katalon.core.main.TestCaseMain.startTestSuite(TestCaseMain.java:185)
	at com.kms.katalon.core.main.TestCaseMain$startTestSuite$0.call(Unknown Source)
	at TempTestSuite1645633306338.run(TempTestSuite1645633306338.groovy:36)
Caused by: org.openqa.selenium.JavascriptException: javascript error: arguments[0].upload is not a function
  (Session info: chrome=98.0.4758.102)
Build info: version: '3.141.59', revision: 'e82be7d358', time: '2018-11-14T08:25:53'
System info: host: 'US-AF-000371', ip: '192.168.56.1', os.name: 'Windows 10', os.arch: 'amd64', os.version: '10.0', java.version: '1.8.0_282'
Driver info: com.kms.katalon.selenium.driver.CChromeDriver
Capabilities {acceptInsecureCerts: false, browserName: chrome, browserVersion: 98.0.4758.102, chrome: {chromedriverVersion: 97.0.4692.36 (747e0a0f19c13..., userDataDir: C:\Users\DIEGO~1.ROJ\AppDat...}, goog:chromeOptions: {debuggerAddress: localhost:60293}, javascriptEnabled: true, networkConnectionEnabled: false, pageLoadStrategy: normal, platform: WINDOWS, platformName: WINDOWS, proxy: Proxy(), setWindowRect: true, strictFileInteractability: false, timeouts: {implicit: 0, pageLoad: 300000, script: 30000}, unhandledPromptBehavior: dismiss and notify, webauthn:extension:credBlob: true, webauthn:extension:largeBlob: true, webauthn:virtualAuthenticators: true}
Session ID: d2e15521ce9e3c1dab14ca5913fc1222
	at org.openqa.selenium.remote.http.W3CHttpResponseCodec.createException(W3CHttpResponseCodec.java:187)
	at org.openqa.selenium.remote.http.W3CHttpResponseCodec.decode(W3CHttpResponseCodec.java:122)
	at org.openqa.selenium.remote.http.W3CHttpResponseCodec.decode(W3CHttpResponseCodec.java:49)
	at org.openqa.selenium.remote.HttpCommandExecutor.execute(HttpCommandExecutor.java:158)
	at org.openqa.selenium.remote.service.DriverCommandExecutor.execute(DriverCommandExecutor.java:83)
	at org.openqa.selenium.remote.RemoteWebDriver.execute(RemoteWebDriver.java:552)
	at com.kms.katalon.selenium.driver.CChromeDriver.execute(CChromeDriver.java:19)
	at org.openqa.selenium.remote.RemoteWebDriver.executeScript(RemoteWebDriver.java:489)
	at org.openqa.selenium.support.events.EventFiringWebDriver.lambda$new$1(EventFiringWebDriver.java:105)
	at com.sun.proxy.$Proxy10.executeScript(Unknown Source)
	at org.openqa.selenium.support.events.EventFiringWebDriver.executeScript(EventFiringWebDriver.java:229)
	at com.kms.katalon.core.webui.keyword.builtin.ExecuteJavaScriptKeyword$_executeJavascript_closure1.doCall(ExecuteJavascriptKeyword.groovy:48)
	at com.kms.katalon.core.webui.keyword.builtin.ExecuteJavaScriptKeyword$_executeJavascript_closure1.call(ExecuteJavascriptKeyword.groovy)
	at com.kms.katalon.core.webui.keyword.internal.WebUIKeywordMain.runKeyword(WebUIKeywordMain.groovy:20)
	... 19 more]]></system-err>
   </testsuite>
</testsuites>
