<?xml version="1.0" encoding="UTF-8"?>
<testsuites name="5-Pruebas SST" time="643.965" tests="9" failures="2" errors="0">
   <testsuite name="5-Pruebas SST" tests="9" failures="2" errors="0" time="643.965" skipped="0" timestamp="2021-12-31 13:29:27" hostname="diego.rojas - US-AF-000371" id="Test Suites/5-Pruebas SST">
      <properties>
         <property name="deviceName" value=""/>
         <property name="devicePlatform" value=""/>
         <property name="logFolder" value="C:\\Users\\diego.rojas\\git\\Pruebas-Minimas\\Reports\\20211231_131755\\5-Pruebas SST\\20211231_131812"/>
         <property name="logFiles" value="C:\\Users\\diego.rojas\\git\\Pruebas-Minimas\\Reports\\20211231_131755\\5-Pruebas SST\\20211231_131812\\execution0.log"/>
         <property name="attachments" value="C:\\Users\\diego.rojas\\git\\Pruebas-Minimas\\Reports\\20211231_131755\\5-Pruebas SST\\20211231_131812\\1640975430839.png, C:\\Users\\diego.rojas\\git\\Pruebas-Minimas\\Reports\\20211231_131755\\5-Pruebas SST\\20211231_131812\\1640975935145.png"/>
         <property name="hostName" value="diego.rojas - US-AF-000371"/>
         <property name="os" value="Windows 10 64bit"/>
         <property name="katalonVersion" value="8.2.0.208"/>
         <property name="browser" value="Chrome 96.0.4664.110"/>
         <property name="hostAddress" value="192.168.56.1"/>
         <property name="sessionId" value="a23c22c970f8c829c8d7dcf0ede25d33"/>
         <property name="seleniumVersion" value="3.141.59"/>
         <property name="proxyInformation" value="ProxyInformation { proxyOption=NO_PROXY, proxyServerType=HTTP, username=, password=********, proxyServerAddress=, proxyServerPort=0, executionList=&quot;&quot;, isApplyToDesiredCapabilities=true }"/>
         <property name="platform" value="Windows 10"/>
      </properties>
      <testcase name="Test Cases/5.1-Pruebas_SST/5.1.1-Reporte_de_accidente_de_trabajo" time="63.084" classname="Test Cases/5.1-Pruebas_SST/5.1.1-Reporte_de_accidente_de_trabajo" status="FAILED">
         <failure type="FAILED" message="Test Cases/5.1-Pruebas_SST/5.1.1-Reporte_de_accidente_de_trabajo FAILED.
Reason:
com.kms.katalon.core.exception.StepFailedException: Unable to click on object 'Object Repository/Modulo Pruebas SST/Reporte_de_accidente_de_trabajo/label_Confirmacin'
	at com.kms.katalon.core.webui.keyword.internal.WebUIKeywordMain.stepFailed(WebUIKeywordMain.groovy:64)
	at com.kms.katalon.core.webui.keyword.internal.WebUIKeywordMain.runKeyword(WebUIKeywordMain.groovy:26)
	at com.kms.katalon.core.webui.keyword.builtin.ClickKeyword.click(ClickKeyword.groovy:74)
	at com.kms.katalon.core.webui.keyword.builtin.ClickKeyword.execute(ClickKeyword.groovy:40)
	at com.kms.katalon.core.keyword.internal.KeywordExecutor.executeKeywordForPlatform(KeywordExecutor.groovy:74)
	at com.kms.katalon.core.webui.keyword.WebUiBuiltInKeywords.click(WebUiBuiltInKeywords.groovy:608)
	at com.kms.katalon.core.webui.keyword.WebUiBuiltInKeywords$click$9.call(Unknown Source)
	at 5.1.1-Reporte_de_accidente_de_trabajo.run(5.1.1-Reporte_de_accidente_de_trabajo:78)
	at com.kms.katalon.core.main.ScriptEngine.run(ScriptEngine.java:194)
	at com.kms.katalon.core.main.ScriptEngine.runScriptAsRawText(ScriptEngine.java:119)
	at com.kms.katalon.core.main.TestCaseExecutor.runScript(TestCaseExecutor.java:442)
	at com.kms.katalon.core.main.TestCaseExecutor.doExecute(TestCaseExecutor.java:433)
	at com.kms.katalon.core.main.TestCaseExecutor.processExecutionPhase(TestCaseExecutor.java:412)
	at com.kms.katalon.core.main.TestCaseExecutor.accessMainPhase(TestCaseExecutor.java:404)
	at com.kms.katalon.core.main.TestCaseExecutor.execute(TestCaseExecutor.java:281)
	at com.kms.katalon.core.main.TestSuiteExecutor.accessTestCaseMainPhase(TestSuiteExecutor.java:202)
	at com.kms.katalon.core.main.TestSuiteExecutor.accessTestSuiteMainPhase(TestSuiteExecutor.java:164)
	at com.kms.katalon.core.main.TestSuiteExecutor.execute(TestSuiteExecutor.java:105)
	at com.kms.katalon.core.main.TestCaseMain.startTestSuite(TestCaseMain.java:181)
	at com.kms.katalon.core.main.TestCaseMain$startTestSuite$0.call(Unknown Source)
	at TempTestSuite1640974692652.run(TempTestSuite1640974692652.groovy:36)
Caused by: com.kms.katalon.core.webui.exception.WebElementNotFoundException: Web element with id: 'Object Repository/Modulo Pruebas SST/Reporte_de_accidente_de_trabajo/label_Confirmacin' located by '//*/text()[normalize-space(.)='Confirmación']/parent::*' not found
	at com.kms.katalon.core.webui.common.WebUiCommonHelper.findWebElement(WebUiCommonHelper.java:1368)
	at com.kms.katalon.core.webui.keyword.internal.WebUIAbstractKeyword.findWebElement(WebUIAbstractKeyword.groovy:27)
	at com.kms.katalon.core.webui.keyword.builtin.ClickKeyword$_click_closure1.doCall(ClickKeyword.groovy:65)
	at com.kms.katalon.core.webui.keyword.builtin.ClickKeyword$_click_closure1.call(ClickKeyword.groovy)
	at com.kms.katalon.core.webui.keyword.internal.WebUIKeywordMain.runKeyword(WebUIKeywordMain.groovy:20)
	... 19 more
"/>
         <system-out><![CDATA[2021-12-31 13:29:27 - [TEST_CASE][FAILED] - Test Cases/5.1-Pruebas_SST/5.1.1-Reporte_de_accidente_de_trabajo: Test Cases/5.1-Pruebas_SST/5.1.1-Reporte_de_accidente_de_trabajo FAILED.
Reason:
com.kms.katalon.core.exception.StepFailedException: Unable to click on object 'Object Repository/Modulo Pruebas SST/Reporte_de_accidente_de_trabajo/label_Confirmacin'
	at com.kms.katalon.core.webui.keyword.internal.WebUIKeywordMain.stepFailed(WebUIKeywordMain.groovy:64)
	at com.kms.katalon.core.webui.keyword.internal.WebUIKeywordMain.runKeyword(WebUIKeywordMain.groovy:26)
	at com.kms.katalon.core.webui.keyword.builtin.ClickKeyword.click(ClickKeyword.groovy:74)
	at com.kms.katalon.core.webui.keyword.builtin.ClickKeyword.execute(ClickKeyword.groovy:40)
	at com.kms.katalon.core.keyword.internal.KeywordExecutor.executeKeywordForPlatform(KeywordExecutor.groovy:74)
	at com.kms.katalon.core.webui.keyword.WebUiBuiltInKeywords.click(WebUiBuiltInKeywords.groovy:608)
	at com.kms.katalon.core.webui.keyword.WebUiBuiltInKeywords$click$9.call(Unknown Source)
	at 5.1.1-Reporte_de_accidente_de_trabajo.run(5.1.1-Reporte_de_accidente_de_trabajo:78)
	at com.kms.katalon.core.main.ScriptEngine.run(ScriptEngine.java:194)
	at com.kms.katalon.core.main.ScriptEngine.runScriptAsRawText(ScriptEngine.java:119)
	at com.kms.katalon.core.main.TestCaseExecutor.runScript(TestCaseExecutor.java:442)
	at com.kms.katalon.core.main.TestCaseExecutor.doExecute(TestCaseExecutor.java:433)
	at com.kms.katalon.core.main.TestCaseExecutor.processExecutionPhase(TestCaseExecutor.java:412)
	at com.kms.katalon.core.main.TestCaseExecutor.accessMainPhase(TestCaseExecutor.java:404)
	at com.kms.katalon.core.main.TestCaseExecutor.execute(TestCaseExecutor.java:281)
	at com.kms.katalon.core.main.TestSuiteExecutor.accessTestCaseMainPhase(TestSuiteExecutor.java:202)
	at com.kms.katalon.core.main.TestSuiteExecutor.accessTestSuiteMainPhase(TestSuiteExecutor.java:164)
	at com.kms.katalon.core.main.TestSuiteExecutor.execute(TestSuiteExecutor.java:105)
	at com.kms.katalon.core.main.TestCaseMain.startTestSuite(TestCaseMain.java:181)
	at com.kms.katalon.core.main.TestCaseMain$startTestSuite$0.call(Unknown Source)
	at TempTestSuite1640974692652.run(TempTestSuite1640974692652.groovy:36)
Caused by: com.kms.katalon.core.webui.exception.WebElementNotFoundException: Web element with id: 'Object Repository/Modulo Pruebas SST/Reporte_de_accidente_de_trabajo/label_Confirmacin' located by '//*/text()[normalize-space(.)='Confirmación']/parent::*' not found
	at com.kms.katalon.core.webui.common.WebUiCommonHelper.findWebElement(WebUiCommonHelper.java:1368)
	at com.kms.katalon.core.webui.keyword.internal.WebUIAbstractKeyword.findWebElement(WebUIAbstractKeyword.groovy:27)
	at com.kms.katalon.core.webui.keyword.builtin.ClickKeyword$_click_closure1.doCall(ClickKeyword.groovy:65)
	at com.kms.katalon.core.webui.keyword.builtin.ClickKeyword$_click_closure1.call(ClickKeyword.groovy)
	at com.kms.katalon.core.webui.keyword.internal.WebUIKeywordMain.runKeyword(WebUIKeywordMain.groovy:20)
	... 19 more


2021-12-31 13:29:28 - [TEST_STEP][PASSED] - callTestCase(findTestCase("0.1-Login"), [:], STOP_ON_FAILURE): Call Test Case 'Test Cases/0.1-Login' successfully

2021-12-31 13:29:28 - [TEST_CASE][PASSED] - Test Cases/0.1-Login: Test Cases/0.1-Login

2021-12-31 13:29:29 - [TEST_STEP][PASSED] - openBrowser(""): Browser is opened with url: ''

2021-12-31 13:29:29 - [MESSAGE][INFO] - Starting 'Chrome' driver

2021-12-31 13:29:29 - [MESSAGE][INFO] - Action delay is set to 0 milliseconds

2021-12-31 13:29:31 - [MESSAGE][PASSED] - Browser is opened with url: ''

2021-12-31 13:29:31 - [TEST_STEP][PASSED] - maximizeWindow(): Current window maximized

2021-12-31 13:29:31 - [MESSAGE][PASSED] - Current window maximized

2021-12-31 13:29:31 - [TEST_STEP][PASSED] - i = G_Login: null

2021-12-31 13:29:32 - [TEST_STEP][PASSED] - url = new java.net.URL(i): null

2021-12-31 13:29:32 - [TEST_STEP][PASSED] - println("URL: " + url.toString()): null

2021-12-31 13:29:32 - [TEST_STEP][PASSED] - connection = url.openConnection(): null

2021-12-31 13:29:32 - [TEST_STEP][PASSED] - connection.setRequestMethod("GET"): null

2021-12-31 13:29:32 - [TEST_STEP][PASSED] - connection.setReadTimeout(2 * 1000): null

2021-12-31 13:29:32 - [TEST_STEP][PASSED] - try: null

2021-12-31 13:29:32 - [TEST_STEP][PASSED] - connection.connect(): null

2021-12-31 13:29:32 - [TEST_STEP][PASSED] - flag = connected: null

2021-12-31 13:29:32 - [TEST_STEP][PASSED] - println("Valor_ori: " + flag): null

2021-12-31 13:29:32 - [TEST_STEP][PASSED] - if (flag): null

2021-12-31 13:29:32 - [TEST_STEP][PASSED] - navigateToUrl(i): Navigate to 'http://192.168.2.80:8380/saraweb' successfully

2021-12-31 13:29:32 - [MESSAGE][PASSED] - Navigate to 'http://192.168.2.80:8380/saraweb' successfully

2021-12-31 13:29:32 - [TEST_STEP][PASSED] - a(): null

2021-12-31 13:29:32 - [TEST_STEP][PASSED] - setText(findTestObject("Login/input_USUARIO_loginusuario"), G_Usuario): Text 'saraadmin' is set on object 'Object Repository/Login/input_USUARIO_loginusuario'

2021-12-31 13:29:33 - [MESSAGE][PASSED] - Text 'saraadmin' is set on object 'Object Repository/Login/input_USUARIO_loginusuario'

2021-12-31 13:29:33 - [TEST_STEP][PASSED] - setEncryptedText(findTestObject("Login/input_CLAVE_loginpassword"), "MkG4/TYiCFC3cb2driP7+Q=="): Text ****** has been set on object 'Object Repository/Login/input_CLAVE_loginpassword'

2021-12-31 13:29:33 - [MESSAGE][PASSED] - Text ****** has been set on object 'Object Repository/Login/input_CLAVE_loginpassword'

2021-12-31 13:29:33 - [TEST_STEP][PASSED] - waitForElementClickable(findTestObject("Login/a_Ingresar"), G_TimeOut): Object 'Object Repository/Login/a_Ingresar' is clickable

2021-12-31 13:29:34 - [MESSAGE][PASSED] - Object 'Object Repository/Login/a_Ingresar' is clickable

2021-12-31 13:29:34 - [TEST_STEP][PASSED] - click(findTestObject("Login/a_Ingresar")): Object: 'Object Repository/Login/a_Ingresar' is clicked on

2021-12-31 13:29:35 - [MESSAGE][PASSED] - Object: 'Object Repository/Login/a_Ingresar' is clicked on

2021-12-31 13:29:35 - [TEST_STEP][PASSED] - element = findWebElement(findTestObject("Login/a_Ir"), 30): null

2021-12-31 13:29:36 - [TEST_STEP][PASSED] - executeJavaScript("arguments[0].click()", Arrays.asList(element)): Execute JavaScript 'arguments[0].click()' successfully

2021-12-31 13:29:36 - [MESSAGE][PASSED] - Execute JavaScript 'arguments[0].click()' successfully

2021-12-31 13:29:36 - [MESSAGE][PASSED] - Call Test Case 'Test Cases/0.1-Login' successfully

2021-12-31 13:29:36 - [TEST_STEP][PASSED] - setText(findTestObject("Modulo Pruebas SST/Reporte_de_accidente_de_trabajo/input_ADMINISTRADOR DEL SISTEMA - SARA_form_templatej_idt24_input"), "Informe accidente de trabajo"): Text 'Informe accidente de trabajo' is set on object 'Object Repository/Modulo Pruebas SST/Reporte_de_accidente_de_trabajo/input_ADMINISTRADOR DEL SISTEMA - SARA_form_templatej_idt24_input'

2021-12-31 13:29:37 - [MESSAGE][PASSED] - Text 'Informe accidente de trabajo' is set on object 'Object Repository/Modulo Pruebas SST/Reporte_de_accidente_de_trabajo/input_ADMINISTRADOR DEL SISTEMA - SARA_form_templatej_idt24_input'

2021-12-31 13:29:37 - [TEST_STEP][PASSED] - click(findTestObject("Modulo Pruebas SST/Reporte_de_accidente_de_trabajo/li_Informe Accidente de Trabajo (sst)")): Object: 'Object Repository/Modulo Pruebas SST/Reporte_de_accidente_de_trabajo/li_Informe Accidente de Trabajo (sst)' is clicked on

2021-12-31 13:29:38 - [MESSAGE][PASSED] - Object: 'Object Repository/Modulo Pruebas SST/Reporte_de_accidente_de_trabajo/li_Informe Accidente de Trabajo (sst)' is clicked on

2021-12-31 13:29:38 - [TEST_STEP][PASSED] - if (waitForElementPresent(findTestObject("Modulo Pruebas SST/Reporte_de_accidente_de_trabajo/span_Prueba"), 1)): null

2021-12-31 13:29:40 - [MESSAGE][PASSED] - Object 'Object Repository/Modulo Pruebas SST/Reporte_de_accidente_de_trabajo/span_Prueba' is present

2021-12-31 13:29:40 - [TEST_STEP][PASSED] - click(findTestObject("Modulo Pruebas SST/Reporte_de_accidente_de_trabajo/span_Prueba")): Object: 'Object Repository/Modulo Pruebas SST/Reporte_de_accidente_de_trabajo/span_Prueba' is clicked on

2021-12-31 13:29:41 - [MESSAGE][PASSED] - Object: 'Object Repository/Modulo Pruebas SST/Reporte_de_accidente_de_trabajo/span_Prueba' is clicked on

2021-12-31 13:29:41 - [TEST_STEP][PASSED] - click(findTestObject("Modulo Pruebas SST/Reporte_de_accidente_de_trabajo/a_Recomendaciones_Eliminar")): Object: 'Object Repository/Modulo Pruebas SST/Reporte_de_accidente_de_trabajo/a_Recomendaciones_Eliminar' is clicked on

2021-12-31 13:29:44 - [MESSAGE][PASSED] - Object: 'Object Repository/Modulo Pruebas SST/Reporte_de_accidente_de_trabajo/a_Recomendaciones_Eliminar' is clicked on

2021-12-31 13:29:44 - [TEST_STEP][PASSED] - if (waitForElementPresent(findTestObject("Modulo Pruebas SST/Reporte_de_accidente_de_trabajo/span_Camine con Precaucin_eliminar"), 1)): null

2021-12-31 13:29:45 - [MESSAGE][PASSED] - Object 'Object Repository/Modulo Pruebas SST/Reporte_de_accidente_de_trabajo/span_Camine con Precaucin_eliminar' is present

2021-12-31 13:29:45 - [TEST_STEP][PASSED] - click(findTestObject("Modulo Pruebas SST/Reporte_de_accidente_de_trabajo/span_Camine con Precaucin_eliminar")): Object: 'Object Repository/Modulo Pruebas SST/Reporte_de_accidente_de_trabajo/span_Camine con Precaucin_eliminar' is clicked on

2021-12-31 13:29:45 - [MESSAGE][PASSED] - Object: 'Object Repository/Modulo Pruebas SST/Reporte_de_accidente_de_trabajo/span_Camine con Precaucin_eliminar' is clicked on

2021-12-31 13:29:45 - [TEST_STEP][PASSED] - click(findTestObject("Modulo Pruebas SST/Reporte_de_accidente_de_trabajo/a_Eliminar0")): Object: 'Object Repository/Modulo Pruebas SST/Reporte_de_accidente_de_trabajo/a_Eliminar0' is clicked on

2021-12-31 13:29:46 - [MESSAGE][PASSED] - Object: 'Object Repository/Modulo Pruebas SST/Reporte_de_accidente_de_trabajo/a_Eliminar0' is clicked on

2021-12-31 13:29:46 - [TEST_STEP][PASSED] - click(findTestObject("Modulo Pruebas SST/Reporte_de_accidente_de_trabajo/a_Aceptar_Eliminar0")): Object: 'Object Repository/Modulo Pruebas SST/Reporte_de_accidente_de_trabajo/a_Aceptar_Eliminar0' is clicked on

2021-12-31 13:29:47 - [MESSAGE][PASSED] - Object: 'Object Repository/Modulo Pruebas SST/Reporte_de_accidente_de_trabajo/a_Aceptar_Eliminar0' is clicked on

2021-12-31 13:29:47 - [TEST_STEP][PASSED] - click(findTestObject("Modulo Pruebas SST/Reporte_de_accidente_de_trabajo/a_Testigo_Eliminar")): Object: 'Object Repository/Modulo Pruebas SST/Reporte_de_accidente_de_trabajo/a_Testigo_Eliminar' is clicked on

2021-12-31 13:29:48 - [MESSAGE][PASSED] - Object: 'Object Repository/Modulo Pruebas SST/Reporte_de_accidente_de_trabajo/a_Testigo_Eliminar' is clicked on

2021-12-31 13:29:48 - [TEST_STEP][PASSED] - if (waitForElementPresent(findTestObject("Modulo Pruebas SST/Reporte_de_accidente_de_trabajo/td_DIAZ BLANCO GUISELL"), 1)): null

2021-12-31 13:29:48 - [MESSAGE][PASSED] - Object 'Object Repository/Modulo Pruebas SST/Reporte_de_accidente_de_trabajo/td_DIAZ BLANCO GUISELL' is present

2021-12-31 13:29:48 - [TEST_STEP][PASSED] - click(findTestObject("Modulo Pruebas SST/Reporte_de_accidente_de_trabajo/td_DIAZ BLANCO GUISELL")): Object: 'Object Repository/Modulo Pruebas SST/Reporte_de_accidente_de_trabajo/td_DIAZ BLANCO GUISELL' is clicked on

2021-12-31 13:29:49 - [MESSAGE][PASSED] - Object: 'Object Repository/Modulo Pruebas SST/Reporte_de_accidente_de_trabajo/td_DIAZ BLANCO GUISELL' is clicked on

2021-12-31 13:29:49 - [TEST_STEP][PASSED] - click(findTestObject("Modulo Pruebas SST/Reporte_de_accidente_de_trabajo/a_Eliminar1")): Object: 'Object Repository/Modulo Pruebas SST/Reporte_de_accidente_de_trabajo/a_Eliminar1' is clicked on

2021-12-31 13:29:50 - [MESSAGE][PASSED] - Object: 'Object Repository/Modulo Pruebas SST/Reporte_de_accidente_de_trabajo/a_Eliminar1' is clicked on

2021-12-31 13:29:50 - [TEST_STEP][PASSED] - click(findTestObject("Modulo Pruebas SST/Reporte_de_accidente_de_trabajo/a_Aceptar_Eliminar1")): Object: 'Object Repository/Modulo Pruebas SST/Reporte_de_accidente_de_trabajo/a_Aceptar_Eliminar1' is clicked on

2021-12-31 13:29:51 - [MESSAGE][PASSED] - Object: 'Object Repository/Modulo Pruebas SST/Reporte_de_accidente_de_trabajo/a_Aceptar_Eliminar1' is clicked on

2021-12-31 13:29:51 - [TEST_STEP][PASSED] - click(findTestObject("Modulo Pruebas SST/Reporte_de_accidente_de_trabajo/a_Accidentado_Eliminar")): Object: 'Object Repository/Modulo Pruebas SST/Reporte_de_accidente_de_trabajo/a_Accidentado_Eliminar' is clicked on

2021-12-31 13:29:51 - [MESSAGE][PASSED] - Object: 'Object Repository/Modulo Pruebas SST/Reporte_de_accidente_de_trabajo/a_Accidentado_Eliminar' is clicked on

2021-12-31 13:29:51 - [TEST_STEP][PASSED] - if (waitForElementPresent(findTestObject("Modulo Pruebas SST/Reporte_de_accidente_de_trabajo/span_DIAZ BLANCO GUISELL_Eliminar"), 1)): null

2021-12-31 13:29:52 - [MESSAGE][PASSED] - Object 'Object Repository/Modulo Pruebas SST/Reporte_de_accidente_de_trabajo/span_DIAZ BLANCO GUISELL_Eliminar' is present

2021-12-31 13:29:52 - [TEST_STEP][PASSED] - click(findTestObject("Modulo Pruebas SST/Reporte_de_accidente_de_trabajo/span_DIAZ BLANCO GUISELL_Eliminar")): Object: 'Object Repository/Modulo Pruebas SST/Reporte_de_accidente_de_trabajo/span_DIAZ BLANCO GUISELL_Eliminar' is clicked on

2021-12-31 13:29:52 - [MESSAGE][PASSED] - Object: 'Object Repository/Modulo Pruebas SST/Reporte_de_accidente_de_trabajo/span_DIAZ BLANCO GUISELL_Eliminar' is clicked on

2021-12-31 13:29:52 - [TEST_STEP][PASSED] - click(findTestObject("Modulo Pruebas SST/Reporte_de_accidente_de_trabajo/a_Investigaciones")): Object: 'Object Repository/Modulo Pruebas SST/Reporte_de_accidente_de_trabajo/a_Investigaciones' is clicked on

2021-12-31 13:29:54 - [MESSAGE][PASSED] - Object: 'Object Repository/Modulo Pruebas SST/Reporte_de_accidente_de_trabajo/a_Investigaciones' is clicked on

2021-12-31 13:29:54 - [TEST_STEP][PASSED] - if (waitForElementVisible(findTestObject("Modulo Pruebas SST/Reporte_de_accidente_de_trabajo/span_Prueba0"), 1)): null

2021-12-31 13:29:55 - [MESSAGE][PASSED] - Object 'Object Repository/Modulo Pruebas SST/Reporte_de_accidente_de_trabajo/span_Prueba0' is visible

2021-12-31 13:29:55 - [TEST_STEP][PASSED] - click(findTestObject("Modulo Pruebas SST/Reporte_de_accidente_de_trabajo/span_Prueba0")): Object: 'Object Repository/Modulo Pruebas SST/Reporte_de_accidente_de_trabajo/span_Prueba0' is clicked on

2021-12-31 13:29:55 - [MESSAGE][PASSED] - Object: 'Object Repository/Modulo Pruebas SST/Reporte_de_accidente_de_trabajo/span_Prueba0' is clicked on

2021-12-31 13:29:55 - [TEST_STEP][PASSED] - click(findTestObject("Modulo Pruebas SST/Reporte_de_accidente_de_trabajo/a_Accin2")): Object: 'Object Repository/Modulo Pruebas SST/Reporte_de_accidente_de_trabajo/a_Accin2' is clicked on

2021-12-31 13:29:56 - [MESSAGE][PASSED] - Object: 'Object Repository/Modulo Pruebas SST/Reporte_de_accidente_de_trabajo/a_Accin2' is clicked on

2021-12-31 13:29:56 - [TEST_STEP][PASSED] - if (waitForElementVisible(findTestObject("Modulo Pruebas SST/Reporte_de_accidente_de_trabajo/span_Tipo Accion"), 1)): null

2021-12-31 13:29:57 - [MESSAGE][PASSED] - Object 'Object Repository/Modulo Pruebas SST/Reporte_de_accidente_de_trabajo/span_Tipo Accion' is visible

2021-12-31 13:29:57 - [TEST_STEP][PASSED] - click(findTestObject("Modulo Pruebas SST/Reporte_de_accidente_de_trabajo/span_Tipo Accion")): Object: 'Object Repository/Modulo Pruebas SST/Reporte_de_accidente_de_trabajo/span_Tipo Accion' is clicked on

2021-12-31 13:29:57 - [MESSAGE][PASSED] - Object: 'Object Repository/Modulo Pruebas SST/Reporte_de_accidente_de_trabajo/span_Tipo Accion' is clicked on

2021-12-31 13:29:57 - [TEST_STEP][PASSED] - click(findTestObject("Modulo Pruebas SST/Reporte_de_accidente_de_trabajo/a_Control")): Object: 'Object Repository/Modulo Pruebas SST/Reporte_de_accidente_de_trabajo/a_Control' is clicked on

2021-12-31 13:29:58 - [MESSAGE][PASSED] - Object: 'Object Repository/Modulo Pruebas SST/Reporte_de_accidente_de_trabajo/a_Control' is clicked on

2021-12-31 13:29:58 - [TEST_STEP][PASSED] - if (waitForElementVisible(findTestObject("Modulo Pruebas SST/Reporte_de_accidente_de_trabajo/a_Efectuado_form_popupRecomendacionInvvpanel_principal_23tablaControl0j_idt460"), 1)): null

2021-12-31 13:29:59 - [MESSAGE][PASSED] - Object 'Object Repository/Modulo Pruebas SST/Reporte_de_accidente_de_trabajo/a_Efectuado_form_popupRecomendacionInvvpanel_principal_23tablaControl0j_idt460' is visible

2021-12-31 13:29:59 - [TEST_STEP][PASSED] - click(findTestObject("Modulo Pruebas SST/Reporte_de_accidente_de_trabajo/a_Efectuado_form_popupRecomendacionInvvpanel_principal_23tablaControl0j_idt460")): Object: 'Object Repository/Modulo Pruebas SST/Reporte_de_accidente_de_trabajo/a_Efectuado_form_popupRecomendacionInvvpanel_principal_23tablaControl0j_idt460' is clicked on

2021-12-31 13:29:59 - [MESSAGE][PASSED] - Object: 'Object Repository/Modulo Pruebas SST/Reporte_de_accidente_de_trabajo/a_Efectuado_form_popupRecomendacionInvvpanel_principal_23tablaControl0j_idt460' is clicked on

2021-12-31 13:29:59 - [TEST_STEP][FAILED] - click(findTestObject("Modulo Pruebas SST/Reporte_de_accidente_de_trabajo/label_Confirmacin"), STOP_ON_FAILURE): Unable to click on object 'Object Repository/Modulo Pruebas SST/Reporte_de_accidente_de_trabajo/label_Confirmacin' (Root cause: com.kms.katalon.core.exception.StepFailedException: Unable to click on object 'Object Repository/Modulo Pruebas SST/Reporte_de_accidente_de_trabajo/label_Confirmacin'
	at com.kms.katalon.core.webui.keyword.internal.WebUIKeywordMain.stepFailed(WebUIKeywordMain.groovy:64)
	at com.kms.katalon.core.webui.keyword.internal.WebUIKeywordMain.runKeyword(WebUIKeywordMain.groovy:26)
	at com.kms.katalon.core.webui.keyword.builtin.ClickKeyword.click(ClickKeyword.groovy:74)
	at com.kms.katalon.core.webui.keyword.builtin.ClickKeyword.execute(ClickKeyword.groovy:40)
	at com.kms.katalon.core.keyword.internal.KeywordExecutor.executeKeywordForPlatform(KeywordExecutor.groovy:74)
	at com.kms.katalon.core.webui.keyword.WebUiBuiltInKeywords.click(WebUiBuiltInKeywords.groovy:608)
	at com.kms.katalon.core.webui.keyword.WebUiBuiltInKeywords$click$9.call(Unknown Source)
	at 5.1.1-Reporte_de_accidente_de_trabajo.run(5.1.1-Reporte_de_accidente_de_trabajo:78)
	at com.kms.katalon.core.main.ScriptEngine.run(ScriptEngine.java:194)
	at com.kms.katalon.core.main.ScriptEngine.runScriptAsRawText(ScriptEngine.java:119)
	at com.kms.katalon.core.main.TestCaseExecutor.runScript(TestCaseExecutor.java:442)
	at com.kms.katalon.core.main.TestCaseExecutor.doExecute(TestCaseExecutor.java:433)
	at com.kms.katalon.core.main.TestCaseExecutor.processExecutionPhase(TestCaseExecutor.java:412)
	at com.kms.katalon.core.main.TestCaseExecutor.accessMainPhase(TestCaseExecutor.java:404)
	at com.kms.katalon.core.main.TestCaseExecutor.execute(TestCaseExecutor.java:281)
	at com.kms.katalon.core.main.TestSuiteExecutor.accessTestCaseMainPhase(TestSuiteExecutor.java:202)
	at com.kms.katalon.core.main.TestSuiteExecutor.accessTestSuiteMainPhase(TestSuiteExecutor.java:164)
	at com.kms.katalon.core.main.TestSuiteExecutor.execute(TestSuiteExecutor.java:105)
	at com.kms.katalon.core.main.TestCaseMain.startTestSuite(TestCaseMain.java:181)
	at com.kms.katalon.core.main.TestCaseMain$startTestSuite$0.call(Unknown Source)
	at TempTestSuite1640974692652.run(TempTestSuite1640974692652.groovy:36)
Caused by: com.kms.katalon.core.webui.exception.WebElementNotFoundException: Web element with id: 'Object Repository/Modulo Pruebas SST/Reporte_de_accidente_de_trabajo/label_Confirmacin' located by '//*/text()[normalize-space(.)='Confirmación']/parent::*' not found
	at com.kms.katalon.core.webui.common.WebUiCommonHelper.findWebElement(WebUiCommonHelper.java:1368)
	at com.kms.katalon.core.webui.keyword.internal.WebUIAbstractKeyword.findWebElement(WebUIAbstractKeyword.groovy:27)
	at com.kms.katalon.core.webui.keyword.builtin.ClickKeyword$_click_closure1.doCall(ClickKeyword.groovy:65)
	at com.kms.katalon.core.webui.keyword.builtin.ClickKeyword$_click_closure1.call(ClickKeyword.groovy)
	at com.kms.katalon.core.webui.keyword.internal.WebUIKeywordMain.runKeyword(WebUIKeywordMain.groovy:20)
	at com.kms.katalon.core.webui.keyword.builtin.ClickKeyword.click(ClickKeyword.groovy:74)
	at com.kms.katalon.core.webui.keyword.builtin.ClickKeyword.execute(ClickKeyword.groovy:40)
	at com.kms.katalon.core.keyword.internal.KeywordExecutor.executeKeywordForPlatform(KeywordExecutor.groovy:74)
	at com.kms.katalon.core.webui.keyword.WebUiBuiltInKeywords.click(WebUiBuiltInKeywords.groovy:608)
	at com.kms.katalon.core.webui.keyword.WebUiBuiltInKeywords$click$9.call(Unknown Source)
	at Script1637609109922.run(Script1637609109922.groovy:78)
	... 13 more
)

2021-12-31 13:30:30 - [MESSAGE][INFO] - Unable to find the element located by 'By.xpath: //*/text()[normalize-space(.)='Confirmación']/parent::*'. Please recheck the objects properties to make sure the desired element is located. 

2021-12-31 13:30:31 - [MESSAGE][FAILED] - Unable to click on object 'Object Repository/Modulo Pruebas SST/Reporte_de_accidente_de_trabajo/label_Confirmacin' (Root cause: com.kms.katalon.core.exception.StepFailedException: Unable to click on object 'Object Repository/Modulo Pruebas SST/Reporte_de_accidente_de_trabajo/label_Confirmacin'
	at com.kms.katalon.core.webui.keyword.internal.WebUIKeywordMain.stepFailed(WebUIKeywordMain.groovy:64)
	at com.kms.katalon.core.webui.keyword.internal.WebUIKeywordMain.runKeyword(WebUIKeywordMain.groovy:26)
	at com.kms.katalon.core.webui.keyword.builtin.ClickKeyword.click(ClickKeyword.groovy:74)
	at com.kms.katalon.core.webui.keyword.builtin.ClickKeyword.execute(ClickKeyword.groovy:40)
	at com.kms.katalon.core.keyword.internal.KeywordExecutor.executeKeywordForPlatform(KeywordExecutor.groovy:74)
	at com.kms.katalon.core.webui.keyword.WebUiBuiltInKeywords.click(WebUiBuiltInKeywords.groovy:608)
	at com.kms.katalon.core.webui.keyword.WebUiBuiltInKeywords$click$9.call(Unknown Source)
	at 5.1.1-Reporte_de_accidente_de_trabajo.run(5.1.1-Reporte_de_accidente_de_trabajo:78)
	at com.kms.katalon.core.main.ScriptEngine.run(ScriptEngine.java:194)
	at com.kms.katalon.core.main.ScriptEngine.runScriptAsRawText(ScriptEngine.java:119)
	at com.kms.katalon.core.main.TestCaseExecutor.runScript(TestCaseExecutor.java:442)
	at com.kms.katalon.core.main.TestCaseExecutor.doExecute(TestCaseExecutor.java:433)
	at com.kms.katalon.core.main.TestCaseExecutor.processExecutionPhase(TestCaseExecutor.java:412)
	at com.kms.katalon.core.main.TestCaseExecutor.accessMainPhase(TestCaseExecutor.java:404)
	at com.kms.katalon.core.main.TestCaseExecutor.execute(TestCaseExecutor.java:281)
	at com.kms.katalon.core.main.TestSuiteExecutor.accessTestCaseMainPhase(TestSuiteExecutor.java:202)
	at com.kms.katalon.core.main.TestSuiteExecutor.accessTestSuiteMainPhase(TestSuiteExecutor.java:164)
	at com.kms.katalon.core.main.TestSuiteExecutor.execute(TestSuiteExecutor.java:105)
	at com.kms.katalon.core.main.TestCaseMain.startTestSuite(TestCaseMain.java:181)
	at com.kms.katalon.core.main.TestCaseMain$startTestSuite$0.call(Unknown Source)
	at TempTestSuite1640974692652.run(TempTestSuite1640974692652.groovy:36)
Caused by: com.kms.katalon.core.webui.exception.WebElementNotFoundException: Web element with id: 'Object Repository/Modulo Pruebas SST/Reporte_de_accidente_de_trabajo/label_Confirmacin' located by '//*/text()[normalize-space(.)='Confirmación']/parent::*' not found
	at com.kms.katalon.core.webui.common.WebUiCommonHelper.findWebElement(WebUiCommonHelper.java:1368)
	at com.kms.katalon.core.webui.keyword.internal.WebUIAbstractKeyword.findWebElement(WebUIAbstractKeyword.groovy:27)
	at com.kms.katalon.core.webui.keyword.builtin.ClickKeyword$_click_closure1.doCall(ClickKeyword.groovy:65)
	at com.kms.katalon.core.webui.keyword.builtin.ClickKeyword$_click_closure1.call(ClickKeyword.groovy)
	at com.kms.katalon.core.webui.keyword.internal.WebUIKeywordMain.runKeyword(WebUIKeywordMain.groovy:20)
	at com.kms.katalon.core.webui.keyword.builtin.ClickKeyword.click(ClickKeyword.groovy:74)
	at com.kms.katalon.core.webui.keyword.builtin.ClickKeyword.execute(ClickKeyword.groovy:40)
	at com.kms.katalon.core.keyword.internal.KeywordExecutor.executeKeywordForPlatform(KeywordExecutor.groovy:74)
	at com.kms.katalon.core.webui.keyword.WebUiBuiltInKeywords.click(WebUiBuiltInKeywords.groovy:608)
	at com.kms.katalon.core.webui.keyword.WebUiBuiltInKeywords$click$9.call(Unknown Source)
	at Script1637609109922.run(Script1637609109922.groovy:78)
	... 13 more
)
[[ATTACHMENT|C:\\Users\\diego.rojas\\git\\Pruebas-Minimas\\Reports\\20211231_131755\\5-Pruebas SST\\20211231_131812\\1640975430839.png]]]]></system-out>
         <system-err><![CDATA[2021-12-31 13:29:27 - [TEST_CASE][FAILED] - Test Cases/5.1-Pruebas_SST/5.1.1-Reporte_de_accidente_de_trabajo: Test Cases/5.1-Pruebas_SST/5.1.1-Reporte_de_accidente_de_trabajo FAILED.
Reason:
com.kms.katalon.core.exception.StepFailedException: Unable to click on object 'Object Repository/Modulo Pruebas SST/Reporte_de_accidente_de_trabajo/label_Confirmacin'
	at com.kms.katalon.core.webui.keyword.internal.WebUIKeywordMain.stepFailed(WebUIKeywordMain.groovy:64)
	at com.kms.katalon.core.webui.keyword.internal.WebUIKeywordMain.runKeyword(WebUIKeywordMain.groovy:26)
	at com.kms.katalon.core.webui.keyword.builtin.ClickKeyword.click(ClickKeyword.groovy:74)
	at com.kms.katalon.core.webui.keyword.builtin.ClickKeyword.execute(ClickKeyword.groovy:40)
	at com.kms.katalon.core.keyword.internal.KeywordExecutor.executeKeywordForPlatform(KeywordExecutor.groovy:74)
	at com.kms.katalon.core.webui.keyword.WebUiBuiltInKeywords.click(WebUiBuiltInKeywords.groovy:608)
	at com.kms.katalon.core.webui.keyword.WebUiBuiltInKeywords$click$9.call(Unknown Source)
	at 5.1.1-Reporte_de_accidente_de_trabajo.run(5.1.1-Reporte_de_accidente_de_trabajo:78)
	at com.kms.katalon.core.main.ScriptEngine.run(ScriptEngine.java:194)
	at com.kms.katalon.core.main.ScriptEngine.runScriptAsRawText(ScriptEngine.java:119)
	at com.kms.katalon.core.main.TestCaseExecutor.runScript(TestCaseExecutor.java:442)
	at com.kms.katalon.core.main.TestCaseExecutor.doExecute(TestCaseExecutor.java:433)
	at com.kms.katalon.core.main.TestCaseExecutor.processExecutionPhase(TestCaseExecutor.java:412)
	at com.kms.katalon.core.main.TestCaseExecutor.accessMainPhase(TestCaseExecutor.java:404)
	at com.kms.katalon.core.main.TestCaseExecutor.execute(TestCaseExecutor.java:281)
	at com.kms.katalon.core.main.TestSuiteExecutor.accessTestCaseMainPhase(TestSuiteExecutor.java:202)
	at com.kms.katalon.core.main.TestSuiteExecutor.accessTestSuiteMainPhase(TestSuiteExecutor.java:164)
	at com.kms.katalon.core.main.TestSuiteExecutor.execute(TestSuiteExecutor.java:105)
	at com.kms.katalon.core.main.TestCaseMain.startTestSuite(TestCaseMain.java:181)
	at com.kms.katalon.core.main.TestCaseMain$startTestSuite$0.call(Unknown Source)
	at TempTestSuite1640974692652.run(TempTestSuite1640974692652.groovy:36)
Caused by: com.kms.katalon.core.webui.exception.WebElementNotFoundException: Web element with id: 'Object Repository/Modulo Pruebas SST/Reporte_de_accidente_de_trabajo/label_Confirmacin' located by '//*/text()[normalize-space(.)='Confirmación']/parent::*' not found
	at com.kms.katalon.core.webui.common.WebUiCommonHelper.findWebElement(WebUiCommonHelper.java:1368)
	at com.kms.katalon.core.webui.keyword.internal.WebUIAbstractKeyword.findWebElement(WebUIAbstractKeyword.groovy:27)
	at com.kms.katalon.core.webui.keyword.builtin.ClickKeyword$_click_closure1.doCall(ClickKeyword.groovy:65)
	at com.kms.katalon.core.webui.keyword.builtin.ClickKeyword$_click_closure1.call(ClickKeyword.groovy)
	at com.kms.katalon.core.webui.keyword.internal.WebUIKeywordMain.runKeyword(WebUIKeywordMain.groovy:20)
	... 19 more]]></system-err>
      </testcase>
      <testcase name="Test Cases/5.1-Pruebas_SST/5.1.2-Investigación_Accidente_de_Trabajo" time="103.443" classname="Test Cases/5.1-Pruebas_SST/5.1.2-Investigación_Accidente_de_Trabajo" status="PASSED">
         <system-out><![CDATA[2021-12-31 13:30:31 - [TEST_CASE][PASSED] - Test Cases/5.1-Pruebas_SST/5.1.2-Investigación_Accidente_de_Trabajo: Test Cases/5.1-Pruebas_SST/5.1.2-Investigación_Accidente_de_Trabajo

2021-12-31 13:30:31 - [TEST_STEP][PASSED] - callTestCase(findTestCase("0.1-Login"), [:], STOP_ON_FAILURE): Call Test Case 'Test Cases/0.1-Login' successfully

2021-12-31 13:30:31 - [TEST_CASE][PASSED] - Test Cases/0.1-Login: Test Cases/0.1-Login

2021-12-31 13:30:31 - [TEST_STEP][PASSED] - openBrowser(""): Browser is opened with url: ''

2021-12-31 13:30:31 - [MESSAGE][WARNING] - A browser is already opened. Closing browser and opening a new one

2021-12-31 13:30:32 - [MESSAGE][INFO] - Starting 'Chrome' driver

2021-12-31 13:30:32 - [MESSAGE][INFO] - Action delay is set to 0 milliseconds

2021-12-31 13:30:33 - [MESSAGE][PASSED] - Browser is opened with url: ''

2021-12-31 13:30:33 - [TEST_STEP][PASSED] - maximizeWindow(): Current window maximized

2021-12-31 13:30:33 - [MESSAGE][PASSED] - Current window maximized

2021-12-31 13:30:33 - [TEST_STEP][PASSED] - i = G_Login: null

2021-12-31 13:30:33 - [TEST_STEP][PASSED] - url = new java.net.URL(i): null

2021-12-31 13:30:33 - [TEST_STEP][PASSED] - println("URL: " + url.toString()): null

2021-12-31 13:30:33 - [TEST_STEP][PASSED] - connection = url.openConnection(): null

2021-12-31 13:30:33 - [TEST_STEP][PASSED] - connection.setRequestMethod("GET"): null

2021-12-31 13:30:33 - [TEST_STEP][PASSED] - connection.setReadTimeout(2 * 1000): null

2021-12-31 13:30:33 - [TEST_STEP][PASSED] - try: null

2021-12-31 13:30:33 - [TEST_STEP][PASSED] - connection.connect(): null

2021-12-31 13:30:33 - [TEST_STEP][PASSED] - flag = connected: null

2021-12-31 13:30:33 - [TEST_STEP][PASSED] - println("Valor_ori: " + flag): null

2021-12-31 13:30:33 - [TEST_STEP][PASSED] - if (flag): null

2021-12-31 13:30:33 - [TEST_STEP][PASSED] - navigateToUrl(i): Navigate to 'http://192.168.2.80:8380/saraweb' successfully

2021-12-31 13:30:34 - [MESSAGE][PASSED] - Navigate to 'http://192.168.2.80:8380/saraweb' successfully

2021-12-31 13:30:34 - [TEST_STEP][PASSED] - a(): null

2021-12-31 13:30:34 - [TEST_STEP][PASSED] - setText(findTestObject("Login/input_USUARIO_loginusuario"), G_Usuario): Text 'saraadmin' is set on object 'Object Repository/Login/input_USUARIO_loginusuario'

2021-12-31 13:30:35 - [MESSAGE][PASSED] - Text 'saraadmin' is set on object 'Object Repository/Login/input_USUARIO_loginusuario'

2021-12-31 13:30:35 - [TEST_STEP][PASSED] - setEncryptedText(findTestObject("Login/input_CLAVE_loginpassword"), "MkG4/TYiCFC3cb2driP7+Q=="): Text ****** has been set on object 'Object Repository/Login/input_CLAVE_loginpassword'

2021-12-31 13:30:35 - [MESSAGE][PASSED] - Text ****** has been set on object 'Object Repository/Login/input_CLAVE_loginpassword'

2021-12-31 13:30:35 - [TEST_STEP][PASSED] - waitForElementClickable(findTestObject("Login/a_Ingresar"), G_TimeOut): Object 'Object Repository/Login/a_Ingresar' is clickable

2021-12-31 13:30:36 - [MESSAGE][PASSED] - Object 'Object Repository/Login/a_Ingresar' is clickable

2021-12-31 13:30:36 - [TEST_STEP][PASSED] - click(findTestObject("Login/a_Ingresar")): Object: 'Object Repository/Login/a_Ingresar' is clicked on

2021-12-31 13:30:38 - [MESSAGE][PASSED] - Object: 'Object Repository/Login/a_Ingresar' is clicked on

2021-12-31 13:30:38 - [TEST_STEP][PASSED] - element = findWebElement(findTestObject("Login/a_Ir"), 30): null

2021-12-31 13:30:38 - [TEST_STEP][PASSED] - executeJavaScript("arguments[0].click()", Arrays.asList(element)): Execute JavaScript 'arguments[0].click()' successfully

2021-12-31 13:30:38 - [MESSAGE][PASSED] - Execute JavaScript 'arguments[0].click()' successfully

2021-12-31 13:30:38 - [MESSAGE][PASSED] - Call Test Case 'Test Cases/0.1-Login' successfully

2021-12-31 13:30:38 - [TEST_STEP][PASSED] - executeJavaScript("document.body.style.zoom='98%'", null): Execute JavaScript 'document.body.style.zoom='98%'' successfully

2021-12-31 13:30:38 - [MESSAGE][PASSED] - Execute JavaScript 'document.body.style.zoom='98%'' successfully

2021-12-31 13:30:38 - [TEST_STEP][PASSED] - delay(1): Delayed 1 second(s)

2021-12-31 13:30:39 - [MESSAGE][PASSED] - Delayed 1 second(s)

2021-12-31 13:30:39 - [TEST_STEP][PASSED] - setText(findTestObject("Modulo Pruebas SST/Investigación_Accidente_de_Trabajo/input_Informes de Accidentes e Incidentes de Trabajo_form_templatej_idt24_input"), "Informe Accidente de Trabajo"): Text 'Informe Accidente de Trabajo' is set on object 'Object Repository/Modulo Pruebas SST/Investigación_Accidente_de_Trabajo/input_Informes de Accidentes e Incidentes de Trabajo_form_templatej_idt24_input'

2021-12-31 13:30:40 - [MESSAGE][PASSED] - Text 'Informe Accidente de Trabajo' is set on object 'Object Repository/Modulo Pruebas SST/Investigación_Accidente_de_Trabajo/input_Informes de Accidentes e Incidentes de Trabajo_form_templatej_idt24_input'

2021-12-31 13:30:40 - [TEST_STEP][PASSED] - waitForElementPresent(findTestObject("Modulo Pruebas SST/Investigación_Accidente_de_Trabajo/span_Informe Accidente de Trabajo (sst)"), 0): Object 'Object Repository/Modulo Pruebas SST/Investigación_Accidente_de_Trabajo/span_Informe Accidente de Trabajo (sst)' is present

2021-12-31 13:30:40 - [MESSAGE][WARNING] - Timeout '0' is invalid. Using default page load timeout: '30'

2021-12-31 13:30:42 - [MESSAGE][PASSED] - Object 'Object Repository/Modulo Pruebas SST/Investigación_Accidente_de_Trabajo/span_Informe Accidente de Trabajo (sst)' is present

2021-12-31 13:30:42 - [TEST_STEP][PASSED] - click(findTestObject("Modulo Pruebas SST/Investigación_Accidente_de_Trabajo/span_Informe Accidente de Trabajo (sst)")): Object: 'Object Repository/Modulo Pruebas SST/Investigación_Accidente_de_Trabajo/span_Informe Accidente de Trabajo (sst)' is clicked on

2021-12-31 13:30:42 - [MESSAGE][PASSED] - Object: 'Object Repository/Modulo Pruebas SST/Investigación_Accidente_de_Trabajo/span_Informe Accidente de Trabajo (sst)' is clicked on

2021-12-31 13:30:42 - [TEST_STEP][PASSED] - click(findTestObject("Modulo Pruebas SST/Investigación_Accidente_de_Trabajo/span_Prueba")): Object: 'Object Repository/Modulo Pruebas SST/Investigación_Accidente_de_Trabajo/span_Prueba' is clicked on

2021-12-31 13:30:45 - [MESSAGE][PASSED] - Object: 'Object Repository/Modulo Pruebas SST/Investigación_Accidente_de_Trabajo/span_Prueba' is clicked on

2021-12-31 13:30:45 - [TEST_STEP][PASSED] - click(findTestObject("Modulo Pruebas SST/Investigación_Accidente_de_Trabajo/a_Accidentado")): Object: 'Object Repository/Modulo Pruebas SST/Investigación_Accidente_de_Trabajo/a_Accidentado' is clicked on

2021-12-31 13:30:46 - [MESSAGE][PASSED] - Object: 'Object Repository/Modulo Pruebas SST/Investigación_Accidente_de_Trabajo/a_Accidentado' is clicked on

2021-12-31 13:30:46 - [TEST_STEP][PASSED] - click(findTestObject("Modulo Pruebas SST/Investigación_Accidente_de_Trabajo/span_DIAZ BLANCO GUISELL")): Object: 'Object Repository/Modulo Pruebas SST/Investigación_Accidente_de_Trabajo/span_DIAZ BLANCO GUISELL' is clicked on

2021-12-31 13:30:47 - [MESSAGE][PASSED] - Object: 'Object Repository/Modulo Pruebas SST/Investigación_Accidente_de_Trabajo/span_DIAZ BLANCO GUISELL' is clicked on

2021-12-31 13:30:47 - [TEST_STEP][PASSED] - click(findTestObject("Modulo Pruebas SST/Investigación_Accidente_de_Trabajo/a_Investigaciones")): Object: 'Object Repository/Modulo Pruebas SST/Investigación_Accidente_de_Trabajo/a_Investigaciones' is clicked on

2021-12-31 13:30:47 - [MESSAGE][PASSED] - Object: 'Object Repository/Modulo Pruebas SST/Investigación_Accidente_de_Trabajo/a_Investigaciones' is clicked on

2021-12-31 13:30:47 - [TEST_STEP][PASSED] - if (waitForElementPresent(findTestObject("Modulo Pruebas SST/Investigación_Accidente_de_Trabajo/span_Prueba2"), 1)): null

2021-12-31 13:30:48 - [MESSAGE][PASSED] - Object 'Object Repository/Modulo Pruebas SST/Investigación_Accidente_de_Trabajo/span_Prueba2' is present

2021-12-31 13:30:48 - [TEST_STEP][PASSED] - click(findTestObject("Modulo Pruebas SST/Investigación_Accidente_de_Trabajo/span_Prueba2")): Object: 'Object Repository/Modulo Pruebas SST/Investigación_Accidente_de_Trabajo/span_Prueba2' is clicked on

2021-12-31 13:30:48 - [MESSAGE][PASSED] - Object: 'Object Repository/Modulo Pruebas SST/Investigación_Accidente_de_Trabajo/span_Prueba2' is clicked on

2021-12-31 13:30:48 - [TEST_STEP][PASSED] - click(findTestObject("Modulo Pruebas SST/Investigación_Accidente_de_Trabajo/a_Eliminar")): Object: 'Object Repository/Modulo Pruebas SST/Investigación_Accidente_de_Trabajo/a_Eliminar' is clicked on

2021-12-31 13:30:49 - [MESSAGE][PASSED] - Object: 'Object Repository/Modulo Pruebas SST/Investigación_Accidente_de_Trabajo/a_Eliminar' is clicked on

2021-12-31 13:30:49 - [TEST_STEP][PASSED] - click(findTestObject("Modulo Pruebas SST/Investigación_Accidente_de_Trabajo/a_Aceptar_Eliminar")): Object: 'Object Repository/Modulo Pruebas SST/Investigación_Accidente_de_Trabajo/a_Aceptar_Eliminar' is clicked on

2021-12-31 13:30:50 - [MESSAGE][PASSED] - Object: 'Object Repository/Modulo Pruebas SST/Investigación_Accidente_de_Trabajo/a_Aceptar_Eliminar' is clicked on

2021-12-31 13:30:50 - [TEST_STEP][PASSED] - click(findTestObject("Modulo Pruebas SST/Investigación_Accidente_de_Trabajo/a_Investigaciones")): Object: 'Object Repository/Modulo Pruebas SST/Investigación_Accidente_de_Trabajo/a_Investigaciones' is clicked on

2021-12-31 13:30:51 - [MESSAGE][PASSED] - Object: 'Object Repository/Modulo Pruebas SST/Investigación_Accidente_de_Trabajo/a_Investigaciones' is clicked on

2021-12-31 13:30:51 - [TEST_STEP][PASSED] - click(findTestObject("Modulo Pruebas SST/Investigación_Accidente_de_Trabajo/a_Nuevo")): Object: 'Object Repository/Modulo Pruebas SST/Investigación_Accidente_de_Trabajo/a_Nuevo' is clicked on

2021-12-31 13:30:52 - [MESSAGE][PASSED] - Object: 'Object Repository/Modulo Pruebas SST/Investigación_Accidente_de_Trabajo/a_Nuevo' is clicked on

2021-12-31 13:30:52 - [TEST_STEP][PASSED] - setText(findTestObject("Modulo Pruebas SST/Investigación_Accidente_de_Trabajo/input_Costo Estimado del Dao_j_idt1827tabInvestigacionAccidentadocosto"), "100"): Text '100' is set on object 'Object Repository/Modulo Pruebas SST/Investigación_Accidente_de_Trabajo/input_Costo Estimado del Dao_j_idt1827tabInvestigacionAccidentadocosto'

2021-12-31 13:30:53 - [MESSAGE][PASSED] - Text '100' is set on object 'Object Repository/Modulo Pruebas SST/Investigación_Accidente_de_Trabajo/input_Costo Estimado del Dao_j_idt1827tabInvestigacionAccidentadocosto'

2021-12-31 13:30:53 - [TEST_STEP][PASSED] - setText(findTestObject("Modulo Pruebas SST/Investigación_Accidente_de_Trabajo/textarea_Propiedad o Equipo Daado_j_idt1827tabInvestigacionAccidentadoequipoDanado"), "null"): Text 'null' is set on object 'Object Repository/Modulo Pruebas SST/Investigación_Accidente_de_Trabajo/textarea_Propiedad o Equipo Daado_j_idt1827tabInvestigacionAccidentadoequipoDanado'

2021-12-31 13:30:53 - [MESSAGE][PASSED] - Text 'null' is set on object 'Object Repository/Modulo Pruebas SST/Investigación_Accidente_de_Trabajo/textarea_Propiedad o Equipo Daado_j_idt1827tabInvestigacionAccidentadoequipoDanado'

2021-12-31 13:30:53 - [TEST_STEP][PASSED] - setText(findTestObject("Modulo Pruebas SST/Investigación_Accidente_de_Trabajo/textarea_Naturaleza del Dao_j_idt1827tabInvestigacionAccidentadonaturaleza"), "null"): Text 'null' is set on object 'Object Repository/Modulo Pruebas SST/Investigación_Accidente_de_Trabajo/textarea_Naturaleza del Dao_j_idt1827tabInvestigacionAccidentadonaturaleza'

2021-12-31 13:30:54 - [MESSAGE][PASSED] - Text 'null' is set on object 'Object Repository/Modulo Pruebas SST/Investigación_Accidente_de_Trabajo/textarea_Naturaleza del Dao_j_idt1827tabInvestigacionAccidentadonaturaleza'

2021-12-31 13:30:54 - [TEST_STEP][PASSED] - setText(findTestObject("Modulo Pruebas SST/Investigación_Accidente_de_Trabajo/textarea_Agente Dao_j_idt1827tabInvestigacionAccidentadoorigenDano"), "null"): Text 'null' is set on object 'Object Repository/Modulo Pruebas SST/Investigación_Accidente_de_Trabajo/textarea_Agente Dao_j_idt1827tabInvestigacionAccidentadoorigenDano'

2021-12-31 13:30:55 - [MESSAGE][PASSED] - Text 'null' is set on object 'Object Repository/Modulo Pruebas SST/Investigación_Accidente_de_Trabajo/textarea_Agente Dao_j_idt1827tabInvestigacionAccidentadoorigenDano'

2021-12-31 13:30:55 - [TEST_STEP][PASSED] - selectOptionByIndex(findTestObject("Modulo Pruebas SST/Investigación_Accidente_de_Trabajo/select_-- SELECCIONAR --GraveLeveUrgente"), "2"): All options with index in [2] are selected on object 'Object Repository/Modulo Pruebas SST/Investigación_Accidente_de_Trabajo/select_-- SELECCIONAR --GraveLeveUrgente'

2021-12-31 13:30:56 - [MESSAGE][PASSED] - All options with index in [2] are selected on object 'Object Repository/Modulo Pruebas SST/Investigación_Accidente_de_Trabajo/select_-- SELECCIONAR --GraveLeveUrgente'

2021-12-31 13:30:56 - [TEST_STEP][PASSED] - setText(findTestObject("Modulo Pruebas SST/Investigación_Accidente_de_Trabajo/textarea_Descripcin del rea de Trabajo en Dnde Ocurri el Accidente_j_idt1827tabInvestigacionAccidentadoareaTrabajo"), "null"): Text 'null' is set on object 'Object Repository/Modulo Pruebas SST/Investigación_Accidente_de_Trabajo/textarea_Descripcin del rea de Trabajo en Dnde Ocurri el Accidente_j_idt1827tabInvestigacionAccidentadoareaTrabajo'

2021-12-31 13:30:57 - [MESSAGE][PASSED] - Text 'null' is set on object 'Object Repository/Modulo Pruebas SST/Investigación_Accidente_de_Trabajo/textarea_Descripcin del rea de Trabajo en Dnde Ocurri el Accidente_j_idt1827tabInvestigacionAccidentadoareaTrabajo'

2021-12-31 13:30:57 - [TEST_STEP][PASSED] - setText(findTestObject("Modulo Pruebas SST/Investigación_Accidente_de_Trabajo/textarea_Descripcin de la Operacin Desarrollada en el Momento del Accidente_j_idt1827tabInvestigacionAccidentadooperacion"), "null"): Text 'null' is set on object 'Object Repository/Modulo Pruebas SST/Investigación_Accidente_de_Trabajo/textarea_Descripcin de la Operacin Desarrollada en el Momento del Accidente_j_idt1827tabInvestigacionAccidentadooperacion'

2021-12-31 13:30:58 - [MESSAGE][PASSED] - Text 'null' is set on object 'Object Repository/Modulo Pruebas SST/Investigación_Accidente_de_Trabajo/textarea_Descripcin de la Operacin Desarrollada en el Momento del Accidente_j_idt1827tabInvestigacionAccidentadooperacion'

2021-12-31 13:30:58 - [TEST_STEP][PASSED] - setText(findTestObject("Modulo Pruebas SST/Investigación_Accidente_de_Trabajo/textarea_Acciones Adoptadas Despus del Accidente_j_idt1827tabInvestigacionAccidentadoacciones"), "null"): Text 'null' is set on object 'Object Repository/Modulo Pruebas SST/Investigación_Accidente_de_Trabajo/textarea_Acciones Adoptadas Despus del Accidente_j_idt1827tabInvestigacionAccidentadoacciones'

2021-12-31 13:30:59 - [MESSAGE][PASSED] - Text 'null' is set on object 'Object Repository/Modulo Pruebas SST/Investigación_Accidente_de_Trabajo/textarea_Acciones Adoptadas Despus del Accidente_j_idt1827tabInvestigacionAccidentadoacciones'

2021-12-31 13:30:59 - [TEST_STEP][PASSED] - setText(findTestObject("Modulo Pruebas SST/Investigación_Accidente_de_Trabajo/textarea_Conclusin_j_idt1827tabInvestigacionAccidentadoconclusion"), "Prueba"): Text 'Prueba' is set on object 'Object Repository/Modulo Pruebas SST/Investigación_Accidente_de_Trabajo/textarea_Conclusin_j_idt1827tabInvestigacionAccidentadoconclusion'

2021-12-31 13:30:59 - [MESSAGE][PASSED] - Text 'Prueba' is set on object 'Object Repository/Modulo Pruebas SST/Investigación_Accidente_de_Trabajo/textarea_Conclusin_j_idt1827tabInvestigacionAccidentadoconclusion'

2021-12-31 13:30:59 - [TEST_STEP][PASSED] - setText(findTestObject("Modulo Pruebas SST/Investigación_Accidente_de_Trabajo/textarea_Caracterstica No Obligatoria Investigacin_j_idt1827tabInvestigacionAccidentadoj_idt19321idTexto3"), "null"): Text 'null' is set on object 'Object Repository/Modulo Pruebas SST/Investigación_Accidente_de_Trabajo/textarea_Caracterstica No Obligatoria Investigacin_j_idt1827tabInvestigacionAccidentadoj_idt19321idTexto3'

2021-12-31 13:31:00 - [MESSAGE][PASSED] - Text 'null' is set on object 'Object Repository/Modulo Pruebas SST/Investigación_Accidente_de_Trabajo/textarea_Caracterstica No Obligatoria Investigacin_j_idt1827tabInvestigacionAccidentadoj_idt19321idTexto3'

2021-12-31 13:31:00 - [TEST_STEP][PASSED] - setText(findTestObject("Modulo Pruebas SST/Investigación_Accidente_de_Trabajo/input_Fecha_j_idt1827tabInvestigacionAccidentadoj_idt19322fecha_input"), "01/07/2021"): Text '01/07/2021' is set on object 'Object Repository/Modulo Pruebas SST/Investigación_Accidente_de_Trabajo/input_Fecha_j_idt1827tabInvestigacionAccidentadoj_idt19322fecha_input'

2021-12-31 13:31:01 - [MESSAGE][PASSED] - Text '01/07/2021' is set on object 'Object Repository/Modulo Pruebas SST/Investigación_Accidente_de_Trabajo/input_Fecha_j_idt1827tabInvestigacionAccidentadoj_idt19322fecha_input'

2021-12-31 13:31:01 - [TEST_STEP][PASSED] - click(findTestObject("Modulo Pruebas SST/Investigación_Accidente_de_Trabajo/a_Guardar"), STOP_ON_FAILURE): Object: 'Object Repository/Modulo Pruebas SST/Investigación_Accidente_de_Trabajo/a_Guardar' is clicked on

2021-12-31 13:31:01 - [MESSAGE][PASSED] - Object: 'Object Repository/Modulo Pruebas SST/Investigación_Accidente_de_Trabajo/a_Guardar' is clicked on

2021-12-31 13:31:01 - [TEST_STEP][PASSED] - click(findTestObject("Modulo Pruebas SST/Investigación_Accidente_de_Trabajo/a_Anlisis Causal")): Object: 'Object Repository/Modulo Pruebas SST/Investigación_Accidente_de_Trabajo/a_Anlisis Causal' is clicked on

2021-12-31 13:31:04 - [MESSAGE][PASSED] - Object: 'Object Repository/Modulo Pruebas SST/Investigación_Accidente_de_Trabajo/a_Anlisis Causal' is clicked on

2021-12-31 13:31:04 - [TEST_STEP][PASSED] - click(findTestObject("Modulo Pruebas SST/Investigación_Accidente_de_Trabajo/a_Nuevo1")): Object: 'Object Repository/Modulo Pruebas SST/Investigación_Accidente_de_Trabajo/a_Nuevo1' is clicked on

2021-12-31 13:31:05 - [MESSAGE][PASSED] - Object: 'Object Repository/Modulo Pruebas SST/Investigación_Accidente_de_Trabajo/a_Nuevo1' is clicked on

2021-12-31 13:31:05 - [TEST_STEP][PASSED] - selectOptionByIndex(findTestObject("Modulo Pruebas SST/Investigación_Accidente_de_Trabajo/select_Seleccionar1111-Metodologa 1"), 1): All options with index in [1] are selected on object 'Object Repository/Modulo Pruebas SST/Investigación_Accidente_de_Trabajo/select_Seleccionar1111-Metodologa 1'

2021-12-31 13:31:07 - [MESSAGE][PASSED] - All options with index in [1] are selected on object 'Object Repository/Modulo Pruebas SST/Investigación_Accidente_de_Trabajo/select_Seleccionar1111-Metodologa 1'

2021-12-31 13:31:07 - [TEST_STEP][PASSED] - selectOptionByIndex(findTestObject("Modulo Pruebas SST/Investigación_Accidente_de_Trabajo/select_Seleccionar"), 1): All options with index in [1] are selected on object 'Object Repository/Modulo Pruebas SST/Investigación_Accidente_de_Trabajo/select_Seleccionar'

2021-12-31 13:31:08 - [MESSAGE][PASSED] - All options with index in [1] are selected on object 'Object Repository/Modulo Pruebas SST/Investigación_Accidente_de_Trabajo/select_Seleccionar'

2021-12-31 13:31:08 - [TEST_STEP][PASSED] - setText(findTestObject("Modulo Pruebas SST/Investigación_Accidente_de_Trabajo/textarea_Descripcin_form_PopupAnalisisCausaldesc"), "prueba"): Text 'prueba' is set on object 'Object Repository/Modulo Pruebas SST/Investigación_Accidente_de_Trabajo/textarea_Descripcin_form_PopupAnalisisCausaldesc'

2021-12-31 13:31:09 - [MESSAGE][PASSED] - Text 'prueba' is set on object 'Object Repository/Modulo Pruebas SST/Investigación_Accidente_de_Trabajo/textarea_Descripcin_form_PopupAnalisisCausaldesc'

2021-12-31 13:31:09 - [TEST_STEP][PASSED] - setText(findTestObject("Modulo Pruebas SST/Investigación_Accidente_de_Trabajo/textarea_Observacin_form_PopupAnalisisCausalobservacion"), "prueba"): Text 'prueba' is set on object 'Object Repository/Modulo Pruebas SST/Investigación_Accidente_de_Trabajo/textarea_Observacin_form_PopupAnalisisCausalobservacion'

2021-12-31 13:31:10 - [MESSAGE][PASSED] - Text 'prueba' is set on object 'Object Repository/Modulo Pruebas SST/Investigación_Accidente_de_Trabajo/textarea_Observacin_form_PopupAnalisisCausalobservacion'

2021-12-31 13:31:10 - [TEST_STEP][PASSED] - selectOptionByIndex(findTestObject("Modulo Pruebas SST/Investigación_Accidente_de_Trabajo/select_SeleccionarBAJAMEDIAALTO"), 2): All options with index in [2] are selected on object 'Object Repository/Modulo Pruebas SST/Investigación_Accidente_de_Trabajo/select_SeleccionarBAJAMEDIAALTO'

2021-12-31 13:31:11 - [MESSAGE][PASSED] - All options with index in [2] are selected on object 'Object Repository/Modulo Pruebas SST/Investigación_Accidente_de_Trabajo/select_SeleccionarBAJAMEDIAALTO'

2021-12-31 13:31:11 - [TEST_STEP][PASSED] - click(findTestObject("Modulo Pruebas SST/Investigación_Accidente_de_Trabajo/a_Guardar_Anlisis Causal")): Object: 'Object Repository/Modulo Pruebas SST/Investigación_Accidente_de_Trabajo/a_Guardar_Anlisis Causal' is clicked on

2021-12-31 13:31:12 - [MESSAGE][PASSED] - Object: 'Object Repository/Modulo Pruebas SST/Investigación_Accidente_de_Trabajo/a_Guardar_Anlisis Causal' is clicked on

2021-12-31 13:31:12 - [TEST_STEP][PASSED] - click(findTestObject("Modulo Pruebas SST/Investigación_Accidente_de_Trabajo/a_Determinacin de Causas")): Object: 'Object Repository/Modulo Pruebas SST/Investigación_Accidente_de_Trabajo/a_Determinacin de Causas' is clicked on

2021-12-31 13:31:12 - [MESSAGE][PASSED] - Object: 'Object Repository/Modulo Pruebas SST/Investigación_Accidente_de_Trabajo/a_Determinacin de Causas' is clicked on

2021-12-31 13:31:12 - [TEST_STEP][PASSED] - click(findTestObject("Modulo Pruebas SST/Investigación_Accidente_de_Trabajo/a_Nuevo2")): Object: 'Object Repository/Modulo Pruebas SST/Investigación_Accidente_de_Trabajo/a_Nuevo2' is clicked on

2021-12-31 13:31:13 - [MESSAGE][PASSED] - Object: 'Object Repository/Modulo Pruebas SST/Investigación_Accidente_de_Trabajo/a_Nuevo2' is clicked on

2021-12-31 13:31:13 - [TEST_STEP][PASSED] - click(findTestObject("Modulo Pruebas SST/Investigación_Accidente_de_Trabajo/a_Metodologa_causaAccidente_formj_idt513")): Object: 'Object Repository/Modulo Pruebas SST/Investigación_Accidente_de_Trabajo/a_Metodologa_causaAccidente_formj_idt513' is clicked on

2021-12-31 13:31:14 - [MESSAGE][PASSED] - Object: 'Object Repository/Modulo Pruebas SST/Investigación_Accidente_de_Trabajo/a_Metodologa_causaAccidente_formj_idt513' is clicked on

2021-12-31 13:31:14 - [TEST_STEP][PASSED] - selectOptionByIndex(findTestObject("Modulo Pruebas SST/Investigación_Accidente_de_Trabajo/select_Seleccionar1111-Metodologa 12"), 1): All options with index in [1] are selected on object 'Object Repository/Modulo Pruebas SST/Investigación_Accidente_de_Trabajo/select_Seleccionar1111-Metodologa 12'

2021-12-31 13:31:15 - [MESSAGE][PASSED] - All options with index in [1] are selected on object 'Object Repository/Modulo Pruebas SST/Investigación_Accidente_de_Trabajo/select_Seleccionar1111-Metodologa 12'

2021-12-31 13:31:15 - [TEST_STEP][PASSED] - selectOptionByIndex(findTestObject("Modulo Pruebas SST/Investigación_Accidente_de_Trabajo/select_Seleccionar2"), 1): All options with index in [1] are selected on object 'Object Repository/Modulo Pruebas SST/Investigación_Accidente_de_Trabajo/select_Seleccionar2'

2021-12-31 13:31:16 - [MESSAGE][PASSED] - All options with index in [1] are selected on object 'Object Repository/Modulo Pruebas SST/Investigación_Accidente_de_Trabajo/select_Seleccionar2'

2021-12-31 13:31:16 - [TEST_STEP][PASSED] - click(findTestObject("Modulo Pruebas SST/Investigación_Accidente_de_Trabajo/span_Metodologa_ui-icon ui-icon-closethick")): Object: 'Object Repository/Modulo Pruebas SST/Investigación_Accidente_de_Trabajo/span_Metodologa_ui-icon ui-icon-closethick' is clicked on

2021-12-31 13:31:17 - [MESSAGE][PASSED] - Object: 'Object Repository/Modulo Pruebas SST/Investigación_Accidente_de_Trabajo/span_Metodologa_ui-icon ui-icon-closethick' is clicked on

2021-12-31 13:31:17 - [TEST_STEP][PASSED] - selectOptionByIndex(findTestObject("Modulo Pruebas SST/Investigación_Accidente_de_Trabajo/select_SeleccionarCausas BsicasCausas Inmediatas"), 1): All options with index in [1] are selected on object 'Object Repository/Modulo Pruebas SST/Investigación_Accidente_de_Trabajo/select_SeleccionarCausas BsicasCausas Inmediatas'

2021-12-31 13:31:19 - [MESSAGE][PASSED] - All options with index in [1] are selected on object 'Object Repository/Modulo Pruebas SST/Investigación_Accidente_de_Trabajo/select_SeleccionarCausas BsicasCausas Inmediatas'

2021-12-31 13:31:19 - [TEST_STEP][PASSED] - selectOptionByIndex(findTestObject("Modulo Pruebas SST/Investigación_Accidente_de_Trabajo/select_SeleccionarFactores PersonalesFactores del Trabajo"), 2): All options with index in [2] are selected on object 'Object Repository/Modulo Pruebas SST/Investigación_Accidente_de_Trabajo/select_SeleccionarFactores PersonalesFactores del Trabajo'

2021-12-31 13:31:20 - [MESSAGE][PASSED] - All options with index in [2] are selected on object 'Object Repository/Modulo Pruebas SST/Investigación_Accidente_de_Trabajo/select_SeleccionarFactores PersonalesFactores del Trabajo'

2021-12-31 13:31:20 - [TEST_STEP][PASSED] - selectOptionByIndex(findTestObject("Modulo Pruebas SST/Investigación_Accidente_de_Trabajo/select_SeleccionarLIMPIEZA, LUBRICACIN, AJUSTE O REPARACIN DE EQUIPO MVIL ELCTRICO O DE PRESIN"), 1): All options with index in [1] are selected on object 'Object Repository/Modulo Pruebas SST/Investigación_Accidente_de_Trabajo/select_SeleccionarLIMPIEZA, LUBRICACIN, AJUSTE O REPARACIN DE EQUIPO MVIL ELCTRICO O DE PRESIN'

2021-12-31 13:31:21 - [MESSAGE][PASSED] - All options with index in [1] are selected on object 'Object Repository/Modulo Pruebas SST/Investigación_Accidente_de_Trabajo/select_SeleccionarLIMPIEZA, LUBRICACIN, AJUSTE O REPARACIN DE EQUIPO MVIL ELCTRICO O DE PRESIN'

2021-12-31 13:31:21 - [TEST_STEP][PASSED] - selectOptionByIndex(findTestObject("Modulo Pruebas SST/Investigación_Accidente_de_Trabajo/select_SeleccionarNo especificada en otra parteTrabajar"), 1): All options with index in [1] are selected on object 'Object Repository/Modulo Pruebas SST/Investigación_Accidente_de_Trabajo/select_SeleccionarNo especificada en otra parteTrabajar'

2021-12-31 13:31:24 - [MESSAGE][PASSED] - All options with index in [1] are selected on object 'Object Repository/Modulo Pruebas SST/Investigación_Accidente_de_Trabajo/select_SeleccionarNo especificada en otra parteTrabajar'

2021-12-31 13:31:24 - [TEST_STEP][PASSED] - setText(findTestObject("Modulo Pruebas SST/Investigación_Accidente_de_Trabajo/textarea_Conclusin_causaAccidente_formobservacion"), "Prueba"): Text 'Prueba' is set on object 'Object Repository/Modulo Pruebas SST/Investigación_Accidente_de_Trabajo/textarea_Conclusin_causaAccidente_formobservacion'

2021-12-31 13:31:25 - [MESSAGE][PASSED] - Text 'Prueba' is set on object 'Object Repository/Modulo Pruebas SST/Investigación_Accidente_de_Trabajo/textarea_Conclusin_causaAccidente_formobservacion'

2021-12-31 13:31:25 - [TEST_STEP][PASSED] - click(findTestObject("Modulo Pruebas SST/Investigación_Accidente_de_Trabajo/a_Guardar_Causa investigacion")): Object: 'Object Repository/Modulo Pruebas SST/Investigación_Accidente_de_Trabajo/a_Guardar_Causa investigacion' is clicked on

2021-12-31 13:31:25 - [MESSAGE][PASSED] - Object: 'Object Repository/Modulo Pruebas SST/Investigación_Accidente_de_Trabajo/a_Guardar_Causa investigacion' is clicked on

2021-12-31 13:31:25 - [TEST_STEP][PASSED] - click(findTestObject("Modulo Pruebas SST/Investigación_Accidente_de_Trabajo/a_Accin")): Object: 'Object Repository/Modulo Pruebas SST/Investigación_Accidente_de_Trabajo/a_Accin' is clicked on

2021-12-31 13:31:26 - [MESSAGE][PASSED] - Object: 'Object Repository/Modulo Pruebas SST/Investigación_Accidente_de_Trabajo/a_Accin' is clicked on

2021-12-31 13:31:26 - [TEST_STEP][PASSED] - click(findTestObject("Modulo Pruebas SST/Investigación_Accidente_de_Trabajo/a_Nuevo3")): Object: 'Object Repository/Modulo Pruebas SST/Investigación_Accidente_de_Trabajo/a_Nuevo3' is clicked on

2021-12-31 13:31:26 - [MESSAGE][PASSED] - Object: 'Object Repository/Modulo Pruebas SST/Investigación_Accidente_de_Trabajo/a_Nuevo3' is clicked on

2021-12-31 13:31:26 - [TEST_STEP][PASSED] - selectOptionByIndex(findTestObject("Modulo Pruebas SST/Investigación_Accidente_de_Trabajo/select_SeleccionarTipo Accion"), 1): All options with index in [1] are selected on object 'Object Repository/Modulo Pruebas SST/Investigación_Accidente_de_Trabajo/select_SeleccionarTipo Accion'

2021-12-31 13:31:28 - [MESSAGE][PASSED] - All options with index in [1] are selected on object 'Object Repository/Modulo Pruebas SST/Investigación_Accidente_de_Trabajo/select_SeleccionarTipo Accion'

2021-12-31 13:31:28 - [TEST_STEP][PASSED] - setText(findTestObject("Modulo Pruebas SST/Investigación_Accidente_de_Trabajo/textarea_Descripcin De La  Accin_form_popupRecomendacionInvvpanel_principal_23descripcion"), "Prueba"): Text 'Prueba' is set on object 'Object Repository/Modulo Pruebas SST/Investigación_Accidente_de_Trabajo/textarea_Descripcin De La  Accin_form_popupRecomendacionInvvpanel_principal_23descripcion'

2021-12-31 13:31:29 - [MESSAGE][PASSED] - Text 'Prueba' is set on object 'Object Repository/Modulo Pruebas SST/Investigación_Accidente_de_Trabajo/textarea_Descripcin De La  Accin_form_popupRecomendacionInvvpanel_principal_23descripcion'

2021-12-31 13:31:29 - [TEST_STEP][PASSED] - setText(findTestObject("Modulo Pruebas SST/Investigación_Accidente_de_Trabajo/input_Fecha De Accin_form_popupRecomendacionInvvpanel_principal_23recomendacion_input"), "01/07/2021"): Text '01/07/2021' is set on object 'Object Repository/Modulo Pruebas SST/Investigación_Accidente_de_Trabajo/input_Fecha De Accin_form_popupRecomendacionInvvpanel_principal_23recomendacion_input'

2021-12-31 13:31:29 - [MESSAGE][PASSED] - Text '01/07/2021' is set on object 'Object Repository/Modulo Pruebas SST/Investigación_Accidente_de_Trabajo/input_Fecha De Accin_form_popupRecomendacionInvvpanel_principal_23recomendacion_input'

2021-12-31 13:31:29 - [TEST_STEP][PASSED] - setText(findTestObject("Modulo Pruebas SST/Investigación_Accidente_de_Trabajo/input_Fecha de Seguimiento_form_popupRecomendacionInvvpanel_principal_23seguimiento_input"), "02/07/2021"): Text '02/07/2021' is set on object 'Object Repository/Modulo Pruebas SST/Investigación_Accidente_de_Trabajo/input_Fecha de Seguimiento_form_popupRecomendacionInvvpanel_principal_23seguimiento_input'

2021-12-31 13:31:31 - [MESSAGE][PASSED] - Text '02/07/2021' is set on object 'Object Repository/Modulo Pruebas SST/Investigación_Accidente_de_Trabajo/input_Fecha de Seguimiento_form_popupRecomendacionInvvpanel_principal_23seguimiento_input'

2021-12-31 13:31:31 - [TEST_STEP][PASSED] - click(findTestObject("Modulo Pruebas SST/Investigación_Accidente_de_Trabajo/a_Responsable_form_popupRecomendacionInvvpanel_principal_23j_idt405")): Object: 'Object Repository/Modulo Pruebas SST/Investigación_Accidente_de_Trabajo/a_Responsable_form_popupRecomendacionInvvpanel_principal_23j_idt405' is clicked on

2021-12-31 13:31:31 - [MESSAGE][PASSED] - Object: 'Object Repository/Modulo Pruebas SST/Investigación_Accidente_de_Trabajo/a_Responsable_form_popupRecomendacionInvvpanel_principal_23j_idt405' is clicked on

2021-12-31 13:31:31 - [TEST_STEP][PASSED] - click(findTestObject("Modulo Pruebas SST/Investigación_Accidente_de_Trabajo/label_Responsable")): Object: 'Object Repository/Modulo Pruebas SST/Investigación_Accidente_de_Trabajo/label_Responsable' is clicked on

2021-12-31 13:31:32 - [MESSAGE][PASSED] - Object: 'Object Repository/Modulo Pruebas SST/Investigación_Accidente_de_Trabajo/label_Responsable' is clicked on

2021-12-31 13:31:32 - [TEST_STEP][PASSED] - waitForElementClickable(findTestObject("Modulo Pruebas SST/Investigación_Accidente_de_Trabajo/span_ALMANZA NOVOA JOHN ALEXANDRE"), 0): Object 'Object Repository/Modulo Pruebas SST/Investigación_Accidente_de_Trabajo/span_ALMANZA NOVOA JOHN ALEXANDRE' is clickable

2021-12-31 13:31:32 - [MESSAGE][WARNING] - Timeout '0' is invalid. Using default page load timeout: '30'

2021-12-31 13:31:32 - [MESSAGE][PASSED] - Object 'Object Repository/Modulo Pruebas SST/Investigación_Accidente_de_Trabajo/span_ALMANZA NOVOA JOHN ALEXANDRE' is clickable

2021-12-31 13:31:32 - [TEST_STEP][PASSED] - element = findWebElement(findTestObject("Modulo Pruebas SST/Investigación_Accidente_de_Trabajo/span_ALMANZA NOVOA JOHN ALEXANDRE"), 30): null

2021-12-31 13:31:32 - [TEST_STEP][PASSED] - executeJavaScript("arguments[0].click()", Arrays.asList(element)): Execute JavaScript 'arguments[0].click()' successfully

2021-12-31 13:31:32 - [MESSAGE][PASSED] - Execute JavaScript 'arguments[0].click()' successfully

2021-12-31 13:31:32 - [TEST_STEP][PASSED] - if (waitForElementPresent(findTestObject("Modulo Pruebas SST/Investigación_Accidente_de_Trabajo/div_Responsable"), 1)): Object 'Object Repository/Modulo Pruebas SST/Investigación_Accidente_de_Trabajo/div_Responsable' is not present after 1 second(s)

2021-12-31 13:31:35 - [MESSAGE][INFO] - Unable to find the element located by 'By.xpath: (.//*[normalize-space(text()) and normalize-space(.)='Responsable'])[3]/preceding::label[1]'. Please recheck the objects properties to make sure the desired element is located. 

2021-12-31 13:31:35 - [MESSAGE][WARNING] - Object 'Object Repository/Modulo Pruebas SST/Investigación_Accidente_de_Trabajo/div_Responsable' is not present after 1 second(s)

2021-12-31 13:31:35 - [TEST_STEP][PASSED] - click(findTestObject("Modulo Pruebas SST/Investigación_Accidente_de_Trabajo/a_Responsable De Accin_form_popupRecomendacionInvvpanel_principal_23j_idt409")): Object: 'Object Repository/Modulo Pruebas SST/Investigación_Accidente_de_Trabajo/a_Responsable De Accin_form_popupRecomendacionInvvpanel_principal_23j_idt409' is clicked on

2021-12-31 13:31:35 - [MESSAGE][PASSED] - Object: 'Object Repository/Modulo Pruebas SST/Investigación_Accidente_de_Trabajo/a_Responsable De Accin_form_popupRecomendacionInvvpanel_principal_23j_idt409' is clicked on

2021-12-31 13:31:35 - [TEST_STEP][PASSED] - setText(findTestObject("Modulo Pruebas SST/Investigación_Accidente_de_Trabajo/input_Filtro Hoja de Vida_formPopupHojaVidaj_idt1557"), "a"): Text 'a' is set on object 'Object Repository/Modulo Pruebas SST/Investigación_Accidente_de_Trabajo/input_Filtro Hoja de Vida_formPopupHojaVidaj_idt1557'

2021-12-31 13:31:36 - [MESSAGE][PASSED] - Text 'a' is set on object 'Object Repository/Modulo Pruebas SST/Investigación_Accidente_de_Trabajo/input_Filtro Hoja de Vida_formPopupHojaVidaj_idt1557'

2021-12-31 13:31:36 - [TEST_STEP][PASSED] - sendKeys(findTestObject("Modulo Pruebas SST/Investigación_Accidente_de_Trabajo/input_Filtro Hoja de Vida_formPopupHojaVidaj_idt1557"), Keys.chord(ENTER)): Keys 'ENTER + ' sent to object: 'Object Repository/Modulo Pruebas SST/Investigación_Accidente_de_Trabajo/input_Filtro Hoja de Vida_formPopupHojaVidaj_idt1557'

2021-12-31 13:31:37 - [MESSAGE][PASSED] - Keys 'ENTER + ' sent to object: 'Object Repository/Modulo Pruebas SST/Investigación_Accidente_de_Trabajo/input_Filtro Hoja de Vida_formPopupHojaVidaj_idt1557'

2021-12-31 13:31:37 - [TEST_STEP][PASSED] - click(findTestObject("Modulo Pruebas SST/Investigación_Accidente_de_Trabajo/span_A A A")): Object: 'Object Repository/Modulo Pruebas SST/Investigación_Accidente_de_Trabajo/span_A A A' is clicked on

2021-12-31 13:31:38 - [MESSAGE][PASSED] - Object: 'Object Repository/Modulo Pruebas SST/Investigación_Accidente_de_Trabajo/span_A A A' is clicked on

2021-12-31 13:31:38 - [TEST_STEP][PASSED] - click(findTestObject("Modulo Pruebas SST/Investigación_Accidente_de_Trabajo/a_Unidad Organizacional_form_popupRecomendacionInvvpanel_principal_23j_idt413")): Object: 'Object Repository/Modulo Pruebas SST/Investigación_Accidente_de_Trabajo/a_Unidad Organizacional_form_popupRecomendacionInvvpanel_principal_23j_idt413' is clicked on

2021-12-31 13:31:39 - [MESSAGE][PASSED] - Object: 'Object Repository/Modulo Pruebas SST/Investigación_Accidente_de_Trabajo/a_Unidad Organizacional_form_popupRecomendacionInvvpanel_principal_23j_idt413' is clicked on

2021-12-31 13:31:39 - [TEST_STEP][PASSED] - setText(findTestObject("Modulo Pruebas SST/Investigación_Accidente_de_Trabajo/input_Unidad Organizacional_formPopUpUnidaddescripciones"), "a"): Text 'a' is set on object 'Object Repository/Modulo Pruebas SST/Investigación_Accidente_de_Trabajo/input_Unidad Organizacional_formPopUpUnidaddescripciones'

2021-12-31 13:31:40 - [MESSAGE][PASSED] - Text 'a' is set on object 'Object Repository/Modulo Pruebas SST/Investigación_Accidente_de_Trabajo/input_Unidad Organizacional_formPopUpUnidaddescripciones'

2021-12-31 13:31:40 - [TEST_STEP][PASSED] - sendKeys(findTestObject("Modulo Pruebas SST/Investigación_Accidente_de_Trabajo/input_Unidad Organizacional_formPopUpUnidaddescripciones"), Keys.chord(ENTER)): Keys 'ENTER + ' sent to object: 'Object Repository/Modulo Pruebas SST/Investigación_Accidente_de_Trabajo/input_Unidad Organizacional_formPopUpUnidaddescripciones'

2021-12-31 13:31:41 - [MESSAGE][PASSED] - Keys 'ENTER + ' sent to object: 'Object Repository/Modulo Pruebas SST/Investigación_Accidente_de_Trabajo/input_Unidad Organizacional_formPopUpUnidaddescripciones'

2021-12-31 13:31:41 - [TEST_STEP][PASSED] - click(findTestObject("Modulo Pruebas SST/Investigación_Accidente_de_Trabajo/span_ADMINISTRACION")): Object: 'Object Repository/Modulo Pruebas SST/Investigación_Accidente_de_Trabajo/span_ADMINISTRACION' is clicked on

2021-12-31 13:31:42 - [MESSAGE][PASSED] - Object: 'Object Repository/Modulo Pruebas SST/Investigación_Accidente_de_Trabajo/span_ADMINISTRACION' is clicked on

2021-12-31 13:31:42 - [TEST_STEP][PASSED] - selectOptionByIndex(findTestObject("Modulo Pruebas SST/Investigación_Accidente_de_Trabajo/select_SeleccionarEfectuadoNo Efectuado"), 1): All options with index in [1] are selected on object 'Object Repository/Modulo Pruebas SST/Investigación_Accidente_de_Trabajo/select_SeleccionarEfectuadoNo Efectuado'

2021-12-31 13:31:44 - [MESSAGE][PASSED] - All options with index in [1] are selected on object 'Object Repository/Modulo Pruebas SST/Investigación_Accidente_de_Trabajo/select_SeleccionarEfectuadoNo Efectuado'

2021-12-31 13:31:44 - [TEST_STEP][PASSED] - click(findTestObject("Modulo Pruebas SST/Investigación_Accidente_de_Trabajo/a_Metodologa_form_popupRecomendacionInvvpanel_principal_23j_idt344")): Object: 'Object Repository/Modulo Pruebas SST/Investigación_Accidente_de_Trabajo/a_Metodologa_form_popupRecomendacionInvvpanel_principal_23j_idt344' is clicked on

2021-12-31 13:31:44 - [MESSAGE][PASSED] - Object: 'Object Repository/Modulo Pruebas SST/Investigación_Accidente_de_Trabajo/a_Metodologa_form_popupRecomendacionInvvpanel_principal_23j_idt344' is clicked on

2021-12-31 13:31:44 - [TEST_STEP][PASSED] - if (waitForElementPresent(findTestObject("Modulo Pruebas SST/Investigación_Accidente_de_Trabajo/span_Metodologa 1"), 1)): null

2021-12-31 13:31:46 - [MESSAGE][PASSED] - Object 'Object Repository/Modulo Pruebas SST/Investigación_Accidente_de_Trabajo/span_Metodologa 1' is present

2021-12-31 13:31:46 - [TEST_STEP][PASSED] - click(findTestObject("Modulo Pruebas SST/Investigación_Accidente_de_Trabajo/span_Metodologa 1")): Object: 'Object Repository/Modulo Pruebas SST/Investigación_Accidente_de_Trabajo/span_Metodologa 1' is clicked on

2021-12-31 13:31:46 - [MESSAGE][PASSED] - Object: 'Object Repository/Modulo Pruebas SST/Investigación_Accidente_de_Trabajo/span_Metodologa 1' is clicked on

2021-12-31 13:31:46 - [TEST_STEP][PASSED] - click(findTestObject("Modulo Pruebas SST/Investigación_Accidente_de_Trabajo/a_Causa_form_popupRecomendacionInvvpanel_principal_23j_idt365")): Object: 'Object Repository/Modulo Pruebas SST/Investigación_Accidente_de_Trabajo/a_Causa_form_popupRecomendacionInvvpanel_principal_23j_idt365' is clicked on

2021-12-31 13:31:47 - [MESSAGE][PASSED] - Object: 'Object Repository/Modulo Pruebas SST/Investigación_Accidente_de_Trabajo/a_Causa_form_popupRecomendacionInvvpanel_principal_23j_idt365' is clicked on

2021-12-31 13:31:47 - [TEST_STEP][PASSED] - click(findTestObject("Modulo Pruebas SST/Investigación_Accidente_de_Trabajo/span_Causas Bsicas")): Object: 'Object Repository/Modulo Pruebas SST/Investigación_Accidente_de_Trabajo/span_Causas Bsicas' is clicked on

2021-12-31 13:31:47 - [MESSAGE][PASSED] - Object: 'Object Repository/Modulo Pruebas SST/Investigación_Accidente_de_Trabajo/span_Causas Bsicas' is clicked on

2021-12-31 13:31:47 - [TEST_STEP][PASSED] - click(findTestObject("Modulo Pruebas SST/Investigación_Accidente_de_Trabajo/a_Guardar3")): Object: 'Object Repository/Modulo Pruebas SST/Investigación_Accidente_de_Trabajo/a_Guardar3' is clicked on

2021-12-31 13:31:48 - [MESSAGE][PASSED] - Object: 'Object Repository/Modulo Pruebas SST/Investigación_Accidente_de_Trabajo/a_Guardar3' is clicked on

2021-12-31 13:31:48 - [TEST_STEP][PASSED] - click(findTestObject("Modulo Pruebas SST/Investigación_Accidente_de_Trabajo/a_Control")): Object: 'Object Repository/Modulo Pruebas SST/Investigación_Accidente_de_Trabajo/a_Control' is clicked on

2021-12-31 13:31:49 - [MESSAGE][PASSED] - Object: 'Object Repository/Modulo Pruebas SST/Investigación_Accidente_de_Trabajo/a_Control' is clicked on

2021-12-31 13:31:49 - [TEST_STEP][PASSED] - setText(findTestObject("Modulo Pruebas SST/Investigación_Accidente_de_Trabajo/input_Estado_form_popupRecomendacionInvvpanel_principal_23tablaControlfechaEditable_input"), "01/07/2021"): Text '01/07/2021' is set on object 'Object Repository/Modulo Pruebas SST/Investigación_Accidente_de_Trabajo/input_Estado_form_popupRecomendacionInvvpanel_principal_23tablaControlfechaEditable_input'

2021-12-31 13:31:50 - [MESSAGE][PASSED] - Text '01/07/2021' is set on object 'Object Repository/Modulo Pruebas SST/Investigación_Accidente_de_Trabajo/input_Estado_form_popupRecomendacionInvvpanel_principal_23tablaControlfechaEditable_input'

2021-12-31 13:31:50 - [TEST_STEP][PASSED] - sendKeys(findTestObject("Modulo Pruebas SST/Investigación_Accidente_de_Trabajo/input_Estado_form_popupRecomendacionInvvpanel_principal_23tablaControlfechaEditable_input"), Keys.chord(ESCAPE)): Keys 'ESCAPE + ' sent to object: 'Object Repository/Modulo Pruebas SST/Investigación_Accidente_de_Trabajo/input_Estado_form_popupRecomendacionInvvpanel_principal_23tablaControlfechaEditable_input'

2021-12-31 13:31:50 - [MESSAGE][PASSED] - Keys 'ESCAPE + ' sent to object: 'Object Repository/Modulo Pruebas SST/Investigación_Accidente_de_Trabajo/input_Estado_form_popupRecomendacionInvvpanel_principal_23tablaControlfechaEditable_input'

2021-12-31 13:31:50 - [TEST_STEP][PASSED] - selectOptionByIndex(findTestObject("Modulo Pruebas SST/Investigación_Accidente_de_Trabajo/select_SeleccionarTipo Control"), "1"): All options with index in [1] are selected on object 'Object Repository/Modulo Pruebas SST/Investigación_Accidente_de_Trabajo/select_SeleccionarTipo Control'

2021-12-31 13:31:52 - [MESSAGE][PASSED] - All options with index in [1] are selected on object 'Object Repository/Modulo Pruebas SST/Investigación_Accidente_de_Trabajo/select_SeleccionarTipo Control'

2021-12-31 13:31:52 - [TEST_STEP][PASSED] - setText(findTestObject("Modulo Pruebas SST/Investigación_Accidente_de_Trabajo/input_Estado_form_popupRecomendacionInvvpanel_principal_23tablaControldescripcionEditable"), "Prueba"): Text 'Prueba' is set on object 'Object Repository/Modulo Pruebas SST/Investigación_Accidente_de_Trabajo/input_Estado_form_popupRecomendacionInvvpanel_principal_23tablaControldescripcionEditable'

2021-12-31 13:31:52 - [MESSAGE][PASSED] - Text 'Prueba' is set on object 'Object Repository/Modulo Pruebas SST/Investigación_Accidente_de_Trabajo/input_Estado_form_popupRecomendacionInvvpanel_principal_23tablaControldescripcionEditable'

2021-12-31 13:31:52 - [TEST_STEP][PASSED] - click(findTestObject("Modulo Pruebas SST/Investigación_Accidente_de_Trabajo/a_Estado_form_popupRecomendacionInvvpanel_principal_23tablaControlj_idt450")): Object: 'Object Repository/Modulo Pruebas SST/Investigación_Accidente_de_Trabajo/a_Estado_form_popupRecomendacionInvvpanel_principal_23tablaControlj_idt450' is clicked on

2021-12-31 13:31:53 - [MESSAGE][PASSED] - Object: 'Object Repository/Modulo Pruebas SST/Investigación_Accidente_de_Trabajo/a_Estado_form_popupRecomendacionInvvpanel_principal_23tablaControlj_idt450' is clicked on

2021-12-31 13:31:53 - [TEST_STEP][PASSED] - click(findTestObject("Modulo Pruebas SST/Investigación_Accidente_de_Trabajo/span_ALMANZA NOVOA JOHN ALEXANDRE4")): Object: 'Object Repository/Modulo Pruebas SST/Investigación_Accidente_de_Trabajo/span_ALMANZA NOVOA JOHN ALEXANDRE4' is clicked on

2021-12-31 13:31:54 - [MESSAGE][PASSED] - Object: 'Object Repository/Modulo Pruebas SST/Investigación_Accidente_de_Trabajo/span_ALMANZA NOVOA JOHN ALEXANDRE4' is clicked on

2021-12-31 13:31:54 - [TEST_STEP][PASSED] - selectOptionByIndex(findTestObject("Modulo Pruebas SST/Investigación_Accidente_de_Trabajo/select_SeleccionarEfectuadoNo Efectuado4"), 1): All options with index in [1] are selected on object 'Object Repository/Modulo Pruebas SST/Investigación_Accidente_de_Trabajo/select_SeleccionarEfectuadoNo Efectuado4'

2021-12-31 13:31:55 - [MESSAGE][PASSED] - All options with index in [1] are selected on object 'Object Repository/Modulo Pruebas SST/Investigación_Accidente_de_Trabajo/select_SeleccionarEfectuadoNo Efectuado4'

2021-12-31 13:31:55 - [TEST_STEP][PASSED] - click(findTestObject("Modulo Pruebas SST/Investigación_Accidente_de_Trabajo/a_Estado_form_popupRecomendacionInvvpanel_principal_23tablaControlj_idt462")): Object: 'Object Repository/Modulo Pruebas SST/Investigación_Accidente_de_Trabajo/a_Estado_form_popupRecomendacionInvvpanel_principal_23tablaControlj_idt462' is clicked on

2021-12-31 13:31:56 - [MESSAGE][PASSED] - Object: 'Object Repository/Modulo Pruebas SST/Investigación_Accidente_de_Trabajo/a_Estado_form_popupRecomendacionInvvpanel_principal_23tablaControlj_idt462' is clicked on

2021-12-31 13:31:56 - [TEST_STEP][PASSED] - click(findTestObject("Modulo Pruebas SST/Investigación_Accidente_de_Trabajo/label_Accin")): Object: 'Object Repository/Modulo Pruebas SST/Investigación_Accidente_de_Trabajo/label_Accin' is clicked on

2021-12-31 13:31:56 - [MESSAGE][PASSED] - Object: 'Object Repository/Modulo Pruebas SST/Investigación_Accidente_de_Trabajo/label_Accin' is clicked on

2021-12-31 13:31:56 - [TEST_STEP][PASSED] - click(findTestObject("Modulo Pruebas SST/Investigación_Accidente_de_Trabajo/a_Seguimiento")): Object: 'Object Repository/Modulo Pruebas SST/Investigación_Accidente_de_Trabajo/a_Seguimiento' is clicked on

2021-12-31 13:31:57 - [MESSAGE][PASSED] - Object: 'Object Repository/Modulo Pruebas SST/Investigación_Accidente_de_Trabajo/a_Seguimiento' is clicked on

2021-12-31 13:31:57 - [TEST_STEP][PASSED] - click(findTestObject("Modulo Pruebas SST/Investigación_Accidente_de_Trabajo/a_Observacin_form_popupRecomendacionInvvpanel_principal_23j_idt464j_idt480")): Object: 'Object Repository/Modulo Pruebas SST/Investigación_Accidente_de_Trabajo/a_Observacin_form_popupRecomendacionInvvpanel_principal_23j_idt464j_idt480' is clicked on

2021-12-31 13:31:58 - [MESSAGE][PASSED] - Object: 'Object Repository/Modulo Pruebas SST/Investigación_Accidente_de_Trabajo/a_Observacin_form_popupRecomendacionInvvpanel_principal_23j_idt464j_idt480' is clicked on

2021-12-31 13:31:58 - [TEST_STEP][PASSED] - click(findTestObject("Modulo Pruebas SST/Investigación_Accidente_de_Trabajo/label_Tipo  Control"), STOP_ON_FAILURE): Object: 'Object Repository/Modulo Pruebas SST/Investigación_Accidente_de_Trabajo/label_Tipo  Control' is clicked on

2021-12-31 13:31:58 - [MESSAGE][PASSED] - Object: 'Object Repository/Modulo Pruebas SST/Investigación_Accidente_de_Trabajo/label_Tipo  Control' is clicked on

2021-12-31 13:31:58 - [TEST_STEP][PASSED] - click(findTestObject("Modulo Pruebas SST/Investigación_Accidente_de_Trabajo/span_Tipo Control")): Object: 'Object Repository/Modulo Pruebas SST/Investigación_Accidente_de_Trabajo/span_Tipo Control' is clicked on

2021-12-31 13:31:59 - [MESSAGE][PASSED] - Object: 'Object Repository/Modulo Pruebas SST/Investigación_Accidente_de_Trabajo/span_Tipo Control' is clicked on

2021-12-31 13:31:59 - [TEST_STEP][PASSED] - setText(findTestObject("Modulo Pruebas SST/Investigación_Accidente_de_Trabajo/textarea_Observacin_form_popupRecomendacionInvvpanel_principal_23j_idt464obserSeguim"), "Prueba"): Text 'Prueba' is set on object 'Object Repository/Modulo Pruebas SST/Investigación_Accidente_de_Trabajo/textarea_Observacin_form_popupRecomendacionInvvpanel_principal_23j_idt464obserSeguim'

2021-12-31 13:32:00 - [MESSAGE][PASSED] - Text 'Prueba' is set on object 'Object Repository/Modulo Pruebas SST/Investigación_Accidente_de_Trabajo/textarea_Observacin_form_popupRecomendacionInvvpanel_principal_23j_idt464obserSeguim'

2021-12-31 13:32:00 - [TEST_STEP][PASSED] - click(findTestObject("Modulo Pruebas SST/Investigación_Accidente_de_Trabajo/a_Observacin_form_popupRecomendacionInvvpanel_principal_23j_idt464j_idt498")): Object: 'Object Repository/Modulo Pruebas SST/Investigación_Accidente_de_Trabajo/a_Observacin_form_popupRecomendacionInvvpanel_principal_23j_idt464j_idt498' is clicked on

2021-12-31 13:32:00 - [MESSAGE][PASSED] - Object: 'Object Repository/Modulo Pruebas SST/Investigación_Accidente_de_Trabajo/a_Observacin_form_popupRecomendacionInvvpanel_principal_23j_idt464j_idt498' is clicked on

2021-12-31 13:32:00 - [TEST_STEP][PASSED] - click(findTestObject("Modulo Pruebas SST/Investigación_Accidente_de_Trabajo/a_Accion")): Object: 'Object Repository/Modulo Pruebas SST/Investigación_Accidente_de_Trabajo/a_Accion' is clicked on

2021-12-31 13:32:01 - [MESSAGE][PASSED] - Object: 'Object Repository/Modulo Pruebas SST/Investigación_Accidente_de_Trabajo/a_Accion' is clicked on

2021-12-31 13:32:01 - [TEST_STEP][PASSED] - click(findTestObject("Modulo Pruebas SST/Investigación_Accidente_de_Trabajo/a_Actualizar")): Object: 'Object Repository/Modulo Pruebas SST/Investigación_Accidente_de_Trabajo/a_Actualizar' is clicked on

2021-12-31 13:32:02 - [MESSAGE][PASSED] - Object: 'Object Repository/Modulo Pruebas SST/Investigación_Accidente_de_Trabajo/a_Actualizar' is clicked on

2021-12-31 13:32:02 - [TEST_STEP][PASSED] - click(findTestObject("Modulo Pruebas SST/Investigación_Accidente_de_Trabajo/a_Equipo de investigacin")): Object: 'Object Repository/Modulo Pruebas SST/Investigación_Accidente_de_Trabajo/a_Equipo de investigacin' is clicked on

2021-12-31 13:32:03 - [MESSAGE][PASSED] - Object: 'Object Repository/Modulo Pruebas SST/Investigación_Accidente_de_Trabajo/a_Equipo de investigacin' is clicked on

2021-12-31 13:32:03 - [TEST_STEP][PASSED] - click(findTestObject("Modulo Pruebas SST/Investigación_Accidente_de_Trabajo/a_Nivel del Cargo_j_idt1810tabInvestigacionAccidentadotablaEquipoj_idt2013")): Object: 'Object Repository/Modulo Pruebas SST/Investigación_Accidente_de_Trabajo/a_Nivel del Cargo_j_idt1810tabInvestigacionAccidentadotablaEquipoj_idt2013' is clicked on

2021-12-31 13:32:04 - [MESSAGE][PASSED] - Object: 'Object Repository/Modulo Pruebas SST/Investigación_Accidente_de_Trabajo/a_Nivel del Cargo_j_idt1810tabInvestigacionAccidentadotablaEquipoj_idt2013' is clicked on

2021-12-31 13:32:04 - [TEST_STEP][PASSED] - setText(findTestObject("Modulo Pruebas SST/Investigación_Accidente_de_Trabajo/input_Filtro Hoja de Vida_formPopupHojaVidaj_idt2086"), "a"): Text 'a' is set on object 'Object Repository/Modulo Pruebas SST/Investigación_Accidente_de_Trabajo/input_Filtro Hoja de Vida_formPopupHojaVidaj_idt2086'

2021-12-31 13:32:05 - [MESSAGE][PASSED] - Text 'a' is set on object 'Object Repository/Modulo Pruebas SST/Investigación_Accidente_de_Trabajo/input_Filtro Hoja de Vida_formPopupHojaVidaj_idt2086'

2021-12-31 13:32:05 - [TEST_STEP][PASSED] - sendKeys(findTestObject("Modulo Pruebas SST/Investigación_Accidente_de_Trabajo/input_Filtro Hoja de Vida_formPopupHojaVidaj_idt2086"), Keys.chord(ENTER)): Keys 'ENTER + ' sent to object: 'Object Repository/Modulo Pruebas SST/Investigación_Accidente_de_Trabajo/input_Filtro Hoja de Vida_formPopupHojaVidaj_idt2086'

2021-12-31 13:32:06 - [MESSAGE][PASSED] - Keys 'ENTER + ' sent to object: 'Object Repository/Modulo Pruebas SST/Investigación_Accidente_de_Trabajo/input_Filtro Hoja de Vida_formPopupHojaVidaj_idt2086'

2021-12-31 13:32:06 - [TEST_STEP][PASSED] - click(findTestObject("Modulo Pruebas SST/Investigación_Accidente_de_Trabajo/span_A A A2")): Object: 'Object Repository/Modulo Pruebas SST/Investigación_Accidente_de_Trabajo/span_A A A2' is clicked on

2021-12-31 13:32:07 - [MESSAGE][PASSED] - Object: 'Object Repository/Modulo Pruebas SST/Investigación_Accidente_de_Trabajo/span_A A A2' is clicked on

2021-12-31 13:32:07 - [TEST_STEP][PASSED] - setText(findTestObject("Modulo Pruebas SST/Investigación_Accidente_de_Trabajo/input_Nivel del Cargo_j_idt1810tabInvestigacionAccidentadotablaEquipofechaaccidente_input"), "01/07/2021"): Text '01/07/2021' is set on object 'Object Repository/Modulo Pruebas SST/Investigación_Accidente_de_Trabajo/input_Nivel del Cargo_j_idt1810tabInvestigacionAccidentadotablaEquipofechaaccidente_input'

2021-12-31 13:32:09 - [MESSAGE][PASSED] - Text '01/07/2021' is set on object 'Object Repository/Modulo Pruebas SST/Investigación_Accidente_de_Trabajo/input_Nivel del Cargo_j_idt1810tabInvestigacionAccidentadotablaEquipofechaaccidente_input'

2021-12-31 13:32:09 - [TEST_STEP][PASSED] - setText(findTestObject("Modulo Pruebas SST/Investigación_Accidente_de_Trabajo/input_Nivel del Cargo_j_idt1810tabInvestigacionAccidentadotablaEquiporol"), "prueba"): Text 'prueba' is set on object 'Object Repository/Modulo Pruebas SST/Investigación_Accidente_de_Trabajo/input_Nivel del Cargo_j_idt1810tabInvestigacionAccidentadotablaEquiporol'

2021-12-31 13:32:09 - [MESSAGE][PASSED] - Text 'prueba' is set on object 'Object Repository/Modulo Pruebas SST/Investigación_Accidente_de_Trabajo/input_Nivel del Cargo_j_idt1810tabInvestigacionAccidentadotablaEquiporol'

2021-12-31 13:32:09 - [TEST_STEP][PASSED] - click(findTestObject("Modulo Pruebas SST/Investigación_Accidente_de_Trabajo/a_Nivel del Cargo_j_idt1810tabInvestigacionAccidentadotablaEquipoj_idt2022")): Object: 'Object Repository/Modulo Pruebas SST/Investigación_Accidente_de_Trabajo/a_Nivel del Cargo_j_idt1810tabInvestigacionAccidentadotablaEquipoj_idt2022' is clicked on

2021-12-31 13:32:10 - [MESSAGE][PASSED] - Object: 'Object Repository/Modulo Pruebas SST/Investigación_Accidente_de_Trabajo/a_Nivel del Cargo_j_idt1810tabInvestigacionAccidentadotablaEquipoj_idt2022' is clicked on

2021-12-31 13:32:10 - [TEST_STEP][PASSED] - click(findTestObject("Modulo Pruebas SST/Investigación_Accidente_de_Trabajo/a_Anexos")): Object: 'Object Repository/Modulo Pruebas SST/Investigación_Accidente_de_Trabajo/a_Anexos' is clicked on

2021-12-31 13:32:10 - [MESSAGE][PASSED] - Object: 'Object Repository/Modulo Pruebas SST/Investigación_Accidente_de_Trabajo/a_Anexos' is clicked on

2021-12-31 13:32:10 - [TEST_STEP][PASSED] - click(findTestObject("Modulo Pruebas SST/Investigación_Accidente_de_Trabajo/a_Descargar_j_idt1810tabInvestigacionAccidentadotablaAnexosj_idt2030")): Object: 'Object Repository/Modulo Pruebas SST/Investigación_Accidente_de_Trabajo/a_Descargar_j_idt1810tabInvestigacionAccidentadotablaAnexosj_idt2030' is clicked on

2021-12-31 13:32:11 - [MESSAGE][PASSED] - Object: 'Object Repository/Modulo Pruebas SST/Investigación_Accidente_de_Trabajo/a_Descargar_j_idt1810tabInvestigacionAccidentadotablaAnexosj_idt2030' is clicked on

2021-12-31 13:32:11 - [TEST_STEP][PASSED] - ruta = G_rutaarchivos + "prueba.pdf": null

2021-12-31 13:32:11 - [TEST_STEP][PASSED] - uploadFile(findTestObject("Modulo Pruebas SST/Investigación_Accidente_de_Trabajo/input_Cargar Archivo_popupCargarArchivoForminputFileName_input"), ruta): File 'E:\unionweb14\prueba.pdf' sent to object: 'Object Repository/Modulo Pruebas SST/Investigación_Accidente_de_Trabajo/input_Cargar Archivo_popupCargarArchivoForminputFileName_input'

2021-12-31 13:32:12 - [MESSAGE][PASSED] - File 'E:\unionweb14\prueba.pdf' sent to object: 'Object Repository/Modulo Pruebas SST/Investigación_Accidente_de_Trabajo/input_Cargar Archivo_popupCargarArchivoForminputFileName_input'

2021-12-31 13:32:12 - [TEST_STEP][PASSED] - setText(findTestObject("Modulo Pruebas SST/Investigación_Accidente_de_Trabajo/input_Descargar_j_idt1810tabInvestigacionAccidentadotablaAnexosdescripcionAnexo"), "Prueba"): Text 'Prueba' is set on object 'Object Repository/Modulo Pruebas SST/Investigación_Accidente_de_Trabajo/input_Descargar_j_idt1810tabInvestigacionAccidentadotablaAnexosdescripcionAnexo'

2021-12-31 13:32:13 - [MESSAGE][PASSED] - Text 'Prueba' is set on object 'Object Repository/Modulo Pruebas SST/Investigación_Accidente_de_Trabajo/input_Descargar_j_idt1810tabInvestigacionAccidentadotablaAnexosdescripcionAnexo'

2021-12-31 13:32:13 - [TEST_STEP][PASSED] - click(findTestObject("Modulo Pruebas SST/Investigación_Accidente_de_Trabajo/a_Descargar_j_idt1810tabInvestigacionAccidentadotablaAnexosj_idt2037")): Object: 'Object Repository/Modulo Pruebas SST/Investigación_Accidente_de_Trabajo/a_Descargar_j_idt1810tabInvestigacionAccidentadotablaAnexosj_idt2037' is clicked on

2021-12-31 13:32:13 - [MESSAGE][PASSED] - Object: 'Object Repository/Modulo Pruebas SST/Investigación_Accidente_de_Trabajo/a_Descargar_j_idt1810tabInvestigacionAccidentadotablaAnexosj_idt2037' is clicked on

2021-12-31 13:32:13 - [TEST_STEP][PASSED] - closeBrowser(): Browser is closed

2021-12-31 13:32:14 - [MESSAGE][PASSED] - Browser is closed]]></system-out>
         <system-err><![CDATA[]]></system-err>
      </testcase>
      <testcase name="Test Cases/5.1-Pruebas_SST/5.1.3-Seguimiento_a_accidente laborales_enfermedades_laborales_y_comunes" time="64.353" classname="Test Cases/5.1-Pruebas_SST/5.1.3-Seguimiento_a_accidente laborales_enfermedades_laborales_y_comunes" status="PASSED">
         <system-out><![CDATA[2021-12-31 13:32:14 - [TEST_CASE][PASSED] - Test Cases/5.1-Pruebas_SST/5.1.3-Seguimiento_a_accidente laborales_enfermedades_laborales_y_comunes: Test Cases/5.1-Pruebas_SST/5.1.3-Seguimiento_a_accidente laborales_enfermedades_laborales_y_comunes

2021-12-31 13:32:14 - [TEST_STEP][PASSED] - callTestCase(findTestCase("0.1-Login"), [:], STOP_ON_FAILURE): Call Test Case 'Test Cases/0.1-Login' successfully

2021-12-31 13:32:14 - [TEST_CASE][PASSED] - Test Cases/0.1-Login: Test Cases/0.1-Login

2021-12-31 13:32:14 - [TEST_STEP][PASSED] - openBrowser(""): Browser is opened with url: ''

2021-12-31 13:32:14 - [MESSAGE][INFO] - Starting 'Chrome' driver

2021-12-31 13:32:14 - [MESSAGE][INFO] - Action delay is set to 0 milliseconds

2021-12-31 13:32:16 - [MESSAGE][PASSED] - Browser is opened with url: ''

2021-12-31 13:32:16 - [TEST_STEP][PASSED] - maximizeWindow(): Current window maximized

2021-12-31 13:32:16 - [MESSAGE][PASSED] - Current window maximized

2021-12-31 13:32:16 - [TEST_STEP][PASSED] - i = G_Login: null

2021-12-31 13:32:16 - [TEST_STEP][PASSED] - url = new java.net.URL(i): null

2021-12-31 13:32:16 - [TEST_STEP][PASSED] - println("URL: " + url.toString()): null

2021-12-31 13:32:16 - [TEST_STEP][PASSED] - connection = url.openConnection(): null

2021-12-31 13:32:16 - [TEST_STEP][PASSED] - connection.setRequestMethod("GET"): null

2021-12-31 13:32:16 - [TEST_STEP][PASSED] - connection.setReadTimeout(2 * 1000): null

2021-12-31 13:32:16 - [TEST_STEP][PASSED] - try: null

2021-12-31 13:32:16 - [TEST_STEP][PASSED] - connection.connect(): null

2021-12-31 13:32:16 - [TEST_STEP][PASSED] - flag = connected: null

2021-12-31 13:32:16 - [TEST_STEP][PASSED] - println("Valor_ori: " + flag): null

2021-12-31 13:32:16 - [TEST_STEP][PASSED] - if (flag): null

2021-12-31 13:32:16 - [TEST_STEP][PASSED] - navigateToUrl(i): Navigate to 'http://192.168.2.80:8380/saraweb' successfully

2021-12-31 13:32:16 - [MESSAGE][PASSED] - Navigate to 'http://192.168.2.80:8380/saraweb' successfully

2021-12-31 13:32:16 - [TEST_STEP][PASSED] - a(): null

2021-12-31 13:32:16 - [TEST_STEP][PASSED] - setText(findTestObject("Login/input_USUARIO_loginusuario"), G_Usuario): Text 'saraadmin' is set on object 'Object Repository/Login/input_USUARIO_loginusuario'

2021-12-31 13:32:17 - [MESSAGE][PASSED] - Text 'saraadmin' is set on object 'Object Repository/Login/input_USUARIO_loginusuario'

2021-12-31 13:32:17 - [TEST_STEP][PASSED] - setEncryptedText(findTestObject("Login/input_CLAVE_loginpassword"), "MkG4/TYiCFC3cb2driP7+Q=="): Text ****** has been set on object 'Object Repository/Login/input_CLAVE_loginpassword'

2021-12-31 13:32:18 - [MESSAGE][PASSED] - Text ****** has been set on object 'Object Repository/Login/input_CLAVE_loginpassword'

2021-12-31 13:32:18 - [TEST_STEP][PASSED] - waitForElementClickable(findTestObject("Login/a_Ingresar"), G_TimeOut): Object 'Object Repository/Login/a_Ingresar' is clickable

2021-12-31 13:32:18 - [MESSAGE][PASSED] - Object 'Object Repository/Login/a_Ingresar' is clickable

2021-12-31 13:32:18 - [TEST_STEP][PASSED] - click(findTestObject("Login/a_Ingresar")): Object: 'Object Repository/Login/a_Ingresar' is clicked on

2021-12-31 13:32:19 - [MESSAGE][PASSED] - Object: 'Object Repository/Login/a_Ingresar' is clicked on

2021-12-31 13:32:19 - [TEST_STEP][PASSED] - element = findWebElement(findTestObject("Login/a_Ir"), 30): null

2021-12-31 13:32:20 - [TEST_STEP][PASSED] - executeJavaScript("arguments[0].click()", Arrays.asList(element)): Execute JavaScript 'arguments[0].click()' successfully

2021-12-31 13:32:20 - [MESSAGE][PASSED] - Execute JavaScript 'arguments[0].click()' successfully

2021-12-31 13:32:20 - [MESSAGE][PASSED] - Call Test Case 'Test Cases/0.1-Login' successfully

2021-12-31 13:32:20 - [TEST_STEP][PASSED] - setText(findTestObject("Modulo Pruebas SST/Seguimiento_a_accidente laborales_enfermedades_laborales_y_comunes/input_ADMINISTRADOR DEL SISTEMA - SARA_form_templatej_idt24_input"), "Registrar / Nov"): Text 'Registrar / Nov' is set on object 'Object Repository/Modulo Pruebas SST/Seguimiento_a_accidente laborales_enfermedades_laborales_y_comunes/input_ADMINISTRADOR DEL SISTEMA - SARA_form_templatej_idt24_input'

2021-12-31 13:32:21 - [MESSAGE][PASSED] - Text 'Registrar / Nov' is set on object 'Object Repository/Modulo Pruebas SST/Seguimiento_a_accidente laborales_enfermedades_laborales_y_comunes/input_ADMINISTRADOR DEL SISTEMA - SARA_form_templatej_idt24_input'

2021-12-31 13:32:21 - [TEST_STEP][PASSED] - click(findTestObject("Modulo Pruebas SST/Seguimiento_a_accidente laborales_enfermedades_laborales_y_comunes/li_Registrar  Nov. Caso Atep (sst)")): Object: 'Object Repository/Modulo Pruebas SST/Seguimiento_a_accidente laborales_enfermedades_laborales_y_comunes/li_Registrar  Nov. Caso Atep (sst)' is clicked on

2021-12-31 13:32:22 - [MESSAGE][PASSED] - Object: 'Object Repository/Modulo Pruebas SST/Seguimiento_a_accidente laborales_enfermedades_laborales_y_comunes/li_Registrar  Nov. Caso Atep (sst)' is clicked on

2021-12-31 13:32:22 - [TEST_STEP][PASSED] - selectOptionByIndex(findTestObject("Modulo Pruebas SST/Seguimiento_a_accidente laborales_enfermedades_laborales_y_comunes/select_-- SELECCIONAR --SEDE NORTESEDE OCCIDENTESEDE SUR1"), 1): All options with index in [1] are selected on object 'Object Repository/Modulo Pruebas SST/Seguimiento_a_accidente laborales_enfermedades_laborales_y_comunes/select_-- SELECCIONAR --SEDE NORTESEDE OCCIDENTESEDE SUR1'

2021-12-31 13:32:25 - [MESSAGE][PASSED] - All options with index in [1] are selected on object 'Object Repository/Modulo Pruebas SST/Seguimiento_a_accidente laborales_enfermedades_laborales_y_comunes/select_-- SELECCIONAR --SEDE NORTESEDE OCCIDENTESEDE SUR1'

2021-12-31 13:32:25 - [TEST_STEP][PASSED] - click(findTestObject("Modulo Pruebas SST/Seguimiento_a_accidente laborales_enfermedades_laborales_y_comunes/a_Nombre_form_listadoSolicitudElementoj_idt65")): Object: 'Object Repository/Modulo Pruebas SST/Seguimiento_a_accidente laborales_enfermedades_laborales_y_comunes/a_Nombre_form_listadoSolicitudElementoj_idt65' is clicked on

2021-12-31 13:32:26 - [MESSAGE][PASSED] - Object: 'Object Repository/Modulo Pruebas SST/Seguimiento_a_accidente laborales_enfermedades_laborales_y_comunes/a_Nombre_form_listadoSolicitudElementoj_idt65' is clicked on

2021-12-31 13:32:26 - [TEST_STEP][PASSED] - setText(findTestObject("Modulo Pruebas SST/Seguimiento_a_accidente laborales_enfermedades_laborales_y_comunes/input_Filtro Hoja de Vida_formPopupHojaVidaj_idt7951"), "A A A"): Text 'A A A' is set on object 'Object Repository/Modulo Pruebas SST/Seguimiento_a_accidente laborales_enfermedades_laborales_y_comunes/input_Filtro Hoja de Vida_formPopupHojaVidaj_idt7951'

2021-12-31 13:32:27 - [MESSAGE][PASSED] - Text 'A A A' is set on object 'Object Repository/Modulo Pruebas SST/Seguimiento_a_accidente laborales_enfermedades_laborales_y_comunes/input_Filtro Hoja de Vida_formPopupHojaVidaj_idt7951'

2021-12-31 13:32:27 - [TEST_STEP][PASSED] - sendKeys(findTestObject("Modulo Pruebas SST/Seguimiento_a_accidente laborales_enfermedades_laborales_y_comunes/input_Filtro Hoja de Vida_formPopupHojaVidaj_idt7951"), Keys.chord(ENTER)): Keys 'ENTER + ' sent to object: 'Object Repository/Modulo Pruebas SST/Seguimiento_a_accidente laborales_enfermedades_laborales_y_comunes/input_Filtro Hoja de Vida_formPopupHojaVidaj_idt7951'

2021-12-31 13:32:27 - [MESSAGE][PASSED] - Keys 'ENTER + ' sent to object: 'Object Repository/Modulo Pruebas SST/Seguimiento_a_accidente laborales_enfermedades_laborales_y_comunes/input_Filtro Hoja de Vida_formPopupHojaVidaj_idt7951'

2021-12-31 13:32:27 - [TEST_STEP][PASSED] - if (waitForElementClickable(findTestObject("Modulo Pruebas SST/Seguimiento_a_accidente laborales_enfermedades_laborales_y_comunes/span_A A A"), 1)): null

2021-12-31 13:32:28 - [MESSAGE][PASSED] - Object 'Object Repository/Modulo Pruebas SST/Seguimiento_a_accidente laborales_enfermedades_laborales_y_comunes/span_A A A' is clickable

2021-12-31 13:32:28 - [TEST_STEP][PASSED] - click(findTestObject("Modulo Pruebas SST/Seguimiento_a_accidente laborales_enfermedades_laborales_y_comunes/span_A A A")): Object: 'Object Repository/Modulo Pruebas SST/Seguimiento_a_accidente laborales_enfermedades_laborales_y_comunes/span_A A A' is clicked on

2021-12-31 13:32:29 - [MESSAGE][PASSED] - Object: 'Object Repository/Modulo Pruebas SST/Seguimiento_a_accidente laborales_enfermedades_laborales_y_comunes/span_A A A' is clicked on

2021-12-31 13:32:29 - [TEST_STEP][PASSED] - if (waitForElementPresent(findTestObject("Modulo Pruebas SST/Seguimiento_a_accidente laborales_enfermedades_laborales_y_comunes/td_1010220596 - A A A"), 1)): null

2021-12-31 13:32:29 - [MESSAGE][PASSED] - Object 'Object Repository/Modulo Pruebas SST/Seguimiento_a_accidente laborales_enfermedades_laborales_y_comunes/td_1010220596 - A A A' is present

2021-12-31 13:32:29 - [TEST_STEP][PASSED] - click(findTestObject("Modulo Pruebas SST/Seguimiento_a_accidente laborales_enfermedades_laborales_y_comunes/td_1010220596 - A A A"), STOP_ON_FAILURE): Object: 'Object Repository/Modulo Pruebas SST/Seguimiento_a_accidente laborales_enfermedades_laborales_y_comunes/td_1010220596 - A A A' is clicked on

2021-12-31 13:32:30 - [MESSAGE][PASSED] - Object: 'Object Repository/Modulo Pruebas SST/Seguimiento_a_accidente laborales_enfermedades_laborales_y_comunes/td_1010220596 - A A A' is clicked on

2021-12-31 13:32:30 - [TEST_STEP][PASSED] - click(findTestObject("Modulo Pruebas SST/Seguimiento_a_accidente laborales_enfermedades_laborales_y_comunes/a_Dictamen")): Object: 'Object Repository/Modulo Pruebas SST/Seguimiento_a_accidente laborales_enfermedades_laborales_y_comunes/a_Dictamen' is clicked on

2021-12-31 13:32:30 - [MESSAGE][PASSED] - Object: 'Object Repository/Modulo Pruebas SST/Seguimiento_a_accidente laborales_enfermedades_laborales_y_comunes/a_Dictamen' is clicked on

2021-12-31 13:32:30 - [TEST_STEP][PASSED] - if (waitForElementPresent(findTestObject("Modulo Pruebas SST/Seguimiento_a_accidente laborales_enfermedades_laborales_y_comunes/td_ALMANZA NOVOA JOHN ALEXANDRE"), 1)): null

2021-12-31 13:32:31 - [MESSAGE][PASSED] - Object 'Object Repository/Modulo Pruebas SST/Seguimiento_a_accidente laborales_enfermedades_laborales_y_comunes/td_ALMANZA NOVOA JOHN ALEXANDRE' is present

2021-12-31 13:32:31 - [TEST_STEP][PASSED] - click(findTestObject("Modulo Pruebas SST/Seguimiento_a_accidente laborales_enfermedades_laborales_y_comunes/td_ALMANZA NOVOA JOHN ALEXANDRE")): Object: 'Object Repository/Modulo Pruebas SST/Seguimiento_a_accidente laborales_enfermedades_laborales_y_comunes/td_ALMANZA NOVOA JOHN ALEXANDRE' is clicked on

2021-12-31 13:32:31 - [MESSAGE][PASSED] - Object: 'Object Repository/Modulo Pruebas SST/Seguimiento_a_accidente laborales_enfermedades_laborales_y_comunes/td_ALMANZA NOVOA JOHN ALEXANDRE' is clicked on

2021-12-31 13:32:31 - [TEST_STEP][PASSED] - click(findTestObject("Modulo Pruebas SST/Seguimiento_a_accidente laborales_enfermedades_laborales_y_comunes/a_Eliminar2")): Object: 'Object Repository/Modulo Pruebas SST/Seguimiento_a_accidente laborales_enfermedades_laborales_y_comunes/a_Eliminar2' is clicked on

2021-12-31 13:32:32 - [MESSAGE][PASSED] - Object: 'Object Repository/Modulo Pruebas SST/Seguimiento_a_accidente laborales_enfermedades_laborales_y_comunes/a_Eliminar2' is clicked on

2021-12-31 13:32:32 - [TEST_STEP][PASSED] - click(findTestObject("Modulo Pruebas SST/Seguimiento_a_accidente laborales_enfermedades_laborales_y_comunes/span_Si2")): Object: 'Object Repository/Modulo Pruebas SST/Seguimiento_a_accidente laborales_enfermedades_laborales_y_comunes/span_Si2' is clicked on

2021-12-31 13:32:32 - [MESSAGE][PASSED] - Object: 'Object Repository/Modulo Pruebas SST/Seguimiento_a_accidente laborales_enfermedades_laborales_y_comunes/span_Si2' is clicked on

2021-12-31 13:32:32 - [TEST_STEP][PASSED] - click(findTestObject("Modulo Pruebas SST/Seguimiento_a_accidente laborales_enfermedades_laborales_y_comunes/a_Regresar")): Object: 'Object Repository/Modulo Pruebas SST/Seguimiento_a_accidente laborales_enfermedades_laborales_y_comunes/a_Regresar' is clicked on

2021-12-31 13:32:33 - [MESSAGE][PASSED] - Object: 'Object Repository/Modulo Pruebas SST/Seguimiento_a_accidente laborales_enfermedades_laborales_y_comunes/a_Regresar' is clicked on

2021-12-31 13:32:33 - [TEST_STEP][PASSED] - click(findTestObject("Modulo Pruebas SST/Seguimiento_a_accidente laborales_enfermedades_laborales_y_comunes/a_Nombre_form_listadoSolicitudElementoj_idt65")): Object: 'Object Repository/Modulo Pruebas SST/Seguimiento_a_accidente laborales_enfermedades_laborales_y_comunes/a_Nombre_form_listadoSolicitudElementoj_idt65' is clicked on

2021-12-31 13:32:34 - [MESSAGE][PASSED] - Object: 'Object Repository/Modulo Pruebas SST/Seguimiento_a_accidente laborales_enfermedades_laborales_y_comunes/a_Nombre_form_listadoSolicitudElementoj_idt65' is clicked on

2021-12-31 13:32:34 - [TEST_STEP][PASSED] - setText(findTestObject("Modulo Pruebas SST/Seguimiento_a_accidente laborales_enfermedades_laborales_y_comunes/input_Filtro Hoja de Vida_formPopupHojaVidaj_idt7951"), "A A A"): Text 'A A A' is set on object 'Object Repository/Modulo Pruebas SST/Seguimiento_a_accidente laborales_enfermedades_laborales_y_comunes/input_Filtro Hoja de Vida_formPopupHojaVidaj_idt7951'

2021-12-31 13:32:35 - [MESSAGE][PASSED] - Text 'A A A' is set on object 'Object Repository/Modulo Pruebas SST/Seguimiento_a_accidente laborales_enfermedades_laborales_y_comunes/input_Filtro Hoja de Vida_formPopupHojaVidaj_idt7951'

2021-12-31 13:32:35 - [TEST_STEP][PASSED] - sendKeys(findTestObject("Modulo Pruebas SST/Seguimiento_a_accidente laborales_enfermedades_laborales_y_comunes/input_Filtro Hoja de Vida_formPopupHojaVidaj_idt7951"), Keys.chord(ENTER)): Keys 'ENTER + ' sent to object: 'Object Repository/Modulo Pruebas SST/Seguimiento_a_accidente laborales_enfermedades_laborales_y_comunes/input_Filtro Hoja de Vida_formPopupHojaVidaj_idt7951'

2021-12-31 13:32:35 - [MESSAGE][PASSED] - Keys 'ENTER + ' sent to object: 'Object Repository/Modulo Pruebas SST/Seguimiento_a_accidente laborales_enfermedades_laborales_y_comunes/input_Filtro Hoja de Vida_formPopupHojaVidaj_idt7951'

2021-12-31 13:32:35 - [TEST_STEP][PASSED] - click(findTestObject("Modulo Pruebas SST/Seguimiento_a_accidente laborales_enfermedades_laborales_y_comunes/span_A A A")): Object: 'Object Repository/Modulo Pruebas SST/Seguimiento_a_accidente laborales_enfermedades_laborales_y_comunes/span_A A A' is clicked on

2021-12-31 13:32:36 - [MESSAGE][PASSED] - Object: 'Object Repository/Modulo Pruebas SST/Seguimiento_a_accidente laborales_enfermedades_laborales_y_comunes/span_A A A' is clicked on

2021-12-31 13:32:36 - [TEST_STEP][PASSED] - click(findTestObject("Modulo Pruebas SST/Seguimiento_a_accidente laborales_enfermedades_laborales_y_comunes/a_Novedades")): Object: 'Object Repository/Modulo Pruebas SST/Seguimiento_a_accidente laborales_enfermedades_laborales_y_comunes/a_Novedades' is clicked on

2021-12-31 13:32:37 - [MESSAGE][PASSED] - Object: 'Object Repository/Modulo Pruebas SST/Seguimiento_a_accidente laborales_enfermedades_laborales_y_comunes/a_Novedades' is clicked on

2021-12-31 13:32:37 - [TEST_STEP][PASSED] - if (waitForElementPresent(findTestObject("Modulo Pruebas SST/Seguimiento_a_accidente laborales_enfermedades_laborales_y_comunes/td_Seguridad y Salud en el Trabajo - Parmetro Bsico"), 1)): null

2021-12-31 13:32:37 - [MESSAGE][PASSED] - Object 'Object Repository/Modulo Pruebas SST/Seguimiento_a_accidente laborales_enfermedades_laborales_y_comunes/td_Seguridad y Salud en el Trabajo - Parmetro Bsico' is present

2021-12-31 13:32:37 - [TEST_STEP][PASSED] - click(findTestObject("Modulo Pruebas SST/Seguimiento_a_accidente laborales_enfermedades_laborales_y_comunes/td_Seguridad y Salud en el Trabajo - Parmetro Bsico")): Object: 'Object Repository/Modulo Pruebas SST/Seguimiento_a_accidente laborales_enfermedades_laborales_y_comunes/td_Seguridad y Salud en el Trabajo - Parmetro Bsico' is clicked on

2021-12-31 13:32:38 - [MESSAGE][PASSED] - Object: 'Object Repository/Modulo Pruebas SST/Seguimiento_a_accidente laborales_enfermedades_laborales_y_comunes/td_Seguridad y Salud en el Trabajo - Parmetro Bsico' is clicked on

2021-12-31 13:32:38 - [TEST_STEP][PASSED] - click(findTestObject("Modulo Pruebas SST/Seguimiento_a_accidente laborales_enfermedades_laborales_y_comunes/label_Novedad Caso Atep")): Object: 'Object Repository/Modulo Pruebas SST/Seguimiento_a_accidente laborales_enfermedades_laborales_y_comunes/label_Novedad Caso Atep' is clicked on

2021-12-31 13:32:38 - [MESSAGE][PASSED] - Object: 'Object Repository/Modulo Pruebas SST/Seguimiento_a_accidente laborales_enfermedades_laborales_y_comunes/label_Novedad Caso Atep' is clicked on

2021-12-31 13:32:38 - [TEST_STEP][PASSED] - click(findTestObject("Modulo Pruebas SST/Seguimiento_a_accidente laborales_enfermedades_laborales_y_comunes/a_Eliminar3")): Object: 'Object Repository/Modulo Pruebas SST/Seguimiento_a_accidente laborales_enfermedades_laborales_y_comunes/a_Eliminar3' is clicked on

2021-12-31 13:32:39 - [MESSAGE][PASSED] - Object: 'Object Repository/Modulo Pruebas SST/Seguimiento_a_accidente laborales_enfermedades_laborales_y_comunes/a_Eliminar3' is clicked on

2021-12-31 13:32:39 - [TEST_STEP][PASSED] - click(findTestObject("Modulo Pruebas SST/Seguimiento_a_accidente laborales_enfermedades_laborales_y_comunes/span_Si3")): Object: 'Object Repository/Modulo Pruebas SST/Seguimiento_a_accidente laborales_enfermedades_laborales_y_comunes/span_Si3' is clicked on

2021-12-31 13:32:39 - [MESSAGE][PASSED] - Object: 'Object Repository/Modulo Pruebas SST/Seguimiento_a_accidente laborales_enfermedades_laborales_y_comunes/span_Si3' is clicked on

2021-12-31 13:32:39 - [TEST_STEP][PASSED] - click(findTestObject("Modulo Pruebas SST/Seguimiento_a_accidente laborales_enfermedades_laborales_y_comunes/a_Regresar")): Object: 'Object Repository/Modulo Pruebas SST/Seguimiento_a_accidente laborales_enfermedades_laborales_y_comunes/a_Regresar' is clicked on

2021-12-31 13:32:40 - [MESSAGE][PASSED] - Object: 'Object Repository/Modulo Pruebas SST/Seguimiento_a_accidente laborales_enfermedades_laborales_y_comunes/a_Regresar' is clicked on

2021-12-31 13:32:40 - [TEST_STEP][PASSED] - click(findTestObject("Modulo Pruebas SST/Seguimiento_a_accidente laborales_enfermedades_laborales_y_comunes/a_Nombre_form_listadoSolicitudElementoj_idt65")): Object: 'Object Repository/Modulo Pruebas SST/Seguimiento_a_accidente laborales_enfermedades_laborales_y_comunes/a_Nombre_form_listadoSolicitudElementoj_idt65' is clicked on

2021-12-31 13:32:42 - [MESSAGE][PASSED] - Object: 'Object Repository/Modulo Pruebas SST/Seguimiento_a_accidente laborales_enfermedades_laborales_y_comunes/a_Nombre_form_listadoSolicitudElementoj_idt65' is clicked on

2021-12-31 13:32:42 - [TEST_STEP][PASSED] - setText(findTestObject("Modulo Pruebas SST/Seguimiento_a_accidente laborales_enfermedades_laborales_y_comunes/input_Filtro Hoja de Vida_formPopupHojaVidaj_idt7951"), "A A A"): Text 'A A A' is set on object 'Object Repository/Modulo Pruebas SST/Seguimiento_a_accidente laborales_enfermedades_laborales_y_comunes/input_Filtro Hoja de Vida_formPopupHojaVidaj_idt7951'

2021-12-31 13:32:43 - [MESSAGE][PASSED] - Text 'A A A' is set on object 'Object Repository/Modulo Pruebas SST/Seguimiento_a_accidente laborales_enfermedades_laborales_y_comunes/input_Filtro Hoja de Vida_formPopupHojaVidaj_idt7951'

2021-12-31 13:32:43 - [TEST_STEP][PASSED] - sendKeys(findTestObject("Modulo Pruebas SST/Seguimiento_a_accidente laborales_enfermedades_laborales_y_comunes/input_Filtro Hoja de Vida_formPopupHojaVidaj_idt7951"), Keys.chord(ENTER)): Keys 'ENTER + ' sent to object: 'Object Repository/Modulo Pruebas SST/Seguimiento_a_accidente laborales_enfermedades_laborales_y_comunes/input_Filtro Hoja de Vida_formPopupHojaVidaj_idt7951'

2021-12-31 13:32:43 - [MESSAGE][PASSED] - Keys 'ENTER + ' sent to object: 'Object Repository/Modulo Pruebas SST/Seguimiento_a_accidente laborales_enfermedades_laborales_y_comunes/input_Filtro Hoja de Vida_formPopupHojaVidaj_idt7951'

2021-12-31 13:32:43 - [TEST_STEP][PASSED] - click(findTestObject("Modulo Pruebas SST/Seguimiento_a_accidente laborales_enfermedades_laborales_y_comunes/span_A A A")): Object: 'Object Repository/Modulo Pruebas SST/Seguimiento_a_accidente laborales_enfermedades_laborales_y_comunes/span_A A A' is clicked on

2021-12-31 13:32:44 - [MESSAGE][PASSED] - Object: 'Object Repository/Modulo Pruebas SST/Seguimiento_a_accidente laborales_enfermedades_laborales_y_comunes/span_A A A' is clicked on

2021-12-31 13:32:44 - [TEST_STEP][PASSED] - click(findTestObject("Modulo Pruebas SST/Seguimiento_a_accidente laborales_enfermedades_laborales_y_comunes/a_Ver")): Object: 'Object Repository/Modulo Pruebas SST/Seguimiento_a_accidente laborales_enfermedades_laborales_y_comunes/a_Ver' is clicked on

2021-12-31 13:32:45 - [MESSAGE][PASSED] - Object: 'Object Repository/Modulo Pruebas SST/Seguimiento_a_accidente laborales_enfermedades_laborales_y_comunes/a_Ver' is clicked on

2021-12-31 13:32:45 - [TEST_STEP][PASSED] - click(findTestObject("Modulo Pruebas SST/Seguimiento_a_accidente laborales_enfermedades_laborales_y_comunes/a_Eliminar")): Object: 'Object Repository/Modulo Pruebas SST/Seguimiento_a_accidente laborales_enfermedades_laborales_y_comunes/a_Eliminar' is clicked on

2021-12-31 13:32:46 - [MESSAGE][PASSED] - Object: 'Object Repository/Modulo Pruebas SST/Seguimiento_a_accidente laborales_enfermedades_laborales_y_comunes/a_Eliminar' is clicked on

2021-12-31 13:32:46 - [TEST_STEP][PASSED] - click(findTestObject("Modulo Pruebas SST/Seguimiento_a_accidente laborales_enfermedades_laborales_y_comunes/a_Aceptar_Eliminar")): Object: 'Object Repository/Modulo Pruebas SST/Seguimiento_a_accidente laborales_enfermedades_laborales_y_comunes/a_Aceptar_Eliminar' is clicked on

2021-12-31 13:32:47 - [MESSAGE][PASSED] - Object: 'Object Repository/Modulo Pruebas SST/Seguimiento_a_accidente laborales_enfermedades_laborales_y_comunes/a_Aceptar_Eliminar' is clicked on

2021-12-31 13:32:47 - [TEST_STEP][PASSED] - click(findTestObject("Modulo Pruebas SST/Seguimiento_a_accidente laborales_enfermedades_laborales_y_comunes/a_Nuevo")): Object: 'Object Repository/Modulo Pruebas SST/Seguimiento_a_accidente laborales_enfermedades_laborales_y_comunes/a_Nuevo' is clicked on

2021-12-31 13:32:47 - [MESSAGE][PASSED] - Object: 'Object Repository/Modulo Pruebas SST/Seguimiento_a_accidente laborales_enfermedades_laborales_y_comunes/a_Nuevo' is clicked on

2021-12-31 13:32:47 - [TEST_STEP][PASSED] - click(findTestObject("Modulo Pruebas SST/Seguimiento_a_accidente laborales_enfermedades_laborales_y_comunes/a_Identificacin_form_popupCasoAteptabj_idt102")): Object: 'Object Repository/Modulo Pruebas SST/Seguimiento_a_accidente laborales_enfermedades_laborales_y_comunes/a_Identificacin_form_popupCasoAteptabj_idt102' is clicked on

2021-12-31 13:32:48 - [MESSAGE][PASSED] - Object: 'Object Repository/Modulo Pruebas SST/Seguimiento_a_accidente laborales_enfermedades_laborales_y_comunes/a_Identificacin_form_popupCasoAteptabj_idt102' is clicked on

2021-12-31 13:32:48 - [TEST_STEP][PASSED] - setText(findTestObject("Modulo Pruebas SST/Seguimiento_a_accidente laborales_enfermedades_laborales_y_comunes/input_Filtro Hoja de Vida_formPopupHojaVidaj_idt795"), "A A A"): Text 'A A A' is set on object 'Object Repository/Modulo Pruebas SST/Seguimiento_a_accidente laborales_enfermedades_laborales_y_comunes/input_Filtro Hoja de Vida_formPopupHojaVidaj_idt795'

2021-12-31 13:32:49 - [MESSAGE][PASSED] - Text 'A A A' is set on object 'Object Repository/Modulo Pruebas SST/Seguimiento_a_accidente laborales_enfermedades_laborales_y_comunes/input_Filtro Hoja de Vida_formPopupHojaVidaj_idt795'

2021-12-31 13:32:49 - [TEST_STEP][PASSED] - sendKeys(findTestObject("Modulo Pruebas SST/Seguimiento_a_accidente laborales_enfermedades_laborales_y_comunes/input_Filtro Hoja de Vida_formPopupHojaVidaj_idt795"), Keys.chord(ENTER)): Keys 'ENTER + ' sent to object: 'Object Repository/Modulo Pruebas SST/Seguimiento_a_accidente laborales_enfermedades_laborales_y_comunes/input_Filtro Hoja de Vida_formPopupHojaVidaj_idt795'

2021-12-31 13:32:49 - [MESSAGE][PASSED] - Keys 'ENTER + ' sent to object: 'Object Repository/Modulo Pruebas SST/Seguimiento_a_accidente laborales_enfermedades_laborales_y_comunes/input_Filtro Hoja de Vida_formPopupHojaVidaj_idt795'

2021-12-31 13:32:49 - [TEST_STEP][PASSED] - click(findTestObject("Modulo Pruebas SST/Seguimiento_a_accidente laborales_enfermedades_laborales_y_comunes/span_A A A"), STOP_ON_FAILURE): Object: 'Object Repository/Modulo Pruebas SST/Seguimiento_a_accidente laborales_enfermedades_laborales_y_comunes/span_A A A' is clicked on

2021-12-31 13:32:50 - [MESSAGE][PASSED] - Object: 'Object Repository/Modulo Pruebas SST/Seguimiento_a_accidente laborales_enfermedades_laborales_y_comunes/span_A A A' is clicked on

2021-12-31 13:32:50 - [TEST_STEP][PASSED] - selectOptionByIndex(findTestObject("Modulo Pruebas SST/Seguimiento_a_accidente laborales_enfermedades_laborales_y_comunes/select_-- SELECCIONAR --SEDE NORTESEDE OCCIDENTESEDE SUR"), 1): All options with index in [1] are selected on object 'Object Repository/Modulo Pruebas SST/Seguimiento_a_accidente laborales_enfermedades_laborales_y_comunes/select_-- SELECCIONAR --SEDE NORTESEDE OCCIDENTESEDE SUR'

2021-12-31 13:32:52 - [MESSAGE][PASSED] - All options with index in [1] are selected on object 'Object Repository/Modulo Pruebas SST/Seguimiento_a_accidente laborales_enfermedades_laborales_y_comunes/select_-- SELECCIONAR --SEDE NORTESEDE OCCIDENTESEDE SUR'

2021-12-31 13:32:52 - [TEST_STEP][PASSED] - selectOptionByIndex(findTestObject("Modulo Pruebas SST/Seguimiento_a_accidente laborales_enfermedades_laborales_y_comunes/select_--Seleccione--AccidenteEnfermedad ComnEnfermedad Laboral"), 2): All options with index in [2] are selected on object 'Object Repository/Modulo Pruebas SST/Seguimiento_a_accidente laborales_enfermedades_laborales_y_comunes/select_--Seleccione--AccidenteEnfermedad ComnEnfermedad Laboral'

2021-12-31 13:32:54 - [MESSAGE][PASSED] - All options with index in [2] are selected on object 'Object Repository/Modulo Pruebas SST/Seguimiento_a_accidente laborales_enfermedades_laborales_y_comunes/select_--Seleccione--AccidenteEnfermedad ComnEnfermedad Laboral'

2021-12-31 13:32:54 - [TEST_STEP][PASSED] - selectOptionByIndex(findTestObject("Modulo Pruebas SST/Seguimiento_a_accidente laborales_enfermedades_laborales_y_comunes/select_-- SELECCIONAR --Aula InteligenteSala de JuntasSalon ExternoSalon Principal"), 4): All options with index in [4] are selected on object 'Object Repository/Modulo Pruebas SST/Seguimiento_a_accidente laborales_enfermedades_laborales_y_comunes/select_-- SELECCIONAR --Aula InteligenteSala de JuntasSalon ExternoSalon Principal'

2021-12-31 13:32:55 - [MESSAGE][PASSED] - All options with index in [4] are selected on object 'Object Repository/Modulo Pruebas SST/Seguimiento_a_accidente laborales_enfermedades_laborales_y_comunes/select_-- SELECCIONAR --Aula InteligenteSala de JuntasSalon ExternoSalon Principal'

2021-12-31 13:32:55 - [TEST_STEP][PASSED] - selectOptionByIndex(findTestObject("Modulo Pruebas SST/Seguimiento_a_accidente laborales_enfermedades_laborales_y_comunes/select_-- SELECCIONAR --COOPERADOESTUDIANTE O APRENDIZINDEPENDIENTEMISIONPLANTA"), 5): All options with index in [5] are selected on object 'Object Repository/Modulo Pruebas SST/Seguimiento_a_accidente laborales_enfermedades_laborales_y_comunes/select_-- SELECCIONAR --COOPERADOESTUDIANTE O APRENDIZINDEPENDIENTEMISIONPLANTA'

2021-12-31 13:32:56 - [MESSAGE][PASSED] - All options with index in [5] are selected on object 'Object Repository/Modulo Pruebas SST/Seguimiento_a_accidente laborales_enfermedades_laborales_y_comunes/select_-- SELECCIONAR --COOPERADOESTUDIANTE O APRENDIZINDEPENDIENTEMISIONPLANTA'

2021-12-31 13:32:56 - [TEST_STEP][PASSED] - selectOptionByIndex(findTestObject("Modulo Pruebas SST/Seguimiento_a_accidente laborales_enfermedades_laborales_y_comunes/select_-- SELECCIONAR --EPS - ALIANSALUD EPSEPS - CAFESALUDEPS"), 8): All options with index in [8] are selected on object 'Object Repository/Modulo Pruebas SST/Seguimiento_a_accidente laborales_enfermedades_laborales_y_comunes/select_-- SELECCIONAR --EPS - ALIANSALUD EPSEPS - CAFESALUDEPS'

2021-12-31 13:32:57 - [MESSAGE][PASSED] - All options with index in [8] are selected on object 'Object Repository/Modulo Pruebas SST/Seguimiento_a_accidente laborales_enfermedades_laborales_y_comunes/select_-- SELECCIONAR --EPS - ALIANSALUD EPSEPS - CAFESALUDEPS'

2021-12-31 13:32:57 - [TEST_STEP][PASSED] - selectOptionByIndex(findTestObject("Modulo Pruebas SST/Seguimiento_a_accidente laborales_enfermedades_laborales_y_comunes/select_-- SELECCIONAR --ALMANZA NOVOA JOHN ALEXANDREAYA SILVA CINDY"), 1): All options with index in [1] are selected on object 'Object Repository/Modulo Pruebas SST/Seguimiento_a_accidente laborales_enfermedades_laborales_y_comunes/select_-- SELECCIONAR --ALMANZA NOVOA JOHN ALEXANDREAYA SILVA CINDY'

2021-12-31 13:32:58 - [MESSAGE][PASSED] - All options with index in [1] are selected on object 'Object Repository/Modulo Pruebas SST/Seguimiento_a_accidente laborales_enfermedades_laborales_y_comunes/select_-- SELECCIONAR --ALMANZA NOVOA JOHN ALEXANDREAYA SILVA CINDY'

2021-12-31 13:32:58 - [TEST_STEP][PASSED] - click(findTestObject("Modulo Pruebas SST/Seguimiento_a_accidente laborales_enfermedades_laborales_y_comunes/a_Diagnstico Preliminar_form_popupCasoAteptabj_idt139")): Object: 'Object Repository/Modulo Pruebas SST/Seguimiento_a_accidente laborales_enfermedades_laborales_y_comunes/a_Diagnstico Preliminar_form_popupCasoAteptabj_idt139' is clicked on

2021-12-31 13:32:59 - [MESSAGE][PASSED] - Object: 'Object Repository/Modulo Pruebas SST/Seguimiento_a_accidente laborales_enfermedades_laborales_y_comunes/a_Diagnstico Preliminar_form_popupCasoAteptabj_idt139' is clicked on

2021-12-31 13:32:59 - [TEST_STEP][PASSED] - click(findTestObject("Modulo Pruebas SST/Seguimiento_a_accidente laborales_enfermedades_laborales_y_comunes/td_Prueba")): Object: 'Object Repository/Modulo Pruebas SST/Seguimiento_a_accidente laborales_enfermedades_laborales_y_comunes/td_Prueba' is clicked on

2021-12-31 13:33:00 - [MESSAGE][PASSED] - Object: 'Object Repository/Modulo Pruebas SST/Seguimiento_a_accidente laborales_enfermedades_laborales_y_comunes/td_Prueba' is clicked on

2021-12-31 13:33:00 - [TEST_STEP][PASSED] - click(findTestObject("Modulo Pruebas SST/Seguimiento_a_accidente laborales_enfermedades_laborales_y_comunes/a_Guardar")): Object: 'Object Repository/Modulo Pruebas SST/Seguimiento_a_accidente laborales_enfermedades_laborales_y_comunes/a_Guardar' is clicked on

2021-12-31 13:33:00 - [MESSAGE][PASSED] - Object: 'Object Repository/Modulo Pruebas SST/Seguimiento_a_accidente laborales_enfermedades_laborales_y_comunes/a_Guardar' is clicked on

2021-12-31 13:33:00 - [TEST_STEP][PASSED] - selectOptionByIndex(findTestObject("Modulo Pruebas SST/Seguimiento_a_accidente laborales_enfermedades_laborales_y_comunes/select_-- SELECCIONAR --SEDE NORTESEDE OCCIDENTESEDE SUR1"), 1): All options with index in [1] are selected on object 'Object Repository/Modulo Pruebas SST/Seguimiento_a_accidente laborales_enfermedades_laborales_y_comunes/select_-- SELECCIONAR --SEDE NORTESEDE OCCIDENTESEDE SUR1'

2021-12-31 13:33:02 - [MESSAGE][PASSED] - All options with index in [1] are selected on object 'Object Repository/Modulo Pruebas SST/Seguimiento_a_accidente laborales_enfermedades_laborales_y_comunes/select_-- SELECCIONAR --SEDE NORTESEDE OCCIDENTESEDE SUR1'

2021-12-31 13:33:02 - [TEST_STEP][PASSED] - click(findTestObject("Modulo Pruebas SST/Seguimiento_a_accidente laborales_enfermedades_laborales_y_comunes/a_Nombre_form_listadoSolicitudElementoj_idt65")): Object: 'Object Repository/Modulo Pruebas SST/Seguimiento_a_accidente laborales_enfermedades_laborales_y_comunes/a_Nombre_form_listadoSolicitudElementoj_idt65' is clicked on

2021-12-31 13:33:03 - [MESSAGE][PASSED] - Object: 'Object Repository/Modulo Pruebas SST/Seguimiento_a_accidente laborales_enfermedades_laborales_y_comunes/a_Nombre_form_listadoSolicitudElementoj_idt65' is clicked on

2021-12-31 13:33:03 - [TEST_STEP][PASSED] - setText(findTestObject("Modulo Pruebas SST/Seguimiento_a_accidente laborales_enfermedades_laborales_y_comunes/input_Filtro Hoja de Vida_formPopupHojaVidaj_idt7951"), "A A A"): Text 'A A A' is set on object 'Object Repository/Modulo Pruebas SST/Seguimiento_a_accidente laborales_enfermedades_laborales_y_comunes/input_Filtro Hoja de Vida_formPopupHojaVidaj_idt7951'

2021-12-31 13:33:04 - [MESSAGE][PASSED] - Text 'A A A' is set on object 'Object Repository/Modulo Pruebas SST/Seguimiento_a_accidente laborales_enfermedades_laborales_y_comunes/input_Filtro Hoja de Vida_formPopupHojaVidaj_idt7951'

2021-12-31 13:33:04 - [TEST_STEP][PASSED] - sendKeys(findTestObject("Modulo Pruebas SST/Seguimiento_a_accidente laborales_enfermedades_laborales_y_comunes/input_Filtro Hoja de Vida_formPopupHojaVidaj_idt7951"), Keys.chord(ENTER)): Keys 'ENTER + ' sent to object: 'Object Repository/Modulo Pruebas SST/Seguimiento_a_accidente laborales_enfermedades_laborales_y_comunes/input_Filtro Hoja de Vida_formPopupHojaVidaj_idt7951'

2021-12-31 13:33:05 - [MESSAGE][PASSED] - Keys 'ENTER + ' sent to object: 'Object Repository/Modulo Pruebas SST/Seguimiento_a_accidente laborales_enfermedades_laborales_y_comunes/input_Filtro Hoja de Vida_formPopupHojaVidaj_idt7951'

2021-12-31 13:33:05 - [TEST_STEP][PASSED] - click(findTestObject("Modulo Pruebas SST/Seguimiento_a_accidente laborales_enfermedades_laborales_y_comunes/span_A A A")): Object: 'Object Repository/Modulo Pruebas SST/Seguimiento_a_accidente laborales_enfermedades_laborales_y_comunes/span_A A A' is clicked on

2021-12-31 13:33:06 - [MESSAGE][PASSED] - Object: 'Object Repository/Modulo Pruebas SST/Seguimiento_a_accidente laborales_enfermedades_laborales_y_comunes/span_A A A' is clicked on

2021-12-31 13:33:06 - [TEST_STEP][PASSED] - click(findTestObject("Modulo Pruebas SST/Seguimiento_a_accidente laborales_enfermedades_laborales_y_comunes/a_Novedades")): Object: 'Object Repository/Modulo Pruebas SST/Seguimiento_a_accidente laborales_enfermedades_laborales_y_comunes/a_Novedades' is clicked on

2021-12-31 13:33:06 - [MESSAGE][PASSED] - Object: 'Object Repository/Modulo Pruebas SST/Seguimiento_a_accidente laborales_enfermedades_laborales_y_comunes/a_Novedades' is clicked on

2021-12-31 13:33:06 - [TEST_STEP][PASSED] - click(findTestObject("Modulo Pruebas SST/Seguimiento_a_accidente laborales_enfermedades_laborales_y_comunes/a_Nuevo1")): Object: 'Object Repository/Modulo Pruebas SST/Seguimiento_a_accidente laborales_enfermedades_laborales_y_comunes/a_Nuevo1' is clicked on

2021-12-31 13:33:07 - [MESSAGE][PASSED] - Object: 'Object Repository/Modulo Pruebas SST/Seguimiento_a_accidente laborales_enfermedades_laborales_y_comunes/a_Nuevo1' is clicked on

2021-12-31 13:33:07 - [TEST_STEP][PASSED] - click(findTestObject("Modulo Pruebas SST/Seguimiento_a_accidente laborales_enfermedades_laborales_y_comunes/label_Novedad Caso Atep")): Object: 'Object Repository/Modulo Pruebas SST/Seguimiento_a_accidente laborales_enfermedades_laborales_y_comunes/label_Novedad Caso Atep' is clicked on

2021-12-31 13:33:08 - [MESSAGE][PASSED] - Object: 'Object Repository/Modulo Pruebas SST/Seguimiento_a_accidente laborales_enfermedades_laborales_y_comunes/label_Novedad Caso Atep' is clicked on

2021-12-31 13:33:08 - [TEST_STEP][PASSED] - selectOptionByIndex(findTestObject("Modulo Pruebas SST/Seguimiento_a_accidente laborales_enfermedades_laborales_y_comunes/select_-- SELECCIONAR --ALMANZA NOVOA JOHN ALEXANDREAYA SILVA"), 1): All options with index in [1] are selected on object 'Object Repository/Modulo Pruebas SST/Seguimiento_a_accidente laborales_enfermedades_laborales_y_comunes/select_-- SELECCIONAR --ALMANZA NOVOA JOHN ALEXANDREAYA SILVA'

2021-12-31 13:33:09 - [MESSAGE][PASSED] - All options with index in [1] are selected on object 'Object Repository/Modulo Pruebas SST/Seguimiento_a_accidente laborales_enfermedades_laborales_y_comunes/select_-- SELECCIONAR --ALMANZA NOVOA JOHN ALEXANDREAYA SILVA'

2021-12-31 13:33:09 - [TEST_STEP][PASSED] - selectOptionByIndex(findTestObject("Modulo Pruebas SST/Seguimiento_a_accidente laborales_enfermedades_laborales_y_comunes/select_-- SELECCIONAR --NOVEDAD SALUD OCUPACIONAL"), 1): All options with index in [1] are selected on object 'Object Repository/Modulo Pruebas SST/Seguimiento_a_accidente laborales_enfermedades_laborales_y_comunes/select_-- SELECCIONAR --NOVEDAD SALUD OCUPACIONAL'

2021-12-31 13:33:10 - [MESSAGE][PASSED] - All options with index in [1] are selected on object 'Object Repository/Modulo Pruebas SST/Seguimiento_a_accidente laborales_enfermedades_laborales_y_comunes/select_-- SELECCIONAR --NOVEDAD SALUD OCUPACIONAL'

2021-12-31 13:33:10 - [TEST_STEP][PASSED] - setText(findTestObject("Modulo Pruebas SST/Seguimiento_a_accidente laborales_enfermedades_laborales_y_comunes/textarea_Observacin_form_popupNovedadAtepobservacion"), "Prueba"): Text 'Prueba' is set on object 'Object Repository/Modulo Pruebas SST/Seguimiento_a_accidente laborales_enfermedades_laborales_y_comunes/textarea_Observacin_form_popupNovedadAtepobservacion'

2021-12-31 13:33:11 - [MESSAGE][PASSED] - Text 'Prueba' is set on object 'Object Repository/Modulo Pruebas SST/Seguimiento_a_accidente laborales_enfermedades_laborales_y_comunes/textarea_Observacin_form_popupNovedadAtepobservacion'

2021-12-31 13:33:11 - [TEST_STEP][PASSED] - click(findTestObject("Modulo Pruebas SST/Seguimiento_a_accidente laborales_enfermedades_laborales_y_comunes/a_Guardar1")): Object: 'Object Repository/Modulo Pruebas SST/Seguimiento_a_accidente laborales_enfermedades_laborales_y_comunes/a_Guardar1' is clicked on

2021-12-31 13:33:11 - [MESSAGE][PASSED] - Object: 'Object Repository/Modulo Pruebas SST/Seguimiento_a_accidente laborales_enfermedades_laborales_y_comunes/a_Guardar1' is clicked on

2021-12-31 13:33:11 - [TEST_STEP][PASSED] - click(findTestObject("Modulo Pruebas SST/Seguimiento_a_accidente laborales_enfermedades_laborales_y_comunes/a_Regresar")): Object: 'Object Repository/Modulo Pruebas SST/Seguimiento_a_accidente laborales_enfermedades_laborales_y_comunes/a_Regresar' is clicked on

2021-12-31 13:33:12 - [MESSAGE][PASSED] - Object: 'Object Repository/Modulo Pruebas SST/Seguimiento_a_accidente laborales_enfermedades_laborales_y_comunes/a_Regresar' is clicked on

2021-12-31 13:33:12 - [TEST_STEP][PASSED] - click(findTestObject("Modulo Pruebas SST/Seguimiento_a_accidente laborales_enfermedades_laborales_y_comunes/a_Dictamen")): Object: 'Object Repository/Modulo Pruebas SST/Seguimiento_a_accidente laborales_enfermedades_laborales_y_comunes/a_Dictamen' is clicked on

2021-12-31 13:33:12 - [MESSAGE][PASSED] - Object: 'Object Repository/Modulo Pruebas SST/Seguimiento_a_accidente laborales_enfermedades_laborales_y_comunes/a_Dictamen' is clicked on

2021-12-31 13:33:12 - [TEST_STEP][PASSED] - click(findTestObject("Modulo Pruebas SST/Seguimiento_a_accidente laborales_enfermedades_laborales_y_comunes/a_Nuevo2")): Object: 'Object Repository/Modulo Pruebas SST/Seguimiento_a_accidente laborales_enfermedades_laborales_y_comunes/a_Nuevo2' is clicked on

2021-12-31 13:33:13 - [MESSAGE][PASSED] - Object: 'Object Repository/Modulo Pruebas SST/Seguimiento_a_accidente laborales_enfermedades_laborales_y_comunes/a_Nuevo2' is clicked on

2021-12-31 13:33:13 - [TEST_STEP][PASSED] - click(findTestObject("Modulo Pruebas SST/Seguimiento_a_accidente laborales_enfermedades_laborales_y_comunes/label_Dictamen Caso Atep")): Object: 'Object Repository/Modulo Pruebas SST/Seguimiento_a_accidente laborales_enfermedades_laborales_y_comunes/label_Dictamen Caso Atep' is clicked on

2021-12-31 13:33:14 - [MESSAGE][PASSED] - Object: 'Object Repository/Modulo Pruebas SST/Seguimiento_a_accidente laborales_enfermedades_laborales_y_comunes/label_Dictamen Caso Atep' is clicked on

2021-12-31 13:33:14 - [TEST_STEP][PASSED] - selectOptionByIndex(findTestObject("Modulo Pruebas SST/Seguimiento_a_accidente laborales_enfermedades_laborales_y_comunes/select_-- SELECCIONAR --AFPARLARPEPSJUNTA"), 2): All options with index in [2] are selected on object 'Object Repository/Modulo Pruebas SST/Seguimiento_a_accidente laborales_enfermedades_laborales_y_comunes/select_-- SELECCIONAR --AFPARLARPEPSJUNTA'

2021-12-31 13:33:15 - [MESSAGE][PASSED] - All options with index in [2] are selected on object 'Object Repository/Modulo Pruebas SST/Seguimiento_a_accidente laborales_enfermedades_laborales_y_comunes/select_-- SELECCIONAR --AFPARLARPEPSJUNTA'

2021-12-31 13:33:15 - [TEST_STEP][PASSED] - selectOptionByIndex(findTestObject("Modulo Pruebas SST/Seguimiento_a_accidente laborales_enfermedades_laborales_y_comunes/select_-- SELECCIONAR --ALMANZA NOVOA JOHN"), 1): All options with index in [1] are selected on object 'Object Repository/Modulo Pruebas SST/Seguimiento_a_accidente laborales_enfermedades_laborales_y_comunes/select_-- SELECCIONAR --ALMANZA NOVOA JOHN'

2021-12-31 13:33:16 - [MESSAGE][PASSED] - All options with index in [1] are selected on object 'Object Repository/Modulo Pruebas SST/Seguimiento_a_accidente laborales_enfermedades_laborales_y_comunes/select_-- SELECCIONAR --ALMANZA NOVOA JOHN'

2021-12-31 13:33:16 - [TEST_STEP][PASSED] - click(findTestObject("Modulo Pruebas SST/Seguimiento_a_accidente laborales_enfermedades_laborales_y_comunes/label_Calificacin prdida capacidad laboral")): Object: 'Object Repository/Modulo Pruebas SST/Seguimiento_a_accidente laborales_enfermedades_laborales_y_comunes/label_Calificacin prdida capacidad laboral' is clicked on

2021-12-31 13:33:16 - [MESSAGE][PASSED] - Object: 'Object Repository/Modulo Pruebas SST/Seguimiento_a_accidente laborales_enfermedades_laborales_y_comunes/label_Calificacin prdida capacidad laboral' is clicked on

2021-12-31 13:33:16 - [TEST_STEP][PASSED] - click(findTestObject("Modulo Pruebas SST/Seguimiento_a_accidente laborales_enfermedades_laborales_y_comunes/label_Determinacin Origen")): Object: 'Object Repository/Modulo Pruebas SST/Seguimiento_a_accidente laborales_enfermedades_laborales_y_comunes/label_Determinacin Origen' is clicked on

2021-12-31 13:33:17 - [MESSAGE][PASSED] - Object: 'Object Repository/Modulo Pruebas SST/Seguimiento_a_accidente laborales_enfermedades_laborales_y_comunes/label_Determinacin Origen' is clicked on

2021-12-31 13:33:17 - [TEST_STEP][PASSED] - click(findTestObject("Modulo Pruebas SST/Seguimiento_a_accidente laborales_enfermedades_laborales_y_comunes/a_Guardar2")): Object: 'Object Repository/Modulo Pruebas SST/Seguimiento_a_accidente laborales_enfermedades_laborales_y_comunes/a_Guardar2' is clicked on

2021-12-31 13:33:17 - [MESSAGE][PASSED] - Object: 'Object Repository/Modulo Pruebas SST/Seguimiento_a_accidente laborales_enfermedades_laborales_y_comunes/a_Guardar2' is clicked on

2021-12-31 13:33:17 - [TEST_STEP][PASSED] - click(findTestObject("Modulo Pruebas SST/Seguimiento_a_accidente laborales_enfermedades_laborales_y_comunes/span_No se encontr registros_ui-icon ui-icon-closethick")): Object: 'Object Repository/Modulo Pruebas SST/Seguimiento_a_accidente laborales_enfermedades_laborales_y_comunes/span_No se encontr registros_ui-icon ui-icon-closethick' is clicked on

2021-12-31 13:33:18 - [MESSAGE][PASSED] - Object: 'Object Repository/Modulo Pruebas SST/Seguimiento_a_accidente laborales_enfermedades_laborales_y_comunes/span_No se encontr registros_ui-icon ui-icon-closethick' is clicked on

2021-12-31 13:33:18 - [TEST_STEP][PASSED] - closeBrowser(): Browser is closed

2021-12-31 13:33:18 - [MESSAGE][PASSED] - Browser is closed]]></system-out>
         <system-err><![CDATA[]]></system-err>
      </testcase>
      <testcase name="Test Cases/5.1-Pruebas_SST/5.1.4-Creación_de_Matriz_de_Peligros" time="89.855" classname="Test Cases/5.1-Pruebas_SST/5.1.4-Creación_de_Matriz_de_Peligros" status="PASSED">
         <system-out><![CDATA[2021-12-31 13:33:18 - [TEST_CASE][PASSED] - Test Cases/5.1-Pruebas_SST/5.1.4-Creación_de_Matriz_de_Peligros: Test Cases/5.1-Pruebas_SST/5.1.4-Creación_de_Matriz_de_Peligros

2021-12-31 13:33:19 - [TEST_STEP][PASSED] - callTestCase(findTestCase("0.1-Login"), [:], STOP_ON_FAILURE): Call Test Case 'Test Cases/0.1-Login' successfully

2021-12-31 13:33:19 - [TEST_CASE][PASSED] - Test Cases/0.1-Login: Test Cases/0.1-Login

2021-12-31 13:33:19 - [TEST_STEP][PASSED] - openBrowser(""): Browser is opened with url: ''

2021-12-31 13:33:19 - [MESSAGE][INFO] - Starting 'Chrome' driver

2021-12-31 13:33:19 - [MESSAGE][INFO] - Action delay is set to 0 milliseconds

2021-12-31 13:33:20 - [MESSAGE][PASSED] - Browser is opened with url: ''

2021-12-31 13:33:20 - [TEST_STEP][PASSED] - maximizeWindow(): Current window maximized

2021-12-31 13:33:20 - [MESSAGE][PASSED] - Current window maximized

2021-12-31 13:33:20 - [TEST_STEP][PASSED] - i = G_Login: null

2021-12-31 13:33:20 - [TEST_STEP][PASSED] - url = new java.net.URL(i): null

2021-12-31 13:33:20 - [TEST_STEP][PASSED] - println("URL: " + url.toString()): null

2021-12-31 13:33:20 - [TEST_STEP][PASSED] - connection = url.openConnection(): null

2021-12-31 13:33:20 - [TEST_STEP][PASSED] - connection.setRequestMethod("GET"): null

2021-12-31 13:33:20 - [TEST_STEP][PASSED] - connection.setReadTimeout(2 * 1000): null

2021-12-31 13:33:20 - [TEST_STEP][PASSED] - try: null

2021-12-31 13:33:20 - [TEST_STEP][PASSED] - connection.connect(): null

2021-12-31 13:33:20 - [TEST_STEP][PASSED] - flag = connected: null

2021-12-31 13:33:20 - [TEST_STEP][PASSED] - println("Valor_ori: " + flag): null

2021-12-31 13:33:20 - [TEST_STEP][PASSED] - if (flag): null

2021-12-31 13:33:20 - [TEST_STEP][PASSED] - navigateToUrl(i): Navigate to 'http://192.168.2.80:8380/saraweb' successfully

2021-12-31 13:33:21 - [MESSAGE][PASSED] - Navigate to 'http://192.168.2.80:8380/saraweb' successfully

2021-12-31 13:33:21 - [TEST_STEP][PASSED] - a(): null

2021-12-31 13:33:21 - [TEST_STEP][PASSED] - setText(findTestObject("Login/input_USUARIO_loginusuario"), G_Usuario): Text 'saraadmin' is set on object 'Object Repository/Login/input_USUARIO_loginusuario'

2021-12-31 13:33:21 - [MESSAGE][PASSED] - Text 'saraadmin' is set on object 'Object Repository/Login/input_USUARIO_loginusuario'

2021-12-31 13:33:21 - [TEST_STEP][PASSED] - setEncryptedText(findTestObject("Login/input_CLAVE_loginpassword"), "MkG4/TYiCFC3cb2driP7+Q=="): Text ****** has been set on object 'Object Repository/Login/input_CLAVE_loginpassword'

2021-12-31 13:33:22 - [MESSAGE][PASSED] - Text ****** has been set on object 'Object Repository/Login/input_CLAVE_loginpassword'

2021-12-31 13:33:22 - [TEST_STEP][PASSED] - waitForElementClickable(findTestObject("Login/a_Ingresar"), G_TimeOut): Object 'Object Repository/Login/a_Ingresar' is clickable

2021-12-31 13:33:22 - [MESSAGE][PASSED] - Object 'Object Repository/Login/a_Ingresar' is clickable

2021-12-31 13:33:22 - [TEST_STEP][PASSED] - click(findTestObject("Login/a_Ingresar")): Object: 'Object Repository/Login/a_Ingresar' is clicked on

2021-12-31 13:33:25 - [MESSAGE][PASSED] - Object: 'Object Repository/Login/a_Ingresar' is clicked on

2021-12-31 13:33:25 - [TEST_STEP][PASSED] - element = findWebElement(findTestObject("Login/a_Ir"), 30): null

2021-12-31 13:33:25 - [TEST_STEP][PASSED] - executeJavaScript("arguments[0].click()", Arrays.asList(element)): Execute JavaScript 'arguments[0].click()' successfully

2021-12-31 13:33:25 - [MESSAGE][PASSED] - Execute JavaScript 'arguments[0].click()' successfully

2021-12-31 13:33:25 - [MESSAGE][PASSED] - Call Test Case 'Test Cases/0.1-Login' successfully

2021-12-31 13:33:25 - [TEST_STEP][PASSED] - setText(findTestObject("Modulo Pruebas SST/Creación_de_Matriz_de_Peligros/input_Listado Caso Atep_form_templatej_idt24_input"), "Matriz de peligros"): Text 'Matriz de peligros' is set on object 'Object Repository/Modulo Pruebas SST/Creación_de_Matriz_de_Peligros/input_Listado Caso Atep_form_templatej_idt24_input'

2021-12-31 13:33:27 - [MESSAGE][PASSED] - Text 'Matriz de peligros' is set on object 'Object Repository/Modulo Pruebas SST/Creación_de_Matriz_de_Peligros/input_Listado Caso Atep_form_templatej_idt24_input'

2021-12-31 13:33:27 - [TEST_STEP][PASSED] - click(findTestObject("Modulo Pruebas SST/Creación_de_Matriz_de_Peligros/li_Matriz de peligros (sst)")): Object: 'Object Repository/Modulo Pruebas SST/Creación_de_Matriz_de_Peligros/li_Matriz de peligros (sst)' is clicked on

2021-12-31 13:33:28 - [MESSAGE][PASSED] - Object: 'Object Repository/Modulo Pruebas SST/Creación_de_Matriz_de_Peligros/li_Matriz de peligros (sst)' is clicked on

2021-12-31 13:33:28 - [TEST_STEP][PASSED] - selectOptionByIndex(findTestObject("Modulo Pruebas SST/Creación_de_Matriz_de_Peligros/select_Periodo_principal"), 2): All options with index in [2] are selected on object 'Object Repository/Modulo Pruebas SST/Creación_de_Matriz_de_Peligros/select_Periodo_principal'

2021-12-31 13:33:30 - [MESSAGE][PASSED] - All options with index in [2] are selected on object 'Object Repository/Modulo Pruebas SST/Creación_de_Matriz_de_Peligros/select_Periodo_principal'

2021-12-31 13:33:30 - [TEST_STEP][PASSED] - selectOptionByIndex(findTestObject("Modulo Pruebas SST/Creación_de_Matriz_de_Peligros/select_Empresa_principal"), 1): All options with index in [1] are selected on object 'Object Repository/Modulo Pruebas SST/Creación_de_Matriz_de_Peligros/select_Empresa_principal'

2021-12-31 13:33:32 - [MESSAGE][PASSED] - All options with index in [1] are selected on object 'Object Repository/Modulo Pruebas SST/Creación_de_Matriz_de_Peligros/select_Empresa_principal'

2021-12-31 13:33:32 - [TEST_STEP][PASSED] - if (waitForElementPresent(findTestObject("Modulo Pruebas SST/Creación_de_Matriz_de_Peligros/td_PRUEBA KATALON"), 1)): null

2021-12-31 13:33:32 - [MESSAGE][PASSED] - Object 'Object Repository/Modulo Pruebas SST/Creación_de_Matriz_de_Peligros/td_PRUEBA KATALON' is present

2021-12-31 13:33:32 - [TEST_STEP][PASSED] - click(findTestObject("Modulo Pruebas SST/Creación_de_Matriz_de_Peligros/a_Fsico. - Riesgo Fsico_form_listadoMatrizPeligrotablaMatrizPeligroDetalle1j_idt138")): Object: 'Object Repository/Modulo Pruebas SST/Creación_de_Matriz_de_Peligros/a_Fsico. - Riesgo Fsico_form_listadoMatrizPeligrotablaMatrizPeligroDetalle1j_idt138' is clicked on

2021-12-31 13:33:33 - [MESSAGE][PASSED] - Object: 'Object Repository/Modulo Pruebas SST/Creación_de_Matriz_de_Peligros/a_Fsico. - Riesgo Fsico_form_listadoMatrizPeligrotablaMatrizPeligroDetalle1j_idt138' is clicked on

2021-12-31 13:33:33 - [TEST_STEP][PASSED] - click(findTestObject("Modulo Pruebas SST/Creación_de_Matriz_de_Peligros/a_Anexos_Eliminar")): Object: 'Object Repository/Modulo Pruebas SST/Creación_de_Matriz_de_Peligros/a_Anexos_Eliminar' is clicked on

2021-12-31 13:33:34 - [MESSAGE][PASSED] - Object: 'Object Repository/Modulo Pruebas SST/Creación_de_Matriz_de_Peligros/a_Anexos_Eliminar' is clicked on

2021-12-31 13:33:34 - [TEST_STEP][PASSED] - if (waitForElementPresent(findTestObject("Modulo Pruebas SST/Creación_de_Matriz_de_Peligros/td_Pruebas k"), 1)): null

2021-12-31 13:33:34 - [MESSAGE][PASSED] - Object 'Object Repository/Modulo Pruebas SST/Creación_de_Matriz_de_Peligros/td_Pruebas k' is present

2021-12-31 13:33:34 - [TEST_STEP][PASSED] - click(findTestObject("Modulo Pruebas SST/Creación_de_Matriz_de_Peligros/td_Pruebas k")): Object: 'Object Repository/Modulo Pruebas SST/Creación_de_Matriz_de_Peligros/td_Pruebas k' is clicked on

2021-12-31 13:33:35 - [MESSAGE][PASSED] - Object: 'Object Repository/Modulo Pruebas SST/Creación_de_Matriz_de_Peligros/td_Pruebas k' is clicked on

2021-12-31 13:33:35 - [TEST_STEP][PASSED] - click(findTestObject("Modulo Pruebas SST/Creación_de_Matriz_de_Peligros/a_prueba.pdf_Eliminar")): Object: 'Object Repository/Modulo Pruebas SST/Creación_de_Matriz_de_Peligros/a_prueba.pdf_Eliminar' is clicked on

2021-12-31 13:33:35 - [MESSAGE][PASSED] - Object: 'Object Repository/Modulo Pruebas SST/Creación_de_Matriz_de_Peligros/a_prueba.pdf_Eliminar' is clicked on

2021-12-31 13:33:35 - [TEST_STEP][PASSED] - click(findTestObject("Modulo Pruebas SST/Creación_de_Matriz_de_Peligros/span_Si")): Object: 'Object Repository/Modulo Pruebas SST/Creación_de_Matriz_de_Peligros/span_Si' is clicked on

2021-12-31 13:33:36 - [MESSAGE][PASSED] - Object: 'Object Repository/Modulo Pruebas SST/Creación_de_Matriz_de_Peligros/span_Si' is clicked on

2021-12-31 13:33:36 - [TEST_STEP][PASSED] - click(findTestObject("Modulo Pruebas SST/Creación_de_Matriz_de_Peligros/a_Medida de intervencin_Eliminar"), STOP_ON_FAILURE): Object: 'Object Repository/Modulo Pruebas SST/Creación_de_Matriz_de_Peligros/a_Medida de intervencin_Eliminar' is clicked on

2021-12-31 13:33:37 - [MESSAGE][PASSED] - Object: 'Object Repository/Modulo Pruebas SST/Creación_de_Matriz_de_Peligros/a_Medida de intervencin_Eliminar' is clicked on

2021-12-31 13:33:37 - [TEST_STEP][PASSED] - if (waitForElementPresent(findTestObject("Modulo Pruebas SST/Creación_de_Matriz_de_Peligros/td_PRUEBAS K (1)"), 1)): null

2021-12-31 13:33:37 - [MESSAGE][PASSED] - Object 'Object Repository/Modulo Pruebas SST/Creación_de_Matriz_de_Peligros/td_PRUEBAS K (1)' is present

2021-12-31 13:33:37 - [TEST_STEP][PASSED] - click(findTestObject("Modulo Pruebas SST/Creación_de_Matriz_de_Peligros/td_PRUEBAS K (1)")): Object: 'Object Repository/Modulo Pruebas SST/Creación_de_Matriz_de_Peligros/td_PRUEBAS K (1)' is clicked on

2021-12-31 13:33:38 - [MESSAGE][PASSED] - Object: 'Object Repository/Modulo Pruebas SST/Creación_de_Matriz_de_Peligros/td_PRUEBAS K (1)' is clicked on

2021-12-31 13:33:38 - [TEST_STEP][PASSED] - click(findTestObject("Modulo Pruebas SST/Creación_de_Matriz_de_Peligros/a_Eliminar0")): Object: 'Object Repository/Modulo Pruebas SST/Creación_de_Matriz_de_Peligros/a_Eliminar0' is clicked on

2021-12-31 13:33:38 - [MESSAGE][PASSED] - Object: 'Object Repository/Modulo Pruebas SST/Creación_de_Matriz_de_Peligros/a_Eliminar0' is clicked on

2021-12-31 13:33:38 - [TEST_STEP][PASSED] - click(findTestObject("Modulo Pruebas SST/Creación_de_Matriz_de_Peligros/a_Aceptar_Eliminar0")): Object: 'Object Repository/Modulo Pruebas SST/Creación_de_Matriz_de_Peligros/a_Aceptar_Eliminar0' is clicked on

2021-12-31 13:33:39 - [MESSAGE][PASSED] - Object: 'Object Repository/Modulo Pruebas SST/Creación_de_Matriz_de_Peligros/a_Aceptar_Eliminar0' is clicked on

2021-12-31 13:33:39 - [TEST_STEP][PASSED] - click(findTestObject("Modulo Pruebas SST/Creación_de_Matriz_de_Peligros/a_Niveles de Riesgo_Eliminar")): Object: 'Object Repository/Modulo Pruebas SST/Creación_de_Matriz_de_Peligros/a_Niveles de Riesgo_Eliminar' is clicked on

2021-12-31 13:33:40 - [MESSAGE][PASSED] - Object: 'Object Repository/Modulo Pruebas SST/Creación_de_Matriz_de_Peligros/a_Niveles de Riesgo_Eliminar' is clicked on

2021-12-31 13:33:40 - [TEST_STEP][PASSED] - if (waitForElementVisible(findTestObject("Modulo Pruebas SST/Creación_de_Matriz_de_Peligros/td_1"), 1)): null

2021-12-31 13:33:40 - [MESSAGE][PASSED] - Object 'Object Repository/Modulo Pruebas SST/Creación_de_Matriz_de_Peligros/td_1' is visible

2021-12-31 13:33:40 - [TEST_STEP][PASSED] - click(findTestObject("Modulo Pruebas SST/Creación_de_Matriz_de_Peligros/td_1")): Object: 'Object Repository/Modulo Pruebas SST/Creación_de_Matriz_de_Peligros/td_1' is clicked on

2021-12-31 13:33:41 - [MESSAGE][PASSED] - Object: 'Object Repository/Modulo Pruebas SST/Creación_de_Matriz_de_Peligros/td_1' is clicked on

2021-12-31 13:33:41 - [TEST_STEP][PASSED] - click(findTestObject("Modulo Pruebas SST/Creación_de_Matriz_de_Peligros/a_Eliminar1")): Object: 'Object Repository/Modulo Pruebas SST/Creación_de_Matriz_de_Peligros/a_Eliminar1' is clicked on

2021-12-31 13:33:42 - [MESSAGE][PASSED] - Object: 'Object Repository/Modulo Pruebas SST/Creación_de_Matriz_de_Peligros/a_Eliminar1' is clicked on

2021-12-31 13:33:42 - [TEST_STEP][PASSED] - click(findTestObject("Modulo Pruebas SST/Creación_de_Matriz_de_Peligros/a_Aceptar_Eliminar1")): Object: 'Object Repository/Modulo Pruebas SST/Creación_de_Matriz_de_Peligros/a_Aceptar_Eliminar1' is clicked on

2021-12-31 13:33:43 - [MESSAGE][PASSED] - Object: 'Object Repository/Modulo Pruebas SST/Creación_de_Matriz_de_Peligros/a_Aceptar_Eliminar1' is clicked on

2021-12-31 13:33:43 - [TEST_STEP][PASSED] - click(findTestObject("Modulo Pruebas SST/Creación_de_Matriz_de_Peligros/a_Controles Existentes_Eliminar")): Object: 'Object Repository/Modulo Pruebas SST/Creación_de_Matriz_de_Peligros/a_Controles Existentes_Eliminar' is clicked on

2021-12-31 13:33:44 - [MESSAGE][PASSED] - Object: 'Object Repository/Modulo Pruebas SST/Creación_de_Matriz_de_Peligros/a_Controles Existentes_Eliminar' is clicked on

2021-12-31 13:33:44 - [TEST_STEP][PASSED] - if (waitForElementPresent(findTestObject("Modulo Pruebas SST/Creación_de_Matriz_de_Peligros/td_Individuo"), 1)): null

2021-12-31 13:33:45 - [MESSAGE][PASSED] - Object 'Object Repository/Modulo Pruebas SST/Creación_de_Matriz_de_Peligros/td_Individuo' is present

2021-12-31 13:33:45 - [TEST_STEP][PASSED] - element = findWebElement(findTestObject("Modulo Pruebas SST/Creación_de_Matriz_de_Peligros/td_Individuo"), 30): null

2021-12-31 13:33:45 - [TEST_STEP][PASSED] - executeJavaScript("arguments[0].click()", Arrays.asList(element)): Execute JavaScript 'arguments[0].click()' successfully

2021-12-31 13:33:45 - [MESSAGE][PASSED] - Execute JavaScript 'arguments[0].click()' successfully

2021-12-31 13:33:45 - [TEST_STEP][PASSED] - click(findTestObject("Modulo Pruebas SST/Creación_de_Matriz_de_Peligros/td_Individuo")): Object: 'Object Repository/Modulo Pruebas SST/Creación_de_Matriz_de_Peligros/td_Individuo' is clicked on

2021-12-31 13:33:46 - [MESSAGE][PASSED] - Object: 'Object Repository/Modulo Pruebas SST/Creación_de_Matriz_de_Peligros/td_Individuo' is clicked on

2021-12-31 13:33:46 - [TEST_STEP][PASSED] - click(findTestObject("Modulo Pruebas SST/Creación_de_Matriz_de_Peligros/a_Eliminar2")): Object: 'Object Repository/Modulo Pruebas SST/Creación_de_Matriz_de_Peligros/a_Eliminar2' is clicked on

2021-12-31 13:33:46 - [MESSAGE][PASSED] - Object: 'Object Repository/Modulo Pruebas SST/Creación_de_Matriz_de_Peligros/a_Eliminar2' is clicked on

2021-12-31 13:33:46 - [TEST_STEP][PASSED] - click(findTestObject("Modulo Pruebas SST/Creación_de_Matriz_de_Peligros/a_Aceptar_Eliminar2")): Object: 'Object Repository/Modulo Pruebas SST/Creación_de_Matriz_de_Peligros/a_Aceptar_Eliminar2' is clicked on

2021-12-31 13:33:47 - [MESSAGE][PASSED] - Object: 'Object Repository/Modulo Pruebas SST/Creación_de_Matriz_de_Peligros/a_Aceptar_Eliminar2' is clicked on

2021-12-31 13:33:47 - [TEST_STEP][PASSED] - click(findTestObject("Modulo Pruebas SST/Creación_de_Matriz_de_Peligros/a_Detalle")): Object: 'Object Repository/Modulo Pruebas SST/Creación_de_Matriz_de_Peligros/a_Detalle' is clicked on

2021-12-31 13:33:48 - [MESSAGE][PASSED] - Object: 'Object Repository/Modulo Pruebas SST/Creación_de_Matriz_de_Peligros/a_Detalle' is clicked on

2021-12-31 13:33:48 - [TEST_STEP][PASSED] - click(findTestObject("Modulo Pruebas SST/Creación_de_Matriz_de_Peligros/a_Eliminar3")): Object: 'Object Repository/Modulo Pruebas SST/Creación_de_Matriz_de_Peligros/a_Eliminar3' is clicked on

2021-12-31 13:33:48 - [MESSAGE][PASSED] - Object: 'Object Repository/Modulo Pruebas SST/Creación_de_Matriz_de_Peligros/a_Eliminar3' is clicked on

2021-12-31 13:33:48 - [TEST_STEP][PASSED] - click(findTestObject("Modulo Pruebas SST/Creación_de_Matriz_de_Peligros/a_Aceptar_Eliminar3")): Object: 'Object Repository/Modulo Pruebas SST/Creación_de_Matriz_de_Peligros/a_Aceptar_Eliminar3' is clicked on

2021-12-31 13:33:49 - [MESSAGE][PASSED] - Object: 'Object Repository/Modulo Pruebas SST/Creación_de_Matriz_de_Peligros/a_Aceptar_Eliminar3' is clicked on

2021-12-31 13:33:49 - [TEST_STEP][PASSED] - click(findTestObject("Modulo Pruebas SST/Creación_de_Matriz_de_Peligros/a_Eliminar4")): Object: 'Object Repository/Modulo Pruebas SST/Creación_de_Matriz_de_Peligros/a_Eliminar4' is clicked on

2021-12-31 13:33:50 - [MESSAGE][PASSED] - Object: 'Object Repository/Modulo Pruebas SST/Creación_de_Matriz_de_Peligros/a_Eliminar4' is clicked on

2021-12-31 13:33:50 - [TEST_STEP][PASSED] - click(findTestObject("Modulo Pruebas SST/Creación_de_Matriz_de_Peligros/a_Aceptar_Eliminar4")): Object: 'Object Repository/Modulo Pruebas SST/Creación_de_Matriz_de_Peligros/a_Aceptar_Eliminar4' is clicked on

2021-12-31 13:33:51 - [MESSAGE][PASSED] - Object: 'Object Repository/Modulo Pruebas SST/Creación_de_Matriz_de_Peligros/a_Aceptar_Eliminar4' is clicked on

2021-12-31 13:33:51 - [TEST_STEP][PASSED] - click(findTestObject("Modulo Pruebas SST/Creación_de_Matriz_de_Peligros/a_Eliminar5")): Object: 'Object Repository/Modulo Pruebas SST/Creación_de_Matriz_de_Peligros/a_Eliminar5' is clicked on

2021-12-31 13:33:51 - [MESSAGE][PASSED] - Object: 'Object Repository/Modulo Pruebas SST/Creación_de_Matriz_de_Peligros/a_Eliminar5' is clicked on

2021-12-31 13:33:51 - [TEST_STEP][PASSED] - click(findTestObject("Modulo Pruebas SST/Creación_de_Matriz_de_Peligros/a_Aceptar_Eliminar5")): Object: 'Object Repository/Modulo Pruebas SST/Creación_de_Matriz_de_Peligros/a_Aceptar_Eliminar5' is clicked on

2021-12-31 13:33:52 - [MESSAGE][PASSED] - Object: 'Object Repository/Modulo Pruebas SST/Creación_de_Matriz_de_Peligros/a_Aceptar_Eliminar5' is clicked on

2021-12-31 13:33:52 - [TEST_STEP][PASSED] - click(findTestObject("Modulo Pruebas SST/Creación_de_Matriz_de_Peligros/a_Eliminar6")): Object: 'Object Repository/Modulo Pruebas SST/Creación_de_Matriz_de_Peligros/a_Eliminar6' is clicked on

2021-12-31 13:33:53 - [MESSAGE][PASSED] - Object: 'Object Repository/Modulo Pruebas SST/Creación_de_Matriz_de_Peligros/a_Eliminar6' is clicked on

2021-12-31 13:33:53 - [TEST_STEP][PASSED] - click(findTestObject("Modulo Pruebas SST/Creación_de_Matriz_de_Peligros/a_Aceptar_Eliminar6")): Object: 'Object Repository/Modulo Pruebas SST/Creación_de_Matriz_de_Peligros/a_Aceptar_Eliminar6' is clicked on

2021-12-31 13:33:54 - [MESSAGE][PASSED] - Object: 'Object Repository/Modulo Pruebas SST/Creación_de_Matriz_de_Peligros/a_Aceptar_Eliminar6' is clicked on

2021-12-31 13:33:54 - [TEST_STEP][PASSED] - click(findTestObject("Modulo Pruebas SST/Creación_de_Matriz_de_Peligros/a_Nuevo")): Object: 'Object Repository/Modulo Pruebas SST/Creación_de_Matriz_de_Peligros/a_Nuevo' is clicked on

2021-12-31 13:33:54 - [MESSAGE][PASSED] - Object: 'Object Repository/Modulo Pruebas SST/Creación_de_Matriz_de_Peligros/a_Nuevo' is clicked on

2021-12-31 13:33:54 - [TEST_STEP][PASSED] - selectOptionByIndex(findTestObject("Modulo Pruebas SST/Creación_de_Matriz_de_Peligros/select_SeleccionarPeriodo 2018Periodo No. 1"), 2): All options with index in [2] are selected on object 'Object Repository/Modulo Pruebas SST/Creación_de_Matriz_de_Peligros/select_SeleccionarPeriodo 2018Periodo No. 1'

2021-12-31 13:33:56 - [MESSAGE][PASSED] - All options with index in [2] are selected on object 'Object Repository/Modulo Pruebas SST/Creación_de_Matriz_de_Peligros/select_SeleccionarPeriodo 2018Periodo No. 1'

2021-12-31 13:33:56 - [TEST_STEP][PASSED] - selectOptionByIndex(findTestObject("Modulo Pruebas SST/Creación_de_Matriz_de_Peligros/select_SeleccionarCALIDADMENSUAL ABCMODELO EMPRESA QUINCENALPANSIONADOSPENSIONADOS BASEPRUEBAS"), 1): All options with index in [1] are selected on object 'Object Repository/Modulo Pruebas SST/Creación_de_Matriz_de_Peligros/select_SeleccionarCALIDADMENSUAL ABCMODELO EMPRESA QUINCENALPANSIONADOSPENSIONADOS BASEPRUEBAS'

2021-12-31 13:33:57 - [MESSAGE][PASSED] - All options with index in [1] are selected on object 'Object Repository/Modulo Pruebas SST/Creación_de_Matriz_de_Peligros/select_SeleccionarCALIDADMENSUAL ABCMODELO EMPRESA QUINCENALPANSIONADOSPENSIONADOS BASEPRUEBAS'

2021-12-31 13:33:57 - [TEST_STEP][PASSED] - setText(findTestObject("Modulo Pruebas SST/Creación_de_Matriz_de_Peligros/input_Descripcin_form_datosMatrizPeligrodescripcion"), "PRUEBA KATALON"): Text 'PRUEBA KATALON' is set on object 'Object Repository/Modulo Pruebas SST/Creación_de_Matriz_de_Peligros/input_Descripcin_form_datosMatrizPeligrodescripcion'

2021-12-31 13:33:58 - [MESSAGE][PASSED] - Text 'PRUEBA KATALON' is set on object 'Object Repository/Modulo Pruebas SST/Creación_de_Matriz_de_Peligros/input_Descripcin_form_datosMatrizPeligrodescripcion'

2021-12-31 13:33:58 - [TEST_STEP][PASSED] - selectOptionByIndex(findTestObject("Modulo Pruebas SST/Creación_de_Matriz_de_Peligros/select_SeleccionarNo VigenteVigente"), 2): All options with index in [2] are selected on object 'Object Repository/Modulo Pruebas SST/Creación_de_Matriz_de_Peligros/select_SeleccionarNo VigenteVigente'

2021-12-31 13:33:59 - [MESSAGE][PASSED] - All options with index in [2] are selected on object 'Object Repository/Modulo Pruebas SST/Creación_de_Matriz_de_Peligros/select_SeleccionarNo VigenteVigente'

2021-12-31 13:33:59 - [TEST_STEP][PASSED] - setText(findTestObject("Modulo Pruebas SST/Creación_de_Matriz_de_Peligros/input_Fecha Vigencia_form_datosMatrizPeligrofechaVigencia_input"), "01/07/2021"): Text '01/07/2021' is set on object 'Object Repository/Modulo Pruebas SST/Creación_de_Matriz_de_Peligros/input_Fecha Vigencia_form_datosMatrizPeligrofechaVigencia_input'

2021-12-31 13:34:00 - [MESSAGE][PASSED] - Text '01/07/2021' is set on object 'Object Repository/Modulo Pruebas SST/Creación_de_Matriz_de_Peligros/input_Fecha Vigencia_form_datosMatrizPeligrofechaVigencia_input'

2021-12-31 13:34:00 - [TEST_STEP][PASSED] - click(findTestObject("Modulo Pruebas SST/Creación_de_Matriz_de_Peligros/a_Guardar")): Object: 'Object Repository/Modulo Pruebas SST/Creación_de_Matriz_de_Peligros/a_Guardar' is clicked on

2021-12-31 13:34:01 - [MESSAGE][PASSED] - Object: 'Object Repository/Modulo Pruebas SST/Creación_de_Matriz_de_Peligros/a_Guardar' is clicked on

2021-12-31 13:34:01 - [TEST_STEP][PASSED] - click(findTestObject("Modulo Pruebas SST/Creación_de_Matriz_de_Peligros/a_Actividades")): Object: 'Object Repository/Modulo Pruebas SST/Creación_de_Matriz_de_Peligros/a_Actividades' is clicked on

2021-12-31 13:34:03 - [MESSAGE][PASSED] - Object: 'Object Repository/Modulo Pruebas SST/Creación_de_Matriz_de_Peligros/a_Actividades' is clicked on

2021-12-31 13:34:03 - [TEST_STEP][PASSED] - click(findTestObject("Modulo Pruebas SST/Creación_de_Matriz_de_Peligros/a_Nuevo1")): Object: 'Object Repository/Modulo Pruebas SST/Creación_de_Matriz_de_Peligros/a_Nuevo1' is clicked on

2021-12-31 13:34:03 - [MESSAGE][PASSED] - Object: 'Object Repository/Modulo Pruebas SST/Creación_de_Matriz_de_Peligros/a_Nuevo1' is clicked on

2021-12-31 13:34:03 - [TEST_STEP][PASSED] - setText(findTestObject("Modulo Pruebas SST/Creación_de_Matriz_de_Peligros/input_Cdigo_form_datosActividadMatrizcodigo"), "1122334455"): Text '1122334455' is set on object 'Object Repository/Modulo Pruebas SST/Creación_de_Matriz_de_Peligros/input_Cdigo_form_datosActividadMatrizcodigo'

2021-12-31 13:34:04 - [MESSAGE][PASSED] - Text '1122334455' is set on object 'Object Repository/Modulo Pruebas SST/Creación_de_Matriz_de_Peligros/input_Cdigo_form_datosActividadMatrizcodigo'

2021-12-31 13:34:04 - [TEST_STEP][PASSED] - setText(findTestObject("Modulo Pruebas SST/Creación_de_Matriz_de_Peligros/textarea_Descripcin_form_datosActividadMatrizdescripcion"), "PRUEBAS K"): Text 'PRUEBAS K' is set on object 'Object Repository/Modulo Pruebas SST/Creación_de_Matriz_de_Peligros/textarea_Descripcin_form_datosActividadMatrizdescripcion'

2021-12-31 13:34:05 - [MESSAGE][PASSED] - Text 'PRUEBAS K' is set on object 'Object Repository/Modulo Pruebas SST/Creación_de_Matriz_de_Peligros/textarea_Descripcin_form_datosActividadMatrizdescripcion'

2021-12-31 13:34:05 - [TEST_STEP][PASSED] - selectOptionByIndex(findTestObject("Modulo Pruebas SST/Creación_de_Matriz_de_Peligros/select_SeleccionarNoSi"), 2): All options with index in [2] are selected on object 'Object Repository/Modulo Pruebas SST/Creación_de_Matriz_de_Peligros/select_SeleccionarNoSi'

2021-12-31 13:34:06 - [MESSAGE][PASSED] - All options with index in [2] are selected on object 'Object Repository/Modulo Pruebas SST/Creación_de_Matriz_de_Peligros/select_SeleccionarNoSi'

2021-12-31 13:34:06 - [TEST_STEP][PASSED] - click(findTestObject("Modulo Pruebas SST/Creación_de_Matriz_de_Peligros/a_Guardar")): Object: 'Object Repository/Modulo Pruebas SST/Creación_de_Matriz_de_Peligros/a_Guardar' is clicked on

2021-12-31 13:34:07 - [MESSAGE][PASSED] - Object: 'Object Repository/Modulo Pruebas SST/Creación_de_Matriz_de_Peligros/a_Guardar' is clicked on

2021-12-31 13:34:07 - [TEST_STEP][PASSED] - click(findTestObject("Modulo Pruebas SST/Creación_de_Matriz_de_Peligros/a_Nuevo2")): Object: 'Object Repository/Modulo Pruebas SST/Creación_de_Matriz_de_Peligros/a_Nuevo2' is clicked on

2021-12-31 13:34:07 - [MESSAGE][PASSED] - Object: 'Object Repository/Modulo Pruebas SST/Creación_de_Matriz_de_Peligros/a_Nuevo2' is clicked on

2021-12-31 13:34:07 - [TEST_STEP][PASSED] - setText(findTestObject("Modulo Pruebas SST/Creación_de_Matriz_de_Peligros/input_Cdigo_form_detalleTareaMatrizcodigoTar"), "66778899"): Text '66778899' is set on object 'Object Repository/Modulo Pruebas SST/Creación_de_Matriz_de_Peligros/input_Cdigo_form_detalleTareaMatrizcodigoTar'

2021-12-31 13:34:08 - [MESSAGE][PASSED] - Text '66778899' is set on object 'Object Repository/Modulo Pruebas SST/Creación_de_Matriz_de_Peligros/input_Cdigo_form_detalleTareaMatrizcodigoTar'

2021-12-31 13:34:08 - [TEST_STEP][PASSED] - setText(findTestObject("Modulo Pruebas SST/Creación_de_Matriz_de_Peligros/textarea_Descripcin_form_detalleTareaMatrizdescripcionTar"), "Pruebas k"): Text 'Pruebas k' is set on object 'Object Repository/Modulo Pruebas SST/Creación_de_Matriz_de_Peligros/textarea_Descripcin_form_detalleTareaMatrizdescripcionTar'

2021-12-31 13:34:09 - [MESSAGE][PASSED] - Text 'Pruebas k' is set on object 'Object Repository/Modulo Pruebas SST/Creación_de_Matriz_de_Peligros/textarea_Descripcin_form_detalleTareaMatrizdescripcionTar'

2021-12-31 13:34:09 - [TEST_STEP][PASSED] - click(findTestObject("Modulo Pruebas SST/Creación_de_Matriz_de_Peligros/a_Guardar")): Object: 'Object Repository/Modulo Pruebas SST/Creación_de_Matriz_de_Peligros/a_Guardar' is clicked on

2021-12-31 13:34:10 - [MESSAGE][PASSED] - Object: 'Object Repository/Modulo Pruebas SST/Creación_de_Matriz_de_Peligros/a_Guardar' is clicked on

2021-12-31 13:34:10 - [TEST_STEP][PASSED] - click(findTestObject("Modulo Pruebas SST/Creación_de_Matriz_de_Peligros/a_Nuevo3")): Object: 'Object Repository/Modulo Pruebas SST/Creación_de_Matriz_de_Peligros/a_Nuevo3' is clicked on

2021-12-31 13:34:10 - [MESSAGE][PASSED] - Object: 'Object Repository/Modulo Pruebas SST/Creación_de_Matriz_de_Peligros/a_Nuevo3' is clicked on

2021-12-31 13:34:10 - [TEST_STEP][PASSED] - selectOptionByIndex(findTestObject("Modulo Pruebas SST/Creación_de_Matriz_de_Peligros/select_SeleccionarFsicoPrueba cdigo repetidoCondiciones de SeguridadPsicosocialBiomecnicoAuditivoFenmenos NaturalesVisualMotriz"), "1"): All options with index in [1] are selected on object 'Object Repository/Modulo Pruebas SST/Creación_de_Matriz_de_Peligros/select_SeleccionarFsicoPrueba cdigo repetidoCondiciones de SeguridadPsicosocialBiomecnicoAuditivoFenmenos NaturalesVisualMotriz'

2021-12-31 13:34:12 - [MESSAGE][PASSED] - All options with index in [1] are selected on object 'Object Repository/Modulo Pruebas SST/Creación_de_Matriz_de_Peligros/select_SeleccionarFsicoPrueba cdigo repetidoCondiciones de SeguridadPsicosocialBiomecnicoAuditivoFenmenos NaturalesVisualMotriz'

2021-12-31 13:34:12 - [TEST_STEP][PASSED] - selectOptionByIndex(findTestObject("Modulo Pruebas SST/Creación_de_Matriz_de_Peligros/select_Seleccionar"), "1"): All options with index in [1] are selected on object 'Object Repository/Modulo Pruebas SST/Creación_de_Matriz_de_Peligros/select_Seleccionar'

2021-12-31 13:34:13 - [MESSAGE][PASSED] - All options with index in [1] are selected on object 'Object Repository/Modulo Pruebas SST/Creación_de_Matriz_de_Peligros/select_Seleccionar'

2021-12-31 13:34:13 - [TEST_STEP][PASSED] - setText(findTestObject("Modulo Pruebas SST/Creación_de_Matriz_de_Peligros/textarea_Efecto Posible_form_listadoPeligroListadoActividaddtabconsecuencia"), "prueba k"): Text 'prueba k' is set on object 'Object Repository/Modulo Pruebas SST/Creación_de_Matriz_de_Peligros/textarea_Efecto Posible_form_listadoPeligroListadoActividaddtabconsecuencia'

2021-12-31 13:34:14 - [MESSAGE][PASSED] - Text 'prueba k' is set on object 'Object Repository/Modulo Pruebas SST/Creación_de_Matriz_de_Peligros/textarea_Efecto Posible_form_listadoPeligroListadoActividaddtabconsecuencia'

2021-12-31 13:34:14 - [TEST_STEP][PASSED] - click(findTestObject("Modulo Pruebas SST/Creación_de_Matriz_de_Peligros/a_Guardar")): Object: 'Object Repository/Modulo Pruebas SST/Creación_de_Matriz_de_Peligros/a_Guardar' is clicked on

2021-12-31 13:34:14 - [MESSAGE][PASSED] - Object: 'Object Repository/Modulo Pruebas SST/Creación_de_Matriz_de_Peligros/a_Guardar' is clicked on

2021-12-31 13:34:14 - [TEST_STEP][PASSED] - click(findTestObject("Modulo Pruebas SST/Creación_de_Matriz_de_Peligros/a_Controles Existentes")): Object: 'Object Repository/Modulo Pruebas SST/Creación_de_Matriz_de_Peligros/a_Controles Existentes' is clicked on

2021-12-31 13:34:15 - [MESSAGE][PASSED] - Object: 'Object Repository/Modulo Pruebas SST/Creación_de_Matriz_de_Peligros/a_Controles Existentes' is clicked on

2021-12-31 13:34:15 - [TEST_STEP][PASSED] - click(findTestObject("Modulo Pruebas SST/Creación_de_Matriz_de_Peligros/a_Nuevo4")): Object: 'Object Repository/Modulo Pruebas SST/Creación_de_Matriz_de_Peligros/a_Nuevo4' is clicked on

2021-12-31 13:34:16 - [MESSAGE][PASSED] - Object: 'Object Repository/Modulo Pruebas SST/Creación_de_Matriz_de_Peligros/a_Nuevo4' is clicked on

2021-12-31 13:34:16 - [TEST_STEP][PASSED] - selectOptionByIndex(findTestObject("Modulo Pruebas SST/Creación_de_Matriz_de_Peligros/select_SeleccionarIndividuoFuenteMedio"), 1): All options with index in [1] are selected on object 'Object Repository/Modulo Pruebas SST/Creación_de_Matriz_de_Peligros/select_SeleccionarIndividuoFuenteMedio'

2021-12-31 13:34:17 - [MESSAGE][PASSED] - All options with index in [1] are selected on object 'Object Repository/Modulo Pruebas SST/Creación_de_Matriz_de_Peligros/select_SeleccionarIndividuoFuenteMedio'

2021-12-31 13:34:17 - [TEST_STEP][PASSED] - setText(findTestObject("Modulo Pruebas SST/Creación_de_Matriz_de_Peligros/textarea_Descripcin_form_listadoPeligroListadoActividaddtabdescripcionMedControl"), "pruebas k"): Text 'pruebas k' is set on object 'Object Repository/Modulo Pruebas SST/Creación_de_Matriz_de_Peligros/textarea_Descripcin_form_listadoPeligroListadoActividaddtabdescripcionMedControl'

2021-12-31 13:34:18 - [MESSAGE][PASSED] - Text 'pruebas k' is set on object 'Object Repository/Modulo Pruebas SST/Creación_de_Matriz_de_Peligros/textarea_Descripcin_form_listadoPeligroListadoActividaddtabdescripcionMedControl'

2021-12-31 13:34:18 - [TEST_STEP][PASSED] - click(findTestObject("Modulo Pruebas SST/Creación_de_Matriz_de_Peligros/a_Guardar4")): Object: 'Object Repository/Modulo Pruebas SST/Creación_de_Matriz_de_Peligros/a_Guardar4' is clicked on

2021-12-31 13:34:18 - [MESSAGE][PASSED] - Object: 'Object Repository/Modulo Pruebas SST/Creación_de_Matriz_de_Peligros/a_Guardar4' is clicked on

2021-12-31 13:34:18 - [TEST_STEP][PASSED] - click(findTestObject("Modulo Pruebas SST/Creación_de_Matriz_de_Peligros/a_Niveles de Riesgo")): Object: 'Object Repository/Modulo Pruebas SST/Creación_de_Matriz_de_Peligros/a_Niveles de Riesgo' is clicked on

2021-12-31 13:34:19 - [MESSAGE][PASSED] - Object: 'Object Repository/Modulo Pruebas SST/Creación_de_Matriz_de_Peligros/a_Niveles de Riesgo' is clicked on

2021-12-31 13:34:19 - [TEST_STEP][PASSED] - click(findTestObject("Modulo Pruebas SST/Creación_de_Matriz_de_Peligros/a_Nuevo6")): Object: 'Object Repository/Modulo Pruebas SST/Creación_de_Matriz_de_Peligros/a_Nuevo6' is clicked on

2021-12-31 13:34:20 - [MESSAGE][PASSED] - Object: 'Object Repository/Modulo Pruebas SST/Creación_de_Matriz_de_Peligros/a_Nuevo6' is clicked on

2021-12-31 13:34:20 - [TEST_STEP][PASSED] - setText(findTestObject("Modulo Pruebas SST/Creación_de_Matriz_de_Peligros/input_Fecha Original_form_l5"), "01/07/2021"): Text '01/07/2021' is set on object 'Object Repository/Modulo Pruebas SST/Creación_de_Matriz_de_Peligros/input_Fecha Original_form_l5'

2021-12-31 13:34:21 - [MESSAGE][PASSED] - Text '01/07/2021' is set on object 'Object Repository/Modulo Pruebas SST/Creación_de_Matriz_de_Peligros/input_Fecha Original_form_l5'

2021-12-31 13:34:21 - [TEST_STEP][PASSED] - selectOptionByIndex(findTestObject("Modulo Pruebas SST/Creación_de_Matriz_de_Peligros/select_SeleccionarBAJAMEDIAALTO"), "1"): All options with index in [1] are selected on object 'Object Repository/Modulo Pruebas SST/Creación_de_Matriz_de_Peligros/select_SeleccionarBAJAMEDIAALTO'

2021-12-31 13:34:22 - [MESSAGE][PASSED] - All options with index in [1] are selected on object 'Object Repository/Modulo Pruebas SST/Creación_de_Matriz_de_Peligros/select_SeleccionarBAJAMEDIAALTO'

2021-12-31 13:34:22 - [TEST_STEP][PASSED] - selectOptionByIndex(findTestObject("Modulo Pruebas SST/Creación_de_Matriz_de_Peligros/select_SeleccionarSiNoNo Aplica"), 1): All options with index in [1] are selected on object 'Object Repository/Modulo Pruebas SST/Creación_de_Matriz_de_Peligros/select_SeleccionarSiNoNo Aplica'

2021-12-31 13:34:24 - [MESSAGE][PASSED] - All options with index in [1] are selected on object 'Object Repository/Modulo Pruebas SST/Creación_de_Matriz_de_Peligros/select_SeleccionarSiNoNo Aplica'

2021-12-31 13:34:24 - [TEST_STEP][PASSED] - selectOptionByIndex(findTestObject("Modulo Pruebas SST/Creación_de_Matriz_de_Peligros/select_SeleccionarIIIIIIIV"), "1"): All options with index in [1] are selected on object 'Object Repository/Modulo Pruebas SST/Creación_de_Matriz_de_Peligros/select_SeleccionarIIIIIIIV'

2021-12-31 13:34:25 - [MESSAGE][PASSED] - All options with index in [1] are selected on object 'Object Repository/Modulo Pruebas SST/Creación_de_Matriz_de_Peligros/select_SeleccionarIIIIIIIV'

2021-12-31 13:34:25 - [TEST_STEP][PASSED] - click(findTestObject("Modulo Pruebas SST/Creación_de_Matriz_de_Peligros/a_Guardar6")): Object: 'Object Repository/Modulo Pruebas SST/Creación_de_Matriz_de_Peligros/a_Guardar6' is clicked on

2021-12-31 13:34:26 - [MESSAGE][PASSED] - Object: 'Object Repository/Modulo Pruebas SST/Creación_de_Matriz_de_Peligros/a_Guardar6' is clicked on

2021-12-31 13:34:26 - [TEST_STEP][PASSED] - click(findTestObject("Modulo Pruebas SST/Creación_de_Matriz_de_Peligros/a_Seguimiento")): Object: 'Object Repository/Modulo Pruebas SST/Creación_de_Matriz_de_Peligros/a_Seguimiento' is clicked on

2021-12-31 13:34:27 - [MESSAGE][PASSED] - Object: 'Object Repository/Modulo Pruebas SST/Creación_de_Matriz_de_Peligros/a_Seguimiento' is clicked on

2021-12-31 13:34:27 - [TEST_STEP][PASSED] - click(findTestObject("Modulo Pruebas SST/Creación_de_Matriz_de_Peligros/td_4")): Object: 'Object Repository/Modulo Pruebas SST/Creación_de_Matriz_de_Peligros/td_4' is clicked on

2021-12-31 13:34:28 - [MESSAGE][PASSED] - Object: 'Object Repository/Modulo Pruebas SST/Creación_de_Matriz_de_Peligros/td_4' is clicked on

2021-12-31 13:34:28 - [TEST_STEP][PASSED] - setText(findTestObject("Modulo Pruebas SST/Creación_de_Matriz_de_Peligros/input_Fecha de Seguimiento_form_listadoPeligroListadoActividaddtabtab2fechaSeguimiento_input"), "01/07/2021"): Text '01/07/2021' is set on object 'Object Repository/Modulo Pruebas SST/Creación_de_Matriz_de_Peligros/input_Fecha de Seguimiento_form_listadoPeligroListadoActividaddtabtab2fechaSeguimiento_input'

2021-12-31 13:34:29 - [MESSAGE][PASSED] - Text '01/07/2021' is set on object 'Object Repository/Modulo Pruebas SST/Creación_de_Matriz_de_Peligros/input_Fecha de Seguimiento_form_listadoPeligroListadoActividaddtabtab2fechaSeguimiento_input'

2021-12-31 13:34:29 - [TEST_STEP][PASSED] - selectOptionByIndex(findTestObject("Modulo Pruebas SST/Creación_de_Matriz_de_Peligros/select_SeleccionarBAJAMEDIAALTO2"), "3"): All options with index in [3] are selected on object 'Object Repository/Modulo Pruebas SST/Creación_de_Matriz_de_Peligros/select_SeleccionarBAJAMEDIAALTO2'

2021-12-31 13:34:30 - [MESSAGE][PASSED] - All options with index in [3] are selected on object 'Object Repository/Modulo Pruebas SST/Creación_de_Matriz_de_Peligros/select_SeleccionarBAJAMEDIAALTO2'

2021-12-31 13:34:30 - [TEST_STEP][PASSED] - selectOptionByIndex(findTestObject("Modulo Pruebas SST/Creación_de_Matriz_de_Peligros/select_SeleccionarSiNoNo Aplica2"), "1"): All options with index in [1] are selected on object 'Object Repository/Modulo Pruebas SST/Creación_de_Matriz_de_Peligros/select_SeleccionarSiNoNo Aplica2'

2021-12-31 13:34:32 - [MESSAGE][PASSED] - All options with index in [1] are selected on object 'Object Repository/Modulo Pruebas SST/Creación_de_Matriz_de_Peligros/select_SeleccionarSiNoNo Aplica2'

2021-12-31 13:34:32 - [TEST_STEP][PASSED] - selectOptionByIndex(findTestObject("Modulo Pruebas SST/Creación_de_Matriz_de_Peligros/select_SeleccionarIIIIIIIV2"), "1"): All options with index in [1] are selected on object 'Object Repository/Modulo Pruebas SST/Creación_de_Matriz_de_Peligros/select_SeleccionarIIIIIIIV2'

2021-12-31 13:34:33 - [MESSAGE][PASSED] - All options with index in [1] are selected on object 'Object Repository/Modulo Pruebas SST/Creación_de_Matriz_de_Peligros/select_SeleccionarIIIIIIIV2'

2021-12-31 13:34:33 - [TEST_STEP][PASSED] - click(findTestObject("Modulo Pruebas SST/Creación_de_Matriz_de_Peligros/a_Actualizar")): Object: 'Object Repository/Modulo Pruebas SST/Creación_de_Matriz_de_Peligros/a_Actualizar' is clicked on

2021-12-31 13:34:33 - [MESSAGE][PASSED] - Object: 'Object Repository/Modulo Pruebas SST/Creación_de_Matriz_de_Peligros/a_Actualizar' is clicked on

2021-12-31 13:34:33 - [TEST_STEP][PASSED] - click(findTestObject("Modulo Pruebas SST/Creación_de_Matriz_de_Peligros/a_Medida de intervencin")): Object: 'Object Repository/Modulo Pruebas SST/Creación_de_Matriz_de_Peligros/a_Medida de intervencin' is clicked on

2021-12-31 13:34:34 - [MESSAGE][PASSED] - Object: 'Object Repository/Modulo Pruebas SST/Creación_de_Matriz_de_Peligros/a_Medida de intervencin' is clicked on

2021-12-31 13:34:34 - [TEST_STEP][PASSED] - click(findTestObject("Modulo Pruebas SST/Creación_de_Matriz_de_Peligros/a_Nuevo7")): Object: 'Object Repository/Modulo Pruebas SST/Creación_de_Matriz_de_Peligros/a_Nuevo7' is clicked on

2021-12-31 13:34:35 - [MESSAGE][PASSED] - Object: 'Object Repository/Modulo Pruebas SST/Creación_de_Matriz_de_Peligros/a_Nuevo7' is clicked on

2021-12-31 13:34:35 - [TEST_STEP][PASSED] - selectOptionByIndex(findTestObject("Modulo Pruebas SST/Creación_de_Matriz_de_Peligros/select_SeleccionarPrevencin Nivel 1Prevencin Nivel 2Prevencin Nivel 3"), "1"): All options with index in [1] are selected on object 'Object Repository/Modulo Pruebas SST/Creación_de_Matriz_de_Peligros/select_SeleccionarPrevencin Nivel 1Prevencin Nivel 2Prevencin Nivel 3'

2021-12-31 13:34:36 - [MESSAGE][PASSED] - All options with index in [1] are selected on object 'Object Repository/Modulo Pruebas SST/Creación_de_Matriz_de_Peligros/select_SeleccionarPrevencin Nivel 1Prevencin Nivel 2Prevencin Nivel 3'

2021-12-31 13:34:36 - [TEST_STEP][PASSED] - setText(findTestObject("Modulo Pruebas SST/Creación_de_Matriz_de_Peligros/textarea_Descripcin_form_listadoPeligroListadoActividaddtabdescripcionMedInter"), "PRUEBAS K"): Text 'PRUEBAS K' is set on object 'Object Repository/Modulo Pruebas SST/Creación_de_Matriz_de_Peligros/textarea_Descripcin_form_listadoPeligroListadoActividaddtabdescripcionMedInter'

2021-12-31 13:34:37 - [MESSAGE][PASSED] - Text 'PRUEBAS K' is set on object 'Object Repository/Modulo Pruebas SST/Creación_de_Matriz_de_Peligros/textarea_Descripcin_form_listadoPeligroListadoActividaddtabdescripcionMedInter'

2021-12-31 13:34:37 - [TEST_STEP][PASSED] - setText(findTestObject("Modulo Pruebas SST/Creación_de_Matriz_de_Peligros/textarea_Recurso Inversin_form_listadoPeligroListadoActividaddtabrecuInvsMedInter"), "PRUEBAS K"): Text 'PRUEBAS K' is set on object 'Object Repository/Modulo Pruebas SST/Creación_de_Matriz_de_Peligros/textarea_Recurso Inversin_form_listadoPeligroListadoActividaddtabrecuInvsMedInter'

2021-12-31 13:34:38 - [MESSAGE][PASSED] - Text 'PRUEBAS K' is set on object 'Object Repository/Modulo Pruebas SST/Creación_de_Matriz_de_Peligros/textarea_Recurso Inversin_form_listadoPeligroListadoActividaddtabrecuInvsMedInter'

2021-12-31 13:34:38 - [TEST_STEP][PASSED] - click(findTestObject("Modulo Pruebas SST/Creación_de_Matriz_de_Peligros/a_Guardar8")): Object: 'Object Repository/Modulo Pruebas SST/Creación_de_Matriz_de_Peligros/a_Guardar8' is clicked on

2021-12-31 13:34:38 - [MESSAGE][PASSED] - Object: 'Object Repository/Modulo Pruebas SST/Creación_de_Matriz_de_Peligros/a_Guardar8' is clicked on

2021-12-31 13:34:38 - [TEST_STEP][PASSED] - click(findTestObject("Modulo Pruebas SST/Creación_de_Matriz_de_Peligros/a_Anexos")): Object: 'Object Repository/Modulo Pruebas SST/Creación_de_Matriz_de_Peligros/a_Anexos' is clicked on

2021-12-31 13:34:39 - [MESSAGE][PASSED] - Object: 'Object Repository/Modulo Pruebas SST/Creación_de_Matriz_de_Peligros/a_Anexos' is clicked on

2021-12-31 13:34:39 - [TEST_STEP][PASSED] - click(findTestObject("Modulo Pruebas SST/Creación_de_Matriz_de_Peligros/a_Descargar_form_listadoPeligroListadoActividaddtabtablaAnexosj_idt1133")): Object: 'Object Repository/Modulo Pruebas SST/Creación_de_Matriz_de_Peligros/a_Descargar_form_listadoPeligroListadoActividaddtabtablaAnexosj_idt1133' is clicked on

2021-12-31 13:34:40 - [MESSAGE][PASSED] - Object: 'Object Repository/Modulo Pruebas SST/Creación_de_Matriz_de_Peligros/a_Descargar_form_listadoPeligroListadoActividaddtabtablaAnexosj_idt1133' is clicked on

2021-12-31 13:34:40 - [TEST_STEP][PASSED] - ruta = G_rutaarchivos + "prueba.pdf": null

2021-12-31 13:34:40 - [TEST_STEP][PASSED] - uploadFile(findTestObject("Modulo Pruebas SST/Creación_de_Matriz_de_Peligros/input_Cargar Archivo_popupCargarArchivoForminputFileName_input"), ruta): File 'E:\unionweb14\prueba.pdf' sent to object: 'Object Repository/Modulo Pruebas SST/Creación_de_Matriz_de_Peligros/input_Cargar Archivo_popupCargarArchivoForminputFileName_input'

2021-12-31 13:34:40 - [MESSAGE][PASSED] - File 'E:\unionweb14\prueba.pdf' sent to object: 'Object Repository/Modulo Pruebas SST/Creación_de_Matriz_de_Peligros/input_Cargar Archivo_popupCargarArchivoForminputFileName_input'

2021-12-31 13:34:40 - [TEST_STEP][PASSED] - setText(findTestObject("Modulo Pruebas SST/Creación_de_Matriz_de_Peligros/input_Descargar_form_listadoPeligroListadoActividaddtabtablaAnexosdescripcionAnexo"), "Pruebas k"): Text 'Pruebas k' is set on object 'Object Repository/Modulo Pruebas SST/Creación_de_Matriz_de_Peligros/input_Descargar_form_listadoPeligroListadoActividaddtabtablaAnexosdescripcionAnexo'

2021-12-31 13:34:42 - [MESSAGE][PASSED] - Text 'Pruebas k' is set on object 'Object Repository/Modulo Pruebas SST/Creación_de_Matriz_de_Peligros/input_Descargar_form_listadoPeligroListadoActividaddtabtablaAnexosdescripcionAnexo'

2021-12-31 13:34:42 - [TEST_STEP][PASSED] - click(findTestObject("Modulo Pruebas SST/Creación_de_Matriz_de_Peligros/a_Descargar_form_listadoPeligroListadoActividaddtabtablaAnexosj_idt1140")): Object: 'Object Repository/Modulo Pruebas SST/Creación_de_Matriz_de_Peligros/a_Descargar_form_listadoPeligroListadoActividaddtabtablaAnexosj_idt1140' is clicked on

2021-12-31 13:34:42 - [MESSAGE][PASSED] - Object: 'Object Repository/Modulo Pruebas SST/Creación_de_Matriz_de_Peligros/a_Descargar_form_listadoPeligroListadoActividaddtabtablaAnexosj_idt1140' is clicked on

2021-12-31 13:34:42 - [TEST_STEP][PASSED] - click(findTestObject("Modulo Pruebas SST/Creación_de_Matriz_de_Peligros/a_Regresar al inicio")): Object: 'Object Repository/Modulo Pruebas SST/Creación_de_Matriz_de_Peligros/a_Regresar al inicio' is clicked on

2021-12-31 13:34:43 - [MESSAGE][PASSED] - Object: 'Object Repository/Modulo Pruebas SST/Creación_de_Matriz_de_Peligros/a_Regresar al inicio' is clicked on

2021-12-31 13:34:43 - [TEST_STEP][PASSED] - selectOptionByIndex(findTestObject("Modulo Pruebas SST/Creación_de_Matriz_de_Peligros/select_Periodo_principal"), 2): All options with index in [2] are selected on object 'Object Repository/Modulo Pruebas SST/Creación_de_Matriz_de_Peligros/select_Periodo_principal'

2021-12-31 13:34:46 - [MESSAGE][PASSED] - All options with index in [2] are selected on object 'Object Repository/Modulo Pruebas SST/Creación_de_Matriz_de_Peligros/select_Periodo_principal'

2021-12-31 13:34:46 - [TEST_STEP][PASSED] - selectOptionByIndex(findTestObject("Modulo Pruebas SST/Creación_de_Matriz_de_Peligros/select_Empresa_principal"), 1): All options with index in [1] are selected on object 'Object Repository/Modulo Pruebas SST/Creación_de_Matriz_de_Peligros/select_Empresa_principal'

2021-12-31 13:34:48 - [MESSAGE][PASSED] - All options with index in [1] are selected on object 'Object Repository/Modulo Pruebas SST/Creación_de_Matriz_de_Peligros/select_Empresa_principal'

2021-12-31 13:34:48 - [TEST_STEP][PASSED] - closeBrowser(): Browser is closed

2021-12-31 13:34:48 - [MESSAGE][PASSED] - Browser is closed]]></system-out>
         <system-err><![CDATA[]]></system-err>
      </testcase>
      <testcase name="Test Cases/5.1-Pruebas_SST/5.1.5-Diligenciar_una_inspección" time="45.586" classname="Test Cases/5.1-Pruebas_SST/5.1.5-Diligenciar_una_inspección" status="PASSED">
         <system-out><![CDATA[2021-12-31 13:34:48 - [TEST_CASE][PASSED] - Test Cases/5.1-Pruebas_SST/5.1.5-Diligenciar_una_inspección: Test Cases/5.1-Pruebas_SST/5.1.5-Diligenciar_una_inspección

2021-12-31 13:34:49 - [TEST_STEP][PASSED] - callTestCase(findTestCase("0.1-Login"), [:], STOP_ON_FAILURE): Call Test Case 'Test Cases/0.1-Login' successfully

2021-12-31 13:34:49 - [TEST_CASE][PASSED] - Test Cases/0.1-Login: Test Cases/0.1-Login

2021-12-31 13:34:49 - [TEST_STEP][PASSED] - openBrowser(""): Browser is opened with url: ''

2021-12-31 13:34:49 - [MESSAGE][INFO] - Starting 'Chrome' driver

2021-12-31 13:34:49 - [MESSAGE][INFO] - Action delay is set to 0 milliseconds

2021-12-31 13:34:50 - [MESSAGE][PASSED] - Browser is opened with url: ''

2021-12-31 13:34:50 - [TEST_STEP][PASSED] - maximizeWindow(): Current window maximized

2021-12-31 13:34:50 - [MESSAGE][PASSED] - Current window maximized

2021-12-31 13:34:50 - [TEST_STEP][PASSED] - i = G_Login: null

2021-12-31 13:34:50 - [TEST_STEP][PASSED] - url = new java.net.URL(i): null

2021-12-31 13:34:50 - [TEST_STEP][PASSED] - println("URL: " + url.toString()): null

2021-12-31 13:34:50 - [TEST_STEP][PASSED] - connection = url.openConnection(): null

2021-12-31 13:34:50 - [TEST_STEP][PASSED] - connection.setRequestMethod("GET"): null

2021-12-31 13:34:50 - [TEST_STEP][PASSED] - connection.setReadTimeout(2 * 1000): null

2021-12-31 13:34:50 - [TEST_STEP][PASSED] - try: null

2021-12-31 13:34:50 - [TEST_STEP][PASSED] - connection.connect(): null

2021-12-31 13:34:50 - [TEST_STEP][PASSED] - flag = connected: null

2021-12-31 13:34:50 - [TEST_STEP][PASSED] - println("Valor_ori: " + flag): null

2021-12-31 13:34:50 - [TEST_STEP][PASSED] - if (flag): null

2021-12-31 13:34:50 - [TEST_STEP][PASSED] - navigateToUrl(i): Navigate to 'http://192.168.2.80:8380/saraweb' successfully

2021-12-31 13:34:50 - [MESSAGE][PASSED] - Navigate to 'http://192.168.2.80:8380/saraweb' successfully

2021-12-31 13:34:50 - [TEST_STEP][PASSED] - a(): null

2021-12-31 13:34:51 - [TEST_STEP][PASSED] - setText(findTestObject("Login/input_USUARIO_loginusuario"), G_Usuario): Text 'saraadmin' is set on object 'Object Repository/Login/input_USUARIO_loginusuario'

2021-12-31 13:34:51 - [MESSAGE][PASSED] - Text 'saraadmin' is set on object 'Object Repository/Login/input_USUARIO_loginusuario'

2021-12-31 13:34:51 - [TEST_STEP][PASSED] - setEncryptedText(findTestObject("Login/input_CLAVE_loginpassword"), "MkG4/TYiCFC3cb2driP7+Q=="): Text ****** has been set on object 'Object Repository/Login/input_CLAVE_loginpassword'

2021-12-31 13:34:52 - [MESSAGE][PASSED] - Text ****** has been set on object 'Object Repository/Login/input_CLAVE_loginpassword'

2021-12-31 13:34:52 - [TEST_STEP][PASSED] - waitForElementClickable(findTestObject("Login/a_Ingresar"), G_TimeOut): Object 'Object Repository/Login/a_Ingresar' is clickable

2021-12-31 13:34:52 - [MESSAGE][PASSED] - Object 'Object Repository/Login/a_Ingresar' is clickable

2021-12-31 13:34:52 - [TEST_STEP][PASSED] - click(findTestObject("Login/a_Ingresar")): Object: 'Object Repository/Login/a_Ingresar' is clicked on

2021-12-31 13:34:54 - [MESSAGE][PASSED] - Object: 'Object Repository/Login/a_Ingresar' is clicked on

2021-12-31 13:34:54 - [TEST_STEP][PASSED] - element = findWebElement(findTestObject("Login/a_Ir"), 30): null

2021-12-31 13:34:54 - [TEST_STEP][PASSED] - executeJavaScript("arguments[0].click()", Arrays.asList(element)): Execute JavaScript 'arguments[0].click()' successfully

2021-12-31 13:34:54 - [MESSAGE][PASSED] - Execute JavaScript 'arguments[0].click()' successfully

2021-12-31 13:34:54 - [MESSAGE][PASSED] - Call Test Case 'Test Cases/0.1-Login' successfully

2021-12-31 13:34:54 - [TEST_STEP][PASSED] - setText(findTestObject("Modulo Pruebas SST/Diligenciar_una_inspección/input_ADMINISTRADOR DEL SISTEMA - SARA_form_templatej_idt24_input"), "Inspecciones"): Text 'Inspecciones' is set on object 'Object Repository/Modulo Pruebas SST/Diligenciar_una_inspección/input_ADMINISTRADOR DEL SISTEMA - SARA_form_templatej_idt24_input'

2021-12-31 13:34:55 - [MESSAGE][PASSED] - Text 'Inspecciones' is set on object 'Object Repository/Modulo Pruebas SST/Diligenciar_una_inspección/input_ADMINISTRADOR DEL SISTEMA - SARA_form_templatej_idt24_input'

2021-12-31 13:34:55 - [TEST_STEP][PASSED] - click(findTestObject("Modulo Pruebas SST/Diligenciar_una_inspección/li_Inspecciones (sst)")): Object: 'Object Repository/Modulo Pruebas SST/Diligenciar_una_inspección/li_Inspecciones (sst)' is clicked on

2021-12-31 13:34:57 - [MESSAGE][PASSED] - Object: 'Object Repository/Modulo Pruebas SST/Diligenciar_una_inspección/li_Inspecciones (sst)' is clicked on

2021-12-31 13:34:57 - [TEST_STEP][PASSED] - if (waitForElementPresent(findTestObject("Modulo Pruebas SST/Diligenciar_una_inspección/td_PRUEBAS KATALON"), 1)): null

2021-12-31 13:34:58 - [MESSAGE][PASSED] - Object 'Object Repository/Modulo Pruebas SST/Diligenciar_una_inspección/td_PRUEBAS KATALON' is present

2021-12-31 13:34:58 - [TEST_STEP][PASSED] - click(findTestObject("Modulo Pruebas SST/Diligenciar_una_inspección/td_PRUEBAS KATALON")): Object: 'Object Repository/Modulo Pruebas SST/Diligenciar_una_inspección/td_PRUEBAS KATALON' is clicked on

2021-12-31 13:34:58 - [MESSAGE][PASSED] - Object: 'Object Repository/Modulo Pruebas SST/Diligenciar_una_inspección/td_PRUEBAS KATALON' is clicked on

2021-12-31 13:34:58 - [TEST_STEP][PASSED] - click(findTestObject("Modulo Pruebas SST/Diligenciar_una_inspección/a_Programacin1")): Object: 'Object Repository/Modulo Pruebas SST/Diligenciar_una_inspección/a_Programacin1' is clicked on

2021-12-31 13:34:59 - [MESSAGE][PASSED] - Object: 'Object Repository/Modulo Pruebas SST/Diligenciar_una_inspección/a_Programacin1' is clicked on

2021-12-31 13:34:59 - [TEST_STEP][PASSED] - if (waitForElementPresent(findTestObject("Modulo Pruebas SST/Diligenciar_una_inspección/td_1010220596"), 1)): null

2021-12-31 13:35:00 - [MESSAGE][PASSED] - Object 'Object Repository/Modulo Pruebas SST/Diligenciar_una_inspección/td_1010220596' is present

2021-12-31 13:35:00 - [TEST_STEP][PASSED] - click(findTestObject("Modulo Pruebas SST/Diligenciar_una_inspección/td_1010220596")): Object: 'Object Repository/Modulo Pruebas SST/Diligenciar_una_inspección/td_1010220596' is clicked on

2021-12-31 13:35:00 - [MESSAGE][PASSED] - Object: 'Object Repository/Modulo Pruebas SST/Diligenciar_una_inspección/td_1010220596' is clicked on

2021-12-31 13:35:00 - [TEST_STEP][PASSED] - click(findTestObject("Modulo Pruebas SST/Diligenciar_una_inspección/a_Eliminar")): Object: 'Object Repository/Modulo Pruebas SST/Diligenciar_una_inspección/a_Eliminar' is clicked on

2021-12-31 13:35:01 - [MESSAGE][PASSED] - Object: 'Object Repository/Modulo Pruebas SST/Diligenciar_una_inspección/a_Eliminar' is clicked on

2021-12-31 13:35:01 - [TEST_STEP][PASSED] - click(findTestObject("Modulo Pruebas SST/Diligenciar_una_inspección/button_Si")): Object: 'Object Repository/Modulo Pruebas SST/Diligenciar_una_inspección/button_Si' is clicked on

2021-12-31 13:35:02 - [MESSAGE][PASSED] - Object: 'Object Repository/Modulo Pruebas SST/Diligenciar_una_inspección/button_Si' is clicked on

2021-12-31 13:35:02 - [TEST_STEP][PASSED] - click(findTestObject("Modulo Pruebas SST/Diligenciar_una_inspección/a_Detalle_principal")): Object: 'Object Repository/Modulo Pruebas SST/Diligenciar_una_inspección/a_Detalle_principal' is clicked on

2021-12-31 13:35:04 - [MESSAGE][PASSED] - Object: 'Object Repository/Modulo Pruebas SST/Diligenciar_una_inspección/a_Detalle_principal' is clicked on

2021-12-31 13:35:04 - [TEST_STEP][PASSED] - click(findTestObject("Modulo Pruebas SST/Diligenciar_una_inspección/a_Eliminar2")): Object: 'Object Repository/Modulo Pruebas SST/Diligenciar_una_inspección/a_Eliminar2' is clicked on

2021-12-31 13:35:04 - [MESSAGE][PASSED] - Object: 'Object Repository/Modulo Pruebas SST/Diligenciar_una_inspección/a_Eliminar2' is clicked on

2021-12-31 13:35:04 - [TEST_STEP][PASSED] - click(findTestObject("Modulo Pruebas SST/Diligenciar_una_inspección/a_Aceptar2")): Object: 'Object Repository/Modulo Pruebas SST/Diligenciar_una_inspección/a_Aceptar2' is clicked on

2021-12-31 13:35:05 - [MESSAGE][PASSED] - Object: 'Object Repository/Modulo Pruebas SST/Diligenciar_una_inspección/a_Aceptar2' is clicked on

2021-12-31 13:35:05 - [TEST_STEP][PASSED] - click(findTestObject("Modulo Pruebas SST/Diligenciar_una_inspección/a_Nuevo")): Object: 'Object Repository/Modulo Pruebas SST/Diligenciar_una_inspección/a_Nuevo' is clicked on

2021-12-31 13:35:06 - [MESSAGE][PASSED] - Object: 'Object Repository/Modulo Pruebas SST/Diligenciar_una_inspección/a_Nuevo' is clicked on

2021-12-31 13:35:06 - [TEST_STEP][PASSED] - setText(findTestObject("Modulo Pruebas SST/Diligenciar_una_inspección/textarea_Descripcin_form_datobasicoinspecciondescripcion"), "PRUEBAS KATALON"): Text 'PRUEBAS KATALON' is set on object 'Object Repository/Modulo Pruebas SST/Diligenciar_una_inspección/textarea_Descripcin_form_datobasicoinspecciondescripcion'

2021-12-31 13:35:07 - [MESSAGE][PASSED] - Text 'PRUEBAS KATALON' is set on object 'Object Repository/Modulo Pruebas SST/Diligenciar_una_inspección/textarea_Descripcin_form_datobasicoinspecciondescripcion'

2021-12-31 13:35:07 - [TEST_STEP][PASSED] - selectOptionByIndex(findTestObject("Modulo Pruebas SST/Diligenciar_una_inspección/select_SeleccionarDe rea o punto crticoNo planeadaPlaneada"), 1): All options with index in [1] are selected on object 'Object Repository/Modulo Pruebas SST/Diligenciar_una_inspección/select_SeleccionarDe rea o punto crticoNo planeadaPlaneada'

2021-12-31 13:35:08 - [MESSAGE][PASSED] - All options with index in [1] are selected on object 'Object Repository/Modulo Pruebas SST/Diligenciar_una_inspección/select_SeleccionarDe rea o punto crticoNo planeadaPlaneada'

2021-12-31 13:35:08 - [TEST_STEP][PASSED] - selectOptionByIndex(findTestObject("Modulo Pruebas SST/Diligenciar_una_inspección/select_SeleccionarSEDE NORTESEDE OCCIDENTESEDE SUR"), 1): All options with index in [1] are selected on object 'Object Repository/Modulo Pruebas SST/Diligenciar_una_inspección/select_SeleccionarSEDE NORTESEDE OCCIDENTESEDE SUR'

2021-12-31 13:35:09 - [MESSAGE][PASSED] - All options with index in [1] are selected on object 'Object Repository/Modulo Pruebas SST/Diligenciar_una_inspección/select_SeleccionarSEDE NORTESEDE OCCIDENTESEDE SUR'

2021-12-31 13:35:09 - [TEST_STEP][PASSED] - selectOptionByIndex(findTestObject("Modulo Pruebas SST/Diligenciar_una_inspección/select_SeleccionarMENSUALBIMESTRALANUALSEMANALTRIMESTRALSEMESTRALDIARIA"), 1): All options with index in [1] are selected on object 'Object Repository/Modulo Pruebas SST/Diligenciar_una_inspección/select_SeleccionarMENSUALBIMESTRALANUALSEMANALTRIMESTRALSEMESTRALDIARIA'

2021-12-31 13:35:10 - [MESSAGE][PASSED] - All options with index in [1] are selected on object 'Object Repository/Modulo Pruebas SST/Diligenciar_una_inspección/select_SeleccionarMENSUALBIMESTRALANUALSEMANALTRIMESTRALSEMESTRALDIARIA'

2021-12-31 13:35:10 - [TEST_STEP][PASSED] - setText(findTestObject("Modulo Pruebas SST/Diligenciar_una_inspección/input_Fecha Inicial_form_datobasicoinspeccionfechaInPeriodicidad_input"), "01/07/2021"): Text '01/07/2021' is set on object 'Object Repository/Modulo Pruebas SST/Diligenciar_una_inspección/input_Fecha Inicial_form_datobasicoinspeccionfechaInPeriodicidad_input'

2021-12-31 13:35:11 - [MESSAGE][PASSED] - Text '01/07/2021' is set on object 'Object Repository/Modulo Pruebas SST/Diligenciar_una_inspección/input_Fecha Inicial_form_datobasicoinspeccionfechaInPeriodicidad_input'

2021-12-31 13:35:11 - [TEST_STEP][PASSED] - setText(findTestObject("Modulo Pruebas SST/Diligenciar_una_inspección/input_Fecha Final_form_datobasicoinspeccionfechaFnPeriodicidad_input"), "10/07/2021"): Text '10/07/2021' is set on object 'Object Repository/Modulo Pruebas SST/Diligenciar_una_inspección/input_Fecha Final_form_datobasicoinspeccionfechaFnPeriodicidad_input'

2021-12-31 13:35:12 - [MESSAGE][PASSED] - Text '10/07/2021' is set on object 'Object Repository/Modulo Pruebas SST/Diligenciar_una_inspección/input_Fecha Final_form_datobasicoinspeccionfechaFnPeriodicidad_input'

2021-12-31 13:35:12 - [TEST_STEP][PASSED] - click(findTestObject("Modulo Pruebas SST/Diligenciar_una_inspección/a_Responsable_form_datobasicoinspeccionj_idt599")): Object: 'Object Repository/Modulo Pruebas SST/Diligenciar_una_inspección/a_Responsable_form_datobasicoinspeccionj_idt599' is clicked on

2021-12-31 13:35:13 - [MESSAGE][PASSED] - Object: 'Object Repository/Modulo Pruebas SST/Diligenciar_una_inspección/a_Responsable_form_datobasicoinspeccionj_idt599' is clicked on

2021-12-31 13:35:13 - [TEST_STEP][PASSED] - setText(findTestObject("Modulo Pruebas SST/Diligenciar_una_inspección/input_Filtro Hoja de Vida_formPopupHojaVidaj_idt895"), "A A A"): Text 'A A A' is set on object 'Object Repository/Modulo Pruebas SST/Diligenciar_una_inspección/input_Filtro Hoja de Vida_formPopupHojaVidaj_idt895'

2021-12-31 13:35:14 - [MESSAGE][PASSED] - Text 'A A A' is set on object 'Object Repository/Modulo Pruebas SST/Diligenciar_una_inspección/input_Filtro Hoja de Vida_formPopupHojaVidaj_idt895'

2021-12-31 13:35:14 - [TEST_STEP][PASSED] - sendKeys(findTestObject("Modulo Pruebas SST/Diligenciar_una_inspección/input_Filtro Hoja de Vida_formPopupHojaVidaj_idt895"), Keys.chord(ENTER)): Keys 'ENTER + ' sent to object: 'Object Repository/Modulo Pruebas SST/Diligenciar_una_inspección/input_Filtro Hoja de Vida_formPopupHojaVidaj_idt895'

2021-12-31 13:35:14 - [MESSAGE][PASSED] - Keys 'ENTER + ' sent to object: 'Object Repository/Modulo Pruebas SST/Diligenciar_una_inspección/input_Filtro Hoja de Vida_formPopupHojaVidaj_idt895'

2021-12-31 13:35:14 - [TEST_STEP][PASSED] - click(findTestObject("Modulo Pruebas SST/Diligenciar_una_inspección/span_A A A")): Object: 'Object Repository/Modulo Pruebas SST/Diligenciar_una_inspección/span_A A A' is clicked on

2021-12-31 13:35:15 - [MESSAGE][PASSED] - Object: 'Object Repository/Modulo Pruebas SST/Diligenciar_una_inspección/span_A A A' is clicked on

2021-12-31 13:35:15 - [TEST_STEP][PASSED] - selectOptionByIndex(findTestObject("Modulo Pruebas SST/Diligenciar_una_inspección/select_Seleccionar001002003GESTIN HSE1"), 1): All options with index in [1] are selected on object 'Object Repository/Modulo Pruebas SST/Diligenciar_una_inspección/select_Seleccionar001002003GESTIN HSE1'

2021-12-31 13:35:17 - [MESSAGE][PASSED] - All options with index in [1] are selected on object 'Object Repository/Modulo Pruebas SST/Diligenciar_una_inspección/select_Seleccionar001002003GESTIN HSE1'

2021-12-31 13:35:17 - [TEST_STEP][PASSED] - click(findTestObject("Modulo Pruebas SST/Diligenciar_una_inspección/a_Formulario_form_datobasicoinspeccionj_idt6181")): Object: 'Object Repository/Modulo Pruebas SST/Diligenciar_una_inspección/a_Formulario_form_datobasicoinspeccionj_idt6181' is clicked on

2021-12-31 13:35:18 - [MESSAGE][PASSED] - Object: 'Object Repository/Modulo Pruebas SST/Diligenciar_una_inspección/a_Formulario_form_datobasicoinspeccionj_idt6181' is clicked on

2021-12-31 13:35:18 - [TEST_STEP][PASSED] - setText(findTestObject("Modulo Pruebas SST/Diligenciar_una_inspección/input_Filtro Hoja de Vida_formPopupHojaVidaj_idt8951"), " A A A"): Text ' A A A' is set on object 'Object Repository/Modulo Pruebas SST/Diligenciar_una_inspección/input_Filtro Hoja de Vida_formPopupHojaVidaj_idt8951'

2021-12-31 13:35:19 - [MESSAGE][PASSED] - Text ' A A A' is set on object 'Object Repository/Modulo Pruebas SST/Diligenciar_una_inspección/input_Filtro Hoja de Vida_formPopupHojaVidaj_idt8951'

2021-12-31 13:35:19 - [TEST_STEP][PASSED] - sendKeys(findTestObject("Modulo Pruebas SST/Diligenciar_una_inspección/input_Filtro Hoja de Vida_formPopupHojaVidaj_idt8951"), Keys.chord(ENTER)): Keys 'ENTER + ' sent to object: 'Object Repository/Modulo Pruebas SST/Diligenciar_una_inspección/input_Filtro Hoja de Vida_formPopupHojaVidaj_idt8951'

2021-12-31 13:35:19 - [MESSAGE][PASSED] - Keys 'ENTER + ' sent to object: 'Object Repository/Modulo Pruebas SST/Diligenciar_una_inspección/input_Filtro Hoja de Vida_formPopupHojaVidaj_idt8951'

2021-12-31 13:35:19 - [TEST_STEP][PASSED] - click(findTestObject("Modulo Pruebas SST/Diligenciar_una_inspección/span_A A A")): Object: 'Object Repository/Modulo Pruebas SST/Diligenciar_una_inspección/span_A A A' is clicked on

2021-12-31 13:35:20 - [MESSAGE][PASSED] - Object: 'Object Repository/Modulo Pruebas SST/Diligenciar_una_inspección/span_A A A' is clicked on

2021-12-31 13:35:20 - [TEST_STEP][PASSED] - setText(findTestObject("Modulo Pruebas SST/Diligenciar_una_inspección/input_Fecha_form_datobasicoinspeccionfecha_input"), "01/07/2021"): Text '01/07/2021' is set on object 'Object Repository/Modulo Pruebas SST/Diligenciar_una_inspección/input_Fecha_form_datobasicoinspeccionfecha_input'

2021-12-31 13:35:21 - [MESSAGE][PASSED] - Text '01/07/2021' is set on object 'Object Repository/Modulo Pruebas SST/Diligenciar_una_inspección/input_Fecha_form_datobasicoinspeccionfecha_input'

2021-12-31 13:35:21 - [TEST_STEP][PASSED] - click(findTestObject("Modulo Pruebas SST/Diligenciar_una_inspección/a_Guardar")): Object: 'Object Repository/Modulo Pruebas SST/Diligenciar_una_inspección/a_Guardar' is clicked on

2021-12-31 13:35:22 - [MESSAGE][PASSED] - Object: 'Object Repository/Modulo Pruebas SST/Diligenciar_una_inspección/a_Guardar' is clicked on

2021-12-31 13:35:22 - [TEST_STEP][PASSED] - click(findTestObject("Modulo Pruebas SST/Diligenciar_una_inspección/a_Programacin")): Object: 'Object Repository/Modulo Pruebas SST/Diligenciar_una_inspección/a_Programacin' is clicked on

2021-12-31 13:35:24 - [MESSAGE][PASSED] - Object: 'Object Repository/Modulo Pruebas SST/Diligenciar_una_inspección/a_Programacin' is clicked on

2021-12-31 13:35:24 - [TEST_STEP][PASSED] - click(findTestObject("Modulo Pruebas SST/Diligenciar_una_inspección/a_Nuevo1")): Object: 'Object Repository/Modulo Pruebas SST/Diligenciar_una_inspección/a_Nuevo1' is clicked on

2021-12-31 13:35:24 - [MESSAGE][PASSED] - Object: 'Object Repository/Modulo Pruebas SST/Diligenciar_una_inspección/a_Nuevo1' is clicked on

2021-12-31 13:35:24 - [TEST_STEP][PASSED] - click(findTestObject("Modulo Pruebas SST/Diligenciar_una_inspección/a_Responsable_form_detalleProgramacionXj_idt714")): Object: 'Object Repository/Modulo Pruebas SST/Diligenciar_una_inspección/a_Responsable_form_detalleProgramacionXj_idt714' is clicked on

2021-12-31 13:35:25 - [MESSAGE][PASSED] - Object: 'Object Repository/Modulo Pruebas SST/Diligenciar_una_inspección/a_Responsable_form_detalleProgramacionXj_idt714' is clicked on

2021-12-31 13:35:25 - [TEST_STEP][PASSED] - setText(findTestObject("Modulo Pruebas SST/Diligenciar_una_inspección/input_Filtro Hoja de Vida_formPopupHojaVidaj_idt8953"), "A A A"): Text 'A A A' is set on object 'Object Repository/Modulo Pruebas SST/Diligenciar_una_inspección/input_Filtro Hoja de Vida_formPopupHojaVidaj_idt8953'

2021-12-31 13:35:26 - [MESSAGE][PASSED] - Text 'A A A' is set on object 'Object Repository/Modulo Pruebas SST/Diligenciar_una_inspección/input_Filtro Hoja de Vida_formPopupHojaVidaj_idt8953'

2021-12-31 13:35:26 - [TEST_STEP][PASSED] - sendKeys(findTestObject("Modulo Pruebas SST/Diligenciar_una_inspección/input_Filtro Hoja de Vida_formPopupHojaVidaj_idt8953"), Keys.chord(ENTER)): Keys 'ENTER + ' sent to object: 'Object Repository/Modulo Pruebas SST/Diligenciar_una_inspección/input_Filtro Hoja de Vida_formPopupHojaVidaj_idt8953'

2021-12-31 13:35:26 - [MESSAGE][PASSED] - Keys 'ENTER + ' sent to object: 'Object Repository/Modulo Pruebas SST/Diligenciar_una_inspección/input_Filtro Hoja de Vida_formPopupHojaVidaj_idt8953'

2021-12-31 13:35:26 - [TEST_STEP][PASSED] - click(findTestObject("Modulo Pruebas SST/Diligenciar_una_inspección/span_A A A3")): Object: 'Object Repository/Modulo Pruebas SST/Diligenciar_una_inspección/span_A A A3' is clicked on

2021-12-31 13:35:27 - [MESSAGE][PASSED] - Object: 'Object Repository/Modulo Pruebas SST/Diligenciar_una_inspección/span_A A A3' is clicked on

2021-12-31 13:35:27 - [TEST_STEP][PASSED] - setText(findTestObject("Modulo Pruebas SST/Diligenciar_una_inspección/input_Fecha Programacin_form_detalleProgramacionXprogramacionf_input"), "01/07/2021"): Text '01/07/2021' is set on object 'Object Repository/Modulo Pruebas SST/Diligenciar_una_inspección/input_Fecha Programacin_form_detalleProgramacionXprogramacionf_input'

2021-12-31 13:35:28 - [MESSAGE][PASSED] - Text '01/07/2021' is set on object 'Object Repository/Modulo Pruebas SST/Diligenciar_una_inspección/input_Fecha Programacin_form_detalleProgramacionXprogramacionf_input'

2021-12-31 13:35:28 - [TEST_STEP][PASSED] - setText(findTestObject("Modulo Pruebas SST/Diligenciar_una_inspección/input_Nmero_form_detalleProgramacionXnumero"), "5"): Text '5' is set on object 'Object Repository/Modulo Pruebas SST/Diligenciar_una_inspección/input_Nmero_form_detalleProgramacionXnumero'

2021-12-31 13:35:29 - [MESSAGE][PASSED] - Text '5' is set on object 'Object Repository/Modulo Pruebas SST/Diligenciar_una_inspección/input_Nmero_form_detalleProgramacionXnumero'

2021-12-31 13:35:29 - [TEST_STEP][PASSED] - click(findTestObject("Modulo Pruebas SST/Diligenciar_una_inspección/a_Guardar1")): Object: 'Object Repository/Modulo Pruebas SST/Diligenciar_una_inspección/a_Guardar1' is clicked on

2021-12-31 13:35:29 - [MESSAGE][PASSED] - Object: 'Object Repository/Modulo Pruebas SST/Diligenciar_una_inspección/a_Guardar1' is clicked on

2021-12-31 13:35:29 - [TEST_STEP][PASSED] - click(findTestObject("Modulo Pruebas SST/Diligenciar_una_inspección/a_Evidencias")): Object: 'Object Repository/Modulo Pruebas SST/Diligenciar_una_inspección/a_Evidencias' is clicked on

2021-12-31 13:35:30 - [MESSAGE][PASSED] - Object: 'Object Repository/Modulo Pruebas SST/Diligenciar_una_inspección/a_Evidencias' is clicked on

2021-12-31 13:35:30 - [TEST_STEP][PASSED] - click(findTestObject("Modulo Pruebas SST/Diligenciar_una_inspección/a_subir")): Object: 'Object Repository/Modulo Pruebas SST/Diligenciar_una_inspección/a_subir' is clicked on

2021-12-31 13:35:31 - [MESSAGE][PASSED] - Object: 'Object Repository/Modulo Pruebas SST/Diligenciar_una_inspección/a_subir' is clicked on

2021-12-31 13:35:31 - [TEST_STEP][PASSED] - ruta = G_rutaarchivos + "prueba.pdf": null

2021-12-31 13:35:31 - [TEST_STEP][PASSED] - uploadFile(findTestObject("Modulo Pruebas SST/Diligenciar_una_inspección/input_Cargar Archivo_popupCargarArchivoForminputFileName_input"), ruta): File 'E:\unionweb14\prueba.pdf' sent to object: 'Object Repository/Modulo Pruebas SST/Diligenciar_una_inspección/input_Cargar Archivo_popupCargarArchivoForminputFileName_input'

2021-12-31 13:35:32 - [MESSAGE][PASSED] - File 'E:\unionweb14\prueba.pdf' sent to object: 'Object Repository/Modulo Pruebas SST/Diligenciar_una_inspección/input_Cargar Archivo_popupCargarArchivoForminputFileName_input'

2021-12-31 13:35:32 - [TEST_STEP][PASSED] - setText(findTestObject("Modulo Pruebas SST/Diligenciar_una_inspección/input_Descargar_form_evidenciastabladescripcion"), "pruebas k"): Text 'pruebas k' is set on object 'Object Repository/Modulo Pruebas SST/Diligenciar_una_inspección/input_Descargar_form_evidenciastabladescripcion'

2021-12-31 13:35:33 - [MESSAGE][PASSED] - Text 'pruebas k' is set on object 'Object Repository/Modulo Pruebas SST/Diligenciar_una_inspección/input_Descargar_form_evidenciastabladescripcion'

2021-12-31 13:35:33 - [TEST_STEP][PASSED] - click(findTestObject("Modulo Pruebas SST/Diligenciar_una_inspección/a_Descargar_form_evidenciastablaj_idt776")): Object: 'Object Repository/Modulo Pruebas SST/Diligenciar_una_inspección/a_Descargar_form_evidenciastablaj_idt776' is clicked on

2021-12-31 13:35:33 - [MESSAGE][PASSED] - Object: 'Object Repository/Modulo Pruebas SST/Diligenciar_una_inspección/a_Descargar_form_evidenciastablaj_idt776' is clicked on

2021-12-31 13:35:33 - [TEST_STEP][PASSED] - closeBrowser(): Browser is closed

2021-12-31 13:35:34 - [MESSAGE][PASSED] - Browser is closed]]></system-out>
         <system-err><![CDATA[]]></system-err>
      </testcase>
      <testcase name="Test Cases/5.1-Pruebas_SST/5.1.6-Crear_una_entidad_de_riesgo_sst" time="69.287" classname="Test Cases/5.1-Pruebas_SST/5.1.6-Crear_una_entidad_de_riesgo_sst" status="PASSED">
         <system-out><![CDATA[2021-12-31 13:35:34 - [TEST_CASE][PASSED] - Test Cases/5.1-Pruebas_SST/5.1.6-Crear_una_entidad_de_riesgo_sst: Test Cases/5.1-Pruebas_SST/5.1.6-Crear_una_entidad_de_riesgo_sst

2021-12-31 13:35:34 - [TEST_STEP][PASSED] - callTestCase(findTestCase("0.1-Login"), [:], STOP_ON_FAILURE): Call Test Case 'Test Cases/0.1-Login' successfully

2021-12-31 13:35:34 - [TEST_CASE][PASSED] - Test Cases/0.1-Login: Test Cases/0.1-Login

2021-12-31 13:35:34 - [TEST_STEP][PASSED] - openBrowser(""): Browser is opened with url: ''

2021-12-31 13:35:34 - [MESSAGE][INFO] - Starting 'Chrome' driver

2021-12-31 13:35:34 - [MESSAGE][INFO] - Action delay is set to 0 milliseconds

2021-12-31 13:35:36 - [MESSAGE][PASSED] - Browser is opened with url: ''

2021-12-31 13:35:36 - [TEST_STEP][PASSED] - maximizeWindow(): Current window maximized

2021-12-31 13:35:36 - [MESSAGE][PASSED] - Current window maximized

2021-12-31 13:35:36 - [TEST_STEP][PASSED] - i = G_Login: null

2021-12-31 13:35:36 - [TEST_STEP][PASSED] - url = new java.net.URL(i): null

2021-12-31 13:35:36 - [TEST_STEP][PASSED] - println("URL: " + url.toString()): null

2021-12-31 13:35:36 - [TEST_STEP][PASSED] - connection = url.openConnection(): null

2021-12-31 13:35:36 - [TEST_STEP][PASSED] - connection.setRequestMethod("GET"): null

2021-12-31 13:35:36 - [TEST_STEP][PASSED] - connection.setReadTimeout(2 * 1000): null

2021-12-31 13:35:36 - [TEST_STEP][PASSED] - try: null

2021-12-31 13:35:36 - [TEST_STEP][PASSED] - connection.connect(): null

2021-12-31 13:35:36 - [TEST_STEP][PASSED] - flag = connected: null

2021-12-31 13:35:36 - [TEST_STEP][PASSED] - println("Valor_ori: " + flag): null

2021-12-31 13:35:36 - [TEST_STEP][PASSED] - if (flag): null

2021-12-31 13:35:36 - [TEST_STEP][PASSED] - navigateToUrl(i): Navigate to 'http://192.168.2.80:8380/saraweb' successfully

2021-12-31 13:35:36 - [MESSAGE][PASSED] - Navigate to 'http://192.168.2.80:8380/saraweb' successfully

2021-12-31 13:35:36 - [TEST_STEP][PASSED] - a(): null

2021-12-31 13:35:36 - [TEST_STEP][PASSED] - setText(findTestObject("Login/input_USUARIO_loginusuario"), G_Usuario): Text 'saraadmin' is set on object 'Object Repository/Login/input_USUARIO_loginusuario'

2021-12-31 13:35:37 - [MESSAGE][PASSED] - Text 'saraadmin' is set on object 'Object Repository/Login/input_USUARIO_loginusuario'

2021-12-31 13:35:37 - [TEST_STEP][PASSED] - setEncryptedText(findTestObject("Login/input_CLAVE_loginpassword"), "MkG4/TYiCFC3cb2driP7+Q=="): Text ****** has been set on object 'Object Repository/Login/input_CLAVE_loginpassword'

2021-12-31 13:35:37 - [MESSAGE][PASSED] - Text ****** has been set on object 'Object Repository/Login/input_CLAVE_loginpassword'

2021-12-31 13:35:37 - [TEST_STEP][PASSED] - waitForElementClickable(findTestObject("Login/a_Ingresar"), G_TimeOut): Object 'Object Repository/Login/a_Ingresar' is clickable

2021-12-31 13:35:38 - [MESSAGE][PASSED] - Object 'Object Repository/Login/a_Ingresar' is clickable

2021-12-31 13:35:38 - [TEST_STEP][PASSED] - click(findTestObject("Login/a_Ingresar")): Object: 'Object Repository/Login/a_Ingresar' is clicked on

2021-12-31 13:35:40 - [MESSAGE][PASSED] - Object: 'Object Repository/Login/a_Ingresar' is clicked on

2021-12-31 13:35:40 - [TEST_STEP][PASSED] - element = findWebElement(findTestObject("Login/a_Ir"), 30): null

2021-12-31 13:35:40 - [TEST_STEP][PASSED] - executeJavaScript("arguments[0].click()", Arrays.asList(element)): Execute JavaScript 'arguments[0].click()' successfully

2021-12-31 13:35:40 - [MESSAGE][PASSED] - Execute JavaScript 'arguments[0].click()' successfully

2021-12-31 13:35:40 - [MESSAGE][PASSED] - Call Test Case 'Test Cases/0.1-Login' successfully

2021-12-31 13:35:40 - [TEST_STEP][PASSED] - setText(findTestObject("Modulo Pruebas SST/Reporte_de_accidente_de_trabajo/input_ADMINISTRADOR DEL SISTEMA - SARA_form_templatej_idt24_input"), "entidades riesgo"): Text 'entidades riesgo' is set on object 'Object Repository/Modulo Pruebas SST/Reporte_de_accidente_de_trabajo/input_ADMINISTRADOR DEL SISTEMA - SARA_form_templatej_idt24_input'

2021-12-31 13:35:41 - [MESSAGE][PASSED] - Text 'entidades riesgo' is set on object 'Object Repository/Modulo Pruebas SST/Reporte_de_accidente_de_trabajo/input_ADMINISTRADOR DEL SISTEMA - SARA_form_templatej_idt24_input'

2021-12-31 13:35:41 - [TEST_STEP][PASSED] - delay(2): Delayed 2 second(s)

2021-12-31 13:35:43 - [MESSAGE][PASSED] - Delayed 2 second(s)

2021-12-31 13:35:43 - [TEST_STEP][PASSED] - click(findTestObject("Modulo Pruebas SST/Crear_una_entidad_de_riesgo_sst/li_Entidades Riesgo (sst)")): Object: 'Object Repository/Modulo Pruebas SST/Crear_una_entidad_de_riesgo_sst/li_Entidades Riesgo (sst)' is clicked on

2021-12-31 13:35:44 - [MESSAGE][PASSED] - Object: 'Object Repository/Modulo Pruebas SST/Crear_una_entidad_de_riesgo_sst/li_Entidades Riesgo (sst)' is clicked on

2021-12-31 13:35:44 - [TEST_STEP][PASSED] - setText(findTestObject("Modulo Pruebas SST/Crear_una_entidad_de_riesgo_sst/input_Nombre_form_entidadRiesgoj_idt59"), "pruebas k"): Text 'pruebas k' is set on object 'Object Repository/Modulo Pruebas SST/Crear_una_entidad_de_riesgo_sst/input_Nombre_form_entidadRiesgoj_idt59'

2021-12-31 13:35:46 - [MESSAGE][PASSED] - Text 'pruebas k' is set on object 'Object Repository/Modulo Pruebas SST/Crear_una_entidad_de_riesgo_sst/input_Nombre_form_entidadRiesgoj_idt59'

2021-12-31 13:35:46 - [TEST_STEP][PASSED] - sendKeys(findTestObject("Modulo Pruebas SST/Crear_una_entidad_de_riesgo_sst/input_Nombre_form_entidadRiesgoj_idt59"), Keys.chord(ENTER)): Keys 'ENTER + ' sent to object: 'Object Repository/Modulo Pruebas SST/Crear_una_entidad_de_riesgo_sst/input_Nombre_form_entidadRiesgoj_idt59'

2021-12-31 13:35:47 - [MESSAGE][PASSED] - Keys 'ENTER + ' sent to object: 'Object Repository/Modulo Pruebas SST/Crear_una_entidad_de_riesgo_sst/input_Nombre_form_entidadRiesgoj_idt59'

2021-12-31 13:35:47 - [TEST_STEP][PASSED] - if (waitForElementPresent(findTestObject("Modulo Pruebas SST/Crear_una_entidad_de_riesgo_sst/td_PRUEBAS K"), 1)): null

2021-12-31 13:35:47 - [MESSAGE][PASSED] - Object 'Object Repository/Modulo Pruebas SST/Crear_una_entidad_de_riesgo_sst/td_PRUEBAS K' is present

2021-12-31 13:35:47 - [TEST_STEP][PASSED] - click(findTestObject("Modulo Pruebas SST/Crear_una_entidad_de_riesgo_sst/td_PRUEBAS K")): Object: 'Object Repository/Modulo Pruebas SST/Crear_una_entidad_de_riesgo_sst/td_PRUEBAS K' is clicked on

2021-12-31 13:35:48 - [MESSAGE][PASSED] - Object: 'Object Repository/Modulo Pruebas SST/Crear_una_entidad_de_riesgo_sst/td_PRUEBAS K' is clicked on

2021-12-31 13:35:48 - [TEST_STEP][PASSED] - click(findTestObject("Modulo Pruebas SST/Crear_una_entidad_de_riesgo_sst/a_Seguimiento")): Object: 'Object Repository/Modulo Pruebas SST/Crear_una_entidad_de_riesgo_sst/a_Seguimiento' is clicked on

2021-12-31 13:35:49 - [MESSAGE][PASSED] - Object: 'Object Repository/Modulo Pruebas SST/Crear_una_entidad_de_riesgo_sst/a_Seguimiento' is clicked on

2021-12-31 13:35:49 - [TEST_STEP][PASSED] - if (waitForElementPresent(findTestObject("Modulo Pruebas SST/Crear_una_entidad_de_riesgo_sst/td_DIAZ BLANCO GUISELL"), 1)): null

2021-12-31 13:35:50 - [MESSAGE][PASSED] - Object 'Object Repository/Modulo Pruebas SST/Crear_una_entidad_de_riesgo_sst/td_DIAZ BLANCO GUISELL' is present

2021-12-31 13:35:50 - [TEST_STEP][PASSED] - click(findTestObject("Modulo Pruebas SST/Crear_una_entidad_de_riesgo_sst/td_DIAZ BLANCO GUISELL")): Object: 'Object Repository/Modulo Pruebas SST/Crear_una_entidad_de_riesgo_sst/td_DIAZ BLANCO GUISELL' is clicked on

2021-12-31 13:35:50 - [MESSAGE][PASSED] - Object: 'Object Repository/Modulo Pruebas SST/Crear_una_entidad_de_riesgo_sst/td_DIAZ BLANCO GUISELL' is clicked on

2021-12-31 13:35:50 - [TEST_STEP][PASSED] - click(findTestObject("Modulo Pruebas SST/Crear_una_entidad_de_riesgo_sst/a_Eliminar1")): Object: 'Object Repository/Modulo Pruebas SST/Crear_una_entidad_de_riesgo_sst/a_Eliminar1' is clicked on

2021-12-31 13:35:51 - [MESSAGE][PASSED] - Object: 'Object Repository/Modulo Pruebas SST/Crear_una_entidad_de_riesgo_sst/a_Eliminar1' is clicked on

2021-12-31 13:35:51 - [TEST_STEP][PASSED] - click(findTestObject("Modulo Pruebas SST/Crear_una_entidad_de_riesgo_sst/a_Aceptar1")): Object: 'Object Repository/Modulo Pruebas SST/Crear_una_entidad_de_riesgo_sst/a_Aceptar1' is clicked on

2021-12-31 13:35:52 - [MESSAGE][PASSED] - Object: 'Object Repository/Modulo Pruebas SST/Crear_una_entidad_de_riesgo_sst/a_Aceptar1' is clicked on

2021-12-31 13:35:52 - [TEST_STEP][PASSED] - click(findTestObject("Modulo Pruebas SST/Crear_una_entidad_de_riesgo_sst/a_Entidad de Riesgo")): Object: 'Object Repository/Modulo Pruebas SST/Crear_una_entidad_de_riesgo_sst/a_Entidad de Riesgo' is clicked on

2021-12-31 13:35:52 - [MESSAGE][PASSED] - Object: 'Object Repository/Modulo Pruebas SST/Crear_una_entidad_de_riesgo_sst/a_Entidad de Riesgo' is clicked on

2021-12-31 13:35:52 - [TEST_STEP][PASSED] - if (waitForElementVisible(findTestObject("Modulo Pruebas SST/Crear_una_entidad_de_riesgo_sst/a_Eliminar1"), 1)): null

2021-12-31 13:35:53 - [MESSAGE][PASSED] - Object 'Object Repository/Modulo Pruebas SST/Crear_una_entidad_de_riesgo_sst/a_Eliminar1' is visible

2021-12-31 13:35:53 - [TEST_STEP][PASSED] - click(findTestObject("Modulo Pruebas SST/Crear_una_entidad_de_riesgo_sst/a_Eliminar1")): Object: 'Object Repository/Modulo Pruebas SST/Crear_una_entidad_de_riesgo_sst/a_Eliminar1' is clicked on

2021-12-31 13:35:54 - [MESSAGE][PASSED] - Object: 'Object Repository/Modulo Pruebas SST/Crear_una_entidad_de_riesgo_sst/a_Eliminar1' is clicked on

2021-12-31 13:35:54 - [TEST_STEP][PASSED] - click(findTestObject("Modulo Pruebas SST/Crear_una_entidad_de_riesgo_sst/a_Aceptar1")): Object: 'Object Repository/Modulo Pruebas SST/Crear_una_entidad_de_riesgo_sst/a_Aceptar1' is clicked on

2021-12-31 13:35:55 - [MESSAGE][PASSED] - Object: 'Object Repository/Modulo Pruebas SST/Crear_una_entidad_de_riesgo_sst/a_Aceptar1' is clicked on

2021-12-31 13:35:55 - [TEST_STEP][PASSED] - click(findTestObject("Modulo Pruebas SST/Crear_una_entidad_de_riesgo_sst/a_Regresar")): Object: 'Object Repository/Modulo Pruebas SST/Crear_una_entidad_de_riesgo_sst/a_Regresar' is clicked on

2021-12-31 13:35:55 - [MESSAGE][PASSED] - Object: 'Object Repository/Modulo Pruebas SST/Crear_una_entidad_de_riesgo_sst/a_Regresar' is clicked on

2021-12-31 13:35:55 - [TEST_STEP][PASSED] - click(findTestObject("Modulo Pruebas SST/Crear_una_entidad_de_riesgo_sst/a_Nuevo")): Object: 'Object Repository/Modulo Pruebas SST/Crear_una_entidad_de_riesgo_sst/a_Nuevo' is clicked on

2021-12-31 13:35:56 - [MESSAGE][PASSED] - Object: 'Object Repository/Modulo Pruebas SST/Crear_una_entidad_de_riesgo_sst/a_Nuevo' is clicked on

2021-12-31 13:35:56 - [TEST_STEP][PASSED] - setText(findTestObject("Modulo Pruebas SST/Crear_una_entidad_de_riesgo_sst/input_Cdigo_form_detalleEntidadRiesgocodigoInterno"), "5"): Text '5' is set on object 'Object Repository/Modulo Pruebas SST/Crear_una_entidad_de_riesgo_sst/input_Cdigo_form_detalleEntidadRiesgocodigoInterno'

2021-12-31 13:35:57 - [MESSAGE][PASSED] - Text '5' is set on object 'Object Repository/Modulo Pruebas SST/Crear_una_entidad_de_riesgo_sst/input_Cdigo_form_detalleEntidadRiesgocodigoInterno'

2021-12-31 13:35:57 - [TEST_STEP][PASSED] - setText(findTestObject("Modulo Pruebas SST/Crear_una_entidad_de_riesgo_sst/input_Nombre_form_detalleEntidadRiesgodescripcion"), "PRUEBAS K"): Text 'PRUEBAS K' is set on object 'Object Repository/Modulo Pruebas SST/Crear_una_entidad_de_riesgo_sst/input_Nombre_form_detalleEntidadRiesgodescripcion'

2021-12-31 13:35:58 - [MESSAGE][PASSED] - Text 'PRUEBAS K' is set on object 'Object Repository/Modulo Pruebas SST/Crear_una_entidad_de_riesgo_sst/input_Nombre_form_detalleEntidadRiesgodescripcion'

2021-12-31 13:35:58 - [TEST_STEP][PASSED] - click(findTestObject("Modulo Pruebas SST/Crear_una_entidad_de_riesgo_sst/a_Unidad Organizacional_form_detalleEntidadRiesgoj_idt6210")): Object: 'Object Repository/Modulo Pruebas SST/Crear_una_entidad_de_riesgo_sst/a_Unidad Organizacional_form_detalleEntidadRiesgoj_idt6210' is clicked on

2021-12-31 13:35:58 - [MESSAGE][PASSED] - Object: 'Object Repository/Modulo Pruebas SST/Crear_una_entidad_de_riesgo_sst/a_Unidad Organizacional_form_detalleEntidadRiesgoj_idt6210' is clicked on

2021-12-31 13:35:58 - [TEST_STEP][PASSED] - setText(findTestObject("Modulo Pruebas SST/Crear_una_entidad_de_riesgo_sst/input_Unidad Organizacional_formPopUpUnidaddescripciones0"), "ADMINISTRACION"): Text 'ADMINISTRACION' is set on object 'Object Repository/Modulo Pruebas SST/Crear_una_entidad_de_riesgo_sst/input_Unidad Organizacional_formPopUpUnidaddescripciones0'

2021-12-31 13:35:59 - [MESSAGE][PASSED] - Text 'ADMINISTRACION' is set on object 'Object Repository/Modulo Pruebas SST/Crear_una_entidad_de_riesgo_sst/input_Unidad Organizacional_formPopUpUnidaddescripciones0'

2021-12-31 13:35:59 - [TEST_STEP][PASSED] - sendKeys(findTestObject("Modulo Pruebas SST/Crear_una_entidad_de_riesgo_sst/input_Unidad Organizacional_formPopUpUnidaddescripciones0"), Keys.chord(ENTER)): Keys 'ENTER + ' sent to object: 'Object Repository/Modulo Pruebas SST/Crear_una_entidad_de_riesgo_sst/input_Unidad Organizacional_formPopUpUnidaddescripciones0'

2021-12-31 13:36:00 - [MESSAGE][PASSED] - Keys 'ENTER + ' sent to object: 'Object Repository/Modulo Pruebas SST/Crear_una_entidad_de_riesgo_sst/input_Unidad Organizacional_formPopUpUnidaddescripciones0'

2021-12-31 13:36:00 - [TEST_STEP][PASSED] - click(findTestObject("Modulo Pruebas SST/Crear_una_entidad_de_riesgo_sst/span_ADMINISTRACION")): Object: 'Object Repository/Modulo Pruebas SST/Crear_una_entidad_de_riesgo_sst/span_ADMINISTRACION' is clicked on

2021-12-31 13:36:00 - [MESSAGE][PASSED] - Object: 'Object Repository/Modulo Pruebas SST/Crear_una_entidad_de_riesgo_sst/span_ADMINISTRACION' is clicked on

2021-12-31 13:36:00 - [TEST_STEP][PASSED] - selectOptionByIndex(findTestObject("Modulo Pruebas SST/Crear_una_entidad_de_riesgo_sst/select_SeleccionarAREAS DE RIESGOAREAS SIN RIESGOPRUEBA SILVIA 1PRUEBA SILVIA 2"), 5): All options with index in [5] are selected on object 'Object Repository/Modulo Pruebas SST/Crear_una_entidad_de_riesgo_sst/select_SeleccionarAREAS DE RIESGOAREAS SIN RIESGOPRUEBA SILVIA 1PRUEBA SILVIA 2'

2021-12-31 13:36:02 - [MESSAGE][PASSED] - All options with index in [5] are selected on object 'Object Repository/Modulo Pruebas SST/Crear_una_entidad_de_riesgo_sst/select_SeleccionarAREAS DE RIESGOAREAS SIN RIESGOPRUEBA SILVIA 1PRUEBA SILVIA 2'

2021-12-31 13:36:02 - [TEST_STEP][PASSED] - selectOptionByIndex(findTestObject("Modulo Pruebas SST/Crear_una_entidad_de_riesgo_sst/select_-- SELECCIONAR --SEDE NORTESEDE OCCIDENTESEDE SUR"), 1): All options with index in [1] are selected on object 'Object Repository/Modulo Pruebas SST/Crear_una_entidad_de_riesgo_sst/select_-- SELECCIONAR --SEDE NORTESEDE OCCIDENTESEDE SUR'

2021-12-31 13:36:04 - [MESSAGE][PASSED] - All options with index in [1] are selected on object 'Object Repository/Modulo Pruebas SST/Crear_una_entidad_de_riesgo_sst/select_-- SELECCIONAR --SEDE NORTESEDE OCCIDENTESEDE SUR'

2021-12-31 13:36:04 - [TEST_STEP][PASSED] - selectOptionByIndex(findTestObject("Modulo Pruebas SST/Crear_una_entidad_de_riesgo_sst/select_-- SELECCIONAR --Aula InteligenteSala de JuntasSalon ExternoSalon Principal"), 1): All options with index in [1] are selected on object 'Object Repository/Modulo Pruebas SST/Crear_una_entidad_de_riesgo_sst/select_-- SELECCIONAR --Aula InteligenteSala de JuntasSalon ExternoSalon Principal'

2021-12-31 13:36:05 - [MESSAGE][PASSED] - All options with index in [1] are selected on object 'Object Repository/Modulo Pruebas SST/Crear_una_entidad_de_riesgo_sst/select_-- SELECCIONAR --Aula InteligenteSala de JuntasSalon ExternoSalon Principal'

2021-12-31 13:36:05 - [TEST_STEP][PASSED] - click(findTestObject("Modulo Pruebas SST/Crear_una_entidad_de_riesgo_sst/a_Responsable_form_detalleEntidadRiesgoj_idt6320")): Object: 'Object Repository/Modulo Pruebas SST/Crear_una_entidad_de_riesgo_sst/a_Responsable_form_detalleEntidadRiesgoj_idt6320' is clicked on

2021-12-31 13:36:06 - [MESSAGE][PASSED] - Object: 'Object Repository/Modulo Pruebas SST/Crear_una_entidad_de_riesgo_sst/a_Responsable_form_detalleEntidadRiesgoj_idt6320' is clicked on

2021-12-31 13:36:06 - [TEST_STEP][PASSED] - setText(findTestObject("Modulo Pruebas SST/Crear_una_entidad_de_riesgo_sst/input_Filtro Hoja de Vida_formPopupHojaVidaj_idt9270"), "A A A"): Text 'A A A' is set on object 'Object Repository/Modulo Pruebas SST/Crear_una_entidad_de_riesgo_sst/input_Filtro Hoja de Vida_formPopupHojaVidaj_idt9270'

2021-12-31 13:36:07 - [MESSAGE][PASSED] - Text 'A A A' is set on object 'Object Repository/Modulo Pruebas SST/Crear_una_entidad_de_riesgo_sst/input_Filtro Hoja de Vida_formPopupHojaVidaj_idt9270'

2021-12-31 13:36:07 - [TEST_STEP][PASSED] - sendKeys(findTestObject("Modulo Pruebas SST/Crear_una_entidad_de_riesgo_sst/input_Filtro Hoja de Vida_formPopupHojaVidaj_idt9270"), Keys.chord(ENTER)): Keys 'ENTER + ' sent to object: 'Object Repository/Modulo Pruebas SST/Crear_una_entidad_de_riesgo_sst/input_Filtro Hoja de Vida_formPopupHojaVidaj_idt9270'

2021-12-31 13:36:07 - [MESSAGE][PASSED] - Keys 'ENTER + ' sent to object: 'Object Repository/Modulo Pruebas SST/Crear_una_entidad_de_riesgo_sst/input_Filtro Hoja de Vida_formPopupHojaVidaj_idt9270'

2021-12-31 13:36:07 - [TEST_STEP][PASSED] - click(findTestObject("Modulo Pruebas SST/Crear_una_entidad_de_riesgo_sst/span_1010220596")): Object: 'Object Repository/Modulo Pruebas SST/Crear_una_entidad_de_riesgo_sst/span_1010220596' is clicked on

2021-12-31 13:36:08 - [MESSAGE][PASSED] - Object: 'Object Repository/Modulo Pruebas SST/Crear_una_entidad_de_riesgo_sst/span_1010220596' is clicked on

2021-12-31 13:36:08 - [TEST_STEP][PASSED] - click(findTestObject("Modulo Pruebas SST/Crear_una_entidad_de_riesgo_sst/a_Guardar")): Object: 'Object Repository/Modulo Pruebas SST/Crear_una_entidad_de_riesgo_sst/a_Guardar' is clicked on

2021-12-31 13:36:09 - [MESSAGE][PASSED] - Object: 'Object Repository/Modulo Pruebas SST/Crear_una_entidad_de_riesgo_sst/a_Guardar' is clicked on

2021-12-31 13:36:09 - [TEST_STEP][PASSED] - click(findTestObject("Modulo Pruebas SST/Crear_una_entidad_de_riesgo_sst/a_Personas")): Object: 'Object Repository/Modulo Pruebas SST/Crear_una_entidad_de_riesgo_sst/a_Personas' is clicked on

2021-12-31 13:36:09 - [MESSAGE][PASSED] - Object: 'Object Repository/Modulo Pruebas SST/Crear_una_entidad_de_riesgo_sst/a_Personas' is clicked on

2021-12-31 13:36:09 - [TEST_STEP][PASSED] - click(findTestObject("Modulo Pruebas SST/Crear_una_entidad_de_riesgo_sst/a_Persona_form_detalleEntidadRiesgoj_idt692")): Object: 'Object Repository/Modulo Pruebas SST/Crear_una_entidad_de_riesgo_sst/a_Persona_form_detalleEntidadRiesgoj_idt692' is clicked on

2021-12-31 13:36:10 - [MESSAGE][PASSED] - Object: 'Object Repository/Modulo Pruebas SST/Crear_una_entidad_de_riesgo_sst/a_Persona_form_detalleEntidadRiesgoj_idt692' is clicked on

2021-12-31 13:36:10 - [TEST_STEP][PASSED] - setText(findTestObject("Modulo Pruebas SST/Crear_una_entidad_de_riesgo_sst/input_Filtro Hoja de Vida_formPopupHojaVidaj_idt92700"), "A A A"): Text 'A A A' is set on object 'Object Repository/Modulo Pruebas SST/Crear_una_entidad_de_riesgo_sst/input_Filtro Hoja de Vida_formPopupHojaVidaj_idt92700'

2021-12-31 13:36:11 - [MESSAGE][PASSED] - Text 'A A A' is set on object 'Object Repository/Modulo Pruebas SST/Crear_una_entidad_de_riesgo_sst/input_Filtro Hoja de Vida_formPopupHojaVidaj_idt92700'

2021-12-31 13:36:11 - [TEST_STEP][PASSED] - sendKeys(findTestObject("Modulo Pruebas SST/Crear_una_entidad_de_riesgo_sst/input_Filtro Hoja de Vida_formPopupHojaVidaj_idt92700"), Keys.chord(ENTER)): Keys 'ENTER + ' sent to object: 'Object Repository/Modulo Pruebas SST/Crear_una_entidad_de_riesgo_sst/input_Filtro Hoja de Vida_formPopupHojaVidaj_idt92700'

2021-12-31 13:36:12 - [MESSAGE][PASSED] - Keys 'ENTER + ' sent to object: 'Object Repository/Modulo Pruebas SST/Crear_una_entidad_de_riesgo_sst/input_Filtro Hoja de Vida_formPopupHojaVidaj_idt92700'

2021-12-31 13:36:12 - [TEST_STEP][PASSED] - click(findTestObject("Modulo Pruebas SST/Crear_una_entidad_de_riesgo_sst/span_1010220596")): Object: 'Object Repository/Modulo Pruebas SST/Crear_una_entidad_de_riesgo_sst/span_1010220596' is clicked on

2021-12-31 13:36:12 - [MESSAGE][PASSED] - Object: 'Object Repository/Modulo Pruebas SST/Crear_una_entidad_de_riesgo_sst/span_1010220596' is clicked on

2021-12-31 13:36:12 - [TEST_STEP][PASSED] - click(findTestObject("Modulo Pruebas SST/Crear_una_entidad_de_riesgo_sst/a_Nuevo")): Object: 'Object Repository/Modulo Pruebas SST/Crear_una_entidad_de_riesgo_sst/a_Nuevo' is clicked on

2021-12-31 13:36:13 - [MESSAGE][PASSED] - Object: 'Object Repository/Modulo Pruebas SST/Crear_una_entidad_de_riesgo_sst/a_Nuevo' is clicked on

2021-12-31 13:36:13 - [TEST_STEP][PASSED] - click(findTestObject("Modulo Pruebas SST/Crear_una_entidad_de_riesgo_sst/a_Identificacin_form_popupHojaVidaEntidadj_idt838")): Object: 'Object Repository/Modulo Pruebas SST/Crear_una_entidad_de_riesgo_sst/a_Identificacin_form_popupHojaVidaEntidadj_idt838' is clicked on

2021-12-31 13:36:14 - [MESSAGE][PASSED] - Object: 'Object Repository/Modulo Pruebas SST/Crear_una_entidad_de_riesgo_sst/a_Identificacin_form_popupHojaVidaEntidadj_idt838' is clicked on

2021-12-31 13:36:14 - [TEST_STEP][PASSED] - setText(findTestObject("Modulo Pruebas SST/Crear_una_entidad_de_riesgo_sst/input_Filtro Hoja de Vida_formPopupHojaVidaj_idt92700"), "GUISELL"): Text 'GUISELL' is set on object 'Object Repository/Modulo Pruebas SST/Crear_una_entidad_de_riesgo_sst/input_Filtro Hoja de Vida_formPopupHojaVidaj_idt92700'

2021-12-31 13:36:15 - [MESSAGE][PASSED] - Text 'GUISELL' is set on object 'Object Repository/Modulo Pruebas SST/Crear_una_entidad_de_riesgo_sst/input_Filtro Hoja de Vida_formPopupHojaVidaj_idt92700'

2021-12-31 13:36:15 - [TEST_STEP][PASSED] - sendKeys(findTestObject("Modulo Pruebas SST/Crear_una_entidad_de_riesgo_sst/input_Filtro Hoja de Vida_formPopupHojaVidaj_idt92700"), Keys.chord(ENTER)): Keys 'ENTER + ' sent to object: 'Object Repository/Modulo Pruebas SST/Crear_una_entidad_de_riesgo_sst/input_Filtro Hoja de Vida_formPopupHojaVidaj_idt92700'

2021-12-31 13:36:15 - [MESSAGE][PASSED] - Keys 'ENTER + ' sent to object: 'Object Repository/Modulo Pruebas SST/Crear_una_entidad_de_riesgo_sst/input_Filtro Hoja de Vida_formPopupHojaVidaj_idt92700'

2021-12-31 13:36:15 - [TEST_STEP][PASSED] - click(findTestObject("Modulo Pruebas SST/Crear_una_entidad_de_riesgo_sst/span_Diaz Blanco Guisell")): Object: 'Object Repository/Modulo Pruebas SST/Crear_una_entidad_de_riesgo_sst/span_Diaz Blanco Guisell' is clicked on

2021-12-31 13:36:16 - [MESSAGE][PASSED] - Object: 'Object Repository/Modulo Pruebas SST/Crear_una_entidad_de_riesgo_sst/span_Diaz Blanco Guisell' is clicked on

2021-12-31 13:36:16 - [TEST_STEP][PASSED] - click(findTestObject("Modulo Pruebas SST/Crear_una_entidad_de_riesgo_sst/td_Indefinido")): Object: 'Object Repository/Modulo Pruebas SST/Crear_una_entidad_de_riesgo_sst/td_Indefinido' is clicked on

2021-12-31 13:36:17 - [MESSAGE][PASSED] - Object: 'Object Repository/Modulo Pruebas SST/Crear_una_entidad_de_riesgo_sst/td_Indefinido' is clicked on

2021-12-31 13:36:17 - [TEST_STEP][PASSED] - click(findTestObject("Modulo Pruebas SST/Crear_una_entidad_de_riesgo_sst/a_Guardar")): Object: 'Object Repository/Modulo Pruebas SST/Crear_una_entidad_de_riesgo_sst/a_Guardar' is clicked on

2021-12-31 13:36:18 - [MESSAGE][PASSED] - Object: 'Object Repository/Modulo Pruebas SST/Crear_una_entidad_de_riesgo_sst/a_Guardar' is clicked on

2021-12-31 13:36:18 - [TEST_STEP][PASSED] - click(findTestObject("Modulo Pruebas SST/Crear_una_entidad_de_riesgo_sst/a_Generar")): Object: 'Object Repository/Modulo Pruebas SST/Crear_una_entidad_de_riesgo_sst/a_Generar' is clicked on

2021-12-31 13:36:19 - [MESSAGE][PASSED] - Object: 'Object Repository/Modulo Pruebas SST/Crear_una_entidad_de_riesgo_sst/a_Generar' is clicked on

2021-12-31 13:36:19 - [TEST_STEP][PASSED] - click(findTestObject("Modulo Pruebas SST/Crear_una_entidad_de_riesgo_sst/a_Unidad_form_popupHojaVidaEntidadMasivaj_idt891")): Object: 'Object Repository/Modulo Pruebas SST/Crear_una_entidad_de_riesgo_sst/a_Unidad_form_popupHojaVidaEntidadMasivaj_idt891' is clicked on

2021-12-31 13:36:20 - [MESSAGE][PASSED] - Object: 'Object Repository/Modulo Pruebas SST/Crear_una_entidad_de_riesgo_sst/a_Unidad_form_popupHojaVidaEntidadMasivaj_idt891' is clicked on

2021-12-31 13:36:20 - [TEST_STEP][PASSED] - setText(findTestObject("Modulo Pruebas SST/Crear_una_entidad_de_riesgo_sst/input_Unidad Organizacional_formPopUpUnidaddescripciones"), "a"): Text 'a' is set on object 'Object Repository/Modulo Pruebas SST/Crear_una_entidad_de_riesgo_sst/input_Unidad Organizacional_formPopUpUnidaddescripciones'

2021-12-31 13:36:21 - [MESSAGE][PASSED] - Text 'a' is set on object 'Object Repository/Modulo Pruebas SST/Crear_una_entidad_de_riesgo_sst/input_Unidad Organizacional_formPopUpUnidaddescripciones'

2021-12-31 13:36:21 - [TEST_STEP][PASSED] - sendKeys(findTestObject("Modulo Pruebas SST/Crear_una_entidad_de_riesgo_sst/input_Unidad Organizacional_formPopUpUnidaddescripciones"), Keys.chord(ENTER)): Keys 'ENTER + ' sent to object: 'Object Repository/Modulo Pruebas SST/Crear_una_entidad_de_riesgo_sst/input_Unidad Organizacional_formPopUpUnidaddescripciones'

2021-12-31 13:36:21 - [MESSAGE][PASSED] - Keys 'ENTER + ' sent to object: 'Object Repository/Modulo Pruebas SST/Crear_una_entidad_de_riesgo_sst/input_Unidad Organizacional_formPopUpUnidaddescripciones'

2021-12-31 13:36:21 - [TEST_STEP][PASSED] - click(findTestObject("Modulo Pruebas SST/Crear_una_entidad_de_riesgo_sst/span_ADMINISTRACION")): Object: 'Object Repository/Modulo Pruebas SST/Crear_una_entidad_de_riesgo_sst/span_ADMINISTRACION' is clicked on

2021-12-31 13:36:23 - [MESSAGE][PASSED] - Object: 'Object Repository/Modulo Pruebas SST/Crear_una_entidad_de_riesgo_sst/span_ADMINISTRACION' is clicked on

2021-12-31 13:36:23 - [TEST_STEP][PASSED] - selectOptionByIndex(findTestObject("Modulo Pruebas SST/Crear_una_entidad_de_riesgo_sst/select_Seleccione40 MIL STAFF .  ABOGADO"), 2): All options with index in [2] are selected on object 'Object Repository/Modulo Pruebas SST/Crear_una_entidad_de_riesgo_sst/select_Seleccione40 MIL STAFF .  ABOGADO'

2021-12-31 13:36:25 - [MESSAGE][PASSED] - All options with index in [2] are selected on object 'Object Repository/Modulo Pruebas SST/Crear_una_entidad_de_riesgo_sst/select_Seleccione40 MIL STAFF .  ABOGADO'

2021-12-31 13:36:25 - [TEST_STEP][PASSED] - click(findTestObject("Modulo Pruebas SST/Crear_una_entidad_de_riesgo_sst/a_Buscar")): Object: 'Object Repository/Modulo Pruebas SST/Crear_una_entidad_de_riesgo_sst/a_Buscar' is clicked on

2021-12-31 13:36:25 - [MESSAGE][PASSED] - Object: 'Object Repository/Modulo Pruebas SST/Crear_una_entidad_de_riesgo_sst/a_Buscar' is clicked on

2021-12-31 13:36:25 - [TEST_STEP][PASSED] - click(findTestObject("Modulo Pruebas SST/Crear_una_entidad_de_riesgo_sst/div_Cargo_ui-chkbox-box ui-widget ui-corner-all ui-state-default ui-state-hover")): Object: 'Object Repository/Modulo Pruebas SST/Crear_una_entidad_de_riesgo_sst/div_Cargo_ui-chkbox-box ui-widget ui-corner-all ui-state-default ui-state-hover' is clicked on

2021-12-31 13:36:26 - [MESSAGE][PASSED] - Object: 'Object Repository/Modulo Pruebas SST/Crear_una_entidad_de_riesgo_sst/div_Cargo_ui-chkbox-box ui-widget ui-corner-all ui-state-default ui-state-hover' is clicked on

2021-12-31 13:36:26 - [TEST_STEP][PASSED] - click(findTestObject("Modulo Pruebas SST/Crear_una_entidad_de_riesgo_sst/a_Guardar")): Object: 'Object Repository/Modulo Pruebas SST/Crear_una_entidad_de_riesgo_sst/a_Guardar' is clicked on

2021-12-31 13:36:27 - [MESSAGE][PASSED] - Object: 'Object Repository/Modulo Pruebas SST/Crear_una_entidad_de_riesgo_sst/a_Guardar' is clicked on

2021-12-31 13:36:27 - [TEST_STEP][PASSED] - click(findTestObject("Modulo Pruebas SST/Crear_una_entidad_de_riesgo_sst/a_Elementos")): Object: 'Object Repository/Modulo Pruebas SST/Crear_una_entidad_de_riesgo_sst/a_Elementos' is clicked on

2021-12-31 13:36:28 - [MESSAGE][PASSED] - Object: 'Object Repository/Modulo Pruebas SST/Crear_una_entidad_de_riesgo_sst/a_Elementos' is clicked on

2021-12-31 13:36:28 - [TEST_STEP][PASSED] - delay(3): Delayed 3 second(s)

2021-12-31 13:36:31 - [MESSAGE][PASSED] - Delayed 3 second(s)

2021-12-31 13:36:31 - [TEST_STEP][PASSED] - click(findTestObject("Modulo Pruebas SST/Crear_una_entidad_de_riesgo_sst/a_Recomendacin")): Object: 'Object Repository/Modulo Pruebas SST/Crear_una_entidad_de_riesgo_sst/a_Recomendacin' is clicked on

2021-12-31 13:36:31 - [MESSAGE][PASSED] - Object: 'Object Repository/Modulo Pruebas SST/Crear_una_entidad_de_riesgo_sst/a_Recomendacin' is clicked on

2021-12-31 13:36:31 - [TEST_STEP][PASSED] - click(findTestObject("Modulo Pruebas SST/Crear_una_entidad_de_riesgo_sst/a_Nuevo")): Object: 'Object Repository/Modulo Pruebas SST/Crear_una_entidad_de_riesgo_sst/a_Nuevo' is clicked on

2021-12-31 13:36:32 - [MESSAGE][PASSED] - Object: 'Object Repository/Modulo Pruebas SST/Crear_una_entidad_de_riesgo_sst/a_Nuevo' is clicked on

2021-12-31 13:36:32 - [TEST_STEP][PASSED] - click(findTestObject("Modulo Pruebas SST/Crear_una_entidad_de_riesgo_sst/a_Responsable_form_detalleEntidadRiesgoj_idt774")): Object: 'Object Repository/Modulo Pruebas SST/Crear_una_entidad_de_riesgo_sst/a_Responsable_form_detalleEntidadRiesgoj_idt774' is clicked on

2021-12-31 13:36:33 - [MESSAGE][PASSED] - Object: 'Object Repository/Modulo Pruebas SST/Crear_una_entidad_de_riesgo_sst/a_Responsable_form_detalleEntidadRiesgoj_idt774' is clicked on

2021-12-31 13:36:33 - [TEST_STEP][PASSED] - setText(findTestObject("Modulo Pruebas SST/Crear_una_entidad_de_riesgo_sst/input_Filtro Hoja de Vida_formPopupHojaVidaj_idt9270"), "guisell"): Text 'guisell' is set on object 'Object Repository/Modulo Pruebas SST/Crear_una_entidad_de_riesgo_sst/input_Filtro Hoja de Vida_formPopupHojaVidaj_idt9270'

2021-12-31 13:36:34 - [MESSAGE][PASSED] - Text 'guisell' is set on object 'Object Repository/Modulo Pruebas SST/Crear_una_entidad_de_riesgo_sst/input_Filtro Hoja de Vida_formPopupHojaVidaj_idt9270'

2021-12-31 13:36:34 - [TEST_STEP][PASSED] - sendKeys(findTestObject("Modulo Pruebas SST/Crear_una_entidad_de_riesgo_sst/input_Filtro Hoja de Vida_formPopupHojaVidaj_idt9270"), Keys.chord(ENTER)): Keys 'ENTER + ' sent to object: 'Object Repository/Modulo Pruebas SST/Crear_una_entidad_de_riesgo_sst/input_Filtro Hoja de Vida_formPopupHojaVidaj_idt9270'

2021-12-31 13:36:34 - [MESSAGE][PASSED] - Keys 'ENTER + ' sent to object: 'Object Repository/Modulo Pruebas SST/Crear_una_entidad_de_riesgo_sst/input_Filtro Hoja de Vida_formPopupHojaVidaj_idt9270'

2021-12-31 13:36:34 - [TEST_STEP][PASSED] - click(findTestObject("Modulo Pruebas SST/Crear_una_entidad_de_riesgo_sst/span_1057596487")): Object: 'Object Repository/Modulo Pruebas SST/Crear_una_entidad_de_riesgo_sst/span_1057596487' is clicked on

2021-12-31 13:36:35 - [MESSAGE][PASSED] - Object: 'Object Repository/Modulo Pruebas SST/Crear_una_entidad_de_riesgo_sst/span_1057596487' is clicked on

2021-12-31 13:36:35 - [TEST_STEP][PASSED] - setText(findTestObject("Modulo Pruebas SST/Crear_una_entidad_de_riesgo_sst/input_Fecha de Implementacin_form_detalleEntidadRiesgofecharecomendacionr_input"), "01/07/2021"): Text '01/07/2021' is set on object 'Object Repository/Modulo Pruebas SST/Crear_una_entidad_de_riesgo_sst/input_Fecha de Implementacin_form_detalleEntidadRiesgofecharecomendacionr_input'

2021-12-31 13:36:36 - [MESSAGE][PASSED] - Text '01/07/2021' is set on object 'Object Repository/Modulo Pruebas SST/Crear_una_entidad_de_riesgo_sst/input_Fecha de Implementacin_form_detalleEntidadRiesgofecharecomendacionr_input'

2021-12-31 13:36:36 - [TEST_STEP][PASSED] - setText(findTestObject("Modulo Pruebas SST/Crear_una_entidad_de_riesgo_sst/textarea_Observacin_form_detalleEntidadRiesgoobservacionr"), "pruebas katalon"): Text 'pruebas katalon' is set on object 'Object Repository/Modulo Pruebas SST/Crear_una_entidad_de_riesgo_sst/textarea_Observacin_form_detalleEntidadRiesgoobservacionr'

2021-12-31 13:36:37 - [MESSAGE][PASSED] - Text 'pruebas katalon' is set on object 'Object Repository/Modulo Pruebas SST/Crear_una_entidad_de_riesgo_sst/textarea_Observacin_form_detalleEntidadRiesgoobservacionr'

2021-12-31 13:36:37 - [TEST_STEP][PASSED] - setText(findTestObject("Modulo Pruebas SST/Crear_una_entidad_de_riesgo_sst/input_Nombre_form_detalleEntidadRiesgonombrerecomendacionr"), "pruebas katalon"): Text 'pruebas katalon' is set on object 'Object Repository/Modulo Pruebas SST/Crear_una_entidad_de_riesgo_sst/input_Nombre_form_detalleEntidadRiesgonombrerecomendacionr'

2021-12-31 13:36:38 - [MESSAGE][PASSED] - Text 'pruebas katalon' is set on object 'Object Repository/Modulo Pruebas SST/Crear_una_entidad_de_riesgo_sst/input_Nombre_form_detalleEntidadRiesgonombrerecomendacionr'

2021-12-31 13:36:38 - [TEST_STEP][PASSED] - click(findTestObject("Modulo Pruebas SST/Crear_una_entidad_de_riesgo_sst/a_Guardar")): Object: 'Object Repository/Modulo Pruebas SST/Crear_una_entidad_de_riesgo_sst/a_Guardar' is clicked on

2021-12-31 13:36:39 - [MESSAGE][PASSED] - Object: 'Object Repository/Modulo Pruebas SST/Crear_una_entidad_de_riesgo_sst/a_Guardar' is clicked on

2021-12-31 13:36:39 - [TEST_STEP][PASSED] - click(findTestObject("Modulo Pruebas SST/Crear_una_entidad_de_riesgo_sst/a_Seguimiento")): Object: 'Object Repository/Modulo Pruebas SST/Crear_una_entidad_de_riesgo_sst/a_Seguimiento' is clicked on

2021-12-31 13:36:39 - [MESSAGE][PASSED] - Object: 'Object Repository/Modulo Pruebas SST/Crear_una_entidad_de_riesgo_sst/a_Seguimiento' is clicked on

2021-12-31 13:36:39 - [TEST_STEP][PASSED] - click(findTestObject("Modulo Pruebas SST/Crear_una_entidad_de_riesgo_sst/td_DIAZ BLANCO GUISELL")): Object: 'Object Repository/Modulo Pruebas SST/Crear_una_entidad_de_riesgo_sst/td_DIAZ BLANCO GUISELL' is clicked on

2021-12-31 13:36:40 - [MESSAGE][PASSED] - Object: 'Object Repository/Modulo Pruebas SST/Crear_una_entidad_de_riesgo_sst/td_DIAZ BLANCO GUISELL' is clicked on

2021-12-31 13:36:40 - [TEST_STEP][PASSED] - setText(findTestObject("Modulo Pruebas SST/Crear_una_entidad_de_riesgo_sst/input_Fecha de Seguimiento_form_detalleEntidadRiesgofechaseguimientoreal_input"), "01/08/2021"): Text '01/08/2021' is set on object 'Object Repository/Modulo Pruebas SST/Crear_una_entidad_de_riesgo_sst/input_Fecha de Seguimiento_form_detalleEntidadRiesgofechaseguimientoreal_input'

2021-12-31 13:36:41 - [MESSAGE][PASSED] - Text '01/08/2021' is set on object 'Object Repository/Modulo Pruebas SST/Crear_una_entidad_de_riesgo_sst/input_Fecha de Seguimiento_form_detalleEntidadRiesgofechaseguimientoreal_input'

2021-12-31 13:36:41 - [TEST_STEP][PASSED] - setText(findTestObject("Modulo Pruebas SST/Crear_una_entidad_de_riesgo_sst/textarea_Observacin_form_detalleEntidadRiesgoobservacions"), "pruebas katalon"): Text 'pruebas katalon' is set on object 'Object Repository/Modulo Pruebas SST/Crear_una_entidad_de_riesgo_sst/textarea_Observacin_form_detalleEntidadRiesgoobservacions'

2021-12-31 13:36:42 - [MESSAGE][PASSED] - Text 'pruebas katalon' is set on object 'Object Repository/Modulo Pruebas SST/Crear_una_entidad_de_riesgo_sst/textarea_Observacin_form_detalleEntidadRiesgoobservacions'

2021-12-31 13:36:42 - [TEST_STEP][PASSED] - click(findTestObject("Modulo Pruebas SST/Crear_una_entidad_de_riesgo_sst/a_Guardar")): Object: 'Object Repository/Modulo Pruebas SST/Crear_una_entidad_de_riesgo_sst/a_Guardar' is clicked on

2021-12-31 13:36:42 - [MESSAGE][PASSED] - Object: 'Object Repository/Modulo Pruebas SST/Crear_una_entidad_de_riesgo_sst/a_Guardar' is clicked on

2021-12-31 13:36:42 - [TEST_STEP][PASSED] - closeBrowser(): Browser is closed

2021-12-31 13:36:43 - [MESSAGE][PASSED] - Browser is closed]]></system-out>
         <system-err><![CDATA[]]></system-err>
      </testcase>
      <testcase name="Test Cases/5.1-Pruebas_SST/5.1.7-Crear_un_Sistema_de_Vigilancia_Epidemiologica" time="76.185" classname="Test Cases/5.1-Pruebas_SST/5.1.7-Crear_un_Sistema_de_Vigilancia_Epidemiologica" status="PASSED">
         <system-out><![CDATA[2021-12-31 13:36:43 - [TEST_CASE][PASSED] - Test Cases/5.1-Pruebas_SST/5.1.7-Crear_un_Sistema_de_Vigilancia_Epidemiologica: Test Cases/5.1-Pruebas_SST/5.1.7-Crear_un_Sistema_de_Vigilancia_Epidemiologica

2021-12-31 13:36:44 - [TEST_STEP][PASSED] - today = new java.util.Date(): null

2021-12-31 13:36:44 - [TEST_STEP][PASSED] - todaysDate = today.format("dd/MM/yyyy HH:mm"): null

2021-12-31 13:36:44 - [TEST_STEP][PASSED] - comment("FALTA CONDICION PARA ELIMINAR REGISTRO."): FALTA CONDICION PARA ELIMINAR REGISTRO.

2021-12-31 13:36:44 - [MESSAGE][INFO] - FALTA CONDICION PARA ELIMINAR REGISTRO.

2021-12-31 13:36:44 - [TEST_STEP][PASSED] - comment("conflicto con base de datos no permite eliminar registro"): conflicto con base de datos no permite eliminar registro

2021-12-31 13:36:44 - [MESSAGE][INFO] - conflicto con base de datos no permite eliminar registro

2021-12-31 13:36:44 - [TEST_STEP][PASSED] - callTestCase(findTestCase("0.1-Login"), [:], STOP_ON_FAILURE): Call Test Case 'Test Cases/0.1-Login' successfully

2021-12-31 13:36:44 - [TEST_CASE][PASSED] - Test Cases/0.1-Login: Test Cases/0.1-Login

2021-12-31 13:36:44 - [TEST_STEP][PASSED] - openBrowser(""): Browser is opened with url: ''

2021-12-31 13:36:44 - [MESSAGE][INFO] - Starting 'Chrome' driver

2021-12-31 13:36:44 - [MESSAGE][INFO] - Action delay is set to 0 milliseconds

2021-12-31 13:36:45 - [MESSAGE][PASSED] - Browser is opened with url: ''

2021-12-31 13:36:45 - [TEST_STEP][PASSED] - maximizeWindow(): Current window maximized

2021-12-31 13:36:45 - [MESSAGE][PASSED] - Current window maximized

2021-12-31 13:36:45 - [TEST_STEP][PASSED] - i = G_Login: null

2021-12-31 13:36:45 - [TEST_STEP][PASSED] - url = new java.net.URL(i): null

2021-12-31 13:36:45 - [TEST_STEP][PASSED] - println("URL: " + url.toString()): null

2021-12-31 13:36:45 - [TEST_STEP][PASSED] - connection = url.openConnection(): null

2021-12-31 13:36:45 - [TEST_STEP][PASSED] - connection.setRequestMethod("GET"): null

2021-12-31 13:36:45 - [TEST_STEP][PASSED] - connection.setReadTimeout(2 * 1000): null

2021-12-31 13:36:45 - [TEST_STEP][PASSED] - try: null

2021-12-31 13:36:45 - [TEST_STEP][PASSED] - connection.connect(): null

2021-12-31 13:36:45 - [TEST_STEP][PASSED] - flag = connected: null

2021-12-31 13:36:45 - [TEST_STEP][PASSED] - println("Valor_ori: " + flag): null

2021-12-31 13:36:45 - [TEST_STEP][PASSED] - if (flag): null

2021-12-31 13:36:45 - [TEST_STEP][PASSED] - navigateToUrl(i): Navigate to 'http://192.168.2.80:8380/saraweb' successfully

2021-12-31 13:36:45 - [MESSAGE][PASSED] - Navigate to 'http://192.168.2.80:8380/saraweb' successfully

2021-12-31 13:36:45 - [TEST_STEP][PASSED] - a(): null

2021-12-31 13:36:45 - [TEST_STEP][PASSED] - setText(findTestObject("Login/input_USUARIO_loginusuario"), G_Usuario): Text 'saraadmin' is set on object 'Object Repository/Login/input_USUARIO_loginusuario'

2021-12-31 13:36:46 - [MESSAGE][PASSED] - Text 'saraadmin' is set on object 'Object Repository/Login/input_USUARIO_loginusuario'

2021-12-31 13:36:46 - [TEST_STEP][PASSED] - setEncryptedText(findTestObject("Login/input_CLAVE_loginpassword"), "MkG4/TYiCFC3cb2driP7+Q=="): Text ****** has been set on object 'Object Repository/Login/input_CLAVE_loginpassword'

2021-12-31 13:36:47 - [MESSAGE][PASSED] - Text ****** has been set on object 'Object Repository/Login/input_CLAVE_loginpassword'

2021-12-31 13:36:47 - [TEST_STEP][PASSED] - waitForElementClickable(findTestObject("Login/a_Ingresar"), G_TimeOut): Object 'Object Repository/Login/a_Ingresar' is clickable

2021-12-31 13:36:47 - [MESSAGE][PASSED] - Object 'Object Repository/Login/a_Ingresar' is clickable

2021-12-31 13:36:47 - [TEST_STEP][PASSED] - click(findTestObject("Login/a_Ingresar")): Object: 'Object Repository/Login/a_Ingresar' is clicked on

2021-12-31 13:36:49 - [MESSAGE][PASSED] - Object: 'Object Repository/Login/a_Ingresar' is clicked on

2021-12-31 13:36:49 - [TEST_STEP][PASSED] - element = findWebElement(findTestObject("Login/a_Ir"), 30): null

2021-12-31 13:36:50 - [TEST_STEP][PASSED] - executeJavaScript("arguments[0].click()", Arrays.asList(element)): Execute JavaScript 'arguments[0].click()' successfully

2021-12-31 13:36:50 - [MESSAGE][PASSED] - Execute JavaScript 'arguments[0].click()' successfully

2021-12-31 13:36:50 - [MESSAGE][PASSED] - Call Test Case 'Test Cases/0.1-Login' successfully

2021-12-31 13:36:50 - [TEST_STEP][PASSED] - setText(findTestObject("Modulo Pruebas SST/Crear_un_Sistema_de_Vigilancia_Epidemiologica/input_Entidad de Riesgo_form_templatej_idt24_input"), "vigilancia epidemiologica"): Text 'vigilancia epidemiologica' is set on object 'Object Repository/Modulo Pruebas SST/Crear_un_Sistema_de_Vigilancia_Epidemiologica/input_Entidad de Riesgo_form_templatej_idt24_input'

2021-12-31 13:36:51 - [MESSAGE][PASSED] - Text 'vigilancia epidemiologica' is set on object 'Object Repository/Modulo Pruebas SST/Crear_un_Sistema_de_Vigilancia_Epidemiologica/input_Entidad de Riesgo_form_templatej_idt24_input'

2021-12-31 13:36:51 - [TEST_STEP][PASSED] - click(findTestObject("Modulo Pruebas SST/Crear_un_Sistema_de_Vigilancia_Epidemiologica/li_Programas de Vigilancia Epidemiologica (sst)")): Object: 'Object Repository/Modulo Pruebas SST/Crear_un_Sistema_de_Vigilancia_Epidemiologica/li_Programas de Vigilancia Epidemiologica (sst)' is clicked on

2021-12-31 13:36:52 - [MESSAGE][PASSED] - Object: 'Object Repository/Modulo Pruebas SST/Crear_un_Sistema_de_Vigilancia_Epidemiologica/li_Programas de Vigilancia Epidemiologica (sst)' is clicked on

2021-12-31 13:36:52 - [TEST_STEP][PASSED] - click(findTestObject("Modulo Pruebas SST/Crear_un_Sistema_de_Vigilancia_Epidemiologica/td_PRUEBAS K")): Object: 'Object Repository/Modulo Pruebas SST/Crear_un_Sistema_de_Vigilancia_Epidemiologica/td_PRUEBAS K' is clicked on

2021-12-31 13:36:54 - [MESSAGE][PASSED] - Object: 'Object Repository/Modulo Pruebas SST/Crear_un_Sistema_de_Vigilancia_Epidemiologica/td_PRUEBAS K' is clicked on

2021-12-31 13:36:54 - [TEST_STEP][PASSED] - click(findTestObject("Modulo Pruebas SST/Crear_un_Sistema_de_Vigilancia_Epidemiologica/a_Nuevo0")): Object: 'Object Repository/Modulo Pruebas SST/Crear_un_Sistema_de_Vigilancia_Epidemiologica/a_Nuevo0' is clicked on

2021-12-31 13:36:56 - [MESSAGE][PASSED] - Object: 'Object Repository/Modulo Pruebas SST/Crear_un_Sistema_de_Vigilancia_Epidemiologica/a_Nuevo0' is clicked on

2021-12-31 13:36:56 - [TEST_STEP][PASSED] - selectOptionByIndex(findTestObject("Modulo Pruebas SST/Crear_un_Sistema_de_Vigilancia_Epidemiologica/select_--Seleccione--PRUEBAS KATALON"), "1"): All options with index in [1] are selected on object 'Object Repository/Modulo Pruebas SST/Crear_un_Sistema_de_Vigilancia_Epidemiologica/select_--Seleccione--PRUEBAS KATALON'

2021-12-31 13:36:57 - [MESSAGE][PASSED] - All options with index in [1] are selected on object 'Object Repository/Modulo Pruebas SST/Crear_un_Sistema_de_Vigilancia_Epidemiologica/select_--Seleccione--PRUEBAS KATALON'

2021-12-31 13:36:57 - [TEST_STEP][PASSED] - setText(findTestObject("Modulo Pruebas SST/Crear_un_Sistema_de_Vigilancia_Epidemiologica/input_Descripcin_form_programaVigilanciatabdescripcion"), "pruebas k " + todaysDate): Text 'pruebas k 31/12/2021 13:36' is set on object 'Object Repository/Modulo Pruebas SST/Crear_un_Sistema_de_Vigilancia_Epidemiologica/input_Descripcin_form_programaVigilanciatabdescripcion'

2021-12-31 13:36:58 - [MESSAGE][PASSED] - Text 'pruebas k 31/12/2021 13:36' is set on object 'Object Repository/Modulo Pruebas SST/Crear_un_Sistema_de_Vigilancia_Epidemiologica/input_Descripcin_form_programaVigilanciatabdescripcion'

2021-12-31 13:36:58 - [TEST_STEP][PASSED] - click(findTestObject("Modulo Pruebas SST/Crear_un_Sistema_de_Vigilancia_Epidemiologica/label_SI")): Object: 'Object Repository/Modulo Pruebas SST/Crear_un_Sistema_de_Vigilancia_Epidemiologica/label_SI' is clicked on

2021-12-31 13:36:58 - [MESSAGE][PASSED] - Object: 'Object Repository/Modulo Pruebas SST/Crear_un_Sistema_de_Vigilancia_Epidemiologica/label_SI' is clicked on

2021-12-31 13:36:58 - [TEST_STEP][PASSED] - click(findTestObject("Modulo Pruebas SST/Crear_un_Sistema_de_Vigilancia_Epidemiologica/a_Guardar")): Object: 'Object Repository/Modulo Pruebas SST/Crear_un_Sistema_de_Vigilancia_Epidemiologica/a_Guardar' is clicked on

2021-12-31 13:36:59 - [MESSAGE][PASSED] - Object: 'Object Repository/Modulo Pruebas SST/Crear_un_Sistema_de_Vigilancia_Epidemiologica/a_Guardar' is clicked on

2021-12-31 13:36:59 - [TEST_STEP][PASSED] - click(findTestObject("Modulo Pruebas SST/Crear_un_Sistema_de_Vigilancia_Epidemiologica/a_Personas")): Object: 'Object Repository/Modulo Pruebas SST/Crear_un_Sistema_de_Vigilancia_Epidemiologica/a_Personas' is clicked on

2021-12-31 13:37:00 - [MESSAGE][PASSED] - Object: 'Object Repository/Modulo Pruebas SST/Crear_un_Sistema_de_Vigilancia_Epidemiologica/a_Personas' is clicked on

2021-12-31 13:37:00 - [TEST_STEP][PASSED] - click(findTestObject("Modulo Pruebas SST/Crear_un_Sistema_de_Vigilancia_Epidemiologica/a_Nuevo_personas")): Object: 'Object Repository/Modulo Pruebas SST/Crear_un_Sistema_de_Vigilancia_Epidemiologica/a_Nuevo_personas' is clicked on

2021-12-31 13:37:01 - [MESSAGE][PASSED] - Object: 'Object Repository/Modulo Pruebas SST/Crear_un_Sistema_de_Vigilancia_Epidemiologica/a_Nuevo_personas' is clicked on

2021-12-31 13:37:01 - [TEST_STEP][PASSED] - selectOptionByIndex(findTestObject("Modulo Pruebas SST/Crear_un_Sistema_de_Vigilancia_Epidemiologica/select_SeleccioneSEDE NORTESEDE OCCIDENTESEDE SUR"), 1): All options with index in [1] are selected on object 'Object Repository/Modulo Pruebas SST/Crear_un_Sistema_de_Vigilancia_Epidemiologica/select_SeleccioneSEDE NORTESEDE OCCIDENTESEDE SUR'

2021-12-31 13:37:03 - [MESSAGE][PASSED] - All options with index in [1] are selected on object 'Object Repository/Modulo Pruebas SST/Crear_un_Sistema_de_Vigilancia_Epidemiologica/select_SeleccioneSEDE NORTESEDE OCCIDENTESEDE SUR'

2021-12-31 13:37:03 - [TEST_STEP][PASSED] - click(findTestObject("Modulo Pruebas SST/Crear_un_Sistema_de_Vigilancia_Epidemiologica/a_Identificacin_form_popupInscritostabj_idt117")): Object: 'Object Repository/Modulo Pruebas SST/Crear_un_Sistema_de_Vigilancia_Epidemiologica/a_Identificacin_form_popupInscritostabj_idt117' is clicked on

2021-12-31 13:37:03 - [MESSAGE][PASSED] - Object: 'Object Repository/Modulo Pruebas SST/Crear_un_Sistema_de_Vigilancia_Epidemiologica/a_Identificacin_form_popupInscritostabj_idt117' is clicked on

2021-12-31 13:37:03 - [TEST_STEP][PASSED] - setText(findTestObject("Modulo Pruebas SST/Crear_un_Sistema_de_Vigilancia_Epidemiologica/input_Filtro Hoja de Vida_formPopupHojaVidaj_idt1722"), "A A A"): Text 'A A A' is set on object 'Object Repository/Modulo Pruebas SST/Crear_un_Sistema_de_Vigilancia_Epidemiologica/input_Filtro Hoja de Vida_formPopupHojaVidaj_idt1722'

2021-12-31 13:37:05 - [MESSAGE][PASSED] - Text 'A A A' is set on object 'Object Repository/Modulo Pruebas SST/Crear_un_Sistema_de_Vigilancia_Epidemiologica/input_Filtro Hoja de Vida_formPopupHojaVidaj_idt1722'

2021-12-31 13:37:05 - [TEST_STEP][PASSED] - sendKeys(findTestObject("Modulo Pruebas SST/Crear_un_Sistema_de_Vigilancia_Epidemiologica/input_Filtro Hoja de Vida_formPopupHojaVidaj_idt1722"), Keys.chord(ENTER)): Keys 'ENTER + ' sent to object: 'Object Repository/Modulo Pruebas SST/Crear_un_Sistema_de_Vigilancia_Epidemiologica/input_Filtro Hoja de Vida_formPopupHojaVidaj_idt1722'

2021-12-31 13:37:05 - [MESSAGE][PASSED] - Keys 'ENTER + ' sent to object: 'Object Repository/Modulo Pruebas SST/Crear_un_Sistema_de_Vigilancia_Epidemiologica/input_Filtro Hoja de Vida_formPopupHojaVidaj_idt1722'

2021-12-31 13:37:05 - [TEST_STEP][PASSED] - click(findTestObject("Modulo Pruebas SST/Crear_un_Sistema_de_Vigilancia_Epidemiologica/td_A A A")): Object: 'Object Repository/Modulo Pruebas SST/Crear_un_Sistema_de_Vigilancia_Epidemiologica/td_A A A' is clicked on

2021-12-31 13:37:06 - [MESSAGE][PASSED] - Object: 'Object Repository/Modulo Pruebas SST/Crear_un_Sistema_de_Vigilancia_Epidemiologica/td_A A A' is clicked on

2021-12-31 13:37:06 - [TEST_STEP][PASSED] - selectOptionByIndex(findTestObject("Modulo Pruebas SST/Crear_un_Sistema_de_Vigilancia_Epidemiologica/select_SeleccioneAula InteligenteSala de JuntasSalon ExternoSalon Principal"), 1): All options with index in [1] are selected on object 'Object Repository/Modulo Pruebas SST/Crear_un_Sistema_de_Vigilancia_Epidemiologica/select_SeleccioneAula InteligenteSala de JuntasSalon ExternoSalon Principal'

2021-12-31 13:37:08 - [MESSAGE][PASSED] - All options with index in [1] are selected on object 'Object Repository/Modulo Pruebas SST/Crear_un_Sistema_de_Vigilancia_Epidemiologica/select_SeleccioneAula InteligenteSala de JuntasSalon ExternoSalon Principal'

2021-12-31 13:37:08 - [TEST_STEP][PASSED] - click(findTestObject("Modulo Pruebas SST/Crear_un_Sistema_de_Vigilancia_Epidemiologica/span_Remitido EPS_ui-chkbox-icon ui-icon ui-icon-blank ui-c")): Object: 'Object Repository/Modulo Pruebas SST/Crear_un_Sistema_de_Vigilancia_Epidemiologica/span_Remitido EPS_ui-chkbox-icon ui-icon ui-icon-blank ui-c' is clicked on

2021-12-31 13:37:09 - [MESSAGE][PASSED] - Object: 'Object Repository/Modulo Pruebas SST/Crear_un_Sistema_de_Vigilancia_Epidemiologica/span_Remitido EPS_ui-chkbox-icon ui-icon ui-icon-blank ui-c' is clicked on

2021-12-31 13:37:09 - [TEST_STEP][PASSED] - setText(findTestObject("Modulo Pruebas SST/Crear_un_Sistema_de_Vigilancia_Epidemiologica/textarea_Observacin_form_popupInscritostabobservacion"), "pruebas k"): Text 'pruebas k' is set on object 'Object Repository/Modulo Pruebas SST/Crear_un_Sistema_de_Vigilancia_Epidemiologica/textarea_Observacin_form_popupInscritostabobservacion'

2021-12-31 13:37:10 - [MESSAGE][PASSED] - Text 'pruebas k' is set on object 'Object Repository/Modulo Pruebas SST/Crear_un_Sistema_de_Vigilancia_Epidemiologica/textarea_Observacin_form_popupInscritostabobservacion'

2021-12-31 13:37:10 - [TEST_STEP][PASSED] - click(findTestObject("Modulo Pruebas SST/Crear_un_Sistema_de_Vigilancia_Epidemiologica/a_Guardar")): Object: 'Object Repository/Modulo Pruebas SST/Crear_un_Sistema_de_Vigilancia_Epidemiologica/a_Guardar' is clicked on

2021-12-31 13:37:10 - [MESSAGE][PASSED] - Object: 'Object Repository/Modulo Pruebas SST/Crear_un_Sistema_de_Vigilancia_Epidemiologica/a_Guardar' is clicked on

2021-12-31 13:37:10 - [TEST_STEP][PASSED] - click(findTestObject("Modulo Pruebas SST/Crear_un_Sistema_de_Vigilancia_Epidemiologica/a_Grupos")): Object: 'Object Repository/Modulo Pruebas SST/Crear_un_Sistema_de_Vigilancia_Epidemiologica/a_Grupos' is clicked on

2021-12-31 13:37:11 - [MESSAGE][PASSED] - Object: 'Object Repository/Modulo Pruebas SST/Crear_un_Sistema_de_Vigilancia_Epidemiologica/a_Grupos' is clicked on

2021-12-31 13:37:11 - [TEST_STEP][PASSED] - click(findTestObject("Modulo Pruebas SST/Crear_un_Sistema_de_Vigilancia_Epidemiologica/a_Personas Entidad de Riesgo")): Object: 'Object Repository/Modulo Pruebas SST/Crear_un_Sistema_de_Vigilancia_Epidemiologica/a_Personas Entidad de Riesgo' is clicked on

2021-12-31 13:37:12 - [MESSAGE][PASSED] - Object: 'Object Repository/Modulo Pruebas SST/Crear_un_Sistema_de_Vigilancia_Epidemiologica/a_Personas Entidad de Riesgo' is clicked on

2021-12-31 13:37:12 - [TEST_STEP][PASSED] - selectOptionByIndex(findTestObject("Modulo Pruebas SST/Crear_un_Sistema_de_Vigilancia_Epidemiologica/select_Seleccione234ENTIDAD DE RIESGO 01idad y Salud en el Trabajo"), 26): All options with index in [26] are selected on object 'Object Repository/Modulo Pruebas SST/Crear_un_Sistema_de_Vigilancia_Epidemiologica/select_Seleccione234ENTIDAD DE RIESGO 01idad y Salud en el Trabajo'

2021-12-31 13:37:14 - [MESSAGE][PASSED] - All options with index in [26] are selected on object 'Object Repository/Modulo Pruebas SST/Crear_un_Sistema_de_Vigilancia_Epidemiologica/select_Seleccione234ENTIDAD DE RIESGO 01idad y Salud en el Trabajo'

2021-12-31 13:37:14 - [TEST_STEP][PASSED] - click(findTestObject("Modulo Pruebas SST/Crear_un_Sistema_de_Vigilancia_Epidemiologica/div_DIAZ BLANCO GUISELL_ui-chkbox-box ui-widget ui-corner-all ui-state-default ui-state-hover")): Object: 'Object Repository/Modulo Pruebas SST/Crear_un_Sistema_de_Vigilancia_Epidemiologica/div_DIAZ BLANCO GUISELL_ui-chkbox-box ui-widget ui-corner-all ui-state-default ui-state-hover' is clicked on

2021-12-31 13:37:14 - [MESSAGE][PASSED] - Object: 'Object Repository/Modulo Pruebas SST/Crear_un_Sistema_de_Vigilancia_Epidemiologica/div_DIAZ BLANCO GUISELL_ui-chkbox-box ui-widget ui-corner-all ui-state-default ui-state-hover' is clicked on

2021-12-31 13:37:14 - [TEST_STEP][PASSED] - click(findTestObject("Modulo Pruebas SST/Crear_un_Sistema_de_Vigilancia_Epidemiologica/div_CONSTA BELFEGORD  JHON1393138_ui-chkbox-box ui-widget ui-corner-all ui-state-default ui-state-hover")): Object: 'Object Repository/Modulo Pruebas SST/Crear_un_Sistema_de_Vigilancia_Epidemiologica/div_CONSTA BELFEGORD  JHON1393138_ui-chkbox-box ui-widget ui-corner-all ui-state-default ui-state-hover' is clicked on

2021-12-31 13:37:15 - [MESSAGE][PASSED] - Object: 'Object Repository/Modulo Pruebas SST/Crear_un_Sistema_de_Vigilancia_Epidemiologica/div_CONSTA BELFEGORD  JHON1393138_ui-chkbox-box ui-widget ui-corner-all ui-state-default ui-state-hover' is clicked on

2021-12-31 13:37:15 - [TEST_STEP][PASSED] - click(findTestObject("Modulo Pruebas SST/Crear_un_Sistema_de_Vigilancia_Epidemiologica/a_Enviar")): Object: 'Object Repository/Modulo Pruebas SST/Crear_un_Sistema_de_Vigilancia_Epidemiologica/a_Enviar' is clicked on

2021-12-31 13:37:16 - [MESSAGE][PASSED] - Object: 'Object Repository/Modulo Pruebas SST/Crear_un_Sistema_de_Vigilancia_Epidemiologica/a_Enviar' is clicked on

2021-12-31 13:37:16 - [TEST_STEP][PASSED] - sendKeys(findTestObject("Modulo Pruebas SST/Crear_un_Sistema_de_Vigilancia_Epidemiologica/input_Fecha Inscripcin_form_popupInscritostabinicio_input"), Keys.chord(ESCAPE)): Keys 'ESCAPE + ' sent to object: 'Object Repository/Modulo Pruebas SST/Crear_un_Sistema_de_Vigilancia_Epidemiologica/input_Fecha Inscripcin_form_popupInscritostabinicio_input'

2021-12-31 13:37:17 - [MESSAGE][PASSED] - Keys 'ESCAPE + ' sent to object: 'Object Repository/Modulo Pruebas SST/Crear_un_Sistema_de_Vigilancia_Epidemiologica/input_Fecha Inscripcin_form_popupInscritostabinicio_input'

2021-12-31 13:37:17 - [TEST_STEP][PASSED] - setText(findTestObject("Modulo Pruebas SST/Crear_un_Sistema_de_Vigilancia_Epidemiologica/textarea_Observacin_form_popupInscritostabobservacion"), "pruebas k"): Text 'pruebas k' is set on object 'Object Repository/Modulo Pruebas SST/Crear_un_Sistema_de_Vigilancia_Epidemiologica/textarea_Observacin_form_popupInscritostabobservacion'

2021-12-31 13:37:18 - [MESSAGE][PASSED] - Text 'pruebas k' is set on object 'Object Repository/Modulo Pruebas SST/Crear_un_Sistema_de_Vigilancia_Epidemiologica/textarea_Observacin_form_popupInscritostabobservacion'

2021-12-31 13:37:18 - [TEST_STEP][PASSED] - click(findTestObject("Modulo Pruebas SST/Crear_un_Sistema_de_Vigilancia_Epidemiologica/a_Guardar")): Object: 'Object Repository/Modulo Pruebas SST/Crear_un_Sistema_de_Vigilancia_Epidemiologica/a_Guardar' is clicked on

2021-12-31 13:37:18 - [MESSAGE][PASSED] - Object: 'Object Repository/Modulo Pruebas SST/Crear_un_Sistema_de_Vigilancia_Epidemiologica/a_Guardar' is clicked on

2021-12-31 13:37:18 - [TEST_STEP][PASSED] - click(findTestObject("Modulo Pruebas SST/Crear_un_Sistema_de_Vigilancia_Epidemiologica/td_PRUEBAS K")): Object: 'Object Repository/Modulo Pruebas SST/Crear_un_Sistema_de_Vigilancia_Epidemiologica/td_PRUEBAS K' is clicked on

2021-12-31 13:37:19 - [MESSAGE][PASSED] - Object: 'Object Repository/Modulo Pruebas SST/Crear_un_Sistema_de_Vigilancia_Epidemiologica/td_PRUEBAS K' is clicked on

2021-12-31 13:37:19 - [TEST_STEP][PASSED] - click(findTestObject("Modulo Pruebas SST/Crear_un_Sistema_de_Vigilancia_Epidemiologica/a_Recomendaciones")): Object: 'Object Repository/Modulo Pruebas SST/Crear_un_Sistema_de_Vigilancia_Epidemiologica/a_Recomendaciones' is clicked on

2021-12-31 13:37:20 - [MESSAGE][PASSED] - Object: 'Object Repository/Modulo Pruebas SST/Crear_un_Sistema_de_Vigilancia_Epidemiologica/a_Recomendaciones' is clicked on

2021-12-31 13:37:20 - [TEST_STEP][PASSED] - click(findTestObject("Modulo Pruebas SST/Crear_un_Sistema_de_Vigilancia_Epidemiologica/a_Nuevo")): Object: 'Object Repository/Modulo Pruebas SST/Crear_un_Sistema_de_Vigilancia_Epidemiologica/a_Nuevo' is clicked on

2021-12-31 13:37:20 - [MESSAGE][PASSED] - Object: 'Object Repository/Modulo Pruebas SST/Crear_un_Sistema_de_Vigilancia_Epidemiologica/a_Nuevo' is clicked on

2021-12-31 13:37:20 - [TEST_STEP][PASSED] - selectOptionByIndex(findTestObject("Modulo Pruebas SST/Crear_un_Sistema_de_Vigilancia_Epidemiologica/select_ActivoCanceladoCumplidoNo Cumplido"), 0): All options with index in [0] are selected on object 'Object Repository/Modulo Pruebas SST/Crear_un_Sistema_de_Vigilancia_Epidemiologica/select_ActivoCanceladoCumplidoNo Cumplido'

2021-12-31 13:37:22 - [MESSAGE][PASSED] - All options with index in [0] are selected on object 'Object Repository/Modulo Pruebas SST/Crear_un_Sistema_de_Vigilancia_Epidemiologica/select_ActivoCanceladoCumplidoNo Cumplido'

2021-12-31 13:37:22 - [TEST_STEP][PASSED] - selectOptionByIndex(findTestObject("Modulo Pruebas SST/Crear_un_Sistema_de_Vigilancia_Epidemiologica/select_-- SELECCIONAR --Trate de no correr"), 1): All options with index in [1] are selected on object 'Object Repository/Modulo Pruebas SST/Crear_un_Sistema_de_Vigilancia_Epidemiologica/select_-- SELECCIONAR --Trate de no correr'

2021-12-31 13:37:23 - [MESSAGE][PASSED] - All options with index in [1] are selected on object 'Object Repository/Modulo Pruebas SST/Crear_un_Sistema_de_Vigilancia_Epidemiologica/select_-- SELECCIONAR --Trate de no correr'

2021-12-31 13:37:23 - [TEST_STEP][PASSED] - selectOptionByIndex(findTestObject("Modulo Pruebas SST/Crear_un_Sistema_de_Vigilancia_Epidemiologica/select_-- SELECCIONAR --Recomendacin Atep 2Recomendacin Atep 1"), 1): All options with index in [1] are selected on object 'Object Repository/Modulo Pruebas SST/Crear_un_Sistema_de_Vigilancia_Epidemiologica/select_-- SELECCIONAR --Recomendacin Atep 2Recomendacin Atep 1'

2021-12-31 13:37:24 - [MESSAGE][PASSED] - All options with index in [1] are selected on object 'Object Repository/Modulo Pruebas SST/Crear_un_Sistema_de_Vigilancia_Epidemiologica/select_-- SELECCIONAR --Recomendacin Atep 2Recomendacin Atep 1'

2021-12-31 13:37:24 - [TEST_STEP][PASSED] - click(findTestObject("Modulo Pruebas SST/Crear_un_Sistema_de_Vigilancia_Epidemiologica/a_Responsable Recomendaciones_form_popupSeguimientotabRecomendacionj_idt607")): Object: 'Object Repository/Modulo Pruebas SST/Crear_un_Sistema_de_Vigilancia_Epidemiologica/a_Responsable Recomendaciones_form_popupSeguimientotabRecomendacionj_idt607' is clicked on

2021-12-31 13:37:24 - [MESSAGE][PASSED] - Object: 'Object Repository/Modulo Pruebas SST/Crear_un_Sistema_de_Vigilancia_Epidemiologica/a_Responsable Recomendaciones_form_popupSeguimientotabRecomendacionj_idt607' is clicked on

2021-12-31 13:37:24 - [TEST_STEP][PASSED] - setText(findTestObject("Modulo Pruebas SST/Crear_un_Sistema_de_Vigilancia_Epidemiologica/input_Filtro Hoja de Vida_formPopupHojaVidaj_idt1722"), "A A A"): Text 'A A A' is set on object 'Object Repository/Modulo Pruebas SST/Crear_un_Sistema_de_Vigilancia_Epidemiologica/input_Filtro Hoja de Vida_formPopupHojaVidaj_idt1722'

2021-12-31 13:37:27 - [MESSAGE][PASSED] - Text 'A A A' is set on object 'Object Repository/Modulo Pruebas SST/Crear_un_Sistema_de_Vigilancia_Epidemiologica/input_Filtro Hoja de Vida_formPopupHojaVidaj_idt1722'

2021-12-31 13:37:27 - [TEST_STEP][PASSED] - sendKeys(findTestObject("Modulo Pruebas SST/Crear_un_Sistema_de_Vigilancia_Epidemiologica/input_Filtro Hoja de Vida_formPopupHojaVidaj_idt1722"), Keys.chord(ENTER)): Keys 'ENTER + ' sent to object: 'Object Repository/Modulo Pruebas SST/Crear_un_Sistema_de_Vigilancia_Epidemiologica/input_Filtro Hoja de Vida_formPopupHojaVidaj_idt1722'

2021-12-31 13:37:27 - [MESSAGE][PASSED] - Keys 'ENTER + ' sent to object: 'Object Repository/Modulo Pruebas SST/Crear_un_Sistema_de_Vigilancia_Epidemiologica/input_Filtro Hoja de Vida_formPopupHojaVidaj_idt1722'

2021-12-31 13:37:27 - [TEST_STEP][PASSED] - click(findTestObject("Modulo Pruebas SST/Crear_un_Sistema_de_Vigilancia_Epidemiologica/td_A A A")): Object: 'Object Repository/Modulo Pruebas SST/Crear_un_Sistema_de_Vigilancia_Epidemiologica/td_A A A' is clicked on

2021-12-31 13:37:28 - [MESSAGE][PASSED] - Object: 'Object Repository/Modulo Pruebas SST/Crear_un_Sistema_de_Vigilancia_Epidemiologica/td_A A A' is clicked on

2021-12-31 13:37:28 - [TEST_STEP][PASSED] - click(findTestObject("Modulo Pruebas SST/Crear_un_Sistema_de_Vigilancia_Epidemiologica/a_Guardar")): Object: 'Object Repository/Modulo Pruebas SST/Crear_un_Sistema_de_Vigilancia_Epidemiologica/a_Guardar' is clicked on

2021-12-31 13:37:30 - [MESSAGE][PASSED] - Object: 'Object Repository/Modulo Pruebas SST/Crear_un_Sistema_de_Vigilancia_Epidemiologica/a_Guardar' is clicked on

2021-12-31 13:37:30 - [TEST_STEP][PASSED] - click(findTestObject("Modulo Pruebas SST/Crear_un_Sistema_de_Vigilancia_Epidemiologica/a_Seguimiento")): Object: 'Object Repository/Modulo Pruebas SST/Crear_un_Sistema_de_Vigilancia_Epidemiologica/a_Seguimiento' is clicked on

2021-12-31 13:37:31 - [MESSAGE][PASSED] - Object: 'Object Repository/Modulo Pruebas SST/Crear_un_Sistema_de_Vigilancia_Epidemiologica/a_Seguimiento' is clicked on

2021-12-31 13:37:31 - [TEST_STEP][PASSED] - click(findTestObject("Modulo Pruebas SST/Crear_un_Sistema_de_Vigilancia_Epidemiologica/a_Fecha Seguimiento_form_popupInscritostabtablaSeguimientoj_idt192")): Object: 'Object Repository/Modulo Pruebas SST/Crear_un_Sistema_de_Vigilancia_Epidemiologica/a_Fecha Seguimiento_form_popupInscritostabtablaSeguimientoj_idt192' is clicked on

2021-12-31 13:37:31 - [MESSAGE][PASSED] - Object: 'Object Repository/Modulo Pruebas SST/Crear_un_Sistema_de_Vigilancia_Epidemiologica/a_Fecha Seguimiento_form_popupInscritostabtablaSeguimientoj_idt192' is clicked on

2021-12-31 13:37:31 - [TEST_STEP][PASSED] - selectOptionByIndex(findTestObject("Modulo Pruebas SST/Crear_un_Sistema_de_Vigilancia_Epidemiologica/select_-- SELECCIONAR --Trate de no correr0"), 1): All options with index in [1] are selected on object 'Object Repository/Modulo Pruebas SST/Crear_un_Sistema_de_Vigilancia_Epidemiologica/select_-- SELECCIONAR --Trate de no correr0'

2021-12-31 13:37:33 - [MESSAGE][PASSED] - All options with index in [1] are selected on object 'Object Repository/Modulo Pruebas SST/Crear_un_Sistema_de_Vigilancia_Epidemiologica/select_-- SELECCIONAR --Trate de no correr0'

2021-12-31 13:37:33 - [TEST_STEP][PASSED] - click(findTestObject("Modulo Pruebas SST/Crear_un_Sistema_de_Vigilancia_Epidemiologica/span_Trate de no correr")): Object: 'Object Repository/Modulo Pruebas SST/Crear_un_Sistema_de_Vigilancia_Epidemiologica/span_Trate de no correr' is clicked on

2021-12-31 13:37:34 - [MESSAGE][PASSED] - Object: 'Object Repository/Modulo Pruebas SST/Crear_un_Sistema_de_Vigilancia_Epidemiologica/span_Trate de no correr' is clicked on

2021-12-31 13:37:34 - [TEST_STEP][PASSED] - setText(findTestObject("Modulo Pruebas SST/Crear_un_Sistema_de_Vigilancia_Epidemiologica/textarea_Fecha Seguimiento_form_popupInscritostabtablaSeguimientoj_idt197"), "pruebas k"): Text 'pruebas k' is set on object 'Object Repository/Modulo Pruebas SST/Crear_un_Sistema_de_Vigilancia_Epidemiologica/textarea_Fecha Seguimiento_form_popupInscritostabtablaSeguimientoj_idt197'

2021-12-31 13:37:36 - [MESSAGE][PASSED] - Text 'pruebas k' is set on object 'Object Repository/Modulo Pruebas SST/Crear_un_Sistema_de_Vigilancia_Epidemiologica/textarea_Fecha Seguimiento_form_popupInscritostabtablaSeguimientoj_idt197'

2021-12-31 13:37:36 - [TEST_STEP][PASSED] - setText(findTestObject("Modulo Pruebas SST/Crear_un_Sistema_de_Vigilancia_Epidemiologica/input_Fecha Seguimiento_form_popupInscritostabtablaSeguimientoj_idt202_input"), "15/12/2021"): Text '15/12/2021' is set on object 'Object Repository/Modulo Pruebas SST/Crear_un_Sistema_de_Vigilancia_Epidemiologica/input_Fecha Seguimiento_form_popupInscritostabtablaSeguimientoj_idt202_input'

2021-12-31 13:37:36 - [MESSAGE][PASSED] - Text '15/12/2021' is set on object 'Object Repository/Modulo Pruebas SST/Crear_un_Sistema_de_Vigilancia_Epidemiologica/input_Fecha Seguimiento_form_popupInscritostabtablaSeguimientoj_idt202_input'

2021-12-31 13:37:36 - [TEST_STEP][PASSED] - click(findTestObject("Modulo Pruebas SST/Crear_un_Sistema_de_Vigilancia_Epidemiologica/a_Fecha Seguimiento_form_popupInscritostabtablaSeguimientoj_idt206")): Object: 'Object Repository/Modulo Pruebas SST/Crear_un_Sistema_de_Vigilancia_Epidemiologica/a_Fecha Seguimiento_form_popupInscritostabtablaSeguimientoj_idt206' is clicked on

2021-12-31 13:37:37 - [MESSAGE][PASSED] - Object: 'Object Repository/Modulo Pruebas SST/Crear_un_Sistema_de_Vigilancia_Epidemiologica/a_Fecha Seguimiento_form_popupInscritostabtablaSeguimientoj_idt206' is clicked on

2021-12-31 13:37:37 - [TEST_STEP][PASSED] - click(findTestObject("Modulo Pruebas SST/Crear_un_Sistema_de_Vigilancia_Epidemiologica/span_SEDE NORTE_ui-icon ui-icon-closethick")): Object: 'Object Repository/Modulo Pruebas SST/Crear_un_Sistema_de_Vigilancia_Epidemiologica/span_SEDE NORTE_ui-icon ui-icon-closethick' is clicked on

2021-12-31 13:37:42 - [MESSAGE][PASSED] - Object: 'Object Repository/Modulo Pruebas SST/Crear_un_Sistema_de_Vigilancia_Epidemiologica/span_SEDE NORTE_ui-icon ui-icon-closethick' is clicked on

2021-12-31 13:37:42 - [TEST_STEP][PASSED] - click(findTestObject("Modulo Pruebas SST/Crear_un_Sistema_de_Vigilancia_Epidemiologica/a_Examen")): Object: 'Object Repository/Modulo Pruebas SST/Crear_un_Sistema_de_Vigilancia_Epidemiologica/a_Examen' is clicked on

2021-12-31 13:37:44 - [MESSAGE][PASSED] - Object: 'Object Repository/Modulo Pruebas SST/Crear_un_Sistema_de_Vigilancia_Epidemiologica/a_Examen' is clicked on

2021-12-31 13:37:44 - [TEST_STEP][PASSED] - click(findTestObject("Modulo Pruebas SST/Crear_un_Sistema_de_Vigilancia_Epidemiologica/a_Nuevo")): Object: 'Object Repository/Modulo Pruebas SST/Crear_un_Sistema_de_Vigilancia_Epidemiologica/a_Nuevo' is clicked on

2021-12-31 13:37:45 - [MESSAGE][PASSED] - Object: 'Object Repository/Modulo Pruebas SST/Crear_un_Sistema_de_Vigilancia_Epidemiologica/a_Nuevo' is clicked on

2021-12-31 13:37:45 - [TEST_STEP][PASSED] - selectOptionByIndex(findTestObject("Modulo Pruebas SST/Crear_un_Sistema_de_Vigilancia_Epidemiologica/select_SeleccioneSEDE NORTESEDE OCCIDENTESEDE SUR1"), 1): All options with index in [1] are selected on object 'Object Repository/Modulo Pruebas SST/Crear_un_Sistema_de_Vigilancia_Epidemiologica/select_SeleccioneSEDE NORTESEDE OCCIDENTESEDE SUR1'

2021-12-31 13:37:46 - [MESSAGE][PASSED] - All options with index in [1] are selected on object 'Object Repository/Modulo Pruebas SST/Crear_un_Sistema_de_Vigilancia_Epidemiologica/select_SeleccioneSEDE NORTESEDE OCCIDENTESEDE SUR1'

2021-12-31 13:37:46 - [TEST_STEP][PASSED] - selectOptionByIndex(findTestObject("Modulo Pruebas SST/Crear_un_Sistema_de_Vigilancia_Epidemiologica/select_SeleccioneALMANZA NOVOA JOHN"), 1): All options with index in [1] are selected on object 'Object Repository/Modulo Pruebas SST/Crear_un_Sistema_de_Vigilancia_Epidemiologica/select_SeleccioneALMANZA NOVOA JOHN'

2021-12-31 13:37:47 - [MESSAGE][PASSED] - All options with index in [1] are selected on object 'Object Repository/Modulo Pruebas SST/Crear_un_Sistema_de_Vigilancia_Epidemiologica/select_SeleccioneALMANZA NOVOA JOHN'

2021-12-31 13:37:47 - [TEST_STEP][PASSED] - click(findTestObject("Modulo Pruebas SST/Crear_un_Sistema_de_Vigilancia_Epidemiologica/a_Examinado_form_popupExamenesj_idt286")): Object: 'Object Repository/Modulo Pruebas SST/Crear_un_Sistema_de_Vigilancia_Epidemiologica/a_Examinado_form_popupExamenesj_idt286' is clicked on

2021-12-31 13:37:48 - [MESSAGE][PASSED] - Object: 'Object Repository/Modulo Pruebas SST/Crear_un_Sistema_de_Vigilancia_Epidemiologica/a_Examinado_form_popupExamenesj_idt286' is clicked on

2021-12-31 13:37:48 - [TEST_STEP][PASSED] - click(findTestObject("Modulo Pruebas SST/Crear_un_Sistema_de_Vigilancia_Epidemiologica/span_A A A")): Object: 'Object Repository/Modulo Pruebas SST/Crear_un_Sistema_de_Vigilancia_Epidemiologica/span_A A A' is clicked on

2021-12-31 13:37:49 - [MESSAGE][PASSED] - Object: 'Object Repository/Modulo Pruebas SST/Crear_un_Sistema_de_Vigilancia_Epidemiologica/span_A A A' is clicked on

2021-12-31 13:37:49 - [TEST_STEP][PASSED] - selectOptionByIndex(findTestObject("Modulo Pruebas SST/Crear_un_Sistema_de_Vigilancia_Epidemiologica/select_SeleccioneCuadro HematicoExamen de OrinaExamen Medico de RutinaExamen Medico de Rutina"), 3): All options with index in [3] are selected on object 'Object Repository/Modulo Pruebas SST/Crear_un_Sistema_de_Vigilancia_Epidemiologica/select_SeleccioneCuadro HematicoExamen de OrinaExamen Medico de RutinaExamen Medico de Rutina'

2021-12-31 13:37:51 - [MESSAGE][PASSED] - All options with index in [3] are selected on object 'Object Repository/Modulo Pruebas SST/Crear_un_Sistema_de_Vigilancia_Epidemiologica/select_SeleccioneCuadro HematicoExamen de OrinaExamen Medico de RutinaExamen Medico de Rutina'

2021-12-31 13:37:51 - [TEST_STEP][PASSED] - click(findTestObject("Modulo Pruebas SST/Crear_un_Sistema_de_Vigilancia_Epidemiologica/a_Guardar")): Object: 'Object Repository/Modulo Pruebas SST/Crear_un_Sistema_de_Vigilancia_Epidemiologica/a_Guardar' is clicked on

2021-12-31 13:37:51 - [MESSAGE][PASSED] - Object: 'Object Repository/Modulo Pruebas SST/Crear_un_Sistema_de_Vigilancia_Epidemiologica/a_Guardar' is clicked on

2021-12-31 13:37:51 - [TEST_STEP][PASSED] - click(findTestObject("Modulo Pruebas SST/Crear_un_Sistema_de_Vigilancia_Epidemiologica/a_Programar Encuestas")): Object: 'Object Repository/Modulo Pruebas SST/Crear_un_Sistema_de_Vigilancia_Epidemiologica/a_Programar Encuestas' is clicked on

2021-12-31 13:37:52 - [MESSAGE][PASSED] - Object: 'Object Repository/Modulo Pruebas SST/Crear_un_Sistema_de_Vigilancia_Epidemiologica/a_Programar Encuestas' is clicked on

2021-12-31 13:37:52 - [TEST_STEP][PASSED] - selectOptionByIndex(findTestObject("Modulo Pruebas SST/Crear_un_Sistema_de_Vigilancia_Epidemiologica/select_-- SELECCIONAR --EntidadListado Chequeo encuesta"), 2): All options with index in [2] are selected on object 'Object Repository/Modulo Pruebas SST/Crear_un_Sistema_de_Vigilancia_Epidemiologica/select_-- SELECCIONAR --EntidadListado Chequeo encuesta'

2021-12-31 13:37:54 - [MESSAGE][PASSED] - All options with index in [2] are selected on object 'Object Repository/Modulo Pruebas SST/Crear_un_Sistema_de_Vigilancia_Epidemiologica/select_-- SELECCIONAR --EntidadListado Chequeo encuesta'

2021-12-31 13:37:54 - [TEST_STEP][PASSED] - click(findTestObject("Modulo Pruebas SST/Crear_un_Sistema_de_Vigilancia_Epidemiologica/a_Adicionar Personas")): Object: 'Object Repository/Modulo Pruebas SST/Crear_un_Sistema_de_Vigilancia_Epidemiologica/a_Adicionar Personas' is clicked on

2021-12-31 13:37:55 - [MESSAGE][PASSED] - Object: 'Object Repository/Modulo Pruebas SST/Crear_un_Sistema_de_Vigilancia_Epidemiologica/a_Adicionar Personas' is clicked on

2021-12-31 13:37:55 - [TEST_STEP][PASSED] - click(findTestObject("Modulo Pruebas SST/Crear_un_Sistema_de_Vigilancia_Epidemiologica/span_CONSTA BELFEGORD  JHON1393138")): Object: 'Object Repository/Modulo Pruebas SST/Crear_un_Sistema_de_Vigilancia_Epidemiologica/span_CONSTA BELFEGORD  JHON1393138' is clicked on

2021-12-31 13:37:55 - [MESSAGE][PASSED] - Object: 'Object Repository/Modulo Pruebas SST/Crear_un_Sistema_de_Vigilancia_Epidemiologica/span_CONSTA BELFEGORD  JHON1393138' is clicked on

2021-12-31 13:37:55 - [TEST_STEP][PASSED] - click(findTestObject("Modulo Pruebas SST/Crear_un_Sistema_de_Vigilancia_Epidemiologica/a_Guardar")): Object: 'Object Repository/Modulo Pruebas SST/Crear_un_Sistema_de_Vigilancia_Epidemiologica/a_Guardar' is clicked on

2021-12-31 13:37:56 - [MESSAGE][PASSED] - Object: 'Object Repository/Modulo Pruebas SST/Crear_un_Sistema_de_Vigilancia_Epidemiologica/a_Guardar' is clicked on

2021-12-31 13:37:56 - [TEST_STEP][PASSED] - click(findTestObject("Modulo Pruebas SST/Crear_un_Sistema_de_Vigilancia_Epidemiologica/a_Resultado Encuestas")): Object: 'Object Repository/Modulo Pruebas SST/Crear_un_Sistema_de_Vigilancia_Epidemiologica/a_Resultado Encuestas' is clicked on

2021-12-31 13:37:57 - [MESSAGE][PASSED] - Object: 'Object Repository/Modulo Pruebas SST/Crear_un_Sistema_de_Vigilancia_Epidemiologica/a_Resultado Encuestas' is clicked on

2021-12-31 13:37:57 - [TEST_STEP][PASSED] - click(findTestObject("Modulo Pruebas SST/Crear_un_Sistema_de_Vigilancia_Epidemiologica/td_1393138 - CONSTA BELFEGORD  JHON1393138")): Object: 'Object Repository/Modulo Pruebas SST/Crear_un_Sistema_de_Vigilancia_Epidemiologica/td_1393138 - CONSTA BELFEGORD  JHON1393138' is clicked on

2021-12-31 13:37:59 - [MESSAGE][PASSED] - Object: 'Object Repository/Modulo Pruebas SST/Crear_un_Sistema_de_Vigilancia_Epidemiologica/td_1393138 - CONSTA BELFEGORD  JHON1393138' is clicked on

2021-12-31 13:37:59 - [TEST_STEP][PASSED] - comment("FALTA CONDICION PARA ELIMINAR REGISTRO."): FALTA CONDICION PARA ELIMINAR REGISTRO.

2021-12-31 13:37:59 - [MESSAGE][INFO] - FALTA CONDICION PARA ELIMINAR REGISTRO.

2021-12-31 13:37:59 - [TEST_STEP][PASSED] - comment("conflicto con base de datos no permite eliminar registro"): conflicto con base de datos no permite eliminar registro

2021-12-31 13:37:59 - [MESSAGE][INFO] - conflicto con base de datos no permite eliminar registro

2021-12-31 13:37:59 - [TEST_STEP][PASSED] - closeBrowser(): Browser is closed

2021-12-31 13:37:59 - [MESSAGE][PASSED] - Browser is closed]]></system-out>
         <system-err><![CDATA[]]></system-err>
      </testcase>
      <testcase name="Test Cases/5.1-Pruebas_SST/5.1.8-Crear_plan_de_trabajo_anual" time="55.449" classname="Test Cases/5.1-Pruebas_SST/5.1.8-Crear_plan_de_trabajo_anual" status="FAILED">
         <failure type="FAILED" message="Test Cases/5.1-Pruebas_SST/5.1.8-Crear_plan_de_trabajo_anual FAILED.
Reason:
com.kms.katalon.core.exception.StepFailedException: Unable to click on object 'Object Repository/Modulo Pruebas SST/Crear_plan_de_trabajo_anual/a_Aceptar'
	at com.kms.katalon.core.webui.keyword.internal.WebUIKeywordMain.stepFailed(WebUIKeywordMain.groovy:64)
	at com.kms.katalon.core.webui.keyword.internal.WebUIKeywordMain.runKeyword(WebUIKeywordMain.groovy:26)
	at com.kms.katalon.core.webui.keyword.builtin.ClickKeyword.click(ClickKeyword.groovy:74)
	at com.kms.katalon.core.webui.keyword.builtin.ClickKeyword.execute(ClickKeyword.groovy:40)
	at com.kms.katalon.core.keyword.internal.KeywordExecutor.executeKeywordForPlatform(KeywordExecutor.groovy:74)
	at com.kms.katalon.core.webui.keyword.WebUiBuiltInKeywords.click(WebUiBuiltInKeywords.groovy:620)
	at com.kms.katalon.core.webui.keyword.WebUiBuiltInKeywords$click$5.call(Unknown Source)
	at 5.1.8-Crear_plan_de_trabajo_anual.run(5.1.8-Crear_plan_de_trabajo_anual:74)
	at com.kms.katalon.core.main.ScriptEngine.run(ScriptEngine.java:194)
	at com.kms.katalon.core.main.ScriptEngine.runScriptAsRawText(ScriptEngine.java:119)
	at com.kms.katalon.core.main.TestCaseExecutor.runScript(TestCaseExecutor.java:442)
	at com.kms.katalon.core.main.TestCaseExecutor.doExecute(TestCaseExecutor.java:433)
	at com.kms.katalon.core.main.TestCaseExecutor.processExecutionPhase(TestCaseExecutor.java:412)
	at com.kms.katalon.core.main.TestCaseExecutor.accessMainPhase(TestCaseExecutor.java:404)
	at com.kms.katalon.core.main.TestCaseExecutor.execute(TestCaseExecutor.java:281)
	at com.kms.katalon.core.main.TestSuiteExecutor.accessTestCaseMainPhase(TestSuiteExecutor.java:202)
	at com.kms.katalon.core.main.TestSuiteExecutor.accessTestSuiteMainPhase(TestSuiteExecutor.java:164)
	at com.kms.katalon.core.main.TestSuiteExecutor.execute(TestSuiteExecutor.java:105)
	at com.kms.katalon.core.main.TestCaseMain.startTestSuite(TestCaseMain.java:181)
	at com.kms.katalon.core.main.TestCaseMain$startTestSuite$0.call(Unknown Source)
	at TempTestSuite1640974692652.run(TempTestSuite1640974692652.groovy:36)
Caused by: com.kms.katalon.core.webui.exception.WebElementNotFoundException: Web element with id: 'Object Repository/Modulo Pruebas SST/Crear_plan_de_trabajo_anual/a_Aceptar' located by '//a[contains(text(),'Aceptar')]' not found
	at com.kms.katalon.core.webui.common.WebUiCommonHelper.findWebElement(WebUiCommonHelper.java:1368)
	at com.kms.katalon.core.webui.keyword.internal.WebUIAbstractKeyword.findWebElement(WebUIAbstractKeyword.groovy:27)
	at com.kms.katalon.core.webui.keyword.builtin.ClickKeyword$_click_closure1.doCall(ClickKeyword.groovy:65)
	at com.kms.katalon.core.webui.keyword.builtin.ClickKeyword$_click_closure1.call(ClickKeyword.groovy)
	at com.kms.katalon.core.webui.keyword.internal.WebUIKeywordMain.runKeyword(WebUIKeywordMain.groovy:20)
	... 19 more
"/>
         <system-out><![CDATA[2021-12-31 13:37:59 - [TEST_CASE][FAILED] - Test Cases/5.1-Pruebas_SST/5.1.8-Crear_plan_de_trabajo_anual: Test Cases/5.1-Pruebas_SST/5.1.8-Crear_plan_de_trabajo_anual FAILED.
Reason:
com.kms.katalon.core.exception.StepFailedException: Unable to click on object 'Object Repository/Modulo Pruebas SST/Crear_plan_de_trabajo_anual/a_Aceptar'
	at com.kms.katalon.core.webui.keyword.internal.WebUIKeywordMain.stepFailed(WebUIKeywordMain.groovy:64)
	at com.kms.katalon.core.webui.keyword.internal.WebUIKeywordMain.runKeyword(WebUIKeywordMain.groovy:26)
	at com.kms.katalon.core.webui.keyword.builtin.ClickKeyword.click(ClickKeyword.groovy:74)
	at com.kms.katalon.core.webui.keyword.builtin.ClickKeyword.execute(ClickKeyword.groovy:40)
	at com.kms.katalon.core.keyword.internal.KeywordExecutor.executeKeywordForPlatform(KeywordExecutor.groovy:74)
	at com.kms.katalon.core.webui.keyword.WebUiBuiltInKeywords.click(WebUiBuiltInKeywords.groovy:620)
	at com.kms.katalon.core.webui.keyword.WebUiBuiltInKeywords$click$5.call(Unknown Source)
	at 5.1.8-Crear_plan_de_trabajo_anual.run(5.1.8-Crear_plan_de_trabajo_anual:74)
	at com.kms.katalon.core.main.ScriptEngine.run(ScriptEngine.java:194)
	at com.kms.katalon.core.main.ScriptEngine.runScriptAsRawText(ScriptEngine.java:119)
	at com.kms.katalon.core.main.TestCaseExecutor.runScript(TestCaseExecutor.java:442)
	at com.kms.katalon.core.main.TestCaseExecutor.doExecute(TestCaseExecutor.java:433)
	at com.kms.katalon.core.main.TestCaseExecutor.processExecutionPhase(TestCaseExecutor.java:412)
	at com.kms.katalon.core.main.TestCaseExecutor.accessMainPhase(TestCaseExecutor.java:404)
	at com.kms.katalon.core.main.TestCaseExecutor.execute(TestCaseExecutor.java:281)
	at com.kms.katalon.core.main.TestSuiteExecutor.accessTestCaseMainPhase(TestSuiteExecutor.java:202)
	at com.kms.katalon.core.main.TestSuiteExecutor.accessTestSuiteMainPhase(TestSuiteExecutor.java:164)
	at com.kms.katalon.core.main.TestSuiteExecutor.execute(TestSuiteExecutor.java:105)
	at com.kms.katalon.core.main.TestCaseMain.startTestSuite(TestCaseMain.java:181)
	at com.kms.katalon.core.main.TestCaseMain$startTestSuite$0.call(Unknown Source)
	at TempTestSuite1640974692652.run(TempTestSuite1640974692652.groovy:36)
Caused by: com.kms.katalon.core.webui.exception.WebElementNotFoundException: Web element with id: 'Object Repository/Modulo Pruebas SST/Crear_plan_de_trabajo_anual/a_Aceptar' located by '//a[contains(text(),'Aceptar')]' not found
	at com.kms.katalon.core.webui.common.WebUiCommonHelper.findWebElement(WebUiCommonHelper.java:1368)
	at com.kms.katalon.core.webui.keyword.internal.WebUIAbstractKeyword.findWebElement(WebUIAbstractKeyword.groovy:27)
	at com.kms.katalon.core.webui.keyword.builtin.ClickKeyword$_click_closure1.doCall(ClickKeyword.groovy:65)
	at com.kms.katalon.core.webui.keyword.builtin.ClickKeyword$_click_closure1.call(ClickKeyword.groovy)
	at com.kms.katalon.core.webui.keyword.internal.WebUIKeywordMain.runKeyword(WebUIKeywordMain.groovy:20)
	... 19 more


2021-12-31 13:38:00 - [TEST_STEP][PASSED] - callTestCase(findTestCase("0.1-Login"), [:], STOP_ON_FAILURE): Call Test Case 'Test Cases/0.1-Login' successfully

2021-12-31 13:38:00 - [TEST_CASE][PASSED] - Test Cases/0.1-Login: Test Cases/0.1-Login

2021-12-31 13:38:00 - [TEST_STEP][PASSED] - openBrowser(""): Browser is opened with url: ''

2021-12-31 13:38:00 - [MESSAGE][INFO] - Starting 'Chrome' driver

2021-12-31 13:38:00 - [MESSAGE][INFO] - Action delay is set to 0 milliseconds

2021-12-31 13:38:01 - [MESSAGE][PASSED] - Browser is opened with url: ''

2021-12-31 13:38:01 - [TEST_STEP][PASSED] - maximizeWindow(): Current window maximized

2021-12-31 13:38:01 - [MESSAGE][PASSED] - Current window maximized

2021-12-31 13:38:01 - [TEST_STEP][PASSED] - i = G_Login: null

2021-12-31 13:38:01 - [TEST_STEP][PASSED] - url = new java.net.URL(i): null

2021-12-31 13:38:01 - [TEST_STEP][PASSED] - println("URL: " + url.toString()): null

2021-12-31 13:38:01 - [TEST_STEP][PASSED] - connection = url.openConnection(): null

2021-12-31 13:38:01 - [TEST_STEP][PASSED] - connection.setRequestMethod("GET"): null

2021-12-31 13:38:01 - [TEST_STEP][PASSED] - connection.setReadTimeout(2 * 1000): null

2021-12-31 13:38:01 - [TEST_STEP][PASSED] - try: null

2021-12-31 13:38:01 - [TEST_STEP][PASSED] - connection.connect(): null

2021-12-31 13:38:01 - [TEST_STEP][PASSED] - flag = connected: null

2021-12-31 13:38:01 - [TEST_STEP][PASSED] - println("Valor_ori: " + flag): null

2021-12-31 13:38:01 - [TEST_STEP][PASSED] - if (flag): null

2021-12-31 13:38:01 - [TEST_STEP][PASSED] - navigateToUrl(i): Navigate to 'http://192.168.2.80:8380/saraweb' successfully

2021-12-31 13:38:02 - [MESSAGE][PASSED] - Navigate to 'http://192.168.2.80:8380/saraweb' successfully

2021-12-31 13:38:02 - [TEST_STEP][PASSED] - a(): null

2021-12-31 13:38:02 - [TEST_STEP][PASSED] - setText(findTestObject("Login/input_USUARIO_loginusuario"), G_Usuario): Text 'saraadmin' is set on object 'Object Repository/Login/input_USUARIO_loginusuario'

2021-12-31 13:38:03 - [MESSAGE][PASSED] - Text 'saraadmin' is set on object 'Object Repository/Login/input_USUARIO_loginusuario'

2021-12-31 13:38:03 - [TEST_STEP][PASSED] - setEncryptedText(findTestObject("Login/input_CLAVE_loginpassword"), "MkG4/TYiCFC3cb2driP7+Q=="): Text ****** has been set on object 'Object Repository/Login/input_CLAVE_loginpassword'

2021-12-31 13:38:03 - [MESSAGE][PASSED] - Text ****** has been set on object 'Object Repository/Login/input_CLAVE_loginpassword'

2021-12-31 13:38:03 - [TEST_STEP][PASSED] - waitForElementClickable(findTestObject("Login/a_Ingresar"), G_TimeOut): Object 'Object Repository/Login/a_Ingresar' is clickable

2021-12-31 13:38:04 - [MESSAGE][PASSED] - Object 'Object Repository/Login/a_Ingresar' is clickable

2021-12-31 13:38:04 - [TEST_STEP][PASSED] - click(findTestObject("Login/a_Ingresar")): Object: 'Object Repository/Login/a_Ingresar' is clicked on

2021-12-31 13:38:06 - [MESSAGE][PASSED] - Object: 'Object Repository/Login/a_Ingresar' is clicked on

2021-12-31 13:38:06 - [TEST_STEP][PASSED] - element = findWebElement(findTestObject("Login/a_Ir"), 30): null

2021-12-31 13:38:06 - [TEST_STEP][PASSED] - executeJavaScript("arguments[0].click()", Arrays.asList(element)): Execute JavaScript 'arguments[0].click()' successfully

2021-12-31 13:38:06 - [MESSAGE][PASSED] - Execute JavaScript 'arguments[0].click()' successfully

2021-12-31 13:38:06 - [MESSAGE][PASSED] - Call Test Case 'Test Cases/0.1-Login' successfully

2021-12-31 13:38:06 - [TEST_STEP][PASSED] - setText(findTestObject("Modulo Pruebas SST/Crear_plan_de_trabajo_anual/input_ADMINISTRADOR DEL SISTEMA - SARA_form_templatej_idt24_input"), "Plan de trabajo anual"): Text 'Plan de trabajo anual' is set on object 'Object Repository/Modulo Pruebas SST/Crear_plan_de_trabajo_anual/input_ADMINISTRADOR DEL SISTEMA - SARA_form_templatej_idt24_input'

2021-12-31 13:38:07 - [MESSAGE][PASSED] - Text 'Plan de trabajo anual' is set on object 'Object Repository/Modulo Pruebas SST/Crear_plan_de_trabajo_anual/input_ADMINISTRADOR DEL SISTEMA - SARA_form_templatej_idt24_input'

2021-12-31 13:38:07 - [TEST_STEP][PASSED] - click(findTestObject("Modulo Pruebas SST/Crear_plan_de_trabajo_anual/li_Plan de Trabajo Anual (sst)")): Object: 'Object Repository/Modulo Pruebas SST/Crear_plan_de_trabajo_anual/li_Plan de Trabajo Anual (sst)' is clicked on

2021-12-31 13:38:09 - [MESSAGE][PASSED] - Object: 'Object Repository/Modulo Pruebas SST/Crear_plan_de_trabajo_anual/li_Plan de Trabajo Anual (sst)' is clicked on

2021-12-31 13:38:09 - [TEST_STEP][PASSED] - if (waitForElementPresent(findTestObject("Modulo Pruebas SST/Crear_plan_de_trabajo_anual/td_pruebas katalon"), 1)): null

2021-12-31 13:38:11 - [MESSAGE][PASSED] - Object 'Object Repository/Modulo Pruebas SST/Crear_plan_de_trabajo_anual/td_pruebas katalon' is present

2021-12-31 13:38:11 - [TEST_STEP][PASSED] - click(findTestObject("Modulo Pruebas SST/Crear_plan_de_trabajo_anual/td_pruebas katalon")): Object: 'Object Repository/Modulo Pruebas SST/Crear_plan_de_trabajo_anual/td_pruebas katalon' is clicked on

2021-12-31 13:38:11 - [MESSAGE][PASSED] - Object: 'Object Repository/Modulo Pruebas SST/Crear_plan_de_trabajo_anual/td_pruebas katalon' is clicked on

2021-12-31 13:38:11 - [TEST_STEP][PASSED] - click(findTestObject("Modulo Pruebas SST/Crear_plan_de_trabajo_anual/a_Objetivos")): Object: 'Object Repository/Modulo Pruebas SST/Crear_plan_de_trabajo_anual/a_Objetivos' is clicked on

2021-12-31 13:38:12 - [MESSAGE][PASSED] - Object: 'Object Repository/Modulo Pruebas SST/Crear_plan_de_trabajo_anual/a_Objetivos' is clicked on

2021-12-31 13:38:12 - [TEST_STEP][PASSED] - if (waitForElementPresent(findTestObject("Modulo Pruebas SST/Crear_plan_de_trabajo_anual/td_BASE LEGAL"), 1)): null

2021-12-31 13:38:12 - [MESSAGE][PASSED] - Object 'Object Repository/Modulo Pruebas SST/Crear_plan_de_trabajo_anual/td_BASE LEGAL' is present

2021-12-31 13:38:12 - [TEST_STEP][PASSED] - click(findTestObject("Modulo Pruebas SST/Crear_plan_de_trabajo_anual/td_BASE LEGAL")): Object: 'Object Repository/Modulo Pruebas SST/Crear_plan_de_trabajo_anual/td_BASE LEGAL' is clicked on

2021-12-31 13:38:13 - [MESSAGE][PASSED] - Object: 'Object Repository/Modulo Pruebas SST/Crear_plan_de_trabajo_anual/td_BASE LEGAL' is clicked on

2021-12-31 13:38:13 - [TEST_STEP][PASSED] - click(findTestObject("Modulo Pruebas SST/Crear_plan_de_trabajo_anual/a_Actividades")): Object: 'Object Repository/Modulo Pruebas SST/Crear_plan_de_trabajo_anual/a_Actividades' is clicked on

2021-12-31 13:38:14 - [MESSAGE][PASSED] - Object: 'Object Repository/Modulo Pruebas SST/Crear_plan_de_trabajo_anual/a_Actividades' is clicked on

2021-12-31 13:38:14 - [TEST_STEP][PASSED] - if (waitForElementPresent(findTestObject("Modulo Pruebas SST/Crear_plan_de_trabajo_anual/td_pruebas k"), 1)): null

2021-12-31 13:38:14 - [MESSAGE][PASSED] - Object 'Object Repository/Modulo Pruebas SST/Crear_plan_de_trabajo_anual/td_pruebas k' is present

2021-12-31 13:38:14 - [TEST_STEP][PASSED] - click(findTestObject("Modulo Pruebas SST/Crear_plan_de_trabajo_anual/td_pruebas k")): Object: 'Object Repository/Modulo Pruebas SST/Crear_plan_de_trabajo_anual/td_pruebas k' is clicked on

2021-12-31 13:38:15 - [MESSAGE][PASSED] - Object: 'Object Repository/Modulo Pruebas SST/Crear_plan_de_trabajo_anual/td_pruebas k' is clicked on

2021-12-31 13:38:15 - [TEST_STEP][PASSED] - if (waitForElementPresent(findTestObject("Modulo Pruebas SST/Crear_plan_de_trabajo_anual/a_Anexos"), 1)): null

2021-12-31 13:38:15 - [MESSAGE][PASSED] - Object 'Object Repository/Modulo Pruebas SST/Crear_plan_de_trabajo_anual/a_Anexos' is present

2021-12-31 13:38:15 - [TEST_STEP][PASSED] - click(findTestObject("Modulo Pruebas SST/Crear_plan_de_trabajo_anual/a_Anexos")): Object: 'Object Repository/Modulo Pruebas SST/Crear_plan_de_trabajo_anual/a_Anexos' is clicked on

2021-12-31 13:38:16 - [MESSAGE][PASSED] - Object: 'Object Repository/Modulo Pruebas SST/Crear_plan_de_trabajo_anual/a_Anexos' is clicked on

2021-12-31 13:38:16 - [TEST_STEP][PASSED] - if (waitForElementPresent(findTestObject("Modulo Pruebas SST/Crear_plan_de_trabajo_anual/a_prueba.pdf_form_actividadesObjetivosPlanTrabajotabsActividadestablaAnexos0j_idt769"), 1)): Object 'Object Repository/Modulo Pruebas SST/Crear_plan_de_trabajo_anual/a_prueba.pdf_form_actividadesObjetivosPlanTrabajotabsActividadestablaAnexos0j_idt769' is not present after 1 second(s)

2021-12-31 13:38:18 - [MESSAGE][INFO] - Unable to find the element located by 'By.xpath: //a[@id='form_actividadesObjetivosPlanTrabajo:tabsActividades:tablaAnexos:0:j_idt769']'. Please recheck the objects properties to make sure the desired element is located. 

2021-12-31 13:38:18 - [MESSAGE][WARNING] - Object 'Object Repository/Modulo Pruebas SST/Crear_plan_de_trabajo_anual/a_prueba.pdf_form_actividadesObjetivosPlanTrabajotabsActividadestablaAnexos0j_idt769' is not present after 1 second(s)

2021-12-31 13:38:18 - [TEST_STEP][PASSED] - if (waitForElementPresent(findTestObject("Modulo Pruebas SST/Crear_plan_de_trabajo_anual/a_Cronograma"), 1)): null

2021-12-31 13:38:18 - [MESSAGE][PASSED] - Object 'Object Repository/Modulo Pruebas SST/Crear_plan_de_trabajo_anual/a_Cronograma' is present

2021-12-31 13:38:18 - [TEST_STEP][PASSED] - click(findTestObject("Modulo Pruebas SST/Crear_plan_de_trabajo_anual/a_Cronograma")): Object: 'Object Repository/Modulo Pruebas SST/Crear_plan_de_trabajo_anual/a_Cronograma' is clicked on

2021-12-31 13:38:19 - [MESSAGE][PASSED] - Object: 'Object Repository/Modulo Pruebas SST/Crear_plan_de_trabajo_anual/a_Cronograma' is clicked on

2021-12-31 13:38:19 - [TEST_STEP][PASSED] - if (waitForElementVisible(findTestObject("Modulo Pruebas SST/Crear_plan_de_trabajo_anual/td_Programado0"), 1)): Object 'Object Repository/Modulo Pruebas SST/Crear_plan_de_trabajo_anual/td_Programado0' is not visible after 1 second(s)

2021-12-31 13:38:21 - [MESSAGE][WARNING] - Object 'Object Repository/Modulo Pruebas SST/Crear_plan_de_trabajo_anual/td_Programado0' is not visible after 1 second(s)

2021-12-31 13:38:21 - [TEST_STEP][PASSED] - if (waitForElementPresent(findTestObject("Modulo Pruebas SST/Crear_plan_de_trabajo_anual/a_Responsable"), 1)): null

2021-12-31 13:38:21 - [MESSAGE][PASSED] - Object 'Object Repository/Modulo Pruebas SST/Crear_plan_de_trabajo_anual/a_Responsable' is present

2021-12-31 13:38:21 - [TEST_STEP][PASSED] - click(findTestObject("Modulo Pruebas SST/Crear_plan_de_trabajo_anual/a_Responsable")): Object: 'Object Repository/Modulo Pruebas SST/Crear_plan_de_trabajo_anual/a_Responsable' is clicked on

2021-12-31 13:38:21 - [MESSAGE][PASSED] - Object: 'Object Repository/Modulo Pruebas SST/Crear_plan_de_trabajo_anual/a_Responsable' is clicked on

2021-12-31 13:38:21 - [TEST_STEP][PASSED] - if (waitForElementPresent(findTestObject("Modulo Pruebas SST/Crear_plan_de_trabajo_anual/a_A A A_form_actividadesObjetivosPlanTrabajotabsActividadestabla_responsables0j_idt714"), 1)): null

2021-12-31 13:38:23 - [MESSAGE][PASSED] - Object 'Object Repository/Modulo Pruebas SST/Crear_plan_de_trabajo_anual/a_A A A_form_actividadesObjetivosPlanTrabajotabsActividadestabla_responsables0j_idt714' is present

2021-12-31 13:38:23 - [TEST_STEP][PASSED] - click(findTestObject("Modulo Pruebas SST/Crear_plan_de_trabajo_anual/a_A A A_form_actividadesObjetivosPlanTrabajotabsActividadestabla_responsables0j_idt714")): Object: 'Object Repository/Modulo Pruebas SST/Crear_plan_de_trabajo_anual/a_A A A_form_actividadesObjetivosPlanTrabajotabsActividadestabla_responsables0j_idt714' is clicked on

2021-12-31 13:38:24 - [MESSAGE][PASSED] - Object: 'Object Repository/Modulo Pruebas SST/Crear_plan_de_trabajo_anual/a_A A A_form_actividadesObjetivosPlanTrabajotabsActividadestabla_responsables0j_idt714' is clicked on

2021-12-31 13:38:24 - [TEST_STEP][FAILED] - click(findTestObject("Modulo Pruebas SST/Crear_plan_de_trabajo_anual/a_Aceptar")): Unable to click on object 'Object Repository/Modulo Pruebas SST/Crear_plan_de_trabajo_anual/a_Aceptar' (Root cause: com.kms.katalon.core.exception.StepFailedException: Unable to click on object 'Object Repository/Modulo Pruebas SST/Crear_plan_de_trabajo_anual/a_Aceptar'
	at com.kms.katalon.core.webui.keyword.internal.WebUIKeywordMain.stepFailed(WebUIKeywordMain.groovy:64)
	at com.kms.katalon.core.webui.keyword.internal.WebUIKeywordMain.runKeyword(WebUIKeywordMain.groovy:26)
	at com.kms.katalon.core.webui.keyword.builtin.ClickKeyword.click(ClickKeyword.groovy:74)
	at com.kms.katalon.core.webui.keyword.builtin.ClickKeyword.execute(ClickKeyword.groovy:40)
	at com.kms.katalon.core.keyword.internal.KeywordExecutor.executeKeywordForPlatform(KeywordExecutor.groovy:74)
	at com.kms.katalon.core.webui.keyword.WebUiBuiltInKeywords.click(WebUiBuiltInKeywords.groovy:620)
	at com.kms.katalon.core.webui.keyword.WebUiBuiltInKeywords$click$5.call(Unknown Source)
	at 5.1.8-Crear_plan_de_trabajo_anual.run(5.1.8-Crear_plan_de_trabajo_anual:74)
	at com.kms.katalon.core.main.ScriptEngine.run(ScriptEngine.java:194)
	at com.kms.katalon.core.main.ScriptEngine.runScriptAsRawText(ScriptEngine.java:119)
	at com.kms.katalon.core.main.TestCaseExecutor.runScript(TestCaseExecutor.java:442)
	at com.kms.katalon.core.main.TestCaseExecutor.doExecute(TestCaseExecutor.java:433)
	at com.kms.katalon.core.main.TestCaseExecutor.processExecutionPhase(TestCaseExecutor.java:412)
	at com.kms.katalon.core.main.TestCaseExecutor.accessMainPhase(TestCaseExecutor.java:404)
	at com.kms.katalon.core.main.TestCaseExecutor.execute(TestCaseExecutor.java:281)
	at com.kms.katalon.core.main.TestSuiteExecutor.accessTestCaseMainPhase(TestSuiteExecutor.java:202)
	at com.kms.katalon.core.main.TestSuiteExecutor.accessTestSuiteMainPhase(TestSuiteExecutor.java:164)
	at com.kms.katalon.core.main.TestSuiteExecutor.execute(TestSuiteExecutor.java:105)
	at com.kms.katalon.core.main.TestCaseMain.startTestSuite(TestCaseMain.java:181)
	at com.kms.katalon.core.main.TestCaseMain$startTestSuite$0.call(Unknown Source)
	at TempTestSuite1640974692652.run(TempTestSuite1640974692652.groovy:36)
Caused by: com.kms.katalon.core.webui.exception.WebElementNotFoundException: Web element with id: 'Object Repository/Modulo Pruebas SST/Crear_plan_de_trabajo_anual/a_Aceptar' located by '//a[contains(text(),'Aceptar')]' not found
	at com.kms.katalon.core.webui.common.WebUiCommonHelper.findWebElement(WebUiCommonHelper.java:1368)
	at com.kms.katalon.core.webui.keyword.internal.WebUIAbstractKeyword.findWebElement(WebUIAbstractKeyword.groovy:27)
	at com.kms.katalon.core.webui.keyword.builtin.ClickKeyword$_click_closure1.doCall(ClickKeyword.groovy:65)
	at com.kms.katalon.core.webui.keyword.builtin.ClickKeyword$_click_closure1.call(ClickKeyword.groovy)
	at com.kms.katalon.core.webui.keyword.internal.WebUIKeywordMain.runKeyword(WebUIKeywordMain.groovy:20)
	at com.kms.katalon.core.webui.keyword.builtin.ClickKeyword.click(ClickKeyword.groovy:74)
	at com.kms.katalon.core.webui.keyword.builtin.ClickKeyword.execute(ClickKeyword.groovy:40)
	at com.kms.katalon.core.keyword.internal.KeywordExecutor.executeKeywordForPlatform(KeywordExecutor.groovy:74)
	at com.kms.katalon.core.webui.keyword.WebUiBuiltInKeywords.click(WebUiBuiltInKeywords.groovy:620)
	at com.kms.katalon.core.webui.keyword.WebUiBuiltInKeywords$click$5.call(Unknown Source)
	at Script1639146962548.run(Script1639146962548.groovy:74)
	... 13 more
)

2021-12-31 13:38:55 - [MESSAGE][INFO] - Unable to find the element located by 'By.xpath: //a[contains(text(),'Aceptar')]'. Please recheck the objects properties to make sure the desired element is located. 

2021-12-31 13:38:55 - [MESSAGE][FAILED] - Unable to click on object 'Object Repository/Modulo Pruebas SST/Crear_plan_de_trabajo_anual/a_Aceptar' (Root cause: com.kms.katalon.core.exception.StepFailedException: Unable to click on object 'Object Repository/Modulo Pruebas SST/Crear_plan_de_trabajo_anual/a_Aceptar'
	at com.kms.katalon.core.webui.keyword.internal.WebUIKeywordMain.stepFailed(WebUIKeywordMain.groovy:64)
	at com.kms.katalon.core.webui.keyword.internal.WebUIKeywordMain.runKeyword(WebUIKeywordMain.groovy:26)
	at com.kms.katalon.core.webui.keyword.builtin.ClickKeyword.click(ClickKeyword.groovy:74)
	at com.kms.katalon.core.webui.keyword.builtin.ClickKeyword.execute(ClickKeyword.groovy:40)
	at com.kms.katalon.core.keyword.internal.KeywordExecutor.executeKeywordForPlatform(KeywordExecutor.groovy:74)
	at com.kms.katalon.core.webui.keyword.WebUiBuiltInKeywords.click(WebUiBuiltInKeywords.groovy:620)
	at com.kms.katalon.core.webui.keyword.WebUiBuiltInKeywords$click$5.call(Unknown Source)
	at 5.1.8-Crear_plan_de_trabajo_anual.run(5.1.8-Crear_plan_de_trabajo_anual:74)
	at com.kms.katalon.core.main.ScriptEngine.run(ScriptEngine.java:194)
	at com.kms.katalon.core.main.ScriptEngine.runScriptAsRawText(ScriptEngine.java:119)
	at com.kms.katalon.core.main.TestCaseExecutor.runScript(TestCaseExecutor.java:442)
	at com.kms.katalon.core.main.TestCaseExecutor.doExecute(TestCaseExecutor.java:433)
	at com.kms.katalon.core.main.TestCaseExecutor.processExecutionPhase(TestCaseExecutor.java:412)
	at com.kms.katalon.core.main.TestCaseExecutor.accessMainPhase(TestCaseExecutor.java:404)
	at com.kms.katalon.core.main.TestCaseExecutor.execute(TestCaseExecutor.java:281)
	at com.kms.katalon.core.main.TestSuiteExecutor.accessTestCaseMainPhase(TestSuiteExecutor.java:202)
	at com.kms.katalon.core.main.TestSuiteExecutor.accessTestSuiteMainPhase(TestSuiteExecutor.java:164)
	at com.kms.katalon.core.main.TestSuiteExecutor.execute(TestSuiteExecutor.java:105)
	at com.kms.katalon.core.main.TestCaseMain.startTestSuite(TestCaseMain.java:181)
	at com.kms.katalon.core.main.TestCaseMain$startTestSuite$0.call(Unknown Source)
	at TempTestSuite1640974692652.run(TempTestSuite1640974692652.groovy:36)
Caused by: com.kms.katalon.core.webui.exception.WebElementNotFoundException: Web element with id: 'Object Repository/Modulo Pruebas SST/Crear_plan_de_trabajo_anual/a_Aceptar' located by '//a[contains(text(),'Aceptar')]' not found
	at com.kms.katalon.core.webui.common.WebUiCommonHelper.findWebElement(WebUiCommonHelper.java:1368)
	at com.kms.katalon.core.webui.keyword.internal.WebUIAbstractKeyword.findWebElement(WebUIAbstractKeyword.groovy:27)
	at com.kms.katalon.core.webui.keyword.builtin.ClickKeyword$_click_closure1.doCall(ClickKeyword.groovy:65)
	at com.kms.katalon.core.webui.keyword.builtin.ClickKeyword$_click_closure1.call(ClickKeyword.groovy)
	at com.kms.katalon.core.webui.keyword.internal.WebUIKeywordMain.runKeyword(WebUIKeywordMain.groovy:20)
	at com.kms.katalon.core.webui.keyword.builtin.ClickKeyword.click(ClickKeyword.groovy:74)
	at com.kms.katalon.core.webui.keyword.builtin.ClickKeyword.execute(ClickKeyword.groovy:40)
	at com.kms.katalon.core.keyword.internal.KeywordExecutor.executeKeywordForPlatform(KeywordExecutor.groovy:74)
	at com.kms.katalon.core.webui.keyword.WebUiBuiltInKeywords.click(WebUiBuiltInKeywords.groovy:620)
	at com.kms.katalon.core.webui.keyword.WebUiBuiltInKeywords$click$5.call(Unknown Source)
	at Script1639146962548.run(Script1639146962548.groovy:74)
	... 13 more
)
[[ATTACHMENT|C:\\Users\\diego.rojas\\git\\Pruebas-Minimas\\Reports\\20211231_131755\\5-Pruebas SST\\20211231_131812\\1640975935145.png]]]]></system-out>
         <system-err><![CDATA[2021-12-31 13:37:59 - [TEST_CASE][FAILED] - Test Cases/5.1-Pruebas_SST/5.1.8-Crear_plan_de_trabajo_anual: Test Cases/5.1-Pruebas_SST/5.1.8-Crear_plan_de_trabajo_anual FAILED.
Reason:
com.kms.katalon.core.exception.StepFailedException: Unable to click on object 'Object Repository/Modulo Pruebas SST/Crear_plan_de_trabajo_anual/a_Aceptar'
	at com.kms.katalon.core.webui.keyword.internal.WebUIKeywordMain.stepFailed(WebUIKeywordMain.groovy:64)
	at com.kms.katalon.core.webui.keyword.internal.WebUIKeywordMain.runKeyword(WebUIKeywordMain.groovy:26)
	at com.kms.katalon.core.webui.keyword.builtin.ClickKeyword.click(ClickKeyword.groovy:74)
	at com.kms.katalon.core.webui.keyword.builtin.ClickKeyword.execute(ClickKeyword.groovy:40)
	at com.kms.katalon.core.keyword.internal.KeywordExecutor.executeKeywordForPlatform(KeywordExecutor.groovy:74)
	at com.kms.katalon.core.webui.keyword.WebUiBuiltInKeywords.click(WebUiBuiltInKeywords.groovy:620)
	at com.kms.katalon.core.webui.keyword.WebUiBuiltInKeywords$click$5.call(Unknown Source)
	at 5.1.8-Crear_plan_de_trabajo_anual.run(5.1.8-Crear_plan_de_trabajo_anual:74)
	at com.kms.katalon.core.main.ScriptEngine.run(ScriptEngine.java:194)
	at com.kms.katalon.core.main.ScriptEngine.runScriptAsRawText(ScriptEngine.java:119)
	at com.kms.katalon.core.main.TestCaseExecutor.runScript(TestCaseExecutor.java:442)
	at com.kms.katalon.core.main.TestCaseExecutor.doExecute(TestCaseExecutor.java:433)
	at com.kms.katalon.core.main.TestCaseExecutor.processExecutionPhase(TestCaseExecutor.java:412)
	at com.kms.katalon.core.main.TestCaseExecutor.accessMainPhase(TestCaseExecutor.java:404)
	at com.kms.katalon.core.main.TestCaseExecutor.execute(TestCaseExecutor.java:281)
	at com.kms.katalon.core.main.TestSuiteExecutor.accessTestCaseMainPhase(TestSuiteExecutor.java:202)
	at com.kms.katalon.core.main.TestSuiteExecutor.accessTestSuiteMainPhase(TestSuiteExecutor.java:164)
	at com.kms.katalon.core.main.TestSuiteExecutor.execute(TestSuiteExecutor.java:105)
	at com.kms.katalon.core.main.TestCaseMain.startTestSuite(TestCaseMain.java:181)
	at com.kms.katalon.core.main.TestCaseMain$startTestSuite$0.call(Unknown Source)
	at TempTestSuite1640974692652.run(TempTestSuite1640974692652.groovy:36)
Caused by: com.kms.katalon.core.webui.exception.WebElementNotFoundException: Web element with id: 'Object Repository/Modulo Pruebas SST/Crear_plan_de_trabajo_anual/a_Aceptar' located by '//a[contains(text(),'Aceptar')]' not found
	at com.kms.katalon.core.webui.common.WebUiCommonHelper.findWebElement(WebUiCommonHelper.java:1368)
	at com.kms.katalon.core.webui.keyword.internal.WebUIAbstractKeyword.findWebElement(WebUIAbstractKeyword.groovy:27)
	at com.kms.katalon.core.webui.keyword.builtin.ClickKeyword$_click_closure1.doCall(ClickKeyword.groovy:65)
	at com.kms.katalon.core.webui.keyword.builtin.ClickKeyword$_click_closure1.call(ClickKeyword.groovy)
	at com.kms.katalon.core.webui.keyword.internal.WebUIKeywordMain.runKeyword(WebUIKeywordMain.groovy:20)
	... 19 more]]></system-err>
      </testcase>
      <testcase name="Test Cases/5.1-Pruebas_SST/5.1.9-Creación_de_Grupos_de_Apoyo" time="76.345" classname="Test Cases/5.1-Pruebas_SST/5.1.9-Creación_de_Grupos_de_Apoyo" status="PASSED">
         <system-out><![CDATA[2021-12-31 13:38:55 - [TEST_CASE][PASSED] - Test Cases/5.1-Pruebas_SST/5.1.9-Creación_de_Grupos_de_Apoyo: Test Cases/5.1-Pruebas_SST/5.1.9-Creación_de_Grupos_de_Apoyo

2021-12-31 13:38:55 - [TEST_STEP][PASSED] - callTestCase(findTestCase("0.1-Login"), [:], STOP_ON_FAILURE): Call Test Case 'Test Cases/0.1-Login' successfully

2021-12-31 13:38:55 - [TEST_CASE][PASSED] - Test Cases/0.1-Login: Test Cases/0.1-Login

2021-12-31 13:38:55 - [TEST_STEP][PASSED] - openBrowser(""): Browser is opened with url: ''

2021-12-31 13:38:55 - [MESSAGE][WARNING] - A browser is already opened. Closing browser and opening a new one

2021-12-31 13:38:56 - [MESSAGE][INFO] - Starting 'Chrome' driver

2021-12-31 13:38:56 - [MESSAGE][INFO] - Action delay is set to 0 milliseconds

2021-12-31 13:38:57 - [MESSAGE][PASSED] - Browser is opened with url: ''

2021-12-31 13:38:57 - [TEST_STEP][PASSED] - maximizeWindow(): Current window maximized

2021-12-31 13:38:57 - [MESSAGE][PASSED] - Current window maximized

2021-12-31 13:38:57 - [TEST_STEP][PASSED] - i = G_Login: null

2021-12-31 13:38:57 - [TEST_STEP][PASSED] - url = new java.net.URL(i): null

2021-12-31 13:38:57 - [TEST_STEP][PASSED] - println("URL: " + url.toString()): null

2021-12-31 13:38:57 - [TEST_STEP][PASSED] - connection = url.openConnection(): null

2021-12-31 13:38:57 - [TEST_STEP][PASSED] - connection.setRequestMethod("GET"): null

2021-12-31 13:38:57 - [TEST_STEP][PASSED] - connection.setReadTimeout(2 * 1000): null

2021-12-31 13:38:57 - [TEST_STEP][PASSED] - try: null

2021-12-31 13:38:57 - [TEST_STEP][PASSED] - connection.connect(): null

2021-12-31 13:38:57 - [TEST_STEP][PASSED] - flag = connected: null

2021-12-31 13:38:57 - [TEST_STEP][PASSED] - println("Valor_ori: " + flag): null

2021-12-31 13:38:57 - [TEST_STEP][PASSED] - if (flag): null

2021-12-31 13:38:57 - [TEST_STEP][PASSED] - navigateToUrl(i): Navigate to 'http://192.168.2.80:8380/saraweb' successfully

2021-12-31 13:38:58 - [MESSAGE][PASSED] - Navigate to 'http://192.168.2.80:8380/saraweb' successfully

2021-12-31 13:38:58 - [TEST_STEP][PASSED] - a(): null

2021-12-31 13:38:58 - [TEST_STEP][PASSED] - setText(findTestObject("Login/input_USUARIO_loginusuario"), G_Usuario): Text 'saraadmin' is set on object 'Object Repository/Login/input_USUARIO_loginusuario'

2021-12-31 13:38:59 - [MESSAGE][PASSED] - Text 'saraadmin' is set on object 'Object Repository/Login/input_USUARIO_loginusuario'

2021-12-31 13:38:59 - [TEST_STEP][PASSED] - setEncryptedText(findTestObject("Login/input_CLAVE_loginpassword"), "MkG4/TYiCFC3cb2driP7+Q=="): Text ****** has been set on object 'Object Repository/Login/input_CLAVE_loginpassword'

2021-12-31 13:39:00 - [MESSAGE][PASSED] - Text ****** has been set on object 'Object Repository/Login/input_CLAVE_loginpassword'

2021-12-31 13:39:00 - [TEST_STEP][PASSED] - waitForElementClickable(findTestObject("Login/a_Ingresar"), G_TimeOut): Object 'Object Repository/Login/a_Ingresar' is clickable

2021-12-31 13:39:00 - [MESSAGE][PASSED] - Object 'Object Repository/Login/a_Ingresar' is clickable

2021-12-31 13:39:00 - [TEST_STEP][PASSED] - click(findTestObject("Login/a_Ingresar")): Object: 'Object Repository/Login/a_Ingresar' is clicked on

2021-12-31 13:39:03 - [MESSAGE][PASSED] - Object: 'Object Repository/Login/a_Ingresar' is clicked on

2021-12-31 13:39:03 - [TEST_STEP][PASSED] - element = findWebElement(findTestObject("Login/a_Ir"), 30): null

2021-12-31 13:39:03 - [TEST_STEP][PASSED] - executeJavaScript("arguments[0].click()", Arrays.asList(element)): Execute JavaScript 'arguments[0].click()' successfully

2021-12-31 13:39:03 - [MESSAGE][PASSED] - Execute JavaScript 'arguments[0].click()' successfully

2021-12-31 13:39:03 - [MESSAGE][PASSED] - Call Test Case 'Test Cases/0.1-Login' successfully

2021-12-31 13:39:03 - [TEST_STEP][PASSED] - setText(findTestObject("Modulo Pruebas SST/Creación de Grupos de Apoyo/input_ADMINISTRADOR DEL SISTEMA - SARA_form_templatej_idt24_input"), "grupos de apoyo"): Text 'grupos de apoyo' is set on object 'Object Repository/Modulo Pruebas SST/Creación de Grupos de Apoyo/input_ADMINISTRADOR DEL SISTEMA - SARA_form_templatej_idt24_input'

2021-12-31 13:39:04 - [MESSAGE][PASSED] - Text 'grupos de apoyo' is set on object 'Object Repository/Modulo Pruebas SST/Creación de Grupos de Apoyo/input_ADMINISTRADOR DEL SISTEMA - SARA_form_templatej_idt24_input'

2021-12-31 13:39:04 - [TEST_STEP][PASSED] - click(findTestObject("Modulo Pruebas SST/Creación de Grupos de Apoyo/li_Grupos de Apoyo (sst)")): Object: 'Object Repository/Modulo Pruebas SST/Creación de Grupos de Apoyo/li_Grupos de Apoyo (sst)' is clicked on

2021-12-31 13:39:06 - [MESSAGE][PASSED] - Object: 'Object Repository/Modulo Pruebas SST/Creación de Grupos de Apoyo/li_Grupos de Apoyo (sst)' is clicked on

2021-12-31 13:39:06 - [TEST_STEP][PASSED] - setText(findTestObject("Modulo Pruebas SST/Creación de Grupos de Apoyo/input_Descripcin_form_equipoTrabajoSalfiltroGrupoApoyo0"), "Katalon"): Text 'Katalon' is set on object 'Object Repository/Modulo Pruebas SST/Creación de Grupos de Apoyo/input_Descripcin_form_equipoTrabajoSalfiltroGrupoApoyo0'

2021-12-31 13:39:08 - [MESSAGE][PASSED] - Text 'Katalon' is set on object 'Object Repository/Modulo Pruebas SST/Creación de Grupos de Apoyo/input_Descripcin_form_equipoTrabajoSalfiltroGrupoApoyo0'

2021-12-31 13:39:08 - [TEST_STEP][PASSED] - if (waitForElementPresent(findTestObject("Modulo Pruebas SST/Creación de Grupos de Apoyo/td_PRUEBAS KATALON0"), 1)): null

2021-12-31 13:39:08 - [MESSAGE][PASSED] - Object 'Object Repository/Modulo Pruebas SST/Creación de Grupos de Apoyo/td_PRUEBAS KATALON0' is present

2021-12-31 13:39:08 - [TEST_STEP][PASSED] - click(findTestObject("Modulo Pruebas SST/Creación de Grupos de Apoyo/td_PRUEBAS KATALON0")): Object: 'Object Repository/Modulo Pruebas SST/Creación de Grupos de Apoyo/td_PRUEBAS KATALON0' is clicked on

2021-12-31 13:39:09 - [MESSAGE][PASSED] - Object: 'Object Repository/Modulo Pruebas SST/Creación de Grupos de Apoyo/td_PRUEBAS KATALON0' is clicked on

2021-12-31 13:39:09 - [TEST_STEP][PASSED] - click(findTestObject("Modulo Pruebas SST/Creación de Grupos de Apoyo/a_Anexos")): Object: 'Object Repository/Modulo Pruebas SST/Creación de Grupos de Apoyo/a_Anexos' is clicked on

2021-12-31 13:39:10 - [MESSAGE][PASSED] - Object: 'Object Repository/Modulo Pruebas SST/Creación de Grupos de Apoyo/a_Anexos' is clicked on

2021-12-31 13:39:10 - [TEST_STEP][PASSED] - if (waitForElementPresent(findTestObject("Modulo Pruebas SST/Creación de Grupos de Apoyo/a_prueba.pdf_form_equipoTrabajoSaltabtablaAnexos0j_idt208"), 1)): Object 'Object Repository/Modulo Pruebas SST/Creación de Grupos de Apoyo/a_prueba.pdf_form_equipoTrabajoSaltabtablaAnexos0j_idt208' is not present after 1 second(s)

2021-12-31 13:39:12 - [MESSAGE][INFO] - Unable to find the element located by 'By.xpath: //tbody/tr/td[5]/a'. Please recheck the objects properties to make sure the desired element is located. 

2021-12-31 13:39:12 - [MESSAGE][WARNING] - Object 'Object Repository/Modulo Pruebas SST/Creación de Grupos de Apoyo/a_prueba.pdf_form_equipoTrabajoSaltabtablaAnexos0j_idt208' is not present after 1 second(s)

2021-12-31 13:39:12 - [TEST_STEP][PASSED] - click(findTestObject("Modulo Pruebas SST/Creación de Grupos de Apoyo/a_Compromisos")): Object: 'Object Repository/Modulo Pruebas SST/Creación de Grupos de Apoyo/a_Compromisos' is clicked on

2021-12-31 13:39:12 - [MESSAGE][PASSED] - Object: 'Object Repository/Modulo Pruebas SST/Creación de Grupos de Apoyo/a_Compromisos' is clicked on

2021-12-31 13:39:12 - [TEST_STEP][PASSED] - if (waitForElementPresent(findTestObject("Modulo Pruebas SST/Creación de Grupos de Apoyo/span_Trate de no correr"), 1)): Object 'Object Repository/Modulo Pruebas SST/Creación de Grupos de Apoyo/span_Trate de no correr' is not present after 1 second(s)

2021-12-31 13:39:15 - [MESSAGE][INFO] - Unable to find the element located by 'By.xpath: //*/text()[normalize-space(.)='Trate de no correr']/parent::*'. Please recheck the objects properties to make sure the desired element is located. 

2021-12-31 13:39:15 - [MESSAGE][WARNING] - Object 'Object Repository/Modulo Pruebas SST/Creación de Grupos de Apoyo/span_Trate de no correr' is not present after 1 second(s)

2021-12-31 13:39:15 - [TEST_STEP][PASSED] - click(findTestObject("Modulo Pruebas SST/Creación de Grupos de Apoyo/a_Actividades")): Object: 'Object Repository/Modulo Pruebas SST/Creación de Grupos de Apoyo/a_Actividades' is clicked on

2021-12-31 13:39:15 - [MESSAGE][PASSED] - Object: 'Object Repository/Modulo Pruebas SST/Creación de Grupos de Apoyo/a_Actividades' is clicked on

2021-12-31 13:39:15 - [TEST_STEP][PASSED] - if (waitForElementPresent(findTestObject("Modulo Pruebas SST/Creación de Grupos de Apoyo/span_A A A"), 1)): Object 'Object Repository/Modulo Pruebas SST/Creación de Grupos de Apoyo/span_A A A' is not present after 1 second(s)

2021-12-31 13:39:17 - [MESSAGE][INFO] - Unable to find the element located by 'By.xpath: //*/text()[normalize-space(.)='A A A']/parent::*'. Please recheck the objects properties to make sure the desired element is located. 

2021-12-31 13:39:17 - [MESSAGE][WARNING] - Object 'Object Repository/Modulo Pruebas SST/Creación de Grupos de Apoyo/span_A A A' is not present after 1 second(s)

2021-12-31 13:39:17 - [TEST_STEP][PASSED] - click(findTestObject("Modulo Pruebas SST/Creación de Grupos de Apoyo/a_Integrantes")): Object: 'Object Repository/Modulo Pruebas SST/Creación de Grupos de Apoyo/a_Integrantes' is clicked on

2021-12-31 13:39:18 - [MESSAGE][PASSED] - Object: 'Object Repository/Modulo Pruebas SST/Creación de Grupos de Apoyo/a_Integrantes' is clicked on

2021-12-31 13:39:18 - [TEST_STEP][PASSED] - if (waitForElementVisible(findTestObject("Modulo Pruebas SST/Creación de Grupos de Apoyo/span_SEDE NORTE"), 1)): Object 'Object Repository/Modulo Pruebas SST/Creación de Grupos de Apoyo/span_SEDE NORTE' is not visible after 1 second(s)

2021-12-31 13:39:19 - [MESSAGE][WARNING] - Object 'Object Repository/Modulo Pruebas SST/Creación de Grupos de Apoyo/span_SEDE NORTE' is not visible after 1 second(s)

2021-12-31 13:39:19 - [TEST_STEP][PASSED] - click(findTestObject("Modulo Pruebas SST/Creación de Grupos de Apoyo/a_Grupo Apoyo")): Object: 'Object Repository/Modulo Pruebas SST/Creación de Grupos de Apoyo/a_Grupo Apoyo' is clicked on

2021-12-31 13:39:20 - [MESSAGE][PASSED] - Object: 'Object Repository/Modulo Pruebas SST/Creación de Grupos de Apoyo/a_Grupo Apoyo' is clicked on

2021-12-31 13:39:20 - [TEST_STEP][PASSED] - click(findTestObject("Modulo Pruebas SST/Creación de Grupos de Apoyo/a_Eliminar3")): Object: 'Object Repository/Modulo Pruebas SST/Creación de Grupos de Apoyo/a_Eliminar3' is clicked on

2021-12-31 13:39:20 - [MESSAGE][PASSED] - Object: 'Object Repository/Modulo Pruebas SST/Creación de Grupos de Apoyo/a_Eliminar3' is clicked on

2021-12-31 13:39:20 - [TEST_STEP][PASSED] - click(findTestObject("Modulo Pruebas SST/Creación de Grupos de Apoyo/a_Aceptar4")): Object: 'Object Repository/Modulo Pruebas SST/Creación de Grupos de Apoyo/a_Aceptar4' is clicked on

2021-12-31 13:39:22 - [MESSAGE][PASSED] - Object: 'Object Repository/Modulo Pruebas SST/Creación de Grupos de Apoyo/a_Aceptar4' is clicked on

2021-12-31 13:39:22 - [TEST_STEP][PASSED] - click(findTestObject("Modulo Pruebas SST/Creación de Grupos de Apoyo/a_Nuevo")): Object: 'Object Repository/Modulo Pruebas SST/Creación de Grupos de Apoyo/a_Nuevo' is clicked on

2021-12-31 13:39:23 - [MESSAGE][PASSED] - Object: 'Object Repository/Modulo Pruebas SST/Creación de Grupos de Apoyo/a_Nuevo' is clicked on

2021-12-31 13:39:23 - [TEST_STEP][PASSED] - setText(findTestObject("Modulo Pruebas SST/Creación de Grupos de Apoyo/input_Nombre Grupo Apoyo_form_equipoTrabajoSaltabdescripcion"), "PRUEBAS KATALON"): Text 'PRUEBAS KATALON' is set on object 'Object Repository/Modulo Pruebas SST/Creación de Grupos de Apoyo/input_Nombre Grupo Apoyo_form_equipoTrabajoSaltabdescripcion'

2021-12-31 13:39:24 - [MESSAGE][PASSED] - Text 'PRUEBAS KATALON' is set on object 'Object Repository/Modulo Pruebas SST/Creación de Grupos de Apoyo/input_Nombre Grupo Apoyo_form_equipoTrabajoSaltabdescripcion'

2021-12-31 13:39:24 - [TEST_STEP][PASSED] - selectOptionByIndex(findTestObject("Modulo Pruebas SST/Creación de Grupos de Apoyo/select_-- SELECCIONAR --BRIGADA DE PRIMEROS AUXILIOS"), 4): All options with index in [4] are selected on object 'Object Repository/Modulo Pruebas SST/Creación de Grupos de Apoyo/select_-- SELECCIONAR --BRIGADA DE PRIMEROS AUXILIOS'

2021-12-31 13:39:25 - [MESSAGE][PASSED] - All options with index in [4] are selected on object 'Object Repository/Modulo Pruebas SST/Creación de Grupos de Apoyo/select_-- SELECCIONAR --BRIGADA DE PRIMEROS AUXILIOS'

2021-12-31 13:39:25 - [TEST_STEP][PASSED] - selectOptionByIndex(findTestObject("Modulo Pruebas SST/Creación de Grupos de Apoyo/select_SeleccioneSEDE NORTESEDE OCCIDENTESEDE SUR"), 1): All options with index in [1] are selected on object 'Object Repository/Modulo Pruebas SST/Creación de Grupos de Apoyo/select_SeleccioneSEDE NORTESEDE OCCIDENTESEDE SUR'

2021-12-31 13:39:27 - [MESSAGE][PASSED] - All options with index in [1] are selected on object 'Object Repository/Modulo Pruebas SST/Creación de Grupos de Apoyo/select_SeleccioneSEDE NORTESEDE OCCIDENTESEDE SUR'

2021-12-31 13:39:27 - [TEST_STEP][PASSED] - setText(findTestObject("Modulo Pruebas SST/Creación de Grupos de Apoyo/textarea_Objetivo_form_equipoTrabajoSaltabobjetivo"), "null"): Text 'null' is set on object 'Object Repository/Modulo Pruebas SST/Creación de Grupos de Apoyo/textarea_Objetivo_form_equipoTrabajoSaltabobjetivo'

2021-12-31 13:39:27 - [MESSAGE][PASSED] - Text 'null' is set on object 'Object Repository/Modulo Pruebas SST/Creación de Grupos de Apoyo/textarea_Objetivo_form_equipoTrabajoSaltabobjetivo'

2021-12-31 13:39:27 - [TEST_STEP][PASSED] - click(findTestObject("Modulo Pruebas SST/Creación de Grupos de Apoyo/a_Guardar")): Object: 'Object Repository/Modulo Pruebas SST/Creación de Grupos de Apoyo/a_Guardar' is clicked on

2021-12-31 13:39:28 - [MESSAGE][PASSED] - Object: 'Object Repository/Modulo Pruebas SST/Creación de Grupos de Apoyo/a_Guardar' is clicked on

2021-12-31 13:39:28 - [TEST_STEP][PASSED] - click(findTestObject("Modulo Pruebas SST/Creación de Grupos de Apoyo/a_Integrantes")): Object: 'Object Repository/Modulo Pruebas SST/Creación de Grupos de Apoyo/a_Integrantes' is clicked on

2021-12-31 13:39:28 - [MESSAGE][PASSED] - Object: 'Object Repository/Modulo Pruebas SST/Creación de Grupos de Apoyo/a_Integrantes' is clicked on

2021-12-31 13:39:28 - [TEST_STEP][PASSED] - click(findTestObject("Modulo Pruebas SST/Creación de Grupos de Apoyo/a_Nuevo0")): Object: 'Object Repository/Modulo Pruebas SST/Creación de Grupos de Apoyo/a_Nuevo0' is clicked on

2021-12-31 13:39:29 - [MESSAGE][PASSED] - Object: 'Object Repository/Modulo Pruebas SST/Creación de Grupos de Apoyo/a_Nuevo0' is clicked on

2021-12-31 13:39:29 - [TEST_STEP][PASSED] - click(findTestObject("Modulo Pruebas SST/Creación de Grupos de Apoyo/a_Identificacin_form_popupGrupoApoyoIntegrantej_idt217")): Object: 'Object Repository/Modulo Pruebas SST/Creación de Grupos de Apoyo/a_Identificacin_form_popupGrupoApoyoIntegrantej_idt217' is clicked on

2021-12-31 13:39:30 - [MESSAGE][PASSED] - Object: 'Object Repository/Modulo Pruebas SST/Creación de Grupos de Apoyo/a_Identificacin_form_popupGrupoApoyoIntegrantej_idt217' is clicked on

2021-12-31 13:39:30 - [TEST_STEP][PASSED] - setText(findTestObject("Modulo Pruebas SST/Creación de Grupos de Apoyo/input_Filtro Hoja de Vida_formPopupHojaVidaj_idt840"), "Diaz Blanco Guisell"): Text 'Diaz Blanco Guisell' is set on object 'Object Repository/Modulo Pruebas SST/Creación de Grupos de Apoyo/input_Filtro Hoja de Vida_formPopupHojaVidaj_idt840'

2021-12-31 13:39:31 - [MESSAGE][PASSED] - Text 'Diaz Blanco Guisell' is set on object 'Object Repository/Modulo Pruebas SST/Creación de Grupos de Apoyo/input_Filtro Hoja de Vida_formPopupHojaVidaj_idt840'

2021-12-31 13:39:31 - [TEST_STEP][PASSED] - sendKeys(findTestObject("Modulo Pruebas SST/Creación de Grupos de Apoyo/input_Filtro Hoja de Vida_formPopupHojaVidaj_idt840"), Keys.chord(ENTER)): Keys 'ENTER + ' sent to object: 'Object Repository/Modulo Pruebas SST/Creación de Grupos de Apoyo/input_Filtro Hoja de Vida_formPopupHojaVidaj_idt840'

2021-12-31 13:39:31 - [MESSAGE][PASSED] - Keys 'ENTER + ' sent to object: 'Object Repository/Modulo Pruebas SST/Creación de Grupos de Apoyo/input_Filtro Hoja de Vida_formPopupHojaVidaj_idt840'

2021-12-31 13:39:31 - [TEST_STEP][PASSED] - click(findTestObject("Modulo Pruebas SST/Creación de Grupos de Apoyo/span_Diaz Blanco Guisell")): Object: 'Object Repository/Modulo Pruebas SST/Creación de Grupos de Apoyo/span_Diaz Blanco Guisell' is clicked on

2021-12-31 13:39:32 - [MESSAGE][PASSED] - Object: 'Object Repository/Modulo Pruebas SST/Creación de Grupos de Apoyo/span_Diaz Blanco Guisell' is clicked on

2021-12-31 13:39:32 - [TEST_STEP][PASSED] - selectOptionByIndex(findTestObject("Modulo Pruebas SST/Creación de Grupos de Apoyo/select_-- SELECCIONAR --SEDE NORTESEDE OCCIDENTESEDE SUR"), 1): All options with index in [1] are selected on object 'Object Repository/Modulo Pruebas SST/Creación de Grupos de Apoyo/select_-- SELECCIONAR --SEDE NORTESEDE OCCIDENTESEDE SUR'

2021-12-31 13:39:34 - [MESSAGE][PASSED] - All options with index in [1] are selected on object 'Object Repository/Modulo Pruebas SST/Creación de Grupos de Apoyo/select_-- SELECCIONAR --SEDE NORTESEDE OCCIDENTESEDE SUR'

2021-12-31 13:39:34 - [TEST_STEP][PASSED] - selectOptionByIndex(findTestObject("Modulo Pruebas SST/Creación de Grupos de Apoyo/select_-- SELECCIONAR --ADMINISTRADOR SSTBRIGADISTAJEFE DE BRIGADAPRESIDENTEREPRESENTATE DE LOS TRABAJADORESSECRETARIA"), 3): All options with index in [3] are selected on object 'Object Repository/Modulo Pruebas SST/Creación de Grupos de Apoyo/select_-- SELECCIONAR --ADMINISTRADOR SSTBRIGADISTAJEFE DE BRIGADAPRESIDENTEREPRESENTATE DE LOS TRABAJADORESSECRETARIA'

2021-12-31 13:39:36 - [MESSAGE][PASSED] - All options with index in [3] are selected on object 'Object Repository/Modulo Pruebas SST/Creación de Grupos de Apoyo/select_-- SELECCIONAR --ADMINISTRADOR SSTBRIGADISTAJEFE DE BRIGADAPRESIDENTEREPRESENTATE DE LOS TRABAJADORESSECRETARIA'

2021-12-31 13:39:36 - [TEST_STEP][PASSED] - setText(findTestObject("Modulo Pruebas SST/Creación de Grupos de Apoyo/textarea_Detalle Ingreso_form_popupGrupoApoyoIntegranteobjetivo"), "pruebas katalon"): Text 'pruebas katalon' is set on object 'Object Repository/Modulo Pruebas SST/Creación de Grupos de Apoyo/textarea_Detalle Ingreso_form_popupGrupoApoyoIntegranteobjetivo'

2021-12-31 13:39:36 - [MESSAGE][PASSED] - Text 'pruebas katalon' is set on object 'Object Repository/Modulo Pruebas SST/Creación de Grupos de Apoyo/textarea_Detalle Ingreso_form_popupGrupoApoyoIntegranteobjetivo'

2021-12-31 13:39:36 - [TEST_STEP][PASSED] - click(findTestObject("Modulo Pruebas SST/Creación de Grupos de Apoyo/a_Guardar")): Object: 'Object Repository/Modulo Pruebas SST/Creación de Grupos de Apoyo/a_Guardar' is clicked on

2021-12-31 13:39:37 - [MESSAGE][PASSED] - Object: 'Object Repository/Modulo Pruebas SST/Creación de Grupos de Apoyo/a_Guardar' is clicked on

2021-12-31 13:39:37 - [TEST_STEP][PASSED] - click(findTestObject("Modulo Pruebas SST/Creación de Grupos de Apoyo/a_Actividades")): Object: 'Object Repository/Modulo Pruebas SST/Creación de Grupos de Apoyo/a_Actividades' is clicked on

2021-12-31 13:39:38 - [MESSAGE][PASSED] - Object: 'Object Repository/Modulo Pruebas SST/Creación de Grupos de Apoyo/a_Actividades' is clicked on

2021-12-31 13:39:38 - [TEST_STEP][PASSED] - click(findTestObject("Modulo Pruebas SST/Creación de Grupos de Apoyo/a_Nuevo1"), STOP_ON_FAILURE): Object: 'Object Repository/Modulo Pruebas SST/Creación de Grupos de Apoyo/a_Nuevo1' is clicked on

2021-12-31 13:39:38 - [MESSAGE][PASSED] - Object: 'Object Repository/Modulo Pruebas SST/Creación de Grupos de Apoyo/a_Nuevo1' is clicked on

2021-12-31 13:39:38 - [TEST_STEP][PASSED] - click(findTestObject("Modulo Pruebas SST/Creación de Grupos de Apoyo/a_Responsable_form_popupSeguimientotabPopupSeguimientoj_idt276")): Object: 'Object Repository/Modulo Pruebas SST/Creación de Grupos de Apoyo/a_Responsable_form_popupSeguimientotabPopupSeguimientoj_idt276' is clicked on

2021-12-31 13:39:39 - [MESSAGE][PASSED] - Object: 'Object Repository/Modulo Pruebas SST/Creación de Grupos de Apoyo/a_Responsable_form_popupSeguimientotabPopupSeguimientoj_idt276' is clicked on

2021-12-31 13:39:39 - [TEST_STEP][PASSED] - setText(findTestObject("Modulo Pruebas SST/Creación de Grupos de Apoyo/input_Filtro Hoja de Vida_formPopupHojaVidaj_idt8401"), "A A A"): Text 'A A A' is set on object 'Object Repository/Modulo Pruebas SST/Creación de Grupos de Apoyo/input_Filtro Hoja de Vida_formPopupHojaVidaj_idt8401'

2021-12-31 13:39:40 - [MESSAGE][PASSED] - Text 'A A A' is set on object 'Object Repository/Modulo Pruebas SST/Creación de Grupos de Apoyo/input_Filtro Hoja de Vida_formPopupHojaVidaj_idt8401'

2021-12-31 13:39:40 - [TEST_STEP][PASSED] - sendKeys(findTestObject("Modulo Pruebas SST/Creación de Grupos de Apoyo/input_Filtro Hoja de Vida_formPopupHojaVidaj_idt8401"), Keys.chord(ENTER)): Keys 'ENTER + ' sent to object: 'Object Repository/Modulo Pruebas SST/Creación de Grupos de Apoyo/input_Filtro Hoja de Vida_formPopupHojaVidaj_idt8401'

2021-12-31 13:39:41 - [MESSAGE][PASSED] - Keys 'ENTER + ' sent to object: 'Object Repository/Modulo Pruebas SST/Creación de Grupos de Apoyo/input_Filtro Hoja de Vida_formPopupHojaVidaj_idt8401'

2021-12-31 13:39:41 - [TEST_STEP][PASSED] - click(findTestObject("Modulo Pruebas SST/Creación de Grupos de Apoyo/span_A A A")): Object: 'Object Repository/Modulo Pruebas SST/Creación de Grupos de Apoyo/span_A A A' is clicked on

2021-12-31 13:39:42 - [MESSAGE][PASSED] - Object: 'Object Repository/Modulo Pruebas SST/Creación de Grupos de Apoyo/span_A A A' is clicked on

2021-12-31 13:39:42 - [TEST_STEP][PASSED] - selectOptionByIndex(findTestObject("Modulo Pruebas SST/Creación de Grupos de Apoyo/select_ProgramadoCumplidoCancelado"), 0): All options with index in [0] are selected on object 'Object Repository/Modulo Pruebas SST/Creación de Grupos de Apoyo/select_ProgramadoCumplidoCancelado'

2021-12-31 13:39:45 - [MESSAGE][PASSED] - All options with index in [0] are selected on object 'Object Repository/Modulo Pruebas SST/Creación de Grupos de Apoyo/select_ProgramadoCumplidoCancelado'

2021-12-31 13:39:45 - [TEST_STEP][PASSED] - setText(findTestObject("Modulo Pruebas SST/Creación de Grupos de Apoyo/textarea_Objetivo_form_popupSeguimientotabPopupSeguimientoobjetivo"), "pruebas k"): Text 'pruebas k' is set on object 'Object Repository/Modulo Pruebas SST/Creación de Grupos de Apoyo/textarea_Objetivo_form_popupSeguimientotabPopupSeguimientoobjetivo'

2021-12-31 13:39:45 - [MESSAGE][PASSED] - Text 'pruebas k' is set on object 'Object Repository/Modulo Pruebas SST/Creación de Grupos de Apoyo/textarea_Objetivo_form_popupSeguimientotabPopupSeguimientoobjetivo'

2021-12-31 13:39:45 - [TEST_STEP][PASSED] - setText(findTestObject("Modulo Pruebas SST/Creación de Grupos de Apoyo/textarea_Detalle Actividad_form_popupSeguimientotabPopupSeguimientoobservacion"), "pruebas k"): Text 'pruebas k' is set on object 'Object Repository/Modulo Pruebas SST/Creación de Grupos de Apoyo/textarea_Detalle Actividad_form_popupSeguimientotabPopupSeguimientoobservacion'

2021-12-31 13:39:46 - [MESSAGE][PASSED] - Text 'pruebas k' is set on object 'Object Repository/Modulo Pruebas SST/Creación de Grupos de Apoyo/textarea_Detalle Actividad_form_popupSeguimientotabPopupSeguimientoobservacion'

2021-12-31 13:39:46 - [TEST_STEP][PASSED] - setText(findTestObject("Modulo Pruebas SST/Creación de Grupos de Apoyo/textarea_Detalle Cumplimiento_form_popupSeguimientotabPopupSeguimientodetallecump"), "pruebas k"): Text 'pruebas k' is set on object 'Object Repository/Modulo Pruebas SST/Creación de Grupos de Apoyo/textarea_Detalle Cumplimiento_form_popupSeguimientotabPopupSeguimientodetallecump'

2021-12-31 13:39:47 - [MESSAGE][PASSED] - Text 'pruebas k' is set on object 'Object Repository/Modulo Pruebas SST/Creación de Grupos de Apoyo/textarea_Detalle Cumplimiento_form_popupSeguimientotabPopupSeguimientodetallecump'

2021-12-31 13:39:47 - [TEST_STEP][PASSED] - selectOptionByIndex(findTestObject("Modulo Pruebas SST/Creación de Grupos de Apoyo/select_-- SELECCIONAR --Trate de no correr"), 1): All options with index in [1] are selected on object 'Object Repository/Modulo Pruebas SST/Creación de Grupos de Apoyo/select_-- SELECCIONAR --Trate de no correr'

2021-12-31 13:39:48 - [MESSAGE][PASSED] - All options with index in [1] are selected on object 'Object Repository/Modulo Pruebas SST/Creación de Grupos de Apoyo/select_-- SELECCIONAR --Trate de no correr'

2021-12-31 13:39:48 - [TEST_STEP][PASSED] - element = findWebElement(findTestObject("Modulo Pruebas SST/Creación de Grupos de Apoyo/a_Guardar"), 30): null

2021-12-31 13:39:49 - [TEST_STEP][PASSED] - executeJavaScript("arguments[0].click()", Arrays.asList(element)): Execute JavaScript 'arguments[0].click()' successfully

2021-12-31 13:39:49 - [MESSAGE][PASSED] - Execute JavaScript 'arguments[0].click()' successfully

2021-12-31 13:39:49 - [TEST_STEP][PASSED] - click(findTestObject("Modulo Pruebas SST/Creación de Grupos de Apoyo/td_Trate de no correr")): Object: 'Object Repository/Modulo Pruebas SST/Creación de Grupos de Apoyo/td_Trate de no correr' is clicked on

2021-12-31 13:39:49 - [MESSAGE][PASSED] - Object: 'Object Repository/Modulo Pruebas SST/Creación de Grupos de Apoyo/td_Trate de no correr' is clicked on

2021-12-31 13:39:49 - [TEST_STEP][PASSED] - click(findTestObject("Modulo Pruebas SST/Creación de Grupos de Apoyo/a_Asistentes")): Object: 'Object Repository/Modulo Pruebas SST/Creación de Grupos de Apoyo/a_Asistentes' is clicked on

2021-12-31 13:39:51 - [MESSAGE][PASSED] - Object: 'Object Repository/Modulo Pruebas SST/Creación de Grupos de Apoyo/a_Asistentes' is clicked on

2021-12-31 13:39:51 - [TEST_STEP][PASSED] - click(findTestObject("Modulo Pruebas SST/Creación de Grupos de Apoyo/a_Rol_form_popupSeguimientotabPopupSeguimientolistaAsistentesIntegrantesj_idt304")): Object: 'Object Repository/Modulo Pruebas SST/Creación de Grupos de Apoyo/a_Rol_form_popupSeguimientotabPopupSeguimientolistaAsistentesIntegrantesj_idt304' is clicked on

2021-12-31 13:39:52 - [MESSAGE][PASSED] - Object: 'Object Repository/Modulo Pruebas SST/Creación de Grupos de Apoyo/a_Rol_form_popupSeguimientotabPopupSeguimientolistaAsistentesIntegrantesj_idt304' is clicked on

2021-12-31 13:39:52 - [TEST_STEP][PASSED] - setText(findTestObject("Modulo Pruebas SST/Creación de Grupos de Apoyo/input_Filtro Inscritos_form_AsistenteGrupoApoyoPopUpj_idt350"), "guisell"): Text 'guisell' is set on object 'Object Repository/Modulo Pruebas SST/Creación de Grupos de Apoyo/input_Filtro Inscritos_form_AsistenteGrupoApoyoPopUpj_idt350'

2021-12-31 13:39:53 - [MESSAGE][PASSED] - Text 'guisell' is set on object 'Object Repository/Modulo Pruebas SST/Creación de Grupos de Apoyo/input_Filtro Inscritos_form_AsistenteGrupoApoyoPopUpj_idt350'

2021-12-31 13:39:53 - [TEST_STEP][PASSED] - sendKeys(findTestObject("Modulo Pruebas SST/Creación de Grupos de Apoyo/input_Filtro Inscritos_form_AsistenteGrupoApoyoPopUpj_idt350"), Keys.chord(ENTER)): Keys 'ENTER + ' sent to object: 'Object Repository/Modulo Pruebas SST/Creación de Grupos de Apoyo/input_Filtro Inscritos_form_AsistenteGrupoApoyoPopUpj_idt350'

2021-12-31 13:39:54 - [MESSAGE][PASSED] - Keys 'ENTER + ' sent to object: 'Object Repository/Modulo Pruebas SST/Creación de Grupos de Apoyo/input_Filtro Inscritos_form_AsistenteGrupoApoyoPopUpj_idt350'

2021-12-31 13:39:54 - [TEST_STEP][PASSED] - click(findTestObject("Modulo Pruebas SST/Creación de Grupos de Apoyo/span_1057596487")): Object: 'Object Repository/Modulo Pruebas SST/Creación de Grupos de Apoyo/span_1057596487' is clicked on

2021-12-31 13:39:55 - [MESSAGE][PASSED] - Object: 'Object Repository/Modulo Pruebas SST/Creación de Grupos de Apoyo/span_1057596487' is clicked on

2021-12-31 13:39:55 - [TEST_STEP][PASSED] - click(findTestObject("Modulo Pruebas SST/Creación de Grupos de Apoyo/a_Rol_form_popupSeguimientotabPopupSeguimientolistaAsistentesIntegrantesj_idt310")): Object: 'Object Repository/Modulo Pruebas SST/Creación de Grupos de Apoyo/a_Rol_form_popupSeguimientotabPopupSeguimientolistaAsistentesIntegrantesj_idt310' is clicked on

2021-12-31 13:39:55 - [MESSAGE][PASSED] - Object: 'Object Repository/Modulo Pruebas SST/Creación de Grupos de Apoyo/a_Rol_form_popupSeguimientotabPopupSeguimientolistaAsistentesIntegrantesj_idt310' is clicked on

2021-12-31 13:39:55 - [TEST_STEP][PASSED] - click(findTestObject("Modulo Pruebas SST/Creación de Grupos de Apoyo/a_Grupo Actividad")): Object: 'Object Repository/Modulo Pruebas SST/Creación de Grupos de Apoyo/a_Grupo Actividad' is clicked on

2021-12-31 13:39:56 - [MESSAGE][PASSED] - Object: 'Object Repository/Modulo Pruebas SST/Creación de Grupos de Apoyo/a_Grupo Actividad' is clicked on

2021-12-31 13:39:56 - [TEST_STEP][PASSED] - click(findTestObject("Modulo Pruebas SST/Creación de Grupos de Apoyo/span_No se encontr registros_ui-icon ui-icon-closethick")): Object: 'Object Repository/Modulo Pruebas SST/Creación de Grupos de Apoyo/span_No se encontr registros_ui-icon ui-icon-closethick' is clicked on

2021-12-31 13:39:57 - [MESSAGE][PASSED] - Object: 'Object Repository/Modulo Pruebas SST/Creación de Grupos de Apoyo/span_No se encontr registros_ui-icon ui-icon-closethick' is clicked on

2021-12-31 13:39:57 - [TEST_STEP][PASSED] - click(findTestObject("Modulo Pruebas SST/Creación de Grupos de Apoyo/a_Compromisos")): Object: 'Object Repository/Modulo Pruebas SST/Creación de Grupos de Apoyo/a_Compromisos' is clicked on

2021-12-31 13:39:57 - [MESSAGE][PASSED] - Object: 'Object Repository/Modulo Pruebas SST/Creación de Grupos de Apoyo/a_Compromisos' is clicked on

2021-12-31 13:39:57 - [TEST_STEP][PASSED] - click(findTestObject("Modulo Pruebas SST/Creación de Grupos de Apoyo/a_Nuevo3")): Object: 'Object Repository/Modulo Pruebas SST/Creación de Grupos de Apoyo/a_Nuevo3' is clicked on

2021-12-31 13:39:58 - [MESSAGE][PASSED] - Object: 'Object Repository/Modulo Pruebas SST/Creación de Grupos de Apoyo/a_Nuevo3' is clicked on

2021-12-31 13:39:58 - [TEST_STEP][PASSED] - click(findTestObject("Modulo Pruebas SST/Creación de Grupos de Apoyo/a_Responsable_form_popupSeguimientoComj_idt323")): Object: 'Object Repository/Modulo Pruebas SST/Creación de Grupos de Apoyo/a_Responsable_form_popupSeguimientoComj_idt323' is clicked on

2021-12-31 13:39:59 - [MESSAGE][PASSED] - Object: 'Object Repository/Modulo Pruebas SST/Creación de Grupos de Apoyo/a_Responsable_form_popupSeguimientoComj_idt323' is clicked on

2021-12-31 13:39:59 - [TEST_STEP][PASSED] - setText(findTestObject("Modulo Pruebas SST/Creación de Grupos de Apoyo/input_Filtro Hoja de Vida_formPopupHojaVidaj_idt8402"), "guisell"): Text 'guisell' is set on object 'Object Repository/Modulo Pruebas SST/Creación de Grupos de Apoyo/input_Filtro Hoja de Vida_formPopupHojaVidaj_idt8402'

2021-12-31 13:40:00 - [MESSAGE][PASSED] - Text 'guisell' is set on object 'Object Repository/Modulo Pruebas SST/Creación de Grupos de Apoyo/input_Filtro Hoja de Vida_formPopupHojaVidaj_idt8402'

2021-12-31 13:40:00 - [TEST_STEP][PASSED] - sendKeys(findTestObject("Modulo Pruebas SST/Creación de Grupos de Apoyo/input_Filtro Hoja de Vida_formPopupHojaVidaj_idt8402"), Keys.chord(ENTER)): Keys 'ENTER + ' sent to object: 'Object Repository/Modulo Pruebas SST/Creación de Grupos de Apoyo/input_Filtro Hoja de Vida_formPopupHojaVidaj_idt8402'

2021-12-31 13:40:00 - [MESSAGE][PASSED] - Keys 'ENTER + ' sent to object: 'Object Repository/Modulo Pruebas SST/Creación de Grupos de Apoyo/input_Filtro Hoja de Vida_formPopupHojaVidaj_idt8402'

2021-12-31 13:40:00 - [TEST_STEP][PASSED] - click(findTestObject("Modulo Pruebas SST/Creación de Grupos de Apoyo/span_Diaz Blanco Guisell2")): Object: 'Object Repository/Modulo Pruebas SST/Creación de Grupos de Apoyo/span_Diaz Blanco Guisell2' is clicked on

2021-12-31 13:40:01 - [MESSAGE][PASSED] - Object: 'Object Repository/Modulo Pruebas SST/Creación de Grupos de Apoyo/span_Diaz Blanco Guisell2' is clicked on

2021-12-31 13:40:01 - [TEST_STEP][PASSED] - selectOptionByIndex(findTestObject("Modulo Pruebas SST/Creación de Grupos de Apoyo/select_-- SELECCIONAR --Trate de no correr2"), 1): All options with index in [1] are selected on object 'Object Repository/Modulo Pruebas SST/Creación de Grupos de Apoyo/select_-- SELECCIONAR --Trate de no correr2'

2021-12-31 13:40:03 - [MESSAGE][PASSED] - All options with index in [1] are selected on object 'Object Repository/Modulo Pruebas SST/Creación de Grupos de Apoyo/select_-- SELECCIONAR --Trate de no correr2'

2021-12-31 13:40:03 - [TEST_STEP][PASSED] - selectOptionByIndex(findTestObject("Modulo Pruebas SST/Creación de Grupos de Apoyo/select_-- SELECCIONAR --ProgramadoCumplidoCancelado"), 1): All options with index in [1] are selected on object 'Object Repository/Modulo Pruebas SST/Creación de Grupos de Apoyo/select_-- SELECCIONAR --ProgramadoCumplidoCancelado'

2021-12-31 13:40:04 - [MESSAGE][PASSED] - All options with index in [1] are selected on object 'Object Repository/Modulo Pruebas SST/Creación de Grupos de Apoyo/select_-- SELECCIONAR --ProgramadoCumplidoCancelado'

2021-12-31 13:40:04 - [TEST_STEP][PASSED] - setText(findTestObject("Modulo Pruebas SST/Creación de Grupos de Apoyo/textarea_Observacin_form_popupSeguimientoComobservacion"), "pruebas katalon"): Text 'pruebas katalon' is set on object 'Object Repository/Modulo Pruebas SST/Creación de Grupos de Apoyo/textarea_Observacin_form_popupSeguimientoComobservacion'

2021-12-31 13:40:05 - [MESSAGE][PASSED] - Text 'pruebas katalon' is set on object 'Object Repository/Modulo Pruebas SST/Creación de Grupos de Apoyo/textarea_Observacin_form_popupSeguimientoComobservacion'

2021-12-31 13:40:05 - [TEST_STEP][PASSED] - click(findTestObject("Modulo Pruebas SST/Creación de Grupos de Apoyo/a_Guardar")): Object: 'Object Repository/Modulo Pruebas SST/Creación de Grupos de Apoyo/a_Guardar' is clicked on

2021-12-31 13:40:06 - [MESSAGE][PASSED] - Object: 'Object Repository/Modulo Pruebas SST/Creación de Grupos de Apoyo/a_Guardar' is clicked on

2021-12-31 13:40:06 - [TEST_STEP][PASSED] - click(findTestObject("Modulo Pruebas SST/Creación de Grupos de Apoyo/a_Anexos")): Object: 'Object Repository/Modulo Pruebas SST/Creación de Grupos de Apoyo/a_Anexos' is clicked on

2021-12-31 13:40:06 - [MESSAGE][PASSED] - Object: 'Object Repository/Modulo Pruebas SST/Creación de Grupos de Apoyo/a_Anexos' is clicked on

2021-12-31 13:40:06 - [TEST_STEP][PASSED] - click(findTestObject("Modulo Pruebas SST/Creación de Grupos de Apoyo/a_Descargar_form_equipoTrabajoSaltabtablaAnexosj_idt202")): Object: 'Object Repository/Modulo Pruebas SST/Creación de Grupos de Apoyo/a_Descargar_form_equipoTrabajoSaltabtablaAnexosj_idt202' is clicked on

2021-12-31 13:40:07 - [MESSAGE][PASSED] - Object: 'Object Repository/Modulo Pruebas SST/Creación de Grupos de Apoyo/a_Descargar_form_equipoTrabajoSaltabtablaAnexosj_idt202' is clicked on

2021-12-31 13:40:07 - [TEST_STEP][PASSED] - ruta = G_rutaarchivos + "prueba.pdf": null

2021-12-31 13:40:07 - [TEST_STEP][PASSED] - uploadFile(findTestObject("Modulo Pruebas SST/Creación de Grupos de Apoyo/input_Cargar Archivo_popupCargarArchivoForminputFileName_input"), ruta): File 'E:\unionweb14\prueba.pdf' sent to object: 'Object Repository/Modulo Pruebas SST/Creación de Grupos de Apoyo/input_Cargar Archivo_popupCargarArchivoForminputFileName_input'

2021-12-31 13:40:08 - [MESSAGE][PASSED] - File 'E:\unionweb14\prueba.pdf' sent to object: 'Object Repository/Modulo Pruebas SST/Creación de Grupos de Apoyo/input_Cargar Archivo_popupCargarArchivoForminputFileName_input'

2021-12-31 13:40:08 - [TEST_STEP][PASSED] - setText(findTestObject("Modulo Pruebas SST/Creación de Grupos de Apoyo/input_Descargar_form_equipoTrabajoSaltabtablaAnexosfecha_input"), "01/07/2021"): Text '01/07/2021' is set on object 'Object Repository/Modulo Pruebas SST/Creación de Grupos de Apoyo/input_Descargar_form_equipoTrabajoSaltabtablaAnexosfecha_input'

2021-12-31 13:40:09 - [MESSAGE][PASSED] - Text '01/07/2021' is set on object 'Object Repository/Modulo Pruebas SST/Creación de Grupos de Apoyo/input_Descargar_form_equipoTrabajoSaltabtablaAnexosfecha_input'

2021-12-31 13:40:09 - [TEST_STEP][PASSED] - setText(findTestObject("Modulo Pruebas SST/Creación de Grupos de Apoyo/input_Descargar_form_equipoTrabajoSaltabtablaAnexosdescripcionAnexo"), "pruebas k"): Text 'pruebas k' is set on object 'Object Repository/Modulo Pruebas SST/Creación de Grupos de Apoyo/input_Descargar_form_equipoTrabajoSaltabtablaAnexosdescripcionAnexo'

2021-12-31 13:40:10 - [MESSAGE][PASSED] - Text 'pruebas k' is set on object 'Object Repository/Modulo Pruebas SST/Creación de Grupos de Apoyo/input_Descargar_form_equipoTrabajoSaltabtablaAnexosdescripcionAnexo'

2021-12-31 13:40:10 - [TEST_STEP][PASSED] - click(findTestObject("Modulo Pruebas SST/Creación de Grupos de Apoyo/a_Descargar_form_equipoTrabajoSaltabtablaAnexosj_idt209")): Object: 'Object Repository/Modulo Pruebas SST/Creación de Grupos de Apoyo/a_Descargar_form_equipoTrabajoSaltabtablaAnexosj_idt209' is clicked on

2021-12-31 13:40:10 - [MESSAGE][PASSED] - Object: 'Object Repository/Modulo Pruebas SST/Creación de Grupos de Apoyo/a_Descargar_form_equipoTrabajoSaltabtablaAnexosj_idt209' is clicked on

2021-12-31 13:40:10 - [TEST_STEP][PASSED] - closeBrowser(): Browser is closed

2021-12-31 13:40:11 - [MESSAGE][PASSED] - Browser is closed]]></system-out>
         <system-err><![CDATA[]]></system-err>
      </testcase>
      <system-out><![CDATA[2021-12-31 13:29:27 - [TEST_SUITE][FAILED] - 5-Pruebas SST: Test Cases/5.1-Pruebas_SST/5.1.1-Reporte_de_accidente_de_trabajo FAILED.
Reason:
com.kms.katalon.core.exception.StepFailedException: Unable to click on object 'Object Repository/Modulo Pruebas SST/Reporte_de_accidente_de_trabajo/label_Confirmacin'
	at com.kms.katalon.core.webui.keyword.internal.WebUIKeywordMain.stepFailed(WebUIKeywordMain.groovy:64)
	at com.kms.katalon.core.webui.keyword.internal.WebUIKeywordMain.runKeyword(WebUIKeywordMain.groovy:26)
	at com.kms.katalon.core.webui.keyword.builtin.ClickKeyword.click(ClickKeyword.groovy:74)
	at com.kms.katalon.core.webui.keyword.builtin.ClickKeyword.execute(ClickKeyword.groovy:40)
	at com.kms.katalon.core.keyword.internal.KeywordExecutor.executeKeywordForPlatform(KeywordExecutor.groovy:74)
	at com.kms.katalon.core.webui.keyword.WebUiBuiltInKeywords.click(WebUiBuiltInKeywords.groovy:608)
	at com.kms.katalon.core.webui.keyword.WebUiBuiltInKeywords$click$9.call(Unknown Source)
	at 5.1.1-Reporte_de_accidente_de_trabajo.run(5.1.1-Reporte_de_accidente_de_trabajo:78)
	at com.kms.katalon.core.main.ScriptEngine.run(ScriptEngine.java:194)
	at com.kms.katalon.core.main.ScriptEngine.runScriptAsRawText(ScriptEngine.java:119)
	at com.kms.katalon.core.main.TestCaseExecutor.runScript(TestCaseExecutor.java:442)
	at com.kms.katalon.core.main.TestCaseExecutor.doExecute(TestCaseExecutor.java:433)
	at com.kms.katalon.core.main.TestCaseExecutor.processExecutionPhase(TestCaseExecutor.java:412)
	at com.kms.katalon.core.main.TestCaseExecutor.accessMainPhase(TestCaseExecutor.java:404)
	at com.kms.katalon.core.main.TestCaseExecutor.execute(TestCaseExecutor.java:281)
	at com.kms.katalon.core.main.TestSuiteExecutor.accessTestCaseMainPhase(TestSuiteExecutor.java:202)
	at com.kms.katalon.core.main.TestSuiteExecutor.accessTestSuiteMainPhase(TestSuiteExecutor.java:164)
	at com.kms.katalon.core.main.TestSuiteExecutor.execute(TestSuiteExecutor.java:105)
	at com.kms.katalon.core.main.TestCaseMain.startTestSuite(TestCaseMain.java:181)
	at com.kms.katalon.core.main.TestCaseMain$startTestSuite$0.call(Unknown Source)
	at TempTestSuite1640974692652.run(TempTestSuite1640974692652.groovy:36)
Caused by: com.kms.katalon.core.webui.exception.WebElementNotFoundException: Web element with id: 'Object Repository/Modulo Pruebas SST/Reporte_de_accidente_de_trabajo/label_Confirmacin' located by '//*/text()[normalize-space(.)='Confirmación']/parent::*' not found
	at com.kms.katalon.core.webui.common.WebUiCommonHelper.findWebElement(WebUiCommonHelper.java:1368)
	at com.kms.katalon.core.webui.keyword.internal.WebUIAbstractKeyword.findWebElement(WebUIAbstractKeyword.groovy:27)
	at com.kms.katalon.core.webui.keyword.builtin.ClickKeyword$_click_closure1.doCall(ClickKeyword.groovy:65)
	at com.kms.katalon.core.webui.keyword.builtin.ClickKeyword$_click_closure1.call(ClickKeyword.groovy)
	at com.kms.katalon.core.webui.keyword.internal.WebUIKeywordMain.runKeyword(WebUIKeywordMain.groovy:20)
	... 19 more]]></system-out>
      <system-err><![CDATA[2021-12-31 13:29:27 - [TEST_SUITE][FAILED] - 5-Pruebas SST: Test Cases/5.1-Pruebas_SST/5.1.1-Reporte_de_accidente_de_trabajo FAILED.
Reason:
com.kms.katalon.core.exception.StepFailedException: Unable to click on object 'Object Repository/Modulo Pruebas SST/Reporte_de_accidente_de_trabajo/label_Confirmacin'
	at com.kms.katalon.core.webui.keyword.internal.WebUIKeywordMain.stepFailed(WebUIKeywordMain.groovy:64)
	at com.kms.katalon.core.webui.keyword.internal.WebUIKeywordMain.runKeyword(WebUIKeywordMain.groovy:26)
	at com.kms.katalon.core.webui.keyword.builtin.ClickKeyword.click(ClickKeyword.groovy:74)
	at com.kms.katalon.core.webui.keyword.builtin.ClickKeyword.execute(ClickKeyword.groovy:40)
	at com.kms.katalon.core.keyword.internal.KeywordExecutor.executeKeywordForPlatform(KeywordExecutor.groovy:74)
	at com.kms.katalon.core.webui.keyword.WebUiBuiltInKeywords.click(WebUiBuiltInKeywords.groovy:608)
	at com.kms.katalon.core.webui.keyword.WebUiBuiltInKeywords$click$9.call(Unknown Source)
	at 5.1.1-Reporte_de_accidente_de_trabajo.run(5.1.1-Reporte_de_accidente_de_trabajo:78)
	at com.kms.katalon.core.main.ScriptEngine.run(ScriptEngine.java:194)
	at com.kms.katalon.core.main.ScriptEngine.runScriptAsRawText(ScriptEngine.java:119)
	at com.kms.katalon.core.main.TestCaseExecutor.runScript(TestCaseExecutor.java:442)
	at com.kms.katalon.core.main.TestCaseExecutor.doExecute(TestCaseExecutor.java:433)
	at com.kms.katalon.core.main.TestCaseExecutor.processExecutionPhase(TestCaseExecutor.java:412)
	at com.kms.katalon.core.main.TestCaseExecutor.accessMainPhase(TestCaseExecutor.java:404)
	at com.kms.katalon.core.main.TestCaseExecutor.execute(TestCaseExecutor.java:281)
	at com.kms.katalon.core.main.TestSuiteExecutor.accessTestCaseMainPhase(TestSuiteExecutor.java:202)
	at com.kms.katalon.core.main.TestSuiteExecutor.accessTestSuiteMainPhase(TestSuiteExecutor.java:164)
	at com.kms.katalon.core.main.TestSuiteExecutor.execute(TestSuiteExecutor.java:105)
	at com.kms.katalon.core.main.TestCaseMain.startTestSuite(TestCaseMain.java:181)
	at com.kms.katalon.core.main.TestCaseMain$startTestSuite$0.call(Unknown Source)
	at TempTestSuite1640974692652.run(TempTestSuite1640974692652.groovy:36)
Caused by: com.kms.katalon.core.webui.exception.WebElementNotFoundException: Web element with id: 'Object Repository/Modulo Pruebas SST/Reporte_de_accidente_de_trabajo/label_Confirmacin' located by '//*/text()[normalize-space(.)='Confirmación']/parent::*' not found
	at com.kms.katalon.core.webui.common.WebUiCommonHelper.findWebElement(WebUiCommonHelper.java:1368)
	at com.kms.katalon.core.webui.keyword.internal.WebUIAbstractKeyword.findWebElement(WebUIAbstractKeyword.groovy:27)
	at com.kms.katalon.core.webui.keyword.builtin.ClickKeyword$_click_closure1.doCall(ClickKeyword.groovy:65)
	at com.kms.katalon.core.webui.keyword.builtin.ClickKeyword$_click_closure1.call(ClickKeyword.groovy)
	at com.kms.katalon.core.webui.keyword.internal.WebUIKeywordMain.runKeyword(WebUIKeywordMain.groovy:20)
	... 19 more]]></system-err>
   </testsuite>
</testsuites>
