<?xml version="1.0" encoding="UTF-8"?>
<testsuites name="A3-Pruebas_Control_Tiempos" time="166.598" tests="9" failures="0" errors="0">
   <testsuite name="A3-Pruebas_Control_Tiempos" tests="9" failures="0" errors="0" time="166.598" skipped="0" timestamp="2022-05-04 11:38:21" hostname="diego.rojas - US-AF-000371" id="Test Suites/Test_Suite_Secundaria/A3-Pruebas_Control_Tiempos">
      <properties>
         <property name="deviceName" value=""/>
         <property name="devicePlatform" value=""/>
         <property name="logFolder" value="C:\\Users\\diego.rojas\\git\\Pruebas-Minimas\\Reports\\20220504_113813\\Test_Suite_Secundaria\\A3-Pruebas_Control_Tiempos\\20220504_113813"/>
         <property name="logFiles" value="C:\\Users\\diego.rojas\\git\\Pruebas-Minimas\\Reports\\20220504_113813\\Test_Suite_Secundaria\\A3-Pruebas_Control_Tiempos\\20220504_113813\\execution0.log"/>
         <property name="attachments" value=""/>
         <property name="hostName" value="diego.rojas - US-AF-000371"/>
         <property name="os" value="Windows 10 64bit"/>
         <property name="katalonVersion" value="8.3.0.208"/>
         <property name="browser" value="Chrome 100.0.4896.127"/>
         <property name="hostAddress" value="192.168.56.1"/>
         <property name="sessionId" value="d9c793417d6e29641bb228397dca6244"/>
         <property name="seleniumVersion" value="3.141.59"/>
         <property name="proxyInformation" value="ProxyInformation { proxyOption=NO_PROXY, proxyServerType=HTTP, username=, password=********, proxyServerAddress=, proxyServerPort=0, executionList=&quot;&quot;, isApplyToDesiredCapabilities=true }"/>
         <property name="platform" value="Windows 10"/>
      </properties>
      <testcase name="Test Cases/1.2-Tareas_Secundarias/A.3-Pruebas_control_tiempos/13.1.2-Sitios_de_Trabajo" time="16.363" classname="Test Cases/1.2-Tareas_Secundarias/A.3-Pruebas_control_tiempos/13.1.2-Sitios_de_Trabajo" status="PASSED">
         <system-out><![CDATA[2022-05-04 11:38:21 - [TEST_CASE][PASSED] - Test Cases/1.2-Tareas_Secundarias/A.3-Pruebas_control_tiempos/13.1.2-Sitios_de_Trabajo: Test Cases/1.2-Tareas_Secundarias/A.3-Pruebas_control_tiempos/13.1.2-Sitios_de_Trabajo

2022-05-04 11:38:22 - [TEST_STEP][PASSED] - callTestCase(findTestCase("0.1-Login"), [:], STOP_ON_FAILURE): Call Test Case 'Test Cases/0.1-Login' successfully

2022-05-04 11:38:22 - [TEST_CASE][PASSED] - Test Cases/0.1-Login: Test Cases/0.1-Login

2022-05-04 11:38:23 - [TEST_STEP][PASSED] - openBrowser(""): Browser is opened with url: ''

2022-05-04 11:38:23 - [MESSAGE][INFO] - Starting 'Chrome' driver

2022-05-04 11:38:23 - [MESSAGE][INFO] - Action delay is set to 0 milliseconds

2022-05-04 11:38:25 - [MESSAGE][PASSED] - Browser is opened with url: ''

2022-05-04 11:38:25 - [TEST_STEP][PASSED] - maximizeWindow(): Current window maximized

2022-05-04 11:38:25 - [MESSAGE][PASSED] - Current window maximized

2022-05-04 11:38:25 - [TEST_STEP][PASSED] - i = G_Login: null

2022-05-04 11:38:26 - [TEST_STEP][PASSED] - url = new java.net.URL(i): null

2022-05-04 11:38:26 - [TEST_STEP][PASSED] - println("URL: " + url.toString()): null

2022-05-04 11:38:26 - [TEST_STEP][PASSED] - connection = url.openConnection(): null

2022-05-04 11:38:26 - [TEST_STEP][PASSED] - connection.setRequestMethod("GET"): null

2022-05-04 11:38:26 - [TEST_STEP][PASSED] - connection.setReadTimeout(2 * 1000): null

2022-05-04 11:38:26 - [TEST_STEP][PASSED] - try: null

2022-05-04 11:38:26 - [TEST_STEP][PASSED] - connection.connect(): null

2022-05-04 11:38:26 - [TEST_STEP][PASSED] - flag = connected: null

2022-05-04 11:38:26 - [TEST_STEP][PASSED] - println("Valor_ori: " + flag): null

2022-05-04 11:38:26 - [TEST_STEP][PASSED] - if (flag): null

2022-05-04 11:38:26 - [TEST_STEP][PASSED] - navigateToUrl(i): Navigate to 'http://192.168.2.19:8380/saraweb' successfully

2022-05-04 11:38:26 - [MESSAGE][PASSED] - Navigate to 'http://192.168.2.19:8380/saraweb' successfully

2022-05-04 11:38:26 - [TEST_STEP][PASSED] - a(): null

2022-05-04 11:38:26 - [TEST_STEP][PASSED] - setText(findTestObject("3-OBJECTS UTILIDADES/Login/input_USUARIO_loginusuario"), G_Usuario): Text 'saraadmin' is set on object 'Object Repository/3-OBJECTS UTILIDADES/Login/input_USUARIO_loginusuario'

2022-05-04 11:38:27 - [MESSAGE][PASSED] - Text 'saraadmin' is set on object 'Object Repository/3-OBJECTS UTILIDADES/Login/input_USUARIO_loginusuario'

2022-05-04 11:38:27 - [TEST_STEP][PASSED] - setEncryptedText(findTestObject("3-OBJECTS UTILIDADES/Login/input_CLAVE_loginpassword"), "MkG4/TYiCFC3cb2driP7+Q=="): Text ****** has been set on object 'Object Repository/3-OBJECTS UTILIDADES/Login/input_CLAVE_loginpassword'

2022-05-04 11:38:28 - [MESSAGE][PASSED] - Text ****** has been set on object 'Object Repository/3-OBJECTS UTILIDADES/Login/input_CLAVE_loginpassword'

2022-05-04 11:38:28 - [TEST_STEP][PASSED] - waitForElementClickable(findTestObject("3-OBJECTS UTILIDADES/Login/a_Ingresar"), G_TimeOut): Object 'Object Repository/3-OBJECTS UTILIDADES/Login/a_Ingresar' is clickable

2022-05-04 11:38:28 - [MESSAGE][PASSED] - Object 'Object Repository/3-OBJECTS UTILIDADES/Login/a_Ingresar' is clickable

2022-05-04 11:38:28 - [TEST_STEP][PASSED] - click(findTestObject("3-OBJECTS UTILIDADES/Login/a_Ingresar")): Object: 'Object Repository/3-OBJECTS UTILIDADES/Login/a_Ingresar' is clicked on

2022-05-04 11:38:30 - [MESSAGE][PASSED] - Object: 'Object Repository/3-OBJECTS UTILIDADES/Login/a_Ingresar' is clicked on

2022-05-04 11:38:30 - [TEST_STEP][PASSED] - element = findWebElement(findTestObject("3-OBJECTS UTILIDADES/Login/a_Ir"), 30): null

2022-05-04 11:38:31 - [TEST_STEP][PASSED] - executeJavaScript("arguments[0].click()", Arrays.asList(element)): Execute JavaScript 'arguments[0].click()' successfully

2022-05-04 11:38:31 - [MESSAGE][PASSED] - Execute JavaScript 'arguments[0].click()' successfully

2022-05-04 11:38:31 - [MESSAGE][PASSED] - Call Test Case 'Test Cases/0.1-Login' successfully

2022-05-04 11:38:31 - [TEST_STEP][PASSED] - setText(findTestObject("2-OBJECTS TAREAS SECUNDARIAS/Prueba Control De Tiempo/Sitios_de_Trabajo/input_Empresa 1_form_templatej_idt24_input"), "listado persona"): Text 'listado persona' is set on object 'Object Repository/2-OBJECTS TAREAS SECUNDARIAS/Prueba Control De Tiempo/Sitios_de_Trabajo/input_Empresa 1_form_templatej_idt24_input'

2022-05-04 11:38:32 - [MESSAGE][PASSED] - Text 'listado persona' is set on object 'Object Repository/2-OBJECTS TAREAS SECUNDARIAS/Prueba Control De Tiempo/Sitios_de_Trabajo/input_Empresa 1_form_templatej_idt24_input'

2022-05-04 11:38:32 - [TEST_STEP][PASSED] - click(findTestObject("2-OBJECTS TAREAS SECUNDARIAS/Prueba Control De Tiempo/Sitios_de_Trabajo/span_Listado Persona")): Object: 'Object Repository/2-OBJECTS TAREAS SECUNDARIAS/Prueba Control De Tiempo/Sitios_de_Trabajo/span_Listado Persona' is clicked on

2022-05-04 11:38:33 - [MESSAGE][PASSED] - Object: 'Object Repository/2-OBJECTS TAREAS SECUNDARIAS/Prueba Control De Tiempo/Sitios_de_Trabajo/span_Listado Persona' is clicked on

2022-05-04 11:38:33 - [TEST_STEP][PASSED] - click(findTestObject("2-OBJECTS TAREAS SECUNDARIAS/Prueba Control De Tiempo/Sitios_de_Trabajo/td_1010220596")): Object: 'Object Repository/2-OBJECTS TAREAS SECUNDARIAS/Prueba Control De Tiempo/Sitios_de_Trabajo/td_1010220596' is clicked on

2022-05-04 11:38:34 - [MESSAGE][PASSED] - Object: 'Object Repository/2-OBJECTS TAREAS SECUNDARIAS/Prueba Control De Tiempo/Sitios_de_Trabajo/td_1010220596' is clicked on

2022-05-04 11:38:34 - [TEST_STEP][PASSED] - click(findTestObject("2-OBJECTS TAREAS SECUNDARIAS/Prueba Control De Tiempo/Sitios_de_Trabajo/a_Sitios de Trabajo")): Object: 'Object Repository/2-OBJECTS TAREAS SECUNDARIAS/Prueba Control De Tiempo/Sitios_de_Trabajo/a_Sitios de Trabajo' is clicked on

2022-05-04 11:38:35 - [MESSAGE][PASSED] - Object: 'Object Repository/2-OBJECTS TAREAS SECUNDARIAS/Prueba Control De Tiempo/Sitios_de_Trabajo/a_Sitios de Trabajo' is clicked on

2022-05-04 11:38:35 - [TEST_STEP][PASSED] - click(findTestObject("2-OBJECTS TAREAS SECUNDARIAS/Prueba Control De Tiempo/Sitios_de_Trabajo/li_02-Sede Externo")): Object: 'Object Repository/2-OBJECTS TAREAS SECUNDARIAS/Prueba Control De Tiempo/Sitios_de_Trabajo/li_02-Sede Externo' is clicked on

2022-05-04 11:38:35 - [MESSAGE][PASSED] - Object: 'Object Repository/2-OBJECTS TAREAS SECUNDARIAS/Prueba Control De Tiempo/Sitios_de_Trabajo/li_02-Sede Externo' is clicked on

2022-05-04 11:38:35 - [TEST_STEP][PASSED] - if (waitForElementVisible(findTestObject("2-OBJECTS TAREAS SECUNDARIAS/Prueba Control De Tiempo/Sitios_de_Trabajo/td_9"), 1)): null

2022-05-04 11:38:36 - [MESSAGE][PASSED] - Object 'Object Repository/2-OBJECTS TAREAS SECUNDARIAS/Prueba Control De Tiempo/Sitios_de_Trabajo/td_9' is visible

2022-05-04 11:38:36 - [TEST_STEP][PASSED] - click(findTestObject("2-OBJECTS TAREAS SECUNDARIAS/Prueba Control De Tiempo/Sitios_de_Trabajo/td_9")): Object: 'Object Repository/2-OBJECTS TAREAS SECUNDARIAS/Prueba Control De Tiempo/Sitios_de_Trabajo/td_9' is clicked on

2022-05-04 11:38:36 - [MESSAGE][PASSED] - Object: 'Object Repository/2-OBJECTS TAREAS SECUNDARIAS/Prueba Control De Tiempo/Sitios_de_Trabajo/td_9' is clicked on

2022-05-04 11:38:36 - [TEST_STEP][PASSED] - element0 = findWebElement(findTestObject("2-OBJECTS TAREAS SECUNDARIAS/Prueba Control De Tiempo/Sitios_de_Trabajo/span_Add"), 30): null

2022-05-04 11:38:37 - [TEST_STEP][PASSED] - executeJavaScript("arguments[0].click()", Arrays.asList(element0)): Execute JavaScript 'arguments[0].click()' successfully

2022-05-04 11:38:37 - [MESSAGE][PASSED] - Execute JavaScript 'arguments[0].click()' successfully

2022-05-04 11:38:37 - [TEST_STEP][PASSED] - click(findTestObject("2-OBJECTS TAREAS SECUNDARIAS/Prueba Control De Tiempo/Sitios_de_Trabajo/span_Oficina")): Object: 'Object Repository/2-OBJECTS TAREAS SECUNDARIAS/Prueba Control De Tiempo/Sitios_de_Trabajo/span_Oficina' is clicked on

2022-05-04 11:38:37 - [MESSAGE][PASSED] - Object: 'Object Repository/2-OBJECTS TAREAS SECUNDARIAS/Prueba Control De Tiempo/Sitios_de_Trabajo/span_Oficina' is clicked on

2022-05-04 11:38:37 - [TEST_STEP][PASSED] - element = findWebElement(findTestObject("2-OBJECTS TAREAS SECUNDARIAS/Prueba Control De Tiempo/Sitios_de_Trabajo/span_Add"), 30): null

2022-05-04 11:38:38 - [TEST_STEP][PASSED] - executeJavaScript("arguments[0].click()", Arrays.asList(element)): Execute JavaScript 'arguments[0].click()' successfully

2022-05-04 11:38:38 - [MESSAGE][PASSED] - Execute JavaScript 'arguments[0].click()' successfully]]></system-out>
         <system-err><![CDATA[]]></system-err>
      </testcase>
      <testcase name="Test Cases/1.2-Tareas_Secundarias/A.3-Pruebas_control_tiempos/13.1.4-Jornada" time="14.732" classname="Test Cases/1.2-Tareas_Secundarias/A.3-Pruebas_control_tiempos/13.1.4-Jornada" status="PASSED">
         <system-out><![CDATA[2022-05-04 11:38:38 - [TEST_CASE][PASSED] - Test Cases/1.2-Tareas_Secundarias/A.3-Pruebas_control_tiempos/13.1.4-Jornada: Test Cases/1.2-Tareas_Secundarias/A.3-Pruebas_control_tiempos/13.1.4-Jornada

2022-05-04 11:38:38 - [TEST_STEP][PASSED] - callTestCase(findTestCase("0.1-Login"), [:], STOP_ON_FAILURE): Call Test Case 'Test Cases/0.1-Login' successfully

2022-05-04 11:38:38 - [TEST_CASE][PASSED] - Test Cases/0.1-Login: Test Cases/0.1-Login

2022-05-04 11:38:38 - [TEST_STEP][PASSED] - openBrowser(""): Browser is opened with url: ''

2022-05-04 11:38:38 - [MESSAGE][WARNING] - A browser is already opened. Closing browser and opening a new one

2022-05-04 11:38:39 - [MESSAGE][INFO] - Starting 'Chrome' driver

2022-05-04 11:38:39 - [MESSAGE][INFO] - Action delay is set to 0 milliseconds

2022-05-04 11:38:40 - [MESSAGE][PASSED] - Browser is opened with url: ''

2022-05-04 11:38:40 - [TEST_STEP][PASSED] - maximizeWindow(): Current window maximized

2022-05-04 11:38:40 - [MESSAGE][PASSED] - Current window maximized

2022-05-04 11:38:40 - [TEST_STEP][PASSED] - i = G_Login: null

2022-05-04 11:38:40 - [TEST_STEP][PASSED] - url = new java.net.URL(i): null

2022-05-04 11:38:40 - [TEST_STEP][PASSED] - println("URL: " + url.toString()): null

2022-05-04 11:38:40 - [TEST_STEP][PASSED] - connection = url.openConnection(): null

2022-05-04 11:38:40 - [TEST_STEP][PASSED] - connection.setRequestMethod("GET"): null

2022-05-04 11:38:40 - [TEST_STEP][PASSED] - connection.setReadTimeout(2 * 1000): null

2022-05-04 11:38:40 - [TEST_STEP][PASSED] - try: null

2022-05-04 11:38:40 - [TEST_STEP][PASSED] - connection.connect(): null

2022-05-04 11:38:40 - [TEST_STEP][PASSED] - flag = connected: null

2022-05-04 11:38:40 - [TEST_STEP][PASSED] - println("Valor_ori: " + flag): null

2022-05-04 11:38:40 - [TEST_STEP][PASSED] - if (flag): null

2022-05-04 11:38:40 - [TEST_STEP][PASSED] - navigateToUrl(i): Navigate to 'http://192.168.2.19:8380/saraweb' successfully

2022-05-04 11:38:41 - [MESSAGE][PASSED] - Navigate to 'http://192.168.2.19:8380/saraweb' successfully

2022-05-04 11:38:41 - [TEST_STEP][PASSED] - a(): null

2022-05-04 11:38:41 - [TEST_STEP][PASSED] - setText(findTestObject("3-OBJECTS UTILIDADES/Login/input_USUARIO_loginusuario"), G_Usuario): Text 'saraadmin' is set on object 'Object Repository/3-OBJECTS UTILIDADES/Login/input_USUARIO_loginusuario'

2022-05-04 11:38:42 - [MESSAGE][PASSED] - Text 'saraadmin' is set on object 'Object Repository/3-OBJECTS UTILIDADES/Login/input_USUARIO_loginusuario'

2022-05-04 11:38:42 - [TEST_STEP][PASSED] - setEncryptedText(findTestObject("3-OBJECTS UTILIDADES/Login/input_CLAVE_loginpassword"), "MkG4/TYiCFC3cb2driP7+Q=="): Text ****** has been set on object 'Object Repository/3-OBJECTS UTILIDADES/Login/input_CLAVE_loginpassword'

2022-05-04 11:38:42 - [MESSAGE][PASSED] - Text ****** has been set on object 'Object Repository/3-OBJECTS UTILIDADES/Login/input_CLAVE_loginpassword'

2022-05-04 11:38:42 - [TEST_STEP][PASSED] - waitForElementClickable(findTestObject("3-OBJECTS UTILIDADES/Login/a_Ingresar"), G_TimeOut): Object 'Object Repository/3-OBJECTS UTILIDADES/Login/a_Ingresar' is clickable

2022-05-04 11:38:43 - [MESSAGE][PASSED] - Object 'Object Repository/3-OBJECTS UTILIDADES/Login/a_Ingresar' is clickable

2022-05-04 11:38:43 - [TEST_STEP][PASSED] - click(findTestObject("3-OBJECTS UTILIDADES/Login/a_Ingresar")): Object: 'Object Repository/3-OBJECTS UTILIDADES/Login/a_Ingresar' is clicked on

2022-05-04 11:38:43 - [MESSAGE][PASSED] - Object: 'Object Repository/3-OBJECTS UTILIDADES/Login/a_Ingresar' is clicked on

2022-05-04 11:38:43 - [TEST_STEP][PASSED] - element = findWebElement(findTestObject("3-OBJECTS UTILIDADES/Login/a_Ir"), 30): null

2022-05-04 11:38:44 - [TEST_STEP][PASSED] - executeJavaScript("arguments[0].click()", Arrays.asList(element)): Execute JavaScript 'arguments[0].click()' successfully

2022-05-04 11:38:44 - [MESSAGE][PASSED] - Execute JavaScript 'arguments[0].click()' successfully

2022-05-04 11:38:44 - [MESSAGE][PASSED] - Call Test Case 'Test Cases/0.1-Login' successfully

2022-05-04 11:38:44 - [TEST_STEP][PASSED] - setText(findTestObject("2-OBJECTS TAREAS SECUNDARIAS/Prueba Control De Tiempo/Jornada/input_Empresa 1_form_templatej_idt24_input"), "Listado persona"): Text 'Listado persona' is set on object 'Object Repository/2-OBJECTS TAREAS SECUNDARIAS/Prueba Control De Tiempo/Jornada/input_Empresa 1_form_templatej_idt24_input'

2022-05-04 11:38:45 - [MESSAGE][PASSED] - Text 'Listado persona' is set on object 'Object Repository/2-OBJECTS TAREAS SECUNDARIAS/Prueba Control De Tiempo/Jornada/input_Empresa 1_form_templatej_idt24_input'

2022-05-04 11:38:45 - [TEST_STEP][PASSED] - click(findTestObject("2-OBJECTS TAREAS SECUNDARIAS/Prueba Control De Tiempo/Jornada/li_Listado Persona (get)")): Object: 'Object Repository/2-OBJECTS TAREAS SECUNDARIAS/Prueba Control De Tiempo/Jornada/li_Listado Persona (get)' is clicked on

2022-05-04 11:38:47 - [MESSAGE][PASSED] - Object: 'Object Repository/2-OBJECTS TAREAS SECUNDARIAS/Prueba Control De Tiempo/Jornada/li_Listado Persona (get)' is clicked on

2022-05-04 11:38:47 - [TEST_STEP][PASSED] - click(findTestObject("2-OBJECTS TAREAS SECUNDARIAS/Prueba Control De Tiempo/Jornada/td_1010220596")): Object: 'Object Repository/2-OBJECTS TAREAS SECUNDARIAS/Prueba Control De Tiempo/Jornada/td_1010220596' is clicked on

2022-05-04 11:38:47 - [MESSAGE][PASSED] - Object: 'Object Repository/2-OBJECTS TAREAS SECUNDARIAS/Prueba Control De Tiempo/Jornada/td_1010220596' is clicked on

2022-05-04 11:38:47 - [TEST_STEP][PASSED] - click(findTestObject("2-OBJECTS TAREAS SECUNDARIAS/Prueba Control De Tiempo/Jornada/a_Jornada")): Object: 'Object Repository/2-OBJECTS TAREAS SECUNDARIAS/Prueba Control De Tiempo/Jornada/a_Jornada' is clicked on

2022-05-04 11:38:48 - [MESSAGE][PASSED] - Object: 'Object Repository/2-OBJECTS TAREAS SECUNDARIAS/Prueba Control De Tiempo/Jornada/a_Jornada' is clicked on

2022-05-04 11:38:48 - [TEST_STEP][PASSED] - click(findTestObject("2-OBJECTS TAREAS SECUNDARIAS/Prueba Control De Tiempo/Jornada/a_Liquidar0")): Object: 'Object Repository/2-OBJECTS TAREAS SECUNDARIAS/Prueba Control De Tiempo/Jornada/a_Liquidar0' is clicked on

2022-05-04 11:38:49 - [MESSAGE][PASSED] - Object: 'Object Repository/2-OBJECTS TAREAS SECUNDARIAS/Prueba Control De Tiempo/Jornada/a_Liquidar0' is clicked on

2022-05-04 11:38:49 - [TEST_STEP][PASSED] - selectOptionByIndex(findTestObject("2-OBJECTS TAREAS SECUNDARIAS/Prueba Control De Tiempo/Jornada/select_Seleccionar24 de Diciembre del 2018 - 28 de Diciembre del 201824 de Octubre del 2018"), 1): All options with index in [1] are selected on object 'Object Repository/2-OBJECTS TAREAS SECUNDARIAS/Prueba Control De Tiempo/Jornada/select_Seleccionar24 de Diciembre del 2018 - 28 de Diciembre del 201824 de Octubre del 2018'

2022-05-04 11:38:51 - [MESSAGE][PASSED] - All options with index in [1] are selected on object 'Object Repository/2-OBJECTS TAREAS SECUNDARIAS/Prueba Control De Tiempo/Jornada/select_Seleccionar24 de Diciembre del 2018 - 28 de Diciembre del 201824 de Octubre del 2018'

2022-05-04 11:38:51 - [TEST_STEP][PASSED] - click(findTestObject("2-OBJECTS TAREAS SECUNDARIAS/Prueba Control De Tiempo/Jornada/a_Liquidar")): Object: 'Object Repository/2-OBJECTS TAREAS SECUNDARIAS/Prueba Control De Tiempo/Jornada/a_Liquidar' is clicked on

2022-05-04 11:38:51 - [MESSAGE][PASSED] - Object: 'Object Repository/2-OBJECTS TAREAS SECUNDARIAS/Prueba Control De Tiempo/Jornada/a_Liquidar' is clicked on

2022-05-04 11:38:51 - [TEST_STEP][PASSED] - Result = getText(findTestObject("3-OBJECTS UTILIDADES/Alerta/Alerta")): Text of object 'Object Repository/3-OBJECTS UTILIDADES/Alerta/Alerta' is: 'Terminacion Normal'

2022-05-04 11:38:52 - [MESSAGE][PASSED] - Text of object 'Object Repository/3-OBJECTS UTILIDADES/Alerta/Alerta' is: 'Terminacion Normal'

2022-05-04 11:38:52 - [TEST_STEP][PASSED] - if (Result == "Terminacion Normal"): Browser is closed

2022-05-04 11:38:52 - [TEST_STEP][PASSED] - Resultado = "PRUEBA OK": null

2022-05-04 11:38:52 - [TEST_STEP][PASSED] - closeBrowser(): Browser is closed

2022-05-04 11:38:53 - [MESSAGE][PASSED] - Browser is closed]]></system-out>
         <system-err><![CDATA[]]></system-err>
      </testcase>
      <testcase name="Test Cases/1.2-Tareas_Secundarias/A.3-Pruebas_control_tiempos/13.1.6-Reloj" time="20.805" classname="Test Cases/1.2-Tareas_Secundarias/A.3-Pruebas_control_tiempos/13.1.6-Reloj" status="PASSED">
         <system-out><![CDATA[2022-05-04 11:38:53 - [TEST_CASE][PASSED] - Test Cases/1.2-Tareas_Secundarias/A.3-Pruebas_control_tiempos/13.1.6-Reloj: Test Cases/1.2-Tareas_Secundarias/A.3-Pruebas_control_tiempos/13.1.6-Reloj

2022-05-04 11:38:53 - [TEST_STEP][PASSED] - callTestCase(findTestCase("0.1-Login"), [:], STOP_ON_FAILURE): Call Test Case 'Test Cases/0.1-Login' successfully

2022-05-04 11:38:53 - [TEST_CASE][PASSED] - Test Cases/0.1-Login: Test Cases/0.1-Login

2022-05-04 11:38:53 - [TEST_STEP][PASSED] - openBrowser(""): Browser is opened with url: ''

2022-05-04 11:38:53 - [MESSAGE][INFO] - Starting 'Chrome' driver

2022-05-04 11:38:53 - [MESSAGE][INFO] - Action delay is set to 0 milliseconds

2022-05-04 11:38:54 - [MESSAGE][PASSED] - Browser is opened with url: ''

2022-05-04 11:38:54 - [TEST_STEP][PASSED] - maximizeWindow(): Current window maximized

2022-05-04 11:38:55 - [MESSAGE][PASSED] - Current window maximized

2022-05-04 11:38:55 - [TEST_STEP][PASSED] - i = G_Login: null

2022-05-04 11:38:55 - [TEST_STEP][PASSED] - url = new java.net.URL(i): null

2022-05-04 11:38:55 - [TEST_STEP][PASSED] - println("URL: " + url.toString()): null

2022-05-04 11:38:55 - [TEST_STEP][PASSED] - connection = url.openConnection(): null

2022-05-04 11:38:55 - [TEST_STEP][PASSED] - connection.setRequestMethod("GET"): null

2022-05-04 11:38:55 - [TEST_STEP][PASSED] - connection.setReadTimeout(2 * 1000): null

2022-05-04 11:38:55 - [TEST_STEP][PASSED] - try: null

2022-05-04 11:38:55 - [TEST_STEP][PASSED] - connection.connect(): null

2022-05-04 11:38:55 - [TEST_STEP][PASSED] - flag = connected: null

2022-05-04 11:38:55 - [TEST_STEP][PASSED] - println("Valor_ori: " + flag): null

2022-05-04 11:38:55 - [TEST_STEP][PASSED] - if (flag): null

2022-05-04 11:38:55 - [TEST_STEP][PASSED] - navigateToUrl(i): Navigate to 'http://192.168.2.19:8380/saraweb' successfully

2022-05-04 11:38:55 - [MESSAGE][PASSED] - Navigate to 'http://192.168.2.19:8380/saraweb' successfully

2022-05-04 11:38:55 - [TEST_STEP][PASSED] - a(): null

2022-05-04 11:38:55 - [TEST_STEP][PASSED] - setText(findTestObject("3-OBJECTS UTILIDADES/Login/input_USUARIO_loginusuario"), G_Usuario): Text 'saraadmin' is set on object 'Object Repository/3-OBJECTS UTILIDADES/Login/input_USUARIO_loginusuario'

2022-05-04 11:38:56 - [MESSAGE][PASSED] - Text 'saraadmin' is set on object 'Object Repository/3-OBJECTS UTILIDADES/Login/input_USUARIO_loginusuario'

2022-05-04 11:38:56 - [TEST_STEP][PASSED] - setEncryptedText(findTestObject("3-OBJECTS UTILIDADES/Login/input_CLAVE_loginpassword"), "MkG4/TYiCFC3cb2driP7+Q=="): Text ****** has been set on object 'Object Repository/3-OBJECTS UTILIDADES/Login/input_CLAVE_loginpassword'

2022-05-04 11:38:56 - [MESSAGE][PASSED] - Text ****** has been set on object 'Object Repository/3-OBJECTS UTILIDADES/Login/input_CLAVE_loginpassword'

2022-05-04 11:38:56 - [TEST_STEP][PASSED] - waitForElementClickable(findTestObject("3-OBJECTS UTILIDADES/Login/a_Ingresar"), G_TimeOut): Object 'Object Repository/3-OBJECTS UTILIDADES/Login/a_Ingresar' is clickable

2022-05-04 11:38:57 - [MESSAGE][PASSED] - Object 'Object Repository/3-OBJECTS UTILIDADES/Login/a_Ingresar' is clickable

2022-05-04 11:38:57 - [TEST_STEP][PASSED] - click(findTestObject("3-OBJECTS UTILIDADES/Login/a_Ingresar")): Object: 'Object Repository/3-OBJECTS UTILIDADES/Login/a_Ingresar' is clicked on

2022-05-04 11:38:58 - [MESSAGE][PASSED] - Object: 'Object Repository/3-OBJECTS UTILIDADES/Login/a_Ingresar' is clicked on

2022-05-04 11:38:58 - [TEST_STEP][PASSED] - element = findWebElement(findTestObject("3-OBJECTS UTILIDADES/Login/a_Ir"), 30): null

2022-05-04 11:38:58 - [TEST_STEP][PASSED] - executeJavaScript("arguments[0].click()", Arrays.asList(element)): Execute JavaScript 'arguments[0].click()' successfully

2022-05-04 11:38:58 - [MESSAGE][PASSED] - Execute JavaScript 'arguments[0].click()' successfully

2022-05-04 11:38:58 - [MESSAGE][PASSED] - Call Test Case 'Test Cases/0.1-Login' successfully

2022-05-04 11:38:58 - [TEST_STEP][PASSED] - setText(findTestObject("2-OBJECTS TAREAS SECUNDARIAS/Pruebas Compensación/Listado_Empleados/input_Empresa 1_form_templatej_idt24_input (1)"), "Listado persona"): Text 'Listado persona' is set on object 'Object Repository/2-OBJECTS TAREAS SECUNDARIAS/Pruebas Compensación/Listado_Empleados/input_Empresa 1_form_templatej_idt24_input (1)'

2022-05-04 11:39:00 - [MESSAGE][PASSED] - Text 'Listado persona' is set on object 'Object Repository/2-OBJECTS TAREAS SECUNDARIAS/Pruebas Compensación/Listado_Empleados/input_Empresa 1_form_templatej_idt24_input (1)'

2022-05-04 11:39:00 - [TEST_STEP][PASSED] - click(findTestObject("2-OBJECTS TAREAS SECUNDARIAS/Prueba Control De Tiempo/Reloj/span_Listado Persona")): Object: 'Object Repository/2-OBJECTS TAREAS SECUNDARIAS/Prueba Control De Tiempo/Reloj/span_Listado Persona' is clicked on

2022-05-04 11:39:01 - [MESSAGE][PASSED] - Object: 'Object Repository/2-OBJECTS TAREAS SECUNDARIAS/Prueba Control De Tiempo/Reloj/span_Listado Persona' is clicked on

2022-05-04 11:39:01 - [TEST_STEP][PASSED] - click(findTestObject("2-OBJECTS TAREAS SECUNDARIAS/Prueba Control De Tiempo/Reloj/td_1010220596")): Object: 'Object Repository/2-OBJECTS TAREAS SECUNDARIAS/Prueba Control De Tiempo/Reloj/td_1010220596' is clicked on

2022-05-04 11:39:02 - [MESSAGE][PASSED] - Object: 'Object Repository/2-OBJECTS TAREAS SECUNDARIAS/Prueba Control De Tiempo/Reloj/td_1010220596' is clicked on

2022-05-04 11:39:02 - [TEST_STEP][PASSED] - click(findTestObject("2-OBJECTS TAREAS SECUNDARIAS/Prueba Control De Tiempo/Reloj/a_Reloj")): Object: 'Object Repository/2-OBJECTS TAREAS SECUNDARIAS/Prueba Control De Tiempo/Reloj/a_Reloj' is clicked on

2022-05-04 11:39:02 - [MESSAGE][PASSED] - Object: 'Object Repository/2-OBJECTS TAREAS SECUNDARIAS/Prueba Control De Tiempo/Reloj/a_Reloj' is clicked on

2022-05-04 11:39:02 - [TEST_STEP][PASSED] - if (waitForElementVisible(findTestObject("2-OBJECTS TAREAS SECUNDARIAS/Prueba Control De Tiempo/Reloj/td_20210701 1800"), 1)): null

2022-05-04 11:39:03 - [MESSAGE][PASSED] - Object 'Object Repository/2-OBJECTS TAREAS SECUNDARIAS/Prueba Control De Tiempo/Reloj/td_20210701 1800' is visible

2022-05-04 11:39:03 - [TEST_STEP][PASSED] - click(findTestObject("2-OBJECTS TAREAS SECUNDARIAS/Prueba Control De Tiempo/Reloj/td_20210701 1800")): Object: 'Object Repository/2-OBJECTS TAREAS SECUNDARIAS/Prueba Control De Tiempo/Reloj/td_20210701 1800' is clicked on

2022-05-04 11:39:03 - [MESSAGE][PASSED] - Object: 'Object Repository/2-OBJECTS TAREAS SECUNDARIAS/Prueba Control De Tiempo/Reloj/td_20210701 1800' is clicked on

2022-05-04 11:39:03 - [TEST_STEP][PASSED] - click(findTestObject("2-OBJECTS TAREAS SECUNDARIAS/Prueba Control De Tiempo/Reloj/a_Eliminar")): Object: 'Object Repository/2-OBJECTS TAREAS SECUNDARIAS/Prueba Control De Tiempo/Reloj/a_Eliminar' is clicked on

2022-05-04 11:39:04 - [MESSAGE][PASSED] - Object: 'Object Repository/2-OBJECTS TAREAS SECUNDARIAS/Prueba Control De Tiempo/Reloj/a_Eliminar' is clicked on

2022-05-04 11:39:04 - [TEST_STEP][PASSED] - click(findTestObject("2-OBJECTS TAREAS SECUNDARIAS/Prueba Control De Tiempo/Reloj/a_Aceptar")): Object: 'Object Repository/2-OBJECTS TAREAS SECUNDARIAS/Prueba Control De Tiempo/Reloj/a_Aceptar' is clicked on

2022-05-04 11:39:05 - [MESSAGE][PASSED] - Object: 'Object Repository/2-OBJECTS TAREAS SECUNDARIAS/Prueba Control De Tiempo/Reloj/a_Aceptar' is clicked on

2022-05-04 11:39:05 - [TEST_STEP][PASSED] - click(findTestObject("2-OBJECTS TAREAS SECUNDARIAS/Prueba Control De Tiempo/Reloj/a_Nuevo")): Object: 'Object Repository/2-OBJECTS TAREAS SECUNDARIAS/Prueba Control De Tiempo/Reloj/a_Nuevo' is clicked on

2022-05-04 11:39:05 - [MESSAGE][PASSED] - Object: 'Object Repository/2-OBJECTS TAREAS SECUNDARIAS/Prueba Control De Tiempo/Reloj/a_Nuevo' is clicked on

2022-05-04 11:39:05 - [TEST_STEP][PASSED] - selectOptionByIndex(findTestObject("2-OBJECTS TAREAS SECUNDARIAS/Prueba Control De Tiempo/Reloj/select_AbiertoCerrado"), 1): All options with index in [1] are selected on object 'Object Repository/2-OBJECTS TAREAS SECUNDARIAS/Prueba Control De Tiempo/Reloj/select_AbiertoCerrado'

2022-05-04 11:39:07 - [MESSAGE][PASSED] - All options with index in [1] are selected on object 'Object Repository/2-OBJECTS TAREAS SECUNDARIAS/Prueba Control De Tiempo/Reloj/select_AbiertoCerrado'

2022-05-04 11:39:07 - [TEST_STEP][PASSED] - setText(findTestObject("2-OBJECTS TAREAS SECUNDARIAS/Prueba Control De Tiempo/Reloj/input_Fecha Inicial_formPopupRelojfechaIni_input"), "01/07/2021"): Text '01/07/2021' is set on object 'Object Repository/2-OBJECTS TAREAS SECUNDARIAS/Prueba Control De Tiempo/Reloj/input_Fecha Inicial_formPopupRelojfechaIni_input'

2022-05-04 11:39:08 - [MESSAGE][PASSED] - Text '01/07/2021' is set on object 'Object Repository/2-OBJECTS TAREAS SECUNDARIAS/Prueba Control De Tiempo/Reloj/input_Fecha Inicial_formPopupRelojfechaIni_input'

2022-05-04 11:39:08 - [TEST_STEP][PASSED] - setText(findTestObject("2-OBJECTS TAREAS SECUNDARIAS/Prueba Control De Tiempo/Reloj/input_Fecha Final_formPopupRelojfechaFin_input"), "30/07/2021"): Text '30/07/2021' is set on object 'Object Repository/2-OBJECTS TAREAS SECUNDARIAS/Prueba Control De Tiempo/Reloj/input_Fecha Final_formPopupRelojfechaFin_input'

2022-05-04 11:39:09 - [MESSAGE][PASSED] - Text '30/07/2021' is set on object 'Object Repository/2-OBJECTS TAREAS SECUNDARIAS/Prueba Control De Tiempo/Reloj/input_Fecha Final_formPopupRelojfechaFin_input'

2022-05-04 11:39:09 - [TEST_STEP][PASSED] - setText(findTestObject("2-OBJECTS TAREAS SECUNDARIAS/Prueba Control De Tiempo/Reloj/input_Hora_formPopupRelojhoraIni"), "08"): Text '08' is set on object 'Object Repository/2-OBJECTS TAREAS SECUNDARIAS/Prueba Control De Tiempo/Reloj/input_Hora_formPopupRelojhoraIni'

2022-05-04 11:39:10 - [MESSAGE][PASSED] - Text '08' is set on object 'Object Repository/2-OBJECTS TAREAS SECUNDARIAS/Prueba Control De Tiempo/Reloj/input_Hora_formPopupRelojhoraIni'

2022-05-04 11:39:10 - [TEST_STEP][PASSED] - setText(findTestObject("2-OBJECTS TAREAS SECUNDARIAS/Prueba Control De Tiempo/Reloj/input__formPopupRelojminutoIni"), "10"): Text '10' is set on object 'Object Repository/2-OBJECTS TAREAS SECUNDARIAS/Prueba Control De Tiempo/Reloj/input__formPopupRelojminutoIni'

2022-05-04 11:39:11 - [MESSAGE][PASSED] - Text '10' is set on object 'Object Repository/2-OBJECTS TAREAS SECUNDARIAS/Prueba Control De Tiempo/Reloj/input__formPopupRelojminutoIni'

2022-05-04 11:39:11 - [TEST_STEP][PASSED] - setText(findTestObject("2-OBJECTS TAREAS SECUNDARIAS/Prueba Control De Tiempo/Reloj/input__formPopupRelojhoraFin"), "18"): Text '18' is set on object 'Object Repository/2-OBJECTS TAREAS SECUNDARIAS/Prueba Control De Tiempo/Reloj/input__formPopupRelojhoraFin'

2022-05-04 11:39:11 - [MESSAGE][PASSED] - Text '18' is set on object 'Object Repository/2-OBJECTS TAREAS SECUNDARIAS/Prueba Control De Tiempo/Reloj/input__formPopupRelojhoraFin'

2022-05-04 11:39:11 - [TEST_STEP][PASSED] - setText(findTestObject("2-OBJECTS TAREAS SECUNDARIAS/Prueba Control De Tiempo/Reloj/input__formPopupRelojminutoFin"), "00"): Text '00' is set on object 'Object Repository/2-OBJECTS TAREAS SECUNDARIAS/Prueba Control De Tiempo/Reloj/input__formPopupRelojminutoFin'

2022-05-04 11:39:12 - [MESSAGE][PASSED] - Text '00' is set on object 'Object Repository/2-OBJECTS TAREAS SECUNDARIAS/Prueba Control De Tiempo/Reloj/input__formPopupRelojminutoFin'

2022-05-04 11:39:12 - [TEST_STEP][PASSED] - click(findTestObject("2-OBJECTS TAREAS SECUNDARIAS/Prueba Control De Tiempo/Reloj/a_Guardar")): Object: 'Object Repository/2-OBJECTS TAREAS SECUNDARIAS/Prueba Control De Tiempo/Reloj/a_Guardar' is clicked on

2022-05-04 11:39:12 - [MESSAGE][PASSED] - Object: 'Object Repository/2-OBJECTS TAREAS SECUNDARIAS/Prueba Control De Tiempo/Reloj/a_Guardar' is clicked on

2022-05-04 11:39:12 - [TEST_STEP][PASSED] - Result = getText(findTestObject("3-OBJECTS UTILIDADES/Alerta/Alerta")): Text of object 'Object Repository/3-OBJECTS UTILIDADES/Alerta/Alerta' is: 'Se ingreso el registro'

2022-05-04 11:39:13 - [MESSAGE][PASSED] - Text of object 'Object Repository/3-OBJECTS UTILIDADES/Alerta/Alerta' is: 'Se ingreso el registro'

2022-05-04 11:39:13 - [TEST_STEP][PASSED] - if (Result == "Se ingreso el registro"): null

2022-05-04 11:39:13 - [TEST_STEP][PASSED] - Resultado = "PRUEBA OK": null]]></system-out>
         <system-err><![CDATA[]]></system-err>
      </testcase>
      <testcase name="Test Cases/1.2-Tareas_Secundarias/A.3-Pruebas_control_tiempos/13.1.7-Dispositivo" time="15.964" classname="Test Cases/1.2-Tareas_Secundarias/A.3-Pruebas_control_tiempos/13.1.7-Dispositivo" status="PASSED">
         <system-out><![CDATA[2022-05-04 11:39:13 - [TEST_CASE][PASSED] - Test Cases/1.2-Tareas_Secundarias/A.3-Pruebas_control_tiempos/13.1.7-Dispositivo: Test Cases/1.2-Tareas_Secundarias/A.3-Pruebas_control_tiempos/13.1.7-Dispositivo

2022-05-04 11:39:14 - [TEST_STEP][PASSED] - callTestCase(findTestCase("0.1-Login"), [:], STOP_ON_FAILURE): Call Test Case 'Test Cases/0.1-Login' successfully

2022-05-04 11:39:14 - [TEST_CASE][PASSED] - Test Cases/0.1-Login: Test Cases/0.1-Login

2022-05-04 11:39:14 - [TEST_STEP][PASSED] - openBrowser(""): Browser is opened with url: ''

2022-05-04 11:39:14 - [MESSAGE][WARNING] - A browser is already opened. Closing browser and opening a new one

2022-05-04 11:39:15 - [MESSAGE][INFO] - Starting 'Chrome' driver

2022-05-04 11:39:15 - [MESSAGE][INFO] - Action delay is set to 0 milliseconds

2022-05-04 11:39:16 - [MESSAGE][PASSED] - Browser is opened with url: ''

2022-05-04 11:39:16 - [TEST_STEP][PASSED] - maximizeWindow(): Current window maximized

2022-05-04 11:39:16 - [MESSAGE][PASSED] - Current window maximized

2022-05-04 11:39:16 - [TEST_STEP][PASSED] - i = G_Login: null

2022-05-04 11:39:16 - [TEST_STEP][PASSED] - url = new java.net.URL(i): null

2022-05-04 11:39:16 - [TEST_STEP][PASSED] - println("URL: " + url.toString()): null

2022-05-04 11:39:16 - [TEST_STEP][PASSED] - connection = url.openConnection(): null

2022-05-04 11:39:16 - [TEST_STEP][PASSED] - connection.setRequestMethod("GET"): null

2022-05-04 11:39:16 - [TEST_STEP][PASSED] - connection.setReadTimeout(2 * 1000): null

2022-05-04 11:39:16 - [TEST_STEP][PASSED] - try: null

2022-05-04 11:39:16 - [TEST_STEP][PASSED] - connection.connect(): null

2022-05-04 11:39:16 - [TEST_STEP][PASSED] - flag = connected: null

2022-05-04 11:39:16 - [TEST_STEP][PASSED] - println("Valor_ori: " + flag): null

2022-05-04 11:39:16 - [TEST_STEP][PASSED] - if (flag): null

2022-05-04 11:39:16 - [TEST_STEP][PASSED] - navigateToUrl(i): Navigate to 'http://192.168.2.19:8380/saraweb' successfully

2022-05-04 11:39:16 - [MESSAGE][PASSED] - Navigate to 'http://192.168.2.19:8380/saraweb' successfully

2022-05-04 11:39:16 - [TEST_STEP][PASSED] - a(): null

2022-05-04 11:39:16 - [TEST_STEP][PASSED] - setText(findTestObject("3-OBJECTS UTILIDADES/Login/input_USUARIO_loginusuario"), G_Usuario): Text 'saraadmin' is set on object 'Object Repository/3-OBJECTS UTILIDADES/Login/input_USUARIO_loginusuario'

2022-05-04 11:39:17 - [MESSAGE][PASSED] - Text 'saraadmin' is set on object 'Object Repository/3-OBJECTS UTILIDADES/Login/input_USUARIO_loginusuario'

2022-05-04 11:39:17 - [TEST_STEP][PASSED] - setEncryptedText(findTestObject("3-OBJECTS UTILIDADES/Login/input_CLAVE_loginpassword"), "MkG4/TYiCFC3cb2driP7+Q=="): Text ****** has been set on object 'Object Repository/3-OBJECTS UTILIDADES/Login/input_CLAVE_loginpassword'

2022-05-04 11:39:18 - [MESSAGE][PASSED] - Text ****** has been set on object 'Object Repository/3-OBJECTS UTILIDADES/Login/input_CLAVE_loginpassword'

2022-05-04 11:39:18 - [TEST_STEP][PASSED] - waitForElementClickable(findTestObject("3-OBJECTS UTILIDADES/Login/a_Ingresar"), G_TimeOut): Object 'Object Repository/3-OBJECTS UTILIDADES/Login/a_Ingresar' is clickable

2022-05-04 11:39:18 - [MESSAGE][PASSED] - Object 'Object Repository/3-OBJECTS UTILIDADES/Login/a_Ingresar' is clickable

2022-05-04 11:39:18 - [TEST_STEP][PASSED] - click(findTestObject("3-OBJECTS UTILIDADES/Login/a_Ingresar")): Object: 'Object Repository/3-OBJECTS UTILIDADES/Login/a_Ingresar' is clicked on

2022-05-04 11:39:20 - [MESSAGE][PASSED] - Object: 'Object Repository/3-OBJECTS UTILIDADES/Login/a_Ingresar' is clicked on

2022-05-04 11:39:20 - [TEST_STEP][PASSED] - element = findWebElement(findTestObject("3-OBJECTS UTILIDADES/Login/a_Ir"), 30): null

2022-05-04 11:39:20 - [TEST_STEP][PASSED] - executeJavaScript("arguments[0].click()", Arrays.asList(element)): Execute JavaScript 'arguments[0].click()' successfully

2022-05-04 11:39:20 - [MESSAGE][PASSED] - Execute JavaScript 'arguments[0].click()' successfully

2022-05-04 11:39:20 - [MESSAGE][PASSED] - Call Test Case 'Test Cases/0.1-Login' successfully

2022-05-04 11:39:20 - [TEST_STEP][PASSED] - setText(findTestObject("2-OBJECTS TAREAS SECUNDARIAS/Pruebas Compensación/Listado_Empleados/input_Empresa 1_form_templatej_idt24_input (1)"), "listado persona"): Text 'listado persona' is set on object 'Object Repository/2-OBJECTS TAREAS SECUNDARIAS/Pruebas Compensación/Listado_Empleados/input_Empresa 1_form_templatej_idt24_input (1)'

2022-05-04 11:39:21 - [MESSAGE][PASSED] - Text 'listado persona' is set on object 'Object Repository/2-OBJECTS TAREAS SECUNDARIAS/Pruebas Compensación/Listado_Empleados/input_Empresa 1_form_templatej_idt24_input (1)'

2022-05-04 11:39:21 - [TEST_STEP][PASSED] - click(findTestObject("2-OBJECTS TAREAS SECUNDARIAS/Prueba Control De Tiempo/Dispositivo/span_Listado Persona")): Object: 'Object Repository/2-OBJECTS TAREAS SECUNDARIAS/Prueba Control De Tiempo/Dispositivo/span_Listado Persona' is clicked on

2022-05-04 11:39:23 - [MESSAGE][PASSED] - Object: 'Object Repository/2-OBJECTS TAREAS SECUNDARIAS/Prueba Control De Tiempo/Dispositivo/span_Listado Persona' is clicked on

2022-05-04 11:39:23 - [TEST_STEP][PASSED] - click(findTestObject("2-OBJECTS TAREAS SECUNDARIAS/Prueba Control De Tiempo/Dispositivo/td_1010220596")): Object: 'Object Repository/2-OBJECTS TAREAS SECUNDARIAS/Prueba Control De Tiempo/Dispositivo/td_1010220596' is clicked on

2022-05-04 11:39:23 - [MESSAGE][PASSED] - Object: 'Object Repository/2-OBJECTS TAREAS SECUNDARIAS/Prueba Control De Tiempo/Dispositivo/td_1010220596' is clicked on

2022-05-04 11:39:23 - [TEST_STEP][PASSED] - click(findTestObject("2-OBJECTS TAREAS SECUNDARIAS/Prueba Control De Tiempo/Dispositivo/a_dispositivo")): Object: 'Object Repository/2-OBJECTS TAREAS SECUNDARIAS/Prueba Control De Tiempo/Dispositivo/a_dispositivo' is clicked on

2022-05-04 11:39:24 - [MESSAGE][PASSED] - Object: 'Object Repository/2-OBJECTS TAREAS SECUNDARIAS/Prueba Control De Tiempo/Dispositivo/a_dispositivo' is clicked on

2022-05-04 11:39:24 - [TEST_STEP][PASSED] - if (waitForElementVisible(findTestObject("2-OBJECTS TAREAS SECUNDARIAS/Prueba Control De Tiempo/Dispositivo/td_-"), 1)): null

2022-05-04 11:39:25 - [MESSAGE][PASSED] - Object 'Object Repository/2-OBJECTS TAREAS SECUNDARIAS/Prueba Control De Tiempo/Dispositivo/td_-' is visible

2022-05-04 11:39:25 - [TEST_STEP][PASSED] - click(findTestObject("2-OBJECTS TAREAS SECUNDARIAS/Prueba Control De Tiempo/Dispositivo/td_-")): Object: 'Object Repository/2-OBJECTS TAREAS SECUNDARIAS/Prueba Control De Tiempo/Dispositivo/td_-' is clicked on

2022-05-04 11:39:25 - [MESSAGE][PASSED] - Object: 'Object Repository/2-OBJECTS TAREAS SECUNDARIAS/Prueba Control De Tiempo/Dispositivo/td_-' is clicked on

2022-05-04 11:39:25 - [TEST_STEP][PASSED] - element = findWebElement(findTestObject("2-OBJECTS TAREAS SECUNDARIAS/Prueba Control De Tiempo/Dispositivo/span_Remove All"), 30): null

2022-05-04 11:39:26 - [TEST_STEP][PASSED] - executeJavaScript("arguments[0].click()", Arrays.asList(element)): Execute JavaScript 'arguments[0].click()' successfully

2022-05-04 11:39:26 - [MESSAGE][PASSED] - Execute JavaScript 'arguments[0].click()' successfully

2022-05-04 11:39:26 - [TEST_STEP][PASSED] - click(findTestObject("2-OBJECTS TAREAS SECUNDARIAS/Prueba Control De Tiempo/Dispositivo/span_Huella Digital")): Object: 'Object Repository/2-OBJECTS TAREAS SECUNDARIAS/Prueba Control De Tiempo/Dispositivo/span_Huella Digital' is clicked on

2022-05-04 11:39:27 - [MESSAGE][PASSED] - Object: 'Object Repository/2-OBJECTS TAREAS SECUNDARIAS/Prueba Control De Tiempo/Dispositivo/span_Huella Digital' is clicked on

2022-05-04 11:39:27 - [TEST_STEP][PASSED] - click(findTestObject("2-OBJECTS TAREAS SECUNDARIAS/Prueba Control De Tiempo/Dispositivo/span_Huella Digital_ui-button-icon-left ui-icon ui-c ui-icon ui-icon-arrow-1-e")): Object: 'Object Repository/2-OBJECTS TAREAS SECUNDARIAS/Prueba Control De Tiempo/Dispositivo/span_Huella Digital_ui-button-icon-left ui-icon ui-c ui-icon ui-icon-arrow-1-e' is clicked on

2022-05-04 11:39:27 - [MESSAGE][PASSED] - Object: 'Object Repository/2-OBJECTS TAREAS SECUNDARIAS/Prueba Control De Tiempo/Dispositivo/span_Huella Digital_ui-button-icon-left ui-icon ui-c ui-icon ui-icon-arrow-1-e' is clicked on

2022-05-04 11:39:27 - [TEST_STEP][PASSED] - if (waitForElementVisible(findTestObject("2-OBJECTS TAREAS SECUNDARIAS/Prueba Control De Tiempo/Dispositivo/td_-"), 1)): null

2022-05-04 11:39:29 - [MESSAGE][PASSED] - Object 'Object Repository/2-OBJECTS TAREAS SECUNDARIAS/Prueba Control De Tiempo/Dispositivo/td_-' is visible

2022-05-04 11:39:29 - [TEST_STEP][PASSED] - Resultado = "PRUEBA OK": null

2022-05-04 11:39:29 - [TEST_STEP][PASSED] - closeBrowser(): Browser is closed

2022-05-04 11:39:29 - [MESSAGE][PASSED] - Browser is closed]]></system-out>
         <system-err><![CDATA[]]></system-err>
      </testcase>
      <testcase name="Test Cases/1.2-Tareas_Secundarias/A.3-Pruebas_control_tiempos/13.1.8-Funciones" time="13.887" classname="Test Cases/1.2-Tareas_Secundarias/A.3-Pruebas_control_tiempos/13.1.8-Funciones" status="PASSED">
         <system-out><![CDATA[2022-05-04 11:39:29 - [TEST_CASE][PASSED] - Test Cases/1.2-Tareas_Secundarias/A.3-Pruebas_control_tiempos/13.1.8-Funciones: Test Cases/1.2-Tareas_Secundarias/A.3-Pruebas_control_tiempos/13.1.8-Funciones

2022-05-04 11:39:30 - [TEST_STEP][PASSED] - callTestCase(findTestCase("0.1-Login"), [:], STOP_ON_FAILURE): Call Test Case 'Test Cases/0.1-Login' successfully

2022-05-04 11:39:30 - [TEST_CASE][PASSED] - Test Cases/0.1-Login: Test Cases/0.1-Login

2022-05-04 11:39:30 - [TEST_STEP][PASSED] - openBrowser(""): Browser is opened with url: ''

2022-05-04 11:39:30 - [MESSAGE][INFO] - Starting 'Chrome' driver

2022-05-04 11:39:30 - [MESSAGE][INFO] - Action delay is set to 0 milliseconds

2022-05-04 11:39:31 - [MESSAGE][PASSED] - Browser is opened with url: ''

2022-05-04 11:39:31 - [TEST_STEP][PASSED] - maximizeWindow(): Current window maximized

2022-05-04 11:39:31 - [MESSAGE][PASSED] - Current window maximized

2022-05-04 11:39:31 - [TEST_STEP][PASSED] - i = G_Login: null

2022-05-04 11:39:31 - [TEST_STEP][PASSED] - url = new java.net.URL(i): null

2022-05-04 11:39:31 - [TEST_STEP][PASSED] - println("URL: " + url.toString()): null

2022-05-04 11:39:31 - [TEST_STEP][PASSED] - connection = url.openConnection(): null

2022-05-04 11:39:31 - [TEST_STEP][PASSED] - connection.setRequestMethod("GET"): null

2022-05-04 11:39:31 - [TEST_STEP][PASSED] - connection.setReadTimeout(2 * 1000): null

2022-05-04 11:39:31 - [TEST_STEP][PASSED] - try: null

2022-05-04 11:39:31 - [TEST_STEP][PASSED] - connection.connect(): null

2022-05-04 11:39:31 - [TEST_STEP][PASSED] - flag = connected: null

2022-05-04 11:39:31 - [TEST_STEP][PASSED] - println("Valor_ori: " + flag): null

2022-05-04 11:39:31 - [TEST_STEP][PASSED] - if (flag): null

2022-05-04 11:39:31 - [TEST_STEP][PASSED] - navigateToUrl(i): Navigate to 'http://192.168.2.19:8380/saraweb' successfully

2022-05-04 11:39:31 - [MESSAGE][PASSED] - Navigate to 'http://192.168.2.19:8380/saraweb' successfully

2022-05-04 11:39:31 - [TEST_STEP][PASSED] - a(): null

2022-05-04 11:39:31 - [TEST_STEP][PASSED] - setText(findTestObject("3-OBJECTS UTILIDADES/Login/input_USUARIO_loginusuario"), G_Usuario): Text 'saraadmin' is set on object 'Object Repository/3-OBJECTS UTILIDADES/Login/input_USUARIO_loginusuario'

2022-05-04 11:39:32 - [MESSAGE][PASSED] - Text 'saraadmin' is set on object 'Object Repository/3-OBJECTS UTILIDADES/Login/input_USUARIO_loginusuario'

2022-05-04 11:39:32 - [TEST_STEP][PASSED] - setEncryptedText(findTestObject("3-OBJECTS UTILIDADES/Login/input_CLAVE_loginpassword"), "MkG4/TYiCFC3cb2driP7+Q=="): Text ****** has been set on object 'Object Repository/3-OBJECTS UTILIDADES/Login/input_CLAVE_loginpassword'

2022-05-04 11:39:33 - [MESSAGE][PASSED] - Text ****** has been set on object 'Object Repository/3-OBJECTS UTILIDADES/Login/input_CLAVE_loginpassword'

2022-05-04 11:39:33 - [TEST_STEP][PASSED] - waitForElementClickable(findTestObject("3-OBJECTS UTILIDADES/Login/a_Ingresar"), G_TimeOut): Object 'Object Repository/3-OBJECTS UTILIDADES/Login/a_Ingresar' is clickable

2022-05-04 11:39:33 - [MESSAGE][PASSED] - Object 'Object Repository/3-OBJECTS UTILIDADES/Login/a_Ingresar' is clickable

2022-05-04 11:39:33 - [TEST_STEP][PASSED] - click(findTestObject("3-OBJECTS UTILIDADES/Login/a_Ingresar")): Object: 'Object Repository/3-OBJECTS UTILIDADES/Login/a_Ingresar' is clicked on

2022-05-04 11:39:35 - [MESSAGE][PASSED] - Object: 'Object Repository/3-OBJECTS UTILIDADES/Login/a_Ingresar' is clicked on

2022-05-04 11:39:35 - [TEST_STEP][PASSED] - element = findWebElement(findTestObject("3-OBJECTS UTILIDADES/Login/a_Ir"), 30): null

2022-05-04 11:39:35 - [TEST_STEP][PASSED] - executeJavaScript("arguments[0].click()", Arrays.asList(element)): Execute JavaScript 'arguments[0].click()' successfully

2022-05-04 11:39:35 - [MESSAGE][PASSED] - Execute JavaScript 'arguments[0].click()' successfully

2022-05-04 11:39:35 - [MESSAGE][PASSED] - Call Test Case 'Test Cases/0.1-Login' successfully

2022-05-04 11:39:35 - [TEST_STEP][PASSED] - setText(findTestObject("2-OBJECTS TAREAS SECUNDARIAS/Pruebas Compensación/Listado_Empleados/input_Empresa 1_form_templatej_idt24_input (1)"), "Listado persona"): Text 'Listado persona' is set on object 'Object Repository/2-OBJECTS TAREAS SECUNDARIAS/Pruebas Compensación/Listado_Empleados/input_Empresa 1_form_templatej_idt24_input (1)'

2022-05-04 11:39:36 - [MESSAGE][PASSED] - Text 'Listado persona' is set on object 'Object Repository/2-OBJECTS TAREAS SECUNDARIAS/Pruebas Compensación/Listado_Empleados/input_Empresa 1_form_templatej_idt24_input (1)'

2022-05-04 11:39:36 - [TEST_STEP][PASSED] - click(findTestObject("2-OBJECTS TAREAS SECUNDARIAS/Prueba Control De Tiempo/Funciones/span_Listado Persona")): Object: 'Object Repository/2-OBJECTS TAREAS SECUNDARIAS/Prueba Control De Tiempo/Funciones/span_Listado Persona' is clicked on

2022-05-04 11:39:38 - [MESSAGE][PASSED] - Object: 'Object Repository/2-OBJECTS TAREAS SECUNDARIAS/Prueba Control De Tiempo/Funciones/span_Listado Persona' is clicked on

2022-05-04 11:39:38 - [TEST_STEP][PASSED] - click(findTestObject("2-OBJECTS TAREAS SECUNDARIAS/Prueba Control De Tiempo/Funciones/td_1010220596")): Object: 'Object Repository/2-OBJECTS TAREAS SECUNDARIAS/Prueba Control De Tiempo/Funciones/td_1010220596' is clicked on

2022-05-04 11:39:39 - [MESSAGE][PASSED] - Object: 'Object Repository/2-OBJECTS TAREAS SECUNDARIAS/Prueba Control De Tiempo/Funciones/td_1010220596' is clicked on

2022-05-04 11:39:39 - [TEST_STEP][PASSED] - click(findTestObject("2-OBJECTS TAREAS SECUNDARIAS/Prueba Control De Tiempo/Funciones/a_Funciones")): Object: 'Object Repository/2-OBJECTS TAREAS SECUNDARIAS/Prueba Control De Tiempo/Funciones/a_Funciones' is clicked on

2022-05-04 11:39:39 - [MESSAGE][PASSED] - Object: 'Object Repository/2-OBJECTS TAREAS SECUNDARIAS/Prueba Control De Tiempo/Funciones/a_Funciones' is clicked on

2022-05-04 11:39:39 - [TEST_STEP][PASSED] - click(findTestObject("2-OBJECTS TAREAS SECUNDARIAS/Prueba Control De Tiempo/Funciones/td_1")): Object: 'Object Repository/2-OBJECTS TAREAS SECUNDARIAS/Prueba Control De Tiempo/Funciones/td_1' is clicked on

2022-05-04 11:39:41 - [MESSAGE][PASSED] - Object: 'Object Repository/2-OBJECTS TAREAS SECUNDARIAS/Prueba Control De Tiempo/Funciones/td_1' is clicked on

2022-05-04 11:39:41 - [TEST_STEP][PASSED] - waitForElementVisible(findTestObject("2-OBJECTS TAREAS SECUNDARIAS/Prueba Control De Tiempo/Funciones/a_Cancelar"), 2): Object 'Object Repository/2-OBJECTS TAREAS SECUNDARIAS/Prueba Control De Tiempo/Funciones/a_Cancelar' is visible

2022-05-04 11:39:41 - [MESSAGE][PASSED] - Object 'Object Repository/2-OBJECTS TAREAS SECUNDARIAS/Prueba Control De Tiempo/Funciones/a_Cancelar' is visible

2022-05-04 11:39:41 - [TEST_STEP][PASSED] - click(findTestObject("2-OBJECTS TAREAS SECUNDARIAS/Prueba Control De Tiempo/Funciones/a_Cancelar")): Object: 'Object Repository/2-OBJECTS TAREAS SECUNDARIAS/Prueba Control De Tiempo/Funciones/a_Cancelar' is clicked on

2022-05-04 11:39:42 - [MESSAGE][PASSED] - Object: 'Object Repository/2-OBJECTS TAREAS SECUNDARIAS/Prueba Control De Tiempo/Funciones/a_Cancelar' is clicked on

2022-05-04 11:39:42 - [TEST_STEP][PASSED] - if (waitForElementVisible(findTestObject("2-OBJECTS TAREAS SECUNDARIAS/Prueba Control De Tiempo/Funciones/td_1"), 1)): null

2022-05-04 11:39:42 - [MESSAGE][PASSED] - Object 'Object Repository/2-OBJECTS TAREAS SECUNDARIAS/Prueba Control De Tiempo/Funciones/td_1' is visible

2022-05-04 11:39:42 - [TEST_STEP][PASSED] - Resultado = "PRUEBA OK": null

2022-05-04 11:39:42 - [TEST_STEP][PASSED] - closeBrowser(): Browser is closed

2022-05-04 11:39:43 - [MESSAGE][PASSED] - Browser is closed]]></system-out>
         <system-err><![CDATA[]]></system-err>
      </testcase>
      <testcase name="Test Cases/1.2-Tareas_Secundarias/A.3-Pruebas_control_tiempos/13.2.2-Liquidación_reversar" time="35.568" classname="Test Cases/1.2-Tareas_Secundarias/A.3-Pruebas_control_tiempos/13.2.2-Liquidación_reversar" status="PASSED">
         <system-out><![CDATA[2022-05-04 11:39:43 - [TEST_CASE][PASSED] - Test Cases/1.2-Tareas_Secundarias/A.3-Pruebas_control_tiempos/13.2.2-Liquidación_reversar: Test Cases/1.2-Tareas_Secundarias/A.3-Pruebas_control_tiempos/13.2.2-Liquidación_reversar

2022-05-04 11:39:44 - [TEST_STEP][PASSED] - callTestCase(findTestCase("0.1-Login"), [:], STOP_ON_FAILURE): Call Test Case 'Test Cases/0.1-Login' successfully

2022-05-04 11:39:44 - [TEST_CASE][PASSED] - Test Cases/0.1-Login: Test Cases/0.1-Login

2022-05-04 11:39:44 - [TEST_STEP][PASSED] - openBrowser(""): Browser is opened with url: ''

2022-05-04 11:39:44 - [MESSAGE][INFO] - Starting 'Chrome' driver

2022-05-04 11:39:44 - [MESSAGE][INFO] - Action delay is set to 0 milliseconds

2022-05-04 11:39:45 - [MESSAGE][PASSED] - Browser is opened with url: ''

2022-05-04 11:39:45 - [TEST_STEP][PASSED] - maximizeWindow(): Current window maximized

2022-05-04 11:39:45 - [MESSAGE][PASSED] - Current window maximized

2022-05-04 11:39:45 - [TEST_STEP][PASSED] - i = G_Login: null

2022-05-04 11:39:45 - [TEST_STEP][PASSED] - url = new java.net.URL(i): null

2022-05-04 11:39:45 - [TEST_STEP][PASSED] - println("URL: " + url.toString()): null

2022-05-04 11:39:45 - [TEST_STEP][PASSED] - connection = url.openConnection(): null

2022-05-04 11:39:45 - [TEST_STEP][PASSED] - connection.setRequestMethod("GET"): null

2022-05-04 11:39:45 - [TEST_STEP][PASSED] - connection.setReadTimeout(2 * 1000): null

2022-05-04 11:39:45 - [TEST_STEP][PASSED] - try: null

2022-05-04 11:39:45 - [TEST_STEP][PASSED] - connection.connect(): null

2022-05-04 11:39:45 - [TEST_STEP][PASSED] - flag = connected: null

2022-05-04 11:39:45 - [TEST_STEP][PASSED] - println("Valor_ori: " + flag): null

2022-05-04 11:39:45 - [TEST_STEP][PASSED] - if (flag): null

2022-05-04 11:39:45 - [TEST_STEP][PASSED] - navigateToUrl(i): Navigate to 'http://192.168.2.19:8380/saraweb' successfully

2022-05-04 11:39:45 - [MESSAGE][PASSED] - Navigate to 'http://192.168.2.19:8380/saraweb' successfully

2022-05-04 11:39:45 - [TEST_STEP][PASSED] - a(): null

2022-05-04 11:39:45 - [TEST_STEP][PASSED] - setText(findTestObject("3-OBJECTS UTILIDADES/Login/input_USUARIO_loginusuario"), G_Usuario): Text 'saraadmin' is set on object 'Object Repository/3-OBJECTS UTILIDADES/Login/input_USUARIO_loginusuario'

2022-05-04 11:39:46 - [MESSAGE][PASSED] - Text 'saraadmin' is set on object 'Object Repository/3-OBJECTS UTILIDADES/Login/input_USUARIO_loginusuario'

2022-05-04 11:39:46 - [TEST_STEP][PASSED] - setEncryptedText(findTestObject("3-OBJECTS UTILIDADES/Login/input_CLAVE_loginpassword"), "MkG4/TYiCFC3cb2driP7+Q=="): Text ****** has been set on object 'Object Repository/3-OBJECTS UTILIDADES/Login/input_CLAVE_loginpassword'

2022-05-04 11:39:47 - [MESSAGE][PASSED] - Text ****** has been set on object 'Object Repository/3-OBJECTS UTILIDADES/Login/input_CLAVE_loginpassword'

2022-05-04 11:39:47 - [TEST_STEP][PASSED] - waitForElementClickable(findTestObject("3-OBJECTS UTILIDADES/Login/a_Ingresar"), G_TimeOut): Object 'Object Repository/3-OBJECTS UTILIDADES/Login/a_Ingresar' is clickable

2022-05-04 11:39:47 - [MESSAGE][PASSED] - Object 'Object Repository/3-OBJECTS UTILIDADES/Login/a_Ingresar' is clickable

2022-05-04 11:39:47 - [TEST_STEP][PASSED] - click(findTestObject("3-OBJECTS UTILIDADES/Login/a_Ingresar")): Object: 'Object Repository/3-OBJECTS UTILIDADES/Login/a_Ingresar' is clicked on

2022-05-04 11:39:49 - [MESSAGE][PASSED] - Object: 'Object Repository/3-OBJECTS UTILIDADES/Login/a_Ingresar' is clicked on

2022-05-04 11:39:49 - [TEST_STEP][PASSED] - element = findWebElement(findTestObject("3-OBJECTS UTILIDADES/Login/a_Ir"), 30): null

2022-05-04 11:39:49 - [TEST_STEP][PASSED] - executeJavaScript("arguments[0].click()", Arrays.asList(element)): Execute JavaScript 'arguments[0].click()' successfully

2022-05-04 11:39:49 - [MESSAGE][PASSED] - Execute JavaScript 'arguments[0].click()' successfully

2022-05-04 11:39:49 - [MESSAGE][PASSED] - Call Test Case 'Test Cases/0.1-Login' successfully

2022-05-04 11:39:49 - [TEST_STEP][PASSED] - setText(findTestObject("2-OBJECTS TAREAS SECUNDARIAS/Prueba Control De Tiempo/liquidación/input_Empresa 1_form_templatej_idt24_input"), "Liquidacion (get)"): Text 'Liquidacion (get)' is set on object 'Object Repository/2-OBJECTS TAREAS SECUNDARIAS/Prueba Control De Tiempo/liquidación/input_Empresa 1_form_templatej_idt24_input'

2022-05-04 11:39:51 - [MESSAGE][PASSED] - Text 'Liquidacion (get)' is set on object 'Object Repository/2-OBJECTS TAREAS SECUNDARIAS/Prueba Control De Tiempo/liquidación/input_Empresa 1_form_templatej_idt24_input'

2022-05-04 11:39:51 - [TEST_STEP][PASSED] - click(findTestObject("2-OBJECTS TAREAS SECUNDARIAS/Prueba Control De Tiempo/liquidación/li_Liquidacion (get)")): Object: 'Object Repository/2-OBJECTS TAREAS SECUNDARIAS/Prueba Control De Tiempo/liquidación/li_Liquidacion (get)' is clicked on

2022-05-04 11:39:52 - [MESSAGE][PASSED] - Object: 'Object Repository/2-OBJECTS TAREAS SECUNDARIAS/Prueba Control De Tiempo/liquidación/li_Liquidacion (get)' is clicked on

2022-05-04 11:39:52 - [TEST_STEP][PASSED] - if (waitForElementVisible(findTestObject("2-OBJECTS TAREAS SECUNDARIAS/Prueba Control De Tiempo/liquidación/td_01072021"), 1)): null

2022-05-04 11:39:53 - [MESSAGE][PASSED] - Object 'Object Repository/2-OBJECTS TAREAS SECUNDARIAS/Prueba Control De Tiempo/liquidación/td_01072021' is visible

2022-05-04 11:39:53 - [TEST_STEP][PASSED] - click(findTestObject("2-OBJECTS TAREAS SECUNDARIAS/Prueba Control De Tiempo/liquidación/td_01072021")): Object: 'Object Repository/2-OBJECTS TAREAS SECUNDARIAS/Prueba Control De Tiempo/liquidación/td_01072021' is clicked on

2022-05-04 11:39:53 - [MESSAGE][PASSED] - Object: 'Object Repository/2-OBJECTS TAREAS SECUNDARIAS/Prueba Control De Tiempo/liquidación/td_01072021' is clicked on

2022-05-04 11:39:53 - [TEST_STEP][PASSED] - waitForElementVisible(findTestObject("2-OBJECTS TAREAS SECUNDARIAS/Prueba Control De Tiempo/liquidación/a_Reversar"), 0): Object 'Object Repository/2-OBJECTS TAREAS SECUNDARIAS/Prueba Control De Tiempo/liquidación/a_Reversar' is visible

2022-05-04 11:39:53 - [MESSAGE][WARNING] - Timeout '0' is invalid. Using default page load timeout: '45'

2022-05-04 11:39:54 - [MESSAGE][PASSED] - Object 'Object Repository/2-OBJECTS TAREAS SECUNDARIAS/Prueba Control De Tiempo/liquidación/a_Reversar' is visible

2022-05-04 11:39:54 - [TEST_STEP][PASSED] - doubleClick(findTestObject("2-OBJECTS TAREAS SECUNDARIAS/Prueba Control De Tiempo/liquidación/a_Reversar")): Object: 'Object Repository/2-OBJECTS TAREAS SECUNDARIAS/Prueba Control De Tiempo/liquidación/a_Reversar' is double clicked on

2022-05-04 11:39:54 - [MESSAGE][PASSED] - Object: 'Object Repository/2-OBJECTS TAREAS SECUNDARIAS/Prueba Control De Tiempo/liquidación/a_Reversar' is double clicked on

2022-05-04 11:39:54 - [TEST_STEP][PASSED] - click(findTestObject("2-OBJECTS TAREAS SECUNDARIAS/Prueba Control De Tiempo/liquidación/a_Aceptar")): Object: 'Object Repository/2-OBJECTS TAREAS SECUNDARIAS/Prueba Control De Tiempo/liquidación/a_Aceptar' is clicked on

2022-05-04 11:39:55 - [MESSAGE][PASSED] - Object: 'Object Repository/2-OBJECTS TAREAS SECUNDARIAS/Prueba Control De Tiempo/liquidación/a_Aceptar' is clicked on

2022-05-04 11:39:55 - [TEST_STEP][PASSED] - if (waitForElementVisible(findTestObject("2-OBJECTS TAREAS SECUNDARIAS/Prueba Control De Tiempo/liquidación/a_Continuar"), 1)): Web element with id: 'Object Repository/2-OBJECTS TAREAS SECUNDARIAS/Prueba Control De Tiempo/liquidación/a_Continuar' located by '//div[2]/table/tbody/tr[2]/td/div/a' not found

2022-05-04 11:39:57 - [MESSAGE][INFO] - Unable to find the element located by 'By.xpath: //div[2]/table/tbody/tr[2]/td/div/a'. Please recheck the objects properties to make sure the desired element is located. 

2022-05-04 11:39:57 - [MESSAGE][WARNING] - Web element with id: 'Object Repository/2-OBJECTS TAREAS SECUNDARIAS/Prueba Control De Tiempo/liquidación/a_Continuar' located by '//div[2]/table/tbody/tr[2]/td/div/a' not found

2022-05-04 11:39:57 - [TEST_STEP][PASSED] - if (waitForElementVisible(findTestObject("2-OBJECTS TAREAS SECUNDARIAS/Prueba Control De Tiempo/liquidación/div_Reversin realizada con xito"), 1)): Web element with id: 'Object Repository/2-OBJECTS TAREAS SECUNDARIAS/Prueba Control De Tiempo/liquidación/div_Reversin realizada con xito' located by '//*/text()[normalize-space(.)='Reversión realizada con éxito.']/parent::*' not found

2022-05-04 11:39:59 - [MESSAGE][INFO] - Unable to find the element located by 'By.xpath: //*/text()[normalize-space(.)='Reversión realizada con éxito.']/parent::*'. Please recheck the objects properties to make sure the desired element is located. 

2022-05-04 11:39:59 - [MESSAGE][WARNING] - Web element with id: 'Object Repository/2-OBJECTS TAREAS SECUNDARIAS/Prueba Control De Tiempo/liquidación/div_Reversin realizada con xito' located by '//*/text()[normalize-space(.)='Reversión realizada con éxito.']/parent::*' not found

2022-05-04 11:39:59 - [TEST_STEP][PASSED] - if (waitForElementVisible(findTestObject("2-OBJECTS TAREAS SECUNDARIAS/Prueba Control De Tiempo/liquidación/a_Nuevo"), 1)): Web element with id: 'Object Repository/2-OBJECTS TAREAS SECUNDARIAS/Prueba Control De Tiempo/liquidación/a_Nuevo' located by '//a[contains(text(),'Nuevo')]' not found

2022-05-04 11:40:02 - [MESSAGE][INFO] - Unable to find the element located by 'By.xpath: //a[contains(text(),'Nuevo')]'. Please recheck the objects properties to make sure the desired element is located. 

2022-05-04 11:40:02 - [MESSAGE][WARNING] - Web element with id: 'Object Repository/2-OBJECTS TAREAS SECUNDARIAS/Prueba Control De Tiempo/liquidación/a_Nuevo' located by '//a[contains(text(),'Nuevo')]' not found

2022-05-04 11:40:02 - [TEST_STEP][PASSED] - else: Object: 'Object Repository/2-OBJECTS TAREAS SECUNDARIAS/Prueba Control De Tiempo/liquidación/a_Nuevo' is clicked on

2022-05-04 11:40:02 - [TEST_STEP][PASSED] - waitForElementVisible(findTestObject("2-OBJECTS TAREAS SECUNDARIAS/Prueba Control De Tiempo/liquidación/a_Reversar"), 0): Object 'Object Repository/2-OBJECTS TAREAS SECUNDARIAS/Prueba Control De Tiempo/liquidación/a_Reversar' is visible

2022-05-04 11:40:02 - [MESSAGE][WARNING] - Timeout '0' is invalid. Using default page load timeout: '45'

2022-05-04 11:40:02 - [MESSAGE][PASSED] - Object 'Object Repository/2-OBJECTS TAREAS SECUNDARIAS/Prueba Control De Tiempo/liquidación/a_Reversar' is visible

2022-05-04 11:40:02 - [TEST_STEP][PASSED] - doubleClick(findTestObject("2-OBJECTS TAREAS SECUNDARIAS/Prueba Control De Tiempo/liquidación/a_Reversar")): Object: 'Object Repository/2-OBJECTS TAREAS SECUNDARIAS/Prueba Control De Tiempo/liquidación/a_Reversar' is double clicked on

2022-05-04 11:40:03 - [MESSAGE][PASSED] - Object: 'Object Repository/2-OBJECTS TAREAS SECUNDARIAS/Prueba Control De Tiempo/liquidación/a_Reversar' is double clicked on

2022-05-04 11:40:03 - [TEST_STEP][PASSED] - click(findTestObject("2-OBJECTS TAREAS SECUNDARIAS/Prueba Control De Tiempo/liquidación/a_Aceptar")): Object: 'Object Repository/2-OBJECTS TAREAS SECUNDARIAS/Prueba Control De Tiempo/liquidación/a_Aceptar' is clicked on

2022-05-04 11:40:03 - [MESSAGE][PASSED] - Object: 'Object Repository/2-OBJECTS TAREAS SECUNDARIAS/Prueba Control De Tiempo/liquidación/a_Aceptar' is clicked on

2022-05-04 11:40:03 - [TEST_STEP][PASSED] - if (waitForElementVisible(findTestObject("2-OBJECTS TAREAS SECUNDARIAS/Prueba Control De Tiempo/liquidación/a_Continuar"), 1)): Web element with id: 'Object Repository/2-OBJECTS TAREAS SECUNDARIAS/Prueba Control De Tiempo/liquidación/a_Continuar' located by '//div[2]/table/tbody/tr[2]/td/div/a' not found

2022-05-04 11:40:05 - [MESSAGE][INFO] - Unable to find the element located by 'By.xpath: //div[2]/table/tbody/tr[2]/td/div/a'. Please recheck the objects properties to make sure the desired element is located. 

2022-05-04 11:40:05 - [MESSAGE][WARNING] - Web element with id: 'Object Repository/2-OBJECTS TAREAS SECUNDARIAS/Prueba Control De Tiempo/liquidación/a_Continuar' located by '//div[2]/table/tbody/tr[2]/td/div/a' not found

2022-05-04 11:40:05 - [TEST_STEP][PASSED] - if (waitForElementVisible(findTestObject("2-OBJECTS TAREAS SECUNDARIAS/Prueba Control De Tiempo/liquidación/div_Reversin realizada con xito"), 1)): null

2022-05-04 11:40:07 - [MESSAGE][PASSED] - Object 'Object Repository/2-OBJECTS TAREAS SECUNDARIAS/Prueba Control De Tiempo/liquidación/div_Reversin realizada con xito' is visible

2022-05-04 11:40:07 - [TEST_STEP][PASSED] - click(findTestObject("2-OBJECTS TAREAS SECUNDARIAS/Prueba Control De Tiempo/liquidación/a_Continuar")): Object: 'Object Repository/2-OBJECTS TAREAS SECUNDARIAS/Prueba Control De Tiempo/liquidación/a_Continuar' is clicked on

2022-05-04 11:40:07 - [MESSAGE][PASSED] - Object: 'Object Repository/2-OBJECTS TAREAS SECUNDARIAS/Prueba Control De Tiempo/liquidación/a_Continuar' is clicked on

2022-05-04 11:40:07 - [TEST_STEP][PASSED] - click(findTestObject("2-OBJECTS TAREAS SECUNDARIAS/Prueba Control De Tiempo/liquidación/a_Nuevo")): Object: 'Object Repository/2-OBJECTS TAREAS SECUNDARIAS/Prueba Control De Tiempo/liquidación/a_Nuevo' is clicked on

2022-05-04 11:40:09 - [MESSAGE][PASSED] - Object: 'Object Repository/2-OBJECTS TAREAS SECUNDARIAS/Prueba Control De Tiempo/liquidación/a_Nuevo' is clicked on

2022-05-04 11:40:09 - [TEST_STEP][PASSED] - setText(findTestObject("2-OBJECTS TAREAS SECUNDARIAS/Prueba Control De Tiempo/liquidación/input_Fecha Inicial_form_popupFechaLiquidacionBeanfechaInicial_input"), "18/01/2019"): Text '18/01/2019' is set on object 'Object Repository/2-OBJECTS TAREAS SECUNDARIAS/Prueba Control De Tiempo/liquidación/input_Fecha Inicial_form_popupFechaLiquidacionBeanfechaInicial_input'

2022-05-04 11:40:10 - [MESSAGE][PASSED] - Text '18/01/2019' is set on object 'Object Repository/2-OBJECTS TAREAS SECUNDARIAS/Prueba Control De Tiempo/liquidación/input_Fecha Inicial_form_popupFechaLiquidacionBeanfechaInicial_input'

2022-05-04 11:40:10 - [TEST_STEP][PASSED] - sendKeys(findTestObject("2-OBJECTS TAREAS SECUNDARIAS/Prueba Control De Tiempo/liquidación/input_Fecha Inicial_form_popupFechaLiquidacionBeanfechaInicial_input"), Keys.chord(ESCAPE)): Keys 'ESCAPE + ' sent to object: 'Object Repository/2-OBJECTS TAREAS SECUNDARIAS/Prueba Control De Tiempo/liquidación/input_Fecha Inicial_form_popupFechaLiquidacionBeanfechaInicial_input'

2022-05-04 11:40:10 - [MESSAGE][PASSED] - Keys 'ESCAPE + ' sent to object: 'Object Repository/2-OBJECTS TAREAS SECUNDARIAS/Prueba Control De Tiempo/liquidación/input_Fecha Inicial_form_popupFechaLiquidacionBeanfechaInicial_input'

2022-05-04 11:40:10 - [TEST_STEP][PASSED] - setText(findTestObject("2-OBJECTS TAREAS SECUNDARIAS/Prueba Control De Tiempo/liquidación/input_Fecha Final_form_popupFechaLiquidacionBeanfechaFinal_input"), "27/02/2019"): Text '27/02/2019' is set on object 'Object Repository/2-OBJECTS TAREAS SECUNDARIAS/Prueba Control De Tiempo/liquidación/input_Fecha Final_form_popupFechaLiquidacionBeanfechaFinal_input'

2022-05-04 11:40:11 - [MESSAGE][PASSED] - Text '27/02/2019' is set on object 'Object Repository/2-OBJECTS TAREAS SECUNDARIAS/Prueba Control De Tiempo/liquidación/input_Fecha Final_form_popupFechaLiquidacionBeanfechaFinal_input'

2022-05-04 11:40:11 - [TEST_STEP][PASSED] - selectOptionByIndex(findTestObject("2-OBJECTS TAREAS SECUNDARIAS/Prueba Control De Tiempo/liquidación/select_--Seleccione--Proceso de liquidacin DesarrolloProceso de liquidacin Mensual"), 1): All options with index in [1] are selected on object 'Object Repository/2-OBJECTS TAREAS SECUNDARIAS/Prueba Control De Tiempo/liquidación/select_--Seleccione--Proceso de liquidacin DesarrolloProceso de liquidacin Mensual'

2022-05-04 11:40:12 - [MESSAGE][PASSED] - All options with index in [1] are selected on object 'Object Repository/2-OBJECTS TAREAS SECUNDARIAS/Prueba Control De Tiempo/liquidación/select_--Seleccione--Proceso de liquidacin DesarrolloProceso de liquidacin Mensual'

2022-05-04 11:40:12 - [TEST_STEP][PASSED] - click(findTestObject("2-OBJECTS TAREAS SECUNDARIAS/Prueba Control De Tiempo/liquidación/a_Aplicar")): Object: 'Object Repository/2-OBJECTS TAREAS SECUNDARIAS/Prueba Control De Tiempo/liquidación/a_Aplicar' is clicked on

2022-05-04 11:40:12 - [MESSAGE][PASSED] - Object: 'Object Repository/2-OBJECTS TAREAS SECUNDARIAS/Prueba Control De Tiempo/liquidación/a_Aplicar' is clicked on

2022-05-04 11:40:12 - [TEST_STEP][PASSED] - click(findTestObject("2-OBJECTS TAREAS SECUNDARIAS/Prueba Control De Tiempo/liquidación/a_Liquidar")): Object: 'Object Repository/2-OBJECTS TAREAS SECUNDARIAS/Prueba Control De Tiempo/liquidación/a_Liquidar' is clicked on

2022-05-04 11:40:13 - [MESSAGE][PASSED] - Object: 'Object Repository/2-OBJECTS TAREAS SECUNDARIAS/Prueba Control De Tiempo/liquidación/a_Liquidar' is clicked on

2022-05-04 11:40:13 - [TEST_STEP][PASSED] - click(findTestObject("2-OBJECTS TAREAS SECUNDARIAS/Prueba Control De Tiempo/liquidación/a_Aceptar")): Object: 'Object Repository/2-OBJECTS TAREAS SECUNDARIAS/Prueba Control De Tiempo/liquidación/a_Aceptar' is clicked on

2022-05-04 11:40:14 - [MESSAGE][PASSED] - Object: 'Object Repository/2-OBJECTS TAREAS SECUNDARIAS/Prueba Control De Tiempo/liquidación/a_Aceptar' is clicked on

2022-05-04 11:40:14 - [TEST_STEP][PASSED] - click(findTestObject("2-OBJECTS TAREAS SECUNDARIAS/Prueba Control De Tiempo/liquidación/div_Liquidacin realizada con xito")): Object: 'Object Repository/2-OBJECTS TAREAS SECUNDARIAS/Prueba Control De Tiempo/liquidación/div_Liquidacin realizada con xito' is clicked on

2022-05-04 11:40:14 - [MESSAGE][PASSED] - Object: 'Object Repository/2-OBJECTS TAREAS SECUNDARIAS/Prueba Control De Tiempo/liquidación/div_Liquidacin realizada con xito' is clicked on

2022-05-04 11:40:14 - [TEST_STEP][PASSED] - click(findTestObject("2-OBJECTS TAREAS SECUNDARIAS/Prueba Control De Tiempo/liquidación/a_Continuar")): Object: 'Object Repository/2-OBJECTS TAREAS SECUNDARIAS/Prueba Control De Tiempo/liquidación/a_Continuar' is clicked on

2022-05-04 11:40:17 - [MESSAGE][PASSED] - Object: 'Object Repository/2-OBJECTS TAREAS SECUNDARIAS/Prueba Control De Tiempo/liquidación/a_Continuar' is clicked on

2022-05-04 11:40:17 - [TEST_STEP][PASSED] - if (waitForElementPresent(findTestObject("2-OBJECTS TAREAS SECUNDARIAS/Prueba Control De Tiempo/liquidación/a_Reversar"), 1)): null

2022-05-04 11:40:18 - [MESSAGE][PASSED] - Object 'Object Repository/2-OBJECTS TAREAS SECUNDARIAS/Prueba Control De Tiempo/liquidación/a_Reversar' is present

2022-05-04 11:40:18 - [TEST_STEP][PASSED] - Resultado = "PRUEBA OK": null

2022-05-04 11:40:18 - [TEST_STEP][PASSED] - closeBrowser(): Browser is closed

2022-05-04 11:40:19 - [MESSAGE][PASSED] - Browser is closed]]></system-out>
         <system-err><![CDATA[]]></system-err>
      </testcase>
      <testcase name="Test Cases/1.2-Tareas_Secundarias/A.3-Pruebas_control_tiempos/13.2.3-Aplicar" time="14.578" classname="Test Cases/1.2-Tareas_Secundarias/A.3-Pruebas_control_tiempos/13.2.3-Aplicar" status="PASSED">
         <system-out><![CDATA[2022-05-04 11:40:19 - [TEST_CASE][PASSED] - Test Cases/1.2-Tareas_Secundarias/A.3-Pruebas_control_tiempos/13.2.3-Aplicar: Test Cases/1.2-Tareas_Secundarias/A.3-Pruebas_control_tiempos/13.2.3-Aplicar

2022-05-04 11:40:19 - [TEST_STEP][PASSED] - callTestCase(findTestCase("0.1-Login"), [:], STOP_ON_FAILURE): Call Test Case 'Test Cases/0.1-Login' successfully

2022-05-04 11:40:19 - [TEST_CASE][PASSED] - Test Cases/0.1-Login: Test Cases/0.1-Login

2022-05-04 11:40:19 - [TEST_STEP][PASSED] - openBrowser(""): Browser is opened with url: ''

2022-05-04 11:40:19 - [MESSAGE][INFO] - Starting 'Chrome' driver

2022-05-04 11:40:19 - [MESSAGE][INFO] - Action delay is set to 0 milliseconds

2022-05-04 11:40:21 - [MESSAGE][PASSED] - Browser is opened with url: ''

2022-05-04 11:40:21 - [TEST_STEP][PASSED] - maximizeWindow(): Current window maximized

2022-05-04 11:40:21 - [MESSAGE][PASSED] - Current window maximized

2022-05-04 11:40:21 - [TEST_STEP][PASSED] - i = G_Login: null

2022-05-04 11:40:21 - [TEST_STEP][PASSED] - url = new java.net.URL(i): null

2022-05-04 11:40:21 - [TEST_STEP][PASSED] - println("URL: " + url.toString()): null

2022-05-04 11:40:21 - [TEST_STEP][PASSED] - connection = url.openConnection(): null

2022-05-04 11:40:21 - [TEST_STEP][PASSED] - connection.setRequestMethod("GET"): null

2022-05-04 11:40:21 - [TEST_STEP][PASSED] - connection.setReadTimeout(2 * 1000): null

2022-05-04 11:40:21 - [TEST_STEP][PASSED] - try: null

2022-05-04 11:40:21 - [TEST_STEP][PASSED] - connection.connect(): null

2022-05-04 11:40:21 - [TEST_STEP][PASSED] - flag = connected: null

2022-05-04 11:40:21 - [TEST_STEP][PASSED] - println("Valor_ori: " + flag): null

2022-05-04 11:40:21 - [TEST_STEP][PASSED] - if (flag): null

2022-05-04 11:40:21 - [TEST_STEP][PASSED] - navigateToUrl(i): Navigate to 'http://192.168.2.19:8380/saraweb' successfully

2022-05-04 11:40:21 - [MESSAGE][PASSED] - Navigate to 'http://192.168.2.19:8380/saraweb' successfully

2022-05-04 11:40:21 - [TEST_STEP][PASSED] - a(): null

2022-05-04 11:40:21 - [TEST_STEP][PASSED] - setText(findTestObject("3-OBJECTS UTILIDADES/Login/input_USUARIO_loginusuario"), G_Usuario): Text 'saraadmin' is set on object 'Object Repository/3-OBJECTS UTILIDADES/Login/input_USUARIO_loginusuario'

2022-05-04 11:40:22 - [MESSAGE][PASSED] - Text 'saraadmin' is set on object 'Object Repository/3-OBJECTS UTILIDADES/Login/input_USUARIO_loginusuario'

2022-05-04 11:40:22 - [TEST_STEP][PASSED] - setEncryptedText(findTestObject("3-OBJECTS UTILIDADES/Login/input_CLAVE_loginpassword"), "MkG4/TYiCFC3cb2driP7+Q=="): Text ****** has been set on object 'Object Repository/3-OBJECTS UTILIDADES/Login/input_CLAVE_loginpassword'

2022-05-04 11:40:22 - [MESSAGE][PASSED] - Text ****** has been set on object 'Object Repository/3-OBJECTS UTILIDADES/Login/input_CLAVE_loginpassword'

2022-05-04 11:40:22 - [TEST_STEP][PASSED] - waitForElementClickable(findTestObject("3-OBJECTS UTILIDADES/Login/a_Ingresar"), G_TimeOut): Object 'Object Repository/3-OBJECTS UTILIDADES/Login/a_Ingresar' is clickable

2022-05-04 11:40:23 - [MESSAGE][PASSED] - Object 'Object Repository/3-OBJECTS UTILIDADES/Login/a_Ingresar' is clickable

2022-05-04 11:40:23 - [TEST_STEP][PASSED] - click(findTestObject("3-OBJECTS UTILIDADES/Login/a_Ingresar")): Object: 'Object Repository/3-OBJECTS UTILIDADES/Login/a_Ingresar' is clicked on

2022-05-04 11:40:24 - [MESSAGE][PASSED] - Object: 'Object Repository/3-OBJECTS UTILIDADES/Login/a_Ingresar' is clicked on

2022-05-04 11:40:24 - [TEST_STEP][PASSED] - element = findWebElement(findTestObject("3-OBJECTS UTILIDADES/Login/a_Ir"), 30): null

2022-05-04 11:40:24 - [TEST_STEP][PASSED] - executeJavaScript("arguments[0].click()", Arrays.asList(element)): Execute JavaScript 'arguments[0].click()' successfully

2022-05-04 11:40:24 - [MESSAGE][PASSED] - Execute JavaScript 'arguments[0].click()' successfully

2022-05-04 11:40:24 - [MESSAGE][PASSED] - Call Test Case 'Test Cases/0.1-Login' successfully

2022-05-04 11:40:24 - [TEST_STEP][PASSED] - setText(findTestObject("2-OBJECTS TAREAS SECUNDARIAS/Pruebas Compensación/Listado_Empleados/input_Empresa 1_form_templatej_idt24_input (1)"), "Liquidacion"): Text 'Liquidacion' is set on object 'Object Repository/2-OBJECTS TAREAS SECUNDARIAS/Pruebas Compensación/Listado_Empleados/input_Empresa 1_form_templatej_idt24_input (1)'

2022-05-04 11:40:26 - [MESSAGE][PASSED] - Text 'Liquidacion' is set on object 'Object Repository/2-OBJECTS TAREAS SECUNDARIAS/Pruebas Compensación/Listado_Empleados/input_Empresa 1_form_templatej_idt24_input (1)'

2022-05-04 11:40:26 - [TEST_STEP][PASSED] - click(findTestObject("2-OBJECTS TAREAS SECUNDARIAS/Prueba Control De Tiempo/Aplicar/span_Liquidacion")): Object: 'Object Repository/2-OBJECTS TAREAS SECUNDARIAS/Prueba Control De Tiempo/Aplicar/span_Liquidacion' is clicked on

2022-05-04 11:40:27 - [MESSAGE][PASSED] - Object: 'Object Repository/2-OBJECTS TAREAS SECUNDARIAS/Prueba Control De Tiempo/Aplicar/span_Liquidacion' is clicked on

2022-05-04 11:40:27 - [TEST_STEP][PASSED] - click(findTestObject("2-OBJECTS TAREAS SECUNDARIAS/Prueba Control De Tiempo/Aplicar/td_27022019")): Object: 'Object Repository/2-OBJECTS TAREAS SECUNDARIAS/Prueba Control De Tiempo/Aplicar/td_27022019' is clicked on

2022-05-04 11:40:28 - [MESSAGE][PASSED] - Object: 'Object Repository/2-OBJECTS TAREAS SECUNDARIAS/Prueba Control De Tiempo/Aplicar/td_27022019' is clicked on

2022-05-04 11:40:28 - [TEST_STEP][PASSED] - if (waitForElementVisible(findTestObject("2-OBJECTS TAREAS SECUNDARIAS/Prueba Control De Tiempo/Aplicar/a_Reversar Nomina"), 1)): Web element with id: 'Object Repository/2-OBJECTS TAREAS SECUNDARIAS/Prueba Control De Tiempo/Aplicar/a_Reversar Nomina' located by '//a[contains(text(),'Reversar Nomina')]' not found

2022-05-04 11:40:31 - [MESSAGE][INFO] - Unable to find the element located by 'By.xpath: //a[contains(text(),'Reversar Nomina')]'. Please recheck the objects properties to make sure the desired element is located. 

2022-05-04 11:40:31 - [MESSAGE][WARNING] - Web element with id: 'Object Repository/2-OBJECTS TAREAS SECUNDARIAS/Prueba Control De Tiempo/Aplicar/a_Reversar Nomina' located by '//a[contains(text(),'Reversar Nomina')]' not found

2022-05-04 11:40:31 - [TEST_STEP][PASSED] - click(findTestObject("2-OBJECTS TAREAS SECUNDARIAS/Prueba Control De Tiempo/Aplicar/a_Aplicar")): Object: 'Object Repository/2-OBJECTS TAREAS SECUNDARIAS/Prueba Control De Tiempo/Aplicar/a_Aplicar' is clicked on

2022-05-04 11:40:31 - [MESSAGE][PASSED] - Object: 'Object Repository/2-OBJECTS TAREAS SECUNDARIAS/Prueba Control De Tiempo/Aplicar/a_Aplicar' is clicked on

2022-05-04 11:40:31 - [TEST_STEP][PASSED] - click(findTestObject("2-OBJECTS TAREAS SECUNDARIAS/Prueba Control De Tiempo/Aplicar/a_Aceptar")): Object: 'Object Repository/2-OBJECTS TAREAS SECUNDARIAS/Prueba Control De Tiempo/Aplicar/a_Aceptar' is clicked on

2022-05-04 11:40:32 - [MESSAGE][PASSED] - Object: 'Object Repository/2-OBJECTS TAREAS SECUNDARIAS/Prueba Control De Tiempo/Aplicar/a_Aceptar' is clicked on

2022-05-04 11:40:32 - [TEST_STEP][PASSED] - Result = getText(findTestObject("2-OBJECTS TAREAS SECUNDARIAS/Prueba Control De Tiempo/Aplicar/div0")): Text of object 'Object Repository/2-OBJECTS TAREAS SECUNDARIAS/Prueba Control De Tiempo/Aplicar/div0' is: 'Proceso realizado con éxito.'

2022-05-04 11:40:32 - [MESSAGE][PASSED] - Text of object 'Object Repository/2-OBJECTS TAREAS SECUNDARIAS/Prueba Control De Tiempo/Aplicar/div0' is: 'Proceso realizado con éxito.'

2022-05-04 11:40:32 - [TEST_STEP][PASSED] - click(findTestObject("2-OBJECTS TAREAS SECUNDARIAS/Prueba Control De Tiempo/Aplicar/a_Continuar")): Object: 'Object Repository/2-OBJECTS TAREAS SECUNDARIAS/Prueba Control De Tiempo/Aplicar/a_Continuar' is clicked on

2022-05-04 11:40:33 - [MESSAGE][PASSED] - Object: 'Object Repository/2-OBJECTS TAREAS SECUNDARIAS/Prueba Control De Tiempo/Aplicar/a_Continuar' is clicked on

2022-05-04 11:40:33 - [TEST_STEP][PASSED] - if (Result == "Proceso realizado con éxito."): Browser is closed

2022-05-04 11:40:33 - [TEST_STEP][PASSED] - Resultado = "PRUEBA OK": null

2022-05-04 11:40:33 - [TEST_STEP][PASSED] - closeBrowser(): Browser is closed

2022-05-04 11:40:33 - [MESSAGE][PASSED] - Browser is closed]]></system-out>
         <system-err><![CDATA[]]></system-err>
      </testcase>
      <testcase name="Test Cases/1.2-Tareas_Secundarias/A.3-Pruebas_control_tiempos/13.2.4-Histórico_Evento" time="12.238" classname="Test Cases/1.2-Tareas_Secundarias/A.3-Pruebas_control_tiempos/13.2.4-Histórico_Evento" status="PASSED">
         <system-out><![CDATA[2022-05-04 11:40:33 - [TEST_CASE][PASSED] - Test Cases/1.2-Tareas_Secundarias/A.3-Pruebas_control_tiempos/13.2.4-Histórico_Evento: Test Cases/1.2-Tareas_Secundarias/A.3-Pruebas_control_tiempos/13.2.4-Histórico_Evento

2022-05-04 11:40:34 - [TEST_STEP][PASSED] - callTestCase(findTestCase("0.1-Login"), [:], STOP_ON_FAILURE): Call Test Case 'Test Cases/0.1-Login' successfully

2022-05-04 11:40:34 - [TEST_CASE][PASSED] - Test Cases/0.1-Login: Test Cases/0.1-Login

2022-05-04 11:40:34 - [TEST_STEP][PASSED] - openBrowser(""): Browser is opened with url: ''

2022-05-04 11:40:34 - [MESSAGE][INFO] - Starting 'Chrome' driver

2022-05-04 11:40:34 - [MESSAGE][INFO] - Action delay is set to 0 milliseconds

2022-05-04 11:40:35 - [MESSAGE][PASSED] - Browser is opened with url: ''

2022-05-04 11:40:35 - [TEST_STEP][PASSED] - maximizeWindow(): Current window maximized

2022-05-04 11:40:35 - [MESSAGE][PASSED] - Current window maximized

2022-05-04 11:40:35 - [TEST_STEP][PASSED] - i = G_Login: null

2022-05-04 11:40:35 - [TEST_STEP][PASSED] - url = new java.net.URL(i): null

2022-05-04 11:40:35 - [TEST_STEP][PASSED] - println("URL: " + url.toString()): null

2022-05-04 11:40:35 - [TEST_STEP][PASSED] - connection = url.openConnection(): null

2022-05-04 11:40:35 - [TEST_STEP][PASSED] - connection.setRequestMethod("GET"): null

2022-05-04 11:40:35 - [TEST_STEP][PASSED] - connection.setReadTimeout(2 * 1000): null

2022-05-04 11:40:35 - [TEST_STEP][PASSED] - try: null

2022-05-04 11:40:35 - [TEST_STEP][PASSED] - connection.connect(): null

2022-05-04 11:40:35 - [TEST_STEP][PASSED] - flag = connected: null

2022-05-04 11:40:35 - [TEST_STEP][PASSED] - println("Valor_ori: " + flag): null

2022-05-04 11:40:35 - [TEST_STEP][PASSED] - if (flag): null

2022-05-04 11:40:35 - [TEST_STEP][PASSED] - navigateToUrl(i): Navigate to 'http://192.168.2.19:8380/saraweb' successfully

2022-05-04 11:40:36 - [MESSAGE][PASSED] - Navigate to 'http://192.168.2.19:8380/saraweb' successfully

2022-05-04 11:40:36 - [TEST_STEP][PASSED] - a(): null

2022-05-04 11:40:36 - [TEST_STEP][PASSED] - setText(findTestObject("3-OBJECTS UTILIDADES/Login/input_USUARIO_loginusuario"), G_Usuario): Text 'saraadmin' is set on object 'Object Repository/3-OBJECTS UTILIDADES/Login/input_USUARIO_loginusuario'

2022-05-04 11:40:37 - [MESSAGE][PASSED] - Text 'saraadmin' is set on object 'Object Repository/3-OBJECTS UTILIDADES/Login/input_USUARIO_loginusuario'

2022-05-04 11:40:37 - [TEST_STEP][PASSED] - setEncryptedText(findTestObject("3-OBJECTS UTILIDADES/Login/input_CLAVE_loginpassword"), "MkG4/TYiCFC3cb2driP7+Q=="): Text ****** has been set on object 'Object Repository/3-OBJECTS UTILIDADES/Login/input_CLAVE_loginpassword'

2022-05-04 11:40:37 - [MESSAGE][PASSED] - Text ****** has been set on object 'Object Repository/3-OBJECTS UTILIDADES/Login/input_CLAVE_loginpassword'

2022-05-04 11:40:37 - [TEST_STEP][PASSED] - waitForElementClickable(findTestObject("3-OBJECTS UTILIDADES/Login/a_Ingresar"), G_TimeOut): Object 'Object Repository/3-OBJECTS UTILIDADES/Login/a_Ingresar' is clickable

2022-05-04 11:40:37 - [MESSAGE][PASSED] - Object 'Object Repository/3-OBJECTS UTILIDADES/Login/a_Ingresar' is clickable

2022-05-04 11:40:37 - [TEST_STEP][PASSED] - click(findTestObject("3-OBJECTS UTILIDADES/Login/a_Ingresar")): Object: 'Object Repository/3-OBJECTS UTILIDADES/Login/a_Ingresar' is clicked on

2022-05-04 11:40:39 - [MESSAGE][PASSED] - Object: 'Object Repository/3-OBJECTS UTILIDADES/Login/a_Ingresar' is clicked on

2022-05-04 11:40:39 - [TEST_STEP][PASSED] - element = findWebElement(findTestObject("3-OBJECTS UTILIDADES/Login/a_Ir"), 30): null

2022-05-04 11:40:39 - [TEST_STEP][PASSED] - executeJavaScript("arguments[0].click()", Arrays.asList(element)): Execute JavaScript 'arguments[0].click()' successfully

2022-05-04 11:40:39 - [MESSAGE][PASSED] - Execute JavaScript 'arguments[0].click()' successfully

2022-05-04 11:40:39 - [MESSAGE][PASSED] - Call Test Case 'Test Cases/0.1-Login' successfully

2022-05-04 11:40:39 - [TEST_STEP][PASSED] - setText(findTestObject("2-OBJECTS TAREAS SECUNDARIAS/Prueba Control De Tiempo/Historico_Evento/input_Empresa 1_form_templatej_idt24_input"), "Historico Evento"): Text 'Historico Evento' is set on object 'Object Repository/2-OBJECTS TAREAS SECUNDARIAS/Prueba Control De Tiempo/Historico_Evento/input_Empresa 1_form_templatej_idt24_input'

2022-05-04 11:40:40 - [MESSAGE][PASSED] - Text 'Historico Evento' is set on object 'Object Repository/2-OBJECTS TAREAS SECUNDARIAS/Prueba Control De Tiempo/Historico_Evento/input_Empresa 1_form_templatej_idt24_input'

2022-05-04 11:40:40 - [TEST_STEP][PASSED] - click(findTestObject("2-OBJECTS TAREAS SECUNDARIAS/Prueba Control De Tiempo/Historico_Evento/li_Historico Evento (get)")): Object: 'Object Repository/2-OBJECTS TAREAS SECUNDARIAS/Prueba Control De Tiempo/Historico_Evento/li_Historico Evento (get)' is clicked on

2022-05-04 11:40:42 - [MESSAGE][PASSED] - Object: 'Object Repository/2-OBJECTS TAREAS SECUNDARIAS/Prueba Control De Tiempo/Historico_Evento/li_Historico Evento (get)' is clicked on

2022-05-04 11:40:42 - [TEST_STEP][PASSED] - scrollToElement(findTestObject("2-OBJECTS TAREAS SECUNDARIAS/Prueba Control De Tiempo/Historico_Evento/a_1"), 0): Scroll to object 'Object Repository/2-OBJECTS TAREAS SECUNDARIAS/Prueba Control De Tiempo/Historico_Evento/a_1' successfully

2022-05-04 11:40:42 - [MESSAGE][WARNING] - Timeout '0' is invalid. Using default page load timeout: '45'

2022-05-04 11:40:43 - [MESSAGE][PASSED] - Scroll to object 'Object Repository/2-OBJECTS TAREAS SECUNDARIAS/Prueba Control De Tiempo/Historico_Evento/a_1' successfully

2022-05-04 11:40:43 - [TEST_STEP][PASSED] - click(findTestObject("2-OBJECTS TAREAS SECUNDARIAS/Prueba Control De Tiempo/Historico_Evento/a_1")): Object: 'Object Repository/2-OBJECTS TAREAS SECUNDARIAS/Prueba Control De Tiempo/Historico_Evento/a_1' is clicked on

2022-05-04 11:40:43 - [MESSAGE][PASSED] - Object: 'Object Repository/2-OBJECTS TAREAS SECUNDARIAS/Prueba Control De Tiempo/Historico_Evento/a_1' is clicked on

2022-05-04 11:40:43 - [TEST_STEP][PASSED] - scrollToElement(findTestObject("2-OBJECTS TAREAS SECUNDARIAS/Prueba Control De Tiempo/Historico_Evento/a_Nombre Persona_eventoHistoricos_formj_idt71"), 0): Scroll to object 'Object Repository/2-OBJECTS TAREAS SECUNDARIAS/Prueba Control De Tiempo/Historico_Evento/a_Nombre Persona_eventoHistoricos_formj_idt71' successfully

2022-05-04 11:40:43 - [MESSAGE][WARNING] - Timeout '0' is invalid. Using default page load timeout: '45'

2022-05-04 11:40:43 - [MESSAGE][PASSED] - Scroll to object 'Object Repository/2-OBJECTS TAREAS SECUNDARIAS/Prueba Control De Tiempo/Historico_Evento/a_Nombre Persona_eventoHistoricos_formj_idt71' successfully

2022-05-04 11:40:43 - [TEST_STEP][PASSED] - scrollToElement(findTestObject("2-OBJECTS TAREAS SECUNDARIAS/Prueba Control De Tiempo/Historico_Evento/a_2"), 0): Scroll to object 'Object Repository/2-OBJECTS TAREAS SECUNDARIAS/Prueba Control De Tiempo/Historico_Evento/a_2' successfully

2022-05-04 11:40:43 - [MESSAGE][WARNING] - Timeout '0' is invalid. Using default page load timeout: '45'

2022-05-04 11:40:44 - [MESSAGE][PASSED] - Scroll to object 'Object Repository/2-OBJECTS TAREAS SECUNDARIAS/Prueba Control De Tiempo/Historico_Evento/a_2' successfully

2022-05-04 11:40:44 - [TEST_STEP][PASSED] - click(findTestObject("2-OBJECTS TAREAS SECUNDARIAS/Prueba Control De Tiempo/Historico_Evento/a_2")): Object: 'Object Repository/2-OBJECTS TAREAS SECUNDARIAS/Prueba Control De Tiempo/Historico_Evento/a_2' is clicked on

2022-05-04 11:40:44 - [MESSAGE][PASSED] - Object: 'Object Repository/2-OBJECTS TAREAS SECUNDARIAS/Prueba Control De Tiempo/Historico_Evento/a_2' is clicked on

2022-05-04 11:40:44 - [TEST_STEP][PASSED] - scrollToElement(findTestObject("2-OBJECTS TAREAS SECUNDARIAS/Prueba Control De Tiempo/Historico_Evento/a_Nombre Persona_eventoHistoricos_formj_idt71"), 0): Scroll to object 'Object Repository/2-OBJECTS TAREAS SECUNDARIAS/Prueba Control De Tiempo/Historico_Evento/a_Nombre Persona_eventoHistoricos_formj_idt71' successfully

2022-05-04 11:40:44 - [MESSAGE][WARNING] - Timeout '0' is invalid. Using default page load timeout: '45'

2022-05-04 11:40:45 - [MESSAGE][PASSED] - Scroll to object 'Object Repository/2-OBJECTS TAREAS SECUNDARIAS/Prueba Control De Tiempo/Historico_Evento/a_Nombre Persona_eventoHistoricos_formj_idt71' successfully

2022-05-04 11:40:45 - [TEST_STEP][PASSED] - if (waitForElementVisible(findTestObject("2-OBJECTS TAREAS SECUNDARIAS/Prueba Control De Tiempo/Historico_Evento/div_IdentificacinFuncionarioHora FinalDispositivo de Entrada"), 1)): null

2022-05-04 11:40:45 - [MESSAGE][PASSED] - Object 'Object Repository/2-OBJECTS TAREAS SECUNDARIAS/Prueba Control De Tiempo/Historico_Evento/div_IdentificacinFuncionarioHora FinalDispositivo de Entrada' is visible

2022-05-04 11:40:45 - [TEST_STEP][PASSED] - Result = "PRUEBA OK": null

2022-05-04 11:40:45 - [TEST_STEP][PASSED] - closeBrowser(): Browser is closed

2022-05-04 11:40:46 - [MESSAGE][PASSED] - Browser is closed]]></system-out>
         <system-err><![CDATA[]]></system-err>
      </testcase>
      <testcase name="Test Cases/1.2-Tareas_Secundarias/A.3-Pruebas_control_tiempos/13.2.5-Inconsistencias_Evento" time="22.035" classname="Test Cases/1.2-Tareas_Secundarias/A.3-Pruebas_control_tiempos/13.2.5-Inconsistencias_Evento" status="PASSED">
         <system-out><![CDATA[2022-05-04 11:40:46 - [TEST_CASE][PASSED] - Test Cases/1.2-Tareas_Secundarias/A.3-Pruebas_control_tiempos/13.2.5-Inconsistencias_Evento: Test Cases/1.2-Tareas_Secundarias/A.3-Pruebas_control_tiempos/13.2.5-Inconsistencias_Evento

2022-05-04 11:40:46 - [TEST_STEP][PASSED] - callTestCase(findTestCase("0.1-Login"), [:], STOP_ON_FAILURE): Call Test Case 'Test Cases/0.1-Login' successfully

2022-05-04 11:40:46 - [TEST_CASE][PASSED] - Test Cases/0.1-Login: Test Cases/0.1-Login

2022-05-04 11:40:46 - [TEST_STEP][PASSED] - openBrowser(""): Browser is opened with url: ''

2022-05-04 11:40:46 - [MESSAGE][INFO] - Starting 'Chrome' driver

2022-05-04 11:40:46 - [MESSAGE][INFO] - Action delay is set to 0 milliseconds

2022-05-04 11:40:47 - [MESSAGE][PASSED] - Browser is opened with url: ''

2022-05-04 11:40:47 - [TEST_STEP][PASSED] - maximizeWindow(): Current window maximized

2022-05-04 11:40:47 - [MESSAGE][PASSED] - Current window maximized

2022-05-04 11:40:47 - [TEST_STEP][PASSED] - i = G_Login: null

2022-05-04 11:40:47 - [TEST_STEP][PASSED] - url = new java.net.URL(i): null

2022-05-04 11:40:47 - [TEST_STEP][PASSED] - println("URL: " + url.toString()): null

2022-05-04 11:40:47 - [TEST_STEP][PASSED] - connection = url.openConnection(): null

2022-05-04 11:40:47 - [TEST_STEP][PASSED] - connection.setRequestMethod("GET"): null

2022-05-04 11:40:47 - [TEST_STEP][PASSED] - connection.setReadTimeout(2 * 1000): null

2022-05-04 11:40:47 - [TEST_STEP][PASSED] - try: null

2022-05-04 11:40:47 - [TEST_STEP][PASSED] - connection.connect(): null

2022-05-04 11:40:47 - [TEST_STEP][PASSED] - flag = connected: null

2022-05-04 11:40:47 - [TEST_STEP][PASSED] - println("Valor_ori: " + flag): null

2022-05-04 11:40:47 - [TEST_STEP][PASSED] - if (flag): null

2022-05-04 11:40:47 - [TEST_STEP][PASSED] - navigateToUrl(i): Navigate to 'http://192.168.2.19:8380/saraweb' successfully

2022-05-04 11:40:48 - [MESSAGE][PASSED] - Navigate to 'http://192.168.2.19:8380/saraweb' successfully

2022-05-04 11:40:48 - [TEST_STEP][PASSED] - a(): null

2022-05-04 11:40:48 - [TEST_STEP][PASSED] - setText(findTestObject("3-OBJECTS UTILIDADES/Login/input_USUARIO_loginusuario"), G_Usuario): Text 'saraadmin' is set on object 'Object Repository/3-OBJECTS UTILIDADES/Login/input_USUARIO_loginusuario'

2022-05-04 11:40:49 - [MESSAGE][PASSED] - Text 'saraadmin' is set on object 'Object Repository/3-OBJECTS UTILIDADES/Login/input_USUARIO_loginusuario'

2022-05-04 11:40:49 - [TEST_STEP][PASSED] - setEncryptedText(findTestObject("3-OBJECTS UTILIDADES/Login/input_CLAVE_loginpassword"), "MkG4/TYiCFC3cb2driP7+Q=="): Text ****** has been set on object 'Object Repository/3-OBJECTS UTILIDADES/Login/input_CLAVE_loginpassword'

2022-05-04 11:40:49 - [MESSAGE][PASSED] - Text ****** has been set on object 'Object Repository/3-OBJECTS UTILIDADES/Login/input_CLAVE_loginpassword'

2022-05-04 11:40:49 - [TEST_STEP][PASSED] - waitForElementClickable(findTestObject("3-OBJECTS UTILIDADES/Login/a_Ingresar"), G_TimeOut): Object 'Object Repository/3-OBJECTS UTILIDADES/Login/a_Ingresar' is clickable

2022-05-04 11:40:50 - [MESSAGE][PASSED] - Object 'Object Repository/3-OBJECTS UTILIDADES/Login/a_Ingresar' is clickable

2022-05-04 11:40:50 - [TEST_STEP][PASSED] - click(findTestObject("3-OBJECTS UTILIDADES/Login/a_Ingresar")): Object: 'Object Repository/3-OBJECTS UTILIDADES/Login/a_Ingresar' is clicked on

2022-05-04 11:40:51 - [MESSAGE][PASSED] - Object: 'Object Repository/3-OBJECTS UTILIDADES/Login/a_Ingresar' is clicked on

2022-05-04 11:40:51 - [TEST_STEP][PASSED] - element = findWebElement(findTestObject("3-OBJECTS UTILIDADES/Login/a_Ir"), 30): null

2022-05-04 11:40:52 - [TEST_STEP][PASSED] - executeJavaScript("arguments[0].click()", Arrays.asList(element)): Execute JavaScript 'arguments[0].click()' successfully

2022-05-04 11:40:52 - [MESSAGE][PASSED] - Execute JavaScript 'arguments[0].click()' successfully

2022-05-04 11:40:52 - [MESSAGE][PASSED] - Call Test Case 'Test Cases/0.1-Login' successfully

2022-05-04 11:40:52 - [TEST_STEP][PASSED] - setText(findTestObject("2-OBJECTS TAREAS SECUNDARIAS/Pruebas Compensación/Listado_Empleados/input_Empresa 1_form_templatej_idt24_input (1)"), "Inconsistencias Evento"): Text 'Inconsistencias Evento' is set on object 'Object Repository/2-OBJECTS TAREAS SECUNDARIAS/Pruebas Compensación/Listado_Empleados/input_Empresa 1_form_templatej_idt24_input (1)'

2022-05-04 11:40:53 - [MESSAGE][PASSED] - Text 'Inconsistencias Evento' is set on object 'Object Repository/2-OBJECTS TAREAS SECUNDARIAS/Pruebas Compensación/Listado_Empleados/input_Empresa 1_form_templatej_idt24_input (1)'

2022-05-04 11:40:53 - [TEST_STEP][PASSED] - click(findTestObject("2-OBJECTS TAREAS SECUNDARIAS/Prueba Control De Tiempo/Inconsistencias_Evento/li_Inconsistencias Evento (get)")): Object: 'Object Repository/2-OBJECTS TAREAS SECUNDARIAS/Prueba Control De Tiempo/Inconsistencias_Evento/li_Inconsistencias Evento (get)' is clicked on

2022-05-04 11:40:54 - [MESSAGE][PASSED] - Object: 'Object Repository/2-OBJECTS TAREAS SECUNDARIAS/Prueba Control De Tiempo/Inconsistencias_Evento/li_Inconsistencias Evento (get)' is clicked on

2022-05-04 11:40:54 - [TEST_STEP][PASSED] - click(findTestObject("2-OBJECTS TAREAS SECUNDARIAS/Prueba Control De Tiempo/Inconsistencias_Evento/a_Inconsistencia Marcacin")): Object: 'Object Repository/2-OBJECTS TAREAS SECUNDARIAS/Prueba Control De Tiempo/Inconsistencias_Evento/a_Inconsistencia Marcacin' is clicked on

2022-05-04 11:40:55 - [MESSAGE][PASSED] - Object: 'Object Repository/2-OBJECTS TAREAS SECUNDARIAS/Prueba Control De Tiempo/Inconsistencias_Evento/a_Inconsistencia Marcacin' is clicked on

2022-05-04 11:40:55 - [TEST_STEP][PASSED] - if (waitForElementVisible(findTestObject("2-OBJECTS TAREAS SECUNDARIAS/Prueba Control De Tiempo/Inconsistencias_Evento/td_ALMANZA ROSAS SILVIS"), 1)): Web element with id: 'Object Repository/2-OBJECTS TAREAS SECUNDARIAS/Prueba Control De Tiempo/Inconsistencias_Evento/td_ALMANZA ROSAS SILVIS' located by '//*/text()[normalize-space(.)='ALMANZA ROSAS SILVIS']/parent::*' not found

2022-05-04 11:40:57 - [MESSAGE][INFO] - Unable to find the element located by 'By.xpath: //*/text()[normalize-space(.)='ALMANZA ROSAS SILVIS']/parent::*'. Please recheck the objects properties to make sure the desired element is located. 

2022-05-04 11:40:57 - [MESSAGE][WARNING] - Web element with id: 'Object Repository/2-OBJECTS TAREAS SECUNDARIAS/Prueba Control De Tiempo/Inconsistencias_Evento/td_ALMANZA ROSAS SILVIS' located by '//*/text()[normalize-space(.)='ALMANZA ROSAS SILVIS']/parent::*' not found

2022-05-04 11:40:57 - [TEST_STEP][PASSED] - else: null

2022-05-04 11:40:57 - [TEST_STEP][PASSED] - click(findTestObject("2-OBJECTS TAREAS SECUNDARIAS/Prueba Control De Tiempo/Inconsistencias_Evento/a_Nuevo")): Object: 'Object Repository/2-OBJECTS TAREAS SECUNDARIAS/Prueba Control De Tiempo/Inconsistencias_Evento/a_Nuevo' is clicked on

2022-05-04 11:40:58 - [MESSAGE][PASSED] - Object: 'Object Repository/2-OBJECTS TAREAS SECUNDARIAS/Prueba Control De Tiempo/Inconsistencias_Evento/a_Nuevo' is clicked on

2022-05-04 11:40:58 - [TEST_STEP][PASSED] - click(findTestObject("2-OBJECTS TAREAS SECUNDARIAS/Prueba Control De Tiempo/Inconsistencias_Evento/a_Nombres_formPopupRelojj_idt199")): Object: 'Object Repository/2-OBJECTS TAREAS SECUNDARIAS/Prueba Control De Tiempo/Inconsistencias_Evento/a_Nombres_formPopupRelojj_idt199' is clicked on

2022-05-04 11:40:58 - [MESSAGE][PASSED] - Object: 'Object Repository/2-OBJECTS TAREAS SECUNDARIAS/Prueba Control De Tiempo/Inconsistencias_Evento/a_Nombres_formPopupRelojj_idt199' is clicked on

2022-05-04 11:40:58 - [TEST_STEP][PASSED] - click(findTestObject("2-OBJECTS TAREAS SECUNDARIAS/Prueba Control De Tiempo/Inconsistencias_Evento/input_Filter by Nombre_formPopupRelojj_idt204j_idt207filter"), STOP_ON_FAILURE): Object: 'Object Repository/2-OBJECTS TAREAS SECUNDARIAS/Prueba Control De Tiempo/Inconsistencias_Evento/input_Filter by Nombre_formPopupRelojj_idt204j_idt207filter' is clicked on

2022-05-04 11:40:59 - [MESSAGE][PASSED] - Object: 'Object Repository/2-OBJECTS TAREAS SECUNDARIAS/Prueba Control De Tiempo/Inconsistencias_Evento/input_Filter by Nombre_formPopupRelojj_idt204j_idt207filter' is clicked on

2022-05-04 11:40:59 - [TEST_STEP][PASSED] - click(findTestObject("2-OBJECTS TAREAS SECUNDARIAS/Prueba Control De Tiempo/Inconsistencias_Evento/td_Almanza Rosas Silvis2"), STOP_ON_FAILURE): Object: 'Object Repository/2-OBJECTS TAREAS SECUNDARIAS/Prueba Control De Tiempo/Inconsistencias_Evento/td_Almanza Rosas Silvis2' is clicked on

2022-05-04 11:40:59 - [MESSAGE][PASSED] - Object: 'Object Repository/2-OBJECTS TAREAS SECUNDARIAS/Prueba Control De Tiempo/Inconsistencias_Evento/td_Almanza Rosas Silvis2' is clicked on

2022-05-04 11:40:59 - [TEST_STEP][PASSED] - setText(findTestObject("2-OBJECTS TAREAS SECUNDARIAS/Prueba Control De Tiempo/Inconsistencias_Evento/input_Fecha Inicial_formPopupRelojfechaIni_input"), "23/03/2019"): Text '23/03/2019' is set on object 'Object Repository/2-OBJECTS TAREAS SECUNDARIAS/Prueba Control De Tiempo/Inconsistencias_Evento/input_Fecha Inicial_formPopupRelojfechaIni_input'

2022-05-04 11:41:01 - [MESSAGE][PASSED] - Text '23/03/2019' is set on object 'Object Repository/2-OBJECTS TAREAS SECUNDARIAS/Prueba Control De Tiempo/Inconsistencias_Evento/input_Fecha Inicial_formPopupRelojfechaIni_input'

2022-05-04 11:41:01 - [TEST_STEP][PASSED] - setText(findTestObject("2-OBJECTS TAREAS SECUNDARIAS/Prueba Control De Tiempo/Inconsistencias_Evento/input_Hora_formPopupRelojhoraIni"), "06"): Text '06' is set on object 'Object Repository/2-OBJECTS TAREAS SECUNDARIAS/Prueba Control De Tiempo/Inconsistencias_Evento/input_Hora_formPopupRelojhoraIni'

2022-05-04 11:41:01 - [MESSAGE][PASSED] - Text '06' is set on object 'Object Repository/2-OBJECTS TAREAS SECUNDARIAS/Prueba Control De Tiempo/Inconsistencias_Evento/input_Hora_formPopupRelojhoraIni'

2022-05-04 11:41:01 - [TEST_STEP][PASSED] - setText(findTestObject("2-OBJECTS TAREAS SECUNDARIAS/Prueba Control De Tiempo/Inconsistencias_Evento/input__formPopupRelojminutoIni"), "10"): Text '10' is set on object 'Object Repository/2-OBJECTS TAREAS SECUNDARIAS/Prueba Control De Tiempo/Inconsistencias_Evento/input__formPopupRelojminutoIni'

2022-05-04 11:41:02 - [MESSAGE][PASSED] - Text '10' is set on object 'Object Repository/2-OBJECTS TAREAS SECUNDARIAS/Prueba Control De Tiempo/Inconsistencias_Evento/input__formPopupRelojminutoIni'

2022-05-04 11:41:02 - [TEST_STEP][PASSED] - click(findTestObject("2-OBJECTS TAREAS SECUNDARIAS/Prueba Control De Tiempo/Inconsistencias_Evento/label_Evento")): Object: 'Object Repository/2-OBJECTS TAREAS SECUNDARIAS/Prueba Control De Tiempo/Inconsistencias_Evento/label_Evento' is clicked on

2022-05-04 11:41:03 - [MESSAGE][PASSED] - Object: 'Object Repository/2-OBJECTS TAREAS SECUNDARIAS/Prueba Control De Tiempo/Inconsistencias_Evento/label_Evento' is clicked on

2022-05-04 11:41:03 - [TEST_STEP][PASSED] - click(findTestObject("2-OBJECTS TAREAS SECUNDARIAS/Pruebas capacitacion/Comprobar Parametros/a_Guardar")): Object: 'Object Repository/2-OBJECTS TAREAS SECUNDARIAS/Pruebas capacitacion/Comprobar Parametros/a_Guardar' is clicked on

2022-05-04 11:41:03 - [MESSAGE][PASSED] - Object: 'Object Repository/2-OBJECTS TAREAS SECUNDARIAS/Pruebas capacitacion/Comprobar Parametros/a_Guardar' is clicked on

2022-05-04 11:41:03 - [TEST_STEP][PASSED] - click(findTestObject("2-OBJECTS TAREAS SECUNDARIAS/Prueba Control De Tiempo/Inconsistencias_Evento/td_ALMANZA ROSAS SILVIS")): Object: 'Object Repository/2-OBJECTS TAREAS SECUNDARIAS/Prueba Control De Tiempo/Inconsistencias_Evento/td_ALMANZA ROSAS SILVIS' is clicked on

2022-05-04 11:41:04 - [MESSAGE][PASSED] - Object: 'Object Repository/2-OBJECTS TAREAS SECUNDARIAS/Prueba Control De Tiempo/Inconsistencias_Evento/td_ALMANZA ROSAS SILVIS' is clicked on

2022-05-04 11:41:04 - [TEST_STEP][PASSED] - click(findTestObject("2-OBJECTS TAREAS SECUNDARIAS/Prueba Control De Tiempo/Inconsistencias_Evento/a_Solucionar")): Object: 'Object Repository/2-OBJECTS TAREAS SECUNDARIAS/Prueba Control De Tiempo/Inconsistencias_Evento/a_Solucionar' is clicked on

2022-05-04 11:41:04 - [MESSAGE][PASSED] - Object: 'Object Repository/2-OBJECTS TAREAS SECUNDARIAS/Prueba Control De Tiempo/Inconsistencias_Evento/a_Solucionar' is clicked on

2022-05-04 11:41:04 - [TEST_STEP][PASSED] - setText(findTestObject("2-OBJECTS TAREAS SECUNDARIAS/Prueba Control De Tiempo/Inconsistencias_Evento/input_Hora Final_formPopupSolucionInconsistenciahoraFin_input"), "2019/03/23 11:29 AM"): Text '2019/03/23 11:29 AM' is set on object 'Object Repository/2-OBJECTS TAREAS SECUNDARIAS/Prueba Control De Tiempo/Inconsistencias_Evento/input_Hora Final_formPopupSolucionInconsistenciahoraFin_input'

2022-05-04 11:41:05 - [MESSAGE][PASSED] - Text '2019/03/23 11:29 AM' is set on object 'Object Repository/2-OBJECTS TAREAS SECUNDARIAS/Prueba Control De Tiempo/Inconsistencias_Evento/input_Hora Final_formPopupSolucionInconsistenciahoraFin_input'

2022-05-04 11:41:05 - [TEST_STEP][PASSED] - sendKeys(findTestObject("2-OBJECTS TAREAS SECUNDARIAS/Prueba Control De Tiempo/Inconsistencias_Evento/input_Hora Final_formPopupSolucionInconsistenciahoraFin_input"), Keys.chord(ESCAPE)): Keys 'ESCAPE + ' sent to object: 'Object Repository/2-OBJECTS TAREAS SECUNDARIAS/Prueba Control De Tiempo/Inconsistencias_Evento/input_Hora Final_formPopupSolucionInconsistenciahoraFin_input'

2022-05-04 11:41:06 - [MESSAGE][PASSED] - Keys 'ESCAPE + ' sent to object: 'Object Repository/2-OBJECTS TAREAS SECUNDARIAS/Prueba Control De Tiempo/Inconsistencias_Evento/input_Hora Final_formPopupSolucionInconsistenciahoraFin_input'

2022-05-04 11:41:06 - [TEST_STEP][PASSED] - click(findTestObject("2-OBJECTS TAREAS SECUNDARIAS/Prueba Control De Tiempo/Inconsistencias_Evento/label_Inconsistencias")): Object: 'Object Repository/2-OBJECTS TAREAS SECUNDARIAS/Prueba Control De Tiempo/Inconsistencias_Evento/label_Inconsistencias' is clicked on

2022-05-04 11:41:06 - [MESSAGE][PASSED] - Object: 'Object Repository/2-OBJECTS TAREAS SECUNDARIAS/Prueba Control De Tiempo/Inconsistencias_Evento/label_Inconsistencias' is clicked on

2022-05-04 11:41:06 - [TEST_STEP][PASSED] - click(findTestObject("2-OBJECTS TAREAS SECUNDARIAS/Pruebas capacitacion/Comprobar Parametros/a_Guardar")): Object: 'Object Repository/2-OBJECTS TAREAS SECUNDARIAS/Pruebas capacitacion/Comprobar Parametros/a_Guardar' is clicked on

2022-05-04 11:41:07 - [MESSAGE][PASSED] - Object: 'Object Repository/2-OBJECTS TAREAS SECUNDARIAS/Pruebas capacitacion/Comprobar Parametros/a_Guardar' is clicked on

2022-05-04 11:41:07 - [TEST_STEP][PASSED] - Result0 = getText(findTestObject("3-OBJECTS UTILIDADES/Alerta/Alerta")): Text of object 'Object Repository/3-OBJECTS UTILIDADES/Alerta/Alerta' is: 'Se soluciono la inconsistencia del registro'

2022-05-04 11:41:08 - [MESSAGE][PASSED] - Text of object 'Object Repository/3-OBJECTS UTILIDADES/Alerta/Alerta' is: 'Se soluciono la inconsistencia del registro'

2022-05-04 11:41:08 - [TEST_STEP][PASSED] - if (Result0 == "Se soluciono la inconsistencia del registro"): null

2022-05-04 11:41:08 - [TEST_STEP][PASSED] - Resultado = "PRUEBA OK": null]]></system-out>
         <system-err><![CDATA[]]></system-err>
      </testcase>
      <system-out><![CDATA[2022-05-04 11:38:21 - [TEST_SUITE][PASSED] - A3-Pruebas_Control_Tiempos: Test Cases/1.2-Tareas_Secundarias/A.3-Pruebas_control_tiempos/13.2.5-Inconsistencias_Evento]]></system-out>
      <system-err><![CDATA[]]></system-err>
   </testsuite>
</testsuites>
