<?xml version="1.0" encoding="UTF-8"?>
<testsuites name="2-Pruebas hoja de vida" time="273.691" tests="10" failures="1" errors="0">
   <testsuite name="2-Pruebas hoja de vida" tests="10" failures="1" errors="0" time="273.691" skipped="0" timestamp="2022-01-03 15:53:13" hostname="diego.rojas - US-AF-000371" id="Test Suites/2-Pruebas hoja de vida">
      <properties>
         <property name="deviceName" value=""/>
         <property name="devicePlatform" value=""/>
         <property name="logFolder" value="C:\\Users\\diego.rojas\\git\\Pruebas-Minimas\\Reports\\20220103_155242\\2-Pruebas hoja de vida\\20220103_155248"/>
         <property name="logFiles" value="C:\\Users\\diego.rojas\\git\\Pruebas-Minimas\\Reports\\20220103_155242\\2-Pruebas hoja de vida\\20220103_155248\\execution0.log"/>
         <property name="attachments" value="C:\\Users\\diego.rojas\\git\\Pruebas-Minimas\\Reports\\20220103_155242\\2-Pruebas hoja de vida\\20220103_155248\\1641243450118.png"/>
         <property name="hostName" value="diego.rojas - US-AF-000371"/>
         <property name="os" value="Windows 10 64bit"/>
         <property name="katalonVersion" value="8.2.0.208"/>
         <property name="browser" value="Chrome 96.0.4664.110"/>
         <property name="hostAddress" value="192.168.56.1"/>
         <property name="sessionId" value="4c0faaa5af3ed8a530347d2cd4a45ad4"/>
         <property name="seleniumVersion" value="3.141.59"/>
         <property name="proxyInformation" value="ProxyInformation { proxyOption=NO_PROXY, proxyServerType=HTTP, username=, password=********, proxyServerAddress=, proxyServerPort=0, executionList=&quot;&quot;, isApplyToDesiredCapabilities=true }"/>
         <property name="platform" value="Windows 10"/>
      </properties>
      <testcase name="Test Cases/2.1-Pruebas_Hoja_de_Vida/2.1.0-Nueva_Categoria" time="21.544" classname="Test Cases/2.1-Pruebas_Hoja_de_Vida/2.1.0-Nueva_Categoria" status="PASSED">
         <system-out><![CDATA[2022-01-03 15:53:14 - [TEST_CASE][PASSED] - Test Cases/2.1-Pruebas_Hoja_de_Vida/2.1.0-Nueva_Categoria: Test Cases/2.1-Pruebas_Hoja_de_Vida/2.1.0-Nueva_Categoria

2022-01-03 15:53:14 - [TEST_STEP][PASSED] - callTestCase(findTestCase("0.1-Login"), [:], STOP_ON_FAILURE): Call Test Case 'Test Cases/0.1-Login' successfully

2022-01-03 15:53:15 - [TEST_CASE][PASSED] - Test Cases/0.1-Login: Test Cases/0.1-Login

2022-01-03 15:53:15 - [TEST_STEP][PASSED] - openBrowser(""): Browser is opened with url: ''

2022-01-03 15:53:16 - [MESSAGE][INFO] - Starting 'Chrome' driver

2022-01-03 15:53:16 - [MESSAGE][INFO] - Action delay is set to 0 milliseconds

2022-01-03 15:53:18 - [MESSAGE][PASSED] - Browser is opened with url: ''

2022-01-03 15:53:18 - [TEST_STEP][PASSED] - maximizeWindow(): Current window maximized

2022-01-03 15:53:18 - [MESSAGE][PASSED] - Current window maximized

2022-01-03 15:53:18 - [TEST_STEP][PASSED] - i = G_Login: null

2022-01-03 15:53:18 - [TEST_STEP][PASSED] - url = new java.net.URL(i): null

2022-01-03 15:53:18 - [TEST_STEP][PASSED] - println("URL: " + url.toString()): null

2022-01-03 15:53:18 - [TEST_STEP][PASSED] - connection = url.openConnection(): null

2022-01-03 15:53:18 - [TEST_STEP][PASSED] - connection.setRequestMethod("GET"): null

2022-01-03 15:53:19 - [TEST_STEP][PASSED] - connection.setReadTimeout(2 * 1000): null

2022-01-03 15:53:19 - [TEST_STEP][PASSED] - try: null

2022-01-03 15:53:19 - [TEST_STEP][PASSED] - connection.connect(): null

2022-01-03 15:53:19 - [TEST_STEP][PASSED] - flag = connected: null

2022-01-03 15:53:19 - [TEST_STEP][PASSED] - println("Valor_ori: " + flag): null

2022-01-03 15:53:19 - [TEST_STEP][PASSED] - if (flag): null

2022-01-03 15:53:19 - [TEST_STEP][PASSED] - navigateToUrl(i): Navigate to 'http://192.168.2.80:8380/saraweb' successfully

2022-01-03 15:53:19 - [MESSAGE][PASSED] - Navigate to 'http://192.168.2.80:8380/saraweb' successfully

2022-01-03 15:53:19 - [TEST_STEP][PASSED] - a(): null

2022-01-03 15:53:19 - [TEST_STEP][PASSED] - setText(findTestObject("Login/input_USUARIO_loginusuario"), G_Usuario): Text 'saraadmin' is set on object 'Object Repository/Login/input_USUARIO_loginusuario'

2022-01-03 15:53:20 - [MESSAGE][PASSED] - Text 'saraadmin' is set on object 'Object Repository/Login/input_USUARIO_loginusuario'

2022-01-03 15:53:20 - [TEST_STEP][PASSED] - setEncryptedText(findTestObject("Login/input_CLAVE_loginpassword"), "MkG4/TYiCFC3cb2driP7+Q=="): Text ****** has been set on object 'Object Repository/Login/input_CLAVE_loginpassword'

2022-01-03 15:53:21 - [MESSAGE][PASSED] - Text ****** has been set on object 'Object Repository/Login/input_CLAVE_loginpassword'

2022-01-03 15:53:21 - [TEST_STEP][PASSED] - waitForElementClickable(findTestObject("Login/a_Ingresar"), G_TimeOut): Object 'Object Repository/Login/a_Ingresar' is clickable

2022-01-03 15:53:21 - [MESSAGE][PASSED] - Object 'Object Repository/Login/a_Ingresar' is clickable

2022-01-03 15:53:21 - [TEST_STEP][PASSED] - click(findTestObject("Login/a_Ingresar")): Object: 'Object Repository/Login/a_Ingresar' is clicked on

2022-01-03 15:53:24 - [MESSAGE][PASSED] - Object: 'Object Repository/Login/a_Ingresar' is clicked on

2022-01-03 15:53:24 - [TEST_STEP][PASSED] - element = findWebElement(findTestObject("Login/a_Ir"), 30): null

2022-01-03 15:53:24 - [TEST_STEP][PASSED] - executeJavaScript("arguments[0].click()", Arrays.asList(element)): Execute JavaScript 'arguments[0].click()' successfully

2022-01-03 15:53:24 - [MESSAGE][PASSED] - Execute JavaScript 'arguments[0].click()' successfully

2022-01-03 15:53:24 - [MESSAGE][PASSED] - Call Test Case 'Test Cases/0.1-Login' successfully

2022-01-03 15:53:24 - [TEST_STEP][PASSED] - waitForElementClickable(findTestObject("Pruebas_Hoja_de_Vida/Nueva_Categoria/span_Categora_buscar glyphicons glyphicons-search"), 0): Object 'Object Repository/Pruebas_Hoja_de_Vida/Nueva_Categoria/span_Categora_buscar glyphicons glyphicons-search' is clickable

2022-01-03 15:53:24 - [MESSAGE][WARNING] - Timeout '0' is invalid. Using default page load timeout: '30'

2022-01-03 15:53:25 - [MESSAGE][PASSED] - Object 'Object Repository/Pruebas_Hoja_de_Vida/Nueva_Categoria/span_Categora_buscar glyphicons glyphicons-search' is clickable

2022-01-03 15:53:25 - [TEST_STEP][PASSED] - setText(findTestObject("Pruebas_Hoja_de_Vida/Nueva_Categoria/span_Categora_buscar glyphicons glyphicons-search"), "categoria"): Text 'categoria' is set on object 'Object Repository/Pruebas_Hoja_de_Vida/Nueva_Categoria/span_Categora_buscar glyphicons glyphicons-search'

2022-01-03 15:53:26 - [MESSAGE][PASSED] - Text 'categoria' is set on object 'Object Repository/Pruebas_Hoja_de_Vida/Nueva_Categoria/span_Categora_buscar glyphicons glyphicons-search'

2022-01-03 15:53:26 - [TEST_STEP][PASSED] - delay(1): Delayed 1 second(s)

2022-01-03 15:53:27 - [MESSAGE][PASSED] - Delayed 1 second(s)

2022-01-03 15:53:27 - [TEST_STEP][PASSED] - sendKeys(findTestObject("Pruebas_Hoja_de_Vida/Nueva_Categoria/span_Categora_buscar glyphicons glyphicons-search"), Keys.chord(ENTER)): Keys 'ENTER + ' sent to object: 'Object Repository/Pruebas_Hoja_de_Vida/Nueva_Categoria/span_Categora_buscar glyphicons glyphicons-search'

2022-01-03 15:53:27 - [MESSAGE][PASSED] - Keys 'ENTER + ' sent to object: 'Object Repository/Pruebas_Hoja_de_Vida/Nueva_Categoria/span_Categora_buscar glyphicons glyphicons-search'

2022-01-03 15:53:27 - [TEST_STEP][PASSED] - setText(findTestObject("Pruebas_Hoja_de_Vida/Nueva_Categoria/input_Actos Administrativos_form_categoriaSeccionj_idt61"), "prueba"): Text 'prueba' is set on object 'Object Repository/Pruebas_Hoja_de_Vida/Nueva_Categoria/input_Actos Administrativos_form_categoriaSeccionj_idt61'

2022-01-03 15:53:28 - [MESSAGE][PASSED] - Text 'prueba' is set on object 'Object Repository/Pruebas_Hoja_de_Vida/Nueva_Categoria/input_Actos Administrativos_form_categoriaSeccionj_idt61'

2022-01-03 15:53:28 - [TEST_STEP][PASSED] - sendKeys(findTestObject("Pruebas_Hoja_de_Vida/Nueva_Categoria/input_Actos Administrativos_form_categoriaSeccionj_idt61"), Keys.chord(ENTER)): Keys 'ENTER + ' sent to object: 'Object Repository/Pruebas_Hoja_de_Vida/Nueva_Categoria/input_Actos Administrativos_form_categoriaSeccionj_idt61'

2022-01-03 15:53:29 - [MESSAGE][PASSED] - Keys 'ENTER + ' sent to object: 'Object Repository/Pruebas_Hoja_de_Vida/Nueva_Categoria/input_Actos Administrativos_form_categoriaSeccionj_idt61'

2022-01-03 15:53:29 - [TEST_STEP][PASSED] - if (waitForElementClickable(findTestObject("Pruebas_Hoja_de_Vida/Nueva_Categoria/span_prueba"), 1)): null

2022-01-03 15:53:29 - [MESSAGE][PASSED] - Object 'Object Repository/Pruebas_Hoja_de_Vida/Nueva_Categoria/span_prueba' is clickable

2022-01-03 15:53:29 - [TEST_STEP][PASSED] - click(findTestObject("Pruebas_Hoja_de_Vida/Nueva_Categoria/span_prueba")): Object: 'Object Repository/Pruebas_Hoja_de_Vida/Nueva_Categoria/span_prueba' is clicked on

2022-01-03 15:53:30 - [MESSAGE][PASSED] - Object: 'Object Repository/Pruebas_Hoja_de_Vida/Nueva_Categoria/span_prueba' is clicked on

2022-01-03 15:53:30 - [TEST_STEP][PASSED] - click(findTestObject("Pruebas_Hoja_de_Vida/Nueva_Categoria/a_Eliminar")): Object: 'Object Repository/Pruebas_Hoja_de_Vida/Nueva_Categoria/a_Eliminar' is clicked on

2022-01-03 15:53:30 - [MESSAGE][PASSED] - Object: 'Object Repository/Pruebas_Hoja_de_Vida/Nueva_Categoria/a_Eliminar' is clicked on

2022-01-03 15:53:30 - [TEST_STEP][PASSED] - click(findTestObject("Pruebas_Hoja_de_Vida/Nueva_Categoria/a_Aceptar")): Object: 'Object Repository/Pruebas_Hoja_de_Vida/Nueva_Categoria/a_Aceptar' is clicked on

2022-01-03 15:53:32 - [MESSAGE][PASSED] - Object: 'Object Repository/Pruebas_Hoja_de_Vida/Nueva_Categoria/a_Aceptar' is clicked on

2022-01-03 15:53:32 - [TEST_STEP][PASSED] - click(findTestObject("Pruebas_Hoja_de_Vida/Nueva_Categoria/a_Nuevo")): Object: 'Object Repository/Pruebas_Hoja_de_Vida/Nueva_Categoria/a_Nuevo' is clicked on

2022-01-03 15:53:32 - [MESSAGE][PASSED] - Object: 'Object Repository/Pruebas_Hoja_de_Vida/Nueva_Categoria/a_Nuevo' is clicked on

2022-01-03 15:53:32 - [TEST_STEP][PASSED] - setText(findTestObject("Pruebas_Hoja_de_Vida/Nueva_Categoria/input_Descripcin_form_categoriaSecciondescripcion"), "prueba"): Text 'prueba' is set on object 'Object Repository/Pruebas_Hoja_de_Vida/Nueva_Categoria/input_Descripcin_form_categoriaSecciondescripcion'

2022-01-03 15:53:33 - [MESSAGE][PASSED] - Text 'prueba' is set on object 'Object Repository/Pruebas_Hoja_de_Vida/Nueva_Categoria/input_Descripcin_form_categoriaSecciondescripcion'

2022-01-03 15:53:33 - [TEST_STEP][PASSED] - setText(findTestObject("Pruebas_Hoja_de_Vida/Nueva_Categoria/input_Orden_form_categoriaSeccionorden"), "5"): Text '5' is set on object 'Object Repository/Pruebas_Hoja_de_Vida/Nueva_Categoria/input_Orden_form_categoriaSeccionorden'

2022-01-03 15:53:34 - [MESSAGE][PASSED] - Text '5' is set on object 'Object Repository/Pruebas_Hoja_de_Vida/Nueva_Categoria/input_Orden_form_categoriaSeccionorden'

2022-01-03 15:53:34 - [TEST_STEP][PASSED] - click(findTestObject("Pruebas_Hoja_de_Vida/Nueva_Categoria/a_Guardar")): Object: 'Object Repository/Pruebas_Hoja_de_Vida/Nueva_Categoria/a_Guardar' is clicked on

2022-01-03 15:53:35 - [MESSAGE][PASSED] - Object: 'Object Repository/Pruebas_Hoja_de_Vida/Nueva_Categoria/a_Guardar' is clicked on

2022-01-03 15:53:35 - [TEST_STEP][PASSED] - closeBrowser(): Browser is closed

2022-01-03 15:53:35 - [MESSAGE][PASSED] - Browser is closed]]></system-out>
         <system-err><![CDATA[]]></system-err>
      </testcase>
      <testcase name="Test Cases/2.1-Pruebas_Hoja_de_Vida/2.1.1-Nueva_Seccion" time="25.026" classname="Test Cases/2.1-Pruebas_Hoja_de_Vida/2.1.1-Nueva_Seccion" status="PASSED">
         <system-out><![CDATA[2022-01-03 15:53:35 - [TEST_CASE][PASSED] - Test Cases/2.1-Pruebas_Hoja_de_Vida/2.1.1-Nueva_Seccion: Test Cases/2.1-Pruebas_Hoja_de_Vida/2.1.1-Nueva_Seccion

2022-01-03 15:53:36 - [TEST_STEP][PASSED] - callTestCase(findTestCase("0.1-Login"), [:], STOP_ON_FAILURE): Call Test Case 'Test Cases/0.1-Login' successfully

2022-01-03 15:53:36 - [TEST_CASE][PASSED] - Test Cases/0.1-Login: Test Cases/0.1-Login

2022-01-03 15:53:36 - [TEST_STEP][PASSED] - openBrowser(""): Browser is opened with url: ''

2022-01-03 15:53:36 - [MESSAGE][INFO] - Starting 'Chrome' driver

2022-01-03 15:53:36 - [MESSAGE][INFO] - Action delay is set to 0 milliseconds

2022-01-03 15:53:37 - [MESSAGE][PASSED] - Browser is opened with url: ''

2022-01-03 15:53:37 - [TEST_STEP][PASSED] - maximizeWindow(): Current window maximized

2022-01-03 15:53:38 - [MESSAGE][PASSED] - Current window maximized

2022-01-03 15:53:38 - [TEST_STEP][PASSED] - i = G_Login: null

2022-01-03 15:53:38 - [TEST_STEP][PASSED] - url = new java.net.URL(i): null

2022-01-03 15:53:38 - [TEST_STEP][PASSED] - println("URL: " + url.toString()): null

2022-01-03 15:53:38 - [TEST_STEP][PASSED] - connection = url.openConnection(): null

2022-01-03 15:53:38 - [TEST_STEP][PASSED] - connection.setRequestMethod("GET"): null

2022-01-03 15:53:38 - [TEST_STEP][PASSED] - connection.setReadTimeout(2 * 1000): null

2022-01-03 15:53:38 - [TEST_STEP][PASSED] - try: null

2022-01-03 15:53:38 - [TEST_STEP][PASSED] - connection.connect(): null

2022-01-03 15:53:38 - [TEST_STEP][PASSED] - flag = connected: null

2022-01-03 15:53:38 - [TEST_STEP][PASSED] - println("Valor_ori: " + flag): null

2022-01-03 15:53:38 - [TEST_STEP][PASSED] - if (flag): null

2022-01-03 15:53:38 - [TEST_STEP][PASSED] - navigateToUrl(i): Navigate to 'http://192.168.2.80:8380/saraweb' successfully

2022-01-03 15:53:38 - [MESSAGE][PASSED] - Navigate to 'http://192.168.2.80:8380/saraweb' successfully

2022-01-03 15:53:38 - [TEST_STEP][PASSED] - a(): null

2022-01-03 15:53:38 - [TEST_STEP][PASSED] - setText(findTestObject("Login/input_USUARIO_loginusuario"), G_Usuario): Text 'saraadmin' is set on object 'Object Repository/Login/input_USUARIO_loginusuario'

2022-01-03 15:53:39 - [MESSAGE][PASSED] - Text 'saraadmin' is set on object 'Object Repository/Login/input_USUARIO_loginusuario'

2022-01-03 15:53:39 - [TEST_STEP][PASSED] - setEncryptedText(findTestObject("Login/input_CLAVE_loginpassword"), "MkG4/TYiCFC3cb2driP7+Q=="): Text ****** has been set on object 'Object Repository/Login/input_CLAVE_loginpassword'

2022-01-03 15:53:39 - [MESSAGE][PASSED] - Text ****** has been set on object 'Object Repository/Login/input_CLAVE_loginpassword'

2022-01-03 15:53:39 - [TEST_STEP][PASSED] - waitForElementClickable(findTestObject("Login/a_Ingresar"), G_TimeOut): Object 'Object Repository/Login/a_Ingresar' is clickable

2022-01-03 15:53:40 - [MESSAGE][PASSED] - Object 'Object Repository/Login/a_Ingresar' is clickable

2022-01-03 15:53:40 - [TEST_STEP][PASSED] - click(findTestObject("Login/a_Ingresar")): Object: 'Object Repository/Login/a_Ingresar' is clicked on

2022-01-03 15:53:42 - [MESSAGE][PASSED] - Object: 'Object Repository/Login/a_Ingresar' is clicked on

2022-01-03 15:53:42 - [TEST_STEP][PASSED] - element = findWebElement(findTestObject("Login/a_Ir"), 30): null

2022-01-03 15:53:42 - [TEST_STEP][PASSED] - executeJavaScript("arguments[0].click()", Arrays.asList(element)): Execute JavaScript 'arguments[0].click()' successfully

2022-01-03 15:53:42 - [MESSAGE][PASSED] - Execute JavaScript 'arguments[0].click()' successfully

2022-01-03 15:53:42 - [MESSAGE][PASSED] - Call Test Case 'Test Cases/0.1-Login' successfully

2022-01-03 15:53:42 - [TEST_STEP][PASSED] - click(findTestObject("Pruebas_Hoja_de_Vida/Nueva_sección/input_Secciones_form_templatej_idt286j_idt29")): Object: 'Object Repository/Pruebas_Hoja_de_Vida/Nueva_sección/input_Secciones_form_templatej_idt286j_idt29' is clicked on

2022-01-03 15:53:43 - [MESSAGE][PASSED] - Object: 'Object Repository/Pruebas_Hoja_de_Vida/Nueva_sección/input_Secciones_form_templatej_idt286j_idt29' is clicked on

2022-01-03 15:53:43 - [TEST_STEP][PASSED] - click(findTestObject("Pruebas_Hoja_de_Vida/Nueva_sección/a_ADMINISTRADOR DEL SISTEMA - SARA_cerrar_menu")): Object: 'Object Repository/Pruebas_Hoja_de_Vida/Nueva_sección/a_ADMINISTRADOR DEL SISTEMA - SARA_cerrar_menu' is clicked on

2022-01-03 15:53:44 - [MESSAGE][PASSED] - Object: 'Object Repository/Pruebas_Hoja_de_Vida/Nueva_sección/a_ADMINISTRADOR DEL SISTEMA - SARA_cerrar_menu' is clicked on

2022-01-03 15:53:44 - [TEST_STEP][PASSED] - click(findTestObject("Pruebas_Hoja_de_Vida/Nueva_sección/label_Parametros de Formularios")): Object: 'Object Repository/Pruebas_Hoja_de_Vida/Nueva_sección/label_Parametros de Formularios' is clicked on

2022-01-03 15:53:44 - [MESSAGE][PASSED] - Object: 'Object Repository/Pruebas_Hoja_de_Vida/Nueva_sección/label_Parametros de Formularios' is clicked on

2022-01-03 15:53:44 - [TEST_STEP][PASSED] - click(findTestObject("Pruebas_Hoja_de_Vida/Nueva_sección/a_Seccion")): Object: 'Object Repository/Pruebas_Hoja_de_Vida/Nueva_sección/a_Seccion' is clicked on

2022-01-03 15:53:45 - [MESSAGE][PASSED] - Object: 'Object Repository/Pruebas_Hoja_de_Vida/Nueva_sección/a_Seccion' is clicked on

2022-01-03 15:53:45 - [TEST_STEP][PASSED] - waitForElementClickable(findTestObject("Pruebas_Hoja_de_Vida/Nueva_sección/input_Nueva Hoja Vida_seccion_formj_idt60"), 0): Object 'Object Repository/Pruebas_Hoja_de_Vida/Nueva_sección/input_Nueva Hoja Vida_seccion_formj_idt60' is clickable

2022-01-03 15:53:45 - [MESSAGE][WARNING] - Timeout '0' is invalid. Using default page load timeout: '30'

2022-01-03 15:53:45 - [MESSAGE][PASSED] - Object 'Object Repository/Pruebas_Hoja_de_Vida/Nueva_sección/input_Nueva Hoja Vida_seccion_formj_idt60' is clickable

2022-01-03 15:53:45 - [TEST_STEP][PASSED] - click(findTestObject("Pruebas_Hoja_de_Vida/Nueva_sección/input_Nueva Hoja Vida_seccion_formj_idt60")): Object: 'Object Repository/Pruebas_Hoja_de_Vida/Nueva_sección/input_Nueva Hoja Vida_seccion_formj_idt60' is clicked on

2022-01-03 15:53:46 - [MESSAGE][PASSED] - Object: 'Object Repository/Pruebas_Hoja_de_Vida/Nueva_sección/input_Nueva Hoja Vida_seccion_formj_idt60' is clicked on

2022-01-03 15:53:46 - [TEST_STEP][PASSED] - setText(findTestObject("Pruebas_Hoja_de_Vida/Nueva_sección/input_Nueva Hoja Vida_seccion_formj_idt60"), "prueba"): Text 'prueba' is set on object 'Object Repository/Pruebas_Hoja_de_Vida/Nueva_sección/input_Nueva Hoja Vida_seccion_formj_idt60'

2022-01-03 15:53:47 - [MESSAGE][PASSED] - Text 'prueba' is set on object 'Object Repository/Pruebas_Hoja_de_Vida/Nueva_sección/input_Nueva Hoja Vida_seccion_formj_idt60'

2022-01-03 15:53:47 - [TEST_STEP][PASSED] - sendKeys(findTestObject("Pruebas_Hoja_de_Vida/Nueva_sección/input_Nueva Hoja Vida_seccion_formj_idt60"), Keys.chord(ENTER)): Keys 'ENTER + ' sent to object: 'Object Repository/Pruebas_Hoja_de_Vida/Nueva_sección/input_Nueva Hoja Vida_seccion_formj_idt60'

2022-01-03 15:53:47 - [MESSAGE][PASSED] - Keys 'ENTER + ' sent to object: 'Object Repository/Pruebas_Hoja_de_Vida/Nueva_sección/input_Nueva Hoja Vida_seccion_formj_idt60'

2022-01-03 15:53:47 - [TEST_STEP][PASSED] - if (waitForElementClickable(findTestObject("Pruebas_Hoja_de_Vida/Nueva_sección/span_Prueba"), 1)): null

2022-01-03 15:53:48 - [MESSAGE][PASSED] - Object 'Object Repository/Pruebas_Hoja_de_Vida/Nueva_sección/span_Prueba' is clickable

2022-01-03 15:53:48 - [TEST_STEP][PASSED] - click(findTestObject("Pruebas_Hoja_de_Vida/Nueva_sección/span_Prueba")): Object: 'Object Repository/Pruebas_Hoja_de_Vida/Nueva_sección/span_Prueba' is clicked on

2022-01-03 15:53:48 - [MESSAGE][PASSED] - Object: 'Object Repository/Pruebas_Hoja_de_Vida/Nueva_sección/span_Prueba' is clicked on

2022-01-03 15:53:48 - [TEST_STEP][PASSED] - click(findTestObject("Pruebas_Hoja_de_Vida/Nueva_sección/a_Eliminar")): Object: 'Object Repository/Pruebas_Hoja_de_Vida/Nueva_sección/a_Eliminar' is clicked on

2022-01-03 15:53:49 - [MESSAGE][PASSED] - Object: 'Object Repository/Pruebas_Hoja_de_Vida/Nueva_sección/a_Eliminar' is clicked on

2022-01-03 15:53:49 - [TEST_STEP][PASSED] - click(findTestObject("Pruebas_Hoja_de_Vida/Nueva_sección/a_Nuevo")): Object: 'Object Repository/Pruebas_Hoja_de_Vida/Nueva_sección/a_Nuevo' is clicked on

2022-01-03 15:53:49 - [MESSAGE][PASSED] - Object: 'Object Repository/Pruebas_Hoja_de_Vida/Nueva_sección/a_Nuevo' is clicked on

2022-01-03 15:53:49 - [TEST_STEP][PASSED] - setText(findTestObject("Pruebas_Hoja_de_Vida/Nueva_sección/input_Descripcin_seccion_formtabdescripcion"), "Prueba"): Text 'Prueba' is set on object 'Object Repository/Pruebas_Hoja_de_Vida/Nueva_sección/input_Descripcin_seccion_formtabdescripcion'

2022-01-03 15:53:50 - [MESSAGE][PASSED] - Text 'Prueba' is set on object 'Object Repository/Pruebas_Hoja_de_Vida/Nueva_sección/input_Descripcin_seccion_formtabdescripcion'

2022-01-03 15:53:50 - [TEST_STEP][PASSED] - setText(findTestObject("Pruebas_Hoja_de_Vida/Nueva_sección/input_Orden_seccion_formtaborden"), "12345"): Text '12345' is set on object 'Object Repository/Pruebas_Hoja_de_Vida/Nueva_sección/input_Orden_seccion_formtaborden'

2022-01-03 15:53:51 - [MESSAGE][PASSED] - Text '12345' is set on object 'Object Repository/Pruebas_Hoja_de_Vida/Nueva_sección/input_Orden_seccion_formtaborden'

2022-01-03 15:53:51 - [TEST_STEP][PASSED] - selectOptionByIndex(findTestObject("Pruebas_Hoja_de_Vida/Nueva_sección/select_SeleccioneBienes"), "2"): All options with index in [2] are selected on object 'Object Repository/Pruebas_Hoja_de_Vida/Nueva_sección/select_SeleccioneBienes'

2022-01-03 15:53:52 - [MESSAGE][PASSED] - All options with index in [2] are selected on object 'Object Repository/Pruebas_Hoja_de_Vida/Nueva_sección/select_SeleccioneBienes'

2022-01-03 15:53:52 - [TEST_STEP][PASSED] - selectOptionByIndex(findTestObject("Pruebas_Hoja_de_Vida/Nueva_sección/select_SeleccioneAreas de experiencia"), "5"): All options with index in [5] are selected on object 'Object Repository/Pruebas_Hoja_de_Vida/Nueva_sección/select_SeleccioneAreas de experiencia'

2022-01-03 15:53:53 - [MESSAGE][PASSED] - All options with index in [5] are selected on object 'Object Repository/Pruebas_Hoja_de_Vida/Nueva_sección/select_SeleccioneAreas de experiencia'

2022-01-03 15:53:53 - [TEST_STEP][PASSED] - setText(findTestObject("Pruebas_Hoja_de_Vida/Nueva_sección/textarea_Mensaje_seccion_formtabmensaje"), "PRUEBA"): Text 'PRUEBA' is set on object 'Object Repository/Pruebas_Hoja_de_Vida/Nueva_sección/textarea_Mensaje_seccion_formtabmensaje'

2022-01-03 15:53:55 - [MESSAGE][PASSED] - Text 'PRUEBA' is set on object 'Object Repository/Pruebas_Hoja_de_Vida/Nueva_sección/textarea_Mensaje_seccion_formtabmensaje'

2022-01-03 15:53:55 - [TEST_STEP][PASSED] - setText(findTestObject("Pruebas_Hoja_de_Vida/Nueva_sección/textarea_Mensaje Final_seccion_formtabmensaje_final"), "PRUEBA"): Text 'PRUEBA' is set on object 'Object Repository/Pruebas_Hoja_de_Vida/Nueva_sección/textarea_Mensaje Final_seccion_formtabmensaje_final'

2022-01-03 15:53:55 - [MESSAGE][PASSED] - Text 'PRUEBA' is set on object 'Object Repository/Pruebas_Hoja_de_Vida/Nueva_sección/textarea_Mensaje Final_seccion_formtabmensaje_final'

2022-01-03 15:53:55 - [TEST_STEP][PASSED] - setText(findTestObject("Pruebas_Hoja_de_Vida/Nueva_sección/textarea_Texto Confirmar_seccion_formtabmensaje_aceptacion"), "PRUEBA"): Text 'PRUEBA' is set on object 'Object Repository/Pruebas_Hoja_de_Vida/Nueva_sección/textarea_Texto Confirmar_seccion_formtabmensaje_aceptacion'

2022-01-03 15:53:56 - [MESSAGE][PASSED] - Text 'PRUEBA' is set on object 'Object Repository/Pruebas_Hoja_de_Vida/Nueva_sección/textarea_Texto Confirmar_seccion_formtabmensaje_aceptacion'

2022-01-03 15:53:56 - [TEST_STEP][PASSED] - selectOptionByIndex(findTestObject("Pruebas_Hoja_de_Vida/Nueva_sección/select_SeleccioneMultiplex AnexosNo solicitarnico anexo"), "2"): All options with index in [2] are selected on object 'Object Repository/Pruebas_Hoja_de_Vida/Nueva_sección/select_SeleccioneMultiplex AnexosNo solicitarnico anexo'

2022-01-03 15:53:57 - [MESSAGE][PASSED] - All options with index in [2] are selected on object 'Object Repository/Pruebas_Hoja_de_Vida/Nueva_sección/select_SeleccioneMultiplex AnexosNo solicitarnico anexo'

2022-01-03 15:53:57 - [TEST_STEP][PASSED] - selectOptionByIndex(findTestObject("Pruebas_Hoja_de_Vida/Nueva_sección/select_SeleccioneSiNo"), "1"): All options with index in [1] are selected on object 'Object Repository/Pruebas_Hoja_de_Vida/Nueva_sección/select_SeleccioneSiNo'

2022-01-03 15:53:58 - [MESSAGE][PASSED] - All options with index in [1] are selected on object 'Object Repository/Pruebas_Hoja_de_Vida/Nueva_sección/select_SeleccioneSiNo'

2022-01-03 15:53:58 - [TEST_STEP][PASSED] - setText(findTestObject("Pruebas_Hoja_de_Vida/Nueva_sección/input_Externo_seccion_formtabexterno"), "PRUEBA"): Text 'PRUEBA' is set on object 'Object Repository/Pruebas_Hoja_de_Vida/Nueva_sección/input_Externo_seccion_formtabexterno'

2022-01-03 15:53:59 - [MESSAGE][PASSED] - Text 'PRUEBA' is set on object 'Object Repository/Pruebas_Hoja_de_Vida/Nueva_sección/input_Externo_seccion_formtabexterno'

2022-01-03 15:53:59 - [TEST_STEP][PASSED] - click(findTestObject("Pruebas_Hoja_de_Vida/Nueva_sección/a_Guardar")): Object: 'Object Repository/Pruebas_Hoja_de_Vida/Nueva_sección/a_Guardar' is clicked on

2022-01-03 15:54:00 - [MESSAGE][PASSED] - Object: 'Object Repository/Pruebas_Hoja_de_Vida/Nueva_sección/a_Guardar' is clicked on

2022-01-03 15:54:00 - [TEST_STEP][PASSED] - closeBrowser(): Browser is closed

2022-01-03 15:54:00 - [MESSAGE][PASSED] - Browser is closed]]></system-out>
         <system-err><![CDATA[]]></system-err>
      </testcase>
      <testcase name="Test Cases/2.1-Pruebas_Hoja_de_Vida/2.1.2-Nuevo_Formulario_Hoja_de_vida" time="17.497" classname="Test Cases/2.1-Pruebas_Hoja_de_Vida/2.1.2-Nuevo_Formulario_Hoja_de_vida" status="PASSED">
         <system-out><![CDATA[2022-01-03 15:54:00 - [TEST_CASE][PASSED] - Test Cases/2.1-Pruebas_Hoja_de_Vida/2.1.2-Nuevo_Formulario_Hoja_de_vida: Test Cases/2.1-Pruebas_Hoja_de_Vida/2.1.2-Nuevo_Formulario_Hoja_de_vida

2022-01-03 15:54:01 - [TEST_STEP][PASSED] - callTestCase(findTestCase("0.1-Login"), [:], STOP_ON_FAILURE): Call Test Case 'Test Cases/0.1-Login' successfully

2022-01-03 15:54:01 - [TEST_CASE][PASSED] - Test Cases/0.1-Login: Test Cases/0.1-Login

2022-01-03 15:54:01 - [TEST_STEP][PASSED] - openBrowser(""): Browser is opened with url: ''

2022-01-03 15:54:01 - [MESSAGE][INFO] - Starting 'Chrome' driver

2022-01-03 15:54:01 - [MESSAGE][INFO] - Action delay is set to 0 milliseconds

2022-01-03 15:54:02 - [MESSAGE][PASSED] - Browser is opened with url: ''

2022-01-03 15:54:02 - [TEST_STEP][PASSED] - maximizeWindow(): Current window maximized

2022-01-03 15:54:03 - [MESSAGE][PASSED] - Current window maximized

2022-01-03 15:54:03 - [TEST_STEP][PASSED] - i = G_Login: null

2022-01-03 15:54:03 - [TEST_STEP][PASSED] - url = new java.net.URL(i): null

2022-01-03 15:54:03 - [TEST_STEP][PASSED] - println("URL: " + url.toString()): null

2022-01-03 15:54:03 - [TEST_STEP][PASSED] - connection = url.openConnection(): null

2022-01-03 15:54:03 - [TEST_STEP][PASSED] - connection.setRequestMethod("GET"): null

2022-01-03 15:54:03 - [TEST_STEP][PASSED] - connection.setReadTimeout(2 * 1000): null

2022-01-03 15:54:03 - [TEST_STEP][PASSED] - try: null

2022-01-03 15:54:03 - [TEST_STEP][PASSED] - connection.connect(): null

2022-01-03 15:54:03 - [TEST_STEP][PASSED] - flag = connected: null

2022-01-03 15:54:03 - [TEST_STEP][PASSED] - println("Valor_ori: " + flag): null

2022-01-03 15:54:03 - [TEST_STEP][PASSED] - if (flag): null

2022-01-03 15:54:03 - [TEST_STEP][PASSED] - navigateToUrl(i): Navigate to 'http://192.168.2.80:8380/saraweb' successfully

2022-01-03 15:54:03 - [MESSAGE][PASSED] - Navigate to 'http://192.168.2.80:8380/saraweb' successfully

2022-01-03 15:54:03 - [TEST_STEP][PASSED] - a(): null

2022-01-03 15:54:03 - [TEST_STEP][PASSED] - setText(findTestObject("Login/input_USUARIO_loginusuario"), G_Usuario): Text 'saraadmin' is set on object 'Object Repository/Login/input_USUARIO_loginusuario'

2022-01-03 15:54:04 - [MESSAGE][PASSED] - Text 'saraadmin' is set on object 'Object Repository/Login/input_USUARIO_loginusuario'

2022-01-03 15:54:04 - [TEST_STEP][PASSED] - setEncryptedText(findTestObject("Login/input_CLAVE_loginpassword"), "MkG4/TYiCFC3cb2driP7+Q=="): Text ****** has been set on object 'Object Repository/Login/input_CLAVE_loginpassword'

2022-01-03 15:54:04 - [MESSAGE][PASSED] - Text ****** has been set on object 'Object Repository/Login/input_CLAVE_loginpassword'

2022-01-03 15:54:04 - [TEST_STEP][PASSED] - waitForElementClickable(findTestObject("Login/a_Ingresar"), G_TimeOut): Object 'Object Repository/Login/a_Ingresar' is clickable

2022-01-03 15:54:05 - [MESSAGE][PASSED] - Object 'Object Repository/Login/a_Ingresar' is clickable

2022-01-03 15:54:05 - [TEST_STEP][PASSED] - click(findTestObject("Login/a_Ingresar")): Object: 'Object Repository/Login/a_Ingresar' is clicked on

2022-01-03 15:54:07 - [MESSAGE][PASSED] - Object: 'Object Repository/Login/a_Ingresar' is clicked on

2022-01-03 15:54:07 - [TEST_STEP][PASSED] - element = findWebElement(findTestObject("Login/a_Ir"), 30): null

2022-01-03 15:54:07 - [TEST_STEP][PASSED] - executeJavaScript("arguments[0].click()", Arrays.asList(element)): Execute JavaScript 'arguments[0].click()' successfully

2022-01-03 15:54:07 - [MESSAGE][PASSED] - Execute JavaScript 'arguments[0].click()' successfully

2022-01-03 15:54:07 - [MESSAGE][PASSED] - Call Test Case 'Test Cases/0.1-Login' successfully

2022-01-03 15:54:07 - [TEST_STEP][PASSED] - click(findTestObject("Pruebas_Hoja_de_Vida/Nuevo_Formulario_Hoja_de_vida1/input_Secciones_form_templatej_idt286j_idt29")): Object: 'Object Repository/Pruebas_Hoja_de_Vida/Nuevo_Formulario_Hoja_de_vida1/input_Secciones_form_templatej_idt286j_idt29' is clicked on

2022-01-03 15:54:08 - [MESSAGE][PASSED] - Object: 'Object Repository/Pruebas_Hoja_de_Vida/Nuevo_Formulario_Hoja_de_vida1/input_Secciones_form_templatej_idt286j_idt29' is clicked on

2022-01-03 15:54:08 - [TEST_STEP][PASSED] - click(findTestObject("Pruebas_Hoja_de_Vida/Nuevo_Formulario_Hoja_de_vida1/a_ADMINISTRADOR DEL SISTEMA - SARA_cerrar_menu")): Object: 'Object Repository/Pruebas_Hoja_de_Vida/Nuevo_Formulario_Hoja_de_vida1/a_ADMINISTRADOR DEL SISTEMA - SARA_cerrar_menu' is clicked on

2022-01-03 15:54:09 - [MESSAGE][PASSED] - Object: 'Object Repository/Pruebas_Hoja_de_Vida/Nuevo_Formulario_Hoja_de_vida1/a_ADMINISTRADOR DEL SISTEMA - SARA_cerrar_menu' is clicked on

2022-01-03 15:54:09 - [TEST_STEP][PASSED] - click(findTestObject("Pruebas_Hoja_de_Vida/Nuevo_Formulario_Hoja_de_vida1/label_Parametros de Formularios")): Object: 'Object Repository/Pruebas_Hoja_de_Vida/Nuevo_Formulario_Hoja_de_vida1/label_Parametros de Formularios' is clicked on

2022-01-03 15:54:09 - [MESSAGE][PASSED] - Object: 'Object Repository/Pruebas_Hoja_de_Vida/Nuevo_Formulario_Hoja_de_vida1/label_Parametros de Formularios' is clicked on

2022-01-03 15:54:09 - [TEST_STEP][PASSED] - click(findTestObject("Pruebas_Hoja_de_Vida/Nuevo_Formulario_Hoja_de_vida1/a_Formulario")): Object: 'Object Repository/Pruebas_Hoja_de_Vida/Nuevo_Formulario_Hoja_de_vida1/a_Formulario' is clicked on

2022-01-03 15:54:09 - [MESSAGE][PASSED] - Object: 'Object Repository/Pruebas_Hoja_de_Vida/Nuevo_Formulario_Hoja_de_vida1/a_Formulario' is clicked on

2022-01-03 15:54:09 - [TEST_STEP][PASSED] - setText(findTestObject("Pruebas_Hoja_de_Vida/Nuevo_Formulario_Hoja_de_vida1/input_Nueva Hoja Vida_form_formularioj_idt61"), "prueba"): Text 'prueba' is set on object 'Object Repository/Pruebas_Hoja_de_Vida/Nuevo_Formulario_Hoja_de_vida1/input_Nueva Hoja Vida_form_formularioj_idt61'

2022-01-03 15:54:11 - [MESSAGE][PASSED] - Text 'prueba' is set on object 'Object Repository/Pruebas_Hoja_de_Vida/Nuevo_Formulario_Hoja_de_vida1/input_Nueva Hoja Vida_form_formularioj_idt61'

2022-01-03 15:54:11 - [TEST_STEP][PASSED] - sendKeys(findTestObject("Pruebas_Hoja_de_Vida/Nuevo_Formulario_Hoja_de_vida1/input_Nueva Hoja Vida_form_formularioj_idt61"), Keys.chord(ENTER)): Keys 'ENTER + ' sent to object: 'Object Repository/Pruebas_Hoja_de_Vida/Nuevo_Formulario_Hoja_de_vida1/input_Nueva Hoja Vida_form_formularioj_idt61'

2022-01-03 15:54:12 - [MESSAGE][PASSED] - Keys 'ENTER + ' sent to object: 'Object Repository/Pruebas_Hoja_de_Vida/Nuevo_Formulario_Hoja_de_vida1/input_Nueva Hoja Vida_form_formularioj_idt61'

2022-01-03 15:54:12 - [TEST_STEP][PASSED] - if (waitForElementClickable(findTestObject("Pruebas_Hoja_de_Vida/Nuevo_Formulario_Hoja_de_vida1/span_Prueba"), 1)): null

2022-01-03 15:54:12 - [MESSAGE][PASSED] - Object 'Object Repository/Pruebas_Hoja_de_Vida/Nuevo_Formulario_Hoja_de_vida1/span_Prueba' is clickable

2022-01-03 15:54:12 - [TEST_STEP][PASSED] - click(findTestObject("Pruebas_Hoja_de_Vida/Nuevo_Formulario_Hoja_de_vida1/span_Prueba")): Object: 'Object Repository/Pruebas_Hoja_de_Vida/Nuevo_Formulario_Hoja_de_vida1/span_Prueba' is clicked on

2022-01-03 15:54:13 - [MESSAGE][PASSED] - Object: 'Object Repository/Pruebas_Hoja_de_Vida/Nuevo_Formulario_Hoja_de_vida1/span_Prueba' is clicked on

2022-01-03 15:54:13 - [TEST_STEP][PASSED] - click(findTestObject("Pruebas_Hoja_de_Vida/Nuevo_Formulario_Hoja_de_vida1/a_Eliminar")): Object: 'Object Repository/Pruebas_Hoja_de_Vida/Nuevo_Formulario_Hoja_de_vida1/a_Eliminar' is clicked on

2022-01-03 15:54:14 - [MESSAGE][PASSED] - Object: 'Object Repository/Pruebas_Hoja_de_Vida/Nuevo_Formulario_Hoja_de_vida1/a_Eliminar' is clicked on

2022-01-03 15:54:14 - [TEST_STEP][PASSED] - click(findTestObject("Pruebas_Hoja_de_Vida/Nuevo_Formulario_Hoja_de_vida1/a_Aceptar_Eliminar")): Object: 'Object Repository/Pruebas_Hoja_de_Vida/Nuevo_Formulario_Hoja_de_vida1/a_Aceptar_Eliminar' is clicked on

2022-01-03 15:54:15 - [MESSAGE][PASSED] - Object: 'Object Repository/Pruebas_Hoja_de_Vida/Nuevo_Formulario_Hoja_de_vida1/a_Aceptar_Eliminar' is clicked on

2022-01-03 15:54:15 - [TEST_STEP][PASSED] - click(findTestObject("Pruebas_Hoja_de_Vida/Nuevo_Formulario_Hoja_de_vida1/a_Nuevo")): Object: 'Object Repository/Pruebas_Hoja_de_Vida/Nuevo_Formulario_Hoja_de_vida1/a_Nuevo' is clicked on

2022-01-03 15:54:15 - [MESSAGE][PASSED] - Object: 'Object Repository/Pruebas_Hoja_de_Vida/Nuevo_Formulario_Hoja_de_vida1/a_Nuevo' is clicked on

2022-01-03 15:54:15 - [TEST_STEP][PASSED] - setText(findTestObject("Pruebas_Hoja_de_Vida/Nuevo_Formulario_Hoja_de_vida1/input_Nombre_form_formularionombre"), "prueba"): Text 'prueba' is set on object 'Object Repository/Pruebas_Hoja_de_Vida/Nuevo_Formulario_Hoja_de_vida1/input_Nombre_form_formularionombre'

2022-01-03 15:54:16 - [MESSAGE][PASSED] - Text 'prueba' is set on object 'Object Repository/Pruebas_Hoja_de_Vida/Nuevo_Formulario_Hoja_de_vida1/input_Nombre_form_formularionombre'

2022-01-03 15:54:16 - [TEST_STEP][PASSED] - setText(findTestObject("Pruebas_Hoja_de_Vida/Nuevo_Formulario_Hoja_de_vida1/input_Cdigo_form_formulariomodulo"), "123"): Text '123' is set on object 'Object Repository/Pruebas_Hoja_de_Vida/Nuevo_Formulario_Hoja_de_vida1/input_Cdigo_form_formulariomodulo'

2022-01-03 15:54:17 - [MESSAGE][PASSED] - Text '123' is set on object 'Object Repository/Pruebas_Hoja_de_Vida/Nuevo_Formulario_Hoja_de_vida1/input_Cdigo_form_formulariomodulo'

2022-01-03 15:54:17 - [TEST_STEP][PASSED] - click(findTestObject("Pruebas_Hoja_de_Vida/Nuevo_Formulario_Hoja_de_vida1/a_Guardar")): Object: 'Object Repository/Pruebas_Hoja_de_Vida/Nuevo_Formulario_Hoja_de_vida1/a_Guardar' is clicked on

2022-01-03 15:54:17 - [MESSAGE][PASSED] - Object: 'Object Repository/Pruebas_Hoja_de_Vida/Nuevo_Formulario_Hoja_de_vida1/a_Guardar' is clicked on

2022-01-03 15:54:17 - [TEST_STEP][PASSED] - closeBrowser(): Browser is closed

2022-01-03 15:54:18 - [MESSAGE][PASSED] - Browser is closed]]></system-out>
         <system-err><![CDATA[]]></system-err>
      </testcase>
      <testcase name="Test Cases/2.1-Pruebas_Hoja_de_Vida/2.1.3-Crear_Nueva_Tipo_de_Hoja" time="21.736" classname="Test Cases/2.1-Pruebas_Hoja_de_Vida/2.1.3-Crear_Nueva_Tipo_de_Hoja" status="PASSED">
         <system-out><![CDATA[2022-01-03 15:54:18 - [TEST_CASE][PASSED] - Test Cases/2.1-Pruebas_Hoja_de_Vida/2.1.3-Crear_Nueva_Tipo_de_Hoja: Test Cases/2.1-Pruebas_Hoja_de_Vida/2.1.3-Crear_Nueva_Tipo_de_Hoja

2022-01-03 15:54:18 - [TEST_STEP][PASSED] - callTestCase(findTestCase("0.1-Login"), [:], STOP_ON_FAILURE): Call Test Case 'Test Cases/0.1-Login' successfully

2022-01-03 15:54:18 - [TEST_CASE][PASSED] - Test Cases/0.1-Login: Test Cases/0.1-Login

2022-01-03 15:54:18 - [TEST_STEP][PASSED] - openBrowser(""): Browser is opened with url: ''

2022-01-03 15:54:18 - [MESSAGE][INFO] - Starting 'Chrome' driver

2022-01-03 15:54:18 - [MESSAGE][INFO] - Action delay is set to 0 milliseconds

2022-01-03 15:54:20 - [MESSAGE][PASSED] - Browser is opened with url: ''

2022-01-03 15:54:20 - [TEST_STEP][PASSED] - maximizeWindow(): Current window maximized

2022-01-03 15:54:20 - [MESSAGE][PASSED] - Current window maximized

2022-01-03 15:54:20 - [TEST_STEP][PASSED] - i = G_Login: null

2022-01-03 15:54:20 - [TEST_STEP][PASSED] - url = new java.net.URL(i): null

2022-01-03 15:54:20 - [TEST_STEP][PASSED] - println("URL: " + url.toString()): null

2022-01-03 15:54:20 - [TEST_STEP][PASSED] - connection = url.openConnection(): null

2022-01-03 15:54:20 - [TEST_STEP][PASSED] - connection.setRequestMethod("GET"): null

2022-01-03 15:54:20 - [TEST_STEP][PASSED] - connection.setReadTimeout(2 * 1000): null

2022-01-03 15:54:20 - [TEST_STEP][PASSED] - try: null

2022-01-03 15:54:20 - [TEST_STEP][PASSED] - connection.connect(): null

2022-01-03 15:54:20 - [TEST_STEP][PASSED] - flag = connected: null

2022-01-03 15:54:20 - [TEST_STEP][PASSED] - println("Valor_ori: " + flag): null

2022-01-03 15:54:20 - [TEST_STEP][PASSED] - if (flag): null

2022-01-03 15:54:20 - [TEST_STEP][PASSED] - navigateToUrl(i): Navigate to 'http://192.168.2.80:8380/saraweb' successfully

2022-01-03 15:54:20 - [MESSAGE][PASSED] - Navigate to 'http://192.168.2.80:8380/saraweb' successfully

2022-01-03 15:54:20 - [TEST_STEP][PASSED] - a(): null

2022-01-03 15:54:20 - [TEST_STEP][PASSED] - setText(findTestObject("Login/input_USUARIO_loginusuario"), G_Usuario): Text 'saraadmin' is set on object 'Object Repository/Login/input_USUARIO_loginusuario'

2022-01-03 15:54:21 - [MESSAGE][PASSED] - Text 'saraadmin' is set on object 'Object Repository/Login/input_USUARIO_loginusuario'

2022-01-03 15:54:21 - [TEST_STEP][PASSED] - setEncryptedText(findTestObject("Login/input_CLAVE_loginpassword"), "MkG4/TYiCFC3cb2driP7+Q=="): Text ****** has been set on object 'Object Repository/Login/input_CLAVE_loginpassword'

2022-01-03 15:54:22 - [MESSAGE][PASSED] - Text ****** has been set on object 'Object Repository/Login/input_CLAVE_loginpassword'

2022-01-03 15:54:22 - [TEST_STEP][PASSED] - waitForElementClickable(findTestObject("Login/a_Ingresar"), G_TimeOut): Object 'Object Repository/Login/a_Ingresar' is clickable

2022-01-03 15:54:22 - [MESSAGE][PASSED] - Object 'Object Repository/Login/a_Ingresar' is clickable

2022-01-03 15:54:22 - [TEST_STEP][PASSED] - click(findTestObject("Login/a_Ingresar")): Object: 'Object Repository/Login/a_Ingresar' is clicked on

2022-01-03 15:54:24 - [MESSAGE][PASSED] - Object: 'Object Repository/Login/a_Ingresar' is clicked on

2022-01-03 15:54:24 - [TEST_STEP][PASSED] - element = findWebElement(findTestObject("Login/a_Ir"), 30): null

2022-01-03 15:54:24 - [TEST_STEP][PASSED] - executeJavaScript("arguments[0].click()", Arrays.asList(element)): Execute JavaScript 'arguments[0].click()' successfully

2022-01-03 15:54:25 - [MESSAGE][PASSED] - Execute JavaScript 'arguments[0].click()' successfully

2022-01-03 15:54:25 - [MESSAGE][PASSED] - Call Test Case 'Test Cases/0.1-Login' successfully

2022-01-03 15:54:25 - [TEST_STEP][PASSED] - setText(findTestObject("Pruebas_Hoja_de_Vida/Crear_Nueva_Tipo_de_Hoja/input_Empresa 1_form_templatej_idt24_input"), "Tipo de Hoja"): Text 'Tipo de Hoja' is set on object 'Object Repository/Pruebas_Hoja_de_Vida/Crear_Nueva_Tipo_de_Hoja/input_Empresa 1_form_templatej_idt24_input'

2022-01-03 15:54:26 - [MESSAGE][PASSED] - Text 'Tipo de Hoja' is set on object 'Object Repository/Pruebas_Hoja_de_Vida/Crear_Nueva_Tipo_de_Hoja/input_Empresa 1_form_templatej_idt24_input'

2022-01-03 15:54:26 - [TEST_STEP][PASSED] - click(findTestObject("Pruebas_Hoja_de_Vida/Crear_Nueva_Tipo_de_Hoja/span_Tipo de Hoja")): Object: 'Object Repository/Pruebas_Hoja_de_Vida/Crear_Nueva_Tipo_de_Hoja/span_Tipo de Hoja' is clicked on

2022-01-03 15:54:27 - [MESSAGE][PASSED] - Object: 'Object Repository/Pruebas_Hoja_de_Vida/Crear_Nueva_Tipo_de_Hoja/span_Tipo de Hoja' is clicked on

2022-01-03 15:54:27 - [TEST_STEP][PASSED] - if (waitForElementClickable(findTestObject("Pruebas_Hoja_de_Vida/Crear_Nueva_Tipo_de_Hoja/span_P1"), 1)): null

2022-01-03 15:54:28 - [MESSAGE][PASSED] - Object 'Object Repository/Pruebas_Hoja_de_Vida/Crear_Nueva_Tipo_de_Hoja/span_P1' is clickable

2022-01-03 15:54:28 - [TEST_STEP][PASSED] - click(findTestObject("Pruebas_Hoja_de_Vida/Crear_Nueva_Tipo_de_Hoja/span_P1")): Object: 'Object Repository/Pruebas_Hoja_de_Vida/Crear_Nueva_Tipo_de_Hoja/span_P1' is clicked on

2022-01-03 15:54:28 - [MESSAGE][PASSED] - Object: 'Object Repository/Pruebas_Hoja_de_Vida/Crear_Nueva_Tipo_de_Hoja/span_P1' is clicked on

2022-01-03 15:54:28 - [TEST_STEP][PASSED] - click(findTestObject("Pruebas_Hoja_de_Vida/Crear_Nueva_Tipo_de_Hoja/a_Eliminar")): Object: 'Object Repository/Pruebas_Hoja_de_Vida/Crear_Nueva_Tipo_de_Hoja/a_Eliminar' is clicked on

2022-01-03 15:54:29 - [MESSAGE][PASSED] - Object: 'Object Repository/Pruebas_Hoja_de_Vida/Crear_Nueva_Tipo_de_Hoja/a_Eliminar' is clicked on

2022-01-03 15:54:29 - [TEST_STEP][PASSED] - click(findTestObject("Pruebas_Hoja_de_Vida/Crear_Nueva_Tipo_de_Hoja/a_Aceptar")): Object: 'Object Repository/Pruebas_Hoja_de_Vida/Crear_Nueva_Tipo_de_Hoja/a_Aceptar' is clicked on

2022-01-03 15:54:30 - [MESSAGE][PASSED] - Object: 'Object Repository/Pruebas_Hoja_de_Vida/Crear_Nueva_Tipo_de_Hoja/a_Aceptar' is clicked on

2022-01-03 15:54:30 - [TEST_STEP][PASSED] - click(findTestObject("Pruebas_Hoja_de_Vida/Crear_Nueva_Tipo_de_Hoja/a_Nuevo")): Object: 'Object Repository/Pruebas_Hoja_de_Vida/Crear_Nueva_Tipo_de_Hoja/a_Nuevo' is clicked on

2022-01-03 15:54:31 - [MESSAGE][PASSED] - Object: 'Object Repository/Pruebas_Hoja_de_Vida/Crear_Nueva_Tipo_de_Hoja/a_Nuevo' is clicked on

2022-01-03 15:54:31 - [TEST_STEP][PASSED] - setText(findTestObject("Pruebas_Hoja_de_Vida/Crear_Nueva_Tipo_de_Hoja/input_Tipo Relacin Hoja_form_tipohojavinculacion"), "P1"): Text 'P1' is set on object 'Object Repository/Pruebas_Hoja_de_Vida/Crear_Nueva_Tipo_de_Hoja/input_Tipo Relacin Hoja_form_tipohojavinculacion'

2022-01-03 15:54:33 - [MESSAGE][PASSED] - Text 'P1' is set on object 'Object Repository/Pruebas_Hoja_de_Vida/Crear_Nueva_Tipo_de_Hoja/input_Tipo Relacin Hoja_form_tipohojavinculacion'

2022-01-03 15:54:33 - [TEST_STEP][PASSED] - setText(findTestObject("Pruebas_Hoja_de_Vida/Crear_Nueva_Tipo_de_Hoja/input_Descripcin_form_tipohojadescripcion"), "prueba"): Text 'prueba' is set on object 'Object Repository/Pruebas_Hoja_de_Vida/Crear_Nueva_Tipo_de_Hoja/input_Descripcin_form_tipohojadescripcion'

2022-01-03 15:54:33 - [MESSAGE][PASSED] - Text 'prueba' is set on object 'Object Repository/Pruebas_Hoja_de_Vida/Crear_Nueva_Tipo_de_Hoja/input_Descripcin_form_tipohojadescripcion'

2022-01-03 15:54:33 - [TEST_STEP][PASSED] - click(findTestObject("Pruebas_Hoja_de_Vida/Crear_Nueva_Tipo_de_Hoja/label_No_Novedad Directa")): Object: 'Object Repository/Pruebas_Hoja_de_Vida/Crear_Nueva_Tipo_de_Hoja/label_No_Novedad Directa' is clicked on

2022-01-03 15:54:34 - [MESSAGE][PASSED] - Object: 'Object Repository/Pruebas_Hoja_de_Vida/Crear_Nueva_Tipo_de_Hoja/label_No_Novedad Directa' is clicked on

2022-01-03 15:54:34 - [TEST_STEP][PASSED] - click(findTestObject("Pruebas_Hoja_de_Vida/Crear_Nueva_Tipo_de_Hoja/label_Si_Crear Hoja")): Object: 'Object Repository/Pruebas_Hoja_de_Vida/Crear_Nueva_Tipo_de_Hoja/label_Si_Crear Hoja' is clicked on

2022-01-03 15:54:34 - [MESSAGE][PASSED] - Object: 'Object Repository/Pruebas_Hoja_de_Vida/Crear_Nueva_Tipo_de_Hoja/label_Si_Crear Hoja' is clicked on

2022-01-03 15:54:34 - [TEST_STEP][PASSED] - click(findTestObject("Pruebas_Hoja_de_Vida/Crear_Nueva_Tipo_de_Hoja/label_No_Novedad Aprobada")): Object: 'Object Repository/Pruebas_Hoja_de_Vida/Crear_Nueva_Tipo_de_Hoja/label_No_Novedad Aprobada' is clicked on

2022-01-03 15:54:35 - [MESSAGE][PASSED] - Object: 'Object Repository/Pruebas_Hoja_de_Vida/Crear_Nueva_Tipo_de_Hoja/label_No_Novedad Aprobada' is clicked on

2022-01-03 15:54:35 - [TEST_STEP][PASSED] - click(findTestObject("Pruebas_Hoja_de_Vida/Crear_Nueva_Tipo_de_Hoja/label_No_Novedad Rechazada")): Object: 'Object Repository/Pruebas_Hoja_de_Vida/Crear_Nueva_Tipo_de_Hoja/label_No_Novedad Rechazada' is clicked on

2022-01-03 15:54:35 - [MESSAGE][PASSED] - Object: 'Object Repository/Pruebas_Hoja_de_Vida/Crear_Nueva_Tipo_de_Hoja/label_No_Novedad Rechazada' is clicked on

2022-01-03 15:54:35 - [TEST_STEP][PASSED] - selectOptionByIndex(findTestObject("Pruebas_Hoja_de_Vida/Crear_Nueva_Tipo_de_Hoja/select_Formulario Asociados"), 8): All options with index in [8] are selected on object 'Object Repository/Pruebas_Hoja_de_Vida/Crear_Nueva_Tipo_de_Hoja/select_Formulario Asociados'

2022-01-03 15:54:36 - [MESSAGE][PASSED] - All options with index in [8] are selected on object 'Object Repository/Pruebas_Hoja_de_Vida/Crear_Nueva_Tipo_de_Hoja/select_Formulario Asociados'

2022-01-03 15:54:36 - [TEST_STEP][PASSED] - selectOptionByIndex(findTestObject("Pruebas_Hoja_de_Vida/Crear_Nueva_Tipo_de_Hoja/select_Hoja Asociar"), 3): All options with index in [3] are selected on object 'Object Repository/Pruebas_Hoja_de_Vida/Crear_Nueva_Tipo_de_Hoja/select_Hoja Asociar'

2022-01-03 15:54:37 - [MESSAGE][PASSED] - All options with index in [3] are selected on object 'Object Repository/Pruebas_Hoja_de_Vida/Crear_Nueva_Tipo_de_Hoja/select_Hoja Asociar'

2022-01-03 15:54:37 - [TEST_STEP][PASSED] - selectOptionByIndex(findTestObject("Pruebas_Hoja_de_Vida/Crear_Nueva_Tipo_de_Hoja/select_Gestion Periodo"), 2): All options with index in [2] are selected on object 'Object Repository/Pruebas_Hoja_de_Vida/Crear_Nueva_Tipo_de_Hoja/select_Gestion Periodo'

2022-01-03 15:54:38 - [MESSAGE][PASSED] - All options with index in [2] are selected on object 'Object Repository/Pruebas_Hoja_de_Vida/Crear_Nueva_Tipo_de_Hoja/select_Gestion Periodo'

2022-01-03 15:54:38 - [TEST_STEP][PASSED] - selectOptionByIndex(findTestObject("Pruebas_Hoja_de_Vida/Crear_Nueva_Tipo_de_Hoja/select_Modo"), 1): All options with index in [1] are selected on object 'Object Repository/Pruebas_Hoja_de_Vida/Crear_Nueva_Tipo_de_Hoja/select_Modo'

2022-01-03 15:54:39 - [MESSAGE][PASSED] - All options with index in [1] are selected on object 'Object Repository/Pruebas_Hoja_de_Vida/Crear_Nueva_Tipo_de_Hoja/select_Modo'

2022-01-03 15:54:39 - [TEST_STEP][PASSED] - click(findTestObject("Pruebas_Hoja_de_Vida/Crear_Nueva_Tipo_de_Hoja/a_Guardar")): Object: 'Object Repository/Pruebas_Hoja_de_Vida/Crear_Nueva_Tipo_de_Hoja/a_Guardar' is clicked on

2022-01-03 15:54:40 - [MESSAGE][PASSED] - Object: 'Object Repository/Pruebas_Hoja_de_Vida/Crear_Nueva_Tipo_de_Hoja/a_Guardar' is clicked on]]></system-out>
         <system-err><![CDATA[]]></system-err>
      </testcase>
      <testcase name="Test Cases/2.1-Pruebas_Hoja_de_Vida/2.1.4-Crear_Nueva_Hoja_de_Vida" time="33.614" classname="Test Cases/2.1-Pruebas_Hoja_de_Vida/2.1.4-Crear_Nueva_Hoja_de_Vida" status="PASSED">
         <system-out><![CDATA[2022-01-03 15:54:40 - [TEST_CASE][PASSED] - Test Cases/2.1-Pruebas_Hoja_de_Vida/2.1.4-Crear_Nueva_Hoja_de_Vida: Test Cases/2.1-Pruebas_Hoja_de_Vida/2.1.4-Crear_Nueva_Hoja_de_Vida

2022-01-03 15:54:40 - [TEST_STEP][PASSED] - callTestCase(findTestCase("1.1-Tareas Principales/1.1.1-Crear Nueva Hoja de Vida"), [:], STOP_ON_FAILURE): Call Test Case 'Test Cases/1.1-Tareas Principales/1.1.1-Crear Nueva Hoja de Vida' successfully

2022-01-03 15:54:40 - [TEST_CASE][PASSED] - Test Cases/1.1-Tareas Principales/1.1.1-Crear Nueva Hoja de Vida: Test Cases/1.1-Tareas Principales/1.1.1-Crear Nueva Hoja de Vida

2022-01-03 15:54:40 - [TEST_STEP][PASSED] - random_double = Math.random() * 9999 + 999: null

2022-01-03 15:54:41 - [TEST_STEP][PASSED] - random_double = Math.round(random_double * 1000): null

2022-01-03 15:54:41 - [TEST_STEP][PASSED] - identificacion = toString().replace(".0", ""): null

2022-01-03 15:54:41 - [TEST_STEP][PASSED] - callTestCase(findTestCase("0.1-Login"), [:], STOP_ON_FAILURE): Call Test Case 'Test Cases/0.1-Login' successfully

2022-01-03 15:54:41 - [TEST_CASE][PASSED] - Test Cases/0.1-Login: Test Cases/0.1-Login

2022-01-03 15:54:41 - [TEST_STEP][PASSED] - openBrowser(""): Browser is opened with url: ''

2022-01-03 15:54:41 - [MESSAGE][WARNING] - A browser is already opened. Closing browser and opening a new one

2022-01-03 15:54:41 - [MESSAGE][INFO] - Starting 'Chrome' driver

2022-01-03 15:54:41 - [MESSAGE][INFO] - Action delay is set to 0 milliseconds

2022-01-03 15:54:43 - [MESSAGE][PASSED] - Browser is opened with url: ''

2022-01-03 15:54:43 - [TEST_STEP][PASSED] - maximizeWindow(): Current window maximized

2022-01-03 15:54:43 - [MESSAGE][PASSED] - Current window maximized

2022-01-03 15:54:43 - [TEST_STEP][PASSED] - i = G_Login: null

2022-01-03 15:54:43 - [TEST_STEP][PASSED] - url = new java.net.URL(i): null

2022-01-03 15:54:43 - [TEST_STEP][PASSED] - println("URL: " + url.toString()): null

2022-01-03 15:54:43 - [TEST_STEP][PASSED] - connection = url.openConnection(): null

2022-01-03 15:54:43 - [TEST_STEP][PASSED] - connection.setRequestMethod("GET"): null

2022-01-03 15:54:43 - [TEST_STEP][PASSED] - connection.setReadTimeout(2 * 1000): null

2022-01-03 15:54:43 - [TEST_STEP][PASSED] - try: null

2022-01-03 15:54:43 - [TEST_STEP][PASSED] - connection.connect(): null

2022-01-03 15:54:43 - [TEST_STEP][PASSED] - flag = connected: null

2022-01-03 15:54:43 - [TEST_STEP][PASSED] - println("Valor_ori: " + flag): null

2022-01-03 15:54:43 - [TEST_STEP][PASSED] - if (flag): null

2022-01-03 15:54:43 - [TEST_STEP][PASSED] - navigateToUrl(i): Navigate to 'http://192.168.2.80:8380/saraweb' successfully

2022-01-03 15:54:43 - [MESSAGE][PASSED] - Navigate to 'http://192.168.2.80:8380/saraweb' successfully

2022-01-03 15:54:43 - [TEST_STEP][PASSED] - a(): null

2022-01-03 15:54:43 - [TEST_STEP][PASSED] - setText(findTestObject("Login/input_USUARIO_loginusuario"), G_Usuario): Text 'saraadmin' is set on object 'Object Repository/Login/input_USUARIO_loginusuario'

2022-01-03 15:54:44 - [MESSAGE][PASSED] - Text 'saraadmin' is set on object 'Object Repository/Login/input_USUARIO_loginusuario'

2022-01-03 15:54:44 - [TEST_STEP][PASSED] - setEncryptedText(findTestObject("Login/input_CLAVE_loginpassword"), "MkG4/TYiCFC3cb2driP7+Q=="): Text ****** has been set on object 'Object Repository/Login/input_CLAVE_loginpassword'

2022-01-03 15:54:45 - [MESSAGE][PASSED] - Text ****** has been set on object 'Object Repository/Login/input_CLAVE_loginpassword'

2022-01-03 15:54:45 - [TEST_STEP][PASSED] - waitForElementClickable(findTestObject("Login/a_Ingresar"), G_TimeOut): Object 'Object Repository/Login/a_Ingresar' is clickable

2022-01-03 15:54:45 - [MESSAGE][PASSED] - Object 'Object Repository/Login/a_Ingresar' is clickable

2022-01-03 15:54:45 - [TEST_STEP][PASSED] - click(findTestObject("Login/a_Ingresar")): Object: 'Object Repository/Login/a_Ingresar' is clicked on

2022-01-03 15:54:47 - [MESSAGE][PASSED] - Object: 'Object Repository/Login/a_Ingresar' is clicked on

2022-01-03 15:54:47 - [TEST_STEP][PASSED] - element = findWebElement(findTestObject("Login/a_Ir"), 30): null

2022-01-03 15:54:47 - [TEST_STEP][PASSED] - executeJavaScript("arguments[0].click()", Arrays.asList(element)): Execute JavaScript 'arguments[0].click()' successfully

2022-01-03 15:54:47 - [MESSAGE][PASSED] - Execute JavaScript 'arguments[0].click()' successfully

2022-01-03 15:54:47 - [MESSAGE][PASSED] - Call Test Case 'Test Cases/0.1-Login' successfully

2022-01-03 15:54:47 - [TEST_STEP][PASSED] - waitForElementClickable(findTestObject("Modulo Tarea Listado Hojas de Vida/Crear Nueva Hoja de Vida/input_Listado Hojas De Vida_form_templatej_idt24_input"), G_TimeOut): Object 'Object Repository/Modulo Tarea Listado Hojas de Vida/Crear Nueva Hoja de Vida/input_Listado Hojas De Vida_form_templatej_idt24_input' is clickable

2022-01-03 15:54:48 - [MESSAGE][PASSED] - Object 'Object Repository/Modulo Tarea Listado Hojas de Vida/Crear Nueva Hoja de Vida/input_Listado Hojas De Vida_form_templatej_idt24_input' is clickable

2022-01-03 15:54:48 - [TEST_STEP][PASSED] - setText(findTestObject("Modulo Tarea Listado Hojas de Vida/Crear Nueva Hoja de Vida/input_Listado Hojas De Vida_form_templatej_idt24_input"), "Listado Hojas de Vida"): Text 'Listado Hojas de Vida' is set on object 'Object Repository/Modulo Tarea Listado Hojas de Vida/Crear Nueva Hoja de Vida/input_Listado Hojas De Vida_form_templatej_idt24_input'

2022-01-03 15:54:49 - [MESSAGE][PASSED] - Text 'Listado Hojas de Vida' is set on object 'Object Repository/Modulo Tarea Listado Hojas de Vida/Crear Nueva Hoja de Vida/input_Listado Hojas De Vida_form_templatej_idt24_input'

2022-01-03 15:54:49 - [TEST_STEP][PASSED] - delay(1): Delayed 1 second(s)

2022-01-03 15:54:50 - [MESSAGE][PASSED] - Delayed 1 second(s)

2022-01-03 15:54:50 - [TEST_STEP][PASSED] - sendKeys(findTestObject("Modulo Tarea Listado Hojas de Vida/Crear Nueva Hoja de Vida/input_Listado Hojas De Vida_form_templatej_idt24_input"), Keys.chord(ENTER)): Keys 'ENTER + ' sent to object: 'Object Repository/Modulo Tarea Listado Hojas de Vida/Crear Nueva Hoja de Vida/input_Listado Hojas De Vida_form_templatej_idt24_input'

2022-01-03 15:54:50 - [MESSAGE][PASSED] - Keys 'ENTER + ' sent to object: 'Object Repository/Modulo Tarea Listado Hojas de Vida/Crear Nueva Hoja de Vida/input_Listado Hojas De Vida_form_templatej_idt24_input'

2022-01-03 15:54:50 - [TEST_STEP][PASSED] - waitForElementClickable(findTestObject("Modulo Tarea Listado Hojas de Vida/Crear Nueva Hoja de Vida/a_Nueva HojaVida"), G_TimeOut): Object 'Object Repository/Modulo Tarea Listado Hojas de Vida/Crear Nueva Hoja de Vida/a_Nueva HojaVida' is clickable

2022-01-03 15:54:53 - [MESSAGE][PASSED] - Object 'Object Repository/Modulo Tarea Listado Hojas de Vida/Crear Nueva Hoja de Vida/a_Nueva HojaVida' is clickable

2022-01-03 15:54:53 - [TEST_STEP][PASSED] - click(findTestObject("Modulo Tarea Listado Hojas de Vida/Crear Nueva Hoja de Vida/a_Nueva HojaVida")): Object: 'Object Repository/Modulo Tarea Listado Hojas de Vida/Crear Nueva Hoja de Vida/a_Nueva HojaVida' is clicked on

2022-01-03 15:54:53 - [MESSAGE][PASSED] - Object: 'Object Repository/Modulo Tarea Listado Hojas de Vida/Crear Nueva Hoja de Vida/a_Nueva HojaVida' is clicked on

2022-01-03 15:54:53 - [TEST_STEP][PASSED] - waitForElementClickable(findTestObject("Modulo Tarea Listado Hojas de Vida/Crear Nueva Hoja de Vida/input_Identificacin_nuevahoja_"), 0): Object 'Object Repository/Modulo Tarea Listado Hojas de Vida/Crear Nueva Hoja de Vida/input_Identificacin_nuevahoja_' is clickable

2022-01-03 15:54:53 - [MESSAGE][WARNING] - Timeout '0' is invalid. Using default page load timeout: '30'

2022-01-03 15:54:54 - [MESSAGE][PASSED] - Object 'Object Repository/Modulo Tarea Listado Hojas de Vida/Crear Nueva Hoja de Vida/input_Identificacin_nuevahoja_' is clickable

2022-01-03 15:54:54 - [TEST_STEP][PASSED] - setText(findTestObject("Modulo Tarea Listado Hojas de Vida/Crear Nueva Hoja de Vida/input_Identificacin_nuevahoja_"), identificacion): Text '7771805' is set on object 'Object Repository/Modulo Tarea Listado Hojas de Vida/Crear Nueva Hoja de Vida/input_Identificacin_nuevahoja_'

2022-01-03 15:54:54 - [MESSAGE][PASSED] - Text '7771805' is set on object 'Object Repository/Modulo Tarea Listado Hojas de Vida/Crear Nueva Hoja de Vida/input_Identificacin_nuevahoja_'

2022-01-03 15:54:54 - [TEST_STEP][PASSED] - selectOptionByIndex(findTestObject("Modulo Tarea Listado Hojas de Vida/Crear Nueva Hoja de Vida/select_-- Seleccione --.ASPIRA"), "4"): All options with index in [4] are selected on object 'Object Repository/Modulo Tarea Listado Hojas de Vida/Crear Nueva Hoja de Vida/select_-- Seleccione --.ASPIRA'

2022-01-03 15:54:55 - [MESSAGE][PASSED] - All options with index in [4] are selected on object 'Object Repository/Modulo Tarea Listado Hojas de Vida/Crear Nueva Hoja de Vida/select_-- Seleccione --.ASPIRA'

2022-01-03 15:54:55 - [TEST_STEP][PASSED] - click(findTestObject("Modulo Tarea Listado Hojas de Vida/Crear Nueva Hoja de Vida/a_Nueva Solicitud")): Object: 'Object Repository/Modulo Tarea Listado Hojas de Vida/Crear Nueva Hoja de Vida/a_Nueva Solicitud' is clicked on

2022-01-03 15:54:56 - [MESSAGE][PASSED] - Object: 'Object Repository/Modulo Tarea Listado Hojas de Vida/Crear Nueva Hoja de Vida/a_Nueva Solicitud' is clicked on

2022-01-03 15:54:56 - [TEST_STEP][PASSED] - waitForElementPresent(findTestObject("Modulo Tarea Listado Hojas de Vida/Crear Nueva Hoja de Vida/input__hojaVidaseccionj_idt8350j_idt845"), 0): Object 'Object Repository/Modulo Tarea Listado Hojas de Vida/Crear Nueva Hoja de Vida/input__hojaVidaseccionj_idt8350j_idt845' is present

2022-01-03 15:54:56 - [MESSAGE][WARNING] - Timeout '0' is invalid. Using default page load timeout: '30'

2022-01-03 15:54:57 - [MESSAGE][PASSED] - Object 'Object Repository/Modulo Tarea Listado Hojas de Vida/Crear Nueva Hoja de Vida/input__hojaVidaseccionj_idt8350j_idt845' is present

2022-01-03 15:54:57 - [TEST_STEP][PASSED] - setText(findTestObject("Modulo Tarea Listado Hojas de Vida/Crear Nueva Hoja de Vida/input__hojaVidaseccionj_idt8350j_idt845"), identificacion): Text '7771805' is set on object 'Object Repository/Modulo Tarea Listado Hojas de Vida/Crear Nueva Hoja de Vida/input__hojaVidaseccionj_idt8350j_idt845'

2022-01-03 15:54:58 - [MESSAGE][PASSED] - Text '7771805' is set on object 'Object Repository/Modulo Tarea Listado Hojas de Vida/Crear Nueva Hoja de Vida/input__hojaVidaseccionj_idt8350j_idt845'

2022-01-03 15:54:58 - [TEST_STEP][PASSED] - setText(findTestObject("Modulo Tarea Listado Hojas de Vida/Crear Nueva Hoja de Vida/input__hojaVidaseccionj_idt8351j_idt845"), "jhon" + identificacion): Text 'jhon7771805' is set on object 'Object Repository/Modulo Tarea Listado Hojas de Vida/Crear Nueva Hoja de Vida/input__hojaVidaseccionj_idt8351j_idt845'

2022-01-03 15:54:58 - [MESSAGE][PASSED] - Text 'jhon7771805' is set on object 'Object Repository/Modulo Tarea Listado Hojas de Vida/Crear Nueva Hoja de Vida/input__hojaVidaseccionj_idt8351j_idt845'

2022-01-03 15:54:58 - [TEST_STEP][PASSED] - setText(findTestObject("Modulo Tarea Listado Hojas de Vida/Crear Nueva Hoja de Vida/input__hojaVidaseccionj_idt8352j_idt845"), "consta belfegord"): Text 'consta belfegord' is set on object 'Object Repository/Modulo Tarea Listado Hojas de Vida/Crear Nueva Hoja de Vida/input__hojaVidaseccionj_idt8352j_idt845'

2022-01-03 15:54:59 - [MESSAGE][PASSED] - Text 'consta belfegord' is set on object 'Object Repository/Modulo Tarea Listado Hojas de Vida/Crear Nueva Hoja de Vida/input__hojaVidaseccionj_idt8352j_idt845'

2022-01-03 15:54:59 - [TEST_STEP][PASSED] - setText(findTestObject("Modulo Tarea Listado Hojas de Vida/Crear Nueva Hoja de Vida/input__hojaVidaseccionj_idt8353fecha_input"), "30/08/1995"): Text '30/08/1995' is set on object 'Object Repository/Modulo Tarea Listado Hojas de Vida/Crear Nueva Hoja de Vida/input__hojaVidaseccionj_idt8353fecha_input'

2022-01-03 15:55:00 - [MESSAGE][PASSED] - Text '30/08/1995' is set on object 'Object Repository/Modulo Tarea Listado Hojas de Vida/Crear Nueva Hoja de Vida/input__hojaVidaseccionj_idt8353fecha_input'

2022-01-03 15:55:00 - [TEST_STEP][PASSED] - sendKeys(findTestObject("Modulo Tarea Listado Hojas de Vida/Crear Nueva Hoja de Vida/input__hojaVidaseccionj_idt8353fecha_input"), Keys.chord(ENTER)): Keys 'ENTER + ' sent to object: 'Object Repository/Modulo Tarea Listado Hojas de Vida/Crear Nueva Hoja de Vida/input__hojaVidaseccionj_idt8353fecha_input'

2022-01-03 15:55:00 - [MESSAGE][PASSED] - Keys 'ENTER + ' sent to object: 'Object Repository/Modulo Tarea Listado Hojas de Vida/Crear Nueva Hoja de Vida/input__hojaVidaseccionj_idt8353fecha_input'

2022-01-03 15:55:00 - [TEST_STEP][PASSED] - waitForElementClickable(findTestObject("Modulo Tarea Listado Hojas de Vida/Crear Nueva Hoja de Vida/a__hojaVidaseccionj_idt8354j_idt865"), G_TimeOut): Object 'Object Repository/Modulo Tarea Listado Hojas de Vida/Crear Nueva Hoja de Vida/a__hojaVidaseccionj_idt8354j_idt865' is clickable

2022-01-03 15:55:01 - [MESSAGE][PASSED] - Object 'Object Repository/Modulo Tarea Listado Hojas de Vida/Crear Nueva Hoja de Vida/a__hojaVidaseccionj_idt8354j_idt865' is clickable

2022-01-03 15:55:01 - [TEST_STEP][PASSED] - click(findTestObject("Modulo Tarea Listado Hojas de Vida/Crear Nueva Hoja de Vida/a__hojaVidaseccionj_idt8354j_idt865")): Object: 'Object Repository/Modulo Tarea Listado Hojas de Vida/Crear Nueva Hoja de Vida/a__hojaVidaseccionj_idt8354j_idt865' is clicked on

2022-01-03 15:55:01 - [MESSAGE][PASSED] - Object: 'Object Repository/Modulo Tarea Listado Hojas de Vida/Crear Nueva Hoja de Vida/a__hojaVidaseccionj_idt8354j_idt865' is clicked on

2022-01-03 15:55:01 - [TEST_STEP][PASSED] - waitForElementClickable(findTestObject("Modulo Tarea Listado Hojas de Vida/Crear Nueva Hoja de Vida/span_CEDULA CIUDADANIA"), G_TimeOut): Object 'Object Repository/Modulo Tarea Listado Hojas de Vida/Crear Nueva Hoja de Vida/span_CEDULA CIUDADANIA' is clickable

2022-01-03 15:55:02 - [MESSAGE][PASSED] - Object 'Object Repository/Modulo Tarea Listado Hojas de Vida/Crear Nueva Hoja de Vida/span_CEDULA CIUDADANIA' is clickable

2022-01-03 15:55:02 - [TEST_STEP][PASSED] - click(findTestObject("Modulo Tarea Listado Hojas de Vida/Crear Nueva Hoja de Vida/span_CEDULA CIUDADANIA")): Object: 'Object Repository/Modulo Tarea Listado Hojas de Vida/Crear Nueva Hoja de Vida/span_CEDULA CIUDADANIA' is clicked on

2022-01-03 15:55:02 - [MESSAGE][PASSED] - Object: 'Object Repository/Modulo Tarea Listado Hojas de Vida/Crear Nueva Hoja de Vida/span_CEDULA CIUDADANIA' is clicked on

2022-01-03 15:55:02 - [TEST_STEP][PASSED] - waitForElementClickable(findTestObject("Modulo Tarea Listado Hojas de Vida/Crear Nueva Hoja de Vida/input_Fecha Expedicin_hojaVidas"), G_TimeOut): Object 'Object Repository/Modulo Tarea Listado Hojas de Vida/Crear Nueva Hoja de Vida/input_Fecha Expedicin_hojaVidas' is clickable

2022-01-03 15:55:03 - [MESSAGE][PASSED] - Object 'Object Repository/Modulo Tarea Listado Hojas de Vida/Crear Nueva Hoja de Vida/input_Fecha Expedicin_hojaVidas' is clickable

2022-01-03 15:55:03 - [TEST_STEP][PASSED] - setText(findTestObject("Modulo Tarea Listado Hojas de Vida/Crear Nueva Hoja de Vida/input_Fecha Expedicin_hojaVidas"), "13/09/2013"): Text '13/09/2013' is set on object 'Object Repository/Modulo Tarea Listado Hojas de Vida/Crear Nueva Hoja de Vida/input_Fecha Expedicin_hojaVidas'

2022-01-03 15:55:04 - [MESSAGE][PASSED] - Text '13/09/2013' is set on object 'Object Repository/Modulo Tarea Listado Hojas de Vida/Crear Nueva Hoja de Vida/input_Fecha Expedicin_hojaVidas'

2022-01-03 15:55:04 - [TEST_STEP][PASSED] - sendKeys(findTestObject("Modulo Tarea Listado Hojas de Vida/Crear Nueva Hoja de Vida/input_Fecha Expedicin_hojaVidas"), Keys.chord(ENTER)): Keys 'ENTER + ' sent to object: 'Object Repository/Modulo Tarea Listado Hojas de Vida/Crear Nueva Hoja de Vida/input_Fecha Expedicin_hojaVidas'

2022-01-03 15:55:04 - [MESSAGE][PASSED] - Keys 'ENTER + ' sent to object: 'Object Repository/Modulo Tarea Listado Hojas de Vida/Crear Nueva Hoja de Vida/input_Fecha Expedicin_hojaVidas'

2022-01-03 15:55:04 - [TEST_STEP][PASSED] - selectOptionByIndex(findTestObject("Modulo Tarea Listado Hojas de Vida/Crear Nueva Hoja de Vida/select_-- Seleccione--000000ABEJORRAL"), "113"): All options with index in [113] are selected on object 'Object Repository/Modulo Tarea Listado Hojas de Vida/Crear Nueva Hoja de Vida/select_-- Seleccione--000000ABEJORRAL'

2022-01-03 15:55:07 - [MESSAGE][PASSED] - All options with index in [113] are selected on object 'Object Repository/Modulo Tarea Listado Hojas de Vida/Crear Nueva Hoja de Vida/select_-- Seleccione--000000ABEJORRAL'

2022-01-03 15:55:07 - [TEST_STEP][PASSED] - setText(findTestObject("Modulo Tarea Listado Hojas de Vida/Crear Nueva Hoja de Vida/input__hojaVidaseccionj_idt8358j_idt845"), "634564654684"): Text '634564654684' is set on object 'Object Repository/Modulo Tarea Listado Hojas de Vida/Crear Nueva Hoja de Vida/input__hojaVidaseccionj_idt8358j_idt845'

2022-01-03 15:55:08 - [MESSAGE][PASSED] - Text '634564654684' is set on object 'Object Repository/Modulo Tarea Listado Hojas de Vida/Crear Nueva Hoja de Vida/input__hojaVidaseccionj_idt8358j_idt845'

2022-01-03 15:55:08 - [TEST_STEP][PASSED] - setText(findTestObject("Modulo Tarea Listado Hojas de Vida/Crear Nueva Hoja de Vida/input__hojaVidaseccionj_idt8359j_idt845"), "noodle@gmail.com"): Text 'noodle@gmail.com' is set on object 'Object Repository/Modulo Tarea Listado Hojas de Vida/Crear Nueva Hoja de Vida/input__hojaVidaseccionj_idt8359j_idt845'

2022-01-03 15:55:09 - [MESSAGE][PASSED] - Text 'noodle@gmail.com' is set on object 'Object Repository/Modulo Tarea Listado Hojas de Vida/Crear Nueva Hoja de Vida/input__hojaVidaseccionj_idt8359j_idt845'

2022-01-03 15:55:09 - [TEST_STEP][PASSED] - selectOptionByIndex(findTestObject("Modulo Tarea Listado Hojas de Vida/Crear Nueva Hoja de Vida/select_AA-ABAB-BB-OO-"), "7"): All options with index in [7] are selected on object 'Object Repository/Modulo Tarea Listado Hojas de Vida/Crear Nueva Hoja de Vida/select_AA-ABAB-BB-OO-'

2022-01-03 15:55:10 - [MESSAGE][PASSED] - All options with index in [7] are selected on object 'Object Repository/Modulo Tarea Listado Hojas de Vida/Crear Nueva Hoja de Vida/select_AA-ABAB-BB-OO-'

2022-01-03 15:55:10 - [TEST_STEP][PASSED] - waitForElementClickable(findTestObject("Modulo Tarea Listado Hojas de Vida/Crear Nueva Hoja de Vida/a_Continuar"), G_TimeOut): Object 'Object Repository/Modulo Tarea Listado Hojas de Vida/Crear Nueva Hoja de Vida/a_Continuar' is clickable

2022-01-03 15:55:11 - [MESSAGE][PASSED] - Object 'Object Repository/Modulo Tarea Listado Hojas de Vida/Crear Nueva Hoja de Vida/a_Continuar' is clickable

2022-01-03 15:55:11 - [TEST_STEP][PASSED] - click(findTestObject("Modulo Tarea Listado Hojas de Vida/Crear Nueva Hoja de Vida/a_Continuar")): Object: 'Object Repository/Modulo Tarea Listado Hojas de Vida/Crear Nueva Hoja de Vida/a_Continuar' is clicked on

2022-01-03 15:55:11 - [MESSAGE][PASSED] - Object: 'Object Repository/Modulo Tarea Listado Hojas de Vida/Crear Nueva Hoja de Vida/a_Continuar' is clicked on

2022-01-03 15:55:11 - [TEST_STEP][PASSED] - waitForElementClickable(findTestObject("Modulo Tarea Listado Hojas de Vida/Crear Nueva Hoja de Vida/a_Aceptar"), G_TimeOut): Object 'Object Repository/Modulo Tarea Listado Hojas de Vida/Crear Nueva Hoja de Vida/a_Aceptar' is clickable

2022-01-03 15:55:13 - [MESSAGE][PASSED] - Object 'Object Repository/Modulo Tarea Listado Hojas de Vida/Crear Nueva Hoja de Vida/a_Aceptar' is clickable

2022-01-03 15:55:13 - [TEST_STEP][PASSED] - click(findTestObject("Modulo Tarea Listado Hojas de Vida/Crear Nueva Hoja de Vida/a_Aceptar"), STOP_ON_FAILURE): Object: 'Object Repository/Modulo Tarea Listado Hojas de Vida/Crear Nueva Hoja de Vida/a_Aceptar' is clicked on

2022-01-03 15:55:13 - [MESSAGE][PASSED] - Object: 'Object Repository/Modulo Tarea Listado Hojas de Vida/Crear Nueva Hoja de Vida/a_Aceptar' is clicked on

2022-01-03 15:55:13 - [TEST_STEP][PASSED] - return identificacion: null

2022-01-03 15:55:13 - [MESSAGE][PASSED] - Call Test Case 'Test Cases/1.1-Tareas Principales/1.1.1-Crear Nueva Hoja de Vida' successfully]]></system-out>
         <system-err><![CDATA[]]></system-err>
      </testcase>
      <testcase name="Test Cases/2.1-Pruebas_Hoja_de_Vida/2.1.5-Crear_Nueva_Hoja_de_Vida_(adjuntar_documento)" time="19.585" classname="Test Cases/2.1-Pruebas_Hoja_de_Vida/2.1.5-Crear_Nueva_Hoja_de_Vida_(adjuntar_documento)" status="PASSED">
         <system-out><![CDATA[2022-01-03 15:55:13 - [TEST_CASE][PASSED] - Test Cases/2.1-Pruebas_Hoja_de_Vida/2.1.5-Crear_Nueva_Hoja_de_Vida_(adjuntar_documento): Test Cases/2.1-Pruebas_Hoja_de_Vida/2.1.5-Crear_Nueva_Hoja_de_Vida_(adjuntar_documento)

2022-01-03 15:55:14 - [TEST_STEP][PASSED] - callTestCase(findTestCase("0.1-Login"), [:], STOP_ON_FAILURE): Call Test Case 'Test Cases/0.1-Login' successfully

2022-01-03 15:55:14 - [TEST_CASE][PASSED] - Test Cases/0.1-Login: Test Cases/0.1-Login

2022-01-03 15:55:14 - [TEST_STEP][PASSED] - openBrowser(""): Browser is opened with url: ''

2022-01-03 15:55:14 - [MESSAGE][WARNING] - A browser is already opened. Closing browser and opening a new one

2022-01-03 15:55:15 - [MESSAGE][INFO] - Starting 'Chrome' driver

2022-01-03 15:55:15 - [MESSAGE][INFO] - Action delay is set to 0 milliseconds

2022-01-03 15:55:16 - [MESSAGE][PASSED] - Browser is opened with url: ''

2022-01-03 15:55:16 - [TEST_STEP][PASSED] - maximizeWindow(): Current window maximized

2022-01-03 15:55:16 - [MESSAGE][PASSED] - Current window maximized

2022-01-03 15:55:16 - [TEST_STEP][PASSED] - i = G_Login: null

2022-01-03 15:55:16 - [TEST_STEP][PASSED] - url = new java.net.URL(i): null

2022-01-03 15:55:16 - [TEST_STEP][PASSED] - println("URL: " + url.toString()): null

2022-01-03 15:55:16 - [TEST_STEP][PASSED] - connection = url.openConnection(): null

2022-01-03 15:55:16 - [TEST_STEP][PASSED] - connection.setRequestMethod("GET"): null

2022-01-03 15:55:16 - [TEST_STEP][PASSED] - connection.setReadTimeout(2 * 1000): null

2022-01-03 15:55:16 - [TEST_STEP][PASSED] - try: null

2022-01-03 15:55:16 - [TEST_STEP][PASSED] - connection.connect(): null

2022-01-03 15:55:16 - [TEST_STEP][PASSED] - flag = connected: null

2022-01-03 15:55:16 - [TEST_STEP][PASSED] - println("Valor_ori: " + flag): null

2022-01-03 15:55:16 - [TEST_STEP][PASSED] - if (flag): null

2022-01-03 15:55:16 - [TEST_STEP][PASSED] - navigateToUrl(i): Navigate to 'http://192.168.2.80:8380/saraweb' successfully

2022-01-03 15:55:16 - [MESSAGE][PASSED] - Navigate to 'http://192.168.2.80:8380/saraweb' successfully

2022-01-03 15:55:16 - [TEST_STEP][PASSED] - a(): null

2022-01-03 15:55:16 - [TEST_STEP][PASSED] - setText(findTestObject("Login/input_USUARIO_loginusuario"), G_Usuario): Text 'saraadmin' is set on object 'Object Repository/Login/input_USUARIO_loginusuario'

2022-01-03 15:55:17 - [MESSAGE][PASSED] - Text 'saraadmin' is set on object 'Object Repository/Login/input_USUARIO_loginusuario'

2022-01-03 15:55:17 - [TEST_STEP][PASSED] - setEncryptedText(findTestObject("Login/input_CLAVE_loginpassword"), "MkG4/TYiCFC3cb2driP7+Q=="): Text ****** has been set on object 'Object Repository/Login/input_CLAVE_loginpassword'

2022-01-03 15:55:18 - [MESSAGE][PASSED] - Text ****** has been set on object 'Object Repository/Login/input_CLAVE_loginpassword'

2022-01-03 15:55:18 - [TEST_STEP][PASSED] - waitForElementClickable(findTestObject("Login/a_Ingresar"), G_TimeOut): Object 'Object Repository/Login/a_Ingresar' is clickable

2022-01-03 15:55:18 - [MESSAGE][PASSED] - Object 'Object Repository/Login/a_Ingresar' is clickable

2022-01-03 15:55:18 - [TEST_STEP][PASSED] - click(findTestObject("Login/a_Ingresar")): Object: 'Object Repository/Login/a_Ingresar' is clicked on

2022-01-03 15:55:20 - [MESSAGE][PASSED] - Object: 'Object Repository/Login/a_Ingresar' is clicked on

2022-01-03 15:55:20 - [TEST_STEP][PASSED] - element = findWebElement(findTestObject("Login/a_Ir"), 30): null

2022-01-03 15:55:20 - [TEST_STEP][PASSED] - executeJavaScript("arguments[0].click()", Arrays.asList(element)): Execute JavaScript 'arguments[0].click()' successfully

2022-01-03 15:55:20 - [MESSAGE][PASSED] - Execute JavaScript 'arguments[0].click()' successfully

2022-01-03 15:55:20 - [MESSAGE][PASSED] - Call Test Case 'Test Cases/0.1-Login' successfully

2022-01-03 15:55:20 - [TEST_STEP][PASSED] - click(findTestObject("Pruebas_Hoja_de_Vida/Crear_Nueva_Hoja_de_Vida_(adjuntar_documento)/input_Secciones_form_templatej_idt286j_idt29")): Object: 'Object Repository/Pruebas_Hoja_de_Vida/Crear_Nueva_Hoja_de_Vida_(adjuntar_documento)/input_Secciones_form_templatej_idt286j_idt29' is clicked on

2022-01-03 15:55:21 - [MESSAGE][PASSED] - Object: 'Object Repository/Pruebas_Hoja_de_Vida/Crear_Nueva_Hoja_de_Vida_(adjuntar_documento)/input_Secciones_form_templatej_idt286j_idt29' is clicked on

2022-01-03 15:55:21 - [TEST_STEP][PASSED] - click(findTestObject("Pruebas_Hoja_de_Vida/Crear_Nueva_Hoja_de_Vida_(adjuntar_documento)/a_ADMINISTRADOR DEL SISTEMA - SARA_cerrar_menu")): Object: 'Object Repository/Pruebas_Hoja_de_Vida/Crear_Nueva_Hoja_de_Vida_(adjuntar_documento)/a_ADMINISTRADOR DEL SISTEMA - SARA_cerrar_menu' is clicked on

2022-01-03 15:55:22 - [MESSAGE][PASSED] - Object: 'Object Repository/Pruebas_Hoja_de_Vida/Crear_Nueva_Hoja_de_Vida_(adjuntar_documento)/a_ADMINISTRADOR DEL SISTEMA - SARA_cerrar_menu' is clicked on

2022-01-03 15:55:22 - [TEST_STEP][PASSED] - waitForElementClickable(findTestObject("Pruebas_Hoja_de_Vida/Crear_Nueva_Hoja_de_Vida_(adjuntar_documento)/label_Nueva Hoja Vida"), 0): Object 'Object Repository/Pruebas_Hoja_de_Vida/Crear_Nueva_Hoja_de_Vida_(adjuntar_documento)/label_Nueva Hoja Vida' is clickable

2022-01-03 15:55:22 - [MESSAGE][WARNING] - Timeout '0' is invalid. Using default page load timeout: '30'

2022-01-03 15:55:22 - [MESSAGE][PASSED] - Object 'Object Repository/Pruebas_Hoja_de_Vida/Crear_Nueva_Hoja_de_Vida_(adjuntar_documento)/label_Nueva Hoja Vida' is clickable

2022-01-03 15:55:22 - [TEST_STEP][PASSED] - click(findTestObject("Pruebas_Hoja_de_Vida/Crear_Nueva_Hoja_de_Vida_(adjuntar_documento)/label_Nueva Hoja Vida")): Object: 'Object Repository/Pruebas_Hoja_de_Vida/Crear_Nueva_Hoja_de_Vida_(adjuntar_documento)/label_Nueva Hoja Vida' is clicked on

2022-01-03 15:55:23 - [MESSAGE][PASSED] - Object: 'Object Repository/Pruebas_Hoja_de_Vida/Crear_Nueva_Hoja_de_Vida_(adjuntar_documento)/label_Nueva Hoja Vida' is clicked on

2022-01-03 15:55:23 - [TEST_STEP][PASSED] - waitForElementClickable(findTestObject("Pruebas_Hoja_de_Vida/Crear_Nueva_Hoja_de_Vida_(adjuntar_documento)/a_Listado Hojas de Vida"), 0): Object 'Object Repository/Pruebas_Hoja_de_Vida/Crear_Nueva_Hoja_de_Vida_(adjuntar_documento)/a_Listado Hojas de Vida' is clickable

2022-01-03 15:55:23 - [MESSAGE][WARNING] - Timeout '0' is invalid. Using default page load timeout: '30'

2022-01-03 15:55:23 - [MESSAGE][PASSED] - Object 'Object Repository/Pruebas_Hoja_de_Vida/Crear_Nueva_Hoja_de_Vida_(adjuntar_documento)/a_Listado Hojas de Vida' is clickable

2022-01-03 15:55:23 - [TEST_STEP][PASSED] - click(findTestObject("Pruebas_Hoja_de_Vida/Crear_Nueva_Hoja_de_Vida_(adjuntar_documento)/a_Listado Hojas de Vida")): Object: 'Object Repository/Pruebas_Hoja_de_Vida/Crear_Nueva_Hoja_de_Vida_(adjuntar_documento)/a_Listado Hojas de Vida' is clicked on

2022-01-03 15:55:23 - [MESSAGE][PASSED] - Object: 'Object Repository/Pruebas_Hoja_de_Vida/Crear_Nueva_Hoja_de_Vida_(adjuntar_documento)/a_Listado Hojas de Vida' is clicked on

2022-01-03 15:55:23 - [TEST_STEP][PASSED] - setText(findTestObject("Pruebas_Hoja_de_Vida/Crear_Nueva_Hoja_de_Vida_(adjuntar_documento)/input_Identificacin_listado_hojaVidaj_idt63"), "355682169"): Text '355682169' is set on object 'Object Repository/Pruebas_Hoja_de_Vida/Crear_Nueva_Hoja_de_Vida_(adjuntar_documento)/input_Identificacin_listado_hojaVidaj_idt63'

2022-01-03 15:55:25 - [MESSAGE][PASSED] - Text '355682169' is set on object 'Object Repository/Pruebas_Hoja_de_Vida/Crear_Nueva_Hoja_de_Vida_(adjuntar_documento)/input_Identificacin_listado_hojaVidaj_idt63'

2022-01-03 15:55:25 - [TEST_STEP][PASSED] - sendKeys(findTestObject("Pruebas_Hoja_de_Vida/Crear_Nueva_Hoja_de_Vida_(adjuntar_documento)/input_Identificacin_listado_hojaVidaj_idt63"), Keys.chord(ENTER)): Keys 'ENTER + ' sent to object: 'Object Repository/Pruebas_Hoja_de_Vida/Crear_Nueva_Hoja_de_Vida_(adjuntar_documento)/input_Identificacin_listado_hojaVidaj_idt63'

2022-01-03 15:55:26 - [MESSAGE][PASSED] - Keys 'ENTER + ' sent to object: 'Object Repository/Pruebas_Hoja_de_Vida/Crear_Nueva_Hoja_de_Vida_(adjuntar_documento)/input_Identificacin_listado_hojaVidaj_idt63'

2022-01-03 15:55:26 - [TEST_STEP][PASSED] - click(findTestObject("Pruebas_Hoja_de_Vida/Crear_Nueva_Hoja_de_Vida_(adjuntar_documento)/td_355682169")): Object: 'Object Repository/Pruebas_Hoja_de_Vida/Crear_Nueva_Hoja_de_Vida_(adjuntar_documento)/td_355682169' is clicked on

2022-01-03 15:55:26 - [MESSAGE][PASSED] - Object: 'Object Repository/Pruebas_Hoja_de_Vida/Crear_Nueva_Hoja_de_Vida_(adjuntar_documento)/td_355682169' is clicked on

2022-01-03 15:55:26 - [TEST_STEP][PASSED] - click(findTestObject("Pruebas_Hoja_de_Vida/Crear_Nueva_Hoja_de_Vida_(adjuntar_documento)/a_Adjuntar Archivo")): Object: 'Object Repository/Pruebas_Hoja_de_Vida/Crear_Nueva_Hoja_de_Vida_(adjuntar_documento)/a_Adjuntar Archivo' is clicked on

2022-01-03 15:55:27 - [MESSAGE][PASSED] - Object: 'Object Repository/Pruebas_Hoja_de_Vida/Crear_Nueva_Hoja_de_Vida_(adjuntar_documento)/a_Adjuntar Archivo' is clicked on

2022-01-03 15:55:27 - [TEST_STEP][PASSED] - click(findTestObject("Pruebas_Hoja_de_Vida/Crear_Nueva_Hoja_de_Vida_(adjuntar_documento)/a_nuevo")): Object: 'Object Repository/Pruebas_Hoja_de_Vida/Crear_Nueva_Hoja_de_Vida_(adjuntar_documento)/a_nuevo' is clicked on

2022-01-03 15:55:28 - [MESSAGE][PASSED] - Object: 'Object Repository/Pruebas_Hoja_de_Vida/Crear_Nueva_Hoja_de_Vida_(adjuntar_documento)/a_nuevo' is clicked on

2022-01-03 15:55:28 - [TEST_STEP][PASSED] - setText(findTestObject("Pruebas_Hoja_de_Vida/Crear_Nueva_Hoja_de_Vida_(adjuntar_documento)/input_Descripcin_hojaVidasecciondescripcion"), "prueba"): Text 'prueba' is set on object 'Object Repository/Pruebas_Hoja_de_Vida/Crear_Nueva_Hoja_de_Vida_(adjuntar_documento)/input_Descripcin_hojaVidasecciondescripcion'

2022-01-03 15:55:29 - [MESSAGE][PASSED] - Text 'prueba' is set on object 'Object Repository/Pruebas_Hoja_de_Vida/Crear_Nueva_Hoja_de_Vida_(adjuntar_documento)/input_Descripcin_hojaVidasecciondescripcion'

2022-01-03 15:55:29 - [TEST_STEP][PASSED] - click(findTestObject("Pruebas_Hoja_de_Vida/Crear_Nueva_Hoja_de_Vida_(adjuntar_documento)/a_Continuar")): Object: 'Object Repository/Pruebas_Hoja_de_Vida/Crear_Nueva_Hoja_de_Vida_(adjuntar_documento)/a_Continuar' is clicked on

2022-01-03 15:55:29 - [MESSAGE][PASSED] - Object: 'Object Repository/Pruebas_Hoja_de_Vida/Crear_Nueva_Hoja_de_Vida_(adjuntar_documento)/a_Continuar' is clicked on

2022-01-03 15:55:29 - [TEST_STEP][PASSED] - ruta = G_rutaarchivos + "HojaDeVida.txt": null

2022-01-03 15:55:29 - [TEST_STEP][PASSED] - uploadFile(findTestObject("Pruebas_Hoja_de_Vida/Crear_Nueva_Hoja_de_Vida_(adjuntar_documento)/input_Cargar Archivo_popupCargarArchivoForminputFileName_input"), ruta): File 'E:\unionweb14\HojaDeVida.txt' sent to object: 'Object Repository/Pruebas_Hoja_de_Vida/Crear_Nueva_Hoja_de_Vida_(adjuntar_documento)/input_Cargar Archivo_popupCargarArchivoForminputFileName_input'

2022-01-03 15:55:30 - [MESSAGE][PASSED] - File 'E:\unionweb14\HojaDeVida.txt' sent to object: 'Object Repository/Pruebas_Hoja_de_Vida/Crear_Nueva_Hoja_de_Vida_(adjuntar_documento)/input_Cargar Archivo_popupCargarArchivoForminputFileName_input'

2022-01-03 15:55:30 - [TEST_STEP][PASSED] - waitForElementClickable(findTestObject("Pruebas_Hoja_de_Vida/Crear_Nueva_Hoja_de_Vida_(adjuntar_documento)/td_prueba"), 0): Object 'Object Repository/Pruebas_Hoja_de_Vida/Crear_Nueva_Hoja_de_Vida_(adjuntar_documento)/td_prueba' is clickable

2022-01-03 15:55:30 - [MESSAGE][WARNING] - Timeout '0' is invalid. Using default page load timeout: '30'

2022-01-03 15:55:31 - [MESSAGE][PASSED] - Object 'Object Repository/Pruebas_Hoja_de_Vida/Crear_Nueva_Hoja_de_Vida_(adjuntar_documento)/td_prueba' is clickable

2022-01-03 15:55:31 - [TEST_STEP][PASSED] - click(findTestObject("Pruebas_Hoja_de_Vida/Crear_Nueva_Hoja_de_Vida_(adjuntar_documento)/td_prueba")): Object: 'Object Repository/Pruebas_Hoja_de_Vida/Crear_Nueva_Hoja_de_Vida_(adjuntar_documento)/td_prueba' is clicked on

2022-01-03 15:55:31 - [MESSAGE][PASSED] - Object: 'Object Repository/Pruebas_Hoja_de_Vida/Crear_Nueva_Hoja_de_Vida_(adjuntar_documento)/td_prueba' is clicked on

2022-01-03 15:55:31 - [TEST_STEP][PASSED] - click(findTestObject("Pruebas_Hoja_de_Vida/Crear_Nueva_Hoja_de_Vida_(adjuntar_documento)/a_Eliminar")): Object: 'Object Repository/Pruebas_Hoja_de_Vida/Crear_Nueva_Hoja_de_Vida_(adjuntar_documento)/a_Eliminar' is clicked on

2022-01-03 15:55:32 - [MESSAGE][PASSED] - Object: 'Object Repository/Pruebas_Hoja_de_Vida/Crear_Nueva_Hoja_de_Vida_(adjuntar_documento)/a_Eliminar' is clicked on

2022-01-03 15:55:32 - [TEST_STEP][PASSED] - closeBrowser(): Browser is closed

2022-01-03 15:55:33 - [MESSAGE][PASSED] - Browser is closed]]></system-out>
         <system-err><![CDATA[]]></system-err>
      </testcase>
      <testcase name="Test Cases/2.1-Pruebas_Hoja_de_Vida/2.1.6-Impresión_Hoja_Vida_Plantilla" time="18.032" classname="Test Cases/2.1-Pruebas_Hoja_de_Vida/2.1.6-Impresión_Hoja_Vida_Plantilla" status="PASSED">
         <system-out><![CDATA[2022-01-03 15:55:33 - [TEST_CASE][PASSED] - Test Cases/2.1-Pruebas_Hoja_de_Vida/2.1.6-Impresión_Hoja_Vida_Plantilla: Test Cases/2.1-Pruebas_Hoja_de_Vida/2.1.6-Impresión_Hoja_Vida_Plantilla

2022-01-03 15:55:33 - [TEST_STEP][PASSED] - callTestCase(findTestCase("0.1-Login"), [:], STOP_ON_FAILURE): Call Test Case 'Test Cases/0.1-Login' successfully

2022-01-03 15:55:33 - [TEST_CASE][PASSED] - Test Cases/0.1-Login: Test Cases/0.1-Login

2022-01-03 15:55:33 - [TEST_STEP][PASSED] - openBrowser(""): Browser is opened with url: ''

2022-01-03 15:55:33 - [MESSAGE][INFO] - Starting 'Chrome' driver

2022-01-03 15:55:33 - [MESSAGE][INFO] - Action delay is set to 0 milliseconds

2022-01-03 15:55:35 - [MESSAGE][PASSED] - Browser is opened with url: ''

2022-01-03 15:55:35 - [TEST_STEP][PASSED] - maximizeWindow(): Current window maximized

2022-01-03 15:55:35 - [MESSAGE][PASSED] - Current window maximized

2022-01-03 15:55:35 - [TEST_STEP][PASSED] - i = G_Login: null

2022-01-03 15:55:35 - [TEST_STEP][PASSED] - url = new java.net.URL(i): null

2022-01-03 15:55:35 - [TEST_STEP][PASSED] - println("URL: " + url.toString()): null

2022-01-03 15:55:35 - [TEST_STEP][PASSED] - connection = url.openConnection(): null

2022-01-03 15:55:35 - [TEST_STEP][PASSED] - connection.setRequestMethod("GET"): null

2022-01-03 15:55:35 - [TEST_STEP][PASSED] - connection.setReadTimeout(2 * 1000): null

2022-01-03 15:55:35 - [TEST_STEP][PASSED] - try: null

2022-01-03 15:55:35 - [TEST_STEP][PASSED] - connection.connect(): null

2022-01-03 15:55:35 - [TEST_STEP][PASSED] - flag = connected: null

2022-01-03 15:55:35 - [TEST_STEP][PASSED] - println("Valor_ori: " + flag): null

2022-01-03 15:55:35 - [TEST_STEP][PASSED] - if (flag): null

2022-01-03 15:55:35 - [TEST_STEP][PASSED] - navigateToUrl(i): Navigate to 'http://192.168.2.80:8380/saraweb' successfully

2022-01-03 15:55:35 - [MESSAGE][PASSED] - Navigate to 'http://192.168.2.80:8380/saraweb' successfully

2022-01-03 15:55:35 - [TEST_STEP][PASSED] - a(): null

2022-01-03 15:55:35 - [TEST_STEP][PASSED] - setText(findTestObject("Login/input_USUARIO_loginusuario"), G_Usuario): Text 'saraadmin' is set on object 'Object Repository/Login/input_USUARIO_loginusuario'

2022-01-03 15:55:36 - [MESSAGE][PASSED] - Text 'saraadmin' is set on object 'Object Repository/Login/input_USUARIO_loginusuario'

2022-01-03 15:55:36 - [TEST_STEP][PASSED] - setEncryptedText(findTestObject("Login/input_CLAVE_loginpassword"), "MkG4/TYiCFC3cb2driP7+Q=="): Text ****** has been set on object 'Object Repository/Login/input_CLAVE_loginpassword'

2022-01-03 15:55:37 - [MESSAGE][PASSED] - Text ****** has been set on object 'Object Repository/Login/input_CLAVE_loginpassword'

2022-01-03 15:55:37 - [TEST_STEP][PASSED] - waitForElementClickable(findTestObject("Login/a_Ingresar"), G_TimeOut): Object 'Object Repository/Login/a_Ingresar' is clickable

2022-01-03 15:55:37 - [MESSAGE][PASSED] - Object 'Object Repository/Login/a_Ingresar' is clickable

2022-01-03 15:55:37 - [TEST_STEP][PASSED] - click(findTestObject("Login/a_Ingresar")): Object: 'Object Repository/Login/a_Ingresar' is clicked on

2022-01-03 15:55:39 - [MESSAGE][PASSED] - Object: 'Object Repository/Login/a_Ingresar' is clicked on

2022-01-03 15:55:39 - [TEST_STEP][PASSED] - element = findWebElement(findTestObject("Login/a_Ir"), 30): null

2022-01-03 15:55:40 - [TEST_STEP][PASSED] - executeJavaScript("arguments[0].click()", Arrays.asList(element)): Execute JavaScript 'arguments[0].click()' successfully

2022-01-03 15:55:40 - [MESSAGE][PASSED] - Execute JavaScript 'arguments[0].click()' successfully

2022-01-03 15:55:40 - [MESSAGE][PASSED] - Call Test Case 'Test Cases/0.1-Login' successfully

2022-01-03 15:55:40 - [TEST_STEP][PASSED] - click(findTestObject("Pruebas_Hoja_de_Vida/Impresión_Hoja_Vida_Plantilla/input_Secciones_form_templatej_idt286j_idt29")): Object: 'Object Repository/Pruebas_Hoja_de_Vida/Impresión_Hoja_Vida_Plantilla/input_Secciones_form_templatej_idt286j_idt29' is clicked on

2022-01-03 15:55:41 - [MESSAGE][PASSED] - Object: 'Object Repository/Pruebas_Hoja_de_Vida/Impresión_Hoja_Vida_Plantilla/input_Secciones_form_templatej_idt286j_idt29' is clicked on

2022-01-03 15:55:41 - [TEST_STEP][PASSED] - click(findTestObject("Pruebas_Hoja_de_Vida/Impresión_Hoja_Vida_Plantilla/a_ADMINISTRADOR DEL SISTEMA - SARA_cerrar_menu")): Object: 'Object Repository/Pruebas_Hoja_de_Vida/Impresión_Hoja_Vida_Plantilla/a_ADMINISTRADOR DEL SISTEMA - SARA_cerrar_menu' is clicked on

2022-01-03 15:55:41 - [MESSAGE][PASSED] - Object: 'Object Repository/Pruebas_Hoja_de_Vida/Impresión_Hoja_Vida_Plantilla/a_ADMINISTRADOR DEL SISTEMA - SARA_cerrar_menu' is clicked on

2022-01-03 15:55:41 - [TEST_STEP][PASSED] - click(findTestObject("Pruebas_Hoja_de_Vida/Impresión_Hoja_Vida_Plantilla/label_Nueva Hoja Vida")): Object: 'Object Repository/Pruebas_Hoja_de_Vida/Impresión_Hoja_Vida_Plantilla/label_Nueva Hoja Vida' is clicked on

2022-01-03 15:55:42 - [MESSAGE][PASSED] - Object: 'Object Repository/Pruebas_Hoja_de_Vida/Impresión_Hoja_Vida_Plantilla/label_Nueva Hoja Vida' is clicked on

2022-01-03 15:55:42 - [TEST_STEP][PASSED] - waitForElementClickable(findTestObject("Pruebas_Hoja_de_Vida/Impresión_Hoja_Vida_Plantilla/a_Listado Hojas de Vida"), 0): Object 'Object Repository/Pruebas_Hoja_de_Vida/Impresión_Hoja_Vida_Plantilla/a_Listado Hojas de Vida' is clickable

2022-01-03 15:55:42 - [MESSAGE][WARNING] - Timeout '0' is invalid. Using default page load timeout: '30'

2022-01-03 15:55:42 - [MESSAGE][PASSED] - Object 'Object Repository/Pruebas_Hoja_de_Vida/Impresión_Hoja_Vida_Plantilla/a_Listado Hojas de Vida' is clickable

2022-01-03 15:55:42 - [TEST_STEP][PASSED] - click(findTestObject("Pruebas_Hoja_de_Vida/Impresión_Hoja_Vida_Plantilla/a_Listado Hojas de Vida")): Object: 'Object Repository/Pruebas_Hoja_de_Vida/Impresión_Hoja_Vida_Plantilla/a_Listado Hojas de Vida' is clicked on

2022-01-03 15:55:42 - [MESSAGE][PASSED] - Object: 'Object Repository/Pruebas_Hoja_de_Vida/Impresión_Hoja_Vida_Plantilla/a_Listado Hojas de Vida' is clicked on

2022-01-03 15:55:42 - [TEST_STEP][PASSED] - waitForElementClickable(findTestObject("Pruebas_Hoja_de_Vida/Impresión_Hoja_Vida_Plantilla/input_Identificacin_listado_hojaVidaj_idt63"), 0): Object 'Object Repository/Pruebas_Hoja_de_Vida/Impresión_Hoja_Vida_Plantilla/input_Identificacin_listado_hojaVidaj_idt63' is clickable

2022-01-03 15:55:43 - [MESSAGE][WARNING] - Timeout '0' is invalid. Using default page load timeout: '30'

2022-01-03 15:55:44 - [MESSAGE][PASSED] - Object 'Object Repository/Pruebas_Hoja_de_Vida/Impresión_Hoja_Vida_Plantilla/input_Identificacin_listado_hojaVidaj_idt63' is clickable

2022-01-03 15:55:44 - [TEST_STEP][PASSED] - setText(findTestObject("Pruebas_Hoja_de_Vida/Impresión_Hoja_Vida_Plantilla/input_Identificacin_listado_hojaVidaj_idt63"), "355682169"): Text '355682169' is set on object 'Object Repository/Pruebas_Hoja_de_Vida/Impresión_Hoja_Vida_Plantilla/input_Identificacin_listado_hojaVidaj_idt63'

2022-01-03 15:55:45 - [MESSAGE][PASSED] - Text '355682169' is set on object 'Object Repository/Pruebas_Hoja_de_Vida/Impresión_Hoja_Vida_Plantilla/input_Identificacin_listado_hojaVidaj_idt63'

2022-01-03 15:55:45 - [TEST_STEP][PASSED] - sendKeys(findTestObject("Pruebas_Hoja_de_Vida/Impresión_Hoja_Vida_Plantilla/input_Identificacin_listado_hojaVidaj_idt63"), Keys.chord(ENTER)): Keys 'ENTER + ' sent to object: 'Object Repository/Pruebas_Hoja_de_Vida/Impresión_Hoja_Vida_Plantilla/input_Identificacin_listado_hojaVidaj_idt63'

2022-01-03 15:55:45 - [MESSAGE][PASSED] - Keys 'ENTER + ' sent to object: 'Object Repository/Pruebas_Hoja_de_Vida/Impresión_Hoja_Vida_Plantilla/input_Identificacin_listado_hojaVidaj_idt63'

2022-01-03 15:55:45 - [TEST_STEP][PASSED] - click(findTestObject("Pruebas_Hoja_de_Vida/Impresión_Hoja_Vida_Plantilla/td_355682169")): Object: 'Object Repository/Pruebas_Hoja_de_Vida/Impresión_Hoja_Vida_Plantilla/td_355682169' is clicked on

2022-01-03 15:55:46 - [MESSAGE][PASSED] - Object: 'Object Repository/Pruebas_Hoja_de_Vida/Impresión_Hoja_Vida_Plantilla/td_355682169' is clicked on

2022-01-03 15:55:46 - [TEST_STEP][PASSED] - click(findTestObject("Pruebas_Hoja_de_Vida/Impresión_Hoja_Vida_Plantilla/a_Generar")): Object: 'Object Repository/Pruebas_Hoja_de_Vida/Impresión_Hoja_Vida_Plantilla/a_Generar' is clicked on

2022-01-03 15:55:47 - [MESSAGE][PASSED] - Object: 'Object Repository/Pruebas_Hoja_de_Vida/Impresión_Hoja_Vida_Plantilla/a_Generar' is clicked on

2022-01-03 15:55:47 - [TEST_STEP][PASSED] - click(findTestObject("Pruebas_Hoja_de_Vida/Impresión_Hoja_Vida_Plantilla/td_espaol impresion empleado")): Object: 'Object Repository/Pruebas_Hoja_de_Vida/Impresión_Hoja_Vida_Plantilla/td_espaol impresion empleado' is clicked on

2022-01-03 15:55:47 - [MESSAGE][PASSED] - Object: 'Object Repository/Pruebas_Hoja_de_Vida/Impresión_Hoja_Vida_Plantilla/td_espaol impresion empleado' is clicked on

2022-01-03 15:55:47 - [TEST_STEP][PASSED] - click(findTestObject("Pruebas_Hoja_de_Vida/Impresión_Hoja_Vida_Plantilla/a_Descargar")): Object: 'Object Repository/Pruebas_Hoja_de_Vida/Impresión_Hoja_Vida_Plantilla/a_Descargar' is clicked on

2022-01-03 15:55:48 - [MESSAGE][PASSED] - Object: 'Object Repository/Pruebas_Hoja_de_Vida/Impresión_Hoja_Vida_Plantilla/a_Descargar' is clicked on

2022-01-03 15:55:48 - [TEST_STEP][PASSED] - delay(2): Delayed 2 second(s)

2022-01-03 15:55:50 - [MESSAGE][PASSED] - Delayed 2 second(s)

2022-01-03 15:55:50 - [TEST_STEP][PASSED] - closeBrowser(): Browser is closed

2022-01-03 15:55:51 - [MESSAGE][PASSED] - Browser is closed]]></system-out>
         <system-err><![CDATA[]]></system-err>
      </testcase>
      <testcase name="Test Cases/2.1-Pruebas_Hoja_de_Vida/2.1.7-Impresión_Hoja_Vida_Función_Pública" time="40.68" classname="Test Cases/2.1-Pruebas_Hoja_de_Vida/2.1.7-Impresión_Hoja_Vida_Función_Pública" status="PASSED">
         <system-out><![CDATA[2022-01-03 15:55:51 - [TEST_CASE][PASSED] - Test Cases/2.1-Pruebas_Hoja_de_Vida/2.1.7-Impresión_Hoja_Vida_Función_Pública: Test Cases/2.1-Pruebas_Hoja_de_Vida/2.1.7-Impresión_Hoja_Vida_Función_Pública

2022-01-03 15:55:51 - [TEST_STEP][PASSED] - callTestCase(findTestCase("1.1-Tareas Principales/1.1.2-Imprimir Hoja de Vida"), [:], STOP_ON_FAILURE): Call Test Case 'Test Cases/1.1-Tareas Principales/1.1.2-Imprimir Hoja de Vida' successfully

2022-01-03 15:55:51 - [TEST_CASE][PASSED] - Test Cases/1.1-Tareas Principales/1.1.2-Imprimir Hoja de Vida: Test Cases/1.1-Tareas Principales/1.1.2-Imprimir Hoja de Vida

2022-01-03 15:55:52 - [TEST_STEP][PASSED] - callTestCase(findTestCase("1.1-Tareas Principales/Listado hojas de Vida"), [:], STOP_ON_FAILURE): Call Test Case 'Test Cases/1.1-Tareas Principales/Listado hojas de Vida' successfully

2022-01-03 15:55:52 - [TEST_CASE][PASSED] - Test Cases/1.1-Tareas Principales/Listado hojas de Vida: Test Cases/1.1-Tareas Principales/Listado hojas de Vida

2022-01-03 15:55:52 - [TEST_STEP][PASSED] - callTestCase(findTestCase("0.1-Login"), [:], STOP_ON_FAILURE): Call Test Case 'Test Cases/0.1-Login' successfully

2022-01-03 15:55:52 - [TEST_CASE][PASSED] - Test Cases/0.1-Login: Test Cases/0.1-Login

2022-01-03 15:55:52 - [TEST_STEP][PASSED] - openBrowser(""): Browser is opened with url: ''

2022-01-03 15:55:52 - [MESSAGE][INFO] - Starting 'Chrome' driver

2022-01-03 15:55:52 - [MESSAGE][INFO] - Action delay is set to 0 milliseconds

2022-01-03 15:55:54 - [MESSAGE][PASSED] - Browser is opened with url: ''

2022-01-03 15:55:54 - [TEST_STEP][PASSED] - maximizeWindow(): Current window maximized

2022-01-03 15:55:54 - [MESSAGE][PASSED] - Current window maximized

2022-01-03 15:55:54 - [TEST_STEP][PASSED] - i = G_Login: null

2022-01-03 15:55:54 - [TEST_STEP][PASSED] - url = new java.net.URL(i): null

2022-01-03 15:55:54 - [TEST_STEP][PASSED] - println("URL: " + url.toString()): null

2022-01-03 15:55:54 - [TEST_STEP][PASSED] - connection = url.openConnection(): null

2022-01-03 15:55:54 - [TEST_STEP][PASSED] - connection.setRequestMethod("GET"): null

2022-01-03 15:55:54 - [TEST_STEP][PASSED] - connection.setReadTimeout(2 * 1000): null

2022-01-03 15:55:54 - [TEST_STEP][PASSED] - try: null

2022-01-03 15:55:54 - [TEST_STEP][PASSED] - connection.connect(): null

2022-01-03 15:55:54 - [TEST_STEP][PASSED] - flag = connected: null

2022-01-03 15:55:54 - [TEST_STEP][PASSED] - println("Valor_ori: " + flag): null

2022-01-03 15:55:54 - [TEST_STEP][PASSED] - if (flag): null

2022-01-03 15:55:54 - [TEST_STEP][PASSED] - navigateToUrl(i): Navigate to 'http://192.168.2.80:8380/saraweb' successfully

2022-01-03 15:55:55 - [MESSAGE][PASSED] - Navigate to 'http://192.168.2.80:8380/saraweb' successfully

2022-01-03 15:55:55 - [TEST_STEP][PASSED] - a(): null

2022-01-03 15:55:55 - [TEST_STEP][PASSED] - setText(findTestObject("Login/input_USUARIO_loginusuario"), G_Usuario): Text 'saraadmin' is set on object 'Object Repository/Login/input_USUARIO_loginusuario'

2022-01-03 15:55:55 - [MESSAGE][PASSED] - Text 'saraadmin' is set on object 'Object Repository/Login/input_USUARIO_loginusuario'

2022-01-03 15:55:55 - [TEST_STEP][PASSED] - setEncryptedText(findTestObject("Login/input_CLAVE_loginpassword"), "MkG4/TYiCFC3cb2driP7+Q=="): Text ****** has been set on object 'Object Repository/Login/input_CLAVE_loginpassword'

2022-01-03 15:55:56 - [MESSAGE][PASSED] - Text ****** has been set on object 'Object Repository/Login/input_CLAVE_loginpassword'

2022-01-03 15:55:56 - [TEST_STEP][PASSED] - waitForElementClickable(findTestObject("Login/a_Ingresar"), G_TimeOut): Object 'Object Repository/Login/a_Ingresar' is clickable

2022-01-03 15:55:56 - [MESSAGE][PASSED] - Object 'Object Repository/Login/a_Ingresar' is clickable

2022-01-03 15:55:56 - [TEST_STEP][PASSED] - click(findTestObject("Login/a_Ingresar")): Object: 'Object Repository/Login/a_Ingresar' is clicked on

2022-01-03 15:55:58 - [MESSAGE][PASSED] - Object: 'Object Repository/Login/a_Ingresar' is clicked on

2022-01-03 15:55:58 - [TEST_STEP][PASSED] - element = findWebElement(findTestObject("Login/a_Ir"), 30): null

2022-01-03 15:55:59 - [TEST_STEP][PASSED] - executeJavaScript("arguments[0].click()", Arrays.asList(element)): Execute JavaScript 'arguments[0].click()' successfully

2022-01-03 15:55:59 - [MESSAGE][PASSED] - Execute JavaScript 'arguments[0].click()' successfully

2022-01-03 15:55:59 - [MESSAGE][PASSED] - Call Test Case 'Test Cases/0.1-Login' successfully

2022-01-03 15:55:59 - [TEST_STEP][PASSED] - waitForElementClickable(findTestObject("Modulo Tarea Listado Hojas de Vida/Tareas Listado Hojas de Vida/input_Listado Hojas De Vida_form_templatej_idt24_input"), G_TimeOut): Object 'Object Repository/Modulo Tarea Listado Hojas de Vida/Tareas Listado Hojas de Vida/input_Listado Hojas De Vida_form_templatej_idt24_input' is clickable

2022-01-03 15:56:00 - [MESSAGE][PASSED] - Object 'Object Repository/Modulo Tarea Listado Hojas de Vida/Tareas Listado Hojas de Vida/input_Listado Hojas De Vida_form_templatej_idt24_input' is clickable

2022-01-03 15:56:00 - [TEST_STEP][PASSED] - setText(findTestObject("Modulo Tarea Listado Hojas de Vida/Tareas Listado Hojas de Vida/input_Listado Hojas De Vida_form_templatej_idt24_input"), "Listado Hojas de Vida"): Text 'Listado Hojas de Vida' is set on object 'Object Repository/Modulo Tarea Listado Hojas de Vida/Tareas Listado Hojas de Vida/input_Listado Hojas De Vida_form_templatej_idt24_input'

2022-01-03 15:56:00 - [MESSAGE][PASSED] - Text 'Listado Hojas de Vida' is set on object 'Object Repository/Modulo Tarea Listado Hojas de Vida/Tareas Listado Hojas de Vida/input_Listado Hojas De Vida_form_templatej_idt24_input'

2022-01-03 15:56:00 - [TEST_STEP][PASSED] - delay(3): Delayed 3 second(s)

2022-01-03 15:56:03 - [MESSAGE][PASSED] - Delayed 3 second(s)

2022-01-03 15:56:03 - [TEST_STEP][PASSED] - sendKeys(findTestObject("Modulo Tarea Listado Hojas de Vida/Tareas Listado Hojas de Vida/input_Listado Hojas De Vida_form_templatej_idt24_input"), Keys.chord(ENTER)): Keys 'ENTER + ' sent to object: 'Object Repository/Modulo Tarea Listado Hojas de Vida/Tareas Listado Hojas de Vida/input_Listado Hojas De Vida_form_templatej_idt24_input'

2022-01-03 15:56:04 - [MESSAGE][PASSED] - Keys 'ENTER + ' sent to object: 'Object Repository/Modulo Tarea Listado Hojas de Vida/Tareas Listado Hojas de Vida/input_Listado Hojas De Vida_form_templatej_idt24_input'

2022-01-03 15:56:04 - [MESSAGE][PASSED] - Call Test Case 'Test Cases/1.1-Tareas Principales/Listado hojas de Vida' successfully

2022-01-03 15:56:04 - [TEST_STEP][PASSED] - waitForElementClickable(findTestObject("Modulo Tarea Listado Hojas de Vida/Imprimir Hoja de Vida/input_Identificacin_listado_hojaVidaj_idt62"), G_TimeOut): Object 'Object Repository/Modulo Tarea Listado Hojas de Vida/Imprimir Hoja de Vida/input_Identificacin_listado_hojaVidaj_idt62' is clickable

2022-01-03 15:56:05 - [MESSAGE][PASSED] - Object 'Object Repository/Modulo Tarea Listado Hojas de Vida/Imprimir Hoja de Vida/input_Identificacin_listado_hojaVidaj_idt62' is clickable

2022-01-03 15:56:05 - [TEST_STEP][PASSED] - setText(findTestObject("Modulo Tarea Listado Hojas de Vida/Imprimir Hoja de Vida/input_Identificacin_listado_hojaVidaj_idt62"), "355682169"): Text '355682169' is set on object 'Object Repository/Modulo Tarea Listado Hojas de Vida/Imprimir Hoja de Vida/input_Identificacin_listado_hojaVidaj_idt62'

2022-01-03 15:56:06 - [MESSAGE][PASSED] - Text '355682169' is set on object 'Object Repository/Modulo Tarea Listado Hojas de Vida/Imprimir Hoja de Vida/input_Identificacin_listado_hojaVidaj_idt62'

2022-01-03 15:56:06 - [TEST_STEP][PASSED] - sendKeys(findTestObject("Modulo Tarea Listado Hojas de Vida/Imprimir Hoja de Vida/input_Identificacin_listado_hojaVidaj_idt62"), Keys.chord(ENTER)): Keys 'ENTER + ' sent to object: 'Object Repository/Modulo Tarea Listado Hojas de Vida/Imprimir Hoja de Vida/input_Identificacin_listado_hojaVidaj_idt62'

2022-01-03 15:56:06 - [MESSAGE][PASSED] - Keys 'ENTER + ' sent to object: 'Object Repository/Modulo Tarea Listado Hojas de Vida/Imprimir Hoja de Vida/input_Identificacin_listado_hojaVidaj_idt62'

2022-01-03 15:56:06 - [TEST_STEP][PASSED] - waitForElementClickable(findTestObject("Modulo Tarea Listado Hojas de Vida/Imprimir Hoja de Vida/td_355682169"), G_TimeOut): Object 'Object Repository/Modulo Tarea Listado Hojas de Vida/Imprimir Hoja de Vida/td_355682169' is clickable

2022-01-03 15:56:07 - [MESSAGE][PASSED] - Object 'Object Repository/Modulo Tarea Listado Hojas de Vida/Imprimir Hoja de Vida/td_355682169' is clickable

2022-01-03 15:56:07 - [TEST_STEP][PASSED] - click(findTestObject("Modulo Tarea Listado Hojas de Vida/Imprimir Hoja de Vida/td_355682169")): Object: 'Object Repository/Modulo Tarea Listado Hojas de Vida/Imprimir Hoja de Vida/td_355682169' is clicked on

2022-01-03 15:56:07 - [MESSAGE][PASSED] - Object: 'Object Repository/Modulo Tarea Listado Hojas de Vida/Imprimir Hoja de Vida/td_355682169' is clicked on

2022-01-03 15:56:07 - [TEST_STEP][PASSED] - waitForElementClickable(findTestObject("Modulo Tarea Listado Hojas de Vida/Imprimir Hoja de Vida/a_Imprimir"), G_TimeOut): Object 'Object Repository/Modulo Tarea Listado Hojas de Vida/Imprimir Hoja de Vida/a_Imprimir' is clickable

2022-01-03 15:56:08 - [MESSAGE][PASSED] - Object 'Object Repository/Modulo Tarea Listado Hojas de Vida/Imprimir Hoja de Vida/a_Imprimir' is clickable

2022-01-03 15:56:08 - [TEST_STEP][PASSED] - click(findTestObject("Modulo Tarea Listado Hojas de Vida/Imprimir Hoja de Vida/a_Imprimir")): Object: 'Object Repository/Modulo Tarea Listado Hojas de Vida/Imprimir Hoja de Vida/a_Imprimir' is clicked on

2022-01-03 15:56:09 - [MESSAGE][PASSED] - Object: 'Object Repository/Modulo Tarea Listado Hojas de Vida/Imprimir Hoja de Vida/a_Imprimir' is clicked on

2022-01-03 15:56:09 - [TEST_STEP][PASSED] - waitForElementClickable(findTestObject("Modulo Tarea Listado Hojas de Vida/Imprimir Hoja de Vida/a_Si"), G_TimeOut): Object 'Object Repository/Modulo Tarea Listado Hojas de Vida/Imprimir Hoja de Vida/a_Si' is clickable

2022-01-03 15:56:10 - [MESSAGE][PASSED] - Object 'Object Repository/Modulo Tarea Listado Hojas de Vida/Imprimir Hoja de Vida/a_Si' is clickable

2022-01-03 15:56:10 - [TEST_STEP][PASSED] - click(findTestObject("Modulo Tarea Listado Hojas de Vida/Imprimir Hoja de Vida/a_Si")): Object: 'Object Repository/Modulo Tarea Listado Hojas de Vida/Imprimir Hoja de Vida/a_Si' is clicked on

2022-01-03 15:56:10 - [MESSAGE][PASSED] - Object: 'Object Repository/Modulo Tarea Listado Hojas de Vida/Imprimir Hoja de Vida/a_Si' is clicked on

2022-01-03 15:56:10 - [TEST_STEP][PASSED] - waitForElementClickable(findTestObject("Modulo Tarea Listado Hojas de Vida/Imprimir Hoja de Vida/span_Grupo Sanguneo-closethick"), G_TimeOut): Object 'Object Repository/Modulo Tarea Listado Hojas de Vida/Imprimir Hoja de Vida/span_Grupo Sanguneo-closethick' is clickable

2022-01-03 15:56:12 - [MESSAGE][PASSED] - Object 'Object Repository/Modulo Tarea Listado Hojas de Vida/Imprimir Hoja de Vida/span_Grupo Sanguneo-closethick' is clickable

2022-01-03 15:56:12 - [TEST_STEP][PASSED] - click(findTestObject("Modulo Tarea Listado Hojas de Vida/Imprimir Hoja de Vida/span_Grupo Sanguneo-closethick")): Object: 'Object Repository/Modulo Tarea Listado Hojas de Vida/Imprimir Hoja de Vida/span_Grupo Sanguneo-closethick' is clicked on

2022-01-03 15:56:14 - [MESSAGE][PASSED] - Object: 'Object Repository/Modulo Tarea Listado Hojas de Vida/Imprimir Hoja de Vida/span_Grupo Sanguneo-closethick' is clicked on

2022-01-03 15:56:14 - [TEST_STEP][PASSED] - waitForElementClickable(findTestObject("Modulo Tarea Listado Hojas de Vida/Imprimir Hoja de Vida/a_Generar"), G_TimeOut): Object 'Object Repository/Modulo Tarea Listado Hojas de Vida/Imprimir Hoja de Vida/a_Generar' is clickable

2022-01-03 15:56:16 - [MESSAGE][PASSED] - Object 'Object Repository/Modulo Tarea Listado Hojas de Vida/Imprimir Hoja de Vida/a_Generar' is clickable

2022-01-03 15:56:16 - [TEST_STEP][PASSED] - click(findTestObject("Modulo Tarea Listado Hojas de Vida/Imprimir Hoja de Vida/a_Generar")): Object: 'Object Repository/Modulo Tarea Listado Hojas de Vida/Imprimir Hoja de Vida/a_Generar' is clicked on

2022-01-03 15:56:18 - [MESSAGE][PASSED] - Object: 'Object Repository/Modulo Tarea Listado Hojas de Vida/Imprimir Hoja de Vida/a_Generar' is clicked on

2022-01-03 15:56:18 - [TEST_STEP][PASSED] - waitForElementClickable(findTestObject("Modulo Tarea Listado Hojas de Vida/Imprimir Hoja de Vida/td_espaol impresion empleado"), G_TimeOut): Object 'Object Repository/Modulo Tarea Listado Hojas de Vida/Imprimir Hoja de Vida/td_espaol impresion empleado' is clickable

2022-01-03 15:56:21 - [MESSAGE][PASSED] - Object 'Object Repository/Modulo Tarea Listado Hojas de Vida/Imprimir Hoja de Vida/td_espaol impresion empleado' is clickable

2022-01-03 15:56:21 - [TEST_STEP][PASSED] - click(findTestObject("Modulo Tarea Listado Hojas de Vida/Imprimir Hoja de Vida/td_espaol impresion empleado")): Object: 'Object Repository/Modulo Tarea Listado Hojas de Vida/Imprimir Hoja de Vida/td_espaol impresion empleado' is clicked on

2022-01-03 15:56:23 - [MESSAGE][PASSED] - Object: 'Object Repository/Modulo Tarea Listado Hojas de Vida/Imprimir Hoja de Vida/td_espaol impresion empleado' is clicked on

2022-01-03 15:56:23 - [TEST_STEP][PASSED] - waitForElementClickable(findTestObject("Modulo Tarea Listado Hojas de Vida/Imprimir Hoja de Vida/a_Descargar"), G_TimeOut): Object 'Object Repository/Modulo Tarea Listado Hojas de Vida/Imprimir Hoja de Vida/a_Descargar' is clickable

2022-01-03 15:56:25 - [MESSAGE][PASSED] - Object 'Object Repository/Modulo Tarea Listado Hojas de Vida/Imprimir Hoja de Vida/a_Descargar' is clickable

2022-01-03 15:56:25 - [TEST_STEP][PASSED] - click(findTestObject("Modulo Tarea Listado Hojas de Vida/Imprimir Hoja de Vida/a_Descargar")): Object: 'Object Repository/Modulo Tarea Listado Hojas de Vida/Imprimir Hoja de Vida/a_Descargar' is clicked on

2022-01-03 15:56:27 - [MESSAGE][PASSED] - Object: 'Object Repository/Modulo Tarea Listado Hojas de Vida/Imprimir Hoja de Vida/a_Descargar' is clicked on

2022-01-03 15:56:27 - [TEST_STEP][PASSED] - waitForElementClickable(findTestObject("Modulo Tarea Listado Hojas de Vida/Imprimir Hoja de Vida/span_Grupo Sanguneo-closethick_1"), G_TimeOut): Object 'Object Repository/Modulo Tarea Listado Hojas de Vida/Imprimir Hoja de Vida/span_Grupo Sanguneo-closethick_1' is clickable

2022-01-03 15:56:29 - [MESSAGE][PASSED] - Object 'Object Repository/Modulo Tarea Listado Hojas de Vida/Imprimir Hoja de Vida/span_Grupo Sanguneo-closethick_1' is clickable

2022-01-03 15:56:29 - [TEST_STEP][PASSED] - click(findTestObject("Modulo Tarea Listado Hojas de Vida/Imprimir Hoja de Vida/span_Grupo Sanguneo-closethick_1")): Object: 'Object Repository/Modulo Tarea Listado Hojas de Vida/Imprimir Hoja de Vida/span_Grupo Sanguneo-closethick_1' is clicked on

2022-01-03 15:56:31 - [MESSAGE][PASSED] - Object: 'Object Repository/Modulo Tarea Listado Hojas de Vida/Imprimir Hoja de Vida/span_Grupo Sanguneo-closethick_1' is clicked on

2022-01-03 15:56:31 - [TEST_STEP][PASSED] - closeBrowser(): Browser is closed

2022-01-03 15:56:32 - [MESSAGE][PASSED] - Browser is closed

2022-01-03 15:56:32 - [MESSAGE][PASSED] - Call Test Case 'Test Cases/1.1-Tareas Principales/1.1.2-Imprimir Hoja de Vida' successfully]]></system-out>
         <system-err><![CDATA[]]></system-err>
      </testcase>
      <testcase name="Test Cases/2.1-Pruebas_Hoja_de_Vida/2.1.8-Aprobación_Novedades" time="58.138" classname="Test Cases/2.1-Pruebas_Hoja_de_Vida/2.1.8-Aprobación_Novedades" status="FAILED">
         <failure type="FAILED" message="Test Cases/2.1-Pruebas_Hoja_de_Vida/2.1.8-Aprobación_Novedades FAILED.
Reason:
com.kms.katalon.core.exception.StepFailedException: Unable to click on object 'Object Repository/Pruebas_Hoja_de_Vida/Aprobación_Novedades/a_Aceptar'
	at com.kms.katalon.core.webui.keyword.internal.WebUIKeywordMain.stepFailed(WebUIKeywordMain.groovy:64)
	at com.kms.katalon.core.webui.keyword.internal.WebUIKeywordMain.runKeyword(WebUIKeywordMain.groovy:26)
	at com.kms.katalon.core.webui.keyword.builtin.ClickKeyword.click(ClickKeyword.groovy:74)
	at com.kms.katalon.core.webui.keyword.builtin.ClickKeyword.execute(ClickKeyword.groovy:40)
	at com.kms.katalon.core.keyword.internal.KeywordExecutor.executeKeywordForPlatform(KeywordExecutor.groovy:74)
	at com.kms.katalon.core.webui.keyword.WebUiBuiltInKeywords.click(WebUiBuiltInKeywords.groovy:620)
	at com.kms.katalon.core.webui.keyword.WebUiBuiltInKeywords$click$5.call(Unknown Source)
	at 2.1.8-Aprobación_Novedades.run(2.1.8-Aprobación_Novedades:73)
	at com.kms.katalon.core.main.ScriptEngine.run(ScriptEngine.java:194)
	at com.kms.katalon.core.main.ScriptEngine.runScriptAsRawText(ScriptEngine.java:119)
	at com.kms.katalon.core.main.TestCaseExecutor.runScript(TestCaseExecutor.java:442)
	at com.kms.katalon.core.main.TestCaseExecutor.doExecute(TestCaseExecutor.java:433)
	at com.kms.katalon.core.main.TestCaseExecutor.processExecutionPhase(TestCaseExecutor.java:412)
	at com.kms.katalon.core.main.TestCaseExecutor.accessMainPhase(TestCaseExecutor.java:404)
	at com.kms.katalon.core.main.TestCaseExecutor.execute(TestCaseExecutor.java:281)
	at com.kms.katalon.core.main.TestSuiteExecutor.accessTestCaseMainPhase(TestSuiteExecutor.java:202)
	at com.kms.katalon.core.main.TestSuiteExecutor.accessTestSuiteMainPhase(TestSuiteExecutor.java:164)
	at com.kms.katalon.core.main.TestSuiteExecutor.execute(TestSuiteExecutor.java:105)
	at com.kms.katalon.core.main.TestCaseMain.startTestSuite(TestCaseMain.java:181)
	at com.kms.katalon.core.main.TestCaseMain$startTestSuite$0.call(Unknown Source)
	at TempTestSuite1641243168342.run(TempTestSuite1641243168342.groovy:36)
Caused by: com.kms.katalon.core.webui.exception.WebElementNotFoundException: Web element with id: 'Object Repository/Pruebas_Hoja_de_Vida/Aprobación_Novedades/a_Aceptar' located by '//a[contains(text(),'Si')]' not found
	at com.kms.katalon.core.webui.common.WebUiCommonHelper.findWebElement(WebUiCommonHelper.java:1368)
	at com.kms.katalon.core.webui.keyword.internal.WebUIAbstractKeyword.findWebElement(WebUIAbstractKeyword.groovy:27)
	at com.kms.katalon.core.webui.keyword.builtin.ClickKeyword$_click_closure1.doCall(ClickKeyword.groovy:65)
	at com.kms.katalon.core.webui.keyword.builtin.ClickKeyword$_click_closure1.call(ClickKeyword.groovy)
	at com.kms.katalon.core.webui.keyword.internal.WebUIKeywordMain.runKeyword(WebUIKeywordMain.groovy:20)
	... 19 more
"/>
         <system-out><![CDATA[2022-01-03 15:56:32 - [TEST_CASE][FAILED] - Test Cases/2.1-Pruebas_Hoja_de_Vida/2.1.8-Aprobación_Novedades: Test Cases/2.1-Pruebas_Hoja_de_Vida/2.1.8-Aprobación_Novedades FAILED.
Reason:
com.kms.katalon.core.exception.StepFailedException: Unable to click on object 'Object Repository/Pruebas_Hoja_de_Vida/Aprobación_Novedades/a_Aceptar'
	at com.kms.katalon.core.webui.keyword.internal.WebUIKeywordMain.stepFailed(WebUIKeywordMain.groovy:64)
	at com.kms.katalon.core.webui.keyword.internal.WebUIKeywordMain.runKeyword(WebUIKeywordMain.groovy:26)
	at com.kms.katalon.core.webui.keyword.builtin.ClickKeyword.click(ClickKeyword.groovy:74)
	at com.kms.katalon.core.webui.keyword.builtin.ClickKeyword.execute(ClickKeyword.groovy:40)
	at com.kms.katalon.core.keyword.internal.KeywordExecutor.executeKeywordForPlatform(KeywordExecutor.groovy:74)
	at com.kms.katalon.core.webui.keyword.WebUiBuiltInKeywords.click(WebUiBuiltInKeywords.groovy:620)
	at com.kms.katalon.core.webui.keyword.WebUiBuiltInKeywords$click$5.call(Unknown Source)
	at 2.1.8-Aprobación_Novedades.run(2.1.8-Aprobación_Novedades:73)
	at com.kms.katalon.core.main.ScriptEngine.run(ScriptEngine.java:194)
	at com.kms.katalon.core.main.ScriptEngine.runScriptAsRawText(ScriptEngine.java:119)
	at com.kms.katalon.core.main.TestCaseExecutor.runScript(TestCaseExecutor.java:442)
	at com.kms.katalon.core.main.TestCaseExecutor.doExecute(TestCaseExecutor.java:433)
	at com.kms.katalon.core.main.TestCaseExecutor.processExecutionPhase(TestCaseExecutor.java:412)
	at com.kms.katalon.core.main.TestCaseExecutor.accessMainPhase(TestCaseExecutor.java:404)
	at com.kms.katalon.core.main.TestCaseExecutor.execute(TestCaseExecutor.java:281)
	at com.kms.katalon.core.main.TestSuiteExecutor.accessTestCaseMainPhase(TestSuiteExecutor.java:202)
	at com.kms.katalon.core.main.TestSuiteExecutor.accessTestSuiteMainPhase(TestSuiteExecutor.java:164)
	at com.kms.katalon.core.main.TestSuiteExecutor.execute(TestSuiteExecutor.java:105)
	at com.kms.katalon.core.main.TestCaseMain.startTestSuite(TestCaseMain.java:181)
	at com.kms.katalon.core.main.TestCaseMain$startTestSuite$0.call(Unknown Source)
	at TempTestSuite1641243168342.run(TempTestSuite1641243168342.groovy:36)
Caused by: com.kms.katalon.core.webui.exception.WebElementNotFoundException: Web element with id: 'Object Repository/Pruebas_Hoja_de_Vida/Aprobación_Novedades/a_Aceptar' located by '//a[contains(text(),'Si')]' not found
	at com.kms.katalon.core.webui.common.WebUiCommonHelper.findWebElement(WebUiCommonHelper.java:1368)
	at com.kms.katalon.core.webui.keyword.internal.WebUIAbstractKeyword.findWebElement(WebUIAbstractKeyword.groovy:27)
	at com.kms.katalon.core.webui.keyword.builtin.ClickKeyword$_click_closure1.doCall(ClickKeyword.groovy:65)
	at com.kms.katalon.core.webui.keyword.builtin.ClickKeyword$_click_closure1.call(ClickKeyword.groovy)
	at com.kms.katalon.core.webui.keyword.internal.WebUIKeywordMain.runKeyword(WebUIKeywordMain.groovy:20)
	... 19 more


2022-01-03 15:56:32 - [TEST_STEP][PASSED] - callTestCase(findTestCase("0.1-Login"), [:], STOP_ON_FAILURE): Call Test Case 'Test Cases/0.1-Login' successfully

2022-01-03 15:56:32 - [TEST_CASE][PASSED] - Test Cases/0.1-Login: Test Cases/0.1-Login

2022-01-03 15:56:32 - [TEST_STEP][PASSED] - openBrowser(""): Browser is opened with url: ''

2022-01-03 15:56:32 - [MESSAGE][INFO] - Starting 'Chrome' driver

2022-01-03 15:56:32 - [MESSAGE][INFO] - Action delay is set to 0 milliseconds

2022-01-03 15:56:34 - [MESSAGE][PASSED] - Browser is opened with url: ''

2022-01-03 15:56:34 - [TEST_STEP][PASSED] - maximizeWindow(): Current window maximized

2022-01-03 15:56:34 - [MESSAGE][PASSED] - Current window maximized

2022-01-03 15:56:34 - [TEST_STEP][PASSED] - i = G_Login: null

2022-01-03 15:56:34 - [TEST_STEP][PASSED] - url = new java.net.URL(i): null

2022-01-03 15:56:34 - [TEST_STEP][PASSED] - println("URL: " + url.toString()): null

2022-01-03 15:56:34 - [TEST_STEP][PASSED] - connection = url.openConnection(): null

2022-01-03 15:56:34 - [TEST_STEP][PASSED] - connection.setRequestMethod("GET"): null

2022-01-03 15:56:34 - [TEST_STEP][PASSED] - connection.setReadTimeout(2 * 1000): null

2022-01-03 15:56:34 - [TEST_STEP][PASSED] - try: null

2022-01-03 15:56:34 - [TEST_STEP][PASSED] - connection.connect(): null

2022-01-03 15:56:34 - [TEST_STEP][PASSED] - flag = connected: null

2022-01-03 15:56:34 - [TEST_STEP][PASSED] - println("Valor_ori: " + flag): null

2022-01-03 15:56:34 - [TEST_STEP][PASSED] - if (flag): null

2022-01-03 15:56:34 - [TEST_STEP][PASSED] - navigateToUrl(i): Navigate to 'http://192.168.2.80:8380/saraweb' successfully

2022-01-03 15:56:34 - [MESSAGE][PASSED] - Navigate to 'http://192.168.2.80:8380/saraweb' successfully

2022-01-03 15:56:34 - [TEST_STEP][PASSED] - a(): null

2022-01-03 15:56:34 - [TEST_STEP][PASSED] - setText(findTestObject("Login/input_USUARIO_loginusuario"), G_Usuario): Text 'saraadmin' is set on object 'Object Repository/Login/input_USUARIO_loginusuario'

2022-01-03 15:56:35 - [MESSAGE][PASSED] - Text 'saraadmin' is set on object 'Object Repository/Login/input_USUARIO_loginusuario'

2022-01-03 15:56:35 - [TEST_STEP][PASSED] - setEncryptedText(findTestObject("Login/input_CLAVE_loginpassword"), "MkG4/TYiCFC3cb2driP7+Q=="): Text ****** has been set on object 'Object Repository/Login/input_CLAVE_loginpassword'

2022-01-03 15:56:36 - [MESSAGE][PASSED] - Text ****** has been set on object 'Object Repository/Login/input_CLAVE_loginpassword'

2022-01-03 15:56:36 - [TEST_STEP][PASSED] - waitForElementClickable(findTestObject("Login/a_Ingresar"), G_TimeOut): Object 'Object Repository/Login/a_Ingresar' is clickable

2022-01-03 15:56:36 - [MESSAGE][PASSED] - Object 'Object Repository/Login/a_Ingresar' is clickable

2022-01-03 15:56:36 - [TEST_STEP][PASSED] - click(findTestObject("Login/a_Ingresar")): Object: 'Object Repository/Login/a_Ingresar' is clicked on

2022-01-03 15:56:38 - [MESSAGE][PASSED] - Object: 'Object Repository/Login/a_Ingresar' is clicked on

2022-01-03 15:56:38 - [TEST_STEP][PASSED] - element = findWebElement(findTestObject("Login/a_Ir"), 30): null

2022-01-03 15:56:39 - [TEST_STEP][PASSED] - executeJavaScript("arguments[0].click()", Arrays.asList(element)): Execute JavaScript 'arguments[0].click()' successfully

2022-01-03 15:56:39 - [MESSAGE][PASSED] - Execute JavaScript 'arguments[0].click()' successfully

2022-01-03 15:56:39 - [MESSAGE][PASSED] - Call Test Case 'Test Cases/0.1-Login' successfully

2022-01-03 15:56:39 - [TEST_STEP][PASSED] - click(findTestObject("Pruebas_Hoja_de_Vida/Aprobación_Novedades/input_Secciones_form_templatej_idt286j_idt29")): Object: 'Object Repository/Pruebas_Hoja_de_Vida/Aprobación_Novedades/input_Secciones_form_templatej_idt286j_idt29' is clicked on

2022-01-03 15:56:40 - [MESSAGE][PASSED] - Object: 'Object Repository/Pruebas_Hoja_de_Vida/Aprobación_Novedades/input_Secciones_form_templatej_idt286j_idt29' is clicked on

2022-01-03 15:56:40 - [TEST_STEP][PASSED] - click(findTestObject("Pruebas_Hoja_de_Vida/Aprobación_Novedades/a_ADMINISTRADOR DEL SISTEMA - SARA_cerrar_menu")): Object: 'Object Repository/Pruebas_Hoja_de_Vida/Aprobación_Novedades/a_ADMINISTRADOR DEL SISTEMA - SARA_cerrar_menu' is clicked on

2022-01-03 15:56:40 - [MESSAGE][PASSED] - Object: 'Object Repository/Pruebas_Hoja_de_Vida/Aprobación_Novedades/a_ADMINISTRADOR DEL SISTEMA - SARA_cerrar_menu' is clicked on

2022-01-03 15:56:40 - [TEST_STEP][PASSED] - click(findTestObject("Pruebas_Hoja_de_Vida/Aprobación_Novedades/label_Nueva Hoja Vida")): Object: 'Object Repository/Pruebas_Hoja_de_Vida/Aprobación_Novedades/label_Nueva Hoja Vida' is clicked on

2022-01-03 15:56:41 - [MESSAGE][PASSED] - Object: 'Object Repository/Pruebas_Hoja_de_Vida/Aprobación_Novedades/label_Nueva Hoja Vida' is clicked on

2022-01-03 15:56:41 - [TEST_STEP][PASSED] - click(findTestObject("Pruebas_Hoja_de_Vida/Aprobación_Novedades/a_Novedades")): Object: 'Object Repository/Pruebas_Hoja_de_Vida/Aprobación_Novedades/a_Novedades' is clicked on

2022-01-03 15:56:41 - [MESSAGE][PASSED] - Object: 'Object Repository/Pruebas_Hoja_de_Vida/Aprobación_Novedades/a_Novedades' is clicked on

2022-01-03 15:56:41 - [TEST_STEP][PASSED] - selectOptionByIndex(findTestObject("Pruebas_Hoja_de_Vida/Aprobación_Novedades/select_-- Seleccione --AprobadaCanceladaPendienteRechazada"), 3): All options with index in [3] are selected on object 'Object Repository/Pruebas_Hoja_de_Vida/Aprobación_Novedades/select_-- Seleccione --AprobadaCanceladaPendienteRechazada'

2022-01-03 15:56:43 - [MESSAGE][PASSED] - All options with index in [3] are selected on object 'Object Repository/Pruebas_Hoja_de_Vida/Aprobación_Novedades/select_-- Seleccione --AprobadaCanceladaPendienteRechazada'

2022-01-03 15:56:43 - [TEST_STEP][PASSED] - if (waitForElementVisible(findTestObject("Pruebas_Hoja_de_Vida/Aprobación_Novedades/span_DIAZ BLANCO GUISELL"), 1)): Web element with id: 'Object Repository/Pruebas_Hoja_de_Vida/Aprobación_Novedades/span_DIAZ BLANCO GUISELL' located by '//div[2]/div/table/tbody/tr/td[3]/span' not found

2022-01-03 15:56:45 - [MESSAGE][INFO] - Unable to find the element located by 'By.xpath: //div[2]/div/table/tbody/tr/td[3]/span'. Please recheck the objects properties to make sure the desired element is located. 

2022-01-03 15:56:45 - [MESSAGE][WARNING] - Web element with id: 'Object Repository/Pruebas_Hoja_de_Vida/Aprobación_Novedades/span_DIAZ BLANCO GUISELL' located by '//div[2]/div/table/tbody/tr/td[3]/span' not found

2022-01-03 15:56:45 - [TEST_STEP][FAILED] - else: Unable to click on object 'Object Repository/Pruebas_Hoja_de_Vida/Aprobación_Novedades/a_Aceptar' (Root cause: com.kms.katalon.core.exception.StepFailedException: Unable to click on object 'Object Repository/Pruebas_Hoja_de_Vida/Aprobación_Novedades/a_Aceptar'
	at com.kms.katalon.core.webui.keyword.internal.WebUIKeywordMain.stepFailed(WebUIKeywordMain.groovy:64)
	at com.kms.katalon.core.webui.keyword.internal.WebUIKeywordMain.runKeyword(WebUIKeywordMain.groovy:26)
	at com.kms.katalon.core.webui.keyword.builtin.ClickKeyword.click(ClickKeyword.groovy:74)
	at com.kms.katalon.core.webui.keyword.builtin.ClickKeyword.execute(ClickKeyword.groovy:40)
	at com.kms.katalon.core.keyword.internal.KeywordExecutor.executeKeywordForPlatform(KeywordExecutor.groovy:74)
	at com.kms.katalon.core.webui.keyword.WebUiBuiltInKeywords.click(WebUiBuiltInKeywords.groovy:620)
	at com.kms.katalon.core.webui.keyword.WebUiBuiltInKeywords$click$5.call(Unknown Source)
	at 2.1.8-Aprobación_Novedades.run(2.1.8-Aprobación_Novedades:73)
	at com.kms.katalon.core.main.ScriptEngine.run(ScriptEngine.java:194)
	at com.kms.katalon.core.main.ScriptEngine.runScriptAsRawText(ScriptEngine.java:119)
	at com.kms.katalon.core.main.TestCaseExecutor.runScript(TestCaseExecutor.java:442)
	at com.kms.katalon.core.main.TestCaseExecutor.doExecute(TestCaseExecutor.java:433)
	at com.kms.katalon.core.main.TestCaseExecutor.processExecutionPhase(TestCaseExecutor.java:412)
	at com.kms.katalon.core.main.TestCaseExecutor.accessMainPhase(TestCaseExecutor.java:404)
	at com.kms.katalon.core.main.TestCaseExecutor.execute(TestCaseExecutor.java:281)
	at com.kms.katalon.core.main.TestSuiteExecutor.accessTestCaseMainPhase(TestSuiteExecutor.java:202)
	at com.kms.katalon.core.main.TestSuiteExecutor.accessTestSuiteMainPhase(TestSuiteExecutor.java:164)
	at com.kms.katalon.core.main.TestSuiteExecutor.execute(TestSuiteExecutor.java:105)
	at com.kms.katalon.core.main.TestCaseMain.startTestSuite(TestCaseMain.java:181)
	at com.kms.katalon.core.main.TestCaseMain$startTestSuite$0.call(Unknown Source)
	at TempTestSuite1641243168342.run(TempTestSuite1641243168342.groovy:36)
Caused by: com.kms.katalon.core.webui.exception.WebElementNotFoundException: Web element with id: 'Object Repository/Pruebas_Hoja_de_Vida/Aprobación_Novedades/a_Aceptar' located by '//a[contains(text(),'Si')]' not found
	at com.kms.katalon.core.webui.common.WebUiCommonHelper.findWebElement(WebUiCommonHelper.java:1368)
	at com.kms.katalon.core.webui.keyword.internal.WebUIAbstractKeyword.findWebElement(WebUIAbstractKeyword.groovy:27)
	at com.kms.katalon.core.webui.keyword.builtin.ClickKeyword$_click_closure1.doCall(ClickKeyword.groovy:65)
	at com.kms.katalon.core.webui.keyword.builtin.ClickKeyword$_click_closure1.call(ClickKeyword.groovy)
	at com.kms.katalon.core.webui.keyword.internal.WebUIKeywordMain.runKeyword(WebUIKeywordMain.groovy:20)
	at com.kms.katalon.core.webui.keyword.builtin.ClickKeyword.click(ClickKeyword.groovy:74)
	at com.kms.katalon.core.webui.keyword.builtin.ClickKeyword.execute(ClickKeyword.groovy:40)
	at com.kms.katalon.core.keyword.internal.KeywordExecutor.executeKeywordForPlatform(KeywordExecutor.groovy:74)
	at com.kms.katalon.core.webui.keyword.WebUiBuiltInKeywords.click(WebUiBuiltInKeywords.groovy:620)
	at com.kms.katalon.core.webui.keyword.WebUiBuiltInKeywords$click$5.call(Unknown Source)
	at Script1635365792265.run(Script1635365792265.groovy:73)
	... 13 more
)

2022-01-03 15:56:45 - [TEST_STEP][PASSED] - callTestCase(findTestCase("Utilidades-(atajos_para _tareas)/Login_Seguridad/0.1-Login-1057596487"), [:], STOP_ON_FAILURE): Call Test Case 'Test Cases/Utilidades-(atajos_para _tareas)/Login_Seguridad/0.1-Login-1057596487' successfully

2022-01-03 15:56:45 - [TEST_CASE][PASSED] - Test Cases/Utilidades-(atajos_para _tareas)/Login_Seguridad/0.1-Login-1057596487: Test Cases/Utilidades-(atajos_para _tareas)/Login_Seguridad/0.1-Login-1057596487

2022-01-03 15:56:46 - [TEST_STEP][PASSED] - openBrowser(""): Browser is opened with url: ''

2022-01-03 15:56:46 - [MESSAGE][WARNING] - A browser is already opened. Closing browser and opening a new one

2022-01-03 15:56:46 - [MESSAGE][INFO] - Starting 'Chrome' driver

2022-01-03 15:56:46 - [MESSAGE][INFO] - Action delay is set to 0 milliseconds

2022-01-03 15:56:48 - [MESSAGE][PASSED] - Browser is opened with url: ''

2022-01-03 15:56:48 - [TEST_STEP][PASSED] - maximizeWindow(): Current window maximized

2022-01-03 15:56:48 - [MESSAGE][PASSED] - Current window maximized

2022-01-03 15:56:48 - [TEST_STEP][PASSED] - i = G_Login: null

2022-01-03 15:56:48 - [TEST_STEP][PASSED] - url = new java.net.URL(i): null

2022-01-03 15:56:48 - [TEST_STEP][PASSED] - println("URL: " + url.toString()): null

2022-01-03 15:56:48 - [TEST_STEP][PASSED] - connection = url.openConnection(): null

2022-01-03 15:56:48 - [TEST_STEP][PASSED] - connection.setRequestMethod("GET"): null

2022-01-03 15:56:48 - [TEST_STEP][PASSED] - connection.setReadTimeout(2 * 1000): null

2022-01-03 15:56:48 - [TEST_STEP][PASSED] - try: null

2022-01-03 15:56:48 - [TEST_STEP][PASSED] - connection.connect(): null

2022-01-03 15:56:48 - [TEST_STEP][PASSED] - flag = connected: null

2022-01-03 15:56:48 - [TEST_STEP][PASSED] - println("Valor_ori: " + flag): null

2022-01-03 15:56:48 - [TEST_STEP][PASSED] - if (flag): null

2022-01-03 15:56:48 - [TEST_STEP][PASSED] - navigateToUrl(i): Navigate to 'http://192.168.2.80:8380/saraweb' successfully

2022-01-03 15:56:48 - [MESSAGE][PASSED] - Navigate to 'http://192.168.2.80:8380/saraweb' successfully

2022-01-03 15:56:48 - [TEST_STEP][PASSED] - a(): null

2022-01-03 15:56:48 - [TEST_STEP][PASSED] - setText(findTestObject("Login/input_USUARIO_loginusuario"), G_Usuario2): Text '1057596487' is set on object 'Object Repository/Login/input_USUARIO_loginusuario'

2022-01-03 15:56:49 - [MESSAGE][PASSED] - Text '1057596487' is set on object 'Object Repository/Login/input_USUARIO_loginusuario'

2022-01-03 15:56:49 - [TEST_STEP][PASSED] - setEncryptedText(findTestObject("Login/input_CLAVE_loginpassword"), "MkG4/TYiCFC3cb2driP7+Q=="): Text ****** has been set on object 'Object Repository/Login/input_CLAVE_loginpassword'

2022-01-03 15:56:49 - [MESSAGE][PASSED] - Text ****** has been set on object 'Object Repository/Login/input_CLAVE_loginpassword'

2022-01-03 15:56:49 - [TEST_STEP][PASSED] - waitForElementClickable(findTestObject("Login/a_Ingresar"), G_TimeOut): Object 'Object Repository/Login/a_Ingresar' is clickable

2022-01-03 15:56:50 - [MESSAGE][PASSED] - Object 'Object Repository/Login/a_Ingresar' is clickable

2022-01-03 15:56:50 - [TEST_STEP][PASSED] - click(findTestObject("Login/a_Ingresar")): Object: 'Object Repository/Login/a_Ingresar' is clicked on

2022-01-03 15:56:51 - [MESSAGE][PASSED] - Object: 'Object Repository/Login/a_Ingresar' is clicked on

2022-01-03 15:56:51 - [TEST_STEP][PASSED] - element = findWebElement(findTestObject("Login/a_Ir"), 30): null

2022-01-03 15:56:51 - [TEST_STEP][PASSED] - executeJavaScript("arguments[0].click()", Arrays.asList(element)): Execute JavaScript 'arguments[0].click()' successfully

2022-01-03 15:56:51 - [MESSAGE][PASSED] - Execute JavaScript 'arguments[0].click()' successfully

2022-01-03 15:56:51 - [MESSAGE][PASSED] - Call Test Case 'Test Cases/Utilidades-(atajos_para _tareas)/Login_Seguridad/0.1-Login-1057596487' successfully

2022-01-03 15:56:51 - [TEST_STEP][PASSED] - setText(findTestObject("Pruebas_Hoja_de_Vida/Aprobación_Novedades/input_Empresa 1_form_templatej_idt24_input"), "hoja de vida"): Text 'hoja de vida' is set on object 'Object Repository/Pruebas_Hoja_de_Vida/Aprobación_Novedades/input_Empresa 1_form_templatej_idt24_input'

2022-01-03 15:56:53 - [MESSAGE][PASSED] - Text 'hoja de vida' is set on object 'Object Repository/Pruebas_Hoja_de_Vida/Aprobación_Novedades/input_Empresa 1_form_templatej_idt24_input'

2022-01-03 15:56:53 - [TEST_STEP][PASSED] - click(findTestObject("Pruebas_Hoja_de_Vida/Aprobación_Novedades/li_Listado Hojas de Vida (hoj)")): Object: 'Object Repository/Pruebas_Hoja_de_Vida/Aprobación_Novedades/li_Listado Hojas de Vida (hoj)' is clicked on

2022-01-03 15:56:54 - [MESSAGE][PASSED] - Object: 'Object Repository/Pruebas_Hoja_de_Vida/Aprobación_Novedades/li_Listado Hojas de Vida (hoj)' is clicked on

2022-01-03 15:56:54 - [TEST_STEP][PASSED] - fecha = getAttribute(findTestObject("Pruebas_Hoja_de_Vida/Aprobación_Novedades/input__hojaVidaseccionj_idt2143fecha_input"), "value"): Attribute 'value' of object 'Object Repository/Pruebas_Hoja_de_Vida/Aprobación_Novedades/input__hojaVidaseccionj_idt2143fecha_input' is: '07/03/2010'

2022-01-03 15:56:55 - [MESSAGE][PASSED] - Attribute 'value' of object 'Object Repository/Pruebas_Hoja_de_Vida/Aprobación_Novedades/input__hojaVidaseccionj_idt2143fecha_input' is: '07/03/2010'

2022-01-03 15:56:55 - [TEST_STEP][PASSED] - if (fecha != "07/03/2011"): Text '07/03/2011' is set on object 'Object Repository/Pruebas_Hoja_de_Vida/Aprobación_Novedades/input__hojaVidaseccionj_idt2143fecha_input'

2022-01-03 15:56:55 - [TEST_STEP][PASSED] - setText(findTestObject("Pruebas_Hoja_de_Vida/Aprobación_Novedades/input__hojaVidaseccionj_idt2143fecha_input"), "07/03/2011"): Text '07/03/2011' is set on object 'Object Repository/Pruebas_Hoja_de_Vida/Aprobación_Novedades/input__hojaVidaseccionj_idt2143fecha_input'

2022-01-03 15:56:56 - [MESSAGE][PASSED] - Text '07/03/2011' is set on object 'Object Repository/Pruebas_Hoja_de_Vida/Aprobación_Novedades/input__hojaVidaseccionj_idt2143fecha_input'

2022-01-03 15:56:56 - [TEST_STEP][PASSED] - click(findTestObject("Pruebas_Hoja_de_Vida/Aprobación_Novedades/select_--Seleccione--AA-ABAB-BB-OO-")): Object: 'Object Repository/Pruebas_Hoja_de_Vida/Aprobación_Novedades/select_--Seleccione--AA-ABAB-BB-OO-' is clicked on

2022-01-03 15:56:57 - [MESSAGE][PASSED] - Object: 'Object Repository/Pruebas_Hoja_de_Vida/Aprobación_Novedades/select_--Seleccione--AA-ABAB-BB-OO-' is clicked on

2022-01-03 15:56:57 - [TEST_STEP][PASSED] - seleccion = getAttribute(findTestObject("Pruebas_Hoja_de_Vida/Aprobación_Novedades/select_--Seleccione--AA-ABAB-BB-OO-"), "value"): Attribute 'value' of object 'Object Repository/Pruebas_Hoja_de_Vida/Aprobación_Novedades/select_--Seleccione--AA-ABAB-BB-OO-' is: 'O+ '

2022-01-03 15:56:57 - [MESSAGE][PASSED] - Attribute 'value' of object 'Object Repository/Pruebas_Hoja_de_Vida/Aprobación_Novedades/select_--Seleccione--AA-ABAB-BB-OO-' is: 'O+ '

2022-01-03 15:56:57 - [TEST_STEP][PASSED] - if (seleccion != "O+"): All options with index in [7] are selected on object 'Object Repository/Pruebas_Hoja_de_Vida/Aprobación_Novedades/select_--Seleccione--AA-ABAB-BB-OO-'

2022-01-03 15:56:57 - [TEST_STEP][PASSED] - selectOptionByIndex(findTestObject("Pruebas_Hoja_de_Vida/Aprobación_Novedades/select_--Seleccione--AA-ABAB-BB-OO-"), 7): All options with index in [7] are selected on object 'Object Repository/Pruebas_Hoja_de_Vida/Aprobación_Novedades/select_--Seleccione--AA-ABAB-BB-OO-'

2022-01-03 15:56:58 - [MESSAGE][PASSED] - All options with index in [7] are selected on object 'Object Repository/Pruebas_Hoja_de_Vida/Aprobación_Novedades/select_--Seleccione--AA-ABAB-BB-OO-'

2022-01-03 15:56:58 - [TEST_STEP][PASSED] - click(findTestObject("Pruebas_Hoja_de_Vida/Aprobación_Novedades/a_Guardar")): Object: 'Object Repository/Pruebas_Hoja_de_Vida/Aprobación_Novedades/a_Guardar' is clicked on

2022-01-03 15:56:59 - [MESSAGE][PASSED] - Object: 'Object Repository/Pruebas_Hoja_de_Vida/Aprobación_Novedades/a_Guardar' is clicked on

2022-01-03 15:56:59 - [TEST_STEP][FAILED] - click(findTestObject("Pruebas_Hoja_de_Vida/Aprobación_Novedades/a_Aceptar")): Unable to click on object 'Object Repository/Pruebas_Hoja_de_Vida/Aprobación_Novedades/a_Aceptar' (Root cause: com.kms.katalon.core.exception.StepFailedException: Unable to click on object 'Object Repository/Pruebas_Hoja_de_Vida/Aprobación_Novedades/a_Aceptar'
	at com.kms.katalon.core.webui.keyword.internal.WebUIKeywordMain.stepFailed(WebUIKeywordMain.groovy:64)
	at com.kms.katalon.core.webui.keyword.internal.WebUIKeywordMain.runKeyword(WebUIKeywordMain.groovy:26)
	at com.kms.katalon.core.webui.keyword.builtin.ClickKeyword.click(ClickKeyword.groovy:74)
	at com.kms.katalon.core.webui.keyword.builtin.ClickKeyword.execute(ClickKeyword.groovy:40)
	at com.kms.katalon.core.keyword.internal.KeywordExecutor.executeKeywordForPlatform(KeywordExecutor.groovy:74)
	at com.kms.katalon.core.webui.keyword.WebUiBuiltInKeywords.click(WebUiBuiltInKeywords.groovy:620)
	at com.kms.katalon.core.webui.keyword.WebUiBuiltInKeywords$click$5.call(Unknown Source)
	at 2.1.8-Aprobación_Novedades.run(2.1.8-Aprobación_Novedades:73)
	at com.kms.katalon.core.main.ScriptEngine.run(ScriptEngine.java:194)
	at com.kms.katalon.core.main.ScriptEngine.runScriptAsRawText(ScriptEngine.java:119)
	at com.kms.katalon.core.main.TestCaseExecutor.runScript(TestCaseExecutor.java:442)
	at com.kms.katalon.core.main.TestCaseExecutor.doExecute(TestCaseExecutor.java:433)
	at com.kms.katalon.core.main.TestCaseExecutor.processExecutionPhase(TestCaseExecutor.java:412)
	at com.kms.katalon.core.main.TestCaseExecutor.accessMainPhase(TestCaseExecutor.java:404)
	at com.kms.katalon.core.main.TestCaseExecutor.execute(TestCaseExecutor.java:281)
	at com.kms.katalon.core.main.TestSuiteExecutor.accessTestCaseMainPhase(TestSuiteExecutor.java:202)
	at com.kms.katalon.core.main.TestSuiteExecutor.accessTestSuiteMainPhase(TestSuiteExecutor.java:164)
	at com.kms.katalon.core.main.TestSuiteExecutor.execute(TestSuiteExecutor.java:105)
	at com.kms.katalon.core.main.TestCaseMain.startTestSuite(TestCaseMain.java:181)
	at com.kms.katalon.core.main.TestCaseMain$startTestSuite$0.call(Unknown Source)
	at TempTestSuite1641243168342.run(TempTestSuite1641243168342.groovy:36)
Caused by: com.kms.katalon.core.webui.exception.WebElementNotFoundException: Web element with id: 'Object Repository/Pruebas_Hoja_de_Vida/Aprobación_Novedades/a_Aceptar' located by '//a[contains(text(),'Si')]' not found
	at com.kms.katalon.core.webui.common.WebUiCommonHelper.findWebElement(WebUiCommonHelper.java:1368)
	at com.kms.katalon.core.webui.keyword.internal.WebUIAbstractKeyword.findWebElement(WebUIAbstractKeyword.groovy:27)
	at com.kms.katalon.core.webui.keyword.builtin.ClickKeyword$_click_closure1.doCall(ClickKeyword.groovy:65)
	at com.kms.katalon.core.webui.keyword.builtin.ClickKeyword$_click_closure1.call(ClickKeyword.groovy)
	at com.kms.katalon.core.webui.keyword.internal.WebUIKeywordMain.runKeyword(WebUIKeywordMain.groovy:20)
	at com.kms.katalon.core.webui.keyword.builtin.ClickKeyword.click(ClickKeyword.groovy:74)
	at com.kms.katalon.core.webui.keyword.builtin.ClickKeyword.execute(ClickKeyword.groovy:40)
	at com.kms.katalon.core.keyword.internal.KeywordExecutor.executeKeywordForPlatform(KeywordExecutor.groovy:74)
	at com.kms.katalon.core.webui.keyword.WebUiBuiltInKeywords.click(WebUiBuiltInKeywords.groovy:620)
	at com.kms.katalon.core.webui.keyword.WebUiBuiltInKeywords$click$5.call(Unknown Source)
	at Script1635365792265.run(Script1635365792265.groovy:73)
	... 13 more
)

2022-01-03 15:57:30 - [MESSAGE][INFO] - Unable to find the element located by 'By.xpath: //a[contains(text(),'Si')]'. Please recheck the objects properties to make sure the desired element is located. 

2022-01-03 15:57:30 - [MESSAGE][FAILED] - Unable to click on object 'Object Repository/Pruebas_Hoja_de_Vida/Aprobación_Novedades/a_Aceptar' (Root cause: com.kms.katalon.core.exception.StepFailedException: Unable to click on object 'Object Repository/Pruebas_Hoja_de_Vida/Aprobación_Novedades/a_Aceptar'
	at com.kms.katalon.core.webui.keyword.internal.WebUIKeywordMain.stepFailed(WebUIKeywordMain.groovy:64)
	at com.kms.katalon.core.webui.keyword.internal.WebUIKeywordMain.runKeyword(WebUIKeywordMain.groovy:26)
	at com.kms.katalon.core.webui.keyword.builtin.ClickKeyword.click(ClickKeyword.groovy:74)
	at com.kms.katalon.core.webui.keyword.builtin.ClickKeyword.execute(ClickKeyword.groovy:40)
	at com.kms.katalon.core.keyword.internal.KeywordExecutor.executeKeywordForPlatform(KeywordExecutor.groovy:74)
	at com.kms.katalon.core.webui.keyword.WebUiBuiltInKeywords.click(WebUiBuiltInKeywords.groovy:620)
	at com.kms.katalon.core.webui.keyword.WebUiBuiltInKeywords$click$5.call(Unknown Source)
	at 2.1.8-Aprobación_Novedades.run(2.1.8-Aprobación_Novedades:73)
	at com.kms.katalon.core.main.ScriptEngine.run(ScriptEngine.java:194)
	at com.kms.katalon.core.main.ScriptEngine.runScriptAsRawText(ScriptEngine.java:119)
	at com.kms.katalon.core.main.TestCaseExecutor.runScript(TestCaseExecutor.java:442)
	at com.kms.katalon.core.main.TestCaseExecutor.doExecute(TestCaseExecutor.java:433)
	at com.kms.katalon.core.main.TestCaseExecutor.processExecutionPhase(TestCaseExecutor.java:412)
	at com.kms.katalon.core.main.TestCaseExecutor.accessMainPhase(TestCaseExecutor.java:404)
	at com.kms.katalon.core.main.TestCaseExecutor.execute(TestCaseExecutor.java:281)
	at com.kms.katalon.core.main.TestSuiteExecutor.accessTestCaseMainPhase(TestSuiteExecutor.java:202)
	at com.kms.katalon.core.main.TestSuiteExecutor.accessTestSuiteMainPhase(TestSuiteExecutor.java:164)
	at com.kms.katalon.core.main.TestSuiteExecutor.execute(TestSuiteExecutor.java:105)
	at com.kms.katalon.core.main.TestCaseMain.startTestSuite(TestCaseMain.java:181)
	at com.kms.katalon.core.main.TestCaseMain$startTestSuite$0.call(Unknown Source)
	at TempTestSuite1641243168342.run(TempTestSuite1641243168342.groovy:36)
Caused by: com.kms.katalon.core.webui.exception.WebElementNotFoundException: Web element with id: 'Object Repository/Pruebas_Hoja_de_Vida/Aprobación_Novedades/a_Aceptar' located by '//a[contains(text(),'Si')]' not found
	at com.kms.katalon.core.webui.common.WebUiCommonHelper.findWebElement(WebUiCommonHelper.java:1368)
	at com.kms.katalon.core.webui.keyword.internal.WebUIAbstractKeyword.findWebElement(WebUIAbstractKeyword.groovy:27)
	at com.kms.katalon.core.webui.keyword.builtin.ClickKeyword$_click_closure1.doCall(ClickKeyword.groovy:65)
	at com.kms.katalon.core.webui.keyword.builtin.ClickKeyword$_click_closure1.call(ClickKeyword.groovy)
	at com.kms.katalon.core.webui.keyword.internal.WebUIKeywordMain.runKeyword(WebUIKeywordMain.groovy:20)
	at com.kms.katalon.core.webui.keyword.builtin.ClickKeyword.click(ClickKeyword.groovy:74)
	at com.kms.katalon.core.webui.keyword.builtin.ClickKeyword.execute(ClickKeyword.groovy:40)
	at com.kms.katalon.core.keyword.internal.KeywordExecutor.executeKeywordForPlatform(KeywordExecutor.groovy:74)
	at com.kms.katalon.core.webui.keyword.WebUiBuiltInKeywords.click(WebUiBuiltInKeywords.groovy:620)
	at com.kms.katalon.core.webui.keyword.WebUiBuiltInKeywords$click$5.call(Unknown Source)
	at Script1635365792265.run(Script1635365792265.groovy:73)
	... 13 more
)
[[ATTACHMENT|C:\\Users\\diego.rojas\\git\\Pruebas-Minimas\\Reports\\20220103_155242\\2-Pruebas hoja de vida\\20220103_155248\\1641243450118.png]]]]></system-out>
         <system-err><![CDATA[2022-01-03 15:56:32 - [TEST_CASE][FAILED] - Test Cases/2.1-Pruebas_Hoja_de_Vida/2.1.8-Aprobación_Novedades: Test Cases/2.1-Pruebas_Hoja_de_Vida/2.1.8-Aprobación_Novedades FAILED.
Reason:
com.kms.katalon.core.exception.StepFailedException: Unable to click on object 'Object Repository/Pruebas_Hoja_de_Vida/Aprobación_Novedades/a_Aceptar'
	at com.kms.katalon.core.webui.keyword.internal.WebUIKeywordMain.stepFailed(WebUIKeywordMain.groovy:64)
	at com.kms.katalon.core.webui.keyword.internal.WebUIKeywordMain.runKeyword(WebUIKeywordMain.groovy:26)
	at com.kms.katalon.core.webui.keyword.builtin.ClickKeyword.click(ClickKeyword.groovy:74)
	at com.kms.katalon.core.webui.keyword.builtin.ClickKeyword.execute(ClickKeyword.groovy:40)
	at com.kms.katalon.core.keyword.internal.KeywordExecutor.executeKeywordForPlatform(KeywordExecutor.groovy:74)
	at com.kms.katalon.core.webui.keyword.WebUiBuiltInKeywords.click(WebUiBuiltInKeywords.groovy:620)
	at com.kms.katalon.core.webui.keyword.WebUiBuiltInKeywords$click$5.call(Unknown Source)
	at 2.1.8-Aprobación_Novedades.run(2.1.8-Aprobación_Novedades:73)
	at com.kms.katalon.core.main.ScriptEngine.run(ScriptEngine.java:194)
	at com.kms.katalon.core.main.ScriptEngine.runScriptAsRawText(ScriptEngine.java:119)
	at com.kms.katalon.core.main.TestCaseExecutor.runScript(TestCaseExecutor.java:442)
	at com.kms.katalon.core.main.TestCaseExecutor.doExecute(TestCaseExecutor.java:433)
	at com.kms.katalon.core.main.TestCaseExecutor.processExecutionPhase(TestCaseExecutor.java:412)
	at com.kms.katalon.core.main.TestCaseExecutor.accessMainPhase(TestCaseExecutor.java:404)
	at com.kms.katalon.core.main.TestCaseExecutor.execute(TestCaseExecutor.java:281)
	at com.kms.katalon.core.main.TestSuiteExecutor.accessTestCaseMainPhase(TestSuiteExecutor.java:202)
	at com.kms.katalon.core.main.TestSuiteExecutor.accessTestSuiteMainPhase(TestSuiteExecutor.java:164)
	at com.kms.katalon.core.main.TestSuiteExecutor.execute(TestSuiteExecutor.java:105)
	at com.kms.katalon.core.main.TestCaseMain.startTestSuite(TestCaseMain.java:181)
	at com.kms.katalon.core.main.TestCaseMain$startTestSuite$0.call(Unknown Source)
	at TempTestSuite1641243168342.run(TempTestSuite1641243168342.groovy:36)
Caused by: com.kms.katalon.core.webui.exception.WebElementNotFoundException: Web element with id: 'Object Repository/Pruebas_Hoja_de_Vida/Aprobación_Novedades/a_Aceptar' located by '//a[contains(text(),'Si')]' not found
	at com.kms.katalon.core.webui.common.WebUiCommonHelper.findWebElement(WebUiCommonHelper.java:1368)
	at com.kms.katalon.core.webui.keyword.internal.WebUIAbstractKeyword.findWebElement(WebUIAbstractKeyword.groovy:27)
	at com.kms.katalon.core.webui.keyword.builtin.ClickKeyword$_click_closure1.doCall(ClickKeyword.groovy:65)
	at com.kms.katalon.core.webui.keyword.builtin.ClickKeyword$_click_closure1.call(ClickKeyword.groovy)
	at com.kms.katalon.core.webui.keyword.internal.WebUIKeywordMain.runKeyword(WebUIKeywordMain.groovy:20)
	... 19 more]]></system-err>
      </testcase>
      <testcase name="Test Cases/2.1-Pruebas_Hoja_de_Vida/2.2.2-Notificar_Novedades_Hoja_Vida" time="17.321" classname="Test Cases/2.1-Pruebas_Hoja_de_Vida/2.2.2-Notificar_Novedades_Hoja_Vida" status="PASSED">
         <system-out><![CDATA[2022-01-03 15:57:30 - [TEST_CASE][PASSED] - Test Cases/2.1-Pruebas_Hoja_de_Vida/2.2.2-Notificar_Novedades_Hoja_Vida: Test Cases/2.1-Pruebas_Hoja_de_Vida/2.2.2-Notificar_Novedades_Hoja_Vida

2022-01-03 15:57:30 - [TEST_STEP][PASSED] - random_double = Math.random() * 31: null

2022-01-03 15:57:30 - [TEST_STEP][PASSED] - random_double = Math.round(random_double - 10): null

2022-01-03 15:57:30 - [TEST_STEP][PASSED] - identificacion = toString().replace(".0", ""): null

2022-01-03 15:57:30 - [TEST_STEP][PASSED] - identificacion1 = 0 + identificacion: null

2022-01-03 15:57:30 - [TEST_STEP][PASSED] - identificacion0 = Integer.parseInt(identificacion): null

2022-01-03 15:57:30 - [TEST_STEP][PASSED] - if (identificacion0 < 10): null

2022-01-03 15:57:30 - [TEST_STEP][PASSED] - identificacion = identificacion1: null

2022-01-03 15:57:30 - [TEST_STEP][PASSED] - callTestCase(findTestCase("0.1-Login"), [:], STOP_ON_FAILURE): Call Test Case 'Test Cases/0.1-Login' successfully

2022-01-03 15:57:30 - [TEST_CASE][PASSED] - Test Cases/0.1-Login: Test Cases/0.1-Login

2022-01-03 15:57:30 - [TEST_STEP][PASSED] - openBrowser(""): Browser is opened with url: ''

2022-01-03 15:57:30 - [MESSAGE][WARNING] - A browser is already opened. Closing browser and opening a new one

2022-01-03 15:57:31 - [MESSAGE][INFO] - Starting 'Chrome' driver

2022-01-03 15:57:31 - [MESSAGE][INFO] - Action delay is set to 0 milliseconds

2022-01-03 15:57:32 - [MESSAGE][PASSED] - Browser is opened with url: ''

2022-01-03 15:57:32 - [TEST_STEP][PASSED] - maximizeWindow(): Current window maximized

2022-01-03 15:57:33 - [MESSAGE][PASSED] - Current window maximized

2022-01-03 15:57:33 - [TEST_STEP][PASSED] - i = G_Login: null

2022-01-03 15:57:33 - [TEST_STEP][PASSED] - url = new java.net.URL(i): null

2022-01-03 15:57:33 - [TEST_STEP][PASSED] - println("URL: " + url.toString()): null

2022-01-03 15:57:33 - [TEST_STEP][PASSED] - connection = url.openConnection(): null

2022-01-03 15:57:33 - [TEST_STEP][PASSED] - connection.setRequestMethod("GET"): null

2022-01-03 15:57:33 - [TEST_STEP][PASSED] - connection.setReadTimeout(2 * 1000): null

2022-01-03 15:57:33 - [TEST_STEP][PASSED] - try: null

2022-01-03 15:57:33 - [TEST_STEP][PASSED] - connection.connect(): null

2022-01-03 15:57:33 - [TEST_STEP][PASSED] - flag = connected: null

2022-01-03 15:57:33 - [TEST_STEP][PASSED] - println("Valor_ori: " + flag): null

2022-01-03 15:57:33 - [TEST_STEP][PASSED] - if (flag): null

2022-01-03 15:57:33 - [TEST_STEP][PASSED] - navigateToUrl(i): Navigate to 'http://192.168.2.80:8380/saraweb' successfully

2022-01-03 15:57:33 - [MESSAGE][PASSED] - Navigate to 'http://192.168.2.80:8380/saraweb' successfully

2022-01-03 15:57:33 - [TEST_STEP][PASSED] - a(): null

2022-01-03 15:57:33 - [TEST_STEP][PASSED] - setText(findTestObject("Login/input_USUARIO_loginusuario"), G_Usuario): Text 'saraadmin' is set on object 'Object Repository/Login/input_USUARIO_loginusuario'

2022-01-03 15:57:34 - [MESSAGE][PASSED] - Text 'saraadmin' is set on object 'Object Repository/Login/input_USUARIO_loginusuario'

2022-01-03 15:57:34 - [TEST_STEP][PASSED] - setEncryptedText(findTestObject("Login/input_CLAVE_loginpassword"), "MkG4/TYiCFC3cb2driP7+Q=="): Text ****** has been set on object 'Object Repository/Login/input_CLAVE_loginpassword'

2022-01-03 15:57:35 - [MESSAGE][PASSED] - Text ****** has been set on object 'Object Repository/Login/input_CLAVE_loginpassword'

2022-01-03 15:57:35 - [TEST_STEP][PASSED] - waitForElementClickable(findTestObject("Login/a_Ingresar"), G_TimeOut): Object 'Object Repository/Login/a_Ingresar' is clickable

2022-01-03 15:57:35 - [MESSAGE][PASSED] - Object 'Object Repository/Login/a_Ingresar' is clickable

2022-01-03 15:57:35 - [TEST_STEP][PASSED] - click(findTestObject("Login/a_Ingresar")): Object: 'Object Repository/Login/a_Ingresar' is clicked on

2022-01-03 15:57:37 - [MESSAGE][PASSED] - Object: 'Object Repository/Login/a_Ingresar' is clicked on

2022-01-03 15:57:37 - [TEST_STEP][PASSED] - element = findWebElement(findTestObject("Login/a_Ir"), 30): null

2022-01-03 15:57:38 - [TEST_STEP][PASSED] - executeJavaScript("arguments[0].click()", Arrays.asList(element)): Execute JavaScript 'arguments[0].click()' successfully

2022-01-03 15:57:38 - [MESSAGE][PASSED] - Execute JavaScript 'arguments[0].click()' successfully

2022-01-03 15:57:38 - [MESSAGE][PASSED] - Call Test Case 'Test Cases/0.1-Login' successfully

2022-01-03 15:57:38 - [TEST_STEP][PASSED] - waitForElementClickable(findTestObject("Pruebas_Hoja_de_Vida/Notificar_Novedades_Hoja_Vida/input_ADMINISTRADOR DEL SISTEMA - SARA_form_templatej_idt24_input"), 0): Object 'Object Repository/Pruebas_Hoja_de_Vida/Notificar_Novedades_Hoja_Vida/input_ADMINISTRADOR DEL SISTEMA - SARA_form_templatej_idt24_input' is clickable

2022-01-03 15:57:38 - [MESSAGE][WARNING] - Timeout '0' is invalid. Using default page load timeout: '30'

2022-01-03 15:57:39 - [MESSAGE][PASSED] - Object 'Object Repository/Pruebas_Hoja_de_Vida/Notificar_Novedades_Hoja_Vida/input_ADMINISTRADOR DEL SISTEMA - SARA_form_templatej_idt24_input' is clickable

2022-01-03 15:57:39 - [TEST_STEP][PASSED] - setText(findTestObject("Pruebas_Hoja_de_Vida/Notificar_Novedades_Hoja_Vida/input_ADMINISTRADOR DEL SISTEMA - SARA_form_templatej_idt24_input"), "Listado Hojas De Vida"): Text 'Listado Hojas De Vida' is set on object 'Object Repository/Pruebas_Hoja_de_Vida/Notificar_Novedades_Hoja_Vida/input_ADMINISTRADOR DEL SISTEMA - SARA_form_templatej_idt24_input'

2022-01-03 15:57:39 - [MESSAGE][PASSED] - Text 'Listado Hojas De Vida' is set on object 'Object Repository/Pruebas_Hoja_de_Vida/Notificar_Novedades_Hoja_Vida/input_ADMINISTRADOR DEL SISTEMA - SARA_form_templatej_idt24_input'

2022-01-03 15:57:39 - [TEST_STEP][PASSED] - delay(1): Delayed 1 second(s)

2022-01-03 15:57:40 - [MESSAGE][PASSED] - Delayed 1 second(s)

2022-01-03 15:57:40 - [TEST_STEP][PASSED] - sendKeys(findTestObject("Pruebas_Hoja_de_Vida/Notificar_Novedades_Hoja_Vida/input_ADMINISTRADOR DEL SISTEMA - SARA_form_templatej_idt24_input"), Keys.chord(ENTER)): Keys 'ENTER + ' sent to object: 'Object Repository/Pruebas_Hoja_de_Vida/Notificar_Novedades_Hoja_Vida/input_ADMINISTRADOR DEL SISTEMA - SARA_form_templatej_idt24_input'

2022-01-03 15:57:41 - [MESSAGE][PASSED] - Keys 'ENTER + ' sent to object: 'Object Repository/Pruebas_Hoja_de_Vida/Notificar_Novedades_Hoja_Vida/input_ADMINISTRADOR DEL SISTEMA - SARA_form_templatej_idt24_input'

2022-01-03 15:57:41 - [TEST_STEP][PASSED] - setText(findTestObject("Pruebas_Hoja_de_Vida/Notificar_Novedades_Hoja_Vida/input_Identificacin_listado_hojaVidaj_idt63"), "354968431354"): Text '354968431354' is set on object 'Object Repository/Pruebas_Hoja_de_Vida/Notificar_Novedades_Hoja_Vida/input_Identificacin_listado_hojaVidaj_idt63'

2022-01-03 15:57:42 - [MESSAGE][PASSED] - Text '354968431354' is set on object 'Object Repository/Pruebas_Hoja_de_Vida/Notificar_Novedades_Hoja_Vida/input_Identificacin_listado_hojaVidaj_idt63'

2022-01-03 15:57:42 - [TEST_STEP][PASSED] - sendKeys(findTestObject("Pruebas_Hoja_de_Vida/Notificar_Novedades_Hoja_Vida/input_Identificacin_listado_hojaVidaj_idt63"), Keys.chord(ENTER)): Keys 'ENTER + ' sent to object: 'Object Repository/Pruebas_Hoja_de_Vida/Notificar_Novedades_Hoja_Vida/input_Identificacin_listado_hojaVidaj_idt63'

2022-01-03 15:57:43 - [MESSAGE][PASSED] - Keys 'ENTER + ' sent to object: 'Object Repository/Pruebas_Hoja_de_Vida/Notificar_Novedades_Hoja_Vida/input_Identificacin_listado_hojaVidaj_idt63'

2022-01-03 15:57:43 - [TEST_STEP][PASSED] - click(findTestObject("Pruebas_Hoja_de_Vida/Notificar_Novedades_Hoja_Vida/td_354968431354")): Object: 'Object Repository/Pruebas_Hoja_de_Vida/Notificar_Novedades_Hoja_Vida/td_354968431354' is clicked on

2022-01-03 15:57:44 - [MESSAGE][PASSED] - Object: 'Object Repository/Pruebas_Hoja_de_Vida/Notificar_Novedades_Hoja_Vida/td_354968431354' is clicked on

2022-01-03 15:57:44 - [TEST_STEP][PASSED] - setText(findTestObject("Pruebas_Hoja_de_Vida/Notificar_Novedades_Hoja_Vida/input_Fecha Expedicin_hojaVidaseccionj_idt2106fecha_input"), identificacion1 + "/09/2013"): Text '0-5/09/2013' is set on object 'Object Repository/Pruebas_Hoja_de_Vida/Notificar_Novedades_Hoja_Vida/input_Fecha Expedicin_hojaVidaseccionj_idt2106fecha_input'

2022-01-03 15:57:45 - [MESSAGE][PASSED] - Text '0-5/09/2013' is set on object 'Object Repository/Pruebas_Hoja_de_Vida/Notificar_Novedades_Hoja_Vida/input_Fecha Expedicin_hojaVidaseccionj_idt2106fecha_input'

2022-01-03 15:57:45 - [TEST_STEP][PASSED] - click(findTestObject("Pruebas_Hoja_de_Vida/Notificar_Novedades_Hoja_Vida/a_Guardar")): Object: 'Object Repository/Pruebas_Hoja_de_Vida/Notificar_Novedades_Hoja_Vida/a_Guardar' is clicked on

2022-01-03 15:57:45 - [MESSAGE][PASSED] - Object: 'Object Repository/Pruebas_Hoja_de_Vida/Notificar_Novedades_Hoja_Vida/a_Guardar' is clicked on

2022-01-03 15:57:45 - [TEST_STEP][PASSED] - click(findTestObject("Pruebas_Hoja_de_Vida/Notificar_Novedades_Hoja_Vida/a_Aceptar")): Object: 'Object Repository/Pruebas_Hoja_de_Vida/Notificar_Novedades_Hoja_Vida/a_Aceptar' is clicked on

2022-01-03 15:57:46 - [MESSAGE][PASSED] - Object: 'Object Repository/Pruebas_Hoja_de_Vida/Notificar_Novedades_Hoja_Vida/a_Aceptar' is clicked on

2022-01-03 15:57:46 - [TEST_STEP][PASSED] - closeBrowser(): Browser is closed

2022-01-03 15:57:47 - [MESSAGE][PASSED] - Browser is closed]]></system-out>
         <system-err><![CDATA[]]></system-err>
      </testcase>
      <system-out><![CDATA[2022-01-03 15:53:13 - [TEST_SUITE][FAILED] - 2-Pruebas hoja de vida: Test Cases/2.1-Pruebas_Hoja_de_Vida/2.1.8-Aprobación_Novedades FAILED.
Reason:
com.kms.katalon.core.exception.StepFailedException: Unable to click on object 'Object Repository/Pruebas_Hoja_de_Vida/Aprobación_Novedades/a_Aceptar'
	at com.kms.katalon.core.webui.keyword.internal.WebUIKeywordMain.stepFailed(WebUIKeywordMain.groovy:64)
	at com.kms.katalon.core.webui.keyword.internal.WebUIKeywordMain.runKeyword(WebUIKeywordMain.groovy:26)
	at com.kms.katalon.core.webui.keyword.builtin.ClickKeyword.click(ClickKeyword.groovy:74)
	at com.kms.katalon.core.webui.keyword.builtin.ClickKeyword.execute(ClickKeyword.groovy:40)
	at com.kms.katalon.core.keyword.internal.KeywordExecutor.executeKeywordForPlatform(KeywordExecutor.groovy:74)
	at com.kms.katalon.core.webui.keyword.WebUiBuiltInKeywords.click(WebUiBuiltInKeywords.groovy:620)
	at com.kms.katalon.core.webui.keyword.WebUiBuiltInKeywords$click$5.call(Unknown Source)
	at 2.1.8-Aprobación_Novedades.run(2.1.8-Aprobación_Novedades:73)
	at com.kms.katalon.core.main.ScriptEngine.run(ScriptEngine.java:194)
	at com.kms.katalon.core.main.ScriptEngine.runScriptAsRawText(ScriptEngine.java:119)
	at com.kms.katalon.core.main.TestCaseExecutor.runScript(TestCaseExecutor.java:442)
	at com.kms.katalon.core.main.TestCaseExecutor.doExecute(TestCaseExecutor.java:433)
	at com.kms.katalon.core.main.TestCaseExecutor.processExecutionPhase(TestCaseExecutor.java:412)
	at com.kms.katalon.core.main.TestCaseExecutor.accessMainPhase(TestCaseExecutor.java:404)
	at com.kms.katalon.core.main.TestCaseExecutor.execute(TestCaseExecutor.java:281)
	at com.kms.katalon.core.main.TestSuiteExecutor.accessTestCaseMainPhase(TestSuiteExecutor.java:202)
	at com.kms.katalon.core.main.TestSuiteExecutor.accessTestSuiteMainPhase(TestSuiteExecutor.java:164)
	at com.kms.katalon.core.main.TestSuiteExecutor.execute(TestSuiteExecutor.java:105)
	at com.kms.katalon.core.main.TestCaseMain.startTestSuite(TestCaseMain.java:181)
	at com.kms.katalon.core.main.TestCaseMain$startTestSuite$0.call(Unknown Source)
	at TempTestSuite1641243168342.run(TempTestSuite1641243168342.groovy:36)
Caused by: com.kms.katalon.core.webui.exception.WebElementNotFoundException: Web element with id: 'Object Repository/Pruebas_Hoja_de_Vida/Aprobación_Novedades/a_Aceptar' located by '//a[contains(text(),'Si')]' not found
	at com.kms.katalon.core.webui.common.WebUiCommonHelper.findWebElement(WebUiCommonHelper.java:1368)
	at com.kms.katalon.core.webui.keyword.internal.WebUIAbstractKeyword.findWebElement(WebUIAbstractKeyword.groovy:27)
	at com.kms.katalon.core.webui.keyword.builtin.ClickKeyword$_click_closure1.doCall(ClickKeyword.groovy:65)
	at com.kms.katalon.core.webui.keyword.builtin.ClickKeyword$_click_closure1.call(ClickKeyword.groovy)
	at com.kms.katalon.core.webui.keyword.internal.WebUIKeywordMain.runKeyword(WebUIKeywordMain.groovy:20)
	... 19 more]]></system-out>
      <system-err><![CDATA[2022-01-03 15:53:13 - [TEST_SUITE][FAILED] - 2-Pruebas hoja de vida: Test Cases/2.1-Pruebas_Hoja_de_Vida/2.1.8-Aprobación_Novedades FAILED.
Reason:
com.kms.katalon.core.exception.StepFailedException: Unable to click on object 'Object Repository/Pruebas_Hoja_de_Vida/Aprobación_Novedades/a_Aceptar'
	at com.kms.katalon.core.webui.keyword.internal.WebUIKeywordMain.stepFailed(WebUIKeywordMain.groovy:64)
	at com.kms.katalon.core.webui.keyword.internal.WebUIKeywordMain.runKeyword(WebUIKeywordMain.groovy:26)
	at com.kms.katalon.core.webui.keyword.builtin.ClickKeyword.click(ClickKeyword.groovy:74)
	at com.kms.katalon.core.webui.keyword.builtin.ClickKeyword.execute(ClickKeyword.groovy:40)
	at com.kms.katalon.core.keyword.internal.KeywordExecutor.executeKeywordForPlatform(KeywordExecutor.groovy:74)
	at com.kms.katalon.core.webui.keyword.WebUiBuiltInKeywords.click(WebUiBuiltInKeywords.groovy:620)
	at com.kms.katalon.core.webui.keyword.WebUiBuiltInKeywords$click$5.call(Unknown Source)
	at 2.1.8-Aprobación_Novedades.run(2.1.8-Aprobación_Novedades:73)
	at com.kms.katalon.core.main.ScriptEngine.run(ScriptEngine.java:194)
	at com.kms.katalon.core.main.ScriptEngine.runScriptAsRawText(ScriptEngine.java:119)
	at com.kms.katalon.core.main.TestCaseExecutor.runScript(TestCaseExecutor.java:442)
	at com.kms.katalon.core.main.TestCaseExecutor.doExecute(TestCaseExecutor.java:433)
	at com.kms.katalon.core.main.TestCaseExecutor.processExecutionPhase(TestCaseExecutor.java:412)
	at com.kms.katalon.core.main.TestCaseExecutor.accessMainPhase(TestCaseExecutor.java:404)
	at com.kms.katalon.core.main.TestCaseExecutor.execute(TestCaseExecutor.java:281)
	at com.kms.katalon.core.main.TestSuiteExecutor.accessTestCaseMainPhase(TestSuiteExecutor.java:202)
	at com.kms.katalon.core.main.TestSuiteExecutor.accessTestSuiteMainPhase(TestSuiteExecutor.java:164)
	at com.kms.katalon.core.main.TestSuiteExecutor.execute(TestSuiteExecutor.java:105)
	at com.kms.katalon.core.main.TestCaseMain.startTestSuite(TestCaseMain.java:181)
	at com.kms.katalon.core.main.TestCaseMain$startTestSuite$0.call(Unknown Source)
	at TempTestSuite1641243168342.run(TempTestSuite1641243168342.groovy:36)
Caused by: com.kms.katalon.core.webui.exception.WebElementNotFoundException: Web element with id: 'Object Repository/Pruebas_Hoja_de_Vida/Aprobación_Novedades/a_Aceptar' located by '//a[contains(text(),'Si')]' not found
	at com.kms.katalon.core.webui.common.WebUiCommonHelper.findWebElement(WebUiCommonHelper.java:1368)
	at com.kms.katalon.core.webui.keyword.internal.WebUIAbstractKeyword.findWebElement(WebUIAbstractKeyword.groovy:27)
	at com.kms.katalon.core.webui.keyword.builtin.ClickKeyword$_click_closure1.doCall(ClickKeyword.groovy:65)
	at com.kms.katalon.core.webui.keyword.builtin.ClickKeyword$_click_closure1.call(ClickKeyword.groovy)
	at com.kms.katalon.core.webui.keyword.internal.WebUIKeywordMain.runKeyword(WebUIKeywordMain.groovy:20)
	... 19 more]]></system-err>
   </testsuite>
</testsuites>
