<?xml version="1.0" encoding="UTF-8"?>
<testsuites name="4-pruebas capacitación" time="502.166" tests="14" failures="2" errors="0">
   <testsuite name="4-pruebas capacitación" tests="14" failures="2" errors="0" time="502.166" skipped="0" timestamp="2022-03-31 17:28:54" hostname="diego.rojas - US-AF-000371" id="Test Suites/Test_Suite_Secundaria/4-pruebas capacitación">
      <properties>
         <property name="deviceName" value=""/>
         <property name="devicePlatform" value=""/>
         <property name="logFolder" value="C:\\Users\\diego.rojas\\git\\Pruebas-Minimas\\Reports\\20220331_172846\\Test_Suite_Secundaria\\4-pruebas capacitaci\u00F3n\\20220331_172846"/>
         <property name="logFiles" value="C:\\Users\\diego.rojas\\git\\Pruebas-Minimas\\Reports\\20220331_172846\\Test_Suite_Secundaria\\4-pruebas capacitaci\u00F3n\\20220331_172846\\execution0.log"/>
         <property name="attachments" value="C:\\Users\\diego.rojas\\git\\Pruebas-Minimas\\Reports\\20220331_172846\\Test_Suite_Secundaria\\4-pruebas capacitaci\u00F3n\\20220331_172846\\1648765897631.png, C:\\Users\\diego.rojas\\git\\Pruebas-Minimas\\Reports\\20220331_172846\\Test_Suite_Secundaria\\4-pruebas capacitaci\u00F3n\\20220331_172846\\1648766141411.png"/>
         <property name="hostName" value="diego.rojas - US-AF-000371"/>
         <property name="os" value="Windows 10 64bit"/>
         <property name="katalonVersion" value="8.2.5.208"/>
         <property name="browser" value="Chrome 99.0.4844.84"/>
         <property name="hostAddress" value="192.168.56.1"/>
         <property name="sessionId" value="5102f62a81913e3bfe24db21e3509f88"/>
         <property name="seleniumVersion" value="3.141.59"/>
         <property name="proxyInformation" value="ProxyInformation { proxyOption=NO_PROXY, proxyServerType=HTTP, username=, password=********, proxyServerAddress=, proxyServerPort=0, executionList=&quot;&quot;, isApplyToDesiredCapabilities=true }"/>
         <property name="platform" value="Windows 10"/>
      </properties>
      <testcase name="Test Cases/1.2-Tareas_Secundarias/4.1-Pruebas_Capacitación/4.1.1-Nuevo_Curso" time="45.72" classname="Test Cases/1.2-Tareas_Secundarias/4.1-Pruebas_Capacitación/4.1.1-Nuevo_Curso" status="PASSED">
         <system-out><![CDATA[2022-03-31 17:28:54 - [TEST_CASE][PASSED] - Test Cases/1.2-Tareas_Secundarias/4.1-Pruebas_Capacitación/4.1.1-Nuevo_Curso: Test Cases/1.2-Tareas_Secundarias/4.1-Pruebas_Capacitación/4.1.1-Nuevo_Curso

2022-03-31 17:28:55 - [TEST_STEP][PASSED] - callTestCase(findTestCase("0.1-Login"), [:], STOP_ON_FAILURE): Call Test Case 'Test Cases/0.1-Login' successfully

2022-03-31 17:28:55 - [TEST_CASE][PASSED] - Test Cases/0.1-Login: Test Cases/0.1-Login

2022-03-31 17:28:55 - [TEST_STEP][PASSED] - openBrowser(""): Browser is opened with url: ''

2022-03-31 17:28:56 - [MESSAGE][INFO] - Starting 'Chrome' driver

2022-03-31 17:28:56 - [MESSAGE][INFO] - Action delay is set to 150 milliseconds

2022-03-31 17:28:58 - [MESSAGE][PASSED] - Browser is opened with url: ''

2022-03-31 17:28:58 - [TEST_STEP][PASSED] - maximizeWindow(): Current window maximized

2022-03-31 17:28:58 - [MESSAGE][PASSED] - Current window maximized

2022-03-31 17:28:58 - [TEST_STEP][PASSED] - i = G_Login: null

2022-03-31 17:28:58 - [TEST_STEP][PASSED] - url = new java.net.URL(i): null

2022-03-31 17:28:58 - [TEST_STEP][PASSED] - println("URL: " + url.toString()): null

2022-03-31 17:28:58 - [TEST_STEP][PASSED] - connection = url.openConnection(): null

2022-03-31 17:28:58 - [TEST_STEP][PASSED] - connection.setRequestMethod("GET"): null

2022-03-31 17:28:58 - [TEST_STEP][PASSED] - connection.setReadTimeout(2 * 1000): null

2022-03-31 17:28:58 - [TEST_STEP][PASSED] - try: null

2022-03-31 17:28:58 - [TEST_STEP][PASSED] - connection.connect(): null

2022-03-31 17:28:58 - [TEST_STEP][PASSED] - flag = connected: null

2022-03-31 17:28:58 - [TEST_STEP][PASSED] - println("Valor_ori: " + flag): null

2022-03-31 17:28:58 - [TEST_STEP][PASSED] - if (flag): null

2022-03-31 17:28:58 - [TEST_STEP][PASSED] - navigateToUrl(i): Navigate to 'http://192.168.2.19:8380/saraweb' successfully

2022-03-31 17:28:59 - [MESSAGE][PASSED] - Navigate to 'http://192.168.2.19:8380/saraweb' successfully

2022-03-31 17:28:59 - [TEST_STEP][PASSED] - a(): null

2022-03-31 17:28:59 - [TEST_STEP][PASSED] - setText(findTestObject("Login/input_USUARIO_loginusuario"), G_Usuario): Text 'saraadmin' is set on object 'Object Repository/Login/input_USUARIO_loginusuario'

2022-03-31 17:29:00 - [MESSAGE][PASSED] - Text 'saraadmin' is set on object 'Object Repository/Login/input_USUARIO_loginusuario'

2022-03-31 17:29:00 - [TEST_STEP][PASSED] - setEncryptedText(findTestObject("Login/input_CLAVE_loginpassword"), "MkG4/TYiCFC3cb2driP7+Q=="): Text ****** has been set on object 'Object Repository/Login/input_CLAVE_loginpassword'

2022-03-31 17:29:01 - [MESSAGE][PASSED] - Text ****** has been set on object 'Object Repository/Login/input_CLAVE_loginpassword'

2022-03-31 17:29:01 - [TEST_STEP][PASSED] - waitForElementClickable(findTestObject("Login/a_Ingresar"), G_TimeOut): Object 'Object Repository/Login/a_Ingresar' is clickable

2022-03-31 17:29:02 - [MESSAGE][PASSED] - Object 'Object Repository/Login/a_Ingresar' is clickable

2022-03-31 17:29:02 - [TEST_STEP][PASSED] - click(findTestObject("Login/a_Ingresar")): Object: 'Object Repository/Login/a_Ingresar' is clicked on

2022-03-31 17:29:04 - [MESSAGE][PASSED] - Object: 'Object Repository/Login/a_Ingresar' is clicked on

2022-03-31 17:29:04 - [TEST_STEP][PASSED] - element = findWebElement(findTestObject("Login/a_Ir"), 30): null

2022-03-31 17:29:04 - [TEST_STEP][PASSED] - executeJavaScript("arguments[0].click()", Arrays.asList(element)): Execute JavaScript 'arguments[0].click()' successfully

2022-03-31 17:29:04 - [MESSAGE][PASSED] - Execute JavaScript 'arguments[0].click()' successfully

2022-03-31 17:29:04 - [MESSAGE][PASSED] - Call Test Case 'Test Cases/0.1-Login' successfully

2022-03-31 17:29:04 - [TEST_STEP][PASSED] - setText(findTestObject("M-OBJECTS TAREAS SECUNDARIAS/Pruebas capacitacion/Nuevo_Curso/input_ADMINISTRADOR DEL SISTEMA - SARA_form_templatej_idt24_input"), "Cursos (cap)"): Text 'Cursos (cap)' is set on object 'Object Repository/M-OBJECTS TAREAS SECUNDARIAS/Pruebas capacitacion/Nuevo_Curso/input_ADMINISTRADOR DEL SISTEMA - SARA_form_templatej_idt24_input'

2022-03-31 17:29:06 - [MESSAGE][PASSED] - Text 'Cursos (cap)' is set on object 'Object Repository/M-OBJECTS TAREAS SECUNDARIAS/Pruebas capacitacion/Nuevo_Curso/input_ADMINISTRADOR DEL SISTEMA - SARA_form_templatej_idt24_input'

2022-03-31 17:29:06 - [TEST_STEP][PASSED] - waitForElementClickable(findTestObject("M-OBJECTS TAREAS SECUNDARIAS/Pruebas capacitacion/Nuevo_Curso/li_Cursos (cap)"), 0): Object 'Object Repository/M-OBJECTS TAREAS SECUNDARIAS/Pruebas capacitacion/Nuevo_Curso/li_Cursos (cap)' is clickable

2022-03-31 17:29:06 - [MESSAGE][WARNING] - Timeout '0' is invalid. Using default page load timeout: '45'

2022-03-31 17:29:07 - [MESSAGE][PASSED] - Object 'Object Repository/M-OBJECTS TAREAS SECUNDARIAS/Pruebas capacitacion/Nuevo_Curso/li_Cursos (cap)' is clickable

2022-03-31 17:29:07 - [TEST_STEP][PASSED] - click(findTestObject("M-OBJECTS TAREAS SECUNDARIAS/Pruebas capacitacion/Nuevo_Curso/li_Cursos (cap)"), STOP_ON_FAILURE): Object: 'Object Repository/M-OBJECTS TAREAS SECUNDARIAS/Pruebas capacitacion/Nuevo_Curso/li_Cursos (cap)' is clicked on

2022-03-31 17:29:08 - [MESSAGE][PASSED] - Object: 'Object Repository/M-OBJECTS TAREAS SECUNDARIAS/Pruebas capacitacion/Nuevo_Curso/li_Cursos (cap)' is clicked on

2022-03-31 17:29:08 - [TEST_STEP][PASSED] - if (waitForElementPresent(findTestObject("M-OBJECTS TAREAS SECUNDARIAS/Pruebas capacitacion/Nuevo_Curso/td_Prueba"), 1)): null

2022-03-31 17:29:09 - [MESSAGE][PASSED] - Object 'Object Repository/M-OBJECTS TAREAS SECUNDARIAS/Pruebas capacitacion/Nuevo_Curso/td_Prueba' is present

2022-03-31 17:29:09 - [TEST_STEP][PASSED] - click(findTestObject("M-OBJECTS TAREAS SECUNDARIAS/Pruebas capacitacion/Nuevo_Curso/td_Prueba")): Object: 'Object Repository/M-OBJECTS TAREAS SECUNDARIAS/Pruebas capacitacion/Nuevo_Curso/td_Prueba' is clicked on

2022-03-31 17:29:09 - [MESSAGE][PASSED] - Object: 'Object Repository/M-OBJECTS TAREAS SECUNDARIAS/Pruebas capacitacion/Nuevo_Curso/td_Prueba' is clicked on

2022-03-31 17:29:09 - [TEST_STEP][PASSED] - click(findTestObject("M-OBJECTS TAREAS SECUNDARIAS/Pruebas capacitacion/Nuevo_Curso/a_Tema")): Object: 'Object Repository/M-OBJECTS TAREAS SECUNDARIAS/Pruebas capacitacion/Nuevo_Curso/a_Tema' is clicked on

2022-03-31 17:29:11 - [MESSAGE][PASSED] - Object: 'Object Repository/M-OBJECTS TAREAS SECUNDARIAS/Pruebas capacitacion/Nuevo_Curso/a_Tema' is clicked on

2022-03-31 17:29:11 - [TEST_STEP][PASSED] - if (waitForElementPresent(findTestObject("M-OBJECTS TAREAS SECUNDARIAS/Pruebas capacitacion/Nuevo_Curso/span_Tema"), 1)): null

2022-03-31 17:29:11 - [MESSAGE][PASSED] - Object 'Object Repository/M-OBJECTS TAREAS SECUNDARIAS/Pruebas capacitacion/Nuevo_Curso/span_Tema' is present

2022-03-31 17:29:11 - [TEST_STEP][PASSED] - click(findTestObject("M-OBJECTS TAREAS SECUNDARIAS/Pruebas capacitacion/Nuevo_Curso/a_Tema_form_cursopestaniaslistaTemas0j_idt608")): Object: 'Object Repository/M-OBJECTS TAREAS SECUNDARIAS/Pruebas capacitacion/Nuevo_Curso/a_Tema_form_cursopestaniaslistaTemas0j_idt608' is clicked on

2022-03-31 17:29:12 - [MESSAGE][PASSED] - Object: 'Object Repository/M-OBJECTS TAREAS SECUNDARIAS/Pruebas capacitacion/Nuevo_Curso/a_Tema_form_cursopestaniaslistaTemas0j_idt608' is clicked on

2022-03-31 17:29:12 - [TEST_STEP][PASSED] - click(findTestObject("M-OBJECTS TAREAS SECUNDARIAS/Pruebas capacitacion/Nuevo_Curso/a_Datos Bsicos")): Object: 'Object Repository/M-OBJECTS TAREAS SECUNDARIAS/Pruebas capacitacion/Nuevo_Curso/a_Datos Bsicos' is clicked on

2022-03-31 17:29:13 - [MESSAGE][PASSED] - Object: 'Object Repository/M-OBJECTS TAREAS SECUNDARIAS/Pruebas capacitacion/Nuevo_Curso/a_Datos Bsicos' is clicked on

2022-03-31 17:29:13 - [TEST_STEP][PASSED] - click(findTestObject("M-OBJECTS TAREAS SECUNDARIAS/Pruebas capacitacion/Nuevo_Curso/a_Eliminar")): Object: 'Object Repository/M-OBJECTS TAREAS SECUNDARIAS/Pruebas capacitacion/Nuevo_Curso/a_Eliminar' is clicked on

2022-03-31 17:29:14 - [MESSAGE][PASSED] - Object: 'Object Repository/M-OBJECTS TAREAS SECUNDARIAS/Pruebas capacitacion/Nuevo_Curso/a_Eliminar' is clicked on

2022-03-31 17:29:14 - [TEST_STEP][PASSED] - click(findTestObject("M-OBJECTS TAREAS SECUNDARIAS/Pruebas capacitacion/Nuevo_Curso/a_Aceptar")): Object: 'Object Repository/M-OBJECTS TAREAS SECUNDARIAS/Pruebas capacitacion/Nuevo_Curso/a_Aceptar' is clicked on

2022-03-31 17:29:14 - [MESSAGE][PASSED] - Object: 'Object Repository/M-OBJECTS TAREAS SECUNDARIAS/Pruebas capacitacion/Nuevo_Curso/a_Aceptar' is clicked on

2022-03-31 17:29:14 - [TEST_STEP][PASSED] - click(findTestObject("M-OBJECTS TAREAS SECUNDARIAS/Pruebas capacitacion/Nuevo_Curso/a_Nuevo"), STOP_ON_FAILURE): Object: 'Object Repository/M-OBJECTS TAREAS SECUNDARIAS/Pruebas capacitacion/Nuevo_Curso/a_Nuevo' is clicked on

2022-03-31 17:29:15 - [MESSAGE][PASSED] - Object: 'Object Repository/M-OBJECTS TAREAS SECUNDARIAS/Pruebas capacitacion/Nuevo_Curso/a_Nuevo' is clicked on

2022-03-31 17:29:15 - [TEST_STEP][PASSED] - setText(findTestObject("M-OBJECTS TAREAS SECUNDARIAS/Pruebas capacitacion/Nuevo_Curso/textarea_Curso_form_cursopestaniasdescripcion"), "Prueba"): Text 'Prueba' is set on object 'Object Repository/M-OBJECTS TAREAS SECUNDARIAS/Pruebas capacitacion/Nuevo_Curso/textarea_Curso_form_cursopestaniasdescripcion'

2022-03-31 17:29:17 - [MESSAGE][PASSED] - Text 'Prueba' is set on object 'Object Repository/M-OBJECTS TAREAS SECUNDARIAS/Pruebas capacitacion/Nuevo_Curso/textarea_Curso_form_cursopestaniasdescripcion'

2022-03-31 17:29:17 - [TEST_STEP][PASSED] - setText(findTestObject("M-OBJECTS TAREAS SECUNDARIAS/Pruebas capacitacion/Nuevo_Curso/input_Intensidad Horaria_form_cursopestaniasintensidad"), "12"): Text '12' is set on object 'Object Repository/M-OBJECTS TAREAS SECUNDARIAS/Pruebas capacitacion/Nuevo_Curso/input_Intensidad Horaria_form_cursopestaniasintensidad'

2022-03-31 17:29:18 - [MESSAGE][PASSED] - Text '12' is set on object 'Object Repository/M-OBJECTS TAREAS SECUNDARIAS/Pruebas capacitacion/Nuevo_Curso/input_Intensidad Horaria_form_cursopestaniasintensidad'

2022-03-31 17:29:18 - [TEST_STEP][PASSED] - check(findTestObject("M-OBJECTS TAREAS SECUNDARIAS/Pruebas capacitacion/Nuevo_Curso/label_Ambas"), STOP_ON_FAILURE): Object 'Object Repository/M-OBJECTS TAREAS SECUNDARIAS/Pruebas capacitacion/Nuevo_Curso/label_Ambas' is checked

2022-03-31 17:29:19 - [MESSAGE][PASSED] - Object 'Object Repository/M-OBJECTS TAREAS SECUNDARIAS/Pruebas capacitacion/Nuevo_Curso/label_Ambas' is checked

2022-03-31 17:29:19 - [TEST_STEP][PASSED] - setText(findTestObject("M-OBJECTS TAREAS SECUNDARIAS/Pruebas capacitacion/Nuevo_Curso/input_Puntaje Minimo_form_cursopestaniaspuntajeminimo"), "10"): Text '10' is set on object 'Object Repository/M-OBJECTS TAREAS SECUNDARIAS/Pruebas capacitacion/Nuevo_Curso/input_Puntaje Minimo_form_cursopestaniaspuntajeminimo'

2022-03-31 17:29:20 - [MESSAGE][PASSED] - Text '10' is set on object 'Object Repository/M-OBJECTS TAREAS SECUNDARIAS/Pruebas capacitacion/Nuevo_Curso/input_Puntaje Minimo_form_cursopestaniaspuntajeminimo'

2022-03-31 17:29:20 - [TEST_STEP][PASSED] - setText(findTestObject("M-OBJECTS TAREAS SECUNDARIAS/Pruebas capacitacion/Nuevo_Curso/input_Puntaje Aprobacin_form_cursopestaniaspuntajeaproba"), "31"): Text '31' is set on object 'Object Repository/M-OBJECTS TAREAS SECUNDARIAS/Pruebas capacitacion/Nuevo_Curso/input_Puntaje Aprobacin_form_cursopestaniaspuntajeaproba'

2022-03-31 17:29:21 - [MESSAGE][PASSED] - Text '31' is set on object 'Object Repository/M-OBJECTS TAREAS SECUNDARIAS/Pruebas capacitacion/Nuevo_Curso/input_Puntaje Aprobacin_form_cursopestaniaspuntajeaproba'

2022-03-31 17:29:21 - [TEST_STEP][PASSED] - setText(findTestObject("M-OBJECTS TAREAS SECUNDARIAS/Pruebas capacitacion/Nuevo_Curso/textarea_Prerrequisito_form_cursopestaniasprerequisito"), "null"): Text 'null' is set on object 'Object Repository/M-OBJECTS TAREAS SECUNDARIAS/Pruebas capacitacion/Nuevo_Curso/textarea_Prerrequisito_form_cursopestaniasprerequisito'

2022-03-31 17:29:22 - [MESSAGE][PASSED] - Text 'null' is set on object 'Object Repository/M-OBJECTS TAREAS SECUNDARIAS/Pruebas capacitacion/Nuevo_Curso/textarea_Prerrequisito_form_cursopestaniasprerequisito'

2022-03-31 17:29:22 - [TEST_STEP][PASSED] - setText(findTestObject("M-OBJECTS TAREAS SECUNDARIAS/Pruebas capacitacion/Nuevo_Curso/textarea_Metodologa_form_cursopestaniasmetodologia"), "virtual"): Text 'virtual' is set on object 'Object Repository/M-OBJECTS TAREAS SECUNDARIAS/Pruebas capacitacion/Nuevo_Curso/textarea_Metodologa_form_cursopestaniasmetodologia'

2022-03-31 17:29:23 - [MESSAGE][PASSED] - Text 'virtual' is set on object 'Object Repository/M-OBJECTS TAREAS SECUNDARIAS/Pruebas capacitacion/Nuevo_Curso/textarea_Metodologa_form_cursopestaniasmetodologia'

2022-03-31 17:29:23 - [TEST_STEP][PASSED] - selectOptionByIndex(findTestObject("M-OBJECTS TAREAS SECUNDARIAS/Pruebas capacitacion/Nuevo_Curso/select_-- Seleccione --CARTAS DE RETIROCERT"), "1"): All options with index in [1] are selected on object 'Object Repository/M-OBJECTS TAREAS SECUNDARIAS/Pruebas capacitacion/Nuevo_Curso/select_-- Seleccione --CARTAS DE RETIROCERT'

2022-03-31 17:29:25 - [MESSAGE][PASSED] - All options with index in [1] are selected on object 'Object Repository/M-OBJECTS TAREAS SECUNDARIAS/Pruebas capacitacion/Nuevo_Curso/select_-- Seleccione --CARTAS DE RETIROCERT'

2022-03-31 17:29:25 - [TEST_STEP][PASSED] - selectOptionByIndex(findTestObject("M-OBJECTS TAREAS SECUNDARIAS/Pruebas capacitacion/Nuevo_Curso/select_SeleccioneNINGUNOIcetexInstituto Caro y Cuervo.PositivaSena"), 5): All options with index in [5] are selected on object 'Object Repository/M-OBJECTS TAREAS SECUNDARIAS/Pruebas capacitacion/Nuevo_Curso/select_SeleccioneNINGUNOIcetexInstituto Caro y Cuervo.PositivaSena'

2022-03-31 17:29:26 - [MESSAGE][PASSED] - All options with index in [5] are selected on object 'Object Repository/M-OBJECTS TAREAS SECUNDARIAS/Pruebas capacitacion/Nuevo_Curso/select_SeleccioneNINGUNOIcetexInstituto Caro y Cuervo.PositivaSena'

2022-03-31 17:29:26 - [TEST_STEP][PASSED] - selectOptionByIndex(findTestObject("M-OBJECTS TAREAS SECUNDARIAS/Pruebas capacitacion/Nuevo_Curso/select_ActivoCancelado"), 1): All options with index in [1] are selected on object 'Object Repository/M-OBJECTS TAREAS SECUNDARIAS/Pruebas capacitacion/Nuevo_Curso/select_ActivoCancelado'

2022-03-31 17:29:27 - [MESSAGE][PASSED] - All options with index in [1] are selected on object 'Object Repository/M-OBJECTS TAREAS SECUNDARIAS/Pruebas capacitacion/Nuevo_Curso/select_ActivoCancelado'

2022-03-31 17:29:27 - [TEST_STEP][PASSED] - setText(findTestObject("M-OBJECTS TAREAS SECUNDARIAS/Pruebas capacitacion/Nuevo_Curso/input_Asistencia Mnima Horas_form_cursopestaniasasistenciamin"), "8"): Text '8' is set on object 'Object Repository/M-OBJECTS TAREAS SECUNDARIAS/Pruebas capacitacion/Nuevo_Curso/input_Asistencia Mnima Horas_form_cursopestaniasasistenciamin'

2022-03-31 17:29:28 - [MESSAGE][PASSED] - Text '8' is set on object 'Object Repository/M-OBJECTS TAREAS SECUNDARIAS/Pruebas capacitacion/Nuevo_Curso/input_Asistencia Mnima Horas_form_cursopestaniasasistenciamin'

2022-03-31 17:29:28 - [TEST_STEP][PASSED] - setText(findTestObject("M-OBJECTS TAREAS SECUNDARIAS/Pruebas capacitacion/Nuevo_Curso/input_Puntaje Mximo_form_cursopestaniaspuntajemaximo"), "50"): Text '50' is set on object 'Object Repository/M-OBJECTS TAREAS SECUNDARIAS/Pruebas capacitacion/Nuevo_Curso/input_Puntaje Mximo_form_cursopestaniaspuntajemaximo'

2022-03-31 17:29:30 - [MESSAGE][PASSED] - Text '50' is set on object 'Object Repository/M-OBJECTS TAREAS SECUNDARIAS/Pruebas capacitacion/Nuevo_Curso/input_Puntaje Mximo_form_cursopestaniaspuntajemaximo'

2022-03-31 17:29:30 - [TEST_STEP][PASSED] - setText(findTestObject("M-OBJECTS TAREAS SECUNDARIAS/Pruebas capacitacion/Nuevo_Curso/textarea_Poblacin Objeto_form_cursopestaniascobertura"), "null"): Text 'null' is set on object 'Object Repository/M-OBJECTS TAREAS SECUNDARIAS/Pruebas capacitacion/Nuevo_Curso/textarea_Poblacin Objeto_form_cursopestaniascobertura'

2022-03-31 17:29:31 - [MESSAGE][PASSED] - Text 'null' is set on object 'Object Repository/M-OBJECTS TAREAS SECUNDARIAS/Pruebas capacitacion/Nuevo_Curso/textarea_Poblacin Objeto_form_cursopestaniascobertura'

2022-03-31 17:29:31 - [TEST_STEP][PASSED] - setText(findTestObject("M-OBJECTS TAREAS SECUNDARIAS/Pruebas capacitacion/Nuevo_Curso/textarea_Objetivo_form_cursopestaniasimpacto"), "null"): Text 'null' is set on object 'Object Repository/M-OBJECTS TAREAS SECUNDARIAS/Pruebas capacitacion/Nuevo_Curso/textarea_Objetivo_form_cursopestaniasimpacto'

2022-03-31 17:29:32 - [MESSAGE][PASSED] - Text 'null' is set on object 'Object Repository/M-OBJECTS TAREAS SECUNDARIAS/Pruebas capacitacion/Nuevo_Curso/textarea_Objetivo_form_cursopestaniasimpacto'

2022-03-31 17:29:32 - [TEST_STEP][PASSED] - setText(findTestObject("M-OBJECTS TAREAS SECUNDARIAS/Pruebas capacitacion/Nuevo_Curso/textarea_Contenido_form_cursopestaniascontenido"), "null"): Text 'null' is set on object 'Object Repository/M-OBJECTS TAREAS SECUNDARIAS/Pruebas capacitacion/Nuevo_Curso/textarea_Contenido_form_cursopestaniascontenido'

2022-03-31 17:29:33 - [MESSAGE][PASSED] - Text 'null' is set on object 'Object Repository/M-OBJECTS TAREAS SECUNDARIAS/Pruebas capacitacion/Nuevo_Curso/textarea_Contenido_form_cursopestaniascontenido'

2022-03-31 17:29:33 - [TEST_STEP][PASSED] - click(findTestObject("M-OBJECTS TAREAS SECUNDARIAS/Pruebas capacitacion/Nuevo_Curso/a_Guardar")): Object: 'Object Repository/M-OBJECTS TAREAS SECUNDARIAS/Pruebas capacitacion/Nuevo_Curso/a_Guardar' is clicked on

2022-03-31 17:29:34 - [MESSAGE][PASSED] - Object: 'Object Repository/M-OBJECTS TAREAS SECUNDARIAS/Pruebas capacitacion/Nuevo_Curso/a_Guardar' is clicked on

2022-03-31 17:29:34 - [TEST_STEP][PASSED] - click(findTestObject("M-OBJECTS TAREAS SECUNDARIAS/Pruebas capacitacion/Nuevo_Curso/a_Tema")): Object: 'Object Repository/M-OBJECTS TAREAS SECUNDARIAS/Pruebas capacitacion/Nuevo_Curso/a_Tema' is clicked on

2022-03-31 17:29:35 - [MESSAGE][PASSED] - Object: 'Object Repository/M-OBJECTS TAREAS SECUNDARIAS/Pruebas capacitacion/Nuevo_Curso/a_Tema' is clicked on

2022-03-31 17:29:35 - [TEST_STEP][PASSED] - selectOptionByIndex(findTestObject("M-OBJECTS TAREAS SECUNDARIAS/Pruebas capacitacion/Nuevo_Curso/select_-- SELECCIONAR --GERENCIA DE PROYECTOSPLANMEACINPRUEBA DE MODULOSEGURIDAD EN EL SISTEMA DE INFORMACINTema"), 5): All options with index in [5] are selected on object 'Object Repository/M-OBJECTS TAREAS SECUNDARIAS/Pruebas capacitacion/Nuevo_Curso/select_-- SELECCIONAR --GERENCIA DE PROYECTOSPLANMEACINPRUEBA DE MODULOSEGURIDAD EN EL SISTEMA DE INFORMACINTema'

2022-03-31 17:29:36 - [MESSAGE][PASSED] - All options with index in [5] are selected on object 'Object Repository/M-OBJECTS TAREAS SECUNDARIAS/Pruebas capacitacion/Nuevo_Curso/select_-- SELECCIONAR --GERENCIA DE PROYECTOSPLANMEACINPRUEBA DE MODULOSEGURIDAD EN EL SISTEMA DE INFORMACINTema'

2022-03-31 17:29:36 - [TEST_STEP][PASSED] - setText(findTestObject("M-OBJECTS TAREAS SECUNDARIAS/Pruebas capacitacion/Nuevo_Curso/input_Orden_form_cursopestaniaslistaTemasorden"), "1"): Text '1' is set on object 'Object Repository/M-OBJECTS TAREAS SECUNDARIAS/Pruebas capacitacion/Nuevo_Curso/input_Orden_form_cursopestaniaslistaTemasorden'

2022-03-31 17:29:37 - [MESSAGE][PASSED] - Text '1' is set on object 'Object Repository/M-OBJECTS TAREAS SECUNDARIAS/Pruebas capacitacion/Nuevo_Curso/input_Orden_form_cursopestaniaslistaTemasorden'

2022-03-31 17:29:37 - [TEST_STEP][PASSED] - click(findTestObject("M-OBJECTS TAREAS SECUNDARIAS/Pruebas capacitacion/Nuevo_Curso/a_Orden_form_cursopestaniaslistaTemasj_idt609")): Object: 'Object Repository/M-OBJECTS TAREAS SECUNDARIAS/Pruebas capacitacion/Nuevo_Curso/a_Orden_form_cursopestaniaslistaTemasj_idt609' is clicked on

2022-03-31 17:29:38 - [MESSAGE][PASSED] - Object: 'Object Repository/M-OBJECTS TAREAS SECUNDARIAS/Pruebas capacitacion/Nuevo_Curso/a_Orden_form_cursopestaniaslistaTemasj_idt609' is clicked on

2022-03-31 17:29:38 - [TEST_STEP][PASSED] - click(findTestObject("M-OBJECTS TAREAS SECUNDARIAS/Pruebas capacitacion/Nuevo_Curso/a_Regresar")): Object: 'Object Repository/M-OBJECTS TAREAS SECUNDARIAS/Pruebas capacitacion/Nuevo_Curso/a_Regresar' is clicked on

2022-03-31 17:29:39 - [MESSAGE][PASSED] - Object: 'Object Repository/M-OBJECTS TAREAS SECUNDARIAS/Pruebas capacitacion/Nuevo_Curso/a_Regresar' is clicked on

2022-03-31 17:29:39 - [TEST_STEP][PASSED] - closeBrowser(): Browser is closed

2022-03-31 17:29:40 - [MESSAGE][PASSED] - Browser is closed]]></system-out>
         <system-err><![CDATA[]]></system-err>
      </testcase>
      <testcase name="Test Cases/1.2-Tareas_Secundarias/4.1-Pruebas_Capacitación/4.1.2-Nuevo _Instructor-Entidad" time="30.808" classname="Test Cases/1.2-Tareas_Secundarias/4.1-Pruebas_Capacitación/4.1.2-Nuevo _Instructor-Entidad" status="PASSED">
         <system-out><![CDATA[2022-03-31 17:29:40 - [TEST_CASE][PASSED] - Test Cases/1.2-Tareas_Secundarias/4.1-Pruebas_Capacitación/4.1.2-Nuevo _Instructor-Entidad: Test Cases/1.2-Tareas_Secundarias/4.1-Pruebas_Capacitación/4.1.2-Nuevo _Instructor-Entidad

2022-03-31 17:29:40 - [TEST_STEP][PASSED] - today = new java.util.Date(): null

2022-03-31 17:29:40 - [TEST_STEP][PASSED] - Dia = today.format("dd"): null

2022-03-31 17:29:40 - [TEST_STEP][PASSED] - Mes = today.format("MM"): null

2022-03-31 17:29:40 - [TEST_STEP][PASSED] - MesN = today.format("MM"): null

2022-03-31 17:29:40 - [TEST_STEP][PASSED] - Año = today.format("yyyy"): null

2022-03-31 17:29:40 - [TEST_STEP][PASSED] - sumaD = Dia + 10: null

2022-03-31 17:29:40 - [TEST_STEP][PASSED] - sumaM = Mes + 1: null

2022-03-31 17:29:40 - [TEST_STEP][PASSED] - sumaA = Año + 1: null

2022-03-31 17:29:40 - [TEST_STEP][PASSED] - if (sumaD > 30): null

2022-03-31 17:29:40 - [TEST_STEP][PASSED] - sumaD = sumaD - Dia: null

2022-03-31 17:29:40 - [TEST_STEP][PASSED] - Mes = sumaM: null

2022-03-31 17:29:40 - [TEST_STEP][PASSED] - if (sumaM > 12): null

2022-03-31 17:29:40 - [TEST_STEP][PASSED] - FechaI = Dia + "/" + MesN + "/" + Año: null

2022-03-31 17:29:40 - [TEST_STEP][PASSED] - FechaF = sumaD + "/" + Mes + "/" + Año: null

2022-03-31 17:29:40 - [TEST_STEP][PASSED] - callTestCase(findTestCase("0.1-Login"), [:], STOP_ON_FAILURE): Call Test Case 'Test Cases/0.1-Login' successfully

2022-03-31 17:29:40 - [TEST_CASE][PASSED] - Test Cases/0.1-Login: Test Cases/0.1-Login

2022-03-31 17:29:40 - [TEST_STEP][PASSED] - openBrowser(""): Browser is opened with url: ''

2022-03-31 17:29:40 - [MESSAGE][INFO] - Starting 'Chrome' driver

2022-03-31 17:29:40 - [MESSAGE][INFO] - Action delay is set to 150 milliseconds

2022-03-31 17:29:42 - [MESSAGE][PASSED] - Browser is opened with url: ''

2022-03-31 17:29:42 - [TEST_STEP][PASSED] - maximizeWindow(): Current window maximized

2022-03-31 17:29:42 - [MESSAGE][PASSED] - Current window maximized

2022-03-31 17:29:42 - [TEST_STEP][PASSED] - i = G_Login: null

2022-03-31 17:29:42 - [TEST_STEP][PASSED] - url = new java.net.URL(i): null

2022-03-31 17:29:42 - [TEST_STEP][PASSED] - println("URL: " + url.toString()): null

2022-03-31 17:29:42 - [TEST_STEP][PASSED] - connection = url.openConnection(): null

2022-03-31 17:29:42 - [TEST_STEP][PASSED] - connection.setRequestMethod("GET"): null

2022-03-31 17:29:42 - [TEST_STEP][PASSED] - connection.setReadTimeout(2 * 1000): null

2022-03-31 17:29:42 - [TEST_STEP][PASSED] - try: null

2022-03-31 17:29:42 - [TEST_STEP][PASSED] - connection.connect(): null

2022-03-31 17:29:42 - [TEST_STEP][PASSED] - flag = connected: null

2022-03-31 17:29:42 - [TEST_STEP][PASSED] - println("Valor_ori: " + flag): null

2022-03-31 17:29:42 - [TEST_STEP][PASSED] - if (flag): null

2022-03-31 17:29:42 - [TEST_STEP][PASSED] - navigateToUrl(i): Navigate to 'http://192.168.2.19:8380/saraweb' successfully

2022-03-31 17:29:42 - [MESSAGE][PASSED] - Navigate to 'http://192.168.2.19:8380/saraweb' successfully

2022-03-31 17:29:42 - [TEST_STEP][PASSED] - a(): null

2022-03-31 17:29:42 - [TEST_STEP][PASSED] - setText(findTestObject("Login/input_USUARIO_loginusuario"), G_Usuario): Text 'saraadmin' is set on object 'Object Repository/Login/input_USUARIO_loginusuario'

2022-03-31 17:29:44 - [MESSAGE][PASSED] - Text 'saraadmin' is set on object 'Object Repository/Login/input_USUARIO_loginusuario'

2022-03-31 17:29:44 - [TEST_STEP][PASSED] - setEncryptedText(findTestObject("Login/input_CLAVE_loginpassword"), "MkG4/TYiCFC3cb2driP7+Q=="): Text ****** has been set on object 'Object Repository/Login/input_CLAVE_loginpassword'

2022-03-31 17:29:44 - [MESSAGE][PASSED] - Text ****** has been set on object 'Object Repository/Login/input_CLAVE_loginpassword'

2022-03-31 17:29:44 - [TEST_STEP][PASSED] - waitForElementClickable(findTestObject("Login/a_Ingresar"), G_TimeOut): Object 'Object Repository/Login/a_Ingresar' is clickable

2022-03-31 17:29:45 - [MESSAGE][PASSED] - Object 'Object Repository/Login/a_Ingresar' is clickable

2022-03-31 17:29:45 - [TEST_STEP][PASSED] - click(findTestObject("Login/a_Ingresar")): Object: 'Object Repository/Login/a_Ingresar' is clicked on

2022-03-31 17:29:46 - [MESSAGE][PASSED] - Object: 'Object Repository/Login/a_Ingresar' is clicked on

2022-03-31 17:29:46 - [TEST_STEP][PASSED] - element = findWebElement(findTestObject("Login/a_Ir"), 30): null

2022-03-31 17:29:47 - [TEST_STEP][PASSED] - executeJavaScript("arguments[0].click()", Arrays.asList(element)): Execute JavaScript 'arguments[0].click()' successfully

2022-03-31 17:29:47 - [MESSAGE][PASSED] - Execute JavaScript 'arguments[0].click()' successfully

2022-03-31 17:29:47 - [MESSAGE][PASSED] - Call Test Case 'Test Cases/0.1-Login' successfully

2022-03-31 17:29:47 - [TEST_STEP][PASSED] - setText(findTestObject("M-OBJECTS TAREAS SECUNDARIAS/Pruebas capacitacion/Nuevo _Instructor-Entidad/input_Parmetros EntidadInstructor_form_templatej_idt24_input"), "Parametros Entidad/Instructor"): Text 'Parametros Entidad/Instructor' is set on object 'Object Repository/M-OBJECTS TAREAS SECUNDARIAS/Pruebas capacitacion/Nuevo _Instructor-Entidad/input_Parmetros EntidadInstructor_form_templatej_idt24_input'

2022-03-31 17:29:48 - [MESSAGE][PASSED] - Text 'Parametros Entidad/Instructor' is set on object 'Object Repository/M-OBJECTS TAREAS SECUNDARIAS/Pruebas capacitacion/Nuevo _Instructor-Entidad/input_Parmetros EntidadInstructor_form_templatej_idt24_input'

2022-03-31 17:29:48 - [TEST_STEP][PASSED] - click(findTestObject("M-OBJECTS TAREAS SECUNDARIAS/Pruebas capacitacion/Nuevo _Instructor-Entidad/li_Parametros EntidadInstructor (bie)")): Object: 'Object Repository/M-OBJECTS TAREAS SECUNDARIAS/Pruebas capacitacion/Nuevo _Instructor-Entidad/li_Parametros EntidadInstructor (bie)' is clicked on

2022-03-31 17:29:50 - [MESSAGE][PASSED] - Object: 'Object Repository/M-OBJECTS TAREAS SECUNDARIAS/Pruebas capacitacion/Nuevo _Instructor-Entidad/li_Parametros EntidadInstructor (bie)' is clicked on

2022-03-31 17:29:50 - [TEST_STEP][PASSED] - click(findTestObject("M-OBJECTS TAREAS SECUNDARIAS/Pruebas capacitacion/Nuevo _Instructor-Entidad/a_Entidad")): Object: 'Object Repository/M-OBJECTS TAREAS SECUNDARIAS/Pruebas capacitacion/Nuevo _Instructor-Entidad/a_Entidad' is clicked on

2022-03-31 17:29:51 - [MESSAGE][PASSED] - Object: 'Object Repository/M-OBJECTS TAREAS SECUNDARIAS/Pruebas capacitacion/Nuevo _Instructor-Entidad/a_Entidad' is clicked on

2022-03-31 17:29:51 - [TEST_STEP][PASSED] - if (waitForElementClickable(findTestObject("M-OBJECTS TAREAS SECUNDARIAS/Pruebas capacitacion/Nuevo _Instructor-Entidad/td_123456789"), 1)): null

2022-03-31 17:29:52 - [MESSAGE][PASSED] - Object 'Object Repository/M-OBJECTS TAREAS SECUNDARIAS/Pruebas capacitacion/Nuevo _Instructor-Entidad/td_123456789' is clickable

2022-03-31 17:29:52 - [TEST_STEP][PASSED] - click(findTestObject("M-OBJECTS TAREAS SECUNDARIAS/Pruebas capacitacion/Nuevo _Instructor-Entidad/td_123456789")): Object: 'Object Repository/M-OBJECTS TAREAS SECUNDARIAS/Pruebas capacitacion/Nuevo _Instructor-Entidad/td_123456789' is clicked on

2022-03-31 17:29:53 - [MESSAGE][PASSED] - Object: 'Object Repository/M-OBJECTS TAREAS SECUNDARIAS/Pruebas capacitacion/Nuevo _Instructor-Entidad/td_123456789' is clicked on

2022-03-31 17:29:53 - [TEST_STEP][PASSED] - click(findTestObject("M-OBJECTS TAREAS SECUNDARIAS/Pruebas capacitacion/Nuevo _Instructor-Entidad/a_Eliminar")): Object: 'Object Repository/M-OBJECTS TAREAS SECUNDARIAS/Pruebas capacitacion/Nuevo _Instructor-Entidad/a_Eliminar' is clicked on

2022-03-31 17:29:54 - [MESSAGE][PASSED] - Object: 'Object Repository/M-OBJECTS TAREAS SECUNDARIAS/Pruebas capacitacion/Nuevo _Instructor-Entidad/a_Eliminar' is clicked on

2022-03-31 17:29:54 - [TEST_STEP][PASSED] - click(findTestObject("M-OBJECTS TAREAS SECUNDARIAS/Pruebas capacitacion/Nuevo _Instructor-Entidad/a_Aceptar")): Object: 'Object Repository/M-OBJECTS TAREAS SECUNDARIAS/Pruebas capacitacion/Nuevo _Instructor-Entidad/a_Aceptar' is clicked on

2022-03-31 17:29:54 - [MESSAGE][PASSED] - Object: 'Object Repository/M-OBJECTS TAREAS SECUNDARIAS/Pruebas capacitacion/Nuevo _Instructor-Entidad/a_Aceptar' is clicked on

2022-03-31 17:29:54 - [TEST_STEP][PASSED] - click(findTestObject("M-OBJECTS TAREAS SECUNDARIAS/Pruebas capacitacion/Nuevo _Instructor-Entidad/a_Nuevo")): Object: 'Object Repository/M-OBJECTS TAREAS SECUNDARIAS/Pruebas capacitacion/Nuevo _Instructor-Entidad/a_Nuevo' is clicked on

2022-03-31 17:29:55 - [MESSAGE][PASSED] - Object: 'Object Repository/M-OBJECTS TAREAS SECUNDARIAS/Pruebas capacitacion/Nuevo _Instructor-Entidad/a_Nuevo' is clicked on

2022-03-31 17:29:55 - [TEST_STEP][PASSED] - setText(findTestObject("M-OBJECTS TAREAS SECUNDARIAS/Pruebas capacitacion/Nuevo _Instructor-Entidad/input_Identificacin_form_entidadtabidentificacionEntidad"), "123456789"): Text '123456789' is set on object 'Object Repository/M-OBJECTS TAREAS SECUNDARIAS/Pruebas capacitacion/Nuevo _Instructor-Entidad/input_Identificacin_form_entidadtabidentificacionEntidad'

2022-03-31 17:29:57 - [MESSAGE][PASSED] - Text '123456789' is set on object 'Object Repository/M-OBJECTS TAREAS SECUNDARIAS/Pruebas capacitacion/Nuevo _Instructor-Entidad/input_Identificacin_form_entidadtabidentificacionEntidad'

2022-03-31 17:29:57 - [TEST_STEP][PASSED] - selectOptionByIndex(findTestObject("M-OBJECTS TAREAS SECUNDARIAS/Pruebas capacitacion/Nuevo _Instructor-Entidad/select_--Seleccione--ActivoNo Disponible"), 1): All options with index in [1] are selected on object 'Object Repository/M-OBJECTS TAREAS SECUNDARIAS/Pruebas capacitacion/Nuevo _Instructor-Entidad/select_--Seleccione--ActivoNo Disponible'

2022-03-31 17:29:58 - [MESSAGE][PASSED] - All options with index in [1] are selected on object 'Object Repository/M-OBJECTS TAREAS SECUNDARIAS/Pruebas capacitacion/Nuevo _Instructor-Entidad/select_--Seleccione--ActivoNo Disponible'

2022-03-31 17:29:58 - [TEST_STEP][PASSED] - setText(findTestObject("M-OBJECTS TAREAS SECUNDARIAS/Pruebas capacitacion/Nuevo _Instructor-Entidad/textarea_Razn Social_form_entidadtabrazonsocial"), "Prueba"): Text 'Prueba' is set on object 'Object Repository/M-OBJECTS TAREAS SECUNDARIAS/Pruebas capacitacion/Nuevo _Instructor-Entidad/textarea_Razn Social_form_entidadtabrazonsocial'

2022-03-31 17:29:59 - [MESSAGE][PASSED] - Text 'Prueba' is set on object 'Object Repository/M-OBJECTS TAREAS SECUNDARIAS/Pruebas capacitacion/Nuevo _Instructor-Entidad/textarea_Razn Social_form_entidadtabrazonsocial'

2022-03-31 17:29:59 - [TEST_STEP][PASSED] - setText(findTestObject("M-OBJECTS TAREAS SECUNDARIAS/Pruebas capacitacion/Nuevo _Instructor-Entidad/input_Contacto_form_entidadtabcontacto"), "ninguno"): Text 'ninguno' is set on object 'Object Repository/M-OBJECTS TAREAS SECUNDARIAS/Pruebas capacitacion/Nuevo _Instructor-Entidad/input_Contacto_form_entidadtabcontacto'

2022-03-31 17:30:00 - [MESSAGE][PASSED] - Text 'ninguno' is set on object 'Object Repository/M-OBJECTS TAREAS SECUNDARIAS/Pruebas capacitacion/Nuevo _Instructor-Entidad/input_Contacto_form_entidadtabcontacto'

2022-03-31 17:30:00 - [TEST_STEP][PASSED] - setText(findTestObject("M-OBJECTS TAREAS SECUNDARIAS/Pruebas capacitacion/Nuevo _Instructor-Entidad/input_Direccin_form_entidadtabdireccion"), "carrera 132 # 152 c-10"): Text 'carrera 132 # 152 c-10' is set on object 'Object Repository/M-OBJECTS TAREAS SECUNDARIAS/Pruebas capacitacion/Nuevo _Instructor-Entidad/input_Direccin_form_entidadtabdireccion'

2022-03-31 17:30:01 - [MESSAGE][PASSED] - Text 'carrera 132 # 152 c-10' is set on object 'Object Repository/M-OBJECTS TAREAS SECUNDARIAS/Pruebas capacitacion/Nuevo _Instructor-Entidad/input_Direccin_form_entidadtabdireccion'

2022-03-31 17:30:01 - [TEST_STEP][PASSED] - setText(findTestObject("M-OBJECTS TAREAS SECUNDARIAS/Pruebas capacitacion/Nuevo _Instructor-Entidad/input_Barrio_form_entidadtabbarrio"), "ninguno"): Text 'ninguno' is set on object 'Object Repository/M-OBJECTS TAREAS SECUNDARIAS/Pruebas capacitacion/Nuevo _Instructor-Entidad/input_Barrio_form_entidadtabbarrio'

2022-03-31 17:30:02 - [MESSAGE][PASSED] - Text 'ninguno' is set on object 'Object Repository/M-OBJECTS TAREAS SECUNDARIAS/Pruebas capacitacion/Nuevo _Instructor-Entidad/input_Barrio_form_entidadtabbarrio'

2022-03-31 17:30:02 - [TEST_STEP][PASSED] - setText(findTestObject("M-OBJECTS TAREAS SECUNDARIAS/Pruebas capacitacion/Nuevo _Instructor-Entidad/input_Telfono_form_entidadtabtelefono"), "319388299"): Text '319388299' is set on object 'Object Repository/M-OBJECTS TAREAS SECUNDARIAS/Pruebas capacitacion/Nuevo _Instructor-Entidad/input_Telfono_form_entidadtabtelefono'

2022-03-31 17:30:04 - [MESSAGE][PASSED] - Text '319388299' is set on object 'Object Repository/M-OBJECTS TAREAS SECUNDARIAS/Pruebas capacitacion/Nuevo _Instructor-Entidad/input_Telfono_form_entidadtabtelefono'

2022-03-31 17:30:04 - [TEST_STEP][PASSED] - setText(findTestObject("M-OBJECTS TAREAS SECUNDARIAS/Pruebas capacitacion/Nuevo _Instructor-Entidad/input_Fecha de Ingreso_form_entidadtabfechaingreso_input"), FechaI): Text '31/3/2022' is set on object 'Object Repository/M-OBJECTS TAREAS SECUNDARIAS/Pruebas capacitacion/Nuevo _Instructor-Entidad/input_Fecha de Ingreso_form_entidadtabfechaingreso_input'

2022-03-31 17:30:05 - [MESSAGE][PASSED] - Text '31/3/2022' is set on object 'Object Repository/M-OBJECTS TAREAS SECUNDARIAS/Pruebas capacitacion/Nuevo _Instructor-Entidad/input_Fecha de Ingreso_form_entidadtabfechaingreso_input'

2022-03-31 17:30:05 - [TEST_STEP][PASSED] - sendKeys(findTestObject("M-OBJECTS TAREAS SECUNDARIAS/Pruebas capacitacion/Nuevo _Instructor-Entidad/input_Fecha de Ingreso_form_entidadtabfechaingreso_input"), Keys.chord(ESCAPE)): Keys 'ESCAPE + ' sent to object: 'Object Repository/M-OBJECTS TAREAS SECUNDARIAS/Pruebas capacitacion/Nuevo _Instructor-Entidad/input_Fecha de Ingreso_form_entidadtabfechaingreso_input'

2022-03-31 17:30:05 - [MESSAGE][PASSED] - Keys 'ESCAPE + ' sent to object: 'Object Repository/M-OBJECTS TAREAS SECUNDARIAS/Pruebas capacitacion/Nuevo _Instructor-Entidad/input_Fecha de Ingreso_form_entidadtabfechaingreso_input'

2022-03-31 17:30:05 - [TEST_STEP][PASSED] - waitForElementClickable(findTestObject("M-OBJECTS TAREAS SECUNDARIAS/Pruebas capacitacion/Nuevo _Instructor-Entidad/input_Fecha de Retiro_form_entidadtabfecharetiro_input"), 0): Object 'Object Repository/M-OBJECTS TAREAS SECUNDARIAS/Pruebas capacitacion/Nuevo _Instructor-Entidad/input_Fecha de Retiro_form_entidadtabfecharetiro_input' is clickable

2022-03-31 17:30:05 - [MESSAGE][WARNING] - Timeout '0' is invalid. Using default page load timeout: '45'

2022-03-31 17:30:06 - [MESSAGE][PASSED] - Object 'Object Repository/M-OBJECTS TAREAS SECUNDARIAS/Pruebas capacitacion/Nuevo _Instructor-Entidad/input_Fecha de Retiro_form_entidadtabfecharetiro_input' is clickable

2022-03-31 17:30:06 - [TEST_STEP][PASSED] - setText(findTestObject("M-OBJECTS TAREAS SECUNDARIAS/Pruebas capacitacion/Nuevo _Instructor-Entidad/input_Fecha de Retiro_form_entidadtabfecharetiro_input"), FechaF): Text '10/4/2022' is set on object 'Object Repository/M-OBJECTS TAREAS SECUNDARIAS/Pruebas capacitacion/Nuevo _Instructor-Entidad/input_Fecha de Retiro_form_entidadtabfecharetiro_input'

2022-03-31 17:30:07 - [MESSAGE][PASSED] - Text '10/4/2022' is set on object 'Object Repository/M-OBJECTS TAREAS SECUNDARIAS/Pruebas capacitacion/Nuevo _Instructor-Entidad/input_Fecha de Retiro_form_entidadtabfecharetiro_input'

2022-03-31 17:30:07 - [TEST_STEP][PASSED] - sendKeys(findTestObject("M-OBJECTS TAREAS SECUNDARIAS/Pruebas capacitacion/Nuevo _Instructor-Entidad/input_Fecha de Retiro_form_entidadtabfecharetiro_input"), Keys.chord(ESCAPE)): Keys 'ESCAPE + ' sent to object: 'Object Repository/M-OBJECTS TAREAS SECUNDARIAS/Pruebas capacitacion/Nuevo _Instructor-Entidad/input_Fecha de Retiro_form_entidadtabfecharetiro_input'

2022-03-31 17:30:08 - [MESSAGE][PASSED] - Keys 'ESCAPE + ' sent to object: 'Object Repository/M-OBJECTS TAREAS SECUNDARIAS/Pruebas capacitacion/Nuevo _Instructor-Entidad/input_Fecha de Retiro_form_entidadtabfecharetiro_input'

2022-03-31 17:30:08 - [TEST_STEP][PASSED] - setText(findTestObject("M-OBJECTS TAREAS SECUNDARIAS/Pruebas capacitacion/Nuevo _Instructor-Entidad/textarea_Observacin_form_entidadtabobservacion"), "ninguna"): Text 'ninguna' is set on object 'Object Repository/M-OBJECTS TAREAS SECUNDARIAS/Pruebas capacitacion/Nuevo _Instructor-Entidad/textarea_Observacin_form_entidadtabobservacion'

2022-03-31 17:30:09 - [MESSAGE][PASSED] - Text 'ninguna' is set on object 'Object Repository/M-OBJECTS TAREAS SECUNDARIAS/Pruebas capacitacion/Nuevo _Instructor-Entidad/textarea_Observacin_form_entidadtabobservacion'

2022-03-31 17:30:09 - [TEST_STEP][PASSED] - setText(findTestObject("M-OBJECTS TAREAS SECUNDARIAS/Pruebas capacitacion/Nuevo _Instructor-Entidad/input_Motivo de Retiro_form_entidadtabmotivo"), "ninguna"): Text 'ninguna' is set on object 'Object Repository/M-OBJECTS TAREAS SECUNDARIAS/Pruebas capacitacion/Nuevo _Instructor-Entidad/input_Motivo de Retiro_form_entidadtabmotivo'

2022-03-31 17:30:10 - [MESSAGE][PASSED] - Text 'ninguna' is set on object 'Object Repository/M-OBJECTS TAREAS SECUNDARIAS/Pruebas capacitacion/Nuevo _Instructor-Entidad/input_Motivo de Retiro_form_entidadtabmotivo'

2022-03-31 17:30:10 - [TEST_STEP][PASSED] - click(findTestObject("M-OBJECTS TAREAS SECUNDARIAS/Pruebas capacitacion/Nuevo _Instructor-Entidad/a_Guardar")): Object: 'Object Repository/M-OBJECTS TAREAS SECUNDARIAS/Pruebas capacitacion/Nuevo _Instructor-Entidad/a_Guardar' is clicked on

2022-03-31 17:30:11 - [MESSAGE][PASSED] - Object: 'Object Repository/M-OBJECTS TAREAS SECUNDARIAS/Pruebas capacitacion/Nuevo _Instructor-Entidad/a_Guardar' is clicked on]]></system-out>
         <system-err><![CDATA[]]></system-err>
      </testcase>
      <testcase name="Test Cases/1.2-Tareas_Secundarias/4.1-Pruebas_Capacitación/4.1.3-Evento_de_Capacitación" time="86.723" classname="Test Cases/1.2-Tareas_Secundarias/4.1-Pruebas_Capacitación/4.1.3-Evento_de_Capacitación" status="FAILED">
         <failure type="FAILED" message="Test Cases/1.2-Tareas_Secundarias/4.1-Pruebas_Capacitación/4.1.3-Evento_de_Capacitación FAILED.
Reason:
com.kms.katalon.core.exception.StepFailedException: Unable to click on object 'Object Repository/M-OBJECTS TAREAS SECUNDARIAS/Pruebas capacitacion/Evento_de_Capacitacion/div_Evento'
	at com.kms.katalon.core.webui.keyword.internal.WebUIKeywordMain.stepFailed(WebUIKeywordMain.groovy:64)
	at com.kms.katalon.core.webui.keyword.internal.WebUIKeywordMain.runKeyword(WebUIKeywordMain.groovy:26)
	at com.kms.katalon.core.webui.keyword.builtin.ClickKeyword.click(ClickKeyword.groovy:74)
	at com.kms.katalon.core.webui.keyword.builtin.ClickKeyword.execute(ClickKeyword.groovy:40)
	at com.kms.katalon.core.keyword.internal.KeywordExecutor.executeKeywordForPlatform(KeywordExecutor.groovy:74)
	at com.kms.katalon.core.webui.keyword.WebUiBuiltInKeywords.click(WebUiBuiltInKeywords.groovy:620)
	at com.kms.katalon.core.webui.keyword.WebUiBuiltInKeywords$click$5.call(Unknown Source)
	at 4.1.3-Evento_de_Capacitación.run(4.1.3-Evento_de_Capacitación:99)
	at com.kms.katalon.core.main.ScriptEngine.run(ScriptEngine.java:194)
	at com.kms.katalon.core.main.ScriptEngine.runScriptAsRawText(ScriptEngine.java:119)
	at com.kms.katalon.core.main.TestCaseExecutor.runScript(TestCaseExecutor.java:442)
	at com.kms.katalon.core.main.TestCaseExecutor.doExecute(TestCaseExecutor.java:433)
	at com.kms.katalon.core.main.TestCaseExecutor.processExecutionPhase(TestCaseExecutor.java:412)
	at com.kms.katalon.core.main.TestCaseExecutor.accessMainPhase(TestCaseExecutor.java:404)
	at com.kms.katalon.core.main.TestCaseExecutor.execute(TestCaseExecutor.java:281)
	at com.kms.katalon.core.main.TestSuiteExecutor.accessTestCaseMainPhase(TestSuiteExecutor.java:202)
	at com.kms.katalon.core.main.TestSuiteExecutor.accessTestSuiteMainPhase(TestSuiteExecutor.java:164)
	at com.kms.katalon.core.main.TestSuiteExecutor.execute(TestSuiteExecutor.java:105)
	at com.kms.katalon.core.main.TestCaseMain.startTestSuite(TestCaseMain.java:185)
	at com.kms.katalon.core.main.TestCaseMain$startTestSuite$0.call(Unknown Source)
	at TempTestSuite1648765726665.run(TempTestSuite1648765726665.groovy:36)
Caused by: org.openqa.selenium.ElementClickInterceptedException: element click intercepted: Element &lt;div id=&quot;j_idt147:j_idt148:j_idt150:j_idt2125_header&quot; class=&quot;ui-accordion-header ui-helper-reset ui-state-default ui-corner-all&quot; role=&quot;tab&quot; aria-expanded=&quot;false&quot; aria-selected=&quot;false&quot; tabindex=&quot;0&quot;>...&lt;/div> is not clickable at point (143, 179). Other element would receive the click: &lt;div id=&quot;popupErrorDialog:dialog_popupFoto_modal&quot; class=&quot;ui-widget-overlay ui-dialog-mask&quot; style=&quot;z-index: 1054;&quot;>&lt;/div>
  (Session info: chrome=99.0.4844.84)
Build info: version: '3.141.59', revision: 'e82be7d358', time: '2018-11-14T08:25:53'
System info: host: 'US-AF-000371', ip: '192.168.56.1', os.name: 'Windows 10', os.arch: 'amd64', os.version: '10.0', java.version: '1.8.0_282'
Driver info: com.kms.katalon.selenium.driver.CChromeDriver
Capabilities {acceptInsecureCerts: false, browserName: chrome, browserVersion: 99.0.4844.84, chrome: {chromedriverVersion: 99.0.4844.51 (d537ec02474b5..., userDataDir: C:\Users\DIEGO~1.ROJ\AppDat...}, goog:chromeOptions: {debuggerAddress: localhost:57406}, javascriptEnabled: true, networkConnectionEnabled: false, pageLoadStrategy: normal, platform: WINDOWS, platformName: WINDOWS, proxy: Proxy(), setWindowRect: true, strictFileInteractability: false, timeouts: {implicit: 0, pageLoad: 300000, script: 30000}, unhandledPromptBehavior: dismiss and notify, webauthn:extension:credBlob: true, webauthn:extension:largeBlob: true, webauthn:virtualAuthenticators: true}
Session ID: f4304bfdf529175d0f64861175c0750a
	at org.openqa.selenium.remote.http.W3CHttpResponseCodec.createException(W3CHttpResponseCodec.java:187)
	at org.openqa.selenium.remote.http.W3CHttpResponseCodec.decode(W3CHttpResponseCodec.java:122)
	at org.openqa.selenium.remote.http.W3CHttpResponseCodec.decode(W3CHttpResponseCodec.java:49)
	at org.openqa.selenium.remote.HttpCommandExecutor.execute(HttpCommandExecutor.java:158)
	at org.openqa.selenium.remote.service.DriverCommandExecutor.execute(DriverCommandExecutor.java:83)
	at org.openqa.selenium.remote.RemoteWebDriver.execute(RemoteWebDriver.java:552)
	at com.kms.katalon.selenium.driver.CChromeDriver.execute(CChromeDriver.java:19)
	at org.openqa.selenium.remote.RemoteWebElement.execute(RemoteWebElement.java:285)
	at org.openqa.selenium.remote.RemoteWebElement.click(RemoteWebElement.java:84)
	at org.openqa.selenium.support.events.EventFiringWebDriver$EventFiringWebElement.lambda$new$0(EventFiringWebDriver.java:404)
	at com.sun.proxy.$Proxy11.click(Unknown Source)
	at org.openqa.selenium.support.events.EventFiringWebDriver$EventFiringWebElement.click(EventFiringWebDriver.java:417)
	at org.openqa.selenium.WebElement$click$0.call(Unknown Source)
	at com.kms.katalon.core.webui.keyword.builtin.ClickKeyword.clickUntilSuccessWithTimeout(ClickKeyword.groovy:81)
	at com.kms.katalon.core.webui.keyword.builtin.ClickKeyword.clickUntilSuccessWithTimeout(ClickKeyword.groovy)
	at com.kms.katalon.core.webui.keyword.builtin.ClickKeyword$_click_closure1.doCall(ClickKeyword.groovy:67)
	at com.kms.katalon.core.webui.keyword.builtin.ClickKeyword$_click_closure1.call(ClickKeyword.groovy)
	at com.kms.katalon.core.webui.keyword.internal.WebUIKeywordMain.runKeyword(WebUIKeywordMain.groovy:20)
	... 19 more
"/>
         <system-out><![CDATA[2022-03-31 17:30:11 - [TEST_CASE][FAILED] - Test Cases/1.2-Tareas_Secundarias/4.1-Pruebas_Capacitación/4.1.3-Evento_de_Capacitación: Test Cases/1.2-Tareas_Secundarias/4.1-Pruebas_Capacitación/4.1.3-Evento_de_Capacitación FAILED.
Reason:
com.kms.katalon.core.exception.StepFailedException: Unable to click on object 'Object Repository/M-OBJECTS TAREAS SECUNDARIAS/Pruebas capacitacion/Evento_de_Capacitacion/div_Evento'
	at com.kms.katalon.core.webui.keyword.internal.WebUIKeywordMain.stepFailed(WebUIKeywordMain.groovy:64)
	at com.kms.katalon.core.webui.keyword.internal.WebUIKeywordMain.runKeyword(WebUIKeywordMain.groovy:26)
	at com.kms.katalon.core.webui.keyword.builtin.ClickKeyword.click(ClickKeyword.groovy:74)
	at com.kms.katalon.core.webui.keyword.builtin.ClickKeyword.execute(ClickKeyword.groovy:40)
	at com.kms.katalon.core.keyword.internal.KeywordExecutor.executeKeywordForPlatform(KeywordExecutor.groovy:74)
	at com.kms.katalon.core.webui.keyword.WebUiBuiltInKeywords.click(WebUiBuiltInKeywords.groovy:620)
	at com.kms.katalon.core.webui.keyword.WebUiBuiltInKeywords$click$5.call(Unknown Source)
	at 4.1.3-Evento_de_Capacitación.run(4.1.3-Evento_de_Capacitación:99)
	at com.kms.katalon.core.main.ScriptEngine.run(ScriptEngine.java:194)
	at com.kms.katalon.core.main.ScriptEngine.runScriptAsRawText(ScriptEngine.java:119)
	at com.kms.katalon.core.main.TestCaseExecutor.runScript(TestCaseExecutor.java:442)
	at com.kms.katalon.core.main.TestCaseExecutor.doExecute(TestCaseExecutor.java:433)
	at com.kms.katalon.core.main.TestCaseExecutor.processExecutionPhase(TestCaseExecutor.java:412)
	at com.kms.katalon.core.main.TestCaseExecutor.accessMainPhase(TestCaseExecutor.java:404)
	at com.kms.katalon.core.main.TestCaseExecutor.execute(TestCaseExecutor.java:281)
	at com.kms.katalon.core.main.TestSuiteExecutor.accessTestCaseMainPhase(TestSuiteExecutor.java:202)
	at com.kms.katalon.core.main.TestSuiteExecutor.accessTestSuiteMainPhase(TestSuiteExecutor.java:164)
	at com.kms.katalon.core.main.TestSuiteExecutor.execute(TestSuiteExecutor.java:105)
	at com.kms.katalon.core.main.TestCaseMain.startTestSuite(TestCaseMain.java:185)
	at com.kms.katalon.core.main.TestCaseMain$startTestSuite$0.call(Unknown Source)
	at TempTestSuite1648765726665.run(TempTestSuite1648765726665.groovy:36)
Caused by: org.openqa.selenium.ElementClickInterceptedException: element click intercepted: Element <div id="j_idt147:j_idt148:j_idt150:j_idt2125_header" class="ui-accordion-header ui-helper-reset ui-state-default ui-corner-all" role="tab" aria-expanded="false" aria-selected="false" tabindex="0">...</div> is not clickable at point (143, 179). Other element would receive the click: <div id="popupErrorDialog:dialog_popupFoto_modal" class="ui-widget-overlay ui-dialog-mask" style="z-index: 1054;"></div>
  (Session info: chrome=99.0.4844.84)
Build info: version: '3.141.59', revision: 'e82be7d358', time: '2018-11-14T08:25:53'
System info: host: 'US-AF-000371', ip: '192.168.56.1', os.name: 'Windows 10', os.arch: 'amd64', os.version: '10.0', java.version: '1.8.0_282'
Driver info: com.kms.katalon.selenium.driver.CChromeDriver
Capabilities {acceptInsecureCerts: false, browserName: chrome, browserVersion: 99.0.4844.84, chrome: {chromedriverVersion: 99.0.4844.51 (d537ec02474b5..., userDataDir: C:\Users\DIEGO~1.ROJ\AppDat...}, goog:chromeOptions: {debuggerAddress: localhost:57406}, javascriptEnabled: true, networkConnectionEnabled: false, pageLoadStrategy: normal, platform: WINDOWS, platformName: WINDOWS, proxy: Proxy(), setWindowRect: true, strictFileInteractability: false, timeouts: {implicit: 0, pageLoad: 300000, script: 30000}, unhandledPromptBehavior: dismiss and notify, webauthn:extension:credBlob: true, webauthn:extension:largeBlob: true, webauthn:virtualAuthenticators: true}
Session ID: f4304bfdf529175d0f64861175c0750a
	at org.openqa.selenium.remote.http.W3CHttpResponseCodec.createException(W3CHttpResponseCodec.java:187)
	at org.openqa.selenium.remote.http.W3CHttpResponseCodec.decode(W3CHttpResponseCodec.java:122)
	at org.openqa.selenium.remote.http.W3CHttpResponseCodec.decode(W3CHttpResponseCodec.java:49)
	at org.openqa.selenium.remote.HttpCommandExecutor.execute(HttpCommandExecutor.java:158)
	at org.openqa.selenium.remote.service.DriverCommandExecutor.execute(DriverCommandExecutor.java:83)
	at org.openqa.selenium.remote.RemoteWebDriver.execute(RemoteWebDriver.java:552)
	at com.kms.katalon.selenium.driver.CChromeDriver.execute(CChromeDriver.java:19)
	at org.openqa.selenium.remote.RemoteWebElement.execute(RemoteWebElement.java:285)
	at org.openqa.selenium.remote.RemoteWebElement.click(RemoteWebElement.java:84)
	at org.openqa.selenium.support.events.EventFiringWebDriver$EventFiringWebElement.lambda$new$0(EventFiringWebDriver.java:404)
	at com.sun.proxy.$Proxy11.click(Unknown Source)
	at org.openqa.selenium.support.events.EventFiringWebDriver$EventFiringWebElement.click(EventFiringWebDriver.java:417)
	at org.openqa.selenium.WebElement$click$0.call(Unknown Source)
	at com.kms.katalon.core.webui.keyword.builtin.ClickKeyword.clickUntilSuccessWithTimeout(ClickKeyword.groovy:81)
	at com.kms.katalon.core.webui.keyword.builtin.ClickKeyword.clickUntilSuccessWithTimeout(ClickKeyword.groovy)
	at com.kms.katalon.core.webui.keyword.builtin.ClickKeyword$_click_closure1.doCall(ClickKeyword.groovy:67)
	at com.kms.katalon.core.webui.keyword.builtin.ClickKeyword$_click_closure1.call(ClickKeyword.groovy)
	at com.kms.katalon.core.webui.keyword.internal.WebUIKeywordMain.runKeyword(WebUIKeywordMain.groovy:20)
	... 19 more


2022-03-31 17:30:11 - [TEST_STEP][PASSED] - callTestCase(findTestCase("Utilidades-(atajos_para _tareas)/Modulos/Modulo Control Evento Capacitacion"), [:], STOP_ON_FAILURE): Call Test Case 'Test Cases/Utilidades-(atajos_para _tareas)/Modulos/Modulo Control Evento Capacitacion' successfully

2022-03-31 17:30:11 - [TEST_CASE][PASSED] - Test Cases/Utilidades-(atajos_para _tareas)/Modulos/Modulo Control Evento Capacitacion: Test Cases/Utilidades-(atajos_para _tareas)/Modulos/Modulo Control Evento Capacitacion

2022-03-31 17:30:11 - [TEST_STEP][PASSED] - callTestCase(findTestCase("0.1-Login"), [:], STOP_ON_FAILURE): Call Test Case 'Test Cases/0.1-Login' successfully

2022-03-31 17:30:12 - [TEST_CASE][PASSED] - Test Cases/0.1-Login: Test Cases/0.1-Login

2022-03-31 17:30:12 - [TEST_STEP][PASSED] - openBrowser(""): Browser is opened with url: ''

2022-03-31 17:30:12 - [MESSAGE][WARNING] - A browser is already opened. Closing browser and opening a new one

2022-03-31 17:30:12 - [MESSAGE][INFO] - Starting 'Chrome' driver

2022-03-31 17:30:12 - [MESSAGE][INFO] - Action delay is set to 150 milliseconds

2022-03-31 17:30:14 - [MESSAGE][PASSED] - Browser is opened with url: ''

2022-03-31 17:30:14 - [TEST_STEP][PASSED] - maximizeWindow(): Current window maximized

2022-03-31 17:30:14 - [MESSAGE][PASSED] - Current window maximized

2022-03-31 17:30:14 - [TEST_STEP][PASSED] - i = G_Login: null

2022-03-31 17:30:14 - [TEST_STEP][PASSED] - url = new java.net.URL(i): null

2022-03-31 17:30:14 - [TEST_STEP][PASSED] - println("URL: " + url.toString()): null

2022-03-31 17:30:14 - [TEST_STEP][PASSED] - connection = url.openConnection(): null

2022-03-31 17:30:14 - [TEST_STEP][PASSED] - connection.setRequestMethod("GET"): null

2022-03-31 17:30:14 - [TEST_STEP][PASSED] - connection.setReadTimeout(2 * 1000): null

2022-03-31 17:30:14 - [TEST_STEP][PASSED] - try: null

2022-03-31 17:30:14 - [TEST_STEP][PASSED] - connection.connect(): null

2022-03-31 17:30:14 - [TEST_STEP][PASSED] - flag = connected: null

2022-03-31 17:30:14 - [TEST_STEP][PASSED] - println("Valor_ori: " + flag): null

2022-03-31 17:30:14 - [TEST_STEP][PASSED] - if (flag): null

2022-03-31 17:30:14 - [TEST_STEP][PASSED] - navigateToUrl(i): Navigate to 'http://192.168.2.19:8380/saraweb' successfully

2022-03-31 17:30:14 - [MESSAGE][PASSED] - Navigate to 'http://192.168.2.19:8380/saraweb' successfully

2022-03-31 17:30:14 - [TEST_STEP][PASSED] - a(): null

2022-03-31 17:30:14 - [TEST_STEP][PASSED] - setText(findTestObject("Login/input_USUARIO_loginusuario"), G_Usuario): Text 'saraadmin' is set on object 'Object Repository/Login/input_USUARIO_loginusuario'

2022-03-31 17:30:15 - [MESSAGE][PASSED] - Text 'saraadmin' is set on object 'Object Repository/Login/input_USUARIO_loginusuario'

2022-03-31 17:30:15 - [TEST_STEP][PASSED] - setEncryptedText(findTestObject("Login/input_CLAVE_loginpassword"), "MkG4/TYiCFC3cb2driP7+Q=="): Text ****** has been set on object 'Object Repository/Login/input_CLAVE_loginpassword'

2022-03-31 17:30:16 - [MESSAGE][PASSED] - Text ****** has been set on object 'Object Repository/Login/input_CLAVE_loginpassword'

2022-03-31 17:30:16 - [TEST_STEP][PASSED] - waitForElementClickable(findTestObject("Login/a_Ingresar"), G_TimeOut): Object 'Object Repository/Login/a_Ingresar' is clickable

2022-03-31 17:30:17 - [MESSAGE][PASSED] - Object 'Object Repository/Login/a_Ingresar' is clickable

2022-03-31 17:30:17 - [TEST_STEP][PASSED] - click(findTestObject("Login/a_Ingresar")): Object: 'Object Repository/Login/a_Ingresar' is clicked on

2022-03-31 17:30:18 - [MESSAGE][PASSED] - Object: 'Object Repository/Login/a_Ingresar' is clicked on

2022-03-31 17:30:18 - [TEST_STEP][PASSED] - element = findWebElement(findTestObject("Login/a_Ir"), 30): null

2022-03-31 17:30:19 - [TEST_STEP][PASSED] - executeJavaScript("arguments[0].click()", Arrays.asList(element)): Execute JavaScript 'arguments[0].click()' successfully

2022-03-31 17:30:19 - [MESSAGE][PASSED] - Execute JavaScript 'arguments[0].click()' successfully

2022-03-31 17:30:19 - [MESSAGE][PASSED] - Call Test Case 'Test Cases/0.1-Login' successfully

2022-03-31 17:30:19 - [TEST_STEP][PASSED] - setText(findTestObject("Modulo Control Evento Capacitacion/input_ADMINISTRADOR DEL SISTEMA - SARA_form_templatej_idt24_input"), "Control Evento"): Text 'Control Evento' is set on object 'Object Repository/Modulo Control Evento Capacitacion/input_ADMINISTRADOR DEL SISTEMA - SARA_form_templatej_idt24_input'

2022-03-31 17:30:20 - [MESSAGE][PASSED] - Text 'Control Evento' is set on object 'Object Repository/Modulo Control Evento Capacitacion/input_ADMINISTRADOR DEL SISTEMA - SARA_form_templatej_idt24_input'

2022-03-31 17:30:20 - [TEST_STEP][PASSED] - click(findTestObject("Modulo Control Evento Capacitacion/li_Control Evento Capacitacion (cap)")): Object: 'Object Repository/Modulo Control Evento Capacitacion/li_Control Evento Capacitacion (cap)' is clicked on

2022-03-31 17:30:22 - [MESSAGE][PASSED] - Object: 'Object Repository/Modulo Control Evento Capacitacion/li_Control Evento Capacitacion (cap)' is clicked on

2022-03-31 17:30:22 - [MESSAGE][PASSED] - Call Test Case 'Test Cases/Utilidades-(atajos_para _tareas)/Modulos/Modulo Control Evento Capacitacion' successfully

2022-03-31 17:30:22 - [TEST_STEP][PASSED] - if (waitForElementClickable(findTestObject("M-OBJECTS TAREAS SECUNDARIAS/Pruebas capacitacion/Evento_de_Capacitacion/td_prueba"), 1)): null

2022-03-31 17:30:23 - [MESSAGE][PASSED] - Object 'Object Repository/M-OBJECTS TAREAS SECUNDARIAS/Pruebas capacitacion/Evento_de_Capacitacion/td_prueba' is clickable

2022-03-31 17:30:23 - [TEST_STEP][PASSED] - click(findTestObject("M-OBJECTS TAREAS SECUNDARIAS/Pruebas capacitacion/Evento_de_Capacitacion/td_prueba")): Object: 'Object Repository/M-OBJECTS TAREAS SECUNDARIAS/Pruebas capacitacion/Evento_de_Capacitacion/td_prueba' is clicked on

2022-03-31 17:30:23 - [MESSAGE][PASSED] - Object: 'Object Repository/M-OBJECTS TAREAS SECUNDARIAS/Pruebas capacitacion/Evento_de_Capacitacion/td_prueba' is clicked on

2022-03-31 17:30:23 - [TEST_STEP][PASSED] - click(findTestObject("M-OBJECTS TAREAS SECUNDARIAS/Pruebas capacitacion/Evento_de_Capacitacion/div_Evaluacin")): Object: 'Object Repository/M-OBJECTS TAREAS SECUNDARIAS/Pruebas capacitacion/Evento_de_Capacitacion/div_Evaluacin' is clicked on

2022-03-31 17:30:25 - [MESSAGE][PASSED] - Object: 'Object Repository/M-OBJECTS TAREAS SECUNDARIAS/Pruebas capacitacion/Evento_de_Capacitacion/div_Evaluacin' is clicked on

2022-03-31 17:30:25 - [TEST_STEP][PASSED] - click(findTestObject("M-OBJECTS TAREAS SECUNDARIAS/Pruebas capacitacion/Evento_de_Capacitacion/a_Evento")): Object: 'Object Repository/M-OBJECTS TAREAS SECUNDARIAS/Pruebas capacitacion/Evento_de_Capacitacion/a_Evento' is clicked on

2022-03-31 17:30:26 - [MESSAGE][PASSED] - Object: 'Object Repository/M-OBJECTS TAREAS SECUNDARIAS/Pruebas capacitacion/Evento_de_Capacitacion/a_Evento' is clicked on

2022-03-31 17:30:26 - [TEST_STEP][PASSED] - if (waitForElementPresent(findTestObject("M-OBJECTS TAREAS SECUNDARIAS/Pruebas capacitacion/Evento_de_Capacitacion/a_No Diligenciada_formEventoEvaluacionpanel_eventotablaEvaluacion0j_idt766"), 1)): Object 'Object Repository/M-OBJECTS TAREAS SECUNDARIAS/Pruebas capacitacion/Evento_de_Capacitacion/a_No Diligenciada_formEventoEvaluacionpanel_eventotablaEvaluacion0j_idt766' is not present after 1 second(s)

2022-03-31 17:30:28 - [MESSAGE][INFO] - Unable to find the element located by 'By.xpath: //td[10]/a'. Please recheck the objects properties to make sure the desired element is located. 

2022-03-31 17:30:28 - [MESSAGE][WARNING] - Object 'Object Repository/M-OBJECTS TAREAS SECUNDARIAS/Pruebas capacitacion/Evento_de_Capacitacion/a_No Diligenciada_formEventoEvaluacionpanel_eventotablaEvaluacion0j_idt766' is not present after 1 second(s)

2022-03-31 17:30:28 - [TEST_STEP][PASSED] - click(findTestObject("M-OBJECTS TAREAS SECUNDARIAS/Pruebas capacitacion/Evento_de_Capacitacion/div_Programacin")): Object: 'Object Repository/M-OBJECTS TAREAS SECUNDARIAS/Pruebas capacitacion/Evento_de_Capacitacion/div_Programacin' is clicked on

2022-03-31 17:30:29 - [MESSAGE][PASSED] - Object: 'Object Repository/M-OBJECTS TAREAS SECUNDARIAS/Pruebas capacitacion/Evento_de_Capacitacion/div_Programacin' is clicked on

2022-03-31 17:30:29 - [TEST_STEP][PASSED] - click(findTestObject("M-OBJECTS TAREAS SECUNDARIAS/Pruebas capacitacion/Evento_de_Capacitacion/a_Programacin0")): Object: 'Object Repository/M-OBJECTS TAREAS SECUNDARIAS/Pruebas capacitacion/Evento_de_Capacitacion/a_Programacin0' is clicked on

2022-03-31 17:30:29 - [MESSAGE][PASSED] - Object: 'Object Repository/M-OBJECTS TAREAS SECUNDARIAS/Pruebas capacitacion/Evento_de_Capacitacion/a_Programacin0' is clicked on

2022-03-31 17:30:29 - [TEST_STEP][PASSED] - if (waitForElementVisible(findTestObject("M-OBJECTS TAREAS SECUNDARIAS/Pruebas capacitacion/Evento_de_Capacitacion/td_24122021"), 1)): null

2022-03-31 17:30:30 - [MESSAGE][PASSED] - Object 'Object Repository/M-OBJECTS TAREAS SECUNDARIAS/Pruebas capacitacion/Evento_de_Capacitacion/td_24122021' is visible

2022-03-31 17:30:30 - [TEST_STEP][PASSED] - click(findTestObject("M-OBJECTS TAREAS SECUNDARIAS/Pruebas capacitacion/Evento_de_Capacitacion/div_Ubicacin_ui-chkbox-box ui-widget ui-corner-all ui-state-default ui-state-hover")): Object: 'Object Repository/M-OBJECTS TAREAS SECUNDARIAS/Pruebas capacitacion/Evento_de_Capacitacion/div_Ubicacin_ui-chkbox-box ui-widget ui-corner-all ui-state-default ui-state-hover' is clicked on

2022-03-31 17:30:30 - [MESSAGE][PASSED] - Object: 'Object Repository/M-OBJECTS TAREAS SECUNDARIAS/Pruebas capacitacion/Evento_de_Capacitacion/div_Ubicacin_ui-chkbox-box ui-widget ui-corner-all ui-state-default ui-state-hover' is clicked on

2022-03-31 17:30:30 - [TEST_STEP][PASSED] - click(findTestObject("M-OBJECTS TAREAS SECUNDARIAS/Pruebas capacitacion/Evento_de_Capacitacion/a_Eliminar2")): Object: 'Object Repository/M-OBJECTS TAREAS SECUNDARIAS/Pruebas capacitacion/Evento_de_Capacitacion/a_Eliminar2' is clicked on

2022-03-31 17:30:31 - [MESSAGE][PASSED] - Object: 'Object Repository/M-OBJECTS TAREAS SECUNDARIAS/Pruebas capacitacion/Evento_de_Capacitacion/a_Eliminar2' is clicked on

2022-03-31 17:30:31 - [TEST_STEP][PASSED] - click(findTestObject("M-OBJECTS TAREAS SECUNDARIAS/Pruebas capacitacion/Evento_de_Capacitacion/a_Aceptar2")): Object: 'Object Repository/M-OBJECTS TAREAS SECUNDARIAS/Pruebas capacitacion/Evento_de_Capacitacion/a_Aceptar2' is clicked on

2022-03-31 17:30:32 - [MESSAGE][PASSED] - Object: 'Object Repository/M-OBJECTS TAREAS SECUNDARIAS/Pruebas capacitacion/Evento_de_Capacitacion/a_Aceptar2' is clicked on

2022-03-31 17:30:32 - [TEST_STEP][PASSED] - click(findTestObject("M-OBJECTS TAREAS SECUNDARIAS/Pruebas capacitacion/Evento_de_Capacitacion/div_Costo")): Object: 'Object Repository/M-OBJECTS TAREAS SECUNDARIAS/Pruebas capacitacion/Evento_de_Capacitacion/div_Costo' is clicked on

2022-03-31 17:30:33 - [MESSAGE][PASSED] - Object: 'Object Repository/M-OBJECTS TAREAS SECUNDARIAS/Pruebas capacitacion/Evento_de_Capacitacion/div_Costo' is clicked on

2022-03-31 17:30:33 - [TEST_STEP][PASSED] - click(findTestObject("M-OBJECTS TAREAS SECUNDARIAS/Pruebas capacitacion/Evento_de_Capacitacion/a_Registro2")): Object: 'Object Repository/M-OBJECTS TAREAS SECUNDARIAS/Pruebas capacitacion/Evento_de_Capacitacion/a_Registro2' is clicked on

2022-03-31 17:30:34 - [MESSAGE][PASSED] - Object: 'Object Repository/M-OBJECTS TAREAS SECUNDARIAS/Pruebas capacitacion/Evento_de_Capacitacion/a_Registro2' is clicked on

2022-03-31 17:30:34 - [TEST_STEP][PASSED] - if (waitForElementPresent(findTestObject("M-OBJECTS TAREAS SECUNDARIAS/Pruebas capacitacion/Evento_de_Capacitacion/a_REFRIGERIO_formCostoEventopanel_costostabla_costos0j_idt634"), 1)): null

2022-03-31 17:30:35 - [MESSAGE][PASSED] - Object 'Object Repository/M-OBJECTS TAREAS SECUNDARIAS/Pruebas capacitacion/Evento_de_Capacitacion/a_REFRIGERIO_formCostoEventopanel_costostabla_costos0j_idt634' is present

2022-03-31 17:30:35 - [TEST_STEP][PASSED] - click(findTestObject("M-OBJECTS TAREAS SECUNDARIAS/Pruebas capacitacion/Evento_de_Capacitacion/a_REFRIGERIO_formCostoEventopanel_costostabla_costos0j_idt634")): Object: 'Object Repository/M-OBJECTS TAREAS SECUNDARIAS/Pruebas capacitacion/Evento_de_Capacitacion/a_REFRIGERIO_formCostoEventopanel_costostabla_costos0j_idt634' is clicked on

2022-03-31 17:30:35 - [MESSAGE][PASSED] - Object: 'Object Repository/M-OBJECTS TAREAS SECUNDARIAS/Pruebas capacitacion/Evento_de_Capacitacion/a_REFRIGERIO_formCostoEventopanel_costostabla_costos0j_idt634' is clicked on

2022-03-31 17:30:35 - [TEST_STEP][PASSED] - click(findTestObject("M-OBJECTS TAREAS SECUNDARIAS/Pruebas capacitacion/Evento_de_Capacitacion/a_Aceptar3")): Object: 'Object Repository/M-OBJECTS TAREAS SECUNDARIAS/Pruebas capacitacion/Evento_de_Capacitacion/a_Aceptar3' is clicked on

2022-03-31 17:30:36 - [MESSAGE][PASSED] - Object: 'Object Repository/M-OBJECTS TAREAS SECUNDARIAS/Pruebas capacitacion/Evento_de_Capacitacion/a_Aceptar3' is clicked on

2022-03-31 17:30:36 - [TEST_STEP][PASSED] - click(findTestObject("M-OBJECTS TAREAS SECUNDARIAS/Pruebas capacitacion/Evento_de_Capacitacion/div_Recursos")): Object: 'Object Repository/M-OBJECTS TAREAS SECUNDARIAS/Pruebas capacitacion/Evento_de_Capacitacion/div_Recursos' is clicked on

2022-03-31 17:30:37 - [MESSAGE][PASSED] - Object: 'Object Repository/M-OBJECTS TAREAS SECUNDARIAS/Pruebas capacitacion/Evento_de_Capacitacion/div_Recursos' is clicked on

2022-03-31 17:30:37 - [TEST_STEP][PASSED] - click(findTestObject("M-OBJECTS TAREAS SECUNDARIAS/Pruebas capacitacion/Evento_de_Capacitacion/a_Logsticos")): Object: 'Object Repository/M-OBJECTS TAREAS SECUNDARIAS/Pruebas capacitacion/Evento_de_Capacitacion/a_Logsticos' is clicked on

2022-03-31 17:30:38 - [MESSAGE][PASSED] - Object: 'Object Repository/M-OBJECTS TAREAS SECUNDARIAS/Pruebas capacitacion/Evento_de_Capacitacion/a_Logsticos' is clicked on

2022-03-31 17:30:38 - [TEST_STEP][PASSED] - if (waitForElementPresent(findTestObject("M-OBJECTS TAREAS SECUNDARIAS/Pruebas capacitacion/Evento_de_Capacitacion/a_INDISPENSABLE_formRecursoLogisticopanel_recursostabla_recursos0j_idt606"), 1)): null

2022-03-31 17:30:38 - [MESSAGE][PASSED] - Object 'Object Repository/M-OBJECTS TAREAS SECUNDARIAS/Pruebas capacitacion/Evento_de_Capacitacion/a_INDISPENSABLE_formRecursoLogisticopanel_recursostabla_recursos0j_idt606' is present

2022-03-31 17:30:38 - [TEST_STEP][PASSED] - click(findTestObject("M-OBJECTS TAREAS SECUNDARIAS/Pruebas capacitacion/Evento_de_Capacitacion/a_INDISPENSABLE_formRecursoLogisticopanel_recursostabla_recursos0j_idt606")): Object: 'Object Repository/M-OBJECTS TAREAS SECUNDARIAS/Pruebas capacitacion/Evento_de_Capacitacion/a_INDISPENSABLE_formRecursoLogisticopanel_recursostabla_recursos0j_idt606' is clicked on

2022-03-31 17:30:39 - [MESSAGE][PASSED] - Object: 'Object Repository/M-OBJECTS TAREAS SECUNDARIAS/Pruebas capacitacion/Evento_de_Capacitacion/a_INDISPENSABLE_formRecursoLogisticopanel_recursostabla_recursos0j_idt606' is clicked on

2022-03-31 17:30:39 - [TEST_STEP][PASSED] - click(findTestObject("M-OBJECTS TAREAS SECUNDARIAS/Pruebas capacitacion/Evento_de_Capacitacion/a_Aceptar2")): Object: 'Object Repository/M-OBJECTS TAREAS SECUNDARIAS/Pruebas capacitacion/Evento_de_Capacitacion/a_Aceptar2' is clicked on

2022-03-31 17:30:40 - [MESSAGE][PASSED] - Object: 'Object Repository/M-OBJECTS TAREAS SECUNDARIAS/Pruebas capacitacion/Evento_de_Capacitacion/a_Aceptar2' is clicked on

2022-03-31 17:30:40 - [TEST_STEP][PASSED] - click(findTestObject("M-OBJECTS TAREAS SECUNDARIAS/Pruebas capacitacion/Evento_de_Capacitacion/div_Asistentes")): Object: 'Object Repository/M-OBJECTS TAREAS SECUNDARIAS/Pruebas capacitacion/Evento_de_Capacitacion/div_Asistentes' is clicked on

2022-03-31 17:30:41 - [MESSAGE][PASSED] - Object: 'Object Repository/M-OBJECTS TAREAS SECUNDARIAS/Pruebas capacitacion/Evento_de_Capacitacion/div_Asistentes' is clicked on

2022-03-31 17:30:41 - [TEST_STEP][PASSED] - click(findTestObject("M-OBJECTS TAREAS SECUNDARIAS/Pruebas capacitacion/Evento_de_Capacitacion/a_Registro1")): Object: 'Object Repository/M-OBJECTS TAREAS SECUNDARIAS/Pruebas capacitacion/Evento_de_Capacitacion/a_Registro1' is clicked on

2022-03-31 17:30:41 - [MESSAGE][PASSED] - Object: 'Object Repository/M-OBJECTS TAREAS SECUNDARIAS/Pruebas capacitacion/Evento_de_Capacitacion/a_Registro1' is clicked on

2022-03-31 17:30:41 - [TEST_STEP][PASSED] - if (waitForElementPresent(findTestObject("M-OBJECTS TAREAS SECUNDARIAS/Pruebas capacitacion/Evento_de_Capacitacion/td_prueba ka Pruebas"), 1)): null

2022-03-31 17:30:42 - [MESSAGE][PASSED] - Object 'Object Repository/M-OBJECTS TAREAS SECUNDARIAS/Pruebas capacitacion/Evento_de_Capacitacion/td_prueba ka Pruebas' is present

2022-03-31 17:30:42 - [TEST_STEP][PASSED] - click(findTestObject("M-OBJECTS TAREAS SECUNDARIAS/Pruebas capacitacion/Evento_de_Capacitacion/td_prueba ka Pruebas")): Object: 'Object Repository/M-OBJECTS TAREAS SECUNDARIAS/Pruebas capacitacion/Evento_de_Capacitacion/td_prueba ka Pruebas' is clicked on

2022-03-31 17:30:43 - [MESSAGE][PASSED] - Object: 'Object Repository/M-OBJECTS TAREAS SECUNDARIAS/Pruebas capacitacion/Evento_de_Capacitacion/td_prueba ka Pruebas' is clicked on

2022-03-31 17:30:43 - [TEST_STEP][PASSED] - click(findTestObject("M-OBJECTS TAREAS SECUNDARIAS/Pruebas capacitacion/Evento_de_Capacitacion/a_Eliminar1")): Object: 'Object Repository/M-OBJECTS TAREAS SECUNDARIAS/Pruebas capacitacion/Evento_de_Capacitacion/a_Eliminar1' is clicked on

2022-03-31 17:30:44 - [MESSAGE][PASSED] - Object: 'Object Repository/M-OBJECTS TAREAS SECUNDARIAS/Pruebas capacitacion/Evento_de_Capacitacion/a_Eliminar1' is clicked on

2022-03-31 17:30:44 - [TEST_STEP][PASSED] - click(findTestObject("M-OBJECTS TAREAS SECUNDARIAS/Pruebas capacitacion/Evento_de_Capacitacion/a_Aceptar1")): Object: 'Object Repository/M-OBJECTS TAREAS SECUNDARIAS/Pruebas capacitacion/Evento_de_Capacitacion/a_Aceptar1' is clicked on

2022-03-31 17:30:45 - [MESSAGE][PASSED] - Object: 'Object Repository/M-OBJECTS TAREAS SECUNDARIAS/Pruebas capacitacion/Evento_de_Capacitacion/a_Aceptar1' is clicked on

2022-03-31 17:30:45 - [TEST_STEP][PASSED] - click(findTestObject("M-OBJECTS TAREAS SECUNDARIAS/Pruebas capacitacion/Evento_de_Capacitacion/div_Grupos")): Object: 'Object Repository/M-OBJECTS TAREAS SECUNDARIAS/Pruebas capacitacion/Evento_de_Capacitacion/div_Grupos' is clicked on

2022-03-31 17:30:46 - [MESSAGE][PASSED] - Object: 'Object Repository/M-OBJECTS TAREAS SECUNDARIAS/Pruebas capacitacion/Evento_de_Capacitacion/div_Grupos' is clicked on

2022-03-31 17:30:46 - [TEST_STEP][PASSED] - click(findTestObject("M-OBJECTS TAREAS SECUNDARIAS/Pruebas capacitacion/Evento_de_Capacitacion/a_Registro0")): Object: 'Object Repository/M-OBJECTS TAREAS SECUNDARIAS/Pruebas capacitacion/Evento_de_Capacitacion/a_Registro0' is clicked on

2022-03-31 17:30:47 - [MESSAGE][PASSED] - Object: 'Object Repository/M-OBJECTS TAREAS SECUNDARIAS/Pruebas capacitacion/Evento_de_Capacitacion/a_Registro0' is clicked on

2022-03-31 17:30:47 - [TEST_STEP][PASSED] - if (waitForElementClickable(findTestObject("M-OBJECTS TAREAS SECUNDARIAS/Pruebas capacitacion/Evento_de_Capacitacion/td_Pruebas k - Copy"), 1)): null

2022-03-31 17:30:47 - [MESSAGE][PASSED] - Object 'Object Repository/M-OBJECTS TAREAS SECUNDARIAS/Pruebas capacitacion/Evento_de_Capacitacion/td_Pruebas k - Copy' is clickable

2022-03-31 17:30:47 - [TEST_STEP][PASSED] - click(findTestObject("M-OBJECTS TAREAS SECUNDARIAS/Pruebas capacitacion/Evento_de_Capacitacion/td_pruebas k")): Object: 'Object Repository/M-OBJECTS TAREAS SECUNDARIAS/Pruebas capacitacion/Evento_de_Capacitacion/td_pruebas k' is clicked on

2022-03-31 17:30:48 - [MESSAGE][PASSED] - Object: 'Object Repository/M-OBJECTS TAREAS SECUNDARIAS/Pruebas capacitacion/Evento_de_Capacitacion/td_pruebas k' is clicked on

2022-03-31 17:30:48 - [TEST_STEP][PASSED] - click(findTestObject("M-OBJECTS TAREAS SECUNDARIAS/Pruebas capacitacion/Evento_de_Capacitacion/a_Eliminar0")): Object: 'Object Repository/M-OBJECTS TAREAS SECUNDARIAS/Pruebas capacitacion/Evento_de_Capacitacion/a_Eliminar0' is clicked on

2022-03-31 17:30:49 - [MESSAGE][PASSED] - Object: 'Object Repository/M-OBJECTS TAREAS SECUNDARIAS/Pruebas capacitacion/Evento_de_Capacitacion/a_Eliminar0' is clicked on

2022-03-31 17:30:49 - [TEST_STEP][PASSED] - click(findTestObject("M-OBJECTS TAREAS SECUNDARIAS/Pruebas capacitacion/Evento_de_Capacitacion/a_Aceptar0")): Object: 'Object Repository/M-OBJECTS TAREAS SECUNDARIAS/Pruebas capacitacion/Evento_de_Capacitacion/a_Aceptar0' is clicked on

2022-03-31 17:30:50 - [MESSAGE][PASSED] - Object: 'Object Repository/M-OBJECTS TAREAS SECUNDARIAS/Pruebas capacitacion/Evento_de_Capacitacion/a_Aceptar0' is clicked on

2022-03-31 17:30:50 - [TEST_STEP][FAILED] - click(findTestObject("M-OBJECTS TAREAS SECUNDARIAS/Pruebas capacitacion/Evento_de_Capacitacion/div_Evento")): Unable to click on object 'Object Repository/M-OBJECTS TAREAS SECUNDARIAS/Pruebas capacitacion/Evento_de_Capacitacion/div_Evento' (Root cause: com.kms.katalon.core.exception.StepFailedException: Unable to click on object 'Object Repository/M-OBJECTS TAREAS SECUNDARIAS/Pruebas capacitacion/Evento_de_Capacitacion/div_Evento'
	at com.kms.katalon.core.webui.keyword.internal.WebUIKeywordMain.stepFailed(WebUIKeywordMain.groovy:64)
	at com.kms.katalon.core.webui.keyword.internal.WebUIKeywordMain.runKeyword(WebUIKeywordMain.groovy:26)
	at com.kms.katalon.core.webui.keyword.builtin.ClickKeyword.click(ClickKeyword.groovy:74)
	at com.kms.katalon.core.webui.keyword.builtin.ClickKeyword.execute(ClickKeyword.groovy:40)
	at com.kms.katalon.core.keyword.internal.KeywordExecutor.executeKeywordForPlatform(KeywordExecutor.groovy:74)
	at com.kms.katalon.core.webui.keyword.WebUiBuiltInKeywords.click(WebUiBuiltInKeywords.groovy:620)
	at com.kms.katalon.core.webui.keyword.WebUiBuiltInKeywords$click$5.call(Unknown Source)
	at 4.1.3-Evento_de_Capacitación.run(4.1.3-Evento_de_Capacitación:99)
	at com.kms.katalon.core.main.ScriptEngine.run(ScriptEngine.java:194)
	at com.kms.katalon.core.main.ScriptEngine.runScriptAsRawText(ScriptEngine.java:119)
	at com.kms.katalon.core.main.TestCaseExecutor.runScript(TestCaseExecutor.java:442)
	at com.kms.katalon.core.main.TestCaseExecutor.doExecute(TestCaseExecutor.java:433)
	at com.kms.katalon.core.main.TestCaseExecutor.processExecutionPhase(TestCaseExecutor.java:412)
	at com.kms.katalon.core.main.TestCaseExecutor.accessMainPhase(TestCaseExecutor.java:404)
	at com.kms.katalon.core.main.TestCaseExecutor.execute(TestCaseExecutor.java:281)
	at com.kms.katalon.core.main.TestSuiteExecutor.accessTestCaseMainPhase(TestSuiteExecutor.java:202)
	at com.kms.katalon.core.main.TestSuiteExecutor.accessTestSuiteMainPhase(TestSuiteExecutor.java:164)
	at com.kms.katalon.core.main.TestSuiteExecutor.execute(TestSuiteExecutor.java:105)
	at com.kms.katalon.core.main.TestCaseMain.startTestSuite(TestCaseMain.java:185)
	at com.kms.katalon.core.main.TestCaseMain$startTestSuite$0.call(Unknown Source)
	at TempTestSuite1648765726665.run(TempTestSuite1648765726665.groovy:36)
Caused by: org.openqa.selenium.ElementClickInterceptedException: element click intercepted: Element <div id="j_idt147:j_idt148:j_idt150:j_idt2125_header" class="ui-accordion-header ui-helper-reset ui-state-default ui-corner-all" role="tab" aria-expanded="false" aria-selected="false" tabindex="0">...</div> is not clickable at point (143, 179). Other element would receive the click: <div id="popupErrorDialog:dialog_popupFoto_modal" class="ui-widget-overlay ui-dialog-mask" style="z-index: 1054;"></div>
  (Session info: chrome=99.0.4844.84)
Build info: version: '3.141.59', revision: 'e82be7d358', time: '2018-11-14T08:25:53'
System info: host: 'US-AF-000371', ip: '192.168.56.1', os.name: 'Windows 10', os.arch: 'amd64', os.version: '10.0', java.version: '1.8.0_282'
Driver info: com.kms.katalon.selenium.driver.CChromeDriver
Capabilities {acceptInsecureCerts: false, browserName: chrome, browserVersion: 99.0.4844.84, chrome: {chromedriverVersion: 99.0.4844.51 (d537ec02474b5..., userDataDir: C:\Users\DIEGO~1.ROJ\AppDat...}, goog:chromeOptions: {debuggerAddress: localhost:57406}, javascriptEnabled: true, networkConnectionEnabled: false, pageLoadStrategy: normal, platform: WINDOWS, platformName: WINDOWS, proxy: Proxy(), setWindowRect: true, strictFileInteractability: false, timeouts: {implicit: 0, pageLoad: 300000, script: 30000}, unhandledPromptBehavior: dismiss and notify, webauthn:extension:credBlob: true, webauthn:extension:largeBlob: true, webauthn:virtualAuthenticators: true}
Session ID: f4304bfdf529175d0f64861175c0750a
	at org.openqa.selenium.remote.http.W3CHttpResponseCodec.createException(W3CHttpResponseCodec.java:187)
	at org.openqa.selenium.remote.http.W3CHttpResponseCodec.decode(W3CHttpResponseCodec.java:122)
	at org.openqa.selenium.remote.http.W3CHttpResponseCodec.decode(W3CHttpResponseCodec.java:49)
	at org.openqa.selenium.remote.HttpCommandExecutor.execute(HttpCommandExecutor.java:158)
	at org.openqa.selenium.remote.service.DriverCommandExecutor.execute(DriverCommandExecutor.java:83)
	at org.openqa.selenium.remote.RemoteWebDriver.execute(RemoteWebDriver.java:552)
	at com.kms.katalon.selenium.driver.CChromeDriver.execute(CChromeDriver.java:19)
	at org.openqa.selenium.remote.RemoteWebElement.execute(RemoteWebElement.java:285)
	at org.openqa.selenium.remote.RemoteWebElement.click(RemoteWebElement.java:84)
	at org.openqa.selenium.support.events.EventFiringWebDriver$EventFiringWebElement.lambda$new$0(EventFiringWebDriver.java:404)
	at com.sun.proxy.$Proxy11.click(Unknown Source)
	at org.openqa.selenium.support.events.EventFiringWebDriver$EventFiringWebElement.click(EventFiringWebDriver.java:417)
	at org.openqa.selenium.WebElement$click$0.call(Unknown Source)
	at com.kms.katalon.core.webui.keyword.builtin.ClickKeyword.clickUntilSuccessWithTimeout(ClickKeyword.groovy:81)
	at com.kms.katalon.core.webui.keyword.builtin.ClickKeyword.clickUntilSuccessWithTimeout(ClickKeyword.groovy)
	at com.kms.katalon.core.webui.keyword.builtin.ClickKeyword$_click_closure1.doCall(ClickKeyword.groovy:67)
	at com.kms.katalon.core.webui.keyword.builtin.ClickKeyword$_click_closure1.call(ClickKeyword.groovy)
	at com.kms.katalon.core.webui.keyword.internal.WebUIKeywordMain.runKeyword(WebUIKeywordMain.groovy:20)
	at com.kms.katalon.core.webui.keyword.builtin.ClickKeyword.click(ClickKeyword.groovy:74)
	at com.kms.katalon.core.webui.keyword.builtin.ClickKeyword.execute(ClickKeyword.groovy:40)
	at com.kms.katalon.core.keyword.internal.KeywordExecutor.executeKeywordForPlatform(KeywordExecutor.groovy:74)
	at com.kms.katalon.core.webui.keyword.WebUiBuiltInKeywords.click(WebUiBuiltInKeywords.groovy:620)
	at com.kms.katalon.core.webui.keyword.WebUiBuiltInKeywords$click$5.call(Unknown Source)
	at Script1637248717181.run(Script1637248717181.groovy:99)
	... 13 more
)

2022-03-31 17:31:37 - [MESSAGE][FAILED] - Unable to click on object 'Object Repository/M-OBJECTS TAREAS SECUNDARIAS/Pruebas capacitacion/Evento_de_Capacitacion/div_Evento' (Root cause: com.kms.katalon.core.exception.StepFailedException: Unable to click on object 'Object Repository/M-OBJECTS TAREAS SECUNDARIAS/Pruebas capacitacion/Evento_de_Capacitacion/div_Evento'
	at com.kms.katalon.core.webui.keyword.internal.WebUIKeywordMain.stepFailed(WebUIKeywordMain.groovy:64)
	at com.kms.katalon.core.webui.keyword.internal.WebUIKeywordMain.runKeyword(WebUIKeywordMain.groovy:26)
	at com.kms.katalon.core.webui.keyword.builtin.ClickKeyword.click(ClickKeyword.groovy:74)
	at com.kms.katalon.core.webui.keyword.builtin.ClickKeyword.execute(ClickKeyword.groovy:40)
	at com.kms.katalon.core.keyword.internal.KeywordExecutor.executeKeywordForPlatform(KeywordExecutor.groovy:74)
	at com.kms.katalon.core.webui.keyword.WebUiBuiltInKeywords.click(WebUiBuiltInKeywords.groovy:620)
	at com.kms.katalon.core.webui.keyword.WebUiBuiltInKeywords$click$5.call(Unknown Source)
	at 4.1.3-Evento_de_Capacitación.run(4.1.3-Evento_de_Capacitación:99)
	at com.kms.katalon.core.main.ScriptEngine.run(ScriptEngine.java:194)
	at com.kms.katalon.core.main.ScriptEngine.runScriptAsRawText(ScriptEngine.java:119)
	at com.kms.katalon.core.main.TestCaseExecutor.runScript(TestCaseExecutor.java:442)
	at com.kms.katalon.core.main.TestCaseExecutor.doExecute(TestCaseExecutor.java:433)
	at com.kms.katalon.core.main.TestCaseExecutor.processExecutionPhase(TestCaseExecutor.java:412)
	at com.kms.katalon.core.main.TestCaseExecutor.accessMainPhase(TestCaseExecutor.java:404)
	at com.kms.katalon.core.main.TestCaseExecutor.execute(TestCaseExecutor.java:281)
	at com.kms.katalon.core.main.TestSuiteExecutor.accessTestCaseMainPhase(TestSuiteExecutor.java:202)
	at com.kms.katalon.core.main.TestSuiteExecutor.accessTestSuiteMainPhase(TestSuiteExecutor.java:164)
	at com.kms.katalon.core.main.TestSuiteExecutor.execute(TestSuiteExecutor.java:105)
	at com.kms.katalon.core.main.TestCaseMain.startTestSuite(TestCaseMain.java:185)
	at com.kms.katalon.core.main.TestCaseMain$startTestSuite$0.call(Unknown Source)
	at TempTestSuite1648765726665.run(TempTestSuite1648765726665.groovy:36)
Caused by: org.openqa.selenium.ElementClickInterceptedException: element click intercepted: Element <div id="j_idt147:j_idt148:j_idt150:j_idt2125_header" class="ui-accordion-header ui-helper-reset ui-state-default ui-corner-all" role="tab" aria-expanded="false" aria-selected="false" tabindex="0">...</div> is not clickable at point (143, 179). Other element would receive the click: <div id="popupErrorDialog:dialog_popupFoto_modal" class="ui-widget-overlay ui-dialog-mask" style="z-index: 1054;"></div>
  (Session info: chrome=99.0.4844.84)
Build info: version: '3.141.59', revision: 'e82be7d358', time: '2018-11-14T08:25:53'
System info: host: 'US-AF-000371', ip: '192.168.56.1', os.name: 'Windows 10', os.arch: 'amd64', os.version: '10.0', java.version: '1.8.0_282'
Driver info: com.kms.katalon.selenium.driver.CChromeDriver
Capabilities {acceptInsecureCerts: false, browserName: chrome, browserVersion: 99.0.4844.84, chrome: {chromedriverVersion: 99.0.4844.51 (d537ec02474b5..., userDataDir: C:\Users\DIEGO~1.ROJ\AppDat...}, goog:chromeOptions: {debuggerAddress: localhost:57406}, javascriptEnabled: true, networkConnectionEnabled: false, pageLoadStrategy: normal, platform: WINDOWS, platformName: WINDOWS, proxy: Proxy(), setWindowRect: true, strictFileInteractability: false, timeouts: {implicit: 0, pageLoad: 300000, script: 30000}, unhandledPromptBehavior: dismiss and notify, webauthn:extension:credBlob: true, webauthn:extension:largeBlob: true, webauthn:virtualAuthenticators: true}
Session ID: f4304bfdf529175d0f64861175c0750a
	at org.openqa.selenium.remote.http.W3CHttpResponseCodec.createException(W3CHttpResponseCodec.java:187)
	at org.openqa.selenium.remote.http.W3CHttpResponseCodec.decode(W3CHttpResponseCodec.java:122)
	at org.openqa.selenium.remote.http.W3CHttpResponseCodec.decode(W3CHttpResponseCodec.java:49)
	at org.openqa.selenium.remote.HttpCommandExecutor.execute(HttpCommandExecutor.java:158)
	at org.openqa.selenium.remote.service.DriverCommandExecutor.execute(DriverCommandExecutor.java:83)
	at org.openqa.selenium.remote.RemoteWebDriver.execute(RemoteWebDriver.java:552)
	at com.kms.katalon.selenium.driver.CChromeDriver.execute(CChromeDriver.java:19)
	at org.openqa.selenium.remote.RemoteWebElement.execute(RemoteWebElement.java:285)
	at org.openqa.selenium.remote.RemoteWebElement.click(RemoteWebElement.java:84)
	at org.openqa.selenium.support.events.EventFiringWebDriver$EventFiringWebElement.lambda$new$0(EventFiringWebDriver.java:404)
	at com.sun.proxy.$Proxy11.click(Unknown Source)
	at org.openqa.selenium.support.events.EventFiringWebDriver$EventFiringWebElement.click(EventFiringWebDriver.java:417)
	at org.openqa.selenium.WebElement$click$0.call(Unknown Source)
	at com.kms.katalon.core.webui.keyword.builtin.ClickKeyword.clickUntilSuccessWithTimeout(ClickKeyword.groovy:81)
	at com.kms.katalon.core.webui.keyword.builtin.ClickKeyword.clickUntilSuccessWithTimeout(ClickKeyword.groovy)
	at com.kms.katalon.core.webui.keyword.builtin.ClickKeyword$_click_closure1.doCall(ClickKeyword.groovy:67)
	at com.kms.katalon.core.webui.keyword.builtin.ClickKeyword$_click_closure1.call(ClickKeyword.groovy)
	at com.kms.katalon.core.webui.keyword.internal.WebUIKeywordMain.runKeyword(WebUIKeywordMain.groovy:20)
	at com.kms.katalon.core.webui.keyword.builtin.ClickKeyword.click(ClickKeyword.groovy:74)
	at com.kms.katalon.core.webui.keyword.builtin.ClickKeyword.execute(ClickKeyword.groovy:40)
	at com.kms.katalon.core.keyword.internal.KeywordExecutor.executeKeywordForPlatform(KeywordExecutor.groovy:74)
	at com.kms.katalon.core.webui.keyword.WebUiBuiltInKeywords.click(WebUiBuiltInKeywords.groovy:620)
	at com.kms.katalon.core.webui.keyword.WebUiBuiltInKeywords$click$5.call(Unknown Source)
	at Script1637248717181.run(Script1637248717181.groovy:99)
	... 13 more
)
[[ATTACHMENT|C:\\Users\\diego.rojas\\git\\Pruebas-Minimas\\Reports\\20220331_172846\\Test_Suite_Secundaria\\4-pruebas capacitaci\u00F3n\\20220331_172846\\1648765897631.png]]]]></system-out>
         <system-err><![CDATA[2022-03-31 17:30:11 - [TEST_CASE][FAILED] - Test Cases/1.2-Tareas_Secundarias/4.1-Pruebas_Capacitación/4.1.3-Evento_de_Capacitación: Test Cases/1.2-Tareas_Secundarias/4.1-Pruebas_Capacitación/4.1.3-Evento_de_Capacitación FAILED.
Reason:
com.kms.katalon.core.exception.StepFailedException: Unable to click on object 'Object Repository/M-OBJECTS TAREAS SECUNDARIAS/Pruebas capacitacion/Evento_de_Capacitacion/div_Evento'
	at com.kms.katalon.core.webui.keyword.internal.WebUIKeywordMain.stepFailed(WebUIKeywordMain.groovy:64)
	at com.kms.katalon.core.webui.keyword.internal.WebUIKeywordMain.runKeyword(WebUIKeywordMain.groovy:26)
	at com.kms.katalon.core.webui.keyword.builtin.ClickKeyword.click(ClickKeyword.groovy:74)
	at com.kms.katalon.core.webui.keyword.builtin.ClickKeyword.execute(ClickKeyword.groovy:40)
	at com.kms.katalon.core.keyword.internal.KeywordExecutor.executeKeywordForPlatform(KeywordExecutor.groovy:74)
	at com.kms.katalon.core.webui.keyword.WebUiBuiltInKeywords.click(WebUiBuiltInKeywords.groovy:620)
	at com.kms.katalon.core.webui.keyword.WebUiBuiltInKeywords$click$5.call(Unknown Source)
	at 4.1.3-Evento_de_Capacitación.run(4.1.3-Evento_de_Capacitación:99)
	at com.kms.katalon.core.main.ScriptEngine.run(ScriptEngine.java:194)
	at com.kms.katalon.core.main.ScriptEngine.runScriptAsRawText(ScriptEngine.java:119)
	at com.kms.katalon.core.main.TestCaseExecutor.runScript(TestCaseExecutor.java:442)
	at com.kms.katalon.core.main.TestCaseExecutor.doExecute(TestCaseExecutor.java:433)
	at com.kms.katalon.core.main.TestCaseExecutor.processExecutionPhase(TestCaseExecutor.java:412)
	at com.kms.katalon.core.main.TestCaseExecutor.accessMainPhase(TestCaseExecutor.java:404)
	at com.kms.katalon.core.main.TestCaseExecutor.execute(TestCaseExecutor.java:281)
	at com.kms.katalon.core.main.TestSuiteExecutor.accessTestCaseMainPhase(TestSuiteExecutor.java:202)
	at com.kms.katalon.core.main.TestSuiteExecutor.accessTestSuiteMainPhase(TestSuiteExecutor.java:164)
	at com.kms.katalon.core.main.TestSuiteExecutor.execute(TestSuiteExecutor.java:105)
	at com.kms.katalon.core.main.TestCaseMain.startTestSuite(TestCaseMain.java:185)
	at com.kms.katalon.core.main.TestCaseMain$startTestSuite$0.call(Unknown Source)
	at TempTestSuite1648765726665.run(TempTestSuite1648765726665.groovy:36)
Caused by: org.openqa.selenium.ElementClickInterceptedException: element click intercepted: Element <div id="j_idt147:j_idt148:j_idt150:j_idt2125_header" class="ui-accordion-header ui-helper-reset ui-state-default ui-corner-all" role="tab" aria-expanded="false" aria-selected="false" tabindex="0">...</div> is not clickable at point (143, 179). Other element would receive the click: <div id="popupErrorDialog:dialog_popupFoto_modal" class="ui-widget-overlay ui-dialog-mask" style="z-index: 1054;"></div>
  (Session info: chrome=99.0.4844.84)
Build info: version: '3.141.59', revision: 'e82be7d358', time: '2018-11-14T08:25:53'
System info: host: 'US-AF-000371', ip: '192.168.56.1', os.name: 'Windows 10', os.arch: 'amd64', os.version: '10.0', java.version: '1.8.0_282'
Driver info: com.kms.katalon.selenium.driver.CChromeDriver
Capabilities {acceptInsecureCerts: false, browserName: chrome, browserVersion: 99.0.4844.84, chrome: {chromedriverVersion: 99.0.4844.51 (d537ec02474b5..., userDataDir: C:\Users\DIEGO~1.ROJ\AppDat...}, goog:chromeOptions: {debuggerAddress: localhost:57406}, javascriptEnabled: true, networkConnectionEnabled: false, pageLoadStrategy: normal, platform: WINDOWS, platformName: WINDOWS, proxy: Proxy(), setWindowRect: true, strictFileInteractability: false, timeouts: {implicit: 0, pageLoad: 300000, script: 30000}, unhandledPromptBehavior: dismiss and notify, webauthn:extension:credBlob: true, webauthn:extension:largeBlob: true, webauthn:virtualAuthenticators: true}
Session ID: f4304bfdf529175d0f64861175c0750a
	at org.openqa.selenium.remote.http.W3CHttpResponseCodec.createException(W3CHttpResponseCodec.java:187)
	at org.openqa.selenium.remote.http.W3CHttpResponseCodec.decode(W3CHttpResponseCodec.java:122)
	at org.openqa.selenium.remote.http.W3CHttpResponseCodec.decode(W3CHttpResponseCodec.java:49)
	at org.openqa.selenium.remote.HttpCommandExecutor.execute(HttpCommandExecutor.java:158)
	at org.openqa.selenium.remote.service.DriverCommandExecutor.execute(DriverCommandExecutor.java:83)
	at org.openqa.selenium.remote.RemoteWebDriver.execute(RemoteWebDriver.java:552)
	at com.kms.katalon.selenium.driver.CChromeDriver.execute(CChromeDriver.java:19)
	at org.openqa.selenium.remote.RemoteWebElement.execute(RemoteWebElement.java:285)
	at org.openqa.selenium.remote.RemoteWebElement.click(RemoteWebElement.java:84)
	at org.openqa.selenium.support.events.EventFiringWebDriver$EventFiringWebElement.lambda$new$0(EventFiringWebDriver.java:404)
	at com.sun.proxy.$Proxy11.click(Unknown Source)
	at org.openqa.selenium.support.events.EventFiringWebDriver$EventFiringWebElement.click(EventFiringWebDriver.java:417)
	at org.openqa.selenium.WebElement$click$0.call(Unknown Source)
	at com.kms.katalon.core.webui.keyword.builtin.ClickKeyword.clickUntilSuccessWithTimeout(ClickKeyword.groovy:81)
	at com.kms.katalon.core.webui.keyword.builtin.ClickKeyword.clickUntilSuccessWithTimeout(ClickKeyword.groovy)
	at com.kms.katalon.core.webui.keyword.builtin.ClickKeyword$_click_closure1.doCall(ClickKeyword.groovy:67)
	at com.kms.katalon.core.webui.keyword.builtin.ClickKeyword$_click_closure1.call(ClickKeyword.groovy)
	at com.kms.katalon.core.webui.keyword.internal.WebUIKeywordMain.runKeyword(WebUIKeywordMain.groovy:20)
	... 19 more]]></system-err>
      </testcase>
      <testcase name="Test Cases/1.2-Tareas_Secundarias/4.1-Pruebas_Capacitación/4.1.4-Crear_un_Grupo-Curso_Tipo_Evento_Grupal" time="23.385" classname="Test Cases/1.2-Tareas_Secundarias/4.1-Pruebas_Capacitación/4.1.4-Crear_un_Grupo-Curso_Tipo_Evento_Grupal" status="PASSED">
         <system-out><![CDATA[2022-03-31 17:31:37 - [TEST_CASE][PASSED] - Test Cases/1.2-Tareas_Secundarias/4.1-Pruebas_Capacitación/4.1.4-Crear_un_Grupo-Curso_Tipo_Evento_Grupal: Test Cases/1.2-Tareas_Secundarias/4.1-Pruebas_Capacitación/4.1.4-Crear_un_Grupo-Curso_Tipo_Evento_Grupal

2022-03-31 17:31:38 - [TEST_STEP][PASSED] - callTestCase(findTestCase("Utilidades-(atajos_para _tareas)/Modulos/Modulo Control Evento Capacitacion"), [:], STOP_ON_FAILURE): Call Test Case 'Test Cases/Utilidades-(atajos_para _tareas)/Modulos/Modulo Control Evento Capacitacion' successfully

2022-03-31 17:31:38 - [TEST_CASE][PASSED] - Test Cases/Utilidades-(atajos_para _tareas)/Modulos/Modulo Control Evento Capacitacion: Test Cases/Utilidades-(atajos_para _tareas)/Modulos/Modulo Control Evento Capacitacion

2022-03-31 17:31:38 - [TEST_STEP][PASSED] - callTestCase(findTestCase("0.1-Login"), [:], STOP_ON_FAILURE): Call Test Case 'Test Cases/0.1-Login' successfully

2022-03-31 17:31:38 - [TEST_CASE][PASSED] - Test Cases/0.1-Login: Test Cases/0.1-Login

2022-03-31 17:31:38 - [TEST_STEP][PASSED] - openBrowser(""): Browser is opened with url: ''

2022-03-31 17:31:38 - [MESSAGE][WARNING] - A browser is already opened. Closing browser and opening a new one

2022-03-31 17:31:39 - [MESSAGE][INFO] - Starting 'Chrome' driver

2022-03-31 17:31:39 - [MESSAGE][INFO] - Action delay is set to 150 milliseconds

2022-03-31 17:31:40 - [MESSAGE][PASSED] - Browser is opened with url: ''

2022-03-31 17:31:40 - [TEST_STEP][PASSED] - maximizeWindow(): Current window maximized

2022-03-31 17:31:40 - [MESSAGE][PASSED] - Current window maximized

2022-03-31 17:31:40 - [TEST_STEP][PASSED] - i = G_Login: null

2022-03-31 17:31:40 - [TEST_STEP][PASSED] - url = new java.net.URL(i): null

2022-03-31 17:31:40 - [TEST_STEP][PASSED] - println("URL: " + url.toString()): null

2022-03-31 17:31:40 - [TEST_STEP][PASSED] - connection = url.openConnection(): null

2022-03-31 17:31:40 - [TEST_STEP][PASSED] - connection.setRequestMethod("GET"): null

2022-03-31 17:31:40 - [TEST_STEP][PASSED] - connection.setReadTimeout(2 * 1000): null

2022-03-31 17:31:40 - [TEST_STEP][PASSED] - try: null

2022-03-31 17:31:40 - [TEST_STEP][PASSED] - connection.connect(): null

2022-03-31 17:31:40 - [TEST_STEP][PASSED] - flag = connected: null

2022-03-31 17:31:40 - [TEST_STEP][PASSED] - println("Valor_ori: " + flag): null

2022-03-31 17:31:40 - [TEST_STEP][PASSED] - if (flag): null

2022-03-31 17:31:40 - [TEST_STEP][PASSED] - navigateToUrl(i): Navigate to 'http://192.168.2.19:8380/saraweb' successfully

2022-03-31 17:31:41 - [MESSAGE][PASSED] - Navigate to 'http://192.168.2.19:8380/saraweb' successfully

2022-03-31 17:31:41 - [TEST_STEP][PASSED] - a(): null

2022-03-31 17:31:41 - [TEST_STEP][PASSED] - setText(findTestObject("Login/input_USUARIO_loginusuario"), G_Usuario): Text 'saraadmin' is set on object 'Object Repository/Login/input_USUARIO_loginusuario'

2022-03-31 17:31:42 - [MESSAGE][PASSED] - Text 'saraadmin' is set on object 'Object Repository/Login/input_USUARIO_loginusuario'

2022-03-31 17:31:42 - [TEST_STEP][PASSED] - setEncryptedText(findTestObject("Login/input_CLAVE_loginpassword"), "MkG4/TYiCFC3cb2driP7+Q=="): Text ****** has been set on object 'Object Repository/Login/input_CLAVE_loginpassword'

2022-03-31 17:31:43 - [MESSAGE][PASSED] - Text ****** has been set on object 'Object Repository/Login/input_CLAVE_loginpassword'

2022-03-31 17:31:43 - [TEST_STEP][PASSED] - waitForElementClickable(findTestObject("Login/a_Ingresar"), G_TimeOut): Object 'Object Repository/Login/a_Ingresar' is clickable

2022-03-31 17:31:43 - [MESSAGE][PASSED] - Object 'Object Repository/Login/a_Ingresar' is clickable

2022-03-31 17:31:43 - [TEST_STEP][PASSED] - click(findTestObject("Login/a_Ingresar")): Object: 'Object Repository/Login/a_Ingresar' is clicked on

2022-03-31 17:31:45 - [MESSAGE][PASSED] - Object: 'Object Repository/Login/a_Ingresar' is clicked on

2022-03-31 17:31:45 - [TEST_STEP][PASSED] - element = findWebElement(findTestObject("Login/a_Ir"), 30): null

2022-03-31 17:31:45 - [TEST_STEP][PASSED] - executeJavaScript("arguments[0].click()", Arrays.asList(element)): Execute JavaScript 'arguments[0].click()' successfully

2022-03-31 17:31:45 - [MESSAGE][PASSED] - Execute JavaScript 'arguments[0].click()' successfully

2022-03-31 17:31:45 - [MESSAGE][PASSED] - Call Test Case 'Test Cases/0.1-Login' successfully

2022-03-31 17:31:45 - [TEST_STEP][PASSED] - setText(findTestObject("Modulo Control Evento Capacitacion/input_ADMINISTRADOR DEL SISTEMA - SARA_form_templatej_idt24_input"), "Control Evento"): Text 'Control Evento' is set on object 'Object Repository/Modulo Control Evento Capacitacion/input_ADMINISTRADOR DEL SISTEMA - SARA_form_templatej_idt24_input'

2022-03-31 17:31:47 - [MESSAGE][PASSED] - Text 'Control Evento' is set on object 'Object Repository/Modulo Control Evento Capacitacion/input_ADMINISTRADOR DEL SISTEMA - SARA_form_templatej_idt24_input'

2022-03-31 17:31:47 - [TEST_STEP][PASSED] - click(findTestObject("Modulo Control Evento Capacitacion/li_Control Evento Capacitacion (cap)")): Object: 'Object Repository/Modulo Control Evento Capacitacion/li_Control Evento Capacitacion (cap)' is clicked on

2022-03-31 17:31:48 - [MESSAGE][PASSED] - Object: 'Object Repository/Modulo Control Evento Capacitacion/li_Control Evento Capacitacion (cap)' is clicked on

2022-03-31 17:31:48 - [MESSAGE][PASSED] - Call Test Case 'Test Cases/Utilidades-(atajos_para _tareas)/Modulos/Modulo Control Evento Capacitacion' successfully

2022-03-31 17:31:48 - [TEST_STEP][PASSED] - if (waitForElementClickable(findTestObject("M-OBJECTS TAREAS SECUNDARIAS/Pruebas capacitacion/Crear_un_Grupo-Curso_Tipo_Evento_Grupal/td_Prueba"), 1)): null

2022-03-31 17:31:50 - [MESSAGE][PASSED] - Object 'Object Repository/M-OBJECTS TAREAS SECUNDARIAS/Pruebas capacitacion/Crear_un_Grupo-Curso_Tipo_Evento_Grupal/td_Prueba' is clickable

2022-03-31 17:31:50 - [TEST_STEP][PASSED] - click(findTestObject("M-OBJECTS TAREAS SECUNDARIAS/Pruebas capacitacion/Crear_un_Grupo-Curso_Tipo_Evento_Grupal/td_Prueba")): Object: 'Object Repository/M-OBJECTS TAREAS SECUNDARIAS/Pruebas capacitacion/Crear_un_Grupo-Curso_Tipo_Evento_Grupal/td_Prueba' is clicked on

2022-03-31 17:31:50 - [MESSAGE][PASSED] - Object: 'Object Repository/M-OBJECTS TAREAS SECUNDARIAS/Pruebas capacitacion/Crear_un_Grupo-Curso_Tipo_Evento_Grupal/td_Prueba' is clicked on

2022-03-31 17:31:50 - [TEST_STEP][PASSED] - click(findTestObject("M-OBJECTS TAREAS SECUNDARIAS/Pruebas capacitacion/Crear_un_Grupo-Curso_Tipo_Evento_Grupal/div_Grupos")): Object: 'Object Repository/M-OBJECTS TAREAS SECUNDARIAS/Pruebas capacitacion/Crear_un_Grupo-Curso_Tipo_Evento_Grupal/div_Grupos' is clicked on

2022-03-31 17:31:51 - [MESSAGE][PASSED] - Object: 'Object Repository/M-OBJECTS TAREAS SECUNDARIAS/Pruebas capacitacion/Crear_un_Grupo-Curso_Tipo_Evento_Grupal/div_Grupos' is clicked on

2022-03-31 17:31:51 - [TEST_STEP][PASSED] - click(findTestObject("M-OBJECTS TAREAS SECUNDARIAS/Pruebas capacitacion/Crear_un_Grupo-Curso_Tipo_Evento_Grupal/a_Registro")): Object: 'Object Repository/M-OBJECTS TAREAS SECUNDARIAS/Pruebas capacitacion/Crear_un_Grupo-Curso_Tipo_Evento_Grupal/a_Registro' is clicked on

2022-03-31 17:31:52 - [MESSAGE][PASSED] - Object: 'Object Repository/M-OBJECTS TAREAS SECUNDARIAS/Pruebas capacitacion/Crear_un_Grupo-Curso_Tipo_Evento_Grupal/a_Registro' is clicked on

2022-03-31 17:31:52 - [TEST_STEP][PASSED] - if (waitForElementVisible(findTestObject("M-OBJECTS TAREAS SECUNDARIAS/Pruebas capacitacion/Crear_un_Grupo-Curso_Tipo_Evento_Grupal/td_Prueba1"), 1)): Object 'Object Repository/M-OBJECTS TAREAS SECUNDARIAS/Pruebas capacitacion/Crear_un_Grupo-Curso_Tipo_Evento_Grupal/td_Prueba1' is not visible after 1 second(s)

2022-03-31 17:31:54 - [MESSAGE][WARNING] - Object 'Object Repository/M-OBJECTS TAREAS SECUNDARIAS/Pruebas capacitacion/Crear_un_Grupo-Curso_Tipo_Evento_Grupal/td_Prueba1' is not visible after 1 second(s)

2022-03-31 17:31:54 - [TEST_STEP][PASSED] - click(findTestObject("M-OBJECTS TAREAS SECUNDARIAS/Pruebas capacitacion/Crear_un_Grupo-Curso_Tipo_Evento_Grupal/a_Nuevo")): Object: 'Object Repository/M-OBJECTS TAREAS SECUNDARIAS/Pruebas capacitacion/Crear_un_Grupo-Curso_Tipo_Evento_Grupal/a_Nuevo' is clicked on

2022-03-31 17:31:54 - [MESSAGE][PASSED] - Object: 'Object Repository/M-OBJECTS TAREAS SECUNDARIAS/Pruebas capacitacion/Crear_un_Grupo-Curso_Tipo_Evento_Grupal/a_Nuevo' is clicked on

2022-03-31 17:31:54 - [TEST_STEP][PASSED] - setText(findTestObject("M-OBJECTS TAREAS SECUNDARIAS/Pruebas capacitacion/Crear_un_Grupo-Curso_Tipo_Evento_Grupal/input_Cdigo_popupGruposEvento_formcodigo"), "5"): Text '5' is set on object 'Object Repository/M-OBJECTS TAREAS SECUNDARIAS/Pruebas capacitacion/Crear_un_Grupo-Curso_Tipo_Evento_Grupal/input_Cdigo_popupGruposEvento_formcodigo'

2022-03-31 17:31:56 - [MESSAGE][PASSED] - Text '5' is set on object 'Object Repository/M-OBJECTS TAREAS SECUNDARIAS/Pruebas capacitacion/Crear_un_Grupo-Curso_Tipo_Evento_Grupal/input_Cdigo_popupGruposEvento_formcodigo'

2022-03-31 17:31:56 - [TEST_STEP][PASSED] - setText(findTestObject("M-OBJECTS TAREAS SECUNDARIAS/Pruebas capacitacion/Crear_un_Grupo-Curso_Tipo_Evento_Grupal/input_Descripcin_popupGruposEvento_formdescripcion"), "Pruebas k"): Text 'Pruebas k' is set on object 'Object Repository/M-OBJECTS TAREAS SECUNDARIAS/Pruebas capacitacion/Crear_un_Grupo-Curso_Tipo_Evento_Grupal/input_Descripcin_popupGruposEvento_formdescripcion'

2022-03-31 17:31:57 - [MESSAGE][PASSED] - Text 'Pruebas k' is set on object 'Object Repository/M-OBJECTS TAREAS SECUNDARIAS/Pruebas capacitacion/Crear_un_Grupo-Curso_Tipo_Evento_Grupal/input_Descripcin_popupGruposEvento_formdescripcion'

2022-03-31 17:31:57 - [TEST_STEP][PASSED] - setText(findTestObject("M-OBJECTS TAREAS SECUNDARIAS/Pruebas capacitacion/Crear_un_Grupo-Curso_Tipo_Evento_Grupal/input_Horario_popupGruposEvento_formhorario"), "16:00"): Text '16:00' is set on object 'Object Repository/M-OBJECTS TAREAS SECUNDARIAS/Pruebas capacitacion/Crear_un_Grupo-Curso_Tipo_Evento_Grupal/input_Horario_popupGruposEvento_formhorario'

2022-03-31 17:31:58 - [MESSAGE][PASSED] - Text '16:00' is set on object 'Object Repository/M-OBJECTS TAREAS SECUNDARIAS/Pruebas capacitacion/Crear_un_Grupo-Curso_Tipo_Evento_Grupal/input_Horario_popupGruposEvento_formhorario'

2022-03-31 17:31:58 - [TEST_STEP][PASSED] - setText(findTestObject("M-OBJECTS TAREAS SECUNDARIAS/Pruebas capacitacion/Crear_un_Grupo-Curso_Tipo_Evento_Grupal/input_Cupo_popupGruposEvento_formcupo"), "100"): Text '100' is set on object 'Object Repository/M-OBJECTS TAREAS SECUNDARIAS/Pruebas capacitacion/Crear_un_Grupo-Curso_Tipo_Evento_Grupal/input_Cupo_popupGruposEvento_formcupo'

2022-03-31 17:31:59 - [MESSAGE][PASSED] - Text '100' is set on object 'Object Repository/M-OBJECTS TAREAS SECUNDARIAS/Pruebas capacitacion/Crear_un_Grupo-Curso_Tipo_Evento_Grupal/input_Cupo_popupGruposEvento_formcupo'

2022-03-31 17:31:59 - [TEST_STEP][PASSED] - click(findTestObject("M-OBJECTS TAREAS SECUNDARIAS/Pruebas capacitacion/Crear_un_Grupo-Curso_Tipo_Evento_Grupal/a_Guardar")): Object: 'Object Repository/M-OBJECTS TAREAS SECUNDARIAS/Pruebas capacitacion/Crear_un_Grupo-Curso_Tipo_Evento_Grupal/a_Guardar' is clicked on

2022-03-31 17:32:00 - [MESSAGE][PASSED] - Object: 'Object Repository/M-OBJECTS TAREAS SECUNDARIAS/Pruebas capacitacion/Crear_un_Grupo-Curso_Tipo_Evento_Grupal/a_Guardar' is clicked on

2022-03-31 17:32:00 - [TEST_STEP][PASSED] - closeBrowser(): Browser is closed

2022-03-31 17:32:01 - [MESSAGE][PASSED] - Browser is closed]]></system-out>
         <system-err><![CDATA[]]></system-err>
      </testcase>
      <testcase name="Test Cases/1.2-Tareas_Secundarias/4.1-Pruebas_Capacitación/4.1.5-Insribir_un_asistente" time="31.65" classname="Test Cases/1.2-Tareas_Secundarias/4.1-Pruebas_Capacitación/4.1.5-Insribir_un_asistente" status="PASSED">
         <system-out><![CDATA[2022-03-31 17:32:01 - [TEST_CASE][PASSED] - Test Cases/1.2-Tareas_Secundarias/4.1-Pruebas_Capacitación/4.1.5-Insribir_un_asistente: Test Cases/1.2-Tareas_Secundarias/4.1-Pruebas_Capacitación/4.1.5-Insribir_un_asistente

2022-03-31 17:32:01 - [TEST_STEP][PASSED] - comment("PENDIENTE POR REPARAR FALLA SE PUEDE EJECUTAR PERO FALLA"): PENDIENTE POR REPARAR FALLA SE PUEDE EJECUTAR PERO FALLA

2022-03-31 17:32:01 - [MESSAGE][INFO] - PENDIENTE POR REPARAR FALLA SE PUEDE EJECUTAR PERO FALLA

2022-03-31 17:32:01 - [TEST_STEP][PASSED] - callTestCase(findTestCase("Utilidades-(atajos_para _tareas)/Modulos/Modulo Control Evento Capacitacion"), [:], STOP_ON_FAILURE): Call Test Case 'Test Cases/Utilidades-(atajos_para _tareas)/Modulos/Modulo Control Evento Capacitacion' successfully

2022-03-31 17:32:01 - [TEST_CASE][PASSED] - Test Cases/Utilidades-(atajos_para _tareas)/Modulos/Modulo Control Evento Capacitacion: Test Cases/Utilidades-(atajos_para _tareas)/Modulos/Modulo Control Evento Capacitacion

2022-03-31 17:32:01 - [TEST_STEP][PASSED] - callTestCase(findTestCase("0.1-Login"), [:], STOP_ON_FAILURE): Call Test Case 'Test Cases/0.1-Login' successfully

2022-03-31 17:32:01 - [TEST_CASE][PASSED] - Test Cases/0.1-Login: Test Cases/0.1-Login

2022-03-31 17:32:01 - [TEST_STEP][PASSED] - openBrowser(""): Browser is opened with url: ''

2022-03-31 17:32:01 - [MESSAGE][INFO] - Starting 'Chrome' driver

2022-03-31 17:32:01 - [MESSAGE][INFO] - Action delay is set to 150 milliseconds

2022-03-31 17:32:03 - [MESSAGE][PASSED] - Browser is opened with url: ''

2022-03-31 17:32:03 - [TEST_STEP][PASSED] - maximizeWindow(): Current window maximized

2022-03-31 17:32:03 - [MESSAGE][PASSED] - Current window maximized

2022-03-31 17:32:03 - [TEST_STEP][PASSED] - i = G_Login: null

2022-03-31 17:32:03 - [TEST_STEP][PASSED] - url = new java.net.URL(i): null

2022-03-31 17:32:03 - [TEST_STEP][PASSED] - println("URL: " + url.toString()): null

2022-03-31 17:32:03 - [TEST_STEP][PASSED] - connection = url.openConnection(): null

2022-03-31 17:32:03 - [TEST_STEP][PASSED] - connection.setRequestMethod("GET"): null

2022-03-31 17:32:03 - [TEST_STEP][PASSED] - connection.setReadTimeout(2 * 1000): null

2022-03-31 17:32:03 - [TEST_STEP][PASSED] - try: null

2022-03-31 17:32:03 - [TEST_STEP][PASSED] - connection.connect(): null

2022-03-31 17:32:03 - [TEST_STEP][PASSED] - flag = connected: null

2022-03-31 17:32:03 - [TEST_STEP][PASSED] - println("Valor_ori: " + flag): null

2022-03-31 17:32:03 - [TEST_STEP][PASSED] - if (flag): null

2022-03-31 17:32:03 - [TEST_STEP][PASSED] - navigateToUrl(i): Navigate to 'http://192.168.2.19:8380/saraweb' successfully

2022-03-31 17:32:03 - [MESSAGE][PASSED] - Navigate to 'http://192.168.2.19:8380/saraweb' successfully

2022-03-31 17:32:03 - [TEST_STEP][PASSED] - a(): null

2022-03-31 17:32:03 - [TEST_STEP][PASSED] - setText(findTestObject("Login/input_USUARIO_loginusuario"), G_Usuario): Text 'saraadmin' is set on object 'Object Repository/Login/input_USUARIO_loginusuario'

2022-03-31 17:32:04 - [MESSAGE][PASSED] - Text 'saraadmin' is set on object 'Object Repository/Login/input_USUARIO_loginusuario'

2022-03-31 17:32:04 - [TEST_STEP][PASSED] - setEncryptedText(findTestObject("Login/input_CLAVE_loginpassword"), "MkG4/TYiCFC3cb2driP7+Q=="): Text ****** has been set on object 'Object Repository/Login/input_CLAVE_loginpassword'

2022-03-31 17:32:05 - [MESSAGE][PASSED] - Text ****** has been set on object 'Object Repository/Login/input_CLAVE_loginpassword'

2022-03-31 17:32:05 - [TEST_STEP][PASSED] - waitForElementClickable(findTestObject("Login/a_Ingresar"), G_TimeOut): Object 'Object Repository/Login/a_Ingresar' is clickable

2022-03-31 17:32:06 - [MESSAGE][PASSED] - Object 'Object Repository/Login/a_Ingresar' is clickable

2022-03-31 17:32:06 - [TEST_STEP][PASSED] - click(findTestObject("Login/a_Ingresar")): Object: 'Object Repository/Login/a_Ingresar' is clicked on

2022-03-31 17:32:07 - [MESSAGE][PASSED] - Object: 'Object Repository/Login/a_Ingresar' is clicked on

2022-03-31 17:32:07 - [TEST_STEP][PASSED] - element = findWebElement(findTestObject("Login/a_Ir"), 30): null

2022-03-31 17:32:08 - [TEST_STEP][PASSED] - executeJavaScript("arguments[0].click()", Arrays.asList(element)): Execute JavaScript 'arguments[0].click()' successfully

2022-03-31 17:32:08 - [MESSAGE][PASSED] - Execute JavaScript 'arguments[0].click()' successfully

2022-03-31 17:32:08 - [MESSAGE][PASSED] - Call Test Case 'Test Cases/0.1-Login' successfully

2022-03-31 17:32:08 - [TEST_STEP][PASSED] - setText(findTestObject("Modulo Control Evento Capacitacion/input_ADMINISTRADOR DEL SISTEMA - SARA_form_templatej_idt24_input"), "Control Evento"): Text 'Control Evento' is set on object 'Object Repository/Modulo Control Evento Capacitacion/input_ADMINISTRADOR DEL SISTEMA - SARA_form_templatej_idt24_input'

2022-03-31 17:32:09 - [MESSAGE][PASSED] - Text 'Control Evento' is set on object 'Object Repository/Modulo Control Evento Capacitacion/input_ADMINISTRADOR DEL SISTEMA - SARA_form_templatej_idt24_input'

2022-03-31 17:32:09 - [TEST_STEP][PASSED] - click(findTestObject("Modulo Control Evento Capacitacion/li_Control Evento Capacitacion (cap)")): Object: 'Object Repository/Modulo Control Evento Capacitacion/li_Control Evento Capacitacion (cap)' is clicked on

2022-03-31 17:32:11 - [MESSAGE][PASSED] - Object: 'Object Repository/Modulo Control Evento Capacitacion/li_Control Evento Capacitacion (cap)' is clicked on

2022-03-31 17:32:11 - [MESSAGE][PASSED] - Call Test Case 'Test Cases/Utilidades-(atajos_para _tareas)/Modulos/Modulo Control Evento Capacitacion' successfully

2022-03-31 17:32:11 - [TEST_STEP][PASSED] - click(findTestObject("M-OBJECTS TAREAS SECUNDARIAS/Pruebas capacitacion/Inscribir_un_asistente/td_Prueba")): Object: 'Object Repository/M-OBJECTS TAREAS SECUNDARIAS/Pruebas capacitacion/Inscribir_un_asistente/td_Prueba' is clicked on

2022-03-31 17:32:13 - [MESSAGE][PASSED] - Object: 'Object Repository/M-OBJECTS TAREAS SECUNDARIAS/Pruebas capacitacion/Inscribir_un_asistente/td_Prueba' is clicked on

2022-03-31 17:32:13 - [TEST_STEP][PASSED] - click(findTestObject("M-OBJECTS TAREAS SECUNDARIAS/Pruebas capacitacion/Inscribir_un_asistente/div_Asistentes")): Object: 'Object Repository/M-OBJECTS TAREAS SECUNDARIAS/Pruebas capacitacion/Inscribir_un_asistente/div_Asistentes' is clicked on

2022-03-31 17:32:14 - [MESSAGE][PASSED] - Object: 'Object Repository/M-OBJECTS TAREAS SECUNDARIAS/Pruebas capacitacion/Inscribir_un_asistente/div_Asistentes' is clicked on

2022-03-31 17:32:14 - [TEST_STEP][PASSED] - click(findTestObject("M-OBJECTS TAREAS SECUNDARIAS/Pruebas capacitacion/Inscribir_un_asistente/a_Registro")): Object: 'Object Repository/M-OBJECTS TAREAS SECUNDARIAS/Pruebas capacitacion/Inscribir_un_asistente/a_Registro' is clicked on

2022-03-31 17:32:14 - [MESSAGE][PASSED] - Object: 'Object Repository/M-OBJECTS TAREAS SECUNDARIAS/Pruebas capacitacion/Inscribir_un_asistente/a_Registro' is clicked on

2022-03-31 17:32:14 - [TEST_STEP][PASSED] - if (waitForElementPresent(findTestObject("M-OBJECTS TAREAS SECUNDARIAS/Pruebas capacitacion/Inscribir_un_asistente/td_prueba ka Pruebas"), 1)): null

2022-03-31 17:32:15 - [MESSAGE][PASSED] - Object 'Object Repository/M-OBJECTS TAREAS SECUNDARIAS/Pruebas capacitacion/Inscribir_un_asistente/td_prueba ka Pruebas' is present

2022-03-31 17:32:15 - [TEST_STEP][PASSED] - click(findTestObject("M-OBJECTS TAREAS SECUNDARIAS/Pruebas capacitacion/Inscribir_un_asistente/td_prueba ka Pruebas")): Object: 'Object Repository/M-OBJECTS TAREAS SECUNDARIAS/Pruebas capacitacion/Inscribir_un_asistente/td_prueba ka Pruebas' is clicked on

2022-03-31 17:32:15 - [MESSAGE][PASSED] - Object: 'Object Repository/M-OBJECTS TAREAS SECUNDARIAS/Pruebas capacitacion/Inscribir_un_asistente/td_prueba ka Pruebas' is clicked on

2022-03-31 17:32:15 - [TEST_STEP][PASSED] - click(findTestObject("M-OBJECTS TAREAS SECUNDARIAS/Pruebas capacitacion/Inscribir_un_asistente/a_Eliminar")): Object: 'Object Repository/M-OBJECTS TAREAS SECUNDARIAS/Pruebas capacitacion/Inscribir_un_asistente/a_Eliminar' is clicked on

2022-03-31 17:32:16 - [MESSAGE][PASSED] - Object: 'Object Repository/M-OBJECTS TAREAS SECUNDARIAS/Pruebas capacitacion/Inscribir_un_asistente/a_Eliminar' is clicked on

2022-03-31 17:32:16 - [TEST_STEP][PASSED] - click(findTestObject("M-OBJECTS TAREAS SECUNDARIAS/Pruebas capacitacion/Inscribir_un_asistente/a_Aceptar_eliminar")): Object: 'Object Repository/M-OBJECTS TAREAS SECUNDARIAS/Pruebas capacitacion/Inscribir_un_asistente/a_Aceptar_eliminar' is clicked on

2022-03-31 17:32:17 - [MESSAGE][PASSED] - Object: 'Object Repository/M-OBJECTS TAREAS SECUNDARIAS/Pruebas capacitacion/Inscribir_un_asistente/a_Aceptar_eliminar' is clicked on

2022-03-31 17:32:17 - [TEST_STEP][PASSED] - click(findTestObject("M-OBJECTS TAREAS SECUNDARIAS/Pruebas capacitacion/Inscribir_un_asistente/a_Nuevo")): Object: 'Object Repository/M-OBJECTS TAREAS SECUNDARIAS/Pruebas capacitacion/Inscribir_un_asistente/a_Nuevo' is clicked on

2022-03-31 17:32:18 - [MESSAGE][PASSED] - Object: 'Object Repository/M-OBJECTS TAREAS SECUNDARIAS/Pruebas capacitacion/Inscribir_un_asistente/a_Nuevo' is clicked on

2022-03-31 17:32:18 - [TEST_STEP][PASSED] - selectOptionByIndex(findTestObject("M-OBJECTS TAREAS SECUNDARIAS/Pruebas capacitacion/Inscribir_un_asistente/select_SeleccioneExternoInterno"), 1): All options with index in [1] are selected on object 'Object Repository/M-OBJECTS TAREAS SECUNDARIAS/Pruebas capacitacion/Inscribir_un_asistente/select_SeleccioneExternoInterno'

2022-03-31 17:32:20 - [MESSAGE][PASSED] - All options with index in [1] are selected on object 'Object Repository/M-OBJECTS TAREAS SECUNDARIAS/Pruebas capacitacion/Inscribir_un_asistente/select_SeleccioneExternoInterno'

2022-03-31 17:32:20 - [TEST_STEP][PASSED] - setText(findTestObject("M-OBJECTS TAREAS SECUNDARIAS/Pruebas capacitacion/Inscribir_un_asistente/input_Documento_formAsistenteEventopanelTabAsistenteEvendocumentoAsistenteAlfaNumerico"), "123456789"): Text '123456789' is set on object 'Object Repository/M-OBJECTS TAREAS SECUNDARIAS/Pruebas capacitacion/Inscribir_un_asistente/input_Documento_formAsistenteEventopanelTabAsistenteEvendocumentoAsistenteAlfaNumerico'

2022-03-31 17:32:21 - [MESSAGE][PASSED] - Text '123456789' is set on object 'Object Repository/M-OBJECTS TAREAS SECUNDARIAS/Pruebas capacitacion/Inscribir_un_asistente/input_Documento_formAsistenteEventopanelTabAsistenteEvendocumentoAsistenteAlfaNumerico'

2022-03-31 17:32:21 - [TEST_STEP][PASSED] - setText(findTestObject("M-OBJECTS TAREAS SECUNDARIAS/Pruebas capacitacion/Inscribir_un_asistente/input_Nombres_formAsistenteEventopanelTabAsistenteEvennombresAsistente"), "Pruebas"): Text 'Pruebas' is set on object 'Object Repository/M-OBJECTS TAREAS SECUNDARIAS/Pruebas capacitacion/Inscribir_un_asistente/input_Nombres_formAsistenteEventopanelTabAsistenteEvennombresAsistente'

2022-03-31 17:32:22 - [MESSAGE][PASSED] - Text 'Pruebas' is set on object 'Object Repository/M-OBJECTS TAREAS SECUNDARIAS/Pruebas capacitacion/Inscribir_un_asistente/input_Nombres_formAsistenteEventopanelTabAsistenteEvennombresAsistente'

2022-03-31 17:32:22 - [TEST_STEP][PASSED] - setText(findTestObject("M-OBJECTS TAREAS SECUNDARIAS/Pruebas capacitacion/Inscribir_un_asistente/input_Primer Apellido_formAsistenteEventopanelTabAsistenteEvenprimerApellidoAsistente"), "prueba"): Text 'prueba' is set on object 'Object Repository/M-OBJECTS TAREAS SECUNDARIAS/Pruebas capacitacion/Inscribir_un_asistente/input_Primer Apellido_formAsistenteEventopanelTabAsistenteEvenprimerApellidoAsistente'

2022-03-31 17:32:24 - [MESSAGE][PASSED] - Text 'prueba' is set on object 'Object Repository/M-OBJECTS TAREAS SECUNDARIAS/Pruebas capacitacion/Inscribir_un_asistente/input_Primer Apellido_formAsistenteEventopanelTabAsistenteEvenprimerApellidoAsistente'

2022-03-31 17:32:24 - [TEST_STEP][PASSED] - setText(findTestObject("M-OBJECTS TAREAS SECUNDARIAS/Pruebas capacitacion/Inscribir_un_asistente/input_Segundo Apellido_formAsistenteEventopanelTabAsistenteEvensegundoApellidoAsistente"), "ka"): Text 'ka' is set on object 'Object Repository/M-OBJECTS TAREAS SECUNDARIAS/Pruebas capacitacion/Inscribir_un_asistente/input_Segundo Apellido_formAsistenteEventopanelTabAsistenteEvensegundoApellidoAsistente'

2022-03-31 17:32:25 - [MESSAGE][PASSED] - Text 'ka' is set on object 'Object Repository/M-OBJECTS TAREAS SECUNDARIAS/Pruebas capacitacion/Inscribir_un_asistente/input_Segundo Apellido_formAsistenteEventopanelTabAsistenteEvensegundoApellidoAsistente'

2022-03-31 17:32:25 - [TEST_STEP][PASSED] - setText(findTestObject("M-OBJECTS TAREAS SECUNDARIAS/Pruebas capacitacion/Inscribir_un_asistente/input_Email_formAsistenteEventopanelTabAsistenteEvenemail"), "autotestus1994@gmail.com"): Text 'autotestus1994@gmail.com' is set on object 'Object Repository/M-OBJECTS TAREAS SECUNDARIAS/Pruebas capacitacion/Inscribir_un_asistente/input_Email_formAsistenteEventopanelTabAsistenteEvenemail'

2022-03-31 17:32:26 - [MESSAGE][PASSED] - Text 'autotestus1994@gmail.com' is set on object 'Object Repository/M-OBJECTS TAREAS SECUNDARIAS/Pruebas capacitacion/Inscribir_un_asistente/input_Email_formAsistenteEventopanelTabAsistenteEvenemail'

2022-03-31 17:32:26 - [TEST_STEP][PASSED] - setText(findTestObject("M-OBJECTS TAREAS SECUNDARIAS/Pruebas capacitacion/Inscribir_un_asistente/input_Tipo de Vinculacin_formAsistenteEventopanelTabAsistenteEventipovinculacion"), "null"): Text 'null' is set on object 'Object Repository/M-OBJECTS TAREAS SECUNDARIAS/Pruebas capacitacion/Inscribir_un_asistente/input_Tipo de Vinculacin_formAsistenteEventopanelTabAsistenteEventipovinculacion'

2022-03-31 17:32:27 - [MESSAGE][PASSED] - Text 'null' is set on object 'Object Repository/M-OBJECTS TAREAS SECUNDARIAS/Pruebas capacitacion/Inscribir_un_asistente/input_Tipo de Vinculacin_formAsistenteEventopanelTabAsistenteEventipovinculacion'

2022-03-31 17:32:27 - [TEST_STEP][PASSED] - selectOptionByIndex(findTestObject("M-OBJECTS TAREAS SECUNDARIAS/Pruebas capacitacion/Inscribir_un_asistente/select_SeleccioneACEPTADOFINALIZADOINSCRITONO ACEPTADONO APROBADONO ASISTIO"), "3"): All options with index in [3] are selected on object 'Object Repository/M-OBJECTS TAREAS SECUNDARIAS/Pruebas capacitacion/Inscribir_un_asistente/select_SeleccioneACEPTADOFINALIZADOINSCRITONO ACEPTADONO APROBADONO ASISTIO'

2022-03-31 17:32:28 - [MESSAGE][PASSED] - All options with index in [3] are selected on object 'Object Repository/M-OBJECTS TAREAS SECUNDARIAS/Pruebas capacitacion/Inscribir_un_asistente/select_SeleccioneACEPTADOFINALIZADOINSCRITONO ACEPTADONO APROBADONO ASISTIO'

2022-03-31 17:32:28 - [TEST_STEP][PASSED] - selectOptionByIndex(findTestObject("M-OBJECTS TAREAS SECUNDARIAS/Pruebas capacitacion/Inscribir_un_asistente/select_SeleccionePrueba"), "1"): All options with index in [1] are selected on object 'Object Repository/M-OBJECTS TAREAS SECUNDARIAS/Pruebas capacitacion/Inscribir_un_asistente/select_SeleccionePrueba'

2022-03-31 17:32:29 - [MESSAGE][PASSED] - All options with index in [1] are selected on object 'Object Repository/M-OBJECTS TAREAS SECUNDARIAS/Pruebas capacitacion/Inscribir_un_asistente/select_SeleccionePrueba'

2022-03-31 17:32:29 - [TEST_STEP][PASSED] - selectOptionByIndex(findTestObject("M-OBJECTS TAREAS SECUNDARIAS/Pruebas capacitacion/Inscribir_un_asistente/select_SeleccionePrueba1pruebaPRUEBA PLAN CAPACITACIONPRUEBA SILVIA"), "1"): All options with index in [1] are selected on object 'Object Repository/M-OBJECTS TAREAS SECUNDARIAS/Pruebas capacitacion/Inscribir_un_asistente/select_SeleccionePrueba1pruebaPRUEBA PLAN CAPACITACIONPRUEBA SILVIA'

2022-03-31 17:32:31 - [MESSAGE][PASSED] - All options with index in [1] are selected on object 'Object Repository/M-OBJECTS TAREAS SECUNDARIAS/Pruebas capacitacion/Inscribir_un_asistente/select_SeleccionePrueba1pruebaPRUEBA PLAN CAPACITACIONPRUEBA SILVIA'

2022-03-31 17:32:31 - [TEST_STEP][PASSED] - setText(findTestObject("M-OBJECTS TAREAS SECUNDARIAS/Pruebas capacitacion/Inscribir_un_asistente/textarea_Observacin_formAsistenteEventopanelTabAsistenteEvenobservacion"), "Pruebas"): Text 'Pruebas' is set on object 'Object Repository/M-OBJECTS TAREAS SECUNDARIAS/Pruebas capacitacion/Inscribir_un_asistente/textarea_Observacin_formAsistenteEventopanelTabAsistenteEvenobservacion'

2022-03-31 17:32:32 - [MESSAGE][PASSED] - Text 'Pruebas' is set on object 'Object Repository/M-OBJECTS TAREAS SECUNDARIAS/Pruebas capacitacion/Inscribir_un_asistente/textarea_Observacin_formAsistenteEventopanelTabAsistenteEvenobservacion'

2022-03-31 17:32:32 - [TEST_STEP][PASSED] - click(findTestObject("M-OBJECTS TAREAS SECUNDARIAS/Pruebas capacitacion/Inscribir_un_asistente/a_Guardar")): Object: 'Object Repository/M-OBJECTS TAREAS SECUNDARIAS/Pruebas capacitacion/Inscribir_un_asistente/a_Guardar' is clicked on

2022-03-31 17:32:32 - [MESSAGE][PASSED] - Object: 'Object Repository/M-OBJECTS TAREAS SECUNDARIAS/Pruebas capacitacion/Inscribir_un_asistente/a_Guardar' is clicked on]]></system-out>
         <system-err><![CDATA[]]></system-err>
      </testcase>
      <testcase name="Test Cases/1.2-Tareas_Secundarias/4.1-Pruebas_Capacitación/4.1.6-Enviar_una_invitación" time="32.033" classname="Test Cases/1.2-Tareas_Secundarias/4.1-Pruebas_Capacitación/4.1.6-Enviar_una_invitación" status="PASSED">
         <system-out><![CDATA[2022-03-31 17:32:32 - [TEST_CASE][PASSED] - Test Cases/1.2-Tareas_Secundarias/4.1-Pruebas_Capacitación/4.1.6-Enviar_una_invitación: Test Cases/1.2-Tareas_Secundarias/4.1-Pruebas_Capacitación/4.1.6-Enviar_una_invitación

2022-03-31 17:32:33 - [TEST_STEP][PASSED] - callTestCase(findTestCase("Utilidades-(atajos_para _tareas)/Modulos/Modulo Control Evento Capacitacion"), [:], STOP_ON_FAILURE): Call Test Case 'Test Cases/Utilidades-(atajos_para _tareas)/Modulos/Modulo Control Evento Capacitacion' successfully

2022-03-31 17:32:33 - [TEST_CASE][PASSED] - Test Cases/Utilidades-(atajos_para _tareas)/Modulos/Modulo Control Evento Capacitacion: Test Cases/Utilidades-(atajos_para _tareas)/Modulos/Modulo Control Evento Capacitacion

2022-03-31 17:32:33 - [TEST_STEP][PASSED] - callTestCase(findTestCase("0.1-Login"), [:], STOP_ON_FAILURE): Call Test Case 'Test Cases/0.1-Login' successfully

2022-03-31 17:32:33 - [TEST_CASE][PASSED] - Test Cases/0.1-Login: Test Cases/0.1-Login

2022-03-31 17:32:33 - [TEST_STEP][PASSED] - openBrowser(""): Browser is opened with url: ''

2022-03-31 17:32:33 - [MESSAGE][WARNING] - A browser is already opened. Closing browser and opening a new one

2022-03-31 17:32:34 - [MESSAGE][INFO] - Starting 'Chrome' driver

2022-03-31 17:32:34 - [MESSAGE][INFO] - Action delay is set to 150 milliseconds

2022-03-31 17:32:35 - [MESSAGE][PASSED] - Browser is opened with url: ''

2022-03-31 17:32:35 - [TEST_STEP][PASSED] - maximizeWindow(): Current window maximized

2022-03-31 17:32:35 - [MESSAGE][PASSED] - Current window maximized

2022-03-31 17:32:35 - [TEST_STEP][PASSED] - i = G_Login: null

2022-03-31 17:32:35 - [TEST_STEP][PASSED] - url = new java.net.URL(i): null

2022-03-31 17:32:35 - [TEST_STEP][PASSED] - println("URL: " + url.toString()): null

2022-03-31 17:32:35 - [TEST_STEP][PASSED] - connection = url.openConnection(): null

2022-03-31 17:32:35 - [TEST_STEP][PASSED] - connection.setRequestMethod("GET"): null

2022-03-31 17:32:35 - [TEST_STEP][PASSED] - connection.setReadTimeout(2 * 1000): null

2022-03-31 17:32:35 - [TEST_STEP][PASSED] - try: null

2022-03-31 17:32:35 - [TEST_STEP][PASSED] - connection.connect(): null

2022-03-31 17:32:35 - [TEST_STEP][PASSED] - flag = connected: null

2022-03-31 17:32:35 - [TEST_STEP][PASSED] - println("Valor_ori: " + flag): null

2022-03-31 17:32:35 - [TEST_STEP][PASSED] - if (flag): null

2022-03-31 17:32:35 - [TEST_STEP][PASSED] - navigateToUrl(i): Navigate to 'http://192.168.2.19:8380/saraweb' successfully

2022-03-31 17:32:35 - [MESSAGE][PASSED] - Navigate to 'http://192.168.2.19:8380/saraweb' successfully

2022-03-31 17:32:35 - [TEST_STEP][PASSED] - a(): null

2022-03-31 17:32:35 - [TEST_STEP][PASSED] - setText(findTestObject("Login/input_USUARIO_loginusuario"), G_Usuario): Text 'saraadmin' is set on object 'Object Repository/Login/input_USUARIO_loginusuario'

2022-03-31 17:32:37 - [MESSAGE][PASSED] - Text 'saraadmin' is set on object 'Object Repository/Login/input_USUARIO_loginusuario'

2022-03-31 17:32:37 - [TEST_STEP][PASSED] - setEncryptedText(findTestObject("Login/input_CLAVE_loginpassword"), "MkG4/TYiCFC3cb2driP7+Q=="): Text ****** has been set on object 'Object Repository/Login/input_CLAVE_loginpassword'

2022-03-31 17:32:38 - [MESSAGE][PASSED] - Text ****** has been set on object 'Object Repository/Login/input_CLAVE_loginpassword'

2022-03-31 17:32:38 - [TEST_STEP][PASSED] - waitForElementClickable(findTestObject("Login/a_Ingresar"), G_TimeOut): Object 'Object Repository/Login/a_Ingresar' is clickable

2022-03-31 17:32:38 - [MESSAGE][PASSED] - Object 'Object Repository/Login/a_Ingresar' is clickable

2022-03-31 17:32:38 - [TEST_STEP][PASSED] - click(findTestObject("Login/a_Ingresar")): Object: 'Object Repository/Login/a_Ingresar' is clicked on

2022-03-31 17:32:40 - [MESSAGE][PASSED] - Object: 'Object Repository/Login/a_Ingresar' is clicked on

2022-03-31 17:32:40 - [TEST_STEP][PASSED] - element = findWebElement(findTestObject("Login/a_Ir"), 30): null

2022-03-31 17:32:40 - [TEST_STEP][PASSED] - executeJavaScript("arguments[0].click()", Arrays.asList(element)): Execute JavaScript 'arguments[0].click()' successfully

2022-03-31 17:32:40 - [MESSAGE][PASSED] - Execute JavaScript 'arguments[0].click()' successfully

2022-03-31 17:32:40 - [MESSAGE][PASSED] - Call Test Case 'Test Cases/0.1-Login' successfully

2022-03-31 17:32:40 - [TEST_STEP][PASSED] - setText(findTestObject("Modulo Control Evento Capacitacion/input_ADMINISTRADOR DEL SISTEMA - SARA_form_templatej_idt24_input"), "Control Evento"): Text 'Control Evento' is set on object 'Object Repository/Modulo Control Evento Capacitacion/input_ADMINISTRADOR DEL SISTEMA - SARA_form_templatej_idt24_input'

2022-03-31 17:32:41 - [MESSAGE][PASSED] - Text 'Control Evento' is set on object 'Object Repository/Modulo Control Evento Capacitacion/input_ADMINISTRADOR DEL SISTEMA - SARA_form_templatej_idt24_input'

2022-03-31 17:32:41 - [TEST_STEP][PASSED] - click(findTestObject("Modulo Control Evento Capacitacion/li_Control Evento Capacitacion (cap)")): Object: 'Object Repository/Modulo Control Evento Capacitacion/li_Control Evento Capacitacion (cap)' is clicked on

2022-03-31 17:32:43 - [MESSAGE][PASSED] - Object: 'Object Repository/Modulo Control Evento Capacitacion/li_Control Evento Capacitacion (cap)' is clicked on

2022-03-31 17:32:43 - [MESSAGE][PASSED] - Call Test Case 'Test Cases/Utilidades-(atajos_para _tareas)/Modulos/Modulo Control Evento Capacitacion' successfully

2022-03-31 17:32:43 - [TEST_STEP][PASSED] - click(findTestObject("M-OBJECTS TAREAS SECUNDARIAS/Pruebas capacitacion/Enviar_una_invitación/td_Prueba")): Object: 'Object Repository/M-OBJECTS TAREAS SECUNDARIAS/Pruebas capacitacion/Enviar_una_invitación/td_Prueba' is clicked on

2022-03-31 17:32:45 - [MESSAGE][PASSED] - Object: 'Object Repository/M-OBJECTS TAREAS SECUNDARIAS/Pruebas capacitacion/Enviar_una_invitación/td_Prueba' is clicked on

2022-03-31 17:32:45 - [TEST_STEP][PASSED] - click(findTestObject("M-OBJECTS TAREAS SECUNDARIAS/Pruebas capacitacion/Enviar_una_invitación/div_Asistentes")): Object: 'Object Repository/M-OBJECTS TAREAS SECUNDARIAS/Pruebas capacitacion/Enviar_una_invitación/div_Asistentes' is clicked on

2022-03-31 17:32:46 - [MESSAGE][PASSED] - Object: 'Object Repository/M-OBJECTS TAREAS SECUNDARIAS/Pruebas capacitacion/Enviar_una_invitación/div_Asistentes' is clicked on

2022-03-31 17:32:46 - [TEST_STEP][PASSED] - click(findTestObject("M-OBJECTS TAREAS SECUNDARIAS/Pruebas capacitacion/Enviar_una_invitación/a_Invitacin")): Object: 'Object Repository/M-OBJECTS TAREAS SECUNDARIAS/Pruebas capacitacion/Enviar_una_invitación/a_Invitacin' is clicked on

2022-03-31 17:32:47 - [MESSAGE][PASSED] - Object: 'Object Repository/M-OBJECTS TAREAS SECUNDARIAS/Pruebas capacitacion/Enviar_una_invitación/a_Invitacin' is clicked on

2022-03-31 17:32:47 - [TEST_STEP][PASSED] - click(findTestObject("M-OBJECTS TAREAS SECUNDARIAS/Pruebas capacitacion/Enviar_una_invitación/span_PLANTA")): Object: 'Object Repository/M-OBJECTS TAREAS SECUNDARIAS/Pruebas capacitacion/Enviar_una_invitación/span_PLANTA' is clicked on

2022-03-31 17:32:48 - [MESSAGE][PASSED] - Object: 'Object Repository/M-OBJECTS TAREAS SECUNDARIAS/Pruebas capacitacion/Enviar_una_invitación/span_PLANTA' is clicked on

2022-03-31 17:32:48 - [TEST_STEP][PASSED] - selectOptionByIndex(findTestObject("M-OBJECTS TAREAS SECUNDARIAS/Pruebas capacitacion/Enviar_una_invitación/select_SeleccioneCALIDADMENSUAL ABCMODELO EMPRESA QUINCENALPANSIONADOSPENSIONADOS BASEPRUEBAS"), 1): All options with index in [1] are selected on object 'Object Repository/M-OBJECTS TAREAS SECUNDARIAS/Pruebas capacitacion/Enviar_una_invitación/select_SeleccioneCALIDADMENSUAL ABCMODELO EMPRESA QUINCENALPANSIONADOSPENSIONADOS BASEPRUEBAS'

2022-03-31 17:32:50 - [MESSAGE][PASSED] - All options with index in [1] are selected on object 'Object Repository/M-OBJECTS TAREAS SECUNDARIAS/Pruebas capacitacion/Enviar_una_invitación/select_SeleccioneCALIDADMENSUAL ABCMODELO EMPRESA QUINCENALPANSIONADOSPENSIONADOS BASEPRUEBAS'

2022-03-31 17:32:50 - [TEST_STEP][PASSED] - click(findTestObject("M-OBJECTS TAREAS SECUNDARIAS/Pruebas capacitacion/Enviar_una_invitación/a_Unidad_invitacioneventoPopup_formlinkPopupUnidad")): Object: 'Object Repository/M-OBJECTS TAREAS SECUNDARIAS/Pruebas capacitacion/Enviar_una_invitación/a_Unidad_invitacioneventoPopup_formlinkPopupUnidad' is clicked on

2022-03-31 17:32:51 - [MESSAGE][PASSED] - Object: 'Object Repository/M-OBJECTS TAREAS SECUNDARIAS/Pruebas capacitacion/Enviar_una_invitación/a_Unidad_invitacioneventoPopup_formlinkPopupUnidad' is clicked on

2022-03-31 17:32:51 - [TEST_STEP][PASSED] - setText(findTestObject("M-OBJECTS TAREAS SECUNDARIAS/Pruebas capacitacion/Enviar_una_invitación/input_Unidad Organizacional_invitacioneventoPopup_formdescripciones"), "a"): Text 'a' is set on object 'Object Repository/M-OBJECTS TAREAS SECUNDARIAS/Pruebas capacitacion/Enviar_una_invitación/input_Unidad Organizacional_invitacioneventoPopup_formdescripciones'

2022-03-31 17:32:52 - [MESSAGE][PASSED] - Text 'a' is set on object 'Object Repository/M-OBJECTS TAREAS SECUNDARIAS/Pruebas capacitacion/Enviar_una_invitación/input_Unidad Organizacional_invitacioneventoPopup_formdescripciones'

2022-03-31 17:32:52 - [TEST_STEP][PASSED] - sendKeys(findTestObject("M-OBJECTS TAREAS SECUNDARIAS/Pruebas capacitacion/Enviar_una_invitación/input_Unidad Organizacional_invitacioneventoPopup_formdescripciones"), Keys.chord(ENTER)): Keys 'ENTER + ' sent to object: 'Object Repository/M-OBJECTS TAREAS SECUNDARIAS/Pruebas capacitacion/Enviar_una_invitación/input_Unidad Organizacional_invitacioneventoPopup_formdescripciones'

2022-03-31 17:32:53 - [MESSAGE][PASSED] - Keys 'ENTER + ' sent to object: 'Object Repository/M-OBJECTS TAREAS SECUNDARIAS/Pruebas capacitacion/Enviar_una_invitación/input_Unidad Organizacional_invitacioneventoPopup_formdescripciones'

2022-03-31 17:32:53 - [TEST_STEP][PASSED] - click(findTestObject("M-OBJECTS TAREAS SECUNDARIAS/Pruebas capacitacion/Enviar_una_invitación/span_A1")): Object: 'Object Repository/M-OBJECTS TAREAS SECUNDARIAS/Pruebas capacitacion/Enviar_una_invitación/span_A1' is clicked on

2022-03-31 17:32:54 - [MESSAGE][PASSED] - Object: 'Object Repository/M-OBJECTS TAREAS SECUNDARIAS/Pruebas capacitacion/Enviar_una_invitación/span_A1' is clicked on

2022-03-31 17:32:54 - [TEST_STEP][PASSED] - click(findTestObject("M-OBJECTS TAREAS SECUNDARIAS/Pruebas capacitacion/Enviar_una_invitación/a_Cargo_invitacioneventoPopup_formfiltroPopupCargo")): Object: 'Object Repository/M-OBJECTS TAREAS SECUNDARIAS/Pruebas capacitacion/Enviar_una_invitación/a_Cargo_invitacioneventoPopup_formfiltroPopupCargo' is clicked on

2022-03-31 17:32:55 - [MESSAGE][PASSED] - Object: 'Object Repository/M-OBJECTS TAREAS SECUNDARIAS/Pruebas capacitacion/Enviar_una_invitación/a_Cargo_invitacioneventoPopup_formfiltroPopupCargo' is clicked on

2022-03-31 17:32:55 - [TEST_STEP][PASSED] - click(findTestObject("M-OBJECTS TAREAS SECUNDARIAS/Pruebas capacitacion/Enviar_una_invitación/span_ANALISTA DE SISTEMAS")): Object: 'Object Repository/M-OBJECTS TAREAS SECUNDARIAS/Pruebas capacitacion/Enviar_una_invitación/span_ANALISTA DE SISTEMAS' is clicked on

2022-03-31 17:32:56 - [MESSAGE][PASSED] - Object: 'Object Repository/M-OBJECTS TAREAS SECUNDARIAS/Pruebas capacitacion/Enviar_una_invitación/span_ANALISTA DE SISTEMAS' is clicked on

2022-03-31 17:32:56 - [TEST_STEP][PASSED] - click(findTestObject("M-OBJECTS TAREAS SECUNDARIAS/Pruebas capacitacion/Enviar_una_invitación/a_Empleado_invitacioneventoPopup_formlinkPopupCoordinador")): Object: 'Object Repository/M-OBJECTS TAREAS SECUNDARIAS/Pruebas capacitacion/Enviar_una_invitación/a_Empleado_invitacioneventoPopup_formlinkPopupCoordinador' is clicked on

2022-03-31 17:32:57 - [MESSAGE][PASSED] - Object: 'Object Repository/M-OBJECTS TAREAS SECUNDARIAS/Pruebas capacitacion/Enviar_una_invitación/a_Empleado_invitacioneventoPopup_formlinkPopupCoordinador' is clicked on

2022-03-31 17:32:57 - [TEST_STEP][PASSED] - setText(findTestObject("M-OBJECTS TAREAS SECUNDARIAS/Pruebas capacitacion/Enviar_una_invitación/input_Filtro Hoja de Vida_formPopupHojaVidaj_idt1714"), "a"): Text 'a' is set on object 'Object Repository/M-OBJECTS TAREAS SECUNDARIAS/Pruebas capacitacion/Enviar_una_invitación/input_Filtro Hoja de Vida_formPopupHojaVidaj_idt1714'

2022-03-31 17:32:59 - [MESSAGE][PASSED] - Text 'a' is set on object 'Object Repository/M-OBJECTS TAREAS SECUNDARIAS/Pruebas capacitacion/Enviar_una_invitación/input_Filtro Hoja de Vida_formPopupHojaVidaj_idt1714'

2022-03-31 17:32:59 - [TEST_STEP][PASSED] - sendKeys(findTestObject("M-OBJECTS TAREAS SECUNDARIAS/Pruebas capacitacion/Enviar_una_invitación/input_Filtro Hoja de Vida_formPopupHojaVidaj_idt1714"), Keys.chord(ENTER)): Keys 'ENTER + ' sent to object: 'Object Repository/M-OBJECTS TAREAS SECUNDARIAS/Pruebas capacitacion/Enviar_una_invitación/input_Filtro Hoja de Vida_formPopupHojaVidaj_idt1714'

2022-03-31 17:32:59 - [MESSAGE][PASSED] - Keys 'ENTER + ' sent to object: 'Object Repository/M-OBJECTS TAREAS SECUNDARIAS/Pruebas capacitacion/Enviar_una_invitación/input_Filtro Hoja de Vida_formPopupHojaVidaj_idt1714'

2022-03-31 17:32:59 - [TEST_STEP][PASSED] - click(findTestObject("M-OBJECTS TAREAS SECUNDARIAS/Pruebas capacitacion/Enviar_una_invitación/span_A A A")): Object: 'Object Repository/M-OBJECTS TAREAS SECUNDARIAS/Pruebas capacitacion/Enviar_una_invitación/span_A A A' is clicked on

2022-03-31 17:33:00 - [MESSAGE][PASSED] - Object: 'Object Repository/M-OBJECTS TAREAS SECUNDARIAS/Pruebas capacitacion/Enviar_una_invitación/span_A A A' is clicked on

2022-03-31 17:33:00 - [TEST_STEP][PASSED] - selectOptionByIndex(findTestObject("M-OBJECTS TAREAS SECUNDARIAS/Pruebas capacitacion/Enviar_una_invitación/select_SeleccionePrueba"), 1): All options with index in [1] are selected on object 'Object Repository/M-OBJECTS TAREAS SECUNDARIAS/Pruebas capacitacion/Enviar_una_invitación/select_SeleccionePrueba'

2022-03-31 17:33:02 - [MESSAGE][PASSED] - All options with index in [1] are selected on object 'Object Repository/M-OBJECTS TAREAS SECUNDARIAS/Pruebas capacitacion/Enviar_una_invitación/select_SeleccionePrueba'

2022-03-31 17:33:02 - [TEST_STEP][PASSED] - setText(findTestObject("M-OBJECTS TAREAS SECUNDARIAS/Pruebas capacitacion/Enviar_una_invitación/input_Asunto_invitacioneventoPopup_formasunto"), "null"): Text 'null' is set on object 'Object Repository/M-OBJECTS TAREAS SECUNDARIAS/Pruebas capacitacion/Enviar_una_invitación/input_Asunto_invitacioneventoPopup_formasunto'

2022-03-31 17:33:03 - [MESSAGE][PASSED] - Text 'null' is set on object 'Object Repository/M-OBJECTS TAREAS SECUNDARIAS/Pruebas capacitacion/Enviar_una_invitación/input_Asunto_invitacioneventoPopup_formasunto'

2022-03-31 17:33:03 - [TEST_STEP][PASSED] - click(findTestObject("M-OBJECTS TAREAS SECUNDARIAS/Pruebas capacitacion/Enviar_una_invitación/a_Invitacin1")): Object: 'Object Repository/M-OBJECTS TAREAS SECUNDARIAS/Pruebas capacitacion/Enviar_una_invitación/a_Invitacin1' is clicked on

2022-03-31 17:33:04 - [MESSAGE][PASSED] - Object: 'Object Repository/M-OBJECTS TAREAS SECUNDARIAS/Pruebas capacitacion/Enviar_una_invitación/a_Invitacin1' is clicked on

2022-03-31 17:33:04 - [TEST_STEP][PASSED] - closeBrowser(): Browser is closed

2022-03-31 17:33:04 - [MESSAGE][PASSED] - Browser is closed]]></system-out>
         <system-err><![CDATA[]]></system-err>
      </testcase>
      <testcase name="Test Cases/1.2-Tareas_Secundarias/4.1-Pruebas_Capacitación/4.1.7-Cambiar_estado_de_un_asistente" time="17.506" classname="Test Cases/1.2-Tareas_Secundarias/4.1-Pruebas_Capacitación/4.1.7-Cambiar_estado_de_un_asistente" status="PASSED">
         <system-out><![CDATA[2022-03-31 17:33:04 - [TEST_CASE][PASSED] - Test Cases/1.2-Tareas_Secundarias/4.1-Pruebas_Capacitación/4.1.7-Cambiar_estado_de_un_asistente: Test Cases/1.2-Tareas_Secundarias/4.1-Pruebas_Capacitación/4.1.7-Cambiar_estado_de_un_asistente

2022-03-31 17:33:05 - [TEST_STEP][PASSED] - callTestCase(findTestCase("Utilidades-(atajos_para _tareas)/Modulos/Modulo Control Evento Capacitacion"), [:], STOP_ON_FAILURE): Call Test Case 'Test Cases/Utilidades-(atajos_para _tareas)/Modulos/Modulo Control Evento Capacitacion' successfully

2022-03-31 17:33:05 - [TEST_CASE][PASSED] - Test Cases/Utilidades-(atajos_para _tareas)/Modulos/Modulo Control Evento Capacitacion: Test Cases/Utilidades-(atajos_para _tareas)/Modulos/Modulo Control Evento Capacitacion

2022-03-31 17:33:05 - [TEST_STEP][PASSED] - callTestCase(findTestCase("0.1-Login"), [:], STOP_ON_FAILURE): Call Test Case 'Test Cases/0.1-Login' successfully

2022-03-31 17:33:05 - [TEST_CASE][PASSED] - Test Cases/0.1-Login: Test Cases/0.1-Login

2022-03-31 17:33:05 - [TEST_STEP][PASSED] - openBrowser(""): Browser is opened with url: ''

2022-03-31 17:33:05 - [MESSAGE][INFO] - Starting 'Chrome' driver

2022-03-31 17:33:05 - [MESSAGE][INFO] - Action delay is set to 150 milliseconds

2022-03-31 17:33:06 - [MESSAGE][PASSED] - Browser is opened with url: ''

2022-03-31 17:33:06 - [TEST_STEP][PASSED] - maximizeWindow(): Current window maximized

2022-03-31 17:33:06 - [MESSAGE][PASSED] - Current window maximized

2022-03-31 17:33:06 - [TEST_STEP][PASSED] - i = G_Login: null

2022-03-31 17:33:06 - [TEST_STEP][PASSED] - url = new java.net.URL(i): null

2022-03-31 17:33:06 - [TEST_STEP][PASSED] - println("URL: " + url.toString()): null

2022-03-31 17:33:06 - [TEST_STEP][PASSED] - connection = url.openConnection(): null

2022-03-31 17:33:06 - [TEST_STEP][PASSED] - connection.setRequestMethod("GET"): null

2022-03-31 17:33:06 - [TEST_STEP][PASSED] - connection.setReadTimeout(2 * 1000): null

2022-03-31 17:33:06 - [TEST_STEP][PASSED] - try: null

2022-03-31 17:33:06 - [TEST_STEP][PASSED] - connection.connect(): null

2022-03-31 17:33:06 - [TEST_STEP][PASSED] - flag = connected: null

2022-03-31 17:33:06 - [TEST_STEP][PASSED] - println("Valor_ori: " + flag): null

2022-03-31 17:33:06 - [TEST_STEP][PASSED] - if (flag): null

2022-03-31 17:33:06 - [TEST_STEP][PASSED] - navigateToUrl(i): Navigate to 'http://192.168.2.19:8380/saraweb' successfully

2022-03-31 17:33:07 - [MESSAGE][PASSED] - Navigate to 'http://192.168.2.19:8380/saraweb' successfully

2022-03-31 17:33:07 - [TEST_STEP][PASSED] - a(): null

2022-03-31 17:33:07 - [TEST_STEP][PASSED] - setText(findTestObject("Login/input_USUARIO_loginusuario"), G_Usuario): Text 'saraadmin' is set on object 'Object Repository/Login/input_USUARIO_loginusuario'

2022-03-31 17:33:08 - [MESSAGE][PASSED] - Text 'saraadmin' is set on object 'Object Repository/Login/input_USUARIO_loginusuario'

2022-03-31 17:33:08 - [TEST_STEP][PASSED] - setEncryptedText(findTestObject("Login/input_CLAVE_loginpassword"), "MkG4/TYiCFC3cb2driP7+Q=="): Text ****** has been set on object 'Object Repository/Login/input_CLAVE_loginpassword'

2022-03-31 17:33:09 - [MESSAGE][PASSED] - Text ****** has been set on object 'Object Repository/Login/input_CLAVE_loginpassword'

2022-03-31 17:33:09 - [TEST_STEP][PASSED] - waitForElementClickable(findTestObject("Login/a_Ingresar"), G_TimeOut): Object 'Object Repository/Login/a_Ingresar' is clickable

2022-03-31 17:33:09 - [MESSAGE][PASSED] - Object 'Object Repository/Login/a_Ingresar' is clickable

2022-03-31 17:33:09 - [TEST_STEP][PASSED] - click(findTestObject("Login/a_Ingresar")): Object: 'Object Repository/Login/a_Ingresar' is clicked on

2022-03-31 17:33:11 - [MESSAGE][PASSED] - Object: 'Object Repository/Login/a_Ingresar' is clicked on

2022-03-31 17:33:11 - [TEST_STEP][PASSED] - element = findWebElement(findTestObject("Login/a_Ir"), 30): null

2022-03-31 17:33:11 - [TEST_STEP][PASSED] - executeJavaScript("arguments[0].click()", Arrays.asList(element)): Execute JavaScript 'arguments[0].click()' successfully

2022-03-31 17:33:11 - [MESSAGE][PASSED] - Execute JavaScript 'arguments[0].click()' successfully

2022-03-31 17:33:11 - [MESSAGE][PASSED] - Call Test Case 'Test Cases/0.1-Login' successfully

2022-03-31 17:33:11 - [TEST_STEP][PASSED] - setText(findTestObject("Modulo Control Evento Capacitacion/input_ADMINISTRADOR DEL SISTEMA - SARA_form_templatej_idt24_input"), "Control Evento"): Text 'Control Evento' is set on object 'Object Repository/Modulo Control Evento Capacitacion/input_ADMINISTRADOR DEL SISTEMA - SARA_form_templatej_idt24_input'

2022-03-31 17:33:13 - [MESSAGE][PASSED] - Text 'Control Evento' is set on object 'Object Repository/Modulo Control Evento Capacitacion/input_ADMINISTRADOR DEL SISTEMA - SARA_form_templatej_idt24_input'

2022-03-31 17:33:13 - [TEST_STEP][PASSED] - click(findTestObject("Modulo Control Evento Capacitacion/li_Control Evento Capacitacion (cap)")): Object: 'Object Repository/Modulo Control Evento Capacitacion/li_Control Evento Capacitacion (cap)' is clicked on

2022-03-31 17:33:14 - [MESSAGE][PASSED] - Object: 'Object Repository/Modulo Control Evento Capacitacion/li_Control Evento Capacitacion (cap)' is clicked on

2022-03-31 17:33:14 - [MESSAGE][PASSED] - Call Test Case 'Test Cases/Utilidades-(atajos_para _tareas)/Modulos/Modulo Control Evento Capacitacion' successfully

2022-03-31 17:33:14 - [TEST_STEP][PASSED] - click(findTestObject("M-OBJECTS TAREAS SECUNDARIAS/Pruebas capacitacion/Cambiar_estado_de_un_asistente/td_Prueba")): Object: 'Object Repository/M-OBJECTS TAREAS SECUNDARIAS/Pruebas capacitacion/Cambiar_estado_de_un_asistente/td_Prueba' is clicked on

2022-03-31 17:33:16 - [MESSAGE][PASSED] - Object: 'Object Repository/M-OBJECTS TAREAS SECUNDARIAS/Pruebas capacitacion/Cambiar_estado_de_un_asistente/td_Prueba' is clicked on

2022-03-31 17:33:16 - [TEST_STEP][PASSED] - click(findTestObject("M-OBJECTS TAREAS SECUNDARIAS/Pruebas capacitacion/Cambiar_estado_de_un_asistente/div_Asistentes")): Object: 'Object Repository/M-OBJECTS TAREAS SECUNDARIAS/Pruebas capacitacion/Cambiar_estado_de_un_asistente/div_Asistentes' is clicked on

2022-03-31 17:33:17 - [MESSAGE][PASSED] - Object: 'Object Repository/M-OBJECTS TAREAS SECUNDARIAS/Pruebas capacitacion/Cambiar_estado_de_un_asistente/div_Asistentes' is clicked on

2022-03-31 17:33:17 - [TEST_STEP][PASSED] - click(findTestObject("M-OBJECTS TAREAS SECUNDARIAS/Pruebas capacitacion/Cambiar_estado_de_un_asistente/a_Registro")): Object: 'Object Repository/M-OBJECTS TAREAS SECUNDARIAS/Pruebas capacitacion/Cambiar_estado_de_un_asistente/a_Registro' is clicked on

2022-03-31 17:33:17 - [MESSAGE][PASSED] - Object: 'Object Repository/M-OBJECTS TAREAS SECUNDARIAS/Pruebas capacitacion/Cambiar_estado_de_un_asistente/a_Registro' is clicked on

2022-03-31 17:33:17 - [TEST_STEP][PASSED] - if (waitForElementPresent(findTestObject("M-OBJECTS TAREAS SECUNDARIAS/Pruebas capacitacion/Cambiar_estado_de_un_asistente/td_prueba ka Pruebas"), 1)): null

2022-03-31 17:33:18 - [MESSAGE][PASSED] - Object 'Object Repository/M-OBJECTS TAREAS SECUNDARIAS/Pruebas capacitacion/Cambiar_estado_de_un_asistente/td_prueba ka Pruebas' is present

2022-03-31 17:33:18 - [TEST_STEP][PASSED] - click(findTestObject("M-OBJECTS TAREAS SECUNDARIAS/Pruebas capacitacion/Cambiar_estado_de_un_asistente/td_prueba ka Pruebas")): Object: 'Object Repository/M-OBJECTS TAREAS SECUNDARIAS/Pruebas capacitacion/Cambiar_estado_de_un_asistente/td_prueba ka Pruebas' is clicked on

2022-03-31 17:33:19 - [MESSAGE][PASSED] - Object: 'Object Repository/M-OBJECTS TAREAS SECUNDARIAS/Pruebas capacitacion/Cambiar_estado_de_un_asistente/td_prueba ka Pruebas' is clicked on

2022-03-31 17:33:19 - [TEST_STEP][PASSED] - selectOptionByIndex(findTestObject("M-OBJECTS TAREAS SECUNDARIAS/Pruebas capacitacion/Cambiar_estado_de_un_asistente/select_SeleccioneACEPTADOFINALIZADOINSCRITONO ACEPTADONO APROBADONO ASISTIO"), 1): All options with index in [1] are selected on object 'Object Repository/M-OBJECTS TAREAS SECUNDARIAS/Pruebas capacitacion/Cambiar_estado_de_un_asistente/select_SeleccioneACEPTADOFINALIZADOINSCRITONO ACEPTADONO APROBADONO ASISTIO'

2022-03-31 17:33:20 - [MESSAGE][PASSED] - All options with index in [1] are selected on object 'Object Repository/M-OBJECTS TAREAS SECUNDARIAS/Pruebas capacitacion/Cambiar_estado_de_un_asistente/select_SeleccioneACEPTADOFINALIZADOINSCRITONO ACEPTADONO APROBADONO ASISTIO'

2022-03-31 17:33:20 - [TEST_STEP][PASSED] - click(findTestObject("M-OBJECTS TAREAS SECUNDARIAS/Pruebas capacitacion/Cambiar_estado_de_un_asistente/a_Actualizar")): Object: 'Object Repository/M-OBJECTS TAREAS SECUNDARIAS/Pruebas capacitacion/Cambiar_estado_de_un_asistente/a_Actualizar' is clicked on

2022-03-31 17:33:21 - [MESSAGE][PASSED] - Object: 'Object Repository/M-OBJECTS TAREAS SECUNDARIAS/Pruebas capacitacion/Cambiar_estado_de_un_asistente/a_Actualizar' is clicked on

2022-03-31 17:33:21 - [TEST_STEP][PASSED] - closeBrowser(): Browser is closed

2022-03-31 17:33:22 - [MESSAGE][PASSED] - Browser is closed]]></system-out>
         <system-err><![CDATA[]]></system-err>
      </testcase>
      <testcase name="Test Cases/1.2-Tareas_Secundarias/4.1-Pruebas_Capacitación/4.1.8-Asociar_Recursos" time="18.722" classname="Test Cases/1.2-Tareas_Secundarias/4.1-Pruebas_Capacitación/4.1.8-Asociar_Recursos" status="PASSED">
         <system-out><![CDATA[2022-03-31 17:33:22 - [TEST_CASE][PASSED] - Test Cases/1.2-Tareas_Secundarias/4.1-Pruebas_Capacitación/4.1.8-Asociar_Recursos: Test Cases/1.2-Tareas_Secundarias/4.1-Pruebas_Capacitación/4.1.8-Asociar_Recursos

2022-03-31 17:33:22 - [TEST_STEP][PASSED] - callTestCase(findTestCase("Utilidades-(atajos_para _tareas)/Modulos/Modulo Control Evento Capacitacion"), [:], STOP_ON_FAILURE): Call Test Case 'Test Cases/Utilidades-(atajos_para _tareas)/Modulos/Modulo Control Evento Capacitacion' successfully

2022-03-31 17:33:22 - [TEST_CASE][PASSED] - Test Cases/Utilidades-(atajos_para _tareas)/Modulos/Modulo Control Evento Capacitacion: Test Cases/Utilidades-(atajos_para _tareas)/Modulos/Modulo Control Evento Capacitacion

2022-03-31 17:33:22 - [TEST_STEP][PASSED] - callTestCase(findTestCase("0.1-Login"), [:], STOP_ON_FAILURE): Call Test Case 'Test Cases/0.1-Login' successfully

2022-03-31 17:33:22 - [TEST_CASE][PASSED] - Test Cases/0.1-Login: Test Cases/0.1-Login

2022-03-31 17:33:22 - [TEST_STEP][PASSED] - openBrowser(""): Browser is opened with url: ''

2022-03-31 17:33:22 - [MESSAGE][INFO] - Starting 'Chrome' driver

2022-03-31 17:33:22 - [MESSAGE][INFO] - Action delay is set to 150 milliseconds

2022-03-31 17:33:24 - [MESSAGE][PASSED] - Browser is opened with url: ''

2022-03-31 17:33:24 - [TEST_STEP][PASSED] - maximizeWindow(): Current window maximized

2022-03-31 17:33:24 - [MESSAGE][PASSED] - Current window maximized

2022-03-31 17:33:24 - [TEST_STEP][PASSED] - i = G_Login: null

2022-03-31 17:33:24 - [TEST_STEP][PASSED] - url = new java.net.URL(i): null

2022-03-31 17:33:24 - [TEST_STEP][PASSED] - println("URL: " + url.toString()): null

2022-03-31 17:33:24 - [TEST_STEP][PASSED] - connection = url.openConnection(): null

2022-03-31 17:33:24 - [TEST_STEP][PASSED] - connection.setRequestMethod("GET"): null

2022-03-31 17:33:24 - [TEST_STEP][PASSED] - connection.setReadTimeout(2 * 1000): null

2022-03-31 17:33:24 - [TEST_STEP][PASSED] - try: null

2022-03-31 17:33:24 - [TEST_STEP][PASSED] - connection.connect(): null

2022-03-31 17:33:24 - [TEST_STEP][PASSED] - flag = connected: null

2022-03-31 17:33:24 - [TEST_STEP][PASSED] - println("Valor_ori: " + flag): null

2022-03-31 17:33:24 - [TEST_STEP][PASSED] - if (flag): null

2022-03-31 17:33:24 - [TEST_STEP][PASSED] - navigateToUrl(i): Navigate to 'http://192.168.2.19:8380/saraweb' successfully

2022-03-31 17:33:25 - [MESSAGE][PASSED] - Navigate to 'http://192.168.2.19:8380/saraweb' successfully

2022-03-31 17:33:25 - [TEST_STEP][PASSED] - a(): null

2022-03-31 17:33:25 - [TEST_STEP][PASSED] - setText(findTestObject("Login/input_USUARIO_loginusuario"), G_Usuario): Text 'saraadmin' is set on object 'Object Repository/Login/input_USUARIO_loginusuario'

2022-03-31 17:33:26 - [MESSAGE][PASSED] - Text 'saraadmin' is set on object 'Object Repository/Login/input_USUARIO_loginusuario'

2022-03-31 17:33:26 - [TEST_STEP][PASSED] - setEncryptedText(findTestObject("Login/input_CLAVE_loginpassword"), "MkG4/TYiCFC3cb2driP7+Q=="): Text ****** has been set on object 'Object Repository/Login/input_CLAVE_loginpassword'

2022-03-31 17:33:27 - [MESSAGE][PASSED] - Text ****** has been set on object 'Object Repository/Login/input_CLAVE_loginpassword'

2022-03-31 17:33:27 - [TEST_STEP][PASSED] - waitForElementClickable(findTestObject("Login/a_Ingresar"), G_TimeOut): Object 'Object Repository/Login/a_Ingresar' is clickable

2022-03-31 17:33:27 - [MESSAGE][PASSED] - Object 'Object Repository/Login/a_Ingresar' is clickable

2022-03-31 17:33:27 - [TEST_STEP][PASSED] - click(findTestObject("Login/a_Ingresar")): Object: 'Object Repository/Login/a_Ingresar' is clicked on

2022-03-31 17:33:29 - [MESSAGE][PASSED] - Object: 'Object Repository/Login/a_Ingresar' is clicked on

2022-03-31 17:33:29 - [TEST_STEP][PASSED] - element = findWebElement(findTestObject("Login/a_Ir"), 30): null

2022-03-31 17:33:29 - [TEST_STEP][PASSED] - executeJavaScript("arguments[0].click()", Arrays.asList(element)): Execute JavaScript 'arguments[0].click()' successfully

2022-03-31 17:33:29 - [MESSAGE][PASSED] - Execute JavaScript 'arguments[0].click()' successfully

2022-03-31 17:33:29 - [MESSAGE][PASSED] - Call Test Case 'Test Cases/0.1-Login' successfully

2022-03-31 17:33:29 - [TEST_STEP][PASSED] - setText(findTestObject("Modulo Control Evento Capacitacion/input_ADMINISTRADOR DEL SISTEMA - SARA_form_templatej_idt24_input"), "Control Evento"): Text 'Control Evento' is set on object 'Object Repository/Modulo Control Evento Capacitacion/input_ADMINISTRADOR DEL SISTEMA - SARA_form_templatej_idt24_input'

2022-03-31 17:33:30 - [MESSAGE][PASSED] - Text 'Control Evento' is set on object 'Object Repository/Modulo Control Evento Capacitacion/input_ADMINISTRADOR DEL SISTEMA - SARA_form_templatej_idt24_input'

2022-03-31 17:33:30 - [TEST_STEP][PASSED] - click(findTestObject("Modulo Control Evento Capacitacion/li_Control Evento Capacitacion (cap)")): Object: 'Object Repository/Modulo Control Evento Capacitacion/li_Control Evento Capacitacion (cap)' is clicked on

2022-03-31 17:33:32 - [MESSAGE][PASSED] - Object: 'Object Repository/Modulo Control Evento Capacitacion/li_Control Evento Capacitacion (cap)' is clicked on

2022-03-31 17:33:32 - [MESSAGE][PASSED] - Call Test Case 'Test Cases/Utilidades-(atajos_para _tareas)/Modulos/Modulo Control Evento Capacitacion' successfully

2022-03-31 17:33:32 - [TEST_STEP][PASSED] - click(findTestObject("M-OBJECTS TAREAS SECUNDARIAS/Pruebas capacitacion/Asociar_Recursos/td_Prueba")): Object: 'Object Repository/M-OBJECTS TAREAS SECUNDARIAS/Pruebas capacitacion/Asociar_Recursos/td_Prueba' is clicked on

2022-03-31 17:33:34 - [MESSAGE][PASSED] - Object: 'Object Repository/M-OBJECTS TAREAS SECUNDARIAS/Pruebas capacitacion/Asociar_Recursos/td_Prueba' is clicked on

2022-03-31 17:33:34 - [TEST_STEP][PASSED] - click(findTestObject("M-OBJECTS TAREAS SECUNDARIAS/Pruebas capacitacion/Asociar_Recursos/div_Recursos")): Object: 'Object Repository/M-OBJECTS TAREAS SECUNDARIAS/Pruebas capacitacion/Asociar_Recursos/div_Recursos' is clicked on

2022-03-31 17:33:35 - [MESSAGE][PASSED] - Object: 'Object Repository/M-OBJECTS TAREAS SECUNDARIAS/Pruebas capacitacion/Asociar_Recursos/div_Recursos' is clicked on

2022-03-31 17:33:35 - [TEST_STEP][PASSED] - click(findTestObject("M-OBJECTS TAREAS SECUNDARIAS/Pruebas capacitacion/Asociar_Recursos/a_Logsticos")): Object: 'Object Repository/M-OBJECTS TAREAS SECUNDARIAS/Pruebas capacitacion/Asociar_Recursos/a_Logsticos' is clicked on

2022-03-31 17:33:35 - [MESSAGE][PASSED] - Object: 'Object Repository/M-OBJECTS TAREAS SECUNDARIAS/Pruebas capacitacion/Asociar_Recursos/a_Logsticos' is clicked on

2022-03-31 17:33:35 - [TEST_STEP][PASSED] - if (waitForElementPresent(findTestObject("M-OBJECTS TAREAS SECUNDARIAS/Pruebas capacitacion/Asociar_Recursos/td_DVD"), 1)): Object 'Object Repository/M-OBJECTS TAREAS SECUNDARIAS/Pruebas capacitacion/Asociar_Recursos/td_DVD' is not present after 1 second(s)

2022-03-31 17:33:37 - [MESSAGE][INFO] - Unable to find the element located by 'By.xpath: (.//*[normalize-space(text()) and normalize-space(.)='INDISPENSABLE'])[2]/preceding::td[1]'. Please recheck the objects properties to make sure the desired element is located. 

2022-03-31 17:33:37 - [MESSAGE][WARNING] - Object 'Object Repository/M-OBJECTS TAREAS SECUNDARIAS/Pruebas capacitacion/Asociar_Recursos/td_DVD' is not present after 1 second(s)

2022-03-31 17:33:37 - [TEST_STEP][PASSED] - selectOptionByIndex(findTestObject("M-OBJECTS TAREAS SECUNDARIAS/Pruebas capacitacion/Asociar_Recursos/select_SeleccioneDVDTV"), 1): All options with index in [1] are selected on object 'Object Repository/M-OBJECTS TAREAS SECUNDARIAS/Pruebas capacitacion/Asociar_Recursos/select_SeleccioneDVDTV'

2022-03-31 17:33:39 - [MESSAGE][PASSED] - All options with index in [1] are selected on object 'Object Repository/M-OBJECTS TAREAS SECUNDARIAS/Pruebas capacitacion/Asociar_Recursos/select_SeleccioneDVDTV'

2022-03-31 17:33:39 - [TEST_STEP][PASSED] - selectOptionByIndex(findTestObject("M-OBJECTS TAREAS SECUNDARIAS/Pruebas capacitacion/Asociar_Recursos/select_SeleccioneINDISPENSABLEOPCIONAL"), 1): All options with index in [1] are selected on object 'Object Repository/M-OBJECTS TAREAS SECUNDARIAS/Pruebas capacitacion/Asociar_Recursos/select_SeleccioneINDISPENSABLEOPCIONAL'

2022-03-31 17:33:40 - [MESSAGE][PASSED] - All options with index in [1] are selected on object 'Object Repository/M-OBJECTS TAREAS SECUNDARIAS/Pruebas capacitacion/Asociar_Recursos/select_SeleccioneINDISPENSABLEOPCIONAL'

2022-03-31 17:33:40 - [TEST_STEP][PASSED] - click(findTestObject("M-OBJECTS TAREAS SECUNDARIAS/Pruebas capacitacion/Asociar_Recursos/a_Necesidad_formRecursoLogisticopanel_recursostabla_recursosj_idt608")): Object: 'Object Repository/M-OBJECTS TAREAS SECUNDARIAS/Pruebas capacitacion/Asociar_Recursos/a_Necesidad_formRecursoLogisticopanel_recursostabla_recursosj_idt608' is clicked on

2022-03-31 17:33:41 - [MESSAGE][PASSED] - Object: 'Object Repository/M-OBJECTS TAREAS SECUNDARIAS/Pruebas capacitacion/Asociar_Recursos/a_Necesidad_formRecursoLogisticopanel_recursostabla_recursosj_idt608' is clicked on]]></system-out>
         <system-err><![CDATA[]]></system-err>
      </testcase>
      <testcase name="Test Cases/1.2-Tareas_Secundarias/4.1-Pruebas_Capacitación/4.1.9-Registrar_los_costos" time="21.728" classname="Test Cases/1.2-Tareas_Secundarias/4.1-Pruebas_Capacitación/4.1.9-Registrar_los_costos" status="PASSED">
         <system-out><![CDATA[2022-03-31 17:33:41 - [TEST_CASE][PASSED] - Test Cases/1.2-Tareas_Secundarias/4.1-Pruebas_Capacitación/4.1.9-Registrar_los_costos: Test Cases/1.2-Tareas_Secundarias/4.1-Pruebas_Capacitación/4.1.9-Registrar_los_costos

2022-03-31 17:33:41 - [TEST_STEP][PASSED] - callTestCase(findTestCase("Utilidades-(atajos_para _tareas)/Modulos/Modulo Control Evento Capacitacion"), [:], STOP_ON_FAILURE): Call Test Case 'Test Cases/Utilidades-(atajos_para _tareas)/Modulos/Modulo Control Evento Capacitacion' successfully

2022-03-31 17:33:41 - [TEST_CASE][PASSED] - Test Cases/Utilidades-(atajos_para _tareas)/Modulos/Modulo Control Evento Capacitacion: Test Cases/Utilidades-(atajos_para _tareas)/Modulos/Modulo Control Evento Capacitacion

2022-03-31 17:33:41 - [TEST_STEP][PASSED] - callTestCase(findTestCase("0.1-Login"), [:], STOP_ON_FAILURE): Call Test Case 'Test Cases/0.1-Login' successfully

2022-03-31 17:33:41 - [TEST_CASE][PASSED] - Test Cases/0.1-Login: Test Cases/0.1-Login

2022-03-31 17:33:41 - [TEST_STEP][PASSED] - openBrowser(""): Browser is opened with url: ''

2022-03-31 17:33:41 - [MESSAGE][WARNING] - A browser is already opened. Closing browser and opening a new one

2022-03-31 17:33:42 - [MESSAGE][INFO] - Starting 'Chrome' driver

2022-03-31 17:33:42 - [MESSAGE][INFO] - Action delay is set to 150 milliseconds

2022-03-31 17:33:43 - [MESSAGE][PASSED] - Browser is opened with url: ''

2022-03-31 17:33:43 - [TEST_STEP][PASSED] - maximizeWindow(): Current window maximized

2022-03-31 17:33:43 - [MESSAGE][PASSED] - Current window maximized

2022-03-31 17:33:43 - [TEST_STEP][PASSED] - i = G_Login: null

2022-03-31 17:33:43 - [TEST_STEP][PASSED] - url = new java.net.URL(i): null

2022-03-31 17:33:43 - [TEST_STEP][PASSED] - println("URL: " + url.toString()): null

2022-03-31 17:33:43 - [TEST_STEP][PASSED] - connection = url.openConnection(): null

2022-03-31 17:33:43 - [TEST_STEP][PASSED] - connection.setRequestMethod("GET"): null

2022-03-31 17:33:43 - [TEST_STEP][PASSED] - connection.setReadTimeout(2 * 1000): null

2022-03-31 17:33:43 - [TEST_STEP][PASSED] - try: null

2022-03-31 17:33:43 - [TEST_STEP][PASSED] - connection.connect(): null

2022-03-31 17:33:43 - [TEST_STEP][PASSED] - flag = connected: null

2022-03-31 17:33:43 - [TEST_STEP][PASSED] - println("Valor_ori: " + flag): null

2022-03-31 17:33:43 - [TEST_STEP][PASSED] - if (flag): null

2022-03-31 17:33:43 - [TEST_STEP][PASSED] - navigateToUrl(i): Navigate to 'http://192.168.2.19:8380/saraweb' successfully

2022-03-31 17:33:44 - [MESSAGE][PASSED] - Navigate to 'http://192.168.2.19:8380/saraweb' successfully

2022-03-31 17:33:44 - [TEST_STEP][PASSED] - a(): null

2022-03-31 17:33:44 - [TEST_STEP][PASSED] - setText(findTestObject("Login/input_USUARIO_loginusuario"), G_Usuario): Text 'saraadmin' is set on object 'Object Repository/Login/input_USUARIO_loginusuario'

2022-03-31 17:33:45 - [MESSAGE][PASSED] - Text 'saraadmin' is set on object 'Object Repository/Login/input_USUARIO_loginusuario'

2022-03-31 17:33:45 - [TEST_STEP][PASSED] - setEncryptedText(findTestObject("Login/input_CLAVE_loginpassword"), "MkG4/TYiCFC3cb2driP7+Q=="): Text ****** has been set on object 'Object Repository/Login/input_CLAVE_loginpassword'

2022-03-31 17:33:46 - [MESSAGE][PASSED] - Text ****** has been set on object 'Object Repository/Login/input_CLAVE_loginpassword'

2022-03-31 17:33:46 - [TEST_STEP][PASSED] - waitForElementClickable(findTestObject("Login/a_Ingresar"), G_TimeOut): Object 'Object Repository/Login/a_Ingresar' is clickable

2022-03-31 17:33:46 - [MESSAGE][PASSED] - Object 'Object Repository/Login/a_Ingresar' is clickable

2022-03-31 17:33:46 - [TEST_STEP][PASSED] - click(findTestObject("Login/a_Ingresar")): Object: 'Object Repository/Login/a_Ingresar' is clicked on

2022-03-31 17:33:48 - [MESSAGE][PASSED] - Object: 'Object Repository/Login/a_Ingresar' is clicked on

2022-03-31 17:33:48 - [TEST_STEP][PASSED] - element = findWebElement(findTestObject("Login/a_Ir"), 30): null

2022-03-31 17:33:48 - [TEST_STEP][PASSED] - executeJavaScript("arguments[0].click()", Arrays.asList(element)): Execute JavaScript 'arguments[0].click()' successfully

2022-03-31 17:33:48 - [MESSAGE][PASSED] - Execute JavaScript 'arguments[0].click()' successfully

2022-03-31 17:33:48 - [MESSAGE][PASSED] - Call Test Case 'Test Cases/0.1-Login' successfully

2022-03-31 17:33:48 - [TEST_STEP][PASSED] - setText(findTestObject("Modulo Control Evento Capacitacion/input_ADMINISTRADOR DEL SISTEMA - SARA_form_templatej_idt24_input"), "Control Evento"): Text 'Control Evento' is set on object 'Object Repository/Modulo Control Evento Capacitacion/input_ADMINISTRADOR DEL SISTEMA - SARA_form_templatej_idt24_input'

2022-03-31 17:33:50 - [MESSAGE][PASSED] - Text 'Control Evento' is set on object 'Object Repository/Modulo Control Evento Capacitacion/input_ADMINISTRADOR DEL SISTEMA - SARA_form_templatej_idt24_input'

2022-03-31 17:33:50 - [TEST_STEP][PASSED] - click(findTestObject("Modulo Control Evento Capacitacion/li_Control Evento Capacitacion (cap)")): Object: 'Object Repository/Modulo Control Evento Capacitacion/li_Control Evento Capacitacion (cap)' is clicked on

2022-03-31 17:33:51 - [MESSAGE][PASSED] - Object: 'Object Repository/Modulo Control Evento Capacitacion/li_Control Evento Capacitacion (cap)' is clicked on

2022-03-31 17:33:51 - [MESSAGE][PASSED] - Call Test Case 'Test Cases/Utilidades-(atajos_para _tareas)/Modulos/Modulo Control Evento Capacitacion' successfully

2022-03-31 17:33:51 - [TEST_STEP][PASSED] - click(findTestObject("M-OBJECTS TAREAS SECUNDARIAS/Pruebas capacitacion/Registrar_los_costos/td_Prueba")): Object: 'Object Repository/M-OBJECTS TAREAS SECUNDARIAS/Pruebas capacitacion/Registrar_los_costos/td_Prueba' is clicked on

2022-03-31 17:33:53 - [MESSAGE][PASSED] - Object: 'Object Repository/M-OBJECTS TAREAS SECUNDARIAS/Pruebas capacitacion/Registrar_los_costos/td_Prueba' is clicked on

2022-03-31 17:33:53 - [TEST_STEP][PASSED] - click(findTestObject("M-OBJECTS TAREAS SECUNDARIAS/Pruebas capacitacion/Registrar_los_costos/div_Costo")): Object: 'Object Repository/M-OBJECTS TAREAS SECUNDARIAS/Pruebas capacitacion/Registrar_los_costos/div_Costo' is clicked on

2022-03-31 17:33:54 - [MESSAGE][PASSED] - Object: 'Object Repository/M-OBJECTS TAREAS SECUNDARIAS/Pruebas capacitacion/Registrar_los_costos/div_Costo' is clicked on

2022-03-31 17:33:54 - [TEST_STEP][PASSED] - click(findTestObject("M-OBJECTS TAREAS SECUNDARIAS/Pruebas capacitacion/Registrar_los_costos/a_Registro")): Object: 'Object Repository/M-OBJECTS TAREAS SECUNDARIAS/Pruebas capacitacion/Registrar_los_costos/a_Registro' is clicked on

2022-03-31 17:33:55 - [MESSAGE][PASSED] - Object: 'Object Repository/M-OBJECTS TAREAS SECUNDARIAS/Pruebas capacitacion/Registrar_los_costos/a_Registro' is clicked on

2022-03-31 17:33:55 - [TEST_STEP][PASSED] - if (waitForElementVisible(findTestObject("M-OBJECTS TAREAS SECUNDARIAS/Pruebas capacitacion/Registrar_los_costos/a_REFRIGERIO_formCostoEventopanel_costostabla_costos0j_idt634"), 1)): Web element with id: 'Object Repository/M-OBJECTS TAREAS SECUNDARIAS/Pruebas capacitacion/Registrar_los_costos/a_REFRIGERIO_formCostoEventopanel_costostabla_costos0j_idt634' located by '//tbody/tr/td[5]/a' not found

2022-03-31 17:33:57 - [MESSAGE][INFO] - Unable to find the element located by 'By.xpath: //tbody/tr/td[5]/a'. Please recheck the objects properties to make sure the desired element is located. 

2022-03-31 17:33:57 - [MESSAGE][WARNING] - Web element with id: 'Object Repository/M-OBJECTS TAREAS SECUNDARIAS/Pruebas capacitacion/Registrar_los_costos/a_REFRIGERIO_formCostoEventopanel_costostabla_costos0j_idt634' located by '//tbody/tr/td[5]/a' not found

2022-03-31 17:33:57 - [TEST_STEP][PASSED] - selectOptionByIndex(findTestObject("M-OBJECTS TAREAS SECUNDARIAS/Pruebas capacitacion/Registrar_los_costos/select_SeleccioneALOJAMIENTOMATERIALESREFRIGERIOSALONTRANSPORTE"), 3): All options with index in [3] are selected on object 'Object Repository/M-OBJECTS TAREAS SECUNDARIAS/Pruebas capacitacion/Registrar_los_costos/select_SeleccioneALOJAMIENTOMATERIALESREFRIGERIOSALONTRANSPORTE'

2022-03-31 17:33:58 - [MESSAGE][PASSED] - All options with index in [3] are selected on object 'Object Repository/M-OBJECTS TAREAS SECUNDARIAS/Pruebas capacitacion/Registrar_los_costos/select_SeleccioneALOJAMIENTOMATERIALESREFRIGERIOSALONTRANSPORTE'

2022-03-31 17:33:58 - [TEST_STEP][PASSED] - setText(findTestObject("M-OBJECTS TAREAS SECUNDARIAS/Pruebas capacitacion/Registrar_los_costos/input_Valor_formCostoEventopanel_costostabla_costosnumero"), "100"): Text '100' is set on object 'Object Repository/M-OBJECTS TAREAS SECUNDARIAS/Pruebas capacitacion/Registrar_los_costos/input_Valor_formCostoEventopanel_costostabla_costosnumero'

2022-03-31 17:33:59 - [MESSAGE][PASSED] - Text '100' is set on object 'Object Repository/M-OBJECTS TAREAS SECUNDARIAS/Pruebas capacitacion/Registrar_los_costos/input_Valor_formCostoEventopanel_costostabla_costosnumero'

2022-03-31 17:33:59 - [TEST_STEP][PASSED] - setText(findTestObject("M-OBJECTS TAREAS SECUNDARIAS/Pruebas capacitacion/Registrar_los_costos/input_Valor_formCostoEventopanel_costostabla_costosfechaPago_input"), "07/05/2021"): Text '07/05/2021' is set on object 'Object Repository/M-OBJECTS TAREAS SECUNDARIAS/Pruebas capacitacion/Registrar_los_costos/input_Valor_formCostoEventopanel_costostabla_costosfechaPago_input'

2022-03-31 17:34:00 - [MESSAGE][PASSED] - Text '07/05/2021' is set on object 'Object Repository/M-OBJECTS TAREAS SECUNDARIAS/Pruebas capacitacion/Registrar_los_costos/input_Valor_formCostoEventopanel_costostabla_costosfechaPago_input'

2022-03-31 17:34:00 - [TEST_STEP][PASSED] - setText(findTestObject("M-OBJECTS TAREAS SECUNDARIAS/Pruebas capacitacion/Registrar_los_costos/input_Valor_formCostoEventopanel_costostabla_costosvalor"), "1000000"): Text '1000000' is set on object 'Object Repository/M-OBJECTS TAREAS SECUNDARIAS/Pruebas capacitacion/Registrar_los_costos/input_Valor_formCostoEventopanel_costostabla_costosvalor'

2022-03-31 17:34:02 - [MESSAGE][PASSED] - Text '1000000' is set on object 'Object Repository/M-OBJECTS TAREAS SECUNDARIAS/Pruebas capacitacion/Registrar_los_costos/input_Valor_formCostoEventopanel_costostabla_costosvalor'

2022-03-31 17:34:02 - [TEST_STEP][PASSED] - click(findTestObject("M-OBJECTS TAREAS SECUNDARIAS/Pruebas capacitacion/Registrar_los_costos/a_Valor_formCostoEventopanel_costostabla_costosj_idt637")): Object: 'Object Repository/M-OBJECTS TAREAS SECUNDARIAS/Pruebas capacitacion/Registrar_los_costos/a_Valor_formCostoEventopanel_costostabla_costosj_idt637' is clicked on

2022-03-31 17:34:02 - [MESSAGE][PASSED] - Object: 'Object Repository/M-OBJECTS TAREAS SECUNDARIAS/Pruebas capacitacion/Registrar_los_costos/a_Valor_formCostoEventopanel_costostabla_costosj_idt637' is clicked on]]></system-out>
         <system-err><![CDATA[]]></system-err>
      </testcase>
      <testcase name="Test Cases/1.2-Tareas_Secundarias/4.1-Pruebas_Capacitación/4.2.1-Programar_un_evento" time="31.998" classname="Test Cases/1.2-Tareas_Secundarias/4.1-Pruebas_Capacitación/4.2.1-Programar_un_evento" status="PASSED">
         <system-out><![CDATA[2022-03-31 17:34:02 - [TEST_CASE][PASSED] - Test Cases/1.2-Tareas_Secundarias/4.1-Pruebas_Capacitación/4.2.1-Programar_un_evento: Test Cases/1.2-Tareas_Secundarias/4.1-Pruebas_Capacitación/4.2.1-Programar_un_evento

2022-03-31 17:34:03 - [TEST_STEP][PASSED] - callTestCase(findTestCase("Utilidades-(atajos_para _tareas)/Modulos/Modulo Control Evento Capacitacion"), [:], STOP_ON_FAILURE): Call Test Case 'Test Cases/Utilidades-(atajos_para _tareas)/Modulos/Modulo Control Evento Capacitacion' successfully

2022-03-31 17:34:03 - [TEST_CASE][PASSED] - Test Cases/Utilidades-(atajos_para _tareas)/Modulos/Modulo Control Evento Capacitacion: Test Cases/Utilidades-(atajos_para _tareas)/Modulos/Modulo Control Evento Capacitacion

2022-03-31 17:34:03 - [TEST_STEP][PASSED] - callTestCase(findTestCase("0.1-Login"), [:], STOP_ON_FAILURE): Call Test Case 'Test Cases/0.1-Login' successfully

2022-03-31 17:34:03 - [TEST_CASE][PASSED] - Test Cases/0.1-Login: Test Cases/0.1-Login

2022-03-31 17:34:03 - [TEST_STEP][PASSED] - openBrowser(""): Browser is opened with url: ''

2022-03-31 17:34:03 - [MESSAGE][WARNING] - A browser is already opened. Closing browser and opening a new one

2022-03-31 17:34:04 - [MESSAGE][INFO] - Starting 'Chrome' driver

2022-03-31 17:34:04 - [MESSAGE][INFO] - Action delay is set to 150 milliseconds

2022-03-31 17:34:05 - [MESSAGE][PASSED] - Browser is opened with url: ''

2022-03-31 17:34:05 - [TEST_STEP][PASSED] - maximizeWindow(): Current window maximized

2022-03-31 17:34:05 - [MESSAGE][PASSED] - Current window maximized

2022-03-31 17:34:05 - [TEST_STEP][PASSED] - i = G_Login: null

2022-03-31 17:34:05 - [TEST_STEP][PASSED] - url = new java.net.URL(i): null

2022-03-31 17:34:05 - [TEST_STEP][PASSED] - println("URL: " + url.toString()): null

2022-03-31 17:34:05 - [TEST_STEP][PASSED] - connection = url.openConnection(): null

2022-03-31 17:34:05 - [TEST_STEP][PASSED] - connection.setRequestMethod("GET"): null

2022-03-31 17:34:05 - [TEST_STEP][PASSED] - connection.setReadTimeout(2 * 1000): null

2022-03-31 17:34:05 - [TEST_STEP][PASSED] - try: null

2022-03-31 17:34:05 - [TEST_STEP][PASSED] - connection.connect(): null

2022-03-31 17:34:05 - [TEST_STEP][PASSED] - flag = connected: null

2022-03-31 17:34:05 - [TEST_STEP][PASSED] - println("Valor_ori: " + flag): null

2022-03-31 17:34:05 - [TEST_STEP][PASSED] - if (flag): null

2022-03-31 17:34:05 - [TEST_STEP][PASSED] - navigateToUrl(i): Navigate to 'http://192.168.2.19:8380/saraweb' successfully

2022-03-31 17:34:06 - [MESSAGE][PASSED] - Navigate to 'http://192.168.2.19:8380/saraweb' successfully

2022-03-31 17:34:06 - [TEST_STEP][PASSED] - a(): null

2022-03-31 17:34:06 - [TEST_STEP][PASSED] - setText(findTestObject("Login/input_USUARIO_loginusuario"), G_Usuario): Text 'saraadmin' is set on object 'Object Repository/Login/input_USUARIO_loginusuario'

2022-03-31 17:34:07 - [MESSAGE][PASSED] - Text 'saraadmin' is set on object 'Object Repository/Login/input_USUARIO_loginusuario'

2022-03-31 17:34:07 - [TEST_STEP][PASSED] - setEncryptedText(findTestObject("Login/input_CLAVE_loginpassword"), "MkG4/TYiCFC3cb2driP7+Q=="): Text ****** has been set on object 'Object Repository/Login/input_CLAVE_loginpassword'

2022-03-31 17:34:08 - [MESSAGE][PASSED] - Text ****** has been set on object 'Object Repository/Login/input_CLAVE_loginpassword'

2022-03-31 17:34:08 - [TEST_STEP][PASSED] - waitForElementClickable(findTestObject("Login/a_Ingresar"), G_TimeOut): Object 'Object Repository/Login/a_Ingresar' is clickable

2022-03-31 17:34:08 - [MESSAGE][PASSED] - Object 'Object Repository/Login/a_Ingresar' is clickable

2022-03-31 17:34:08 - [TEST_STEP][PASSED] - click(findTestObject("Login/a_Ingresar")): Object: 'Object Repository/Login/a_Ingresar' is clicked on

2022-03-31 17:34:10 - [MESSAGE][PASSED] - Object: 'Object Repository/Login/a_Ingresar' is clicked on

2022-03-31 17:34:10 - [TEST_STEP][PASSED] - element = findWebElement(findTestObject("Login/a_Ir"), 30): null

2022-03-31 17:34:10 - [TEST_STEP][PASSED] - executeJavaScript("arguments[0].click()", Arrays.asList(element)): Execute JavaScript 'arguments[0].click()' successfully

2022-03-31 17:34:10 - [MESSAGE][PASSED] - Execute JavaScript 'arguments[0].click()' successfully

2022-03-31 17:34:10 - [MESSAGE][PASSED] - Call Test Case 'Test Cases/0.1-Login' successfully

2022-03-31 17:34:10 - [TEST_STEP][PASSED] - setText(findTestObject("Modulo Control Evento Capacitacion/input_ADMINISTRADOR DEL SISTEMA - SARA_form_templatej_idt24_input"), "Control Evento"): Text 'Control Evento' is set on object 'Object Repository/Modulo Control Evento Capacitacion/input_ADMINISTRADOR DEL SISTEMA - SARA_form_templatej_idt24_input'

2022-03-31 17:34:12 - [MESSAGE][PASSED] - Text 'Control Evento' is set on object 'Object Repository/Modulo Control Evento Capacitacion/input_ADMINISTRADOR DEL SISTEMA - SARA_form_templatej_idt24_input'

2022-03-31 17:34:12 - [TEST_STEP][PASSED] - click(findTestObject("Modulo Control Evento Capacitacion/li_Control Evento Capacitacion (cap)")): Object: 'Object Repository/Modulo Control Evento Capacitacion/li_Control Evento Capacitacion (cap)' is clicked on

2022-03-31 17:34:14 - [MESSAGE][PASSED] - Object: 'Object Repository/Modulo Control Evento Capacitacion/li_Control Evento Capacitacion (cap)' is clicked on

2022-03-31 17:34:14 - [MESSAGE][PASSED] - Call Test Case 'Test Cases/Utilidades-(atajos_para _tareas)/Modulos/Modulo Control Evento Capacitacion' successfully

2022-03-31 17:34:14 - [TEST_STEP][PASSED] - click(findTestObject("M-OBJECTS TAREAS SECUNDARIAS/Pruebas capacitacion/Programar_un_evento/td_Prueba")): Object: 'Object Repository/M-OBJECTS TAREAS SECUNDARIAS/Pruebas capacitacion/Programar_un_evento/td_Prueba' is clicked on

2022-03-31 17:34:15 - [MESSAGE][PASSED] - Object: 'Object Repository/M-OBJECTS TAREAS SECUNDARIAS/Pruebas capacitacion/Programar_un_evento/td_Prueba' is clicked on

2022-03-31 17:34:15 - [TEST_STEP][PASSED] - click(findTestObject("M-OBJECTS TAREAS SECUNDARIAS/Pruebas capacitacion/Programar_un_evento/div_Programacin")): Object: 'Object Repository/M-OBJECTS TAREAS SECUNDARIAS/Pruebas capacitacion/Programar_un_evento/div_Programacin' is clicked on

2022-03-31 17:34:16 - [MESSAGE][PASSED] - Object: 'Object Repository/M-OBJECTS TAREAS SECUNDARIAS/Pruebas capacitacion/Programar_un_evento/div_Programacin' is clicked on

2022-03-31 17:34:16 - [TEST_STEP][PASSED] - click(findTestObject("M-OBJECTS TAREAS SECUNDARIAS/Pruebas capacitacion/Programar_un_evento/a_Programacin")): Object: 'Object Repository/M-OBJECTS TAREAS SECUNDARIAS/Pruebas capacitacion/Programar_un_evento/a_Programacin' is clicked on

2022-03-31 17:34:16 - [MESSAGE][PASSED] - Object: 'Object Repository/M-OBJECTS TAREAS SECUNDARIAS/Pruebas capacitacion/Programar_un_evento/a_Programacin' is clicked on

2022-03-31 17:34:16 - [TEST_STEP][PASSED] - if (waitForElementVisible(findTestObject("M-OBJECTS TAREAS SECUNDARIAS/Pruebas capacitacion/Programar_un_evento/td_24122021"), 1)): Object 'Object Repository/M-OBJECTS TAREAS SECUNDARIAS/Pruebas capacitacion/Programar_un_evento/td_24122021' is not visible after 1 second(s)

2022-03-31 17:34:18 - [MESSAGE][WARNING] - Object 'Object Repository/M-OBJECTS TAREAS SECUNDARIAS/Pruebas capacitacion/Programar_un_evento/td_24122021' is not visible after 1 second(s)

2022-03-31 17:34:18 - [TEST_STEP][PASSED] - click(findTestObject("M-OBJECTS TAREAS SECUNDARIAS/Pruebas capacitacion/Programar_un_evento/a_Nuevo")): Object: 'Object Repository/M-OBJECTS TAREAS SECUNDARIAS/Pruebas capacitacion/Programar_un_evento/a_Nuevo' is clicked on

2022-03-31 17:34:19 - [MESSAGE][PASSED] - Object: 'Object Repository/M-OBJECTS TAREAS SECUNDARIAS/Pruebas capacitacion/Programar_un_evento/a_Nuevo' is clicked on

2022-03-31 17:34:19 - [TEST_STEP][PASSED] - setText(findTestObject("M-OBJECTS TAREAS SECUNDARIAS/Pruebas capacitacion/Programar_un_evento/input_Das_diaeventoPopup_formdia_input"), "24/12/2021"): Text '24/12/2021' is set on object 'Object Repository/M-OBJECTS TAREAS SECUNDARIAS/Pruebas capacitacion/Programar_un_evento/input_Das_diaeventoPopup_formdia_input'

2022-03-31 17:34:20 - [MESSAGE][PASSED] - Text '24/12/2021' is set on object 'Object Repository/M-OBJECTS TAREAS SECUNDARIAS/Pruebas capacitacion/Programar_un_evento/input_Das_diaeventoPopup_formdia_input'

2022-03-31 17:34:20 - [TEST_STEP][PASSED] - sendKeys(findTestObject("M-OBJECTS TAREAS SECUNDARIAS/Pruebas capacitacion/Programar_un_evento/input_Das_diaeventoPopup_formdia_input"), Keys.chord(ESCAPE)): Keys 'ESCAPE + ' sent to object: 'Object Repository/M-OBJECTS TAREAS SECUNDARIAS/Pruebas capacitacion/Programar_un_evento/input_Das_diaeventoPopup_formdia_input'

2022-03-31 17:34:21 - [MESSAGE][PASSED] - Keys 'ESCAPE + ' sent to object: 'Object Repository/M-OBJECTS TAREAS SECUNDARIAS/Pruebas capacitacion/Programar_un_evento/input_Das_diaeventoPopup_formdia_input'

2022-03-31 17:34:21 - [TEST_STEP][PASSED] - selectOptionByIndex(findTestObject("M-OBJECTS TAREAS SECUNDARIAS/Pruebas capacitacion/Programar_un_evento/select_010203040506070809101112_1"), 0): All options with index in [0] are selected on object 'Object Repository/M-OBJECTS TAREAS SECUNDARIAS/Pruebas capacitacion/Programar_un_evento/select_010203040506070809101112_1'

2022-03-31 17:34:22 - [MESSAGE][PASSED] - All options with index in [0] are selected on object 'Object Repository/M-OBJECTS TAREAS SECUNDARIAS/Pruebas capacitacion/Programar_un_evento/select_010203040506070809101112_1'

2022-03-31 17:34:22 - [TEST_STEP][PASSED] - selectOptionByIndex(findTestObject("M-OBJECTS TAREAS SECUNDARIAS/Pruebas capacitacion/Programar_un_evento/select_00153045_1"), 2): All options with index in [2] are selected on object 'Object Repository/M-OBJECTS TAREAS SECUNDARIAS/Pruebas capacitacion/Programar_un_evento/select_00153045_1'

2022-03-31 17:34:24 - [MESSAGE][PASSED] - All options with index in [2] are selected on object 'Object Repository/M-OBJECTS TAREAS SECUNDARIAS/Pruebas capacitacion/Programar_un_evento/select_00153045_1'

2022-03-31 17:34:24 - [TEST_STEP][PASSED] - selectOptionByIndex(findTestObject("M-OBJECTS TAREAS SECUNDARIAS/Pruebas capacitacion/Programar_un_evento/select_AMPM_1"), 1): All options with index in [1] are selected on object 'Object Repository/M-OBJECTS TAREAS SECUNDARIAS/Pruebas capacitacion/Programar_un_evento/select_AMPM_1'

2022-03-31 17:34:25 - [MESSAGE][PASSED] - All options with index in [1] are selected on object 'Object Repository/M-OBJECTS TAREAS SECUNDARIAS/Pruebas capacitacion/Programar_un_evento/select_AMPM_1'

2022-03-31 17:34:25 - [TEST_STEP][PASSED] - selectOptionByIndex(findTestObject("M-OBJECTS TAREAS SECUNDARIAS/Pruebas capacitacion/Programar_un_evento/select_010203040506070809101112_2"), 2): All options with index in [2] are selected on object 'Object Repository/M-OBJECTS TAREAS SECUNDARIAS/Pruebas capacitacion/Programar_un_evento/select_010203040506070809101112_2'

2022-03-31 17:34:26 - [MESSAGE][PASSED] - All options with index in [2] are selected on object 'Object Repository/M-OBJECTS TAREAS SECUNDARIAS/Pruebas capacitacion/Programar_un_evento/select_010203040506070809101112_2'

2022-03-31 17:34:26 - [TEST_STEP][PASSED] - selectOptionByIndex(findTestObject("M-OBJECTS TAREAS SECUNDARIAS/Pruebas capacitacion/Programar_un_evento/select_00153045_2"), 3): All options with index in [3] are selected on object 'Object Repository/M-OBJECTS TAREAS SECUNDARIAS/Pruebas capacitacion/Programar_un_evento/select_00153045_2'

2022-03-31 17:34:27 - [MESSAGE][PASSED] - All options with index in [3] are selected on object 'Object Repository/M-OBJECTS TAREAS SECUNDARIAS/Pruebas capacitacion/Programar_un_evento/select_00153045_2'

2022-03-31 17:34:27 - [TEST_STEP][PASSED] - selectOptionByIndex(findTestObject("M-OBJECTS TAREAS SECUNDARIAS/Pruebas capacitacion/Programar_un_evento/select_AMPM_2"), 1): All options with index in [1] are selected on object 'Object Repository/M-OBJECTS TAREAS SECUNDARIAS/Pruebas capacitacion/Programar_un_evento/select_AMPM_2'

2022-03-31 17:34:29 - [MESSAGE][PASSED] - All options with index in [1] are selected on object 'Object Repository/M-OBJECTS TAREAS SECUNDARIAS/Pruebas capacitacion/Programar_un_evento/select_AMPM_2'

2022-03-31 17:34:29 - [TEST_STEP][PASSED] - selectOptionByIndex(findTestObject("M-OBJECTS TAREAS SECUNDARIAS/Pruebas capacitacion/Programar_un_evento/select_SeleccionePrueba"), 1): All options with index in [1] are selected on object 'Object Repository/M-OBJECTS TAREAS SECUNDARIAS/Pruebas capacitacion/Programar_un_evento/select_SeleccionePrueba'

2022-03-31 17:34:30 - [MESSAGE][PASSED] - All options with index in [1] are selected on object 'Object Repository/M-OBJECTS TAREAS SECUNDARIAS/Pruebas capacitacion/Programar_un_evento/select_SeleccionePrueba'

2022-03-31 17:34:30 - [TEST_STEP][PASSED] - selectOptionByIndex(findTestObject("M-OBJECTS TAREAS SECUNDARIAS/Pruebas capacitacion/Programar_un_evento/select_SeleccioneAula InteligenteSala de JuntasSalon ExternoSalon Principal"), 4): All options with index in [4] are selected on object 'Object Repository/M-OBJECTS TAREAS SECUNDARIAS/Pruebas capacitacion/Programar_un_evento/select_SeleccioneAula InteligenteSala de JuntasSalon ExternoSalon Principal'

2022-03-31 17:34:31 - [MESSAGE][PASSED] - All options with index in [4] are selected on object 'Object Repository/M-OBJECTS TAREAS SECUNDARIAS/Pruebas capacitacion/Programar_un_evento/select_SeleccioneAula InteligenteSala de JuntasSalon ExternoSalon Principal'

2022-03-31 17:34:31 - [TEST_STEP][PASSED] - selectOptionByIndex(findTestObject("M-OBJECTS TAREAS SECUNDARIAS/Pruebas capacitacion/Programar_un_evento/select_SeleccionePRUEBA DE MODULO"), 1): All options with index in [1] are selected on object 'Object Repository/M-OBJECTS TAREAS SECUNDARIAS/Pruebas capacitacion/Programar_un_evento/select_SeleccionePRUEBA DE MODULO'

2022-03-31 17:34:33 - [MESSAGE][PASSED] - All options with index in [1] are selected on object 'Object Repository/M-OBJECTS TAREAS SECUNDARIAS/Pruebas capacitacion/Programar_un_evento/select_SeleccionePRUEBA DE MODULO'

2022-03-31 17:34:33 - [TEST_STEP][PASSED] - selectOptionByIndex(findTestObject("M-OBJECTS TAREAS SECUNDARIAS/Pruebas capacitacion/Programar_un_evento/select_Seleccione23913781ALMANZA ROSAS SILVISGUISELLGUTIERREZ ALVAREZ FERNANDA LUCIA"), 1): All options with index in [1] are selected on object 'Object Repository/M-OBJECTS TAREAS SECUNDARIAS/Pruebas capacitacion/Programar_un_evento/select_Seleccione23913781ALMANZA ROSAS SILVISGUISELLGUTIERREZ ALVAREZ FERNANDA LUCIA'

2022-03-31 17:34:34 - [MESSAGE][PASSED] - All options with index in [1] are selected on object 'Object Repository/M-OBJECTS TAREAS SECUNDARIAS/Pruebas capacitacion/Programar_un_evento/select_Seleccione23913781ALMANZA ROSAS SILVISGUISELLGUTIERREZ ALVAREZ FERNANDA LUCIA'

2022-03-31 17:34:34 - [TEST_STEP][PASSED] - click(findTestObject("M-OBJECTS TAREAS SECUNDARIAS/Pruebas capacitacion/Programar_un_evento/a_Guardar")): Object: 'Object Repository/M-OBJECTS TAREAS SECUNDARIAS/Pruebas capacitacion/Programar_un_evento/a_Guardar' is clicked on

2022-03-31 17:34:34 - [MESSAGE][PASSED] - Object: 'Object Repository/M-OBJECTS TAREAS SECUNDARIAS/Pruebas capacitacion/Programar_un_evento/a_Guardar' is clicked on]]></system-out>
         <system-err><![CDATA[]]></system-err>
      </testcase>
      <testcase name="Test Cases/1.2-Tareas_Secundarias/4.1-Pruebas_Capacitación/4.2.2-Programar_una_Evaluación_de_un_evento" time="66.679" classname="Test Cases/1.2-Tareas_Secundarias/4.1-Pruebas_Capacitación/4.2.2-Programar_una_Evaluación_de_un_evento" status="FAILED">
         <failure type="FAILED" message="Test Cases/1.2-Tareas_Secundarias/4.1-Pruebas_Capacitación/4.2.2-Programar_una_Evaluación_de_un_evento FAILED.
Reason:
com.kms.katalon.core.exception.StepFailedException: Unable to check object 'Object Repository/M-OBJECTS TAREAS SECUNDARIAS/Pruebas capacitacion/Programar_una_Evaluación_de_un_evento/div_Grupo_ui-chkbox-box ui-widget ui-corner-all ui-state-default ui-state-hover'
	at com.kms.katalon.core.webui.keyword.internal.WebUIKeywordMain.stepFailed(WebUIKeywordMain.groovy:64)
	at com.kms.katalon.core.webui.keyword.internal.WebUIKeywordMain.runKeyword(WebUIKeywordMain.groovy:26)
	at com.kms.katalon.core.webui.keyword.builtin.CheckKeyword.check(CheckKeyword.groovy:88)
	at com.kms.katalon.core.webui.keyword.builtin.CheckKeyword.execute(CheckKeyword.groovy:67)
	at com.kms.katalon.core.keyword.internal.KeywordExecutor.executeKeywordForPlatform(KeywordExecutor.groovy:74)
	at com.kms.katalon.core.webui.keyword.WebUiBuiltInKeywords.check(WebUiBuiltInKeywords.groovy:1069)
	at com.kms.katalon.core.webui.keyword.WebUiBuiltInKeywords$check$14.call(Unknown Source)
	at 4.2.2-Programar_una_Evaluación_de_un_evento.run(4.2.2-Programar_una_Evaluación_de_un_evento:46)
	at com.kms.katalon.core.main.ScriptEngine.run(ScriptEngine.java:194)
	at com.kms.katalon.core.main.ScriptEngine.runScriptAsRawText(ScriptEngine.java:119)
	at com.kms.katalon.core.main.TestCaseExecutor.runScript(TestCaseExecutor.java:442)
	at com.kms.katalon.core.main.TestCaseExecutor.doExecute(TestCaseExecutor.java:433)
	at com.kms.katalon.core.main.TestCaseExecutor.processExecutionPhase(TestCaseExecutor.java:412)
	at com.kms.katalon.core.main.TestCaseExecutor.accessMainPhase(TestCaseExecutor.java:404)
	at com.kms.katalon.core.main.TestCaseExecutor.execute(TestCaseExecutor.java:281)
	at com.kms.katalon.core.main.TestSuiteExecutor.accessTestCaseMainPhase(TestSuiteExecutor.java:202)
	at com.kms.katalon.core.main.TestSuiteExecutor.accessTestSuiteMainPhase(TestSuiteExecutor.java:164)
	at com.kms.katalon.core.main.TestSuiteExecutor.execute(TestSuiteExecutor.java:105)
	at com.kms.katalon.core.main.TestCaseMain.startTestSuite(TestCaseMain.java:185)
	at com.kms.katalon.core.main.TestCaseMain$startTestSuite$0.call(Unknown Source)
	at TempTestSuite1648765726665.run(TempTestSuite1648765726665.groovy:36)
Caused by: com.kms.katalon.core.webui.exception.WebElementNotFoundException: Web element with id: 'Object Repository/M-OBJECTS TAREAS SECUNDARIAS/Pruebas capacitacion/Programar_una_Evaluación_de_un_evento/div_Grupo_ui-chkbox-box ui-widget ui-corner-all ui-state-default ui-state-hover' located by '//td/div/div/table/tbody/tr/td/div/div[2]' not found
	at com.kms.katalon.core.webui.common.WebUiCommonHelper.findWebElement(WebUiCommonHelper.java:1370)
	at com.kms.katalon.core.webui.keyword.internal.WebUIAbstractKeyword.findWebElement(WebUIAbstractKeyword.groovy:27)
	at com.kms.katalon.core.webui.keyword.internal.WebUIAbstractKeyword.findWebElement(WebUIAbstractKeyword.groovy:26)
	at com.kms.katalon.core.webui.keyword.builtin.CheckKeyword$_check_closure1.doCall(CheckKeyword.groovy:77)
	at com.kms.katalon.core.webui.keyword.builtin.CheckKeyword$_check_closure1.call(CheckKeyword.groovy)
	at com.kms.katalon.core.webui.keyword.internal.WebUIKeywordMain.runKeyword(WebUIKeywordMain.groovy:20)
	... 19 more
"/>
         <system-out><![CDATA[2022-03-31 17:34:34 - [TEST_CASE][FAILED] - Test Cases/1.2-Tareas_Secundarias/4.1-Pruebas_Capacitación/4.2.2-Programar_una_Evaluación_de_un_evento: Test Cases/1.2-Tareas_Secundarias/4.1-Pruebas_Capacitación/4.2.2-Programar_una_Evaluación_de_un_evento FAILED.
Reason:
com.kms.katalon.core.exception.StepFailedException: Unable to check object 'Object Repository/M-OBJECTS TAREAS SECUNDARIAS/Pruebas capacitacion/Programar_una_Evaluación_de_un_evento/div_Grupo_ui-chkbox-box ui-widget ui-corner-all ui-state-default ui-state-hover'
	at com.kms.katalon.core.webui.keyword.internal.WebUIKeywordMain.stepFailed(WebUIKeywordMain.groovy:64)
	at com.kms.katalon.core.webui.keyword.internal.WebUIKeywordMain.runKeyword(WebUIKeywordMain.groovy:26)
	at com.kms.katalon.core.webui.keyword.builtin.CheckKeyword.check(CheckKeyword.groovy:88)
	at com.kms.katalon.core.webui.keyword.builtin.CheckKeyword.execute(CheckKeyword.groovy:67)
	at com.kms.katalon.core.keyword.internal.KeywordExecutor.executeKeywordForPlatform(KeywordExecutor.groovy:74)
	at com.kms.katalon.core.webui.keyword.WebUiBuiltInKeywords.check(WebUiBuiltInKeywords.groovy:1069)
	at com.kms.katalon.core.webui.keyword.WebUiBuiltInKeywords$check$14.call(Unknown Source)
	at 4.2.2-Programar_una_Evaluación_de_un_evento.run(4.2.2-Programar_una_Evaluación_de_un_evento:46)
	at com.kms.katalon.core.main.ScriptEngine.run(ScriptEngine.java:194)
	at com.kms.katalon.core.main.ScriptEngine.runScriptAsRawText(ScriptEngine.java:119)
	at com.kms.katalon.core.main.TestCaseExecutor.runScript(TestCaseExecutor.java:442)
	at com.kms.katalon.core.main.TestCaseExecutor.doExecute(TestCaseExecutor.java:433)
	at com.kms.katalon.core.main.TestCaseExecutor.processExecutionPhase(TestCaseExecutor.java:412)
	at com.kms.katalon.core.main.TestCaseExecutor.accessMainPhase(TestCaseExecutor.java:404)
	at com.kms.katalon.core.main.TestCaseExecutor.execute(TestCaseExecutor.java:281)
	at com.kms.katalon.core.main.TestSuiteExecutor.accessTestCaseMainPhase(TestSuiteExecutor.java:202)
	at com.kms.katalon.core.main.TestSuiteExecutor.accessTestSuiteMainPhase(TestSuiteExecutor.java:164)
	at com.kms.katalon.core.main.TestSuiteExecutor.execute(TestSuiteExecutor.java:105)
	at com.kms.katalon.core.main.TestCaseMain.startTestSuite(TestCaseMain.java:185)
	at com.kms.katalon.core.main.TestCaseMain$startTestSuite$0.call(Unknown Source)
	at TempTestSuite1648765726665.run(TempTestSuite1648765726665.groovy:36)
Caused by: com.kms.katalon.core.webui.exception.WebElementNotFoundException: Web element with id: 'Object Repository/M-OBJECTS TAREAS SECUNDARIAS/Pruebas capacitacion/Programar_una_Evaluación_de_un_evento/div_Grupo_ui-chkbox-box ui-widget ui-corner-all ui-state-default ui-state-hover' located by '//td/div/div/table/tbody/tr/td/div/div[2]' not found
	at com.kms.katalon.core.webui.common.WebUiCommonHelper.findWebElement(WebUiCommonHelper.java:1370)
	at com.kms.katalon.core.webui.keyword.internal.WebUIAbstractKeyword.findWebElement(WebUIAbstractKeyword.groovy:27)
	at com.kms.katalon.core.webui.keyword.internal.WebUIAbstractKeyword.findWebElement(WebUIAbstractKeyword.groovy:26)
	at com.kms.katalon.core.webui.keyword.builtin.CheckKeyword$_check_closure1.doCall(CheckKeyword.groovy:77)
	at com.kms.katalon.core.webui.keyword.builtin.CheckKeyword$_check_closure1.call(CheckKeyword.groovy)
	at com.kms.katalon.core.webui.keyword.internal.WebUIKeywordMain.runKeyword(WebUIKeywordMain.groovy:20)
	... 19 more


2022-03-31 17:34:35 - [TEST_STEP][PASSED] - callTestCase(findTestCase("Utilidades-(atajos_para _tareas)/Modulos/Modulo Control Evento Capacitacion"), [:], STOP_ON_FAILURE): Call Test Case 'Test Cases/Utilidades-(atajos_para _tareas)/Modulos/Modulo Control Evento Capacitacion' successfully

2022-03-31 17:34:35 - [TEST_CASE][PASSED] - Test Cases/Utilidades-(atajos_para _tareas)/Modulos/Modulo Control Evento Capacitacion: Test Cases/Utilidades-(atajos_para _tareas)/Modulos/Modulo Control Evento Capacitacion

2022-03-31 17:34:35 - [TEST_STEP][PASSED] - callTestCase(findTestCase("0.1-Login"), [:], STOP_ON_FAILURE): Call Test Case 'Test Cases/0.1-Login' successfully

2022-03-31 17:34:35 - [TEST_CASE][PASSED] - Test Cases/0.1-Login: Test Cases/0.1-Login

2022-03-31 17:34:35 - [TEST_STEP][PASSED] - openBrowser(""): Browser is opened with url: ''

2022-03-31 17:34:35 - [MESSAGE][WARNING] - A browser is already opened. Closing browser and opening a new one

2022-03-31 17:34:36 - [MESSAGE][INFO] - Starting 'Chrome' driver

2022-03-31 17:34:36 - [MESSAGE][INFO] - Action delay is set to 150 milliseconds

2022-03-31 17:34:37 - [MESSAGE][PASSED] - Browser is opened with url: ''

2022-03-31 17:34:37 - [TEST_STEP][PASSED] - maximizeWindow(): Current window maximized

2022-03-31 17:34:37 - [MESSAGE][PASSED] - Current window maximized

2022-03-31 17:34:37 - [TEST_STEP][PASSED] - i = G_Login: null

2022-03-31 17:34:37 - [TEST_STEP][PASSED] - url = new java.net.URL(i): null

2022-03-31 17:34:37 - [TEST_STEP][PASSED] - println("URL: " + url.toString()): null

2022-03-31 17:34:37 - [TEST_STEP][PASSED] - connection = url.openConnection(): null

2022-03-31 17:34:37 - [TEST_STEP][PASSED] - connection.setRequestMethod("GET"): null

2022-03-31 17:34:37 - [TEST_STEP][PASSED] - connection.setReadTimeout(2 * 1000): null

2022-03-31 17:34:37 - [TEST_STEP][PASSED] - try: null

2022-03-31 17:34:37 - [TEST_STEP][PASSED] - connection.connect(): null

2022-03-31 17:34:37 - [TEST_STEP][PASSED] - flag = connected: null

2022-03-31 17:34:37 - [TEST_STEP][PASSED] - println("Valor_ori: " + flag): null

2022-03-31 17:34:37 - [TEST_STEP][PASSED] - if (flag): null

2022-03-31 17:34:37 - [TEST_STEP][PASSED] - navigateToUrl(i): Navigate to 'http://192.168.2.19:8380/saraweb' successfully

2022-03-31 17:34:37 - [MESSAGE][PASSED] - Navigate to 'http://192.168.2.19:8380/saraweb' successfully

2022-03-31 17:34:37 - [TEST_STEP][PASSED] - a(): null

2022-03-31 17:34:37 - [TEST_STEP][PASSED] - setText(findTestObject("Login/input_USUARIO_loginusuario"), G_Usuario): Text 'saraadmin' is set on object 'Object Repository/Login/input_USUARIO_loginusuario'

2022-03-31 17:34:39 - [MESSAGE][PASSED] - Text 'saraadmin' is set on object 'Object Repository/Login/input_USUARIO_loginusuario'

2022-03-31 17:34:39 - [TEST_STEP][PASSED] - setEncryptedText(findTestObject("Login/input_CLAVE_loginpassword"), "MkG4/TYiCFC3cb2driP7+Q=="): Text ****** has been set on object 'Object Repository/Login/input_CLAVE_loginpassword'

2022-03-31 17:34:40 - [MESSAGE][PASSED] - Text ****** has been set on object 'Object Repository/Login/input_CLAVE_loginpassword'

2022-03-31 17:34:40 - [TEST_STEP][PASSED] - waitForElementClickable(findTestObject("Login/a_Ingresar"), G_TimeOut): Object 'Object Repository/Login/a_Ingresar' is clickable

2022-03-31 17:34:40 - [MESSAGE][PASSED] - Object 'Object Repository/Login/a_Ingresar' is clickable

2022-03-31 17:34:40 - [TEST_STEP][PASSED] - click(findTestObject("Login/a_Ingresar")): Object: 'Object Repository/Login/a_Ingresar' is clicked on

2022-03-31 17:34:41 - [MESSAGE][PASSED] - Object: 'Object Repository/Login/a_Ingresar' is clicked on

2022-03-31 17:34:41 - [TEST_STEP][PASSED] - element = findWebElement(findTestObject("Login/a_Ir"), 30): null

2022-03-31 17:34:42 - [TEST_STEP][PASSED] - executeJavaScript("arguments[0].click()", Arrays.asList(element)): Execute JavaScript 'arguments[0].click()' successfully

2022-03-31 17:34:42 - [MESSAGE][PASSED] - Execute JavaScript 'arguments[0].click()' successfully

2022-03-31 17:34:42 - [MESSAGE][PASSED] - Call Test Case 'Test Cases/0.1-Login' successfully

2022-03-31 17:34:42 - [TEST_STEP][PASSED] - setText(findTestObject("Modulo Control Evento Capacitacion/input_ADMINISTRADOR DEL SISTEMA - SARA_form_templatej_idt24_input"), "Control Evento"): Text 'Control Evento' is set on object 'Object Repository/Modulo Control Evento Capacitacion/input_ADMINISTRADOR DEL SISTEMA - SARA_form_templatej_idt24_input'

2022-03-31 17:34:43 - [MESSAGE][PASSED] - Text 'Control Evento' is set on object 'Object Repository/Modulo Control Evento Capacitacion/input_ADMINISTRADOR DEL SISTEMA - SARA_form_templatej_idt24_input'

2022-03-31 17:34:43 - [TEST_STEP][PASSED] - click(findTestObject("Modulo Control Evento Capacitacion/li_Control Evento Capacitacion (cap)")): Object: 'Object Repository/Modulo Control Evento Capacitacion/li_Control Evento Capacitacion (cap)' is clicked on

2022-03-31 17:34:45 - [MESSAGE][PASSED] - Object: 'Object Repository/Modulo Control Evento Capacitacion/li_Control Evento Capacitacion (cap)' is clicked on

2022-03-31 17:34:45 - [MESSAGE][PASSED] - Call Test Case 'Test Cases/Utilidades-(atajos_para _tareas)/Modulos/Modulo Control Evento Capacitacion' successfully

2022-03-31 17:34:45 - [TEST_STEP][PASSED] - click(findTestObject("M-OBJECTS TAREAS SECUNDARIAS/Pruebas capacitacion/Programar_una_Evaluación_de_un_evento/td_Prueba")): Object: 'Object Repository/M-OBJECTS TAREAS SECUNDARIAS/Pruebas capacitacion/Programar_una_Evaluación_de_un_evento/td_Prueba' is clicked on

2022-03-31 17:34:47 - [MESSAGE][PASSED] - Object: 'Object Repository/M-OBJECTS TAREAS SECUNDARIAS/Pruebas capacitacion/Programar_una_Evaluación_de_un_evento/td_Prueba' is clicked on

2022-03-31 17:34:47 - [TEST_STEP][PASSED] - click(findTestObject("M-OBJECTS TAREAS SECUNDARIAS/Pruebas capacitacion/Programar_una_Evaluación_de_un_evento/div_Evaluacin")): Object: 'Object Repository/M-OBJECTS TAREAS SECUNDARIAS/Pruebas capacitacion/Programar_una_Evaluación_de_un_evento/div_Evaluacin' is clicked on

2022-03-31 17:34:48 - [MESSAGE][PASSED] - Object: 'Object Repository/M-OBJECTS TAREAS SECUNDARIAS/Pruebas capacitacion/Programar_una_Evaluación_de_un_evento/div_Evaluacin' is clicked on

2022-03-31 17:34:48 - [TEST_STEP][PASSED] - click(findTestObject("M-OBJECTS TAREAS SECUNDARIAS/Pruebas capacitacion/Programar_una_Evaluación_de_un_evento/a_Evento")): Object: 'Object Repository/M-OBJECTS TAREAS SECUNDARIAS/Pruebas capacitacion/Programar_una_Evaluación_de_un_evento/a_Evento' is clicked on

2022-03-31 17:34:49 - [MESSAGE][PASSED] - Object: 'Object Repository/M-OBJECTS TAREAS SECUNDARIAS/Pruebas capacitacion/Programar_una_Evaluación_de_un_evento/a_Evento' is clicked on

2022-03-31 17:34:49 - [TEST_STEP][PASSED] - if (waitForElementPresent(findTestObject("M-OBJECTS TAREAS SECUNDARIAS/Pruebas capacitacion/Programar_una_Evaluación_de_un_evento/td_Encuesta De Satisfaccion Capacitacion"), 1)): Object 'Object Repository/M-OBJECTS TAREAS SECUNDARIAS/Pruebas capacitacion/Programar_una_Evaluación_de_un_evento/td_Encuesta De Satisfaccion Capacitacion' is not present after 1 second(s)

2022-03-31 17:34:51 - [MESSAGE][INFO] - Unable to find the element located by 'By.xpath: //*/text()[normalize-space(.)='Encuesta De Satisfaccion Capacitacion']/parent::*'. Please recheck the objects properties to make sure the desired element is located. 

2022-03-31 17:34:51 - [MESSAGE][WARNING] - Object 'Object Repository/M-OBJECTS TAREAS SECUNDARIAS/Pruebas capacitacion/Programar_una_Evaluación_de_un_evento/td_Encuesta De Satisfaccion Capacitacion' is not present after 1 second(s)

2022-03-31 17:34:51 - [TEST_STEP][PASSED] - click(findTestObject("M-OBJECTS TAREAS SECUNDARIAS/Pruebas capacitacion/Programar_una_Evaluación_de_un_evento/a_Programar")): Object: 'Object Repository/M-OBJECTS TAREAS SECUNDARIAS/Pruebas capacitacion/Programar_una_Evaluación_de_un_evento/a_Programar' is clicked on

2022-03-31 17:34:51 - [MESSAGE][PASSED] - Object: 'Object Repository/M-OBJECTS TAREAS SECUNDARIAS/Pruebas capacitacion/Programar_una_Evaluación_de_un_evento/a_Programar' is clicked on

2022-03-31 17:34:51 - [TEST_STEP][PASSED] - selectOptionByIndex(findTestObject("M-OBJECTS TAREAS SECUNDARIAS/Pruebas capacitacion/Programar_una_Evaluación_de_un_evento/select_SeleccioneENCUESTA DE SATISFACCION CAPACITACION"), 0): All options with index in [0] are selected on object 'Object Repository/M-OBJECTS TAREAS SECUNDARIAS/Pruebas capacitacion/Programar_una_Evaluación_de_un_evento/select_SeleccioneENCUESTA DE SATISFACCION CAPACITACION'

2022-03-31 17:34:53 - [MESSAGE][PASSED] - All options with index in [0] are selected on object 'Object Repository/M-OBJECTS TAREAS SECUNDARIAS/Pruebas capacitacion/Programar_una_Evaluación_de_un_evento/select_SeleccioneENCUESTA DE SATISFACCION CAPACITACION'

2022-03-31 17:34:53 - [TEST_STEP][PASSED] - selectOptionByIndex(findTestObject("M-OBJECTS TAREAS SECUNDARIAS/Pruebas capacitacion/Programar_una_Evaluación_de_un_evento/select_SeleccioneACEPTADOFINALIZADOINSCRITONO ACEPTADONO APROBADONO ASISTIO"), 3): All options with index in [3] are selected on object 'Object Repository/M-OBJECTS TAREAS SECUNDARIAS/Pruebas capacitacion/Programar_una_Evaluación_de_un_evento/select_SeleccioneACEPTADOFINALIZADOINSCRITONO ACEPTADONO APROBADONO ASISTIO'

2022-03-31 17:34:55 - [MESSAGE][PASSED] - All options with index in [3] are selected on object 'Object Repository/M-OBJECTS TAREAS SECUNDARIAS/Pruebas capacitacion/Programar_una_Evaluación_de_un_evento/select_SeleccioneACEPTADOFINALIZADOINSCRITONO ACEPTADONO APROBADONO ASISTIO'

2022-03-31 17:34:55 - [TEST_STEP][FAILED] - check(findTestObject("M-OBJECTS TAREAS SECUNDARIAS/Pruebas capacitacion/Programar_una_Evaluación_de_un_evento/div_Grupo_ui-chkbox-box ui-widget ui-corner-all ui-state-default ui-state-hover")): Unable to check object 'Object Repository/M-OBJECTS TAREAS SECUNDARIAS/Pruebas capacitacion/Programar_una_Evaluación_de_un_evento/div_Grupo_ui-chkbox-box ui-widget ui-corner-all ui-state-default ui-state-hover' (Root cause: com.kms.katalon.core.exception.StepFailedException: Unable to check object 'Object Repository/M-OBJECTS TAREAS SECUNDARIAS/Pruebas capacitacion/Programar_una_Evaluación_de_un_evento/div_Grupo_ui-chkbox-box ui-widget ui-corner-all ui-state-default ui-state-hover'
	at com.kms.katalon.core.webui.keyword.internal.WebUIKeywordMain.stepFailed(WebUIKeywordMain.groovy:64)
	at com.kms.katalon.core.webui.keyword.internal.WebUIKeywordMain.runKeyword(WebUIKeywordMain.groovy:26)
	at com.kms.katalon.core.webui.keyword.builtin.CheckKeyword.check(CheckKeyword.groovy:88)
	at com.kms.katalon.core.webui.keyword.builtin.CheckKeyword.execute(CheckKeyword.groovy:67)
	at com.kms.katalon.core.keyword.internal.KeywordExecutor.executeKeywordForPlatform(KeywordExecutor.groovy:74)
	at com.kms.katalon.core.webui.keyword.WebUiBuiltInKeywords.check(WebUiBuiltInKeywords.groovy:1069)
	at com.kms.katalon.core.webui.keyword.WebUiBuiltInKeywords$check$14.call(Unknown Source)
	at 4.2.2-Programar_una_Evaluación_de_un_evento.run(4.2.2-Programar_una_Evaluación_de_un_evento:46)
	at com.kms.katalon.core.main.ScriptEngine.run(ScriptEngine.java:194)
	at com.kms.katalon.core.main.ScriptEngine.runScriptAsRawText(ScriptEngine.java:119)
	at com.kms.katalon.core.main.TestCaseExecutor.runScript(TestCaseExecutor.java:442)
	at com.kms.katalon.core.main.TestCaseExecutor.doExecute(TestCaseExecutor.java:433)
	at com.kms.katalon.core.main.TestCaseExecutor.processExecutionPhase(TestCaseExecutor.java:412)
	at com.kms.katalon.core.main.TestCaseExecutor.accessMainPhase(TestCaseExecutor.java:404)
	at com.kms.katalon.core.main.TestCaseExecutor.execute(TestCaseExecutor.java:281)
	at com.kms.katalon.core.main.TestSuiteExecutor.accessTestCaseMainPhase(TestSuiteExecutor.java:202)
	at com.kms.katalon.core.main.TestSuiteExecutor.accessTestSuiteMainPhase(TestSuiteExecutor.java:164)
	at com.kms.katalon.core.main.TestSuiteExecutor.execute(TestSuiteExecutor.java:105)
	at com.kms.katalon.core.main.TestCaseMain.startTestSuite(TestCaseMain.java:185)
	at com.kms.katalon.core.main.TestCaseMain$startTestSuite$0.call(Unknown Source)
	at TempTestSuite1648765726665.run(TempTestSuite1648765726665.groovy:36)
Caused by: com.kms.katalon.core.webui.exception.WebElementNotFoundException: Web element with id: 'Object Repository/M-OBJECTS TAREAS SECUNDARIAS/Pruebas capacitacion/Programar_una_Evaluación_de_un_evento/div_Grupo_ui-chkbox-box ui-widget ui-corner-all ui-state-default ui-state-hover' located by '//td/div/div/table/tbody/tr/td/div/div[2]' not found
	at com.kms.katalon.core.webui.common.WebUiCommonHelper.findWebElement(WebUiCommonHelper.java:1370)
	at com.kms.katalon.core.webui.keyword.internal.WebUIAbstractKeyword.findWebElement(WebUIAbstractKeyword.groovy:27)
	at com.kms.katalon.core.webui.keyword.internal.WebUIAbstractKeyword.findWebElement(WebUIAbstractKeyword.groovy:26)
	at com.kms.katalon.core.webui.keyword.builtin.CheckKeyword$_check_closure1.doCall(CheckKeyword.groovy:77)
	at com.kms.katalon.core.webui.keyword.builtin.CheckKeyword$_check_closure1.call(CheckKeyword.groovy)
	at com.kms.katalon.core.webui.keyword.internal.WebUIKeywordMain.runKeyword(WebUIKeywordMain.groovy:20)
	at com.kms.katalon.core.webui.keyword.builtin.CheckKeyword.check(CheckKeyword.groovy:88)
	at com.kms.katalon.core.webui.keyword.builtin.CheckKeyword.execute(CheckKeyword.groovy:67)
	at com.kms.katalon.core.keyword.internal.KeywordExecutor.executeKeywordForPlatform(KeywordExecutor.groovy:74)
	at com.kms.katalon.core.webui.keyword.WebUiBuiltInKeywords.check(WebUiBuiltInKeywords.groovy:1069)
	at com.kms.katalon.core.webui.keyword.WebUiBuiltInKeywords$check$14.call(Unknown Source)
	at Script1637338874807.run(Script1637338874807.groovy:46)
	... 13 more
)

2022-03-31 17:35:41 - [MESSAGE][INFO] - Unable to find the element located by 'By.xpath: //td/div/div/table/tbody/tr/td/div/div[2]'. Please recheck the objects properties to make sure the desired element is located. 

2022-03-31 17:35:41 - [MESSAGE][FAILED] - Unable to check object 'Object Repository/M-OBJECTS TAREAS SECUNDARIAS/Pruebas capacitacion/Programar_una_Evaluación_de_un_evento/div_Grupo_ui-chkbox-box ui-widget ui-corner-all ui-state-default ui-state-hover' (Root cause: com.kms.katalon.core.exception.StepFailedException: Unable to check object 'Object Repository/M-OBJECTS TAREAS SECUNDARIAS/Pruebas capacitacion/Programar_una_Evaluación_de_un_evento/div_Grupo_ui-chkbox-box ui-widget ui-corner-all ui-state-default ui-state-hover'
	at com.kms.katalon.core.webui.keyword.internal.WebUIKeywordMain.stepFailed(WebUIKeywordMain.groovy:64)
	at com.kms.katalon.core.webui.keyword.internal.WebUIKeywordMain.runKeyword(WebUIKeywordMain.groovy:26)
	at com.kms.katalon.core.webui.keyword.builtin.CheckKeyword.check(CheckKeyword.groovy:88)
	at com.kms.katalon.core.webui.keyword.builtin.CheckKeyword.execute(CheckKeyword.groovy:67)
	at com.kms.katalon.core.keyword.internal.KeywordExecutor.executeKeywordForPlatform(KeywordExecutor.groovy:74)
	at com.kms.katalon.core.webui.keyword.WebUiBuiltInKeywords.check(WebUiBuiltInKeywords.groovy:1069)
	at com.kms.katalon.core.webui.keyword.WebUiBuiltInKeywords$check$14.call(Unknown Source)
	at 4.2.2-Programar_una_Evaluación_de_un_evento.run(4.2.2-Programar_una_Evaluación_de_un_evento:46)
	at com.kms.katalon.core.main.ScriptEngine.run(ScriptEngine.java:194)
	at com.kms.katalon.core.main.ScriptEngine.runScriptAsRawText(ScriptEngine.java:119)
	at com.kms.katalon.core.main.TestCaseExecutor.runScript(TestCaseExecutor.java:442)
	at com.kms.katalon.core.main.TestCaseExecutor.doExecute(TestCaseExecutor.java:433)
	at com.kms.katalon.core.main.TestCaseExecutor.processExecutionPhase(TestCaseExecutor.java:412)
	at com.kms.katalon.core.main.TestCaseExecutor.accessMainPhase(TestCaseExecutor.java:404)
	at com.kms.katalon.core.main.TestCaseExecutor.execute(TestCaseExecutor.java:281)
	at com.kms.katalon.core.main.TestSuiteExecutor.accessTestCaseMainPhase(TestSuiteExecutor.java:202)
	at com.kms.katalon.core.main.TestSuiteExecutor.accessTestSuiteMainPhase(TestSuiteExecutor.java:164)
	at com.kms.katalon.core.main.TestSuiteExecutor.execute(TestSuiteExecutor.java:105)
	at com.kms.katalon.core.main.TestCaseMain.startTestSuite(TestCaseMain.java:185)
	at com.kms.katalon.core.main.TestCaseMain$startTestSuite$0.call(Unknown Source)
	at TempTestSuite1648765726665.run(TempTestSuite1648765726665.groovy:36)
Caused by: com.kms.katalon.core.webui.exception.WebElementNotFoundException: Web element with id: 'Object Repository/M-OBJECTS TAREAS SECUNDARIAS/Pruebas capacitacion/Programar_una_Evaluación_de_un_evento/div_Grupo_ui-chkbox-box ui-widget ui-corner-all ui-state-default ui-state-hover' located by '//td/div/div/table/tbody/tr/td/div/div[2]' not found
	at com.kms.katalon.core.webui.common.WebUiCommonHelper.findWebElement(WebUiCommonHelper.java:1370)
	at com.kms.katalon.core.webui.keyword.internal.WebUIAbstractKeyword.findWebElement(WebUIAbstractKeyword.groovy:27)
	at com.kms.katalon.core.webui.keyword.internal.WebUIAbstractKeyword.findWebElement(WebUIAbstractKeyword.groovy:26)
	at com.kms.katalon.core.webui.keyword.builtin.CheckKeyword$_check_closure1.doCall(CheckKeyword.groovy:77)
	at com.kms.katalon.core.webui.keyword.builtin.CheckKeyword$_check_closure1.call(CheckKeyword.groovy)
	at com.kms.katalon.core.webui.keyword.internal.WebUIKeywordMain.runKeyword(WebUIKeywordMain.groovy:20)
	at com.kms.katalon.core.webui.keyword.builtin.CheckKeyword.check(CheckKeyword.groovy:88)
	at com.kms.katalon.core.webui.keyword.builtin.CheckKeyword.execute(CheckKeyword.groovy:67)
	at com.kms.katalon.core.keyword.internal.KeywordExecutor.executeKeywordForPlatform(KeywordExecutor.groovy:74)
	at com.kms.katalon.core.webui.keyword.WebUiBuiltInKeywords.check(WebUiBuiltInKeywords.groovy:1069)
	at com.kms.katalon.core.webui.keyword.WebUiBuiltInKeywords$check$14.call(Unknown Source)
	at Script1637338874807.run(Script1637338874807.groovy:46)
	... 13 more
)
[[ATTACHMENT|C:\\Users\\diego.rojas\\git\\Pruebas-Minimas\\Reports\\20220331_172846\\Test_Suite_Secundaria\\4-pruebas capacitaci\u00F3n\\20220331_172846\\1648766141411.png]]]]></system-out>
         <system-err><![CDATA[2022-03-31 17:34:34 - [TEST_CASE][FAILED] - Test Cases/1.2-Tareas_Secundarias/4.1-Pruebas_Capacitación/4.2.2-Programar_una_Evaluación_de_un_evento: Test Cases/1.2-Tareas_Secundarias/4.1-Pruebas_Capacitación/4.2.2-Programar_una_Evaluación_de_un_evento FAILED.
Reason:
com.kms.katalon.core.exception.StepFailedException: Unable to check object 'Object Repository/M-OBJECTS TAREAS SECUNDARIAS/Pruebas capacitacion/Programar_una_Evaluación_de_un_evento/div_Grupo_ui-chkbox-box ui-widget ui-corner-all ui-state-default ui-state-hover'
	at com.kms.katalon.core.webui.keyword.internal.WebUIKeywordMain.stepFailed(WebUIKeywordMain.groovy:64)
	at com.kms.katalon.core.webui.keyword.internal.WebUIKeywordMain.runKeyword(WebUIKeywordMain.groovy:26)
	at com.kms.katalon.core.webui.keyword.builtin.CheckKeyword.check(CheckKeyword.groovy:88)
	at com.kms.katalon.core.webui.keyword.builtin.CheckKeyword.execute(CheckKeyword.groovy:67)
	at com.kms.katalon.core.keyword.internal.KeywordExecutor.executeKeywordForPlatform(KeywordExecutor.groovy:74)
	at com.kms.katalon.core.webui.keyword.WebUiBuiltInKeywords.check(WebUiBuiltInKeywords.groovy:1069)
	at com.kms.katalon.core.webui.keyword.WebUiBuiltInKeywords$check$14.call(Unknown Source)
	at 4.2.2-Programar_una_Evaluación_de_un_evento.run(4.2.2-Programar_una_Evaluación_de_un_evento:46)
	at com.kms.katalon.core.main.ScriptEngine.run(ScriptEngine.java:194)
	at com.kms.katalon.core.main.ScriptEngine.runScriptAsRawText(ScriptEngine.java:119)
	at com.kms.katalon.core.main.TestCaseExecutor.runScript(TestCaseExecutor.java:442)
	at com.kms.katalon.core.main.TestCaseExecutor.doExecute(TestCaseExecutor.java:433)
	at com.kms.katalon.core.main.TestCaseExecutor.processExecutionPhase(TestCaseExecutor.java:412)
	at com.kms.katalon.core.main.TestCaseExecutor.accessMainPhase(TestCaseExecutor.java:404)
	at com.kms.katalon.core.main.TestCaseExecutor.execute(TestCaseExecutor.java:281)
	at com.kms.katalon.core.main.TestSuiteExecutor.accessTestCaseMainPhase(TestSuiteExecutor.java:202)
	at com.kms.katalon.core.main.TestSuiteExecutor.accessTestSuiteMainPhase(TestSuiteExecutor.java:164)
	at com.kms.katalon.core.main.TestSuiteExecutor.execute(TestSuiteExecutor.java:105)
	at com.kms.katalon.core.main.TestCaseMain.startTestSuite(TestCaseMain.java:185)
	at com.kms.katalon.core.main.TestCaseMain$startTestSuite$0.call(Unknown Source)
	at TempTestSuite1648765726665.run(TempTestSuite1648765726665.groovy:36)
Caused by: com.kms.katalon.core.webui.exception.WebElementNotFoundException: Web element with id: 'Object Repository/M-OBJECTS TAREAS SECUNDARIAS/Pruebas capacitacion/Programar_una_Evaluación_de_un_evento/div_Grupo_ui-chkbox-box ui-widget ui-corner-all ui-state-default ui-state-hover' located by '//td/div/div/table/tbody/tr/td/div/div[2]' not found
	at com.kms.katalon.core.webui.common.WebUiCommonHelper.findWebElement(WebUiCommonHelper.java:1370)
	at com.kms.katalon.core.webui.keyword.internal.WebUIAbstractKeyword.findWebElement(WebUIAbstractKeyword.groovy:27)
	at com.kms.katalon.core.webui.keyword.internal.WebUIAbstractKeyword.findWebElement(WebUIAbstractKeyword.groovy:26)
	at com.kms.katalon.core.webui.keyword.builtin.CheckKeyword$_check_closure1.doCall(CheckKeyword.groovy:77)
	at com.kms.katalon.core.webui.keyword.builtin.CheckKeyword$_check_closure1.call(CheckKeyword.groovy)
	at com.kms.katalon.core.webui.keyword.internal.WebUIKeywordMain.runKeyword(WebUIKeywordMain.groovy:20)
	... 19 more]]></system-err>
      </testcase>
      <testcase name="Test Cases/1.2-Tareas_Secundarias/4.1-Pruebas_Capacitación/4.2.3-Crear_una_Necesidad_de_Capacitación" time="27.713" classname="Test Cases/1.2-Tareas_Secundarias/4.1-Pruebas_Capacitación/4.2.3-Crear_una_Necesidad_de_Capacitación" status="PASSED">
         <system-out><![CDATA[2022-03-31 17:35:41 - [TEST_CASE][PASSED] - Test Cases/1.2-Tareas_Secundarias/4.1-Pruebas_Capacitación/4.2.3-Crear_una_Necesidad_de_Capacitación: Test Cases/1.2-Tareas_Secundarias/4.1-Pruebas_Capacitación/4.2.3-Crear_una_Necesidad_de_Capacitación

2022-03-31 17:35:41 - [TEST_STEP][PASSED] - callTestCase(findTestCase("0.1-Login"), [:], STOP_ON_FAILURE): Call Test Case 'Test Cases/0.1-Login' successfully

2022-03-31 17:35:41 - [TEST_CASE][PASSED] - Test Cases/0.1-Login: Test Cases/0.1-Login

2022-03-31 17:35:41 - [TEST_STEP][PASSED] - openBrowser(""): Browser is opened with url: ''

2022-03-31 17:35:41 - [MESSAGE][WARNING] - A browser is already opened. Closing browser and opening a new one

2022-03-31 17:35:42 - [MESSAGE][INFO] - Starting 'Chrome' driver

2022-03-31 17:35:42 - [MESSAGE][INFO] - Action delay is set to 150 milliseconds

2022-03-31 17:35:44 - [MESSAGE][PASSED] - Browser is opened with url: ''

2022-03-31 17:35:44 - [TEST_STEP][PASSED] - maximizeWindow(): Current window maximized

2022-03-31 17:35:44 - [MESSAGE][PASSED] - Current window maximized

2022-03-31 17:35:44 - [TEST_STEP][PASSED] - i = G_Login: null

2022-03-31 17:35:44 - [TEST_STEP][PASSED] - url = new java.net.URL(i): null

2022-03-31 17:35:44 - [TEST_STEP][PASSED] - println("URL: " + url.toString()): null

2022-03-31 17:35:44 - [TEST_STEP][PASSED] - connection = url.openConnection(): null

2022-03-31 17:35:44 - [TEST_STEP][PASSED] - connection.setRequestMethod("GET"): null

2022-03-31 17:35:44 - [TEST_STEP][PASSED] - connection.setReadTimeout(2 * 1000): null

2022-03-31 17:35:44 - [TEST_STEP][PASSED] - try: null

2022-03-31 17:35:44 - [TEST_STEP][PASSED] - connection.connect(): null

2022-03-31 17:35:44 - [TEST_STEP][PASSED] - flag = connected: null

2022-03-31 17:35:44 - [TEST_STEP][PASSED] - println("Valor_ori: " + flag): null

2022-03-31 17:35:44 - [TEST_STEP][PASSED] - if (flag): null

2022-03-31 17:35:44 - [TEST_STEP][PASSED] - navigateToUrl(i): Navigate to 'http://192.168.2.19:8380/saraweb' successfully

2022-03-31 17:35:44 - [MESSAGE][PASSED] - Navigate to 'http://192.168.2.19:8380/saraweb' successfully

2022-03-31 17:35:44 - [TEST_STEP][PASSED] - a(): null

2022-03-31 17:35:44 - [TEST_STEP][PASSED] - setText(findTestObject("Login/input_USUARIO_loginusuario"), G_Usuario): Text 'saraadmin' is set on object 'Object Repository/Login/input_USUARIO_loginusuario'

2022-03-31 17:35:46 - [MESSAGE][PASSED] - Text 'saraadmin' is set on object 'Object Repository/Login/input_USUARIO_loginusuario'

2022-03-31 17:35:46 - [TEST_STEP][PASSED] - setEncryptedText(findTestObject("Login/input_CLAVE_loginpassword"), "MkG4/TYiCFC3cb2driP7+Q=="): Text ****** has been set on object 'Object Repository/Login/input_CLAVE_loginpassword'

2022-03-31 17:35:46 - [MESSAGE][PASSED] - Text ****** has been set on object 'Object Repository/Login/input_CLAVE_loginpassword'

2022-03-31 17:35:46 - [TEST_STEP][PASSED] - waitForElementClickable(findTestObject("Login/a_Ingresar"), G_TimeOut): Object 'Object Repository/Login/a_Ingresar' is clickable

2022-03-31 17:35:47 - [MESSAGE][PASSED] - Object 'Object Repository/Login/a_Ingresar' is clickable

2022-03-31 17:35:47 - [TEST_STEP][PASSED] - click(findTestObject("Login/a_Ingresar")): Object: 'Object Repository/Login/a_Ingresar' is clicked on

2022-03-31 17:35:48 - [MESSAGE][PASSED] - Object: 'Object Repository/Login/a_Ingresar' is clicked on

2022-03-31 17:35:48 - [TEST_STEP][PASSED] - element = findWebElement(findTestObject("Login/a_Ir"), 30): null

2022-03-31 17:35:49 - [TEST_STEP][PASSED] - executeJavaScript("arguments[0].click()", Arrays.asList(element)): Execute JavaScript 'arguments[0].click()' successfully

2022-03-31 17:35:49 - [MESSAGE][PASSED] - Execute JavaScript 'arguments[0].click()' successfully

2022-03-31 17:35:49 - [MESSAGE][PASSED] - Call Test Case 'Test Cases/0.1-Login' successfully

2022-03-31 17:35:49 - [TEST_STEP][PASSED] - setText(findTestObject("M-OBJECTS TAREAS SECUNDARIAS/Pruebas capacitacion/Crear_una_Necesidad_de_Capacitación/input_Evento Capacitacin_form_templatej_idt24_input"), "Listado necesidad de capacitacion"): Text 'Listado necesidad de capacitacion' is set on object 'Object Repository/M-OBJECTS TAREAS SECUNDARIAS/Pruebas capacitacion/Crear_una_Necesidad_de_Capacitación/input_Evento Capacitacin_form_templatej_idt24_input'

2022-03-31 17:35:50 - [MESSAGE][PASSED] - Text 'Listado necesidad de capacitacion' is set on object 'Object Repository/M-OBJECTS TAREAS SECUNDARIAS/Pruebas capacitacion/Crear_una_Necesidad_de_Capacitación/input_Evento Capacitacin_form_templatej_idt24_input'

2022-03-31 17:35:50 - [TEST_STEP][PASSED] - click(findTestObject("M-OBJECTS TAREAS SECUNDARIAS/Pruebas capacitacion/Crear_una_Necesidad_de_Capacitación/li_Listado necesidad de capacitacion (cap)")): Object: 'Object Repository/M-OBJECTS TAREAS SECUNDARIAS/Pruebas capacitacion/Crear_una_Necesidad_de_Capacitación/li_Listado necesidad de capacitacion (cap)' is clicked on

2022-03-31 17:35:52 - [MESSAGE][PASSED] - Object: 'Object Repository/M-OBJECTS TAREAS SECUNDARIAS/Pruebas capacitacion/Crear_una_Necesidad_de_Capacitación/li_Listado necesidad de capacitacion (cap)' is clicked on

2022-03-31 17:35:52 - [TEST_STEP][PASSED] - if (waitForElementPresent(findTestObject("M-OBJECTS TAREAS SECUNDARIAS/Pruebas capacitacion/Crear_una_Necesidad_de_Capacitación/td_A A A"), 1)): null

2022-03-31 17:35:53 - [MESSAGE][PASSED] - Object 'Object Repository/M-OBJECTS TAREAS SECUNDARIAS/Pruebas capacitacion/Crear_una_Necesidad_de_Capacitación/td_A A A' is present

2022-03-31 17:35:53 - [TEST_STEP][PASSED] - click(findTestObject("M-OBJECTS TAREAS SECUNDARIAS/Pruebas capacitacion/Crear_una_Necesidad_de_Capacitación/td_A A A")): Object: 'Object Repository/M-OBJECTS TAREAS SECUNDARIAS/Pruebas capacitacion/Crear_una_Necesidad_de_Capacitación/td_A A A' is clicked on

2022-03-31 17:35:54 - [MESSAGE][PASSED] - Object: 'Object Repository/M-OBJECTS TAREAS SECUNDARIAS/Pruebas capacitacion/Crear_una_Necesidad_de_Capacitación/td_A A A' is clicked on

2022-03-31 17:35:54 - [TEST_STEP][PASSED] - if (waitForElementPresent(findTestObject("M-OBJECTS TAREAS SECUNDARIAS/Pruebas capacitacion/Crear_una_Necesidad_de_Capacitación/a_Cambiar Datos"), 1)): null

2022-03-31 17:35:54 - [MESSAGE][PASSED] - Object 'Object Repository/M-OBJECTS TAREAS SECUNDARIAS/Pruebas capacitacion/Crear_una_Necesidad_de_Capacitación/a_Cambiar Datos' is present

2022-03-31 17:35:54 - [TEST_STEP][PASSED] - click(findTestObject("M-OBJECTS TAREAS SECUNDARIAS/Pruebas capacitacion/Crear_una_Necesidad_de_Capacitación/a_Cambiar Datos")): Object: 'Object Repository/M-OBJECTS TAREAS SECUNDARIAS/Pruebas capacitacion/Crear_una_Necesidad_de_Capacitación/a_Cambiar Datos' is clicked on

2022-03-31 17:35:55 - [MESSAGE][PASSED] - Object: 'Object Repository/M-OBJECTS TAREAS SECUNDARIAS/Pruebas capacitacion/Crear_una_Necesidad_de_Capacitación/a_Cambiar Datos' is clicked on

2022-03-31 17:35:55 - [TEST_STEP][PASSED] - click(findTestObject("M-OBJECTS TAREAS SECUNDARIAS/Pruebas capacitacion/Crear_una_Necesidad_de_Capacitación/a_Eliminar")): Object: 'Object Repository/M-OBJECTS TAREAS SECUNDARIAS/Pruebas capacitacion/Crear_una_Necesidad_de_Capacitación/a_Eliminar' is clicked on

2022-03-31 17:35:56 - [MESSAGE][PASSED] - Object: 'Object Repository/M-OBJECTS TAREAS SECUNDARIAS/Pruebas capacitacion/Crear_una_Necesidad_de_Capacitación/a_Eliminar' is clicked on

2022-03-31 17:35:56 - [TEST_STEP][PASSED] - click(findTestObject("M-OBJECTS TAREAS SECUNDARIAS/Pruebas capacitacion/Crear_una_Necesidad_de_Capacitación/span_Si")): Object: 'Object Repository/M-OBJECTS TAREAS SECUNDARIAS/Pruebas capacitacion/Crear_una_Necesidad_de_Capacitación/span_Si' is clicked on

2022-03-31 17:35:56 - [MESSAGE][PASSED] - Object: 'Object Repository/M-OBJECTS TAREAS SECUNDARIAS/Pruebas capacitacion/Crear_una_Necesidad_de_Capacitación/span_Si' is clicked on

2022-03-31 17:35:56 - [TEST_STEP][PASSED] - click(findTestObject("M-OBJECTS TAREAS SECUNDARIAS/Pruebas capacitacion/Crear_una_Necesidad_de_Capacitación/a_Aceptar_Eliminar")): Object: 'Object Repository/M-OBJECTS TAREAS SECUNDARIAS/Pruebas capacitacion/Crear_una_Necesidad_de_Capacitación/a_Aceptar_Eliminar' is clicked on

2022-03-31 17:35:58 - [MESSAGE][PASSED] - Object: 'Object Repository/M-OBJECTS TAREAS SECUNDARIAS/Pruebas capacitacion/Crear_una_Necesidad_de_Capacitación/a_Aceptar_Eliminar' is clicked on

2022-03-31 17:35:58 - [TEST_STEP][PASSED] - click(findTestObject("M-OBJECTS TAREAS SECUNDARIAS/Pruebas capacitacion/Crear_una_Necesidad_de_Capacitación/a_Nuevo")): Object: 'Object Repository/M-OBJECTS TAREAS SECUNDARIAS/Pruebas capacitacion/Crear_una_Necesidad_de_Capacitación/a_Nuevo' is clicked on

2022-03-31 17:35:59 - [MESSAGE][PASSED] - Object: 'Object Repository/M-OBJECTS TAREAS SECUNDARIAS/Pruebas capacitacion/Crear_una_Necesidad_de_Capacitación/a_Nuevo' is clicked on

2022-03-31 17:35:59 - [TEST_STEP][PASSED] - click(findTestObject("M-OBJECTS TAREAS SECUNDARIAS/Pruebas capacitacion/Crear_una_Necesidad_de_Capacitación/span_prueba np")): Object: 'Object Repository/M-OBJECTS TAREAS SECUNDARIAS/Pruebas capacitacion/Crear_una_Necesidad_de_Capacitación/span_prueba np' is clicked on

2022-03-31 17:35:59 - [MESSAGE][PASSED] - Object: 'Object Repository/M-OBJECTS TAREAS SECUNDARIAS/Pruebas capacitacion/Crear_una_Necesidad_de_Capacitación/span_prueba np' is clicked on

2022-03-31 17:35:59 - [TEST_STEP][PASSED] - click(findTestObject("M-OBJECTS TAREAS SECUNDARIAS/Pruebas capacitacion/Crear_una_Necesidad_de_Capacitación/a_Nombre_formj_idt628")): Object: 'Object Repository/M-OBJECTS TAREAS SECUNDARIAS/Pruebas capacitacion/Crear_una_Necesidad_de_Capacitación/a_Nombre_formj_idt628' is clicked on

2022-03-31 17:36:00 - [MESSAGE][PASSED] - Object: 'Object Repository/M-OBJECTS TAREAS SECUNDARIAS/Pruebas capacitacion/Crear_una_Necesidad_de_Capacitación/a_Nombre_formj_idt628' is clicked on

2022-03-31 17:36:00 - [TEST_STEP][PASSED] - setText(findTestObject("M-OBJECTS TAREAS SECUNDARIAS/Pruebas capacitacion/Crear_una_Necesidad_de_Capacitación/input_Filtro Hoja de Vida_formPopupHojaVidaj_idt1726"), "a"): Text 'a' is set on object 'Object Repository/M-OBJECTS TAREAS SECUNDARIAS/Pruebas capacitacion/Crear_una_Necesidad_de_Capacitación/input_Filtro Hoja de Vida_formPopupHojaVidaj_idt1726'

2022-03-31 17:36:02 - [MESSAGE][PASSED] - Text 'a' is set on object 'Object Repository/M-OBJECTS TAREAS SECUNDARIAS/Pruebas capacitacion/Crear_una_Necesidad_de_Capacitación/input_Filtro Hoja de Vida_formPopupHojaVidaj_idt1726'

2022-03-31 17:36:02 - [TEST_STEP][PASSED] - sendKeys(findTestObject("M-OBJECTS TAREAS SECUNDARIAS/Pruebas capacitacion/Crear_una_Necesidad_de_Capacitación/input_Filtro Hoja de Vida_formPopupHojaVidaj_idt1726"), Keys.chord(ENTER)): Keys 'ENTER + ' sent to object: 'Object Repository/M-OBJECTS TAREAS SECUNDARIAS/Pruebas capacitacion/Crear_una_Necesidad_de_Capacitación/input_Filtro Hoja de Vida_formPopupHojaVidaj_idt1726'

2022-03-31 17:36:02 - [MESSAGE][PASSED] - Keys 'ENTER + ' sent to object: 'Object Repository/M-OBJECTS TAREAS SECUNDARIAS/Pruebas capacitacion/Crear_una_Necesidad_de_Capacitación/input_Filtro Hoja de Vida_formPopupHojaVidaj_idt1726'

2022-03-31 17:36:02 - [TEST_STEP][PASSED] - click(findTestObject("M-OBJECTS TAREAS SECUNDARIAS/Pruebas capacitacion/Crear_una_Necesidad_de_Capacitación/span_A A A"), STOP_ON_FAILURE): Object: 'Object Repository/M-OBJECTS TAREAS SECUNDARIAS/Pruebas capacitacion/Crear_una_Necesidad_de_Capacitación/span_A A A' is clicked on

2022-03-31 17:36:03 - [MESSAGE][PASSED] - Object: 'Object Repository/M-OBJECTS TAREAS SECUNDARIAS/Pruebas capacitacion/Crear_una_Necesidad_de_Capacitación/span_A A A' is clicked on

2022-03-31 17:36:03 - [TEST_STEP][PASSED] - click(findTestObject("M-OBJECTS TAREAS SECUNDARIAS/Pruebas capacitacion/Crear_una_Necesidad_de_Capacitación/a_Solicitado Por_formj_idt661")): Object: 'Object Repository/M-OBJECTS TAREAS SECUNDARIAS/Pruebas capacitacion/Crear_una_Necesidad_de_Capacitación/a_Solicitado Por_formj_idt661' is clicked on

2022-03-31 17:36:04 - [MESSAGE][PASSED] - Object: 'Object Repository/M-OBJECTS TAREAS SECUNDARIAS/Pruebas capacitacion/Crear_una_Necesidad_de_Capacitación/a_Solicitado Por_formj_idt661' is clicked on

2022-03-31 17:36:04 - [TEST_STEP][PASSED] - setText(findTestObject("M-OBJECTS TAREAS SECUNDARIAS/Pruebas capacitacion/Crear_una_Necesidad_de_Capacitación/input_Filtro Hoja de Vida_formj_idt723"), "a"): Text 'a' is set on object 'Object Repository/M-OBJECTS TAREAS SECUNDARIAS/Pruebas capacitacion/Crear_una_Necesidad_de_Capacitación/input_Filtro Hoja de Vida_formj_idt723'

2022-03-31 17:36:05 - [MESSAGE][PASSED] - Text 'a' is set on object 'Object Repository/M-OBJECTS TAREAS SECUNDARIAS/Pruebas capacitacion/Crear_una_Necesidad_de_Capacitación/input_Filtro Hoja de Vida_formj_idt723'

2022-03-31 17:36:05 - [TEST_STEP][PASSED] - sendKeys(findTestObject("M-OBJECTS TAREAS SECUNDARIAS/Pruebas capacitacion/Crear_una_Necesidad_de_Capacitación/input_Filtro Hoja de Vida_formj_idt723"), Keys.chord(ENTER)): Keys 'ENTER + ' sent to object: 'Object Repository/M-OBJECTS TAREAS SECUNDARIAS/Pruebas capacitacion/Crear_una_Necesidad_de_Capacitación/input_Filtro Hoja de Vida_formj_idt723'

2022-03-31 17:36:06 - [MESSAGE][PASSED] - Keys 'ENTER + ' sent to object: 'Object Repository/M-OBJECTS TAREAS SECUNDARIAS/Pruebas capacitacion/Crear_una_Necesidad_de_Capacitación/input_Filtro Hoja de Vida_formj_idt723'

2022-03-31 17:36:06 - [TEST_STEP][PASSED] - click(findTestObject("M-OBJECTS TAREAS SECUNDARIAS/Pruebas capacitacion/Crear_una_Necesidad_de_Capacitación/span_Aalfalfa Aalfalfa Aalfalfa")): Object: 'Object Repository/M-OBJECTS TAREAS SECUNDARIAS/Pruebas capacitacion/Crear_una_Necesidad_de_Capacitación/span_Aalfalfa Aalfalfa Aalfalfa' is clicked on

2022-03-31 17:36:07 - [MESSAGE][PASSED] - Object: 'Object Repository/M-OBJECTS TAREAS SECUNDARIAS/Pruebas capacitacion/Crear_una_Necesidad_de_Capacitación/span_Aalfalfa Aalfalfa Aalfalfa' is clicked on

2022-03-31 17:36:07 - [TEST_STEP][PASSED] - click(findTestObject("M-OBJECTS TAREAS SECUNDARIAS/Pruebas capacitacion/Crear_una_Necesidad_de_Capacitación/a_Guardar")): Object: 'Object Repository/M-OBJECTS TAREAS SECUNDARIAS/Pruebas capacitacion/Crear_una_Necesidad_de_Capacitación/a_Guardar' is clicked on

2022-03-31 17:36:08 - [MESSAGE][PASSED] - Object: 'Object Repository/M-OBJECTS TAREAS SECUNDARIAS/Pruebas capacitacion/Crear_una_Necesidad_de_Capacitación/a_Guardar' is clicked on

2022-03-31 17:36:08 - [TEST_STEP][PASSED] - closeBrowser(): Browser is closed

2022-03-31 17:36:09 - [MESSAGE][PASSED] - Browser is closed]]></system-out>
         <system-err><![CDATA[]]></system-err>
      </testcase>
      <testcase name="Test Cases/1.2-Tareas_Secundarias/4.1-Pruebas_Capacitación/4.2.4-Reserva_de_Salones" time="30.869" classname="Test Cases/1.2-Tareas_Secundarias/4.1-Pruebas_Capacitación/4.2.4-Reserva_de_Salones" status="PASSED">
         <system-out><![CDATA[2022-03-31 17:36:09 - [TEST_CASE][PASSED] - Test Cases/1.2-Tareas_Secundarias/4.1-Pruebas_Capacitación/4.2.4-Reserva_de_Salones: Test Cases/1.2-Tareas_Secundarias/4.1-Pruebas_Capacitación/4.2.4-Reserva_de_Salones

2022-03-31 17:36:09 - [TEST_STEP][PASSED] - callTestCase(findTestCase("0.1-Login"), [:], STOP_ON_FAILURE): Call Test Case 'Test Cases/0.1-Login' successfully

2022-03-31 17:36:09 - [TEST_CASE][PASSED] - Test Cases/0.1-Login: Test Cases/0.1-Login

2022-03-31 17:36:09 - [TEST_STEP][PASSED] - openBrowser(""): Browser is opened with url: ''

2022-03-31 17:36:09 - [MESSAGE][INFO] - Starting 'Chrome' driver

2022-03-31 17:36:09 - [MESSAGE][INFO] - Action delay is set to 150 milliseconds

2022-03-31 17:36:11 - [MESSAGE][PASSED] - Browser is opened with url: ''

2022-03-31 17:36:11 - [TEST_STEP][PASSED] - maximizeWindow(): Current window maximized

2022-03-31 17:36:11 - [MESSAGE][PASSED] - Current window maximized

2022-03-31 17:36:11 - [TEST_STEP][PASSED] - i = G_Login: null

2022-03-31 17:36:11 - [TEST_STEP][PASSED] - url = new java.net.URL(i): null

2022-03-31 17:36:11 - [TEST_STEP][PASSED] - println("URL: " + url.toString()): null

2022-03-31 17:36:11 - [TEST_STEP][PASSED] - connection = url.openConnection(): null

2022-03-31 17:36:11 - [TEST_STEP][PASSED] - connection.setRequestMethod("GET"): null

2022-03-31 17:36:11 - [TEST_STEP][PASSED] - connection.setReadTimeout(2 * 1000): null

2022-03-31 17:36:11 - [TEST_STEP][PASSED] - try: null

2022-03-31 17:36:11 - [TEST_STEP][PASSED] - connection.connect(): null

2022-03-31 17:36:11 - [TEST_STEP][PASSED] - flag = connected: null

2022-03-31 17:36:11 - [TEST_STEP][PASSED] - println("Valor_ori: " + flag): null

2022-03-31 17:36:11 - [TEST_STEP][PASSED] - if (flag): null

2022-03-31 17:36:11 - [TEST_STEP][PASSED] - navigateToUrl(i): Navigate to 'http://192.168.2.19:8380/saraweb' successfully

2022-03-31 17:36:11 - [MESSAGE][PASSED] - Navigate to 'http://192.168.2.19:8380/saraweb' successfully

2022-03-31 17:36:11 - [TEST_STEP][PASSED] - a(): null

2022-03-31 17:36:11 - [TEST_STEP][PASSED] - setText(findTestObject("Login/input_USUARIO_loginusuario"), G_Usuario): Text 'saraadmin' is set on object 'Object Repository/Login/input_USUARIO_loginusuario'

2022-03-31 17:36:13 - [MESSAGE][PASSED] - Text 'saraadmin' is set on object 'Object Repository/Login/input_USUARIO_loginusuario'

2022-03-31 17:36:13 - [TEST_STEP][PASSED] - setEncryptedText(findTestObject("Login/input_CLAVE_loginpassword"), "MkG4/TYiCFC3cb2driP7+Q=="): Text ****** has been set on object 'Object Repository/Login/input_CLAVE_loginpassword'

2022-03-31 17:36:13 - [MESSAGE][PASSED] - Text ****** has been set on object 'Object Repository/Login/input_CLAVE_loginpassword'

2022-03-31 17:36:13 - [TEST_STEP][PASSED] - waitForElementClickable(findTestObject("Login/a_Ingresar"), G_TimeOut): Object 'Object Repository/Login/a_Ingresar' is clickable

2022-03-31 17:36:14 - [MESSAGE][PASSED] - Object 'Object Repository/Login/a_Ingresar' is clickable

2022-03-31 17:36:14 - [TEST_STEP][PASSED] - click(findTestObject("Login/a_Ingresar")): Object: 'Object Repository/Login/a_Ingresar' is clicked on

2022-03-31 17:36:15 - [MESSAGE][PASSED] - Object: 'Object Repository/Login/a_Ingresar' is clicked on

2022-03-31 17:36:15 - [TEST_STEP][PASSED] - element = findWebElement(findTestObject("Login/a_Ir"), 30): null

2022-03-31 17:36:15 - [TEST_STEP][PASSED] - executeJavaScript("arguments[0].click()", Arrays.asList(element)): Execute JavaScript 'arguments[0].click()' successfully

2022-03-31 17:36:15 - [MESSAGE][PASSED] - Execute JavaScript 'arguments[0].click()' successfully

2022-03-31 17:36:15 - [MESSAGE][PASSED] - Call Test Case 'Test Cases/0.1-Login' successfully

2022-03-31 17:36:15 - [TEST_STEP][PASSED] - setText(findTestObject("M-OBJECTS TAREAS SECUNDARIAS/Pruebas capacitacion/Reserva_de_Salones/input_Listado Necesidad Capacitacin_form_templatej_idt24_input"), "Reserva de Salones"): Text 'Reserva de Salones' is set on object 'Object Repository/M-OBJECTS TAREAS SECUNDARIAS/Pruebas capacitacion/Reserva_de_Salones/input_Listado Necesidad Capacitacin_form_templatej_idt24_input'

2022-03-31 17:36:17 - [MESSAGE][PASSED] - Text 'Reserva de Salones' is set on object 'Object Repository/M-OBJECTS TAREAS SECUNDARIAS/Pruebas capacitacion/Reserva_de_Salones/input_Listado Necesidad Capacitacin_form_templatej_idt24_input'

2022-03-31 17:36:17 - [TEST_STEP][PASSED] - click(findTestObject("M-OBJECTS TAREAS SECUNDARIAS/Pruebas capacitacion/Reserva_de_Salones/span_Reserva de Salones")): Object: 'Object Repository/M-OBJECTS TAREAS SECUNDARIAS/Pruebas capacitacion/Reserva_de_Salones/span_Reserva de Salones' is clicked on

2022-03-31 17:36:18 - [MESSAGE][PASSED] - Object: 'Object Repository/M-OBJECTS TAREAS SECUNDARIAS/Pruebas capacitacion/Reserva_de_Salones/span_Reserva de Salones' is clicked on

2022-03-31 17:36:18 - [TEST_STEP][PASSED] - click(findTestObject("M-OBJECTS TAREAS SECUNDARIAS/Pruebas capacitacion/Reserva_de_Salones/td_Sala de Juntas")): Object: 'Object Repository/M-OBJECTS TAREAS SECUNDARIAS/Pruebas capacitacion/Reserva_de_Salones/td_Sala de Juntas' is clicked on

2022-03-31 17:36:19 - [MESSAGE][PASSED] - Object: 'Object Repository/M-OBJECTS TAREAS SECUNDARIAS/Pruebas capacitacion/Reserva_de_Salones/td_Sala de Juntas' is clicked on

2022-03-31 17:36:19 - [TEST_STEP][PASSED] - if (waitForElementPresent(findTestObject("M-OBJECTS TAREAS SECUNDARIAS/Pruebas capacitacion/Reserva_de_Salones/span_Pruebas ka"), 1)): null

2022-03-31 17:36:20 - [MESSAGE][PASSED] - Object 'Object Repository/M-OBJECTS TAREAS SECUNDARIAS/Pruebas capacitacion/Reserva_de_Salones/span_Pruebas ka' is present

2022-03-31 17:36:20 - [TEST_STEP][PASSED] - click(findTestObject("M-OBJECTS TAREAS SECUNDARIAS/Pruebas capacitacion/Reserva_de_Salones/span_Pruebas ka")): Object: 'Object Repository/M-OBJECTS TAREAS SECUNDARIAS/Pruebas capacitacion/Reserva_de_Salones/span_Pruebas ka' is clicked on

2022-03-31 17:36:21 - [MESSAGE][PASSED] - Object: 'Object Repository/M-OBJECTS TAREAS SECUNDARIAS/Pruebas capacitacion/Reserva_de_Salones/span_Pruebas ka' is clicked on

2022-03-31 17:36:21 - [TEST_STEP][PASSED] - element = findWebElement(findTestObject("M-OBJECTS TAREAS SECUNDARIAS/Pruebas capacitacion/Reserva_de_Salones/a_Eliminar"), 30): null

2022-03-31 17:36:21 - [TEST_STEP][PASSED] - executeJavaScript("arguments[0].click()", Arrays.asList(element)): Execute JavaScript 'arguments[0].click()' successfully

2022-03-31 17:36:21 - [MESSAGE][PASSED] - Execute JavaScript 'arguments[0].click()' successfully

2022-03-31 17:36:21 - [TEST_STEP][PASSED] - click(findTestObject("M-OBJECTS TAREAS SECUNDARIAS/Pruebas capacitacion/Reserva_de_Salones/a_Aceptar")): Object: 'Object Repository/M-OBJECTS TAREAS SECUNDARIAS/Pruebas capacitacion/Reserva_de_Salones/a_Aceptar' is clicked on

2022-03-31 17:36:22 - [MESSAGE][PASSED] - Object: 'Object Repository/M-OBJECTS TAREAS SECUNDARIAS/Pruebas capacitacion/Reserva_de_Salones/a_Aceptar' is clicked on

2022-03-31 17:36:22 - [TEST_STEP][PASSED] - click(findTestObject("M-OBJECTS TAREAS SECUNDARIAS/Pruebas capacitacion/Reserva_de_Salones/span_----")): Object: 'Object Repository/M-OBJECTS TAREAS SECUNDARIAS/Pruebas capacitacion/Reserva_de_Salones/span_----' is clicked on

2022-03-31 17:36:23 - [MESSAGE][PASSED] - Object: 'Object Repository/M-OBJECTS TAREAS SECUNDARIAS/Pruebas capacitacion/Reserva_de_Salones/span_----' is clicked on

2022-03-31 17:36:23 - [TEST_STEP][PASSED] - setText(findTestObject("M-OBJECTS TAREAS SECUNDARIAS/Pruebas capacitacion/Reserva_de_Salones/textarea_Tema_popup_form_reservaSalonestema"), "Pruebas ka"): Text 'Pruebas ka' is set on object 'Object Repository/M-OBJECTS TAREAS SECUNDARIAS/Pruebas capacitacion/Reserva_de_Salones/textarea_Tema_popup_form_reservaSalonestema'

2022-03-31 17:36:26 - [MESSAGE][PASSED] - Text 'Pruebas ka' is set on object 'Object Repository/M-OBJECTS TAREAS SECUNDARIAS/Pruebas capacitacion/Reserva_de_Salones/textarea_Tema_popup_form_reservaSalonestema'

2022-03-31 17:36:26 - [TEST_STEP][PASSED] - selectOptionByIndex(findTestObject("M-OBJECTS TAREAS SECUNDARIAS/Pruebas capacitacion/Reserva_de_Salones/select_0830 AM0900 AM0930"), 1): All options with index in [1] are selected on object 'Object Repository/M-OBJECTS TAREAS SECUNDARIAS/Pruebas capacitacion/Reserva_de_Salones/select_0830 AM0900 AM0930'

2022-03-31 17:36:27 - [MESSAGE][PASSED] - All options with index in [1] are selected on object 'Object Repository/M-OBJECTS TAREAS SECUNDARIAS/Pruebas capacitacion/Reserva_de_Salones/select_0830 AM0900 AM0930'

2022-03-31 17:36:27 - [TEST_STEP][PASSED] - setText(findTestObject("M-OBJECTS TAREAS SECUNDARIAS/Pruebas capacitacion/Reserva_de_Salones/input_Nmero Asistentes_popup_form_reservaSalonescantidad"), "20"): Text '20' is set on object 'Object Repository/M-OBJECTS TAREAS SECUNDARIAS/Pruebas capacitacion/Reserva_de_Salones/input_Nmero Asistentes_popup_form_reservaSalonescantidad'

2022-03-31 17:36:28 - [MESSAGE][PASSED] - Text '20' is set on object 'Object Repository/M-OBJECTS TAREAS SECUNDARIAS/Pruebas capacitacion/Reserva_de_Salones/input_Nmero Asistentes_popup_form_reservaSalonescantidad'

2022-03-31 17:36:28 - [TEST_STEP][PASSED] - setText(findTestObject("M-OBJECTS TAREAS SECUNDARIAS/Pruebas capacitacion/Reserva_de_Salones/textarea_Requerimiento_popup_form_reservaSalonesrequerimiento"), "Ninguno"): Text 'Ninguno' is set on object 'Object Repository/M-OBJECTS TAREAS SECUNDARIAS/Pruebas capacitacion/Reserva_de_Salones/textarea_Requerimiento_popup_form_reservaSalonesrequerimiento'

2022-03-31 17:36:29 - [MESSAGE][PASSED] - Text 'Ninguno' is set on object 'Object Repository/M-OBJECTS TAREAS SECUNDARIAS/Pruebas capacitacion/Reserva_de_Salones/textarea_Requerimiento_popup_form_reservaSalonesrequerimiento'

2022-03-31 17:36:29 - [TEST_STEP][PASSED] - setText(findTestObject("M-OBJECTS TAREAS SECUNDARIAS/Pruebas capacitacion/Reserva_de_Salones/textarea_Observacin_popup_form_reservaSalonesobservacion"), "Ninguna"): Text 'Ninguna' is set on object 'Object Repository/M-OBJECTS TAREAS SECUNDARIAS/Pruebas capacitacion/Reserva_de_Salones/textarea_Observacin_popup_form_reservaSalonesobservacion'

2022-03-31 17:36:30 - [MESSAGE][PASSED] - Text 'Ninguna' is set on object 'Object Repository/M-OBJECTS TAREAS SECUNDARIAS/Pruebas capacitacion/Reserva_de_Salones/textarea_Observacin_popup_form_reservaSalonesobservacion'

2022-03-31 17:36:30 - [TEST_STEP][PASSED] - click(findTestObject("M-OBJECTS TAREAS SECUNDARIAS/Pruebas capacitacion/Reserva_de_Salones/a_Solicitante_popup_form_reservaSalonesj_idt173")): Object: 'Object Repository/M-OBJECTS TAREAS SECUNDARIAS/Pruebas capacitacion/Reserva_de_Salones/a_Solicitante_popup_form_reservaSalonesj_idt173' is clicked on

2022-03-31 17:36:31 - [MESSAGE][PASSED] - Object: 'Object Repository/M-OBJECTS TAREAS SECUNDARIAS/Pruebas capacitacion/Reserva_de_Salones/a_Solicitante_popup_form_reservaSalonesj_idt173' is clicked on

2022-03-31 17:36:31 - [TEST_STEP][PASSED] - setText(findTestObject("M-OBJECTS TAREAS SECUNDARIAS/Pruebas capacitacion/Reserva_de_Salones/input_Filtro Hoja de Vida_formPopupHojaVidaj_idt205"), "a"): Text 'a' is set on object 'Object Repository/M-OBJECTS TAREAS SECUNDARIAS/Pruebas capacitacion/Reserva_de_Salones/input_Filtro Hoja de Vida_formPopupHojaVidaj_idt205'

2022-03-31 17:36:33 - [MESSAGE][PASSED] - Text 'a' is set on object 'Object Repository/M-OBJECTS TAREAS SECUNDARIAS/Pruebas capacitacion/Reserva_de_Salones/input_Filtro Hoja de Vida_formPopupHojaVidaj_idt205'

2022-03-31 17:36:33 - [TEST_STEP][PASSED] - sendKeys(findTestObject("M-OBJECTS TAREAS SECUNDARIAS/Pruebas capacitacion/Reserva_de_Salones/input_Filtro Hoja de Vida_formPopupHojaVidaj_idt205"), Keys.chord(ENTER)): Keys 'ENTER + ' sent to object: 'Object Repository/M-OBJECTS TAREAS SECUNDARIAS/Pruebas capacitacion/Reserva_de_Salones/input_Filtro Hoja de Vida_formPopupHojaVidaj_idt205'

2022-03-31 17:36:33 - [MESSAGE][PASSED] - Keys 'ENTER + ' sent to object: 'Object Repository/M-OBJECTS TAREAS SECUNDARIAS/Pruebas capacitacion/Reserva_de_Salones/input_Filtro Hoja de Vida_formPopupHojaVidaj_idt205'

2022-03-31 17:36:33 - [TEST_STEP][PASSED] - click(findTestObject("M-OBJECTS TAREAS SECUNDARIAS/Pruebas capacitacion/Reserva_de_Salones/td_A A A")): Object: 'Object Repository/M-OBJECTS TAREAS SECUNDARIAS/Pruebas capacitacion/Reserva_de_Salones/td_A A A' is clicked on

2022-03-31 17:36:34 - [MESSAGE][PASSED] - Object: 'Object Repository/M-OBJECTS TAREAS SECUNDARIAS/Pruebas capacitacion/Reserva_de_Salones/td_A A A' is clicked on

2022-03-31 17:36:34 - [TEST_STEP][PASSED] - click(findTestObject("M-OBJECTS TAREAS SECUNDARIAS/Pruebas capacitacion/Reserva_de_Salones/a_Responsable de reservacin_popup_form_reservaSalonesj_idt177")): Object: 'Object Repository/M-OBJECTS TAREAS SECUNDARIAS/Pruebas capacitacion/Reserva_de_Salones/a_Responsable de reservacin_popup_form_reservaSalonesj_idt177' is clicked on

2022-03-31 17:36:36 - [MESSAGE][PASSED] - Object: 'Object Repository/M-OBJECTS TAREAS SECUNDARIAS/Pruebas capacitacion/Reserva_de_Salones/a_Responsable de reservacin_popup_form_reservaSalonesj_idt177' is clicked on

2022-03-31 17:36:36 - [TEST_STEP][PASSED] - setText(findTestObject("M-OBJECTS TAREAS SECUNDARIAS/Pruebas capacitacion/Reserva_de_Salones/input_Filtro Hoja de Vida_formPopupHojaVidaj_idt205"), "a"): Text 'a' is set on object 'Object Repository/M-OBJECTS TAREAS SECUNDARIAS/Pruebas capacitacion/Reserva_de_Salones/input_Filtro Hoja de Vida_formPopupHojaVidaj_idt205'

2022-03-31 17:36:37 - [MESSAGE][PASSED] - Text 'a' is set on object 'Object Repository/M-OBJECTS TAREAS SECUNDARIAS/Pruebas capacitacion/Reserva_de_Salones/input_Filtro Hoja de Vida_formPopupHojaVidaj_idt205'

2022-03-31 17:36:37 - [TEST_STEP][PASSED] - sendKeys(findTestObject("M-OBJECTS TAREAS SECUNDARIAS/Pruebas capacitacion/Reserva_de_Salones/input_Filtro Hoja de Vida_formPopupHojaVidaj_idt205"), Keys.chord(ENTER)): Keys 'ENTER + ' sent to object: 'Object Repository/M-OBJECTS TAREAS SECUNDARIAS/Pruebas capacitacion/Reserva_de_Salones/input_Filtro Hoja de Vida_formPopupHojaVidaj_idt205'

2022-03-31 17:36:38 - [MESSAGE][PASSED] - Keys 'ENTER + ' sent to object: 'Object Repository/M-OBJECTS TAREAS SECUNDARIAS/Pruebas capacitacion/Reserva_de_Salones/input_Filtro Hoja de Vida_formPopupHojaVidaj_idt205'

2022-03-31 17:36:38 - [TEST_STEP][PASSED] - click(findTestObject("M-OBJECTS TAREAS SECUNDARIAS/Pruebas capacitacion/Reserva_de_Salones/span_A A A"), STOP_ON_FAILURE): Object: 'Object Repository/M-OBJECTS TAREAS SECUNDARIAS/Pruebas capacitacion/Reserva_de_Salones/span_A A A' is clicked on

2022-03-31 17:36:39 - [MESSAGE][PASSED] - Object: 'Object Repository/M-OBJECTS TAREAS SECUNDARIAS/Pruebas capacitacion/Reserva_de_Salones/span_A A A' is clicked on

2022-03-31 17:36:39 - [TEST_STEP][PASSED] - executeJavaScript("document.body.style.zoom='100%'", null): Execute JavaScript 'document.body.style.zoom='100%'' successfully

2022-03-31 17:36:39 - [MESSAGE][PASSED] - Execute JavaScript 'document.body.style.zoom='100%'' successfully

2022-03-31 17:36:39 - [TEST_STEP][PASSED] - scrollToPosition(400, 4000): Browser is scrolled to position x = 400, y = 4000

2022-03-31 17:36:39 - [MESSAGE][PASSED] - Browser is scrolled to position x = 400, y = 4000

2022-03-31 17:36:39 - [TEST_STEP][PASSED] - element = findWebElement(findTestObject("M-OBJECTS TAREAS SECUNDARIAS/Pruebas capacitacion/Reserva_de_Salones/a_Guardar"), 30): null

2022-03-31 17:36:40 - [TEST_STEP][PASSED] - executeJavaScript("arguments[0].click()", Arrays.asList(element)): Execute JavaScript 'arguments[0].click()' successfully

2022-03-31 17:36:40 - [MESSAGE][PASSED] - Execute JavaScript 'arguments[0].click()' successfully]]></system-out>
         <system-err><![CDATA[]]></system-err>
      </testcase>
      <testcase name="Test Cases/1.2-Tareas_Secundarias/4.1-Pruebas_Capacitación/4.2.5-Enviar_y_imprimir_Diploma" time="36.186" classname="Test Cases/1.2-Tareas_Secundarias/4.1-Pruebas_Capacitación/4.2.5-Enviar_y_imprimir_Diploma" status="PASSED">
         <system-out><![CDATA[2022-03-31 17:36:40 - [TEST_CASE][PASSED] - Test Cases/1.2-Tareas_Secundarias/4.1-Pruebas_Capacitación/4.2.5-Enviar_y_imprimir_Diploma: Test Cases/1.2-Tareas_Secundarias/4.1-Pruebas_Capacitación/4.2.5-Enviar_y_imprimir_Diploma

2022-03-31 17:36:40 - [TEST_STEP][PASSED] - callTestCase(findTestCase("0.1-Login"), [:], STOP_ON_FAILURE): Call Test Case 'Test Cases/0.1-Login' successfully

2022-03-31 17:36:40 - [TEST_CASE][PASSED] - Test Cases/0.1-Login: Test Cases/0.1-Login

2022-03-31 17:36:40 - [TEST_STEP][PASSED] - openBrowser(""): Browser is opened with url: ''

2022-03-31 17:36:40 - [MESSAGE][WARNING] - A browser is already opened. Closing browser and opening a new one

2022-03-31 17:36:41 - [MESSAGE][INFO] - Starting 'Chrome' driver

2022-03-31 17:36:41 - [MESSAGE][INFO] - Action delay is set to 150 milliseconds

2022-03-31 17:36:42 - [MESSAGE][PASSED] - Browser is opened with url: ''

2022-03-31 17:36:42 - [TEST_STEP][PASSED] - maximizeWindow(): Current window maximized

2022-03-31 17:36:42 - [MESSAGE][PASSED] - Current window maximized

2022-03-31 17:36:42 - [TEST_STEP][PASSED] - i = G_Login: null

2022-03-31 17:36:42 - [TEST_STEP][PASSED] - url = new java.net.URL(i): null

2022-03-31 17:36:42 - [TEST_STEP][PASSED] - println("URL: " + url.toString()): null

2022-03-31 17:36:42 - [TEST_STEP][PASSED] - connection = url.openConnection(): null

2022-03-31 17:36:42 - [TEST_STEP][PASSED] - connection.setRequestMethod("GET"): null

2022-03-31 17:36:42 - [TEST_STEP][PASSED] - connection.setReadTimeout(2 * 1000): null

2022-03-31 17:36:42 - [TEST_STEP][PASSED] - try: null

2022-03-31 17:36:42 - [TEST_STEP][PASSED] - connection.connect(): null

2022-03-31 17:36:42 - [TEST_STEP][PASSED] - flag = connected: null

2022-03-31 17:36:42 - [TEST_STEP][PASSED] - println("Valor_ori: " + flag): null

2022-03-31 17:36:42 - [TEST_STEP][PASSED] - if (flag): null

2022-03-31 17:36:42 - [TEST_STEP][PASSED] - navigateToUrl(i): Navigate to 'http://192.168.2.19:8380/saraweb' successfully

2022-03-31 17:36:43 - [MESSAGE][PASSED] - Navigate to 'http://192.168.2.19:8380/saraweb' successfully

2022-03-31 17:36:43 - [TEST_STEP][PASSED] - a(): null

2022-03-31 17:36:43 - [TEST_STEP][PASSED] - setText(findTestObject("Login/input_USUARIO_loginusuario"), G_Usuario): Text 'saraadmin' is set on object 'Object Repository/Login/input_USUARIO_loginusuario'

2022-03-31 17:36:44 - [MESSAGE][PASSED] - Text 'saraadmin' is set on object 'Object Repository/Login/input_USUARIO_loginusuario'

2022-03-31 17:36:44 - [TEST_STEP][PASSED] - setEncryptedText(findTestObject("Login/input_CLAVE_loginpassword"), "MkG4/TYiCFC3cb2driP7+Q=="): Text ****** has been set on object 'Object Repository/Login/input_CLAVE_loginpassword'

2022-03-31 17:36:45 - [MESSAGE][PASSED] - Text ****** has been set on object 'Object Repository/Login/input_CLAVE_loginpassword'

2022-03-31 17:36:45 - [TEST_STEP][PASSED] - waitForElementClickable(findTestObject("Login/a_Ingresar"), G_TimeOut): Object 'Object Repository/Login/a_Ingresar' is clickable

2022-03-31 17:36:45 - [MESSAGE][PASSED] - Object 'Object Repository/Login/a_Ingresar' is clickable

2022-03-31 17:36:45 - [TEST_STEP][PASSED] - click(findTestObject("Login/a_Ingresar")): Object: 'Object Repository/Login/a_Ingresar' is clicked on

2022-03-31 17:36:47 - [MESSAGE][PASSED] - Object: 'Object Repository/Login/a_Ingresar' is clicked on

2022-03-31 17:36:47 - [TEST_STEP][PASSED] - element = findWebElement(findTestObject("Login/a_Ir"), 30): null

2022-03-31 17:36:48 - [TEST_STEP][PASSED] - executeJavaScript("arguments[0].click()", Arrays.asList(element)): Execute JavaScript 'arguments[0].click()' successfully

2022-03-31 17:36:48 - [MESSAGE][PASSED] - Execute JavaScript 'arguments[0].click()' successfully

2022-03-31 17:36:48 - [MESSAGE][PASSED] - Call Test Case 'Test Cases/0.1-Login' successfully

2022-03-31 17:36:48 - [TEST_STEP][PASSED] - setText(findTestObject("M-OBJECTS TAREAS SECUNDARIAS/Pruebas capacitacion/Enviar_Diploma/input_Empresa 1_form_templatej_idt24_input"), "Control Evento Capacitacion"): Text 'Control Evento Capacitacion' is set on object 'Object Repository/M-OBJECTS TAREAS SECUNDARIAS/Pruebas capacitacion/Enviar_Diploma/input_Empresa 1_form_templatej_idt24_input'

2022-03-31 17:36:49 - [MESSAGE][PASSED] - Text 'Control Evento Capacitacion' is set on object 'Object Repository/M-OBJECTS TAREAS SECUNDARIAS/Pruebas capacitacion/Enviar_Diploma/input_Empresa 1_form_templatej_idt24_input'

2022-03-31 17:36:49 - [TEST_STEP][PASSED] - click(findTestObject("M-OBJECTS TAREAS SECUNDARIAS/Pruebas capacitacion/Enviar_Diploma/li_Control Evento Capacitacion (cap)")): Object: 'Object Repository/M-OBJECTS TAREAS SECUNDARIAS/Pruebas capacitacion/Enviar_Diploma/li_Control Evento Capacitacion (cap)' is clicked on

2022-03-31 17:36:51 - [MESSAGE][PASSED] - Object: 'Object Repository/M-OBJECTS TAREAS SECUNDARIAS/Pruebas capacitacion/Enviar_Diploma/li_Control Evento Capacitacion (cap)' is clicked on

2022-03-31 17:36:51 - [TEST_STEP][PASSED] - click(findTestObject("M-OBJECTS TAREAS SECUNDARIAS/Pruebas capacitacion/Enviar_Diploma/td_Prueba")): Object: 'Object Repository/M-OBJECTS TAREAS SECUNDARIAS/Pruebas capacitacion/Enviar_Diploma/td_Prueba' is clicked on

2022-03-31 17:36:52 - [MESSAGE][PASSED] - Object: 'Object Repository/M-OBJECTS TAREAS SECUNDARIAS/Pruebas capacitacion/Enviar_Diploma/td_Prueba' is clicked on

2022-03-31 17:36:52 - [TEST_STEP][PASSED] - click(findTestObject("M-OBJECTS TAREAS SECUNDARIAS/Pruebas capacitacion/Enviar_Diploma/div_Asistentes")): Object: 'Object Repository/M-OBJECTS TAREAS SECUNDARIAS/Pruebas capacitacion/Enviar_Diploma/div_Asistentes' is clicked on

2022-03-31 17:36:53 - [MESSAGE][PASSED] - Object: 'Object Repository/M-OBJECTS TAREAS SECUNDARIAS/Pruebas capacitacion/Enviar_Diploma/div_Asistentes' is clicked on

2022-03-31 17:36:53 - [TEST_STEP][PASSED] - click(findTestObject("M-OBJECTS TAREAS SECUNDARIAS/Pruebas capacitacion/Enviar_Diploma/a_Registro")): Object: 'Object Repository/M-OBJECTS TAREAS SECUNDARIAS/Pruebas capacitacion/Enviar_Diploma/a_Registro' is clicked on

2022-03-31 17:36:54 - [MESSAGE][PASSED] - Object: 'Object Repository/M-OBJECTS TAREAS SECUNDARIAS/Pruebas capacitacion/Enviar_Diploma/a_Registro' is clicked on

2022-03-31 17:36:54 - [TEST_STEP][PASSED] - click(findTestObject("M-OBJECTS TAREAS SECUNDARIAS/Pruebas capacitacion/Enviar_Diploma/a_Agregar Asistentes")): Object: 'Object Repository/M-OBJECTS TAREAS SECUNDARIAS/Pruebas capacitacion/Enviar_Diploma/a_Agregar Asistentes' is clicked on

2022-03-31 17:36:55 - [MESSAGE][PASSED] - Object: 'Object Repository/M-OBJECTS TAREAS SECUNDARIAS/Pruebas capacitacion/Enviar_Diploma/a_Agregar Asistentes' is clicked on

2022-03-31 17:36:55 - [TEST_STEP][PASSED] - click(findTestObject("M-OBJECTS TAREAS SECUNDARIAS/Pruebas capacitacion/Enviar_Diploma/a_Identificacin_form_filtro_EmpleadosfiltroPopupEmpleado")): Object: 'Object Repository/M-OBJECTS TAREAS SECUNDARIAS/Pruebas capacitacion/Enviar_Diploma/a_Identificacin_form_filtro_EmpleadosfiltroPopupEmpleado' is clicked on

2022-03-31 17:36:56 - [MESSAGE][PASSED] - Object: 'Object Repository/M-OBJECTS TAREAS SECUNDARIAS/Pruebas capacitacion/Enviar_Diploma/a_Identificacin_form_filtro_EmpleadosfiltroPopupEmpleado' is clicked on

2022-03-31 17:36:56 - [TEST_STEP][PASSED] - setText(findTestObject("M-OBJECTS TAREAS SECUNDARIAS/Pruebas capacitacion/Enviar_Diploma/input_Filtro Empleado_form_popupEmpleadoj_idt2269"), "80097770"): Text '80097770' is set on object 'Object Repository/M-OBJECTS TAREAS SECUNDARIAS/Pruebas capacitacion/Enviar_Diploma/input_Filtro Empleado_form_popupEmpleadoj_idt2269'

2022-03-31 17:36:57 - [MESSAGE][PASSED] - Text '80097770' is set on object 'Object Repository/M-OBJECTS TAREAS SECUNDARIAS/Pruebas capacitacion/Enviar_Diploma/input_Filtro Empleado_form_popupEmpleadoj_idt2269'

2022-03-31 17:36:57 - [TEST_STEP][PASSED] - sendKeys(findTestObject("M-OBJECTS TAREAS SECUNDARIAS/Pruebas capacitacion/Enviar_Diploma/input_Filtro Empleado_form_popupEmpleadoj_idt2269"), Keys.chord(ENTER)): Keys 'ENTER + ' sent to object: 'Object Repository/M-OBJECTS TAREAS SECUNDARIAS/Pruebas capacitacion/Enviar_Diploma/input_Filtro Empleado_form_popupEmpleadoj_idt2269'

2022-03-31 17:36:58 - [MESSAGE][PASSED] - Keys 'ENTER + ' sent to object: 'Object Repository/M-OBJECTS TAREAS SECUNDARIAS/Pruebas capacitacion/Enviar_Diploma/input_Filtro Empleado_form_popupEmpleadoj_idt2269'

2022-03-31 17:36:58 - [TEST_STEP][PASSED] - click(findTestObject("M-OBJECTS TAREAS SECUNDARIAS/Pruebas capacitacion/Enviar_Diploma/span_80097770")): Object: 'Object Repository/M-OBJECTS TAREAS SECUNDARIAS/Pruebas capacitacion/Enviar_Diploma/span_80097770' is clicked on

2022-03-31 17:36:59 - [MESSAGE][PASSED] - Object: 'Object Repository/M-OBJECTS TAREAS SECUNDARIAS/Pruebas capacitacion/Enviar_Diploma/span_80097770' is clicked on

2022-03-31 17:36:59 - [TEST_STEP][PASSED] - click(findTestObject("M-OBJECTS TAREAS SECUNDARIAS/Pruebas capacitacion/Enviar_Diploma/div_Almanza Novoa John Alexandre_ui-chkbox-box ui-widget ui-corner-all ui-state-default ui-state-hover")): Object: 'Object Repository/M-OBJECTS TAREAS SECUNDARIAS/Pruebas capacitacion/Enviar_Diploma/div_Almanza Novoa John Alexandre_ui-chkbox-box ui-widget ui-corner-all ui-state-default ui-state-hover' is clicked on

2022-03-31 17:37:00 - [MESSAGE][PASSED] - Object: 'Object Repository/M-OBJECTS TAREAS SECUNDARIAS/Pruebas capacitacion/Enviar_Diploma/div_Almanza Novoa John Alexandre_ui-chkbox-box ui-widget ui-corner-all ui-state-default ui-state-hover' is clicked on

2022-03-31 17:37:00 - [TEST_STEP][PASSED] - selectOptionByIndex(findTestObject("M-OBJECTS TAREAS SECUNDARIAS/Pruebas capacitacion/Enviar_Diploma/select_--SeleccionePruebas k"), 1): All options with index in [1] are selected on object 'Object Repository/M-OBJECTS TAREAS SECUNDARIAS/Pruebas capacitacion/Enviar_Diploma/select_--SeleccionePruebas k'

2022-03-31 17:37:01 - [MESSAGE][PASSED] - All options with index in [1] are selected on object 'Object Repository/M-OBJECTS TAREAS SECUNDARIAS/Pruebas capacitacion/Enviar_Diploma/select_--SeleccionePruebas k'

2022-03-31 17:37:01 - [TEST_STEP][PASSED] - selectOptionByIndex(findTestObject("M-OBJECTS TAREAS SECUNDARIAS/Pruebas capacitacion/Enviar_Diploma/select_--SeleccionePrueba1pruebaPRUEBA PLAN CAPACITACIONPRUEBA SILVIA"), 1): All options with index in [1] are selected on object 'Object Repository/M-OBJECTS TAREAS SECUNDARIAS/Pruebas capacitacion/Enviar_Diploma/select_--SeleccionePrueba1pruebaPRUEBA PLAN CAPACITACIONPRUEBA SILVIA'

2022-03-31 17:37:02 - [MESSAGE][PASSED] - All options with index in [1] are selected on object 'Object Repository/M-OBJECTS TAREAS SECUNDARIAS/Pruebas capacitacion/Enviar_Diploma/select_--SeleccionePrueba1pruebaPRUEBA PLAN CAPACITACIONPRUEBA SILVIA'

2022-03-31 17:37:02 - [TEST_STEP][PASSED] - click(findTestObject("M-OBJECTS TAREAS SECUNDARIAS/Pruebas capacitacion/Enviar_Diploma/a_Aceptar")): Object: 'Object Repository/M-OBJECTS TAREAS SECUNDARIAS/Pruebas capacitacion/Enviar_Diploma/a_Aceptar' is clicked on

2022-03-31 17:37:03 - [MESSAGE][PASSED] - Object: 'Object Repository/M-OBJECTS TAREAS SECUNDARIAS/Pruebas capacitacion/Enviar_Diploma/a_Aceptar' is clicked on

2022-03-31 17:37:03 - [TEST_STEP][PASSED] - click(findTestObject("M-OBJECTS TAREAS SECUNDARIAS/Pruebas capacitacion/Enviar_Diploma/td_FINALIZADO")): Object: 'Object Repository/M-OBJECTS TAREAS SECUNDARIAS/Pruebas capacitacion/Enviar_Diploma/td_FINALIZADO' is clicked on

2022-03-31 17:37:04 - [MESSAGE][PASSED] - Object: 'Object Repository/M-OBJECTS TAREAS SECUNDARIAS/Pruebas capacitacion/Enviar_Diploma/td_FINALIZADO' is clicked on

2022-03-31 17:37:04 - [TEST_STEP][PASSED] - selectOptionByIndex(findTestObject("M-OBJECTS TAREAS SECUNDARIAS/Pruebas capacitacion/Enviar_Diploma/select_SeleccioneACEPTADOFINALIZADOINSCRITONO ACEPTADONO APROBADONO ASISTIO"), 2): All options with index in [2] are selected on object 'Object Repository/M-OBJECTS TAREAS SECUNDARIAS/Pruebas capacitacion/Enviar_Diploma/select_SeleccioneACEPTADOFINALIZADOINSCRITONO ACEPTADONO APROBADONO ASISTIO'

2022-03-31 17:37:07 - [MESSAGE][PASSED] - All options with index in [2] are selected on object 'Object Repository/M-OBJECTS TAREAS SECUNDARIAS/Pruebas capacitacion/Enviar_Diploma/select_SeleccioneACEPTADOFINALIZADOINSCRITONO ACEPTADONO APROBADONO ASISTIO'

2022-03-31 17:37:07 - [TEST_STEP][PASSED] - setText(findTestObject("M-OBJECTS TAREAS SECUNDARIAS/Pruebas capacitacion/Enviar_Diploma/input_Puntaje_formAsistenteEventopanelTabAsistenteEvenpuntaje"), "5"): Text '5' is set on object 'Object Repository/M-OBJECTS TAREAS SECUNDARIAS/Pruebas capacitacion/Enviar_Diploma/input_Puntaje_formAsistenteEventopanelTabAsistenteEvenpuntaje'

2022-03-31 17:37:08 - [MESSAGE][PASSED] - Text '5' is set on object 'Object Repository/M-OBJECTS TAREAS SECUNDARIAS/Pruebas capacitacion/Enviar_Diploma/input_Puntaje_formAsistenteEventopanelTabAsistenteEvenpuntaje'

2022-03-31 17:37:08 - [TEST_STEP][PASSED] - click(findTestObject("M-OBJECTS TAREAS SECUNDARIAS/Pruebas capacitacion/Enviar_Diploma/a_Actualizar")): Object: 'Object Repository/M-OBJECTS TAREAS SECUNDARIAS/Pruebas capacitacion/Enviar_Diploma/a_Actualizar' is clicked on

2022-03-31 17:37:09 - [MESSAGE][PASSED] - Object: 'Object Repository/M-OBJECTS TAREAS SECUNDARIAS/Pruebas capacitacion/Enviar_Diploma/a_Actualizar' is clicked on

2022-03-31 17:37:09 - [TEST_STEP][PASSED] - click(findTestObject("M-OBJECTS TAREAS SECUNDARIAS/Pruebas capacitacion/Enviar_Diploma/span_Externo_ui-icon ui-icon-closethick")): Object: 'Object Repository/M-OBJECTS TAREAS SECUNDARIAS/Pruebas capacitacion/Enviar_Diploma/span_Externo_ui-icon ui-icon-closethick' is clicked on

2022-03-31 17:37:10 - [MESSAGE][PASSED] - Object: 'Object Repository/M-OBJECTS TAREAS SECUNDARIAS/Pruebas capacitacion/Enviar_Diploma/span_Externo_ui-icon ui-icon-closethick' is clicked on

2022-03-31 17:37:10 - [TEST_STEP][PASSED] - check(findTestObject("M-OBJECTS TAREAS SECUNDARIAS/Pruebas capacitacion/Enviar_Diploma/span_Origen_ui-chkbox-icon ui-icon ui-icon-check ui-c")): Object 'Object Repository/M-OBJECTS TAREAS SECUNDARIAS/Pruebas capacitacion/Enviar_Diploma/span_Origen_ui-chkbox-icon ui-icon ui-icon-check ui-c' is checked

2022-03-31 17:37:10 - [MESSAGE][PASSED] - Object 'Object Repository/M-OBJECTS TAREAS SECUNDARIAS/Pruebas capacitacion/Enviar_Diploma/span_Origen_ui-chkbox-icon ui-icon ui-icon-check ui-c' is checked

2022-03-31 17:37:10 - [TEST_STEP][PASSED] - click(findTestObject("M-OBJECTS TAREAS SECUNDARIAS/Pruebas capacitacion/Enviar_Diploma/a_Enviar Diploma")): Object: 'Object Repository/M-OBJECTS TAREAS SECUNDARIAS/Pruebas capacitacion/Enviar_Diploma/a_Enviar Diploma' is clicked on

2022-03-31 17:37:11 - [MESSAGE][PASSED] - Object: 'Object Repository/M-OBJECTS TAREAS SECUNDARIAS/Pruebas capacitacion/Enviar_Diploma/a_Enviar Diploma' is clicked on

2022-03-31 17:37:11 - [TEST_STEP][PASSED] - click(findTestObject("M-OBJECTS TAREAS SECUNDARIAS/Pruebas capacitacion/Enviar_Diploma/a_Imprimir Diploma")): Object: 'Object Repository/M-OBJECTS TAREAS SECUNDARIAS/Pruebas capacitacion/Enviar_Diploma/a_Imprimir Diploma' is clicked on

2022-03-31 17:37:12 - [MESSAGE][PASSED] - Object: 'Object Repository/M-OBJECTS TAREAS SECUNDARIAS/Pruebas capacitacion/Enviar_Diploma/a_Imprimir Diploma' is clicked on

2022-03-31 17:37:12 - [TEST_STEP][PASSED] - click(findTestObject("M-OBJECTS TAREAS SECUNDARIAS/Pruebas capacitacion/Enviar_Diploma/div_Grupo_ui-chkbox-box ui-widget ui-corner-all ui-state-default ui-state-hover")): Object: 'Object Repository/M-OBJECTS TAREAS SECUNDARIAS/Pruebas capacitacion/Enviar_Diploma/div_Grupo_ui-chkbox-box ui-widget ui-corner-all ui-state-default ui-state-hover' is clicked on

2022-03-31 17:37:13 - [MESSAGE][PASSED] - Object: 'Object Repository/M-OBJECTS TAREAS SECUNDARIAS/Pruebas capacitacion/Enviar_Diploma/div_Grupo_ui-chkbox-box ui-widget ui-corner-all ui-state-default ui-state-hover' is clicked on

2022-03-31 17:37:13 - [TEST_STEP][PASSED] - click(findTestObject("M-OBJECTS TAREAS SECUNDARIAS/Pruebas capacitacion/Enviar_Diploma/a_Generar")): Object: 'Object Repository/M-OBJECTS TAREAS SECUNDARIAS/Pruebas capacitacion/Enviar_Diploma/a_Generar' is clicked on

2022-03-31 17:37:14 - [MESSAGE][PASSED] - Object: 'Object Repository/M-OBJECTS TAREAS SECUNDARIAS/Pruebas capacitacion/Enviar_Diploma/a_Generar' is clicked on

2022-03-31 17:37:14 - [TEST_STEP][PASSED] - click(findTestObject("M-OBJECTS TAREAS SECUNDARIAS/Pruebas capacitacion/Enviar_Diploma/span_Cupo_ui-icon ui-icon-closethick")): Object: 'Object Repository/M-OBJECTS TAREAS SECUNDARIAS/Pruebas capacitacion/Enviar_Diploma/span_Cupo_ui-icon ui-icon-closethick' is clicked on

2022-03-31 17:37:15 - [MESSAGE][PASSED] - Object: 'Object Repository/M-OBJECTS TAREAS SECUNDARIAS/Pruebas capacitacion/Enviar_Diploma/span_Cupo_ui-icon ui-icon-closethick' is clicked on

2022-03-31 17:37:15 - [TEST_STEP][PASSED] - closeBrowser(): Browser is closed

2022-03-31 17:37:16 - [MESSAGE][PASSED] - Browser is closed]]></system-out>
         <system-err><![CDATA[]]></system-err>
      </testcase>
      <system-out><![CDATA[2022-03-31 17:28:54 - [TEST_SUITE][FAILED] - 4-pruebas capacitación: Test Cases/1.2-Tareas_Secundarias/4.1-Pruebas_Capacitación/4.1.3-Evento_de_Capacitación FAILED.
Reason:
com.kms.katalon.core.exception.StepFailedException: Unable to click on object 'Object Repository/M-OBJECTS TAREAS SECUNDARIAS/Pruebas capacitacion/Evento_de_Capacitacion/div_Evento'
	at com.kms.katalon.core.webui.keyword.internal.WebUIKeywordMain.stepFailed(WebUIKeywordMain.groovy:64)
	at com.kms.katalon.core.webui.keyword.internal.WebUIKeywordMain.runKeyword(WebUIKeywordMain.groovy:26)
	at com.kms.katalon.core.webui.keyword.builtin.ClickKeyword.click(ClickKeyword.groovy:74)
	at com.kms.katalon.core.webui.keyword.builtin.ClickKeyword.execute(ClickKeyword.groovy:40)
	at com.kms.katalon.core.keyword.internal.KeywordExecutor.executeKeywordForPlatform(KeywordExecutor.groovy:74)
	at com.kms.katalon.core.webui.keyword.WebUiBuiltInKeywords.click(WebUiBuiltInKeywords.groovy:620)
	at com.kms.katalon.core.webui.keyword.WebUiBuiltInKeywords$click$5.call(Unknown Source)
	at 4.1.3-Evento_de_Capacitación.run(4.1.3-Evento_de_Capacitación:99)
	at com.kms.katalon.core.main.ScriptEngine.run(ScriptEngine.java:194)
	at com.kms.katalon.core.main.ScriptEngine.runScriptAsRawText(ScriptEngine.java:119)
	at com.kms.katalon.core.main.TestCaseExecutor.runScript(TestCaseExecutor.java:442)
	at com.kms.katalon.core.main.TestCaseExecutor.doExecute(TestCaseExecutor.java:433)
	at com.kms.katalon.core.main.TestCaseExecutor.processExecutionPhase(TestCaseExecutor.java:412)
	at com.kms.katalon.core.main.TestCaseExecutor.accessMainPhase(TestCaseExecutor.java:404)
	at com.kms.katalon.core.main.TestCaseExecutor.execute(TestCaseExecutor.java:281)
	at com.kms.katalon.core.main.TestSuiteExecutor.accessTestCaseMainPhase(TestSuiteExecutor.java:202)
	at com.kms.katalon.core.main.TestSuiteExecutor.accessTestSuiteMainPhase(TestSuiteExecutor.java:164)
	at com.kms.katalon.core.main.TestSuiteExecutor.execute(TestSuiteExecutor.java:105)
	at com.kms.katalon.core.main.TestCaseMain.startTestSuite(TestCaseMain.java:185)
	at com.kms.katalon.core.main.TestCaseMain$startTestSuite$0.call(Unknown Source)
	at TempTestSuite1648765726665.run(TempTestSuite1648765726665.groovy:36)
Caused by: org.openqa.selenium.ElementClickInterceptedException: element click intercepted: Element <div id="j_idt147:j_idt148:j_idt150:j_idt2125_header" class="ui-accordion-header ui-helper-reset ui-state-default ui-corner-all" role="tab" aria-expanded="false" aria-selected="false" tabindex="0">...</div> is not clickable at point (143, 179). Other element would receive the click: <div id="popupErrorDialog:dialog_popupFoto_modal" class="ui-widget-overlay ui-dialog-mask" style="z-index: 1054;"></div>
  (Session info: chrome=99.0.4844.84)
Build info: version: '3.141.59', revision: 'e82be7d358', time: '2018-11-14T08:25:53'
System info: host: 'US-AF-000371', ip: '192.168.56.1', os.name: 'Windows 10', os.arch: 'amd64', os.version: '10.0', java.version: '1.8.0_282'
Driver info: com.kms.katalon.selenium.driver.CChromeDriver
Capabilities {acceptInsecureCerts: false, browserName: chrome, browserVersion: 99.0.4844.84, chrome: {chromedriverVersion: 99.0.4844.51 (d537ec02474b5..., userDataDir: C:\Users\DIEGO~1.ROJ\AppDat...}, goog:chromeOptions: {debuggerAddress: localhost:57406}, javascriptEnabled: true, networkConnectionEnabled: false, pageLoadStrategy: normal, platform: WINDOWS, platformName: WINDOWS, proxy: Proxy(), setWindowRect: true, strictFileInteractability: false, timeouts: {implicit: 0, pageLoad: 300000, script: 30000}, unhandledPromptBehavior: dismiss and notify, webauthn:extension:credBlob: true, webauthn:extension:largeBlob: true, webauthn:virtualAuthenticators: true}
Session ID: f4304bfdf529175d0f64861175c0750a
	at org.openqa.selenium.remote.http.W3CHttpResponseCodec.createException(W3CHttpResponseCodec.java:187)
	at org.openqa.selenium.remote.http.W3CHttpResponseCodec.decode(W3CHttpResponseCodec.java:122)
	at org.openqa.selenium.remote.http.W3CHttpResponseCodec.decode(W3CHttpResponseCodec.java:49)
	at org.openqa.selenium.remote.HttpCommandExecutor.execute(HttpCommandExecutor.java:158)
	at org.openqa.selenium.remote.service.DriverCommandExecutor.execute(DriverCommandExecutor.java:83)
	at org.openqa.selenium.remote.RemoteWebDriver.execute(RemoteWebDriver.java:552)
	at com.kms.katalon.selenium.driver.CChromeDriver.execute(CChromeDriver.java:19)
	at org.openqa.selenium.remote.RemoteWebElement.execute(RemoteWebElement.java:285)
	at org.openqa.selenium.remote.RemoteWebElement.click(RemoteWebElement.java:84)
	at org.openqa.selenium.support.events.EventFiringWebDriver$EventFiringWebElement.lambda$new$0(EventFiringWebDriver.java:404)
	at com.sun.proxy.$Proxy11.click(Unknown Source)
	at org.openqa.selenium.support.events.EventFiringWebDriver$EventFiringWebElement.click(EventFiringWebDriver.java:417)
	at org.openqa.selenium.WebElement$click$0.call(Unknown Source)
	at com.kms.katalon.core.webui.keyword.builtin.ClickKeyword.clickUntilSuccessWithTimeout(ClickKeyword.groovy:81)
	at com.kms.katalon.core.webui.keyword.builtin.ClickKeyword.clickUntilSuccessWithTimeout(ClickKeyword.groovy)
	at com.kms.katalon.core.webui.keyword.builtin.ClickKeyword$_click_closure1.doCall(ClickKeyword.groovy:67)
	at com.kms.katalon.core.webui.keyword.builtin.ClickKeyword$_click_closure1.call(ClickKeyword.groovy)
	at com.kms.katalon.core.webui.keyword.internal.WebUIKeywordMain.runKeyword(WebUIKeywordMain.groovy:20)
	... 19 more]]></system-out>
      <system-err><![CDATA[2022-03-31 17:28:54 - [TEST_SUITE][FAILED] - 4-pruebas capacitación: Test Cases/1.2-Tareas_Secundarias/4.1-Pruebas_Capacitación/4.1.3-Evento_de_Capacitación FAILED.
Reason:
com.kms.katalon.core.exception.StepFailedException: Unable to click on object 'Object Repository/M-OBJECTS TAREAS SECUNDARIAS/Pruebas capacitacion/Evento_de_Capacitacion/div_Evento'
	at com.kms.katalon.core.webui.keyword.internal.WebUIKeywordMain.stepFailed(WebUIKeywordMain.groovy:64)
	at com.kms.katalon.core.webui.keyword.internal.WebUIKeywordMain.runKeyword(WebUIKeywordMain.groovy:26)
	at com.kms.katalon.core.webui.keyword.builtin.ClickKeyword.click(ClickKeyword.groovy:74)
	at com.kms.katalon.core.webui.keyword.builtin.ClickKeyword.execute(ClickKeyword.groovy:40)
	at com.kms.katalon.core.keyword.internal.KeywordExecutor.executeKeywordForPlatform(KeywordExecutor.groovy:74)
	at com.kms.katalon.core.webui.keyword.WebUiBuiltInKeywords.click(WebUiBuiltInKeywords.groovy:620)
	at com.kms.katalon.core.webui.keyword.WebUiBuiltInKeywords$click$5.call(Unknown Source)
	at 4.1.3-Evento_de_Capacitación.run(4.1.3-Evento_de_Capacitación:99)
	at com.kms.katalon.core.main.ScriptEngine.run(ScriptEngine.java:194)
	at com.kms.katalon.core.main.ScriptEngine.runScriptAsRawText(ScriptEngine.java:119)
	at com.kms.katalon.core.main.TestCaseExecutor.runScript(TestCaseExecutor.java:442)
	at com.kms.katalon.core.main.TestCaseExecutor.doExecute(TestCaseExecutor.java:433)
	at com.kms.katalon.core.main.TestCaseExecutor.processExecutionPhase(TestCaseExecutor.java:412)
	at com.kms.katalon.core.main.TestCaseExecutor.accessMainPhase(TestCaseExecutor.java:404)
	at com.kms.katalon.core.main.TestCaseExecutor.execute(TestCaseExecutor.java:281)
	at com.kms.katalon.core.main.TestSuiteExecutor.accessTestCaseMainPhase(TestSuiteExecutor.java:202)
	at com.kms.katalon.core.main.TestSuiteExecutor.accessTestSuiteMainPhase(TestSuiteExecutor.java:164)
	at com.kms.katalon.core.main.TestSuiteExecutor.execute(TestSuiteExecutor.java:105)
	at com.kms.katalon.core.main.TestCaseMain.startTestSuite(TestCaseMain.java:185)
	at com.kms.katalon.core.main.TestCaseMain$startTestSuite$0.call(Unknown Source)
	at TempTestSuite1648765726665.run(TempTestSuite1648765726665.groovy:36)
Caused by: org.openqa.selenium.ElementClickInterceptedException: element click intercepted: Element <div id="j_idt147:j_idt148:j_idt150:j_idt2125_header" class="ui-accordion-header ui-helper-reset ui-state-default ui-corner-all" role="tab" aria-expanded="false" aria-selected="false" tabindex="0">...</div> is not clickable at point (143, 179). Other element would receive the click: <div id="popupErrorDialog:dialog_popupFoto_modal" class="ui-widget-overlay ui-dialog-mask" style="z-index: 1054;"></div>
  (Session info: chrome=99.0.4844.84)
Build info: version: '3.141.59', revision: 'e82be7d358', time: '2018-11-14T08:25:53'
System info: host: 'US-AF-000371', ip: '192.168.56.1', os.name: 'Windows 10', os.arch: 'amd64', os.version: '10.0', java.version: '1.8.0_282'
Driver info: com.kms.katalon.selenium.driver.CChromeDriver
Capabilities {acceptInsecureCerts: false, browserName: chrome, browserVersion: 99.0.4844.84, chrome: {chromedriverVersion: 99.0.4844.51 (d537ec02474b5..., userDataDir: C:\Users\DIEGO~1.ROJ\AppDat...}, goog:chromeOptions: {debuggerAddress: localhost:57406}, javascriptEnabled: true, networkConnectionEnabled: false, pageLoadStrategy: normal, platform: WINDOWS, platformName: WINDOWS, proxy: Proxy(), setWindowRect: true, strictFileInteractability: false, timeouts: {implicit: 0, pageLoad: 300000, script: 30000}, unhandledPromptBehavior: dismiss and notify, webauthn:extension:credBlob: true, webauthn:extension:largeBlob: true, webauthn:virtualAuthenticators: true}
Session ID: f4304bfdf529175d0f64861175c0750a
	at org.openqa.selenium.remote.http.W3CHttpResponseCodec.createException(W3CHttpResponseCodec.java:187)
	at org.openqa.selenium.remote.http.W3CHttpResponseCodec.decode(W3CHttpResponseCodec.java:122)
	at org.openqa.selenium.remote.http.W3CHttpResponseCodec.decode(W3CHttpResponseCodec.java:49)
	at org.openqa.selenium.remote.HttpCommandExecutor.execute(HttpCommandExecutor.java:158)
	at org.openqa.selenium.remote.service.DriverCommandExecutor.execute(DriverCommandExecutor.java:83)
	at org.openqa.selenium.remote.RemoteWebDriver.execute(RemoteWebDriver.java:552)
	at com.kms.katalon.selenium.driver.CChromeDriver.execute(CChromeDriver.java:19)
	at org.openqa.selenium.remote.RemoteWebElement.execute(RemoteWebElement.java:285)
	at org.openqa.selenium.remote.RemoteWebElement.click(RemoteWebElement.java:84)
	at org.openqa.selenium.support.events.EventFiringWebDriver$EventFiringWebElement.lambda$new$0(EventFiringWebDriver.java:404)
	at com.sun.proxy.$Proxy11.click(Unknown Source)
	at org.openqa.selenium.support.events.EventFiringWebDriver$EventFiringWebElement.click(EventFiringWebDriver.java:417)
	at org.openqa.selenium.WebElement$click$0.call(Unknown Source)
	at com.kms.katalon.core.webui.keyword.builtin.ClickKeyword.clickUntilSuccessWithTimeout(ClickKeyword.groovy:81)
	at com.kms.katalon.core.webui.keyword.builtin.ClickKeyword.clickUntilSuccessWithTimeout(ClickKeyword.groovy)
	at com.kms.katalon.core.webui.keyword.builtin.ClickKeyword$_click_closure1.doCall(ClickKeyword.groovy:67)
	at com.kms.katalon.core.webui.keyword.builtin.ClickKeyword$_click_closure1.call(ClickKeyword.groovy)
	at com.kms.katalon.core.webui.keyword.internal.WebUIKeywordMain.runKeyword(WebUIKeywordMain.groovy:20)
	... 19 more]]></system-err>
   </testsuite>
</testsuites>
