<?xml version="1.0" encoding="UTF-8"?>
<testsuites name="4-pruebas capacitación" time="507.065" tests="12" failures="9" errors="0">
   <testsuite name="4-pruebas capacitación" tests="12" failures="9" errors="0" time="507.065" skipped="0" timestamp="2021-12-21 16:17:32" hostname="diego.rojas - US-AF-000371" id="Test Suites/4-pruebas capacitación">
      <properties>
         <property name="deviceName" value=""/>
         <property name="devicePlatform" value=""/>
         <property name="logFolder" value="C:\\Users\\diego.rojas\\git\\Pruebas-Minimas\\Reports\\20211221_161251\\4-pruebas capacitaci\u00F3n\\20211221_161307"/>
         <property name="logFiles" value="C:\\Users\\diego.rojas\\git\\Pruebas-Minimas\\Reports\\20211221_161251\\4-pruebas capacitaci\u00F3n\\20211221_161307\\execution0.log"/>
         <property name="attachments" value="C:\\Users\\diego.rojas\\git\\Pruebas-Minimas\\Reports\\20211221_161251\\4-pruebas capacitaci\u00F3n\\20211221_161307\\1640121534216.png, C:\\Users\\diego.rojas\\git\\Pruebas-Minimas\\Reports\\20211221_161251\\4-pruebas capacitaci\u00F3n\\20211221_161307\\1640121605918.png, C:\\Users\\diego.rojas\\git\\Pruebas-Minimas\\Reports\\20211221_161251\\4-pruebas capacitaci\u00F3n\\20211221_161307\\1640121694792.png, C:\\Users\\diego.rojas\\git\\Pruebas-Minimas\\Reports\\20211221_161251\\4-pruebas capacitaci\u00F3n\\20211221_161307\\1640121736498.png, C:\\Users\\diego.rojas\\git\\Pruebas-Minimas\\Reports\\20211221_161251\\4-pruebas capacitaci\u00F3n\\20211221_161307\\1640121777961.png, C:\\Users\\diego.rojas\\git\\Pruebas-Minimas\\Reports\\20211221_161251\\4-pruebas capacitaci\u00F3n\\20211221_161307\\1640121819835.png, C:\\Users\\diego.rojas\\git\\Pruebas-Minimas\\Reports\\20211221_161251\\4-pruebas capacitaci\u00F3n\\20211221_161307\\1640121861682.png, C:\\Users\\diego.rojas\\git\\Pruebas-Minimas\\Reports\\20211221_161251\\4-pruebas capacitaci\u00F3n\\20211221_161307\\1640121903611.png"/>
         <property name="hostName" value="diego.rojas - US-AF-000371"/>
         <property name="os" value="Windows 10 64bit"/>
         <property name="katalonVersion" value="8.2.0.208"/>
         <property name="browser" value="Chrome 96.0.4664.110"/>
         <property name="hostAddress" value="192.168.56.1"/>
         <property name="sessionId" value="03381f4eadd9f2ae55f7eb54fab479c3"/>
         <property name="seleniumVersion" value="3.141.59"/>
         <property name="proxyInformation" value="ProxyInformation { proxyOption=NO_PROXY, proxyServerType=HTTP, username=, password=********, proxyServerAddress=, proxyServerPort=0, executionList=&quot;&quot;, isApplyToDesiredCapabilities=true }"/>
         <property name="platform" value="Windows 10"/>
      </properties>
      <testcase name="Test Cases/4.1-Pruebas_Capacitación/4.1.1-Nuevo_Curso" time="40.37" classname="Test Cases/4.1-Pruebas_Capacitación/4.1.1-Nuevo_Curso" status="PASSED">
         <system-out><![CDATA[2021-12-21 16:17:33 - [TEST_CASE][PASSED] - Test Cases/4.1-Pruebas_Capacitación/4.1.1-Nuevo_Curso: Test Cases/4.1-Pruebas_Capacitación/4.1.1-Nuevo_Curso

2021-12-21 16:17:33 - [TEST_STEP][PASSED] - callTestCase(findTestCase("0.1-Login"), [:], STOP_ON_FAILURE): Call Test Case 'Test Cases/0.1-Login' successfully

2021-12-21 16:17:33 - [TEST_CASE][PASSED] - Test Cases/0.1-Login: Test Cases/0.1-Login

2021-12-21 16:17:34 - [TEST_STEP][PASSED] - openBrowser(""): Browser is opened with url: ''

2021-12-21 16:17:34 - [MESSAGE][INFO] - Starting 'Chrome' driver

2021-12-21 16:17:34 - [MESSAGE][INFO] - Action delay is set to 0 milliseconds

2021-12-21 16:17:36 - [MESSAGE][PASSED] - Browser is opened with url: ''

2021-12-21 16:17:36 - [TEST_STEP][PASSED] - maximizeWindow(): Current window maximized

2021-12-21 16:17:36 - [MESSAGE][PASSED] - Current window maximized

2021-12-21 16:17:36 - [TEST_STEP][PASSED] - i = G_Login: null

2021-12-21 16:17:37 - [TEST_STEP][PASSED] - url = new java.net.URL(i): null

2021-12-21 16:17:37 - [TEST_STEP][PASSED] - println("URL: " + url.toString()): null

2021-12-21 16:17:37 - [TEST_STEP][PASSED] - connection = url.openConnection(): null

2021-12-21 16:17:37 - [TEST_STEP][PASSED] - connection.setRequestMethod("GET"): null

2021-12-21 16:17:37 - [TEST_STEP][PASSED] - connection.setReadTimeout(2 * 1000): null

2021-12-21 16:17:37 - [TEST_STEP][PASSED] - try: null

2021-12-21 16:17:37 - [TEST_STEP][PASSED] - connection.connect(): null

2021-12-21 16:17:37 - [TEST_STEP][PASSED] - flag = connected: null

2021-12-21 16:17:37 - [TEST_STEP][PASSED] - println("Valor_ori: " + flag): null

2021-12-21 16:17:37 - [TEST_STEP][PASSED] - if (flag): null

2021-12-21 16:17:37 - [TEST_STEP][PASSED] - navigateToUrl(i): Navigate to 'http://192.168.2.80:8380/saraweb' successfully

2021-12-21 16:17:38 - [MESSAGE][PASSED] - Navigate to 'http://192.168.2.80:8380/saraweb' successfully

2021-12-21 16:17:38 - [TEST_STEP][PASSED] - a(): null

2021-12-21 16:17:38 - [TEST_STEP][PASSED] - setText(findTestObject("Login/input_USUARIO_loginusuario"), G_Usuario): Text 'saraadmin' is set on object 'Object Repository/Login/input_USUARIO_loginusuario'

2021-12-21 16:17:39 - [MESSAGE][PASSED] - Text 'saraadmin' is set on object 'Object Repository/Login/input_USUARIO_loginusuario'

2021-12-21 16:17:39 - [TEST_STEP][PASSED] - setEncryptedText(findTestObject("Login/input_CLAVE_loginpassword"), "MkG4/TYiCFC3cb2driP7+Q=="): Text ****** has been set on object 'Object Repository/Login/input_CLAVE_loginpassword'

2021-12-21 16:17:39 - [MESSAGE][PASSED] - Text ****** has been set on object 'Object Repository/Login/input_CLAVE_loginpassword'

2021-12-21 16:17:39 - [TEST_STEP][PASSED] - waitForElementClickable(findTestObject("Login/a_Ingresar"), G_TimeOut): Object 'Object Repository/Login/a_Ingresar' is clickable

2021-12-21 16:17:39 - [MESSAGE][PASSED] - Object 'Object Repository/Login/a_Ingresar' is clickable

2021-12-21 16:17:39 - [TEST_STEP][PASSED] - click(findTestObject("Login/a_Ingresar")): Object: 'Object Repository/Login/a_Ingresar' is clicked on

2021-12-21 16:17:42 - [MESSAGE][PASSED] - Object: 'Object Repository/Login/a_Ingresar' is clicked on

2021-12-21 16:17:42 - [TEST_STEP][PASSED] - element = findWebElement(findTestObject("Login/a_Ir"), 30): null

2021-12-21 16:17:42 - [TEST_STEP][PASSED] - executeJavaScript("arguments[0].click()", Arrays.asList(element)): Execute JavaScript 'arguments[0].click()' successfully

2021-12-21 16:17:42 - [MESSAGE][PASSED] - Execute JavaScript 'arguments[0].click()' successfully

2021-12-21 16:17:42 - [MESSAGE][PASSED] - Call Test Case 'Test Cases/0.1-Login' successfully

2021-12-21 16:17:42 - [TEST_STEP][PASSED] - setText(findTestObject("Modulo Pruebas Capacitación/Nuevo_Curso/input_ADMINISTRADOR DEL SISTEMA - SARA_form_templatej_idt24_input"), "Cursos (cap)"): Text 'Cursos (cap)' is set on object 'Object Repository/Modulo Pruebas Capacitación/Nuevo_Curso/input_ADMINISTRADOR DEL SISTEMA - SARA_form_templatej_idt24_input'

2021-12-21 16:17:43 - [MESSAGE][PASSED] - Text 'Cursos (cap)' is set on object 'Object Repository/Modulo Pruebas Capacitación/Nuevo_Curso/input_ADMINISTRADOR DEL SISTEMA - SARA_form_templatej_idt24_input'

2021-12-21 16:17:43 - [TEST_STEP][PASSED] - waitForElementClickable(findTestObject("Modulo Pruebas Capacitación/Nuevo_Curso/li_Cursos (cap)"), 0): Object 'Object Repository/Modulo Pruebas Capacitación/Nuevo_Curso/li_Cursos (cap)' is clickable

2021-12-21 16:17:43 - [MESSAGE][WARNING] - Timeout '0' is invalid. Using default page load timeout: '30'

2021-12-21 16:17:45 - [MESSAGE][PASSED] - Object 'Object Repository/Modulo Pruebas Capacitación/Nuevo_Curso/li_Cursos (cap)' is clickable

2021-12-21 16:17:45 - [TEST_STEP][PASSED] - click(findTestObject("Modulo Pruebas Capacitación/Nuevo_Curso/li_Cursos (cap)"), STOP_ON_FAILURE): Object: 'Object Repository/Modulo Pruebas Capacitación/Nuevo_Curso/li_Cursos (cap)' is clicked on

2021-12-21 16:17:45 - [MESSAGE][PASSED] - Object: 'Object Repository/Modulo Pruebas Capacitación/Nuevo_Curso/li_Cursos (cap)' is clicked on

2021-12-21 16:17:45 - [TEST_STEP][PASSED] - if (waitForElementPresent(findTestObject("Modulo Pruebas Capacitación/Nuevo_Curso/td_Prueba"), 1)): null

2021-12-21 16:17:47 - [MESSAGE][PASSED] - Object 'Object Repository/Modulo Pruebas Capacitación/Nuevo_Curso/td_Prueba' is present

2021-12-21 16:17:47 - [TEST_STEP][PASSED] - click(findTestObject("Modulo Pruebas Capacitación/Nuevo_Curso/td_Prueba")): Object: 'Object Repository/Modulo Pruebas Capacitación/Nuevo_Curso/td_Prueba' is clicked on

2021-12-21 16:17:47 - [MESSAGE][PASSED] - Object: 'Object Repository/Modulo Pruebas Capacitación/Nuevo_Curso/td_Prueba' is clicked on

2021-12-21 16:17:47 - [TEST_STEP][PASSED] - click(findTestObject("Modulo Pruebas Capacitación/Nuevo_Curso/a_Tema")): Object: 'Object Repository/Modulo Pruebas Capacitación/Nuevo_Curso/a_Tema' is clicked on

2021-12-21 16:17:49 - [MESSAGE][PASSED] - Object: 'Object Repository/Modulo Pruebas Capacitación/Nuevo_Curso/a_Tema' is clicked on

2021-12-21 16:17:49 - [TEST_STEP][PASSED] - if (waitForElementPresent(findTestObject("Modulo Pruebas Capacitación/Nuevo_Curso/span_Tema"), 1)): null

2021-12-21 16:17:50 - [MESSAGE][PASSED] - Object 'Object Repository/Modulo Pruebas Capacitación/Nuevo_Curso/span_Tema' is present

2021-12-21 16:17:50 - [TEST_STEP][PASSED] - click(findTestObject("Modulo Pruebas Capacitación/Nuevo_Curso/a_Tema_form_cursopestaniaslistaTemas0j_idt608")): Object: 'Object Repository/Modulo Pruebas Capacitación/Nuevo_Curso/a_Tema_form_cursopestaniaslistaTemas0j_idt608' is clicked on

2021-12-21 16:17:50 - [MESSAGE][PASSED] - Object: 'Object Repository/Modulo Pruebas Capacitación/Nuevo_Curso/a_Tema_form_cursopestaniaslistaTemas0j_idt608' is clicked on

2021-12-21 16:17:50 - [TEST_STEP][PASSED] - click(findTestObject("Modulo Pruebas Capacitación/Nuevo_Curso/a_Datos Bsicos")): Object: 'Object Repository/Modulo Pruebas Capacitación/Nuevo_Curso/a_Datos Bsicos' is clicked on

2021-12-21 16:17:51 - [MESSAGE][PASSED] - Object: 'Object Repository/Modulo Pruebas Capacitación/Nuevo_Curso/a_Datos Bsicos' is clicked on

2021-12-21 16:17:51 - [TEST_STEP][PASSED] - click(findTestObject("Modulo Pruebas Capacitación/Nuevo_Curso/a_Eliminar")): Object: 'Object Repository/Modulo Pruebas Capacitación/Nuevo_Curso/a_Eliminar' is clicked on

2021-12-21 16:17:51 - [MESSAGE][PASSED] - Object: 'Object Repository/Modulo Pruebas Capacitación/Nuevo_Curso/a_Eliminar' is clicked on

2021-12-21 16:17:51 - [TEST_STEP][PASSED] - click(findTestObject("Modulo Pruebas Capacitación/Nuevo_Curso/a_Aceptar")): Object: 'Object Repository/Modulo Pruebas Capacitación/Nuevo_Curso/a_Aceptar' is clicked on

2021-12-21 16:17:53 - [MESSAGE][PASSED] - Object: 'Object Repository/Modulo Pruebas Capacitación/Nuevo_Curso/a_Aceptar' is clicked on

2021-12-21 16:17:53 - [TEST_STEP][PASSED] - click(findTestObject("Modulo Pruebas Capacitación/Nuevo_Curso/a_Nuevo"), STOP_ON_FAILURE): Object: 'Object Repository/Modulo Pruebas Capacitación/Nuevo_Curso/a_Nuevo' is clicked on

2021-12-21 16:17:54 - [MESSAGE][PASSED] - Object: 'Object Repository/Modulo Pruebas Capacitación/Nuevo_Curso/a_Nuevo' is clicked on

2021-12-21 16:17:54 - [TEST_STEP][PASSED] - setText(findTestObject("Modulo Pruebas Capacitación/Nuevo_Curso/textarea_Curso_form_cursopestaniasdescripcion"), "Prueba"): Text 'Prueba' is set on object 'Object Repository/Modulo Pruebas Capacitación/Nuevo_Curso/textarea_Curso_form_cursopestaniasdescripcion'

2021-12-21 16:17:56 - [MESSAGE][PASSED] - Text 'Prueba' is set on object 'Object Repository/Modulo Pruebas Capacitación/Nuevo_Curso/textarea_Curso_form_cursopestaniasdescripcion'

2021-12-21 16:17:56 - [TEST_STEP][PASSED] - setText(findTestObject("Modulo Pruebas Capacitación/Nuevo_Curso/input_Intensidad Horaria_form_cursopestaniasintensidad"), "12"): Text '12' is set on object 'Object Repository/Modulo Pruebas Capacitación/Nuevo_Curso/input_Intensidad Horaria_form_cursopestaniasintensidad'

2021-12-21 16:17:56 - [MESSAGE][PASSED] - Text '12' is set on object 'Object Repository/Modulo Pruebas Capacitación/Nuevo_Curso/input_Intensidad Horaria_form_cursopestaniasintensidad'

2021-12-21 16:17:56 - [TEST_STEP][PASSED] - check(findTestObject("Modulo Pruebas Capacitación/Nuevo_Curso/label_Ambas"), STOP_ON_FAILURE): Object 'Object Repository/Modulo Pruebas Capacitación/Nuevo_Curso/label_Ambas' is checked

2021-12-21 16:17:57 - [MESSAGE][PASSED] - Object 'Object Repository/Modulo Pruebas Capacitación/Nuevo_Curso/label_Ambas' is checked

2021-12-21 16:17:57 - [TEST_STEP][PASSED] - setText(findTestObject("Modulo Pruebas Capacitación/Nuevo_Curso/input_Puntaje Minimo_form_cursopestaniaspuntajeminimo"), "10"): Text '10' is set on object 'Object Repository/Modulo Pruebas Capacitación/Nuevo_Curso/input_Puntaje Minimo_form_cursopestaniaspuntajeminimo'

2021-12-21 16:17:58 - [MESSAGE][PASSED] - Text '10' is set on object 'Object Repository/Modulo Pruebas Capacitación/Nuevo_Curso/input_Puntaje Minimo_form_cursopestaniaspuntajeminimo'

2021-12-21 16:17:58 - [TEST_STEP][PASSED] - setText(findTestObject("Modulo Pruebas Capacitación/Nuevo_Curso/input_Puntaje Aprobacin_form_cursopestaniaspuntajeaproba"), "31"): Text '31' is set on object 'Object Repository/Modulo Pruebas Capacitación/Nuevo_Curso/input_Puntaje Aprobacin_form_cursopestaniaspuntajeaproba'

2021-12-21 16:17:59 - [MESSAGE][PASSED] - Text '31' is set on object 'Object Repository/Modulo Pruebas Capacitación/Nuevo_Curso/input_Puntaje Aprobacin_form_cursopestaniaspuntajeaproba'

2021-12-21 16:17:59 - [TEST_STEP][PASSED] - setText(findTestObject("Modulo Pruebas Capacitación/Nuevo_Curso/textarea_Prerrequisito_form_cursopestaniasprerequisito"), "null"): Text 'null' is set on object 'Object Repository/Modulo Pruebas Capacitación/Nuevo_Curso/textarea_Prerrequisito_form_cursopestaniasprerequisito'

2021-12-21 16:17:59 - [MESSAGE][PASSED] - Text 'null' is set on object 'Object Repository/Modulo Pruebas Capacitación/Nuevo_Curso/textarea_Prerrequisito_form_cursopestaniasprerequisito'

2021-12-21 16:17:59 - [TEST_STEP][PASSED] - setText(findTestObject("Modulo Pruebas Capacitación/Nuevo_Curso/textarea_Metodologa_form_cursopestaniasmetodologia"), "virtual"): Text 'virtual' is set on object 'Object Repository/Modulo Pruebas Capacitación/Nuevo_Curso/textarea_Metodologa_form_cursopestaniasmetodologia'

2021-12-21 16:18:00 - [MESSAGE][PASSED] - Text 'virtual' is set on object 'Object Repository/Modulo Pruebas Capacitación/Nuevo_Curso/textarea_Metodologa_form_cursopestaniasmetodologia'

2021-12-21 16:18:00 - [TEST_STEP][PASSED] - selectOptionByIndex(findTestObject("Modulo Pruebas Capacitación/Nuevo_Curso/select_-- Seleccione --CARTAS DE RETIROCERT"), "1"): All options with index in [1] are selected on object 'Object Repository/Modulo Pruebas Capacitación/Nuevo_Curso/select_-- Seleccione --CARTAS DE RETIROCERT'

2021-12-21 16:18:01 - [MESSAGE][PASSED] - All options with index in [1] are selected on object 'Object Repository/Modulo Pruebas Capacitación/Nuevo_Curso/select_-- Seleccione --CARTAS DE RETIROCERT'

2021-12-21 16:18:01 - [TEST_STEP][PASSED] - selectOptionByIndex(findTestObject("Modulo Pruebas Capacitación/Nuevo_Curso/select_SeleccioneNINGUNOIcetexInstituto Caro y Cuervo.PositivaSena"), 5): All options with index in [5] are selected on object 'Object Repository/Modulo Pruebas Capacitación/Nuevo_Curso/select_SeleccioneNINGUNOIcetexInstituto Caro y Cuervo.PositivaSena'

2021-12-21 16:18:02 - [MESSAGE][PASSED] - All options with index in [5] are selected on object 'Object Repository/Modulo Pruebas Capacitación/Nuevo_Curso/select_SeleccioneNINGUNOIcetexInstituto Caro y Cuervo.PositivaSena'

2021-12-21 16:18:02 - [TEST_STEP][PASSED] - selectOptionByIndex(findTestObject("Modulo Pruebas Capacitación/Nuevo_Curso/select_ActivoCancelado"), 1): All options with index in [1] are selected on object 'Object Repository/Modulo Pruebas Capacitación/Nuevo_Curso/select_ActivoCancelado'

2021-12-21 16:18:03 - [MESSAGE][PASSED] - All options with index in [1] are selected on object 'Object Repository/Modulo Pruebas Capacitación/Nuevo_Curso/select_ActivoCancelado'

2021-12-21 16:18:03 - [TEST_STEP][PASSED] - setText(findTestObject("Modulo Pruebas Capacitación/Nuevo_Curso/input_Asistencia Mnima Horas_form_cursopestaniasasistenciamin"), "8"): Text '8' is set on object 'Object Repository/Modulo Pruebas Capacitación/Nuevo_Curso/input_Asistencia Mnima Horas_form_cursopestaniasasistenciamin'

2021-12-21 16:18:04 - [MESSAGE][PASSED] - Text '8' is set on object 'Object Repository/Modulo Pruebas Capacitación/Nuevo_Curso/input_Asistencia Mnima Horas_form_cursopestaniasasistenciamin'

2021-12-21 16:18:04 - [TEST_STEP][PASSED] - setText(findTestObject("Modulo Pruebas Capacitación/Nuevo_Curso/input_Puntaje Mximo_form_cursopestaniaspuntajemaximo"), "50"): Text '50' is set on object 'Object Repository/Modulo Pruebas Capacitación/Nuevo_Curso/input_Puntaje Mximo_form_cursopestaniaspuntajemaximo'

2021-12-21 16:18:05 - [MESSAGE][PASSED] - Text '50' is set on object 'Object Repository/Modulo Pruebas Capacitación/Nuevo_Curso/input_Puntaje Mximo_form_cursopestaniaspuntajemaximo'

2021-12-21 16:18:05 - [TEST_STEP][PASSED] - setText(findTestObject("Modulo Pruebas Capacitación/Nuevo_Curso/textarea_Poblacin Objeto_form_cursopestaniascobertura"), "null"): Text 'null' is set on object 'Object Repository/Modulo Pruebas Capacitación/Nuevo_Curso/textarea_Poblacin Objeto_form_cursopestaniascobertura'

2021-12-21 16:18:06 - [MESSAGE][PASSED] - Text 'null' is set on object 'Object Repository/Modulo Pruebas Capacitación/Nuevo_Curso/textarea_Poblacin Objeto_form_cursopestaniascobertura'

2021-12-21 16:18:06 - [TEST_STEP][PASSED] - setText(findTestObject("Modulo Pruebas Capacitación/Nuevo_Curso/textarea_Objetivo_form_cursopestaniasimpacto"), "null"): Text 'null' is set on object 'Object Repository/Modulo Pruebas Capacitación/Nuevo_Curso/textarea_Objetivo_form_cursopestaniasimpacto'

2021-12-21 16:18:06 - [MESSAGE][PASSED] - Text 'null' is set on object 'Object Repository/Modulo Pruebas Capacitación/Nuevo_Curso/textarea_Objetivo_form_cursopestaniasimpacto'

2021-12-21 16:18:06 - [TEST_STEP][PASSED] - setText(findTestObject("Modulo Pruebas Capacitación/Nuevo_Curso/textarea_Contenido_form_cursopestaniascontenido"), "null"): Text 'null' is set on object 'Object Repository/Modulo Pruebas Capacitación/Nuevo_Curso/textarea_Contenido_form_cursopestaniascontenido'

2021-12-21 16:18:07 - [MESSAGE][PASSED] - Text 'null' is set on object 'Object Repository/Modulo Pruebas Capacitación/Nuevo_Curso/textarea_Contenido_form_cursopestaniascontenido'

2021-12-21 16:18:07 - [TEST_STEP][PASSED] - click(findTestObject("Modulo Pruebas Capacitación/Nuevo_Curso/a_Guardar")): Object: 'Object Repository/Modulo Pruebas Capacitación/Nuevo_Curso/a_Guardar' is clicked on

2021-12-21 16:18:07 - [MESSAGE][PASSED] - Object: 'Object Repository/Modulo Pruebas Capacitación/Nuevo_Curso/a_Guardar' is clicked on

2021-12-21 16:18:07 - [TEST_STEP][PASSED] - click(findTestObject("Modulo Pruebas Capacitación/Nuevo_Curso/a_Tema")): Object: 'Object Repository/Modulo Pruebas Capacitación/Nuevo_Curso/a_Tema' is clicked on

2021-12-21 16:18:08 - [MESSAGE][PASSED] - Object: 'Object Repository/Modulo Pruebas Capacitación/Nuevo_Curso/a_Tema' is clicked on

2021-12-21 16:18:08 - [TEST_STEP][PASSED] - selectOptionByIndex(findTestObject("Modulo Pruebas Capacitación/Nuevo_Curso/select_-- SELECCIONAR --GERENCIA DE PROYECTOSPLANMEACINPRUEBA DE MODULOSEGURIDAD EN EL SISTEMA DE INFORMACINTema"), 5): All options with index in [5] are selected on object 'Object Repository/Modulo Pruebas Capacitación/Nuevo_Curso/select_-- SELECCIONAR --GERENCIA DE PROYECTOSPLANMEACINPRUEBA DE MODULOSEGURIDAD EN EL SISTEMA DE INFORMACINTema'

2021-12-21 16:18:09 - [MESSAGE][PASSED] - All options with index in [5] are selected on object 'Object Repository/Modulo Pruebas Capacitación/Nuevo_Curso/select_-- SELECCIONAR --GERENCIA DE PROYECTOSPLANMEACINPRUEBA DE MODULOSEGURIDAD EN EL SISTEMA DE INFORMACINTema'

2021-12-21 16:18:09 - [TEST_STEP][PASSED] - setText(findTestObject("Modulo Pruebas Capacitación/Nuevo_Curso/input_Orden_form_cursopestaniaslistaTemasorden"), "1"): Text '1' is set on object 'Object Repository/Modulo Pruebas Capacitación/Nuevo_Curso/input_Orden_form_cursopestaniaslistaTemasorden'

2021-12-21 16:18:10 - [MESSAGE][PASSED] - Text '1' is set on object 'Object Repository/Modulo Pruebas Capacitación/Nuevo_Curso/input_Orden_form_cursopestaniaslistaTemasorden'

2021-12-21 16:18:10 - [TEST_STEP][PASSED] - click(findTestObject("Modulo Pruebas Capacitación/Nuevo_Curso/a_Orden_form_cursopestaniaslistaTemasj_idt609")): Object: 'Object Repository/Modulo Pruebas Capacitación/Nuevo_Curso/a_Orden_form_cursopestaniaslistaTemasj_idt609' is clicked on

2021-12-21 16:18:11 - [MESSAGE][PASSED] - Object: 'Object Repository/Modulo Pruebas Capacitación/Nuevo_Curso/a_Orden_form_cursopestaniaslistaTemasj_idt609' is clicked on

2021-12-21 16:18:11 - [TEST_STEP][PASSED] - click(findTestObject("Modulo Pruebas Capacitación/Nuevo_Curso/a_Regresar")): Object: 'Object Repository/Modulo Pruebas Capacitación/Nuevo_Curso/a_Regresar' is clicked on

2021-12-21 16:18:12 - [MESSAGE][PASSED] - Object: 'Object Repository/Modulo Pruebas Capacitación/Nuevo_Curso/a_Regresar' is clicked on

2021-12-21 16:18:12 - [TEST_STEP][PASSED] - closeBrowser(): Browser is closed

2021-12-21 16:18:13 - [MESSAGE][PASSED] - Browser is closed]]></system-out>
         <system-err><![CDATA[]]></system-err>
      </testcase>
      <testcase name="Test Cases/4.1-Pruebas_Capacitación/4.1.2-Nuevo _Instructor-Entidad" time="40.793" classname="Test Cases/4.1-Pruebas_Capacitación/4.1.2-Nuevo _Instructor-Entidad" status="FAILED">
         <failure type="FAILED" message="Test Cases/4.1-Pruebas_Capacitación/4.1.2-Nuevo _Instructor-Entidad FAILED.
Reason:
com.kms.katalon.core.exception.StepFailedException: Unable to click on object 'Object Repository/Modulo Pruebas Capacitación/Nuevo _Instructor-Entidad/a_Entidad'
	at com.kms.katalon.core.webui.keyword.internal.WebUIKeywordMain.stepFailed(WebUIKeywordMain.groovy:64)
	at com.kms.katalon.core.webui.keyword.internal.WebUIKeywordMain.runKeyword(WebUIKeywordMain.groovy:26)
	at com.kms.katalon.core.webui.keyword.builtin.ClickKeyword.click(ClickKeyword.groovy:74)
	at com.kms.katalon.core.webui.keyword.builtin.ClickKeyword.execute(ClickKeyword.groovy:40)
	at com.kms.katalon.core.keyword.internal.KeywordExecutor.executeKeywordForPlatform(KeywordExecutor.groovy:74)
	at com.kms.katalon.core.webui.keyword.WebUiBuiltInKeywords.click(WebUiBuiltInKeywords.groovy:620)
	at com.kms.katalon.core.webui.keyword.WebUiBuiltInKeywords$click$5.call(Unknown Source)
	at 4.1.2-Nuevo _Instructor-Entidad.run(4.1.2-Nuevo _Instructor-Entidad:69)
	at com.kms.katalon.core.main.ScriptEngine.run(ScriptEngine.java:194)
	at com.kms.katalon.core.main.ScriptEngine.runScriptAsRawText(ScriptEngine.java:119)
	at com.kms.katalon.core.main.TestCaseExecutor.runScript(TestCaseExecutor.java:442)
	at com.kms.katalon.core.main.TestCaseExecutor.doExecute(TestCaseExecutor.java:433)
	at com.kms.katalon.core.main.TestCaseExecutor.processExecutionPhase(TestCaseExecutor.java:412)
	at com.kms.katalon.core.main.TestCaseExecutor.accessMainPhase(TestCaseExecutor.java:404)
	at com.kms.katalon.core.main.TestCaseExecutor.execute(TestCaseExecutor.java:281)
	at com.kms.katalon.core.main.TestSuiteExecutor.accessTestCaseMainPhase(TestSuiteExecutor.java:202)
	at com.kms.katalon.core.main.TestSuiteExecutor.accessTestSuiteMainPhase(TestSuiteExecutor.java:164)
	at com.kms.katalon.core.main.TestSuiteExecutor.execute(TestSuiteExecutor.java:105)
	at com.kms.katalon.core.main.TestCaseMain.startTestSuite(TestCaseMain.java:181)
	at com.kms.katalon.core.main.TestCaseMain$startTestSuite$0.call(Unknown Source)
	at TempTestSuite1640121187489.run(TempTestSuite1640121187489.groovy:36)
Caused by: com.kms.katalon.core.webui.exception.WebElementNotFoundException: Web element with id: 'Object Repository/Modulo Pruebas Capacitación/Nuevo _Instructor-Entidad/a_Entidad' located by '//*/text()[normalize-space(.)='Entidad']/parent::*' not found
	at com.kms.katalon.core.webui.common.WebUiCommonHelper.findWebElement(WebUiCommonHelper.java:1368)
	at com.kms.katalon.core.webui.keyword.internal.WebUIAbstractKeyword.findWebElement(WebUIAbstractKeyword.groovy:27)
	at com.kms.katalon.core.webui.keyword.builtin.ClickKeyword$_click_closure1.doCall(ClickKeyword.groovy:65)
	at com.kms.katalon.core.webui.keyword.builtin.ClickKeyword$_click_closure1.call(ClickKeyword.groovy)
	at com.kms.katalon.core.webui.keyword.internal.WebUIKeywordMain.runKeyword(WebUIKeywordMain.groovy:20)
	... 19 more
"/>
         <system-out><![CDATA[2021-12-21 16:18:13 - [TEST_CASE][FAILED] - Test Cases/4.1-Pruebas_Capacitación/4.1.2-Nuevo _Instructor-Entidad: Test Cases/4.1-Pruebas_Capacitación/4.1.2-Nuevo _Instructor-Entidad FAILED.
Reason:
com.kms.katalon.core.exception.StepFailedException: Unable to click on object 'Object Repository/Modulo Pruebas Capacitación/Nuevo _Instructor-Entidad/a_Entidad'
	at com.kms.katalon.core.webui.keyword.internal.WebUIKeywordMain.stepFailed(WebUIKeywordMain.groovy:64)
	at com.kms.katalon.core.webui.keyword.internal.WebUIKeywordMain.runKeyword(WebUIKeywordMain.groovy:26)
	at com.kms.katalon.core.webui.keyword.builtin.ClickKeyword.click(ClickKeyword.groovy:74)
	at com.kms.katalon.core.webui.keyword.builtin.ClickKeyword.execute(ClickKeyword.groovy:40)
	at com.kms.katalon.core.keyword.internal.KeywordExecutor.executeKeywordForPlatform(KeywordExecutor.groovy:74)
	at com.kms.katalon.core.webui.keyword.WebUiBuiltInKeywords.click(WebUiBuiltInKeywords.groovy:620)
	at com.kms.katalon.core.webui.keyword.WebUiBuiltInKeywords$click$5.call(Unknown Source)
	at 4.1.2-Nuevo _Instructor-Entidad.run(4.1.2-Nuevo _Instructor-Entidad:69)
	at com.kms.katalon.core.main.ScriptEngine.run(ScriptEngine.java:194)
	at com.kms.katalon.core.main.ScriptEngine.runScriptAsRawText(ScriptEngine.java:119)
	at com.kms.katalon.core.main.TestCaseExecutor.runScript(TestCaseExecutor.java:442)
	at com.kms.katalon.core.main.TestCaseExecutor.doExecute(TestCaseExecutor.java:433)
	at com.kms.katalon.core.main.TestCaseExecutor.processExecutionPhase(TestCaseExecutor.java:412)
	at com.kms.katalon.core.main.TestCaseExecutor.accessMainPhase(TestCaseExecutor.java:404)
	at com.kms.katalon.core.main.TestCaseExecutor.execute(TestCaseExecutor.java:281)
	at com.kms.katalon.core.main.TestSuiteExecutor.accessTestCaseMainPhase(TestSuiteExecutor.java:202)
	at com.kms.katalon.core.main.TestSuiteExecutor.accessTestSuiteMainPhase(TestSuiteExecutor.java:164)
	at com.kms.katalon.core.main.TestSuiteExecutor.execute(TestSuiteExecutor.java:105)
	at com.kms.katalon.core.main.TestCaseMain.startTestSuite(TestCaseMain.java:181)
	at com.kms.katalon.core.main.TestCaseMain$startTestSuite$0.call(Unknown Source)
	at TempTestSuite1640121187489.run(TempTestSuite1640121187489.groovy:36)
Caused by: com.kms.katalon.core.webui.exception.WebElementNotFoundException: Web element with id: 'Object Repository/Modulo Pruebas Capacitación/Nuevo _Instructor-Entidad/a_Entidad' located by '//*/text()[normalize-space(.)='Entidad']/parent::*' not found
	at com.kms.katalon.core.webui.common.WebUiCommonHelper.findWebElement(WebUiCommonHelper.java:1368)
	at com.kms.katalon.core.webui.keyword.internal.WebUIAbstractKeyword.findWebElement(WebUIAbstractKeyword.groovy:27)
	at com.kms.katalon.core.webui.keyword.builtin.ClickKeyword$_click_closure1.doCall(ClickKeyword.groovy:65)
	at com.kms.katalon.core.webui.keyword.builtin.ClickKeyword$_click_closure1.call(ClickKeyword.groovy)
	at com.kms.katalon.core.webui.keyword.internal.WebUIKeywordMain.runKeyword(WebUIKeywordMain.groovy:20)
	... 19 more


2021-12-21 16:18:14 - [TEST_STEP][PASSED] - fecha = new java.util.Date(): null

2021-12-21 16:18:14 - [TEST_STEP][PASSED] - Dia = fecha.getDate(): null

2021-12-21 16:18:14 - [TEST_STEP][PASSED] - Mes = fecha.getMonth() + 1: null

2021-12-21 16:18:14 - [TEST_STEP][PASSED] - MesN = fecha.getMonth() + 1: null

2021-12-21 16:18:14 - [TEST_STEP][PASSED] - Año = fecha.getYear() + 1900: null

2021-12-21 16:18:14 - [TEST_STEP][PASSED] - AñoN = fecha.getYear() + 1900: null

2021-12-21 16:18:14 - [TEST_STEP][PASSED] - DiaF = Dia + 10: null

2021-12-21 16:18:14 - [TEST_STEP][PASSED] - MesF = Mes + 1: null

2021-12-21 16:18:14 - [TEST_STEP][PASSED] - AñoF = Año + 1: null

2021-12-21 16:18:14 - [TEST_STEP][PASSED] - if (DiaF > 30): null

2021-12-21 16:18:14 - [TEST_STEP][PASSED] - DiaF = DiaF - Dia: null

2021-12-21 16:18:14 - [TEST_STEP][PASSED] - Mes = MesF: null

2021-12-21 16:18:14 - [TEST_STEP][PASSED] - if (MesF > 12): null

2021-12-21 16:18:14 - [TEST_STEP][PASSED] - año = AñoF: null

2021-12-21 16:18:14 - [TEST_STEP][PASSED] - MesF = 1: null

2021-12-21 16:18:14 - [TEST_STEP][PASSED] - FechaI = Dia + "/" + MesN + "/" + AñoN: null

2021-12-21 16:18:14 - [TEST_STEP][PASSED] - FechaF = DiaF + "/" + Mes + "/" + Año: null

2021-12-21 16:18:14 - [TEST_STEP][PASSED] - callTestCase(findTestCase("0.1-Login"), [:], STOP_ON_FAILURE): Call Test Case 'Test Cases/0.1-Login' successfully

2021-12-21 16:18:14 - [TEST_CASE][PASSED] - Test Cases/0.1-Login: Test Cases/0.1-Login

2021-12-21 16:18:14 - [TEST_STEP][PASSED] - openBrowser(""): Browser is opened with url: ''

2021-12-21 16:18:14 - [MESSAGE][INFO] - Starting 'Chrome' driver

2021-12-21 16:18:14 - [MESSAGE][INFO] - Action delay is set to 0 milliseconds

2021-12-21 16:18:15 - [MESSAGE][PASSED] - Browser is opened with url: ''

2021-12-21 16:18:15 - [TEST_STEP][PASSED] - maximizeWindow(): Current window maximized

2021-12-21 16:18:15 - [MESSAGE][PASSED] - Current window maximized

2021-12-21 16:18:15 - [TEST_STEP][PASSED] - i = G_Login: null

2021-12-21 16:18:15 - [TEST_STEP][PASSED] - url = new java.net.URL(i): null

2021-12-21 16:18:15 - [TEST_STEP][PASSED] - println("URL: " + url.toString()): null

2021-12-21 16:18:15 - [TEST_STEP][PASSED] - connection = url.openConnection(): null

2021-12-21 16:18:15 - [TEST_STEP][PASSED] - connection.setRequestMethod("GET"): null

2021-12-21 16:18:15 - [TEST_STEP][PASSED] - connection.setReadTimeout(2 * 1000): null

2021-12-21 16:18:15 - [TEST_STEP][PASSED] - try: null

2021-12-21 16:18:15 - [TEST_STEP][PASSED] - connection.connect(): null

2021-12-21 16:18:15 - [TEST_STEP][PASSED] - flag = connected: null

2021-12-21 16:18:15 - [TEST_STEP][PASSED] - println("Valor_ori: " + flag): null

2021-12-21 16:18:15 - [TEST_STEP][PASSED] - if (flag): null

2021-12-21 16:18:15 - [TEST_STEP][PASSED] - navigateToUrl(i): Navigate to 'http://192.168.2.80:8380/saraweb' successfully

2021-12-21 16:18:15 - [MESSAGE][PASSED] - Navigate to 'http://192.168.2.80:8380/saraweb' successfully

2021-12-21 16:18:15 - [TEST_STEP][PASSED] - a(): null

2021-12-21 16:18:15 - [TEST_STEP][PASSED] - setText(findTestObject("Login/input_USUARIO_loginusuario"), G_Usuario): Text 'saraadmin' is set on object 'Object Repository/Login/input_USUARIO_loginusuario'

2021-12-21 16:18:16 - [MESSAGE][PASSED] - Text 'saraadmin' is set on object 'Object Repository/Login/input_USUARIO_loginusuario'

2021-12-21 16:18:16 - [TEST_STEP][PASSED] - setEncryptedText(findTestObject("Login/input_CLAVE_loginpassword"), "MkG4/TYiCFC3cb2driP7+Q=="): Text ****** has been set on object 'Object Repository/Login/input_CLAVE_loginpassword'

2021-12-21 16:18:17 - [MESSAGE][PASSED] - Text ****** has been set on object 'Object Repository/Login/input_CLAVE_loginpassword'

2021-12-21 16:18:17 - [TEST_STEP][PASSED] - waitForElementClickable(findTestObject("Login/a_Ingresar"), G_TimeOut): Object 'Object Repository/Login/a_Ingresar' is clickable

2021-12-21 16:18:17 - [MESSAGE][PASSED] - Object 'Object Repository/Login/a_Ingresar' is clickable

2021-12-21 16:18:17 - [TEST_STEP][PASSED] - click(findTestObject("Login/a_Ingresar")): Object: 'Object Repository/Login/a_Ingresar' is clicked on

2021-12-21 16:18:19 - [MESSAGE][PASSED] - Object: 'Object Repository/Login/a_Ingresar' is clicked on

2021-12-21 16:18:19 - [TEST_STEP][PASSED] - element = findWebElement(findTestObject("Login/a_Ir"), 30): null

2021-12-21 16:18:20 - [TEST_STEP][PASSED] - executeJavaScript("arguments[0].click()", Arrays.asList(element)): Execute JavaScript 'arguments[0].click()' successfully

2021-12-21 16:18:20 - [MESSAGE][PASSED] - Execute JavaScript 'arguments[0].click()' successfully

2021-12-21 16:18:20 - [MESSAGE][PASSED] - Call Test Case 'Test Cases/0.1-Login' successfully

2021-12-21 16:18:20 - [TEST_STEP][PASSED] - setText(findTestObject("Modulo Pruebas Capacitación/Nuevo _Instructor-Entidad/input_Parmetros EntidadInstructor_form_templatej_idt24_input"), "Parametros Entidad/Instructor"): Text 'Parametros Entidad/Instructor' is set on object 'Object Repository/Modulo Pruebas Capacitación/Nuevo _Instructor-Entidad/input_Parmetros EntidadInstructor_form_templatej_idt24_input'

2021-12-21 16:18:21 - [MESSAGE][PASSED] - Text 'Parametros Entidad/Instructor' is set on object 'Object Repository/Modulo Pruebas Capacitación/Nuevo _Instructor-Entidad/input_Parmetros EntidadInstructor_form_templatej_idt24_input'

2021-12-21 16:18:21 - [TEST_STEP][PASSED] - click(findTestObject("Modulo Pruebas Capacitación/Nuevo _Instructor-Entidad/li_Parametros EntidadInstructor (bie)")): Object: 'Object Repository/Modulo Pruebas Capacitación/Nuevo _Instructor-Entidad/li_Parametros EntidadInstructor (bie)' is clicked on

2021-12-21 16:18:23 - [MESSAGE][PASSED] - Object: 'Object Repository/Modulo Pruebas Capacitación/Nuevo _Instructor-Entidad/li_Parametros EntidadInstructor (bie)' is clicked on

2021-12-21 16:18:23 - [TEST_STEP][FAILED] - click(findTestObject("Modulo Pruebas Capacitación/Nuevo _Instructor-Entidad/a_Entidad")): Unable to click on object 'Object Repository/Modulo Pruebas Capacitación/Nuevo _Instructor-Entidad/a_Entidad' (Root cause: com.kms.katalon.core.exception.StepFailedException: Unable to click on object 'Object Repository/Modulo Pruebas Capacitación/Nuevo _Instructor-Entidad/a_Entidad'
	at com.kms.katalon.core.webui.keyword.internal.WebUIKeywordMain.stepFailed(WebUIKeywordMain.groovy:64)
	at com.kms.katalon.core.webui.keyword.internal.WebUIKeywordMain.runKeyword(WebUIKeywordMain.groovy:26)
	at com.kms.katalon.core.webui.keyword.builtin.ClickKeyword.click(ClickKeyword.groovy:74)
	at com.kms.katalon.core.webui.keyword.builtin.ClickKeyword.execute(ClickKeyword.groovy:40)
	at com.kms.katalon.core.keyword.internal.KeywordExecutor.executeKeywordForPlatform(KeywordExecutor.groovy:74)
	at com.kms.katalon.core.webui.keyword.WebUiBuiltInKeywords.click(WebUiBuiltInKeywords.groovy:620)
	at com.kms.katalon.core.webui.keyword.WebUiBuiltInKeywords$click$5.call(Unknown Source)
	at 4.1.2-Nuevo _Instructor-Entidad.run(4.1.2-Nuevo _Instructor-Entidad:69)
	at com.kms.katalon.core.main.ScriptEngine.run(ScriptEngine.java:194)
	at com.kms.katalon.core.main.ScriptEngine.runScriptAsRawText(ScriptEngine.java:119)
	at com.kms.katalon.core.main.TestCaseExecutor.runScript(TestCaseExecutor.java:442)
	at com.kms.katalon.core.main.TestCaseExecutor.doExecute(TestCaseExecutor.java:433)
	at com.kms.katalon.core.main.TestCaseExecutor.processExecutionPhase(TestCaseExecutor.java:412)
	at com.kms.katalon.core.main.TestCaseExecutor.accessMainPhase(TestCaseExecutor.java:404)
	at com.kms.katalon.core.main.TestCaseExecutor.execute(TestCaseExecutor.java:281)
	at com.kms.katalon.core.main.TestSuiteExecutor.accessTestCaseMainPhase(TestSuiteExecutor.java:202)
	at com.kms.katalon.core.main.TestSuiteExecutor.accessTestSuiteMainPhase(TestSuiteExecutor.java:164)
	at com.kms.katalon.core.main.TestSuiteExecutor.execute(TestSuiteExecutor.java:105)
	at com.kms.katalon.core.main.TestCaseMain.startTestSuite(TestCaseMain.java:181)
	at com.kms.katalon.core.main.TestCaseMain$startTestSuite$0.call(Unknown Source)
	at TempTestSuite1640121187489.run(TempTestSuite1640121187489.groovy:36)
Caused by: com.kms.katalon.core.webui.exception.WebElementNotFoundException: Web element with id: 'Object Repository/Modulo Pruebas Capacitación/Nuevo _Instructor-Entidad/a_Entidad' located by '//*/text()[normalize-space(.)='Entidad']/parent::*' not found
	at com.kms.katalon.core.webui.common.WebUiCommonHelper.findWebElement(WebUiCommonHelper.java:1368)
	at com.kms.katalon.core.webui.keyword.internal.WebUIAbstractKeyword.findWebElement(WebUIAbstractKeyword.groovy:27)
	at com.kms.katalon.core.webui.keyword.builtin.ClickKeyword$_click_closure1.doCall(ClickKeyword.groovy:65)
	at com.kms.katalon.core.webui.keyword.builtin.ClickKeyword$_click_closure1.call(ClickKeyword.groovy)
	at com.kms.katalon.core.webui.keyword.internal.WebUIKeywordMain.runKeyword(WebUIKeywordMain.groovy:20)
	at com.kms.katalon.core.webui.keyword.builtin.ClickKeyword.click(ClickKeyword.groovy:74)
	at com.kms.katalon.core.webui.keyword.builtin.ClickKeyword.execute(ClickKeyword.groovy:40)
	at com.kms.katalon.core.keyword.internal.KeywordExecutor.executeKeywordForPlatform(KeywordExecutor.groovy:74)
	at com.kms.katalon.core.webui.keyword.WebUiBuiltInKeywords.click(WebUiBuiltInKeywords.groovy:620)
	at com.kms.katalon.core.webui.keyword.WebUiBuiltInKeywords$click$5.call(Unknown Source)
	at Script1637178919474.run(Script1637178919474.groovy:69)
	... 13 more
)

2021-12-21 16:18:54 - [MESSAGE][INFO] - Unable to find the element located by 'By.xpath: //*/text()[normalize-space(.)='Entidad']/parent::*'. Please recheck the objects properties to make sure the desired element is located. 

2021-12-21 16:18:54 - [MESSAGE][FAILED] - Unable to click on object 'Object Repository/Modulo Pruebas Capacitación/Nuevo _Instructor-Entidad/a_Entidad' (Root cause: com.kms.katalon.core.exception.StepFailedException: Unable to click on object 'Object Repository/Modulo Pruebas Capacitación/Nuevo _Instructor-Entidad/a_Entidad'
	at com.kms.katalon.core.webui.keyword.internal.WebUIKeywordMain.stepFailed(WebUIKeywordMain.groovy:64)
	at com.kms.katalon.core.webui.keyword.internal.WebUIKeywordMain.runKeyword(WebUIKeywordMain.groovy:26)
	at com.kms.katalon.core.webui.keyword.builtin.ClickKeyword.click(ClickKeyword.groovy:74)
	at com.kms.katalon.core.webui.keyword.builtin.ClickKeyword.execute(ClickKeyword.groovy:40)
	at com.kms.katalon.core.keyword.internal.KeywordExecutor.executeKeywordForPlatform(KeywordExecutor.groovy:74)
	at com.kms.katalon.core.webui.keyword.WebUiBuiltInKeywords.click(WebUiBuiltInKeywords.groovy:620)
	at com.kms.katalon.core.webui.keyword.WebUiBuiltInKeywords$click$5.call(Unknown Source)
	at 4.1.2-Nuevo _Instructor-Entidad.run(4.1.2-Nuevo _Instructor-Entidad:69)
	at com.kms.katalon.core.main.ScriptEngine.run(ScriptEngine.java:194)
	at com.kms.katalon.core.main.ScriptEngine.runScriptAsRawText(ScriptEngine.java:119)
	at com.kms.katalon.core.main.TestCaseExecutor.runScript(TestCaseExecutor.java:442)
	at com.kms.katalon.core.main.TestCaseExecutor.doExecute(TestCaseExecutor.java:433)
	at com.kms.katalon.core.main.TestCaseExecutor.processExecutionPhase(TestCaseExecutor.java:412)
	at com.kms.katalon.core.main.TestCaseExecutor.accessMainPhase(TestCaseExecutor.java:404)
	at com.kms.katalon.core.main.TestCaseExecutor.execute(TestCaseExecutor.java:281)
	at com.kms.katalon.core.main.TestSuiteExecutor.accessTestCaseMainPhase(TestSuiteExecutor.java:202)
	at com.kms.katalon.core.main.TestSuiteExecutor.accessTestSuiteMainPhase(TestSuiteExecutor.java:164)
	at com.kms.katalon.core.main.TestSuiteExecutor.execute(TestSuiteExecutor.java:105)
	at com.kms.katalon.core.main.TestCaseMain.startTestSuite(TestCaseMain.java:181)
	at com.kms.katalon.core.main.TestCaseMain$startTestSuite$0.call(Unknown Source)
	at TempTestSuite1640121187489.run(TempTestSuite1640121187489.groovy:36)
Caused by: com.kms.katalon.core.webui.exception.WebElementNotFoundException: Web element with id: 'Object Repository/Modulo Pruebas Capacitación/Nuevo _Instructor-Entidad/a_Entidad' located by '//*/text()[normalize-space(.)='Entidad']/parent::*' not found
	at com.kms.katalon.core.webui.common.WebUiCommonHelper.findWebElement(WebUiCommonHelper.java:1368)
	at com.kms.katalon.core.webui.keyword.internal.WebUIAbstractKeyword.findWebElement(WebUIAbstractKeyword.groovy:27)
	at com.kms.katalon.core.webui.keyword.builtin.ClickKeyword$_click_closure1.doCall(ClickKeyword.groovy:65)
	at com.kms.katalon.core.webui.keyword.builtin.ClickKeyword$_click_closure1.call(ClickKeyword.groovy)
	at com.kms.katalon.core.webui.keyword.internal.WebUIKeywordMain.runKeyword(WebUIKeywordMain.groovy:20)
	at com.kms.katalon.core.webui.keyword.builtin.ClickKeyword.click(ClickKeyword.groovy:74)
	at com.kms.katalon.core.webui.keyword.builtin.ClickKeyword.execute(ClickKeyword.groovy:40)
	at com.kms.katalon.core.keyword.internal.KeywordExecutor.executeKeywordForPlatform(KeywordExecutor.groovy:74)
	at com.kms.katalon.core.webui.keyword.WebUiBuiltInKeywords.click(WebUiBuiltInKeywords.groovy:620)
	at com.kms.katalon.core.webui.keyword.WebUiBuiltInKeywords$click$5.call(Unknown Source)
	at Script1637178919474.run(Script1637178919474.groovy:69)
	... 13 more
)
[[ATTACHMENT|C:\\Users\\diego.rojas\\git\\Pruebas-Minimas\\Reports\\20211221_161251\\4-pruebas capacitaci\u00F3n\\20211221_161307\\1640121534216.png]]]]></system-out>
         <system-err><![CDATA[2021-12-21 16:18:13 - [TEST_CASE][FAILED] - Test Cases/4.1-Pruebas_Capacitación/4.1.2-Nuevo _Instructor-Entidad: Test Cases/4.1-Pruebas_Capacitación/4.1.2-Nuevo _Instructor-Entidad FAILED.
Reason:
com.kms.katalon.core.exception.StepFailedException: Unable to click on object 'Object Repository/Modulo Pruebas Capacitación/Nuevo _Instructor-Entidad/a_Entidad'
	at com.kms.katalon.core.webui.keyword.internal.WebUIKeywordMain.stepFailed(WebUIKeywordMain.groovy:64)
	at com.kms.katalon.core.webui.keyword.internal.WebUIKeywordMain.runKeyword(WebUIKeywordMain.groovy:26)
	at com.kms.katalon.core.webui.keyword.builtin.ClickKeyword.click(ClickKeyword.groovy:74)
	at com.kms.katalon.core.webui.keyword.builtin.ClickKeyword.execute(ClickKeyword.groovy:40)
	at com.kms.katalon.core.keyword.internal.KeywordExecutor.executeKeywordForPlatform(KeywordExecutor.groovy:74)
	at com.kms.katalon.core.webui.keyword.WebUiBuiltInKeywords.click(WebUiBuiltInKeywords.groovy:620)
	at com.kms.katalon.core.webui.keyword.WebUiBuiltInKeywords$click$5.call(Unknown Source)
	at 4.1.2-Nuevo _Instructor-Entidad.run(4.1.2-Nuevo _Instructor-Entidad:69)
	at com.kms.katalon.core.main.ScriptEngine.run(ScriptEngine.java:194)
	at com.kms.katalon.core.main.ScriptEngine.runScriptAsRawText(ScriptEngine.java:119)
	at com.kms.katalon.core.main.TestCaseExecutor.runScript(TestCaseExecutor.java:442)
	at com.kms.katalon.core.main.TestCaseExecutor.doExecute(TestCaseExecutor.java:433)
	at com.kms.katalon.core.main.TestCaseExecutor.processExecutionPhase(TestCaseExecutor.java:412)
	at com.kms.katalon.core.main.TestCaseExecutor.accessMainPhase(TestCaseExecutor.java:404)
	at com.kms.katalon.core.main.TestCaseExecutor.execute(TestCaseExecutor.java:281)
	at com.kms.katalon.core.main.TestSuiteExecutor.accessTestCaseMainPhase(TestSuiteExecutor.java:202)
	at com.kms.katalon.core.main.TestSuiteExecutor.accessTestSuiteMainPhase(TestSuiteExecutor.java:164)
	at com.kms.katalon.core.main.TestSuiteExecutor.execute(TestSuiteExecutor.java:105)
	at com.kms.katalon.core.main.TestCaseMain.startTestSuite(TestCaseMain.java:181)
	at com.kms.katalon.core.main.TestCaseMain$startTestSuite$0.call(Unknown Source)
	at TempTestSuite1640121187489.run(TempTestSuite1640121187489.groovy:36)
Caused by: com.kms.katalon.core.webui.exception.WebElementNotFoundException: Web element with id: 'Object Repository/Modulo Pruebas Capacitación/Nuevo _Instructor-Entidad/a_Entidad' located by '//*/text()[normalize-space(.)='Entidad']/parent::*' not found
	at com.kms.katalon.core.webui.common.WebUiCommonHelper.findWebElement(WebUiCommonHelper.java:1368)
	at com.kms.katalon.core.webui.keyword.internal.WebUIAbstractKeyword.findWebElement(WebUIAbstractKeyword.groovy:27)
	at com.kms.katalon.core.webui.keyword.builtin.ClickKeyword$_click_closure1.doCall(ClickKeyword.groovy:65)
	at com.kms.katalon.core.webui.keyword.builtin.ClickKeyword$_click_closure1.call(ClickKeyword.groovy)
	at com.kms.katalon.core.webui.keyword.internal.WebUIKeywordMain.runKeyword(WebUIKeywordMain.groovy:20)
	... 19 more]]></system-err>
      </testcase>
      <testcase name="Test Cases/4.1-Pruebas_Capacitación/4.1.3-Evento_de_Capacitación" time="71.694" classname="Test Cases/4.1-Pruebas_Capacitación/4.1.3-Evento_de_Capacitación" status="FAILED">
         <failure type="FAILED" message="Test Cases/4.1-Pruebas_Capacitación/4.1.3-Evento_de_Capacitación FAILED.
Reason:
com.kms.katalon.core.exception.StepFailedException: Unable to set text 'A' of object 'Object Repository/Modulo Pruebas Capacitación/Evento_de_Capacitacion/input_Filtro Hoja de Vida_formPopupHojaVidaj_idt23111'
	at com.kms.katalon.core.webui.keyword.internal.WebUIKeywordMain.stepFailed(WebUIKeywordMain.groovy:64)
	at com.kms.katalon.core.webui.keyword.internal.WebUIKeywordMain.runKeyword(WebUIKeywordMain.groovy:26)
	at com.kms.katalon.core.webui.keyword.builtin.SetTextKeyword.setText(SetTextKeyword.groovy:66)
	at com.kms.katalon.core.webui.keyword.builtin.SetTextKeyword.execute(SetTextKeyword.groovy:37)
	at com.kms.katalon.core.keyword.internal.KeywordExecutor.executeKeywordForPlatform(KeywordExecutor.groovy:74)
	at com.kms.katalon.core.webui.keyword.WebUiBuiltInKeywords.setText(WebUiBuiltInKeywords.groovy:980)
	at com.kms.katalon.core.webui.keyword.WebUiBuiltInKeywords$setText$2.call(Unknown Source)
	at 4.1.3-Evento_de_Capacitación.run(4.1.3-Evento_de_Capacitación:181)
	at com.kms.katalon.core.main.ScriptEngine.run(ScriptEngine.java:194)
	at com.kms.katalon.core.main.ScriptEngine.runScriptAsRawText(ScriptEngine.java:119)
	at com.kms.katalon.core.main.TestCaseExecutor.runScript(TestCaseExecutor.java:442)
	at com.kms.katalon.core.main.TestCaseExecutor.doExecute(TestCaseExecutor.java:433)
	at com.kms.katalon.core.main.TestCaseExecutor.processExecutionPhase(TestCaseExecutor.java:412)
	at com.kms.katalon.core.main.TestCaseExecutor.accessMainPhase(TestCaseExecutor.java:404)
	at com.kms.katalon.core.main.TestCaseExecutor.execute(TestCaseExecutor.java:281)
	at com.kms.katalon.core.main.TestSuiteExecutor.accessTestCaseMainPhase(TestSuiteExecutor.java:202)
	at com.kms.katalon.core.main.TestSuiteExecutor.accessTestSuiteMainPhase(TestSuiteExecutor.java:164)
	at com.kms.katalon.core.main.TestSuiteExecutor.execute(TestSuiteExecutor.java:105)
	at com.kms.katalon.core.main.TestCaseMain.startTestSuite(TestCaseMain.java:181)
	at com.kms.katalon.core.main.TestCaseMain$startTestSuite$0.call(Unknown Source)
	at TempTestSuite1640121187489.run(TempTestSuite1640121187489.groovy:36)
Caused by: com.kms.katalon.core.webui.exception.WebElementNotFoundException: Web element with id: 'Object Repository/Modulo Pruebas Capacitación/Evento_de_Capacitacion/input_Filtro Hoja de Vida_formPopupHojaVidaj_idt23111' located by '//td/form/div/div[2]/div[2]/table/tbody/tr/td/input' not found
	at com.kms.katalon.core.webui.common.WebUiCommonHelper.findWebElement(WebUiCommonHelper.java:1368)
	at com.kms.katalon.core.webui.keyword.internal.WebUIAbstractKeyword.findWebElement(WebUIAbstractKeyword.groovy:27)
	at com.kms.katalon.core.webui.keyword.internal.WebUIAbstractKeyword.findWebElement(WebUIAbstractKeyword.groovy:26)
	at com.kms.katalon.core.webui.keyword.builtin.SetTextKeyword$_setText_closure1.doCall(SetTextKeyword.groovy:51)
	at com.kms.katalon.core.webui.keyword.builtin.SetTextKeyword$_setText_closure1.call(SetTextKeyword.groovy)
	at com.kms.katalon.core.webui.keyword.internal.WebUIKeywordMain.runKeyword(WebUIKeywordMain.groovy:20)
	... 19 more
"/>
         <system-out><![CDATA[2021-12-21 16:18:54 - [TEST_CASE][FAILED] - Test Cases/4.1-Pruebas_Capacitación/4.1.3-Evento_de_Capacitación: Test Cases/4.1-Pruebas_Capacitación/4.1.3-Evento_de_Capacitación FAILED.
Reason:
com.kms.katalon.core.exception.StepFailedException: Unable to set text 'A' of object 'Object Repository/Modulo Pruebas Capacitación/Evento_de_Capacitacion/input_Filtro Hoja de Vida_formPopupHojaVidaj_idt23111'
	at com.kms.katalon.core.webui.keyword.internal.WebUIKeywordMain.stepFailed(WebUIKeywordMain.groovy:64)
	at com.kms.katalon.core.webui.keyword.internal.WebUIKeywordMain.runKeyword(WebUIKeywordMain.groovy:26)
	at com.kms.katalon.core.webui.keyword.builtin.SetTextKeyword.setText(SetTextKeyword.groovy:66)
	at com.kms.katalon.core.webui.keyword.builtin.SetTextKeyword.execute(SetTextKeyword.groovy:37)
	at com.kms.katalon.core.keyword.internal.KeywordExecutor.executeKeywordForPlatform(KeywordExecutor.groovy:74)
	at com.kms.katalon.core.webui.keyword.WebUiBuiltInKeywords.setText(WebUiBuiltInKeywords.groovy:980)
	at com.kms.katalon.core.webui.keyword.WebUiBuiltInKeywords$setText$2.call(Unknown Source)
	at 4.1.3-Evento_de_Capacitación.run(4.1.3-Evento_de_Capacitación:181)
	at com.kms.katalon.core.main.ScriptEngine.run(ScriptEngine.java:194)
	at com.kms.katalon.core.main.ScriptEngine.runScriptAsRawText(ScriptEngine.java:119)
	at com.kms.katalon.core.main.TestCaseExecutor.runScript(TestCaseExecutor.java:442)
	at com.kms.katalon.core.main.TestCaseExecutor.doExecute(TestCaseExecutor.java:433)
	at com.kms.katalon.core.main.TestCaseExecutor.processExecutionPhase(TestCaseExecutor.java:412)
	at com.kms.katalon.core.main.TestCaseExecutor.accessMainPhase(TestCaseExecutor.java:404)
	at com.kms.katalon.core.main.TestCaseExecutor.execute(TestCaseExecutor.java:281)
	at com.kms.katalon.core.main.TestSuiteExecutor.accessTestCaseMainPhase(TestSuiteExecutor.java:202)
	at com.kms.katalon.core.main.TestSuiteExecutor.accessTestSuiteMainPhase(TestSuiteExecutor.java:164)
	at com.kms.katalon.core.main.TestSuiteExecutor.execute(TestSuiteExecutor.java:105)
	at com.kms.katalon.core.main.TestCaseMain.startTestSuite(TestCaseMain.java:181)
	at com.kms.katalon.core.main.TestCaseMain$startTestSuite$0.call(Unknown Source)
	at TempTestSuite1640121187489.run(TempTestSuite1640121187489.groovy:36)
Caused by: com.kms.katalon.core.webui.exception.WebElementNotFoundException: Web element with id: 'Object Repository/Modulo Pruebas Capacitación/Evento_de_Capacitacion/input_Filtro Hoja de Vida_formPopupHojaVidaj_idt23111' located by '//td/form/div/div[2]/div[2]/table/tbody/tr/td/input' not found
	at com.kms.katalon.core.webui.common.WebUiCommonHelper.findWebElement(WebUiCommonHelper.java:1368)
	at com.kms.katalon.core.webui.keyword.internal.WebUIAbstractKeyword.findWebElement(WebUIAbstractKeyword.groovy:27)
	at com.kms.katalon.core.webui.keyword.internal.WebUIAbstractKeyword.findWebElement(WebUIAbstractKeyword.groovy:26)
	at com.kms.katalon.core.webui.keyword.builtin.SetTextKeyword$_setText_closure1.doCall(SetTextKeyword.groovy:51)
	at com.kms.katalon.core.webui.keyword.builtin.SetTextKeyword$_setText_closure1.call(SetTextKeyword.groovy)
	at com.kms.katalon.core.webui.keyword.internal.WebUIKeywordMain.runKeyword(WebUIKeywordMain.groovy:20)
	... 19 more


2021-12-21 16:18:54 - [TEST_STEP][PASSED] - callTestCase(findTestCase("Utilidades-(atajos_para _tareas)/Modulos/Modulo Control Evento Capacitacion"), [:], STOP_ON_FAILURE): Call Test Case 'Test Cases/Utilidades-(atajos_para _tareas)/Modulos/Modulo Control Evento Capacitacion' successfully

2021-12-21 16:18:54 - [TEST_CASE][PASSED] - Test Cases/Utilidades-(atajos_para _tareas)/Modulos/Modulo Control Evento Capacitacion: Test Cases/Utilidades-(atajos_para _tareas)/Modulos/Modulo Control Evento Capacitacion

2021-12-21 16:18:55 - [TEST_STEP][PASSED] - callTestCase(findTestCase("0.1-Login"), [:], STOP_ON_FAILURE): Call Test Case 'Test Cases/0.1-Login' successfully

2021-12-21 16:18:55 - [TEST_CASE][PASSED] - Test Cases/0.1-Login: Test Cases/0.1-Login

2021-12-21 16:18:55 - [TEST_STEP][PASSED] - openBrowser(""): Browser is opened with url: ''

2021-12-21 16:18:55 - [MESSAGE][WARNING] - A browser is already opened. Closing browser and opening a new one

2021-12-21 16:18:55 - [MESSAGE][INFO] - Starting 'Chrome' driver

2021-12-21 16:18:55 - [MESSAGE][INFO] - Action delay is set to 0 milliseconds

2021-12-21 16:18:57 - [MESSAGE][PASSED] - Browser is opened with url: ''

2021-12-21 16:18:57 - [TEST_STEP][PASSED] - maximizeWindow(): Current window maximized

2021-12-21 16:18:57 - [MESSAGE][PASSED] - Current window maximized

2021-12-21 16:18:57 - [TEST_STEP][PASSED] - i = G_Login: null

2021-12-21 16:18:57 - [TEST_STEP][PASSED] - url = new java.net.URL(i): null

2021-12-21 16:18:57 - [TEST_STEP][PASSED] - println("URL: " + url.toString()): null

2021-12-21 16:18:57 - [TEST_STEP][PASSED] - connection = url.openConnection(): null

2021-12-21 16:18:57 - [TEST_STEP][PASSED] - connection.setRequestMethod("GET"): null

2021-12-21 16:18:57 - [TEST_STEP][PASSED] - connection.setReadTimeout(2 * 1000): null

2021-12-21 16:18:57 - [TEST_STEP][PASSED] - try: null

2021-12-21 16:18:57 - [TEST_STEP][PASSED] - connection.connect(): null

2021-12-21 16:18:57 - [TEST_STEP][PASSED] - flag = connected: null

2021-12-21 16:18:57 - [TEST_STEP][PASSED] - println("Valor_ori: " + flag): null

2021-12-21 16:18:57 - [TEST_STEP][PASSED] - if (flag): null

2021-12-21 16:18:57 - [TEST_STEP][PASSED] - navigateToUrl(i): Navigate to 'http://192.168.2.80:8380/saraweb' successfully

2021-12-21 16:18:58 - [MESSAGE][PASSED] - Navigate to 'http://192.168.2.80:8380/saraweb' successfully

2021-12-21 16:18:58 - [TEST_STEP][PASSED] - a(): null

2021-12-21 16:18:58 - [TEST_STEP][PASSED] - setText(findTestObject("Login/input_USUARIO_loginusuario"), G_Usuario): Text 'saraadmin' is set on object 'Object Repository/Login/input_USUARIO_loginusuario'

2021-12-21 16:18:59 - [MESSAGE][PASSED] - Text 'saraadmin' is set on object 'Object Repository/Login/input_USUARIO_loginusuario'

2021-12-21 16:18:59 - [TEST_STEP][PASSED] - setEncryptedText(findTestObject("Login/input_CLAVE_loginpassword"), "MkG4/TYiCFC3cb2driP7+Q=="): Text ****** has been set on object 'Object Repository/Login/input_CLAVE_loginpassword'

2021-12-21 16:18:59 - [MESSAGE][PASSED] - Text ****** has been set on object 'Object Repository/Login/input_CLAVE_loginpassword'

2021-12-21 16:18:59 - [TEST_STEP][PASSED] - waitForElementClickable(findTestObject("Login/a_Ingresar"), G_TimeOut): Object 'Object Repository/Login/a_Ingresar' is clickable

2021-12-21 16:18:59 - [MESSAGE][PASSED] - Object 'Object Repository/Login/a_Ingresar' is clickable

2021-12-21 16:18:59 - [TEST_STEP][PASSED] - click(findTestObject("Login/a_Ingresar")): Object: 'Object Repository/Login/a_Ingresar' is clicked on

2021-12-21 16:19:01 - [MESSAGE][PASSED] - Object: 'Object Repository/Login/a_Ingresar' is clicked on

2021-12-21 16:19:01 - [TEST_STEP][PASSED] - element = findWebElement(findTestObject("Login/a_Ir"), 30): null

2021-12-21 16:19:02 - [TEST_STEP][PASSED] - executeJavaScript("arguments[0].click()", Arrays.asList(element)): Execute JavaScript 'arguments[0].click()' successfully

2021-12-21 16:19:02 - [MESSAGE][PASSED] - Execute JavaScript 'arguments[0].click()' successfully

2021-12-21 16:19:02 - [MESSAGE][PASSED] - Call Test Case 'Test Cases/0.1-Login' successfully

2021-12-21 16:19:02 - [TEST_STEP][PASSED] - setText(findTestObject("Modulo Control Evento Capacitacion/input_ADMINISTRADOR DEL SISTEMA - SARA_form_templatej_idt24_input"), "Control Evento"): Text 'Control Evento' is set on object 'Object Repository/Modulo Control Evento Capacitacion/input_ADMINISTRADOR DEL SISTEMA - SARA_form_templatej_idt24_input'

2021-12-21 16:19:03 - [MESSAGE][PASSED] - Text 'Control Evento' is set on object 'Object Repository/Modulo Control Evento Capacitacion/input_ADMINISTRADOR DEL SISTEMA - SARA_form_templatej_idt24_input'

2021-12-21 16:19:03 - [TEST_STEP][PASSED] - click(findTestObject("Modulo Control Evento Capacitacion/li_Control Evento Capacitacion (cap)")): Object: 'Object Repository/Modulo Control Evento Capacitacion/li_Control Evento Capacitacion (cap)' is clicked on

2021-12-21 16:19:05 - [MESSAGE][PASSED] - Object: 'Object Repository/Modulo Control Evento Capacitacion/li_Control Evento Capacitacion (cap)' is clicked on

2021-12-21 16:19:05 - [MESSAGE][PASSED] - Call Test Case 'Test Cases/Utilidades-(atajos_para _tareas)/Modulos/Modulo Control Evento Capacitacion' successfully

2021-12-21 16:19:05 - [TEST_STEP][PASSED] - if (waitForElementClickable(findTestObject("Modulo Pruebas Capacitación/Evento_de_Capacitacion/td_prueba"), 1)): Web element with id: 'Object Repository/Modulo Pruebas Capacitación/Evento_de_Capacitacion/td_prueba' located by '//*/text()[normalize-space(.)='Prueba']/parent::*' not found

2021-12-21 16:19:08 - [MESSAGE][INFO] - Unable to find the element located by 'By.xpath: //*/text()[normalize-space(.)='Prueba']/parent::*'. Please recheck the objects properties to make sure the desired element is located. 

2021-12-21 16:19:08 - [MESSAGE][WARNING] - Web element with id: 'Object Repository/Modulo Pruebas Capacitación/Evento_de_Capacitacion/td_prueba' located by '//*/text()[normalize-space(.)='Prueba']/parent::*' not found

2021-12-21 16:19:08 - [TEST_STEP][PASSED] - click(findTestObject("Modulo Pruebas Capacitación/Evento_de_Capacitacion/a_Nuevo")): Object: 'Object Repository/Modulo Pruebas Capacitación/Evento_de_Capacitacion/a_Nuevo' is clicked on

2021-12-21 16:19:08 - [MESSAGE][PASSED] - Object: 'Object Repository/Modulo Pruebas Capacitación/Evento_de_Capacitacion/a_Nuevo' is clicked on

2021-12-21 16:19:08 - [TEST_STEP][PASSED] - selectOptionByIndex(findTestObject("Modulo Pruebas Capacitación/Evento_de_Capacitacion/select_-- Seleccione --Evento CapacitacinEvento Capacitacin Grupal"), 2): All options with index in [2] are selected on object 'Object Repository/Modulo Pruebas Capacitación/Evento_de_Capacitacion/select_-- Seleccione --Evento CapacitacinEvento Capacitacin Grupal'

2021-12-21 16:19:09 - [MESSAGE][PASSED] - All options with index in [2] are selected on object 'Object Repository/Modulo Pruebas Capacitación/Evento_de_Capacitacion/select_-- Seleccione --Evento CapacitacinEvento Capacitacin Grupal'

2021-12-21 16:19:09 - [TEST_STEP][PASSED] - click(findTestObject("Modulo Pruebas Capacitación/Evento_de_Capacitacion/a_Aplicar")): Object: 'Object Repository/Modulo Pruebas Capacitación/Evento_de_Capacitacion/a_Aplicar' is clicked on

2021-12-21 16:19:10 - [MESSAGE][PASSED] - Object: 'Object Repository/Modulo Pruebas Capacitación/Evento_de_Capacitacion/a_Aplicar' is clicked on

2021-12-21 16:19:10 - [TEST_STEP][PASSED] - selectOptionByIndex(findTestObject("Modulo Pruebas Capacitación/Evento_de_Capacitacion/select_--Seleccione--Aplicacin SaraCurso De Alturas"), 9): All options with index in [9] are selected on object 'Object Repository/Modulo Pruebas Capacitación/Evento_de_Capacitacion/select_--Seleccione--Aplicacin SaraCurso De Alturas'

2021-12-21 16:19:13 - [MESSAGE][PASSED] - All options with index in [9] are selected on object 'Object Repository/Modulo Pruebas Capacitación/Evento_de_Capacitacion/select_--Seleccione--Aplicacin SaraCurso De Alturas'

2021-12-21 16:19:13 - [TEST_STEP][PASSED] - selectOptionByIndex(findTestObject("Modulo Pruebas Capacitación/Evento_de_Capacitacion/select_--Seleccione--BloqueadoEjecucinFinalizadoProgramado"), 4): All options with index in [4] are selected on object 'Object Repository/Modulo Pruebas Capacitación/Evento_de_Capacitacion/select_--Seleccione--BloqueadoEjecucinFinalizadoProgramado'

2021-12-21 16:19:14 - [MESSAGE][PASSED] - All options with index in [4] are selected on object 'Object Repository/Modulo Pruebas Capacitación/Evento_de_Capacitacion/select_--Seleccione--BloqueadoEjecucinFinalizadoProgramado'

2021-12-21 16:19:14 - [TEST_STEP][PASSED] - click(findTestObject("Modulo Pruebas Capacitación/Evento_de_Capacitacion/a_Plan de Inversin_formRegistroEventoj_idt180")): Object: 'Object Repository/Modulo Pruebas Capacitación/Evento_de_Capacitacion/a_Plan de Inversin_formRegistroEventoj_idt180' is clicked on

2021-12-21 16:19:14 - [MESSAGE][PASSED] - Object: 'Object Repository/Modulo Pruebas Capacitación/Evento_de_Capacitacion/a_Plan de Inversin_formRegistroEventoj_idt180' is clicked on

2021-12-21 16:19:14 - [TEST_STEP][PASSED] - click(findTestObject("Modulo Pruebas Capacitación/Evento_de_Capacitacion/td_prueba1")): Object: 'Object Repository/Modulo Pruebas Capacitación/Evento_de_Capacitacion/td_prueba1' is clicked on

2021-12-21 16:19:16 - [MESSAGE][PASSED] - Object: 'Object Repository/Modulo Pruebas Capacitación/Evento_de_Capacitacion/td_prueba1' is clicked on

2021-12-21 16:19:16 - [TEST_STEP][PASSED] - setText(findTestObject("Modulo Pruebas Capacitación/Evento_de_Capacitacion/input_Fecha Rango_formRegistroEventofechaInicial_input"), "17/11/2021"): Text '17/11/2021' is set on object 'Object Repository/Modulo Pruebas Capacitación/Evento_de_Capacitacion/input_Fecha Rango_formRegistroEventofechaInicial_input'

2021-12-21 16:19:17 - [MESSAGE][PASSED] - Text '17/11/2021' is set on object 'Object Repository/Modulo Pruebas Capacitación/Evento_de_Capacitacion/input_Fecha Rango_formRegistroEventofechaInicial_input'

2021-12-21 16:19:17 - [TEST_STEP][PASSED] - setText(findTestObject("Modulo Pruebas Capacitación/Evento_de_Capacitacion/input_Fecha Rango_formRegistroEventofechaFinal_input"), "27/11/2021"): Text '27/11/2021' is set on object 'Object Repository/Modulo Pruebas Capacitación/Evento_de_Capacitacion/input_Fecha Rango_formRegistroEventofechaFinal_input'

2021-12-21 16:19:18 - [MESSAGE][PASSED] - Text '27/11/2021' is set on object 'Object Repository/Modulo Pruebas Capacitación/Evento_de_Capacitacion/input_Fecha Rango_formRegistroEventofechaFinal_input'

2021-12-21 16:19:18 - [TEST_STEP][PASSED] - sendKeys(findTestObject("Modulo Pruebas Capacitación/Evento_de_Capacitacion/input_Fecha Rango_formRegistroEventofechaFinal_input"), Keys.chord(ESCAPE)): Keys 'ESCAPE + ' sent to object: 'Object Repository/Modulo Pruebas Capacitación/Evento_de_Capacitacion/input_Fecha Rango_formRegistroEventofechaFinal_input'

2021-12-21 16:19:19 - [MESSAGE][PASSED] - Keys 'ESCAPE + ' sent to object: 'Object Repository/Modulo Pruebas Capacitación/Evento_de_Capacitacion/input_Fecha Rango_formRegistroEventofechaFinal_input'

2021-12-21 16:19:19 - [TEST_STEP][PASSED] - setText(findTestObject("Modulo Pruebas Capacitación/Evento_de_Capacitacion/textarea_Descripcin del evento_formRegistroEventoj_idt1890idTexto5"), "Prueba"): Text 'Prueba' is set on object 'Object Repository/Modulo Pruebas Capacitación/Evento_de_Capacitacion/textarea_Descripcin del evento_formRegistroEventoj_idt1890idTexto5'

2021-12-21 16:19:19 - [MESSAGE][PASSED] - Text 'Prueba' is set on object 'Object Repository/Modulo Pruebas Capacitación/Evento_de_Capacitacion/textarea_Descripcin del evento_formRegistroEventoj_idt1890idTexto5'

2021-12-21 16:19:19 - [TEST_STEP][PASSED] - selectOptionByIndex(findTestObject("Modulo Pruebas Capacitación/Evento_de_Capacitacion/select_--Seleccione--CALIDADMENSUAL ABCMODELO EMPRESA QUINCENALPANSIONADOSPENSIONADOS BASEPRUEBAS"), "7"): All options with index in [7] are selected on object 'Object Repository/Modulo Pruebas Capacitación/Evento_de_Capacitacion/select_--Seleccione--CALIDADMENSUAL ABCMODELO EMPRESA QUINCENALPANSIONADOSPENSIONADOS BASEPRUEBAS'

2021-12-21 16:19:20 - [MESSAGE][PASSED] - All options with index in [7] are selected on object 'Object Repository/Modulo Pruebas Capacitación/Evento_de_Capacitacion/select_--Seleccione--CALIDADMENSUAL ABCMODELO EMPRESA QUINCENALPANSIONADOSPENSIONADOS BASEPRUEBAS'

2021-12-21 16:19:20 - [TEST_STEP][PASSED] - setText(findTestObject("Modulo Pruebas Capacitación/Evento_de_Capacitacion/input_Publicacion Inicial_formRegistroEventoj_idt1892fecha_input"), "17/11/2021"): Text '17/11/2021' is set on object 'Object Repository/Modulo Pruebas Capacitación/Evento_de_Capacitacion/input_Publicacion Inicial_formRegistroEventoj_idt1892fecha_input'

2021-12-21 16:19:21 - [MESSAGE][PASSED] - Text '17/11/2021' is set on object 'Object Repository/Modulo Pruebas Capacitación/Evento_de_Capacitacion/input_Publicacion Inicial_formRegistroEventoj_idt1892fecha_input'

2021-12-21 16:19:21 - [TEST_STEP][PASSED] - setText(findTestObject("Modulo Pruebas Capacitación/Evento_de_Capacitacion/input_Publicacion Final_formRegistroEventoj_idt1893fecha_input"), "27/11/2021"): Text '27/11/2021' is set on object 'Object Repository/Modulo Pruebas Capacitación/Evento_de_Capacitacion/input_Publicacion Final_formRegistroEventoj_idt1893fecha_input'

2021-12-21 16:19:22 - [MESSAGE][PASSED] - Text '27/11/2021' is set on object 'Object Repository/Modulo Pruebas Capacitación/Evento_de_Capacitacion/input_Publicacion Final_formRegistroEventoj_idt1893fecha_input'

2021-12-21 16:19:22 - [TEST_STEP][PASSED] - setText(findTestObject("Modulo Pruebas Capacitación/Evento_de_Capacitacion/input__formRegistroEventoj_idt1894idTexto6"), "100"): Text '100' is set on object 'Object Repository/Modulo Pruebas Capacitación/Evento_de_Capacitacion/input__formRegistroEventoj_idt1894idTexto6'

2021-12-21 16:19:23 - [MESSAGE][PASSED] - Text '100' is set on object 'Object Repository/Modulo Pruebas Capacitación/Evento_de_Capacitacion/input__formRegistroEventoj_idt1894idTexto6'

2021-12-21 16:19:23 - [TEST_STEP][PASSED] - setText(findTestObject("Modulo Pruebas Capacitación/Evento_de_Capacitacion/input__formRegistroEventoj_idt1895idNumero1"), "2"): Text '2' is set on object 'Object Repository/Modulo Pruebas Capacitación/Evento_de_Capacitacion/input__formRegistroEventoj_idt1895idNumero1'

2021-12-21 16:19:24 - [MESSAGE][PASSED] - Text '2' is set on object 'Object Repository/Modulo Pruebas Capacitación/Evento_de_Capacitacion/input__formRegistroEventoj_idt1895idNumero1'

2021-12-21 16:19:24 - [TEST_STEP][PASSED] - selectOptionByIndex(findTestObject("Modulo Pruebas Capacitación/Evento_de_Capacitacion/select_Diagnstico de Necesidades de CapacitacinEstrategiaEvaluacin del desempeoOrigen Evento"), 1): All options with index in [1] are selected on object 'Object Repository/Modulo Pruebas Capacitación/Evento_de_Capacitacion/select_Diagnstico de Necesidades de CapacitacinEstrategiaEvaluacin del desempeoOrigen Evento'

2021-12-21 16:19:25 - [MESSAGE][PASSED] - All options with index in [1] are selected on object 'Object Repository/Modulo Pruebas Capacitación/Evento_de_Capacitacion/select_Diagnstico de Necesidades de CapacitacinEstrategiaEvaluacin del desempeoOrigen Evento'

2021-12-21 16:19:25 - [TEST_STEP][PASSED] - selectOptionByIndex(findTestObject("Modulo Pruebas Capacitación/Evento_de_Capacitacion/select_MixtaPresencialVirtual"), 3): All options with index in [3] are selected on object 'Object Repository/Modulo Pruebas Capacitación/Evento_de_Capacitacion/select_MixtaPresencialVirtual'

2021-12-21 16:19:26 - [MESSAGE][PASSED] - All options with index in [3] are selected on object 'Object Repository/Modulo Pruebas Capacitación/Evento_de_Capacitacion/select_MixtaPresencialVirtual'

2021-12-21 16:19:26 - [TEST_STEP][PASSED] - selectOptionByIndex(findTestObject("Modulo Pruebas Capacitación/Evento_de_Capacitacion/select_NOSI"), 1): All options with index in [1] are selected on object 'Object Repository/Modulo Pruebas Capacitación/Evento_de_Capacitacion/select_NOSI'

2021-12-21 16:19:27 - [MESSAGE][PASSED] - All options with index in [1] are selected on object 'Object Repository/Modulo Pruebas Capacitación/Evento_de_Capacitacion/select_NOSI'

2021-12-21 16:19:27 - [TEST_STEP][PASSED] - selectOptionByIndex(findTestObject("Modulo Pruebas Capacitación/Evento_de_Capacitacion/select_123456PRUEBA SILVIAUS654US23913781"), 2): All options with index in [2] are selected on object 'Object Repository/Modulo Pruebas Capacitación/Evento_de_Capacitacion/select_123456PRUEBA SILVIAUS654US23913781'

2021-12-21 16:19:28 - [MESSAGE][PASSED] - All options with index in [2] are selected on object 'Object Repository/Modulo Pruebas Capacitación/Evento_de_Capacitacion/select_123456PRUEBA SILVIAUS654US23913781'

2021-12-21 16:19:28 - [TEST_STEP][PASSED] - selectOptionByIndex(findTestObject("Modulo Pruebas Capacitación/Evento_de_Capacitacion/select_BARRANQUILLABOGOTACALIFRANCIAIBIZA"), 3): All options with index in [3] are selected on object 'Object Repository/Modulo Pruebas Capacitación/Evento_de_Capacitacion/select_BARRANQUILLABOGOTACALIFRANCIAIBIZA'

2021-12-21 16:19:30 - [MESSAGE][PASSED] - All options with index in [3] are selected on object 'Object Repository/Modulo Pruebas Capacitación/Evento_de_Capacitacion/select_BARRANQUILLABOGOTACALIFRANCIAIBIZA'

2021-12-21 16:19:30 - [TEST_STEP][PASSED] - setText(findTestObject("Modulo Pruebas Capacitación/Evento_de_Capacitacion/input_Nmeromero Autorizacin_formRegistroEventoj_idt18915idTexto"), "100000"): Text '100000' is set on object 'Object Repository/Modulo Pruebas Capacitación/Evento_de_Capacitacion/input_Nmeromero Autorizacin_formRegistroEventoj_idt18915idTexto'

2021-12-21 16:19:30 - [MESSAGE][PASSED] - Text '100000' is set on object 'Object Repository/Modulo Pruebas Capacitación/Evento_de_Capacitacion/input_Nmeromero Autorizacin_formRegistroEventoj_idt18915idTexto'

2021-12-21 16:19:30 - [TEST_STEP][PASSED] - setText(findTestObject("Modulo Pruebas Capacitación/Evento_de_Capacitacion/input_Costo Evento_formRegistroEventoj_idt18914idTexto6"), "10000"): Text '10000' is set on object 'Object Repository/Modulo Pruebas Capacitación/Evento_de_Capacitacion/input_Costo Evento_formRegistroEventoj_idt18914idTexto6'

2021-12-21 16:19:31 - [MESSAGE][PASSED] - Text '10000' is set on object 'Object Repository/Modulo Pruebas Capacitación/Evento_de_Capacitacion/input_Costo Evento_formRegistroEventoj_idt18914idTexto6'

2021-12-21 16:19:31 - [TEST_STEP][PASSED] - setText(findTestObject("Modulo Pruebas Capacitación/Evento_de_Capacitacion/input_Nmeromero Autorizacin_formRegistroEventoj_idt18915idTexto"), "5"): Text '5' is set on object 'Object Repository/Modulo Pruebas Capacitación/Evento_de_Capacitacion/input_Nmeromero Autorizacin_formRegistroEventoj_idt18915idTexto'

2021-12-21 16:19:32 - [MESSAGE][PASSED] - Text '5' is set on object 'Object Repository/Modulo Pruebas Capacitación/Evento_de_Capacitacion/input_Nmeromero Autorizacin_formRegistroEventoj_idt18915idTexto'

2021-12-21 16:19:32 - [TEST_STEP][PASSED] - setText(findTestObject("Modulo Pruebas Capacitación/Evento_de_Capacitacion/textarea_Observacin_formRegistroEventoj_idt18917idTexto5"), "Prueba"): Text 'Prueba' is set on object 'Object Repository/Modulo Pruebas Capacitación/Evento_de_Capacitacion/textarea_Observacin_formRegistroEventoj_idt18917idTexto5'

2021-12-21 16:19:33 - [MESSAGE][PASSED] - Text 'Prueba' is set on object 'Object Repository/Modulo Pruebas Capacitación/Evento_de_Capacitacion/textarea_Observacin_formRegistroEventoj_idt18917idTexto5'

2021-12-21 16:19:33 - [TEST_STEP][PASSED] - selectOptionByIndex(findTestObject("Modulo Pruebas Capacitación/Evento_de_Capacitacion/select_AmbosNo AplicaPor AsistenciaPor Puntaje"), 1): All options with index in [1] are selected on object 'Object Repository/Modulo Pruebas Capacitación/Evento_de_Capacitacion/select_AmbosNo AplicaPor AsistenciaPor Puntaje'

2021-12-21 16:19:34 - [MESSAGE][PASSED] - All options with index in [1] are selected on object 'Object Repository/Modulo Pruebas Capacitación/Evento_de_Capacitacion/select_AmbosNo AplicaPor AsistenciaPor Puntaje'

2021-12-21 16:19:34 - [TEST_STEP][PASSED] - click(findTestObject("Modulo Pruebas Capacitación/Evento_de_Capacitacion/a__formRegistroEventoj_idt18910j_idt229")): Object: 'Object Repository/Modulo Pruebas Capacitación/Evento_de_Capacitacion/a__formRegistroEventoj_idt18910j_idt229' is clicked on

2021-12-21 16:19:34 - [MESSAGE][PASSED] - Object: 'Object Repository/Modulo Pruebas Capacitación/Evento_de_Capacitacion/a__formRegistroEventoj_idt18910j_idt229' is clicked on

2021-12-21 16:19:34 - [TEST_STEP][FAILED] - setText(findTestObject("Modulo Pruebas Capacitación/Evento_de_Capacitacion/input_Filtro Hoja de Vida_formPopupHojaVidaj_idt23111"), "A"): Unable to set text 'A' of object 'Object Repository/Modulo Pruebas Capacitación/Evento_de_Capacitacion/input_Filtro Hoja de Vida_formPopupHojaVidaj_idt23111' (Root cause: com.kms.katalon.core.exception.StepFailedException: Unable to set text 'A' of object 'Object Repository/Modulo Pruebas Capacitación/Evento_de_Capacitacion/input_Filtro Hoja de Vida_formPopupHojaVidaj_idt23111'
	at com.kms.katalon.core.webui.keyword.internal.WebUIKeywordMain.stepFailed(WebUIKeywordMain.groovy:64)
	at com.kms.katalon.core.webui.keyword.internal.WebUIKeywordMain.runKeyword(WebUIKeywordMain.groovy:26)
	at com.kms.katalon.core.webui.keyword.builtin.SetTextKeyword.setText(SetTextKeyword.groovy:66)
	at com.kms.katalon.core.webui.keyword.builtin.SetTextKeyword.execute(SetTextKeyword.groovy:37)
	at com.kms.katalon.core.keyword.internal.KeywordExecutor.executeKeywordForPlatform(KeywordExecutor.groovy:74)
	at com.kms.katalon.core.webui.keyword.WebUiBuiltInKeywords.setText(WebUiBuiltInKeywords.groovy:980)
	at com.kms.katalon.core.webui.keyword.WebUiBuiltInKeywords$setText$2.call(Unknown Source)
	at 4.1.3-Evento_de_Capacitación.run(4.1.3-Evento_de_Capacitación:181)
	at com.kms.katalon.core.main.ScriptEngine.run(ScriptEngine.java:194)
	at com.kms.katalon.core.main.ScriptEngine.runScriptAsRawText(ScriptEngine.java:119)
	at com.kms.katalon.core.main.TestCaseExecutor.runScript(TestCaseExecutor.java:442)
	at com.kms.katalon.core.main.TestCaseExecutor.doExecute(TestCaseExecutor.java:433)
	at com.kms.katalon.core.main.TestCaseExecutor.processExecutionPhase(TestCaseExecutor.java:412)
	at com.kms.katalon.core.main.TestCaseExecutor.accessMainPhase(TestCaseExecutor.java:404)
	at com.kms.katalon.core.main.TestCaseExecutor.execute(TestCaseExecutor.java:281)
	at com.kms.katalon.core.main.TestSuiteExecutor.accessTestCaseMainPhase(TestSuiteExecutor.java:202)
	at com.kms.katalon.core.main.TestSuiteExecutor.accessTestSuiteMainPhase(TestSuiteExecutor.java:164)
	at com.kms.katalon.core.main.TestSuiteExecutor.execute(TestSuiteExecutor.java:105)
	at com.kms.katalon.core.main.TestCaseMain.startTestSuite(TestCaseMain.java:181)
	at com.kms.katalon.core.main.TestCaseMain$startTestSuite$0.call(Unknown Source)
	at TempTestSuite1640121187489.run(TempTestSuite1640121187489.groovy:36)
Caused by: com.kms.katalon.core.webui.exception.WebElementNotFoundException: Web element with id: 'Object Repository/Modulo Pruebas Capacitación/Evento_de_Capacitacion/input_Filtro Hoja de Vida_formPopupHojaVidaj_idt23111' located by '//td/form/div/div[2]/div[2]/table/tbody/tr/td/input' not found
	at com.kms.katalon.core.webui.common.WebUiCommonHelper.findWebElement(WebUiCommonHelper.java:1368)
	at com.kms.katalon.core.webui.keyword.internal.WebUIAbstractKeyword.findWebElement(WebUIAbstractKeyword.groovy:27)
	at com.kms.katalon.core.webui.keyword.internal.WebUIAbstractKeyword.findWebElement(WebUIAbstractKeyword.groovy:26)
	at com.kms.katalon.core.webui.keyword.builtin.SetTextKeyword$_setText_closure1.doCall(SetTextKeyword.groovy:51)
	at com.kms.katalon.core.webui.keyword.builtin.SetTextKeyword$_setText_closure1.call(SetTextKeyword.groovy)
	at com.kms.katalon.core.webui.keyword.internal.WebUIKeywordMain.runKeyword(WebUIKeywordMain.groovy:20)
	at com.kms.katalon.core.webui.keyword.builtin.SetTextKeyword.setText(SetTextKeyword.groovy:66)
	at com.kms.katalon.core.webui.keyword.builtin.SetTextKeyword.execute(SetTextKeyword.groovy:37)
	at com.kms.katalon.core.keyword.internal.KeywordExecutor.executeKeywordForPlatform(KeywordExecutor.groovy:74)
	at com.kms.katalon.core.webui.keyword.WebUiBuiltInKeywords.setText(WebUiBuiltInKeywords.groovy:980)
	at com.kms.katalon.core.webui.keyword.WebUiBuiltInKeywords$setText$2.call(Unknown Source)
	at Script1637248717181.run(Script1637248717181.groovy:181)
	... 13 more
)

2021-12-21 16:20:05 - [MESSAGE][INFO] - Unable to find the element located by 'By.xpath: //td/form/div/div[2]/div[2]/table/tbody/tr/td/input'. Please recheck the objects properties to make sure the desired element is located. 

2021-12-21 16:20:06 - [MESSAGE][FAILED] - Unable to set text 'A' of object 'Object Repository/Modulo Pruebas Capacitación/Evento_de_Capacitacion/input_Filtro Hoja de Vida_formPopupHojaVidaj_idt23111' (Root cause: com.kms.katalon.core.exception.StepFailedException: Unable to set text 'A' of object 'Object Repository/Modulo Pruebas Capacitación/Evento_de_Capacitacion/input_Filtro Hoja de Vida_formPopupHojaVidaj_idt23111'
	at com.kms.katalon.core.webui.keyword.internal.WebUIKeywordMain.stepFailed(WebUIKeywordMain.groovy:64)
	at com.kms.katalon.core.webui.keyword.internal.WebUIKeywordMain.runKeyword(WebUIKeywordMain.groovy:26)
	at com.kms.katalon.core.webui.keyword.builtin.SetTextKeyword.setText(SetTextKeyword.groovy:66)
	at com.kms.katalon.core.webui.keyword.builtin.SetTextKeyword.execute(SetTextKeyword.groovy:37)
	at com.kms.katalon.core.keyword.internal.KeywordExecutor.executeKeywordForPlatform(KeywordExecutor.groovy:74)
	at com.kms.katalon.core.webui.keyword.WebUiBuiltInKeywords.setText(WebUiBuiltInKeywords.groovy:980)
	at com.kms.katalon.core.webui.keyword.WebUiBuiltInKeywords$setText$2.call(Unknown Source)
	at 4.1.3-Evento_de_Capacitación.run(4.1.3-Evento_de_Capacitación:181)
	at com.kms.katalon.core.main.ScriptEngine.run(ScriptEngine.java:194)
	at com.kms.katalon.core.main.ScriptEngine.runScriptAsRawText(ScriptEngine.java:119)
	at com.kms.katalon.core.main.TestCaseExecutor.runScript(TestCaseExecutor.java:442)
	at com.kms.katalon.core.main.TestCaseExecutor.doExecute(TestCaseExecutor.java:433)
	at com.kms.katalon.core.main.TestCaseExecutor.processExecutionPhase(TestCaseExecutor.java:412)
	at com.kms.katalon.core.main.TestCaseExecutor.accessMainPhase(TestCaseExecutor.java:404)
	at com.kms.katalon.core.main.TestCaseExecutor.execute(TestCaseExecutor.java:281)
	at com.kms.katalon.core.main.TestSuiteExecutor.accessTestCaseMainPhase(TestSuiteExecutor.java:202)
	at com.kms.katalon.core.main.TestSuiteExecutor.accessTestSuiteMainPhase(TestSuiteExecutor.java:164)
	at com.kms.katalon.core.main.TestSuiteExecutor.execute(TestSuiteExecutor.java:105)
	at com.kms.katalon.core.main.TestCaseMain.startTestSuite(TestCaseMain.java:181)
	at com.kms.katalon.core.main.TestCaseMain$startTestSuite$0.call(Unknown Source)
	at TempTestSuite1640121187489.run(TempTestSuite1640121187489.groovy:36)
Caused by: com.kms.katalon.core.webui.exception.WebElementNotFoundException: Web element with id: 'Object Repository/Modulo Pruebas Capacitación/Evento_de_Capacitacion/input_Filtro Hoja de Vida_formPopupHojaVidaj_idt23111' located by '//td/form/div/div[2]/div[2]/table/tbody/tr/td/input' not found
	at com.kms.katalon.core.webui.common.WebUiCommonHelper.findWebElement(WebUiCommonHelper.java:1368)
	at com.kms.katalon.core.webui.keyword.internal.WebUIAbstractKeyword.findWebElement(WebUIAbstractKeyword.groovy:27)
	at com.kms.katalon.core.webui.keyword.internal.WebUIAbstractKeyword.findWebElement(WebUIAbstractKeyword.groovy:26)
	at com.kms.katalon.core.webui.keyword.builtin.SetTextKeyword$_setText_closure1.doCall(SetTextKeyword.groovy:51)
	at com.kms.katalon.core.webui.keyword.builtin.SetTextKeyword$_setText_closure1.call(SetTextKeyword.groovy)
	at com.kms.katalon.core.webui.keyword.internal.WebUIKeywordMain.runKeyword(WebUIKeywordMain.groovy:20)
	at com.kms.katalon.core.webui.keyword.builtin.SetTextKeyword.setText(SetTextKeyword.groovy:66)
	at com.kms.katalon.core.webui.keyword.builtin.SetTextKeyword.execute(SetTextKeyword.groovy:37)
	at com.kms.katalon.core.keyword.internal.KeywordExecutor.executeKeywordForPlatform(KeywordExecutor.groovy:74)
	at com.kms.katalon.core.webui.keyword.WebUiBuiltInKeywords.setText(WebUiBuiltInKeywords.groovy:980)
	at com.kms.katalon.core.webui.keyword.WebUiBuiltInKeywords$setText$2.call(Unknown Source)
	at Script1637248717181.run(Script1637248717181.groovy:181)
	... 13 more
)
[[ATTACHMENT|C:\\Users\\diego.rojas\\git\\Pruebas-Minimas\\Reports\\20211221_161251\\4-pruebas capacitaci\u00F3n\\20211221_161307\\1640121605918.png]]]]></system-out>
         <system-err><![CDATA[2021-12-21 16:18:54 - [TEST_CASE][FAILED] - Test Cases/4.1-Pruebas_Capacitación/4.1.3-Evento_de_Capacitación: Test Cases/4.1-Pruebas_Capacitación/4.1.3-Evento_de_Capacitación FAILED.
Reason:
com.kms.katalon.core.exception.StepFailedException: Unable to set text 'A' of object 'Object Repository/Modulo Pruebas Capacitación/Evento_de_Capacitacion/input_Filtro Hoja de Vida_formPopupHojaVidaj_idt23111'
	at com.kms.katalon.core.webui.keyword.internal.WebUIKeywordMain.stepFailed(WebUIKeywordMain.groovy:64)
	at com.kms.katalon.core.webui.keyword.internal.WebUIKeywordMain.runKeyword(WebUIKeywordMain.groovy:26)
	at com.kms.katalon.core.webui.keyword.builtin.SetTextKeyword.setText(SetTextKeyword.groovy:66)
	at com.kms.katalon.core.webui.keyword.builtin.SetTextKeyword.execute(SetTextKeyword.groovy:37)
	at com.kms.katalon.core.keyword.internal.KeywordExecutor.executeKeywordForPlatform(KeywordExecutor.groovy:74)
	at com.kms.katalon.core.webui.keyword.WebUiBuiltInKeywords.setText(WebUiBuiltInKeywords.groovy:980)
	at com.kms.katalon.core.webui.keyword.WebUiBuiltInKeywords$setText$2.call(Unknown Source)
	at 4.1.3-Evento_de_Capacitación.run(4.1.3-Evento_de_Capacitación:181)
	at com.kms.katalon.core.main.ScriptEngine.run(ScriptEngine.java:194)
	at com.kms.katalon.core.main.ScriptEngine.runScriptAsRawText(ScriptEngine.java:119)
	at com.kms.katalon.core.main.TestCaseExecutor.runScript(TestCaseExecutor.java:442)
	at com.kms.katalon.core.main.TestCaseExecutor.doExecute(TestCaseExecutor.java:433)
	at com.kms.katalon.core.main.TestCaseExecutor.processExecutionPhase(TestCaseExecutor.java:412)
	at com.kms.katalon.core.main.TestCaseExecutor.accessMainPhase(TestCaseExecutor.java:404)
	at com.kms.katalon.core.main.TestCaseExecutor.execute(TestCaseExecutor.java:281)
	at com.kms.katalon.core.main.TestSuiteExecutor.accessTestCaseMainPhase(TestSuiteExecutor.java:202)
	at com.kms.katalon.core.main.TestSuiteExecutor.accessTestSuiteMainPhase(TestSuiteExecutor.java:164)
	at com.kms.katalon.core.main.TestSuiteExecutor.execute(TestSuiteExecutor.java:105)
	at com.kms.katalon.core.main.TestCaseMain.startTestSuite(TestCaseMain.java:181)
	at com.kms.katalon.core.main.TestCaseMain$startTestSuite$0.call(Unknown Source)
	at TempTestSuite1640121187489.run(TempTestSuite1640121187489.groovy:36)
Caused by: com.kms.katalon.core.webui.exception.WebElementNotFoundException: Web element with id: 'Object Repository/Modulo Pruebas Capacitación/Evento_de_Capacitacion/input_Filtro Hoja de Vida_formPopupHojaVidaj_idt23111' located by '//td/form/div/div[2]/div[2]/table/tbody/tr/td/input' not found
	at com.kms.katalon.core.webui.common.WebUiCommonHelper.findWebElement(WebUiCommonHelper.java:1368)
	at com.kms.katalon.core.webui.keyword.internal.WebUIAbstractKeyword.findWebElement(WebUIAbstractKeyword.groovy:27)
	at com.kms.katalon.core.webui.keyword.internal.WebUIAbstractKeyword.findWebElement(WebUIAbstractKeyword.groovy:26)
	at com.kms.katalon.core.webui.keyword.builtin.SetTextKeyword$_setText_closure1.doCall(SetTextKeyword.groovy:51)
	at com.kms.katalon.core.webui.keyword.builtin.SetTextKeyword$_setText_closure1.call(SetTextKeyword.groovy)
	at com.kms.katalon.core.webui.keyword.internal.WebUIKeywordMain.runKeyword(WebUIKeywordMain.groovy:20)
	... 19 more]]></system-err>
      </testcase>
      <testcase name="Test Cases/4.1-Pruebas_Capacitación/4.1.4-Crear_un_Grupo-Curso_Tipo_Evento_Grupal" time="48.203" classname="Test Cases/4.1-Pruebas_Capacitación/4.1.4-Crear_un_Grupo-Curso_Tipo_Evento_Grupal" status="FAILED">
         <failure type="FAILED" message="Test Cases/4.1-Pruebas_Capacitación/4.1.4-Crear_un_Grupo-Curso_Tipo_Evento_Grupal FAILED.
Reason:
com.kms.katalon.core.exception.StepFailedException: Unable to wait for object 'Object Repository/Modulo Pruebas Capacitación/Crear_un_Grupo-Curso_Tipo_Evento_Grupal/td_Prueba' to be clickable
	at com.kms.katalon.core.webui.keyword.internal.WebUIKeywordMain.stepFailed(WebUIKeywordMain.groovy:64)
	at com.kms.katalon.core.webui.keyword.internal.WebUIKeywordMain.runKeyword(WebUIKeywordMain.groovy:26)
	at com.kms.katalon.core.webui.keyword.internal.WebUIKeywordMain$runKeyword.call(Unknown Source)
	at com.kms.katalon.core.webui.keyword.builtin.WaitForElementClickableKeyword.waitForElementClickable(WaitForElementClickableKeyword.groovy:107)
	at com.kms.katalon.core.webui.keyword.builtin.WaitForElementClickableKeyword.execute(WaitForElementClickableKeyword.groovy:68)
	at com.kms.katalon.core.keyword.internal.KeywordExecutor.executeKeywordForPlatform(KeywordExecutor.groovy:74)
	at com.kms.katalon.core.webui.keyword.WebUiBuiltInKeywords.waitForElementClickable(WebUiBuiltInKeywords.groovy:504)
	at com.kms.katalon.core.webui.keyword.WebUiBuiltInKeywords$waitForElementClickable$4.call(Unknown Source)
	at 4.1.4-Crear_un_Grupo-Curso_Tipo_Evento_Grupal.run(4.1.4-Crear_un_Grupo-Curso_Tipo_Evento_Grupal:57)
	at com.kms.katalon.core.main.ScriptEngine.run(ScriptEngine.java:194)
	at com.kms.katalon.core.main.ScriptEngine.runScriptAsRawText(ScriptEngine.java:119)
	at com.kms.katalon.core.main.TestCaseExecutor.runScript(TestCaseExecutor.java:442)
	at com.kms.katalon.core.main.TestCaseExecutor.doExecute(TestCaseExecutor.java:433)
	at com.kms.katalon.core.main.TestCaseExecutor.processExecutionPhase(TestCaseExecutor.java:412)
	at com.kms.katalon.core.main.TestCaseExecutor.accessMainPhase(TestCaseExecutor.java:404)
	at com.kms.katalon.core.main.TestCaseExecutor.execute(TestCaseExecutor.java:281)
	at com.kms.katalon.core.main.TestSuiteExecutor.accessTestCaseMainPhase(TestSuiteExecutor.java:202)
	at com.kms.katalon.core.main.TestSuiteExecutor.accessTestSuiteMainPhase(TestSuiteExecutor.java:164)
	at com.kms.katalon.core.main.TestSuiteExecutor.execute(TestSuiteExecutor.java:105)
	at com.kms.katalon.core.main.TestCaseMain.startTestSuite(TestCaseMain.java:181)
	at com.kms.katalon.core.main.TestCaseMain$startTestSuite$0.call(Unknown Source)
	at TempTestSuite1640121187489.run(TempTestSuite1640121187489.groovy:36)
Caused by: org.openqa.selenium.NoSuchSessionException: Session ID is null. Using WebDriver after calling quit()?
Build info: version: '3.141.59', revision: 'e82be7d358', time: '2018-11-14T08:25:53'
System info: host: 'US-AF-000371', ip: '192.168.56.1', os.name: 'Windows 10', os.arch: 'amd64', os.version: '10.0', java.version: '1.8.0_282'
Driver info: driver.version: RemoteWebDriver
	at org.openqa.selenium.remote.HttpCommandExecutor.execute(HttpCommandExecutor.java:125)
	at org.openqa.selenium.remote.service.DriverCommandExecutor.execute(DriverCommandExecutor.java:83)
	at org.openqa.selenium.remote.RemoteWebDriver.execute(RemoteWebDriver.java:552)
	at com.kms.katalon.selenium.driver.CChromeDriver.execute(CChromeDriver.java:19)
	at org.openqa.selenium.remote.RemoteWebDriver.findElements(RemoteWebDriver.java:353)
	at org.openqa.selenium.remote.RemoteWebDriver.findElementsByXPath(RemoteWebDriver.java:432)
	at org.openqa.selenium.By$ByXPath.findElements(By.java:348)
	at org.openqa.selenium.remote.RemoteWebDriver.findElements(RemoteWebDriver.java:311)
	at com.kms.katalon.core.webui.common.WebUiCommonHelper.findElementByNormalMethods(WebUiCommonHelper.java:1014)
	at com.kms.katalon.core.webui.common.WebUiCommonHelper.findElementsBySelectedMethod(WebUiCommonHelper.java:909)
	at com.kms.katalon.core.webui.common.WebUiCommonHelper.findElementsBySelectedMethod(WebUiCommonHelper.java:892)
	at com.kms.katalon.core.webui.common.WebUiCommonHelper.findElementsBySelectedMethod(WebUiCommonHelper.java:887)
	at com.kms.katalon.core.webui.common.WebUiCommonHelper.findElementsByDefault(WebUiCommonHelper.java:883)
	at com.kms.katalon.core.webui.common.WebUiCommonHelper.findWebElements(WebUiCommonHelper.java:720)
	at com.kms.katalon.core.webui.common.WebUiCommonHelper.findWebElement(WebUiCommonHelper.java:1363)
	at com.kms.katalon.core.webui.keyword.internal.WebUIAbstractKeyword.findWebElement(WebUIAbstractKeyword.groovy:27)
	at com.kms.katalon.core.webui.keyword.internal.WebUIAbstractKeyword$findWebElement.call(Unknown Source)
	at com.kms.katalon.core.webui.keyword.builtin.WaitForElementClickableKeyword$_waitForElementClickable_closure1.doCall(WaitForElementClickableKeyword.groovy:79)
	at com.kms.katalon.core.webui.keyword.builtin.WaitForElementClickableKeyword$_waitForElementClickable_closure1.doCall(WaitForElementClickableKeyword.groovy)
	at com.kms.katalon.core.webui.keyword.internal.WebUIKeywordMain.runKeyword(WebUIKeywordMain.groovy:20)
	... 20 more
"/>
         <system-out><![CDATA[2021-12-21 16:20:06 - [TEST_CASE][FAILED] - Test Cases/4.1-Pruebas_Capacitación/4.1.4-Crear_un_Grupo-Curso_Tipo_Evento_Grupal: Test Cases/4.1-Pruebas_Capacitación/4.1.4-Crear_un_Grupo-Curso_Tipo_Evento_Grupal FAILED.
Reason:
com.kms.katalon.core.exception.StepFailedException: Unable to wait for object 'Object Repository/Modulo Pruebas Capacitación/Crear_un_Grupo-Curso_Tipo_Evento_Grupal/td_Prueba' to be clickable
	at com.kms.katalon.core.webui.keyword.internal.WebUIKeywordMain.stepFailed(WebUIKeywordMain.groovy:64)
	at com.kms.katalon.core.webui.keyword.internal.WebUIKeywordMain.runKeyword(WebUIKeywordMain.groovy:26)
	at com.kms.katalon.core.webui.keyword.internal.WebUIKeywordMain$runKeyword.call(Unknown Source)
	at com.kms.katalon.core.webui.keyword.builtin.WaitForElementClickableKeyword.waitForElementClickable(WaitForElementClickableKeyword.groovy:107)
	at com.kms.katalon.core.webui.keyword.builtin.WaitForElementClickableKeyword.execute(WaitForElementClickableKeyword.groovy:68)
	at com.kms.katalon.core.keyword.internal.KeywordExecutor.executeKeywordForPlatform(KeywordExecutor.groovy:74)
	at com.kms.katalon.core.webui.keyword.WebUiBuiltInKeywords.waitForElementClickable(WebUiBuiltInKeywords.groovy:504)
	at com.kms.katalon.core.webui.keyword.WebUiBuiltInKeywords$waitForElementClickable$4.call(Unknown Source)
	at 4.1.4-Crear_un_Grupo-Curso_Tipo_Evento_Grupal.run(4.1.4-Crear_un_Grupo-Curso_Tipo_Evento_Grupal:57)
	at com.kms.katalon.core.main.ScriptEngine.run(ScriptEngine.java:194)
	at com.kms.katalon.core.main.ScriptEngine.runScriptAsRawText(ScriptEngine.java:119)
	at com.kms.katalon.core.main.TestCaseExecutor.runScript(TestCaseExecutor.java:442)
	at com.kms.katalon.core.main.TestCaseExecutor.doExecute(TestCaseExecutor.java:433)
	at com.kms.katalon.core.main.TestCaseExecutor.processExecutionPhase(TestCaseExecutor.java:412)
	at com.kms.katalon.core.main.TestCaseExecutor.accessMainPhase(TestCaseExecutor.java:404)
	at com.kms.katalon.core.main.TestCaseExecutor.execute(TestCaseExecutor.java:281)
	at com.kms.katalon.core.main.TestSuiteExecutor.accessTestCaseMainPhase(TestSuiteExecutor.java:202)
	at com.kms.katalon.core.main.TestSuiteExecutor.accessTestSuiteMainPhase(TestSuiteExecutor.java:164)
	at com.kms.katalon.core.main.TestSuiteExecutor.execute(TestSuiteExecutor.java:105)
	at com.kms.katalon.core.main.TestCaseMain.startTestSuite(TestCaseMain.java:181)
	at com.kms.katalon.core.main.TestCaseMain$startTestSuite$0.call(Unknown Source)
	at TempTestSuite1640121187489.run(TempTestSuite1640121187489.groovy:36)
Caused by: org.openqa.selenium.NoSuchSessionException: Session ID is null. Using WebDriver after calling quit()?
Build info: version: '3.141.59', revision: 'e82be7d358', time: '2018-11-14T08:25:53'
System info: host: 'US-AF-000371', ip: '192.168.56.1', os.name: 'Windows 10', os.arch: 'amd64', os.version: '10.0', java.version: '1.8.0_282'
Driver info: driver.version: RemoteWebDriver
	at org.openqa.selenium.remote.HttpCommandExecutor.execute(HttpCommandExecutor.java:125)
	at org.openqa.selenium.remote.service.DriverCommandExecutor.execute(DriverCommandExecutor.java:83)
	at org.openqa.selenium.remote.RemoteWebDriver.execute(RemoteWebDriver.java:552)
	at com.kms.katalon.selenium.driver.CChromeDriver.execute(CChromeDriver.java:19)
	at org.openqa.selenium.remote.RemoteWebDriver.findElements(RemoteWebDriver.java:353)
	at org.openqa.selenium.remote.RemoteWebDriver.findElementsByXPath(RemoteWebDriver.java:432)
	at org.openqa.selenium.By$ByXPath.findElements(By.java:348)
	at org.openqa.selenium.remote.RemoteWebDriver.findElements(RemoteWebDriver.java:311)
	at com.kms.katalon.core.webui.common.WebUiCommonHelper.findElementByNormalMethods(WebUiCommonHelper.java:1014)
	at com.kms.katalon.core.webui.common.WebUiCommonHelper.findElementsBySelectedMethod(WebUiCommonHelper.java:909)
	at com.kms.katalon.core.webui.common.WebUiCommonHelper.findElementsBySelectedMethod(WebUiCommonHelper.java:892)
	at com.kms.katalon.core.webui.common.WebUiCommonHelper.findElementsBySelectedMethod(WebUiCommonHelper.java:887)
	at com.kms.katalon.core.webui.common.WebUiCommonHelper.findElementsByDefault(WebUiCommonHelper.java:883)
	at com.kms.katalon.core.webui.common.WebUiCommonHelper.findWebElements(WebUiCommonHelper.java:720)
	at com.kms.katalon.core.webui.common.WebUiCommonHelper.findWebElement(WebUiCommonHelper.java:1363)
	at com.kms.katalon.core.webui.keyword.internal.WebUIAbstractKeyword.findWebElement(WebUIAbstractKeyword.groovy:27)
	at com.kms.katalon.core.webui.keyword.internal.WebUIAbstractKeyword$findWebElement.call(Unknown Source)
	at com.kms.katalon.core.webui.keyword.builtin.WaitForElementClickableKeyword$_waitForElementClickable_closure1.doCall(WaitForElementClickableKeyword.groovy:79)
	at com.kms.katalon.core.webui.keyword.builtin.WaitForElementClickableKeyword$_waitForElementClickable_closure1.doCall(WaitForElementClickableKeyword.groovy)
	at com.kms.katalon.core.webui.keyword.internal.WebUIKeywordMain.runKeyword(WebUIKeywordMain.groovy:20)
	... 20 more


2021-12-21 16:20:06 - [TEST_STEP][PASSED] - callTestCase(findTestCase("Utilidades-(atajos_para _tareas)/Modulos/Modulo Control Evento Capacitacion"), [:], STOP_ON_FAILURE): Call Test Case 'Test Cases/Utilidades-(atajos_para _tareas)/Modulos/Modulo Control Evento Capacitacion' successfully

2021-12-21 16:20:06 - [TEST_CASE][PASSED] - Test Cases/Utilidades-(atajos_para _tareas)/Modulos/Modulo Control Evento Capacitacion: Test Cases/Utilidades-(atajos_para _tareas)/Modulos/Modulo Control Evento Capacitacion

2021-12-21 16:20:06 - [TEST_STEP][PASSED] - callTestCase(findTestCase("0.1-Login"), [:], STOP_ON_FAILURE): Call Test Case 'Test Cases/0.1-Login' successfully

2021-12-21 16:20:06 - [TEST_CASE][PASSED] - Test Cases/0.1-Login: Test Cases/0.1-Login

2021-12-21 16:20:06 - [TEST_STEP][PASSED] - openBrowser(""): Browser is opened with url: ''

2021-12-21 16:20:06 - [MESSAGE][WARNING] - A browser is already opened. Closing browser and opening a new one

2021-12-21 16:20:07 - [MESSAGE][INFO] - Starting 'Chrome' driver

2021-12-21 16:20:07 - [MESSAGE][INFO] - Action delay is set to 0 milliseconds

2021-12-21 16:20:08 - [MESSAGE][PASSED] - Browser is opened with url: ''

2021-12-21 16:20:08 - [TEST_STEP][PASSED] - maximizeWindow(): Current window maximized

2021-12-21 16:20:08 - [MESSAGE][PASSED] - Current window maximized

2021-12-21 16:20:08 - [TEST_STEP][PASSED] - i = G_Login: null

2021-12-21 16:20:08 - [TEST_STEP][PASSED] - url = new java.net.URL(i): null

2021-12-21 16:20:08 - [TEST_STEP][PASSED] - println("URL: " + url.toString()): null

2021-12-21 16:20:08 - [TEST_STEP][PASSED] - connection = url.openConnection(): null

2021-12-21 16:20:08 - [TEST_STEP][PASSED] - connection.setRequestMethod("GET"): null

2021-12-21 16:20:08 - [TEST_STEP][PASSED] - connection.setReadTimeout(2 * 1000): null

2021-12-21 16:20:08 - [TEST_STEP][PASSED] - try: null

2021-12-21 16:20:08 - [TEST_STEP][PASSED] - connection.connect(): null

2021-12-21 16:20:08 - [TEST_STEP][PASSED] - flag = connected: null

2021-12-21 16:20:08 - [TEST_STEP][PASSED] - println("Valor_ori: " + flag): null

2021-12-21 16:20:08 - [TEST_STEP][PASSED] - if (flag): null

2021-12-21 16:20:08 - [TEST_STEP][PASSED] - navigateToUrl(i): Navigate to 'http://192.168.2.80:8380/saraweb' successfully

2021-12-21 16:20:08 - [MESSAGE][PASSED] - Navigate to 'http://192.168.2.80:8380/saraweb' successfully

2021-12-21 16:20:08 - [TEST_STEP][PASSED] - a(): null

2021-12-21 16:20:08 - [TEST_STEP][PASSED] - setText(findTestObject("Login/input_USUARIO_loginusuario"), G_Usuario): Text 'saraadmin' is set on object 'Object Repository/Login/input_USUARIO_loginusuario'

2021-12-21 16:20:09 - [MESSAGE][PASSED] - Text 'saraadmin' is set on object 'Object Repository/Login/input_USUARIO_loginusuario'

2021-12-21 16:20:09 - [TEST_STEP][PASSED] - setEncryptedText(findTestObject("Login/input_CLAVE_loginpassword"), "MkG4/TYiCFC3cb2driP7+Q=="): Text ****** has been set on object 'Object Repository/Login/input_CLAVE_loginpassword'

2021-12-21 16:20:10 - [MESSAGE][PASSED] - Text ****** has been set on object 'Object Repository/Login/input_CLAVE_loginpassword'

2021-12-21 16:20:10 - [TEST_STEP][PASSED] - waitForElementClickable(findTestObject("Login/a_Ingresar"), G_TimeOut): Object 'Object Repository/Login/a_Ingresar' is clickable

2021-12-21 16:20:10 - [MESSAGE][PASSED] - Object 'Object Repository/Login/a_Ingresar' is clickable

2021-12-21 16:20:10 - [TEST_STEP][PASSED] - click(findTestObject("Login/a_Ingresar")): Object: 'Object Repository/Login/a_Ingresar' is clicked on

2021-12-21 16:20:13 - [MESSAGE][PASSED] - Object: 'Object Repository/Login/a_Ingresar' is clicked on

2021-12-21 16:20:13 - [TEST_STEP][PASSED] - element = findWebElement(findTestObject("Login/a_Ir"), 30): null

2021-12-21 16:20:14 - [TEST_STEP][PASSED] - executeJavaScript("arguments[0].click()", Arrays.asList(element)): Execute JavaScript 'arguments[0].click()' successfully

2021-12-21 16:20:14 - [MESSAGE][PASSED] - Execute JavaScript 'arguments[0].click()' successfully

2021-12-21 16:20:14 - [MESSAGE][PASSED] - Call Test Case 'Test Cases/0.1-Login' successfully

2021-12-21 16:20:14 - [TEST_STEP][PASSED] - setText(findTestObject("Modulo Control Evento Capacitacion/input_ADMINISTRADOR DEL SISTEMA - SARA_form_templatej_idt24_input"), "Control Evento"): Text 'Control Evento' is set on object 'Object Repository/Modulo Control Evento Capacitacion/input_ADMINISTRADOR DEL SISTEMA - SARA_form_templatej_idt24_input'

2021-12-21 16:20:15 - [MESSAGE][PASSED] - Text 'Control Evento' is set on object 'Object Repository/Modulo Control Evento Capacitacion/input_ADMINISTRADOR DEL SISTEMA - SARA_form_templatej_idt24_input'

2021-12-21 16:20:15 - [TEST_STEP][PASSED] - click(findTestObject("Modulo Control Evento Capacitacion/li_Control Evento Capacitacion (cap)")): Object: 'Object Repository/Modulo Control Evento Capacitacion/li_Control Evento Capacitacion (cap)' is clicked on

2021-12-21 16:20:16 - [MESSAGE][PASSED] - Object: 'Object Repository/Modulo Control Evento Capacitacion/li_Control Evento Capacitacion (cap)' is clicked on

2021-12-21 16:20:16 - [MESSAGE][PASSED] - Call Test Case 'Test Cases/Utilidades-(atajos_para _tareas)/Modulos/Modulo Control Evento Capacitacion' successfully

2021-12-21 16:20:16 - [TEST_STEP][PASSED] - if (waitForElementClickable(findTestObject("Modulo Pruebas Capacitación/Crear_un_Grupo-Curso_Tipo_Evento_Grupal/td_Prueba"), 1)): Web element with id: 'Object Repository/Modulo Pruebas Capacitación/Crear_un_Grupo-Curso_Tipo_Evento_Grupal/td_Prueba' located by '//*/text()[normalize-space(.)='Prueba']/parent::*' not found

2021-12-21 16:20:19 - [MESSAGE][INFO] - Unable to find the element located by 'By.xpath: //*/text()[normalize-space(.)='Prueba']/parent::*'. Please recheck the objects properties to make sure the desired element is located. 

2021-12-21 16:20:19 - [MESSAGE][WARNING] - Web element with id: 'Object Repository/Modulo Pruebas Capacitación/Crear_un_Grupo-Curso_Tipo_Evento_Grupal/td_Prueba' located by '//*/text()[normalize-space(.)='Prueba']/parent::*' not found

2021-12-21 16:20:19 - [TEST_STEP][FAILED] - else: Unable to wait for object 'Object Repository/Modulo Pruebas Capacitación/Crear_un_Grupo-Curso_Tipo_Evento_Grupal/td_Prueba' to be clickable (Root cause: com.kms.katalon.core.exception.StepFailedException: Unable to wait for object 'Object Repository/Modulo Pruebas Capacitación/Crear_un_Grupo-Curso_Tipo_Evento_Grupal/td_Prueba' to be clickable
	at com.kms.katalon.core.webui.keyword.internal.WebUIKeywordMain.stepFailed(WebUIKeywordMain.groovy:64)
	at com.kms.katalon.core.webui.keyword.internal.WebUIKeywordMain.runKeyword(WebUIKeywordMain.groovy:26)
	at com.kms.katalon.core.webui.keyword.internal.WebUIKeywordMain$runKeyword.call(Unknown Source)
	at com.kms.katalon.core.webui.keyword.builtin.WaitForElementClickableKeyword.waitForElementClickable(WaitForElementClickableKeyword.groovy:107)
	at com.kms.katalon.core.webui.keyword.builtin.WaitForElementClickableKeyword.execute(WaitForElementClickableKeyword.groovy:68)
	at com.kms.katalon.core.keyword.internal.KeywordExecutor.executeKeywordForPlatform(KeywordExecutor.groovy:74)
	at com.kms.katalon.core.webui.keyword.WebUiBuiltInKeywords.waitForElementClickable(WebUiBuiltInKeywords.groovy:504)
	at com.kms.katalon.core.webui.keyword.WebUiBuiltInKeywords$waitForElementClickable$4.call(Unknown Source)
	at 4.1.4-Crear_un_Grupo-Curso_Tipo_Evento_Grupal.run(4.1.4-Crear_un_Grupo-Curso_Tipo_Evento_Grupal:57)
	at com.kms.katalon.core.main.ScriptEngine.run(ScriptEngine.java:194)
	at com.kms.katalon.core.main.ScriptEngine.runScriptAsRawText(ScriptEngine.java:119)
	at com.kms.katalon.core.main.TestCaseExecutor.runScript(TestCaseExecutor.java:442)
	at com.kms.katalon.core.main.TestCaseExecutor.doExecute(TestCaseExecutor.java:433)
	at com.kms.katalon.core.main.TestCaseExecutor.processExecutionPhase(TestCaseExecutor.java:412)
	at com.kms.katalon.core.main.TestCaseExecutor.accessMainPhase(TestCaseExecutor.java:404)
	at com.kms.katalon.core.main.TestCaseExecutor.execute(TestCaseExecutor.java:281)
	at com.kms.katalon.core.main.TestSuiteExecutor.accessTestCaseMainPhase(TestSuiteExecutor.java:202)
	at com.kms.katalon.core.main.TestSuiteExecutor.accessTestSuiteMainPhase(TestSuiteExecutor.java:164)
	at com.kms.katalon.core.main.TestSuiteExecutor.execute(TestSuiteExecutor.java:105)
	at com.kms.katalon.core.main.TestCaseMain.startTestSuite(TestCaseMain.java:181)
	at com.kms.katalon.core.main.TestCaseMain$startTestSuite$0.call(Unknown Source)
	at TempTestSuite1640121187489.run(TempTestSuite1640121187489.groovy:36)
Caused by: org.openqa.selenium.NoSuchSessionException: Session ID is null. Using WebDriver after calling quit()?
Build info: version: '3.141.59', revision: 'e82be7d358', time: '2018-11-14T08:25:53'
System info: host: 'US-AF-000371', ip: '192.168.56.1', os.name: 'Windows 10', os.arch: 'amd64', os.version: '10.0', java.version: '1.8.0_282'
Driver info: driver.version: RemoteWebDriver
	at org.openqa.selenium.remote.HttpCommandExecutor.execute(HttpCommandExecutor.java:125)
	at org.openqa.selenium.remote.service.DriverCommandExecutor.execute(DriverCommandExecutor.java:83)
	at org.openqa.selenium.remote.RemoteWebDriver.execute(RemoteWebDriver.java:552)
	at com.kms.katalon.selenium.driver.CChromeDriver.execute(CChromeDriver.java:19)
	at org.openqa.selenium.remote.RemoteWebDriver.findElements(RemoteWebDriver.java:353)
	at org.openqa.selenium.remote.RemoteWebDriver.findElementsByXPath(RemoteWebDriver.java:432)
	at org.openqa.selenium.By$ByXPath.findElements(By.java:348)
	at org.openqa.selenium.remote.RemoteWebDriver.findElements(RemoteWebDriver.java:311)
	at com.kms.katalon.core.webui.common.WebUiCommonHelper.findElementByNormalMethods(WebUiCommonHelper.java:1014)
	at com.kms.katalon.core.webui.common.WebUiCommonHelper.findElementsBySelectedMethod(WebUiCommonHelper.java:909)
	at com.kms.katalon.core.webui.common.WebUiCommonHelper.findElementsBySelectedMethod(WebUiCommonHelper.java:892)
	at com.kms.katalon.core.webui.common.WebUiCommonHelper.findElementsBySelectedMethod(WebUiCommonHelper.java:887)
	at com.kms.katalon.core.webui.common.WebUiCommonHelper.findElementsByDefault(WebUiCommonHelper.java:883)
	at com.kms.katalon.core.webui.common.WebUiCommonHelper.findWebElements(WebUiCommonHelper.java:720)
	at com.kms.katalon.core.webui.common.WebUiCommonHelper.findWebElement(WebUiCommonHelper.java:1363)
	at com.kms.katalon.core.webui.keyword.internal.WebUIAbstractKeyword.findWebElement(WebUIAbstractKeyword.groovy:27)
	at com.kms.katalon.core.webui.keyword.internal.WebUIAbstractKeyword$findWebElement.call(Unknown Source)
	at com.kms.katalon.core.webui.keyword.builtin.WaitForElementClickableKeyword$_waitForElementClickable_closure1.doCall(WaitForElementClickableKeyword.groovy:79)
	at com.kms.katalon.core.webui.keyword.builtin.WaitForElementClickableKeyword$_waitForElementClickable_closure1.doCall(WaitForElementClickableKeyword.groovy)
	at com.kms.katalon.core.webui.keyword.internal.WebUIKeywordMain.runKeyword(WebUIKeywordMain.groovy:20)
	at com.kms.katalon.core.webui.keyword.internal.WebUIKeywordMain$runKeyword.call(Unknown Source)
	at com.kms.katalon.core.webui.keyword.builtin.WaitForElementClickableKeyword.waitForElementClickable(WaitForElementClickableKeyword.groovy:107)
	at com.kms.katalon.core.webui.keyword.builtin.WaitForElementClickableKeyword.execute(WaitForElementClickableKeyword.groovy:68)
	at com.kms.katalon.core.keyword.internal.KeywordExecutor.executeKeywordForPlatform(KeywordExecutor.groovy:74)
	at com.kms.katalon.core.webui.keyword.WebUiBuiltInKeywords.waitForElementClickable(WebUiBuiltInKeywords.groovy:504)
	at com.kms.katalon.core.webui.keyword.WebUiBuiltInKeywords$waitForElementClickable$4.call(Unknown Source)
	at Script1637248992975.run(Script1637248992975.groovy:57)
	... 13 more
)

2021-12-21 16:20:19 - [TEST_STEP][PASSED] - callTestCase(findTestCase("4.1-Pruebas_Capacitación/4.1.1-Nuevo_Curso"), [:], STOP_ON_FAILURE): Call Test Case 'Test Cases/4.1-Pruebas_Capacitación/4.1.1-Nuevo_Curso' successfully

2021-12-21 16:20:19 - [TEST_CASE][PASSED] - Test Cases/4.1-Pruebas_Capacitación/4.1.1-Nuevo_Curso: Test Cases/4.1-Pruebas_Capacitación/4.1.1-Nuevo_Curso

2021-12-21 16:20:19 - [TEST_STEP][PASSED] - callTestCase(findTestCase("0.1-Login"), [:], STOP_ON_FAILURE): Call Test Case 'Test Cases/0.1-Login' successfully

2021-12-21 16:20:19 - [TEST_CASE][PASSED] - Test Cases/0.1-Login: Test Cases/0.1-Login

2021-12-21 16:20:19 - [TEST_STEP][PASSED] - openBrowser(""): Browser is opened with url: ''

2021-12-21 16:20:19 - [MESSAGE][WARNING] - A browser is already opened. Closing browser and opening a new one

2021-12-21 16:20:19 - [MESSAGE][INFO] - Starting 'Chrome' driver

2021-12-21 16:20:19 - [MESSAGE][INFO] - Action delay is set to 0 milliseconds

2021-12-21 16:20:21 - [MESSAGE][PASSED] - Browser is opened with url: ''

2021-12-21 16:20:21 - [TEST_STEP][PASSED] - maximizeWindow(): Current window maximized

2021-12-21 16:20:21 - [MESSAGE][PASSED] - Current window maximized

2021-12-21 16:20:21 - [TEST_STEP][PASSED] - i = G_Login: null

2021-12-21 16:20:21 - [TEST_STEP][PASSED] - url = new java.net.URL(i): null

2021-12-21 16:20:21 - [TEST_STEP][PASSED] - println("URL: " + url.toString()): null

2021-12-21 16:20:21 - [TEST_STEP][PASSED] - connection = url.openConnection(): null

2021-12-21 16:20:21 - [TEST_STEP][PASSED] - connection.setRequestMethod("GET"): null

2021-12-21 16:20:21 - [TEST_STEP][PASSED] - connection.setReadTimeout(2 * 1000): null

2021-12-21 16:20:21 - [TEST_STEP][PASSED] - try: null

2021-12-21 16:20:21 - [TEST_STEP][PASSED] - connection.connect(): null

2021-12-21 16:20:21 - [TEST_STEP][PASSED] - flag = connected: null

2021-12-21 16:20:21 - [TEST_STEP][PASSED] - println("Valor_ori: " + flag): null

2021-12-21 16:20:21 - [TEST_STEP][PASSED] - if (flag): null

2021-12-21 16:20:21 - [TEST_STEP][PASSED] - navigateToUrl(i): Navigate to 'http://192.168.2.80:8380/saraweb' successfully

2021-12-21 16:20:21 - [MESSAGE][PASSED] - Navigate to 'http://192.168.2.80:8380/saraweb' successfully

2021-12-21 16:20:21 - [TEST_STEP][PASSED] - a(): null

2021-12-21 16:20:21 - [TEST_STEP][PASSED] - setText(findTestObject("Login/input_USUARIO_loginusuario"), G_Usuario): Text 'saraadmin' is set on object 'Object Repository/Login/input_USUARIO_loginusuario'

2021-12-21 16:20:22 - [MESSAGE][PASSED] - Text 'saraadmin' is set on object 'Object Repository/Login/input_USUARIO_loginusuario'

2021-12-21 16:20:22 - [TEST_STEP][PASSED] - setEncryptedText(findTestObject("Login/input_CLAVE_loginpassword"), "MkG4/TYiCFC3cb2driP7+Q=="): Text ****** has been set on object 'Object Repository/Login/input_CLAVE_loginpassword'

2021-12-21 16:20:22 - [MESSAGE][PASSED] - Text ****** has been set on object 'Object Repository/Login/input_CLAVE_loginpassword'

2021-12-21 16:20:22 - [TEST_STEP][PASSED] - waitForElementClickable(findTestObject("Login/a_Ingresar"), G_TimeOut): Object 'Object Repository/Login/a_Ingresar' is clickable

2021-12-21 16:20:23 - [MESSAGE][PASSED] - Object 'Object Repository/Login/a_Ingresar' is clickable

2021-12-21 16:20:23 - [TEST_STEP][PASSED] - click(findTestObject("Login/a_Ingresar")): Object: 'Object Repository/Login/a_Ingresar' is clicked on

2021-12-21 16:20:24 - [MESSAGE][PASSED] - Object: 'Object Repository/Login/a_Ingresar' is clicked on

2021-12-21 16:20:24 - [TEST_STEP][PASSED] - element = findWebElement(findTestObject("Login/a_Ir"), 30): null

2021-12-21 16:20:24 - [TEST_STEP][PASSED] - executeJavaScript("arguments[0].click()", Arrays.asList(element)): Execute JavaScript 'arguments[0].click()' successfully

2021-12-21 16:20:24 - [MESSAGE][PASSED] - Execute JavaScript 'arguments[0].click()' successfully

2021-12-21 16:20:24 - [MESSAGE][PASSED] - Call Test Case 'Test Cases/0.1-Login' successfully

2021-12-21 16:20:24 - [TEST_STEP][PASSED] - setText(findTestObject("Modulo Pruebas Capacitación/Nuevo_Curso/input_ADMINISTRADOR DEL SISTEMA - SARA_form_templatej_idt24_input"), "Cursos (cap)"): Text 'Cursos (cap)' is set on object 'Object Repository/Modulo Pruebas Capacitación/Nuevo_Curso/input_ADMINISTRADOR DEL SISTEMA - SARA_form_templatej_idt24_input'

2021-12-21 16:20:26 - [MESSAGE][PASSED] - Text 'Cursos (cap)' is set on object 'Object Repository/Modulo Pruebas Capacitación/Nuevo_Curso/input_ADMINISTRADOR DEL SISTEMA - SARA_form_templatej_idt24_input'

2021-12-21 16:20:26 - [TEST_STEP][PASSED] - waitForElementClickable(findTestObject("Modulo Pruebas Capacitación/Nuevo_Curso/li_Cursos (cap)"), 0): Object 'Object Repository/Modulo Pruebas Capacitación/Nuevo_Curso/li_Cursos (cap)' is clickable

2021-12-21 16:20:26 - [MESSAGE][WARNING] - Timeout '0' is invalid. Using default page load timeout: '30'

2021-12-21 16:20:27 - [MESSAGE][PASSED] - Object 'Object Repository/Modulo Pruebas Capacitación/Nuevo_Curso/li_Cursos (cap)' is clickable

2021-12-21 16:20:27 - [TEST_STEP][PASSED] - click(findTestObject("Modulo Pruebas Capacitación/Nuevo_Curso/li_Cursos (cap)"), STOP_ON_FAILURE): Object: 'Object Repository/Modulo Pruebas Capacitación/Nuevo_Curso/li_Cursos (cap)' is clicked on

2021-12-21 16:20:27 - [MESSAGE][PASSED] - Object: 'Object Repository/Modulo Pruebas Capacitación/Nuevo_Curso/li_Cursos (cap)' is clicked on

2021-12-21 16:20:27 - [TEST_STEP][PASSED] - if (waitForElementPresent(findTestObject("Modulo Pruebas Capacitación/Nuevo_Curso/td_Prueba"), 1)): null

2021-12-21 16:20:28 - [MESSAGE][PASSED] - Object 'Object Repository/Modulo Pruebas Capacitación/Nuevo_Curso/td_Prueba' is present

2021-12-21 16:20:28 - [TEST_STEP][PASSED] - click(findTestObject("Modulo Pruebas Capacitación/Nuevo_Curso/td_Prueba")): Object: 'Object Repository/Modulo Pruebas Capacitación/Nuevo_Curso/td_Prueba' is clicked on

2021-12-21 16:20:28 - [MESSAGE][PASSED] - Object: 'Object Repository/Modulo Pruebas Capacitación/Nuevo_Curso/td_Prueba' is clicked on

2021-12-21 16:20:28 - [TEST_STEP][PASSED] - click(findTestObject("Modulo Pruebas Capacitación/Nuevo_Curso/a_Tema")): Object: 'Object Repository/Modulo Pruebas Capacitación/Nuevo_Curso/a_Tema' is clicked on

2021-12-21 16:20:29 - [MESSAGE][PASSED] - Object: 'Object Repository/Modulo Pruebas Capacitación/Nuevo_Curso/a_Tema' is clicked on

2021-12-21 16:20:29 - [TEST_STEP][PASSED] - if (waitForElementPresent(findTestObject("Modulo Pruebas Capacitación/Nuevo_Curso/span_Tema"), 1)): null

2021-12-21 16:20:30 - [MESSAGE][PASSED] - Object 'Object Repository/Modulo Pruebas Capacitación/Nuevo_Curso/span_Tema' is present

2021-12-21 16:20:30 - [TEST_STEP][PASSED] - click(findTestObject("Modulo Pruebas Capacitación/Nuevo_Curso/a_Tema_form_cursopestaniaslistaTemas0j_idt608")): Object: 'Object Repository/Modulo Pruebas Capacitación/Nuevo_Curso/a_Tema_form_cursopestaniaslistaTemas0j_idt608' is clicked on

2021-12-21 16:20:30 - [MESSAGE][PASSED] - Object: 'Object Repository/Modulo Pruebas Capacitación/Nuevo_Curso/a_Tema_form_cursopestaniaslistaTemas0j_idt608' is clicked on

2021-12-21 16:20:30 - [TEST_STEP][PASSED] - click(findTestObject("Modulo Pruebas Capacitación/Nuevo_Curso/a_Datos Bsicos")): Object: 'Object Repository/Modulo Pruebas Capacitación/Nuevo_Curso/a_Datos Bsicos' is clicked on

2021-12-21 16:20:31 - [MESSAGE][PASSED] - Object: 'Object Repository/Modulo Pruebas Capacitación/Nuevo_Curso/a_Datos Bsicos' is clicked on

2021-12-21 16:20:31 - [TEST_STEP][PASSED] - click(findTestObject("Modulo Pruebas Capacitación/Nuevo_Curso/a_Eliminar")): Object: 'Object Repository/Modulo Pruebas Capacitación/Nuevo_Curso/a_Eliminar' is clicked on

2021-12-21 16:20:31 - [MESSAGE][PASSED] - Object: 'Object Repository/Modulo Pruebas Capacitación/Nuevo_Curso/a_Eliminar' is clicked on

2021-12-21 16:20:31 - [TEST_STEP][PASSED] - click(findTestObject("Modulo Pruebas Capacitación/Nuevo_Curso/a_Aceptar")): Object: 'Object Repository/Modulo Pruebas Capacitación/Nuevo_Curso/a_Aceptar' is clicked on

2021-12-21 16:20:33 - [MESSAGE][PASSED] - Object: 'Object Repository/Modulo Pruebas Capacitación/Nuevo_Curso/a_Aceptar' is clicked on

2021-12-21 16:20:33 - [TEST_STEP][PASSED] - click(findTestObject("Modulo Pruebas Capacitación/Nuevo_Curso/a_Nuevo"), STOP_ON_FAILURE): Object: 'Object Repository/Modulo Pruebas Capacitación/Nuevo_Curso/a_Nuevo' is clicked on

2021-12-21 16:20:34 - [MESSAGE][PASSED] - Object: 'Object Repository/Modulo Pruebas Capacitación/Nuevo_Curso/a_Nuevo' is clicked on

2021-12-21 16:20:34 - [TEST_STEP][PASSED] - setText(findTestObject("Modulo Pruebas Capacitación/Nuevo_Curso/textarea_Curso_form_cursopestaniasdescripcion"), "Prueba"): Text 'Prueba' is set on object 'Object Repository/Modulo Pruebas Capacitación/Nuevo_Curso/textarea_Curso_form_cursopestaniasdescripcion'

2021-12-21 16:20:36 - [MESSAGE][PASSED] - Text 'Prueba' is set on object 'Object Repository/Modulo Pruebas Capacitación/Nuevo_Curso/textarea_Curso_form_cursopestaniasdescripcion'

2021-12-21 16:20:36 - [TEST_STEP][PASSED] - setText(findTestObject("Modulo Pruebas Capacitación/Nuevo_Curso/input_Intensidad Horaria_form_cursopestaniasintensidad"), "12"): Text '12' is set on object 'Object Repository/Modulo Pruebas Capacitación/Nuevo_Curso/input_Intensidad Horaria_form_cursopestaniasintensidad'

2021-12-21 16:20:37 - [MESSAGE][PASSED] - Text '12' is set on object 'Object Repository/Modulo Pruebas Capacitación/Nuevo_Curso/input_Intensidad Horaria_form_cursopestaniasintensidad'

2021-12-21 16:20:37 - [TEST_STEP][PASSED] - check(findTestObject("Modulo Pruebas Capacitación/Nuevo_Curso/label_Ambas"), STOP_ON_FAILURE): Object 'Object Repository/Modulo Pruebas Capacitación/Nuevo_Curso/label_Ambas' is checked

2021-12-21 16:20:37 - [MESSAGE][PASSED] - Object 'Object Repository/Modulo Pruebas Capacitación/Nuevo_Curso/label_Ambas' is checked

2021-12-21 16:20:37 - [TEST_STEP][PASSED] - setText(findTestObject("Modulo Pruebas Capacitación/Nuevo_Curso/input_Puntaje Minimo_form_cursopestaniaspuntajeminimo"), "10"): Text '10' is set on object 'Object Repository/Modulo Pruebas Capacitación/Nuevo_Curso/input_Puntaje Minimo_form_cursopestaniaspuntajeminimo'

2021-12-21 16:20:38 - [MESSAGE][PASSED] - Text '10' is set on object 'Object Repository/Modulo Pruebas Capacitación/Nuevo_Curso/input_Puntaje Minimo_form_cursopestaniaspuntajeminimo'

2021-12-21 16:20:38 - [TEST_STEP][PASSED] - setText(findTestObject("Modulo Pruebas Capacitación/Nuevo_Curso/input_Puntaje Aprobacin_form_cursopestaniaspuntajeaproba"), "31"): Text '31' is set on object 'Object Repository/Modulo Pruebas Capacitación/Nuevo_Curso/input_Puntaje Aprobacin_form_cursopestaniaspuntajeaproba'

2021-12-21 16:20:39 - [MESSAGE][PASSED] - Text '31' is set on object 'Object Repository/Modulo Pruebas Capacitación/Nuevo_Curso/input_Puntaje Aprobacin_form_cursopestaniaspuntajeaproba'

2021-12-21 16:20:39 - [TEST_STEP][PASSED] - setText(findTestObject("Modulo Pruebas Capacitación/Nuevo_Curso/textarea_Prerrequisito_form_cursopestaniasprerequisito"), "null"): Text 'null' is set on object 'Object Repository/Modulo Pruebas Capacitación/Nuevo_Curso/textarea_Prerrequisito_form_cursopestaniasprerequisito'

2021-12-21 16:20:40 - [MESSAGE][PASSED] - Text 'null' is set on object 'Object Repository/Modulo Pruebas Capacitación/Nuevo_Curso/textarea_Prerrequisito_form_cursopestaniasprerequisito'

2021-12-21 16:20:40 - [TEST_STEP][PASSED] - setText(findTestObject("Modulo Pruebas Capacitación/Nuevo_Curso/textarea_Metodologa_form_cursopestaniasmetodologia"), "virtual"): Text 'virtual' is set on object 'Object Repository/Modulo Pruebas Capacitación/Nuevo_Curso/textarea_Metodologa_form_cursopestaniasmetodologia'

2021-12-21 16:20:40 - [MESSAGE][PASSED] - Text 'virtual' is set on object 'Object Repository/Modulo Pruebas Capacitación/Nuevo_Curso/textarea_Metodologa_form_cursopestaniasmetodologia'

2021-12-21 16:20:40 - [TEST_STEP][PASSED] - selectOptionByIndex(findTestObject("Modulo Pruebas Capacitación/Nuevo_Curso/select_-- Seleccione --CARTAS DE RETIROCERT"), "1"): All options with index in [1] are selected on object 'Object Repository/Modulo Pruebas Capacitación/Nuevo_Curso/select_-- Seleccione --CARTAS DE RETIROCERT'

2021-12-21 16:20:42 - [MESSAGE][PASSED] - All options with index in [1] are selected on object 'Object Repository/Modulo Pruebas Capacitación/Nuevo_Curso/select_-- Seleccione --CARTAS DE RETIROCERT'

2021-12-21 16:20:42 - [TEST_STEP][PASSED] - selectOptionByIndex(findTestObject("Modulo Pruebas Capacitación/Nuevo_Curso/select_SeleccioneNINGUNOIcetexInstituto Caro y Cuervo.PositivaSena"), 5): All options with index in [5] are selected on object 'Object Repository/Modulo Pruebas Capacitación/Nuevo_Curso/select_SeleccioneNINGUNOIcetexInstituto Caro y Cuervo.PositivaSena'

2021-12-21 16:20:43 - [MESSAGE][PASSED] - All options with index in [5] are selected on object 'Object Repository/Modulo Pruebas Capacitación/Nuevo_Curso/select_SeleccioneNINGUNOIcetexInstituto Caro y Cuervo.PositivaSena'

2021-12-21 16:20:43 - [TEST_STEP][PASSED] - selectOptionByIndex(findTestObject("Modulo Pruebas Capacitación/Nuevo_Curso/select_ActivoCancelado"), 1): All options with index in [1] are selected on object 'Object Repository/Modulo Pruebas Capacitación/Nuevo_Curso/select_ActivoCancelado'

2021-12-21 16:20:44 - [MESSAGE][PASSED] - All options with index in [1] are selected on object 'Object Repository/Modulo Pruebas Capacitación/Nuevo_Curso/select_ActivoCancelado'

2021-12-21 16:20:44 - [TEST_STEP][PASSED] - setText(findTestObject("Modulo Pruebas Capacitación/Nuevo_Curso/input_Asistencia Mnima Horas_form_cursopestaniasasistenciamin"), "8"): Text '8' is set on object 'Object Repository/Modulo Pruebas Capacitación/Nuevo_Curso/input_Asistencia Mnima Horas_form_cursopestaniasasistenciamin'

2021-12-21 16:20:45 - [MESSAGE][PASSED] - Text '8' is set on object 'Object Repository/Modulo Pruebas Capacitación/Nuevo_Curso/input_Asistencia Mnima Horas_form_cursopestaniasasistenciamin'

2021-12-21 16:20:45 - [TEST_STEP][PASSED] - setText(findTestObject("Modulo Pruebas Capacitación/Nuevo_Curso/input_Puntaje Mximo_form_cursopestaniaspuntajemaximo"), "50"): Text '50' is set on object 'Object Repository/Modulo Pruebas Capacitación/Nuevo_Curso/input_Puntaje Mximo_form_cursopestaniaspuntajemaximo'

2021-12-21 16:20:45 - [MESSAGE][PASSED] - Text '50' is set on object 'Object Repository/Modulo Pruebas Capacitación/Nuevo_Curso/input_Puntaje Mximo_form_cursopestaniaspuntajemaximo'

2021-12-21 16:20:45 - [TEST_STEP][PASSED] - setText(findTestObject("Modulo Pruebas Capacitación/Nuevo_Curso/textarea_Poblacin Objeto_form_cursopestaniascobertura"), "null"): Text 'null' is set on object 'Object Repository/Modulo Pruebas Capacitación/Nuevo_Curso/textarea_Poblacin Objeto_form_cursopestaniascobertura'

2021-12-21 16:20:46 - [MESSAGE][PASSED] - Text 'null' is set on object 'Object Repository/Modulo Pruebas Capacitación/Nuevo_Curso/textarea_Poblacin Objeto_form_cursopestaniascobertura'

2021-12-21 16:20:46 - [TEST_STEP][PASSED] - setText(findTestObject("Modulo Pruebas Capacitación/Nuevo_Curso/textarea_Objetivo_form_cursopestaniasimpacto"), "null"): Text 'null' is set on object 'Object Repository/Modulo Pruebas Capacitación/Nuevo_Curso/textarea_Objetivo_form_cursopestaniasimpacto'

2021-12-21 16:20:47 - [MESSAGE][PASSED] - Text 'null' is set on object 'Object Repository/Modulo Pruebas Capacitación/Nuevo_Curso/textarea_Objetivo_form_cursopestaniasimpacto'

2021-12-21 16:20:47 - [TEST_STEP][PASSED] - setText(findTestObject("Modulo Pruebas Capacitación/Nuevo_Curso/textarea_Contenido_form_cursopestaniascontenido"), "null"): Text 'null' is set on object 'Object Repository/Modulo Pruebas Capacitación/Nuevo_Curso/textarea_Contenido_form_cursopestaniascontenido'

2021-12-21 16:20:48 - [MESSAGE][PASSED] - Text 'null' is set on object 'Object Repository/Modulo Pruebas Capacitación/Nuevo_Curso/textarea_Contenido_form_cursopestaniascontenido'

2021-12-21 16:20:48 - [TEST_STEP][PASSED] - click(findTestObject("Modulo Pruebas Capacitación/Nuevo_Curso/a_Guardar")): Object: 'Object Repository/Modulo Pruebas Capacitación/Nuevo_Curso/a_Guardar' is clicked on

2021-12-21 16:20:48 - [MESSAGE][PASSED] - Object: 'Object Repository/Modulo Pruebas Capacitación/Nuevo_Curso/a_Guardar' is clicked on

2021-12-21 16:20:48 - [TEST_STEP][PASSED] - click(findTestObject("Modulo Pruebas Capacitación/Nuevo_Curso/a_Tema")): Object: 'Object Repository/Modulo Pruebas Capacitación/Nuevo_Curso/a_Tema' is clicked on

2021-12-21 16:20:49 - [MESSAGE][PASSED] - Object: 'Object Repository/Modulo Pruebas Capacitación/Nuevo_Curso/a_Tema' is clicked on

2021-12-21 16:20:49 - [TEST_STEP][PASSED] - selectOptionByIndex(findTestObject("Modulo Pruebas Capacitación/Nuevo_Curso/select_-- SELECCIONAR --GERENCIA DE PROYECTOSPLANMEACINPRUEBA DE MODULOSEGURIDAD EN EL SISTEMA DE INFORMACINTema"), 5): All options with index in [5] are selected on object 'Object Repository/Modulo Pruebas Capacitación/Nuevo_Curso/select_-- SELECCIONAR --GERENCIA DE PROYECTOSPLANMEACINPRUEBA DE MODULOSEGURIDAD EN EL SISTEMA DE INFORMACINTema'

2021-12-21 16:20:50 - [MESSAGE][PASSED] - All options with index in [5] are selected on object 'Object Repository/Modulo Pruebas Capacitación/Nuevo_Curso/select_-- SELECCIONAR --GERENCIA DE PROYECTOSPLANMEACINPRUEBA DE MODULOSEGURIDAD EN EL SISTEMA DE INFORMACINTema'

2021-12-21 16:20:50 - [TEST_STEP][PASSED] - setText(findTestObject("Modulo Pruebas Capacitación/Nuevo_Curso/input_Orden_form_cursopestaniaslistaTemasorden"), "1"): Text '1' is set on object 'Object Repository/Modulo Pruebas Capacitación/Nuevo_Curso/input_Orden_form_cursopestaniaslistaTemasorden'

2021-12-21 16:20:51 - [MESSAGE][PASSED] - Text '1' is set on object 'Object Repository/Modulo Pruebas Capacitación/Nuevo_Curso/input_Orden_form_cursopestaniaslistaTemasorden'

2021-12-21 16:20:51 - [TEST_STEP][PASSED] - click(findTestObject("Modulo Pruebas Capacitación/Nuevo_Curso/a_Orden_form_cursopestaniaslistaTemasj_idt609")): Object: 'Object Repository/Modulo Pruebas Capacitación/Nuevo_Curso/a_Orden_form_cursopestaniaslistaTemasj_idt609' is clicked on

2021-12-21 16:20:51 - [MESSAGE][PASSED] - Object: 'Object Repository/Modulo Pruebas Capacitación/Nuevo_Curso/a_Orden_form_cursopestaniaslistaTemasj_idt609' is clicked on

2021-12-21 16:20:51 - [TEST_STEP][PASSED] - click(findTestObject("Modulo Pruebas Capacitación/Nuevo_Curso/a_Regresar")): Object: 'Object Repository/Modulo Pruebas Capacitación/Nuevo_Curso/a_Regresar' is clicked on

2021-12-21 16:20:53 - [MESSAGE][PASSED] - Object: 'Object Repository/Modulo Pruebas Capacitación/Nuevo_Curso/a_Regresar' is clicked on

2021-12-21 16:20:53 - [TEST_STEP][PASSED] - closeBrowser(): Browser is closed

2021-12-21 16:20:54 - [MESSAGE][PASSED] - Browser is closed

2021-12-21 16:20:54 - [MESSAGE][PASSED] - Call Test Case 'Test Cases/4.1-Pruebas_Capacitación/4.1.1-Nuevo_Curso' successfully

2021-12-21 16:20:54 - [TEST_STEP][FAILED] - if (waitForElementClickable(findTestObject("Modulo Pruebas Capacitación/Crear_un_Grupo-Curso_Tipo_Evento_Grupal/td_Prueba"), 1)): Unable to wait for object 'Object Repository/Modulo Pruebas Capacitación/Crear_un_Grupo-Curso_Tipo_Evento_Grupal/td_Prueba' to be clickable (Root cause: com.kms.katalon.core.exception.StepFailedException: Unable to wait for object 'Object Repository/Modulo Pruebas Capacitación/Crear_un_Grupo-Curso_Tipo_Evento_Grupal/td_Prueba' to be clickable
	at com.kms.katalon.core.webui.keyword.internal.WebUIKeywordMain.stepFailed(WebUIKeywordMain.groovy:64)
	at com.kms.katalon.core.webui.keyword.internal.WebUIKeywordMain.runKeyword(WebUIKeywordMain.groovy:26)
	at com.kms.katalon.core.webui.keyword.internal.WebUIKeywordMain$runKeyword.call(Unknown Source)
	at com.kms.katalon.core.webui.keyword.builtin.WaitForElementClickableKeyword.waitForElementClickable(WaitForElementClickableKeyword.groovy:107)
	at com.kms.katalon.core.webui.keyword.builtin.WaitForElementClickableKeyword.execute(WaitForElementClickableKeyword.groovy:68)
	at com.kms.katalon.core.keyword.internal.KeywordExecutor.executeKeywordForPlatform(KeywordExecutor.groovy:74)
	at com.kms.katalon.core.webui.keyword.WebUiBuiltInKeywords.waitForElementClickable(WebUiBuiltInKeywords.groovy:504)
	at com.kms.katalon.core.webui.keyword.WebUiBuiltInKeywords$waitForElementClickable$4.call(Unknown Source)
	at 4.1.4-Crear_un_Grupo-Curso_Tipo_Evento_Grupal.run(4.1.4-Crear_un_Grupo-Curso_Tipo_Evento_Grupal:57)
	at com.kms.katalon.core.main.ScriptEngine.run(ScriptEngine.java:194)
	at com.kms.katalon.core.main.ScriptEngine.runScriptAsRawText(ScriptEngine.java:119)
	at com.kms.katalon.core.main.TestCaseExecutor.runScript(TestCaseExecutor.java:442)
	at com.kms.katalon.core.main.TestCaseExecutor.doExecute(TestCaseExecutor.java:433)
	at com.kms.katalon.core.main.TestCaseExecutor.processExecutionPhase(TestCaseExecutor.java:412)
	at com.kms.katalon.core.main.TestCaseExecutor.accessMainPhase(TestCaseExecutor.java:404)
	at com.kms.katalon.core.main.TestCaseExecutor.execute(TestCaseExecutor.java:281)
	at com.kms.katalon.core.main.TestSuiteExecutor.accessTestCaseMainPhase(TestSuiteExecutor.java:202)
	at com.kms.katalon.core.main.TestSuiteExecutor.accessTestSuiteMainPhase(TestSuiteExecutor.java:164)
	at com.kms.katalon.core.main.TestSuiteExecutor.execute(TestSuiteExecutor.java:105)
	at com.kms.katalon.core.main.TestCaseMain.startTestSuite(TestCaseMain.java:181)
	at com.kms.katalon.core.main.TestCaseMain$startTestSuite$0.call(Unknown Source)
	at TempTestSuite1640121187489.run(TempTestSuite1640121187489.groovy:36)
Caused by: org.openqa.selenium.NoSuchSessionException: Session ID is null. Using WebDriver after calling quit()?
Build info: version: '3.141.59', revision: 'e82be7d358', time: '2018-11-14T08:25:53'
System info: host: 'US-AF-000371', ip: '192.168.56.1', os.name: 'Windows 10', os.arch: 'amd64', os.version: '10.0', java.version: '1.8.0_282'
Driver info: driver.version: RemoteWebDriver
	at org.openqa.selenium.remote.HttpCommandExecutor.execute(HttpCommandExecutor.java:125)
	at org.openqa.selenium.remote.service.DriverCommandExecutor.execute(DriverCommandExecutor.java:83)
	at org.openqa.selenium.remote.RemoteWebDriver.execute(RemoteWebDriver.java:552)
	at com.kms.katalon.selenium.driver.CChromeDriver.execute(CChromeDriver.java:19)
	at org.openqa.selenium.remote.RemoteWebDriver.findElements(RemoteWebDriver.java:353)
	at org.openqa.selenium.remote.RemoteWebDriver.findElementsByXPath(RemoteWebDriver.java:432)
	at org.openqa.selenium.By$ByXPath.findElements(By.java:348)
	at org.openqa.selenium.remote.RemoteWebDriver.findElements(RemoteWebDriver.java:311)
	at com.kms.katalon.core.webui.common.WebUiCommonHelper.findElementByNormalMethods(WebUiCommonHelper.java:1014)
	at com.kms.katalon.core.webui.common.WebUiCommonHelper.findElementsBySelectedMethod(WebUiCommonHelper.java:909)
	at com.kms.katalon.core.webui.common.WebUiCommonHelper.findElementsBySelectedMethod(WebUiCommonHelper.java:892)
	at com.kms.katalon.core.webui.common.WebUiCommonHelper.findElementsBySelectedMethod(WebUiCommonHelper.java:887)
	at com.kms.katalon.core.webui.common.WebUiCommonHelper.findElementsByDefault(WebUiCommonHelper.java:883)
	at com.kms.katalon.core.webui.common.WebUiCommonHelper.findWebElements(WebUiCommonHelper.java:720)
	at com.kms.katalon.core.webui.common.WebUiCommonHelper.findWebElement(WebUiCommonHelper.java:1363)
	at com.kms.katalon.core.webui.keyword.internal.WebUIAbstractKeyword.findWebElement(WebUIAbstractKeyword.groovy:27)
	at com.kms.katalon.core.webui.keyword.internal.WebUIAbstractKeyword$findWebElement.call(Unknown Source)
	at com.kms.katalon.core.webui.keyword.builtin.WaitForElementClickableKeyword$_waitForElementClickable_closure1.doCall(WaitForElementClickableKeyword.groovy:79)
	at com.kms.katalon.core.webui.keyword.builtin.WaitForElementClickableKeyword$_waitForElementClickable_closure1.doCall(WaitForElementClickableKeyword.groovy)
	at com.kms.katalon.core.webui.keyword.internal.WebUIKeywordMain.runKeyword(WebUIKeywordMain.groovy:20)
	at com.kms.katalon.core.webui.keyword.internal.WebUIKeywordMain$runKeyword.call(Unknown Source)
	at com.kms.katalon.core.webui.keyword.builtin.WaitForElementClickableKeyword.waitForElementClickable(WaitForElementClickableKeyword.groovy:107)
	at com.kms.katalon.core.webui.keyword.builtin.WaitForElementClickableKeyword.execute(WaitForElementClickableKeyword.groovy:68)
	at com.kms.katalon.core.keyword.internal.KeywordExecutor.executeKeywordForPlatform(KeywordExecutor.groovy:74)
	at com.kms.katalon.core.webui.keyword.WebUiBuiltInKeywords.waitForElementClickable(WebUiBuiltInKeywords.groovy:504)
	at com.kms.katalon.core.webui.keyword.WebUiBuiltInKeywords$waitForElementClickable$4.call(Unknown Source)
	at Script1637248992975.run(Script1637248992975.groovy:57)
	... 13 more
)

2021-12-21 16:20:54 - [MESSAGE][WARNING] - Cannot take screenshot

2021-12-21 16:20:54 - [MESSAGE][FAILED] - Unable to wait for object 'Object Repository/Modulo Pruebas Capacitación/Crear_un_Grupo-Curso_Tipo_Evento_Grupal/td_Prueba' to be clickable (Root cause: com.kms.katalon.core.exception.StepFailedException: Unable to wait for object 'Object Repository/Modulo Pruebas Capacitación/Crear_un_Grupo-Curso_Tipo_Evento_Grupal/td_Prueba' to be clickable
	at com.kms.katalon.core.webui.keyword.internal.WebUIKeywordMain.stepFailed(WebUIKeywordMain.groovy:64)
	at com.kms.katalon.core.webui.keyword.internal.WebUIKeywordMain.runKeyword(WebUIKeywordMain.groovy:26)
	at com.kms.katalon.core.webui.keyword.internal.WebUIKeywordMain$runKeyword.call(Unknown Source)
	at com.kms.katalon.core.webui.keyword.builtin.WaitForElementClickableKeyword.waitForElementClickable(WaitForElementClickableKeyword.groovy:107)
	at com.kms.katalon.core.webui.keyword.builtin.WaitForElementClickableKeyword.execute(WaitForElementClickableKeyword.groovy:68)
	at com.kms.katalon.core.keyword.internal.KeywordExecutor.executeKeywordForPlatform(KeywordExecutor.groovy:74)
	at com.kms.katalon.core.webui.keyword.WebUiBuiltInKeywords.waitForElementClickable(WebUiBuiltInKeywords.groovy:504)
	at com.kms.katalon.core.webui.keyword.WebUiBuiltInKeywords$waitForElementClickable$4.call(Unknown Source)
	at 4.1.4-Crear_un_Grupo-Curso_Tipo_Evento_Grupal.run(4.1.4-Crear_un_Grupo-Curso_Tipo_Evento_Grupal:57)
	at com.kms.katalon.core.main.ScriptEngine.run(ScriptEngine.java:194)
	at com.kms.katalon.core.main.ScriptEngine.runScriptAsRawText(ScriptEngine.java:119)
	at com.kms.katalon.core.main.TestCaseExecutor.runScript(TestCaseExecutor.java:442)
	at com.kms.katalon.core.main.TestCaseExecutor.doExecute(TestCaseExecutor.java:433)
	at com.kms.katalon.core.main.TestCaseExecutor.processExecutionPhase(TestCaseExecutor.java:412)
	at com.kms.katalon.core.main.TestCaseExecutor.accessMainPhase(TestCaseExecutor.java:404)
	at com.kms.katalon.core.main.TestCaseExecutor.execute(TestCaseExecutor.java:281)
	at com.kms.katalon.core.main.TestSuiteExecutor.accessTestCaseMainPhase(TestSuiteExecutor.java:202)
	at com.kms.katalon.core.main.TestSuiteExecutor.accessTestSuiteMainPhase(TestSuiteExecutor.java:164)
	at com.kms.katalon.core.main.TestSuiteExecutor.execute(TestSuiteExecutor.java:105)
	at com.kms.katalon.core.main.TestCaseMain.startTestSuite(TestCaseMain.java:181)
	at com.kms.katalon.core.main.TestCaseMain$startTestSuite$0.call(Unknown Source)
	at TempTestSuite1640121187489.run(TempTestSuite1640121187489.groovy:36)
Caused by: org.openqa.selenium.NoSuchSessionException: Session ID is null. Using WebDriver after calling quit()?
Build info: version: '3.141.59', revision: 'e82be7d358', time: '2018-11-14T08:25:53'
System info: host: 'US-AF-000371', ip: '192.168.56.1', os.name: 'Windows 10', os.arch: 'amd64', os.version: '10.0', java.version: '1.8.0_282'
Driver info: driver.version: RemoteWebDriver
	at org.openqa.selenium.remote.HttpCommandExecutor.execute(HttpCommandExecutor.java:125)
	at org.openqa.selenium.remote.service.DriverCommandExecutor.execute(DriverCommandExecutor.java:83)
	at org.openqa.selenium.remote.RemoteWebDriver.execute(RemoteWebDriver.java:552)
	at com.kms.katalon.selenium.driver.CChromeDriver.execute(CChromeDriver.java:19)
	at org.openqa.selenium.remote.RemoteWebDriver.findElements(RemoteWebDriver.java:353)
	at org.openqa.selenium.remote.RemoteWebDriver.findElementsByXPath(RemoteWebDriver.java:432)
	at org.openqa.selenium.By$ByXPath.findElements(By.java:348)
	at org.openqa.selenium.remote.RemoteWebDriver.findElements(RemoteWebDriver.java:311)
	at com.kms.katalon.core.webui.common.WebUiCommonHelper.findElementByNormalMethods(WebUiCommonHelper.java:1014)
	at com.kms.katalon.core.webui.common.WebUiCommonHelper.findElementsBySelectedMethod(WebUiCommonHelper.java:909)
	at com.kms.katalon.core.webui.common.WebUiCommonHelper.findElementsBySelectedMethod(WebUiCommonHelper.java:892)
	at com.kms.katalon.core.webui.common.WebUiCommonHelper.findElementsBySelectedMethod(WebUiCommonHelper.java:887)
	at com.kms.katalon.core.webui.common.WebUiCommonHelper.findElementsByDefault(WebUiCommonHelper.java:883)
	at com.kms.katalon.core.webui.common.WebUiCommonHelper.findWebElements(WebUiCommonHelper.java:720)
	at com.kms.katalon.core.webui.common.WebUiCommonHelper.findWebElement(WebUiCommonHelper.java:1363)
	at com.kms.katalon.core.webui.keyword.internal.WebUIAbstractKeyword.findWebElement(WebUIAbstractKeyword.groovy:27)
	at com.kms.katalon.core.webui.keyword.internal.WebUIAbstractKeyword$findWebElement.call(Unknown Source)
	at com.kms.katalon.core.webui.keyword.builtin.WaitForElementClickableKeyword$_waitForElementClickable_closure1.doCall(WaitForElementClickableKeyword.groovy:79)
	at com.kms.katalon.core.webui.keyword.builtin.WaitForElementClickableKeyword$_waitForElementClickable_closure1.doCall(WaitForElementClickableKeyword.groovy)
	at com.kms.katalon.core.webui.keyword.internal.WebUIKeywordMain.runKeyword(WebUIKeywordMain.groovy:20)
	at com.kms.katalon.core.webui.keyword.internal.WebUIKeywordMain$runKeyword.call(Unknown Source)
	at com.kms.katalon.core.webui.keyword.builtin.WaitForElementClickableKeyword.waitForElementClickable(WaitForElementClickableKeyword.groovy:107)
	at com.kms.katalon.core.webui.keyword.builtin.WaitForElementClickableKeyword.execute(WaitForElementClickableKeyword.groovy:68)
	at com.kms.katalon.core.keyword.internal.KeywordExecutor.executeKeywordForPlatform(KeywordExecutor.groovy:74)
	at com.kms.katalon.core.webui.keyword.WebUiBuiltInKeywords.waitForElementClickable(WebUiBuiltInKeywords.groovy:504)
	at com.kms.katalon.core.webui.keyword.WebUiBuiltInKeywords$waitForElementClickable$4.call(Unknown Source)
	at Script1637248992975.run(Script1637248992975.groovy:57)
	... 13 more
)]]></system-out>
         <system-err><![CDATA[2021-12-21 16:20:06 - [TEST_CASE][FAILED] - Test Cases/4.1-Pruebas_Capacitación/4.1.4-Crear_un_Grupo-Curso_Tipo_Evento_Grupal: Test Cases/4.1-Pruebas_Capacitación/4.1.4-Crear_un_Grupo-Curso_Tipo_Evento_Grupal FAILED.
Reason:
com.kms.katalon.core.exception.StepFailedException: Unable to wait for object 'Object Repository/Modulo Pruebas Capacitación/Crear_un_Grupo-Curso_Tipo_Evento_Grupal/td_Prueba' to be clickable
	at com.kms.katalon.core.webui.keyword.internal.WebUIKeywordMain.stepFailed(WebUIKeywordMain.groovy:64)
	at com.kms.katalon.core.webui.keyword.internal.WebUIKeywordMain.runKeyword(WebUIKeywordMain.groovy:26)
	at com.kms.katalon.core.webui.keyword.internal.WebUIKeywordMain$runKeyword.call(Unknown Source)
	at com.kms.katalon.core.webui.keyword.builtin.WaitForElementClickableKeyword.waitForElementClickable(WaitForElementClickableKeyword.groovy:107)
	at com.kms.katalon.core.webui.keyword.builtin.WaitForElementClickableKeyword.execute(WaitForElementClickableKeyword.groovy:68)
	at com.kms.katalon.core.keyword.internal.KeywordExecutor.executeKeywordForPlatform(KeywordExecutor.groovy:74)
	at com.kms.katalon.core.webui.keyword.WebUiBuiltInKeywords.waitForElementClickable(WebUiBuiltInKeywords.groovy:504)
	at com.kms.katalon.core.webui.keyword.WebUiBuiltInKeywords$waitForElementClickable$4.call(Unknown Source)
	at 4.1.4-Crear_un_Grupo-Curso_Tipo_Evento_Grupal.run(4.1.4-Crear_un_Grupo-Curso_Tipo_Evento_Grupal:57)
	at com.kms.katalon.core.main.ScriptEngine.run(ScriptEngine.java:194)
	at com.kms.katalon.core.main.ScriptEngine.runScriptAsRawText(ScriptEngine.java:119)
	at com.kms.katalon.core.main.TestCaseExecutor.runScript(TestCaseExecutor.java:442)
	at com.kms.katalon.core.main.TestCaseExecutor.doExecute(TestCaseExecutor.java:433)
	at com.kms.katalon.core.main.TestCaseExecutor.processExecutionPhase(TestCaseExecutor.java:412)
	at com.kms.katalon.core.main.TestCaseExecutor.accessMainPhase(TestCaseExecutor.java:404)
	at com.kms.katalon.core.main.TestCaseExecutor.execute(TestCaseExecutor.java:281)
	at com.kms.katalon.core.main.TestSuiteExecutor.accessTestCaseMainPhase(TestSuiteExecutor.java:202)
	at com.kms.katalon.core.main.TestSuiteExecutor.accessTestSuiteMainPhase(TestSuiteExecutor.java:164)
	at com.kms.katalon.core.main.TestSuiteExecutor.execute(TestSuiteExecutor.java:105)
	at com.kms.katalon.core.main.TestCaseMain.startTestSuite(TestCaseMain.java:181)
	at com.kms.katalon.core.main.TestCaseMain$startTestSuite$0.call(Unknown Source)
	at TempTestSuite1640121187489.run(TempTestSuite1640121187489.groovy:36)
Caused by: org.openqa.selenium.NoSuchSessionException: Session ID is null. Using WebDriver after calling quit()?
Build info: version: '3.141.59', revision: 'e82be7d358', time: '2018-11-14T08:25:53'
System info: host: 'US-AF-000371', ip: '192.168.56.1', os.name: 'Windows 10', os.arch: 'amd64', os.version: '10.0', java.version: '1.8.0_282'
Driver info: driver.version: RemoteWebDriver
	at org.openqa.selenium.remote.HttpCommandExecutor.execute(HttpCommandExecutor.java:125)
	at org.openqa.selenium.remote.service.DriverCommandExecutor.execute(DriverCommandExecutor.java:83)
	at org.openqa.selenium.remote.RemoteWebDriver.execute(RemoteWebDriver.java:552)
	at com.kms.katalon.selenium.driver.CChromeDriver.execute(CChromeDriver.java:19)
	at org.openqa.selenium.remote.RemoteWebDriver.findElements(RemoteWebDriver.java:353)
	at org.openqa.selenium.remote.RemoteWebDriver.findElementsByXPath(RemoteWebDriver.java:432)
	at org.openqa.selenium.By$ByXPath.findElements(By.java:348)
	at org.openqa.selenium.remote.RemoteWebDriver.findElements(RemoteWebDriver.java:311)
	at com.kms.katalon.core.webui.common.WebUiCommonHelper.findElementByNormalMethods(WebUiCommonHelper.java:1014)
	at com.kms.katalon.core.webui.common.WebUiCommonHelper.findElementsBySelectedMethod(WebUiCommonHelper.java:909)
	at com.kms.katalon.core.webui.common.WebUiCommonHelper.findElementsBySelectedMethod(WebUiCommonHelper.java:892)
	at com.kms.katalon.core.webui.common.WebUiCommonHelper.findElementsBySelectedMethod(WebUiCommonHelper.java:887)
	at com.kms.katalon.core.webui.common.WebUiCommonHelper.findElementsByDefault(WebUiCommonHelper.java:883)
	at com.kms.katalon.core.webui.common.WebUiCommonHelper.findWebElements(WebUiCommonHelper.java:720)
	at com.kms.katalon.core.webui.common.WebUiCommonHelper.findWebElement(WebUiCommonHelper.java:1363)
	at com.kms.katalon.core.webui.keyword.internal.WebUIAbstractKeyword.findWebElement(WebUIAbstractKeyword.groovy:27)
	at com.kms.katalon.core.webui.keyword.internal.WebUIAbstractKeyword$findWebElement.call(Unknown Source)
	at com.kms.katalon.core.webui.keyword.builtin.WaitForElementClickableKeyword$_waitForElementClickable_closure1.doCall(WaitForElementClickableKeyword.groovy:79)
	at com.kms.katalon.core.webui.keyword.builtin.WaitForElementClickableKeyword$_waitForElementClickable_closure1.doCall(WaitForElementClickableKeyword.groovy)
	at com.kms.katalon.core.webui.keyword.internal.WebUIKeywordMain.runKeyword(WebUIKeywordMain.groovy:20)
	... 20 more]]></system-err>
      </testcase>
      <testcase name="Test Cases/4.1-Pruebas_Capacitación/4.1.5-Insribir_un_asistente" time="40.677" classname="Test Cases/4.1-Pruebas_Capacitación/4.1.5-Insribir_un_asistente" status="FAILED">
         <failure type="FAILED" message="Test Cases/4.1-Pruebas_Capacitación/4.1.5-Insribir_un_asistente FAILED.
Reason:
com.kms.katalon.core.exception.StepFailedException: Unable to click on object 'Object Repository/Modulo Pruebas Capacitación/Inscribir_un_asistente/td_Prueba'
	at com.kms.katalon.core.webui.keyword.internal.WebUIKeywordMain.stepFailed(WebUIKeywordMain.groovy:64)
	at com.kms.katalon.core.webui.keyword.internal.WebUIKeywordMain.runKeyword(WebUIKeywordMain.groovy:26)
	at com.kms.katalon.core.webui.keyword.builtin.ClickKeyword.click(ClickKeyword.groovy:74)
	at com.kms.katalon.core.webui.keyword.builtin.ClickKeyword.execute(ClickKeyword.groovy:40)
	at com.kms.katalon.core.keyword.internal.KeywordExecutor.executeKeywordForPlatform(KeywordExecutor.groovy:74)
	at com.kms.katalon.core.webui.keyword.WebUiBuiltInKeywords.click(WebUiBuiltInKeywords.groovy:620)
	at com.kms.katalon.core.webui.keyword.WebUiBuiltInKeywords$click$5.call(Unknown Source)
	at 4.1.5-Insribir_un_asistente.run(4.1.5-Insribir_un_asistente:22)
	at com.kms.katalon.core.main.ScriptEngine.run(ScriptEngine.java:194)
	at com.kms.katalon.core.main.ScriptEngine.runScriptAsRawText(ScriptEngine.java:119)
	at com.kms.katalon.core.main.TestCaseExecutor.runScript(TestCaseExecutor.java:442)
	at com.kms.katalon.core.main.TestCaseExecutor.doExecute(TestCaseExecutor.java:433)
	at com.kms.katalon.core.main.TestCaseExecutor.processExecutionPhase(TestCaseExecutor.java:412)
	at com.kms.katalon.core.main.TestCaseExecutor.accessMainPhase(TestCaseExecutor.java:404)
	at com.kms.katalon.core.main.TestCaseExecutor.execute(TestCaseExecutor.java:281)
	at com.kms.katalon.core.main.TestSuiteExecutor.accessTestCaseMainPhase(TestSuiteExecutor.java:202)
	at com.kms.katalon.core.main.TestSuiteExecutor.accessTestSuiteMainPhase(TestSuiteExecutor.java:164)
	at com.kms.katalon.core.main.TestSuiteExecutor.execute(TestSuiteExecutor.java:105)
	at com.kms.katalon.core.main.TestCaseMain.startTestSuite(TestCaseMain.java:181)
	at com.kms.katalon.core.main.TestCaseMain$startTestSuite$0.call(Unknown Source)
	at TempTestSuite1640121187489.run(TempTestSuite1640121187489.groovy:36)
Caused by: com.kms.katalon.core.webui.exception.WebElementNotFoundException: Web element with id: 'Object Repository/Modulo Pruebas Capacitación/Inscribir_un_asistente/td_Prueba' located by '//*/text()[normalize-space(.)='Prueba']/parent::*' not found
	at com.kms.katalon.core.webui.common.WebUiCommonHelper.findWebElement(WebUiCommonHelper.java:1368)
	at com.kms.katalon.core.webui.keyword.internal.WebUIAbstractKeyword.findWebElement(WebUIAbstractKeyword.groovy:27)
	at com.kms.katalon.core.webui.keyword.builtin.ClickKeyword$_click_closure1.doCall(ClickKeyword.groovy:65)
	at com.kms.katalon.core.webui.keyword.builtin.ClickKeyword$_click_closure1.call(ClickKeyword.groovy)
	at com.kms.katalon.core.webui.keyword.internal.WebUIKeywordMain.runKeyword(WebUIKeywordMain.groovy:20)
	... 19 more
"/>
         <system-out><![CDATA[2021-12-21 16:20:54 - [TEST_CASE][FAILED] - Test Cases/4.1-Pruebas_Capacitación/4.1.5-Insribir_un_asistente: Test Cases/4.1-Pruebas_Capacitación/4.1.5-Insribir_un_asistente FAILED.
Reason:
com.kms.katalon.core.exception.StepFailedException: Unable to click on object 'Object Repository/Modulo Pruebas Capacitación/Inscribir_un_asistente/td_Prueba'
	at com.kms.katalon.core.webui.keyword.internal.WebUIKeywordMain.stepFailed(WebUIKeywordMain.groovy:64)
	at com.kms.katalon.core.webui.keyword.internal.WebUIKeywordMain.runKeyword(WebUIKeywordMain.groovy:26)
	at com.kms.katalon.core.webui.keyword.builtin.ClickKeyword.click(ClickKeyword.groovy:74)
	at com.kms.katalon.core.webui.keyword.builtin.ClickKeyword.execute(ClickKeyword.groovy:40)
	at com.kms.katalon.core.keyword.internal.KeywordExecutor.executeKeywordForPlatform(KeywordExecutor.groovy:74)
	at com.kms.katalon.core.webui.keyword.WebUiBuiltInKeywords.click(WebUiBuiltInKeywords.groovy:620)
	at com.kms.katalon.core.webui.keyword.WebUiBuiltInKeywords$click$5.call(Unknown Source)
	at 4.1.5-Insribir_un_asistente.run(4.1.5-Insribir_un_asistente:22)
	at com.kms.katalon.core.main.ScriptEngine.run(ScriptEngine.java:194)
	at com.kms.katalon.core.main.ScriptEngine.runScriptAsRawText(ScriptEngine.java:119)
	at com.kms.katalon.core.main.TestCaseExecutor.runScript(TestCaseExecutor.java:442)
	at com.kms.katalon.core.main.TestCaseExecutor.doExecute(TestCaseExecutor.java:433)
	at com.kms.katalon.core.main.TestCaseExecutor.processExecutionPhase(TestCaseExecutor.java:412)
	at com.kms.katalon.core.main.TestCaseExecutor.accessMainPhase(TestCaseExecutor.java:404)
	at com.kms.katalon.core.main.TestCaseExecutor.execute(TestCaseExecutor.java:281)
	at com.kms.katalon.core.main.TestSuiteExecutor.accessTestCaseMainPhase(TestSuiteExecutor.java:202)
	at com.kms.katalon.core.main.TestSuiteExecutor.accessTestSuiteMainPhase(TestSuiteExecutor.java:164)
	at com.kms.katalon.core.main.TestSuiteExecutor.execute(TestSuiteExecutor.java:105)
	at com.kms.katalon.core.main.TestCaseMain.startTestSuite(TestCaseMain.java:181)
	at com.kms.katalon.core.main.TestCaseMain$startTestSuite$0.call(Unknown Source)
	at TempTestSuite1640121187489.run(TempTestSuite1640121187489.groovy:36)
Caused by: com.kms.katalon.core.webui.exception.WebElementNotFoundException: Web element with id: 'Object Repository/Modulo Pruebas Capacitación/Inscribir_un_asistente/td_Prueba' located by '//*/text()[normalize-space(.)='Prueba']/parent::*' not found
	at com.kms.katalon.core.webui.common.WebUiCommonHelper.findWebElement(WebUiCommonHelper.java:1368)
	at com.kms.katalon.core.webui.keyword.internal.WebUIAbstractKeyword.findWebElement(WebUIAbstractKeyword.groovy:27)
	at com.kms.katalon.core.webui.keyword.builtin.ClickKeyword$_click_closure1.doCall(ClickKeyword.groovy:65)
	at com.kms.katalon.core.webui.keyword.builtin.ClickKeyword$_click_closure1.call(ClickKeyword.groovy)
	at com.kms.katalon.core.webui.keyword.internal.WebUIKeywordMain.runKeyword(WebUIKeywordMain.groovy:20)
	... 19 more


2021-12-21 16:20:54 - [TEST_STEP][PASSED] - callTestCase(findTestCase("Utilidades-(atajos_para _tareas)/Modulos/Modulo Control Evento Capacitacion"), [:], STOP_ON_FAILURE): Call Test Case 'Test Cases/Utilidades-(atajos_para _tareas)/Modulos/Modulo Control Evento Capacitacion' successfully

2021-12-21 16:20:54 - [TEST_CASE][PASSED] - Test Cases/Utilidades-(atajos_para _tareas)/Modulos/Modulo Control Evento Capacitacion: Test Cases/Utilidades-(atajos_para _tareas)/Modulos/Modulo Control Evento Capacitacion

2021-12-21 16:20:54 - [TEST_STEP][PASSED] - callTestCase(findTestCase("0.1-Login"), [:], STOP_ON_FAILURE): Call Test Case 'Test Cases/0.1-Login' successfully

2021-12-21 16:20:54 - [TEST_CASE][PASSED] - Test Cases/0.1-Login: Test Cases/0.1-Login

2021-12-21 16:20:54 - [TEST_STEP][PASSED] - openBrowser(""): Browser is opened with url: ''

2021-12-21 16:20:54 - [MESSAGE][INFO] - Starting 'Chrome' driver

2021-12-21 16:20:54 - [MESSAGE][INFO] - Action delay is set to 0 milliseconds

2021-12-21 16:20:56 - [MESSAGE][PASSED] - Browser is opened with url: ''

2021-12-21 16:20:56 - [TEST_STEP][PASSED] - maximizeWindow(): Current window maximized

2021-12-21 16:20:56 - [MESSAGE][PASSED] - Current window maximized

2021-12-21 16:20:56 - [TEST_STEP][PASSED] - i = G_Login: null

2021-12-21 16:20:56 - [TEST_STEP][PASSED] - url = new java.net.URL(i): null

2021-12-21 16:20:56 - [TEST_STEP][PASSED] - println("URL: " + url.toString()): null

2021-12-21 16:20:56 - [TEST_STEP][PASSED] - connection = url.openConnection(): null

2021-12-21 16:20:56 - [TEST_STEP][PASSED] - connection.setRequestMethod("GET"): null

2021-12-21 16:20:56 - [TEST_STEP][PASSED] - connection.setReadTimeout(2 * 1000): null

2021-12-21 16:20:56 - [TEST_STEP][PASSED] - try: null

2021-12-21 16:20:56 - [TEST_STEP][PASSED] - connection.connect(): null

2021-12-21 16:20:56 - [TEST_STEP][PASSED] - flag = connected: null

2021-12-21 16:20:56 - [TEST_STEP][PASSED] - println("Valor_ori: " + flag): null

2021-12-21 16:20:56 - [TEST_STEP][PASSED] - if (flag): null

2021-12-21 16:20:56 - [TEST_STEP][PASSED] - navigateToUrl(i): Navigate to 'http://192.168.2.80:8380/saraweb' successfully

2021-12-21 16:20:56 - [MESSAGE][PASSED] - Navigate to 'http://192.168.2.80:8380/saraweb' successfully

2021-12-21 16:20:56 - [TEST_STEP][PASSED] - a(): null

2021-12-21 16:20:56 - [TEST_STEP][PASSED] - setText(findTestObject("Login/input_USUARIO_loginusuario"), G_Usuario): Text 'saraadmin' is set on object 'Object Repository/Login/input_USUARIO_loginusuario'

2021-12-21 16:20:57 - [MESSAGE][PASSED] - Text 'saraadmin' is set on object 'Object Repository/Login/input_USUARIO_loginusuario'

2021-12-21 16:20:57 - [TEST_STEP][PASSED] - setEncryptedText(findTestObject("Login/input_CLAVE_loginpassword"), "MkG4/TYiCFC3cb2driP7+Q=="): Text ****** has been set on object 'Object Repository/Login/input_CLAVE_loginpassword'

2021-12-21 16:20:57 - [MESSAGE][PASSED] - Text ****** has been set on object 'Object Repository/Login/input_CLAVE_loginpassword'

2021-12-21 16:20:57 - [TEST_STEP][PASSED] - waitForElementClickable(findTestObject("Login/a_Ingresar"), G_TimeOut): Object 'Object Repository/Login/a_Ingresar' is clickable

2021-12-21 16:20:58 - [MESSAGE][PASSED] - Object 'Object Repository/Login/a_Ingresar' is clickable

2021-12-21 16:20:58 - [TEST_STEP][PASSED] - click(findTestObject("Login/a_Ingresar")): Object: 'Object Repository/Login/a_Ingresar' is clicked on

2021-12-21 16:21:00 - [MESSAGE][PASSED] - Object: 'Object Repository/Login/a_Ingresar' is clicked on

2021-12-21 16:21:00 - [TEST_STEP][PASSED] - element = findWebElement(findTestObject("Login/a_Ir"), 30): null

2021-12-21 16:21:00 - [TEST_STEP][PASSED] - executeJavaScript("arguments[0].click()", Arrays.asList(element)): Execute JavaScript 'arguments[0].click()' successfully

2021-12-21 16:21:00 - [MESSAGE][PASSED] - Execute JavaScript 'arguments[0].click()' successfully

2021-12-21 16:21:00 - [MESSAGE][PASSED] - Call Test Case 'Test Cases/0.1-Login' successfully

2021-12-21 16:21:00 - [TEST_STEP][PASSED] - setText(findTestObject("Modulo Control Evento Capacitacion/input_ADMINISTRADOR DEL SISTEMA - SARA_form_templatej_idt24_input"), "Control Evento"): Text 'Control Evento' is set on object 'Object Repository/Modulo Control Evento Capacitacion/input_ADMINISTRADOR DEL SISTEMA - SARA_form_templatej_idt24_input'

2021-12-21 16:21:02 - [MESSAGE][PASSED] - Text 'Control Evento' is set on object 'Object Repository/Modulo Control Evento Capacitacion/input_ADMINISTRADOR DEL SISTEMA - SARA_form_templatej_idt24_input'

2021-12-21 16:21:02 - [TEST_STEP][PASSED] - click(findTestObject("Modulo Control Evento Capacitacion/li_Control Evento Capacitacion (cap)")): Object: 'Object Repository/Modulo Control Evento Capacitacion/li_Control Evento Capacitacion (cap)' is clicked on

2021-12-21 16:21:03 - [MESSAGE][PASSED] - Object: 'Object Repository/Modulo Control Evento Capacitacion/li_Control Evento Capacitacion (cap)' is clicked on

2021-12-21 16:21:03 - [MESSAGE][PASSED] - Call Test Case 'Test Cases/Utilidades-(atajos_para _tareas)/Modulos/Modulo Control Evento Capacitacion' successfully

2021-12-21 16:21:03 - [TEST_STEP][FAILED] - click(findTestObject("Modulo Pruebas Capacitación/Inscribir_un_asistente/td_Prueba")): Unable to click on object 'Object Repository/Modulo Pruebas Capacitación/Inscribir_un_asistente/td_Prueba' (Root cause: com.kms.katalon.core.exception.StepFailedException: Unable to click on object 'Object Repository/Modulo Pruebas Capacitación/Inscribir_un_asistente/td_Prueba'
	at com.kms.katalon.core.webui.keyword.internal.WebUIKeywordMain.stepFailed(WebUIKeywordMain.groovy:64)
	at com.kms.katalon.core.webui.keyword.internal.WebUIKeywordMain.runKeyword(WebUIKeywordMain.groovy:26)
	at com.kms.katalon.core.webui.keyword.builtin.ClickKeyword.click(ClickKeyword.groovy:74)
	at com.kms.katalon.core.webui.keyword.builtin.ClickKeyword.execute(ClickKeyword.groovy:40)
	at com.kms.katalon.core.keyword.internal.KeywordExecutor.executeKeywordForPlatform(KeywordExecutor.groovy:74)
	at com.kms.katalon.core.webui.keyword.WebUiBuiltInKeywords.click(WebUiBuiltInKeywords.groovy:620)
	at com.kms.katalon.core.webui.keyword.WebUiBuiltInKeywords$click$5.call(Unknown Source)
	at 4.1.5-Insribir_un_asistente.run(4.1.5-Insribir_un_asistente:22)
	at com.kms.katalon.core.main.ScriptEngine.run(ScriptEngine.java:194)
	at com.kms.katalon.core.main.ScriptEngine.runScriptAsRawText(ScriptEngine.java:119)
	at com.kms.katalon.core.main.TestCaseExecutor.runScript(TestCaseExecutor.java:442)
	at com.kms.katalon.core.main.TestCaseExecutor.doExecute(TestCaseExecutor.java:433)
	at com.kms.katalon.core.main.TestCaseExecutor.processExecutionPhase(TestCaseExecutor.java:412)
	at com.kms.katalon.core.main.TestCaseExecutor.accessMainPhase(TestCaseExecutor.java:404)
	at com.kms.katalon.core.main.TestCaseExecutor.execute(TestCaseExecutor.java:281)
	at com.kms.katalon.core.main.TestSuiteExecutor.accessTestCaseMainPhase(TestSuiteExecutor.java:202)
	at com.kms.katalon.core.main.TestSuiteExecutor.accessTestSuiteMainPhase(TestSuiteExecutor.java:164)
	at com.kms.katalon.core.main.TestSuiteExecutor.execute(TestSuiteExecutor.java:105)
	at com.kms.katalon.core.main.TestCaseMain.startTestSuite(TestCaseMain.java:181)
	at com.kms.katalon.core.main.TestCaseMain$startTestSuite$0.call(Unknown Source)
	at TempTestSuite1640121187489.run(TempTestSuite1640121187489.groovy:36)
Caused by: com.kms.katalon.core.webui.exception.WebElementNotFoundException: Web element with id: 'Object Repository/Modulo Pruebas Capacitación/Inscribir_un_asistente/td_Prueba' located by '//*/text()[normalize-space(.)='Prueba']/parent::*' not found
	at com.kms.katalon.core.webui.common.WebUiCommonHelper.findWebElement(WebUiCommonHelper.java:1368)
	at com.kms.katalon.core.webui.keyword.internal.WebUIAbstractKeyword.findWebElement(WebUIAbstractKeyword.groovy:27)
	at com.kms.katalon.core.webui.keyword.builtin.ClickKeyword$_click_closure1.doCall(ClickKeyword.groovy:65)
	at com.kms.katalon.core.webui.keyword.builtin.ClickKeyword$_click_closure1.call(ClickKeyword.groovy)
	at com.kms.katalon.core.webui.keyword.internal.WebUIKeywordMain.runKeyword(WebUIKeywordMain.groovy:20)
	at com.kms.katalon.core.webui.keyword.builtin.ClickKeyword.click(ClickKeyword.groovy:74)
	at com.kms.katalon.core.webui.keyword.builtin.ClickKeyword.execute(ClickKeyword.groovy:40)
	at com.kms.katalon.core.keyword.internal.KeywordExecutor.executeKeywordForPlatform(KeywordExecutor.groovy:74)
	at com.kms.katalon.core.webui.keyword.WebUiBuiltInKeywords.click(WebUiBuiltInKeywords.groovy:620)
	at com.kms.katalon.core.webui.keyword.WebUiBuiltInKeywords$click$5.call(Unknown Source)
	at Script1637256111884.run(Script1637256111884.groovy:22)
	... 13 more
)

2021-12-21 16:21:34 - [MESSAGE][INFO] - Unable to find the element located by 'By.xpath: //*/text()[normalize-space(.)='Prueba']/parent::*'. Please recheck the objects properties to make sure the desired element is located. 

2021-12-21 16:21:34 - [MESSAGE][FAILED] - Unable to click on object 'Object Repository/Modulo Pruebas Capacitación/Inscribir_un_asistente/td_Prueba' (Root cause: com.kms.katalon.core.exception.StepFailedException: Unable to click on object 'Object Repository/Modulo Pruebas Capacitación/Inscribir_un_asistente/td_Prueba'
	at com.kms.katalon.core.webui.keyword.internal.WebUIKeywordMain.stepFailed(WebUIKeywordMain.groovy:64)
	at com.kms.katalon.core.webui.keyword.internal.WebUIKeywordMain.runKeyword(WebUIKeywordMain.groovy:26)
	at com.kms.katalon.core.webui.keyword.builtin.ClickKeyword.click(ClickKeyword.groovy:74)
	at com.kms.katalon.core.webui.keyword.builtin.ClickKeyword.execute(ClickKeyword.groovy:40)
	at com.kms.katalon.core.keyword.internal.KeywordExecutor.executeKeywordForPlatform(KeywordExecutor.groovy:74)
	at com.kms.katalon.core.webui.keyword.WebUiBuiltInKeywords.click(WebUiBuiltInKeywords.groovy:620)
	at com.kms.katalon.core.webui.keyword.WebUiBuiltInKeywords$click$5.call(Unknown Source)
	at 4.1.5-Insribir_un_asistente.run(4.1.5-Insribir_un_asistente:22)
	at com.kms.katalon.core.main.ScriptEngine.run(ScriptEngine.java:194)
	at com.kms.katalon.core.main.ScriptEngine.runScriptAsRawText(ScriptEngine.java:119)
	at com.kms.katalon.core.main.TestCaseExecutor.runScript(TestCaseExecutor.java:442)
	at com.kms.katalon.core.main.TestCaseExecutor.doExecute(TestCaseExecutor.java:433)
	at com.kms.katalon.core.main.TestCaseExecutor.processExecutionPhase(TestCaseExecutor.java:412)
	at com.kms.katalon.core.main.TestCaseExecutor.accessMainPhase(TestCaseExecutor.java:404)
	at com.kms.katalon.core.main.TestCaseExecutor.execute(TestCaseExecutor.java:281)
	at com.kms.katalon.core.main.TestSuiteExecutor.accessTestCaseMainPhase(TestSuiteExecutor.java:202)
	at com.kms.katalon.core.main.TestSuiteExecutor.accessTestSuiteMainPhase(TestSuiteExecutor.java:164)
	at com.kms.katalon.core.main.TestSuiteExecutor.execute(TestSuiteExecutor.java:105)
	at com.kms.katalon.core.main.TestCaseMain.startTestSuite(TestCaseMain.java:181)
	at com.kms.katalon.core.main.TestCaseMain$startTestSuite$0.call(Unknown Source)
	at TempTestSuite1640121187489.run(TempTestSuite1640121187489.groovy:36)
Caused by: com.kms.katalon.core.webui.exception.WebElementNotFoundException: Web element with id: 'Object Repository/Modulo Pruebas Capacitación/Inscribir_un_asistente/td_Prueba' located by '//*/text()[normalize-space(.)='Prueba']/parent::*' not found
	at com.kms.katalon.core.webui.common.WebUiCommonHelper.findWebElement(WebUiCommonHelper.java:1368)
	at com.kms.katalon.core.webui.keyword.internal.WebUIAbstractKeyword.findWebElement(WebUIAbstractKeyword.groovy:27)
	at com.kms.katalon.core.webui.keyword.builtin.ClickKeyword$_click_closure1.doCall(ClickKeyword.groovy:65)
	at com.kms.katalon.core.webui.keyword.builtin.ClickKeyword$_click_closure1.call(ClickKeyword.groovy)
	at com.kms.katalon.core.webui.keyword.internal.WebUIKeywordMain.runKeyword(WebUIKeywordMain.groovy:20)
	at com.kms.katalon.core.webui.keyword.builtin.ClickKeyword.click(ClickKeyword.groovy:74)
	at com.kms.katalon.core.webui.keyword.builtin.ClickKeyword.execute(ClickKeyword.groovy:40)
	at com.kms.katalon.core.keyword.internal.KeywordExecutor.executeKeywordForPlatform(KeywordExecutor.groovy:74)
	at com.kms.katalon.core.webui.keyword.WebUiBuiltInKeywords.click(WebUiBuiltInKeywords.groovy:620)
	at com.kms.katalon.core.webui.keyword.WebUiBuiltInKeywords$click$5.call(Unknown Source)
	at Script1637256111884.run(Script1637256111884.groovy:22)
	... 13 more
)
[[ATTACHMENT|C:\\Users\\diego.rojas\\git\\Pruebas-Minimas\\Reports\\20211221_161251\\4-pruebas capacitaci\u00F3n\\20211221_161307\\1640121694792.png]]]]></system-out>
         <system-err><![CDATA[2021-12-21 16:20:54 - [TEST_CASE][FAILED] - Test Cases/4.1-Pruebas_Capacitación/4.1.5-Insribir_un_asistente: Test Cases/4.1-Pruebas_Capacitación/4.1.5-Insribir_un_asistente FAILED.
Reason:
com.kms.katalon.core.exception.StepFailedException: Unable to click on object 'Object Repository/Modulo Pruebas Capacitación/Inscribir_un_asistente/td_Prueba'
	at com.kms.katalon.core.webui.keyword.internal.WebUIKeywordMain.stepFailed(WebUIKeywordMain.groovy:64)
	at com.kms.katalon.core.webui.keyword.internal.WebUIKeywordMain.runKeyword(WebUIKeywordMain.groovy:26)
	at com.kms.katalon.core.webui.keyword.builtin.ClickKeyword.click(ClickKeyword.groovy:74)
	at com.kms.katalon.core.webui.keyword.builtin.ClickKeyword.execute(ClickKeyword.groovy:40)
	at com.kms.katalon.core.keyword.internal.KeywordExecutor.executeKeywordForPlatform(KeywordExecutor.groovy:74)
	at com.kms.katalon.core.webui.keyword.WebUiBuiltInKeywords.click(WebUiBuiltInKeywords.groovy:620)
	at com.kms.katalon.core.webui.keyword.WebUiBuiltInKeywords$click$5.call(Unknown Source)
	at 4.1.5-Insribir_un_asistente.run(4.1.5-Insribir_un_asistente:22)
	at com.kms.katalon.core.main.ScriptEngine.run(ScriptEngine.java:194)
	at com.kms.katalon.core.main.ScriptEngine.runScriptAsRawText(ScriptEngine.java:119)
	at com.kms.katalon.core.main.TestCaseExecutor.runScript(TestCaseExecutor.java:442)
	at com.kms.katalon.core.main.TestCaseExecutor.doExecute(TestCaseExecutor.java:433)
	at com.kms.katalon.core.main.TestCaseExecutor.processExecutionPhase(TestCaseExecutor.java:412)
	at com.kms.katalon.core.main.TestCaseExecutor.accessMainPhase(TestCaseExecutor.java:404)
	at com.kms.katalon.core.main.TestCaseExecutor.execute(TestCaseExecutor.java:281)
	at com.kms.katalon.core.main.TestSuiteExecutor.accessTestCaseMainPhase(TestSuiteExecutor.java:202)
	at com.kms.katalon.core.main.TestSuiteExecutor.accessTestSuiteMainPhase(TestSuiteExecutor.java:164)
	at com.kms.katalon.core.main.TestSuiteExecutor.execute(TestSuiteExecutor.java:105)
	at com.kms.katalon.core.main.TestCaseMain.startTestSuite(TestCaseMain.java:181)
	at com.kms.katalon.core.main.TestCaseMain$startTestSuite$0.call(Unknown Source)
	at TempTestSuite1640121187489.run(TempTestSuite1640121187489.groovy:36)
Caused by: com.kms.katalon.core.webui.exception.WebElementNotFoundException: Web element with id: 'Object Repository/Modulo Pruebas Capacitación/Inscribir_un_asistente/td_Prueba' located by '//*/text()[normalize-space(.)='Prueba']/parent::*' not found
	at com.kms.katalon.core.webui.common.WebUiCommonHelper.findWebElement(WebUiCommonHelper.java:1368)
	at com.kms.katalon.core.webui.keyword.internal.WebUIAbstractKeyword.findWebElement(WebUIAbstractKeyword.groovy:27)
	at com.kms.katalon.core.webui.keyword.builtin.ClickKeyword$_click_closure1.doCall(ClickKeyword.groovy:65)
	at com.kms.katalon.core.webui.keyword.builtin.ClickKeyword$_click_closure1.call(ClickKeyword.groovy)
	at com.kms.katalon.core.webui.keyword.internal.WebUIKeywordMain.runKeyword(WebUIKeywordMain.groovy:20)
	... 19 more]]></system-err>
      </testcase>
      <testcase name="Test Cases/4.1-Pruebas_Capacitación/4.1.6-Enviar_una_invitación" time="41.691" classname="Test Cases/4.1-Pruebas_Capacitación/4.1.6-Enviar_una_invitación" status="FAILED">
         <failure type="FAILED" message="Test Cases/4.1-Pruebas_Capacitación/4.1.6-Enviar_una_invitación FAILED.
Reason:
com.kms.katalon.core.exception.StepFailedException: Unable to click on object 'Object Repository/Modulo Pruebas Capacitación/Enviar_una_invitación/td_Prueba'
	at com.kms.katalon.core.webui.keyword.internal.WebUIKeywordMain.stepFailed(WebUIKeywordMain.groovy:64)
	at com.kms.katalon.core.webui.keyword.internal.WebUIKeywordMain.runKeyword(WebUIKeywordMain.groovy:26)
	at com.kms.katalon.core.webui.keyword.builtin.ClickKeyword.click(ClickKeyword.groovy:74)
	at com.kms.katalon.core.webui.keyword.builtin.ClickKeyword.execute(ClickKeyword.groovy:40)
	at com.kms.katalon.core.keyword.internal.KeywordExecutor.executeKeywordForPlatform(KeywordExecutor.groovy:74)
	at com.kms.katalon.core.webui.keyword.WebUiBuiltInKeywords.click(WebUiBuiltInKeywords.groovy:620)
	at com.kms.katalon.core.webui.keyword.WebUiBuiltInKeywords$click$5.call(Unknown Source)
	at 4.1.6-Enviar_una_invitación.run(4.1.6-Enviar_una_invitación:22)
	at com.kms.katalon.core.main.ScriptEngine.run(ScriptEngine.java:194)
	at com.kms.katalon.core.main.ScriptEngine.runScriptAsRawText(ScriptEngine.java:119)
	at com.kms.katalon.core.main.TestCaseExecutor.runScript(TestCaseExecutor.java:442)
	at com.kms.katalon.core.main.TestCaseExecutor.doExecute(TestCaseExecutor.java:433)
	at com.kms.katalon.core.main.TestCaseExecutor.processExecutionPhase(TestCaseExecutor.java:412)
	at com.kms.katalon.core.main.TestCaseExecutor.accessMainPhase(TestCaseExecutor.java:404)
	at com.kms.katalon.core.main.TestCaseExecutor.execute(TestCaseExecutor.java:281)
	at com.kms.katalon.core.main.TestSuiteExecutor.accessTestCaseMainPhase(TestSuiteExecutor.java:202)
	at com.kms.katalon.core.main.TestSuiteExecutor.accessTestSuiteMainPhase(TestSuiteExecutor.java:164)
	at com.kms.katalon.core.main.TestSuiteExecutor.execute(TestSuiteExecutor.java:105)
	at com.kms.katalon.core.main.TestCaseMain.startTestSuite(TestCaseMain.java:181)
	at com.kms.katalon.core.main.TestCaseMain$startTestSuite$0.call(Unknown Source)
	at TempTestSuite1640121187489.run(TempTestSuite1640121187489.groovy:36)
Caused by: com.kms.katalon.core.webui.exception.WebElementNotFoundException: Web element with id: 'Object Repository/Modulo Pruebas Capacitación/Enviar_una_invitación/td_Prueba' located by '//*/text()[normalize-space(.)='Prueba']/parent::*' not found
	at com.kms.katalon.core.webui.common.WebUiCommonHelper.findWebElement(WebUiCommonHelper.java:1368)
	at com.kms.katalon.core.webui.keyword.internal.WebUIAbstractKeyword.findWebElement(WebUIAbstractKeyword.groovy:27)
	at com.kms.katalon.core.webui.keyword.builtin.ClickKeyword$_click_closure1.doCall(ClickKeyword.groovy:65)
	at com.kms.katalon.core.webui.keyword.builtin.ClickKeyword$_click_closure1.call(ClickKeyword.groovy)
	at com.kms.katalon.core.webui.keyword.internal.WebUIKeywordMain.runKeyword(WebUIKeywordMain.groovy:20)
	... 19 more
"/>
         <system-out><![CDATA[2021-12-21 16:21:34 - [TEST_CASE][FAILED] - Test Cases/4.1-Pruebas_Capacitación/4.1.6-Enviar_una_invitación: Test Cases/4.1-Pruebas_Capacitación/4.1.6-Enviar_una_invitación FAILED.
Reason:
com.kms.katalon.core.exception.StepFailedException: Unable to click on object 'Object Repository/Modulo Pruebas Capacitación/Enviar_una_invitación/td_Prueba'
	at com.kms.katalon.core.webui.keyword.internal.WebUIKeywordMain.stepFailed(WebUIKeywordMain.groovy:64)
	at com.kms.katalon.core.webui.keyword.internal.WebUIKeywordMain.runKeyword(WebUIKeywordMain.groovy:26)
	at com.kms.katalon.core.webui.keyword.builtin.ClickKeyword.click(ClickKeyword.groovy:74)
	at com.kms.katalon.core.webui.keyword.builtin.ClickKeyword.execute(ClickKeyword.groovy:40)
	at com.kms.katalon.core.keyword.internal.KeywordExecutor.executeKeywordForPlatform(KeywordExecutor.groovy:74)
	at com.kms.katalon.core.webui.keyword.WebUiBuiltInKeywords.click(WebUiBuiltInKeywords.groovy:620)
	at com.kms.katalon.core.webui.keyword.WebUiBuiltInKeywords$click$5.call(Unknown Source)
	at 4.1.6-Enviar_una_invitación.run(4.1.6-Enviar_una_invitación:22)
	at com.kms.katalon.core.main.ScriptEngine.run(ScriptEngine.java:194)
	at com.kms.katalon.core.main.ScriptEngine.runScriptAsRawText(ScriptEngine.java:119)
	at com.kms.katalon.core.main.TestCaseExecutor.runScript(TestCaseExecutor.java:442)
	at com.kms.katalon.core.main.TestCaseExecutor.doExecute(TestCaseExecutor.java:433)
	at com.kms.katalon.core.main.TestCaseExecutor.processExecutionPhase(TestCaseExecutor.java:412)
	at com.kms.katalon.core.main.TestCaseExecutor.accessMainPhase(TestCaseExecutor.java:404)
	at com.kms.katalon.core.main.TestCaseExecutor.execute(TestCaseExecutor.java:281)
	at com.kms.katalon.core.main.TestSuiteExecutor.accessTestCaseMainPhase(TestSuiteExecutor.java:202)
	at com.kms.katalon.core.main.TestSuiteExecutor.accessTestSuiteMainPhase(TestSuiteExecutor.java:164)
	at com.kms.katalon.core.main.TestSuiteExecutor.execute(TestSuiteExecutor.java:105)
	at com.kms.katalon.core.main.TestCaseMain.startTestSuite(TestCaseMain.java:181)
	at com.kms.katalon.core.main.TestCaseMain$startTestSuite$0.call(Unknown Source)
	at TempTestSuite1640121187489.run(TempTestSuite1640121187489.groovy:36)
Caused by: com.kms.katalon.core.webui.exception.WebElementNotFoundException: Web element with id: 'Object Repository/Modulo Pruebas Capacitación/Enviar_una_invitación/td_Prueba' located by '//*/text()[normalize-space(.)='Prueba']/parent::*' not found
	at com.kms.katalon.core.webui.common.WebUiCommonHelper.findWebElement(WebUiCommonHelper.java:1368)
	at com.kms.katalon.core.webui.keyword.internal.WebUIAbstractKeyword.findWebElement(WebUIAbstractKeyword.groovy:27)
	at com.kms.katalon.core.webui.keyword.builtin.ClickKeyword$_click_closure1.doCall(ClickKeyword.groovy:65)
	at com.kms.katalon.core.webui.keyword.builtin.ClickKeyword$_click_closure1.call(ClickKeyword.groovy)
	at com.kms.katalon.core.webui.keyword.internal.WebUIKeywordMain.runKeyword(WebUIKeywordMain.groovy:20)
	... 19 more


2021-12-21 16:21:35 - [TEST_STEP][PASSED] - callTestCase(findTestCase("Utilidades-(atajos_para _tareas)/Modulos/Modulo Control Evento Capacitacion"), [:], STOP_ON_FAILURE): Call Test Case 'Test Cases/Utilidades-(atajos_para _tareas)/Modulos/Modulo Control Evento Capacitacion' successfully

2021-12-21 16:21:35 - [TEST_CASE][PASSED] - Test Cases/Utilidades-(atajos_para _tareas)/Modulos/Modulo Control Evento Capacitacion: Test Cases/Utilidades-(atajos_para _tareas)/Modulos/Modulo Control Evento Capacitacion

2021-12-21 16:21:35 - [TEST_STEP][PASSED] - callTestCase(findTestCase("0.1-Login"), [:], STOP_ON_FAILURE): Call Test Case 'Test Cases/0.1-Login' successfully

2021-12-21 16:21:35 - [TEST_CASE][PASSED] - Test Cases/0.1-Login: Test Cases/0.1-Login

2021-12-21 16:21:35 - [TEST_STEP][PASSED] - openBrowser(""): Browser is opened with url: ''

2021-12-21 16:21:35 - [MESSAGE][WARNING] - A browser is already opened. Closing browser and opening a new one

2021-12-21 16:21:36 - [MESSAGE][INFO] - Starting 'Chrome' driver

2021-12-21 16:21:36 - [MESSAGE][INFO] - Action delay is set to 0 milliseconds

2021-12-21 16:21:37 - [MESSAGE][PASSED] - Browser is opened with url: ''

2021-12-21 16:21:37 - [TEST_STEP][PASSED] - maximizeWindow(): Current window maximized

2021-12-21 16:21:37 - [MESSAGE][PASSED] - Current window maximized

2021-12-21 16:21:37 - [TEST_STEP][PASSED] - i = G_Login: null

2021-12-21 16:21:37 - [TEST_STEP][PASSED] - url = new java.net.URL(i): null

2021-12-21 16:21:37 - [TEST_STEP][PASSED] - println("URL: " + url.toString()): null

2021-12-21 16:21:37 - [TEST_STEP][PASSED] - connection = url.openConnection(): null

2021-12-21 16:21:37 - [TEST_STEP][PASSED] - connection.setRequestMethod("GET"): null

2021-12-21 16:21:37 - [TEST_STEP][PASSED] - connection.setReadTimeout(2 * 1000): null

2021-12-21 16:21:37 - [TEST_STEP][PASSED] - try: null

2021-12-21 16:21:37 - [TEST_STEP][PASSED] - connection.connect(): null

2021-12-21 16:21:37 - [TEST_STEP][PASSED] - flag = connected: null

2021-12-21 16:21:37 - [TEST_STEP][PASSED] - println("Valor_ori: " + flag): null

2021-12-21 16:21:37 - [TEST_STEP][PASSED] - if (flag): null

2021-12-21 16:21:37 - [TEST_STEP][PASSED] - navigateToUrl(i): Navigate to 'http://192.168.2.80:8380/saraweb' successfully

2021-12-21 16:21:38 - [MESSAGE][PASSED] - Navigate to 'http://192.168.2.80:8380/saraweb' successfully

2021-12-21 16:21:38 - [TEST_STEP][PASSED] - a(): null

2021-12-21 16:21:38 - [TEST_STEP][PASSED] - setText(findTestObject("Login/input_USUARIO_loginusuario"), G_Usuario): Text 'saraadmin' is set on object 'Object Repository/Login/input_USUARIO_loginusuario'

2021-12-21 16:21:39 - [MESSAGE][PASSED] - Text 'saraadmin' is set on object 'Object Repository/Login/input_USUARIO_loginusuario'

2021-12-21 16:21:39 - [TEST_STEP][PASSED] - setEncryptedText(findTestObject("Login/input_CLAVE_loginpassword"), "MkG4/TYiCFC3cb2driP7+Q=="): Text ****** has been set on object 'Object Repository/Login/input_CLAVE_loginpassword'

2021-12-21 16:21:39 - [MESSAGE][PASSED] - Text ****** has been set on object 'Object Repository/Login/input_CLAVE_loginpassword'

2021-12-21 16:21:39 - [TEST_STEP][PASSED] - waitForElementClickable(findTestObject("Login/a_Ingresar"), G_TimeOut): Object 'Object Repository/Login/a_Ingresar' is clickable

2021-12-21 16:21:39 - [MESSAGE][PASSED] - Object 'Object Repository/Login/a_Ingresar' is clickable

2021-12-21 16:21:39 - [TEST_STEP][PASSED] - click(findTestObject("Login/a_Ingresar")): Object: 'Object Repository/Login/a_Ingresar' is clicked on

2021-12-21 16:21:42 - [MESSAGE][PASSED] - Object: 'Object Repository/Login/a_Ingresar' is clicked on

2021-12-21 16:21:42 - [TEST_STEP][PASSED] - element = findWebElement(findTestObject("Login/a_Ir"), 30): null

2021-12-21 16:21:42 - [TEST_STEP][PASSED] - executeJavaScript("arguments[0].click()", Arrays.asList(element)): Execute JavaScript 'arguments[0].click()' successfully

2021-12-21 16:21:42 - [MESSAGE][PASSED] - Execute JavaScript 'arguments[0].click()' successfully

2021-12-21 16:21:42 - [MESSAGE][PASSED] - Call Test Case 'Test Cases/0.1-Login' successfully

2021-12-21 16:21:42 - [TEST_STEP][PASSED] - setText(findTestObject("Modulo Control Evento Capacitacion/input_ADMINISTRADOR DEL SISTEMA - SARA_form_templatej_idt24_input"), "Control Evento"): Text 'Control Evento' is set on object 'Object Repository/Modulo Control Evento Capacitacion/input_ADMINISTRADOR DEL SISTEMA - SARA_form_templatej_idt24_input'

2021-12-21 16:21:43 - [MESSAGE][PASSED] - Text 'Control Evento' is set on object 'Object Repository/Modulo Control Evento Capacitacion/input_ADMINISTRADOR DEL SISTEMA - SARA_form_templatej_idt24_input'

2021-12-21 16:21:43 - [TEST_STEP][PASSED] - click(findTestObject("Modulo Control Evento Capacitacion/li_Control Evento Capacitacion (cap)")): Object: 'Object Repository/Modulo Control Evento Capacitacion/li_Control Evento Capacitacion (cap)' is clicked on

2021-12-21 16:21:45 - [MESSAGE][PASSED] - Object: 'Object Repository/Modulo Control Evento Capacitacion/li_Control Evento Capacitacion (cap)' is clicked on

2021-12-21 16:21:45 - [MESSAGE][PASSED] - Call Test Case 'Test Cases/Utilidades-(atajos_para _tareas)/Modulos/Modulo Control Evento Capacitacion' successfully

2021-12-21 16:21:45 - [TEST_STEP][FAILED] - click(findTestObject("Modulo Pruebas Capacitación/Enviar_una_invitación/td_Prueba")): Unable to click on object 'Object Repository/Modulo Pruebas Capacitación/Enviar_una_invitación/td_Prueba' (Root cause: com.kms.katalon.core.exception.StepFailedException: Unable to click on object 'Object Repository/Modulo Pruebas Capacitación/Enviar_una_invitación/td_Prueba'
	at com.kms.katalon.core.webui.keyword.internal.WebUIKeywordMain.stepFailed(WebUIKeywordMain.groovy:64)
	at com.kms.katalon.core.webui.keyword.internal.WebUIKeywordMain.runKeyword(WebUIKeywordMain.groovy:26)
	at com.kms.katalon.core.webui.keyword.builtin.ClickKeyword.click(ClickKeyword.groovy:74)
	at com.kms.katalon.core.webui.keyword.builtin.ClickKeyword.execute(ClickKeyword.groovy:40)
	at com.kms.katalon.core.keyword.internal.KeywordExecutor.executeKeywordForPlatform(KeywordExecutor.groovy:74)
	at com.kms.katalon.core.webui.keyword.WebUiBuiltInKeywords.click(WebUiBuiltInKeywords.groovy:620)
	at com.kms.katalon.core.webui.keyword.WebUiBuiltInKeywords$click$5.call(Unknown Source)
	at 4.1.6-Enviar_una_invitación.run(4.1.6-Enviar_una_invitación:22)
	at com.kms.katalon.core.main.ScriptEngine.run(ScriptEngine.java:194)
	at com.kms.katalon.core.main.ScriptEngine.runScriptAsRawText(ScriptEngine.java:119)
	at com.kms.katalon.core.main.TestCaseExecutor.runScript(TestCaseExecutor.java:442)
	at com.kms.katalon.core.main.TestCaseExecutor.doExecute(TestCaseExecutor.java:433)
	at com.kms.katalon.core.main.TestCaseExecutor.processExecutionPhase(TestCaseExecutor.java:412)
	at com.kms.katalon.core.main.TestCaseExecutor.accessMainPhase(TestCaseExecutor.java:404)
	at com.kms.katalon.core.main.TestCaseExecutor.execute(TestCaseExecutor.java:281)
	at com.kms.katalon.core.main.TestSuiteExecutor.accessTestCaseMainPhase(TestSuiteExecutor.java:202)
	at com.kms.katalon.core.main.TestSuiteExecutor.accessTestSuiteMainPhase(TestSuiteExecutor.java:164)
	at com.kms.katalon.core.main.TestSuiteExecutor.execute(TestSuiteExecutor.java:105)
	at com.kms.katalon.core.main.TestCaseMain.startTestSuite(TestCaseMain.java:181)
	at com.kms.katalon.core.main.TestCaseMain$startTestSuite$0.call(Unknown Source)
	at TempTestSuite1640121187489.run(TempTestSuite1640121187489.groovy:36)
Caused by: com.kms.katalon.core.webui.exception.WebElementNotFoundException: Web element with id: 'Object Repository/Modulo Pruebas Capacitación/Enviar_una_invitación/td_Prueba' located by '//*/text()[normalize-space(.)='Prueba']/parent::*' not found
	at com.kms.katalon.core.webui.common.WebUiCommonHelper.findWebElement(WebUiCommonHelper.java:1368)
	at com.kms.katalon.core.webui.keyword.internal.WebUIAbstractKeyword.findWebElement(WebUIAbstractKeyword.groovy:27)
	at com.kms.katalon.core.webui.keyword.builtin.ClickKeyword$_click_closure1.doCall(ClickKeyword.groovy:65)
	at com.kms.katalon.core.webui.keyword.builtin.ClickKeyword$_click_closure1.call(ClickKeyword.groovy)
	at com.kms.katalon.core.webui.keyword.internal.WebUIKeywordMain.runKeyword(WebUIKeywordMain.groovy:20)
	at com.kms.katalon.core.webui.keyword.builtin.ClickKeyword.click(ClickKeyword.groovy:74)
	at com.kms.katalon.core.webui.keyword.builtin.ClickKeyword.execute(ClickKeyword.groovy:40)
	at com.kms.katalon.core.keyword.internal.KeywordExecutor.executeKeywordForPlatform(KeywordExecutor.groovy:74)
	at com.kms.katalon.core.webui.keyword.WebUiBuiltInKeywords.click(WebUiBuiltInKeywords.groovy:620)
	at com.kms.katalon.core.webui.keyword.WebUiBuiltInKeywords$click$5.call(Unknown Source)
	at Script1637266818782.run(Script1637266818782.groovy:22)
	... 13 more
)

2021-12-21 16:22:16 - [MESSAGE][INFO] - Unable to find the element located by 'By.xpath: //*/text()[normalize-space(.)='Prueba']/parent::*'. Please recheck the objects properties to make sure the desired element is located. 

2021-12-21 16:22:16 - [MESSAGE][FAILED] - Unable to click on object 'Object Repository/Modulo Pruebas Capacitación/Enviar_una_invitación/td_Prueba' (Root cause: com.kms.katalon.core.exception.StepFailedException: Unable to click on object 'Object Repository/Modulo Pruebas Capacitación/Enviar_una_invitación/td_Prueba'
	at com.kms.katalon.core.webui.keyword.internal.WebUIKeywordMain.stepFailed(WebUIKeywordMain.groovy:64)
	at com.kms.katalon.core.webui.keyword.internal.WebUIKeywordMain.runKeyword(WebUIKeywordMain.groovy:26)
	at com.kms.katalon.core.webui.keyword.builtin.ClickKeyword.click(ClickKeyword.groovy:74)
	at com.kms.katalon.core.webui.keyword.builtin.ClickKeyword.execute(ClickKeyword.groovy:40)
	at com.kms.katalon.core.keyword.internal.KeywordExecutor.executeKeywordForPlatform(KeywordExecutor.groovy:74)
	at com.kms.katalon.core.webui.keyword.WebUiBuiltInKeywords.click(WebUiBuiltInKeywords.groovy:620)
	at com.kms.katalon.core.webui.keyword.WebUiBuiltInKeywords$click$5.call(Unknown Source)
	at 4.1.6-Enviar_una_invitación.run(4.1.6-Enviar_una_invitación:22)
	at com.kms.katalon.core.main.ScriptEngine.run(ScriptEngine.java:194)
	at com.kms.katalon.core.main.ScriptEngine.runScriptAsRawText(ScriptEngine.java:119)
	at com.kms.katalon.core.main.TestCaseExecutor.runScript(TestCaseExecutor.java:442)
	at com.kms.katalon.core.main.TestCaseExecutor.doExecute(TestCaseExecutor.java:433)
	at com.kms.katalon.core.main.TestCaseExecutor.processExecutionPhase(TestCaseExecutor.java:412)
	at com.kms.katalon.core.main.TestCaseExecutor.accessMainPhase(TestCaseExecutor.java:404)
	at com.kms.katalon.core.main.TestCaseExecutor.execute(TestCaseExecutor.java:281)
	at com.kms.katalon.core.main.TestSuiteExecutor.accessTestCaseMainPhase(TestSuiteExecutor.java:202)
	at com.kms.katalon.core.main.TestSuiteExecutor.accessTestSuiteMainPhase(TestSuiteExecutor.java:164)
	at com.kms.katalon.core.main.TestSuiteExecutor.execute(TestSuiteExecutor.java:105)
	at com.kms.katalon.core.main.TestCaseMain.startTestSuite(TestCaseMain.java:181)
	at com.kms.katalon.core.main.TestCaseMain$startTestSuite$0.call(Unknown Source)
	at TempTestSuite1640121187489.run(TempTestSuite1640121187489.groovy:36)
Caused by: com.kms.katalon.core.webui.exception.WebElementNotFoundException: Web element with id: 'Object Repository/Modulo Pruebas Capacitación/Enviar_una_invitación/td_Prueba' located by '//*/text()[normalize-space(.)='Prueba']/parent::*' not found
	at com.kms.katalon.core.webui.common.WebUiCommonHelper.findWebElement(WebUiCommonHelper.java:1368)
	at com.kms.katalon.core.webui.keyword.internal.WebUIAbstractKeyword.findWebElement(WebUIAbstractKeyword.groovy:27)
	at com.kms.katalon.core.webui.keyword.builtin.ClickKeyword$_click_closure1.doCall(ClickKeyword.groovy:65)
	at com.kms.katalon.core.webui.keyword.builtin.ClickKeyword$_click_closure1.call(ClickKeyword.groovy)
	at com.kms.katalon.core.webui.keyword.internal.WebUIKeywordMain.runKeyword(WebUIKeywordMain.groovy:20)
	at com.kms.katalon.core.webui.keyword.builtin.ClickKeyword.click(ClickKeyword.groovy:74)
	at com.kms.katalon.core.webui.keyword.builtin.ClickKeyword.execute(ClickKeyword.groovy:40)
	at com.kms.katalon.core.keyword.internal.KeywordExecutor.executeKeywordForPlatform(KeywordExecutor.groovy:74)
	at com.kms.katalon.core.webui.keyword.WebUiBuiltInKeywords.click(WebUiBuiltInKeywords.groovy:620)
	at com.kms.katalon.core.webui.keyword.WebUiBuiltInKeywords$click$5.call(Unknown Source)
	at Script1637266818782.run(Script1637266818782.groovy:22)
	... 13 more
)
[[ATTACHMENT|C:\\Users\\diego.rojas\\git\\Pruebas-Minimas\\Reports\\20211221_161251\\4-pruebas capacitaci\u00F3n\\20211221_161307\\1640121736498.png]]]]></system-out>
         <system-err><![CDATA[2021-12-21 16:21:34 - [TEST_CASE][FAILED] - Test Cases/4.1-Pruebas_Capacitación/4.1.6-Enviar_una_invitación: Test Cases/4.1-Pruebas_Capacitación/4.1.6-Enviar_una_invitación FAILED.
Reason:
com.kms.katalon.core.exception.StepFailedException: Unable to click on object 'Object Repository/Modulo Pruebas Capacitación/Enviar_una_invitación/td_Prueba'
	at com.kms.katalon.core.webui.keyword.internal.WebUIKeywordMain.stepFailed(WebUIKeywordMain.groovy:64)
	at com.kms.katalon.core.webui.keyword.internal.WebUIKeywordMain.runKeyword(WebUIKeywordMain.groovy:26)
	at com.kms.katalon.core.webui.keyword.builtin.ClickKeyword.click(ClickKeyword.groovy:74)
	at com.kms.katalon.core.webui.keyword.builtin.ClickKeyword.execute(ClickKeyword.groovy:40)
	at com.kms.katalon.core.keyword.internal.KeywordExecutor.executeKeywordForPlatform(KeywordExecutor.groovy:74)
	at com.kms.katalon.core.webui.keyword.WebUiBuiltInKeywords.click(WebUiBuiltInKeywords.groovy:620)
	at com.kms.katalon.core.webui.keyword.WebUiBuiltInKeywords$click$5.call(Unknown Source)
	at 4.1.6-Enviar_una_invitación.run(4.1.6-Enviar_una_invitación:22)
	at com.kms.katalon.core.main.ScriptEngine.run(ScriptEngine.java:194)
	at com.kms.katalon.core.main.ScriptEngine.runScriptAsRawText(ScriptEngine.java:119)
	at com.kms.katalon.core.main.TestCaseExecutor.runScript(TestCaseExecutor.java:442)
	at com.kms.katalon.core.main.TestCaseExecutor.doExecute(TestCaseExecutor.java:433)
	at com.kms.katalon.core.main.TestCaseExecutor.processExecutionPhase(TestCaseExecutor.java:412)
	at com.kms.katalon.core.main.TestCaseExecutor.accessMainPhase(TestCaseExecutor.java:404)
	at com.kms.katalon.core.main.TestCaseExecutor.execute(TestCaseExecutor.java:281)
	at com.kms.katalon.core.main.TestSuiteExecutor.accessTestCaseMainPhase(TestSuiteExecutor.java:202)
	at com.kms.katalon.core.main.TestSuiteExecutor.accessTestSuiteMainPhase(TestSuiteExecutor.java:164)
	at com.kms.katalon.core.main.TestSuiteExecutor.execute(TestSuiteExecutor.java:105)
	at com.kms.katalon.core.main.TestCaseMain.startTestSuite(TestCaseMain.java:181)
	at com.kms.katalon.core.main.TestCaseMain$startTestSuite$0.call(Unknown Source)
	at TempTestSuite1640121187489.run(TempTestSuite1640121187489.groovy:36)
Caused by: com.kms.katalon.core.webui.exception.WebElementNotFoundException: Web element with id: 'Object Repository/Modulo Pruebas Capacitación/Enviar_una_invitación/td_Prueba' located by '//*/text()[normalize-space(.)='Prueba']/parent::*' not found
	at com.kms.katalon.core.webui.common.WebUiCommonHelper.findWebElement(WebUiCommonHelper.java:1368)
	at com.kms.katalon.core.webui.keyword.internal.WebUIAbstractKeyword.findWebElement(WebUIAbstractKeyword.groovy:27)
	at com.kms.katalon.core.webui.keyword.builtin.ClickKeyword$_click_closure1.doCall(ClickKeyword.groovy:65)
	at com.kms.katalon.core.webui.keyword.builtin.ClickKeyword$_click_closure1.call(ClickKeyword.groovy)
	at com.kms.katalon.core.webui.keyword.internal.WebUIKeywordMain.runKeyword(WebUIKeywordMain.groovy:20)
	... 19 more]]></system-err>
      </testcase>
      <testcase name="Test Cases/4.1-Pruebas_Capacitación/4.1.7-Cambiar_estado_de_un_asistente" time="41.447" classname="Test Cases/4.1-Pruebas_Capacitación/4.1.7-Cambiar_estado_de_un_asistente" status="FAILED">
         <failure type="FAILED" message="Test Cases/4.1-Pruebas_Capacitación/4.1.7-Cambiar_estado_de_un_asistente FAILED.
Reason:
com.kms.katalon.core.exception.StepFailedException: Unable to click on object 'Object Repository/Modulo Pruebas Capacitación/Cambiar_estado_de_un_asistente/td_Prueba'
	at com.kms.katalon.core.webui.keyword.internal.WebUIKeywordMain.stepFailed(WebUIKeywordMain.groovy:64)
	at com.kms.katalon.core.webui.keyword.internal.WebUIKeywordMain.runKeyword(WebUIKeywordMain.groovy:26)
	at com.kms.katalon.core.webui.keyword.builtin.ClickKeyword.click(ClickKeyword.groovy:74)
	at com.kms.katalon.core.webui.keyword.builtin.ClickKeyword.execute(ClickKeyword.groovy:40)
	at com.kms.katalon.core.keyword.internal.KeywordExecutor.executeKeywordForPlatform(KeywordExecutor.groovy:74)
	at com.kms.katalon.core.webui.keyword.WebUiBuiltInKeywords.click(WebUiBuiltInKeywords.groovy:620)
	at com.kms.katalon.core.webui.keyword.WebUiBuiltInKeywords$click$5.call(Unknown Source)
	at 4.1.7-Cambiar_estado_de_un_asistente.run(4.1.7-Cambiar_estado_de_un_asistente:22)
	at com.kms.katalon.core.main.ScriptEngine.run(ScriptEngine.java:194)
	at com.kms.katalon.core.main.ScriptEngine.runScriptAsRawText(ScriptEngine.java:119)
	at com.kms.katalon.core.main.TestCaseExecutor.runScript(TestCaseExecutor.java:442)
	at com.kms.katalon.core.main.TestCaseExecutor.doExecute(TestCaseExecutor.java:433)
	at com.kms.katalon.core.main.TestCaseExecutor.processExecutionPhase(TestCaseExecutor.java:412)
	at com.kms.katalon.core.main.TestCaseExecutor.accessMainPhase(TestCaseExecutor.java:404)
	at com.kms.katalon.core.main.TestCaseExecutor.execute(TestCaseExecutor.java:281)
	at com.kms.katalon.core.main.TestSuiteExecutor.accessTestCaseMainPhase(TestSuiteExecutor.java:202)
	at com.kms.katalon.core.main.TestSuiteExecutor.accessTestSuiteMainPhase(TestSuiteExecutor.java:164)
	at com.kms.katalon.core.main.TestSuiteExecutor.execute(TestSuiteExecutor.java:105)
	at com.kms.katalon.core.main.TestCaseMain.startTestSuite(TestCaseMain.java:181)
	at com.kms.katalon.core.main.TestCaseMain$startTestSuite$0.call(Unknown Source)
	at TempTestSuite1640121187489.run(TempTestSuite1640121187489.groovy:36)
Caused by: com.kms.katalon.core.webui.exception.WebElementNotFoundException: Web element with id: 'Object Repository/Modulo Pruebas Capacitación/Cambiar_estado_de_un_asistente/td_Prueba' located by '//*/text()[normalize-space(.)='Prueba']/parent::*' not found
	at com.kms.katalon.core.webui.common.WebUiCommonHelper.findWebElement(WebUiCommonHelper.java:1368)
	at com.kms.katalon.core.webui.keyword.internal.WebUIAbstractKeyword.findWebElement(WebUIAbstractKeyword.groovy:27)
	at com.kms.katalon.core.webui.keyword.builtin.ClickKeyword$_click_closure1.doCall(ClickKeyword.groovy:65)
	at com.kms.katalon.core.webui.keyword.builtin.ClickKeyword$_click_closure1.call(ClickKeyword.groovy)
	at com.kms.katalon.core.webui.keyword.internal.WebUIKeywordMain.runKeyword(WebUIKeywordMain.groovy:20)
	... 19 more
"/>
         <system-out><![CDATA[2021-12-21 16:22:16 - [TEST_CASE][FAILED] - Test Cases/4.1-Pruebas_Capacitación/4.1.7-Cambiar_estado_de_un_asistente: Test Cases/4.1-Pruebas_Capacitación/4.1.7-Cambiar_estado_de_un_asistente FAILED.
Reason:
com.kms.katalon.core.exception.StepFailedException: Unable to click on object 'Object Repository/Modulo Pruebas Capacitación/Cambiar_estado_de_un_asistente/td_Prueba'
	at com.kms.katalon.core.webui.keyword.internal.WebUIKeywordMain.stepFailed(WebUIKeywordMain.groovy:64)
	at com.kms.katalon.core.webui.keyword.internal.WebUIKeywordMain.runKeyword(WebUIKeywordMain.groovy:26)
	at com.kms.katalon.core.webui.keyword.builtin.ClickKeyword.click(ClickKeyword.groovy:74)
	at com.kms.katalon.core.webui.keyword.builtin.ClickKeyword.execute(ClickKeyword.groovy:40)
	at com.kms.katalon.core.keyword.internal.KeywordExecutor.executeKeywordForPlatform(KeywordExecutor.groovy:74)
	at com.kms.katalon.core.webui.keyword.WebUiBuiltInKeywords.click(WebUiBuiltInKeywords.groovy:620)
	at com.kms.katalon.core.webui.keyword.WebUiBuiltInKeywords$click$5.call(Unknown Source)
	at 4.1.7-Cambiar_estado_de_un_asistente.run(4.1.7-Cambiar_estado_de_un_asistente:22)
	at com.kms.katalon.core.main.ScriptEngine.run(ScriptEngine.java:194)
	at com.kms.katalon.core.main.ScriptEngine.runScriptAsRawText(ScriptEngine.java:119)
	at com.kms.katalon.core.main.TestCaseExecutor.runScript(TestCaseExecutor.java:442)
	at com.kms.katalon.core.main.TestCaseExecutor.doExecute(TestCaseExecutor.java:433)
	at com.kms.katalon.core.main.TestCaseExecutor.processExecutionPhase(TestCaseExecutor.java:412)
	at com.kms.katalon.core.main.TestCaseExecutor.accessMainPhase(TestCaseExecutor.java:404)
	at com.kms.katalon.core.main.TestCaseExecutor.execute(TestCaseExecutor.java:281)
	at com.kms.katalon.core.main.TestSuiteExecutor.accessTestCaseMainPhase(TestSuiteExecutor.java:202)
	at com.kms.katalon.core.main.TestSuiteExecutor.accessTestSuiteMainPhase(TestSuiteExecutor.java:164)
	at com.kms.katalon.core.main.TestSuiteExecutor.execute(TestSuiteExecutor.java:105)
	at com.kms.katalon.core.main.TestCaseMain.startTestSuite(TestCaseMain.java:181)
	at com.kms.katalon.core.main.TestCaseMain$startTestSuite$0.call(Unknown Source)
	at TempTestSuite1640121187489.run(TempTestSuite1640121187489.groovy:36)
Caused by: com.kms.katalon.core.webui.exception.WebElementNotFoundException: Web element with id: 'Object Repository/Modulo Pruebas Capacitación/Cambiar_estado_de_un_asistente/td_Prueba' located by '//*/text()[normalize-space(.)='Prueba']/parent::*' not found
	at com.kms.katalon.core.webui.common.WebUiCommonHelper.findWebElement(WebUiCommonHelper.java:1368)
	at com.kms.katalon.core.webui.keyword.internal.WebUIAbstractKeyword.findWebElement(WebUIAbstractKeyword.groovy:27)
	at com.kms.katalon.core.webui.keyword.builtin.ClickKeyword$_click_closure1.doCall(ClickKeyword.groovy:65)
	at com.kms.katalon.core.webui.keyword.builtin.ClickKeyword$_click_closure1.call(ClickKeyword.groovy)
	at com.kms.katalon.core.webui.keyword.internal.WebUIKeywordMain.runKeyword(WebUIKeywordMain.groovy:20)
	... 19 more


2021-12-21 16:22:16 - [TEST_STEP][PASSED] - callTestCase(findTestCase("Utilidades-(atajos_para _tareas)/Modulos/Modulo Control Evento Capacitacion"), [:], STOP_ON_FAILURE): Call Test Case 'Test Cases/Utilidades-(atajos_para _tareas)/Modulos/Modulo Control Evento Capacitacion' successfully

2021-12-21 16:22:17 - [TEST_CASE][PASSED] - Test Cases/Utilidades-(atajos_para _tareas)/Modulos/Modulo Control Evento Capacitacion: Test Cases/Utilidades-(atajos_para _tareas)/Modulos/Modulo Control Evento Capacitacion

2021-12-21 16:22:17 - [TEST_STEP][PASSED] - callTestCase(findTestCase("0.1-Login"), [:], STOP_ON_FAILURE): Call Test Case 'Test Cases/0.1-Login' successfully

2021-12-21 16:22:17 - [TEST_CASE][PASSED] - Test Cases/0.1-Login: Test Cases/0.1-Login

2021-12-21 16:22:17 - [TEST_STEP][PASSED] - openBrowser(""): Browser is opened with url: ''

2021-12-21 16:22:17 - [MESSAGE][WARNING] - A browser is already opened. Closing browser and opening a new one

2021-12-21 16:22:17 - [MESSAGE][INFO] - Starting 'Chrome' driver

2021-12-21 16:22:17 - [MESSAGE][INFO] - Action delay is set to 0 milliseconds

2021-12-21 16:22:18 - [MESSAGE][PASSED] - Browser is opened with url: ''

2021-12-21 16:22:18 - [TEST_STEP][PASSED] - maximizeWindow(): Current window maximized

2021-12-21 16:22:19 - [MESSAGE][PASSED] - Current window maximized

2021-12-21 16:22:19 - [TEST_STEP][PASSED] - i = G_Login: null

2021-12-21 16:22:19 - [TEST_STEP][PASSED] - url = new java.net.URL(i): null

2021-12-21 16:22:19 - [TEST_STEP][PASSED] - println("URL: " + url.toString()): null

2021-12-21 16:22:19 - [TEST_STEP][PASSED] - connection = url.openConnection(): null

2021-12-21 16:22:19 - [TEST_STEP][PASSED] - connection.setRequestMethod("GET"): null

2021-12-21 16:22:19 - [TEST_STEP][PASSED] - connection.setReadTimeout(2 * 1000): null

2021-12-21 16:22:19 - [TEST_STEP][PASSED] - try: null

2021-12-21 16:22:19 - [TEST_STEP][PASSED] - connection.connect(): null

2021-12-21 16:22:19 - [TEST_STEP][PASSED] - flag = connected: null

2021-12-21 16:22:19 - [TEST_STEP][PASSED] - println("Valor_ori: " + flag): null

2021-12-21 16:22:19 - [TEST_STEP][PASSED] - if (flag): null

2021-12-21 16:22:19 - [TEST_STEP][PASSED] - navigateToUrl(i): Navigate to 'http://192.168.2.80:8380/saraweb' successfully

2021-12-21 16:22:19 - [MESSAGE][PASSED] - Navigate to 'http://192.168.2.80:8380/saraweb' successfully

2021-12-21 16:22:19 - [TEST_STEP][PASSED] - a(): null

2021-12-21 16:22:19 - [TEST_STEP][PASSED] - setText(findTestObject("Login/input_USUARIO_loginusuario"), G_Usuario): Text 'saraadmin' is set on object 'Object Repository/Login/input_USUARIO_loginusuario'

2021-12-21 16:22:20 - [MESSAGE][PASSED] - Text 'saraadmin' is set on object 'Object Repository/Login/input_USUARIO_loginusuario'

2021-12-21 16:22:20 - [TEST_STEP][PASSED] - setEncryptedText(findTestObject("Login/input_CLAVE_loginpassword"), "MkG4/TYiCFC3cb2driP7+Q=="): Text ****** has been set on object 'Object Repository/Login/input_CLAVE_loginpassword'

2021-12-21 16:22:21 - [MESSAGE][PASSED] - Text ****** has been set on object 'Object Repository/Login/input_CLAVE_loginpassword'

2021-12-21 16:22:21 - [TEST_STEP][PASSED] - waitForElementClickable(findTestObject("Login/a_Ingresar"), G_TimeOut): Object 'Object Repository/Login/a_Ingresar' is clickable

2021-12-21 16:22:21 - [MESSAGE][PASSED] - Object 'Object Repository/Login/a_Ingresar' is clickable

2021-12-21 16:22:21 - [TEST_STEP][PASSED] - click(findTestObject("Login/a_Ingresar")): Object: 'Object Repository/Login/a_Ingresar' is clicked on

2021-12-21 16:22:23 - [MESSAGE][PASSED] - Object: 'Object Repository/Login/a_Ingresar' is clicked on

2021-12-21 16:22:23 - [TEST_STEP][PASSED] - element = findWebElement(findTestObject("Login/a_Ir"), 30): null

2021-12-21 16:22:24 - [TEST_STEP][PASSED] - executeJavaScript("arguments[0].click()", Arrays.asList(element)): Execute JavaScript 'arguments[0].click()' successfully

2021-12-21 16:22:24 - [MESSAGE][PASSED] - Execute JavaScript 'arguments[0].click()' successfully

2021-12-21 16:22:24 - [MESSAGE][PASSED] - Call Test Case 'Test Cases/0.1-Login' successfully

2021-12-21 16:22:24 - [TEST_STEP][PASSED] - setText(findTestObject("Modulo Control Evento Capacitacion/input_ADMINISTRADOR DEL SISTEMA - SARA_form_templatej_idt24_input"), "Control Evento"): Text 'Control Evento' is set on object 'Object Repository/Modulo Control Evento Capacitacion/input_ADMINISTRADOR DEL SISTEMA - SARA_form_templatej_idt24_input'

2021-12-21 16:22:25 - [MESSAGE][PASSED] - Text 'Control Evento' is set on object 'Object Repository/Modulo Control Evento Capacitacion/input_ADMINISTRADOR DEL SISTEMA - SARA_form_templatej_idt24_input'

2021-12-21 16:22:25 - [TEST_STEP][PASSED] - click(findTestObject("Modulo Control Evento Capacitacion/li_Control Evento Capacitacion (cap)")): Object: 'Object Repository/Modulo Control Evento Capacitacion/li_Control Evento Capacitacion (cap)' is clicked on

2021-12-21 16:22:26 - [MESSAGE][PASSED] - Object: 'Object Repository/Modulo Control Evento Capacitacion/li_Control Evento Capacitacion (cap)' is clicked on

2021-12-21 16:22:26 - [MESSAGE][PASSED] - Call Test Case 'Test Cases/Utilidades-(atajos_para _tareas)/Modulos/Modulo Control Evento Capacitacion' successfully

2021-12-21 16:22:26 - [TEST_STEP][FAILED] - click(findTestObject("Modulo Pruebas Capacitación/Cambiar_estado_de_un_asistente/td_Prueba")): Unable to click on object 'Object Repository/Modulo Pruebas Capacitación/Cambiar_estado_de_un_asistente/td_Prueba' (Root cause: com.kms.katalon.core.exception.StepFailedException: Unable to click on object 'Object Repository/Modulo Pruebas Capacitación/Cambiar_estado_de_un_asistente/td_Prueba'
	at com.kms.katalon.core.webui.keyword.internal.WebUIKeywordMain.stepFailed(WebUIKeywordMain.groovy:64)
	at com.kms.katalon.core.webui.keyword.internal.WebUIKeywordMain.runKeyword(WebUIKeywordMain.groovy:26)
	at com.kms.katalon.core.webui.keyword.builtin.ClickKeyword.click(ClickKeyword.groovy:74)
	at com.kms.katalon.core.webui.keyword.builtin.ClickKeyword.execute(ClickKeyword.groovy:40)
	at com.kms.katalon.core.keyword.internal.KeywordExecutor.executeKeywordForPlatform(KeywordExecutor.groovy:74)
	at com.kms.katalon.core.webui.keyword.WebUiBuiltInKeywords.click(WebUiBuiltInKeywords.groovy:620)
	at com.kms.katalon.core.webui.keyword.WebUiBuiltInKeywords$click$5.call(Unknown Source)
	at 4.1.7-Cambiar_estado_de_un_asistente.run(4.1.7-Cambiar_estado_de_un_asistente:22)
	at com.kms.katalon.core.main.ScriptEngine.run(ScriptEngine.java:194)
	at com.kms.katalon.core.main.ScriptEngine.runScriptAsRawText(ScriptEngine.java:119)
	at com.kms.katalon.core.main.TestCaseExecutor.runScript(TestCaseExecutor.java:442)
	at com.kms.katalon.core.main.TestCaseExecutor.doExecute(TestCaseExecutor.java:433)
	at com.kms.katalon.core.main.TestCaseExecutor.processExecutionPhase(TestCaseExecutor.java:412)
	at com.kms.katalon.core.main.TestCaseExecutor.accessMainPhase(TestCaseExecutor.java:404)
	at com.kms.katalon.core.main.TestCaseExecutor.execute(TestCaseExecutor.java:281)
	at com.kms.katalon.core.main.TestSuiteExecutor.accessTestCaseMainPhase(TestSuiteExecutor.java:202)
	at com.kms.katalon.core.main.TestSuiteExecutor.accessTestSuiteMainPhase(TestSuiteExecutor.java:164)
	at com.kms.katalon.core.main.TestSuiteExecutor.execute(TestSuiteExecutor.java:105)
	at com.kms.katalon.core.main.TestCaseMain.startTestSuite(TestCaseMain.java:181)
	at com.kms.katalon.core.main.TestCaseMain$startTestSuite$0.call(Unknown Source)
	at TempTestSuite1640121187489.run(TempTestSuite1640121187489.groovy:36)
Caused by: com.kms.katalon.core.webui.exception.WebElementNotFoundException: Web element with id: 'Object Repository/Modulo Pruebas Capacitación/Cambiar_estado_de_un_asistente/td_Prueba' located by '//*/text()[normalize-space(.)='Prueba']/parent::*' not found
	at com.kms.katalon.core.webui.common.WebUiCommonHelper.findWebElement(WebUiCommonHelper.java:1368)
	at com.kms.katalon.core.webui.keyword.internal.WebUIAbstractKeyword.findWebElement(WebUIAbstractKeyword.groovy:27)
	at com.kms.katalon.core.webui.keyword.builtin.ClickKeyword$_click_closure1.doCall(ClickKeyword.groovy:65)
	at com.kms.katalon.core.webui.keyword.builtin.ClickKeyword$_click_closure1.call(ClickKeyword.groovy)
	at com.kms.katalon.core.webui.keyword.internal.WebUIKeywordMain.runKeyword(WebUIKeywordMain.groovy:20)
	at com.kms.katalon.core.webui.keyword.builtin.ClickKeyword.click(ClickKeyword.groovy:74)
	at com.kms.katalon.core.webui.keyword.builtin.ClickKeyword.execute(ClickKeyword.groovy:40)
	at com.kms.katalon.core.keyword.internal.KeywordExecutor.executeKeywordForPlatform(KeywordExecutor.groovy:74)
	at com.kms.katalon.core.webui.keyword.WebUiBuiltInKeywords.click(WebUiBuiltInKeywords.groovy:620)
	at com.kms.katalon.core.webui.keyword.WebUiBuiltInKeywords$click$5.call(Unknown Source)
	at Script1637271428159.run(Script1637271428159.groovy:22)
	... 13 more
)

2021-12-21 16:22:57 - [MESSAGE][INFO] - Unable to find the element located by 'By.xpath: //*/text()[normalize-space(.)='Prueba']/parent::*'. Please recheck the objects properties to make sure the desired element is located. 

2021-12-21 16:22:58 - [MESSAGE][FAILED] - Unable to click on object 'Object Repository/Modulo Pruebas Capacitación/Cambiar_estado_de_un_asistente/td_Prueba' (Root cause: com.kms.katalon.core.exception.StepFailedException: Unable to click on object 'Object Repository/Modulo Pruebas Capacitación/Cambiar_estado_de_un_asistente/td_Prueba'
	at com.kms.katalon.core.webui.keyword.internal.WebUIKeywordMain.stepFailed(WebUIKeywordMain.groovy:64)
	at com.kms.katalon.core.webui.keyword.internal.WebUIKeywordMain.runKeyword(WebUIKeywordMain.groovy:26)
	at com.kms.katalon.core.webui.keyword.builtin.ClickKeyword.click(ClickKeyword.groovy:74)
	at com.kms.katalon.core.webui.keyword.builtin.ClickKeyword.execute(ClickKeyword.groovy:40)
	at com.kms.katalon.core.keyword.internal.KeywordExecutor.executeKeywordForPlatform(KeywordExecutor.groovy:74)
	at com.kms.katalon.core.webui.keyword.WebUiBuiltInKeywords.click(WebUiBuiltInKeywords.groovy:620)
	at com.kms.katalon.core.webui.keyword.WebUiBuiltInKeywords$click$5.call(Unknown Source)
	at 4.1.7-Cambiar_estado_de_un_asistente.run(4.1.7-Cambiar_estado_de_un_asistente:22)
	at com.kms.katalon.core.main.ScriptEngine.run(ScriptEngine.java:194)
	at com.kms.katalon.core.main.ScriptEngine.runScriptAsRawText(ScriptEngine.java:119)
	at com.kms.katalon.core.main.TestCaseExecutor.runScript(TestCaseExecutor.java:442)
	at com.kms.katalon.core.main.TestCaseExecutor.doExecute(TestCaseExecutor.java:433)
	at com.kms.katalon.core.main.TestCaseExecutor.processExecutionPhase(TestCaseExecutor.java:412)
	at com.kms.katalon.core.main.TestCaseExecutor.accessMainPhase(TestCaseExecutor.java:404)
	at com.kms.katalon.core.main.TestCaseExecutor.execute(TestCaseExecutor.java:281)
	at com.kms.katalon.core.main.TestSuiteExecutor.accessTestCaseMainPhase(TestSuiteExecutor.java:202)
	at com.kms.katalon.core.main.TestSuiteExecutor.accessTestSuiteMainPhase(TestSuiteExecutor.java:164)
	at com.kms.katalon.core.main.TestSuiteExecutor.execute(TestSuiteExecutor.java:105)
	at com.kms.katalon.core.main.TestCaseMain.startTestSuite(TestCaseMain.java:181)
	at com.kms.katalon.core.main.TestCaseMain$startTestSuite$0.call(Unknown Source)
	at TempTestSuite1640121187489.run(TempTestSuite1640121187489.groovy:36)
Caused by: com.kms.katalon.core.webui.exception.WebElementNotFoundException: Web element with id: 'Object Repository/Modulo Pruebas Capacitación/Cambiar_estado_de_un_asistente/td_Prueba' located by '//*/text()[normalize-space(.)='Prueba']/parent::*' not found
	at com.kms.katalon.core.webui.common.WebUiCommonHelper.findWebElement(WebUiCommonHelper.java:1368)
	at com.kms.katalon.core.webui.keyword.internal.WebUIAbstractKeyword.findWebElement(WebUIAbstractKeyword.groovy:27)
	at com.kms.katalon.core.webui.keyword.builtin.ClickKeyword$_click_closure1.doCall(ClickKeyword.groovy:65)
	at com.kms.katalon.core.webui.keyword.builtin.ClickKeyword$_click_closure1.call(ClickKeyword.groovy)
	at com.kms.katalon.core.webui.keyword.internal.WebUIKeywordMain.runKeyword(WebUIKeywordMain.groovy:20)
	at com.kms.katalon.core.webui.keyword.builtin.ClickKeyword.click(ClickKeyword.groovy:74)
	at com.kms.katalon.core.webui.keyword.builtin.ClickKeyword.execute(ClickKeyword.groovy:40)
	at com.kms.katalon.core.keyword.internal.KeywordExecutor.executeKeywordForPlatform(KeywordExecutor.groovy:74)
	at com.kms.katalon.core.webui.keyword.WebUiBuiltInKeywords.click(WebUiBuiltInKeywords.groovy:620)
	at com.kms.katalon.core.webui.keyword.WebUiBuiltInKeywords$click$5.call(Unknown Source)
	at Script1637271428159.run(Script1637271428159.groovy:22)
	... 13 more
)
[[ATTACHMENT|C:\\Users\\diego.rojas\\git\\Pruebas-Minimas\\Reports\\20211221_161251\\4-pruebas capacitaci\u00F3n\\20211221_161307\\1640121777961.png]]]]></system-out>
         <system-err><![CDATA[2021-12-21 16:22:16 - [TEST_CASE][FAILED] - Test Cases/4.1-Pruebas_Capacitación/4.1.7-Cambiar_estado_de_un_asistente: Test Cases/4.1-Pruebas_Capacitación/4.1.7-Cambiar_estado_de_un_asistente FAILED.
Reason:
com.kms.katalon.core.exception.StepFailedException: Unable to click on object 'Object Repository/Modulo Pruebas Capacitación/Cambiar_estado_de_un_asistente/td_Prueba'
	at com.kms.katalon.core.webui.keyword.internal.WebUIKeywordMain.stepFailed(WebUIKeywordMain.groovy:64)
	at com.kms.katalon.core.webui.keyword.internal.WebUIKeywordMain.runKeyword(WebUIKeywordMain.groovy:26)
	at com.kms.katalon.core.webui.keyword.builtin.ClickKeyword.click(ClickKeyword.groovy:74)
	at com.kms.katalon.core.webui.keyword.builtin.ClickKeyword.execute(ClickKeyword.groovy:40)
	at com.kms.katalon.core.keyword.internal.KeywordExecutor.executeKeywordForPlatform(KeywordExecutor.groovy:74)
	at com.kms.katalon.core.webui.keyword.WebUiBuiltInKeywords.click(WebUiBuiltInKeywords.groovy:620)
	at com.kms.katalon.core.webui.keyword.WebUiBuiltInKeywords$click$5.call(Unknown Source)
	at 4.1.7-Cambiar_estado_de_un_asistente.run(4.1.7-Cambiar_estado_de_un_asistente:22)
	at com.kms.katalon.core.main.ScriptEngine.run(ScriptEngine.java:194)
	at com.kms.katalon.core.main.ScriptEngine.runScriptAsRawText(ScriptEngine.java:119)
	at com.kms.katalon.core.main.TestCaseExecutor.runScript(TestCaseExecutor.java:442)
	at com.kms.katalon.core.main.TestCaseExecutor.doExecute(TestCaseExecutor.java:433)
	at com.kms.katalon.core.main.TestCaseExecutor.processExecutionPhase(TestCaseExecutor.java:412)
	at com.kms.katalon.core.main.TestCaseExecutor.accessMainPhase(TestCaseExecutor.java:404)
	at com.kms.katalon.core.main.TestCaseExecutor.execute(TestCaseExecutor.java:281)
	at com.kms.katalon.core.main.TestSuiteExecutor.accessTestCaseMainPhase(TestSuiteExecutor.java:202)
	at com.kms.katalon.core.main.TestSuiteExecutor.accessTestSuiteMainPhase(TestSuiteExecutor.java:164)
	at com.kms.katalon.core.main.TestSuiteExecutor.execute(TestSuiteExecutor.java:105)
	at com.kms.katalon.core.main.TestCaseMain.startTestSuite(TestCaseMain.java:181)
	at com.kms.katalon.core.main.TestCaseMain$startTestSuite$0.call(Unknown Source)
	at TempTestSuite1640121187489.run(TempTestSuite1640121187489.groovy:36)
Caused by: com.kms.katalon.core.webui.exception.WebElementNotFoundException: Web element with id: 'Object Repository/Modulo Pruebas Capacitación/Cambiar_estado_de_un_asistente/td_Prueba' located by '//*/text()[normalize-space(.)='Prueba']/parent::*' not found
	at com.kms.katalon.core.webui.common.WebUiCommonHelper.findWebElement(WebUiCommonHelper.java:1368)
	at com.kms.katalon.core.webui.keyword.internal.WebUIAbstractKeyword.findWebElement(WebUIAbstractKeyword.groovy:27)
	at com.kms.katalon.core.webui.keyword.builtin.ClickKeyword$_click_closure1.doCall(ClickKeyword.groovy:65)
	at com.kms.katalon.core.webui.keyword.builtin.ClickKeyword$_click_closure1.call(ClickKeyword.groovy)
	at com.kms.katalon.core.webui.keyword.internal.WebUIKeywordMain.runKeyword(WebUIKeywordMain.groovy:20)
	... 19 more]]></system-err>
      </testcase>
      <testcase name="Test Cases/4.1-Pruebas_Capacitación/4.1.8-Asociar_Recursos" time="41.88" classname="Test Cases/4.1-Pruebas_Capacitación/4.1.8-Asociar_Recursos" status="FAILED">
         <failure type="FAILED" message="Test Cases/4.1-Pruebas_Capacitación/4.1.8-Asociar_Recursos FAILED.
Reason:
com.kms.katalon.core.exception.StepFailedException: Unable to click on object 'Object Repository/Modulo Pruebas Capacitación/Asociar_Recursos/td_Prueba'
	at com.kms.katalon.core.webui.keyword.internal.WebUIKeywordMain.stepFailed(WebUIKeywordMain.groovy:64)
	at com.kms.katalon.core.webui.keyword.internal.WebUIKeywordMain.runKeyword(WebUIKeywordMain.groovy:26)
	at com.kms.katalon.core.webui.keyword.builtin.ClickKeyword.click(ClickKeyword.groovy:74)
	at com.kms.katalon.core.webui.keyword.builtin.ClickKeyword.execute(ClickKeyword.groovy:40)
	at com.kms.katalon.core.keyword.internal.KeywordExecutor.executeKeywordForPlatform(KeywordExecutor.groovy:74)
	at com.kms.katalon.core.webui.keyword.WebUiBuiltInKeywords.click(WebUiBuiltInKeywords.groovy:620)
	at com.kms.katalon.core.webui.keyword.WebUiBuiltInKeywords$click$5.call(Unknown Source)
	at 4.1.8-Asociar_Recursos.run(4.1.8-Asociar_Recursos:22)
	at com.kms.katalon.core.main.ScriptEngine.run(ScriptEngine.java:194)
	at com.kms.katalon.core.main.ScriptEngine.runScriptAsRawText(ScriptEngine.java:119)
	at com.kms.katalon.core.main.TestCaseExecutor.runScript(TestCaseExecutor.java:442)
	at com.kms.katalon.core.main.TestCaseExecutor.doExecute(TestCaseExecutor.java:433)
	at com.kms.katalon.core.main.TestCaseExecutor.processExecutionPhase(TestCaseExecutor.java:412)
	at com.kms.katalon.core.main.TestCaseExecutor.accessMainPhase(TestCaseExecutor.java:404)
	at com.kms.katalon.core.main.TestCaseExecutor.execute(TestCaseExecutor.java:281)
	at com.kms.katalon.core.main.TestSuiteExecutor.accessTestCaseMainPhase(TestSuiteExecutor.java:202)
	at com.kms.katalon.core.main.TestSuiteExecutor.accessTestSuiteMainPhase(TestSuiteExecutor.java:164)
	at com.kms.katalon.core.main.TestSuiteExecutor.execute(TestSuiteExecutor.java:105)
	at com.kms.katalon.core.main.TestCaseMain.startTestSuite(TestCaseMain.java:181)
	at com.kms.katalon.core.main.TestCaseMain$startTestSuite$0.call(Unknown Source)
	at TempTestSuite1640121187489.run(TempTestSuite1640121187489.groovy:36)
Caused by: com.kms.katalon.core.webui.exception.WebElementNotFoundException: Web element with id: 'Object Repository/Modulo Pruebas Capacitación/Asociar_Recursos/td_Prueba' located by '//*/text()[normalize-space(.)='Prueba']/parent::*' not found
	at com.kms.katalon.core.webui.common.WebUiCommonHelper.findWebElement(WebUiCommonHelper.java:1368)
	at com.kms.katalon.core.webui.keyword.internal.WebUIAbstractKeyword.findWebElement(WebUIAbstractKeyword.groovy:27)
	at com.kms.katalon.core.webui.keyword.builtin.ClickKeyword$_click_closure1.doCall(ClickKeyword.groovy:65)
	at com.kms.katalon.core.webui.keyword.builtin.ClickKeyword$_click_closure1.call(ClickKeyword.groovy)
	at com.kms.katalon.core.webui.keyword.internal.WebUIKeywordMain.runKeyword(WebUIKeywordMain.groovy:20)
	... 19 more
"/>
         <system-out><![CDATA[2021-12-21 16:22:58 - [TEST_CASE][FAILED] - Test Cases/4.1-Pruebas_Capacitación/4.1.8-Asociar_Recursos: Test Cases/4.1-Pruebas_Capacitación/4.1.8-Asociar_Recursos FAILED.
Reason:
com.kms.katalon.core.exception.StepFailedException: Unable to click on object 'Object Repository/Modulo Pruebas Capacitación/Asociar_Recursos/td_Prueba'
	at com.kms.katalon.core.webui.keyword.internal.WebUIKeywordMain.stepFailed(WebUIKeywordMain.groovy:64)
	at com.kms.katalon.core.webui.keyword.internal.WebUIKeywordMain.runKeyword(WebUIKeywordMain.groovy:26)
	at com.kms.katalon.core.webui.keyword.builtin.ClickKeyword.click(ClickKeyword.groovy:74)
	at com.kms.katalon.core.webui.keyword.builtin.ClickKeyword.execute(ClickKeyword.groovy:40)
	at com.kms.katalon.core.keyword.internal.KeywordExecutor.executeKeywordForPlatform(KeywordExecutor.groovy:74)
	at com.kms.katalon.core.webui.keyword.WebUiBuiltInKeywords.click(WebUiBuiltInKeywords.groovy:620)
	at com.kms.katalon.core.webui.keyword.WebUiBuiltInKeywords$click$5.call(Unknown Source)
	at 4.1.8-Asociar_Recursos.run(4.1.8-Asociar_Recursos:22)
	at com.kms.katalon.core.main.ScriptEngine.run(ScriptEngine.java:194)
	at com.kms.katalon.core.main.ScriptEngine.runScriptAsRawText(ScriptEngine.java:119)
	at com.kms.katalon.core.main.TestCaseExecutor.runScript(TestCaseExecutor.java:442)
	at com.kms.katalon.core.main.TestCaseExecutor.doExecute(TestCaseExecutor.java:433)
	at com.kms.katalon.core.main.TestCaseExecutor.processExecutionPhase(TestCaseExecutor.java:412)
	at com.kms.katalon.core.main.TestCaseExecutor.accessMainPhase(TestCaseExecutor.java:404)
	at com.kms.katalon.core.main.TestCaseExecutor.execute(TestCaseExecutor.java:281)
	at com.kms.katalon.core.main.TestSuiteExecutor.accessTestCaseMainPhase(TestSuiteExecutor.java:202)
	at com.kms.katalon.core.main.TestSuiteExecutor.accessTestSuiteMainPhase(TestSuiteExecutor.java:164)
	at com.kms.katalon.core.main.TestSuiteExecutor.execute(TestSuiteExecutor.java:105)
	at com.kms.katalon.core.main.TestCaseMain.startTestSuite(TestCaseMain.java:181)
	at com.kms.katalon.core.main.TestCaseMain$startTestSuite$0.call(Unknown Source)
	at TempTestSuite1640121187489.run(TempTestSuite1640121187489.groovy:36)
Caused by: com.kms.katalon.core.webui.exception.WebElementNotFoundException: Web element with id: 'Object Repository/Modulo Pruebas Capacitación/Asociar_Recursos/td_Prueba' located by '//*/text()[normalize-space(.)='Prueba']/parent::*' not found
	at com.kms.katalon.core.webui.common.WebUiCommonHelper.findWebElement(WebUiCommonHelper.java:1368)
	at com.kms.katalon.core.webui.keyword.internal.WebUIAbstractKeyword.findWebElement(WebUIAbstractKeyword.groovy:27)
	at com.kms.katalon.core.webui.keyword.builtin.ClickKeyword$_click_closure1.doCall(ClickKeyword.groovy:65)
	at com.kms.katalon.core.webui.keyword.builtin.ClickKeyword$_click_closure1.call(ClickKeyword.groovy)
	at com.kms.katalon.core.webui.keyword.internal.WebUIKeywordMain.runKeyword(WebUIKeywordMain.groovy:20)
	... 19 more


2021-12-21 16:22:58 - [TEST_STEP][PASSED] - callTestCase(findTestCase("Utilidades-(atajos_para _tareas)/Modulos/Modulo Control Evento Capacitacion"), [:], STOP_ON_FAILURE): Call Test Case 'Test Cases/Utilidades-(atajos_para _tareas)/Modulos/Modulo Control Evento Capacitacion' successfully

2021-12-21 16:22:58 - [TEST_CASE][PASSED] - Test Cases/Utilidades-(atajos_para _tareas)/Modulos/Modulo Control Evento Capacitacion: Test Cases/Utilidades-(atajos_para _tareas)/Modulos/Modulo Control Evento Capacitacion

2021-12-21 16:22:58 - [TEST_STEP][PASSED] - callTestCase(findTestCase("0.1-Login"), [:], STOP_ON_FAILURE): Call Test Case 'Test Cases/0.1-Login' successfully

2021-12-21 16:22:58 - [TEST_CASE][PASSED] - Test Cases/0.1-Login: Test Cases/0.1-Login

2021-12-21 16:22:58 - [TEST_STEP][PASSED] - openBrowser(""): Browser is opened with url: ''

2021-12-21 16:22:58 - [MESSAGE][WARNING] - A browser is already opened. Closing browser and opening a new one

2021-12-21 16:22:59 - [MESSAGE][INFO] - Starting 'Chrome' driver

2021-12-21 16:22:59 - [MESSAGE][INFO] - Action delay is set to 0 milliseconds

2021-12-21 16:23:00 - [MESSAGE][PASSED] - Browser is opened with url: ''

2021-12-21 16:23:00 - [TEST_STEP][PASSED] - maximizeWindow(): Current window maximized

2021-12-21 16:23:00 - [MESSAGE][PASSED] - Current window maximized

2021-12-21 16:23:00 - [TEST_STEP][PASSED] - i = G_Login: null

2021-12-21 16:23:00 - [TEST_STEP][PASSED] - url = new java.net.URL(i): null

2021-12-21 16:23:00 - [TEST_STEP][PASSED] - println("URL: " + url.toString()): null

2021-12-21 16:23:00 - [TEST_STEP][PASSED] - connection = url.openConnection(): null

2021-12-21 16:23:00 - [TEST_STEP][PASSED] - connection.setRequestMethod("GET"): null

2021-12-21 16:23:00 - [TEST_STEP][PASSED] - connection.setReadTimeout(2 * 1000): null

2021-12-21 16:23:00 - [TEST_STEP][PASSED] - try: null

2021-12-21 16:23:00 - [TEST_STEP][PASSED] - connection.connect(): null

2021-12-21 16:23:00 - [TEST_STEP][PASSED] - flag = connected: null

2021-12-21 16:23:00 - [TEST_STEP][PASSED] - println("Valor_ori: " + flag): null

2021-12-21 16:23:00 - [TEST_STEP][PASSED] - if (flag): null

2021-12-21 16:23:00 - [TEST_STEP][PASSED] - navigateToUrl(i): Navigate to 'http://192.168.2.80:8380/saraweb' successfully

2021-12-21 16:23:01 - [MESSAGE][PASSED] - Navigate to 'http://192.168.2.80:8380/saraweb' successfully

2021-12-21 16:23:01 - [TEST_STEP][PASSED] - a(): null

2021-12-21 16:23:01 - [TEST_STEP][PASSED] - setText(findTestObject("Login/input_USUARIO_loginusuario"), G_Usuario): Text 'saraadmin' is set on object 'Object Repository/Login/input_USUARIO_loginusuario'

2021-12-21 16:23:02 - [MESSAGE][PASSED] - Text 'saraadmin' is set on object 'Object Repository/Login/input_USUARIO_loginusuario'

2021-12-21 16:23:02 - [TEST_STEP][PASSED] - setEncryptedText(findTestObject("Login/input_CLAVE_loginpassword"), "MkG4/TYiCFC3cb2driP7+Q=="): Text ****** has been set on object 'Object Repository/Login/input_CLAVE_loginpassword'

2021-12-21 16:23:02 - [MESSAGE][PASSED] - Text ****** has been set on object 'Object Repository/Login/input_CLAVE_loginpassword'

2021-12-21 16:23:02 - [TEST_STEP][PASSED] - waitForElementClickable(findTestObject("Login/a_Ingresar"), G_TimeOut): Object 'Object Repository/Login/a_Ingresar' is clickable

2021-12-21 16:23:03 - [MESSAGE][PASSED] - Object 'Object Repository/Login/a_Ingresar' is clickable

2021-12-21 16:23:03 - [TEST_STEP][PASSED] - click(findTestObject("Login/a_Ingresar")): Object: 'Object Repository/Login/a_Ingresar' is clicked on

2021-12-21 16:23:05 - [MESSAGE][PASSED] - Object: 'Object Repository/Login/a_Ingresar' is clicked on

2021-12-21 16:23:05 - [TEST_STEP][PASSED] - element = findWebElement(findTestObject("Login/a_Ir"), 30): null

2021-12-21 16:23:05 - [TEST_STEP][PASSED] - executeJavaScript("arguments[0].click()", Arrays.asList(element)): Execute JavaScript 'arguments[0].click()' successfully

2021-12-21 16:23:05 - [MESSAGE][PASSED] - Execute JavaScript 'arguments[0].click()' successfully

2021-12-21 16:23:05 - [MESSAGE][PASSED] - Call Test Case 'Test Cases/0.1-Login' successfully

2021-12-21 16:23:05 - [TEST_STEP][PASSED] - setText(findTestObject("Modulo Control Evento Capacitacion/input_ADMINISTRADOR DEL SISTEMA - SARA_form_templatej_idt24_input"), "Control Evento"): Text 'Control Evento' is set on object 'Object Repository/Modulo Control Evento Capacitacion/input_ADMINISTRADOR DEL SISTEMA - SARA_form_templatej_idt24_input'

2021-12-21 16:23:07 - [MESSAGE][PASSED] - Text 'Control Evento' is set on object 'Object Repository/Modulo Control Evento Capacitacion/input_ADMINISTRADOR DEL SISTEMA - SARA_form_templatej_idt24_input'

2021-12-21 16:23:07 - [TEST_STEP][PASSED] - click(findTestObject("Modulo Control Evento Capacitacion/li_Control Evento Capacitacion (cap)")): Object: 'Object Repository/Modulo Control Evento Capacitacion/li_Control Evento Capacitacion (cap)' is clicked on

2021-12-21 16:23:08 - [MESSAGE][PASSED] - Object: 'Object Repository/Modulo Control Evento Capacitacion/li_Control Evento Capacitacion (cap)' is clicked on

2021-12-21 16:23:08 - [MESSAGE][PASSED] - Call Test Case 'Test Cases/Utilidades-(atajos_para _tareas)/Modulos/Modulo Control Evento Capacitacion' successfully

2021-12-21 16:23:08 - [TEST_STEP][FAILED] - click(findTestObject("Modulo Pruebas Capacitación/Asociar_Recursos/td_Prueba")): Unable to click on object 'Object Repository/Modulo Pruebas Capacitación/Asociar_Recursos/td_Prueba' (Root cause: com.kms.katalon.core.exception.StepFailedException: Unable to click on object 'Object Repository/Modulo Pruebas Capacitación/Asociar_Recursos/td_Prueba'
	at com.kms.katalon.core.webui.keyword.internal.WebUIKeywordMain.stepFailed(WebUIKeywordMain.groovy:64)
	at com.kms.katalon.core.webui.keyword.internal.WebUIKeywordMain.runKeyword(WebUIKeywordMain.groovy:26)
	at com.kms.katalon.core.webui.keyword.builtin.ClickKeyword.click(ClickKeyword.groovy:74)
	at com.kms.katalon.core.webui.keyword.builtin.ClickKeyword.execute(ClickKeyword.groovy:40)
	at com.kms.katalon.core.keyword.internal.KeywordExecutor.executeKeywordForPlatform(KeywordExecutor.groovy:74)
	at com.kms.katalon.core.webui.keyword.WebUiBuiltInKeywords.click(WebUiBuiltInKeywords.groovy:620)
	at com.kms.katalon.core.webui.keyword.WebUiBuiltInKeywords$click$5.call(Unknown Source)
	at 4.1.8-Asociar_Recursos.run(4.1.8-Asociar_Recursos:22)
	at com.kms.katalon.core.main.ScriptEngine.run(ScriptEngine.java:194)
	at com.kms.katalon.core.main.ScriptEngine.runScriptAsRawText(ScriptEngine.java:119)
	at com.kms.katalon.core.main.TestCaseExecutor.runScript(TestCaseExecutor.java:442)
	at com.kms.katalon.core.main.TestCaseExecutor.doExecute(TestCaseExecutor.java:433)
	at com.kms.katalon.core.main.TestCaseExecutor.processExecutionPhase(TestCaseExecutor.java:412)
	at com.kms.katalon.core.main.TestCaseExecutor.accessMainPhase(TestCaseExecutor.java:404)
	at com.kms.katalon.core.main.TestCaseExecutor.execute(TestCaseExecutor.java:281)
	at com.kms.katalon.core.main.TestSuiteExecutor.accessTestCaseMainPhase(TestSuiteExecutor.java:202)
	at com.kms.katalon.core.main.TestSuiteExecutor.accessTestSuiteMainPhase(TestSuiteExecutor.java:164)
	at com.kms.katalon.core.main.TestSuiteExecutor.execute(TestSuiteExecutor.java:105)
	at com.kms.katalon.core.main.TestCaseMain.startTestSuite(TestCaseMain.java:181)
	at com.kms.katalon.core.main.TestCaseMain$startTestSuite$0.call(Unknown Source)
	at TempTestSuite1640121187489.run(TempTestSuite1640121187489.groovy:36)
Caused by: com.kms.katalon.core.webui.exception.WebElementNotFoundException: Web element with id: 'Object Repository/Modulo Pruebas Capacitación/Asociar_Recursos/td_Prueba' located by '//*/text()[normalize-space(.)='Prueba']/parent::*' not found
	at com.kms.katalon.core.webui.common.WebUiCommonHelper.findWebElement(WebUiCommonHelper.java:1368)
	at com.kms.katalon.core.webui.keyword.internal.WebUIAbstractKeyword.findWebElement(WebUIAbstractKeyword.groovy:27)
	at com.kms.katalon.core.webui.keyword.builtin.ClickKeyword$_click_closure1.doCall(ClickKeyword.groovy:65)
	at com.kms.katalon.core.webui.keyword.builtin.ClickKeyword$_click_closure1.call(ClickKeyword.groovy)
	at com.kms.katalon.core.webui.keyword.internal.WebUIKeywordMain.runKeyword(WebUIKeywordMain.groovy:20)
	at com.kms.katalon.core.webui.keyword.builtin.ClickKeyword.click(ClickKeyword.groovy:74)
	at com.kms.katalon.core.webui.keyword.builtin.ClickKeyword.execute(ClickKeyword.groovy:40)
	at com.kms.katalon.core.keyword.internal.KeywordExecutor.executeKeywordForPlatform(KeywordExecutor.groovy:74)
	at com.kms.katalon.core.webui.keyword.WebUiBuiltInKeywords.click(WebUiBuiltInKeywords.groovy:620)
	at com.kms.katalon.core.webui.keyword.WebUiBuiltInKeywords$click$5.call(Unknown Source)
	at Script1637330924657.run(Script1637330924657.groovy:22)
	... 13 more
)

2021-12-21 16:23:39 - [MESSAGE][INFO] - Unable to find the element located by 'By.xpath: //*/text()[normalize-space(.)='Prueba']/parent::*'. Please recheck the objects properties to make sure the desired element is located. 

2021-12-21 16:23:39 - [MESSAGE][FAILED] - Unable to click on object 'Object Repository/Modulo Pruebas Capacitación/Asociar_Recursos/td_Prueba' (Root cause: com.kms.katalon.core.exception.StepFailedException: Unable to click on object 'Object Repository/Modulo Pruebas Capacitación/Asociar_Recursos/td_Prueba'
	at com.kms.katalon.core.webui.keyword.internal.WebUIKeywordMain.stepFailed(WebUIKeywordMain.groovy:64)
	at com.kms.katalon.core.webui.keyword.internal.WebUIKeywordMain.runKeyword(WebUIKeywordMain.groovy:26)
	at com.kms.katalon.core.webui.keyword.builtin.ClickKeyword.click(ClickKeyword.groovy:74)
	at com.kms.katalon.core.webui.keyword.builtin.ClickKeyword.execute(ClickKeyword.groovy:40)
	at com.kms.katalon.core.keyword.internal.KeywordExecutor.executeKeywordForPlatform(KeywordExecutor.groovy:74)
	at com.kms.katalon.core.webui.keyword.WebUiBuiltInKeywords.click(WebUiBuiltInKeywords.groovy:620)
	at com.kms.katalon.core.webui.keyword.WebUiBuiltInKeywords$click$5.call(Unknown Source)
	at 4.1.8-Asociar_Recursos.run(4.1.8-Asociar_Recursos:22)
	at com.kms.katalon.core.main.ScriptEngine.run(ScriptEngine.java:194)
	at com.kms.katalon.core.main.ScriptEngine.runScriptAsRawText(ScriptEngine.java:119)
	at com.kms.katalon.core.main.TestCaseExecutor.runScript(TestCaseExecutor.java:442)
	at com.kms.katalon.core.main.TestCaseExecutor.doExecute(TestCaseExecutor.java:433)
	at com.kms.katalon.core.main.TestCaseExecutor.processExecutionPhase(TestCaseExecutor.java:412)
	at com.kms.katalon.core.main.TestCaseExecutor.accessMainPhase(TestCaseExecutor.java:404)
	at com.kms.katalon.core.main.TestCaseExecutor.execute(TestCaseExecutor.java:281)
	at com.kms.katalon.core.main.TestSuiteExecutor.accessTestCaseMainPhase(TestSuiteExecutor.java:202)
	at com.kms.katalon.core.main.TestSuiteExecutor.accessTestSuiteMainPhase(TestSuiteExecutor.java:164)
	at com.kms.katalon.core.main.TestSuiteExecutor.execute(TestSuiteExecutor.java:105)
	at com.kms.katalon.core.main.TestCaseMain.startTestSuite(TestCaseMain.java:181)
	at com.kms.katalon.core.main.TestCaseMain$startTestSuite$0.call(Unknown Source)
	at TempTestSuite1640121187489.run(TempTestSuite1640121187489.groovy:36)
Caused by: com.kms.katalon.core.webui.exception.WebElementNotFoundException: Web element with id: 'Object Repository/Modulo Pruebas Capacitación/Asociar_Recursos/td_Prueba' located by '//*/text()[normalize-space(.)='Prueba']/parent::*' not found
	at com.kms.katalon.core.webui.common.WebUiCommonHelper.findWebElement(WebUiCommonHelper.java:1368)
	at com.kms.katalon.core.webui.keyword.internal.WebUIAbstractKeyword.findWebElement(WebUIAbstractKeyword.groovy:27)
	at com.kms.katalon.core.webui.keyword.builtin.ClickKeyword$_click_closure1.doCall(ClickKeyword.groovy:65)
	at com.kms.katalon.core.webui.keyword.builtin.ClickKeyword$_click_closure1.call(ClickKeyword.groovy)
	at com.kms.katalon.core.webui.keyword.internal.WebUIKeywordMain.runKeyword(WebUIKeywordMain.groovy:20)
	at com.kms.katalon.core.webui.keyword.builtin.ClickKeyword.click(ClickKeyword.groovy:74)
	at com.kms.katalon.core.webui.keyword.builtin.ClickKeyword.execute(ClickKeyword.groovy:40)
	at com.kms.katalon.core.keyword.internal.KeywordExecutor.executeKeywordForPlatform(KeywordExecutor.groovy:74)
	at com.kms.katalon.core.webui.keyword.WebUiBuiltInKeywords.click(WebUiBuiltInKeywords.groovy:620)
	at com.kms.katalon.core.webui.keyword.WebUiBuiltInKeywords$click$5.call(Unknown Source)
	at Script1637330924657.run(Script1637330924657.groovy:22)
	... 13 more
)
[[ATTACHMENT|C:\\Users\\diego.rojas\\git\\Pruebas-Minimas\\Reports\\20211221_161251\\4-pruebas capacitaci\u00F3n\\20211221_161307\\1640121819835.png]]]]></system-out>
         <system-err><![CDATA[2021-12-21 16:22:58 - [TEST_CASE][FAILED] - Test Cases/4.1-Pruebas_Capacitación/4.1.8-Asociar_Recursos: Test Cases/4.1-Pruebas_Capacitación/4.1.8-Asociar_Recursos FAILED.
Reason:
com.kms.katalon.core.exception.StepFailedException: Unable to click on object 'Object Repository/Modulo Pruebas Capacitación/Asociar_Recursos/td_Prueba'
	at com.kms.katalon.core.webui.keyword.internal.WebUIKeywordMain.stepFailed(WebUIKeywordMain.groovy:64)
	at com.kms.katalon.core.webui.keyword.internal.WebUIKeywordMain.runKeyword(WebUIKeywordMain.groovy:26)
	at com.kms.katalon.core.webui.keyword.builtin.ClickKeyword.click(ClickKeyword.groovy:74)
	at com.kms.katalon.core.webui.keyword.builtin.ClickKeyword.execute(ClickKeyword.groovy:40)
	at com.kms.katalon.core.keyword.internal.KeywordExecutor.executeKeywordForPlatform(KeywordExecutor.groovy:74)
	at com.kms.katalon.core.webui.keyword.WebUiBuiltInKeywords.click(WebUiBuiltInKeywords.groovy:620)
	at com.kms.katalon.core.webui.keyword.WebUiBuiltInKeywords$click$5.call(Unknown Source)
	at 4.1.8-Asociar_Recursos.run(4.1.8-Asociar_Recursos:22)
	at com.kms.katalon.core.main.ScriptEngine.run(ScriptEngine.java:194)
	at com.kms.katalon.core.main.ScriptEngine.runScriptAsRawText(ScriptEngine.java:119)
	at com.kms.katalon.core.main.TestCaseExecutor.runScript(TestCaseExecutor.java:442)
	at com.kms.katalon.core.main.TestCaseExecutor.doExecute(TestCaseExecutor.java:433)
	at com.kms.katalon.core.main.TestCaseExecutor.processExecutionPhase(TestCaseExecutor.java:412)
	at com.kms.katalon.core.main.TestCaseExecutor.accessMainPhase(TestCaseExecutor.java:404)
	at com.kms.katalon.core.main.TestCaseExecutor.execute(TestCaseExecutor.java:281)
	at com.kms.katalon.core.main.TestSuiteExecutor.accessTestCaseMainPhase(TestSuiteExecutor.java:202)
	at com.kms.katalon.core.main.TestSuiteExecutor.accessTestSuiteMainPhase(TestSuiteExecutor.java:164)
	at com.kms.katalon.core.main.TestSuiteExecutor.execute(TestSuiteExecutor.java:105)
	at com.kms.katalon.core.main.TestCaseMain.startTestSuite(TestCaseMain.java:181)
	at com.kms.katalon.core.main.TestCaseMain$startTestSuite$0.call(Unknown Source)
	at TempTestSuite1640121187489.run(TempTestSuite1640121187489.groovy:36)
Caused by: com.kms.katalon.core.webui.exception.WebElementNotFoundException: Web element with id: 'Object Repository/Modulo Pruebas Capacitación/Asociar_Recursos/td_Prueba' located by '//*/text()[normalize-space(.)='Prueba']/parent::*' not found
	at com.kms.katalon.core.webui.common.WebUiCommonHelper.findWebElement(WebUiCommonHelper.java:1368)
	at com.kms.katalon.core.webui.keyword.internal.WebUIAbstractKeyword.findWebElement(WebUIAbstractKeyword.groovy:27)
	at com.kms.katalon.core.webui.keyword.builtin.ClickKeyword$_click_closure1.doCall(ClickKeyword.groovy:65)
	at com.kms.katalon.core.webui.keyword.builtin.ClickKeyword$_click_closure1.call(ClickKeyword.groovy)
	at com.kms.katalon.core.webui.keyword.internal.WebUIKeywordMain.runKeyword(WebUIKeywordMain.groovy:20)
	... 19 more]]></system-err>
      </testcase>
      <testcase name="Test Cases/4.1-Pruebas_Capacitación/4.1.9-Registrar_los_costos" time="41.833" classname="Test Cases/4.1-Pruebas_Capacitación/4.1.9-Registrar_los_costos" status="FAILED">
         <failure type="FAILED" message="Test Cases/4.1-Pruebas_Capacitación/4.1.9-Registrar_los_costos FAILED.
Reason:
com.kms.katalon.core.exception.StepFailedException: Unable to click on object 'Object Repository/Modulo Pruebas Capacitación/Registrar_los_costos/td_Prueba'
	at com.kms.katalon.core.webui.keyword.internal.WebUIKeywordMain.stepFailed(WebUIKeywordMain.groovy:64)
	at com.kms.katalon.core.webui.keyword.internal.WebUIKeywordMain.runKeyword(WebUIKeywordMain.groovy:26)
	at com.kms.katalon.core.webui.keyword.builtin.ClickKeyword.click(ClickKeyword.groovy:74)
	at com.kms.katalon.core.webui.keyword.builtin.ClickKeyword.execute(ClickKeyword.groovy:40)
	at com.kms.katalon.core.keyword.internal.KeywordExecutor.executeKeywordForPlatform(KeywordExecutor.groovy:74)
	at com.kms.katalon.core.webui.keyword.WebUiBuiltInKeywords.click(WebUiBuiltInKeywords.groovy:620)
	at com.kms.katalon.core.webui.keyword.WebUiBuiltInKeywords$click$5.call(Unknown Source)
	at 4.1.9-Registrar_los_costos.run(4.1.9-Registrar_los_costos:22)
	at com.kms.katalon.core.main.ScriptEngine.run(ScriptEngine.java:194)
	at com.kms.katalon.core.main.ScriptEngine.runScriptAsRawText(ScriptEngine.java:119)
	at com.kms.katalon.core.main.TestCaseExecutor.runScript(TestCaseExecutor.java:442)
	at com.kms.katalon.core.main.TestCaseExecutor.doExecute(TestCaseExecutor.java:433)
	at com.kms.katalon.core.main.TestCaseExecutor.processExecutionPhase(TestCaseExecutor.java:412)
	at com.kms.katalon.core.main.TestCaseExecutor.accessMainPhase(TestCaseExecutor.java:404)
	at com.kms.katalon.core.main.TestCaseExecutor.execute(TestCaseExecutor.java:281)
	at com.kms.katalon.core.main.TestSuiteExecutor.accessTestCaseMainPhase(TestSuiteExecutor.java:202)
	at com.kms.katalon.core.main.TestSuiteExecutor.accessTestSuiteMainPhase(TestSuiteExecutor.java:164)
	at com.kms.katalon.core.main.TestSuiteExecutor.execute(TestSuiteExecutor.java:105)
	at com.kms.katalon.core.main.TestCaseMain.startTestSuite(TestCaseMain.java:181)
	at com.kms.katalon.core.main.TestCaseMain$startTestSuite$0.call(Unknown Source)
	at TempTestSuite1640121187489.run(TempTestSuite1640121187489.groovy:36)
Caused by: com.kms.katalon.core.webui.exception.WebElementNotFoundException: Web element with id: 'Object Repository/Modulo Pruebas Capacitación/Registrar_los_costos/td_Prueba' located by '//*/text()[normalize-space(.)='Prueba']/parent::*' not found
	at com.kms.katalon.core.webui.common.WebUiCommonHelper.findWebElement(WebUiCommonHelper.java:1368)
	at com.kms.katalon.core.webui.keyword.internal.WebUIAbstractKeyword.findWebElement(WebUIAbstractKeyword.groovy:27)
	at com.kms.katalon.core.webui.keyword.builtin.ClickKeyword$_click_closure1.doCall(ClickKeyword.groovy:65)
	at com.kms.katalon.core.webui.keyword.builtin.ClickKeyword$_click_closure1.call(ClickKeyword.groovy)
	at com.kms.katalon.core.webui.keyword.internal.WebUIKeywordMain.runKeyword(WebUIKeywordMain.groovy:20)
	... 19 more
"/>
         <system-out><![CDATA[2021-12-21 16:23:39 - [TEST_CASE][FAILED] - Test Cases/4.1-Pruebas_Capacitación/4.1.9-Registrar_los_costos: Test Cases/4.1-Pruebas_Capacitación/4.1.9-Registrar_los_costos FAILED.
Reason:
com.kms.katalon.core.exception.StepFailedException: Unable to click on object 'Object Repository/Modulo Pruebas Capacitación/Registrar_los_costos/td_Prueba'
	at com.kms.katalon.core.webui.keyword.internal.WebUIKeywordMain.stepFailed(WebUIKeywordMain.groovy:64)
	at com.kms.katalon.core.webui.keyword.internal.WebUIKeywordMain.runKeyword(WebUIKeywordMain.groovy:26)
	at com.kms.katalon.core.webui.keyword.builtin.ClickKeyword.click(ClickKeyword.groovy:74)
	at com.kms.katalon.core.webui.keyword.builtin.ClickKeyword.execute(ClickKeyword.groovy:40)
	at com.kms.katalon.core.keyword.internal.KeywordExecutor.executeKeywordForPlatform(KeywordExecutor.groovy:74)
	at com.kms.katalon.core.webui.keyword.WebUiBuiltInKeywords.click(WebUiBuiltInKeywords.groovy:620)
	at com.kms.katalon.core.webui.keyword.WebUiBuiltInKeywords$click$5.call(Unknown Source)
	at 4.1.9-Registrar_los_costos.run(4.1.9-Registrar_los_costos:22)
	at com.kms.katalon.core.main.ScriptEngine.run(ScriptEngine.java:194)
	at com.kms.katalon.core.main.ScriptEngine.runScriptAsRawText(ScriptEngine.java:119)
	at com.kms.katalon.core.main.TestCaseExecutor.runScript(TestCaseExecutor.java:442)
	at com.kms.katalon.core.main.TestCaseExecutor.doExecute(TestCaseExecutor.java:433)
	at com.kms.katalon.core.main.TestCaseExecutor.processExecutionPhase(TestCaseExecutor.java:412)
	at com.kms.katalon.core.main.TestCaseExecutor.accessMainPhase(TestCaseExecutor.java:404)
	at com.kms.katalon.core.main.TestCaseExecutor.execute(TestCaseExecutor.java:281)
	at com.kms.katalon.core.main.TestSuiteExecutor.accessTestCaseMainPhase(TestSuiteExecutor.java:202)
	at com.kms.katalon.core.main.TestSuiteExecutor.accessTestSuiteMainPhase(TestSuiteExecutor.java:164)
	at com.kms.katalon.core.main.TestSuiteExecutor.execute(TestSuiteExecutor.java:105)
	at com.kms.katalon.core.main.TestCaseMain.startTestSuite(TestCaseMain.java:181)
	at com.kms.katalon.core.main.TestCaseMain$startTestSuite$0.call(Unknown Source)
	at TempTestSuite1640121187489.run(TempTestSuite1640121187489.groovy:36)
Caused by: com.kms.katalon.core.webui.exception.WebElementNotFoundException: Web element with id: 'Object Repository/Modulo Pruebas Capacitación/Registrar_los_costos/td_Prueba' located by '//*/text()[normalize-space(.)='Prueba']/parent::*' not found
	at com.kms.katalon.core.webui.common.WebUiCommonHelper.findWebElement(WebUiCommonHelper.java:1368)
	at com.kms.katalon.core.webui.keyword.internal.WebUIAbstractKeyword.findWebElement(WebUIAbstractKeyword.groovy:27)
	at com.kms.katalon.core.webui.keyword.builtin.ClickKeyword$_click_closure1.doCall(ClickKeyword.groovy:65)
	at com.kms.katalon.core.webui.keyword.builtin.ClickKeyword$_click_closure1.call(ClickKeyword.groovy)
	at com.kms.katalon.core.webui.keyword.internal.WebUIKeywordMain.runKeyword(WebUIKeywordMain.groovy:20)
	... 19 more


2021-12-21 16:23:40 - [TEST_STEP][PASSED] - callTestCase(findTestCase("Utilidades-(atajos_para _tareas)/Modulos/Modulo Control Evento Capacitacion"), [:], STOP_ON_FAILURE): Call Test Case 'Test Cases/Utilidades-(atajos_para _tareas)/Modulos/Modulo Control Evento Capacitacion' successfully

2021-12-21 16:23:40 - [TEST_CASE][PASSED] - Test Cases/Utilidades-(atajos_para _tareas)/Modulos/Modulo Control Evento Capacitacion: Test Cases/Utilidades-(atajos_para _tareas)/Modulos/Modulo Control Evento Capacitacion

2021-12-21 16:23:40 - [TEST_STEP][PASSED] - callTestCase(findTestCase("0.1-Login"), [:], STOP_ON_FAILURE): Call Test Case 'Test Cases/0.1-Login' successfully

2021-12-21 16:23:40 - [TEST_CASE][PASSED] - Test Cases/0.1-Login: Test Cases/0.1-Login

2021-12-21 16:23:40 - [TEST_STEP][PASSED] - openBrowser(""): Browser is opened with url: ''

2021-12-21 16:23:40 - [MESSAGE][WARNING] - A browser is already opened. Closing browser and opening a new one

2021-12-21 16:23:41 - [MESSAGE][INFO] - Starting 'Chrome' driver

2021-12-21 16:23:41 - [MESSAGE][INFO] - Action delay is set to 0 milliseconds

2021-12-21 16:23:42 - [MESSAGE][PASSED] - Browser is opened with url: ''

2021-12-21 16:23:42 - [TEST_STEP][PASSED] - maximizeWindow(): Current window maximized

2021-12-21 16:23:42 - [MESSAGE][PASSED] - Current window maximized

2021-12-21 16:23:42 - [TEST_STEP][PASSED] - i = G_Login: null

2021-12-21 16:23:42 - [TEST_STEP][PASSED] - url = new java.net.URL(i): null

2021-12-21 16:23:42 - [TEST_STEP][PASSED] - println("URL: " + url.toString()): null

2021-12-21 16:23:42 - [TEST_STEP][PASSED] - connection = url.openConnection(): null

2021-12-21 16:23:42 - [TEST_STEP][PASSED] - connection.setRequestMethod("GET"): null

2021-12-21 16:23:42 - [TEST_STEP][PASSED] - connection.setReadTimeout(2 * 1000): null

2021-12-21 16:23:42 - [TEST_STEP][PASSED] - try: null

2021-12-21 16:23:42 - [TEST_STEP][PASSED] - connection.connect(): null

2021-12-21 16:23:42 - [TEST_STEP][PASSED] - flag = connected: null

2021-12-21 16:23:42 - [TEST_STEP][PASSED] - println("Valor_ori: " + flag): null

2021-12-21 16:23:42 - [TEST_STEP][PASSED] - if (flag): null

2021-12-21 16:23:42 - [TEST_STEP][PASSED] - navigateToUrl(i): Navigate to 'http://192.168.2.80:8380/saraweb' successfully

2021-12-21 16:23:43 - [MESSAGE][PASSED] - Navigate to 'http://192.168.2.80:8380/saraweb' successfully

2021-12-21 16:23:43 - [TEST_STEP][PASSED] - a(): null

2021-12-21 16:23:43 - [TEST_STEP][PASSED] - setText(findTestObject("Login/input_USUARIO_loginusuario"), G_Usuario): Text 'saraadmin' is set on object 'Object Repository/Login/input_USUARIO_loginusuario'

2021-12-21 16:23:44 - [MESSAGE][PASSED] - Text 'saraadmin' is set on object 'Object Repository/Login/input_USUARIO_loginusuario'

2021-12-21 16:23:44 - [TEST_STEP][PASSED] - setEncryptedText(findTestObject("Login/input_CLAVE_loginpassword"), "MkG4/TYiCFC3cb2driP7+Q=="): Text ****** has been set on object 'Object Repository/Login/input_CLAVE_loginpassword'

2021-12-21 16:23:44 - [MESSAGE][PASSED] - Text ****** has been set on object 'Object Repository/Login/input_CLAVE_loginpassword'

2021-12-21 16:23:44 - [TEST_STEP][PASSED] - waitForElementClickable(findTestObject("Login/a_Ingresar"), G_TimeOut): Object 'Object Repository/Login/a_Ingresar' is clickable

2021-12-21 16:23:45 - [MESSAGE][PASSED] - Object 'Object Repository/Login/a_Ingresar' is clickable

2021-12-21 16:23:45 - [TEST_STEP][PASSED] - click(findTestObject("Login/a_Ingresar")): Object: 'Object Repository/Login/a_Ingresar' is clicked on

2021-12-21 16:23:47 - [MESSAGE][PASSED] - Object: 'Object Repository/Login/a_Ingresar' is clicked on

2021-12-21 16:23:47 - [TEST_STEP][PASSED] - element = findWebElement(findTestObject("Login/a_Ir"), 30): null

2021-12-21 16:23:47 - [TEST_STEP][PASSED] - executeJavaScript("arguments[0].click()", Arrays.asList(element)): Execute JavaScript 'arguments[0].click()' successfully

2021-12-21 16:23:47 - [MESSAGE][PASSED] - Execute JavaScript 'arguments[0].click()' successfully

2021-12-21 16:23:47 - [MESSAGE][PASSED] - Call Test Case 'Test Cases/0.1-Login' successfully

2021-12-21 16:23:47 - [TEST_STEP][PASSED] - setText(findTestObject("Modulo Control Evento Capacitacion/input_ADMINISTRADOR DEL SISTEMA - SARA_form_templatej_idt24_input"), "Control Evento"): Text 'Control Evento' is set on object 'Object Repository/Modulo Control Evento Capacitacion/input_ADMINISTRADOR DEL SISTEMA - SARA_form_templatej_idt24_input'

2021-12-21 16:23:48 - [MESSAGE][PASSED] - Text 'Control Evento' is set on object 'Object Repository/Modulo Control Evento Capacitacion/input_ADMINISTRADOR DEL SISTEMA - SARA_form_templatej_idt24_input'

2021-12-21 16:23:48 - [TEST_STEP][PASSED] - click(findTestObject("Modulo Control Evento Capacitacion/li_Control Evento Capacitacion (cap)")): Object: 'Object Repository/Modulo Control Evento Capacitacion/li_Control Evento Capacitacion (cap)' is clicked on

2021-12-21 16:23:50 - [MESSAGE][PASSED] - Object: 'Object Repository/Modulo Control Evento Capacitacion/li_Control Evento Capacitacion (cap)' is clicked on

2021-12-21 16:23:50 - [MESSAGE][PASSED] - Call Test Case 'Test Cases/Utilidades-(atajos_para _tareas)/Modulos/Modulo Control Evento Capacitacion' successfully

2021-12-21 16:23:50 - [TEST_STEP][FAILED] - click(findTestObject("Modulo Pruebas Capacitación/Registrar_los_costos/td_Prueba")): Unable to click on object 'Object Repository/Modulo Pruebas Capacitación/Registrar_los_costos/td_Prueba' (Root cause: com.kms.katalon.core.exception.StepFailedException: Unable to click on object 'Object Repository/Modulo Pruebas Capacitación/Registrar_los_costos/td_Prueba'
	at com.kms.katalon.core.webui.keyword.internal.WebUIKeywordMain.stepFailed(WebUIKeywordMain.groovy:64)
	at com.kms.katalon.core.webui.keyword.internal.WebUIKeywordMain.runKeyword(WebUIKeywordMain.groovy:26)
	at com.kms.katalon.core.webui.keyword.builtin.ClickKeyword.click(ClickKeyword.groovy:74)
	at com.kms.katalon.core.webui.keyword.builtin.ClickKeyword.execute(ClickKeyword.groovy:40)
	at com.kms.katalon.core.keyword.internal.KeywordExecutor.executeKeywordForPlatform(KeywordExecutor.groovy:74)
	at com.kms.katalon.core.webui.keyword.WebUiBuiltInKeywords.click(WebUiBuiltInKeywords.groovy:620)
	at com.kms.katalon.core.webui.keyword.WebUiBuiltInKeywords$click$5.call(Unknown Source)
	at 4.1.9-Registrar_los_costos.run(4.1.9-Registrar_los_costos:22)
	at com.kms.katalon.core.main.ScriptEngine.run(ScriptEngine.java:194)
	at com.kms.katalon.core.main.ScriptEngine.runScriptAsRawText(ScriptEngine.java:119)
	at com.kms.katalon.core.main.TestCaseExecutor.runScript(TestCaseExecutor.java:442)
	at com.kms.katalon.core.main.TestCaseExecutor.doExecute(TestCaseExecutor.java:433)
	at com.kms.katalon.core.main.TestCaseExecutor.processExecutionPhase(TestCaseExecutor.java:412)
	at com.kms.katalon.core.main.TestCaseExecutor.accessMainPhase(TestCaseExecutor.java:404)
	at com.kms.katalon.core.main.TestCaseExecutor.execute(TestCaseExecutor.java:281)
	at com.kms.katalon.core.main.TestSuiteExecutor.accessTestCaseMainPhase(TestSuiteExecutor.java:202)
	at com.kms.katalon.core.main.TestSuiteExecutor.accessTestSuiteMainPhase(TestSuiteExecutor.java:164)
	at com.kms.katalon.core.main.TestSuiteExecutor.execute(TestSuiteExecutor.java:105)
	at com.kms.katalon.core.main.TestCaseMain.startTestSuite(TestCaseMain.java:181)
	at com.kms.katalon.core.main.TestCaseMain$startTestSuite$0.call(Unknown Source)
	at TempTestSuite1640121187489.run(TempTestSuite1640121187489.groovy:36)
Caused by: com.kms.katalon.core.webui.exception.WebElementNotFoundException: Web element with id: 'Object Repository/Modulo Pruebas Capacitación/Registrar_los_costos/td_Prueba' located by '//*/text()[normalize-space(.)='Prueba']/parent::*' not found
	at com.kms.katalon.core.webui.common.WebUiCommonHelper.findWebElement(WebUiCommonHelper.java:1368)
	at com.kms.katalon.core.webui.keyword.internal.WebUIAbstractKeyword.findWebElement(WebUIAbstractKeyword.groovy:27)
	at com.kms.katalon.core.webui.keyword.builtin.ClickKeyword$_click_closure1.doCall(ClickKeyword.groovy:65)
	at com.kms.katalon.core.webui.keyword.builtin.ClickKeyword$_click_closure1.call(ClickKeyword.groovy)
	at com.kms.katalon.core.webui.keyword.internal.WebUIKeywordMain.runKeyword(WebUIKeywordMain.groovy:20)
	at com.kms.katalon.core.webui.keyword.builtin.ClickKeyword.click(ClickKeyword.groovy:74)
	at com.kms.katalon.core.webui.keyword.builtin.ClickKeyword.execute(ClickKeyword.groovy:40)
	at com.kms.katalon.core.keyword.internal.KeywordExecutor.executeKeywordForPlatform(KeywordExecutor.groovy:74)
	at com.kms.katalon.core.webui.keyword.WebUiBuiltInKeywords.click(WebUiBuiltInKeywords.groovy:620)
	at com.kms.katalon.core.webui.keyword.WebUiBuiltInKeywords$click$5.call(Unknown Source)
	at Script1637332680758.run(Script1637332680758.groovy:22)
	... 13 more
)

2021-12-21 16:24:21 - [MESSAGE][INFO] - Unable to find the element located by 'By.xpath: //*/text()[normalize-space(.)='Prueba']/parent::*'. Please recheck the objects properties to make sure the desired element is located. 

2021-12-21 16:24:21 - [MESSAGE][FAILED] - Unable to click on object 'Object Repository/Modulo Pruebas Capacitación/Registrar_los_costos/td_Prueba' (Root cause: com.kms.katalon.core.exception.StepFailedException: Unable to click on object 'Object Repository/Modulo Pruebas Capacitación/Registrar_los_costos/td_Prueba'
	at com.kms.katalon.core.webui.keyword.internal.WebUIKeywordMain.stepFailed(WebUIKeywordMain.groovy:64)
	at com.kms.katalon.core.webui.keyword.internal.WebUIKeywordMain.runKeyword(WebUIKeywordMain.groovy:26)
	at com.kms.katalon.core.webui.keyword.builtin.ClickKeyword.click(ClickKeyword.groovy:74)
	at com.kms.katalon.core.webui.keyword.builtin.ClickKeyword.execute(ClickKeyword.groovy:40)
	at com.kms.katalon.core.keyword.internal.KeywordExecutor.executeKeywordForPlatform(KeywordExecutor.groovy:74)
	at com.kms.katalon.core.webui.keyword.WebUiBuiltInKeywords.click(WebUiBuiltInKeywords.groovy:620)
	at com.kms.katalon.core.webui.keyword.WebUiBuiltInKeywords$click$5.call(Unknown Source)
	at 4.1.9-Registrar_los_costos.run(4.1.9-Registrar_los_costos:22)
	at com.kms.katalon.core.main.ScriptEngine.run(ScriptEngine.java:194)
	at com.kms.katalon.core.main.ScriptEngine.runScriptAsRawText(ScriptEngine.java:119)
	at com.kms.katalon.core.main.TestCaseExecutor.runScript(TestCaseExecutor.java:442)
	at com.kms.katalon.core.main.TestCaseExecutor.doExecute(TestCaseExecutor.java:433)
	at com.kms.katalon.core.main.TestCaseExecutor.processExecutionPhase(TestCaseExecutor.java:412)
	at com.kms.katalon.core.main.TestCaseExecutor.accessMainPhase(TestCaseExecutor.java:404)
	at com.kms.katalon.core.main.TestCaseExecutor.execute(TestCaseExecutor.java:281)
	at com.kms.katalon.core.main.TestSuiteExecutor.accessTestCaseMainPhase(TestSuiteExecutor.java:202)
	at com.kms.katalon.core.main.TestSuiteExecutor.accessTestSuiteMainPhase(TestSuiteExecutor.java:164)
	at com.kms.katalon.core.main.TestSuiteExecutor.execute(TestSuiteExecutor.java:105)
	at com.kms.katalon.core.main.TestCaseMain.startTestSuite(TestCaseMain.java:181)
	at com.kms.katalon.core.main.TestCaseMain$startTestSuite$0.call(Unknown Source)
	at TempTestSuite1640121187489.run(TempTestSuite1640121187489.groovy:36)
Caused by: com.kms.katalon.core.webui.exception.WebElementNotFoundException: Web element with id: 'Object Repository/Modulo Pruebas Capacitación/Registrar_los_costos/td_Prueba' located by '//*/text()[normalize-space(.)='Prueba']/parent::*' not found
	at com.kms.katalon.core.webui.common.WebUiCommonHelper.findWebElement(WebUiCommonHelper.java:1368)
	at com.kms.katalon.core.webui.keyword.internal.WebUIAbstractKeyword.findWebElement(WebUIAbstractKeyword.groovy:27)
	at com.kms.katalon.core.webui.keyword.builtin.ClickKeyword$_click_closure1.doCall(ClickKeyword.groovy:65)
	at com.kms.katalon.core.webui.keyword.builtin.ClickKeyword$_click_closure1.call(ClickKeyword.groovy)
	at com.kms.katalon.core.webui.keyword.internal.WebUIKeywordMain.runKeyword(WebUIKeywordMain.groovy:20)
	at com.kms.katalon.core.webui.keyword.builtin.ClickKeyword.click(ClickKeyword.groovy:74)
	at com.kms.katalon.core.webui.keyword.builtin.ClickKeyword.execute(ClickKeyword.groovy:40)
	at com.kms.katalon.core.keyword.internal.KeywordExecutor.executeKeywordForPlatform(KeywordExecutor.groovy:74)
	at com.kms.katalon.core.webui.keyword.WebUiBuiltInKeywords.click(WebUiBuiltInKeywords.groovy:620)
	at com.kms.katalon.core.webui.keyword.WebUiBuiltInKeywords$click$5.call(Unknown Source)
	at Script1637332680758.run(Script1637332680758.groovy:22)
	... 13 more
)
[[ATTACHMENT|C:\\Users\\diego.rojas\\git\\Pruebas-Minimas\\Reports\\20211221_161251\\4-pruebas capacitaci\u00F3n\\20211221_161307\\1640121861682.png]]]]></system-out>
         <system-err><![CDATA[2021-12-21 16:23:39 - [TEST_CASE][FAILED] - Test Cases/4.1-Pruebas_Capacitación/4.1.9-Registrar_los_costos: Test Cases/4.1-Pruebas_Capacitación/4.1.9-Registrar_los_costos FAILED.
Reason:
com.kms.katalon.core.exception.StepFailedException: Unable to click on object 'Object Repository/Modulo Pruebas Capacitación/Registrar_los_costos/td_Prueba'
	at com.kms.katalon.core.webui.keyword.internal.WebUIKeywordMain.stepFailed(WebUIKeywordMain.groovy:64)
	at com.kms.katalon.core.webui.keyword.internal.WebUIKeywordMain.runKeyword(WebUIKeywordMain.groovy:26)
	at com.kms.katalon.core.webui.keyword.builtin.ClickKeyword.click(ClickKeyword.groovy:74)
	at com.kms.katalon.core.webui.keyword.builtin.ClickKeyword.execute(ClickKeyword.groovy:40)
	at com.kms.katalon.core.keyword.internal.KeywordExecutor.executeKeywordForPlatform(KeywordExecutor.groovy:74)
	at com.kms.katalon.core.webui.keyword.WebUiBuiltInKeywords.click(WebUiBuiltInKeywords.groovy:620)
	at com.kms.katalon.core.webui.keyword.WebUiBuiltInKeywords$click$5.call(Unknown Source)
	at 4.1.9-Registrar_los_costos.run(4.1.9-Registrar_los_costos:22)
	at com.kms.katalon.core.main.ScriptEngine.run(ScriptEngine.java:194)
	at com.kms.katalon.core.main.ScriptEngine.runScriptAsRawText(ScriptEngine.java:119)
	at com.kms.katalon.core.main.TestCaseExecutor.runScript(TestCaseExecutor.java:442)
	at com.kms.katalon.core.main.TestCaseExecutor.doExecute(TestCaseExecutor.java:433)
	at com.kms.katalon.core.main.TestCaseExecutor.processExecutionPhase(TestCaseExecutor.java:412)
	at com.kms.katalon.core.main.TestCaseExecutor.accessMainPhase(TestCaseExecutor.java:404)
	at com.kms.katalon.core.main.TestCaseExecutor.execute(TestCaseExecutor.java:281)
	at com.kms.katalon.core.main.TestSuiteExecutor.accessTestCaseMainPhase(TestSuiteExecutor.java:202)
	at com.kms.katalon.core.main.TestSuiteExecutor.accessTestSuiteMainPhase(TestSuiteExecutor.java:164)
	at com.kms.katalon.core.main.TestSuiteExecutor.execute(TestSuiteExecutor.java:105)
	at com.kms.katalon.core.main.TestCaseMain.startTestSuite(TestCaseMain.java:181)
	at com.kms.katalon.core.main.TestCaseMain$startTestSuite$0.call(Unknown Source)
	at TempTestSuite1640121187489.run(TempTestSuite1640121187489.groovy:36)
Caused by: com.kms.katalon.core.webui.exception.WebElementNotFoundException: Web element with id: 'Object Repository/Modulo Pruebas Capacitación/Registrar_los_costos/td_Prueba' located by '//*/text()[normalize-space(.)='Prueba']/parent::*' not found
	at com.kms.katalon.core.webui.common.WebUiCommonHelper.findWebElement(WebUiCommonHelper.java:1368)
	at com.kms.katalon.core.webui.keyword.internal.WebUIAbstractKeyword.findWebElement(WebUIAbstractKeyword.groovy:27)
	at com.kms.katalon.core.webui.keyword.builtin.ClickKeyword$_click_closure1.doCall(ClickKeyword.groovy:65)
	at com.kms.katalon.core.webui.keyword.builtin.ClickKeyword$_click_closure1.call(ClickKeyword.groovy)
	at com.kms.katalon.core.webui.keyword.internal.WebUIKeywordMain.runKeyword(WebUIKeywordMain.groovy:20)
	... 19 more]]></system-err>
      </testcase>
      <testcase name="Test Cases/4.1-Pruebas_Capacitación/4.2.1-Programar_un_evento" time="41.92" classname="Test Cases/4.1-Pruebas_Capacitación/4.2.1-Programar_un_evento" status="FAILED">
         <failure type="FAILED" message="Test Cases/4.1-Pruebas_Capacitación/4.2.1-Programar_un_evento FAILED.
Reason:
com.kms.katalon.core.exception.StepFailedException: Unable to click on object 'Object Repository/Modulo Pruebas Capacitación/Programar_un_evento/td_Prueba'
	at com.kms.katalon.core.webui.keyword.internal.WebUIKeywordMain.stepFailed(WebUIKeywordMain.groovy:64)
	at com.kms.katalon.core.webui.keyword.internal.WebUIKeywordMain.runKeyword(WebUIKeywordMain.groovy:26)
	at com.kms.katalon.core.webui.keyword.builtin.ClickKeyword.click(ClickKeyword.groovy:74)
	at com.kms.katalon.core.webui.keyword.builtin.ClickKeyword.execute(ClickKeyword.groovy:40)
	at com.kms.katalon.core.keyword.internal.KeywordExecutor.executeKeywordForPlatform(KeywordExecutor.groovy:74)
	at com.kms.katalon.core.webui.keyword.WebUiBuiltInKeywords.click(WebUiBuiltInKeywords.groovy:620)
	at com.kms.katalon.core.webui.keyword.WebUiBuiltInKeywords$click$5.call(Unknown Source)
	at 4.2.1-Programar_un_evento.run(4.2.1-Programar_un_evento:22)
	at com.kms.katalon.core.main.ScriptEngine.run(ScriptEngine.java:194)
	at com.kms.katalon.core.main.ScriptEngine.runScriptAsRawText(ScriptEngine.java:119)
	at com.kms.katalon.core.main.TestCaseExecutor.runScript(TestCaseExecutor.java:442)
	at com.kms.katalon.core.main.TestCaseExecutor.doExecute(TestCaseExecutor.java:433)
	at com.kms.katalon.core.main.TestCaseExecutor.processExecutionPhase(TestCaseExecutor.java:412)
	at com.kms.katalon.core.main.TestCaseExecutor.accessMainPhase(TestCaseExecutor.java:404)
	at com.kms.katalon.core.main.TestCaseExecutor.execute(TestCaseExecutor.java:281)
	at com.kms.katalon.core.main.TestSuiteExecutor.accessTestCaseMainPhase(TestSuiteExecutor.java:202)
	at com.kms.katalon.core.main.TestSuiteExecutor.accessTestSuiteMainPhase(TestSuiteExecutor.java:164)
	at com.kms.katalon.core.main.TestSuiteExecutor.execute(TestSuiteExecutor.java:105)
	at com.kms.katalon.core.main.TestCaseMain.startTestSuite(TestCaseMain.java:181)
	at com.kms.katalon.core.main.TestCaseMain$startTestSuite$0.call(Unknown Source)
	at TempTestSuite1640121187489.run(TempTestSuite1640121187489.groovy:36)
Caused by: com.kms.katalon.core.webui.exception.WebElementNotFoundException: Web element with id: 'Object Repository/Modulo Pruebas Capacitación/Programar_un_evento/td_Prueba' located by '//*/text()[normalize-space(.)='Prueba']/parent::*' not found
	at com.kms.katalon.core.webui.common.WebUiCommonHelper.findWebElement(WebUiCommonHelper.java:1368)
	at com.kms.katalon.core.webui.keyword.internal.WebUIAbstractKeyword.findWebElement(WebUIAbstractKeyword.groovy:27)
	at com.kms.katalon.core.webui.keyword.builtin.ClickKeyword$_click_closure1.doCall(ClickKeyword.groovy:65)
	at com.kms.katalon.core.webui.keyword.builtin.ClickKeyword$_click_closure1.call(ClickKeyword.groovy)
	at com.kms.katalon.core.webui.keyword.internal.WebUIKeywordMain.runKeyword(WebUIKeywordMain.groovy:20)
	... 19 more
"/>
         <system-out><![CDATA[2021-12-21 16:24:21 - [TEST_CASE][FAILED] - Test Cases/4.1-Pruebas_Capacitación/4.2.1-Programar_un_evento: Test Cases/4.1-Pruebas_Capacitación/4.2.1-Programar_un_evento FAILED.
Reason:
com.kms.katalon.core.exception.StepFailedException: Unable to click on object 'Object Repository/Modulo Pruebas Capacitación/Programar_un_evento/td_Prueba'
	at com.kms.katalon.core.webui.keyword.internal.WebUIKeywordMain.stepFailed(WebUIKeywordMain.groovy:64)
	at com.kms.katalon.core.webui.keyword.internal.WebUIKeywordMain.runKeyword(WebUIKeywordMain.groovy:26)
	at com.kms.katalon.core.webui.keyword.builtin.ClickKeyword.click(ClickKeyword.groovy:74)
	at com.kms.katalon.core.webui.keyword.builtin.ClickKeyword.execute(ClickKeyword.groovy:40)
	at com.kms.katalon.core.keyword.internal.KeywordExecutor.executeKeywordForPlatform(KeywordExecutor.groovy:74)
	at com.kms.katalon.core.webui.keyword.WebUiBuiltInKeywords.click(WebUiBuiltInKeywords.groovy:620)
	at com.kms.katalon.core.webui.keyword.WebUiBuiltInKeywords$click$5.call(Unknown Source)
	at 4.2.1-Programar_un_evento.run(4.2.1-Programar_un_evento:22)
	at com.kms.katalon.core.main.ScriptEngine.run(ScriptEngine.java:194)
	at com.kms.katalon.core.main.ScriptEngine.runScriptAsRawText(ScriptEngine.java:119)
	at com.kms.katalon.core.main.TestCaseExecutor.runScript(TestCaseExecutor.java:442)
	at com.kms.katalon.core.main.TestCaseExecutor.doExecute(TestCaseExecutor.java:433)
	at com.kms.katalon.core.main.TestCaseExecutor.processExecutionPhase(TestCaseExecutor.java:412)
	at com.kms.katalon.core.main.TestCaseExecutor.accessMainPhase(TestCaseExecutor.java:404)
	at com.kms.katalon.core.main.TestCaseExecutor.execute(TestCaseExecutor.java:281)
	at com.kms.katalon.core.main.TestSuiteExecutor.accessTestCaseMainPhase(TestSuiteExecutor.java:202)
	at com.kms.katalon.core.main.TestSuiteExecutor.accessTestSuiteMainPhase(TestSuiteExecutor.java:164)
	at com.kms.katalon.core.main.TestSuiteExecutor.execute(TestSuiteExecutor.java:105)
	at com.kms.katalon.core.main.TestCaseMain.startTestSuite(TestCaseMain.java:181)
	at com.kms.katalon.core.main.TestCaseMain$startTestSuite$0.call(Unknown Source)
	at TempTestSuite1640121187489.run(TempTestSuite1640121187489.groovy:36)
Caused by: com.kms.katalon.core.webui.exception.WebElementNotFoundException: Web element with id: 'Object Repository/Modulo Pruebas Capacitación/Programar_un_evento/td_Prueba' located by '//*/text()[normalize-space(.)='Prueba']/parent::*' not found
	at com.kms.katalon.core.webui.common.WebUiCommonHelper.findWebElement(WebUiCommonHelper.java:1368)
	at com.kms.katalon.core.webui.keyword.internal.WebUIAbstractKeyword.findWebElement(WebUIAbstractKeyword.groovy:27)
	at com.kms.katalon.core.webui.keyword.builtin.ClickKeyword$_click_closure1.doCall(ClickKeyword.groovy:65)
	at com.kms.katalon.core.webui.keyword.builtin.ClickKeyword$_click_closure1.call(ClickKeyword.groovy)
	at com.kms.katalon.core.webui.keyword.internal.WebUIKeywordMain.runKeyword(WebUIKeywordMain.groovy:20)
	... 19 more


2021-12-21 16:24:22 - [TEST_STEP][PASSED] - callTestCase(findTestCase("Utilidades-(atajos_para _tareas)/Modulos/Modulo Control Evento Capacitacion"), [:], STOP_ON_FAILURE): Call Test Case 'Test Cases/Utilidades-(atajos_para _tareas)/Modulos/Modulo Control Evento Capacitacion' successfully

2021-12-21 16:24:22 - [TEST_CASE][PASSED] - Test Cases/Utilidades-(atajos_para _tareas)/Modulos/Modulo Control Evento Capacitacion: Test Cases/Utilidades-(atajos_para _tareas)/Modulos/Modulo Control Evento Capacitacion

2021-12-21 16:24:22 - [TEST_STEP][PASSED] - callTestCase(findTestCase("0.1-Login"), [:], STOP_ON_FAILURE): Call Test Case 'Test Cases/0.1-Login' successfully

2021-12-21 16:24:22 - [TEST_CASE][PASSED] - Test Cases/0.1-Login: Test Cases/0.1-Login

2021-12-21 16:24:22 - [TEST_STEP][PASSED] - openBrowser(""): Browser is opened with url: ''

2021-12-21 16:24:22 - [MESSAGE][WARNING] - A browser is already opened. Closing browser and opening a new one

2021-12-21 16:24:22 - [MESSAGE][INFO] - Starting 'Chrome' driver

2021-12-21 16:24:22 - [MESSAGE][INFO] - Action delay is set to 0 milliseconds

2021-12-21 16:24:24 - [MESSAGE][PASSED] - Browser is opened with url: ''

2021-12-21 16:24:24 - [TEST_STEP][PASSED] - maximizeWindow(): Current window maximized

2021-12-21 16:24:24 - [MESSAGE][PASSED] - Current window maximized

2021-12-21 16:24:24 - [TEST_STEP][PASSED] - i = G_Login: null

2021-12-21 16:24:24 - [TEST_STEP][PASSED] - url = new java.net.URL(i): null

2021-12-21 16:24:24 - [TEST_STEP][PASSED] - println("URL: " + url.toString()): null

2021-12-21 16:24:24 - [TEST_STEP][PASSED] - connection = url.openConnection(): null

2021-12-21 16:24:24 - [TEST_STEP][PASSED] - connection.setRequestMethod("GET"): null

2021-12-21 16:24:24 - [TEST_STEP][PASSED] - connection.setReadTimeout(2 * 1000): null

2021-12-21 16:24:24 - [TEST_STEP][PASSED] - try: null

2021-12-21 16:24:24 - [TEST_STEP][PASSED] - connection.connect(): null

2021-12-21 16:24:24 - [TEST_STEP][PASSED] - flag = connected: null

2021-12-21 16:24:24 - [TEST_STEP][PASSED] - println("Valor_ori: " + flag): null

2021-12-21 16:24:24 - [TEST_STEP][PASSED] - if (flag): null

2021-12-21 16:24:24 - [TEST_STEP][PASSED] - navigateToUrl(i): Navigate to 'http://192.168.2.80:8380/saraweb' successfully

2021-12-21 16:24:25 - [MESSAGE][PASSED] - Navigate to 'http://192.168.2.80:8380/saraweb' successfully

2021-12-21 16:24:25 - [TEST_STEP][PASSED] - a(): null

2021-12-21 16:24:25 - [TEST_STEP][PASSED] - setText(findTestObject("Login/input_USUARIO_loginusuario"), G_Usuario): Text 'saraadmin' is set on object 'Object Repository/Login/input_USUARIO_loginusuario'

2021-12-21 16:24:26 - [MESSAGE][PASSED] - Text 'saraadmin' is set on object 'Object Repository/Login/input_USUARIO_loginusuario'

2021-12-21 16:24:26 - [TEST_STEP][PASSED] - setEncryptedText(findTestObject("Login/input_CLAVE_loginpassword"), "MkG4/TYiCFC3cb2driP7+Q=="): Text ****** has been set on object 'Object Repository/Login/input_CLAVE_loginpassword'

2021-12-21 16:24:26 - [MESSAGE][PASSED] - Text ****** has been set on object 'Object Repository/Login/input_CLAVE_loginpassword'

2021-12-21 16:24:26 - [TEST_STEP][PASSED] - waitForElementClickable(findTestObject("Login/a_Ingresar"), G_TimeOut): Object 'Object Repository/Login/a_Ingresar' is clickable

2021-12-21 16:24:26 - [MESSAGE][PASSED] - Object 'Object Repository/Login/a_Ingresar' is clickable

2021-12-21 16:24:26 - [TEST_STEP][PASSED] - click(findTestObject("Login/a_Ingresar")): Object: 'Object Repository/Login/a_Ingresar' is clicked on

2021-12-21 16:24:29 - [MESSAGE][PASSED] - Object: 'Object Repository/Login/a_Ingresar' is clicked on

2021-12-21 16:24:29 - [TEST_STEP][PASSED] - element = findWebElement(findTestObject("Login/a_Ir"), 30): null

2021-12-21 16:24:29 - [TEST_STEP][PASSED] - executeJavaScript("arguments[0].click()", Arrays.asList(element)): Execute JavaScript 'arguments[0].click()' successfully

2021-12-21 16:24:29 - [MESSAGE][PASSED] - Execute JavaScript 'arguments[0].click()' successfully

2021-12-21 16:24:29 - [MESSAGE][PASSED] - Call Test Case 'Test Cases/0.1-Login' successfully

2021-12-21 16:24:29 - [TEST_STEP][PASSED] - setText(findTestObject("Modulo Control Evento Capacitacion/input_ADMINISTRADOR DEL SISTEMA - SARA_form_templatej_idt24_input"), "Control Evento"): Text 'Control Evento' is set on object 'Object Repository/Modulo Control Evento Capacitacion/input_ADMINISTRADOR DEL SISTEMA - SARA_form_templatej_idt24_input'

2021-12-21 16:24:30 - [MESSAGE][PASSED] - Text 'Control Evento' is set on object 'Object Repository/Modulo Control Evento Capacitacion/input_ADMINISTRADOR DEL SISTEMA - SARA_form_templatej_idt24_input'

2021-12-21 16:24:30 - [TEST_STEP][PASSED] - click(findTestObject("Modulo Control Evento Capacitacion/li_Control Evento Capacitacion (cap)")): Object: 'Object Repository/Modulo Control Evento Capacitacion/li_Control Evento Capacitacion (cap)' is clicked on

2021-12-21 16:24:32 - [MESSAGE][PASSED] - Object: 'Object Repository/Modulo Control Evento Capacitacion/li_Control Evento Capacitacion (cap)' is clicked on

2021-12-21 16:24:32 - [MESSAGE][PASSED] - Call Test Case 'Test Cases/Utilidades-(atajos_para _tareas)/Modulos/Modulo Control Evento Capacitacion' successfully

2021-12-21 16:24:32 - [TEST_STEP][FAILED] - click(findTestObject("Modulo Pruebas Capacitación/Programar_un_evento/td_Prueba")): Unable to click on object 'Object Repository/Modulo Pruebas Capacitación/Programar_un_evento/td_Prueba' (Root cause: com.kms.katalon.core.exception.StepFailedException: Unable to click on object 'Object Repository/Modulo Pruebas Capacitación/Programar_un_evento/td_Prueba'
	at com.kms.katalon.core.webui.keyword.internal.WebUIKeywordMain.stepFailed(WebUIKeywordMain.groovy:64)
	at com.kms.katalon.core.webui.keyword.internal.WebUIKeywordMain.runKeyword(WebUIKeywordMain.groovy:26)
	at com.kms.katalon.core.webui.keyword.builtin.ClickKeyword.click(ClickKeyword.groovy:74)
	at com.kms.katalon.core.webui.keyword.builtin.ClickKeyword.execute(ClickKeyword.groovy:40)
	at com.kms.katalon.core.keyword.internal.KeywordExecutor.executeKeywordForPlatform(KeywordExecutor.groovy:74)
	at com.kms.katalon.core.webui.keyword.WebUiBuiltInKeywords.click(WebUiBuiltInKeywords.groovy:620)
	at com.kms.katalon.core.webui.keyword.WebUiBuiltInKeywords$click$5.call(Unknown Source)
	at 4.2.1-Programar_un_evento.run(4.2.1-Programar_un_evento:22)
	at com.kms.katalon.core.main.ScriptEngine.run(ScriptEngine.java:194)
	at com.kms.katalon.core.main.ScriptEngine.runScriptAsRawText(ScriptEngine.java:119)
	at com.kms.katalon.core.main.TestCaseExecutor.runScript(TestCaseExecutor.java:442)
	at com.kms.katalon.core.main.TestCaseExecutor.doExecute(TestCaseExecutor.java:433)
	at com.kms.katalon.core.main.TestCaseExecutor.processExecutionPhase(TestCaseExecutor.java:412)
	at com.kms.katalon.core.main.TestCaseExecutor.accessMainPhase(TestCaseExecutor.java:404)
	at com.kms.katalon.core.main.TestCaseExecutor.execute(TestCaseExecutor.java:281)
	at com.kms.katalon.core.main.TestSuiteExecutor.accessTestCaseMainPhase(TestSuiteExecutor.java:202)
	at com.kms.katalon.core.main.TestSuiteExecutor.accessTestSuiteMainPhase(TestSuiteExecutor.java:164)
	at com.kms.katalon.core.main.TestSuiteExecutor.execute(TestSuiteExecutor.java:105)
	at com.kms.katalon.core.main.TestCaseMain.startTestSuite(TestCaseMain.java:181)
	at com.kms.katalon.core.main.TestCaseMain$startTestSuite$0.call(Unknown Source)
	at TempTestSuite1640121187489.run(TempTestSuite1640121187489.groovy:36)
Caused by: com.kms.katalon.core.webui.exception.WebElementNotFoundException: Web element with id: 'Object Repository/Modulo Pruebas Capacitación/Programar_un_evento/td_Prueba' located by '//*/text()[normalize-space(.)='Prueba']/parent::*' not found
	at com.kms.katalon.core.webui.common.WebUiCommonHelper.findWebElement(WebUiCommonHelper.java:1368)
	at com.kms.katalon.core.webui.keyword.internal.WebUIAbstractKeyword.findWebElement(WebUIAbstractKeyword.groovy:27)
	at com.kms.katalon.core.webui.keyword.builtin.ClickKeyword$_click_closure1.doCall(ClickKeyword.groovy:65)
	at com.kms.katalon.core.webui.keyword.builtin.ClickKeyword$_click_closure1.call(ClickKeyword.groovy)
	at com.kms.katalon.core.webui.keyword.internal.WebUIKeywordMain.runKeyword(WebUIKeywordMain.groovy:20)
	at com.kms.katalon.core.webui.keyword.builtin.ClickKeyword.click(ClickKeyword.groovy:74)
	at com.kms.katalon.core.webui.keyword.builtin.ClickKeyword.execute(ClickKeyword.groovy:40)
	at com.kms.katalon.core.keyword.internal.KeywordExecutor.executeKeywordForPlatform(KeywordExecutor.groovy:74)
	at com.kms.katalon.core.webui.keyword.WebUiBuiltInKeywords.click(WebUiBuiltInKeywords.groovy:620)
	at com.kms.katalon.core.webui.keyword.WebUiBuiltInKeywords$click$5.call(Unknown Source)
	at Script1637335729513.run(Script1637335729513.groovy:22)
	... 13 more
)

2021-12-21 16:25:03 - [MESSAGE][INFO] - Unable to find the element located by 'By.xpath: //*/text()[normalize-space(.)='Prueba']/parent::*'. Please recheck the objects properties to make sure the desired element is located. 

2021-12-21 16:25:03 - [MESSAGE][FAILED] - Unable to click on object 'Object Repository/Modulo Pruebas Capacitación/Programar_un_evento/td_Prueba' (Root cause: com.kms.katalon.core.exception.StepFailedException: Unable to click on object 'Object Repository/Modulo Pruebas Capacitación/Programar_un_evento/td_Prueba'
	at com.kms.katalon.core.webui.keyword.internal.WebUIKeywordMain.stepFailed(WebUIKeywordMain.groovy:64)
	at com.kms.katalon.core.webui.keyword.internal.WebUIKeywordMain.runKeyword(WebUIKeywordMain.groovy:26)
	at com.kms.katalon.core.webui.keyword.builtin.ClickKeyword.click(ClickKeyword.groovy:74)
	at com.kms.katalon.core.webui.keyword.builtin.ClickKeyword.execute(ClickKeyword.groovy:40)
	at com.kms.katalon.core.keyword.internal.KeywordExecutor.executeKeywordForPlatform(KeywordExecutor.groovy:74)
	at com.kms.katalon.core.webui.keyword.WebUiBuiltInKeywords.click(WebUiBuiltInKeywords.groovy:620)
	at com.kms.katalon.core.webui.keyword.WebUiBuiltInKeywords$click$5.call(Unknown Source)
	at 4.2.1-Programar_un_evento.run(4.2.1-Programar_un_evento:22)
	at com.kms.katalon.core.main.ScriptEngine.run(ScriptEngine.java:194)
	at com.kms.katalon.core.main.ScriptEngine.runScriptAsRawText(ScriptEngine.java:119)
	at com.kms.katalon.core.main.TestCaseExecutor.runScript(TestCaseExecutor.java:442)
	at com.kms.katalon.core.main.TestCaseExecutor.doExecute(TestCaseExecutor.java:433)
	at com.kms.katalon.core.main.TestCaseExecutor.processExecutionPhase(TestCaseExecutor.java:412)
	at com.kms.katalon.core.main.TestCaseExecutor.accessMainPhase(TestCaseExecutor.java:404)
	at com.kms.katalon.core.main.TestCaseExecutor.execute(TestCaseExecutor.java:281)
	at com.kms.katalon.core.main.TestSuiteExecutor.accessTestCaseMainPhase(TestSuiteExecutor.java:202)
	at com.kms.katalon.core.main.TestSuiteExecutor.accessTestSuiteMainPhase(TestSuiteExecutor.java:164)
	at com.kms.katalon.core.main.TestSuiteExecutor.execute(TestSuiteExecutor.java:105)
	at com.kms.katalon.core.main.TestCaseMain.startTestSuite(TestCaseMain.java:181)
	at com.kms.katalon.core.main.TestCaseMain$startTestSuite$0.call(Unknown Source)
	at TempTestSuite1640121187489.run(TempTestSuite1640121187489.groovy:36)
Caused by: com.kms.katalon.core.webui.exception.WebElementNotFoundException: Web element with id: 'Object Repository/Modulo Pruebas Capacitación/Programar_un_evento/td_Prueba' located by '//*/text()[normalize-space(.)='Prueba']/parent::*' not found
	at com.kms.katalon.core.webui.common.WebUiCommonHelper.findWebElement(WebUiCommonHelper.java:1368)
	at com.kms.katalon.core.webui.keyword.internal.WebUIAbstractKeyword.findWebElement(WebUIAbstractKeyword.groovy:27)
	at com.kms.katalon.core.webui.keyword.builtin.ClickKeyword$_click_closure1.doCall(ClickKeyword.groovy:65)
	at com.kms.katalon.core.webui.keyword.builtin.ClickKeyword$_click_closure1.call(ClickKeyword.groovy)
	at com.kms.katalon.core.webui.keyword.internal.WebUIKeywordMain.runKeyword(WebUIKeywordMain.groovy:20)
	at com.kms.katalon.core.webui.keyword.builtin.ClickKeyword.click(ClickKeyword.groovy:74)
	at com.kms.katalon.core.webui.keyword.builtin.ClickKeyword.execute(ClickKeyword.groovy:40)
	at com.kms.katalon.core.keyword.internal.KeywordExecutor.executeKeywordForPlatform(KeywordExecutor.groovy:74)
	at com.kms.katalon.core.webui.keyword.WebUiBuiltInKeywords.click(WebUiBuiltInKeywords.groovy:620)
	at com.kms.katalon.core.webui.keyword.WebUiBuiltInKeywords$click$5.call(Unknown Source)
	at Script1637335729513.run(Script1637335729513.groovy:22)
	... 13 more
)
[[ATTACHMENT|C:\\Users\\diego.rojas\\git\\Pruebas-Minimas\\Reports\\20211221_161251\\4-pruebas capacitaci\u00F3n\\20211221_161307\\1640121903611.png]]]]></system-out>
         <system-err><![CDATA[2021-12-21 16:24:21 - [TEST_CASE][FAILED] - Test Cases/4.1-Pruebas_Capacitación/4.2.1-Programar_un_evento: Test Cases/4.1-Pruebas_Capacitación/4.2.1-Programar_un_evento FAILED.
Reason:
com.kms.katalon.core.exception.StepFailedException: Unable to click on object 'Object Repository/Modulo Pruebas Capacitación/Programar_un_evento/td_Prueba'
	at com.kms.katalon.core.webui.keyword.internal.WebUIKeywordMain.stepFailed(WebUIKeywordMain.groovy:64)
	at com.kms.katalon.core.webui.keyword.internal.WebUIKeywordMain.runKeyword(WebUIKeywordMain.groovy:26)
	at com.kms.katalon.core.webui.keyword.builtin.ClickKeyword.click(ClickKeyword.groovy:74)
	at com.kms.katalon.core.webui.keyword.builtin.ClickKeyword.execute(ClickKeyword.groovy:40)
	at com.kms.katalon.core.keyword.internal.KeywordExecutor.executeKeywordForPlatform(KeywordExecutor.groovy:74)
	at com.kms.katalon.core.webui.keyword.WebUiBuiltInKeywords.click(WebUiBuiltInKeywords.groovy:620)
	at com.kms.katalon.core.webui.keyword.WebUiBuiltInKeywords$click$5.call(Unknown Source)
	at 4.2.1-Programar_un_evento.run(4.2.1-Programar_un_evento:22)
	at com.kms.katalon.core.main.ScriptEngine.run(ScriptEngine.java:194)
	at com.kms.katalon.core.main.ScriptEngine.runScriptAsRawText(ScriptEngine.java:119)
	at com.kms.katalon.core.main.TestCaseExecutor.runScript(TestCaseExecutor.java:442)
	at com.kms.katalon.core.main.TestCaseExecutor.doExecute(TestCaseExecutor.java:433)
	at com.kms.katalon.core.main.TestCaseExecutor.processExecutionPhase(TestCaseExecutor.java:412)
	at com.kms.katalon.core.main.TestCaseExecutor.accessMainPhase(TestCaseExecutor.java:404)
	at com.kms.katalon.core.main.TestCaseExecutor.execute(TestCaseExecutor.java:281)
	at com.kms.katalon.core.main.TestSuiteExecutor.accessTestCaseMainPhase(TestSuiteExecutor.java:202)
	at com.kms.katalon.core.main.TestSuiteExecutor.accessTestSuiteMainPhase(TestSuiteExecutor.java:164)
	at com.kms.katalon.core.main.TestSuiteExecutor.execute(TestSuiteExecutor.java:105)
	at com.kms.katalon.core.main.TestCaseMain.startTestSuite(TestCaseMain.java:181)
	at com.kms.katalon.core.main.TestCaseMain$startTestSuite$0.call(Unknown Source)
	at TempTestSuite1640121187489.run(TempTestSuite1640121187489.groovy:36)
Caused by: com.kms.katalon.core.webui.exception.WebElementNotFoundException: Web element with id: 'Object Repository/Modulo Pruebas Capacitación/Programar_un_evento/td_Prueba' located by '//*/text()[normalize-space(.)='Prueba']/parent::*' not found
	at com.kms.katalon.core.webui.common.WebUiCommonHelper.findWebElement(WebUiCommonHelper.java:1368)
	at com.kms.katalon.core.webui.keyword.internal.WebUIAbstractKeyword.findWebElement(WebUIAbstractKeyword.groovy:27)
	at com.kms.katalon.core.webui.keyword.builtin.ClickKeyword$_click_closure1.doCall(ClickKeyword.groovy:65)
	at com.kms.katalon.core.webui.keyword.builtin.ClickKeyword$_click_closure1.call(ClickKeyword.groovy)
	at com.kms.katalon.core.webui.keyword.internal.WebUIKeywordMain.runKeyword(WebUIKeywordMain.groovy:20)
	... 19 more]]></system-err>
      </testcase>
      <testcase name="Test Cases/4.1-Pruebas_Capacitación/4.2.3-Crear_una_Necesidad_de_Capacitación" time="27.197" classname="Test Cases/4.1-Pruebas_Capacitación/4.2.3-Crear_una_Necesidad_de_Capacitación" status="PASSED">
         <system-out><![CDATA[2021-12-21 16:25:03 - [TEST_CASE][PASSED] - Test Cases/4.1-Pruebas_Capacitación/4.2.3-Crear_una_Necesidad_de_Capacitación: Test Cases/4.1-Pruebas_Capacitación/4.2.3-Crear_una_Necesidad_de_Capacitación

2021-12-21 16:25:04 - [TEST_STEP][PASSED] - callTestCase(findTestCase("0.1-Login"), [:], STOP_ON_FAILURE): Call Test Case 'Test Cases/0.1-Login' successfully

2021-12-21 16:25:04 - [TEST_CASE][PASSED] - Test Cases/0.1-Login: Test Cases/0.1-Login

2021-12-21 16:25:04 - [TEST_STEP][PASSED] - openBrowser(""): Browser is opened with url: ''

2021-12-21 16:25:04 - [MESSAGE][WARNING] - A browser is already opened. Closing browser and opening a new one

2021-12-21 16:25:04 - [MESSAGE][INFO] - Starting 'Chrome' driver

2021-12-21 16:25:04 - [MESSAGE][INFO] - Action delay is set to 0 milliseconds

2021-12-21 16:25:06 - [MESSAGE][PASSED] - Browser is opened with url: ''

2021-12-21 16:25:06 - [TEST_STEP][PASSED] - maximizeWindow(): Current window maximized

2021-12-21 16:25:06 - [MESSAGE][PASSED] - Current window maximized

2021-12-21 16:25:06 - [TEST_STEP][PASSED] - i = G_Login: null

2021-12-21 16:25:06 - [TEST_STEP][PASSED] - url = new java.net.URL(i): null

2021-12-21 16:25:06 - [TEST_STEP][PASSED] - println("URL: " + url.toString()): null

2021-12-21 16:25:06 - [TEST_STEP][PASSED] - connection = url.openConnection(): null

2021-12-21 16:25:06 - [TEST_STEP][PASSED] - connection.setRequestMethod("GET"): null

2021-12-21 16:25:06 - [TEST_STEP][PASSED] - connection.setReadTimeout(2 * 1000): null

2021-12-21 16:25:06 - [TEST_STEP][PASSED] - try: null

2021-12-21 16:25:06 - [TEST_STEP][PASSED] - connection.connect(): null

2021-12-21 16:25:06 - [TEST_STEP][PASSED] - flag = connected: null

2021-12-21 16:25:06 - [TEST_STEP][PASSED] - println("Valor_ori: " + flag): null

2021-12-21 16:25:06 - [TEST_STEP][PASSED] - if (flag): null

2021-12-21 16:25:06 - [TEST_STEP][PASSED] - navigateToUrl(i): Navigate to 'http://192.168.2.80:8380/saraweb' successfully

2021-12-21 16:25:07 - [MESSAGE][PASSED] - Navigate to 'http://192.168.2.80:8380/saraweb' successfully

2021-12-21 16:25:07 - [TEST_STEP][PASSED] - a(): null

2021-12-21 16:25:07 - [TEST_STEP][PASSED] - setText(findTestObject("Login/input_USUARIO_loginusuario"), G_Usuario): Text 'saraadmin' is set on object 'Object Repository/Login/input_USUARIO_loginusuario'

2021-12-21 16:25:07 - [MESSAGE][PASSED] - Text 'saraadmin' is set on object 'Object Repository/Login/input_USUARIO_loginusuario'

2021-12-21 16:25:07 - [TEST_STEP][PASSED] - setEncryptedText(findTestObject("Login/input_CLAVE_loginpassword"), "MkG4/TYiCFC3cb2driP7+Q=="): Text ****** has been set on object 'Object Repository/Login/input_CLAVE_loginpassword'

2021-12-21 16:25:08 - [MESSAGE][PASSED] - Text ****** has been set on object 'Object Repository/Login/input_CLAVE_loginpassword'

2021-12-21 16:25:08 - [TEST_STEP][PASSED] - waitForElementClickable(findTestObject("Login/a_Ingresar"), G_TimeOut): Object 'Object Repository/Login/a_Ingresar' is clickable

2021-12-21 16:25:08 - [MESSAGE][PASSED] - Object 'Object Repository/Login/a_Ingresar' is clickable

2021-12-21 16:25:08 - [TEST_STEP][PASSED] - click(findTestObject("Login/a_Ingresar")): Object: 'Object Repository/Login/a_Ingresar' is clicked on

2021-12-21 16:25:10 - [MESSAGE][PASSED] - Object: 'Object Repository/Login/a_Ingresar' is clicked on

2021-12-21 16:25:10 - [TEST_STEP][PASSED] - element = findWebElement(findTestObject("Login/a_Ir"), 30): null

2021-12-21 16:25:11 - [TEST_STEP][PASSED] - executeJavaScript("arguments[0].click()", Arrays.asList(element)): Execute JavaScript 'arguments[0].click()' successfully

2021-12-21 16:25:11 - [MESSAGE][PASSED] - Execute JavaScript 'arguments[0].click()' successfully

2021-12-21 16:25:11 - [MESSAGE][PASSED] - Call Test Case 'Test Cases/0.1-Login' successfully

2021-12-21 16:25:11 - [TEST_STEP][PASSED] - setText(findTestObject("Modulo Pruebas Capacitación/Crear_una_Necesidad_de_Capacitación/input_Evento Capacitacin_form_templatej_idt24_input"), "Listado necesidad de capacitacion"): Text 'Listado necesidad de capacitacion' is set on object 'Object Repository/Modulo Pruebas Capacitación/Crear_una_Necesidad_de_Capacitación/input_Evento Capacitacin_form_templatej_idt24_input'

2021-12-21 16:25:12 - [MESSAGE][PASSED] - Text 'Listado necesidad de capacitacion' is set on object 'Object Repository/Modulo Pruebas Capacitación/Crear_una_Necesidad_de_Capacitación/input_Evento Capacitacin_form_templatej_idt24_input'

2021-12-21 16:25:12 - [TEST_STEP][PASSED] - click(findTestObject("Modulo Pruebas Capacitación/Crear_una_Necesidad_de_Capacitación/li_Listado necesidad de capacitacion (cap)")): Object: 'Object Repository/Modulo Pruebas Capacitación/Crear_una_Necesidad_de_Capacitación/li_Listado necesidad de capacitacion (cap)' is clicked on

2021-12-21 16:25:14 - [MESSAGE][PASSED] - Object: 'Object Repository/Modulo Pruebas Capacitación/Crear_una_Necesidad_de_Capacitación/li_Listado necesidad de capacitacion (cap)' is clicked on

2021-12-21 16:25:14 - [TEST_STEP][PASSED] - if (waitForElementPresent(findTestObject("Modulo Pruebas Capacitación/Crear_una_Necesidad_de_Capacitación/td_A A A"), 1)): null

2021-12-21 16:25:16 - [MESSAGE][PASSED] - Object 'Object Repository/Modulo Pruebas Capacitación/Crear_una_Necesidad_de_Capacitación/td_A A A' is present

2021-12-21 16:25:16 - [TEST_STEP][PASSED] - click(findTestObject("Modulo Pruebas Capacitación/Crear_una_Necesidad_de_Capacitación/td_A A A")): Object: 'Object Repository/Modulo Pruebas Capacitación/Crear_una_Necesidad_de_Capacitación/td_A A A' is clicked on

2021-12-21 16:25:16 - [MESSAGE][PASSED] - Object: 'Object Repository/Modulo Pruebas Capacitación/Crear_una_Necesidad_de_Capacitación/td_A A A' is clicked on

2021-12-21 16:25:16 - [TEST_STEP][PASSED] - if (waitForElementPresent(findTestObject("Modulo Pruebas Capacitación/Crear_una_Necesidad_de_Capacitación/a_Cambiar Datos"), 1)): null

2021-12-21 16:25:19 - [MESSAGE][PASSED] - Object 'Object Repository/Modulo Pruebas Capacitación/Crear_una_Necesidad_de_Capacitación/a_Cambiar Datos' is present

2021-12-21 16:25:19 - [TEST_STEP][PASSED] - click(findTestObject("Modulo Pruebas Capacitación/Crear_una_Necesidad_de_Capacitación/a_Cambiar Datos")): Object: 'Object Repository/Modulo Pruebas Capacitación/Crear_una_Necesidad_de_Capacitación/a_Cambiar Datos' is clicked on

2021-12-21 16:25:19 - [MESSAGE][PASSED] - Object: 'Object Repository/Modulo Pruebas Capacitación/Crear_una_Necesidad_de_Capacitación/a_Cambiar Datos' is clicked on

2021-12-21 16:25:19 - [TEST_STEP][PASSED] - click(findTestObject("Modulo Pruebas Capacitación/Crear_una_Necesidad_de_Capacitación/a_Eliminar")): Object: 'Object Repository/Modulo Pruebas Capacitación/Crear_una_Necesidad_de_Capacitación/a_Eliminar' is clicked on

2021-12-21 16:25:20 - [MESSAGE][PASSED] - Object: 'Object Repository/Modulo Pruebas Capacitación/Crear_una_Necesidad_de_Capacitación/a_Eliminar' is clicked on

2021-12-21 16:25:20 - [TEST_STEP][PASSED] - click(findTestObject("Modulo Pruebas Capacitación/Crear_una_Necesidad_de_Capacitación/span_Si")): Object: 'Object Repository/Modulo Pruebas Capacitación/Crear_una_Necesidad_de_Capacitación/span_Si' is clicked on

2021-12-21 16:25:20 - [MESSAGE][PASSED] - Object: 'Object Repository/Modulo Pruebas Capacitación/Crear_una_Necesidad_de_Capacitación/span_Si' is clicked on

2021-12-21 16:25:20 - [TEST_STEP][PASSED] - click(findTestObject("Modulo Pruebas Capacitación/Crear_una_Necesidad_de_Capacitación/a_Aceptar_Eliminar")): Object: 'Object Repository/Modulo Pruebas Capacitación/Crear_una_Necesidad_de_Capacitación/a_Aceptar_Eliminar' is clicked on

2021-12-21 16:25:22 - [MESSAGE][PASSED] - Object: 'Object Repository/Modulo Pruebas Capacitación/Crear_una_Necesidad_de_Capacitación/a_Aceptar_Eliminar' is clicked on

2021-12-21 16:25:22 - [TEST_STEP][PASSED] - click(findTestObject("Modulo Pruebas Capacitación/Crear_una_Necesidad_de_Capacitación/a_Nuevo")): Object: 'Object Repository/Modulo Pruebas Capacitación/Crear_una_Necesidad_de_Capacitación/a_Nuevo' is clicked on

2021-12-21 16:25:22 - [MESSAGE][PASSED] - Object: 'Object Repository/Modulo Pruebas Capacitación/Crear_una_Necesidad_de_Capacitación/a_Nuevo' is clicked on

2021-12-21 16:25:22 - [TEST_STEP][PASSED] - click(findTestObject("Modulo Pruebas Capacitación/Crear_una_Necesidad_de_Capacitación/span_prueba np")): Object: 'Object Repository/Modulo Pruebas Capacitación/Crear_una_Necesidad_de_Capacitación/span_prueba np' is clicked on

2021-12-21 16:25:23 - [MESSAGE][PASSED] - Object: 'Object Repository/Modulo Pruebas Capacitación/Crear_una_Necesidad_de_Capacitación/span_prueba np' is clicked on

2021-12-21 16:25:23 - [TEST_STEP][PASSED] - click(findTestObject("Modulo Pruebas Capacitación/Crear_una_Necesidad_de_Capacitación/a_Nombre_formj_idt628")): Object: 'Object Repository/Modulo Pruebas Capacitación/Crear_una_Necesidad_de_Capacitación/a_Nombre_formj_idt628' is clicked on

2021-12-21 16:25:24 - [MESSAGE][PASSED] - Object: 'Object Repository/Modulo Pruebas Capacitación/Crear_una_Necesidad_de_Capacitación/a_Nombre_formj_idt628' is clicked on

2021-12-21 16:25:24 - [TEST_STEP][PASSED] - setText(findTestObject("Modulo Pruebas Capacitación/Crear_una_Necesidad_de_Capacitación/input_Filtro Hoja de Vida_formPopupHojaVidaj_idt1726"), "a"): Text 'a' is set on object 'Object Repository/Modulo Pruebas Capacitación/Crear_una_Necesidad_de_Capacitación/input_Filtro Hoja de Vida_formPopupHojaVidaj_idt1726'

2021-12-21 16:25:25 - [MESSAGE][PASSED] - Text 'a' is set on object 'Object Repository/Modulo Pruebas Capacitación/Crear_una_Necesidad_de_Capacitación/input_Filtro Hoja de Vida_formPopupHojaVidaj_idt1726'

2021-12-21 16:25:25 - [TEST_STEP][PASSED] - sendKeys(findTestObject("Modulo Pruebas Capacitación/Crear_una_Necesidad_de_Capacitación/input_Filtro Hoja de Vida_formPopupHojaVidaj_idt1726"), Keys.chord(ENTER)): Keys 'ENTER + ' sent to object: 'Object Repository/Modulo Pruebas Capacitación/Crear_una_Necesidad_de_Capacitación/input_Filtro Hoja de Vida_formPopupHojaVidaj_idt1726'

2021-12-21 16:25:25 - [MESSAGE][PASSED] - Keys 'ENTER + ' sent to object: 'Object Repository/Modulo Pruebas Capacitación/Crear_una_Necesidad_de_Capacitación/input_Filtro Hoja de Vida_formPopupHojaVidaj_idt1726'

2021-12-21 16:25:25 - [TEST_STEP][PASSED] - click(findTestObject("Modulo Pruebas Capacitación/Crear_una_Necesidad_de_Capacitación/span_A A A"), STOP_ON_FAILURE): Object: 'Object Repository/Modulo Pruebas Capacitación/Crear_una_Necesidad_de_Capacitación/span_A A A' is clicked on

2021-12-21 16:25:26 - [MESSAGE][PASSED] - Object: 'Object Repository/Modulo Pruebas Capacitación/Crear_una_Necesidad_de_Capacitación/span_A A A' is clicked on

2021-12-21 16:25:26 - [TEST_STEP][PASSED] - click(findTestObject("Modulo Pruebas Capacitación/Crear_una_Necesidad_de_Capacitación/a_Solicitado Por_formj_idt661")): Object: 'Object Repository/Modulo Pruebas Capacitación/Crear_una_Necesidad_de_Capacitación/a_Solicitado Por_formj_idt661' is clicked on

2021-12-21 16:25:27 - [MESSAGE][PASSED] - Object: 'Object Repository/Modulo Pruebas Capacitación/Crear_una_Necesidad_de_Capacitación/a_Solicitado Por_formj_idt661' is clicked on

2021-12-21 16:25:27 - [TEST_STEP][PASSED] - setText(findTestObject("Modulo Pruebas Capacitación/Crear_una_Necesidad_de_Capacitación/input_Filtro Hoja de Vida_formj_idt723"), "a"): Text 'a' is set on object 'Object Repository/Modulo Pruebas Capacitación/Crear_una_Necesidad_de_Capacitación/input_Filtro Hoja de Vida_formj_idt723'

2021-12-21 16:25:28 - [MESSAGE][PASSED] - Text 'a' is set on object 'Object Repository/Modulo Pruebas Capacitación/Crear_una_Necesidad_de_Capacitación/input_Filtro Hoja de Vida_formj_idt723'

2021-12-21 16:25:28 - [TEST_STEP][PASSED] - sendKeys(findTestObject("Modulo Pruebas Capacitación/Crear_una_Necesidad_de_Capacitación/input_Filtro Hoja de Vida_formj_idt723"), Keys.chord(ENTER)): Keys 'ENTER + ' sent to object: 'Object Repository/Modulo Pruebas Capacitación/Crear_una_Necesidad_de_Capacitación/input_Filtro Hoja de Vida_formj_idt723'

2021-12-21 16:25:28 - [MESSAGE][PASSED] - Keys 'ENTER + ' sent to object: 'Object Repository/Modulo Pruebas Capacitación/Crear_una_Necesidad_de_Capacitación/input_Filtro Hoja de Vida_formj_idt723'

2021-12-21 16:25:28 - [TEST_STEP][PASSED] - click(findTestObject("Modulo Pruebas Capacitación/Crear_una_Necesidad_de_Capacitación/span_Aalfalfa Aalfalfa Aalfalfa")): Object: 'Object Repository/Modulo Pruebas Capacitación/Crear_una_Necesidad_de_Capacitación/span_Aalfalfa Aalfalfa Aalfalfa' is clicked on

2021-12-21 16:25:29 - [MESSAGE][PASSED] - Object: 'Object Repository/Modulo Pruebas Capacitación/Crear_una_Necesidad_de_Capacitación/span_Aalfalfa Aalfalfa Aalfalfa' is clicked on

2021-12-21 16:25:29 - [TEST_STEP][PASSED] - click(findTestObject("Modulo Pruebas Capacitación/Crear_una_Necesidad_de_Capacitación/a_Guardar")): Object: 'Object Repository/Modulo Pruebas Capacitación/Crear_una_Necesidad_de_Capacitación/a_Guardar' is clicked on

2021-12-21 16:25:30 - [MESSAGE][PASSED] - Object: 'Object Repository/Modulo Pruebas Capacitación/Crear_una_Necesidad_de_Capacitación/a_Guardar' is clicked on

2021-12-21 16:25:30 - [TEST_STEP][PASSED] - closeBrowser(): Browser is closed

2021-12-21 16:25:30 - [MESSAGE][PASSED] - Browser is closed]]></system-out>
         <system-err><![CDATA[]]></system-err>
      </testcase>
      <testcase name="Test Cases/4.1-Pruebas_Capacitación/4.2.4-Reserva_de_Salones" time="28.985" classname="Test Cases/4.1-Pruebas_Capacitación/4.2.4-Reserva_de_Salones" status="PASSED">
         <system-out><![CDATA[2021-12-21 16:25:30 - [TEST_CASE][PASSED] - Test Cases/4.1-Pruebas_Capacitación/4.2.4-Reserva_de_Salones: Test Cases/4.1-Pruebas_Capacitación/4.2.4-Reserva_de_Salones

2021-12-21 16:25:31 - [TEST_STEP][PASSED] - callTestCase(findTestCase("0.1-Login"), [:], STOP_ON_FAILURE): Call Test Case 'Test Cases/0.1-Login' successfully

2021-12-21 16:25:31 - [TEST_CASE][PASSED] - Test Cases/0.1-Login: Test Cases/0.1-Login

2021-12-21 16:25:31 - [TEST_STEP][PASSED] - openBrowser(""): Browser is opened with url: ''

2021-12-21 16:25:31 - [MESSAGE][INFO] - Starting 'Chrome' driver

2021-12-21 16:25:31 - [MESSAGE][INFO] - Action delay is set to 0 milliseconds

2021-12-21 16:25:32 - [MESSAGE][PASSED] - Browser is opened with url: ''

2021-12-21 16:25:32 - [TEST_STEP][PASSED] - maximizeWindow(): Current window maximized

2021-12-21 16:25:32 - [MESSAGE][PASSED] - Current window maximized

2021-12-21 16:25:32 - [TEST_STEP][PASSED] - i = G_Login: null

2021-12-21 16:25:32 - [TEST_STEP][PASSED] - url = new java.net.URL(i): null

2021-12-21 16:25:32 - [TEST_STEP][PASSED] - println("URL: " + url.toString()): null

2021-12-21 16:25:32 - [TEST_STEP][PASSED] - connection = url.openConnection(): null

2021-12-21 16:25:32 - [TEST_STEP][PASSED] - connection.setRequestMethod("GET"): null

2021-12-21 16:25:32 - [TEST_STEP][PASSED] - connection.setReadTimeout(2 * 1000): null

2021-12-21 16:25:32 - [TEST_STEP][PASSED] - try: null

2021-12-21 16:25:32 - [TEST_STEP][PASSED] - connection.connect(): null

2021-12-21 16:25:32 - [TEST_STEP][PASSED] - flag = connected: null

2021-12-21 16:25:32 - [TEST_STEP][PASSED] - println("Valor_ori: " + flag): null

2021-12-21 16:25:32 - [TEST_STEP][PASSED] - if (flag): null

2021-12-21 16:25:32 - [TEST_STEP][PASSED] - navigateToUrl(i): Navigate to 'http://192.168.2.80:8380/saraweb' successfully

2021-12-21 16:25:33 - [MESSAGE][PASSED] - Navigate to 'http://192.168.2.80:8380/saraweb' successfully

2021-12-21 16:25:33 - [TEST_STEP][PASSED] - a(): null

2021-12-21 16:25:33 - [TEST_STEP][PASSED] - setText(findTestObject("Login/input_USUARIO_loginusuario"), G_Usuario): Text 'saraadmin' is set on object 'Object Repository/Login/input_USUARIO_loginusuario'

2021-12-21 16:25:34 - [MESSAGE][PASSED] - Text 'saraadmin' is set on object 'Object Repository/Login/input_USUARIO_loginusuario'

2021-12-21 16:25:34 - [TEST_STEP][PASSED] - setEncryptedText(findTestObject("Login/input_CLAVE_loginpassword"), "MkG4/TYiCFC3cb2driP7+Q=="): Text ****** has been set on object 'Object Repository/Login/input_CLAVE_loginpassword'

2021-12-21 16:25:35 - [MESSAGE][PASSED] - Text ****** has been set on object 'Object Repository/Login/input_CLAVE_loginpassword'

2021-12-21 16:25:35 - [TEST_STEP][PASSED] - waitForElementClickable(findTestObject("Login/a_Ingresar"), G_TimeOut): Object 'Object Repository/Login/a_Ingresar' is clickable

2021-12-21 16:25:35 - [MESSAGE][PASSED] - Object 'Object Repository/Login/a_Ingresar' is clickable

2021-12-21 16:25:35 - [TEST_STEP][PASSED] - click(findTestObject("Login/a_Ingresar")): Object: 'Object Repository/Login/a_Ingresar' is clicked on

2021-12-21 16:25:37 - [MESSAGE][PASSED] - Object: 'Object Repository/Login/a_Ingresar' is clicked on

2021-12-21 16:25:37 - [TEST_STEP][PASSED] - element = findWebElement(findTestObject("Login/a_Ir"), 30): null

2021-12-21 16:25:38 - [TEST_STEP][PASSED] - executeJavaScript("arguments[0].click()", Arrays.asList(element)): Execute JavaScript 'arguments[0].click()' successfully

2021-12-21 16:25:38 - [MESSAGE][PASSED] - Execute JavaScript 'arguments[0].click()' successfully

2021-12-21 16:25:38 - [MESSAGE][PASSED] - Call Test Case 'Test Cases/0.1-Login' successfully

2021-12-21 16:25:38 - [TEST_STEP][PASSED] - setText(findTestObject("Modulo Pruebas Capacitación/Reserva_de_Salones/input_Listado Necesidad Capacitacin_form_templatej_idt24_input"), "Reserva de Salones"): Text 'Reserva de Salones' is set on object 'Object Repository/Modulo Pruebas Capacitación/Reserva_de_Salones/input_Listado Necesidad Capacitacin_form_templatej_idt24_input'

2021-12-21 16:25:39 - [MESSAGE][PASSED] - Text 'Reserva de Salones' is set on object 'Object Repository/Modulo Pruebas Capacitación/Reserva_de_Salones/input_Listado Necesidad Capacitacin_form_templatej_idt24_input'

2021-12-21 16:25:39 - [TEST_STEP][PASSED] - click(findTestObject("Modulo Pruebas Capacitación/Reserva_de_Salones/span_Reserva de Salones")): Object: 'Object Repository/Modulo Pruebas Capacitación/Reserva_de_Salones/span_Reserva de Salones' is clicked on

2021-12-21 16:25:40 - [MESSAGE][PASSED] - Object: 'Object Repository/Modulo Pruebas Capacitación/Reserva_de_Salones/span_Reserva de Salones' is clicked on

2021-12-21 16:25:40 - [TEST_STEP][PASSED] - click(findTestObject("Modulo Pruebas Capacitación/Reserva_de_Salones/td_Sala de Juntas")): Object: 'Object Repository/Modulo Pruebas Capacitación/Reserva_de_Salones/td_Sala de Juntas' is clicked on

2021-12-21 16:25:41 - [MESSAGE][PASSED] - Object: 'Object Repository/Modulo Pruebas Capacitación/Reserva_de_Salones/td_Sala de Juntas' is clicked on

2021-12-21 16:25:41 - [TEST_STEP][PASSED] - if (waitForElementPresent(findTestObject("Modulo Pruebas Capacitación/Reserva_de_Salones/span_Pruebas ka"), 1)): Object 'Object Repository/Modulo Pruebas Capacitación/Reserva_de_Salones/span_Pruebas ka' is not present after 1 second(s)

2021-12-21 16:25:44 - [MESSAGE][INFO] - Unable to find the element located by 'By.xpath: //*/text()[normalize-space(.)='Pruebas ka']/parent::*'. Please recheck the objects properties to make sure the desired element is located. 

2021-12-21 16:25:44 - [MESSAGE][WARNING] - Object 'Object Repository/Modulo Pruebas Capacitación/Reserva_de_Salones/span_Pruebas ka' is not present after 1 second(s)

2021-12-21 16:25:44 - [TEST_STEP][PASSED] - click(findTestObject("Modulo Pruebas Capacitación/Reserva_de_Salones/span_----")): Object: 'Object Repository/Modulo Pruebas Capacitación/Reserva_de_Salones/span_----' is clicked on

2021-12-21 16:25:44 - [MESSAGE][PASSED] - Object: 'Object Repository/Modulo Pruebas Capacitación/Reserva_de_Salones/span_----' is clicked on

2021-12-21 16:25:44 - [TEST_STEP][PASSED] - setText(findTestObject("Modulo Pruebas Capacitación/Reserva_de_Salones/textarea_Tema_popup_form_reservaSalonestema"), "Pruebas ka"): Text 'Pruebas ka' is set on object 'Object Repository/Modulo Pruebas Capacitación/Reserva_de_Salones/textarea_Tema_popup_form_reservaSalonestema'

2021-12-21 16:25:45 - [MESSAGE][PASSED] - Text 'Pruebas ka' is set on object 'Object Repository/Modulo Pruebas Capacitación/Reserva_de_Salones/textarea_Tema_popup_form_reservaSalonestema'

2021-12-21 16:25:45 - [TEST_STEP][PASSED] - selectOptionByIndex(findTestObject("Modulo Pruebas Capacitación/Reserva_de_Salones/select_0830 AM0900 AM0930"), 1): All options with index in [1] are selected on object 'Object Repository/Modulo Pruebas Capacitación/Reserva_de_Salones/select_0830 AM0900 AM0930'

2021-12-21 16:25:46 - [MESSAGE][PASSED] - All options with index in [1] are selected on object 'Object Repository/Modulo Pruebas Capacitación/Reserva_de_Salones/select_0830 AM0900 AM0930'

2021-12-21 16:25:46 - [TEST_STEP][PASSED] - setText(findTestObject("Modulo Pruebas Capacitación/Reserva_de_Salones/input_Nmero Asistentes_popup_form_reservaSalonescantidad"), "20"): Text '20' is set on object 'Object Repository/Modulo Pruebas Capacitación/Reserva_de_Salones/input_Nmero Asistentes_popup_form_reservaSalonescantidad'

2021-12-21 16:25:47 - [MESSAGE][PASSED] - Text '20' is set on object 'Object Repository/Modulo Pruebas Capacitación/Reserva_de_Salones/input_Nmero Asistentes_popup_form_reservaSalonescantidad'

2021-12-21 16:25:47 - [TEST_STEP][PASSED] - setText(findTestObject("Modulo Pruebas Capacitación/Reserva_de_Salones/textarea_Requerimiento_popup_form_reservaSalonesrequerimiento"), "Ninguno"): Text 'Ninguno' is set on object 'Object Repository/Modulo Pruebas Capacitación/Reserva_de_Salones/textarea_Requerimiento_popup_form_reservaSalonesrequerimiento'

2021-12-21 16:25:48 - [MESSAGE][PASSED] - Text 'Ninguno' is set on object 'Object Repository/Modulo Pruebas Capacitación/Reserva_de_Salones/textarea_Requerimiento_popup_form_reservaSalonesrequerimiento'

2021-12-21 16:25:48 - [TEST_STEP][PASSED] - setText(findTestObject("Modulo Pruebas Capacitación/Reserva_de_Salones/textarea_Observacin_popup_form_reservaSalonesobservacion"), "Ninguna"): Text 'Ninguna' is set on object 'Object Repository/Modulo Pruebas Capacitación/Reserva_de_Salones/textarea_Observacin_popup_form_reservaSalonesobservacion'

2021-12-21 16:25:49 - [MESSAGE][PASSED] - Text 'Ninguna' is set on object 'Object Repository/Modulo Pruebas Capacitación/Reserva_de_Salones/textarea_Observacin_popup_form_reservaSalonesobservacion'

2021-12-21 16:25:49 - [TEST_STEP][PASSED] - click(findTestObject("Modulo Pruebas Capacitación/Reserva_de_Salones/a_Solicitante_popup_form_reservaSalonesj_idt173")): Object: 'Object Repository/Modulo Pruebas Capacitación/Reserva_de_Salones/a_Solicitante_popup_form_reservaSalonesj_idt173' is clicked on

2021-12-21 16:25:49 - [MESSAGE][PASSED] - Object: 'Object Repository/Modulo Pruebas Capacitación/Reserva_de_Salones/a_Solicitante_popup_form_reservaSalonesj_idt173' is clicked on

2021-12-21 16:25:49 - [TEST_STEP][PASSED] - setText(findTestObject("Modulo Pruebas Capacitación/Reserva_de_Salones/input_Filtro Hoja de Vida_formPopupHojaVidaj_idt205"), "a"): Text 'a' is set on object 'Object Repository/Modulo Pruebas Capacitación/Reserva_de_Salones/input_Filtro Hoja de Vida_formPopupHojaVidaj_idt205'

2021-12-21 16:25:51 - [MESSAGE][PASSED] - Text 'a' is set on object 'Object Repository/Modulo Pruebas Capacitación/Reserva_de_Salones/input_Filtro Hoja de Vida_formPopupHojaVidaj_idt205'

2021-12-21 16:25:51 - [TEST_STEP][PASSED] - sendKeys(findTestObject("Modulo Pruebas Capacitación/Reserva_de_Salones/input_Filtro Hoja de Vida_formPopupHojaVidaj_idt205"), Keys.chord(ENTER)): Keys 'ENTER + ' sent to object: 'Object Repository/Modulo Pruebas Capacitación/Reserva_de_Salones/input_Filtro Hoja de Vida_formPopupHojaVidaj_idt205'

2021-12-21 16:25:51 - [MESSAGE][PASSED] - Keys 'ENTER + ' sent to object: 'Object Repository/Modulo Pruebas Capacitación/Reserva_de_Salones/input_Filtro Hoja de Vida_formPopupHojaVidaj_idt205'

2021-12-21 16:25:51 - [TEST_STEP][PASSED] - click(findTestObject("Modulo Pruebas Capacitación/Reserva_de_Salones/td_A A A")): Object: 'Object Repository/Modulo Pruebas Capacitación/Reserva_de_Salones/td_A A A' is clicked on

2021-12-21 16:25:52 - [MESSAGE][PASSED] - Object: 'Object Repository/Modulo Pruebas Capacitación/Reserva_de_Salones/td_A A A' is clicked on

2021-12-21 16:25:52 - [TEST_STEP][PASSED] - click(findTestObject("Modulo Pruebas Capacitación/Reserva_de_Salones/a_Responsable de reservacin_popup_form_reservaSalonesj_idt177")): Object: 'Object Repository/Modulo Pruebas Capacitación/Reserva_de_Salones/a_Responsable de reservacin_popup_form_reservaSalonesj_idt177' is clicked on

2021-12-21 16:25:54 - [MESSAGE][PASSED] - Object: 'Object Repository/Modulo Pruebas Capacitación/Reserva_de_Salones/a_Responsable de reservacin_popup_form_reservaSalonesj_idt177' is clicked on

2021-12-21 16:25:54 - [TEST_STEP][PASSED] - setText(findTestObject("Modulo Pruebas Capacitación/Reserva_de_Salones/input_Filtro Hoja de Vida_formPopupHojaVidaj_idt205"), "a"): Text 'a' is set on object 'Object Repository/Modulo Pruebas Capacitación/Reserva_de_Salones/input_Filtro Hoja de Vida_formPopupHojaVidaj_idt205'

2021-12-21 16:25:56 - [MESSAGE][PASSED] - Text 'a' is set on object 'Object Repository/Modulo Pruebas Capacitación/Reserva_de_Salones/input_Filtro Hoja de Vida_formPopupHojaVidaj_idt205'

2021-12-21 16:25:56 - [TEST_STEP][PASSED] - sendKeys(findTestObject("Modulo Pruebas Capacitación/Reserva_de_Salones/input_Filtro Hoja de Vida_formPopupHojaVidaj_idt205"), Keys.chord(ENTER)): Keys 'ENTER + ' sent to object: 'Object Repository/Modulo Pruebas Capacitación/Reserva_de_Salones/input_Filtro Hoja de Vida_formPopupHojaVidaj_idt205'

2021-12-21 16:25:56 - [MESSAGE][PASSED] - Keys 'ENTER + ' sent to object: 'Object Repository/Modulo Pruebas Capacitación/Reserva_de_Salones/input_Filtro Hoja de Vida_formPopupHojaVidaj_idt205'

2021-12-21 16:25:56 - [TEST_STEP][PASSED] - click(findTestObject("Modulo Pruebas Capacitación/Reserva_de_Salones/span_A A A"), STOP_ON_FAILURE): Object: 'Object Repository/Modulo Pruebas Capacitación/Reserva_de_Salones/span_A A A' is clicked on

2021-12-21 16:25:57 - [MESSAGE][PASSED] - Object: 'Object Repository/Modulo Pruebas Capacitación/Reserva_de_Salones/span_A A A' is clicked on

2021-12-21 16:25:57 - [TEST_STEP][PASSED] - executeJavaScript("document.body.style.zoom='100%'", null): Execute JavaScript 'document.body.style.zoom='100%'' successfully

2021-12-21 16:25:57 - [MESSAGE][PASSED] - Execute JavaScript 'document.body.style.zoom='100%'' successfully

2021-12-21 16:25:57 - [TEST_STEP][PASSED] - delay(2): Delayed 2 second(s)

2021-12-21 16:25:59 - [MESSAGE][PASSED] - Delayed 2 second(s)

2021-12-21 16:25:59 - [TEST_STEP][PASSED] - scrollToPosition(400, 4000): Browser is scrolled to position x = 400, y = 4000

2021-12-21 16:25:59 - [MESSAGE][PASSED] - Browser is scrolled to position x = 400, y = 4000

2021-12-21 16:25:59 - [TEST_STEP][PASSED] - element = findWebElement(findTestObject("Modulo Pruebas Capacitación/Reserva_de_Salones/a_Guardar"), 30): null

2021-12-21 16:25:59 - [TEST_STEP][PASSED] - executeJavaScript("arguments[0].click()", Arrays.asList(element)): Execute JavaScript 'arguments[0].click()' successfully

2021-12-21 16:25:59 - [MESSAGE][PASSED] - Execute JavaScript 'arguments[0].click()' successfully]]></system-out>
         <system-err><![CDATA[]]></system-err>
      </testcase>
      <system-out><![CDATA[2021-12-21 16:17:32 - [TEST_SUITE][FAILED] - 4-pruebas capacitación: Test Cases/4.1-Pruebas_Capacitación/4.1.2-Nuevo _Instructor-Entidad FAILED.
Reason:
com.kms.katalon.core.exception.StepFailedException: Unable to click on object 'Object Repository/Modulo Pruebas Capacitación/Nuevo _Instructor-Entidad/a_Entidad'
	at com.kms.katalon.core.webui.keyword.internal.WebUIKeywordMain.stepFailed(WebUIKeywordMain.groovy:64)
	at com.kms.katalon.core.webui.keyword.internal.WebUIKeywordMain.runKeyword(WebUIKeywordMain.groovy:26)
	at com.kms.katalon.core.webui.keyword.builtin.ClickKeyword.click(ClickKeyword.groovy:74)
	at com.kms.katalon.core.webui.keyword.builtin.ClickKeyword.execute(ClickKeyword.groovy:40)
	at com.kms.katalon.core.keyword.internal.KeywordExecutor.executeKeywordForPlatform(KeywordExecutor.groovy:74)
	at com.kms.katalon.core.webui.keyword.WebUiBuiltInKeywords.click(WebUiBuiltInKeywords.groovy:620)
	at com.kms.katalon.core.webui.keyword.WebUiBuiltInKeywords$click$5.call(Unknown Source)
	at 4.1.2-Nuevo _Instructor-Entidad.run(4.1.2-Nuevo _Instructor-Entidad:69)
	at com.kms.katalon.core.main.ScriptEngine.run(ScriptEngine.java:194)
	at com.kms.katalon.core.main.ScriptEngine.runScriptAsRawText(ScriptEngine.java:119)
	at com.kms.katalon.core.main.TestCaseExecutor.runScript(TestCaseExecutor.java:442)
	at com.kms.katalon.core.main.TestCaseExecutor.doExecute(TestCaseExecutor.java:433)
	at com.kms.katalon.core.main.TestCaseExecutor.processExecutionPhase(TestCaseExecutor.java:412)
	at com.kms.katalon.core.main.TestCaseExecutor.accessMainPhase(TestCaseExecutor.java:404)
	at com.kms.katalon.core.main.TestCaseExecutor.execute(TestCaseExecutor.java:281)
	at com.kms.katalon.core.main.TestSuiteExecutor.accessTestCaseMainPhase(TestSuiteExecutor.java:202)
	at com.kms.katalon.core.main.TestSuiteExecutor.accessTestSuiteMainPhase(TestSuiteExecutor.java:164)
	at com.kms.katalon.core.main.TestSuiteExecutor.execute(TestSuiteExecutor.java:105)
	at com.kms.katalon.core.main.TestCaseMain.startTestSuite(TestCaseMain.java:181)
	at com.kms.katalon.core.main.TestCaseMain$startTestSuite$0.call(Unknown Source)
	at TempTestSuite1640121187489.run(TempTestSuite1640121187489.groovy:36)
Caused by: com.kms.katalon.core.webui.exception.WebElementNotFoundException: Web element with id: 'Object Repository/Modulo Pruebas Capacitación/Nuevo _Instructor-Entidad/a_Entidad' located by '//*/text()[normalize-space(.)='Entidad']/parent::*' not found
	at com.kms.katalon.core.webui.common.WebUiCommonHelper.findWebElement(WebUiCommonHelper.java:1368)
	at com.kms.katalon.core.webui.keyword.internal.WebUIAbstractKeyword.findWebElement(WebUIAbstractKeyword.groovy:27)
	at com.kms.katalon.core.webui.keyword.builtin.ClickKeyword$_click_closure1.doCall(ClickKeyword.groovy:65)
	at com.kms.katalon.core.webui.keyword.builtin.ClickKeyword$_click_closure1.call(ClickKeyword.groovy)
	at com.kms.katalon.core.webui.keyword.internal.WebUIKeywordMain.runKeyword(WebUIKeywordMain.groovy:20)
	... 19 more]]></system-out>
      <system-err><![CDATA[2021-12-21 16:17:32 - [TEST_SUITE][FAILED] - 4-pruebas capacitación: Test Cases/4.1-Pruebas_Capacitación/4.1.2-Nuevo _Instructor-Entidad FAILED.
Reason:
com.kms.katalon.core.exception.StepFailedException: Unable to click on object 'Object Repository/Modulo Pruebas Capacitación/Nuevo _Instructor-Entidad/a_Entidad'
	at com.kms.katalon.core.webui.keyword.internal.WebUIKeywordMain.stepFailed(WebUIKeywordMain.groovy:64)
	at com.kms.katalon.core.webui.keyword.internal.WebUIKeywordMain.runKeyword(WebUIKeywordMain.groovy:26)
	at com.kms.katalon.core.webui.keyword.builtin.ClickKeyword.click(ClickKeyword.groovy:74)
	at com.kms.katalon.core.webui.keyword.builtin.ClickKeyword.execute(ClickKeyword.groovy:40)
	at com.kms.katalon.core.keyword.internal.KeywordExecutor.executeKeywordForPlatform(KeywordExecutor.groovy:74)
	at com.kms.katalon.core.webui.keyword.WebUiBuiltInKeywords.click(WebUiBuiltInKeywords.groovy:620)
	at com.kms.katalon.core.webui.keyword.WebUiBuiltInKeywords$click$5.call(Unknown Source)
	at 4.1.2-Nuevo _Instructor-Entidad.run(4.1.2-Nuevo _Instructor-Entidad:69)
	at com.kms.katalon.core.main.ScriptEngine.run(ScriptEngine.java:194)
	at com.kms.katalon.core.main.ScriptEngine.runScriptAsRawText(ScriptEngine.java:119)
	at com.kms.katalon.core.main.TestCaseExecutor.runScript(TestCaseExecutor.java:442)
	at com.kms.katalon.core.main.TestCaseExecutor.doExecute(TestCaseExecutor.java:433)
	at com.kms.katalon.core.main.TestCaseExecutor.processExecutionPhase(TestCaseExecutor.java:412)
	at com.kms.katalon.core.main.TestCaseExecutor.accessMainPhase(TestCaseExecutor.java:404)
	at com.kms.katalon.core.main.TestCaseExecutor.execute(TestCaseExecutor.java:281)
	at com.kms.katalon.core.main.TestSuiteExecutor.accessTestCaseMainPhase(TestSuiteExecutor.java:202)
	at com.kms.katalon.core.main.TestSuiteExecutor.accessTestSuiteMainPhase(TestSuiteExecutor.java:164)
	at com.kms.katalon.core.main.TestSuiteExecutor.execute(TestSuiteExecutor.java:105)
	at com.kms.katalon.core.main.TestCaseMain.startTestSuite(TestCaseMain.java:181)
	at com.kms.katalon.core.main.TestCaseMain$startTestSuite$0.call(Unknown Source)
	at TempTestSuite1640121187489.run(TempTestSuite1640121187489.groovy:36)
Caused by: com.kms.katalon.core.webui.exception.WebElementNotFoundException: Web element with id: 'Object Repository/Modulo Pruebas Capacitación/Nuevo _Instructor-Entidad/a_Entidad' located by '//*/text()[normalize-space(.)='Entidad']/parent::*' not found
	at com.kms.katalon.core.webui.common.WebUiCommonHelper.findWebElement(WebUiCommonHelper.java:1368)
	at com.kms.katalon.core.webui.keyword.internal.WebUIAbstractKeyword.findWebElement(WebUIAbstractKeyword.groovy:27)
	at com.kms.katalon.core.webui.keyword.builtin.ClickKeyword$_click_closure1.doCall(ClickKeyword.groovy:65)
	at com.kms.katalon.core.webui.keyword.builtin.ClickKeyword$_click_closure1.call(ClickKeyword.groovy)
	at com.kms.katalon.core.webui.keyword.internal.WebUIKeywordMain.runKeyword(WebUIKeywordMain.groovy:20)
	... 19 more]]></system-err>
   </testsuite>
</testsuites>
