<?xml version="1.0" encoding="UTF-8"?>
<testsuites name="6-Pruebas_seguridad" time="73.219" tests="3" failures="0" errors="0">
   <testsuite name="6-Pruebas_seguridad" tests="3" failures="0" errors="0" time="73.219" skipped="0" timestamp="2022-02-23 15:30:20" hostname="diego.rojas - US-AF-000371" id="Test Suites/6-Pruebas_seguridad">
      <properties>
         <property name="deviceName" value=""/>
         <property name="devicePlatform" value=""/>
         <property name="logFolder" value="C:\\Users\\diego.rojas\\git\\Pruebas-Minimas\\Reports\\20220223_145603\\6-Pruebas_seguridad\\20220223_145631"/>
         <property name="logFiles" value="C:\\Users\\diego.rojas\\git\\Pruebas-Minimas\\Reports\\20220223_145603\\6-Pruebas_seguridad\\20220223_145631\\execution0.log"/>
         <property name="attachments" value=""/>
         <property name="hostName" value="diego.rojas - US-AF-000371"/>
         <property name="os" value="Windows 10 64bit"/>
         <property name="katalonVersion" value="8.2.5.208"/>
         <property name="browser" value="Chrome 98.0.4758.102"/>
         <property name="hostAddress" value="192.168.56.1"/>
         <property name="sessionId" value="a4d831ed87111dd79beb10f9e3e9d9c5"/>
         <property name="seleniumVersion" value="3.141.59"/>
         <property name="proxyInformation" value="ProxyInformation { proxyOption=NO_PROXY, proxyServerType=HTTP, username=, password=********, proxyServerAddress=, proxyServerPort=0, executionList=&quot;&quot;, isApplyToDesiredCapabilities=true }"/>
         <property name="platform" value="Windows 10"/>
      </properties>
      <testcase name="Test Cases/6.1-Pruebas_Seguridad/6.1.1-Crear_Usuario,_contraseña,_Accesos_Particulares" time="31.028" classname="Test Cases/6.1-Pruebas_Seguridad/6.1.1-Crear_Usuario,_contraseña,_Accesos_Particulares" status="PASSED">
         <system-out><![CDATA[2022-02-23 15:30:20 - [TEST_CASE][PASSED] - Test Cases/6.1-Pruebas_Seguridad/6.1.1-Crear_Usuario,_contraseña,_Accesos_Particulares: Test Cases/6.1-Pruebas_Seguridad/6.1.1-Crear_Usuario,_contraseña,_Accesos_Particulares

2022-02-23 15:30:21 - [TEST_STEP][PASSED] - today = new java.util.Date(): null

2022-02-23 15:30:21 - [TEST_STEP][PASSED] - todaysDate = today.format("dd/MM/yyyy HH:mm"): null

2022-02-23 15:30:21 - [TEST_STEP][PASSED] - random_double = Math.random() * 9999 + 999: null

2022-02-23 15:30:21 - [TEST_STEP][PASSED] - random_double = Math.round(random_double * 1000): null

2022-02-23 15:30:21 - [TEST_STEP][PASSED] - identificacion = toString().replace(".0", ""): null

2022-02-23 15:30:21 - [TEST_STEP][PASSED] - callTestCase(findTestCase("Utilidades-(atajos_para _tareas)/Login_Seguridad/Login-Seguridad"), [:], STOP_ON_FAILURE): Call Test Case 'Test Cases/Utilidades-(atajos_para _tareas)/Login_Seguridad/Login-Seguridad' successfully

2022-02-23 15:30:21 - [TEST_CASE][PASSED] - Test Cases/Utilidades-(atajos_para _tareas)/Login_Seguridad/Login-Seguridad: Test Cases/Utilidades-(atajos_para _tareas)/Login_Seguridad/Login-Seguridad

2022-02-23 15:30:22 - [TEST_STEP][PASSED] - openBrowser(""): Browser is opened with url: ''

2022-02-23 15:30:22 - [MESSAGE][INFO] - Starting 'Chrome' driver

2022-02-23 15:30:22 - [MESSAGE][INFO] - Action delay is set to 0 milliseconds

2022-02-23 15:30:24 - [MESSAGE][PASSED] - Browser is opened with url: ''

2022-02-23 15:30:24 - [TEST_STEP][PASSED] - maximizeWindow(): Current window maximized

2022-02-23 15:30:24 - [MESSAGE][PASSED] - Current window maximized

2022-02-23 15:30:24 - [TEST_STEP][PASSED] - i = G_Login_Seguridad: null

2022-02-23 15:30:25 - [TEST_STEP][PASSED] - url = new java.net.URL(i): null

2022-02-23 15:30:25 - [TEST_STEP][PASSED] - println("URL: " + url.toString()): null

2022-02-23 15:30:25 - [TEST_STEP][PASSED] - connection = url.openConnection(): null

2022-02-23 15:30:25 - [TEST_STEP][PASSED] - connection.setRequestMethod("GET"): null

2022-02-23 15:30:25 - [TEST_STEP][PASSED] - connection.setReadTimeout(2 * 1000): null

2022-02-23 15:30:25 - [TEST_STEP][PASSED] - try: null

2022-02-23 15:30:25 - [TEST_STEP][PASSED] - connection.connect(): null

2022-02-23 15:30:25 - [TEST_STEP][PASSED] - flag = connected: null

2022-02-23 15:30:25 - [TEST_STEP][PASSED] - println("Valor_ori: " + flag): null

2022-02-23 15:30:25 - [TEST_STEP][PASSED] - if (flag): null

2022-02-23 15:30:25 - [TEST_STEP][PASSED] - navigateToUrl(i): Navigate to 'http://192.168.2.80:8380/seguridadweb/' successfully

2022-02-23 15:30:26 - [MESSAGE][PASSED] - Navigate to 'http://192.168.2.80:8380/seguridadweb/' successfully

2022-02-23 15:30:26 - [TEST_STEP][PASSED] - a(): null

2022-02-23 15:30:26 - [TEST_STEP][PASSED] - setText(findTestObject("Login/input_USUARIO_loginusuario"), G_Usuario): Text 'saraadmin' is set on object 'Object Repository/Login/input_USUARIO_loginusuario'

2022-02-23 15:30:27 - [MESSAGE][PASSED] - Text 'saraadmin' is set on object 'Object Repository/Login/input_USUARIO_loginusuario'

2022-02-23 15:30:27 - [TEST_STEP][PASSED] - setEncryptedText(findTestObject("Login/input_CLAVE_loginpassword"), "MkG4/TYiCFC3cb2driP7+Q=="): Text ****** has been set on object 'Object Repository/Login/input_CLAVE_loginpassword'

2022-02-23 15:30:27 - [MESSAGE][PASSED] - Text ****** has been set on object 'Object Repository/Login/input_CLAVE_loginpassword'

2022-02-23 15:30:27 - [TEST_STEP][PASSED] - waitForElementClickable(findTestObject("Login/a_Ingresar"), G_TimeOut): Object 'Object Repository/Login/a_Ingresar' is clickable

2022-02-23 15:30:28 - [MESSAGE][PASSED] - Object 'Object Repository/Login/a_Ingresar' is clickable

2022-02-23 15:30:28 - [TEST_STEP][PASSED] - click(findTestObject("Login/a_Ingresar")): Object: 'Object Repository/Login/a_Ingresar' is clicked on

2022-02-23 15:30:29 - [MESSAGE][PASSED] - Object: 'Object Repository/Login/a_Ingresar' is clicked on

2022-02-23 15:30:29 - [TEST_STEP][PASSED] - element = findWebElement(findTestObject("Login/a_Ir"), 30): null

2022-02-23 15:30:29 - [TEST_STEP][PASSED] - executeJavaScript("arguments[0].click()", Arrays.asList(element)): Execute JavaScript 'arguments[0].click()' successfully

2022-02-23 15:30:29 - [MESSAGE][PASSED] - Execute JavaScript 'arguments[0].click()' successfully

2022-02-23 15:30:29 - [MESSAGE][PASSED] - Call Test Case 'Test Cases/Utilidades-(atajos_para _tareas)/Login_Seguridad/Login-Seguridad' successfully

2022-02-23 15:30:29 - [TEST_STEP][PASSED] - setText(findTestObject("Modulo Pruebas Seguridad/Crear_Usuario,_contraseña,_Accesos_Particulares/input_Usuario_form_templatej_idt24_input"), "Usuario"): Text 'Usuario' is set on object 'Object Repository/Modulo Pruebas Seguridad/Crear_Usuario,_contraseña,_Accesos_Particulares/input_Usuario_form_templatej_idt24_input'

2022-02-23 15:30:30 - [MESSAGE][PASSED] - Text 'Usuario' is set on object 'Object Repository/Modulo Pruebas Seguridad/Crear_Usuario,_contraseña,_Accesos_Particulares/input_Usuario_form_templatej_idt24_input'

2022-02-23 15:30:30 - [TEST_STEP][PASSED] - click(findTestObject("Modulo Pruebas Seguridad/Crear_Usuario,_contraseña,_Accesos_Particulares/span_Usuario")): Object: 'Object Repository/Modulo Pruebas Seguridad/Crear_Usuario,_contraseña,_Accesos_Particulares/span_Usuario' is clicked on

2022-02-23 15:30:31 - [MESSAGE][PASSED] - Object: 'Object Repository/Modulo Pruebas Seguridad/Crear_Usuario,_contraseña,_Accesos_Particulares/span_Usuario' is clicked on

2022-02-23 15:30:31 - [TEST_STEP][PASSED] - if (waitForElementVisible(findTestObject("Modulo Pruebas Seguridad/Crear_Usuario,_contraseña,_Accesos_Particulares/span_Pruebas Katalon"), 1)): null

2022-02-23 15:30:32 - [MESSAGE][PASSED] - Object 'Object Repository/Modulo Pruebas Seguridad/Crear_Usuario,_contraseña,_Accesos_Particulares/span_Pruebas Katalon' is visible

2022-02-23 15:30:32 - [TEST_STEP][PASSED] - click(findTestObject("Modulo Pruebas Seguridad/Crear_Usuario,_contraseña,_Accesos_Particulares/span_Pruebas Katalon")): Object: 'Object Repository/Modulo Pruebas Seguridad/Crear_Usuario,_contraseña,_Accesos_Particulares/span_Pruebas Katalon' is clicked on

2022-02-23 15:30:33 - [MESSAGE][PASSED] - Object: 'Object Repository/Modulo Pruebas Seguridad/Crear_Usuario,_contraseña,_Accesos_Particulares/span_Pruebas Katalon' is clicked on

2022-02-23 15:30:33 - [TEST_STEP][PASSED] - click(findTestObject("Modulo Pruebas Seguridad/Crear_Usuario,_contraseña,_Accesos_Particulares/a_Acceso Particular")): Object: 'Object Repository/Modulo Pruebas Seguridad/Crear_Usuario,_contraseña,_Accesos_Particulares/a_Acceso Particular' is clicked on

2022-02-23 15:30:33 - [MESSAGE][PASSED] - Object: 'Object Repository/Modulo Pruebas Seguridad/Crear_Usuario,_contraseña,_Accesos_Particulares/a_Acceso Particular' is clicked on

2022-02-23 15:30:33 - [TEST_STEP][PASSED] - if (waitForElementPresent(findTestObject("Modulo Pruebas Seguridad/Crear_Usuario,_contraseña,_Accesos_Particulares/a_SARA_usuarioformatabtabla_roles0j_idt147"), 1)): null

2022-02-23 15:30:34 - [MESSAGE][PASSED] - Object 'Object Repository/Modulo Pruebas Seguridad/Crear_Usuario,_contraseña,_Accesos_Particulares/a_SARA_usuarioformatabtabla_roles0j_idt147' is present

2022-02-23 15:30:34 - [TEST_STEP][PASSED] - click(findTestObject("Modulo Pruebas Seguridad/Crear_Usuario,_contraseña,_Accesos_Particulares/a_SARA_usuarioformatabtabla_roles0j_idt147")): Object: 'Object Repository/Modulo Pruebas Seguridad/Crear_Usuario,_contraseña,_Accesos_Particulares/a_SARA_usuarioformatabtabla_roles0j_idt147' is clicked on

2022-02-23 15:30:34 - [MESSAGE][PASSED] - Object: 'Object Repository/Modulo Pruebas Seguridad/Crear_Usuario,_contraseña,_Accesos_Particulares/a_SARA_usuarioformatabtabla_roles0j_idt147' is clicked on

2022-02-23 15:30:34 - [TEST_STEP][PASSED] - click(findTestObject("Modulo Pruebas Seguridad/Crear_Usuario,_contraseña,_Accesos_Particulares/a_link_aceptar")): Object: 'Object Repository/Modulo Pruebas Seguridad/Crear_Usuario,_contraseña,_Accesos_Particulares/a_link_aceptar' is clicked on

2022-02-23 15:30:35 - [MESSAGE][PASSED] - Object: 'Object Repository/Modulo Pruebas Seguridad/Crear_Usuario,_contraseña,_Accesos_Particulares/a_link_aceptar' is clicked on

2022-02-23 15:30:35 - [TEST_STEP][PASSED] - click(findTestObject("Modulo Pruebas Seguridad/Crear_Usuario,_contraseña,_Accesos_Particulares/a_Informacin")): Object: 'Object Repository/Modulo Pruebas Seguridad/Crear_Usuario,_contraseña,_Accesos_Particulares/a_Informacin' is clicked on

2022-02-23 15:30:35 - [MESSAGE][PASSED] - Object: 'Object Repository/Modulo Pruebas Seguridad/Crear_Usuario,_contraseña,_Accesos_Particulares/a_Informacin' is clicked on

2022-02-23 15:30:35 - [TEST_STEP][PASSED] - click(findTestObject("Modulo Pruebas Seguridad/Crear_Usuario,_contraseña,_Accesos_Particulares/a_Eliminar")): Object: 'Object Repository/Modulo Pruebas Seguridad/Crear_Usuario,_contraseña,_Accesos_Particulares/a_Eliminar' is clicked on

2022-02-23 15:30:36 - [MESSAGE][PASSED] - Object: 'Object Repository/Modulo Pruebas Seguridad/Crear_Usuario,_contraseña,_Accesos_Particulares/a_Eliminar' is clicked on

2022-02-23 15:30:36 - [TEST_STEP][PASSED] - click(findTestObject("Modulo Pruebas Seguridad/Crear_Usuario,_contraseña,_Accesos_Particulares/a_link_aceptar")): Object: 'Object Repository/Modulo Pruebas Seguridad/Crear_Usuario,_contraseña,_Accesos_Particulares/a_link_aceptar' is clicked on

2022-02-23 15:30:37 - [MESSAGE][PASSED] - Object: 'Object Repository/Modulo Pruebas Seguridad/Crear_Usuario,_contraseña,_Accesos_Particulares/a_link_aceptar' is clicked on

2022-02-23 15:30:37 - [TEST_STEP][PASSED] - click(findTestObject("Modulo Pruebas Seguridad/Crear_Usuario,_contraseña,_Accesos_Particulares/a_Nuevo")): Object: 'Object Repository/Modulo Pruebas Seguridad/Crear_Usuario,_contraseña,_Accesos_Particulares/a_Nuevo' is clicked on

2022-02-23 15:30:37 - [MESSAGE][PASSED] - Object: 'Object Repository/Modulo Pruebas Seguridad/Crear_Usuario,_contraseña,_Accesos_Particulares/a_Nuevo' is clicked on

2022-02-23 15:30:37 - [TEST_STEP][PASSED] - setText(findTestObject("Modulo Pruebas Seguridad/Crear_Usuario,_contraseña,_Accesos_Particulares/input_Sesin_usuarioformatablogin"), todaysDate): Text '23/02/2022 15:30' is set on object 'Object Repository/Modulo Pruebas Seguridad/Crear_Usuario,_contraseña,_Accesos_Particulares/input_Sesin_usuarioformatablogin'

2022-02-23 15:30:38 - [MESSAGE][PASSED] - Text '23/02/2022 15:30' is set on object 'Object Repository/Modulo Pruebas Seguridad/Crear_Usuario,_contraseña,_Accesos_Particulares/input_Sesin_usuarioformatablogin'

2022-02-23 15:30:38 - [TEST_STEP][PASSED] - setText(findTestObject("Modulo Pruebas Seguridad/Crear_Usuario,_contraseña,_Accesos_Particulares/input_Documento_usuarioformatabdocumento"), identificacion): Text '6139566' is set on object 'Object Repository/Modulo Pruebas Seguridad/Crear_Usuario,_contraseña,_Accesos_Particulares/input_Documento_usuarioformatabdocumento'

2022-02-23 15:30:39 - [MESSAGE][PASSED] - Text '6139566' is set on object 'Object Repository/Modulo Pruebas Seguridad/Crear_Usuario,_contraseña,_Accesos_Particulares/input_Documento_usuarioformatabdocumento'

2022-02-23 15:30:39 - [TEST_STEP][PASSED] - setText(findTestObject("Modulo Pruebas Seguridad/Crear_Usuario,_contraseña,_Accesos_Particulares/input_Nombre_usuarioformatabnombre"), "Pruebas Katalon"): Text 'Pruebas Katalon' is set on object 'Object Repository/Modulo Pruebas Seguridad/Crear_Usuario,_contraseña,_Accesos_Particulares/input_Nombre_usuarioformatabnombre'

2022-02-23 15:30:40 - [MESSAGE][PASSED] - Text 'Pruebas Katalon' is set on object 'Object Repository/Modulo Pruebas Seguridad/Crear_Usuario,_contraseña,_Accesos_Particulares/input_Nombre_usuarioformatabnombre'

2022-02-23 15:30:40 - [TEST_STEP][PASSED] - setText(findTestObject("Modulo Pruebas Seguridad/Crear_Usuario,_contraseña,_Accesos_Particulares/input_Correo_usuarioformatabemail"), identificacion + "noodle@gmail.com"): Text '6139566noodle@gmail.com' is set on object 'Object Repository/Modulo Pruebas Seguridad/Crear_Usuario,_contraseña,_Accesos_Particulares/input_Correo_usuarioformatabemail'

2022-02-23 15:30:41 - [MESSAGE][PASSED] - Text '6139566noodle@gmail.com' is set on object 'Object Repository/Modulo Pruebas Seguridad/Crear_Usuario,_contraseña,_Accesos_Particulares/input_Correo_usuarioformatabemail'

2022-02-23 15:30:41 - [TEST_STEP][PASSED] - click(findTestObject("Modulo Pruebas Seguridad/Crear_Usuario,_contraseña,_Accesos_Particulares/label_Activo")): Object: 'Object Repository/Modulo Pruebas Seguridad/Crear_Usuario,_contraseña,_Accesos_Particulares/label_Activo' is clicked on

2022-02-23 15:30:41 - [MESSAGE][PASSED] - Object: 'Object Repository/Modulo Pruebas Seguridad/Crear_Usuario,_contraseña,_Accesos_Particulares/label_Activo' is clicked on

2022-02-23 15:30:41 - [TEST_STEP][PASSED] - selectOptionByIndex(findTestObject("Modulo Pruebas Seguridad/Crear_Usuario,_contraseña,_Accesos_Particulares/select_-- Seleccione --Grupo a"), 1): All options with index in [1] are selected on object 'Object Repository/Modulo Pruebas Seguridad/Crear_Usuario,_contraseña,_Accesos_Particulares/select_-- Seleccione --Grupo a'

2022-02-23 15:30:42 - [MESSAGE][PASSED] - All options with index in [1] are selected on object 'Object Repository/Modulo Pruebas Seguridad/Crear_Usuario,_contraseña,_Accesos_Particulares/select_-- Seleccione --Grupo a'

2022-02-23 15:30:42 - [TEST_STEP][PASSED] - click(findTestObject("Modulo Pruebas Seguridad/Crear_Usuario,_contraseña,_Accesos_Particulares/a_Guardar")): Object: 'Object Repository/Modulo Pruebas Seguridad/Crear_Usuario,_contraseña,_Accesos_Particulares/a_Guardar' is clicked on

2022-02-23 15:30:42 - [MESSAGE][PASSED] - Object: 'Object Repository/Modulo Pruebas Seguridad/Crear_Usuario,_contraseña,_Accesos_Particulares/a_Guardar' is clicked on

2022-02-23 15:30:42 - [TEST_STEP][PASSED] - click(findTestObject("Modulo Pruebas Seguridad/Crear_Usuario,_contraseña,_Accesos_Particulares/a_Contrasea")): Object: 'Object Repository/Modulo Pruebas Seguridad/Crear_Usuario,_contraseña,_Accesos_Particulares/a_Contrasea' is clicked on

2022-02-23 15:30:43 - [MESSAGE][PASSED] - Object: 'Object Repository/Modulo Pruebas Seguridad/Crear_Usuario,_contraseña,_Accesos_Particulares/a_Contrasea' is clicked on

2022-02-23 15:30:43 - [TEST_STEP][PASSED] - setEncryptedText(findTestObject("Modulo Pruebas Seguridad/Crear_Usuario,_contraseña,_Accesos_Particulares/input_Contrasea_usuarioformatabpasswordNuevo"), "MkG4/TYiCFC3cb2driP7+Q=="): Text ****** has been set on object 'Object Repository/Modulo Pruebas Seguridad/Crear_Usuario,_contraseña,_Accesos_Particulares/input_Contrasea_usuarioformatabpasswordNuevo'

2022-02-23 15:30:43 - [MESSAGE][PASSED] - Text ****** has been set on object 'Object Repository/Modulo Pruebas Seguridad/Crear_Usuario,_contraseña,_Accesos_Particulares/input_Contrasea_usuarioformatabpasswordNuevo'

2022-02-23 15:30:43 - [TEST_STEP][PASSED] - setEncryptedText(findTestObject("Modulo Pruebas Seguridad/Crear_Usuario,_contraseña,_Accesos_Particulares/input_Confirmar_usuarioformatabpasswordConfirma"), "MkG4/TYiCFC3cb2driP7+Q=="): Text ****** has been set on object 'Object Repository/Modulo Pruebas Seguridad/Crear_Usuario,_contraseña,_Accesos_Particulares/input_Confirmar_usuarioformatabpasswordConfirma'

2022-02-23 15:30:44 - [MESSAGE][PASSED] - Text ****** has been set on object 'Object Repository/Modulo Pruebas Seguridad/Crear_Usuario,_contraseña,_Accesos_Particulares/input_Confirmar_usuarioformatabpasswordConfirma'

2022-02-23 15:30:44 - [TEST_STEP][PASSED] - click(findTestObject("Modulo Pruebas Seguridad/Crear_Usuario,_contraseña,_Accesos_Particulares/a_Actualizar")): Object: 'Object Repository/Modulo Pruebas Seguridad/Crear_Usuario,_contraseña,_Accesos_Particulares/a_Actualizar' is clicked on

2022-02-23 15:30:44 - [MESSAGE][PASSED] - Object: 'Object Repository/Modulo Pruebas Seguridad/Crear_Usuario,_contraseña,_Accesos_Particulares/a_Actualizar' is clicked on

2022-02-23 15:30:44 - [TEST_STEP][PASSED] - click(findTestObject("Modulo Pruebas Seguridad/Crear_Usuario,_contraseña,_Accesos_Particulares/a_Acceso Particular")): Object: 'Object Repository/Modulo Pruebas Seguridad/Crear_Usuario,_contraseña,_Accesos_Particulares/a_Acceso Particular' is clicked on

2022-02-23 15:30:46 - [MESSAGE][PASSED] - Object: 'Object Repository/Modulo Pruebas Seguridad/Crear_Usuario,_contraseña,_Accesos_Particulares/a_Acceso Particular' is clicked on

2022-02-23 15:30:46 - [TEST_STEP][PASSED] - selectOptionByIndex(findTestObject("Modulo Pruebas Seguridad/Crear_Usuario,_contraseña,_Accesos_Particulares/select_Seleccione1ADMINISTRADORADMINISTRADOR_MASIVO"), 15): All options with index in [15] are selected on object 'Object Repository/Modulo Pruebas Seguridad/Crear_Usuario,_contraseña,_Accesos_Particulares/select_Seleccione1ADMINISTRADORADMINISTRADOR_MASIVO'

2022-02-23 15:30:47 - [MESSAGE][PASSED] - All options with index in [15] are selected on object 'Object Repository/Modulo Pruebas Seguridad/Crear_Usuario,_contraseña,_Accesos_Particulares/select_Seleccione1ADMINISTRADORADMINISTRADOR_MASIVO'

2022-02-23 15:30:47 - [TEST_STEP][PASSED] - selectOptionByIndex(findTestObject("Modulo Pruebas Seguridad/Crear_Usuario,_contraseña,_Accesos_Particulares/select_SeleccioneEmpresa 1Empresa 1"), 1): All options with index in [1] are selected on object 'Object Repository/Modulo Pruebas Seguridad/Crear_Usuario,_contraseña,_Accesos_Particulares/select_SeleccioneEmpresa 1Empresa 1'

2022-02-23 15:30:48 - [MESSAGE][PASSED] - All options with index in [1] are selected on object 'Object Repository/Modulo Pruebas Seguridad/Crear_Usuario,_contraseña,_Accesos_Particulares/select_SeleccioneEmpresa 1Empresa 1'

2022-02-23 15:30:48 - [TEST_STEP][PASSED] - selectOptionByIndex(findTestObject("Modulo Pruebas Seguridad/Crear_Usuario,_contraseña,_Accesos_Particulares/select_SeleccioneSaraDS_Jboss (CompensacionDS)SaraDS_weblogic (CompensacionDS)seguridad jdbcSeguridadDS_Jboss"), 1): All options with index in [1] are selected on object 'Object Repository/Modulo Pruebas Seguridad/Crear_Usuario,_contraseña,_Accesos_Particulares/select_SeleccioneSaraDS_Jboss (CompensacionDS)SaraDS_weblogic (CompensacionDS)seguridad jdbcSeguridadDS_Jboss'

2022-02-23 15:30:49 - [MESSAGE][PASSED] - All options with index in [1] are selected on object 'Object Repository/Modulo Pruebas Seguridad/Crear_Usuario,_contraseña,_Accesos_Particulares/select_SeleccioneSaraDS_Jboss (CompensacionDS)SaraDS_weblogic (CompensacionDS)seguridad jdbcSeguridadDS_Jboss'

2022-02-23 15:30:49 - [TEST_STEP][PASSED] - selectOptionByIndex(findTestObject("Modulo Pruebas Seguridad/Crear_Usuario,_contraseña,_Accesos_Particulares/select_--Seleccione--NUCLEO SISTEMASARAPORTAL SARASARA PRIMESARA APPSOFIASEGURIDADLMSSERVICIOSREGISTRO PERSONA"), 2): All options with index in [2] are selected on object 'Object Repository/Modulo Pruebas Seguridad/Crear_Usuario,_contraseña,_Accesos_Particulares/select_--Seleccione--NUCLEO SISTEMASARAPORTAL SARASARA PRIMESARA APPSOFIASEGURIDADLMSSERVICIOSREGISTRO PERSONA'

2022-02-23 15:30:50 - [MESSAGE][PASSED] - All options with index in [2] are selected on object 'Object Repository/Modulo Pruebas Seguridad/Crear_Usuario,_contraseña,_Accesos_Particulares/select_--Seleccione--NUCLEO SISTEMASARAPORTAL SARASARA PRIMESARA APPSOFIASEGURIDADLMSSERVICIOSREGISTRO PERSONA'

2022-02-23 15:30:50 - [TEST_STEP][PASSED] - click(findTestObject("Modulo Pruebas Seguridad/Crear_Usuario,_contraseña,_Accesos_Particulares/a_Aplicacin_usuarioformatabtabla_rolesj_idt148")): Object: 'Object Repository/Modulo Pruebas Seguridad/Crear_Usuario,_contraseña,_Accesos_Particulares/a_Aplicacin_usuarioformatabtabla_rolesj_idt148' is clicked on

2022-02-23 15:30:51 - [MESSAGE][PASSED] - Object: 'Object Repository/Modulo Pruebas Seguridad/Crear_Usuario,_contraseña,_Accesos_Particulares/a_Aplicacin_usuarioformatabtabla_rolesj_idt148' is clicked on

2022-02-23 15:30:51 - [TEST_STEP][PASSED] - closeBrowser(): Browser is closed

2022-02-23 15:30:51 - [MESSAGE][PASSED] - Browser is closed]]></system-out>
         <system-err><![CDATA[]]></system-err>
      </testcase>
      <testcase name="Test Cases/6.1-Pruebas_Seguridad/6.1.2-Crear_Rol_y_Acceso_Roles" time="25.453" classname="Test Cases/6.1-Pruebas_Seguridad/6.1.2-Crear_Rol_y_Acceso_Roles" status="PASSED">
         <system-out><![CDATA[2022-02-23 15:30:51 - [TEST_CASE][PASSED] - Test Cases/6.1-Pruebas_Seguridad/6.1.2-Crear_Rol_y_Acceso_Roles: Test Cases/6.1-Pruebas_Seguridad/6.1.2-Crear_Rol_y_Acceso_Roles

2022-02-23 15:30:52 - [TEST_STEP][PASSED] - callTestCase(findTestCase("Utilidades-(atajos_para _tareas)/Login_Seguridad/Login-Seguridad"), [:], STOP_ON_FAILURE): Call Test Case 'Test Cases/Utilidades-(atajos_para _tareas)/Login_Seguridad/Login-Seguridad' successfully

2022-02-23 15:30:52 - [TEST_CASE][PASSED] - Test Cases/Utilidades-(atajos_para _tareas)/Login_Seguridad/Login-Seguridad: Test Cases/Utilidades-(atajos_para _tareas)/Login_Seguridad/Login-Seguridad

2022-02-23 15:30:52 - [TEST_STEP][PASSED] - openBrowser(""): Browser is opened with url: ''

2022-02-23 15:30:52 - [MESSAGE][INFO] - Starting 'Chrome' driver

2022-02-23 15:30:52 - [MESSAGE][INFO] - Action delay is set to 0 milliseconds

2022-02-23 15:30:53 - [MESSAGE][PASSED] - Browser is opened with url: ''

2022-02-23 15:30:53 - [TEST_STEP][PASSED] - maximizeWindow(): Current window maximized

2022-02-23 15:30:53 - [MESSAGE][PASSED] - Current window maximized

2022-02-23 15:30:53 - [TEST_STEP][PASSED] - i = G_Login_Seguridad: null

2022-02-23 15:30:53 - [TEST_STEP][PASSED] - url = new java.net.URL(i): null

2022-02-23 15:30:53 - [TEST_STEP][PASSED] - println("URL: " + url.toString()): null

2022-02-23 15:30:53 - [TEST_STEP][PASSED] - connection = url.openConnection(): null

2022-02-23 15:30:53 - [TEST_STEP][PASSED] - connection.setRequestMethod("GET"): null

2022-02-23 15:30:53 - [TEST_STEP][PASSED] - connection.setReadTimeout(2 * 1000): null

2022-02-23 15:30:53 - [TEST_STEP][PASSED] - try: null

2022-02-23 15:30:53 - [TEST_STEP][PASSED] - connection.connect(): null

2022-02-23 15:30:53 - [TEST_STEP][PASSED] - flag = connected: null

2022-02-23 15:30:53 - [TEST_STEP][PASSED] - println("Valor_ori: " + flag): null

2022-02-23 15:30:53 - [TEST_STEP][PASSED] - if (flag): null

2022-02-23 15:30:53 - [TEST_STEP][PASSED] - navigateToUrl(i): Navigate to 'http://192.168.2.80:8380/seguridadweb/' successfully

2022-02-23 15:30:54 - [MESSAGE][PASSED] - Navigate to 'http://192.168.2.80:8380/seguridadweb/' successfully

2022-02-23 15:30:54 - [TEST_STEP][PASSED] - a(): null

2022-02-23 15:30:54 - [TEST_STEP][PASSED] - setText(findTestObject("Login/input_USUARIO_loginusuario"), G_Usuario): Text 'saraadmin' is set on object 'Object Repository/Login/input_USUARIO_loginusuario'

2022-02-23 15:30:54 - [MESSAGE][PASSED] - Text 'saraadmin' is set on object 'Object Repository/Login/input_USUARIO_loginusuario'

2022-02-23 15:30:54 - [TEST_STEP][PASSED] - setEncryptedText(findTestObject("Login/input_CLAVE_loginpassword"), "MkG4/TYiCFC3cb2driP7+Q=="): Text ****** has been set on object 'Object Repository/Login/input_CLAVE_loginpassword'

2022-02-23 15:30:55 - [MESSAGE][PASSED] - Text ****** has been set on object 'Object Repository/Login/input_CLAVE_loginpassword'

2022-02-23 15:30:55 - [TEST_STEP][PASSED] - waitForElementClickable(findTestObject("Login/a_Ingresar"), G_TimeOut): Object 'Object Repository/Login/a_Ingresar' is clickable

2022-02-23 15:30:55 - [MESSAGE][PASSED] - Object 'Object Repository/Login/a_Ingresar' is clickable

2022-02-23 15:30:55 - [TEST_STEP][PASSED] - click(findTestObject("Login/a_Ingresar")): Object: 'Object Repository/Login/a_Ingresar' is clicked on

2022-02-23 15:30:56 - [MESSAGE][PASSED] - Object: 'Object Repository/Login/a_Ingresar' is clicked on

2022-02-23 15:30:56 - [TEST_STEP][PASSED] - element = findWebElement(findTestObject("Login/a_Ir"), 30): null

2022-02-23 15:30:56 - [TEST_STEP][PASSED] - executeJavaScript("arguments[0].click()", Arrays.asList(element)): Execute JavaScript 'arguments[0].click()' successfully

2022-02-23 15:30:56 - [MESSAGE][PASSED] - Execute JavaScript 'arguments[0].click()' successfully

2022-02-23 15:30:56 - [MESSAGE][PASSED] - Call Test Case 'Test Cases/Utilidades-(atajos_para _tareas)/Login_Seguridad/Login-Seguridad' successfully

2022-02-23 15:30:56 - [TEST_STEP][PASSED] - setText(findTestObject("Modulo Pruebas Seguridad/Crear_Rol_y_Acceso_Roles/input_Usuario_form_templatej_idt24_input"), "Roles"): Text 'Roles' is set on object 'Object Repository/Modulo Pruebas Seguridad/Crear_Rol_y_Acceso_Roles/input_Usuario_form_templatej_idt24_input'

2022-02-23 15:30:57 - [MESSAGE][PASSED] - Text 'Roles' is set on object 'Object Repository/Modulo Pruebas Seguridad/Crear_Rol_y_Acceso_Roles/input_Usuario_form_templatej_idt24_input'

2022-02-23 15:30:57 - [TEST_STEP][PASSED] - click(findTestObject("Modulo Pruebas Seguridad/Crear_Rol_y_Acceso_Roles/li_Roles")): Object: 'Object Repository/Modulo Pruebas Seguridad/Crear_Rol_y_Acceso_Roles/li_Roles' is clicked on

2022-02-23 15:30:59 - [MESSAGE][PASSED] - Object: 'Object Repository/Modulo Pruebas Seguridad/Crear_Rol_y_Acceso_Roles/li_Roles' is clicked on

2022-02-23 15:30:59 - [TEST_STEP][PASSED] - setText(findTestObject("Modulo Pruebas Seguridad/Crear_Rol_y_Acceso_Roles/input_Portal_formj_idt61"), "pruebas katalon"): Text 'pruebas katalon' is set on object 'Object Repository/Modulo Pruebas Seguridad/Crear_Rol_y_Acceso_Roles/input_Portal_formj_idt61'

2022-02-23 15:31:00 - [MESSAGE][PASSED] - Text 'pruebas katalon' is set on object 'Object Repository/Modulo Pruebas Seguridad/Crear_Rol_y_Acceso_Roles/input_Portal_formj_idt61'

2022-02-23 15:31:00 - [TEST_STEP][PASSED] - sendKeys(findTestObject("Modulo Pruebas Seguridad/Crear_Rol_y_Acceso_Roles/input_Portal_formj_idt61"), Keys.chord(ENTER)): Keys 'ENTER + ' sent to object: 'Object Repository/Modulo Pruebas Seguridad/Crear_Rol_y_Acceso_Roles/input_Portal_formj_idt61'

2022-02-23 15:31:00 - [MESSAGE][PASSED] - Keys 'ENTER + ' sent to object: 'Object Repository/Modulo Pruebas Seguridad/Crear_Rol_y_Acceso_Roles/input_Portal_formj_idt61'

2022-02-23 15:31:00 - [TEST_STEP][PASSED] - if (waitForElementVisible(findTestObject("Modulo Pruebas Seguridad/Crear_Rol_y_Acceso_Roles/td_Pruebas katalon"), 1)): null

2022-02-23 15:31:01 - [MESSAGE][PASSED] - Object 'Object Repository/Modulo Pruebas Seguridad/Crear_Rol_y_Acceso_Roles/td_Pruebas katalon' is visible

2022-02-23 15:31:01 - [TEST_STEP][PASSED] - click(findTestObject("Modulo Pruebas Seguridad/Crear_Rol_y_Acceso_Roles/td_Pruebas katalon")): Object: 'Object Repository/Modulo Pruebas Seguridad/Crear_Rol_y_Acceso_Roles/td_Pruebas katalon' is clicked on

2022-02-23 15:31:01 - [MESSAGE][PASSED] - Object: 'Object Repository/Modulo Pruebas Seguridad/Crear_Rol_y_Acceso_Roles/td_Pruebas katalon' is clicked on

2022-02-23 15:31:01 - [TEST_STEP][PASSED] - click(findTestObject("Modulo Pruebas Seguridad/Crear_Rol_y_Acceso_Roles/a_Acceso Roles")): Object: 'Object Repository/Modulo Pruebas Seguridad/Crear_Rol_y_Acceso_Roles/a_Acceso Roles' is clicked on

2022-02-23 15:31:02 - [MESSAGE][PASSED] - Object: 'Object Repository/Modulo Pruebas Seguridad/Crear_Rol_y_Acceso_Roles/a_Acceso Roles' is clicked on

2022-02-23 15:31:02 - [TEST_STEP][PASSED] - if (waitForElementClickable(findTestObject("Modulo Pruebas Seguridad/Crear_Rol_y_Acceso_Roles/a_SARA_formtabtabla_roles0j_idt134"), 1)): null

2022-02-23 15:31:03 - [MESSAGE][PASSED] - Object 'Object Repository/Modulo Pruebas Seguridad/Crear_Rol_y_Acceso_Roles/a_SARA_formtabtabla_roles0j_idt134' is clickable

2022-02-23 15:31:03 - [TEST_STEP][PASSED] - click(findTestObject("Modulo Pruebas Seguridad/Crear_Rol_y_Acceso_Roles/a_SARA_formtabtabla_roles0j_idt134")): Object: 'Object Repository/Modulo Pruebas Seguridad/Crear_Rol_y_Acceso_Roles/a_SARA_formtabtabla_roles0j_idt134' is clicked on

2022-02-23 15:31:03 - [MESSAGE][PASSED] - Object: 'Object Repository/Modulo Pruebas Seguridad/Crear_Rol_y_Acceso_Roles/a_SARA_formtabtabla_roles0j_idt134' is clicked on

2022-02-23 15:31:03 - [TEST_STEP][PASSED] - click(findTestObject("Modulo Pruebas Seguridad/Crear_Rol_y_Acceso_Roles/a_link_aceptar")): Object: 'Object Repository/Modulo Pruebas Seguridad/Crear_Rol_y_Acceso_Roles/a_link_aceptar' is clicked on

2022-02-23 15:31:04 - [MESSAGE][PASSED] - Object: 'Object Repository/Modulo Pruebas Seguridad/Crear_Rol_y_Acceso_Roles/a_link_aceptar' is clicked on

2022-02-23 15:31:04 - [TEST_STEP][PASSED] - click(findTestObject("Modulo Pruebas Seguridad/Crear_Rol_y_Acceso_Roles/a_Roles")): Object: 'Object Repository/Modulo Pruebas Seguridad/Crear_Rol_y_Acceso_Roles/a_Roles' is clicked on

2022-02-23 15:31:05 - [MESSAGE][PASSED] - Object: 'Object Repository/Modulo Pruebas Seguridad/Crear_Rol_y_Acceso_Roles/a_Roles' is clicked on

2022-02-23 15:31:05 - [TEST_STEP][PASSED] - click(findTestObject("Modulo Pruebas Seguridad/Crear_Rol_y_Acceso_Roles/a_Eliminar")): Object: 'Object Repository/Modulo Pruebas Seguridad/Crear_Rol_y_Acceso_Roles/a_Eliminar' is clicked on

2022-02-23 15:31:06 - [MESSAGE][PASSED] - Object: 'Object Repository/Modulo Pruebas Seguridad/Crear_Rol_y_Acceso_Roles/a_Eliminar' is clicked on

2022-02-23 15:31:06 - [TEST_STEP][PASSED] - click(findTestObject("Modulo Pruebas Seguridad/Crear_Rol_y_Acceso_Roles/a_link_aceptar")): Object: 'Object Repository/Modulo Pruebas Seguridad/Crear_Rol_y_Acceso_Roles/a_link_aceptar' is clicked on

2022-02-23 15:31:07 - [MESSAGE][PASSED] - Object: 'Object Repository/Modulo Pruebas Seguridad/Crear_Rol_y_Acceso_Roles/a_link_aceptar' is clicked on

2022-02-23 15:31:07 - [TEST_STEP][PASSED] - click(findTestObject("Modulo Pruebas Seguridad/Crear_Rol_y_Acceso_Roles/a_Nuevo")): Object: 'Object Repository/Modulo Pruebas Seguridad/Crear_Rol_y_Acceso_Roles/a_Nuevo' is clicked on

2022-02-23 15:31:07 - [MESSAGE][PASSED] - Object: 'Object Repository/Modulo Pruebas Seguridad/Crear_Rol_y_Acceso_Roles/a_Nuevo' is clicked on

2022-02-23 15:31:07 - [TEST_STEP][PASSED] - setText(findTestObject("Modulo Pruebas Seguridad/Crear_Rol_y_Acceso_Roles/input_Descripcin_formtabdescripcion"), "Pruebas katalon"): Text 'Pruebas katalon' is set on object 'Object Repository/Modulo Pruebas Seguridad/Crear_Rol_y_Acceso_Roles/input_Descripcin_formtabdescripcion'

2022-02-23 15:31:08 - [MESSAGE][PASSED] - Text 'Pruebas katalon' is set on object 'Object Repository/Modulo Pruebas Seguridad/Crear_Rol_y_Acceso_Roles/input_Descripcin_formtabdescripcion'

2022-02-23 15:31:08 - [TEST_STEP][PASSED] - selectOptionByIndex(findTestObject("Modulo Pruebas Seguridad/Crear_Rol_y_Acceso_Roles/select_Seleccin Tipo TolRol ClienteRol Funcional"), 2): All options with index in [2] are selected on object 'Object Repository/Modulo Pruebas Seguridad/Crear_Rol_y_Acceso_Roles/select_Seleccin Tipo TolRol ClienteRol Funcional'

2022-02-23 15:31:09 - [MESSAGE][PASSED] - All options with index in [2] are selected on object 'Object Repository/Modulo Pruebas Seguridad/Crear_Rol_y_Acceso_Roles/select_Seleccin Tipo TolRol ClienteRol Funcional'

2022-02-23 15:31:09 - [TEST_STEP][PASSED] - setText(findTestObject("Modulo Pruebas Seguridad/Crear_Rol_y_Acceso_Roles/input_Alias_formtabalias"), "pruebas k"): Text 'pruebas k' is set on object 'Object Repository/Modulo Pruebas Seguridad/Crear_Rol_y_Acceso_Roles/input_Alias_formtabalias'

2022-02-23 15:31:10 - [MESSAGE][PASSED] - Text 'pruebas k' is set on object 'Object Repository/Modulo Pruebas Seguridad/Crear_Rol_y_Acceso_Roles/input_Alias_formtabalias'

2022-02-23 15:31:10 - [TEST_STEP][PASSED] - selectOptionByIndex(findTestObject("Modulo Pruebas Seguridad/Crear_Rol_y_Acceso_Roles/select_-- Seleccione --Grupo a"), 1): All options with index in [1] are selected on object 'Object Repository/Modulo Pruebas Seguridad/Crear_Rol_y_Acceso_Roles/select_-- Seleccione --Grupo a'

2022-02-23 15:31:11 - [MESSAGE][PASSED] - All options with index in [1] are selected on object 'Object Repository/Modulo Pruebas Seguridad/Crear_Rol_y_Acceso_Roles/select_-- Seleccione --Grupo a'

2022-02-23 15:31:11 - [TEST_STEP][PASSED] - click(findTestObject("Modulo Pruebas Seguridad/Crear_Rol_y_Acceso_Roles/a_Guardar")): Object: 'Object Repository/Modulo Pruebas Seguridad/Crear_Rol_y_Acceso_Roles/a_Guardar' is clicked on

2022-02-23 15:31:11 - [MESSAGE][PASSED] - Object: 'Object Repository/Modulo Pruebas Seguridad/Crear_Rol_y_Acceso_Roles/a_Guardar' is clicked on

2022-02-23 15:31:11 - [TEST_STEP][PASSED] - click(findTestObject("Modulo Pruebas Seguridad/Crear_Rol_y_Acceso_Roles/a_Acceso Roles")): Object: 'Object Repository/Modulo Pruebas Seguridad/Crear_Rol_y_Acceso_Roles/a_Acceso Roles' is clicked on

2022-02-23 15:31:12 - [MESSAGE][PASSED] - Object: 'Object Repository/Modulo Pruebas Seguridad/Crear_Rol_y_Acceso_Roles/a_Acceso Roles' is clicked on

2022-02-23 15:31:12 - [TEST_STEP][PASSED] - selectOptionByIndex(findTestObject("Modulo Pruebas Seguridad/Crear_Rol_y_Acceso_Roles/select_SeleccioneEmpresa 1Empresa 1"), 1): All options with index in [1] are selected on object 'Object Repository/Modulo Pruebas Seguridad/Crear_Rol_y_Acceso_Roles/select_SeleccioneEmpresa 1Empresa 1'

2022-02-23 15:31:13 - [MESSAGE][PASSED] - All options with index in [1] are selected on object 'Object Repository/Modulo Pruebas Seguridad/Crear_Rol_y_Acceso_Roles/select_SeleccioneEmpresa 1Empresa 1'

2022-02-23 15:31:13 - [TEST_STEP][PASSED] - selectOptionByIndex(findTestObject("Modulo Pruebas Seguridad/Crear_Rol_y_Acceso_Roles/select_SeleccioneSaraDS_Jboss (CompensacionDS)SaraDS_weblogic (CompensacionDS)seguridad jdbcSeguridadDS_Jboss"), 1): All options with index in [1] are selected on object 'Object Repository/Modulo Pruebas Seguridad/Crear_Rol_y_Acceso_Roles/select_SeleccioneSaraDS_Jboss (CompensacionDS)SaraDS_weblogic (CompensacionDS)seguridad jdbcSeguridadDS_Jboss'

2022-02-23 15:31:14 - [MESSAGE][PASSED] - All options with index in [1] are selected on object 'Object Repository/Modulo Pruebas Seguridad/Crear_Rol_y_Acceso_Roles/select_SeleccioneSaraDS_Jboss (CompensacionDS)SaraDS_weblogic (CompensacionDS)seguridad jdbcSeguridadDS_Jboss'

2022-02-23 15:31:14 - [TEST_STEP][PASSED] - selectOptionByIndex(findTestObject("Modulo Pruebas Seguridad/Crear_Rol_y_Acceso_Roles/select_--Seleccione--NUCLEO SISTEMASARAPORTAL SARASARA PRIMESARA APPSOFIASEGURIDADLMSSERVICIOSREGISTRO PERSONA"), 2): All options with index in [2] are selected on object 'Object Repository/Modulo Pruebas Seguridad/Crear_Rol_y_Acceso_Roles/select_--Seleccione--NUCLEO SISTEMASARAPORTAL SARASARA PRIMESARA APPSOFIASEGURIDADLMSSERVICIOSREGISTRO PERSONA'

2022-02-23 15:31:15 - [MESSAGE][PASSED] - All options with index in [2] are selected on object 'Object Repository/Modulo Pruebas Seguridad/Crear_Rol_y_Acceso_Roles/select_--Seleccione--NUCLEO SISTEMASARAPORTAL SARASARA PRIMESARA APPSOFIASEGURIDADLMSSERVICIOSREGISTRO PERSONA'

2022-02-23 15:31:15 - [TEST_STEP][PASSED] - click(findTestObject("Modulo Pruebas Seguridad/Crear_Rol_y_Acceso_Roles/a_Filter by Aplicacin_formtabtabla_rolesj_idt135")): Object: 'Object Repository/Modulo Pruebas Seguridad/Crear_Rol_y_Acceso_Roles/a_Filter by Aplicacin_formtabtabla_rolesj_idt135' is clicked on

2022-02-23 15:31:16 - [MESSAGE][PASSED] - Object: 'Object Repository/Modulo Pruebas Seguridad/Crear_Rol_y_Acceso_Roles/a_Filter by Aplicacin_formtabtabla_rolesj_idt135' is clicked on

2022-02-23 15:31:16 - [TEST_STEP][PASSED] - closeBrowser(): Browser is closed

2022-02-23 15:31:17 - [MESSAGE][PASSED] - Browser is closed]]></system-out>
         <system-err><![CDATA[]]></system-err>
      </testcase>
      <testcase name="Test Cases/6.1-Pruebas_Seguridad/6.1.6-Crear_Empresa" time="16.387" classname="Test Cases/6.1-Pruebas_Seguridad/6.1.6-Crear_Empresa" status="PASSED">
         <system-out><![CDATA[2022-02-23 15:31:17 - [TEST_CASE][PASSED] - Test Cases/6.1-Pruebas_Seguridad/6.1.6-Crear_Empresa: Test Cases/6.1-Pruebas_Seguridad/6.1.6-Crear_Empresa

2022-02-23 15:31:17 - [TEST_STEP][PASSED] - callTestCase(findTestCase("Utilidades-(atajos_para _tareas)/Login_Seguridad/Login-Seguridad"), [:], STOP_ON_FAILURE): Call Test Case 'Test Cases/Utilidades-(atajos_para _tareas)/Login_Seguridad/Login-Seguridad' successfully

2022-02-23 15:31:17 - [TEST_CASE][PASSED] - Test Cases/Utilidades-(atajos_para _tareas)/Login_Seguridad/Login-Seguridad: Test Cases/Utilidades-(atajos_para _tareas)/Login_Seguridad/Login-Seguridad

2022-02-23 15:31:17 - [TEST_STEP][PASSED] - openBrowser(""): Browser is opened with url: ''

2022-02-23 15:31:17 - [MESSAGE][INFO] - Starting 'Chrome' driver

2022-02-23 15:31:17 - [MESSAGE][INFO] - Action delay is set to 0 milliseconds

2022-02-23 15:31:19 - [MESSAGE][PASSED] - Browser is opened with url: ''

2022-02-23 15:31:19 - [TEST_STEP][PASSED] - maximizeWindow(): Current window maximized

2022-02-23 15:31:19 - [MESSAGE][PASSED] - Current window maximized

2022-02-23 15:31:19 - [TEST_STEP][PASSED] - i = G_Login_Seguridad: null

2022-02-23 15:31:19 - [TEST_STEP][PASSED] - url = new java.net.URL(i): null

2022-02-23 15:31:19 - [TEST_STEP][PASSED] - println("URL: " + url.toString()): null

2022-02-23 15:31:19 - [TEST_STEP][PASSED] - connection = url.openConnection(): null

2022-02-23 15:31:19 - [TEST_STEP][PASSED] - connection.setRequestMethod("GET"): null

2022-02-23 15:31:19 - [TEST_STEP][PASSED] - connection.setReadTimeout(2 * 1000): null

2022-02-23 15:31:19 - [TEST_STEP][PASSED] - try: null

2022-02-23 15:31:19 - [TEST_STEP][PASSED] - connection.connect(): null

2022-02-23 15:31:19 - [TEST_STEP][PASSED] - flag = connected: null

2022-02-23 15:31:19 - [TEST_STEP][PASSED] - println("Valor_ori: " + flag): null

2022-02-23 15:31:19 - [TEST_STEP][PASSED] - if (flag): null

2022-02-23 15:31:19 - [TEST_STEP][PASSED] - navigateToUrl(i): Navigate to 'http://192.168.2.80:8380/seguridadweb/' successfully

2022-02-23 15:31:19 - [MESSAGE][PASSED] - Navigate to 'http://192.168.2.80:8380/seguridadweb/' successfully

2022-02-23 15:31:19 - [TEST_STEP][PASSED] - a(): null

2022-02-23 15:31:19 - [TEST_STEP][PASSED] - setText(findTestObject("Login/input_USUARIO_loginusuario"), G_Usuario): Text 'saraadmin' is set on object 'Object Repository/Login/input_USUARIO_loginusuario'

2022-02-23 15:31:20 - [MESSAGE][PASSED] - Text 'saraadmin' is set on object 'Object Repository/Login/input_USUARIO_loginusuario'

2022-02-23 15:31:20 - [TEST_STEP][PASSED] - setEncryptedText(findTestObject("Login/input_CLAVE_loginpassword"), "MkG4/TYiCFC3cb2driP7+Q=="): Text ****** has been set on object 'Object Repository/Login/input_CLAVE_loginpassword'

2022-02-23 15:31:20 - [MESSAGE][PASSED] - Text ****** has been set on object 'Object Repository/Login/input_CLAVE_loginpassword'

2022-02-23 15:31:20 - [TEST_STEP][PASSED] - waitForElementClickable(findTestObject("Login/a_Ingresar"), G_TimeOut): Object 'Object Repository/Login/a_Ingresar' is clickable

2022-02-23 15:31:21 - [MESSAGE][PASSED] - Object 'Object Repository/Login/a_Ingresar' is clickable

2022-02-23 15:31:21 - [TEST_STEP][PASSED] - click(findTestObject("Login/a_Ingresar")): Object: 'Object Repository/Login/a_Ingresar' is clicked on

2022-02-23 15:31:21 - [MESSAGE][PASSED] - Object: 'Object Repository/Login/a_Ingresar' is clicked on

2022-02-23 15:31:21 - [TEST_STEP][PASSED] - element = findWebElement(findTestObject("Login/a_Ir"), 30): null

2022-02-23 15:31:22 - [TEST_STEP][PASSED] - executeJavaScript("arguments[0].click()", Arrays.asList(element)): Execute JavaScript 'arguments[0].click()' successfully

2022-02-23 15:31:22 - [MESSAGE][PASSED] - Execute JavaScript 'arguments[0].click()' successfully

2022-02-23 15:31:22 - [MESSAGE][PASSED] - Call Test Case 'Test Cases/Utilidades-(atajos_para _tareas)/Login_Seguridad/Login-Seguridad' successfully

2022-02-23 15:31:22 - [TEST_STEP][PASSED] - setText(findTestObject("Modulo Pruebas Seguridad/Crear_Empresa/input_ADMINISTRADOR DEL SISTEMA - SARA_form_templatej_idt24_input"), "Empresa"): Text 'Empresa' is set on object 'Object Repository/Modulo Pruebas Seguridad/Crear_Empresa/input_ADMINISTRADOR DEL SISTEMA - SARA_form_templatej_idt24_input'

2022-02-23 15:31:23 - [MESSAGE][PASSED] - Text 'Empresa' is set on object 'Object Repository/Modulo Pruebas Seguridad/Crear_Empresa/input_ADMINISTRADOR DEL SISTEMA - SARA_form_templatej_idt24_input'

2022-02-23 15:31:23 - [TEST_STEP][PASSED] - click(findTestObject("Modulo Pruebas Seguridad/Crear_Empresa/span_Empresa")): Object: 'Object Repository/Modulo Pruebas Seguridad/Crear_Empresa/span_Empresa' is clicked on

2022-02-23 15:31:25 - [MESSAGE][PASSED] - Object: 'Object Repository/Modulo Pruebas Seguridad/Crear_Empresa/span_Empresa' is clicked on

2022-02-23 15:31:25 - [TEST_STEP][PASSED] - waitForElementVisible(findTestObject("Modulo Pruebas Seguridad/Crear_Empresa/td_Pruebas katalon"), 0): Object 'Object Repository/Modulo Pruebas Seguridad/Crear_Empresa/td_Pruebas katalon' is visible

2022-02-23 15:31:25 - [MESSAGE][WARNING] - Timeout '0' is invalid. Using default page load timeout: '30'

2022-02-23 15:31:25 - [MESSAGE][PASSED] - Object 'Object Repository/Modulo Pruebas Seguridad/Crear_Empresa/td_Pruebas katalon' is visible

2022-02-23 15:31:25 - [TEST_STEP][PASSED] - click(findTestObject("Modulo Pruebas Seguridad/Crear_Empresa/td_Pruebas katalon")): Object: 'Object Repository/Modulo Pruebas Seguridad/Crear_Empresa/td_Pruebas katalon' is clicked on

2022-02-23 15:31:26 - [MESSAGE][PASSED] - Object: 'Object Repository/Modulo Pruebas Seguridad/Crear_Empresa/td_Pruebas katalon' is clicked on

2022-02-23 15:31:26 - [TEST_STEP][PASSED] - click(findTestObject("Modulo Pruebas Seguridad/Crear_Empresa/a_Eliminar")): Object: 'Object Repository/Modulo Pruebas Seguridad/Crear_Empresa/a_Eliminar' is clicked on

2022-02-23 15:31:26 - [MESSAGE][PASSED] - Object: 'Object Repository/Modulo Pruebas Seguridad/Crear_Empresa/a_Eliminar' is clicked on

2022-02-23 15:31:26 - [TEST_STEP][PASSED] - click(findTestObject("Modulo Pruebas Seguridad/Crear_Empresa/a_link_aceptar")): Object: 'Object Repository/Modulo Pruebas Seguridad/Crear_Empresa/a_link_aceptar' is clicked on

2022-02-23 15:31:27 - [MESSAGE][PASSED] - Object: 'Object Repository/Modulo Pruebas Seguridad/Crear_Empresa/a_link_aceptar' is clicked on

2022-02-23 15:31:27 - [TEST_STEP][PASSED] - click(findTestObject("Modulo Pruebas Seguridad/Crear_Empresa/a_Nuevo")): Object: 'Object Repository/Modulo Pruebas Seguridad/Crear_Empresa/a_Nuevo' is clicked on

2022-02-23 15:31:28 - [MESSAGE][PASSED] - Object: 'Object Repository/Modulo Pruebas Seguridad/Crear_Empresa/a_Nuevo' is clicked on

2022-02-23 15:31:28 - [TEST_STEP][PASSED] - setText(findTestObject("Modulo Pruebas Seguridad/Crear_Empresa/input_Cdigo_empresa_formcodigoEmpresa"), "5"): Text '5' is set on object 'Object Repository/Modulo Pruebas Seguridad/Crear_Empresa/input_Cdigo_empresa_formcodigoEmpresa'

2022-02-23 15:31:29 - [MESSAGE][PASSED] - Text '5' is set on object 'Object Repository/Modulo Pruebas Seguridad/Crear_Empresa/input_Cdigo_empresa_formcodigoEmpresa'

2022-02-23 15:31:29 - [TEST_STEP][PASSED] - setText(findTestObject("Modulo Pruebas Seguridad/Crear_Empresa/input_Nombre_empresa_formnombreEmpresa"), "Pruebas katalon"): Text 'Pruebas katalon' is set on object 'Object Repository/Modulo Pruebas Seguridad/Crear_Empresa/input_Nombre_empresa_formnombreEmpresa'

2022-02-23 15:31:30 - [MESSAGE][PASSED] - Text 'Pruebas katalon' is set on object 'Object Repository/Modulo Pruebas Seguridad/Crear_Empresa/input_Nombre_empresa_formnombreEmpresa'

2022-02-23 15:31:30 - [TEST_STEP][PASSED] - selectOptionByIndex(findTestObject("Modulo Pruebas Seguridad/Crear_Empresa/select_-- Seleccione --generalMexico"), 1): All options with index in [1] are selected on object 'Object Repository/Modulo Pruebas Seguridad/Crear_Empresa/select_-- Seleccione --generalMexico'

2022-02-23 15:31:31 - [MESSAGE][PASSED] - All options with index in [1] are selected on object 'Object Repository/Modulo Pruebas Seguridad/Crear_Empresa/select_-- Seleccione --generalMexico'

2022-02-23 15:31:31 - [TEST_STEP][PASSED] - selectOptionByIndex(findTestObject("Modulo Pruebas Seguridad/Crear_Empresa/select_-- Seleccione --Aspirantes CALIDADSitio Calidad"), 1): All options with index in [1] are selected on object 'Object Repository/Modulo Pruebas Seguridad/Crear_Empresa/select_-- Seleccione --Aspirantes CALIDADSitio Calidad'

2022-02-23 15:31:32 - [MESSAGE][PASSED] - All options with index in [1] are selected on object 'Object Repository/Modulo Pruebas Seguridad/Crear_Empresa/select_-- Seleccione --Aspirantes CALIDADSitio Calidad'

2022-02-23 15:31:32 - [TEST_STEP][PASSED] - selectOptionByIndex(findTestObject("Modulo Pruebas Seguridad/Crear_Empresa/select_-- Seleccione --Grupo a"), 1): All options with index in [1] are selected on object 'Object Repository/Modulo Pruebas Seguridad/Crear_Empresa/select_-- Seleccione --Grupo a'

2022-02-23 15:31:33 - [MESSAGE][PASSED] - All options with index in [1] are selected on object 'Object Repository/Modulo Pruebas Seguridad/Crear_Empresa/select_-- Seleccione --Grupo a'

2022-02-23 15:31:33 - [TEST_STEP][PASSED] - click(findTestObject("Modulo Pruebas Seguridad/Crear_Empresa/a_Actualizar")): Object: 'Object Repository/Modulo Pruebas Seguridad/Crear_Empresa/a_Actualizar' is clicked on

2022-02-23 15:31:33 - [MESSAGE][PASSED] - Object: 'Object Repository/Modulo Pruebas Seguridad/Crear_Empresa/a_Actualizar' is clicked on]]></system-out>
         <system-err><![CDATA[]]></system-err>
      </testcase>
      <system-out><![CDATA[2022-02-23 15:30:20 - [TEST_SUITE][PASSED] - 6-Pruebas_seguridad: Test Cases/6.1-Pruebas_Seguridad/6.1.6-Crear_Empresa]]></system-out>
      <system-err><![CDATA[]]></system-err>
   </testsuite>
</testsuites>
