<?xml version="1.0" encoding="UTF-8"?>
<testsuites name="12-Pruebas_Planta_Personal" time="440.719" tests="16" failures="0" errors="0">
   <testsuite name="12-Pruebas_Planta_Personal" tests="16" failures="0" errors="0" time="440.719" skipped="0" timestamp="2022-03-28 09:05:18" hostname="diego.rojas - US-AF-000371" id="Test Suites/Test_Suite_Secundaria/12-Pruebas_Planta_Personal">
      <properties>
         <property name="deviceName" value=""/>
         <property name="devicePlatform" value=""/>
         <property name="logFolder" value="C:\\Users\\diego.rojas\\git\\Pruebas-Minimas\\Reports\\20220328_084605\\Test_Suite_Secundaria\\12-Pruebas_Planta_Personal\\20220328_084702"/>
         <property name="logFiles" value="C:\\Users\\diego.rojas\\git\\Pruebas-Minimas\\Reports\\20220328_084605\\Test_Suite_Secundaria\\12-Pruebas_Planta_Personal\\20220328_084702\\execution0.log"/>
         <property name="attachments" value=""/>
         <property name="hostName" value="diego.rojas - US-AF-000371"/>
         <property name="os" value="Windows 10 64bit"/>
         <property name="katalonVersion" value="8.2.5.208"/>
         <property name="browser" value="Chrome 99.0.4844.82"/>
         <property name="hostAddress" value="192.168.56.1"/>
         <property name="sessionId" value="3e82c9b4e9b1d277bbdae9984b1ebc4c"/>
         <property name="seleniumVersion" value="3.141.59"/>
         <property name="proxyInformation" value="ProxyInformation { proxyOption=NO_PROXY, proxyServerType=HTTP, username=, password=********, proxyServerAddress=, proxyServerPort=0, executionList=&quot;&quot;, isApplyToDesiredCapabilities=true }"/>
         <property name="platform" value="Windows 10"/>
      </properties>
      <testcase name="Test Cases/1.2-Tareas_Secundarias/A.2-Pruebas_planta_personal/12.1.1-Crear_una_unidad" time="36.571" classname="Test Cases/1.2-Tareas_Secundarias/A.2-Pruebas_planta_personal/12.1.1-Crear_una_unidad" status="PASSED">
         <system-out><![CDATA[2022-03-28 09:05:19 - [TEST_CASE][PASSED] - Test Cases/1.2-Tareas_Secundarias/A.2-Pruebas_planta_personal/12.1.1-Crear_una_unidad: Test Cases/1.2-Tareas_Secundarias/A.2-Pruebas_planta_personal/12.1.1-Crear_una_unidad

2022-03-28 09:05:19 - [TEST_STEP][PASSED] - callTestCase(findTestCase("0.1-Login"), [:], STOP_ON_FAILURE): Call Test Case 'Test Cases/0.1-Login' successfully

2022-03-28 09:05:20 - [TEST_CASE][PASSED] - Test Cases/0.1-Login: Test Cases/0.1-Login

2022-03-28 09:05:21 - [TEST_STEP][PASSED] - openBrowser(""): Browser is opened with url: ''

2022-03-28 09:05:22 - [MESSAGE][INFO] - Starting 'Chrome' driver

2022-03-28 09:05:22 - [MESSAGE][INFO] - Action delay is set to 50 milliseconds

2022-03-28 09:05:24 - [MESSAGE][PASSED] - Browser is opened with url: ''

2022-03-28 09:05:24 - [TEST_STEP][PASSED] - maximizeWindow(): Current window maximized

2022-03-28 09:05:24 - [MESSAGE][PASSED] - Current window maximized

2022-03-28 09:05:24 - [TEST_STEP][PASSED] - i = G_Login: null

2022-03-28 09:05:25 - [TEST_STEP][PASSED] - url = new java.net.URL(i): null

2022-03-28 09:05:25 - [TEST_STEP][PASSED] - println("URL: " + url.toString()): null

2022-03-28 09:05:25 - [TEST_STEP][PASSED] - connection = url.openConnection(): null

2022-03-28 09:05:25 - [TEST_STEP][PASSED] - connection.setRequestMethod("GET"): null

2022-03-28 09:05:25 - [TEST_STEP][PASSED] - connection.setReadTimeout(2 * 1000): null

2022-03-28 09:05:25 - [TEST_STEP][PASSED] - try: null

2022-03-28 09:05:25 - [TEST_STEP][PASSED] - connection.connect(): null

2022-03-28 09:05:25 - [TEST_STEP][PASSED] - flag = connected: null

2022-03-28 09:05:25 - [TEST_STEP][PASSED] - println("Valor_ori: " + flag): null

2022-03-28 09:05:25 - [TEST_STEP][PASSED] - if (flag): null

2022-03-28 09:05:25 - [TEST_STEP][PASSED] - navigateToUrl(i): Navigate to 'http://192.168.2.19:8380/saraweb' successfully

2022-03-28 09:05:26 - [MESSAGE][PASSED] - Navigate to 'http://192.168.2.19:8380/saraweb' successfully

2022-03-28 09:05:26 - [TEST_STEP][PASSED] - a(): null

2022-03-28 09:05:26 - [TEST_STEP][PASSED] - setText(findTestObject("Login/input_USUARIO_loginusuario"), G_Usuario): Text 'saraadmin' is set on object 'Object Repository/Login/input_USUARIO_loginusuario'

2022-03-28 09:05:27 - [MESSAGE][PASSED] - Text 'saraadmin' is set on object 'Object Repository/Login/input_USUARIO_loginusuario'

2022-03-28 09:05:27 - [TEST_STEP][PASSED] - setEncryptedText(findTestObject("Login/input_CLAVE_loginpassword"), "MkG4/TYiCFC3cb2driP7+Q=="): Text ****** has been set on object 'Object Repository/Login/input_CLAVE_loginpassword'

2022-03-28 09:05:27 - [MESSAGE][PASSED] - Text ****** has been set on object 'Object Repository/Login/input_CLAVE_loginpassword'

2022-03-28 09:05:27 - [TEST_STEP][PASSED] - waitForElementClickable(findTestObject("Login/a_Ingresar"), G_TimeOut): Object 'Object Repository/Login/a_Ingresar' is clickable

2022-03-28 09:05:28 - [MESSAGE][PASSED] - Object 'Object Repository/Login/a_Ingresar' is clickable

2022-03-28 09:05:28 - [TEST_STEP][PASSED] - click(findTestObject("Login/a_Ingresar")): Object: 'Object Repository/Login/a_Ingresar' is clicked on

2022-03-28 09:05:29 - [MESSAGE][PASSED] - Object: 'Object Repository/Login/a_Ingresar' is clicked on

2022-03-28 09:05:29 - [TEST_STEP][PASSED] - element = findWebElement(findTestObject("Login/a_Ir"), 30): null

2022-03-28 09:05:29 - [TEST_STEP][PASSED] - executeJavaScript("arguments[0].click()", Arrays.asList(element)): Execute JavaScript 'arguments[0].click()' successfully

2022-03-28 09:05:29 - [MESSAGE][PASSED] - Execute JavaScript 'arguments[0].click()' successfully

2022-03-28 09:05:29 - [MESSAGE][PASSED] - Call Test Case 'Test Cases/0.1-Login' successfully

2022-03-28 09:05:29 - [TEST_STEP][PASSED] - setText(findTestObject("Modulo Pruebas Planta de Personal/Crear_una_unidad/input_Empresa 1_form_templatej_idt24_input"), "planta personal (tal)"): Text 'planta personal (tal)' is set on object 'Object Repository/Modulo Pruebas Planta de Personal/Crear_una_unidad/input_Empresa 1_form_templatej_idt24_input'

2022-03-28 09:05:31 - [MESSAGE][PASSED] - Text 'planta personal (tal)' is set on object 'Object Repository/Modulo Pruebas Planta de Personal/Crear_una_unidad/input_Empresa 1_form_templatej_idt24_input'

2022-03-28 09:05:31 - [TEST_STEP][PASSED] - click(findTestObject("Modulo Pruebas Planta de Personal/Crear_una_unidad/span_Planta Personal (tal)")): Object: 'Object Repository/Modulo Pruebas Planta de Personal/Crear_una_unidad/span_Planta Personal (tal)' is clicked on

2022-03-28 09:05:33 - [MESSAGE][PASSED] - Object: 'Object Repository/Modulo Pruebas Planta de Personal/Crear_una_unidad/span_Planta Personal (tal)' is clicked on

2022-03-28 09:05:33 - [TEST_STEP][PASSED] - click(findTestObject("Modulo Pruebas Planta de Personal/Crear_una_unidad/span_Administracion")): Object: 'Object Repository/Modulo Pruebas Planta de Personal/Crear_una_unidad/span_Administracion' is clicked on

2022-03-28 09:05:35 - [MESSAGE][PASSED] - Object: 'Object Repository/Modulo Pruebas Planta de Personal/Crear_una_unidad/span_Administracion' is clicked on

2022-03-28 09:05:35 - [TEST_STEP][PASSED] - if (waitForElementVisible(findTestObject("Modulo Pruebas Planta de Personal/Crear_una_unidad/span_Pruebas  Katalon1"), 1)): null

2022-03-28 09:05:41 - [MESSAGE][PASSED] - Object 'Object Repository/Modulo Pruebas Planta de Personal/Crear_una_unidad/span_Pruebas  Katalon1' is visible

2022-03-28 09:05:41 - [TEST_STEP][PASSED] - click(findTestObject("Modulo Pruebas Planta de Personal/Crear_una_unidad/span_Pruebas  Katalon1")): Object: 'Object Repository/Modulo Pruebas Planta de Personal/Crear_una_unidad/span_Pruebas  Katalon1' is clicked on

2022-03-28 09:05:42 - [MESSAGE][PASSED] - Object: 'Object Repository/Modulo Pruebas Planta de Personal/Crear_una_unidad/span_Pruebas  Katalon1' is clicked on

2022-03-28 09:05:42 - [TEST_STEP][PASSED] - click(findTestObject("Modulo Pruebas Planta de Personal/Crear_una_unidad/span_No Relacionado_ui-button-icon-left ui-icon ui-c ui-icon-triangle-1-s")): Object: 'Object Repository/Modulo Pruebas Planta de Personal/Crear_una_unidad/span_No Relacionado_ui-button-icon-left ui-icon ui-c ui-icon-triangle-1-s' is clicked on

2022-03-28 09:05:42 - [MESSAGE][PASSED] - Object: 'Object Repository/Modulo Pruebas Planta de Personal/Crear_una_unidad/span_No Relacionado_ui-button-icon-left ui-icon ui-c ui-icon-triangle-1-s' is clicked on

2022-03-28 09:05:42 - [TEST_STEP][PASSED] - click(findTestObject("Modulo Pruebas Planta de Personal/Crear_una_unidad/span_Organigrama1")): Object: 'Object Repository/Modulo Pruebas Planta de Personal/Crear_una_unidad/span_Organigrama1' is clicked on

2022-03-28 09:05:43 - [MESSAGE][PASSED] - Object: 'Object Repository/Modulo Pruebas Planta de Personal/Crear_una_unidad/span_Organigrama1' is clicked on

2022-03-28 09:05:43 - [TEST_STEP][PASSED] - if (waitForElementVisible(findTestObject("Modulo Pruebas Planta de Personal/Crear_una_unidad/span_QAS"), 1)): Web element with id: 'Object Repository/Modulo Pruebas Planta de Personal/Crear_una_unidad/span_QAS' located by '//*/text()[normalize-space(.)='QAS']/parent::*' not found

2022-03-28 09:05:45 - [MESSAGE][INFO] - Unable to find the element located by 'By.xpath: //*/text()[normalize-space(.)='QAS']/parent::*'. Please recheck the objects properties to make sure the desired element is located. 

2022-03-28 09:05:45 - [MESSAGE][WARNING] - Web element with id: 'Object Repository/Modulo Pruebas Planta de Personal/Crear_una_unidad/span_QAS' located by '//*/text()[normalize-space(.)='QAS']/parent::*' not found

2022-03-28 09:05:45 - [TEST_STEP][PASSED] - click(findTestObject("Modulo Pruebas Planta de Personal/Crear_una_unidad/span_Administracion")): Object: 'Object Repository/Modulo Pruebas Planta de Personal/Crear_una_unidad/span_Administracion' is clicked on

2022-03-28 09:05:46 - [MESSAGE][PASSED] - Object: 'Object Repository/Modulo Pruebas Planta de Personal/Crear_una_unidad/span_Administracion' is clicked on

2022-03-28 09:05:46 - [TEST_STEP][PASSED] - click(findTestObject("Modulo Pruebas Planta de Personal/Crear_una_unidad/span_No Relacionado_ui-button-icon-left ui-icon ui-c ui-icon-triangle-1-s")): Object: 'Object Repository/Modulo Pruebas Planta de Personal/Crear_una_unidad/span_No Relacionado_ui-button-icon-left ui-icon ui-c ui-icon-triangle-1-s' is clicked on

2022-03-28 09:05:47 - [MESSAGE][PASSED] - Object: 'Object Repository/Modulo Pruebas Planta de Personal/Crear_una_unidad/span_No Relacionado_ui-button-icon-left ui-icon ui-c ui-icon-triangle-1-s' is clicked on

2022-03-28 09:05:47 - [TEST_STEP][PASSED] - click(findTestObject("Modulo Pruebas Planta de Personal/Crear_una_unidad/span_Organigrama")): Object: 'Object Repository/Modulo Pruebas Planta de Personal/Crear_una_unidad/span_Organigrama' is clicked on

2022-03-28 09:05:47 - [MESSAGE][PASSED] - Object: 'Object Repository/Modulo Pruebas Planta de Personal/Crear_una_unidad/span_Organigrama' is clicked on

2022-03-28 09:05:47 - [TEST_STEP][PASSED] - Result = getText(findTestObject("Modulo Pruebas Planta de Personal/Crear_una_unidad/span_Pruebas  Katalon")): Text of object 'Object Repository/Modulo Pruebas Planta de Personal/Crear_una_unidad/span_Pruebas  Katalon' is: 'TECNOLOGIA'

2022-03-28 09:05:48 - [MESSAGE][PASSED] - Text of object 'Object Repository/Modulo Pruebas Planta de Personal/Crear_una_unidad/span_Pruebas  Katalon' is: 'TECNOLOGIA'

2022-03-28 09:05:48 - [TEST_STEP][PASSED] - if (Result == "Pruebas Katalon"): null

2022-03-28 09:05:48 - [TEST_STEP][PASSED] - click(findTestObject("Modulo Pruebas Planta de Personal/Crear_una_unidad/a_Organigrama_organigramacrearUnidad")): Object: 'Object Repository/Modulo Pruebas Planta de Personal/Crear_una_unidad/a_Organigrama_organigramacrearUnidad' is clicked on

2022-03-28 09:05:49 - [MESSAGE][PASSED] - Object: 'Object Repository/Modulo Pruebas Planta de Personal/Crear_una_unidad/a_Organigrama_organigramacrearUnidad' is clicked on

2022-03-28 09:05:49 - [TEST_STEP][PASSED] - setText(findTestObject("Modulo Pruebas Planta de Personal/Crear_una_unidad/input_Unidad Organizacional_popupUnidadOrganizacional_formcodigoUnidadPopup"), "27"): Text '27' is set on object 'Object Repository/Modulo Pruebas Planta de Personal/Crear_una_unidad/input_Unidad Organizacional_popupUnidadOrganizacional_formcodigoUnidadPopup'

2022-03-28 09:05:50 - [MESSAGE][PASSED] - Text '27' is set on object 'Object Repository/Modulo Pruebas Planta de Personal/Crear_una_unidad/input_Unidad Organizacional_popupUnidadOrganizacional_formcodigoUnidadPopup'

2022-03-28 09:05:50 - [TEST_STEP][PASSED] - selectOptionByIndex(findTestObject("Modulo Pruebas Planta de Personal/Crear_una_unidad/select_--Seleccione Tipo Unidad--COORDINACIONPRESIDENCIAVICEPRESIDENCIA"), 5): All options with index in [5] are selected on object 'Object Repository/Modulo Pruebas Planta de Personal/Crear_una_unidad/select_--Seleccione Tipo Unidad--COORDINACIONPRESIDENCIAVICEPRESIDENCIA'

2022-03-28 09:05:51 - [MESSAGE][PASSED] - All options with index in [5] are selected on object 'Object Repository/Modulo Pruebas Planta de Personal/Crear_una_unidad/select_--Seleccione Tipo Unidad--COORDINACIONPRESIDENCIAVICEPRESIDENCIA'

2022-03-28 09:05:51 - [TEST_STEP][PASSED] - setText(findTestObject("Modulo Pruebas Planta de Personal/Crear_una_unidad/input_Descripcin_popupUnidadOrganizacional_formnombreUnidadPopup"), "Pruebas  Katalon"): Text 'Pruebas  Katalon' is set on object 'Object Repository/Modulo Pruebas Planta de Personal/Crear_una_unidad/input_Descripcin_popupUnidadOrganizacional_formnombreUnidadPopup'

2022-03-28 09:05:52 - [MESSAGE][PASSED] - Text 'Pruebas  Katalon' is set on object 'Object Repository/Modulo Pruebas Planta de Personal/Crear_una_unidad/input_Descripcin_popupUnidadOrganizacional_formnombreUnidadPopup'

2022-03-28 09:05:52 - [TEST_STEP][PASSED] - selectOptionByIndex(findTestObject("Modulo Pruebas Planta de Personal/Crear_una_unidad/select_--Seleccione Sucursal--NO RELACIONADABOGOTA"), 2): All options with index in [2] are selected on object 'Object Repository/Modulo Pruebas Planta de Personal/Crear_una_unidad/select_--Seleccione Sucursal--NO RELACIONADABOGOTA'

2022-03-28 09:05:53 - [MESSAGE][PASSED] - All options with index in [2] are selected on object 'Object Repository/Modulo Pruebas Planta de Personal/Crear_una_unidad/select_--Seleccione Sucursal--NO RELACIONADABOGOTA'

2022-03-28 09:05:53 - [TEST_STEP][PASSED] - selectOptionByIndex(findTestObject("Modulo Pruebas Planta de Personal/Crear_una_unidad/select_--Seleccione el Estado--SINO"), 1): All options with index in [1] are selected on object 'Object Repository/Modulo Pruebas Planta de Personal/Crear_una_unidad/select_--Seleccione el Estado--SINO'

2022-03-28 09:05:55 - [MESSAGE][PASSED] - All options with index in [1] are selected on object 'Object Repository/Modulo Pruebas Planta de Personal/Crear_una_unidad/select_--Seleccione el Estado--SINO'

2022-03-28 09:05:55 - [TEST_STEP][PASSED] - click(findTestObject("Modulo Pruebas Planta de Personal/Crear_una_unidad/a_Actualizar")): Object: 'Object Repository/Modulo Pruebas Planta de Personal/Crear_una_unidad/a_Actualizar' is clicked on

2022-03-28 09:05:55 - [MESSAGE][PASSED] - Object: 'Object Repository/Modulo Pruebas Planta de Personal/Crear_una_unidad/a_Actualizar' is clicked on]]></system-out>
         <system-err><![CDATA[]]></system-err>
      </testcase>
      <testcase name="Test Cases/1.2-Tareas_Secundarias/A.2-Pruebas_planta_personal/12.1.3-Crear_un_puesto_de_trabajo" time="35.608" classname="Test Cases/1.2-Tareas_Secundarias/A.2-Pruebas_planta_personal/12.1.3-Crear_un_puesto_de_trabajo" status="PASSED">
         <system-out><![CDATA[2022-03-28 09:05:55 - [TEST_CASE][PASSED] - Test Cases/1.2-Tareas_Secundarias/A.2-Pruebas_planta_personal/12.1.3-Crear_un_puesto_de_trabajo: Test Cases/1.2-Tareas_Secundarias/A.2-Pruebas_planta_personal/12.1.3-Crear_un_puesto_de_trabajo

2022-03-28 09:05:56 - [TEST_STEP][PASSED] - callTestCase(findTestCase("0.1-Login"), [:], STOP_ON_FAILURE): Call Test Case 'Test Cases/0.1-Login' successfully

2022-03-28 09:05:56 - [TEST_CASE][PASSED] - Test Cases/0.1-Login: Test Cases/0.1-Login

2022-03-28 09:05:56 - [TEST_STEP][PASSED] - openBrowser(""): Browser is opened with url: ''

2022-03-28 09:05:56 - [MESSAGE][WARNING] - A browser is already opened. Closing browser and opening a new one

2022-03-28 09:05:57 - [MESSAGE][INFO] - Starting 'Chrome' driver

2022-03-28 09:05:57 - [MESSAGE][INFO] - Action delay is set to 50 milliseconds

2022-03-28 09:05:58 - [MESSAGE][PASSED] - Browser is opened with url: ''

2022-03-28 09:05:58 - [TEST_STEP][PASSED] - maximizeWindow(): Current window maximized

2022-03-28 09:05:58 - [MESSAGE][PASSED] - Current window maximized

2022-03-28 09:05:58 - [TEST_STEP][PASSED] - i = G_Login: null

2022-03-28 09:05:58 - [TEST_STEP][PASSED] - url = new java.net.URL(i): null

2022-03-28 09:05:58 - [TEST_STEP][PASSED] - println("URL: " + url.toString()): null

2022-03-28 09:05:58 - [TEST_STEP][PASSED] - connection = url.openConnection(): null

2022-03-28 09:05:58 - [TEST_STEP][PASSED] - connection.setRequestMethod("GET"): null

2022-03-28 09:05:58 - [TEST_STEP][PASSED] - connection.setReadTimeout(2 * 1000): null

2022-03-28 09:05:58 - [TEST_STEP][PASSED] - try: null

2022-03-28 09:05:58 - [TEST_STEP][PASSED] - connection.connect(): null

2022-03-28 09:05:58 - [TEST_STEP][PASSED] - flag = connected: null

2022-03-28 09:05:58 - [TEST_STEP][PASSED] - println("Valor_ori: " + flag): null

2022-03-28 09:05:58 - [TEST_STEP][PASSED] - if (flag): null

2022-03-28 09:05:58 - [TEST_STEP][PASSED] - navigateToUrl(i): Navigate to 'http://192.168.2.19:8380/saraweb' successfully

2022-03-28 09:05:59 - [MESSAGE][PASSED] - Navigate to 'http://192.168.2.19:8380/saraweb' successfully

2022-03-28 09:05:59 - [TEST_STEP][PASSED] - a(): null

2022-03-28 09:05:59 - [TEST_STEP][PASSED] - setText(findTestObject("Login/input_USUARIO_loginusuario"), G_Usuario): Text 'saraadmin' is set on object 'Object Repository/Login/input_USUARIO_loginusuario'

2022-03-28 09:06:00 - [MESSAGE][PASSED] - Text 'saraadmin' is set on object 'Object Repository/Login/input_USUARIO_loginusuario'

2022-03-28 09:06:00 - [TEST_STEP][PASSED] - setEncryptedText(findTestObject("Login/input_CLAVE_loginpassword"), "MkG4/TYiCFC3cb2driP7+Q=="): Text ****** has been set on object 'Object Repository/Login/input_CLAVE_loginpassword'

2022-03-28 09:06:00 - [MESSAGE][PASSED] - Text ****** has been set on object 'Object Repository/Login/input_CLAVE_loginpassword'

2022-03-28 09:06:00 - [TEST_STEP][PASSED] - waitForElementClickable(findTestObject("Login/a_Ingresar"), G_TimeOut): Object 'Object Repository/Login/a_Ingresar' is clickable

2022-03-28 09:06:01 - [MESSAGE][PASSED] - Object 'Object Repository/Login/a_Ingresar' is clickable

2022-03-28 09:06:01 - [TEST_STEP][PASSED] - click(findTestObject("Login/a_Ingresar")): Object: 'Object Repository/Login/a_Ingresar' is clicked on

2022-03-28 09:06:02 - [MESSAGE][PASSED] - Object: 'Object Repository/Login/a_Ingresar' is clicked on

2022-03-28 09:06:02 - [TEST_STEP][PASSED] - element = findWebElement(findTestObject("Login/a_Ir"), 30): null

2022-03-28 09:06:03 - [TEST_STEP][PASSED] - executeJavaScript("arguments[0].click()", Arrays.asList(element)): Execute JavaScript 'arguments[0].click()' successfully

2022-03-28 09:06:03 - [MESSAGE][PASSED] - Execute JavaScript 'arguments[0].click()' successfully

2022-03-28 09:06:03 - [MESSAGE][PASSED] - Call Test Case 'Test Cases/0.1-Login' successfully

2022-03-28 09:06:03 - [TEST_STEP][PASSED] - setText(findTestObject("Modulo Pruebas Planta de Personal/Crear_un_puesto_de_trabajo/input_Empresa 1_form_templatej_idt24_input"), "Planta personal (tal)"): Text 'Planta personal (tal)' is set on object 'Object Repository/Modulo Pruebas Planta de Personal/Crear_un_puesto_de_trabajo/input_Empresa 1_form_templatej_idt24_input'

2022-03-28 09:06:04 - [MESSAGE][PASSED] - Text 'Planta personal (tal)' is set on object 'Object Repository/Modulo Pruebas Planta de Personal/Crear_un_puesto_de_trabajo/input_Empresa 1_form_templatej_idt24_input'

2022-03-28 09:06:04 - [TEST_STEP][PASSED] - click(findTestObject("Modulo Pruebas Planta de Personal/Crear_un_puesto_de_trabajo/span_Planta Personal (tal)")): Object: 'Object Repository/Modulo Pruebas Planta de Personal/Crear_un_puesto_de_trabajo/span_Planta Personal (tal)' is clicked on

2022-03-28 09:06:06 - [MESSAGE][PASSED] - Object: 'Object Repository/Modulo Pruebas Planta de Personal/Crear_un_puesto_de_trabajo/span_Planta Personal (tal)' is clicked on

2022-03-28 09:06:06 - [TEST_STEP][PASSED] - click(findTestObject("Modulo Pruebas Planta de Personal/Crear_un_puesto_de_trabajo/span_Administracion")): Object: 'Object Repository/Modulo Pruebas Planta de Personal/Crear_un_puesto_de_trabajo/span_Administracion' is clicked on

2022-03-28 09:06:07 - [MESSAGE][PASSED] - Object: 'Object Repository/Modulo Pruebas Planta de Personal/Crear_un_puesto_de_trabajo/span_Administracion' is clicked on

2022-03-28 09:06:07 - [TEST_STEP][PASSED] - click(findTestObject("Modulo Pruebas Planta de Personal/Crear_un_puesto_de_trabajo/span_Posicion")): Object: 'Object Repository/Modulo Pruebas Planta de Personal/Crear_un_puesto_de_trabajo/span_Posicion' is clicked on

2022-03-28 09:06:09 - [MESSAGE][PASSED] - Object: 'Object Repository/Modulo Pruebas Planta de Personal/Crear_un_puesto_de_trabajo/span_Posicion' is clicked on

2022-03-28 09:06:09 - [TEST_STEP][PASSED] - click(findTestObject("Modulo Pruebas Planta de Personal/Crear_un_puesto_de_trabajo/span_Administracion")): Object: 'Object Repository/Modulo Pruebas Planta de Personal/Crear_un_puesto_de_trabajo/span_Administracion' is clicked on

2022-03-28 09:06:09 - [MESSAGE][PASSED] - Object: 'Object Repository/Modulo Pruebas Planta de Personal/Crear_un_puesto_de_trabajo/span_Administracion' is clicked on

2022-03-28 09:06:09 - [TEST_STEP][PASSED] - click(findTestObject("Modulo Pruebas Planta de Personal/Crear_un_puesto_de_trabajo/a_Posicion_organigramanuevoPuestoTrabajo")): Object: 'Object Repository/Modulo Pruebas Planta de Personal/Crear_un_puesto_de_trabajo/a_Posicion_organigramanuevoPuestoTrabajo' is clicked on

2022-03-28 09:06:10 - [MESSAGE][PASSED] - Object: 'Object Repository/Modulo Pruebas Planta de Personal/Crear_un_puesto_de_trabajo/a_Posicion_organigramanuevoPuestoTrabajo' is clicked on

2022-03-28 09:06:10 - [TEST_STEP][PASSED] - click(findTestObject("Modulo Pruebas Planta de Personal/Crear_un_puesto_de_trabajo/a_Cargo_datosPuestoTrabajo_formj_idt931")): Object: 'Object Repository/Modulo Pruebas Planta de Personal/Crear_un_puesto_de_trabajo/a_Cargo_datosPuestoTrabajo_formj_idt931' is clicked on

2022-03-28 09:06:13 - [MESSAGE][PASSED] - Object: 'Object Repository/Modulo Pruebas Planta de Personal/Crear_un_puesto_de_trabajo/a_Cargo_datosPuestoTrabajo_formj_idt931' is clicked on

2022-03-28 09:06:13 - [TEST_STEP][PASSED] - click(findTestObject("Modulo Pruebas Planta de Personal/Crear_un_puesto_de_trabajo/span_ABOGADO")): Object: 'Object Repository/Modulo Pruebas Planta de Personal/Crear_un_puesto_de_trabajo/span_ABOGADO' is clicked on

2022-03-28 09:06:14 - [MESSAGE][PASSED] - Object: 'Object Repository/Modulo Pruebas Planta de Personal/Crear_un_puesto_de_trabajo/span_ABOGADO' is clicked on

2022-03-28 09:06:14 - [TEST_STEP][PASSED] - selectOptionByIndex(findTestObject("Modulo Pruebas Planta de Personal/Crear_un_puesto_de_trabajo/select_-- Seleccione --Planta Dinamica                (1)Planta Fija                    (B1)"), 1): All options with index in [1] are selected on object 'Object Repository/Modulo Pruebas Planta de Personal/Crear_un_puesto_de_trabajo/select_-- Seleccione --Planta Dinamica                (1)Planta Fija                    (B1)'

2022-03-28 09:06:16 - [MESSAGE][PASSED] - All options with index in [1] are selected on object 'Object Repository/Modulo Pruebas Planta de Personal/Crear_un_puesto_de_trabajo/select_-- Seleccione --Planta Dinamica                (1)Planta Fija                    (B1)'

2022-03-28 09:06:16 - [TEST_STEP][PASSED] - selectOptionByIndex(findTestObject("Modulo Pruebas Planta de Personal/Crear_un_puesto_de_trabajo/select_-- Seleccione --Ampleado                       (Z3)Empleado                       (B3)Mapa"), 2): All options with index in [2] are selected on object 'Object Repository/Modulo Pruebas Planta de Personal/Crear_un_puesto_de_trabajo/select_-- Seleccione --Ampleado                       (Z3)Empleado                       (B3)Mapa'

2022-03-28 09:06:17 - [MESSAGE][PASSED] - All options with index in [2] are selected on object 'Object Repository/Modulo Pruebas Planta de Personal/Crear_un_puesto_de_trabajo/select_-- Seleccione --Ampleado                       (Z3)Empleado                       (B3)Mapa'

2022-03-28 09:06:17 - [TEST_STEP][PASSED] - selectOptionByIndex(findTestObject("Modulo Pruebas Planta de Personal/Crear_un_puesto_de_trabajo/select_-- Seleccione --BloqueadoEliminadoOcupado y disponible"), 6): All options with index in [6] are selected on object 'Object Repository/Modulo Pruebas Planta de Personal/Crear_un_puesto_de_trabajo/select_-- Seleccione --BloqueadoEliminadoOcupado y disponible'

2022-03-28 09:06:18 - [MESSAGE][PASSED] - All options with index in [6] are selected on object 'Object Repository/Modulo Pruebas Planta de Personal/Crear_un_puesto_de_trabajo/select_-- Seleccione --BloqueadoEliminadoOcupado y disponible'

2022-03-28 09:06:18 - [TEST_STEP][PASSED] - click(findTestObject("Modulo Pruebas Planta de Personal/Crear_un_puesto_de_trabajo/label_No es responsable de la Unidad")): Object: 'Object Repository/Modulo Pruebas Planta de Personal/Crear_un_puesto_de_trabajo/label_No es responsable de la Unidad' is clicked on

2022-03-28 09:06:19 - [MESSAGE][PASSED] - Object: 'Object Repository/Modulo Pruebas Planta de Personal/Crear_un_puesto_de_trabajo/label_No es responsable de la Unidad' is clicked on

2022-03-28 09:06:19 - [TEST_STEP][PASSED] - click(findTestObject("Modulo Pruebas Planta de Personal/Crear_un_puesto_de_trabajo/label_No")): Object: 'Object Repository/Modulo Pruebas Planta de Personal/Crear_un_puesto_de_trabajo/label_No' is clicked on

2022-03-28 09:06:19 - [MESSAGE][PASSED] - Object: 'Object Repository/Modulo Pruebas Planta de Personal/Crear_un_puesto_de_trabajo/label_No' is clicked on

2022-03-28 09:06:19 - [TEST_STEP][PASSED] - click(findTestObject("Modulo Pruebas Planta de Personal/Crear_un_puesto_de_trabajo/span_Actualizar")): Object: 'Object Repository/Modulo Pruebas Planta de Personal/Crear_un_puesto_de_trabajo/span_Actualizar' is clicked on

2022-03-28 09:06:20 - [MESSAGE][PASSED] - Object: 'Object Repository/Modulo Pruebas Planta de Personal/Crear_un_puesto_de_trabajo/span_Actualizar' is clicked on

2022-03-28 09:06:20 - [TEST_STEP][PASSED] - click(findTestObject("Modulo Pruebas Planta de Personal/Crear_un_puesto_de_trabajo/a_Zona Econmica_datosPuestoTrabajo_formj_idt1061")): Object: 'Object Repository/Modulo Pruebas Planta de Personal/Crear_un_puesto_de_trabajo/a_Zona Econmica_datosPuestoTrabajo_formj_idt1061' is clicked on

2022-03-28 09:06:21 - [MESSAGE][PASSED] - Object: 'Object Repository/Modulo Pruebas Planta de Personal/Crear_un_puesto_de_trabajo/a_Zona Econmica_datosPuestoTrabajo_formj_idt1061' is clicked on

2022-03-28 09:06:21 - [TEST_STEP][PASSED] - click(findTestObject("Modulo Pruebas Planta de Personal/Crear_un_puesto_de_trabajo/span_ADMINISTRATIVA")): Object: 'Object Repository/Modulo Pruebas Planta de Personal/Crear_un_puesto_de_trabajo/span_ADMINISTRATIVA' is clicked on

2022-03-28 09:06:22 - [MESSAGE][PASSED] - Object: 'Object Repository/Modulo Pruebas Planta de Personal/Crear_un_puesto_de_trabajo/span_ADMINISTRATIVA' is clicked on

2022-03-28 09:06:22 - [TEST_STEP][PASSED] - selectOptionByIndex(findTestObject("Modulo Pruebas Planta de Personal/Crear_un_puesto_de_trabajo/select_-- Seleccione empleados_lineacosto --ADMINISTRATIVO -- 1NO RELACIONADA"), 1): All options with index in [1] are selected on object 'Object Repository/Modulo Pruebas Planta de Personal/Crear_un_puesto_de_trabajo/select_-- Seleccione empleados_lineacosto --ADMINISTRATIVO -- 1NO RELACIONADA'

2022-03-28 09:06:24 - [MESSAGE][PASSED] - All options with index in [1] are selected on object 'Object Repository/Modulo Pruebas Planta de Personal/Crear_un_puesto_de_trabajo/select_-- Seleccione empleados_lineacosto --ADMINISTRATIVO -- 1NO RELACIONADA'

2022-03-28 09:06:24 - [TEST_STEP][PASSED] - selectOptionByLabel(findTestObject("Modulo Pruebas Planta de Personal/Crear_un_puesto_de_trabajo/select_-- Seleccione Ubicacin Fsica --ABEJORRALABREGOACACIASACANDIACEVEDOACHIAGRADO"), "BOGOTÁ", false): All options with label 'BOGOTÁ' are selected in object 'Object Repository/Modulo Pruebas Planta de Personal/Crear_un_puesto_de_trabajo/select_-- Seleccione Ubicacin Fsica --ABEJORRALABREGOACACIASACANDIACEVEDOACHIAGRADO' 

2022-03-28 09:06:24 - [MESSAGE][PASSED] - All options with label 'BOGOTÁ' are selected in object 'Object Repository/Modulo Pruebas Planta de Personal/Crear_un_puesto_de_trabajo/select_-- Seleccione Ubicacin Fsica --ABEJORRALABREGOACACIASACANDIACEVEDOACHIAGRADO' 

2022-03-28 09:06:24 - [TEST_STEP][PASSED] - selectOptionByIndex(findTestObject("Modulo Pruebas Planta de Personal/Crear_un_puesto_de_trabajo/select_2120 HORAS1240 HORAS0NO DEFINIDO61Pensin"), 2): All options with index in [2] are selected on object 'Object Repository/Modulo Pruebas Planta de Personal/Crear_un_puesto_de_trabajo/select_2120 HORAS1240 HORAS0NO DEFINIDO61Pensin'

2022-03-28 09:06:26 - [MESSAGE][PASSED] - All options with index in [2] are selected on object 'Object Repository/Modulo Pruebas Planta de Personal/Crear_un_puesto_de_trabajo/select_2120 HORAS1240 HORAS0NO DEFINIDO61Pensin'

2022-03-28 09:06:26 - [TEST_STEP][PASSED] - selectOptionByIndex(findTestObject("Modulo Pruebas Planta de Personal/Crear_un_puesto_de_trabajo/select_12kataloonkataloonNOMINA CATORCENALNOMINA"), 3): All options with index in [3] are selected on object 'Object Repository/Modulo Pruebas Planta de Personal/Crear_un_puesto_de_trabajo/select_12kataloonkataloonNOMINA CATORCENALNOMINA'

2022-03-28 09:06:27 - [MESSAGE][PASSED] - All options with index in [3] are selected on object 'Object Repository/Modulo Pruebas Planta de Personal/Crear_un_puesto_de_trabajo/select_12kataloonkataloonNOMINA CATORCENALNOMINA'

2022-03-28 09:06:27 - [TEST_STEP][PASSED] - selectOptionByIndex(findTestObject("Modulo Pruebas Planta de Personal/Crear_un_puesto_de_trabajo/select_0.5APRENDIZ ETAPA LECTIVA6APRENDIZ ETAPA PRODUCTIVA"), 7): All options with index in [7] are selected on object 'Object Repository/Modulo Pruebas Planta de Personal/Crear_un_puesto_de_trabajo/select_0.5APRENDIZ ETAPA LECTIVA6APRENDIZ ETAPA PRODUCTIVA'

2022-03-28 09:06:28 - [MESSAGE][PASSED] - All options with index in [7] are selected on object 'Object Repository/Modulo Pruebas Planta de Personal/Crear_un_puesto_de_trabajo/select_0.5APRENDIZ ETAPA LECTIVA6APRENDIZ ETAPA PRODUCTIVA'

2022-03-28 09:06:28 - [TEST_STEP][PASSED] - selectOptionByIndex(findTestObject("Modulo Pruebas Planta de Personal/Crear_un_puesto_de_trabajo/select_ADMINISTRATIVOSAPRENDICESEMPLEADOFBROLESTSMECANICOS"), 1): All options with index in [1] are selected on object 'Object Repository/Modulo Pruebas Planta de Personal/Crear_un_puesto_de_trabajo/select_ADMINISTRATIVOSAPRENDICESEMPLEADOFBROLESTSMECANICOS'

2022-03-28 09:06:29 - [MESSAGE][PASSED] - All options with index in [1] are selected on object 'Object Repository/Modulo Pruebas Planta de Personal/Crear_un_puesto_de_trabajo/select_ADMINISTRATIVOSAPRENDICESEMPLEADOFBROLESTSMECANICOS'

2022-03-28 09:06:29 - [TEST_STEP][PASSED] - setText(findTestObject("Modulo Pruebas Planta de Personal/Crear_un_puesto_de_trabajo/input_Mesada_datosPuestoTrabajo_formsueldo"), "150000"): Text '150000' is set on object 'Object Repository/Modulo Pruebas Planta de Personal/Crear_un_puesto_de_trabajo/input_Mesada_datosPuestoTrabajo_formsueldo'

2022-03-28 09:06:30 - [MESSAGE][PASSED] - Text '150000' is set on object 'Object Repository/Modulo Pruebas Planta de Personal/Crear_un_puesto_de_trabajo/input_Mesada_datosPuestoTrabajo_formsueldo'

2022-03-28 09:06:30 - [TEST_STEP][PASSED] - click(findTestObject("Modulo Pruebas Planta de Personal/Crear_un_puesto_de_trabajo/span_Actualizar")): Object: 'Object Repository/Modulo Pruebas Planta de Personal/Crear_un_puesto_de_trabajo/span_Actualizar' is clicked on

2022-03-28 09:06:31 - [MESSAGE][PASSED] - Object: 'Object Repository/Modulo Pruebas Planta de Personal/Crear_un_puesto_de_trabajo/span_Actualizar' is clicked on]]></system-out>
         <system-err><![CDATA[]]></system-err>
      </testcase>
      <testcase name="Test Cases/1.2-Tareas_Secundarias/A.2-Pruebas_planta_personal/12.1.4-Ajuste_relación_(Encargos)" time="13.39" classname="Test Cases/1.2-Tareas_Secundarias/A.2-Pruebas_planta_personal/12.1.4-Ajuste_relación_(Encargos)" status="PASSED">
         <system-out><![CDATA[2022-03-28 09:06:31 - [TEST_CASE][PASSED] - Test Cases/1.2-Tareas_Secundarias/A.2-Pruebas_planta_personal/12.1.4-Ajuste_relación_(Encargos): Test Cases/1.2-Tareas_Secundarias/A.2-Pruebas_planta_personal/12.1.4-Ajuste_relación_(Encargos)

2022-03-28 09:06:31 - [TEST_STEP][PASSED] - callTestCase(findTestCase("0.1-Login"), [:], STOP_ON_FAILURE): Call Test Case 'Test Cases/0.1-Login' successfully

2022-03-28 09:06:31 - [TEST_CASE][PASSED] - Test Cases/0.1-Login: Test Cases/0.1-Login

2022-03-28 09:06:31 - [TEST_STEP][PASSED] - openBrowser(""): Browser is opened with url: ''

2022-03-28 09:06:31 - [MESSAGE][WARNING] - A browser is already opened. Closing browser and opening a new one

2022-03-28 09:06:32 - [MESSAGE][INFO] - Starting 'Chrome' driver

2022-03-28 09:06:32 - [MESSAGE][INFO] - Action delay is set to 50 milliseconds

2022-03-28 09:06:34 - [MESSAGE][PASSED] - Browser is opened with url: ''

2022-03-28 09:06:34 - [TEST_STEP][PASSED] - maximizeWindow(): Current window maximized

2022-03-28 09:06:34 - [MESSAGE][PASSED] - Current window maximized

2022-03-28 09:06:34 - [TEST_STEP][PASSED] - i = G_Login: null

2022-03-28 09:06:34 - [TEST_STEP][PASSED] - url = new java.net.URL(i): null

2022-03-28 09:06:34 - [TEST_STEP][PASSED] - println("URL: " + url.toString()): null

2022-03-28 09:06:34 - [TEST_STEP][PASSED] - connection = url.openConnection(): null

2022-03-28 09:06:34 - [TEST_STEP][PASSED] - connection.setRequestMethod("GET"): null

2022-03-28 09:06:34 - [TEST_STEP][PASSED] - connection.setReadTimeout(2 * 1000): null

2022-03-28 09:06:34 - [TEST_STEP][PASSED] - try: null

2022-03-28 09:06:34 - [TEST_STEP][PASSED] - connection.connect(): null

2022-03-28 09:06:34 - [TEST_STEP][PASSED] - flag = connected: null

2022-03-28 09:06:34 - [TEST_STEP][PASSED] - println("Valor_ori: " + flag): null

2022-03-28 09:06:34 - [TEST_STEP][PASSED] - if (flag): null

2022-03-28 09:06:34 - [TEST_STEP][PASSED] - navigateToUrl(i): Navigate to 'http://192.168.2.19:8380/saraweb' successfully

2022-03-28 09:06:34 - [MESSAGE][PASSED] - Navigate to 'http://192.168.2.19:8380/saraweb' successfully

2022-03-28 09:06:34 - [TEST_STEP][PASSED] - a(): null

2022-03-28 09:06:34 - [TEST_STEP][PASSED] - setText(findTestObject("Login/input_USUARIO_loginusuario"), G_Usuario): Text 'saraadmin' is set on object 'Object Repository/Login/input_USUARIO_loginusuario'

2022-03-28 09:06:35 - [MESSAGE][PASSED] - Text 'saraadmin' is set on object 'Object Repository/Login/input_USUARIO_loginusuario'

2022-03-28 09:06:35 - [TEST_STEP][PASSED] - setEncryptedText(findTestObject("Login/input_CLAVE_loginpassword"), "MkG4/TYiCFC3cb2driP7+Q=="): Text ****** has been set on object 'Object Repository/Login/input_CLAVE_loginpassword'

2022-03-28 09:06:36 - [MESSAGE][PASSED] - Text ****** has been set on object 'Object Repository/Login/input_CLAVE_loginpassword'

2022-03-28 09:06:36 - [TEST_STEP][PASSED] - waitForElementClickable(findTestObject("Login/a_Ingresar"), G_TimeOut): Object 'Object Repository/Login/a_Ingresar' is clickable

2022-03-28 09:06:36 - [MESSAGE][PASSED] - Object 'Object Repository/Login/a_Ingresar' is clickable

2022-03-28 09:06:36 - [TEST_STEP][PASSED] - click(findTestObject("Login/a_Ingresar")): Object: 'Object Repository/Login/a_Ingresar' is clicked on

2022-03-28 09:06:37 - [MESSAGE][PASSED] - Object: 'Object Repository/Login/a_Ingresar' is clicked on

2022-03-28 09:06:37 - [TEST_STEP][PASSED] - element = findWebElement(findTestObject("Login/a_Ir"), 30): null

2022-03-28 09:06:38 - [TEST_STEP][PASSED] - executeJavaScript("arguments[0].click()", Arrays.asList(element)): Execute JavaScript 'arguments[0].click()' successfully

2022-03-28 09:06:38 - [MESSAGE][PASSED] - Execute JavaScript 'arguments[0].click()' successfully

2022-03-28 09:06:38 - [MESSAGE][PASSED] - Call Test Case 'Test Cases/0.1-Login' successfully

2022-03-28 09:06:38 - [TEST_STEP][PASSED] - setText(findTestObject("input_Empresa 1_form_templatej_idt24_input"), "Planta Personal (tal)"): Text 'Planta Personal (tal)' is set on object 'Object Repository/input_Empresa 1_form_templatej_idt24_input'

2022-03-28 09:06:39 - [MESSAGE][PASSED] - Text 'Planta Personal (tal)' is set on object 'Object Repository/input_Empresa 1_form_templatej_idt24_input'

2022-03-28 09:06:39 - [TEST_STEP][PASSED] - click(findTestObject("Modulo Pruebas Planta de Personal/Ajuste_relación_(Encargos)/span_Planta Personal (ta")): Object: 'Object Repository/Modulo Pruebas Planta de Personal/Ajuste_relación_(Encargos)/span_Planta Personal (ta' is clicked on

2022-03-28 09:06:41 - [MESSAGE][PASSED] - Object: 'Object Repository/Modulo Pruebas Planta de Personal/Ajuste_relación_(Encargos)/span_Planta Personal (ta' is clicked on

2022-03-28 09:06:41 - [TEST_STEP][PASSED] - click(findTestObject("Modulo Pruebas Planta de Personal/Ajuste_relación_(Encargos)/a_Actos Administrativos_organigramaajusterelacion")): Object: 'Object Repository/Modulo Pruebas Planta de Personal/Ajuste_relación_(Encargos)/a_Actos Administrativos_organigramaajusterelacion' is clicked on

2022-03-28 09:06:42 - [MESSAGE][PASSED] - Object: 'Object Repository/Modulo Pruebas Planta de Personal/Ajuste_relación_(Encargos)/a_Actos Administrativos_organigramaajusterelacion' is clicked on

2022-03-28 09:06:42 - [TEST_STEP][PASSED] - click(findTestObject("Modulo Pruebas Planta de Personal/Ajuste_relación_(Encargos)/a_Ajuste Relacion")): Object: 'Object Repository/Modulo Pruebas Planta de Personal/Ajuste_relación_(Encargos)/a_Ajuste Relacion' is clicked on

2022-03-28 09:06:43 - [MESSAGE][PASSED] - Object: 'Object Repository/Modulo Pruebas Planta de Personal/Ajuste_relación_(Encargos)/a_Ajuste Relacion' is clicked on

2022-03-28 09:06:43 - [TEST_STEP][PASSED] - click(findTestObject("Modulo Pruebas Planta de Personal/Ajuste_relación_(Encargos)/a_Aceptar")): Object: 'Object Repository/Modulo Pruebas Planta de Personal/Ajuste_relación_(Encargos)/a_Aceptar' is clicked on

2022-03-28 09:06:43 - [MESSAGE][PASSED] - Object: 'Object Repository/Modulo Pruebas Planta de Personal/Ajuste_relación_(Encargos)/a_Aceptar' is clicked on

2022-03-28 09:06:43 - [TEST_STEP][PASSED] - closeBrowser(): Browser is closed

2022-03-28 09:06:44 - [MESSAGE][PASSED] - Browser is closed]]></system-out>
         <system-err><![CDATA[]]></system-err>
      </testcase>
      <testcase name="Test Cases/1.2-Tareas_Secundarias/A.2-Pruebas_planta_personal/12.1.5-Buscar_Empleado" time="23.342" classname="Test Cases/1.2-Tareas_Secundarias/A.2-Pruebas_planta_personal/12.1.5-Buscar_Empleado" status="PASSED">
         <system-out><![CDATA[2022-03-28 09:06:44 - [TEST_CASE][PASSED] - Test Cases/1.2-Tareas_Secundarias/A.2-Pruebas_planta_personal/12.1.5-Buscar_Empleado: Test Cases/1.2-Tareas_Secundarias/A.2-Pruebas_planta_personal/12.1.5-Buscar_Empleado

2022-03-28 09:06:45 - [TEST_STEP][PASSED] - callTestCase(findTestCase("0.1-Login"), [:], STOP_ON_FAILURE): Call Test Case 'Test Cases/0.1-Login' successfully

2022-03-28 09:06:45 - [TEST_CASE][PASSED] - Test Cases/0.1-Login: Test Cases/0.1-Login

2022-03-28 09:06:45 - [TEST_STEP][PASSED] - openBrowser(""): Browser is opened with url: ''

2022-03-28 09:06:45 - [MESSAGE][INFO] - Starting 'Chrome' driver

2022-03-28 09:06:45 - [MESSAGE][INFO] - Action delay is set to 50 milliseconds

2022-03-28 09:06:46 - [MESSAGE][PASSED] - Browser is opened with url: ''

2022-03-28 09:06:46 - [TEST_STEP][PASSED] - maximizeWindow(): Current window maximized

2022-03-28 09:06:46 - [MESSAGE][PASSED] - Current window maximized

2022-03-28 09:06:46 - [TEST_STEP][PASSED] - i = G_Login: null

2022-03-28 09:06:46 - [TEST_STEP][PASSED] - url = new java.net.URL(i): null

2022-03-28 09:06:46 - [TEST_STEP][PASSED] - println("URL: " + url.toString()): null

2022-03-28 09:06:46 - [TEST_STEP][PASSED] - connection = url.openConnection(): null

2022-03-28 09:06:46 - [TEST_STEP][PASSED] - connection.setRequestMethod("GET"): null

2022-03-28 09:06:46 - [TEST_STEP][PASSED] - connection.setReadTimeout(2 * 1000): null

2022-03-28 09:06:46 - [TEST_STEP][PASSED] - try: null

2022-03-28 09:06:46 - [TEST_STEP][PASSED] - connection.connect(): null

2022-03-28 09:06:46 - [TEST_STEP][PASSED] - flag = connected: null

2022-03-28 09:06:46 - [TEST_STEP][PASSED] - println("Valor_ori: " + flag): null

2022-03-28 09:06:46 - [TEST_STEP][PASSED] - if (flag): null

2022-03-28 09:06:46 - [TEST_STEP][PASSED] - navigateToUrl(i): Navigate to 'http://192.168.2.19:8380/saraweb' successfully

2022-03-28 09:06:47 - [MESSAGE][PASSED] - Navigate to 'http://192.168.2.19:8380/saraweb' successfully

2022-03-28 09:06:47 - [TEST_STEP][PASSED] - a(): null

2022-03-28 09:06:47 - [TEST_STEP][PASSED] - setText(findTestObject("Login/input_USUARIO_loginusuario"), G_Usuario): Text 'saraadmin' is set on object 'Object Repository/Login/input_USUARIO_loginusuario'

2022-03-28 09:06:48 - [MESSAGE][PASSED] - Text 'saraadmin' is set on object 'Object Repository/Login/input_USUARIO_loginusuario'

2022-03-28 09:06:48 - [TEST_STEP][PASSED] - setEncryptedText(findTestObject("Login/input_CLAVE_loginpassword"), "MkG4/TYiCFC3cb2driP7+Q=="): Text ****** has been set on object 'Object Repository/Login/input_CLAVE_loginpassword'

2022-03-28 09:06:48 - [MESSAGE][PASSED] - Text ****** has been set on object 'Object Repository/Login/input_CLAVE_loginpassword'

2022-03-28 09:06:48 - [TEST_STEP][PASSED] - waitForElementClickable(findTestObject("Login/a_Ingresar"), G_TimeOut): Object 'Object Repository/Login/a_Ingresar' is clickable

2022-03-28 09:06:48 - [MESSAGE][PASSED] - Object 'Object Repository/Login/a_Ingresar' is clickable

2022-03-28 09:06:48 - [TEST_STEP][PASSED] - click(findTestObject("Login/a_Ingresar")): Object: 'Object Repository/Login/a_Ingresar' is clicked on

2022-03-28 09:06:49 - [MESSAGE][PASSED] - Object: 'Object Repository/Login/a_Ingresar' is clicked on

2022-03-28 09:06:49 - [TEST_STEP][PASSED] - element = findWebElement(findTestObject("Login/a_Ir"), 30): null

2022-03-28 09:06:50 - [TEST_STEP][PASSED] - executeJavaScript("arguments[0].click()", Arrays.asList(element)): Execute JavaScript 'arguments[0].click()' successfully

2022-03-28 09:06:50 - [MESSAGE][PASSED] - Execute JavaScript 'arguments[0].click()' successfully

2022-03-28 09:06:50 - [MESSAGE][PASSED] - Call Test Case 'Test Cases/0.1-Login' successfully

2022-03-28 09:06:50 - [TEST_STEP][PASSED] - setText(findTestObject("Modulo Pruebas Planta de Personal/Buscar_Empleado/input_Empresa 1_form_templatej_idt24_input"), "planta personal (tal)"): Text 'planta personal (tal)' is set on object 'Object Repository/Modulo Pruebas Planta de Personal/Buscar_Empleado/input_Empresa 1_form_templatej_idt24_input'

2022-03-28 09:06:51 - [MESSAGE][PASSED] - Text 'planta personal (tal)' is set on object 'Object Repository/Modulo Pruebas Planta de Personal/Buscar_Empleado/input_Empresa 1_form_templatej_idt24_input'

2022-03-28 09:06:51 - [TEST_STEP][PASSED] - click(findTestObject("Modulo Pruebas Planta de Personal/Buscar_Empleado/span_Planta Personal (ta")): Object: 'Object Repository/Modulo Pruebas Planta de Personal/Buscar_Empleado/span_Planta Personal (ta' is clicked on

2022-03-28 09:06:53 - [MESSAGE][PASSED] - Object: 'Object Repository/Modulo Pruebas Planta de Personal/Buscar_Empleado/span_Planta Personal (ta' is clicked on

2022-03-28 09:06:53 - [TEST_STEP][PASSED] - click(findTestObject("Modulo Pruebas Planta de Personal/Buscar_Empleado/a_Actos Administrativos_organigramabuscar")): Object: 'Object Repository/Modulo Pruebas Planta de Personal/Buscar_Empleado/a_Actos Administrativos_organigramabuscar' is clicked on

2022-03-28 09:06:55 - [MESSAGE][PASSED] - Object: 'Object Repository/Modulo Pruebas Planta de Personal/Buscar_Empleado/a_Actos Administrativos_organigramabuscar' is clicked on

2022-03-28 09:06:55 - [TEST_STEP][PASSED] - selectOptionByIndex(findTestObject("Modulo Pruebas Planta de Personal/Buscar_Empleado/select_--Seleccione--EmpleadoPuesto"), 1): All options with index in [1] are selected on object 'Object Repository/Modulo Pruebas Planta de Personal/Buscar_Empleado/select_--Seleccione--EmpleadoPuesto'

2022-03-28 09:06:56 - [MESSAGE][PASSED] - All options with index in [1] are selected on object 'Object Repository/Modulo Pruebas Planta de Personal/Buscar_Empleado/select_--Seleccione--EmpleadoPuesto'

2022-03-28 09:06:56 - [TEST_STEP][PASSED] - click(findTestObject("Modulo Pruebas Planta de Personal/Buscar_Empleado/a_Identificacin_popupBusquedaPlantaj_idt286")): Object: 'Object Repository/Modulo Pruebas Planta de Personal/Buscar_Empleado/a_Identificacin_popupBusquedaPlantaj_idt286' is clicked on

2022-03-28 09:06:57 - [MESSAGE][PASSED] - Object: 'Object Repository/Modulo Pruebas Planta de Personal/Buscar_Empleado/a_Identificacin_popupBusquedaPlantaj_idt286' is clicked on

2022-03-28 09:06:57 - [TEST_STEP][PASSED] - setText(findTestObject("Modulo Pruebas Planta de Personal/Buscar_Empleado/input_Filtro Hoja de Vida_formPopupHojaVidaj_idt1339"), "mendoza cabra empleado"): Text 'mendoza cabra empleado' is set on object 'Object Repository/Modulo Pruebas Planta de Personal/Buscar_Empleado/input_Filtro Hoja de Vida_formPopupHojaVidaj_idt1339'

2022-03-28 09:06:58 - [MESSAGE][PASSED] - Text 'mendoza cabra empleado' is set on object 'Object Repository/Modulo Pruebas Planta de Personal/Buscar_Empleado/input_Filtro Hoja de Vida_formPopupHojaVidaj_idt1339'

2022-03-28 09:06:58 - [TEST_STEP][PASSED] - sendKeys(findTestObject("Modulo Pruebas Planta de Personal/Buscar_Empleado/input_Filtro Hoja de Vida_formPopupHojaVidaj_idt1339"), Keys.chord(ENTER)): Keys 'ENTER + ' sent to object: 'Object Repository/Modulo Pruebas Planta de Personal/Buscar_Empleado/input_Filtro Hoja de Vida_formPopupHojaVidaj_idt1339'

2022-03-28 09:06:58 - [MESSAGE][PASSED] - Keys 'ENTER + ' sent to object: 'Object Repository/Modulo Pruebas Planta de Personal/Buscar_Empleado/input_Filtro Hoja de Vida_formPopupHojaVidaj_idt1339'

2022-03-28 09:06:58 - [TEST_STEP][PASSED] - click(findTestObject("Modulo Pruebas Planta de Personal/Buscar_Empleado/span_Mendoza Cabra Empleado")): Object: 'Object Repository/Modulo Pruebas Planta de Personal/Buscar_Empleado/span_Mendoza Cabra Empleado' is clicked on

2022-03-28 09:06:59 - [MESSAGE][PASSED] - Object: 'Object Repository/Modulo Pruebas Planta de Personal/Buscar_Empleado/span_Mendoza Cabra Empleado' is clicked on

2022-03-28 09:06:59 - [TEST_STEP][PASSED] - click(findTestObject("Modulo Pruebas Planta de Personal/Buscar_Empleado/span_65       - Asistente")): Object: 'Object Repository/Modulo Pruebas Planta de Personal/Buscar_Empleado/span_65       - Asistente' is clicked on

2022-03-28 09:07:02 - [MESSAGE][PASSED] - Object: 'Object Repository/Modulo Pruebas Planta de Personal/Buscar_Empleado/span_65       - Asistente' is clicked on

2022-03-28 09:07:02 - [TEST_STEP][PASSED] - scrollToElement(findTestObject("Modulo Pruebas Planta de Personal/Buscar_Empleado/a_1"), 0): Scroll to object 'Object Repository/Modulo Pruebas Planta de Personal/Buscar_Empleado/a_1' successfully

2022-03-28 09:07:02 - [MESSAGE][WARNING] - Timeout '0' is invalid. Using default page load timeout: '45'

2022-03-28 09:07:07 - [MESSAGE][PASSED] - Scroll to object 'Object Repository/Modulo Pruebas Planta de Personal/Buscar_Empleado/a_1' successfully

2022-03-28 09:07:07 - [TEST_STEP][PASSED] - closeBrowser(): Browser is closed

2022-03-28 09:07:08 - [MESSAGE][PASSED] - Browser is closed]]></system-out>
         <system-err><![CDATA[]]></system-err>
      </testcase>
      <testcase name="Test Cases/1.2-Tareas_Secundarias/A.2-Pruebas_planta_personal/12.1.6-Buscar_puesto_de_trabajo" time="22.218" classname="Test Cases/1.2-Tareas_Secundarias/A.2-Pruebas_planta_personal/12.1.6-Buscar_puesto_de_trabajo" status="PASSED">
         <system-out><![CDATA[2022-03-28 09:07:08 - [TEST_CASE][PASSED] - Test Cases/1.2-Tareas_Secundarias/A.2-Pruebas_planta_personal/12.1.6-Buscar_puesto_de_trabajo: Test Cases/1.2-Tareas_Secundarias/A.2-Pruebas_planta_personal/12.1.6-Buscar_puesto_de_trabajo

2022-03-28 09:07:08 - [TEST_STEP][PASSED] - callTestCase(findTestCase("0.1-Login"), [:], STOP_ON_FAILURE): Call Test Case 'Test Cases/0.1-Login' successfully

2022-03-28 09:07:08 - [TEST_CASE][PASSED] - Test Cases/0.1-Login: Test Cases/0.1-Login

2022-03-28 09:07:08 - [TEST_STEP][PASSED] - openBrowser(""): Browser is opened with url: ''

2022-03-28 09:07:08 - [MESSAGE][INFO] - Starting 'Chrome' driver

2022-03-28 09:07:08 - [MESSAGE][INFO] - Action delay is set to 50 milliseconds

2022-03-28 09:07:09 - [MESSAGE][PASSED] - Browser is opened with url: ''

2022-03-28 09:07:09 - [TEST_STEP][PASSED] - maximizeWindow(): Current window maximized

2022-03-28 09:07:10 - [MESSAGE][PASSED] - Current window maximized

2022-03-28 09:07:10 - [TEST_STEP][PASSED] - i = G_Login: null

2022-03-28 09:07:10 - [TEST_STEP][PASSED] - url = new java.net.URL(i): null

2022-03-28 09:07:10 - [TEST_STEP][PASSED] - println("URL: " + url.toString()): null

2022-03-28 09:07:10 - [TEST_STEP][PASSED] - connection = url.openConnection(): null

2022-03-28 09:07:10 - [TEST_STEP][PASSED] - connection.setRequestMethod("GET"): null

2022-03-28 09:07:10 - [TEST_STEP][PASSED] - connection.setReadTimeout(2 * 1000): null

2022-03-28 09:07:10 - [TEST_STEP][PASSED] - try: null

2022-03-28 09:07:10 - [TEST_STEP][PASSED] - connection.connect(): null

2022-03-28 09:07:10 - [TEST_STEP][PASSED] - flag = connected: null

2022-03-28 09:07:10 - [TEST_STEP][PASSED] - println("Valor_ori: " + flag): null

2022-03-28 09:07:10 - [TEST_STEP][PASSED] - if (flag): null

2022-03-28 09:07:10 - [TEST_STEP][PASSED] - navigateToUrl(i): Navigate to 'http://192.168.2.19:8380/saraweb' successfully

2022-03-28 09:07:10 - [MESSAGE][PASSED] - Navigate to 'http://192.168.2.19:8380/saraweb' successfully

2022-03-28 09:07:10 - [TEST_STEP][PASSED] - a(): null

2022-03-28 09:07:10 - [TEST_STEP][PASSED] - setText(findTestObject("Login/input_USUARIO_loginusuario"), G_Usuario): Text 'saraadmin' is set on object 'Object Repository/Login/input_USUARIO_loginusuario'

2022-03-28 09:07:11 - [MESSAGE][PASSED] - Text 'saraadmin' is set on object 'Object Repository/Login/input_USUARIO_loginusuario'

2022-03-28 09:07:11 - [TEST_STEP][PASSED] - setEncryptedText(findTestObject("Login/input_CLAVE_loginpassword"), "MkG4/TYiCFC3cb2driP7+Q=="): Text ****** has been set on object 'Object Repository/Login/input_CLAVE_loginpassword'

2022-03-28 09:07:12 - [MESSAGE][PASSED] - Text ****** has been set on object 'Object Repository/Login/input_CLAVE_loginpassword'

2022-03-28 09:07:12 - [TEST_STEP][PASSED] - waitForElementClickable(findTestObject("Login/a_Ingresar"), G_TimeOut): Object 'Object Repository/Login/a_Ingresar' is clickable

2022-03-28 09:07:12 - [MESSAGE][PASSED] - Object 'Object Repository/Login/a_Ingresar' is clickable

2022-03-28 09:07:12 - [TEST_STEP][PASSED] - click(findTestObject("Login/a_Ingresar")): Object: 'Object Repository/Login/a_Ingresar' is clicked on

2022-03-28 09:07:14 - [MESSAGE][PASSED] - Object: 'Object Repository/Login/a_Ingresar' is clicked on

2022-03-28 09:07:14 - [TEST_STEP][PASSED] - element = findWebElement(findTestObject("Login/a_Ir"), 30): null

2022-03-28 09:07:14 - [TEST_STEP][PASSED] - executeJavaScript("arguments[0].click()", Arrays.asList(element)): Execute JavaScript 'arguments[0].click()' successfully

2022-03-28 09:07:14 - [MESSAGE][PASSED] - Execute JavaScript 'arguments[0].click()' successfully

2022-03-28 09:07:14 - [MESSAGE][PASSED] - Call Test Case 'Test Cases/0.1-Login' successfully

2022-03-28 09:07:14 - [TEST_STEP][PASSED] - setText(findTestObject("input_Empresa 1_form_templatej_idt24_input"), "planta personal (tal)"): Text 'planta personal (tal)' is set on object 'Object Repository/input_Empresa 1_form_templatej_idt24_input'

2022-03-28 09:07:16 - [MESSAGE][PASSED] - Text 'planta personal (tal)' is set on object 'Object Repository/input_Empresa 1_form_templatej_idt24_input'

2022-03-28 09:07:16 - [TEST_STEP][PASSED] - click(findTestObject("Modulo Pruebas Planta de Personal/Buscar_puesto_de_trabajo/span_Planta Personal (ta")): Object: 'Object Repository/Modulo Pruebas Planta de Personal/Buscar_puesto_de_trabajo/span_Planta Personal (ta' is clicked on

2022-03-28 09:07:17 - [MESSAGE][PASSED] - Object: 'Object Repository/Modulo Pruebas Planta de Personal/Buscar_puesto_de_trabajo/span_Planta Personal (ta' is clicked on

2022-03-28 09:07:17 - [TEST_STEP][PASSED] - click(findTestObject("Modulo Pruebas Planta de Personal/Buscar_puesto_de_trabajo/a_Actos Administrativos_organigramabuscar")): Object: 'Object Repository/Modulo Pruebas Planta de Personal/Buscar_puesto_de_trabajo/a_Actos Administrativos_organigramabuscar' is clicked on

2022-03-28 09:07:18 - [MESSAGE][PASSED] - Object: 'Object Repository/Modulo Pruebas Planta de Personal/Buscar_puesto_de_trabajo/a_Actos Administrativos_organigramabuscar' is clicked on

2022-03-28 09:07:18 - [TEST_STEP][PASSED] - selectOptionByIndex(findTestObject("Modulo Pruebas Planta de Personal/Buscar_puesto_de_trabajo/select_--Seleccione--EmpleadoPuesto"), 2): All options with index in [2] are selected on object 'Object Repository/Modulo Pruebas Planta de Personal/Buscar_puesto_de_trabajo/select_--Seleccione--EmpleadoPuesto'

2022-03-28 09:07:20 - [MESSAGE][PASSED] - All options with index in [2] are selected on object 'Object Repository/Modulo Pruebas Planta de Personal/Buscar_puesto_de_trabajo/select_--Seleccione--EmpleadoPuesto'

2022-03-28 09:07:20 - [TEST_STEP][PASSED] - click(findTestObject("Modulo Pruebas Planta de Personal/Buscar_puesto_de_trabajo/a_Cargo_popupBusquedaPlantaj_idt279")): Object: 'Object Repository/Modulo Pruebas Planta de Personal/Buscar_puesto_de_trabajo/a_Cargo_popupBusquedaPlantaj_idt279' is clicked on

2022-03-28 09:07:21 - [MESSAGE][PASSED] - Object: 'Object Repository/Modulo Pruebas Planta de Personal/Buscar_puesto_de_trabajo/a_Cargo_popupBusquedaPlantaj_idt279' is clicked on

2022-03-28 09:07:21 - [TEST_STEP][PASSED] - click(findTestObject("Modulo Pruebas Planta de Personal/Buscar_puesto_de_trabajo/a_Unidad Organizacional_popupBusquedaPlantaj_idt274")): Object: 'Object Repository/Modulo Pruebas Planta de Personal/Buscar_puesto_de_trabajo/a_Unidad Organizacional_popupBusquedaPlantaj_idt274' is clicked on

2022-03-28 09:07:22 - [MESSAGE][PASSED] - Object: 'Object Repository/Modulo Pruebas Planta de Personal/Buscar_puesto_de_trabajo/a_Unidad Organizacional_popupBusquedaPlantaj_idt274' is clicked on

2022-03-28 09:07:22 - [TEST_STEP][PASSED] - setText(findTestObject("Modulo Pruebas Planta de Personal/Buscar_puesto_de_trabajo/input_Unidad_form_popupUnidadUsuarioj_idt880"), "administracion"): Text 'administracion' is set on object 'Object Repository/Modulo Pruebas Planta de Personal/Buscar_puesto_de_trabajo/input_Unidad_form_popupUnidadUsuarioj_idt880'

2022-03-28 09:07:23 - [MESSAGE][PASSED] - Text 'administracion' is set on object 'Object Repository/Modulo Pruebas Planta de Personal/Buscar_puesto_de_trabajo/input_Unidad_form_popupUnidadUsuarioj_idt880'

2022-03-28 09:07:23 - [TEST_STEP][PASSED] - sendKeys(findTestObject("Modulo Pruebas Planta de Personal/Buscar_puesto_de_trabajo/input_Unidad_form_popupUnidadUsuarioj_idt880"), Keys.chord(ENTER)): Keys 'ENTER + ' sent to object: 'Object Repository/Modulo Pruebas Planta de Personal/Buscar_puesto_de_trabajo/input_Unidad_form_popupUnidadUsuarioj_idt880'

2022-03-28 09:07:24 - [MESSAGE][PASSED] - Keys 'ENTER + ' sent to object: 'Object Repository/Modulo Pruebas Planta de Personal/Buscar_puesto_de_trabajo/input_Unidad_form_popupUnidadUsuarioj_idt880'

2022-03-28 09:07:24 - [TEST_STEP][PASSED] - click(findTestObject("Modulo Pruebas Planta de Personal/Buscar_puesto_de_trabajo/span_ADMINISTRACION")): Object: 'Object Repository/Modulo Pruebas Planta de Personal/Buscar_puesto_de_trabajo/span_ADMINISTRACION' is clicked on

2022-03-28 09:07:25 - [MESSAGE][PASSED] - Object: 'Object Repository/Modulo Pruebas Planta de Personal/Buscar_puesto_de_trabajo/span_ADMINISTRACION' is clicked on

2022-03-28 09:07:25 - [TEST_STEP][PASSED] - click(findTestObject("Modulo Pruebas Planta de Personal/Buscar_puesto_de_trabajo/a_Cargo_popupBusquedaPlantaj_idt2790")): Object: 'Object Repository/Modulo Pruebas Planta de Personal/Buscar_puesto_de_trabajo/a_Cargo_popupBusquedaPlantaj_idt2790' is clicked on

2022-03-28 09:07:26 - [MESSAGE][PASSED] - Object: 'Object Repository/Modulo Pruebas Planta de Personal/Buscar_puesto_de_trabajo/a_Cargo_popupBusquedaPlantaj_idt2790' is clicked on

2022-03-28 09:07:26 - [TEST_STEP][PASSED] - click(findTestObject("Modulo Pruebas Planta de Personal/Buscar_puesto_de_trabajo/span_ABOGADO")): Object: 'Object Repository/Modulo Pruebas Planta de Personal/Buscar_puesto_de_trabajo/span_ABOGADO' is clicked on

2022-03-28 09:07:27 - [MESSAGE][PASSED] - Object: 'Object Repository/Modulo Pruebas Planta de Personal/Buscar_puesto_de_trabajo/span_ABOGADO' is clicked on

2022-03-28 09:07:27 - [TEST_STEP][PASSED] - click(findTestObject("Modulo Pruebas Planta de Personal/Buscar_puesto_de_trabajo/span_20139    - Abogado")): Object: 'Object Repository/Modulo Pruebas Planta de Personal/Buscar_puesto_de_trabajo/span_20139    - Abogado' is clicked on

2022-03-28 09:07:29 - [MESSAGE][PASSED] - Object: 'Object Repository/Modulo Pruebas Planta de Personal/Buscar_puesto_de_trabajo/span_20139    - Abogado' is clicked on

2022-03-28 09:07:29 - [TEST_STEP][PASSED] - scrollToElement(findTestObject("Modulo Pruebas Planta de Personal/Buscar_puesto_de_trabajo/span_10308"), 0): Scroll to object 'Object Repository/Modulo Pruebas Planta de Personal/Buscar_puesto_de_trabajo/span_10308' successfully

2022-03-28 09:07:29 - [MESSAGE][WARNING] - Timeout '0' is invalid. Using default page load timeout: '45'

2022-03-28 09:07:30 - [MESSAGE][PASSED] - Scroll to object 'Object Repository/Modulo Pruebas Planta de Personal/Buscar_puesto_de_trabajo/span_10308' successfully]]></system-out>
         <system-err><![CDATA[]]></system-err>
      </testcase>
      <testcase name="Test Cases/1.2-Tareas_Secundarias/A.2-Pruebas_planta_personal/12.1.7-Consultar_posición__nómina" time="29.815" classname="Test Cases/1.2-Tareas_Secundarias/A.2-Pruebas_planta_personal/12.1.7-Consultar_posición__nómina" status="PASSED">
         <system-out><![CDATA[2022-03-28 09:07:30 - [TEST_CASE][PASSED] - Test Cases/1.2-Tareas_Secundarias/A.2-Pruebas_planta_personal/12.1.7-Consultar_posición__nómina: Test Cases/1.2-Tareas_Secundarias/A.2-Pruebas_planta_personal/12.1.7-Consultar_posición__nómina

2022-03-28 09:07:30 - [TEST_STEP][PASSED] - callTestCase(findTestCase("1.2-Tareas_Secundarias/A.2-Pruebas_planta_personal/12.1.6-Buscar_puesto_de_trabajo"), [:], STOP_ON_FAILURE): Call Test Case 'Test Cases/1.2-Tareas_Secundarias/A.2-Pruebas_planta_personal/12.1.6-Buscar_puesto_de_trabajo' successfully

2022-03-28 09:07:30 - [TEST_CASE][PASSED] - Test Cases/1.2-Tareas_Secundarias/A.2-Pruebas_planta_personal/12.1.6-Buscar_puesto_de_trabajo: Test Cases/1.2-Tareas_Secundarias/A.2-Pruebas_planta_personal/12.1.6-Buscar_puesto_de_trabajo

2022-03-28 09:07:30 - [TEST_STEP][PASSED] - callTestCase(findTestCase("0.1-Login"), [:], STOP_ON_FAILURE): Call Test Case 'Test Cases/0.1-Login' successfully

2022-03-28 09:07:31 - [TEST_CASE][PASSED] - Test Cases/0.1-Login: Test Cases/0.1-Login

2022-03-28 09:07:31 - [TEST_STEP][PASSED] - openBrowser(""): Browser is opened with url: ''

2022-03-28 09:07:31 - [MESSAGE][WARNING] - A browser is already opened. Closing browser and opening a new one

2022-03-28 09:07:32 - [MESSAGE][INFO] - Starting 'Chrome' driver

2022-03-28 09:07:32 - [MESSAGE][INFO] - Action delay is set to 50 milliseconds

2022-03-28 09:07:34 - [MESSAGE][PASSED] - Browser is opened with url: ''

2022-03-28 09:07:34 - [TEST_STEP][PASSED] - maximizeWindow(): Current window maximized

2022-03-28 09:07:34 - [MESSAGE][PASSED] - Current window maximized

2022-03-28 09:07:34 - [TEST_STEP][PASSED] - i = G_Login: null

2022-03-28 09:07:34 - [TEST_STEP][PASSED] - url = new java.net.URL(i): null

2022-03-28 09:07:34 - [TEST_STEP][PASSED] - println("URL: " + url.toString()): null

2022-03-28 09:07:34 - [TEST_STEP][PASSED] - connection = url.openConnection(): null

2022-03-28 09:07:34 - [TEST_STEP][PASSED] - connection.setRequestMethod("GET"): null

2022-03-28 09:07:34 - [TEST_STEP][PASSED] - connection.setReadTimeout(2 * 1000): null

2022-03-28 09:07:34 - [TEST_STEP][PASSED] - try: null

2022-03-28 09:07:34 - [TEST_STEP][PASSED] - connection.connect(): null

2022-03-28 09:07:34 - [TEST_STEP][PASSED] - flag = connected: null

2022-03-28 09:07:34 - [TEST_STEP][PASSED] - println("Valor_ori: " + flag): null

2022-03-28 09:07:34 - [TEST_STEP][PASSED] - if (flag): null

2022-03-28 09:07:34 - [TEST_STEP][PASSED] - navigateToUrl(i): Navigate to 'http://192.168.2.19:8380/saraweb' successfully

2022-03-28 09:07:35 - [MESSAGE][PASSED] - Navigate to 'http://192.168.2.19:8380/saraweb' successfully

2022-03-28 09:07:35 - [TEST_STEP][PASSED] - a(): null

2022-03-28 09:07:35 - [TEST_STEP][PASSED] - setText(findTestObject("Login/input_USUARIO_loginusuario"), G_Usuario): Text 'saraadmin' is set on object 'Object Repository/Login/input_USUARIO_loginusuario'

2022-03-28 09:07:36 - [MESSAGE][PASSED] - Text 'saraadmin' is set on object 'Object Repository/Login/input_USUARIO_loginusuario'

2022-03-28 09:07:36 - [TEST_STEP][PASSED] - setEncryptedText(findTestObject("Login/input_CLAVE_loginpassword"), "MkG4/TYiCFC3cb2driP7+Q=="): Text ****** has been set on object 'Object Repository/Login/input_CLAVE_loginpassword'

2022-03-28 09:07:36 - [MESSAGE][PASSED] - Text ****** has been set on object 'Object Repository/Login/input_CLAVE_loginpassword'

2022-03-28 09:07:36 - [TEST_STEP][PASSED] - waitForElementClickable(findTestObject("Login/a_Ingresar"), G_TimeOut): Object 'Object Repository/Login/a_Ingresar' is clickable

2022-03-28 09:07:37 - [MESSAGE][PASSED] - Object 'Object Repository/Login/a_Ingresar' is clickable

2022-03-28 09:07:37 - [TEST_STEP][PASSED] - click(findTestObject("Login/a_Ingresar")): Object: 'Object Repository/Login/a_Ingresar' is clicked on

2022-03-28 09:07:38 - [MESSAGE][PASSED] - Object: 'Object Repository/Login/a_Ingresar' is clicked on

2022-03-28 09:07:38 - [TEST_STEP][PASSED] - element = findWebElement(findTestObject("Login/a_Ir"), 30): null

2022-03-28 09:07:38 - [TEST_STEP][PASSED] - executeJavaScript("arguments[0].click()", Arrays.asList(element)): Execute JavaScript 'arguments[0].click()' successfully

2022-03-28 09:07:38 - [MESSAGE][PASSED] - Execute JavaScript 'arguments[0].click()' successfully

2022-03-28 09:07:38 - [MESSAGE][PASSED] - Call Test Case 'Test Cases/0.1-Login' successfully

2022-03-28 09:07:38 - [TEST_STEP][PASSED] - setText(findTestObject("input_Empresa 1_form_templatej_idt24_input"), "planta personal (tal)"): Text 'planta personal (tal)' is set on object 'Object Repository/input_Empresa 1_form_templatej_idt24_input'

2022-03-28 09:07:40 - [MESSAGE][PASSED] - Text 'planta personal (tal)' is set on object 'Object Repository/input_Empresa 1_form_templatej_idt24_input'

2022-03-28 09:07:40 - [TEST_STEP][PASSED] - click(findTestObject("Modulo Pruebas Planta de Personal/Buscar_puesto_de_trabajo/span_Planta Personal (ta")): Object: 'Object Repository/Modulo Pruebas Planta de Personal/Buscar_puesto_de_trabajo/span_Planta Personal (ta' is clicked on

2022-03-28 09:07:41 - [MESSAGE][PASSED] - Object: 'Object Repository/Modulo Pruebas Planta de Personal/Buscar_puesto_de_trabajo/span_Planta Personal (ta' is clicked on

2022-03-28 09:07:41 - [TEST_STEP][PASSED] - click(findTestObject("Modulo Pruebas Planta de Personal/Buscar_puesto_de_trabajo/a_Actos Administrativos_organigramabuscar")): Object: 'Object Repository/Modulo Pruebas Planta de Personal/Buscar_puesto_de_trabajo/a_Actos Administrativos_organigramabuscar' is clicked on

2022-03-28 09:07:42 - [MESSAGE][PASSED] - Object: 'Object Repository/Modulo Pruebas Planta de Personal/Buscar_puesto_de_trabajo/a_Actos Administrativos_organigramabuscar' is clicked on

2022-03-28 09:07:42 - [TEST_STEP][PASSED] - selectOptionByIndex(findTestObject("Modulo Pruebas Planta de Personal/Buscar_puesto_de_trabajo/select_--Seleccione--EmpleadoPuesto"), 2): All options with index in [2] are selected on object 'Object Repository/Modulo Pruebas Planta de Personal/Buscar_puesto_de_trabajo/select_--Seleccione--EmpleadoPuesto'

2022-03-28 09:07:44 - [MESSAGE][PASSED] - All options with index in [2] are selected on object 'Object Repository/Modulo Pruebas Planta de Personal/Buscar_puesto_de_trabajo/select_--Seleccione--EmpleadoPuesto'

2022-03-28 09:07:44 - [TEST_STEP][PASSED] - click(findTestObject("Modulo Pruebas Planta de Personal/Buscar_puesto_de_trabajo/a_Cargo_popupBusquedaPlantaj_idt279")): Object: 'Object Repository/Modulo Pruebas Planta de Personal/Buscar_puesto_de_trabajo/a_Cargo_popupBusquedaPlantaj_idt279' is clicked on

2022-03-28 09:07:45 - [MESSAGE][PASSED] - Object: 'Object Repository/Modulo Pruebas Planta de Personal/Buscar_puesto_de_trabajo/a_Cargo_popupBusquedaPlantaj_idt279' is clicked on

2022-03-28 09:07:45 - [TEST_STEP][PASSED] - click(findTestObject("Modulo Pruebas Planta de Personal/Buscar_puesto_de_trabajo/a_Unidad Organizacional_popupBusquedaPlantaj_idt274")): Object: 'Object Repository/Modulo Pruebas Planta de Personal/Buscar_puesto_de_trabajo/a_Unidad Organizacional_popupBusquedaPlantaj_idt274' is clicked on

2022-03-28 09:07:46 - [MESSAGE][PASSED] - Object: 'Object Repository/Modulo Pruebas Planta de Personal/Buscar_puesto_de_trabajo/a_Unidad Organizacional_popupBusquedaPlantaj_idt274' is clicked on

2022-03-28 09:07:46 - [TEST_STEP][PASSED] - setText(findTestObject("Modulo Pruebas Planta de Personal/Buscar_puesto_de_trabajo/input_Unidad_form_popupUnidadUsuarioj_idt880"), "administracion"): Text 'administracion' is set on object 'Object Repository/Modulo Pruebas Planta de Personal/Buscar_puesto_de_trabajo/input_Unidad_form_popupUnidadUsuarioj_idt880'

2022-03-28 09:07:47 - [MESSAGE][PASSED] - Text 'administracion' is set on object 'Object Repository/Modulo Pruebas Planta de Personal/Buscar_puesto_de_trabajo/input_Unidad_form_popupUnidadUsuarioj_idt880'

2022-03-28 09:07:47 - [TEST_STEP][PASSED] - sendKeys(findTestObject("Modulo Pruebas Planta de Personal/Buscar_puesto_de_trabajo/input_Unidad_form_popupUnidadUsuarioj_idt880"), Keys.chord(ENTER)): Keys 'ENTER + ' sent to object: 'Object Repository/Modulo Pruebas Planta de Personal/Buscar_puesto_de_trabajo/input_Unidad_form_popupUnidadUsuarioj_idt880'

2022-03-28 09:07:47 - [MESSAGE][PASSED] - Keys 'ENTER + ' sent to object: 'Object Repository/Modulo Pruebas Planta de Personal/Buscar_puesto_de_trabajo/input_Unidad_form_popupUnidadUsuarioj_idt880'

2022-03-28 09:07:47 - [TEST_STEP][PASSED] - click(findTestObject("Modulo Pruebas Planta de Personal/Buscar_puesto_de_trabajo/span_ADMINISTRACION")): Object: 'Object Repository/Modulo Pruebas Planta de Personal/Buscar_puesto_de_trabajo/span_ADMINISTRACION' is clicked on

2022-03-28 09:07:48 - [MESSAGE][PASSED] - Object: 'Object Repository/Modulo Pruebas Planta de Personal/Buscar_puesto_de_trabajo/span_ADMINISTRACION' is clicked on

2022-03-28 09:07:48 - [TEST_STEP][PASSED] - click(findTestObject("Modulo Pruebas Planta de Personal/Buscar_puesto_de_trabajo/a_Cargo_popupBusquedaPlantaj_idt2790")): Object: 'Object Repository/Modulo Pruebas Planta de Personal/Buscar_puesto_de_trabajo/a_Cargo_popupBusquedaPlantaj_idt2790' is clicked on

2022-03-28 09:07:49 - [MESSAGE][PASSED] - Object: 'Object Repository/Modulo Pruebas Planta de Personal/Buscar_puesto_de_trabajo/a_Cargo_popupBusquedaPlantaj_idt2790' is clicked on

2022-03-28 09:07:49 - [TEST_STEP][PASSED] - click(findTestObject("Modulo Pruebas Planta de Personal/Buscar_puesto_de_trabajo/span_ABOGADO")): Object: 'Object Repository/Modulo Pruebas Planta de Personal/Buscar_puesto_de_trabajo/span_ABOGADO' is clicked on

2022-03-28 09:07:50 - [MESSAGE][PASSED] - Object: 'Object Repository/Modulo Pruebas Planta de Personal/Buscar_puesto_de_trabajo/span_ABOGADO' is clicked on

2022-03-28 09:07:50 - [TEST_STEP][PASSED] - click(findTestObject("Modulo Pruebas Planta de Personal/Buscar_puesto_de_trabajo/span_20139    - Abogado")): Object: 'Object Repository/Modulo Pruebas Planta de Personal/Buscar_puesto_de_trabajo/span_20139    - Abogado' is clicked on

2022-03-28 09:07:50 - [MESSAGE][PASSED] - Object: 'Object Repository/Modulo Pruebas Planta de Personal/Buscar_puesto_de_trabajo/span_20139    - Abogado' is clicked on

2022-03-28 09:07:50 - [TEST_STEP][PASSED] - scrollToElement(findTestObject("Modulo Pruebas Planta de Personal/Buscar_puesto_de_trabajo/span_10308"), 0): Scroll to object 'Object Repository/Modulo Pruebas Planta de Personal/Buscar_puesto_de_trabajo/span_10308' successfully

2022-03-28 09:07:50 - [MESSAGE][WARNING] - Timeout '0' is invalid. Using default page load timeout: '45'

2022-03-28 09:07:51 - [MESSAGE][PASSED] - Scroll to object 'Object Repository/Modulo Pruebas Planta de Personal/Buscar_puesto_de_trabajo/span_10308' successfully

2022-03-28 09:07:51 - [MESSAGE][PASSED] - Call Test Case 'Test Cases/1.2-Tareas_Secundarias/A.2-Pruebas_planta_personal/12.1.6-Buscar_puesto_de_trabajo' successfully

2022-03-28 09:07:51 - [TEST_STEP][PASSED] - click(findTestObject("Modulo Pruebas Planta de Personal/Consultar_posición__nómina/span_Salgado . Paula")): Object: 'Object Repository/Modulo Pruebas Planta de Personal/Consultar_posición__nómina/span_Salgado . Paula' is clicked on

2022-03-28 09:07:52 - [MESSAGE][PASSED] - Object: 'Object Repository/Modulo Pruebas Planta de Personal/Consultar_posición__nómina/span_Salgado . Paula' is clicked on

2022-03-28 09:07:52 - [TEST_STEP][PASSED] - scrollToElement(findTestObject("Modulo Pruebas Planta de Personal/Consultar_posición__nómina/div_Salgado . Paula 40 Mil Staff"), 0): Scroll to object 'Object Repository/Modulo Pruebas Planta de Personal/Consultar_posición__nómina/div_Salgado . Paula 40 Mil Staff' successfully

2022-03-28 09:07:52 - [MESSAGE][WARNING] - Timeout '0' is invalid. Using default page load timeout: '45'

2022-03-28 09:07:53 - [MESSAGE][PASSED] - Scroll to object 'Object Repository/Modulo Pruebas Planta de Personal/Consultar_posición__nómina/div_Salgado . Paula 40 Mil Staff' successfully

2022-03-28 09:07:53 - [TEST_STEP][PASSED] - click(findTestObject("Modulo Pruebas Planta de Personal/Consultar_posición__nómina/a_Salgado . Paula_organigramaj_idt113")): Object: 'Object Repository/Modulo Pruebas Planta de Personal/Consultar_posición__nómina/a_Salgado . Paula_organigramaj_idt113' is clicked on

2022-03-28 09:07:54 - [MESSAGE][PASSED] - Object: 'Object Repository/Modulo Pruebas Planta de Personal/Consultar_posición__nómina/a_Salgado . Paula_organigramaj_idt113' is clicked on

2022-03-28 09:07:54 - [TEST_STEP][PASSED] - scrollToElement(findTestObject("Modulo Pruebas Planta de Personal/Consultar_posición__nómina/span_Actualizar"), 0): Scroll to object 'Object Repository/Modulo Pruebas Planta de Personal/Consultar_posición__nómina/span_Actualizar' successfully

2022-03-28 09:07:54 - [MESSAGE][WARNING] - Timeout '0' is invalid. Using default page load timeout: '45'

2022-03-28 09:07:59 - [MESSAGE][PASSED] - Scroll to object 'Object Repository/Modulo Pruebas Planta de Personal/Consultar_posición__nómina/span_Actualizar' successfully

2022-03-28 09:07:59 - [TEST_STEP][PASSED] - waitForElementVisible(findTestObject("Modulo Pruebas Planta de Personal/Consultar_posición__nómina/span_Actualizar"), 0): Object 'Object Repository/Modulo Pruebas Planta de Personal/Consultar_posición__nómina/span_Actualizar' is visible

2022-03-28 09:07:59 - [MESSAGE][WARNING] - Timeout '0' is invalid. Using default page load timeout: '45'

2022-03-28 09:07:59 - [MESSAGE][PASSED] - Object 'Object Repository/Modulo Pruebas Planta de Personal/Consultar_posición__nómina/span_Actualizar' is visible

2022-03-28 09:07:59 - [TEST_STEP][PASSED] - closeBrowser(): Browser is closed

2022-03-28 09:08:00 - [MESSAGE][PASSED] - Browser is closed]]></system-out>
         <system-err><![CDATA[]]></system-err>
      </testcase>
      <testcase name="Test Cases/1.2-Tareas_Secundarias/A.2-Pruebas_planta_personal/12.1.8-Solicitar_requerimiento" time="21.742" classname="Test Cases/1.2-Tareas_Secundarias/A.2-Pruebas_planta_personal/12.1.8-Solicitar_requerimiento" status="PASSED">
         <system-out><![CDATA[2022-03-28 09:08:00 - [TEST_CASE][PASSED] - Test Cases/1.2-Tareas_Secundarias/A.2-Pruebas_planta_personal/12.1.8-Solicitar_requerimiento: Test Cases/1.2-Tareas_Secundarias/A.2-Pruebas_planta_personal/12.1.8-Solicitar_requerimiento

2022-03-28 09:08:00 - [TEST_STEP][PASSED] - callTestCase(findTestCase("1.2-Tareas_Secundarias/A.2-Pruebas_planta_personal/12.1.6-Buscar_puesto_de_trabajo"), [:], STOP_ON_FAILURE): Call Test Case 'Test Cases/1.2-Tareas_Secundarias/A.2-Pruebas_planta_personal/12.1.6-Buscar_puesto_de_trabajo' successfully

2022-03-28 09:08:00 - [TEST_CASE][PASSED] - Test Cases/1.2-Tareas_Secundarias/A.2-Pruebas_planta_personal/12.1.6-Buscar_puesto_de_trabajo: Test Cases/1.2-Tareas_Secundarias/A.2-Pruebas_planta_personal/12.1.6-Buscar_puesto_de_trabajo

2022-03-28 09:08:00 - [TEST_STEP][PASSED] - callTestCase(findTestCase("0.1-Login"), [:], STOP_ON_FAILURE): Call Test Case 'Test Cases/0.1-Login' successfully

2022-03-28 09:08:00 - [TEST_CASE][PASSED] - Test Cases/0.1-Login: Test Cases/0.1-Login

2022-03-28 09:08:00 - [TEST_STEP][PASSED] - openBrowser(""): Browser is opened with url: ''

2022-03-28 09:08:00 - [MESSAGE][INFO] - Starting 'Chrome' driver

2022-03-28 09:08:00 - [MESSAGE][INFO] - Action delay is set to 50 milliseconds

2022-03-28 09:08:01 - [MESSAGE][PASSED] - Browser is opened with url: ''

2022-03-28 09:08:01 - [TEST_STEP][PASSED] - maximizeWindow(): Current window maximized

2022-03-28 09:08:02 - [MESSAGE][PASSED] - Current window maximized

2022-03-28 09:08:02 - [TEST_STEP][PASSED] - i = G_Login: null

2022-03-28 09:08:02 - [TEST_STEP][PASSED] - url = new java.net.URL(i): null

2022-03-28 09:08:02 - [TEST_STEP][PASSED] - println("URL: " + url.toString()): null

2022-03-28 09:08:02 - [TEST_STEP][PASSED] - connection = url.openConnection(): null

2022-03-28 09:08:02 - [TEST_STEP][PASSED] - connection.setRequestMethod("GET"): null

2022-03-28 09:08:02 - [TEST_STEP][PASSED] - connection.setReadTimeout(2 * 1000): null

2022-03-28 09:08:02 - [TEST_STEP][PASSED] - try: null

2022-03-28 09:08:02 - [TEST_STEP][PASSED] - connection.connect(): null

2022-03-28 09:08:02 - [TEST_STEP][PASSED] - flag = connected: null

2022-03-28 09:08:02 - [TEST_STEP][PASSED] - println("Valor_ori: " + flag): null

2022-03-28 09:08:02 - [TEST_STEP][PASSED] - if (flag): null

2022-03-28 09:08:02 - [TEST_STEP][PASSED] - navigateToUrl(i): Navigate to 'http://192.168.2.19:8380/saraweb' successfully

2022-03-28 09:08:02 - [MESSAGE][PASSED] - Navigate to 'http://192.168.2.19:8380/saraweb' successfully

2022-03-28 09:08:02 - [TEST_STEP][PASSED] - a(): null

2022-03-28 09:08:02 - [TEST_STEP][PASSED] - setText(findTestObject("Login/input_USUARIO_loginusuario"), G_Usuario): Text 'saraadmin' is set on object 'Object Repository/Login/input_USUARIO_loginusuario'

2022-03-28 09:08:03 - [MESSAGE][PASSED] - Text 'saraadmin' is set on object 'Object Repository/Login/input_USUARIO_loginusuario'

2022-03-28 09:08:03 - [TEST_STEP][PASSED] - setEncryptedText(findTestObject("Login/input_CLAVE_loginpassword"), "MkG4/TYiCFC3cb2driP7+Q=="): Text ****** has been set on object 'Object Repository/Login/input_CLAVE_loginpassword'

2022-03-28 09:08:04 - [MESSAGE][PASSED] - Text ****** has been set on object 'Object Repository/Login/input_CLAVE_loginpassword'

2022-03-28 09:08:04 - [TEST_STEP][PASSED] - waitForElementClickable(findTestObject("Login/a_Ingresar"), G_TimeOut): Object 'Object Repository/Login/a_Ingresar' is clickable

2022-03-28 09:08:04 - [MESSAGE][PASSED] - Object 'Object Repository/Login/a_Ingresar' is clickable

2022-03-28 09:08:04 - [TEST_STEP][PASSED] - click(findTestObject("Login/a_Ingresar")): Object: 'Object Repository/Login/a_Ingresar' is clicked on

2022-03-28 09:08:06 - [MESSAGE][PASSED] - Object: 'Object Repository/Login/a_Ingresar' is clicked on

2022-03-28 09:08:06 - [TEST_STEP][PASSED] - element = findWebElement(findTestObject("Login/a_Ir"), 30): null

2022-03-28 09:08:06 - [TEST_STEP][PASSED] - executeJavaScript("arguments[0].click()", Arrays.asList(element)): Execute JavaScript 'arguments[0].click()' successfully

2022-03-28 09:08:06 - [MESSAGE][PASSED] - Execute JavaScript 'arguments[0].click()' successfully

2022-03-28 09:08:06 - [MESSAGE][PASSED] - Call Test Case 'Test Cases/0.1-Login' successfully

2022-03-28 09:08:06 - [TEST_STEP][PASSED] - setText(findTestObject("input_Empresa 1_form_templatej_idt24_input"), "planta personal (tal)"): Text 'planta personal (tal)' is set on object 'Object Repository/input_Empresa 1_form_templatej_idt24_input'

2022-03-28 09:08:07 - [MESSAGE][PASSED] - Text 'planta personal (tal)' is set on object 'Object Repository/input_Empresa 1_form_templatej_idt24_input'

2022-03-28 09:08:07 - [TEST_STEP][PASSED] - click(findTestObject("Modulo Pruebas Planta de Personal/Buscar_puesto_de_trabajo/span_Planta Personal (ta")): Object: 'Object Repository/Modulo Pruebas Planta de Personal/Buscar_puesto_de_trabajo/span_Planta Personal (ta' is clicked on

2022-03-28 09:08:09 - [MESSAGE][PASSED] - Object: 'Object Repository/Modulo Pruebas Planta de Personal/Buscar_puesto_de_trabajo/span_Planta Personal (ta' is clicked on

2022-03-28 09:08:09 - [TEST_STEP][PASSED] - click(findTestObject("Modulo Pruebas Planta de Personal/Buscar_puesto_de_trabajo/a_Actos Administrativos_organigramabuscar")): Object: 'Object Repository/Modulo Pruebas Planta de Personal/Buscar_puesto_de_trabajo/a_Actos Administrativos_organigramabuscar' is clicked on

2022-03-28 09:08:10 - [MESSAGE][PASSED] - Object: 'Object Repository/Modulo Pruebas Planta de Personal/Buscar_puesto_de_trabajo/a_Actos Administrativos_organigramabuscar' is clicked on

2022-03-28 09:08:10 - [TEST_STEP][PASSED] - selectOptionByIndex(findTestObject("Modulo Pruebas Planta de Personal/Buscar_puesto_de_trabajo/select_--Seleccione--EmpleadoPuesto"), 2): All options with index in [2] are selected on object 'Object Repository/Modulo Pruebas Planta de Personal/Buscar_puesto_de_trabajo/select_--Seleccione--EmpleadoPuesto'

2022-03-28 09:08:12 - [MESSAGE][PASSED] - All options with index in [2] are selected on object 'Object Repository/Modulo Pruebas Planta de Personal/Buscar_puesto_de_trabajo/select_--Seleccione--EmpleadoPuesto'

2022-03-28 09:08:12 - [TEST_STEP][PASSED] - click(findTestObject("Modulo Pruebas Planta de Personal/Buscar_puesto_de_trabajo/a_Cargo_popupBusquedaPlantaj_idt279")): Object: 'Object Repository/Modulo Pruebas Planta de Personal/Buscar_puesto_de_trabajo/a_Cargo_popupBusquedaPlantaj_idt279' is clicked on

2022-03-28 09:08:12 - [MESSAGE][PASSED] - Object: 'Object Repository/Modulo Pruebas Planta de Personal/Buscar_puesto_de_trabajo/a_Cargo_popupBusquedaPlantaj_idt279' is clicked on

2022-03-28 09:08:12 - [TEST_STEP][PASSED] - click(findTestObject("Modulo Pruebas Planta de Personal/Buscar_puesto_de_trabajo/a_Unidad Organizacional_popupBusquedaPlantaj_idt274")): Object: 'Object Repository/Modulo Pruebas Planta de Personal/Buscar_puesto_de_trabajo/a_Unidad Organizacional_popupBusquedaPlantaj_idt274' is clicked on

2022-03-28 09:08:13 - [MESSAGE][PASSED] - Object: 'Object Repository/Modulo Pruebas Planta de Personal/Buscar_puesto_de_trabajo/a_Unidad Organizacional_popupBusquedaPlantaj_idt274' is clicked on

2022-03-28 09:08:13 - [TEST_STEP][PASSED] - setText(findTestObject("Modulo Pruebas Planta de Personal/Buscar_puesto_de_trabajo/input_Unidad_form_popupUnidadUsuarioj_idt880"), "administracion"): Text 'administracion' is set on object 'Object Repository/Modulo Pruebas Planta de Personal/Buscar_puesto_de_trabajo/input_Unidad_form_popupUnidadUsuarioj_idt880'

2022-03-28 09:08:14 - [MESSAGE][PASSED] - Text 'administracion' is set on object 'Object Repository/Modulo Pruebas Planta de Personal/Buscar_puesto_de_trabajo/input_Unidad_form_popupUnidadUsuarioj_idt880'

2022-03-28 09:08:14 - [TEST_STEP][PASSED] - sendKeys(findTestObject("Modulo Pruebas Planta de Personal/Buscar_puesto_de_trabajo/input_Unidad_form_popupUnidadUsuarioj_idt880"), Keys.chord(ENTER)): Keys 'ENTER + ' sent to object: 'Object Repository/Modulo Pruebas Planta de Personal/Buscar_puesto_de_trabajo/input_Unidad_form_popupUnidadUsuarioj_idt880'

2022-03-28 09:08:15 - [MESSAGE][PASSED] - Keys 'ENTER + ' sent to object: 'Object Repository/Modulo Pruebas Planta de Personal/Buscar_puesto_de_trabajo/input_Unidad_form_popupUnidadUsuarioj_idt880'

2022-03-28 09:08:15 - [TEST_STEP][PASSED] - click(findTestObject("Modulo Pruebas Planta de Personal/Buscar_puesto_de_trabajo/span_ADMINISTRACION")): Object: 'Object Repository/Modulo Pruebas Planta de Personal/Buscar_puesto_de_trabajo/span_ADMINISTRACION' is clicked on

2022-03-28 09:08:15 - [MESSAGE][PASSED] - Object: 'Object Repository/Modulo Pruebas Planta de Personal/Buscar_puesto_de_trabajo/span_ADMINISTRACION' is clicked on

2022-03-28 09:08:15 - [TEST_STEP][PASSED] - click(findTestObject("Modulo Pruebas Planta de Personal/Buscar_puesto_de_trabajo/a_Cargo_popupBusquedaPlantaj_idt2790")): Object: 'Object Repository/Modulo Pruebas Planta de Personal/Buscar_puesto_de_trabajo/a_Cargo_popupBusquedaPlantaj_idt2790' is clicked on

2022-03-28 09:08:16 - [MESSAGE][PASSED] - Object: 'Object Repository/Modulo Pruebas Planta de Personal/Buscar_puesto_de_trabajo/a_Cargo_popupBusquedaPlantaj_idt2790' is clicked on

2022-03-28 09:08:16 - [TEST_STEP][PASSED] - click(findTestObject("Modulo Pruebas Planta de Personal/Buscar_puesto_de_trabajo/span_ABOGADO")): Object: 'Object Repository/Modulo Pruebas Planta de Personal/Buscar_puesto_de_trabajo/span_ABOGADO' is clicked on

2022-03-28 09:08:17 - [MESSAGE][PASSED] - Object: 'Object Repository/Modulo Pruebas Planta de Personal/Buscar_puesto_de_trabajo/span_ABOGADO' is clicked on

2022-03-28 09:08:17 - [TEST_STEP][PASSED] - click(findTestObject("Modulo Pruebas Planta de Personal/Buscar_puesto_de_trabajo/span_20139    - Abogado")): Object: 'Object Repository/Modulo Pruebas Planta de Personal/Buscar_puesto_de_trabajo/span_20139    - Abogado' is clicked on

2022-03-28 09:08:18 - [MESSAGE][PASSED] - Object: 'Object Repository/Modulo Pruebas Planta de Personal/Buscar_puesto_de_trabajo/span_20139    - Abogado' is clicked on

2022-03-28 09:08:18 - [TEST_STEP][PASSED] - scrollToElement(findTestObject("Modulo Pruebas Planta de Personal/Buscar_puesto_de_trabajo/span_10308"), 0): Scroll to object 'Object Repository/Modulo Pruebas Planta de Personal/Buscar_puesto_de_trabajo/span_10308' successfully

2022-03-28 09:08:18 - [MESSAGE][WARNING] - Timeout '0' is invalid. Using default page load timeout: '45'

2022-03-28 09:08:19 - [MESSAGE][PASSED] - Scroll to object 'Object Repository/Modulo Pruebas Planta de Personal/Buscar_puesto_de_trabajo/span_10308' successfully

2022-03-28 09:08:19 - [MESSAGE][PASSED] - Call Test Case 'Test Cases/1.2-Tareas_Secundarias/A.2-Pruebas_planta_personal/12.1.6-Buscar_puesto_de_trabajo' successfully

2022-03-28 09:08:19 - [TEST_STEP][PASSED] - click(findTestObject("Modulo Pruebas Planta de Personal/Solicitar_requerimiento/a_Salgado . Paula_organigramaj_idt110")): Object: 'Object Repository/Modulo Pruebas Planta de Personal/Solicitar_requerimiento/a_Salgado . Paula_organigramaj_idt110' is clicked on

2022-03-28 09:08:20 - [MESSAGE][PASSED] - Object: 'Object Repository/Modulo Pruebas Planta de Personal/Solicitar_requerimiento/a_Salgado . Paula_organigramaj_idt110' is clicked on

2022-03-28 09:08:20 - [TEST_STEP][PASSED] - waitForElementVisible(findTestObject("Modulo Pruebas Planta de Personal/Solicitar_requerimiento/div_Motivo Requerimiento"), 0): Object 'Object Repository/Modulo Pruebas Planta de Personal/Solicitar_requerimiento/div_Motivo Requerimiento' is visible

2022-03-28 09:08:20 - [MESSAGE][WARNING] - Timeout '0' is invalid. Using default page load timeout: '45'

2022-03-28 09:08:21 - [MESSAGE][PASSED] - Object 'Object Repository/Modulo Pruebas Planta de Personal/Solicitar_requerimiento/div_Motivo Requerimiento' is visible

2022-03-28 09:08:21 - [TEST_STEP][PASSED] - closeBrowser(): Browser is closed

2022-03-28 09:08:21 - [MESSAGE][PASSED] - Browser is closed]]></system-out>
         <system-err><![CDATA[]]></system-err>
      </testcase>
      <testcase name="Test Cases/1.2-Tareas_Secundarias/A.2-Pruebas_planta_personal/12.1.9-Visualizar_opción_otros" time="23.215" classname="Test Cases/1.2-Tareas_Secundarias/A.2-Pruebas_planta_personal/12.1.9-Visualizar_opción_otros" status="PASSED">
         <system-out><![CDATA[2022-03-28 09:08:21 - [TEST_CASE][PASSED] - Test Cases/1.2-Tareas_Secundarias/A.2-Pruebas_planta_personal/12.1.9-Visualizar_opción_otros: Test Cases/1.2-Tareas_Secundarias/A.2-Pruebas_planta_personal/12.1.9-Visualizar_opción_otros

2022-03-28 09:08:22 - [TEST_STEP][PASSED] - callTestCase(findTestCase("1.2-Tareas_Secundarias/A.2-Pruebas_planta_personal/12.1.6-Buscar_puesto_de_trabajo"), [:], STOP_ON_FAILURE): Call Test Case 'Test Cases/1.2-Tareas_Secundarias/A.2-Pruebas_planta_personal/12.1.6-Buscar_puesto_de_trabajo' successfully

2022-03-28 09:08:22 - [TEST_CASE][PASSED] - Test Cases/1.2-Tareas_Secundarias/A.2-Pruebas_planta_personal/12.1.6-Buscar_puesto_de_trabajo: Test Cases/1.2-Tareas_Secundarias/A.2-Pruebas_planta_personal/12.1.6-Buscar_puesto_de_trabajo

2022-03-28 09:08:22 - [TEST_STEP][PASSED] - callTestCase(findTestCase("0.1-Login"), [:], STOP_ON_FAILURE): Call Test Case 'Test Cases/0.1-Login' successfully

2022-03-28 09:08:22 - [TEST_CASE][PASSED] - Test Cases/0.1-Login: Test Cases/0.1-Login

2022-03-28 09:08:22 - [TEST_STEP][PASSED] - openBrowser(""): Browser is opened with url: ''

2022-03-28 09:08:22 - [MESSAGE][INFO] - Starting 'Chrome' driver

2022-03-28 09:08:22 - [MESSAGE][INFO] - Action delay is set to 50 milliseconds

2022-03-28 09:08:23 - [MESSAGE][PASSED] - Browser is opened with url: ''

2022-03-28 09:08:23 - [TEST_STEP][PASSED] - maximizeWindow(): Current window maximized

2022-03-28 09:08:23 - [MESSAGE][PASSED] - Current window maximized

2022-03-28 09:08:23 - [TEST_STEP][PASSED] - i = G_Login: null

2022-03-28 09:08:23 - [TEST_STEP][PASSED] - url = new java.net.URL(i): null

2022-03-28 09:08:23 - [TEST_STEP][PASSED] - println("URL: " + url.toString()): null

2022-03-28 09:08:23 - [TEST_STEP][PASSED] - connection = url.openConnection(): null

2022-03-28 09:08:23 - [TEST_STEP][PASSED] - connection.setRequestMethod("GET"): null

2022-03-28 09:08:23 - [TEST_STEP][PASSED] - connection.setReadTimeout(2 * 1000): null

2022-03-28 09:08:23 - [TEST_STEP][PASSED] - try: null

2022-03-28 09:08:23 - [TEST_STEP][PASSED] - connection.connect(): null

2022-03-28 09:08:23 - [TEST_STEP][PASSED] - flag = connected: null

2022-03-28 09:08:23 - [TEST_STEP][PASSED] - println("Valor_ori: " + flag): null

2022-03-28 09:08:23 - [TEST_STEP][PASSED] - if (flag): null

2022-03-28 09:08:23 - [TEST_STEP][PASSED] - navigateToUrl(i): Navigate to 'http://192.168.2.19:8380/saraweb' successfully

2022-03-28 09:08:24 - [MESSAGE][PASSED] - Navigate to 'http://192.168.2.19:8380/saraweb' successfully

2022-03-28 09:08:24 - [TEST_STEP][PASSED] - a(): null

2022-03-28 09:08:24 - [TEST_STEP][PASSED] - setText(findTestObject("Login/input_USUARIO_loginusuario"), G_Usuario): Text 'saraadmin' is set on object 'Object Repository/Login/input_USUARIO_loginusuario'

2022-03-28 09:08:25 - [MESSAGE][PASSED] - Text 'saraadmin' is set on object 'Object Repository/Login/input_USUARIO_loginusuario'

2022-03-28 09:08:25 - [TEST_STEP][PASSED] - setEncryptedText(findTestObject("Login/input_CLAVE_loginpassword"), "MkG4/TYiCFC3cb2driP7+Q=="): Text ****** has been set on object 'Object Repository/Login/input_CLAVE_loginpassword'

2022-03-28 09:08:25 - [MESSAGE][PASSED] - Text ****** has been set on object 'Object Repository/Login/input_CLAVE_loginpassword'

2022-03-28 09:08:25 - [TEST_STEP][PASSED] - waitForElementClickable(findTestObject("Login/a_Ingresar"), G_TimeOut): Object 'Object Repository/Login/a_Ingresar' is clickable

2022-03-28 09:08:26 - [MESSAGE][PASSED] - Object 'Object Repository/Login/a_Ingresar' is clickable

2022-03-28 09:08:26 - [TEST_STEP][PASSED] - click(findTestObject("Login/a_Ingresar")): Object: 'Object Repository/Login/a_Ingresar' is clicked on

2022-03-28 09:08:27 - [MESSAGE][PASSED] - Object: 'Object Repository/Login/a_Ingresar' is clicked on

2022-03-28 09:08:27 - [TEST_STEP][PASSED] - element = findWebElement(findTestObject("Login/a_Ir"), 30): null

2022-03-28 09:08:27 - [TEST_STEP][PASSED] - executeJavaScript("arguments[0].click()", Arrays.asList(element)): Execute JavaScript 'arguments[0].click()' successfully

2022-03-28 09:08:27 - [MESSAGE][PASSED] - Execute JavaScript 'arguments[0].click()' successfully

2022-03-28 09:08:27 - [MESSAGE][PASSED] - Call Test Case 'Test Cases/0.1-Login' successfully

2022-03-28 09:08:27 - [TEST_STEP][PASSED] - setText(findTestObject("input_Empresa 1_form_templatej_idt24_input"), "planta personal (tal)"): Text 'planta personal (tal)' is set on object 'Object Repository/input_Empresa 1_form_templatej_idt24_input'

2022-03-28 09:08:30 - [MESSAGE][PASSED] - Text 'planta personal (tal)' is set on object 'Object Repository/input_Empresa 1_form_templatej_idt24_input'

2022-03-28 09:08:30 - [TEST_STEP][PASSED] - click(findTestObject("Modulo Pruebas Planta de Personal/Buscar_puesto_de_trabajo/span_Planta Personal (ta")): Object: 'Object Repository/Modulo Pruebas Planta de Personal/Buscar_puesto_de_trabajo/span_Planta Personal (ta' is clicked on

2022-03-28 09:08:32 - [MESSAGE][PASSED] - Object: 'Object Repository/Modulo Pruebas Planta de Personal/Buscar_puesto_de_trabajo/span_Planta Personal (ta' is clicked on

2022-03-28 09:08:32 - [TEST_STEP][PASSED] - click(findTestObject("Modulo Pruebas Planta de Personal/Buscar_puesto_de_trabajo/a_Actos Administrativos_organigramabuscar")): Object: 'Object Repository/Modulo Pruebas Planta de Personal/Buscar_puesto_de_trabajo/a_Actos Administrativos_organigramabuscar' is clicked on

2022-03-28 09:08:34 - [MESSAGE][PASSED] - Object: 'Object Repository/Modulo Pruebas Planta de Personal/Buscar_puesto_de_trabajo/a_Actos Administrativos_organigramabuscar' is clicked on

2022-03-28 09:08:34 - [TEST_STEP][PASSED] - selectOptionByIndex(findTestObject("Modulo Pruebas Planta de Personal/Buscar_puesto_de_trabajo/select_--Seleccione--EmpleadoPuesto"), 2): All options with index in [2] are selected on object 'Object Repository/Modulo Pruebas Planta de Personal/Buscar_puesto_de_trabajo/select_--Seleccione--EmpleadoPuesto'

2022-03-28 09:08:35 - [MESSAGE][PASSED] - All options with index in [2] are selected on object 'Object Repository/Modulo Pruebas Planta de Personal/Buscar_puesto_de_trabajo/select_--Seleccione--EmpleadoPuesto'

2022-03-28 09:08:35 - [TEST_STEP][PASSED] - click(findTestObject("Modulo Pruebas Planta de Personal/Buscar_puesto_de_trabajo/a_Cargo_popupBusquedaPlantaj_idt279")): Object: 'Object Repository/Modulo Pruebas Planta de Personal/Buscar_puesto_de_trabajo/a_Cargo_popupBusquedaPlantaj_idt279' is clicked on

2022-03-28 09:08:36 - [MESSAGE][PASSED] - Object: 'Object Repository/Modulo Pruebas Planta de Personal/Buscar_puesto_de_trabajo/a_Cargo_popupBusquedaPlantaj_idt279' is clicked on

2022-03-28 09:08:36 - [TEST_STEP][PASSED] - click(findTestObject("Modulo Pruebas Planta de Personal/Buscar_puesto_de_trabajo/a_Unidad Organizacional_popupBusquedaPlantaj_idt274")): Object: 'Object Repository/Modulo Pruebas Planta de Personal/Buscar_puesto_de_trabajo/a_Unidad Organizacional_popupBusquedaPlantaj_idt274' is clicked on

2022-03-28 09:08:37 - [MESSAGE][PASSED] - Object: 'Object Repository/Modulo Pruebas Planta de Personal/Buscar_puesto_de_trabajo/a_Unidad Organizacional_popupBusquedaPlantaj_idt274' is clicked on

2022-03-28 09:08:37 - [TEST_STEP][PASSED] - setText(findTestObject("Modulo Pruebas Planta de Personal/Buscar_puesto_de_trabajo/input_Unidad_form_popupUnidadUsuarioj_idt880"), "administracion"): Text 'administracion' is set on object 'Object Repository/Modulo Pruebas Planta de Personal/Buscar_puesto_de_trabajo/input_Unidad_form_popupUnidadUsuarioj_idt880'

2022-03-28 09:08:38 - [MESSAGE][PASSED] - Text 'administracion' is set on object 'Object Repository/Modulo Pruebas Planta de Personal/Buscar_puesto_de_trabajo/input_Unidad_form_popupUnidadUsuarioj_idt880'

2022-03-28 09:08:38 - [TEST_STEP][PASSED] - sendKeys(findTestObject("Modulo Pruebas Planta de Personal/Buscar_puesto_de_trabajo/input_Unidad_form_popupUnidadUsuarioj_idt880"), Keys.chord(ENTER)): Keys 'ENTER + ' sent to object: 'Object Repository/Modulo Pruebas Planta de Personal/Buscar_puesto_de_trabajo/input_Unidad_form_popupUnidadUsuarioj_idt880'

2022-03-28 09:08:39 - [MESSAGE][PASSED] - Keys 'ENTER + ' sent to object: 'Object Repository/Modulo Pruebas Planta de Personal/Buscar_puesto_de_trabajo/input_Unidad_form_popupUnidadUsuarioj_idt880'

2022-03-28 09:08:39 - [TEST_STEP][PASSED] - click(findTestObject("Modulo Pruebas Planta de Personal/Buscar_puesto_de_trabajo/span_ADMINISTRACION")): Object: 'Object Repository/Modulo Pruebas Planta de Personal/Buscar_puesto_de_trabajo/span_ADMINISTRACION' is clicked on

2022-03-28 09:08:39 - [MESSAGE][PASSED] - Object: 'Object Repository/Modulo Pruebas Planta de Personal/Buscar_puesto_de_trabajo/span_ADMINISTRACION' is clicked on

2022-03-28 09:08:39 - [TEST_STEP][PASSED] - click(findTestObject("Modulo Pruebas Planta de Personal/Buscar_puesto_de_trabajo/a_Cargo_popupBusquedaPlantaj_idt2790")): Object: 'Object Repository/Modulo Pruebas Planta de Personal/Buscar_puesto_de_trabajo/a_Cargo_popupBusquedaPlantaj_idt2790' is clicked on

2022-03-28 09:08:40 - [MESSAGE][PASSED] - Object: 'Object Repository/Modulo Pruebas Planta de Personal/Buscar_puesto_de_trabajo/a_Cargo_popupBusquedaPlantaj_idt2790' is clicked on

2022-03-28 09:08:40 - [TEST_STEP][PASSED] - click(findTestObject("Modulo Pruebas Planta de Personal/Buscar_puesto_de_trabajo/span_ABOGADO")): Object: 'Object Repository/Modulo Pruebas Planta de Personal/Buscar_puesto_de_trabajo/span_ABOGADO' is clicked on

2022-03-28 09:08:41 - [MESSAGE][PASSED] - Object: 'Object Repository/Modulo Pruebas Planta de Personal/Buscar_puesto_de_trabajo/span_ABOGADO' is clicked on

2022-03-28 09:08:41 - [TEST_STEP][PASSED] - click(findTestObject("Modulo Pruebas Planta de Personal/Buscar_puesto_de_trabajo/span_20139    - Abogado")): Object: 'Object Repository/Modulo Pruebas Planta de Personal/Buscar_puesto_de_trabajo/span_20139    - Abogado' is clicked on

2022-03-28 09:08:42 - [MESSAGE][PASSED] - Object: 'Object Repository/Modulo Pruebas Planta de Personal/Buscar_puesto_de_trabajo/span_20139    - Abogado' is clicked on

2022-03-28 09:08:42 - [TEST_STEP][PASSED] - scrollToElement(findTestObject("Modulo Pruebas Planta de Personal/Buscar_puesto_de_trabajo/span_10308"), 0): Scroll to object 'Object Repository/Modulo Pruebas Planta de Personal/Buscar_puesto_de_trabajo/span_10308' successfully

2022-03-28 09:08:42 - [MESSAGE][WARNING] - Timeout '0' is invalid. Using default page load timeout: '45'

2022-03-28 09:08:43 - [MESSAGE][PASSED] - Scroll to object 'Object Repository/Modulo Pruebas Planta de Personal/Buscar_puesto_de_trabajo/span_10308' successfully

2022-03-28 09:08:43 - [MESSAGE][PASSED] - Call Test Case 'Test Cases/1.2-Tareas_Secundarias/A.2-Pruebas_planta_personal/12.1.6-Buscar_puesto_de_trabajo' successfully

2022-03-28 09:08:43 - [TEST_STEP][PASSED] - click(findTestObject("Modulo Pruebas Planta de Personal/Visualizar_opción_otros/a_Salgado . Paula_organigramaj_idt109")): Object: 'Object Repository/Modulo Pruebas Planta de Personal/Visualizar_opción_otros/a_Salgado . Paula_organigramaj_idt109' is clicked on

2022-03-28 09:08:43 - [MESSAGE][PASSED] - Object: 'Object Repository/Modulo Pruebas Planta de Personal/Visualizar_opción_otros/a_Salgado . Paula_organigramaj_idt109' is clicked on

2022-03-28 09:08:43 - [TEST_STEP][PASSED] - waitForElementVisible(findTestObject("Modulo Pruebas Planta de Personal/Visualizar_opción_otros/table_Salgado . Paula66666CalidadAdministracion40 Mil Staff"), 0): Object 'Object Repository/Modulo Pruebas Planta de Personal/Visualizar_opción_otros/table_Salgado . Paula66666CalidadAdministracion40 Mil Staff' is visible

2022-03-28 09:08:43 - [MESSAGE][WARNING] - Timeout '0' is invalid. Using default page load timeout: '45'

2022-03-28 09:08:44 - [MESSAGE][PASSED] - Object 'Object Repository/Modulo Pruebas Planta de Personal/Visualizar_opción_otros/table_Salgado . Paula66666CalidadAdministracion40 Mil Staff' is visible

2022-03-28 09:08:44 - [TEST_STEP][PASSED] - closeBrowser(): Browser is closed

2022-03-28 09:08:45 - [MESSAGE][PASSED] - Browser is closed]]></system-out>
         <system-err><![CDATA[]]></system-err>
      </testcase>
      <testcase name="Test Cases/1.2-Tareas_Secundarias/A.2-Pruebas_planta_personal/12.2.1-Crear_descripción_del_cargo" time="31.803" classname="Test Cases/1.2-Tareas_Secundarias/A.2-Pruebas_planta_personal/12.2.1-Crear_descripción_del_cargo" status="PASSED">
         <system-out><![CDATA[2022-03-28 09:08:45 - [TEST_CASE][PASSED] - Test Cases/1.2-Tareas_Secundarias/A.2-Pruebas_planta_personal/12.2.1-Crear_descripción_del_cargo: Test Cases/1.2-Tareas_Secundarias/A.2-Pruebas_planta_personal/12.2.1-Crear_descripción_del_cargo

2022-03-28 09:08:45 - [TEST_STEP][PASSED] - callTestCase(findTestCase("1.2-Tareas_Secundarias/A.2-Pruebas_planta_personal/12.1.6-Buscar_puesto_de_trabajo"), [:], STOP_ON_FAILURE): Call Test Case 'Test Cases/1.2-Tareas_Secundarias/A.2-Pruebas_planta_personal/12.1.6-Buscar_puesto_de_trabajo' successfully

2022-03-28 09:08:45 - [TEST_CASE][PASSED] - Test Cases/1.2-Tareas_Secundarias/A.2-Pruebas_planta_personal/12.1.6-Buscar_puesto_de_trabajo: Test Cases/1.2-Tareas_Secundarias/A.2-Pruebas_planta_personal/12.1.6-Buscar_puesto_de_trabajo

2022-03-28 09:08:45 - [TEST_STEP][PASSED] - callTestCase(findTestCase("0.1-Login"), [:], STOP_ON_FAILURE): Call Test Case 'Test Cases/0.1-Login' successfully

2022-03-28 09:08:45 - [TEST_CASE][PASSED] - Test Cases/0.1-Login: Test Cases/0.1-Login

2022-03-28 09:08:45 - [TEST_STEP][PASSED] - openBrowser(""): Browser is opened with url: ''

2022-03-28 09:08:45 - [MESSAGE][INFO] - Starting 'Chrome' driver

2022-03-28 09:08:45 - [MESSAGE][INFO] - Action delay is set to 50 milliseconds

2022-03-28 09:08:47 - [MESSAGE][PASSED] - Browser is opened with url: ''

2022-03-28 09:08:47 - [TEST_STEP][PASSED] - maximizeWindow(): Current window maximized

2022-03-28 09:08:47 - [MESSAGE][PASSED] - Current window maximized

2022-03-28 09:08:47 - [TEST_STEP][PASSED] - i = G_Login: null

2022-03-28 09:08:47 - [TEST_STEP][PASSED] - url = new java.net.URL(i): null

2022-03-28 09:08:47 - [TEST_STEP][PASSED] - println("URL: " + url.toString()): null

2022-03-28 09:08:47 - [TEST_STEP][PASSED] - connection = url.openConnection(): null

2022-03-28 09:08:47 - [TEST_STEP][PASSED] - connection.setRequestMethod("GET"): null

2022-03-28 09:08:47 - [TEST_STEP][PASSED] - connection.setReadTimeout(2 * 1000): null

2022-03-28 09:08:47 - [TEST_STEP][PASSED] - try: null

2022-03-28 09:08:47 - [TEST_STEP][PASSED] - connection.connect(): null

2022-03-28 09:08:47 - [TEST_STEP][PASSED] - flag = connected: null

2022-03-28 09:08:47 - [TEST_STEP][PASSED] - println("Valor_ori: " + flag): null

2022-03-28 09:08:47 - [TEST_STEP][PASSED] - if (flag): null

2022-03-28 09:08:47 - [TEST_STEP][PASSED] - navigateToUrl(i): Navigate to 'http://192.168.2.19:8380/saraweb' successfully

2022-03-28 09:08:49 - [MESSAGE][PASSED] - Navigate to 'http://192.168.2.19:8380/saraweb' successfully

2022-03-28 09:08:49 - [TEST_STEP][PASSED] - a(): null

2022-03-28 09:08:49 - [TEST_STEP][PASSED] - setText(findTestObject("Login/input_USUARIO_loginusuario"), G_Usuario): Text 'saraadmin' is set on object 'Object Repository/Login/input_USUARIO_loginusuario'

2022-03-28 09:08:50 - [MESSAGE][PASSED] - Text 'saraadmin' is set on object 'Object Repository/Login/input_USUARIO_loginusuario'

2022-03-28 09:08:50 - [TEST_STEP][PASSED] - setEncryptedText(findTestObject("Login/input_CLAVE_loginpassword"), "MkG4/TYiCFC3cb2driP7+Q=="): Text ****** has been set on object 'Object Repository/Login/input_CLAVE_loginpassword'

2022-03-28 09:08:51 - [MESSAGE][PASSED] - Text ****** has been set on object 'Object Repository/Login/input_CLAVE_loginpassword'

2022-03-28 09:08:51 - [TEST_STEP][PASSED] - waitForElementClickable(findTestObject("Login/a_Ingresar"), G_TimeOut): Object 'Object Repository/Login/a_Ingresar' is clickable

2022-03-28 09:08:51 - [MESSAGE][PASSED] - Object 'Object Repository/Login/a_Ingresar' is clickable

2022-03-28 09:08:51 - [TEST_STEP][PASSED] - click(findTestObject("Login/a_Ingresar")): Object: 'Object Repository/Login/a_Ingresar' is clicked on

2022-03-28 09:08:53 - [MESSAGE][PASSED] - Object: 'Object Repository/Login/a_Ingresar' is clicked on

2022-03-28 09:08:53 - [TEST_STEP][PASSED] - element = findWebElement(findTestObject("Login/a_Ir"), 30): null

2022-03-28 09:08:53 - [TEST_STEP][PASSED] - executeJavaScript("arguments[0].click()", Arrays.asList(element)): Execute JavaScript 'arguments[0].click()' successfully

2022-03-28 09:08:53 - [MESSAGE][PASSED] - Execute JavaScript 'arguments[0].click()' successfully

2022-03-28 09:08:53 - [MESSAGE][PASSED] - Call Test Case 'Test Cases/0.1-Login' successfully

2022-03-28 09:08:53 - [TEST_STEP][PASSED] - setText(findTestObject("input_Empresa 1_form_templatej_idt24_input"), "planta personal (tal)"): Text 'planta personal (tal)' is set on object 'Object Repository/input_Empresa 1_form_templatej_idt24_input'

2022-03-28 09:08:55 - [MESSAGE][PASSED] - Text 'planta personal (tal)' is set on object 'Object Repository/input_Empresa 1_form_templatej_idt24_input'

2022-03-28 09:08:55 - [TEST_STEP][PASSED] - click(findTestObject("Modulo Pruebas Planta de Personal/Buscar_puesto_de_trabajo/span_Planta Personal (ta")): Object: 'Object Repository/Modulo Pruebas Planta de Personal/Buscar_puesto_de_trabajo/span_Planta Personal (ta' is clicked on

2022-03-28 09:08:57 - [MESSAGE][PASSED] - Object: 'Object Repository/Modulo Pruebas Planta de Personal/Buscar_puesto_de_trabajo/span_Planta Personal (ta' is clicked on

2022-03-28 09:08:57 - [TEST_STEP][PASSED] - click(findTestObject("Modulo Pruebas Planta de Personal/Buscar_puesto_de_trabajo/a_Actos Administrativos_organigramabuscar")): Object: 'Object Repository/Modulo Pruebas Planta de Personal/Buscar_puesto_de_trabajo/a_Actos Administrativos_organigramabuscar' is clicked on

2022-03-28 09:08:58 - [MESSAGE][PASSED] - Object: 'Object Repository/Modulo Pruebas Planta de Personal/Buscar_puesto_de_trabajo/a_Actos Administrativos_organigramabuscar' is clicked on

2022-03-28 09:08:58 - [TEST_STEP][PASSED] - selectOptionByIndex(findTestObject("Modulo Pruebas Planta de Personal/Buscar_puesto_de_trabajo/select_--Seleccione--EmpleadoPuesto"), 2): All options with index in [2] are selected on object 'Object Repository/Modulo Pruebas Planta de Personal/Buscar_puesto_de_trabajo/select_--Seleccione--EmpleadoPuesto'

2022-03-28 09:08:59 - [MESSAGE][PASSED] - All options with index in [2] are selected on object 'Object Repository/Modulo Pruebas Planta de Personal/Buscar_puesto_de_trabajo/select_--Seleccione--EmpleadoPuesto'

2022-03-28 09:08:59 - [TEST_STEP][PASSED] - click(findTestObject("Modulo Pruebas Planta de Personal/Buscar_puesto_de_trabajo/a_Cargo_popupBusquedaPlantaj_idt279")): Object: 'Object Repository/Modulo Pruebas Planta de Personal/Buscar_puesto_de_trabajo/a_Cargo_popupBusquedaPlantaj_idt279' is clicked on

2022-03-28 09:09:00 - [MESSAGE][PASSED] - Object: 'Object Repository/Modulo Pruebas Planta de Personal/Buscar_puesto_de_trabajo/a_Cargo_popupBusquedaPlantaj_idt279' is clicked on

2022-03-28 09:09:00 - [TEST_STEP][PASSED] - click(findTestObject("Modulo Pruebas Planta de Personal/Buscar_puesto_de_trabajo/a_Unidad Organizacional_popupBusquedaPlantaj_idt274")): Object: 'Object Repository/Modulo Pruebas Planta de Personal/Buscar_puesto_de_trabajo/a_Unidad Organizacional_popupBusquedaPlantaj_idt274' is clicked on

2022-03-28 09:09:01 - [MESSAGE][PASSED] - Object: 'Object Repository/Modulo Pruebas Planta de Personal/Buscar_puesto_de_trabajo/a_Unidad Organizacional_popupBusquedaPlantaj_idt274' is clicked on

2022-03-28 09:09:01 - [TEST_STEP][PASSED] - setText(findTestObject("Modulo Pruebas Planta de Personal/Buscar_puesto_de_trabajo/input_Unidad_form_popupUnidadUsuarioj_idt880"), "administracion"): Text 'administracion' is set on object 'Object Repository/Modulo Pruebas Planta de Personal/Buscar_puesto_de_trabajo/input_Unidad_form_popupUnidadUsuarioj_idt880'

2022-03-28 09:09:02 - [MESSAGE][PASSED] - Text 'administracion' is set on object 'Object Repository/Modulo Pruebas Planta de Personal/Buscar_puesto_de_trabajo/input_Unidad_form_popupUnidadUsuarioj_idt880'

2022-03-28 09:09:02 - [TEST_STEP][PASSED] - sendKeys(findTestObject("Modulo Pruebas Planta de Personal/Buscar_puesto_de_trabajo/input_Unidad_form_popupUnidadUsuarioj_idt880"), Keys.chord(ENTER)): Keys 'ENTER + ' sent to object: 'Object Repository/Modulo Pruebas Planta de Personal/Buscar_puesto_de_trabajo/input_Unidad_form_popupUnidadUsuarioj_idt880'

2022-03-28 09:09:03 - [MESSAGE][PASSED] - Keys 'ENTER + ' sent to object: 'Object Repository/Modulo Pruebas Planta de Personal/Buscar_puesto_de_trabajo/input_Unidad_form_popupUnidadUsuarioj_idt880'

2022-03-28 09:09:03 - [TEST_STEP][PASSED] - click(findTestObject("Modulo Pruebas Planta de Personal/Buscar_puesto_de_trabajo/span_ADMINISTRACION")): Object: 'Object Repository/Modulo Pruebas Planta de Personal/Buscar_puesto_de_trabajo/span_ADMINISTRACION' is clicked on

2022-03-28 09:09:03 - [MESSAGE][PASSED] - Object: 'Object Repository/Modulo Pruebas Planta de Personal/Buscar_puesto_de_trabajo/span_ADMINISTRACION' is clicked on

2022-03-28 09:09:03 - [TEST_STEP][PASSED] - click(findTestObject("Modulo Pruebas Planta de Personal/Buscar_puesto_de_trabajo/a_Cargo_popupBusquedaPlantaj_idt2790")): Object: 'Object Repository/Modulo Pruebas Planta de Personal/Buscar_puesto_de_trabajo/a_Cargo_popupBusquedaPlantaj_idt2790' is clicked on

2022-03-28 09:09:04 - [MESSAGE][PASSED] - Object: 'Object Repository/Modulo Pruebas Planta de Personal/Buscar_puesto_de_trabajo/a_Cargo_popupBusquedaPlantaj_idt2790' is clicked on

2022-03-28 09:09:04 - [TEST_STEP][PASSED] - click(findTestObject("Modulo Pruebas Planta de Personal/Buscar_puesto_de_trabajo/span_ABOGADO")): Object: 'Object Repository/Modulo Pruebas Planta de Personal/Buscar_puesto_de_trabajo/span_ABOGADO' is clicked on

2022-03-28 09:09:05 - [MESSAGE][PASSED] - Object: 'Object Repository/Modulo Pruebas Planta de Personal/Buscar_puesto_de_trabajo/span_ABOGADO' is clicked on

2022-03-28 09:09:05 - [TEST_STEP][PASSED] - click(findTestObject("Modulo Pruebas Planta de Personal/Buscar_puesto_de_trabajo/span_20139    - Abogado")): Object: 'Object Repository/Modulo Pruebas Planta de Personal/Buscar_puesto_de_trabajo/span_20139    - Abogado' is clicked on

2022-03-28 09:09:06 - [MESSAGE][PASSED] - Object: 'Object Repository/Modulo Pruebas Planta de Personal/Buscar_puesto_de_trabajo/span_20139    - Abogado' is clicked on

2022-03-28 09:09:06 - [TEST_STEP][PASSED] - scrollToElement(findTestObject("Modulo Pruebas Planta de Personal/Buscar_puesto_de_trabajo/span_10308"), 0): Scroll to object 'Object Repository/Modulo Pruebas Planta de Personal/Buscar_puesto_de_trabajo/span_10308' successfully

2022-03-28 09:09:06 - [MESSAGE][WARNING] - Timeout '0' is invalid. Using default page load timeout: '45'

2022-03-28 09:09:07 - [MESSAGE][PASSED] - Scroll to object 'Object Repository/Modulo Pruebas Planta de Personal/Buscar_puesto_de_trabajo/span_10308' successfully

2022-03-28 09:09:07 - [MESSAGE][PASSED] - Call Test Case 'Test Cases/1.2-Tareas_Secundarias/A.2-Pruebas_planta_personal/12.1.6-Buscar_puesto_de_trabajo' successfully

2022-03-28 09:09:07 - [TEST_STEP][PASSED] - click(findTestObject("Modulo Pruebas Planta de Personal/Crear_descripción_del_cargo/a_Salgado . Paula_organigramaj_idt111")): Object: 'Object Repository/Modulo Pruebas Planta de Personal/Crear_descripción_del_cargo/a_Salgado . Paula_organigramaj_idt111' is clicked on

2022-03-28 09:09:07 - [MESSAGE][PASSED] - Object: 'Object Repository/Modulo Pruebas Planta de Personal/Crear_descripción_del_cargo/a_Salgado . Paula_organigramaj_idt111' is clicked on

2022-03-28 09:09:07 - [TEST_STEP][PASSED] - if (waitForElementVisible(findTestObject("Modulo Pruebas Planta de Personal/Crear_descripción_del_cargo/a_Aceptar"), 1)): Web element with id: 'Object Repository/Modulo Pruebas Planta de Personal/Crear_descripción_del_cargo/a_Aceptar' located by '//a[contains(text(),'Aceptar')]' not found

2022-03-28 09:09:10 - [MESSAGE][INFO] - Unable to find the element located by 'By.xpath: //a[contains(text(),'Aceptar')]'. Please recheck the objects properties to make sure the desired element is located. 

2022-03-28 09:09:10 - [MESSAGE][WARNING] - Web element with id: 'Object Repository/Modulo Pruebas Planta de Personal/Crear_descripción_del_cargo/a_Aceptar' located by '//a[contains(text(),'Aceptar')]' not found

2022-03-28 09:09:10 - [TEST_STEP][PASSED] - setText(findTestObject("Modulo Pruebas Planta de Personal/Crear_descripción_del_cargo/textarea__descripcionCargo_formj_idt15140idTexto5"), "pruebas k"): Text 'pruebas k' is set on object 'Object Repository/Modulo Pruebas Planta de Personal/Crear_descripción_del_cargo/textarea__descripcionCargo_formj_idt15140idTexto5'

2022-03-28 09:09:11 - [MESSAGE][PASSED] - Text 'pruebas k' is set on object 'Object Repository/Modulo Pruebas Planta de Personal/Crear_descripción_del_cargo/textarea__descripcionCargo_formj_idt15140idTexto5'

2022-03-28 09:09:11 - [TEST_STEP][PASSED] - setText(findTestObject("Modulo Pruebas Planta de Personal/Crear_descripción_del_cargo/textarea__descripcionCargo_formj_idt15141idTexto5"), "pruebas automaticas"): Text 'pruebas automaticas' is set on object 'Object Repository/Modulo Pruebas Planta de Personal/Crear_descripción_del_cargo/textarea__descripcionCargo_formj_idt15141idTexto5'

2022-03-28 09:09:11 - [MESSAGE][PASSED] - Text 'pruebas automaticas' is set on object 'Object Repository/Modulo Pruebas Planta de Personal/Crear_descripción_del_cargo/textarea__descripcionCargo_formj_idt15141idTexto5'

2022-03-28 09:09:11 - [TEST_STEP][PASSED] - setText(findTestObject("Modulo Pruebas Planta de Personal/Crear_descripción_del_cargo/textarea__descripcionCargo_formj_idt15142idTexto5"), "NULL"): Text 'NULL' is set on object 'Object Repository/Modulo Pruebas Planta de Personal/Crear_descripción_del_cargo/textarea__descripcionCargo_formj_idt15142idTexto5'

2022-03-28 09:09:12 - [MESSAGE][PASSED] - Text 'NULL' is set on object 'Object Repository/Modulo Pruebas Planta de Personal/Crear_descripción_del_cargo/textarea__descripcionCargo_formj_idt15142idTexto5'

2022-03-28 09:09:12 - [TEST_STEP][PASSED] - setText(findTestObject("Modulo Pruebas Planta de Personal/Crear_descripción_del_cargo/textarea__descripcionCargo_formj_idt15143idTexto5"), "NULL"): Text 'NULL' is set on object 'Object Repository/Modulo Pruebas Planta de Personal/Crear_descripción_del_cargo/textarea__descripcionCargo_formj_idt15143idTexto5'

2022-03-28 09:09:13 - [MESSAGE][PASSED] - Text 'NULL' is set on object 'Object Repository/Modulo Pruebas Planta de Personal/Crear_descripción_del_cargo/textarea__descripcionCargo_formj_idt15143idTexto5'

2022-03-28 09:09:13 - [TEST_STEP][PASSED] - click(findTestObject("Modulo Pruebas Planta de Personal/Crear_descripción_del_cargo/a_Guardar")): Object: 'Object Repository/Modulo Pruebas Planta de Personal/Crear_descripción_del_cargo/a_Guardar' is clicked on

2022-03-28 09:09:14 - [MESSAGE][PASSED] - Object: 'Object Repository/Modulo Pruebas Planta de Personal/Crear_descripción_del_cargo/a_Guardar' is clicked on

2022-03-28 09:09:14 - [TEST_STEP][PASSED] - if (waitForElementVisible(findTestObject("Modulo Pruebas Planta de Personal/Crear_descripción_del_cargo/p_Se ha actualizado el registro"), 1)): Web element with id: 'Object Repository/Modulo Pruebas Planta de Personal/Crear_descripción_del_cargo/p_Se ha actualizado el registro' located by '//*/text()[normalize-space(.)='Se ha actualizado el registro.']/parent::*' not found

2022-03-28 09:09:16 - [MESSAGE][INFO] - Unable to find the element located by 'By.xpath: //*/text()[normalize-space(.)='Se ha actualizado el registro.']/parent::*'. Please recheck the objects properties to make sure the desired element is located. 

2022-03-28 09:09:16 - [MESSAGE][WARNING] - Web element with id: 'Object Repository/Modulo Pruebas Planta de Personal/Crear_descripción_del_cargo/p_Se ha actualizado el registro' located by '//*/text()[normalize-space(.)='Se ha actualizado el registro.']/parent::*' not found]]></system-out>
         <system-err><![CDATA[]]></system-err>
      </testcase>
      <testcase name="Test Cases/1.2-Tareas_Secundarias/A.2-Pruebas_planta_personal/12.2.2-Copiar_perfil" time="36.291" classname="Test Cases/1.2-Tareas_Secundarias/A.2-Pruebas_planta_personal/12.2.2-Copiar_perfil" status="PASSED">
         <system-out><![CDATA[2022-03-28 09:09:16 - [TEST_CASE][PASSED] - Test Cases/1.2-Tareas_Secundarias/A.2-Pruebas_planta_personal/12.2.2-Copiar_perfil: Test Cases/1.2-Tareas_Secundarias/A.2-Pruebas_planta_personal/12.2.2-Copiar_perfil

2022-03-28 09:09:17 - [TEST_STEP][PASSED] - callTestCase(findTestCase("1.2-Tareas_Secundarias/A.2-Pruebas_planta_personal/12.1.6-Buscar_puesto_de_trabajo"), [:], STOP_ON_FAILURE): Call Test Case 'Test Cases/1.2-Tareas_Secundarias/A.2-Pruebas_planta_personal/12.1.6-Buscar_puesto_de_trabajo' successfully

2022-03-28 09:09:17 - [TEST_CASE][PASSED] - Test Cases/1.2-Tareas_Secundarias/A.2-Pruebas_planta_personal/12.1.6-Buscar_puesto_de_trabajo: Test Cases/1.2-Tareas_Secundarias/A.2-Pruebas_planta_personal/12.1.6-Buscar_puesto_de_trabajo

2022-03-28 09:09:17 - [TEST_STEP][PASSED] - callTestCase(findTestCase("0.1-Login"), [:], STOP_ON_FAILURE): Call Test Case 'Test Cases/0.1-Login' successfully

2022-03-28 09:09:17 - [TEST_CASE][PASSED] - Test Cases/0.1-Login: Test Cases/0.1-Login

2022-03-28 09:09:17 - [TEST_STEP][PASSED] - openBrowser(""): Browser is opened with url: ''

2022-03-28 09:09:17 - [MESSAGE][WARNING] - A browser is already opened. Closing browser and opening a new one

2022-03-28 09:09:18 - [MESSAGE][INFO] - Starting 'Chrome' driver

2022-03-28 09:09:18 - [MESSAGE][INFO] - Action delay is set to 50 milliseconds

2022-03-28 09:09:20 - [MESSAGE][PASSED] - Browser is opened with url: ''

2022-03-28 09:09:20 - [TEST_STEP][PASSED] - maximizeWindow(): Current window maximized

2022-03-28 09:09:20 - [MESSAGE][PASSED] - Current window maximized

2022-03-28 09:09:20 - [TEST_STEP][PASSED] - i = G_Login: null

2022-03-28 09:09:20 - [TEST_STEP][PASSED] - url = new java.net.URL(i): null

2022-03-28 09:09:20 - [TEST_STEP][PASSED] - println("URL: " + url.toString()): null

2022-03-28 09:09:20 - [TEST_STEP][PASSED] - connection = url.openConnection(): null

2022-03-28 09:09:20 - [TEST_STEP][PASSED] - connection.setRequestMethod("GET"): null

2022-03-28 09:09:20 - [TEST_STEP][PASSED] - connection.setReadTimeout(2 * 1000): null

2022-03-28 09:09:20 - [TEST_STEP][PASSED] - try: null

2022-03-28 09:09:20 - [TEST_STEP][PASSED] - connection.connect(): null

2022-03-28 09:09:20 - [TEST_STEP][PASSED] - flag = connected: null

2022-03-28 09:09:20 - [TEST_STEP][PASSED] - println("Valor_ori: " + flag): null

2022-03-28 09:09:20 - [TEST_STEP][PASSED] - if (flag): null

2022-03-28 09:09:20 - [TEST_STEP][PASSED] - navigateToUrl(i): Navigate to 'http://192.168.2.19:8380/saraweb' successfully

2022-03-28 09:09:21 - [MESSAGE][PASSED] - Navigate to 'http://192.168.2.19:8380/saraweb' successfully

2022-03-28 09:09:21 - [TEST_STEP][PASSED] - a(): null

2022-03-28 09:09:21 - [TEST_STEP][PASSED] - setText(findTestObject("Login/input_USUARIO_loginusuario"), G_Usuario): Text 'saraadmin' is set on object 'Object Repository/Login/input_USUARIO_loginusuario'

2022-03-28 09:09:22 - [MESSAGE][PASSED] - Text 'saraadmin' is set on object 'Object Repository/Login/input_USUARIO_loginusuario'

2022-03-28 09:09:22 - [TEST_STEP][PASSED] - setEncryptedText(findTestObject("Login/input_CLAVE_loginpassword"), "MkG4/TYiCFC3cb2driP7+Q=="): Text ****** has been set on object 'Object Repository/Login/input_CLAVE_loginpassword'

2022-03-28 09:09:23 - [MESSAGE][PASSED] - Text ****** has been set on object 'Object Repository/Login/input_CLAVE_loginpassword'

2022-03-28 09:09:23 - [TEST_STEP][PASSED] - waitForElementClickable(findTestObject("Login/a_Ingresar"), G_TimeOut): Object 'Object Repository/Login/a_Ingresar' is clickable

2022-03-28 09:09:23 - [MESSAGE][PASSED] - Object 'Object Repository/Login/a_Ingresar' is clickable

2022-03-28 09:09:23 - [TEST_STEP][PASSED] - click(findTestObject("Login/a_Ingresar")): Object: 'Object Repository/Login/a_Ingresar' is clicked on

2022-03-28 09:09:25 - [MESSAGE][PASSED] - Object: 'Object Repository/Login/a_Ingresar' is clicked on

2022-03-28 09:09:25 - [TEST_STEP][PASSED] - element = findWebElement(findTestObject("Login/a_Ir"), 30): null

2022-03-28 09:09:25 - [TEST_STEP][PASSED] - executeJavaScript("arguments[0].click()", Arrays.asList(element)): Execute JavaScript 'arguments[0].click()' successfully

2022-03-28 09:09:25 - [MESSAGE][PASSED] - Execute JavaScript 'arguments[0].click()' successfully

2022-03-28 09:09:25 - [MESSAGE][PASSED] - Call Test Case 'Test Cases/0.1-Login' successfully

2022-03-28 09:09:25 - [TEST_STEP][PASSED] - setText(findTestObject("input_Empresa 1_form_templatej_idt24_input"), "planta personal (tal)"): Text 'planta personal (tal)' is set on object 'Object Repository/input_Empresa 1_form_templatej_idt24_input'

2022-03-28 09:09:27 - [MESSAGE][PASSED] - Text 'planta personal (tal)' is set on object 'Object Repository/input_Empresa 1_form_templatej_idt24_input'

2022-03-28 09:09:27 - [TEST_STEP][PASSED] - click(findTestObject("Modulo Pruebas Planta de Personal/Buscar_puesto_de_trabajo/span_Planta Personal (ta")): Object: 'Object Repository/Modulo Pruebas Planta de Personal/Buscar_puesto_de_trabajo/span_Planta Personal (ta' is clicked on

2022-03-28 09:09:28 - [MESSAGE][PASSED] - Object: 'Object Repository/Modulo Pruebas Planta de Personal/Buscar_puesto_de_trabajo/span_Planta Personal (ta' is clicked on

2022-03-28 09:09:28 - [TEST_STEP][PASSED] - click(findTestObject("Modulo Pruebas Planta de Personal/Buscar_puesto_de_trabajo/a_Actos Administrativos_organigramabuscar")): Object: 'Object Repository/Modulo Pruebas Planta de Personal/Buscar_puesto_de_trabajo/a_Actos Administrativos_organigramabuscar' is clicked on

2022-03-28 09:09:29 - [MESSAGE][PASSED] - Object: 'Object Repository/Modulo Pruebas Planta de Personal/Buscar_puesto_de_trabajo/a_Actos Administrativos_organigramabuscar' is clicked on

2022-03-28 09:09:29 - [TEST_STEP][PASSED] - selectOptionByIndex(findTestObject("Modulo Pruebas Planta de Personal/Buscar_puesto_de_trabajo/select_--Seleccione--EmpleadoPuesto"), 2): All options with index in [2] are selected on object 'Object Repository/Modulo Pruebas Planta de Personal/Buscar_puesto_de_trabajo/select_--Seleccione--EmpleadoPuesto'

2022-03-28 09:09:31 - [MESSAGE][PASSED] - All options with index in [2] are selected on object 'Object Repository/Modulo Pruebas Planta de Personal/Buscar_puesto_de_trabajo/select_--Seleccione--EmpleadoPuesto'

2022-03-28 09:09:31 - [TEST_STEP][PASSED] - click(findTestObject("Modulo Pruebas Planta de Personal/Buscar_puesto_de_trabajo/a_Cargo_popupBusquedaPlantaj_idt279")): Object: 'Object Repository/Modulo Pruebas Planta de Personal/Buscar_puesto_de_trabajo/a_Cargo_popupBusquedaPlantaj_idt279' is clicked on

2022-03-28 09:09:31 - [MESSAGE][PASSED] - Object: 'Object Repository/Modulo Pruebas Planta de Personal/Buscar_puesto_de_trabajo/a_Cargo_popupBusquedaPlantaj_idt279' is clicked on

2022-03-28 09:09:31 - [TEST_STEP][PASSED] - click(findTestObject("Modulo Pruebas Planta de Personal/Buscar_puesto_de_trabajo/a_Unidad Organizacional_popupBusquedaPlantaj_idt274")): Object: 'Object Repository/Modulo Pruebas Planta de Personal/Buscar_puesto_de_trabajo/a_Unidad Organizacional_popupBusquedaPlantaj_idt274' is clicked on

2022-03-28 09:09:32 - [MESSAGE][PASSED] - Object: 'Object Repository/Modulo Pruebas Planta de Personal/Buscar_puesto_de_trabajo/a_Unidad Organizacional_popupBusquedaPlantaj_idt274' is clicked on

2022-03-28 09:09:32 - [TEST_STEP][PASSED] - setText(findTestObject("Modulo Pruebas Planta de Personal/Buscar_puesto_de_trabajo/input_Unidad_form_popupUnidadUsuarioj_idt880"), "administracion"): Text 'administracion' is set on object 'Object Repository/Modulo Pruebas Planta de Personal/Buscar_puesto_de_trabajo/input_Unidad_form_popupUnidadUsuarioj_idt880'

2022-03-28 09:09:33 - [MESSAGE][PASSED] - Text 'administracion' is set on object 'Object Repository/Modulo Pruebas Planta de Personal/Buscar_puesto_de_trabajo/input_Unidad_form_popupUnidadUsuarioj_idt880'

2022-03-28 09:09:33 - [TEST_STEP][PASSED] - sendKeys(findTestObject("Modulo Pruebas Planta de Personal/Buscar_puesto_de_trabajo/input_Unidad_form_popupUnidadUsuarioj_idt880"), Keys.chord(ENTER)): Keys 'ENTER + ' sent to object: 'Object Repository/Modulo Pruebas Planta de Personal/Buscar_puesto_de_trabajo/input_Unidad_form_popupUnidadUsuarioj_idt880'

2022-03-28 09:09:34 - [MESSAGE][PASSED] - Keys 'ENTER + ' sent to object: 'Object Repository/Modulo Pruebas Planta de Personal/Buscar_puesto_de_trabajo/input_Unidad_form_popupUnidadUsuarioj_idt880'

2022-03-28 09:09:34 - [TEST_STEP][PASSED] - click(findTestObject("Modulo Pruebas Planta de Personal/Buscar_puesto_de_trabajo/span_ADMINISTRACION")): Object: 'Object Repository/Modulo Pruebas Planta de Personal/Buscar_puesto_de_trabajo/span_ADMINISTRACION' is clicked on

2022-03-28 09:09:34 - [MESSAGE][PASSED] - Object: 'Object Repository/Modulo Pruebas Planta de Personal/Buscar_puesto_de_trabajo/span_ADMINISTRACION' is clicked on

2022-03-28 09:09:34 - [TEST_STEP][PASSED] - click(findTestObject("Modulo Pruebas Planta de Personal/Buscar_puesto_de_trabajo/a_Cargo_popupBusquedaPlantaj_idt2790")): Object: 'Object Repository/Modulo Pruebas Planta de Personal/Buscar_puesto_de_trabajo/a_Cargo_popupBusquedaPlantaj_idt2790' is clicked on

2022-03-28 09:09:35 - [MESSAGE][PASSED] - Object: 'Object Repository/Modulo Pruebas Planta de Personal/Buscar_puesto_de_trabajo/a_Cargo_popupBusquedaPlantaj_idt2790' is clicked on

2022-03-28 09:09:35 - [TEST_STEP][PASSED] - click(findTestObject("Modulo Pruebas Planta de Personal/Buscar_puesto_de_trabajo/span_ABOGADO")): Object: 'Object Repository/Modulo Pruebas Planta de Personal/Buscar_puesto_de_trabajo/span_ABOGADO' is clicked on

2022-03-28 09:09:36 - [MESSAGE][PASSED] - Object: 'Object Repository/Modulo Pruebas Planta de Personal/Buscar_puesto_de_trabajo/span_ABOGADO' is clicked on

2022-03-28 09:09:36 - [TEST_STEP][PASSED] - click(findTestObject("Modulo Pruebas Planta de Personal/Buscar_puesto_de_trabajo/span_20139    - Abogado")): Object: 'Object Repository/Modulo Pruebas Planta de Personal/Buscar_puesto_de_trabajo/span_20139    - Abogado' is clicked on

2022-03-28 09:09:37 - [MESSAGE][PASSED] - Object: 'Object Repository/Modulo Pruebas Planta de Personal/Buscar_puesto_de_trabajo/span_20139    - Abogado' is clicked on

2022-03-28 09:09:37 - [TEST_STEP][PASSED] - scrollToElement(findTestObject("Modulo Pruebas Planta de Personal/Buscar_puesto_de_trabajo/span_10308"), 0): Scroll to object 'Object Repository/Modulo Pruebas Planta de Personal/Buscar_puesto_de_trabajo/span_10308' successfully

2022-03-28 09:09:37 - [MESSAGE][WARNING] - Timeout '0' is invalid. Using default page load timeout: '45'

2022-03-28 09:09:38 - [MESSAGE][PASSED] - Scroll to object 'Object Repository/Modulo Pruebas Planta de Personal/Buscar_puesto_de_trabajo/span_10308' successfully

2022-03-28 09:09:38 - [MESSAGE][PASSED] - Call Test Case 'Test Cases/1.2-Tareas_Secundarias/A.2-Pruebas_planta_personal/12.1.6-Buscar_puesto_de_trabajo' successfully

2022-03-28 09:09:38 - [TEST_STEP][PASSED] - click(findTestObject("Modulo Pruebas Planta de Personal/Copiar_perfil/a_Salgado . Paula_organigramaj_idt111")): Object: 'Object Repository/Modulo Pruebas Planta de Personal/Copiar_perfil/a_Salgado . Paula_organigramaj_idt111' is clicked on

2022-03-28 09:09:38 - [MESSAGE][PASSED] - Object: 'Object Repository/Modulo Pruebas Planta de Personal/Copiar_perfil/a_Salgado . Paula_organigramaj_idt111' is clicked on

2022-03-28 09:09:38 - [TEST_STEP][PASSED] - if (waitForElementVisible(findTestObject("Modulo Pruebas Planta de Personal/Copiar_perfil/a_Aceptar"), 1)): Web element with id: 'Object Repository/Modulo Pruebas Planta de Personal/Copiar_perfil/a_Aceptar' located by '//a[contains(text(),'Aceptar')]' not found

2022-03-28 09:09:41 - [MESSAGE][INFO] - Unable to find the element located by 'By.xpath: //a[contains(text(),'Aceptar')]'. Please recheck the objects properties to make sure the desired element is located. 

2022-03-28 09:09:41 - [MESSAGE][WARNING] - Web element with id: 'Object Repository/Modulo Pruebas Planta de Personal/Copiar_perfil/a_Aceptar' located by '//a[contains(text(),'Aceptar')]' not found

2022-03-28 09:09:41 - [TEST_STEP][PASSED] - click(findTestObject("Modulo Pruebas Planta de Personal/Copiar_perfil/a_Copiar Perfil")): Object: 'Object Repository/Modulo Pruebas Planta de Personal/Copiar_perfil/a_Copiar Perfil' is clicked on

2022-03-28 09:09:41 - [MESSAGE][PASSED] - Object: 'Object Repository/Modulo Pruebas Planta de Personal/Copiar_perfil/a_Copiar Perfil' is clicked on

2022-03-28 09:09:41 - [TEST_STEP][PASSED] - click(findTestObject("Modulo Pruebas Planta de Personal/Copiar_perfil/a_Unidad Organizacional_popupCopiarPerfilj_idt2011")): Object: 'Object Repository/Modulo Pruebas Planta de Personal/Copiar_perfil/a_Unidad Organizacional_popupCopiarPerfilj_idt2011' is clicked on

2022-03-28 09:09:42 - [MESSAGE][PASSED] - Object: 'Object Repository/Modulo Pruebas Planta de Personal/Copiar_perfil/a_Unidad Organizacional_popupCopiarPerfilj_idt2011' is clicked on

2022-03-28 09:09:42 - [TEST_STEP][PASSED] - setText(findTestObject("Modulo Pruebas Planta de Personal/Copiar_perfil/input_Unidad Organizacional_formPopUpUnidaddescripciones"), "ADMIN"): Text 'ADMIN' is set on object 'Object Repository/Modulo Pruebas Planta de Personal/Copiar_perfil/input_Unidad Organizacional_formPopUpUnidaddescripciones'

2022-03-28 09:09:43 - [MESSAGE][PASSED] - Text 'ADMIN' is set on object 'Object Repository/Modulo Pruebas Planta de Personal/Copiar_perfil/input_Unidad Organizacional_formPopUpUnidaddescripciones'

2022-03-28 09:09:43 - [TEST_STEP][PASSED] - sendKeys(findTestObject("Modulo Pruebas Planta de Personal/Copiar_perfil/input_Unidad Organizacional_formPopUpUnidaddescripciones"), Keys.chord(ENTER)): Keys 'ENTER + ' sent to object: 'Object Repository/Modulo Pruebas Planta de Personal/Copiar_perfil/input_Unidad Organizacional_formPopUpUnidaddescripciones'

2022-03-28 09:09:44 - [MESSAGE][PASSED] - Keys 'ENTER + ' sent to object: 'Object Repository/Modulo Pruebas Planta de Personal/Copiar_perfil/input_Unidad Organizacional_formPopUpUnidaddescripciones'

2022-03-28 09:09:44 - [TEST_STEP][PASSED] - click(findTestObject("Modulo Pruebas Planta de Personal/Copiar_perfil/td_ADMINISTRACION")): Object: 'Object Repository/Modulo Pruebas Planta de Personal/Copiar_perfil/td_ADMINISTRACION' is clicked on

2022-03-28 09:09:45 - [MESSAGE][PASSED] - Object: 'Object Repository/Modulo Pruebas Planta de Personal/Copiar_perfil/td_ADMINISTRACION' is clicked on

2022-03-28 09:09:45 - [TEST_STEP][PASSED] - click(findTestObject("Modulo Pruebas Planta de Personal/Copiar_perfil/a_Cargo_popupCopiarPerfilj_idt2016")): Object: 'Object Repository/Modulo Pruebas Planta de Personal/Copiar_perfil/a_Cargo_popupCopiarPerfilj_idt2016' is clicked on

2022-03-28 09:09:46 - [MESSAGE][PASSED] - Object: 'Object Repository/Modulo Pruebas Planta de Personal/Copiar_perfil/a_Cargo_popupCopiarPerfilj_idt2016' is clicked on

2022-03-28 09:09:46 - [TEST_STEP][PASSED] - click(findTestObject("Modulo Pruebas Planta de Personal/Copiar_perfil/span_40 MIL STAFF")): Object: 'Object Repository/Modulo Pruebas Planta de Personal/Copiar_perfil/span_40 MIL STAFF' is clicked on

2022-03-28 09:09:47 - [MESSAGE][PASSED] - Object: 'Object Repository/Modulo Pruebas Planta de Personal/Copiar_perfil/span_40 MIL STAFF' is clicked on

2022-03-28 09:09:47 - [TEST_STEP][PASSED] - check(findTestObject("Modulo Pruebas Planta de Personal/Copiar_perfil/div_Puesto_ui-chkbox-box ui-widget ui-corner-all ui-state-default ui-state-hover")): Object 'Object Repository/Modulo Pruebas Planta de Personal/Copiar_perfil/div_Puesto_ui-chkbox-box ui-widget ui-corner-all ui-state-default ui-state-hover' is checked

2022-03-28 09:09:48 - [MESSAGE][PASSED] - Object 'Object Repository/Modulo Pruebas Planta de Personal/Copiar_perfil/div_Puesto_ui-chkbox-box ui-widget ui-corner-all ui-state-default ui-state-hover' is checked

2022-03-28 09:09:48 - [TEST_STEP][PASSED] - click(findTestObject("Modulo Pruebas Planta de Personal/Copiar_perfil/a_Continuar")): Object: 'Object Repository/Modulo Pruebas Planta de Personal/Copiar_perfil/a_Continuar' is clicked on

2022-03-28 09:09:48 - [MESSAGE][PASSED] - Object: 'Object Repository/Modulo Pruebas Planta de Personal/Copiar_perfil/a_Continuar' is clicked on

2022-03-28 09:09:48 - [TEST_STEP][PASSED] - click(findTestObject("Modulo Pruebas Planta de Personal/Copiar_perfil/div_Descripcin_ui-chkbox-box ui-widget ui-corner-all ui-state-default")): Object: 'Object Repository/Modulo Pruebas Planta de Personal/Copiar_perfil/div_Descripcin_ui-chkbox-box ui-widget ui-corner-all ui-state-default' is clicked on

2022-03-28 09:09:49 - [MESSAGE][PASSED] - Object: 'Object Repository/Modulo Pruebas Planta de Personal/Copiar_perfil/div_Descripcin_ui-chkbox-box ui-widget ui-corner-all ui-state-default' is clicked on

2022-03-28 09:09:49 - [TEST_STEP][PASSED] - click(findTestObject("Modulo Pruebas Planta de Personal/Copiar_perfil/a_Aplicar")): Object: 'Object Repository/Modulo Pruebas Planta de Personal/Copiar_perfil/a_Aplicar' is clicked on

2022-03-28 09:09:50 - [MESSAGE][PASSED] - Object: 'Object Repository/Modulo Pruebas Planta de Personal/Copiar_perfil/a_Aplicar' is clicked on

2022-03-28 09:09:50 - [TEST_STEP][PASSED] - if (waitForElementVisible(findTestObject("Modulo Pruebas Planta de Personal/Copiar_perfil/p_Se ha realizado la copia del perfil a los puestos de trabajo seleccionados"), 1)): null

2022-03-28 09:09:51 - [MESSAGE][PASSED] - Object 'Object Repository/Modulo Pruebas Planta de Personal/Copiar_perfil/p_Se ha realizado la copia del perfil a los puestos de trabajo seleccionados' is visible

2022-03-28 09:09:51 - [TEST_STEP][PASSED] - closeBrowser(): Browser is closed

2022-03-28 09:09:53 - [MESSAGE][PASSED] - Browser is closed]]></system-out>
         <system-err><![CDATA[]]></system-err>
      </testcase>
      <testcase name="Test Cases/1.2-Tareas_Secundarias/A.2-Pruebas_planta_personal/12.2.3-Crear_descripción_del_cargo_(PUESTO_TRABAJO_MULTIPLE)" time="26.315" classname="Test Cases/1.2-Tareas_Secundarias/A.2-Pruebas_planta_personal/12.2.3-Crear_descripción_del_cargo_(PUESTO_TRABAJO_MULTIPLE)" status="PASSED">
         <system-out><![CDATA[2022-03-28 09:09:53 - [TEST_CASE][PASSED] - Test Cases/1.2-Tareas_Secundarias/A.2-Pruebas_planta_personal/12.2.3-Crear_descripción_del_cargo_(PUESTO_TRABAJO_MULTIPLE): Test Cases/1.2-Tareas_Secundarias/A.2-Pruebas_planta_personal/12.2.3-Crear_descripción_del_cargo_(PUESTO_TRABAJO_MULTIPLE)

2022-03-28 09:09:53 - [TEST_STEP][PASSED] - callTestCase(findTestCase("0.1-Login"), [:], STOP_ON_FAILURE): Call Test Case 'Test Cases/0.1-Login' successfully

2022-03-28 09:09:53 - [TEST_CASE][PASSED] - Test Cases/0.1-Login: Test Cases/0.1-Login

2022-03-28 09:09:53 - [TEST_STEP][PASSED] - openBrowser(""): Browser is opened with url: ''

2022-03-28 09:09:53 - [MESSAGE][INFO] - Starting 'Chrome' driver

2022-03-28 09:09:53 - [MESSAGE][INFO] - Action delay is set to 50 milliseconds

2022-03-28 09:09:55 - [MESSAGE][PASSED] - Browser is opened with url: ''

2022-03-28 09:09:55 - [TEST_STEP][PASSED] - maximizeWindow(): Current window maximized

2022-03-28 09:09:55 - [MESSAGE][PASSED] - Current window maximized

2022-03-28 09:09:55 - [TEST_STEP][PASSED] - i = G_Login: null

2022-03-28 09:09:55 - [TEST_STEP][PASSED] - url = new java.net.URL(i): null

2022-03-28 09:09:55 - [TEST_STEP][PASSED] - println("URL: " + url.toString()): null

2022-03-28 09:09:55 - [TEST_STEP][PASSED] - connection = url.openConnection(): null

2022-03-28 09:09:55 - [TEST_STEP][PASSED] - connection.setRequestMethod("GET"): null

2022-03-28 09:09:55 - [TEST_STEP][PASSED] - connection.setReadTimeout(2 * 1000): null

2022-03-28 09:09:55 - [TEST_STEP][PASSED] - try: null

2022-03-28 09:09:55 - [TEST_STEP][PASSED] - connection.connect(): null

2022-03-28 09:09:55 - [TEST_STEP][PASSED] - flag = connected: null

2022-03-28 09:09:55 - [TEST_STEP][PASSED] - println("Valor_ori: " + flag): null

2022-03-28 09:09:55 - [TEST_STEP][PASSED] - if (flag): null

2022-03-28 09:09:55 - [TEST_STEP][PASSED] - navigateToUrl(i): Navigate to 'http://192.168.2.19:8380/saraweb' successfully

2022-03-28 09:09:55 - [MESSAGE][PASSED] - Navigate to 'http://192.168.2.19:8380/saraweb' successfully

2022-03-28 09:09:55 - [TEST_STEP][PASSED] - a(): null

2022-03-28 09:09:55 - [TEST_STEP][PASSED] - setText(findTestObject("Login/input_USUARIO_loginusuario"), G_Usuario): Text 'saraadmin' is set on object 'Object Repository/Login/input_USUARIO_loginusuario'

2022-03-28 09:09:56 - [MESSAGE][PASSED] - Text 'saraadmin' is set on object 'Object Repository/Login/input_USUARIO_loginusuario'

2022-03-28 09:09:56 - [TEST_STEP][PASSED] - setEncryptedText(findTestObject("Login/input_CLAVE_loginpassword"), "MkG4/TYiCFC3cb2driP7+Q=="): Text ****** has been set on object 'Object Repository/Login/input_CLAVE_loginpassword'

2022-03-28 09:09:57 - [MESSAGE][PASSED] - Text ****** has been set on object 'Object Repository/Login/input_CLAVE_loginpassword'

2022-03-28 09:09:57 - [TEST_STEP][PASSED] - waitForElementClickable(findTestObject("Login/a_Ingresar"), G_TimeOut): Object 'Object Repository/Login/a_Ingresar' is clickable

2022-03-28 09:09:57 - [MESSAGE][PASSED] - Object 'Object Repository/Login/a_Ingresar' is clickable

2022-03-28 09:09:57 - [TEST_STEP][PASSED] - click(findTestObject("Login/a_Ingresar")): Object: 'Object Repository/Login/a_Ingresar' is clicked on

2022-03-28 09:09:59 - [MESSAGE][PASSED] - Object: 'Object Repository/Login/a_Ingresar' is clicked on

2022-03-28 09:09:59 - [TEST_STEP][PASSED] - element = findWebElement(findTestObject("Login/a_Ir"), 30): null

2022-03-28 09:09:59 - [TEST_STEP][PASSED] - executeJavaScript("arguments[0].click()", Arrays.asList(element)): Execute JavaScript 'arguments[0].click()' successfully

2022-03-28 09:09:59 - [MESSAGE][PASSED] - Execute JavaScript 'arguments[0].click()' successfully

2022-03-28 09:09:59 - [MESSAGE][PASSED] - Call Test Case 'Test Cases/0.1-Login' successfully

2022-03-28 09:09:59 - [TEST_STEP][PASSED] - setText(findTestObject("Modulo Pruebas Planta de Personal/Crear_descripción_del_cargo(Puesto_trabajo_multiple)/input_Empresa 1_form_templatej_idt24_input"), "Listado Descripcion Cargo (tal)"): Text 'Listado Descripcion Cargo (tal)' is set on object 'Object Repository/Modulo Pruebas Planta de Personal/Crear_descripción_del_cargo(Puesto_trabajo_multiple)/input_Empresa 1_form_templatej_idt24_input'

2022-03-28 09:10:01 - [MESSAGE][PASSED] - Text 'Listado Descripcion Cargo (tal)' is set on object 'Object Repository/Modulo Pruebas Planta de Personal/Crear_descripción_del_cargo(Puesto_trabajo_multiple)/input_Empresa 1_form_templatej_idt24_input'

2022-03-28 09:10:01 - [TEST_STEP][PASSED] - click(findTestObject("Modulo Pruebas Planta de Personal/Crear_descripción_del_cargo(Puesto_trabajo_multiple)/li_Listado Descripcion Cargo (tal)")): Object: 'Object Repository/Modulo Pruebas Planta de Personal/Crear_descripción_del_cargo(Puesto_trabajo_multiple)/li_Listado Descripcion Cargo (tal)' is clicked on

2022-03-28 09:10:02 - [MESSAGE][PASSED] - Object: 'Object Repository/Modulo Pruebas Planta de Personal/Crear_descripción_del_cargo(Puesto_trabajo_multiple)/li_Listado Descripcion Cargo (tal)' is clicked on

2022-03-28 09:10:02 - [TEST_STEP][PASSED] - click(findTestObject("Modulo Pruebas Planta de Personal/Crear_descripción_del_cargo(Puesto_trabajo_multiple)/a_Nuevo")): Object: 'Object Repository/Modulo Pruebas Planta de Personal/Crear_descripción_del_cargo(Puesto_trabajo_multiple)/a_Nuevo' is clicked on

2022-03-28 09:10:04 - [MESSAGE][PASSED] - Object: 'Object Repository/Modulo Pruebas Planta de Personal/Crear_descripción_del_cargo(Puesto_trabajo_multiple)/a_Nuevo' is clicked on

2022-03-28 09:10:04 - [TEST_STEP][PASSED] - click(findTestObject("Modulo Pruebas Planta de Personal/Crear_descripción_del_cargo(Puesto_trabajo_multiple)/a_Unidad Organizacional_form_listadoDescripcionCargoj_idt115")): Object: 'Object Repository/Modulo Pruebas Planta de Personal/Crear_descripción_del_cargo(Puesto_trabajo_multiple)/a_Unidad Organizacional_form_listadoDescripcionCargoj_idt115' is clicked on

2022-03-28 09:10:04 - [MESSAGE][PASSED] - Object: 'Object Repository/Modulo Pruebas Planta de Personal/Crear_descripción_del_cargo(Puesto_trabajo_multiple)/a_Unidad Organizacional_form_listadoDescripcionCargoj_idt115' is clicked on

2022-03-28 09:10:04 - [TEST_STEP][PASSED] - setText(findTestObject("Modulo Pruebas Planta de Personal/Crear_descripción_del_cargo(Puesto_trabajo_multiple)/input_Unidad_form_popupUnidadUsuarioj_idt612"), "ADMINISTRACION"): Text 'ADMINISTRACION' is set on object 'Object Repository/Modulo Pruebas Planta de Personal/Crear_descripción_del_cargo(Puesto_trabajo_multiple)/input_Unidad_form_popupUnidadUsuarioj_idt612'

2022-03-28 09:10:06 - [MESSAGE][PASSED] - Text 'ADMINISTRACION' is set on object 'Object Repository/Modulo Pruebas Planta de Personal/Crear_descripción_del_cargo(Puesto_trabajo_multiple)/input_Unidad_form_popupUnidadUsuarioj_idt612'

2022-03-28 09:10:06 - [TEST_STEP][PASSED] - sendKeys(findTestObject("Modulo Pruebas Planta de Personal/Crear_descripción_del_cargo(Puesto_trabajo_multiple)/input_Unidad_form_popupUnidadUsuarioj_idt612"), Keys.chord(ENTER)): Keys 'ENTER + ' sent to object: 'Object Repository/Modulo Pruebas Planta de Personal/Crear_descripción_del_cargo(Puesto_trabajo_multiple)/input_Unidad_form_popupUnidadUsuarioj_idt612'

2022-03-28 09:10:06 - [MESSAGE][PASSED] - Keys 'ENTER + ' sent to object: 'Object Repository/Modulo Pruebas Planta de Personal/Crear_descripción_del_cargo(Puesto_trabajo_multiple)/input_Unidad_form_popupUnidadUsuarioj_idt612'

2022-03-28 09:10:06 - [TEST_STEP][PASSED] - click(findTestObject("Modulo Pruebas Planta de Personal/Crear_descripción_del_cargo(Puesto_trabajo_multiple)/span_ADMINISTRACION")): Object: 'Object Repository/Modulo Pruebas Planta de Personal/Crear_descripción_del_cargo(Puesto_trabajo_multiple)/span_ADMINISTRACION' is clicked on

2022-03-28 09:10:07 - [MESSAGE][PASSED] - Object: 'Object Repository/Modulo Pruebas Planta de Personal/Crear_descripción_del_cargo(Puesto_trabajo_multiple)/span_ADMINISTRACION' is clicked on

2022-03-28 09:10:07 - [TEST_STEP][PASSED] - click(findTestObject("Modulo Pruebas Planta de Personal/Crear_descripción_del_cargo(Puesto_trabajo_multiple)/a_Cargo_form_listadoDescripcionCargoj_idt120")): Object: 'Object Repository/Modulo Pruebas Planta de Personal/Crear_descripción_del_cargo(Puesto_trabajo_multiple)/a_Cargo_form_listadoDescripcionCargoj_idt120' is clicked on

2022-03-28 09:10:08 - [MESSAGE][PASSED] - Object: 'Object Repository/Modulo Pruebas Planta de Personal/Crear_descripción_del_cargo(Puesto_trabajo_multiple)/a_Cargo_form_listadoDescripcionCargoj_idt120' is clicked on

2022-03-28 09:10:08 - [TEST_STEP][PASSED] - click(findTestObject("Modulo Pruebas Planta de Personal/Crear_descripción_del_cargo(Puesto_trabajo_multiple)/span_ABOGADO")): Object: 'Object Repository/Modulo Pruebas Planta de Personal/Crear_descripción_del_cargo(Puesto_trabajo_multiple)/span_ABOGADO' is clicked on

2022-03-28 09:10:09 - [MESSAGE][PASSED] - Object: 'Object Repository/Modulo Pruebas Planta de Personal/Crear_descripción_del_cargo(Puesto_trabajo_multiple)/span_ABOGADO' is clicked on

2022-03-28 09:10:09 - [TEST_STEP][PASSED] - click(findTestObject("Modulo Pruebas Planta de Personal/Crear_descripción_del_cargo(Puesto_trabajo_multiple)/span_20139    - Abogado")): Object: 'Object Repository/Modulo Pruebas Planta de Personal/Crear_descripción_del_cargo(Puesto_trabajo_multiple)/span_20139    - Abogado' is clicked on

2022-03-28 09:10:09 - [MESSAGE][PASSED] - Object: 'Object Repository/Modulo Pruebas Planta de Personal/Crear_descripción_del_cargo(Puesto_trabajo_multiple)/span_20139    - Abogado' is clicked on

2022-03-28 09:10:09 - [TEST_STEP][PASSED] - setText(findTestObject("Modulo Pruebas Planta de Personal/Crear_descripción_del_cargo(Puesto_trabajo_multiple)/input__descripcionCargo_formj_idt7270fecha_input"), "01/07/2021"): Text '01/07/2021' is set on object 'Object Repository/Modulo Pruebas Planta de Personal/Crear_descripción_del_cargo(Puesto_trabajo_multiple)/input__descripcionCargo_formj_idt7270fecha_input'

2022-03-28 09:10:11 - [MESSAGE][PASSED] - Text '01/07/2021' is set on object 'Object Repository/Modulo Pruebas Planta de Personal/Crear_descripción_del_cargo(Puesto_trabajo_multiple)/input__descripcionCargo_formj_idt7270fecha_input'

2022-03-28 09:10:11 - [TEST_STEP][PASSED] - setText(findTestObject("Modulo Pruebas Planta de Personal/Crear_descripción_del_cargo(Puesto_trabajo_multiple)/textarea__descripcionCargo_formj_idt7272idTexto5"), "pruebas katalon"): Text 'pruebas katalon' is set on object 'Object Repository/Modulo Pruebas Planta de Personal/Crear_descripción_del_cargo(Puesto_trabajo_multiple)/textarea__descripcionCargo_formj_idt7272idTexto5'

2022-03-28 09:10:12 - [MESSAGE][PASSED] - Text 'pruebas katalon' is set on object 'Object Repository/Modulo Pruebas Planta de Personal/Crear_descripción_del_cargo(Puesto_trabajo_multiple)/textarea__descripcionCargo_formj_idt7272idTexto5'

2022-03-28 09:10:12 - [TEST_STEP][PASSED] - setText(findTestObject("Modulo Pruebas Planta de Personal/Crear_descripción_del_cargo(Puesto_trabajo_multiple)/textarea__descripcionCargo_formj_idt7274idTexto5"), "pruebas katalon"): Text 'pruebas katalon' is set on object 'Object Repository/Modulo Pruebas Planta de Personal/Crear_descripción_del_cargo(Puesto_trabajo_multiple)/textarea__descripcionCargo_formj_idt7274idTexto5'

2022-03-28 09:10:13 - [MESSAGE][PASSED] - Text 'pruebas katalon' is set on object 'Object Repository/Modulo Pruebas Planta de Personal/Crear_descripción_del_cargo(Puesto_trabajo_multiple)/textarea__descripcionCargo_formj_idt7274idTexto5'

2022-03-28 09:10:13 - [TEST_STEP][PASSED] - setText(findTestObject("Modulo Pruebas Planta de Personal/Crear_descripción_del_cargo(Puesto_trabajo_multiple)/textarea__descripcionCargo_formj_idt7276idTexto5"), "pruebas katalon"): Text 'pruebas katalon' is set on object 'Object Repository/Modulo Pruebas Planta de Personal/Crear_descripción_del_cargo(Puesto_trabajo_multiple)/textarea__descripcionCargo_formj_idt7276idTexto5'

2022-03-28 09:10:14 - [MESSAGE][PASSED] - Text 'pruebas katalon' is set on object 'Object Repository/Modulo Pruebas Planta de Personal/Crear_descripción_del_cargo(Puesto_trabajo_multiple)/textarea__descripcionCargo_formj_idt7276idTexto5'

2022-03-28 09:10:14 - [TEST_STEP][PASSED] - setText(findTestObject("Modulo Pruebas Planta de Personal/Crear_descripción_del_cargo(Puesto_trabajo_multiple)/textarea__descripcionCargo_formj_idt7277idTexto5"), "pruebas katalon"): Text 'pruebas katalon' is set on object 'Object Repository/Modulo Pruebas Planta de Personal/Crear_descripción_del_cargo(Puesto_trabajo_multiple)/textarea__descripcionCargo_formj_idt7277idTexto5'

2022-03-28 09:10:15 - [MESSAGE][PASSED] - Text 'pruebas katalon' is set on object 'Object Repository/Modulo Pruebas Planta de Personal/Crear_descripción_del_cargo(Puesto_trabajo_multiple)/textarea__descripcionCargo_formj_idt7277idTexto5'

2022-03-28 09:10:15 - [TEST_STEP][PASSED] - click(findTestObject("Modulo Pruebas Planta de Personal/Crear_descripción_del_cargo(Puesto_trabajo_multiple)/a_Guardar")): Object: 'Object Repository/Modulo Pruebas Planta de Personal/Crear_descripción_del_cargo(Puesto_trabajo_multiple)/a_Guardar' is clicked on

2022-03-28 09:10:15 - [MESSAGE][PASSED] - Object: 'Object Repository/Modulo Pruebas Planta de Personal/Crear_descripción_del_cargo(Puesto_trabajo_multiple)/a_Guardar' is clicked on

2022-03-28 09:10:15 - [TEST_STEP][PASSED] - if (waitForElementVisible(findTestObject("Modulo Pruebas Planta de Personal/Crear_descripción_del_cargo(Puesto_trabajo_multiple)/a_Definir_Perfil"), 1)): null

2022-03-28 09:10:18 - [MESSAGE][PASSED] - Object 'Object Repository/Modulo Pruebas Planta de Personal/Crear_descripción_del_cargo(Puesto_trabajo_multiple)/a_Definir_Perfil' is visible

2022-03-28 09:10:18 - [TEST_STEP][PASSED] - closeBrowser(): Browser is closed

2022-03-28 09:10:19 - [MESSAGE][PASSED] - Browser is closed]]></system-out>
         <system-err><![CDATA[]]></system-err>
      </testcase>
      <testcase name="Test Cases/1.2-Tareas_Secundarias/A.2-Pruebas_planta_personal/12.2.4-Copiar_perfil_(Puesto_de_Trabajo)" time="36.538" classname="Test Cases/1.2-Tareas_Secundarias/A.2-Pruebas_planta_personal/12.2.4-Copiar_perfil_(Puesto_de_Trabajo)" status="PASSED">
         <system-out><![CDATA[2022-03-28 09:10:19 - [TEST_CASE][PASSED] - Test Cases/1.2-Tareas_Secundarias/A.2-Pruebas_planta_personal/12.2.4-Copiar_perfil_(Puesto_de_Trabajo): Test Cases/1.2-Tareas_Secundarias/A.2-Pruebas_planta_personal/12.2.4-Copiar_perfil_(Puesto_de_Trabajo)

2022-03-28 09:10:20 - [TEST_STEP][PASSED] - callTestCase(findTestCase("1.2-Tareas_Secundarias/A.2-Pruebas_planta_personal/12.1.6-Buscar_puesto_de_trabajo"), [:], STOP_ON_FAILURE): Call Test Case 'Test Cases/1.2-Tareas_Secundarias/A.2-Pruebas_planta_personal/12.1.6-Buscar_puesto_de_trabajo' successfully

2022-03-28 09:10:20 - [TEST_CASE][PASSED] - Test Cases/1.2-Tareas_Secundarias/A.2-Pruebas_planta_personal/12.1.6-Buscar_puesto_de_trabajo: Test Cases/1.2-Tareas_Secundarias/A.2-Pruebas_planta_personal/12.1.6-Buscar_puesto_de_trabajo

2022-03-28 09:10:20 - [TEST_STEP][PASSED] - callTestCase(findTestCase("0.1-Login"), [:], STOP_ON_FAILURE): Call Test Case 'Test Cases/0.1-Login' successfully

2022-03-28 09:10:20 - [TEST_CASE][PASSED] - Test Cases/0.1-Login: Test Cases/0.1-Login

2022-03-28 09:10:20 - [TEST_STEP][PASSED] - openBrowser(""): Browser is opened with url: ''

2022-03-28 09:10:20 - [MESSAGE][INFO] - Starting 'Chrome' driver

2022-03-28 09:10:20 - [MESSAGE][INFO] - Action delay is set to 50 milliseconds

2022-03-28 09:10:22 - [MESSAGE][PASSED] - Browser is opened with url: ''

2022-03-28 09:10:22 - [TEST_STEP][PASSED] - maximizeWindow(): Current window maximized

2022-03-28 09:10:22 - [MESSAGE][PASSED] - Current window maximized

2022-03-28 09:10:22 - [TEST_STEP][PASSED] - i = G_Login: null

2022-03-28 09:10:22 - [TEST_STEP][PASSED] - url = new java.net.URL(i): null

2022-03-28 09:10:22 - [TEST_STEP][PASSED] - println("URL: " + url.toString()): null

2022-03-28 09:10:22 - [TEST_STEP][PASSED] - connection = url.openConnection(): null

2022-03-28 09:10:22 - [TEST_STEP][PASSED] - connection.setRequestMethod("GET"): null

2022-03-28 09:10:22 - [TEST_STEP][PASSED] - connection.setReadTimeout(2 * 1000): null

2022-03-28 09:10:22 - [TEST_STEP][PASSED] - try: null

2022-03-28 09:10:22 - [TEST_STEP][PASSED] - connection.connect(): null

2022-03-28 09:10:22 - [TEST_STEP][PASSED] - flag = connected: null

2022-03-28 09:10:22 - [TEST_STEP][PASSED] - println("Valor_ori: " + flag): null

2022-03-28 09:10:22 - [TEST_STEP][PASSED] - if (flag): null

2022-03-28 09:10:22 - [TEST_STEP][PASSED] - navigateToUrl(i): Navigate to 'http://192.168.2.19:8380/saraweb' successfully

2022-03-28 09:10:23 - [MESSAGE][PASSED] - Navigate to 'http://192.168.2.19:8380/saraweb' successfully

2022-03-28 09:10:23 - [TEST_STEP][PASSED] - a(): null

2022-03-28 09:10:23 - [TEST_STEP][PASSED] - setText(findTestObject("Login/input_USUARIO_loginusuario"), G_Usuario): Text 'saraadmin' is set on object 'Object Repository/Login/input_USUARIO_loginusuario'

2022-03-28 09:10:24 - [MESSAGE][PASSED] - Text 'saraadmin' is set on object 'Object Repository/Login/input_USUARIO_loginusuario'

2022-03-28 09:10:24 - [TEST_STEP][PASSED] - setEncryptedText(findTestObject("Login/input_CLAVE_loginpassword"), "MkG4/TYiCFC3cb2driP7+Q=="): Text ****** has been set on object 'Object Repository/Login/input_CLAVE_loginpassword'

2022-03-28 09:10:24 - [MESSAGE][PASSED] - Text ****** has been set on object 'Object Repository/Login/input_CLAVE_loginpassword'

2022-03-28 09:10:24 - [TEST_STEP][PASSED] - waitForElementClickable(findTestObject("Login/a_Ingresar"), G_TimeOut): Object 'Object Repository/Login/a_Ingresar' is clickable

2022-03-28 09:10:25 - [MESSAGE][PASSED] - Object 'Object Repository/Login/a_Ingresar' is clickable

2022-03-28 09:10:25 - [TEST_STEP][PASSED] - click(findTestObject("Login/a_Ingresar")): Object: 'Object Repository/Login/a_Ingresar' is clicked on

2022-03-28 09:10:26 - [MESSAGE][PASSED] - Object: 'Object Repository/Login/a_Ingresar' is clicked on

2022-03-28 09:10:26 - [TEST_STEP][PASSED] - element = findWebElement(findTestObject("Login/a_Ir"), 30): null

2022-03-28 09:10:26 - [TEST_STEP][PASSED] - executeJavaScript("arguments[0].click()", Arrays.asList(element)): Execute JavaScript 'arguments[0].click()' successfully

2022-03-28 09:10:26 - [MESSAGE][PASSED] - Execute JavaScript 'arguments[0].click()' successfully

2022-03-28 09:10:26 - [MESSAGE][PASSED] - Call Test Case 'Test Cases/0.1-Login' successfully

2022-03-28 09:10:26 - [TEST_STEP][PASSED] - setText(findTestObject("input_Empresa 1_form_templatej_idt24_input"), "planta personal (tal)"): Text 'planta personal (tal)' is set on object 'Object Repository/input_Empresa 1_form_templatej_idt24_input'

2022-03-28 09:10:28 - [MESSAGE][PASSED] - Text 'planta personal (tal)' is set on object 'Object Repository/input_Empresa 1_form_templatej_idt24_input'

2022-03-28 09:10:28 - [TEST_STEP][PASSED] - click(findTestObject("Modulo Pruebas Planta de Personal/Buscar_puesto_de_trabajo/span_Planta Personal (ta")): Object: 'Object Repository/Modulo Pruebas Planta de Personal/Buscar_puesto_de_trabajo/span_Planta Personal (ta' is clicked on

2022-03-28 09:10:29 - [MESSAGE][PASSED] - Object: 'Object Repository/Modulo Pruebas Planta de Personal/Buscar_puesto_de_trabajo/span_Planta Personal (ta' is clicked on

2022-03-28 09:10:29 - [TEST_STEP][PASSED] - click(findTestObject("Modulo Pruebas Planta de Personal/Buscar_puesto_de_trabajo/a_Actos Administrativos_organigramabuscar")): Object: 'Object Repository/Modulo Pruebas Planta de Personal/Buscar_puesto_de_trabajo/a_Actos Administrativos_organigramabuscar' is clicked on

2022-03-28 09:10:30 - [MESSAGE][PASSED] - Object: 'Object Repository/Modulo Pruebas Planta de Personal/Buscar_puesto_de_trabajo/a_Actos Administrativos_organigramabuscar' is clicked on

2022-03-28 09:10:30 - [TEST_STEP][PASSED] - selectOptionByIndex(findTestObject("Modulo Pruebas Planta de Personal/Buscar_puesto_de_trabajo/select_--Seleccione--EmpleadoPuesto"), 2): All options with index in [2] are selected on object 'Object Repository/Modulo Pruebas Planta de Personal/Buscar_puesto_de_trabajo/select_--Seleccione--EmpleadoPuesto'

2022-03-28 09:10:32 - [MESSAGE][PASSED] - All options with index in [2] are selected on object 'Object Repository/Modulo Pruebas Planta de Personal/Buscar_puesto_de_trabajo/select_--Seleccione--EmpleadoPuesto'

2022-03-28 09:10:32 - [TEST_STEP][PASSED] - click(findTestObject("Modulo Pruebas Planta de Personal/Buscar_puesto_de_trabajo/a_Cargo_popupBusquedaPlantaj_idt279")): Object: 'Object Repository/Modulo Pruebas Planta de Personal/Buscar_puesto_de_trabajo/a_Cargo_popupBusquedaPlantaj_idt279' is clicked on

2022-03-28 09:10:33 - [MESSAGE][PASSED] - Object: 'Object Repository/Modulo Pruebas Planta de Personal/Buscar_puesto_de_trabajo/a_Cargo_popupBusquedaPlantaj_idt279' is clicked on

2022-03-28 09:10:33 - [TEST_STEP][PASSED] - click(findTestObject("Modulo Pruebas Planta de Personal/Buscar_puesto_de_trabajo/a_Unidad Organizacional_popupBusquedaPlantaj_idt274")): Object: 'Object Repository/Modulo Pruebas Planta de Personal/Buscar_puesto_de_trabajo/a_Unidad Organizacional_popupBusquedaPlantaj_idt274' is clicked on

2022-03-28 09:10:34 - [MESSAGE][PASSED] - Object: 'Object Repository/Modulo Pruebas Planta de Personal/Buscar_puesto_de_trabajo/a_Unidad Organizacional_popupBusquedaPlantaj_idt274' is clicked on

2022-03-28 09:10:34 - [TEST_STEP][PASSED] - setText(findTestObject("Modulo Pruebas Planta de Personal/Buscar_puesto_de_trabajo/input_Unidad_form_popupUnidadUsuarioj_idt880"), "administracion"): Text 'administracion' is set on object 'Object Repository/Modulo Pruebas Planta de Personal/Buscar_puesto_de_trabajo/input_Unidad_form_popupUnidadUsuarioj_idt880'

2022-03-28 09:10:35 - [MESSAGE][PASSED] - Text 'administracion' is set on object 'Object Repository/Modulo Pruebas Planta de Personal/Buscar_puesto_de_trabajo/input_Unidad_form_popupUnidadUsuarioj_idt880'

2022-03-28 09:10:35 - [TEST_STEP][PASSED] - sendKeys(findTestObject("Modulo Pruebas Planta de Personal/Buscar_puesto_de_trabajo/input_Unidad_form_popupUnidadUsuarioj_idt880"), Keys.chord(ENTER)): Keys 'ENTER + ' sent to object: 'Object Repository/Modulo Pruebas Planta de Personal/Buscar_puesto_de_trabajo/input_Unidad_form_popupUnidadUsuarioj_idt880'

2022-03-28 09:10:35 - [MESSAGE][PASSED] - Keys 'ENTER + ' sent to object: 'Object Repository/Modulo Pruebas Planta de Personal/Buscar_puesto_de_trabajo/input_Unidad_form_popupUnidadUsuarioj_idt880'

2022-03-28 09:10:35 - [TEST_STEP][PASSED] - click(findTestObject("Modulo Pruebas Planta de Personal/Buscar_puesto_de_trabajo/span_ADMINISTRACION")): Object: 'Object Repository/Modulo Pruebas Planta de Personal/Buscar_puesto_de_trabajo/span_ADMINISTRACION' is clicked on

2022-03-28 09:10:36 - [MESSAGE][PASSED] - Object: 'Object Repository/Modulo Pruebas Planta de Personal/Buscar_puesto_de_trabajo/span_ADMINISTRACION' is clicked on

2022-03-28 09:10:36 - [TEST_STEP][PASSED] - click(findTestObject("Modulo Pruebas Planta de Personal/Buscar_puesto_de_trabajo/a_Cargo_popupBusquedaPlantaj_idt2790")): Object: 'Object Repository/Modulo Pruebas Planta de Personal/Buscar_puesto_de_trabajo/a_Cargo_popupBusquedaPlantaj_idt2790' is clicked on

2022-03-28 09:10:37 - [MESSAGE][PASSED] - Object: 'Object Repository/Modulo Pruebas Planta de Personal/Buscar_puesto_de_trabajo/a_Cargo_popupBusquedaPlantaj_idt2790' is clicked on

2022-03-28 09:10:37 - [TEST_STEP][PASSED] - click(findTestObject("Modulo Pruebas Planta de Personal/Buscar_puesto_de_trabajo/span_ABOGADO")): Object: 'Object Repository/Modulo Pruebas Planta de Personal/Buscar_puesto_de_trabajo/span_ABOGADO' is clicked on

2022-03-28 09:10:38 - [MESSAGE][PASSED] - Object: 'Object Repository/Modulo Pruebas Planta de Personal/Buscar_puesto_de_trabajo/span_ABOGADO' is clicked on

2022-03-28 09:10:38 - [TEST_STEP][PASSED] - click(findTestObject("Modulo Pruebas Planta de Personal/Buscar_puesto_de_trabajo/span_20139    - Abogado")): Object: 'Object Repository/Modulo Pruebas Planta de Personal/Buscar_puesto_de_trabajo/span_20139    - Abogado' is clicked on

2022-03-28 09:10:39 - [MESSAGE][PASSED] - Object: 'Object Repository/Modulo Pruebas Planta de Personal/Buscar_puesto_de_trabajo/span_20139    - Abogado' is clicked on

2022-03-28 09:10:39 - [TEST_STEP][PASSED] - scrollToElement(findTestObject("Modulo Pruebas Planta de Personal/Buscar_puesto_de_trabajo/span_10308"), 0): Scroll to object 'Object Repository/Modulo Pruebas Planta de Personal/Buscar_puesto_de_trabajo/span_10308' successfully

2022-03-28 09:10:39 - [MESSAGE][WARNING] - Timeout '0' is invalid. Using default page load timeout: '45'

2022-03-28 09:10:40 - [MESSAGE][PASSED] - Scroll to object 'Object Repository/Modulo Pruebas Planta de Personal/Buscar_puesto_de_trabajo/span_10308' successfully

2022-03-28 09:10:40 - [MESSAGE][PASSED] - Call Test Case 'Test Cases/1.2-Tareas_Secundarias/A.2-Pruebas_planta_personal/12.1.6-Buscar_puesto_de_trabajo' successfully

2022-03-28 09:10:40 - [TEST_STEP][PASSED] - click(findTestObject("Modulo Pruebas Planta de Personal/Copiar_perfil_(Puesto_de_Trabajo)/span_20145    - 40 Mil Staff")): Object: 'Object Repository/Modulo Pruebas Planta de Personal/Copiar_perfil_(Puesto_de_Trabajo)/span_20145    - 40 Mil Staff' is clicked on

2022-03-28 09:10:40 - [MESSAGE][PASSED] - Object: 'Object Repository/Modulo Pruebas Planta de Personal/Copiar_perfil_(Puesto_de_Trabajo)/span_20145    - 40 Mil Staff' is clicked on

2022-03-28 09:10:40 - [TEST_STEP][PASSED] - scrollToElement(findTestObject("Modulo Pruebas Planta de Personal/Copiar_perfil_(Puesto_de_Trabajo)/div_Salgado . Paula 40 Mil Staff"), 0): Scroll to object 'Object Repository/Modulo Pruebas Planta de Personal/Copiar_perfil_(Puesto_de_Trabajo)/div_Salgado . Paula 40 Mil Staff' successfully

2022-03-28 09:10:40 - [MESSAGE][WARNING] - Timeout '0' is invalid. Using default page load timeout: '45'

2022-03-28 09:10:42 - [MESSAGE][PASSED] - Scroll to object 'Object Repository/Modulo Pruebas Planta de Personal/Copiar_perfil_(Puesto_de_Trabajo)/div_Salgado . Paula 40 Mil Staff' successfully

2022-03-28 09:10:42 - [TEST_STEP][PASSED] - click(findTestObject("Modulo Pruebas Planta de Personal/Copiar_perfil_(Puesto_de_Trabajo)/a_Salgado . Paula_organigramaj_idt111")): Object: 'Object Repository/Modulo Pruebas Planta de Personal/Copiar_perfil_(Puesto_de_Trabajo)/a_Salgado . Paula_organigramaj_idt111' is clicked on

2022-03-28 09:10:42 - [MESSAGE][PASSED] - Object: 'Object Repository/Modulo Pruebas Planta de Personal/Copiar_perfil_(Puesto_de_Trabajo)/a_Salgado . Paula_organigramaj_idt111' is clicked on

2022-03-28 09:10:42 - [TEST_STEP][PASSED] - if (waitForElementVisible(findTestObject("Modulo Pruebas Planta de Personal/Copiar_perfil_(Puesto_de_Trabajo)/a_Aceptar"), 1)): null

2022-03-28 09:10:43 - [MESSAGE][PASSED] - Object 'Object Repository/Modulo Pruebas Planta de Personal/Copiar_perfil_(Puesto_de_Trabajo)/a_Aceptar' is visible

2022-03-28 09:10:43 - [TEST_STEP][PASSED] - click(findTestObject("Modulo Pruebas Planta de Personal/Copiar_perfil_(Puesto_de_Trabajo)/a_Aceptar")): Object: 'Object Repository/Modulo Pruebas Planta de Personal/Copiar_perfil_(Puesto_de_Trabajo)/a_Aceptar' is clicked on

2022-03-28 09:10:44 - [MESSAGE][PASSED] - Object: 'Object Repository/Modulo Pruebas Planta de Personal/Copiar_perfil_(Puesto_de_Trabajo)/a_Aceptar' is clicked on

2022-03-28 09:10:44 - [TEST_STEP][PASSED] - click(findTestObject("Modulo Pruebas Planta de Personal/Copiar_perfil_(Puesto_de_Trabajo)/a_Copiar Perfil")): Object: 'Object Repository/Modulo Pruebas Planta de Personal/Copiar_perfil_(Puesto_de_Trabajo)/a_Copiar Perfil' is clicked on

2022-03-28 09:10:44 - [MESSAGE][PASSED] - Object: 'Object Repository/Modulo Pruebas Planta de Personal/Copiar_perfil_(Puesto_de_Trabajo)/a_Copiar Perfil' is clicked on

2022-03-28 09:10:44 - [TEST_STEP][PASSED] - click(findTestObject("Modulo Pruebas Planta de Personal/Copiar_perfil_(Puesto_de_Trabajo)/a_Unidad Organizacional_popupCopiarPerfilj_idt2011")): Object: 'Object Repository/Modulo Pruebas Planta de Personal/Copiar_perfil_(Puesto_de_Trabajo)/a_Unidad Organizacional_popupCopiarPerfilj_idt2011' is clicked on

2022-03-28 09:10:45 - [MESSAGE][PASSED] - Object: 'Object Repository/Modulo Pruebas Planta de Personal/Copiar_perfil_(Puesto_de_Trabajo)/a_Unidad Organizacional_popupCopiarPerfilj_idt2011' is clicked on

2022-03-28 09:10:45 - [TEST_STEP][PASSED] - setText(findTestObject("Modulo Pruebas Planta de Personal/Copiar_perfil_(Puesto_de_Trabajo)/input_Unidad Organizacional_formPopUpUnidaddescripciones"), "administracion"): Text 'administracion' is set on object 'Object Repository/Modulo Pruebas Planta de Personal/Copiar_perfil_(Puesto_de_Trabajo)/input_Unidad Organizacional_formPopUpUnidaddescripciones'

2022-03-28 09:10:46 - [MESSAGE][PASSED] - Text 'administracion' is set on object 'Object Repository/Modulo Pruebas Planta de Personal/Copiar_perfil_(Puesto_de_Trabajo)/input_Unidad Organizacional_formPopUpUnidaddescripciones'

2022-03-28 09:10:46 - [TEST_STEP][PASSED] - sendKeys(findTestObject("Modulo Pruebas Planta de Personal/Copiar_perfil_(Puesto_de_Trabajo)/input_Unidad Organizacional_formPopUpUnidaddescripciones"), Keys.chord(ENTER)): Keys 'ENTER + ' sent to object: 'Object Repository/Modulo Pruebas Planta de Personal/Copiar_perfil_(Puesto_de_Trabajo)/input_Unidad Organizacional_formPopUpUnidaddescripciones'

2022-03-28 09:10:47 - [MESSAGE][PASSED] - Keys 'ENTER + ' sent to object: 'Object Repository/Modulo Pruebas Planta de Personal/Copiar_perfil_(Puesto_de_Trabajo)/input_Unidad Organizacional_formPopUpUnidaddescripciones'

2022-03-28 09:10:47 - [TEST_STEP][PASSED] - click(findTestObject("Modulo Pruebas Planta de Personal/Copiar_perfil_(Puesto_de_Trabajo)/span_ADMINISTRACION")): Object: 'Object Repository/Modulo Pruebas Planta de Personal/Copiar_perfil_(Puesto_de_Trabajo)/span_ADMINISTRACION' is clicked on

2022-03-28 09:10:48 - [MESSAGE][PASSED] - Object: 'Object Repository/Modulo Pruebas Planta de Personal/Copiar_perfil_(Puesto_de_Trabajo)/span_ADMINISTRACION' is clicked on

2022-03-28 09:10:48 - [TEST_STEP][PASSED] - click(findTestObject("Modulo Pruebas Planta de Personal/Copiar_perfil_(Puesto_de_Trabajo)/a_Cargo_popupCopiarPerfilj_idt2016")): Object: 'Object Repository/Modulo Pruebas Planta de Personal/Copiar_perfil_(Puesto_de_Trabajo)/a_Cargo_popupCopiarPerfilj_idt2016' is clicked on

2022-03-28 09:10:49 - [MESSAGE][PASSED] - Object: 'Object Repository/Modulo Pruebas Planta de Personal/Copiar_perfil_(Puesto_de_Trabajo)/a_Cargo_popupCopiarPerfilj_idt2016' is clicked on

2022-03-28 09:10:49 - [TEST_STEP][PASSED] - click(findTestObject("Modulo Pruebas Planta de Personal/Copiar_perfil_(Puesto_de_Trabajo)/span_40 MIL STAFF")): Object: 'Object Repository/Modulo Pruebas Planta de Personal/Copiar_perfil_(Puesto_de_Trabajo)/span_40 MIL STAFF' is clicked on

2022-03-28 09:10:50 - [MESSAGE][PASSED] - Object: 'Object Repository/Modulo Pruebas Planta de Personal/Copiar_perfil_(Puesto_de_Trabajo)/span_40 MIL STAFF' is clicked on

2022-03-28 09:10:50 - [TEST_STEP][PASSED] - check(findTestObject("Modulo Pruebas Planta de Personal/Copiar_perfil_(Puesto_de_Trabajo)/select_Reemplazar RegistrosAdicionar Registros"), STOP_ON_FAILURE): Object 'Object Repository/Modulo Pruebas Planta de Personal/Copiar_perfil_(Puesto_de_Trabajo)/select_Reemplazar RegistrosAdicionar Registros' is checked

2022-03-28 09:10:50 - [MESSAGE][PASSED] - Object 'Object Repository/Modulo Pruebas Planta de Personal/Copiar_perfil_(Puesto_de_Trabajo)/select_Reemplazar RegistrosAdicionar Registros' is checked

2022-03-28 09:10:50 - [TEST_STEP][PASSED] - click(findTestObject("Modulo Pruebas Planta de Personal/Copiar_perfil_(Puesto_de_Trabajo)/span_Puesto_ui-chkbox-icon ui-icon ui-icon-check ui-c")): Object: 'Object Repository/Modulo Pruebas Planta de Personal/Copiar_perfil_(Puesto_de_Trabajo)/span_Puesto_ui-chkbox-icon ui-icon ui-icon-check ui-c' is clicked on

2022-03-28 09:10:51 - [MESSAGE][PASSED] - Object: 'Object Repository/Modulo Pruebas Planta de Personal/Copiar_perfil_(Puesto_de_Trabajo)/span_Puesto_ui-chkbox-icon ui-icon ui-icon-check ui-c' is clicked on

2022-03-28 09:10:51 - [TEST_STEP][PASSED] - click(findTestObject("Modulo Pruebas Planta de Personal/Copiar_perfil_(Puesto_de_Trabajo)/a_Continuar")): Object: 'Object Repository/Modulo Pruebas Planta de Personal/Copiar_perfil_(Puesto_de_Trabajo)/a_Continuar' is clicked on

2022-03-28 09:10:52 - [MESSAGE][PASSED] - Object: 'Object Repository/Modulo Pruebas Planta de Personal/Copiar_perfil_(Puesto_de_Trabajo)/a_Continuar' is clicked on

2022-03-28 09:10:52 - [TEST_STEP][PASSED] - check(findTestObject("Modulo Pruebas Planta de Personal/Copiar_perfil_(Puesto_de_Trabajo)/div_Descripcin_ui-chkbox-box ui-widget ui-corner-all ui-state-default ui-state-hover")): Object 'Object Repository/Modulo Pruebas Planta de Personal/Copiar_perfil_(Puesto_de_Trabajo)/div_Descripcin_ui-chkbox-box ui-widget ui-corner-all ui-state-default ui-state-hover' is checked

2022-03-28 09:10:52 - [MESSAGE][PASSED] - Object 'Object Repository/Modulo Pruebas Planta de Personal/Copiar_perfil_(Puesto_de_Trabajo)/div_Descripcin_ui-chkbox-box ui-widget ui-corner-all ui-state-default ui-state-hover' is checked

2022-03-28 09:10:52 - [TEST_STEP][PASSED] - click(findTestObject("Modulo Pruebas Planta de Personal/Copiar_perfil_(Puesto_de_Trabajo)/a_Aplicar")): Object: 'Object Repository/Modulo Pruebas Planta de Personal/Copiar_perfil_(Puesto_de_Trabajo)/a_Aplicar' is clicked on

2022-03-28 09:10:53 - [MESSAGE][PASSED] - Object: 'Object Repository/Modulo Pruebas Planta de Personal/Copiar_perfil_(Puesto_de_Trabajo)/a_Aplicar' is clicked on

2022-03-28 09:10:53 - [TEST_STEP][PASSED] - if (waitForElementVisible(findTestObject("Modulo Pruebas Planta de Personal/Copiar_perfil_(Puesto_de_Trabajo)/p_Se ha realizado la copia del perfil a los puestos de trabajo seleccionados"), 1)): null

2022-03-28 09:10:55 - [MESSAGE][PASSED] - Object 'Object Repository/Modulo Pruebas Planta de Personal/Copiar_perfil_(Puesto_de_Trabajo)/p_Se ha realizado la copia del perfil a los puestos de trabajo seleccionados' is visible

2022-03-28 09:10:55 - [TEST_STEP][PASSED] - closeBrowser(): Browser is closed

2022-03-28 09:10:55 - [MESSAGE][PASSED] - Browser is closed]]></system-out>
         <system-err><![CDATA[]]></system-err>
      </testcase>
      <testcase name="Test Cases/1.2-Tareas_Secundarias/A.2-Pruebas_planta_personal/12.2.5-Crear_descripción_del_cargo_(Puesto_Trabajo_Múltiple)" time="24.426" classname="Test Cases/1.2-Tareas_Secundarias/A.2-Pruebas_planta_personal/12.2.5-Crear_descripción_del_cargo_(Puesto_Trabajo_Múltiple)" status="PASSED">
         <system-out><![CDATA[2022-03-28 09:10:55 - [TEST_CASE][PASSED] - Test Cases/1.2-Tareas_Secundarias/A.2-Pruebas_planta_personal/12.2.5-Crear_descripción_del_cargo_(Puesto_Trabajo_Múltiple): Test Cases/1.2-Tareas_Secundarias/A.2-Pruebas_planta_personal/12.2.5-Crear_descripción_del_cargo_(Puesto_Trabajo_Múltiple)

2022-03-28 09:10:56 - [TEST_STEP][PASSED] - callTestCase(findTestCase("1.2-Tareas_Secundarias/A.2-Pruebas_planta_personal/12.2.3-Crear_descripción_del_cargo_(PUESTO_TRABAJO_MULTIPLE)"), [:], STOP_ON_FAILURE): Call Test Case 'Test Cases/1.2-Tareas_Secundarias/A.2-Pruebas_planta_personal/12.2.3-Crear_descripción_del_cargo_(PUESTO_TRABAJO_MULTIPLE)' successfully

2022-03-28 09:10:56 - [TEST_CASE][PASSED] - Test Cases/1.2-Tareas_Secundarias/A.2-Pruebas_planta_personal/12.2.3-Crear_descripción_del_cargo_(PUESTO_TRABAJO_MULTIPLE): Test Cases/1.2-Tareas_Secundarias/A.2-Pruebas_planta_personal/12.2.3-Crear_descripción_del_cargo_(PUESTO_TRABAJO_MULTIPLE)

2022-03-28 09:10:56 - [TEST_STEP][PASSED] - callTestCase(findTestCase("0.1-Login"), [:], STOP_ON_FAILURE): Call Test Case 'Test Cases/0.1-Login' successfully

2022-03-28 09:10:56 - [TEST_CASE][PASSED] - Test Cases/0.1-Login: Test Cases/0.1-Login

2022-03-28 09:10:56 - [TEST_STEP][PASSED] - openBrowser(""): Browser is opened with url: ''

2022-03-28 09:10:56 - [MESSAGE][INFO] - Starting 'Chrome' driver

2022-03-28 09:10:56 - [MESSAGE][INFO] - Action delay is set to 50 milliseconds

2022-03-28 09:10:57 - [MESSAGE][PASSED] - Browser is opened with url: ''

2022-03-28 09:10:57 - [TEST_STEP][PASSED] - maximizeWindow(): Current window maximized

2022-03-28 09:10:58 - [MESSAGE][PASSED] - Current window maximized

2022-03-28 09:10:58 - [TEST_STEP][PASSED] - i = G_Login: null

2022-03-28 09:10:58 - [TEST_STEP][PASSED] - url = new java.net.URL(i): null

2022-03-28 09:10:58 - [TEST_STEP][PASSED] - println("URL: " + url.toString()): null

2022-03-28 09:10:58 - [TEST_STEP][PASSED] - connection = url.openConnection(): null

2022-03-28 09:10:58 - [TEST_STEP][PASSED] - connection.setRequestMethod("GET"): null

2022-03-28 09:10:58 - [TEST_STEP][PASSED] - connection.setReadTimeout(2 * 1000): null

2022-03-28 09:10:58 - [TEST_STEP][PASSED] - try: null

2022-03-28 09:10:58 - [TEST_STEP][PASSED] - connection.connect(): null

2022-03-28 09:10:58 - [TEST_STEP][PASSED] - flag = connected: null

2022-03-28 09:10:58 - [TEST_STEP][PASSED] - println("Valor_ori: " + flag): null

2022-03-28 09:10:58 - [TEST_STEP][PASSED] - if (flag): null

2022-03-28 09:10:58 - [TEST_STEP][PASSED] - navigateToUrl(i): Navigate to 'http://192.168.2.19:8380/saraweb' successfully

2022-03-28 09:10:58 - [MESSAGE][PASSED] - Navigate to 'http://192.168.2.19:8380/saraweb' successfully

2022-03-28 09:10:58 - [TEST_STEP][PASSED] - a(): null

2022-03-28 09:10:58 - [TEST_STEP][PASSED] - setText(findTestObject("Login/input_USUARIO_loginusuario"), G_Usuario): Text 'saraadmin' is set on object 'Object Repository/Login/input_USUARIO_loginusuario'

2022-03-28 09:10:59 - [MESSAGE][PASSED] - Text 'saraadmin' is set on object 'Object Repository/Login/input_USUARIO_loginusuario'

2022-03-28 09:10:59 - [TEST_STEP][PASSED] - setEncryptedText(findTestObject("Login/input_CLAVE_loginpassword"), "MkG4/TYiCFC3cb2driP7+Q=="): Text ****** has been set on object 'Object Repository/Login/input_CLAVE_loginpassword'

2022-03-28 09:11:00 - [MESSAGE][PASSED] - Text ****** has been set on object 'Object Repository/Login/input_CLAVE_loginpassword'

2022-03-28 09:11:00 - [TEST_STEP][PASSED] - waitForElementClickable(findTestObject("Login/a_Ingresar"), G_TimeOut): Object 'Object Repository/Login/a_Ingresar' is clickable

2022-03-28 09:11:00 - [MESSAGE][PASSED] - Object 'Object Repository/Login/a_Ingresar' is clickable

2022-03-28 09:11:00 - [TEST_STEP][PASSED] - click(findTestObject("Login/a_Ingresar")): Object: 'Object Repository/Login/a_Ingresar' is clicked on

2022-03-28 09:11:01 - [MESSAGE][PASSED] - Object: 'Object Repository/Login/a_Ingresar' is clicked on

2022-03-28 09:11:01 - [TEST_STEP][PASSED] - element = findWebElement(findTestObject("Login/a_Ir"), 30): null

2022-03-28 09:11:01 - [TEST_STEP][PASSED] - executeJavaScript("arguments[0].click()", Arrays.asList(element)): Execute JavaScript 'arguments[0].click()' successfully

2022-03-28 09:11:01 - [MESSAGE][PASSED] - Execute JavaScript 'arguments[0].click()' successfully

2022-03-28 09:11:02 - [MESSAGE][PASSED] - Call Test Case 'Test Cases/0.1-Login' successfully

2022-03-28 09:11:02 - [TEST_STEP][PASSED] - setText(findTestObject("Modulo Pruebas Planta de Personal/Crear_descripción_del_cargo(Puesto_trabajo_multiple)/input_Empresa 1_form_templatej_idt24_input"), "Listado Descripcion Cargo (tal)"): Text 'Listado Descripcion Cargo (tal)' is set on object 'Object Repository/Modulo Pruebas Planta de Personal/Crear_descripción_del_cargo(Puesto_trabajo_multiple)/input_Empresa 1_form_templatej_idt24_input'

2022-03-28 09:11:03 - [MESSAGE][PASSED] - Text 'Listado Descripcion Cargo (tal)' is set on object 'Object Repository/Modulo Pruebas Planta de Personal/Crear_descripción_del_cargo(Puesto_trabajo_multiple)/input_Empresa 1_form_templatej_idt24_input'

2022-03-28 09:11:03 - [TEST_STEP][PASSED] - click(findTestObject("Modulo Pruebas Planta de Personal/Crear_descripción_del_cargo(Puesto_trabajo_multiple)/li_Listado Descripcion Cargo (tal)")): Object: 'Object Repository/Modulo Pruebas Planta de Personal/Crear_descripción_del_cargo(Puesto_trabajo_multiple)/li_Listado Descripcion Cargo (tal)' is clicked on

2022-03-28 09:11:04 - [MESSAGE][PASSED] - Object: 'Object Repository/Modulo Pruebas Planta de Personal/Crear_descripción_del_cargo(Puesto_trabajo_multiple)/li_Listado Descripcion Cargo (tal)' is clicked on

2022-03-28 09:11:04 - [TEST_STEP][PASSED] - click(findTestObject("Modulo Pruebas Planta de Personal/Crear_descripción_del_cargo(Puesto_trabajo_multiple)/a_Nuevo")): Object: 'Object Repository/Modulo Pruebas Planta de Personal/Crear_descripción_del_cargo(Puesto_trabajo_multiple)/a_Nuevo' is clicked on

2022-03-28 09:11:05 - [MESSAGE][PASSED] - Object: 'Object Repository/Modulo Pruebas Planta de Personal/Crear_descripción_del_cargo(Puesto_trabajo_multiple)/a_Nuevo' is clicked on

2022-03-28 09:11:05 - [TEST_STEP][PASSED] - click(findTestObject("Modulo Pruebas Planta de Personal/Crear_descripción_del_cargo(Puesto_trabajo_multiple)/a_Unidad Organizacional_form_listadoDescripcionCargoj_idt115")): Object: 'Object Repository/Modulo Pruebas Planta de Personal/Crear_descripción_del_cargo(Puesto_trabajo_multiple)/a_Unidad Organizacional_form_listadoDescripcionCargoj_idt115' is clicked on

2022-03-28 09:11:06 - [MESSAGE][PASSED] - Object: 'Object Repository/Modulo Pruebas Planta de Personal/Crear_descripción_del_cargo(Puesto_trabajo_multiple)/a_Unidad Organizacional_form_listadoDescripcionCargoj_idt115' is clicked on

2022-03-28 09:11:06 - [TEST_STEP][PASSED] - setText(findTestObject("Modulo Pruebas Planta de Personal/Crear_descripción_del_cargo(Puesto_trabajo_multiple)/input_Unidad_form_popupUnidadUsuarioj_idt612"), "ADMINISTRACION"): Text 'ADMINISTRACION' is set on object 'Object Repository/Modulo Pruebas Planta de Personal/Crear_descripción_del_cargo(Puesto_trabajo_multiple)/input_Unidad_form_popupUnidadUsuarioj_idt612'

2022-03-28 09:11:07 - [MESSAGE][PASSED] - Text 'ADMINISTRACION' is set on object 'Object Repository/Modulo Pruebas Planta de Personal/Crear_descripción_del_cargo(Puesto_trabajo_multiple)/input_Unidad_form_popupUnidadUsuarioj_idt612'

2022-03-28 09:11:07 - [TEST_STEP][PASSED] - sendKeys(findTestObject("Modulo Pruebas Planta de Personal/Crear_descripción_del_cargo(Puesto_trabajo_multiple)/input_Unidad_form_popupUnidadUsuarioj_idt612"), Keys.chord(ENTER)): Keys 'ENTER + ' sent to object: 'Object Repository/Modulo Pruebas Planta de Personal/Crear_descripción_del_cargo(Puesto_trabajo_multiple)/input_Unidad_form_popupUnidadUsuarioj_idt612'

2022-03-28 09:11:08 - [MESSAGE][PASSED] - Keys 'ENTER + ' sent to object: 'Object Repository/Modulo Pruebas Planta de Personal/Crear_descripción_del_cargo(Puesto_trabajo_multiple)/input_Unidad_form_popupUnidadUsuarioj_idt612'

2022-03-28 09:11:08 - [TEST_STEP][PASSED] - click(findTestObject("Modulo Pruebas Planta de Personal/Crear_descripción_del_cargo(Puesto_trabajo_multiple)/span_ADMINISTRACION")): Object: 'Object Repository/Modulo Pruebas Planta de Personal/Crear_descripción_del_cargo(Puesto_trabajo_multiple)/span_ADMINISTRACION' is clicked on

2022-03-28 09:11:08 - [MESSAGE][PASSED] - Object: 'Object Repository/Modulo Pruebas Planta de Personal/Crear_descripción_del_cargo(Puesto_trabajo_multiple)/span_ADMINISTRACION' is clicked on

2022-03-28 09:11:08 - [TEST_STEP][PASSED] - click(findTestObject("Modulo Pruebas Planta de Personal/Crear_descripción_del_cargo(Puesto_trabajo_multiple)/a_Cargo_form_listadoDescripcionCargoj_idt120")): Object: 'Object Repository/Modulo Pruebas Planta de Personal/Crear_descripción_del_cargo(Puesto_trabajo_multiple)/a_Cargo_form_listadoDescripcionCargoj_idt120' is clicked on

2022-03-28 09:11:09 - [MESSAGE][PASSED] - Object: 'Object Repository/Modulo Pruebas Planta de Personal/Crear_descripción_del_cargo(Puesto_trabajo_multiple)/a_Cargo_form_listadoDescripcionCargoj_idt120' is clicked on

2022-03-28 09:11:09 - [TEST_STEP][PASSED] - click(findTestObject("Modulo Pruebas Planta de Personal/Crear_descripción_del_cargo(Puesto_trabajo_multiple)/span_ABOGADO")): Object: 'Object Repository/Modulo Pruebas Planta de Personal/Crear_descripción_del_cargo(Puesto_trabajo_multiple)/span_ABOGADO' is clicked on

2022-03-28 09:11:10 - [MESSAGE][PASSED] - Object: 'Object Repository/Modulo Pruebas Planta de Personal/Crear_descripción_del_cargo(Puesto_trabajo_multiple)/span_ABOGADO' is clicked on

2022-03-28 09:11:10 - [TEST_STEP][PASSED] - click(findTestObject("Modulo Pruebas Planta de Personal/Crear_descripción_del_cargo(Puesto_trabajo_multiple)/span_20139    - Abogado")): Object: 'Object Repository/Modulo Pruebas Planta de Personal/Crear_descripción_del_cargo(Puesto_trabajo_multiple)/span_20139    - Abogado' is clicked on

2022-03-28 09:11:11 - [MESSAGE][PASSED] - Object: 'Object Repository/Modulo Pruebas Planta de Personal/Crear_descripción_del_cargo(Puesto_trabajo_multiple)/span_20139    - Abogado' is clicked on

2022-03-28 09:11:11 - [TEST_STEP][PASSED] - setText(findTestObject("Modulo Pruebas Planta de Personal/Crear_descripción_del_cargo(Puesto_trabajo_multiple)/input__descripcionCargo_formj_idt7270fecha_input"), "01/07/2021"): Text '01/07/2021' is set on object 'Object Repository/Modulo Pruebas Planta de Personal/Crear_descripción_del_cargo(Puesto_trabajo_multiple)/input__descripcionCargo_formj_idt7270fecha_input'

2022-03-28 09:11:12 - [MESSAGE][PASSED] - Text '01/07/2021' is set on object 'Object Repository/Modulo Pruebas Planta de Personal/Crear_descripción_del_cargo(Puesto_trabajo_multiple)/input__descripcionCargo_formj_idt7270fecha_input'

2022-03-28 09:11:12 - [TEST_STEP][PASSED] - setText(findTestObject("Modulo Pruebas Planta de Personal/Crear_descripción_del_cargo(Puesto_trabajo_multiple)/textarea__descripcionCargo_formj_idt7272idTexto5"), "pruebas katalon"): Text 'pruebas katalon' is set on object 'Object Repository/Modulo Pruebas Planta de Personal/Crear_descripción_del_cargo(Puesto_trabajo_multiple)/textarea__descripcionCargo_formj_idt7272idTexto5'

2022-03-28 09:11:13 - [MESSAGE][PASSED] - Text 'pruebas katalon' is set on object 'Object Repository/Modulo Pruebas Planta de Personal/Crear_descripción_del_cargo(Puesto_trabajo_multiple)/textarea__descripcionCargo_formj_idt7272idTexto5'

2022-03-28 09:11:13 - [TEST_STEP][PASSED] - setText(findTestObject("Modulo Pruebas Planta de Personal/Crear_descripción_del_cargo(Puesto_trabajo_multiple)/textarea__descripcionCargo_formj_idt7274idTexto5"), "pruebas katalon"): Text 'pruebas katalon' is set on object 'Object Repository/Modulo Pruebas Planta de Personal/Crear_descripción_del_cargo(Puesto_trabajo_multiple)/textarea__descripcionCargo_formj_idt7274idTexto5'

2022-03-28 09:11:15 - [MESSAGE][PASSED] - Text 'pruebas katalon' is set on object 'Object Repository/Modulo Pruebas Planta de Personal/Crear_descripción_del_cargo(Puesto_trabajo_multiple)/textarea__descripcionCargo_formj_idt7274idTexto5'

2022-03-28 09:11:15 - [TEST_STEP][PASSED] - setText(findTestObject("Modulo Pruebas Planta de Personal/Crear_descripción_del_cargo(Puesto_trabajo_multiple)/textarea__descripcionCargo_formj_idt7276idTexto5"), "pruebas katalon"): Text 'pruebas katalon' is set on object 'Object Repository/Modulo Pruebas Planta de Personal/Crear_descripción_del_cargo(Puesto_trabajo_multiple)/textarea__descripcionCargo_formj_idt7276idTexto5'

2022-03-28 09:11:15 - [MESSAGE][PASSED] - Text 'pruebas katalon' is set on object 'Object Repository/Modulo Pruebas Planta de Personal/Crear_descripción_del_cargo(Puesto_trabajo_multiple)/textarea__descripcionCargo_formj_idt7276idTexto5'

2022-03-28 09:11:15 - [TEST_STEP][PASSED] - setText(findTestObject("Modulo Pruebas Planta de Personal/Crear_descripción_del_cargo(Puesto_trabajo_multiple)/textarea__descripcionCargo_formj_idt7277idTexto5"), "pruebas katalon"): Text 'pruebas katalon' is set on object 'Object Repository/Modulo Pruebas Planta de Personal/Crear_descripción_del_cargo(Puesto_trabajo_multiple)/textarea__descripcionCargo_formj_idt7277idTexto5'

2022-03-28 09:11:16 - [MESSAGE][PASSED] - Text 'pruebas katalon' is set on object 'Object Repository/Modulo Pruebas Planta de Personal/Crear_descripción_del_cargo(Puesto_trabajo_multiple)/textarea__descripcionCargo_formj_idt7277idTexto5'

2022-03-28 09:11:16 - [TEST_STEP][PASSED] - click(findTestObject("Modulo Pruebas Planta de Personal/Crear_descripción_del_cargo(Puesto_trabajo_multiple)/a_Guardar")): Object: 'Object Repository/Modulo Pruebas Planta de Personal/Crear_descripción_del_cargo(Puesto_trabajo_multiple)/a_Guardar' is clicked on

2022-03-28 09:11:17 - [MESSAGE][PASSED] - Object: 'Object Repository/Modulo Pruebas Planta de Personal/Crear_descripción_del_cargo(Puesto_trabajo_multiple)/a_Guardar' is clicked on

2022-03-28 09:11:17 - [TEST_STEP][PASSED] - if (waitForElementVisible(findTestObject("Modulo Pruebas Planta de Personal/Crear_descripción_del_cargo(Puesto_trabajo_multiple)/a_Definir_Perfil"), 1)): null

2022-03-28 09:11:19 - [MESSAGE][PASSED] - Object 'Object Repository/Modulo Pruebas Planta de Personal/Crear_descripción_del_cargo(Puesto_trabajo_multiple)/a_Definir_Perfil' is visible

2022-03-28 09:11:19 - [TEST_STEP][PASSED] - closeBrowser(): Browser is closed

2022-03-28 09:11:20 - [MESSAGE][PASSED] - Browser is closed

2022-03-28 09:11:20 - [MESSAGE][PASSED] - Call Test Case 'Test Cases/1.2-Tareas_Secundarias/A.2-Pruebas_planta_personal/12.2.3-Crear_descripción_del_cargo_(PUESTO_TRABAJO_MULTIPLE)' successfully]]></system-out>
         <system-err><![CDATA[]]></system-err>
      </testcase>
      <testcase name="Test Cases/1.2-Tareas_Secundarias/A.2-Pruebas_planta_personal/12.2.7-Impresión_de_descripción_del_cargo" time="17.568" classname="Test Cases/1.2-Tareas_Secundarias/A.2-Pruebas_planta_personal/12.2.7-Impresión_de_descripción_del_cargo" status="PASSED">
         <system-out><![CDATA[2022-03-28 09:11:20 - [TEST_CASE][PASSED] - Test Cases/1.2-Tareas_Secundarias/A.2-Pruebas_planta_personal/12.2.7-Impresión_de_descripción_del_cargo: Test Cases/1.2-Tareas_Secundarias/A.2-Pruebas_planta_personal/12.2.7-Impresión_de_descripción_del_cargo

2022-03-28 09:11:20 - [TEST_STEP][PASSED] - callTestCase(findTestCase("0.1-Login"), [:], STOP_ON_FAILURE): Call Test Case 'Test Cases/0.1-Login' successfully

2022-03-28 09:11:20 - [TEST_CASE][PASSED] - Test Cases/0.1-Login: Test Cases/0.1-Login

2022-03-28 09:11:20 - [TEST_STEP][PASSED] - openBrowser(""): Browser is opened with url: ''

2022-03-28 09:11:21 - [MESSAGE][INFO] - Starting 'Chrome' driver

2022-03-28 09:11:21 - [MESSAGE][INFO] - Action delay is set to 50 milliseconds

2022-03-28 09:11:22 - [MESSAGE][PASSED] - Browser is opened with url: ''

2022-03-28 09:11:22 - [TEST_STEP][PASSED] - maximizeWindow(): Current window maximized

2022-03-28 09:11:22 - [MESSAGE][PASSED] - Current window maximized

2022-03-28 09:11:22 - [TEST_STEP][PASSED] - i = G_Login: null

2022-03-28 09:11:22 - [TEST_STEP][PASSED] - url = new java.net.URL(i): null

2022-03-28 09:11:22 - [TEST_STEP][PASSED] - println("URL: " + url.toString()): null

2022-03-28 09:11:22 - [TEST_STEP][PASSED] - connection = url.openConnection(): null

2022-03-28 09:11:22 - [TEST_STEP][PASSED] - connection.setRequestMethod("GET"): null

2022-03-28 09:11:22 - [TEST_STEP][PASSED] - connection.setReadTimeout(2 * 1000): null

2022-03-28 09:11:22 - [TEST_STEP][PASSED] - try: null

2022-03-28 09:11:22 - [TEST_STEP][PASSED] - connection.connect(): null

2022-03-28 09:11:22 - [TEST_STEP][PASSED] - flag = connected: null

2022-03-28 09:11:22 - [TEST_STEP][PASSED] - println("Valor_ori: " + flag): null

2022-03-28 09:11:22 - [TEST_STEP][PASSED] - if (flag): null

2022-03-28 09:11:22 - [TEST_STEP][PASSED] - navigateToUrl(i): Navigate to 'http://192.168.2.19:8380/saraweb' successfully

2022-03-28 09:11:22 - [MESSAGE][PASSED] - Navigate to 'http://192.168.2.19:8380/saraweb' successfully

2022-03-28 09:11:22 - [TEST_STEP][PASSED] - a(): null

2022-03-28 09:11:22 - [TEST_STEP][PASSED] - setText(findTestObject("Login/input_USUARIO_loginusuario"), G_Usuario): Text 'saraadmin' is set on object 'Object Repository/Login/input_USUARIO_loginusuario'

2022-03-28 09:11:24 - [MESSAGE][PASSED] - Text 'saraadmin' is set on object 'Object Repository/Login/input_USUARIO_loginusuario'

2022-03-28 09:11:24 - [TEST_STEP][PASSED] - setEncryptedText(findTestObject("Login/input_CLAVE_loginpassword"), "MkG4/TYiCFC3cb2driP7+Q=="): Text ****** has been set on object 'Object Repository/Login/input_CLAVE_loginpassword'

2022-03-28 09:11:25 - [MESSAGE][PASSED] - Text ****** has been set on object 'Object Repository/Login/input_CLAVE_loginpassword'

2022-03-28 09:11:25 - [TEST_STEP][PASSED] - waitForElementClickable(findTestObject("Login/a_Ingresar"), G_TimeOut): Object 'Object Repository/Login/a_Ingresar' is clickable

2022-03-28 09:11:25 - [MESSAGE][PASSED] - Object 'Object Repository/Login/a_Ingresar' is clickable

2022-03-28 09:11:25 - [TEST_STEP][PASSED] - click(findTestObject("Login/a_Ingresar")): Object: 'Object Repository/Login/a_Ingresar' is clicked on

2022-03-28 09:11:26 - [MESSAGE][PASSED] - Object: 'Object Repository/Login/a_Ingresar' is clicked on

2022-03-28 09:11:26 - [TEST_STEP][PASSED] - element = findWebElement(findTestObject("Login/a_Ir"), 30): null

2022-03-28 09:11:26 - [TEST_STEP][PASSED] - executeJavaScript("arguments[0].click()", Arrays.asList(element)): Execute JavaScript 'arguments[0].click()' successfully

2022-03-28 09:11:27 - [MESSAGE][PASSED] - Execute JavaScript 'arguments[0].click()' successfully

2022-03-28 09:11:27 - [MESSAGE][PASSED] - Call Test Case 'Test Cases/0.1-Login' successfully

2022-03-28 09:11:27 - [TEST_STEP][PASSED] - setText(findTestObject("Modulo Pruebas Planta de Personal/Impresión_de_descripción_del_cargo/input_Empresa 1_form_templatej_idt24_input"), "Listado Descripcion Cargo (tal)"): Text 'Listado Descripcion Cargo (tal)' is set on object 'Object Repository/Modulo Pruebas Planta de Personal/Impresión_de_descripción_del_cargo/input_Empresa 1_form_templatej_idt24_input'

2022-03-28 09:11:28 - [MESSAGE][PASSED] - Text 'Listado Descripcion Cargo (tal)' is set on object 'Object Repository/Modulo Pruebas Planta de Personal/Impresión_de_descripción_del_cargo/input_Empresa 1_form_templatej_idt24_input'

2022-03-28 09:11:28 - [TEST_STEP][PASSED] - click(findTestObject("Modulo Pruebas Planta de Personal/Impresión_de_descripción_del_cargo/li_Listado Descripcion Cargo (tal)")): Object: 'Object Repository/Modulo Pruebas Planta de Personal/Impresión_de_descripción_del_cargo/li_Listado Descripcion Cargo (tal)' is clicked on

2022-03-28 09:11:30 - [MESSAGE][PASSED] - Object: 'Object Repository/Modulo Pruebas Planta de Personal/Impresión_de_descripción_del_cargo/li_Listado Descripcion Cargo (tal)' is clicked on

2022-03-28 09:11:30 - [TEST_STEP][PASSED] - click(findTestObject("Modulo Pruebas Planta de Personal/Impresión_de_descripción_del_cargo/a_Cargo_form_listadoDescripcionCargoj_idt70")): Object: 'Object Repository/Modulo Pruebas Planta de Personal/Impresión_de_descripción_del_cargo/a_Cargo_form_listadoDescripcionCargoj_idt70' is clicked on

2022-03-28 09:11:31 - [MESSAGE][PASSED] - Object: 'Object Repository/Modulo Pruebas Planta de Personal/Impresión_de_descripción_del_cargo/a_Cargo_form_listadoDescripcionCargoj_idt70' is clicked on

2022-03-28 09:11:31 - [TEST_STEP][PASSED] - click(findTestObject("Modulo Pruebas Planta de Personal/Impresión_de_descripción_del_cargo/span_40 MIL STAFF")): Object: 'Object Repository/Modulo Pruebas Planta de Personal/Impresión_de_descripción_del_cargo/span_40 MIL STAFF' is clicked on

2022-03-28 09:11:32 - [MESSAGE][PASSED] - Object: 'Object Repository/Modulo Pruebas Planta de Personal/Impresión_de_descripción_del_cargo/span_40 MIL STAFF' is clicked on

2022-03-28 09:11:32 - [TEST_STEP][PASSED] - click(findTestObject("Modulo Pruebas Planta de Personal/Impresión_de_descripción_del_cargo/span_01072021")): Object: 'Object Repository/Modulo Pruebas Planta de Personal/Impresión_de_descripción_del_cargo/span_01072021' is clicked on

2022-03-28 09:11:33 - [MESSAGE][PASSED] - Object: 'Object Repository/Modulo Pruebas Planta de Personal/Impresión_de_descripción_del_cargo/span_01072021' is clicked on

2022-03-28 09:11:33 - [TEST_STEP][PASSED] - click(findTestObject("Modulo Pruebas Planta de Personal/Impresión_de_descripción_del_cargo/a_Imprimir Publicacin")): Object: 'Object Repository/Modulo Pruebas Planta de Personal/Impresión_de_descripción_del_cargo/a_Imprimir Publicacin' is clicked on

2022-03-28 09:11:35 - [MESSAGE][PASSED] - Object: 'Object Repository/Modulo Pruebas Planta de Personal/Impresión_de_descripción_del_cargo/a_Imprimir Publicacin' is clicked on

2022-03-28 09:11:35 - [TEST_STEP][PASSED] - click(findTestObject("Modulo Pruebas Planta de Personal/Impresión_de_descripción_del_cargo/td_Descripcin del Cargo1")): Object: 'Object Repository/Modulo Pruebas Planta de Personal/Impresión_de_descripción_del_cargo/td_Descripcin del Cargo1' is clicked on

2022-03-28 09:11:36 - [MESSAGE][PASSED] - Object: 'Object Repository/Modulo Pruebas Planta de Personal/Impresión_de_descripción_del_cargo/td_Descripcin del Cargo1' is clicked on

2022-03-28 09:11:36 - [TEST_STEP][PASSED] - if (waitForElementVisible(findTestObject("Modulo Pruebas Planta de Personal/Impresión_de_descripción_del_cargo/a_Descargar archivo en formato Doc"), 1)): null

2022-03-28 09:11:37 - [MESSAGE][PASSED] - Object 'Object Repository/Modulo Pruebas Planta de Personal/Impresión_de_descripción_del_cargo/a_Descargar archivo en formato Doc' is visible

2022-03-28 09:11:37 - [TEST_STEP][PASSED] - closeBrowser(): Browser is closed

2022-03-28 09:11:37 - [MESSAGE][PASSED] - Browser is closed]]></system-out>
         <system-err><![CDATA[]]></system-err>
      </testcase>
      <testcase name="Test Cases/1.2-Tareas_Secundarias/A.2-Pruebas_planta_personal/12.2.8-Acto_administrativo-Crear_puesto" time="32.204" classname="Test Cases/1.2-Tareas_Secundarias/A.2-Pruebas_planta_personal/12.2.8-Acto_administrativo-Crear_puesto" status="PASSED">
         <system-out><![CDATA[2022-03-28 09:11:38 - [TEST_CASE][PASSED] - Test Cases/1.2-Tareas_Secundarias/A.2-Pruebas_planta_personal/12.2.8-Acto_administrativo-Crear_puesto: Test Cases/1.2-Tareas_Secundarias/A.2-Pruebas_planta_personal/12.2.8-Acto_administrativo-Crear_puesto

2022-03-28 09:11:38 - [TEST_STEP][PASSED] - callTestCase(findTestCase("0.1-Login"), [:], STOP_ON_FAILURE): Call Test Case 'Test Cases/0.1-Login' successfully

2022-03-28 09:11:38 - [TEST_CASE][PASSED] - Test Cases/0.1-Login: Test Cases/0.1-Login

2022-03-28 09:11:38 - [TEST_STEP][PASSED] - openBrowser(""): Browser is opened with url: ''

2022-03-28 09:11:38 - [MESSAGE][INFO] - Starting 'Chrome' driver

2022-03-28 09:11:38 - [MESSAGE][INFO] - Action delay is set to 50 milliseconds

2022-03-28 09:11:40 - [MESSAGE][PASSED] - Browser is opened with url: ''

2022-03-28 09:11:40 - [TEST_STEP][PASSED] - maximizeWindow(): Current window maximized

2022-03-28 09:11:40 - [MESSAGE][PASSED] - Current window maximized

2022-03-28 09:11:40 - [TEST_STEP][PASSED] - i = G_Login: null

2022-03-28 09:11:40 - [TEST_STEP][PASSED] - url = new java.net.URL(i): null

2022-03-28 09:11:40 - [TEST_STEP][PASSED] - println("URL: " + url.toString()): null

2022-03-28 09:11:40 - [TEST_STEP][PASSED] - connection = url.openConnection(): null

2022-03-28 09:11:40 - [TEST_STEP][PASSED] - connection.setRequestMethod("GET"): null

2022-03-28 09:11:40 - [TEST_STEP][PASSED] - connection.setReadTimeout(2 * 1000): null

2022-03-28 09:11:40 - [TEST_STEP][PASSED] - try: null

2022-03-28 09:11:40 - [TEST_STEP][PASSED] - connection.connect(): null

2022-03-28 09:11:40 - [TEST_STEP][PASSED] - flag = connected: null

2022-03-28 09:11:40 - [TEST_STEP][PASSED] - println("Valor_ori: " + flag): null

2022-03-28 09:11:40 - [TEST_STEP][PASSED] - if (flag): null

2022-03-28 09:11:40 - [TEST_STEP][PASSED] - navigateToUrl(i): Navigate to 'http://192.168.2.19:8380/saraweb' successfully

2022-03-28 09:11:41 - [MESSAGE][PASSED] - Navigate to 'http://192.168.2.19:8380/saraweb' successfully

2022-03-28 09:11:41 - [TEST_STEP][PASSED] - a(): null

2022-03-28 09:11:41 - [TEST_STEP][PASSED] - setText(findTestObject("Login/input_USUARIO_loginusuario"), G_Usuario): Text 'saraadmin' is set on object 'Object Repository/Login/input_USUARIO_loginusuario'

2022-03-28 09:11:42 - [MESSAGE][PASSED] - Text 'saraadmin' is set on object 'Object Repository/Login/input_USUARIO_loginusuario'

2022-03-28 09:11:42 - [TEST_STEP][PASSED] - setEncryptedText(findTestObject("Login/input_CLAVE_loginpassword"), "MkG4/TYiCFC3cb2driP7+Q=="): Text ****** has been set on object 'Object Repository/Login/input_CLAVE_loginpassword'

2022-03-28 09:11:43 - [MESSAGE][PASSED] - Text ****** has been set on object 'Object Repository/Login/input_CLAVE_loginpassword'

2022-03-28 09:11:43 - [TEST_STEP][PASSED] - waitForElementClickable(findTestObject("Login/a_Ingresar"), G_TimeOut): Object 'Object Repository/Login/a_Ingresar' is clickable

2022-03-28 09:11:43 - [MESSAGE][PASSED] - Object 'Object Repository/Login/a_Ingresar' is clickable

2022-03-28 09:11:43 - [TEST_STEP][PASSED] - click(findTestObject("Login/a_Ingresar")): Object: 'Object Repository/Login/a_Ingresar' is clicked on

2022-03-28 09:11:45 - [MESSAGE][PASSED] - Object: 'Object Repository/Login/a_Ingresar' is clicked on

2022-03-28 09:11:45 - [TEST_STEP][PASSED] - element = findWebElement(findTestObject("Login/a_Ir"), 30): null

2022-03-28 09:11:45 - [TEST_STEP][PASSED] - executeJavaScript("arguments[0].click()", Arrays.asList(element)): Execute JavaScript 'arguments[0].click()' successfully

2022-03-28 09:11:46 - [MESSAGE][PASSED] - Execute JavaScript 'arguments[0].click()' successfully

2022-03-28 09:11:46 - [MESSAGE][PASSED] - Call Test Case 'Test Cases/0.1-Login' successfully

2022-03-28 09:11:46 - [TEST_STEP][PASSED] - setText(findTestObject("Modulo Pruebas Planta de Personal/Acto_administrativo-Crear_puesto/input_Empresa 1_form_templatej_idt24_input"), "Actos administrativos"): Text 'Actos administrativos' is set on object 'Object Repository/Modulo Pruebas Planta de Personal/Acto_administrativo-Crear_puesto/input_Empresa 1_form_templatej_idt24_input'

2022-03-28 09:11:47 - [MESSAGE][PASSED] - Text 'Actos administrativos' is set on object 'Object Repository/Modulo Pruebas Planta de Personal/Acto_administrativo-Crear_puesto/input_Empresa 1_form_templatej_idt24_input'

2022-03-28 09:11:47 - [TEST_STEP][PASSED] - click(findTestObject("Modulo Pruebas Planta de Personal/Acto_administrativo-Crear_puesto/li_Actos Administrativos (act)")): Object: 'Object Repository/Modulo Pruebas Planta de Personal/Acto_administrativo-Crear_puesto/li_Actos Administrativos (act)' is clicked on

2022-03-28 09:11:49 - [MESSAGE][PASSED] - Object: 'Object Repository/Modulo Pruebas Planta de Personal/Acto_administrativo-Crear_puesto/li_Actos Administrativos (act)' is clicked on

2022-03-28 09:11:49 - [TEST_STEP][PASSED] - click(findTestObject("Modulo Pruebas Planta de Personal/Acto_administrativo-Crear_puesto/i_Actos Ausencia_glyphicons glyphicons-user-structure x3 icon-acto")): Object: 'Object Repository/Modulo Pruebas Planta de Personal/Acto_administrativo-Crear_puesto/i_Actos Ausencia_glyphicons glyphicons-user-structure x3 icon-acto' is clicked on

2022-03-28 09:11:50 - [MESSAGE][PASSED] - Object: 'Object Repository/Modulo Pruebas Planta de Personal/Acto_administrativo-Crear_puesto/i_Actos Ausencia_glyphicons glyphicons-user-structure x3 icon-acto' is clicked on

2022-03-28 09:11:50 - [TEST_STEP][PASSED] - click(findTestObject("Modulo Pruebas Planta de Personal/Acto_administrativo-Crear_puesto/a_Acto Movimento de planta_form_ActosAdministrativostabla_principal_10j_idt79")): Object: 'Object Repository/Modulo Pruebas Planta de Personal/Acto_administrativo-Crear_puesto/a_Acto Movimento de planta_form_ActosAdministrativostabla_principal_10j_idt79' is clicked on

2022-03-28 09:11:51 - [MESSAGE][PASSED] - Object: 'Object Repository/Modulo Pruebas Planta de Personal/Acto_administrativo-Crear_puesto/a_Acto Movimento de planta_form_ActosAdministrativostabla_principal_10j_idt79' is clicked on

2022-03-28 09:11:51 - [TEST_STEP][PASSED] - click(findTestObject("Modulo Pruebas Planta de Personal/Acto_administrativo-Crear_puesto/span_crea puesto trabajo")): Object: 'Object Repository/Modulo Pruebas Planta de Personal/Acto_administrativo-Crear_puesto/span_crea puesto trabajo' is clicked on

2022-03-28 09:11:51 - [MESSAGE][PASSED] - Object: 'Object Repository/Modulo Pruebas Planta de Personal/Acto_administrativo-Crear_puesto/span_crea puesto trabajo' is clicked on

2022-03-28 09:11:51 - [TEST_STEP][PASSED] - setText(findTestObject("Modulo Pruebas Planta de Personal/Acto_administrativo-Crear_puesto/input__form_actoMovPlantaj_idt18340idTexto"), "1010220596"): Text '1010220596' is set on object 'Object Repository/Modulo Pruebas Planta de Personal/Acto_administrativo-Crear_puesto/input__form_actoMovPlantaj_idt18340idTexto'

2022-03-28 09:11:53 - [MESSAGE][PASSED] - Text '1010220596' is set on object 'Object Repository/Modulo Pruebas Planta de Personal/Acto_administrativo-Crear_puesto/input__form_actoMovPlantaj_idt18340idTexto'

2022-03-28 09:11:53 - [TEST_STEP][PASSED] - click(findTestObject("Modulo Pruebas Planta de Personal/Acto_administrativo-Crear_puesto/a_Unidad Organizacional_form_actoMovPlantaunidad")): Object: 'Object Repository/Modulo Pruebas Planta de Personal/Acto_administrativo-Crear_puesto/a_Unidad Organizacional_form_actoMovPlantaunidad' is clicked on

2022-03-28 09:11:54 - [MESSAGE][PASSED] - Object: 'Object Repository/Modulo Pruebas Planta de Personal/Acto_administrativo-Crear_puesto/a_Unidad Organizacional_form_actoMovPlantaunidad' is clicked on

2022-03-28 09:11:54 - [TEST_STEP][PASSED] - setText(findTestObject("Modulo Pruebas Planta de Personal/Acto_administrativo-Crear_puesto/input_Unidad_form_popupUnidadUsuarioj_idt1425"), "administracion"): Text 'administracion' is set on object 'Object Repository/Modulo Pruebas Planta de Personal/Acto_administrativo-Crear_puesto/input_Unidad_form_popupUnidadUsuarioj_idt1425'

2022-03-28 09:11:55 - [MESSAGE][PASSED] - Text 'administracion' is set on object 'Object Repository/Modulo Pruebas Planta de Personal/Acto_administrativo-Crear_puesto/input_Unidad_form_popupUnidadUsuarioj_idt1425'

2022-03-28 09:11:55 - [TEST_STEP][PASSED] - sendKeys(findTestObject("Modulo Pruebas Planta de Personal/Acto_administrativo-Crear_puesto/input_Unidad_form_popupUnidadUsuarioj_idt1425"), Keys.chord(ENTER)): Keys 'ENTER + ' sent to object: 'Object Repository/Modulo Pruebas Planta de Personal/Acto_administrativo-Crear_puesto/input_Unidad_form_popupUnidadUsuarioj_idt1425'

2022-03-28 09:11:55 - [MESSAGE][PASSED] - Keys 'ENTER + ' sent to object: 'Object Repository/Modulo Pruebas Planta de Personal/Acto_administrativo-Crear_puesto/input_Unidad_form_popupUnidadUsuarioj_idt1425'

2022-03-28 09:11:55 - [TEST_STEP][PASSED] - click(findTestObject("Modulo Pruebas Planta de Personal/Acto_administrativo-Crear_puesto/span_ADMINISTRACION")): Object: 'Object Repository/Modulo Pruebas Planta de Personal/Acto_administrativo-Crear_puesto/span_ADMINISTRACION' is clicked on

2022-03-28 09:11:56 - [MESSAGE][PASSED] - Object: 'Object Repository/Modulo Pruebas Planta de Personal/Acto_administrativo-Crear_puesto/span_ADMINISTRACION' is clicked on

2022-03-28 09:11:56 - [TEST_STEP][PASSED] - click(findTestObject("Modulo Pruebas Planta de Personal/Acto_administrativo-Crear_puesto/a_Cargo_form_actoMovPlantacargo")): Object: 'Object Repository/Modulo Pruebas Planta de Personal/Acto_administrativo-Crear_puesto/a_Cargo_form_actoMovPlantacargo' is clicked on

2022-03-28 09:11:57 - [MESSAGE][PASSED] - Object: 'Object Repository/Modulo Pruebas Planta de Personal/Acto_administrativo-Crear_puesto/a_Cargo_form_actoMovPlantacargo' is clicked on

2022-03-28 09:11:57 - [TEST_STEP][PASSED] - click(findTestObject("Modulo Pruebas Planta de Personal/Acto_administrativo-Crear_puesto/span_ANALISTA CONTABLE")): Object: 'Object Repository/Modulo Pruebas Planta de Personal/Acto_administrativo-Crear_puesto/span_ANALISTA CONTABLE' is clicked on

2022-03-28 09:11:58 - [MESSAGE][PASSED] - Object: 'Object Repository/Modulo Pruebas Planta de Personal/Acto_administrativo-Crear_puesto/span_ANALISTA CONTABLE' is clicked on

2022-03-28 09:11:58 - [TEST_STEP][PASSED] - selectOptionByIndex(findTestObject("Modulo Pruebas Planta de Personal/Acto_administrativo-Crear_puesto/select_AMPLEADO"), 2): All options with index in [2] are selected on object 'Object Repository/Modulo Pruebas Planta de Personal/Acto_administrativo-Crear_puesto/select_AMPLEADO'

2022-03-28 09:11:59 - [MESSAGE][PASSED] - All options with index in [2] are selected on object 'Object Repository/Modulo Pruebas Planta de Personal/Acto_administrativo-Crear_puesto/select_AMPLEADO'

2022-03-28 09:11:59 - [TEST_STEP][PASSED] - selectOptionByIndex(findTestObject("Modulo Pruebas Planta de Personal/Acto_administrativo-Crear_puesto/select_2120 HORAS1240 HORAS0NO DEFINIDO"), 2): All options with index in [2] are selected on object 'Object Repository/Modulo Pruebas Planta de Personal/Acto_administrativo-Crear_puesto/select_2120 HORAS1240 HORAS0NO DEFINIDO'

2022-03-28 09:12:01 - [MESSAGE][PASSED] - All options with index in [2] are selected on object 'Object Repository/Modulo Pruebas Planta de Personal/Acto_administrativo-Crear_puesto/select_2120 HORAS1240 HORAS0NO DEFINIDO'

2022-03-28 09:12:01 - [TEST_STEP][PASSED] - selectOptionByIndex(findTestObject("Modulo Pruebas Planta de Personal/Acto_administrativo-Crear_puesto/select_NOMINA MENSUALNOMINA QUINCENAL"), 3): All options with index in [3] are selected on object 'Object Repository/Modulo Pruebas Planta de Personal/Acto_administrativo-Crear_puesto/select_NOMINA MENSUALNOMINA QUINCENAL'

2022-03-28 09:12:02 - [MESSAGE][PASSED] - All options with index in [3] are selected on object 'Object Repository/Modulo Pruebas Planta de Personal/Acto_administrativo-Crear_puesto/select_NOMINA MENSUALNOMINA QUINCENAL'

2022-03-28 09:12:02 - [TEST_STEP][PASSED] - selectOptionByIndex(findTestObject("Modulo Pruebas Planta de Personal/Acto_administrativo-Crear_puesto/select_0.5APRENDIZ ETAPA LECTIVA6APRENDIZ ETAPA PRODUCTIVA96ASISTENTE DE INVESTIGACION11"), 8): All options with index in [8] are selected on object 'Object Repository/Modulo Pruebas Planta de Personal/Acto_administrativo-Crear_puesto/select_0.5APRENDIZ ETAPA LECTIVA6APRENDIZ ETAPA PRODUCTIVA96ASISTENTE DE INVESTIGACION11'

2022-03-28 09:12:03 - [MESSAGE][PASSED] - All options with index in [8] are selected on object 'Object Repository/Modulo Pruebas Planta de Personal/Acto_administrativo-Crear_puesto/select_0.5APRENDIZ ETAPA LECTIVA6APRENDIZ ETAPA PRODUCTIVA96ASISTENTE DE INVESTIGACION11'

2022-03-28 09:12:03 - [TEST_STEP][PASSED] - setText(findTestObject("Modulo Pruebas Planta de Personal/Acto_administrativo-Crear_puesto/input_Sueldo_form_actoMovPlantasueldo"), "1200000"): Text '1200000' is set on object 'Object Repository/Modulo Pruebas Planta de Personal/Acto_administrativo-Crear_puesto/input_Sueldo_form_actoMovPlantasueldo'

2022-03-28 09:12:04 - [MESSAGE][PASSED] - Text '1200000' is set on object 'Object Repository/Modulo Pruebas Planta de Personal/Acto_administrativo-Crear_puesto/input_Sueldo_form_actoMovPlantasueldo'

2022-03-28 09:12:04 - [TEST_STEP][PASSED] - click(findTestObject("Modulo Pruebas Planta de Personal/Acto_administrativo-Crear_puesto/a_Continuar")): Object: 'Object Repository/Modulo Pruebas Planta de Personal/Acto_administrativo-Crear_puesto/a_Continuar' is clicked on

2022-03-28 09:12:05 - [MESSAGE][PASSED] - Object: 'Object Repository/Modulo Pruebas Planta de Personal/Acto_administrativo-Crear_puesto/a_Continuar' is clicked on

2022-03-28 09:12:05 - [TEST_STEP][PASSED] - doubleClick(findTestObject("Modulo Pruebas Planta de Personal/Acto_administrativo-Crear_puesto/a_Aceptar")): Object: 'Object Repository/Modulo Pruebas Planta de Personal/Acto_administrativo-Crear_puesto/a_Aceptar' is double clicked on

2022-03-28 09:12:06 - [MESSAGE][PASSED] - Object: 'Object Repository/Modulo Pruebas Planta de Personal/Acto_administrativo-Crear_puesto/a_Aceptar' is double clicked on

2022-03-28 09:12:06 - [TEST_STEP][PASSED] - click(findTestObject("Modulo Pruebas Planta de Personal/Acto_administrativo-Crear_puesto/a_Aplicar")): Object: 'Object Repository/Modulo Pruebas Planta de Personal/Acto_administrativo-Crear_puesto/a_Aplicar' is clicked on

2022-03-28 09:12:07 - [MESSAGE][PASSED] - Object: 'Object Repository/Modulo Pruebas Planta de Personal/Acto_administrativo-Crear_puesto/a_Aplicar' is clicked on

2022-03-28 09:12:07 - [TEST_STEP][PASSED] - click(findTestObject("Modulo Pruebas Planta de Personal/Acto_administrativo-Crear_puesto/span_Si")): Object: 'Object Repository/Modulo Pruebas Planta de Personal/Acto_administrativo-Crear_puesto/span_Si' is clicked on

2022-03-28 09:12:07 - [MESSAGE][PASSED] - Object: 'Object Repository/Modulo Pruebas Planta de Personal/Acto_administrativo-Crear_puesto/span_Si' is clicked on

2022-03-28 09:12:07 - [TEST_STEP][PASSED] - doubleClick(findTestObject("Modulo Pruebas Planta de Personal/Acto_administrativo-Crear_puesto/a_Aceptar")): Object: 'Object Repository/Modulo Pruebas Planta de Personal/Acto_administrativo-Crear_puesto/a_Aceptar' is double clicked on

2022-03-28 09:12:08 - [MESSAGE][PASSED] - Object: 'Object Repository/Modulo Pruebas Planta de Personal/Acto_administrativo-Crear_puesto/a_Aceptar' is double clicked on

2022-03-28 09:12:08 - [TEST_STEP][PASSED] - if (waitForElementVisible(findTestObject("Modulo Pruebas Planta de Personal/Acto_administrativo-Crear_puesto/span_crea puesto trabajo"), 1)): null

2022-03-28 09:12:09 - [MESSAGE][PASSED] - Object 'Object Repository/Modulo Pruebas Planta de Personal/Acto_administrativo-Crear_puesto/span_crea puesto trabajo' is visible

2022-03-28 09:12:09 - [TEST_STEP][PASSED] - closeBrowser(): Browser is closed

2022-03-28 09:12:10 - [MESSAGE][PASSED] - Browser is closed]]></system-out>
         <system-err><![CDATA[]]></system-err>
      </testcase>
      <testcase name="Test Cases/1.2-Tareas_Secundarias/A.2-Pruebas_planta_personal/12.2.9-Acto_administrativo-Traslado_puesto" time="29.044" classname="Test Cases/1.2-Tareas_Secundarias/A.2-Pruebas_planta_personal/12.2.9-Acto_administrativo-Traslado_puesto" status="PASSED">
         <system-out><![CDATA[2022-03-28 09:12:10 - [TEST_CASE][PASSED] - Test Cases/1.2-Tareas_Secundarias/A.2-Pruebas_planta_personal/12.2.9-Acto_administrativo-Traslado_puesto: Test Cases/1.2-Tareas_Secundarias/A.2-Pruebas_planta_personal/12.2.9-Acto_administrativo-Traslado_puesto

2022-03-28 09:12:10 - [TEST_STEP][PASSED] - today = new java.util.Date(): null

2022-03-28 09:12:10 - [TEST_STEP][PASSED] - Dia = today.format("dd"): null

2022-03-28 09:12:10 - [TEST_STEP][PASSED] - Mes = today.format("MM"): null

2022-03-28 09:12:10 - [TEST_STEP][PASSED] - Año = today.format("yyy"): null

2022-03-28 09:12:10 - [TEST_STEP][PASSED] - Fecha = Dia + "/" + Mes + "/" + Año: null

2022-03-28 09:12:10 - [TEST_STEP][PASSED] - callTestCase(findTestCase("0.1-Login"), [:], STOP_ON_FAILURE): Call Test Case 'Test Cases/0.1-Login' successfully

2022-03-28 09:12:10 - [TEST_CASE][PASSED] - Test Cases/0.1-Login: Test Cases/0.1-Login

2022-03-28 09:12:10 - [TEST_STEP][PASSED] - openBrowser(""): Browser is opened with url: ''

2022-03-28 09:12:10 - [MESSAGE][INFO] - Starting 'Chrome' driver

2022-03-28 09:12:10 - [MESSAGE][INFO] - Action delay is set to 50 milliseconds

2022-03-28 09:12:12 - [MESSAGE][PASSED] - Browser is opened with url: ''

2022-03-28 09:12:12 - [TEST_STEP][PASSED] - maximizeWindow(): Current window maximized

2022-03-28 09:12:12 - [MESSAGE][PASSED] - Current window maximized

2022-03-28 09:12:12 - [TEST_STEP][PASSED] - i = G_Login: null

2022-03-28 09:12:12 - [TEST_STEP][PASSED] - url = new java.net.URL(i): null

2022-03-28 09:12:12 - [TEST_STEP][PASSED] - println("URL: " + url.toString()): null

2022-03-28 09:12:12 - [TEST_STEP][PASSED] - connection = url.openConnection(): null

2022-03-28 09:12:12 - [TEST_STEP][PASSED] - connection.setRequestMethod("GET"): null

2022-03-28 09:12:12 - [TEST_STEP][PASSED] - connection.setReadTimeout(2 * 1000): null

2022-03-28 09:12:12 - [TEST_STEP][PASSED] - try: null

2022-03-28 09:12:12 - [TEST_STEP][PASSED] - connection.connect(): null

2022-03-28 09:12:12 - [TEST_STEP][PASSED] - flag = connected: null

2022-03-28 09:12:12 - [TEST_STEP][PASSED] - println("Valor_ori: " + flag): null

2022-03-28 09:12:12 - [TEST_STEP][PASSED] - if (flag): null

2022-03-28 09:12:12 - [TEST_STEP][PASSED] - navigateToUrl(i): Navigate to 'http://192.168.2.19:8380/saraweb' successfully

2022-03-28 09:12:13 - [MESSAGE][PASSED] - Navigate to 'http://192.168.2.19:8380/saraweb' successfully

2022-03-28 09:12:13 - [TEST_STEP][PASSED] - a(): null

2022-03-28 09:12:13 - [TEST_STEP][PASSED] - setText(findTestObject("Login/input_USUARIO_loginusuario"), G_Usuario): Text 'saraadmin' is set on object 'Object Repository/Login/input_USUARIO_loginusuario'

2022-03-28 09:12:14 - [MESSAGE][PASSED] - Text 'saraadmin' is set on object 'Object Repository/Login/input_USUARIO_loginusuario'

2022-03-28 09:12:14 - [TEST_STEP][PASSED] - setEncryptedText(findTestObject("Login/input_CLAVE_loginpassword"), "MkG4/TYiCFC3cb2driP7+Q=="): Text ****** has been set on object 'Object Repository/Login/input_CLAVE_loginpassword'

2022-03-28 09:12:15 - [MESSAGE][PASSED] - Text ****** has been set on object 'Object Repository/Login/input_CLAVE_loginpassword'

2022-03-28 09:12:15 - [TEST_STEP][PASSED] - waitForElementClickable(findTestObject("Login/a_Ingresar"), G_TimeOut): Object 'Object Repository/Login/a_Ingresar' is clickable

2022-03-28 09:12:15 - [MESSAGE][PASSED] - Object 'Object Repository/Login/a_Ingresar' is clickable

2022-03-28 09:12:15 - [TEST_STEP][PASSED] - click(findTestObject("Login/a_Ingresar")): Object: 'Object Repository/Login/a_Ingresar' is clicked on

2022-03-28 09:12:17 - [MESSAGE][PASSED] - Object: 'Object Repository/Login/a_Ingresar' is clicked on

2022-03-28 09:12:17 - [TEST_STEP][PASSED] - element = findWebElement(findTestObject("Login/a_Ir"), 30): null

2022-03-28 09:12:17 - [TEST_STEP][PASSED] - executeJavaScript("arguments[0].click()", Arrays.asList(element)): Execute JavaScript 'arguments[0].click()' successfully

2022-03-28 09:12:18 - [MESSAGE][PASSED] - Execute JavaScript 'arguments[0].click()' successfully

2022-03-28 09:12:18 - [MESSAGE][PASSED] - Call Test Case 'Test Cases/0.1-Login' successfully

2022-03-28 09:12:18 - [TEST_STEP][PASSED] - setText(findTestObject("Modulo Pruebas Planta de Personal/Acto_administrativo-Traslado_puesto/input_Empresa 1_form_templatej_idt24_input"), "Actos administrativos"): Text 'Actos administrativos' is set on object 'Object Repository/Modulo Pruebas Planta de Personal/Acto_administrativo-Traslado_puesto/input_Empresa 1_form_templatej_idt24_input'

2022-03-28 09:12:19 - [MESSAGE][PASSED] - Text 'Actos administrativos' is set on object 'Object Repository/Modulo Pruebas Planta de Personal/Acto_administrativo-Traslado_puesto/input_Empresa 1_form_templatej_idt24_input'

2022-03-28 09:12:19 - [TEST_STEP][PASSED] - click(findTestObject("Modulo Pruebas Planta de Personal/Acto_administrativo-Traslado_puesto/span_Actos Administrativos")): Object: 'Object Repository/Modulo Pruebas Planta de Personal/Acto_administrativo-Traslado_puesto/span_Actos Administrativos' is clicked on

2022-03-28 09:12:21 - [MESSAGE][PASSED] - Object: 'Object Repository/Modulo Pruebas Planta de Personal/Acto_administrativo-Traslado_puesto/span_Actos Administrativos' is clicked on

2022-03-28 09:12:21 - [TEST_STEP][PASSED] - click(findTestObject("Modulo Pruebas Planta de Personal/Acto_administrativo-Traslado_puesto/i_Actos Ausencia_glyphicons glyphicons-user-structure x3 icon-acto")): Object: 'Object Repository/Modulo Pruebas Planta de Personal/Acto_administrativo-Traslado_puesto/i_Actos Ausencia_glyphicons glyphicons-user-structure x3 icon-acto' is clicked on

2022-03-28 09:12:22 - [MESSAGE][PASSED] - Object: 'Object Repository/Modulo Pruebas Planta de Personal/Acto_administrativo-Traslado_puesto/i_Actos Ausencia_glyphicons glyphicons-user-structure x3 icon-acto' is clicked on

2022-03-28 09:12:22 - [TEST_STEP][PASSED] - click(findTestObject("Modulo Pruebas Planta de Personal/Acto_administrativo-Traslado_puesto/a_Acto Movimento de planta_form_ActosAdministrativostabla_principal_10j_idt79")): Object: 'Object Repository/Modulo Pruebas Planta de Personal/Acto_administrativo-Traslado_puesto/a_Acto Movimento de planta_form_ActosAdministrativostabla_principal_10j_idt79' is clicked on

2022-03-28 09:12:23 - [MESSAGE][PASSED] - Object: 'Object Repository/Modulo Pruebas Planta de Personal/Acto_administrativo-Traslado_puesto/a_Acto Movimento de planta_form_ActosAdministrativostabla_principal_10j_idt79' is clicked on

2022-03-28 09:12:23 - [TEST_STEP][PASSED] - click(findTestObject("Modulo Pruebas Planta de Personal/Acto_administrativo-Traslado_puesto/span_movimiento de planta traslado puesto de trabajo")): Object: 'Object Repository/Modulo Pruebas Planta de Personal/Acto_administrativo-Traslado_puesto/span_movimiento de planta traslado puesto de trabajo' is clicked on

2022-03-28 09:12:24 - [MESSAGE][PASSED] - Object: 'Object Repository/Modulo Pruebas Planta de Personal/Acto_administrativo-Traslado_puesto/span_movimiento de planta traslado puesto de trabajo' is clicked on

2022-03-28 09:12:24 - [TEST_STEP][PASSED] - click(findTestObject("Modulo Pruebas Planta de Personal/Acto_administrativo-Traslado_puesto/a_Elaboracin_form_popupSeleccionDerogarj_idt138")): Object: 'Object Repository/Modulo Pruebas Planta de Personal/Acto_administrativo-Traslado_puesto/a_Elaboracin_form_popupSeleccionDerogarj_idt138' is clicked on

2022-03-28 09:12:25 - [MESSAGE][PASSED] - Object: 'Object Repository/Modulo Pruebas Planta de Personal/Acto_administrativo-Traslado_puesto/a_Elaboracin_form_popupSeleccionDerogarj_idt138' is clicked on

2022-03-28 09:12:25 - [TEST_STEP][PASSED] - setText(findTestObject("Modulo Pruebas Planta de Personal/Acto_administrativo-Traslado_puesto/input__form_actoMovPlantaLiberaTransladaj_idt20880idTexto"), "5"): Text '5' is set on object 'Object Repository/Modulo Pruebas Planta de Personal/Acto_administrativo-Traslado_puesto/input__form_actoMovPlantaLiberaTransladaj_idt20880idTexto'

2022-03-28 09:12:26 - [MESSAGE][PASSED] - Text '5' is set on object 'Object Repository/Modulo Pruebas Planta de Personal/Acto_administrativo-Traslado_puesto/input__form_actoMovPlantaLiberaTransladaj_idt20880idTexto'

2022-03-28 09:12:26 - [TEST_STEP][PASSED] - setText(findTestObject("Modulo Pruebas Planta de Personal/Acto_administrativo-Traslado_puesto/input__form_actoMovPlantaLiberaTransladaj_idt20881fecha_input"), Fecha): Text '28/03/2022' is set on object 'Object Repository/Modulo Pruebas Planta de Personal/Acto_administrativo-Traslado_puesto/input__form_actoMovPlantaLiberaTransladaj_idt20881fecha_input'

2022-03-28 09:12:27 - [MESSAGE][PASSED] - Text '28/03/2022' is set on object 'Object Repository/Modulo Pruebas Planta de Personal/Acto_administrativo-Traslado_puesto/input__form_actoMovPlantaLiberaTransladaj_idt20881fecha_input'

2022-03-28 09:12:27 - [TEST_STEP][PASSED] - click(findTestObject("Modulo Pruebas Planta de Personal/Acto_administrativo-Traslado_puesto/a_Unidad Organizacional_form_actoMovPlantaLiberaTransladaunidad_antes")): Object: 'Object Repository/Modulo Pruebas Planta de Personal/Acto_administrativo-Traslado_puesto/a_Unidad Organizacional_form_actoMovPlantaLiberaTransladaunidad_antes' is clicked on

2022-03-28 09:12:28 - [MESSAGE][PASSED] - Object: 'Object Repository/Modulo Pruebas Planta de Personal/Acto_administrativo-Traslado_puesto/a_Unidad Organizacional_form_actoMovPlantaLiberaTransladaunidad_antes' is clicked on

2022-03-28 09:12:28 - [TEST_STEP][PASSED] - setText(findTestObject("Modulo Pruebas Planta de Personal/Acto_administrativo-Traslado_puesto/input_Unidad_form_popupUnidadUsuarioj_idt1425"), "A1"): Text 'A1' is set on object 'Object Repository/Modulo Pruebas Planta de Personal/Acto_administrativo-Traslado_puesto/input_Unidad_form_popupUnidadUsuarioj_idt1425'

2022-03-28 09:12:29 - [MESSAGE][PASSED] - Text 'A1' is set on object 'Object Repository/Modulo Pruebas Planta de Personal/Acto_administrativo-Traslado_puesto/input_Unidad_form_popupUnidadUsuarioj_idt1425'

2022-03-28 09:12:29 - [TEST_STEP][PASSED] - sendKeys(findTestObject("Modulo Pruebas Planta de Personal/Acto_administrativo-Traslado_puesto/input_Unidad_form_popupUnidadUsuarioj_idt1425"), Keys.chord(ENTER)): Keys 'ENTER + ' sent to object: 'Object Repository/Modulo Pruebas Planta de Personal/Acto_administrativo-Traslado_puesto/input_Unidad_form_popupUnidadUsuarioj_idt1425'

2022-03-28 09:12:29 - [MESSAGE][PASSED] - Keys 'ENTER + ' sent to object: 'Object Repository/Modulo Pruebas Planta de Personal/Acto_administrativo-Traslado_puesto/input_Unidad_form_popupUnidadUsuarioj_idt1425'

2022-03-28 09:12:29 - [TEST_STEP][PASSED] - click(findTestObject("Modulo Pruebas Planta de Personal/Acto_administrativo-Traslado_puesto/span_ADMINISTRACION")): Object: 'Object Repository/Modulo Pruebas Planta de Personal/Acto_administrativo-Traslado_puesto/span_ADMINISTRACION' is clicked on

2022-03-28 09:12:30 - [MESSAGE][PASSED] - Object: 'Object Repository/Modulo Pruebas Planta de Personal/Acto_administrativo-Traslado_puesto/span_ADMINISTRACION' is clicked on

2022-03-28 09:12:30 - [TEST_STEP][PASSED] - click(findTestObject("Modulo Pruebas Planta de Personal/Acto_administrativo-Traslado_puesto/a_Cargo_form_actoMovPlantaLiberaTransladacargo_antes")): Object: 'Object Repository/Modulo Pruebas Planta de Personal/Acto_administrativo-Traslado_puesto/a_Cargo_form_actoMovPlantaLiberaTransladacargo_antes' is clicked on

2022-03-28 09:12:31 - [MESSAGE][PASSED] - Object: 'Object Repository/Modulo Pruebas Planta de Personal/Acto_administrativo-Traslado_puesto/a_Cargo_form_actoMovPlantaLiberaTransladacargo_antes' is clicked on

2022-03-28 09:12:31 - [TEST_STEP][PASSED] - click(findTestObject("Modulo Pruebas Planta de Personal/Acto_administrativo-Traslado_puesto/span_ANALISTA CONTABLE")): Object: 'Object Repository/Modulo Pruebas Planta de Personal/Acto_administrativo-Traslado_puesto/span_ANALISTA CONTABLE' is clicked on

2022-03-28 09:12:32 - [MESSAGE][PASSED] - Object: 'Object Repository/Modulo Pruebas Planta de Personal/Acto_administrativo-Traslado_puesto/span_ANALISTA CONTABLE' is clicked on

2022-03-28 09:12:32 - [TEST_STEP][PASSED] - click(findTestObject("Modulo Pruebas Planta de Personal/Acto_administrativo-Traslado_puesto/a_Continuar")): Object: 'Object Repository/Modulo Pruebas Planta de Personal/Acto_administrativo-Traslado_puesto/a_Continuar' is clicked on

2022-03-28 09:12:33 - [MESSAGE][PASSED] - Object: 'Object Repository/Modulo Pruebas Planta de Personal/Acto_administrativo-Traslado_puesto/a_Continuar' is clicked on

2022-03-28 09:12:33 - [TEST_STEP][PASSED] - click(findTestObject("Modulo Pruebas Planta de Personal/Acto_administrativo-Traslado_puesto/td")): Object: 'Object Repository/Modulo Pruebas Planta de Personal/Acto_administrativo-Traslado_puesto/td' is clicked on

2022-03-28 09:12:34 - [MESSAGE][PASSED] - Object: 'Object Repository/Modulo Pruebas Planta de Personal/Acto_administrativo-Traslado_puesto/td' is clicked on

2022-03-28 09:12:34 - [TEST_STEP][PASSED] - click(findTestObject("Modulo Pruebas Planta de Personal/Acto_administrativo-Traslado_puesto/a_Continuar")): Object: 'Object Repository/Modulo Pruebas Planta de Personal/Acto_administrativo-Traslado_puesto/a_Continuar' is clicked on

2022-03-28 09:12:35 - [MESSAGE][PASSED] - Object: 'Object Repository/Modulo Pruebas Planta de Personal/Acto_administrativo-Traslado_puesto/a_Continuar' is clicked on

2022-03-28 09:12:35 - [TEST_STEP][PASSED] - click(findTestObject("Modulo Pruebas Planta de Personal/Acto_administrativo-Traslado_puesto/a_Aplicar")): Object: 'Object Repository/Modulo Pruebas Planta de Personal/Acto_administrativo-Traslado_puesto/a_Aplicar' is clicked on

2022-03-28 09:12:35 - [MESSAGE][PASSED] - Object: 'Object Repository/Modulo Pruebas Planta de Personal/Acto_administrativo-Traslado_puesto/a_Aplicar' is clicked on

2022-03-28 09:12:35 - [TEST_STEP][PASSED] - click(findTestObject("Modulo Pruebas Planta de Personal/Acto_administrativo-Traslado_puesto/span_Si")): Object: 'Object Repository/Modulo Pruebas Planta de Personal/Acto_administrativo-Traslado_puesto/span_Si' is clicked on

2022-03-28 09:12:36 - [MESSAGE][PASSED] - Object: 'Object Repository/Modulo Pruebas Planta de Personal/Acto_administrativo-Traslado_puesto/span_Si' is clicked on

2022-03-28 09:12:36 - [TEST_STEP][PASSED] - waitForElementVisible(findTestObject("Modulo Pruebas Planta de Personal/Acto_administrativo-Traslado_puesto/label_EL SISTEMA HA GENERADO EL ACTO ADMINISTRATIVO CORRECTAMENTE"), 0): Object 'Object Repository/Modulo Pruebas Planta de Personal/Acto_administrativo-Traslado_puesto/label_EL SISTEMA HA GENERADO EL ACTO ADMINISTRATIVO CORRECTAMENTE' is visible

2022-03-28 09:12:36 - [MESSAGE][WARNING] - Timeout '0' is invalid. Using default page load timeout: '45'

2022-03-28 09:12:37 - [MESSAGE][PASSED] - Object 'Object Repository/Modulo Pruebas Planta de Personal/Acto_administrativo-Traslado_puesto/label_EL SISTEMA HA GENERADO EL ACTO ADMINISTRATIVO CORRECTAMENTE' is visible

2022-03-28 09:12:37 - [TEST_STEP][PASSED] - click(findTestObject("Modulo Pruebas Planta de Personal/Acto_administrativo-Traslado_puesto/a_Aceptar")): Object: 'Object Repository/Modulo Pruebas Planta de Personal/Acto_administrativo-Traslado_puesto/a_Aceptar' is clicked on

2022-03-28 09:12:37 - [MESSAGE][PASSED] - Object: 'Object Repository/Modulo Pruebas Planta de Personal/Acto_administrativo-Traslado_puesto/a_Aceptar' is clicked on

2022-03-28 09:12:37 - [TEST_STEP][PASSED] - if (waitForElementVisible(findTestObject("Modulo Pruebas Planta de Personal/Acto_administrativo-Traslado_puesto/span_movimiento de planta traslado puesto de trabajo"), 1)): null

2022-03-28 09:12:38 - [MESSAGE][PASSED] - Object 'Object Repository/Modulo Pruebas Planta de Personal/Acto_administrativo-Traslado_puesto/span_movimiento de planta traslado puesto de trabajo' is visible

2022-03-28 09:12:38 - [TEST_STEP][PASSED] - closeBrowser(): Browser is closed

2022-03-28 09:12:39 - [MESSAGE][PASSED] - Browser is closed]]></system-out>
         <system-err><![CDATA[]]></system-err>
      </testcase>
      <system-out><![CDATA[2022-03-28 09:05:18 - [TEST_SUITE][PASSED] - 12-Pruebas_Planta_Personal: Test Cases/1.2-Tareas_Secundarias/A.2-Pruebas_planta_personal/12.2.9-Acto_administrativo-Traslado_puesto]]></system-out>
      <system-err><![CDATA[]]></system-err>
   </testsuite>
</testsuites>
