<?xml version="1.0" encoding="UTF-8"?>
<testsuites name="11-Pruebas_Compensaciones" time="205.199" tests="6" failures="0" errors="0">
   <testsuite name="11-Pruebas_Compensaciones" tests="6" failures="0" errors="0" time="205.199" skipped="0" timestamp="2022-02-23 15:43:45" hostname="diego.rojas - US-AF-000371" id="Test Suites/11-Pruebas_Compensaciones">
      <properties>
         <property name="deviceName" value=""/>
         <property name="devicePlatform" value=""/>
         <property name="logFolder" value="C:\\Users\\diego.rojas\\git\\Pruebas-Minimas\\Reports\\20220223_145603\\11-Pruebas_Compensaciones\\20220223_145659"/>
         <property name="logFiles" value="C:\\Users\\diego.rojas\\git\\Pruebas-Minimas\\Reports\\20220223_145603\\11-Pruebas_Compensaciones\\20220223_145659\\execution0.log"/>
         <property name="attachments" value=""/>
         <property name="hostName" value="diego.rojas - US-AF-000371"/>
         <property name="os" value="Windows 10 64bit"/>
         <property name="katalonVersion" value="8.2.5.208"/>
         <property name="browser" value="Chrome 98.0.4758.102"/>
         <property name="hostAddress" value="192.168.56.1"/>
         <property name="sessionId" value="98cf481a0ddf1f9b3b3a4a24bd9ebb13"/>
         <property name="seleniumVersion" value="3.141.59"/>
         <property name="proxyInformation" value="ProxyInformation { proxyOption=NO_PROXY, proxyServerType=HTTP, username=, password=********, proxyServerAddress=, proxyServerPort=0, executionList=&quot;&quot;, isApplyToDesiredCapabilities=true }"/>
         <property name="platform" value="Windows 10"/>
      </properties>
      <testcase name="Test Cases/11.1-Pruebas_compensaciones/11.1.1-Recálcular_nómina_por_empleado" time="20.431" classname="Test Cases/11.1-Pruebas_compensaciones/11.1.1-Recálcular_nómina_por_empleado" status="PASSED">
         <system-out><![CDATA[2022-02-23 15:43:46 - [TEST_CASE][PASSED] - Test Cases/11.1-Pruebas_compensaciones/11.1.1-Recálcular_nómina_por_empleado: Test Cases/11.1-Pruebas_compensaciones/11.1.1-Recálcular_nómina_por_empleado

2022-02-23 15:43:46 - [TEST_STEP][PASSED] - callTestCase(findTestCase("0.1-Login"), [:], STOP_ON_FAILURE): Call Test Case 'Test Cases/0.1-Login' successfully

2022-02-23 15:43:46 - [TEST_CASE][PASSED] - Test Cases/0.1-Login: Test Cases/0.1-Login

2022-02-23 15:43:47 - [TEST_STEP][PASSED] - openBrowser(""): Browser is opened with url: ''

2022-02-23 15:43:47 - [MESSAGE][INFO] - Starting 'Chrome' driver

2022-02-23 15:43:47 - [MESSAGE][INFO] - Action delay is set to 0 milliseconds

2022-02-23 15:43:50 - [MESSAGE][PASSED] - Browser is opened with url: ''

2022-02-23 15:43:50 - [TEST_STEP][PASSED] - maximizeWindow(): Current window maximized

2022-02-23 15:43:50 - [MESSAGE][PASSED] - Current window maximized

2022-02-23 15:43:50 - [TEST_STEP][PASSED] - i = G_Login: null

2022-02-23 15:43:50 - [TEST_STEP][PASSED] - url = new java.net.URL(i): null

2022-02-23 15:43:50 - [TEST_STEP][PASSED] - println("URL: " + url.toString()): null

2022-02-23 15:43:50 - [TEST_STEP][PASSED] - connection = url.openConnection(): null

2022-02-23 15:43:50 - [TEST_STEP][PASSED] - connection.setRequestMethod("GET"): null

2022-02-23 15:43:50 - [TEST_STEP][PASSED] - connection.setReadTimeout(2 * 1000): null

2022-02-23 15:43:50 - [TEST_STEP][PASSED] - try: null

2022-02-23 15:43:50 - [TEST_STEP][PASSED] - connection.connect(): null

2022-02-23 15:43:50 - [TEST_STEP][PASSED] - flag = connected: null

2022-02-23 15:43:50 - [TEST_STEP][PASSED] - println("Valor_ori: " + flag): null

2022-02-23 15:43:50 - [TEST_STEP][PASSED] - if (flag): null

2022-02-23 15:43:50 - [TEST_STEP][PASSED] - navigateToUrl(i): Navigate to 'http://192.168.2.80:8380/saraweb' successfully

2022-02-23 15:43:50 - [MESSAGE][PASSED] - Navigate to 'http://192.168.2.80:8380/saraweb' successfully

2022-02-23 15:43:50 - [TEST_STEP][PASSED] - a(): null

2022-02-23 15:43:51 - [TEST_STEP][PASSED] - setText(findTestObject("Login/input_USUARIO_loginusuario"), G_Usuario): Text 'saraadmin' is set on object 'Object Repository/Login/input_USUARIO_loginusuario'

2022-02-23 15:43:51 - [MESSAGE][PASSED] - Text 'saraadmin' is set on object 'Object Repository/Login/input_USUARIO_loginusuario'

2022-02-23 15:43:51 - [TEST_STEP][PASSED] - setEncryptedText(findTestObject("Login/input_CLAVE_loginpassword"), "MkG4/TYiCFC3cb2driP7+Q=="): Text ****** has been set on object 'Object Repository/Login/input_CLAVE_loginpassword'

2022-02-23 15:43:52 - [MESSAGE][PASSED] - Text ****** has been set on object 'Object Repository/Login/input_CLAVE_loginpassword'

2022-02-23 15:43:52 - [TEST_STEP][PASSED] - waitForElementClickable(findTestObject("Login/a_Ingresar"), G_TimeOut): Object 'Object Repository/Login/a_Ingresar' is clickable

2022-02-23 15:43:52 - [MESSAGE][PASSED] - Object 'Object Repository/Login/a_Ingresar' is clickable

2022-02-23 15:43:52 - [TEST_STEP][PASSED] - click(findTestObject("Login/a_Ingresar")): Object: 'Object Repository/Login/a_Ingresar' is clicked on

2022-02-23 15:43:54 - [MESSAGE][PASSED] - Object: 'Object Repository/Login/a_Ingresar' is clicked on

2022-02-23 15:43:54 - [TEST_STEP][PASSED] - element = findWebElement(findTestObject("Login/a_Ir"), 30): null

2022-02-23 15:43:54 - [TEST_STEP][PASSED] - executeJavaScript("arguments[0].click()", Arrays.asList(element)): Execute JavaScript 'arguments[0].click()' successfully

2022-02-23 15:43:54 - [MESSAGE][PASSED] - Execute JavaScript 'arguments[0].click()' successfully

2022-02-23 15:43:54 - [MESSAGE][PASSED] - Call Test Case 'Test Cases/0.1-Login' successfully

2022-02-23 15:43:54 - [TEST_STEP][PASSED] - setText(findTestObject("Modulo compensaciones/Recálcular_nómina_por_empleado/input_Empresa 1_form_templatej_idt24_input"), "liquidacion nomina"): Text 'liquidacion nomina' is set on object 'Object Repository/Modulo compensaciones/Recálcular_nómina_por_empleado/input_Empresa 1_form_templatej_idt24_input'

2022-02-23 15:43:56 - [MESSAGE][PASSED] - Text 'liquidacion nomina' is set on object 'Object Repository/Modulo compensaciones/Recálcular_nómina_por_empleado/input_Empresa 1_form_templatej_idt24_input'

2022-02-23 15:43:56 - [TEST_STEP][PASSED] - click(findTestObject("Modulo compensaciones/Recálcular_nómina_por_empleado/li_Liquidacion Nomina (com)")): Object: 'Object Repository/Modulo compensaciones/Recálcular_nómina_por_empleado/li_Liquidacion Nomina (com)' is clicked on

2022-02-23 15:43:57 - [MESSAGE][PASSED] - Object: 'Object Repository/Modulo compensaciones/Recálcular_nómina_por_empleado/li_Liquidacion Nomina (com)' is clicked on

2022-02-23 15:43:57 - [TEST_STEP][PASSED] - click(findTestObject("Modulo compensaciones/Recálcular_nómina_por_empleado/a_Periodo Nomina_LiquidacionNominaj_idt68")): Object: 'Object Repository/Modulo compensaciones/Recálcular_nómina_por_empleado/a_Periodo Nomina_LiquidacionNominaj_idt68' is clicked on

2022-02-23 15:43:58 - [MESSAGE][PASSED] - Object: 'Object Repository/Modulo compensaciones/Recálcular_nómina_por_empleado/a_Periodo Nomina_LiquidacionNominaj_idt68' is clicked on

2022-02-23 15:43:58 - [TEST_STEP][PASSED] - selectOptionByIndex(findTestObject("Modulo compensaciones/Recálcular_nómina_por_empleado/select_--  Seleccione  --Periodo CerradoPeriodo en Proceso"), 2): All options with index in [2] are selected on object 'Object Repository/Modulo compensaciones/Recálcular_nómina_por_empleado/select_--  Seleccione  --Periodo CerradoPeriodo en Proceso'

2022-02-23 15:43:59 - [MESSAGE][PASSED] - All options with index in [2] are selected on object 'Object Repository/Modulo compensaciones/Recálcular_nómina_por_empleado/select_--  Seleccione  --Periodo CerradoPeriodo en Proceso'

2022-02-23 15:43:59 - [TEST_STEP][PASSED] - click(findTestObject("Modulo compensaciones/Recálcular_nómina_por_empleado/span_P. MensualJunio2021")): Object: 'Object Repository/Modulo compensaciones/Recálcular_nómina_por_empleado/span_P. MensualJunio2021' is clicked on

2022-02-23 15:44:00 - [MESSAGE][PASSED] - Object: 'Object Repository/Modulo compensaciones/Recálcular_nómina_por_empleado/span_P. MensualJunio2021' is clicked on

2022-02-23 15:44:00 - [TEST_STEP][PASSED] - check(findTestObject("Modulo compensaciones/Recálcular_nómina_por_empleado/div_Estado_ui-chkbox-box ui-widget ui-corner-all ui-state-default")): Object 'Object Repository/Modulo compensaciones/Recálcular_nómina_por_empleado/div_Estado_ui-chkbox-box ui-widget ui-corner-all ui-state-default' is checked

2022-02-23 15:44:01 - [MESSAGE][PASSED] - Object 'Object Repository/Modulo compensaciones/Recálcular_nómina_por_empleado/div_Estado_ui-chkbox-box ui-widget ui-corner-all ui-state-default' is checked

2022-02-23 15:44:01 - [TEST_STEP][PASSED] - click(findTestObject("Modulo compensaciones/Recálcular_nómina_por_empleado/a_Reclculo Seleccin")): Object: 'Object Repository/Modulo compensaciones/Recálcular_nómina_por_empleado/a_Reclculo Seleccin' is clicked on

2022-02-23 15:44:02 - [MESSAGE][PASSED] - Object: 'Object Repository/Modulo compensaciones/Recálcular_nómina_por_empleado/a_Reclculo Seleccin' is clicked on

2022-02-23 15:44:02 - [TEST_STEP][PASSED] - click(findTestObject("Modulo compensaciones/Recálcular_nómina_por_empleado/span_Si")): Object: 'Object Repository/Modulo compensaciones/Recálcular_nómina_por_empleado/span_Si' is clicked on

2022-02-23 15:44:03 - [MESSAGE][PASSED] - Object: 'Object Repository/Modulo compensaciones/Recálcular_nómina_por_empleado/span_Si' is clicked on

2022-02-23 15:44:03 - [TEST_STEP][PASSED] - if (waitForElementVisible(findTestObject("Modulo compensaciones/Recálcular_nómina_por_empleado/p_Recalculo Finalizado"), 1)): null

2022-02-23 15:44:03 - [MESSAGE][PASSED] - Object 'Object Repository/Modulo compensaciones/Recálcular_nómina_por_empleado/p_Recalculo Finalizado' is visible

2022-02-23 15:44:03 - [TEST_STEP][PASSED] - delay(2): Delayed 2 second(s)

2022-02-23 15:44:05 - [MESSAGE][PASSED] - Delayed 2 second(s)

2022-02-23 15:44:05 - [TEST_STEP][PASSED] - closeBrowser(): Browser is closed

2022-02-23 15:44:06 - [MESSAGE][PASSED] - Browser is closed]]></system-out>
         <system-err><![CDATA[]]></system-err>
      </testcase>
      <testcase name="Test Cases/11.1-Pruebas_compensaciones/11.1.3-Liquidación_Nomina" time="21.179" classname="Test Cases/11.1-Pruebas_compensaciones/11.1.3-Liquidación_Nomina" status="PASSED">
         <system-out><![CDATA[2022-02-23 15:44:06 - [TEST_CASE][PASSED] - Test Cases/11.1-Pruebas_compensaciones/11.1.3-Liquidación_Nomina: Test Cases/11.1-Pruebas_compensaciones/11.1.3-Liquidación_Nomina

2022-02-23 15:44:07 - [TEST_STEP][PASSED] - callTestCase(findTestCase("0.1-Login"), [:], STOP_ON_FAILURE): Call Test Case 'Test Cases/0.1-Login' successfully

2022-02-23 15:44:07 - [TEST_CASE][PASSED] - Test Cases/0.1-Login: Test Cases/0.1-Login

2022-02-23 15:44:07 - [TEST_STEP][PASSED] - openBrowser(""): Browser is opened with url: ''

2022-02-23 15:44:07 - [MESSAGE][INFO] - Starting 'Chrome' driver

2022-02-23 15:44:07 - [MESSAGE][INFO] - Action delay is set to 0 milliseconds

2022-02-23 15:44:08 - [MESSAGE][PASSED] - Browser is opened with url: ''

2022-02-23 15:44:08 - [TEST_STEP][PASSED] - maximizeWindow(): Current window maximized

2022-02-23 15:44:08 - [MESSAGE][PASSED] - Current window maximized

2022-02-23 15:44:08 - [TEST_STEP][PASSED] - i = G_Login: null

2022-02-23 15:44:08 - [TEST_STEP][PASSED] - url = new java.net.URL(i): null

2022-02-23 15:44:08 - [TEST_STEP][PASSED] - println("URL: " + url.toString()): null

2022-02-23 15:44:08 - [TEST_STEP][PASSED] - connection = url.openConnection(): null

2022-02-23 15:44:08 - [TEST_STEP][PASSED] - connection.setRequestMethod("GET"): null

2022-02-23 15:44:08 - [TEST_STEP][PASSED] - connection.setReadTimeout(2 * 1000): null

2022-02-23 15:44:08 - [TEST_STEP][PASSED] - try: null

2022-02-23 15:44:08 - [TEST_STEP][PASSED] - connection.connect(): null

2022-02-23 15:44:08 - [TEST_STEP][PASSED] - flag = connected: null

2022-02-23 15:44:08 - [TEST_STEP][PASSED] - println("Valor_ori: " + flag): null

2022-02-23 15:44:08 - [TEST_STEP][PASSED] - if (flag): null

2022-02-23 15:44:08 - [TEST_STEP][PASSED] - navigateToUrl(i): Navigate to 'http://192.168.2.80:8380/saraweb' successfully

2022-02-23 15:44:09 - [MESSAGE][PASSED] - Navigate to 'http://192.168.2.80:8380/saraweb' successfully

2022-02-23 15:44:09 - [TEST_STEP][PASSED] - a(): null

2022-02-23 15:44:09 - [TEST_STEP][PASSED] - setText(findTestObject("Login/input_USUARIO_loginusuario"), G_Usuario): Text 'saraadmin' is set on object 'Object Repository/Login/input_USUARIO_loginusuario'

2022-02-23 15:44:10 - [MESSAGE][PASSED] - Text 'saraadmin' is set on object 'Object Repository/Login/input_USUARIO_loginusuario'

2022-02-23 15:44:10 - [TEST_STEP][PASSED] - setEncryptedText(findTestObject("Login/input_CLAVE_loginpassword"), "MkG4/TYiCFC3cb2driP7+Q=="): Text ****** has been set on object 'Object Repository/Login/input_CLAVE_loginpassword'

2022-02-23 15:44:10 - [MESSAGE][PASSED] - Text ****** has been set on object 'Object Repository/Login/input_CLAVE_loginpassword'

2022-02-23 15:44:10 - [TEST_STEP][PASSED] - waitForElementClickable(findTestObject("Login/a_Ingresar"), G_TimeOut): Object 'Object Repository/Login/a_Ingresar' is clickable

2022-02-23 15:44:11 - [MESSAGE][PASSED] - Object 'Object Repository/Login/a_Ingresar' is clickable

2022-02-23 15:44:11 - [TEST_STEP][PASSED] - click(findTestObject("Login/a_Ingresar")): Object: 'Object Repository/Login/a_Ingresar' is clicked on

2022-02-23 15:44:13 - [MESSAGE][PASSED] - Object: 'Object Repository/Login/a_Ingresar' is clicked on

2022-02-23 15:44:13 - [TEST_STEP][PASSED] - element = findWebElement(findTestObject("Login/a_Ir"), 30): null

2022-02-23 15:44:13 - [TEST_STEP][PASSED] - executeJavaScript("arguments[0].click()", Arrays.asList(element)): Execute JavaScript 'arguments[0].click()' successfully

2022-02-23 15:44:14 - [MESSAGE][PASSED] - Execute JavaScript 'arguments[0].click()' successfully

2022-02-23 15:44:14 - [MESSAGE][PASSED] - Call Test Case 'Test Cases/0.1-Login' successfully

2022-02-23 15:44:14 - [TEST_STEP][PASSED] - setText(findTestObject("Modulo compensaciones/Liquidación_Nomina/input_Empresa 1_form_templatej_idt24_input"), "Liquidacion Nomina"): Text 'Liquidacion Nomina' is set on object 'Object Repository/Modulo compensaciones/Liquidación_Nomina/input_Empresa 1_form_templatej_idt24_input'

2022-02-23 15:44:15 - [MESSAGE][PASSED] - Text 'Liquidacion Nomina' is set on object 'Object Repository/Modulo compensaciones/Liquidación_Nomina/input_Empresa 1_form_templatej_idt24_input'

2022-02-23 15:44:15 - [TEST_STEP][PASSED] - click(findTestObject("Modulo compensaciones/Liquidación_Nomina/li_Liquidacion Nomina (com)")): Object: 'Object Repository/Modulo compensaciones/Liquidación_Nomina/li_Liquidacion Nomina (com)' is clicked on

2022-02-23 15:44:16 - [MESSAGE][PASSED] - Object: 'Object Repository/Modulo compensaciones/Liquidación_Nomina/li_Liquidacion Nomina (com)' is clicked on

2022-02-23 15:44:16 - [TEST_STEP][PASSED] - click(findTestObject("Modulo compensaciones/Liquidación_Nomina/a_Periodo Nomina_LiquidacionNominaj_idt68")): Object: 'Object Repository/Modulo compensaciones/Liquidación_Nomina/a_Periodo Nomina_LiquidacionNominaj_idt68' is clicked on

2022-02-23 15:44:17 - [MESSAGE][PASSED] - Object: 'Object Repository/Modulo compensaciones/Liquidación_Nomina/a_Periodo Nomina_LiquidacionNominaj_idt68' is clicked on

2022-02-23 15:44:17 - [TEST_STEP][PASSED] - selectOptionByIndex(findTestObject("Modulo compensaciones/Liquidación_Nomina/select_--  Seleccione  --Periodo CerradoPeriodo en Proceso"), 2): All options with index in [2] are selected on object 'Object Repository/Modulo compensaciones/Liquidación_Nomina/select_--  Seleccione  --Periodo CerradoPeriodo en Proceso'

2022-02-23 15:44:18 - [MESSAGE][PASSED] - All options with index in [2] are selected on object 'Object Repository/Modulo compensaciones/Liquidación_Nomina/select_--  Seleccione  --Periodo CerradoPeriodo en Proceso'

2022-02-23 15:44:18 - [TEST_STEP][PASSED] - click(findTestObject("Modulo compensaciones/Liquidación_Nomina/span_P. MensualJulio2021")): Object: 'Object Repository/Modulo compensaciones/Liquidación_Nomina/span_P. MensualJulio2021' is clicked on

2022-02-23 15:44:19 - [MESSAGE][PASSED] - Object: 'Object Repository/Modulo compensaciones/Liquidación_Nomina/span_P. MensualJulio2021' is clicked on

2022-02-23 15:44:19 - [TEST_STEP][PASSED] - setText(findTestObject("Modulo compensaciones/Liquidación_Nomina/input_Nombre Persona_LiquidacionNominaj_idt124"), "1026588953"): Text '1026588953' is set on object 'Object Repository/Modulo compensaciones/Liquidación_Nomina/input_Nombre Persona_LiquidacionNominaj_idt124'

2022-02-23 15:44:20 - [MESSAGE][PASSED] - Text '1026588953' is set on object 'Object Repository/Modulo compensaciones/Liquidación_Nomina/input_Nombre Persona_LiquidacionNominaj_idt124'

2022-02-23 15:44:20 - [TEST_STEP][PASSED] - sendKeys(findTestObject("Modulo compensaciones/Liquidación_Nomina/input_Nombre Persona_LiquidacionNominaj_idt124"), Keys.chord(ENTER)): Keys 'ENTER + ' sent to object: 'Object Repository/Modulo compensaciones/Liquidación_Nomina/input_Nombre Persona_LiquidacionNominaj_idt124'

2022-02-23 15:44:21 - [MESSAGE][PASSED] - Keys 'ENTER + ' sent to object: 'Object Repository/Modulo compensaciones/Liquidación_Nomina/input_Nombre Persona_LiquidacionNominaj_idt124'

2022-02-23 15:44:21 - [TEST_STEP][PASSED] - click(findTestObject("Modulo compensaciones/Liquidación_Nomina/td_Aya Silva Cindy Ximena")): Object: 'Object Repository/Modulo compensaciones/Liquidación_Nomina/td_Aya Silva Cindy Ximena' is clicked on

2022-02-23 15:44:21 - [MESSAGE][PASSED] - Object: 'Object Repository/Modulo compensaciones/Liquidación_Nomina/td_Aya Silva Cindy Ximena' is clicked on

2022-02-23 15:44:21 - [TEST_STEP][PASSED] - click(findTestObject("Modulo compensaciones/Liquidación_Nomina/a_Liquidacin Periodica")): Object: 'Object Repository/Modulo compensaciones/Liquidación_Nomina/a_Liquidacin Periodica' is clicked on

2022-02-23 15:44:22 - [MESSAGE][PASSED] - Object: 'Object Repository/Modulo compensaciones/Liquidación_Nomina/a_Liquidacin Periodica' is clicked on

2022-02-23 15:44:22 - [TEST_STEP][PASSED] - click(findTestObject("Modulo compensaciones/Liquidación_Nomina/span_Prestamo Compaa")): Object: 'Object Repository/Modulo compensaciones/Liquidación_Nomina/span_Prestamo Compaa' is clicked on

2022-02-23 15:44:23 - [MESSAGE][PASSED] - Object: 'Object Repository/Modulo compensaciones/Liquidación_Nomina/span_Prestamo Compaa' is clicked on

2022-02-23 15:44:23 - [TEST_STEP][PASSED] - click(findTestObject("Modulo compensaciones/Liquidación_Nomina/a_Ver")): Object: 'Object Repository/Modulo compensaciones/Liquidación_Nomina/a_Ver' is clicked on

2022-02-23 15:44:24 - [MESSAGE][PASSED] - Object: 'Object Repository/Modulo compensaciones/Liquidación_Nomina/a_Ver' is clicked on

2022-02-23 15:44:24 - [TEST_STEP][PASSED] - if (waitForElementVisible(findTestObject("Modulo compensaciones/Liquidación_Nomina/a_Pagos o Descuentos Extra"), 1)): null

2022-02-23 15:44:27 - [MESSAGE][PASSED] - Object 'Object Repository/Modulo compensaciones/Liquidación_Nomina/a_Pagos o Descuentos Extra' is visible

2022-02-23 15:44:27 - [TEST_STEP][PASSED] - closeBrowser(): Browser is closed

2022-02-23 15:44:27 - [MESSAGE][PASSED] - Browser is closed]]></system-out>
         <system-err><![CDATA[]]></system-err>
      </testcase>
      <testcase name="Test Cases/11.1-Pruebas_compensaciones/11.1.4-Fuente_General" time="23.975" classname="Test Cases/11.1-Pruebas_compensaciones/11.1.4-Fuente_General" status="PASSED">
         <system-out><![CDATA[2022-02-23 15:44:27 - [TEST_CASE][PASSED] - Test Cases/11.1-Pruebas_compensaciones/11.1.4-Fuente_General: Test Cases/11.1-Pruebas_compensaciones/11.1.4-Fuente_General

2022-02-23 15:44:28 - [TEST_STEP][PASSED] - callTestCase(findTestCase("0.1-Login"), [:], STOP_ON_FAILURE): Call Test Case 'Test Cases/0.1-Login' successfully

2022-02-23 15:44:28 - [TEST_CASE][PASSED] - Test Cases/0.1-Login: Test Cases/0.1-Login

2022-02-23 15:44:28 - [TEST_STEP][PASSED] - openBrowser(""): Browser is opened with url: ''

2022-02-23 15:44:28 - [MESSAGE][INFO] - Starting 'Chrome' driver

2022-02-23 15:44:28 - [MESSAGE][INFO] - Action delay is set to 0 milliseconds

2022-02-23 15:44:29 - [MESSAGE][PASSED] - Browser is opened with url: ''

2022-02-23 15:44:29 - [TEST_STEP][PASSED] - maximizeWindow(): Current window maximized

2022-02-23 15:44:29 - [MESSAGE][PASSED] - Current window maximized

2022-02-23 15:44:29 - [TEST_STEP][PASSED] - i = G_Login: null

2022-02-23 15:44:29 - [TEST_STEP][PASSED] - url = new java.net.URL(i): null

2022-02-23 15:44:29 - [TEST_STEP][PASSED] - println("URL: " + url.toString()): null

2022-02-23 15:44:29 - [TEST_STEP][PASSED] - connection = url.openConnection(): null

2022-02-23 15:44:29 - [TEST_STEP][PASSED] - connection.setRequestMethod("GET"): null

2022-02-23 15:44:29 - [TEST_STEP][PASSED] - connection.setReadTimeout(2 * 1000): null

2022-02-23 15:44:29 - [TEST_STEP][PASSED] - try: null

2022-02-23 15:44:29 - [TEST_STEP][PASSED] - connection.connect(): null

2022-02-23 15:44:29 - [TEST_STEP][PASSED] - flag = connected: null

2022-02-23 15:44:29 - [TEST_STEP][PASSED] - println("Valor_ori: " + flag): null

2022-02-23 15:44:29 - [TEST_STEP][PASSED] - if (flag): null

2022-02-23 15:44:29 - [TEST_STEP][PASSED] - navigateToUrl(i): Navigate to 'http://192.168.2.80:8380/saraweb' successfully

2022-02-23 15:44:30 - [MESSAGE][PASSED] - Navigate to 'http://192.168.2.80:8380/saraweb' successfully

2022-02-23 15:44:30 - [TEST_STEP][PASSED] - a(): null

2022-02-23 15:44:30 - [TEST_STEP][PASSED] - setText(findTestObject("Login/input_USUARIO_loginusuario"), G_Usuario): Text 'saraadmin' is set on object 'Object Repository/Login/input_USUARIO_loginusuario'

2022-02-23 15:44:31 - [MESSAGE][PASSED] - Text 'saraadmin' is set on object 'Object Repository/Login/input_USUARIO_loginusuario'

2022-02-23 15:44:31 - [TEST_STEP][PASSED] - setEncryptedText(findTestObject("Login/input_CLAVE_loginpassword"), "MkG4/TYiCFC3cb2driP7+Q=="): Text ****** has been set on object 'Object Repository/Login/input_CLAVE_loginpassword'

2022-02-23 15:44:31 - [MESSAGE][PASSED] - Text ****** has been set on object 'Object Repository/Login/input_CLAVE_loginpassword'

2022-02-23 15:44:31 - [TEST_STEP][PASSED] - waitForElementClickable(findTestObject("Login/a_Ingresar"), G_TimeOut): Object 'Object Repository/Login/a_Ingresar' is clickable

2022-02-23 15:44:31 - [MESSAGE][PASSED] - Object 'Object Repository/Login/a_Ingresar' is clickable

2022-02-23 15:44:31 - [TEST_STEP][PASSED] - click(findTestObject("Login/a_Ingresar")): Object: 'Object Repository/Login/a_Ingresar' is clicked on

2022-02-23 15:44:32 - [MESSAGE][PASSED] - Object: 'Object Repository/Login/a_Ingresar' is clicked on

2022-02-23 15:44:32 - [TEST_STEP][PASSED] - element = findWebElement(findTestObject("Login/a_Ir"), 30): null

2022-02-23 15:44:33 - [TEST_STEP][PASSED] - executeJavaScript("arguments[0].click()", Arrays.asList(element)): Execute JavaScript 'arguments[0].click()' successfully

2022-02-23 15:44:33 - [MESSAGE][PASSED] - Execute JavaScript 'arguments[0].click()' successfully

2022-02-23 15:44:33 - [MESSAGE][PASSED] - Call Test Case 'Test Cases/0.1-Login' successfully

2022-02-23 15:44:33 - [TEST_STEP][PASSED] - setText(findTestObject("Modulo compensaciones/Fuente_General/input_Empresa 1_form_templatej_idt24_input"), "importar fuente general"): Text 'importar fuente general' is set on object 'Object Repository/Modulo compensaciones/Fuente_General/input_Empresa 1_form_templatej_idt24_input'

2022-02-23 15:44:34 - [MESSAGE][PASSED] - Text 'importar fuente general' is set on object 'Object Repository/Modulo compensaciones/Fuente_General/input_Empresa 1_form_templatej_idt24_input'

2022-02-23 15:44:34 - [TEST_STEP][PASSED] - click(findTestObject("Modulo compensaciones/Fuente_General/li_fuente general (gna)")): Object: 'Object Repository/Modulo compensaciones/Fuente_General/li_fuente general (gna)' is clicked on

2022-02-23 15:44:35 - [MESSAGE][PASSED] - Object: 'Object Repository/Modulo compensaciones/Fuente_General/li_fuente general (gna)' is clicked on

2022-02-23 15:44:35 - [TEST_STEP][PASSED] - setText(findTestObject("Modulo Tarea Sara General/Importar Fuente General/input_Procesos Generados_formImportarListadoFuentej_idt67"), "Creación prestamos"): Text 'Creación prestamos' is set on object 'Object Repository/Modulo Tarea Sara General/Importar Fuente General/input_Procesos Generados_formImportarListadoFuentej_idt67'

2022-02-23 15:44:37 - [MESSAGE][PASSED] - Text 'Creación prestamos' is set on object 'Object Repository/Modulo Tarea Sara General/Importar Fuente General/input_Procesos Generados_formImportarListadoFuentej_idt67'

2022-02-23 15:44:37 - [TEST_STEP][PASSED] - sendKeys(findTestObject("Modulo Tarea Sara General/Importar Fuente General/input_Procesos Generados_formImportarListadoFuentej_idt67"), Keys.chord(ENTER)): Keys 'ENTER + ' sent to object: 'Object Repository/Modulo Tarea Sara General/Importar Fuente General/input_Procesos Generados_formImportarListadoFuentej_idt67'

2022-02-23 15:44:37 - [MESSAGE][PASSED] - Keys 'ENTER + ' sent to object: 'Object Repository/Modulo Tarea Sara General/Importar Fuente General/input_Procesos Generados_formImportarListadoFuentej_idt67'

2022-02-23 15:44:37 - [TEST_STEP][PASSED] - click(findTestObject("Modulo Tarea Sara General/Importar Fuente General/td_Creacin Prestamos")): Object: 'Object Repository/Modulo Tarea Sara General/Importar Fuente General/td_Creacin Prestamos' is clicked on

2022-02-23 15:44:38 - [MESSAGE][PASSED] - Object: 'Object Repository/Modulo Tarea Sara General/Importar Fuente General/td_Creacin Prestamos' is clicked on

2022-02-23 15:44:38 - [TEST_STEP][PASSED] - ruta = G_rutaarchivos + "carguePrestamo.txt": null

2022-02-23 15:44:38 - [TEST_STEP][PASSED] - uploadFile(findTestObject("Modulo Tarea Sara General/Importar Fuente General/input_Cargar_formImportarFuentetabarchivo_input"), ruta): File 'E:\unionweb14\carguePrestamo.txt' sent to object: 'Object Repository/Modulo Tarea Sara General/Importar Fuente General/input_Cargar_formImportarFuentetabarchivo_input'

2022-02-23 15:44:39 - [MESSAGE][PASSED] - File 'E:\unionweb14\carguePrestamo.txt' sent to object: 'Object Repository/Modulo Tarea Sara General/Importar Fuente General/input_Cargar_formImportarFuentetabarchivo_input'

2022-02-23 15:44:39 - [TEST_STEP][PASSED] - click(findTestObject("Modulo Tarea Sara General/Importar Fuente General/a_Importar")): Object: 'Object Repository/Modulo Tarea Sara General/Importar Fuente General/a_Importar' is clicked on

2022-02-23 15:44:40 - [MESSAGE][PASSED] - Object: 'Object Repository/Modulo Tarea Sara General/Importar Fuente General/a_Importar' is clicked on

2022-02-23 15:44:40 - [TEST_STEP][PASSED] - waitForElementVisible(findTestObject("Modulo compensaciones/Fuente_General/a_Continuar"), 0): Object 'Object Repository/Modulo compensaciones/Fuente_General/a_Continuar' is visible

2022-02-23 15:44:40 - [MESSAGE][WARNING] - Timeout '0' is invalid. Using default page load timeout: '30'

2022-02-23 15:44:43 - [MESSAGE][PASSED] - Object 'Object Repository/Modulo compensaciones/Fuente_General/a_Continuar' is visible

2022-02-23 15:44:43 - [TEST_STEP][PASSED] - click(findTestObject("Modulo compensaciones/Fuente_General/a_Continuar")): Object: 'Object Repository/Modulo compensaciones/Fuente_General/a_Continuar' is clicked on

2022-02-23 15:44:44 - [MESSAGE][PASSED] - Object: 'Object Repository/Modulo compensaciones/Fuente_General/a_Continuar' is clicked on

2022-02-23 15:44:44 - [TEST_STEP][PASSED] - click(findTestObject("Modulo compensaciones/Fuente_General/a_Ejecutar")): Object: 'Object Repository/Modulo compensaciones/Fuente_General/a_Ejecutar' is clicked on

2022-02-23 15:44:45 - [MESSAGE][PASSED] - Object: 'Object Repository/Modulo compensaciones/Fuente_General/a_Ejecutar' is clicked on

2022-02-23 15:44:45 - [TEST_STEP][PASSED] - click(findTestObject("Modulo compensaciones/Fuente_General/a_Continuar")): Object: 'Object Repository/Modulo compensaciones/Fuente_General/a_Continuar' is clicked on

2022-02-23 15:44:49 - [MESSAGE][PASSED] - Object: 'Object Repository/Modulo compensaciones/Fuente_General/a_Continuar' is clicked on

2022-02-23 15:44:49 - [TEST_STEP][PASSED] - delay(2): Delayed 2 second(s)

2022-02-23 15:44:51 - [MESSAGE][PASSED] - Delayed 2 second(s)

2022-02-23 15:44:51 - [TEST_STEP][PASSED] - closeBrowser(): Browser is closed

2022-02-23 15:44:51 - [MESSAGE][PASSED] - Browser is closed]]></system-out>
         <system-err><![CDATA[]]></system-err>
      </testcase>
      <testcase name="Test Cases/11.1-Pruebas_compensaciones/11.1.5-Listado_Empleados" time="60.677" classname="Test Cases/11.1-Pruebas_compensaciones/11.1.5-Listado_Empleados" status="PASSED">
         <system-out><![CDATA[2022-02-23 15:44:51 - [TEST_CASE][PASSED] - Test Cases/11.1-Pruebas_compensaciones/11.1.5-Listado_Empleados: Test Cases/11.1-Pruebas_compensaciones/11.1.5-Listado_Empleados

2022-02-23 15:44:52 - [TEST_STEP][PASSED] - callTestCase(findTestCase("0.1-Login"), [:], STOP_ON_FAILURE): Call Test Case 'Test Cases/0.1-Login' successfully

2022-02-23 15:44:52 - [TEST_CASE][PASSED] - Test Cases/0.1-Login: Test Cases/0.1-Login

2022-02-23 15:44:52 - [TEST_STEP][PASSED] - openBrowser(""): Browser is opened with url: ''

2022-02-23 15:44:52 - [MESSAGE][INFO] - Starting 'Chrome' driver

2022-02-23 15:44:52 - [MESSAGE][INFO] - Action delay is set to 0 milliseconds

2022-02-23 15:44:53 - [MESSAGE][PASSED] - Browser is opened with url: ''

2022-02-23 15:44:53 - [TEST_STEP][PASSED] - maximizeWindow(): Current window maximized

2022-02-23 15:44:53 - [MESSAGE][PASSED] - Current window maximized

2022-02-23 15:44:53 - [TEST_STEP][PASSED] - i = G_Login: null

2022-02-23 15:44:53 - [TEST_STEP][PASSED] - url = new java.net.URL(i): null

2022-02-23 15:44:53 - [TEST_STEP][PASSED] - println("URL: " + url.toString()): null

2022-02-23 15:44:53 - [TEST_STEP][PASSED] - connection = url.openConnection(): null

2022-02-23 15:44:53 - [TEST_STEP][PASSED] - connection.setRequestMethod("GET"): null

2022-02-23 15:44:53 - [TEST_STEP][PASSED] - connection.setReadTimeout(2 * 1000): null

2022-02-23 15:44:53 - [TEST_STEP][PASSED] - try: null

2022-02-23 15:44:53 - [TEST_STEP][PASSED] - connection.connect(): null

2022-02-23 15:44:53 - [TEST_STEP][PASSED] - flag = connected: null

2022-02-23 15:44:53 - [TEST_STEP][PASSED] - println("Valor_ori: " + flag): null

2022-02-23 15:44:53 - [TEST_STEP][PASSED] - if (flag): null

2022-02-23 15:44:53 - [TEST_STEP][PASSED] - navigateToUrl(i): Navigate to 'http://192.168.2.80:8380/saraweb' successfully

2022-02-23 15:44:54 - [MESSAGE][PASSED] - Navigate to 'http://192.168.2.80:8380/saraweb' successfully

2022-02-23 15:44:54 - [TEST_STEP][PASSED] - a(): null

2022-02-23 15:44:54 - [TEST_STEP][PASSED] - setText(findTestObject("Login/input_USUARIO_loginusuario"), G_Usuario): Text 'saraadmin' is set on object 'Object Repository/Login/input_USUARIO_loginusuario'

2022-02-23 15:44:55 - [MESSAGE][PASSED] - Text 'saraadmin' is set on object 'Object Repository/Login/input_USUARIO_loginusuario'

2022-02-23 15:44:55 - [TEST_STEP][PASSED] - setEncryptedText(findTestObject("Login/input_CLAVE_loginpassword"), "MkG4/TYiCFC3cb2driP7+Q=="): Text ****** has been set on object 'Object Repository/Login/input_CLAVE_loginpassword'

2022-02-23 15:44:55 - [MESSAGE][PASSED] - Text ****** has been set on object 'Object Repository/Login/input_CLAVE_loginpassword'

2022-02-23 15:44:55 - [TEST_STEP][PASSED] - waitForElementClickable(findTestObject("Login/a_Ingresar"), G_TimeOut): Object 'Object Repository/Login/a_Ingresar' is clickable

2022-02-23 15:44:55 - [MESSAGE][PASSED] - Object 'Object Repository/Login/a_Ingresar' is clickable

2022-02-23 15:44:55 - [TEST_STEP][PASSED] - click(findTestObject("Login/a_Ingresar")): Object: 'Object Repository/Login/a_Ingresar' is clicked on

2022-02-23 15:44:57 - [MESSAGE][PASSED] - Object: 'Object Repository/Login/a_Ingresar' is clicked on

2022-02-23 15:44:57 - [TEST_STEP][PASSED] - element = findWebElement(findTestObject("Login/a_Ir"), 30): null

2022-02-23 15:44:57 - [TEST_STEP][PASSED] - executeJavaScript("arguments[0].click()", Arrays.asList(element)): Execute JavaScript 'arguments[0].click()' successfully

2022-02-23 15:44:58 - [MESSAGE][PASSED] - Execute JavaScript 'arguments[0].click()' successfully

2022-02-23 15:44:58 - [MESSAGE][PASSED] - Call Test Case 'Test Cases/0.1-Login' successfully

2022-02-23 15:44:58 - [TEST_STEP][PASSED] - setText(findTestObject("Modulo compensaciones/Listado_Empleados/input_Empresa 1_form_templatej_idt24_input"), "Listado de empleados"): Text 'Listado de empleados' is set on object 'Object Repository/Modulo compensaciones/Listado_Empleados/input_Empresa 1_form_templatej_idt24_input'

2022-02-23 15:44:59 - [MESSAGE][PASSED] - Text 'Listado de empleados' is set on object 'Object Repository/Modulo compensaciones/Listado_Empleados/input_Empresa 1_form_templatej_idt24_input'

2022-02-23 15:44:59 - [TEST_STEP][PASSED] - click(findTestObject("Modulo compensaciones/Listado_Empleados/li_Listado de Empleados (com)")): Object: 'Object Repository/Modulo compensaciones/Listado_Empleados/li_Listado de Empleados (com)' is clicked on

2022-02-23 15:45:00 - [MESSAGE][PASSED] - Object: 'Object Repository/Modulo compensaciones/Listado_Empleados/li_Listado de Empleados (com)' is clicked on

2022-02-23 15:45:00 - [TEST_STEP][PASSED] - setText(findTestObject("Modulo compensaciones/Listado_Empleados/input_Nombre Funcionario_listadoEmpleadoj_idt64"), "Constantino"): Text 'Constantino' is set on object 'Object Repository/Modulo compensaciones/Listado_Empleados/input_Nombre Funcionario_listadoEmpleadoj_idt64'

2022-02-23 15:45:02 - [MESSAGE][PASSED] - Text 'Constantino' is set on object 'Object Repository/Modulo compensaciones/Listado_Empleados/input_Nombre Funcionario_listadoEmpleadoj_idt64'

2022-02-23 15:45:02 - [TEST_STEP][PASSED] - sendKeys(findTestObject("Modulo compensaciones/Listado_Empleados/input_Nombre Funcionario_listadoEmpleadoj_idt64"), Keys.chord(ENTER)): Keys 'ENTER + ' sent to object: 'Object Repository/Modulo compensaciones/Listado_Empleados/input_Nombre Funcionario_listadoEmpleadoj_idt64'

2022-02-23 15:45:03 - [MESSAGE][PASSED] - Keys 'ENTER + ' sent to object: 'Object Repository/Modulo compensaciones/Listado_Empleados/input_Nombre Funcionario_listadoEmpleadoj_idt64'

2022-02-23 15:45:03 - [TEST_STEP][PASSED] - click(findTestObject("Modulo compensaciones/Listado_Empleados/span_Constantino Jhon")): Object: 'Object Repository/Modulo compensaciones/Listado_Empleados/span_Constantino Jhon' is clicked on

2022-02-23 15:45:04 - [MESSAGE][PASSED] - Object: 'Object Repository/Modulo compensaciones/Listado_Empleados/span_Constantino Jhon' is clicked on

2022-02-23 15:45:04 - [TEST_STEP][PASSED] - click(findTestObject("Modulo compensaciones/Listado_Empleados/a_Liquidacin Periodica")): Object: 'Object Repository/Modulo compensaciones/Listado_Empleados/a_Liquidacin Periodica' is clicked on

2022-02-23 15:45:05 - [MESSAGE][PASSED] - Object: 'Object Repository/Modulo compensaciones/Listado_Empleados/a_Liquidacin Periodica' is clicked on

2022-02-23 15:45:05 - [TEST_STEP][PASSED] - selectOptionByIndex(findTestObject("Modulo compensaciones/Listado_Empleados/select_-- seleccione --BC - PRESTAMO BANCOLOMBIAPC - PRESTAMO COMPAA"), 2): All options with index in [2] are selected on object 'Object Repository/Modulo compensaciones/Listado_Empleados/select_-- seleccione --BC - PRESTAMO BANCOLOMBIAPC - PRESTAMO COMPAA'

2022-02-23 15:45:08 - [MESSAGE][PASSED] - All options with index in [2] are selected on object 'Object Repository/Modulo compensaciones/Listado_Empleados/select_-- seleccione --BC - PRESTAMO BANCOLOMBIAPC - PRESTAMO COMPAA'

2022-02-23 15:45:08 - [TEST_STEP][PASSED] - if (waitForElementVisible(findTestObject("Modulo compensaciones/Listado_Empleados/span_281"), 1)): Web element with id: 'Object Repository/Modulo compensaciones/Listado_Empleados/span_281' located by '//*/text()[normalize-space(.)='281']/parent::*' not found

2022-02-23 15:45:10 - [MESSAGE][INFO] - Unable to find the element located by 'By.xpath: //*/text()[normalize-space(.)='281']/parent::*'. Please recheck the objects properties to make sure the desired element is located. 

2022-02-23 15:45:10 - [MESSAGE][WARNING] - Web element with id: 'Object Repository/Modulo compensaciones/Listado_Empleados/span_281' located by '//*/text()[normalize-space(.)='281']/parent::*' not found

2022-02-23 15:45:10 - [TEST_STEP][PASSED] - else: Web element with id: 'Object Repository/Modulo compensaciones/Listado_Empleados/span_281' located by '//*/text()[normalize-space(.)='281']/parent::*' not found

2022-02-23 15:45:10 - [TEST_STEP][PASSED] - callTestCase(findTestCase("11.1-Pruebas_compensaciones/11.1.4-Fuente_General"), [:], STOP_ON_FAILURE): Call Test Case 'Test Cases/11.1-Pruebas_compensaciones/11.1.4-Fuente_General' successfully

2022-02-23 15:45:10 - [TEST_CASE][PASSED] - Test Cases/11.1-Pruebas_compensaciones/11.1.4-Fuente_General: Test Cases/11.1-Pruebas_compensaciones/11.1.4-Fuente_General

2022-02-23 15:45:10 - [TEST_STEP][PASSED] - callTestCase(findTestCase("0.1-Login"), [:], STOP_ON_FAILURE): Call Test Case 'Test Cases/0.1-Login' successfully

2022-02-23 15:45:10 - [TEST_CASE][PASSED] - Test Cases/0.1-Login: Test Cases/0.1-Login

2022-02-23 15:45:10 - [TEST_STEP][PASSED] - openBrowser(""): Browser is opened with url: ''

2022-02-23 15:45:10 - [MESSAGE][WARNING] - A browser is already opened. Closing browser and opening a new one

2022-02-23 15:45:11 - [MESSAGE][INFO] - Starting 'Chrome' driver

2022-02-23 15:45:11 - [MESSAGE][INFO] - Action delay is set to 0 milliseconds

2022-02-23 15:45:12 - [MESSAGE][PASSED] - Browser is opened with url: ''

2022-02-23 15:45:12 - [TEST_STEP][PASSED] - maximizeWindow(): Current window maximized

2022-02-23 15:45:12 - [MESSAGE][PASSED] - Current window maximized

2022-02-23 15:45:12 - [TEST_STEP][PASSED] - i = G_Login: null

2022-02-23 15:45:12 - [TEST_STEP][PASSED] - url = new java.net.URL(i): null

2022-02-23 15:45:12 - [TEST_STEP][PASSED] - println("URL: " + url.toString()): null

2022-02-23 15:45:12 - [TEST_STEP][PASSED] - connection = url.openConnection(): null

2022-02-23 15:45:12 - [TEST_STEP][PASSED] - connection.setRequestMethod("GET"): null

2022-02-23 15:45:12 - [TEST_STEP][PASSED] - connection.setReadTimeout(2 * 1000): null

2022-02-23 15:45:12 - [TEST_STEP][PASSED] - try: null

2022-02-23 15:45:12 - [TEST_STEP][PASSED] - connection.connect(): null

2022-02-23 15:45:12 - [TEST_STEP][PASSED] - flag = connected: null

2022-02-23 15:45:12 - [TEST_STEP][PASSED] - println("Valor_ori: " + flag): null

2022-02-23 15:45:12 - [TEST_STEP][PASSED] - if (flag): null

2022-02-23 15:45:12 - [TEST_STEP][PASSED] - navigateToUrl(i): Navigate to 'http://192.168.2.80:8380/saraweb' successfully

2022-02-23 15:45:13 - [MESSAGE][PASSED] - Navigate to 'http://192.168.2.80:8380/saraweb' successfully

2022-02-23 15:45:13 - [TEST_STEP][PASSED] - a(): null

2022-02-23 15:45:13 - [TEST_STEP][PASSED] - setText(findTestObject("Login/input_USUARIO_loginusuario"), G_Usuario): Text 'saraadmin' is set on object 'Object Repository/Login/input_USUARIO_loginusuario'

2022-02-23 15:45:14 - [MESSAGE][PASSED] - Text 'saraadmin' is set on object 'Object Repository/Login/input_USUARIO_loginusuario'

2022-02-23 15:45:14 - [TEST_STEP][PASSED] - setEncryptedText(findTestObject("Login/input_CLAVE_loginpassword"), "MkG4/TYiCFC3cb2driP7+Q=="): Text ****** has been set on object 'Object Repository/Login/input_CLAVE_loginpassword'

2022-02-23 15:45:14 - [MESSAGE][PASSED] - Text ****** has been set on object 'Object Repository/Login/input_CLAVE_loginpassword'

2022-02-23 15:45:14 - [TEST_STEP][PASSED] - waitForElementClickable(findTestObject("Login/a_Ingresar"), G_TimeOut): Object 'Object Repository/Login/a_Ingresar' is clickable

2022-02-23 15:45:14 - [MESSAGE][PASSED] - Object 'Object Repository/Login/a_Ingresar' is clickable

2022-02-23 15:45:14 - [TEST_STEP][PASSED] - click(findTestObject("Login/a_Ingresar")): Object: 'Object Repository/Login/a_Ingresar' is clicked on

2022-02-23 15:45:15 - [MESSAGE][PASSED] - Object: 'Object Repository/Login/a_Ingresar' is clicked on

2022-02-23 15:45:15 - [TEST_STEP][PASSED] - element = findWebElement(findTestObject("Login/a_Ir"), 30): null

2022-02-23 15:45:16 - [TEST_STEP][PASSED] - executeJavaScript("arguments[0].click()", Arrays.asList(element)): Execute JavaScript 'arguments[0].click()' successfully

2022-02-23 15:45:16 - [MESSAGE][PASSED] - Execute JavaScript 'arguments[0].click()' successfully

2022-02-23 15:45:16 - [MESSAGE][PASSED] - Call Test Case 'Test Cases/0.1-Login' successfully

2022-02-23 15:45:16 - [TEST_STEP][PASSED] - setText(findTestObject("Modulo compensaciones/Fuente_General/input_Empresa 1_form_templatej_idt24_input"), "importar fuente general"): Text 'importar fuente general' is set on object 'Object Repository/Modulo compensaciones/Fuente_General/input_Empresa 1_form_templatej_idt24_input'

2022-02-23 15:45:17 - [MESSAGE][PASSED] - Text 'importar fuente general' is set on object 'Object Repository/Modulo compensaciones/Fuente_General/input_Empresa 1_form_templatej_idt24_input'

2022-02-23 15:45:17 - [TEST_STEP][PASSED] - click(findTestObject("Modulo compensaciones/Fuente_General/li_fuente general (gna)")): Object: 'Object Repository/Modulo compensaciones/Fuente_General/li_fuente general (gna)' is clicked on

2022-02-23 15:45:19 - [MESSAGE][PASSED] - Object: 'Object Repository/Modulo compensaciones/Fuente_General/li_fuente general (gna)' is clicked on

2022-02-23 15:45:19 - [TEST_STEP][PASSED] - setText(findTestObject("Modulo Tarea Sara General/Importar Fuente General/input_Procesos Generados_formImportarListadoFuentej_idt67"), "Creación prestamos"): Text 'Creación prestamos' is set on object 'Object Repository/Modulo Tarea Sara General/Importar Fuente General/input_Procesos Generados_formImportarListadoFuentej_idt67'

2022-02-23 15:45:20 - [MESSAGE][PASSED] - Text 'Creación prestamos' is set on object 'Object Repository/Modulo Tarea Sara General/Importar Fuente General/input_Procesos Generados_formImportarListadoFuentej_idt67'

2022-02-23 15:45:20 - [TEST_STEP][PASSED] - sendKeys(findTestObject("Modulo Tarea Sara General/Importar Fuente General/input_Procesos Generados_formImportarListadoFuentej_idt67"), Keys.chord(ENTER)): Keys 'ENTER + ' sent to object: 'Object Repository/Modulo Tarea Sara General/Importar Fuente General/input_Procesos Generados_formImportarListadoFuentej_idt67'

2022-02-23 15:45:20 - [MESSAGE][PASSED] - Keys 'ENTER + ' sent to object: 'Object Repository/Modulo Tarea Sara General/Importar Fuente General/input_Procesos Generados_formImportarListadoFuentej_idt67'

2022-02-23 15:45:20 - [TEST_STEP][PASSED] - click(findTestObject("Modulo Tarea Sara General/Importar Fuente General/td_Creacin Prestamos")): Object: 'Object Repository/Modulo Tarea Sara General/Importar Fuente General/td_Creacin Prestamos' is clicked on

2022-02-23 15:45:21 - [MESSAGE][PASSED] - Object: 'Object Repository/Modulo Tarea Sara General/Importar Fuente General/td_Creacin Prestamos' is clicked on

2022-02-23 15:45:21 - [TEST_STEP][PASSED] - ruta = G_rutaarchivos + "carguePrestamo.txt": null

2022-02-23 15:45:21 - [TEST_STEP][PASSED] - uploadFile(findTestObject("Modulo Tarea Sara General/Importar Fuente General/input_Cargar_formImportarFuentetabarchivo_input"), ruta): File 'E:\unionweb14\carguePrestamo.txt' sent to object: 'Object Repository/Modulo Tarea Sara General/Importar Fuente General/input_Cargar_formImportarFuentetabarchivo_input'

2022-02-23 15:45:22 - [MESSAGE][PASSED] - File 'E:\unionweb14\carguePrestamo.txt' sent to object: 'Object Repository/Modulo Tarea Sara General/Importar Fuente General/input_Cargar_formImportarFuentetabarchivo_input'

2022-02-23 15:45:22 - [TEST_STEP][PASSED] - click(findTestObject("Modulo Tarea Sara General/Importar Fuente General/a_Importar")): Object: 'Object Repository/Modulo Tarea Sara General/Importar Fuente General/a_Importar' is clicked on

2022-02-23 15:45:23 - [MESSAGE][PASSED] - Object: 'Object Repository/Modulo Tarea Sara General/Importar Fuente General/a_Importar' is clicked on

2022-02-23 15:45:23 - [TEST_STEP][PASSED] - waitForElementVisible(findTestObject("Modulo compensaciones/Fuente_General/a_Continuar"), 0): Object 'Object Repository/Modulo compensaciones/Fuente_General/a_Continuar' is visible

2022-02-23 15:45:23 - [MESSAGE][WARNING] - Timeout '0' is invalid. Using default page load timeout: '30'

2022-02-23 15:45:27 - [MESSAGE][PASSED] - Object 'Object Repository/Modulo compensaciones/Fuente_General/a_Continuar' is visible

2022-02-23 15:45:27 - [TEST_STEP][PASSED] - click(findTestObject("Modulo compensaciones/Fuente_General/a_Continuar")): Object: 'Object Repository/Modulo compensaciones/Fuente_General/a_Continuar' is clicked on

2022-02-23 15:45:27 - [MESSAGE][PASSED] - Object: 'Object Repository/Modulo compensaciones/Fuente_General/a_Continuar' is clicked on

2022-02-23 15:45:27 - [TEST_STEP][PASSED] - click(findTestObject("Modulo compensaciones/Fuente_General/a_Ejecutar")): Object: 'Object Repository/Modulo compensaciones/Fuente_General/a_Ejecutar' is clicked on

2022-02-23 15:45:28 - [MESSAGE][PASSED] - Object: 'Object Repository/Modulo compensaciones/Fuente_General/a_Ejecutar' is clicked on

2022-02-23 15:45:28 - [TEST_STEP][PASSED] - click(findTestObject("Modulo compensaciones/Fuente_General/a_Continuar")): Object: 'Object Repository/Modulo compensaciones/Fuente_General/a_Continuar' is clicked on

2022-02-23 15:45:31 - [MESSAGE][PASSED] - Object: 'Object Repository/Modulo compensaciones/Fuente_General/a_Continuar' is clicked on

2022-02-23 15:45:31 - [TEST_STEP][PASSED] - delay(2): Delayed 2 second(s)

2022-02-23 15:45:33 - [MESSAGE][PASSED] - Delayed 2 second(s)

2022-02-23 15:45:33 - [TEST_STEP][PASSED] - closeBrowser(): Browser is closed

2022-02-23 15:45:34 - [MESSAGE][PASSED] - Browser is closed

2022-02-23 15:45:34 - [MESSAGE][PASSED] - Call Test Case 'Test Cases/11.1-Pruebas_compensaciones/11.1.4-Fuente_General' successfully

2022-02-23 15:45:34 - [TEST_STEP][PASSED] - callTestCase(findTestCase("0.1-Login"), [:], STOP_ON_FAILURE): Call Test Case 'Test Cases/0.1-Login' successfully

2022-02-23 15:45:34 - [TEST_CASE][PASSED] - Test Cases/0.1-Login: Test Cases/0.1-Login

2022-02-23 15:45:34 - [TEST_STEP][PASSED] - openBrowser(""): Browser is opened with url: ''

2022-02-23 15:45:34 - [MESSAGE][INFO] - Starting 'Chrome' driver

2022-02-23 15:45:34 - [MESSAGE][INFO] - Action delay is set to 0 milliseconds

2022-02-23 15:45:35 - [MESSAGE][PASSED] - Browser is opened with url: ''

2022-02-23 15:45:35 - [TEST_STEP][PASSED] - maximizeWindow(): Current window maximized

2022-02-23 15:45:36 - [MESSAGE][PASSED] - Current window maximized

2022-02-23 15:45:36 - [TEST_STEP][PASSED] - i = G_Login: null

2022-02-23 15:45:36 - [TEST_STEP][PASSED] - url = new java.net.URL(i): null

2022-02-23 15:45:36 - [TEST_STEP][PASSED] - println("URL: " + url.toString()): null

2022-02-23 15:45:36 - [TEST_STEP][PASSED] - connection = url.openConnection(): null

2022-02-23 15:45:36 - [TEST_STEP][PASSED] - connection.setRequestMethod("GET"): null

2022-02-23 15:45:36 - [TEST_STEP][PASSED] - connection.setReadTimeout(2 * 1000): null

2022-02-23 15:45:36 - [TEST_STEP][PASSED] - try: null

2022-02-23 15:45:36 - [TEST_STEP][PASSED] - connection.connect(): null

2022-02-23 15:45:36 - [TEST_STEP][PASSED] - flag = connected: null

2022-02-23 15:45:36 - [TEST_STEP][PASSED] - println("Valor_ori: " + flag): null

2022-02-23 15:45:36 - [TEST_STEP][PASSED] - if (flag): null

2022-02-23 15:45:36 - [TEST_STEP][PASSED] - navigateToUrl(i): Navigate to 'http://192.168.2.80:8380/saraweb' successfully

2022-02-23 15:45:36 - [MESSAGE][PASSED] - Navigate to 'http://192.168.2.80:8380/saraweb' successfully

2022-02-23 15:45:36 - [TEST_STEP][PASSED] - a(): null

2022-02-23 15:45:36 - [TEST_STEP][PASSED] - setText(findTestObject("Login/input_USUARIO_loginusuario"), G_Usuario): Text 'saraadmin' is set on object 'Object Repository/Login/input_USUARIO_loginusuario'

2022-02-23 15:45:37 - [MESSAGE][PASSED] - Text 'saraadmin' is set on object 'Object Repository/Login/input_USUARIO_loginusuario'

2022-02-23 15:45:37 - [TEST_STEP][PASSED] - setEncryptedText(findTestObject("Login/input_CLAVE_loginpassword"), "MkG4/TYiCFC3cb2driP7+Q=="): Text ****** has been set on object 'Object Repository/Login/input_CLAVE_loginpassword'

2022-02-23 15:45:37 - [MESSAGE][PASSED] - Text ****** has been set on object 'Object Repository/Login/input_CLAVE_loginpassword'

2022-02-23 15:45:37 - [TEST_STEP][PASSED] - waitForElementClickable(findTestObject("Login/a_Ingresar"), G_TimeOut): Object 'Object Repository/Login/a_Ingresar' is clickable

2022-02-23 15:45:38 - [MESSAGE][PASSED] - Object 'Object Repository/Login/a_Ingresar' is clickable

2022-02-23 15:45:38 - [TEST_STEP][PASSED] - click(findTestObject("Login/a_Ingresar")): Object: 'Object Repository/Login/a_Ingresar' is clicked on

2022-02-23 15:45:39 - [MESSAGE][PASSED] - Object: 'Object Repository/Login/a_Ingresar' is clicked on

2022-02-23 15:45:39 - [TEST_STEP][PASSED] - element = findWebElement(findTestObject("Login/a_Ir"), 30): null

2022-02-23 15:45:40 - [TEST_STEP][PASSED] - executeJavaScript("arguments[0].click()", Arrays.asList(element)): Execute JavaScript 'arguments[0].click()' successfully

2022-02-23 15:45:40 - [MESSAGE][PASSED] - Execute JavaScript 'arguments[0].click()' successfully

2022-02-23 15:45:40 - [MESSAGE][PASSED] - Call Test Case 'Test Cases/0.1-Login' successfully

2022-02-23 15:45:40 - [TEST_STEP][PASSED] - setText(findTestObject("Modulo compensaciones/Listado_Empleados/input_Empresa 1_form_templatej_idt24_input"), "Listado de empleados"): Text 'Listado de empleados' is set on object 'Object Repository/Modulo compensaciones/Listado_Empleados/input_Empresa 1_form_templatej_idt24_input'

2022-02-23 15:45:41 - [MESSAGE][PASSED] - Text 'Listado de empleados' is set on object 'Object Repository/Modulo compensaciones/Listado_Empleados/input_Empresa 1_form_templatej_idt24_input'

2022-02-23 15:45:41 - [TEST_STEP][PASSED] - click(findTestObject("Modulo compensaciones/Listado_Empleados/li_Listado de Empleados (com)")): Object: 'Object Repository/Modulo compensaciones/Listado_Empleados/li_Listado de Empleados (com)' is clicked on

2022-02-23 15:45:42 - [MESSAGE][PASSED] - Object: 'Object Repository/Modulo compensaciones/Listado_Empleados/li_Listado de Empleados (com)' is clicked on

2022-02-23 15:45:42 - [TEST_STEP][PASSED] - setText(findTestObject("Modulo compensaciones/Listado_Empleados/input_Nombre Funcionario_listadoEmpleadoj_idt64"), "Constantino"): Text 'Constantino' is set on object 'Object Repository/Modulo compensaciones/Listado_Empleados/input_Nombre Funcionario_listadoEmpleadoj_idt64'

2022-02-23 15:45:45 - [MESSAGE][PASSED] - Text 'Constantino' is set on object 'Object Repository/Modulo compensaciones/Listado_Empleados/input_Nombre Funcionario_listadoEmpleadoj_idt64'

2022-02-23 15:45:45 - [TEST_STEP][PASSED] - sendKeys(findTestObject("Modulo compensaciones/Listado_Empleados/input_Nombre Funcionario_listadoEmpleadoj_idt64"), Keys.chord(ENTER)): Keys 'ENTER + ' sent to object: 'Object Repository/Modulo compensaciones/Listado_Empleados/input_Nombre Funcionario_listadoEmpleadoj_idt64'

2022-02-23 15:45:45 - [MESSAGE][PASSED] - Keys 'ENTER + ' sent to object: 'Object Repository/Modulo compensaciones/Listado_Empleados/input_Nombre Funcionario_listadoEmpleadoj_idt64'

2022-02-23 15:45:45 - [TEST_STEP][PASSED] - click(findTestObject("Modulo compensaciones/Listado_Empleados/span_Constantino Jhon")): Object: 'Object Repository/Modulo compensaciones/Listado_Empleados/span_Constantino Jhon' is clicked on

2022-02-23 15:45:47 - [MESSAGE][PASSED] - Object: 'Object Repository/Modulo compensaciones/Listado_Empleados/span_Constantino Jhon' is clicked on

2022-02-23 15:45:47 - [TEST_STEP][PASSED] - click(findTestObject("Modulo compensaciones/Listado_Empleados/a_Liquidacin Periodica")): Object: 'Object Repository/Modulo compensaciones/Listado_Empleados/a_Liquidacin Periodica' is clicked on

2022-02-23 15:45:48 - [MESSAGE][PASSED] - Object: 'Object Repository/Modulo compensaciones/Listado_Empleados/a_Liquidacin Periodica' is clicked on

2022-02-23 15:45:48 - [TEST_STEP][PASSED] - selectOptionByIndex(findTestObject("Modulo compensaciones/Listado_Empleados/select_-- seleccione --BC - PRESTAMO BANCOLOMBIAPC - PRESTAMO COMPAA"), 2): All options with index in [2] are selected on object 'Object Repository/Modulo compensaciones/Listado_Empleados/select_-- seleccione --BC - PRESTAMO BANCOLOMBIAPC - PRESTAMO COMPAA'

2022-02-23 15:45:50 - [MESSAGE][PASSED] - All options with index in [2] are selected on object 'Object Repository/Modulo compensaciones/Listado_Empleados/select_-- seleccione --BC - PRESTAMO BANCOLOMBIAPC - PRESTAMO COMPAA'

2022-02-23 15:45:50 - [TEST_STEP][PASSED] - if (waitForElementVisible(findTestObject("Modulo compensaciones/Listado_Empleados/span_281"), 1)): Web element with id: 'Object Repository/Modulo compensaciones/Listado_Empleados/span_281' located by '//*/text()[normalize-space(.)='281']/parent::*' not found

2022-02-23 15:45:52 - [MESSAGE][INFO] - Unable to find the element located by 'By.xpath: //*/text()[normalize-space(.)='281']/parent::*'. Please recheck the objects properties to make sure the desired element is located. 

2022-02-23 15:45:52 - [MESSAGE][WARNING] - Web element with id: 'Object Repository/Modulo compensaciones/Listado_Empleados/span_281' located by '//*/text()[normalize-space(.)='281']/parent::*' not found]]></system-out>
         <system-err><![CDATA[]]></system-err>
      </testcase>
      <testcase name="Test Cases/11.1-Pruebas_compensaciones/11.1.6-Liquidación_Nomina" time="19.788" classname="Test Cases/11.1-Pruebas_compensaciones/11.1.6-Liquidación_Nomina" status="PASSED">
         <system-out><![CDATA[2022-02-23 15:45:52 - [TEST_CASE][PASSED] - Test Cases/11.1-Pruebas_compensaciones/11.1.6-Liquidación_Nomina: Test Cases/11.1-Pruebas_compensaciones/11.1.6-Liquidación_Nomina

2022-02-23 15:45:53 - [TEST_STEP][PASSED] - callTestCase(findTestCase("0.1-Login"), [:], STOP_ON_FAILURE): Call Test Case 'Test Cases/0.1-Login' successfully

2022-02-23 15:45:53 - [TEST_CASE][PASSED] - Test Cases/0.1-Login: Test Cases/0.1-Login

2022-02-23 15:45:53 - [TEST_STEP][PASSED] - openBrowser(""): Browser is opened with url: ''

2022-02-23 15:45:53 - [MESSAGE][WARNING] - A browser is already opened. Closing browser and opening a new one

2022-02-23 15:45:53 - [MESSAGE][INFO] - Starting 'Chrome' driver

2022-02-23 15:45:53 - [MESSAGE][INFO] - Action delay is set to 0 milliseconds

2022-02-23 15:45:55 - [MESSAGE][PASSED] - Browser is opened with url: ''

2022-02-23 15:45:55 - [TEST_STEP][PASSED] - maximizeWindow(): Current window maximized

2022-02-23 15:45:55 - [MESSAGE][PASSED] - Current window maximized

2022-02-23 15:45:55 - [TEST_STEP][PASSED] - i = G_Login: null

2022-02-23 15:45:55 - [TEST_STEP][PASSED] - url = new java.net.URL(i): null

2022-02-23 15:45:55 - [TEST_STEP][PASSED] - println("URL: " + url.toString()): null

2022-02-23 15:45:55 - [TEST_STEP][PASSED] - connection = url.openConnection(): null

2022-02-23 15:45:55 - [TEST_STEP][PASSED] - connection.setRequestMethod("GET"): null

2022-02-23 15:45:55 - [TEST_STEP][PASSED] - connection.setReadTimeout(2 * 1000): null

2022-02-23 15:45:55 - [TEST_STEP][PASSED] - try: null

2022-02-23 15:45:55 - [TEST_STEP][PASSED] - connection.connect(): null

2022-02-23 15:45:55 - [TEST_STEP][PASSED] - flag = connected: null

2022-02-23 15:45:55 - [TEST_STEP][PASSED] - println("Valor_ori: " + flag): null

2022-02-23 15:45:55 - [TEST_STEP][PASSED] - if (flag): null

2022-02-23 15:45:55 - [TEST_STEP][PASSED] - navigateToUrl(i): Navigate to 'http://192.168.2.80:8380/saraweb' successfully

2022-02-23 15:45:55 - [MESSAGE][PASSED] - Navigate to 'http://192.168.2.80:8380/saraweb' successfully

2022-02-23 15:45:55 - [TEST_STEP][PASSED] - a(): null

2022-02-23 15:45:55 - [TEST_STEP][PASSED] - setText(findTestObject("Login/input_USUARIO_loginusuario"), G_Usuario): Text 'saraadmin' is set on object 'Object Repository/Login/input_USUARIO_loginusuario'

2022-02-23 15:45:56 - [MESSAGE][PASSED] - Text 'saraadmin' is set on object 'Object Repository/Login/input_USUARIO_loginusuario'

2022-02-23 15:45:56 - [TEST_STEP][PASSED] - setEncryptedText(findTestObject("Login/input_CLAVE_loginpassword"), "MkG4/TYiCFC3cb2driP7+Q=="): Text ****** has been set on object 'Object Repository/Login/input_CLAVE_loginpassword'

2022-02-23 15:45:56 - [MESSAGE][PASSED] - Text ****** has been set on object 'Object Repository/Login/input_CLAVE_loginpassword'

2022-02-23 15:45:56 - [TEST_STEP][PASSED] - waitForElementClickable(findTestObject("Login/a_Ingresar"), G_TimeOut): Object 'Object Repository/Login/a_Ingresar' is clickable

2022-02-23 15:45:57 - [MESSAGE][PASSED] - Object 'Object Repository/Login/a_Ingresar' is clickable

2022-02-23 15:45:57 - [TEST_STEP][PASSED] - click(findTestObject("Login/a_Ingresar")): Object: 'Object Repository/Login/a_Ingresar' is clicked on

2022-02-23 15:45:58 - [MESSAGE][PASSED] - Object: 'Object Repository/Login/a_Ingresar' is clicked on

2022-02-23 15:45:58 - [TEST_STEP][PASSED] - element = findWebElement(findTestObject("Login/a_Ir"), 30): null

2022-02-23 15:45:58 - [TEST_STEP][PASSED] - executeJavaScript("arguments[0].click()", Arrays.asList(element)): Execute JavaScript 'arguments[0].click()' successfully

2022-02-23 15:45:58 - [MESSAGE][PASSED] - Execute JavaScript 'arguments[0].click()' successfully

2022-02-23 15:45:58 - [MESSAGE][PASSED] - Call Test Case 'Test Cases/0.1-Login' successfully

2022-02-23 15:45:58 - [TEST_STEP][PASSED] - setText(findTestObject("Modulo compensaciones/Liquidación_Nomina0/input_Empresa 1_form_templatej_idt24_input"), "liquidacion nomina"): Text 'liquidacion nomina' is set on object 'Object Repository/Modulo compensaciones/Liquidación_Nomina0/input_Empresa 1_form_templatej_idt24_input'

2022-02-23 15:45:59 - [MESSAGE][PASSED] - Text 'liquidacion nomina' is set on object 'Object Repository/Modulo compensaciones/Liquidación_Nomina0/input_Empresa 1_form_templatej_idt24_input'

2022-02-23 15:45:59 - [TEST_STEP][PASSED] - click(findTestObject("Modulo compensaciones/Liquidación_Nomina0/li_Liquidacion Nomina (com)")): Object: 'Object Repository/Modulo compensaciones/Liquidación_Nomina0/li_Liquidacion Nomina (com)' is clicked on

2022-02-23 15:46:01 - [MESSAGE][PASSED] - Object: 'Object Repository/Modulo compensaciones/Liquidación_Nomina0/li_Liquidacion Nomina (com)' is clicked on

2022-02-23 15:46:01 - [TEST_STEP][PASSED] - click(findTestObject("Modulo compensaciones/Liquidación_Nomina0/a_Periodo Nomina_LiquidacionNominaj_idt68")): Object: 'Object Repository/Modulo compensaciones/Liquidación_Nomina0/a_Periodo Nomina_LiquidacionNominaj_idt68' is clicked on

2022-02-23 15:46:02 - [MESSAGE][PASSED] - Object: 'Object Repository/Modulo compensaciones/Liquidación_Nomina0/a_Periodo Nomina_LiquidacionNominaj_idt68' is clicked on

2022-02-23 15:46:02 - [TEST_STEP][PASSED] - selectOptionByIndex(findTestObject("Modulo compensaciones/Liquidación_Nomina0/select_--  Seleccione  --Periodo CerradoPeriodo en Proceso"), 2): All options with index in [2] are selected on object 'Object Repository/Modulo compensaciones/Liquidación_Nomina0/select_--  Seleccione  --Periodo CerradoPeriodo en Proceso'

2022-02-23 15:46:03 - [MESSAGE][PASSED] - All options with index in [2] are selected on object 'Object Repository/Modulo compensaciones/Liquidación_Nomina0/select_--  Seleccione  --Periodo CerradoPeriodo en Proceso'

2022-02-23 15:46:03 - [TEST_STEP][PASSED] - click(findTestObject("Modulo compensaciones/Liquidación_Nomina0/span_P. MensualJulio2021")): Object: 'Object Repository/Modulo compensaciones/Liquidación_Nomina0/span_P. MensualJulio2021' is clicked on

2022-02-23 15:46:05 - [MESSAGE][PASSED] - Object: 'Object Repository/Modulo compensaciones/Liquidación_Nomina0/span_P. MensualJulio2021' is clicked on

2022-02-23 15:46:05 - [TEST_STEP][PASSED] - click(findTestObject("Modulo compensaciones/Liquidación_Nomina0/a_Nombre Persona_LiquidacionNominaj_idt126")): Object: 'Object Repository/Modulo compensaciones/Liquidación_Nomina0/a_Nombre Persona_LiquidacionNominaj_idt126' is clicked on

2022-02-23 15:46:07 - [MESSAGE][PASSED] - Object: 'Object Repository/Modulo compensaciones/Liquidación_Nomina0/a_Nombre Persona_LiquidacionNominaj_idt126' is clicked on

2022-02-23 15:46:07 - [TEST_STEP][PASSED] - setText(findTestObject("Modulo compensaciones/Liquidación_Nomina0/input_Filtro Empleado_form_popupEmpleadoj_idt2433"), "1026588953"): Text '1026588953' is set on object 'Object Repository/Modulo compensaciones/Liquidación_Nomina0/input_Filtro Empleado_form_popupEmpleadoj_idt2433'

2022-02-23 15:46:08 - [MESSAGE][PASSED] - Text '1026588953' is set on object 'Object Repository/Modulo compensaciones/Liquidación_Nomina0/input_Filtro Empleado_form_popupEmpleadoj_idt2433'

2022-02-23 15:46:08 - [TEST_STEP][PASSED] - sendKeys(findTestObject("Modulo compensaciones/Liquidación_Nomina0/input_Filtro Empleado_form_popupEmpleadoj_idt2433"), Keys.chord(ENTER)): Keys 'ENTER + ' sent to object: 'Object Repository/Modulo compensaciones/Liquidación_Nomina0/input_Filtro Empleado_form_popupEmpleadoj_idt2433'

2022-02-23 15:46:08 - [MESSAGE][PASSED] - Keys 'ENTER + ' sent to object: 'Object Repository/Modulo compensaciones/Liquidación_Nomina0/input_Filtro Empleado_form_popupEmpleadoj_idt2433'

2022-02-23 15:46:08 - [TEST_STEP][PASSED] - click(findTestObject("Modulo compensaciones/Liquidación_Nomina0/span_Constantino Jhon")): Object: 'Object Repository/Modulo compensaciones/Liquidación_Nomina0/span_Constantino Jhon' is clicked on

2022-02-23 15:46:09 - [MESSAGE][PASSED] - Object: 'Object Repository/Modulo compensaciones/Liquidación_Nomina0/span_Constantino Jhon' is clicked on

2022-02-23 15:46:09 - [TEST_STEP][PASSED] - click(findTestObject("Modulo compensaciones/Liquidación_Nomina0/td_Aya Silva Cindy Ximena"), STOP_ON_FAILURE): Object: 'Object Repository/Modulo compensaciones/Liquidación_Nomina0/td_Aya Silva Cindy Ximena' is clicked on

2022-02-23 15:46:10 - [MESSAGE][PASSED] - Object: 'Object Repository/Modulo compensaciones/Liquidación_Nomina0/td_Aya Silva Cindy Ximena' is clicked on

2022-02-23 15:46:10 - [TEST_STEP][PASSED] - click(findTestObject("a_Guardar")): Object: 'Object Repository/a_Guardar' is clicked on

2022-02-23 15:46:11 - [MESSAGE][PASSED] - Object: 'Object Repository/a_Guardar' is clicked on

2022-02-23 15:46:11 - [TEST_STEP][PASSED] - if (waitForElementVisible(findTestObject("Modulo compensaciones/Liquidación_Nomina0/p_Se guardo el mensaje"), 1)): null

2022-02-23 15:46:11 - [MESSAGE][PASSED] - Object 'Object Repository/Modulo compensaciones/Liquidación_Nomina0/p_Se guardo el mensaje' is visible

2022-02-23 15:46:11 - [TEST_STEP][PASSED] - closeBrowser(): Browser is closed

2022-02-23 15:46:12 - [MESSAGE][PASSED] - Browser is closed]]></system-out>
         <system-err><![CDATA[]]></system-err>
      </testcase>
      <testcase name="Test Cases/11.1-Pruebas_compensaciones/11.1.7-Listado_Empleados" time="58.7" classname="Test Cases/11.1-Pruebas_compensaciones/11.1.7-Listado_Empleados" status="PASSED">
         <system-out><![CDATA[2022-02-23 15:46:12 - [TEST_CASE][PASSED] - Test Cases/11.1-Pruebas_compensaciones/11.1.7-Listado_Empleados: Test Cases/11.1-Pruebas_compensaciones/11.1.7-Listado_Empleados

2022-02-23 15:46:12 - [TEST_STEP][PASSED] - callTestCase(findTestCase("0.1-Login"), [:], STOP_ON_FAILURE): Call Test Case 'Test Cases/0.1-Login' successfully

2022-02-23 15:46:12 - [TEST_CASE][PASSED] - Test Cases/0.1-Login: Test Cases/0.1-Login

2022-02-23 15:46:12 - [TEST_STEP][PASSED] - openBrowser(""): Browser is opened with url: ''

2022-02-23 15:46:12 - [MESSAGE][INFO] - Starting 'Chrome' driver

2022-02-23 15:46:12 - [MESSAGE][INFO] - Action delay is set to 0 milliseconds

2022-02-23 15:46:14 - [MESSAGE][PASSED] - Browser is opened with url: ''

2022-02-23 15:46:14 - [TEST_STEP][PASSED] - maximizeWindow(): Current window maximized

2022-02-23 15:46:14 - [MESSAGE][PASSED] - Current window maximized

2022-02-23 15:46:14 - [TEST_STEP][PASSED] - i = G_Login: null

2022-02-23 15:46:14 - [TEST_STEP][PASSED] - url = new java.net.URL(i): null

2022-02-23 15:46:14 - [TEST_STEP][PASSED] - println("URL: " + url.toString()): null

2022-02-23 15:46:14 - [TEST_STEP][PASSED] - connection = url.openConnection(): null

2022-02-23 15:46:14 - [TEST_STEP][PASSED] - connection.setRequestMethod("GET"): null

2022-02-23 15:46:14 - [TEST_STEP][PASSED] - connection.setReadTimeout(2 * 1000): null

2022-02-23 15:46:14 - [TEST_STEP][PASSED] - try: null

2022-02-23 15:46:14 - [TEST_STEP][PASSED] - connection.connect(): null

2022-02-23 15:46:14 - [TEST_STEP][PASSED] - flag = connected: null

2022-02-23 15:46:14 - [TEST_STEP][PASSED] - println("Valor_ori: " + flag): null

2022-02-23 15:46:14 - [TEST_STEP][PASSED] - if (flag): null

2022-02-23 15:46:14 - [TEST_STEP][PASSED] - navigateToUrl(i): Navigate to 'http://192.168.2.80:8380/saraweb' successfully

2022-02-23 15:46:14 - [MESSAGE][PASSED] - Navigate to 'http://192.168.2.80:8380/saraweb' successfully

2022-02-23 15:46:14 - [TEST_STEP][PASSED] - a(): null

2022-02-23 15:46:14 - [TEST_STEP][PASSED] - setText(findTestObject("Login/input_USUARIO_loginusuario"), G_Usuario): Text 'saraadmin' is set on object 'Object Repository/Login/input_USUARIO_loginusuario'

2022-02-23 15:46:15 - [MESSAGE][PASSED] - Text 'saraadmin' is set on object 'Object Repository/Login/input_USUARIO_loginusuario'

2022-02-23 15:46:15 - [TEST_STEP][PASSED] - setEncryptedText(findTestObject("Login/input_CLAVE_loginpassword"), "MkG4/TYiCFC3cb2driP7+Q=="): Text ****** has been set on object 'Object Repository/Login/input_CLAVE_loginpassword'

2022-02-23 15:46:15 - [MESSAGE][PASSED] - Text ****** has been set on object 'Object Repository/Login/input_CLAVE_loginpassword'

2022-02-23 15:46:15 - [TEST_STEP][PASSED] - waitForElementClickable(findTestObject("Login/a_Ingresar"), G_TimeOut): Object 'Object Repository/Login/a_Ingresar' is clickable

2022-02-23 15:46:16 - [MESSAGE][PASSED] - Object 'Object Repository/Login/a_Ingresar' is clickable

2022-02-23 15:46:16 - [TEST_STEP][PASSED] - click(findTestObject("Login/a_Ingresar")): Object: 'Object Repository/Login/a_Ingresar' is clicked on

2022-02-23 15:46:17 - [MESSAGE][PASSED] - Object: 'Object Repository/Login/a_Ingresar' is clicked on

2022-02-23 15:46:17 - [TEST_STEP][PASSED] - element = findWebElement(findTestObject("Login/a_Ir"), 30): null

2022-02-23 15:46:17 - [TEST_STEP][PASSED] - executeJavaScript("arguments[0].click()", Arrays.asList(element)): Execute JavaScript 'arguments[0].click()' successfully

2022-02-23 15:46:17 - [MESSAGE][PASSED] - Execute JavaScript 'arguments[0].click()' successfully

2022-02-23 15:46:17 - [MESSAGE][PASSED] - Call Test Case 'Test Cases/0.1-Login' successfully

2022-02-23 15:46:17 - [TEST_STEP][PASSED] - setText(findTestObject("Modulo compensaciones/Listado_Empleados/input_Empresa 1_form_templatej_idt24_input"), "Listado de Empleados"): Text 'Listado de Empleados' is set on object 'Object Repository/Modulo compensaciones/Listado_Empleados/input_Empresa 1_form_templatej_idt24_input'

2022-02-23 15:46:18 - [MESSAGE][PASSED] - Text 'Listado de Empleados' is set on object 'Object Repository/Modulo compensaciones/Listado_Empleados/input_Empresa 1_form_templatej_idt24_input'

2022-02-23 15:46:18 - [TEST_STEP][PASSED] - click(findTestObject("Modulo compensaciones/Listado_Empleados/li_Listado de Empleados (com)")): Object: 'Object Repository/Modulo compensaciones/Listado_Empleados/li_Listado de Empleados (com)' is clicked on

2022-02-23 15:46:20 - [MESSAGE][PASSED] - Object: 'Object Repository/Modulo compensaciones/Listado_Empleados/li_Listado de Empleados (com)' is clicked on

2022-02-23 15:46:20 - [TEST_STEP][PASSED] - setText(findTestObject("Modulo compensaciones/Listado_Empleados/input_Nombre Funcionario_listadoEmpleadoj_idt64"), "Consta"): Text 'Consta' is set on object 'Object Repository/Modulo compensaciones/Listado_Empleados/input_Nombre Funcionario_listadoEmpleadoj_idt64'

2022-02-23 15:46:22 - [MESSAGE][PASSED] - Text 'Consta' is set on object 'Object Repository/Modulo compensaciones/Listado_Empleados/input_Nombre Funcionario_listadoEmpleadoj_idt64'

2022-02-23 15:46:22 - [TEST_STEP][PASSED] - sendKeys(findTestObject("Modulo compensaciones/Listado_Empleados/input_Nombre Funcionario_listadoEmpleadoj_idt64"), Keys.chord(ENTER)): Keys 'ENTER + ' sent to object: 'Object Repository/Modulo compensaciones/Listado_Empleados/input_Nombre Funcionario_listadoEmpleadoj_idt64'

2022-02-23 15:46:22 - [MESSAGE][PASSED] - Keys 'ENTER + ' sent to object: 'Object Repository/Modulo compensaciones/Listado_Empleados/input_Nombre Funcionario_listadoEmpleadoj_idt64'

2022-02-23 15:46:22 - [TEST_STEP][PASSED] - click(findTestObject("Modulo compensaciones/Listado_Empleados/span_Constantino Jhon")): Object: 'Object Repository/Modulo compensaciones/Listado_Empleados/span_Constantino Jhon' is clicked on

2022-02-23 15:46:23 - [MESSAGE][PASSED] - Object: 'Object Repository/Modulo compensaciones/Listado_Empleados/span_Constantino Jhon' is clicked on

2022-02-23 15:46:23 - [TEST_STEP][PASSED] - click(findTestObject("Modulo compensaciones/Listado_Empleados/a_Liquidacin Periodica")): Object: 'Object Repository/Modulo compensaciones/Listado_Empleados/a_Liquidacin Periodica' is clicked on

2022-02-23 15:46:25 - [MESSAGE][PASSED] - Object: 'Object Repository/Modulo compensaciones/Listado_Empleados/a_Liquidacin Periodica' is clicked on

2022-02-23 15:46:25 - [TEST_STEP][PASSED] - selectOptionByIndex(findTestObject("Modulo compensaciones/Listado_Empleados/select_-- seleccione --BC - PRESTAMO BANCOLOMBIAPC - PRESTAMO COMPAA"), 2): All options with index in [2] are selected on object 'Object Repository/Modulo compensaciones/Listado_Empleados/select_-- seleccione --BC - PRESTAMO BANCOLOMBIAPC - PRESTAMO COMPAA'

2022-02-23 15:46:27 - [MESSAGE][PASSED] - All options with index in [2] are selected on object 'Object Repository/Modulo compensaciones/Listado_Empleados/select_-- seleccione --BC - PRESTAMO BANCOLOMBIAPC - PRESTAMO COMPAA'

2022-02-23 15:46:27 - [TEST_STEP][PASSED] - click(findTestObject("Modulo compensaciones/Listado_Empleados/span_Prestamo Compaa")): Object: 'Object Repository/Modulo compensaciones/Listado_Empleados/span_Prestamo Compaa' is clicked on

2022-02-23 15:46:28 - [MESSAGE][PASSED] - Object: 'Object Repository/Modulo compensaciones/Listado_Empleados/span_Prestamo Compaa' is clicked on

2022-02-23 15:46:28 - [TEST_STEP][PASSED] - totalA = getText(findTestObject("Modulo compensaciones/Listado_Empleados/input_Total Abonado_form_liquidacionesPeriodicasEmpleadotabLiquidacionesPeriodicasabono"), STOP_ON_FAILURE): Text of object 'Object Repository/Modulo compensaciones/Listado_Empleados/input_Total Abonado_form_liquidacionesPeriodicasEmpleadotabLiquidacionesPeriodicasabono' is: ''

2022-02-23 15:46:29 - [MESSAGE][PASSED] - Text of object 'Object Repository/Modulo compensaciones/Listado_Empleados/input_Total Abonado_form_liquidacionesPeriodicasEmpleadotabLiquidacionesPeriodicasabono' is: ''

2022-02-23 15:46:29 - [TEST_STEP][PASSED] - if (totalA == "10.000,00"): null

2022-02-23 15:46:29 - [TEST_STEP][PASSED] - else: Browser is closed

2022-02-23 15:46:29 - [TEST_STEP][PASSED] - callTestCase(findTestCase("11.1-Pruebas_compensaciones/11.1.4-Fuente_General"), [:], STOP_ON_FAILURE): Call Test Case 'Test Cases/11.1-Pruebas_compensaciones/11.1.4-Fuente_General' successfully

2022-02-23 15:46:29 - [TEST_CASE][PASSED] - Test Cases/11.1-Pruebas_compensaciones/11.1.4-Fuente_General: Test Cases/11.1-Pruebas_compensaciones/11.1.4-Fuente_General

2022-02-23 15:46:29 - [TEST_STEP][PASSED] - callTestCase(findTestCase("0.1-Login"), [:], STOP_ON_FAILURE): Call Test Case 'Test Cases/0.1-Login' successfully

2022-02-23 15:46:29 - [TEST_CASE][PASSED] - Test Cases/0.1-Login: Test Cases/0.1-Login

2022-02-23 15:46:29 - [TEST_STEP][PASSED] - openBrowser(""): Browser is opened with url: ''

2022-02-23 15:46:29 - [MESSAGE][WARNING] - A browser is already opened. Closing browser and opening a new one

2022-02-23 15:46:30 - [MESSAGE][INFO] - Starting 'Chrome' driver

2022-02-23 15:46:30 - [MESSAGE][INFO] - Action delay is set to 0 milliseconds

2022-02-23 15:46:31 - [MESSAGE][PASSED] - Browser is opened with url: ''

2022-02-23 15:46:31 - [TEST_STEP][PASSED] - maximizeWindow(): Current window maximized

2022-02-23 15:46:31 - [MESSAGE][PASSED] - Current window maximized

2022-02-23 15:46:31 - [TEST_STEP][PASSED] - i = G_Login: null

2022-02-23 15:46:31 - [TEST_STEP][PASSED] - url = new java.net.URL(i): null

2022-02-23 15:46:31 - [TEST_STEP][PASSED] - println("URL: " + url.toString()): null

2022-02-23 15:46:31 - [TEST_STEP][PASSED] - connection = url.openConnection(): null

2022-02-23 15:46:31 - [TEST_STEP][PASSED] - connection.setRequestMethod("GET"): null

2022-02-23 15:46:31 - [TEST_STEP][PASSED] - connection.setReadTimeout(2 * 1000): null

2022-02-23 15:46:31 - [TEST_STEP][PASSED] - try: null

2022-02-23 15:46:31 - [TEST_STEP][PASSED] - connection.connect(): null

2022-02-23 15:46:31 - [TEST_STEP][PASSED] - flag = connected: null

2022-02-23 15:46:31 - [TEST_STEP][PASSED] - println("Valor_ori: " + flag): null

2022-02-23 15:46:31 - [TEST_STEP][PASSED] - if (flag): null

2022-02-23 15:46:31 - [TEST_STEP][PASSED] - navigateToUrl(i): Navigate to 'http://192.168.2.80:8380/saraweb' successfully

2022-02-23 15:46:32 - [MESSAGE][PASSED] - Navigate to 'http://192.168.2.80:8380/saraweb' successfully

2022-02-23 15:46:32 - [TEST_STEP][PASSED] - a(): null

2022-02-23 15:46:32 - [TEST_STEP][PASSED] - setText(findTestObject("Login/input_USUARIO_loginusuario"), G_Usuario): Text 'saraadmin' is set on object 'Object Repository/Login/input_USUARIO_loginusuario'

2022-02-23 15:46:32 - [MESSAGE][PASSED] - Text 'saraadmin' is set on object 'Object Repository/Login/input_USUARIO_loginusuario'

2022-02-23 15:46:32 - [TEST_STEP][PASSED] - setEncryptedText(findTestObject("Login/input_CLAVE_loginpassword"), "MkG4/TYiCFC3cb2driP7+Q=="): Text ****** has been set on object 'Object Repository/Login/input_CLAVE_loginpassword'

2022-02-23 15:46:33 - [MESSAGE][PASSED] - Text ****** has been set on object 'Object Repository/Login/input_CLAVE_loginpassword'

2022-02-23 15:46:33 - [TEST_STEP][PASSED] - waitForElementClickable(findTestObject("Login/a_Ingresar"), G_TimeOut): Object 'Object Repository/Login/a_Ingresar' is clickable

2022-02-23 15:46:33 - [MESSAGE][PASSED] - Object 'Object Repository/Login/a_Ingresar' is clickable

2022-02-23 15:46:33 - [TEST_STEP][PASSED] - click(findTestObject("Login/a_Ingresar")): Object: 'Object Repository/Login/a_Ingresar' is clicked on

2022-02-23 15:46:34 - [MESSAGE][PASSED] - Object: 'Object Repository/Login/a_Ingresar' is clicked on

2022-02-23 15:46:34 - [TEST_STEP][PASSED] - element = findWebElement(findTestObject("Login/a_Ir"), 30): null

2022-02-23 15:46:35 - [TEST_STEP][PASSED] - executeJavaScript("arguments[0].click()", Arrays.asList(element)): Execute JavaScript 'arguments[0].click()' successfully

2022-02-23 15:46:35 - [MESSAGE][PASSED] - Execute JavaScript 'arguments[0].click()' successfully

2022-02-23 15:46:35 - [MESSAGE][PASSED] - Call Test Case 'Test Cases/0.1-Login' successfully

2022-02-23 15:46:35 - [TEST_STEP][PASSED] - setText(findTestObject("Modulo compensaciones/Fuente_General/input_Empresa 1_form_templatej_idt24_input"), "importar fuente general"): Text 'importar fuente general' is set on object 'Object Repository/Modulo compensaciones/Fuente_General/input_Empresa 1_form_templatej_idt24_input'

2022-02-23 15:46:36 - [MESSAGE][PASSED] - Text 'importar fuente general' is set on object 'Object Repository/Modulo compensaciones/Fuente_General/input_Empresa 1_form_templatej_idt24_input'

2022-02-23 15:46:36 - [TEST_STEP][PASSED] - click(findTestObject("Modulo compensaciones/Fuente_General/li_fuente general (gna)")): Object: 'Object Repository/Modulo compensaciones/Fuente_General/li_fuente general (gna)' is clicked on

2022-02-23 15:46:37 - [MESSAGE][PASSED] - Object: 'Object Repository/Modulo compensaciones/Fuente_General/li_fuente general (gna)' is clicked on

2022-02-23 15:46:37 - [TEST_STEP][PASSED] - setText(findTestObject("Modulo Tarea Sara General/Importar Fuente General/input_Procesos Generados_formImportarListadoFuentej_idt67"), "Creación prestamos"): Text 'Creación prestamos' is set on object 'Object Repository/Modulo Tarea Sara General/Importar Fuente General/input_Procesos Generados_formImportarListadoFuentej_idt67'

2022-02-23 15:46:38 - [MESSAGE][PASSED] - Text 'Creación prestamos' is set on object 'Object Repository/Modulo Tarea Sara General/Importar Fuente General/input_Procesos Generados_formImportarListadoFuentej_idt67'

2022-02-23 15:46:38 - [TEST_STEP][PASSED] - sendKeys(findTestObject("Modulo Tarea Sara General/Importar Fuente General/input_Procesos Generados_formImportarListadoFuentej_idt67"), Keys.chord(ENTER)): Keys 'ENTER + ' sent to object: 'Object Repository/Modulo Tarea Sara General/Importar Fuente General/input_Procesos Generados_formImportarListadoFuentej_idt67'

2022-02-23 15:46:39 - [MESSAGE][PASSED] - Keys 'ENTER + ' sent to object: 'Object Repository/Modulo Tarea Sara General/Importar Fuente General/input_Procesos Generados_formImportarListadoFuentej_idt67'

2022-02-23 15:46:39 - [TEST_STEP][PASSED] - click(findTestObject("Modulo Tarea Sara General/Importar Fuente General/td_Creacin Prestamos")): Object: 'Object Repository/Modulo Tarea Sara General/Importar Fuente General/td_Creacin Prestamos' is clicked on

2022-02-23 15:46:39 - [MESSAGE][PASSED] - Object: 'Object Repository/Modulo Tarea Sara General/Importar Fuente General/td_Creacin Prestamos' is clicked on

2022-02-23 15:46:39 - [TEST_STEP][PASSED] - ruta = G_rutaarchivos + "carguePrestamo.txt": null

2022-02-23 15:46:39 - [TEST_STEP][PASSED] - uploadFile(findTestObject("Modulo Tarea Sara General/Importar Fuente General/input_Cargar_formImportarFuentetabarchivo_input"), ruta): File 'E:\unionweb14\carguePrestamo.txt' sent to object: 'Object Repository/Modulo Tarea Sara General/Importar Fuente General/input_Cargar_formImportarFuentetabarchivo_input'

2022-02-23 15:46:40 - [MESSAGE][PASSED] - File 'E:\unionweb14\carguePrestamo.txt' sent to object: 'Object Repository/Modulo Tarea Sara General/Importar Fuente General/input_Cargar_formImportarFuentetabarchivo_input'

2022-02-23 15:46:40 - [TEST_STEP][PASSED] - click(findTestObject("Modulo Tarea Sara General/Importar Fuente General/a_Importar")): Object: 'Object Repository/Modulo Tarea Sara General/Importar Fuente General/a_Importar' is clicked on

2022-02-23 15:46:41 - [MESSAGE][PASSED] - Object: 'Object Repository/Modulo Tarea Sara General/Importar Fuente General/a_Importar' is clicked on

2022-02-23 15:46:41 - [TEST_STEP][PASSED] - waitForElementVisible(findTestObject("Modulo compensaciones/Fuente_General/a_Continuar"), 0): Object 'Object Repository/Modulo compensaciones/Fuente_General/a_Continuar' is visible

2022-02-23 15:46:41 - [MESSAGE][WARNING] - Timeout '0' is invalid. Using default page load timeout: '30'

2022-02-23 15:46:45 - [MESSAGE][PASSED] - Object 'Object Repository/Modulo compensaciones/Fuente_General/a_Continuar' is visible

2022-02-23 15:46:45 - [TEST_STEP][PASSED] - click(findTestObject("Modulo compensaciones/Fuente_General/a_Continuar")): Object: 'Object Repository/Modulo compensaciones/Fuente_General/a_Continuar' is clicked on

2022-02-23 15:46:45 - [MESSAGE][PASSED] - Object: 'Object Repository/Modulo compensaciones/Fuente_General/a_Continuar' is clicked on

2022-02-23 15:46:45 - [TEST_STEP][PASSED] - click(findTestObject("Modulo compensaciones/Fuente_General/a_Ejecutar")): Object: 'Object Repository/Modulo compensaciones/Fuente_General/a_Ejecutar' is clicked on

2022-02-23 15:46:46 - [MESSAGE][PASSED] - Object: 'Object Repository/Modulo compensaciones/Fuente_General/a_Ejecutar' is clicked on

2022-02-23 15:46:46 - [TEST_STEP][PASSED] - click(findTestObject("Modulo compensaciones/Fuente_General/a_Continuar")): Object: 'Object Repository/Modulo compensaciones/Fuente_General/a_Continuar' is clicked on

2022-02-23 15:46:50 - [MESSAGE][PASSED] - Object: 'Object Repository/Modulo compensaciones/Fuente_General/a_Continuar' is clicked on

2022-02-23 15:46:50 - [TEST_STEP][PASSED] - delay(2): Delayed 2 second(s)

2022-02-23 15:46:52 - [MESSAGE][PASSED] - Delayed 2 second(s)

2022-02-23 15:46:52 - [TEST_STEP][PASSED] - closeBrowser(): Browser is closed

2022-02-23 15:46:53 - [MESSAGE][PASSED] - Browser is closed

2022-02-23 15:46:53 - [MESSAGE][PASSED] - Call Test Case 'Test Cases/11.1-Pruebas_compensaciones/11.1.4-Fuente_General' successfully

2022-02-23 15:46:53 - [TEST_STEP][PASSED] - callTestCase(findTestCase("0.1-Login"), [:], STOP_ON_FAILURE): Call Test Case 'Test Cases/0.1-Login' successfully

2022-02-23 15:46:53 - [TEST_CASE][PASSED] - Test Cases/0.1-Login: Test Cases/0.1-Login

2022-02-23 15:46:53 - [TEST_STEP][PASSED] - openBrowser(""): Browser is opened with url: ''

2022-02-23 15:46:53 - [MESSAGE][INFO] - Starting 'Chrome' driver

2022-02-23 15:46:53 - [MESSAGE][INFO] - Action delay is set to 0 milliseconds

2022-02-23 15:46:54 - [MESSAGE][PASSED] - Browser is opened with url: ''

2022-02-23 15:46:54 - [TEST_STEP][PASSED] - maximizeWindow(): Current window maximized

2022-02-23 15:46:54 - [MESSAGE][PASSED] - Current window maximized

2022-02-23 15:46:54 - [TEST_STEP][PASSED] - i = G_Login: null

2022-02-23 15:46:54 - [TEST_STEP][PASSED] - url = new java.net.URL(i): null

2022-02-23 15:46:54 - [TEST_STEP][PASSED] - println("URL: " + url.toString()): null

2022-02-23 15:46:54 - [TEST_STEP][PASSED] - connection = url.openConnection(): null

2022-02-23 15:46:54 - [TEST_STEP][PASSED] - connection.setRequestMethod("GET"): null

2022-02-23 15:46:54 - [TEST_STEP][PASSED] - connection.setReadTimeout(2 * 1000): null

2022-02-23 15:46:54 - [TEST_STEP][PASSED] - try: null

2022-02-23 15:46:54 - [TEST_STEP][PASSED] - connection.connect(): null

2022-02-23 15:46:54 - [TEST_STEP][PASSED] - flag = connected: null

2022-02-23 15:46:54 - [TEST_STEP][PASSED] - println("Valor_ori: " + flag): null

2022-02-23 15:46:54 - [TEST_STEP][PASSED] - if (flag): null

2022-02-23 15:46:54 - [TEST_STEP][PASSED] - navigateToUrl(i): Navigate to 'http://192.168.2.80:8380/saraweb' successfully

2022-02-23 15:46:54 - [MESSAGE][PASSED] - Navigate to 'http://192.168.2.80:8380/saraweb' successfully

2022-02-23 15:46:54 - [TEST_STEP][PASSED] - a(): null

2022-02-23 15:46:54 - [TEST_STEP][PASSED] - setText(findTestObject("Login/input_USUARIO_loginusuario"), G_Usuario): Text 'saraadmin' is set on object 'Object Repository/Login/input_USUARIO_loginusuario'

2022-02-23 15:46:55 - [MESSAGE][PASSED] - Text 'saraadmin' is set on object 'Object Repository/Login/input_USUARIO_loginusuario'

2022-02-23 15:46:55 - [TEST_STEP][PASSED] - setEncryptedText(findTestObject("Login/input_CLAVE_loginpassword"), "MkG4/TYiCFC3cb2driP7+Q=="): Text ****** has been set on object 'Object Repository/Login/input_CLAVE_loginpassword'

2022-02-23 15:46:56 - [MESSAGE][PASSED] - Text ****** has been set on object 'Object Repository/Login/input_CLAVE_loginpassword'

2022-02-23 15:46:56 - [TEST_STEP][PASSED] - waitForElementClickable(findTestObject("Login/a_Ingresar"), G_TimeOut): Object 'Object Repository/Login/a_Ingresar' is clickable

2022-02-23 15:46:56 - [MESSAGE][PASSED] - Object 'Object Repository/Login/a_Ingresar' is clickable

2022-02-23 15:46:56 - [TEST_STEP][PASSED] - click(findTestObject("Login/a_Ingresar")): Object: 'Object Repository/Login/a_Ingresar' is clicked on

2022-02-23 15:46:58 - [MESSAGE][PASSED] - Object: 'Object Repository/Login/a_Ingresar' is clicked on

2022-02-23 15:46:58 - [TEST_STEP][PASSED] - element = findWebElement(findTestObject("Login/a_Ir"), 30): null

2022-02-23 15:46:58 - [TEST_STEP][PASSED] - executeJavaScript("arguments[0].click()", Arrays.asList(element)): Execute JavaScript 'arguments[0].click()' successfully

2022-02-23 15:46:58 - [MESSAGE][PASSED] - Execute JavaScript 'arguments[0].click()' successfully

2022-02-23 15:46:58 - [MESSAGE][PASSED] - Call Test Case 'Test Cases/0.1-Login' successfully

2022-02-23 15:46:58 - [TEST_STEP][PASSED] - setText(findTestObject("input_Empresa 1_form_templatej_idt24_input"), "listado de empleados"): Text 'listado de empleados' is set on object 'Object Repository/input_Empresa 1_form_templatej_idt24_input'

2022-02-23 15:47:00 - [MESSAGE][PASSED] - Text 'listado de empleados' is set on object 'Object Repository/input_Empresa 1_form_templatej_idt24_input'

2022-02-23 15:47:00 - [TEST_STEP][PASSED] - click(findTestObject("Modulo compensaciones/Listado_Empleados/span_Listado de Empleados")): Object: 'Object Repository/Modulo compensaciones/Listado_Empleados/span_Listado de Empleados' is clicked on

2022-02-23 15:47:01 - [MESSAGE][PASSED] - Object: 'Object Repository/Modulo compensaciones/Listado_Empleados/span_Listado de Empleados' is clicked on

2022-02-23 15:47:01 - [TEST_STEP][PASSED] - setText(findTestObject("Modulo compensaciones/Listado_Empleados/input_Nombre Funcionario_listadoEmpleadoj_idt64"), "consta"): Text 'consta' is set on object 'Object Repository/Modulo compensaciones/Listado_Empleados/input_Nombre Funcionario_listadoEmpleadoj_idt64'

2022-02-23 15:47:03 - [MESSAGE][PASSED] - Text 'consta' is set on object 'Object Repository/Modulo compensaciones/Listado_Empleados/input_Nombre Funcionario_listadoEmpleadoj_idt64'

2022-02-23 15:47:03 - [TEST_STEP][PASSED] - sendKeys(findTestObject("Modulo compensaciones/Listado_Empleados/input_Nombre Funcionario_listadoEmpleadoj_idt64"), Keys.chord(ENTER)): Keys 'ENTER + ' sent to object: 'Object Repository/Modulo compensaciones/Listado_Empleados/input_Nombre Funcionario_listadoEmpleadoj_idt64'

2022-02-23 15:47:03 - [MESSAGE][PASSED] - Keys 'ENTER + ' sent to object: 'Object Repository/Modulo compensaciones/Listado_Empleados/input_Nombre Funcionario_listadoEmpleadoj_idt64'

2022-02-23 15:47:03 - [TEST_STEP][PASSED] - click(findTestObject("Modulo compensaciones/Listado_Empleados/span_Constantino Jhon")): Object: 'Object Repository/Modulo compensaciones/Listado_Empleados/span_Constantino Jhon' is clicked on

2022-02-23 15:47:06 - [MESSAGE][PASSED] - Object: 'Object Repository/Modulo compensaciones/Listado_Empleados/span_Constantino Jhon' is clicked on

2022-02-23 15:47:06 - [TEST_STEP][PASSED] - click(findTestObject("Modulo compensaciones/Listado_Empleados/a_Liquidacin Periodica")): Object: 'Object Repository/Modulo compensaciones/Listado_Empleados/a_Liquidacin Periodica' is clicked on

2022-02-23 15:47:07 - [MESSAGE][PASSED] - Object: 'Object Repository/Modulo compensaciones/Listado_Empleados/a_Liquidacin Periodica' is clicked on

2022-02-23 15:47:07 - [TEST_STEP][PASSED] - selectOptionByIndex(findTestObject("Modulo compensaciones/Listado_Empleados/select_-- seleccione --BC - PRESTAMO BANCOLOMBIAPC - PRESTAMO COMPAA"), 2): All options with index in [2] are selected on object 'Object Repository/Modulo compensaciones/Listado_Empleados/select_-- seleccione --BC - PRESTAMO BANCOLOMBIAPC - PRESTAMO COMPAA'

2022-02-23 15:47:08 - [MESSAGE][PASSED] - All options with index in [2] are selected on object 'Object Repository/Modulo compensaciones/Listado_Empleados/select_-- seleccione --BC - PRESTAMO BANCOLOMBIAPC - PRESTAMO COMPAA'

2022-02-23 15:47:08 - [TEST_STEP][PASSED] - click(findTestObject("Modulo compensaciones/Listado_Empleados/span_Prestamo Compaa")): Object: 'Object Repository/Modulo compensaciones/Listado_Empleados/span_Prestamo Compaa' is clicked on

2022-02-23 15:47:09 - [MESSAGE][PASSED] - Object: 'Object Repository/Modulo compensaciones/Listado_Empleados/span_Prestamo Compaa' is clicked on

2022-02-23 15:47:09 - [TEST_STEP][PASSED] - getText(findTestObject("Modulo compensaciones/Listado_Empleados/input_Total Abonado_form_liquidacionesPeriodicasEmpleadotabLiquidacionesPeriodicasabono")): Text of object 'Object Repository/Modulo compensaciones/Listado_Empleados/input_Total Abonado_form_liquidacionesPeriodicasEmpleadotabLiquidacionesPeriodicasabono' is: ''

2022-02-23 15:47:10 - [MESSAGE][PASSED] - Text of object 'Object Repository/Modulo compensaciones/Listado_Empleados/input_Total Abonado_form_liquidacionesPeriodicasEmpleadotabLiquidacionesPeriodicasabono' is: ''

2022-02-23 15:47:10 - [TEST_STEP][PASSED] - closeBrowser(): Browser is closed

2022-02-23 15:47:11 - [MESSAGE][PASSED] - Browser is closed]]></system-out>
         <system-err><![CDATA[]]></system-err>
      </testcase>
      <system-out><![CDATA[2022-02-23 15:43:45 - [TEST_SUITE][PASSED] - 11-Pruebas_Compensaciones: Test Cases/11.1-Pruebas_compensaciones/11.1.7-Listado_Empleados]]></system-out>
      <system-err><![CDATA[]]></system-err>
   </testsuite>
</testsuites>
