<?xml version="1.0" encoding="UTF-8"?>
<testsuites name="10-Pruebas_Selección" time="149.905" tests="6" failures="0" errors="0">
   <testsuite name="10-Pruebas_Selección" tests="6" failures="0" errors="0" time="149.905" skipped="0" timestamp="2022-03-01 15:27:14" hostname="diego.rojas - US-AF-000371" id="Test Suites/10-Pruebas_Selección">
      <properties>
         <property name="deviceName" value=""/>
         <property name="devicePlatform" value=""/>
         <property name="logFolder" value="C:\\Users\\diego.rojas\\git\\Pruebas-Minimas\\Reports\\20220301_152707\\10-Pruebas_Selecci\u00F3n\\20220301_152707"/>
         <property name="logFiles" value="C:\\Users\\diego.rojas\\git\\Pruebas-Minimas\\Reports\\20220301_152707\\10-Pruebas_Selecci\u00F3n\\20220301_152707\\execution0.log"/>
         <property name="attachments" value=""/>
         <property name="hostName" value="diego.rojas - US-AF-000371"/>
         <property name="os" value="Windows 10 64bit"/>
         <property name="katalonVersion" value="8.2.5.208"/>
         <property name="browser" value="Chrome 98.0.4758.102"/>
         <property name="hostAddress" value="192.168.56.1"/>
         <property name="sessionId" value="71925e6d05ac78cd1bc3ed70b385a855"/>
         <property name="seleniumVersion" value="3.141.59"/>
         <property name="proxyInformation" value="ProxyInformation { proxyOption=NO_PROXY, proxyServerType=HTTP, username=, password=********, proxyServerAddress=, proxyServerPort=0, executionList=&quot;&quot;, isApplyToDesiredCapabilities=true }"/>
         <property name="platform" value="Windows 10"/>
      </properties>
      <testcase name="Test Cases/10.1-Pruebas_Selección/10.1.1-Crear_un_requerimiento_según_motivo_y_formato" time="25.522" classname="Test Cases/10.1-Pruebas_Selección/10.1.1-Crear_un_requerimiento_según_motivo_y_formato" status="PASSED">
         <system-out><![CDATA[2022-03-01 15:27:15 - [TEST_CASE][PASSED] - Test Cases/10.1-Pruebas_Selección/10.1.1-Crear_un_requerimiento_según_motivo_y_formato: Test Cases/10.1-Pruebas_Selección/10.1.1-Crear_un_requerimiento_según_motivo_y_formato

2022-03-01 15:27:15 - [TEST_STEP][PASSED] - callTestCase(findTestCase("0.1-Login"), [:], STOP_ON_FAILURE): Call Test Case 'Test Cases/0.1-Login' successfully

2022-03-01 15:27:15 - [TEST_CASE][PASSED] - Test Cases/0.1-Login: Test Cases/0.1-Login

2022-03-01 15:27:16 - [TEST_STEP][PASSED] - openBrowser(""): Browser is opened with url: ''

2022-03-01 15:27:16 - [MESSAGE][INFO] - Starting 'Chrome' driver

2022-03-01 15:27:16 - [MESSAGE][INFO] - Action delay is set to 0 milliseconds

2022-03-01 15:27:18 - [MESSAGE][PASSED] - Browser is opened with url: ''

2022-03-01 15:27:18 - [TEST_STEP][PASSED] - maximizeWindow(): Current window maximized

2022-03-01 15:27:18 - [MESSAGE][PASSED] - Current window maximized

2022-03-01 15:27:18 - [TEST_STEP][PASSED] - i = G_Login: null

2022-03-01 15:27:19 - [TEST_STEP][PASSED] - url = new java.net.URL(i): null

2022-03-01 15:27:19 - [TEST_STEP][PASSED] - println("URL: " + url.toString()): null

2022-03-01 15:27:19 - [TEST_STEP][PASSED] - connection = url.openConnection(): null

2022-03-01 15:27:19 - [TEST_STEP][PASSED] - connection.setRequestMethod("GET"): null

2022-03-01 15:27:19 - [TEST_STEP][PASSED] - connection.setReadTimeout(2 * 1000): null

2022-03-01 15:27:19 - [TEST_STEP][PASSED] - try: null

2022-03-01 15:27:19 - [TEST_STEP][PASSED] - connection.connect(): null

2022-03-01 15:27:19 - [TEST_STEP][PASSED] - flag = connected: null

2022-03-01 15:27:19 - [TEST_STEP][PASSED] - println("Valor_ori: " + flag): null

2022-03-01 15:27:19 - [TEST_STEP][PASSED] - if (flag): null

2022-03-01 15:27:19 - [TEST_STEP][PASSED] - navigateToUrl(i): Navigate to 'http://192.168.2.80:8380/saraweb' successfully

2022-03-01 15:27:20 - [MESSAGE][PASSED] - Navigate to 'http://192.168.2.80:8380/saraweb' successfully

2022-03-01 15:27:20 - [TEST_STEP][PASSED] - a(): null

2022-03-01 15:27:20 - [TEST_STEP][PASSED] - setText(findTestObject("Login/input_USUARIO_loginusuario"), G_Usuario): Text 'saraadmin' is set on object 'Object Repository/Login/input_USUARIO_loginusuario'

2022-03-01 15:27:20 - [MESSAGE][PASSED] - Text 'saraadmin' is set on object 'Object Repository/Login/input_USUARIO_loginusuario'

2022-03-01 15:27:20 - [TEST_STEP][PASSED] - setEncryptedText(findTestObject("Login/input_CLAVE_loginpassword"), "MkG4/TYiCFC3cb2driP7+Q=="): Text ****** has been set on object 'Object Repository/Login/input_CLAVE_loginpassword'

2022-03-01 15:27:21 - [MESSAGE][PASSED] - Text ****** has been set on object 'Object Repository/Login/input_CLAVE_loginpassword'

2022-03-01 15:27:21 - [TEST_STEP][PASSED] - waitForElementClickable(findTestObject("Login/a_Ingresar"), G_TimeOut): Object 'Object Repository/Login/a_Ingresar' is clickable

2022-03-01 15:27:21 - [MESSAGE][PASSED] - Object 'Object Repository/Login/a_Ingresar' is clickable

2022-03-01 15:27:21 - [TEST_STEP][PASSED] - click(findTestObject("Login/a_Ingresar")): Object: 'Object Repository/Login/a_Ingresar' is clicked on

2022-03-01 15:27:24 - [MESSAGE][PASSED] - Object: 'Object Repository/Login/a_Ingresar' is clicked on

2022-03-01 15:27:24 - [TEST_STEP][PASSED] - element = findWebElement(findTestObject("Login/a_Ir"), 30): null

2022-03-01 15:27:25 - [TEST_STEP][PASSED] - executeJavaScript("arguments[0].click()", Arrays.asList(element)): Execute JavaScript 'arguments[0].click()' successfully

2022-03-01 15:27:25 - [MESSAGE][PASSED] - Execute JavaScript 'arguments[0].click()' successfully

2022-03-01 15:27:25 - [MESSAGE][PASSED] - Call Test Case 'Test Cases/0.1-Login' successfully

2022-03-01 15:27:25 - [TEST_STEP][PASSED] - setText(findTestObject("Modulo Selección/Crear_un_requerimiento_según_motivo_y_formato/input_Empresa 1_form_templatej_idt24_input"), "requerimiento personal"): Text 'requerimiento personal' is set on object 'Object Repository/Modulo Selección/Crear_un_requerimiento_según_motivo_y_formato/input_Empresa 1_form_templatej_idt24_input'

2022-03-01 15:27:26 - [MESSAGE][PASSED] - Text 'requerimiento personal' is set on object 'Object Repository/Modulo Selección/Crear_un_requerimiento_según_motivo_y_formato/input_Empresa 1_form_templatej_idt24_input'

2022-03-01 15:27:26 - [TEST_STEP][PASSED] - click(findTestObject("Modulo Selección/Crear_un_requerimiento_según_motivo_y_formato/span_Requerimiento Personal")): Object: 'Object Repository/Modulo Selección/Crear_un_requerimiento_según_motivo_y_formato/span_Requerimiento Personal' is clicked on

2022-03-01 15:27:27 - [MESSAGE][PASSED] - Object: 'Object Repository/Modulo Selección/Crear_un_requerimiento_según_motivo_y_formato/span_Requerimiento Personal' is clicked on

2022-03-01 15:27:27 - [TEST_STEP][PASSED] - if (waitForElementVisible(findTestObject("Modulo Selección/Crear_un_requerimiento_según_motivo_y_formato/span_PRUEBA"), 1)): Web element with id: 'Object Repository/Modulo Selección/Crear_un_requerimiento_según_motivo_y_formato/span_PRUEBA' located by '//*/text()[normalize-space(.)='PRUEBA']/parent::*' not found

2022-03-01 15:27:30 - [MESSAGE][INFO] - Unable to find the element located by 'By.xpath: //*/text()[normalize-space(.)='PRUEBA']/parent::*'. Please recheck the objects properties to make sure the desired element is located. 

2022-03-01 15:27:30 - [MESSAGE][WARNING] - Web element with id: 'Object Repository/Modulo Selección/Crear_un_requerimiento_según_motivo_y_formato/span_PRUEBA' located by '//*/text()[normalize-space(.)='PRUEBA']/parent::*' not found

2022-03-01 15:27:30 - [TEST_STEP][PASSED] - else: Object: 'Object Repository/Modulo Selección/Crear_un_requerimiento_según_motivo_y_formato/span_PRUEBA' is clicked on

2022-03-01 15:27:30 - [TEST_STEP][PASSED] - click(findTestObject("Modulo Selección/Crear_un_requerimiento_según_motivo_y_formato/a_2")): Object: 'Object Repository/Modulo Selección/Crear_un_requerimiento_según_motivo_y_formato/a_2' is clicked on

2022-03-01 15:27:30 - [MESSAGE][PASSED] - Object: 'Object Repository/Modulo Selección/Crear_un_requerimiento_según_motivo_y_formato/a_2' is clicked on

2022-03-01 15:27:30 - [TEST_STEP][PASSED] - click(findTestObject("Modulo Selección/Crear_un_requerimiento_según_motivo_y_formato/span_PRUEBA")): Object: 'Object Repository/Modulo Selección/Crear_un_requerimiento_según_motivo_y_formato/span_PRUEBA' is clicked on

2022-03-01 15:27:31 - [MESSAGE][PASSED] - Object: 'Object Repository/Modulo Selección/Crear_un_requerimiento_según_motivo_y_formato/span_PRUEBA' is clicked on

2022-03-01 15:27:31 - [TEST_STEP][PASSED] - if (waitForElementVisible(findTestObject("Modulo Selección/Crear_un_requerimiento_según_motivo_y_formato/a_Modificar Motivo"), 1)): null

2022-03-01 15:27:32 - [MESSAGE][PASSED] - Object 'Object Repository/Modulo Selección/Crear_un_requerimiento_según_motivo_y_formato/a_Modificar Motivo' is visible

2022-03-01 15:27:32 - [TEST_STEP][PASSED] - click(findTestObject("Modulo Selección/Crear_un_requerimiento_según_motivo_y_formato/a_Modificar Motivo")): Object: 'Object Repository/Modulo Selección/Crear_un_requerimiento_según_motivo_y_formato/a_Modificar Motivo' is clicked on

2022-03-01 15:27:32 - [MESSAGE][PASSED] - Object: 'Object Repository/Modulo Selección/Crear_un_requerimiento_según_motivo_y_formato/a_Modificar Motivo' is clicked on

2022-03-01 15:27:32 - [TEST_STEP][PASSED] - selectOptionByIndex(findTestObject("Modulo Selección/Crear_un_requerimiento_según_motivo_y_formato/select_2120 HORAS1240 HORAS0NO DEFINIDO61Pensin Convencional62"), 3): All options with index in [3] are selected on object 'Object Repository/Modulo Selección/Crear_un_requerimiento_según_motivo_y_formato/select_2120 HORAS1240 HORAS0NO DEFINIDO61Pensin Convencional62'

2022-03-01 15:27:34 - [MESSAGE][PASSED] - All options with index in [3] are selected on object 'Object Repository/Modulo Selección/Crear_un_requerimiento_según_motivo_y_formato/select_2120 HORAS1240 HORAS0NO DEFINIDO61Pensin Convencional62'

2022-03-01 15:27:34 - [TEST_STEP][PASSED] - selectOptionByIndex(findTestObject("Modulo Selección/Crear_un_requerimiento_según_motivo_y_formato/select_Tcnico AdministrativoOperativo"), 2): All options with index in [2] are selected on object 'Object Repository/Modulo Selección/Crear_un_requerimiento_según_motivo_y_formato/select_Tcnico AdministrativoOperativo'

2022-03-01 15:27:35 - [MESSAGE][PASSED] - All options with index in [2] are selected on object 'Object Repository/Modulo Selección/Crear_un_requerimiento_según_motivo_y_formato/select_Tcnico AdministrativoOperativo'

2022-03-01 15:27:35 - [TEST_STEP][PASSED] - selectOptionByIndex(findTestObject("Modulo Selección/Crear_un_requerimiento_según_motivo_y_formato/select_1 mes2 meses3 meses6 mesesNo aplicaOtro"), 4): All options with index in [4] are selected on object 'Object Repository/Modulo Selección/Crear_un_requerimiento_según_motivo_y_formato/select_1 mes2 meses3 meses6 mesesNo aplicaOtro'

2022-03-01 15:27:36 - [MESSAGE][PASSED] - All options with index in [4] are selected on object 'Object Repository/Modulo Selección/Crear_un_requerimiento_según_motivo_y_formato/select_1 mes2 meses3 meses6 mesesNo aplicaOtro'

2022-03-01 15:27:36 - [TEST_STEP][PASSED] - setText(findTestObject("Modulo Selección/Crear_un_requerimiento_según_motivo_y_formato/input_Horario_requerimientoPersonalPM_formj_idt11990tablaCamHijo8j_idt1209"), "454"): Text '454' is set on object 'Object Repository/Modulo Selección/Crear_un_requerimiento_según_motivo_y_formato/input_Horario_requerimientoPersonalPM_formj_idt11990tablaCamHijo8j_idt1209'

2022-03-01 15:27:37 - [MESSAGE][PASSED] - Text '454' is set on object 'Object Repository/Modulo Selección/Crear_un_requerimiento_según_motivo_y_formato/input_Horario_requerimientoPersonalPM_formj_idt11990tablaCamHijo8j_idt1209'

2022-03-01 15:27:37 - [TEST_STEP][PASSED] - selectOptionByIndex(findTestObject("Modulo Selección/Crear_un_requerimiento_según_motivo_y_formato/select_1. volumenes de venta2. Carga en volumenes de operacin3"), 3): All options with index in [3] are selected on object 'Object Repository/Modulo Selección/Crear_un_requerimiento_según_motivo_y_formato/select_1. volumenes de venta2. Carga en volumenes de operacin3'

2022-03-01 15:27:38 - [MESSAGE][PASSED] - All options with index in [3] are selected on object 'Object Repository/Modulo Selección/Crear_un_requerimiento_según_motivo_y_formato/select_1. volumenes de venta2. Carga en volumenes de operacin3'

2022-03-01 15:27:38 - [TEST_STEP][PASSED] - selectOptionByIndex(findTestObject("Modulo Selección/Crear_un_requerimiento_según_motivo_y_formato/select_Interna AbiertaInterna CerradaExternaInterna y Externa"), 1): All options with index in [1] are selected on object 'Object Repository/Modulo Selección/Crear_un_requerimiento_según_motivo_y_formato/select_Interna AbiertaInterna CerradaExternaInterna y Externa'

2022-03-01 15:27:39 - [MESSAGE][PASSED] - All options with index in [1] are selected on object 'Object Repository/Modulo Selección/Crear_un_requerimiento_según_motivo_y_formato/select_Interna AbiertaInterna CerradaExternaInterna y Externa'

2022-03-01 15:27:39 - [TEST_STEP][PASSED] - click(findTestObject("Modulo Selección/Crear_un_requerimiento_según_motivo_y_formato/a_Guardar Directo")): Object: 'Object Repository/Modulo Selección/Crear_un_requerimiento_según_motivo_y_formato/a_Guardar Directo' is clicked on

2022-03-01 15:27:40 - [MESSAGE][PASSED] - Object: 'Object Repository/Modulo Selección/Crear_un_requerimiento_según_motivo_y_formato/a_Guardar Directo' is clicked on

2022-03-01 15:27:40 - [TEST_STEP][PASSED] - closeBrowser(): Browser is closed

2022-03-01 15:27:40 - [MESSAGE][PASSED] - Browser is closed]]></system-out>
         <system-err><![CDATA[]]></system-err>
      </testcase>
      <testcase name="Test Cases/10.1-Pruebas_Selección/10.1.2-Flujo_aprobación_requerimiento" time="11.475" classname="Test Cases/10.1-Pruebas_Selección/10.1.2-Flujo_aprobación_requerimiento" status="PASSED">
         <system-out><![CDATA[2022-03-01 15:27:40 - [TEST_CASE][PASSED] - Test Cases/10.1-Pruebas_Selección/10.1.2-Flujo_aprobación_requerimiento: Test Cases/10.1-Pruebas_Selección/10.1.2-Flujo_aprobación_requerimiento

2022-03-01 15:27:41 - [TEST_STEP][PASSED] - callTestCase(findTestCase("0.1-Login"), [:], STOP_ON_FAILURE): Call Test Case 'Test Cases/0.1-Login' successfully

2022-03-01 15:27:41 - [TEST_CASE][PASSED] - Test Cases/0.1-Login: Test Cases/0.1-Login

2022-03-01 15:27:41 - [TEST_STEP][PASSED] - openBrowser(""): Browser is opened with url: ''

2022-03-01 15:27:41 - [MESSAGE][INFO] - Starting 'Chrome' driver

2022-03-01 15:27:41 - [MESSAGE][INFO] - Action delay is set to 0 milliseconds

2022-03-01 15:27:42 - [MESSAGE][PASSED] - Browser is opened with url: ''

2022-03-01 15:27:42 - [TEST_STEP][PASSED] - maximizeWindow(): Current window maximized

2022-03-01 15:27:42 - [MESSAGE][PASSED] - Current window maximized

2022-03-01 15:27:42 - [TEST_STEP][PASSED] - i = G_Login: null

2022-03-01 15:27:42 - [TEST_STEP][PASSED] - url = new java.net.URL(i): null

2022-03-01 15:27:42 - [TEST_STEP][PASSED] - println("URL: " + url.toString()): null

2022-03-01 15:27:42 - [TEST_STEP][PASSED] - connection = url.openConnection(): null

2022-03-01 15:27:42 - [TEST_STEP][PASSED] - connection.setRequestMethod("GET"): null

2022-03-01 15:27:42 - [TEST_STEP][PASSED] - connection.setReadTimeout(2 * 1000): null

2022-03-01 15:27:42 - [TEST_STEP][PASSED] - try: null

2022-03-01 15:27:42 - [TEST_STEP][PASSED] - connection.connect(): null

2022-03-01 15:27:42 - [TEST_STEP][PASSED] - flag = connected: null

2022-03-01 15:27:42 - [TEST_STEP][PASSED] - println("Valor_ori: " + flag): null

2022-03-01 15:27:42 - [TEST_STEP][PASSED] - if (flag): null

2022-03-01 15:27:42 - [TEST_STEP][PASSED] - navigateToUrl(i): Navigate to 'http://192.168.2.80:8380/saraweb' successfully

2022-03-01 15:27:43 - [MESSAGE][PASSED] - Navigate to 'http://192.168.2.80:8380/saraweb' successfully

2022-03-01 15:27:43 - [TEST_STEP][PASSED] - a(): null

2022-03-01 15:27:43 - [TEST_STEP][PASSED] - setText(findTestObject("Login/input_USUARIO_loginusuario"), G_Usuario): Text 'saraadmin' is set on object 'Object Repository/Login/input_USUARIO_loginusuario'

2022-03-01 15:27:44 - [MESSAGE][PASSED] - Text 'saraadmin' is set on object 'Object Repository/Login/input_USUARIO_loginusuario'

2022-03-01 15:27:44 - [TEST_STEP][PASSED] - setEncryptedText(findTestObject("Login/input_CLAVE_loginpassword"), "MkG4/TYiCFC3cb2driP7+Q=="): Text ****** has been set on object 'Object Repository/Login/input_CLAVE_loginpassword'

2022-03-01 15:27:44 - [MESSAGE][PASSED] - Text ****** has been set on object 'Object Repository/Login/input_CLAVE_loginpassword'

2022-03-01 15:27:44 - [TEST_STEP][PASSED] - waitForElementClickable(findTestObject("Login/a_Ingresar"), G_TimeOut): Object 'Object Repository/Login/a_Ingresar' is clickable

2022-03-01 15:27:45 - [MESSAGE][PASSED] - Object 'Object Repository/Login/a_Ingresar' is clickable

2022-03-01 15:27:45 - [TEST_STEP][PASSED] - click(findTestObject("Login/a_Ingresar")): Object: 'Object Repository/Login/a_Ingresar' is clicked on

2022-03-01 15:27:46 - [MESSAGE][PASSED] - Object: 'Object Repository/Login/a_Ingresar' is clicked on

2022-03-01 15:27:46 - [TEST_STEP][PASSED] - element = findWebElement(findTestObject("Login/a_Ir"), 30): null

2022-03-01 15:27:47 - [TEST_STEP][PASSED] - executeJavaScript("arguments[0].click()", Arrays.asList(element)): Execute JavaScript 'arguments[0].click()' successfully

2022-03-01 15:27:47 - [MESSAGE][PASSED] - Execute JavaScript 'arguments[0].click()' successfully

2022-03-01 15:27:47 - [MESSAGE][PASSED] - Call Test Case 'Test Cases/0.1-Login' successfully

2022-03-01 15:27:47 - [TEST_STEP][PASSED] - setText(findTestObject("Modulo Selección/Flujo_aprobación_requerimiento/input_Empresa 1_form_templatej_idt24_input"), "Manejo proceso"): Text 'Manejo proceso' is set on object 'Object Repository/Modulo Selección/Flujo_aprobación_requerimiento/input_Empresa 1_form_templatej_idt24_input'

2022-03-01 15:27:48 - [MESSAGE][PASSED] - Text 'Manejo proceso' is set on object 'Object Repository/Modulo Selección/Flujo_aprobación_requerimiento/input_Empresa 1_form_templatej_idt24_input'

2022-03-01 15:27:48 - [TEST_STEP][PASSED] - click(findTestObject("Modulo Selección/Flujo_aprobación_requerimiento/li_Manejo Proceso (gna)")): Object: 'Object Repository/Modulo Selección/Flujo_aprobación_requerimiento/li_Manejo Proceso (gna)' is clicked on

2022-03-01 15:27:49 - [MESSAGE][PASSED] - Object: 'Object Repository/Modulo Selección/Flujo_aprobación_requerimiento/li_Manejo Proceso (gna)' is clicked on

2022-03-01 15:27:49 - [TEST_STEP][PASSED] - click(findTestObject("Modulo Selección/Flujo_aprobación_requerimiento/a_Requerimiento")): Object: 'Object Repository/Modulo Selección/Flujo_aprobación_requerimiento/a_Requerimiento' is clicked on

2022-03-01 15:27:50 - [MESSAGE][PASSED] - Object: 'Object Repository/Modulo Selección/Flujo_aprobación_requerimiento/a_Requerimiento' is clicked on

2022-03-01 15:27:50 - [TEST_STEP][PASSED] - click(findTestObject("Modulo Selección/Flujo_aprobación_requerimiento/td_MOD1-Requerimiento de personal")): Object: 'Object Repository/Modulo Selección/Flujo_aprobación_requerimiento/td_MOD1-Requerimiento de personal' is clicked on

2022-03-01 15:27:51 - [MESSAGE][PASSED] - Object: 'Object Repository/Modulo Selección/Flujo_aprobación_requerimiento/td_MOD1-Requerimiento de personal' is clicked on

2022-03-01 15:27:51 - [TEST_STEP][PASSED] - closeBrowser(): Browser is closed

2022-03-01 15:27:52 - [MESSAGE][PASSED] - Browser is closed]]></system-out>
         <system-err><![CDATA[]]></system-err>
      </testcase>
      <testcase name="Test Cases/10.1-Pruebas_Selección/10.1.3-Crear_proceso_de_selección_por_BPM" time="41.213" classname="Test Cases/10.1-Pruebas_Selección/10.1.3-Crear_proceso_de_selección_por_BPM" status="PASSED">
         <system-out><![CDATA[2022-03-01 15:27:52 - [TEST_CASE][PASSED] - Test Cases/10.1-Pruebas_Selección/10.1.3-Crear_proceso_de_selección_por_BPM: Test Cases/10.1-Pruebas_Selección/10.1.3-Crear_proceso_de_selección_por_BPM

2022-03-01 15:27:52 - [TEST_STEP][PASSED] - comment("NO SE PUEDE ELIMINAR REGISTROS"): NO SE PUEDE ELIMINAR REGISTROS

2022-03-01 15:27:52 - [MESSAGE][INFO] - NO SE PUEDE ELIMINAR REGISTROS

2022-03-01 15:27:52 - [TEST_STEP][PASSED] - callTestCase(findTestCase("0.1-Login"), [:], STOP_ON_FAILURE): Call Test Case 'Test Cases/0.1-Login' successfully

2022-03-01 15:27:52 - [TEST_CASE][PASSED] - Test Cases/0.1-Login: Test Cases/0.1-Login

2022-03-01 15:27:52 - [TEST_STEP][PASSED] - openBrowser(""): Browser is opened with url: ''

2022-03-01 15:27:52 - [MESSAGE][INFO] - Starting 'Chrome' driver

2022-03-01 15:27:52 - [MESSAGE][INFO] - Action delay is set to 0 milliseconds

2022-03-01 15:27:54 - [MESSAGE][PASSED] - Browser is opened with url: ''

2022-03-01 15:27:54 - [TEST_STEP][PASSED] - maximizeWindow(): Current window maximized

2022-03-01 15:27:54 - [MESSAGE][PASSED] - Current window maximized

2022-03-01 15:27:54 - [TEST_STEP][PASSED] - i = G_Login: null

2022-03-01 15:27:54 - [TEST_STEP][PASSED] - url = new java.net.URL(i): null

2022-03-01 15:27:54 - [TEST_STEP][PASSED] - println("URL: " + url.toString()): null

2022-03-01 15:27:54 - [TEST_STEP][PASSED] - connection = url.openConnection(): null

2022-03-01 15:27:54 - [TEST_STEP][PASSED] - connection.setRequestMethod("GET"): null

2022-03-01 15:27:54 - [TEST_STEP][PASSED] - connection.setReadTimeout(2 * 1000): null

2022-03-01 15:27:54 - [TEST_STEP][PASSED] - try: null

2022-03-01 15:27:54 - [TEST_STEP][PASSED] - connection.connect(): null

2022-03-01 15:27:54 - [TEST_STEP][PASSED] - flag = connected: null

2022-03-01 15:27:54 - [TEST_STEP][PASSED] - println("Valor_ori: " + flag): null

2022-03-01 15:27:54 - [TEST_STEP][PASSED] - if (flag): null

2022-03-01 15:27:54 - [TEST_STEP][PASSED] - navigateToUrl(i): Navigate to 'http://192.168.2.80:8380/saraweb' successfully

2022-03-01 15:27:54 - [MESSAGE][PASSED] - Navigate to 'http://192.168.2.80:8380/saraweb' successfully

2022-03-01 15:27:54 - [TEST_STEP][PASSED] - a(): null

2022-03-01 15:27:54 - [TEST_STEP][PASSED] - setText(findTestObject("Login/input_USUARIO_loginusuario"), G_Usuario): Text 'saraadmin' is set on object 'Object Repository/Login/input_USUARIO_loginusuario'

2022-03-01 15:27:55 - [MESSAGE][PASSED] - Text 'saraadmin' is set on object 'Object Repository/Login/input_USUARIO_loginusuario'

2022-03-01 15:27:55 - [TEST_STEP][PASSED] - setEncryptedText(findTestObject("Login/input_CLAVE_loginpassword"), "MkG4/TYiCFC3cb2driP7+Q=="): Text ****** has been set on object 'Object Repository/Login/input_CLAVE_loginpassword'

2022-03-01 15:27:55 - [MESSAGE][PASSED] - Text ****** has been set on object 'Object Repository/Login/input_CLAVE_loginpassword'

2022-03-01 15:27:55 - [TEST_STEP][PASSED] - waitForElementClickable(findTestObject("Login/a_Ingresar"), G_TimeOut): Object 'Object Repository/Login/a_Ingresar' is clickable

2022-03-01 15:27:56 - [MESSAGE][PASSED] - Object 'Object Repository/Login/a_Ingresar' is clickable

2022-03-01 15:27:56 - [TEST_STEP][PASSED] - click(findTestObject("Login/a_Ingresar")): Object: 'Object Repository/Login/a_Ingresar' is clicked on

2022-03-01 15:27:57 - [MESSAGE][PASSED] - Object: 'Object Repository/Login/a_Ingresar' is clicked on

2022-03-01 15:27:57 - [TEST_STEP][PASSED] - element = findWebElement(findTestObject("Login/a_Ir"), 30): null

2022-03-01 15:27:57 - [TEST_STEP][PASSED] - executeJavaScript("arguments[0].click()", Arrays.asList(element)): Execute JavaScript 'arguments[0].click()' successfully

2022-03-01 15:27:57 - [MESSAGE][PASSED] - Execute JavaScript 'arguments[0].click()' successfully

2022-03-01 15:27:57 - [MESSAGE][PASSED] - Call Test Case 'Test Cases/0.1-Login' successfully

2022-03-01 15:27:57 - [TEST_STEP][PASSED] - setText(findTestObject("Modulo Selección/Crear_proceso_de_selección_por_BPM/input_Empresa 1_form_templatej_idt24_input"), "proceso de seleccion"): Text 'proceso de seleccion' is set on object 'Object Repository/Modulo Selección/Crear_proceso_de_selección_por_BPM/input_Empresa 1_form_templatej_idt24_input'

2022-03-01 15:27:58 - [MESSAGE][PASSED] - Text 'proceso de seleccion' is set on object 'Object Repository/Modulo Selección/Crear_proceso_de_selección_por_BPM/input_Empresa 1_form_templatej_idt24_input'

2022-03-01 15:27:58 - [TEST_STEP][PASSED] - click(findTestObject("Modulo Selección/Crear_proceso_de_selección_por_BPM/span_Proceso de Sele")): Object: 'Object Repository/Modulo Selección/Crear_proceso_de_selección_por_BPM/span_Proceso de Sele' is clicked on

2022-03-01 15:28:00 - [MESSAGE][PASSED] - Object: 'Object Repository/Modulo Selección/Crear_proceso_de_selección_por_BPM/span_Proceso de Sele' is clicked on

2022-03-01 15:28:00 - [TEST_STEP][PASSED] - setText(findTestObject("Modulo Selección/Crear_proceso_de_selección_por_BPM/input_Fecha Inicial_filtro_procesoseleccionfechaps_input"), "29/06/2017"): Text '29/06/2017' is set on object 'Object Repository/Modulo Selección/Crear_proceso_de_selección_por_BPM/input_Fecha Inicial_filtro_procesoseleccionfechaps_input'

2022-03-01 15:28:03 - [MESSAGE][PASSED] - Text '29/06/2017' is set on object 'Object Repository/Modulo Selección/Crear_proceso_de_selección_por_BPM/input_Fecha Inicial_filtro_procesoseleccionfechaps_input'

2022-03-01 15:28:03 - [TEST_STEP][PASSED] - setText(findTestObject("Modulo Selección/Crear_proceso_de_selección_por_BPM/input_Fecha Final_filtro_procesoseleccionfechaps1_input"), "10/07/2017"): Text '10/07/2017' is set on object 'Object Repository/Modulo Selección/Crear_proceso_de_selección_por_BPM/input_Fecha Final_filtro_procesoseleccionfechaps1_input'

2022-03-01 15:28:04 - [MESSAGE][PASSED] - Text '10/07/2017' is set on object 'Object Repository/Modulo Selección/Crear_proceso_de_selección_por_BPM/input_Fecha Final_filtro_procesoseleccionfechaps1_input'

2022-03-01 15:28:04 - [TEST_STEP][PASSED] - if (waitForElementVisible(findTestObject("Modulo Selección/Crear_proceso_de_selección_por_BPM/td_8028     - Analista De Sistemas"), 1)): null

2022-03-01 15:28:04 - [MESSAGE][PASSED] - Object 'Object Repository/Modulo Selección/Crear_proceso_de_selección_por_BPM/td_8028     - Analista De Sistemas' is visible

2022-03-01 15:28:04 - [TEST_STEP][PASSED] - waitForElementVisible(findTestObject("Modulo Selección/Crear_proceso_de_selección_por_BPM/td_8028     - Analista De Sistemas"), 0): Object 'Object Repository/Modulo Selección/Crear_proceso_de_selección_por_BPM/td_8028     - Analista De Sistemas' is visible

2022-03-01 15:28:04 - [MESSAGE][WARNING] - Timeout '0' is invalid. Using default page load timeout: '30'

2022-03-01 15:28:04 - [MESSAGE][PASSED] - Object 'Object Repository/Modulo Selección/Crear_proceso_de_selección_por_BPM/td_8028     - Analista De Sistemas' is visible

2022-03-01 15:28:04 - [TEST_STEP][PASSED] - click(findTestObject("Modulo Selección/Crear_proceso_de_selección_por_BPM/td_8028     - Analista De Sistemas")): Object: 'Object Repository/Modulo Selección/Crear_proceso_de_selección_por_BPM/td_8028     - Analista De Sistemas' is clicked on

2022-03-01 15:28:05 - [MESSAGE][PASSED] - Object: 'Object Repository/Modulo Selección/Crear_proceso_de_selección_por_BPM/td_8028     - Analista De Sistemas' is clicked on

2022-03-01 15:28:05 - [TEST_STEP][PASSED] - click(findTestObject("Modulo Selección/Crear_proceso_de_selección_por_BPM/a_Etapa")): Object: 'Object Repository/Modulo Selección/Crear_proceso_de_selección_por_BPM/a_Etapa' is clicked on

2022-03-01 15:28:07 - [MESSAGE][PASSED] - Object: 'Object Repository/Modulo Selección/Crear_proceso_de_selección_por_BPM/a_Etapa' is clicked on

2022-03-01 15:28:07 - [TEST_STEP][PASSED] - if (waitForElementVisible(findTestObject("Modulo Selección/Crear_proceso_de_selección_por_BPM/td_PRUEBA"), 1)): null

2022-03-01 15:28:08 - [MESSAGE][PASSED] - Object 'Object Repository/Modulo Selección/Crear_proceso_de_selección_por_BPM/td_PRUEBA' is visible

2022-03-01 15:28:08 - [TEST_STEP][PASSED] - click(findTestObject("Modulo Selección/Crear_proceso_de_selección_por_BPM/td_PRUEBA")): Object: 'Object Repository/Modulo Selección/Crear_proceso_de_selección_por_BPM/td_PRUEBA' is clicked on

2022-03-01 15:28:08 - [MESSAGE][PASSED] - Object: 'Object Repository/Modulo Selección/Crear_proceso_de_selección_por_BPM/td_PRUEBA' is clicked on

2022-03-01 15:28:08 - [TEST_STEP][PASSED] - click(findTestObject("Modulo Selección/Crear_proceso_de_selección_por_BPM/a_Eliminar")): Object: 'Object Repository/Modulo Selección/Crear_proceso_de_selección_por_BPM/a_Eliminar' is clicked on

2022-03-01 15:28:09 - [MESSAGE][PASSED] - Object: 'Object Repository/Modulo Selección/Crear_proceso_de_selección_por_BPM/a_Eliminar' is clicked on

2022-03-01 15:28:09 - [TEST_STEP][PASSED] - click(findTestObject("Modulo Selección/Crear_proceso_de_selección_por_BPM/span_Si")): Object: 'Object Repository/Modulo Selección/Crear_proceso_de_selección_por_BPM/span_Si' is clicked on

2022-03-01 15:28:09 - [MESSAGE][PASSED] - Object: 'Object Repository/Modulo Selección/Crear_proceso_de_selección_por_BPM/span_Si' is clicked on

2022-03-01 15:28:09 - [TEST_STEP][PASSED] - click(findTestObject("Modulo Selección/Crear_proceso_de_selección_por_BPM/a_Nuevo1")): Object: 'Object Repository/Modulo Selección/Crear_proceso_de_selección_por_BPM/a_Nuevo1' is clicked on

2022-03-01 15:28:10 - [MESSAGE][PASSED] - Object: 'Object Repository/Modulo Selección/Crear_proceso_de_selección_por_BPM/a_Nuevo1' is clicked on

2022-03-01 15:28:10 - [TEST_STEP][PASSED] - selectOptionByIndex(findTestObject("Modulo Selección/Crear_proceso_de_selección_por_BPM/select_--Seleccione--Ajuste al cargoContacto"), 9): All options with index in [9] are selected on object 'Object Repository/Modulo Selección/Crear_proceso_de_selección_por_BPM/select_--Seleccione--Ajuste al cargoContacto'

2022-03-01 15:28:12 - [MESSAGE][PASSED] - All options with index in [9] are selected on object 'Object Repository/Modulo Selección/Crear_proceso_de_selección_por_BPM/select_--Seleccione--Ajuste al cargoContacto'

2022-03-01 15:28:12 - [TEST_STEP][PASSED] - setText(findTestObject("Modulo Selección/Crear_proceso_de_selección_por_BPM/input_Nmero_popupEtapaSeleccion_formorden"), "11"): Text '11' is set on object 'Object Repository/Modulo Selección/Crear_proceso_de_selección_por_BPM/input_Nmero_popupEtapaSeleccion_formorden'

2022-03-01 15:28:13 - [MESSAGE][PASSED] - Text '11' is set on object 'Object Repository/Modulo Selección/Crear_proceso_de_selección_por_BPM/input_Nmero_popupEtapaSeleccion_formorden'

2022-03-01 15:28:13 - [TEST_STEP][PASSED] - click(findTestObject("Modulo Selección/Crear_proceso_de_selección_por_BPM/div_INFORME FINAL_ui-chkbox-box ui-widget ui-corner-all ui-state-default ui-state-hover1")): Object: 'Object Repository/Modulo Selección/Crear_proceso_de_selección_por_BPM/div_INFORME FINAL_ui-chkbox-box ui-widget ui-corner-all ui-state-default ui-state-hover1' is clicked on

2022-03-01 15:28:14 - [MESSAGE][PASSED] - Object: 'Object Repository/Modulo Selección/Crear_proceso_de_selección_por_BPM/div_INFORME FINAL_ui-chkbox-box ui-widget ui-corner-all ui-state-default ui-state-hover1' is clicked on

2022-03-01 15:28:14 - [TEST_STEP][PASSED] - selectOptionByIndex(findTestObject("Modulo Selección/Crear_proceso_de_selección_por_BPM/select_SeleccioneClasificatoriaEliminatoriaNo Aplica"), 3): All options with index in [3] are selected on object 'Object Repository/Modulo Selección/Crear_proceso_de_selección_por_BPM/select_SeleccioneClasificatoriaEliminatoriaNo Aplica'

2022-03-01 15:28:15 - [MESSAGE][PASSED] - All options with index in [3] are selected on object 'Object Repository/Modulo Selección/Crear_proceso_de_selección_por_BPM/select_SeleccioneClasificatoriaEliminatoriaNo Aplica'

2022-03-01 15:28:15 - [TEST_STEP][PASSED] - setText(findTestObject("Modulo Selección/Crear_proceso_de_selección_por_BPM/input_Evaluacin Artstica_popupEtapaSeleccion_formtabla1peso"), "15"): Text '15' is set on object 'Object Repository/Modulo Selección/Crear_proceso_de_selección_por_BPM/input_Evaluacin Artstica_popupEtapaSeleccion_formtabla1peso'

2022-03-01 15:28:16 - [MESSAGE][PASSED] - Text '15' is set on object 'Object Repository/Modulo Selección/Crear_proceso_de_selección_por_BPM/input_Evaluacin Artstica_popupEtapaSeleccion_formtabla1peso'

2022-03-01 15:28:16 - [TEST_STEP][PASSED] - setText(findTestObject("Modulo Selección/Crear_proceso_de_selección_por_BPM/input_Evaluacin Artstica_popupEtapaSeleccion_formtabla1minimo"), "3"): Text '3' is set on object 'Object Repository/Modulo Selección/Crear_proceso_de_selección_por_BPM/input_Evaluacin Artstica_popupEtapaSeleccion_formtabla1minimo'

2022-03-01 15:28:16 - [MESSAGE][PASSED] - Text '3' is set on object 'Object Repository/Modulo Selección/Crear_proceso_de_selección_por_BPM/input_Evaluacin Artstica_popupEtapaSeleccion_formtabla1minimo'

2022-03-01 15:28:16 - [TEST_STEP][PASSED] - setText(findTestObject("Modulo Selección/Crear_proceso_de_selección_por_BPM/input_Evaluacin Artstica_popupEtapaSeleccion_formtabla1maximo"), "10"): Text '10' is set on object 'Object Repository/Modulo Selección/Crear_proceso_de_selección_por_BPM/input_Evaluacin Artstica_popupEtapaSeleccion_formtabla1maximo'

2022-03-01 15:28:17 - [MESSAGE][PASSED] - Text '10' is set on object 'Object Repository/Modulo Selección/Crear_proceso_de_selección_por_BPM/input_Evaluacin Artstica_popupEtapaSeleccion_formtabla1maximo'

2022-03-01 15:28:17 - [TEST_STEP][PASSED] - click(findTestObject("Modulo Selección/Crear_proceso_de_selección_por_BPM/a_Guardar1")): Object: 'Object Repository/Modulo Selección/Crear_proceso_de_selección_por_BPM/a_Guardar1' is clicked on

2022-03-01 15:28:17 - [MESSAGE][PASSED] - Object: 'Object Repository/Modulo Selección/Crear_proceso_de_selección_por_BPM/a_Guardar1' is clicked on

2022-03-01 15:28:17 - [TEST_STEP][PASSED] - click(findTestObject("Modulo Selección/Crear_proceso_de_selección_por_BPM/a_Medio")): Object: 'Object Repository/Modulo Selección/Crear_proceso_de_selección_por_BPM/a_Medio' is clicked on

2022-03-01 15:28:19 - [MESSAGE][PASSED] - Object: 'Object Repository/Modulo Selección/Crear_proceso_de_selección_por_BPM/a_Medio' is clicked on

2022-03-01 15:28:19 - [TEST_STEP][PASSED] - if (waitForElementVisible(findTestObject("Modulo Selección/Crear_proceso_de_selección_por_BPM/td_Evaluacin Artstica"), 1)): null

2022-03-01 15:28:20 - [MESSAGE][PASSED] - Object 'Object Repository/Modulo Selección/Crear_proceso_de_selección_por_BPM/td_Evaluacin Artstica' is visible

2022-03-01 15:28:20 - [TEST_STEP][PASSED] - click(findTestObject("Modulo Selección/Crear_proceso_de_selección_por_BPM/td_Evaluacin Artstica")): Object: 'Object Repository/Modulo Selección/Crear_proceso_de_selección_por_BPM/td_Evaluacin Artstica' is clicked on

2022-03-01 15:28:20 - [MESSAGE][PASSED] - Object: 'Object Repository/Modulo Selección/Crear_proceso_de_selección_por_BPM/td_Evaluacin Artstica' is clicked on

2022-03-01 15:28:20 - [TEST_STEP][PASSED] - click(findTestObject("Modulo Selección/Crear_proceso_de_selección_por_BPM/a_Eliminar2")): Object: 'Object Repository/Modulo Selección/Crear_proceso_de_selección_por_BPM/a_Eliminar2' is clicked on

2022-03-01 15:28:22 - [MESSAGE][PASSED] - Object: 'Object Repository/Modulo Selección/Crear_proceso_de_selección_por_BPM/a_Eliminar2' is clicked on

2022-03-01 15:28:22 - [TEST_STEP][PASSED] - click(findTestObject("Modulo Selección/Crear_proceso_de_selección_por_BPM/span_Si")): Object: 'Object Repository/Modulo Selección/Crear_proceso_de_selección_por_BPM/span_Si' is clicked on

2022-03-01 15:28:22 - [MESSAGE][PASSED] - Object: 'Object Repository/Modulo Selección/Crear_proceso_de_selección_por_BPM/span_Si' is clicked on

2022-03-01 15:28:22 - [TEST_STEP][PASSED] - click(findTestObject("Modulo Selección/Crear_proceso_de_selección_por_BPM/a_Nuevo")): Object: 'Object Repository/Modulo Selección/Crear_proceso_de_selección_por_BPM/a_Nuevo' is clicked on

2022-03-01 15:28:23 - [MESSAGE][PASSED] - Object: 'Object Repository/Modulo Selección/Crear_proceso_de_selección_por_BPM/a_Nuevo' is clicked on

2022-03-01 15:28:23 - [TEST_STEP][PASSED] - selectOptionByIndex(findTestObject("Modulo Selección/Crear_proceso_de_selección_por_BPM/select_--Seleccione--Evaluacin ArtsticaINFORME FINAL"), 1): All options with index in [1] are selected on object 'Object Repository/Modulo Selección/Crear_proceso_de_selección_por_BPM/select_--Seleccione--Evaluacin ArtsticaINFORME FINAL'

2022-03-01 15:28:25 - [MESSAGE][PASSED] - All options with index in [1] are selected on object 'Object Repository/Modulo Selección/Crear_proceso_de_selección_por_BPM/select_--Seleccione--Evaluacin ArtsticaINFORME FINAL'

2022-03-01 15:28:25 - [TEST_STEP][PASSED] - selectOptionByIndex(findTestObject("Modulo Selección/Crear_proceso_de_selección_por_BPM/select_--Seleccione--ClasificatoriaEliminatoriaNo Aplica"), 3): All options with index in [3] are selected on object 'Object Repository/Modulo Selección/Crear_proceso_de_selección_por_BPM/select_--Seleccione--ClasificatoriaEliminatoriaNo Aplica'

2022-03-01 15:28:26 - [MESSAGE][PASSED] - All options with index in [3] are selected on object 'Object Repository/Modulo Selección/Crear_proceso_de_selección_por_BPM/select_--Seleccione--ClasificatoriaEliminatoriaNo Aplica'

2022-03-01 15:28:26 - [TEST_STEP][PASSED] - setText(findTestObject("Modulo Selección/Crear_proceso_de_selección_por_BPM/input_Peso_popupMedioSeleccion_formpeso"), "10"): Text '10' is set on object 'Object Repository/Modulo Selección/Crear_proceso_de_selección_por_BPM/input_Peso_popupMedioSeleccion_formpeso'

2022-03-01 15:28:26 - [MESSAGE][PASSED] - Text '10' is set on object 'Object Repository/Modulo Selección/Crear_proceso_de_selección_por_BPM/input_Peso_popupMedioSeleccion_formpeso'

2022-03-01 15:28:26 - [TEST_STEP][PASSED] - setText(findTestObject("Modulo Selección/Crear_proceso_de_selección_por_BPM/input_Mnimo_popupMedioSeleccion_formminimo"), "3"): Text '3' is set on object 'Object Repository/Modulo Selección/Crear_proceso_de_selección_por_BPM/input_Mnimo_popupMedioSeleccion_formminimo'

2022-03-01 15:28:27 - [MESSAGE][PASSED] - Text '3' is set on object 'Object Repository/Modulo Selección/Crear_proceso_de_selección_por_BPM/input_Mnimo_popupMedioSeleccion_formminimo'

2022-03-01 15:28:27 - [TEST_STEP][PASSED] - setText(findTestObject("Modulo Selección/Crear_proceso_de_selección_por_BPM/input_Mximo_popupMedioSeleccion_formmaximo"), "10"): Text '10' is set on object 'Object Repository/Modulo Selección/Crear_proceso_de_selección_por_BPM/input_Mximo_popupMedioSeleccion_formmaximo'

2022-03-01 15:28:28 - [MESSAGE][PASSED] - Text '10' is set on object 'Object Repository/Modulo Selección/Crear_proceso_de_selección_por_BPM/input_Mximo_popupMedioSeleccion_formmaximo'

2022-03-01 15:28:28 - [TEST_STEP][PASSED] - click(findTestObject("Modulo Selección/Crear_proceso_de_selección_por_BPM/a_Guardar2")): Object: 'Object Repository/Modulo Selección/Crear_proceso_de_selección_por_BPM/a_Guardar2' is clicked on

2022-03-01 15:28:28 - [MESSAGE][PASSED] - Object: 'Object Repository/Modulo Selección/Crear_proceso_de_selección_por_BPM/a_Guardar2' is clicked on

2022-03-01 15:28:28 - [TEST_STEP][PASSED] - delay(4): Delayed 4 second(s)

2022-03-01 15:28:32 - [MESSAGE][PASSED] - Delayed 4 second(s)

2022-03-01 15:28:32 - [TEST_STEP][PASSED] - closeBrowser(): Browser is closed

2022-03-01 15:28:33 - [MESSAGE][PASSED] - Browser is closed]]></system-out>
         <system-err><![CDATA[]]></system-err>
      </testcase>
      <testcase name="Test Cases/10.1-Pruebas_Selección/10.1.7-Buscar_hoja_de_vida" time="16.47" classname="Test Cases/10.1-Pruebas_Selección/10.1.7-Buscar_hoja_de_vida" status="PASSED">
         <system-out><![CDATA[2022-03-01 15:28:33 - [TEST_CASE][PASSED] - Test Cases/10.1-Pruebas_Selección/10.1.7-Buscar_hoja_de_vida: Test Cases/10.1-Pruebas_Selección/10.1.7-Buscar_hoja_de_vida

2022-03-01 15:28:33 - [TEST_STEP][PASSED] - callTestCase(findTestCase("0.1-Login"), [:], STOP_ON_FAILURE): Call Test Case 'Test Cases/0.1-Login' successfully

2022-03-01 15:28:34 - [TEST_CASE][PASSED] - Test Cases/0.1-Login: Test Cases/0.1-Login

2022-03-01 15:28:34 - [TEST_STEP][PASSED] - openBrowser(""): Browser is opened with url: ''

2022-03-01 15:28:34 - [MESSAGE][INFO] - Starting 'Chrome' driver

2022-03-01 15:28:34 - [MESSAGE][INFO] - Action delay is set to 0 milliseconds

2022-03-01 15:28:35 - [MESSAGE][PASSED] - Browser is opened with url: ''

2022-03-01 15:28:35 - [TEST_STEP][PASSED] - maximizeWindow(): Current window maximized

2022-03-01 15:28:35 - [MESSAGE][PASSED] - Current window maximized

2022-03-01 15:28:35 - [TEST_STEP][PASSED] - i = G_Login: null

2022-03-01 15:28:35 - [TEST_STEP][PASSED] - url = new java.net.URL(i): null

2022-03-01 15:28:35 - [TEST_STEP][PASSED] - println("URL: " + url.toString()): null

2022-03-01 15:28:35 - [TEST_STEP][PASSED] - connection = url.openConnection(): null

2022-03-01 15:28:35 - [TEST_STEP][PASSED] - connection.setRequestMethod("GET"): null

2022-03-01 15:28:35 - [TEST_STEP][PASSED] - connection.setReadTimeout(2 * 1000): null

2022-03-01 15:28:35 - [TEST_STEP][PASSED] - try: null

2022-03-01 15:28:35 - [TEST_STEP][PASSED] - connection.connect(): null

2022-03-01 15:28:35 - [TEST_STEP][PASSED] - flag = connected: null

2022-03-01 15:28:35 - [TEST_STEP][PASSED] - println("Valor_ori: " + flag): null

2022-03-01 15:28:35 - [TEST_STEP][PASSED] - if (flag): null

2022-03-01 15:28:35 - [TEST_STEP][PASSED] - navigateToUrl(i): Navigate to 'http://192.168.2.80:8380/saraweb' successfully

2022-03-01 15:28:35 - [MESSAGE][PASSED] - Navigate to 'http://192.168.2.80:8380/saraweb' successfully

2022-03-01 15:28:35 - [TEST_STEP][PASSED] - a(): null

2022-03-01 15:28:35 - [TEST_STEP][PASSED] - setText(findTestObject("Login/input_USUARIO_loginusuario"), G_Usuario): Text 'saraadmin' is set on object 'Object Repository/Login/input_USUARIO_loginusuario'

2022-03-01 15:28:36 - [MESSAGE][PASSED] - Text 'saraadmin' is set on object 'Object Repository/Login/input_USUARIO_loginusuario'

2022-03-01 15:28:36 - [TEST_STEP][PASSED] - setEncryptedText(findTestObject("Login/input_CLAVE_loginpassword"), "MkG4/TYiCFC3cb2driP7+Q=="): Text ****** has been set on object 'Object Repository/Login/input_CLAVE_loginpassword'

2022-03-01 15:28:37 - [MESSAGE][PASSED] - Text ****** has been set on object 'Object Repository/Login/input_CLAVE_loginpassword'

2022-03-01 15:28:37 - [TEST_STEP][PASSED] - waitForElementClickable(findTestObject("Login/a_Ingresar"), G_TimeOut): Object 'Object Repository/Login/a_Ingresar' is clickable

2022-03-01 15:28:37 - [MESSAGE][PASSED] - Object 'Object Repository/Login/a_Ingresar' is clickable

2022-03-01 15:28:37 - [TEST_STEP][PASSED] - click(findTestObject("Login/a_Ingresar")): Object: 'Object Repository/Login/a_Ingresar' is clicked on

2022-03-01 15:28:39 - [MESSAGE][PASSED] - Object: 'Object Repository/Login/a_Ingresar' is clicked on

2022-03-01 15:28:39 - [TEST_STEP][PASSED] - element = findWebElement(findTestObject("Login/a_Ir"), 30): null

2022-03-01 15:28:40 - [TEST_STEP][PASSED] - executeJavaScript("arguments[0].click()", Arrays.asList(element)): Execute JavaScript 'arguments[0].click()' successfully

2022-03-01 15:28:40 - [MESSAGE][PASSED] - Execute JavaScript 'arguments[0].click()' successfully

2022-03-01 15:28:40 - [MESSAGE][PASSED] - Call Test Case 'Test Cases/0.1-Login' successfully

2022-03-01 15:28:40 - [TEST_STEP][PASSED] - setText(findTestObject("Modulo Selección/Buscar_hoja_de_vida/input_Empresa 1_form_templatej_idt24_input"), "Buscador Hoja vida"): Text 'Buscador Hoja vida' is set on object 'Object Repository/Modulo Selección/Buscar_hoja_de_vida/input_Empresa 1_form_templatej_idt24_input'

2022-03-01 15:28:41 - [MESSAGE][PASSED] - Text 'Buscador Hoja vida' is set on object 'Object Repository/Modulo Selección/Buscar_hoja_de_vida/input_Empresa 1_form_templatej_idt24_input'

2022-03-01 15:28:41 - [TEST_STEP][PASSED] - click(findTestObject("Modulo Selección/Buscar_hoja_de_vida/li_Buscador Hoja Vida (hoj)")): Object: 'Object Repository/Modulo Selección/Buscar_hoja_de_vida/li_Buscador Hoja Vida (hoj)' is clicked on

2022-03-01 15:28:42 - [MESSAGE][PASSED] - Object: 'Object Repository/Modulo Selección/Buscar_hoja_de_vida/li_Buscador Hoja Vida (hoj)' is clicked on

2022-03-01 15:28:42 - [TEST_STEP][PASSED] - click(findTestObject("Modulo Selección/Buscar_hoja_de_vida/label_Las hojas de vidas de los empleados")): Object: 'Object Repository/Modulo Selección/Buscar_hoja_de_vida/label_Las hojas de vidas de los empleados' is clicked on

2022-03-01 15:28:43 - [MESSAGE][PASSED] - Object: 'Object Repository/Modulo Selección/Buscar_hoja_de_vida/label_Las hojas de vidas de los empleados' is clicked on

2022-03-01 15:28:43 - [TEST_STEP][PASSED] - click(findTestObject("Modulo Selección/Buscar_hoja_de_vida/label_Las hojas de vida que cumplan con el perfil de una cargo")): Object: 'Object Repository/Modulo Selección/Buscar_hoja_de_vida/label_Las hojas de vida que cumplan con el perfil de una cargo' is clicked on

2022-03-01 15:28:44 - [MESSAGE][PASSED] - Object: 'Object Repository/Modulo Selección/Buscar_hoja_de_vida/label_Las hojas de vida que cumplan con el perfil de una cargo' is clicked on

2022-03-01 15:28:44 - [TEST_STEP][PASSED] - selectOptionByIndex(findTestObject("Modulo Selección/Buscar_hoja_de_vida/select_CALIDADMENSUAL ABCMODELO EMPRESA QUINCENAL"), 1): All options with index in [1] are selected on object 'Object Repository/Modulo Selección/Buscar_hoja_de_vida/select_CALIDADMENSUAL ABCMODELO EMPRESA QUINCENAL'

2022-03-01 15:28:45 - [MESSAGE][PASSED] - All options with index in [1] are selected on object 'Object Repository/Modulo Selección/Buscar_hoja_de_vida/select_CALIDADMENSUAL ABCMODELO EMPRESA QUINCENAL'

2022-03-01 15:28:45 - [TEST_STEP][PASSED] - selectOptionByIndex(findTestObject("Modulo Selección/Buscar_hoja_de_vida/select_1111123456ADMINISTRACIONADMINISTRACIONAnalista QA"), 8): All options with index in [8] are selected on object 'Object Repository/Modulo Selección/Buscar_hoja_de_vida/select_1111123456ADMINISTRACIONADMINISTRACIONAnalista QA'

2022-03-01 15:28:47 - [MESSAGE][PASSED] - All options with index in [8] are selected on object 'Object Repository/Modulo Selección/Buscar_hoja_de_vida/select_1111123456ADMINISTRACIONADMINISTRACIONAnalista QA'

2022-03-01 15:28:47 - [TEST_STEP][PASSED] - selectOptionByIndex(findTestObject("Modulo Selección/Buscar_hoja_de_vida/select_20061    - ANALISTA DE MARKETING20139    - ABOGADO20156    - ANALISTA CONTABLE"), 1): All options with index in [1] are selected on object 'Object Repository/Modulo Selección/Buscar_hoja_de_vida/select_20061    - ANALISTA DE MARKETING20139    - ABOGADO20156    - ANALISTA CONTABLE'

2022-03-01 15:28:48 - [MESSAGE][PASSED] - All options with index in [1] are selected on object 'Object Repository/Modulo Selección/Buscar_hoja_de_vida/select_20061    - ANALISTA DE MARKETING20139    - ABOGADO20156    - ANALISTA CONTABLE'

2022-03-01 15:28:48 - [TEST_STEP][PASSED] - click(findTestObject("Modulo Selección/Buscar_hoja_de_vida/a_Aplicar")): Object: 'Object Repository/Modulo Selección/Buscar_hoja_de_vida/a_Aplicar' is clicked on

2022-03-01 15:28:49 - [MESSAGE][PASSED] - Object: 'Object Repository/Modulo Selección/Buscar_hoja_de_vida/a_Aplicar' is clicked on

2022-03-01 15:28:49 - [TEST_STEP][PASSED] - closeBrowser(): Browser is closed

2022-03-01 15:28:50 - [MESSAGE][PASSED] - Browser is closed]]></system-out>
         <system-err><![CDATA[]]></system-err>
      </testcase>
      <testcase name="Test Cases/10.1-Pruebas_Selección/10.1.8-Buscar_hoja_de_vida_externa" time="38.398" classname="Test Cases/10.1-Pruebas_Selección/10.1.8-Buscar_hoja_de_vida_externa" status="PASSED">
         <system-out><![CDATA[2022-03-01 15:28:50 - [TEST_CASE][PASSED] - Test Cases/10.1-Pruebas_Selección/10.1.8-Buscar_hoja_de_vida_externa: Test Cases/10.1-Pruebas_Selección/10.1.8-Buscar_hoja_de_vida_externa

2022-03-01 15:28:50 - [TEST_STEP][PASSED] - callTestCase(findTestCase("0.1-Login"), [:], STOP_ON_FAILURE): Call Test Case 'Test Cases/0.1-Login' successfully

2022-03-01 15:28:50 - [TEST_CASE][PASSED] - Test Cases/0.1-Login: Test Cases/0.1-Login

2022-03-01 15:28:50 - [TEST_STEP][PASSED] - openBrowser(""): Browser is opened with url: ''

2022-03-01 15:28:50 - [MESSAGE][INFO] - Starting 'Chrome' driver

2022-03-01 15:28:50 - [MESSAGE][INFO] - Action delay is set to 0 milliseconds

2022-03-01 15:28:51 - [MESSAGE][PASSED] - Browser is opened with url: ''

2022-03-01 15:28:51 - [TEST_STEP][PASSED] - maximizeWindow(): Current window maximized

2022-03-01 15:28:51 - [MESSAGE][PASSED] - Current window maximized

2022-03-01 15:28:51 - [TEST_STEP][PASSED] - i = G_Login: null

2022-03-01 15:28:51 - [TEST_STEP][PASSED] - url = new java.net.URL(i): null

2022-03-01 15:28:51 - [TEST_STEP][PASSED] - println("URL: " + url.toString()): null

2022-03-01 15:28:51 - [TEST_STEP][PASSED] - connection = url.openConnection(): null

2022-03-01 15:28:51 - [TEST_STEP][PASSED] - connection.setRequestMethod("GET"): null

2022-03-01 15:28:51 - [TEST_STEP][PASSED] - connection.setReadTimeout(2 * 1000): null

2022-03-01 15:28:51 - [TEST_STEP][PASSED] - try: null

2022-03-01 15:28:51 - [TEST_STEP][PASSED] - connection.connect(): null

2022-03-01 15:28:51 - [TEST_STEP][PASSED] - flag = connected: null

2022-03-01 15:28:51 - [TEST_STEP][PASSED] - println("Valor_ori: " + flag): null

2022-03-01 15:28:51 - [TEST_STEP][PASSED] - if (flag): null

2022-03-01 15:28:51 - [TEST_STEP][PASSED] - navigateToUrl(i): Navigate to 'http://192.168.2.80:8380/saraweb' successfully

2022-03-01 15:28:52 - [MESSAGE][PASSED] - Navigate to 'http://192.168.2.80:8380/saraweb' successfully

2022-03-01 15:28:52 - [TEST_STEP][PASSED] - a(): null

2022-03-01 15:28:52 - [TEST_STEP][PASSED] - setText(findTestObject("Login/input_USUARIO_loginusuario"), G_Usuario): Text 'saraadmin' is set on object 'Object Repository/Login/input_USUARIO_loginusuario'

2022-03-01 15:28:53 - [MESSAGE][PASSED] - Text 'saraadmin' is set on object 'Object Repository/Login/input_USUARIO_loginusuario'

2022-03-01 15:28:53 - [TEST_STEP][PASSED] - setEncryptedText(findTestObject("Login/input_CLAVE_loginpassword"), "MkG4/TYiCFC3cb2driP7+Q=="): Text ****** has been set on object 'Object Repository/Login/input_CLAVE_loginpassword'

2022-03-01 15:28:53 - [MESSAGE][PASSED] - Text ****** has been set on object 'Object Repository/Login/input_CLAVE_loginpassword'

2022-03-01 15:28:53 - [TEST_STEP][PASSED] - waitForElementClickable(findTestObject("Login/a_Ingresar"), G_TimeOut): Object 'Object Repository/Login/a_Ingresar' is clickable

2022-03-01 15:28:53 - [MESSAGE][PASSED] - Object 'Object Repository/Login/a_Ingresar' is clickable

2022-03-01 15:28:53 - [TEST_STEP][PASSED] - click(findTestObject("Login/a_Ingresar")): Object: 'Object Repository/Login/a_Ingresar' is clicked on

2022-03-01 15:28:55 - [MESSAGE][PASSED] - Object: 'Object Repository/Login/a_Ingresar' is clicked on

2022-03-01 15:28:55 - [TEST_STEP][PASSED] - element = findWebElement(findTestObject("Login/a_Ir"), 30): null

2022-03-01 15:28:56 - [TEST_STEP][PASSED] - executeJavaScript("arguments[0].click()", Arrays.asList(element)): Execute JavaScript 'arguments[0].click()' successfully

2022-03-01 15:28:56 - [MESSAGE][PASSED] - Execute JavaScript 'arguments[0].click()' successfully

2022-03-01 15:28:56 - [MESSAGE][PASSED] - Call Test Case 'Test Cases/0.1-Login' successfully

2022-03-01 15:28:56 - [TEST_STEP][PASSED] - setText(findTestObject("Modulo Selección/Buscar_hoja_de_vida_externa/input_Empresa 1_form_templatej_idt24_input"), "Buscador Hoja Vida Externa"): Text 'Buscador Hoja Vida Externa' is set on object 'Object Repository/Modulo Selección/Buscar_hoja_de_vida_externa/input_Empresa 1_form_templatej_idt24_input'

2022-03-01 15:28:57 - [MESSAGE][PASSED] - Text 'Buscador Hoja Vida Externa' is set on object 'Object Repository/Modulo Selección/Buscar_hoja_de_vida_externa/input_Empresa 1_form_templatej_idt24_input'

2022-03-01 15:28:57 - [TEST_STEP][PASSED] - click(findTestObject("Modulo Selección/Buscar_hoja_de_vida_externa/span_Buscador Hoja Vida Externa")): Object: 'Object Repository/Modulo Selección/Buscar_hoja_de_vida_externa/span_Buscador Hoja Vida Externa' is clicked on

2022-03-01 15:28:59 - [MESSAGE][PASSED] - Object: 'Object Repository/Modulo Selección/Buscar_hoja_de_vida_externa/span_Buscador Hoja Vida Externa' is clicked on

2022-03-01 15:28:59 - [TEST_STEP][PASSED] - click(findTestObject("Modulo Selección/Buscar_hoja_de_vida_externa/label_Las hojas de vida que no correspondan a empleados")): Object: 'Object Repository/Modulo Selección/Buscar_hoja_de_vida_externa/label_Las hojas de vida que no correspondan a empleados' is clicked on

2022-03-01 15:28:59 - [MESSAGE][PASSED] - Object: 'Object Repository/Modulo Selección/Buscar_hoja_de_vida_externa/label_Las hojas de vida que no correspondan a empleados' is clicked on

2022-03-01 15:28:59 - [TEST_STEP][PASSED] - click(findTestObject("Modulo Selección/Buscar_hoja_de_vida_externa/label_Las hojas de vida que cumplan con el perfil de una cargo")): Object: 'Object Repository/Modulo Selección/Buscar_hoja_de_vida_externa/label_Las hojas de vida que cumplan con el perfil de una cargo' is clicked on

2022-03-01 15:29:00 - [MESSAGE][PASSED] - Object: 'Object Repository/Modulo Selección/Buscar_hoja_de_vida_externa/label_Las hojas de vida que cumplan con el perfil de una cargo' is clicked on

2022-03-01 15:29:00 - [TEST_STEP][PASSED] - selectOptionByIndex(findTestObject("Modulo Selección/Buscar_hoja_de_vida_externa/select_CALIDADMENSUAL ABCMODELO EMPRESA QUINCENALPANSIONADOSPENSIONADOS BASEPRUEBAS"), 1): All options with index in [1] are selected on object 'Object Repository/Modulo Selección/Buscar_hoja_de_vida_externa/select_CALIDADMENSUAL ABCMODELO EMPRESA QUINCENALPANSIONADOSPENSIONADOS BASEPRUEBAS'

2022-03-01 15:29:02 - [MESSAGE][PASSED] - All options with index in [1] are selected on object 'Object Repository/Modulo Selección/Buscar_hoja_de_vida_externa/select_CALIDADMENSUAL ABCMODELO EMPRESA QUINCENALPANSIONADOSPENSIONADOS BASEPRUEBAS'

2022-03-01 15:29:02 - [TEST_STEP][PASSED] - selectOptionByIndex(findTestObject("Modulo Selección/Buscar_hoja_de_vida_externa/select_1111123456ADMINISTRACIONADMINISTRACIONAnalista QAASISTENCIAASISTENTE ASISTENTE"), 8): All options with index in [8] are selected on object 'Object Repository/Modulo Selección/Buscar_hoja_de_vida_externa/select_1111123456ADMINISTRACIONADMINISTRACIONAnalista QAASISTENCIAASISTENTE ASISTENTE'

2022-03-01 15:29:03 - [MESSAGE][PASSED] - All options with index in [8] are selected on object 'Object Repository/Modulo Selección/Buscar_hoja_de_vida_externa/select_1111123456ADMINISTRACIONADMINISTRACIONAnalista QAASISTENCIAASISTENTE ASISTENTE'

2022-03-01 15:29:03 - [TEST_STEP][PASSED] - selectOptionByIndex(findTestObject("Modulo Selección/Buscar_hoja_de_vida_externa/select_20061    - ANALISTA DE MARKETING20139    - ABOGADO20156    - ANALISTA CONTABLE"), 3): All options with index in [3] are selected on object 'Object Repository/Modulo Selección/Buscar_hoja_de_vida_externa/select_20061    - ANALISTA DE MARKETING20139    - ABOGADO20156    - ANALISTA CONTABLE'

2022-03-01 15:29:05 - [MESSAGE][PASSED] - All options with index in [3] are selected on object 'Object Repository/Modulo Selección/Buscar_hoja_de_vida_externa/select_20061    - ANALISTA DE MARKETING20139    - ABOGADO20156    - ANALISTA CONTABLE'

2022-03-01 15:29:05 - [TEST_STEP][PASSED] - click(findTestObject("Modulo Selección/Buscar_hoja_de_vida_externa/span_Agregar Filtro_btn-miniadicionar")): Object: 'Object Repository/Modulo Selección/Buscar_hoja_de_vida_externa/span_Agregar Filtro_btn-miniadicionar' is clicked on

2022-03-01 15:29:05 - [MESSAGE][PASSED] - Object: 'Object Repository/Modulo Selección/Buscar_hoja_de_vida_externa/span_Agregar Filtro_btn-miniadicionar' is clicked on

2022-03-01 15:29:05 - [TEST_STEP][PASSED] - selectOptionByIndex(findTestObject("Modulo Selección/Buscar_hoja_de_vida_externa/select_1rea de experiencia NPARTICULO DE REVISTAARTICULO PERIODICOASOCIACIONESAsociaciones"), 11): All options with index in [11] are selected on object 'Object Repository/Modulo Selección/Buscar_hoja_de_vida_externa/select_1rea de experiencia NPARTICULO DE REVISTAARTICULO PERIODICOASOCIACIONESAsociaciones'

2022-03-01 15:29:07 - [MESSAGE][PASSED] - All options with index in [11] are selected on object 'Object Repository/Modulo Selección/Buscar_hoja_de_vida_externa/select_1rea de experiencia NPARTICULO DE REVISTAARTICULO PERIODICOASOCIACIONESAsociaciones'

2022-03-01 15:29:07 - [TEST_STEP][PASSED] - selectOptionByIndex(findTestObject("Modulo Selección/Buscar_hoja_de_vida_externa/select_CiudadCorreoDocumentoNombresPrimer ApellidoDOCUMENTOEDADACTUALIZACION"), 1): All options with index in [1] are selected on object 'Object Repository/Modulo Selección/Buscar_hoja_de_vida_externa/select_CiudadCorreoDocumentoNombresPrimer ApellidoDOCUMENTOEDADACTUALIZACION'

2022-03-01 15:29:08 - [MESSAGE][PASSED] - All options with index in [1] are selected on object 'Object Repository/Modulo Selección/Buscar_hoja_de_vida_externa/select_CiudadCorreoDocumentoNombresPrimer ApellidoDOCUMENTOEDADACTUALIZACION'

2022-03-01 15:29:08 - [TEST_STEP][PASSED] - selectOptionByIndex(findTestObject("Modulo Selección/Buscar_hoja_de_vida_externa/select_-- Seleccione--000000ABEJORRALABREGOABRIAQUACACIASACANDIACEVEDOACHIAGRADOAGUA"), 113): All options with index in [113] are selected on object 'Object Repository/Modulo Selección/Buscar_hoja_de_vida_externa/select_-- Seleccione--000000ABEJORRALABREGOABRIAQUACACIASACANDIACEVEDOACHIAGRADOAGUA'

2022-03-01 15:29:12 - [MESSAGE][PASSED] - All options with index in [113] are selected on object 'Object Repository/Modulo Selección/Buscar_hoja_de_vida_externa/select_-- Seleccione--000000ABEJORRALABREGOABRIAQUACACIASACANDIACEVEDOACHIAGRADOAGUA'

2022-03-01 15:29:12 - [TEST_STEP][PASSED] - click(findTestObject("Modulo Selección/Buscar_hoja_de_vida_externa/a_Aplicar3")): Object: 'Object Repository/Modulo Selección/Buscar_hoja_de_vida_externa/a_Aplicar3' is clicked on

2022-03-01 15:29:12 - [MESSAGE][PASSED] - Object: 'Object Repository/Modulo Selección/Buscar_hoja_de_vida_externa/a_Aplicar3' is clicked on

2022-03-01 15:29:12 - [TEST_STEP][PASSED] - click(findTestObject("Modulo Selección/Buscar_hoja_de_vida_externa/a_Aplicar2")): Object: 'Object Repository/Modulo Selección/Buscar_hoja_de_vida_externa/a_Aplicar2' is clicked on

2022-03-01 15:29:13 - [MESSAGE][PASSED] - Object: 'Object Repository/Modulo Selección/Buscar_hoja_de_vida_externa/a_Aplicar2' is clicked on

2022-03-01 15:29:13 - [TEST_STEP][PASSED] - click(findTestObject("Modulo Selección/Buscar_hoja_de_vida_externa/span_Excluir candidatos bloqueados_ui-chkbox-icon ui-icon ui-icon-check ui-c")): Object: 'Object Repository/Modulo Selección/Buscar_hoja_de_vida_externa/span_Excluir candidatos bloqueados_ui-chkbox-icon ui-icon ui-icon-check ui-c' is clicked on

2022-03-01 15:29:16 - [MESSAGE][PASSED] - Object: 'Object Repository/Modulo Selección/Buscar_hoja_de_vida_externa/span_Excluir candidatos bloqueados_ui-chkbox-icon ui-icon ui-icon-check ui-c' is clicked on

2022-03-01 15:29:16 - [TEST_STEP][PASSED] - click(findTestObject("Modulo Selección/Buscar_hoja_de_vida_externa/span_NO RELACIONADA_btn-procesoactivo us-icon-card-img")): Object: 'Object Repository/Modulo Selección/Buscar_hoja_de_vida_externa/span_NO RELACIONADA_btn-procesoactivo us-icon-card-img' is clicked on

2022-03-01 15:29:19 - [MESSAGE][PASSED] - Object: 'Object Repository/Modulo Selección/Buscar_hoja_de_vida_externa/span_NO RELACIONADA_btn-procesoactivo us-icon-card-img' is clicked on

2022-03-01 15:29:19 - [TEST_STEP][PASSED] - click(findTestObject("Modulo Selección/Buscar_hoja_de_vida_externa/a_Aceptar1")): Object: 'Object Repository/Modulo Selección/Buscar_hoja_de_vida_externa/a_Aceptar1' is clicked on

2022-03-01 15:29:20 - [MESSAGE][PASSED] - Object: 'Object Repository/Modulo Selección/Buscar_hoja_de_vida_externa/a_Aceptar1' is clicked on

2022-03-01 15:29:20 - [TEST_STEP][PASSED] - selectOptionByIndex(findTestObject("Modulo Selección/Buscar_hoja_de_vida_externa/select_SINO"), 1): All options with index in [1] are selected on object 'Object Repository/Modulo Selección/Buscar_hoja_de_vida_externa/select_SINO'

2022-03-01 15:29:23 - [MESSAGE][PASSED] - All options with index in [1] are selected on object 'Object Repository/Modulo Selección/Buscar_hoja_de_vida_externa/select_SINO'

2022-03-01 15:29:23 - [TEST_STEP][PASSED] - click(findTestObject("Modulo Selección/Buscar_hoja_de_vida_externa/td_Administracion")): Object: 'Object Repository/Modulo Selección/Buscar_hoja_de_vida_externa/td_Administracion' is clicked on

2022-03-01 15:29:24 - [MESSAGE][PASSED] - Object: 'Object Repository/Modulo Selección/Buscar_hoja_de_vida_externa/td_Administracion' is clicked on

2022-03-01 15:29:24 - [TEST_STEP][PASSED] - click(findTestObject("Modulo Selección/Buscar_hoja_de_vida_externa/a_Aplicar2")): Object: 'Object Repository/Modulo Selección/Buscar_hoja_de_vida_externa/a_Aplicar2' is clicked on

2022-03-01 15:29:24 - [MESSAGE][PASSED] - Object: 'Object Repository/Modulo Selección/Buscar_hoja_de_vida_externa/a_Aplicar2' is clicked on

2022-03-01 15:29:24 - [TEST_STEP][PASSED] - waitForElementVisible(findTestObject("Modulo Selección/Buscar_hoja_de_vida_externa/p_LA HOJA DE VIDA YA ESTA ASOCIADA A ESTE PROCESO"), 0): Object 'Object Repository/Modulo Selección/Buscar_hoja_de_vida_externa/p_LA HOJA DE VIDA YA ESTA ASOCIADA A ESTE PROCESO' is visible

2022-03-01 15:29:24 - [MESSAGE][WARNING] - Timeout '0' is invalid. Using default page load timeout: '30'

2022-03-01 15:29:27 - [MESSAGE][PASSED] - Object 'Object Repository/Modulo Selección/Buscar_hoja_de_vida_externa/p_LA HOJA DE VIDA YA ESTA ASOCIADA A ESTE PROCESO' is visible

2022-03-01 15:29:27 - [TEST_STEP][PASSED] - closeBrowser(): Browser is closed

2022-03-01 15:29:28 - [MESSAGE][PASSED] - Browser is closed]]></system-out>
         <system-err><![CDATA[]]></system-err>
      </testcase>
      <testcase name="Test Cases/10.1-Pruebas_Selección/10.2.2-Definir_una_programación_pendiente" time="16.432" classname="Test Cases/10.1-Pruebas_Selección/10.2.2-Definir_una_programación_pendiente" status="PASSED">
         <system-out><![CDATA[2022-03-01 15:29:28 - [TEST_CASE][PASSED] - Test Cases/10.1-Pruebas_Selección/10.2.2-Definir_una_programación_pendiente: Test Cases/10.1-Pruebas_Selección/10.2.2-Definir_una_programación_pendiente

2022-03-01 15:29:28 - [TEST_STEP][PASSED] - callTestCase(findTestCase("0.1-Login"), [:], STOP_ON_FAILURE): Call Test Case 'Test Cases/0.1-Login' successfully

2022-03-01 15:29:28 - [TEST_CASE][PASSED] - Test Cases/0.1-Login: Test Cases/0.1-Login

2022-03-01 15:29:28 - [TEST_STEP][PASSED] - openBrowser(""): Browser is opened with url: ''

2022-03-01 15:29:28 - [MESSAGE][INFO] - Starting 'Chrome' driver

2022-03-01 15:29:28 - [MESSAGE][INFO] - Action delay is set to 0 milliseconds

2022-03-01 15:29:30 - [MESSAGE][PASSED] - Browser is opened with url: ''

2022-03-01 15:29:30 - [TEST_STEP][PASSED] - maximizeWindow(): Current window maximized

2022-03-01 15:29:30 - [MESSAGE][PASSED] - Current window maximized

2022-03-01 15:29:30 - [TEST_STEP][PASSED] - i = G_Login: null

2022-03-01 15:29:30 - [TEST_STEP][PASSED] - url = new java.net.URL(i): null

2022-03-01 15:29:30 - [TEST_STEP][PASSED] - println("URL: " + url.toString()): null

2022-03-01 15:29:30 - [TEST_STEP][PASSED] - connection = url.openConnection(): null

2022-03-01 15:29:30 - [TEST_STEP][PASSED] - connection.setRequestMethod("GET"): null

2022-03-01 15:29:30 - [TEST_STEP][PASSED] - connection.setReadTimeout(2 * 1000): null

2022-03-01 15:29:30 - [TEST_STEP][PASSED] - try: null

2022-03-01 15:29:30 - [TEST_STEP][PASSED] - connection.connect(): null

2022-03-01 15:29:30 - [TEST_STEP][PASSED] - flag = connected: null

2022-03-01 15:29:30 - [TEST_STEP][PASSED] - println("Valor_ori: " + flag): null

2022-03-01 15:29:30 - [TEST_STEP][PASSED] - if (flag): null

2022-03-01 15:29:30 - [TEST_STEP][PASSED] - navigateToUrl(i): Navigate to 'http://192.168.2.80:8380/saraweb' successfully

2022-03-01 15:29:30 - [MESSAGE][PASSED] - Navigate to 'http://192.168.2.80:8380/saraweb' successfully

2022-03-01 15:29:30 - [TEST_STEP][PASSED] - a(): null

2022-03-01 15:29:30 - [TEST_STEP][PASSED] - setText(findTestObject("Login/input_USUARIO_loginusuario"), G_Usuario): Text 'saraadmin' is set on object 'Object Repository/Login/input_USUARIO_loginusuario'

2022-03-01 15:29:31 - [MESSAGE][PASSED] - Text 'saraadmin' is set on object 'Object Repository/Login/input_USUARIO_loginusuario'

2022-03-01 15:29:31 - [TEST_STEP][PASSED] - setEncryptedText(findTestObject("Login/input_CLAVE_loginpassword"), "MkG4/TYiCFC3cb2driP7+Q=="): Text ****** has been set on object 'Object Repository/Login/input_CLAVE_loginpassword'

2022-03-01 15:29:31 - [MESSAGE][PASSED] - Text ****** has been set on object 'Object Repository/Login/input_CLAVE_loginpassword'

2022-03-01 15:29:31 - [TEST_STEP][PASSED] - waitForElementClickable(findTestObject("Login/a_Ingresar"), G_TimeOut): Object 'Object Repository/Login/a_Ingresar' is clickable

2022-03-01 15:29:32 - [MESSAGE][PASSED] - Object 'Object Repository/Login/a_Ingresar' is clickable

2022-03-01 15:29:32 - [TEST_STEP][PASSED] - click(findTestObject("Login/a_Ingresar")): Object: 'Object Repository/Login/a_Ingresar' is clicked on

2022-03-01 15:29:34 - [MESSAGE][PASSED] - Object: 'Object Repository/Login/a_Ingresar' is clicked on

2022-03-01 15:29:34 - [TEST_STEP][PASSED] - element = findWebElement(findTestObject("Login/a_Ir"), 30): null

2022-03-01 15:29:34 - [TEST_STEP][PASSED] - executeJavaScript("arguments[0].click()", Arrays.asList(element)): Execute JavaScript 'arguments[0].click()' successfully

2022-03-01 15:29:34 - [MESSAGE][PASSED] - Execute JavaScript 'arguments[0].click()' successfully

2022-03-01 15:29:34 - [MESSAGE][PASSED] - Call Test Case 'Test Cases/0.1-Login' successfully

2022-03-01 15:29:34 - [TEST_STEP][PASSED] - setText(findTestObject("Modulo Selección/Definir_una_programación_pendiente/input_Empresa 1_form_templatej_idt24_input"), "Evaluacion Proceso Seleccion"): Text 'Evaluacion Proceso Seleccion' is set on object 'Object Repository/Modulo Selección/Definir_una_programación_pendiente/input_Empresa 1_form_templatej_idt24_input'

2022-03-01 15:29:35 - [MESSAGE][PASSED] - Text 'Evaluacion Proceso Seleccion' is set on object 'Object Repository/Modulo Selección/Definir_una_programación_pendiente/input_Empresa 1_form_templatej_idt24_input'

2022-03-01 15:29:35 - [TEST_STEP][PASSED] - click(findTestObject("Modulo Selección/Definir_una_programación_pendiente/li_Evaluacion Proceso Seleccion (tal)")): Object: 'Object Repository/Modulo Selección/Definir_una_programación_pendiente/li_Evaluacion Proceso Seleccion (tal)' is clicked on

2022-03-01 15:29:37 - [MESSAGE][PASSED] - Object: 'Object Repository/Modulo Selección/Definir_una_programación_pendiente/li_Evaluacion Proceso Seleccion (tal)' is clicked on

2022-03-01 15:29:37 - [TEST_STEP][PASSED] - click(findTestObject("Modulo Selección/Definir_una_programación_pendiente/span_Pendientes")): Object: 'Object Repository/Modulo Selección/Definir_una_programación_pendiente/span_Pendientes' is clicked on

2022-03-01 15:29:38 - [MESSAGE][PASSED] - Object: 'Object Repository/Modulo Selección/Definir_una_programación_pendiente/span_Pendientes' is clicked on

2022-03-01 15:29:38 - [TEST_STEP][PASSED] - click(findTestObject("Modulo Selección/Definir_una_programación_pendiente/span_Quintero Mendez Jose Eduardo")): Object: 'Object Repository/Modulo Selección/Definir_una_programación_pendiente/span_Quintero Mendez Jose Eduardo' is clicked on

2022-03-01 15:29:39 - [MESSAGE][PASSED] - Object: 'Object Repository/Modulo Selección/Definir_una_programación_pendiente/span_Quintero Mendez Jose Eduardo' is clicked on

2022-03-01 15:29:39 - [TEST_STEP][PASSED] - setText(findTestObject("Modulo Selección/Definir_una_programación_pendiente/input_Fecha_popupEtapaProceso_formseccionfecha_inicial_input"), "28/01/2022"): Text '28/01/2022' is set on object 'Object Repository/Modulo Selección/Definir_una_programación_pendiente/input_Fecha_popupEtapaProceso_formseccionfecha_inicial_input'

2022-03-01 15:29:40 - [MESSAGE][PASSED] - Text '28/01/2022' is set on object 'Object Repository/Modulo Selección/Definir_una_programación_pendiente/input_Fecha_popupEtapaProceso_formseccionfecha_inicial_input'

2022-03-01 15:29:40 - [TEST_STEP][PASSED] - selectOptionByIndex(findTestObject("Modulo Selección/Definir_una_programación_pendiente/select_--010203040506070809101112"), 1): All options with index in [1] are selected on object 'Object Repository/Modulo Selección/Definir_una_programación_pendiente/select_--010203040506070809101112'

2022-03-01 15:29:42 - [MESSAGE][PASSED] - All options with index in [1] are selected on object 'Object Repository/Modulo Selección/Definir_una_programación_pendiente/select_--010203040506070809101112'

2022-03-01 15:29:42 - [TEST_STEP][PASSED] - selectOptionByIndex(findTestObject("Modulo Selección/Definir_una_programación_pendiente/select_--00153045"), 3): All options with index in [3] are selected on object 'Object Repository/Modulo Selección/Definir_una_programación_pendiente/select_--00153045'

2022-03-01 15:29:43 - [MESSAGE][PASSED] - All options with index in [3] are selected on object 'Object Repository/Modulo Selección/Definir_una_programación_pendiente/select_--00153045'

2022-03-01 15:29:43 - [TEST_STEP][PASSED] - selectOptionByIndex(findTestObject("Modulo Selección/Definir_una_programación_pendiente/select_--AMPM"), 2): All options with index in [2] are selected on object 'Object Repository/Modulo Selección/Definir_una_programación_pendiente/select_--AMPM'

2022-03-01 15:29:44 - [MESSAGE][PASSED] - All options with index in [2] are selected on object 'Object Repository/Modulo Selección/Definir_una_programación_pendiente/select_--AMPM'

2022-03-01 15:29:44 - [TEST_STEP][PASSED] - click(findTestObject("Modulo Selección/Definir_una_programación_pendiente/a_Actualizar")): Object: 'Object Repository/Modulo Selección/Definir_una_programación_pendiente/a_Actualizar' is clicked on

2022-03-01 15:29:44 - [MESSAGE][PASSED] - Object: 'Object Repository/Modulo Selección/Definir_una_programación_pendiente/a_Actualizar' is clicked on]]></system-out>
         <system-err><![CDATA[]]></system-err>
      </testcase>
      <system-out><![CDATA[2022-03-01 15:27:14 - [TEST_SUITE][PASSED] - 10-Pruebas_Selección: Test Cases/10.1-Pruebas_Selección/10.2.2-Definir_una_programación_pendiente]]></system-out>
      <system-err><![CDATA[]]></system-err>
   </testsuite>
</testsuites>
