<?xml version="1.0" encoding="UTF-8"?>
<testsuites name="A2-Pruebas_Planta_Personal" time="556.593" tests="16" failures="5" errors="0">
   <testsuite name="A2-Pruebas_Planta_Personal" tests="16" failures="5" errors="0" time="556.593" skipped="0" timestamp="2022-08-08 14:37:51" hostname="diego.rojas - US-AF-000371" id="Test Suites/Test_Suite_Secundaria/A2-Pruebas_Planta_Personal">
      <properties>
         <property name="deviceName" value=""/>
         <property name="devicePlatform" value=""/>
         <property name="logFolder" value="C:\\Users\\diego.rojas\\git\\Pruebas-Minimas\\Reports\\20220808_143742\\Test_Suite_Secundaria\\A2-Pruebas_Planta_Personal\\20220808_143742"/>
         <property name="logFiles" value="C:\\Users\\diego.rojas\\git\\Pruebas-Minimas\\Reports\\20220808_143742\\Test_Suite_Secundaria\\A2-Pruebas_Planta_Personal\\20220808_143742\\execution0.log"/>
         <property name="attachments" value="C:\\Users\\diego.rojas\\git\\Pruebas-Minimas\\Reports\\20220808_143742\\Test_Suite_Secundaria\\A2-Pruebas_Planta_Personal\\20220808_143742\\1659987717417.png, C:\\Users\\diego.rojas\\git\\Pruebas-Minimas\\Reports\\20220808_143742\\Test_Suite_Secundaria\\A2-Pruebas_Planta_Personal\\20220808_143742\\1659987783743.png, C:\\Users\\diego.rojas\\git\\Pruebas-Minimas\\Reports\\20220808_143742\\Test_Suite_Secundaria\\A2-Pruebas_Planta_Personal\\20220808_143742\\1659987873133.png, C:\\Users\\diego.rojas\\git\\Pruebas-Minimas\\Reports\\20220808_143742\\Test_Suite_Secundaria\\A2-Pruebas_Planta_Personal\\20220808_143742\\1659987969467.png, C:\\Users\\diego.rojas\\git\\Pruebas-Minimas\\Reports\\20220808_143742\\Test_Suite_Secundaria\\A2-Pruebas_Planta_Personal\\20220808_143742\\1659988028273.png"/>
         <property name="hostName" value="diego.rojas - US-AF-000371"/>
         <property name="os" value="Windows 10 64bit"/>
         <property name="katalonVersion" value="8.4.0.208"/>
         <property name="browser" value="Chrome 104.0.5112.79"/>
         <property name="hostAddress" value="192.168.56.1"/>
         <property name="sessionId" value="6f6e96ada02bd876a3fae212cab966d1"/>
         <property name="seleniumVersion" value="3.141.59"/>
         <property name="proxyInformation" value="ProxyInformation { proxyOption=NO_PROXY, proxyServerType=HTTP, username=, password=********, proxyServerAddress=, proxyServerPort=0, executionList=&quot;&quot;, isApplyToDesiredCapabilities=true }"/>
         <property name="platform" value="Windows 10"/>
      </properties>
      <testcase name="Test Cases/1.2-Tareas_Secundarias/A.2-Pruebas_planta_personal/12.1.1-Crear_una_unidad" time="26.638" classname="Test Cases/1.2-Tareas_Secundarias/A.2-Pruebas_planta_personal/12.1.1-Crear_una_unidad" status="PASSED">
         <system-out><![CDATA[2022-08-08 14:37:52 - [TEST_CASE][PASSED] - Test Cases/1.2-Tareas_Secundarias/A.2-Pruebas_planta_personal/12.1.1-Crear_una_unidad: Test Cases/1.2-Tareas_Secundarias/A.2-Pruebas_planta_personal/12.1.1-Crear_una_unidad

2022-08-08 14:37:52 - [TEST_STEP][PASSED] - callTestCase(findTestCase("0.1-Login"), [:], STOP_ON_FAILURE): Call Test Case 'Test Cases/0.1-Login' successfully

2022-08-08 14:37:52 - [TEST_CASE][PASSED] - Test Cases/0.1-Login: Test Cases/0.1-Login

2022-08-08 14:37:53 - [TEST_STEP][PASSED] - openBrowser(""): Browser is opened with url: ''

2022-08-08 14:37:54 - [MESSAGE][INFO] - Starting 'Chrome' driver

2022-08-08 14:37:54 - [MESSAGE][INFO] - Action delay is set to 0 milliseconds

2022-08-08 14:37:56 - [MESSAGE][PASSED] - Browser is opened with url: ''

2022-08-08 14:37:56 - [TEST_STEP][PASSED] - maximizeWindow(): Current window maximized

2022-08-08 14:37:56 - [MESSAGE][PASSED] - Current window maximized

2022-08-08 14:37:56 - [TEST_STEP][PASSED] - i = G_Login: null

2022-08-08 14:37:57 - [TEST_STEP][PASSED] - url = new java.net.URL(i): null

2022-08-08 14:37:57 - [TEST_STEP][PASSED] - println("URL: " + url.toString()): null

2022-08-08 14:37:57 - [TEST_STEP][PASSED] - connection = url.openConnection(): null

2022-08-08 14:37:57 - [TEST_STEP][PASSED] - connection.setRequestMethod("GET"): null

2022-08-08 14:37:57 - [TEST_STEP][PASSED] - connection.setReadTimeout(2 * 1000): null

2022-08-08 14:37:57 - [TEST_STEP][PASSED] - try: null

2022-08-08 14:37:57 - [TEST_STEP][PASSED] - connection.connect(): null

2022-08-08 14:37:57 - [TEST_STEP][PASSED] - flag = connected: null

2022-08-08 14:37:57 - [TEST_STEP][PASSED] - println("Valor_ori: " + flag): null

2022-08-08 14:37:57 - [TEST_STEP][PASSED] - if (flag): null

2022-08-08 14:37:57 - [TEST_STEP][PASSED] - navigateToUrl(i): Navigate to 'http://192.168.2.19:8380/saraweb' successfully

2022-08-08 14:37:57 - [MESSAGE][PASSED] - Navigate to 'http://192.168.2.19:8380/saraweb' successfully

2022-08-08 14:37:57 - [TEST_STEP][PASSED] - a(): null

2022-08-08 14:37:57 - [TEST_STEP][PASSED] - setText(findTestObject("3-OBJECTS UTILIDADES/Login/input_USUARIO_loginusuario"), G_Usuario): Text 'saraadmin' is set on object 'Object Repository/3-OBJECTS UTILIDADES/Login/input_USUARIO_loginusuario'

2022-08-08 14:37:58 - [MESSAGE][PASSED] - Text 'saraadmin' is set on object 'Object Repository/3-OBJECTS UTILIDADES/Login/input_USUARIO_loginusuario'

2022-08-08 14:37:58 - [TEST_STEP][PASSED] - setEncryptedText(findTestObject("3-OBJECTS UTILIDADES/Login/input_CLAVE_loginpassword"), "MkG4/TYiCFC3cb2driP7+Q=="): Text ****** has been set on object 'Object Repository/3-OBJECTS UTILIDADES/Login/input_CLAVE_loginpassword'

2022-08-08 14:37:59 - [MESSAGE][PASSED] - Text ****** has been set on object 'Object Repository/3-OBJECTS UTILIDADES/Login/input_CLAVE_loginpassword'

2022-08-08 14:37:59 - [TEST_STEP][PASSED] - waitForElementClickable(findTestObject("3-OBJECTS UTILIDADES/Login/a_Ingresar"), G_TimeOut): Object 'Object Repository/3-OBJECTS UTILIDADES/Login/a_Ingresar' is clickable

2022-08-08 14:37:59 - [MESSAGE][PASSED] - Object 'Object Repository/3-OBJECTS UTILIDADES/Login/a_Ingresar' is clickable

2022-08-08 14:37:59 - [TEST_STEP][PASSED] - click(findTestObject("3-OBJECTS UTILIDADES/Login/a_Ingresar")): Object: 'Object Repository/3-OBJECTS UTILIDADES/Login/a_Ingresar' is clicked on

2022-08-08 14:38:00 - [MESSAGE][PASSED] - Object: 'Object Repository/3-OBJECTS UTILIDADES/Login/a_Ingresar' is clicked on

2022-08-08 14:38:00 - [TEST_STEP][PASSED] - element = findWebElement(findTestObject("3-OBJECTS UTILIDADES/Login/a_Ir"), 30): null

2022-08-08 14:38:01 - [TEST_STEP][PASSED] - executeJavaScript("arguments[0].click()", Arrays.asList(element)): Execute JavaScript 'arguments[0].click()' successfully

2022-08-08 14:38:01 - [MESSAGE][PASSED] - Execute JavaScript 'arguments[0].click()' successfully

2022-08-08 14:38:01 - [MESSAGE][PASSED] - Call Test Case 'Test Cases/0.1-Login' successfully

2022-08-08 14:38:01 - [TEST_STEP][PASSED] - setText(findTestObject("2-OBJECTS TAREAS SECUNDARIAS/Pruebas planta personal/Crear_una_unidad/input_Empresa 1_form_templatej_idt24_input"), "planta personal (tal)"): Text 'planta personal (tal)' is set on object 'Object Repository/2-OBJECTS TAREAS SECUNDARIAS/Pruebas planta personal/Crear_una_unidad/input_Empresa 1_form_templatej_idt24_input'

2022-08-08 14:38:02 - [MESSAGE][PASSED] - Text 'planta personal (tal)' is set on object 'Object Repository/2-OBJECTS TAREAS SECUNDARIAS/Pruebas planta personal/Crear_una_unidad/input_Empresa 1_form_templatej_idt24_input'

2022-08-08 14:38:02 - [TEST_STEP][PASSED] - click(findTestObject("2-OBJECTS TAREAS SECUNDARIAS/Pruebas planta personal/Crear_una_unidad/span_Planta Personal (tal)")): Object: 'Object Repository/2-OBJECTS TAREAS SECUNDARIAS/Pruebas planta personal/Crear_una_unidad/span_Planta Personal (tal)' is clicked on

2022-08-08 14:38:03 - [MESSAGE][PASSED] - Object: 'Object Repository/2-OBJECTS TAREAS SECUNDARIAS/Pruebas planta personal/Crear_una_unidad/span_Planta Personal (tal)' is clicked on

2022-08-08 14:38:03 - [TEST_STEP][PASSED] - click(findTestObject("2-OBJECTS TAREAS SECUNDARIAS/Pruebas planta personal/Crear_una_unidad/span_Administracion")): Object: 'Object Repository/2-OBJECTS TAREAS SECUNDARIAS/Pruebas planta personal/Crear_una_unidad/span_Administracion' is clicked on

2022-08-08 14:38:04 - [MESSAGE][PASSED] - Object: 'Object Repository/2-OBJECTS TAREAS SECUNDARIAS/Pruebas planta personal/Crear_una_unidad/span_Administracion' is clicked on

2022-08-08 14:38:04 - [TEST_STEP][PASSED] - if (waitForElementVisible(findTestObject("2-OBJECTS TAREAS SECUNDARIAS/Pruebas planta personal/Crear_una_unidad/span_Pruebas  Katalon1"), 1)): null

2022-08-08 14:38:05 - [MESSAGE][PASSED] - Object 'Object Repository/2-OBJECTS TAREAS SECUNDARIAS/Pruebas planta personal/Crear_una_unidad/span_Pruebas  Katalon1' is visible

2022-08-08 14:38:05 - [TEST_STEP][PASSED] - click(findTestObject("2-OBJECTS TAREAS SECUNDARIAS/Pruebas planta personal/Crear_una_unidad/span_Pruebas  Katalon1")): Object: 'Object Repository/2-OBJECTS TAREAS SECUNDARIAS/Pruebas planta personal/Crear_una_unidad/span_Pruebas  Katalon1' is clicked on

2022-08-08 14:38:06 - [MESSAGE][PASSED] - Object: 'Object Repository/2-OBJECTS TAREAS SECUNDARIAS/Pruebas planta personal/Crear_una_unidad/span_Pruebas  Katalon1' is clicked on

2022-08-08 14:38:06 - [TEST_STEP][PASSED] - click(findTestObject("2-OBJECTS TAREAS SECUNDARIAS/Pruebas planta personal/Crear_una_unidad/span_No Relacionado_ui-button-icon-left ui-icon ui-c ui-icon-triangle-1-s")): Object: 'Object Repository/2-OBJECTS TAREAS SECUNDARIAS/Pruebas planta personal/Crear_una_unidad/span_No Relacionado_ui-button-icon-left ui-icon ui-c ui-icon-triangle-1-s' is clicked on

2022-08-08 14:38:06 - [MESSAGE][PASSED] - Object: 'Object Repository/2-OBJECTS TAREAS SECUNDARIAS/Pruebas planta personal/Crear_una_unidad/span_No Relacionado_ui-button-icon-left ui-icon ui-c ui-icon-triangle-1-s' is clicked on

2022-08-08 14:38:06 - [TEST_STEP][PASSED] - click(findTestObject("2-OBJECTS TAREAS SECUNDARIAS/Pruebas planta personal/Crear_una_unidad/span_Organigrama1")): Object: 'Object Repository/2-OBJECTS TAREAS SECUNDARIAS/Pruebas planta personal/Crear_una_unidad/span_Organigrama1' is clicked on

2022-08-08 14:38:07 - [MESSAGE][PASSED] - Object: 'Object Repository/2-OBJECTS TAREAS SECUNDARIAS/Pruebas planta personal/Crear_una_unidad/span_Organigrama1' is clicked on

2022-08-08 14:38:07 - [TEST_STEP][PASSED] - click(findTestObject("2-OBJECTS TAREAS SECUNDARIAS/Pruebas planta personal/Crear_una_unidad/a_QAS_organigramaj_idt1420modificar")): Object: 'Object Repository/2-OBJECTS TAREAS SECUNDARIAS/Pruebas planta personal/Crear_una_unidad/a_QAS_organigramaj_idt1420modificar' is clicked on

2022-08-08 14:38:07 - [MESSAGE][PASSED] - Object: 'Object Repository/2-OBJECTS TAREAS SECUNDARIAS/Pruebas planta personal/Crear_una_unidad/a_QAS_organigramaj_idt1420modificar' is clicked on

2022-08-08 14:38:07 - [TEST_STEP][PASSED] - click(findTestObject("2-OBJECTS TAREAS SECUNDARIAS/Pruebas planta personal/Crear_una_unidad/a_Eliminar1")): Object: 'Object Repository/2-OBJECTS TAREAS SECUNDARIAS/Pruebas planta personal/Crear_una_unidad/a_Eliminar1' is clicked on

2022-08-08 14:38:08 - [MESSAGE][PASSED] - Object: 'Object Repository/2-OBJECTS TAREAS SECUNDARIAS/Pruebas planta personal/Crear_una_unidad/a_Eliminar1' is clicked on

2022-08-08 14:38:08 - [TEST_STEP][PASSED] - click(findTestObject("2-OBJECTS TAREAS SECUNDARIAS/Pruebas planta personal/Crear_una_unidad/span_Si1")): Object: 'Object Repository/2-OBJECTS TAREAS SECUNDARIAS/Pruebas planta personal/Crear_una_unidad/span_Si1' is clicked on

2022-08-08 14:38:08 - [MESSAGE][PASSED] - Object: 'Object Repository/2-OBJECTS TAREAS SECUNDARIAS/Pruebas planta personal/Crear_una_unidad/span_Si1' is clicked on

2022-08-08 14:38:08 - [TEST_STEP][PASSED] - click(findTestObject("2-OBJECTS TAREAS SECUNDARIAS/Pruebas planta personal/Crear_una_unidad/span_Administracion")): Object: 'Object Repository/2-OBJECTS TAREAS SECUNDARIAS/Pruebas planta personal/Crear_una_unidad/span_Administracion' is clicked on

2022-08-08 14:38:09 - [MESSAGE][PASSED] - Object: 'Object Repository/2-OBJECTS TAREAS SECUNDARIAS/Pruebas planta personal/Crear_una_unidad/span_Administracion' is clicked on

2022-08-08 14:38:09 - [TEST_STEP][PASSED] - click(findTestObject("2-OBJECTS TAREAS SECUNDARIAS/Pruebas planta personal/Crear_una_unidad/span_No Relacionado_ui-button-icon-left ui-icon ui-c ui-icon-triangle-1-s")): Object: 'Object Repository/2-OBJECTS TAREAS SECUNDARIAS/Pruebas planta personal/Crear_una_unidad/span_No Relacionado_ui-button-icon-left ui-icon ui-c ui-icon-triangle-1-s' is clicked on

2022-08-08 14:38:10 - [MESSAGE][PASSED] - Object: 'Object Repository/2-OBJECTS TAREAS SECUNDARIAS/Pruebas planta personal/Crear_una_unidad/span_No Relacionado_ui-button-icon-left ui-icon ui-c ui-icon-triangle-1-s' is clicked on

2022-08-08 14:38:10 - [TEST_STEP][PASSED] - click(findTestObject("2-OBJECTS TAREAS SECUNDARIAS/Pruebas planta personal/Crear_una_unidad/span_Organigrama")): Object: 'Object Repository/2-OBJECTS TAREAS SECUNDARIAS/Pruebas planta personal/Crear_una_unidad/span_Organigrama' is clicked on

2022-08-08 14:38:11 - [MESSAGE][PASSED] - Object: 'Object Repository/2-OBJECTS TAREAS SECUNDARIAS/Pruebas planta personal/Crear_una_unidad/span_Organigrama' is clicked on

2022-08-08 14:38:11 - [TEST_STEP][PASSED] - Result = getText(findTestObject("2-OBJECTS TAREAS SECUNDARIAS/Pruebas planta personal/Crear_una_unidad/span_Pruebas  Katalon")): Text of object 'Object Repository/2-OBJECTS TAREAS SECUNDARIAS/Pruebas planta personal/Crear_una_unidad/span_Pruebas  Katalon' is: 'UNIDAD NUEVA1'

2022-08-08 14:38:11 - [MESSAGE][PASSED] - Text of object 'Object Repository/2-OBJECTS TAREAS SECUNDARIAS/Pruebas planta personal/Crear_una_unidad/span_Pruebas  Katalon' is: 'UNIDAD NUEVA1'

2022-08-08 14:38:11 - [TEST_STEP][PASSED] - if (Result == "Pruebas Katalon"): null

2022-08-08 14:38:11 - [TEST_STEP][PASSED] - click(findTestObject("2-OBJECTS TAREAS SECUNDARIAS/Pruebas planta personal/Crear_una_unidad/a_Organigrama_organigramacrearUnidad")): Object: 'Object Repository/2-OBJECTS TAREAS SECUNDARIAS/Pruebas planta personal/Crear_una_unidad/a_Organigrama_organigramacrearUnidad' is clicked on

2022-08-08 14:38:12 - [MESSAGE][PASSED] - Object: 'Object Repository/2-OBJECTS TAREAS SECUNDARIAS/Pruebas planta personal/Crear_una_unidad/a_Organigrama_organigramacrearUnidad' is clicked on

2022-08-08 14:38:12 - [TEST_STEP][PASSED] - setText(findTestObject("2-OBJECTS TAREAS SECUNDARIAS/Pruebas planta personal/Crear_una_unidad/input_Unidad Organizacional_popupUnidadOrganizacional_formcodigoUnidadPopup"), "27"): Text '27' is set on object 'Object Repository/2-OBJECTS TAREAS SECUNDARIAS/Pruebas planta personal/Crear_una_unidad/input_Unidad Organizacional_popupUnidadOrganizacional_formcodigoUnidadPopup'

2022-08-08 14:38:13 - [MESSAGE][PASSED] - Text '27' is set on object 'Object Repository/2-OBJECTS TAREAS SECUNDARIAS/Pruebas planta personal/Crear_una_unidad/input_Unidad Organizacional_popupUnidadOrganizacional_formcodigoUnidadPopup'

2022-08-08 14:38:13 - [TEST_STEP][PASSED] - selectOptionByIndex(findTestObject("2-OBJECTS TAREAS SECUNDARIAS/Pruebas planta personal/Crear_una_unidad/select_--Seleccione Tipo Unidad--COORDINACIONPRESIDENCIAVICEPRESIDENCIA"), 5): All options with index in [5] are selected on object 'Object Repository/2-OBJECTS TAREAS SECUNDARIAS/Pruebas planta personal/Crear_una_unidad/select_--Seleccione Tipo Unidad--COORDINACIONPRESIDENCIAVICEPRESIDENCIA'

2022-08-08 14:38:14 - [MESSAGE][PASSED] - All options with index in [5] are selected on object 'Object Repository/2-OBJECTS TAREAS SECUNDARIAS/Pruebas planta personal/Crear_una_unidad/select_--Seleccione Tipo Unidad--COORDINACIONPRESIDENCIAVICEPRESIDENCIA'

2022-08-08 14:38:14 - [TEST_STEP][PASSED] - setText(findTestObject("2-OBJECTS TAREAS SECUNDARIAS/Pruebas planta personal/Crear_una_unidad/input_Descripcin_popupUnidadOrganizacional_formnombreUnidadPopup"), "Pruebas  Katalon"): Text 'Pruebas  Katalon' is set on object 'Object Repository/2-OBJECTS TAREAS SECUNDARIAS/Pruebas planta personal/Crear_una_unidad/input_Descripcin_popupUnidadOrganizacional_formnombreUnidadPopup'

2022-08-08 14:38:15 - [MESSAGE][PASSED] - Text 'Pruebas  Katalon' is set on object 'Object Repository/2-OBJECTS TAREAS SECUNDARIAS/Pruebas planta personal/Crear_una_unidad/input_Descripcin_popupUnidadOrganizacional_formnombreUnidadPopup'

2022-08-08 14:38:15 - [TEST_STEP][PASSED] - selectOptionByIndex(findTestObject("2-OBJECTS TAREAS SECUNDARIAS/Pruebas planta personal/Crear_una_unidad/select_--Seleccione Sucursal--NO RELACIONADABOGOTA"), 2): All options with index in [2] are selected on object 'Object Repository/2-OBJECTS TAREAS SECUNDARIAS/Pruebas planta personal/Crear_una_unidad/select_--Seleccione Sucursal--NO RELACIONADABOGOTA'

2022-08-08 14:38:16 - [MESSAGE][PASSED] - All options with index in [2] are selected on object 'Object Repository/2-OBJECTS TAREAS SECUNDARIAS/Pruebas planta personal/Crear_una_unidad/select_--Seleccione Sucursal--NO RELACIONADABOGOTA'

2022-08-08 14:38:16 - [TEST_STEP][PASSED] - selectOptionByIndex(findTestObject("2-OBJECTS TAREAS SECUNDARIAS/Pruebas planta personal/Crear_una_unidad/select_--Seleccione el Estado--SINO"), 1): All options with index in [1] are selected on object 'Object Repository/2-OBJECTS TAREAS SECUNDARIAS/Pruebas planta personal/Crear_una_unidad/select_--Seleccione el Estado--SINO'

2022-08-08 14:38:17 - [MESSAGE][PASSED] - All options with index in [1] are selected on object 'Object Repository/2-OBJECTS TAREAS SECUNDARIAS/Pruebas planta personal/Crear_una_unidad/select_--Seleccione el Estado--SINO'

2022-08-08 14:38:17 - [TEST_STEP][PASSED] - click(findTestObject("2-OBJECTS TAREAS SECUNDARIAS/Pruebas planta personal/Crear_una_unidad/a_Actualizar")): Object: 'Object Repository/2-OBJECTS TAREAS SECUNDARIAS/Pruebas planta personal/Crear_una_unidad/a_Actualizar' is clicked on

2022-08-08 14:38:18 - [MESSAGE][PASSED] - Object: 'Object Repository/2-OBJECTS TAREAS SECUNDARIAS/Pruebas planta personal/Crear_una_unidad/a_Actualizar' is clicked on

2022-08-08 14:38:18 - [TEST_STEP][PASSED] - Result0 = getText(findTestObject("3-OBJECTS UTILIDADES/Alerta/Alerta")): Text of object 'Object Repository/3-OBJECTS UTILIDADES/Alerta/Alerta' is: 'Se guardo exitosamente el registro'

2022-08-08 14:38:18 - [MESSAGE][PASSED] - Text of object 'Object Repository/3-OBJECTS UTILIDADES/Alerta/Alerta' is: 'Se guardo exitosamente el registro'

2022-08-08 14:38:18 - [TEST_STEP][PASSED] - if (Result0 == "Se guardo exitosamente el registro"): null

2022-08-08 14:38:18 - [TEST_STEP][PASSED] - Resultado0 = "PRUEBA OK": null]]></system-out>
         <system-err><![CDATA[]]></system-err>
      </testcase>
      <testcase name="Test Cases/1.2-Tareas_Secundarias/A.2-Pruebas_planta_personal/12.1.3-Crear_un_puesto_de_trabajo_y_buscar_puesto" time="48.45" classname="Test Cases/1.2-Tareas_Secundarias/A.2-Pruebas_planta_personal/12.1.3-Crear_un_puesto_de_trabajo_y_buscar_puesto" status="PASSED">
         <system-out><![CDATA[2022-08-08 14:38:18 - [TEST_CASE][PASSED] - Test Cases/1.2-Tareas_Secundarias/A.2-Pruebas_planta_personal/12.1.3-Crear_un_puesto_de_trabajo_y_buscar_puesto: Test Cases/1.2-Tareas_Secundarias/A.2-Pruebas_planta_personal/12.1.3-Crear_un_puesto_de_trabajo_y_buscar_puesto

2022-08-08 14:38:19 - [TEST_STEP][PASSED] - callTestCase(findTestCase("0.1-Login"), [:], STOP_ON_FAILURE): Call Test Case 'Test Cases/0.1-Login' successfully

2022-08-08 14:38:19 - [TEST_CASE][PASSED] - Test Cases/0.1-Login: Test Cases/0.1-Login

2022-08-08 14:38:19 - [TEST_STEP][PASSED] - openBrowser(""): Browser is opened with url: ''

2022-08-08 14:38:19 - [MESSAGE][WARNING] - A browser is already opened. Closing browser and opening a new one

2022-08-08 14:38:20 - [MESSAGE][INFO] - Starting 'Chrome' driver

2022-08-08 14:38:20 - [MESSAGE][INFO] - Action delay is set to 0 milliseconds

2022-08-08 14:38:22 - [MESSAGE][PASSED] - Browser is opened with url: ''

2022-08-08 14:38:22 - [TEST_STEP][PASSED] - maximizeWindow(): Current window maximized

2022-08-08 14:38:22 - [MESSAGE][PASSED] - Current window maximized

2022-08-08 14:38:22 - [TEST_STEP][PASSED] - i = G_Login: null

2022-08-08 14:38:22 - [TEST_STEP][PASSED] - url = new java.net.URL(i): null

2022-08-08 14:38:22 - [TEST_STEP][PASSED] - println("URL: " + url.toString()): null

2022-08-08 14:38:22 - [TEST_STEP][PASSED] - connection = url.openConnection(): null

2022-08-08 14:38:22 - [TEST_STEP][PASSED] - connection.setRequestMethod("GET"): null

2022-08-08 14:38:22 - [TEST_STEP][PASSED] - connection.setReadTimeout(2 * 1000): null

2022-08-08 14:38:22 - [TEST_STEP][PASSED] - try: null

2022-08-08 14:38:22 - [TEST_STEP][PASSED] - connection.connect(): null

2022-08-08 14:38:22 - [TEST_STEP][PASSED] - flag = connected: null

2022-08-08 14:38:22 - [TEST_STEP][PASSED] - println("Valor_ori: " + flag): null

2022-08-08 14:38:22 - [TEST_STEP][PASSED] - if (flag): null

2022-08-08 14:38:22 - [TEST_STEP][PASSED] - navigateToUrl(i): Navigate to 'http://192.168.2.19:8380/saraweb' successfully

2022-08-08 14:38:26 - [MESSAGE][PASSED] - Navigate to 'http://192.168.2.19:8380/saraweb' successfully

2022-08-08 14:38:26 - [TEST_STEP][PASSED] - a(): null

2022-08-08 14:38:26 - [TEST_STEP][PASSED] - setText(findTestObject("3-OBJECTS UTILIDADES/Login/input_USUARIO_loginusuario"), G_Usuario): Text 'saraadmin' is set on object 'Object Repository/3-OBJECTS UTILIDADES/Login/input_USUARIO_loginusuario'

2022-08-08 14:38:27 - [MESSAGE][PASSED] - Text 'saraadmin' is set on object 'Object Repository/3-OBJECTS UTILIDADES/Login/input_USUARIO_loginusuario'

2022-08-08 14:38:27 - [TEST_STEP][PASSED] - setEncryptedText(findTestObject("3-OBJECTS UTILIDADES/Login/input_CLAVE_loginpassword"), "MkG4/TYiCFC3cb2driP7+Q=="): Text ****** has been set on object 'Object Repository/3-OBJECTS UTILIDADES/Login/input_CLAVE_loginpassword'

2022-08-08 14:38:28 - [MESSAGE][PASSED] - Text ****** has been set on object 'Object Repository/3-OBJECTS UTILIDADES/Login/input_CLAVE_loginpassword'

2022-08-08 14:38:28 - [TEST_STEP][PASSED] - waitForElementClickable(findTestObject("3-OBJECTS UTILIDADES/Login/a_Ingresar"), G_TimeOut): Object 'Object Repository/3-OBJECTS UTILIDADES/Login/a_Ingresar' is clickable

2022-08-08 14:38:28 - [MESSAGE][PASSED] - Object 'Object Repository/3-OBJECTS UTILIDADES/Login/a_Ingresar' is clickable

2022-08-08 14:38:28 - [TEST_STEP][PASSED] - click(findTestObject("3-OBJECTS UTILIDADES/Login/a_Ingresar")): Object: 'Object Repository/3-OBJECTS UTILIDADES/Login/a_Ingresar' is clicked on

2022-08-08 14:38:30 - [MESSAGE][PASSED] - Object: 'Object Repository/3-OBJECTS UTILIDADES/Login/a_Ingresar' is clicked on

2022-08-08 14:38:30 - [TEST_STEP][PASSED] - element = findWebElement(findTestObject("3-OBJECTS UTILIDADES/Login/a_Ir"), 30): null

2022-08-08 14:38:30 - [TEST_STEP][PASSED] - executeJavaScript("arguments[0].click()", Arrays.asList(element)): Execute JavaScript 'arguments[0].click()' successfully

2022-08-08 14:38:30 - [MESSAGE][PASSED] - Execute JavaScript 'arguments[0].click()' successfully

2022-08-08 14:38:30 - [MESSAGE][PASSED] - Call Test Case 'Test Cases/0.1-Login' successfully

2022-08-08 14:38:30 - [TEST_STEP][PASSED] - setText(findTestObject("2-OBJECTS TAREAS SECUNDARIAS/Pruebas planta personal/Crear_un_puesto_de_trabajo/input_Empresa 1_form_templatej_idt24_input"), "Planta personal (tal)"): Text 'Planta personal (tal)' is set on object 'Object Repository/2-OBJECTS TAREAS SECUNDARIAS/Pruebas planta personal/Crear_un_puesto_de_trabajo/input_Empresa 1_form_templatej_idt24_input'

2022-08-08 14:38:31 - [MESSAGE][PASSED] - Text 'Planta personal (tal)' is set on object 'Object Repository/2-OBJECTS TAREAS SECUNDARIAS/Pruebas planta personal/Crear_un_puesto_de_trabajo/input_Empresa 1_form_templatej_idt24_input'

2022-08-08 14:38:31 - [TEST_STEP][PASSED] - click(findTestObject("2-OBJECTS TAREAS SECUNDARIAS/Pruebas planta personal/Crear_un_puesto_de_trabajo/span_Planta Personal (tal)")): Object: 'Object Repository/2-OBJECTS TAREAS SECUNDARIAS/Pruebas planta personal/Crear_un_puesto_de_trabajo/span_Planta Personal (tal)' is clicked on

2022-08-08 14:38:32 - [MESSAGE][PASSED] - Object: 'Object Repository/2-OBJECTS TAREAS SECUNDARIAS/Pruebas planta personal/Crear_un_puesto_de_trabajo/span_Planta Personal (tal)' is clicked on

2022-08-08 14:38:32 - [TEST_STEP][PASSED] - click(findTestObject("2-OBJECTS TAREAS SECUNDARIAS/Pruebas planta personal/Crear_un_puesto_de_trabajo/span_Administracion")): Object: 'Object Repository/2-OBJECTS TAREAS SECUNDARIAS/Pruebas planta personal/Crear_un_puesto_de_trabajo/span_Administracion' is clicked on

2022-08-08 14:38:33 - [MESSAGE][PASSED] - Object: 'Object Repository/2-OBJECTS TAREAS SECUNDARIAS/Pruebas planta personal/Crear_un_puesto_de_trabajo/span_Administracion' is clicked on

2022-08-08 14:38:33 - [TEST_STEP][PASSED] - click(findTestObject("2-OBJECTS TAREAS SECUNDARIAS/Pruebas planta personal/Crear_un_puesto_de_trabajo/span_Posicion")): Object: 'Object Repository/2-OBJECTS TAREAS SECUNDARIAS/Pruebas planta personal/Crear_un_puesto_de_trabajo/span_Posicion' is clicked on

2022-08-08 14:38:34 - [MESSAGE][PASSED] - Object: 'Object Repository/2-OBJECTS TAREAS SECUNDARIAS/Pruebas planta personal/Crear_un_puesto_de_trabajo/span_Posicion' is clicked on

2022-08-08 14:38:34 - [TEST_STEP][PASSED] - click(findTestObject("2-OBJECTS TAREAS SECUNDARIAS/Pruebas planta personal/Crear_un_puesto_de_trabajo/span_Administracion")): Object: 'Object Repository/2-OBJECTS TAREAS SECUNDARIAS/Pruebas planta personal/Crear_un_puesto_de_trabajo/span_Administracion' is clicked on

2022-08-08 14:38:35 - [MESSAGE][PASSED] - Object: 'Object Repository/2-OBJECTS TAREAS SECUNDARIAS/Pruebas planta personal/Crear_un_puesto_de_trabajo/span_Administracion' is clicked on

2022-08-08 14:38:35 - [TEST_STEP][PASSED] - click(findTestObject("2-OBJECTS TAREAS SECUNDARIAS/Pruebas planta personal/Crear_un_puesto_de_trabajo/a_Posicion_organigramanuevoPuestoTrabajo")): Object: 'Object Repository/2-OBJECTS TAREAS SECUNDARIAS/Pruebas planta personal/Crear_un_puesto_de_trabajo/a_Posicion_organigramanuevoPuestoTrabajo' is clicked on

2022-08-08 14:38:36 - [MESSAGE][PASSED] - Object: 'Object Repository/2-OBJECTS TAREAS SECUNDARIAS/Pruebas planta personal/Crear_un_puesto_de_trabajo/a_Posicion_organigramanuevoPuestoTrabajo' is clicked on

2022-08-08 14:38:36 - [TEST_STEP][PASSED] - click(findTestObject("2-OBJECTS TAREAS SECUNDARIAS/Pruebas planta personal/Crear_un_puesto_de_trabajo/a_Cargo_datosPuestoTrabajo_formj_idt931")): Object: 'Object Repository/2-OBJECTS TAREAS SECUNDARIAS/Pruebas planta personal/Crear_un_puesto_de_trabajo/a_Cargo_datosPuestoTrabajo_formj_idt931' is clicked on

2022-08-08 14:38:37 - [MESSAGE][PASSED] - Object: 'Object Repository/2-OBJECTS TAREAS SECUNDARIAS/Pruebas planta personal/Crear_un_puesto_de_trabajo/a_Cargo_datosPuestoTrabajo_formj_idt931' is clicked on

2022-08-08 14:38:37 - [TEST_STEP][PASSED] - click(findTestObject("2-OBJECTS TAREAS SECUNDARIAS/Pruebas planta personal/Crear_un_puesto_de_trabajo/span_ABOGADO")): Object: 'Object Repository/2-OBJECTS TAREAS SECUNDARIAS/Pruebas planta personal/Crear_un_puesto_de_trabajo/span_ABOGADO' is clicked on

2022-08-08 14:38:37 - [MESSAGE][PASSED] - Object: 'Object Repository/2-OBJECTS TAREAS SECUNDARIAS/Pruebas planta personal/Crear_un_puesto_de_trabajo/span_ABOGADO' is clicked on

2022-08-08 14:38:37 - [TEST_STEP][PASSED] - selectOptionByIndex(findTestObject("2-OBJECTS TAREAS SECUNDARIAS/Pruebas planta personal/Crear_un_puesto_de_trabajo/select_-- Seleccione --Planta Dinamica                (1)Planta Fija                    (B1)"), 1): All options with index in [1] are selected on object 'Object Repository/2-OBJECTS TAREAS SECUNDARIAS/Pruebas planta personal/Crear_un_puesto_de_trabajo/select_-- Seleccione --Planta Dinamica                (1)Planta Fija                    (B1)'

2022-08-08 14:38:38 - [MESSAGE][PASSED] - All options with index in [1] are selected on object 'Object Repository/2-OBJECTS TAREAS SECUNDARIAS/Pruebas planta personal/Crear_un_puesto_de_trabajo/select_-- Seleccione --Planta Dinamica                (1)Planta Fija                    (B1)'

2022-08-08 14:38:38 - [TEST_STEP][PASSED] - selectOptionByIndex(findTestObject("2-OBJECTS TAREAS SECUNDARIAS/Pruebas planta personal/Crear_un_puesto_de_trabajo/select_-- Seleccione --Ampleado                       (Z3)Empleado                       (B3)Mapa"), 2): All options with index in [2] are selected on object 'Object Repository/2-OBJECTS TAREAS SECUNDARIAS/Pruebas planta personal/Crear_un_puesto_de_trabajo/select_-- Seleccione --Ampleado                       (Z3)Empleado                       (B3)Mapa'

2022-08-08 14:38:39 - [MESSAGE][PASSED] - All options with index in [2] are selected on object 'Object Repository/2-OBJECTS TAREAS SECUNDARIAS/Pruebas planta personal/Crear_un_puesto_de_trabajo/select_-- Seleccione --Ampleado                       (Z3)Empleado                       (B3)Mapa'

2022-08-08 14:38:39 - [TEST_STEP][PASSED] - selectOptionByIndex(findTestObject("2-OBJECTS TAREAS SECUNDARIAS/Pruebas planta personal/Crear_un_puesto_de_trabajo/select_-- Seleccione --BloqueadoEliminadoOcupado y disponible"), 6): All options with index in [6] are selected on object 'Object Repository/2-OBJECTS TAREAS SECUNDARIAS/Pruebas planta personal/Crear_un_puesto_de_trabajo/select_-- Seleccione --BloqueadoEliminadoOcupado y disponible'

2022-08-08 14:38:41 - [MESSAGE][PASSED] - All options with index in [6] are selected on object 'Object Repository/2-OBJECTS TAREAS SECUNDARIAS/Pruebas planta personal/Crear_un_puesto_de_trabajo/select_-- Seleccione --BloqueadoEliminadoOcupado y disponible'

2022-08-08 14:38:41 - [TEST_STEP][PASSED] - click(findTestObject("2-OBJECTS TAREAS SECUNDARIAS/Pruebas planta personal/Crear_un_puesto_de_trabajo/label_No es responsable de la Unidad")): Object: 'Object Repository/2-OBJECTS TAREAS SECUNDARIAS/Pruebas planta personal/Crear_un_puesto_de_trabajo/label_No es responsable de la Unidad' is clicked on

2022-08-08 14:38:41 - [MESSAGE][PASSED] - Object: 'Object Repository/2-OBJECTS TAREAS SECUNDARIAS/Pruebas planta personal/Crear_un_puesto_de_trabajo/label_No es responsable de la Unidad' is clicked on

2022-08-08 14:38:41 - [TEST_STEP][PASSED] - click(findTestObject("2-OBJECTS TAREAS SECUNDARIAS/Pruebas planta personal/Crear_un_puesto_de_trabajo/label_No")): Object: 'Object Repository/2-OBJECTS TAREAS SECUNDARIAS/Pruebas planta personal/Crear_un_puesto_de_trabajo/label_No' is clicked on

2022-08-08 14:38:42 - [MESSAGE][PASSED] - Object: 'Object Repository/2-OBJECTS TAREAS SECUNDARIAS/Pruebas planta personal/Crear_un_puesto_de_trabajo/label_No' is clicked on

2022-08-08 14:38:42 - [TEST_STEP][PASSED] - click(findTestObject("2-OBJECTS TAREAS SECUNDARIAS/Pruebas planta personal/Crear_un_puesto_de_trabajo/span_Actualizar")): Object: 'Object Repository/2-OBJECTS TAREAS SECUNDARIAS/Pruebas planta personal/Crear_un_puesto_de_trabajo/span_Actualizar' is clicked on

2022-08-08 14:38:42 - [MESSAGE][PASSED] - Object: 'Object Repository/2-OBJECTS TAREAS SECUNDARIAS/Pruebas planta personal/Crear_un_puesto_de_trabajo/span_Actualizar' is clicked on

2022-08-08 14:38:42 - [TEST_STEP][PASSED] - click(findTestObject("2-OBJECTS TAREAS SECUNDARIAS/Pruebas planta personal/Crear_un_puesto_de_trabajo/a_Zona Econmica_datosPuestoTrabajo_formj_idt1061")): Object: 'Object Repository/2-OBJECTS TAREAS SECUNDARIAS/Pruebas planta personal/Crear_un_puesto_de_trabajo/a_Zona Econmica_datosPuestoTrabajo_formj_idt1061' is clicked on

2022-08-08 14:38:43 - [MESSAGE][PASSED] - Object: 'Object Repository/2-OBJECTS TAREAS SECUNDARIAS/Pruebas planta personal/Crear_un_puesto_de_trabajo/a_Zona Econmica_datosPuestoTrabajo_formj_idt1061' is clicked on

2022-08-08 14:38:43 - [TEST_STEP][PASSED] - click(findTestObject("2-OBJECTS TAREAS SECUNDARIAS/Pruebas planta personal/Crear_un_puesto_de_trabajo/span_ADMINISTRATIVA")): Object: 'Object Repository/2-OBJECTS TAREAS SECUNDARIAS/Pruebas planta personal/Crear_un_puesto_de_trabajo/span_ADMINISTRATIVA' is clicked on

2022-08-08 14:38:43 - [MESSAGE][PASSED] - Object: 'Object Repository/2-OBJECTS TAREAS SECUNDARIAS/Pruebas planta personal/Crear_un_puesto_de_trabajo/span_ADMINISTRATIVA' is clicked on

2022-08-08 14:38:43 - [TEST_STEP][PASSED] - selectOptionByIndex(findTestObject("2-OBJECTS TAREAS SECUNDARIAS/Pruebas planta personal/Crear_un_puesto_de_trabajo/select_-- Seleccione empleados_lineacosto --ADMINISTRATIVO -- 1NO RELACIONADA"), 1): All options with index in [1] are selected on object 'Object Repository/2-OBJECTS TAREAS SECUNDARIAS/Pruebas planta personal/Crear_un_puesto_de_trabajo/select_-- Seleccione empleados_lineacosto --ADMINISTRATIVO -- 1NO RELACIONADA'

2022-08-08 14:38:45 - [MESSAGE][PASSED] - All options with index in [1] are selected on object 'Object Repository/2-OBJECTS TAREAS SECUNDARIAS/Pruebas planta personal/Crear_un_puesto_de_trabajo/select_-- Seleccione empleados_lineacosto --ADMINISTRATIVO -- 1NO RELACIONADA'

2022-08-08 14:38:45 - [TEST_STEP][PASSED] - selectOptionByLabel(findTestObject("2-OBJECTS TAREAS SECUNDARIAS/Pruebas planta personal/Crear_un_puesto_de_trabajo/select_-- Seleccione Ubicacin Fsica --ABEJORRALABREGOACACIASACANDIACEVEDOACHIAGRADO"), "BOGOTÁ", false): All options with label 'BOGOTÁ' are selected in object 'Object Repository/2-OBJECTS TAREAS SECUNDARIAS/Pruebas planta personal/Crear_un_puesto_de_trabajo/select_-- Seleccione Ubicacin Fsica --ABEJORRALABREGOACACIASACANDIACEVEDOACHIAGRADO' 

2022-08-08 14:38:45 - [MESSAGE][PASSED] - All options with label 'BOGOTÁ' are selected in object 'Object Repository/2-OBJECTS TAREAS SECUNDARIAS/Pruebas planta personal/Crear_un_puesto_de_trabajo/select_-- Seleccione Ubicacin Fsica --ABEJORRALABREGOACACIASACANDIACEVEDOACHIAGRADO' 

2022-08-08 14:38:45 - [TEST_STEP][PASSED] - selectOptionByIndex(findTestObject("2-OBJECTS TAREAS SECUNDARIAS/Pruebas planta personal/Crear_un_puesto_de_trabajo/select_2120 HORAS1240 HORAS0NO DEFINIDO61Pensin"), 2): All options with index in [2] are selected on object 'Object Repository/2-OBJECTS TAREAS SECUNDARIAS/Pruebas planta personal/Crear_un_puesto_de_trabajo/select_2120 HORAS1240 HORAS0NO DEFINIDO61Pensin'

2022-08-08 14:38:46 - [MESSAGE][PASSED] - All options with index in [2] are selected on object 'Object Repository/2-OBJECTS TAREAS SECUNDARIAS/Pruebas planta personal/Crear_un_puesto_de_trabajo/select_2120 HORAS1240 HORAS0NO DEFINIDO61Pensin'

2022-08-08 14:38:46 - [TEST_STEP][PASSED] - selectOptionByIndex(findTestObject("2-OBJECTS TAREAS SECUNDARIAS/Pruebas planta personal/Crear_un_puesto_de_trabajo/select_12kataloonkataloonNOMINA CATORCENALNOMINA"), 3): All options with index in [3] are selected on object 'Object Repository/2-OBJECTS TAREAS SECUNDARIAS/Pruebas planta personal/Crear_un_puesto_de_trabajo/select_12kataloonkataloonNOMINA CATORCENALNOMINA'

2022-08-08 14:38:47 - [MESSAGE][PASSED] - All options with index in [3] are selected on object 'Object Repository/2-OBJECTS TAREAS SECUNDARIAS/Pruebas planta personal/Crear_un_puesto_de_trabajo/select_12kataloonkataloonNOMINA CATORCENALNOMINA'

2022-08-08 14:38:47 - [TEST_STEP][PASSED] - selectOptionByIndex(findTestObject("2-OBJECTS TAREAS SECUNDARIAS/Pruebas planta personal/Crear_un_puesto_de_trabajo/select_0.5APRENDIZ ETAPA LECTIVA6APRENDIZ ETAPA PRODUCTIVA"), 7): All options with index in [7] are selected on object 'Object Repository/2-OBJECTS TAREAS SECUNDARIAS/Pruebas planta personal/Crear_un_puesto_de_trabajo/select_0.5APRENDIZ ETAPA LECTIVA6APRENDIZ ETAPA PRODUCTIVA'

2022-08-08 14:38:48 - [MESSAGE][PASSED] - All options with index in [7] are selected on object 'Object Repository/2-OBJECTS TAREAS SECUNDARIAS/Pruebas planta personal/Crear_un_puesto_de_trabajo/select_0.5APRENDIZ ETAPA LECTIVA6APRENDIZ ETAPA PRODUCTIVA'

2022-08-08 14:38:48 - [TEST_STEP][PASSED] - selectOptionByIndex(findTestObject("2-OBJECTS TAREAS SECUNDARIAS/Pruebas planta personal/Crear_un_puesto_de_trabajo/select_ADMINISTRATIVOSAPRENDICESEMPLEADOFBROLESTSMECANICOS"), 1): All options with index in [1] are selected on object 'Object Repository/2-OBJECTS TAREAS SECUNDARIAS/Pruebas planta personal/Crear_un_puesto_de_trabajo/select_ADMINISTRATIVOSAPRENDICESEMPLEADOFBROLESTSMECANICOS'

2022-08-08 14:38:50 - [MESSAGE][PASSED] - All options with index in [1] are selected on object 'Object Repository/2-OBJECTS TAREAS SECUNDARIAS/Pruebas planta personal/Crear_un_puesto_de_trabajo/select_ADMINISTRATIVOSAPRENDICESEMPLEADOFBROLESTSMECANICOS'

2022-08-08 14:38:50 - [TEST_STEP][PASSED] - setText(findTestObject("2-OBJECTS TAREAS SECUNDARIAS/Pruebas planta personal/Crear_un_puesto_de_trabajo/input_Mesada_datosPuestoTrabajo_formsueldo"), "150000"): Text '150000' is set on object 'Object Repository/2-OBJECTS TAREAS SECUNDARIAS/Pruebas planta personal/Crear_un_puesto_de_trabajo/input_Mesada_datosPuestoTrabajo_formsueldo'

2022-08-08 14:38:50 - [MESSAGE][PASSED] - Text '150000' is set on object 'Object Repository/2-OBJECTS TAREAS SECUNDARIAS/Pruebas planta personal/Crear_un_puesto_de_trabajo/input_Mesada_datosPuestoTrabajo_formsueldo'

2022-08-08 14:38:50 - [TEST_STEP][PASSED] - click(findTestObject("2-OBJECTS TAREAS SECUNDARIAS/Pruebas planta personal/Crear_un_puesto_de_trabajo/span_Actualizar")): Object: 'Object Repository/2-OBJECTS TAREAS SECUNDARIAS/Pruebas planta personal/Crear_un_puesto_de_trabajo/span_Actualizar' is clicked on

2022-08-08 14:38:51 - [MESSAGE][PASSED] - Object: 'Object Repository/2-OBJECTS TAREAS SECUNDARIAS/Pruebas planta personal/Crear_un_puesto_de_trabajo/span_Actualizar' is clicked on

2022-08-08 14:38:51 - [TEST_STEP][PASSED] - Puesto = getAttribute(findTestObject("2-OBJECTS TAREAS SECUNDARIAS/Pruebas planta personal/Crear_un_puesto_de_trabajo/a_puesto"), "Value"): Attribute 'Value' of object 'Object Repository/2-OBJECTS TAREAS SECUNDARIAS/Pruebas planta personal/Crear_un_puesto_de_trabajo/a_puesto' is: '10610'

2022-08-08 14:38:52 - [MESSAGE][PASSED] - Attribute 'Value' of object 'Object Repository/2-OBJECTS TAREAS SECUNDARIAS/Pruebas planta personal/Crear_un_puesto_de_trabajo/a_puesto' is: '10610'

2022-08-08 14:38:52 - [TEST_STEP][PASSED] - setText(findTestObject("2-OBJECTS TAREAS SECUNDARIAS/Pruebas Compensación/Listado_Empleados/input_Empresa 1_form_templatej_idt24_input (1)"), "planta personal (tal)"): Text 'planta personal (tal)' is set on object 'Object Repository/2-OBJECTS TAREAS SECUNDARIAS/Pruebas Compensación/Listado_Empleados/input_Empresa 1_form_templatej_idt24_input (1)'

2022-08-08 14:38:52 - [MESSAGE][PASSED] - Text 'planta personal (tal)' is set on object 'Object Repository/2-OBJECTS TAREAS SECUNDARIAS/Pruebas Compensación/Listado_Empleados/input_Empresa 1_form_templatej_idt24_input (1)'

2022-08-08 14:38:52 - [TEST_STEP][PASSED] - click(findTestObject("2-OBJECTS TAREAS SECUNDARIAS/Pruebas planta personal/Buscar_puesto_de_trabajo/span_Planta Personal (ta")): Object: 'Object Repository/2-OBJECTS TAREAS SECUNDARIAS/Pruebas planta personal/Buscar_puesto_de_trabajo/span_Planta Personal (ta' is clicked on

2022-08-08 14:38:54 - [MESSAGE][PASSED] - Object: 'Object Repository/2-OBJECTS TAREAS SECUNDARIAS/Pruebas planta personal/Buscar_puesto_de_trabajo/span_Planta Personal (ta' is clicked on

2022-08-08 14:38:54 - [TEST_STEP][PASSED] - click(findTestObject("2-OBJECTS TAREAS SECUNDARIAS/Pruebas planta personal/Buscar_puesto_de_trabajo/a_Actos Administrativos_organigramabuscar")): Object: 'Object Repository/2-OBJECTS TAREAS SECUNDARIAS/Pruebas planta personal/Buscar_puesto_de_trabajo/a_Actos Administrativos_organigramabuscar' is clicked on

2022-08-08 14:38:55 - [MESSAGE][PASSED] - Object: 'Object Repository/2-OBJECTS TAREAS SECUNDARIAS/Pruebas planta personal/Buscar_puesto_de_trabajo/a_Actos Administrativos_organigramabuscar' is clicked on

2022-08-08 14:38:55 - [TEST_STEP][PASSED] - selectOptionByIndex(findTestObject("2-OBJECTS TAREAS SECUNDARIAS/Pruebas planta personal/Buscar_puesto_de_trabajo/select_--Seleccione--EmpleadoPuesto"), 2): All options with index in [2] are selected on object 'Object Repository/2-OBJECTS TAREAS SECUNDARIAS/Pruebas planta personal/Buscar_puesto_de_trabajo/select_--Seleccione--EmpleadoPuesto'

2022-08-08 14:38:56 - [MESSAGE][PASSED] - All options with index in [2] are selected on object 'Object Repository/2-OBJECTS TAREAS SECUNDARIAS/Pruebas planta personal/Buscar_puesto_de_trabajo/select_--Seleccione--EmpleadoPuesto'

2022-08-08 14:38:56 - [TEST_STEP][PASSED] - click(findTestObject("2-OBJECTS TAREAS SECUNDARIAS/Pruebas planta personal/Buscar_puesto_de_trabajo/a_Cargo_popupBusquedaPlantaj_idt279")): Object: 'Object Repository/2-OBJECTS TAREAS SECUNDARIAS/Pruebas planta personal/Buscar_puesto_de_trabajo/a_Cargo_popupBusquedaPlantaj_idt279' is clicked on

2022-08-08 14:38:57 - [MESSAGE][PASSED] - Object: 'Object Repository/2-OBJECTS TAREAS SECUNDARIAS/Pruebas planta personal/Buscar_puesto_de_trabajo/a_Cargo_popupBusquedaPlantaj_idt279' is clicked on

2022-08-08 14:38:57 - [TEST_STEP][PASSED] - click(findTestObject("2-OBJECTS TAREAS SECUNDARIAS/Pruebas planta personal/Buscar_puesto_de_trabajo/a_Unidad Organizacional_popupBusquedaPlantaj_idt274")): Object: 'Object Repository/2-OBJECTS TAREAS SECUNDARIAS/Pruebas planta personal/Buscar_puesto_de_trabajo/a_Unidad Organizacional_popupBusquedaPlantaj_idt274' is clicked on

2022-08-08 14:38:58 - [MESSAGE][PASSED] - Object: 'Object Repository/2-OBJECTS TAREAS SECUNDARIAS/Pruebas planta personal/Buscar_puesto_de_trabajo/a_Unidad Organizacional_popupBusquedaPlantaj_idt274' is clicked on

2022-08-08 14:38:58 - [TEST_STEP][PASSED] - setText(findTestObject("2-OBJECTS TAREAS SECUNDARIAS/Pruebas planta personal/Buscar_puesto_de_trabajo/input_Unidad_form_popupUnidadUsuarioj_idt880"), "administracion"): Text 'administracion' is set on object 'Object Repository/2-OBJECTS TAREAS SECUNDARIAS/Pruebas planta personal/Buscar_puesto_de_trabajo/input_Unidad_form_popupUnidadUsuarioj_idt880'

2022-08-08 14:38:59 - [MESSAGE][PASSED] - Text 'administracion' is set on object 'Object Repository/2-OBJECTS TAREAS SECUNDARIAS/Pruebas planta personal/Buscar_puesto_de_trabajo/input_Unidad_form_popupUnidadUsuarioj_idt880'

2022-08-08 14:38:59 - [TEST_STEP][PASSED] - sendKeys(findTestObject("2-OBJECTS TAREAS SECUNDARIAS/Pruebas planta personal/Buscar_puesto_de_trabajo/input_Unidad_form_popupUnidadUsuarioj_idt880"), Keys.chord(ENTER)): Keys 'ENTER + ' sent to object: 'Object Repository/2-OBJECTS TAREAS SECUNDARIAS/Pruebas planta personal/Buscar_puesto_de_trabajo/input_Unidad_form_popupUnidadUsuarioj_idt880'

2022-08-08 14:38:59 - [MESSAGE][PASSED] - Keys 'ENTER + ' sent to object: 'Object Repository/2-OBJECTS TAREAS SECUNDARIAS/Pruebas planta personal/Buscar_puesto_de_trabajo/input_Unidad_form_popupUnidadUsuarioj_idt880'

2022-08-08 14:38:59 - [TEST_STEP][PASSED] - click(findTestObject("2-OBJECTS TAREAS SECUNDARIAS/Pruebas planta personal/Buscar_puesto_de_trabajo/span_ADMINISTRACION")): Object: 'Object Repository/2-OBJECTS TAREAS SECUNDARIAS/Pruebas planta personal/Buscar_puesto_de_trabajo/span_ADMINISTRACION' is clicked on

2022-08-08 14:39:00 - [MESSAGE][PASSED] - Object: 'Object Repository/2-OBJECTS TAREAS SECUNDARIAS/Pruebas planta personal/Buscar_puesto_de_trabajo/span_ADMINISTRACION' is clicked on

2022-08-08 14:39:00 - [TEST_STEP][PASSED] - click(findTestObject("2-OBJECTS TAREAS SECUNDARIAS/Pruebas planta personal/Buscar_puesto_de_trabajo/a_Cargo_popupBusquedaPlantaj_idt2790")): Object: 'Object Repository/2-OBJECTS TAREAS SECUNDARIAS/Pruebas planta personal/Buscar_puesto_de_trabajo/a_Cargo_popupBusquedaPlantaj_idt2790' is clicked on

2022-08-08 14:39:00 - [MESSAGE][PASSED] - Object: 'Object Repository/2-OBJECTS TAREAS SECUNDARIAS/Pruebas planta personal/Buscar_puesto_de_trabajo/a_Cargo_popupBusquedaPlantaj_idt2790' is clicked on

2022-08-08 14:39:00 - [TEST_STEP][PASSED] - click(findTestObject("2-OBJECTS TAREAS SECUNDARIAS/Pruebas planta personal/Buscar_puesto_de_trabajo/span_ABOGADO")): Object: 'Object Repository/2-OBJECTS TAREAS SECUNDARIAS/Pruebas planta personal/Buscar_puesto_de_trabajo/span_ABOGADO' is clicked on

2022-08-08 14:39:01 - [MESSAGE][PASSED] - Object: 'Object Repository/2-OBJECTS TAREAS SECUNDARIAS/Pruebas planta personal/Buscar_puesto_de_trabajo/span_ABOGADO' is clicked on

2022-08-08 14:39:01 - [TEST_STEP][PASSED] - setText(findTestObject("2-OBJECTS TAREAS SECUNDARIAS/Pruebas planta personal/Buscar_puesto_de_trabajo/input_Buscar"), Puesto): Text '10610' is set on object 'Object Repository/2-OBJECTS TAREAS SECUNDARIAS/Pruebas planta personal/Buscar_puesto_de_trabajo/input_Buscar'

2022-08-08 14:39:02 - [MESSAGE][PASSED] - Text '10610' is set on object 'Object Repository/2-OBJECTS TAREAS SECUNDARIAS/Pruebas planta personal/Buscar_puesto_de_trabajo/input_Buscar'

2022-08-08 14:39:02 - [TEST_STEP][PASSED] - sendKeys(findTestObject("2-OBJECTS TAREAS SECUNDARIAS/Pruebas planta personal/Buscar_puesto_de_trabajo/input_Buscar"), Keys.chord(ENTER)): Keys 'ENTER + ' sent to object: 'Object Repository/2-OBJECTS TAREAS SECUNDARIAS/Pruebas planta personal/Buscar_puesto_de_trabajo/input_Buscar'

2022-08-08 14:39:03 - [MESSAGE][PASSED] - Keys 'ENTER + ' sent to object: 'Object Repository/2-OBJECTS TAREAS SECUNDARIAS/Pruebas planta personal/Buscar_puesto_de_trabajo/input_Buscar'

2022-08-08 14:39:03 - [TEST_STEP][PASSED] - click(findTestObject("2-OBJECTS TAREAS SECUNDARIAS/Pruebas planta personal/Buscar_puesto_de_trabajo/span_20139    - Abogado")): Object: 'Object Repository/2-OBJECTS TAREAS SECUNDARIAS/Pruebas planta personal/Buscar_puesto_de_trabajo/span_20139    - Abogado' is clicked on

2022-08-08 14:39:04 - [MESSAGE][PASSED] - Object: 'Object Repository/2-OBJECTS TAREAS SECUNDARIAS/Pruebas planta personal/Buscar_puesto_de_trabajo/span_20139    - Abogado' is clicked on

2022-08-08 14:39:04 - [TEST_STEP][PASSED] - click(findTestObject("2-OBJECTS TAREAS SECUNDARIAS/Pruebas planta personal/Buscar_puesto_de_trabajo/a_Abogado_organigramaj_idt113")): Object: 'Object Repository/2-OBJECTS TAREAS SECUNDARIAS/Pruebas planta personal/Buscar_puesto_de_trabajo/a_Abogado_organigramaj_idt113' is clicked on

2022-08-08 14:39:05 - [MESSAGE][PASSED] - Object: 'Object Repository/2-OBJECTS TAREAS SECUNDARIAS/Pruebas planta personal/Buscar_puesto_de_trabajo/a_Abogado_organigramaj_idt113' is clicked on

2022-08-08 14:39:05 - [TEST_STEP][PASSED] - scrollToElement(findTestObject("2-OBJECTS TAREAS SECUNDARIAS/Pruebas planta personal/Crear_un_puesto_de_trabajo/a_puesto"), 0): Scroll to object 'Object Repository/2-OBJECTS TAREAS SECUNDARIAS/Pruebas planta personal/Crear_un_puesto_de_trabajo/a_puesto' successfully

2022-08-08 14:39:05 - [MESSAGE][WARNING] - Timeout '0' is invalid. Using default page load timeout: '37'

2022-08-08 14:39:06 - [MESSAGE][PASSED] - Scroll to object 'Object Repository/2-OBJECTS TAREAS SECUNDARIAS/Pruebas planta personal/Crear_un_puesto_de_trabajo/a_puesto' successfully

2022-08-08 14:39:06 - [TEST_STEP][PASSED] - if (waitForElementVisible(findTestObject("2-OBJECTS TAREAS SECUNDARIAS/Pruebas planta personal/Crear_un_puesto_de_trabajo/a_puesto"), 1)): null

2022-08-08 14:39:06 - [MESSAGE][PASSED] - Object 'Object Repository/2-OBJECTS TAREAS SECUNDARIAS/Pruebas planta personal/Crear_un_puesto_de_trabajo/a_puesto' is visible

2022-08-08 14:39:06 - [TEST_STEP][PASSED] - Resultado = "Prueba ok": null

2022-08-08 14:39:06 - [TEST_STEP][PASSED] - closeBrowser(): Browser is closed

2022-08-08 14:39:07 - [MESSAGE][PASSED] - Browser is closed]]></system-out>
         <system-err><![CDATA[]]></system-err>
      </testcase>
      <testcase name="Test Cases/1.2-Tareas_Secundarias/A.2-Pruebas_planta_personal/12.1.4-Ajuste_relación_(Encargos)" time="12.364" classname="Test Cases/1.2-Tareas_Secundarias/A.2-Pruebas_planta_personal/12.1.4-Ajuste_relación_(Encargos)" status="PASSED">
         <system-out><![CDATA[2022-08-08 14:39:07 - [TEST_CASE][PASSED] - Test Cases/1.2-Tareas_Secundarias/A.2-Pruebas_planta_personal/12.1.4-Ajuste_relación_(Encargos): Test Cases/1.2-Tareas_Secundarias/A.2-Pruebas_planta_personal/12.1.4-Ajuste_relación_(Encargos)

2022-08-08 14:39:07 - [TEST_STEP][PASSED] - callTestCase(findTestCase("0.1-Login"), [:], STOP_ON_FAILURE): Call Test Case 'Test Cases/0.1-Login' successfully

2022-08-08 14:39:07 - [TEST_CASE][PASSED] - Test Cases/0.1-Login: Test Cases/0.1-Login

2022-08-08 14:39:07 - [TEST_STEP][PASSED] - openBrowser(""): Browser is opened with url: ''

2022-08-08 14:39:07 - [MESSAGE][INFO] - Starting 'Chrome' driver

2022-08-08 14:39:07 - [MESSAGE][INFO] - Action delay is set to 0 milliseconds

2022-08-08 14:39:09 - [MESSAGE][PASSED] - Browser is opened with url: ''

2022-08-08 14:39:09 - [TEST_STEP][PASSED] - maximizeWindow(): Current window maximized

2022-08-08 14:39:09 - [MESSAGE][PASSED] - Current window maximized

2022-08-08 14:39:09 - [TEST_STEP][PASSED] - i = G_Login: null

2022-08-08 14:39:09 - [TEST_STEP][PASSED] - url = new java.net.URL(i): null

2022-08-08 14:39:09 - [TEST_STEP][PASSED] - println("URL: " + url.toString()): null

2022-08-08 14:39:09 - [TEST_STEP][PASSED] - connection = url.openConnection(): null

2022-08-08 14:39:09 - [TEST_STEP][PASSED] - connection.setRequestMethod("GET"): null

2022-08-08 14:39:09 - [TEST_STEP][PASSED] - connection.setReadTimeout(2 * 1000): null

2022-08-08 14:39:09 - [TEST_STEP][PASSED] - try: null

2022-08-08 14:39:09 - [TEST_STEP][PASSED] - connection.connect(): null

2022-08-08 14:39:09 - [TEST_STEP][PASSED] - flag = connected: null

2022-08-08 14:39:09 - [TEST_STEP][PASSED] - println("Valor_ori: " + flag): null

2022-08-08 14:39:09 - [TEST_STEP][PASSED] - if (flag): null

2022-08-08 14:39:09 - [TEST_STEP][PASSED] - navigateToUrl(i): Navigate to 'http://192.168.2.19:8380/saraweb' successfully

2022-08-08 14:39:09 - [MESSAGE][PASSED] - Navigate to 'http://192.168.2.19:8380/saraweb' successfully

2022-08-08 14:39:09 - [TEST_STEP][PASSED] - a(): null

2022-08-08 14:39:09 - [TEST_STEP][PASSED] - setText(findTestObject("3-OBJECTS UTILIDADES/Login/input_USUARIO_loginusuario"), G_Usuario): Text 'saraadmin' is set on object 'Object Repository/3-OBJECTS UTILIDADES/Login/input_USUARIO_loginusuario'

2022-08-08 14:39:10 - [MESSAGE][PASSED] - Text 'saraadmin' is set on object 'Object Repository/3-OBJECTS UTILIDADES/Login/input_USUARIO_loginusuario'

2022-08-08 14:39:10 - [TEST_STEP][PASSED] - setEncryptedText(findTestObject("3-OBJECTS UTILIDADES/Login/input_CLAVE_loginpassword"), "MkG4/TYiCFC3cb2driP7+Q=="): Text ****** has been set on object 'Object Repository/3-OBJECTS UTILIDADES/Login/input_CLAVE_loginpassword'

2022-08-08 14:39:11 - [MESSAGE][PASSED] - Text ****** has been set on object 'Object Repository/3-OBJECTS UTILIDADES/Login/input_CLAVE_loginpassword'

2022-08-08 14:39:11 - [TEST_STEP][PASSED] - waitForElementClickable(findTestObject("3-OBJECTS UTILIDADES/Login/a_Ingresar"), G_TimeOut): Object 'Object Repository/3-OBJECTS UTILIDADES/Login/a_Ingresar' is clickable

2022-08-08 14:39:11 - [MESSAGE][PASSED] - Object 'Object Repository/3-OBJECTS UTILIDADES/Login/a_Ingresar' is clickable

2022-08-08 14:39:11 - [TEST_STEP][PASSED] - click(findTestObject("3-OBJECTS UTILIDADES/Login/a_Ingresar")): Object: 'Object Repository/3-OBJECTS UTILIDADES/Login/a_Ingresar' is clicked on

2022-08-08 14:39:12 - [MESSAGE][PASSED] - Object: 'Object Repository/3-OBJECTS UTILIDADES/Login/a_Ingresar' is clicked on

2022-08-08 14:39:12 - [TEST_STEP][PASSED] - element = findWebElement(findTestObject("3-OBJECTS UTILIDADES/Login/a_Ir"), 30): null

2022-08-08 14:39:13 - [TEST_STEP][PASSED] - executeJavaScript("arguments[0].click()", Arrays.asList(element)): Execute JavaScript 'arguments[0].click()' successfully

2022-08-08 14:39:13 - [MESSAGE][PASSED] - Execute JavaScript 'arguments[0].click()' successfully

2022-08-08 14:39:13 - [MESSAGE][PASSED] - Call Test Case 'Test Cases/0.1-Login' successfully

2022-08-08 14:39:13 - [TEST_STEP][PASSED] - setText(findTestObject("2-OBJECTS TAREAS SECUNDARIAS/Pruebas Compensación/Listado_Empleados/input_Empresa 1_form_templatej_idt24_input (1)"), "Planta Personal (tal)"): Text 'Planta Personal (tal)' is set on object 'Object Repository/2-OBJECTS TAREAS SECUNDARIAS/Pruebas Compensación/Listado_Empleados/input_Empresa 1_form_templatej_idt24_input (1)'

2022-08-08 14:39:14 - [MESSAGE][PASSED] - Text 'Planta Personal (tal)' is set on object 'Object Repository/2-OBJECTS TAREAS SECUNDARIAS/Pruebas Compensación/Listado_Empleados/input_Empresa 1_form_templatej_idt24_input (1)'

2022-08-08 14:39:14 - [TEST_STEP][PASSED] - click(findTestObject("2-OBJECTS TAREAS SECUNDARIAS/Pruebas planta personal/Ajuste_relación_(Encargos)/span_Planta Personal (ta")): Object: 'Object Repository/2-OBJECTS TAREAS SECUNDARIAS/Pruebas planta personal/Ajuste_relación_(Encargos)/span_Planta Personal (ta' is clicked on

2022-08-08 14:39:15 - [MESSAGE][PASSED] - Object: 'Object Repository/2-OBJECTS TAREAS SECUNDARIAS/Pruebas planta personal/Ajuste_relación_(Encargos)/span_Planta Personal (ta' is clicked on

2022-08-08 14:39:15 - [TEST_STEP][PASSED] - click(findTestObject("2-OBJECTS TAREAS SECUNDARIAS/Pruebas planta personal/Ajuste_relación_(Encargos)/a_Actos Administrativos_organigramaajusterelacion")): Object: 'Object Repository/2-OBJECTS TAREAS SECUNDARIAS/Pruebas planta personal/Ajuste_relación_(Encargos)/a_Actos Administrativos_organigramaajusterelacion' is clicked on

2022-08-08 14:39:16 - [MESSAGE][PASSED] - Object: 'Object Repository/2-OBJECTS TAREAS SECUNDARIAS/Pruebas planta personal/Ajuste_relación_(Encargos)/a_Actos Administrativos_organigramaajusterelacion' is clicked on

2022-08-08 14:39:16 - [TEST_STEP][PASSED] - click(findTestObject("2-OBJECTS TAREAS SECUNDARIAS/Pruebas planta personal/Ajuste_relación_(Encargos)/a_Ajuste Relacion")): Object: 'Object Repository/2-OBJECTS TAREAS SECUNDARIAS/Pruebas planta personal/Ajuste_relación_(Encargos)/a_Ajuste Relacion' is clicked on

2022-08-08 14:39:17 - [MESSAGE][PASSED] - Object: 'Object Repository/2-OBJECTS TAREAS SECUNDARIAS/Pruebas planta personal/Ajuste_relación_(Encargos)/a_Ajuste Relacion' is clicked on

2022-08-08 14:39:17 - [TEST_STEP][PASSED] - click(findTestObject("2-OBJECTS TAREAS SECUNDARIAS/Pruebas planta personal/Ajuste_relación_(Encargos)/a_Aceptar")): Object: 'Object Repository/2-OBJECTS TAREAS SECUNDARIAS/Pruebas planta personal/Ajuste_relación_(Encargos)/a_Aceptar' is clicked on

2022-08-08 14:39:18 - [MESSAGE][PASSED] - Object: 'Object Repository/2-OBJECTS TAREAS SECUNDARIAS/Pruebas planta personal/Ajuste_relación_(Encargos)/a_Aceptar' is clicked on

2022-08-08 14:39:18 - [TEST_STEP][PASSED] - closeBrowser(): Browser is closed

2022-08-08 14:39:19 - [MESSAGE][PASSED] - Browser is closed]]></system-out>
         <system-err><![CDATA[]]></system-err>
      </testcase>
      <testcase name="Test Cases/1.2-Tareas_Secundarias/A.2-Pruebas_planta_personal/12.1.5-Buscar_Empleado" time="20.435" classname="Test Cases/1.2-Tareas_Secundarias/A.2-Pruebas_planta_personal/12.1.5-Buscar_Empleado" status="PASSED">
         <system-out><![CDATA[2022-08-08 14:39:19 - [TEST_CASE][PASSED] - Test Cases/1.2-Tareas_Secundarias/A.2-Pruebas_planta_personal/12.1.5-Buscar_Empleado: Test Cases/1.2-Tareas_Secundarias/A.2-Pruebas_planta_personal/12.1.5-Buscar_Empleado

2022-08-08 14:39:20 - [TEST_STEP][PASSED] - callTestCase(findTestCase("0.1-Login"), [:], STOP_ON_FAILURE): Call Test Case 'Test Cases/0.1-Login' successfully

2022-08-08 14:39:20 - [TEST_CASE][PASSED] - Test Cases/0.1-Login: Test Cases/0.1-Login

2022-08-08 14:39:20 - [TEST_STEP][PASSED] - openBrowser(""): Browser is opened with url: ''

2022-08-08 14:39:20 - [MESSAGE][INFO] - Starting 'Chrome' driver

2022-08-08 14:39:20 - [MESSAGE][INFO] - Action delay is set to 0 milliseconds

2022-08-08 14:39:21 - [MESSAGE][PASSED] - Browser is opened with url: ''

2022-08-08 14:39:21 - [TEST_STEP][PASSED] - maximizeWindow(): Current window maximized

2022-08-08 14:39:21 - [MESSAGE][PASSED] - Current window maximized

2022-08-08 14:39:21 - [TEST_STEP][PASSED] - i = G_Login: null

2022-08-08 14:39:21 - [TEST_STEP][PASSED] - url = new java.net.URL(i): null

2022-08-08 14:39:21 - [TEST_STEP][PASSED] - println("URL: " + url.toString()): null

2022-08-08 14:39:21 - [TEST_STEP][PASSED] - connection = url.openConnection(): null

2022-08-08 14:39:21 - [TEST_STEP][PASSED] - connection.setRequestMethod("GET"): null

2022-08-08 14:39:21 - [TEST_STEP][PASSED] - connection.setReadTimeout(2 * 1000): null

2022-08-08 14:39:21 - [TEST_STEP][PASSED] - try: null

2022-08-08 14:39:21 - [TEST_STEP][PASSED] - connection.connect(): null

2022-08-08 14:39:21 - [TEST_STEP][PASSED] - flag = connected: null

2022-08-08 14:39:21 - [TEST_STEP][PASSED] - println("Valor_ori: " + flag): null

2022-08-08 14:39:21 - [TEST_STEP][PASSED] - if (flag): null

2022-08-08 14:39:21 - [TEST_STEP][PASSED] - navigateToUrl(i): Navigate to 'http://192.168.2.19:8380/saraweb' successfully

2022-08-08 14:39:21 - [MESSAGE][PASSED] - Navigate to 'http://192.168.2.19:8380/saraweb' successfully

2022-08-08 14:39:21 - [TEST_STEP][PASSED] - a(): null

2022-08-08 14:39:21 - [TEST_STEP][PASSED] - setText(findTestObject("3-OBJECTS UTILIDADES/Login/input_USUARIO_loginusuario"), G_Usuario): Text 'saraadmin' is set on object 'Object Repository/3-OBJECTS UTILIDADES/Login/input_USUARIO_loginusuario'

2022-08-08 14:39:22 - [MESSAGE][PASSED] - Text 'saraadmin' is set on object 'Object Repository/3-OBJECTS UTILIDADES/Login/input_USUARIO_loginusuario'

2022-08-08 14:39:22 - [TEST_STEP][PASSED] - setEncryptedText(findTestObject("3-OBJECTS UTILIDADES/Login/input_CLAVE_loginpassword"), "MkG4/TYiCFC3cb2driP7+Q=="): Text ****** has been set on object 'Object Repository/3-OBJECTS UTILIDADES/Login/input_CLAVE_loginpassword'

2022-08-08 14:39:23 - [MESSAGE][PASSED] - Text ****** has been set on object 'Object Repository/3-OBJECTS UTILIDADES/Login/input_CLAVE_loginpassword'

2022-08-08 14:39:23 - [TEST_STEP][PASSED] - waitForElementClickable(findTestObject("3-OBJECTS UTILIDADES/Login/a_Ingresar"), G_TimeOut): Object 'Object Repository/3-OBJECTS UTILIDADES/Login/a_Ingresar' is clickable

2022-08-08 14:39:23 - [MESSAGE][PASSED] - Object 'Object Repository/3-OBJECTS UTILIDADES/Login/a_Ingresar' is clickable

2022-08-08 14:39:23 - [TEST_STEP][PASSED] - click(findTestObject("3-OBJECTS UTILIDADES/Login/a_Ingresar")): Object: 'Object Repository/3-OBJECTS UTILIDADES/Login/a_Ingresar' is clicked on

2022-08-08 14:39:24 - [MESSAGE][PASSED] - Object: 'Object Repository/3-OBJECTS UTILIDADES/Login/a_Ingresar' is clicked on

2022-08-08 14:39:24 - [TEST_STEP][PASSED] - element = findWebElement(findTestObject("3-OBJECTS UTILIDADES/Login/a_Ir"), 30): null

2022-08-08 14:39:24 - [TEST_STEP][PASSED] - executeJavaScript("arguments[0].click()", Arrays.asList(element)): Execute JavaScript 'arguments[0].click()' successfully

2022-08-08 14:39:24 - [MESSAGE][PASSED] - Execute JavaScript 'arguments[0].click()' successfully

2022-08-08 14:39:24 - [MESSAGE][PASSED] - Call Test Case 'Test Cases/0.1-Login' successfully

2022-08-08 14:39:24 - [TEST_STEP][PASSED] - setText(findTestObject("2-OBJECTS TAREAS SECUNDARIAS/Pruebas planta personal/Buscar_Empleado/input_Empresa 1_form_templatej_idt24_input"), "planta personal (tal)"): Text 'planta personal (tal)' is set on object 'Object Repository/2-OBJECTS TAREAS SECUNDARIAS/Pruebas planta personal/Buscar_Empleado/input_Empresa 1_form_templatej_idt24_input'

2022-08-08 14:39:25 - [MESSAGE][PASSED] - Text 'planta personal (tal)' is set on object 'Object Repository/2-OBJECTS TAREAS SECUNDARIAS/Pruebas planta personal/Buscar_Empleado/input_Empresa 1_form_templatej_idt24_input'

2022-08-08 14:39:25 - [TEST_STEP][PASSED] - click(findTestObject("2-OBJECTS TAREAS SECUNDARIAS/Pruebas planta personal/Buscar_Empleado/span_Planta Personal (ta")): Object: 'Object Repository/2-OBJECTS TAREAS SECUNDARIAS/Pruebas planta personal/Buscar_Empleado/span_Planta Personal (ta' is clicked on

2022-08-08 14:39:26 - [MESSAGE][PASSED] - Object: 'Object Repository/2-OBJECTS TAREAS SECUNDARIAS/Pruebas planta personal/Buscar_Empleado/span_Planta Personal (ta' is clicked on

2022-08-08 14:39:26 - [TEST_STEP][PASSED] - click(findTestObject("2-OBJECTS TAREAS SECUNDARIAS/Pruebas planta personal/Buscar_Empleado/a_Actos Administrativos_organigramabuscar")): Object: 'Object Repository/2-OBJECTS TAREAS SECUNDARIAS/Pruebas planta personal/Buscar_Empleado/a_Actos Administrativos_organigramabuscar' is clicked on

2022-08-08 14:39:27 - [MESSAGE][PASSED] - Object: 'Object Repository/2-OBJECTS TAREAS SECUNDARIAS/Pruebas planta personal/Buscar_Empleado/a_Actos Administrativos_organigramabuscar' is clicked on

2022-08-08 14:39:27 - [TEST_STEP][PASSED] - selectOptionByIndex(findTestObject("2-OBJECTS TAREAS SECUNDARIAS/Pruebas planta personal/Buscar_Empleado/select_--Seleccione--EmpleadoPuesto"), 1): All options with index in [1] are selected on object 'Object Repository/2-OBJECTS TAREAS SECUNDARIAS/Pruebas planta personal/Buscar_Empleado/select_--Seleccione--EmpleadoPuesto'

2022-08-08 14:39:28 - [MESSAGE][PASSED] - All options with index in [1] are selected on object 'Object Repository/2-OBJECTS TAREAS SECUNDARIAS/Pruebas planta personal/Buscar_Empleado/select_--Seleccione--EmpleadoPuesto'

2022-08-08 14:39:28 - [TEST_STEP][PASSED] - click(findTestObject("2-OBJECTS TAREAS SECUNDARIAS/Pruebas planta personal/Buscar_Empleado/a_Identificacin_popupBusquedaPlantaj_idt286")): Object: 'Object Repository/2-OBJECTS TAREAS SECUNDARIAS/Pruebas planta personal/Buscar_Empleado/a_Identificacin_popupBusquedaPlantaj_idt286' is clicked on

2022-08-08 14:39:29 - [MESSAGE][PASSED] - Object: 'Object Repository/2-OBJECTS TAREAS SECUNDARIAS/Pruebas planta personal/Buscar_Empleado/a_Identificacin_popupBusquedaPlantaj_idt286' is clicked on

2022-08-08 14:39:29 - [TEST_STEP][PASSED] - setText(findTestObject("2-OBJECTS TAREAS SECUNDARIAS/Pruebas planta personal/Buscar_Empleado/input_Filtro Hoja de Vida_formPopupHojaVidaj_idt1339"), "mendoza cabra empleado"): Text 'mendoza cabra empleado' is set on object 'Object Repository/2-OBJECTS TAREAS SECUNDARIAS/Pruebas planta personal/Buscar_Empleado/input_Filtro Hoja de Vida_formPopupHojaVidaj_idt1339'

2022-08-08 14:39:30 - [MESSAGE][PASSED] - Text 'mendoza cabra empleado' is set on object 'Object Repository/2-OBJECTS TAREAS SECUNDARIAS/Pruebas planta personal/Buscar_Empleado/input_Filtro Hoja de Vida_formPopupHojaVidaj_idt1339'

2022-08-08 14:39:30 - [TEST_STEP][PASSED] - sendKeys(findTestObject("2-OBJECTS TAREAS SECUNDARIAS/Pruebas planta personal/Buscar_Empleado/input_Filtro Hoja de Vida_formPopupHojaVidaj_idt1339"), Keys.chord(ENTER)): Keys 'ENTER + ' sent to object: 'Object Repository/2-OBJECTS TAREAS SECUNDARIAS/Pruebas planta personal/Buscar_Empleado/input_Filtro Hoja de Vida_formPopupHojaVidaj_idt1339'

2022-08-08 14:39:31 - [MESSAGE][PASSED] - Keys 'ENTER + ' sent to object: 'Object Repository/2-OBJECTS TAREAS SECUNDARIAS/Pruebas planta personal/Buscar_Empleado/input_Filtro Hoja de Vida_formPopupHojaVidaj_idt1339'

2022-08-08 14:39:31 - [TEST_STEP][PASSED] - click(findTestObject("2-OBJECTS TAREAS SECUNDARIAS/Pruebas planta personal/Buscar_Empleado/span_Mendoza Cabra Empleado")): Object: 'Object Repository/2-OBJECTS TAREAS SECUNDARIAS/Pruebas planta personal/Buscar_Empleado/span_Mendoza Cabra Empleado' is clicked on

2022-08-08 14:39:31 - [MESSAGE][PASSED] - Object: 'Object Repository/2-OBJECTS TAREAS SECUNDARIAS/Pruebas planta personal/Buscar_Empleado/span_Mendoza Cabra Empleado' is clicked on

2022-08-08 14:39:31 - [TEST_STEP][PASSED] - click(findTestObject("2-OBJECTS TAREAS SECUNDARIAS/Pruebas planta personal/Buscar_Empleado/span_65       - Asistente")): Object: 'Object Repository/2-OBJECTS TAREAS SECUNDARIAS/Pruebas planta personal/Buscar_Empleado/span_65       - Asistente' is clicked on

2022-08-08 14:39:33 - [MESSAGE][PASSED] - Object: 'Object Repository/2-OBJECTS TAREAS SECUNDARIAS/Pruebas planta personal/Buscar_Empleado/span_65       - Asistente' is clicked on

2022-08-08 14:39:33 - [TEST_STEP][PASSED] - scrollToElement(findTestObject("2-OBJECTS TAREAS SECUNDARIAS/Pruebas planta personal/Buscar_Empleado/a_1"), 0): Scroll to object 'Object Repository/2-OBJECTS TAREAS SECUNDARIAS/Pruebas planta personal/Buscar_Empleado/a_1' successfully

2022-08-08 14:39:33 - [MESSAGE][WARNING] - Timeout '0' is invalid. Using default page load timeout: '37'

2022-08-08 14:39:35 - [MESSAGE][PASSED] - Scroll to object 'Object Repository/2-OBJECTS TAREAS SECUNDARIAS/Pruebas planta personal/Buscar_Empleado/a_1' successfully

2022-08-08 14:39:35 - [TEST_STEP][PASSED] - setText(findTestObject("2-OBJECTS TAREAS SECUNDARIAS/Pruebas planta personal/Buscar_Empleado/input_A1            - Administracion_organigramalistaPuestosActivosj_idt150"), "Mendoza 960"): Text 'Mendoza 960' is set on object 'Object Repository/2-OBJECTS TAREAS SECUNDARIAS/Pruebas planta personal/Buscar_Empleado/input_A1            - Administracion_organigramalistaPuestosActivosj_idt150'

2022-08-08 14:39:36 - [MESSAGE][PASSED] - Text 'Mendoza 960' is set on object 'Object Repository/2-OBJECTS TAREAS SECUNDARIAS/Pruebas planta personal/Buscar_Empleado/input_A1            - Administracion_organigramalistaPuestosActivosj_idt150'

2022-08-08 14:39:36 - [TEST_STEP][PASSED] - sendKeys(findTestObject("2-OBJECTS TAREAS SECUNDARIAS/Pruebas planta personal/Buscar_Empleado/input_A1            - Administracion_organigramalistaPuestosActivosj_idt150"), Keys.chord(ENTER)): Keys 'ENTER + ' sent to object: 'Object Repository/2-OBJECTS TAREAS SECUNDARIAS/Pruebas planta personal/Buscar_Empleado/input_A1            - Administracion_organigramalistaPuestosActivosj_idt150'

2022-08-08 14:39:37 - [MESSAGE][PASSED] - Keys 'ENTER + ' sent to object: 'Object Repository/2-OBJECTS TAREAS SECUNDARIAS/Pruebas planta personal/Buscar_Empleado/input_A1            - Administracion_organigramalistaPuestosActivosj_idt150'

2022-08-08 14:39:37 - [TEST_STEP][PASSED] - click(findTestObject("2-OBJECTS TAREAS SECUNDARIAS/Pruebas planta personal/Buscar_Empleado/span_Mendoza Cabra Empleado0")): Object: 'Object Repository/2-OBJECTS TAREAS SECUNDARIAS/Pruebas planta personal/Buscar_Empleado/span_Mendoza Cabra Empleado0' is clicked on

2022-08-08 14:39:38 - [MESSAGE][PASSED] - Object: 'Object Repository/2-OBJECTS TAREAS SECUNDARIAS/Pruebas planta personal/Buscar_Empleado/span_Mendoza Cabra Empleado0' is clicked on

2022-08-08 14:39:38 - [TEST_STEP][PASSED] - scrollToElement(findTestObject("2-OBJECTS TAREAS SECUNDARIAS/Pruebas planta personal/Buscar_Empleado/div_Mendoza Cabra Empleado Asistente"), 1): Scroll to object 'Object Repository/2-OBJECTS TAREAS SECUNDARIAS/Pruebas planta personal/Buscar_Empleado/div_Mendoza Cabra Empleado Asistente' successfully

2022-08-08 14:39:39 - [MESSAGE][PASSED] - Scroll to object 'Object Repository/2-OBJECTS TAREAS SECUNDARIAS/Pruebas planta personal/Buscar_Empleado/div_Mendoza Cabra Empleado Asistente' successfully

2022-08-08 14:39:39 - [TEST_STEP][PASSED] - if (waitForElementVisible(findTestObject("2-OBJECTS TAREAS SECUNDARIAS/Pruebas planta personal/Buscar_Empleado/div_Mendoza Cabra Empleado Asistente"), 1)): null

2022-08-08 14:39:39 - [MESSAGE][PASSED] - Object 'Object Repository/2-OBJECTS TAREAS SECUNDARIAS/Pruebas planta personal/Buscar_Empleado/div_Mendoza Cabra Empleado Asistente' is visible

2022-08-08 14:39:39 - [TEST_STEP][PASSED] - Resultado = "PRUEBA OK": null

2022-08-08 14:39:39 - [TEST_STEP][PASSED] - closeBrowser(): Browser is closed

2022-08-08 14:39:40 - [MESSAGE][PASSED] - Browser is closed

2022-08-08 14:39:40 - [TEST_STEP][PASSED] - closeBrowser(): Browser is closed

2022-08-08 14:39:40 - [MESSAGE][PASSED] - Browser is closed]]></system-out>
         <system-err><![CDATA[]]></system-err>
      </testcase>
      <testcase name="Test Cases/1.2-Tareas_Secundarias/A.2-Pruebas_planta_personal/12.1.6-Buscar_puesto_de_trabajo" time="17.832" classname="Test Cases/1.2-Tareas_Secundarias/A.2-Pruebas_planta_personal/12.1.6-Buscar_puesto_de_trabajo" status="PASSED">
         <system-out><![CDATA[2022-08-08 14:39:40 - [TEST_CASE][PASSED] - Test Cases/1.2-Tareas_Secundarias/A.2-Pruebas_planta_personal/12.1.6-Buscar_puesto_de_trabajo: Test Cases/1.2-Tareas_Secundarias/A.2-Pruebas_planta_personal/12.1.6-Buscar_puesto_de_trabajo

2022-08-08 14:39:40 - [TEST_STEP][PASSED] - callTestCase(findTestCase("0.1-Login"), [:], STOP_ON_FAILURE): Call Test Case 'Test Cases/0.1-Login' successfully

2022-08-08 14:39:40 - [TEST_CASE][PASSED] - Test Cases/0.1-Login: Test Cases/0.1-Login

2022-08-08 14:39:40 - [TEST_STEP][PASSED] - openBrowser(""): Browser is opened with url: ''

2022-08-08 14:39:40 - [MESSAGE][INFO] - Starting 'Chrome' driver

2022-08-08 14:39:40 - [MESSAGE][INFO] - Action delay is set to 0 milliseconds

2022-08-08 14:39:42 - [MESSAGE][PASSED] - Browser is opened with url: ''

2022-08-08 14:39:42 - [TEST_STEP][PASSED] - maximizeWindow(): Current window maximized

2022-08-08 14:39:42 - [MESSAGE][PASSED] - Current window maximized

2022-08-08 14:39:42 - [TEST_STEP][PASSED] - i = G_Login: null

2022-08-08 14:39:42 - [TEST_STEP][PASSED] - url = new java.net.URL(i): null

2022-08-08 14:39:42 - [TEST_STEP][PASSED] - println("URL: " + url.toString()): null

2022-08-08 14:39:42 - [TEST_STEP][PASSED] - connection = url.openConnection(): null

2022-08-08 14:39:42 - [TEST_STEP][PASSED] - connection.setRequestMethod("GET"): null

2022-08-08 14:39:42 - [TEST_STEP][PASSED] - connection.setReadTimeout(2 * 1000): null

2022-08-08 14:39:42 - [TEST_STEP][PASSED] - try: null

2022-08-08 14:39:42 - [TEST_STEP][PASSED] - connection.connect(): null

2022-08-08 14:39:42 - [TEST_STEP][PASSED] - flag = connected: null

2022-08-08 14:39:42 - [TEST_STEP][PASSED] - println("Valor_ori: " + flag): null

2022-08-08 14:39:42 - [TEST_STEP][PASSED] - if (flag): null

2022-08-08 14:39:42 - [TEST_STEP][PASSED] - navigateToUrl(i): Navigate to 'http://192.168.2.19:8380/saraweb' successfully

2022-08-08 14:39:42 - [MESSAGE][PASSED] - Navigate to 'http://192.168.2.19:8380/saraweb' successfully

2022-08-08 14:39:42 - [TEST_STEP][PASSED] - a(): null

2022-08-08 14:39:42 - [TEST_STEP][PASSED] - setText(findTestObject("3-OBJECTS UTILIDADES/Login/input_USUARIO_loginusuario"), G_Usuario): Text 'saraadmin' is set on object 'Object Repository/3-OBJECTS UTILIDADES/Login/input_USUARIO_loginusuario'

2022-08-08 14:39:43 - [MESSAGE][PASSED] - Text 'saraadmin' is set on object 'Object Repository/3-OBJECTS UTILIDADES/Login/input_USUARIO_loginusuario'

2022-08-08 14:39:43 - [TEST_STEP][PASSED] - setEncryptedText(findTestObject("3-OBJECTS UTILIDADES/Login/input_CLAVE_loginpassword"), "MkG4/TYiCFC3cb2driP7+Q=="): Text ****** has been set on object 'Object Repository/3-OBJECTS UTILIDADES/Login/input_CLAVE_loginpassword'

2022-08-08 14:39:43 - [MESSAGE][PASSED] - Text ****** has been set on object 'Object Repository/3-OBJECTS UTILIDADES/Login/input_CLAVE_loginpassword'

2022-08-08 14:39:43 - [TEST_STEP][PASSED] - waitForElementClickable(findTestObject("3-OBJECTS UTILIDADES/Login/a_Ingresar"), G_TimeOut): Object 'Object Repository/3-OBJECTS UTILIDADES/Login/a_Ingresar' is clickable

2022-08-08 14:39:44 - [MESSAGE][PASSED] - Object 'Object Repository/3-OBJECTS UTILIDADES/Login/a_Ingresar' is clickable

2022-08-08 14:39:44 - [TEST_STEP][PASSED] - click(findTestObject("3-OBJECTS UTILIDADES/Login/a_Ingresar")): Object: 'Object Repository/3-OBJECTS UTILIDADES/Login/a_Ingresar' is clicked on

2022-08-08 14:39:45 - [MESSAGE][PASSED] - Object: 'Object Repository/3-OBJECTS UTILIDADES/Login/a_Ingresar' is clicked on

2022-08-08 14:39:45 - [TEST_STEP][PASSED] - element = findWebElement(findTestObject("3-OBJECTS UTILIDADES/Login/a_Ir"), 30): null

2022-08-08 14:39:45 - [TEST_STEP][PASSED] - executeJavaScript("arguments[0].click()", Arrays.asList(element)): Execute JavaScript 'arguments[0].click()' successfully

2022-08-08 14:39:45 - [MESSAGE][PASSED] - Execute JavaScript 'arguments[0].click()' successfully

2022-08-08 14:39:45 - [MESSAGE][PASSED] - Call Test Case 'Test Cases/0.1-Login' successfully

2022-08-08 14:39:45 - [TEST_STEP][PASSED] - setText(findTestObject("2-OBJECTS TAREAS SECUNDARIAS/Pruebas Compensación/Listado_Empleados/input_Empresa 1_form_templatej_idt24_input (1)"), "planta personal (tal)"): Text 'planta personal (tal)' is set on object 'Object Repository/2-OBJECTS TAREAS SECUNDARIAS/Pruebas Compensación/Listado_Empleados/input_Empresa 1_form_templatej_idt24_input (1)'

2022-08-08 14:39:46 - [MESSAGE][PASSED] - Text 'planta personal (tal)' is set on object 'Object Repository/2-OBJECTS TAREAS SECUNDARIAS/Pruebas Compensación/Listado_Empleados/input_Empresa 1_form_templatej_idt24_input (1)'

2022-08-08 14:39:46 - [TEST_STEP][PASSED] - click(findTestObject("2-OBJECTS TAREAS SECUNDARIAS/Pruebas planta personal/Buscar_puesto_de_trabajo/span_Planta Personal (ta")): Object: 'Object Repository/2-OBJECTS TAREAS SECUNDARIAS/Pruebas planta personal/Buscar_puesto_de_trabajo/span_Planta Personal (ta' is clicked on

2022-08-08 14:39:48 - [MESSAGE][PASSED] - Object: 'Object Repository/2-OBJECTS TAREAS SECUNDARIAS/Pruebas planta personal/Buscar_puesto_de_trabajo/span_Planta Personal (ta' is clicked on

2022-08-08 14:39:48 - [TEST_STEP][PASSED] - click(findTestObject("2-OBJECTS TAREAS SECUNDARIAS/Pruebas planta personal/Buscar_puesto_de_trabajo/a_Actos Administrativos_organigramabuscar")): Object: 'Object Repository/2-OBJECTS TAREAS SECUNDARIAS/Pruebas planta personal/Buscar_puesto_de_trabajo/a_Actos Administrativos_organigramabuscar' is clicked on

2022-08-08 14:39:49 - [MESSAGE][PASSED] - Object: 'Object Repository/2-OBJECTS TAREAS SECUNDARIAS/Pruebas planta personal/Buscar_puesto_de_trabajo/a_Actos Administrativos_organigramabuscar' is clicked on

2022-08-08 14:39:49 - [TEST_STEP][PASSED] - selectOptionByIndex(findTestObject("2-OBJECTS TAREAS SECUNDARIAS/Pruebas planta personal/Buscar_puesto_de_trabajo/select_--Seleccione--EmpleadoPuesto"), 2): All options with index in [2] are selected on object 'Object Repository/2-OBJECTS TAREAS SECUNDARIAS/Pruebas planta personal/Buscar_puesto_de_trabajo/select_--Seleccione--EmpleadoPuesto'

2022-08-08 14:39:51 - [MESSAGE][PASSED] - All options with index in [2] are selected on object 'Object Repository/2-OBJECTS TAREAS SECUNDARIAS/Pruebas planta personal/Buscar_puesto_de_trabajo/select_--Seleccione--EmpleadoPuesto'

2022-08-08 14:39:51 - [TEST_STEP][PASSED] - click(findTestObject("2-OBJECTS TAREAS SECUNDARIAS/Pruebas planta personal/Buscar_puesto_de_trabajo/a_Cargo_popupBusquedaPlantaj_idt279")): Object: 'Object Repository/2-OBJECTS TAREAS SECUNDARIAS/Pruebas planta personal/Buscar_puesto_de_trabajo/a_Cargo_popupBusquedaPlantaj_idt279' is clicked on

2022-08-08 14:39:51 - [MESSAGE][PASSED] - Object: 'Object Repository/2-OBJECTS TAREAS SECUNDARIAS/Pruebas planta personal/Buscar_puesto_de_trabajo/a_Cargo_popupBusquedaPlantaj_idt279' is clicked on

2022-08-08 14:39:51 - [TEST_STEP][PASSED] - click(findTestObject("2-OBJECTS TAREAS SECUNDARIAS/Pruebas planta personal/Buscar_puesto_de_trabajo/a_Unidad Organizacional_popupBusquedaPlantaj_idt274")): Object: 'Object Repository/2-OBJECTS TAREAS SECUNDARIAS/Pruebas planta personal/Buscar_puesto_de_trabajo/a_Unidad Organizacional_popupBusquedaPlantaj_idt274' is clicked on

2022-08-08 14:39:52 - [MESSAGE][PASSED] - Object: 'Object Repository/2-OBJECTS TAREAS SECUNDARIAS/Pruebas planta personal/Buscar_puesto_de_trabajo/a_Unidad Organizacional_popupBusquedaPlantaj_idt274' is clicked on

2022-08-08 14:39:52 - [TEST_STEP][PASSED] - setText(findTestObject("2-OBJECTS TAREAS SECUNDARIAS/Pruebas planta personal/Buscar_puesto_de_trabajo/input_Unidad_form_popupUnidadUsuarioj_idt880"), "administracion"): Text 'administracion' is set on object 'Object Repository/2-OBJECTS TAREAS SECUNDARIAS/Pruebas planta personal/Buscar_puesto_de_trabajo/input_Unidad_form_popupUnidadUsuarioj_idt880'

2022-08-08 14:39:53 - [MESSAGE][PASSED] - Text 'administracion' is set on object 'Object Repository/2-OBJECTS TAREAS SECUNDARIAS/Pruebas planta personal/Buscar_puesto_de_trabajo/input_Unidad_form_popupUnidadUsuarioj_idt880'

2022-08-08 14:39:53 - [TEST_STEP][PASSED] - sendKeys(findTestObject("2-OBJECTS TAREAS SECUNDARIAS/Pruebas planta personal/Buscar_puesto_de_trabajo/input_Unidad_form_popupUnidadUsuarioj_idt880"), Keys.chord(ENTER)): Keys 'ENTER + ' sent to object: 'Object Repository/2-OBJECTS TAREAS SECUNDARIAS/Pruebas planta personal/Buscar_puesto_de_trabajo/input_Unidad_form_popupUnidadUsuarioj_idt880'

2022-08-08 14:39:53 - [MESSAGE][PASSED] - Keys 'ENTER + ' sent to object: 'Object Repository/2-OBJECTS TAREAS SECUNDARIAS/Pruebas planta personal/Buscar_puesto_de_trabajo/input_Unidad_form_popupUnidadUsuarioj_idt880'

2022-08-08 14:39:53 - [TEST_STEP][PASSED] - click(findTestObject("2-OBJECTS TAREAS SECUNDARIAS/Pruebas planta personal/Buscar_puesto_de_trabajo/span_ADMINISTRACION")): Object: 'Object Repository/2-OBJECTS TAREAS SECUNDARIAS/Pruebas planta personal/Buscar_puesto_de_trabajo/span_ADMINISTRACION' is clicked on

2022-08-08 14:39:54 - [MESSAGE][PASSED] - Object: 'Object Repository/2-OBJECTS TAREAS SECUNDARIAS/Pruebas planta personal/Buscar_puesto_de_trabajo/span_ADMINISTRACION' is clicked on

2022-08-08 14:39:54 - [TEST_STEP][PASSED] - click(findTestObject("2-OBJECTS TAREAS SECUNDARIAS/Pruebas planta personal/Buscar_puesto_de_trabajo/a_Cargo_popupBusquedaPlantaj_idt2790")): Object: 'Object Repository/2-OBJECTS TAREAS SECUNDARIAS/Pruebas planta personal/Buscar_puesto_de_trabajo/a_Cargo_popupBusquedaPlantaj_idt2790' is clicked on

2022-08-08 14:39:54 - [MESSAGE][PASSED] - Object: 'Object Repository/2-OBJECTS TAREAS SECUNDARIAS/Pruebas planta personal/Buscar_puesto_de_trabajo/a_Cargo_popupBusquedaPlantaj_idt2790' is clicked on

2022-08-08 14:39:54 - [TEST_STEP][PASSED] - click(findTestObject("2-OBJECTS TAREAS SECUNDARIAS/Pruebas planta personal/Buscar_puesto_de_trabajo/span_ABOGADO")): Object: 'Object Repository/2-OBJECTS TAREAS SECUNDARIAS/Pruebas planta personal/Buscar_puesto_de_trabajo/span_ABOGADO' is clicked on

2022-08-08 14:39:55 - [MESSAGE][PASSED] - Object: 'Object Repository/2-OBJECTS TAREAS SECUNDARIAS/Pruebas planta personal/Buscar_puesto_de_trabajo/span_ABOGADO' is clicked on

2022-08-08 14:39:55 - [TEST_STEP][PASSED] - click(findTestObject("2-OBJECTS TAREAS SECUNDARIAS/Pruebas planta personal/Buscar_puesto_de_trabajo/span_20139    - Abogado")): Object: 'Object Repository/2-OBJECTS TAREAS SECUNDARIAS/Pruebas planta personal/Buscar_puesto_de_trabajo/span_20139    - Abogado' is clicked on

2022-08-08 14:39:56 - [MESSAGE][PASSED] - Object: 'Object Repository/2-OBJECTS TAREAS SECUNDARIAS/Pruebas planta personal/Buscar_puesto_de_trabajo/span_20139    - Abogado' is clicked on

2022-08-08 14:39:56 - [TEST_STEP][PASSED] - scrollToElement(findTestObject("2-OBJECTS TAREAS SECUNDARIAS/Pruebas planta personal/Buscar_puesto_de_trabajo/span_10308"), 0): Scroll to object 'Object Repository/2-OBJECTS TAREAS SECUNDARIAS/Pruebas planta personal/Buscar_puesto_de_trabajo/span_10308' successfully

2022-08-08 14:39:56 - [MESSAGE][WARNING] - Timeout '0' is invalid. Using default page load timeout: '37'

2022-08-08 14:39:57 - [MESSAGE][PASSED] - Scroll to object 'Object Repository/2-OBJECTS TAREAS SECUNDARIAS/Pruebas planta personal/Buscar_puesto_de_trabajo/span_10308' successfully

2022-08-08 14:39:57 - [TEST_STEP][PASSED] - if (waitForElementVisible(findTestObject("2-OBJECTS TAREAS SECUNDARIAS/Pruebas planta personal/Buscar_puesto_de_trabajo/span_10308"), 1)): null

2022-08-08 14:39:57 - [MESSAGE][PASSED] - Object 'Object Repository/2-OBJECTS TAREAS SECUNDARIAS/Pruebas planta personal/Buscar_puesto_de_trabajo/span_10308' is visible

2022-08-08 14:39:57 - [TEST_STEP][PASSED] - Resultado = "PRUEBA OK": null]]></system-out>
         <system-err><![CDATA[]]></system-err>
      </testcase>
      <testcase name="Test Cases/1.2-Tareas_Secundarias/A.2-Pruebas_planta_personal/12.1.7-Consultar_posición__nómina" time="22.005" classname="Test Cases/1.2-Tareas_Secundarias/A.2-Pruebas_planta_personal/12.1.7-Consultar_posición__nómina" status="PASSED">
         <system-out><![CDATA[2022-08-08 14:39:58 - [TEST_CASE][PASSED] - Test Cases/1.2-Tareas_Secundarias/A.2-Pruebas_planta_personal/12.1.7-Consultar_posición__nómina: Test Cases/1.2-Tareas_Secundarias/A.2-Pruebas_planta_personal/12.1.7-Consultar_posición__nómina

2022-08-08 14:39:58 - [TEST_STEP][PASSED] - callTestCase(findTestCase("1.2-Tareas_Secundarias/A.2-Pruebas_planta_personal/12.1.6-Buscar_puesto_de_trabajo"), [:], STOP_ON_FAILURE): Call Test Case 'Test Cases/1.2-Tareas_Secundarias/A.2-Pruebas_planta_personal/12.1.6-Buscar_puesto_de_trabajo' successfully

2022-08-08 14:39:58 - [TEST_CASE][PASSED] - Test Cases/1.2-Tareas_Secundarias/A.2-Pruebas_planta_personal/12.1.6-Buscar_puesto_de_trabajo: Test Cases/1.2-Tareas_Secundarias/A.2-Pruebas_planta_personal/12.1.6-Buscar_puesto_de_trabajo

2022-08-08 14:39:58 - [TEST_STEP][PASSED] - callTestCase(findTestCase("0.1-Login"), [:], STOP_ON_FAILURE): Call Test Case 'Test Cases/0.1-Login' successfully

2022-08-08 14:39:58 - [TEST_CASE][PASSED] - Test Cases/0.1-Login: Test Cases/0.1-Login

2022-08-08 14:39:58 - [TEST_STEP][PASSED] - openBrowser(""): Browser is opened with url: ''

2022-08-08 14:39:58 - [MESSAGE][WARNING] - A browser is already opened. Closing browser and opening a new one

2022-08-08 14:39:59 - [MESSAGE][INFO] - Starting 'Chrome' driver

2022-08-08 14:39:59 - [MESSAGE][INFO] - Action delay is set to 0 milliseconds

2022-08-08 14:40:00 - [MESSAGE][PASSED] - Browser is opened with url: ''

2022-08-08 14:40:00 - [TEST_STEP][PASSED] - maximizeWindow(): Current window maximized

2022-08-08 14:40:00 - [MESSAGE][PASSED] - Current window maximized

2022-08-08 14:40:00 - [TEST_STEP][PASSED] - i = G_Login: null

2022-08-08 14:40:00 - [TEST_STEP][PASSED] - url = new java.net.URL(i): null

2022-08-08 14:40:00 - [TEST_STEP][PASSED] - println("URL: " + url.toString()): null

2022-08-08 14:40:00 - [TEST_STEP][PASSED] - connection = url.openConnection(): null

2022-08-08 14:40:00 - [TEST_STEP][PASSED] - connection.setRequestMethod("GET"): null

2022-08-08 14:40:00 - [TEST_STEP][PASSED] - connection.setReadTimeout(2 * 1000): null

2022-08-08 14:40:00 - [TEST_STEP][PASSED] - try: null

2022-08-08 14:40:00 - [TEST_STEP][PASSED] - connection.connect(): null

2022-08-08 14:40:00 - [TEST_STEP][PASSED] - flag = connected: null

2022-08-08 14:40:00 - [TEST_STEP][PASSED] - println("Valor_ori: " + flag): null

2022-08-08 14:40:00 - [TEST_STEP][PASSED] - if (flag): null

2022-08-08 14:40:00 - [TEST_STEP][PASSED] - navigateToUrl(i): Navigate to 'http://192.168.2.19:8380/saraweb' successfully

2022-08-08 14:40:01 - [MESSAGE][PASSED] - Navigate to 'http://192.168.2.19:8380/saraweb' successfully

2022-08-08 14:40:01 - [TEST_STEP][PASSED] - a(): null

2022-08-08 14:40:01 - [TEST_STEP][PASSED] - setText(findTestObject("3-OBJECTS UTILIDADES/Login/input_USUARIO_loginusuario"), G_Usuario): Text 'saraadmin' is set on object 'Object Repository/3-OBJECTS UTILIDADES/Login/input_USUARIO_loginusuario'

2022-08-08 14:40:02 - [MESSAGE][PASSED] - Text 'saraadmin' is set on object 'Object Repository/3-OBJECTS UTILIDADES/Login/input_USUARIO_loginusuario'

2022-08-08 14:40:02 - [TEST_STEP][PASSED] - setEncryptedText(findTestObject("3-OBJECTS UTILIDADES/Login/input_CLAVE_loginpassword"), "MkG4/TYiCFC3cb2driP7+Q=="): Text ****** has been set on object 'Object Repository/3-OBJECTS UTILIDADES/Login/input_CLAVE_loginpassword'

2022-08-08 14:40:02 - [MESSAGE][PASSED] - Text ****** has been set on object 'Object Repository/3-OBJECTS UTILIDADES/Login/input_CLAVE_loginpassword'

2022-08-08 14:40:02 - [TEST_STEP][PASSED] - waitForElementClickable(findTestObject("3-OBJECTS UTILIDADES/Login/a_Ingresar"), G_TimeOut): Object 'Object Repository/3-OBJECTS UTILIDADES/Login/a_Ingresar' is clickable

2022-08-08 14:40:02 - [MESSAGE][PASSED] - Object 'Object Repository/3-OBJECTS UTILIDADES/Login/a_Ingresar' is clickable

2022-08-08 14:40:02 - [TEST_STEP][PASSED] - click(findTestObject("3-OBJECTS UTILIDADES/Login/a_Ingresar")): Object: 'Object Repository/3-OBJECTS UTILIDADES/Login/a_Ingresar' is clicked on

2022-08-08 14:40:03 - [MESSAGE][PASSED] - Object: 'Object Repository/3-OBJECTS UTILIDADES/Login/a_Ingresar' is clicked on

2022-08-08 14:40:03 - [TEST_STEP][PASSED] - element = findWebElement(findTestObject("3-OBJECTS UTILIDADES/Login/a_Ir"), 30): null

2022-08-08 14:40:04 - [TEST_STEP][PASSED] - executeJavaScript("arguments[0].click()", Arrays.asList(element)): Execute JavaScript 'arguments[0].click()' successfully

2022-08-08 14:40:04 - [MESSAGE][PASSED] - Execute JavaScript 'arguments[0].click()' successfully

2022-08-08 14:40:04 - [MESSAGE][PASSED] - Call Test Case 'Test Cases/0.1-Login' successfully

2022-08-08 14:40:04 - [TEST_STEP][PASSED] - setText(findTestObject("2-OBJECTS TAREAS SECUNDARIAS/Pruebas Compensación/Listado_Empleados/input_Empresa 1_form_templatej_idt24_input (1)"), "planta personal (tal)"): Text 'planta personal (tal)' is set on object 'Object Repository/2-OBJECTS TAREAS SECUNDARIAS/Pruebas Compensación/Listado_Empleados/input_Empresa 1_form_templatej_idt24_input (1)'

2022-08-08 14:40:05 - [MESSAGE][PASSED] - Text 'planta personal (tal)' is set on object 'Object Repository/2-OBJECTS TAREAS SECUNDARIAS/Pruebas Compensación/Listado_Empleados/input_Empresa 1_form_templatej_idt24_input (1)'

2022-08-08 14:40:05 - [TEST_STEP][PASSED] - click(findTestObject("2-OBJECTS TAREAS SECUNDARIAS/Pruebas planta personal/Buscar_puesto_de_trabajo/span_Planta Personal (ta")): Object: 'Object Repository/2-OBJECTS TAREAS SECUNDARIAS/Pruebas planta personal/Buscar_puesto_de_trabajo/span_Planta Personal (ta' is clicked on

2022-08-08 14:40:06 - [MESSAGE][PASSED] - Object: 'Object Repository/2-OBJECTS TAREAS SECUNDARIAS/Pruebas planta personal/Buscar_puesto_de_trabajo/span_Planta Personal (ta' is clicked on

2022-08-08 14:40:06 - [TEST_STEP][PASSED] - click(findTestObject("2-OBJECTS TAREAS SECUNDARIAS/Pruebas planta personal/Buscar_puesto_de_trabajo/a_Actos Administrativos_organigramabuscar")): Object: 'Object Repository/2-OBJECTS TAREAS SECUNDARIAS/Pruebas planta personal/Buscar_puesto_de_trabajo/a_Actos Administrativos_organigramabuscar' is clicked on

2022-08-08 14:40:07 - [MESSAGE][PASSED] - Object: 'Object Repository/2-OBJECTS TAREAS SECUNDARIAS/Pruebas planta personal/Buscar_puesto_de_trabajo/a_Actos Administrativos_organigramabuscar' is clicked on

2022-08-08 14:40:07 - [TEST_STEP][PASSED] - selectOptionByIndex(findTestObject("2-OBJECTS TAREAS SECUNDARIAS/Pruebas planta personal/Buscar_puesto_de_trabajo/select_--Seleccione--EmpleadoPuesto"), 2): All options with index in [2] are selected on object 'Object Repository/2-OBJECTS TAREAS SECUNDARIAS/Pruebas planta personal/Buscar_puesto_de_trabajo/select_--Seleccione--EmpleadoPuesto'

2022-08-08 14:40:08 - [MESSAGE][PASSED] - All options with index in [2] are selected on object 'Object Repository/2-OBJECTS TAREAS SECUNDARIAS/Pruebas planta personal/Buscar_puesto_de_trabajo/select_--Seleccione--EmpleadoPuesto'

2022-08-08 14:40:08 - [TEST_STEP][PASSED] - click(findTestObject("2-OBJECTS TAREAS SECUNDARIAS/Pruebas planta personal/Buscar_puesto_de_trabajo/a_Cargo_popupBusquedaPlantaj_idt279")): Object: 'Object Repository/2-OBJECTS TAREAS SECUNDARIAS/Pruebas planta personal/Buscar_puesto_de_trabajo/a_Cargo_popupBusquedaPlantaj_idt279' is clicked on

2022-08-08 14:40:09 - [MESSAGE][PASSED] - Object: 'Object Repository/2-OBJECTS TAREAS SECUNDARIAS/Pruebas planta personal/Buscar_puesto_de_trabajo/a_Cargo_popupBusquedaPlantaj_idt279' is clicked on

2022-08-08 14:40:09 - [TEST_STEP][PASSED] - click(findTestObject("2-OBJECTS TAREAS SECUNDARIAS/Pruebas planta personal/Buscar_puesto_de_trabajo/a_Unidad Organizacional_popupBusquedaPlantaj_idt274")): Object: 'Object Repository/2-OBJECTS TAREAS SECUNDARIAS/Pruebas planta personal/Buscar_puesto_de_trabajo/a_Unidad Organizacional_popupBusquedaPlantaj_idt274' is clicked on

2022-08-08 14:40:09 - [MESSAGE][PASSED] - Object: 'Object Repository/2-OBJECTS TAREAS SECUNDARIAS/Pruebas planta personal/Buscar_puesto_de_trabajo/a_Unidad Organizacional_popupBusquedaPlantaj_idt274' is clicked on

2022-08-08 14:40:09 - [TEST_STEP][PASSED] - setText(findTestObject("2-OBJECTS TAREAS SECUNDARIAS/Pruebas planta personal/Buscar_puesto_de_trabajo/input_Unidad_form_popupUnidadUsuarioj_idt880"), "administracion"): Text 'administracion' is set on object 'Object Repository/2-OBJECTS TAREAS SECUNDARIAS/Pruebas planta personal/Buscar_puesto_de_trabajo/input_Unidad_form_popupUnidadUsuarioj_idt880'

2022-08-08 14:40:10 - [MESSAGE][PASSED] - Text 'administracion' is set on object 'Object Repository/2-OBJECTS TAREAS SECUNDARIAS/Pruebas planta personal/Buscar_puesto_de_trabajo/input_Unidad_form_popupUnidadUsuarioj_idt880'

2022-08-08 14:40:10 - [TEST_STEP][PASSED] - sendKeys(findTestObject("2-OBJECTS TAREAS SECUNDARIAS/Pruebas planta personal/Buscar_puesto_de_trabajo/input_Unidad_form_popupUnidadUsuarioj_idt880"), Keys.chord(ENTER)): Keys 'ENTER + ' sent to object: 'Object Repository/2-OBJECTS TAREAS SECUNDARIAS/Pruebas planta personal/Buscar_puesto_de_trabajo/input_Unidad_form_popupUnidadUsuarioj_idt880'

2022-08-08 14:40:11 - [MESSAGE][PASSED] - Keys 'ENTER + ' sent to object: 'Object Repository/2-OBJECTS TAREAS SECUNDARIAS/Pruebas planta personal/Buscar_puesto_de_trabajo/input_Unidad_form_popupUnidadUsuarioj_idt880'

2022-08-08 14:40:11 - [TEST_STEP][PASSED] - click(findTestObject("2-OBJECTS TAREAS SECUNDARIAS/Pruebas planta personal/Buscar_puesto_de_trabajo/span_ADMINISTRACION")): Object: 'Object Repository/2-OBJECTS TAREAS SECUNDARIAS/Pruebas planta personal/Buscar_puesto_de_trabajo/span_ADMINISTRACION' is clicked on

2022-08-08 14:40:12 - [MESSAGE][PASSED] - Object: 'Object Repository/2-OBJECTS TAREAS SECUNDARIAS/Pruebas planta personal/Buscar_puesto_de_trabajo/span_ADMINISTRACION' is clicked on

2022-08-08 14:40:12 - [TEST_STEP][PASSED] - click(findTestObject("2-OBJECTS TAREAS SECUNDARIAS/Pruebas planta personal/Buscar_puesto_de_trabajo/a_Cargo_popupBusquedaPlantaj_idt2790")): Object: 'Object Repository/2-OBJECTS TAREAS SECUNDARIAS/Pruebas planta personal/Buscar_puesto_de_trabajo/a_Cargo_popupBusquedaPlantaj_idt2790' is clicked on

2022-08-08 14:40:12 - [MESSAGE][PASSED] - Object: 'Object Repository/2-OBJECTS TAREAS SECUNDARIAS/Pruebas planta personal/Buscar_puesto_de_trabajo/a_Cargo_popupBusquedaPlantaj_idt2790' is clicked on

2022-08-08 14:40:12 - [TEST_STEP][PASSED] - click(findTestObject("2-OBJECTS TAREAS SECUNDARIAS/Pruebas planta personal/Buscar_puesto_de_trabajo/span_ABOGADO")): Object: 'Object Repository/2-OBJECTS TAREAS SECUNDARIAS/Pruebas planta personal/Buscar_puesto_de_trabajo/span_ABOGADO' is clicked on

2022-08-08 14:40:13 - [MESSAGE][PASSED] - Object: 'Object Repository/2-OBJECTS TAREAS SECUNDARIAS/Pruebas planta personal/Buscar_puesto_de_trabajo/span_ABOGADO' is clicked on

2022-08-08 14:40:13 - [TEST_STEP][PASSED] - click(findTestObject("2-OBJECTS TAREAS SECUNDARIAS/Pruebas planta personal/Buscar_puesto_de_trabajo/span_20139    - Abogado")): Object: 'Object Repository/2-OBJECTS TAREAS SECUNDARIAS/Pruebas planta personal/Buscar_puesto_de_trabajo/span_20139    - Abogado' is clicked on

2022-08-08 14:40:14 - [MESSAGE][PASSED] - Object: 'Object Repository/2-OBJECTS TAREAS SECUNDARIAS/Pruebas planta personal/Buscar_puesto_de_trabajo/span_20139    - Abogado' is clicked on

2022-08-08 14:40:14 - [TEST_STEP][PASSED] - scrollToElement(findTestObject("2-OBJECTS TAREAS SECUNDARIAS/Pruebas planta personal/Buscar_puesto_de_trabajo/span_10308"), 0): Scroll to object 'Object Repository/2-OBJECTS TAREAS SECUNDARIAS/Pruebas planta personal/Buscar_puesto_de_trabajo/span_10308' successfully

2022-08-08 14:40:14 - [MESSAGE][WARNING] - Timeout '0' is invalid. Using default page load timeout: '37'

2022-08-08 14:40:15 - [MESSAGE][PASSED] - Scroll to object 'Object Repository/2-OBJECTS TAREAS SECUNDARIAS/Pruebas planta personal/Buscar_puesto_de_trabajo/span_10308' successfully

2022-08-08 14:40:15 - [TEST_STEP][PASSED] - if (waitForElementVisible(findTestObject("2-OBJECTS TAREAS SECUNDARIAS/Pruebas planta personal/Buscar_puesto_de_trabajo/span_10308"), 1)): null

2022-08-08 14:40:15 - [MESSAGE][PASSED] - Object 'Object Repository/2-OBJECTS TAREAS SECUNDARIAS/Pruebas planta personal/Buscar_puesto_de_trabajo/span_10308' is visible

2022-08-08 14:40:15 - [TEST_STEP][PASSED] - Resultado = "PRUEBA OK": null

2022-08-08 14:40:15 - [MESSAGE][PASSED] - Call Test Case 'Test Cases/1.2-Tareas_Secundarias/A.2-Pruebas_planta_personal/12.1.6-Buscar_puesto_de_trabajo' successfully

2022-08-08 14:40:15 - [TEST_STEP][PASSED] - click(findTestObject("2-OBJECTS TAREAS SECUNDARIAS/Pruebas planta personal/Consultar_posición__nómina/span_Salgado . Paula")): Object: 'Object Repository/2-OBJECTS TAREAS SECUNDARIAS/Pruebas planta personal/Consultar_posición__nómina/span_Salgado . Paula' is clicked on

2022-08-08 14:40:16 - [MESSAGE][PASSED] - Object: 'Object Repository/2-OBJECTS TAREAS SECUNDARIAS/Pruebas planta personal/Consultar_posición__nómina/span_Salgado . Paula' is clicked on

2022-08-08 14:40:16 - [TEST_STEP][PASSED] - scrollToElement(findTestObject("2-OBJECTS TAREAS SECUNDARIAS/Pruebas planta personal/Consultar_posición__nómina/div_Salgado . Paula 40 Mil Staff"), 0): Scroll to object 'Object Repository/2-OBJECTS TAREAS SECUNDARIAS/Pruebas planta personal/Consultar_posición__nómina/div_Salgado . Paula 40 Mil Staff' successfully

2022-08-08 14:40:16 - [MESSAGE][WARNING] - Timeout '0' is invalid. Using default page load timeout: '37'

2022-08-08 14:40:16 - [MESSAGE][PASSED] - Scroll to object 'Object Repository/2-OBJECTS TAREAS SECUNDARIAS/Pruebas planta personal/Consultar_posición__nómina/div_Salgado . Paula 40 Mil Staff' successfully

2022-08-08 14:40:16 - [TEST_STEP][PASSED] - click(findTestObject("2-OBJECTS TAREAS SECUNDARIAS/Pruebas planta personal/Consultar_posición__nómina/a_Salgado . Paula_organigramaj_idt113")): Object: 'Object Repository/2-OBJECTS TAREAS SECUNDARIAS/Pruebas planta personal/Consultar_posición__nómina/a_Salgado . Paula_organigramaj_idt113' is clicked on

2022-08-08 14:40:17 - [MESSAGE][PASSED] - Object: 'Object Repository/2-OBJECTS TAREAS SECUNDARIAS/Pruebas planta personal/Consultar_posición__nómina/a_Salgado . Paula_organigramaj_idt113' is clicked on

2022-08-08 14:40:17 - [TEST_STEP][PASSED] - scrollToElement(findTestObject("2-OBJECTS TAREAS SECUNDARIAS/Pruebas planta personal/Consultar_posición__nómina/span_Actualizar"), 0): Scroll to object 'Object Repository/2-OBJECTS TAREAS SECUNDARIAS/Pruebas planta personal/Consultar_posición__nómina/span_Actualizar' successfully

2022-08-08 14:40:17 - [MESSAGE][WARNING] - Timeout '0' is invalid. Using default page load timeout: '37'

2022-08-08 14:40:18 - [MESSAGE][PASSED] - Scroll to object 'Object Repository/2-OBJECTS TAREAS SECUNDARIAS/Pruebas planta personal/Consultar_posición__nómina/span_Actualizar' successfully

2022-08-08 14:40:18 - [TEST_STEP][PASSED] - waitForElementVisible(findTestObject("2-OBJECTS TAREAS SECUNDARIAS/Pruebas planta personal/Consultar_posición__nómina/span_Actualizar"), 0): Object 'Object Repository/2-OBJECTS TAREAS SECUNDARIAS/Pruebas planta personal/Consultar_posición__nómina/span_Actualizar' is visible

2022-08-08 14:40:18 - [MESSAGE][WARNING] - Timeout '0' is invalid. Using default page load timeout: '37'

2022-08-08 14:40:19 - [MESSAGE][PASSED] - Object 'Object Repository/2-OBJECTS TAREAS SECUNDARIAS/Pruebas planta personal/Consultar_posición__nómina/span_Actualizar' is visible

2022-08-08 14:40:19 - [TEST_STEP][PASSED] - closeBrowser(): Browser is closed

2022-08-08 14:40:20 - [MESSAGE][PASSED] - Browser is closed]]></system-out>
         <system-err><![CDATA[]]></system-err>
      </testcase>
      <testcase name="Test Cases/1.2-Tareas_Secundarias/A.2-Pruebas_planta_personal/12.1.8-Solicitar_requerimiento" time="18.775" classname="Test Cases/1.2-Tareas_Secundarias/A.2-Pruebas_planta_personal/12.1.8-Solicitar_requerimiento" status="PASSED">
         <system-out><![CDATA[2022-08-08 14:40:20 - [TEST_CASE][PASSED] - Test Cases/1.2-Tareas_Secundarias/A.2-Pruebas_planta_personal/12.1.8-Solicitar_requerimiento: Test Cases/1.2-Tareas_Secundarias/A.2-Pruebas_planta_personal/12.1.8-Solicitar_requerimiento

2022-08-08 14:40:20 - [TEST_STEP][PASSED] - callTestCase(findTestCase("1.2-Tareas_Secundarias/A.2-Pruebas_planta_personal/12.1.6-Buscar_puesto_de_trabajo"), [:], STOP_ON_FAILURE): Call Test Case 'Test Cases/1.2-Tareas_Secundarias/A.2-Pruebas_planta_personal/12.1.6-Buscar_puesto_de_trabajo' successfully

2022-08-08 14:40:20 - [TEST_CASE][PASSED] - Test Cases/1.2-Tareas_Secundarias/A.2-Pruebas_planta_personal/12.1.6-Buscar_puesto_de_trabajo: Test Cases/1.2-Tareas_Secundarias/A.2-Pruebas_planta_personal/12.1.6-Buscar_puesto_de_trabajo

2022-08-08 14:40:20 - [TEST_STEP][PASSED] - callTestCase(findTestCase("0.1-Login"), [:], STOP_ON_FAILURE): Call Test Case 'Test Cases/0.1-Login' successfully

2022-08-08 14:40:20 - [TEST_CASE][PASSED] - Test Cases/0.1-Login: Test Cases/0.1-Login

2022-08-08 14:40:20 - [TEST_STEP][PASSED] - openBrowser(""): Browser is opened with url: ''

2022-08-08 14:40:20 - [MESSAGE][INFO] - Starting 'Chrome' driver

2022-08-08 14:40:20 - [MESSAGE][INFO] - Action delay is set to 0 milliseconds

2022-08-08 14:40:21 - [MESSAGE][PASSED] - Browser is opened with url: ''

2022-08-08 14:40:21 - [TEST_STEP][PASSED] - maximizeWindow(): Current window maximized

2022-08-08 14:40:21 - [MESSAGE][PASSED] - Current window maximized

2022-08-08 14:40:21 - [TEST_STEP][PASSED] - i = G_Login: null

2022-08-08 14:40:21 - [TEST_STEP][PASSED] - url = new java.net.URL(i): null

2022-08-08 14:40:21 - [TEST_STEP][PASSED] - println("URL: " + url.toString()): null

2022-08-08 14:40:21 - [TEST_STEP][PASSED] - connection = url.openConnection(): null

2022-08-08 14:40:21 - [TEST_STEP][PASSED] - connection.setRequestMethod("GET"): null

2022-08-08 14:40:21 - [TEST_STEP][PASSED] - connection.setReadTimeout(2 * 1000): null

2022-08-08 14:40:21 - [TEST_STEP][PASSED] - try: null

2022-08-08 14:40:21 - [TEST_STEP][PASSED] - connection.connect(): null

2022-08-08 14:40:21 - [TEST_STEP][PASSED] - flag = connected: null

2022-08-08 14:40:21 - [TEST_STEP][PASSED] - println("Valor_ori: " + flag): null

2022-08-08 14:40:21 - [TEST_STEP][PASSED] - if (flag): null

2022-08-08 14:40:21 - [TEST_STEP][PASSED] - navigateToUrl(i): Navigate to 'http://192.168.2.19:8380/saraweb' successfully

2022-08-08 14:40:22 - [MESSAGE][PASSED] - Navigate to 'http://192.168.2.19:8380/saraweb' successfully

2022-08-08 14:40:22 - [TEST_STEP][PASSED] - a(): null

2022-08-08 14:40:22 - [TEST_STEP][PASSED] - setText(findTestObject("3-OBJECTS UTILIDADES/Login/input_USUARIO_loginusuario"), G_Usuario): Text 'saraadmin' is set on object 'Object Repository/3-OBJECTS UTILIDADES/Login/input_USUARIO_loginusuario'

2022-08-08 14:40:23 - [MESSAGE][PASSED] - Text 'saraadmin' is set on object 'Object Repository/3-OBJECTS UTILIDADES/Login/input_USUARIO_loginusuario'

2022-08-08 14:40:23 - [TEST_STEP][PASSED] - setEncryptedText(findTestObject("3-OBJECTS UTILIDADES/Login/input_CLAVE_loginpassword"), "MkG4/TYiCFC3cb2driP7+Q=="): Text ****** has been set on object 'Object Repository/3-OBJECTS UTILIDADES/Login/input_CLAVE_loginpassword'

2022-08-08 14:40:23 - [MESSAGE][PASSED] - Text ****** has been set on object 'Object Repository/3-OBJECTS UTILIDADES/Login/input_CLAVE_loginpassword'

2022-08-08 14:40:23 - [TEST_STEP][PASSED] - waitForElementClickable(findTestObject("3-OBJECTS UTILIDADES/Login/a_Ingresar"), G_TimeOut): Object 'Object Repository/3-OBJECTS UTILIDADES/Login/a_Ingresar' is clickable

2022-08-08 14:40:23 - [MESSAGE][PASSED] - Object 'Object Repository/3-OBJECTS UTILIDADES/Login/a_Ingresar' is clickable

2022-08-08 14:40:23 - [TEST_STEP][PASSED] - click(findTestObject("3-OBJECTS UTILIDADES/Login/a_Ingresar")): Object: 'Object Repository/3-OBJECTS UTILIDADES/Login/a_Ingresar' is clicked on

2022-08-08 14:40:25 - [MESSAGE][PASSED] - Object: 'Object Repository/3-OBJECTS UTILIDADES/Login/a_Ingresar' is clicked on

2022-08-08 14:40:25 - [TEST_STEP][PASSED] - element = findWebElement(findTestObject("3-OBJECTS UTILIDADES/Login/a_Ir"), 30): null

2022-08-08 14:40:25 - [TEST_STEP][PASSED] - executeJavaScript("arguments[0].click()", Arrays.asList(element)): Execute JavaScript 'arguments[0].click()' successfully

2022-08-08 14:40:25 - [MESSAGE][PASSED] - Execute JavaScript 'arguments[0].click()' successfully

2022-08-08 14:40:25 - [MESSAGE][PASSED] - Call Test Case 'Test Cases/0.1-Login' successfully

2022-08-08 14:40:25 - [TEST_STEP][PASSED] - setText(findTestObject("2-OBJECTS TAREAS SECUNDARIAS/Pruebas Compensación/Listado_Empleados/input_Empresa 1_form_templatej_idt24_input (1)"), "planta personal (tal)"): Text 'planta personal (tal)' is set on object 'Object Repository/2-OBJECTS TAREAS SECUNDARIAS/Pruebas Compensación/Listado_Empleados/input_Empresa 1_form_templatej_idt24_input (1)'

2022-08-08 14:40:26 - [MESSAGE][PASSED] - Text 'planta personal (tal)' is set on object 'Object Repository/2-OBJECTS TAREAS SECUNDARIAS/Pruebas Compensación/Listado_Empleados/input_Empresa 1_form_templatej_idt24_input (1)'

2022-08-08 14:40:26 - [TEST_STEP][PASSED] - click(findTestObject("2-OBJECTS TAREAS SECUNDARIAS/Pruebas planta personal/Buscar_puesto_de_trabajo/span_Planta Personal (ta")): Object: 'Object Repository/2-OBJECTS TAREAS SECUNDARIAS/Pruebas planta personal/Buscar_puesto_de_trabajo/span_Planta Personal (ta' is clicked on

2022-08-08 14:40:27 - [MESSAGE][PASSED] - Object: 'Object Repository/2-OBJECTS TAREAS SECUNDARIAS/Pruebas planta personal/Buscar_puesto_de_trabajo/span_Planta Personal (ta' is clicked on

2022-08-08 14:40:27 - [TEST_STEP][PASSED] - click(findTestObject("2-OBJECTS TAREAS SECUNDARIAS/Pruebas planta personal/Buscar_puesto_de_trabajo/a_Actos Administrativos_organigramabuscar")): Object: 'Object Repository/2-OBJECTS TAREAS SECUNDARIAS/Pruebas planta personal/Buscar_puesto_de_trabajo/a_Actos Administrativos_organigramabuscar' is clicked on

2022-08-08 14:40:28 - [MESSAGE][PASSED] - Object: 'Object Repository/2-OBJECTS TAREAS SECUNDARIAS/Pruebas planta personal/Buscar_puesto_de_trabajo/a_Actos Administrativos_organigramabuscar' is clicked on

2022-08-08 14:40:28 - [TEST_STEP][PASSED] - selectOptionByIndex(findTestObject("2-OBJECTS TAREAS SECUNDARIAS/Pruebas planta personal/Buscar_puesto_de_trabajo/select_--Seleccione--EmpleadoPuesto"), 2): All options with index in [2] are selected on object 'Object Repository/2-OBJECTS TAREAS SECUNDARIAS/Pruebas planta personal/Buscar_puesto_de_trabajo/select_--Seleccione--EmpleadoPuesto'

2022-08-08 14:40:29 - [MESSAGE][PASSED] - All options with index in [2] are selected on object 'Object Repository/2-OBJECTS TAREAS SECUNDARIAS/Pruebas planta personal/Buscar_puesto_de_trabajo/select_--Seleccione--EmpleadoPuesto'

2022-08-08 14:40:29 - [TEST_STEP][PASSED] - click(findTestObject("2-OBJECTS TAREAS SECUNDARIAS/Pruebas planta personal/Buscar_puesto_de_trabajo/a_Cargo_popupBusquedaPlantaj_idt279")): Object: 'Object Repository/2-OBJECTS TAREAS SECUNDARIAS/Pruebas planta personal/Buscar_puesto_de_trabajo/a_Cargo_popupBusquedaPlantaj_idt279' is clicked on

2022-08-08 14:40:30 - [MESSAGE][PASSED] - Object: 'Object Repository/2-OBJECTS TAREAS SECUNDARIAS/Pruebas planta personal/Buscar_puesto_de_trabajo/a_Cargo_popupBusquedaPlantaj_idt279' is clicked on

2022-08-08 14:40:30 - [TEST_STEP][PASSED] - click(findTestObject("2-OBJECTS TAREAS SECUNDARIAS/Pruebas planta personal/Buscar_puesto_de_trabajo/a_Unidad Organizacional_popupBusquedaPlantaj_idt274")): Object: 'Object Repository/2-OBJECTS TAREAS SECUNDARIAS/Pruebas planta personal/Buscar_puesto_de_trabajo/a_Unidad Organizacional_popupBusquedaPlantaj_idt274' is clicked on

2022-08-08 14:40:31 - [MESSAGE][PASSED] - Object: 'Object Repository/2-OBJECTS TAREAS SECUNDARIAS/Pruebas planta personal/Buscar_puesto_de_trabajo/a_Unidad Organizacional_popupBusquedaPlantaj_idt274' is clicked on

2022-08-08 14:40:31 - [TEST_STEP][PASSED] - setText(findTestObject("2-OBJECTS TAREAS SECUNDARIAS/Pruebas planta personal/Buscar_puesto_de_trabajo/input_Unidad_form_popupUnidadUsuarioj_idt880"), "administracion"): Text 'administracion' is set on object 'Object Repository/2-OBJECTS TAREAS SECUNDARIAS/Pruebas planta personal/Buscar_puesto_de_trabajo/input_Unidad_form_popupUnidadUsuarioj_idt880'

2022-08-08 14:40:32 - [MESSAGE][PASSED] - Text 'administracion' is set on object 'Object Repository/2-OBJECTS TAREAS SECUNDARIAS/Pruebas planta personal/Buscar_puesto_de_trabajo/input_Unidad_form_popupUnidadUsuarioj_idt880'

2022-08-08 14:40:32 - [TEST_STEP][PASSED] - sendKeys(findTestObject("2-OBJECTS TAREAS SECUNDARIAS/Pruebas planta personal/Buscar_puesto_de_trabajo/input_Unidad_form_popupUnidadUsuarioj_idt880"), Keys.chord(ENTER)): Keys 'ENTER + ' sent to object: 'Object Repository/2-OBJECTS TAREAS SECUNDARIAS/Pruebas planta personal/Buscar_puesto_de_trabajo/input_Unidad_form_popupUnidadUsuarioj_idt880'

2022-08-08 14:40:32 - [MESSAGE][PASSED] - Keys 'ENTER + ' sent to object: 'Object Repository/2-OBJECTS TAREAS SECUNDARIAS/Pruebas planta personal/Buscar_puesto_de_trabajo/input_Unidad_form_popupUnidadUsuarioj_idt880'

2022-08-08 14:40:32 - [TEST_STEP][PASSED] - click(findTestObject("2-OBJECTS TAREAS SECUNDARIAS/Pruebas planta personal/Buscar_puesto_de_trabajo/span_ADMINISTRACION")): Object: 'Object Repository/2-OBJECTS TAREAS SECUNDARIAS/Pruebas planta personal/Buscar_puesto_de_trabajo/span_ADMINISTRACION' is clicked on

2022-08-08 14:40:33 - [MESSAGE][PASSED] - Object: 'Object Repository/2-OBJECTS TAREAS SECUNDARIAS/Pruebas planta personal/Buscar_puesto_de_trabajo/span_ADMINISTRACION' is clicked on

2022-08-08 14:40:33 - [TEST_STEP][PASSED] - click(findTestObject("2-OBJECTS TAREAS SECUNDARIAS/Pruebas planta personal/Buscar_puesto_de_trabajo/a_Cargo_popupBusquedaPlantaj_idt2790")): Object: 'Object Repository/2-OBJECTS TAREAS SECUNDARIAS/Pruebas planta personal/Buscar_puesto_de_trabajo/a_Cargo_popupBusquedaPlantaj_idt2790' is clicked on

2022-08-08 14:40:34 - [MESSAGE][PASSED] - Object: 'Object Repository/2-OBJECTS TAREAS SECUNDARIAS/Pruebas planta personal/Buscar_puesto_de_trabajo/a_Cargo_popupBusquedaPlantaj_idt2790' is clicked on

2022-08-08 14:40:34 - [TEST_STEP][PASSED] - click(findTestObject("2-OBJECTS TAREAS SECUNDARIAS/Pruebas planta personal/Buscar_puesto_de_trabajo/span_ABOGADO")): Object: 'Object Repository/2-OBJECTS TAREAS SECUNDARIAS/Pruebas planta personal/Buscar_puesto_de_trabajo/span_ABOGADO' is clicked on

2022-08-08 14:40:35 - [MESSAGE][PASSED] - Object: 'Object Repository/2-OBJECTS TAREAS SECUNDARIAS/Pruebas planta personal/Buscar_puesto_de_trabajo/span_ABOGADO' is clicked on

2022-08-08 14:40:35 - [TEST_STEP][PASSED] - click(findTestObject("2-OBJECTS TAREAS SECUNDARIAS/Pruebas planta personal/Buscar_puesto_de_trabajo/span_20139    - Abogado")): Object: 'Object Repository/2-OBJECTS TAREAS SECUNDARIAS/Pruebas planta personal/Buscar_puesto_de_trabajo/span_20139    - Abogado' is clicked on

2022-08-08 14:40:35 - [MESSAGE][PASSED] - Object: 'Object Repository/2-OBJECTS TAREAS SECUNDARIAS/Pruebas planta personal/Buscar_puesto_de_trabajo/span_20139    - Abogado' is clicked on

2022-08-08 14:40:35 - [TEST_STEP][PASSED] - scrollToElement(findTestObject("2-OBJECTS TAREAS SECUNDARIAS/Pruebas planta personal/Buscar_puesto_de_trabajo/span_10308"), 0): Scroll to object 'Object Repository/2-OBJECTS TAREAS SECUNDARIAS/Pruebas planta personal/Buscar_puesto_de_trabajo/span_10308' successfully

2022-08-08 14:40:35 - [MESSAGE][WARNING] - Timeout '0' is invalid. Using default page load timeout: '37'

2022-08-08 14:40:36 - [MESSAGE][PASSED] - Scroll to object 'Object Repository/2-OBJECTS TAREAS SECUNDARIAS/Pruebas planta personal/Buscar_puesto_de_trabajo/span_10308' successfully

2022-08-08 14:40:36 - [TEST_STEP][PASSED] - if (waitForElementVisible(findTestObject("2-OBJECTS TAREAS SECUNDARIAS/Pruebas planta personal/Buscar_puesto_de_trabajo/span_10308"), 1)): null

2022-08-08 14:40:36 - [MESSAGE][PASSED] - Object 'Object Repository/2-OBJECTS TAREAS SECUNDARIAS/Pruebas planta personal/Buscar_puesto_de_trabajo/span_10308' is visible

2022-08-08 14:40:36 - [TEST_STEP][PASSED] - Resultado = "PRUEBA OK": null

2022-08-08 14:40:36 - [MESSAGE][PASSED] - Call Test Case 'Test Cases/1.2-Tareas_Secundarias/A.2-Pruebas_planta_personal/12.1.6-Buscar_puesto_de_trabajo' successfully

2022-08-08 14:40:36 - [TEST_STEP][PASSED] - click(findTestObject("2-OBJECTS TAREAS SECUNDARIAS/Pruebas planta personal/Solicitar_requerimiento/a_Salgado . Paula_organigramaj_idt110")): Object: 'Object Repository/2-OBJECTS TAREAS SECUNDARIAS/Pruebas planta personal/Solicitar_requerimiento/a_Salgado . Paula_organigramaj_idt110' is clicked on

2022-08-08 14:40:37 - [MESSAGE][PASSED] - Object: 'Object Repository/2-OBJECTS TAREAS SECUNDARIAS/Pruebas planta personal/Solicitar_requerimiento/a_Salgado . Paula_organigramaj_idt110' is clicked on

2022-08-08 14:40:37 - [TEST_STEP][PASSED] - waitForElementVisible(findTestObject("2-OBJECTS TAREAS SECUNDARIAS/Pruebas planta personal/Solicitar_requerimiento/div_Motivo Requerimiento"), 0): Object 'Object Repository/2-OBJECTS TAREAS SECUNDARIAS/Pruebas planta personal/Solicitar_requerimiento/div_Motivo Requerimiento' is visible

2022-08-08 14:40:37 - [MESSAGE][WARNING] - Timeout '0' is invalid. Using default page load timeout: '37'

2022-08-08 14:40:38 - [MESSAGE][PASSED] - Object 'Object Repository/2-OBJECTS TAREAS SECUNDARIAS/Pruebas planta personal/Solicitar_requerimiento/div_Motivo Requerimiento' is visible

2022-08-08 14:40:38 - [TEST_STEP][PASSED] - closeBrowser(): Browser is closed

2022-08-08 14:40:38 - [MESSAGE][PASSED] - Browser is closed]]></system-out>
         <system-err><![CDATA[]]></system-err>
      </testcase>
      <testcase name="Test Cases/1.2-Tareas_Secundarias/A.2-Pruebas_planta_personal/12.1.9-Visualizar_opción_otros" time="20.9" classname="Test Cases/1.2-Tareas_Secundarias/A.2-Pruebas_planta_personal/12.1.9-Visualizar_opción_otros" status="PASSED">
         <system-out><![CDATA[2022-08-08 14:40:38 - [TEST_CASE][PASSED] - Test Cases/1.2-Tareas_Secundarias/A.2-Pruebas_planta_personal/12.1.9-Visualizar_opción_otros: Test Cases/1.2-Tareas_Secundarias/A.2-Pruebas_planta_personal/12.1.9-Visualizar_opción_otros

2022-08-08 14:40:39 - [TEST_STEP][PASSED] - callTestCase(findTestCase("1.2-Tareas_Secundarias/A.2-Pruebas_planta_personal/12.1.6-Buscar_puesto_de_trabajo"), [:], STOP_ON_FAILURE): Call Test Case 'Test Cases/1.2-Tareas_Secundarias/A.2-Pruebas_planta_personal/12.1.6-Buscar_puesto_de_trabajo' successfully

2022-08-08 14:40:39 - [TEST_CASE][PASSED] - Test Cases/1.2-Tareas_Secundarias/A.2-Pruebas_planta_personal/12.1.6-Buscar_puesto_de_trabajo: Test Cases/1.2-Tareas_Secundarias/A.2-Pruebas_planta_personal/12.1.6-Buscar_puesto_de_trabajo

2022-08-08 14:40:39 - [TEST_STEP][PASSED] - callTestCase(findTestCase("0.1-Login"), [:], STOP_ON_FAILURE): Call Test Case 'Test Cases/0.1-Login' successfully

2022-08-08 14:40:39 - [TEST_CASE][PASSED] - Test Cases/0.1-Login: Test Cases/0.1-Login

2022-08-08 14:40:39 - [TEST_STEP][PASSED] - openBrowser(""): Browser is opened with url: ''

2022-08-08 14:40:39 - [MESSAGE][INFO] - Starting 'Chrome' driver

2022-08-08 14:40:39 - [MESSAGE][INFO] - Action delay is set to 0 milliseconds

2022-08-08 14:40:40 - [MESSAGE][PASSED] - Browser is opened with url: ''

2022-08-08 14:40:40 - [TEST_STEP][PASSED] - maximizeWindow(): Current window maximized

2022-08-08 14:40:40 - [MESSAGE][PASSED] - Current window maximized

2022-08-08 14:40:40 - [TEST_STEP][PASSED] - i = G_Login: null

2022-08-08 14:40:40 - [TEST_STEP][PASSED] - url = new java.net.URL(i): null

2022-08-08 14:40:40 - [TEST_STEP][PASSED] - println("URL: " + url.toString()): null

2022-08-08 14:40:40 - [TEST_STEP][PASSED] - connection = url.openConnection(): null

2022-08-08 14:40:40 - [TEST_STEP][PASSED] - connection.setRequestMethod("GET"): null

2022-08-08 14:40:40 - [TEST_STEP][PASSED] - connection.setReadTimeout(2 * 1000): null

2022-08-08 14:40:40 - [TEST_STEP][PASSED] - try: null

2022-08-08 14:40:40 - [TEST_STEP][PASSED] - connection.connect(): null

2022-08-08 14:40:40 - [TEST_STEP][PASSED] - flag = connected: null

2022-08-08 14:40:40 - [TEST_STEP][PASSED] - println("Valor_ori: " + flag): null

2022-08-08 14:40:40 - [TEST_STEP][PASSED] - if (flag): null

2022-08-08 14:40:40 - [TEST_STEP][PASSED] - navigateToUrl(i): Navigate to 'http://192.168.2.19:8380/saraweb' successfully

2022-08-08 14:40:41 - [MESSAGE][PASSED] - Navigate to 'http://192.168.2.19:8380/saraweb' successfully

2022-08-08 14:40:41 - [TEST_STEP][PASSED] - a(): null

2022-08-08 14:40:41 - [TEST_STEP][PASSED] - setText(findTestObject("3-OBJECTS UTILIDADES/Login/input_USUARIO_loginusuario"), G_Usuario): Text 'saraadmin' is set on object 'Object Repository/3-OBJECTS UTILIDADES/Login/input_USUARIO_loginusuario'

2022-08-08 14:40:41 - [MESSAGE][PASSED] - Text 'saraadmin' is set on object 'Object Repository/3-OBJECTS UTILIDADES/Login/input_USUARIO_loginusuario'

2022-08-08 14:40:41 - [TEST_STEP][PASSED] - setEncryptedText(findTestObject("3-OBJECTS UTILIDADES/Login/input_CLAVE_loginpassword"), "MkG4/TYiCFC3cb2driP7+Q=="): Text ****** has been set on object 'Object Repository/3-OBJECTS UTILIDADES/Login/input_CLAVE_loginpassword'

2022-08-08 14:40:42 - [MESSAGE][PASSED] - Text ****** has been set on object 'Object Repository/3-OBJECTS UTILIDADES/Login/input_CLAVE_loginpassword'

2022-08-08 14:40:42 - [TEST_STEP][PASSED] - waitForElementClickable(findTestObject("3-OBJECTS UTILIDADES/Login/a_Ingresar"), G_TimeOut): Object 'Object Repository/3-OBJECTS UTILIDADES/Login/a_Ingresar' is clickable

2022-08-08 14:40:42 - [MESSAGE][PASSED] - Object 'Object Repository/3-OBJECTS UTILIDADES/Login/a_Ingresar' is clickable

2022-08-08 14:40:42 - [TEST_STEP][PASSED] - click(findTestObject("3-OBJECTS UTILIDADES/Login/a_Ingresar")): Object: 'Object Repository/3-OBJECTS UTILIDADES/Login/a_Ingresar' is clicked on

2022-08-08 14:40:45 - [MESSAGE][PASSED] - Object: 'Object Repository/3-OBJECTS UTILIDADES/Login/a_Ingresar' is clicked on

2022-08-08 14:40:45 - [TEST_STEP][PASSED] - element = findWebElement(findTestObject("3-OBJECTS UTILIDADES/Login/a_Ir"), 30): null

2022-08-08 14:40:45 - [TEST_STEP][PASSED] - executeJavaScript("arguments[0].click()", Arrays.asList(element)): Execute JavaScript 'arguments[0].click()' successfully

2022-08-08 14:40:45 - [MESSAGE][PASSED] - Execute JavaScript 'arguments[0].click()' successfully

2022-08-08 14:40:45 - [MESSAGE][PASSED] - Call Test Case 'Test Cases/0.1-Login' successfully

2022-08-08 14:40:45 - [TEST_STEP][PASSED] - setText(findTestObject("2-OBJECTS TAREAS SECUNDARIAS/Pruebas Compensación/Listado_Empleados/input_Empresa 1_form_templatej_idt24_input (1)"), "planta personal (tal)"): Text 'planta personal (tal)' is set on object 'Object Repository/2-OBJECTS TAREAS SECUNDARIAS/Pruebas Compensación/Listado_Empleados/input_Empresa 1_form_templatej_idt24_input (1)'

2022-08-08 14:40:46 - [MESSAGE][PASSED] - Text 'planta personal (tal)' is set on object 'Object Repository/2-OBJECTS TAREAS SECUNDARIAS/Pruebas Compensación/Listado_Empleados/input_Empresa 1_form_templatej_idt24_input (1)'

2022-08-08 14:40:46 - [TEST_STEP][PASSED] - click(findTestObject("2-OBJECTS TAREAS SECUNDARIAS/Pruebas planta personal/Buscar_puesto_de_trabajo/span_Planta Personal (ta")): Object: 'Object Repository/2-OBJECTS TAREAS SECUNDARIAS/Pruebas planta personal/Buscar_puesto_de_trabajo/span_Planta Personal (ta' is clicked on

2022-08-08 14:40:48 - [MESSAGE][PASSED] - Object: 'Object Repository/2-OBJECTS TAREAS SECUNDARIAS/Pruebas planta personal/Buscar_puesto_de_trabajo/span_Planta Personal (ta' is clicked on

2022-08-08 14:40:48 - [TEST_STEP][PASSED] - click(findTestObject("2-OBJECTS TAREAS SECUNDARIAS/Pruebas planta personal/Buscar_puesto_de_trabajo/a_Actos Administrativos_organigramabuscar")): Object: 'Object Repository/2-OBJECTS TAREAS SECUNDARIAS/Pruebas planta personal/Buscar_puesto_de_trabajo/a_Actos Administrativos_organigramabuscar' is clicked on

2022-08-08 14:40:49 - [MESSAGE][PASSED] - Object: 'Object Repository/2-OBJECTS TAREAS SECUNDARIAS/Pruebas planta personal/Buscar_puesto_de_trabajo/a_Actos Administrativos_organigramabuscar' is clicked on

2022-08-08 14:40:49 - [TEST_STEP][PASSED] - selectOptionByIndex(findTestObject("2-OBJECTS TAREAS SECUNDARIAS/Pruebas planta personal/Buscar_puesto_de_trabajo/select_--Seleccione--EmpleadoPuesto"), 2): All options with index in [2] are selected on object 'Object Repository/2-OBJECTS TAREAS SECUNDARIAS/Pruebas planta personal/Buscar_puesto_de_trabajo/select_--Seleccione--EmpleadoPuesto'

2022-08-08 14:40:51 - [MESSAGE][PASSED] - All options with index in [2] are selected on object 'Object Repository/2-OBJECTS TAREAS SECUNDARIAS/Pruebas planta personal/Buscar_puesto_de_trabajo/select_--Seleccione--EmpleadoPuesto'

2022-08-08 14:40:51 - [TEST_STEP][PASSED] - click(findTestObject("2-OBJECTS TAREAS SECUNDARIAS/Pruebas planta personal/Buscar_puesto_de_trabajo/a_Cargo_popupBusquedaPlantaj_idt279")): Object: 'Object Repository/2-OBJECTS TAREAS SECUNDARIAS/Pruebas planta personal/Buscar_puesto_de_trabajo/a_Cargo_popupBusquedaPlantaj_idt279' is clicked on

2022-08-08 14:40:51 - [MESSAGE][PASSED] - Object: 'Object Repository/2-OBJECTS TAREAS SECUNDARIAS/Pruebas planta personal/Buscar_puesto_de_trabajo/a_Cargo_popupBusquedaPlantaj_idt279' is clicked on

2022-08-08 14:40:51 - [TEST_STEP][PASSED] - click(findTestObject("2-OBJECTS TAREAS SECUNDARIAS/Pruebas planta personal/Buscar_puesto_de_trabajo/a_Unidad Organizacional_popupBusquedaPlantaj_idt274")): Object: 'Object Repository/2-OBJECTS TAREAS SECUNDARIAS/Pruebas planta personal/Buscar_puesto_de_trabajo/a_Unidad Organizacional_popupBusquedaPlantaj_idt274' is clicked on

2022-08-08 14:40:52 - [MESSAGE][PASSED] - Object: 'Object Repository/2-OBJECTS TAREAS SECUNDARIAS/Pruebas planta personal/Buscar_puesto_de_trabajo/a_Unidad Organizacional_popupBusquedaPlantaj_idt274' is clicked on

2022-08-08 14:40:52 - [TEST_STEP][PASSED] - setText(findTestObject("2-OBJECTS TAREAS SECUNDARIAS/Pruebas planta personal/Buscar_puesto_de_trabajo/input_Unidad_form_popupUnidadUsuarioj_idt880"), "administracion"): Text 'administracion' is set on object 'Object Repository/2-OBJECTS TAREAS SECUNDARIAS/Pruebas planta personal/Buscar_puesto_de_trabajo/input_Unidad_form_popupUnidadUsuarioj_idt880'

2022-08-08 14:40:53 - [MESSAGE][PASSED] - Text 'administracion' is set on object 'Object Repository/2-OBJECTS TAREAS SECUNDARIAS/Pruebas planta personal/Buscar_puesto_de_trabajo/input_Unidad_form_popupUnidadUsuarioj_idt880'

2022-08-08 14:40:53 - [TEST_STEP][PASSED] - sendKeys(findTestObject("2-OBJECTS TAREAS SECUNDARIAS/Pruebas planta personal/Buscar_puesto_de_trabajo/input_Unidad_form_popupUnidadUsuarioj_idt880"), Keys.chord(ENTER)): Keys 'ENTER + ' sent to object: 'Object Repository/2-OBJECTS TAREAS SECUNDARIAS/Pruebas planta personal/Buscar_puesto_de_trabajo/input_Unidad_form_popupUnidadUsuarioj_idt880'

2022-08-08 14:40:53 - [MESSAGE][PASSED] - Keys 'ENTER + ' sent to object: 'Object Repository/2-OBJECTS TAREAS SECUNDARIAS/Pruebas planta personal/Buscar_puesto_de_trabajo/input_Unidad_form_popupUnidadUsuarioj_idt880'

2022-08-08 14:40:53 - [TEST_STEP][PASSED] - click(findTestObject("2-OBJECTS TAREAS SECUNDARIAS/Pruebas planta personal/Buscar_puesto_de_trabajo/span_ADMINISTRACION")): Object: 'Object Repository/2-OBJECTS TAREAS SECUNDARIAS/Pruebas planta personal/Buscar_puesto_de_trabajo/span_ADMINISTRACION' is clicked on

2022-08-08 14:40:54 - [MESSAGE][PASSED] - Object: 'Object Repository/2-OBJECTS TAREAS SECUNDARIAS/Pruebas planta personal/Buscar_puesto_de_trabajo/span_ADMINISTRACION' is clicked on

2022-08-08 14:40:54 - [TEST_STEP][PASSED] - click(findTestObject("2-OBJECTS TAREAS SECUNDARIAS/Pruebas planta personal/Buscar_puesto_de_trabajo/a_Cargo_popupBusquedaPlantaj_idt2790")): Object: 'Object Repository/2-OBJECTS TAREAS SECUNDARIAS/Pruebas planta personal/Buscar_puesto_de_trabajo/a_Cargo_popupBusquedaPlantaj_idt2790' is clicked on

2022-08-08 14:40:55 - [MESSAGE][PASSED] - Object: 'Object Repository/2-OBJECTS TAREAS SECUNDARIAS/Pruebas planta personal/Buscar_puesto_de_trabajo/a_Cargo_popupBusquedaPlantaj_idt2790' is clicked on

2022-08-08 14:40:55 - [TEST_STEP][PASSED] - click(findTestObject("2-OBJECTS TAREAS SECUNDARIAS/Pruebas planta personal/Buscar_puesto_de_trabajo/span_ABOGADO")): Object: 'Object Repository/2-OBJECTS TAREAS SECUNDARIAS/Pruebas planta personal/Buscar_puesto_de_trabajo/span_ABOGADO' is clicked on

2022-08-08 14:40:55 - [MESSAGE][PASSED] - Object: 'Object Repository/2-OBJECTS TAREAS SECUNDARIAS/Pruebas planta personal/Buscar_puesto_de_trabajo/span_ABOGADO' is clicked on

2022-08-08 14:40:55 - [TEST_STEP][PASSED] - click(findTestObject("2-OBJECTS TAREAS SECUNDARIAS/Pruebas planta personal/Buscar_puesto_de_trabajo/span_20139    - Abogado")): Object: 'Object Repository/2-OBJECTS TAREAS SECUNDARIAS/Pruebas planta personal/Buscar_puesto_de_trabajo/span_20139    - Abogado' is clicked on

2022-08-08 14:40:56 - [MESSAGE][PASSED] - Object: 'Object Repository/2-OBJECTS TAREAS SECUNDARIAS/Pruebas planta personal/Buscar_puesto_de_trabajo/span_20139    - Abogado' is clicked on

2022-08-08 14:40:56 - [TEST_STEP][PASSED] - scrollToElement(findTestObject("2-OBJECTS TAREAS SECUNDARIAS/Pruebas planta personal/Buscar_puesto_de_trabajo/span_10308"), 0): Scroll to object 'Object Repository/2-OBJECTS TAREAS SECUNDARIAS/Pruebas planta personal/Buscar_puesto_de_trabajo/span_10308' successfully

2022-08-08 14:40:56 - [MESSAGE][WARNING] - Timeout '0' is invalid. Using default page load timeout: '37'

2022-08-08 14:40:57 - [MESSAGE][PASSED] - Scroll to object 'Object Repository/2-OBJECTS TAREAS SECUNDARIAS/Pruebas planta personal/Buscar_puesto_de_trabajo/span_10308' successfully

2022-08-08 14:40:57 - [TEST_STEP][PASSED] - if (waitForElementVisible(findTestObject("2-OBJECTS TAREAS SECUNDARIAS/Pruebas planta personal/Buscar_puesto_de_trabajo/span_10308"), 1)): null

2022-08-08 14:40:57 - [MESSAGE][PASSED] - Object 'Object Repository/2-OBJECTS TAREAS SECUNDARIAS/Pruebas planta personal/Buscar_puesto_de_trabajo/span_10308' is visible

2022-08-08 14:40:57 - [TEST_STEP][PASSED] - Resultado = "PRUEBA OK": null

2022-08-08 14:40:57 - [MESSAGE][PASSED] - Call Test Case 'Test Cases/1.2-Tareas_Secundarias/A.2-Pruebas_planta_personal/12.1.6-Buscar_puesto_de_trabajo' successfully

2022-08-08 14:40:57 - [TEST_STEP][PASSED] - click(findTestObject("2-OBJECTS TAREAS SECUNDARIAS/Pruebas planta personal/Visualizar_opción_otros/a_Salgado . Paula_organigramaj_idt109")): Object: 'Object Repository/2-OBJECTS TAREAS SECUNDARIAS/Pruebas planta personal/Visualizar_opción_otros/a_Salgado . Paula_organigramaj_idt109' is clicked on

2022-08-08 14:40:58 - [MESSAGE][PASSED] - Object: 'Object Repository/2-OBJECTS TAREAS SECUNDARIAS/Pruebas planta personal/Visualizar_opción_otros/a_Salgado . Paula_organigramaj_idt109' is clicked on

2022-08-08 14:40:58 - [TEST_STEP][PASSED] - waitForElementVisible(findTestObject("2-OBJECTS TAREAS SECUNDARIAS/Pruebas planta personal/Visualizar_opción_otros/table_Salgado . Paula66666CalidadAdministracion40 Mil Staff"), 0): Object 'Object Repository/2-OBJECTS TAREAS SECUNDARIAS/Pruebas planta personal/Visualizar_opción_otros/table_Salgado . Paula66666CalidadAdministracion40 Mil Staff' is visible

2022-08-08 14:40:58 - [MESSAGE][WARNING] - Timeout '0' is invalid. Using default page load timeout: '37'

2022-08-08 14:40:58 - [MESSAGE][PASSED] - Object 'Object Repository/2-OBJECTS TAREAS SECUNDARIAS/Pruebas planta personal/Visualizar_opción_otros/table_Salgado . Paula66666CalidadAdministracion40 Mil Staff' is visible

2022-08-08 14:40:58 - [TEST_STEP][PASSED] - closeBrowser(): Browser is closed

2022-08-08 14:40:59 - [MESSAGE][PASSED] - Browser is closed]]></system-out>
         <system-err><![CDATA[]]></system-err>
      </testcase>
      <testcase name="Test Cases/1.2-Tareas_Secundarias/A.2-Pruebas_planta_personal/12.2.1-Crear_descripción_del_cargo" time="57.83" classname="Test Cases/1.2-Tareas_Secundarias/A.2-Pruebas_planta_personal/12.2.1-Crear_descripción_del_cargo" status="FAILED">
         <failure type="FAILED" message="Test Cases/1.2-Tareas_Secundarias/A.2-Pruebas_planta_personal/12.2.1-Crear_descripción_del_cargo FAILED.
Reason:
com.kms.katalon.core.exception.StepFailedException: Unable to set text 'pruebas k' of object 'Object Repository/2-OBJECTS TAREAS SECUNDARIAS/Pruebas planta personal/Crear_descripción_del_cargo/textarea__descripcionCargo_formj_idt15140idTexto5'
	at com.kms.katalon.core.webui.keyword.internal.WebUIKeywordMain.stepFailed(WebUIKeywordMain.groovy:64)
	at com.kms.katalon.core.webui.keyword.internal.WebUIKeywordMain.runKeyword(WebUIKeywordMain.groovy:26)
	at com.kms.katalon.core.webui.keyword.builtin.SetTextKeyword.setText(SetTextKeyword.groovy:66)
	at com.kms.katalon.core.webui.keyword.builtin.SetTextKeyword.execute(SetTextKeyword.groovy:37)
	at com.kms.katalon.core.keyword.internal.KeywordExecutor.executeKeywordForPlatform(KeywordExecutor.groovy:74)
	at com.kms.katalon.core.webui.keyword.WebUiBuiltInKeywords.setText(WebUiBuiltInKeywords.groovy:980)
	at com.kms.katalon.core.webui.keyword.WebUiBuiltInKeywords$setText$2.call(Unknown Source)
	at 12.2.1-Crear_descripción_del_cargo.run(12.2.1-Crear_descripción_del_cargo:28)
	at com.kms.katalon.core.main.ScriptEngine.run(ScriptEngine.java:194)
	at com.kms.katalon.core.main.ScriptEngine.runScriptAsRawText(ScriptEngine.java:119)
	at com.kms.katalon.core.main.TestCaseExecutor.runScript(TestCaseExecutor.java:445)
	at com.kms.katalon.core.main.TestCaseExecutor.doExecute(TestCaseExecutor.java:436)
	at com.kms.katalon.core.main.TestCaseExecutor.processExecutionPhase(TestCaseExecutor.java:415)
	at com.kms.katalon.core.main.TestCaseExecutor.accessMainPhase(TestCaseExecutor.java:407)
	at com.kms.katalon.core.main.TestCaseExecutor.execute(TestCaseExecutor.java:284)
	at com.kms.katalon.core.common.CommonExecutor.accessTestCaseMainPhase(CommonExecutor.java:65)
	at com.kms.katalon.core.main.TestSuiteExecutor.accessTestSuiteMainPhase(TestSuiteExecutor.java:144)
	at com.kms.katalon.core.main.TestSuiteExecutor.execute(TestSuiteExecutor.java:106)
	at com.kms.katalon.core.main.TestCaseMain.startTestSuite(TestCaseMain.java:185)
	at com.kms.katalon.core.main.TestCaseMain$startTestSuite$0.call(Unknown Source)
	at TempTestSuite1659987462795.run(TempTestSuite1659987462795.groovy:36)
Caused by: com.kms.katalon.core.webui.exception.WebElementNotFoundException: Web element with id: 'Object Repository/2-OBJECTS TAREAS SECUNDARIAS/Pruebas planta personal/Crear_descripción_del_cargo/textarea__descripcionCargo_formj_idt15140idTexto5' located by '//textarea' not found
	at com.kms.katalon.core.webui.common.WebUiCommonHelper.findWebElement(WebUiCommonHelper.java:1370)
	at com.kms.katalon.core.webui.keyword.internal.WebUIAbstractKeyword.findWebElement(WebUIAbstractKeyword.groovy:27)
	at com.kms.katalon.core.webui.keyword.internal.WebUIAbstractKeyword.findWebElement(WebUIAbstractKeyword.groovy:26)
	at com.kms.katalon.core.webui.keyword.builtin.SetTextKeyword$_setText_closure1.doCall(SetTextKeyword.groovy:51)
	at com.kms.katalon.core.webui.keyword.builtin.SetTextKeyword$_setText_closure1.call(SetTextKeyword.groovy)
	at com.kms.katalon.core.webui.keyword.internal.WebUIKeywordMain.runKeyword(WebUIKeywordMain.groovy:20)
	... 19 more
"/>
         <system-out><![CDATA[2022-08-08 14:40:59 - [TEST_CASE][FAILED] - Test Cases/1.2-Tareas_Secundarias/A.2-Pruebas_planta_personal/12.2.1-Crear_descripción_del_cargo: Test Cases/1.2-Tareas_Secundarias/A.2-Pruebas_planta_personal/12.2.1-Crear_descripción_del_cargo FAILED.
Reason:
com.kms.katalon.core.exception.StepFailedException: Unable to set text 'pruebas k' of object 'Object Repository/2-OBJECTS TAREAS SECUNDARIAS/Pruebas planta personal/Crear_descripción_del_cargo/textarea__descripcionCargo_formj_idt15140idTexto5'
	at com.kms.katalon.core.webui.keyword.internal.WebUIKeywordMain.stepFailed(WebUIKeywordMain.groovy:64)
	at com.kms.katalon.core.webui.keyword.internal.WebUIKeywordMain.runKeyword(WebUIKeywordMain.groovy:26)
	at com.kms.katalon.core.webui.keyword.builtin.SetTextKeyword.setText(SetTextKeyword.groovy:66)
	at com.kms.katalon.core.webui.keyword.builtin.SetTextKeyword.execute(SetTextKeyword.groovy:37)
	at com.kms.katalon.core.keyword.internal.KeywordExecutor.executeKeywordForPlatform(KeywordExecutor.groovy:74)
	at com.kms.katalon.core.webui.keyword.WebUiBuiltInKeywords.setText(WebUiBuiltInKeywords.groovy:980)
	at com.kms.katalon.core.webui.keyword.WebUiBuiltInKeywords$setText$2.call(Unknown Source)
	at 12.2.1-Crear_descripción_del_cargo.run(12.2.1-Crear_descripción_del_cargo:28)
	at com.kms.katalon.core.main.ScriptEngine.run(ScriptEngine.java:194)
	at com.kms.katalon.core.main.ScriptEngine.runScriptAsRawText(ScriptEngine.java:119)
	at com.kms.katalon.core.main.TestCaseExecutor.runScript(TestCaseExecutor.java:445)
	at com.kms.katalon.core.main.TestCaseExecutor.doExecute(TestCaseExecutor.java:436)
	at com.kms.katalon.core.main.TestCaseExecutor.processExecutionPhase(TestCaseExecutor.java:415)
	at com.kms.katalon.core.main.TestCaseExecutor.accessMainPhase(TestCaseExecutor.java:407)
	at com.kms.katalon.core.main.TestCaseExecutor.execute(TestCaseExecutor.java:284)
	at com.kms.katalon.core.common.CommonExecutor.accessTestCaseMainPhase(CommonExecutor.java:65)
	at com.kms.katalon.core.main.TestSuiteExecutor.accessTestSuiteMainPhase(TestSuiteExecutor.java:144)
	at com.kms.katalon.core.main.TestSuiteExecutor.execute(TestSuiteExecutor.java:106)
	at com.kms.katalon.core.main.TestCaseMain.startTestSuite(TestCaseMain.java:185)
	at com.kms.katalon.core.main.TestCaseMain$startTestSuite$0.call(Unknown Source)
	at TempTestSuite1659987462795.run(TempTestSuite1659987462795.groovy:36)
Caused by: com.kms.katalon.core.webui.exception.WebElementNotFoundException: Web element with id: 'Object Repository/2-OBJECTS TAREAS SECUNDARIAS/Pruebas planta personal/Crear_descripción_del_cargo/textarea__descripcionCargo_formj_idt15140idTexto5' located by '//textarea' not found
	at com.kms.katalon.core.webui.common.WebUiCommonHelper.findWebElement(WebUiCommonHelper.java:1370)
	at com.kms.katalon.core.webui.keyword.internal.WebUIAbstractKeyword.findWebElement(WebUIAbstractKeyword.groovy:27)
	at com.kms.katalon.core.webui.keyword.internal.WebUIAbstractKeyword.findWebElement(WebUIAbstractKeyword.groovy:26)
	at com.kms.katalon.core.webui.keyword.builtin.SetTextKeyword$_setText_closure1.doCall(SetTextKeyword.groovy:51)
	at com.kms.katalon.core.webui.keyword.builtin.SetTextKeyword$_setText_closure1.call(SetTextKeyword.groovy)
	at com.kms.katalon.core.webui.keyword.internal.WebUIKeywordMain.runKeyword(WebUIKeywordMain.groovy:20)
	... 19 more


2022-08-08 14:41:00 - [TEST_STEP][PASSED] - callTestCase(findTestCase("1.2-Tareas_Secundarias/A.2-Pruebas_planta_personal/12.1.6-Buscar_puesto_de_trabajo"), [:], STOP_ON_FAILURE): Call Test Case 'Test Cases/1.2-Tareas_Secundarias/A.2-Pruebas_planta_personal/12.1.6-Buscar_puesto_de_trabajo' successfully

2022-08-08 14:41:00 - [TEST_CASE][PASSED] - Test Cases/1.2-Tareas_Secundarias/A.2-Pruebas_planta_personal/12.1.6-Buscar_puesto_de_trabajo: Test Cases/1.2-Tareas_Secundarias/A.2-Pruebas_planta_personal/12.1.6-Buscar_puesto_de_trabajo

2022-08-08 14:41:00 - [TEST_STEP][PASSED] - callTestCase(findTestCase("0.1-Login"), [:], STOP_ON_FAILURE): Call Test Case 'Test Cases/0.1-Login' successfully

2022-08-08 14:41:00 - [TEST_CASE][PASSED] - Test Cases/0.1-Login: Test Cases/0.1-Login

2022-08-08 14:41:00 - [TEST_STEP][PASSED] - openBrowser(""): Browser is opened with url: ''

2022-08-08 14:41:00 - [MESSAGE][INFO] - Starting 'Chrome' driver

2022-08-08 14:41:00 - [MESSAGE][INFO] - Action delay is set to 0 milliseconds

2022-08-08 14:41:01 - [MESSAGE][PASSED] - Browser is opened with url: ''

2022-08-08 14:41:01 - [TEST_STEP][PASSED] - maximizeWindow(): Current window maximized

2022-08-08 14:41:01 - [MESSAGE][PASSED] - Current window maximized

2022-08-08 14:41:01 - [TEST_STEP][PASSED] - i = G_Login: null

2022-08-08 14:41:01 - [TEST_STEP][PASSED] - url = new java.net.URL(i): null

2022-08-08 14:41:01 - [TEST_STEP][PASSED] - println("URL: " + url.toString()): null

2022-08-08 14:41:01 - [TEST_STEP][PASSED] - connection = url.openConnection(): null

2022-08-08 14:41:01 - [TEST_STEP][PASSED] - connection.setRequestMethod("GET"): null

2022-08-08 14:41:01 - [TEST_STEP][PASSED] - connection.setReadTimeout(2 * 1000): null

2022-08-08 14:41:01 - [TEST_STEP][PASSED] - try: null

2022-08-08 14:41:01 - [TEST_STEP][PASSED] - connection.connect(): null

2022-08-08 14:41:01 - [TEST_STEP][PASSED] - flag = connected: null

2022-08-08 14:41:01 - [TEST_STEP][PASSED] - println("Valor_ori: " + flag): null

2022-08-08 14:41:01 - [TEST_STEP][PASSED] - if (flag): null

2022-08-08 14:41:01 - [TEST_STEP][PASSED] - navigateToUrl(i): Navigate to 'http://192.168.2.19:8380/saraweb' successfully

2022-08-08 14:41:02 - [MESSAGE][PASSED] - Navigate to 'http://192.168.2.19:8380/saraweb' successfully

2022-08-08 14:41:02 - [TEST_STEP][PASSED] - a(): null

2022-08-08 14:41:02 - [TEST_STEP][PASSED] - setText(findTestObject("3-OBJECTS UTILIDADES/Login/input_USUARIO_loginusuario"), G_Usuario): Text 'saraadmin' is set on object 'Object Repository/3-OBJECTS UTILIDADES/Login/input_USUARIO_loginusuario'

2022-08-08 14:41:02 - [MESSAGE][PASSED] - Text 'saraadmin' is set on object 'Object Repository/3-OBJECTS UTILIDADES/Login/input_USUARIO_loginusuario'

2022-08-08 14:41:02 - [TEST_STEP][PASSED] - setEncryptedText(findTestObject("3-OBJECTS UTILIDADES/Login/input_CLAVE_loginpassword"), "MkG4/TYiCFC3cb2driP7+Q=="): Text ****** has been set on object 'Object Repository/3-OBJECTS UTILIDADES/Login/input_CLAVE_loginpassword'

2022-08-08 14:41:03 - [MESSAGE][PASSED] - Text ****** has been set on object 'Object Repository/3-OBJECTS UTILIDADES/Login/input_CLAVE_loginpassword'

2022-08-08 14:41:03 - [TEST_STEP][PASSED] - waitForElementClickable(findTestObject("3-OBJECTS UTILIDADES/Login/a_Ingresar"), G_TimeOut): Object 'Object Repository/3-OBJECTS UTILIDADES/Login/a_Ingresar' is clickable

2022-08-08 14:41:03 - [MESSAGE][PASSED] - Object 'Object Repository/3-OBJECTS UTILIDADES/Login/a_Ingresar' is clickable

2022-08-08 14:41:03 - [TEST_STEP][PASSED] - click(findTestObject("3-OBJECTS UTILIDADES/Login/a_Ingresar")): Object: 'Object Repository/3-OBJECTS UTILIDADES/Login/a_Ingresar' is clicked on

2022-08-08 14:41:04 - [MESSAGE][PASSED] - Object: 'Object Repository/3-OBJECTS UTILIDADES/Login/a_Ingresar' is clicked on

2022-08-08 14:41:04 - [TEST_STEP][PASSED] - element = findWebElement(findTestObject("3-OBJECTS UTILIDADES/Login/a_Ir"), 30): null

2022-08-08 14:41:05 - [TEST_STEP][PASSED] - executeJavaScript("arguments[0].click()", Arrays.asList(element)): Execute JavaScript 'arguments[0].click()' successfully

2022-08-08 14:41:05 - [MESSAGE][PASSED] - Execute JavaScript 'arguments[0].click()' successfully

2022-08-08 14:41:05 - [MESSAGE][PASSED] - Call Test Case 'Test Cases/0.1-Login' successfully

2022-08-08 14:41:05 - [TEST_STEP][PASSED] - setText(findTestObject("2-OBJECTS TAREAS SECUNDARIAS/Pruebas Compensación/Listado_Empleados/input_Empresa 1_form_templatej_idt24_input (1)"), "planta personal (tal)"): Text 'planta personal (tal)' is set on object 'Object Repository/2-OBJECTS TAREAS SECUNDARIAS/Pruebas Compensación/Listado_Empleados/input_Empresa 1_form_templatej_idt24_input (1)'

2022-08-08 14:41:05 - [MESSAGE][PASSED] - Text 'planta personal (tal)' is set on object 'Object Repository/2-OBJECTS TAREAS SECUNDARIAS/Pruebas Compensación/Listado_Empleados/input_Empresa 1_form_templatej_idt24_input (1)'

2022-08-08 14:41:05 - [TEST_STEP][PASSED] - click(findTestObject("2-OBJECTS TAREAS SECUNDARIAS/Pruebas planta personal/Buscar_puesto_de_trabajo/span_Planta Personal (ta")): Object: 'Object Repository/2-OBJECTS TAREAS SECUNDARIAS/Pruebas planta personal/Buscar_puesto_de_trabajo/span_Planta Personal (ta' is clicked on

2022-08-08 14:41:07 - [MESSAGE][PASSED] - Object: 'Object Repository/2-OBJECTS TAREAS SECUNDARIAS/Pruebas planta personal/Buscar_puesto_de_trabajo/span_Planta Personal (ta' is clicked on

2022-08-08 14:41:07 - [TEST_STEP][PASSED] - click(findTestObject("2-OBJECTS TAREAS SECUNDARIAS/Pruebas planta personal/Buscar_puesto_de_trabajo/a_Actos Administrativos_organigramabuscar")): Object: 'Object Repository/2-OBJECTS TAREAS SECUNDARIAS/Pruebas planta personal/Buscar_puesto_de_trabajo/a_Actos Administrativos_organigramabuscar' is clicked on

2022-08-08 14:41:08 - [MESSAGE][PASSED] - Object: 'Object Repository/2-OBJECTS TAREAS SECUNDARIAS/Pruebas planta personal/Buscar_puesto_de_trabajo/a_Actos Administrativos_organigramabuscar' is clicked on

2022-08-08 14:41:08 - [TEST_STEP][PASSED] - selectOptionByIndex(findTestObject("2-OBJECTS TAREAS SECUNDARIAS/Pruebas planta personal/Buscar_puesto_de_trabajo/select_--Seleccione--EmpleadoPuesto"), 2): All options with index in [2] are selected on object 'Object Repository/2-OBJECTS TAREAS SECUNDARIAS/Pruebas planta personal/Buscar_puesto_de_trabajo/select_--Seleccione--EmpleadoPuesto'

2022-08-08 14:41:09 - [MESSAGE][PASSED] - All options with index in [2] are selected on object 'Object Repository/2-OBJECTS TAREAS SECUNDARIAS/Pruebas planta personal/Buscar_puesto_de_trabajo/select_--Seleccione--EmpleadoPuesto'

2022-08-08 14:41:09 - [TEST_STEP][PASSED] - click(findTestObject("2-OBJECTS TAREAS SECUNDARIAS/Pruebas planta personal/Buscar_puesto_de_trabajo/a_Cargo_popupBusquedaPlantaj_idt279")): Object: 'Object Repository/2-OBJECTS TAREAS SECUNDARIAS/Pruebas planta personal/Buscar_puesto_de_trabajo/a_Cargo_popupBusquedaPlantaj_idt279' is clicked on

2022-08-08 14:41:10 - [MESSAGE][PASSED] - Object: 'Object Repository/2-OBJECTS TAREAS SECUNDARIAS/Pruebas planta personal/Buscar_puesto_de_trabajo/a_Cargo_popupBusquedaPlantaj_idt279' is clicked on

2022-08-08 14:41:10 - [TEST_STEP][PASSED] - click(findTestObject("2-OBJECTS TAREAS SECUNDARIAS/Pruebas planta personal/Buscar_puesto_de_trabajo/a_Unidad Organizacional_popupBusquedaPlantaj_idt274")): Object: 'Object Repository/2-OBJECTS TAREAS SECUNDARIAS/Pruebas planta personal/Buscar_puesto_de_trabajo/a_Unidad Organizacional_popupBusquedaPlantaj_idt274' is clicked on

2022-08-08 14:41:10 - [MESSAGE][PASSED] - Object: 'Object Repository/2-OBJECTS TAREAS SECUNDARIAS/Pruebas planta personal/Buscar_puesto_de_trabajo/a_Unidad Organizacional_popupBusquedaPlantaj_idt274' is clicked on

2022-08-08 14:41:10 - [TEST_STEP][PASSED] - setText(findTestObject("2-OBJECTS TAREAS SECUNDARIAS/Pruebas planta personal/Buscar_puesto_de_trabajo/input_Unidad_form_popupUnidadUsuarioj_idt880"), "administracion"): Text 'administracion' is set on object 'Object Repository/2-OBJECTS TAREAS SECUNDARIAS/Pruebas planta personal/Buscar_puesto_de_trabajo/input_Unidad_form_popupUnidadUsuarioj_idt880'

2022-08-08 14:41:11 - [MESSAGE][PASSED] - Text 'administracion' is set on object 'Object Repository/2-OBJECTS TAREAS SECUNDARIAS/Pruebas planta personal/Buscar_puesto_de_trabajo/input_Unidad_form_popupUnidadUsuarioj_idt880'

2022-08-08 14:41:11 - [TEST_STEP][PASSED] - sendKeys(findTestObject("2-OBJECTS TAREAS SECUNDARIAS/Pruebas planta personal/Buscar_puesto_de_trabajo/input_Unidad_form_popupUnidadUsuarioj_idt880"), Keys.chord(ENTER)): Keys 'ENTER + ' sent to object: 'Object Repository/2-OBJECTS TAREAS SECUNDARIAS/Pruebas planta personal/Buscar_puesto_de_trabajo/input_Unidad_form_popupUnidadUsuarioj_idt880'

2022-08-08 14:41:12 - [MESSAGE][PASSED] - Keys 'ENTER + ' sent to object: 'Object Repository/2-OBJECTS TAREAS SECUNDARIAS/Pruebas planta personal/Buscar_puesto_de_trabajo/input_Unidad_form_popupUnidadUsuarioj_idt880'

2022-08-08 14:41:12 - [TEST_STEP][PASSED] - click(findTestObject("2-OBJECTS TAREAS SECUNDARIAS/Pruebas planta personal/Buscar_puesto_de_trabajo/span_ADMINISTRACION")): Object: 'Object Repository/2-OBJECTS TAREAS SECUNDARIAS/Pruebas planta personal/Buscar_puesto_de_trabajo/span_ADMINISTRACION' is clicked on

2022-08-08 14:41:13 - [MESSAGE][PASSED] - Object: 'Object Repository/2-OBJECTS TAREAS SECUNDARIAS/Pruebas planta personal/Buscar_puesto_de_trabajo/span_ADMINISTRACION' is clicked on

2022-08-08 14:41:13 - [TEST_STEP][PASSED] - click(findTestObject("2-OBJECTS TAREAS SECUNDARIAS/Pruebas planta personal/Buscar_puesto_de_trabajo/a_Cargo_popupBusquedaPlantaj_idt2790")): Object: 'Object Repository/2-OBJECTS TAREAS SECUNDARIAS/Pruebas planta personal/Buscar_puesto_de_trabajo/a_Cargo_popupBusquedaPlantaj_idt2790' is clicked on

2022-08-08 14:41:13 - [MESSAGE][PASSED] - Object: 'Object Repository/2-OBJECTS TAREAS SECUNDARIAS/Pruebas planta personal/Buscar_puesto_de_trabajo/a_Cargo_popupBusquedaPlantaj_idt2790' is clicked on

2022-08-08 14:41:13 - [TEST_STEP][PASSED] - click(findTestObject("2-OBJECTS TAREAS SECUNDARIAS/Pruebas planta personal/Buscar_puesto_de_trabajo/span_ABOGADO")): Object: 'Object Repository/2-OBJECTS TAREAS SECUNDARIAS/Pruebas planta personal/Buscar_puesto_de_trabajo/span_ABOGADO' is clicked on

2022-08-08 14:41:14 - [MESSAGE][PASSED] - Object: 'Object Repository/2-OBJECTS TAREAS SECUNDARIAS/Pruebas planta personal/Buscar_puesto_de_trabajo/span_ABOGADO' is clicked on

2022-08-08 14:41:14 - [TEST_STEP][PASSED] - click(findTestObject("2-OBJECTS TAREAS SECUNDARIAS/Pruebas planta personal/Buscar_puesto_de_trabajo/span_20139    - Abogado")): Object: 'Object Repository/2-OBJECTS TAREAS SECUNDARIAS/Pruebas planta personal/Buscar_puesto_de_trabajo/span_20139    - Abogado' is clicked on

2022-08-08 14:41:15 - [MESSAGE][PASSED] - Object: 'Object Repository/2-OBJECTS TAREAS SECUNDARIAS/Pruebas planta personal/Buscar_puesto_de_trabajo/span_20139    - Abogado' is clicked on

2022-08-08 14:41:15 - [TEST_STEP][PASSED] - scrollToElement(findTestObject("2-OBJECTS TAREAS SECUNDARIAS/Pruebas planta personal/Buscar_puesto_de_trabajo/span_10308"), 0): Scroll to object 'Object Repository/2-OBJECTS TAREAS SECUNDARIAS/Pruebas planta personal/Buscar_puesto_de_trabajo/span_10308' successfully

2022-08-08 14:41:15 - [MESSAGE][WARNING] - Timeout '0' is invalid. Using default page load timeout: '37'

2022-08-08 14:41:16 - [MESSAGE][PASSED] - Scroll to object 'Object Repository/2-OBJECTS TAREAS SECUNDARIAS/Pruebas planta personal/Buscar_puesto_de_trabajo/span_10308' successfully

2022-08-08 14:41:16 - [TEST_STEP][PASSED] - if (waitForElementVisible(findTestObject("2-OBJECTS TAREAS SECUNDARIAS/Pruebas planta personal/Buscar_puesto_de_trabajo/span_10308"), 1)): null

2022-08-08 14:41:16 - [MESSAGE][PASSED] - Object 'Object Repository/2-OBJECTS TAREAS SECUNDARIAS/Pruebas planta personal/Buscar_puesto_de_trabajo/span_10308' is visible

2022-08-08 14:41:16 - [TEST_STEP][PASSED] - Resultado = "PRUEBA OK": null

2022-08-08 14:41:16 - [MESSAGE][PASSED] - Call Test Case 'Test Cases/1.2-Tareas_Secundarias/A.2-Pruebas_planta_personal/12.1.6-Buscar_puesto_de_trabajo' successfully

2022-08-08 14:41:16 - [TEST_STEP][PASSED] - click(findTestObject("2-OBJECTS TAREAS SECUNDARIAS/Pruebas planta personal/Crear_descripción_del_cargo/a_Salgado . Paula_organigramaj_idt111")): Object: 'Object Repository/2-OBJECTS TAREAS SECUNDARIAS/Pruebas planta personal/Crear_descripción_del_cargo/a_Salgado . Paula_organigramaj_idt111' is clicked on

2022-08-08 14:41:17 - [MESSAGE][PASSED] - Object: 'Object Repository/2-OBJECTS TAREAS SECUNDARIAS/Pruebas planta personal/Crear_descripción_del_cargo/a_Salgado . Paula_organigramaj_idt111' is clicked on

2022-08-08 14:41:17 - [TEST_STEP][PASSED] - if (waitForElementVisible(findTestObject("2-OBJECTS TAREAS SECUNDARIAS/Pruebas planta personal/Crear_descripción_del_cargo/a_Aceptar"), 1)): Web element with id: 'Object Repository/2-OBJECTS TAREAS SECUNDARIAS/Pruebas planta personal/Crear_descripción_del_cargo/a_Aceptar' located by '//a[contains(text(),'Aceptar')]' not found

2022-08-08 14:41:19 - [MESSAGE][INFO] - Unable to find the element located by 'By.xpath: //a[contains(text(),'Aceptar')]'. Please recheck the objects properties to make sure the desired element is located. 

2022-08-08 14:41:19 - [MESSAGE][WARNING] - Web element with id: 'Object Repository/2-OBJECTS TAREAS SECUNDARIAS/Pruebas planta personal/Crear_descripción_del_cargo/a_Aceptar' located by '//a[contains(text(),'Aceptar')]' not found

2022-08-08 14:41:19 - [TEST_STEP][FAILED] - setText(findTestObject("2-OBJECTS TAREAS SECUNDARIAS/Pruebas planta personal/Crear_descripción_del_cargo/textarea__descripcionCargo_formj_idt15140idTexto5"), "pruebas k"): Unable to set text 'pruebas k' of object 'Object Repository/2-OBJECTS TAREAS SECUNDARIAS/Pruebas planta personal/Crear_descripción_del_cargo/textarea__descripcionCargo_formj_idt15140idTexto5' (Root cause: com.kms.katalon.core.exception.StepFailedException: Unable to set text 'pruebas k' of object 'Object Repository/2-OBJECTS TAREAS SECUNDARIAS/Pruebas planta personal/Crear_descripción_del_cargo/textarea__descripcionCargo_formj_idt15140idTexto5'
	at com.kms.katalon.core.webui.keyword.internal.WebUIKeywordMain.stepFailed(WebUIKeywordMain.groovy:64)
	at com.kms.katalon.core.webui.keyword.internal.WebUIKeywordMain.runKeyword(WebUIKeywordMain.groovy:26)
	at com.kms.katalon.core.webui.keyword.builtin.SetTextKeyword.setText(SetTextKeyword.groovy:66)
	at com.kms.katalon.core.webui.keyword.builtin.SetTextKeyword.execute(SetTextKeyword.groovy:37)
	at com.kms.katalon.core.keyword.internal.KeywordExecutor.executeKeywordForPlatform(KeywordExecutor.groovy:74)
	at com.kms.katalon.core.webui.keyword.WebUiBuiltInKeywords.setText(WebUiBuiltInKeywords.groovy:980)
	at com.kms.katalon.core.webui.keyword.WebUiBuiltInKeywords$setText$2.call(Unknown Source)
	at 12.2.1-Crear_descripción_del_cargo.run(12.2.1-Crear_descripción_del_cargo:28)
	at com.kms.katalon.core.main.ScriptEngine.run(ScriptEngine.java:194)
	at com.kms.katalon.core.main.ScriptEngine.runScriptAsRawText(ScriptEngine.java:119)
	at com.kms.katalon.core.main.TestCaseExecutor.runScript(TestCaseExecutor.java:445)
	at com.kms.katalon.core.main.TestCaseExecutor.doExecute(TestCaseExecutor.java:436)
	at com.kms.katalon.core.main.TestCaseExecutor.processExecutionPhase(TestCaseExecutor.java:415)
	at com.kms.katalon.core.main.TestCaseExecutor.accessMainPhase(TestCaseExecutor.java:407)
	at com.kms.katalon.core.main.TestCaseExecutor.execute(TestCaseExecutor.java:284)
	at com.kms.katalon.core.common.CommonExecutor.accessTestCaseMainPhase(CommonExecutor.java:65)
	at com.kms.katalon.core.main.TestSuiteExecutor.accessTestSuiteMainPhase(TestSuiteExecutor.java:144)
	at com.kms.katalon.core.main.TestSuiteExecutor.execute(TestSuiteExecutor.java:106)
	at com.kms.katalon.core.main.TestCaseMain.startTestSuite(TestCaseMain.java:185)
	at com.kms.katalon.core.main.TestCaseMain$startTestSuite$0.call(Unknown Source)
	at TempTestSuite1659987462795.run(TempTestSuite1659987462795.groovy:36)
Caused by: com.kms.katalon.core.webui.exception.WebElementNotFoundException: Web element with id: 'Object Repository/2-OBJECTS TAREAS SECUNDARIAS/Pruebas planta personal/Crear_descripción_del_cargo/textarea__descripcionCargo_formj_idt15140idTexto5' located by '//textarea' not found
	at com.kms.katalon.core.webui.common.WebUiCommonHelper.findWebElement(WebUiCommonHelper.java:1370)
	at com.kms.katalon.core.webui.keyword.internal.WebUIAbstractKeyword.findWebElement(WebUIAbstractKeyword.groovy:27)
	at com.kms.katalon.core.webui.keyword.internal.WebUIAbstractKeyword.findWebElement(WebUIAbstractKeyword.groovy:26)
	at com.kms.katalon.core.webui.keyword.builtin.SetTextKeyword$_setText_closure1.doCall(SetTextKeyword.groovy:51)
	at com.kms.katalon.core.webui.keyword.builtin.SetTextKeyword$_setText_closure1.call(SetTextKeyword.groovy)
	at com.kms.katalon.core.webui.keyword.internal.WebUIKeywordMain.runKeyword(WebUIKeywordMain.groovy:20)
	at com.kms.katalon.core.webui.keyword.builtin.SetTextKeyword.setText(SetTextKeyword.groovy:66)
	at com.kms.katalon.core.webui.keyword.builtin.SetTextKeyword.execute(SetTextKeyword.groovy:37)
	at com.kms.katalon.core.keyword.internal.KeywordExecutor.executeKeywordForPlatform(KeywordExecutor.groovy:74)
	at com.kms.katalon.core.webui.keyword.WebUiBuiltInKeywords.setText(WebUiBuiltInKeywords.groovy:980)
	at com.kms.katalon.core.webui.keyword.WebUiBuiltInKeywords$setText$2.call(Unknown Source)
	at Script1648474008054.run(Script1648474008054.groovy:28)
	... 13 more
)

2022-08-08 14:41:57 - [MESSAGE][INFO] - Unable to find the element located by 'By.xpath: //textarea'. Please recheck the objects properties to make sure the desired element is located. 

2022-08-08 14:41:57 - [MESSAGE][FAILED] - Unable to set text 'pruebas k' of object 'Object Repository/2-OBJECTS TAREAS SECUNDARIAS/Pruebas planta personal/Crear_descripción_del_cargo/textarea__descripcionCargo_formj_idt15140idTexto5' (Root cause: com.kms.katalon.core.exception.StepFailedException: Unable to set text 'pruebas k' of object 'Object Repository/2-OBJECTS TAREAS SECUNDARIAS/Pruebas planta personal/Crear_descripción_del_cargo/textarea__descripcionCargo_formj_idt15140idTexto5'
	at com.kms.katalon.core.webui.keyword.internal.WebUIKeywordMain.stepFailed(WebUIKeywordMain.groovy:64)
	at com.kms.katalon.core.webui.keyword.internal.WebUIKeywordMain.runKeyword(WebUIKeywordMain.groovy:26)
	at com.kms.katalon.core.webui.keyword.builtin.SetTextKeyword.setText(SetTextKeyword.groovy:66)
	at com.kms.katalon.core.webui.keyword.builtin.SetTextKeyword.execute(SetTextKeyword.groovy:37)
	at com.kms.katalon.core.keyword.internal.KeywordExecutor.executeKeywordForPlatform(KeywordExecutor.groovy:74)
	at com.kms.katalon.core.webui.keyword.WebUiBuiltInKeywords.setText(WebUiBuiltInKeywords.groovy:980)
	at com.kms.katalon.core.webui.keyword.WebUiBuiltInKeywords$setText$2.call(Unknown Source)
	at 12.2.1-Crear_descripción_del_cargo.run(12.2.1-Crear_descripción_del_cargo:28)
	at com.kms.katalon.core.main.ScriptEngine.run(ScriptEngine.java:194)
	at com.kms.katalon.core.main.ScriptEngine.runScriptAsRawText(ScriptEngine.java:119)
	at com.kms.katalon.core.main.TestCaseExecutor.runScript(TestCaseExecutor.java:445)
	at com.kms.katalon.core.main.TestCaseExecutor.doExecute(TestCaseExecutor.java:436)
	at com.kms.katalon.core.main.TestCaseExecutor.processExecutionPhase(TestCaseExecutor.java:415)
	at com.kms.katalon.core.main.TestCaseExecutor.accessMainPhase(TestCaseExecutor.java:407)
	at com.kms.katalon.core.main.TestCaseExecutor.execute(TestCaseExecutor.java:284)
	at com.kms.katalon.core.common.CommonExecutor.accessTestCaseMainPhase(CommonExecutor.java:65)
	at com.kms.katalon.core.main.TestSuiteExecutor.accessTestSuiteMainPhase(TestSuiteExecutor.java:144)
	at com.kms.katalon.core.main.TestSuiteExecutor.execute(TestSuiteExecutor.java:106)
	at com.kms.katalon.core.main.TestCaseMain.startTestSuite(TestCaseMain.java:185)
	at com.kms.katalon.core.main.TestCaseMain$startTestSuite$0.call(Unknown Source)
	at TempTestSuite1659987462795.run(TempTestSuite1659987462795.groovy:36)
Caused by: com.kms.katalon.core.webui.exception.WebElementNotFoundException: Web element with id: 'Object Repository/2-OBJECTS TAREAS SECUNDARIAS/Pruebas planta personal/Crear_descripción_del_cargo/textarea__descripcionCargo_formj_idt15140idTexto5' located by '//textarea' not found
	at com.kms.katalon.core.webui.common.WebUiCommonHelper.findWebElement(WebUiCommonHelper.java:1370)
	at com.kms.katalon.core.webui.keyword.internal.WebUIAbstractKeyword.findWebElement(WebUIAbstractKeyword.groovy:27)
	at com.kms.katalon.core.webui.keyword.internal.WebUIAbstractKeyword.findWebElement(WebUIAbstractKeyword.groovy:26)
	at com.kms.katalon.core.webui.keyword.builtin.SetTextKeyword$_setText_closure1.doCall(SetTextKeyword.groovy:51)
	at com.kms.katalon.core.webui.keyword.builtin.SetTextKeyword$_setText_closure1.call(SetTextKeyword.groovy)
	at com.kms.katalon.core.webui.keyword.internal.WebUIKeywordMain.runKeyword(WebUIKeywordMain.groovy:20)
	at com.kms.katalon.core.webui.keyword.builtin.SetTextKeyword.setText(SetTextKeyword.groovy:66)
	at com.kms.katalon.core.webui.keyword.builtin.SetTextKeyword.execute(SetTextKeyword.groovy:37)
	at com.kms.katalon.core.keyword.internal.KeywordExecutor.executeKeywordForPlatform(KeywordExecutor.groovy:74)
	at com.kms.katalon.core.webui.keyword.WebUiBuiltInKeywords.setText(WebUiBuiltInKeywords.groovy:980)
	at com.kms.katalon.core.webui.keyword.WebUiBuiltInKeywords$setText$2.call(Unknown Source)
	at Script1648474008054.run(Script1648474008054.groovy:28)
	... 13 more
)
[[ATTACHMENT|C:\\Users\\diego.rojas\\git\\Pruebas-Minimas\\Reports\\20220808_143742\\Test_Suite_Secundaria\\A2-Pruebas_Planta_Personal\\20220808_143742\\1659987717417.png]]]]></system-out>
         <system-err><![CDATA[2022-08-08 14:40:59 - [TEST_CASE][FAILED] - Test Cases/1.2-Tareas_Secundarias/A.2-Pruebas_planta_personal/12.2.1-Crear_descripción_del_cargo: Test Cases/1.2-Tareas_Secundarias/A.2-Pruebas_planta_personal/12.2.1-Crear_descripción_del_cargo FAILED.
Reason:
com.kms.katalon.core.exception.StepFailedException: Unable to set text 'pruebas k' of object 'Object Repository/2-OBJECTS TAREAS SECUNDARIAS/Pruebas planta personal/Crear_descripción_del_cargo/textarea__descripcionCargo_formj_idt15140idTexto5'
	at com.kms.katalon.core.webui.keyword.internal.WebUIKeywordMain.stepFailed(WebUIKeywordMain.groovy:64)
	at com.kms.katalon.core.webui.keyword.internal.WebUIKeywordMain.runKeyword(WebUIKeywordMain.groovy:26)
	at com.kms.katalon.core.webui.keyword.builtin.SetTextKeyword.setText(SetTextKeyword.groovy:66)
	at com.kms.katalon.core.webui.keyword.builtin.SetTextKeyword.execute(SetTextKeyword.groovy:37)
	at com.kms.katalon.core.keyword.internal.KeywordExecutor.executeKeywordForPlatform(KeywordExecutor.groovy:74)
	at com.kms.katalon.core.webui.keyword.WebUiBuiltInKeywords.setText(WebUiBuiltInKeywords.groovy:980)
	at com.kms.katalon.core.webui.keyword.WebUiBuiltInKeywords$setText$2.call(Unknown Source)
	at 12.2.1-Crear_descripción_del_cargo.run(12.2.1-Crear_descripción_del_cargo:28)
	at com.kms.katalon.core.main.ScriptEngine.run(ScriptEngine.java:194)
	at com.kms.katalon.core.main.ScriptEngine.runScriptAsRawText(ScriptEngine.java:119)
	at com.kms.katalon.core.main.TestCaseExecutor.runScript(TestCaseExecutor.java:445)
	at com.kms.katalon.core.main.TestCaseExecutor.doExecute(TestCaseExecutor.java:436)
	at com.kms.katalon.core.main.TestCaseExecutor.processExecutionPhase(TestCaseExecutor.java:415)
	at com.kms.katalon.core.main.TestCaseExecutor.accessMainPhase(TestCaseExecutor.java:407)
	at com.kms.katalon.core.main.TestCaseExecutor.execute(TestCaseExecutor.java:284)
	at com.kms.katalon.core.common.CommonExecutor.accessTestCaseMainPhase(CommonExecutor.java:65)
	at com.kms.katalon.core.main.TestSuiteExecutor.accessTestSuiteMainPhase(TestSuiteExecutor.java:144)
	at com.kms.katalon.core.main.TestSuiteExecutor.execute(TestSuiteExecutor.java:106)
	at com.kms.katalon.core.main.TestCaseMain.startTestSuite(TestCaseMain.java:185)
	at com.kms.katalon.core.main.TestCaseMain$startTestSuite$0.call(Unknown Source)
	at TempTestSuite1659987462795.run(TempTestSuite1659987462795.groovy:36)
Caused by: com.kms.katalon.core.webui.exception.WebElementNotFoundException: Web element with id: 'Object Repository/2-OBJECTS TAREAS SECUNDARIAS/Pruebas planta personal/Crear_descripción_del_cargo/textarea__descripcionCargo_formj_idt15140idTexto5' located by '//textarea' not found
	at com.kms.katalon.core.webui.common.WebUiCommonHelper.findWebElement(WebUiCommonHelper.java:1370)
	at com.kms.katalon.core.webui.keyword.internal.WebUIAbstractKeyword.findWebElement(WebUIAbstractKeyword.groovy:27)
	at com.kms.katalon.core.webui.keyword.internal.WebUIAbstractKeyword.findWebElement(WebUIAbstractKeyword.groovy:26)
	at com.kms.katalon.core.webui.keyword.builtin.SetTextKeyword$_setText_closure1.doCall(SetTextKeyword.groovy:51)
	at com.kms.katalon.core.webui.keyword.builtin.SetTextKeyword$_setText_closure1.call(SetTextKeyword.groovy)
	at com.kms.katalon.core.webui.keyword.internal.WebUIKeywordMain.runKeyword(WebUIKeywordMain.groovy:20)
	... 19 more]]></system-err>
      </testcase>
      <testcase name="Test Cases/1.2-Tareas_Secundarias/A.2-Pruebas_planta_personal/12.2.2-Copiar_perfil" time="66.316" classname="Test Cases/1.2-Tareas_Secundarias/A.2-Pruebas_planta_personal/12.2.2-Copiar_perfil" status="FAILED">
         <failure type="FAILED" message="Test Cases/1.2-Tareas_Secundarias/A.2-Pruebas_planta_personal/12.2.2-Copiar_perfil FAILED.
Reason:
com.kms.katalon.core.exception.StepFailedException: Unable to click on object 'Object Repository/2-OBJECTS TAREAS SECUNDARIAS/Pruebas planta personal/Copiar_perfil/a_Aplicar'
	at com.kms.katalon.core.webui.keyword.internal.WebUIKeywordMain.stepFailed(WebUIKeywordMain.groovy:64)
	at com.kms.katalon.core.webui.keyword.internal.WebUIKeywordMain.runKeyword(WebUIKeywordMain.groovy:26)
	at com.kms.katalon.core.webui.keyword.builtin.ClickKeyword.click(ClickKeyword.groovy:74)
	at com.kms.katalon.core.webui.keyword.builtin.ClickKeyword.execute(ClickKeyword.groovy:40)
	at com.kms.katalon.core.keyword.internal.KeywordExecutor.executeKeywordForPlatform(KeywordExecutor.groovy:74)
	at com.kms.katalon.core.webui.keyword.WebUiBuiltInKeywords.click(WebUiBuiltInKeywords.groovy:620)
	at com.kms.katalon.core.webui.keyword.WebUiBuiltInKeywords$click$5.call(Unknown Source)
	at 12.2.2-Copiar_perfil.run(12.2.2-Copiar_perfil:50)
	at com.kms.katalon.core.main.ScriptEngine.run(ScriptEngine.java:194)
	at com.kms.katalon.core.main.ScriptEngine.runScriptAsRawText(ScriptEngine.java:119)
	at com.kms.katalon.core.main.TestCaseExecutor.runScript(TestCaseExecutor.java:445)
	at com.kms.katalon.core.main.TestCaseExecutor.doExecute(TestCaseExecutor.java:436)
	at com.kms.katalon.core.main.TestCaseExecutor.processExecutionPhase(TestCaseExecutor.java:415)
	at com.kms.katalon.core.main.TestCaseExecutor.accessMainPhase(TestCaseExecutor.java:407)
	at com.kms.katalon.core.main.TestCaseExecutor.execute(TestCaseExecutor.java:284)
	at com.kms.katalon.core.common.CommonExecutor.accessTestCaseMainPhase(CommonExecutor.java:65)
	at com.kms.katalon.core.main.TestSuiteExecutor.accessTestSuiteMainPhase(TestSuiteExecutor.java:144)
	at com.kms.katalon.core.main.TestSuiteExecutor.execute(TestSuiteExecutor.java:106)
	at com.kms.katalon.core.main.TestCaseMain.startTestSuite(TestCaseMain.java:185)
	at com.kms.katalon.core.main.TestCaseMain$startTestSuite$0.call(Unknown Source)
	at TempTestSuite1659987462795.run(TempTestSuite1659987462795.groovy:36)
Caused by: com.kms.katalon.core.webui.exception.WebElementNotFoundException: Web element with id: 'Object Repository/2-OBJECTS TAREAS SECUNDARIAS/Pruebas planta personal/Copiar_perfil/a_Aplicar' located by '(//a[contains(text(),'Aplicar')])[2]' not found
	at com.kms.katalon.core.webui.common.WebUiCommonHelper.findWebElement(WebUiCommonHelper.java:1370)
	at com.kms.katalon.core.webui.keyword.internal.WebUIAbstractKeyword.findWebElement(WebUIAbstractKeyword.groovy:27)
	at com.kms.katalon.core.webui.keyword.builtin.ClickKeyword$_click_closure1.doCall(ClickKeyword.groovy:65)
	at com.kms.katalon.core.webui.keyword.builtin.ClickKeyword$_click_closure1.call(ClickKeyword.groovy)
	at com.kms.katalon.core.webui.keyword.internal.WebUIKeywordMain.runKeyword(WebUIKeywordMain.groovy:20)
	... 19 more
"/>
         <system-out><![CDATA[2022-08-08 14:41:57 - [TEST_CASE][FAILED] - Test Cases/1.2-Tareas_Secundarias/A.2-Pruebas_planta_personal/12.2.2-Copiar_perfil: Test Cases/1.2-Tareas_Secundarias/A.2-Pruebas_planta_personal/12.2.2-Copiar_perfil FAILED.
Reason:
com.kms.katalon.core.exception.StepFailedException: Unable to click on object 'Object Repository/2-OBJECTS TAREAS SECUNDARIAS/Pruebas planta personal/Copiar_perfil/a_Aplicar'
	at com.kms.katalon.core.webui.keyword.internal.WebUIKeywordMain.stepFailed(WebUIKeywordMain.groovy:64)
	at com.kms.katalon.core.webui.keyword.internal.WebUIKeywordMain.runKeyword(WebUIKeywordMain.groovy:26)
	at com.kms.katalon.core.webui.keyword.builtin.ClickKeyword.click(ClickKeyword.groovy:74)
	at com.kms.katalon.core.webui.keyword.builtin.ClickKeyword.execute(ClickKeyword.groovy:40)
	at com.kms.katalon.core.keyword.internal.KeywordExecutor.executeKeywordForPlatform(KeywordExecutor.groovy:74)
	at com.kms.katalon.core.webui.keyword.WebUiBuiltInKeywords.click(WebUiBuiltInKeywords.groovy:620)
	at com.kms.katalon.core.webui.keyword.WebUiBuiltInKeywords$click$5.call(Unknown Source)
	at 12.2.2-Copiar_perfil.run(12.2.2-Copiar_perfil:50)
	at com.kms.katalon.core.main.ScriptEngine.run(ScriptEngine.java:194)
	at com.kms.katalon.core.main.ScriptEngine.runScriptAsRawText(ScriptEngine.java:119)
	at com.kms.katalon.core.main.TestCaseExecutor.runScript(TestCaseExecutor.java:445)
	at com.kms.katalon.core.main.TestCaseExecutor.doExecute(TestCaseExecutor.java:436)
	at com.kms.katalon.core.main.TestCaseExecutor.processExecutionPhase(TestCaseExecutor.java:415)
	at com.kms.katalon.core.main.TestCaseExecutor.accessMainPhase(TestCaseExecutor.java:407)
	at com.kms.katalon.core.main.TestCaseExecutor.execute(TestCaseExecutor.java:284)
	at com.kms.katalon.core.common.CommonExecutor.accessTestCaseMainPhase(CommonExecutor.java:65)
	at com.kms.katalon.core.main.TestSuiteExecutor.accessTestSuiteMainPhase(TestSuiteExecutor.java:144)
	at com.kms.katalon.core.main.TestSuiteExecutor.execute(TestSuiteExecutor.java:106)
	at com.kms.katalon.core.main.TestCaseMain.startTestSuite(TestCaseMain.java:185)
	at com.kms.katalon.core.main.TestCaseMain$startTestSuite$0.call(Unknown Source)
	at TempTestSuite1659987462795.run(TempTestSuite1659987462795.groovy:36)
Caused by: com.kms.katalon.core.webui.exception.WebElementNotFoundException: Web element with id: 'Object Repository/2-OBJECTS TAREAS SECUNDARIAS/Pruebas planta personal/Copiar_perfil/a_Aplicar' located by '(//a[contains(text(),'Aplicar')])[2]' not found
	at com.kms.katalon.core.webui.common.WebUiCommonHelper.findWebElement(WebUiCommonHelper.java:1370)
	at com.kms.katalon.core.webui.keyword.internal.WebUIAbstractKeyword.findWebElement(WebUIAbstractKeyword.groovy:27)
	at com.kms.katalon.core.webui.keyword.builtin.ClickKeyword$_click_closure1.doCall(ClickKeyword.groovy:65)
	at com.kms.katalon.core.webui.keyword.builtin.ClickKeyword$_click_closure1.call(ClickKeyword.groovy)
	at com.kms.katalon.core.webui.keyword.internal.WebUIKeywordMain.runKeyword(WebUIKeywordMain.groovy:20)
	... 19 more


2022-08-08 14:41:57 - [TEST_STEP][PASSED] - callTestCase(findTestCase("1.2-Tareas_Secundarias/A.2-Pruebas_planta_personal/12.1.6-Buscar_puesto_de_trabajo"), [:], STOP_ON_FAILURE): Call Test Case 'Test Cases/1.2-Tareas_Secundarias/A.2-Pruebas_planta_personal/12.1.6-Buscar_puesto_de_trabajo' successfully

2022-08-08 14:41:58 - [TEST_CASE][PASSED] - Test Cases/1.2-Tareas_Secundarias/A.2-Pruebas_planta_personal/12.1.6-Buscar_puesto_de_trabajo: Test Cases/1.2-Tareas_Secundarias/A.2-Pruebas_planta_personal/12.1.6-Buscar_puesto_de_trabajo

2022-08-08 14:41:58 - [TEST_STEP][PASSED] - callTestCase(findTestCase("0.1-Login"), [:], STOP_ON_FAILURE): Call Test Case 'Test Cases/0.1-Login' successfully

2022-08-08 14:41:58 - [TEST_CASE][PASSED] - Test Cases/0.1-Login: Test Cases/0.1-Login

2022-08-08 14:41:58 - [TEST_STEP][PASSED] - openBrowser(""): Browser is opened with url: ''

2022-08-08 14:41:58 - [MESSAGE][WARNING] - A browser is already opened. Closing browser and opening a new one

2022-08-08 14:41:58 - [MESSAGE][INFO] - Starting 'Chrome' driver

2022-08-08 14:41:58 - [MESSAGE][INFO] - Action delay is set to 0 milliseconds

2022-08-08 14:42:00 - [MESSAGE][PASSED] - Browser is opened with url: ''

2022-08-08 14:42:00 - [TEST_STEP][PASSED] - maximizeWindow(): Current window maximized

2022-08-08 14:42:00 - [MESSAGE][PASSED] - Current window maximized

2022-08-08 14:42:00 - [TEST_STEP][PASSED] - i = G_Login: null

2022-08-08 14:42:00 - [TEST_STEP][PASSED] - url = new java.net.URL(i): null

2022-08-08 14:42:00 - [TEST_STEP][PASSED] - println("URL: " + url.toString()): null

2022-08-08 14:42:00 - [TEST_STEP][PASSED] - connection = url.openConnection(): null

2022-08-08 14:42:00 - [TEST_STEP][PASSED] - connection.setRequestMethod("GET"): null

2022-08-08 14:42:00 - [TEST_STEP][PASSED] - connection.setReadTimeout(2 * 1000): null

2022-08-08 14:42:00 - [TEST_STEP][PASSED] - try: null

2022-08-08 14:42:00 - [TEST_STEP][PASSED] - connection.connect(): null

2022-08-08 14:42:00 - [TEST_STEP][PASSED] - flag = connected: null

2022-08-08 14:42:00 - [TEST_STEP][PASSED] - println("Valor_ori: " + flag): null

2022-08-08 14:42:00 - [TEST_STEP][PASSED] - if (flag): null

2022-08-08 14:42:00 - [TEST_STEP][PASSED] - navigateToUrl(i): Navigate to 'http://192.168.2.19:8380/saraweb' successfully

2022-08-08 14:42:00 - [MESSAGE][PASSED] - Navigate to 'http://192.168.2.19:8380/saraweb' successfully

2022-08-08 14:42:00 - [TEST_STEP][PASSED] - a(): null

2022-08-08 14:42:00 - [TEST_STEP][PASSED] - setText(findTestObject("3-OBJECTS UTILIDADES/Login/input_USUARIO_loginusuario"), G_Usuario): Text 'saraadmin' is set on object 'Object Repository/3-OBJECTS UTILIDADES/Login/input_USUARIO_loginusuario'

2022-08-08 14:42:01 - [MESSAGE][PASSED] - Text 'saraadmin' is set on object 'Object Repository/3-OBJECTS UTILIDADES/Login/input_USUARIO_loginusuario'

2022-08-08 14:42:01 - [TEST_STEP][PASSED] - setEncryptedText(findTestObject("3-OBJECTS UTILIDADES/Login/input_CLAVE_loginpassword"), "MkG4/TYiCFC3cb2driP7+Q=="): Text ****** has been set on object 'Object Repository/3-OBJECTS UTILIDADES/Login/input_CLAVE_loginpassword'

2022-08-08 14:42:01 - [MESSAGE][PASSED] - Text ****** has been set on object 'Object Repository/3-OBJECTS UTILIDADES/Login/input_CLAVE_loginpassword'

2022-08-08 14:42:01 - [TEST_STEP][PASSED] - waitForElementClickable(findTestObject("3-OBJECTS UTILIDADES/Login/a_Ingresar"), G_TimeOut): Object 'Object Repository/3-OBJECTS UTILIDADES/Login/a_Ingresar' is clickable

2022-08-08 14:42:02 - [MESSAGE][PASSED] - Object 'Object Repository/3-OBJECTS UTILIDADES/Login/a_Ingresar' is clickable

2022-08-08 14:42:02 - [TEST_STEP][PASSED] - click(findTestObject("3-OBJECTS UTILIDADES/Login/a_Ingresar")): Object: 'Object Repository/3-OBJECTS UTILIDADES/Login/a_Ingresar' is clicked on

2022-08-08 14:42:03 - [MESSAGE][PASSED] - Object: 'Object Repository/3-OBJECTS UTILIDADES/Login/a_Ingresar' is clicked on

2022-08-08 14:42:03 - [TEST_STEP][PASSED] - element = findWebElement(findTestObject("3-OBJECTS UTILIDADES/Login/a_Ir"), 30): null

2022-08-08 14:42:04 - [TEST_STEP][PASSED] - executeJavaScript("arguments[0].click()", Arrays.asList(element)): Execute JavaScript 'arguments[0].click()' successfully

2022-08-08 14:42:04 - [MESSAGE][PASSED] - Execute JavaScript 'arguments[0].click()' successfully

2022-08-08 14:42:04 - [MESSAGE][PASSED] - Call Test Case 'Test Cases/0.1-Login' successfully

2022-08-08 14:42:04 - [TEST_STEP][PASSED] - setText(findTestObject("2-OBJECTS TAREAS SECUNDARIAS/Pruebas Compensación/Listado_Empleados/input_Empresa 1_form_templatej_idt24_input (1)"), "planta personal (tal)"): Text 'planta personal (tal)' is set on object 'Object Repository/2-OBJECTS TAREAS SECUNDARIAS/Pruebas Compensación/Listado_Empleados/input_Empresa 1_form_templatej_idt24_input (1)'

2022-08-08 14:42:04 - [MESSAGE][PASSED] - Text 'planta personal (tal)' is set on object 'Object Repository/2-OBJECTS TAREAS SECUNDARIAS/Pruebas Compensación/Listado_Empleados/input_Empresa 1_form_templatej_idt24_input (1)'

2022-08-08 14:42:04 - [TEST_STEP][PASSED] - click(findTestObject("2-OBJECTS TAREAS SECUNDARIAS/Pruebas planta personal/Buscar_puesto_de_trabajo/span_Planta Personal (ta")): Object: 'Object Repository/2-OBJECTS TAREAS SECUNDARIAS/Pruebas planta personal/Buscar_puesto_de_trabajo/span_Planta Personal (ta' is clicked on

2022-08-08 14:42:06 - [MESSAGE][PASSED] - Object: 'Object Repository/2-OBJECTS TAREAS SECUNDARIAS/Pruebas planta personal/Buscar_puesto_de_trabajo/span_Planta Personal (ta' is clicked on

2022-08-08 14:42:06 - [TEST_STEP][PASSED] - click(findTestObject("2-OBJECTS TAREAS SECUNDARIAS/Pruebas planta personal/Buscar_puesto_de_trabajo/a_Actos Administrativos_organigramabuscar")): Object: 'Object Repository/2-OBJECTS TAREAS SECUNDARIAS/Pruebas planta personal/Buscar_puesto_de_trabajo/a_Actos Administrativos_organigramabuscar' is clicked on

2022-08-08 14:42:07 - [MESSAGE][PASSED] - Object: 'Object Repository/2-OBJECTS TAREAS SECUNDARIAS/Pruebas planta personal/Buscar_puesto_de_trabajo/a_Actos Administrativos_organigramabuscar' is clicked on

2022-08-08 14:42:07 - [TEST_STEP][PASSED] - selectOptionByIndex(findTestObject("2-OBJECTS TAREAS SECUNDARIAS/Pruebas planta personal/Buscar_puesto_de_trabajo/select_--Seleccione--EmpleadoPuesto"), 2): All options with index in [2] are selected on object 'Object Repository/2-OBJECTS TAREAS SECUNDARIAS/Pruebas planta personal/Buscar_puesto_de_trabajo/select_--Seleccione--EmpleadoPuesto'

2022-08-08 14:42:08 - [MESSAGE][PASSED] - All options with index in [2] are selected on object 'Object Repository/2-OBJECTS TAREAS SECUNDARIAS/Pruebas planta personal/Buscar_puesto_de_trabajo/select_--Seleccione--EmpleadoPuesto'

2022-08-08 14:42:08 - [TEST_STEP][PASSED] - click(findTestObject("2-OBJECTS TAREAS SECUNDARIAS/Pruebas planta personal/Buscar_puesto_de_trabajo/a_Cargo_popupBusquedaPlantaj_idt279")): Object: 'Object Repository/2-OBJECTS TAREAS SECUNDARIAS/Pruebas planta personal/Buscar_puesto_de_trabajo/a_Cargo_popupBusquedaPlantaj_idt279' is clicked on

2022-08-08 14:42:09 - [MESSAGE][PASSED] - Object: 'Object Repository/2-OBJECTS TAREAS SECUNDARIAS/Pruebas planta personal/Buscar_puesto_de_trabajo/a_Cargo_popupBusquedaPlantaj_idt279' is clicked on

2022-08-08 14:42:09 - [TEST_STEP][PASSED] - click(findTestObject("2-OBJECTS TAREAS SECUNDARIAS/Pruebas planta personal/Buscar_puesto_de_trabajo/a_Unidad Organizacional_popupBusquedaPlantaj_idt274")): Object: 'Object Repository/2-OBJECTS TAREAS SECUNDARIAS/Pruebas planta personal/Buscar_puesto_de_trabajo/a_Unidad Organizacional_popupBusquedaPlantaj_idt274' is clicked on

2022-08-08 14:42:09 - [MESSAGE][PASSED] - Object: 'Object Repository/2-OBJECTS TAREAS SECUNDARIAS/Pruebas planta personal/Buscar_puesto_de_trabajo/a_Unidad Organizacional_popupBusquedaPlantaj_idt274' is clicked on

2022-08-08 14:42:09 - [TEST_STEP][PASSED] - setText(findTestObject("2-OBJECTS TAREAS SECUNDARIAS/Pruebas planta personal/Buscar_puesto_de_trabajo/input_Unidad_form_popupUnidadUsuarioj_idt880"), "administracion"): Text 'administracion' is set on object 'Object Repository/2-OBJECTS TAREAS SECUNDARIAS/Pruebas planta personal/Buscar_puesto_de_trabajo/input_Unidad_form_popupUnidadUsuarioj_idt880'

2022-08-08 14:42:10 - [MESSAGE][PASSED] - Text 'administracion' is set on object 'Object Repository/2-OBJECTS TAREAS SECUNDARIAS/Pruebas planta personal/Buscar_puesto_de_trabajo/input_Unidad_form_popupUnidadUsuarioj_idt880'

2022-08-08 14:42:10 - [TEST_STEP][PASSED] - sendKeys(findTestObject("2-OBJECTS TAREAS SECUNDARIAS/Pruebas planta personal/Buscar_puesto_de_trabajo/input_Unidad_form_popupUnidadUsuarioj_idt880"), Keys.chord(ENTER)): Keys 'ENTER + ' sent to object: 'Object Repository/2-OBJECTS TAREAS SECUNDARIAS/Pruebas planta personal/Buscar_puesto_de_trabajo/input_Unidad_form_popupUnidadUsuarioj_idt880'

2022-08-08 14:42:11 - [MESSAGE][PASSED] - Keys 'ENTER + ' sent to object: 'Object Repository/2-OBJECTS TAREAS SECUNDARIAS/Pruebas planta personal/Buscar_puesto_de_trabajo/input_Unidad_form_popupUnidadUsuarioj_idt880'

2022-08-08 14:42:11 - [TEST_STEP][PASSED] - click(findTestObject("2-OBJECTS TAREAS SECUNDARIAS/Pruebas planta personal/Buscar_puesto_de_trabajo/span_ADMINISTRACION")): Object: 'Object Repository/2-OBJECTS TAREAS SECUNDARIAS/Pruebas planta personal/Buscar_puesto_de_trabajo/span_ADMINISTRACION' is clicked on

2022-08-08 14:42:12 - [MESSAGE][PASSED] - Object: 'Object Repository/2-OBJECTS TAREAS SECUNDARIAS/Pruebas planta personal/Buscar_puesto_de_trabajo/span_ADMINISTRACION' is clicked on

2022-08-08 14:42:12 - [TEST_STEP][PASSED] - click(findTestObject("2-OBJECTS TAREAS SECUNDARIAS/Pruebas planta personal/Buscar_puesto_de_trabajo/a_Cargo_popupBusquedaPlantaj_idt2790")): Object: 'Object Repository/2-OBJECTS TAREAS SECUNDARIAS/Pruebas planta personal/Buscar_puesto_de_trabajo/a_Cargo_popupBusquedaPlantaj_idt2790' is clicked on

2022-08-08 14:42:12 - [MESSAGE][PASSED] - Object: 'Object Repository/2-OBJECTS TAREAS SECUNDARIAS/Pruebas planta personal/Buscar_puesto_de_trabajo/a_Cargo_popupBusquedaPlantaj_idt2790' is clicked on

2022-08-08 14:42:12 - [TEST_STEP][PASSED] - click(findTestObject("2-OBJECTS TAREAS SECUNDARIAS/Pruebas planta personal/Buscar_puesto_de_trabajo/span_ABOGADO")): Object: 'Object Repository/2-OBJECTS TAREAS SECUNDARIAS/Pruebas planta personal/Buscar_puesto_de_trabajo/span_ABOGADO' is clicked on

2022-08-08 14:42:13 - [MESSAGE][PASSED] - Object: 'Object Repository/2-OBJECTS TAREAS SECUNDARIAS/Pruebas planta personal/Buscar_puesto_de_trabajo/span_ABOGADO' is clicked on

2022-08-08 14:42:13 - [TEST_STEP][PASSED] - click(findTestObject("2-OBJECTS TAREAS SECUNDARIAS/Pruebas planta personal/Buscar_puesto_de_trabajo/span_20139    - Abogado")): Object: 'Object Repository/2-OBJECTS TAREAS SECUNDARIAS/Pruebas planta personal/Buscar_puesto_de_trabajo/span_20139    - Abogado' is clicked on

2022-08-08 14:42:14 - [MESSAGE][PASSED] - Object: 'Object Repository/2-OBJECTS TAREAS SECUNDARIAS/Pruebas planta personal/Buscar_puesto_de_trabajo/span_20139    - Abogado' is clicked on

2022-08-08 14:42:14 - [TEST_STEP][PASSED] - scrollToElement(findTestObject("2-OBJECTS TAREAS SECUNDARIAS/Pruebas planta personal/Buscar_puesto_de_trabajo/span_10308"), 0): Scroll to object 'Object Repository/2-OBJECTS TAREAS SECUNDARIAS/Pruebas planta personal/Buscar_puesto_de_trabajo/span_10308' successfully

2022-08-08 14:42:14 - [MESSAGE][WARNING] - Timeout '0' is invalid. Using default page load timeout: '37'

2022-08-08 14:42:15 - [MESSAGE][PASSED] - Scroll to object 'Object Repository/2-OBJECTS TAREAS SECUNDARIAS/Pruebas planta personal/Buscar_puesto_de_trabajo/span_10308' successfully

2022-08-08 14:42:15 - [TEST_STEP][PASSED] - if (waitForElementVisible(findTestObject("2-OBJECTS TAREAS SECUNDARIAS/Pruebas planta personal/Buscar_puesto_de_trabajo/span_10308"), 1)): null

2022-08-08 14:42:15 - [MESSAGE][PASSED] - Object 'Object Repository/2-OBJECTS TAREAS SECUNDARIAS/Pruebas planta personal/Buscar_puesto_de_trabajo/span_10308' is visible

2022-08-08 14:42:15 - [TEST_STEP][PASSED] - Resultado = "PRUEBA OK": null

2022-08-08 14:42:15 - [MESSAGE][PASSED] - Call Test Case 'Test Cases/1.2-Tareas_Secundarias/A.2-Pruebas_planta_personal/12.1.6-Buscar_puesto_de_trabajo' successfully

2022-08-08 14:42:15 - [TEST_STEP][PASSED] - click(findTestObject("2-OBJECTS TAREAS SECUNDARIAS/Pruebas planta personal/Copiar_perfil/a_Salgado . Paula_organigramaj_idt111")): Object: 'Object Repository/2-OBJECTS TAREAS SECUNDARIAS/Pruebas planta personal/Copiar_perfil/a_Salgado . Paula_organigramaj_idt111' is clicked on

2022-08-08 14:42:16 - [MESSAGE][PASSED] - Object: 'Object Repository/2-OBJECTS TAREAS SECUNDARIAS/Pruebas planta personal/Copiar_perfil/a_Salgado . Paula_organigramaj_idt111' is clicked on

2022-08-08 14:42:16 - [TEST_STEP][PASSED] - if (waitForElementVisible(findTestObject("2-OBJECTS TAREAS SECUNDARIAS/Pruebas planta personal/Copiar_perfil/a_Aceptar"), 1)): Web element with id: 'Object Repository/2-OBJECTS TAREAS SECUNDARIAS/Pruebas planta personal/Copiar_perfil/a_Aceptar' located by '//a[contains(text(),'Aceptar')]' not found

2022-08-08 14:42:18 - [MESSAGE][INFO] - Unable to find the element located by 'By.xpath: //a[contains(text(),'Aceptar')]'. Please recheck the objects properties to make sure the desired element is located. 

2022-08-08 14:42:18 - [MESSAGE][WARNING] - Web element with id: 'Object Repository/2-OBJECTS TAREAS SECUNDARIAS/Pruebas planta personal/Copiar_perfil/a_Aceptar' located by '//a[contains(text(),'Aceptar')]' not found

2022-08-08 14:42:18 - [TEST_STEP][PASSED] - click(findTestObject("2-OBJECTS TAREAS SECUNDARIAS/Pruebas planta personal/Copiar_perfil/a_Copiar Perfil")): Object: 'Object Repository/2-OBJECTS TAREAS SECUNDARIAS/Pruebas planta personal/Copiar_perfil/a_Copiar Perfil' is clicked on

2022-08-08 14:42:18 - [MESSAGE][PASSED] - Object: 'Object Repository/2-OBJECTS TAREAS SECUNDARIAS/Pruebas planta personal/Copiar_perfil/a_Copiar Perfil' is clicked on

2022-08-08 14:42:18 - [TEST_STEP][PASSED] - click(findTestObject("2-OBJECTS TAREAS SECUNDARIAS/Pruebas planta personal/Copiar_perfil/a_Unidad Organizacional_popupCopiarPerfilj_idt2011")): Object: 'Object Repository/2-OBJECTS TAREAS SECUNDARIAS/Pruebas planta personal/Copiar_perfil/a_Unidad Organizacional_popupCopiarPerfilj_idt2011' is clicked on

2022-08-08 14:42:19 - [MESSAGE][PASSED] - Object: 'Object Repository/2-OBJECTS TAREAS SECUNDARIAS/Pruebas planta personal/Copiar_perfil/a_Unidad Organizacional_popupCopiarPerfilj_idt2011' is clicked on

2022-08-08 14:42:19 - [TEST_STEP][PASSED] - setText(findTestObject("2-OBJECTS TAREAS SECUNDARIAS/Pruebas planta personal/Copiar_perfil/input_Unidad Organizacional_formPopUpUnidaddescripciones"), "ADMIN"): Text 'ADMIN' is set on object 'Object Repository/2-OBJECTS TAREAS SECUNDARIAS/Pruebas planta personal/Copiar_perfil/input_Unidad Organizacional_formPopUpUnidaddescripciones'

2022-08-08 14:42:20 - [MESSAGE][PASSED] - Text 'ADMIN' is set on object 'Object Repository/2-OBJECTS TAREAS SECUNDARIAS/Pruebas planta personal/Copiar_perfil/input_Unidad Organizacional_formPopUpUnidaddescripciones'

2022-08-08 14:42:20 - [TEST_STEP][PASSED] - sendKeys(findTestObject("2-OBJECTS TAREAS SECUNDARIAS/Pruebas planta personal/Copiar_perfil/input_Unidad Organizacional_formPopUpUnidaddescripciones"), Keys.chord(ENTER)): Keys 'ENTER + ' sent to object: 'Object Repository/2-OBJECTS TAREAS SECUNDARIAS/Pruebas planta personal/Copiar_perfil/input_Unidad Organizacional_formPopUpUnidaddescripciones'

2022-08-08 14:42:20 - [MESSAGE][PASSED] - Keys 'ENTER + ' sent to object: 'Object Repository/2-OBJECTS TAREAS SECUNDARIAS/Pruebas planta personal/Copiar_perfil/input_Unidad Organizacional_formPopUpUnidaddescripciones'

2022-08-08 14:42:20 - [TEST_STEP][PASSED] - click(findTestObject("2-OBJECTS TAREAS SECUNDARIAS/Pruebas planta personal/Copiar_perfil/td_ADMINISTRACION")): Object: 'Object Repository/2-OBJECTS TAREAS SECUNDARIAS/Pruebas planta personal/Copiar_perfil/td_ADMINISTRACION' is clicked on

2022-08-08 14:42:21 - [MESSAGE][PASSED] - Object: 'Object Repository/2-OBJECTS TAREAS SECUNDARIAS/Pruebas planta personal/Copiar_perfil/td_ADMINISTRACION' is clicked on

2022-08-08 14:42:21 - [TEST_STEP][PASSED] - click(findTestObject("2-OBJECTS TAREAS SECUNDARIAS/Pruebas planta personal/Copiar_perfil/a_Cargo_popupCopiarPerfilj_idt2016")): Object: 'Object Repository/2-OBJECTS TAREAS SECUNDARIAS/Pruebas planta personal/Copiar_perfil/a_Cargo_popupCopiarPerfilj_idt2016' is clicked on

2022-08-08 14:42:22 - [MESSAGE][PASSED] - Object: 'Object Repository/2-OBJECTS TAREAS SECUNDARIAS/Pruebas planta personal/Copiar_perfil/a_Cargo_popupCopiarPerfilj_idt2016' is clicked on

2022-08-08 14:42:22 - [TEST_STEP][PASSED] - click(findTestObject("2-OBJECTS TAREAS SECUNDARIAS/Pruebas planta personal/Copiar_perfil/span_40 MIL STAFF")): Object: 'Object Repository/2-OBJECTS TAREAS SECUNDARIAS/Pruebas planta personal/Copiar_perfil/span_40 MIL STAFF' is clicked on

2022-08-08 14:42:23 - [MESSAGE][PASSED] - Object: 'Object Repository/2-OBJECTS TAREAS SECUNDARIAS/Pruebas planta personal/Copiar_perfil/span_40 MIL STAFF' is clicked on

2022-08-08 14:42:23 - [TEST_STEP][PASSED] - check(findTestObject("2-OBJECTS TAREAS SECUNDARIAS/Pruebas planta personal/Copiar_perfil/div_Puesto_ui-chkbox-box ui-widget ui-corner-all ui-state-default ui-state-hover")): Object 'Object Repository/2-OBJECTS TAREAS SECUNDARIAS/Pruebas planta personal/Copiar_perfil/div_Puesto_ui-chkbox-box ui-widget ui-corner-all ui-state-default ui-state-hover' is checked

2022-08-08 14:42:24 - [MESSAGE][PASSED] - Object 'Object Repository/2-OBJECTS TAREAS SECUNDARIAS/Pruebas planta personal/Copiar_perfil/div_Puesto_ui-chkbox-box ui-widget ui-corner-all ui-state-default ui-state-hover' is checked

2022-08-08 14:42:24 - [TEST_STEP][PASSED] - click(findTestObject("2-OBJECTS TAREAS SECUNDARIAS/Pruebas planta personal/Copiar_perfil/a_Continuar")): Object: 'Object Repository/2-OBJECTS TAREAS SECUNDARIAS/Pruebas planta personal/Copiar_perfil/a_Continuar' is clicked on

2022-08-08 14:42:24 - [MESSAGE][PASSED] - Object: 'Object Repository/2-OBJECTS TAREAS SECUNDARIAS/Pruebas planta personal/Copiar_perfil/a_Continuar' is clicked on

2022-08-08 14:42:24 - [TEST_STEP][PASSED] - click(findTestObject("2-OBJECTS TAREAS SECUNDARIAS/Pruebas planta personal/Copiar_perfil/div_Descripcin_ui-chkbox-box ui-widget ui-corner-all ui-state-default")): Object: 'Object Repository/2-OBJECTS TAREAS SECUNDARIAS/Pruebas planta personal/Copiar_perfil/div_Descripcin_ui-chkbox-box ui-widget ui-corner-all ui-state-default' is clicked on

2022-08-08 14:42:25 - [MESSAGE][PASSED] - Object: 'Object Repository/2-OBJECTS TAREAS SECUNDARIAS/Pruebas planta personal/Copiar_perfil/div_Descripcin_ui-chkbox-box ui-widget ui-corner-all ui-state-default' is clicked on

2022-08-08 14:42:25 - [TEST_STEP][FAILED] - click(findTestObject("2-OBJECTS TAREAS SECUNDARIAS/Pruebas planta personal/Copiar_perfil/a_Aplicar")): Unable to click on object 'Object Repository/2-OBJECTS TAREAS SECUNDARIAS/Pruebas planta personal/Copiar_perfil/a_Aplicar' (Root cause: com.kms.katalon.core.exception.StepFailedException: Unable to click on object 'Object Repository/2-OBJECTS TAREAS SECUNDARIAS/Pruebas planta personal/Copiar_perfil/a_Aplicar'
	at com.kms.katalon.core.webui.keyword.internal.WebUIKeywordMain.stepFailed(WebUIKeywordMain.groovy:64)
	at com.kms.katalon.core.webui.keyword.internal.WebUIKeywordMain.runKeyword(WebUIKeywordMain.groovy:26)
	at com.kms.katalon.core.webui.keyword.builtin.ClickKeyword.click(ClickKeyword.groovy:74)
	at com.kms.katalon.core.webui.keyword.builtin.ClickKeyword.execute(ClickKeyword.groovy:40)
	at com.kms.katalon.core.keyword.internal.KeywordExecutor.executeKeywordForPlatform(KeywordExecutor.groovy:74)
	at com.kms.katalon.core.webui.keyword.WebUiBuiltInKeywords.click(WebUiBuiltInKeywords.groovy:620)
	at com.kms.katalon.core.webui.keyword.WebUiBuiltInKeywords$click$5.call(Unknown Source)
	at 12.2.2-Copiar_perfil.run(12.2.2-Copiar_perfil:50)
	at com.kms.katalon.core.main.ScriptEngine.run(ScriptEngine.java:194)
	at com.kms.katalon.core.main.ScriptEngine.runScriptAsRawText(ScriptEngine.java:119)
	at com.kms.katalon.core.main.TestCaseExecutor.runScript(TestCaseExecutor.java:445)
	at com.kms.katalon.core.main.TestCaseExecutor.doExecute(TestCaseExecutor.java:436)
	at com.kms.katalon.core.main.TestCaseExecutor.processExecutionPhase(TestCaseExecutor.java:415)
	at com.kms.katalon.core.main.TestCaseExecutor.accessMainPhase(TestCaseExecutor.java:407)
	at com.kms.katalon.core.main.TestCaseExecutor.execute(TestCaseExecutor.java:284)
	at com.kms.katalon.core.common.CommonExecutor.accessTestCaseMainPhase(CommonExecutor.java:65)
	at com.kms.katalon.core.main.TestSuiteExecutor.accessTestSuiteMainPhase(TestSuiteExecutor.java:144)
	at com.kms.katalon.core.main.TestSuiteExecutor.execute(TestSuiteExecutor.java:106)
	at com.kms.katalon.core.main.TestCaseMain.startTestSuite(TestCaseMain.java:185)
	at com.kms.katalon.core.main.TestCaseMain$startTestSuite$0.call(Unknown Source)
	at TempTestSuite1659987462795.run(TempTestSuite1659987462795.groovy:36)
Caused by: com.kms.katalon.core.webui.exception.WebElementNotFoundException: Web element with id: 'Object Repository/2-OBJECTS TAREAS SECUNDARIAS/Pruebas planta personal/Copiar_perfil/a_Aplicar' located by '(//a[contains(text(),'Aplicar')])[2]' not found
	at com.kms.katalon.core.webui.common.WebUiCommonHelper.findWebElement(WebUiCommonHelper.java:1370)
	at com.kms.katalon.core.webui.keyword.internal.WebUIAbstractKeyword.findWebElement(WebUIAbstractKeyword.groovy:27)
	at com.kms.katalon.core.webui.keyword.builtin.ClickKeyword$_click_closure1.doCall(ClickKeyword.groovy:65)
	at com.kms.katalon.core.webui.keyword.builtin.ClickKeyword$_click_closure1.call(ClickKeyword.groovy)
	at com.kms.katalon.core.webui.keyword.internal.WebUIKeywordMain.runKeyword(WebUIKeywordMain.groovy:20)
	at com.kms.katalon.core.webui.keyword.builtin.ClickKeyword.click(ClickKeyword.groovy:74)
	at com.kms.katalon.core.webui.keyword.builtin.ClickKeyword.execute(ClickKeyword.groovy:40)
	at com.kms.katalon.core.keyword.internal.KeywordExecutor.executeKeywordForPlatform(KeywordExecutor.groovy:74)
	at com.kms.katalon.core.webui.keyword.WebUiBuiltInKeywords.click(WebUiBuiltInKeywords.groovy:620)
	at com.kms.katalon.core.webui.keyword.WebUiBuiltInKeywords$click$5.call(Unknown Source)
	at Script1648474008061.run(Script1648474008061.groovy:50)
	... 13 more
)

2022-08-08 14:43:03 - [MESSAGE][INFO] - Unable to find the element located by 'By.xpath: (//a[contains(text(),'Aplicar')])[2]'. Please recheck the objects properties to make sure the desired element is located. 

2022-08-08 14:43:03 - [MESSAGE][FAILED] - Unable to click on object 'Object Repository/2-OBJECTS TAREAS SECUNDARIAS/Pruebas planta personal/Copiar_perfil/a_Aplicar' (Root cause: com.kms.katalon.core.exception.StepFailedException: Unable to click on object 'Object Repository/2-OBJECTS TAREAS SECUNDARIAS/Pruebas planta personal/Copiar_perfil/a_Aplicar'
	at com.kms.katalon.core.webui.keyword.internal.WebUIKeywordMain.stepFailed(WebUIKeywordMain.groovy:64)
	at com.kms.katalon.core.webui.keyword.internal.WebUIKeywordMain.runKeyword(WebUIKeywordMain.groovy:26)
	at com.kms.katalon.core.webui.keyword.builtin.ClickKeyword.click(ClickKeyword.groovy:74)
	at com.kms.katalon.core.webui.keyword.builtin.ClickKeyword.execute(ClickKeyword.groovy:40)
	at com.kms.katalon.core.keyword.internal.KeywordExecutor.executeKeywordForPlatform(KeywordExecutor.groovy:74)
	at com.kms.katalon.core.webui.keyword.WebUiBuiltInKeywords.click(WebUiBuiltInKeywords.groovy:620)
	at com.kms.katalon.core.webui.keyword.WebUiBuiltInKeywords$click$5.call(Unknown Source)
	at 12.2.2-Copiar_perfil.run(12.2.2-Copiar_perfil:50)
	at com.kms.katalon.core.main.ScriptEngine.run(ScriptEngine.java:194)
	at com.kms.katalon.core.main.ScriptEngine.runScriptAsRawText(ScriptEngine.java:119)
	at com.kms.katalon.core.main.TestCaseExecutor.runScript(TestCaseExecutor.java:445)
	at com.kms.katalon.core.main.TestCaseExecutor.doExecute(TestCaseExecutor.java:436)
	at com.kms.katalon.core.main.TestCaseExecutor.processExecutionPhase(TestCaseExecutor.java:415)
	at com.kms.katalon.core.main.TestCaseExecutor.accessMainPhase(TestCaseExecutor.java:407)
	at com.kms.katalon.core.main.TestCaseExecutor.execute(TestCaseExecutor.java:284)
	at com.kms.katalon.core.common.CommonExecutor.accessTestCaseMainPhase(CommonExecutor.java:65)
	at com.kms.katalon.core.main.TestSuiteExecutor.accessTestSuiteMainPhase(TestSuiteExecutor.java:144)
	at com.kms.katalon.core.main.TestSuiteExecutor.execute(TestSuiteExecutor.java:106)
	at com.kms.katalon.core.main.TestCaseMain.startTestSuite(TestCaseMain.java:185)
	at com.kms.katalon.core.main.TestCaseMain$startTestSuite$0.call(Unknown Source)
	at TempTestSuite1659987462795.run(TempTestSuite1659987462795.groovy:36)
Caused by: com.kms.katalon.core.webui.exception.WebElementNotFoundException: Web element with id: 'Object Repository/2-OBJECTS TAREAS SECUNDARIAS/Pruebas planta personal/Copiar_perfil/a_Aplicar' located by '(//a[contains(text(),'Aplicar')])[2]' not found
	at com.kms.katalon.core.webui.common.WebUiCommonHelper.findWebElement(WebUiCommonHelper.java:1370)
	at com.kms.katalon.core.webui.keyword.internal.WebUIAbstractKeyword.findWebElement(WebUIAbstractKeyword.groovy:27)
	at com.kms.katalon.core.webui.keyword.builtin.ClickKeyword$_click_closure1.doCall(ClickKeyword.groovy:65)
	at com.kms.katalon.core.webui.keyword.builtin.ClickKeyword$_click_closure1.call(ClickKeyword.groovy)
	at com.kms.katalon.core.webui.keyword.internal.WebUIKeywordMain.runKeyword(WebUIKeywordMain.groovy:20)
	at com.kms.katalon.core.webui.keyword.builtin.ClickKeyword.click(ClickKeyword.groovy:74)
	at com.kms.katalon.core.webui.keyword.builtin.ClickKeyword.execute(ClickKeyword.groovy:40)
	at com.kms.katalon.core.keyword.internal.KeywordExecutor.executeKeywordForPlatform(KeywordExecutor.groovy:74)
	at com.kms.katalon.core.webui.keyword.WebUiBuiltInKeywords.click(WebUiBuiltInKeywords.groovy:620)
	at com.kms.katalon.core.webui.keyword.WebUiBuiltInKeywords$click$5.call(Unknown Source)
	at Script1648474008061.run(Script1648474008061.groovy:50)
	... 13 more
)
[[ATTACHMENT|C:\\Users\\diego.rojas\\git\\Pruebas-Minimas\\Reports\\20220808_143742\\Test_Suite_Secundaria\\A2-Pruebas_Planta_Personal\\20220808_143742\\1659987783743.png]]]]></system-out>
         <system-err><![CDATA[2022-08-08 14:41:57 - [TEST_CASE][FAILED] - Test Cases/1.2-Tareas_Secundarias/A.2-Pruebas_planta_personal/12.2.2-Copiar_perfil: Test Cases/1.2-Tareas_Secundarias/A.2-Pruebas_planta_personal/12.2.2-Copiar_perfil FAILED.
Reason:
com.kms.katalon.core.exception.StepFailedException: Unable to click on object 'Object Repository/2-OBJECTS TAREAS SECUNDARIAS/Pruebas planta personal/Copiar_perfil/a_Aplicar'
	at com.kms.katalon.core.webui.keyword.internal.WebUIKeywordMain.stepFailed(WebUIKeywordMain.groovy:64)
	at com.kms.katalon.core.webui.keyword.internal.WebUIKeywordMain.runKeyword(WebUIKeywordMain.groovy:26)
	at com.kms.katalon.core.webui.keyword.builtin.ClickKeyword.click(ClickKeyword.groovy:74)
	at com.kms.katalon.core.webui.keyword.builtin.ClickKeyword.execute(ClickKeyword.groovy:40)
	at com.kms.katalon.core.keyword.internal.KeywordExecutor.executeKeywordForPlatform(KeywordExecutor.groovy:74)
	at com.kms.katalon.core.webui.keyword.WebUiBuiltInKeywords.click(WebUiBuiltInKeywords.groovy:620)
	at com.kms.katalon.core.webui.keyword.WebUiBuiltInKeywords$click$5.call(Unknown Source)
	at 12.2.2-Copiar_perfil.run(12.2.2-Copiar_perfil:50)
	at com.kms.katalon.core.main.ScriptEngine.run(ScriptEngine.java:194)
	at com.kms.katalon.core.main.ScriptEngine.runScriptAsRawText(ScriptEngine.java:119)
	at com.kms.katalon.core.main.TestCaseExecutor.runScript(TestCaseExecutor.java:445)
	at com.kms.katalon.core.main.TestCaseExecutor.doExecute(TestCaseExecutor.java:436)
	at com.kms.katalon.core.main.TestCaseExecutor.processExecutionPhase(TestCaseExecutor.java:415)
	at com.kms.katalon.core.main.TestCaseExecutor.accessMainPhase(TestCaseExecutor.java:407)
	at com.kms.katalon.core.main.TestCaseExecutor.execute(TestCaseExecutor.java:284)
	at com.kms.katalon.core.common.CommonExecutor.accessTestCaseMainPhase(CommonExecutor.java:65)
	at com.kms.katalon.core.main.TestSuiteExecutor.accessTestSuiteMainPhase(TestSuiteExecutor.java:144)
	at com.kms.katalon.core.main.TestSuiteExecutor.execute(TestSuiteExecutor.java:106)
	at com.kms.katalon.core.main.TestCaseMain.startTestSuite(TestCaseMain.java:185)
	at com.kms.katalon.core.main.TestCaseMain$startTestSuite$0.call(Unknown Source)
	at TempTestSuite1659987462795.run(TempTestSuite1659987462795.groovy:36)
Caused by: com.kms.katalon.core.webui.exception.WebElementNotFoundException: Web element with id: 'Object Repository/2-OBJECTS TAREAS SECUNDARIAS/Pruebas planta personal/Copiar_perfil/a_Aplicar' located by '(//a[contains(text(),'Aplicar')])[2]' not found
	at com.kms.katalon.core.webui.common.WebUiCommonHelper.findWebElement(WebUiCommonHelper.java:1370)
	at com.kms.katalon.core.webui.keyword.internal.WebUIAbstractKeyword.findWebElement(WebUIAbstractKeyword.groovy:27)
	at com.kms.katalon.core.webui.keyword.builtin.ClickKeyword$_click_closure1.doCall(ClickKeyword.groovy:65)
	at com.kms.katalon.core.webui.keyword.builtin.ClickKeyword$_click_closure1.call(ClickKeyword.groovy)
	at com.kms.katalon.core.webui.keyword.internal.WebUIKeywordMain.runKeyword(WebUIKeywordMain.groovy:20)
	... 19 more]]></system-err>
      </testcase>
      <testcase name="Test Cases/1.2-Tareas_Secundarias/A.2-Pruebas_planta_personal/12.2.3-Crear_descripción_del_cargo_(PUESTO_TRABAJO_MULTIPLE)" time="22.666" classname="Test Cases/1.2-Tareas_Secundarias/A.2-Pruebas_planta_personal/12.2.3-Crear_descripción_del_cargo_(PUESTO_TRABAJO_MULTIPLE)" status="PASSED">
         <system-out><![CDATA[2022-08-08 14:43:03 - [TEST_CASE][PASSED] - Test Cases/1.2-Tareas_Secundarias/A.2-Pruebas_planta_personal/12.2.3-Crear_descripción_del_cargo_(PUESTO_TRABAJO_MULTIPLE): Test Cases/1.2-Tareas_Secundarias/A.2-Pruebas_planta_personal/12.2.3-Crear_descripción_del_cargo_(PUESTO_TRABAJO_MULTIPLE)

2022-08-08 14:43:04 - [TEST_STEP][PASSED] - callTestCase(findTestCase("0.1-Login"), [:], STOP_ON_FAILURE): Call Test Case 'Test Cases/0.1-Login' successfully

2022-08-08 14:43:04 - [TEST_CASE][PASSED] - Test Cases/0.1-Login: Test Cases/0.1-Login

2022-08-08 14:43:04 - [TEST_STEP][PASSED] - openBrowser(""): Browser is opened with url: ''

2022-08-08 14:43:04 - [MESSAGE][WARNING] - A browser is already opened. Closing browser and opening a new one

2022-08-08 14:43:05 - [MESSAGE][INFO] - Starting 'Chrome' driver

2022-08-08 14:43:05 - [MESSAGE][INFO] - Action delay is set to 0 milliseconds

2022-08-08 14:43:06 - [MESSAGE][PASSED] - Browser is opened with url: ''

2022-08-08 14:43:06 - [TEST_STEP][PASSED] - maximizeWindow(): Current window maximized

2022-08-08 14:43:06 - [MESSAGE][PASSED] - Current window maximized

2022-08-08 14:43:06 - [TEST_STEP][PASSED] - i = G_Login: null

2022-08-08 14:43:06 - [TEST_STEP][PASSED] - url = new java.net.URL(i): null

2022-08-08 14:43:06 - [TEST_STEP][PASSED] - println("URL: " + url.toString()): null

2022-08-08 14:43:06 - [TEST_STEP][PASSED] - connection = url.openConnection(): null

2022-08-08 14:43:06 - [TEST_STEP][PASSED] - connection.setRequestMethod("GET"): null

2022-08-08 14:43:06 - [TEST_STEP][PASSED] - connection.setReadTimeout(2 * 1000): null

2022-08-08 14:43:06 - [TEST_STEP][PASSED] - try: null

2022-08-08 14:43:06 - [TEST_STEP][PASSED] - connection.connect(): null

2022-08-08 14:43:06 - [TEST_STEP][PASSED] - flag = connected: null

2022-08-08 14:43:06 - [TEST_STEP][PASSED] - println("Valor_ori: " + flag): null

2022-08-08 14:43:06 - [TEST_STEP][PASSED] - if (flag): null

2022-08-08 14:43:06 - [TEST_STEP][PASSED] - navigateToUrl(i): Navigate to 'http://192.168.2.19:8380/saraweb' successfully

2022-08-08 14:43:07 - [MESSAGE][PASSED] - Navigate to 'http://192.168.2.19:8380/saraweb' successfully

2022-08-08 14:43:07 - [TEST_STEP][PASSED] - a(): null

2022-08-08 14:43:07 - [TEST_STEP][PASSED] - setText(findTestObject("3-OBJECTS UTILIDADES/Login/input_USUARIO_loginusuario"), G_Usuario): Text 'saraadmin' is set on object 'Object Repository/3-OBJECTS UTILIDADES/Login/input_USUARIO_loginusuario'

2022-08-08 14:43:08 - [MESSAGE][PASSED] - Text 'saraadmin' is set on object 'Object Repository/3-OBJECTS UTILIDADES/Login/input_USUARIO_loginusuario'

2022-08-08 14:43:08 - [TEST_STEP][PASSED] - setEncryptedText(findTestObject("3-OBJECTS UTILIDADES/Login/input_CLAVE_loginpassword"), "MkG4/TYiCFC3cb2driP7+Q=="): Text ****** has been set on object 'Object Repository/3-OBJECTS UTILIDADES/Login/input_CLAVE_loginpassword'

2022-08-08 14:43:08 - [MESSAGE][PASSED] - Text ****** has been set on object 'Object Repository/3-OBJECTS UTILIDADES/Login/input_CLAVE_loginpassword'

2022-08-08 14:43:08 - [TEST_STEP][PASSED] - waitForElementClickable(findTestObject("3-OBJECTS UTILIDADES/Login/a_Ingresar"), G_TimeOut): Object 'Object Repository/3-OBJECTS UTILIDADES/Login/a_Ingresar' is clickable

2022-08-08 14:43:08 - [MESSAGE][PASSED] - Object 'Object Repository/3-OBJECTS UTILIDADES/Login/a_Ingresar' is clickable

2022-08-08 14:43:08 - [TEST_STEP][PASSED] - click(findTestObject("3-OBJECTS UTILIDADES/Login/a_Ingresar")): Object: 'Object Repository/3-OBJECTS UTILIDADES/Login/a_Ingresar' is clicked on

2022-08-08 14:43:10 - [MESSAGE][PASSED] - Object: 'Object Repository/3-OBJECTS UTILIDADES/Login/a_Ingresar' is clicked on

2022-08-08 14:43:10 - [TEST_STEP][PASSED] - element = findWebElement(findTestObject("3-OBJECTS UTILIDADES/Login/a_Ir"), 30): null

2022-08-08 14:43:11 - [TEST_STEP][PASSED] - executeJavaScript("arguments[0].click()", Arrays.asList(element)): Execute JavaScript 'arguments[0].click()' successfully

2022-08-08 14:43:11 - [MESSAGE][PASSED] - Execute JavaScript 'arguments[0].click()' successfully

2022-08-08 14:43:11 - [MESSAGE][PASSED] - Call Test Case 'Test Cases/0.1-Login' successfully

2022-08-08 14:43:11 - [TEST_STEP][PASSED] - setText(findTestObject("2-OBJECTS TAREAS SECUNDARIAS/Pruebas planta personal/Crear_descripción_del_cargo(Puesto_trabajo_multiple)/input_Empresa 1_form_templatej_idt24_input"), "Listado Descripcion Cargo (tal)"): Text 'Listado Descripcion Cargo (tal)' is set on object 'Object Repository/2-OBJECTS TAREAS SECUNDARIAS/Pruebas planta personal/Crear_descripción_del_cargo(Puesto_trabajo_multiple)/input_Empresa 1_form_templatej_idt24_input'

2022-08-08 14:43:12 - [MESSAGE][PASSED] - Text 'Listado Descripcion Cargo (tal)' is set on object 'Object Repository/2-OBJECTS TAREAS SECUNDARIAS/Pruebas planta personal/Crear_descripción_del_cargo(Puesto_trabajo_multiple)/input_Empresa 1_form_templatej_idt24_input'

2022-08-08 14:43:12 - [TEST_STEP][PASSED] - click(findTestObject("2-OBJECTS TAREAS SECUNDARIAS/Pruebas planta personal/Crear_descripción_del_cargo(Puesto_trabajo_multiple)/li_Listado Descripcion Cargo (tal)")): Object: 'Object Repository/2-OBJECTS TAREAS SECUNDARIAS/Pruebas planta personal/Crear_descripción_del_cargo(Puesto_trabajo_multiple)/li_Listado Descripcion Cargo (tal)' is clicked on

2022-08-08 14:43:13 - [MESSAGE][PASSED] - Object: 'Object Repository/2-OBJECTS TAREAS SECUNDARIAS/Pruebas planta personal/Crear_descripción_del_cargo(Puesto_trabajo_multiple)/li_Listado Descripcion Cargo (tal)' is clicked on

2022-08-08 14:43:13 - [TEST_STEP][PASSED] - click(findTestObject("2-OBJECTS TAREAS SECUNDARIAS/Pruebas planta personal/Crear_descripción_del_cargo(Puesto_trabajo_multiple)/a_Nuevo")): Object: 'Object Repository/2-OBJECTS TAREAS SECUNDARIAS/Pruebas planta personal/Crear_descripción_del_cargo(Puesto_trabajo_multiple)/a_Nuevo' is clicked on

2022-08-08 14:43:14 - [MESSAGE][PASSED] - Object: 'Object Repository/2-OBJECTS TAREAS SECUNDARIAS/Pruebas planta personal/Crear_descripción_del_cargo(Puesto_trabajo_multiple)/a_Nuevo' is clicked on

2022-08-08 14:43:14 - [TEST_STEP][PASSED] - click(findTestObject("2-OBJECTS TAREAS SECUNDARIAS/Pruebas planta personal/Crear_descripción_del_cargo(Puesto_trabajo_multiple)/a_Unidad Organizacional_form_listadoDescripcionCargoj_idt115")): Object: 'Object Repository/2-OBJECTS TAREAS SECUNDARIAS/Pruebas planta personal/Crear_descripción_del_cargo(Puesto_trabajo_multiple)/a_Unidad Organizacional_form_listadoDescripcionCargoj_idt115' is clicked on

2022-08-08 14:43:15 - [MESSAGE][PASSED] - Object: 'Object Repository/2-OBJECTS TAREAS SECUNDARIAS/Pruebas planta personal/Crear_descripción_del_cargo(Puesto_trabajo_multiple)/a_Unidad Organizacional_form_listadoDescripcionCargoj_idt115' is clicked on

2022-08-08 14:43:15 - [TEST_STEP][PASSED] - setText(findTestObject("2-OBJECTS TAREAS SECUNDARIAS/Pruebas planta personal/Crear_descripción_del_cargo(Puesto_trabajo_multiple)/input_Unidad_form_popupUnidadUsuarioj_idt612"), "ADMINISTRACION"): Text 'ADMINISTRACION' is set on object 'Object Repository/2-OBJECTS TAREAS SECUNDARIAS/Pruebas planta personal/Crear_descripción_del_cargo(Puesto_trabajo_multiple)/input_Unidad_form_popupUnidadUsuarioj_idt612'

2022-08-08 14:43:16 - [MESSAGE][PASSED] - Text 'ADMINISTRACION' is set on object 'Object Repository/2-OBJECTS TAREAS SECUNDARIAS/Pruebas planta personal/Crear_descripción_del_cargo(Puesto_trabajo_multiple)/input_Unidad_form_popupUnidadUsuarioj_idt612'

2022-08-08 14:43:16 - [TEST_STEP][PASSED] - sendKeys(findTestObject("2-OBJECTS TAREAS SECUNDARIAS/Pruebas planta personal/Crear_descripción_del_cargo(Puesto_trabajo_multiple)/input_Unidad_form_popupUnidadUsuarioj_idt612"), Keys.chord(ENTER)): Keys 'ENTER + ' sent to object: 'Object Repository/2-OBJECTS TAREAS SECUNDARIAS/Pruebas planta personal/Crear_descripción_del_cargo(Puesto_trabajo_multiple)/input_Unidad_form_popupUnidadUsuarioj_idt612'

2022-08-08 14:43:16 - [MESSAGE][PASSED] - Keys 'ENTER + ' sent to object: 'Object Repository/2-OBJECTS TAREAS SECUNDARIAS/Pruebas planta personal/Crear_descripción_del_cargo(Puesto_trabajo_multiple)/input_Unidad_form_popupUnidadUsuarioj_idt612'

2022-08-08 14:43:16 - [TEST_STEP][PASSED] - click(findTestObject("2-OBJECTS TAREAS SECUNDARIAS/Pruebas planta personal/Crear_descripción_del_cargo(Puesto_trabajo_multiple)/span_ADMINISTRACION")): Object: 'Object Repository/2-OBJECTS TAREAS SECUNDARIAS/Pruebas planta personal/Crear_descripción_del_cargo(Puesto_trabajo_multiple)/span_ADMINISTRACION' is clicked on

2022-08-08 14:43:17 - [MESSAGE][PASSED] - Object: 'Object Repository/2-OBJECTS TAREAS SECUNDARIAS/Pruebas planta personal/Crear_descripción_del_cargo(Puesto_trabajo_multiple)/span_ADMINISTRACION' is clicked on

2022-08-08 14:43:17 - [TEST_STEP][PASSED] - click(findTestObject("2-OBJECTS TAREAS SECUNDARIAS/Pruebas planta personal/Crear_descripción_del_cargo(Puesto_trabajo_multiple)/a_Cargo_form_listadoDescripcionCargoj_idt120")): Object: 'Object Repository/2-OBJECTS TAREAS SECUNDARIAS/Pruebas planta personal/Crear_descripción_del_cargo(Puesto_trabajo_multiple)/a_Cargo_form_listadoDescripcionCargoj_idt120' is clicked on

2022-08-08 14:43:17 - [MESSAGE][PASSED] - Object: 'Object Repository/2-OBJECTS TAREAS SECUNDARIAS/Pruebas planta personal/Crear_descripción_del_cargo(Puesto_trabajo_multiple)/a_Cargo_form_listadoDescripcionCargoj_idt120' is clicked on

2022-08-08 14:43:17 - [TEST_STEP][PASSED] - click(findTestObject("2-OBJECTS TAREAS SECUNDARIAS/Pruebas planta personal/Crear_descripción_del_cargo(Puesto_trabajo_multiple)/span_ABOGADO")): Object: 'Object Repository/2-OBJECTS TAREAS SECUNDARIAS/Pruebas planta personal/Crear_descripción_del_cargo(Puesto_trabajo_multiple)/span_ABOGADO' is clicked on

2022-08-08 14:43:18 - [MESSAGE][PASSED] - Object: 'Object Repository/2-OBJECTS TAREAS SECUNDARIAS/Pruebas planta personal/Crear_descripción_del_cargo(Puesto_trabajo_multiple)/span_ABOGADO' is clicked on

2022-08-08 14:43:18 - [TEST_STEP][PASSED] - click(findTestObject("2-OBJECTS TAREAS SECUNDARIAS/Pruebas planta personal/Crear_descripción_del_cargo(Puesto_trabajo_multiple)/span_20139    - Abogado")): Object: 'Object Repository/2-OBJECTS TAREAS SECUNDARIAS/Pruebas planta personal/Crear_descripción_del_cargo(Puesto_trabajo_multiple)/span_20139    - Abogado' is clicked on

2022-08-08 14:43:19 - [MESSAGE][PASSED] - Object: 'Object Repository/2-OBJECTS TAREAS SECUNDARIAS/Pruebas planta personal/Crear_descripción_del_cargo(Puesto_trabajo_multiple)/span_20139    - Abogado' is clicked on

2022-08-08 14:43:19 - [TEST_STEP][PASSED] - setText(findTestObject("2-OBJECTS TAREAS SECUNDARIAS/Pruebas planta personal/Crear_descripción_del_cargo(Puesto_trabajo_multiple)/input__descripcionCargo_formj_idt7270fecha_input"), "01/07/2021"): Text '01/07/2021' is set on object 'Object Repository/2-OBJECTS TAREAS SECUNDARIAS/Pruebas planta personal/Crear_descripción_del_cargo(Puesto_trabajo_multiple)/input__descripcionCargo_formj_idt7270fecha_input'

2022-08-08 14:43:21 - [MESSAGE][PASSED] - Text '01/07/2021' is set on object 'Object Repository/2-OBJECTS TAREAS SECUNDARIAS/Pruebas planta personal/Crear_descripción_del_cargo(Puesto_trabajo_multiple)/input__descripcionCargo_formj_idt7270fecha_input'

2022-08-08 14:43:21 - [TEST_STEP][PASSED] - setText(findTestObject("2-OBJECTS TAREAS SECUNDARIAS/Pruebas planta personal/Crear_descripción_del_cargo(Puesto_trabajo_multiple)/textarea__descripcionCargo_formj_idt7272idTexto5"), "pruebas katalon"): Text 'pruebas katalon' is set on object 'Object Repository/2-OBJECTS TAREAS SECUNDARIAS/Pruebas planta personal/Crear_descripción_del_cargo(Puesto_trabajo_multiple)/textarea__descripcionCargo_formj_idt7272idTexto5'

2022-08-08 14:43:21 - [MESSAGE][PASSED] - Text 'pruebas katalon' is set on object 'Object Repository/2-OBJECTS TAREAS SECUNDARIAS/Pruebas planta personal/Crear_descripción_del_cargo(Puesto_trabajo_multiple)/textarea__descripcionCargo_formj_idt7272idTexto5'

2022-08-08 14:43:21 - [TEST_STEP][PASSED] - setText(findTestObject("2-OBJECTS TAREAS SECUNDARIAS/Pruebas planta personal/Crear_descripción_del_cargo(Puesto_trabajo_multiple)/textarea__descripcionCargo_formj_idt7274idTexto5"), "pruebas katalon"): Text 'pruebas katalon' is set on object 'Object Repository/2-OBJECTS TAREAS SECUNDARIAS/Pruebas planta personal/Crear_descripción_del_cargo(Puesto_trabajo_multiple)/textarea__descripcionCargo_formj_idt7274idTexto5'

2022-08-08 14:43:22 - [MESSAGE][PASSED] - Text 'pruebas katalon' is set on object 'Object Repository/2-OBJECTS TAREAS SECUNDARIAS/Pruebas planta personal/Crear_descripción_del_cargo(Puesto_trabajo_multiple)/textarea__descripcionCargo_formj_idt7274idTexto5'

2022-08-08 14:43:22 - [TEST_STEP][PASSED] - setText(findTestObject("2-OBJECTS TAREAS SECUNDARIAS/Pruebas planta personal/Crear_descripción_del_cargo(Puesto_trabajo_multiple)/textarea__descripcionCargo_formj_idt7276idTexto5"), "pruebas katalon"): Text 'pruebas katalon' is set on object 'Object Repository/2-OBJECTS TAREAS SECUNDARIAS/Pruebas planta personal/Crear_descripción_del_cargo(Puesto_trabajo_multiple)/textarea__descripcionCargo_formj_idt7276idTexto5'

2022-08-08 14:43:23 - [MESSAGE][PASSED] - Text 'pruebas katalon' is set on object 'Object Repository/2-OBJECTS TAREAS SECUNDARIAS/Pruebas planta personal/Crear_descripción_del_cargo(Puesto_trabajo_multiple)/textarea__descripcionCargo_formj_idt7276idTexto5'

2022-08-08 14:43:23 - [TEST_STEP][PASSED] - setText(findTestObject("2-OBJECTS TAREAS SECUNDARIAS/Pruebas planta personal/Crear_descripción_del_cargo(Puesto_trabajo_multiple)/textarea__descripcionCargo_formj_idt7277idTexto5"), "pruebas katalon"): Text 'pruebas katalon' is set on object 'Object Repository/2-OBJECTS TAREAS SECUNDARIAS/Pruebas planta personal/Crear_descripción_del_cargo(Puesto_trabajo_multiple)/textarea__descripcionCargo_formj_idt7277idTexto5'

2022-08-08 14:43:24 - [MESSAGE][PASSED] - Text 'pruebas katalon' is set on object 'Object Repository/2-OBJECTS TAREAS SECUNDARIAS/Pruebas planta personal/Crear_descripción_del_cargo(Puesto_trabajo_multiple)/textarea__descripcionCargo_formj_idt7277idTexto5'

2022-08-08 14:43:24 - [TEST_STEP][PASSED] - click(findTestObject("2-OBJECTS TAREAS SECUNDARIAS/Pruebas planta personal/Crear_descripción_del_cargo(Puesto_trabajo_multiple)/a_Guardar")): Object: 'Object Repository/2-OBJECTS TAREAS SECUNDARIAS/Pruebas planta personal/Crear_descripción_del_cargo(Puesto_trabajo_multiple)/a_Guardar' is clicked on

2022-08-08 14:43:24 - [MESSAGE][PASSED] - Object: 'Object Repository/2-OBJECTS TAREAS SECUNDARIAS/Pruebas planta personal/Crear_descripción_del_cargo(Puesto_trabajo_multiple)/a_Guardar' is clicked on

2022-08-08 14:43:24 - [TEST_STEP][PASSED] - if (waitForElementVisible(findTestObject("2-OBJECTS TAREAS SECUNDARIAS/Pruebas planta personal/Crear_descripción_del_cargo(Puesto_trabajo_multiple)/a_Definir_Perfil"), 1)): null

2022-08-08 14:43:25 - [MESSAGE][PASSED] - Object 'Object Repository/2-OBJECTS TAREAS SECUNDARIAS/Pruebas planta personal/Crear_descripción_del_cargo(Puesto_trabajo_multiple)/a_Definir_Perfil' is visible

2022-08-08 14:43:25 - [TEST_STEP][PASSED] - closeBrowser(): Browser is closed

2022-08-08 14:43:26 - [MESSAGE][PASSED] - Browser is closed]]></system-out>
         <system-err><![CDATA[]]></system-err>
      </testcase>
      <testcase name="Test Cases/1.2-Tareas_Secundarias/A.2-Pruebas_planta_personal/12.2.4-Copiar_perfil_(Puesto_de_Trabajo)" time="66.696" classname="Test Cases/1.2-Tareas_Secundarias/A.2-Pruebas_planta_personal/12.2.4-Copiar_perfil_(Puesto_de_Trabajo)" status="FAILED">
         <failure type="FAILED" message="Test Cases/1.2-Tareas_Secundarias/A.2-Pruebas_planta_personal/12.2.4-Copiar_perfil_(Puesto_de_Trabajo) FAILED.
Reason:
com.kms.katalon.core.exception.StepFailedException: Unable to click on object 'Object Repository/2-OBJECTS TAREAS SECUNDARIAS/Pruebas planta personal/Copiar_perfil_(Puesto_de_Trabajo)/a_Aplicar'
	at com.kms.katalon.core.webui.keyword.internal.WebUIKeywordMain.stepFailed(WebUIKeywordMain.groovy:64)
	at com.kms.katalon.core.webui.keyword.internal.WebUIKeywordMain.runKeyword(WebUIKeywordMain.groovy:26)
	at com.kms.katalon.core.webui.keyword.builtin.ClickKeyword.click(ClickKeyword.groovy:74)
	at com.kms.katalon.core.webui.keyword.builtin.ClickKeyword.execute(ClickKeyword.groovy:40)
	at com.kms.katalon.core.keyword.internal.KeywordExecutor.executeKeywordForPlatform(KeywordExecutor.groovy:74)
	at com.kms.katalon.core.webui.keyword.WebUiBuiltInKeywords.click(WebUiBuiltInKeywords.groovy:620)
	at com.kms.katalon.core.webui.keyword.WebUiBuiltInKeywords$click$5.call(Unknown Source)
	at 12.2.4-Copiar_perfil_(Puesto_de_Trabajo).run(12.2.4-Copiar_perfil_(Puesto_de_Trabajo):59)
	at com.kms.katalon.core.main.ScriptEngine.run(ScriptEngine.java:194)
	at com.kms.katalon.core.main.ScriptEngine.runScriptAsRawText(ScriptEngine.java:119)
	at com.kms.katalon.core.main.TestCaseExecutor.runScript(TestCaseExecutor.java:445)
	at com.kms.katalon.core.main.TestCaseExecutor.doExecute(TestCaseExecutor.java:436)
	at com.kms.katalon.core.main.TestCaseExecutor.processExecutionPhase(TestCaseExecutor.java:415)
	at com.kms.katalon.core.main.TestCaseExecutor.accessMainPhase(TestCaseExecutor.java:407)
	at com.kms.katalon.core.main.TestCaseExecutor.execute(TestCaseExecutor.java:284)
	at com.kms.katalon.core.common.CommonExecutor.accessTestCaseMainPhase(CommonExecutor.java:65)
	at com.kms.katalon.core.main.TestSuiteExecutor.accessTestSuiteMainPhase(TestSuiteExecutor.java:144)
	at com.kms.katalon.core.main.TestSuiteExecutor.execute(TestSuiteExecutor.java:106)
	at com.kms.katalon.core.main.TestCaseMain.startTestSuite(TestCaseMain.java:185)
	at com.kms.katalon.core.main.TestCaseMain$startTestSuite$0.call(Unknown Source)
	at TempTestSuite1659987462795.run(TempTestSuite1659987462795.groovy:36)
Caused by: com.kms.katalon.core.webui.exception.WebElementNotFoundException: Web element with id: 'Object Repository/2-OBJECTS TAREAS SECUNDARIAS/Pruebas planta personal/Copiar_perfil_(Puesto_de_Trabajo)/a_Aplicar' located by '(//a[contains(text(),'Aplicar')])[2]' not found
	at com.kms.katalon.core.webui.common.WebUiCommonHelper.findWebElement(WebUiCommonHelper.java:1370)
	at com.kms.katalon.core.webui.keyword.internal.WebUIAbstractKeyword.findWebElement(WebUIAbstractKeyword.groovy:27)
	at com.kms.katalon.core.webui.keyword.builtin.ClickKeyword$_click_closure1.doCall(ClickKeyword.groovy:65)
	at com.kms.katalon.core.webui.keyword.builtin.ClickKeyword$_click_closure1.call(ClickKeyword.groovy)
	at com.kms.katalon.core.webui.keyword.internal.WebUIKeywordMain.runKeyword(WebUIKeywordMain.groovy:20)
	... 19 more
"/>
         <system-out><![CDATA[2022-08-08 14:43:26 - [TEST_CASE][FAILED] - Test Cases/1.2-Tareas_Secundarias/A.2-Pruebas_planta_personal/12.2.4-Copiar_perfil_(Puesto_de_Trabajo): Test Cases/1.2-Tareas_Secundarias/A.2-Pruebas_planta_personal/12.2.4-Copiar_perfil_(Puesto_de_Trabajo) FAILED.
Reason:
com.kms.katalon.core.exception.StepFailedException: Unable to click on object 'Object Repository/2-OBJECTS TAREAS SECUNDARIAS/Pruebas planta personal/Copiar_perfil_(Puesto_de_Trabajo)/a_Aplicar'
	at com.kms.katalon.core.webui.keyword.internal.WebUIKeywordMain.stepFailed(WebUIKeywordMain.groovy:64)
	at com.kms.katalon.core.webui.keyword.internal.WebUIKeywordMain.runKeyword(WebUIKeywordMain.groovy:26)
	at com.kms.katalon.core.webui.keyword.builtin.ClickKeyword.click(ClickKeyword.groovy:74)
	at com.kms.katalon.core.webui.keyword.builtin.ClickKeyword.execute(ClickKeyword.groovy:40)
	at com.kms.katalon.core.keyword.internal.KeywordExecutor.executeKeywordForPlatform(KeywordExecutor.groovy:74)
	at com.kms.katalon.core.webui.keyword.WebUiBuiltInKeywords.click(WebUiBuiltInKeywords.groovy:620)
	at com.kms.katalon.core.webui.keyword.WebUiBuiltInKeywords$click$5.call(Unknown Source)
	at 12.2.4-Copiar_perfil_(Puesto_de_Trabajo).run(12.2.4-Copiar_perfil_(Puesto_de_Trabajo):59)
	at com.kms.katalon.core.main.ScriptEngine.run(ScriptEngine.java:194)
	at com.kms.katalon.core.main.ScriptEngine.runScriptAsRawText(ScriptEngine.java:119)
	at com.kms.katalon.core.main.TestCaseExecutor.runScript(TestCaseExecutor.java:445)
	at com.kms.katalon.core.main.TestCaseExecutor.doExecute(TestCaseExecutor.java:436)
	at com.kms.katalon.core.main.TestCaseExecutor.processExecutionPhase(TestCaseExecutor.java:415)
	at com.kms.katalon.core.main.TestCaseExecutor.accessMainPhase(TestCaseExecutor.java:407)
	at com.kms.katalon.core.main.TestCaseExecutor.execute(TestCaseExecutor.java:284)
	at com.kms.katalon.core.common.CommonExecutor.accessTestCaseMainPhase(CommonExecutor.java:65)
	at com.kms.katalon.core.main.TestSuiteExecutor.accessTestSuiteMainPhase(TestSuiteExecutor.java:144)
	at com.kms.katalon.core.main.TestSuiteExecutor.execute(TestSuiteExecutor.java:106)
	at com.kms.katalon.core.main.TestCaseMain.startTestSuite(TestCaseMain.java:185)
	at com.kms.katalon.core.main.TestCaseMain$startTestSuite$0.call(Unknown Source)
	at TempTestSuite1659987462795.run(TempTestSuite1659987462795.groovy:36)
Caused by: com.kms.katalon.core.webui.exception.WebElementNotFoundException: Web element with id: 'Object Repository/2-OBJECTS TAREAS SECUNDARIAS/Pruebas planta personal/Copiar_perfil_(Puesto_de_Trabajo)/a_Aplicar' located by '(//a[contains(text(),'Aplicar')])[2]' not found
	at com.kms.katalon.core.webui.common.WebUiCommonHelper.findWebElement(WebUiCommonHelper.java:1370)
	at com.kms.katalon.core.webui.keyword.internal.WebUIAbstractKeyword.findWebElement(WebUIAbstractKeyword.groovy:27)
	at com.kms.katalon.core.webui.keyword.builtin.ClickKeyword$_click_closure1.doCall(ClickKeyword.groovy:65)
	at com.kms.katalon.core.webui.keyword.builtin.ClickKeyword$_click_closure1.call(ClickKeyword.groovy)
	at com.kms.katalon.core.webui.keyword.internal.WebUIKeywordMain.runKeyword(WebUIKeywordMain.groovy:20)
	... 19 more


2022-08-08 14:43:27 - [TEST_STEP][PASSED] - callTestCase(findTestCase("1.2-Tareas_Secundarias/A.2-Pruebas_planta_personal/12.1.6-Buscar_puesto_de_trabajo"), [:], STOP_ON_FAILURE): Call Test Case 'Test Cases/1.2-Tareas_Secundarias/A.2-Pruebas_planta_personal/12.1.6-Buscar_puesto_de_trabajo' successfully

2022-08-08 14:43:27 - [TEST_CASE][PASSED] - Test Cases/1.2-Tareas_Secundarias/A.2-Pruebas_planta_personal/12.1.6-Buscar_puesto_de_trabajo: Test Cases/1.2-Tareas_Secundarias/A.2-Pruebas_planta_personal/12.1.6-Buscar_puesto_de_trabajo

2022-08-08 14:43:27 - [TEST_STEP][PASSED] - callTestCase(findTestCase("0.1-Login"), [:], STOP_ON_FAILURE): Call Test Case 'Test Cases/0.1-Login' successfully

2022-08-08 14:43:27 - [TEST_CASE][PASSED] - Test Cases/0.1-Login: Test Cases/0.1-Login

2022-08-08 14:43:27 - [TEST_STEP][PASSED] - openBrowser(""): Browser is opened with url: ''

2022-08-08 14:43:27 - [MESSAGE][INFO] - Starting 'Chrome' driver

2022-08-08 14:43:27 - [MESSAGE][INFO] - Action delay is set to 0 milliseconds

2022-08-08 14:43:28 - [MESSAGE][PASSED] - Browser is opened with url: ''

2022-08-08 14:43:28 - [TEST_STEP][PASSED] - maximizeWindow(): Current window maximized

2022-08-08 14:43:28 - [MESSAGE][PASSED] - Current window maximized

2022-08-08 14:43:28 - [TEST_STEP][PASSED] - i = G_Login: null

2022-08-08 14:43:28 - [TEST_STEP][PASSED] - url = new java.net.URL(i): null

2022-08-08 14:43:28 - [TEST_STEP][PASSED] - println("URL: " + url.toString()): null

2022-08-08 14:43:28 - [TEST_STEP][PASSED] - connection = url.openConnection(): null

2022-08-08 14:43:28 - [TEST_STEP][PASSED] - connection.setRequestMethod("GET"): null

2022-08-08 14:43:28 - [TEST_STEP][PASSED] - connection.setReadTimeout(2 * 1000): null

2022-08-08 14:43:28 - [TEST_STEP][PASSED] - try: null

2022-08-08 14:43:28 - [TEST_STEP][PASSED] - connection.connect(): null

2022-08-08 14:43:28 - [TEST_STEP][PASSED] - flag = connected: null

2022-08-08 14:43:28 - [TEST_STEP][PASSED] - println("Valor_ori: " + flag): null

2022-08-08 14:43:28 - [TEST_STEP][PASSED] - if (flag): null

2022-08-08 14:43:28 - [TEST_STEP][PASSED] - navigateToUrl(i): Navigate to 'http://192.168.2.19:8380/saraweb' successfully

2022-08-08 14:43:29 - [MESSAGE][PASSED] - Navigate to 'http://192.168.2.19:8380/saraweb' successfully

2022-08-08 14:43:29 - [TEST_STEP][PASSED] - a(): null

2022-08-08 14:43:29 - [TEST_STEP][PASSED] - setText(findTestObject("3-OBJECTS UTILIDADES/Login/input_USUARIO_loginusuario"), G_Usuario): Text 'saraadmin' is set on object 'Object Repository/3-OBJECTS UTILIDADES/Login/input_USUARIO_loginusuario'

2022-08-08 14:43:30 - [MESSAGE][PASSED] - Text 'saraadmin' is set on object 'Object Repository/3-OBJECTS UTILIDADES/Login/input_USUARIO_loginusuario'

2022-08-08 14:43:30 - [TEST_STEP][PASSED] - setEncryptedText(findTestObject("3-OBJECTS UTILIDADES/Login/input_CLAVE_loginpassword"), "MkG4/TYiCFC3cb2driP7+Q=="): Text ****** has been set on object 'Object Repository/3-OBJECTS UTILIDADES/Login/input_CLAVE_loginpassword'

2022-08-08 14:43:30 - [MESSAGE][PASSED] - Text ****** has been set on object 'Object Repository/3-OBJECTS UTILIDADES/Login/input_CLAVE_loginpassword'

2022-08-08 14:43:30 - [TEST_STEP][PASSED] - waitForElementClickable(findTestObject("3-OBJECTS UTILIDADES/Login/a_Ingresar"), G_TimeOut): Object 'Object Repository/3-OBJECTS UTILIDADES/Login/a_Ingresar' is clickable

2022-08-08 14:43:30 - [MESSAGE][PASSED] - Object 'Object Repository/3-OBJECTS UTILIDADES/Login/a_Ingresar' is clickable

2022-08-08 14:43:30 - [TEST_STEP][PASSED] - click(findTestObject("3-OBJECTS UTILIDADES/Login/a_Ingresar")): Object: 'Object Repository/3-OBJECTS UTILIDADES/Login/a_Ingresar' is clicked on

2022-08-08 14:43:32 - [MESSAGE][PASSED] - Object: 'Object Repository/3-OBJECTS UTILIDADES/Login/a_Ingresar' is clicked on

2022-08-08 14:43:32 - [TEST_STEP][PASSED] - element = findWebElement(findTestObject("3-OBJECTS UTILIDADES/Login/a_Ir"), 30): null

2022-08-08 14:43:32 - [TEST_STEP][PASSED] - executeJavaScript("arguments[0].click()", Arrays.asList(element)): Execute JavaScript 'arguments[0].click()' successfully

2022-08-08 14:43:32 - [MESSAGE][PASSED] - Execute JavaScript 'arguments[0].click()' successfully

2022-08-08 14:43:32 - [MESSAGE][PASSED] - Call Test Case 'Test Cases/0.1-Login' successfully

2022-08-08 14:43:32 - [TEST_STEP][PASSED] - setText(findTestObject("2-OBJECTS TAREAS SECUNDARIAS/Pruebas Compensación/Listado_Empleados/input_Empresa 1_form_templatej_idt24_input (1)"), "planta personal (tal)"): Text 'planta personal (tal)' is set on object 'Object Repository/2-OBJECTS TAREAS SECUNDARIAS/Pruebas Compensación/Listado_Empleados/input_Empresa 1_form_templatej_idt24_input (1)'

2022-08-08 14:43:33 - [MESSAGE][PASSED] - Text 'planta personal (tal)' is set on object 'Object Repository/2-OBJECTS TAREAS SECUNDARIAS/Pruebas Compensación/Listado_Empleados/input_Empresa 1_form_templatej_idt24_input (1)'

2022-08-08 14:43:33 - [TEST_STEP][PASSED] - click(findTestObject("2-OBJECTS TAREAS SECUNDARIAS/Pruebas planta personal/Buscar_puesto_de_trabajo/span_Planta Personal (ta")): Object: 'Object Repository/2-OBJECTS TAREAS SECUNDARIAS/Pruebas planta personal/Buscar_puesto_de_trabajo/span_Planta Personal (ta' is clicked on

2022-08-08 14:43:34 - [MESSAGE][PASSED] - Object: 'Object Repository/2-OBJECTS TAREAS SECUNDARIAS/Pruebas planta personal/Buscar_puesto_de_trabajo/span_Planta Personal (ta' is clicked on

2022-08-08 14:43:34 - [TEST_STEP][PASSED] - click(findTestObject("2-OBJECTS TAREAS SECUNDARIAS/Pruebas planta personal/Buscar_puesto_de_trabajo/a_Actos Administrativos_organigramabuscar")): Object: 'Object Repository/2-OBJECTS TAREAS SECUNDARIAS/Pruebas planta personal/Buscar_puesto_de_trabajo/a_Actos Administrativos_organigramabuscar' is clicked on

2022-08-08 14:43:35 - [MESSAGE][PASSED] - Object: 'Object Repository/2-OBJECTS TAREAS SECUNDARIAS/Pruebas planta personal/Buscar_puesto_de_trabajo/a_Actos Administrativos_organigramabuscar' is clicked on

2022-08-08 14:43:35 - [TEST_STEP][PASSED] - selectOptionByIndex(findTestObject("2-OBJECTS TAREAS SECUNDARIAS/Pruebas planta personal/Buscar_puesto_de_trabajo/select_--Seleccione--EmpleadoPuesto"), 2): All options with index in [2] are selected on object 'Object Repository/2-OBJECTS TAREAS SECUNDARIAS/Pruebas planta personal/Buscar_puesto_de_trabajo/select_--Seleccione--EmpleadoPuesto'

2022-08-08 14:43:37 - [MESSAGE][PASSED] - All options with index in [2] are selected on object 'Object Repository/2-OBJECTS TAREAS SECUNDARIAS/Pruebas planta personal/Buscar_puesto_de_trabajo/select_--Seleccione--EmpleadoPuesto'

2022-08-08 14:43:37 - [TEST_STEP][PASSED] - click(findTestObject("2-OBJECTS TAREAS SECUNDARIAS/Pruebas planta personal/Buscar_puesto_de_trabajo/a_Cargo_popupBusquedaPlantaj_idt279")): Object: 'Object Repository/2-OBJECTS TAREAS SECUNDARIAS/Pruebas planta personal/Buscar_puesto_de_trabajo/a_Cargo_popupBusquedaPlantaj_idt279' is clicked on

2022-08-08 14:43:37 - [MESSAGE][PASSED] - Object: 'Object Repository/2-OBJECTS TAREAS SECUNDARIAS/Pruebas planta personal/Buscar_puesto_de_trabajo/a_Cargo_popupBusquedaPlantaj_idt279' is clicked on

2022-08-08 14:43:37 - [TEST_STEP][PASSED] - click(findTestObject("2-OBJECTS TAREAS SECUNDARIAS/Pruebas planta personal/Buscar_puesto_de_trabajo/a_Unidad Organizacional_popupBusquedaPlantaj_idt274")): Object: 'Object Repository/2-OBJECTS TAREAS SECUNDARIAS/Pruebas planta personal/Buscar_puesto_de_trabajo/a_Unidad Organizacional_popupBusquedaPlantaj_idt274' is clicked on

2022-08-08 14:43:38 - [MESSAGE][PASSED] - Object: 'Object Repository/2-OBJECTS TAREAS SECUNDARIAS/Pruebas planta personal/Buscar_puesto_de_trabajo/a_Unidad Organizacional_popupBusquedaPlantaj_idt274' is clicked on

2022-08-08 14:43:38 - [TEST_STEP][PASSED] - setText(findTestObject("2-OBJECTS TAREAS SECUNDARIAS/Pruebas planta personal/Buscar_puesto_de_trabajo/input_Unidad_form_popupUnidadUsuarioj_idt880"), "administracion"): Text 'administracion' is set on object 'Object Repository/2-OBJECTS TAREAS SECUNDARIAS/Pruebas planta personal/Buscar_puesto_de_trabajo/input_Unidad_form_popupUnidadUsuarioj_idt880'

2022-08-08 14:43:39 - [MESSAGE][PASSED] - Text 'administracion' is set on object 'Object Repository/2-OBJECTS TAREAS SECUNDARIAS/Pruebas planta personal/Buscar_puesto_de_trabajo/input_Unidad_form_popupUnidadUsuarioj_idt880'

2022-08-08 14:43:39 - [TEST_STEP][PASSED] - sendKeys(findTestObject("2-OBJECTS TAREAS SECUNDARIAS/Pruebas planta personal/Buscar_puesto_de_trabajo/input_Unidad_form_popupUnidadUsuarioj_idt880"), Keys.chord(ENTER)): Keys 'ENTER + ' sent to object: 'Object Repository/2-OBJECTS TAREAS SECUNDARIAS/Pruebas planta personal/Buscar_puesto_de_trabajo/input_Unidad_form_popupUnidadUsuarioj_idt880'

2022-08-08 14:43:39 - [MESSAGE][PASSED] - Keys 'ENTER + ' sent to object: 'Object Repository/2-OBJECTS TAREAS SECUNDARIAS/Pruebas planta personal/Buscar_puesto_de_trabajo/input_Unidad_form_popupUnidadUsuarioj_idt880'

2022-08-08 14:43:39 - [TEST_STEP][PASSED] - click(findTestObject("2-OBJECTS TAREAS SECUNDARIAS/Pruebas planta personal/Buscar_puesto_de_trabajo/span_ADMINISTRACION")): Object: 'Object Repository/2-OBJECTS TAREAS SECUNDARIAS/Pruebas planta personal/Buscar_puesto_de_trabajo/span_ADMINISTRACION' is clicked on

2022-08-08 14:43:40 - [MESSAGE][PASSED] - Object: 'Object Repository/2-OBJECTS TAREAS SECUNDARIAS/Pruebas planta personal/Buscar_puesto_de_trabajo/span_ADMINISTRACION' is clicked on

2022-08-08 14:43:40 - [TEST_STEP][PASSED] - click(findTestObject("2-OBJECTS TAREAS SECUNDARIAS/Pruebas planta personal/Buscar_puesto_de_trabajo/a_Cargo_popupBusquedaPlantaj_idt2790")): Object: 'Object Repository/2-OBJECTS TAREAS SECUNDARIAS/Pruebas planta personal/Buscar_puesto_de_trabajo/a_Cargo_popupBusquedaPlantaj_idt2790' is clicked on

2022-08-08 14:43:40 - [MESSAGE][PASSED] - Object: 'Object Repository/2-OBJECTS TAREAS SECUNDARIAS/Pruebas planta personal/Buscar_puesto_de_trabajo/a_Cargo_popupBusquedaPlantaj_idt2790' is clicked on

2022-08-08 14:43:40 - [TEST_STEP][PASSED] - click(findTestObject("2-OBJECTS TAREAS SECUNDARIAS/Pruebas planta personal/Buscar_puesto_de_trabajo/span_ABOGADO")): Object: 'Object Repository/2-OBJECTS TAREAS SECUNDARIAS/Pruebas planta personal/Buscar_puesto_de_trabajo/span_ABOGADO' is clicked on

2022-08-08 14:43:41 - [MESSAGE][PASSED] - Object: 'Object Repository/2-OBJECTS TAREAS SECUNDARIAS/Pruebas planta personal/Buscar_puesto_de_trabajo/span_ABOGADO' is clicked on

2022-08-08 14:43:41 - [TEST_STEP][PASSED] - click(findTestObject("2-OBJECTS TAREAS SECUNDARIAS/Pruebas planta personal/Buscar_puesto_de_trabajo/span_20139    - Abogado")): Object: 'Object Repository/2-OBJECTS TAREAS SECUNDARIAS/Pruebas planta personal/Buscar_puesto_de_trabajo/span_20139    - Abogado' is clicked on

2022-08-08 14:43:42 - [MESSAGE][PASSED] - Object: 'Object Repository/2-OBJECTS TAREAS SECUNDARIAS/Pruebas planta personal/Buscar_puesto_de_trabajo/span_20139    - Abogado' is clicked on

2022-08-08 14:43:42 - [TEST_STEP][PASSED] - scrollToElement(findTestObject("2-OBJECTS TAREAS SECUNDARIAS/Pruebas planta personal/Buscar_puesto_de_trabajo/span_10308"), 0): Scroll to object 'Object Repository/2-OBJECTS TAREAS SECUNDARIAS/Pruebas planta personal/Buscar_puesto_de_trabajo/span_10308' successfully

2022-08-08 14:43:42 - [MESSAGE][WARNING] - Timeout '0' is invalid. Using default page load timeout: '37'

2022-08-08 14:43:43 - [MESSAGE][PASSED] - Scroll to object 'Object Repository/2-OBJECTS TAREAS SECUNDARIAS/Pruebas planta personal/Buscar_puesto_de_trabajo/span_10308' successfully

2022-08-08 14:43:43 - [TEST_STEP][PASSED] - if (waitForElementVisible(findTestObject("2-OBJECTS TAREAS SECUNDARIAS/Pruebas planta personal/Buscar_puesto_de_trabajo/span_10308"), 1)): null

2022-08-08 14:43:43 - [MESSAGE][PASSED] - Object 'Object Repository/2-OBJECTS TAREAS SECUNDARIAS/Pruebas planta personal/Buscar_puesto_de_trabajo/span_10308' is visible

2022-08-08 14:43:43 - [TEST_STEP][PASSED] - Resultado = "PRUEBA OK": null

2022-08-08 14:43:43 - [MESSAGE][PASSED] - Call Test Case 'Test Cases/1.2-Tareas_Secundarias/A.2-Pruebas_planta_personal/12.1.6-Buscar_puesto_de_trabajo' successfully

2022-08-08 14:43:43 - [TEST_STEP][PASSED] - click(findTestObject("2-OBJECTS TAREAS SECUNDARIAS/Pruebas planta personal/Copiar_perfil_(Puesto_de_Trabajo)/span_20145    - 40 Mil Staff")): Object: 'Object Repository/2-OBJECTS TAREAS SECUNDARIAS/Pruebas planta personal/Copiar_perfil_(Puesto_de_Trabajo)/span_20145    - 40 Mil Staff' is clicked on

2022-08-08 14:43:44 - [MESSAGE][PASSED] - Object: 'Object Repository/2-OBJECTS TAREAS SECUNDARIAS/Pruebas planta personal/Copiar_perfil_(Puesto_de_Trabajo)/span_20145    - 40 Mil Staff' is clicked on

2022-08-08 14:43:44 - [TEST_STEP][PASSED] - scrollToElement(findTestObject("2-OBJECTS TAREAS SECUNDARIAS/Pruebas planta personal/Copiar_perfil_(Puesto_de_Trabajo)/div_Salgado . Paula 40 Mil Staff"), 0): Scroll to object 'Object Repository/2-OBJECTS TAREAS SECUNDARIAS/Pruebas planta personal/Copiar_perfil_(Puesto_de_Trabajo)/div_Salgado . Paula 40 Mil Staff' successfully

2022-08-08 14:43:44 - [MESSAGE][WARNING] - Timeout '0' is invalid. Using default page load timeout: '37'

2022-08-08 14:43:44 - [MESSAGE][PASSED] - Scroll to object 'Object Repository/2-OBJECTS TAREAS SECUNDARIAS/Pruebas planta personal/Copiar_perfil_(Puesto_de_Trabajo)/div_Salgado . Paula 40 Mil Staff' successfully

2022-08-08 14:43:44 - [TEST_STEP][PASSED] - click(findTestObject("2-OBJECTS TAREAS SECUNDARIAS/Pruebas planta personal/Copiar_perfil_(Puesto_de_Trabajo)/a_Salgado . Paula_organigramaj_idt111")): Object: 'Object Repository/2-OBJECTS TAREAS SECUNDARIAS/Pruebas planta personal/Copiar_perfil_(Puesto_de_Trabajo)/a_Salgado . Paula_organigramaj_idt111' is clicked on

2022-08-08 14:43:45 - [MESSAGE][PASSED] - Object: 'Object Repository/2-OBJECTS TAREAS SECUNDARIAS/Pruebas planta personal/Copiar_perfil_(Puesto_de_Trabajo)/a_Salgado . Paula_organigramaj_idt111' is clicked on

2022-08-08 14:43:45 - [TEST_STEP][PASSED] - if (waitForElementVisible(findTestObject("2-OBJECTS TAREAS SECUNDARIAS/Pruebas planta personal/Copiar_perfil_(Puesto_de_Trabajo)/a_Aceptar"), 1)): Web element with id: 'Object Repository/2-OBJECTS TAREAS SECUNDARIAS/Pruebas planta personal/Copiar_perfil_(Puesto_de_Trabajo)/a_Aceptar' located by '//a[contains(text(),'Aceptar')]' not found

2022-08-08 14:43:47 - [MESSAGE][INFO] - Unable to find the element located by 'By.xpath: //a[contains(text(),'Aceptar')]'. Please recheck the objects properties to make sure the desired element is located. 

2022-08-08 14:43:47 - [MESSAGE][WARNING] - Web element with id: 'Object Repository/2-OBJECTS TAREAS SECUNDARIAS/Pruebas planta personal/Copiar_perfil_(Puesto_de_Trabajo)/a_Aceptar' located by '//a[contains(text(),'Aceptar')]' not found

2022-08-08 14:43:47 - [TEST_STEP][PASSED] - click(findTestObject("2-OBJECTS TAREAS SECUNDARIAS/Pruebas planta personal/Copiar_perfil_(Puesto_de_Trabajo)/a_Copiar Perfil")): Object: 'Object Repository/2-OBJECTS TAREAS SECUNDARIAS/Pruebas planta personal/Copiar_perfil_(Puesto_de_Trabajo)/a_Copiar Perfil' is clicked on

2022-08-08 14:43:47 - [MESSAGE][PASSED] - Object: 'Object Repository/2-OBJECTS TAREAS SECUNDARIAS/Pruebas planta personal/Copiar_perfil_(Puesto_de_Trabajo)/a_Copiar Perfil' is clicked on

2022-08-08 14:43:47 - [TEST_STEP][PASSED] - click(findTestObject("2-OBJECTS TAREAS SECUNDARIAS/Pruebas planta personal/Copiar_perfil_(Puesto_de_Trabajo)/a_Unidad Organizacional_popupCopiarPerfilj_idt2011")): Object: 'Object Repository/2-OBJECTS TAREAS SECUNDARIAS/Pruebas planta personal/Copiar_perfil_(Puesto_de_Trabajo)/a_Unidad Organizacional_popupCopiarPerfilj_idt2011' is clicked on

2022-08-08 14:43:48 - [MESSAGE][PASSED] - Object: 'Object Repository/2-OBJECTS TAREAS SECUNDARIAS/Pruebas planta personal/Copiar_perfil_(Puesto_de_Trabajo)/a_Unidad Organizacional_popupCopiarPerfilj_idt2011' is clicked on

2022-08-08 14:43:48 - [TEST_STEP][PASSED] - setText(findTestObject("2-OBJECTS TAREAS SECUNDARIAS/Pruebas planta personal/Copiar_perfil_(Puesto_de_Trabajo)/input_Unidad Organizacional_formPopUpUnidaddescripciones"), "administracion"): Text 'administracion' is set on object 'Object Repository/2-OBJECTS TAREAS SECUNDARIAS/Pruebas planta personal/Copiar_perfil_(Puesto_de_Trabajo)/input_Unidad Organizacional_formPopUpUnidaddescripciones'

2022-08-08 14:43:49 - [MESSAGE][PASSED] - Text 'administracion' is set on object 'Object Repository/2-OBJECTS TAREAS SECUNDARIAS/Pruebas planta personal/Copiar_perfil_(Puesto_de_Trabajo)/input_Unidad Organizacional_formPopUpUnidaddescripciones'

2022-08-08 14:43:49 - [TEST_STEP][PASSED] - sendKeys(findTestObject("2-OBJECTS TAREAS SECUNDARIAS/Pruebas planta personal/Copiar_perfil_(Puesto_de_Trabajo)/input_Unidad Organizacional_formPopUpUnidaddescripciones"), Keys.chord(ENTER)): Keys 'ENTER + ' sent to object: 'Object Repository/2-OBJECTS TAREAS SECUNDARIAS/Pruebas planta personal/Copiar_perfil_(Puesto_de_Trabajo)/input_Unidad Organizacional_formPopUpUnidaddescripciones'

2022-08-08 14:43:49 - [MESSAGE][PASSED] - Keys 'ENTER + ' sent to object: 'Object Repository/2-OBJECTS TAREAS SECUNDARIAS/Pruebas planta personal/Copiar_perfil_(Puesto_de_Trabajo)/input_Unidad Organizacional_formPopUpUnidaddescripciones'

2022-08-08 14:43:49 - [TEST_STEP][PASSED] - click(findTestObject("2-OBJECTS TAREAS SECUNDARIAS/Pruebas planta personal/Copiar_perfil_(Puesto_de_Trabajo)/span_ADMINISTRACION")): Object: 'Object Repository/2-OBJECTS TAREAS SECUNDARIAS/Pruebas planta personal/Copiar_perfil_(Puesto_de_Trabajo)/span_ADMINISTRACION' is clicked on

2022-08-08 14:43:50 - [MESSAGE][PASSED] - Object: 'Object Repository/2-OBJECTS TAREAS SECUNDARIAS/Pruebas planta personal/Copiar_perfil_(Puesto_de_Trabajo)/span_ADMINISTRACION' is clicked on

2022-08-08 14:43:50 - [TEST_STEP][PASSED] - click(findTestObject("2-OBJECTS TAREAS SECUNDARIAS/Pruebas planta personal/Copiar_perfil_(Puesto_de_Trabajo)/a_Cargo_popupCopiarPerfilj_idt2016")): Object: 'Object Repository/2-OBJECTS TAREAS SECUNDARIAS/Pruebas planta personal/Copiar_perfil_(Puesto_de_Trabajo)/a_Cargo_popupCopiarPerfilj_idt2016' is clicked on

2022-08-08 14:43:51 - [MESSAGE][PASSED] - Object: 'Object Repository/2-OBJECTS TAREAS SECUNDARIAS/Pruebas planta personal/Copiar_perfil_(Puesto_de_Trabajo)/a_Cargo_popupCopiarPerfilj_idt2016' is clicked on

2022-08-08 14:43:51 - [TEST_STEP][PASSED] - click(findTestObject("2-OBJECTS TAREAS SECUNDARIAS/Pruebas planta personal/Copiar_perfil_(Puesto_de_Trabajo)/span_40 MIL STAFF")): Object: 'Object Repository/2-OBJECTS TAREAS SECUNDARIAS/Pruebas planta personal/Copiar_perfil_(Puesto_de_Trabajo)/span_40 MIL STAFF' is clicked on

2022-08-08 14:43:52 - [MESSAGE][PASSED] - Object: 'Object Repository/2-OBJECTS TAREAS SECUNDARIAS/Pruebas planta personal/Copiar_perfil_(Puesto_de_Trabajo)/span_40 MIL STAFF' is clicked on

2022-08-08 14:43:52 - [TEST_STEP][PASSED] - check(findTestObject("2-OBJECTS TAREAS SECUNDARIAS/Pruebas planta personal/Copiar_perfil_(Puesto_de_Trabajo)/select_Reemplazar RegistrosAdicionar Registros"), STOP_ON_FAILURE): Object 'Object Repository/2-OBJECTS TAREAS SECUNDARIAS/Pruebas planta personal/Copiar_perfil_(Puesto_de_Trabajo)/select_Reemplazar RegistrosAdicionar Registros' is checked

2022-08-08 14:43:53 - [MESSAGE][PASSED] - Object 'Object Repository/2-OBJECTS TAREAS SECUNDARIAS/Pruebas planta personal/Copiar_perfil_(Puesto_de_Trabajo)/select_Reemplazar RegistrosAdicionar Registros' is checked

2022-08-08 14:43:53 - [TEST_STEP][PASSED] - click(findTestObject("2-OBJECTS TAREAS SECUNDARIAS/Pruebas planta personal/Copiar_perfil_(Puesto_de_Trabajo)/span_Puesto_ui-chkbox-icon ui-icon ui-icon-check ui-c")): Object: 'Object Repository/2-OBJECTS TAREAS SECUNDARIAS/Pruebas planta personal/Copiar_perfil_(Puesto_de_Trabajo)/span_Puesto_ui-chkbox-icon ui-icon ui-icon-check ui-c' is clicked on

2022-08-08 14:43:53 - [MESSAGE][PASSED] - Object: 'Object Repository/2-OBJECTS TAREAS SECUNDARIAS/Pruebas planta personal/Copiar_perfil_(Puesto_de_Trabajo)/span_Puesto_ui-chkbox-icon ui-icon ui-icon-check ui-c' is clicked on

2022-08-08 14:43:53 - [TEST_STEP][PASSED] - click(findTestObject("2-OBJECTS TAREAS SECUNDARIAS/Pruebas planta personal/Copiar_perfil_(Puesto_de_Trabajo)/a_Continuar")): Object: 'Object Repository/2-OBJECTS TAREAS SECUNDARIAS/Pruebas planta personal/Copiar_perfil_(Puesto_de_Trabajo)/a_Continuar' is clicked on

2022-08-08 14:43:54 - [MESSAGE][PASSED] - Object: 'Object Repository/2-OBJECTS TAREAS SECUNDARIAS/Pruebas planta personal/Copiar_perfil_(Puesto_de_Trabajo)/a_Continuar' is clicked on

2022-08-08 14:43:54 - [TEST_STEP][PASSED] - check(findTestObject("2-OBJECTS TAREAS SECUNDARIAS/Pruebas planta personal/Copiar_perfil_(Puesto_de_Trabajo)/div_Descripcin_ui-chkbox-box ui-widget ui-corner-all ui-state-default ui-state-hover")): Object 'Object Repository/2-OBJECTS TAREAS SECUNDARIAS/Pruebas planta personal/Copiar_perfil_(Puesto_de_Trabajo)/div_Descripcin_ui-chkbox-box ui-widget ui-corner-all ui-state-default ui-state-hover' is checked

2022-08-08 14:43:54 - [MESSAGE][PASSED] - Object 'Object Repository/2-OBJECTS TAREAS SECUNDARIAS/Pruebas planta personal/Copiar_perfil_(Puesto_de_Trabajo)/div_Descripcin_ui-chkbox-box ui-widget ui-corner-all ui-state-default ui-state-hover' is checked

2022-08-08 14:43:54 - [TEST_STEP][FAILED] - click(findTestObject("2-OBJECTS TAREAS SECUNDARIAS/Pruebas planta personal/Copiar_perfil_(Puesto_de_Trabajo)/a_Aplicar")): Unable to click on object 'Object Repository/2-OBJECTS TAREAS SECUNDARIAS/Pruebas planta personal/Copiar_perfil_(Puesto_de_Trabajo)/a_Aplicar' (Root cause: com.kms.katalon.core.exception.StepFailedException: Unable to click on object 'Object Repository/2-OBJECTS TAREAS SECUNDARIAS/Pruebas planta personal/Copiar_perfil_(Puesto_de_Trabajo)/a_Aplicar'
	at com.kms.katalon.core.webui.keyword.internal.WebUIKeywordMain.stepFailed(WebUIKeywordMain.groovy:64)
	at com.kms.katalon.core.webui.keyword.internal.WebUIKeywordMain.runKeyword(WebUIKeywordMain.groovy:26)
	at com.kms.katalon.core.webui.keyword.builtin.ClickKeyword.click(ClickKeyword.groovy:74)
	at com.kms.katalon.core.webui.keyword.builtin.ClickKeyword.execute(ClickKeyword.groovy:40)
	at com.kms.katalon.core.keyword.internal.KeywordExecutor.executeKeywordForPlatform(KeywordExecutor.groovy:74)
	at com.kms.katalon.core.webui.keyword.WebUiBuiltInKeywords.click(WebUiBuiltInKeywords.groovy:620)
	at com.kms.katalon.core.webui.keyword.WebUiBuiltInKeywords$click$5.call(Unknown Source)
	at 12.2.4-Copiar_perfil_(Puesto_de_Trabajo).run(12.2.4-Copiar_perfil_(Puesto_de_Trabajo):59)
	at com.kms.katalon.core.main.ScriptEngine.run(ScriptEngine.java:194)
	at com.kms.katalon.core.main.ScriptEngine.runScriptAsRawText(ScriptEngine.java:119)
	at com.kms.katalon.core.main.TestCaseExecutor.runScript(TestCaseExecutor.java:445)
	at com.kms.katalon.core.main.TestCaseExecutor.doExecute(TestCaseExecutor.java:436)
	at com.kms.katalon.core.main.TestCaseExecutor.processExecutionPhase(TestCaseExecutor.java:415)
	at com.kms.katalon.core.main.TestCaseExecutor.accessMainPhase(TestCaseExecutor.java:407)
	at com.kms.katalon.core.main.TestCaseExecutor.execute(TestCaseExecutor.java:284)
	at com.kms.katalon.core.common.CommonExecutor.accessTestCaseMainPhase(CommonExecutor.java:65)
	at com.kms.katalon.core.main.TestSuiteExecutor.accessTestSuiteMainPhase(TestSuiteExecutor.java:144)
	at com.kms.katalon.core.main.TestSuiteExecutor.execute(TestSuiteExecutor.java:106)
	at com.kms.katalon.core.main.TestCaseMain.startTestSuite(TestCaseMain.java:185)
	at com.kms.katalon.core.main.TestCaseMain$startTestSuite$0.call(Unknown Source)
	at TempTestSuite1659987462795.run(TempTestSuite1659987462795.groovy:36)
Caused by: com.kms.katalon.core.webui.exception.WebElementNotFoundException: Web element with id: 'Object Repository/2-OBJECTS TAREAS SECUNDARIAS/Pruebas planta personal/Copiar_perfil_(Puesto_de_Trabajo)/a_Aplicar' located by '(//a[contains(text(),'Aplicar')])[2]' not found
	at com.kms.katalon.core.webui.common.WebUiCommonHelper.findWebElement(WebUiCommonHelper.java:1370)
	at com.kms.katalon.core.webui.keyword.internal.WebUIAbstractKeyword.findWebElement(WebUIAbstractKeyword.groovy:27)
	at com.kms.katalon.core.webui.keyword.builtin.ClickKeyword$_click_closure1.doCall(ClickKeyword.groovy:65)
	at com.kms.katalon.core.webui.keyword.builtin.ClickKeyword$_click_closure1.call(ClickKeyword.groovy)
	at com.kms.katalon.core.webui.keyword.internal.WebUIKeywordMain.runKeyword(WebUIKeywordMain.groovy:20)
	at com.kms.katalon.core.webui.keyword.builtin.ClickKeyword.click(ClickKeyword.groovy:74)
	at com.kms.katalon.core.webui.keyword.builtin.ClickKeyword.execute(ClickKeyword.groovy:40)
	at com.kms.katalon.core.keyword.internal.KeywordExecutor.executeKeywordForPlatform(KeywordExecutor.groovy:74)
	at com.kms.katalon.core.webui.keyword.WebUiBuiltInKeywords.click(WebUiBuiltInKeywords.groovy:620)
	at com.kms.katalon.core.webui.keyword.WebUiBuiltInKeywords$click$5.call(Unknown Source)
	at Script1648474008076.run(Script1648474008076.groovy:59)
	... 13 more
)

2022-08-08 14:44:33 - [MESSAGE][INFO] - Unable to find the element located by 'By.xpath: (//a[contains(text(),'Aplicar')])[2]'. Please recheck the objects properties to make sure the desired element is located. 

2022-08-08 14:44:33 - [MESSAGE][FAILED] - Unable to click on object 'Object Repository/2-OBJECTS TAREAS SECUNDARIAS/Pruebas planta personal/Copiar_perfil_(Puesto_de_Trabajo)/a_Aplicar' (Root cause: com.kms.katalon.core.exception.StepFailedException: Unable to click on object 'Object Repository/2-OBJECTS TAREAS SECUNDARIAS/Pruebas planta personal/Copiar_perfil_(Puesto_de_Trabajo)/a_Aplicar'
	at com.kms.katalon.core.webui.keyword.internal.WebUIKeywordMain.stepFailed(WebUIKeywordMain.groovy:64)
	at com.kms.katalon.core.webui.keyword.internal.WebUIKeywordMain.runKeyword(WebUIKeywordMain.groovy:26)
	at com.kms.katalon.core.webui.keyword.builtin.ClickKeyword.click(ClickKeyword.groovy:74)
	at com.kms.katalon.core.webui.keyword.builtin.ClickKeyword.execute(ClickKeyword.groovy:40)
	at com.kms.katalon.core.keyword.internal.KeywordExecutor.executeKeywordForPlatform(KeywordExecutor.groovy:74)
	at com.kms.katalon.core.webui.keyword.WebUiBuiltInKeywords.click(WebUiBuiltInKeywords.groovy:620)
	at com.kms.katalon.core.webui.keyword.WebUiBuiltInKeywords$click$5.call(Unknown Source)
	at 12.2.4-Copiar_perfil_(Puesto_de_Trabajo).run(12.2.4-Copiar_perfil_(Puesto_de_Trabajo):59)
	at com.kms.katalon.core.main.ScriptEngine.run(ScriptEngine.java:194)
	at com.kms.katalon.core.main.ScriptEngine.runScriptAsRawText(ScriptEngine.java:119)
	at com.kms.katalon.core.main.TestCaseExecutor.runScript(TestCaseExecutor.java:445)
	at com.kms.katalon.core.main.TestCaseExecutor.doExecute(TestCaseExecutor.java:436)
	at com.kms.katalon.core.main.TestCaseExecutor.processExecutionPhase(TestCaseExecutor.java:415)
	at com.kms.katalon.core.main.TestCaseExecutor.accessMainPhase(TestCaseExecutor.java:407)
	at com.kms.katalon.core.main.TestCaseExecutor.execute(TestCaseExecutor.java:284)
	at com.kms.katalon.core.common.CommonExecutor.accessTestCaseMainPhase(CommonExecutor.java:65)
	at com.kms.katalon.core.main.TestSuiteExecutor.accessTestSuiteMainPhase(TestSuiteExecutor.java:144)
	at com.kms.katalon.core.main.TestSuiteExecutor.execute(TestSuiteExecutor.java:106)
	at com.kms.katalon.core.main.TestCaseMain.startTestSuite(TestCaseMain.java:185)
	at com.kms.katalon.core.main.TestCaseMain$startTestSuite$0.call(Unknown Source)
	at TempTestSuite1659987462795.run(TempTestSuite1659987462795.groovy:36)
Caused by: com.kms.katalon.core.webui.exception.WebElementNotFoundException: Web element with id: 'Object Repository/2-OBJECTS TAREAS SECUNDARIAS/Pruebas planta personal/Copiar_perfil_(Puesto_de_Trabajo)/a_Aplicar' located by '(//a[contains(text(),'Aplicar')])[2]' not found
	at com.kms.katalon.core.webui.common.WebUiCommonHelper.findWebElement(WebUiCommonHelper.java:1370)
	at com.kms.katalon.core.webui.keyword.internal.WebUIAbstractKeyword.findWebElement(WebUIAbstractKeyword.groovy:27)
	at com.kms.katalon.core.webui.keyword.builtin.ClickKeyword$_click_closure1.doCall(ClickKeyword.groovy:65)
	at com.kms.katalon.core.webui.keyword.builtin.ClickKeyword$_click_closure1.call(ClickKeyword.groovy)
	at com.kms.katalon.core.webui.keyword.internal.WebUIKeywordMain.runKeyword(WebUIKeywordMain.groovy:20)
	at com.kms.katalon.core.webui.keyword.builtin.ClickKeyword.click(ClickKeyword.groovy:74)
	at com.kms.katalon.core.webui.keyword.builtin.ClickKeyword.execute(ClickKeyword.groovy:40)
	at com.kms.katalon.core.keyword.internal.KeywordExecutor.executeKeywordForPlatform(KeywordExecutor.groovy:74)
	at com.kms.katalon.core.webui.keyword.WebUiBuiltInKeywords.click(WebUiBuiltInKeywords.groovy:620)
	at com.kms.katalon.core.webui.keyword.WebUiBuiltInKeywords$click$5.call(Unknown Source)
	at Script1648474008076.run(Script1648474008076.groovy:59)
	... 13 more
)
[[ATTACHMENT|C:\\Users\\diego.rojas\\git\\Pruebas-Minimas\\Reports\\20220808_143742\\Test_Suite_Secundaria\\A2-Pruebas_Planta_Personal\\20220808_143742\\1659987873133.png]]]]></system-out>
         <system-err><![CDATA[2022-08-08 14:43:26 - [TEST_CASE][FAILED] - Test Cases/1.2-Tareas_Secundarias/A.2-Pruebas_planta_personal/12.2.4-Copiar_perfil_(Puesto_de_Trabajo): Test Cases/1.2-Tareas_Secundarias/A.2-Pruebas_planta_personal/12.2.4-Copiar_perfil_(Puesto_de_Trabajo) FAILED.
Reason:
com.kms.katalon.core.exception.StepFailedException: Unable to click on object 'Object Repository/2-OBJECTS TAREAS SECUNDARIAS/Pruebas planta personal/Copiar_perfil_(Puesto_de_Trabajo)/a_Aplicar'
	at com.kms.katalon.core.webui.keyword.internal.WebUIKeywordMain.stepFailed(WebUIKeywordMain.groovy:64)
	at com.kms.katalon.core.webui.keyword.internal.WebUIKeywordMain.runKeyword(WebUIKeywordMain.groovy:26)
	at com.kms.katalon.core.webui.keyword.builtin.ClickKeyword.click(ClickKeyword.groovy:74)
	at com.kms.katalon.core.webui.keyword.builtin.ClickKeyword.execute(ClickKeyword.groovy:40)
	at com.kms.katalon.core.keyword.internal.KeywordExecutor.executeKeywordForPlatform(KeywordExecutor.groovy:74)
	at com.kms.katalon.core.webui.keyword.WebUiBuiltInKeywords.click(WebUiBuiltInKeywords.groovy:620)
	at com.kms.katalon.core.webui.keyword.WebUiBuiltInKeywords$click$5.call(Unknown Source)
	at 12.2.4-Copiar_perfil_(Puesto_de_Trabajo).run(12.2.4-Copiar_perfil_(Puesto_de_Trabajo):59)
	at com.kms.katalon.core.main.ScriptEngine.run(ScriptEngine.java:194)
	at com.kms.katalon.core.main.ScriptEngine.runScriptAsRawText(ScriptEngine.java:119)
	at com.kms.katalon.core.main.TestCaseExecutor.runScript(TestCaseExecutor.java:445)
	at com.kms.katalon.core.main.TestCaseExecutor.doExecute(TestCaseExecutor.java:436)
	at com.kms.katalon.core.main.TestCaseExecutor.processExecutionPhase(TestCaseExecutor.java:415)
	at com.kms.katalon.core.main.TestCaseExecutor.accessMainPhase(TestCaseExecutor.java:407)
	at com.kms.katalon.core.main.TestCaseExecutor.execute(TestCaseExecutor.java:284)
	at com.kms.katalon.core.common.CommonExecutor.accessTestCaseMainPhase(CommonExecutor.java:65)
	at com.kms.katalon.core.main.TestSuiteExecutor.accessTestSuiteMainPhase(TestSuiteExecutor.java:144)
	at com.kms.katalon.core.main.TestSuiteExecutor.execute(TestSuiteExecutor.java:106)
	at com.kms.katalon.core.main.TestCaseMain.startTestSuite(TestCaseMain.java:185)
	at com.kms.katalon.core.main.TestCaseMain$startTestSuite$0.call(Unknown Source)
	at TempTestSuite1659987462795.run(TempTestSuite1659987462795.groovy:36)
Caused by: com.kms.katalon.core.webui.exception.WebElementNotFoundException: Web element with id: 'Object Repository/2-OBJECTS TAREAS SECUNDARIAS/Pruebas planta personal/Copiar_perfil_(Puesto_de_Trabajo)/a_Aplicar' located by '(//a[contains(text(),'Aplicar')])[2]' not found
	at com.kms.katalon.core.webui.common.WebUiCommonHelper.findWebElement(WebUiCommonHelper.java:1370)
	at com.kms.katalon.core.webui.keyword.internal.WebUIAbstractKeyword.findWebElement(WebUIAbstractKeyword.groovy:27)
	at com.kms.katalon.core.webui.keyword.builtin.ClickKeyword$_click_closure1.doCall(ClickKeyword.groovy:65)
	at com.kms.katalon.core.webui.keyword.builtin.ClickKeyword$_click_closure1.call(ClickKeyword.groovy)
	at com.kms.katalon.core.webui.keyword.internal.WebUIKeywordMain.runKeyword(WebUIKeywordMain.groovy:20)
	... 19 more]]></system-err>
      </testcase>
      <testcase name="Test Cases/1.2-Tareas_Secundarias/A.2-Pruebas_planta_personal/12.2.5-Crear_descripción_del_cargo_(Puesto_Trabajo_Múltiple)" time="23.036" classname="Test Cases/1.2-Tareas_Secundarias/A.2-Pruebas_planta_personal/12.2.5-Crear_descripción_del_cargo_(Puesto_Trabajo_Múltiple)" status="PASSED">
         <system-out><![CDATA[2022-08-08 14:44:33 - [TEST_CASE][PASSED] - Test Cases/1.2-Tareas_Secundarias/A.2-Pruebas_planta_personal/12.2.5-Crear_descripción_del_cargo_(Puesto_Trabajo_Múltiple): Test Cases/1.2-Tareas_Secundarias/A.2-Pruebas_planta_personal/12.2.5-Crear_descripción_del_cargo_(Puesto_Trabajo_Múltiple)

2022-08-08 14:44:33 - [TEST_STEP][PASSED] - callTestCase(findTestCase("1.2-Tareas_Secundarias/A.2-Pruebas_planta_personal/12.2.3-Crear_descripción_del_cargo_(PUESTO_TRABAJO_MULTIPLE)"), [:], STOP_ON_FAILURE): Call Test Case 'Test Cases/1.2-Tareas_Secundarias/A.2-Pruebas_planta_personal/12.2.3-Crear_descripción_del_cargo_(PUESTO_TRABAJO_MULTIPLE)' successfully

2022-08-08 14:44:33 - [TEST_CASE][PASSED] - Test Cases/1.2-Tareas_Secundarias/A.2-Pruebas_planta_personal/12.2.3-Crear_descripción_del_cargo_(PUESTO_TRABAJO_MULTIPLE): Test Cases/1.2-Tareas_Secundarias/A.2-Pruebas_planta_personal/12.2.3-Crear_descripción_del_cargo_(PUESTO_TRABAJO_MULTIPLE)

2022-08-08 14:44:33 - [TEST_STEP][PASSED] - callTestCase(findTestCase("0.1-Login"), [:], STOP_ON_FAILURE): Call Test Case 'Test Cases/0.1-Login' successfully

2022-08-08 14:44:33 - [TEST_CASE][PASSED] - Test Cases/0.1-Login: Test Cases/0.1-Login

2022-08-08 14:44:33 - [TEST_STEP][PASSED] - openBrowser(""): Browser is opened with url: ''

2022-08-08 14:44:33 - [MESSAGE][WARNING] - A browser is already opened. Closing browser and opening a new one

2022-08-08 14:44:34 - [MESSAGE][INFO] - Starting 'Chrome' driver

2022-08-08 14:44:34 - [MESSAGE][INFO] - Action delay is set to 0 milliseconds

2022-08-08 14:44:35 - [MESSAGE][PASSED] - Browser is opened with url: ''

2022-08-08 14:44:35 - [TEST_STEP][PASSED] - maximizeWindow(): Current window maximized

2022-08-08 14:44:36 - [MESSAGE][PASSED] - Current window maximized

2022-08-08 14:44:36 - [TEST_STEP][PASSED] - i = G_Login: null

2022-08-08 14:44:36 - [TEST_STEP][PASSED] - url = new java.net.URL(i): null

2022-08-08 14:44:36 - [TEST_STEP][PASSED] - println("URL: " + url.toString()): null

2022-08-08 14:44:36 - [TEST_STEP][PASSED] - connection = url.openConnection(): null

2022-08-08 14:44:36 - [TEST_STEP][PASSED] - connection.setRequestMethod("GET"): null

2022-08-08 14:44:36 - [TEST_STEP][PASSED] - connection.setReadTimeout(2 * 1000): null

2022-08-08 14:44:36 - [TEST_STEP][PASSED] - try: null

2022-08-08 14:44:36 - [TEST_STEP][PASSED] - connection.connect(): null

2022-08-08 14:44:36 - [TEST_STEP][PASSED] - flag = connected: null

2022-08-08 14:44:36 - [TEST_STEP][PASSED] - println("Valor_ori: " + flag): null

2022-08-08 14:44:36 - [TEST_STEP][PASSED] - if (flag): null

2022-08-08 14:44:36 - [TEST_STEP][PASSED] - navigateToUrl(i): Navigate to 'http://192.168.2.19:8380/saraweb' successfully

2022-08-08 14:44:36 - [MESSAGE][PASSED] - Navigate to 'http://192.168.2.19:8380/saraweb' successfully

2022-08-08 14:44:36 - [TEST_STEP][PASSED] - a(): null

2022-08-08 14:44:36 - [TEST_STEP][PASSED] - setText(findTestObject("3-OBJECTS UTILIDADES/Login/input_USUARIO_loginusuario"), G_Usuario): Text 'saraadmin' is set on object 'Object Repository/3-OBJECTS UTILIDADES/Login/input_USUARIO_loginusuario'

2022-08-08 14:44:37 - [MESSAGE][PASSED] - Text 'saraadmin' is set on object 'Object Repository/3-OBJECTS UTILIDADES/Login/input_USUARIO_loginusuario'

2022-08-08 14:44:37 - [TEST_STEP][PASSED] - setEncryptedText(findTestObject("3-OBJECTS UTILIDADES/Login/input_CLAVE_loginpassword"), "MkG4/TYiCFC3cb2driP7+Q=="): Text ****** has been set on object 'Object Repository/3-OBJECTS UTILIDADES/Login/input_CLAVE_loginpassword'

2022-08-08 14:44:37 - [MESSAGE][PASSED] - Text ****** has been set on object 'Object Repository/3-OBJECTS UTILIDADES/Login/input_CLAVE_loginpassword'

2022-08-08 14:44:37 - [TEST_STEP][PASSED] - waitForElementClickable(findTestObject("3-OBJECTS UTILIDADES/Login/a_Ingresar"), G_TimeOut): Object 'Object Repository/3-OBJECTS UTILIDADES/Login/a_Ingresar' is clickable

2022-08-08 14:44:38 - [MESSAGE][PASSED] - Object 'Object Repository/3-OBJECTS UTILIDADES/Login/a_Ingresar' is clickable

2022-08-08 14:44:38 - [TEST_STEP][PASSED] - click(findTestObject("3-OBJECTS UTILIDADES/Login/a_Ingresar")): Object: 'Object Repository/3-OBJECTS UTILIDADES/Login/a_Ingresar' is clicked on

2022-08-08 14:44:39 - [MESSAGE][PASSED] - Object: 'Object Repository/3-OBJECTS UTILIDADES/Login/a_Ingresar' is clicked on

2022-08-08 14:44:39 - [TEST_STEP][PASSED] - element = findWebElement(findTestObject("3-OBJECTS UTILIDADES/Login/a_Ir"), 30): null

2022-08-08 14:44:40 - [TEST_STEP][PASSED] - executeJavaScript("arguments[0].click()", Arrays.asList(element)): Execute JavaScript 'arguments[0].click()' successfully

2022-08-08 14:44:40 - [MESSAGE][PASSED] - Execute JavaScript 'arguments[0].click()' successfully

2022-08-08 14:44:40 - [MESSAGE][PASSED] - Call Test Case 'Test Cases/0.1-Login' successfully

2022-08-08 14:44:40 - [TEST_STEP][PASSED] - setText(findTestObject("2-OBJECTS TAREAS SECUNDARIAS/Pruebas planta personal/Crear_descripción_del_cargo(Puesto_trabajo_multiple)/input_Empresa 1_form_templatej_idt24_input"), "Listado Descripcion Cargo (tal)"): Text 'Listado Descripcion Cargo (tal)' is set on object 'Object Repository/2-OBJECTS TAREAS SECUNDARIAS/Pruebas planta personal/Crear_descripción_del_cargo(Puesto_trabajo_multiple)/input_Empresa 1_form_templatej_idt24_input'

2022-08-08 14:44:40 - [MESSAGE][PASSED] - Text 'Listado Descripcion Cargo (tal)' is set on object 'Object Repository/2-OBJECTS TAREAS SECUNDARIAS/Pruebas planta personal/Crear_descripción_del_cargo(Puesto_trabajo_multiple)/input_Empresa 1_form_templatej_idt24_input'

2022-08-08 14:44:40 - [TEST_STEP][PASSED] - click(findTestObject("2-OBJECTS TAREAS SECUNDARIAS/Pruebas planta personal/Crear_descripción_del_cargo(Puesto_trabajo_multiple)/li_Listado Descripcion Cargo (tal)")): Object: 'Object Repository/2-OBJECTS TAREAS SECUNDARIAS/Pruebas planta personal/Crear_descripción_del_cargo(Puesto_trabajo_multiple)/li_Listado Descripcion Cargo (tal)' is clicked on

2022-08-08 14:44:42 - [MESSAGE][PASSED] - Object: 'Object Repository/2-OBJECTS TAREAS SECUNDARIAS/Pruebas planta personal/Crear_descripción_del_cargo(Puesto_trabajo_multiple)/li_Listado Descripcion Cargo (tal)' is clicked on

2022-08-08 14:44:42 - [TEST_STEP][PASSED] - click(findTestObject("2-OBJECTS TAREAS SECUNDARIAS/Pruebas planta personal/Crear_descripción_del_cargo(Puesto_trabajo_multiple)/a_Nuevo")): Object: 'Object Repository/2-OBJECTS TAREAS SECUNDARIAS/Pruebas planta personal/Crear_descripción_del_cargo(Puesto_trabajo_multiple)/a_Nuevo' is clicked on

2022-08-08 14:44:43 - [MESSAGE][PASSED] - Object: 'Object Repository/2-OBJECTS TAREAS SECUNDARIAS/Pruebas planta personal/Crear_descripción_del_cargo(Puesto_trabajo_multiple)/a_Nuevo' is clicked on

2022-08-08 14:44:43 - [TEST_STEP][PASSED] - click(findTestObject("2-OBJECTS TAREAS SECUNDARIAS/Pruebas planta personal/Crear_descripción_del_cargo(Puesto_trabajo_multiple)/a_Unidad Organizacional_form_listadoDescripcionCargoj_idt115")): Object: 'Object Repository/2-OBJECTS TAREAS SECUNDARIAS/Pruebas planta personal/Crear_descripción_del_cargo(Puesto_trabajo_multiple)/a_Unidad Organizacional_form_listadoDescripcionCargoj_idt115' is clicked on

2022-08-08 14:44:44 - [MESSAGE][PASSED] - Object: 'Object Repository/2-OBJECTS TAREAS SECUNDARIAS/Pruebas planta personal/Crear_descripción_del_cargo(Puesto_trabajo_multiple)/a_Unidad Organizacional_form_listadoDescripcionCargoj_idt115' is clicked on

2022-08-08 14:44:44 - [TEST_STEP][PASSED] - setText(findTestObject("2-OBJECTS TAREAS SECUNDARIAS/Pruebas planta personal/Crear_descripción_del_cargo(Puesto_trabajo_multiple)/input_Unidad_form_popupUnidadUsuarioj_idt612"), "ADMINISTRACION"): Text 'ADMINISTRACION' is set on object 'Object Repository/2-OBJECTS TAREAS SECUNDARIAS/Pruebas planta personal/Crear_descripción_del_cargo(Puesto_trabajo_multiple)/input_Unidad_form_popupUnidadUsuarioj_idt612'

2022-08-08 14:44:45 - [MESSAGE][PASSED] - Text 'ADMINISTRACION' is set on object 'Object Repository/2-OBJECTS TAREAS SECUNDARIAS/Pruebas planta personal/Crear_descripción_del_cargo(Puesto_trabajo_multiple)/input_Unidad_form_popupUnidadUsuarioj_idt612'

2022-08-08 14:44:45 - [TEST_STEP][PASSED] - sendKeys(findTestObject("2-OBJECTS TAREAS SECUNDARIAS/Pruebas planta personal/Crear_descripción_del_cargo(Puesto_trabajo_multiple)/input_Unidad_form_popupUnidadUsuarioj_idt612"), Keys.chord(ENTER)): Keys 'ENTER + ' sent to object: 'Object Repository/2-OBJECTS TAREAS SECUNDARIAS/Pruebas planta personal/Crear_descripción_del_cargo(Puesto_trabajo_multiple)/input_Unidad_form_popupUnidadUsuarioj_idt612'

2022-08-08 14:44:45 - [MESSAGE][PASSED] - Keys 'ENTER + ' sent to object: 'Object Repository/2-OBJECTS TAREAS SECUNDARIAS/Pruebas planta personal/Crear_descripción_del_cargo(Puesto_trabajo_multiple)/input_Unidad_form_popupUnidadUsuarioj_idt612'

2022-08-08 14:44:45 - [TEST_STEP][PASSED] - click(findTestObject("2-OBJECTS TAREAS SECUNDARIAS/Pruebas planta personal/Crear_descripción_del_cargo(Puesto_trabajo_multiple)/span_ADMINISTRACION")): Object: 'Object Repository/2-OBJECTS TAREAS SECUNDARIAS/Pruebas planta personal/Crear_descripción_del_cargo(Puesto_trabajo_multiple)/span_ADMINISTRACION' is clicked on

2022-08-08 14:44:46 - [MESSAGE][PASSED] - Object: 'Object Repository/2-OBJECTS TAREAS SECUNDARIAS/Pruebas planta personal/Crear_descripción_del_cargo(Puesto_trabajo_multiple)/span_ADMINISTRACION' is clicked on

2022-08-08 14:44:46 - [TEST_STEP][PASSED] - click(findTestObject("2-OBJECTS TAREAS SECUNDARIAS/Pruebas planta personal/Crear_descripción_del_cargo(Puesto_trabajo_multiple)/a_Cargo_form_listadoDescripcionCargoj_idt120")): Object: 'Object Repository/2-OBJECTS TAREAS SECUNDARIAS/Pruebas planta personal/Crear_descripción_del_cargo(Puesto_trabajo_multiple)/a_Cargo_form_listadoDescripcionCargoj_idt120' is clicked on

2022-08-08 14:44:46 - [MESSAGE][PASSED] - Object: 'Object Repository/2-OBJECTS TAREAS SECUNDARIAS/Pruebas planta personal/Crear_descripción_del_cargo(Puesto_trabajo_multiple)/a_Cargo_form_listadoDescripcionCargoj_idt120' is clicked on

2022-08-08 14:44:46 - [TEST_STEP][PASSED] - click(findTestObject("2-OBJECTS TAREAS SECUNDARIAS/Pruebas planta personal/Crear_descripción_del_cargo(Puesto_trabajo_multiple)/span_ABOGADO")): Object: 'Object Repository/2-OBJECTS TAREAS SECUNDARIAS/Pruebas planta personal/Crear_descripción_del_cargo(Puesto_trabajo_multiple)/span_ABOGADO' is clicked on

2022-08-08 14:44:47 - [MESSAGE][PASSED] - Object: 'Object Repository/2-OBJECTS TAREAS SECUNDARIAS/Pruebas planta personal/Crear_descripción_del_cargo(Puesto_trabajo_multiple)/span_ABOGADO' is clicked on

2022-08-08 14:44:47 - [TEST_STEP][PASSED] - click(findTestObject("2-OBJECTS TAREAS SECUNDARIAS/Pruebas planta personal/Crear_descripción_del_cargo(Puesto_trabajo_multiple)/span_20139    - Abogado")): Object: 'Object Repository/2-OBJECTS TAREAS SECUNDARIAS/Pruebas planta personal/Crear_descripción_del_cargo(Puesto_trabajo_multiple)/span_20139    - Abogado' is clicked on

2022-08-08 14:44:48 - [MESSAGE][PASSED] - Object: 'Object Repository/2-OBJECTS TAREAS SECUNDARIAS/Pruebas planta personal/Crear_descripción_del_cargo(Puesto_trabajo_multiple)/span_20139    - Abogado' is clicked on

2022-08-08 14:44:48 - [TEST_STEP][PASSED] - setText(findTestObject("2-OBJECTS TAREAS SECUNDARIAS/Pruebas planta personal/Crear_descripción_del_cargo(Puesto_trabajo_multiple)/input__descripcionCargo_formj_idt7270fecha_input"), "01/07/2021"): Text '01/07/2021' is set on object 'Object Repository/2-OBJECTS TAREAS SECUNDARIAS/Pruebas planta personal/Crear_descripción_del_cargo(Puesto_trabajo_multiple)/input__descripcionCargo_formj_idt7270fecha_input'

2022-08-08 14:44:50 - [MESSAGE][PASSED] - Text '01/07/2021' is set on object 'Object Repository/2-OBJECTS TAREAS SECUNDARIAS/Pruebas planta personal/Crear_descripción_del_cargo(Puesto_trabajo_multiple)/input__descripcionCargo_formj_idt7270fecha_input'

2022-08-08 14:44:50 - [TEST_STEP][PASSED] - setText(findTestObject("2-OBJECTS TAREAS SECUNDARIAS/Pruebas planta personal/Crear_descripción_del_cargo(Puesto_trabajo_multiple)/textarea__descripcionCargo_formj_idt7272idTexto5"), "pruebas katalon"): Text 'pruebas katalon' is set on object 'Object Repository/2-OBJECTS TAREAS SECUNDARIAS/Pruebas planta personal/Crear_descripción_del_cargo(Puesto_trabajo_multiple)/textarea__descripcionCargo_formj_idt7272idTexto5'

2022-08-08 14:44:51 - [MESSAGE][PASSED] - Text 'pruebas katalon' is set on object 'Object Repository/2-OBJECTS TAREAS SECUNDARIAS/Pruebas planta personal/Crear_descripción_del_cargo(Puesto_trabajo_multiple)/textarea__descripcionCargo_formj_idt7272idTexto5'

2022-08-08 14:44:51 - [TEST_STEP][PASSED] - setText(findTestObject("2-OBJECTS TAREAS SECUNDARIAS/Pruebas planta personal/Crear_descripción_del_cargo(Puesto_trabajo_multiple)/textarea__descripcionCargo_formj_idt7274idTexto5"), "pruebas katalon"): Text 'pruebas katalon' is set on object 'Object Repository/2-OBJECTS TAREAS SECUNDARIAS/Pruebas planta personal/Crear_descripción_del_cargo(Puesto_trabajo_multiple)/textarea__descripcionCargo_formj_idt7274idTexto5'

2022-08-08 14:44:52 - [MESSAGE][PASSED] - Text 'pruebas katalon' is set on object 'Object Repository/2-OBJECTS TAREAS SECUNDARIAS/Pruebas planta personal/Crear_descripción_del_cargo(Puesto_trabajo_multiple)/textarea__descripcionCargo_formj_idt7274idTexto5'

2022-08-08 14:44:52 - [TEST_STEP][PASSED] - setText(findTestObject("2-OBJECTS TAREAS SECUNDARIAS/Pruebas planta personal/Crear_descripción_del_cargo(Puesto_trabajo_multiple)/textarea__descripcionCargo_formj_idt7276idTexto5"), "pruebas katalon"): Text 'pruebas katalon' is set on object 'Object Repository/2-OBJECTS TAREAS SECUNDARIAS/Pruebas planta personal/Crear_descripción_del_cargo(Puesto_trabajo_multiple)/textarea__descripcionCargo_formj_idt7276idTexto5'

2022-08-08 14:44:53 - [MESSAGE][PASSED] - Text 'pruebas katalon' is set on object 'Object Repository/2-OBJECTS TAREAS SECUNDARIAS/Pruebas planta personal/Crear_descripción_del_cargo(Puesto_trabajo_multiple)/textarea__descripcionCargo_formj_idt7276idTexto5'

2022-08-08 14:44:53 - [TEST_STEP][PASSED] - setText(findTestObject("2-OBJECTS TAREAS SECUNDARIAS/Pruebas planta personal/Crear_descripción_del_cargo(Puesto_trabajo_multiple)/textarea__descripcionCargo_formj_idt7277idTexto5"), "pruebas katalon"): Text 'pruebas katalon' is set on object 'Object Repository/2-OBJECTS TAREAS SECUNDARIAS/Pruebas planta personal/Crear_descripción_del_cargo(Puesto_trabajo_multiple)/textarea__descripcionCargo_formj_idt7277idTexto5'

2022-08-08 14:44:53 - [MESSAGE][PASSED] - Text 'pruebas katalon' is set on object 'Object Repository/2-OBJECTS TAREAS SECUNDARIAS/Pruebas planta personal/Crear_descripción_del_cargo(Puesto_trabajo_multiple)/textarea__descripcionCargo_formj_idt7277idTexto5'

2022-08-08 14:44:53 - [TEST_STEP][PASSED] - click(findTestObject("2-OBJECTS TAREAS SECUNDARIAS/Pruebas planta personal/Crear_descripción_del_cargo(Puesto_trabajo_multiple)/a_Guardar")): Object: 'Object Repository/2-OBJECTS TAREAS SECUNDARIAS/Pruebas planta personal/Crear_descripción_del_cargo(Puesto_trabajo_multiple)/a_Guardar' is clicked on

2022-08-08 14:44:54 - [MESSAGE][PASSED] - Object: 'Object Repository/2-OBJECTS TAREAS SECUNDARIAS/Pruebas planta personal/Crear_descripción_del_cargo(Puesto_trabajo_multiple)/a_Guardar' is clicked on

2022-08-08 14:44:54 - [TEST_STEP][PASSED] - if (waitForElementVisible(findTestObject("2-OBJECTS TAREAS SECUNDARIAS/Pruebas planta personal/Crear_descripción_del_cargo(Puesto_trabajo_multiple)/a_Definir_Perfil"), 1)): null

2022-08-08 14:44:55 - [MESSAGE][PASSED] - Object 'Object Repository/2-OBJECTS TAREAS SECUNDARIAS/Pruebas planta personal/Crear_descripción_del_cargo(Puesto_trabajo_multiple)/a_Definir_Perfil' is visible

2022-08-08 14:44:55 - [TEST_STEP][PASSED] - closeBrowser(): Browser is closed

2022-08-08 14:44:56 - [MESSAGE][PASSED] - Browser is closed

2022-08-08 14:44:56 - [MESSAGE][PASSED] - Call Test Case 'Test Cases/1.2-Tareas_Secundarias/A.2-Pruebas_planta_personal/12.2.3-Crear_descripción_del_cargo_(PUESTO_TRABAJO_MULTIPLE)' successfully]]></system-out>
         <system-err><![CDATA[]]></system-err>
      </testcase>
      <testcase name="Test Cases/1.2-Tareas_Secundarias/A.2-Pruebas_planta_personal/12.2.7-Impresión_de_descripción_del_cargo" time="14.447" classname="Test Cases/1.2-Tareas_Secundarias/A.2-Pruebas_planta_personal/12.2.7-Impresión_de_descripción_del_cargo" status="PASSED">
         <system-out><![CDATA[2022-08-08 14:44:56 - [TEST_CASE][PASSED] - Test Cases/1.2-Tareas_Secundarias/A.2-Pruebas_planta_personal/12.2.7-Impresión_de_descripción_del_cargo: Test Cases/1.2-Tareas_Secundarias/A.2-Pruebas_planta_personal/12.2.7-Impresión_de_descripción_del_cargo

2022-08-08 14:44:56 - [TEST_STEP][PASSED] - callTestCase(findTestCase("0.1-Login"), [:], STOP_ON_FAILURE): Call Test Case 'Test Cases/0.1-Login' successfully

2022-08-08 14:44:56 - [TEST_CASE][PASSED] - Test Cases/0.1-Login: Test Cases/0.1-Login

2022-08-08 14:44:56 - [TEST_STEP][PASSED] - openBrowser(""): Browser is opened with url: ''

2022-08-08 14:44:56 - [MESSAGE][INFO] - Starting 'Chrome' driver

2022-08-08 14:44:56 - [MESSAGE][INFO] - Action delay is set to 0 milliseconds

2022-08-08 14:44:58 - [MESSAGE][PASSED] - Browser is opened with url: ''

2022-08-08 14:44:58 - [TEST_STEP][PASSED] - maximizeWindow(): Current window maximized

2022-08-08 14:44:58 - [MESSAGE][PASSED] - Current window maximized

2022-08-08 14:44:58 - [TEST_STEP][PASSED] - i = G_Login: null

2022-08-08 14:44:58 - [TEST_STEP][PASSED] - url = new java.net.URL(i): null

2022-08-08 14:44:58 - [TEST_STEP][PASSED] - println("URL: " + url.toString()): null

2022-08-08 14:44:58 - [TEST_STEP][PASSED] - connection = url.openConnection(): null

2022-08-08 14:44:58 - [TEST_STEP][PASSED] - connection.setRequestMethod("GET"): null

2022-08-08 14:44:58 - [TEST_STEP][PASSED] - connection.setReadTimeout(2 * 1000): null

2022-08-08 14:44:58 - [TEST_STEP][PASSED] - try: null

2022-08-08 14:44:58 - [TEST_STEP][PASSED] - connection.connect(): null

2022-08-08 14:44:58 - [TEST_STEP][PASSED] - flag = connected: null

2022-08-08 14:44:58 - [TEST_STEP][PASSED] - println("Valor_ori: " + flag): null

2022-08-08 14:44:58 - [TEST_STEP][PASSED] - if (flag): null

2022-08-08 14:44:58 - [TEST_STEP][PASSED] - navigateToUrl(i): Navigate to 'http://192.168.2.19:8380/saraweb' successfully

2022-08-08 14:44:58 - [MESSAGE][PASSED] - Navigate to 'http://192.168.2.19:8380/saraweb' successfully

2022-08-08 14:44:58 - [TEST_STEP][PASSED] - a(): null

2022-08-08 14:44:58 - [TEST_STEP][PASSED] - setText(findTestObject("3-OBJECTS UTILIDADES/Login/input_USUARIO_loginusuario"), G_Usuario): Text 'saraadmin' is set on object 'Object Repository/3-OBJECTS UTILIDADES/Login/input_USUARIO_loginusuario'

2022-08-08 14:44:59 - [MESSAGE][PASSED] - Text 'saraadmin' is set on object 'Object Repository/3-OBJECTS UTILIDADES/Login/input_USUARIO_loginusuario'

2022-08-08 14:44:59 - [TEST_STEP][PASSED] - setEncryptedText(findTestObject("3-OBJECTS UTILIDADES/Login/input_CLAVE_loginpassword"), "MkG4/TYiCFC3cb2driP7+Q=="): Text ****** has been set on object 'Object Repository/3-OBJECTS UTILIDADES/Login/input_CLAVE_loginpassword'

2022-08-08 14:45:00 - [MESSAGE][PASSED] - Text ****** has been set on object 'Object Repository/3-OBJECTS UTILIDADES/Login/input_CLAVE_loginpassword'

2022-08-08 14:45:00 - [TEST_STEP][PASSED] - waitForElementClickable(findTestObject("3-OBJECTS UTILIDADES/Login/a_Ingresar"), G_TimeOut): Object 'Object Repository/3-OBJECTS UTILIDADES/Login/a_Ingresar' is clickable

2022-08-08 14:45:00 - [MESSAGE][PASSED] - Object 'Object Repository/3-OBJECTS UTILIDADES/Login/a_Ingresar' is clickable

2022-08-08 14:45:00 - [TEST_STEP][PASSED] - click(findTestObject("3-OBJECTS UTILIDADES/Login/a_Ingresar")): Object: 'Object Repository/3-OBJECTS UTILIDADES/Login/a_Ingresar' is clicked on

2022-08-08 14:45:01 - [MESSAGE][PASSED] - Object: 'Object Repository/3-OBJECTS UTILIDADES/Login/a_Ingresar' is clicked on

2022-08-08 14:45:01 - [TEST_STEP][PASSED] - element = findWebElement(findTestObject("3-OBJECTS UTILIDADES/Login/a_Ir"), 30): null

2022-08-08 14:45:01 - [TEST_STEP][PASSED] - executeJavaScript("arguments[0].click()", Arrays.asList(element)): Execute JavaScript 'arguments[0].click()' successfully

2022-08-08 14:45:01 - [MESSAGE][PASSED] - Execute JavaScript 'arguments[0].click()' successfully

2022-08-08 14:45:01 - [MESSAGE][PASSED] - Call Test Case 'Test Cases/0.1-Login' successfully

2022-08-08 14:45:01 - [TEST_STEP][PASSED] - setText(findTestObject("2-OBJECTS TAREAS SECUNDARIAS/Pruebas planta personal/Impresión_de_descripción_del_cargo/input_Empresa 1_form_templatej_idt24_input"), "Listado Descripcion Cargo (tal)"): Text 'Listado Descripcion Cargo (tal)' is set on object 'Object Repository/2-OBJECTS TAREAS SECUNDARIAS/Pruebas planta personal/Impresión_de_descripción_del_cargo/input_Empresa 1_form_templatej_idt24_input'

2022-08-08 14:45:02 - [MESSAGE][PASSED] - Text 'Listado Descripcion Cargo (tal)' is set on object 'Object Repository/2-OBJECTS TAREAS SECUNDARIAS/Pruebas planta personal/Impresión_de_descripción_del_cargo/input_Empresa 1_form_templatej_idt24_input'

2022-08-08 14:45:02 - [TEST_STEP][PASSED] - click(findTestObject("2-OBJECTS TAREAS SECUNDARIAS/Pruebas planta personal/Impresión_de_descripción_del_cargo/li_Listado Descripcion Cargo (tal)")): Object: 'Object Repository/2-OBJECTS TAREAS SECUNDARIAS/Pruebas planta personal/Impresión_de_descripción_del_cargo/li_Listado Descripcion Cargo (tal)' is clicked on

2022-08-08 14:45:04 - [MESSAGE][PASSED] - Object: 'Object Repository/2-OBJECTS TAREAS SECUNDARIAS/Pruebas planta personal/Impresión_de_descripción_del_cargo/li_Listado Descripcion Cargo (tal)' is clicked on

2022-08-08 14:45:04 - [TEST_STEP][PASSED] - click(findTestObject("2-OBJECTS TAREAS SECUNDARIAS/Pruebas planta personal/Impresión_de_descripción_del_cargo/a_Cargo_form_listadoDescripcionCargoj_idt70")): Object: 'Object Repository/2-OBJECTS TAREAS SECUNDARIAS/Pruebas planta personal/Impresión_de_descripción_del_cargo/a_Cargo_form_listadoDescripcionCargoj_idt70' is clicked on

2022-08-08 14:45:05 - [MESSAGE][PASSED] - Object: 'Object Repository/2-OBJECTS TAREAS SECUNDARIAS/Pruebas planta personal/Impresión_de_descripción_del_cargo/a_Cargo_form_listadoDescripcionCargoj_idt70' is clicked on

2022-08-08 14:45:05 - [TEST_STEP][PASSED] - click(findTestObject("2-OBJECTS TAREAS SECUNDARIAS/Pruebas planta personal/Impresión_de_descripción_del_cargo/span_40 MIL STAFF")): Object: 'Object Repository/2-OBJECTS TAREAS SECUNDARIAS/Pruebas planta personal/Impresión_de_descripción_del_cargo/span_40 MIL STAFF' is clicked on

2022-08-08 14:45:05 - [MESSAGE][PASSED] - Object: 'Object Repository/2-OBJECTS TAREAS SECUNDARIAS/Pruebas planta personal/Impresión_de_descripción_del_cargo/span_40 MIL STAFF' is clicked on

2022-08-08 14:45:05 - [TEST_STEP][PASSED] - click(findTestObject("2-OBJECTS TAREAS SECUNDARIAS/Pruebas planta personal/Impresión_de_descripción_del_cargo/span_01072021")): Object: 'Object Repository/2-OBJECTS TAREAS SECUNDARIAS/Pruebas planta personal/Impresión_de_descripción_del_cargo/span_01072021' is clicked on

2022-08-08 14:45:06 - [MESSAGE][PASSED] - Object: 'Object Repository/2-OBJECTS TAREAS SECUNDARIAS/Pruebas planta personal/Impresión_de_descripción_del_cargo/span_01072021' is clicked on

2022-08-08 14:45:06 - [TEST_STEP][PASSED] - click(findTestObject("2-OBJECTS TAREAS SECUNDARIAS/Pruebas planta personal/Impresión_de_descripción_del_cargo/a_Imprimir Publicacin")): Object: 'Object Repository/2-OBJECTS TAREAS SECUNDARIAS/Pruebas planta personal/Impresión_de_descripción_del_cargo/a_Imprimir Publicacin' is clicked on

2022-08-08 14:45:07 - [MESSAGE][PASSED] - Object: 'Object Repository/2-OBJECTS TAREAS SECUNDARIAS/Pruebas planta personal/Impresión_de_descripción_del_cargo/a_Imprimir Publicacin' is clicked on

2022-08-08 14:45:07 - [TEST_STEP][PASSED] - click(findTestObject("2-OBJECTS TAREAS SECUNDARIAS/Pruebas planta personal/Impresión_de_descripción_del_cargo/td_Descripcin del Cargo1")): Object: 'Object Repository/2-OBJECTS TAREAS SECUNDARIAS/Pruebas planta personal/Impresión_de_descripción_del_cargo/td_Descripcin del Cargo1' is clicked on

2022-08-08 14:45:08 - [MESSAGE][PASSED] - Object: 'Object Repository/2-OBJECTS TAREAS SECUNDARIAS/Pruebas planta personal/Impresión_de_descripción_del_cargo/td_Descripcin del Cargo1' is clicked on

2022-08-08 14:45:08 - [TEST_STEP][PASSED] - if (waitForElementVisible(findTestObject("2-OBJECTS TAREAS SECUNDARIAS/Pruebas planta personal/Impresión_de_descripción_del_cargo/a_Descargar archivo en formato Doc"), 1)): null

2022-08-08 14:45:09 - [MESSAGE][PASSED] - Object 'Object Repository/2-OBJECTS TAREAS SECUNDARIAS/Pruebas planta personal/Impresión_de_descripción_del_cargo/a_Descargar archivo en formato Doc' is visible

2022-08-08 14:45:09 - [TEST_STEP][PASSED] - Resultado = "PRUEBA OK": null

2022-08-08 14:45:09 - [TEST_STEP][PASSED] - closeBrowser(): Browser is closed

2022-08-08 14:45:10 - [MESSAGE][PASSED] - Browser is closed]]></system-out>
         <system-err><![CDATA[]]></system-err>
      </testcase>
      <testcase name="Test Cases/1.2-Tareas_Secundarias/A.2-Pruebas_planta_personal/12.2.8-Acto_administrativo-Crear_puesto" time="58.788" classname="Test Cases/1.2-Tareas_Secundarias/A.2-Pruebas_planta_personal/12.2.8-Acto_administrativo-Crear_puesto" status="FAILED">
         <failure type="FAILED" message="Test Cases/1.2-Tareas_Secundarias/A.2-Pruebas_planta_personal/12.2.8-Acto_administrativo-Crear_puesto FAILED.
Reason:
com.kms.katalon.core.exception.StepFailedException: Unable to click on object 'Object Repository/2-OBJECTS TAREAS SECUNDARIAS/Pruebas planta personal/Acto_administrativo-Crear_puesto/a_Aplicar'
	at com.kms.katalon.core.webui.keyword.internal.WebUIKeywordMain.stepFailed(WebUIKeywordMain.groovy:64)
	at com.kms.katalon.core.webui.keyword.internal.WebUIKeywordMain.runKeyword(WebUIKeywordMain.groovy:26)
	at com.kms.katalon.core.webui.keyword.builtin.ClickKeyword.click(ClickKeyword.groovy:74)
	at com.kms.katalon.core.webui.keyword.builtin.ClickKeyword.execute(ClickKeyword.groovy:40)
	at com.kms.katalon.core.keyword.internal.KeywordExecutor.executeKeywordForPlatform(KeywordExecutor.groovy:74)
	at com.kms.katalon.core.webui.keyword.WebUiBuiltInKeywords.click(WebUiBuiltInKeywords.groovy:620)
	at com.kms.katalon.core.webui.keyword.WebUiBuiltInKeywords$click$5.call(Unknown Source)
	at 12.2.8-Acto_administrativo-Crear_puesto.run(12.2.8-Acto_administrativo-Crear_puesto:67)
	at com.kms.katalon.core.main.ScriptEngine.run(ScriptEngine.java:194)
	at com.kms.katalon.core.main.ScriptEngine.runScriptAsRawText(ScriptEngine.java:119)
	at com.kms.katalon.core.main.TestCaseExecutor.runScript(TestCaseExecutor.java:445)
	at com.kms.katalon.core.main.TestCaseExecutor.doExecute(TestCaseExecutor.java:436)
	at com.kms.katalon.core.main.TestCaseExecutor.processExecutionPhase(TestCaseExecutor.java:415)
	at com.kms.katalon.core.main.TestCaseExecutor.accessMainPhase(TestCaseExecutor.java:407)
	at com.kms.katalon.core.main.TestCaseExecutor.execute(TestCaseExecutor.java:284)
	at com.kms.katalon.core.common.CommonExecutor.accessTestCaseMainPhase(CommonExecutor.java:65)
	at com.kms.katalon.core.main.TestSuiteExecutor.accessTestSuiteMainPhase(TestSuiteExecutor.java:144)
	at com.kms.katalon.core.main.TestSuiteExecutor.execute(TestSuiteExecutor.java:106)
	at com.kms.katalon.core.main.TestCaseMain.startTestSuite(TestCaseMain.java:185)
	at com.kms.katalon.core.main.TestCaseMain$startTestSuite$0.call(Unknown Source)
	at TempTestSuite1659987462795.run(TempTestSuite1659987462795.groovy:36)
Caused by: com.kms.katalon.core.webui.exception.WebElementNotFoundException: Web element with id: 'Object Repository/2-OBJECTS TAREAS SECUNDARIAS/Pruebas planta personal/Acto_administrativo-Crear_puesto/a_Aplicar' located by '(//a[contains(text(),'Aplicar')])[2]' not found
	at com.kms.katalon.core.webui.common.WebUiCommonHelper.findWebElement(WebUiCommonHelper.java:1370)
	at com.kms.katalon.core.webui.keyword.internal.WebUIAbstractKeyword.findWebElement(WebUIAbstractKeyword.groovy:27)
	at com.kms.katalon.core.webui.keyword.builtin.ClickKeyword$_click_closure1.doCall(ClickKeyword.groovy:65)
	at com.kms.katalon.core.webui.keyword.builtin.ClickKeyword$_click_closure1.call(ClickKeyword.groovy)
	at com.kms.katalon.core.webui.keyword.internal.WebUIKeywordMain.runKeyword(WebUIKeywordMain.groovy:20)
	... 19 more
"/>
         <system-out><![CDATA[2022-08-08 14:45:10 - [TEST_CASE][FAILED] - Test Cases/1.2-Tareas_Secundarias/A.2-Pruebas_planta_personal/12.2.8-Acto_administrativo-Crear_puesto: Test Cases/1.2-Tareas_Secundarias/A.2-Pruebas_planta_personal/12.2.8-Acto_administrativo-Crear_puesto FAILED.
Reason:
com.kms.katalon.core.exception.StepFailedException: Unable to click on object 'Object Repository/2-OBJECTS TAREAS SECUNDARIAS/Pruebas planta personal/Acto_administrativo-Crear_puesto/a_Aplicar'
	at com.kms.katalon.core.webui.keyword.internal.WebUIKeywordMain.stepFailed(WebUIKeywordMain.groovy:64)
	at com.kms.katalon.core.webui.keyword.internal.WebUIKeywordMain.runKeyword(WebUIKeywordMain.groovy:26)
	at com.kms.katalon.core.webui.keyword.builtin.ClickKeyword.click(ClickKeyword.groovy:74)
	at com.kms.katalon.core.webui.keyword.builtin.ClickKeyword.execute(ClickKeyword.groovy:40)
	at com.kms.katalon.core.keyword.internal.KeywordExecutor.executeKeywordForPlatform(KeywordExecutor.groovy:74)
	at com.kms.katalon.core.webui.keyword.WebUiBuiltInKeywords.click(WebUiBuiltInKeywords.groovy:620)
	at com.kms.katalon.core.webui.keyword.WebUiBuiltInKeywords$click$5.call(Unknown Source)
	at 12.2.8-Acto_administrativo-Crear_puesto.run(12.2.8-Acto_administrativo-Crear_puesto:67)
	at com.kms.katalon.core.main.ScriptEngine.run(ScriptEngine.java:194)
	at com.kms.katalon.core.main.ScriptEngine.runScriptAsRawText(ScriptEngine.java:119)
	at com.kms.katalon.core.main.TestCaseExecutor.runScript(TestCaseExecutor.java:445)
	at com.kms.katalon.core.main.TestCaseExecutor.doExecute(TestCaseExecutor.java:436)
	at com.kms.katalon.core.main.TestCaseExecutor.processExecutionPhase(TestCaseExecutor.java:415)
	at com.kms.katalon.core.main.TestCaseExecutor.accessMainPhase(TestCaseExecutor.java:407)
	at com.kms.katalon.core.main.TestCaseExecutor.execute(TestCaseExecutor.java:284)
	at com.kms.katalon.core.common.CommonExecutor.accessTestCaseMainPhase(CommonExecutor.java:65)
	at com.kms.katalon.core.main.TestSuiteExecutor.accessTestSuiteMainPhase(TestSuiteExecutor.java:144)
	at com.kms.katalon.core.main.TestSuiteExecutor.execute(TestSuiteExecutor.java:106)
	at com.kms.katalon.core.main.TestCaseMain.startTestSuite(TestCaseMain.java:185)
	at com.kms.katalon.core.main.TestCaseMain$startTestSuite$0.call(Unknown Source)
	at TempTestSuite1659987462795.run(TempTestSuite1659987462795.groovy:36)
Caused by: com.kms.katalon.core.webui.exception.WebElementNotFoundException: Web element with id: 'Object Repository/2-OBJECTS TAREAS SECUNDARIAS/Pruebas planta personal/Acto_administrativo-Crear_puesto/a_Aplicar' located by '(//a[contains(text(),'Aplicar')])[2]' not found
	at com.kms.katalon.core.webui.common.WebUiCommonHelper.findWebElement(WebUiCommonHelper.java:1370)
	at com.kms.katalon.core.webui.keyword.internal.WebUIAbstractKeyword.findWebElement(WebUIAbstractKeyword.groovy:27)
	at com.kms.katalon.core.webui.keyword.builtin.ClickKeyword$_click_closure1.doCall(ClickKeyword.groovy:65)
	at com.kms.katalon.core.webui.keyword.builtin.ClickKeyword$_click_closure1.call(ClickKeyword.groovy)
	at com.kms.katalon.core.webui.keyword.internal.WebUIKeywordMain.runKeyword(WebUIKeywordMain.groovy:20)
	... 19 more


2022-08-08 14:45:11 - [TEST_STEP][PASSED] - callTestCase(findTestCase("0.1-Login"), [:], STOP_ON_FAILURE): Call Test Case 'Test Cases/0.1-Login' successfully

2022-08-08 14:45:11 - [TEST_CASE][PASSED] - Test Cases/0.1-Login: Test Cases/0.1-Login

2022-08-08 14:45:11 - [TEST_STEP][PASSED] - openBrowser(""): Browser is opened with url: ''

2022-08-08 14:45:11 - [MESSAGE][INFO] - Starting 'Chrome' driver

2022-08-08 14:45:11 - [MESSAGE][INFO] - Action delay is set to 0 milliseconds

2022-08-08 14:45:12 - [MESSAGE][PASSED] - Browser is opened with url: ''

2022-08-08 14:45:12 - [TEST_STEP][PASSED] - maximizeWindow(): Current window maximized

2022-08-08 14:45:12 - [MESSAGE][PASSED] - Current window maximized

2022-08-08 14:45:12 - [TEST_STEP][PASSED] - i = G_Login: null

2022-08-08 14:45:12 - [TEST_STEP][PASSED] - url = new java.net.URL(i): null

2022-08-08 14:45:12 - [TEST_STEP][PASSED] - println("URL: " + url.toString()): null

2022-08-08 14:45:12 - [TEST_STEP][PASSED] - connection = url.openConnection(): null

2022-08-08 14:45:12 - [TEST_STEP][PASSED] - connection.setRequestMethod("GET"): null

2022-08-08 14:45:12 - [TEST_STEP][PASSED] - connection.setReadTimeout(2 * 1000): null

2022-08-08 14:45:12 - [TEST_STEP][PASSED] - try: null

2022-08-08 14:45:12 - [TEST_STEP][PASSED] - connection.connect(): null

2022-08-08 14:45:12 - [TEST_STEP][PASSED] - flag = connected: null

2022-08-08 14:45:12 - [TEST_STEP][PASSED] - println("Valor_ori: " + flag): null

2022-08-08 14:45:12 - [TEST_STEP][PASSED] - if (flag): null

2022-08-08 14:45:12 - [TEST_STEP][PASSED] - navigateToUrl(i): Navigate to 'http://192.168.2.19:8380/saraweb' successfully

2022-08-08 14:45:13 - [MESSAGE][PASSED] - Navigate to 'http://192.168.2.19:8380/saraweb' successfully

2022-08-08 14:45:13 - [TEST_STEP][PASSED] - a(): null

2022-08-08 14:45:13 - [TEST_STEP][PASSED] - setText(findTestObject("3-OBJECTS UTILIDADES/Login/input_USUARIO_loginusuario"), G_Usuario): Text 'saraadmin' is set on object 'Object Repository/3-OBJECTS UTILIDADES/Login/input_USUARIO_loginusuario'

2022-08-08 14:45:14 - [MESSAGE][PASSED] - Text 'saraadmin' is set on object 'Object Repository/3-OBJECTS UTILIDADES/Login/input_USUARIO_loginusuario'

2022-08-08 14:45:14 - [TEST_STEP][PASSED] - setEncryptedText(findTestObject("3-OBJECTS UTILIDADES/Login/input_CLAVE_loginpassword"), "MkG4/TYiCFC3cb2driP7+Q=="): Text ****** has been set on object 'Object Repository/3-OBJECTS UTILIDADES/Login/input_CLAVE_loginpassword'

2022-08-08 14:45:14 - [MESSAGE][PASSED] - Text ****** has been set on object 'Object Repository/3-OBJECTS UTILIDADES/Login/input_CLAVE_loginpassword'

2022-08-08 14:45:14 - [TEST_STEP][PASSED] - waitForElementClickable(findTestObject("3-OBJECTS UTILIDADES/Login/a_Ingresar"), G_TimeOut): Object 'Object Repository/3-OBJECTS UTILIDADES/Login/a_Ingresar' is clickable

2022-08-08 14:45:14 - [MESSAGE][PASSED] - Object 'Object Repository/3-OBJECTS UTILIDADES/Login/a_Ingresar' is clickable

2022-08-08 14:45:14 - [TEST_STEP][PASSED] - click(findTestObject("3-OBJECTS UTILIDADES/Login/a_Ingresar")): Object: 'Object Repository/3-OBJECTS UTILIDADES/Login/a_Ingresar' is clicked on

2022-08-08 14:45:15 - [MESSAGE][PASSED] - Object: 'Object Repository/3-OBJECTS UTILIDADES/Login/a_Ingresar' is clicked on

2022-08-08 14:45:15 - [TEST_STEP][PASSED] - element = findWebElement(findTestObject("3-OBJECTS UTILIDADES/Login/a_Ir"), 30): null

2022-08-08 14:45:16 - [TEST_STEP][PASSED] - executeJavaScript("arguments[0].click()", Arrays.asList(element)): Execute JavaScript 'arguments[0].click()' successfully

2022-08-08 14:45:16 - [MESSAGE][PASSED] - Execute JavaScript 'arguments[0].click()' successfully

2022-08-08 14:45:16 - [MESSAGE][PASSED] - Call Test Case 'Test Cases/0.1-Login' successfully

2022-08-08 14:45:16 - [TEST_STEP][PASSED] - setText(findTestObject("2-OBJECTS TAREAS SECUNDARIAS/Pruebas planta personal/Acto_administrativo-Crear_puesto/input_Empresa 1_form_templatej_idt24_input"), "Actos administrativos"): Text 'Actos administrativos' is set on object 'Object Repository/2-OBJECTS TAREAS SECUNDARIAS/Pruebas planta personal/Acto_administrativo-Crear_puesto/input_Empresa 1_form_templatej_idt24_input'

2022-08-08 14:45:17 - [MESSAGE][PASSED] - Text 'Actos administrativos' is set on object 'Object Repository/2-OBJECTS TAREAS SECUNDARIAS/Pruebas planta personal/Acto_administrativo-Crear_puesto/input_Empresa 1_form_templatej_idt24_input'

2022-08-08 14:45:17 - [TEST_STEP][PASSED] - click(findTestObject("2-OBJECTS TAREAS SECUNDARIAS/Pruebas planta personal/Acto_administrativo-Crear_puesto/li_Actos Administrativos (act)")): Object: 'Object Repository/2-OBJECTS TAREAS SECUNDARIAS/Pruebas planta personal/Acto_administrativo-Crear_puesto/li_Actos Administrativos (act)' is clicked on

2022-08-08 14:45:18 - [MESSAGE][PASSED] - Object: 'Object Repository/2-OBJECTS TAREAS SECUNDARIAS/Pruebas planta personal/Acto_administrativo-Crear_puesto/li_Actos Administrativos (act)' is clicked on

2022-08-08 14:45:18 - [TEST_STEP][PASSED] - click(findTestObject("2-OBJECTS TAREAS SECUNDARIAS/Pruebas planta personal/Acto_administrativo-Crear_puesto/i_Actos Ausencia_glyphicons glyphicons-user-structure x3 icon-acto")): Object: 'Object Repository/2-OBJECTS TAREAS SECUNDARIAS/Pruebas planta personal/Acto_administrativo-Crear_puesto/i_Actos Ausencia_glyphicons glyphicons-user-structure x3 icon-acto' is clicked on

2022-08-08 14:45:19 - [MESSAGE][PASSED] - Object: 'Object Repository/2-OBJECTS TAREAS SECUNDARIAS/Pruebas planta personal/Acto_administrativo-Crear_puesto/i_Actos Ausencia_glyphicons glyphicons-user-structure x3 icon-acto' is clicked on

2022-08-08 14:45:19 - [TEST_STEP][PASSED] - click(findTestObject("2-OBJECTS TAREAS SECUNDARIAS/Pruebas planta personal/Acto_administrativo-Crear_puesto/a_Acto Movimento de planta_form_ActosAdministrativostabla_principal_10j_idt79")): Object: 'Object Repository/2-OBJECTS TAREAS SECUNDARIAS/Pruebas planta personal/Acto_administrativo-Crear_puesto/a_Acto Movimento de planta_form_ActosAdministrativostabla_principal_10j_idt79' is clicked on

2022-08-08 14:45:20 - [MESSAGE][PASSED] - Object: 'Object Repository/2-OBJECTS TAREAS SECUNDARIAS/Pruebas planta personal/Acto_administrativo-Crear_puesto/a_Acto Movimento de planta_form_ActosAdministrativostabla_principal_10j_idt79' is clicked on

2022-08-08 14:45:20 - [TEST_STEP][PASSED] - click(findTestObject("2-OBJECTS TAREAS SECUNDARIAS/Pruebas planta personal/Acto_administrativo-Crear_puesto/span_crea puesto trabajo")): Object: 'Object Repository/2-OBJECTS TAREAS SECUNDARIAS/Pruebas planta personal/Acto_administrativo-Crear_puesto/span_crea puesto trabajo' is clicked on

2022-08-08 14:45:20 - [MESSAGE][PASSED] - Object: 'Object Repository/2-OBJECTS TAREAS SECUNDARIAS/Pruebas planta personal/Acto_administrativo-Crear_puesto/span_crea puesto trabajo' is clicked on

2022-08-08 14:45:20 - [TEST_STEP][PASSED] - setText(findTestObject("2-OBJECTS TAREAS SECUNDARIAS/Pruebas planta personal/Acto_administrativo-Crear_puesto/input__form_actoMovPlantaj_idt18340idTexto"), "1010220596"): Text '1010220596' is set on object 'Object Repository/2-OBJECTS TAREAS SECUNDARIAS/Pruebas planta personal/Acto_administrativo-Crear_puesto/input__form_actoMovPlantaj_idt18340idTexto'

2022-08-08 14:45:21 - [MESSAGE][PASSED] - Text '1010220596' is set on object 'Object Repository/2-OBJECTS TAREAS SECUNDARIAS/Pruebas planta personal/Acto_administrativo-Crear_puesto/input__form_actoMovPlantaj_idt18340idTexto'

2022-08-08 14:45:21 - [TEST_STEP][PASSED] - click(findTestObject("2-OBJECTS TAREAS SECUNDARIAS/Pruebas planta personal/Acto_administrativo-Crear_puesto/a_Unidad Organizacional_form_actoMovPlantaunidad")): Object: 'Object Repository/2-OBJECTS TAREAS SECUNDARIAS/Pruebas planta personal/Acto_administrativo-Crear_puesto/a_Unidad Organizacional_form_actoMovPlantaunidad' is clicked on

2022-08-08 14:45:22 - [MESSAGE][PASSED] - Object: 'Object Repository/2-OBJECTS TAREAS SECUNDARIAS/Pruebas planta personal/Acto_administrativo-Crear_puesto/a_Unidad Organizacional_form_actoMovPlantaunidad' is clicked on

2022-08-08 14:45:22 - [TEST_STEP][PASSED] - setText(findTestObject("2-OBJECTS TAREAS SECUNDARIAS/Pruebas planta personal/Acto_administrativo-Crear_puesto/input_Unidad_form_popupUnidadUsuarioj_idt1425"), "administracion"): Text 'administracion' is set on object 'Object Repository/2-OBJECTS TAREAS SECUNDARIAS/Pruebas planta personal/Acto_administrativo-Crear_puesto/input_Unidad_form_popupUnidadUsuarioj_idt1425'

2022-08-08 14:45:23 - [MESSAGE][PASSED] - Text 'administracion' is set on object 'Object Repository/2-OBJECTS TAREAS SECUNDARIAS/Pruebas planta personal/Acto_administrativo-Crear_puesto/input_Unidad_form_popupUnidadUsuarioj_idt1425'

2022-08-08 14:45:23 - [TEST_STEP][PASSED] - sendKeys(findTestObject("2-OBJECTS TAREAS SECUNDARIAS/Pruebas planta personal/Acto_administrativo-Crear_puesto/input_Unidad_form_popupUnidadUsuarioj_idt1425"), Keys.chord(ENTER)): Keys 'ENTER + ' sent to object: 'Object Repository/2-OBJECTS TAREAS SECUNDARIAS/Pruebas planta personal/Acto_administrativo-Crear_puesto/input_Unidad_form_popupUnidadUsuarioj_idt1425'

2022-08-08 14:45:23 - [MESSAGE][PASSED] - Keys 'ENTER + ' sent to object: 'Object Repository/2-OBJECTS TAREAS SECUNDARIAS/Pruebas planta personal/Acto_administrativo-Crear_puesto/input_Unidad_form_popupUnidadUsuarioj_idt1425'

2022-08-08 14:45:23 - [TEST_STEP][PASSED] - click(findTestObject("2-OBJECTS TAREAS SECUNDARIAS/Pruebas planta personal/Acto_administrativo-Crear_puesto/span_ADMINISTRACION")): Object: 'Object Repository/2-OBJECTS TAREAS SECUNDARIAS/Pruebas planta personal/Acto_administrativo-Crear_puesto/span_ADMINISTRACION' is clicked on

2022-08-08 14:45:23 - [MESSAGE][PASSED] - Object: 'Object Repository/2-OBJECTS TAREAS SECUNDARIAS/Pruebas planta personal/Acto_administrativo-Crear_puesto/span_ADMINISTRACION' is clicked on

2022-08-08 14:45:23 - [TEST_STEP][PASSED] - click(findTestObject("2-OBJECTS TAREAS SECUNDARIAS/Pruebas planta personal/Acto_administrativo-Crear_puesto/a_Cargo_form_actoMovPlantacargo")): Object: 'Object Repository/2-OBJECTS TAREAS SECUNDARIAS/Pruebas planta personal/Acto_administrativo-Crear_puesto/a_Cargo_form_actoMovPlantacargo' is clicked on

2022-08-08 14:45:24 - [MESSAGE][PASSED] - Object: 'Object Repository/2-OBJECTS TAREAS SECUNDARIAS/Pruebas planta personal/Acto_administrativo-Crear_puesto/a_Cargo_form_actoMovPlantacargo' is clicked on

2022-08-08 14:45:24 - [TEST_STEP][PASSED] - click(findTestObject("2-OBJECTS TAREAS SECUNDARIAS/Pruebas planta personal/Acto_administrativo-Crear_puesto/span_ANALISTA CONTABLE")): Object: 'Object Repository/2-OBJECTS TAREAS SECUNDARIAS/Pruebas planta personal/Acto_administrativo-Crear_puesto/span_ANALISTA CONTABLE' is clicked on

2022-08-08 14:45:25 - [MESSAGE][PASSED] - Object: 'Object Repository/2-OBJECTS TAREAS SECUNDARIAS/Pruebas planta personal/Acto_administrativo-Crear_puesto/span_ANALISTA CONTABLE' is clicked on

2022-08-08 14:45:25 - [TEST_STEP][PASSED] - selectOptionByIndex(findTestObject("2-OBJECTS TAREAS SECUNDARIAS/Pruebas planta personal/Acto_administrativo-Crear_puesto/select_AMPLEADO"), 2): All options with index in [2] are selected on object 'Object Repository/2-OBJECTS TAREAS SECUNDARIAS/Pruebas planta personal/Acto_administrativo-Crear_puesto/select_AMPLEADO'

2022-08-08 14:45:26 - [MESSAGE][PASSED] - All options with index in [2] are selected on object 'Object Repository/2-OBJECTS TAREAS SECUNDARIAS/Pruebas planta personal/Acto_administrativo-Crear_puesto/select_AMPLEADO'

2022-08-08 14:45:26 - [TEST_STEP][PASSED] - selectOptionByIndex(findTestObject("2-OBJECTS TAREAS SECUNDARIAS/Pruebas planta personal/Acto_administrativo-Crear_puesto/select_2120 HORAS1240 HORAS0NO DEFINIDO"), 2): All options with index in [2] are selected on object 'Object Repository/2-OBJECTS TAREAS SECUNDARIAS/Pruebas planta personal/Acto_administrativo-Crear_puesto/select_2120 HORAS1240 HORAS0NO DEFINIDO'

2022-08-08 14:45:27 - [MESSAGE][PASSED] - All options with index in [2] are selected on object 'Object Repository/2-OBJECTS TAREAS SECUNDARIAS/Pruebas planta personal/Acto_administrativo-Crear_puesto/select_2120 HORAS1240 HORAS0NO DEFINIDO'

2022-08-08 14:45:27 - [TEST_STEP][PASSED] - selectOptionByIndex(findTestObject("2-OBJECTS TAREAS SECUNDARIAS/Pruebas planta personal/Acto_administrativo-Crear_puesto/select_NOMINA MENSUALNOMINA QUINCENAL"), 3): All options with index in [3] are selected on object 'Object Repository/2-OBJECTS TAREAS SECUNDARIAS/Pruebas planta personal/Acto_administrativo-Crear_puesto/select_NOMINA MENSUALNOMINA QUINCENAL'

2022-08-08 14:45:28 - [MESSAGE][PASSED] - All options with index in [3] are selected on object 'Object Repository/2-OBJECTS TAREAS SECUNDARIAS/Pruebas planta personal/Acto_administrativo-Crear_puesto/select_NOMINA MENSUALNOMINA QUINCENAL'

2022-08-08 14:45:28 - [TEST_STEP][PASSED] - selectOptionByIndex(findTestObject("2-OBJECTS TAREAS SECUNDARIAS/Pruebas planta personal/Acto_administrativo-Crear_puesto/select_0.5APRENDIZ ETAPA LECTIVA6APRENDIZ ETAPA PRODUCTIVA96ASISTENTE DE INVESTIGACION11"), 8): All options with index in [8] are selected on object 'Object Repository/2-OBJECTS TAREAS SECUNDARIAS/Pruebas planta personal/Acto_administrativo-Crear_puesto/select_0.5APRENDIZ ETAPA LECTIVA6APRENDIZ ETAPA PRODUCTIVA96ASISTENTE DE INVESTIGACION11'

2022-08-08 14:45:29 - [MESSAGE][PASSED] - All options with index in [8] are selected on object 'Object Repository/2-OBJECTS TAREAS SECUNDARIAS/Pruebas planta personal/Acto_administrativo-Crear_puesto/select_0.5APRENDIZ ETAPA LECTIVA6APRENDIZ ETAPA PRODUCTIVA96ASISTENTE DE INVESTIGACION11'

2022-08-08 14:45:29 - [TEST_STEP][PASSED] - setText(findTestObject("2-OBJECTS TAREAS SECUNDARIAS/Pruebas planta personal/Acto_administrativo-Crear_puesto/input_Sueldo_form_actoMovPlantasueldo"), "1200000"): Text '1200000' is set on object 'Object Repository/2-OBJECTS TAREAS SECUNDARIAS/Pruebas planta personal/Acto_administrativo-Crear_puesto/input_Sueldo_form_actoMovPlantasueldo'

2022-08-08 14:45:30 - [MESSAGE][PASSED] - Text '1200000' is set on object 'Object Repository/2-OBJECTS TAREAS SECUNDARIAS/Pruebas planta personal/Acto_administrativo-Crear_puesto/input_Sueldo_form_actoMovPlantasueldo'

2022-08-08 14:45:30 - [TEST_STEP][PASSED] - click(findTestObject("2-OBJECTS TAREAS SECUNDARIAS/Pruebas planta personal/Acto_administrativo-Crear_puesto/a_Continuar")): Object: 'Object Repository/2-OBJECTS TAREAS SECUNDARIAS/Pruebas planta personal/Acto_administrativo-Crear_puesto/a_Continuar' is clicked on

2022-08-08 14:45:30 - [MESSAGE][PASSED] - Object: 'Object Repository/2-OBJECTS TAREAS SECUNDARIAS/Pruebas planta personal/Acto_administrativo-Crear_puesto/a_Continuar' is clicked on

2022-08-08 14:45:30 - [TEST_STEP][FAILED] - click(findTestObject("2-OBJECTS TAREAS SECUNDARIAS/Pruebas planta personal/Acto_administrativo-Crear_puesto/a_Aplicar")): Unable to click on object 'Object Repository/2-OBJECTS TAREAS SECUNDARIAS/Pruebas planta personal/Acto_administrativo-Crear_puesto/a_Aplicar' (Root cause: com.kms.katalon.core.exception.StepFailedException: Unable to click on object 'Object Repository/2-OBJECTS TAREAS SECUNDARIAS/Pruebas planta personal/Acto_administrativo-Crear_puesto/a_Aplicar'
	at com.kms.katalon.core.webui.keyword.internal.WebUIKeywordMain.stepFailed(WebUIKeywordMain.groovy:64)
	at com.kms.katalon.core.webui.keyword.internal.WebUIKeywordMain.runKeyword(WebUIKeywordMain.groovy:26)
	at com.kms.katalon.core.webui.keyword.builtin.ClickKeyword.click(ClickKeyword.groovy:74)
	at com.kms.katalon.core.webui.keyword.builtin.ClickKeyword.execute(ClickKeyword.groovy:40)
	at com.kms.katalon.core.keyword.internal.KeywordExecutor.executeKeywordForPlatform(KeywordExecutor.groovy:74)
	at com.kms.katalon.core.webui.keyword.WebUiBuiltInKeywords.click(WebUiBuiltInKeywords.groovy:620)
	at com.kms.katalon.core.webui.keyword.WebUiBuiltInKeywords$click$5.call(Unknown Source)
	at 12.2.8-Acto_administrativo-Crear_puesto.run(12.2.8-Acto_administrativo-Crear_puesto:67)
	at com.kms.katalon.core.main.ScriptEngine.run(ScriptEngine.java:194)
	at com.kms.katalon.core.main.ScriptEngine.runScriptAsRawText(ScriptEngine.java:119)
	at com.kms.katalon.core.main.TestCaseExecutor.runScript(TestCaseExecutor.java:445)
	at com.kms.katalon.core.main.TestCaseExecutor.doExecute(TestCaseExecutor.java:436)
	at com.kms.katalon.core.main.TestCaseExecutor.processExecutionPhase(TestCaseExecutor.java:415)
	at com.kms.katalon.core.main.TestCaseExecutor.accessMainPhase(TestCaseExecutor.java:407)
	at com.kms.katalon.core.main.TestCaseExecutor.execute(TestCaseExecutor.java:284)
	at com.kms.katalon.core.common.CommonExecutor.accessTestCaseMainPhase(CommonExecutor.java:65)
	at com.kms.katalon.core.main.TestSuiteExecutor.accessTestSuiteMainPhase(TestSuiteExecutor.java:144)
	at com.kms.katalon.core.main.TestSuiteExecutor.execute(TestSuiteExecutor.java:106)
	at com.kms.katalon.core.main.TestCaseMain.startTestSuite(TestCaseMain.java:185)
	at com.kms.katalon.core.main.TestCaseMain$startTestSuite$0.call(Unknown Source)
	at TempTestSuite1659987462795.run(TempTestSuite1659987462795.groovy:36)
Caused by: com.kms.katalon.core.webui.exception.WebElementNotFoundException: Web element with id: 'Object Repository/2-OBJECTS TAREAS SECUNDARIAS/Pruebas planta personal/Acto_administrativo-Crear_puesto/a_Aplicar' located by '(//a[contains(text(),'Aplicar')])[2]' not found
	at com.kms.katalon.core.webui.common.WebUiCommonHelper.findWebElement(WebUiCommonHelper.java:1370)
	at com.kms.katalon.core.webui.keyword.internal.WebUIAbstractKeyword.findWebElement(WebUIAbstractKeyword.groovy:27)
	at com.kms.katalon.core.webui.keyword.builtin.ClickKeyword$_click_closure1.doCall(ClickKeyword.groovy:65)
	at com.kms.katalon.core.webui.keyword.builtin.ClickKeyword$_click_closure1.call(ClickKeyword.groovy)
	at com.kms.katalon.core.webui.keyword.internal.WebUIKeywordMain.runKeyword(WebUIKeywordMain.groovy:20)
	at com.kms.katalon.core.webui.keyword.builtin.ClickKeyword.click(ClickKeyword.groovy:74)
	at com.kms.katalon.core.webui.keyword.builtin.ClickKeyword.execute(ClickKeyword.groovy:40)
	at com.kms.katalon.core.keyword.internal.KeywordExecutor.executeKeywordForPlatform(KeywordExecutor.groovy:74)
	at com.kms.katalon.core.webui.keyword.WebUiBuiltInKeywords.click(WebUiBuiltInKeywords.groovy:620)
	at com.kms.katalon.core.webui.keyword.WebUiBuiltInKeywords$click$5.call(Unknown Source)
	at Script1648474008123.run(Script1648474008123.groovy:67)
	... 13 more
)

2022-08-08 14:46:09 - [MESSAGE][INFO] - Unable to find the element located by 'By.xpath: (//a[contains(text(),'Aplicar')])[2]'. Please recheck the objects properties to make sure the desired element is located. 

2022-08-08 14:46:09 - [MESSAGE][FAILED] - Unable to click on object 'Object Repository/2-OBJECTS TAREAS SECUNDARIAS/Pruebas planta personal/Acto_administrativo-Crear_puesto/a_Aplicar' (Root cause: com.kms.katalon.core.exception.StepFailedException: Unable to click on object 'Object Repository/2-OBJECTS TAREAS SECUNDARIAS/Pruebas planta personal/Acto_administrativo-Crear_puesto/a_Aplicar'
	at com.kms.katalon.core.webui.keyword.internal.WebUIKeywordMain.stepFailed(WebUIKeywordMain.groovy:64)
	at com.kms.katalon.core.webui.keyword.internal.WebUIKeywordMain.runKeyword(WebUIKeywordMain.groovy:26)
	at com.kms.katalon.core.webui.keyword.builtin.ClickKeyword.click(ClickKeyword.groovy:74)
	at com.kms.katalon.core.webui.keyword.builtin.ClickKeyword.execute(ClickKeyword.groovy:40)
	at com.kms.katalon.core.keyword.internal.KeywordExecutor.executeKeywordForPlatform(KeywordExecutor.groovy:74)
	at com.kms.katalon.core.webui.keyword.WebUiBuiltInKeywords.click(WebUiBuiltInKeywords.groovy:620)
	at com.kms.katalon.core.webui.keyword.WebUiBuiltInKeywords$click$5.call(Unknown Source)
	at 12.2.8-Acto_administrativo-Crear_puesto.run(12.2.8-Acto_administrativo-Crear_puesto:67)
	at com.kms.katalon.core.main.ScriptEngine.run(ScriptEngine.java:194)
	at com.kms.katalon.core.main.ScriptEngine.runScriptAsRawText(ScriptEngine.java:119)
	at com.kms.katalon.core.main.TestCaseExecutor.runScript(TestCaseExecutor.java:445)
	at com.kms.katalon.core.main.TestCaseExecutor.doExecute(TestCaseExecutor.java:436)
	at com.kms.katalon.core.main.TestCaseExecutor.processExecutionPhase(TestCaseExecutor.java:415)
	at com.kms.katalon.core.main.TestCaseExecutor.accessMainPhase(TestCaseExecutor.java:407)
	at com.kms.katalon.core.main.TestCaseExecutor.execute(TestCaseExecutor.java:284)
	at com.kms.katalon.core.common.CommonExecutor.accessTestCaseMainPhase(CommonExecutor.java:65)
	at com.kms.katalon.core.main.TestSuiteExecutor.accessTestSuiteMainPhase(TestSuiteExecutor.java:144)
	at com.kms.katalon.core.main.TestSuiteExecutor.execute(TestSuiteExecutor.java:106)
	at com.kms.katalon.core.main.TestCaseMain.startTestSuite(TestCaseMain.java:185)
	at com.kms.katalon.core.main.TestCaseMain$startTestSuite$0.call(Unknown Source)
	at TempTestSuite1659987462795.run(TempTestSuite1659987462795.groovy:36)
Caused by: com.kms.katalon.core.webui.exception.WebElementNotFoundException: Web element with id: 'Object Repository/2-OBJECTS TAREAS SECUNDARIAS/Pruebas planta personal/Acto_administrativo-Crear_puesto/a_Aplicar' located by '(//a[contains(text(),'Aplicar')])[2]' not found
	at com.kms.katalon.core.webui.common.WebUiCommonHelper.findWebElement(WebUiCommonHelper.java:1370)
	at com.kms.katalon.core.webui.keyword.internal.WebUIAbstractKeyword.findWebElement(WebUIAbstractKeyword.groovy:27)
	at com.kms.katalon.core.webui.keyword.builtin.ClickKeyword$_click_closure1.doCall(ClickKeyword.groovy:65)
	at com.kms.katalon.core.webui.keyword.builtin.ClickKeyword$_click_closure1.call(ClickKeyword.groovy)
	at com.kms.katalon.core.webui.keyword.internal.WebUIKeywordMain.runKeyword(WebUIKeywordMain.groovy:20)
	at com.kms.katalon.core.webui.keyword.builtin.ClickKeyword.click(ClickKeyword.groovy:74)
	at com.kms.katalon.core.webui.keyword.builtin.ClickKeyword.execute(ClickKeyword.groovy:40)
	at com.kms.katalon.core.keyword.internal.KeywordExecutor.executeKeywordForPlatform(KeywordExecutor.groovy:74)
	at com.kms.katalon.core.webui.keyword.WebUiBuiltInKeywords.click(WebUiBuiltInKeywords.groovy:620)
	at com.kms.katalon.core.webui.keyword.WebUiBuiltInKeywords$click$5.call(Unknown Source)
	at Script1648474008123.run(Script1648474008123.groovy:67)
	... 13 more
)
[[ATTACHMENT|C:\\Users\\diego.rojas\\git\\Pruebas-Minimas\\Reports\\20220808_143742\\Test_Suite_Secundaria\\A2-Pruebas_Planta_Personal\\20220808_143742\\1659987969467.png]]]]></system-out>
         <system-err><![CDATA[2022-08-08 14:45:10 - [TEST_CASE][FAILED] - Test Cases/1.2-Tareas_Secundarias/A.2-Pruebas_planta_personal/12.2.8-Acto_administrativo-Crear_puesto: Test Cases/1.2-Tareas_Secundarias/A.2-Pruebas_planta_personal/12.2.8-Acto_administrativo-Crear_puesto FAILED.
Reason:
com.kms.katalon.core.exception.StepFailedException: Unable to click on object 'Object Repository/2-OBJECTS TAREAS SECUNDARIAS/Pruebas planta personal/Acto_administrativo-Crear_puesto/a_Aplicar'
	at com.kms.katalon.core.webui.keyword.internal.WebUIKeywordMain.stepFailed(WebUIKeywordMain.groovy:64)
	at com.kms.katalon.core.webui.keyword.internal.WebUIKeywordMain.runKeyword(WebUIKeywordMain.groovy:26)
	at com.kms.katalon.core.webui.keyword.builtin.ClickKeyword.click(ClickKeyword.groovy:74)
	at com.kms.katalon.core.webui.keyword.builtin.ClickKeyword.execute(ClickKeyword.groovy:40)
	at com.kms.katalon.core.keyword.internal.KeywordExecutor.executeKeywordForPlatform(KeywordExecutor.groovy:74)
	at com.kms.katalon.core.webui.keyword.WebUiBuiltInKeywords.click(WebUiBuiltInKeywords.groovy:620)
	at com.kms.katalon.core.webui.keyword.WebUiBuiltInKeywords$click$5.call(Unknown Source)
	at 12.2.8-Acto_administrativo-Crear_puesto.run(12.2.8-Acto_administrativo-Crear_puesto:67)
	at com.kms.katalon.core.main.ScriptEngine.run(ScriptEngine.java:194)
	at com.kms.katalon.core.main.ScriptEngine.runScriptAsRawText(ScriptEngine.java:119)
	at com.kms.katalon.core.main.TestCaseExecutor.runScript(TestCaseExecutor.java:445)
	at com.kms.katalon.core.main.TestCaseExecutor.doExecute(TestCaseExecutor.java:436)
	at com.kms.katalon.core.main.TestCaseExecutor.processExecutionPhase(TestCaseExecutor.java:415)
	at com.kms.katalon.core.main.TestCaseExecutor.accessMainPhase(TestCaseExecutor.java:407)
	at com.kms.katalon.core.main.TestCaseExecutor.execute(TestCaseExecutor.java:284)
	at com.kms.katalon.core.common.CommonExecutor.accessTestCaseMainPhase(CommonExecutor.java:65)
	at com.kms.katalon.core.main.TestSuiteExecutor.accessTestSuiteMainPhase(TestSuiteExecutor.java:144)
	at com.kms.katalon.core.main.TestSuiteExecutor.execute(TestSuiteExecutor.java:106)
	at com.kms.katalon.core.main.TestCaseMain.startTestSuite(TestCaseMain.java:185)
	at com.kms.katalon.core.main.TestCaseMain$startTestSuite$0.call(Unknown Source)
	at TempTestSuite1659987462795.run(TempTestSuite1659987462795.groovy:36)
Caused by: com.kms.katalon.core.webui.exception.WebElementNotFoundException: Web element with id: 'Object Repository/2-OBJECTS TAREAS SECUNDARIAS/Pruebas planta personal/Acto_administrativo-Crear_puesto/a_Aplicar' located by '(//a[contains(text(),'Aplicar')])[2]' not found
	at com.kms.katalon.core.webui.common.WebUiCommonHelper.findWebElement(WebUiCommonHelper.java:1370)
	at com.kms.katalon.core.webui.keyword.internal.WebUIAbstractKeyword.findWebElement(WebUIAbstractKeyword.groovy:27)
	at com.kms.katalon.core.webui.keyword.builtin.ClickKeyword$_click_closure1.doCall(ClickKeyword.groovy:65)
	at com.kms.katalon.core.webui.keyword.builtin.ClickKeyword$_click_closure1.call(ClickKeyword.groovy)
	at com.kms.katalon.core.webui.keyword.internal.WebUIKeywordMain.runKeyword(WebUIKeywordMain.groovy:20)
	... 19 more]]></system-err>
      </testcase>
      <testcase name="Test Cases/1.2-Tareas_Secundarias/A.2-Pruebas_planta_personal/12.2.9-Acto_administrativo-Traslado_puesto" time="58.809" classname="Test Cases/1.2-Tareas_Secundarias/A.2-Pruebas_planta_personal/12.2.9-Acto_administrativo-Traslado_puesto" status="FAILED">
         <failure type="FAILED" message="Test Cases/1.2-Tareas_Secundarias/A.2-Pruebas_planta_personal/12.2.9-Acto_administrativo-Traslado_puesto FAILED.
Reason:
com.kms.katalon.core.exception.StepFailedException: Unable to click on object 'Object Repository/2-OBJECTS TAREAS SECUNDARIAS/Pruebas planta personal/Acto_administrativo-Traslado_puesto/a_Aplicar'
	at com.kms.katalon.core.webui.keyword.internal.WebUIKeywordMain.stepFailed(WebUIKeywordMain.groovy:64)
	at com.kms.katalon.core.webui.keyword.internal.WebUIKeywordMain.runKeyword(WebUIKeywordMain.groovy:26)
	at com.kms.katalon.core.webui.keyword.builtin.ClickKeyword.click(ClickKeyword.groovy:74)
	at com.kms.katalon.core.webui.keyword.builtin.ClickKeyword.execute(ClickKeyword.groovy:40)
	at com.kms.katalon.core.keyword.internal.KeywordExecutor.executeKeywordForPlatform(KeywordExecutor.groovy:74)
	at com.kms.katalon.core.webui.keyword.WebUiBuiltInKeywords.click(WebUiBuiltInKeywords.groovy:620)
	at com.kms.katalon.core.webui.keyword.WebUiBuiltInKeywords$click$5.call(Unknown Source)
	at 12.2.9-Acto_administrativo-Traslado_puesto.run(12.2.9-Acto_administrativo-Traslado_puesto:77)
	at com.kms.katalon.core.main.ScriptEngine.run(ScriptEngine.java:194)
	at com.kms.katalon.core.main.ScriptEngine.runScriptAsRawText(ScriptEngine.java:119)
	at com.kms.katalon.core.main.TestCaseExecutor.runScript(TestCaseExecutor.java:445)
	at com.kms.katalon.core.main.TestCaseExecutor.doExecute(TestCaseExecutor.java:436)
	at com.kms.katalon.core.main.TestCaseExecutor.processExecutionPhase(TestCaseExecutor.java:415)
	at com.kms.katalon.core.main.TestCaseExecutor.accessMainPhase(TestCaseExecutor.java:407)
	at com.kms.katalon.core.main.TestCaseExecutor.execute(TestCaseExecutor.java:284)
	at com.kms.katalon.core.common.CommonExecutor.accessTestCaseMainPhase(CommonExecutor.java:65)
	at com.kms.katalon.core.main.TestSuiteExecutor.accessTestSuiteMainPhase(TestSuiteExecutor.java:144)
	at com.kms.katalon.core.main.TestSuiteExecutor.execute(TestSuiteExecutor.java:106)
	at com.kms.katalon.core.main.TestCaseMain.startTestSuite(TestCaseMain.java:185)
	at com.kms.katalon.core.main.TestCaseMain$startTestSuite$0.call(Unknown Source)
	at TempTestSuite1659987462795.run(TempTestSuite1659987462795.groovy:36)
Caused by: com.kms.katalon.core.webui.exception.WebElementNotFoundException: Web element with id: 'Object Repository/2-OBJECTS TAREAS SECUNDARIAS/Pruebas planta personal/Acto_administrativo-Traslado_puesto/a_Aplicar' located by '(//a[contains(text(),'Aplicar')])[2]' not found
	at com.kms.katalon.core.webui.common.WebUiCommonHelper.findWebElement(WebUiCommonHelper.java:1370)
	at com.kms.katalon.core.webui.keyword.internal.WebUIAbstractKeyword.findWebElement(WebUIAbstractKeyword.groovy:27)
	at com.kms.katalon.core.webui.keyword.builtin.ClickKeyword$_click_closure1.doCall(ClickKeyword.groovy:65)
	at com.kms.katalon.core.webui.keyword.builtin.ClickKeyword$_click_closure1.call(ClickKeyword.groovy)
	at com.kms.katalon.core.webui.keyword.internal.WebUIKeywordMain.runKeyword(WebUIKeywordMain.groovy:20)
	... 19 more
"/>
         <system-out><![CDATA[2022-08-08 14:46:09 - [TEST_CASE][FAILED] - Test Cases/1.2-Tareas_Secundarias/A.2-Pruebas_planta_personal/12.2.9-Acto_administrativo-Traslado_puesto: Test Cases/1.2-Tareas_Secundarias/A.2-Pruebas_planta_personal/12.2.9-Acto_administrativo-Traslado_puesto FAILED.
Reason:
com.kms.katalon.core.exception.StepFailedException: Unable to click on object 'Object Repository/2-OBJECTS TAREAS SECUNDARIAS/Pruebas planta personal/Acto_administrativo-Traslado_puesto/a_Aplicar'
	at com.kms.katalon.core.webui.keyword.internal.WebUIKeywordMain.stepFailed(WebUIKeywordMain.groovy:64)
	at com.kms.katalon.core.webui.keyword.internal.WebUIKeywordMain.runKeyword(WebUIKeywordMain.groovy:26)
	at com.kms.katalon.core.webui.keyword.builtin.ClickKeyword.click(ClickKeyword.groovy:74)
	at com.kms.katalon.core.webui.keyword.builtin.ClickKeyword.execute(ClickKeyword.groovy:40)
	at com.kms.katalon.core.keyword.internal.KeywordExecutor.executeKeywordForPlatform(KeywordExecutor.groovy:74)
	at com.kms.katalon.core.webui.keyword.WebUiBuiltInKeywords.click(WebUiBuiltInKeywords.groovy:620)
	at com.kms.katalon.core.webui.keyword.WebUiBuiltInKeywords$click$5.call(Unknown Source)
	at 12.2.9-Acto_administrativo-Traslado_puesto.run(12.2.9-Acto_administrativo-Traslado_puesto:77)
	at com.kms.katalon.core.main.ScriptEngine.run(ScriptEngine.java:194)
	at com.kms.katalon.core.main.ScriptEngine.runScriptAsRawText(ScriptEngine.java:119)
	at com.kms.katalon.core.main.TestCaseExecutor.runScript(TestCaseExecutor.java:445)
	at com.kms.katalon.core.main.TestCaseExecutor.doExecute(TestCaseExecutor.java:436)
	at com.kms.katalon.core.main.TestCaseExecutor.processExecutionPhase(TestCaseExecutor.java:415)
	at com.kms.katalon.core.main.TestCaseExecutor.accessMainPhase(TestCaseExecutor.java:407)
	at com.kms.katalon.core.main.TestCaseExecutor.execute(TestCaseExecutor.java:284)
	at com.kms.katalon.core.common.CommonExecutor.accessTestCaseMainPhase(CommonExecutor.java:65)
	at com.kms.katalon.core.main.TestSuiteExecutor.accessTestSuiteMainPhase(TestSuiteExecutor.java:144)
	at com.kms.katalon.core.main.TestSuiteExecutor.execute(TestSuiteExecutor.java:106)
	at com.kms.katalon.core.main.TestCaseMain.startTestSuite(TestCaseMain.java:185)
	at com.kms.katalon.core.main.TestCaseMain$startTestSuite$0.call(Unknown Source)
	at TempTestSuite1659987462795.run(TempTestSuite1659987462795.groovy:36)
Caused by: com.kms.katalon.core.webui.exception.WebElementNotFoundException: Web element with id: 'Object Repository/2-OBJECTS TAREAS SECUNDARIAS/Pruebas planta personal/Acto_administrativo-Traslado_puesto/a_Aplicar' located by '(//a[contains(text(),'Aplicar')])[2]' not found
	at com.kms.katalon.core.webui.common.WebUiCommonHelper.findWebElement(WebUiCommonHelper.java:1370)
	at com.kms.katalon.core.webui.keyword.internal.WebUIAbstractKeyword.findWebElement(WebUIAbstractKeyword.groovy:27)
	at com.kms.katalon.core.webui.keyword.builtin.ClickKeyword$_click_closure1.doCall(ClickKeyword.groovy:65)
	at com.kms.katalon.core.webui.keyword.builtin.ClickKeyword$_click_closure1.call(ClickKeyword.groovy)
	at com.kms.katalon.core.webui.keyword.internal.WebUIKeywordMain.runKeyword(WebUIKeywordMain.groovy:20)
	... 19 more


2022-08-08 14:46:10 - [TEST_STEP][PASSED] - today = new java.util.Date(): null

2022-08-08 14:46:10 - [TEST_STEP][PASSED] - Dia = today.format("dd"): null

2022-08-08 14:46:10 - [TEST_STEP][PASSED] - Mes = today.format("MM"): null

2022-08-08 14:46:10 - [TEST_STEP][PASSED] - Año = today.format("yyy"): null

2022-08-08 14:46:10 - [TEST_STEP][PASSED] - Fecha = Dia + "/" + Mes + "/" + Año: null

2022-08-08 14:46:10 - [TEST_STEP][PASSED] - callTestCase(findTestCase("0.1-Login"), [:], STOP_ON_FAILURE): Call Test Case 'Test Cases/0.1-Login' successfully

2022-08-08 14:46:10 - [TEST_CASE][PASSED] - Test Cases/0.1-Login: Test Cases/0.1-Login

2022-08-08 14:46:10 - [TEST_STEP][PASSED] - openBrowser(""): Browser is opened with url: ''

2022-08-08 14:46:10 - [MESSAGE][WARNING] - A browser is already opened. Closing browser and opening a new one

2022-08-08 14:46:11 - [MESSAGE][INFO] - Starting 'Chrome' driver

2022-08-08 14:46:11 - [MESSAGE][INFO] - Action delay is set to 0 milliseconds

2022-08-08 14:46:12 - [MESSAGE][PASSED] - Browser is opened with url: ''

2022-08-08 14:46:12 - [TEST_STEP][PASSED] - maximizeWindow(): Current window maximized

2022-08-08 14:46:12 - [MESSAGE][PASSED] - Current window maximized

2022-08-08 14:46:12 - [TEST_STEP][PASSED] - i = G_Login: null

2022-08-08 14:46:12 - [TEST_STEP][PASSED] - url = new java.net.URL(i): null

2022-08-08 14:46:12 - [TEST_STEP][PASSED] - println("URL: " + url.toString()): null

2022-08-08 14:46:12 - [TEST_STEP][PASSED] - connection = url.openConnection(): null

2022-08-08 14:46:12 - [TEST_STEP][PASSED] - connection.setRequestMethod("GET"): null

2022-08-08 14:46:12 - [TEST_STEP][PASSED] - connection.setReadTimeout(2 * 1000): null

2022-08-08 14:46:12 - [TEST_STEP][PASSED] - try: null

2022-08-08 14:46:12 - [TEST_STEP][PASSED] - connection.connect(): null

2022-08-08 14:46:12 - [TEST_STEP][PASSED] - flag = connected: null

2022-08-08 14:46:12 - [TEST_STEP][PASSED] - println("Valor_ori: " + flag): null

2022-08-08 14:46:12 - [TEST_STEP][PASSED] - if (flag): null

2022-08-08 14:46:12 - [TEST_STEP][PASSED] - navigateToUrl(i): Navigate to 'http://192.168.2.19:8380/saraweb' successfully

2022-08-08 14:46:13 - [MESSAGE][PASSED] - Navigate to 'http://192.168.2.19:8380/saraweb' successfully

2022-08-08 14:46:13 - [TEST_STEP][PASSED] - a(): null

2022-08-08 14:46:13 - [TEST_STEP][PASSED] - setText(findTestObject("3-OBJECTS UTILIDADES/Login/input_USUARIO_loginusuario"), G_Usuario): Text 'saraadmin' is set on object 'Object Repository/3-OBJECTS UTILIDADES/Login/input_USUARIO_loginusuario'

2022-08-08 14:46:14 - [MESSAGE][PASSED] - Text 'saraadmin' is set on object 'Object Repository/3-OBJECTS UTILIDADES/Login/input_USUARIO_loginusuario'

2022-08-08 14:46:14 - [TEST_STEP][PASSED] - setEncryptedText(findTestObject("3-OBJECTS UTILIDADES/Login/input_CLAVE_loginpassword"), "MkG4/TYiCFC3cb2driP7+Q=="): Text ****** has been set on object 'Object Repository/3-OBJECTS UTILIDADES/Login/input_CLAVE_loginpassword'

2022-08-08 14:46:14 - [MESSAGE][PASSED] - Text ****** has been set on object 'Object Repository/3-OBJECTS UTILIDADES/Login/input_CLAVE_loginpassword'

2022-08-08 14:46:14 - [TEST_STEP][PASSED] - waitForElementClickable(findTestObject("3-OBJECTS UTILIDADES/Login/a_Ingresar"), G_TimeOut): Object 'Object Repository/3-OBJECTS UTILIDADES/Login/a_Ingresar' is clickable

2022-08-08 14:46:14 - [MESSAGE][PASSED] - Object 'Object Repository/3-OBJECTS UTILIDADES/Login/a_Ingresar' is clickable

2022-08-08 14:46:14 - [TEST_STEP][PASSED] - click(findTestObject("3-OBJECTS UTILIDADES/Login/a_Ingresar")): Object: 'Object Repository/3-OBJECTS UTILIDADES/Login/a_Ingresar' is clicked on

2022-08-08 14:46:16 - [MESSAGE][PASSED] - Object: 'Object Repository/3-OBJECTS UTILIDADES/Login/a_Ingresar' is clicked on

2022-08-08 14:46:16 - [TEST_STEP][PASSED] - element = findWebElement(findTestObject("3-OBJECTS UTILIDADES/Login/a_Ir"), 30): null

2022-08-08 14:46:16 - [TEST_STEP][PASSED] - executeJavaScript("arguments[0].click()", Arrays.asList(element)): Execute JavaScript 'arguments[0].click()' successfully

2022-08-08 14:46:17 - [MESSAGE][PASSED] - Execute JavaScript 'arguments[0].click()' successfully

2022-08-08 14:46:17 - [MESSAGE][PASSED] - Call Test Case 'Test Cases/0.1-Login' successfully

2022-08-08 14:46:17 - [TEST_STEP][PASSED] - setText(findTestObject("2-OBJECTS TAREAS SECUNDARIAS/Pruebas planta personal/Acto_administrativo-Traslado_puesto/input_Empresa 1_form_templatej_idt24_input"), "Actos administrativos"): Text 'Actos administrativos' is set on object 'Object Repository/2-OBJECTS TAREAS SECUNDARIAS/Pruebas planta personal/Acto_administrativo-Traslado_puesto/input_Empresa 1_form_templatej_idt24_input'

2022-08-08 14:46:17 - [MESSAGE][PASSED] - Text 'Actos administrativos' is set on object 'Object Repository/2-OBJECTS TAREAS SECUNDARIAS/Pruebas planta personal/Acto_administrativo-Traslado_puesto/input_Empresa 1_form_templatej_idt24_input'

2022-08-08 14:46:17 - [TEST_STEP][PASSED] - click(findTestObject("2-OBJECTS TAREAS SECUNDARIAS/Pruebas planta personal/Acto_administrativo-Traslado_puesto/span_Actos Administrativos")): Object: 'Object Repository/2-OBJECTS TAREAS SECUNDARIAS/Pruebas planta personal/Acto_administrativo-Traslado_puesto/span_Actos Administrativos' is clicked on

2022-08-08 14:46:19 - [MESSAGE][PASSED] - Object: 'Object Repository/2-OBJECTS TAREAS SECUNDARIAS/Pruebas planta personal/Acto_administrativo-Traslado_puesto/span_Actos Administrativos' is clicked on

2022-08-08 14:46:19 - [TEST_STEP][PASSED] - click(findTestObject("2-OBJECTS TAREAS SECUNDARIAS/Pruebas planta personal/Acto_administrativo-Traslado_puesto/i_Actos Ausencia_glyphicons glyphicons-user-structure x3 icon-acto")): Object: 'Object Repository/2-OBJECTS TAREAS SECUNDARIAS/Pruebas planta personal/Acto_administrativo-Traslado_puesto/i_Actos Ausencia_glyphicons glyphicons-user-structure x3 icon-acto' is clicked on

2022-08-08 14:46:20 - [MESSAGE][PASSED] - Object: 'Object Repository/2-OBJECTS TAREAS SECUNDARIAS/Pruebas planta personal/Acto_administrativo-Traslado_puesto/i_Actos Ausencia_glyphicons glyphicons-user-structure x3 icon-acto' is clicked on

2022-08-08 14:46:20 - [TEST_STEP][PASSED] - click(findTestObject("2-OBJECTS TAREAS SECUNDARIAS/Pruebas planta personal/Acto_administrativo-Traslado_puesto/a_Acto Movimento de planta_form_ActosAdministrativostabla_principal_10j_idt79")): Object: 'Object Repository/2-OBJECTS TAREAS SECUNDARIAS/Pruebas planta personal/Acto_administrativo-Traslado_puesto/a_Acto Movimento de planta_form_ActosAdministrativostabla_principal_10j_idt79' is clicked on

2022-08-08 14:46:20 - [MESSAGE][PASSED] - Object: 'Object Repository/2-OBJECTS TAREAS SECUNDARIAS/Pruebas planta personal/Acto_administrativo-Traslado_puesto/a_Acto Movimento de planta_form_ActosAdministrativostabla_principal_10j_idt79' is clicked on

2022-08-08 14:46:20 - [TEST_STEP][PASSED] - click(findTestObject("2-OBJECTS TAREAS SECUNDARIAS/Pruebas planta personal/Acto_administrativo-Traslado_puesto/span_movimiento de planta traslado puesto de trabajo")): Object: 'Object Repository/2-OBJECTS TAREAS SECUNDARIAS/Pruebas planta personal/Acto_administrativo-Traslado_puesto/span_movimiento de planta traslado puesto de trabajo' is clicked on

2022-08-08 14:46:21 - [MESSAGE][PASSED] - Object: 'Object Repository/2-OBJECTS TAREAS SECUNDARIAS/Pruebas planta personal/Acto_administrativo-Traslado_puesto/span_movimiento de planta traslado puesto de trabajo' is clicked on

2022-08-08 14:46:21 - [TEST_STEP][PASSED] - click(findTestObject("2-OBJECTS TAREAS SECUNDARIAS/Pruebas planta personal/Acto_administrativo-Traslado_puesto/a_Elaboracin_form_popupSeleccionDerogarj_idt138")): Object: 'Object Repository/2-OBJECTS TAREAS SECUNDARIAS/Pruebas planta personal/Acto_administrativo-Traslado_puesto/a_Elaboracin_form_popupSeleccionDerogarj_idt138' is clicked on

2022-08-08 14:46:21 - [MESSAGE][PASSED] - Object: 'Object Repository/2-OBJECTS TAREAS SECUNDARIAS/Pruebas planta personal/Acto_administrativo-Traslado_puesto/a_Elaboracin_form_popupSeleccionDerogarj_idt138' is clicked on

2022-08-08 14:46:21 - [TEST_STEP][PASSED] - setText(findTestObject("2-OBJECTS TAREAS SECUNDARIAS/Pruebas planta personal/Acto_administrativo-Traslado_puesto/input__form_actoMovPlantaLiberaTransladaj_idt20880idTexto"), "5"): Text '5' is set on object 'Object Repository/2-OBJECTS TAREAS SECUNDARIAS/Pruebas planta personal/Acto_administrativo-Traslado_puesto/input__form_actoMovPlantaLiberaTransladaj_idt20880idTexto'

2022-08-08 14:46:22 - [MESSAGE][PASSED] - Text '5' is set on object 'Object Repository/2-OBJECTS TAREAS SECUNDARIAS/Pruebas planta personal/Acto_administrativo-Traslado_puesto/input__form_actoMovPlantaLiberaTransladaj_idt20880idTexto'

2022-08-08 14:46:22 - [TEST_STEP][PASSED] - setText(findTestObject("2-OBJECTS TAREAS SECUNDARIAS/Pruebas planta personal/Acto_administrativo-Traslado_puesto/input__form_actoMovPlantaLiberaTransladaj_idt20881fecha_input"), Fecha): Text '08/08/2022' is set on object 'Object Repository/2-OBJECTS TAREAS SECUNDARIAS/Pruebas planta personal/Acto_administrativo-Traslado_puesto/input__form_actoMovPlantaLiberaTransladaj_idt20881fecha_input'

2022-08-08 14:46:23 - [MESSAGE][PASSED] - Text '08/08/2022' is set on object 'Object Repository/2-OBJECTS TAREAS SECUNDARIAS/Pruebas planta personal/Acto_administrativo-Traslado_puesto/input__form_actoMovPlantaLiberaTransladaj_idt20881fecha_input'

2022-08-08 14:46:23 - [TEST_STEP][PASSED] - click(findTestObject("2-OBJECTS TAREAS SECUNDARIAS/Pruebas planta personal/Acto_administrativo-Traslado_puesto/a_Unidad Organizacional_form_actoMovPlantaLiberaTransladaunidad_antes")): Object: 'Object Repository/2-OBJECTS TAREAS SECUNDARIAS/Pruebas planta personal/Acto_administrativo-Traslado_puesto/a_Unidad Organizacional_form_actoMovPlantaLiberaTransladaunidad_antes' is clicked on

2022-08-08 14:46:24 - [MESSAGE][PASSED] - Object: 'Object Repository/2-OBJECTS TAREAS SECUNDARIAS/Pruebas planta personal/Acto_administrativo-Traslado_puesto/a_Unidad Organizacional_form_actoMovPlantaLiberaTransladaunidad_antes' is clicked on

2022-08-08 14:46:24 - [TEST_STEP][PASSED] - setText(findTestObject("2-OBJECTS TAREAS SECUNDARIAS/Pruebas planta personal/Acto_administrativo-Traslado_puesto/input_Unidad_form_popupUnidadUsuarioj_idt1425"), "A1"): Text 'A1' is set on object 'Object Repository/2-OBJECTS TAREAS SECUNDARIAS/Pruebas planta personal/Acto_administrativo-Traslado_puesto/input_Unidad_form_popupUnidadUsuarioj_idt1425'

2022-08-08 14:46:25 - [MESSAGE][PASSED] - Text 'A1' is set on object 'Object Repository/2-OBJECTS TAREAS SECUNDARIAS/Pruebas planta personal/Acto_administrativo-Traslado_puesto/input_Unidad_form_popupUnidadUsuarioj_idt1425'

2022-08-08 14:46:25 - [TEST_STEP][PASSED] - sendKeys(findTestObject("2-OBJECTS TAREAS SECUNDARIAS/Pruebas planta personal/Acto_administrativo-Traslado_puesto/input_Unidad_form_popupUnidadUsuarioj_idt1425"), Keys.chord(ENTER)): Keys 'ENTER + ' sent to object: 'Object Repository/2-OBJECTS TAREAS SECUNDARIAS/Pruebas planta personal/Acto_administrativo-Traslado_puesto/input_Unidad_form_popupUnidadUsuarioj_idt1425'

2022-08-08 14:46:25 - [MESSAGE][PASSED] - Keys 'ENTER + ' sent to object: 'Object Repository/2-OBJECTS TAREAS SECUNDARIAS/Pruebas planta personal/Acto_administrativo-Traslado_puesto/input_Unidad_form_popupUnidadUsuarioj_idt1425'

2022-08-08 14:46:25 - [TEST_STEP][PASSED] - click(findTestObject("2-OBJECTS TAREAS SECUNDARIAS/Pruebas planta personal/Acto_administrativo-Traslado_puesto/span_ADMINISTRACION")): Object: 'Object Repository/2-OBJECTS TAREAS SECUNDARIAS/Pruebas planta personal/Acto_administrativo-Traslado_puesto/span_ADMINISTRACION' is clicked on

2022-08-08 14:46:26 - [MESSAGE][PASSED] - Object: 'Object Repository/2-OBJECTS TAREAS SECUNDARIAS/Pruebas planta personal/Acto_administrativo-Traslado_puesto/span_ADMINISTRACION' is clicked on

2022-08-08 14:46:26 - [TEST_STEP][PASSED] - click(findTestObject("2-OBJECTS TAREAS SECUNDARIAS/Pruebas planta personal/Acto_administrativo-Traslado_puesto/a_Cargo_form_actoMovPlantaLiberaTransladacargo_antes")): Object: 'Object Repository/2-OBJECTS TAREAS SECUNDARIAS/Pruebas planta personal/Acto_administrativo-Traslado_puesto/a_Cargo_form_actoMovPlantaLiberaTransladacargo_antes' is clicked on

2022-08-08 14:46:26 - [MESSAGE][PASSED] - Object: 'Object Repository/2-OBJECTS TAREAS SECUNDARIAS/Pruebas planta personal/Acto_administrativo-Traslado_puesto/a_Cargo_form_actoMovPlantaLiberaTransladacargo_antes' is clicked on

2022-08-08 14:46:26 - [TEST_STEP][PASSED] - click(findTestObject("2-OBJECTS TAREAS SECUNDARIAS/Pruebas planta personal/Acto_administrativo-Traslado_puesto/span_ANALISTA CONTABLE")): Object: 'Object Repository/2-OBJECTS TAREAS SECUNDARIAS/Pruebas planta personal/Acto_administrativo-Traslado_puesto/span_ANALISTA CONTABLE' is clicked on

2022-08-08 14:46:27 - [MESSAGE][PASSED] - Object: 'Object Repository/2-OBJECTS TAREAS SECUNDARIAS/Pruebas planta personal/Acto_administrativo-Traslado_puesto/span_ANALISTA CONTABLE' is clicked on

2022-08-08 14:46:27 - [TEST_STEP][PASSED] - click(findTestObject("2-OBJECTS TAREAS SECUNDARIAS/Pruebas planta personal/Acto_administrativo-Traslado_puesto/a_Continuar")): Object: 'Object Repository/2-OBJECTS TAREAS SECUNDARIAS/Pruebas planta personal/Acto_administrativo-Traslado_puesto/a_Continuar' is clicked on

2022-08-08 14:46:28 - [MESSAGE][PASSED] - Object: 'Object Repository/2-OBJECTS TAREAS SECUNDARIAS/Pruebas planta personal/Acto_administrativo-Traslado_puesto/a_Continuar' is clicked on

2022-08-08 14:46:28 - [TEST_STEP][PASSED] - click(findTestObject("2-OBJECTS TAREAS SECUNDARIAS/Pruebas planta personal/Acto_administrativo-Traslado_puesto/td")): Object: 'Object Repository/2-OBJECTS TAREAS SECUNDARIAS/Pruebas planta personal/Acto_administrativo-Traslado_puesto/td' is clicked on

2022-08-08 14:46:29 - [MESSAGE][PASSED] - Object: 'Object Repository/2-OBJECTS TAREAS SECUNDARIAS/Pruebas planta personal/Acto_administrativo-Traslado_puesto/td' is clicked on

2022-08-08 14:46:29 - [TEST_STEP][PASSED] - click(findTestObject("2-OBJECTS TAREAS SECUNDARIAS/Pruebas planta personal/Acto_administrativo-Traslado_puesto/a_Continuar")): Object: 'Object Repository/2-OBJECTS TAREAS SECUNDARIAS/Pruebas planta personal/Acto_administrativo-Traslado_puesto/a_Continuar' is clicked on

2022-08-08 14:46:30 - [MESSAGE][PASSED] - Object: 'Object Repository/2-OBJECTS TAREAS SECUNDARIAS/Pruebas planta personal/Acto_administrativo-Traslado_puesto/a_Continuar' is clicked on

2022-08-08 14:46:30 - [TEST_STEP][FAILED] - click(findTestObject("2-OBJECTS TAREAS SECUNDARIAS/Pruebas planta personal/Acto_administrativo-Traslado_puesto/a_Aplicar")): Unable to click on object 'Object Repository/2-OBJECTS TAREAS SECUNDARIAS/Pruebas planta personal/Acto_administrativo-Traslado_puesto/a_Aplicar' (Root cause: com.kms.katalon.core.exception.StepFailedException: Unable to click on object 'Object Repository/2-OBJECTS TAREAS SECUNDARIAS/Pruebas planta personal/Acto_administrativo-Traslado_puesto/a_Aplicar'
	at com.kms.katalon.core.webui.keyword.internal.WebUIKeywordMain.stepFailed(WebUIKeywordMain.groovy:64)
	at com.kms.katalon.core.webui.keyword.internal.WebUIKeywordMain.runKeyword(WebUIKeywordMain.groovy:26)
	at com.kms.katalon.core.webui.keyword.builtin.ClickKeyword.click(ClickKeyword.groovy:74)
	at com.kms.katalon.core.webui.keyword.builtin.ClickKeyword.execute(ClickKeyword.groovy:40)
	at com.kms.katalon.core.keyword.internal.KeywordExecutor.executeKeywordForPlatform(KeywordExecutor.groovy:74)
	at com.kms.katalon.core.webui.keyword.WebUiBuiltInKeywords.click(WebUiBuiltInKeywords.groovy:620)
	at com.kms.katalon.core.webui.keyword.WebUiBuiltInKeywords$click$5.call(Unknown Source)
	at 12.2.9-Acto_administrativo-Traslado_puesto.run(12.2.9-Acto_administrativo-Traslado_puesto:77)
	at com.kms.katalon.core.main.ScriptEngine.run(ScriptEngine.java:194)
	at com.kms.katalon.core.main.ScriptEngine.runScriptAsRawText(ScriptEngine.java:119)
	at com.kms.katalon.core.main.TestCaseExecutor.runScript(TestCaseExecutor.java:445)
	at com.kms.katalon.core.main.TestCaseExecutor.doExecute(TestCaseExecutor.java:436)
	at com.kms.katalon.core.main.TestCaseExecutor.processExecutionPhase(TestCaseExecutor.java:415)
	at com.kms.katalon.core.main.TestCaseExecutor.accessMainPhase(TestCaseExecutor.java:407)
	at com.kms.katalon.core.main.TestCaseExecutor.execute(TestCaseExecutor.java:284)
	at com.kms.katalon.core.common.CommonExecutor.accessTestCaseMainPhase(CommonExecutor.java:65)
	at com.kms.katalon.core.main.TestSuiteExecutor.accessTestSuiteMainPhase(TestSuiteExecutor.java:144)
	at com.kms.katalon.core.main.TestSuiteExecutor.execute(TestSuiteExecutor.java:106)
	at com.kms.katalon.core.main.TestCaseMain.startTestSuite(TestCaseMain.java:185)
	at com.kms.katalon.core.main.TestCaseMain$startTestSuite$0.call(Unknown Source)
	at TempTestSuite1659987462795.run(TempTestSuite1659987462795.groovy:36)
Caused by: com.kms.katalon.core.webui.exception.WebElementNotFoundException: Web element with id: 'Object Repository/2-OBJECTS TAREAS SECUNDARIAS/Pruebas planta personal/Acto_administrativo-Traslado_puesto/a_Aplicar' located by '(//a[contains(text(),'Aplicar')])[2]' not found
	at com.kms.katalon.core.webui.common.WebUiCommonHelper.findWebElement(WebUiCommonHelper.java:1370)
	at com.kms.katalon.core.webui.keyword.internal.WebUIAbstractKeyword.findWebElement(WebUIAbstractKeyword.groovy:27)
	at com.kms.katalon.core.webui.keyword.builtin.ClickKeyword$_click_closure1.doCall(ClickKeyword.groovy:65)
	at com.kms.katalon.core.webui.keyword.builtin.ClickKeyword$_click_closure1.call(ClickKeyword.groovy)
	at com.kms.katalon.core.webui.keyword.internal.WebUIKeywordMain.runKeyword(WebUIKeywordMain.groovy:20)
	at com.kms.katalon.core.webui.keyword.builtin.ClickKeyword.click(ClickKeyword.groovy:74)
	at com.kms.katalon.core.webui.keyword.builtin.ClickKeyword.execute(ClickKeyword.groovy:40)
	at com.kms.katalon.core.keyword.internal.KeywordExecutor.executeKeywordForPlatform(KeywordExecutor.groovy:74)
	at com.kms.katalon.core.webui.keyword.WebUiBuiltInKeywords.click(WebUiBuiltInKeywords.groovy:620)
	at com.kms.katalon.core.webui.keyword.WebUiBuiltInKeywords$click$5.call(Unknown Source)
	at Script1648474008130.run(Script1648474008130.groovy:77)
	... 13 more
)

2022-08-08 14:47:08 - [MESSAGE][INFO] - Unable to find the element located by 'By.xpath: (//a[contains(text(),'Aplicar')])[2]'. Please recheck the objects properties to make sure the desired element is located. 

2022-08-08 14:47:08 - [MESSAGE][FAILED] - Unable to click on object 'Object Repository/2-OBJECTS TAREAS SECUNDARIAS/Pruebas planta personal/Acto_administrativo-Traslado_puesto/a_Aplicar' (Root cause: com.kms.katalon.core.exception.StepFailedException: Unable to click on object 'Object Repository/2-OBJECTS TAREAS SECUNDARIAS/Pruebas planta personal/Acto_administrativo-Traslado_puesto/a_Aplicar'
	at com.kms.katalon.core.webui.keyword.internal.WebUIKeywordMain.stepFailed(WebUIKeywordMain.groovy:64)
	at com.kms.katalon.core.webui.keyword.internal.WebUIKeywordMain.runKeyword(WebUIKeywordMain.groovy:26)
	at com.kms.katalon.core.webui.keyword.builtin.ClickKeyword.click(ClickKeyword.groovy:74)
	at com.kms.katalon.core.webui.keyword.builtin.ClickKeyword.execute(ClickKeyword.groovy:40)
	at com.kms.katalon.core.keyword.internal.KeywordExecutor.executeKeywordForPlatform(KeywordExecutor.groovy:74)
	at com.kms.katalon.core.webui.keyword.WebUiBuiltInKeywords.click(WebUiBuiltInKeywords.groovy:620)
	at com.kms.katalon.core.webui.keyword.WebUiBuiltInKeywords$click$5.call(Unknown Source)
	at 12.2.9-Acto_administrativo-Traslado_puesto.run(12.2.9-Acto_administrativo-Traslado_puesto:77)
	at com.kms.katalon.core.main.ScriptEngine.run(ScriptEngine.java:194)
	at com.kms.katalon.core.main.ScriptEngine.runScriptAsRawText(ScriptEngine.java:119)
	at com.kms.katalon.core.main.TestCaseExecutor.runScript(TestCaseExecutor.java:445)
	at com.kms.katalon.core.main.TestCaseExecutor.doExecute(TestCaseExecutor.java:436)
	at com.kms.katalon.core.main.TestCaseExecutor.processExecutionPhase(TestCaseExecutor.java:415)
	at com.kms.katalon.core.main.TestCaseExecutor.accessMainPhase(TestCaseExecutor.java:407)
	at com.kms.katalon.core.main.TestCaseExecutor.execute(TestCaseExecutor.java:284)
	at com.kms.katalon.core.common.CommonExecutor.accessTestCaseMainPhase(CommonExecutor.java:65)
	at com.kms.katalon.core.main.TestSuiteExecutor.accessTestSuiteMainPhase(TestSuiteExecutor.java:144)
	at com.kms.katalon.core.main.TestSuiteExecutor.execute(TestSuiteExecutor.java:106)
	at com.kms.katalon.core.main.TestCaseMain.startTestSuite(TestCaseMain.java:185)
	at com.kms.katalon.core.main.TestCaseMain$startTestSuite$0.call(Unknown Source)
	at TempTestSuite1659987462795.run(TempTestSuite1659987462795.groovy:36)
Caused by: com.kms.katalon.core.webui.exception.WebElementNotFoundException: Web element with id: 'Object Repository/2-OBJECTS TAREAS SECUNDARIAS/Pruebas planta personal/Acto_administrativo-Traslado_puesto/a_Aplicar' located by '(//a[contains(text(),'Aplicar')])[2]' not found
	at com.kms.katalon.core.webui.common.WebUiCommonHelper.findWebElement(WebUiCommonHelper.java:1370)
	at com.kms.katalon.core.webui.keyword.internal.WebUIAbstractKeyword.findWebElement(WebUIAbstractKeyword.groovy:27)
	at com.kms.katalon.core.webui.keyword.builtin.ClickKeyword$_click_closure1.doCall(ClickKeyword.groovy:65)
	at com.kms.katalon.core.webui.keyword.builtin.ClickKeyword$_click_closure1.call(ClickKeyword.groovy)
	at com.kms.katalon.core.webui.keyword.internal.WebUIKeywordMain.runKeyword(WebUIKeywordMain.groovy:20)
	at com.kms.katalon.core.webui.keyword.builtin.ClickKeyword.click(ClickKeyword.groovy:74)
	at com.kms.katalon.core.webui.keyword.builtin.ClickKeyword.execute(ClickKeyword.groovy:40)
	at com.kms.katalon.core.keyword.internal.KeywordExecutor.executeKeywordForPlatform(KeywordExecutor.groovy:74)
	at com.kms.katalon.core.webui.keyword.WebUiBuiltInKeywords.click(WebUiBuiltInKeywords.groovy:620)
	at com.kms.katalon.core.webui.keyword.WebUiBuiltInKeywords$click$5.call(Unknown Source)
	at Script1648474008130.run(Script1648474008130.groovy:77)
	... 13 more
)
[[ATTACHMENT|C:\\Users\\diego.rojas\\git\\Pruebas-Minimas\\Reports\\20220808_143742\\Test_Suite_Secundaria\\A2-Pruebas_Planta_Personal\\20220808_143742\\1659988028273.png]]]]></system-out>
         <system-err><![CDATA[2022-08-08 14:46:09 - [TEST_CASE][FAILED] - Test Cases/1.2-Tareas_Secundarias/A.2-Pruebas_planta_personal/12.2.9-Acto_administrativo-Traslado_puesto: Test Cases/1.2-Tareas_Secundarias/A.2-Pruebas_planta_personal/12.2.9-Acto_administrativo-Traslado_puesto FAILED.
Reason:
com.kms.katalon.core.exception.StepFailedException: Unable to click on object 'Object Repository/2-OBJECTS TAREAS SECUNDARIAS/Pruebas planta personal/Acto_administrativo-Traslado_puesto/a_Aplicar'
	at com.kms.katalon.core.webui.keyword.internal.WebUIKeywordMain.stepFailed(WebUIKeywordMain.groovy:64)
	at com.kms.katalon.core.webui.keyword.internal.WebUIKeywordMain.runKeyword(WebUIKeywordMain.groovy:26)
	at com.kms.katalon.core.webui.keyword.builtin.ClickKeyword.click(ClickKeyword.groovy:74)
	at com.kms.katalon.core.webui.keyword.builtin.ClickKeyword.execute(ClickKeyword.groovy:40)
	at com.kms.katalon.core.keyword.internal.KeywordExecutor.executeKeywordForPlatform(KeywordExecutor.groovy:74)
	at com.kms.katalon.core.webui.keyword.WebUiBuiltInKeywords.click(WebUiBuiltInKeywords.groovy:620)
	at com.kms.katalon.core.webui.keyword.WebUiBuiltInKeywords$click$5.call(Unknown Source)
	at 12.2.9-Acto_administrativo-Traslado_puesto.run(12.2.9-Acto_administrativo-Traslado_puesto:77)
	at com.kms.katalon.core.main.ScriptEngine.run(ScriptEngine.java:194)
	at com.kms.katalon.core.main.ScriptEngine.runScriptAsRawText(ScriptEngine.java:119)
	at com.kms.katalon.core.main.TestCaseExecutor.runScript(TestCaseExecutor.java:445)
	at com.kms.katalon.core.main.TestCaseExecutor.doExecute(TestCaseExecutor.java:436)
	at com.kms.katalon.core.main.TestCaseExecutor.processExecutionPhase(TestCaseExecutor.java:415)
	at com.kms.katalon.core.main.TestCaseExecutor.accessMainPhase(TestCaseExecutor.java:407)
	at com.kms.katalon.core.main.TestCaseExecutor.execute(TestCaseExecutor.java:284)
	at com.kms.katalon.core.common.CommonExecutor.accessTestCaseMainPhase(CommonExecutor.java:65)
	at com.kms.katalon.core.main.TestSuiteExecutor.accessTestSuiteMainPhase(TestSuiteExecutor.java:144)
	at com.kms.katalon.core.main.TestSuiteExecutor.execute(TestSuiteExecutor.java:106)
	at com.kms.katalon.core.main.TestCaseMain.startTestSuite(TestCaseMain.java:185)
	at com.kms.katalon.core.main.TestCaseMain$startTestSuite$0.call(Unknown Source)
	at TempTestSuite1659987462795.run(TempTestSuite1659987462795.groovy:36)
Caused by: com.kms.katalon.core.webui.exception.WebElementNotFoundException: Web element with id: 'Object Repository/2-OBJECTS TAREAS SECUNDARIAS/Pruebas planta personal/Acto_administrativo-Traslado_puesto/a_Aplicar' located by '(//a[contains(text(),'Aplicar')])[2]' not found
	at com.kms.katalon.core.webui.common.WebUiCommonHelper.findWebElement(WebUiCommonHelper.java:1370)
	at com.kms.katalon.core.webui.keyword.internal.WebUIAbstractKeyword.findWebElement(WebUIAbstractKeyword.groovy:27)
	at com.kms.katalon.core.webui.keyword.builtin.ClickKeyword$_click_closure1.doCall(ClickKeyword.groovy:65)
	at com.kms.katalon.core.webui.keyword.builtin.ClickKeyword$_click_closure1.call(ClickKeyword.groovy)
	at com.kms.katalon.core.webui.keyword.internal.WebUIKeywordMain.runKeyword(WebUIKeywordMain.groovy:20)
	... 19 more]]></system-err>
      </testcase>
      <system-out><![CDATA[2022-08-08 14:37:51 - [TEST_SUITE][FAILED] - A2-Pruebas_Planta_Personal: Test Cases/1.2-Tareas_Secundarias/A.2-Pruebas_planta_personal/12.2.1-Crear_descripción_del_cargo FAILED.
Reason:
com.kms.katalon.core.exception.StepFailedException: Unable to set text 'pruebas k' of object 'Object Repository/2-OBJECTS TAREAS SECUNDARIAS/Pruebas planta personal/Crear_descripción_del_cargo/textarea__descripcionCargo_formj_idt15140idTexto5'
	at com.kms.katalon.core.webui.keyword.internal.WebUIKeywordMain.stepFailed(WebUIKeywordMain.groovy:64)
	at com.kms.katalon.core.webui.keyword.internal.WebUIKeywordMain.runKeyword(WebUIKeywordMain.groovy:26)
	at com.kms.katalon.core.webui.keyword.builtin.SetTextKeyword.setText(SetTextKeyword.groovy:66)
	at com.kms.katalon.core.webui.keyword.builtin.SetTextKeyword.execute(SetTextKeyword.groovy:37)
	at com.kms.katalon.core.keyword.internal.KeywordExecutor.executeKeywordForPlatform(KeywordExecutor.groovy:74)
	at com.kms.katalon.core.webui.keyword.WebUiBuiltInKeywords.setText(WebUiBuiltInKeywords.groovy:980)
	at com.kms.katalon.core.webui.keyword.WebUiBuiltInKeywords$setText$2.call(Unknown Source)
	at 12.2.1-Crear_descripción_del_cargo.run(12.2.1-Crear_descripción_del_cargo:28)
	at com.kms.katalon.core.main.ScriptEngine.run(ScriptEngine.java:194)
	at com.kms.katalon.core.main.ScriptEngine.runScriptAsRawText(ScriptEngine.java:119)
	at com.kms.katalon.core.main.TestCaseExecutor.runScript(TestCaseExecutor.java:445)
	at com.kms.katalon.core.main.TestCaseExecutor.doExecute(TestCaseExecutor.java:436)
	at com.kms.katalon.core.main.TestCaseExecutor.processExecutionPhase(TestCaseExecutor.java:415)
	at com.kms.katalon.core.main.TestCaseExecutor.accessMainPhase(TestCaseExecutor.java:407)
	at com.kms.katalon.core.main.TestCaseExecutor.execute(TestCaseExecutor.java:284)
	at com.kms.katalon.core.common.CommonExecutor.accessTestCaseMainPhase(CommonExecutor.java:65)
	at com.kms.katalon.core.main.TestSuiteExecutor.accessTestSuiteMainPhase(TestSuiteExecutor.java:144)
	at com.kms.katalon.core.main.TestSuiteExecutor.execute(TestSuiteExecutor.java:106)
	at com.kms.katalon.core.main.TestCaseMain.startTestSuite(TestCaseMain.java:185)
	at com.kms.katalon.core.main.TestCaseMain$startTestSuite$0.call(Unknown Source)
	at TempTestSuite1659987462795.run(TempTestSuite1659987462795.groovy:36)
Caused by: com.kms.katalon.core.webui.exception.WebElementNotFoundException: Web element with id: 'Object Repository/2-OBJECTS TAREAS SECUNDARIAS/Pruebas planta personal/Crear_descripción_del_cargo/textarea__descripcionCargo_formj_idt15140idTexto5' located by '//textarea' not found
	at com.kms.katalon.core.webui.common.WebUiCommonHelper.findWebElement(WebUiCommonHelper.java:1370)
	at com.kms.katalon.core.webui.keyword.internal.WebUIAbstractKeyword.findWebElement(WebUIAbstractKeyword.groovy:27)
	at com.kms.katalon.core.webui.keyword.internal.WebUIAbstractKeyword.findWebElement(WebUIAbstractKeyword.groovy:26)
	at com.kms.katalon.core.webui.keyword.builtin.SetTextKeyword$_setText_closure1.doCall(SetTextKeyword.groovy:51)
	at com.kms.katalon.core.webui.keyword.builtin.SetTextKeyword$_setText_closure1.call(SetTextKeyword.groovy)
	at com.kms.katalon.core.webui.keyword.internal.WebUIKeywordMain.runKeyword(WebUIKeywordMain.groovy:20)
	... 19 more]]></system-out>
      <system-err><![CDATA[2022-08-08 14:37:51 - [TEST_SUITE][FAILED] - A2-Pruebas_Planta_Personal: Test Cases/1.2-Tareas_Secundarias/A.2-Pruebas_planta_personal/12.2.1-Crear_descripción_del_cargo FAILED.
Reason:
com.kms.katalon.core.exception.StepFailedException: Unable to set text 'pruebas k' of object 'Object Repository/2-OBJECTS TAREAS SECUNDARIAS/Pruebas planta personal/Crear_descripción_del_cargo/textarea__descripcionCargo_formj_idt15140idTexto5'
	at com.kms.katalon.core.webui.keyword.internal.WebUIKeywordMain.stepFailed(WebUIKeywordMain.groovy:64)
	at com.kms.katalon.core.webui.keyword.internal.WebUIKeywordMain.runKeyword(WebUIKeywordMain.groovy:26)
	at com.kms.katalon.core.webui.keyword.builtin.SetTextKeyword.setText(SetTextKeyword.groovy:66)
	at com.kms.katalon.core.webui.keyword.builtin.SetTextKeyword.execute(SetTextKeyword.groovy:37)
	at com.kms.katalon.core.keyword.internal.KeywordExecutor.executeKeywordForPlatform(KeywordExecutor.groovy:74)
	at com.kms.katalon.core.webui.keyword.WebUiBuiltInKeywords.setText(WebUiBuiltInKeywords.groovy:980)
	at com.kms.katalon.core.webui.keyword.WebUiBuiltInKeywords$setText$2.call(Unknown Source)
	at 12.2.1-Crear_descripción_del_cargo.run(12.2.1-Crear_descripción_del_cargo:28)
	at com.kms.katalon.core.main.ScriptEngine.run(ScriptEngine.java:194)
	at com.kms.katalon.core.main.ScriptEngine.runScriptAsRawText(ScriptEngine.java:119)
	at com.kms.katalon.core.main.TestCaseExecutor.runScript(TestCaseExecutor.java:445)
	at com.kms.katalon.core.main.TestCaseExecutor.doExecute(TestCaseExecutor.java:436)
	at com.kms.katalon.core.main.TestCaseExecutor.processExecutionPhase(TestCaseExecutor.java:415)
	at com.kms.katalon.core.main.TestCaseExecutor.accessMainPhase(TestCaseExecutor.java:407)
	at com.kms.katalon.core.main.TestCaseExecutor.execute(TestCaseExecutor.java:284)
	at com.kms.katalon.core.common.CommonExecutor.accessTestCaseMainPhase(CommonExecutor.java:65)
	at com.kms.katalon.core.main.TestSuiteExecutor.accessTestSuiteMainPhase(TestSuiteExecutor.java:144)
	at com.kms.katalon.core.main.TestSuiteExecutor.execute(TestSuiteExecutor.java:106)
	at com.kms.katalon.core.main.TestCaseMain.startTestSuite(TestCaseMain.java:185)
	at com.kms.katalon.core.main.TestCaseMain$startTestSuite$0.call(Unknown Source)
	at TempTestSuite1659987462795.run(TempTestSuite1659987462795.groovy:36)
Caused by: com.kms.katalon.core.webui.exception.WebElementNotFoundException: Web element with id: 'Object Repository/2-OBJECTS TAREAS SECUNDARIAS/Pruebas planta personal/Crear_descripción_del_cargo/textarea__descripcionCargo_formj_idt15140idTexto5' located by '//textarea' not found
	at com.kms.katalon.core.webui.common.WebUiCommonHelper.findWebElement(WebUiCommonHelper.java:1370)
	at com.kms.katalon.core.webui.keyword.internal.WebUIAbstractKeyword.findWebElement(WebUIAbstractKeyword.groovy:27)
	at com.kms.katalon.core.webui.keyword.internal.WebUIAbstractKeyword.findWebElement(WebUIAbstractKeyword.groovy:26)
	at com.kms.katalon.core.webui.keyword.builtin.SetTextKeyword$_setText_closure1.doCall(SetTextKeyword.groovy:51)
	at com.kms.katalon.core.webui.keyword.builtin.SetTextKeyword$_setText_closure1.call(SetTextKeyword.groovy)
	at com.kms.katalon.core.webui.keyword.internal.WebUIKeywordMain.runKeyword(WebUIKeywordMain.groovy:20)
	... 19 more]]></system-err>
   </testsuite>
</testsuites>
